<?xml version="1.0" encoding="UTF-8"?>
<testsuite xmlns:xsi="http://www.w3.org/2001/XMLSchema-instance" xsi:noNamespaceSchemaLocation="https://maven.apache.org/surefire/maven-surefire-plugin/xsd/surefire-test-report.xsd" name="org.apache.hadoop.ozone.om.TestOzoneManagerPrepare" time="292.157" tests="6" errors="1" skipped="1" failures="0">
  <properties>
    <property name="awt.toolkit" value="sun.awt.X11.XToolkit"/>
    <property name="file.encoding.pkg" value="sun.io"/>
    <property name="java.specification.version" value="1.8"/>
    <property name="sun.cpu.isalist" value=""/>
    <property name="sun.jnu.encoding" value="UTF-8"/>
    <property name="java.class.path" value="/home/runner/work/ozone/ozone/hadoop-ozone/integration-test/target/test-classes:/home/runner/work/ozone/ozone/hadoop-ozone/integration-test/target/classes:/home/runner/.m2/repository/org/apache/ozone/ozone-common/1.3.0-SNAPSHOT/ozone-common-1.3.0-SNAPSHOT.jar:/home/runner/.m2/repository/org/apache/commons/commons-compress/1.21/commons-compress-1.21.jar:/home/runner/.m2/repository/org/apache/ozone/hdds-common/1.3.0-SNAPSHOT/hdds-common-1.3.0-SNAPSHOT.jar:/home/runner/.m2/repository/org/apache/ozone/hdds-client/1.3.0-SNAPSHOT/hdds-client-1.3.0-SNAPSHOT.jar:/home/runner/.m2/repository/org/apache/ozone/ozone-interface-client/1.3.0-SNAPSHOT/ozone-interface-client-1.3.0-SNAPSHOT.jar:/home/runner/.m2/repository/org/apache/ozone/hdds-test-utils/1.3.0-SNAPSHOT/hdds-test-utils-1.3.0-SNAPSHOT.jar:/home/runner/.m2/repository/com/google/guava/guava/30.1.1-jre/guava-30.1.1-jre.jar:/home/runner/.m2/repository/com/google/guava/failureaccess/1.0.1/failureaccess-1.0.1.jar:/home/runner/.m2/repository/com/google/guava/listenablefuture/9999.0-empty-to-avoid-conflict-with-guava/listenablefuture-9999.0-empty-to-avoid-conflict-with-guava.jar:/home/runner/.m2/repository/com/google/code/findbugs/jsr305/3.0.0/jsr305-3.0.0.jar:/home/runner/.m2/repository/org/checkerframework/checker-qual/3.8.0/checker-qual-3.8.0.jar:/home/runner/.m2/repository/com/google/errorprone/error_prone_annotations/2.2.0/error_prone_annotations-2.2.0.jar:/home/runner/.m2/repository/com/google/j2objc/j2objc-annotations/1.3/j2objc-annotations-1.3.jar:/home/runner/.m2/repository/commons-io/commons-io/2.11.0/commons-io-2.11.0.jar:/home/runner/.m2/repository/commons-logging/commons-logging/1.2/commons-logging-1.2.jar:/home/runner/.m2/repository/log4j/log4j/1.2.17/log4j-1.2.17.jar:/home/runner/.m2/repository/org/slf4j/slf4j-api/1.7.30/slf4j-api-1.7.30.jar:/home/runner/.m2/repository/org/apache/ozone/hdds-server-scm/1.3.0-SNAPSHOT/hdds-server-scm-1.3.0-SNAPSHOT.jar:/home/runner/.m2/repository/org/apache/ozone/hdds-container-service/1.3.0-SNAPSHOT/hdds-container-service-1.3.0-SNAPSHOT.jar:/home/runner/.m2/repository/org/apache/ozone/hdds-hadoop-dependency-server/1.3.0-SNAPSHOT/hdds-hadoop-dependency-server-1.3.0-SNAPSHOT.jar:/home/runner/.m2/repository/org/apache/hadoop/hadoop-hdfs/3.3.1/hadoop-hdfs-3.3.1.jar:/home/runner/.m2/repository/org/apache/ozone/hdds-server-framework/1.3.0-SNAPSHOT/hdds-server-framework-1.3.0-SNAPSHOT.jar:/home/runner/.m2/repository/org/apache/ozone/hdds-interface-server/1.3.0-SNAPSHOT/hdds-interface-server-1.3.0-SNAPSHOT.jar:/home/runner/.m2/repository/org/eclipse/jetty/jetty-servlet/9.4.43.v20210629/jetty-servlet-9.4.43.v20210629.jar:/home/runner/.m2/repository/org/eclipse/jetty/jetty-security/9.4.43.v20210629/jetty-security-9.4.43.v20210629.jar:/home/runner/.m2/repository/org/rocksdb/rocksdbjni/6.25.3/rocksdbjni-6.25.3.jar:/home/runner/.m2/repository/io/prometheus/simpleclient_dropwizard/0.7.0/simpleclient_dropwizard-0.7.0.jar:/home/runner/.m2/repository/io/prometheus/simpleclient/0.7.0/simpleclient-0.7.0.jar:/home/runner/.m2/repository/io/prometheus/simpleclient_common/0.7.0/simpleclient_common-0.7.0.jar:/home/runner/.m2/repository/com/fasterxml/jackson/datatype/jackson-datatype-jsr310/2.12.1/jackson-datatype-jsr310-2.12.1.jar:/home/runner/.m2/repository/io/dropwizard/metrics/metrics-core/3.2.4/metrics-core-3.2.4.jar:/home/runner/.m2/repository/org/apache/hadoop/hadoop-hdfs-client/3.3.1/hadoop-hdfs-client-3.3.1.jar:/home/runner/.m2/repository/org/bouncycastle/bcprov-jdk15on/1.67/bcprov-jdk15on-1.67.jar:/home/runner/.m2/repository/com/google/protobuf/protobuf-java/2.5.0/protobuf-java-2.5.0.jar:/home/runner/.m2/repository/org/apache/ozone/ozone-manager/1.3.0-SNAPSHOT/ozone-manager-1.3.0-SNAPSHOT.jar:/home/runner/.m2/repository/org/aspectj/aspectjrt/1.9.7/aspectjrt-1.9.7.jar:/home/runner/.m2/repository/org/aspectj/aspectjweaver/1.9.7/aspectjweaver-1.9.7.jar:/home/runner/.m2/repository/org/apache/ozone/hdds-interface-client/1.3.0-SNAPSHOT/hdds-interface-client-1.3.0-SNAPSHOT.jar:/home/runner/.m2/repository/org/apache/hadoop/thirdparty/hadoop-shaded-protobuf_3_7/1.1.1/hadoop-shaded-protobuf_3_7-1.1.1.jar:/home/runner/.m2/repository/org/apache/ozone/ozone-interface-storage/1.3.0-SNAPSHOT/ozone-interface-storage-1.3.0-SNAPSHOT.jar:/home/runner/.m2/repository/org/reflections/reflections/0.9.11/reflections-0.9.11.jar:/home/runner/.m2/repository/org/apache/hadoop/hadoop-minikdc/3.3.1/hadoop-minikdc-3.3.1.jar:/home/runner/.m2/repository/org/apache/kerby/kerb-simplekdc/1.0.1/kerb-simplekdc-1.0.1.jar:/home/runner/.m2/repository/org/apache/kerby/kerb-client/1.0.1/kerb-client-1.0.1.jar:/home/runner/.m2/repository/org/apache/kerby/kerby-config/1.0.1/kerby-config-1.0.1.jar:/home/runner/.m2/repository/org/apache/kerby/kerb-common/1.0.1/kerb-common-1.0.1.jar:/home/runner/.m2/repository/org/apache/kerby/kerb-crypto/1.0.1/kerb-crypto-1.0.1.jar:/home/runner/.m2/repository/org/apache/kerby/kerb-util/1.0.1/kerb-util-1.0.1.jar:/home/runner/.m2/repository/org/apache/kerby/token-provider/1.0.1/token-provider-1.0.1.jar:/home/runner/.m2/repository/org/apache/kerby/kerb-admin/1.0.1/kerb-admin-1.0.1.jar:/home/runner/.m2/repository/org/apache/kerby/kerb-server/1.0.1/kerb-server-1.0.1.jar:/home/runner/.m2/repository/org/apache/kerby/kerb-identity/1.0.1/kerb-identity-1.0.1.jar:/home/runner/.m2/repository/org/apache/kerby/kerby-xdr/1.0.1/kerby-xdr-1.0.1.jar:/home/runner/.m2/repository/org/slf4j/slf4j-log4j12/1.7.30/slf4j-log4j12-1.7.30.jar:/home/runner/.m2/repository/org/apache/ozone/ozone-s3gateway/1.3.0-SNAPSHOT/ozone-s3gateway-1.3.0-SNAPSHOT.jar:/home/runner/.m2/repository/org/javassist/javassist/3.21.0-GA/javassist-3.21.0-GA.jar:/home/runner/.m2/repository/org/jboss/weld/servlet/weld-servlet/2.4.7.Final/weld-servlet-2.4.7.Final.jar:/home/runner/.m2/repository/org/glassfish/jersey/containers/jersey-container-servlet-core/2.33/jersey-container-servlet-core-2.33.jar:/home/runner/.m2/repository/org/glassfish/hk2/external/jakarta.inject/2.6.1/jakarta.inject-2.6.1.jar:/home/runner/.m2/repository/org/glassfish/jersey/core/jersey-common/2.33/jersey-common-2.33.jar:/home/runner/.m2/repository/jakarta/ws/rs/jakarta.ws.rs-api/2.1.6/jakarta.ws.rs-api-2.1.6.jar:/home/runner/.m2/repository/org/glassfish/jersey/ext/cdi/jersey-cdi1x/2.33/jersey-cdi1x-2.33.jar:/home/runner/.m2/repository/org/glassfish/jersey/inject/jersey-hk2/2.33/jersey-hk2-2.33.jar:/home/runner/.m2/repository/org/glassfish/hk2/hk2-locator/2.6.1/hk2-locator-2.6.1.jar:/home/runner/.m2/repository/org/glassfish/jersey/media/jersey-media-jaxb/2.33/jersey-media-jaxb-2.33.jar:/home/runner/.m2/repository/org/glassfish/hk2/osgi-resource-locator/1.0.3/osgi-resource-locator-1.0.3.jar:/home/runner/.m2/repository/org/glassfish/hk2/hk2-api/2.5.0/hk2-api-2.5.0.jar:/home/runner/.m2/repository/org/glassfish/hk2/hk2-utils/2.5.0/hk2-utils-2.5.0.jar:/home/runner/.m2/repository/org/glassfish/hk2/external/aopalliance-repackaged/2.5.0/aopalliance-repackaged-2.5.0.jar:/home/runner/.m2/repository/com/fasterxml/jackson/dataformat/jackson-dataformat-xml/2.12.1/jackson-dataformat-xml-2.12.1.jar:/home/runner/.m2/repository/com/fasterxml/jackson/core/jackson-core/2.12.1/jackson-core-2.12.1.jar:/home/runner/.m2/repository/com/fasterxml/jackson/module/jackson-module-jaxb-annotations/2.12.1/jackson-module-jaxb-annotations-2.12.1.jar:/home/runner/.m2/repository/jakarta/xml/bind/jakarta.xml.bind-api/2.3.2/jakarta.xml.bind-api-2.3.2.jar:/home/runner/.m2/repository/org/codehaus/woodstox/stax2-api/3.1.4/stax2-api-3.1.4.jar:/home/runner/.m2/repository/com/fasterxml/woodstox/woodstox-core/5.0.3/woodstox-core-5.0.3.jar:/home/runner/.m2/repository/javax/enterprise/cdi-api/1.2/cdi-api-1.2.jar:/home/runner/.m2/repository/javax/el/javax.el-api/3.0.0/javax.el-api-3.0.0.jar:/home/runner/.m2/repository/javax/interceptor/javax.interceptor-api/1.2/javax.interceptor-api-1.2.jar:/home/runner/.m2/repository/javax/inject/javax.inject/1/javax.inject-1.jar:/home/runner/.m2/repository/javax/xml/bind/jaxb-api/2.3.0/jaxb-api-2.3.0.jar:/home/runner/.m2/repository/org/glassfish/jaxb/jaxb-runtime/2.3.0.1/jaxb-runtime-2.3.0.1.jar:/home/runner/.m2/repository/org/glassfish/jaxb/jaxb-core/2.3.0.1/jaxb-core-2.3.0.1.jar:/home/runner/.m2/repository/org/glassfish/jaxb/txw2/2.3.0.1/txw2-2.3.0.1.jar:/home/runner/.m2/repository/com/sun/istack/istack-commons-runtime/3.0.5/istack-commons-runtime-3.0.5.jar:/home/runner/.m2/repository/org/jvnet/staxex/stax-ex/1.7.8/stax-ex-1.7.8.jar:/home/runner/.m2/repository/com/sun/xml/fastinfoset/FastInfoset/1.2.13/FastInfoset-1.2.13.jar:/home/runner/.m2/repository/javax/activation/activation/1.1.1/activation-1.1.1.jar:/home/runner/.m2/repository/org/apache/ozone/ozone-csi/1.3.0-SNAPSHOT/ozone-csi-1.3.0-SNAPSHOT.jar:/home/runner/.m2/repository/com/google/protobuf/protobuf-java-util/3.12.0/protobuf-java-util-3.12.0.jar:/home/runner/.m2/repository/com/google/code/gson/gson/2.2.4/gson-2.2.4.jar:/home/runner/.m2/repository/org/apache/ozone/hdds-config/1.3.0-SNAPSHOT/hdds-config-1.3.0-SNAPSHOT.jar:/home/runner/.m2/repository/io/grpc/grpc-netty/1.33.0/grpc-netty-1.33.0.jar:/home/runner/.m2/repository/io/grpc/grpc-core/1.33.0/grpc-core-1.33.0.jar:/home/runner/.m2/repository/com/google/android/annotations/4.1.1.4/annotations-4.1.1.4.jar:/home/runner/.m2/repository/io/netty/netty-codec-http2/4.1.63.Final/netty-codec-http2-4.1.63.Final.jar:/home/runner/.m2/repository/io/netty/netty-codec-http/4.1.63.Final/netty-codec-http-4.1.63.Final.jar:/home/runner/.m2/repository/io/netty/netty-handler-proxy/4.1.63.Final/netty-handler-proxy-4.1.63.Final.jar:/home/runner/.m2/repository/io/netty/netty-codec-socks/4.1.63.Final/netty-codec-socks-4.1.63.Final.jar:/home/runner/.m2/repository/io/perfmark/perfmark-api/0.19.0/perfmark-api-0.19.0.jar:/home/runner/.m2/repository/org/codehaus/mojo/animal-sniffer-annotations/1.18/animal-sniffer-annotations-1.18.jar:/home/runner/.m2/repository/io/netty/netty-transport-native-epoll/4.1.63.Final/netty-transport-native-epoll-4.1.63.Final.jar:/home/runner/.m2/repository/io/netty/netty-common/4.1.63.Final/netty-common-4.1.63.Final.jar:/home/runner/.m2/repository/io/netty/netty-buffer/4.1.63.Final/netty-buffer-4.1.63.Final.jar:/home/runner/.m2/repository/io/netty/netty-transport-native-unix-common/4.1.63.Final/netty-transport-native-unix-common-4.1.63.Final.jar:/home/runner/.m2/repository/io/grpc/grpc-protobuf/1.33.0/grpc-protobuf-1.33.0.jar:/home/runner/.m2/repository/io/grpc/grpc-api/1.33.0/grpc-api-1.33.0.jar:/home/runner/.m2/repository/io/grpc/grpc-context/1.33.0/grpc-context-1.33.0.jar:/home/runner/.m2/repository/com/google/api/grpc/proto-google-common-protos/1.17.0/proto-google-common-protos-1.17.0.jar:/home/runner/.m2/repository/io/grpc/grpc-protobuf-lite/1.33.0/grpc-protobuf-lite-1.33.0.jar:/home/runner/.m2/repository/io/grpc/grpc-stub/1.33.0/grpc-stub-1.33.0.jar:/home/runner/.m2/repository/org/apache/ozone/ozone-recon/1.3.0-SNAPSHOT/ozone-recon-1.3.0-SNAPSHOT.jar:/home/runner/.m2/repository/org/apache/ozone/ozone-reconcodegen/1.3.0-SNAPSHOT/ozone-reconcodegen-1.3.0-SNAPSHOT.jar:/home/runner/.m2/repository/com/google/inject/extensions/guice-multibindings/4.0/guice-multibindings-4.0.jar:/home/runner/.m2/repository/com/google/inject/guice/4.0/guice-4.0.jar:/home/runner/.m2/repository/aopalliance/aopalliance/1.0/aopalliance-1.0.jar:/home/runner/.m2/repository/com/google/inject/extensions/guice-assistedinject/4.0/guice-assistedinject-4.0.jar:/home/runner/.m2/repository/com/google/inject/extensions/guice-servlet/4.0/guice-servlet-4.0.jar:/home/runner/.m2/repository/org/glassfish/jersey/containers/jersey-container-servlet/2.33/jersey-container-servlet-2.33.jar:/home/runner/.m2/repository/org/glassfish/hk2/guice-bridge/2.5.0/guice-bridge-2.5.0.jar:/home/runner/.m2/repository/org/glassfish/jersey/core/jersey-server/2.33/jersey-server-2.33.jar:/home/runner/.m2/repository/org/glassfish/jersey/core/jersey-client/2.33/jersey-client-2.33.jar:/home/runner/.m2/repository/jakarta/annotation/jakarta.annotation-api/1.3.5/jakarta.annotation-api-1.3.5.jar:/home/runner/.m2/repository/jakarta/validation/jakarta.validation-api/2.0.2/jakarta.validation-api-2.0.2.jar:/home/runner/.m2/repository/org/glassfish/jersey/media/jersey-media-json-jackson/2.33/jersey-media-json-jackson-2.33.jar:/home/runner/.m2/repository/org/glassfish/jersey/ext/jersey-entity-filtering/2.33/jersey-entity-filtering-2.33.jar:/home/runner/.m2/repository/org/jooq/jooq/3.11.10/jooq-3.11.10.jar:/home/runner/.m2/repository/org/jooq/jooq-meta/3.11.10/jooq-meta-3.11.10.jar:/home/runner/.m2/repository/org/jooq/jooq-codegen/3.11.10/jooq-codegen-3.11.10.jar:/home/runner/.m2/repository/com/jolbox/bonecp/0.8.0.RELEASE/bonecp-0.8.0.RELEASE.jar:/home/runner/.m2/repository/org/apache/derby/derby/10.14.2.0/derby-10.14.2.0.jar:/home/runner/.m2/repository/org/xerial/sqlite-jdbc/3.25.2/sqlite-jdbc-3.25.2.jar:/home/runner/.m2/repository/org/springframework/spring-jdbc/5.2.18.RELEASE/spring-jdbc-5.2.18.RELEASE.jar:/home/runner/.m2/repository/org/springframework/spring-beans/5.2.18.RELEASE/spring-beans-5.2.18.RELEASE.jar:/home/runner/.m2/repository/org/springframework/spring-core/5.2.18.RELEASE/spring-core-5.2.18.RELEASE.jar:/home/runner/.m2/repository/org/springframework/spring-jcl/5.2.18.RELEASE/spring-jcl-5.2.18.RELEASE.jar:/home/runner/.m2/repository/org/springframework/spring-tx/5.2.18.RELEASE/spring-tx-5.2.18.RELEASE.jar:/home/runner/.m2/repository/org/apache/ozone/ozone-client/1.3.0-SNAPSHOT/ozone-client-1.3.0-SNAPSHOT.jar:/home/runner/.m2/repository/org/apache/ozone/ozone-filesystem/1.3.0-SNAPSHOT/ozone-filesystem-1.3.0-SNAPSHOT.jar:/home/runner/.m2/repository/org/apache/ozone/ozone-filesystem-common/1.3.0-SNAPSHOT/ozone-filesystem-common-1.3.0-SNAPSHOT.jar:/home/runner/.m2/repository/org/apache/ozone/ozone-tools/1.3.0-SNAPSHOT/ozone-tools-1.3.0-SNAPSHOT.jar:/home/runner/.m2/repository/org/apache/ratis/ratis-tools/2.2.0/ratis-tools-2.2.0.jar:/home/runner/.m2/repository/com/amazonaws/aws-java-sdk-core/1.12.124/aws-java-sdk-core-1.12.124.jar:/home/runner/.m2/repository/org/apache/httpcomponents/httpclient/4.5.13/httpclient-4.5.13.jar:/home/runner/.m2/repository/org/apache/httpcomponents/httpcore/4.4.13/httpcore-4.4.13.jar:/home/runner/.m2/repository/software/amazon/ion/ion-java/1.0.2/ion-java-1.0.2.jar:/home/runner/.m2/repository/com/fasterxml/jackson/dataformat/jackson-dataformat-cbor/2.12.1/jackson-dataformat-cbor-2.12.1.jar:/home/runner/.m2/repository/joda-time/joda-time/2.8.1/joda-time-2.8.1.jar:/home/runner/.m2/repository/com/amazonaws/aws-java-sdk-s3/1.12.124/aws-java-sdk-s3-1.12.124.jar:/home/runner/.m2/repository/com/amazonaws/aws-java-sdk-kms/1.12.124/aws-java-sdk-kms-1.12.124.jar:/home/runner/.m2/repository/com/amazonaws/jmespath-java/1.12.124/jmespath-java-1.12.124.jar:/home/runner/.m2/repository/org/kohsuke/metainf-services/metainf-services/1.8/metainf-services-1.8.jar:/home/runner/.m2/repository/org/apache/ozone/hdds-tools/1.3.0-SNAPSHOT/hdds-tools-1.3.0-SNAPSHOT.jar:/home/runner/.m2/repository/commons-cli/commons-cli/1.2/commons-cli-1.2.jar:/home/runner/.m2/repository/org/apache/commons/commons-lang3/3.7/commons-lang3-3.7.jar:/home/runner/.m2/repository/org/apache/ozone/ozone-manager/1.3.0-SNAPSHOT/ozone-manager-1.3.0-SNAPSHOT-tests.jar:/home/runner/.m2/repository/org/apache/ozone/hdds-common/1.3.0-SNAPSHOT/hdds-common-1.3.0-SNAPSHOT-tests.jar:/home/runner/.m2/repository/org/apache/ozone/hdds-hadoop-dependency-client/1.3.0-SNAPSHOT/hdds-hadoop-dependency-client-1.3.0-SNAPSHOT.jar:/home/runner/.m2/repository/info/picocli/picocli/4.6.1/picocli-4.6.1.jar:/home/runner/.m2/repository/com/fasterxml/jackson/core/jackson-annotations/2.12.1/jackson-annotations-2.12.1.jar:/home/runner/.m2/repository/javax/annotation/javax.annotation-api/1.2/javax.annotation-api-1.2.jar:/home/runner/.m2/repository/org/apache/ratis/ratis-server/2.2.0/ratis-server-2.2.0.jar:/home/runner/.m2/repository/org/apache/ratis/ratis-client/2.2.0/ratis-client-2.2.0.jar:/home/runner/.m2/repository/org/apache/ratis/ratis-server-api/2.2.0/ratis-server-api-2.2.0.jar:/home/runner/.m2/repository/org/apache/ratis/ratis-metrics/2.2.0/ratis-metrics-2.2.0.jar:/home/runner/.m2/repository/org/apache/ratis/ratis-netty/2.2.0/ratis-netty-2.2.0.jar:/home/runner/.m2/repository/org/apache/ratis/ratis-grpc/2.2.0/ratis-grpc-2.2.0.jar:/home/runner/.m2/repository/org/apache/logging/log4j/log4j-api/2.17.1/log4j-api-2.17.1.jar:/home/runner/.m2/repository/org/apache/logging/log4j/log4j-core/2.17.1/log4j-core-2.17.1.jar:/home/runner/.m2/repository/com/lmax/disruptor/3.4.2/disruptor-3.4.2.jar:/home/runner/.m2/repository/org/apache/commons/commons-pool2/2.6.0/commons-pool2-2.6.0.jar:/home/runner/.m2/repository/org/bouncycastle/bcpkix-jdk15on/1.67/bcpkix-jdk15on-1.67.jar:/home/runner/.m2/repository/commons-validator/commons-validator/1.6/commons-validator-1.6.jar:/home/runner/.m2/repository/commons-beanutils/commons-beanutils/1.9.4/commons-beanutils-1.9.4.jar:/home/runner/.m2/repository/commons-digester/commons-digester/1.8.1/commons-digester-1.8.1.jar:/home/runner/.m2/repository/commons-collections/commons-collections/3.2.2/commons-collections-3.2.2.jar:/home/runner/.m2/repository/io/jaegertracing/jaeger-client/1.6.0/jaeger-client-1.6.0.jar:/home/runner/.m2/repository/io/jaegertracing/jaeger-thrift/1.6.0/jaeger-thrift-1.6.0.jar:/home/runner/.m2/repository/org/apache/thrift/libthrift/0.14.1/libthrift-0.14.1.jar:/home/runner/.m2/repository/com/squareup/okhttp3/okhttp/4.9.0/okhttp-4.9.0.jar:/home/runner/.m2/repository/com/squareup/okio/okio/2.8.0/okio-2.8.0.jar:/home/runner/.m2/repository/io/jaegertracing/jaeger-core/1.6.0/jaeger-core-1.6.0.jar:/home/runner/.m2/repository/io/jaegertracing/jaeger-tracerresolver/1.6.0/jaeger-tracerresolver-1.6.0.jar:/home/runner/.m2/repository/io/opentracing/contrib/opentracing-tracerresolver/0.1.8/opentracing-tracerresolver-0.1.8.jar:/home/runner/.m2/repository/org/jetbrains/kotlin/kotlin-stdlib/1.4.31/kotlin-stdlib-1.4.31.jar:/home/runner/.m2/repository/org/jetbrains/kotlin/kotlin-stdlib-common/1.4.31/kotlin-stdlib-common-1.4.31.jar:/home/runner/.m2/repository/org/jetbrains/annotations/13.0/annotations-13.0.jar:/home/runner/.m2/repository/io/opentracing/opentracing-util/0.33.0/opentracing-util-0.33.0.jar:/home/runner/.m2/repository/io/opentracing/opentracing-api/0.33.0/opentracing-api-0.33.0.jar:/home/runner/.m2/repository/io/opentracing/opentracing-noop/0.33.0/opentracing-noop-0.33.0.jar:/home/runner/.m2/repository/org/yaml/snakeyaml/1.26/snakeyaml-1.26.jar:/home/runner/.m2/repository/org/apache/ozone/hdds-interface-admin/1.3.0-SNAPSHOT/hdds-interface-admin-1.3.0-SNAPSHOT.jar:/home/runner/.m2/repository/junit/junit/4.13.1/junit-4.13.1.jar:/home/runner/.m2/repository/org/hamcrest/hamcrest-core/1.3/hamcrest-core-1.3.jar:/home/runner/.m2/repository/org/junit/jupiter/junit-jupiter-api/5.7.0/junit-jupiter-api-5.7.0.jar:/home/runner/.m2/repository/org/apiguardian/apiguardian-api/1.1.0/apiguardian-api-1.1.0.jar:/home/runner/.m2/repository/org/opentest4j/opentest4j/1.2.0/opentest4j-1.2.0.jar:/home/runner/.m2/repository/org/junit/platform/junit-platform-commons/1.7.0/junit-platform-commons-1.7.0.jar:/home/runner/.m2/repository/org/junit/jupiter/junit-jupiter-engine/5.7.0/junit-jupiter-engine-5.7.0.jar:/home/runner/.m2/repository/org/junit/platform/junit-platform-engine/1.7.0/junit-platform-engine-1.7.0.jar:/home/runner/.m2/repository/org/junit/vintage/junit-vintage-engine/5.7.0/junit-vintage-engine-5.7.0.jar:/home/runner/.m2/repository/org/junit/platform/junit-platform-launcher/1.7.0/junit-platform-launcher-1.7.0.jar:/home/runner/.m2/repository/org/mockito/mockito-core/2.28.2/mockito-core-2.28.2.jar:/home/runner/.m2/repository/net/bytebuddy/byte-buddy/1.9.10/byte-buddy-1.9.10.jar:/home/runner/.m2/repository/net/bytebuddy/byte-buddy-agent/1.9.10/byte-buddy-agent-1.9.10.jar:/home/runner/.m2/repository/org/objenesis/objenesis/1.0/objenesis-1.0.jar:/home/runner/.m2/repository/org/apache/hadoop/hadoop-kms/3.3.1/hadoop-kms-3.3.1.jar:/home/runner/.m2/repository/org/apache/hadoop/hadoop-auth/3.3.1/hadoop-auth-3.3.1.jar:/home/runner/.m2/repository/com/nimbusds/nimbus-jose-jwt/7.9/nimbus-jose-jwt-7.9.jar:/home/runner/.m2/repository/com/github/stephenc/jcip/jcip-annotations/1.0-1/jcip-annotations-1.0-1.jar:/home/runner/.m2/repository/net/minidev/json-smart/2.4.7/json-smart-2.4.7.jar:/home/runner/.m2/repository/net/minidev/accessors-smart/2.4.7/accessors-smart-2.4.7.jar:/home/runner/.m2/repository/org/ow2/asm/asm/5.0.4/asm-5.0.4.jar:/home/runner/.m2/repository/org/apache/zookeeper/zookeeper/3.5.6/zookeeper-3.5.6.jar:/home/runner/.m2/repository/org/apache/zookeeper/zookeeper-jute/3.5.6/zookeeper-jute-3.5.6.jar:/home/runner/.m2/repository/org/apache/yetus/audience-annotations/0.5.0/audience-annotations-0.5.0.jar:/home/runner/.m2/repository/org/apache/curator/curator-framework/4.2.0/curator-framework-4.2.0.jar:/home/runner/.m2/repository/org/apache/hadoop/thirdparty/hadoop-shaded-guava/1.1.1/hadoop-shaded-guava-1.1.1.jar:/home/runner/.m2/repository/com/sun/jersey/jersey-core/1.19/jersey-core-1.19.jar:/home/runner/.m2/repository/javax/ws/rs/jsr311-api/1.1.1/jsr311-api-1.1.1.jar:/home/runner/.m2/repository/com/sun/jersey/jersey-server/1.19/jersey-server-1.19.jar:/home/runner/.m2/repository/javax/servlet/javax.servlet-api/3.1.0/javax.servlet-api-3.1.0.jar:/home/runner/.m2/repository/org/eclipse/jetty/jetty-server/9.4.43.v20210629/jetty-server-9.4.43.v20210629.jar:/home/runner/.m2/repository/org/eclipse/jetty/jetty-http/9.4.43.v20210629/jetty-http-9.4.43.v20210629.jar:/home/runner/.m2/repository/org/eclipse/jetty/jetty-io/9.4.43.v20210629/jetty-io-9.4.43.v20210629.jar:/home/runner/.m2/repository/org/eclipse/jetty/jetty-webapp/9.4.43.v20210629/jetty-webapp-9.4.43.v20210629.jar:/home/runner/.m2/repository/org/eclipse/jetty/jetty-xml/9.4.43.v20210629/jetty-xml-9.4.43.v20210629.jar:/home/runner/.m2/repository/org/apache/hadoop/hadoop-common/3.3.1/hadoop-common-3.3.1.jar:/home/runner/.m2/repository/org/apache/commons/commons-math3/3.1.1/commons-math3-3.1.1.jar:/home/runner/.m2/repository/commons-net/commons-net/3.6/commons-net-3.6.jar:/home/runner/.m2/repository/jakarta/activation/jakarta.activation-api/1.2.1/jakarta.activation-api-1.2.1.jar:/home/runner/.m2/repository/com/sun/jersey/jersey-servlet/1.19/jersey-servlet-1.19.jar:/home/runner/.m2/repository/com/sun/jersey/jersey-json/1.19/jersey-json-1.19.jar:/home/runner/.m2/repository/org/codehaus/jettison/jettison/1.1/jettison-1.1.jar:/home/runner/.m2/repository/com/sun/xml/bind/jaxb-impl/2.2.3-1/jaxb-impl-2.2.3-1.jar:/home/runner/.m2/repository/org/codehaus/jackson/jackson-jaxrs/1.9.2/jackson-jaxrs-1.9.2.jar:/home/runner/.m2/repository/org/codehaus/jackson/jackson-xc/1.9.2/jackson-xc-1.9.2.jar:/home/runner/.m2/repository/org/apache/commons/commons-configuration2/2.1.1/commons-configuration2-2.1.1.jar:/home/runner/.m2/repository/org/apache/commons/commons-text/1.4/commons-text-1.4.jar:/home/runner/.m2/repository/com/google/re2j/re2j/1.1/re2j-1.1.jar:/home/runner/.m2/repository/com/jcraft/jsch/0.1.54/jsch-0.1.54.jar:/home/runner/.m2/repository/org/apache/curator/curator-client/4.2.0/curator-client-4.2.0.jar:/home/runner/.m2/repository/org/apache/curator/curator-recipes/4.2.0/curator-recipes-4.2.0.jar:/home/runner/.m2/repository/org/apache/kerby/kerb-core/1.0.1/kerb-core-1.0.1.jar:/home/runner/.m2/repository/org/apache/kerby/kerby-pkix/1.0.1/kerby-pkix-1.0.1.jar:/home/runner/.m2/repository/org/apache/kerby/kerby-asn1/1.0.1/kerby-asn1-1.0.1.jar:/home/runner/.m2/repository/org/apache/kerby/kerby-util/1.0.1/kerby-util-1.0.1.jar:/home/runner/.m2/repository/dnsjava/dnsjava/2.1.7/dnsjava-2.1.7.jar:/home/runner/.m2/repository/org/xerial/snappy/snappy-java/1.1.8.2/snappy-java-1.1.8.2.jar:/home/runner/.m2/repository/org/slf4j/jul-to-slf4j/1.7.30/jul-to-slf4j-1.7.30.jar:/home/runner/.m2/repository/org/eclipse/jetty/jetty-util/9.4.43.v20210629/jetty-util-9.4.43.v20210629.jar:/home/runner/.m2/repository/com/fasterxml/jackson/core/jackson-databind/2.12.1/jackson-databind-2.12.1.jar:/home/runner/.m2/repository/org/apache/hadoop/hadoop-kms/3.3.1/hadoop-kms-3.3.1-tests.jar:/home/runner/.m2/repository/org/apache/ozone/hdds-server-scm/1.3.0-SNAPSHOT/hdds-server-scm-1.3.0-SNAPSHOT-tests.jar:/home/runner/.m2/repository/org/apache/ozone/hdds-container-service/1.3.0-SNAPSHOT/hdds-container-service-1.3.0-SNAPSHOT-tests.jar:/home/runner/.m2/repository/commons-codec/commons-codec/1.11/commons-codec-1.11.jar:/home/runner/.m2/repository/io/netty/netty-transport/4.1.63.Final/netty-transport-4.1.63.Final.jar:/home/runner/.m2/repository/io/netty/netty-resolver/4.1.63.Final/netty-resolver-4.1.63.Final.jar:/home/runner/.m2/repository/io/netty/netty-codec/4.1.63.Final/netty-codec-4.1.63.Final.jar:/home/runner/.m2/repository/io/netty/netty-handler/4.1.63.Final/netty-handler-4.1.63.Final.jar:/home/runner/.m2/repository/org/apache/ozone/hdds-hadoop-dependency-test/1.3.0-SNAPSHOT/hdds-hadoop-dependency-test-1.3.0-SNAPSHOT.jar:/home/runner/.m2/repository/org/apache/hadoop/hadoop-common/3.3.1/hadoop-common-3.3.1-tests.jar:/home/runner/.m2/repository/org/assertj/assertj-core/3.12.2/assertj-core-3.12.2.jar:/home/runner/.m2/repository/org/apache/hadoop/hadoop-hdfs/3.3.1/hadoop-hdfs-3.3.1-tests.jar:/home/runner/.m2/repository/org/eclipse/jetty/jetty-util-ajax/9.4.43.v20210629/jetty-util-ajax-9.4.43.v20210629.jar:/home/runner/.m2/repository/commons-daemon/commons-daemon/1.0.13/commons-daemon-1.0.13.jar:/home/runner/.m2/repository/io/netty/netty/3.10.6.Final/netty-3.10.6.Final.jar:/home/runner/.m2/repository/io/netty/netty-all/4.1.63.Final/netty-all-4.1.63.Final.jar:/home/runner/.m2/repository/org/apache/htrace/htrace-core4/4.1.0-incubating/htrace-core4-4.1.0-incubating.jar:/home/runner/.m2/repository/org/fusesource/leveldbjni/leveldbjni-all/1.8/leveldbjni-all-1.8.jar:/home/runner/.m2/repository/org/apache/hadoop/hadoop-distcp/3.3.1/hadoop-distcp-3.3.1.jar:/home/runner/.m2/repository/org/apache/hadoop/hadoop-mapreduce-client-jobclient/3.3.1/hadoop-mapreduce-client-jobclient-3.3.1.jar:/home/runner/.m2/repository/org/apache/hadoop/hadoop-mapreduce-client-common/3.3.1/hadoop-mapreduce-client-common-3.3.1.jar:/home/runner/.m2/repository/org/apache/hadoop/hadoop-yarn-common/3.3.1/hadoop-yarn-common-3.3.1.jar:/home/runner/.m2/repository/org/apache/hadoop/hadoop-yarn-api/3.3.1/hadoop-yarn-api-3.3.1.jar:/home/runner/.m2/repository/com/sun/jersey/jersey-client/1.19/jersey-client-1.19.jar:/home/runner/.m2/repository/com/sun/jersey/contribs/jersey-guice/1.19/jersey-guice-1.19.jar:/home/runner/.m2/repository/com/fasterxml/jackson/jaxrs/jackson-jaxrs-json-provider/2.12.1/jackson-jaxrs-json-provider-2.12.1.jar:/home/runner/.m2/repository/com/fasterxml/jackson/jaxrs/jackson-jaxrs-base/2.12.1/jackson-jaxrs-base-2.12.1.jar:/home/runner/.m2/repository/org/apache/hadoop/hadoop-yarn-client/3.3.1/hadoop-yarn-client-3.3.1.jar:/home/runner/.m2/repository/org/eclipse/jetty/websocket/websocket-client/9.4.40.v20210413/websocket-client-9.4.40.v20210413.jar:/home/runner/.m2/repository/org/eclipse/jetty/jetty-client/9.4.40.v20210413/jetty-client-9.4.40.v20210413.jar:/home/runner/.m2/repository/org/eclipse/jetty/websocket/websocket-common/9.4.40.v20210413/websocket-common-9.4.40.v20210413.jar:/home/runner/.m2/repository/org/eclipse/jetty/websocket/websocket-api/9.4.40.v20210413/websocket-api-9.4.40.v20210413.jar:/home/runner/.m2/repository/org/jline/jline/3.9.0/jline-3.9.0.jar:/home/runner/.m2/repository/org/apache/hadoop/hadoop-mapreduce-client-core/3.3.1/hadoop-mapreduce-client-core-3.3.1.jar:/home/runner/.m2/repository/org/apache/avro/avro/1.7.7/avro-1.7.7.jar:/home/runner/.m2/repository/org/codehaus/jackson/jackson-core-asl/1.9.13/jackson-core-asl-1.9.13.jar:/home/runner/.m2/repository/org/codehaus/jackson/jackson-mapper-asl/1.9.13/jackson-mapper-asl-1.9.13.jar:/home/runner/.m2/repository/com/thoughtworks/paranamer/paranamer/2.3/paranamer-2.3.jar:/home/runner/.m2/repository/org/apache/hadoop/hadoop-annotations/3.3.1/hadoop-annotations-3.3.1.jar:/usr/lib/jvm/temurin-8-jdk-amd64/jre/../lib/tools.jar:/home/runner/.m2/repository/org/apache/hadoop/hadoop-distcp/3.3.1/hadoop-distcp-3.3.1-tests.jar:/home/runner/.m2/repository/org/apache/ratis/ratis-common/2.2.0/ratis-common-2.2.0.jar:/home/runner/.m2/repository/org/apache/ratis/ratis-thirdparty-misc/0.7.0/ratis-thirdparty-misc-0.7.0.jar:/home/runner/.m2/repository/org/apache/ratis/ratis-proto/2.2.0/ratis-proto-2.2.0.jar:"/>
    <property name="java.vm.vendor" value="Temurin"/>
    <property name="sun.arch.data.model" value="64"/>
    <property name="test.build.dir" value="/home/runner/work/ozone/ozone/hadoop-ozone/integration-test/target/test-dir"/>
    <property name="test.cache.data" value=""/>
    <property name="java.vendor.url" value="https://adoptium.net/"/>
    <property name="user.timezone" value=""/>
    <property name="java.vm.specification.version" value="1.8"/>
    <property name="os.name" value="Linux"/>
    <property name="test.build.data" value="/home/runner/work/ozone/ozone/hadoop-ozone/integration-test/target/test-dir"/>
    <property name="sun.java.launcher" value="SUN_STANDARD"/>
    <property name="sun.boot.library.path" value="/usr/lib/jvm/temurin-8-jdk-amd64/jre/lib/amd64"/>
    <property name="sun.java.command" value="/home/runner/work/ozone/ozone/hadoop-ozone/integration-test/target/surefire/surefirebooter683973539992088049.jar /home/runner/work/ozone/ozone/hadoop-ozone/integration-test/target/surefire 2022-03-03T06-56-37_185-jvmRun1 surefire3947049346335435970tmp surefire_242263607538214228626tmp"/>
    <property name="surefire.test.class.path" value="/home/runner/work/ozone/ozone/hadoop-ozone/integration-test/target/test-classes:/home/runner/work/ozone/ozone/hadoop-ozone/integration-test/target/classes:/home/runner/.m2/repository/org/apache/ozone/ozone-common/1.3.0-SNAPSHOT/ozone-common-1.3.0-SNAPSHOT.jar:/home/runner/.m2/repository/org/apache/commons/commons-compress/1.21/commons-compress-1.21.jar:/home/runner/.m2/repository/org/apache/ozone/hdds-common/1.3.0-SNAPSHOT/hdds-common-1.3.0-SNAPSHOT.jar:/home/runner/.m2/repository/org/apache/ozone/hdds-client/1.3.0-SNAPSHOT/hdds-client-1.3.0-SNAPSHOT.jar:/home/runner/.m2/repository/org/apache/ozone/ozone-interface-client/1.3.0-SNAPSHOT/ozone-interface-client-1.3.0-SNAPSHOT.jar:/home/runner/.m2/repository/org/apache/ozone/hdds-test-utils/1.3.0-SNAPSHOT/hdds-test-utils-1.3.0-SNAPSHOT.jar:/home/runner/.m2/repository/com/google/guava/guava/30.1.1-jre/guava-30.1.1-jre.jar:/home/runner/.m2/repository/com/google/guava/failureaccess/1.0.1/failureaccess-1.0.1.jar:/home/runner/.m2/repository/com/google/guava/listenablefuture/9999.0-empty-to-avoid-conflict-with-guava/listenablefuture-9999.0-empty-to-avoid-conflict-with-guava.jar:/home/runner/.m2/repository/com/google/code/findbugs/jsr305/3.0.0/jsr305-3.0.0.jar:/home/runner/.m2/repository/org/checkerframework/checker-qual/3.8.0/checker-qual-3.8.0.jar:/home/runner/.m2/repository/com/google/errorprone/error_prone_annotations/2.2.0/error_prone_annotations-2.2.0.jar:/home/runner/.m2/repository/com/google/j2objc/j2objc-annotations/1.3/j2objc-annotations-1.3.jar:/home/runner/.m2/repository/commons-io/commons-io/2.11.0/commons-io-2.11.0.jar:/home/runner/.m2/repository/commons-logging/commons-logging/1.2/commons-logging-1.2.jar:/home/runner/.m2/repository/log4j/log4j/1.2.17/log4j-1.2.17.jar:/home/runner/.m2/repository/org/slf4j/slf4j-api/1.7.30/slf4j-api-1.7.30.jar:/home/runner/.m2/repository/org/apache/ozone/hdds-server-scm/1.3.0-SNAPSHOT/hdds-server-scm-1.3.0-SNAPSHOT.jar:/home/runner/.m2/repository/org/apache/ozone/hdds-container-service/1.3.0-SNAPSHOT/hdds-container-service-1.3.0-SNAPSHOT.jar:/home/runner/.m2/repository/org/apache/ozone/hdds-hadoop-dependency-server/1.3.0-SNAPSHOT/hdds-hadoop-dependency-server-1.3.0-SNAPSHOT.jar:/home/runner/.m2/repository/org/apache/hadoop/hadoop-hdfs/3.3.1/hadoop-hdfs-3.3.1.jar:/home/runner/.m2/repository/org/apache/ozone/hdds-server-framework/1.3.0-SNAPSHOT/hdds-server-framework-1.3.0-SNAPSHOT.jar:/home/runner/.m2/repository/org/apache/ozone/hdds-interface-server/1.3.0-SNAPSHOT/hdds-interface-server-1.3.0-SNAPSHOT.jar:/home/runner/.m2/repository/org/eclipse/jetty/jetty-servlet/9.4.43.v20210629/jetty-servlet-9.4.43.v20210629.jar:/home/runner/.m2/repository/org/eclipse/jetty/jetty-security/9.4.43.v20210629/jetty-security-9.4.43.v20210629.jar:/home/runner/.m2/repository/org/rocksdb/rocksdbjni/6.25.3/rocksdbjni-6.25.3.jar:/home/runner/.m2/repository/io/prometheus/simpleclient_dropwizard/0.7.0/simpleclient_dropwizard-0.7.0.jar:/home/runner/.m2/repository/io/prometheus/simpleclient/0.7.0/simpleclient-0.7.0.jar:/home/runner/.m2/repository/io/prometheus/simpleclient_common/0.7.0/simpleclient_common-0.7.0.jar:/home/runner/.m2/repository/com/fasterxml/jackson/datatype/jackson-datatype-jsr310/2.12.1/jackson-datatype-jsr310-2.12.1.jar:/home/runner/.m2/repository/io/dropwizard/metrics/metrics-core/3.2.4/metrics-core-3.2.4.jar:/home/runner/.m2/repository/org/apache/hadoop/hadoop-hdfs-client/3.3.1/hadoop-hdfs-client-3.3.1.jar:/home/runner/.m2/repository/org/bouncycastle/bcprov-jdk15on/1.67/bcprov-jdk15on-1.67.jar:/home/runner/.m2/repository/com/google/protobuf/protobuf-java/2.5.0/protobuf-java-2.5.0.jar:/home/runner/.m2/repository/org/apache/ozone/ozone-manager/1.3.0-SNAPSHOT/ozone-manager-1.3.0-SNAPSHOT.jar:/home/runner/.m2/repository/org/aspectj/aspectjrt/1.9.7/aspectjrt-1.9.7.jar:/home/runner/.m2/repository/org/aspectj/aspectjweaver/1.9.7/aspectjweaver-1.9.7.jar:/home/runner/.m2/repository/org/apache/ozone/hdds-interface-client/1.3.0-SNAPSHOT/hdds-interface-client-1.3.0-SNAPSHOT.jar:/home/runner/.m2/repository/org/apache/hadoop/thirdparty/hadoop-shaded-protobuf_3_7/1.1.1/hadoop-shaded-protobuf_3_7-1.1.1.jar:/home/runner/.m2/repository/org/apache/ozone/ozone-interface-storage/1.3.0-SNAPSHOT/ozone-interface-storage-1.3.0-SNAPSHOT.jar:/home/runner/.m2/repository/org/reflections/reflections/0.9.11/reflections-0.9.11.jar:/home/runner/.m2/repository/org/apache/hadoop/hadoop-minikdc/3.3.1/hadoop-minikdc-3.3.1.jar:/home/runner/.m2/repository/org/apache/kerby/kerb-simplekdc/1.0.1/kerb-simplekdc-1.0.1.jar:/home/runner/.m2/repository/org/apache/kerby/kerb-client/1.0.1/kerb-client-1.0.1.jar:/home/runner/.m2/repository/org/apache/kerby/kerby-config/1.0.1/kerby-config-1.0.1.jar:/home/runner/.m2/repository/org/apache/kerby/kerb-common/1.0.1/kerb-common-1.0.1.jar:/home/runner/.m2/repository/org/apache/kerby/kerb-crypto/1.0.1/kerb-crypto-1.0.1.jar:/home/runner/.m2/repository/org/apache/kerby/kerb-util/1.0.1/kerb-util-1.0.1.jar:/home/runner/.m2/repository/org/apache/kerby/token-provider/1.0.1/token-provider-1.0.1.jar:/home/runner/.m2/repository/org/apache/kerby/kerb-admin/1.0.1/kerb-admin-1.0.1.jar:/home/runner/.m2/repository/org/apache/kerby/kerb-server/1.0.1/kerb-server-1.0.1.jar:/home/runner/.m2/repository/org/apache/kerby/kerb-identity/1.0.1/kerb-identity-1.0.1.jar:/home/runner/.m2/repository/org/apache/kerby/kerby-xdr/1.0.1/kerby-xdr-1.0.1.jar:/home/runner/.m2/repository/org/slf4j/slf4j-log4j12/1.7.30/slf4j-log4j12-1.7.30.jar:/home/runner/.m2/repository/org/apache/ozone/ozone-s3gateway/1.3.0-SNAPSHOT/ozone-s3gateway-1.3.0-SNAPSHOT.jar:/home/runner/.m2/repository/org/javassist/javassist/3.21.0-GA/javassist-3.21.0-GA.jar:/home/runner/.m2/repository/org/jboss/weld/servlet/weld-servlet/2.4.7.Final/weld-servlet-2.4.7.Final.jar:/home/runner/.m2/repository/org/glassfish/jersey/containers/jersey-container-servlet-core/2.33/jersey-container-servlet-core-2.33.jar:/home/runner/.m2/repository/org/glassfish/hk2/external/jakarta.inject/2.6.1/jakarta.inject-2.6.1.jar:/home/runner/.m2/repository/org/glassfish/jersey/core/jersey-common/2.33/jersey-common-2.33.jar:/home/runner/.m2/repository/jakarta/ws/rs/jakarta.ws.rs-api/2.1.6/jakarta.ws.rs-api-2.1.6.jar:/home/runner/.m2/repository/org/glassfish/jersey/ext/cdi/jersey-cdi1x/2.33/jersey-cdi1x-2.33.jar:/home/runner/.m2/repository/org/glassfish/jersey/inject/jersey-hk2/2.33/jersey-hk2-2.33.jar:/home/runner/.m2/repository/org/glassfish/hk2/hk2-locator/2.6.1/hk2-locator-2.6.1.jar:/home/runner/.m2/repository/org/glassfish/jersey/media/jersey-media-jaxb/2.33/jersey-media-jaxb-2.33.jar:/home/runner/.m2/repository/org/glassfish/hk2/osgi-resource-locator/1.0.3/osgi-resource-locator-1.0.3.jar:/home/runner/.m2/repository/org/glassfish/hk2/hk2-api/2.5.0/hk2-api-2.5.0.jar:/home/runner/.m2/repository/org/glassfish/hk2/hk2-utils/2.5.0/hk2-utils-2.5.0.jar:/home/runner/.m2/repository/org/glassfish/hk2/external/aopalliance-repackaged/2.5.0/aopalliance-repackaged-2.5.0.jar:/home/runner/.m2/repository/com/fasterxml/jackson/dataformat/jackson-dataformat-xml/2.12.1/jackson-dataformat-xml-2.12.1.jar:/home/runner/.m2/repository/com/fasterxml/jackson/core/jackson-core/2.12.1/jackson-core-2.12.1.jar:/home/runner/.m2/repository/com/fasterxml/jackson/module/jackson-module-jaxb-annotations/2.12.1/jackson-module-jaxb-annotations-2.12.1.jar:/home/runner/.m2/repository/jakarta/xml/bind/jakarta.xml.bind-api/2.3.2/jakarta.xml.bind-api-2.3.2.jar:/home/runner/.m2/repository/org/codehaus/woodstox/stax2-api/3.1.4/stax2-api-3.1.4.jar:/home/runner/.m2/repository/com/fasterxml/woodstox/woodstox-core/5.0.3/woodstox-core-5.0.3.jar:/home/runner/.m2/repository/javax/enterprise/cdi-api/1.2/cdi-api-1.2.jar:/home/runner/.m2/repository/javax/el/javax.el-api/3.0.0/javax.el-api-3.0.0.jar:/home/runner/.m2/repository/javax/interceptor/javax.interceptor-api/1.2/javax.interceptor-api-1.2.jar:/home/runner/.m2/repository/javax/inject/javax.inject/1/javax.inject-1.jar:/home/runner/.m2/repository/javax/xml/bind/jaxb-api/2.3.0/jaxb-api-2.3.0.jar:/home/runner/.m2/repository/org/glassfish/jaxb/jaxb-runtime/2.3.0.1/jaxb-runtime-2.3.0.1.jar:/home/runner/.m2/repository/org/glassfish/jaxb/jaxb-core/2.3.0.1/jaxb-core-2.3.0.1.jar:/home/runner/.m2/repository/org/glassfish/jaxb/txw2/2.3.0.1/txw2-2.3.0.1.jar:/home/runner/.m2/repository/com/sun/istack/istack-commons-runtime/3.0.5/istack-commons-runtime-3.0.5.jar:/home/runner/.m2/repository/org/jvnet/staxex/stax-ex/1.7.8/stax-ex-1.7.8.jar:/home/runner/.m2/repository/com/sun/xml/fastinfoset/FastInfoset/1.2.13/FastInfoset-1.2.13.jar:/home/runner/.m2/repository/javax/activation/activation/1.1.1/activation-1.1.1.jar:/home/runner/.m2/repository/org/apache/ozone/ozone-csi/1.3.0-SNAPSHOT/ozone-csi-1.3.0-SNAPSHOT.jar:/home/runner/.m2/repository/com/google/protobuf/protobuf-java-util/3.12.0/protobuf-java-util-3.12.0.jar:/home/runner/.m2/repository/com/google/code/gson/gson/2.2.4/gson-2.2.4.jar:/home/runner/.m2/repository/org/apache/ozone/hdds-config/1.3.0-SNAPSHOT/hdds-config-1.3.0-SNAPSHOT.jar:/home/runner/.m2/repository/io/grpc/grpc-netty/1.33.0/grpc-netty-1.33.0.jar:/home/runner/.m2/repository/io/grpc/grpc-core/1.33.0/grpc-core-1.33.0.jar:/home/runner/.m2/repository/com/google/android/annotations/4.1.1.4/annotations-4.1.1.4.jar:/home/runner/.m2/repository/io/netty/netty-codec-http2/4.1.63.Final/netty-codec-http2-4.1.63.Final.jar:/home/runner/.m2/repository/io/netty/netty-codec-http/4.1.63.Final/netty-codec-http-4.1.63.Final.jar:/home/runner/.m2/repository/io/netty/netty-handler-proxy/4.1.63.Final/netty-handler-proxy-4.1.63.Final.jar:/home/runner/.m2/repository/io/netty/netty-codec-socks/4.1.63.Final/netty-codec-socks-4.1.63.Final.jar:/home/runner/.m2/repository/io/perfmark/perfmark-api/0.19.0/perfmark-api-0.19.0.jar:/home/runner/.m2/repository/org/codehaus/mojo/animal-sniffer-annotations/1.18/animal-sniffer-annotations-1.18.jar:/home/runner/.m2/repository/io/netty/netty-transport-native-epoll/4.1.63.Final/netty-transport-native-epoll-4.1.63.Final.jar:/home/runner/.m2/repository/io/netty/netty-common/4.1.63.Final/netty-common-4.1.63.Final.jar:/home/runner/.m2/repository/io/netty/netty-buffer/4.1.63.Final/netty-buffer-4.1.63.Final.jar:/home/runner/.m2/repository/io/netty/netty-transport-native-unix-common/4.1.63.Final/netty-transport-native-unix-common-4.1.63.Final.jar:/home/runner/.m2/repository/io/grpc/grpc-protobuf/1.33.0/grpc-protobuf-1.33.0.jar:/home/runner/.m2/repository/io/grpc/grpc-api/1.33.0/grpc-api-1.33.0.jar:/home/runner/.m2/repository/io/grpc/grpc-context/1.33.0/grpc-context-1.33.0.jar:/home/runner/.m2/repository/com/google/api/grpc/proto-google-common-protos/1.17.0/proto-google-common-protos-1.17.0.jar:/home/runner/.m2/repository/io/grpc/grpc-protobuf-lite/1.33.0/grpc-protobuf-lite-1.33.0.jar:/home/runner/.m2/repository/io/grpc/grpc-stub/1.33.0/grpc-stub-1.33.0.jar:/home/runner/.m2/repository/org/apache/ozone/ozone-recon/1.3.0-SNAPSHOT/ozone-recon-1.3.0-SNAPSHOT.jar:/home/runner/.m2/repository/org/apache/ozone/ozone-reconcodegen/1.3.0-SNAPSHOT/ozone-reconcodegen-1.3.0-SNAPSHOT.jar:/home/runner/.m2/repository/com/google/inject/extensions/guice-multibindings/4.0/guice-multibindings-4.0.jar:/home/runner/.m2/repository/com/google/inject/guice/4.0/guice-4.0.jar:/home/runner/.m2/repository/aopalliance/aopalliance/1.0/aopalliance-1.0.jar:/home/runner/.m2/repository/com/google/inject/extensions/guice-assistedinject/4.0/guice-assistedinject-4.0.jar:/home/runner/.m2/repository/com/google/inject/extensions/guice-servlet/4.0/guice-servlet-4.0.jar:/home/runner/.m2/repository/org/glassfish/jersey/containers/jersey-container-servlet/2.33/jersey-container-servlet-2.33.jar:/home/runner/.m2/repository/org/glassfish/hk2/guice-bridge/2.5.0/guice-bridge-2.5.0.jar:/home/runner/.m2/repository/org/glassfish/jersey/core/jersey-server/2.33/jersey-server-2.33.jar:/home/runner/.m2/repository/org/glassfish/jersey/core/jersey-client/2.33/jersey-client-2.33.jar:/home/runner/.m2/repository/jakarta/annotation/jakarta.annotation-api/1.3.5/jakarta.annotation-api-1.3.5.jar:/home/runner/.m2/repository/jakarta/validation/jakarta.validation-api/2.0.2/jakarta.validation-api-2.0.2.jar:/home/runner/.m2/repository/org/glassfish/jersey/media/jersey-media-json-jackson/2.33/jersey-media-json-jackson-2.33.jar:/home/runner/.m2/repository/org/glassfish/jersey/ext/jersey-entity-filtering/2.33/jersey-entity-filtering-2.33.jar:/home/runner/.m2/repository/org/jooq/jooq/3.11.10/jooq-3.11.10.jar:/home/runner/.m2/repository/org/jooq/jooq-meta/3.11.10/jooq-meta-3.11.10.jar:/home/runner/.m2/repository/org/jooq/jooq-codegen/3.11.10/jooq-codegen-3.11.10.jar:/home/runner/.m2/repository/com/jolbox/bonecp/0.8.0.RELEASE/bonecp-0.8.0.RELEASE.jar:/home/runner/.m2/repository/org/apache/derby/derby/10.14.2.0/derby-10.14.2.0.jar:/home/runner/.m2/repository/org/xerial/sqlite-jdbc/3.25.2/sqlite-jdbc-3.25.2.jar:/home/runner/.m2/repository/org/springframework/spring-jdbc/5.2.18.RELEASE/spring-jdbc-5.2.18.RELEASE.jar:/home/runner/.m2/repository/org/springframework/spring-beans/5.2.18.RELEASE/spring-beans-5.2.18.RELEASE.jar:/home/runner/.m2/repository/org/springframework/spring-core/5.2.18.RELEASE/spring-core-5.2.18.RELEASE.jar:/home/runner/.m2/repository/org/springframework/spring-jcl/5.2.18.RELEASE/spring-jcl-5.2.18.RELEASE.jar:/home/runner/.m2/repository/org/springframework/spring-tx/5.2.18.RELEASE/spring-tx-5.2.18.RELEASE.jar:/home/runner/.m2/repository/org/apache/ozone/ozone-client/1.3.0-SNAPSHOT/ozone-client-1.3.0-SNAPSHOT.jar:/home/runner/.m2/repository/org/apache/ozone/ozone-filesystem/1.3.0-SNAPSHOT/ozone-filesystem-1.3.0-SNAPSHOT.jar:/home/runner/.m2/repository/org/apache/ozone/ozone-filesystem-common/1.3.0-SNAPSHOT/ozone-filesystem-common-1.3.0-SNAPSHOT.jar:/home/runner/.m2/repository/org/apache/ozone/ozone-tools/1.3.0-SNAPSHOT/ozone-tools-1.3.0-SNAPSHOT.jar:/home/runner/.m2/repository/org/apache/ratis/ratis-tools/2.2.0/ratis-tools-2.2.0.jar:/home/runner/.m2/repository/com/amazonaws/aws-java-sdk-core/1.12.124/aws-java-sdk-core-1.12.124.jar:/home/runner/.m2/repository/org/apache/httpcomponents/httpclient/4.5.13/httpclient-4.5.13.jar:/home/runner/.m2/repository/org/apache/httpcomponents/httpcore/4.4.13/httpcore-4.4.13.jar:/home/runner/.m2/repository/software/amazon/ion/ion-java/1.0.2/ion-java-1.0.2.jar:/home/runner/.m2/repository/com/fasterxml/jackson/dataformat/jackson-dataformat-cbor/2.12.1/jackson-dataformat-cbor-2.12.1.jar:/home/runner/.m2/repository/joda-time/joda-time/2.8.1/joda-time-2.8.1.jar:/home/runner/.m2/repository/com/amazonaws/aws-java-sdk-s3/1.12.124/aws-java-sdk-s3-1.12.124.jar:/home/runner/.m2/repository/com/amazonaws/aws-java-sdk-kms/1.12.124/aws-java-sdk-kms-1.12.124.jar:/home/runner/.m2/repository/com/amazonaws/jmespath-java/1.12.124/jmespath-java-1.12.124.jar:/home/runner/.m2/repository/org/kohsuke/metainf-services/metainf-services/1.8/metainf-services-1.8.jar:/home/runner/.m2/repository/org/apache/ozone/hdds-tools/1.3.0-SNAPSHOT/hdds-tools-1.3.0-SNAPSHOT.jar:/home/runner/.m2/repository/commons-cli/commons-cli/1.2/commons-cli-1.2.jar:/home/runner/.m2/repository/org/apache/commons/commons-lang3/3.7/commons-lang3-3.7.jar:/home/runner/.m2/repository/org/apache/ozone/ozone-manager/1.3.0-SNAPSHOT/ozone-manager-1.3.0-SNAPSHOT-tests.jar:/home/runner/.m2/repository/org/apache/ozone/hdds-common/1.3.0-SNAPSHOT/hdds-common-1.3.0-SNAPSHOT-tests.jar:/home/runner/.m2/repository/org/apache/ozone/hdds-hadoop-dependency-client/1.3.0-SNAPSHOT/hdds-hadoop-dependency-client-1.3.0-SNAPSHOT.jar:/home/runner/.m2/repository/info/picocli/picocli/4.6.1/picocli-4.6.1.jar:/home/runner/.m2/repository/com/fasterxml/jackson/core/jackson-annotations/2.12.1/jackson-annotations-2.12.1.jar:/home/runner/.m2/repository/javax/annotation/javax.annotation-api/1.2/javax.annotation-api-1.2.jar:/home/runner/.m2/repository/org/apache/ratis/ratis-server/2.2.0/ratis-server-2.2.0.jar:/home/runner/.m2/repository/org/apache/ratis/ratis-client/2.2.0/ratis-client-2.2.0.jar:/home/runner/.m2/repository/org/apache/ratis/ratis-server-api/2.2.0/ratis-server-api-2.2.0.jar:/home/runner/.m2/repository/org/apache/ratis/ratis-metrics/2.2.0/ratis-metrics-2.2.0.jar:/home/runner/.m2/repository/org/apache/ratis/ratis-netty/2.2.0/ratis-netty-2.2.0.jar:/home/runner/.m2/repository/org/apache/ratis/ratis-grpc/2.2.0/ratis-grpc-2.2.0.jar:/home/runner/.m2/repository/org/apache/logging/log4j/log4j-api/2.17.1/log4j-api-2.17.1.jar:/home/runner/.m2/repository/org/apache/logging/log4j/log4j-core/2.17.1/log4j-core-2.17.1.jar:/home/runner/.m2/repository/com/lmax/disruptor/3.4.2/disruptor-3.4.2.jar:/home/runner/.m2/repository/org/apache/commons/commons-pool2/2.6.0/commons-pool2-2.6.0.jar:/home/runner/.m2/repository/org/bouncycastle/bcpkix-jdk15on/1.67/bcpkix-jdk15on-1.67.jar:/home/runner/.m2/repository/commons-validator/commons-validator/1.6/commons-validator-1.6.jar:/home/runner/.m2/repository/commons-beanutils/commons-beanutils/1.9.4/commons-beanutils-1.9.4.jar:/home/runner/.m2/repository/commons-digester/commons-digester/1.8.1/commons-digester-1.8.1.jar:/home/runner/.m2/repository/commons-collections/commons-collections/3.2.2/commons-collections-3.2.2.jar:/home/runner/.m2/repository/io/jaegertracing/jaeger-client/1.6.0/jaeger-client-1.6.0.jar:/home/runner/.m2/repository/io/jaegertracing/jaeger-thrift/1.6.0/jaeger-thrift-1.6.0.jar:/home/runner/.m2/repository/org/apache/thrift/libthrift/0.14.1/libthrift-0.14.1.jar:/home/runner/.m2/repository/com/squareup/okhttp3/okhttp/4.9.0/okhttp-4.9.0.jar:/home/runner/.m2/repository/com/squareup/okio/okio/2.8.0/okio-2.8.0.jar:/home/runner/.m2/repository/io/jaegertracing/jaeger-core/1.6.0/jaeger-core-1.6.0.jar:/home/runner/.m2/repository/io/jaegertracing/jaeger-tracerresolver/1.6.0/jaeger-tracerresolver-1.6.0.jar:/home/runner/.m2/repository/io/opentracing/contrib/opentracing-tracerresolver/0.1.8/opentracing-tracerresolver-0.1.8.jar:/home/runner/.m2/repository/org/jetbrains/kotlin/kotlin-stdlib/1.4.31/kotlin-stdlib-1.4.31.jar:/home/runner/.m2/repository/org/jetbrains/kotlin/kotlin-stdlib-common/1.4.31/kotlin-stdlib-common-1.4.31.jar:/home/runner/.m2/repository/org/jetbrains/annotations/13.0/annotations-13.0.jar:/home/runner/.m2/repository/io/opentracing/opentracing-util/0.33.0/opentracing-util-0.33.0.jar:/home/runner/.m2/repository/io/opentracing/opentracing-api/0.33.0/opentracing-api-0.33.0.jar:/home/runner/.m2/repository/io/opentracing/opentracing-noop/0.33.0/opentracing-noop-0.33.0.jar:/home/runner/.m2/repository/org/yaml/snakeyaml/1.26/snakeyaml-1.26.jar:/home/runner/.m2/repository/org/apache/ozone/hdds-interface-admin/1.3.0-SNAPSHOT/hdds-interface-admin-1.3.0-SNAPSHOT.jar:/home/runner/.m2/repository/junit/junit/4.13.1/junit-4.13.1.jar:/home/runner/.m2/repository/org/hamcrest/hamcrest-core/1.3/hamcrest-core-1.3.jar:/home/runner/.m2/repository/org/junit/jupiter/junit-jupiter-api/5.7.0/junit-jupiter-api-5.7.0.jar:/home/runner/.m2/repository/org/apiguardian/apiguardian-api/1.1.0/apiguardian-api-1.1.0.jar:/home/runner/.m2/repository/org/opentest4j/opentest4j/1.2.0/opentest4j-1.2.0.jar:/home/runner/.m2/repository/org/junit/platform/junit-platform-commons/1.7.0/junit-platform-commons-1.7.0.jar:/home/runner/.m2/repository/org/junit/jupiter/junit-jupiter-engine/5.7.0/junit-jupiter-engine-5.7.0.jar:/home/runner/.m2/repository/org/junit/platform/junit-platform-engine/1.7.0/junit-platform-engine-1.7.0.jar:/home/runner/.m2/repository/org/junit/vintage/junit-vintage-engine/5.7.0/junit-vintage-engine-5.7.0.jar:/home/runner/.m2/repository/org/junit/platform/junit-platform-launcher/1.7.0/junit-platform-launcher-1.7.0.jar:/home/runner/.m2/repository/org/mockito/mockito-core/2.28.2/mockito-core-2.28.2.jar:/home/runner/.m2/repository/net/bytebuddy/byte-buddy/1.9.10/byte-buddy-1.9.10.jar:/home/runner/.m2/repository/net/bytebuddy/byte-buddy-agent/1.9.10/byte-buddy-agent-1.9.10.jar:/home/runner/.m2/repository/org/objenesis/objenesis/1.0/objenesis-1.0.jar:/home/runner/.m2/repository/org/apache/hadoop/hadoop-kms/3.3.1/hadoop-kms-3.3.1.jar:/home/runner/.m2/repository/org/apache/hadoop/hadoop-auth/3.3.1/hadoop-auth-3.3.1.jar:/home/runner/.m2/repository/com/nimbusds/nimbus-jose-jwt/7.9/nimbus-jose-jwt-7.9.jar:/home/runner/.m2/repository/com/github/stephenc/jcip/jcip-annotations/1.0-1/jcip-annotations-1.0-1.jar:/home/runner/.m2/repository/net/minidev/json-smart/2.4.7/json-smart-2.4.7.jar:/home/runner/.m2/repository/net/minidev/accessors-smart/2.4.7/accessors-smart-2.4.7.jar:/home/runner/.m2/repository/org/ow2/asm/asm/5.0.4/asm-5.0.4.jar:/home/runner/.m2/repository/org/apache/zookeeper/zookeeper/3.5.6/zookeeper-3.5.6.jar:/home/runner/.m2/repository/org/apache/zookeeper/zookeeper-jute/3.5.6/zookeeper-jute-3.5.6.jar:/home/runner/.m2/repository/org/apache/yetus/audience-annotations/0.5.0/audience-annotations-0.5.0.jar:/home/runner/.m2/repository/org/apache/curator/curator-framework/4.2.0/curator-framework-4.2.0.jar:/home/runner/.m2/repository/org/apache/hadoop/thirdparty/hadoop-shaded-guava/1.1.1/hadoop-shaded-guava-1.1.1.jar:/home/runner/.m2/repository/com/sun/jersey/jersey-core/1.19/jersey-core-1.19.jar:/home/runner/.m2/repository/javax/ws/rs/jsr311-api/1.1.1/jsr311-api-1.1.1.jar:/home/runner/.m2/repository/com/sun/jersey/jersey-server/1.19/jersey-server-1.19.jar:/home/runner/.m2/repository/javax/servlet/javax.servlet-api/3.1.0/javax.servlet-api-3.1.0.jar:/home/runner/.m2/repository/org/eclipse/jetty/jetty-server/9.4.43.v20210629/jetty-server-9.4.43.v20210629.jar:/home/runner/.m2/repository/org/eclipse/jetty/jetty-http/9.4.43.v20210629/jetty-http-9.4.43.v20210629.jar:/home/runner/.m2/repository/org/eclipse/jetty/jetty-io/9.4.43.v20210629/jetty-io-9.4.43.v20210629.jar:/home/runner/.m2/repository/org/eclipse/jetty/jetty-webapp/9.4.43.v20210629/jetty-webapp-9.4.43.v20210629.jar:/home/runner/.m2/repository/org/eclipse/jetty/jetty-xml/9.4.43.v20210629/jetty-xml-9.4.43.v20210629.jar:/home/runner/.m2/repository/org/apache/hadoop/hadoop-common/3.3.1/hadoop-common-3.3.1.jar:/home/runner/.m2/repository/org/apache/commons/commons-math3/3.1.1/commons-math3-3.1.1.jar:/home/runner/.m2/repository/commons-net/commons-net/3.6/commons-net-3.6.jar:/home/runner/.m2/repository/jakarta/activation/jakarta.activation-api/1.2.1/jakarta.activation-api-1.2.1.jar:/home/runner/.m2/repository/com/sun/jersey/jersey-servlet/1.19/jersey-servlet-1.19.jar:/home/runner/.m2/repository/com/sun/jersey/jersey-json/1.19/jersey-json-1.19.jar:/home/runner/.m2/repository/org/codehaus/jettison/jettison/1.1/jettison-1.1.jar:/home/runner/.m2/repository/com/sun/xml/bind/jaxb-impl/2.2.3-1/jaxb-impl-2.2.3-1.jar:/home/runner/.m2/repository/org/codehaus/jackson/jackson-jaxrs/1.9.2/jackson-jaxrs-1.9.2.jar:/home/runner/.m2/repository/org/codehaus/jackson/jackson-xc/1.9.2/jackson-xc-1.9.2.jar:/home/runner/.m2/repository/org/apache/commons/commons-configuration2/2.1.1/commons-configuration2-2.1.1.jar:/home/runner/.m2/repository/org/apache/commons/commons-text/1.4/commons-text-1.4.jar:/home/runner/.m2/repository/com/google/re2j/re2j/1.1/re2j-1.1.jar:/home/runner/.m2/repository/com/jcraft/jsch/0.1.54/jsch-0.1.54.jar:/home/runner/.m2/repository/org/apache/curator/curator-client/4.2.0/curator-client-4.2.0.jar:/home/runner/.m2/repository/org/apache/curator/curator-recipes/4.2.0/curator-recipes-4.2.0.jar:/home/runner/.m2/repository/org/apache/kerby/kerb-core/1.0.1/kerb-core-1.0.1.jar:/home/runner/.m2/repository/org/apache/kerby/kerby-pkix/1.0.1/kerby-pkix-1.0.1.jar:/home/runner/.m2/repository/org/apache/kerby/kerby-asn1/1.0.1/kerby-asn1-1.0.1.jar:/home/runner/.m2/repository/org/apache/kerby/kerby-util/1.0.1/kerby-util-1.0.1.jar:/home/runner/.m2/repository/dnsjava/dnsjava/2.1.7/dnsjava-2.1.7.jar:/home/runner/.m2/repository/org/xerial/snappy/snappy-java/1.1.8.2/snappy-java-1.1.8.2.jar:/home/runner/.m2/repository/org/slf4j/jul-to-slf4j/1.7.30/jul-to-slf4j-1.7.30.jar:/home/runner/.m2/repository/org/eclipse/jetty/jetty-util/9.4.43.v20210629/jetty-util-9.4.43.v20210629.jar:/home/runner/.m2/repository/com/fasterxml/jackson/core/jackson-databind/2.12.1/jackson-databind-2.12.1.jar:/home/runner/.m2/repository/org/apache/hadoop/hadoop-kms/3.3.1/hadoop-kms-3.3.1-tests.jar:/home/runner/.m2/repository/org/apache/ozone/hdds-server-scm/1.3.0-SNAPSHOT/hdds-server-scm-1.3.0-SNAPSHOT-tests.jar:/home/runner/.m2/repository/org/apache/ozone/hdds-container-service/1.3.0-SNAPSHOT/hdds-container-service-1.3.0-SNAPSHOT-tests.jar:/home/runner/.m2/repository/commons-codec/commons-codec/1.11/commons-codec-1.11.jar:/home/runner/.m2/repository/io/netty/netty-transport/4.1.63.Final/netty-transport-4.1.63.Final.jar:/home/runner/.m2/repository/io/netty/netty-resolver/4.1.63.Final/netty-resolver-4.1.63.Final.jar:/home/runner/.m2/repository/io/netty/netty-codec/4.1.63.Final/netty-codec-4.1.63.Final.jar:/home/runner/.m2/repository/io/netty/netty-handler/4.1.63.Final/netty-handler-4.1.63.Final.jar:/home/runner/.m2/repository/org/apache/ozone/hdds-hadoop-dependency-test/1.3.0-SNAPSHOT/hdds-hadoop-dependency-test-1.3.0-SNAPSHOT.jar:/home/runner/.m2/repository/org/apache/hadoop/hadoop-common/3.3.1/hadoop-common-3.3.1-tests.jar:/home/runner/.m2/repository/org/assertj/assertj-core/3.12.2/assertj-core-3.12.2.jar:/home/runner/.m2/repository/org/apache/hadoop/hadoop-hdfs/3.3.1/hadoop-hdfs-3.3.1-tests.jar:/home/runner/.m2/repository/org/eclipse/jetty/jetty-util-ajax/9.4.43.v20210629/jetty-util-ajax-9.4.43.v20210629.jar:/home/runner/.m2/repository/commons-daemon/commons-daemon/1.0.13/commons-daemon-1.0.13.jar:/home/runner/.m2/repository/io/netty/netty/3.10.6.Final/netty-3.10.6.Final.jar:/home/runner/.m2/repository/io/netty/netty-all/4.1.63.Final/netty-all-4.1.63.Final.jar:/home/runner/.m2/repository/org/apache/htrace/htrace-core4/4.1.0-incubating/htrace-core4-4.1.0-incubating.jar:/home/runner/.m2/repository/org/fusesource/leveldbjni/leveldbjni-all/1.8/leveldbjni-all-1.8.jar:/home/runner/.m2/repository/org/apache/hadoop/hadoop-distcp/3.3.1/hadoop-distcp-3.3.1.jar:/home/runner/.m2/repository/org/apache/hadoop/hadoop-mapreduce-client-jobclient/3.3.1/hadoop-mapreduce-client-jobclient-3.3.1.jar:/home/runner/.m2/repository/org/apache/hadoop/hadoop-mapreduce-client-common/3.3.1/hadoop-mapreduce-client-common-3.3.1.jar:/home/runner/.m2/repository/org/apache/hadoop/hadoop-yarn-common/3.3.1/hadoop-yarn-common-3.3.1.jar:/home/runner/.m2/repository/org/apache/hadoop/hadoop-yarn-api/3.3.1/hadoop-yarn-api-3.3.1.jar:/home/runner/.m2/repository/com/sun/jersey/jersey-client/1.19/jersey-client-1.19.jar:/home/runner/.m2/repository/com/sun/jersey/contribs/jersey-guice/1.19/jersey-guice-1.19.jar:/home/runner/.m2/repository/com/fasterxml/jackson/jaxrs/jackson-jaxrs-json-provider/2.12.1/jackson-jaxrs-json-provider-2.12.1.jar:/home/runner/.m2/repository/com/fasterxml/jackson/jaxrs/jackson-jaxrs-base/2.12.1/jackson-jaxrs-base-2.12.1.jar:/home/runner/.m2/repository/org/apache/hadoop/hadoop-yarn-client/3.3.1/hadoop-yarn-client-3.3.1.jar:/home/runner/.m2/repository/org/eclipse/jetty/websocket/websocket-client/9.4.40.v20210413/websocket-client-9.4.40.v20210413.jar:/home/runner/.m2/repository/org/eclipse/jetty/jetty-client/9.4.40.v20210413/jetty-client-9.4.40.v20210413.jar:/home/runner/.m2/repository/org/eclipse/jetty/websocket/websocket-common/9.4.40.v20210413/websocket-common-9.4.40.v20210413.jar:/home/runner/.m2/repository/org/eclipse/jetty/websocket/websocket-api/9.4.40.v20210413/websocket-api-9.4.40.v20210413.jar:/home/runner/.m2/repository/org/jline/jline/3.9.0/jline-3.9.0.jar:/home/runner/.m2/repository/org/apache/hadoop/hadoop-mapreduce-client-core/3.3.1/hadoop-mapreduce-client-core-3.3.1.jar:/home/runner/.m2/repository/org/apache/avro/avro/1.7.7/avro-1.7.7.jar:/home/runner/.m2/repository/org/codehaus/jackson/jackson-core-asl/1.9.13/jackson-core-asl-1.9.13.jar:/home/runner/.m2/repository/org/codehaus/jackson/jackson-mapper-asl/1.9.13/jackson-mapper-asl-1.9.13.jar:/home/runner/.m2/repository/com/thoughtworks/paranamer/paranamer/2.3/paranamer-2.3.jar:/home/runner/.m2/repository/org/apache/hadoop/hadoop-annotations/3.3.1/hadoop-annotations-3.3.1.jar:/usr/lib/jvm/temurin-8-jdk-amd64/jre/../lib/tools.jar:/home/runner/.m2/repository/org/apache/hadoop/hadoop-distcp/3.3.1/hadoop-distcp-3.3.1-tests.jar:/home/runner/.m2/repository/org/apache/ratis/ratis-common/2.2.0/ratis-common-2.2.0.jar:/home/runner/.m2/repository/org/apache/ratis/ratis-thirdparty-misc/0.7.0/ratis-thirdparty-misc-0.7.0.jar:/home/runner/.m2/repository/org/apache/ratis/ratis-proto/2.2.0/ratis-proto-2.2.0.jar:"/>
    <property name="sun.cpu.endian" value="little"/>
    <property name="user.home" value="/home/runner"/>
    <property name="user.language" value="en"/>
    <property name="java.specification.vendor" value="Oracle Corporation"/>
    <property name="java.home" value="/usr/lib/jvm/temurin-8-jdk-amd64/jre"/>
    <property name="java.security.krb5.conf" value="/home/runner/work/ozone/ozone/hadoop-ozone/integration-test/target/test-classes/krb5.conf"/>
    <property name="basedir" value="/home/runner/work/ozone/ozone/hadoop-ozone/integration-test"/>
    <property name="file.separator" value="/"/>
    <property name="line.separator" value="&#10;"/>
    <property name="java.vm.specification.vendor" value="Oracle Corporation"/>
    <property name="java.specification.name" value="Java Platform API Specification"/>
    <property name="java.awt.graphicsenv" value="sun.awt.X11GraphicsEnvironment"/>
    <property name="skip.installnpx" value="true"/>
    <property name="surefire.real.class.path" value="/home/runner/work/ozone/ozone/hadoop-ozone/integration-test/target/surefire/surefirebooter683973539992088049.jar:/home/runner/.m2/repository/org/jacoco/org.jacoco.agent/0.8.5/org.jacoco.agent-0.8.5-runtime.jar"/>
    <property name="hadoop.log.dir" value="/home/runner/work/ozone/ozone/hadoop-ozone/integration-test/target/log"/>
    <property name="sun.boot.class.path" value="/usr/lib/jvm/temurin-8-jdk-amd64/jre/lib/resources.jar:/usr/lib/jvm/temurin-8-jdk-amd64/jre/lib/rt.jar:/usr/lib/jvm/temurin-8-jdk-amd64/jre/lib/sunrsasign.jar:/usr/lib/jvm/temurin-8-jdk-amd64/jre/lib/jsse.jar:/usr/lib/jvm/temurin-8-jdk-amd64/jre/lib/jce.jar:/usr/lib/jvm/temurin-8-jdk-amd64/jre/lib/charsets.jar:/usr/lib/jvm/temurin-8-jdk-amd64/jre/lib/jfr.jar:/usr/lib/jvm/temurin-8-jdk-amd64/jre/classes"/>
    <property name="sun.management.compiler" value="HotSpot 64-Bit Tiered Compilers"/>
    <property name="skip.npx" value="true"/>
    <property name="java.runtime.version" value="1.8.0_322-b06"/>
    <property name="java.net.preferIPv4Stack" value="true"/>
    <property name="user.name" value="runner"/>
    <property name="path.separator" value=":"/>
    <property name="java.security.egd" value="file:///dev/urandom"/>
    <property name="os.version" value="5.4.0-1070-azure"/>
    <property name="java.endorsed.dirs" value="/usr/lib/jvm/temurin-8-jdk-amd64/jre/lib/endorsed"/>
    <property name="java.runtime.name" value="OpenJDK Runtime Environment"/>
    <property name="file.encoding" value="UTF-8"/>
    <property name="java.vm.name" value="OpenJDK 64-Bit Server VM"/>
    <property name="test.build.webapps" value=""/>
    <property name="localRepository" value="/home/runner/.m2/repository"/>
    <property name="java.vendor.url.bug" value="https://github.com/adoptium/adoptium-support/issues"/>
    <property name="java.io.tmpdir" value="/tmp"/>
    <property name="require.test.libhadoop" value=""/>
    <property name="java.version" value="1.8.0_322"/>
    <property name="user.dir" value="/home/runner/work/ozone/ozone/hadoop-ozone/integration-test"/>
    <property name="os.arch" value="amd64"/>
    <property name="java.vm.specification.name" value="Java Virtual Machine Specification"/>
    <property name="test.build.classes" value="/home/runner/work/ozone/ozone/hadoop-ozone/integration-test/target/test-classes"/>
    <property name="java.awt.printerjob" value="sun.print.PSPrinterJob"/>
    <property name="sun.os.patch.level" value="unknown"/>
    <property name="hadoop.tmp.dir" value="/home/runner/work/ozone/ozone/hadoop-ozone/integration-test/target/tmp"/>
    <property name="java.library.path" value="/usr/java/packages/lib/amd64:/usr/lib64:/lib64:/lib:/usr/lib"/>
    <property name="java.vm.info" value="mixed mode"/>
    <property name="java.vendor" value="Temurin"/>
    <property name="java.vm.version" value="25.322-b06"/>
    <property name="java.ext.dirs" value="/usr/lib/jvm/temurin-8-jdk-amd64/jre/lib/ext:/usr/java/packages/lib/ext"/>
    <property name="sun.io.unicode.encoding" value="UnicodeLittle"/>
    <property name="java.class.version" value="52.0"/>
  </properties>
  <testcase name="testPrepareFailsWhenTwoOmsAreDown" classname="org.apache.hadoop.ozone.om.TestOzoneManagerPrepare" time="0">
    <skipped message="Saving on CI time since this is a pessimistic test. We should not be able to do anything with 2 OMs down."/>
    <system-out><![CDATA[2022-03-03 07:23:30,237 [main] WARN  server.ServerUtils (ServerUtils.java:getScmDbDir(148)) - ozone.scm.db.dirs is not configured. We recommend adding this setting. Falling back to ozone.metadata.dirs instead.
2022-03-03 07:23:30,304 [main] INFO  ha.SCMHANodeDetails (SCMHANodeDetails.java:loadSCMHAConfig(157)) - ServiceID for StorageContainerManager is null
2022-03-03 07:23:30,304 [main] INFO  ha.SCMHANodeDetails (SCMHANodeDetails.java:loadSCMHAConfig(162)) - ozone.scm.default.service.id is not defined, falling back to ozone.scm.service.ids to find serviceID for StorageContainerManager if it is HA enabled cluster
2022-03-03 07:23:30,498 [main] INFO  server.RaftServer (ConfUtils.java:logGet(44)) - raft.rpc.type = GRPC (default)
2022-03-03 07:23:30,596 [main] INFO  grpc.GrpcFactory (GrpcFactory.java:checkPooledByteBufAllocatorUseCacheForAllThreads(48)) - PERFORMANCE WARNING: useCacheForAllThreads is true that may cause Netty to create a lot garbage objects and, as a result, trigger GC.
	It is recommended to disable useCacheForAllThreads by setting -Dorg.apache.ratis.thirdparty.io.netty.allocator.useCacheForAllThreads=false in command line.
2022-03-03 07:23:30,602 [main] INFO  grpc.GrpcConfigKeys (ConfUtils.java:logGet(44)) - raft.grpc.admin.port = -1 (default)
2022-03-03 07:23:30,602 [main] INFO  grpc.GrpcConfigKeys (ConfUtils.java:logGet(44)) - raft.grpc.server.port = 9894 (custom)
2022-03-03 07:23:30,603 [main] INFO  grpc.GrpcConfigKeys (ConfUtils.java:logGet(44)) - raft.grpc.client.port = -1 (default)
2022-03-03 07:23:30,603 [main] INFO  grpc.GrpcConfigKeys (ConfUtils.java:logGet(44)) - raft.grpc.server.port = 9894 (custom)
2022-03-03 07:23:30,604 [main] INFO  grpc.GrpcConfigKeys (ConfUtils.java:logGet(44)) - raft.grpc.server.port = 9894 (custom)
2022-03-03 07:23:30,605 [main] INFO  server.GrpcService (ConfUtils.java:logGet(44)) - raft.grpc.message.size.max = 32m (=33554432) (custom)
2022-03-03 07:23:30,607 [main] INFO  server.RaftServerConfigKeys (ConfUtils.java:logGet(44)) - raft.server.log.appender.buffer.byte-limit = 33554432 (custom)
2022-03-03 07:23:30,607 [main] INFO  server.GrpcService (ConfUtils.java:logGet(44)) - raft.grpc.flow.control.window = 1MB (=1048576) (default)
2022-03-03 07:23:30,608 [main] INFO  server.RaftServerConfigKeys (ConfUtils.java:logGet(44)) - raft.server.rpc.request.timeout = 30000ms (custom)
2022-03-03 07:23:30,982 [main] INFO  impl.DataStreamServerImpl (ConfUtils.java:logGet(44)) - raft.datastream.type = DISABLED (default)
2022-03-03 07:23:30,984 [main] INFO  server.RaftServerConfigKeys (ConfUtils.java:logGet(44)) - raft.server.rpc.slowness.timeout = 120000ms (custom)
2022-03-03 07:23:30,986 [main] INFO  server.RaftServerConfigKeys (ConfUtils.java:logGet(44)) - raft.server.leaderelection.leader.step-down.wait-time = 10s (default)
2022-03-03 07:23:31,003 [main] INFO  server.RaftServerConfigKeys (ConfUtils.java:logGet(44)) - raft.server.storage.dir = [/home/runner/work/ozone/ozone/hadoop-ozone/integration-test/target/test-dir/MiniOzoneClusterImpl-73ba9704-0a97-4d3d-983a-0dacfed22b51/ozone-meta/scm-ha] (custom)
2022-03-03 07:23:31,009 [main] INFO  server.RaftServer (RaftServerProxy.java:addNew(95)) - d78b0498-37f7-42fa-abe7-9e1e0a9796db: addNew group-0DACFED22B51:[d78b0498-37f7-42fa-abe7-9e1e0a9796db|rpc:fv-az501-749:9894|priority:0] returns group-0DACFED22B51:java.util.concurrent.CompletableFuture@f4cfd90[Not completed]
2022-03-03 07:23:31,032 [pool-1-thread-1] INFO  server.RaftServer$Division (RaftServerImpl.java:<init>(184)) - d78b0498-37f7-42fa-abe7-9e1e0a9796db: new RaftServerImpl for group-0DACFED22B51:[d78b0498-37f7-42fa-abe7-9e1e0a9796db|rpc:fv-az501-749:9894|priority:0] with SCMStateMachine:uninitialized
2022-03-03 07:23:31,034 [pool-1-thread-1] INFO  server.RaftServerConfigKeys (ConfUtils.java:logGet(44)) - raft.server.rpc.timeout.min = 5000ms (custom)
2022-03-03 07:23:31,034 [pool-1-thread-1] INFO  server.RaftServerConfigKeys (ConfUtils.java:logGet(44)) - raft.server.rpc.timeout.max = 5200ms (custom)
2022-03-03 07:23:31,034 [pool-1-thread-1] INFO  server.RaftServerConfigKeys (ConfUtils.java:logGet(44)) - raft.server.rpc.sleep.time = 25ms (default)
2022-03-03 07:23:31,034 [pool-1-thread-1] INFO  server.RaftServerConfigKeys (ConfUtils.java:logGet(44)) - raft.server.rpc.slowness.timeout = 120000ms (custom)
2022-03-03 07:23:31,035 [pool-1-thread-1] INFO  server.RaftServerConfigKeys (ConfUtils.java:logGet(44)) - raft.server.leaderelection.leader.step-down.wait-time = 10s (default)
2022-03-03 07:23:31,035 [pool-1-thread-1] INFO  server.RaftServerConfigKeys (ConfUtils.java:logGet(44)) - raft.server.sleep.deviation.threshold = 300ms (default)
2022-03-03 07:23:31,036 [pool-1-thread-1] INFO  server.RaftServerConfigKeys (ConfUtils.java:logGet(44)) - raft.server.log.appender.install.snapshot.enabled = false (custom)
2022-03-03 07:23:31,041 [pool-1-thread-1] INFO  server.RaftServer$Division (ServerState.java:<init>(105)) - d78b0498-37f7-42fa-abe7-9e1e0a9796db@group-0DACFED22B51: ConfigurationManager, init=-1: [d78b0498-37f7-42fa-abe7-9e1e0a9796db|rpc:fv-az501-749:9894|priority:0], old=null, confs=<EMPTY_MAP>
2022-03-03 07:23:31,041 [pool-1-thread-1] INFO  server.RaftServerConfigKeys (ConfUtils.java:logGet(44)) - raft.server.storage.dir = [/home/runner/work/ozone/ozone/hadoop-ozone/integration-test/target/test-dir/MiniOzoneClusterImpl-73ba9704-0a97-4d3d-983a-0dacfed22b51/ozone-meta/scm-ha] (custom)
2022-03-03 07:23:31,046 [pool-1-thread-1] INFO  server.RaftServerConfigKeys (ConfUtils.java:logGet(44)) - raft.server.log.corruption.policy = EXCEPTION (default)
2022-03-03 07:23:31,047 [pool-1-thread-1] INFO  server.RaftServerConfigKeys (ConfUtils.java:logGet(44)) - raft.server.storage.free-space.min = 0MB (=0) (default)
2022-03-03 07:23:31,048 [pool-1-thread-1] INFO  storage.RaftStorageDirectory (RaftStorageDirectoryImpl.java:analyzeStorage(135)) - The storage directory /home/runner/work/ozone/ozone/hadoop-ozone/integration-test/target/test-dir/MiniOzoneClusterImpl-73ba9704-0a97-4d3d-983a-0dacfed22b51/ozone-meta/scm-ha/73ba9704-0a97-4d3d-983a-0dacfed22b51 does not exist. Creating ...
2022-03-03 07:23:31,054 [pool-1-thread-1] INFO  storage.RaftStorageDirectory (RaftStorageDirectoryImpl.java:tryLock(230)) - Lock on /home/runner/work/ozone/ozone/hadoop-ozone/integration-test/target/test-dir/MiniOzoneClusterImpl-73ba9704-0a97-4d3d-983a-0dacfed22b51/ozone-meta/scm-ha/73ba9704-0a97-4d3d-983a-0dacfed22b51/in_use.lock acquired by nodename 30716@fv-az501-749
2022-03-03 07:23:31,065 [pool-1-thread-1] INFO  storage.RaftStorage (RaftStorageImpl.java:format(89)) - Storage directory /home/runner/work/ozone/ozone/hadoop-ozone/integration-test/target/test-dir/MiniOzoneClusterImpl-73ba9704-0a97-4d3d-983a-0dacfed22b51/ozone-meta/scm-ha/73ba9704-0a97-4d3d-983a-0dacfed22b51 has been successfully formatted.
2022-03-03 07:23:31,068 [pool-1-thread-1] INFO  server.RaftServerConfigKeys (ConfUtils.java:logGet(44)) - raft.server.notification.no-leader.timeout = 60s (default)
2022-03-03 07:23:31,070 [pool-1-thread-1] INFO  server.RaftServerConfigKeys (ConfUtils.java:logGet(44)) - raft.server.log.use.memory = false (default)
2022-03-03 07:23:31,079 [pool-1-thread-1] INFO  server.RaftServerConfigKeys (ConfUtils.java:logGet(44)) - raft.server.log.purge.gap = 1000000 (custom)
2022-03-03 07:23:31,079 [pool-1-thread-1] INFO  server.RaftServerConfigKeys (ConfUtils.java:logGet(44)) - raft.server.log.appender.buffer.byte-limit = 33554432 (custom)
2022-03-03 07:23:31,088 [pool-1-thread-1] INFO  metrics.MetricRegistries (MetricRegistriesLoader.java:load(64)) - Loaded MetricRegistries class org.apache.ratis.metrics.impl.MetricRegistriesImpl
2022-03-03 07:23:31,159 [pool-1-thread-1] INFO  server.RaftServerConfigKeys (ConfUtils.java:logGet(44)) - raft.server.log.segment.size.max = 4194304 (custom)
2022-03-03 07:23:31,168 [pool-1-thread-1] INFO  server.RaftServerConfigKeys (ConfUtils.java:logGet(44)) - raft.server.log.segment.cache.num.max = 2 (custom)
2022-03-03 07:23:31,168 [pool-1-thread-1] INFO  server.RaftServerConfigKeys (ConfUtils.java:logGet(44)) - raft.server.log.segment.cache.size.max = 200MB (=209715200) (default)
2022-03-03 07:23:31,175 [pool-1-thread-1] INFO  segmented.SegmentedRaftLogWorker (SegmentedRaftLogWorker.java:<init>(182)) - new d78b0498-37f7-42fa-abe7-9e1e0a9796db@group-0DACFED22B51-SegmentedRaftLogWorker for RaftStorageImpl:Storage Directory /home/runner/work/ozone/ozone/hadoop-ozone/integration-test/target/test-dir/MiniOzoneClusterImpl-73ba9704-0a97-4d3d-983a-0dacfed22b51/ozone-meta/scm-ha/73ba9704-0a97-4d3d-983a-0dacfed22b51
2022-03-03 07:23:31,175 [pool-1-thread-1] INFO  server.RaftServerConfigKeys (ConfUtils.java:logGet(44)) - raft.server.log.queue.byte-limit = 64MB (=67108864) (default)
2022-03-03 07:23:31,176 [pool-1-thread-1] INFO  server.RaftServerConfigKeys (ConfUtils.java:logGet(44)) - raft.server.log.queue.element-limit = 4096 (default)
2022-03-03 07:23:31,177 [pool-1-thread-1] INFO  server.RaftServerConfigKeys (ConfUtils.java:logGet(44)) - raft.server.log.segment.size.max = 4194304 (custom)
2022-03-03 07:23:31,178 [pool-1-thread-1] INFO  server.RaftServerConfigKeys (ConfUtils.java:logGet(44)) - raft.server.log.preallocated.size = 4194304 (custom)
2022-03-03 07:23:31,178 [pool-1-thread-1] INFO  server.RaftServerConfigKeys (ConfUtils.java:logGet(44)) - raft.server.log.force.sync.num = 128 (default)
2022-03-03 07:23:31,180 [pool-1-thread-1] INFO  server.RaftServerConfigKeys (ConfUtils.java:logGet(44)) - raft.server.log.statemachine.data.sync = true (default)
2022-03-03 07:23:31,180 [pool-1-thread-1] INFO  server.RaftServerConfigKeys (ConfUtils.java:logGet(44)) - raft.server.log.statemachine.data.sync.timeout = 10s (default)
2022-03-03 07:23:31,181 [pool-1-thread-1] INFO  server.RaftServerConfigKeys (ConfUtils.java:logGet(44)) - raft.server.log.statemachine.data.sync.timeout.retry = -1 (default)
2022-03-03 07:23:31,190 [pool-1-thread-1] INFO  server.RaftServerConfigKeys (ConfUtils.java:logGet(44)) - raft.server.log.write.buffer.size = 64KB (=65536) (default)
2022-03-03 07:23:31,191 [pool-1-thread-1] INFO  server.RaftServerConfigKeys (ConfUtils.java:logGet(44)) - raft.server.log.statemachine.data.caching.enabled = false (default)
2022-03-03 07:23:31,198 [pool-1-thread-1] INFO  segmented.SegmentedRaftLogWorker (SegmentedRaftLogWorker.java:lambda$new$0(133)) - d78b0498-37f7-42fa-abe7-9e1e0a9796db@group-0DACFED22B51-SegmentedRaftLogWorker: flushIndex: setUnconditionally 0 -> -1
2022-03-03 07:23:31,198 [pool-1-thread-1] INFO  segmented.SegmentedRaftLogWorker (SegmentedRaftLogWorker.java:lambda$new$0(133)) - d78b0498-37f7-42fa-abe7-9e1e0a9796db@group-0DACFED22B51-SegmentedRaftLogWorker: safeCacheEvictIndex: setUnconditionally 0 -> -1
2022-03-03 07:23:31,203 [pool-1-thread-1] INFO  server.RaftServerConfigKeys (ConfUtils.java:logGet(44)) - raft.server.snapshot.auto.trigger.enabled = true (custom)
2022-03-03 07:23:31,204 [pool-1-thread-1] INFO  server.RaftServerConfigKeys (ConfUtils.java:logGet(44)) - raft.server.snapshot.auto.trigger.threshold = 1000 (custom)
2022-03-03 07:23:31,205 [pool-1-thread-1] INFO  server.RaftServerConfigKeys (ConfUtils.java:logGet(44)) - raft.server.snapshot.retention.file.num = -1 (default)
2022-03-03 07:23:31,205 [pool-1-thread-1] INFO  server.RaftServerConfigKeys (ConfUtils.java:logGet(44)) - raft.server.log.purge.upto.snapshot.index = false (default)
2022-03-03 07:23:31,207 [pool-1-thread-1] INFO  server.RaftServerConfigKeys (ConfUtils.java:logGet(44)) - raft.server.retrycache.expirytime = 60000ms (default)
2022-03-03 07:23:31,207 [pool-1-thread-1] INFO  server.RaftServerConfigKeys (ConfUtils.java:logGet(44)) - raft.server.retrycache.statistics.expirytime = 100μs (default)
2022-03-03 07:23:31,249 [main] INFO  server.RaftServer$Division (RaftServerImpl.java:start(301)) - d78b0498-37f7-42fa-abe7-9e1e0a9796db@group-0DACFED22B51: start as a follower, conf=-1: [d78b0498-37f7-42fa-abe7-9e1e0a9796db|rpc:fv-az501-749:9894|priority:0], old=null
2022-03-03 07:23:31,250 [main] INFO  server.RaftServer$Division (RaftServerImpl.java:setRole(290)) - d78b0498-37f7-42fa-abe7-9e1e0a9796db@group-0DACFED22B51: changes role from      null to FOLLOWER at term 0 for startAsFollower
2022-03-03 07:23:31,252 [main] INFO  impl.RoleInfo (RoleInfo.java:updateAndGet(130)) - d78b0498-37f7-42fa-abe7-9e1e0a9796db: start d78b0498-37f7-42fa-abe7-9e1e0a9796db@group-0DACFED22B51-FollowerState
2022-03-03 07:23:31,253 [main] INFO  util.JmxRegister (JmxRegister.java:tryRegister(44)) - Successfully registered JMX Bean with object name Ratis:service=RaftServer,group=group-0DACFED22B51,id=d78b0498-37f7-42fa-abe7-9e1e0a9796db
2022-03-03 07:23:31,256 [main] INFO  server.RaftServer (RaftServerProxy.java:lambda$start$5(374)) - d78b0498-37f7-42fa-abe7-9e1e0a9796db: start RPC server
2022-03-03 07:23:31,338 [main] INFO  server.GrpcService (GrpcService.java:startImpl(253)) - d78b0498-37f7-42fa-abe7-9e1e0a9796db: GrpcService started, listening on 9894
2022-03-03 07:23:31,342 [org.apache.ratis.util.JvmPauseMonitor$$Lambda$422/311185452@45667d98] INFO  util.JvmPauseMonitor (JvmPauseMonitor.java:run(103)) - JvmPauseMonitor-d78b0498-37f7-42fa-abe7-9e1e0a9796db: Started
2022-03-03 07:23:36,434 [d78b0498-37f7-42fa-abe7-9e1e0a9796db@group-0DACFED22B51-FollowerState] INFO  impl.FollowerState (FollowerState.java:run(134)) - d78b0498-37f7-42fa-abe7-9e1e0a9796db@group-0DACFED22B51-FollowerState: change to CANDIDATE, lastRpcElapsedTime:5182315627ns, electionTimeout:5180ms
2022-03-03 07:23:36,435 [d78b0498-37f7-42fa-abe7-9e1e0a9796db@group-0DACFED22B51-FollowerState] INFO  impl.RoleInfo (RoleInfo.java:shutdownFollowerState(108)) - d78b0498-37f7-42fa-abe7-9e1e0a9796db: shutdown d78b0498-37f7-42fa-abe7-9e1e0a9796db@group-0DACFED22B51-FollowerState
2022-03-03 07:23:36,436 [d78b0498-37f7-42fa-abe7-9e1e0a9796db@group-0DACFED22B51-FollowerState] INFO  server.RaftServer$Division (RaftServerImpl.java:setRole(290)) - d78b0498-37f7-42fa-abe7-9e1e0a9796db@group-0DACFED22B51: changes role from  FOLLOWER to CANDIDATE at term 0 for changeToCandidate
2022-03-03 07:23:36,439 [d78b0498-37f7-42fa-abe7-9e1e0a9796db@group-0DACFED22B51-FollowerState] INFO  server.RaftServerConfigKeys (ConfUtils.java:logGet(44)) - raft.server.leaderelection.pre-vote = false (custom)
2022-03-03 07:23:36,439 [d78b0498-37f7-42fa-abe7-9e1e0a9796db@group-0DACFED22B51-FollowerState] INFO  impl.RoleInfo (RoleInfo.java:updateAndGet(130)) - d78b0498-37f7-42fa-abe7-9e1e0a9796db: start d78b0498-37f7-42fa-abe7-9e1e0a9796db@group-0DACFED22B51-LeaderElection1
2022-03-03 07:23:36,467 [d78b0498-37f7-42fa-abe7-9e1e0a9796db@group-0DACFED22B51-LeaderElection1] INFO  impl.LeaderElection (LeaderElection.java:askForVotes(306)) - d78b0498-37f7-42fa-abe7-9e1e0a9796db@group-0DACFED22B51-LeaderElection1 ELECTION round 0: submit vote requests at term 1 for -1: [d78b0498-37f7-42fa-abe7-9e1e0a9796db|rpc:fv-az501-749:9894|priority:0], old=null
2022-03-03 07:23:36,468 [d78b0498-37f7-42fa-abe7-9e1e0a9796db@group-0DACFED22B51-LeaderElection1] INFO  impl.LeaderElection (LeaderElection.java:askForVotes(308)) - d78b0498-37f7-42fa-abe7-9e1e0a9796db@group-0DACFED22B51-LeaderElection1 ELECTION round 0: result PASSED (term=1)
2022-03-03 07:23:36,469 [d78b0498-37f7-42fa-abe7-9e1e0a9796db@group-0DACFED22B51-LeaderElection1] INFO  impl.RoleInfo (RoleInfo.java:shutdownLeaderElection(121)) - d78b0498-37f7-42fa-abe7-9e1e0a9796db: shutdown d78b0498-37f7-42fa-abe7-9e1e0a9796db@group-0DACFED22B51-LeaderElection1
2022-03-03 07:23:36,469 [d78b0498-37f7-42fa-abe7-9e1e0a9796db@group-0DACFED22B51-LeaderElection1] INFO  server.RaftServer$Division (RaftServerImpl.java:setRole(290)) - d78b0498-37f7-42fa-abe7-9e1e0a9796db@group-0DACFED22B51: changes role from CANDIDATE to LEADER at term 1 for changeToLeader
2022-03-03 07:23:36,470 [d78b0498-37f7-42fa-abe7-9e1e0a9796db@group-0DACFED22B51-LeaderElection1] INFO  server.RaftServer$Division (ServerState.java:setLeader(285)) - d78b0498-37f7-42fa-abe7-9e1e0a9796db@group-0DACFED22B51: change Leader from null to d78b0498-37f7-42fa-abe7-9e1e0a9796db at term 1 for becomeLeader, leader elected after 5402ms
2022-03-03 07:23:36,479 [d78b0498-37f7-42fa-abe7-9e1e0a9796db@group-0DACFED22B51-LeaderElection1] INFO  server.RaftServerConfigKeys (ConfUtils.java:logGet(44)) - raft.server.staging.catchup.gap = 1000 (default)
2022-03-03 07:23:36,488 [d78b0498-37f7-42fa-abe7-9e1e0a9796db@group-0DACFED22B51-LeaderElection1] INFO  server.RaftServerConfigKeys (ConfUtils.java:logGet(44)) - raft.server.write.element-limit = 4096 (default)
2022-03-03 07:23:36,489 [d78b0498-37f7-42fa-abe7-9e1e0a9796db@group-0DACFED22B51-LeaderElection1] INFO  server.RaftServerConfigKeys (ConfUtils.java:logGet(44)) - raft.server.write.byte-limit = 64MB (=67108864) (default)
2022-03-03 07:23:36,499 [d78b0498-37f7-42fa-abe7-9e1e0a9796db@group-0DACFED22B51-LeaderElection1] INFO  server.RaftServerConfigKeys (ConfUtils.java:logGet(44)) - raft.server.watch.timeout = 10s (default)
2022-03-03 07:23:36,500 [d78b0498-37f7-42fa-abe7-9e1e0a9796db@group-0DACFED22B51-LeaderElection1] INFO  server.RaftServerConfigKeys (ConfUtils.java:logGet(44)) - raft.server.watch.timeout.denomination = 1s (default)
2022-03-03 07:23:36,501 [d78b0498-37f7-42fa-abe7-9e1e0a9796db@group-0DACFED22B51-LeaderElection1] INFO  server.RaftServerConfigKeys (ConfUtils.java:logGet(44)) - raft.server.watch.element-limit = 65536 (default)
2022-03-03 07:23:36,506 [d78b0498-37f7-42fa-abe7-9e1e0a9796db@group-0DACFED22B51-LeaderElection1] INFO  server.RaftServerConfigKeys (ConfUtils.java:logGet(44)) - raft.server.write.element-limit = 4096 (default)
2022-03-03 07:23:36,509 [d78b0498-37f7-42fa-abe7-9e1e0a9796db@group-0DACFED22B51-LeaderElection1] INFO  server.RaftServerConfigKeys (ConfUtils.java:logGet(44)) - raft.server.write.follower.gap.ratio.max = -1.0 (default)
2022-03-03 07:23:36,518 [d78b0498-37f7-42fa-abe7-9e1e0a9796db@group-0DACFED22B51-LeaderElection1] INFO  impl.RoleInfo (RoleInfo.java:updateAndGet(130)) - d78b0498-37f7-42fa-abe7-9e1e0a9796db: start d78b0498-37f7-42fa-abe7-9e1e0a9796db@group-0DACFED22B51-LeaderStateImpl
2022-03-03 07:23:36,548 [d78b0498-37f7-42fa-abe7-9e1e0a9796db@group-0DACFED22B51-LeaderElection1] INFO  segmented.SegmentedRaftLogWorker (SegmentedRaftLogWorker.java:startLogSegment(394)) - d78b0498-37f7-42fa-abe7-9e1e0a9796db@group-0DACFED22B51-SegmentedRaftLogWorker: Starting segment from index:0
2022-03-03 07:23:36,617 [d78b0498-37f7-42fa-abe7-9e1e0a9796db@group-0DACFED22B51-LeaderElection1] INFO  server.RaftServer$Division (ServerState.java:setRaftConf(387)) - d78b0498-37f7-42fa-abe7-9e1e0a9796db@group-0DACFED22B51: set configuration 0: [d78b0498-37f7-42fa-abe7-9e1e0a9796db|rpc:fv-az501-749:9894|admin:|client:|dataStream:|priority:0], old=null
2022-03-03 07:23:36,663 [d78b0498-37f7-42fa-abe7-9e1e0a9796db@group-0DACFED22B51-SegmentedRaftLogWorker] INFO  segmented.SegmentedRaftLogWorker (SegmentedRaftLogWorker.java:execute(601)) - d78b0498-37f7-42fa-abe7-9e1e0a9796db@group-0DACFED22B51-SegmentedRaftLogWorker: created new log segment /home/runner/work/ozone/ozone/hadoop-ozone/integration-test/target/test-dir/MiniOzoneClusterImpl-73ba9704-0a97-4d3d-983a-0dacfed22b51/ozone-meta/scm-ha/73ba9704-0a97-4d3d-983a-0dacfed22b51/current/log_inprogress_0
2022-03-03 07:23:37,344 [main] INFO  server.RaftServer (RaftServerProxy.java:lambda$close$6(391)) - d78b0498-37f7-42fa-abe7-9e1e0a9796db: close
2022-03-03 07:23:37,345 [main] INFO  server.RaftServer$Division (RaftServerImpl.java:lambda$close$4(412)) - d78b0498-37f7-42fa-abe7-9e1e0a9796db@group-0DACFED22B51: shutdown
2022-03-03 07:23:37,346 [main] INFO  util.JmxRegister (JmxRegister.java:unregister(73)) - Successfully un-registered JMX Bean with object name Ratis:service=RaftServer,group=group-0DACFED22B51,id=d78b0498-37f7-42fa-abe7-9e1e0a9796db
2022-03-03 07:23:37,346 [main] INFO  impl.RoleInfo (RoleInfo.java:shutdownLeaderState(91)) - d78b0498-37f7-42fa-abe7-9e1e0a9796db: shutdown d78b0498-37f7-42fa-abe7-9e1e0a9796db@group-0DACFED22B51-LeaderStateImpl
2022-03-03 07:23:37,352 [main] INFO  impl.PendingRequests (PendingRequests.java:sendNotLeaderResponses(282)) - d78b0498-37f7-42fa-abe7-9e1e0a9796db@group-0DACFED22B51-PendingRequests: sendNotLeaderResponses
2022-03-03 07:23:37,354 [main] INFO  impl.StateMachineUpdater (StateMachineUpdater.java:stopAndJoin(149)) - d78b0498-37f7-42fa-abe7-9e1e0a9796db@group-0DACFED22B51-StateMachineUpdater: set stopIndex = 0
2022-03-03 07:23:37,355 [d78b0498-37f7-42fa-abe7-9e1e0a9796db@group-0DACFED22B51-StateMachineUpdater] INFO  impl.StateMachineUpdater (StateMachineUpdater.java:takeSnapshot(281)) - d78b0498-37f7-42fa-abe7-9e1e0a9796db@group-0DACFED22B51-StateMachineUpdater: Took a snapshot at index 0
2022-03-03 07:23:37,355 [d78b0498-37f7-42fa-abe7-9e1e0a9796db@group-0DACFED22B51-StateMachineUpdater] INFO  impl.StateMachineUpdater (StateMachineUpdater.java:lambda$new$0(89)) - d78b0498-37f7-42fa-abe7-9e1e0a9796db@group-0DACFED22B51-StateMachineUpdater: snapshotIndex: updateIncreasingly -1 -> 0
2022-03-03 07:23:37,358 [main] INFO  server.RaftServer$Division (ServerState.java:close(419)) - d78b0498-37f7-42fa-abe7-9e1e0a9796db@group-0DACFED22B51: closes. applyIndex: 0
2022-03-03 07:23:37,362 [d78b0498-37f7-42fa-abe7-9e1e0a9796db@group-0DACFED22B51-SegmentedRaftLogWorker] INFO  segmented.SegmentedRaftLogWorker (SegmentedRaftLogWorker.java:run(327)) - d78b0498-37f7-42fa-abe7-9e1e0a9796db@group-0DACFED22B51-SegmentedRaftLogWorker was interrupted, exiting. There are 0 tasks remaining in the queue.
2022-03-03 07:23:37,363 [main] INFO  segmented.SegmentedRaftLogWorker (SegmentedRaftLogWorker.java:close(237)) - d78b0498-37f7-42fa-abe7-9e1e0a9796db@group-0DACFED22B51-SegmentedRaftLogWorker close()
2022-03-03 07:23:37,364 [main] INFO  server.GrpcService (GrpcService.java:closeImpl(262)) - d78b0498-37f7-42fa-abe7-9e1e0a9796db: shutdown server with port 9894 now
2022-03-03 07:23:37,385 [main] INFO  server.GrpcService (GrpcService.java:closeImpl(271)) - d78b0498-37f7-42fa-abe7-9e1e0a9796db: shutdown server with port 9894 successfully
2022-03-03 07:23:37,386 [org.apache.ratis.util.JvmPauseMonitor$$Lambda$422/311185452@45667d98] INFO  util.JvmPauseMonitor (JvmPauseMonitor.java:run(109)) - JvmPauseMonitor-d78b0498-37f7-42fa-abe7-9e1e0a9796db: Stopped
2022-03-03 07:23:37,441 [main] INFO  ha.SCMHANodeDetails (SCMHANodeDetails.java:loadSCMHAConfig(157)) - ServiceID for StorageContainerManager is null
2022-03-03 07:23:37,442 [main] INFO  ha.SCMHANodeDetails (SCMHANodeDetails.java:loadSCMHAConfig(162)) - ozone.scm.default.service.id is not defined, falling back to ozone.scm.service.ids to find serviceID for StorageContainerManager if it is HA enabled cluster
2022-03-03 07:23:37,470 [main] WARN  server.ServerUtils (ServerUtils.java:getScmDbDir(148)) - ozone.scm.db.dirs is not configured. We recommend adding this setting. Falling back to ozone.metadata.dirs instead.
2022-03-03 07:23:37,473 [main] INFO  upgrade.AbstractLayoutVersionManager (AbstractLayoutVersionManager.java:init(79)) - Initializing Layout version manager with metadata layout = SCM_HA (version = 2), software layout = SCM_HA (version = 2)
2022-03-03 07:23:37,674 [main] INFO  reflections.Reflections (Reflections.java:scan(232)) - Reflections took 165 ms to scan 7 urls, producing 122 keys and 286 values 
2022-03-03 07:23:38,309 [main] WARN  utils.HAUtils (HAUtils.java:getMetaDir(342)) - ozone.scm.db.dirs is not configured. We recommend adding this setting. Falling back to ozone.metadata.dirs instead.
2022-03-03 07:23:38,480 [main] WARN  db.DBStoreBuilder (DBStoreBuilder.java:applyDBDefinition(145)) - ozone.scm.db.dirs is not configured. We recommend adding this setting. Falling back to ozone.metadata.dirs instead.
2022-03-03 07:23:38,688 [main] INFO  net.NodeSchemaLoader (NodeSchemaLoader.java:loadSchemaFromFile(129)) - Loading schema from [jar:file:/home/runner/.m2/repository/org/apache/ozone/hdds-common/1.3.0-SNAPSHOT/hdds-common-1.3.0-SNAPSHOT.jar!/network-topology-default.xml]
2022-03-03 07:23:38,690 [main] INFO  net.NodeSchemaLoader (NodeSchemaLoader.java:loadSchema(176)) - Loading network topology layer schema file
2022-03-03 07:23:38,746 [main] INFO  ha.SCMRatisServerImpl (SCMRatisServerImpl.java:<init>(87)) - starting Raft server for scm:d78b0498-37f7-42fa-abe7-9e1e0a9796db
2022-03-03 07:23:38,751 [main] INFO  server.RaftServer (ConfUtils.java:logGet(44)) - raft.rpc.type = GRPC (default)
2022-03-03 07:23:38,751 [main] INFO  grpc.GrpcFactory (GrpcFactory.java:checkPooledByteBufAllocatorUseCacheForAllThreads(48)) - PERFORMANCE WARNING: useCacheForAllThreads is true that may cause Netty to create a lot garbage objects and, as a result, trigger GC.
	It is recommended to disable useCacheForAllThreads by setting -Dorg.apache.ratis.thirdparty.io.netty.allocator.useCacheForAllThreads=false in command line.
2022-03-03 07:23:38,751 [main] INFO  grpc.GrpcConfigKeys (ConfUtils.java:logGet(44)) - raft.grpc.admin.port = -1 (default)
2022-03-03 07:23:38,752 [main] INFO  grpc.GrpcConfigKeys (ConfUtils.java:logGet(44)) - raft.grpc.server.port = 9894 (custom)
2022-03-03 07:23:38,752 [main] INFO  grpc.GrpcConfigKeys (ConfUtils.java:logGet(44)) - raft.grpc.client.port = -1 (default)
2022-03-03 07:23:38,752 [main] INFO  grpc.GrpcConfigKeys (ConfUtils.java:logGet(44)) - raft.grpc.server.port = 9894 (custom)
2022-03-03 07:23:38,752 [main] INFO  grpc.GrpcConfigKeys (ConfUtils.java:logGet(44)) - raft.grpc.server.port = 9894 (custom)
2022-03-03 07:23:38,753 [main] INFO  server.GrpcService (ConfUtils.java:logGet(44)) - raft.grpc.message.size.max = 32m (=33554432) (custom)
2022-03-03 07:23:38,753 [main] INFO  server.RaftServerConfigKeys (ConfUtils.java:logGet(44)) - raft.server.log.appender.buffer.byte-limit = 33554432 (custom)
2022-03-03 07:23:38,753 [main] INFO  server.GrpcService (ConfUtils.java:logGet(44)) - raft.grpc.flow.control.window = 1MB (=1048576) (default)
2022-03-03 07:23:38,754 [main] INFO  server.RaftServerConfigKeys (ConfUtils.java:logGet(44)) - raft.server.rpc.request.timeout = 30000ms (custom)
2022-03-03 07:23:38,755 [main] INFO  impl.DataStreamServerImpl (ConfUtils.java:logGet(44)) - raft.datastream.type = DISABLED (default)
2022-03-03 07:23:38,755 [main] INFO  server.RaftServerConfigKeys (ConfUtils.java:logGet(44)) - raft.server.rpc.slowness.timeout = 120000ms (custom)
2022-03-03 07:23:38,756 [main] INFO  server.RaftServerConfigKeys (ConfUtils.java:logGet(44)) - raft.server.leaderelection.leader.step-down.wait-time = 10s (default)
2022-03-03 07:23:38,756 [main] INFO  server.RaftServerConfigKeys (ConfUtils.java:logGet(44)) - raft.server.storage.dir = [/home/runner/work/ozone/ozone/hadoop-ozone/integration-test/target/test-dir/MiniOzoneClusterImpl-73ba9704-0a97-4d3d-983a-0dacfed22b51/ozone-meta/scm-ha] (custom)
2022-03-03 07:23:38,756 [main] INFO  server.RaftServer (RaftServerProxy.java:lambda$null$1(235)) - d78b0498-37f7-42fa-abe7-9e1e0a9796db: found a subdirectory /home/runner/work/ozone/ozone/hadoop-ozone/integration-test/target/test-dir/MiniOzoneClusterImpl-73ba9704-0a97-4d3d-983a-0dacfed22b51/ozone-meta/scm-ha/73ba9704-0a97-4d3d-983a-0dacfed22b51
2022-03-03 07:23:38,758 [main] INFO  server.RaftServer (RaftServerProxy.java:addNew(95)) - d78b0498-37f7-42fa-abe7-9e1e0a9796db: addNew group-0DACFED22B51:[] returns group-0DACFED22B51:java.util.concurrent.CompletableFuture@4245bf68[Not completed]
2022-03-03 07:23:38,761 [pool-16-thread-1] INFO  server.RaftServer$Division (RaftServerImpl.java:<init>(184)) - d78b0498-37f7-42fa-abe7-9e1e0a9796db: new RaftServerImpl for group-0DACFED22B51:[] with SCMStateMachine:uninitialized
2022-03-03 07:23:38,761 [pool-16-thread-1] INFO  server.RaftServerConfigKeys (ConfUtils.java:logGet(44)) - raft.server.rpc.timeout.min = 5000ms (custom)
2022-03-03 07:23:38,762 [pool-16-thread-1] INFO  server.RaftServerConfigKeys (ConfUtils.java:logGet(44)) - raft.server.rpc.timeout.max = 5200ms (custom)
2022-03-03 07:23:38,762 [pool-16-thread-1] INFO  server.RaftServerConfigKeys (ConfUtils.java:logGet(44)) - raft.server.rpc.sleep.time = 25ms (default)
2022-03-03 07:23:38,762 [pool-16-thread-1] INFO  server.RaftServerConfigKeys (ConfUtils.java:logGet(44)) - raft.server.rpc.slowness.timeout = 120000ms (custom)
2022-03-03 07:23:38,762 [pool-16-thread-1] INFO  server.RaftServerConfigKeys (ConfUtils.java:logGet(44)) - raft.server.leaderelection.leader.step-down.wait-time = 10s (default)
2022-03-03 07:23:38,762 [pool-16-thread-1] INFO  server.RaftServerConfigKeys (ConfUtils.java:logGet(44)) - raft.server.sleep.deviation.threshold = 300ms (default)
2022-03-03 07:23:38,762 [pool-16-thread-1] INFO  server.RaftServerConfigKeys (ConfUtils.java:logGet(44)) - raft.server.log.appender.install.snapshot.enabled = false (custom)
2022-03-03 07:23:38,763 [pool-16-thread-1] INFO  server.RaftServer$Division (ServerState.java:<init>(105)) - d78b0498-37f7-42fa-abe7-9e1e0a9796db@group-0DACFED22B51: ConfigurationManager, init=-1: [], old=null, confs=<EMPTY_MAP>
2022-03-03 07:23:38,763 [pool-16-thread-1] INFO  server.RaftServerConfigKeys (ConfUtils.java:logGet(44)) - raft.server.storage.dir = [/home/runner/work/ozone/ozone/hadoop-ozone/integration-test/target/test-dir/MiniOzoneClusterImpl-73ba9704-0a97-4d3d-983a-0dacfed22b51/ozone-meta/scm-ha] (custom)
2022-03-03 07:23:38,763 [pool-16-thread-1] INFO  server.RaftServerConfigKeys (ConfUtils.java:logGet(44)) - raft.server.log.corruption.policy = EXCEPTION (default)
2022-03-03 07:23:38,764 [pool-16-thread-1] INFO  server.RaftServerConfigKeys (ConfUtils.java:logGet(44)) - raft.server.storage.free-space.min = 0MB (=0) (default)
2022-03-03 07:23:38,765 [pool-16-thread-1] INFO  storage.RaftStorageDirectory (RaftStorageDirectoryImpl.java:tryLock(230)) - Lock on /home/runner/work/ozone/ozone/hadoop-ozone/integration-test/target/test-dir/MiniOzoneClusterImpl-73ba9704-0a97-4d3d-983a-0dacfed22b51/ozone-meta/scm-ha/73ba9704-0a97-4d3d-983a-0dacfed22b51/in_use.lock acquired by nodename 30716@fv-az501-749
2022-03-03 07:23:38,766 [pool-16-thread-1] INFO  storage.RaftStorage (RaftStorageImpl.java:analyzeAndRecoverStorage(110)) - Read RaftStorageMetadata{term=1, votedFor=d78b0498-37f7-42fa-abe7-9e1e0a9796db} from /home/runner/work/ozone/ozone/hadoop-ozone/integration-test/target/test-dir/MiniOzoneClusterImpl-73ba9704-0a97-4d3d-983a-0dacfed22b51/ozone-meta/scm-ha/73ba9704-0a97-4d3d-983a-0dacfed22b51/current/raft-meta
2022-03-03 07:23:38,777 [pool-16-thread-1] INFO  server.RaftServer$Division (ServerState.java:setRaftConf(387)) - d78b0498-37f7-42fa-abe7-9e1e0a9796db@group-0DACFED22B51: set configuration 0: [d78b0498-37f7-42fa-abe7-9e1e0a9796db|rpc:fv-az501-749:9894|admin:|client:|dataStream:|priority:0], old=null
2022-03-03 07:23:38,777 [pool-16-thread-1] INFO  server.RaftServerConfigKeys (ConfUtils.java:logGet(44)) - raft.server.notification.no-leader.timeout = 60s (default)
2022-03-03 07:23:38,777 [pool-16-thread-1] INFO  server.RaftServerConfigKeys (ConfUtils.java:logGet(44)) - raft.server.log.use.memory = false (default)
2022-03-03 07:23:38,777 [pool-16-thread-1] INFO  server.RaftServerConfigKeys (ConfUtils.java:logGet(44)) - raft.server.log.purge.gap = 1000000 (custom)
2022-03-03 07:23:38,778 [pool-16-thread-1] INFO  server.RaftServerConfigKeys (ConfUtils.java:logGet(44)) - raft.server.log.appender.buffer.byte-limit = 33554432 (custom)
2022-03-03 07:23:38,781 [pool-16-thread-1] INFO  server.RaftServerConfigKeys (ConfUtils.java:logGet(44)) - raft.server.log.segment.size.max = 4194304 (custom)
2022-03-03 07:23:38,782 [pool-16-thread-1] INFO  server.RaftServerConfigKeys (ConfUtils.java:logGet(44)) - raft.server.log.segment.cache.num.max = 2 (custom)
2022-03-03 07:23:38,782 [pool-16-thread-1] INFO  server.RaftServerConfigKeys (ConfUtils.java:logGet(44)) - raft.server.log.segment.cache.size.max = 200MB (=209715200) (default)
2022-03-03 07:23:38,782 [pool-16-thread-1] INFO  segmented.SegmentedRaftLogWorker (SegmentedRaftLogWorker.java:<init>(182)) - new d78b0498-37f7-42fa-abe7-9e1e0a9796db@group-0DACFED22B51-SegmentedRaftLogWorker for RaftStorageImpl:Storage Directory /home/runner/work/ozone/ozone/hadoop-ozone/integration-test/target/test-dir/MiniOzoneClusterImpl-73ba9704-0a97-4d3d-983a-0dacfed22b51/ozone-meta/scm-ha/73ba9704-0a97-4d3d-983a-0dacfed22b51
2022-03-03 07:23:38,782 [pool-16-thread-1] INFO  server.RaftServerConfigKeys (ConfUtils.java:logGet(44)) - raft.server.log.queue.byte-limit = 64MB (=67108864) (default)
2022-03-03 07:23:38,783 [pool-16-thread-1] INFO  server.RaftServerConfigKeys (ConfUtils.java:logGet(44)) - raft.server.log.queue.element-limit = 4096 (default)
2022-03-03 07:23:38,783 [pool-16-thread-1] INFO  server.RaftServerConfigKeys (ConfUtils.java:logGet(44)) - raft.server.log.segment.size.max = 4194304 (custom)
2022-03-03 07:23:38,783 [pool-16-thread-1] INFO  server.RaftServerConfigKeys (ConfUtils.java:logGet(44)) - raft.server.log.preallocated.size = 4194304 (custom)
2022-03-03 07:23:38,783 [pool-16-thread-1] INFO  server.RaftServerConfigKeys (ConfUtils.java:logGet(44)) - raft.server.log.force.sync.num = 128 (default)
2022-03-03 07:23:38,783 [pool-16-thread-1] INFO  server.RaftServerConfigKeys (ConfUtils.java:logGet(44)) - raft.server.log.statemachine.data.sync = true (default)
2022-03-03 07:23:38,783 [pool-16-thread-1] INFO  server.RaftServerConfigKeys (ConfUtils.java:logGet(44)) - raft.server.log.statemachine.data.sync.timeout = 10s (default)
2022-03-03 07:23:38,784 [pool-16-thread-1] INFO  server.RaftServerConfigKeys (ConfUtils.java:logGet(44)) - raft.server.log.statemachine.data.sync.timeout.retry = -1 (default)
2022-03-03 07:23:38,785 [pool-16-thread-1] INFO  server.RaftServerConfigKeys (ConfUtils.java:logGet(44)) - raft.server.log.write.buffer.size = 64KB (=65536) (default)
2022-03-03 07:23:38,785 [pool-16-thread-1] INFO  server.RaftServerConfigKeys (ConfUtils.java:logGet(44)) - raft.server.log.statemachine.data.caching.enabled = false (default)
2022-03-03 07:23:38,793 [pool-16-thread-1] INFO  server.RaftServer$Division (ServerState.java:setRaftConf(387)) - d78b0498-37f7-42fa-abe7-9e1e0a9796db@group-0DACFED22B51: set configuration 0: [d78b0498-37f7-42fa-abe7-9e1e0a9796db|rpc:fv-az501-749:9894|admin:|client:|dataStream:|priority:0], old=null
2022-03-03 07:23:38,793 [pool-16-thread-1] INFO  segmented.LogSegment (LogSegment.java:loadSegment(173)) - Successfully read 1 entries from segment file /home/runner/work/ozone/ozone/hadoop-ozone/integration-test/target/test-dir/MiniOzoneClusterImpl-73ba9704-0a97-4d3d-983a-0dacfed22b51/ozone-meta/scm-ha/73ba9704-0a97-4d3d-983a-0dacfed22b51/current/log_inprogress_0
2022-03-03 07:23:38,793 [pool-16-thread-1] INFO  segmented.SegmentedRaftLogWorker (SegmentedRaftLogWorker.java:lambda$new$0(133)) - d78b0498-37f7-42fa-abe7-9e1e0a9796db@group-0DACFED22B51-SegmentedRaftLogWorker: flushIndex: setUnconditionally 0 -> 0
2022-03-03 07:23:38,794 [pool-16-thread-1] INFO  segmented.SegmentedRaftLogWorker (SegmentedRaftLogWorker.java:lambda$new$0(133)) - d78b0498-37f7-42fa-abe7-9e1e0a9796db@group-0DACFED22B51-SegmentedRaftLogWorker: safeCacheEvictIndex: setUnconditionally 0 -> -1
2022-03-03 07:23:38,797 [pool-16-thread-1] INFO  server.RaftServerConfigKeys (ConfUtils.java:logGet(44)) - raft.server.snapshot.auto.trigger.enabled = true (custom)
2022-03-03 07:23:38,797 [pool-16-thread-1] INFO  server.RaftServerConfigKeys (ConfUtils.java:logGet(44)) - raft.server.snapshot.auto.trigger.threshold = 1000 (custom)
2022-03-03 07:23:38,797 [pool-16-thread-1] INFO  server.RaftServerConfigKeys (ConfUtils.java:logGet(44)) - raft.server.snapshot.retention.file.num = -1 (default)
2022-03-03 07:23:38,798 [pool-16-thread-1] INFO  server.RaftServerConfigKeys (ConfUtils.java:logGet(44)) - raft.server.log.purge.upto.snapshot.index = false (default)
2022-03-03 07:23:38,798 [pool-16-thread-1] INFO  server.RaftServerConfigKeys (ConfUtils.java:logGet(44)) - raft.server.retrycache.expirytime = 60000ms (default)
2022-03-03 07:23:38,798 [pool-16-thread-1] INFO  server.RaftServerConfigKeys (ConfUtils.java:logGet(44)) - raft.server.retrycache.statistics.expirytime = 100μs (default)
2022-03-03 07:23:38,801 [main] INFO  ha.SCMSnapshotProvider (SCMSnapshotProvider.java:<init>(66)) - Initializing SCM Snapshot Provider
2022-03-03 07:23:38,802 [main] WARN  server.ServerUtils (ServerUtils.java:getDefaultRatisDirectory(237)) - Storage directory for Ratis is not configured. It is a good idea to map this to an SSD disk. Falling back to ozone.metadata.dirs
2022-03-03 07:23:38,802 [main] WARN  ha.SCMHAUtils (SCMHAUtils.java:getSCMRatisSnapshotDirectory(151)) - SCM snapshot dir is not configured. Falling back to ozone.metadata.dirs config
2022-03-03 07:23:38,954 [main] INFO  ha.SequenceIdGenerator (SequenceIdGenerator.java:upgradeToSequenceId(347)) - upgrade localId to 109611004723200000
2022-03-03 07:23:38,958 [main] INFO  ha.SequenceIdGenerator (SequenceIdGenerator.java:upgradeToSequenceId(357)) - upgrade delTxnId to 0
2022-03-03 07:23:38,963 [main] INFO  ha.SequenceIdGenerator (SequenceIdGenerator.java:upgradeToSequenceId(371)) - upgrade containerId to 0
2022-03-03 07:23:38,966 [main] INFO  ha.SequenceIdGenerator (SequenceIdGenerator.java:<init>(218)) - Init the HA SequenceIdGenerator.
2022-03-03 07:23:39,004 [main] WARN  server.ServerUtils (ServerUtils.java:sanitizeUserArgs(73)) - ozone.scm.stale.node.interval value = 300000 is larger than max = 100000 based on the key value of ozone.scm.heartbeat.thread.interval, reset to the max value 100000.
2022-03-03 07:23:39,004 [main] WARN  server.ServerUtils (ServerUtils.java:sanitizeUserArgs(73)) - ozone.scm.stale.node.interval value = 300000 is larger than max = 100000 based on the key value of ozone.scm.heartbeat.thread.interval, reset to the max value 100000.
2022-03-03 07:23:39,009 [main] INFO  node.SCMNodeManager (SCMNodeManager.java:<init>(146)) - Entering startup safe mode.
2022-03-03 07:23:39,065 [main] INFO  algorithms.ContainerPlacementPolicyFactory (ContainerPlacementPolicyFactory.java:getPolicy(60)) - Create container placement policy of type org.apache.hadoop.hdds.scm.container.placement.algorithms.SCMContainerPlacementRandom
2022-03-03 07:23:39,075 [main] INFO  pipeline.PipelineStateManagerImpl (PipelineStateManagerImpl.java:initialize(78)) - No pipeline exists in current db
2022-03-03 07:23:39,107 [main] INFO  algorithms.LeaderChoosePolicyFactory (LeaderChoosePolicyFactory.java:getPolicy(57)) - Create leader choose policy of type org.apache.hadoop.hdds.scm.pipeline.leader.choose.algorithms.MinLeaderCountChoosePolicy
2022-03-03 07:23:39,120 [main] INFO  ha.SCMServiceManager (SCMServiceManager.java:register(42)) - Registering service BackgroundPipelineCreator.
2022-03-03 07:23:39,120 [main] INFO  pipeline.BackgroundPipelineCreator (BackgroundPipelineCreator.java:start(130)) - Starting RatisPipelineUtilsThread.
2022-03-03 07:23:39,152 [main] INFO  algorithms.PipelineChoosePolicyFactory (PipelineChoosePolicyFactory.java:createPipelineChoosePolicyFromClass(73)) - Create pipeline choose policy of type org.apache.hadoop.hdds.scm.pipeline.choose.algorithms.RandomPipelineChoosePolicy
2022-03-03 07:23:39,168 [main] INFO  ha.SCMServiceManager (SCMServiceManager.java:register(42)) - Registering service SCMBlockDeletingService.
2022-03-03 07:23:39,196 [main] INFO  ha.SCMServiceManager (SCMServiceManager.java:register(42)) - Registering service ReplicationManager.
2022-03-03 07:23:39,213 [main] INFO  container.ReplicationManager (ReplicationManager.java:start(326)) - Starting Replication Monitor Thread.
2022-03-03 07:23:39,221 [ReplicationMonitor] INFO  container.ReplicationManager (ReplicationManager.java:processAll(374)) - Replication Manager is not ready to run until 3000ms after safemode exit
2022-03-03 07:23:39,225 [main] INFO  safemode.ContainerSafeModeRule (ContainerSafeModeRule.java:<init>(89)) - containers with one replica threshold count 0
2022-03-03 07:23:39,229 [main] INFO  safemode.HealthyPipelineSafeModeRule (HealthyPipelineSafeModeRule.java:initializeRule(156)) - Total pipeline count is 0, healthy pipeline threshold count is 1
2022-03-03 07:23:39,232 [main] INFO  safemode.OneReplicaPipelineSafeModeRule (OneReplicaPipelineSafeModeRule.java:initializeRule(180)) - Total pipeline count is 0, pipeline's with at least one datanode reported threshold count is 0
2022-03-03 07:23:39,626 [main] INFO  ipc.CallQueueManager (CallQueueManager.java:<init>(90)) - Using callQueue: class java.util.concurrent.LinkedBlockingQueue, queueCapacity: 2000, scheduler: class org.apache.hadoop.ipc.DefaultRpcScheduler, ipcBackoff: false.
2022-03-03 07:23:39,678 [Socket Reader #1 for port 0] INFO  ipc.Server (Server.java:run(1265)) - Starting Socket Reader #1 for port 0
2022-03-03 07:23:39,727 [Listener at 0.0.0.0/41895] INFO  ipc.CallQueueManager (CallQueueManager.java:<init>(90)) - Using callQueue: class java.util.concurrent.LinkedBlockingQueue, queueCapacity: 2000, scheduler: class org.apache.hadoop.ipc.DefaultRpcScheduler, ipcBackoff: false.
2022-03-03 07:23:39,730 [Socket Reader #1 for port 0] INFO  ipc.Server (Server.java:run(1265)) - Starting Socket Reader #1 for port 0
2022-03-03 07:23:39,757 [Listener at 0.0.0.0/37433] INFO  ipc.CallQueueManager (CallQueueManager.java:<init>(90)) - Using callQueue: class java.util.concurrent.LinkedBlockingQueue, queueCapacity: 2000, scheduler: class org.apache.hadoop.ipc.DefaultRpcScheduler, ipcBackoff: false.
2022-03-03 07:23:39,761 [Socket Reader #1 for port 0] INFO  ipc.Server (Server.java:run(1265)) - Starting Socket Reader #1 for port 0
2022-03-03 07:23:39,831 [Listener at 0.0.0.0/43895] INFO  server.StorageContainerManager (StorageContainerManager.java:<init>(389)) - 
Container Balancer status:
Key                            Value
Running                        false
Container Balancer Configuration values:
Key                                                Value
Threshold                                          10
Max Datanodes to Involve per Iteration(percent)    20
Max Size to Move per Iteration                     500GB
Max Size Entering Target per Iteration             26GB
Max Size Leaving Source per Iteration              26GB

2022-03-03 07:23:39,831 [Listener at 0.0.0.0/43895] WARN  events.EventQueue (EventQueue.java:fireEvent(194)) - No event handler registered for event TypedEvent{payloadType=SafeModeStatus, name='Safe mode status'}
2022-03-03 07:23:39,832 [Listener at 0.0.0.0/43895] INFO  ha.SCMContext (SCMContext.java:updateSafeModeStatus(211)) - Update SafeModeStatus from SafeModeStatus{safeModeStatus=true, preCheckPassed=false} to SafeModeStatus{safeModeStatus=true, preCheckPassed=false}.
2022-03-03 07:23:39,835 [Listener at 0.0.0.0/43895] INFO  server.StorageContainerManager (StorageContainerManager.java:start(1327)) - StorageContainerLocationProtocol RPC server is listening at /0.0.0.0:43895
2022-03-03 07:23:39,837 [Listener at 0.0.0.0/43895] INFO  ha.SCMRatisServerImpl (SCMRatisServerImpl.java:start(177)) - starting ratis server 0.0.0.0:9894
2022-03-03 07:23:39,837 [Listener at 0.0.0.0/43895] INFO  server.RaftServer$Division (RaftServerImpl.java:start(301)) - d78b0498-37f7-42fa-abe7-9e1e0a9796db@group-0DACFED22B51: start as a follower, conf=0: [d78b0498-37f7-42fa-abe7-9e1e0a9796db|rpc:fv-az501-749:9894|admin:|client:|dataStream:|priority:0], old=null
2022-03-03 07:23:39,837 [Listener at 0.0.0.0/43895] INFO  server.RaftServer$Division (RaftServerImpl.java:setRole(290)) - d78b0498-37f7-42fa-abe7-9e1e0a9796db@group-0DACFED22B51: changes role from      null to FOLLOWER at term 1 for startAsFollower
2022-03-03 07:23:39,838 [Listener at 0.0.0.0/43895] INFO  impl.RoleInfo (RoleInfo.java:updateAndGet(130)) - d78b0498-37f7-42fa-abe7-9e1e0a9796db: start d78b0498-37f7-42fa-abe7-9e1e0a9796db@group-0DACFED22B51-FollowerState
2022-03-03 07:23:39,839 [Listener at 0.0.0.0/43895] INFO  util.JmxRegister (JmxRegister.java:tryRegister(44)) - Successfully registered JMX Bean with object name Ratis:service=RaftServer,group=group-0DACFED22B51,id=d78b0498-37f7-42fa-abe7-9e1e0a9796db
2022-03-03 07:23:39,845 [Listener at 0.0.0.0/43895] INFO  server.RaftServer (RaftServerProxy.java:lambda$start$5(374)) - d78b0498-37f7-42fa-abe7-9e1e0a9796db: start RPC server
2022-03-03 07:23:39,847 [Listener at 0.0.0.0/43895] INFO  server.GrpcService (GrpcService.java:startImpl(253)) - d78b0498-37f7-42fa-abe7-9e1e0a9796db: GrpcService started, listening on 9894
2022-03-03 07:23:39,848 [Listener at 0.0.0.0/43895] INFO  ha.SCMHAManagerImpl (SCMHAManagerImpl.java:start(121)) -  scm role is FOLLOWER peers [d78b0498-37f7-42fa-abe7-9e1e0a9796db|rpc:fv-az501-749:9894|admin:|client:|dataStream:|priority:0]
2022-03-03 07:23:39,849 [Listener at 0.0.0.0/43895] INFO  ha.InterSCMGrpcService (InterSCMGrpcProtocolService.java:start(94)) - Starting SCM Grpc Service at port 9895
2022-03-03 07:23:39,862 [org.apache.ratis.util.JvmPauseMonitor$$Lambda$422/311185452@408d12fc] INFO  util.JvmPauseMonitor (JvmPauseMonitor.java:run(103)) - JvmPauseMonitor-d78b0498-37f7-42fa-abe7-9e1e0a9796db: Started
2022-03-03 07:23:39,936 [Listener at 0.0.0.0/43895] WARN  impl.MetricsConfig (MetricsConfig.java:loadFirst(136)) - Cannot locate configuration: tried hadoop-metrics2-storagecontainermanager.properties,hadoop-metrics2.properties
2022-03-03 07:23:39,956 [Listener at 0.0.0.0/43895] INFO  impl.MetricsSystemImpl (MetricsSystemImpl.java:startTimer(378)) - Scheduled Metric snapshot period at 10 second(s).
2022-03-03 07:23:39,956 [Listener at 0.0.0.0/43895] INFO  impl.MetricsSystemImpl (MetricsSystemImpl.java:start(191)) - StorageContainerManager metrics system started
2022-03-03 07:23:40,284 [Listener at 0.0.0.0/43895] INFO  server.SCMClientProtocolServer (SCMClientProtocolServer.java:start(165)) - RPC server for Client  is listening at /0.0.0.0:43895
2022-03-03 07:23:40,286 [IPC Server Responder] INFO  ipc.Server (Server.java:run(1507)) - IPC Server Responder: starting
2022-03-03 07:23:40,288 [IPC Server listener on 0] INFO  ipc.Server (Server.java:run(1344)) - IPC Server listener on 0: starting
2022-03-03 07:23:40,294 [Listener at 0.0.0.0/43895] INFO  server.StorageContainerManager (StorageContainerManager.java:start(1342)) - ScmBlockLocationProtocol RPC server is listening at /0.0.0.0:37433
2022-03-03 07:23:40,294 [Listener at 0.0.0.0/43895] INFO  server.SCMBlockProtocolServer (SCMBlockProtocolServer.java:start(151)) - RPC server for Block Protocol is listening at /0.0.0.0:37433
2022-03-03 07:23:40,295 [IPC Server Responder] INFO  ipc.Server (Server.java:run(1507)) - IPC Server Responder: starting
2022-03-03 07:23:40,296 [IPC Server listener on 0] INFO  ipc.Server (Server.java:run(1344)) - IPC Server listener on 0: starting
2022-03-03 07:23:40,331 [org.apache.hadoop.util.JvmPauseMonitor$Monitor@2a7b5925] INFO  util.JvmPauseMonitor (JvmPauseMonitor.java:run(188)) - Starting JVM pause monitor
2022-03-03 07:23:40,341 [Listener at 0.0.0.0/43895] INFO  http.BaseHttpServer (BaseHttpServer.java:newHttpServer2BuilderForOzone(209)) - Starting Web-server for scm at: http://0.0.0.0:0
2022-03-03 07:23:40,342 [Listener at 0.0.0.0/43895] INFO  http.BaseHttpServer (BaseHttpServer.java:<init>(107)) - Hadoop Security Enabled: false Ozone Security Enabled: false Ozone HTTP Security Enabled: false 
2022-03-03 07:23:40,375 [Listener at 0.0.0.0/43895] INFO  util.log (Log.java:initialized(170)) - Logging initialized @11900ms to org.eclipse.jetty.util.log.Slf4jLog
2022-03-03 07:23:40,510 [Listener at 0.0.0.0/43895] INFO  server.AuthenticationFilter (AuthenticationFilter.java:constructSecretProvider(240)) - Unable to initialize FileSignerSecretProvider, falling back to use random secrets.
2022-03-03 07:23:40,520 [Listener at 0.0.0.0/43895] WARN  http.HttpRequestLog (HttpRequestLog.java:getRequestLog(103)) - Jetty request log can only be enabled using Log4j
2022-03-03 07:23:40,530 [Listener at 0.0.0.0/43895] INFO  http.HttpServer2 (HttpServer2.java:addGlobalFilter(1030)) - Added global filter 'safety' (class=org.apache.hadoop.hdds.server.http.HttpServer2$QuotingInputFilter)
2022-03-03 07:23:40,534 [Listener at 0.0.0.0/43895] INFO  http.HttpServer2 (HttpServer2.java:addFilter(1006)) - Added filter static_user_filter (class=org.apache.hadoop.http.lib.StaticUserWebFilter$StaticUserFilter) to context scm
2022-03-03 07:23:40,538 [Listener at 0.0.0.0/43895] INFO  http.HttpServer2 (HttpServer2.java:addFilter(1014)) - Added filter static_user_filter (class=org.apache.hadoop.http.lib.StaticUserWebFilter$StaticUserFilter) to context logs
2022-03-03 07:23:40,538 [Listener at 0.0.0.0/43895] INFO  http.HttpServer2 (HttpServer2.java:addFilter(1014)) - Added filter static_user_filter (class=org.apache.hadoop.http.lib.StaticUserWebFilter$StaticUserFilter) to context static
2022-03-03 07:23:40,587 [Listener at 0.0.0.0/43895] INFO  http.HttpServer2 (HttpServer2.java:bindListener(1249)) - Jetty bound to port 36209
2022-03-03 07:23:40,589 [Listener at 0.0.0.0/43895] INFO  server.Server (Server.java:doStart(375)) - jetty-9.4.43.v20210629; built: 2021-06-30T11:07:22.254Z; git: 526006ecfa3af7f1a27ef3a288e2bef7ea9dd7e8; jvm 1.8.0_322-b06
2022-03-03 07:23:40,628 [Listener at 0.0.0.0/43895] INFO  server.session (DefaultSessionIdManager.java:doStart(334)) - DefaultSessionIdManager workerName=node0
2022-03-03 07:23:40,628 [Listener at 0.0.0.0/43895] INFO  server.session (DefaultSessionIdManager.java:doStart(339)) - No SessionScavenger set, using defaults
2022-03-03 07:23:40,630 [Listener at 0.0.0.0/43895] INFO  server.session (HouseKeeper.java:startScavenging(132)) - node0 Scavenging every 600000ms
2022-03-03 07:23:40,645 [Listener at 0.0.0.0/43895] INFO  handler.ContextHandler (ContextHandler.java:doStart(915)) - Started o.e.j.s.ServletContextHandler@6158113e{logs,/logs,file:///home/runner/work/ozone/ozone/hadoop-ozone/integration-test/target/log,AVAILABLE}
2022-03-03 07:23:40,647 [Listener at 0.0.0.0/43895] INFO  handler.ContextHandler (ContextHandler.java:doStart(915)) - Started o.e.j.s.ServletContextHandler@58c80957{static,/static,file:///home/runner/work/ozone/ozone/hadoop-ozone/integration-test/target/test-classes/webapps/static,AVAILABLE}
2022-03-03 07:23:40,702 [Listener at 0.0.0.0/43895] INFO  handler.ContextHandler (ContextHandler.java:doStart(915)) - Started o.e.j.w.WebAppContext@260f05ee{scm,/,file:///home/runner/work/ozone/ozone/hadoop-ozone/integration-test/target/test-classes/webapps/scm/,AVAILABLE}{file:/home/runner/work/ozone/ozone/hadoop-ozone/integration-test/target/test-classes/webapps/scm}
2022-03-03 07:23:40,716 [Listener at 0.0.0.0/43895] INFO  server.AbstractConnector (AbstractConnector.java:doStart(331)) - Started ServerConnector@17e66aed{HTTP/1.1, (http/1.1)}{0.0.0.0:36209}
2022-03-03 07:23:40,717 [Listener at 0.0.0.0/43895] INFO  server.Server (Server.java:doStart(415)) - Started @12242ms
2022-03-03 07:23:40,721 [Listener at 0.0.0.0/43895] INFO  impl.MetricsSinkAdapter (MetricsSinkAdapter.java:start(204)) - Sink prometheus started
2022-03-03 07:23:40,721 [Listener at 0.0.0.0/43895] INFO  impl.MetricsSystemImpl (MetricsSystemImpl.java:registerSink(305)) - Registered sink prometheus
2022-03-03 07:23:40,723 [Listener at 0.0.0.0/43895] INFO  http.BaseHttpServer (BaseHttpServer.java:updateConnectorAddress(329)) - HTTP server of scm listening at http://0.0.0.0:36209
2022-03-03 07:23:40,844 [Listener at 0.0.0.0/43895] INFO  ha.OMHANodeDetails (OMHANodeDetails.java:loadOMHAConfig(118)) - ServiceID for OzoneManager is om-service-test1
2022-03-03 07:23:40,853 [Listener at 0.0.0.0/43895] INFO  ha.OMHANodeDetails (OMHANodeDetails.java:loadOMHAConfig(193)) - Found matching OM address with OMServiceId: om-service-test1, OMNodeId: omNode-1, RPC Address: localhost:41283 and Ratis port: 38685
2022-03-03 07:23:40,854 [Listener at 0.0.0.0/43895] INFO  ha.OMHANodeDetails (ConfUtils.java:setNodeSpecificConfigs(108)) - Setting configuration key ozone.om.http-address with value of key ozone.om.http-address.om-service-test1.omNode-1: 127.0.0.1:46553
2022-03-03 07:23:40,854 [Listener at 0.0.0.0/43895] INFO  ha.OMHANodeDetails (ConfUtils.java:setNodeSpecificConfigs(108)) - Setting configuration key ozone.om.https-address with value of key ozone.om.https-address.om-service-test1.omNode-1: 127.0.0.1:39039
2022-03-03 07:23:40,854 [Listener at 0.0.0.0/43895] INFO  ha.OMHANodeDetails (ConfUtils.java:setNodeSpecificConfigs(108)) - Setting configuration key ozone.om.address with value of key ozone.om.address.om-service-test1.omNode-1: 127.0.0.1:41283
2022-03-03 07:23:40,856 [Listener at 0.0.0.0/43895] WARN  server.ServerUtils (ServerUtils.java:getDBPath(225)) - ozone.om.db.dirs is not configured. We recommend adding this setting. Falling back to ozone.metadata.dirs instead.
2022-03-03 07:23:43,136 [Listener at 0.0.0.0/43895] INFO  retry.RetryInvocationHandler (RetryInvocationHandler.java:log(411)) - com.google.protobuf.ServiceException: org.apache.hadoop.ipc.RemoteException(org.apache.hadoop.hdds.ratis.ServerNotLeaderException): Server:d78b0498-37f7-42fa-abe7-9e1e0a9796db is not the leader. Could not determine the leader node.
	at org.apache.hadoop.hdds.ratis.ServerNotLeaderException.convertToNotLeaderException(ServerNotLeaderException.java:109)
	at org.apache.hadoop.hdds.scm.ha.RatisUtil.checkRatisException(RatisUtil.java:246)
	at org.apache.hadoop.hdds.scm.protocol.ScmBlockLocationProtocolServerSideTranslatorPB.send(ScmBlockLocationProtocolServerSideTranslatorPB.java:108)
	at org.apache.hadoop.hdds.protocol.proto.ScmBlockLocationProtocolProtos$ScmBlockLocationProtocolService$2.callBlockingMethod(ScmBlockLocationProtocolProtos.java:13937)
	at org.apache.hadoop.ipc.ProtobufRpcEngine$Server.processCall(ProtobufRpcEngine.java:466)
	at org.apache.hadoop.ipc.ProtobufRpcEngine2$Server$ProtoBufRpcInvoker.call(ProtobufRpcEngine2.java:574)
	at org.apache.hadoop.ipc.ProtobufRpcEngine2$Server$ProtoBufRpcInvoker.call(ProtobufRpcEngine2.java:552)
	at org.apache.hadoop.ipc.RPC$Server.call(RPC.java:1093)
	at org.apache.hadoop.ipc.Server$RpcCall.run(Server.java:1035)
	at org.apache.hadoop.ipc.Server$RpcCall.run(Server.java:963)
	at java.security.AccessController.doPrivileged(Native Method)
	at javax.security.auth.Subject.doAs(Subject.java:422)
	at org.apache.hadoop.security.UserGroupInformation.doAs(UserGroupInformation.java:1878)
	at org.apache.hadoop.ipc.Server$Handler.run(Server.java:2966)
, while invoking $Proxy44.send over nodeId=scmNodeId,nodeAddress=/0.0.0.0:37433 after 1 failover attempts. Trying to failover after sleeping for 2000ms.
2022-03-03 07:23:44,971 [d78b0498-37f7-42fa-abe7-9e1e0a9796db@group-0DACFED22B51-FollowerState] INFO  impl.FollowerState (FollowerState.java:run(134)) - d78b0498-37f7-42fa-abe7-9e1e0a9796db@group-0DACFED22B51-FollowerState: change to CANDIDATE, lastRpcElapsedTime:5132811957ns, electionTimeout:5124ms
2022-03-03 07:23:44,972 [d78b0498-37f7-42fa-abe7-9e1e0a9796db@group-0DACFED22B51-FollowerState] INFO  impl.RoleInfo (RoleInfo.java:shutdownFollowerState(108)) - d78b0498-37f7-42fa-abe7-9e1e0a9796db: shutdown d78b0498-37f7-42fa-abe7-9e1e0a9796db@group-0DACFED22B51-FollowerState
2022-03-03 07:23:44,972 [d78b0498-37f7-42fa-abe7-9e1e0a9796db@group-0DACFED22B51-FollowerState] INFO  server.RaftServer$Division (RaftServerImpl.java:setRole(290)) - d78b0498-37f7-42fa-abe7-9e1e0a9796db@group-0DACFED22B51: changes role from  FOLLOWER to CANDIDATE at term 1 for changeToCandidate
2022-03-03 07:23:44,972 [d78b0498-37f7-42fa-abe7-9e1e0a9796db@group-0DACFED22B51-FollowerState] INFO  server.RaftServerConfigKeys (ConfUtils.java:logGet(44)) - raft.server.leaderelection.pre-vote = false (custom)
2022-03-03 07:23:44,972 [d78b0498-37f7-42fa-abe7-9e1e0a9796db@group-0DACFED22B51-FollowerState] INFO  impl.RoleInfo (RoleInfo.java:updateAndGet(130)) - d78b0498-37f7-42fa-abe7-9e1e0a9796db: start d78b0498-37f7-42fa-abe7-9e1e0a9796db@group-0DACFED22B51-LeaderElection2
2022-03-03 07:23:44,983 [d78b0498-37f7-42fa-abe7-9e1e0a9796db@group-0DACFED22B51-LeaderElection2] INFO  impl.LeaderElection (LeaderElection.java:askForVotes(306)) - d78b0498-37f7-42fa-abe7-9e1e0a9796db@group-0DACFED22B51-LeaderElection2 ELECTION round 0: submit vote requests at term 2 for 0: [d78b0498-37f7-42fa-abe7-9e1e0a9796db|rpc:fv-az501-749:9894|admin:|client:|dataStream:|priority:0], old=null
2022-03-03 07:23:44,984 [d78b0498-37f7-42fa-abe7-9e1e0a9796db@group-0DACFED22B51-LeaderElection2] INFO  impl.LeaderElection (LeaderElection.java:askForVotes(308)) - d78b0498-37f7-42fa-abe7-9e1e0a9796db@group-0DACFED22B51-LeaderElection2 ELECTION round 0: result PASSED (term=2)
2022-03-03 07:23:44,984 [d78b0498-37f7-42fa-abe7-9e1e0a9796db@group-0DACFED22B51-LeaderElection2] INFO  impl.RoleInfo (RoleInfo.java:shutdownLeaderElection(121)) - d78b0498-37f7-42fa-abe7-9e1e0a9796db: shutdown d78b0498-37f7-42fa-abe7-9e1e0a9796db@group-0DACFED22B51-LeaderElection2
2022-03-03 07:23:44,984 [d78b0498-37f7-42fa-abe7-9e1e0a9796db@group-0DACFED22B51-LeaderElection2] INFO  server.RaftServer$Division (RaftServerImpl.java:setRole(290)) - d78b0498-37f7-42fa-abe7-9e1e0a9796db@group-0DACFED22B51: changes role from CANDIDATE to LEADER at term 2 for changeToLeader
2022-03-03 07:23:44,984 [d78b0498-37f7-42fa-abe7-9e1e0a9796db@group-0DACFED22B51-LeaderElection2] INFO  ha.SCMStateMachine (SCMStateMachine.java:notifyLeaderChanged(259)) - current SCM becomes leader of term 2.
2022-03-03 07:23:44,985 [d78b0498-37f7-42fa-abe7-9e1e0a9796db@group-0DACFED22B51-LeaderElection2] INFO  ha.SCMContext (SCMContext.java:updateLeaderAndTerm(90)) - update <isLeader,term> from <false,0> to <true,2>
2022-03-03 07:23:44,987 [d78b0498-37f7-42fa-abe7-9e1e0a9796db@group-0DACFED22B51-LeaderElection2] INFO  server.RaftServer$Division (ServerState.java:setLeader(285)) - d78b0498-37f7-42fa-abe7-9e1e0a9796db@group-0DACFED22B51: change Leader from null to d78b0498-37f7-42fa-abe7-9e1e0a9796db at term 2 for becomeLeader, leader elected after 6207ms
2022-03-03 07:23:44,987 [d78b0498-37f7-42fa-abe7-9e1e0a9796db@group-0DACFED22B51-LeaderElection2] INFO  server.RaftServerConfigKeys (ConfUtils.java:logGet(44)) - raft.server.staging.catchup.gap = 1000 (default)
2022-03-03 07:23:44,988 [d78b0498-37f7-42fa-abe7-9e1e0a9796db@group-0DACFED22B51-LeaderElection2] INFO  server.RaftServerConfigKeys (ConfUtils.java:logGet(44)) - raft.server.write.element-limit = 4096 (default)
2022-03-03 07:23:44,988 [d78b0498-37f7-42fa-abe7-9e1e0a9796db@group-0DACFED22B51-LeaderElection2] INFO  server.RaftServerConfigKeys (ConfUtils.java:logGet(44)) - raft.server.write.byte-limit = 64MB (=67108864) (default)
2022-03-03 07:23:44,988 [d78b0498-37f7-42fa-abe7-9e1e0a9796db@group-0DACFED22B51-LeaderElection2] INFO  server.RaftServerConfigKeys (ConfUtils.java:logGet(44)) - raft.server.watch.timeout = 10s (default)
2022-03-03 07:23:44,988 [d78b0498-37f7-42fa-abe7-9e1e0a9796db@group-0DACFED22B51-LeaderElection2] INFO  server.RaftServerConfigKeys (ConfUtils.java:logGet(44)) - raft.server.watch.timeout.denomination = 1s (default)
2022-03-03 07:23:44,989 [d78b0498-37f7-42fa-abe7-9e1e0a9796db@group-0DACFED22B51-LeaderElection2] INFO  server.RaftServerConfigKeys (ConfUtils.java:logGet(44)) - raft.server.watch.element-limit = 65536 (default)
2022-03-03 07:23:44,989 [d78b0498-37f7-42fa-abe7-9e1e0a9796db@group-0DACFED22B51-LeaderElection2] INFO  server.RaftServerConfigKeys (ConfUtils.java:logGet(44)) - raft.server.write.element-limit = 4096 (default)
2022-03-03 07:23:44,989 [d78b0498-37f7-42fa-abe7-9e1e0a9796db@group-0DACFED22B51-LeaderElection2] INFO  server.RaftServerConfigKeys (ConfUtils.java:logGet(44)) - raft.server.write.follower.gap.ratio.max = -1.0 (default)
2022-03-03 07:23:44,989 [d78b0498-37f7-42fa-abe7-9e1e0a9796db@group-0DACFED22B51-LeaderElection2] INFO  impl.RoleInfo (RoleInfo.java:updateAndGet(130)) - d78b0498-37f7-42fa-abe7-9e1e0a9796db: start d78b0498-37f7-42fa-abe7-9e1e0a9796db@group-0DACFED22B51-LeaderStateImpl
2022-03-03 07:23:44,990 [d78b0498-37f7-42fa-abe7-9e1e0a9796db@group-0DACFED22B51-LeaderElection2] INFO  segmented.SegmentedRaftLogWorker (SegmentedRaftLogWorker.java:rollLogSegment(399)) - d78b0498-37f7-42fa-abe7-9e1e0a9796db@group-0DACFED22B51-SegmentedRaftLogWorker: Rolling segment log-0_0 to index:0
2022-03-03 07:23:44,993 [d78b0498-37f7-42fa-abe7-9e1e0a9796db@group-0DACFED22B51-SegmentedRaftLogWorker] INFO  segmented.SegmentedRaftLogWorker (SegmentedRaftLogWorker.java:execute(558)) - d78b0498-37f7-42fa-abe7-9e1e0a9796db@group-0DACFED22B51-SegmentedRaftLogWorker: Rolled log segment from /home/runner/work/ozone/ozone/hadoop-ozone/integration-test/target/test-dir/MiniOzoneClusterImpl-73ba9704-0a97-4d3d-983a-0dacfed22b51/ozone-meta/scm-ha/73ba9704-0a97-4d3d-983a-0dacfed22b51/current/log_inprogress_0 to /home/runner/work/ozone/ozone/hadoop-ozone/integration-test/target/test-dir/MiniOzoneClusterImpl-73ba9704-0a97-4d3d-983a-0dacfed22b51/ozone-meta/scm-ha/73ba9704-0a97-4d3d-983a-0dacfed22b51/current/log_0-0
2022-03-03 07:23:45,001 [d78b0498-37f7-42fa-abe7-9e1e0a9796db@group-0DACFED22B51-LeaderElection2] INFO  server.RaftServer$Division (ServerState.java:setRaftConf(387)) - d78b0498-37f7-42fa-abe7-9e1e0a9796db@group-0DACFED22B51: set configuration 1: [d78b0498-37f7-42fa-abe7-9e1e0a9796db|rpc:fv-az501-749:9894|admin:|client:|dataStream:|priority:0], old=null
2022-03-03 07:23:45,007 [d78b0498-37f7-42fa-abe7-9e1e0a9796db@group-0DACFED22B51-SegmentedRaftLogWorker] INFO  segmented.SegmentedRaftLogWorker (SegmentedRaftLogWorker.java:execute(601)) - d78b0498-37f7-42fa-abe7-9e1e0a9796db@group-0DACFED22B51-SegmentedRaftLogWorker: created new log segment /home/runner/work/ozone/ozone/hadoop-ozone/integration-test/target/test-dir/MiniOzoneClusterImpl-73ba9704-0a97-4d3d-983a-0dacfed22b51/ozone-meta/scm-ha/73ba9704-0a97-4d3d-983a-0dacfed22b51/current/log_inprogress_1
2022-03-03 07:23:45,012 [d78b0498-37f7-42fa-abe7-9e1e0a9796db@group-0DACFED22B51-StateMachineUpdater] INFO  ha.SCMContext (SCMContext.java:setLeaderReady(117)) - update <isLeaderReady> from <false> to <true>
2022-03-03 07:23:45,012 [d78b0498-37f7-42fa-abe7-9e1e0a9796db@group-0DACFED22B51-StateMachineUpdater] INFO  pipeline.BackgroundPipelineCreator (BackgroundPipelineCreator.java:notifyStatusChanged(264)) - Service BackgroundPipelineCreator transitions to RUNNING.
2022-03-03 07:23:45,014 [d78b0498-37f7-42fa-abe7-9e1e0a9796db@group-0DACFED22B51-StateMachineUpdater] INFO  safemode.HealthyPipelineSafeModeRule (HealthyPipelineSafeModeRule.java:initializeRule(152)) - Refreshed total pipeline count is 0, healthy pipeline threshold count is 1
2022-03-03 07:23:45,015 [d78b0498-37f7-42fa-abe7-9e1e0a9796db@group-0DACFED22B51-StateMachineUpdater] INFO  safemode.ContainerSafeModeRule (ContainerSafeModeRule.java:reInitializeRule(177)) - Refreshed one replica container threshold 0, currentThreshold 0
2022-03-03 07:23:45,015 [d78b0498-37f7-42fa-abe7-9e1e0a9796db@group-0DACFED22B51-StateMachineUpdater] INFO  safemode.OneReplicaPipelineSafeModeRule (OneReplicaPipelineSafeModeRule.java:initializeRule(176)) - Refreshed Total pipeline count is 0, pipeline's with at least one datanode reported threshold count is 0
2022-03-03 07:23:45,017 [d78b0498-37f7-42fa-abe7-9e1e0a9796db@group-0DACFED22B51-StateMachineUpdater] INFO  server.SCMDatanodeProtocolServer (SCMDatanodeProtocolServer.java:start(183)) - ScmDatanodeProtocol RPC server for DataNodes is listening at /0.0.0.0:41895
2022-03-03 07:23:45,026 [IPC Server listener on 0] INFO  ipc.Server (Server.java:run(1344)) - IPC Server listener on 0: starting
2022-03-03 07:23:45,030 [IPC Server Responder] INFO  ipc.Server (Server.java:run(1507)) - IPC Server Responder: starting
OM initialization succeeded.Current cluster id for sd=/home/runner/work/ozone/ozone/hadoop-ozone/integration-test/target/test-dir/MiniOzoneClusterImpl-73ba9704-0a97-4d3d-983a-0dacfed22b51/omNode-1/om;cid=73ba9704-0a97-4d3d-983a-0dacfed22b51;layoutVersion=0
2022-03-03 07:23:45,183 [Listener at 0.0.0.0/43895] INFO  ha.OMHANodeDetails (OMHANodeDetails.java:loadOMHAConfig(118)) - ServiceID for OzoneManager is om-service-test1
2022-03-03 07:23:45,184 [Listener at 0.0.0.0/43895] INFO  ha.OMHANodeDetails (OMHANodeDetails.java:loadOMHAConfig(193)) - Found matching OM address with OMServiceId: om-service-test1, OMNodeId: omNode-1, RPC Address: localhost:41283 and Ratis port: 38685
2022-03-03 07:23:45,184 [Listener at 0.0.0.0/43895] INFO  ha.OMHANodeDetails (ConfUtils.java:setNodeSpecificConfigs(108)) - Setting configuration key ozone.om.http-address with value of key ozone.om.http-address.om-service-test1.omNode-1: 127.0.0.1:46553
2022-03-03 07:23:45,185 [Listener at 0.0.0.0/43895] INFO  ha.OMHANodeDetails (ConfUtils.java:setNodeSpecificConfigs(108)) - Setting configuration key ozone.om.https-address with value of key ozone.om.https-address.om-service-test1.omNode-1: 127.0.0.1:39039
2022-03-03 07:23:45,185 [Listener at 0.0.0.0/43895] INFO  ha.OMHANodeDetails (ConfUtils.java:setNodeSpecificConfigs(108)) - Setting configuration key ozone.om.address with value of key ozone.om.address.om-service-test1.omNode-1: 127.0.0.1:41283
2022-03-03 07:23:45,185 [Listener at 0.0.0.0/43895] WARN  server.ServerUtils (ServerUtils.java:getDBPath(225)) - ozone.om.db.dirs is not configured. We recommend adding this setting. Falling back to ozone.metadata.dirs instead.
2022-03-03 07:23:45,188 [Listener at 0.0.0.0/43895] INFO  upgrade.AbstractLayoutVersionManager (AbstractLayoutVersionManager.java:init(79)) - Initializing Layout version manager with metadata layout = INITIAL_VERSION (version = 0), software layout = INITIAL_VERSION (version = 0)
2022-03-03 07:23:45,279 [Listener at 0.0.0.0/43895] INFO  reflections.Reflections (Reflections.java:scan(232)) - Reflections took 86 ms to scan 2 urls, producing 134 keys and 349 values [using 2 cores]
2022-03-03 07:23:45,284 [Listener at 0.0.0.0/43895] INFO  upgrade.OMLayoutVersionManager (OMLayoutVersionManager.java:lambda$0(115)) - Skipping Upgrade Action MockOmUpgradeAction since it has been finalized.
2022-03-03 07:23:45,286 [Listener at 0.0.0.0/43895] WARN  server.ServerUtils (ServerUtils.java:getDBPath(225)) - ozone.om.db.dirs is not configured. We recommend adding this setting. Falling back to ozone.metadata.dirs instead.
2022-03-03 07:23:45,465 [Listener at 0.0.0.0/43895] WARN  server.ServerUtils (ServerUtils.java:getDBPath(225)) - ozone.om.db.dirs is not configured. We recommend adding this setting. Falling back to ozone.metadata.dirs instead.
2022-03-03 07:23:45,472 [Listener at 0.0.0.0/43895] INFO  codec.OmKeyInfoCodec (OmKeyInfoCodec.java:<init>(50)) - OmKeyInfoCodec ignorePipeline = true
2022-03-03 07:23:45,474 [Listener at 0.0.0.0/43895] INFO  codec.RepeatedOmKeyInfoCodec (RepeatedOmKeyInfoCodec.java:<init>(42)) - RepeatedOmKeyInfoCodec ignorePipeline = true
2022-03-03 07:23:45,724 [Listener at 0.0.0.0/43895] INFO  om.OzoneManager (OzoneManager.java:addS3GVolumeToDB(3733)) - Created Volume s3v With Owner runner required for S3Gateway operations.
2022-03-03 07:23:45,775 [Listener at 0.0.0.0/43895] WARN  server.ServerUtils (ServerUtils.java:getDefaultRatisDirectory(237)) - Storage directory for Ratis is not configured. It is a good idea to map this to an SSD disk. Falling back to ozone.metadata.dirs
2022-03-03 07:23:45,775 [Listener at 0.0.0.0/43895] WARN  utils.OzoneManagerRatisUtils (OzoneManagerRatisUtils.java:getOMRatisSnapshotDirectory(330)) - ozone.om.ratis.snapshot.dir is not configured. Falling back to ozone.metadata.dirs config
2022-03-03 07:23:45,781 [Listener at 0.0.0.0/43895] INFO  snapshot.OzoneManagerSnapshotProvider (OzoneManagerSnapshotProvider.java:<init>(76)) - Initializing OM Snapshot Provider
2022-03-03 07:23:45,926 [Listener at 0.0.0.0/43895] WARN  impl.MetricRegistriesImpl (MetricRegistriesImpl.java:addReporterRegistration(111)) - New reporters are added after registries were created. Some metrics will be missing from the reporter. Please add reporter before adding any new registry.
2022-03-03 07:23:45,926 [Listener at 0.0.0.0/43895] WARN  impl.MetricRegistriesImpl (MetricRegistriesImpl.java:addReporterRegistration(111)) - New reporters are added after registries were created. Some metrics will be missing from the reporter. Please add reporter before adding any new registry.
2022-03-03 07:23:45,927 [Listener at 0.0.0.0/43895] WARN  server.ServerUtils (ServerUtils.java:getDefaultRatisDirectory(237)) - Storage directory for Ratis is not configured. It is a good idea to map this to an SSD disk. Falling back to ozone.metadata.dirs
2022-03-03 07:23:45,930 [Listener at 0.0.0.0/43895] INFO  ratis.OzoneManagerRatisServer (OzoneManagerRatisServer.java:<init>(159)) - Instantiating OM Ratis server with groupID: om-service-test1 and peers: localhost:38685, localhost:45161, localhost:34483
2022-03-03 07:23:45,934 [Listener at 0.0.0.0/43895] INFO  ratis.OzoneManagerStateMachine (OzoneManagerStateMachine.java:loadSnapshotInfoFromDB(605)) - LastAppliedIndex is set from TransactionInfo from OM DB as (t:0, i:~)
2022-03-03 07:23:45,946 [Listener at 0.0.0.0/43895] INFO  server.RaftServer (ConfUtils.java:logGet(44)) - raft.rpc.type = GRPC (default)
2022-03-03 07:23:45,947 [Listener at 0.0.0.0/43895] INFO  grpc.GrpcFactory (GrpcFactory.java:checkPooledByteBufAllocatorUseCacheForAllThreads(48)) - PERFORMANCE WARNING: useCacheForAllThreads is true that may cause Netty to create a lot garbage objects and, as a result, trigger GC.
	It is recommended to disable useCacheForAllThreads by setting -Dorg.apache.ratis.thirdparty.io.netty.allocator.useCacheForAllThreads=false in command line.
2022-03-03 07:23:45,947 [Listener at 0.0.0.0/43895] INFO  grpc.GrpcConfigKeys (ConfUtils.java:logGet(44)) - raft.grpc.admin.port = -1 (default)
2022-03-03 07:23:45,947 [Listener at 0.0.0.0/43895] INFO  grpc.GrpcConfigKeys (ConfUtils.java:logGet(44)) - raft.grpc.server.port = 38685 (custom)
2022-03-03 07:23:45,947 [Listener at 0.0.0.0/43895] INFO  grpc.GrpcConfigKeys (ConfUtils.java:logGet(44)) - raft.grpc.client.port = -1 (default)
2022-03-03 07:23:45,948 [Listener at 0.0.0.0/43895] INFO  grpc.GrpcConfigKeys (ConfUtils.java:logGet(44)) - raft.grpc.server.port = 38685 (custom)
2022-03-03 07:23:45,948 [Listener at 0.0.0.0/43895] INFO  grpc.GrpcConfigKeys (ConfUtils.java:logGet(44)) - raft.grpc.server.port = 38685 (custom)
2022-03-03 07:23:45,948 [Listener at 0.0.0.0/43895] INFO  server.GrpcService (ConfUtils.java:logGet(44)) - raft.grpc.message.size.max = 33554432 (custom)
2022-03-03 07:23:45,948 [Listener at 0.0.0.0/43895] INFO  server.RaftServerConfigKeys (ConfUtils.java:logGet(44)) - raft.server.log.appender.buffer.byte-limit = 33554432 (custom)
2022-03-03 07:23:45,949 [Listener at 0.0.0.0/43895] INFO  server.GrpcService (ConfUtils.java:logGet(44)) - raft.grpc.flow.control.window = 1MB (=1048576) (default)
2022-03-03 07:23:45,949 [Listener at 0.0.0.0/43895] INFO  server.RaftServerConfigKeys (ConfUtils.java:logGet(44)) - raft.server.rpc.request.timeout = 3000ms (default)
2022-03-03 07:23:45,950 [Listener at 0.0.0.0/43895] INFO  impl.DataStreamServerImpl (ConfUtils.java:logGet(44)) - raft.datastream.type = DISABLED (default)
2022-03-03 07:23:45,950 [Listener at 0.0.0.0/43895] INFO  server.RaftServerConfigKeys (ConfUtils.java:logGet(44)) - raft.server.rpc.slowness.timeout = 2s (custom)
2022-03-03 07:23:45,951 [Listener at 0.0.0.0/43895] INFO  server.RaftServerConfigKeys (ConfUtils.java:logGet(44)) - raft.server.leaderelection.leader.step-down.wait-time = 10s (default)
2022-03-03 07:23:45,951 [Listener at 0.0.0.0/43895] INFO  server.RaftServerConfigKeys (ConfUtils.java:logGet(44)) - raft.server.storage.dir = [/home/runner/work/ozone/ozone/hadoop-ozone/integration-test/target/test-dir/MiniOzoneClusterImpl-73ba9704-0a97-4d3d-983a-0dacfed22b51/omNode-1/ratis] (custom)
2022-03-03 07:23:45,951 [Listener at 0.0.0.0/43895] INFO  server.RaftServer (RaftServerProxy.java:addNew(95)) - omNode-1: addNew group-523986131536:[omNode-3|rpc:localhost:45161|priority:0, omNode-1|rpc:localhost:38685|priority:0, omNode-2|rpc:localhost:34483|priority:0] returns group-523986131536:java.util.concurrent.CompletableFuture@4c697c25[Not completed]
2022-03-03 07:23:45,952 [Listener at 0.0.0.0/43895] INFO  om.OzoneManager (OzoneManager.java:initializeRatisServer(1834)) - OzoneManager Ratis server initialized at port 38685
2022-03-03 07:23:45,958 [pool-55-thread-1] INFO  server.RaftServer$Division (RaftServerImpl.java:<init>(184)) - omNode-1: new RaftServerImpl for group-523986131536:[omNode-3|rpc:localhost:45161|priority:0, omNode-1|rpc:localhost:38685|priority:0, omNode-2|rpc:localhost:34483|priority:0] with OzoneManagerStateMachine:uninitialized
2022-03-03 07:23:45,961 [pool-55-thread-1] INFO  server.RaftServerConfigKeys (ConfUtils.java:logGet(44)) - raft.server.rpc.timeout.min = 1s (custom)
2022-03-03 07:23:45,962 [pool-55-thread-1] INFO  server.RaftServerConfigKeys (ConfUtils.java:logGet(44)) - raft.server.rpc.timeout.max = 1200ms (custom)
2022-03-03 07:23:45,962 [pool-55-thread-1] INFO  server.RaftServerConfigKeys (ConfUtils.java:logGet(44)) - raft.server.rpc.sleep.time = 25ms (default)
2022-03-03 07:23:45,962 [pool-55-thread-1] INFO  server.RaftServerConfigKeys (ConfUtils.java:logGet(44)) - raft.server.rpc.slowness.timeout = 2s (custom)
2022-03-03 07:23:45,962 [pool-55-thread-1] INFO  server.RaftServerConfigKeys (ConfUtils.java:logGet(44)) - raft.server.leaderelection.leader.step-down.wait-time = 10s (default)
2022-03-03 07:23:45,962 [pool-55-thread-1] INFO  server.RaftServerConfigKeys (ConfUtils.java:logGet(44)) - raft.server.sleep.deviation.threshold = 300ms (default)
2022-03-03 07:23:45,962 [pool-55-thread-1] INFO  server.RaftServerConfigKeys (ConfUtils.java:logGet(44)) - raft.server.log.appender.install.snapshot.enabled = false (custom)
2022-03-03 07:23:45,962 [pool-55-thread-1] INFO  server.RaftServer$Division (ServerState.java:<init>(105)) - omNode-1@group-523986131536: ConfigurationManager, init=-1: [omNode-3|rpc:localhost:45161|priority:0, omNode-1|rpc:localhost:38685|priority:0, omNode-2|rpc:localhost:34483|priority:0], old=null, confs=<EMPTY_MAP>
2022-03-03 07:23:45,963 [pool-55-thread-1] INFO  server.RaftServerConfigKeys (ConfUtils.java:logGet(44)) - raft.server.storage.dir = [/home/runner/work/ozone/ozone/hadoop-ozone/integration-test/target/test-dir/MiniOzoneClusterImpl-73ba9704-0a97-4d3d-983a-0dacfed22b51/omNode-1/ratis] (custom)
2022-03-03 07:23:45,963 [pool-55-thread-1] INFO  server.RaftServerConfigKeys (ConfUtils.java:logGet(44)) - raft.server.log.corruption.policy = EXCEPTION (default)
2022-03-03 07:23:45,963 [pool-55-thread-1] INFO  server.RaftServerConfigKeys (ConfUtils.java:logGet(44)) - raft.server.storage.free-space.min = 0MB (=0) (default)
2022-03-03 07:23:45,963 [pool-55-thread-1] INFO  storage.RaftStorageDirectory (RaftStorageDirectoryImpl.java:analyzeStorage(135)) - The storage directory /home/runner/work/ozone/ozone/hadoop-ozone/integration-test/target/test-dir/MiniOzoneClusterImpl-73ba9704-0a97-4d3d-983a-0dacfed22b51/omNode-1/ratis/c9bc4cf4-3bc3-3c60-a66b-523986131536 does not exist. Creating ...
2022-03-03 07:23:45,970 [pool-55-thread-1] INFO  storage.RaftStorageDirectory (RaftStorageDirectoryImpl.java:tryLock(230)) - Lock on /home/runner/work/ozone/ozone/hadoop-ozone/integration-test/target/test-dir/MiniOzoneClusterImpl-73ba9704-0a97-4d3d-983a-0dacfed22b51/omNode-1/ratis/c9bc4cf4-3bc3-3c60-a66b-523986131536/in_use.lock acquired by nodename 30716@fv-az501-749
2022-03-03 07:23:45,971 [pool-55-thread-1] INFO  storage.RaftStorage (RaftStorageImpl.java:format(89)) - Storage directory /home/runner/work/ozone/ozone/hadoop-ozone/integration-test/target/test-dir/MiniOzoneClusterImpl-73ba9704-0a97-4d3d-983a-0dacfed22b51/omNode-1/ratis/c9bc4cf4-3bc3-3c60-a66b-523986131536 has been successfully formatted.
2022-03-03 07:23:45,972 [pool-55-thread-1] INFO  server.RaftServerConfigKeys (ConfUtils.java:logGet(44)) - raft.server.notification.no-leader.timeout = 2s (custom)
2022-03-03 07:23:45,972 [pool-55-thread-1] INFO  server.RaftServerConfigKeys (ConfUtils.java:logGet(44)) - raft.server.log.use.memory = false (default)
2022-03-03 07:23:45,972 [pool-55-thread-1] INFO  server.RaftServerConfigKeys (ConfUtils.java:logGet(44)) - raft.server.log.purge.gap = 50 (custom)
2022-03-03 07:23:45,973 [pool-55-thread-1] INFO  server.RaftServerConfigKeys (ConfUtils.java:logGet(44)) - raft.server.log.appender.buffer.byte-limit = 33554432 (custom)
2022-03-03 07:23:45,973 [pool-55-thread-1] INFO  server.RaftServerConfigKeys (ConfUtils.java:logGet(44)) - raft.server.log.segment.size.max = 4194304 (custom)
2022-03-03 07:23:45,973 [pool-55-thread-1] INFO  server.RaftServerConfigKeys (ConfUtils.java:logGet(44)) - raft.server.log.segment.cache.num.max = 2 (custom)
2022-03-03 07:23:45,974 [pool-55-thread-1] INFO  server.RaftServerConfigKeys (ConfUtils.java:logGet(44)) - raft.server.log.segment.cache.size.max = 200MB (=209715200) (default)
2022-03-03 07:23:45,974 [pool-55-thread-1] INFO  segmented.SegmentedRaftLogWorker (SegmentedRaftLogWorker.java:<init>(182)) - new omNode-1@group-523986131536-SegmentedRaftLogWorker for RaftStorageImpl:Storage Directory /home/runner/work/ozone/ozone/hadoop-ozone/integration-test/target/test-dir/MiniOzoneClusterImpl-73ba9704-0a97-4d3d-983a-0dacfed22b51/omNode-1/ratis/c9bc4cf4-3bc3-3c60-a66b-523986131536
2022-03-03 07:23:45,974 [pool-55-thread-1] INFO  server.RaftServerConfigKeys (ConfUtils.java:logGet(44)) - raft.server.log.queue.byte-limit = 64MB (=67108864) (default)
2022-03-03 07:23:45,974 [pool-55-thread-1] INFO  server.RaftServerConfigKeys (ConfUtils.java:logGet(44)) - raft.server.log.queue.element-limit = 4096 (default)
2022-03-03 07:23:45,974 [pool-55-thread-1] INFO  server.RaftServerConfigKeys (ConfUtils.java:logGet(44)) - raft.server.log.segment.size.max = 4194304 (custom)
2022-03-03 07:23:45,974 [pool-55-thread-1] INFO  server.RaftServerConfigKeys (ConfUtils.java:logGet(44)) - raft.server.log.preallocated.size = 4194304 (custom)
2022-03-03 07:23:45,974 [pool-55-thread-1] INFO  server.RaftServerConfigKeys (ConfUtils.java:logGet(44)) - raft.server.log.force.sync.num = 128 (default)
2022-03-03 07:23:45,974 [pool-55-thread-1] INFO  server.RaftServerConfigKeys (ConfUtils.java:logGet(44)) - raft.server.log.statemachine.data.sync = true (default)
2022-03-03 07:23:45,974 [pool-55-thread-1] INFO  server.RaftServerConfigKeys (ConfUtils.java:logGet(44)) - raft.server.log.statemachine.data.sync.timeout = 10s (default)
2022-03-03 07:23:45,974 [pool-55-thread-1] INFO  server.RaftServerConfigKeys (ConfUtils.java:logGet(44)) - raft.server.log.statemachine.data.sync.timeout.retry = -1 (default)
2022-03-03 07:23:45,975 [pool-55-thread-1] INFO  server.RaftServerConfigKeys (ConfUtils.java:logGet(44)) - raft.server.log.write.buffer.size = 64KB (=65536) (default)
2022-03-03 07:23:45,976 [pool-55-thread-1] INFO  server.RaftServerConfigKeys (ConfUtils.java:logGet(44)) - raft.server.log.statemachine.data.caching.enabled = false (default)
2022-03-03 07:23:45,976 [pool-55-thread-1] INFO  segmented.SegmentedRaftLogWorker (SegmentedRaftLogWorker.java:lambda$new$0(133)) - omNode-1@group-523986131536-SegmentedRaftLogWorker: flushIndex: setUnconditionally 0 -> -1
2022-03-03 07:23:45,976 [pool-55-thread-1] INFO  segmented.SegmentedRaftLogWorker (SegmentedRaftLogWorker.java:lambda$new$0(133)) - omNode-1@group-523986131536-SegmentedRaftLogWorker: safeCacheEvictIndex: setUnconditionally 0 -> -1
2022-03-03 07:23:45,980 [pool-55-thread-1] INFO  server.RaftServerConfigKeys (ConfUtils.java:logGet(44)) - raft.server.snapshot.auto.trigger.enabled = true (custom)
2022-03-03 07:23:45,981 [pool-55-thread-1] INFO  server.RaftServerConfigKeys (ConfUtils.java:logGet(44)) - raft.server.snapshot.auto.trigger.threshold = 50 (custom)
2022-03-03 07:23:45,981 [pool-55-thread-1] INFO  server.RaftServerConfigKeys (ConfUtils.java:logGet(44)) - raft.server.snapshot.retention.file.num = -1 (default)
2022-03-03 07:23:45,981 [pool-55-thread-1] INFO  server.RaftServerConfigKeys (ConfUtils.java:logGet(44)) - raft.server.log.purge.upto.snapshot.index = true (custom)
2022-03-03 07:23:45,981 [pool-55-thread-1] INFO  server.RaftServerConfigKeys (ConfUtils.java:logGet(44)) - raft.server.retrycache.expirytime = 30000ms (custom)
2022-03-03 07:23:45,981 [pool-55-thread-1] INFO  server.RaftServerConfigKeys (ConfUtils.java:logGet(44)) - raft.server.retrycache.statistics.expirytime = 100μs (default)
2022-03-03 07:23:46,148 [Listener at 0.0.0.0/43895] INFO  ipc.CallQueueManager (CallQueueManager.java:<init>(90)) - Using callQueue: class java.util.concurrent.LinkedBlockingQueue, queueCapacity: 2000, scheduler: class org.apache.hadoop.ipc.DefaultRpcScheduler, ipcBackoff: false.
2022-03-03 07:23:46,149 [Socket Reader #1 for port 41283] INFO  ipc.Server (Server.java:run(1265)) - Starting Socket Reader #1 for port 41283
2022-03-03 07:23:46,180 [Listener at 127.0.0.1/41283] INFO  impl.MetricsSystemImpl (MetricsSystemImpl.java:init(158)) - OzoneManager metrics system started (again)
2022-03-03 07:23:46,193 [Listener at 127.0.0.1/41283] INFO  om.OzoneManager (OzoneManager.java:start(1365)) - OzoneManager RPC server is listening at localhost/127.0.0.1:41283
2022-03-03 07:23:46,193 [Listener at 127.0.0.1/41283] INFO  ratis.OzoneManagerRatisServer (OzoneManagerRatisServer.java:start(554)) - Starting OzoneManagerRatisServer omNode-1 at port 38685
2022-03-03 07:23:46,194 [Listener at 127.0.0.1/41283] INFO  server.RaftServer$Division (RaftServerImpl.java:start(301)) - omNode-1@group-523986131536: start as a follower, conf=-1: [omNode-3|rpc:localhost:45161|priority:0, omNode-1|rpc:localhost:38685|priority:0, omNode-2|rpc:localhost:34483|priority:0], old=null
2022-03-03 07:23:46,194 [Listener at 127.0.0.1/41283] INFO  server.RaftServer$Division (RaftServerImpl.java:setRole(290)) - omNode-1@group-523986131536: changes role from      null to FOLLOWER at term 0 for startAsFollower
2022-03-03 07:23:46,194 [Listener at 127.0.0.1/41283] INFO  impl.RoleInfo (RoleInfo.java:updateAndGet(130)) - omNode-1: start omNode-1@group-523986131536-FollowerState
2022-03-03 07:23:46,195 [Listener at 127.0.0.1/41283] INFO  util.JmxRegister (JmxRegister.java:tryRegister(44)) - Successfully registered JMX Bean with object name Ratis:service=RaftServer,group=group-523986131536,id=omNode-1
2022-03-03 07:23:46,197 [Listener at 127.0.0.1/41283] INFO  server.RaftServer (RaftServerProxy.java:lambda$start$5(374)) - omNode-1: start RPC server
2022-03-03 07:23:46,200 [Listener at 127.0.0.1/41283] INFO  server.GrpcService (GrpcService.java:startImpl(253)) - omNode-1: GrpcService started, listening on 38685
2022-03-03 07:23:46,200 [org.apache.ratis.util.JvmPauseMonitor$$Lambda$422/311185452@77eab063] INFO  util.JvmPauseMonitor (JvmPauseMonitor.java:run(103)) - JvmPauseMonitor-omNode-1: Started
2022-03-03 07:23:46,201 [Listener at 127.0.0.1/41283] INFO  om.OzoneManager (OzoneManager.java:start(1381)) - Version File has different layout version (0) than OM DB (null). That is expected if this OM has never been finalized to a newer layout version.
2022-03-03 07:23:46,221 [Listener at 127.0.0.1/41283] INFO  http.BaseHttpServer (BaseHttpServer.java:newHttpServer2BuilderForOzone(209)) - Starting Web-server for ozoneManager at: http://0.0.0.0:46553
2022-03-03 07:23:46,221 [Listener at 127.0.0.1/41283] INFO  http.BaseHttpServer (BaseHttpServer.java:<init>(107)) - Hadoop Security Enabled: false Ozone Security Enabled: false Ozone HTTP Security Enabled: false 
2022-03-03 07:23:46,223 [Listener at 127.0.0.1/41283] INFO  server.AuthenticationFilter (AuthenticationFilter.java:constructSecretProvider(240)) - Unable to initialize FileSignerSecretProvider, falling back to use random secrets.
2022-03-03 07:23:46,233 [Listener at 127.0.0.1/41283] WARN  http.HttpRequestLog (HttpRequestLog.java:getRequestLog(103)) - Jetty request log can only be enabled using Log4j
2022-03-03 07:23:46,234 [Listener at 127.0.0.1/41283] INFO  http.HttpServer2 (HttpServer2.java:addGlobalFilter(1030)) - Added global filter 'safety' (class=org.apache.hadoop.hdds.server.http.HttpServer2$QuotingInputFilter)
2022-03-03 07:23:46,236 [Listener at 127.0.0.1/41283] INFO  http.HttpServer2 (HttpServer2.java:addFilter(1006)) - Added filter static_user_filter (class=org.apache.hadoop.http.lib.StaticUserWebFilter$StaticUserFilter) to context ozoneManager
2022-03-03 07:23:46,236 [Listener at 127.0.0.1/41283] INFO  http.HttpServer2 (HttpServer2.java:addFilter(1014)) - Added filter static_user_filter (class=org.apache.hadoop.http.lib.StaticUserWebFilter$StaticUserFilter) to context logs
2022-03-03 07:23:46,236 [Listener at 127.0.0.1/41283] INFO  http.HttpServer2 (HttpServer2.java:addFilter(1014)) - Added filter static_user_filter (class=org.apache.hadoop.http.lib.StaticUserWebFilter$StaticUserFilter) to context static
2022-03-03 07:23:46,238 [Listener at 127.0.0.1/41283] INFO  http.HttpServer2 (HttpServer2.java:bindListener(1249)) - Jetty bound to port 46553
2022-03-03 07:23:46,238 [Listener at 127.0.0.1/41283] INFO  server.Server (Server.java:doStart(375)) - jetty-9.4.43.v20210629; built: 2021-06-30T11:07:22.254Z; git: 526006ecfa3af7f1a27ef3a288e2bef7ea9dd7e8; jvm 1.8.0_322-b06
2022-03-03 07:23:46,241 [Listener at 127.0.0.1/41283] INFO  server.session (DefaultSessionIdManager.java:doStart(334)) - DefaultSessionIdManager workerName=node0
2022-03-03 07:23:46,241 [Listener at 127.0.0.1/41283] INFO  server.session (DefaultSessionIdManager.java:doStart(339)) - No SessionScavenger set, using defaults
2022-03-03 07:23:46,241 [Listener at 127.0.0.1/41283] INFO  server.session (HouseKeeper.java:startScavenging(132)) - node0 Scavenging every 600000ms
2022-03-03 07:23:46,242 [Listener at 127.0.0.1/41283] INFO  handler.ContextHandler (ContextHandler.java:doStart(915)) - Started o.e.j.s.ServletContextHandler@174bbe8e{logs,/logs,file:///home/runner/work/ozone/ozone/hadoop-ozone/integration-test/target/log,AVAILABLE}
2022-03-03 07:23:46,243 [Listener at 127.0.0.1/41283] INFO  handler.ContextHandler (ContextHandler.java:doStart(915)) - Started o.e.j.s.ServletContextHandler@562998d3{static,/static,file:///home/runner/work/ozone/ozone/hadoop-ozone/integration-test/target/test-classes/webapps/static,AVAILABLE}
2022-03-03 07:23:46,248 [Listener at 127.0.0.1/41283] INFO  handler.ContextHandler (ContextHandler.java:doStart(915)) - Started o.e.j.w.WebAppContext@56b37d59{ozoneManager,/,file:///home/runner/work/ozone/ozone/hadoop-ozone/integration-test/target/test-classes/webapps/ozoneManager/,AVAILABLE}{file:/home/runner/work/ozone/ozone/hadoop-ozone/integration-test/target/test-classes/webapps/ozoneManager}
2022-03-03 07:23:46,249 [Listener at 127.0.0.1/41283] INFO  server.AbstractConnector (AbstractConnector.java:doStart(331)) - Started ServerConnector@123a0b95{HTTP/1.1, (http/1.1)}{0.0.0.0:46553}
2022-03-03 07:23:46,249 [Listener at 127.0.0.1/41283] INFO  server.Server (Server.java:doStart(415)) - Started @17775ms
2022-03-03 07:23:46,249 [Listener at 127.0.0.1/41283] WARN  impl.MetricsSystemImpl (MetricsSystemImpl.java:register(279)) - Sink prometheus already exists!
2022-03-03 07:23:46,250 [Listener at 127.0.0.1/41283] INFO  http.BaseHttpServer (BaseHttpServer.java:updateConnectorAddress(329)) - HTTP server of ozoneManager listening at http://0.0.0.0:46553
2022-03-03 07:23:46,253 [IPC Server Responder] INFO  ipc.Server (Server.java:run(1507)) - IPC Server Responder: starting
2022-03-03 07:23:46,254 [IPC Server listener on 41283] INFO  ipc.Server (Server.java:run(1344)) - IPC Server listener on 41283: starting
2022-03-03 07:23:46,259 [Listener at 127.0.0.1/41283] INFO  om.OzoneManager (OzoneManager.java:startTrashEmptier(1792)) - Trash Interval set to 0. Files deleted will not move to trash
2022-03-03 07:23:46,261 [Listener at 127.0.0.1/41283] INFO  ozone.MiniOzoneHAClusterImpl (MiniOzoneHAClusterImpl.java:createOMService(522)) - Started OzoneManager omNode-1 RPC server at localhost/127.0.0.1:41283
2022-03-03 07:23:46,262 [Listener at 127.0.0.1/41283] INFO  ha.OMHANodeDetails (OMHANodeDetails.java:loadOMHAConfig(118)) - ServiceID for OzoneManager is om-service-test1
2022-03-03 07:23:46,262 [Listener at 127.0.0.1/41283] INFO  ha.OMHANodeDetails (OMHANodeDetails.java:loadOMHAConfig(193)) - Found matching OM address with OMServiceId: om-service-test1, OMNodeId: omNode-2, RPC Address: localhost:35909 and Ratis port: 34483
2022-03-03 07:23:46,263 [Listener at 127.0.0.1/41283] INFO  ha.OMHANodeDetails (ConfUtils.java:setNodeSpecificConfigs(108)) - Setting configuration key ozone.om.http-address with value of key ozone.om.http-address.om-service-test1.omNode-2: 127.0.0.1:33963
2022-03-03 07:23:46,263 [Listener at 127.0.0.1/41283] INFO  ha.OMHANodeDetails (ConfUtils.java:setNodeSpecificConfigs(108)) - Setting configuration key ozone.om.https-address with value of key ozone.om.https-address.om-service-test1.omNode-2: 127.0.0.1:34909
2022-03-03 07:23:46,263 [Listener at 127.0.0.1/41283] INFO  ha.OMHANodeDetails (ConfUtils.java:setNodeSpecificConfigs(108)) - Setting configuration key ozone.om.address with value of key ozone.om.address.om-service-test1.omNode-2: 127.0.0.1:35909
2022-03-03 07:23:46,263 [Listener at 127.0.0.1/41283] WARN  server.ServerUtils (ServerUtils.java:getDBPath(225)) - ozone.om.db.dirs is not configured. We recommend adding this setting. Falling back to ozone.metadata.dirs instead.
2022-03-03 07:23:46,266 [org.apache.hadoop.util.JvmPauseMonitor$Monitor@2254919b] INFO  util.JvmPauseMonitor (JvmPauseMonitor.java:run(188)) - Starting JVM pause monitor
OM initialization succeeded.Current cluster id for sd=/home/runner/work/ozone/ozone/hadoop-ozone/integration-test/target/test-dir/MiniOzoneClusterImpl-73ba9704-0a97-4d3d-983a-0dacfed22b51/omNode-2/om;cid=73ba9704-0a97-4d3d-983a-0dacfed22b51;layoutVersion=0
2022-03-03 07:23:46,272 [Listener at 127.0.0.1/41283] INFO  ha.OMHANodeDetails (OMHANodeDetails.java:loadOMHAConfig(118)) - ServiceID for OzoneManager is om-service-test1
2022-03-03 07:23:46,272 [Listener at 127.0.0.1/41283] INFO  ha.OMHANodeDetails (OMHANodeDetails.java:loadOMHAConfig(193)) - Found matching OM address with OMServiceId: om-service-test1, OMNodeId: omNode-2, RPC Address: localhost:35909 and Ratis port: 34483
2022-03-03 07:23:46,273 [Listener at 127.0.0.1/41283] INFO  ha.OMHANodeDetails (ConfUtils.java:setNodeSpecificConfigs(108)) - Setting configuration key ozone.om.http-address with value of key ozone.om.http-address.om-service-test1.omNode-2: 127.0.0.1:33963
2022-03-03 07:23:46,273 [Listener at 127.0.0.1/41283] INFO  ha.OMHANodeDetails (ConfUtils.java:setNodeSpecificConfigs(108)) - Setting configuration key ozone.om.https-address with value of key ozone.om.https-address.om-service-test1.omNode-2: 127.0.0.1:34909
2022-03-03 07:23:46,273 [Listener at 127.0.0.1/41283] INFO  ha.OMHANodeDetails (ConfUtils.java:setNodeSpecificConfigs(108)) - Setting configuration key ozone.om.address with value of key ozone.om.address.om-service-test1.omNode-2: 127.0.0.1:35909
2022-03-03 07:23:46,273 [Listener at 127.0.0.1/41283] WARN  server.ServerUtils (ServerUtils.java:getDBPath(225)) - ozone.om.db.dirs is not configured. We recommend adding this setting. Falling back to ozone.metadata.dirs instead.
2022-03-03 07:23:46,274 [Listener at 127.0.0.1/41283] INFO  upgrade.AbstractLayoutVersionManager (AbstractLayoutVersionManager.java:init(79)) - Initializing Layout version manager with metadata layout = INITIAL_VERSION (version = 0), software layout = INITIAL_VERSION (version = 0)
2022-03-03 07:23:46,337 [Listener at 127.0.0.1/41283] INFO  reflections.Reflections (Reflections.java:scan(232)) - Reflections took 62 ms to scan 2 urls, producing 134 keys and 349 values [using 2 cores]
2022-03-03 07:23:46,337 [Listener at 127.0.0.1/41283] INFO  upgrade.OMLayoutVersionManager (OMLayoutVersionManager.java:lambda$0(115)) - Skipping Upgrade Action MockOmUpgradeAction since it has been finalized.
2022-03-03 07:23:46,338 [Listener at 127.0.0.1/41283] WARN  server.ServerUtils (ServerUtils.java:getDBPath(225)) - ozone.om.db.dirs is not configured. We recommend adding this setting. Falling back to ozone.metadata.dirs instead.
2022-03-03 07:23:46,356 [Listener at 127.0.0.1/41283] WARN  server.ServerUtils (ServerUtils.java:getDBPath(225)) - ozone.om.db.dirs is not configured. We recommend adding this setting. Falling back to ozone.metadata.dirs instead.
2022-03-03 07:23:46,358 [Listener at 127.0.0.1/41283] INFO  codec.OmKeyInfoCodec (OmKeyInfoCodec.java:<init>(50)) - OmKeyInfoCodec ignorePipeline = true
2022-03-03 07:23:46,358 [Listener at 127.0.0.1/41283] INFO  codec.RepeatedOmKeyInfoCodec (RepeatedOmKeyInfoCodec.java:<init>(42)) - RepeatedOmKeyInfoCodec ignorePipeline = true
2022-03-03 07:23:46,509 [Listener at 127.0.0.1/41283] INFO  om.OzoneManager (OzoneManager.java:addS3GVolumeToDB(3733)) - Created Volume s3v With Owner runner required for S3Gateway operations.
2022-03-03 07:23:46,509 [Listener at 127.0.0.1/41283] WARN  server.ServerUtils (ServerUtils.java:getDefaultRatisDirectory(237)) - Storage directory for Ratis is not configured. It is a good idea to map this to an SSD disk. Falling back to ozone.metadata.dirs
2022-03-03 07:23:46,509 [Listener at 127.0.0.1/41283] WARN  utils.OzoneManagerRatisUtils (OzoneManagerRatisUtils.java:getOMRatisSnapshotDirectory(330)) - ozone.om.ratis.snapshot.dir is not configured. Falling back to ozone.metadata.dirs config
2022-03-03 07:23:46,510 [Listener at 127.0.0.1/41283] INFO  snapshot.OzoneManagerSnapshotProvider (OzoneManagerSnapshotProvider.java:<init>(76)) - Initializing OM Snapshot Provider
2022-03-03 07:23:46,511 [Listener at 127.0.0.1/41283] WARN  impl.MetricRegistriesImpl (MetricRegistriesImpl.java:addReporterRegistration(111)) - New reporters are added after registries were created. Some metrics will be missing from the reporter. Please add reporter before adding any new registry.
2022-03-03 07:23:46,511 [Listener at 127.0.0.1/41283] WARN  impl.MetricRegistriesImpl (MetricRegistriesImpl.java:addReporterRegistration(111)) - New reporters are added after registries were created. Some metrics will be missing from the reporter. Please add reporter before adding any new registry.
2022-03-03 07:23:46,512 [Listener at 127.0.0.1/41283] WARN  server.ServerUtils (ServerUtils.java:getDefaultRatisDirectory(237)) - Storage directory for Ratis is not configured. It is a good idea to map this to an SSD disk. Falling back to ozone.metadata.dirs
2022-03-03 07:23:46,513 [Listener at 127.0.0.1/41283] INFO  ratis.OzoneManagerRatisServer (OzoneManagerRatisServer.java:<init>(159)) - Instantiating OM Ratis server with groupID: om-service-test1 and peers: localhost:34483, localhost:45161, localhost:38685
2022-03-03 07:23:46,513 [Listener at 127.0.0.1/41283] INFO  ratis.OzoneManagerStateMachine (OzoneManagerStateMachine.java:loadSnapshotInfoFromDB(605)) - LastAppliedIndex is set from TransactionInfo from OM DB as (t:0, i:~)
2022-03-03 07:23:46,514 [Listener at 127.0.0.1/41283] INFO  server.RaftServer (ConfUtils.java:logGet(44)) - raft.rpc.type = GRPC (default)
2022-03-03 07:23:46,514 [Listener at 127.0.0.1/41283] INFO  grpc.GrpcFactory (GrpcFactory.java:checkPooledByteBufAllocatorUseCacheForAllThreads(48)) - PERFORMANCE WARNING: useCacheForAllThreads is true that may cause Netty to create a lot garbage objects and, as a result, trigger GC.
	It is recommended to disable useCacheForAllThreads by setting -Dorg.apache.ratis.thirdparty.io.netty.allocator.useCacheForAllThreads=false in command line.
2022-03-03 07:23:46,514 [Listener at 127.0.0.1/41283] INFO  grpc.GrpcConfigKeys (ConfUtils.java:logGet(44)) - raft.grpc.admin.port = -1 (default)
2022-03-03 07:23:46,514 [Listener at 127.0.0.1/41283] INFO  grpc.GrpcConfigKeys (ConfUtils.java:logGet(44)) - raft.grpc.server.port = 34483 (custom)
2022-03-03 07:23:46,515 [Listener at 127.0.0.1/41283] INFO  grpc.GrpcConfigKeys (ConfUtils.java:logGet(44)) - raft.grpc.client.port = -1 (default)
2022-03-03 07:23:46,515 [Listener at 127.0.0.1/41283] INFO  grpc.GrpcConfigKeys (ConfUtils.java:logGet(44)) - raft.grpc.server.port = 34483 (custom)
2022-03-03 07:23:46,515 [Listener at 127.0.0.1/41283] INFO  grpc.GrpcConfigKeys (ConfUtils.java:logGet(44)) - raft.grpc.server.port = 34483 (custom)
2022-03-03 07:23:46,515 [Listener at 127.0.0.1/41283] INFO  server.GrpcService (ConfUtils.java:logGet(44)) - raft.grpc.message.size.max = 33554432 (custom)
2022-03-03 07:23:46,515 [Listener at 127.0.0.1/41283] INFO  server.RaftServerConfigKeys (ConfUtils.java:logGet(44)) - raft.server.log.appender.buffer.byte-limit = 33554432 (custom)
2022-03-03 07:23:46,515 [Listener at 127.0.0.1/41283] INFO  server.GrpcService (ConfUtils.java:logGet(44)) - raft.grpc.flow.control.window = 1MB (=1048576) (default)
2022-03-03 07:23:46,516 [Listener at 127.0.0.1/41283] INFO  server.RaftServerConfigKeys (ConfUtils.java:logGet(44)) - raft.server.rpc.request.timeout = 3000ms (default)
2022-03-03 07:23:46,517 [Listener at 127.0.0.1/41283] INFO  impl.DataStreamServerImpl (ConfUtils.java:logGet(44)) - raft.datastream.type = DISABLED (default)
2022-03-03 07:23:46,517 [Listener at 127.0.0.1/41283] INFO  server.RaftServerConfigKeys (ConfUtils.java:logGet(44)) - raft.server.rpc.slowness.timeout = 2s (custom)
2022-03-03 07:23:46,517 [Listener at 127.0.0.1/41283] INFO  server.RaftServerConfigKeys (ConfUtils.java:logGet(44)) - raft.server.leaderelection.leader.step-down.wait-time = 10s (default)
2022-03-03 07:23:46,518 [Listener at 127.0.0.1/41283] INFO  server.RaftServerConfigKeys (ConfUtils.java:logGet(44)) - raft.server.storage.dir = [/home/runner/work/ozone/ozone/hadoop-ozone/integration-test/target/test-dir/MiniOzoneClusterImpl-73ba9704-0a97-4d3d-983a-0dacfed22b51/omNode-2/ratis] (custom)
2022-03-03 07:23:46,519 [Listener at 127.0.0.1/41283] INFO  server.RaftServer (RaftServerProxy.java:addNew(95)) - omNode-2: addNew group-523986131536:[omNode-3|rpc:localhost:45161|priority:0, omNode-1|rpc:localhost:38685|priority:0, omNode-2|rpc:localhost:34483|priority:0] returns group-523986131536:java.util.concurrent.CompletableFuture@4ff4478[Not completed]
2022-03-03 07:23:46,520 [Listener at 127.0.0.1/41283] INFO  om.OzoneManager (OzoneManager.java:initializeRatisServer(1834)) - OzoneManager Ratis server initialized at port 34483
2022-03-03 07:23:46,521 [Listener at 127.0.0.1/41283] INFO  ipc.CallQueueManager (CallQueueManager.java:<init>(90)) - Using callQueue: class java.util.concurrent.LinkedBlockingQueue, queueCapacity: 2000, scheduler: class org.apache.hadoop.ipc.DefaultRpcScheduler, ipcBackoff: false.
2022-03-03 07:23:46,527 [Socket Reader #1 for port 35909] INFO  ipc.Server (Server.java:run(1265)) - Starting Socket Reader #1 for port 35909
2022-03-03 07:23:46,528 [pool-77-thread-1] INFO  server.RaftServer$Division (RaftServerImpl.java:<init>(184)) - omNode-2: new RaftServerImpl for group-523986131536:[omNode-3|rpc:localhost:45161|priority:0, omNode-1|rpc:localhost:38685|priority:0, omNode-2|rpc:localhost:34483|priority:0] with OzoneManagerStateMachine:uninitialized
2022-03-03 07:23:46,529 [pool-77-thread-1] INFO  server.RaftServerConfigKeys (ConfUtils.java:logGet(44)) - raft.server.rpc.timeout.min = 1s (custom)
2022-03-03 07:23:46,529 [pool-77-thread-1] INFO  server.RaftServerConfigKeys (ConfUtils.java:logGet(44)) - raft.server.rpc.timeout.max = 1200ms (custom)
2022-03-03 07:23:46,534 [pool-77-thread-1] INFO  server.RaftServerConfigKeys (ConfUtils.java:logGet(44)) - raft.server.rpc.sleep.time = 25ms (default)
2022-03-03 07:23:46,535 [pool-77-thread-1] INFO  server.RaftServerConfigKeys (ConfUtils.java:logGet(44)) - raft.server.rpc.slowness.timeout = 2s (custom)
2022-03-03 07:23:46,537 [pool-77-thread-1] INFO  server.RaftServerConfigKeys (ConfUtils.java:logGet(44)) - raft.server.leaderelection.leader.step-down.wait-time = 10s (default)
2022-03-03 07:23:46,538 [pool-77-thread-1] INFO  server.RaftServerConfigKeys (ConfUtils.java:logGet(44)) - raft.server.sleep.deviation.threshold = 300ms (default)
2022-03-03 07:23:46,538 [pool-77-thread-1] INFO  server.RaftServerConfigKeys (ConfUtils.java:logGet(44)) - raft.server.log.appender.install.snapshot.enabled = false (custom)
2022-03-03 07:23:46,538 [pool-77-thread-1] INFO  server.RaftServer$Division (ServerState.java:<init>(105)) - omNode-2@group-523986131536: ConfigurationManager, init=-1: [omNode-3|rpc:localhost:45161|priority:0, omNode-1|rpc:localhost:38685|priority:0, omNode-2|rpc:localhost:34483|priority:0], old=null, confs=<EMPTY_MAP>
2022-03-03 07:23:46,538 [pool-77-thread-1] INFO  server.RaftServerConfigKeys (ConfUtils.java:logGet(44)) - raft.server.storage.dir = [/home/runner/work/ozone/ozone/hadoop-ozone/integration-test/target/test-dir/MiniOzoneClusterImpl-73ba9704-0a97-4d3d-983a-0dacfed22b51/omNode-2/ratis] (custom)
2022-03-03 07:23:46,538 [pool-77-thread-1] INFO  server.RaftServerConfigKeys (ConfUtils.java:logGet(44)) - raft.server.log.corruption.policy = EXCEPTION (default)
2022-03-03 07:23:46,539 [pool-77-thread-1] INFO  server.RaftServerConfigKeys (ConfUtils.java:logGet(44)) - raft.server.storage.free-space.min = 0MB (=0) (default)
2022-03-03 07:23:46,539 [pool-77-thread-1] INFO  storage.RaftStorageDirectory (RaftStorageDirectoryImpl.java:analyzeStorage(135)) - The storage directory /home/runner/work/ozone/ozone/hadoop-ozone/integration-test/target/test-dir/MiniOzoneClusterImpl-73ba9704-0a97-4d3d-983a-0dacfed22b51/omNode-2/ratis/c9bc4cf4-3bc3-3c60-a66b-523986131536 does not exist. Creating ...
2022-03-03 07:23:46,541 [pool-77-thread-1] INFO  storage.RaftStorageDirectory (RaftStorageDirectoryImpl.java:tryLock(230)) - Lock on /home/runner/work/ozone/ozone/hadoop-ozone/integration-test/target/test-dir/MiniOzoneClusterImpl-73ba9704-0a97-4d3d-983a-0dacfed22b51/omNode-2/ratis/c9bc4cf4-3bc3-3c60-a66b-523986131536/in_use.lock acquired by nodename 30716@fv-az501-749
2022-03-03 07:23:46,542 [pool-77-thread-1] INFO  storage.RaftStorage (RaftStorageImpl.java:format(89)) - Storage directory /home/runner/work/ozone/ozone/hadoop-ozone/integration-test/target/test-dir/MiniOzoneClusterImpl-73ba9704-0a97-4d3d-983a-0dacfed22b51/omNode-2/ratis/c9bc4cf4-3bc3-3c60-a66b-523986131536 has been successfully formatted.
2022-03-03 07:23:46,543 [pool-77-thread-1] INFO  server.RaftServerConfigKeys (ConfUtils.java:logGet(44)) - raft.server.notification.no-leader.timeout = 2s (custom)
2022-03-03 07:23:46,543 [pool-77-thread-1] INFO  server.RaftServerConfigKeys (ConfUtils.java:logGet(44)) - raft.server.log.use.memory = false (default)
2022-03-03 07:23:46,543 [pool-77-thread-1] INFO  server.RaftServerConfigKeys (ConfUtils.java:logGet(44)) - raft.server.log.purge.gap = 50 (custom)
2022-03-03 07:23:46,543 [pool-77-thread-1] INFO  server.RaftServerConfigKeys (ConfUtils.java:logGet(44)) - raft.server.log.appender.buffer.byte-limit = 33554432 (custom)
2022-03-03 07:23:46,544 [pool-77-thread-1] INFO  server.RaftServerConfigKeys (ConfUtils.java:logGet(44)) - raft.server.log.segment.size.max = 4194304 (custom)
2022-03-03 07:23:46,544 [pool-77-thread-1] INFO  server.RaftServerConfigKeys (ConfUtils.java:logGet(44)) - raft.server.log.segment.cache.num.max = 2 (custom)
2022-03-03 07:23:46,544 [pool-77-thread-1] INFO  server.RaftServerConfigKeys (ConfUtils.java:logGet(44)) - raft.server.log.segment.cache.size.max = 200MB (=209715200) (default)
2022-03-03 07:23:46,545 [pool-77-thread-1] INFO  segmented.SegmentedRaftLogWorker (SegmentedRaftLogWorker.java:<init>(182)) - new omNode-2@group-523986131536-SegmentedRaftLogWorker for RaftStorageImpl:Storage Directory /home/runner/work/ozone/ozone/hadoop-ozone/integration-test/target/test-dir/MiniOzoneClusterImpl-73ba9704-0a97-4d3d-983a-0dacfed22b51/omNode-2/ratis/c9bc4cf4-3bc3-3c60-a66b-523986131536
2022-03-03 07:23:46,545 [pool-77-thread-1] INFO  server.RaftServerConfigKeys (ConfUtils.java:logGet(44)) - raft.server.log.queue.byte-limit = 64MB (=67108864) (default)
2022-03-03 07:23:46,545 [pool-77-thread-1] INFO  server.RaftServerConfigKeys (ConfUtils.java:logGet(44)) - raft.server.log.queue.element-limit = 4096 (default)
2022-03-03 07:23:46,545 [pool-77-thread-1] INFO  server.RaftServerConfigKeys (ConfUtils.java:logGet(44)) - raft.server.log.segment.size.max = 4194304 (custom)
2022-03-03 07:23:46,545 [pool-77-thread-1] INFO  server.RaftServerConfigKeys (ConfUtils.java:logGet(44)) - raft.server.log.preallocated.size = 4194304 (custom)
2022-03-03 07:23:46,545 [pool-77-thread-1] INFO  server.RaftServerConfigKeys (ConfUtils.java:logGet(44)) - raft.server.log.force.sync.num = 128 (default)
2022-03-03 07:23:46,545 [pool-77-thread-1] INFO  server.RaftServerConfigKeys (ConfUtils.java:logGet(44)) - raft.server.log.statemachine.data.sync = true (default)
2022-03-03 07:23:46,553 [pool-77-thread-1] INFO  server.RaftServerConfigKeys (ConfUtils.java:logGet(44)) - raft.server.log.statemachine.data.sync.timeout = 10s (default)
2022-03-03 07:23:46,553 [pool-77-thread-1] INFO  server.RaftServerConfigKeys (ConfUtils.java:logGet(44)) - raft.server.log.statemachine.data.sync.timeout.retry = -1 (default)
2022-03-03 07:23:46,555 [pool-77-thread-1] INFO  server.RaftServerConfigKeys (ConfUtils.java:logGet(44)) - raft.server.log.write.buffer.size = 64KB (=65536) (default)
2022-03-03 07:23:46,555 [pool-77-thread-1] INFO  server.RaftServerConfigKeys (ConfUtils.java:logGet(44)) - raft.server.log.statemachine.data.caching.enabled = false (default)
2022-03-03 07:23:46,555 [pool-77-thread-1] INFO  segmented.SegmentedRaftLogWorker (SegmentedRaftLogWorker.java:lambda$new$0(133)) - omNode-2@group-523986131536-SegmentedRaftLogWorker: flushIndex: setUnconditionally 0 -> -1
2022-03-03 07:23:46,555 [pool-77-thread-1] INFO  segmented.SegmentedRaftLogWorker (SegmentedRaftLogWorker.java:lambda$new$0(133)) - omNode-2@group-523986131536-SegmentedRaftLogWorker: safeCacheEvictIndex: setUnconditionally 0 -> -1
2022-03-03 07:23:46,559 [pool-77-thread-1] INFO  server.RaftServerConfigKeys (ConfUtils.java:logGet(44)) - raft.server.snapshot.auto.trigger.enabled = true (custom)
2022-03-03 07:23:46,559 [pool-77-thread-1] INFO  server.RaftServerConfigKeys (ConfUtils.java:logGet(44)) - raft.server.snapshot.auto.trigger.threshold = 50 (custom)
2022-03-03 07:23:46,559 [pool-77-thread-1] INFO  server.RaftServerConfigKeys (ConfUtils.java:logGet(44)) - raft.server.snapshot.retention.file.num = -1 (default)
2022-03-03 07:23:46,560 [pool-77-thread-1] INFO  server.RaftServerConfigKeys (ConfUtils.java:logGet(44)) - raft.server.log.purge.upto.snapshot.index = true (custom)
2022-03-03 07:23:46,560 [pool-77-thread-1] INFO  server.RaftServerConfigKeys (ConfUtils.java:logGet(44)) - raft.server.retrycache.expirytime = 30000ms (custom)
2022-03-03 07:23:46,560 [pool-77-thread-1] INFO  server.RaftServerConfigKeys (ConfUtils.java:logGet(44)) - raft.server.retrycache.statistics.expirytime = 100μs (default)
2022-03-03 07:23:46,573 [Listener at 127.0.0.1/35909] INFO  impl.MetricsSystemImpl (MetricsSystemImpl.java:init(158)) - OzoneManager metrics system started (again)
2022-03-03 07:23:46,592 [Listener at 127.0.0.1/35909] INFO  om.OzoneManager (OzoneManager.java:start(1365)) - OzoneManager RPC server is listening at localhost/127.0.0.1:35909
2022-03-03 07:23:46,593 [Listener at 127.0.0.1/35909] INFO  ratis.OzoneManagerRatisServer (OzoneManagerRatisServer.java:start(554)) - Starting OzoneManagerRatisServer omNode-2 at port 34483
2022-03-03 07:23:46,593 [Listener at 127.0.0.1/35909] INFO  server.RaftServer$Division (RaftServerImpl.java:start(301)) - omNode-2@group-523986131536: start as a follower, conf=-1: [omNode-3|rpc:localhost:45161|priority:0, omNode-1|rpc:localhost:38685|priority:0, omNode-2|rpc:localhost:34483|priority:0], old=null
2022-03-03 07:23:46,593 [Listener at 127.0.0.1/35909] INFO  server.RaftServer$Division (RaftServerImpl.java:setRole(290)) - omNode-2@group-523986131536: changes role from      null to FOLLOWER at term 0 for startAsFollower
2022-03-03 07:23:46,593 [Listener at 127.0.0.1/35909] INFO  impl.RoleInfo (RoleInfo.java:updateAndGet(130)) - omNode-2: start omNode-2@group-523986131536-FollowerState
2022-03-03 07:23:46,594 [Listener at 127.0.0.1/35909] INFO  util.JmxRegister (JmxRegister.java:tryRegister(44)) - Successfully registered JMX Bean with object name Ratis:service=RaftServer,group=group-523986131536,id=omNode-2
2022-03-03 07:23:46,595 [Listener at 127.0.0.1/35909] INFO  server.RaftServer (RaftServerProxy.java:lambda$start$5(374)) - omNode-2: start RPC server
2022-03-03 07:23:46,596 [Listener at 127.0.0.1/35909] INFO  server.GrpcService (GrpcService.java:startImpl(253)) - omNode-2: GrpcService started, listening on 34483
2022-03-03 07:23:46,597 [Listener at 127.0.0.1/35909] INFO  om.OzoneManager (OzoneManager.java:start(1381)) - Version File has different layout version (0) than OM DB (null). That is expected if this OM has never been finalized to a newer layout version.
2022-03-03 07:23:46,598 [org.apache.ratis.util.JvmPauseMonitor$$Lambda$422/311185452@6e26d0b3] INFO  util.JvmPauseMonitor (JvmPauseMonitor.java:run(103)) - JvmPauseMonitor-omNode-2: Started
2022-03-03 07:23:46,602 [Listener at 127.0.0.1/35909] INFO  http.BaseHttpServer (BaseHttpServer.java:newHttpServer2BuilderForOzone(209)) - Starting Web-server for ozoneManager at: http://0.0.0.0:33963
2022-03-03 07:23:46,602 [Listener at 127.0.0.1/35909] INFO  http.BaseHttpServer (BaseHttpServer.java:<init>(107)) - Hadoop Security Enabled: false Ozone Security Enabled: false Ozone HTTP Security Enabled: false 
2022-03-03 07:23:46,603 [Listener at 127.0.0.1/35909] INFO  server.AuthenticationFilter (AuthenticationFilter.java:constructSecretProvider(240)) - Unable to initialize FileSignerSecretProvider, falling back to use random secrets.
2022-03-03 07:23:46,605 [Listener at 127.0.0.1/35909] WARN  http.HttpRequestLog (HttpRequestLog.java:getRequestLog(103)) - Jetty request log can only be enabled using Log4j
2022-03-03 07:23:46,606 [Listener at 127.0.0.1/35909] INFO  http.HttpServer2 (HttpServer2.java:addGlobalFilter(1030)) - Added global filter 'safety' (class=org.apache.hadoop.hdds.server.http.HttpServer2$QuotingInputFilter)
2022-03-03 07:23:46,607 [Listener at 127.0.0.1/35909] INFO  http.HttpServer2 (HttpServer2.java:addFilter(1006)) - Added filter static_user_filter (class=org.apache.hadoop.http.lib.StaticUserWebFilter$StaticUserFilter) to context ozoneManager
2022-03-03 07:23:46,607 [Listener at 127.0.0.1/35909] INFO  http.HttpServer2 (HttpServer2.java:addFilter(1014)) - Added filter static_user_filter (class=org.apache.hadoop.http.lib.StaticUserWebFilter$StaticUserFilter) to context static
2022-03-03 07:23:46,607 [Listener at 127.0.0.1/35909] INFO  http.HttpServer2 (HttpServer2.java:addFilter(1014)) - Added filter static_user_filter (class=org.apache.hadoop.http.lib.StaticUserWebFilter$StaticUserFilter) to context logs
2022-03-03 07:23:46,608 [Listener at 127.0.0.1/35909] INFO  http.HttpServer2 (HttpServer2.java:bindListener(1249)) - Jetty bound to port 33963
2022-03-03 07:23:46,608 [Listener at 127.0.0.1/35909] INFO  server.Server (Server.java:doStart(375)) - jetty-9.4.43.v20210629; built: 2021-06-30T11:07:22.254Z; git: 526006ecfa3af7f1a27ef3a288e2bef7ea9dd7e8; jvm 1.8.0_322-b06
2022-03-03 07:23:46,613 [Listener at 127.0.0.1/35909] INFO  server.session (DefaultSessionIdManager.java:doStart(334)) - DefaultSessionIdManager workerName=node0
2022-03-03 07:23:46,613 [Listener at 127.0.0.1/35909] INFO  server.session (DefaultSessionIdManager.java:doStart(339)) - No SessionScavenger set, using defaults
2022-03-03 07:23:46,613 [Listener at 127.0.0.1/35909] INFO  server.session (HouseKeeper.java:startScavenging(132)) - node0 Scavenging every 600000ms
2022-03-03 07:23:46,614 [Listener at 127.0.0.1/35909] INFO  handler.ContextHandler (ContextHandler.java:doStart(915)) - Started o.e.j.s.ServletContextHandler@24328fca{logs,/logs,file:///home/runner/work/ozone/ozone/hadoop-ozone/integration-test/target/log,AVAILABLE}
2022-03-03 07:23:46,615 [Listener at 127.0.0.1/35909] INFO  handler.ContextHandler (ContextHandler.java:doStart(915)) - Started o.e.j.s.ServletContextHandler@c94f221{static,/static,file:///home/runner/work/ozone/ozone/hadoop-ozone/integration-test/target/test-classes/webapps/static,AVAILABLE}
2022-03-03 07:23:46,619 [Listener at 127.0.0.1/35909] INFO  handler.ContextHandler (ContextHandler.java:doStart(915)) - Started o.e.j.w.WebAppContext@4ebd3d4c{ozoneManager,/,file:///home/runner/work/ozone/ozone/hadoop-ozone/integration-test/target/test-classes/webapps/ozoneManager/,AVAILABLE}{file:/home/runner/work/ozone/ozone/hadoop-ozone/integration-test/target/test-classes/webapps/ozoneManager}
2022-03-03 07:23:46,620 [Listener at 127.0.0.1/35909] INFO  server.AbstractConnector (AbstractConnector.java:doStart(331)) - Started ServerConnector@6afec4b1{HTTP/1.1, (http/1.1)}{0.0.0.0:33963}
2022-03-03 07:23:46,620 [Listener at 127.0.0.1/35909] INFO  server.Server (Server.java:doStart(415)) - Started @18146ms
2022-03-03 07:23:46,620 [Listener at 127.0.0.1/35909] WARN  impl.MetricsSystemImpl (MetricsSystemImpl.java:register(279)) - Sink prometheus already exists!
2022-03-03 07:23:46,621 [Listener at 127.0.0.1/35909] INFO  http.BaseHttpServer (BaseHttpServer.java:updateConnectorAddress(329)) - HTTP server of ozoneManager listening at http://0.0.0.0:33963
2022-03-03 07:23:46,621 [IPC Server Responder] INFO  ipc.Server (Server.java:run(1507)) - IPC Server Responder: starting
2022-03-03 07:23:46,625 [IPC Server listener on 35909] INFO  ipc.Server (Server.java:run(1344)) - IPC Server listener on 35909: starting
2022-03-03 07:23:46,636 [Listener at 127.0.0.1/35909] INFO  om.OzoneManager (OzoneManager.java:startTrashEmptier(1792)) - Trash Interval set to 0. Files deleted will not move to trash
2022-03-03 07:23:46,637 [Listener at 127.0.0.1/35909] INFO  ozone.MiniOzoneHAClusterImpl (MiniOzoneHAClusterImpl.java:createOMService(522)) - Started OzoneManager omNode-2 RPC server at localhost/127.0.0.1:35909
2022-03-03 07:23:46,637 [org.apache.hadoop.util.JvmPauseMonitor$Monitor@3f3e21d7] INFO  util.JvmPauseMonitor (JvmPauseMonitor.java:run(188)) - Starting JVM pause monitor
2022-03-03 07:23:46,641 [Listener at 127.0.0.1/35909] INFO  ha.OMHANodeDetails (OMHANodeDetails.java:loadOMHAConfig(118)) - ServiceID for OzoneManager is om-service-test1
2022-03-03 07:23:46,642 [Listener at 127.0.0.1/35909] INFO  ha.OMHANodeDetails (OMHANodeDetails.java:loadOMHAConfig(193)) - Found matching OM address with OMServiceId: om-service-test1, OMNodeId: omNode-3, RPC Address: localhost:44937 and Ratis port: 45161
2022-03-03 07:23:46,642 [Listener at 127.0.0.1/35909] INFO  ha.OMHANodeDetails (ConfUtils.java:setNodeSpecificConfigs(108)) - Setting configuration key ozone.om.http-address with value of key ozone.om.http-address.om-service-test1.omNode-3: 127.0.0.1:45759
2022-03-03 07:23:46,643 [Listener at 127.0.0.1/35909] INFO  ha.OMHANodeDetails (ConfUtils.java:setNodeSpecificConfigs(108)) - Setting configuration key ozone.om.https-address with value of key ozone.om.https-address.om-service-test1.omNode-3: 127.0.0.1:38753
2022-03-03 07:23:46,643 [Listener at 127.0.0.1/35909] INFO  ha.OMHANodeDetails (ConfUtils.java:setNodeSpecificConfigs(108)) - Setting configuration key ozone.om.address with value of key ozone.om.address.om-service-test1.omNode-3: 127.0.0.1:44937
2022-03-03 07:23:46,643 [Listener at 127.0.0.1/35909] WARN  server.ServerUtils (ServerUtils.java:getDBPath(225)) - ozone.om.db.dirs is not configured. We recommend adding this setting. Falling back to ozone.metadata.dirs instead.
OM initialization succeeded.Current cluster id for sd=/home/runner/work/ozone/ozone/hadoop-ozone/integration-test/target/test-dir/MiniOzoneClusterImpl-73ba9704-0a97-4d3d-983a-0dacfed22b51/omNode-3/om;cid=73ba9704-0a97-4d3d-983a-0dacfed22b51;layoutVersion=0
2022-03-03 07:23:46,651 [Listener at 127.0.0.1/35909] INFO  ha.OMHANodeDetails (OMHANodeDetails.java:loadOMHAConfig(118)) - ServiceID for OzoneManager is om-service-test1
2022-03-03 07:23:46,652 [Listener at 127.0.0.1/35909] INFO  ha.OMHANodeDetails (OMHANodeDetails.java:loadOMHAConfig(193)) - Found matching OM address with OMServiceId: om-service-test1, OMNodeId: omNode-3, RPC Address: localhost:44937 and Ratis port: 45161
2022-03-03 07:23:46,652 [Listener at 127.0.0.1/35909] INFO  ha.OMHANodeDetails (ConfUtils.java:setNodeSpecificConfigs(108)) - Setting configuration key ozone.om.http-address with value of key ozone.om.http-address.om-service-test1.omNode-3: 127.0.0.1:45759
2022-03-03 07:23:46,653 [Listener at 127.0.0.1/35909] INFO  ha.OMHANodeDetails (ConfUtils.java:setNodeSpecificConfigs(108)) - Setting configuration key ozone.om.https-address with value of key ozone.om.https-address.om-service-test1.omNode-3: 127.0.0.1:38753
2022-03-03 07:23:46,653 [Listener at 127.0.0.1/35909] INFO  ha.OMHANodeDetails (ConfUtils.java:setNodeSpecificConfigs(108)) - Setting configuration key ozone.om.address with value of key ozone.om.address.om-service-test1.omNode-3: 127.0.0.1:44937
2022-03-03 07:23:46,653 [Listener at 127.0.0.1/35909] WARN  server.ServerUtils (ServerUtils.java:getDBPath(225)) - ozone.om.db.dirs is not configured. We recommend adding this setting. Falling back to ozone.metadata.dirs instead.
2022-03-03 07:23:46,653 [Listener at 127.0.0.1/35909] INFO  upgrade.AbstractLayoutVersionManager (AbstractLayoutVersionManager.java:init(79)) - Initializing Layout version manager with metadata layout = INITIAL_VERSION (version = 0), software layout = INITIAL_VERSION (version = 0)
2022-03-03 07:23:46,701 [Listener at 127.0.0.1/35909] INFO  reflections.Reflections (Reflections.java:scan(232)) - Reflections took 46 ms to scan 2 urls, producing 134 keys and 349 values [using 2 cores]
2022-03-03 07:23:46,702 [Listener at 127.0.0.1/35909] INFO  upgrade.OMLayoutVersionManager (OMLayoutVersionManager.java:lambda$0(115)) - Skipping Upgrade Action MockOmUpgradeAction since it has been finalized.
2022-03-03 07:23:46,702 [Listener at 127.0.0.1/35909] WARN  server.ServerUtils (ServerUtils.java:getDBPath(225)) - ozone.om.db.dirs is not configured. We recommend adding this setting. Falling back to ozone.metadata.dirs instead.
2022-03-03 07:23:46,716 [Listener at 127.0.0.1/35909] WARN  server.ServerUtils (ServerUtils.java:getDBPath(225)) - ozone.om.db.dirs is not configured. We recommend adding this setting. Falling back to ozone.metadata.dirs instead.
2022-03-03 07:23:46,717 [Listener at 127.0.0.1/35909] INFO  codec.OmKeyInfoCodec (OmKeyInfoCodec.java:<init>(50)) - OmKeyInfoCodec ignorePipeline = true
2022-03-03 07:23:46,717 [Listener at 127.0.0.1/35909] INFO  codec.RepeatedOmKeyInfoCodec (RepeatedOmKeyInfoCodec.java:<init>(42)) - RepeatedOmKeyInfoCodec ignorePipeline = true
2022-03-03 07:23:46,857 [Listener at 127.0.0.1/35909] INFO  om.OzoneManager (OzoneManager.java:addS3GVolumeToDB(3733)) - Created Volume s3v With Owner runner required for S3Gateway operations.
2022-03-03 07:23:46,857 [Listener at 127.0.0.1/35909] WARN  server.ServerUtils (ServerUtils.java:getDefaultRatisDirectory(237)) - Storage directory for Ratis is not configured. It is a good idea to map this to an SSD disk. Falling back to ozone.metadata.dirs
2022-03-03 07:23:46,857 [Listener at 127.0.0.1/35909] WARN  utils.OzoneManagerRatisUtils (OzoneManagerRatisUtils.java:getOMRatisSnapshotDirectory(330)) - ozone.om.ratis.snapshot.dir is not configured. Falling back to ozone.metadata.dirs config
2022-03-03 07:23:46,858 [Listener at 127.0.0.1/35909] INFO  snapshot.OzoneManagerSnapshotProvider (OzoneManagerSnapshotProvider.java:<init>(76)) - Initializing OM Snapshot Provider
2022-03-03 07:23:46,859 [Listener at 127.0.0.1/35909] WARN  impl.MetricRegistriesImpl (MetricRegistriesImpl.java:addReporterRegistration(111)) - New reporters are added after registries were created. Some metrics will be missing from the reporter. Please add reporter before adding any new registry.
2022-03-03 07:23:46,859 [Listener at 127.0.0.1/35909] WARN  impl.MetricRegistriesImpl (MetricRegistriesImpl.java:addReporterRegistration(111)) - New reporters are added after registries were created. Some metrics will be missing from the reporter. Please add reporter before adding any new registry.
2022-03-03 07:23:46,859 [Listener at 127.0.0.1/35909] WARN  server.ServerUtils (ServerUtils.java:getDefaultRatisDirectory(237)) - Storage directory for Ratis is not configured. It is a good idea to map this to an SSD disk. Falling back to ozone.metadata.dirs
2022-03-03 07:23:46,861 [Listener at 127.0.0.1/35909] INFO  ratis.OzoneManagerRatisServer (OzoneManagerRatisServer.java:<init>(159)) - Instantiating OM Ratis server with groupID: om-service-test1 and peers: localhost:45161, localhost:38685, localhost:34483
2022-03-03 07:23:46,861 [Listener at 127.0.0.1/35909] INFO  ratis.OzoneManagerStateMachine (OzoneManagerStateMachine.java:loadSnapshotInfoFromDB(605)) - LastAppliedIndex is set from TransactionInfo from OM DB as (t:0, i:~)
2022-03-03 07:23:46,861 [Listener at 127.0.0.1/35909] INFO  server.RaftServer (ConfUtils.java:logGet(44)) - raft.rpc.type = GRPC (default)
2022-03-03 07:23:46,862 [Listener at 127.0.0.1/35909] INFO  grpc.GrpcFactory (GrpcFactory.java:checkPooledByteBufAllocatorUseCacheForAllThreads(48)) - PERFORMANCE WARNING: useCacheForAllThreads is true that may cause Netty to create a lot garbage objects and, as a result, trigger GC.
	It is recommended to disable useCacheForAllThreads by setting -Dorg.apache.ratis.thirdparty.io.netty.allocator.useCacheForAllThreads=false in command line.
2022-03-03 07:23:46,862 [Listener at 127.0.0.1/35909] INFO  grpc.GrpcConfigKeys (ConfUtils.java:logGet(44)) - raft.grpc.admin.port = -1 (default)
2022-03-03 07:23:46,862 [Listener at 127.0.0.1/35909] INFO  grpc.GrpcConfigKeys (ConfUtils.java:logGet(44)) - raft.grpc.server.port = 45161 (custom)
2022-03-03 07:23:46,862 [Listener at 127.0.0.1/35909] INFO  grpc.GrpcConfigKeys (ConfUtils.java:logGet(44)) - raft.grpc.client.port = -1 (default)
2022-03-03 07:23:46,862 [Listener at 127.0.0.1/35909] INFO  grpc.GrpcConfigKeys (ConfUtils.java:logGet(44)) - raft.grpc.server.port = 45161 (custom)
2022-03-03 07:23:46,862 [Listener at 127.0.0.1/35909] INFO  grpc.GrpcConfigKeys (ConfUtils.java:logGet(44)) - raft.grpc.server.port = 45161 (custom)
2022-03-03 07:23:46,862 [Listener at 127.0.0.1/35909] INFO  server.GrpcService (ConfUtils.java:logGet(44)) - raft.grpc.message.size.max = 33554432 (custom)
2022-03-03 07:23:46,863 [Listener at 127.0.0.1/35909] INFO  server.RaftServerConfigKeys (ConfUtils.java:logGet(44)) - raft.server.log.appender.buffer.byte-limit = 33554432 (custom)
2022-03-03 07:23:46,863 [Listener at 127.0.0.1/35909] INFO  server.GrpcService (ConfUtils.java:logGet(44)) - raft.grpc.flow.control.window = 1MB (=1048576) (default)
2022-03-03 07:23:46,863 [Listener at 127.0.0.1/35909] INFO  server.RaftServerConfigKeys (ConfUtils.java:logGet(44)) - raft.server.rpc.request.timeout = 3000ms (default)
2022-03-03 07:23:46,864 [Listener at 127.0.0.1/35909] INFO  impl.DataStreamServerImpl (ConfUtils.java:logGet(44)) - raft.datastream.type = DISABLED (default)
2022-03-03 07:23:46,865 [Listener at 127.0.0.1/35909] INFO  server.RaftServerConfigKeys (ConfUtils.java:logGet(44)) - raft.server.rpc.slowness.timeout = 2s (custom)
2022-03-03 07:23:46,865 [Listener at 127.0.0.1/35909] INFO  server.RaftServerConfigKeys (ConfUtils.java:logGet(44)) - raft.server.leaderelection.leader.step-down.wait-time = 10s (default)
2022-03-03 07:23:46,865 [Listener at 127.0.0.1/35909] INFO  server.RaftServerConfigKeys (ConfUtils.java:logGet(44)) - raft.server.storage.dir = [/home/runner/work/ozone/ozone/hadoop-ozone/integration-test/target/test-dir/MiniOzoneClusterImpl-73ba9704-0a97-4d3d-983a-0dacfed22b51/omNode-3/ratis] (custom)
2022-03-03 07:23:46,866 [Listener at 127.0.0.1/35909] INFO  server.RaftServer (RaftServerProxy.java:addNew(95)) - omNode-3: addNew group-523986131536:[omNode-3|rpc:localhost:45161|priority:0, omNode-1|rpc:localhost:38685|priority:0, omNode-2|rpc:localhost:34483|priority:0] returns group-523986131536:java.util.concurrent.CompletableFuture@4d5dc037[Not completed]
2022-03-03 07:23:46,866 [Listener at 127.0.0.1/35909] INFO  om.OzoneManager (OzoneManager.java:initializeRatisServer(1834)) - OzoneManager Ratis server initialized at port 45161
2022-03-03 07:23:46,868 [Listener at 127.0.0.1/35909] INFO  ipc.CallQueueManager (CallQueueManager.java:<init>(90)) - Using callQueue: class java.util.concurrent.LinkedBlockingQueue, queueCapacity: 2000, scheduler: class org.apache.hadoop.ipc.DefaultRpcScheduler, ipcBackoff: false.
2022-03-03 07:23:46,868 [pool-98-thread-1] INFO  server.RaftServer$Division (RaftServerImpl.java:<init>(184)) - omNode-3: new RaftServerImpl for group-523986131536:[omNode-3|rpc:localhost:45161|priority:0, omNode-1|rpc:localhost:38685|priority:0, omNode-2|rpc:localhost:34483|priority:0] with OzoneManagerStateMachine:uninitialized
2022-03-03 07:23:46,869 [pool-98-thread-1] INFO  server.RaftServerConfigKeys (ConfUtils.java:logGet(44)) - raft.server.rpc.timeout.min = 1s (custom)
2022-03-03 07:23:46,869 [pool-98-thread-1] INFO  server.RaftServerConfigKeys (ConfUtils.java:logGet(44)) - raft.server.rpc.timeout.max = 1200ms (custom)
2022-03-03 07:23:46,869 [pool-98-thread-1] INFO  server.RaftServerConfigKeys (ConfUtils.java:logGet(44)) - raft.server.rpc.sleep.time = 25ms (default)
2022-03-03 07:23:46,869 [pool-98-thread-1] INFO  server.RaftServerConfigKeys (ConfUtils.java:logGet(44)) - raft.server.rpc.slowness.timeout = 2s (custom)
2022-03-03 07:23:46,870 [pool-98-thread-1] INFO  server.RaftServerConfigKeys (ConfUtils.java:logGet(44)) - raft.server.leaderelection.leader.step-down.wait-time = 10s (default)
2022-03-03 07:23:46,870 [pool-98-thread-1] INFO  server.RaftServerConfigKeys (ConfUtils.java:logGet(44)) - raft.server.sleep.deviation.threshold = 300ms (default)
2022-03-03 07:23:46,870 [pool-98-thread-1] INFO  server.RaftServerConfigKeys (ConfUtils.java:logGet(44)) - raft.server.log.appender.install.snapshot.enabled = false (custom)
2022-03-03 07:23:46,870 [pool-98-thread-1] INFO  server.RaftServer$Division (ServerState.java:<init>(105)) - omNode-3@group-523986131536: ConfigurationManager, init=-1: [omNode-3|rpc:localhost:45161|priority:0, omNode-1|rpc:localhost:38685|priority:0, omNode-2|rpc:localhost:34483|priority:0], old=null, confs=<EMPTY_MAP>
2022-03-03 07:23:46,870 [pool-98-thread-1] INFO  server.RaftServerConfigKeys (ConfUtils.java:logGet(44)) - raft.server.storage.dir = [/home/runner/work/ozone/ozone/hadoop-ozone/integration-test/target/test-dir/MiniOzoneClusterImpl-73ba9704-0a97-4d3d-983a-0dacfed22b51/omNode-3/ratis] (custom)
2022-03-03 07:23:46,870 [pool-98-thread-1] INFO  server.RaftServerConfigKeys (ConfUtils.java:logGet(44)) - raft.server.log.corruption.policy = EXCEPTION (default)
2022-03-03 07:23:46,870 [pool-98-thread-1] INFO  server.RaftServerConfigKeys (ConfUtils.java:logGet(44)) - raft.server.storage.free-space.min = 0MB (=0) (default)
2022-03-03 07:23:46,871 [pool-98-thread-1] INFO  storage.RaftStorageDirectory (RaftStorageDirectoryImpl.java:analyzeStorage(135)) - The storage directory /home/runner/work/ozone/ozone/hadoop-ozone/integration-test/target/test-dir/MiniOzoneClusterImpl-73ba9704-0a97-4d3d-983a-0dacfed22b51/omNode-3/ratis/c9bc4cf4-3bc3-3c60-a66b-523986131536 does not exist. Creating ...
2022-03-03 07:23:46,871 [Socket Reader #1 for port 44937] INFO  ipc.Server (Server.java:run(1265)) - Starting Socket Reader #1 for port 44937
2022-03-03 07:23:46,872 [pool-98-thread-1] INFO  storage.RaftStorageDirectory (RaftStorageDirectoryImpl.java:tryLock(230)) - Lock on /home/runner/work/ozone/ozone/hadoop-ozone/integration-test/target/test-dir/MiniOzoneClusterImpl-73ba9704-0a97-4d3d-983a-0dacfed22b51/omNode-3/ratis/c9bc4cf4-3bc3-3c60-a66b-523986131536/in_use.lock acquired by nodename 30716@fv-az501-749
2022-03-03 07:23:46,873 [pool-98-thread-1] INFO  storage.RaftStorage (RaftStorageImpl.java:format(89)) - Storage directory /home/runner/work/ozone/ozone/hadoop-ozone/integration-test/target/test-dir/MiniOzoneClusterImpl-73ba9704-0a97-4d3d-983a-0dacfed22b51/omNode-3/ratis/c9bc4cf4-3bc3-3c60-a66b-523986131536 has been successfully formatted.
2022-03-03 07:23:46,905 [pool-98-thread-1] INFO  server.RaftServerConfigKeys (ConfUtils.java:logGet(44)) - raft.server.notification.no-leader.timeout = 2s (custom)
2022-03-03 07:23:46,906 [pool-98-thread-1] INFO  server.RaftServerConfigKeys (ConfUtils.java:logGet(44)) - raft.server.log.use.memory = false (default)
2022-03-03 07:23:46,906 [pool-98-thread-1] INFO  server.RaftServerConfigKeys (ConfUtils.java:logGet(44)) - raft.server.log.purge.gap = 50 (custom)
2022-03-03 07:23:46,906 [pool-98-thread-1] INFO  server.RaftServerConfigKeys (ConfUtils.java:logGet(44)) - raft.server.log.appender.buffer.byte-limit = 33554432 (custom)
2022-03-03 07:23:46,906 [pool-98-thread-1] INFO  server.RaftServerConfigKeys (ConfUtils.java:logGet(44)) - raft.server.log.segment.size.max = 4194304 (custom)
2022-03-03 07:23:46,907 [pool-98-thread-1] INFO  server.RaftServerConfigKeys (ConfUtils.java:logGet(44)) - raft.server.log.segment.cache.num.max = 2 (custom)
2022-03-03 07:23:46,907 [pool-98-thread-1] INFO  server.RaftServerConfigKeys (ConfUtils.java:logGet(44)) - raft.server.log.segment.cache.size.max = 200MB (=209715200) (default)
2022-03-03 07:23:46,907 [pool-98-thread-1] INFO  segmented.SegmentedRaftLogWorker (SegmentedRaftLogWorker.java:<init>(182)) - new omNode-3@group-523986131536-SegmentedRaftLogWorker for RaftStorageImpl:Storage Directory /home/runner/work/ozone/ozone/hadoop-ozone/integration-test/target/test-dir/MiniOzoneClusterImpl-73ba9704-0a97-4d3d-983a-0dacfed22b51/omNode-3/ratis/c9bc4cf4-3bc3-3c60-a66b-523986131536
2022-03-03 07:23:46,907 [pool-98-thread-1] INFO  server.RaftServerConfigKeys (ConfUtils.java:logGet(44)) - raft.server.log.queue.byte-limit = 64MB (=67108864) (default)
2022-03-03 07:23:46,907 [pool-98-thread-1] INFO  server.RaftServerConfigKeys (ConfUtils.java:logGet(44)) - raft.server.log.queue.element-limit = 4096 (default)
2022-03-03 07:23:46,908 [pool-98-thread-1] INFO  server.RaftServerConfigKeys (ConfUtils.java:logGet(44)) - raft.server.log.segment.size.max = 4194304 (custom)
2022-03-03 07:23:46,908 [pool-98-thread-1] INFO  server.RaftServerConfigKeys (ConfUtils.java:logGet(44)) - raft.server.log.preallocated.size = 4194304 (custom)
2022-03-03 07:23:46,908 [pool-98-thread-1] INFO  server.RaftServerConfigKeys (ConfUtils.java:logGet(44)) - raft.server.log.force.sync.num = 128 (default)
2022-03-03 07:23:46,908 [pool-98-thread-1] INFO  server.RaftServerConfigKeys (ConfUtils.java:logGet(44)) - raft.server.log.statemachine.data.sync = true (default)
2022-03-03 07:23:46,908 [pool-98-thread-1] INFO  server.RaftServerConfigKeys (ConfUtils.java:logGet(44)) - raft.server.log.statemachine.data.sync.timeout = 10s (default)
2022-03-03 07:23:46,909 [pool-98-thread-1] INFO  server.RaftServerConfigKeys (ConfUtils.java:logGet(44)) - raft.server.log.statemachine.data.sync.timeout.retry = -1 (default)
2022-03-03 07:23:46,911 [pool-98-thread-1] INFO  server.RaftServerConfigKeys (ConfUtils.java:logGet(44)) - raft.server.log.write.buffer.size = 64KB (=65536) (default)
2022-03-03 07:23:46,911 [pool-98-thread-1] INFO  server.RaftServerConfigKeys (ConfUtils.java:logGet(44)) - raft.server.log.statemachine.data.caching.enabled = false (default)
2022-03-03 07:23:46,912 [pool-98-thread-1] INFO  segmented.SegmentedRaftLogWorker (SegmentedRaftLogWorker.java:lambda$new$0(133)) - omNode-3@group-523986131536-SegmentedRaftLogWorker: flushIndex: setUnconditionally 0 -> -1
2022-03-03 07:23:46,912 [pool-98-thread-1] INFO  segmented.SegmentedRaftLogWorker (SegmentedRaftLogWorker.java:lambda$new$0(133)) - omNode-3@group-523986131536-SegmentedRaftLogWorker: safeCacheEvictIndex: setUnconditionally 0 -> -1
2022-03-03 07:23:46,921 [pool-98-thread-1] INFO  server.RaftServerConfigKeys (ConfUtils.java:logGet(44)) - raft.server.snapshot.auto.trigger.enabled = true (custom)
2022-03-03 07:23:46,921 [pool-98-thread-1] INFO  server.RaftServerConfigKeys (ConfUtils.java:logGet(44)) - raft.server.snapshot.auto.trigger.threshold = 50 (custom)
2022-03-03 07:23:46,921 [pool-98-thread-1] INFO  server.RaftServerConfigKeys (ConfUtils.java:logGet(44)) - raft.server.snapshot.retention.file.num = -1 (default)
2022-03-03 07:23:46,921 [pool-98-thread-1] INFO  server.RaftServerConfigKeys (ConfUtils.java:logGet(44)) - raft.server.log.purge.upto.snapshot.index = true (custom)
2022-03-03 07:23:46,922 [pool-98-thread-1] INFO  server.RaftServerConfigKeys (ConfUtils.java:logGet(44)) - raft.server.retrycache.expirytime = 30000ms (custom)
2022-03-03 07:23:46,922 [pool-98-thread-1] INFO  server.RaftServerConfigKeys (ConfUtils.java:logGet(44)) - raft.server.retrycache.statistics.expirytime = 100μs (default)
2022-03-03 07:23:46,926 [Listener at 127.0.0.1/44937] INFO  impl.MetricsSystemImpl (MetricsSystemImpl.java:init(158)) - OzoneManager metrics system started (again)
2022-03-03 07:23:46,938 [Listener at 127.0.0.1/44937] INFO  om.OzoneManager (OzoneManager.java:start(1365)) - OzoneManager RPC server is listening at localhost/127.0.0.1:44937
2022-03-03 07:23:46,939 [Listener at 127.0.0.1/44937] INFO  ratis.OzoneManagerRatisServer (OzoneManagerRatisServer.java:start(554)) - Starting OzoneManagerRatisServer omNode-3 at port 45161
2022-03-03 07:23:46,939 [Listener at 127.0.0.1/44937] INFO  server.RaftServer$Division (RaftServerImpl.java:start(301)) - omNode-3@group-523986131536: start as a follower, conf=-1: [omNode-3|rpc:localhost:45161|priority:0, omNode-1|rpc:localhost:38685|priority:0, omNode-2|rpc:localhost:34483|priority:0], old=null
2022-03-03 07:23:46,939 [Listener at 127.0.0.1/44937] INFO  server.RaftServer$Division (RaftServerImpl.java:setRole(290)) - omNode-3@group-523986131536: changes role from      null to FOLLOWER at term 0 for startAsFollower
2022-03-03 07:23:46,939 [Listener at 127.0.0.1/44937] INFO  impl.RoleInfo (RoleInfo.java:updateAndGet(130)) - omNode-3: start omNode-3@group-523986131536-FollowerState
2022-03-03 07:23:46,940 [Listener at 127.0.0.1/44937] INFO  util.JmxRegister (JmxRegister.java:tryRegister(44)) - Successfully registered JMX Bean with object name Ratis:service=RaftServer,group=group-523986131536,id=omNode-3
2022-03-03 07:23:46,945 [Listener at 127.0.0.1/44937] INFO  server.RaftServer (RaftServerProxy.java:lambda$start$5(374)) - omNode-3: start RPC server
2022-03-03 07:23:46,947 [Listener at 127.0.0.1/44937] INFO  server.GrpcService (GrpcService.java:startImpl(253)) - omNode-3: GrpcService started, listening on 45161
2022-03-03 07:23:46,947 [Listener at 127.0.0.1/44937] INFO  om.OzoneManager (OzoneManager.java:start(1381)) - Version File has different layout version (0) than OM DB (null). That is expected if this OM has never been finalized to a newer layout version.
2022-03-03 07:23:46,948 [org.apache.ratis.util.JvmPauseMonitor$$Lambda$422/311185452@462478a3] INFO  util.JvmPauseMonitor (JvmPauseMonitor.java:run(103)) - JvmPauseMonitor-omNode-3: Started
2022-03-03 07:23:46,950 [Listener at 127.0.0.1/44937] INFO  http.BaseHttpServer (BaseHttpServer.java:newHttpServer2BuilderForOzone(209)) - Starting Web-server for ozoneManager at: http://0.0.0.0:45759
2022-03-03 07:23:46,950 [Listener at 127.0.0.1/44937] INFO  http.BaseHttpServer (BaseHttpServer.java:<init>(107)) - Hadoop Security Enabled: false Ozone Security Enabled: false Ozone HTTP Security Enabled: false 
2022-03-03 07:23:46,951 [Listener at 127.0.0.1/44937] INFO  server.AuthenticationFilter (AuthenticationFilter.java:constructSecretProvider(240)) - Unable to initialize FileSignerSecretProvider, falling back to use random secrets.
2022-03-03 07:23:46,952 [Listener at 127.0.0.1/44937] WARN  http.HttpRequestLog (HttpRequestLog.java:getRequestLog(103)) - Jetty request log can only be enabled using Log4j
2022-03-03 07:23:46,955 [Listener at 127.0.0.1/44937] INFO  http.HttpServer2 (HttpServer2.java:addGlobalFilter(1030)) - Added global filter 'safety' (class=org.apache.hadoop.hdds.server.http.HttpServer2$QuotingInputFilter)
2022-03-03 07:23:46,956 [Listener at 127.0.0.1/44937] INFO  http.HttpServer2 (HttpServer2.java:addFilter(1006)) - Added filter static_user_filter (class=org.apache.hadoop.http.lib.StaticUserWebFilter$StaticUserFilter) to context ozoneManager
2022-03-03 07:23:46,956 [Listener at 127.0.0.1/44937] INFO  http.HttpServer2 (HttpServer2.java:addFilter(1014)) - Added filter static_user_filter (class=org.apache.hadoop.http.lib.StaticUserWebFilter$StaticUserFilter) to context static
2022-03-03 07:23:46,956 [Listener at 127.0.0.1/44937] INFO  http.HttpServer2 (HttpServer2.java:addFilter(1014)) - Added filter static_user_filter (class=org.apache.hadoop.http.lib.StaticUserWebFilter$StaticUserFilter) to context logs
2022-03-03 07:23:46,957 [Listener at 127.0.0.1/44937] INFO  http.HttpServer2 (HttpServer2.java:bindListener(1249)) - Jetty bound to port 45759
2022-03-03 07:23:46,957 [Listener at 127.0.0.1/44937] INFO  server.Server (Server.java:doStart(375)) - jetty-9.4.43.v20210629; built: 2021-06-30T11:07:22.254Z; git: 526006ecfa3af7f1a27ef3a288e2bef7ea9dd7e8; jvm 1.8.0_322-b06
2022-03-03 07:23:46,960 [Listener at 127.0.0.1/44937] INFO  server.session (DefaultSessionIdManager.java:doStart(334)) - DefaultSessionIdManager workerName=node0
2022-03-03 07:23:46,960 [Listener at 127.0.0.1/44937] INFO  server.session (DefaultSessionIdManager.java:doStart(339)) - No SessionScavenger set, using defaults
2022-03-03 07:23:46,960 [Listener at 127.0.0.1/44937] INFO  server.session (HouseKeeper.java:startScavenging(132)) - node0 Scavenging every 660000ms
2022-03-03 07:23:46,961 [Listener at 127.0.0.1/44937] INFO  handler.ContextHandler (ContextHandler.java:doStart(915)) - Started o.e.j.s.ServletContextHandler@7489bca4{logs,/logs,file:///home/runner/work/ozone/ozone/hadoop-ozone/integration-test/target/log,AVAILABLE}
2022-03-03 07:23:46,962 [Listener at 127.0.0.1/44937] INFO  handler.ContextHandler (ContextHandler.java:doStart(915)) - Started o.e.j.s.ServletContextHandler@2f474e6f{static,/static,file:///home/runner/work/ozone/ozone/hadoop-ozone/integration-test/target/test-classes/webapps/static,AVAILABLE}
2022-03-03 07:23:46,966 [Listener at 127.0.0.1/44937] INFO  handler.ContextHandler (ContextHandler.java:doStart(915)) - Started o.e.j.w.WebAppContext@5d1ddb65{ozoneManager,/,file:///home/runner/work/ozone/ozone/hadoop-ozone/integration-test/target/test-classes/webapps/ozoneManager/,AVAILABLE}{file:/home/runner/work/ozone/ozone/hadoop-ozone/integration-test/target/test-classes/webapps/ozoneManager}
2022-03-03 07:23:46,969 [Listener at 127.0.0.1/44937] INFO  server.AbstractConnector (AbstractConnector.java:doStart(331)) - Started ServerConnector@384d40a5{HTTP/1.1, (http/1.1)}{0.0.0.0:45759}
2022-03-03 07:23:46,969 [Listener at 127.0.0.1/44937] INFO  server.Server (Server.java:doStart(415)) - Started @18495ms
2022-03-03 07:23:46,969 [Listener at 127.0.0.1/44937] WARN  impl.MetricsSystemImpl (MetricsSystemImpl.java:register(279)) - Sink prometheus already exists!
2022-03-03 07:23:46,970 [Listener at 127.0.0.1/44937] INFO  http.BaseHttpServer (BaseHttpServer.java:updateConnectorAddress(329)) - HTTP server of ozoneManager listening at http://0.0.0.0:45759
2022-03-03 07:23:46,970 [IPC Server Responder] INFO  ipc.Server (Server.java:run(1507)) - IPC Server Responder: starting
2022-03-03 07:23:46,973 [IPC Server listener on 44937] INFO  ipc.Server (Server.java:run(1344)) - IPC Server listener on 44937: starting
2022-03-03 07:23:46,982 [Listener at 127.0.0.1/44937] INFO  om.OzoneManager (OzoneManager.java:startTrashEmptier(1792)) - Trash Interval set to 0. Files deleted will not move to trash
2022-03-03 07:23:46,983 [Listener at 127.0.0.1/44937] INFO  ozone.MiniOzoneHAClusterImpl (MiniOzoneHAClusterImpl.java:createOMService(522)) - Started OzoneManager omNode-3 RPC server at localhost/127.0.0.1:44937
2022-03-03 07:23:46,983 [org.apache.hadoop.util.JvmPauseMonitor$Monitor@2dfc833b] INFO  util.JvmPauseMonitor (JvmPauseMonitor.java:run(188)) - Starting JVM pause monitor
2022-03-03 07:23:47,158 [Listener at 127.0.0.1/44937] WARN  impl.MetricRegistriesImpl (MetricRegistriesImpl.java:addReporterRegistration(111)) - New reporters are added after registries were created. Some metrics will be missing from the reporter. Please add reporter before adding any new registry.
2022-03-03 07:23:47,159 [Listener at 127.0.0.1/44937] WARN  impl.MetricRegistriesImpl (MetricRegistriesImpl.java:addReporterRegistration(111)) - New reporters are added after registries were created. Some metrics will be missing from the reporter. Please add reporter before adding any new registry.
2022-03-03 07:23:47,159 [Listener at 127.0.0.1/44937] INFO  impl.MetricsSystemImpl (MetricsSystemImpl.java:init(158)) - HddsDatanode metrics system started (again)
2022-03-03 07:23:47,174 [Listener at 127.0.0.1/44937] INFO  ozone.HddsDatanodeService (HddsDatanodeService.java:start(233)) - HddsDatanodeService host:fv-az501-749.rsswf2em5frezlg3dkjt5mgqaf.dx.internal.cloudapp.net ip:10.1.0.15
2022-03-03 07:23:47,209 [Listener at 127.0.0.1/44937] INFO  upgrade.AbstractLayoutVersionManager (AbstractLayoutVersionManager.java:init(79)) - Initializing Layout version manager with metadata layout = SCM_HA (version = 2), software layout = SCM_HA (version = 2)
2022-03-03 07:23:47,230 [omNode-1@group-523986131536-FollowerState] INFO  impl.FollowerState (FollowerState.java:run(134)) - omNode-1@group-523986131536-FollowerState: change to CANDIDATE, lastRpcElapsedTime:1036036633ns, electionTimeout:1033ms
2022-03-03 07:23:47,231 [omNode-1@group-523986131536-FollowerState] INFO  impl.RoleInfo (RoleInfo.java:shutdownFollowerState(108)) - omNode-1: shutdown omNode-1@group-523986131536-FollowerState
2022-03-03 07:23:47,231 [omNode-1@group-523986131536-FollowerState] INFO  server.RaftServer$Division (RaftServerImpl.java:setRole(290)) - omNode-1@group-523986131536: changes role from  FOLLOWER to CANDIDATE at term 0 for changeToCandidate
2022-03-03 07:23:47,231 [omNode-1@group-523986131536-FollowerState] INFO  server.RaftServerConfigKeys (ConfUtils.java:logGet(44)) - raft.server.leaderelection.pre-vote = false (custom)
2022-03-03 07:23:47,231 [omNode-1@group-523986131536-FollowerState] INFO  impl.RoleInfo (RoleInfo.java:updateAndGet(130)) - omNode-1: start omNode-1@group-523986131536-LeaderElection3
2022-03-03 07:23:47,243 [omNode-1@group-523986131536-LeaderElection3] INFO  impl.LeaderElection (LeaderElection.java:askForVotes(306)) - omNode-1@group-523986131536-LeaderElection3 ELECTION round 0: submit vote requests at term 1 for -1: [omNode-3|rpc:localhost:45161|priority:0, omNode-1|rpc:localhost:38685|priority:0, omNode-2|rpc:localhost:34483|priority:0], old=null
2022-03-03 07:23:47,283 [Listener at 127.0.0.1/44937] INFO  reflections.Reflections (Reflections.java:scan(232)) - Reflections took 72 ms to scan 7 urls, producing 122 keys and 286 values 
2022-03-03 07:23:47,299 [Listener at 127.0.0.1/44937] INFO  statemachine.DatanodeStateMachine (DatanodeStateMachine.java:getEndPointTaskThreadPoolSize(222)) - Datanode State Machine Task Thread Pool size 2
2022-03-03 07:23:47,446 [Listener at 127.0.0.1/44937] INFO  volume.HddsVolume (HddsVolume.java:<init>(120)) - Creating HddsVolume: /home/runner/work/ozone/ozone/hadoop-ozone/integration-test/target/test-dir/MiniOzoneClusterImpl-73ba9704-0a97-4d3d-983a-0dacfed22b51/datanode-0/data-0/containers/hdds of storage type : DISK capacity : 9223372036854775807
2022-03-03 07:23:47,452 [Listener at 127.0.0.1/44937] INFO  volume.MutableVolumeSet (MutableVolumeSet.java:initializeVolumeSet(168)) - Added Volume : /home/runner/work/ozone/ozone/hadoop-ozone/integration-test/target/test-dir/MiniOzoneClusterImpl-73ba9704-0a97-4d3d-983a-0dacfed22b51/datanode-0/data-0/containers/hdds to VolumeSet
2022-03-03 07:23:47,454 [Listener at 127.0.0.1/44937] INFO  volume.ThrottledAsyncChecker (ThrottledAsyncChecker.java:schedule(141)) - Scheduling a check for /home/runner/work/ozone/ozone/hadoop-ozone/integration-test/target/test-dir/MiniOzoneClusterImpl-73ba9704-0a97-4d3d-983a-0dacfed22b51/datanode-0/data-0/containers/hdds
2022-03-03 07:23:47,529 [Listener at 127.0.0.1/44937] INFO  volume.StorageVolumeChecker (StorageVolumeChecker.java:checkAllVolumes(202)) - Scheduled health check for volume /home/runner/work/ozone/ozone/hadoop-ozone/integration-test/target/test-dir/MiniOzoneClusterImpl-73ba9704-0a97-4d3d-983a-0dacfed22b51/datanode-0/data-0/containers/hdds
2022-03-03 07:23:47,572 [Listener at 127.0.0.1/44937] INFO  volume.MutableVolumeSet (MutableVolumeSet.java:initializeVolumeSet(168)) - Added Volume : /home/runner/work/ozone/ozone/hadoop-ozone/integration-test/target/test-dir/MiniOzoneClusterImpl-73ba9704-0a97-4d3d-983a-0dacfed22b51/datanode-0/data/ratis to VolumeSet
2022-03-03 07:23:47,581 [Listener at 127.0.0.1/44937] INFO  volume.ThrottledAsyncChecker (ThrottledAsyncChecker.java:schedule(141)) - Scheduling a check for /home/runner/work/ozone/ozone/hadoop-ozone/integration-test/target/test-dir/MiniOzoneClusterImpl-73ba9704-0a97-4d3d-983a-0dacfed22b51/datanode-0/data/ratis
2022-03-03 07:23:47,582 [Listener at 127.0.0.1/44937] INFO  volume.StorageVolumeChecker (StorageVolumeChecker.java:checkAllVolumes(202)) - Scheduled health check for volume /home/runner/work/ozone/ozone/hadoop-ozone/integration-test/target/test-dir/MiniOzoneClusterImpl-73ba9704-0a97-4d3d-983a-0dacfed22b51/datanode-0/data/ratis
2022-03-03 07:23:47,619 [Thread-228] INFO  ozoneimpl.ContainerReader (ContainerReader.java:readVolume(172)) - Finish verifying containers on volume /home/runner/work/ozone/ozone/hadoop-ozone/integration-test/target/test-dir/MiniOzoneClusterImpl-73ba9704-0a97-4d3d-983a-0dacfed22b51/datanode-0/data-0/containers/hdds
2022-03-03 07:23:47,619 [Listener at 127.0.0.1/44937] INFO  ozoneimpl.OzoneContainer (OzoneContainer.java:buildContainerSet(257)) - Build ContainerSet costs 0s
2022-03-03 07:23:47,647 [omNode-2@group-523986131536-FollowerState] INFO  impl.FollowerState (FollowerState.java:run(134)) - omNode-2@group-523986131536-FollowerState: change to CANDIDATE, lastRpcElapsedTime:1053672449ns, electionTimeout:1034ms
2022-03-03 07:23:47,648 [omNode-2@group-523986131536-FollowerState] INFO  impl.RoleInfo (RoleInfo.java:shutdownFollowerState(108)) - omNode-2: shutdown omNode-2@group-523986131536-FollowerState
2022-03-03 07:23:47,648 [omNode-2@group-523986131536-FollowerState] INFO  server.RaftServer$Division (RaftServerImpl.java:setRole(290)) - omNode-2@group-523986131536: changes role from  FOLLOWER to CANDIDATE at term 0 for changeToCandidate
2022-03-03 07:23:47,648 [omNode-2@group-523986131536-FollowerState] INFO  server.RaftServerConfigKeys (ConfUtils.java:logGet(44)) - raft.server.leaderelection.pre-vote = false (custom)
2022-03-03 07:23:47,648 [omNode-2@group-523986131536-FollowerState] INFO  impl.RoleInfo (RoleInfo.java:updateAndGet(130)) - omNode-2: start omNode-2@group-523986131536-LeaderElection4
2022-03-03 07:23:47,668 [omNode-2@group-523986131536-LeaderElection4] INFO  impl.LeaderElection (LeaderElection.java:askForVotes(306)) - omNode-2@group-523986131536-LeaderElection4 ELECTION round 0: submit vote requests at term 1 for -1: [omNode-3|rpc:localhost:45161|priority:0, omNode-1|rpc:localhost:38685|priority:0, omNode-2|rpc:localhost:34483|priority:0], old=null
2022-03-03 07:23:47,720 [Listener at 127.0.0.1/44937] INFO  server.RaftServer (ConfUtils.java:logGet(44)) - raft.rpc.type = GRPC (default)
2022-03-03 07:23:47,721 [Listener at 127.0.0.1/44937] INFO  grpc.GrpcFactory (GrpcFactory.java:checkPooledByteBufAllocatorUseCacheForAllThreads(48)) - PERFORMANCE WARNING: useCacheForAllThreads is true that may cause Netty to create a lot garbage objects and, as a result, trigger GC.
	It is recommended to disable useCacheForAllThreads by setting -Dorg.apache.ratis.thirdparty.io.netty.allocator.useCacheForAllThreads=false in command line.
2022-03-03 07:23:47,724 [Listener at 127.0.0.1/44937] INFO  grpc.GrpcConfigKeys (ConfUtils.java:logGet(44)) - raft.grpc.admin.port = 0 (custom)
2022-03-03 07:23:47,724 [Listener at 127.0.0.1/44937] INFO  grpc.GrpcConfigKeys (ConfUtils.java:logGet(44)) - raft.grpc.client.port = 0 (custom)
2022-03-03 07:23:47,724 [Listener at 127.0.0.1/44937] INFO  grpc.GrpcConfigKeys (ConfUtils.java:logGet(44)) - raft.grpc.server.port = 0 (default)
2022-03-03 07:23:47,725 [Listener at 127.0.0.1/44937] INFO  server.GrpcService (ConfUtils.java:logGet(44)) - raft.grpc.message.size.max = 32MB (=33554432) (custom)
2022-03-03 07:23:47,725 [Listener at 127.0.0.1/44937] INFO  server.RaftServerConfigKeys (ConfUtils.java:logGet(44)) - raft.server.log.appender.buffer.byte-limit = 33554432 (custom)
2022-03-03 07:23:47,725 [Listener at 127.0.0.1/44937] INFO  server.GrpcService (ConfUtils.java:logGet(44)) - raft.grpc.flow.control.window = 5MB (=5242880) (custom)
2022-03-03 07:23:47,725 [Listener at 127.0.0.1/44937] INFO  server.RaftServerConfigKeys (ConfUtils.java:logGet(44)) - raft.server.rpc.request.timeout = 60s (custom)
2022-03-03 07:23:47,727 [Listener at 127.0.0.1/44937] INFO  impl.DataStreamServerImpl (ConfUtils.java:logGet(44)) - raft.datastream.type = DISABLED (default)
2022-03-03 07:23:47,728 [Listener at 127.0.0.1/44937] INFO  server.RaftServerConfigKeys (ConfUtils.java:logGet(44)) - raft.server.rpc.slowness.timeout = 300s (custom)
2022-03-03 07:23:47,729 [Listener at 127.0.0.1/44937] INFO  server.RaftServerConfigKeys (ConfUtils.java:logGet(44)) - raft.server.leaderelection.leader.step-down.wait-time = 10s (default)
2022-03-03 07:23:47,729 [Listener at 127.0.0.1/44937] INFO  server.RaftServerConfigKeys (ConfUtils.java:logGet(44)) - raft.server.storage.dir = [/home/runner/work/ozone/ozone/hadoop-ozone/integration-test/target/test-dir/MiniOzoneClusterImpl-73ba9704-0a97-4d3d-983a-0dacfed22b51/datanode-0/data/ratis] (custom)
2022-03-03 07:23:47,782 [Listener at 127.0.0.1/44937] INFO  server.XceiverServerGrpc (XceiverServerGrpc.java:<init>(132)) - GrpcServer channel type EpollServerSocketChannel
2022-03-03 07:23:47,918 [Listener at 127.0.0.1/44937] INFO  http.BaseHttpServer (BaseHttpServer.java:newHttpServer2BuilderForOzone(209)) - Starting Web-server for hddsDatanode at: http://0.0.0.0:0
2022-03-03 07:23:47,918 [Listener at 127.0.0.1/44937] INFO  http.BaseHttpServer (BaseHttpServer.java:<init>(107)) - Hadoop Security Enabled: false Ozone Security Enabled: false Ozone HTTP Security Enabled: false 
2022-03-03 07:23:47,920 [Listener at 127.0.0.1/44937] INFO  server.AuthenticationFilter (AuthenticationFilter.java:constructSecretProvider(240)) - Unable to initialize FileSignerSecretProvider, falling back to use random secrets.
2022-03-03 07:23:47,929 [Listener at 127.0.0.1/44937] WARN  http.HttpRequestLog (HttpRequestLog.java:getRequestLog(103)) - Jetty request log can only be enabled using Log4j
2022-03-03 07:23:47,930 [Listener at 127.0.0.1/44937] INFO  http.HttpServer2 (HttpServer2.java:addGlobalFilter(1030)) - Added global filter 'safety' (class=org.apache.hadoop.hdds.server.http.HttpServer2$QuotingInputFilter)
2022-03-03 07:23:47,931 [Listener at 127.0.0.1/44937] INFO  http.HttpServer2 (HttpServer2.java:addFilter(1006)) - Added filter static_user_filter (class=org.apache.hadoop.http.lib.StaticUserWebFilter$StaticUserFilter) to context hddsDatanode
2022-03-03 07:23:47,933 [Listener at 127.0.0.1/44937] INFO  http.HttpServer2 (HttpServer2.java:addFilter(1014)) - Added filter static_user_filter (class=org.apache.hadoop.http.lib.StaticUserWebFilter$StaticUserFilter) to context logs
2022-03-03 07:23:47,933 [Listener at 127.0.0.1/44937] INFO  http.HttpServer2 (HttpServer2.java:addFilter(1014)) - Added filter static_user_filter (class=org.apache.hadoop.http.lib.StaticUserWebFilter$StaticUserFilter) to context static
2022-03-03 07:23:47,934 [Listener at 127.0.0.1/44937] INFO  http.HttpServer2 (HttpServer2.java:bindListener(1249)) - Jetty bound to port 33321
2022-03-03 07:23:47,934 [Listener at 127.0.0.1/44937] INFO  server.Server (Server.java:doStart(375)) - jetty-9.4.43.v20210629; built: 2021-06-30T11:07:22.254Z; git: 526006ecfa3af7f1a27ef3a288e2bef7ea9dd7e8; jvm 1.8.0_322-b06
2022-03-03 07:23:47,954 [Listener at 127.0.0.1/44937] INFO  server.session (DefaultSessionIdManager.java:doStart(334)) - DefaultSessionIdManager workerName=node0
2022-03-03 07:23:47,954 [Listener at 127.0.0.1/44937] INFO  server.session (DefaultSessionIdManager.java:doStart(339)) - No SessionScavenger set, using defaults
2022-03-03 07:23:47,955 [Listener at 127.0.0.1/44937] INFO  server.session (HouseKeeper.java:startScavenging(132)) - node0 Scavenging every 660000ms
2022-03-03 07:23:47,957 [Listener at 127.0.0.1/44937] INFO  handler.ContextHandler (ContextHandler.java:doStart(915)) - Started o.e.j.s.ServletContextHandler@8c84fb8{logs,/logs,file:///home/runner/work/ozone/ozone/hadoop-ozone/integration-test/target/log,AVAILABLE}
2022-03-03 07:23:47,958 [Listener at 127.0.0.1/44937] INFO  handler.ContextHandler (ContextHandler.java:doStart(915)) - Started o.e.j.s.ServletContextHandler@280de5ae{static,/static,jar:file:/home/runner/.m2/repository/org/apache/ozone/hdds-container-service/1.3.0-SNAPSHOT/hdds-container-service-1.3.0-SNAPSHOT.jar!/webapps/static,AVAILABLE}
2022-03-03 07:23:48,012 [omNode-3@group-523986131536-FollowerState] INFO  impl.FollowerState (FollowerState.java:run(134)) - omNode-3@group-523986131536-FollowerState: change to CANDIDATE, lastRpcElapsedTime:1072930085ns, electionTimeout:1065ms
2022-03-03 07:23:48,013 [omNode-3@group-523986131536-FollowerState] INFO  impl.RoleInfo (RoleInfo.java:shutdownFollowerState(108)) - omNode-3: shutdown omNode-3@group-523986131536-FollowerState
2022-03-03 07:23:48,013 [omNode-3@group-523986131536-FollowerState] INFO  server.RaftServer$Division (RaftServerImpl.java:setRole(290)) - omNode-3@group-523986131536: changes role from  FOLLOWER to CANDIDATE at term 0 for changeToCandidate
2022-03-03 07:23:48,013 [omNode-3@group-523986131536-FollowerState] INFO  server.RaftServerConfigKeys (ConfUtils.java:logGet(44)) - raft.server.leaderelection.pre-vote = false (custom)
2022-03-03 07:23:48,013 [omNode-3@group-523986131536-FollowerState] INFO  impl.RoleInfo (RoleInfo.java:updateAndGet(130)) - omNode-3: start omNode-3@group-523986131536-LeaderElection5
2022-03-03 07:23:48,024 [omNode-3@group-523986131536-LeaderElection5] INFO  impl.LeaderElection (LeaderElection.java:askForVotes(306)) - omNode-3@group-523986131536-LeaderElection5 ELECTION round 0: submit vote requests at term 1 for -1: [omNode-3|rpc:localhost:45161|priority:0, omNode-1|rpc:localhost:38685|priority:0, omNode-2|rpc:localhost:34483|priority:0], old=null
2022-03-03 07:23:48,146 [Listener at 127.0.0.1/44937] INFO  handler.ContextHandler (ContextHandler.java:doStart(915)) - Started o.e.j.w.WebAppContext@467686b2{hddsDatanode,/,file:///tmp/jetty-0_0_0_0-33321-hdds-container-service-1_3_0-SNAPSHOT_jar-_-any-7380712406344303114/webapp/,AVAILABLE}{jar:file:/home/runner/.m2/repository/org/apache/ozone/hdds-container-service/1.3.0-SNAPSHOT/hdds-container-service-1.3.0-SNAPSHOT.jar!/webapps/hddsDatanode}
2022-03-03 07:23:48,148 [Listener at 127.0.0.1/44937] INFO  server.AbstractConnector (AbstractConnector.java:doStart(331)) - Started ServerConnector@4db5663b{HTTP/1.1, (http/1.1)}{0.0.0.0:33321}
2022-03-03 07:23:48,148 [Listener at 127.0.0.1/44937] INFO  server.Server (Server.java:doStart(415)) - Started @19674ms
2022-03-03 07:23:48,148 [Listener at 127.0.0.1/44937] WARN  impl.MetricsSystemImpl (MetricsSystemImpl.java:register(279)) - Sink prometheus already exists!
2022-03-03 07:23:48,149 [Listener at 127.0.0.1/44937] INFO  http.BaseHttpServer (BaseHttpServer.java:updateConnectorAddress(329)) - HTTP server of hddsDatanode listening at http://0.0.0.0:33321
2022-03-03 07:23:48,154 [Listener at 127.0.0.1/44937] WARN  impl.MetricRegistriesImpl (MetricRegistriesImpl.java:addReporterRegistration(111)) - New reporters are added after registries were created. Some metrics will be missing from the reporter. Please add reporter before adding any new registry.
2022-03-03 07:23:48,154 [Listener at 127.0.0.1/44937] WARN  impl.MetricRegistriesImpl (MetricRegistriesImpl.java:addReporterRegistration(111)) - New reporters are added after registries were created. Some metrics will be missing from the reporter. Please add reporter before adding any new registry.
2022-03-03 07:23:48,154 [Listener at 127.0.0.1/44937] INFO  impl.MetricsSystemImpl (MetricsSystemImpl.java:init(158)) - HddsDatanode metrics system started (again)
2022-03-03 07:23:48,175 [grpc-default-executor-3] INFO  server.RaftServer$Division (RaftServerImpl.java:requestVote(1046)) - omNode-3@group-523986131536: receive requestVote(ELECTION, omNode-2, group-523986131536, 1, (t:0, i:~))
2022-03-03 07:23:48,177 [grpc-default-executor-3] INFO  impl.VoteContext (VoteContext.java:log(48)) - omNode-3@group-523986131536-CANDIDATE: reject ELECTION from omNode-2: already has voted for omNode-3 at current term 1
2022-03-03 07:23:48,179 [grpc-default-executor-0] INFO  server.RaftServer$Division (RaftServerImpl.java:requestVote(1046)) - omNode-2@group-523986131536: receive requestVote(ELECTION, omNode-3, group-523986131536, 1, (t:0, i:~))
2022-03-03 07:23:48,179 [grpc-default-executor-0] INFO  impl.VoteContext (VoteContext.java:log(48)) - omNode-2@group-523986131536-CANDIDATE: reject ELECTION from omNode-3: already has voted for omNode-2 at current term 1
2022-03-03 07:23:48,181 [grpc-default-executor-1] INFO  server.RaftServer$Division (RaftServerImpl.java:requestVote(1046)) - omNode-3@group-523986131536: receive requestVote(ELECTION, omNode-1, group-523986131536, 1, (t:0, i:~))
2022-03-03 07:23:48,185 [Datanode State Machine Daemon Thread] INFO  statemachine.DatanodeStateMachine (DatanodeStateMachine.java:lambda$startDaemon$0(470)) - Ozone container server started.
2022-03-03 07:23:48,194 [org.apache.hadoop.util.JvmPauseMonitor$Monitor@6cbbbcd8] INFO  util.JvmPauseMonitor (JvmPauseMonitor.java:run(188)) - Starting JVM pause monitor
2022-03-03 07:23:48,204 [grpc-default-executor-0] INFO  server.RaftServer$Division (RaftServerImpl.java:requestVote(1078)) - omNode-2@group-523986131536 replies to ELECTION vote request: omNode-3<-omNode-2#0:FAIL-t1. Peer's state: omNode-2@group-523986131536:t1, leader=null, voted=omNode-2, raftlog=omNode-2@group-523986131536-SegmentedRaftLog:OPENED:c-1, conf=-1: [omNode-3|rpc:localhost:45161|priority:0, omNode-1|rpc:localhost:38685|priority:0, omNode-2|rpc:localhost:34483|priority:0], old=null
2022-03-03 07:23:48,205 [grpc-default-executor-3] INFO  server.RaftServer$Division (RaftServerImpl.java:requestVote(1078)) - omNode-3@group-523986131536 replies to ELECTION vote request: omNode-2<-omNode-3#0:FAIL-t1. Peer's state: omNode-3@group-523986131536:t1, leader=null, voted=omNode-3, raftlog=omNode-3@group-523986131536-SegmentedRaftLog:OPENED:c-1, conf=-1: [omNode-3|rpc:localhost:45161|priority:0, omNode-1|rpc:localhost:38685|priority:0, omNode-2|rpc:localhost:34483|priority:0], old=null
2022-03-03 07:23:48,205 [grpc-default-executor-1] INFO  impl.VoteContext (VoteContext.java:log(48)) - omNode-3@group-523986131536-CANDIDATE: reject ELECTION from omNode-1: already has voted for omNode-3 at current term 1
2022-03-03 07:23:48,205 [grpc-default-executor-1] INFO  server.RaftServer$Division (RaftServerImpl.java:requestVote(1078)) - omNode-3@group-523986131536 replies to ELECTION vote request: omNode-1<-omNode-3#0:FAIL-t1. Peer's state: omNode-3@group-523986131536:t1, leader=null, voted=omNode-3, raftlog=omNode-3@group-523986131536-SegmentedRaftLog:OPENED:c-1, conf=-1: [omNode-3|rpc:localhost:45161|priority:0, omNode-1|rpc:localhost:38685|priority:0, omNode-2|rpc:localhost:34483|priority:0], old=null
2022-03-03 07:23:48,208 [grpc-default-executor-2] INFO  server.RaftServer$Division (RaftServerImpl.java:requestVote(1046)) - omNode-1@group-523986131536: receive requestVote(ELECTION, omNode-3, group-523986131536, 1, (t:0, i:~))
2022-03-03 07:23:48,208 [grpc-default-executor-2] INFO  impl.VoteContext (VoteContext.java:log(48)) - omNode-1@group-523986131536-CANDIDATE: reject ELECTION from omNode-3: already has voted for omNode-1 at current term 1
2022-03-03 07:23:48,208 [grpc-default-executor-2] INFO  server.RaftServer$Division (RaftServerImpl.java:requestVote(1078)) - omNode-1@group-523986131536 replies to ELECTION vote request: omNode-3<-omNode-1#0:FAIL-t1. Peer's state: omNode-1@group-523986131536:t1, leader=null, voted=omNode-1, raftlog=omNode-1@group-523986131536-SegmentedRaftLog:OPENED:c-1, conf=-1: [omNode-3|rpc:localhost:45161|priority:0, omNode-1|rpc:localhost:38685|priority:0, omNode-2|rpc:localhost:34483|priority:0], old=null
2022-03-03 07:23:48,212 [Listener at 127.0.0.1/44937] INFO  ozone.HddsDatanodeService (HddsDatanodeService.java:start(233)) - HddsDatanodeService host:fv-az501-749.rsswf2em5frezlg3dkjt5mgqaf.dx.internal.cloudapp.net ip:10.1.0.15
2022-03-03 07:23:48,219 [grpc-default-executor-4] INFO  server.RaftServer$Division (RaftServerImpl.java:requestVote(1046)) - omNode-1@group-523986131536: receive requestVote(ELECTION, omNode-2, group-523986131536, 1, (t:0, i:~))
2022-03-03 07:23:48,219 [grpc-default-executor-4] INFO  impl.VoteContext (VoteContext.java:log(48)) - omNode-1@group-523986131536-CANDIDATE: reject ELECTION from omNode-2: already has voted for omNode-1 at current term 1
2022-03-03 07:23:48,219 [grpc-default-executor-4] INFO  server.RaftServer$Division (RaftServerImpl.java:requestVote(1078)) - omNode-1@group-523986131536 replies to ELECTION vote request: omNode-2<-omNode-1#0:FAIL-t1. Peer's state: omNode-1@group-523986131536:t1, leader=null, voted=omNode-1, raftlog=omNode-1@group-523986131536-SegmentedRaftLog:OPENED:c-1, conf=-1: [omNode-3|rpc:localhost:45161|priority:0, omNode-1|rpc:localhost:38685|priority:0, omNode-2|rpc:localhost:34483|priority:0], old=null
2022-03-03 07:23:48,256 [grpc-default-executor-4] INFO  server.RaftServer$Division (RaftServerImpl.java:requestVote(1046)) - omNode-2@group-523986131536: receive requestVote(ELECTION, omNode-1, group-523986131536, 1, (t:0, i:~))
2022-03-03 07:23:48,256 [grpc-default-executor-4] INFO  impl.VoteContext (VoteContext.java:log(48)) - omNode-2@group-523986131536-CANDIDATE: reject ELECTION from omNode-1: already has voted for omNode-2 at current term 1
2022-03-03 07:23:48,256 [grpc-default-executor-4] INFO  server.RaftServer$Division (RaftServerImpl.java:requestVote(1078)) - omNode-2@group-523986131536 replies to ELECTION vote request: omNode-1<-omNode-2#0:FAIL-t1. Peer's state: omNode-2@group-523986131536:t1, leader=null, voted=omNode-2, raftlog=omNode-2@group-523986131536-SegmentedRaftLog:OPENED:c-1, conf=-1: [omNode-3|rpc:localhost:45161|priority:0, omNode-1|rpc:localhost:38685|priority:0, omNode-2|rpc:localhost:34483|priority:0], old=null
2022-03-03 07:23:48,258 [omNode-3@group-523986131536-LeaderElection5] INFO  impl.LeaderElection (LeaderElection.java:logAndReturn(89)) - omNode-3@group-523986131536-LeaderElection5: ELECTION REJECTED received 2 response(s) and 0 exception(s):
2022-03-03 07:23:48,259 [omNode-3@group-523986131536-LeaderElection5] INFO  impl.LeaderElection (LeaderElection.java:logAndReturn(93)) -   Response 0: omNode-3<-omNode-1#0:FAIL-t1
2022-03-03 07:23:48,259 [omNode-3@group-523986131536-LeaderElection5] INFO  impl.LeaderElection (LeaderElection.java:logAndReturn(93)) -   Response 1: omNode-3<-omNode-2#0:FAIL-t1
2022-03-03 07:23:48,259 [omNode-3@group-523986131536-LeaderElection5] INFO  impl.LeaderElection (LeaderElection.java:askForVotes(308)) - omNode-3@group-523986131536-LeaderElection5 ELECTION round 0: result REJECTED
2022-03-03 07:23:48,259 [omNode-3@group-523986131536-LeaderElection5] INFO  server.RaftServer$Division (RaftServerImpl.java:setRole(290)) - omNode-3@group-523986131536: changes role from CANDIDATE to FOLLOWER at term 1 for REJECTED
2022-03-03 07:23:48,259 [omNode-3@group-523986131536-LeaderElection5] INFO  impl.RoleInfo (RoleInfo.java:shutdownLeaderElection(121)) - omNode-3: shutdown omNode-3@group-523986131536-LeaderElection5
2022-03-03 07:23:48,259 [omNode-3@group-523986131536-LeaderElection5] INFO  impl.RoleInfo (RoleInfo.java:updateAndGet(130)) - omNode-3: start omNode-3@group-523986131536-FollowerState
2022-03-03 07:23:48,276 [Listener at 127.0.0.1/44937] INFO  upgrade.AbstractLayoutVersionManager (AbstractLayoutVersionManager.java:init(79)) - Initializing Layout version manager with metadata layout = SCM_HA (version = 2), software layout = SCM_HA (version = 2)
2022-03-03 07:23:48,282 [omNode-2@group-523986131536-LeaderElection4] INFO  impl.LeaderElection (LeaderElection.java:logAndReturn(89)) - omNode-2@group-523986131536-LeaderElection4: ELECTION REJECTED received 2 response(s) and 0 exception(s):
2022-03-03 07:23:48,282 [omNode-2@group-523986131536-LeaderElection4] INFO  impl.LeaderElection (LeaderElection.java:logAndReturn(93)) -   Response 0: omNode-2<-omNode-3#0:FAIL-t1
2022-03-03 07:23:48,282 [omNode-2@group-523986131536-LeaderElection4] INFO  impl.LeaderElection (LeaderElection.java:logAndReturn(93)) -   Response 1: omNode-2<-omNode-1#0:FAIL-t1
2022-03-03 07:23:48,282 [omNode-2@group-523986131536-LeaderElection4] INFO  impl.LeaderElection (LeaderElection.java:askForVotes(308)) - omNode-2@group-523986131536-LeaderElection4 ELECTION round 0: result REJECTED
2022-03-03 07:23:48,282 [omNode-2@group-523986131536-LeaderElection4] INFO  server.RaftServer$Division (RaftServerImpl.java:setRole(290)) - omNode-2@group-523986131536: changes role from CANDIDATE to FOLLOWER at term 1 for REJECTED
2022-03-03 07:23:48,282 [omNode-2@group-523986131536-LeaderElection4] INFO  impl.RoleInfo (RoleInfo.java:shutdownLeaderElection(121)) - omNode-2: shutdown omNode-2@group-523986131536-LeaderElection4
2022-03-03 07:23:48,282 [omNode-2@group-523986131536-LeaderElection4] INFO  impl.RoleInfo (RoleInfo.java:updateAndGet(130)) - omNode-2: start omNode-2@group-523986131536-FollowerState
2022-03-03 07:23:48,286 [omNode-1@group-523986131536-LeaderElection3] INFO  impl.LeaderElection (LeaderElection.java:logAndReturn(89)) - omNode-1@group-523986131536-LeaderElection3: ELECTION REJECTED received 2 response(s) and 0 exception(s):
2022-03-03 07:23:48,286 [omNode-1@group-523986131536-LeaderElection3] INFO  impl.LeaderElection (LeaderElection.java:logAndReturn(93)) -   Response 0: omNode-1<-omNode-3#0:FAIL-t1
2022-03-03 07:23:48,286 [omNode-1@group-523986131536-LeaderElection3] INFO  impl.LeaderElection (LeaderElection.java:logAndReturn(93)) -   Response 1: omNode-1<-omNode-2#0:FAIL-t1
2022-03-03 07:23:48,287 [omNode-1@group-523986131536-LeaderElection3] INFO  impl.LeaderElection (LeaderElection.java:askForVotes(308)) - omNode-1@group-523986131536-LeaderElection3 ELECTION round 0: result REJECTED
2022-03-03 07:23:48,287 [omNode-1@group-523986131536-LeaderElection3] INFO  server.RaftServer$Division (RaftServerImpl.java:setRole(290)) - omNode-1@group-523986131536: changes role from CANDIDATE to FOLLOWER at term 1 for REJECTED
2022-03-03 07:23:48,287 [omNode-1@group-523986131536-LeaderElection3] INFO  impl.RoleInfo (RoleInfo.java:shutdownLeaderElection(121)) - omNode-1: shutdown omNode-1@group-523986131536-LeaderElection3
2022-03-03 07:23:48,287 [omNode-1@group-523986131536-LeaderElection3] INFO  impl.RoleInfo (RoleInfo.java:updateAndGet(130)) - omNode-1: start omNode-1@group-523986131536-FollowerState
2022-03-03 07:23:48,397 [Listener at 127.0.0.1/44937] INFO  reflections.Reflections (Reflections.java:scan(232)) - Reflections took 100 ms to scan 7 urls, producing 122 keys and 286 values 
2022-03-03 07:23:48,403 [Listener at 127.0.0.1/44937] INFO  statemachine.DatanodeStateMachine (DatanodeStateMachine.java:getEndPointTaskThreadPoolSize(222)) - Datanode State Machine Task Thread Pool size 2
2022-03-03 07:23:48,407 [Datanode State Machine Task Thread - 0] INFO  datanode.InitDatanodeState (InitDatanodeState.java:persistContainerDatanodeDetails(138)) - DatanodeDetails is persisted to /home/runner/work/ozone/ozone/hadoop-ozone/integration-test/target/test-dir/MiniOzoneClusterImpl-73ba9704-0a97-4d3d-983a-0dacfed22b51/datanode-0/meta/datanode.id
2022-03-03 07:23:48,410 [Listener at 127.0.0.1/44937] INFO  volume.HddsVolume (HddsVolume.java:<init>(120)) - Creating HddsVolume: /home/runner/work/ozone/ozone/hadoop-ozone/integration-test/target/test-dir/MiniOzoneClusterImpl-73ba9704-0a97-4d3d-983a-0dacfed22b51/datanode-1/data-0/containers/hdds of storage type : DISK capacity : 9223372036854775807
2022-03-03 07:23:48,411 [Listener at 127.0.0.1/44937] INFO  volume.MutableVolumeSet (MutableVolumeSet.java:initializeVolumeSet(168)) - Added Volume : /home/runner/work/ozone/ozone/hadoop-ozone/integration-test/target/test-dir/MiniOzoneClusterImpl-73ba9704-0a97-4d3d-983a-0dacfed22b51/datanode-1/data-0/containers/hdds to VolumeSet
2022-03-03 07:23:48,411 [Listener at 127.0.0.1/44937] INFO  volume.ThrottledAsyncChecker (ThrottledAsyncChecker.java:schedule(141)) - Scheduling a check for /home/runner/work/ozone/ozone/hadoop-ozone/integration-test/target/test-dir/MiniOzoneClusterImpl-73ba9704-0a97-4d3d-983a-0dacfed22b51/datanode-1/data-0/containers/hdds
2022-03-03 07:23:48,413 [Listener at 127.0.0.1/44937] INFO  volume.StorageVolumeChecker (StorageVolumeChecker.java:checkAllVolumes(202)) - Scheduled health check for volume /home/runner/work/ozone/ozone/hadoop-ozone/integration-test/target/test-dir/MiniOzoneClusterImpl-73ba9704-0a97-4d3d-983a-0dacfed22b51/datanode-1/data-0/containers/hdds
2022-03-03 07:23:48,426 [Listener at 127.0.0.1/44937] INFO  volume.MutableVolumeSet (MutableVolumeSet.java:initializeVolumeSet(168)) - Added Volume : /home/runner/work/ozone/ozone/hadoop-ozone/integration-test/target/test-dir/MiniOzoneClusterImpl-73ba9704-0a97-4d3d-983a-0dacfed22b51/datanode-1/data/ratis to VolumeSet
2022-03-03 07:23:48,427 [Listener at 127.0.0.1/44937] INFO  volume.ThrottledAsyncChecker (ThrottledAsyncChecker.java:schedule(141)) - Scheduling a check for /home/runner/work/ozone/ozone/hadoop-ozone/integration-test/target/test-dir/MiniOzoneClusterImpl-73ba9704-0a97-4d3d-983a-0dacfed22b51/datanode-1/data/ratis
2022-03-03 07:23:48,427 [Listener at 127.0.0.1/44937] INFO  volume.StorageVolumeChecker (StorageVolumeChecker.java:checkAllVolumes(202)) - Scheduled health check for volume /home/runner/work/ozone/ozone/hadoop-ozone/integration-test/target/test-dir/MiniOzoneClusterImpl-73ba9704-0a97-4d3d-983a-0dacfed22b51/datanode-1/data/ratis
2022-03-03 07:23:48,439 [Thread-249] INFO  ozoneimpl.ContainerReader (ContainerReader.java:readVolume(172)) - Finish verifying containers on volume /home/runner/work/ozone/ozone/hadoop-ozone/integration-test/target/test-dir/MiniOzoneClusterImpl-73ba9704-0a97-4d3d-983a-0dacfed22b51/datanode-1/data-0/containers/hdds
2022-03-03 07:23:48,440 [Listener at 127.0.0.1/44937] INFO  ozoneimpl.OzoneContainer (OzoneContainer.java:buildContainerSet(257)) - Build ContainerSet costs 0s
2022-03-03 07:23:48,444 [Listener at 127.0.0.1/44937] INFO  server.RaftServer (ConfUtils.java:logGet(44)) - raft.rpc.type = GRPC (default)
2022-03-03 07:23:48,444 [Listener at 127.0.0.1/44937] INFO  grpc.GrpcFactory (GrpcFactory.java:checkPooledByteBufAllocatorUseCacheForAllThreads(48)) - PERFORMANCE WARNING: useCacheForAllThreads is true that may cause Netty to create a lot garbage objects and, as a result, trigger GC.
	It is recommended to disable useCacheForAllThreads by setting -Dorg.apache.ratis.thirdparty.io.netty.allocator.useCacheForAllThreads=false in command line.
2022-03-03 07:23:48,444 [Listener at 127.0.0.1/44937] INFO  grpc.GrpcConfigKeys (ConfUtils.java:logGet(44)) - raft.grpc.admin.port = 0 (custom)
2022-03-03 07:23:48,444 [Listener at 127.0.0.1/44937] INFO  grpc.GrpcConfigKeys (ConfUtils.java:logGet(44)) - raft.grpc.client.port = 0 (custom)
2022-03-03 07:23:48,444 [Listener at 127.0.0.1/44937] INFO  grpc.GrpcConfigKeys (ConfUtils.java:logGet(44)) - raft.grpc.server.port = 0 (default)
2022-03-03 07:23:48,444 [Listener at 127.0.0.1/44937] INFO  server.GrpcService (ConfUtils.java:logGet(44)) - raft.grpc.message.size.max = 32MB (=33554432) (custom)
2022-03-03 07:23:48,445 [Listener at 127.0.0.1/44937] INFO  server.RaftServerConfigKeys (ConfUtils.java:logGet(44)) - raft.server.log.appender.buffer.byte-limit = 33554432 (custom)
2022-03-03 07:23:48,445 [Listener at 127.0.0.1/44937] INFO  server.GrpcService (ConfUtils.java:logGet(44)) - raft.grpc.flow.control.window = 5MB (=5242880) (custom)
2022-03-03 07:23:48,445 [Listener at 127.0.0.1/44937] INFO  server.RaftServerConfigKeys (ConfUtils.java:logGet(44)) - raft.server.rpc.request.timeout = 60s (custom)
2022-03-03 07:23:48,447 [Listener at 127.0.0.1/44937] INFO  impl.DataStreamServerImpl (ConfUtils.java:logGet(44)) - raft.datastream.type = DISABLED (default)
2022-03-03 07:23:48,447 [Listener at 127.0.0.1/44937] INFO  server.RaftServerConfigKeys (ConfUtils.java:logGet(44)) - raft.server.rpc.slowness.timeout = 300s (custom)
2022-03-03 07:23:48,447 [Listener at 127.0.0.1/44937] INFO  server.RaftServerConfigKeys (ConfUtils.java:logGet(44)) - raft.server.leaderelection.leader.step-down.wait-time = 10s (default)
2022-03-03 07:23:48,448 [Listener at 127.0.0.1/44937] INFO  server.RaftServerConfigKeys (ConfUtils.java:logGet(44)) - raft.server.storage.dir = [/home/runner/work/ozone/ozone/hadoop-ozone/integration-test/target/test-dir/MiniOzoneClusterImpl-73ba9704-0a97-4d3d-983a-0dacfed22b51/datanode-1/data/ratis] (custom)
2022-03-03 07:23:48,449 [Listener at 127.0.0.1/44937] INFO  server.XceiverServerGrpc (XceiverServerGrpc.java:<init>(132)) - GrpcServer channel type EpollServerSocketChannel
2022-03-03 07:23:48,453 [Listener at 127.0.0.1/44937] INFO  http.BaseHttpServer (BaseHttpServer.java:newHttpServer2BuilderForOzone(209)) - Starting Web-server for hddsDatanode at: http://0.0.0.0:0
2022-03-03 07:23:48,453 [Listener at 127.0.0.1/44937] INFO  http.BaseHttpServer (BaseHttpServer.java:<init>(107)) - Hadoop Security Enabled: false Ozone Security Enabled: false Ozone HTTP Security Enabled: false 
2022-03-03 07:23:48,454 [Listener at 127.0.0.1/44937] INFO  server.AuthenticationFilter (AuthenticationFilter.java:constructSecretProvider(240)) - Unable to initialize FileSignerSecretProvider, falling back to use random secrets.
2022-03-03 07:23:48,455 [Listener at 127.0.0.1/44937] WARN  http.HttpRequestLog (HttpRequestLog.java:getRequestLog(103)) - Jetty request log can only be enabled using Log4j
2022-03-03 07:23:48,456 [Listener at 127.0.0.1/44937] INFO  http.HttpServer2 (HttpServer2.java:addGlobalFilter(1030)) - Added global filter 'safety' (class=org.apache.hadoop.hdds.server.http.HttpServer2$QuotingInputFilter)
2022-03-03 07:23:48,457 [Listener at 127.0.0.1/44937] INFO  http.HttpServer2 (HttpServer2.java:addFilter(1006)) - Added filter static_user_filter (class=org.apache.hadoop.http.lib.StaticUserWebFilter$StaticUserFilter) to context hddsDatanode
2022-03-03 07:23:48,457 [Listener at 127.0.0.1/44937] INFO  http.HttpServer2 (HttpServer2.java:addFilter(1014)) - Added filter static_user_filter (class=org.apache.hadoop.http.lib.StaticUserWebFilter$StaticUserFilter) to context logs
2022-03-03 07:23:48,457 [Listener at 127.0.0.1/44937] INFO  http.HttpServer2 (HttpServer2.java:addFilter(1014)) - Added filter static_user_filter (class=org.apache.hadoop.http.lib.StaticUserWebFilter$StaticUserFilter) to context static
2022-03-03 07:23:48,458 [Listener at 127.0.0.1/44937] INFO  http.HttpServer2 (HttpServer2.java:bindListener(1249)) - Jetty bound to port 35325
2022-03-03 07:23:48,458 [Listener at 127.0.0.1/44937] INFO  server.Server (Server.java:doStart(375)) - jetty-9.4.43.v20210629; built: 2021-06-30T11:07:22.254Z; git: 526006ecfa3af7f1a27ef3a288e2bef7ea9dd7e8; jvm 1.8.0_322-b06
2022-03-03 07:23:48,461 [Listener at 127.0.0.1/44937] INFO  server.session (DefaultSessionIdManager.java:doStart(334)) - DefaultSessionIdManager workerName=node0
2022-03-03 07:23:48,462 [Listener at 127.0.0.1/44937] INFO  server.session (DefaultSessionIdManager.java:doStart(339)) - No SessionScavenger set, using defaults
2022-03-03 07:23:48,462 [Listener at 127.0.0.1/44937] INFO  server.session (HouseKeeper.java:startScavenging(132)) - node0 Scavenging every 660000ms
2022-03-03 07:23:48,463 [Listener at 127.0.0.1/44937] INFO  handler.ContextHandler (ContextHandler.java:doStart(915)) - Started o.e.j.s.ServletContextHandler@939f06{logs,/logs,file:///home/runner/work/ozone/ozone/hadoop-ozone/integration-test/target/log,AVAILABLE}
2022-03-03 07:23:48,463 [Listener at 127.0.0.1/44937] INFO  handler.ContextHandler (ContextHandler.java:doStart(915)) - Started o.e.j.s.ServletContextHandler@1966ec08{static,/static,jar:file:/home/runner/.m2/repository/org/apache/ozone/hdds-container-service/1.3.0-SNAPSHOT/hdds-container-service-1.3.0-SNAPSHOT.jar!/webapps/static,AVAILABLE}
2022-03-03 07:23:48,523 [Listener at 127.0.0.1/44937] INFO  handler.ContextHandler (ContextHandler.java:doStart(915)) - Started o.e.j.w.WebAppContext@23dbd676{hddsDatanode,/,file:///tmp/jetty-0_0_0_0-35325-hdds-container-service-1_3_0-SNAPSHOT_jar-_-any-4031453242236409343/webapp/,AVAILABLE}{jar:file:/home/runner/.m2/repository/org/apache/ozone/hdds-container-service/1.3.0-SNAPSHOT/hdds-container-service-1.3.0-SNAPSHOT.jar!/webapps/hddsDatanode}
2022-03-03 07:23:48,524 [Listener at 127.0.0.1/44937] INFO  server.AbstractConnector (AbstractConnector.java:doStart(331)) - Started ServerConnector@c5c622{HTTP/1.1, (http/1.1)}{0.0.0.0:35325}
2022-03-03 07:23:48,524 [Listener at 127.0.0.1/44937] INFO  server.Server (Server.java:doStart(415)) - Started @20050ms
2022-03-03 07:23:48,525 [Listener at 127.0.0.1/44937] WARN  impl.MetricsSystemImpl (MetricsSystemImpl.java:register(279)) - Sink prometheus already exists!
2022-03-03 07:23:48,526 [Listener at 127.0.0.1/44937] INFO  http.BaseHttpServer (BaseHttpServer.java:updateConnectorAddress(329)) - HTTP server of hddsDatanode listening at http://0.0.0.0:35325
2022-03-03 07:23:48,526 [Listener at 127.0.0.1/44937] WARN  impl.MetricRegistriesImpl (MetricRegistriesImpl.java:addReporterRegistration(111)) - New reporters are added after registries were created. Some metrics will be missing from the reporter. Please add reporter before adding any new registry.
2022-03-03 07:23:48,526 [Listener at 127.0.0.1/44937] WARN  impl.MetricRegistriesImpl (MetricRegistriesImpl.java:addReporterRegistration(111)) - New reporters are added after registries were created. Some metrics will be missing from the reporter. Please add reporter before adding any new registry.
2022-03-03 07:23:48,526 [Listener at 127.0.0.1/44937] INFO  impl.MetricsSystemImpl (MetricsSystemImpl.java:init(158)) - HddsDatanode metrics system started (again)
2022-03-03 07:23:48,537 [Datanode State Machine Daemon Thread] INFO  statemachine.DatanodeStateMachine (DatanodeStateMachine.java:lambda$startDaemon$0(470)) - Ozone container server started.
2022-03-03 07:23:48,544 [Listener at 127.0.0.1/44937] INFO  ozone.HddsDatanodeService (HddsDatanodeService.java:start(233)) - HddsDatanodeService host:fv-az501-749.rsswf2em5frezlg3dkjt5mgqaf.dx.internal.cloudapp.net ip:10.1.0.15
2022-03-03 07:23:48,553 [org.apache.hadoop.util.JvmPauseMonitor$Monitor@31b5c6c4] INFO  util.JvmPauseMonitor (JvmPauseMonitor.java:run(188)) - Starting JVM pause monitor
2022-03-03 07:23:48,562 [Datanode State Machine Task Thread - 0] INFO  datanode.InitDatanodeState (InitDatanodeState.java:persistContainerDatanodeDetails(138)) - DatanodeDetails is persisted to /home/runner/work/ozone/ozone/hadoop-ozone/integration-test/target/test-dir/MiniOzoneClusterImpl-73ba9704-0a97-4d3d-983a-0dacfed22b51/datanode-1/meta/datanode.id
2022-03-03 07:23:48,580 [Listener at 127.0.0.1/44937] INFO  upgrade.AbstractLayoutVersionManager (AbstractLayoutVersionManager.java:init(79)) - Initializing Layout version manager with metadata layout = SCM_HA (version = 2), software layout = SCM_HA (version = 2)
2022-03-03 07:23:48,631 [Listener at 127.0.0.1/44937] INFO  reflections.Reflections (Reflections.java:scan(232)) - Reflections took 45 ms to scan 7 urls, producing 122 keys and 286 values 
2022-03-03 07:23:48,640 [Listener at 127.0.0.1/44937] INFO  statemachine.DatanodeStateMachine (DatanodeStateMachine.java:getEndPointTaskThreadPoolSize(222)) - Datanode State Machine Task Thread Pool size 2
2022-03-03 07:23:48,646 [Listener at 127.0.0.1/44937] INFO  volume.HddsVolume (HddsVolume.java:<init>(120)) - Creating HddsVolume: /home/runner/work/ozone/ozone/hadoop-ozone/integration-test/target/test-dir/MiniOzoneClusterImpl-73ba9704-0a97-4d3d-983a-0dacfed22b51/datanode-2/data-0/containers/hdds of storage type : DISK capacity : 9223372036854775807
2022-03-03 07:23:48,647 [Listener at 127.0.0.1/44937] INFO  volume.MutableVolumeSet (MutableVolumeSet.java:initializeVolumeSet(168)) - Added Volume : /home/runner/work/ozone/ozone/hadoop-ozone/integration-test/target/test-dir/MiniOzoneClusterImpl-73ba9704-0a97-4d3d-983a-0dacfed22b51/datanode-2/data-0/containers/hdds to VolumeSet
2022-03-03 07:23:48,647 [Listener at 127.0.0.1/44937] INFO  volume.ThrottledAsyncChecker (ThrottledAsyncChecker.java:schedule(141)) - Scheduling a check for /home/runner/work/ozone/ozone/hadoop-ozone/integration-test/target/test-dir/MiniOzoneClusterImpl-73ba9704-0a97-4d3d-983a-0dacfed22b51/datanode-2/data-0/containers/hdds
2022-03-03 07:23:48,649 [Listener at 127.0.0.1/44937] INFO  volume.StorageVolumeChecker (StorageVolumeChecker.java:checkAllVolumes(202)) - Scheduled health check for volume /home/runner/work/ozone/ozone/hadoop-ozone/integration-test/target/test-dir/MiniOzoneClusterImpl-73ba9704-0a97-4d3d-983a-0dacfed22b51/datanode-2/data-0/containers/hdds
2022-03-03 07:23:48,669 [Listener at 127.0.0.1/44937] INFO  volume.MutableVolumeSet (MutableVolumeSet.java:initializeVolumeSet(168)) - Added Volume : /home/runner/work/ozone/ozone/hadoop-ozone/integration-test/target/test-dir/MiniOzoneClusterImpl-73ba9704-0a97-4d3d-983a-0dacfed22b51/datanode-2/data/ratis to VolumeSet
2022-03-03 07:23:48,669 [Listener at 127.0.0.1/44937] INFO  volume.ThrottledAsyncChecker (ThrottledAsyncChecker.java:schedule(141)) - Scheduling a check for /home/runner/work/ozone/ozone/hadoop-ozone/integration-test/target/test-dir/MiniOzoneClusterImpl-73ba9704-0a97-4d3d-983a-0dacfed22b51/datanode-2/data/ratis
2022-03-03 07:23:48,670 [Listener at 127.0.0.1/44937] INFO  volume.StorageVolumeChecker (StorageVolumeChecker.java:checkAllVolumes(202)) - Scheduled health check for volume /home/runner/work/ozone/ozone/hadoop-ozone/integration-test/target/test-dir/MiniOzoneClusterImpl-73ba9704-0a97-4d3d-983a-0dacfed22b51/datanode-2/data/ratis
2022-03-03 07:23:48,684 [Thread-261] INFO  ozoneimpl.ContainerReader (ContainerReader.java:readVolume(172)) - Finish verifying containers on volume /home/runner/work/ozone/ozone/hadoop-ozone/integration-test/target/test-dir/MiniOzoneClusterImpl-73ba9704-0a97-4d3d-983a-0dacfed22b51/datanode-2/data-0/containers/hdds
2022-03-03 07:23:48,684 [Listener at 127.0.0.1/44937] INFO  ozoneimpl.OzoneContainer (OzoneContainer.java:buildContainerSet(257)) - Build ContainerSet costs 0s
2022-03-03 07:23:48,687 [Listener at 127.0.0.1/44937] INFO  server.RaftServer (ConfUtils.java:logGet(44)) - raft.rpc.type = GRPC (default)
2022-03-03 07:23:48,688 [Listener at 127.0.0.1/44937] INFO  grpc.GrpcFactory (GrpcFactory.java:checkPooledByteBufAllocatorUseCacheForAllThreads(48)) - PERFORMANCE WARNING: useCacheForAllThreads is true that may cause Netty to create a lot garbage objects and, as a result, trigger GC.
	It is recommended to disable useCacheForAllThreads by setting -Dorg.apache.ratis.thirdparty.io.netty.allocator.useCacheForAllThreads=false in command line.
2022-03-03 07:23:48,688 [Listener at 127.0.0.1/44937] INFO  grpc.GrpcConfigKeys (ConfUtils.java:logGet(44)) - raft.grpc.admin.port = 0 (custom)
2022-03-03 07:23:48,688 [Listener at 127.0.0.1/44937] INFO  grpc.GrpcConfigKeys (ConfUtils.java:logGet(44)) - raft.grpc.client.port = 0 (custom)
2022-03-03 07:23:48,688 [Listener at 127.0.0.1/44937] INFO  grpc.GrpcConfigKeys (ConfUtils.java:logGet(44)) - raft.grpc.server.port = 0 (default)
2022-03-03 07:23:48,688 [Listener at 127.0.0.1/44937] INFO  server.GrpcService (ConfUtils.java:logGet(44)) - raft.grpc.message.size.max = 32MB (=33554432) (custom)
2022-03-03 07:23:48,689 [Listener at 127.0.0.1/44937] INFO  server.RaftServerConfigKeys (ConfUtils.java:logGet(44)) - raft.server.log.appender.buffer.byte-limit = 33554432 (custom)
2022-03-03 07:23:48,690 [Listener at 127.0.0.1/44937] INFO  server.GrpcService (ConfUtils.java:logGet(44)) - raft.grpc.flow.control.window = 5MB (=5242880) (custom)
2022-03-03 07:23:48,690 [Listener at 127.0.0.1/44937] INFO  server.RaftServerConfigKeys (ConfUtils.java:logGet(44)) - raft.server.rpc.request.timeout = 60s (custom)
2022-03-03 07:23:48,691 [Listener at 127.0.0.1/44937] INFO  impl.DataStreamServerImpl (ConfUtils.java:logGet(44)) - raft.datastream.type = DISABLED (default)
2022-03-03 07:23:48,692 [Listener at 127.0.0.1/44937] INFO  server.RaftServerConfigKeys (ConfUtils.java:logGet(44)) - raft.server.rpc.slowness.timeout = 300s (custom)
2022-03-03 07:23:48,692 [Listener at 127.0.0.1/44937] INFO  server.RaftServerConfigKeys (ConfUtils.java:logGet(44)) - raft.server.leaderelection.leader.step-down.wait-time = 10s (default)
2022-03-03 07:23:48,692 [Listener at 127.0.0.1/44937] INFO  server.RaftServerConfigKeys (ConfUtils.java:logGet(44)) - raft.server.storage.dir = [/home/runner/work/ozone/ozone/hadoop-ozone/integration-test/target/test-dir/MiniOzoneClusterImpl-73ba9704-0a97-4d3d-983a-0dacfed22b51/datanode-2/data/ratis] (custom)
2022-03-03 07:23:48,694 [Listener at 127.0.0.1/44937] INFO  server.XceiverServerGrpc (XceiverServerGrpc.java:<init>(132)) - GrpcServer channel type EpollServerSocketChannel
2022-03-03 07:23:48,699 [Listener at 127.0.0.1/44937] INFO  http.BaseHttpServer (BaseHttpServer.java:newHttpServer2BuilderForOzone(209)) - Starting Web-server for hddsDatanode at: http://0.0.0.0:0
2022-03-03 07:23:48,699 [Listener at 127.0.0.1/44937] INFO  http.BaseHttpServer (BaseHttpServer.java:<init>(107)) - Hadoop Security Enabled: false Ozone Security Enabled: false Ozone HTTP Security Enabled: false 
2022-03-03 07:23:48,701 [Listener at 127.0.0.1/44937] INFO  server.AuthenticationFilter (AuthenticationFilter.java:constructSecretProvider(240)) - Unable to initialize FileSignerSecretProvider, falling back to use random secrets.
2022-03-03 07:23:48,702 [Listener at 127.0.0.1/44937] WARN  http.HttpRequestLog (HttpRequestLog.java:getRequestLog(103)) - Jetty request log can only be enabled using Log4j
2022-03-03 07:23:48,703 [Listener at 127.0.0.1/44937] INFO  http.HttpServer2 (HttpServer2.java:addGlobalFilter(1030)) - Added global filter 'safety' (class=org.apache.hadoop.hdds.server.http.HttpServer2$QuotingInputFilter)
2022-03-03 07:23:48,704 [Listener at 127.0.0.1/44937] INFO  http.HttpServer2 (HttpServer2.java:addFilter(1006)) - Added filter static_user_filter (class=org.apache.hadoop.http.lib.StaticUserWebFilter$StaticUserFilter) to context hddsDatanode
2022-03-03 07:23:48,704 [Listener at 127.0.0.1/44937] INFO  http.HttpServer2 (HttpServer2.java:addFilter(1014)) - Added filter static_user_filter (class=org.apache.hadoop.http.lib.StaticUserWebFilter$StaticUserFilter) to context logs
2022-03-03 07:23:48,704 [Listener at 127.0.0.1/44937] INFO  http.HttpServer2 (HttpServer2.java:addFilter(1014)) - Added filter static_user_filter (class=org.apache.hadoop.http.lib.StaticUserWebFilter$StaticUserFilter) to context static
2022-03-03 07:23:48,705 [Listener at 127.0.0.1/44937] INFO  http.HttpServer2 (HttpServer2.java:bindListener(1249)) - Jetty bound to port 45499
2022-03-03 07:23:48,705 [Listener at 127.0.0.1/44937] INFO  server.Server (Server.java:doStart(375)) - jetty-9.4.43.v20210629; built: 2021-06-30T11:07:22.254Z; git: 526006ecfa3af7f1a27ef3a288e2bef7ea9dd7e8; jvm 1.8.0_322-b06
2022-03-03 07:23:48,707 [Listener at 127.0.0.1/44937] INFO  server.session (DefaultSessionIdManager.java:doStart(334)) - DefaultSessionIdManager workerName=node0
2022-03-03 07:23:48,707 [Listener at 127.0.0.1/44937] INFO  server.session (DefaultSessionIdManager.java:doStart(339)) - No SessionScavenger set, using defaults
2022-03-03 07:23:48,708 [Listener at 127.0.0.1/44937] INFO  server.session (HouseKeeper.java:startScavenging(132)) - node0 Scavenging every 660000ms
2022-03-03 07:23:48,709 [Listener at 127.0.0.1/44937] INFO  handler.ContextHandler (ContextHandler.java:doStart(915)) - Started o.e.j.s.ServletContextHandler@56c802bc{logs,/logs,file:///home/runner/work/ozone/ozone/hadoop-ozone/integration-test/target/log,AVAILABLE}
2022-03-03 07:23:48,710 [Listener at 127.0.0.1/44937] INFO  handler.ContextHandler (ContextHandler.java:doStart(915)) - Started o.e.j.s.ServletContextHandler@5ce4af92{static,/static,jar:file:/home/runner/.m2/repository/org/apache/ozone/hdds-container-service/1.3.0-SNAPSHOT/hdds-container-service-1.3.0-SNAPSHOT.jar!/webapps/static,AVAILABLE}
2022-03-03 07:23:48,758 [Listener at 127.0.0.1/44937] INFO  handler.ContextHandler (ContextHandler.java:doStart(915)) - Started o.e.j.w.WebAppContext@595bcc11{hddsDatanode,/,file:///tmp/jetty-0_0_0_0-45499-hdds-container-service-1_3_0-SNAPSHOT_jar-_-any-213543582810693188/webapp/,AVAILABLE}{jar:file:/home/runner/.m2/repository/org/apache/ozone/hdds-container-service/1.3.0-SNAPSHOT/hdds-container-service-1.3.0-SNAPSHOT.jar!/webapps/hddsDatanode}
2022-03-03 07:23:48,760 [Listener at 127.0.0.1/44937] INFO  server.AbstractConnector (AbstractConnector.java:doStart(331)) - Started ServerConnector@7f77a0d6{HTTP/1.1, (http/1.1)}{0.0.0.0:45499}
2022-03-03 07:23:48,760 [Listener at 127.0.0.1/44937] INFO  server.Server (Server.java:doStart(415)) - Started @20286ms
2022-03-03 07:23:48,760 [Listener at 127.0.0.1/44937] WARN  impl.MetricsSystemImpl (MetricsSystemImpl.java:register(279)) - Sink prometheus already exists!
2022-03-03 07:23:48,761 [Listener at 127.0.0.1/44937] INFO  http.BaseHttpServer (BaseHttpServer.java:updateConnectorAddress(329)) - HTTP server of hddsDatanode listening at http://0.0.0.0:45499
2022-03-03 07:23:48,761 [Datanode State Machine Daemon Thread] INFO  statemachine.DatanodeStateMachine (DatanodeStateMachine.java:lambda$startDaemon$0(470)) - Ozone container server started.
2022-03-03 07:23:48,765 [Listener at 127.0.0.1/44937] INFO  ozone.MiniOzoneClusterImpl (MiniOzoneClusterImpl.java:lambda$waitForClusterToBeReady$0(219)) - Waiting for nodes to be ready. Got 0 of 3 DN Heartbeats.
2022-03-03 07:23:48,765 [Listener at 127.0.0.1/44937] INFO  ozone.MiniOzoneClusterImpl (MiniOzoneClusterImpl.java:lambda$waitForClusterToBeReady$0(222)) - Waiting for cluster to exit safe mode
2022-03-03 07:23:48,765 [Listener at 127.0.0.1/44937] INFO  ozone.MiniOzoneClusterImpl (MiniOzoneClusterImpl.java:lambda$waitForClusterToBeReady$0(224)) - SCM became leader
2022-03-03 07:23:48,771 [org.apache.hadoop.util.JvmPauseMonitor$Monitor@185e89f2] INFO  util.JvmPauseMonitor (JvmPauseMonitor.java:run(188)) - Starting JVM pause monitor
2022-03-03 07:23:48,774 [Datanode State Machine Task Thread - 0] INFO  datanode.InitDatanodeState (InitDatanodeState.java:persistContainerDatanodeDetails(138)) - DatanodeDetails is persisted to /home/runner/work/ozone/ozone/hadoop-ozone/integration-test/target/test-dir/MiniOzoneClusterImpl-73ba9704-0a97-4d3d-983a-0dacfed22b51/datanode-2/meta/datanode.id
2022-03-03 07:23:49,307 [omNode-3@group-523986131536-FollowerState] INFO  impl.FollowerState (FollowerState.java:run(134)) - omNode-3@group-523986131536-FollowerState: change to CANDIDATE, lastRpcElapsedTime:1047607560ns, electionTimeout:1030ms
2022-03-03 07:23:49,307 [omNode-3@group-523986131536-FollowerState] INFO  impl.RoleInfo (RoleInfo.java:shutdownFollowerState(108)) - omNode-3: shutdown omNode-3@group-523986131536-FollowerState
2022-03-03 07:23:49,307 [omNode-3@group-523986131536-FollowerState] INFO  server.RaftServer$Division (RaftServerImpl.java:setRole(290)) - omNode-3@group-523986131536: changes role from  FOLLOWER to CANDIDATE at term 1 for changeToCandidate
2022-03-03 07:23:49,311 [omNode-3@group-523986131536-FollowerState] INFO  server.RaftServerConfigKeys (ConfUtils.java:logGet(44)) - raft.server.leaderelection.pre-vote = false (custom)
2022-03-03 07:23:49,311 [omNode-3@group-523986131536-FollowerState] INFO  impl.RoleInfo (RoleInfo.java:updateAndGet(130)) - omNode-3: start omNode-3@group-523986131536-LeaderElection6
2022-03-03 07:23:49,315 [omNode-3@group-523986131536-LeaderElection6] INFO  impl.LeaderElection (LeaderElection.java:askForVotes(306)) - omNode-3@group-523986131536-LeaderElection6 ELECTION round 0: submit vote requests at term 2 for -1: [omNode-3|rpc:localhost:45161|priority:0, omNode-1|rpc:localhost:38685|priority:0, omNode-2|rpc:localhost:34483|priority:0], old=null
2022-03-03 07:23:49,321 [grpc-default-executor-4] INFO  server.RaftServer$Division (RaftServerImpl.java:requestVote(1046)) - omNode-1@group-523986131536: receive requestVote(ELECTION, omNode-3, group-523986131536, 2, (t:0, i:~))
2022-03-03 07:23:49,321 [grpc-default-executor-4] INFO  impl.VoteContext (VoteContext.java:log(48)) - omNode-1@group-523986131536-FOLLOWER: accept ELECTION from omNode-3: our priority 0 <= candidate's priority 0
2022-03-03 07:23:49,321 [grpc-default-executor-4] INFO  server.RaftServer$Division (RaftServerImpl.java:setRole(290)) - omNode-1@group-523986131536: changes role from  FOLLOWER to FOLLOWER at term 2 for candidate:omNode-3
2022-03-03 07:23:49,321 [grpc-default-executor-4] INFO  impl.RoleInfo (RoleInfo.java:shutdownFollowerState(108)) - omNode-1: shutdown omNode-1@group-523986131536-FollowerState
2022-03-03 07:23:49,321 [grpc-default-executor-4] INFO  impl.RoleInfo (RoleInfo.java:updateAndGet(130)) - omNode-1: start omNode-1@group-523986131536-FollowerState
2022-03-03 07:23:49,322 [omNode-1@group-523986131536-FollowerState] INFO  impl.FollowerState (FollowerState.java:run(143)) - omNode-1@group-523986131536-FollowerState was interrupted: {}
java.lang.InterruptedException: sleep interrupted
	at java.lang.Thread.sleep(Native Method)
	at java.lang.Thread.sleep(Thread.java:342)
	at java.util.concurrent.TimeUnit.sleep(TimeUnit.java:386)
	at org.apache.ratis.util.TimeDuration.sleep(TimeDuration.java:324)
	at org.apache.ratis.util.TimeDuration.sleep(TimeDuration.java:309)
	at org.apache.ratis.server.impl.FollowerState.run(FollowerState.java:118)
2022-03-03 07:23:49,326 [grpc-default-executor-0] INFO  server.RaftServer$Division (RaftServerImpl.java:requestVote(1046)) - omNode-2@group-523986131536: receive requestVote(ELECTION, omNode-3, group-523986131536, 2, (t:0, i:~))
2022-03-03 07:23:49,326 [grpc-default-executor-0] INFO  impl.VoteContext (VoteContext.java:log(48)) - omNode-2@group-523986131536-FOLLOWER: accept ELECTION from omNode-3: our priority 0 <= candidate's priority 0
2022-03-03 07:23:49,327 [grpc-default-executor-0] INFO  server.RaftServer$Division (RaftServerImpl.java:setRole(290)) - omNode-2@group-523986131536: changes role from  FOLLOWER to FOLLOWER at term 2 for candidate:omNode-3
2022-03-03 07:23:49,327 [grpc-default-executor-0] INFO  impl.RoleInfo (RoleInfo.java:shutdownFollowerState(108)) - omNode-2: shutdown omNode-2@group-523986131536-FollowerState
2022-03-03 07:23:49,327 [grpc-default-executor-0] INFO  impl.RoleInfo (RoleInfo.java:updateAndGet(130)) - omNode-2: start omNode-2@group-523986131536-FollowerState
2022-03-03 07:23:49,327 [omNode-2@group-523986131536-FollowerState] INFO  impl.FollowerState (FollowerState.java:run(143)) - omNode-2@group-523986131536-FollowerState was interrupted: {}
java.lang.InterruptedException: sleep interrupted
	at java.lang.Thread.sleep(Native Method)
	at java.lang.Thread.sleep(Thread.java:342)
	at java.util.concurrent.TimeUnit.sleep(TimeUnit.java:386)
	at org.apache.ratis.util.TimeDuration.sleep(TimeDuration.java:324)
	at org.apache.ratis.util.TimeDuration.sleep(TimeDuration.java:309)
	at org.apache.ratis.server.impl.FollowerState.run(FollowerState.java:118)
2022-03-03 07:23:49,330 [grpc-default-executor-4] INFO  server.RaftServer$Division (RaftServerImpl.java:requestVote(1078)) - omNode-1@group-523986131536 replies to ELECTION vote request: omNode-3<-omNode-1#0:OK-t2. Peer's state: omNode-1@group-523986131536:t2, leader=null, voted=omNode-3, raftlog=omNode-1@group-523986131536-SegmentedRaftLog:OPENED:c-1, conf=-1: [omNode-3|rpc:localhost:45161|priority:0, omNode-1|rpc:localhost:38685|priority:0, omNode-2|rpc:localhost:34483|priority:0], old=null
2022-03-03 07:23:49,332 [grpc-default-executor-0] INFO  server.RaftServer$Division (RaftServerImpl.java:requestVote(1078)) - omNode-2@group-523986131536 replies to ELECTION vote request: omNode-3<-omNode-2#0:OK-t2. Peer's state: omNode-2@group-523986131536:t2, leader=null, voted=omNode-3, raftlog=omNode-2@group-523986131536-SegmentedRaftLog:OPENED:c-1, conf=-1: [omNode-3|rpc:localhost:45161|priority:0, omNode-1|rpc:localhost:38685|priority:0, omNode-2|rpc:localhost:34483|priority:0], old=null
2022-03-03 07:23:49,335 [omNode-3@group-523986131536-LeaderElection6] INFO  impl.LeaderElection (LeaderElection.java:logAndReturn(89)) - omNode-3@group-523986131536-LeaderElection6: ELECTION PASSED received 1 response(s) and 0 exception(s):
2022-03-03 07:23:49,335 [omNode-3@group-523986131536-LeaderElection6] INFO  impl.LeaderElection (LeaderElection.java:logAndReturn(93)) -   Response 0: omNode-3<-omNode-2#0:OK-t2
2022-03-03 07:23:49,335 [omNode-3@group-523986131536-LeaderElection6] INFO  impl.LeaderElection (LeaderElection.java:askForVotes(308)) - omNode-3@group-523986131536-LeaderElection6 ELECTION round 0: result PASSED
2022-03-03 07:23:49,335 [omNode-3@group-523986131536-LeaderElection6] INFO  impl.RoleInfo (RoleInfo.java:shutdownLeaderElection(121)) - omNode-3: shutdown omNode-3@group-523986131536-LeaderElection6
2022-03-03 07:23:49,336 [omNode-3@group-523986131536-LeaderElection6] INFO  server.RaftServer$Division (RaftServerImpl.java:setRole(290)) - omNode-3@group-523986131536: changes role from CANDIDATE to LEADER at term 2 for changeToLeader
2022-03-03 07:23:49,336 [omNode-3@group-523986131536-LeaderElection6] INFO  server.RaftServer$Division (ServerState.java:setLeader(285)) - omNode-3@group-523986131536: change Leader from null to omNode-3 at term 2 for becomeLeader, leader elected after 2431ms
2022-03-03 07:23:49,337 [omNode-3@group-523986131536-LeaderElection6] INFO  server.RaftServerConfigKeys (ConfUtils.java:logGet(44)) - raft.server.staging.catchup.gap = 1000 (default)
2022-03-03 07:23:49,337 [omNode-3@group-523986131536-LeaderElection6] INFO  server.RaftServerConfigKeys (ConfUtils.java:logGet(44)) - raft.server.write.element-limit = 4096 (default)
2022-03-03 07:23:49,337 [omNode-3@group-523986131536-LeaderElection6] INFO  server.RaftServerConfigKeys (ConfUtils.java:logGet(44)) - raft.server.write.byte-limit = 64MB (=67108864) (default)
2022-03-03 07:23:49,338 [omNode-3@group-523986131536-LeaderElection6] INFO  server.RaftServerConfigKeys (ConfUtils.java:logGet(44)) - raft.server.watch.timeout = 10s (default)
2022-03-03 07:23:49,338 [omNode-3@group-523986131536-LeaderElection6] INFO  server.RaftServerConfigKeys (ConfUtils.java:logGet(44)) - raft.server.watch.timeout.denomination = 1s (default)
2022-03-03 07:23:49,338 [omNode-3@group-523986131536-LeaderElection6] INFO  server.RaftServerConfigKeys (ConfUtils.java:logGet(44)) - raft.server.watch.element-limit = 65536 (default)
2022-03-03 07:23:49,338 [omNode-3@group-523986131536-LeaderElection6] INFO  server.RaftServerConfigKeys (ConfUtils.java:logGet(44)) - raft.server.write.element-limit = 4096 (default)
2022-03-03 07:23:49,338 [omNode-3@group-523986131536-LeaderElection6] INFO  server.RaftServerConfigKeys (ConfUtils.java:logGet(44)) - raft.server.write.follower.gap.ratio.max = -1.0 (default)
2022-03-03 07:23:49,344 [omNode-3@group-523986131536-LeaderElection6] INFO  server.RaftServerConfigKeys (ConfUtils.java:logGet(44)) - raft.server.log.appender.snapshot.chunk.size.max = 16MB (=16777216) (default)
2022-03-03 07:23:49,344 [omNode-3@group-523986131536-LeaderElection6] INFO  server.RaftServerConfigKeys (ConfUtils.java:logGet(44)) - raft.server.log.appender.buffer.byte-limit = 33554432 (custom)
2022-03-03 07:23:49,344 [omNode-3@group-523986131536-LeaderElection6] INFO  server.RaftServerConfigKeys (ConfUtils.java:logGet(44)) - raft.server.log.appender.buffer.element-limit = 1024 (custom)
2022-03-03 07:23:49,347 [omNode-3@group-523986131536-LeaderElection6] INFO  grpc.GrpcConfigKeys (ConfUtils.java:logGet(44)) - raft.grpc.server.leader.outstanding.appends.max = 128 (default)
2022-03-03 07:23:49,348 [omNode-3@group-523986131536-LeaderElection6] INFO  server.RaftServerConfigKeys (ConfUtils.java:logGet(44)) - raft.server.rpc.request.timeout = 3000ms (default)
2022-03-03 07:23:49,348 [omNode-3@group-523986131536-LeaderElection6] INFO  server.RaftServerConfigKeys (ConfUtils.java:logGet(44)) - raft.server.log.appender.install.snapshot.enabled = false (custom)
2022-03-03 07:23:49,353 [omNode-3@group-523986131536-LeaderElection6] INFO  server.RaftServerConfigKeys (ConfUtils.java:logGet(44)) - raft.server.log.appender.snapshot.chunk.size.max = 16MB (=16777216) (default)
2022-03-03 07:23:49,353 [omNode-3@group-523986131536-LeaderElection6] INFO  server.RaftServerConfigKeys (ConfUtils.java:logGet(44)) - raft.server.log.appender.buffer.byte-limit = 33554432 (custom)
2022-03-03 07:23:49,353 [omNode-3@group-523986131536-LeaderElection6] INFO  server.RaftServerConfigKeys (ConfUtils.java:logGet(44)) - raft.server.log.appender.buffer.element-limit = 1024 (custom)
2022-03-03 07:23:49,353 [omNode-3@group-523986131536-LeaderElection6] INFO  grpc.GrpcConfigKeys (ConfUtils.java:logGet(44)) - raft.grpc.server.leader.outstanding.appends.max = 128 (default)
2022-03-03 07:23:49,353 [omNode-3@group-523986131536-LeaderElection6] INFO  server.RaftServerConfigKeys (ConfUtils.java:logGet(44)) - raft.server.rpc.request.timeout = 3000ms (default)
2022-03-03 07:23:49,354 [omNode-3@group-523986131536-LeaderElection6] INFO  server.RaftServerConfigKeys (ConfUtils.java:logGet(44)) - raft.server.log.appender.install.snapshot.enabled = false (custom)
2022-03-03 07:23:49,356 [omNode-3@group-523986131536-LeaderElection6] INFO  impl.RoleInfo (RoleInfo.java:updateAndGet(130)) - omNode-3: start omNode-3@group-523986131536-LeaderStateImpl
2022-03-03 07:23:49,357 [omNode-3@group-523986131536-LeaderElection6] INFO  segmented.SegmentedRaftLogWorker (SegmentedRaftLogWorker.java:startLogSegment(394)) - omNode-3@group-523986131536-SegmentedRaftLogWorker: Starting segment from index:0
2022-03-03 07:23:49,365 [omNode-3@group-523986131536-LeaderElection6] INFO  server.RaftServer$Division (ServerState.java:setRaftConf(387)) - omNode-3@group-523986131536: set configuration 0: [omNode-3|rpc:localhost:45161|admin:|client:|dataStream:|priority:0, omNode-1|rpc:localhost:38685|admin:|client:|dataStream:|priority:0, omNode-2|rpc:localhost:34483|admin:|client:|dataStream:|priority:0], old=null
2022-03-03 07:23:49,370 [omNode-3@group-523986131536-SegmentedRaftLogWorker] INFO  segmented.SegmentedRaftLogWorker (SegmentedRaftLogWorker.java:execute(601)) - omNode-3@group-523986131536-SegmentedRaftLogWorker: created new log segment /home/runner/work/ozone/ozone/hadoop-ozone/integration-test/target/test-dir/MiniOzoneClusterImpl-73ba9704-0a97-4d3d-983a-0dacfed22b51/omNode-3/ratis/c9bc4cf4-3bc3-3c60-a66b-523986131536/current/log_inprogress_0
2022-03-03 07:23:49,436 [grpc-default-executor-4] INFO  server.RaftServer$Division (ServerState.java:setLeader(285)) - omNode-1@group-523986131536: change Leader from null to omNode-3 at term 2 for appendEntries, leader elected after 3464ms
2022-03-03 07:23:49,446 [grpc-default-executor-0] INFO  server.RaftServer$Division (ServerState.java:setLeader(285)) - omNode-2@group-523986131536: change Leader from null to omNode-3 at term 2 for appendEntries, leader elected after 2902ms
2022-03-03 07:23:49,462 [grpc-default-executor-3] INFO  server.RaftServer$Division (ServerState.java:setRaftConf(387)) - omNode-1@group-523986131536: set configuration 0: [omNode-3|rpc:localhost:45161|admin:|client:|dataStream:|priority:0, omNode-1|rpc:localhost:38685|admin:|client:|dataStream:|priority:0, omNode-2|rpc:localhost:34483|admin:|client:|dataStream:|priority:0], old=null
2022-03-03 07:23:49,464 [grpc-default-executor-4] INFO  server.RaftServer$Division (ServerState.java:setRaftConf(387)) - omNode-2@group-523986131536: set configuration 0: [omNode-3|rpc:localhost:45161|admin:|client:|dataStream:|priority:0, omNode-1|rpc:localhost:38685|admin:|client:|dataStream:|priority:0, omNode-2|rpc:localhost:34483|admin:|client:|dataStream:|priority:0], old=null
2022-03-03 07:23:49,464 [grpc-default-executor-3] INFO  segmented.SegmentedRaftLogWorker (SegmentedRaftLogWorker.java:startLogSegment(394)) - omNode-1@group-523986131536-SegmentedRaftLogWorker: Starting segment from index:0
2022-03-03 07:23:49,464 [grpc-default-executor-4] INFO  segmented.SegmentedRaftLogWorker (SegmentedRaftLogWorker.java:startLogSegment(394)) - omNode-2@group-523986131536-SegmentedRaftLogWorker: Starting segment from index:0
2022-03-03 07:23:49,484 [omNode-1@group-523986131536-SegmentedRaftLogWorker] INFO  segmented.SegmentedRaftLogWorker (SegmentedRaftLogWorker.java:execute(601)) - omNode-1@group-523986131536-SegmentedRaftLogWorker: created new log segment /home/runner/work/ozone/ozone/hadoop-ozone/integration-test/target/test-dir/MiniOzoneClusterImpl-73ba9704-0a97-4d3d-983a-0dacfed22b51/omNode-1/ratis/c9bc4cf4-3bc3-3c60-a66b-523986131536/current/log_inprogress_0
2022-03-03 07:23:49,485 [omNode-2@group-523986131536-SegmentedRaftLogWorker] INFO  segmented.SegmentedRaftLogWorker (SegmentedRaftLogWorker.java:execute(601)) - omNode-2@group-523986131536-SegmentedRaftLogWorker: created new log segment /home/runner/work/ozone/ozone/hadoop-ozone/integration-test/target/test-dir/MiniOzoneClusterImpl-73ba9704-0a97-4d3d-983a-0dacfed22b51/omNode-2/ratis/c9bc4cf4-3bc3-3c60-a66b-523986131536/current/log_inprogress_0
2022-03-03 07:23:49,548 [omNode-2@group-523986131536-StateMachineUpdater] INFO  ratis.OzoneManagerStateMachine (OzoneManagerStateMachine.java:notifyConfigurationChanged(188)) - Received Configuration change notification from Ratis. New Peer list:
[id: "omNode-3"
address: "localhost:45161"
, id: "omNode-1"
address: "localhost:38685"
, id: "omNode-2"
address: "localhost:34483"
]
2022-03-03 07:23:49,550 [omNode-3@group-523986131536-StateMachineUpdater] INFO  ratis.OzoneManagerStateMachine (OzoneManagerStateMachine.java:notifyConfigurationChanged(188)) - Received Configuration change notification from Ratis. New Peer list:
[id: "omNode-3"
address: "localhost:45161"
, id: "omNode-1"
address: "localhost:38685"
, id: "omNode-2"
address: "localhost:34483"
]
2022-03-03 07:23:49,548 [omNode-1@group-523986131536-StateMachineUpdater] INFO  ratis.OzoneManagerStateMachine (OzoneManagerStateMachine.java:notifyConfigurationChanged(188)) - Received Configuration change notification from Ratis. New Peer list:
[id: "omNode-3"
address: "localhost:45161"
, id: "omNode-1"
address: "localhost:38685"
, id: "omNode-2"
address: "localhost:34483"
]
2022-03-03 07:23:49,765 [Listener at 127.0.0.1/44937] INFO  ozone.MiniOzoneClusterImpl (MiniOzoneClusterImpl.java:lambda$waitForClusterToBeReady$0(219)) - Waiting for nodes to be ready. Got 0 of 3 DN Heartbeats.
2022-03-03 07:23:49,765 [Listener at 127.0.0.1/44937] INFO  ozone.MiniOzoneClusterImpl (MiniOzoneClusterImpl.java:lambda$waitForClusterToBeReady$0(222)) - Waiting for cluster to exit safe mode
2022-03-03 07:23:49,766 [Listener at 127.0.0.1/44937] INFO  ozone.MiniOzoneClusterImpl (MiniOzoneClusterImpl.java:lambda$waitForClusterToBeReady$0(224)) - SCM became leader
2022-03-03 07:23:50,263 [EndpointStateMachine task thread for /0.0.0.0:41895 - 0 ] INFO  ozoneimpl.OzoneContainer (OzoneContainer.java:start(335)) - Attempting to start container services.
2022-03-03 07:23:50,266 [EndpointStateMachine task thread for /0.0.0.0:41895 - 0 ] INFO  ozoneimpl.OzoneContainer (OzoneContainer.java:startContainerScrub(270)) - Background container scanner has been disabled.
2022-03-03 07:23:50,270 [EndpointStateMachine task thread for /0.0.0.0:41895 - 0 ] INFO  replication.ReplicationServer (ReplicationServer.java:start(111)) - ReplicationServer is started using port 38615
2022-03-03 07:23:50,274 [EndpointStateMachine task thread for /0.0.0.0:41895 - 0 ] INFO  ratis.XceiverServerRatis (XceiverServerRatis.java:start(485)) - Starting XceiverServerRatis 126ab421-4020-4271-89f3-e896157a4564
2022-03-03 07:23:50,275 [EndpointStateMachine task thread for /0.0.0.0:41895 - 0 ] INFO  server.RaftServer (RaftServerProxy.java:lambda$start$5(374)) - 126ab421-4020-4271-89f3-e896157a4564: start RPC server
2022-03-03 07:23:50,282 [EndpointStateMachine task thread for /0.0.0.0:41895 - 0 ] INFO  server.GrpcService (GrpcService.java:startImpl(253)) - 126ab421-4020-4271-89f3-e896157a4564: GrpcService started, listening on 39419
2022-03-03 07:23:50,288 [EndpointStateMachine task thread for /0.0.0.0:41895 - 0 ] INFO  ratis.XceiverServerRatis (XceiverServerRatis.java:getRealPort(506)) - XceiverServerRatis 126ab421-4020-4271-89f3-e896157a4564 is started using port 39419 for RATIS
2022-03-03 07:23:50,288 [EndpointStateMachine task thread for /0.0.0.0:41895 - 0 ] INFO  ratis.XceiverServerRatis (XceiverServerRatis.java:getRealPort(506)) - XceiverServerRatis 126ab421-4020-4271-89f3-e896157a4564 is started using port 39419 for RATIS_ADMIN
2022-03-03 07:23:50,288 [EndpointStateMachine task thread for /0.0.0.0:41895 - 0 ] INFO  ratis.XceiverServerRatis (XceiverServerRatis.java:getRealPort(506)) - XceiverServerRatis 126ab421-4020-4271-89f3-e896157a4564 is started using port 39419 for RATIS_SERVER
2022-03-03 07:23:50,289 [org.apache.ratis.util.JvmPauseMonitor$$Lambda$422/311185452@2455f796] INFO  util.JvmPauseMonitor (JvmPauseMonitor.java:run(103)) - JvmPauseMonitor-126ab421-4020-4271-89f3-e896157a4564: Started
2022-03-03 07:23:50,292 [EndpointStateMachine task thread for /0.0.0.0:41895 - 0 ] INFO  server.XceiverServerGrpc (XceiverServerGrpc.java:start(180)) - XceiverServerGrpc 126ab421-4020-4271-89f3-e896157a4564 is started using port 38849
2022-03-03 07:23:50,560 [EndpointStateMachine task thread for /0.0.0.0:41895 - 0 ] INFO  ozoneimpl.OzoneContainer (OzoneContainer.java:start(335)) - Attempting to start container services.
2022-03-03 07:23:50,560 [EndpointStateMachine task thread for /0.0.0.0:41895 - 0 ] INFO  ozoneimpl.OzoneContainer (OzoneContainer.java:startContainerScrub(270)) - Background container scanner has been disabled.
2022-03-03 07:23:50,562 [EndpointStateMachine task thread for /0.0.0.0:41895 - 0 ] INFO  replication.ReplicationServer (ReplicationServer.java:start(111)) - ReplicationServer is started using port 35947
2022-03-03 07:23:50,564 [EndpointStateMachine task thread for /0.0.0.0:41895 - 0 ] INFO  ratis.XceiverServerRatis (XceiverServerRatis.java:start(485)) - Starting XceiverServerRatis 5d798457-e9ee-4751-9538-7a6d36474688
2022-03-03 07:23:50,567 [EndpointStateMachine task thread for /0.0.0.0:41895 - 0 ] INFO  server.RaftServer (RaftServerProxy.java:lambda$start$5(374)) - 5d798457-e9ee-4751-9538-7a6d36474688: start RPC server
2022-03-03 07:23:50,569 [EndpointStateMachine task thread for /0.0.0.0:41895 - 0 ] INFO  server.GrpcService (GrpcService.java:startImpl(253)) - 5d798457-e9ee-4751-9538-7a6d36474688: GrpcService started, listening on 41069
2022-03-03 07:23:50,569 [EndpointStateMachine task thread for /0.0.0.0:41895 - 0 ] INFO  ratis.XceiverServerRatis (XceiverServerRatis.java:getRealPort(506)) - XceiverServerRatis 5d798457-e9ee-4751-9538-7a6d36474688 is started using port 41069 for RATIS
2022-03-03 07:23:50,569 [org.apache.ratis.util.JvmPauseMonitor$$Lambda$422/311185452@27dec1bf] INFO  util.JvmPauseMonitor (JvmPauseMonitor.java:run(103)) - JvmPauseMonitor-5d798457-e9ee-4751-9538-7a6d36474688: Started
2022-03-03 07:23:50,569 [EndpointStateMachine task thread for /0.0.0.0:41895 - 0 ] INFO  ratis.XceiverServerRatis (XceiverServerRatis.java:getRealPort(506)) - XceiverServerRatis 5d798457-e9ee-4751-9538-7a6d36474688 is started using port 41069 for RATIS_ADMIN
2022-03-03 07:23:50,570 [EndpointStateMachine task thread for /0.0.0.0:41895 - 0 ] INFO  ratis.XceiverServerRatis (XceiverServerRatis.java:getRealPort(506)) - XceiverServerRatis 5d798457-e9ee-4751-9538-7a6d36474688 is started using port 41069 for RATIS_SERVER
2022-03-03 07:23:50,571 [EndpointStateMachine task thread for /0.0.0.0:41895 - 0 ] INFO  server.XceiverServerGrpc (XceiverServerGrpc.java:start(180)) - XceiverServerGrpc 5d798457-e9ee-4751-9538-7a6d36474688 is started using port 38567
2022-03-03 07:23:50,766 [Listener at 127.0.0.1/44937] INFO  ozone.MiniOzoneClusterImpl (MiniOzoneClusterImpl.java:lambda$waitForClusterToBeReady$0(219)) - Waiting for nodes to be ready. Got 0 of 3 DN Heartbeats.
2022-03-03 07:23:50,766 [Listener at 127.0.0.1/44937] INFO  ozone.MiniOzoneClusterImpl (MiniOzoneClusterImpl.java:lambda$waitForClusterToBeReady$0(222)) - Waiting for cluster to exit safe mode
2022-03-03 07:23:50,766 [Listener at 127.0.0.1/44937] INFO  ozone.MiniOzoneClusterImpl (MiniOzoneClusterImpl.java:lambda$waitForClusterToBeReady$0(224)) - SCM became leader
2022-03-03 07:23:50,777 [EndpointStateMachine task thread for /0.0.0.0:41895 - 0 ] INFO  ozoneimpl.OzoneContainer (OzoneContainer.java:start(335)) - Attempting to start container services.
2022-03-03 07:23:50,777 [EndpointStateMachine task thread for /0.0.0.0:41895 - 0 ] INFO  ozoneimpl.OzoneContainer (OzoneContainer.java:startContainerScrub(270)) - Background container scanner has been disabled.
2022-03-03 07:23:50,779 [EndpointStateMachine task thread for /0.0.0.0:41895 - 0 ] INFO  replication.ReplicationServer (ReplicationServer.java:start(111)) - ReplicationServer is started using port 33243
2022-03-03 07:23:50,780 [EndpointStateMachine task thread for /0.0.0.0:41895 - 0 ] INFO  ratis.XceiverServerRatis (XceiverServerRatis.java:start(485)) - Starting XceiverServerRatis f349b4ca-06a6-4713-ab55-585a61bac57c
2022-03-03 07:23:50,780 [EndpointStateMachine task thread for /0.0.0.0:41895 - 0 ] INFO  server.RaftServer (RaftServerProxy.java:lambda$start$5(374)) - f349b4ca-06a6-4713-ab55-585a61bac57c: start RPC server
2022-03-03 07:23:50,781 [EndpointStateMachine task thread for /0.0.0.0:41895 - 0 ] INFO  server.GrpcService (GrpcService.java:startImpl(253)) - f349b4ca-06a6-4713-ab55-585a61bac57c: GrpcService started, listening on 45745
2022-03-03 07:23:50,782 [EndpointStateMachine task thread for /0.0.0.0:41895 - 0 ] INFO  ratis.XceiverServerRatis (XceiverServerRatis.java:getRealPort(506)) - XceiverServerRatis f349b4ca-06a6-4713-ab55-585a61bac57c is started using port 45745 for RATIS
2022-03-03 07:23:50,782 [EndpointStateMachine task thread for /0.0.0.0:41895 - 0 ] INFO  ratis.XceiverServerRatis (XceiverServerRatis.java:getRealPort(506)) - XceiverServerRatis f349b4ca-06a6-4713-ab55-585a61bac57c is started using port 45745 for RATIS_ADMIN
2022-03-03 07:23:50,782 [EndpointStateMachine task thread for /0.0.0.0:41895 - 0 ] INFO  ratis.XceiverServerRatis (XceiverServerRatis.java:getRealPort(506)) - XceiverServerRatis f349b4ca-06a6-4713-ab55-585a61bac57c is started using port 45745 for RATIS_SERVER
2022-03-03 07:23:50,782 [org.apache.ratis.util.JvmPauseMonitor$$Lambda$422/311185452@203939d6] INFO  util.JvmPauseMonitor (JvmPauseMonitor.java:run(103)) - JvmPauseMonitor-f349b4ca-06a6-4713-ab55-585a61bac57c: Started
2022-03-03 07:23:50,784 [EndpointStateMachine task thread for /0.0.0.0:41895 - 0 ] INFO  server.XceiverServerGrpc (XceiverServerGrpc.java:start(180)) - XceiverServerGrpc f349b4ca-06a6-4713-ab55-585a61bac57c is started using port 43679
2022-03-03 07:23:51,767 [Listener at 127.0.0.1/44937] INFO  ozone.MiniOzoneClusterImpl (MiniOzoneClusterImpl.java:lambda$waitForClusterToBeReady$0(219)) - Waiting for nodes to be ready. Got 0 of 3 DN Heartbeats.
2022-03-03 07:23:51,767 [Listener at 127.0.0.1/44937] INFO  ozone.MiniOzoneClusterImpl (MiniOzoneClusterImpl.java:lambda$waitForClusterToBeReady$0(222)) - Waiting for cluster to exit safe mode
2022-03-03 07:23:51,767 [Listener at 127.0.0.1/44937] INFO  ozone.MiniOzoneClusterImpl (MiniOzoneClusterImpl.java:lambda$waitForClusterToBeReady$0(224)) - SCM became leader
2022-03-03 07:23:52,237 [IPC Server handler 18 on default port 41895] INFO  net.NetworkTopologyImpl (NetworkTopologyImpl.java:add(112)) - Added a new node: /default-rack/126ab421-4020-4271-89f3-e896157a4564
2022-03-03 07:23:52,239 [IPC Server handler 18 on default port 41895] INFO  node.SCMNodeManager (SCMNodeManager.java:register(391)) - Registered Data node : 126ab421-4020-4271-89f3-e896157a4564{ip: 10.1.0.15, host: fv-az501-749.rsswf2em5frezlg3dkjt5mgqaf.dx.internal.cloudapp.net, ports: [REPLICATION=38615, RATIS=39419, RATIS_ADMIN=39419, RATIS_SERVER=39419, STANDALONE=38849], networkLocation: /default-rack, certSerialId: null, persistedOpState: null, persistedOpStateExpiryEpochSec: 0}
2022-03-03 07:23:52,246 [EventQueue-NewNodeForNewNodeHandler] INFO  pipeline.BackgroundPipelineCreator (BackgroundPipelineCreator.java:notifyEventTriggered(285)) - trigger a one-shot run on RatisPipelineUtilsThread.
2022-03-03 07:23:52,261 [EventQueue-NodeRegistrationContainerReportForContainerSafeModeRule] INFO  safemode.SCMSafeModeManager (SCMSafeModeManager.java:validateSafeModeExitRules(204)) - ContainerSafeModeRule rule is successfully validated
2022-03-03 07:23:52,263 [RatisPipelineUtilsThread - 0] INFO  pipeline.RatisPipelineProvider (RatisPipelineProvider.java:lambda$create$0(183)) - Sending CreatePipelineCommand for pipeline:PipelineID=dad582cf-8d76-4865-bab6-4e6979e03b06 to datanode:126ab421-4020-4271-89f3-e896157a4564
2022-03-03 07:23:52,264 [EventQueue-NodeRegistrationContainerReportForDataNodeSafeModeRule] INFO  safemode.SCMSafeModeManager (DataNodeSafeModeRule.java:process(71)) - SCM in safe mode. 1 DataNodes registered, 3 required.
2022-03-03 07:23:52,274 [EventQueue-PipelineReportForOneReplicaPipelineSafeModeRule] INFO  safemode.SCMSafeModeManager (SCMSafeModeManager.java:validateSafeModeExitRules(204)) - AtleastOneDatanodeReportedRule rule is successfully validated
2022-03-03 07:23:52,407 [d78b0498-37f7-42fa-abe7-9e1e0a9796db@group-0DACFED22B51-StateMachineUpdater] INFO  pipeline.PipelineStateManagerImpl (PipelineStateManagerImpl.java:addPipeline(101)) - Created pipeline Pipeline[ Id: dad582cf-8d76-4865-bab6-4e6979e03b06, Nodes: 126ab421-4020-4271-89f3-e896157a4564{ip: 10.1.0.15, host: fv-az501-749.rsswf2em5frezlg3dkjt5mgqaf.dx.internal.cloudapp.net, ports: [REPLICATION=38615, RATIS=39419, RATIS_ADMIN=39419, RATIS_SERVER=39419, STANDALONE=38849], networkLocation: /default-rack, certSerialId: null, persistedOpState: IN_SERVICE, persistedOpStateExpiryEpochSec: 0}, ReplicationConfig: RATIS/ONE, State:ALLOCATED, leaderId:, CreationTimestamp2022-03-03T07:23:52.259Z[Etc/UTC]].
2022-03-03 07:23:52,408 [d78b0498-37f7-42fa-abe7-9e1e0a9796db@group-0DACFED22B51-StateMachineUpdater] INFO  safemode.HealthyPipelineSafeModeRule (HealthyPipelineSafeModeRule.java:initializeRule(152)) - Refreshed total pipeline count is 0, healthy pipeline threshold count is 1
2022-03-03 07:23:52,556 [IPC Server handler 19 on default port 41895] INFO  net.NetworkTopologyImpl (NetworkTopologyImpl.java:add(112)) - Added a new node: /default-rack/5d798457-e9ee-4751-9538-7a6d36474688
2022-03-03 07:23:52,557 [IPC Server handler 19 on default port 41895] INFO  node.SCMNodeManager (SCMNodeManager.java:register(391)) - Registered Data node : 5d798457-e9ee-4751-9538-7a6d36474688{ip: 10.1.0.15, host: fv-az501-749.rsswf2em5frezlg3dkjt5mgqaf.dx.internal.cloudapp.net, ports: [REPLICATION=35947, RATIS=41069, RATIS_ADMIN=41069, RATIS_SERVER=41069, STANDALONE=38567], networkLocation: /default-rack, certSerialId: null, persistedOpState: null, persistedOpStateExpiryEpochSec: 0}
2022-03-03 07:23:52,558 [EventQueue-NewNodeForNewNodeHandler] INFO  pipeline.BackgroundPipelineCreator (BackgroundPipelineCreator.java:notifyEventTriggered(285)) - trigger a one-shot run on RatisPipelineUtilsThread.
2022-03-03 07:23:52,559 [EventQueue-NodeRegistrationContainerReportForDataNodeSafeModeRule] INFO  safemode.SCMSafeModeManager (DataNodeSafeModeRule.java:process(71)) - SCM in safe mode. 2 DataNodes registered, 3 required.
2022-03-03 07:23:52,560 [RatisPipelineUtilsThread - 0] INFO  pipeline.RatisPipelineProvider (RatisPipelineProvider.java:lambda$create$0(183)) - Sending CreatePipelineCommand for pipeline:PipelineID=94a5cce6-82dd-40e6-8fc7-fcb2ce0783f5 to datanode:5d798457-e9ee-4751-9538-7a6d36474688
2022-03-03 07:23:52,563 [d78b0498-37f7-42fa-abe7-9e1e0a9796db@group-0DACFED22B51-StateMachineUpdater] INFO  pipeline.PipelineStateManagerImpl (PipelineStateManagerImpl.java:addPipeline(101)) - Created pipeline Pipeline[ Id: 94a5cce6-82dd-40e6-8fc7-fcb2ce0783f5, Nodes: 5d798457-e9ee-4751-9538-7a6d36474688{ip: 10.1.0.15, host: fv-az501-749.rsswf2em5frezlg3dkjt5mgqaf.dx.internal.cloudapp.net, ports: [REPLICATION=35947, RATIS=41069, RATIS_ADMIN=41069, RATIS_SERVER=41069, STANDALONE=38567], networkLocation: /default-rack, certSerialId: null, persistedOpState: IN_SERVICE, persistedOpStateExpiryEpochSec: 0}, ReplicationConfig: RATIS/ONE, State:ALLOCATED, leaderId:, CreationTimestamp2022-03-03T07:23:52.560Z[Etc/UTC]].
2022-03-03 07:23:52,563 [d78b0498-37f7-42fa-abe7-9e1e0a9796db@group-0DACFED22B51-StateMachineUpdater] INFO  safemode.HealthyPipelineSafeModeRule (HealthyPipelineSafeModeRule.java:initializeRule(152)) - Refreshed total pipeline count is 0, healthy pipeline threshold count is 1
2022-03-03 07:23:52,767 [Listener at 127.0.0.1/44937] INFO  ozone.MiniOzoneClusterImpl (MiniOzoneClusterImpl.java:lambda$waitForClusterToBeReady$0(219)) - Waiting for nodes to be ready. Got 2 of 3 DN Heartbeats.
2022-03-03 07:23:52,769 [Listener at 127.0.0.1/44937] INFO  ozone.MiniOzoneClusterImpl (MiniOzoneClusterImpl.java:lambda$waitForClusterToBeReady$0(222)) - Waiting for cluster to exit safe mode
2022-03-03 07:23:52,769 [Listener at 127.0.0.1/44937] INFO  ozone.MiniOzoneClusterImpl (MiniOzoneClusterImpl.java:lambda$waitForClusterToBeReady$0(224)) - SCM became leader
2022-03-03 07:23:52,774 [IPC Server handler 17 on default port 41895] INFO  net.NetworkTopologyImpl (NetworkTopologyImpl.java:add(112)) - Added a new node: /default-rack/f349b4ca-06a6-4713-ab55-585a61bac57c
2022-03-03 07:23:52,777 [IPC Server handler 17 on default port 41895] INFO  node.SCMNodeManager (SCMNodeManager.java:register(391)) - Registered Data node : f349b4ca-06a6-4713-ab55-585a61bac57c{ip: 10.1.0.15, host: fv-az501-749.rsswf2em5frezlg3dkjt5mgqaf.dx.internal.cloudapp.net, ports: [REPLICATION=33243, RATIS=45745, RATIS_ADMIN=45745, RATIS_SERVER=45745, STANDALONE=43679], networkLocation: /default-rack, certSerialId: null, persistedOpState: null, persistedOpStateExpiryEpochSec: 0}
2022-03-03 07:23:52,778 [EventQueue-NewNodeForNewNodeHandler] INFO  pipeline.BackgroundPipelineCreator (BackgroundPipelineCreator.java:notifyEventTriggered(285)) - trigger a one-shot run on RatisPipelineUtilsThread.
2022-03-03 07:23:52,778 [RatisPipelineUtilsThread - 0] INFO  pipeline.RatisPipelineProvider (RatisPipelineProvider.java:lambda$create$0(183)) - Sending CreatePipelineCommand for pipeline:PipelineID=236e7fd7-8e09-44a5-9a8e-5548c10f4cc5 to datanode:f349b4ca-06a6-4713-ab55-585a61bac57c
2022-03-03 07:23:52,778 [EventQueue-NodeRegistrationContainerReportForDataNodeSafeModeRule] INFO  safemode.SCMSafeModeManager (DataNodeSafeModeRule.java:process(71)) - SCM in safe mode. 3 DataNodes registered, 3 required.
2022-03-03 07:23:52,779 [EventQueue-NodeRegistrationContainerReportForDataNodeSafeModeRule] INFO  safemode.SCMSafeModeManager (SCMSafeModeManager.java:validateSafeModeExitRules(204)) - DataNodeSafeModeRule rule is successfully validated
2022-03-03 07:23:52,779 [EventQueue-NodeRegistrationContainerReportForDataNodeSafeModeRule] INFO  safemode.SCMSafeModeManager (SCMSafeModeManager.java:completePreCheck(233)) - All SCM safe mode pre check rules have passed
2022-03-03 07:23:52,779 [EventQueue-NodeRegistrationContainerReportForDataNodeSafeModeRule] WARN  events.EventQueue (EventQueue.java:fireEvent(194)) - No event handler registered for event TypedEvent{payloadType=SafeModeStatus, name='Safe mode status'}
2022-03-03 07:23:52,779 [EventQueue-NodeRegistrationContainerReportForDataNodeSafeModeRule] INFO  ha.SCMContext (SCMContext.java:updateSafeModeStatus(211)) - Update SafeModeStatus from SafeModeStatus{safeModeStatus=true, preCheckPassed=false} to SafeModeStatus{safeModeStatus=true, preCheckPassed=true}.
2022-03-03 07:23:52,779 [EventQueue-NodeRegistrationContainerReportForDataNodeSafeModeRule] INFO  pipeline.BackgroundPipelineCreator (BackgroundPipelineCreator.java:notifyEventTriggered(285)) - trigger a one-shot run on RatisPipelineUtilsThread.
2022-03-03 07:23:52,781 [d78b0498-37f7-42fa-abe7-9e1e0a9796db@group-0DACFED22B51-StateMachineUpdater] INFO  pipeline.PipelineStateManagerImpl (PipelineStateManagerImpl.java:addPipeline(101)) - Created pipeline Pipeline[ Id: 236e7fd7-8e09-44a5-9a8e-5548c10f4cc5, Nodes: f349b4ca-06a6-4713-ab55-585a61bac57c{ip: 10.1.0.15, host: fv-az501-749.rsswf2em5frezlg3dkjt5mgqaf.dx.internal.cloudapp.net, ports: [REPLICATION=33243, RATIS=45745, RATIS_ADMIN=45745, RATIS_SERVER=45745, STANDALONE=43679], networkLocation: /default-rack, certSerialId: null, persistedOpState: IN_SERVICE, persistedOpStateExpiryEpochSec: 0}, ReplicationConfig: RATIS/ONE, State:ALLOCATED, leaderId:, CreationTimestamp2022-03-03T07:23:52.778Z[Etc/UTC]].
2022-03-03 07:23:52,781 [d78b0498-37f7-42fa-abe7-9e1e0a9796db@group-0DACFED22B51-StateMachineUpdater] INFO  safemode.HealthyPipelineSafeModeRule (HealthyPipelineSafeModeRule.java:initializeRule(152)) - Refreshed total pipeline count is 0, healthy pipeline threshold count is 1
2022-03-03 07:23:52,784 [RatisPipelineUtilsThread - 0] INFO  pipeline.RatisPipelineProvider (RatisPipelineProvider.java:lambda$create$0(183)) - Sending CreatePipelineCommand for pipeline:PipelineID=40576761-d161-4a5f-ab95-ef3e863674b1 to datanode:f349b4ca-06a6-4713-ab55-585a61bac57c
2022-03-03 07:23:52,786 [RatisPipelineUtilsThread - 0] INFO  pipeline.RatisPipelineProvider (RatisPipelineProvider.java:lambda$create$0(183)) - Sending CreatePipelineCommand for pipeline:PipelineID=40576761-d161-4a5f-ab95-ef3e863674b1 to datanode:126ab421-4020-4271-89f3-e896157a4564
2022-03-03 07:23:52,786 [RatisPipelineUtilsThread - 0] INFO  pipeline.RatisPipelineProvider (RatisPipelineProvider.java:lambda$create$0(183)) - Sending CreatePipelineCommand for pipeline:PipelineID=40576761-d161-4a5f-ab95-ef3e863674b1 to datanode:5d798457-e9ee-4751-9538-7a6d36474688
2022-03-03 07:23:52,789 [d78b0498-37f7-42fa-abe7-9e1e0a9796db@group-0DACFED22B51-StateMachineUpdater] INFO  pipeline.PipelineStateManagerImpl (PipelineStateManagerImpl.java:addPipeline(101)) - Created pipeline Pipeline[ Id: 40576761-d161-4a5f-ab95-ef3e863674b1, Nodes: f349b4ca-06a6-4713-ab55-585a61bac57c{ip: 10.1.0.15, host: fv-az501-749.rsswf2em5frezlg3dkjt5mgqaf.dx.internal.cloudapp.net, ports: [REPLICATION=33243, RATIS=45745, RATIS_ADMIN=45745, RATIS_SERVER=45745, STANDALONE=43679], networkLocation: /default-rack, certSerialId: null, persistedOpState: IN_SERVICE, persistedOpStateExpiryEpochSec: 0}126ab421-4020-4271-89f3-e896157a4564{ip: 10.1.0.15, host: fv-az501-749.rsswf2em5frezlg3dkjt5mgqaf.dx.internal.cloudapp.net, ports: [REPLICATION=38615, RATIS=39419, RATIS_ADMIN=39419, RATIS_SERVER=39419, STANDALONE=38849], networkLocation: /default-rack, certSerialId: null, persistedOpState: IN_SERVICE, persistedOpStateExpiryEpochSec: 0}5d798457-e9ee-4751-9538-7a6d36474688{ip: 10.1.0.15, host: fv-az501-749.rsswf2em5frezlg3dkjt5mgqaf.dx.internal.cloudapp.net, ports: [REPLICATION=35947, RATIS=41069, RATIS_ADMIN=41069, RATIS_SERVER=41069, STANDALONE=38567], networkLocation: /default-rack, certSerialId: null, persistedOpState: IN_SERVICE, persistedOpStateExpiryEpochSec: 0}, ReplicationConfig: RATIS/THREE, State:ALLOCATED, leaderId:, CreationTimestamp2022-03-03T07:23:52.784Z[Etc/UTC]].
2022-03-03 07:23:52,789 [d78b0498-37f7-42fa-abe7-9e1e0a9796db@group-0DACFED22B51-StateMachineUpdater] INFO  safemode.HealthyPipelineSafeModeRule (HealthyPipelineSafeModeRule.java:initializeRule(152)) - Refreshed total pipeline count is 0, healthy pipeline threshold count is 1
2022-03-03 07:23:52,791 [RatisPipelineUtilsThread - 0] INFO  pipeline.RatisPipelineProvider (RatisPipelineProvider.java:lambda$create$0(183)) - Sending CreatePipelineCommand for pipeline:PipelineID=49ea45f0-bf41-4441-ba17-303a2581fb0e to datanode:5d798457-e9ee-4751-9538-7a6d36474688
2022-03-03 07:23:52,791 [RatisPipelineUtilsThread - 0] INFO  pipeline.RatisPipelineProvider (RatisPipelineProvider.java:lambda$create$0(183)) - Sending CreatePipelineCommand for pipeline:PipelineID=49ea45f0-bf41-4441-ba17-303a2581fb0e to datanode:f349b4ca-06a6-4713-ab55-585a61bac57c
2022-03-03 07:23:52,792 [RatisPipelineUtilsThread - 0] INFO  pipeline.RatisPipelineProvider (RatisPipelineProvider.java:lambda$create$0(183)) - Sending CreatePipelineCommand for pipeline:PipelineID=49ea45f0-bf41-4441-ba17-303a2581fb0e to datanode:126ab421-4020-4271-89f3-e896157a4564
2022-03-03 07:23:52,797 [d78b0498-37f7-42fa-abe7-9e1e0a9796db@group-0DACFED22B51-StateMachineUpdater] INFO  pipeline.PipelineStateManagerImpl (PipelineStateManagerImpl.java:addPipeline(101)) - Created pipeline Pipeline[ Id: 49ea45f0-bf41-4441-ba17-303a2581fb0e, Nodes: 5d798457-e9ee-4751-9538-7a6d36474688{ip: 10.1.0.15, host: fv-az501-749.rsswf2em5frezlg3dkjt5mgqaf.dx.internal.cloudapp.net, ports: [REPLICATION=35947, RATIS=41069, RATIS_ADMIN=41069, RATIS_SERVER=41069, STANDALONE=38567], networkLocation: /default-rack, certSerialId: null, persistedOpState: IN_SERVICE, persistedOpStateExpiryEpochSec: 0}f349b4ca-06a6-4713-ab55-585a61bac57c{ip: 10.1.0.15, host: fv-az501-749.rsswf2em5frezlg3dkjt5mgqaf.dx.internal.cloudapp.net, ports: [REPLICATION=33243, RATIS=45745, RATIS_ADMIN=45745, RATIS_SERVER=45745, STANDALONE=43679], networkLocation: /default-rack, certSerialId: null, persistedOpState: IN_SERVICE, persistedOpStateExpiryEpochSec: 0}126ab421-4020-4271-89f3-e896157a4564{ip: 10.1.0.15, host: fv-az501-749.rsswf2em5frezlg3dkjt5mgqaf.dx.internal.cloudapp.net, ports: [REPLICATION=38615, RATIS=39419, RATIS_ADMIN=39419, RATIS_SERVER=39419, STANDALONE=38849], networkLocation: /default-rack, certSerialId: null, persistedOpState: IN_SERVICE, persistedOpStateExpiryEpochSec: 0}, ReplicationConfig: RATIS/THREE, State:ALLOCATED, leaderId:, CreationTimestamp2022-03-03T07:23:52.791Z[Etc/UTC]].
2022-03-03 07:23:52,797 [d78b0498-37f7-42fa-abe7-9e1e0a9796db@group-0DACFED22B51-StateMachineUpdater] INFO  safemode.HealthyPipelineSafeModeRule (HealthyPipelineSafeModeRule.java:initializeRule(152)) - Refreshed total pipeline count is 0, healthy pipeline threshold count is 1
2022-03-03 07:23:52,797 [RatisPipelineUtilsThread - 0] INFO  pipeline.PipelineManagerImpl (PipelineManagerImpl.java:recordMetricsForPipeline(639)) - Pipeline: PipelineID=49ea45f0-bf41-4441-ba17-303a2581fb0e contains same datanodes as previous pipelines: PipelineID=40576761-d161-4a5f-ab95-ef3e863674b1 nodeIds: 5d798457-e9ee-4751-9538-7a6d36474688, f349b4ca-06a6-4713-ab55-585a61bac57c, 126ab421-4020-4271-89f3-e896157a4564
2022-03-03 07:23:53,769 [Listener at 127.0.0.1/44937] INFO  ozone.MiniOzoneClusterImpl (MiniOzoneClusterImpl.java:lambda$waitForClusterToBeReady$0(219)) - Nodes are ready. Got 3 of 3 DN Heartbeats.
2022-03-03 07:23:53,769 [Listener at 127.0.0.1/44937] INFO  ozone.MiniOzoneClusterImpl (MiniOzoneClusterImpl.java:lambda$waitForClusterToBeReady$0(222)) - Waiting for cluster to exit safe mode
2022-03-03 07:23:53,770 [Listener at 127.0.0.1/44937] INFO  ozone.MiniOzoneClusterImpl (MiniOzoneClusterImpl.java:lambda$waitForClusterToBeReady$0(224)) - SCM became leader
2022-03-03 07:23:54,770 [Listener at 127.0.0.1/44937] INFO  ozone.MiniOzoneClusterImpl (MiniOzoneClusterImpl.java:lambda$waitForClusterToBeReady$0(219)) - Nodes are ready. Got 3 of 3 DN Heartbeats.
2022-03-03 07:23:54,770 [Listener at 127.0.0.1/44937] INFO  ozone.MiniOzoneClusterImpl (MiniOzoneClusterImpl.java:lambda$waitForClusterToBeReady$0(222)) - Waiting for cluster to exit safe mode
2022-03-03 07:23:54,770 [Listener at 127.0.0.1/44937] INFO  ozone.MiniOzoneClusterImpl (MiniOzoneClusterImpl.java:lambda$waitForClusterToBeReady$0(224)) - SCM became leader
2022-03-03 07:23:55,202 [Command processor thread] INFO  server.RaftServer (RaftServerProxy.java:addNew(95)) - 126ab421-4020-4271-89f3-e896157a4564: addNew group-4E6979E03B06:[126ab421-4020-4271-89f3-e896157a4564|rpc:10.1.0.15:39419|priority:1] returns group-4E6979E03B06:java.util.concurrent.CompletableFuture@2ee2edee[Not completed]
2022-03-03 07:23:55,217 [pool-112-thread-1] INFO  server.RaftServer$Division (RaftServerImpl.java:<init>(184)) - 126ab421-4020-4271-89f3-e896157a4564: new RaftServerImpl for group-4E6979E03B06:[126ab421-4020-4271-89f3-e896157a4564|rpc:10.1.0.15:39419|priority:1] with ContainerStateMachine:uninitialized
2022-03-03 07:23:55,217 [pool-112-thread-1] INFO  server.RaftServerConfigKeys (ConfUtils.java:logGet(44)) - raft.server.rpc.timeout.min = 5s (custom)
2022-03-03 07:23:55,218 [pool-112-thread-1] INFO  server.RaftServerConfigKeys (ConfUtils.java:logGet(44)) - raft.server.rpc.timeout.max = 5200ms (custom)
2022-03-03 07:23:55,218 [pool-112-thread-1] INFO  server.RaftServerConfigKeys (ConfUtils.java:logGet(44)) - raft.server.rpc.sleep.time = 25ms (default)
2022-03-03 07:23:55,218 [pool-112-thread-1] INFO  server.RaftServerConfigKeys (ConfUtils.java:logGet(44)) - raft.server.rpc.slowness.timeout = 300s (custom)
2022-03-03 07:23:55,218 [pool-112-thread-1] INFO  server.RaftServerConfigKeys (ConfUtils.java:logGet(44)) - raft.server.leaderelection.leader.step-down.wait-time = 10s (default)
2022-03-03 07:23:55,218 [pool-112-thread-1] INFO  server.RaftServerConfigKeys (ConfUtils.java:logGet(44)) - raft.server.sleep.deviation.threshold = 300ms (default)
2022-03-03 07:23:55,218 [pool-112-thread-1] INFO  server.RaftServerConfigKeys (ConfUtils.java:logGet(44)) - raft.server.log.appender.install.snapshot.enabled = false (custom)
2022-03-03 07:23:55,218 [pool-112-thread-1] INFO  server.RaftServer$Division (ServerState.java:<init>(105)) - 126ab421-4020-4271-89f3-e896157a4564@group-4E6979E03B06: ConfigurationManager, init=-1: [126ab421-4020-4271-89f3-e896157a4564|rpc:10.1.0.15:39419|priority:1], old=null, confs=<EMPTY_MAP>
2022-03-03 07:23:55,218 [pool-112-thread-1] INFO  server.RaftServerConfigKeys (ConfUtils.java:logGet(44)) - raft.server.storage.dir = [/home/runner/work/ozone/ozone/hadoop-ozone/integration-test/target/test-dir/MiniOzoneClusterImpl-73ba9704-0a97-4d3d-983a-0dacfed22b51/datanode-0/data/ratis] (custom)
2022-03-03 07:23:55,219 [pool-112-thread-1] INFO  server.RaftServerConfigKeys (ConfUtils.java:logGet(44)) - raft.server.log.corruption.policy = EXCEPTION (default)
2022-03-03 07:23:55,219 [pool-112-thread-1] INFO  server.RaftServerConfigKeys (ConfUtils.java:logGet(44)) - raft.server.storage.free-space.min = 0MB (=0) (default)
2022-03-03 07:23:55,219 [pool-112-thread-1] INFO  storage.RaftStorageDirectory (RaftStorageDirectoryImpl.java:analyzeStorage(135)) - The storage directory /home/runner/work/ozone/ozone/hadoop-ozone/integration-test/target/test-dir/MiniOzoneClusterImpl-73ba9704-0a97-4d3d-983a-0dacfed22b51/datanode-0/data/ratis/dad582cf-8d76-4865-bab6-4e6979e03b06 does not exist. Creating ...
2022-03-03 07:23:55,228 [pool-112-thread-1] INFO  storage.RaftStorageDirectory (RaftStorageDirectoryImpl.java:tryLock(230)) - Lock on /home/runner/work/ozone/ozone/hadoop-ozone/integration-test/target/test-dir/MiniOzoneClusterImpl-73ba9704-0a97-4d3d-983a-0dacfed22b51/datanode-0/data/ratis/dad582cf-8d76-4865-bab6-4e6979e03b06/in_use.lock acquired by nodename 30716@fv-az501-749
2022-03-03 07:23:55,234 [pool-112-thread-1] INFO  storage.RaftStorage (RaftStorageImpl.java:format(89)) - Storage directory /home/runner/work/ozone/ozone/hadoop-ozone/integration-test/target/test-dir/MiniOzoneClusterImpl-73ba9704-0a97-4d3d-983a-0dacfed22b51/datanode-0/data/ratis/dad582cf-8d76-4865-bab6-4e6979e03b06 has been successfully formatted.
2022-03-03 07:23:55,247 [pool-112-thread-1] INFO  ratis.ContainerStateMachine (ContainerStateMachine.java:loadSnapshot(236)) - group-4E6979E03B06: The snapshot info is null. Setting the last applied indexto:(t:0, i:~)
2022-03-03 07:23:55,249 [pool-112-thread-1] INFO  server.RaftServerConfigKeys (ConfUtils.java:logGet(44)) - raft.server.notification.no-leader.timeout = 300s (custom)
2022-03-03 07:23:55,249 [pool-112-thread-1] INFO  server.RaftServerConfigKeys (ConfUtils.java:logGet(44)) - raft.server.log.use.memory = false (default)
2022-03-03 07:23:55,249 [pool-112-thread-1] INFO  server.RaftServerConfigKeys (ConfUtils.java:logGet(44)) - raft.server.log.purge.gap = 1000000 (custom)
2022-03-03 07:23:55,249 [pool-112-thread-1] INFO  server.RaftServerConfigKeys (ConfUtils.java:logGet(44)) - raft.server.log.appender.buffer.byte-limit = 33554432 (custom)
2022-03-03 07:23:55,250 [pool-112-thread-1] INFO  server.RaftServerConfigKeys (ConfUtils.java:logGet(44)) - raft.server.log.segment.size.max = 1048576 (custom)
2022-03-03 07:23:55,252 [pool-112-thread-1] INFO  server.RaftServerConfigKeys (ConfUtils.java:logGet(44)) - raft.server.log.segment.cache.num.max = 2 (custom)
2022-03-03 07:23:55,252 [pool-112-thread-1] INFO  server.RaftServerConfigKeys (ConfUtils.java:logGet(44)) - raft.server.log.segment.cache.size.max = 200MB (=209715200) (default)
2022-03-03 07:23:55,252 [pool-112-thread-1] INFO  segmented.SegmentedRaftLogWorker (SegmentedRaftLogWorker.java:<init>(182)) - new 126ab421-4020-4271-89f3-e896157a4564@group-4E6979E03B06-SegmentedRaftLogWorker for RaftStorageImpl:Storage Directory /home/runner/work/ozone/ozone/hadoop-ozone/integration-test/target/test-dir/MiniOzoneClusterImpl-73ba9704-0a97-4d3d-983a-0dacfed22b51/datanode-0/data/ratis/dad582cf-8d76-4865-bab6-4e6979e03b06
2022-03-03 07:23:55,252 [pool-112-thread-1] INFO  server.RaftServerConfigKeys (ConfUtils.java:logGet(44)) - raft.server.log.queue.byte-limit = 4294967296 (custom)
2022-03-03 07:23:55,252 [pool-112-thread-1] INFO  server.RaftServerConfigKeys (ConfUtils.java:logGet(44)) - raft.server.log.queue.element-limit = 1024 (custom)
2022-03-03 07:23:55,252 [pool-112-thread-1] INFO  server.RaftServerConfigKeys (ConfUtils.java:logGet(44)) - raft.server.log.segment.size.max = 1048576 (custom)
2022-03-03 07:23:55,252 [pool-112-thread-1] INFO  server.RaftServerConfigKeys (ConfUtils.java:logGet(44)) - raft.server.log.preallocated.size = 16384 (custom)
2022-03-03 07:23:55,252 [pool-112-thread-1] INFO  server.RaftServerConfigKeys (ConfUtils.java:logGet(44)) - raft.server.log.force.sync.num = 128 (default)
2022-03-03 07:23:55,252 [pool-112-thread-1] INFO  server.RaftServerConfigKeys (ConfUtils.java:logGet(44)) - raft.server.log.statemachine.data.sync = true (default)
2022-03-03 07:23:55,252 [pool-112-thread-1] INFO  server.RaftServerConfigKeys (ConfUtils.java:logGet(44)) - raft.server.log.statemachine.data.sync.timeout = 10s (default)
2022-03-03 07:23:55,253 [pool-112-thread-1] INFO  server.RaftServerConfigKeys (ConfUtils.java:logGet(44)) - raft.server.log.statemachine.data.sync.timeout.retry = -1 (default)
2022-03-03 07:23:55,259 [pool-112-thread-1] INFO  server.RaftServerConfigKeys (ConfUtils.java:logGet(44)) - raft.server.log.write.buffer.size = 1048576 (custom)
2022-03-03 07:23:55,259 [pool-112-thread-1] INFO  server.RaftServerConfigKeys (ConfUtils.java:logGet(44)) - raft.server.log.statemachine.data.caching.enabled = true (custom)
2022-03-03 07:23:55,263 [pool-112-thread-1] INFO  segmented.SegmentedRaftLogWorker (SegmentedRaftLogWorker.java:lambda$new$0(133)) - 126ab421-4020-4271-89f3-e896157a4564@group-4E6979E03B06-SegmentedRaftLogWorker: flushIndex: setUnconditionally 0 -> -1
2022-03-03 07:23:55,263 [pool-112-thread-1] INFO  segmented.SegmentedRaftLogWorker (SegmentedRaftLogWorker.java:lambda$new$0(133)) - 126ab421-4020-4271-89f3-e896157a4564@group-4E6979E03B06-SegmentedRaftLogWorker: safeCacheEvictIndex: setUnconditionally 0 -> -1
2022-03-03 07:23:55,265 [pool-112-thread-1] INFO  server.RaftServerConfigKeys (ConfUtils.java:logGet(44)) - raft.server.snapshot.auto.trigger.enabled = true (custom)
2022-03-03 07:23:55,265 [pool-112-thread-1] INFO  server.RaftServerConfigKeys (ConfUtils.java:logGet(44)) - raft.server.snapshot.auto.trigger.threshold = 10000 (custom)
2022-03-03 07:23:55,265 [pool-112-thread-1] INFO  server.RaftServerConfigKeys (ConfUtils.java:logGet(44)) - raft.server.snapshot.retention.file.num = 5 (custom)
2022-03-03 07:23:55,265 [pool-112-thread-1] INFO  server.RaftServerConfigKeys (ConfUtils.java:logGet(44)) - raft.server.log.purge.upto.snapshot.index = false (default)
2022-03-03 07:23:55,265 [pool-112-thread-1] INFO  server.RaftServerConfigKeys (ConfUtils.java:logGet(44)) - raft.server.retrycache.expirytime = 600000ms (custom)
2022-03-03 07:23:55,266 [pool-112-thread-1] INFO  server.RaftServerConfigKeys (ConfUtils.java:logGet(44)) - raft.server.retrycache.statistics.expirytime = 100μs (default)
2022-03-03 07:23:55,269 [pool-112-thread-1] INFO  server.RaftServer$Division (RaftServerImpl.java:start(301)) - 126ab421-4020-4271-89f3-e896157a4564@group-4E6979E03B06: start as a follower, conf=-1: [126ab421-4020-4271-89f3-e896157a4564|rpc:10.1.0.15:39419|priority:1], old=null
2022-03-03 07:23:55,269 [pool-112-thread-1] INFO  server.RaftServer$Division (RaftServerImpl.java:setRole(290)) - 126ab421-4020-4271-89f3-e896157a4564@group-4E6979E03B06: changes role from      null to FOLLOWER at term 0 for startAsFollower
2022-03-03 07:23:55,269 [pool-112-thread-1] INFO  impl.RoleInfo (RoleInfo.java:updateAndGet(130)) - 126ab421-4020-4271-89f3-e896157a4564: start 126ab421-4020-4271-89f3-e896157a4564@group-4E6979E03B06-FollowerState
2022-03-03 07:23:55,270 [pool-112-thread-1] INFO  util.JmxRegister (JmxRegister.java:tryRegister(44)) - Successfully registered JMX Bean with object name Ratis:service=RaftServer,group=group-4E6979E03B06,id=126ab421-4020-4271-89f3-e896157a4564
2022-03-03 07:23:55,279 [Command processor thread] INFO  ratis.XceiverServerRatis (XceiverServerRatis.java:addGroup(769)) - Created group PipelineID=dad582cf-8d76-4865-bab6-4e6979e03b06
2022-03-03 07:23:55,280 [Command processor thread] INFO  commandhandler.CreatePipelineCommandHandler (CreatePipelineCommandHandler.java:handle(106)) - Created Pipeline RATIS ONE PipelineID=dad582cf-8d76-4865-bab6-4e6979e03b06.
2022-03-03 07:23:55,281 [Command processor thread] INFO  server.RaftServer (RaftServerProxy.java:addNew(95)) - 126ab421-4020-4271-89f3-e896157a4564: addNew group-EF3E863674B1:[126ab421-4020-4271-89f3-e896157a4564|rpc:10.1.0.15:39419|priority:1, f349b4ca-06a6-4713-ab55-585a61bac57c|rpc:10.1.0.15:45745|priority:0, 5d798457-e9ee-4751-9538-7a6d36474688|rpc:10.1.0.15:41069|priority:0] returns group-EF3E863674B1:java.util.concurrent.CompletableFuture@536584dc[Not completed]
2022-03-03 07:23:55,282 [pool-112-thread-1] INFO  server.RaftServer$Division (RaftServerImpl.java:<init>(184)) - 126ab421-4020-4271-89f3-e896157a4564: new RaftServerImpl for group-EF3E863674B1:[126ab421-4020-4271-89f3-e896157a4564|rpc:10.1.0.15:39419|priority:1, f349b4ca-06a6-4713-ab55-585a61bac57c|rpc:10.1.0.15:45745|priority:0, 5d798457-e9ee-4751-9538-7a6d36474688|rpc:10.1.0.15:41069|priority:0] with ContainerStateMachine:uninitialized
2022-03-03 07:23:55,281 [EventQueue-PipelineReportForPipelineReportHandler] INFO  pipeline.PipelineManagerImpl (PipelineManagerImpl.java:openPipeline(291)) - Pipeline Pipeline[ Id: dad582cf-8d76-4865-bab6-4e6979e03b06, Nodes: 126ab421-4020-4271-89f3-e896157a4564{ip: 10.1.0.15, host: fv-az501-749.rsswf2em5frezlg3dkjt5mgqaf.dx.internal.cloudapp.net, ports: [REPLICATION=38615, RATIS=39419, RATIS_ADMIN=39419, RATIS_SERVER=39419, STANDALONE=38849], networkLocation: /default-rack, certSerialId: null, persistedOpState: IN_SERVICE, persistedOpStateExpiryEpochSec: 0}, ReplicationConfig: RATIS/ONE, State:ALLOCATED, leaderId:126ab421-4020-4271-89f3-e896157a4564, CreationTimestamp2022-03-03T07:23:52.259Z[Etc/UTC]] moved to OPEN state
2022-03-03 07:23:55,283 [pool-112-thread-1] INFO  server.RaftServerConfigKeys (ConfUtils.java:logGet(44)) - raft.server.rpc.timeout.min = 5s (custom)
2022-03-03 07:23:55,283 [pool-112-thread-1] INFO  server.RaftServerConfigKeys (ConfUtils.java:logGet(44)) - raft.server.rpc.timeout.max = 5200ms (custom)
2022-03-03 07:23:55,283 [pool-112-thread-1] INFO  server.RaftServerConfigKeys (ConfUtils.java:logGet(44)) - raft.server.rpc.sleep.time = 25ms (default)
2022-03-03 07:23:55,284 [pool-112-thread-1] INFO  server.RaftServerConfigKeys (ConfUtils.java:logGet(44)) - raft.server.rpc.slowness.timeout = 300s (custom)
2022-03-03 07:23:55,285 [pool-112-thread-1] INFO  server.RaftServerConfigKeys (ConfUtils.java:logGet(44)) - raft.server.leaderelection.leader.step-down.wait-time = 10s (default)
2022-03-03 07:23:55,285 [pool-112-thread-1] INFO  server.RaftServerConfigKeys (ConfUtils.java:logGet(44)) - raft.server.sleep.deviation.threshold = 300ms (default)
2022-03-03 07:23:55,285 [pool-112-thread-1] INFO  server.RaftServerConfigKeys (ConfUtils.java:logGet(44)) - raft.server.log.appender.install.snapshot.enabled = false (custom)
2022-03-03 07:23:55,288 [pool-112-thread-1] INFO  server.RaftServer$Division (ServerState.java:<init>(105)) - 126ab421-4020-4271-89f3-e896157a4564@group-EF3E863674B1: ConfigurationManager, init=-1: [126ab421-4020-4271-89f3-e896157a4564|rpc:10.1.0.15:39419|priority:1, f349b4ca-06a6-4713-ab55-585a61bac57c|rpc:10.1.0.15:45745|priority:0, 5d798457-e9ee-4751-9538-7a6d36474688|rpc:10.1.0.15:41069|priority:0], old=null, confs=<EMPTY_MAP>
2022-03-03 07:23:55,289 [pool-112-thread-1] INFO  server.RaftServerConfigKeys (ConfUtils.java:logGet(44)) - raft.server.storage.dir = [/home/runner/work/ozone/ozone/hadoop-ozone/integration-test/target/test-dir/MiniOzoneClusterImpl-73ba9704-0a97-4d3d-983a-0dacfed22b51/datanode-0/data/ratis] (custom)
2022-03-03 07:23:55,289 [d78b0498-37f7-42fa-abe7-9e1e0a9796db@group-0DACFED22B51-StateMachineUpdater] INFO  safemode.HealthyPipelineSafeModeRule (HealthyPipelineSafeModeRule.java:initializeRule(152)) - Refreshed total pipeline count is 0, healthy pipeline threshold count is 1
2022-03-03 07:23:55,291 [pool-112-thread-1] INFO  server.RaftServerConfigKeys (ConfUtils.java:logGet(44)) - raft.server.log.corruption.policy = EXCEPTION (default)
2022-03-03 07:23:55,291 [pool-112-thread-1] INFO  server.RaftServerConfigKeys (ConfUtils.java:logGet(44)) - raft.server.storage.free-space.min = 0MB (=0) (default)
2022-03-03 07:23:55,291 [pool-112-thread-1] INFO  storage.RaftStorageDirectory (RaftStorageDirectoryImpl.java:analyzeStorage(135)) - The storage directory /home/runner/work/ozone/ozone/hadoop-ozone/integration-test/target/test-dir/MiniOzoneClusterImpl-73ba9704-0a97-4d3d-983a-0dacfed22b51/datanode-0/data/ratis/40576761-d161-4a5f-ab95-ef3e863674b1 does not exist. Creating ...
2022-03-03 07:23:55,292 [EventQueue-OpenPipelineForHealthyPipelineSafeModeRule] INFO  safemode.SCMSafeModeManager (HealthyPipelineSafeModeRule.java:process(124)) - SCM in safe mode. Healthy pipelines reported count is 0, required healthy pipeline reported count is 1
2022-03-03 07:23:55,292 [pool-112-thread-1] INFO  storage.RaftStorageDirectory (RaftStorageDirectoryImpl.java:tryLock(230)) - Lock on /home/runner/work/ozone/ozone/hadoop-ozone/integration-test/target/test-dir/MiniOzoneClusterImpl-73ba9704-0a97-4d3d-983a-0dacfed22b51/datanode-0/data/ratis/40576761-d161-4a5f-ab95-ef3e863674b1/in_use.lock acquired by nodename 30716@fv-az501-749
2022-03-03 07:23:55,295 [pool-112-thread-1] INFO  storage.RaftStorage (RaftStorageImpl.java:format(89)) - Storage directory /home/runner/work/ozone/ozone/hadoop-ozone/integration-test/target/test-dir/MiniOzoneClusterImpl-73ba9704-0a97-4d3d-983a-0dacfed22b51/datanode-0/data/ratis/40576761-d161-4a5f-ab95-ef3e863674b1 has been successfully formatted.
2022-03-03 07:23:55,295 [pool-112-thread-1] INFO  ratis.ContainerStateMachine (ContainerStateMachine.java:loadSnapshot(236)) - group-EF3E863674B1: The snapshot info is null. Setting the last applied indexto:(t:0, i:~)
2022-03-03 07:23:55,295 [pool-112-thread-1] INFO  server.RaftServerConfigKeys (ConfUtils.java:logGet(44)) - raft.server.notification.no-leader.timeout = 300s (custom)
2022-03-03 07:23:55,295 [pool-112-thread-1] INFO  server.RaftServerConfigKeys (ConfUtils.java:logGet(44)) - raft.server.log.use.memory = false (default)
2022-03-03 07:23:55,299 [pool-112-thread-1] INFO  server.RaftServerConfigKeys (ConfUtils.java:logGet(44)) - raft.server.log.purge.gap = 1000000 (custom)
2022-03-03 07:23:55,301 [pool-112-thread-1] INFO  server.RaftServerConfigKeys (ConfUtils.java:logGet(44)) - raft.server.log.appender.buffer.byte-limit = 33554432 (custom)
2022-03-03 07:23:55,301 [EventQueue-OpenPipelineForHealthyPipelineSafeModeRule] INFO  safemode.SCMSafeModeManager (HealthyPipelineSafeModeRule.java:process(124)) - SCM in safe mode. Healthy pipelines reported count is 0, required healthy pipeline reported count is 1
2022-03-03 07:23:55,301 [pool-112-thread-1] INFO  server.RaftServerConfigKeys (ConfUtils.java:logGet(44)) - raft.server.log.segment.size.max = 1048576 (custom)
2022-03-03 07:23:55,302 [pool-112-thread-1] INFO  server.RaftServerConfigKeys (ConfUtils.java:logGet(44)) - raft.server.log.segment.cache.num.max = 2 (custom)
2022-03-03 07:23:55,302 [pool-112-thread-1] INFO  server.RaftServerConfigKeys (ConfUtils.java:logGet(44)) - raft.server.log.segment.cache.size.max = 200MB (=209715200) (default)
2022-03-03 07:23:55,302 [pool-112-thread-1] INFO  segmented.SegmentedRaftLogWorker (SegmentedRaftLogWorker.java:<init>(182)) - new 126ab421-4020-4271-89f3-e896157a4564@group-EF3E863674B1-SegmentedRaftLogWorker for RaftStorageImpl:Storage Directory /home/runner/work/ozone/ozone/hadoop-ozone/integration-test/target/test-dir/MiniOzoneClusterImpl-73ba9704-0a97-4d3d-983a-0dacfed22b51/datanode-0/data/ratis/40576761-d161-4a5f-ab95-ef3e863674b1
2022-03-03 07:23:55,302 [pool-112-thread-1] INFO  server.RaftServerConfigKeys (ConfUtils.java:logGet(44)) - raft.server.log.queue.byte-limit = 4294967296 (custom)
2022-03-03 07:23:55,302 [pool-112-thread-1] INFO  server.RaftServerConfigKeys (ConfUtils.java:logGet(44)) - raft.server.log.queue.element-limit = 1024 (custom)
2022-03-03 07:23:55,302 [pool-112-thread-1] INFO  server.RaftServerConfigKeys (ConfUtils.java:logGet(44)) - raft.server.log.segment.size.max = 1048576 (custom)
2022-03-03 07:23:55,303 [pool-112-thread-1] INFO  server.RaftServerConfigKeys (ConfUtils.java:logGet(44)) - raft.server.log.preallocated.size = 16384 (custom)
2022-03-03 07:23:55,303 [pool-112-thread-1] INFO  server.RaftServerConfigKeys (ConfUtils.java:logGet(44)) - raft.server.log.force.sync.num = 128 (default)
2022-03-03 07:23:55,303 [pool-112-thread-1] INFO  server.RaftServerConfigKeys (ConfUtils.java:logGet(44)) - raft.server.log.statemachine.data.sync = true (default)
2022-03-03 07:23:55,303 [pool-112-thread-1] INFO  server.RaftServerConfigKeys (ConfUtils.java:logGet(44)) - raft.server.log.statemachine.data.sync.timeout = 10s (default)
2022-03-03 07:23:55,303 [pool-112-thread-1] INFO  server.RaftServerConfigKeys (ConfUtils.java:logGet(44)) - raft.server.log.statemachine.data.sync.timeout.retry = -1 (default)
2022-03-03 07:23:55,304 [pool-112-thread-1] INFO  server.RaftServerConfigKeys (ConfUtils.java:logGet(44)) - raft.server.log.write.buffer.size = 1048576 (custom)
2022-03-03 07:23:55,304 [pool-112-thread-1] INFO  server.RaftServerConfigKeys (ConfUtils.java:logGet(44)) - raft.server.log.statemachine.data.caching.enabled = true (custom)
2022-03-03 07:23:55,305 [pool-112-thread-1] INFO  segmented.SegmentedRaftLogWorker (SegmentedRaftLogWorker.java:lambda$new$0(133)) - 126ab421-4020-4271-89f3-e896157a4564@group-EF3E863674B1-SegmentedRaftLogWorker: flushIndex: setUnconditionally 0 -> -1
2022-03-03 07:23:55,305 [pool-112-thread-1] INFO  segmented.SegmentedRaftLogWorker (SegmentedRaftLogWorker.java:lambda$new$0(133)) - 126ab421-4020-4271-89f3-e896157a4564@group-EF3E863674B1-SegmentedRaftLogWorker: safeCacheEvictIndex: setUnconditionally 0 -> -1
2022-03-03 07:23:55,305 [pool-112-thread-1] INFO  server.RaftServerConfigKeys (ConfUtils.java:logGet(44)) - raft.server.snapshot.auto.trigger.enabled = true (custom)
2022-03-03 07:23:55,305 [pool-112-thread-1] INFO  server.RaftServerConfigKeys (ConfUtils.java:logGet(44)) - raft.server.snapshot.auto.trigger.threshold = 10000 (custom)
2022-03-03 07:23:55,305 [pool-112-thread-1] INFO  server.RaftServerConfigKeys (ConfUtils.java:logGet(44)) - raft.server.snapshot.retention.file.num = 5 (custom)
2022-03-03 07:23:55,305 [pool-112-thread-1] INFO  server.RaftServerConfigKeys (ConfUtils.java:logGet(44)) - raft.server.log.purge.upto.snapshot.index = false (default)
2022-03-03 07:23:55,306 [pool-112-thread-1] INFO  server.RaftServerConfigKeys (ConfUtils.java:logGet(44)) - raft.server.retrycache.expirytime = 600000ms (custom)
2022-03-03 07:23:55,306 [pool-112-thread-1] INFO  server.RaftServerConfigKeys (ConfUtils.java:logGet(44)) - raft.server.retrycache.statistics.expirytime = 100μs (default)
2022-03-03 07:23:55,307 [pool-112-thread-1] INFO  server.RaftServer$Division (RaftServerImpl.java:start(301)) - 126ab421-4020-4271-89f3-e896157a4564@group-EF3E863674B1: start as a follower, conf=-1: [126ab421-4020-4271-89f3-e896157a4564|rpc:10.1.0.15:39419|priority:1, f349b4ca-06a6-4713-ab55-585a61bac57c|rpc:10.1.0.15:45745|priority:0, 5d798457-e9ee-4751-9538-7a6d36474688|rpc:10.1.0.15:41069|priority:0], old=null
2022-03-03 07:23:55,308 [pool-112-thread-1] INFO  server.RaftServer$Division (RaftServerImpl.java:setRole(290)) - 126ab421-4020-4271-89f3-e896157a4564@group-EF3E863674B1: changes role from      null to FOLLOWER at term 0 for startAsFollower
2022-03-03 07:23:55,308 [pool-112-thread-1] INFO  impl.RoleInfo (RoleInfo.java:updateAndGet(130)) - 126ab421-4020-4271-89f3-e896157a4564: start 126ab421-4020-4271-89f3-e896157a4564@group-EF3E863674B1-FollowerState
2022-03-03 07:23:55,308 [pool-112-thread-1] INFO  util.JmxRegister (JmxRegister.java:tryRegister(44)) - Successfully registered JMX Bean with object name Ratis:service=RaftServer,group=group-EF3E863674B1,id=126ab421-4020-4271-89f3-e896157a4564
2022-03-03 07:23:55,313 [Command processor thread] INFO  ratis.XceiverServerRatis (XceiverServerRatis.java:addGroup(769)) - Created group PipelineID=40576761-d161-4a5f-ab95-ef3e863674b1
2022-03-03 07:23:55,378 [grpc-default-executor-3] INFO  server.RaftServer (RaftServerProxy.java:addNew(95)) - f349b4ca-06a6-4713-ab55-585a61bac57c: addNew group-EF3E863674B1:[126ab421-4020-4271-89f3-e896157a4564|rpc:10.1.0.15:39419|dataStream:|priority:1, f349b4ca-06a6-4713-ab55-585a61bac57c|rpc:10.1.0.15:45745|dataStream:|priority:0, 5d798457-e9ee-4751-9538-7a6d36474688|rpc:10.1.0.15:41069|dataStream:|priority:0] returns group-EF3E863674B1:java.util.concurrent.CompletableFuture@1d97c8ae[Not completed]
2022-03-03 07:23:55,384 [pool-154-thread-1] INFO  server.RaftServer$Division (RaftServerImpl.java:<init>(184)) - f349b4ca-06a6-4713-ab55-585a61bac57c: new RaftServerImpl for group-EF3E863674B1:[126ab421-4020-4271-89f3-e896157a4564|rpc:10.1.0.15:39419|dataStream:|priority:1, f349b4ca-06a6-4713-ab55-585a61bac57c|rpc:10.1.0.15:45745|dataStream:|priority:0, 5d798457-e9ee-4751-9538-7a6d36474688|rpc:10.1.0.15:41069|dataStream:|priority:0] with ContainerStateMachine:uninitialized
2022-03-03 07:23:55,385 [pool-154-thread-1] INFO  server.RaftServerConfigKeys (ConfUtils.java:logGet(44)) - raft.server.rpc.timeout.min = 5s (custom)
2022-03-03 07:23:55,385 [pool-154-thread-1] INFO  server.RaftServerConfigKeys (ConfUtils.java:logGet(44)) - raft.server.rpc.timeout.max = 5200ms (custom)
2022-03-03 07:23:55,386 [pool-154-thread-1] INFO  server.RaftServerConfigKeys (ConfUtils.java:logGet(44)) - raft.server.rpc.sleep.time = 25ms (default)
2022-03-03 07:23:55,386 [pool-154-thread-1] INFO  server.RaftServerConfigKeys (ConfUtils.java:logGet(44)) - raft.server.rpc.slowness.timeout = 300s (custom)
2022-03-03 07:23:55,386 [pool-154-thread-1] INFO  server.RaftServerConfigKeys (ConfUtils.java:logGet(44)) - raft.server.leaderelection.leader.step-down.wait-time = 10s (default)
2022-03-03 07:23:55,386 [pool-154-thread-1] INFO  server.RaftServerConfigKeys (ConfUtils.java:logGet(44)) - raft.server.sleep.deviation.threshold = 300ms (default)
2022-03-03 07:23:55,386 [pool-154-thread-1] INFO  server.RaftServerConfigKeys (ConfUtils.java:logGet(44)) - raft.server.log.appender.install.snapshot.enabled = false (custom)
2022-03-03 07:23:55,387 [pool-154-thread-1] INFO  server.RaftServer$Division (ServerState.java:<init>(105)) - f349b4ca-06a6-4713-ab55-585a61bac57c@group-EF3E863674B1: ConfigurationManager, init=-1: [126ab421-4020-4271-89f3-e896157a4564|rpc:10.1.0.15:39419|dataStream:|priority:1, f349b4ca-06a6-4713-ab55-585a61bac57c|rpc:10.1.0.15:45745|dataStream:|priority:0, 5d798457-e9ee-4751-9538-7a6d36474688|rpc:10.1.0.15:41069|dataStream:|priority:0], old=null, confs=<EMPTY_MAP>
2022-03-03 07:23:55,387 [pool-154-thread-1] INFO  server.RaftServerConfigKeys (ConfUtils.java:logGet(44)) - raft.server.storage.dir = [/home/runner/work/ozone/ozone/hadoop-ozone/integration-test/target/test-dir/MiniOzoneClusterImpl-73ba9704-0a97-4d3d-983a-0dacfed22b51/datanode-2/data/ratis] (custom)
2022-03-03 07:23:55,387 [pool-154-thread-1] INFO  server.RaftServerConfigKeys (ConfUtils.java:logGet(44)) - raft.server.log.corruption.policy = EXCEPTION (default)
2022-03-03 07:23:55,388 [pool-154-thread-1] INFO  server.RaftServerConfigKeys (ConfUtils.java:logGet(44)) - raft.server.storage.free-space.min = 0MB (=0) (default)
2022-03-03 07:23:55,389 [pool-154-thread-1] INFO  storage.RaftStorageDirectory (RaftStorageDirectoryImpl.java:analyzeStorage(135)) - The storage directory /home/runner/work/ozone/ozone/hadoop-ozone/integration-test/target/test-dir/MiniOzoneClusterImpl-73ba9704-0a97-4d3d-983a-0dacfed22b51/datanode-2/data/ratis/40576761-d161-4a5f-ab95-ef3e863674b1 does not exist. Creating ...
2022-03-03 07:23:55,391 [pool-154-thread-1] INFO  storage.RaftStorageDirectory (RaftStorageDirectoryImpl.java:tryLock(230)) - Lock on /home/runner/work/ozone/ozone/hadoop-ozone/integration-test/target/test-dir/MiniOzoneClusterImpl-73ba9704-0a97-4d3d-983a-0dacfed22b51/datanode-2/data/ratis/40576761-d161-4a5f-ab95-ef3e863674b1/in_use.lock acquired by nodename 30716@fv-az501-749
2022-03-03 07:23:55,392 [pool-154-thread-1] INFO  storage.RaftStorage (RaftStorageImpl.java:format(89)) - Storage directory /home/runner/work/ozone/ozone/hadoop-ozone/integration-test/target/test-dir/MiniOzoneClusterImpl-73ba9704-0a97-4d3d-983a-0dacfed22b51/datanode-2/data/ratis/40576761-d161-4a5f-ab95-ef3e863674b1 has been successfully formatted.
2022-03-03 07:23:55,397 [pool-154-thread-1] INFO  ratis.ContainerStateMachine (ContainerStateMachine.java:loadSnapshot(236)) - group-EF3E863674B1: The snapshot info is null. Setting the last applied indexto:(t:0, i:~)
2022-03-03 07:23:55,402 [pool-154-thread-1] INFO  server.RaftServerConfigKeys (ConfUtils.java:logGet(44)) - raft.server.notification.no-leader.timeout = 300s (custom)
2022-03-03 07:23:55,402 [pool-154-thread-1] INFO  server.RaftServerConfigKeys (ConfUtils.java:logGet(44)) - raft.server.log.use.memory = false (default)
2022-03-03 07:23:55,402 [pool-154-thread-1] INFO  server.RaftServerConfigKeys (ConfUtils.java:logGet(44)) - raft.server.log.purge.gap = 1000000 (custom)
2022-03-03 07:23:55,402 [pool-154-thread-1] INFO  server.RaftServerConfigKeys (ConfUtils.java:logGet(44)) - raft.server.log.appender.buffer.byte-limit = 33554432 (custom)
2022-03-03 07:23:55,403 [pool-154-thread-1] INFO  server.RaftServerConfigKeys (ConfUtils.java:logGet(44)) - raft.server.log.segment.size.max = 1048576 (custom)
2022-03-03 07:23:55,403 [pool-154-thread-1] INFO  server.RaftServerConfigKeys (ConfUtils.java:logGet(44)) - raft.server.log.segment.cache.num.max = 2 (custom)
2022-03-03 07:23:55,405 [pool-154-thread-1] INFO  server.RaftServerConfigKeys (ConfUtils.java:logGet(44)) - raft.server.log.segment.cache.size.max = 200MB (=209715200) (default)
2022-03-03 07:23:55,405 [pool-154-thread-1] INFO  segmented.SegmentedRaftLogWorker (SegmentedRaftLogWorker.java:<init>(182)) - new f349b4ca-06a6-4713-ab55-585a61bac57c@group-EF3E863674B1-SegmentedRaftLogWorker for RaftStorageImpl:Storage Directory /home/runner/work/ozone/ozone/hadoop-ozone/integration-test/target/test-dir/MiniOzoneClusterImpl-73ba9704-0a97-4d3d-983a-0dacfed22b51/datanode-2/data/ratis/40576761-d161-4a5f-ab95-ef3e863674b1
2022-03-03 07:23:55,405 [pool-154-thread-1] INFO  server.RaftServerConfigKeys (ConfUtils.java:logGet(44)) - raft.server.log.queue.byte-limit = 4294967296 (custom)
2022-03-03 07:23:55,405 [pool-154-thread-1] INFO  server.RaftServerConfigKeys (ConfUtils.java:logGet(44)) - raft.server.log.queue.element-limit = 1024 (custom)
2022-03-03 07:23:55,405 [pool-154-thread-1] INFO  server.RaftServerConfigKeys (ConfUtils.java:logGet(44)) - raft.server.log.segment.size.max = 1048576 (custom)
2022-03-03 07:23:55,406 [pool-154-thread-1] INFO  server.RaftServerConfigKeys (ConfUtils.java:logGet(44)) - raft.server.log.preallocated.size = 16384 (custom)
2022-03-03 07:23:55,406 [pool-154-thread-1] INFO  server.RaftServerConfigKeys (ConfUtils.java:logGet(44)) - raft.server.log.force.sync.num = 128 (default)
2022-03-03 07:23:55,406 [pool-154-thread-1] INFO  server.RaftServerConfigKeys (ConfUtils.java:logGet(44)) - raft.server.log.statemachine.data.sync = true (default)
2022-03-03 07:23:55,406 [pool-154-thread-1] INFO  server.RaftServerConfigKeys (ConfUtils.java:logGet(44)) - raft.server.log.statemachine.data.sync.timeout = 10s (default)
2022-03-03 07:23:55,406 [pool-154-thread-1] INFO  server.RaftServerConfigKeys (ConfUtils.java:logGet(44)) - raft.server.log.statemachine.data.sync.timeout.retry = -1 (default)
2022-03-03 07:23:55,410 [pool-154-thread-1] INFO  server.RaftServerConfigKeys (ConfUtils.java:logGet(44)) - raft.server.log.write.buffer.size = 1048576 (custom)
2022-03-03 07:23:55,410 [pool-154-thread-1] INFO  server.RaftServerConfigKeys (ConfUtils.java:logGet(44)) - raft.server.log.statemachine.data.caching.enabled = true (custom)
2022-03-03 07:23:55,411 [pool-154-thread-1] INFO  segmented.SegmentedRaftLogWorker (SegmentedRaftLogWorker.java:lambda$new$0(133)) - f349b4ca-06a6-4713-ab55-585a61bac57c@group-EF3E863674B1-SegmentedRaftLogWorker: flushIndex: setUnconditionally 0 -> -1
2022-03-03 07:23:55,411 [pool-154-thread-1] INFO  segmented.SegmentedRaftLogWorker (SegmentedRaftLogWorker.java:lambda$new$0(133)) - f349b4ca-06a6-4713-ab55-585a61bac57c@group-EF3E863674B1-SegmentedRaftLogWorker: safeCacheEvictIndex: setUnconditionally 0 -> -1
2022-03-03 07:23:55,413 [pool-154-thread-1] INFO  server.RaftServerConfigKeys (ConfUtils.java:logGet(44)) - raft.server.snapshot.auto.trigger.enabled = true (custom)
2022-03-03 07:23:55,413 [pool-154-thread-1] INFO  server.RaftServerConfigKeys (ConfUtils.java:logGet(44)) - raft.server.snapshot.auto.trigger.threshold = 10000 (custom)
2022-03-03 07:23:55,413 [pool-154-thread-1] INFO  server.RaftServerConfigKeys (ConfUtils.java:logGet(44)) - raft.server.snapshot.retention.file.num = 5 (custom)
2022-03-03 07:23:55,413 [pool-154-thread-1] INFO  server.RaftServerConfigKeys (ConfUtils.java:logGet(44)) - raft.server.log.purge.upto.snapshot.index = false (default)
2022-03-03 07:23:55,413 [pool-154-thread-1] INFO  server.RaftServerConfigKeys (ConfUtils.java:logGet(44)) - raft.server.retrycache.expirytime = 600000ms (custom)
2022-03-03 07:23:55,413 [pool-154-thread-1] INFO  server.RaftServerConfigKeys (ConfUtils.java:logGet(44)) - raft.server.retrycache.statistics.expirytime = 100μs (default)
2022-03-03 07:23:55,415 [pool-154-thread-1] INFO  server.RaftServer$Division (RaftServerImpl.java:start(301)) - f349b4ca-06a6-4713-ab55-585a61bac57c@group-EF3E863674B1: start as a follower, conf=-1: [126ab421-4020-4271-89f3-e896157a4564|rpc:10.1.0.15:39419|dataStream:|priority:1, f349b4ca-06a6-4713-ab55-585a61bac57c|rpc:10.1.0.15:45745|dataStream:|priority:0, 5d798457-e9ee-4751-9538-7a6d36474688|rpc:10.1.0.15:41069|dataStream:|priority:0], old=null
2022-03-03 07:23:55,415 [pool-154-thread-1] INFO  server.RaftServer$Division (RaftServerImpl.java:setRole(290)) - f349b4ca-06a6-4713-ab55-585a61bac57c@group-EF3E863674B1: changes role from      null to FOLLOWER at term 0 for startAsFollower
2022-03-03 07:23:55,415 [pool-154-thread-1] INFO  impl.RoleInfo (RoleInfo.java:updateAndGet(130)) - f349b4ca-06a6-4713-ab55-585a61bac57c: start f349b4ca-06a6-4713-ab55-585a61bac57c@group-EF3E863674B1-FollowerState
2022-03-03 07:23:55,419 [pool-154-thread-1] INFO  util.JmxRegister (JmxRegister.java:tryRegister(44)) - Successfully registered JMX Bean with object name Ratis:service=RaftServer,group=group-EF3E863674B1,id=f349b4ca-06a6-4713-ab55-585a61bac57c
2022-03-03 07:23:55,487 [grpc-default-executor-3] INFO  server.RaftServer (RaftServerProxy.java:addNew(95)) - 5d798457-e9ee-4751-9538-7a6d36474688: addNew group-EF3E863674B1:[126ab421-4020-4271-89f3-e896157a4564|rpc:10.1.0.15:39419|dataStream:|priority:1, f349b4ca-06a6-4713-ab55-585a61bac57c|rpc:10.1.0.15:45745|dataStream:|priority:0, 5d798457-e9ee-4751-9538-7a6d36474688|rpc:10.1.0.15:41069|dataStream:|priority:0] returns group-EF3E863674B1:java.util.concurrent.CompletableFuture@145a4bbf[Not completed]
2022-03-03 07:23:55,489 [pool-133-thread-1] INFO  server.RaftServer$Division (RaftServerImpl.java:<init>(184)) - 5d798457-e9ee-4751-9538-7a6d36474688: new RaftServerImpl for group-EF3E863674B1:[126ab421-4020-4271-89f3-e896157a4564|rpc:10.1.0.15:39419|dataStream:|priority:1, f349b4ca-06a6-4713-ab55-585a61bac57c|rpc:10.1.0.15:45745|dataStream:|priority:0, 5d798457-e9ee-4751-9538-7a6d36474688|rpc:10.1.0.15:41069|dataStream:|priority:0] with ContainerStateMachine:uninitialized
2022-03-03 07:23:55,492 [pool-133-thread-1] INFO  server.RaftServerConfigKeys (ConfUtils.java:logGet(44)) - raft.server.rpc.timeout.min = 5s (custom)
2022-03-03 07:23:55,492 [pool-133-thread-1] INFO  server.RaftServerConfigKeys (ConfUtils.java:logGet(44)) - raft.server.rpc.timeout.max = 5200ms (custom)
2022-03-03 07:23:55,492 [pool-133-thread-1] INFO  server.RaftServerConfigKeys (ConfUtils.java:logGet(44)) - raft.server.rpc.sleep.time = 25ms (default)
2022-03-03 07:23:55,492 [pool-133-thread-1] INFO  server.RaftServerConfigKeys (ConfUtils.java:logGet(44)) - raft.server.rpc.slowness.timeout = 300s (custom)
2022-03-03 07:23:55,493 [pool-133-thread-1] INFO  server.RaftServerConfigKeys (ConfUtils.java:logGet(44)) - raft.server.leaderelection.leader.step-down.wait-time = 10s (default)
2022-03-03 07:23:55,493 [pool-133-thread-1] INFO  server.RaftServerConfigKeys (ConfUtils.java:logGet(44)) - raft.server.sleep.deviation.threshold = 300ms (default)
2022-03-03 07:23:55,493 [pool-133-thread-1] INFO  server.RaftServerConfigKeys (ConfUtils.java:logGet(44)) - raft.server.log.appender.install.snapshot.enabled = false (custom)
2022-03-03 07:23:55,493 [pool-133-thread-1] INFO  server.RaftServer$Division (ServerState.java:<init>(105)) - 5d798457-e9ee-4751-9538-7a6d36474688@group-EF3E863674B1: ConfigurationManager, init=-1: [126ab421-4020-4271-89f3-e896157a4564|rpc:10.1.0.15:39419|dataStream:|priority:1, f349b4ca-06a6-4713-ab55-585a61bac57c|rpc:10.1.0.15:45745|dataStream:|priority:0, 5d798457-e9ee-4751-9538-7a6d36474688|rpc:10.1.0.15:41069|dataStream:|priority:0], old=null, confs=<EMPTY_MAP>
2022-03-03 07:23:55,493 [pool-133-thread-1] INFO  server.RaftServerConfigKeys (ConfUtils.java:logGet(44)) - raft.server.storage.dir = [/home/runner/work/ozone/ozone/hadoop-ozone/integration-test/target/test-dir/MiniOzoneClusterImpl-73ba9704-0a97-4d3d-983a-0dacfed22b51/datanode-1/data/ratis] (custom)
2022-03-03 07:23:55,495 [pool-133-thread-1] INFO  server.RaftServerConfigKeys (ConfUtils.java:logGet(44)) - raft.server.log.corruption.policy = EXCEPTION (default)
2022-03-03 07:23:55,495 [pool-133-thread-1] INFO  server.RaftServerConfigKeys (ConfUtils.java:logGet(44)) - raft.server.storage.free-space.min = 0MB (=0) (default)
2022-03-03 07:23:55,495 [pool-133-thread-1] INFO  storage.RaftStorageDirectory (RaftStorageDirectoryImpl.java:analyzeStorage(135)) - The storage directory /home/runner/work/ozone/ozone/hadoop-ozone/integration-test/target/test-dir/MiniOzoneClusterImpl-73ba9704-0a97-4d3d-983a-0dacfed22b51/datanode-1/data/ratis/40576761-d161-4a5f-ab95-ef3e863674b1 does not exist. Creating ...
2022-03-03 07:23:55,496 [pool-133-thread-1] INFO  storage.RaftStorageDirectory (RaftStorageDirectoryImpl.java:tryLock(230)) - Lock on /home/runner/work/ozone/ozone/hadoop-ozone/integration-test/target/test-dir/MiniOzoneClusterImpl-73ba9704-0a97-4d3d-983a-0dacfed22b51/datanode-1/data/ratis/40576761-d161-4a5f-ab95-ef3e863674b1/in_use.lock acquired by nodename 30716@fv-az501-749
2022-03-03 07:23:55,498 [pool-133-thread-1] INFO  storage.RaftStorage (RaftStorageImpl.java:format(89)) - Storage directory /home/runner/work/ozone/ozone/hadoop-ozone/integration-test/target/test-dir/MiniOzoneClusterImpl-73ba9704-0a97-4d3d-983a-0dacfed22b51/datanode-1/data/ratis/40576761-d161-4a5f-ab95-ef3e863674b1 has been successfully formatted.
2022-03-03 07:23:55,502 [pool-133-thread-1] INFO  ratis.ContainerStateMachine (ContainerStateMachine.java:loadSnapshot(236)) - group-EF3E863674B1: The snapshot info is null. Setting the last applied indexto:(t:0, i:~)
2022-03-03 07:23:55,506 [pool-133-thread-1] INFO  server.RaftServerConfigKeys (ConfUtils.java:logGet(44)) - raft.server.notification.no-leader.timeout = 300s (custom)
2022-03-03 07:23:55,506 [pool-133-thread-1] INFO  server.RaftServerConfigKeys (ConfUtils.java:logGet(44)) - raft.server.log.use.memory = false (default)
2022-03-03 07:23:55,506 [pool-133-thread-1] INFO  server.RaftServerConfigKeys (ConfUtils.java:logGet(44)) - raft.server.log.purge.gap = 1000000 (custom)
2022-03-03 07:23:55,506 [pool-133-thread-1] INFO  server.RaftServerConfigKeys (ConfUtils.java:logGet(44)) - raft.server.log.appender.buffer.byte-limit = 33554432 (custom)
2022-03-03 07:23:55,507 [pool-133-thread-1] INFO  server.RaftServerConfigKeys (ConfUtils.java:logGet(44)) - raft.server.log.segment.size.max = 1048576 (custom)
2022-03-03 07:23:55,509 [pool-133-thread-1] INFO  server.RaftServerConfigKeys (ConfUtils.java:logGet(44)) - raft.server.log.segment.cache.num.max = 2 (custom)
2022-03-03 07:23:55,509 [pool-133-thread-1] INFO  server.RaftServerConfigKeys (ConfUtils.java:logGet(44)) - raft.server.log.segment.cache.size.max = 200MB (=209715200) (default)
2022-03-03 07:23:55,510 [pool-133-thread-1] INFO  segmented.SegmentedRaftLogWorker (SegmentedRaftLogWorker.java:<init>(182)) - new 5d798457-e9ee-4751-9538-7a6d36474688@group-EF3E863674B1-SegmentedRaftLogWorker for RaftStorageImpl:Storage Directory /home/runner/work/ozone/ozone/hadoop-ozone/integration-test/target/test-dir/MiniOzoneClusterImpl-73ba9704-0a97-4d3d-983a-0dacfed22b51/datanode-1/data/ratis/40576761-d161-4a5f-ab95-ef3e863674b1
2022-03-03 07:23:55,510 [pool-133-thread-1] INFO  server.RaftServerConfigKeys (ConfUtils.java:logGet(44)) - raft.server.log.queue.byte-limit = 4294967296 (custom)
2022-03-03 07:23:55,510 [pool-133-thread-1] INFO  server.RaftServerConfigKeys (ConfUtils.java:logGet(44)) - raft.server.log.queue.element-limit = 1024 (custom)
2022-03-03 07:23:55,510 [pool-133-thread-1] INFO  server.RaftServerConfigKeys (ConfUtils.java:logGet(44)) - raft.server.log.segment.size.max = 1048576 (custom)
2022-03-03 07:23:55,510 [pool-133-thread-1] INFO  server.RaftServerConfigKeys (ConfUtils.java:logGet(44)) - raft.server.log.preallocated.size = 16384 (custom)
2022-03-03 07:23:55,510 [pool-133-thread-1] INFO  server.RaftServerConfigKeys (ConfUtils.java:logGet(44)) - raft.server.log.force.sync.num = 128 (default)
2022-03-03 07:23:55,510 [pool-133-thread-1] INFO  server.RaftServerConfigKeys (ConfUtils.java:logGet(44)) - raft.server.log.statemachine.data.sync = true (default)
2022-03-03 07:23:55,511 [pool-133-thread-1] INFO  server.RaftServerConfigKeys (ConfUtils.java:logGet(44)) - raft.server.log.statemachine.data.sync.timeout = 10s (default)
2022-03-03 07:23:55,511 [pool-133-thread-1] INFO  server.RaftServerConfigKeys (ConfUtils.java:logGet(44)) - raft.server.log.statemachine.data.sync.timeout.retry = -1 (default)
2022-03-03 07:23:55,513 [pool-133-thread-1] INFO  server.RaftServerConfigKeys (ConfUtils.java:logGet(44)) - raft.server.log.write.buffer.size = 1048576 (custom)
2022-03-03 07:23:55,514 [pool-133-thread-1] INFO  server.RaftServerConfigKeys (ConfUtils.java:logGet(44)) - raft.server.log.statemachine.data.caching.enabled = true (custom)
2022-03-03 07:23:55,514 [pool-133-thread-1] INFO  segmented.SegmentedRaftLogWorker (SegmentedRaftLogWorker.java:lambda$new$0(133)) - 5d798457-e9ee-4751-9538-7a6d36474688@group-EF3E863674B1-SegmentedRaftLogWorker: flushIndex: setUnconditionally 0 -> -1
2022-03-03 07:23:55,514 [pool-133-thread-1] INFO  segmented.SegmentedRaftLogWorker (SegmentedRaftLogWorker.java:lambda$new$0(133)) - 5d798457-e9ee-4751-9538-7a6d36474688@group-EF3E863674B1-SegmentedRaftLogWorker: safeCacheEvictIndex: setUnconditionally 0 -> -1
2022-03-03 07:23:55,517 [pool-133-thread-1] INFO  server.RaftServerConfigKeys (ConfUtils.java:logGet(44)) - raft.server.snapshot.auto.trigger.enabled = true (custom)
2022-03-03 07:23:55,517 [pool-133-thread-1] INFO  server.RaftServerConfigKeys (ConfUtils.java:logGet(44)) - raft.server.snapshot.auto.trigger.threshold = 10000 (custom)
2022-03-03 07:23:55,517 [pool-133-thread-1] INFO  server.RaftServerConfigKeys (ConfUtils.java:logGet(44)) - raft.server.snapshot.retention.file.num = 5 (custom)
2022-03-03 07:23:55,517 [pool-133-thread-1] INFO  server.RaftServerConfigKeys (ConfUtils.java:logGet(44)) - raft.server.log.purge.upto.snapshot.index = false (default)
2022-03-03 07:23:55,518 [pool-133-thread-1] INFO  server.RaftServerConfigKeys (ConfUtils.java:logGet(44)) - raft.server.retrycache.expirytime = 600000ms (custom)
2022-03-03 07:23:55,518 [pool-133-thread-1] INFO  server.RaftServerConfigKeys (ConfUtils.java:logGet(44)) - raft.server.retrycache.statistics.expirytime = 100μs (default)
2022-03-03 07:23:55,520 [pool-133-thread-1] INFO  server.RaftServer$Division (RaftServerImpl.java:start(301)) - 5d798457-e9ee-4751-9538-7a6d36474688@group-EF3E863674B1: start as a follower, conf=-1: [126ab421-4020-4271-89f3-e896157a4564|rpc:10.1.0.15:39419|dataStream:|priority:1, f349b4ca-06a6-4713-ab55-585a61bac57c|rpc:10.1.0.15:45745|dataStream:|priority:0, 5d798457-e9ee-4751-9538-7a6d36474688|rpc:10.1.0.15:41069|dataStream:|priority:0], old=null
2022-03-03 07:23:55,520 [pool-133-thread-1] INFO  server.RaftServer$Division (RaftServerImpl.java:setRole(290)) - 5d798457-e9ee-4751-9538-7a6d36474688@group-EF3E863674B1: changes role from      null to FOLLOWER at term 0 for startAsFollower
2022-03-03 07:23:55,521 [pool-133-thread-1] INFO  impl.RoleInfo (RoleInfo.java:updateAndGet(130)) - 5d798457-e9ee-4751-9538-7a6d36474688: start 5d798457-e9ee-4751-9538-7a6d36474688@group-EF3E863674B1-FollowerState
2022-03-03 07:23:55,521 [pool-133-thread-1] INFO  util.JmxRegister (JmxRegister.java:tryRegister(44)) - Successfully registered JMX Bean with object name Ratis:service=RaftServer,group=group-EF3E863674B1,id=5d798457-e9ee-4751-9538-7a6d36474688
2022-03-03 07:23:55,535 [Command processor thread] INFO  commandhandler.CreatePipelineCommandHandler (CreatePipelineCommandHandler.java:handle(106)) - Created Pipeline RATIS THREE PipelineID=40576761-d161-4a5f-ab95-ef3e863674b1.
2022-03-03 07:23:55,536 [Command processor thread] INFO  server.RaftServer (RaftServerProxy.java:addNew(95)) - 126ab421-4020-4271-89f3-e896157a4564: addNew group-303A2581FB0E:[126ab421-4020-4271-89f3-e896157a4564|rpc:10.1.0.15:39419|priority:0, f349b4ca-06a6-4713-ab55-585a61bac57c|rpc:10.1.0.15:45745|priority:0, 5d798457-e9ee-4751-9538-7a6d36474688|rpc:10.1.0.15:41069|priority:1] returns group-303A2581FB0E:java.util.concurrent.CompletableFuture@29981934[Not completed]
2022-03-03 07:23:55,537 [pool-112-thread-1] INFO  server.RaftServer$Division (RaftServerImpl.java:<init>(184)) - 126ab421-4020-4271-89f3-e896157a4564: new RaftServerImpl for group-303A2581FB0E:[126ab421-4020-4271-89f3-e896157a4564|rpc:10.1.0.15:39419|priority:0, f349b4ca-06a6-4713-ab55-585a61bac57c|rpc:10.1.0.15:45745|priority:0, 5d798457-e9ee-4751-9538-7a6d36474688|rpc:10.1.0.15:41069|priority:1] with ContainerStateMachine:uninitialized
2022-03-03 07:23:55,538 [pool-112-thread-1] INFO  server.RaftServerConfigKeys (ConfUtils.java:logGet(44)) - raft.server.rpc.timeout.min = 5s (custom)
2022-03-03 07:23:55,538 [pool-112-thread-1] INFO  server.RaftServerConfigKeys (ConfUtils.java:logGet(44)) - raft.server.rpc.timeout.max = 5200ms (custom)
2022-03-03 07:23:55,538 [pool-112-thread-1] INFO  server.RaftServerConfigKeys (ConfUtils.java:logGet(44)) - raft.server.rpc.sleep.time = 25ms (default)
2022-03-03 07:23:55,538 [pool-112-thread-1] INFO  server.RaftServerConfigKeys (ConfUtils.java:logGet(44)) - raft.server.rpc.slowness.timeout = 300s (custom)
2022-03-03 07:23:55,538 [pool-112-thread-1] INFO  server.RaftServerConfigKeys (ConfUtils.java:logGet(44)) - raft.server.leaderelection.leader.step-down.wait-time = 10s (default)
2022-03-03 07:23:55,538 [pool-112-thread-1] INFO  server.RaftServerConfigKeys (ConfUtils.java:logGet(44)) - raft.server.sleep.deviation.threshold = 300ms (default)
2022-03-03 07:23:55,538 [pool-112-thread-1] INFO  server.RaftServerConfigKeys (ConfUtils.java:logGet(44)) - raft.server.log.appender.install.snapshot.enabled = false (custom)
2022-03-03 07:23:55,538 [pool-112-thread-1] INFO  server.RaftServer$Division (ServerState.java:<init>(105)) - 126ab421-4020-4271-89f3-e896157a4564@group-303A2581FB0E: ConfigurationManager, init=-1: [126ab421-4020-4271-89f3-e896157a4564|rpc:10.1.0.15:39419|priority:0, f349b4ca-06a6-4713-ab55-585a61bac57c|rpc:10.1.0.15:45745|priority:0, 5d798457-e9ee-4751-9538-7a6d36474688|rpc:10.1.0.15:41069|priority:1], old=null, confs=<EMPTY_MAP>
2022-03-03 07:23:55,538 [pool-112-thread-1] INFO  server.RaftServerConfigKeys (ConfUtils.java:logGet(44)) - raft.server.storage.dir = [/home/runner/work/ozone/ozone/hadoop-ozone/integration-test/target/test-dir/MiniOzoneClusterImpl-73ba9704-0a97-4d3d-983a-0dacfed22b51/datanode-0/data/ratis] (custom)
2022-03-03 07:23:55,539 [pool-112-thread-1] INFO  server.RaftServerConfigKeys (ConfUtils.java:logGet(44)) - raft.server.log.corruption.policy = EXCEPTION (default)
2022-03-03 07:23:55,539 [pool-112-thread-1] INFO  server.RaftServerConfigKeys (ConfUtils.java:logGet(44)) - raft.server.storage.free-space.min = 0MB (=0) (default)
2022-03-03 07:23:55,539 [pool-112-thread-1] INFO  storage.RaftStorageDirectory (RaftStorageDirectoryImpl.java:analyzeStorage(135)) - The storage directory /home/runner/work/ozone/ozone/hadoop-ozone/integration-test/target/test-dir/MiniOzoneClusterImpl-73ba9704-0a97-4d3d-983a-0dacfed22b51/datanode-0/data/ratis/49ea45f0-bf41-4441-ba17-303a2581fb0e does not exist. Creating ...
2022-03-03 07:23:55,540 [pool-112-thread-1] INFO  storage.RaftStorageDirectory (RaftStorageDirectoryImpl.java:tryLock(230)) - Lock on /home/runner/work/ozone/ozone/hadoop-ozone/integration-test/target/test-dir/MiniOzoneClusterImpl-73ba9704-0a97-4d3d-983a-0dacfed22b51/datanode-0/data/ratis/49ea45f0-bf41-4441-ba17-303a2581fb0e/in_use.lock acquired by nodename 30716@fv-az501-749
2022-03-03 07:23:55,543 [pool-112-thread-1] INFO  storage.RaftStorage (RaftStorageImpl.java:format(89)) - Storage directory /home/runner/work/ozone/ozone/hadoop-ozone/integration-test/target/test-dir/MiniOzoneClusterImpl-73ba9704-0a97-4d3d-983a-0dacfed22b51/datanode-0/data/ratis/49ea45f0-bf41-4441-ba17-303a2581fb0e has been successfully formatted.
2022-03-03 07:23:55,543 [pool-112-thread-1] INFO  ratis.ContainerStateMachine (ContainerStateMachine.java:loadSnapshot(236)) - group-303A2581FB0E: The snapshot info is null. Setting the last applied indexto:(t:0, i:~)
2022-03-03 07:23:55,543 [pool-112-thread-1] INFO  server.RaftServerConfigKeys (ConfUtils.java:logGet(44)) - raft.server.notification.no-leader.timeout = 300s (custom)
2022-03-03 07:23:55,543 [pool-112-thread-1] INFO  server.RaftServerConfigKeys (ConfUtils.java:logGet(44)) - raft.server.log.use.memory = false (default)
2022-03-03 07:23:55,544 [pool-112-thread-1] INFO  server.RaftServerConfigKeys (ConfUtils.java:logGet(44)) - raft.server.log.purge.gap = 1000000 (custom)
2022-03-03 07:23:55,550 [pool-112-thread-1] INFO  server.RaftServerConfigKeys (ConfUtils.java:logGet(44)) - raft.server.log.appender.buffer.byte-limit = 33554432 (custom)
2022-03-03 07:23:55,551 [EventQueue-OpenPipelineForHealthyPipelineSafeModeRule] INFO  safemode.SCMSafeModeManager (HealthyPipelineSafeModeRule.java:process(124)) - SCM in safe mode. Healthy pipelines reported count is 0, required healthy pipeline reported count is 1
2022-03-03 07:23:55,551 [pool-112-thread-1] INFO  server.RaftServerConfigKeys (ConfUtils.java:logGet(44)) - raft.server.log.segment.size.max = 1048576 (custom)
2022-03-03 07:23:55,552 [pool-112-thread-1] INFO  server.RaftServerConfigKeys (ConfUtils.java:logGet(44)) - raft.server.log.segment.cache.num.max = 2 (custom)
2022-03-03 07:23:55,555 [pool-133-thread-1] INFO  server.RaftServer$Division (RaftServerImpl.java:<init>(184)) - 5d798457-e9ee-4751-9538-7a6d36474688: new RaftServerImpl for group-FCB2CE0783F5:[5d798457-e9ee-4751-9538-7a6d36474688|rpc:10.1.0.15:41069|priority:1] with ContainerStateMachine:uninitialized
2022-03-03 07:23:55,556 [pool-133-thread-1] INFO  server.RaftServerConfigKeys (ConfUtils.java:logGet(44)) - raft.server.rpc.timeout.min = 5s (custom)
2022-03-03 07:23:55,556 [pool-133-thread-1] INFO  server.RaftServerConfigKeys (ConfUtils.java:logGet(44)) - raft.server.rpc.timeout.max = 5200ms (custom)
2022-03-03 07:23:55,556 [pool-133-thread-1] INFO  server.RaftServerConfigKeys (ConfUtils.java:logGet(44)) - raft.server.rpc.sleep.time = 25ms (default)
2022-03-03 07:23:55,556 [pool-133-thread-1] INFO  server.RaftServerConfigKeys (ConfUtils.java:logGet(44)) - raft.server.rpc.slowness.timeout = 300s (custom)
2022-03-03 07:23:55,556 [pool-133-thread-1] INFO  server.RaftServerConfigKeys (ConfUtils.java:logGet(44)) - raft.server.leaderelection.leader.step-down.wait-time = 10s (default)
2022-03-03 07:23:55,556 [pool-133-thread-1] INFO  server.RaftServerConfigKeys (ConfUtils.java:logGet(44)) - raft.server.sleep.deviation.threshold = 300ms (default)
2022-03-03 07:23:55,556 [pool-133-thread-1] INFO  server.RaftServerConfigKeys (ConfUtils.java:logGet(44)) - raft.server.log.appender.install.snapshot.enabled = false (custom)
2022-03-03 07:23:55,556 [pool-133-thread-1] INFO  server.RaftServer$Division (ServerState.java:<init>(105)) - 5d798457-e9ee-4751-9538-7a6d36474688@group-FCB2CE0783F5: ConfigurationManager, init=-1: [5d798457-e9ee-4751-9538-7a6d36474688|rpc:10.1.0.15:41069|priority:1], old=null, confs=<EMPTY_MAP>
2022-03-03 07:23:55,556 [pool-133-thread-1] INFO  server.RaftServerConfigKeys (ConfUtils.java:logGet(44)) - raft.server.storage.dir = [/home/runner/work/ozone/ozone/hadoop-ozone/integration-test/target/test-dir/MiniOzoneClusterImpl-73ba9704-0a97-4d3d-983a-0dacfed22b51/datanode-1/data/ratis] (custom)
2022-03-03 07:23:55,557 [pool-133-thread-1] INFO  server.RaftServerConfigKeys (ConfUtils.java:logGet(44)) - raft.server.log.corruption.policy = EXCEPTION (default)
2022-03-03 07:23:55,557 [pool-133-thread-1] INFO  server.RaftServerConfigKeys (ConfUtils.java:logGet(44)) - raft.server.storage.free-space.min = 0MB (=0) (default)
2022-03-03 07:23:55,557 [pool-133-thread-1] INFO  storage.RaftStorageDirectory (RaftStorageDirectoryImpl.java:analyzeStorage(135)) - The storage directory /home/runner/work/ozone/ozone/hadoop-ozone/integration-test/target/test-dir/MiniOzoneClusterImpl-73ba9704-0a97-4d3d-983a-0dacfed22b51/datanode-1/data/ratis/94a5cce6-82dd-40e6-8fc7-fcb2ce0783f5 does not exist. Creating ...
2022-03-03 07:23:55,554 [Command processor thread] INFO  server.RaftServer (RaftServerProxy.java:addNew(95)) - 5d798457-e9ee-4751-9538-7a6d36474688: addNew group-FCB2CE0783F5:[5d798457-e9ee-4751-9538-7a6d36474688|rpc:10.1.0.15:41069|priority:1] returns group-FCB2CE0783F5:java.util.concurrent.CompletableFuture@2292ddcb[Not completed]
2022-03-03 07:23:55,558 [pool-112-thread-1] INFO  server.RaftServerConfigKeys (ConfUtils.java:logGet(44)) - raft.server.log.segment.cache.size.max = 200MB (=209715200) (default)
2022-03-03 07:23:55,558 [pool-112-thread-1] INFO  segmented.SegmentedRaftLogWorker (SegmentedRaftLogWorker.java:<init>(182)) - new 126ab421-4020-4271-89f3-e896157a4564@group-303A2581FB0E-SegmentedRaftLogWorker for RaftStorageImpl:Storage Directory /home/runner/work/ozone/ozone/hadoop-ozone/integration-test/target/test-dir/MiniOzoneClusterImpl-73ba9704-0a97-4d3d-983a-0dacfed22b51/datanode-0/data/ratis/49ea45f0-bf41-4441-ba17-303a2581fb0e
2022-03-03 07:23:55,558 [pool-112-thread-1] INFO  server.RaftServerConfigKeys (ConfUtils.java:logGet(44)) - raft.server.log.queue.byte-limit = 4294967296 (custom)
2022-03-03 07:23:55,558 [pool-133-thread-1] INFO  storage.RaftStorageDirectory (RaftStorageDirectoryImpl.java:tryLock(230)) - Lock on /home/runner/work/ozone/ozone/hadoop-ozone/integration-test/target/test-dir/MiniOzoneClusterImpl-73ba9704-0a97-4d3d-983a-0dacfed22b51/datanode-1/data/ratis/94a5cce6-82dd-40e6-8fc7-fcb2ce0783f5/in_use.lock acquired by nodename 30716@fv-az501-749
2022-03-03 07:23:55,558 [pool-112-thread-1] INFO  server.RaftServerConfigKeys (ConfUtils.java:logGet(44)) - raft.server.log.queue.element-limit = 1024 (custom)
2022-03-03 07:23:55,560 [pool-112-thread-1] INFO  server.RaftServerConfigKeys (ConfUtils.java:logGet(44)) - raft.server.log.segment.size.max = 1048576 (custom)
2022-03-03 07:23:55,560 [pool-112-thread-1] INFO  server.RaftServerConfigKeys (ConfUtils.java:logGet(44)) - raft.server.log.preallocated.size = 16384 (custom)
2022-03-03 07:23:55,560 [pool-112-thread-1] INFO  server.RaftServerConfigKeys (ConfUtils.java:logGet(44)) - raft.server.log.force.sync.num = 128 (default)
2022-03-03 07:23:55,561 [pool-133-thread-1] INFO  storage.RaftStorage (RaftStorageImpl.java:format(89)) - Storage directory /home/runner/work/ozone/ozone/hadoop-ozone/integration-test/target/test-dir/MiniOzoneClusterImpl-73ba9704-0a97-4d3d-983a-0dacfed22b51/datanode-1/data/ratis/94a5cce6-82dd-40e6-8fc7-fcb2ce0783f5 has been successfully formatted.
2022-03-03 07:23:55,562 [pool-133-thread-1] INFO  ratis.ContainerStateMachine (ContainerStateMachine.java:loadSnapshot(236)) - group-FCB2CE0783F5: The snapshot info is null. Setting the last applied indexto:(t:0, i:~)
2022-03-03 07:23:55,562 [pool-133-thread-1] INFO  server.RaftServerConfigKeys (ConfUtils.java:logGet(44)) - raft.server.notification.no-leader.timeout = 300s (custom)
2022-03-03 07:23:55,562 [pool-133-thread-1] INFO  server.RaftServerConfigKeys (ConfUtils.java:logGet(44)) - raft.server.log.use.memory = false (default)
2022-03-03 07:23:55,562 [pool-133-thread-1] INFO  server.RaftServerConfigKeys (ConfUtils.java:logGet(44)) - raft.server.log.purge.gap = 1000000 (custom)
2022-03-03 07:23:55,563 [pool-133-thread-1] INFO  server.RaftServerConfigKeys (ConfUtils.java:logGet(44)) - raft.server.log.appender.buffer.byte-limit = 33554432 (custom)
2022-03-03 07:23:55,563 [pool-133-thread-1] INFO  server.RaftServerConfigKeys (ConfUtils.java:logGet(44)) - raft.server.log.segment.size.max = 1048576 (custom)
2022-03-03 07:23:55,565 [pool-133-thread-1] INFO  server.RaftServerConfigKeys (ConfUtils.java:logGet(44)) - raft.server.log.segment.cache.num.max = 2 (custom)
2022-03-03 07:23:55,566 [pool-133-thread-1] INFO  server.RaftServerConfigKeys (ConfUtils.java:logGet(44)) - raft.server.log.segment.cache.size.max = 200MB (=209715200) (default)
2022-03-03 07:23:55,567 [pool-133-thread-1] INFO  segmented.SegmentedRaftLogWorker (SegmentedRaftLogWorker.java:<init>(182)) - new 5d798457-e9ee-4751-9538-7a6d36474688@group-FCB2CE0783F5-SegmentedRaftLogWorker for RaftStorageImpl:Storage Directory /home/runner/work/ozone/ozone/hadoop-ozone/integration-test/target/test-dir/MiniOzoneClusterImpl-73ba9704-0a97-4d3d-983a-0dacfed22b51/datanode-1/data/ratis/94a5cce6-82dd-40e6-8fc7-fcb2ce0783f5
2022-03-03 07:23:55,567 [pool-133-thread-1] INFO  server.RaftServerConfigKeys (ConfUtils.java:logGet(44)) - raft.server.log.queue.byte-limit = 4294967296 (custom)
2022-03-03 07:23:55,567 [pool-133-thread-1] INFO  server.RaftServerConfigKeys (ConfUtils.java:logGet(44)) - raft.server.log.queue.element-limit = 1024 (custom)
2022-03-03 07:23:55,567 [pool-133-thread-1] INFO  server.RaftServerConfigKeys (ConfUtils.java:logGet(44)) - raft.server.log.segment.size.max = 1048576 (custom)
2022-03-03 07:23:55,567 [pool-133-thread-1] INFO  server.RaftServerConfigKeys (ConfUtils.java:logGet(44)) - raft.server.log.preallocated.size = 16384 (custom)
2022-03-03 07:23:55,567 [pool-133-thread-1] INFO  server.RaftServerConfigKeys (ConfUtils.java:logGet(44)) - raft.server.log.force.sync.num = 128 (default)
2022-03-03 07:23:55,568 [pool-133-thread-1] INFO  server.RaftServerConfigKeys (ConfUtils.java:logGet(44)) - raft.server.log.statemachine.data.sync = true (default)
2022-03-03 07:23:55,571 [pool-133-thread-1] INFO  server.RaftServerConfigKeys (ConfUtils.java:logGet(44)) - raft.server.log.statemachine.data.sync.timeout = 10s (default)
2022-03-03 07:23:55,572 [pool-133-thread-1] INFO  server.RaftServerConfigKeys (ConfUtils.java:logGet(44)) - raft.server.log.statemachine.data.sync.timeout.retry = -1 (default)
2022-03-03 07:23:55,567 [pool-112-thread-1] INFO  server.RaftServerConfigKeys (ConfUtils.java:logGet(44)) - raft.server.log.statemachine.data.sync = true (default)
2022-03-03 07:23:55,573 [pool-112-thread-1] INFO  server.RaftServerConfigKeys (ConfUtils.java:logGet(44)) - raft.server.log.statemachine.data.sync.timeout = 10s (default)
2022-03-03 07:23:55,573 [pool-112-thread-1] INFO  server.RaftServerConfigKeys (ConfUtils.java:logGet(44)) - raft.server.log.statemachine.data.sync.timeout.retry = -1 (default)
2022-03-03 07:23:55,587 [pool-112-thread-1] INFO  server.RaftServerConfigKeys (ConfUtils.java:logGet(44)) - raft.server.log.write.buffer.size = 1048576 (custom)
2022-03-03 07:23:55,587 [pool-112-thread-1] INFO  server.RaftServerConfigKeys (ConfUtils.java:logGet(44)) - raft.server.log.statemachine.data.caching.enabled = true (custom)
2022-03-03 07:23:55,587 [pool-112-thread-1] INFO  segmented.SegmentedRaftLogWorker (SegmentedRaftLogWorker.java:lambda$new$0(133)) - 126ab421-4020-4271-89f3-e896157a4564@group-303A2581FB0E-SegmentedRaftLogWorker: flushIndex: setUnconditionally 0 -> -1
2022-03-03 07:23:55,587 [pool-112-thread-1] INFO  segmented.SegmentedRaftLogWorker (SegmentedRaftLogWorker.java:lambda$new$0(133)) - 126ab421-4020-4271-89f3-e896157a4564@group-303A2581FB0E-SegmentedRaftLogWorker: safeCacheEvictIndex: setUnconditionally 0 -> -1
2022-03-03 07:23:55,590 [pool-112-thread-1] INFO  server.RaftServerConfigKeys (ConfUtils.java:logGet(44)) - raft.server.snapshot.auto.trigger.enabled = true (custom)
2022-03-03 07:23:55,590 [pool-112-thread-1] INFO  server.RaftServerConfigKeys (ConfUtils.java:logGet(44)) - raft.server.snapshot.auto.trigger.threshold = 10000 (custom)
2022-03-03 07:23:55,591 [pool-112-thread-1] INFO  server.RaftServerConfigKeys (ConfUtils.java:logGet(44)) - raft.server.snapshot.retention.file.num = 5 (custom)
2022-03-03 07:23:55,591 [pool-112-thread-1] INFO  server.RaftServerConfigKeys (ConfUtils.java:logGet(44)) - raft.server.log.purge.upto.snapshot.index = false (default)
2022-03-03 07:23:55,591 [pool-112-thread-1] INFO  server.RaftServerConfigKeys (ConfUtils.java:logGet(44)) - raft.server.retrycache.expirytime = 600000ms (custom)
2022-03-03 07:23:55,591 [pool-112-thread-1] INFO  server.RaftServerConfigKeys (ConfUtils.java:logGet(44)) - raft.server.retrycache.statistics.expirytime = 100μs (default)
2022-03-03 07:23:55,592 [pool-112-thread-1] INFO  server.RaftServer$Division (RaftServerImpl.java:start(301)) - 126ab421-4020-4271-89f3-e896157a4564@group-303A2581FB0E: start as a follower, conf=-1: [126ab421-4020-4271-89f3-e896157a4564|rpc:10.1.0.15:39419|priority:0, f349b4ca-06a6-4713-ab55-585a61bac57c|rpc:10.1.0.15:45745|priority:0, 5d798457-e9ee-4751-9538-7a6d36474688|rpc:10.1.0.15:41069|priority:1], old=null
2022-03-03 07:23:55,593 [pool-112-thread-1] INFO  server.RaftServer$Division (RaftServerImpl.java:setRole(290)) - 126ab421-4020-4271-89f3-e896157a4564@group-303A2581FB0E: changes role from      null to FOLLOWER at term 0 for startAsFollower
2022-03-03 07:23:55,593 [EventQueue-PipelineReportForPipelineReportHandler] INFO  pipeline.PipelineManagerImpl (PipelineManagerImpl.java:openPipeline(291)) - Pipeline Pipeline[ Id: 94a5cce6-82dd-40e6-8fc7-fcb2ce0783f5, Nodes: 5d798457-e9ee-4751-9538-7a6d36474688{ip: 10.1.0.15, host: fv-az501-749.rsswf2em5frezlg3dkjt5mgqaf.dx.internal.cloudapp.net, ports: [REPLICATION=35947, RATIS=41069, RATIS_ADMIN=41069, RATIS_SERVER=41069, STANDALONE=38567], networkLocation: /default-rack, certSerialId: null, persistedOpState: IN_SERVICE, persistedOpStateExpiryEpochSec: 0}, ReplicationConfig: RATIS/ONE, State:ALLOCATED, leaderId:5d798457-e9ee-4751-9538-7a6d36474688, CreationTimestamp2022-03-03T07:23:52.560Z[Etc/UTC]] moved to OPEN state
2022-03-03 07:23:55,595 [pool-133-thread-1] INFO  server.RaftServerConfigKeys (ConfUtils.java:logGet(44)) - raft.server.log.write.buffer.size = 1048576 (custom)
2022-03-03 07:23:55,596 [pool-133-thread-1] INFO  server.RaftServerConfigKeys (ConfUtils.java:logGet(44)) - raft.server.log.statemachine.data.caching.enabled = true (custom)
2022-03-03 07:23:55,596 [pool-133-thread-1] INFO  segmented.SegmentedRaftLogWorker (SegmentedRaftLogWorker.java:lambda$new$0(133)) - 5d798457-e9ee-4751-9538-7a6d36474688@group-FCB2CE0783F5-SegmentedRaftLogWorker: flushIndex: setUnconditionally 0 -> -1
2022-03-03 07:23:55,596 [pool-133-thread-1] INFO  segmented.SegmentedRaftLogWorker (SegmentedRaftLogWorker.java:lambda$new$0(133)) - 5d798457-e9ee-4751-9538-7a6d36474688@group-FCB2CE0783F5-SegmentedRaftLogWorker: safeCacheEvictIndex: setUnconditionally 0 -> -1
2022-03-03 07:23:55,595 [pool-112-thread-1] INFO  impl.RoleInfo (RoleInfo.java:updateAndGet(130)) - 126ab421-4020-4271-89f3-e896157a4564: start 126ab421-4020-4271-89f3-e896157a4564@group-303A2581FB0E-FollowerState
2022-03-03 07:23:55,598 [pool-133-thread-1] INFO  server.RaftServerConfigKeys (ConfUtils.java:logGet(44)) - raft.server.snapshot.auto.trigger.enabled = true (custom)
2022-03-03 07:23:55,598 [d78b0498-37f7-42fa-abe7-9e1e0a9796db@group-0DACFED22B51-StateMachineUpdater] INFO  safemode.HealthyPipelineSafeModeRule (HealthyPipelineSafeModeRule.java:initializeRule(152)) - Refreshed total pipeline count is 0, healthy pipeline threshold count is 1
2022-03-03 07:23:55,600 [pool-133-thread-1] INFO  server.RaftServerConfigKeys (ConfUtils.java:logGet(44)) - raft.server.snapshot.auto.trigger.threshold = 10000 (custom)
2022-03-03 07:23:55,600 [EventQueue-OpenPipelineForHealthyPipelineSafeModeRule] INFO  safemode.SCMSafeModeManager (HealthyPipelineSafeModeRule.java:process(124)) - SCM in safe mode. Healthy pipelines reported count is 0, required healthy pipeline reported count is 1
2022-03-03 07:23:55,600 [pool-133-thread-1] INFO  server.RaftServerConfigKeys (ConfUtils.java:logGet(44)) - raft.server.snapshot.retention.file.num = 5 (custom)
2022-03-03 07:23:55,600 [pool-133-thread-1] INFO  server.RaftServerConfigKeys (ConfUtils.java:logGet(44)) - raft.server.log.purge.upto.snapshot.index = false (default)
2022-03-03 07:23:55,601 [pool-112-thread-1] INFO  util.JmxRegister (JmxRegister.java:tryRegister(44)) - Successfully registered JMX Bean with object name Ratis:service=RaftServer,group=group-303A2581FB0E,id=126ab421-4020-4271-89f3-e896157a4564
2022-03-03 07:23:55,606 [Command processor thread] INFO  ratis.XceiverServerRatis (XceiverServerRatis.java:addGroup(769)) - Created group PipelineID=49ea45f0-bf41-4441-ba17-303a2581fb0e
2022-03-03 07:23:55,606 [pool-133-thread-1] INFO  server.RaftServerConfigKeys (ConfUtils.java:logGet(44)) - raft.server.retrycache.expirytime = 600000ms (custom)
2022-03-03 07:23:55,606 [pool-133-thread-1] INFO  server.RaftServerConfigKeys (ConfUtils.java:logGet(44)) - raft.server.retrycache.statistics.expirytime = 100μs (default)
2022-03-03 07:23:55,607 [pool-133-thread-1] INFO  server.RaftServer$Division (RaftServerImpl.java:start(301)) - 5d798457-e9ee-4751-9538-7a6d36474688@group-FCB2CE0783F5: start as a follower, conf=-1: [5d798457-e9ee-4751-9538-7a6d36474688|rpc:10.1.0.15:41069|priority:1], old=null
2022-03-03 07:23:55,607 [pool-133-thread-1] INFO  server.RaftServer$Division (RaftServerImpl.java:setRole(290)) - 5d798457-e9ee-4751-9538-7a6d36474688@group-FCB2CE0783F5: changes role from      null to FOLLOWER at term 0 for startAsFollower
2022-03-03 07:23:55,607 [pool-133-thread-1] INFO  impl.RoleInfo (RoleInfo.java:updateAndGet(130)) - 5d798457-e9ee-4751-9538-7a6d36474688: start 5d798457-e9ee-4751-9538-7a6d36474688@group-FCB2CE0783F5-FollowerState
2022-03-03 07:23:55,612 [pool-133-thread-1] INFO  util.JmxRegister (JmxRegister.java:tryRegister(44)) - Successfully registered JMX Bean with object name Ratis:service=RaftServer,group=group-FCB2CE0783F5,id=5d798457-e9ee-4751-9538-7a6d36474688
2022-03-03 07:23:55,616 [Command processor thread] INFO  ratis.XceiverServerRatis (XceiverServerRatis.java:addGroup(769)) - Created group PipelineID=94a5cce6-82dd-40e6-8fc7-fcb2ce0783f5
2022-03-03 07:23:55,616 [Command processor thread] INFO  commandhandler.CreatePipelineCommandHandler (CreatePipelineCommandHandler.java:handle(106)) - Created Pipeline RATIS ONE PipelineID=94a5cce6-82dd-40e6-8fc7-fcb2ce0783f5.
2022-03-03 07:23:55,623 [Command processor thread] INFO  server.RaftServer (RaftServerProxy.java:addNew(95)) - 5d798457-e9ee-4751-9538-7a6d36474688: addNew group-303A2581FB0E:[126ab421-4020-4271-89f3-e896157a4564|rpc:10.1.0.15:39419|priority:0, f349b4ca-06a6-4713-ab55-585a61bac57c|rpc:10.1.0.15:45745|priority:0, 5d798457-e9ee-4751-9538-7a6d36474688|rpc:10.1.0.15:41069|priority:1] returns group-303A2581FB0E:java.util.concurrent.CompletableFuture@2c5527e9[Not completed]
2022-03-03 07:23:55,629 [pool-133-thread-1] INFO  server.RaftServer$Division (RaftServerImpl.java:<init>(184)) - 5d798457-e9ee-4751-9538-7a6d36474688: new RaftServerImpl for group-303A2581FB0E:[126ab421-4020-4271-89f3-e896157a4564|rpc:10.1.0.15:39419|priority:0, f349b4ca-06a6-4713-ab55-585a61bac57c|rpc:10.1.0.15:45745|priority:0, 5d798457-e9ee-4751-9538-7a6d36474688|rpc:10.1.0.15:41069|priority:1] with ContainerStateMachine:uninitialized
2022-03-03 07:23:55,630 [pool-133-thread-1] INFO  server.RaftServerConfigKeys (ConfUtils.java:logGet(44)) - raft.server.rpc.timeout.min = 5s (custom)
2022-03-03 07:23:55,630 [pool-133-thread-1] INFO  server.RaftServerConfigKeys (ConfUtils.java:logGet(44)) - raft.server.rpc.timeout.max = 5200ms (custom)
2022-03-03 07:23:55,630 [pool-133-thread-1] INFO  server.RaftServerConfigKeys (ConfUtils.java:logGet(44)) - raft.server.rpc.sleep.time = 25ms (default)
2022-03-03 07:23:55,630 [pool-133-thread-1] INFO  server.RaftServerConfigKeys (ConfUtils.java:logGet(44)) - raft.server.rpc.slowness.timeout = 300s (custom)
2022-03-03 07:23:55,630 [pool-133-thread-1] INFO  server.RaftServerConfigKeys (ConfUtils.java:logGet(44)) - raft.server.leaderelection.leader.step-down.wait-time = 10s (default)
2022-03-03 07:23:55,630 [pool-133-thread-1] INFO  server.RaftServerConfigKeys (ConfUtils.java:logGet(44)) - raft.server.sleep.deviation.threshold = 300ms (default)
2022-03-03 07:23:55,630 [pool-133-thread-1] INFO  server.RaftServerConfigKeys (ConfUtils.java:logGet(44)) - raft.server.log.appender.install.snapshot.enabled = false (custom)
2022-03-03 07:23:55,630 [pool-133-thread-1] INFO  server.RaftServer$Division (ServerState.java:<init>(105)) - 5d798457-e9ee-4751-9538-7a6d36474688@group-303A2581FB0E: ConfigurationManager, init=-1: [126ab421-4020-4271-89f3-e896157a4564|rpc:10.1.0.15:39419|priority:0, f349b4ca-06a6-4713-ab55-585a61bac57c|rpc:10.1.0.15:45745|priority:0, 5d798457-e9ee-4751-9538-7a6d36474688|rpc:10.1.0.15:41069|priority:1], old=null, confs=<EMPTY_MAP>
2022-03-03 07:23:55,630 [pool-133-thread-1] INFO  server.RaftServerConfigKeys (ConfUtils.java:logGet(44)) - raft.server.storage.dir = [/home/runner/work/ozone/ozone/hadoop-ozone/integration-test/target/test-dir/MiniOzoneClusterImpl-73ba9704-0a97-4d3d-983a-0dacfed22b51/datanode-1/data/ratis] (custom)
2022-03-03 07:23:55,631 [pool-133-thread-1] INFO  server.RaftServerConfigKeys (ConfUtils.java:logGet(44)) - raft.server.log.corruption.policy = EXCEPTION (default)
2022-03-03 07:23:55,631 [pool-133-thread-1] INFO  server.RaftServerConfigKeys (ConfUtils.java:logGet(44)) - raft.server.storage.free-space.min = 0MB (=0) (default)
2022-03-03 07:23:55,631 [pool-133-thread-1] INFO  storage.RaftStorageDirectory (RaftStorageDirectoryImpl.java:analyzeStorage(135)) - The storage directory /home/runner/work/ozone/ozone/hadoop-ozone/integration-test/target/test-dir/MiniOzoneClusterImpl-73ba9704-0a97-4d3d-983a-0dacfed22b51/datanode-1/data/ratis/49ea45f0-bf41-4441-ba17-303a2581fb0e does not exist. Creating ...
2022-03-03 07:23:55,633 [pool-133-thread-1] INFO  storage.RaftStorageDirectory (RaftStorageDirectoryImpl.java:tryLock(230)) - Lock on /home/runner/work/ozone/ozone/hadoop-ozone/integration-test/target/test-dir/MiniOzoneClusterImpl-73ba9704-0a97-4d3d-983a-0dacfed22b51/datanode-1/data/ratis/49ea45f0-bf41-4441-ba17-303a2581fb0e/in_use.lock acquired by nodename 30716@fv-az501-749
2022-03-03 07:23:55,636 [pool-133-thread-1] INFO  storage.RaftStorage (RaftStorageImpl.java:format(89)) - Storage directory /home/runner/work/ozone/ozone/hadoop-ozone/integration-test/target/test-dir/MiniOzoneClusterImpl-73ba9704-0a97-4d3d-983a-0dacfed22b51/datanode-1/data/ratis/49ea45f0-bf41-4441-ba17-303a2581fb0e has been successfully formatted.
2022-03-03 07:23:55,636 [pool-133-thread-1] INFO  ratis.ContainerStateMachine (ContainerStateMachine.java:loadSnapshot(236)) - group-303A2581FB0E: The snapshot info is null. Setting the last applied indexto:(t:0, i:~)
2022-03-03 07:23:55,637 [pool-133-thread-1] INFO  server.RaftServerConfigKeys (ConfUtils.java:logGet(44)) - raft.server.notification.no-leader.timeout = 300s (custom)
2022-03-03 07:23:55,637 [pool-133-thread-1] INFO  server.RaftServerConfigKeys (ConfUtils.java:logGet(44)) - raft.server.log.use.memory = false (default)
2022-03-03 07:23:55,638 [pool-133-thread-1] INFO  server.RaftServerConfigKeys (ConfUtils.java:logGet(44)) - raft.server.log.purge.gap = 1000000 (custom)
2022-03-03 07:23:55,638 [pool-133-thread-1] INFO  server.RaftServerConfigKeys (ConfUtils.java:logGet(44)) - raft.server.log.appender.buffer.byte-limit = 33554432 (custom)
2022-03-03 07:23:55,638 [pool-133-thread-1] INFO  server.RaftServerConfigKeys (ConfUtils.java:logGet(44)) - raft.server.log.segment.size.max = 1048576 (custom)
2022-03-03 07:23:55,639 [pool-133-thread-1] INFO  server.RaftServerConfigKeys (ConfUtils.java:logGet(44)) - raft.server.log.segment.cache.num.max = 2 (custom)
2022-03-03 07:23:55,639 [pool-133-thread-1] INFO  server.RaftServerConfigKeys (ConfUtils.java:logGet(44)) - raft.server.log.segment.cache.size.max = 200MB (=209715200) (default)
2022-03-03 07:23:55,639 [pool-133-thread-1] INFO  segmented.SegmentedRaftLogWorker (SegmentedRaftLogWorker.java:<init>(182)) - new 5d798457-e9ee-4751-9538-7a6d36474688@group-303A2581FB0E-SegmentedRaftLogWorker for RaftStorageImpl:Storage Directory /home/runner/work/ozone/ozone/hadoop-ozone/integration-test/target/test-dir/MiniOzoneClusterImpl-73ba9704-0a97-4d3d-983a-0dacfed22b51/datanode-1/data/ratis/49ea45f0-bf41-4441-ba17-303a2581fb0e
2022-03-03 07:23:55,639 [pool-133-thread-1] INFO  server.RaftServerConfigKeys (ConfUtils.java:logGet(44)) - raft.server.log.queue.byte-limit = 4294967296 (custom)
2022-03-03 07:23:55,639 [pool-133-thread-1] INFO  server.RaftServerConfigKeys (ConfUtils.java:logGet(44)) - raft.server.log.queue.element-limit = 1024 (custom)
2022-03-03 07:23:55,639 [pool-133-thread-1] INFO  server.RaftServerConfigKeys (ConfUtils.java:logGet(44)) - raft.server.log.segment.size.max = 1048576 (custom)
2022-03-03 07:23:55,640 [pool-133-thread-1] INFO  server.RaftServerConfigKeys (ConfUtils.java:logGet(44)) - raft.server.log.preallocated.size = 16384 (custom)
2022-03-03 07:23:55,640 [pool-133-thread-1] INFO  server.RaftServerConfigKeys (ConfUtils.java:logGet(44)) - raft.server.log.force.sync.num = 128 (default)
2022-03-03 07:23:55,641 [pool-133-thread-1] INFO  server.RaftServerConfigKeys (ConfUtils.java:logGet(44)) - raft.server.log.statemachine.data.sync = true (default)
2022-03-03 07:23:55,641 [pool-133-thread-1] INFO  server.RaftServerConfigKeys (ConfUtils.java:logGet(44)) - raft.server.log.statemachine.data.sync.timeout = 10s (default)
2022-03-03 07:23:55,641 [pool-133-thread-1] INFO  server.RaftServerConfigKeys (ConfUtils.java:logGet(44)) - raft.server.log.statemachine.data.sync.timeout.retry = -1 (default)
2022-03-03 07:23:55,643 [EventQueue-OpenPipelineForHealthyPipelineSafeModeRule] INFO  safemode.SCMSafeModeManager (HealthyPipelineSafeModeRule.java:process(124)) - SCM in safe mode. Healthy pipelines reported count is 0, required healthy pipeline reported count is 1
2022-03-03 07:23:55,647 [pool-133-thread-1] INFO  server.RaftServerConfigKeys (ConfUtils.java:logGet(44)) - raft.server.log.write.buffer.size = 1048576 (custom)
2022-03-03 07:23:55,647 [pool-133-thread-1] INFO  server.RaftServerConfigKeys (ConfUtils.java:logGet(44)) - raft.server.log.statemachine.data.caching.enabled = true (custom)
2022-03-03 07:23:55,648 [pool-133-thread-1] INFO  segmented.SegmentedRaftLogWorker (SegmentedRaftLogWorker.java:lambda$new$0(133)) - 5d798457-e9ee-4751-9538-7a6d36474688@group-303A2581FB0E-SegmentedRaftLogWorker: flushIndex: setUnconditionally 0 -> -1
2022-03-03 07:23:55,648 [pool-133-thread-1] INFO  segmented.SegmentedRaftLogWorker (SegmentedRaftLogWorker.java:lambda$new$0(133)) - 5d798457-e9ee-4751-9538-7a6d36474688@group-303A2581FB0E-SegmentedRaftLogWorker: safeCacheEvictIndex: setUnconditionally 0 -> -1
2022-03-03 07:23:55,658 [pool-133-thread-1] INFO  server.RaftServerConfigKeys (ConfUtils.java:logGet(44)) - raft.server.snapshot.auto.trigger.enabled = true (custom)
2022-03-03 07:23:55,658 [pool-133-thread-1] INFO  server.RaftServerConfigKeys (ConfUtils.java:logGet(44)) - raft.server.snapshot.auto.trigger.threshold = 10000 (custom)
2022-03-03 07:23:55,658 [pool-133-thread-1] INFO  server.RaftServerConfigKeys (ConfUtils.java:logGet(44)) - raft.server.snapshot.retention.file.num = 5 (custom)
2022-03-03 07:23:55,658 [pool-133-thread-1] INFO  server.RaftServerConfigKeys (ConfUtils.java:logGet(44)) - raft.server.log.purge.upto.snapshot.index = false (default)
2022-03-03 07:23:55,658 [pool-133-thread-1] INFO  server.RaftServerConfigKeys (ConfUtils.java:logGet(44)) - raft.server.retrycache.expirytime = 600000ms (custom)
2022-03-03 07:23:55,658 [pool-133-thread-1] INFO  server.RaftServerConfigKeys (ConfUtils.java:logGet(44)) - raft.server.retrycache.statistics.expirytime = 100μs (default)
2022-03-03 07:23:55,660 [pool-133-thread-1] INFO  server.RaftServer$Division (RaftServerImpl.java:start(301)) - 5d798457-e9ee-4751-9538-7a6d36474688@group-303A2581FB0E: start as a follower, conf=-1: [126ab421-4020-4271-89f3-e896157a4564|rpc:10.1.0.15:39419|priority:0, f349b4ca-06a6-4713-ab55-585a61bac57c|rpc:10.1.0.15:45745|priority:0, 5d798457-e9ee-4751-9538-7a6d36474688|rpc:10.1.0.15:41069|priority:1], old=null
2022-03-03 07:23:55,660 [pool-133-thread-1] INFO  server.RaftServer$Division (RaftServerImpl.java:setRole(290)) - 5d798457-e9ee-4751-9538-7a6d36474688@group-303A2581FB0E: changes role from      null to FOLLOWER at term 0 for startAsFollower
2022-03-03 07:23:55,660 [pool-133-thread-1] INFO  impl.RoleInfo (RoleInfo.java:updateAndGet(130)) - 5d798457-e9ee-4751-9538-7a6d36474688: start 5d798457-e9ee-4751-9538-7a6d36474688@group-303A2581FB0E-FollowerState
2022-03-03 07:23:55,672 [pool-133-thread-1] INFO  util.JmxRegister (JmxRegister.java:tryRegister(44)) - Successfully registered JMX Bean with object name Ratis:service=RaftServer,group=group-303A2581FB0E,id=5d798457-e9ee-4751-9538-7a6d36474688
2022-03-03 07:23:55,673 [Command processor thread] INFO  ratis.XceiverServerRatis (XceiverServerRatis.java:addGroup(769)) - Created group PipelineID=49ea45f0-bf41-4441-ba17-303a2581fb0e
2022-03-03 07:23:55,693 [grpc-default-executor-3] INFO  server.RaftServer (RaftServerProxy.java:addNew(95)) - f349b4ca-06a6-4713-ab55-585a61bac57c: addNew group-303A2581FB0E:[126ab421-4020-4271-89f3-e896157a4564|rpc:10.1.0.15:39419|dataStream:|priority:0, f349b4ca-06a6-4713-ab55-585a61bac57c|rpc:10.1.0.15:45745|dataStream:|priority:0, 5d798457-e9ee-4751-9538-7a6d36474688|rpc:10.1.0.15:41069|dataStream:|priority:1] returns group-303A2581FB0E:java.util.concurrent.CompletableFuture@8993aa1[Not completed]
2022-03-03 07:23:55,699 [pool-154-thread-1] INFO  server.RaftServer$Division (RaftServerImpl.java:<init>(184)) - f349b4ca-06a6-4713-ab55-585a61bac57c: new RaftServerImpl for group-303A2581FB0E:[126ab421-4020-4271-89f3-e896157a4564|rpc:10.1.0.15:39419|dataStream:|priority:0, f349b4ca-06a6-4713-ab55-585a61bac57c|rpc:10.1.0.15:45745|dataStream:|priority:0, 5d798457-e9ee-4751-9538-7a6d36474688|rpc:10.1.0.15:41069|dataStream:|priority:1] with ContainerStateMachine:uninitialized
2022-03-03 07:23:55,699 [pool-154-thread-1] INFO  server.RaftServerConfigKeys (ConfUtils.java:logGet(44)) - raft.server.rpc.timeout.min = 5s (custom)
2022-03-03 07:23:55,699 [pool-154-thread-1] INFO  server.RaftServerConfigKeys (ConfUtils.java:logGet(44)) - raft.server.rpc.timeout.max = 5200ms (custom)
2022-03-03 07:23:55,699 [pool-154-thread-1] INFO  server.RaftServerConfigKeys (ConfUtils.java:logGet(44)) - raft.server.rpc.sleep.time = 25ms (default)
2022-03-03 07:23:55,699 [pool-154-thread-1] INFO  server.RaftServerConfigKeys (ConfUtils.java:logGet(44)) - raft.server.rpc.slowness.timeout = 300s (custom)
2022-03-03 07:23:55,699 [pool-154-thread-1] INFO  server.RaftServerConfigKeys (ConfUtils.java:logGet(44)) - raft.server.leaderelection.leader.step-down.wait-time = 10s (default)
2022-03-03 07:23:55,699 [pool-154-thread-1] INFO  server.RaftServerConfigKeys (ConfUtils.java:logGet(44)) - raft.server.sleep.deviation.threshold = 300ms (default)
2022-03-03 07:23:55,699 [pool-154-thread-1] INFO  server.RaftServerConfigKeys (ConfUtils.java:logGet(44)) - raft.server.log.appender.install.snapshot.enabled = false (custom)
2022-03-03 07:23:55,700 [pool-154-thread-1] INFO  server.RaftServer$Division (ServerState.java:<init>(105)) - f349b4ca-06a6-4713-ab55-585a61bac57c@group-303A2581FB0E: ConfigurationManager, init=-1: [126ab421-4020-4271-89f3-e896157a4564|rpc:10.1.0.15:39419|dataStream:|priority:0, f349b4ca-06a6-4713-ab55-585a61bac57c|rpc:10.1.0.15:45745|dataStream:|priority:0, 5d798457-e9ee-4751-9538-7a6d36474688|rpc:10.1.0.15:41069|dataStream:|priority:1], old=null, confs=<EMPTY_MAP>
2022-03-03 07:23:55,700 [pool-154-thread-1] INFO  server.RaftServerConfigKeys (ConfUtils.java:logGet(44)) - raft.server.storage.dir = [/home/runner/work/ozone/ozone/hadoop-ozone/integration-test/target/test-dir/MiniOzoneClusterImpl-73ba9704-0a97-4d3d-983a-0dacfed22b51/datanode-2/data/ratis] (custom)
2022-03-03 07:23:55,700 [pool-154-thread-1] INFO  server.RaftServerConfigKeys (ConfUtils.java:logGet(44)) - raft.server.log.corruption.policy = EXCEPTION (default)
2022-03-03 07:23:55,700 [pool-154-thread-1] INFO  server.RaftServerConfigKeys (ConfUtils.java:logGet(44)) - raft.server.storage.free-space.min = 0MB (=0) (default)
2022-03-03 07:23:55,700 [pool-154-thread-1] INFO  storage.RaftStorageDirectory (RaftStorageDirectoryImpl.java:analyzeStorage(135)) - The storage directory /home/runner/work/ozone/ozone/hadoop-ozone/integration-test/target/test-dir/MiniOzoneClusterImpl-73ba9704-0a97-4d3d-983a-0dacfed22b51/datanode-2/data/ratis/49ea45f0-bf41-4441-ba17-303a2581fb0e does not exist. Creating ...
2022-03-03 07:23:55,702 [pool-154-thread-1] INFO  storage.RaftStorageDirectory (RaftStorageDirectoryImpl.java:tryLock(230)) - Lock on /home/runner/work/ozone/ozone/hadoop-ozone/integration-test/target/test-dir/MiniOzoneClusterImpl-73ba9704-0a97-4d3d-983a-0dacfed22b51/datanode-2/data/ratis/49ea45f0-bf41-4441-ba17-303a2581fb0e/in_use.lock acquired by nodename 30716@fv-az501-749
2022-03-03 07:23:55,706 [pool-154-thread-1] INFO  storage.RaftStorage (RaftStorageImpl.java:format(89)) - Storage directory /home/runner/work/ozone/ozone/hadoop-ozone/integration-test/target/test-dir/MiniOzoneClusterImpl-73ba9704-0a97-4d3d-983a-0dacfed22b51/datanode-2/data/ratis/49ea45f0-bf41-4441-ba17-303a2581fb0e has been successfully formatted.
2022-03-03 07:23:55,717 [pool-154-thread-1] INFO  ratis.ContainerStateMachine (ContainerStateMachine.java:loadSnapshot(236)) - group-303A2581FB0E: The snapshot info is null. Setting the last applied indexto:(t:0, i:~)
2022-03-03 07:23:55,717 [pool-154-thread-1] INFO  server.RaftServerConfigKeys (ConfUtils.java:logGet(44)) - raft.server.notification.no-leader.timeout = 300s (custom)
2022-03-03 07:23:55,717 [pool-154-thread-1] INFO  server.RaftServerConfigKeys (ConfUtils.java:logGet(44)) - raft.server.log.use.memory = false (default)
2022-03-03 07:23:55,718 [pool-154-thread-1] INFO  server.RaftServerConfigKeys (ConfUtils.java:logGet(44)) - raft.server.log.purge.gap = 1000000 (custom)
2022-03-03 07:23:55,718 [pool-154-thread-1] INFO  server.RaftServerConfigKeys (ConfUtils.java:logGet(44)) - raft.server.log.appender.buffer.byte-limit = 33554432 (custom)
2022-03-03 07:23:55,718 [pool-154-thread-1] INFO  server.RaftServerConfigKeys (ConfUtils.java:logGet(44)) - raft.server.log.segment.size.max = 1048576 (custom)
2022-03-03 07:23:55,719 [pool-154-thread-1] INFO  server.RaftServerConfigKeys (ConfUtils.java:logGet(44)) - raft.server.log.segment.cache.num.max = 2 (custom)
2022-03-03 07:23:55,719 [pool-154-thread-1] INFO  server.RaftServerConfigKeys (ConfUtils.java:logGet(44)) - raft.server.log.segment.cache.size.max = 200MB (=209715200) (default)
2022-03-03 07:23:55,719 [pool-154-thread-1] INFO  segmented.SegmentedRaftLogWorker (SegmentedRaftLogWorker.java:<init>(182)) - new f349b4ca-06a6-4713-ab55-585a61bac57c@group-303A2581FB0E-SegmentedRaftLogWorker for RaftStorageImpl:Storage Directory /home/runner/work/ozone/ozone/hadoop-ozone/integration-test/target/test-dir/MiniOzoneClusterImpl-73ba9704-0a97-4d3d-983a-0dacfed22b51/datanode-2/data/ratis/49ea45f0-bf41-4441-ba17-303a2581fb0e
2022-03-03 07:23:55,719 [pool-154-thread-1] INFO  server.RaftServerConfigKeys (ConfUtils.java:logGet(44)) - raft.server.log.queue.byte-limit = 4294967296 (custom)
2022-03-03 07:23:55,719 [pool-154-thread-1] INFO  server.RaftServerConfigKeys (ConfUtils.java:logGet(44)) - raft.server.log.queue.element-limit = 1024 (custom)
2022-03-03 07:23:55,719 [pool-154-thread-1] INFO  server.RaftServerConfigKeys (ConfUtils.java:logGet(44)) - raft.server.log.segment.size.max = 1048576 (custom)
2022-03-03 07:23:55,719 [pool-154-thread-1] INFO  server.RaftServerConfigKeys (ConfUtils.java:logGet(44)) - raft.server.log.preallocated.size = 16384 (custom)
2022-03-03 07:23:55,719 [pool-154-thread-1] INFO  server.RaftServerConfigKeys (ConfUtils.java:logGet(44)) - raft.server.log.force.sync.num = 128 (default)
2022-03-03 07:23:55,719 [pool-154-thread-1] INFO  server.RaftServerConfigKeys (ConfUtils.java:logGet(44)) - raft.server.log.statemachine.data.sync = true (default)
2022-03-03 07:23:55,719 [pool-154-thread-1] INFO  server.RaftServerConfigKeys (ConfUtils.java:logGet(44)) - raft.server.log.statemachine.data.sync.timeout = 10s (default)
2022-03-03 07:23:55,720 [pool-154-thread-1] INFO  server.RaftServerConfigKeys (ConfUtils.java:logGet(44)) - raft.server.log.statemachine.data.sync.timeout.retry = -1 (default)
2022-03-03 07:23:55,722 [pool-154-thread-1] INFO  server.RaftServerConfigKeys (ConfUtils.java:logGet(44)) - raft.server.log.write.buffer.size = 1048576 (custom)
2022-03-03 07:23:55,722 [pool-154-thread-1] INFO  server.RaftServerConfigKeys (ConfUtils.java:logGet(44)) - raft.server.log.statemachine.data.caching.enabled = true (custom)
2022-03-03 07:23:55,723 [pool-154-thread-1] INFO  segmented.SegmentedRaftLogWorker (SegmentedRaftLogWorker.java:lambda$new$0(133)) - f349b4ca-06a6-4713-ab55-585a61bac57c@group-303A2581FB0E-SegmentedRaftLogWorker: flushIndex: setUnconditionally 0 -> -1
2022-03-03 07:23:55,723 [pool-154-thread-1] INFO  segmented.SegmentedRaftLogWorker (SegmentedRaftLogWorker.java:lambda$new$0(133)) - f349b4ca-06a6-4713-ab55-585a61bac57c@group-303A2581FB0E-SegmentedRaftLogWorker: safeCacheEvictIndex: setUnconditionally 0 -> -1
2022-03-03 07:23:55,725 [pool-154-thread-1] INFO  server.RaftServerConfigKeys (ConfUtils.java:logGet(44)) - raft.server.snapshot.auto.trigger.enabled = true (custom)
2022-03-03 07:23:55,725 [pool-154-thread-1] INFO  server.RaftServerConfigKeys (ConfUtils.java:logGet(44)) - raft.server.snapshot.auto.trigger.threshold = 10000 (custom)
2022-03-03 07:23:55,727 [pool-154-thread-1] INFO  server.RaftServerConfigKeys (ConfUtils.java:logGet(44)) - raft.server.snapshot.retention.file.num = 5 (custom)
2022-03-03 07:23:55,728 [pool-154-thread-1] INFO  server.RaftServerConfigKeys (ConfUtils.java:logGet(44)) - raft.server.log.purge.upto.snapshot.index = false (default)
2022-03-03 07:23:55,728 [pool-154-thread-1] INFO  server.RaftServerConfigKeys (ConfUtils.java:logGet(44)) - raft.server.retrycache.expirytime = 600000ms (custom)
2022-03-03 07:23:55,728 [pool-154-thread-1] INFO  server.RaftServerConfigKeys (ConfUtils.java:logGet(44)) - raft.server.retrycache.statistics.expirytime = 100μs (default)
2022-03-03 07:23:55,739 [pool-154-thread-1] INFO  server.RaftServer$Division (RaftServerImpl.java:start(301)) - f349b4ca-06a6-4713-ab55-585a61bac57c@group-303A2581FB0E: start as a follower, conf=-1: [126ab421-4020-4271-89f3-e896157a4564|rpc:10.1.0.15:39419|dataStream:|priority:0, f349b4ca-06a6-4713-ab55-585a61bac57c|rpc:10.1.0.15:45745|dataStream:|priority:0, 5d798457-e9ee-4751-9538-7a6d36474688|rpc:10.1.0.15:41069|dataStream:|priority:1], old=null
2022-03-03 07:23:55,740 [pool-154-thread-1] INFO  server.RaftServer$Division (RaftServerImpl.java:setRole(290)) - f349b4ca-06a6-4713-ab55-585a61bac57c@group-303A2581FB0E: changes role from      null to FOLLOWER at term 0 for startAsFollower
2022-03-03 07:23:55,740 [pool-154-thread-1] INFO  impl.RoleInfo (RoleInfo.java:updateAndGet(130)) - f349b4ca-06a6-4713-ab55-585a61bac57c: start f349b4ca-06a6-4713-ab55-585a61bac57c@group-303A2581FB0E-FollowerState
2022-03-03 07:23:55,745 [pool-154-thread-1] INFO  util.JmxRegister (JmxRegister.java:tryRegister(44)) - Successfully registered JMX Bean with object name Ratis:service=RaftServer,group=group-303A2581FB0E,id=f349b4ca-06a6-4713-ab55-585a61bac57c
2022-03-03 07:23:55,771 [Listener at 127.0.0.1/44937] INFO  ozone.MiniOzoneClusterImpl (MiniOzoneClusterImpl.java:lambda$waitForClusterToBeReady$0(219)) - Nodes are ready. Got 3 of 3 DN Heartbeats.
2022-03-03 07:23:55,771 [Listener at 127.0.0.1/44937] INFO  ozone.MiniOzoneClusterImpl (MiniOzoneClusterImpl.java:lambda$waitForClusterToBeReady$0(222)) - Waiting for cluster to exit safe mode
2022-03-03 07:23:55,771 [Listener at 127.0.0.1/44937] INFO  ozone.MiniOzoneClusterImpl (MiniOzoneClusterImpl.java:lambda$waitForClusterToBeReady$0(224)) - SCM became leader
2022-03-03 07:23:55,773 [Command processor thread] INFO  server.RaftServer (RaftServerProxy.java:addNew(95)) - f349b4ca-06a6-4713-ab55-585a61bac57c: addNew group-5548C10F4CC5:[f349b4ca-06a6-4713-ab55-585a61bac57c|rpc:10.1.0.15:45745|priority:1] returns group-5548C10F4CC5:java.util.concurrent.CompletableFuture@5c4a64c7[Not completed]
2022-03-03 07:23:55,775 [pool-154-thread-1] INFO  server.RaftServer$Division (RaftServerImpl.java:<init>(184)) - f349b4ca-06a6-4713-ab55-585a61bac57c: new RaftServerImpl for group-5548C10F4CC5:[f349b4ca-06a6-4713-ab55-585a61bac57c|rpc:10.1.0.15:45745|priority:1] with ContainerStateMachine:uninitialized
2022-03-03 07:23:55,775 [pool-154-thread-1] INFO  server.RaftServerConfigKeys (ConfUtils.java:logGet(44)) - raft.server.rpc.timeout.min = 5s (custom)
2022-03-03 07:23:55,775 [pool-154-thread-1] INFO  server.RaftServerConfigKeys (ConfUtils.java:logGet(44)) - raft.server.rpc.timeout.max = 5200ms (custom)
2022-03-03 07:23:55,775 [pool-154-thread-1] INFO  server.RaftServerConfigKeys (ConfUtils.java:logGet(44)) - raft.server.rpc.sleep.time = 25ms (default)
2022-03-03 07:23:55,775 [pool-154-thread-1] INFO  server.RaftServerConfigKeys (ConfUtils.java:logGet(44)) - raft.server.rpc.slowness.timeout = 300s (custom)
2022-03-03 07:23:55,775 [pool-154-thread-1] INFO  server.RaftServerConfigKeys (ConfUtils.java:logGet(44)) - raft.server.leaderelection.leader.step-down.wait-time = 10s (default)
2022-03-03 07:23:55,775 [pool-154-thread-1] INFO  server.RaftServerConfigKeys (ConfUtils.java:logGet(44)) - raft.server.sleep.deviation.threshold = 300ms (default)
2022-03-03 07:23:55,775 [pool-154-thread-1] INFO  server.RaftServerConfigKeys (ConfUtils.java:logGet(44)) - raft.server.log.appender.install.snapshot.enabled = false (custom)
2022-03-03 07:23:55,775 [pool-154-thread-1] INFO  server.RaftServer$Division (ServerState.java:<init>(105)) - f349b4ca-06a6-4713-ab55-585a61bac57c@group-5548C10F4CC5: ConfigurationManager, init=-1: [f349b4ca-06a6-4713-ab55-585a61bac57c|rpc:10.1.0.15:45745|priority:1], old=null, confs=<EMPTY_MAP>
2022-03-03 07:23:55,775 [pool-154-thread-1] INFO  server.RaftServerConfigKeys (ConfUtils.java:logGet(44)) - raft.server.storage.dir = [/home/runner/work/ozone/ozone/hadoop-ozone/integration-test/target/test-dir/MiniOzoneClusterImpl-73ba9704-0a97-4d3d-983a-0dacfed22b51/datanode-2/data/ratis] (custom)
2022-03-03 07:23:55,776 [pool-154-thread-1] INFO  server.RaftServerConfigKeys (ConfUtils.java:logGet(44)) - raft.server.log.corruption.policy = EXCEPTION (default)
2022-03-03 07:23:55,776 [pool-154-thread-1] INFO  server.RaftServerConfigKeys (ConfUtils.java:logGet(44)) - raft.server.storage.free-space.min = 0MB (=0) (default)
2022-03-03 07:23:55,780 [pool-154-thread-1] INFO  storage.RaftStorageDirectory (RaftStorageDirectoryImpl.java:analyzeStorage(135)) - The storage directory /home/runner/work/ozone/ozone/hadoop-ozone/integration-test/target/test-dir/MiniOzoneClusterImpl-73ba9704-0a97-4d3d-983a-0dacfed22b51/datanode-2/data/ratis/236e7fd7-8e09-44a5-9a8e-5548c10f4cc5 does not exist. Creating ...
2022-03-03 07:23:55,782 [pool-154-thread-1] INFO  storage.RaftStorageDirectory (RaftStorageDirectoryImpl.java:tryLock(230)) - Lock on /home/runner/work/ozone/ozone/hadoop-ozone/integration-test/target/test-dir/MiniOzoneClusterImpl-73ba9704-0a97-4d3d-983a-0dacfed22b51/datanode-2/data/ratis/236e7fd7-8e09-44a5-9a8e-5548c10f4cc5/in_use.lock acquired by nodename 30716@fv-az501-749
2022-03-03 07:23:55,784 [Command processor thread] INFO  commandhandler.CreatePipelineCommandHandler (CreatePipelineCommandHandler.java:handle(106)) - Created Pipeline RATIS THREE PipelineID=49ea45f0-bf41-4441-ba17-303a2581fb0e.
2022-03-03 07:23:55,784 [pool-154-thread-1] INFO  storage.RaftStorage (RaftStorageImpl.java:format(89)) - Storage directory /home/runner/work/ozone/ozone/hadoop-ozone/integration-test/target/test-dir/MiniOzoneClusterImpl-73ba9704-0a97-4d3d-983a-0dacfed22b51/datanode-2/data/ratis/236e7fd7-8e09-44a5-9a8e-5548c10f4cc5 has been successfully formatted.
2022-03-03 07:23:55,785 [pool-154-thread-1] INFO  ratis.ContainerStateMachine (ContainerStateMachine.java:loadSnapshot(236)) - group-5548C10F4CC5: The snapshot info is null. Setting the last applied indexto:(t:0, i:~)
2022-03-03 07:23:55,785 [pool-154-thread-1] INFO  server.RaftServerConfigKeys (ConfUtils.java:logGet(44)) - raft.server.notification.no-leader.timeout = 300s (custom)
2022-03-03 07:23:55,786 [pool-154-thread-1] INFO  server.RaftServerConfigKeys (ConfUtils.java:logGet(44)) - raft.server.log.use.memory = false (default)
2022-03-03 07:23:55,786 [pool-154-thread-1] INFO  server.RaftServerConfigKeys (ConfUtils.java:logGet(44)) - raft.server.log.purge.gap = 1000000 (custom)
2022-03-03 07:23:55,786 [pool-154-thread-1] INFO  server.RaftServerConfigKeys (ConfUtils.java:logGet(44)) - raft.server.log.appender.buffer.byte-limit = 33554432 (custom)
2022-03-03 07:23:55,788 [EventQueue-PipelineReportForPipelineReportHandler] INFO  pipeline.PipelineManagerImpl (PipelineManagerImpl.java:openPipeline(291)) - Pipeline Pipeline[ Id: 236e7fd7-8e09-44a5-9a8e-5548c10f4cc5, Nodes: f349b4ca-06a6-4713-ab55-585a61bac57c{ip: 10.1.0.15, host: fv-az501-749.rsswf2em5frezlg3dkjt5mgqaf.dx.internal.cloudapp.net, ports: [REPLICATION=33243, RATIS=45745, RATIS_ADMIN=45745, RATIS_SERVER=45745, STANDALONE=43679], networkLocation: /default-rack, certSerialId: null, persistedOpState: IN_SERVICE, persistedOpStateExpiryEpochSec: 0}, ReplicationConfig: RATIS/ONE, State:ALLOCATED, leaderId:f349b4ca-06a6-4713-ab55-585a61bac57c, CreationTimestamp2022-03-03T07:23:52.778Z[Etc/UTC]] moved to OPEN state
2022-03-03 07:23:55,789 [pool-154-thread-1] INFO  server.RaftServerConfigKeys (ConfUtils.java:logGet(44)) - raft.server.log.segment.size.max = 1048576 (custom)
2022-03-03 07:23:55,791 [pool-154-thread-1] INFO  server.RaftServerConfigKeys (ConfUtils.java:logGet(44)) - raft.server.log.segment.cache.num.max = 2 (custom)
2022-03-03 07:23:55,791 [pool-154-thread-1] INFO  server.RaftServerConfigKeys (ConfUtils.java:logGet(44)) - raft.server.log.segment.cache.size.max = 200MB (=209715200) (default)
2022-03-03 07:23:55,791 [pool-154-thread-1] INFO  segmented.SegmentedRaftLogWorker (SegmentedRaftLogWorker.java:<init>(182)) - new f349b4ca-06a6-4713-ab55-585a61bac57c@group-5548C10F4CC5-SegmentedRaftLogWorker for RaftStorageImpl:Storage Directory /home/runner/work/ozone/ozone/hadoop-ozone/integration-test/target/test-dir/MiniOzoneClusterImpl-73ba9704-0a97-4d3d-983a-0dacfed22b51/datanode-2/data/ratis/236e7fd7-8e09-44a5-9a8e-5548c10f4cc5
2022-03-03 07:23:55,791 [pool-154-thread-1] INFO  server.RaftServerConfigKeys (ConfUtils.java:logGet(44)) - raft.server.log.queue.byte-limit = 4294967296 (custom)
2022-03-03 07:23:55,791 [pool-154-thread-1] INFO  server.RaftServerConfigKeys (ConfUtils.java:logGet(44)) - raft.server.log.queue.element-limit = 1024 (custom)
2022-03-03 07:23:55,794 [pool-154-thread-1] INFO  server.RaftServerConfigKeys (ConfUtils.java:logGet(44)) - raft.server.log.segment.size.max = 1048576 (custom)
2022-03-03 07:23:55,794 [pool-154-thread-1] INFO  server.RaftServerConfigKeys (ConfUtils.java:logGet(44)) - raft.server.log.preallocated.size = 16384 (custom)
2022-03-03 07:23:55,795 [pool-154-thread-1] INFO  server.RaftServerConfigKeys (ConfUtils.java:logGet(44)) - raft.server.log.force.sync.num = 128 (default)
2022-03-03 07:23:55,795 [pool-154-thread-1] INFO  server.RaftServerConfigKeys (ConfUtils.java:logGet(44)) - raft.server.log.statemachine.data.sync = true (default)
2022-03-03 07:23:55,794 [d78b0498-37f7-42fa-abe7-9e1e0a9796db@group-0DACFED22B51-StateMachineUpdater] INFO  safemode.HealthyPipelineSafeModeRule (HealthyPipelineSafeModeRule.java:initializeRule(152)) - Refreshed total pipeline count is 0, healthy pipeline threshold count is 1
2022-03-03 07:23:55,799 [EventQueue-OpenPipelineForHealthyPipelineSafeModeRule] INFO  safemode.SCMSafeModeManager (HealthyPipelineSafeModeRule.java:process(124)) - SCM in safe mode. Healthy pipelines reported count is 0, required healthy pipeline reported count is 1
2022-03-03 07:23:55,797 [pool-154-thread-1] INFO  server.RaftServerConfigKeys (ConfUtils.java:logGet(44)) - raft.server.log.statemachine.data.sync.timeout = 10s (default)
2022-03-03 07:23:55,800 [pool-154-thread-1] INFO  server.RaftServerConfigKeys (ConfUtils.java:logGet(44)) - raft.server.log.statemachine.data.sync.timeout.retry = -1 (default)
2022-03-03 07:23:55,801 [pool-154-thread-1] INFO  server.RaftServerConfigKeys (ConfUtils.java:logGet(44)) - raft.server.log.write.buffer.size = 1048576 (custom)
2022-03-03 07:23:55,802 [pool-154-thread-1] INFO  server.RaftServerConfigKeys (ConfUtils.java:logGet(44)) - raft.server.log.statemachine.data.caching.enabled = true (custom)
2022-03-03 07:23:55,802 [pool-154-thread-1] INFO  segmented.SegmentedRaftLogWorker (SegmentedRaftLogWorker.java:lambda$new$0(133)) - f349b4ca-06a6-4713-ab55-585a61bac57c@group-5548C10F4CC5-SegmentedRaftLogWorker: flushIndex: setUnconditionally 0 -> -1
2022-03-03 07:23:55,802 [pool-154-thread-1] INFO  segmented.SegmentedRaftLogWorker (SegmentedRaftLogWorker.java:lambda$new$0(133)) - f349b4ca-06a6-4713-ab55-585a61bac57c@group-5548C10F4CC5-SegmentedRaftLogWorker: safeCacheEvictIndex: setUnconditionally 0 -> -1
2022-03-03 07:23:55,813 [pool-154-thread-1] INFO  server.RaftServerConfigKeys (ConfUtils.java:logGet(44)) - raft.server.snapshot.auto.trigger.enabled = true (custom)
2022-03-03 07:23:55,814 [pool-154-thread-1] INFO  server.RaftServerConfigKeys (ConfUtils.java:logGet(44)) - raft.server.snapshot.auto.trigger.threshold = 10000 (custom)
2022-03-03 07:23:55,814 [pool-154-thread-1] INFO  server.RaftServerConfigKeys (ConfUtils.java:logGet(44)) - raft.server.snapshot.retention.file.num = 5 (custom)
2022-03-03 07:23:55,814 [pool-154-thread-1] INFO  server.RaftServerConfigKeys (ConfUtils.java:logGet(44)) - raft.server.log.purge.upto.snapshot.index = false (default)
2022-03-03 07:23:55,814 [pool-154-thread-1] INFO  server.RaftServerConfigKeys (ConfUtils.java:logGet(44)) - raft.server.retrycache.expirytime = 600000ms (custom)
2022-03-03 07:23:55,815 [pool-154-thread-1] INFO  server.RaftServerConfigKeys (ConfUtils.java:logGet(44)) - raft.server.retrycache.statistics.expirytime = 100μs (default)
2022-03-03 07:23:55,816 [pool-154-thread-1] INFO  server.RaftServer$Division (RaftServerImpl.java:start(301)) - f349b4ca-06a6-4713-ab55-585a61bac57c@group-5548C10F4CC5: start as a follower, conf=-1: [f349b4ca-06a6-4713-ab55-585a61bac57c|rpc:10.1.0.15:45745|priority:1], old=null
2022-03-03 07:23:55,817 [pool-154-thread-1] INFO  server.RaftServer$Division (RaftServerImpl.java:setRole(290)) - f349b4ca-06a6-4713-ab55-585a61bac57c@group-5548C10F4CC5: changes role from      null to FOLLOWER at term 0 for startAsFollower
2022-03-03 07:23:55,817 [pool-154-thread-1] INFO  impl.RoleInfo (RoleInfo.java:updateAndGet(130)) - f349b4ca-06a6-4713-ab55-585a61bac57c: start f349b4ca-06a6-4713-ab55-585a61bac57c@group-5548C10F4CC5-FollowerState
2022-03-03 07:23:55,817 [Command processor thread] INFO  commandhandler.CreatePipelineCommandHandler (CreatePipelineCommandHandler.java:handle(106)) - Created Pipeline RATIS THREE PipelineID=49ea45f0-bf41-4441-ba17-303a2581fb0e.
2022-03-03 07:23:55,817 [pool-154-thread-1] INFO  util.JmxRegister (JmxRegister.java:tryRegister(44)) - Successfully registered JMX Bean with object name Ratis:service=RaftServer,group=group-5548C10F4CC5,id=f349b4ca-06a6-4713-ab55-585a61bac57c
2022-03-03 07:23:55,819 [Command processor thread] INFO  ratis.XceiverServerRatis (XceiverServerRatis.java:addGroup(769)) - Created group PipelineID=236e7fd7-8e09-44a5-9a8e-5548c10f4cc5
2022-03-03 07:23:55,819 [Command processor thread] INFO  commandhandler.CreatePipelineCommandHandler (CreatePipelineCommandHandler.java:handle(106)) - Created Pipeline RATIS ONE PipelineID=236e7fd7-8e09-44a5-9a8e-5548c10f4cc5.
2022-03-03 07:23:56,772 [Listener at 127.0.0.1/44937] INFO  ozone.MiniOzoneClusterImpl (MiniOzoneClusterImpl.java:lambda$waitForClusterToBeReady$0(219)) - Nodes are ready. Got 3 of 3 DN Heartbeats.
2022-03-03 07:23:56,772 [Listener at 127.0.0.1/44937] INFO  ozone.MiniOzoneClusterImpl (MiniOzoneClusterImpl.java:lambda$waitForClusterToBeReady$0(222)) - Waiting for cluster to exit safe mode
2022-03-03 07:23:56,772 [Listener at 127.0.0.1/44937] INFO  ozone.MiniOzoneClusterImpl (MiniOzoneClusterImpl.java:lambda$waitForClusterToBeReady$0(224)) - SCM became leader
2022-03-03 07:23:57,773 [Listener at 127.0.0.1/44937] INFO  ozone.MiniOzoneClusterImpl (MiniOzoneClusterImpl.java:lambda$waitForClusterToBeReady$0(219)) - Nodes are ready. Got 3 of 3 DN Heartbeats.
2022-03-03 07:23:57,773 [Listener at 127.0.0.1/44937] INFO  ozone.MiniOzoneClusterImpl (MiniOzoneClusterImpl.java:lambda$waitForClusterToBeReady$0(222)) - Waiting for cluster to exit safe mode
2022-03-03 07:23:57,773 [Listener at 127.0.0.1/44937] INFO  ozone.MiniOzoneClusterImpl (MiniOzoneClusterImpl.java:lambda$waitForClusterToBeReady$0(224)) - SCM became leader
2022-03-03 07:23:58,773 [Listener at 127.0.0.1/44937] INFO  ozone.MiniOzoneClusterImpl (MiniOzoneClusterImpl.java:lambda$waitForClusterToBeReady$0(219)) - Nodes are ready. Got 3 of 3 DN Heartbeats.
2022-03-03 07:23:58,774 [Listener at 127.0.0.1/44937] INFO  ozone.MiniOzoneClusterImpl (MiniOzoneClusterImpl.java:lambda$waitForClusterToBeReady$0(222)) - Waiting for cluster to exit safe mode
2022-03-03 07:23:58,774 [Listener at 127.0.0.1/44937] INFO  ozone.MiniOzoneClusterImpl (MiniOzoneClusterImpl.java:lambda$waitForClusterToBeReady$0(224)) - SCM became leader
2022-03-03 07:23:59,774 [Listener at 127.0.0.1/44937] INFO  ozone.MiniOzoneClusterImpl (MiniOzoneClusterImpl.java:lambda$waitForClusterToBeReady$0(219)) - Nodes are ready. Got 3 of 3 DN Heartbeats.
2022-03-03 07:23:59,774 [Listener at 127.0.0.1/44937] INFO  ozone.MiniOzoneClusterImpl (MiniOzoneClusterImpl.java:lambda$waitForClusterToBeReady$0(222)) - Waiting for cluster to exit safe mode
2022-03-03 07:23:59,774 [Listener at 127.0.0.1/44937] INFO  ozone.MiniOzoneClusterImpl (MiniOzoneClusterImpl.java:lambda$waitForClusterToBeReady$0(224)) - SCM became leader
2022-03-03 07:24:00,303 [126ab421-4020-4271-89f3-e896157a4564@group-4E6979E03B06-FollowerState] INFO  impl.FollowerState (FollowerState.java:run(134)) - 126ab421-4020-4271-89f3-e896157a4564@group-4E6979E03B06-FollowerState: change to CANDIDATE, lastRpcElapsedTime:5034031322ns, electionTimeout:5031ms
2022-03-03 07:24:00,303 [126ab421-4020-4271-89f3-e896157a4564@group-4E6979E03B06-FollowerState] INFO  impl.RoleInfo (RoleInfo.java:shutdownFollowerState(108)) - 126ab421-4020-4271-89f3-e896157a4564: shutdown 126ab421-4020-4271-89f3-e896157a4564@group-4E6979E03B06-FollowerState
2022-03-03 07:24:00,303 [126ab421-4020-4271-89f3-e896157a4564@group-4E6979E03B06-FollowerState] INFO  server.RaftServer$Division (RaftServerImpl.java:setRole(290)) - 126ab421-4020-4271-89f3-e896157a4564@group-4E6979E03B06: changes role from  FOLLOWER to CANDIDATE at term 0 for changeToCandidate
2022-03-03 07:24:00,304 [126ab421-4020-4271-89f3-e896157a4564@group-4E6979E03B06-FollowerState] INFO  server.RaftServerConfigKeys (ConfUtils.java:logGet(44)) - raft.server.leaderelection.pre-vote = false (custom)
2022-03-03 07:24:00,304 [126ab421-4020-4271-89f3-e896157a4564@group-4E6979E03B06-FollowerState] INFO  impl.RoleInfo (RoleInfo.java:updateAndGet(130)) - 126ab421-4020-4271-89f3-e896157a4564: start 126ab421-4020-4271-89f3-e896157a4564@group-4E6979E03B06-LeaderElection7
2022-03-03 07:24:00,310 [126ab421-4020-4271-89f3-e896157a4564@group-4E6979E03B06-LeaderElection7] INFO  impl.LeaderElection (LeaderElection.java:askForVotes(306)) - 126ab421-4020-4271-89f3-e896157a4564@group-4E6979E03B06-LeaderElection7 ELECTION round 0: submit vote requests at term 1 for -1: [126ab421-4020-4271-89f3-e896157a4564|rpc:10.1.0.15:39419|priority:1], old=null
2022-03-03 07:24:00,310 [126ab421-4020-4271-89f3-e896157a4564@group-4E6979E03B06-LeaderElection7] INFO  impl.LeaderElection (LeaderElection.java:askForVotes(308)) - 126ab421-4020-4271-89f3-e896157a4564@group-4E6979E03B06-LeaderElection7 ELECTION round 0: result PASSED (term=1)
2022-03-03 07:24:00,310 [126ab421-4020-4271-89f3-e896157a4564@group-4E6979E03B06-LeaderElection7] INFO  impl.RoleInfo (RoleInfo.java:shutdownLeaderElection(121)) - 126ab421-4020-4271-89f3-e896157a4564: shutdown 126ab421-4020-4271-89f3-e896157a4564@group-4E6979E03B06-LeaderElection7
2022-03-03 07:24:00,310 [126ab421-4020-4271-89f3-e896157a4564@group-4E6979E03B06-LeaderElection7] INFO  server.RaftServer$Division (RaftServerImpl.java:setRole(290)) - 126ab421-4020-4271-89f3-e896157a4564@group-4E6979E03B06: changes role from CANDIDATE to LEADER at term 1 for changeToLeader
2022-03-03 07:24:00,310 [126ab421-4020-4271-89f3-e896157a4564@group-4E6979E03B06-LeaderElection7] INFO  ratis.XceiverServerRatis (XceiverServerRatis.java:handleLeaderChangedNotification(867)) - Leader change notification received for group: group-4E6979E03B06 with new leaderId: 126ab421-4020-4271-89f3-e896157a4564
2022-03-03 07:24:00,311 [126ab421-4020-4271-89f3-e896157a4564@group-4E6979E03B06-LeaderElection7] INFO  server.RaftServer$Division (ServerState.java:setLeader(285)) - 126ab421-4020-4271-89f3-e896157a4564@group-4E6979E03B06: change Leader from null to 126ab421-4020-4271-89f3-e896157a4564 at term 1 for becomeLeader, leader elected after 5062ms
2022-03-03 07:24:00,311 [126ab421-4020-4271-89f3-e896157a4564@group-4E6979E03B06-LeaderElection7] INFO  server.RaftServerConfigKeys (ConfUtils.java:logGet(44)) - raft.server.staging.catchup.gap = 1000 (default)
2022-03-03 07:24:00,312 [EventQueue-OpenPipelineForHealthyPipelineSafeModeRule] INFO  safemode.SCMSafeModeManager (HealthyPipelineSafeModeRule.java:process(124)) - SCM in safe mode. Healthy pipelines reported count is 0, required healthy pipeline reported count is 1
2022-03-03 07:24:00,313 [126ab421-4020-4271-89f3-e896157a4564@group-4E6979E03B06-LeaderElection7] INFO  server.RaftServerConfigKeys (ConfUtils.java:logGet(44)) - raft.server.write.element-limit = 1024 (custom)
2022-03-03 07:24:00,313 [126ab421-4020-4271-89f3-e896157a4564@group-4E6979E03B06-LeaderElection7] INFO  server.RaftServerConfigKeys (ConfUtils.java:logGet(44)) - raft.server.write.byte-limit = 1024 M (=1073741824) (custom)
2022-03-03 07:24:00,313 [126ab421-4020-4271-89f3-e896157a4564@group-4E6979E03B06-LeaderElection7] INFO  server.RaftServerConfigKeys (ConfUtils.java:logGet(44)) - raft.server.watch.timeout = 180s (custom)
2022-03-03 07:24:00,313 [126ab421-4020-4271-89f3-e896157a4564@group-4E6979E03B06-LeaderElection7] INFO  server.RaftServerConfigKeys (ConfUtils.java:logGet(44)) - raft.server.watch.timeout.denomination = 1s (default)
2022-03-03 07:24:00,313 [126ab421-4020-4271-89f3-e896157a4564@group-4E6979E03B06-LeaderElection7] INFO  server.RaftServerConfigKeys (ConfUtils.java:logGet(44)) - raft.server.watch.element-limit = 65536 (default)
2022-03-03 07:24:00,314 [126ab421-4020-4271-89f3-e896157a4564@group-4E6979E03B06-LeaderElection7] INFO  server.RaftServerConfigKeys (ConfUtils.java:logGet(44)) - raft.server.write.element-limit = 1024 (custom)
2022-03-03 07:24:00,314 [126ab421-4020-4271-89f3-e896157a4564@group-4E6979E03B06-LeaderElection7] INFO  server.RaftServerConfigKeys (ConfUtils.java:logGet(44)) - raft.server.write.follower.gap.ratio.max = -1.0 (default)
2022-03-03 07:24:00,314 [126ab421-4020-4271-89f3-e896157a4564@group-4E6979E03B06-LeaderElection7] INFO  impl.RoleInfo (RoleInfo.java:updateAndGet(130)) - 126ab421-4020-4271-89f3-e896157a4564: start 126ab421-4020-4271-89f3-e896157a4564@group-4E6979E03B06-LeaderStateImpl
2022-03-03 07:24:00,314 [126ab421-4020-4271-89f3-e896157a4564@group-4E6979E03B06-LeaderElection7] INFO  segmented.SegmentedRaftLogWorker (SegmentedRaftLogWorker.java:startLogSegment(394)) - 126ab421-4020-4271-89f3-e896157a4564@group-4E6979E03B06-SegmentedRaftLogWorker: Starting segment from index:0
2022-03-03 07:24:00,316 [126ab421-4020-4271-89f3-e896157a4564@group-4E6979E03B06-SegmentedRaftLogWorker] INFO  segmented.SegmentedRaftLogWorker (SegmentedRaftLogWorker.java:execute(601)) - 126ab421-4020-4271-89f3-e896157a4564@group-4E6979E03B06-SegmentedRaftLogWorker: created new log segment /home/runner/work/ozone/ozone/hadoop-ozone/integration-test/target/test-dir/MiniOzoneClusterImpl-73ba9704-0a97-4d3d-983a-0dacfed22b51/datanode-0/data/ratis/dad582cf-8d76-4865-bab6-4e6979e03b06/current/log_inprogress_0
2022-03-03 07:24:00,322 [126ab421-4020-4271-89f3-e896157a4564@group-4E6979E03B06-LeaderElection7] INFO  server.RaftServer$Division (ServerState.java:setRaftConf(387)) - 126ab421-4020-4271-89f3-e896157a4564@group-4E6979E03B06: set configuration 0: [126ab421-4020-4271-89f3-e896157a4564|rpc:10.1.0.15:39419|dataStream:|priority:1], old=null
2022-03-03 07:24:00,340 [126ab421-4020-4271-89f3-e896157a4564@group-EF3E863674B1-FollowerState] INFO  impl.FollowerState (FollowerState.java:run(134)) - 126ab421-4020-4271-89f3-e896157a4564@group-EF3E863674B1-FollowerState: change to CANDIDATE, lastRpcElapsedTime:5032339999ns, electionTimeout:5031ms
2022-03-03 07:24:00,340 [126ab421-4020-4271-89f3-e896157a4564@group-EF3E863674B1-FollowerState] INFO  impl.RoleInfo (RoleInfo.java:shutdownFollowerState(108)) - 126ab421-4020-4271-89f3-e896157a4564: shutdown 126ab421-4020-4271-89f3-e896157a4564@group-EF3E863674B1-FollowerState
2022-03-03 07:24:00,340 [126ab421-4020-4271-89f3-e896157a4564@group-EF3E863674B1-FollowerState] INFO  server.RaftServer$Division (RaftServerImpl.java:setRole(290)) - 126ab421-4020-4271-89f3-e896157a4564@group-EF3E863674B1: changes role from  FOLLOWER to CANDIDATE at term 0 for changeToCandidate
2022-03-03 07:24:00,341 [126ab421-4020-4271-89f3-e896157a4564@group-EF3E863674B1-FollowerState] INFO  server.RaftServerConfigKeys (ConfUtils.java:logGet(44)) - raft.server.leaderelection.pre-vote = false (custom)
2022-03-03 07:24:00,341 [126ab421-4020-4271-89f3-e896157a4564@group-EF3E863674B1-FollowerState] INFO  impl.RoleInfo (RoleInfo.java:updateAndGet(130)) - 126ab421-4020-4271-89f3-e896157a4564: start 126ab421-4020-4271-89f3-e896157a4564@group-EF3E863674B1-LeaderElection8
2022-03-03 07:24:00,345 [126ab421-4020-4271-89f3-e896157a4564@group-EF3E863674B1-LeaderElection8] INFO  impl.LeaderElection (LeaderElection.java:askForVotes(306)) - 126ab421-4020-4271-89f3-e896157a4564@group-EF3E863674B1-LeaderElection8 ELECTION round 0: submit vote requests at term 1 for -1: [126ab421-4020-4271-89f3-e896157a4564|rpc:10.1.0.15:39419|priority:1, f349b4ca-06a6-4713-ab55-585a61bac57c|rpc:10.1.0.15:45745|priority:0, 5d798457-e9ee-4751-9538-7a6d36474688|rpc:10.1.0.15:41069|priority:0], old=null
2022-03-03 07:24:00,369 [grpc-default-executor-3] INFO  server.RaftServer$Division (RaftServerImpl.java:requestVote(1046)) - 5d798457-e9ee-4751-9538-7a6d36474688@group-EF3E863674B1: receive requestVote(ELECTION, 126ab421-4020-4271-89f3-e896157a4564, group-EF3E863674B1, 1, (t:0, i:0))
2022-03-03 07:24:00,369 [grpc-default-executor-3] INFO  impl.VoteContext (VoteContext.java:log(48)) - 5d798457-e9ee-4751-9538-7a6d36474688@group-EF3E863674B1-FOLLOWER: accept ELECTION from 126ab421-4020-4271-89f3-e896157a4564: our priority 0 <= candidate's priority 1
2022-03-03 07:24:00,369 [grpc-default-executor-3] INFO  server.RaftServer$Division (RaftServerImpl.java:setRole(290)) - 5d798457-e9ee-4751-9538-7a6d36474688@group-EF3E863674B1: changes role from  FOLLOWER to FOLLOWER at term 1 for candidate:126ab421-4020-4271-89f3-e896157a4564
2022-03-03 07:24:00,369 [grpc-default-executor-3] INFO  impl.RoleInfo (RoleInfo.java:shutdownFollowerState(108)) - 5d798457-e9ee-4751-9538-7a6d36474688: shutdown 5d798457-e9ee-4751-9538-7a6d36474688@group-EF3E863674B1-FollowerState
2022-03-03 07:24:00,369 [grpc-default-executor-3] INFO  impl.RoleInfo (RoleInfo.java:updateAndGet(130)) - 5d798457-e9ee-4751-9538-7a6d36474688: start 5d798457-e9ee-4751-9538-7a6d36474688@group-EF3E863674B1-FollowerState
2022-03-03 07:24:00,369 [5d798457-e9ee-4751-9538-7a6d36474688@group-EF3E863674B1-FollowerState] INFO  impl.FollowerState (FollowerState.java:run(143)) - 5d798457-e9ee-4751-9538-7a6d36474688@group-EF3E863674B1-FollowerState was interrupted: {}
java.lang.InterruptedException: sleep interrupted
	at java.lang.Thread.sleep(Native Method)
	at java.lang.Thread.sleep(Thread.java:342)
	at java.util.concurrent.TimeUnit.sleep(TimeUnit.java:386)
	at org.apache.ratis.util.TimeDuration.sleep(TimeDuration.java:324)
	at org.apache.ratis.util.TimeDuration.sleep(TimeDuration.java:309)
	at org.apache.ratis.server.impl.FollowerState.run(FollowerState.java:118)
2022-03-03 07:24:00,374 [grpc-default-executor-4] INFO  server.RaftServer$Division (RaftServerImpl.java:requestVote(1046)) - f349b4ca-06a6-4713-ab55-585a61bac57c@group-EF3E863674B1: receive requestVote(ELECTION, 126ab421-4020-4271-89f3-e896157a4564, group-EF3E863674B1, 1, (t:0, i:0))
2022-03-03 07:24:00,374 [grpc-default-executor-4] INFO  impl.VoteContext (VoteContext.java:log(48)) - f349b4ca-06a6-4713-ab55-585a61bac57c@group-EF3E863674B1-FOLLOWER: accept ELECTION from 126ab421-4020-4271-89f3-e896157a4564: our priority 0 <= candidate's priority 1
2022-03-03 07:24:00,374 [grpc-default-executor-3] INFO  server.RaftServer$Division (RaftServerImpl.java:requestVote(1078)) - 5d798457-e9ee-4751-9538-7a6d36474688@group-EF3E863674B1 replies to ELECTION vote request: 126ab421-4020-4271-89f3-e896157a4564<-5d798457-e9ee-4751-9538-7a6d36474688#0:OK-t1. Peer's state: 5d798457-e9ee-4751-9538-7a6d36474688@group-EF3E863674B1:t1, leader=null, voted=126ab421-4020-4271-89f3-e896157a4564, raftlog=5d798457-e9ee-4751-9538-7a6d36474688@group-EF3E863674B1-SegmentedRaftLog:OPENED:c-1, conf=-1: [126ab421-4020-4271-89f3-e896157a4564|rpc:10.1.0.15:39419|dataStream:|priority:1, f349b4ca-06a6-4713-ab55-585a61bac57c|rpc:10.1.0.15:45745|dataStream:|priority:0, 5d798457-e9ee-4751-9538-7a6d36474688|rpc:10.1.0.15:41069|dataStream:|priority:0], old=null
2022-03-03 07:24:00,374 [grpc-default-executor-4] INFO  server.RaftServer$Division (RaftServerImpl.java:setRole(290)) - f349b4ca-06a6-4713-ab55-585a61bac57c@group-EF3E863674B1: changes role from  FOLLOWER to FOLLOWER at term 1 for candidate:126ab421-4020-4271-89f3-e896157a4564
2022-03-03 07:24:00,374 [grpc-default-executor-4] INFO  impl.RoleInfo (RoleInfo.java:shutdownFollowerState(108)) - f349b4ca-06a6-4713-ab55-585a61bac57c: shutdown f349b4ca-06a6-4713-ab55-585a61bac57c@group-EF3E863674B1-FollowerState
2022-03-03 07:24:00,374 [grpc-default-executor-4] INFO  impl.RoleInfo (RoleInfo.java:updateAndGet(130)) - f349b4ca-06a6-4713-ab55-585a61bac57c: start f349b4ca-06a6-4713-ab55-585a61bac57c@group-EF3E863674B1-FollowerState
2022-03-03 07:24:00,374 [f349b4ca-06a6-4713-ab55-585a61bac57c@group-EF3E863674B1-FollowerState] INFO  impl.FollowerState (FollowerState.java:run(143)) - f349b4ca-06a6-4713-ab55-585a61bac57c@group-EF3E863674B1-FollowerState was interrupted: {}
java.lang.InterruptedException: sleep interrupted
	at java.lang.Thread.sleep(Native Method)
	at java.lang.Thread.sleep(Thread.java:342)
	at java.util.concurrent.TimeUnit.sleep(TimeUnit.java:386)
	at org.apache.ratis.util.TimeDuration.sleep(TimeDuration.java:324)
	at org.apache.ratis.util.TimeDuration.sleep(TimeDuration.java:309)
	at org.apache.ratis.server.impl.FollowerState.run(FollowerState.java:118)
2022-03-03 07:24:00,378 [grpc-default-executor-4] INFO  server.RaftServer$Division (RaftServerImpl.java:requestVote(1078)) - f349b4ca-06a6-4713-ab55-585a61bac57c@group-EF3E863674B1 replies to ELECTION vote request: 126ab421-4020-4271-89f3-e896157a4564<-f349b4ca-06a6-4713-ab55-585a61bac57c#0:OK-t1. Peer's state: f349b4ca-06a6-4713-ab55-585a61bac57c@group-EF3E863674B1:t1, leader=null, voted=126ab421-4020-4271-89f3-e896157a4564, raftlog=f349b4ca-06a6-4713-ab55-585a61bac57c@group-EF3E863674B1-SegmentedRaftLog:OPENED:c-1, conf=-1: [126ab421-4020-4271-89f3-e896157a4564|rpc:10.1.0.15:39419|dataStream:|priority:1, f349b4ca-06a6-4713-ab55-585a61bac57c|rpc:10.1.0.15:45745|dataStream:|priority:0, 5d798457-e9ee-4751-9538-7a6d36474688|rpc:10.1.0.15:41069|dataStream:|priority:0], old=null
2022-03-03 07:24:00,379 [126ab421-4020-4271-89f3-e896157a4564@group-EF3E863674B1-LeaderElection8] INFO  impl.LeaderElection (LeaderElection.java:logAndReturn(89)) - 126ab421-4020-4271-89f3-e896157a4564@group-EF3E863674B1-LeaderElection8: ELECTION PASSED received 1 response(s) and 0 exception(s):
2022-03-03 07:24:00,379 [126ab421-4020-4271-89f3-e896157a4564@group-EF3E863674B1-LeaderElection8] INFO  impl.LeaderElection (LeaderElection.java:logAndReturn(93)) -   Response 0: 126ab421-4020-4271-89f3-e896157a4564<-5d798457-e9ee-4751-9538-7a6d36474688#0:OK-t1
2022-03-03 07:24:00,379 [126ab421-4020-4271-89f3-e896157a4564@group-EF3E863674B1-LeaderElection8] INFO  impl.LeaderElection (LeaderElection.java:askForVotes(308)) - 126ab421-4020-4271-89f3-e896157a4564@group-EF3E863674B1-LeaderElection8 ELECTION round 0: result PASSED
2022-03-03 07:24:00,380 [126ab421-4020-4271-89f3-e896157a4564@group-EF3E863674B1-LeaderElection8] INFO  impl.RoleInfo (RoleInfo.java:shutdownLeaderElection(121)) - 126ab421-4020-4271-89f3-e896157a4564: shutdown 126ab421-4020-4271-89f3-e896157a4564@group-EF3E863674B1-LeaderElection8
2022-03-03 07:24:00,380 [126ab421-4020-4271-89f3-e896157a4564@group-EF3E863674B1-LeaderElection8] INFO  server.RaftServer$Division (RaftServerImpl.java:setRole(290)) - 126ab421-4020-4271-89f3-e896157a4564@group-EF3E863674B1: changes role from CANDIDATE to LEADER at term 1 for changeToLeader
2022-03-03 07:24:00,380 [126ab421-4020-4271-89f3-e896157a4564@group-EF3E863674B1-LeaderElection8] INFO  ratis.XceiverServerRatis (XceiverServerRatis.java:handleLeaderChangedNotification(867)) - Leader change notification received for group: group-EF3E863674B1 with new leaderId: 126ab421-4020-4271-89f3-e896157a4564
2022-03-03 07:24:00,381 [126ab421-4020-4271-89f3-e896157a4564@group-EF3E863674B1-LeaderElection8] INFO  server.RaftServer$Division (ServerState.java:setLeader(285)) - 126ab421-4020-4271-89f3-e896157a4564@group-EF3E863674B1: change Leader from null to 126ab421-4020-4271-89f3-e896157a4564 at term 1 for becomeLeader, leader elected after 5084ms
2022-03-03 07:24:00,381 [126ab421-4020-4271-89f3-e896157a4564@group-EF3E863674B1-LeaderElection8] INFO  server.RaftServerConfigKeys (ConfUtils.java:logGet(44)) - raft.server.staging.catchup.gap = 1000 (default)
2022-03-03 07:24:00,381 [126ab421-4020-4271-89f3-e896157a4564@group-EF3E863674B1-LeaderElection8] INFO  server.RaftServerConfigKeys (ConfUtils.java:logGet(44)) - raft.server.write.element-limit = 1024 (custom)
2022-03-03 07:24:00,381 [126ab421-4020-4271-89f3-e896157a4564@group-EF3E863674B1-LeaderElection8] INFO  server.RaftServerConfigKeys (ConfUtils.java:logGet(44)) - raft.server.write.byte-limit = 1024 M (=1073741824) (custom)
2022-03-03 07:24:00,382 [126ab421-4020-4271-89f3-e896157a4564@group-EF3E863674B1-LeaderElection8] INFO  server.RaftServerConfigKeys (ConfUtils.java:logGet(44)) - raft.server.watch.timeout = 180s (custom)
2022-03-03 07:24:00,382 [126ab421-4020-4271-89f3-e896157a4564@group-EF3E863674B1-LeaderElection8] INFO  server.RaftServerConfigKeys (ConfUtils.java:logGet(44)) - raft.server.watch.timeout.denomination = 1s (default)
2022-03-03 07:24:00,382 [126ab421-4020-4271-89f3-e896157a4564@group-EF3E863674B1-LeaderElection8] INFO  server.RaftServerConfigKeys (ConfUtils.java:logGet(44)) - raft.server.watch.element-limit = 65536 (default)
2022-03-03 07:24:00,382 [126ab421-4020-4271-89f3-e896157a4564@group-EF3E863674B1-LeaderElection8] INFO  server.RaftServerConfigKeys (ConfUtils.java:logGet(44)) - raft.server.write.element-limit = 1024 (custom)
2022-03-03 07:24:00,382 [126ab421-4020-4271-89f3-e896157a4564@group-EF3E863674B1-LeaderElection8] INFO  server.RaftServerConfigKeys (ConfUtils.java:logGet(44)) - raft.server.write.follower.gap.ratio.max = -1.0 (default)
2022-03-03 07:24:00,382 [126ab421-4020-4271-89f3-e896157a4564@group-EF3E863674B1-LeaderElection8] INFO  server.RaftServerConfigKeys (ConfUtils.java:logGet(44)) - raft.server.log.appender.snapshot.chunk.size.max = 16MB (=16777216) (default)
2022-03-03 07:24:00,383 [126ab421-4020-4271-89f3-e896157a4564@group-EF3E863674B1-LeaderElection8] INFO  server.RaftServerConfigKeys (ConfUtils.java:logGet(44)) - raft.server.log.appender.buffer.byte-limit = 33554432 (custom)
2022-03-03 07:24:00,383 [126ab421-4020-4271-89f3-e896157a4564@group-EF3E863674B1-LeaderElection8] INFO  server.RaftServerConfigKeys (ConfUtils.java:logGet(44)) - raft.server.log.appender.buffer.element-limit = 1 (custom)
2022-03-03 07:24:00,383 [126ab421-4020-4271-89f3-e896157a4564@group-EF3E863674B1-LeaderElection8] INFO  grpc.GrpcConfigKeys (ConfUtils.java:logGet(44)) - raft.grpc.server.leader.outstanding.appends.max = 128 (default)
2022-03-03 07:24:00,383 [126ab421-4020-4271-89f3-e896157a4564@group-EF3E863674B1-LeaderElection8] INFO  server.RaftServerConfigKeys (ConfUtils.java:logGet(44)) - raft.server.rpc.request.timeout = 60s (custom)
2022-03-03 07:24:00,383 [126ab421-4020-4271-89f3-e896157a4564@group-EF3E863674B1-LeaderElection8] INFO  server.RaftServerConfigKeys (ConfUtils.java:logGet(44)) - raft.server.log.appender.install.snapshot.enabled = false (custom)
2022-03-03 07:24:00,384 [126ab421-4020-4271-89f3-e896157a4564@group-EF3E863674B1-LeaderElection8] INFO  server.RaftServerConfigKeys (ConfUtils.java:logGet(44)) - raft.server.log.appender.snapshot.chunk.size.max = 16MB (=16777216) (default)
2022-03-03 07:24:00,385 [EventQueue-PipelineReportForPipelineReportHandler] INFO  pipeline.PipelineManagerImpl (PipelineManagerImpl.java:openPipeline(291)) - Pipeline Pipeline[ Id: 40576761-d161-4a5f-ab95-ef3e863674b1, Nodes: f349b4ca-06a6-4713-ab55-585a61bac57c{ip: 10.1.0.15, host: fv-az501-749.rsswf2em5frezlg3dkjt5mgqaf.dx.internal.cloudapp.net, ports: [REPLICATION=33243, RATIS=45745, RATIS_ADMIN=45745, RATIS_SERVER=45745, STANDALONE=43679], networkLocation: /default-rack, certSerialId: null, persistedOpState: IN_SERVICE, persistedOpStateExpiryEpochSec: 0}126ab421-4020-4271-89f3-e896157a4564{ip: 10.1.0.15, host: fv-az501-749.rsswf2em5frezlg3dkjt5mgqaf.dx.internal.cloudapp.net, ports: [REPLICATION=38615, RATIS=39419, RATIS_ADMIN=39419, RATIS_SERVER=39419, STANDALONE=38849], networkLocation: /default-rack, certSerialId: null, persistedOpState: IN_SERVICE, persistedOpStateExpiryEpochSec: 0}5d798457-e9ee-4751-9538-7a6d36474688{ip: 10.1.0.15, host: fv-az501-749.rsswf2em5frezlg3dkjt5mgqaf.dx.internal.cloudapp.net, ports: [REPLICATION=35947, RATIS=41069, RATIS_ADMIN=41069, RATIS_SERVER=41069, STANDALONE=38567], networkLocation: /default-rack, certSerialId: null, persistedOpState: IN_SERVICE, persistedOpStateExpiryEpochSec: 0}, ReplicationConfig: RATIS/THREE, State:ALLOCATED, leaderId:126ab421-4020-4271-89f3-e896157a4564, CreationTimestamp2022-03-03T07:23:52.784Z[Etc/UTC]] moved to OPEN state
2022-03-03 07:24:00,385 [126ab421-4020-4271-89f3-e896157a4564@group-EF3E863674B1-LeaderElection8] INFO  server.RaftServerConfigKeys (ConfUtils.java:logGet(44)) - raft.server.log.appender.buffer.byte-limit = 33554432 (custom)
2022-03-03 07:24:00,386 [126ab421-4020-4271-89f3-e896157a4564@group-EF3E863674B1-LeaderElection8] INFO  server.RaftServerConfigKeys (ConfUtils.java:logGet(44)) - raft.server.log.appender.buffer.element-limit = 1 (custom)
2022-03-03 07:24:00,386 [126ab421-4020-4271-89f3-e896157a4564@group-EF3E863674B1-LeaderElection8] INFO  grpc.GrpcConfigKeys (ConfUtils.java:logGet(44)) - raft.grpc.server.leader.outstanding.appends.max = 128 (default)
2022-03-03 07:24:00,388 [d78b0498-37f7-42fa-abe7-9e1e0a9796db@group-0DACFED22B51-StateMachineUpdater] INFO  safemode.HealthyPipelineSafeModeRule (HealthyPipelineSafeModeRule.java:initializeRule(152)) - Refreshed total pipeline count is 1, healthy pipeline threshold count is 1
2022-03-03 07:24:00,391 [EventQueue-OpenPipelineForHealthyPipelineSafeModeRule] INFO  safemode.SCMSafeModeManager (HealthyPipelineSafeModeRule.java:process(124)) - SCM in safe mode. Healthy pipelines reported count is 0, required healthy pipeline reported count is 1
2022-03-03 07:24:00,392 [EventQueue-OpenPipelineForHealthyPipelineSafeModeRule] INFO  safemode.SCMSafeModeManager (HealthyPipelineSafeModeRule.java:process(124)) - SCM in safe mode. Healthy pipelines reported count is 1, required healthy pipeline reported count is 1
2022-03-03 07:24:00,392 [EventQueue-OpenPipelineForHealthyPipelineSafeModeRule] INFO  safemode.SCMSafeModeManager (SCMSafeModeManager.java:validateSafeModeExitRules(204)) - HealthyPipelineSafeModeRule rule is successfully validated
2022-03-03 07:24:00,392 [EventQueue-OpenPipelineForHealthyPipelineSafeModeRule] INFO  safemode.SCMSafeModeManager (SCMSafeModeManager.java:validateSafeModeExitRules(219)) - ScmSafeModeManager, all rules are successfully validated
2022-03-03 07:24:00,392 [EventQueue-OpenPipelineForHealthyPipelineSafeModeRule] INFO  safemode.SCMSafeModeManager (SCMSafeModeManager.java:exitSafeMode(248)) - SCM exiting safe mode.
2022-03-03 07:24:00,388 [126ab421-4020-4271-89f3-e896157a4564@group-EF3E863674B1-LeaderElection8] INFO  server.RaftServerConfigKeys (ConfUtils.java:logGet(44)) - raft.server.rpc.request.timeout = 60s (custom)
2022-03-03 07:24:00,392 [126ab421-4020-4271-89f3-e896157a4564@group-EF3E863674B1-LeaderElection8] INFO  server.RaftServerConfigKeys (ConfUtils.java:logGet(44)) - raft.server.log.appender.install.snapshot.enabled = false (custom)
2022-03-03 07:24:00,392 [EventQueue-OpenPipelineForHealthyPipelineSafeModeRule] WARN  events.EventQueue (EventQueue.java:fireEvent(194)) - No event handler registered for event TypedEvent{payloadType=SafeModeStatus, name='Safe mode status'}
2022-03-03 07:24:00,394 [EventQueue-OpenPipelineForHealthyPipelineSafeModeRule] INFO  ha.SCMContext (SCMContext.java:updateSafeModeStatus(211)) - Update SafeModeStatus from SafeModeStatus{safeModeStatus=true, preCheckPassed=true} to SafeModeStatus{safeModeStatus=false, preCheckPassed=true}.
2022-03-03 07:24:00,394 [EventQueue-OpenPipelineForHealthyPipelineSafeModeRule] INFO  container.ReplicationManager (ReplicationManager.java:notifyStatusChanged(1807)) - Service ReplicationManager transitions to RUNNING.
2022-03-03 07:24:00,394 [126ab421-4020-4271-89f3-e896157a4564@group-EF3E863674B1-LeaderElection8] INFO  impl.RoleInfo (RoleInfo.java:updateAndGet(130)) - 126ab421-4020-4271-89f3-e896157a4564: start 126ab421-4020-4271-89f3-e896157a4564@group-EF3E863674B1-LeaderStateImpl
2022-03-03 07:24:00,395 [126ab421-4020-4271-89f3-e896157a4564@group-EF3E863674B1-LeaderElection8] INFO  segmented.SegmentedRaftLogWorker (SegmentedRaftLogWorker.java:startLogSegment(394)) - 126ab421-4020-4271-89f3-e896157a4564@group-EF3E863674B1-SegmentedRaftLogWorker: Starting segment from index:0
2022-03-03 07:24:00,396 [126ab421-4020-4271-89f3-e896157a4564@group-EF3E863674B1-SegmentedRaftLogWorker] INFO  segmented.SegmentedRaftLogWorker (SegmentedRaftLogWorker.java:execute(601)) - 126ab421-4020-4271-89f3-e896157a4564@group-EF3E863674B1-SegmentedRaftLogWorker: created new log segment /home/runner/work/ozone/ozone/hadoop-ozone/integration-test/target/test-dir/MiniOzoneClusterImpl-73ba9704-0a97-4d3d-983a-0dacfed22b51/datanode-0/data/ratis/40576761-d161-4a5f-ab95-ef3e863674b1/current/log_inprogress_0
2022-03-03 07:24:00,410 [126ab421-4020-4271-89f3-e896157a4564@group-EF3E863674B1-LeaderElection8] INFO  server.RaftServer$Division (ServerState.java:setRaftConf(387)) - 126ab421-4020-4271-89f3-e896157a4564@group-EF3E863674B1: set configuration 0: [126ab421-4020-4271-89f3-e896157a4564|rpc:10.1.0.15:39419|dataStream:|priority:1, f349b4ca-06a6-4713-ab55-585a61bac57c|rpc:10.1.0.15:45745|dataStream:|priority:0, 5d798457-e9ee-4751-9538-7a6d36474688|rpc:10.1.0.15:41069|dataStream:|priority:0], old=null
2022-03-03 07:24:00,412 [grpc-default-executor-3] INFO  ratis.XceiverServerRatis (XceiverServerRatis.java:handleLeaderChangedNotification(867)) - Leader change notification received for group: group-EF3E863674B1 with new leaderId: 126ab421-4020-4271-89f3-e896157a4564
2022-03-03 07:24:00,412 [grpc-default-executor-3] INFO  server.RaftServer$Division (ServerState.java:setLeader(285)) - 5d798457-e9ee-4751-9538-7a6d36474688@group-EF3E863674B1: change Leader from null to 126ab421-4020-4271-89f3-e896157a4564 at term 1 for appendEntries, leader elected after 4906ms
2022-03-03 07:24:00,418 [grpc-default-executor-4] INFO  ratis.XceiverServerRatis (XceiverServerRatis.java:handleLeaderChangedNotification(867)) - Leader change notification received for group: group-EF3E863674B1 with new leaderId: 126ab421-4020-4271-89f3-e896157a4564
2022-03-03 07:24:00,418 [grpc-default-executor-4] INFO  server.RaftServer$Division (ServerState.java:setLeader(285)) - f349b4ca-06a6-4713-ab55-585a61bac57c@group-EF3E863674B1: change Leader from null to 126ab421-4020-4271-89f3-e896157a4564 at term 1 for appendEntries, leader elected after 5017ms
2022-03-03 07:24:00,420 [grpc-default-executor-3] INFO  server.RaftServer$Division (ServerState.java:setRaftConf(387)) - 5d798457-e9ee-4751-9538-7a6d36474688@group-EF3E863674B1: set configuration 0: [126ab421-4020-4271-89f3-e896157a4564|rpc:10.1.0.15:39419|dataStream:|priority:1, f349b4ca-06a6-4713-ab55-585a61bac57c|rpc:10.1.0.15:45745|dataStream:|priority:0, 5d798457-e9ee-4751-9538-7a6d36474688|rpc:10.1.0.15:41069|dataStream:|priority:0], old=null
2022-03-03 07:24:00,420 [grpc-default-executor-3] INFO  segmented.SegmentedRaftLogWorker (SegmentedRaftLogWorker.java:startLogSegment(394)) - 5d798457-e9ee-4751-9538-7a6d36474688@group-EF3E863674B1-SegmentedRaftLogWorker: Starting segment from index:0
2022-03-03 07:24:00,422 [5d798457-e9ee-4751-9538-7a6d36474688@group-EF3E863674B1-SegmentedRaftLogWorker] INFO  segmented.SegmentedRaftLogWorker (SegmentedRaftLogWorker.java:execute(601)) - 5d798457-e9ee-4751-9538-7a6d36474688@group-EF3E863674B1-SegmentedRaftLogWorker: created new log segment /home/runner/work/ozone/ozone/hadoop-ozone/integration-test/target/test-dir/MiniOzoneClusterImpl-73ba9704-0a97-4d3d-983a-0dacfed22b51/datanode-1/data/ratis/40576761-d161-4a5f-ab95-ef3e863674b1/current/log_inprogress_0
2022-03-03 07:24:00,427 [grpc-default-executor-4] INFO  server.RaftServer$Division (ServerState.java:setRaftConf(387)) - f349b4ca-06a6-4713-ab55-585a61bac57c@group-EF3E863674B1: set configuration 0: [126ab421-4020-4271-89f3-e896157a4564|rpc:10.1.0.15:39419|dataStream:|priority:1, f349b4ca-06a6-4713-ab55-585a61bac57c|rpc:10.1.0.15:45745|dataStream:|priority:0, 5d798457-e9ee-4751-9538-7a6d36474688|rpc:10.1.0.15:41069|dataStream:|priority:0], old=null
2022-03-03 07:24:00,427 [grpc-default-executor-4] INFO  segmented.SegmentedRaftLogWorker (SegmentedRaftLogWorker.java:startLogSegment(394)) - f349b4ca-06a6-4713-ab55-585a61bac57c@group-EF3E863674B1-SegmentedRaftLogWorker: Starting segment from index:0
2022-03-03 07:24:00,431 [f349b4ca-06a6-4713-ab55-585a61bac57c@group-EF3E863674B1-SegmentedRaftLogWorker] INFO  segmented.SegmentedRaftLogWorker (SegmentedRaftLogWorker.java:execute(601)) - f349b4ca-06a6-4713-ab55-585a61bac57c@group-EF3E863674B1-SegmentedRaftLogWorker: created new log segment /home/runner/work/ozone/ozone/hadoop-ozone/integration-test/target/test-dir/MiniOzoneClusterImpl-73ba9704-0a97-4d3d-983a-0dacfed22b51/datanode-2/data/ratis/40576761-d161-4a5f-ab95-ef3e863674b1/current/log_inprogress_0
2022-03-03 07:24:00,668 [5d798457-e9ee-4751-9538-7a6d36474688@group-FCB2CE0783F5-FollowerState] INFO  impl.FollowerState (FollowerState.java:run(134)) - 5d798457-e9ee-4751-9538-7a6d36474688@group-FCB2CE0783F5-FollowerState: change to CANDIDATE, lastRpcElapsedTime:5060208730ns, electionTimeout:5055ms
2022-03-03 07:24:00,668 [5d798457-e9ee-4751-9538-7a6d36474688@group-FCB2CE0783F5-FollowerState] INFO  impl.RoleInfo (RoleInfo.java:shutdownFollowerState(108)) - 5d798457-e9ee-4751-9538-7a6d36474688: shutdown 5d798457-e9ee-4751-9538-7a6d36474688@group-FCB2CE0783F5-FollowerState
2022-03-03 07:24:00,668 [5d798457-e9ee-4751-9538-7a6d36474688@group-FCB2CE0783F5-FollowerState] INFO  server.RaftServer$Division (RaftServerImpl.java:setRole(290)) - 5d798457-e9ee-4751-9538-7a6d36474688@group-FCB2CE0783F5: changes role from  FOLLOWER to CANDIDATE at term 0 for changeToCandidate
2022-03-03 07:24:00,668 [5d798457-e9ee-4751-9538-7a6d36474688@group-FCB2CE0783F5-FollowerState] INFO  server.RaftServerConfigKeys (ConfUtils.java:logGet(44)) - raft.server.leaderelection.pre-vote = false (custom)
2022-03-03 07:24:00,668 [5d798457-e9ee-4751-9538-7a6d36474688@group-FCB2CE0783F5-FollowerState] INFO  impl.RoleInfo (RoleInfo.java:updateAndGet(130)) - 5d798457-e9ee-4751-9538-7a6d36474688: start 5d798457-e9ee-4751-9538-7a6d36474688@group-FCB2CE0783F5-LeaderElection9
2022-03-03 07:24:00,673 [5d798457-e9ee-4751-9538-7a6d36474688@group-FCB2CE0783F5-LeaderElection9] INFO  impl.LeaderElection (LeaderElection.java:askForVotes(306)) - 5d798457-e9ee-4751-9538-7a6d36474688@group-FCB2CE0783F5-LeaderElection9 ELECTION round 0: submit vote requests at term 1 for -1: [5d798457-e9ee-4751-9538-7a6d36474688|rpc:10.1.0.15:41069|priority:1], old=null
2022-03-03 07:24:00,673 [5d798457-e9ee-4751-9538-7a6d36474688@group-FCB2CE0783F5-LeaderElection9] INFO  impl.LeaderElection (LeaderElection.java:askForVotes(308)) - 5d798457-e9ee-4751-9538-7a6d36474688@group-FCB2CE0783F5-LeaderElection9 ELECTION round 0: result PASSED (term=1)
2022-03-03 07:24:00,673 [5d798457-e9ee-4751-9538-7a6d36474688@group-FCB2CE0783F5-LeaderElection9] INFO  impl.RoleInfo (RoleInfo.java:shutdownLeaderElection(121)) - 5d798457-e9ee-4751-9538-7a6d36474688: shutdown 5d798457-e9ee-4751-9538-7a6d36474688@group-FCB2CE0783F5-LeaderElection9
2022-03-03 07:24:00,684 [5d798457-e9ee-4751-9538-7a6d36474688@group-FCB2CE0783F5-LeaderElection9] INFO  server.RaftServer$Division (RaftServerImpl.java:setRole(290)) - 5d798457-e9ee-4751-9538-7a6d36474688@group-FCB2CE0783F5: changes role from CANDIDATE to LEADER at term 1 for changeToLeader
2022-03-03 07:24:00,684 [5d798457-e9ee-4751-9538-7a6d36474688@group-FCB2CE0783F5-LeaderElection9] INFO  ratis.XceiverServerRatis (XceiverServerRatis.java:handleLeaderChangedNotification(867)) - Leader change notification received for group: group-FCB2CE0783F5 with new leaderId: 5d798457-e9ee-4751-9538-7a6d36474688
2022-03-03 07:24:00,685 [5d798457-e9ee-4751-9538-7a6d36474688@group-FCB2CE0783F5-LeaderElection9] INFO  server.RaftServer$Division (ServerState.java:setLeader(285)) - 5d798457-e9ee-4751-9538-7a6d36474688@group-FCB2CE0783F5: change Leader from null to 5d798457-e9ee-4751-9538-7a6d36474688 at term 1 for becomeLeader, leader elected after 5122ms
2022-03-03 07:24:00,685 [5d798457-e9ee-4751-9538-7a6d36474688@group-FCB2CE0783F5-LeaderElection9] INFO  server.RaftServerConfigKeys (ConfUtils.java:logGet(44)) - raft.server.staging.catchup.gap = 1000 (default)
2022-03-03 07:24:00,685 [5d798457-e9ee-4751-9538-7a6d36474688@group-FCB2CE0783F5-LeaderElection9] INFO  server.RaftServerConfigKeys (ConfUtils.java:logGet(44)) - raft.server.write.element-limit = 1024 (custom)
2022-03-03 07:24:00,685 [5d798457-e9ee-4751-9538-7a6d36474688@group-FCB2CE0783F5-LeaderElection9] INFO  server.RaftServerConfigKeys (ConfUtils.java:logGet(44)) - raft.server.write.byte-limit = 1024 M (=1073741824) (custom)
2022-03-03 07:24:00,686 [5d798457-e9ee-4751-9538-7a6d36474688@group-FCB2CE0783F5-LeaderElection9] INFO  server.RaftServerConfigKeys (ConfUtils.java:logGet(44)) - raft.server.watch.timeout = 180s (custom)
2022-03-03 07:24:00,686 [5d798457-e9ee-4751-9538-7a6d36474688@group-FCB2CE0783F5-LeaderElection9] INFO  server.RaftServerConfigKeys (ConfUtils.java:logGet(44)) - raft.server.watch.timeout.denomination = 1s (default)
2022-03-03 07:24:00,686 [5d798457-e9ee-4751-9538-7a6d36474688@group-FCB2CE0783F5-LeaderElection9] INFO  server.RaftServerConfigKeys (ConfUtils.java:logGet(44)) - raft.server.watch.element-limit = 65536 (default)
2022-03-03 07:24:00,686 [5d798457-e9ee-4751-9538-7a6d36474688@group-FCB2CE0783F5-LeaderElection9] INFO  server.RaftServerConfigKeys (ConfUtils.java:logGet(44)) - raft.server.write.element-limit = 1024 (custom)
2022-03-03 07:24:00,686 [5d798457-e9ee-4751-9538-7a6d36474688@group-FCB2CE0783F5-LeaderElection9] INFO  server.RaftServerConfigKeys (ConfUtils.java:logGet(44)) - raft.server.write.follower.gap.ratio.max = -1.0 (default)
2022-03-03 07:24:00,686 [5d798457-e9ee-4751-9538-7a6d36474688@group-FCB2CE0783F5-LeaderElection9] INFO  impl.RoleInfo (RoleInfo.java:updateAndGet(130)) - 5d798457-e9ee-4751-9538-7a6d36474688: start 5d798457-e9ee-4751-9538-7a6d36474688@group-FCB2CE0783F5-LeaderStateImpl
2022-03-03 07:24:00,687 [5d798457-e9ee-4751-9538-7a6d36474688@group-FCB2CE0783F5-LeaderElection9] INFO  segmented.SegmentedRaftLogWorker (SegmentedRaftLogWorker.java:startLogSegment(394)) - 5d798457-e9ee-4751-9538-7a6d36474688@group-FCB2CE0783F5-SegmentedRaftLogWorker: Starting segment from index:0
2022-03-03 07:24:00,691 [5d798457-e9ee-4751-9538-7a6d36474688@group-FCB2CE0783F5-LeaderElection9] INFO  server.RaftServer$Division (ServerState.java:setRaftConf(387)) - 5d798457-e9ee-4751-9538-7a6d36474688@group-FCB2CE0783F5: set configuration 0: [5d798457-e9ee-4751-9538-7a6d36474688|rpc:10.1.0.15:41069|dataStream:|priority:1], old=null
2022-03-03 07:24:00,692 [5d798457-e9ee-4751-9538-7a6d36474688@group-FCB2CE0783F5-SegmentedRaftLogWorker] INFO  segmented.SegmentedRaftLogWorker (SegmentedRaftLogWorker.java:execute(601)) - 5d798457-e9ee-4751-9538-7a6d36474688@group-FCB2CE0783F5-SegmentedRaftLogWorker: created new log segment /home/runner/work/ozone/ozone/hadoop-ozone/integration-test/target/test-dir/MiniOzoneClusterImpl-73ba9704-0a97-4d3d-983a-0dacfed22b51/datanode-1/data/ratis/94a5cce6-82dd-40e6-8fc7-fcb2ce0783f5/current/log_inprogress_0
2022-03-03 07:24:00,741 [126ab421-4020-4271-89f3-e896157a4564@group-303A2581FB0E-FollowerState] INFO  impl.FollowerState (FollowerState.java:run(134)) - 126ab421-4020-4271-89f3-e896157a4564@group-303A2581FB0E-FollowerState: change to CANDIDATE, lastRpcElapsedTime:5146036685ns, electionTimeout:5139ms
2022-03-03 07:24:00,741 [126ab421-4020-4271-89f3-e896157a4564@group-303A2581FB0E-FollowerState] INFO  impl.RoleInfo (RoleInfo.java:shutdownFollowerState(108)) - 126ab421-4020-4271-89f3-e896157a4564: shutdown 126ab421-4020-4271-89f3-e896157a4564@group-303A2581FB0E-FollowerState
2022-03-03 07:24:00,741 [126ab421-4020-4271-89f3-e896157a4564@group-303A2581FB0E-FollowerState] INFO  server.RaftServer$Division (RaftServerImpl.java:setRole(290)) - 126ab421-4020-4271-89f3-e896157a4564@group-303A2581FB0E: changes role from  FOLLOWER to CANDIDATE at term 0 for changeToCandidate
2022-03-03 07:24:00,742 [126ab421-4020-4271-89f3-e896157a4564@group-303A2581FB0E-FollowerState] INFO  server.RaftServerConfigKeys (ConfUtils.java:logGet(44)) - raft.server.leaderelection.pre-vote = false (custom)
2022-03-03 07:24:00,742 [126ab421-4020-4271-89f3-e896157a4564@group-303A2581FB0E-FollowerState] INFO  impl.RoleInfo (RoleInfo.java:updateAndGet(130)) - 126ab421-4020-4271-89f3-e896157a4564: start 126ab421-4020-4271-89f3-e896157a4564@group-303A2581FB0E-LeaderElection10
2022-03-03 07:24:00,745 [126ab421-4020-4271-89f3-e896157a4564@group-303A2581FB0E-LeaderElection10] INFO  impl.LeaderElection (LeaderElection.java:askForVotes(306)) - 126ab421-4020-4271-89f3-e896157a4564@group-303A2581FB0E-LeaderElection10 ELECTION round 0: submit vote requests at term 1 for -1: [126ab421-4020-4271-89f3-e896157a4564|rpc:10.1.0.15:39419|priority:0, f349b4ca-06a6-4713-ab55-585a61bac57c|rpc:10.1.0.15:45745|priority:0, 5d798457-e9ee-4751-9538-7a6d36474688|rpc:10.1.0.15:41069|priority:1], old=null
2022-03-03 07:24:00,749 [grpc-default-executor-4] INFO  server.RaftServer$Division (RaftServerImpl.java:requestVote(1046)) - 5d798457-e9ee-4751-9538-7a6d36474688@group-303A2581FB0E: receive requestVote(ELECTION, 126ab421-4020-4271-89f3-e896157a4564, group-303A2581FB0E, 1, (t:0, i:0))
2022-03-03 07:24:00,749 [grpc-default-executor-4] INFO  impl.VoteContext (VoteContext.java:log(48)) - 5d798457-e9ee-4751-9538-7a6d36474688@group-303A2581FB0E-FOLLOWER: reject ELECTION from 126ab421-4020-4271-89f3-e896157a4564: our priority 1 > candidate's priority 0
2022-03-03 07:24:00,749 [grpc-default-executor-4] INFO  server.RaftServer$Division (RaftServerImpl.java:setRole(290)) - 5d798457-e9ee-4751-9538-7a6d36474688@group-303A2581FB0E: changes role from  FOLLOWER to FOLLOWER at term 1 for candidate:126ab421-4020-4271-89f3-e896157a4564
2022-03-03 07:24:00,749 [grpc-default-executor-4] INFO  impl.RoleInfo (RoleInfo.java:shutdownFollowerState(108)) - 5d798457-e9ee-4751-9538-7a6d36474688: shutdown 5d798457-e9ee-4751-9538-7a6d36474688@group-303A2581FB0E-FollowerState
2022-03-03 07:24:00,749 [grpc-default-executor-4] INFO  impl.RoleInfo (RoleInfo.java:updateAndGet(130)) - 5d798457-e9ee-4751-9538-7a6d36474688: start 5d798457-e9ee-4751-9538-7a6d36474688@group-303A2581FB0E-FollowerState
2022-03-03 07:24:00,749 [5d798457-e9ee-4751-9538-7a6d36474688@group-303A2581FB0E-FollowerState] INFO  impl.FollowerState (FollowerState.java:run(143)) - 5d798457-e9ee-4751-9538-7a6d36474688@group-303A2581FB0E-FollowerState was interrupted: {}
java.lang.InterruptedException: sleep interrupted
	at java.lang.Thread.sleep(Native Method)
	at java.lang.Thread.sleep(Thread.java:342)
	at java.util.concurrent.TimeUnit.sleep(TimeUnit.java:386)
	at org.apache.ratis.util.TimeDuration.sleep(TimeDuration.java:324)
	at org.apache.ratis.util.TimeDuration.sleep(TimeDuration.java:309)
	at org.apache.ratis.server.impl.FollowerState.run(FollowerState.java:118)
2022-03-03 07:24:00,754 [grpc-default-executor-4] INFO  server.RaftServer$Division (RaftServerImpl.java:requestVote(1078)) - 5d798457-e9ee-4751-9538-7a6d36474688@group-303A2581FB0E replies to ELECTION vote request: 126ab421-4020-4271-89f3-e896157a4564<-5d798457-e9ee-4751-9538-7a6d36474688#0:FAIL-t1. Peer's state: 5d798457-e9ee-4751-9538-7a6d36474688@group-303A2581FB0E:t1, leader=null, voted=null, raftlog=5d798457-e9ee-4751-9538-7a6d36474688@group-303A2581FB0E-SegmentedRaftLog:OPENED:c-1, conf=-1: [126ab421-4020-4271-89f3-e896157a4564|rpc:10.1.0.15:39419|priority:0, f349b4ca-06a6-4713-ab55-585a61bac57c|rpc:10.1.0.15:45745|priority:0, 5d798457-e9ee-4751-9538-7a6d36474688|rpc:10.1.0.15:41069|priority:1], old=null
2022-03-03 07:24:00,761 [grpc-default-executor-2] INFO  server.RaftServer$Division (RaftServerImpl.java:requestVote(1046)) - f349b4ca-06a6-4713-ab55-585a61bac57c@group-303A2581FB0E: receive requestVote(ELECTION, 126ab421-4020-4271-89f3-e896157a4564, group-303A2581FB0E, 1, (t:0, i:0))
2022-03-03 07:24:00,761 [grpc-default-executor-2] INFO  impl.VoteContext (VoteContext.java:log(48)) - f349b4ca-06a6-4713-ab55-585a61bac57c@group-303A2581FB0E-FOLLOWER: accept ELECTION from 126ab421-4020-4271-89f3-e896157a4564: our priority 0 <= candidate's priority 0
2022-03-03 07:24:00,761 [grpc-default-executor-2] INFO  server.RaftServer$Division (RaftServerImpl.java:setRole(290)) - f349b4ca-06a6-4713-ab55-585a61bac57c@group-303A2581FB0E: changes role from  FOLLOWER to FOLLOWER at term 1 for candidate:126ab421-4020-4271-89f3-e896157a4564
2022-03-03 07:24:00,761 [grpc-default-executor-2] INFO  impl.RoleInfo (RoleInfo.java:shutdownFollowerState(108)) - f349b4ca-06a6-4713-ab55-585a61bac57c: shutdown f349b4ca-06a6-4713-ab55-585a61bac57c@group-303A2581FB0E-FollowerState
2022-03-03 07:24:00,762 [grpc-default-executor-2] INFO  impl.RoleInfo (RoleInfo.java:updateAndGet(130)) - f349b4ca-06a6-4713-ab55-585a61bac57c: start f349b4ca-06a6-4713-ab55-585a61bac57c@group-303A2581FB0E-FollowerState
2022-03-03 07:24:00,762 [f349b4ca-06a6-4713-ab55-585a61bac57c@group-303A2581FB0E-FollowerState] INFO  impl.FollowerState (FollowerState.java:run(143)) - f349b4ca-06a6-4713-ab55-585a61bac57c@group-303A2581FB0E-FollowerState was interrupted: {}
java.lang.InterruptedException: sleep interrupted
	at java.lang.Thread.sleep(Native Method)
	at java.lang.Thread.sleep(Thread.java:342)
	at java.util.concurrent.TimeUnit.sleep(TimeUnit.java:386)
	at org.apache.ratis.util.TimeDuration.sleep(TimeDuration.java:324)
	at org.apache.ratis.util.TimeDuration.sleep(TimeDuration.java:309)
	at org.apache.ratis.server.impl.FollowerState.run(FollowerState.java:118)
2022-03-03 07:24:00,766 [126ab421-4020-4271-89f3-e896157a4564@group-303A2581FB0E-LeaderElection10] INFO  impl.LeaderElection (LeaderElection.java:logAndReturn(89)) - 126ab421-4020-4271-89f3-e896157a4564@group-303A2581FB0E-LeaderElection10: ELECTION REJECTED received 1 response(s) and 0 exception(s):
2022-03-03 07:24:00,767 [126ab421-4020-4271-89f3-e896157a4564@group-303A2581FB0E-LeaderElection10] INFO  impl.LeaderElection (LeaderElection.java:logAndReturn(93)) -   Response 0: 126ab421-4020-4271-89f3-e896157a4564<-5d798457-e9ee-4751-9538-7a6d36474688#0:FAIL-t1
2022-03-03 07:24:00,767 [126ab421-4020-4271-89f3-e896157a4564@group-303A2581FB0E-LeaderElection10] INFO  impl.LeaderElection (LeaderElection.java:askForVotes(308)) - 126ab421-4020-4271-89f3-e896157a4564@group-303A2581FB0E-LeaderElection10 ELECTION round 0: result REJECTED
2022-03-03 07:24:00,767 [126ab421-4020-4271-89f3-e896157a4564@group-303A2581FB0E-LeaderElection10] INFO  server.RaftServer$Division (RaftServerImpl.java:setRole(290)) - 126ab421-4020-4271-89f3-e896157a4564@group-303A2581FB0E: changes role from CANDIDATE to FOLLOWER at term 1 for REJECTED
2022-03-03 07:24:00,767 [126ab421-4020-4271-89f3-e896157a4564@group-303A2581FB0E-LeaderElection10] INFO  impl.RoleInfo (RoleInfo.java:shutdownLeaderElection(121)) - 126ab421-4020-4271-89f3-e896157a4564: shutdown 126ab421-4020-4271-89f3-e896157a4564@group-303A2581FB0E-LeaderElection10
2022-03-03 07:24:00,772 [grpc-default-executor-2] INFO  server.RaftServer$Division (RaftServerImpl.java:requestVote(1078)) - f349b4ca-06a6-4713-ab55-585a61bac57c@group-303A2581FB0E replies to ELECTION vote request: 126ab421-4020-4271-89f3-e896157a4564<-f349b4ca-06a6-4713-ab55-585a61bac57c#0:OK-t1. Peer's state: f349b4ca-06a6-4713-ab55-585a61bac57c@group-303A2581FB0E:t1, leader=null, voted=126ab421-4020-4271-89f3-e896157a4564, raftlog=f349b4ca-06a6-4713-ab55-585a61bac57c@group-303A2581FB0E-SegmentedRaftLog:OPENED:c-1, conf=-1: [126ab421-4020-4271-89f3-e896157a4564|rpc:10.1.0.15:39419|dataStream:|priority:0, f349b4ca-06a6-4713-ab55-585a61bac57c|rpc:10.1.0.15:45745|dataStream:|priority:0, 5d798457-e9ee-4751-9538-7a6d36474688|rpc:10.1.0.15:41069|dataStream:|priority:1], old=null
2022-03-03 07:24:00,773 [126ab421-4020-4271-89f3-e896157a4564@group-303A2581FB0E-LeaderElection10] INFO  impl.RoleInfo (RoleInfo.java:updateAndGet(130)) - 126ab421-4020-4271-89f3-e896157a4564: start 126ab421-4020-4271-89f3-e896157a4564@group-303A2581FB0E-FollowerState
2022-03-03 07:24:00,775 [Listener at 127.0.0.1/44937] INFO  ozone.MiniOzoneClusterImpl (MiniOzoneClusterImpl.java:lambda$waitForClusterToBeReady$0(219)) - Nodes are ready. Got 3 of 3 DN Heartbeats.
2022-03-03 07:24:00,775 [Listener at 127.0.0.1/44937] INFO  ozone.MiniOzoneClusterImpl (MiniOzoneClusterImpl.java:lambda$waitForClusterToBeReady$0(222)) - Cluster exits safe mode
2022-03-03 07:24:00,775 [Listener at 127.0.0.1/44937] INFO  ozone.MiniOzoneClusterImpl (MiniOzoneClusterImpl.java:lambda$waitForClusterToBeReady$0(224)) - SCM became leader
2022-03-03 07:24:00,824 [f349b4ca-06a6-4713-ab55-585a61bac57c@group-5548C10F4CC5-FollowerState] INFO  impl.FollowerState (FollowerState.java:run(134)) - f349b4ca-06a6-4713-ab55-585a61bac57c@group-5548C10F4CC5-FollowerState: change to CANDIDATE, lastRpcElapsedTime:5007772378ns, electionTimeout:5007ms
2022-03-03 07:24:00,825 [f349b4ca-06a6-4713-ab55-585a61bac57c@group-5548C10F4CC5-FollowerState] INFO  impl.RoleInfo (RoleInfo.java:shutdownFollowerState(108)) - f349b4ca-06a6-4713-ab55-585a61bac57c: shutdown f349b4ca-06a6-4713-ab55-585a61bac57c@group-5548C10F4CC5-FollowerState
2022-03-03 07:24:00,825 [f349b4ca-06a6-4713-ab55-585a61bac57c@group-5548C10F4CC5-FollowerState] INFO  server.RaftServer$Division (RaftServerImpl.java:setRole(290)) - f349b4ca-06a6-4713-ab55-585a61bac57c@group-5548C10F4CC5: changes role from  FOLLOWER to CANDIDATE at term 0 for changeToCandidate
2022-03-03 07:24:00,825 [f349b4ca-06a6-4713-ab55-585a61bac57c@group-5548C10F4CC5-FollowerState] INFO  server.RaftServerConfigKeys (ConfUtils.java:logGet(44)) - raft.server.leaderelection.pre-vote = false (custom)
2022-03-03 07:24:00,825 [f349b4ca-06a6-4713-ab55-585a61bac57c@group-5548C10F4CC5-FollowerState] INFO  impl.RoleInfo (RoleInfo.java:updateAndGet(130)) - f349b4ca-06a6-4713-ab55-585a61bac57c: start f349b4ca-06a6-4713-ab55-585a61bac57c@group-5548C10F4CC5-LeaderElection11
2022-03-03 07:24:00,841 [f349b4ca-06a6-4713-ab55-585a61bac57c@group-5548C10F4CC5-LeaderElection11] INFO  impl.LeaderElection (LeaderElection.java:askForVotes(306)) - f349b4ca-06a6-4713-ab55-585a61bac57c@group-5548C10F4CC5-LeaderElection11 ELECTION round 0: submit vote requests at term 1 for -1: [f349b4ca-06a6-4713-ab55-585a61bac57c|rpc:10.1.0.15:45745|priority:1], old=null
2022-03-03 07:24:00,841 [f349b4ca-06a6-4713-ab55-585a61bac57c@group-5548C10F4CC5-LeaderElection11] INFO  impl.LeaderElection (LeaderElection.java:askForVotes(308)) - f349b4ca-06a6-4713-ab55-585a61bac57c@group-5548C10F4CC5-LeaderElection11 ELECTION round 0: result PASSED (term=1)
2022-03-03 07:24:00,841 [f349b4ca-06a6-4713-ab55-585a61bac57c@group-5548C10F4CC5-LeaderElection11] INFO  impl.RoleInfo (RoleInfo.java:shutdownLeaderElection(121)) - f349b4ca-06a6-4713-ab55-585a61bac57c: shutdown f349b4ca-06a6-4713-ab55-585a61bac57c@group-5548C10F4CC5-LeaderElection11
2022-03-03 07:24:00,841 [f349b4ca-06a6-4713-ab55-585a61bac57c@group-5548C10F4CC5-LeaderElection11] INFO  server.RaftServer$Division (RaftServerImpl.java:setRole(290)) - f349b4ca-06a6-4713-ab55-585a61bac57c@group-5548C10F4CC5: changes role from CANDIDATE to LEADER at term 1 for changeToLeader
2022-03-03 07:24:00,841 [f349b4ca-06a6-4713-ab55-585a61bac57c@group-5548C10F4CC5-LeaderElection11] INFO  ratis.XceiverServerRatis (XceiverServerRatis.java:handleLeaderChangedNotification(867)) - Leader change notification received for group: group-5548C10F4CC5 with new leaderId: f349b4ca-06a6-4713-ab55-585a61bac57c
2022-03-03 07:24:00,842 [f349b4ca-06a6-4713-ab55-585a61bac57c@group-5548C10F4CC5-LeaderElection11] INFO  server.RaftServer$Division (ServerState.java:setLeader(285)) - f349b4ca-06a6-4713-ab55-585a61bac57c@group-5548C10F4CC5: change Leader from null to f349b4ca-06a6-4713-ab55-585a61bac57c at term 1 for becomeLeader, leader elected after 5055ms
2022-03-03 07:24:00,842 [f349b4ca-06a6-4713-ab55-585a61bac57c@group-5548C10F4CC5-LeaderElection11] INFO  server.RaftServerConfigKeys (ConfUtils.java:logGet(44)) - raft.server.staging.catchup.gap = 1000 (default)
2022-03-03 07:24:00,842 [f349b4ca-06a6-4713-ab55-585a61bac57c@group-5548C10F4CC5-LeaderElection11] INFO  server.RaftServerConfigKeys (ConfUtils.java:logGet(44)) - raft.server.write.element-limit = 1024 (custom)
2022-03-03 07:24:00,842 [f349b4ca-06a6-4713-ab55-585a61bac57c@group-5548C10F4CC5-LeaderElection11] INFO  server.RaftServerConfigKeys (ConfUtils.java:logGet(44)) - raft.server.write.byte-limit = 1024 M (=1073741824) (custom)
2022-03-03 07:24:00,843 [f349b4ca-06a6-4713-ab55-585a61bac57c@group-5548C10F4CC5-LeaderElection11] INFO  server.RaftServerConfigKeys (ConfUtils.java:logGet(44)) - raft.server.watch.timeout = 180s (custom)
2022-03-03 07:24:00,843 [f349b4ca-06a6-4713-ab55-585a61bac57c@group-5548C10F4CC5-LeaderElection11] INFO  server.RaftServerConfigKeys (ConfUtils.java:logGet(44)) - raft.server.watch.timeout.denomination = 1s (default)
2022-03-03 07:24:00,843 [f349b4ca-06a6-4713-ab55-585a61bac57c@group-5548C10F4CC5-LeaderElection11] INFO  server.RaftServerConfigKeys (ConfUtils.java:logGet(44)) - raft.server.watch.element-limit = 65536 (default)
2022-03-03 07:24:00,844 [f349b4ca-06a6-4713-ab55-585a61bac57c@group-5548C10F4CC5-LeaderElection11] INFO  server.RaftServerConfigKeys (ConfUtils.java:logGet(44)) - raft.server.write.element-limit = 1024 (custom)
2022-03-03 07:24:00,844 [f349b4ca-06a6-4713-ab55-585a61bac57c@group-5548C10F4CC5-LeaderElection11] INFO  server.RaftServerConfigKeys (ConfUtils.java:logGet(44)) - raft.server.write.follower.gap.ratio.max = -1.0 (default)
2022-03-03 07:24:00,844 [f349b4ca-06a6-4713-ab55-585a61bac57c@group-5548C10F4CC5-LeaderElection11] INFO  impl.RoleInfo (RoleInfo.java:updateAndGet(130)) - f349b4ca-06a6-4713-ab55-585a61bac57c: start f349b4ca-06a6-4713-ab55-585a61bac57c@group-5548C10F4CC5-LeaderStateImpl
2022-03-03 07:24:00,845 [f349b4ca-06a6-4713-ab55-585a61bac57c@group-5548C10F4CC5-LeaderElection11] INFO  segmented.SegmentedRaftLogWorker (SegmentedRaftLogWorker.java:startLogSegment(394)) - f349b4ca-06a6-4713-ab55-585a61bac57c@group-5548C10F4CC5-SegmentedRaftLogWorker: Starting segment from index:0
2022-03-03 07:24:00,849 [f349b4ca-06a6-4713-ab55-585a61bac57c@group-5548C10F4CC5-LeaderElection11] INFO  server.RaftServer$Division (ServerState.java:setRaftConf(387)) - f349b4ca-06a6-4713-ab55-585a61bac57c@group-5548C10F4CC5: set configuration 0: [f349b4ca-06a6-4713-ab55-585a61bac57c|rpc:10.1.0.15:45745|dataStream:|priority:1], old=null
2022-03-03 07:24:00,850 [f349b4ca-06a6-4713-ab55-585a61bac57c@group-5548C10F4CC5-SegmentedRaftLogWorker] INFO  segmented.SegmentedRaftLogWorker (SegmentedRaftLogWorker.java:execute(601)) - f349b4ca-06a6-4713-ab55-585a61bac57c@group-5548C10F4CC5-SegmentedRaftLogWorker: created new log segment /home/runner/work/ozone/ozone/hadoop-ozone/integration-test/target/test-dir/MiniOzoneClusterImpl-73ba9704-0a97-4d3d-983a-0dacfed22b51/datanode-2/data/ratis/236e7fd7-8e09-44a5-9a8e-5548c10f4cc5/current/log_inprogress_0
]]></system-out>
  </testcase>
  <testcase name="testPrepareWithMultipleThreads" classname="org.apache.hadoop.ozone.om.TestOzoneManagerPrepare" time="127.096">
    <error message="timeout: after 120000 millis" type="java.util.concurrent.TimeoutException">java.util.concurrent.TimeoutException: timeout: after 120000 millis
	at org.apache.ozone.test.LambdaTestUtils$GenerateTimeout.evaluate(LambdaTestUtils.java:677)
	at org.apache.ozone.test.LambdaTestUtils.await(LambdaTestUtils.java:154)
	at org.apache.ozone.test.LambdaTestUtils.await(LambdaTestUtils.java:192)
	at org.apache.hadoop.ozone.om.TestOzoneManagerPrepare.assertRatisLogsCleared(TestOzoneManagerPrepare.java:510)
	at org.apache.hadoop.ozone.om.TestOzoneManagerPrepare.assertRatisLogsCleared(TestOzoneManagerPrepare.java:504)
	at org.apache.hadoop.ozone.om.TestOzoneManagerPrepare.testPrepareWithMultipleThreads(TestOzoneManagerPrepare.java:263)
	at sun.reflect.NativeMethodAccessorImpl.invoke0(Native Method)
	at sun.reflect.NativeMethodAccessorImpl.invoke(NativeMethodAccessorImpl.java:62)
	at sun.reflect.DelegatingMethodAccessorImpl.invoke(DelegatingMethodAccessorImpl.java:43)
	at java.lang.reflect.Method.invoke(Method.java:498)
	at org.junit.runners.model.FrameworkMethod$1.runReflectiveCall(FrameworkMethod.java:59)
	at org.junit.internal.runners.model.ReflectiveCallable.run(ReflectiveCallable.java:12)
	at org.junit.runners.model.FrameworkMethod.invokeExplosively(FrameworkMethod.java:56)
	at org.junit.internal.runners.statements.InvokeMethod.evaluate(InvokeMethod.java:17)
	at org.junit.internal.runners.statements.RunBefores.evaluate(RunBefores.java:26)
	at org.junit.internal.runners.statements.RunAfters.evaluate(RunAfters.java:27)
	at org.junit.rules.ExpectedException$ExpectedExceptionStatement.evaluate(ExpectedException.java:258)
	at org.junit.internal.runners.statements.FailOnTimeout$CallableStatement.call(FailOnTimeout.java:288)
	at org.junit.internal.runners.statements.FailOnTimeout$CallableStatement.call(FailOnTimeout.java:282)
	at java.util.concurrent.FutureTask.run(FutureTask.java:266)
	at java.lang.Thread.run(Thread.java:750)
</error>
    <system-out><![CDATA[2022-03-03 07:24:01,124 [Time-limited test] INFO  retry.RetryInvocationHandler (RetryInvocationHandler.java:log(411)) - com.google.protobuf.ServiceException: org.apache.hadoop.ipc.RemoteException(org.apache.hadoop.ozone.om.exceptions.OMNotLeaderException): OM:omNode-2 is not the leader. Could not determine the leader node.
	at org.apache.hadoop.ozone.om.ratis.utils.OzoneManagerRatisUtils.createNotLeaderException(OzoneManagerRatisUtils.java:360)
	at org.apache.hadoop.ozone.om.ratis.utils.OzoneManagerRatisUtils.checkLeaderStatus(OzoneManagerRatisUtils.java:346)
	at org.apache.hadoop.ozone.protocolPB.OzoneManagerProtocolServerSideTranslatorPB.checkLeaderStatus(OzoneManagerProtocolServerSideTranslatorPB.java:279)
	at org.apache.hadoop.ozone.protocolPB.OzoneManagerProtocolServerSideTranslatorPB.processRequest(OzoneManagerProtocolServerSideTranslatorPB.java:158)
	at org.apache.hadoop.hdds.server.OzoneProtocolMessageDispatcher.processRequest(OzoneProtocolMessageDispatcher.java:87)
	at org.apache.hadoop.ozone.protocolPB.OzoneManagerProtocolServerSideTranslatorPB.submitRequest(OzoneManagerProtocolServerSideTranslatorPB.java:124)
	at org.apache.hadoop.ozone.protocol.proto.OzoneManagerProtocolProtos$OzoneManagerService$2.callBlockingMethod(OzoneManagerProtocolProtos.java)
	at org.apache.hadoop.ipc.ProtobufRpcEngine$Server.processCall(ProtobufRpcEngine.java:466)
	at org.apache.hadoop.ipc.ProtobufRpcEngine2$Server$ProtoBufRpcInvoker.call(ProtobufRpcEngine2.java:574)
	at org.apache.hadoop.ipc.ProtobufRpcEngine2$Server$ProtoBufRpcInvoker.call(ProtobufRpcEngine2.java:552)
	at org.apache.hadoop.ipc.RPC$Server.call(RPC.java:1093)
	at org.apache.hadoop.ipc.Server$RpcCall.run(Server.java:1035)
	at org.apache.hadoop.ipc.Server$RpcCall.run(Server.java:963)
	at java.security.AccessController.doPrivileged(Native Method)
	at javax.security.auth.Subject.doAs(Subject.java:422)
	at org.apache.hadoop.security.UserGroupInformation.doAs(UserGroupInformation.java:1878)
	at org.apache.hadoop.ipc.Server$Handler.run(Server.java:2966)
, while invoking $Proxy53.submitRequest over nodeId=omNode-2,nodeAddress=127.0.0.1:35909 after 1 failover attempts. Trying to failover immediately.
2022-03-03 07:24:01,170 [OM StateMachine ApplyTransaction Thread - 0] INFO  upgrade.OMCancelPrepareRequest (OMCancelPrepareRequest.java:validateAndUpdateCache(55)) - OM omNode-3 Received cancel prepare request with log index 1
2022-03-03 07:24:01,177 [OM StateMachine ApplyTransaction Thread - 0] INFO  upgrade.OMCancelPrepareRequest (OMCancelPrepareRequest.java:validateAndUpdateCache(55)) - OM omNode-1 Received cancel prepare request with log index 1
2022-03-03 07:24:01,182 [OM StateMachine ApplyTransaction Thread - 0] INFO  upgrade.OMCancelPrepareRequest (OMCancelPrepareRequest.java:validateAndUpdateCache(55)) - OM omNode-2 Received cancel prepare request with log index 1
2022-03-03 07:24:01,326 [OM StateMachine ApplyTransaction Thread - 0] INFO  upgrade.OMCancelPrepareRequest (OMCancelPrepareRequest.java:validateAndUpdateCache(84)) - OM omNode-2 prepare state cancelled at log index 1. Returning response 
2022-03-03 07:24:01,327 [OM StateMachine ApplyTransaction Thread - 0] INFO  upgrade.OMCancelPrepareRequest (OMCancelPrepareRequest.java:validateAndUpdateCache(84)) - OM omNode-1 prepare state cancelled at log index 1. Returning response 
2022-03-03 07:24:01,329 [OM StateMachine ApplyTransaction Thread - 0] INFO  upgrade.OMCancelPrepareRequest (OMCancelPrepareRequest.java:validateAndUpdateCache(84)) - OM omNode-3 prepare state cancelled at log index 1. Returning response 
2022-03-03 07:24:01,371 [Time-limited test] INFO  rpc.RpcClient (RpcClient.java:createVolume(399)) - Creating Volume: vol, with runner as owner and space quota set to -1 bytes, counts quota set to -1
2022-03-03 07:24:01,401 [OM StateMachine ApplyTransaction Thread - 0] INFO  volume.OMVolumeCreateRequest (OMVolumeCreateRequest.java:validateAndUpdateCache(195)) - created volume:vol for user:runner
2022-03-03 07:24:01,409 [OM StateMachine ApplyTransaction Thread - 0] INFO  volume.OMVolumeCreateRequest (OMVolumeCreateRequest.java:validateAndUpdateCache(195)) - created volume:vol for user:runner
2022-03-03 07:24:01,409 [OM StateMachine ApplyTransaction Thread - 0] INFO  volume.OMVolumeCreateRequest (OMVolumeCreateRequest.java:validateAndUpdateCache(195)) - created volume:vol for user:runner
2022-03-03 07:24:01,435 [pool-173-thread-1] INFO  rpc.RpcClient (RpcClient.java:createVolume(399)) - Creating Volume: volume0, with runner as owner and space quota set to -1 bytes, counts quota set to -1
2022-03-03 07:24:01,436 [pool-173-thread-2] INFO  rpc.RpcClient (RpcClient.java:createVolume(399)) - Creating Volume: volume1, with runner as owner and space quota set to -1 bytes, counts quota set to -1
2022-03-03 07:24:01,438 [pool-173-thread-3] INFO  rpc.RpcClient (RpcClient.java:createVolume(399)) - Creating Volume: volume2, with runner as owner and space quota set to -1 bytes, counts quota set to -1
2022-03-03 07:24:01,438 [pool-173-thread-4] INFO  rpc.RpcClient (RpcClient.java:createVolume(399)) - Creating Volume: volume3, with runner as owner and space quota set to -1 bytes, counts quota set to -1
2022-03-03 07:24:01,448 [pool-173-thread-5] INFO  rpc.RpcClient (RpcClient.java:createVolume(399)) - Creating Volume: volume4, with runner as owner and space quota set to -1 bytes, counts quota set to -1
2022-03-03 07:24:01,452 [pool-173-thread-7] INFO  rpc.RpcClient (RpcClient.java:createVolume(399)) - Creating Volume: volume6, with runner as owner and space quota set to -1 bytes, counts quota set to -1
2022-03-03 07:24:01,452 [pool-173-thread-8] INFO  rpc.RpcClient (RpcClient.java:createVolume(399)) - Creating Volume: volume7, with runner as owner and space quota set to -1 bytes, counts quota set to -1
2022-03-03 07:24:01,453 [pool-173-thread-9] INFO  rpc.RpcClient (RpcClient.java:createVolume(399)) - Creating Volume: volume8, with runner as owner and space quota set to -1 bytes, counts quota set to -1
2022-03-03 07:24:01,460 [pool-173-thread-10] INFO  rpc.RpcClient (RpcClient.java:createVolume(399)) - Creating Volume: volume9, with runner as owner and space quota set to -1 bytes, counts quota set to -1
2022-03-03 07:24:01,467 [OM StateMachine ApplyTransaction Thread - 0] INFO  volume.OMVolumeCreateRequest (OMVolumeCreateRequest.java:validateAndUpdateCache(195)) - created volume:volume0 for user:runner
2022-03-03 07:24:01,475 [OM StateMachine ApplyTransaction Thread - 0] INFO  volume.OMVolumeCreateRequest (OMVolumeCreateRequest.java:validateAndUpdateCache(195)) - created volume:volume0 for user:runner
2022-03-03 07:24:01,480 [IPC Server handler 9 on default port 44937] INFO  ratis.OzoneManagerRatisServer (OzoneManagerRatisServer.java:submitRequest(250)) - Rejecting write request on OM omNode-3 because it is in prepare mode: CreateVolume
2022-03-03 07:24:01,481 [IPC Server handler 9 on default port 44937] INFO  ratis.OzoneManagerRatisServer (OzoneManagerRatisServer.java:submitRequest(250)) - Rejecting write request on OM omNode-3 because it is in prepare mode: CreateVolume
2022-03-03 07:24:01,481 [IPC Server handler 9 on default port 44937] INFO  ratis.OzoneManagerRatisServer (OzoneManagerRatisServer.java:submitRequest(250)) - Rejecting write request on OM omNode-3 because it is in prepare mode: CreateVolume
2022-03-03 07:24:01,491 [OM StateMachine ApplyTransaction Thread - 0] INFO  volume.OMVolumeCreateRequest (OMVolumeCreateRequest.java:validateAndUpdateCache(195)) - created volume:volume8 for user:runner
2022-03-03 07:24:01,495 [OM StateMachine ApplyTransaction Thread - 0] INFO  volume.OMVolumeCreateRequest (OMVolumeCreateRequest.java:validateAndUpdateCache(195)) - created volume:volume8 for user:runner
2022-03-03 07:24:01,484 [IPC Server handler 1 on default port 44937] INFO  ratis.OzoneManagerRatisServer (OzoneManagerRatisServer.java:submitRequest(250)) - Rejecting write request on OM omNode-3 because it is in prepare mode: CreateVolume
2022-03-03 07:24:01,498 [OM StateMachine ApplyTransaction Thread - 0] INFO  volume.OMVolumeCreateRequest (OMVolumeCreateRequest.java:validateAndUpdateCache(195)) - created volume:volume0 for user:runner
2022-03-03 07:24:01,503 [OM StateMachine ApplyTransaction Thread - 0] INFO  volume.OMVolumeCreateRequest (OMVolumeCreateRequest.java:validateAndUpdateCache(195)) - created volume:volume7 for user:runner
2022-03-03 07:24:01,503 [OM StateMachine ApplyTransaction Thread - 0] INFO  volume.OMVolumeCreateRequest (OMVolumeCreateRequest.java:validateAndUpdateCache(195)) - created volume:volume6 for user:runner
2022-03-03 07:24:01,509 [OM StateMachine ApplyTransaction Thread - 0] INFO  upgrade.OMPrepareRequest (OMPrepareRequest.java:validateAndUpdateCache(67)) - OM omNode-3 Received prepare request with log index 12
2022-03-03 07:24:01,510 [OM StateMachine ApplyTransaction Thread - 0] INFO  volume.OMVolumeCreateRequest (OMVolumeCreateRequest.java:validateAndUpdateCache(195)) - created volume:volume8 for user:runner
2022-03-03 07:24:01,512 [OM StateMachine ApplyTransaction Thread - 0] INFO  upgrade.OMPrepareRequest (OMPrepareRequest.java:waitForLogIndex(176)) - omNode-3 waiting for index 12 to flush to OM DB and index 13 to flush to Ratis state machine.
2022-03-03 07:24:01,514 [OM StateMachine ApplyTransaction Thread - 0] INFO  ratis.OzoneManagerStateMachine (OzoneManagerStateMachine.java:takeSnapshot(417)) - Current Snapshot Index (t:2, i:13)
2022-03-03 07:24:01,515 [OM StateMachine ApplyTransaction Thread - 0] INFO  segmented.SegmentedRaftLogWorker (SegmentedRaftLogWorker.java:lambda$new$0(133)) - omNode-3@group-523986131536-SegmentedRaftLogWorker: flushIndex: setUnconditionally 15 -> 13
2022-03-03 07:24:01,515 [OM StateMachine ApplyTransaction Thread - 0] INFO  segmented.SegmentedRaftLogWorker (SegmentedRaftLogWorker.java:lambda$new$0(133)) - omNode-3@group-523986131536-SegmentedRaftLogWorker: safeCacheEvictIndex: setUnconditionally -1 -> 13
2022-03-03 07:24:01,515 [OM StateMachine ApplyTransaction Thread - 0] INFO  raftlog.RaftLog (RaftLogBase.java:lambda$new$0(53)) - omNode-3@group-523986131536-SegmentedRaftLog: snapshotIndex: updateIncreasingly -1 -> 13
2022-03-03 07:24:01,516 [OM StateMachine ApplyTransaction Thread - 0] INFO  om.OzoneManagerPrepareState (OzoneManagerPrepareState.java:writePrepareMarkerFile(262)) - Prepare marker file written with log index 12 to file /home/runner/work/ozone/ozone/hadoop-ozone/integration-test/target/test-dir/MiniOzoneClusterImpl-73ba9704-0a97-4d3d-983a-0dacfed22b51/omNode-3/current/prepareMarker
2022-03-03 07:24:01,516 [OM StateMachine ApplyTransaction Thread - 0] INFO  upgrade.OMPrepareRequest (OMPrepareRequest.java:validateAndUpdateCache(120)) - OM omNode-3 prepared at log index 12. Returning response txnID: 12
 with log index 12
2022-03-03 07:24:01,518 [OM StateMachine ApplyTransaction Thread - 0] INFO  volume.OMVolumeCreateRequest (OMVolumeCreateRequest.java:validateAndUpdateCache(195)) - created volume:volume7 for user:runner
2022-03-03 07:24:01,518 [OM StateMachine ApplyTransaction Thread - 0] INFO  volume.OMVolumeCreateRequest (OMVolumeCreateRequest.java:validateAndUpdateCache(195)) - created volume:volume6 for user:runner
2022-03-03 07:24:01,519 [Time-limited test] INFO  om.TestOzoneManagerPrepare (TestOzoneManagerPrepare.java:lambda$assertClusterPrepared$6(454)) - omNode-3 has prepare status: PREPARE_COMPLETED prepare index: 12.
2022-03-03 07:24:01,519 [Time-limited test] INFO  om.TestOzoneManagerPrepare (TestOzoneManagerPrepare.java:lambda$assertClusterPrepared$6(454)) - omNode-1 has prepare status: NOT_PREPARED prepare index: -1.
2022-03-03 07:24:01,521 [OM StateMachine ApplyTransaction Thread - 0] INFO  volume.OMVolumeCreateRequest (OMVolumeCreateRequest.java:validateAndUpdateCache(195)) - created volume:volume7 for user:runner
2022-03-03 07:24:01,522 [OM StateMachine ApplyTransaction Thread - 0] INFO  volume.OMVolumeCreateRequest (OMVolumeCreateRequest.java:validateAndUpdateCache(195)) - created volume:volume6 for user:runner
2022-03-03 07:24:01,521 [OM StateMachine ApplyTransaction Thread - 0] INFO  upgrade.OMPrepareRequest (OMPrepareRequest.java:validateAndUpdateCache(67)) - OM omNode-2 Received prepare request with log index 12
2022-03-03 07:24:01,526 [OM StateMachine ApplyTransaction Thread - 0] INFO  upgrade.OMPrepareRequest (OMPrepareRequest.java:validateAndUpdateCache(67)) - OM omNode-1 Received prepare request with log index 12
2022-03-03 07:24:01,531 [OM StateMachine ApplyTransaction Thread - 0] INFO  upgrade.OMPrepareRequest (OMPrepareRequest.java:waitForLogIndex(176)) - omNode-2 waiting for index 12 to flush to OM DB and index 13 to flush to Ratis state machine.
2022-03-03 07:24:01,531 [OM StateMachine ApplyTransaction Thread - 0] INFO  upgrade.OMPrepareRequest (OMPrepareRequest.java:waitForLogIndex(176)) - omNode-1 waiting for index 12 to flush to OM DB and index 13 to flush to Ratis state machine.
2022-03-03 07:24:02,520 [Time-limited test] INFO  om.TestOzoneManagerPrepare (TestOzoneManagerPrepare.java:lambda$assertClusterPrepared$6(454)) - omNode-1 has prepare status: NOT_PREPARED prepare index: -1.
2022-03-03 07:24:03,520 [Time-limited test] INFO  om.TestOzoneManagerPrepare (TestOzoneManagerPrepare.java:lambda$assertClusterPrepared$6(454)) - omNode-1 has prepare status: NOT_PREPARED prepare index: -1.
2022-03-03 07:24:04,520 [Time-limited test] INFO  om.TestOzoneManagerPrepare (TestOzoneManagerPrepare.java:lambda$assertClusterPrepared$6(454)) - omNode-1 has prepare status: NOT_PREPARED prepare index: -1.
2022-03-03 07:24:05,521 [Time-limited test] INFO  om.TestOzoneManagerPrepare (TestOzoneManagerPrepare.java:lambda$assertClusterPrepared$6(454)) - omNode-1 has prepare status: NOT_PREPARED prepare index: -1.
2022-03-03 07:24:05,780 [f349b4ca-06a6-4713-ab55-585a61bac57c@group-303A2581FB0E-FollowerState] INFO  impl.FollowerState (FollowerState.java:run(134)) - f349b4ca-06a6-4713-ab55-585a61bac57c@group-303A2581FB0E-FollowerState: change to CANDIDATE, lastRpcElapsedTime:5008068192ns, electionTimeout:5007ms
2022-03-03 07:24:05,780 [f349b4ca-06a6-4713-ab55-585a61bac57c@group-303A2581FB0E-FollowerState] INFO  impl.RoleInfo (RoleInfo.java:shutdownFollowerState(108)) - f349b4ca-06a6-4713-ab55-585a61bac57c: shutdown f349b4ca-06a6-4713-ab55-585a61bac57c@group-303A2581FB0E-FollowerState
2022-03-03 07:24:05,781 [f349b4ca-06a6-4713-ab55-585a61bac57c@group-303A2581FB0E-FollowerState] INFO  server.RaftServer$Division (RaftServerImpl.java:setRole(290)) - f349b4ca-06a6-4713-ab55-585a61bac57c@group-303A2581FB0E: changes role from  FOLLOWER to CANDIDATE at term 1 for changeToCandidate
2022-03-03 07:24:05,781 [f349b4ca-06a6-4713-ab55-585a61bac57c@group-303A2581FB0E-FollowerState] INFO  server.RaftServerConfigKeys (ConfUtils.java:logGet(44)) - raft.server.leaderelection.pre-vote = false (custom)
2022-03-03 07:24:05,781 [f349b4ca-06a6-4713-ab55-585a61bac57c@group-303A2581FB0E-FollowerState] INFO  impl.RoleInfo (RoleInfo.java:updateAndGet(130)) - f349b4ca-06a6-4713-ab55-585a61bac57c: start f349b4ca-06a6-4713-ab55-585a61bac57c@group-303A2581FB0E-LeaderElection12
2022-03-03 07:24:05,783 [f349b4ca-06a6-4713-ab55-585a61bac57c@group-303A2581FB0E-LeaderElection12] INFO  impl.LeaderElection (LeaderElection.java:askForVotes(306)) - f349b4ca-06a6-4713-ab55-585a61bac57c@group-303A2581FB0E-LeaderElection12 ELECTION round 0: submit vote requests at term 2 for -1: [126ab421-4020-4271-89f3-e896157a4564|rpc:10.1.0.15:39419|dataStream:|priority:0, f349b4ca-06a6-4713-ab55-585a61bac57c|rpc:10.1.0.15:45745|dataStream:|priority:0, 5d798457-e9ee-4751-9538-7a6d36474688|rpc:10.1.0.15:41069|dataStream:|priority:1], old=null
2022-03-03 07:24:05,804 [grpc-default-executor-3] INFO  server.RaftServer$Division (RaftServerImpl.java:requestVote(1046)) - 126ab421-4020-4271-89f3-e896157a4564@group-303A2581FB0E: receive requestVote(ELECTION, f349b4ca-06a6-4713-ab55-585a61bac57c, group-303A2581FB0E, 2, (t:0, i:0))
2022-03-03 07:24:05,804 [grpc-default-executor-4] INFO  server.RaftServer$Division (RaftServerImpl.java:requestVote(1046)) - 5d798457-e9ee-4751-9538-7a6d36474688@group-303A2581FB0E: receive requestVote(ELECTION, f349b4ca-06a6-4713-ab55-585a61bac57c, group-303A2581FB0E, 2, (t:0, i:0))
2022-03-03 07:24:05,805 [grpc-default-executor-4] INFO  impl.VoteContext (VoteContext.java:log(48)) - 5d798457-e9ee-4751-9538-7a6d36474688@group-303A2581FB0E-FOLLOWER: reject ELECTION from f349b4ca-06a6-4713-ab55-585a61bac57c: our priority 1 > candidate's priority 0
2022-03-03 07:24:05,806 [grpc-default-executor-4] INFO  server.RaftServer$Division (RaftServerImpl.java:setRole(290)) - 5d798457-e9ee-4751-9538-7a6d36474688@group-303A2581FB0E: changes role from  FOLLOWER to FOLLOWER at term 2 for candidate:f349b4ca-06a6-4713-ab55-585a61bac57c
2022-03-03 07:24:05,806 [grpc-default-executor-4] INFO  impl.RoleInfo (RoleInfo.java:shutdownFollowerState(108)) - 5d798457-e9ee-4751-9538-7a6d36474688: shutdown 5d798457-e9ee-4751-9538-7a6d36474688@group-303A2581FB0E-FollowerState
2022-03-03 07:24:05,806 [grpc-default-executor-4] INFO  impl.RoleInfo (RoleInfo.java:updateAndGet(130)) - 5d798457-e9ee-4751-9538-7a6d36474688: start 5d798457-e9ee-4751-9538-7a6d36474688@group-303A2581FB0E-FollowerState
2022-03-03 07:24:05,805 [grpc-default-executor-3] INFO  impl.VoteContext (VoteContext.java:log(48)) - 126ab421-4020-4271-89f3-e896157a4564@group-303A2581FB0E-FOLLOWER: accept ELECTION from f349b4ca-06a6-4713-ab55-585a61bac57c: our priority 0 <= candidate's priority 0
2022-03-03 07:24:05,806 [5d798457-e9ee-4751-9538-7a6d36474688@group-303A2581FB0E-FollowerState] INFO  impl.FollowerState (FollowerState.java:run(143)) - 5d798457-e9ee-4751-9538-7a6d36474688@group-303A2581FB0E-FollowerState was interrupted: {}
java.lang.InterruptedException: sleep interrupted
	at java.lang.Thread.sleep(Native Method)
	at java.lang.Thread.sleep(Thread.java:342)
	at java.util.concurrent.TimeUnit.sleep(TimeUnit.java:386)
	at org.apache.ratis.util.TimeDuration.sleep(TimeDuration.java:324)
	at org.apache.ratis.util.TimeDuration.sleep(TimeDuration.java:309)
	at org.apache.ratis.server.impl.FollowerState.run(FollowerState.java:118)
2022-03-03 07:24:05,806 [grpc-default-executor-3] INFO  server.RaftServer$Division (RaftServerImpl.java:setRole(290)) - 126ab421-4020-4271-89f3-e896157a4564@group-303A2581FB0E: changes role from  FOLLOWER to FOLLOWER at term 2 for candidate:f349b4ca-06a6-4713-ab55-585a61bac57c
2022-03-03 07:24:05,807 [grpc-default-executor-3] INFO  impl.RoleInfo (RoleInfo.java:shutdownFollowerState(108)) - 126ab421-4020-4271-89f3-e896157a4564: shutdown 126ab421-4020-4271-89f3-e896157a4564@group-303A2581FB0E-FollowerState
2022-03-03 07:24:05,807 [grpc-default-executor-3] INFO  impl.RoleInfo (RoleInfo.java:updateAndGet(130)) - 126ab421-4020-4271-89f3-e896157a4564: start 126ab421-4020-4271-89f3-e896157a4564@group-303A2581FB0E-FollowerState
2022-03-03 07:24:05,807 [126ab421-4020-4271-89f3-e896157a4564@group-303A2581FB0E-FollowerState] INFO  impl.FollowerState (FollowerState.java:run(143)) - 126ab421-4020-4271-89f3-e896157a4564@group-303A2581FB0E-FollowerState was interrupted: {}
java.lang.InterruptedException: sleep interrupted
	at java.lang.Thread.sleep(Native Method)
	at java.lang.Thread.sleep(Thread.java:342)
	at java.util.concurrent.TimeUnit.sleep(TimeUnit.java:386)
	at org.apache.ratis.util.TimeDuration.sleep(TimeDuration.java:324)
	at org.apache.ratis.util.TimeDuration.sleep(TimeDuration.java:309)
	at org.apache.ratis.server.impl.FollowerState.run(FollowerState.java:118)
2022-03-03 07:24:05,814 [grpc-default-executor-4] INFO  server.RaftServer$Division (RaftServerImpl.java:requestVote(1078)) - 5d798457-e9ee-4751-9538-7a6d36474688@group-303A2581FB0E replies to ELECTION vote request: f349b4ca-06a6-4713-ab55-585a61bac57c<-5d798457-e9ee-4751-9538-7a6d36474688#0:FAIL-t2. Peer's state: 5d798457-e9ee-4751-9538-7a6d36474688@group-303A2581FB0E:t2, leader=null, voted=null, raftlog=5d798457-e9ee-4751-9538-7a6d36474688@group-303A2581FB0E-SegmentedRaftLog:OPENED:c-1, conf=-1: [126ab421-4020-4271-89f3-e896157a4564|rpc:10.1.0.15:39419|priority:0, f349b4ca-06a6-4713-ab55-585a61bac57c|rpc:10.1.0.15:45745|priority:0, 5d798457-e9ee-4751-9538-7a6d36474688|rpc:10.1.0.15:41069|priority:1], old=null
2022-03-03 07:24:05,816 [grpc-default-executor-3] INFO  server.RaftServer$Division (RaftServerImpl.java:requestVote(1078)) - 126ab421-4020-4271-89f3-e896157a4564@group-303A2581FB0E replies to ELECTION vote request: f349b4ca-06a6-4713-ab55-585a61bac57c<-126ab421-4020-4271-89f3-e896157a4564#0:OK-t2. Peer's state: 126ab421-4020-4271-89f3-e896157a4564@group-303A2581FB0E:t2, leader=null, voted=f349b4ca-06a6-4713-ab55-585a61bac57c, raftlog=126ab421-4020-4271-89f3-e896157a4564@group-303A2581FB0E-SegmentedRaftLog:OPENED:c-1, conf=-1: [126ab421-4020-4271-89f3-e896157a4564|rpc:10.1.0.15:39419|priority:0, f349b4ca-06a6-4713-ab55-585a61bac57c|rpc:10.1.0.15:45745|priority:0, 5d798457-e9ee-4751-9538-7a6d36474688|rpc:10.1.0.15:41069|priority:1], old=null
2022-03-03 07:24:05,818 [f349b4ca-06a6-4713-ab55-585a61bac57c@group-303A2581FB0E-LeaderElection12] INFO  impl.LeaderElection (LeaderElection.java:logAndReturn(89)) - f349b4ca-06a6-4713-ab55-585a61bac57c@group-303A2581FB0E-LeaderElection12: ELECTION REJECTED received 1 response(s) and 0 exception(s):
2022-03-03 07:24:05,819 [f349b4ca-06a6-4713-ab55-585a61bac57c@group-303A2581FB0E-LeaderElection12] INFO  impl.LeaderElection (LeaderElection.java:logAndReturn(93)) -   Response 0: f349b4ca-06a6-4713-ab55-585a61bac57c<-5d798457-e9ee-4751-9538-7a6d36474688#0:FAIL-t2
2022-03-03 07:24:05,819 [f349b4ca-06a6-4713-ab55-585a61bac57c@group-303A2581FB0E-LeaderElection12] INFO  impl.LeaderElection (LeaderElection.java:askForVotes(308)) - f349b4ca-06a6-4713-ab55-585a61bac57c@group-303A2581FB0E-LeaderElection12 ELECTION round 0: result REJECTED
2022-03-03 07:24:05,819 [f349b4ca-06a6-4713-ab55-585a61bac57c@group-303A2581FB0E-LeaderElection12] INFO  server.RaftServer$Division (RaftServerImpl.java:setRole(290)) - f349b4ca-06a6-4713-ab55-585a61bac57c@group-303A2581FB0E: changes role from CANDIDATE to FOLLOWER at term 2 for REJECTED
2022-03-03 07:24:05,819 [f349b4ca-06a6-4713-ab55-585a61bac57c@group-303A2581FB0E-LeaderElection12] INFO  impl.RoleInfo (RoleInfo.java:shutdownLeaderElection(121)) - f349b4ca-06a6-4713-ab55-585a61bac57c: shutdown f349b4ca-06a6-4713-ab55-585a61bac57c@group-303A2581FB0E-LeaderElection12
2022-03-03 07:24:05,819 [f349b4ca-06a6-4713-ab55-585a61bac57c@group-303A2581FB0E-LeaderElection12] INFO  impl.RoleInfo (RoleInfo.java:updateAndGet(130)) - f349b4ca-06a6-4713-ab55-585a61bac57c: start f349b4ca-06a6-4713-ab55-585a61bac57c@group-303A2581FB0E-FollowerState
2022-03-03 07:24:06,521 [Time-limited test] INFO  om.TestOzoneManagerPrepare (TestOzoneManagerPrepare.java:lambda$assertClusterPrepared$6(454)) - omNode-1 has prepare status: NOT_PREPARED prepare index: -1.
2022-03-03 07:24:06,531 [OM StateMachine ApplyTransaction Thread - 0] INFO  ratis.OzoneManagerStateMachine (OzoneManagerStateMachine.java:takeSnapshot(417)) - Current Snapshot Index (t:2, i:13)
2022-03-03 07:24:06,533 [OM StateMachine ApplyTransaction Thread - 0] INFO  segmented.SegmentedRaftLogWorker (SegmentedRaftLogWorker.java:lambda$new$0(133)) - omNode-2@group-523986131536-SegmentedRaftLogWorker: flushIndex: setUnconditionally 15 -> 13
2022-03-03 07:24:06,533 [OM StateMachine ApplyTransaction Thread - 0] INFO  segmented.SegmentedRaftLogWorker (SegmentedRaftLogWorker.java:lambda$new$0(133)) - omNode-2@group-523986131536-SegmentedRaftLogWorker: safeCacheEvictIndex: setUnconditionally -1 -> 13
2022-03-03 07:24:06,533 [OM StateMachine ApplyTransaction Thread - 0] INFO  raftlog.RaftLog (RaftLogBase.java:lambda$new$0(53)) - omNode-2@group-523986131536-SegmentedRaftLog: snapshotIndex: updateIncreasingly -1 -> 13
2022-03-03 07:24:06,531 [OM StateMachine ApplyTransaction Thread - 0] INFO  ratis.OzoneManagerStateMachine (OzoneManagerStateMachine.java:takeSnapshot(417)) - Current Snapshot Index (t:2, i:13)
2022-03-03 07:24:06,535 [OM StateMachine ApplyTransaction Thread - 0] INFO  segmented.SegmentedRaftLogWorker (SegmentedRaftLogWorker.java:lambda$new$0(133)) - omNode-1@group-523986131536-SegmentedRaftLogWorker: flushIndex: setUnconditionally 15 -> 13
2022-03-03 07:24:06,535 [OM StateMachine ApplyTransaction Thread - 0] INFO  segmented.SegmentedRaftLogWorker (SegmentedRaftLogWorker.java:lambda$new$0(133)) - omNode-1@group-523986131536-SegmentedRaftLogWorker: safeCacheEvictIndex: setUnconditionally -1 -> 13
2022-03-03 07:24:06,536 [OM StateMachine ApplyTransaction Thread - 0] INFO  raftlog.RaftLog (RaftLogBase.java:lambda$new$0(53)) - omNode-1@group-523986131536-SegmentedRaftLog: snapshotIndex: updateIncreasingly -1 -> 13
2022-03-03 07:24:06,536 [OM StateMachine ApplyTransaction Thread - 0] INFO  om.OzoneManagerPrepareState (OzoneManagerPrepareState.java:writePrepareMarkerFile(262)) - Prepare marker file written with log index 12 to file /home/runner/work/ozone/ozone/hadoop-ozone/integration-test/target/test-dir/MiniOzoneClusterImpl-73ba9704-0a97-4d3d-983a-0dacfed22b51/omNode-1/current/prepareMarker
2022-03-03 07:24:06,536 [OM StateMachine ApplyTransaction Thread - 0] INFO  upgrade.OMPrepareRequest (OMPrepareRequest.java:validateAndUpdateCache(120)) - OM omNode-1 prepared at log index 12. Returning response txnID: 12
 with log index 12
2022-03-03 07:24:06,534 [OM StateMachine ApplyTransaction Thread - 0] INFO  om.OzoneManagerPrepareState (OzoneManagerPrepareState.java:writePrepareMarkerFile(262)) - Prepare marker file written with log index 12 to file /home/runner/work/ozone/ozone/hadoop-ozone/integration-test/target/test-dir/MiniOzoneClusterImpl-73ba9704-0a97-4d3d-983a-0dacfed22b51/omNode-2/current/prepareMarker
2022-03-03 07:24:06,536 [OM StateMachine ApplyTransaction Thread - 0] INFO  upgrade.OMPrepareRequest (OMPrepareRequest.java:validateAndUpdateCache(120)) - OM omNode-2 prepared at log index 12. Returning response txnID: 12
 with log index 12
2022-03-03 07:24:07,524 [Time-limited test] INFO  om.TestOzoneManagerPrepare (TestOzoneManagerPrepare.java:lambda$assertClusterPrepared$6(454)) - omNode-1 has prepare status: PREPARE_COMPLETED prepare index: 12.
2022-03-03 07:24:07,524 [Time-limited test] INFO  om.TestOzoneManagerPrepare (TestOzoneManagerPrepare.java:lambda$assertClusterPrepared$6(454)) - omNode-2 has prepare status: PREPARE_COMPLETED prepare index: 12.
2022-03-03 07:24:07,527 [Time-limited test] INFO  rpc.RpcClient (RpcClient.java:createVolume(399)) - Creating Volume: vol, with runner as owner and space quota set to -1 bytes, counts quota set to -1
2022-03-03 07:24:07,529 [IPC Server handler 3 on default port 44937] INFO  ratis.OzoneManagerRatisServer (OzoneManagerRatisServer.java:submitRequest(250)) - Rejecting write request on OM omNode-3 because it is in prepare mode: CreateVolume
2022-03-03 07:24:10,858 [f349b4ca-06a6-4713-ab55-585a61bac57c@group-303A2581FB0E-FollowerState] INFO  impl.FollowerState (FollowerState.java:run(134)) - f349b4ca-06a6-4713-ab55-585a61bac57c@group-303A2581FB0E-FollowerState: change to CANDIDATE, lastRpcElapsedTime:5038449470ns, electionTimeout:5036ms
2022-03-03 07:24:10,858 [f349b4ca-06a6-4713-ab55-585a61bac57c@group-303A2581FB0E-FollowerState] INFO  impl.RoleInfo (RoleInfo.java:shutdownFollowerState(108)) - f349b4ca-06a6-4713-ab55-585a61bac57c: shutdown f349b4ca-06a6-4713-ab55-585a61bac57c@group-303A2581FB0E-FollowerState
2022-03-03 07:24:10,858 [f349b4ca-06a6-4713-ab55-585a61bac57c@group-303A2581FB0E-FollowerState] INFO  server.RaftServer$Division (RaftServerImpl.java:setRole(290)) - f349b4ca-06a6-4713-ab55-585a61bac57c@group-303A2581FB0E: changes role from  FOLLOWER to CANDIDATE at term 2 for changeToCandidate
2022-03-03 07:24:10,858 [f349b4ca-06a6-4713-ab55-585a61bac57c@group-303A2581FB0E-FollowerState] INFO  server.RaftServerConfigKeys (ConfUtils.java:logGet(44)) - raft.server.leaderelection.pre-vote = false (custom)
2022-03-03 07:24:10,858 [f349b4ca-06a6-4713-ab55-585a61bac57c@group-303A2581FB0E-FollowerState] INFO  impl.RoleInfo (RoleInfo.java:updateAndGet(130)) - f349b4ca-06a6-4713-ab55-585a61bac57c: start f349b4ca-06a6-4713-ab55-585a61bac57c@group-303A2581FB0E-LeaderElection13
2022-03-03 07:24:10,863 [f349b4ca-06a6-4713-ab55-585a61bac57c@group-303A2581FB0E-LeaderElection13] INFO  impl.LeaderElection (LeaderElection.java:askForVotes(306)) - f349b4ca-06a6-4713-ab55-585a61bac57c@group-303A2581FB0E-LeaderElection13 ELECTION round 0: submit vote requests at term 3 for -1: [126ab421-4020-4271-89f3-e896157a4564|rpc:10.1.0.15:39419|dataStream:|priority:0, f349b4ca-06a6-4713-ab55-585a61bac57c|rpc:10.1.0.15:45745|dataStream:|priority:0, 5d798457-e9ee-4751-9538-7a6d36474688|rpc:10.1.0.15:41069|dataStream:|priority:1], old=null
2022-03-03 07:24:10,867 [5d798457-e9ee-4751-9538-7a6d36474688@group-303A2581FB0E-FollowerState] INFO  impl.FollowerState (FollowerState.java:run(134)) - 5d798457-e9ee-4751-9538-7a6d36474688@group-303A2581FB0E-FollowerState: change to CANDIDATE, lastRpcElapsedTime:5061335250ns, electionTimeout:5058ms
2022-03-03 07:24:10,867 [5d798457-e9ee-4751-9538-7a6d36474688@group-303A2581FB0E-FollowerState] INFO  impl.RoleInfo (RoleInfo.java:shutdownFollowerState(108)) - 5d798457-e9ee-4751-9538-7a6d36474688: shutdown 5d798457-e9ee-4751-9538-7a6d36474688@group-303A2581FB0E-FollowerState
2022-03-03 07:24:10,867 [5d798457-e9ee-4751-9538-7a6d36474688@group-303A2581FB0E-FollowerState] INFO  server.RaftServer$Division (RaftServerImpl.java:setRole(290)) - 5d798457-e9ee-4751-9538-7a6d36474688@group-303A2581FB0E: changes role from  FOLLOWER to CANDIDATE at term 2 for changeToCandidate
2022-03-03 07:24:10,868 [5d798457-e9ee-4751-9538-7a6d36474688@group-303A2581FB0E-FollowerState] INFO  server.RaftServerConfigKeys (ConfUtils.java:logGet(44)) - raft.server.leaderelection.pre-vote = false (custom)
2022-03-03 07:24:10,868 [5d798457-e9ee-4751-9538-7a6d36474688@group-303A2581FB0E-FollowerState] INFO  impl.RoleInfo (RoleInfo.java:updateAndGet(130)) - 5d798457-e9ee-4751-9538-7a6d36474688: start 5d798457-e9ee-4751-9538-7a6d36474688@group-303A2581FB0E-LeaderElection14
2022-03-03 07:24:10,868 [grpc-default-executor-3] INFO  server.RaftServer$Division (RaftServerImpl.java:requestVote(1046)) - 5d798457-e9ee-4751-9538-7a6d36474688@group-303A2581FB0E: receive requestVote(ELECTION, f349b4ca-06a6-4713-ab55-585a61bac57c, group-303A2581FB0E, 3, (t:0, i:0))
2022-03-03 07:24:10,869 [grpc-default-executor-3] INFO  impl.VoteContext (VoteContext.java:log(48)) - 5d798457-e9ee-4751-9538-7a6d36474688@group-303A2581FB0E-CANDIDATE: reject ELECTION from f349b4ca-06a6-4713-ab55-585a61bac57c: our priority 1 > candidate's priority 0
2022-03-03 07:24:10,869 [grpc-default-executor-3] INFO  server.RaftServer$Division (RaftServerImpl.java:setRole(290)) - 5d798457-e9ee-4751-9538-7a6d36474688@group-303A2581FB0E: changes role from CANDIDATE to FOLLOWER at term 3 for candidate:f349b4ca-06a6-4713-ab55-585a61bac57c
2022-03-03 07:24:10,869 [grpc-default-executor-3] INFO  impl.RoleInfo (RoleInfo.java:shutdownLeaderElection(121)) - 5d798457-e9ee-4751-9538-7a6d36474688: shutdown 5d798457-e9ee-4751-9538-7a6d36474688@group-303A2581FB0E-LeaderElection14
2022-03-03 07:24:10,869 [grpc-default-executor-3] INFO  impl.RoleInfo (RoleInfo.java:updateAndGet(130)) - 5d798457-e9ee-4751-9538-7a6d36474688: start 5d798457-e9ee-4751-9538-7a6d36474688@group-303A2581FB0E-FollowerState
2022-03-03 07:24:10,868 [grpc-default-executor-4] INFO  server.RaftServer$Division (RaftServerImpl.java:requestVote(1046)) - 126ab421-4020-4271-89f3-e896157a4564@group-303A2581FB0E: receive requestVote(ELECTION, f349b4ca-06a6-4713-ab55-585a61bac57c, group-303A2581FB0E, 3, (t:0, i:0))
2022-03-03 07:24:10,870 [grpc-default-executor-4] INFO  impl.VoteContext (VoteContext.java:log(48)) - 126ab421-4020-4271-89f3-e896157a4564@group-303A2581FB0E-FOLLOWER: accept ELECTION from f349b4ca-06a6-4713-ab55-585a61bac57c: our priority 0 <= candidate's priority 0
2022-03-03 07:24:10,870 [grpc-default-executor-4] INFO  server.RaftServer$Division (RaftServerImpl.java:setRole(290)) - 126ab421-4020-4271-89f3-e896157a4564@group-303A2581FB0E: changes role from  FOLLOWER to FOLLOWER at term 3 for candidate:f349b4ca-06a6-4713-ab55-585a61bac57c
2022-03-03 07:24:10,870 [grpc-default-executor-4] INFO  impl.RoleInfo (RoleInfo.java:shutdownFollowerState(108)) - 126ab421-4020-4271-89f3-e896157a4564: shutdown 126ab421-4020-4271-89f3-e896157a4564@group-303A2581FB0E-FollowerState
2022-03-03 07:24:10,870 [grpc-default-executor-4] INFO  impl.RoleInfo (RoleInfo.java:updateAndGet(130)) - 126ab421-4020-4271-89f3-e896157a4564: start 126ab421-4020-4271-89f3-e896157a4564@group-303A2581FB0E-FollowerState
2022-03-03 07:24:10,870 [126ab421-4020-4271-89f3-e896157a4564@group-303A2581FB0E-FollowerState] INFO  impl.FollowerState (FollowerState.java:run(143)) - 126ab421-4020-4271-89f3-e896157a4564@group-303A2581FB0E-FollowerState was interrupted: {}
java.lang.InterruptedException: sleep interrupted
	at java.lang.Thread.sleep(Native Method)
	at java.lang.Thread.sleep(Thread.java:342)
	at java.util.concurrent.TimeUnit.sleep(TimeUnit.java:386)
	at org.apache.ratis.util.TimeDuration.sleep(TimeDuration.java:324)
	at org.apache.ratis.util.TimeDuration.sleep(TimeDuration.java:309)
	at org.apache.ratis.server.impl.FollowerState.run(FollowerState.java:118)
2022-03-03 07:24:10,871 [grpc-default-executor-3] INFO  server.RaftServer$Division (RaftServerImpl.java:requestVote(1078)) - 5d798457-e9ee-4751-9538-7a6d36474688@group-303A2581FB0E replies to ELECTION vote request: f349b4ca-06a6-4713-ab55-585a61bac57c<-5d798457-e9ee-4751-9538-7a6d36474688#0:FAIL-t3. Peer's state: 5d798457-e9ee-4751-9538-7a6d36474688@group-303A2581FB0E:t3, leader=null, voted=null, raftlog=5d798457-e9ee-4751-9538-7a6d36474688@group-303A2581FB0E-SegmentedRaftLog:OPENED:c-1, conf=-1: [126ab421-4020-4271-89f3-e896157a4564|rpc:10.1.0.15:39419|priority:0, f349b4ca-06a6-4713-ab55-585a61bac57c|rpc:10.1.0.15:45745|priority:0, 5d798457-e9ee-4751-9538-7a6d36474688|rpc:10.1.0.15:41069|priority:1], old=null
2022-03-03 07:24:10,873 [f349b4ca-06a6-4713-ab55-585a61bac57c@group-303A2581FB0E-LeaderElection13] INFO  impl.LeaderElection (LeaderElection.java:logAndReturn(89)) - f349b4ca-06a6-4713-ab55-585a61bac57c@group-303A2581FB0E-LeaderElection13: ELECTION REJECTED received 1 response(s) and 0 exception(s):
2022-03-03 07:24:10,873 [f349b4ca-06a6-4713-ab55-585a61bac57c@group-303A2581FB0E-LeaderElection13] INFO  impl.LeaderElection (LeaderElection.java:logAndReturn(93)) -   Response 0: f349b4ca-06a6-4713-ab55-585a61bac57c<-5d798457-e9ee-4751-9538-7a6d36474688#0:FAIL-t3
2022-03-03 07:24:10,873 [f349b4ca-06a6-4713-ab55-585a61bac57c@group-303A2581FB0E-LeaderElection13] INFO  impl.LeaderElection (LeaderElection.java:askForVotes(308)) - f349b4ca-06a6-4713-ab55-585a61bac57c@group-303A2581FB0E-LeaderElection13 ELECTION round 0: result REJECTED
2022-03-03 07:24:10,873 [f349b4ca-06a6-4713-ab55-585a61bac57c@group-303A2581FB0E-LeaderElection13] INFO  server.RaftServer$Division (RaftServerImpl.java:setRole(290)) - f349b4ca-06a6-4713-ab55-585a61bac57c@group-303A2581FB0E: changes role from CANDIDATE to FOLLOWER at term 3 for REJECTED
2022-03-03 07:24:10,873 [f349b4ca-06a6-4713-ab55-585a61bac57c@group-303A2581FB0E-LeaderElection13] INFO  impl.RoleInfo (RoleInfo.java:shutdownLeaderElection(121)) - f349b4ca-06a6-4713-ab55-585a61bac57c: shutdown f349b4ca-06a6-4713-ab55-585a61bac57c@group-303A2581FB0E-LeaderElection13
2022-03-03 07:24:10,873 [f349b4ca-06a6-4713-ab55-585a61bac57c@group-303A2581FB0E-LeaderElection13] INFO  impl.RoleInfo (RoleInfo.java:updateAndGet(130)) - f349b4ca-06a6-4713-ab55-585a61bac57c: start f349b4ca-06a6-4713-ab55-585a61bac57c@group-303A2581FB0E-FollowerState
2022-03-03 07:24:10,874 [grpc-default-executor-4] INFO  server.RaftServer$Division (RaftServerImpl.java:requestVote(1078)) - 126ab421-4020-4271-89f3-e896157a4564@group-303A2581FB0E replies to ELECTION vote request: f349b4ca-06a6-4713-ab55-585a61bac57c<-126ab421-4020-4271-89f3-e896157a4564#0:OK-t3. Peer's state: 126ab421-4020-4271-89f3-e896157a4564@group-303A2581FB0E:t3, leader=null, voted=f349b4ca-06a6-4713-ab55-585a61bac57c, raftlog=126ab421-4020-4271-89f3-e896157a4564@group-303A2581FB0E-SegmentedRaftLog:OPENED:c-1, conf=-1: [126ab421-4020-4271-89f3-e896157a4564|rpc:10.1.0.15:39419|priority:0, f349b4ca-06a6-4713-ab55-585a61bac57c|rpc:10.1.0.15:45745|priority:0, 5d798457-e9ee-4751-9538-7a6d36474688|rpc:10.1.0.15:41069|priority:1], old=null
2022-03-03 07:24:15,885 [f349b4ca-06a6-4713-ab55-585a61bac57c@group-303A2581FB0E-FollowerState] INFO  impl.FollowerState (FollowerState.java:run(134)) - f349b4ca-06a6-4713-ab55-585a61bac57c@group-303A2581FB0E-FollowerState: change to CANDIDATE, lastRpcElapsedTime:5011187746ns, electionTimeout:5007ms
2022-03-03 07:24:15,885 [f349b4ca-06a6-4713-ab55-585a61bac57c@group-303A2581FB0E-FollowerState] INFO  impl.RoleInfo (RoleInfo.java:shutdownFollowerState(108)) - f349b4ca-06a6-4713-ab55-585a61bac57c: shutdown f349b4ca-06a6-4713-ab55-585a61bac57c@group-303A2581FB0E-FollowerState
2022-03-03 07:24:15,885 [f349b4ca-06a6-4713-ab55-585a61bac57c@group-303A2581FB0E-FollowerState] INFO  server.RaftServer$Division (RaftServerImpl.java:setRole(290)) - f349b4ca-06a6-4713-ab55-585a61bac57c@group-303A2581FB0E: changes role from  FOLLOWER to CANDIDATE at term 3 for changeToCandidate
2022-03-03 07:24:15,885 [f349b4ca-06a6-4713-ab55-585a61bac57c@group-303A2581FB0E-FollowerState] INFO  server.RaftServerConfigKeys (ConfUtils.java:logGet(44)) - raft.server.leaderelection.pre-vote = false (custom)
2022-03-03 07:24:15,885 [f349b4ca-06a6-4713-ab55-585a61bac57c@group-303A2581FB0E-FollowerState] INFO  impl.RoleInfo (RoleInfo.java:updateAndGet(130)) - f349b4ca-06a6-4713-ab55-585a61bac57c: start f349b4ca-06a6-4713-ab55-585a61bac57c@group-303A2581FB0E-LeaderElection15
2022-03-03 07:24:15,890 [f349b4ca-06a6-4713-ab55-585a61bac57c@group-303A2581FB0E-LeaderElection15] INFO  impl.LeaderElection (LeaderElection.java:askForVotes(306)) - f349b4ca-06a6-4713-ab55-585a61bac57c@group-303A2581FB0E-LeaderElection15 ELECTION round 0: submit vote requests at term 4 for -1: [126ab421-4020-4271-89f3-e896157a4564|rpc:10.1.0.15:39419|dataStream:|priority:0, f349b4ca-06a6-4713-ab55-585a61bac57c|rpc:10.1.0.15:45745|dataStream:|priority:0, 5d798457-e9ee-4751-9538-7a6d36474688|rpc:10.1.0.15:41069|dataStream:|priority:1], old=null
2022-03-03 07:24:15,894 [grpc-default-executor-4] INFO  server.RaftServer$Division (RaftServerImpl.java:requestVote(1046)) - 126ab421-4020-4271-89f3-e896157a4564@group-303A2581FB0E: receive requestVote(ELECTION, f349b4ca-06a6-4713-ab55-585a61bac57c, group-303A2581FB0E, 4, (t:0, i:0))
2022-03-03 07:24:15,894 [grpc-default-executor-4] INFO  impl.VoteContext (VoteContext.java:log(48)) - 126ab421-4020-4271-89f3-e896157a4564@group-303A2581FB0E-FOLLOWER: accept ELECTION from f349b4ca-06a6-4713-ab55-585a61bac57c: our priority 0 <= candidate's priority 0
2022-03-03 07:24:15,894 [grpc-default-executor-4] INFO  server.RaftServer$Division (RaftServerImpl.java:setRole(290)) - 126ab421-4020-4271-89f3-e896157a4564@group-303A2581FB0E: changes role from  FOLLOWER to FOLLOWER at term 4 for candidate:f349b4ca-06a6-4713-ab55-585a61bac57c
2022-03-03 07:24:15,894 [grpc-default-executor-4] INFO  impl.RoleInfo (RoleInfo.java:shutdownFollowerState(108)) - 126ab421-4020-4271-89f3-e896157a4564: shutdown 126ab421-4020-4271-89f3-e896157a4564@group-303A2581FB0E-FollowerState
2022-03-03 07:24:15,895 [grpc-default-executor-4] INFO  impl.RoleInfo (RoleInfo.java:updateAndGet(130)) - 126ab421-4020-4271-89f3-e896157a4564: start 126ab421-4020-4271-89f3-e896157a4564@group-303A2581FB0E-FollowerState
2022-03-03 07:24:15,895 [126ab421-4020-4271-89f3-e896157a4564@group-303A2581FB0E-FollowerState] INFO  impl.FollowerState (FollowerState.java:run(143)) - 126ab421-4020-4271-89f3-e896157a4564@group-303A2581FB0E-FollowerState was interrupted: {}
java.lang.InterruptedException: sleep interrupted
	at java.lang.Thread.sleep(Native Method)
	at java.lang.Thread.sleep(Thread.java:342)
	at java.util.concurrent.TimeUnit.sleep(TimeUnit.java:386)
	at org.apache.ratis.util.TimeDuration.sleep(TimeDuration.java:324)
	at org.apache.ratis.util.TimeDuration.sleep(TimeDuration.java:309)
	at org.apache.ratis.server.impl.FollowerState.run(FollowerState.java:118)
2022-03-03 07:24:15,902 [grpc-default-executor-3] INFO  server.RaftServer$Division (RaftServerImpl.java:requestVote(1046)) - 5d798457-e9ee-4751-9538-7a6d36474688@group-303A2581FB0E: receive requestVote(ELECTION, f349b4ca-06a6-4713-ab55-585a61bac57c, group-303A2581FB0E, 4, (t:0, i:0))
2022-03-03 07:24:15,903 [grpc-default-executor-4] INFO  server.RaftServer$Division (RaftServerImpl.java:requestVote(1078)) - 126ab421-4020-4271-89f3-e896157a4564@group-303A2581FB0E replies to ELECTION vote request: f349b4ca-06a6-4713-ab55-585a61bac57c<-126ab421-4020-4271-89f3-e896157a4564#0:OK-t4. Peer's state: 126ab421-4020-4271-89f3-e896157a4564@group-303A2581FB0E:t4, leader=null, voted=f349b4ca-06a6-4713-ab55-585a61bac57c, raftlog=126ab421-4020-4271-89f3-e896157a4564@group-303A2581FB0E-SegmentedRaftLog:OPENED:c-1, conf=-1: [126ab421-4020-4271-89f3-e896157a4564|rpc:10.1.0.15:39419|priority:0, f349b4ca-06a6-4713-ab55-585a61bac57c|rpc:10.1.0.15:45745|priority:0, 5d798457-e9ee-4751-9538-7a6d36474688|rpc:10.1.0.15:41069|priority:1], old=null
2022-03-03 07:24:15,905 [grpc-default-executor-3] INFO  impl.VoteContext (VoteContext.java:log(48)) - 5d798457-e9ee-4751-9538-7a6d36474688@group-303A2581FB0E-FOLLOWER: reject ELECTION from f349b4ca-06a6-4713-ab55-585a61bac57c: our priority 1 > candidate's priority 0
2022-03-03 07:24:15,905 [grpc-default-executor-3] INFO  server.RaftServer$Division (RaftServerImpl.java:setRole(290)) - 5d798457-e9ee-4751-9538-7a6d36474688@group-303A2581FB0E: changes role from  FOLLOWER to FOLLOWER at term 4 for candidate:f349b4ca-06a6-4713-ab55-585a61bac57c
2022-03-03 07:24:15,905 [grpc-default-executor-3] INFO  impl.RoleInfo (RoleInfo.java:shutdownFollowerState(108)) - 5d798457-e9ee-4751-9538-7a6d36474688: shutdown 5d798457-e9ee-4751-9538-7a6d36474688@group-303A2581FB0E-FollowerState
2022-03-03 07:24:15,905 [grpc-default-executor-3] INFO  impl.RoleInfo (RoleInfo.java:updateAndGet(130)) - 5d798457-e9ee-4751-9538-7a6d36474688: start 5d798457-e9ee-4751-9538-7a6d36474688@group-303A2581FB0E-FollowerState
2022-03-03 07:24:15,905 [5d798457-e9ee-4751-9538-7a6d36474688@group-303A2581FB0E-FollowerState] INFO  impl.FollowerState (FollowerState.java:run(143)) - 5d798457-e9ee-4751-9538-7a6d36474688@group-303A2581FB0E-FollowerState was interrupted: {}
java.lang.InterruptedException: sleep interrupted
	at java.lang.Thread.sleep(Native Method)
	at java.lang.Thread.sleep(Thread.java:342)
	at java.util.concurrent.TimeUnit.sleep(TimeUnit.java:386)
	at org.apache.ratis.util.TimeDuration.sleep(TimeDuration.java:324)
	at org.apache.ratis.util.TimeDuration.sleep(TimeDuration.java:309)
	at org.apache.ratis.server.impl.FollowerState.run(FollowerState.java:118)
2022-03-03 07:24:15,914 [grpc-default-executor-3] INFO  server.RaftServer$Division (RaftServerImpl.java:requestVote(1078)) - 5d798457-e9ee-4751-9538-7a6d36474688@group-303A2581FB0E replies to ELECTION vote request: f349b4ca-06a6-4713-ab55-585a61bac57c<-5d798457-e9ee-4751-9538-7a6d36474688#0:FAIL-t4. Peer's state: 5d798457-e9ee-4751-9538-7a6d36474688@group-303A2581FB0E:t4, leader=null, voted=null, raftlog=5d798457-e9ee-4751-9538-7a6d36474688@group-303A2581FB0E-SegmentedRaftLog:OPENED:c-1, conf=-1: [126ab421-4020-4271-89f3-e896157a4564|rpc:10.1.0.15:39419|priority:0, f349b4ca-06a6-4713-ab55-585a61bac57c|rpc:10.1.0.15:45745|priority:0, 5d798457-e9ee-4751-9538-7a6d36474688|rpc:10.1.0.15:41069|priority:1], old=null
2022-03-03 07:24:15,918 [f349b4ca-06a6-4713-ab55-585a61bac57c@group-303A2581FB0E-LeaderElection15] INFO  impl.LeaderElection (LeaderElection.java:logAndReturn(89)) - f349b4ca-06a6-4713-ab55-585a61bac57c@group-303A2581FB0E-LeaderElection15: ELECTION REJECTED received 2 response(s) and 0 exception(s):
2022-03-03 07:24:15,918 [f349b4ca-06a6-4713-ab55-585a61bac57c@group-303A2581FB0E-LeaderElection15] INFO  impl.LeaderElection (LeaderElection.java:logAndReturn(93)) -   Response 0: f349b4ca-06a6-4713-ab55-585a61bac57c<-126ab421-4020-4271-89f3-e896157a4564#0:OK-t4
2022-03-03 07:24:15,918 [f349b4ca-06a6-4713-ab55-585a61bac57c@group-303A2581FB0E-LeaderElection15] INFO  impl.LeaderElection (LeaderElection.java:logAndReturn(93)) -   Response 1: f349b4ca-06a6-4713-ab55-585a61bac57c<-5d798457-e9ee-4751-9538-7a6d36474688#0:FAIL-t4
2022-03-03 07:24:15,918 [f349b4ca-06a6-4713-ab55-585a61bac57c@group-303A2581FB0E-LeaderElection15] INFO  impl.LeaderElection (LeaderElection.java:askForVotes(308)) - f349b4ca-06a6-4713-ab55-585a61bac57c@group-303A2581FB0E-LeaderElection15 ELECTION round 0: result REJECTED
2022-03-03 07:24:15,918 [f349b4ca-06a6-4713-ab55-585a61bac57c@group-303A2581FB0E-LeaderElection15] INFO  server.RaftServer$Division (RaftServerImpl.java:setRole(290)) - f349b4ca-06a6-4713-ab55-585a61bac57c@group-303A2581FB0E: changes role from CANDIDATE to FOLLOWER at term 4 for REJECTED
2022-03-03 07:24:15,918 [f349b4ca-06a6-4713-ab55-585a61bac57c@group-303A2581FB0E-LeaderElection15] INFO  impl.RoleInfo (RoleInfo.java:shutdownLeaderElection(121)) - f349b4ca-06a6-4713-ab55-585a61bac57c: shutdown f349b4ca-06a6-4713-ab55-585a61bac57c@group-303A2581FB0E-LeaderElection15
2022-03-03 07:24:15,918 [f349b4ca-06a6-4713-ab55-585a61bac57c@group-303A2581FB0E-LeaderElection15] INFO  impl.RoleInfo (RoleInfo.java:updateAndGet(130)) - f349b4ca-06a6-4713-ab55-585a61bac57c: start f349b4ca-06a6-4713-ab55-585a61bac57c@group-303A2581FB0E-FollowerState
2022-03-03 07:24:20,949 [126ab421-4020-4271-89f3-e896157a4564@group-303A2581FB0E-FollowerState] INFO  impl.FollowerState (FollowerState.java:run(134)) - 126ab421-4020-4271-89f3-e896157a4564@group-303A2581FB0E-FollowerState: change to CANDIDATE, lastRpcElapsedTime:5045329273ns, electionTimeout:5043ms
2022-03-03 07:24:20,950 [126ab421-4020-4271-89f3-e896157a4564@group-303A2581FB0E-FollowerState] INFO  impl.RoleInfo (RoleInfo.java:shutdownFollowerState(108)) - 126ab421-4020-4271-89f3-e896157a4564: shutdown 126ab421-4020-4271-89f3-e896157a4564@group-303A2581FB0E-FollowerState
2022-03-03 07:24:20,950 [126ab421-4020-4271-89f3-e896157a4564@group-303A2581FB0E-FollowerState] INFO  server.RaftServer$Division (RaftServerImpl.java:setRole(290)) - 126ab421-4020-4271-89f3-e896157a4564@group-303A2581FB0E: changes role from  FOLLOWER to CANDIDATE at term 4 for changeToCandidate
2022-03-03 07:24:20,950 [126ab421-4020-4271-89f3-e896157a4564@group-303A2581FB0E-FollowerState] INFO  server.RaftServerConfigKeys (ConfUtils.java:logGet(44)) - raft.server.leaderelection.pre-vote = false (custom)
2022-03-03 07:24:20,950 [126ab421-4020-4271-89f3-e896157a4564@group-303A2581FB0E-FollowerState] INFO  impl.RoleInfo (RoleInfo.java:updateAndGet(130)) - 126ab421-4020-4271-89f3-e896157a4564: start 126ab421-4020-4271-89f3-e896157a4564@group-303A2581FB0E-LeaderElection16
2022-03-03 07:24:20,953 [126ab421-4020-4271-89f3-e896157a4564@group-303A2581FB0E-LeaderElection16] INFO  impl.LeaderElection (LeaderElection.java:askForVotes(306)) - 126ab421-4020-4271-89f3-e896157a4564@group-303A2581FB0E-LeaderElection16 ELECTION round 0: submit vote requests at term 5 for -1: [126ab421-4020-4271-89f3-e896157a4564|rpc:10.1.0.15:39419|priority:0, f349b4ca-06a6-4713-ab55-585a61bac57c|rpc:10.1.0.15:45745|priority:0, 5d798457-e9ee-4751-9538-7a6d36474688|rpc:10.1.0.15:41069|priority:1], old=null
2022-03-03 07:24:20,957 [grpc-default-executor-4] INFO  server.RaftServer$Division (RaftServerImpl.java:requestVote(1046)) - f349b4ca-06a6-4713-ab55-585a61bac57c@group-303A2581FB0E: receive requestVote(ELECTION, 126ab421-4020-4271-89f3-e896157a4564, group-303A2581FB0E, 5, (t:0, i:0))
2022-03-03 07:24:20,957 [grpc-default-executor-4] INFO  impl.VoteContext (VoteContext.java:log(48)) - f349b4ca-06a6-4713-ab55-585a61bac57c@group-303A2581FB0E-FOLLOWER: accept ELECTION from 126ab421-4020-4271-89f3-e896157a4564: our priority 0 <= candidate's priority 0
2022-03-03 07:24:20,957 [grpc-default-executor-4] INFO  server.RaftServer$Division (RaftServerImpl.java:setRole(290)) - f349b4ca-06a6-4713-ab55-585a61bac57c@group-303A2581FB0E: changes role from  FOLLOWER to FOLLOWER at term 5 for candidate:126ab421-4020-4271-89f3-e896157a4564
2022-03-03 07:24:20,957 [grpc-default-executor-4] INFO  impl.RoleInfo (RoleInfo.java:shutdownFollowerState(108)) - f349b4ca-06a6-4713-ab55-585a61bac57c: shutdown f349b4ca-06a6-4713-ab55-585a61bac57c@group-303A2581FB0E-FollowerState
2022-03-03 07:24:20,957 [grpc-default-executor-4] INFO  impl.RoleInfo (RoleInfo.java:updateAndGet(130)) - f349b4ca-06a6-4713-ab55-585a61bac57c: start f349b4ca-06a6-4713-ab55-585a61bac57c@group-303A2581FB0E-FollowerState
2022-03-03 07:24:20,960 [f349b4ca-06a6-4713-ab55-585a61bac57c@group-303A2581FB0E-FollowerState] INFO  impl.FollowerState (FollowerState.java:run(143)) - f349b4ca-06a6-4713-ab55-585a61bac57c@group-303A2581FB0E-FollowerState was interrupted: {}
java.lang.InterruptedException: sleep interrupted
	at java.lang.Thread.sleep(Native Method)
	at java.lang.Thread.sleep(Thread.java:342)
	at java.util.concurrent.TimeUnit.sleep(TimeUnit.java:386)
	at org.apache.ratis.util.TimeDuration.sleep(TimeDuration.java:324)
	at org.apache.ratis.util.TimeDuration.sleep(TimeDuration.java:309)
	at org.apache.ratis.server.impl.FollowerState.run(FollowerState.java:118)
2022-03-03 07:24:20,962 [grpc-default-executor-4] INFO  server.RaftServer$Division (RaftServerImpl.java:requestVote(1078)) - f349b4ca-06a6-4713-ab55-585a61bac57c@group-303A2581FB0E replies to ELECTION vote request: 126ab421-4020-4271-89f3-e896157a4564<-f349b4ca-06a6-4713-ab55-585a61bac57c#0:OK-t5. Peer's state: f349b4ca-06a6-4713-ab55-585a61bac57c@group-303A2581FB0E:t5, leader=null, voted=126ab421-4020-4271-89f3-e896157a4564, raftlog=f349b4ca-06a6-4713-ab55-585a61bac57c@group-303A2581FB0E-SegmentedRaftLog:OPENED:c-1, conf=-1: [126ab421-4020-4271-89f3-e896157a4564|rpc:10.1.0.15:39419|dataStream:|priority:0, f349b4ca-06a6-4713-ab55-585a61bac57c|rpc:10.1.0.15:45745|dataStream:|priority:0, 5d798457-e9ee-4751-9538-7a6d36474688|rpc:10.1.0.15:41069|dataStream:|priority:1], old=null
2022-03-03 07:24:20,968 [grpc-default-executor-3] INFO  server.RaftServer$Division (RaftServerImpl.java:requestVote(1046)) - 5d798457-e9ee-4751-9538-7a6d36474688@group-303A2581FB0E: receive requestVote(ELECTION, 126ab421-4020-4271-89f3-e896157a4564, group-303A2581FB0E, 5, (t:0, i:0))
2022-03-03 07:24:20,968 [grpc-default-executor-3] INFO  impl.VoteContext (VoteContext.java:log(48)) - 5d798457-e9ee-4751-9538-7a6d36474688@group-303A2581FB0E-FOLLOWER: reject ELECTION from 126ab421-4020-4271-89f3-e896157a4564: our priority 1 > candidate's priority 0
2022-03-03 07:24:20,968 [grpc-default-executor-3] INFO  server.RaftServer$Division (RaftServerImpl.java:setRole(290)) - 5d798457-e9ee-4751-9538-7a6d36474688@group-303A2581FB0E: changes role from  FOLLOWER to FOLLOWER at term 5 for candidate:126ab421-4020-4271-89f3-e896157a4564
2022-03-03 07:24:20,968 [grpc-default-executor-3] INFO  impl.RoleInfo (RoleInfo.java:shutdownFollowerState(108)) - 5d798457-e9ee-4751-9538-7a6d36474688: shutdown 5d798457-e9ee-4751-9538-7a6d36474688@group-303A2581FB0E-FollowerState
2022-03-03 07:24:20,968 [grpc-default-executor-3] INFO  impl.RoleInfo (RoleInfo.java:updateAndGet(130)) - 5d798457-e9ee-4751-9538-7a6d36474688: start 5d798457-e9ee-4751-9538-7a6d36474688@group-303A2581FB0E-FollowerState
2022-03-03 07:24:20,968 [5d798457-e9ee-4751-9538-7a6d36474688@group-303A2581FB0E-FollowerState] INFO  impl.FollowerState (FollowerState.java:run(143)) - 5d798457-e9ee-4751-9538-7a6d36474688@group-303A2581FB0E-FollowerState was interrupted: {}
java.lang.InterruptedException: sleep interrupted
	at java.lang.Thread.sleep(Native Method)
	at java.lang.Thread.sleep(Thread.java:342)
	at java.util.concurrent.TimeUnit.sleep(TimeUnit.java:386)
	at org.apache.ratis.util.TimeDuration.sleep(TimeDuration.java:324)
	at org.apache.ratis.util.TimeDuration.sleep(TimeDuration.java:309)
	at org.apache.ratis.server.impl.FollowerState.run(FollowerState.java:118)
2022-03-03 07:24:20,974 [grpc-default-executor-3] INFO  server.RaftServer$Division (RaftServerImpl.java:requestVote(1078)) - 5d798457-e9ee-4751-9538-7a6d36474688@group-303A2581FB0E replies to ELECTION vote request: 126ab421-4020-4271-89f3-e896157a4564<-5d798457-e9ee-4751-9538-7a6d36474688#0:FAIL-t5. Peer's state: 5d798457-e9ee-4751-9538-7a6d36474688@group-303A2581FB0E:t5, leader=null, voted=null, raftlog=5d798457-e9ee-4751-9538-7a6d36474688@group-303A2581FB0E-SegmentedRaftLog:OPENED:c-1, conf=-1: [126ab421-4020-4271-89f3-e896157a4564|rpc:10.1.0.15:39419|priority:0, f349b4ca-06a6-4713-ab55-585a61bac57c|rpc:10.1.0.15:45745|priority:0, 5d798457-e9ee-4751-9538-7a6d36474688|rpc:10.1.0.15:41069|priority:1], old=null
2022-03-03 07:24:20,976 [126ab421-4020-4271-89f3-e896157a4564@group-303A2581FB0E-LeaderElection16] INFO  impl.LeaderElection (LeaderElection.java:logAndReturn(89)) - 126ab421-4020-4271-89f3-e896157a4564@group-303A2581FB0E-LeaderElection16: ELECTION REJECTED received 2 response(s) and 0 exception(s):
2022-03-03 07:24:20,976 [126ab421-4020-4271-89f3-e896157a4564@group-303A2581FB0E-LeaderElection16] INFO  impl.LeaderElection (LeaderElection.java:logAndReturn(93)) -   Response 0: 126ab421-4020-4271-89f3-e896157a4564<-f349b4ca-06a6-4713-ab55-585a61bac57c#0:OK-t5
2022-03-03 07:24:20,976 [126ab421-4020-4271-89f3-e896157a4564@group-303A2581FB0E-LeaderElection16] INFO  impl.LeaderElection (LeaderElection.java:logAndReturn(93)) -   Response 1: 126ab421-4020-4271-89f3-e896157a4564<-5d798457-e9ee-4751-9538-7a6d36474688#0:FAIL-t5
2022-03-03 07:24:20,976 [126ab421-4020-4271-89f3-e896157a4564@group-303A2581FB0E-LeaderElection16] INFO  impl.LeaderElection (LeaderElection.java:askForVotes(308)) - 126ab421-4020-4271-89f3-e896157a4564@group-303A2581FB0E-LeaderElection16 ELECTION round 0: result REJECTED
2022-03-03 07:24:20,976 [126ab421-4020-4271-89f3-e896157a4564@group-303A2581FB0E-LeaderElection16] INFO  server.RaftServer$Division (RaftServerImpl.java:setRole(290)) - 126ab421-4020-4271-89f3-e896157a4564@group-303A2581FB0E: changes role from CANDIDATE to FOLLOWER at term 5 for REJECTED
2022-03-03 07:24:20,977 [126ab421-4020-4271-89f3-e896157a4564@group-303A2581FB0E-LeaderElection16] INFO  impl.RoleInfo (RoleInfo.java:shutdownLeaderElection(121)) - 126ab421-4020-4271-89f3-e896157a4564: shutdown 126ab421-4020-4271-89f3-e896157a4564@group-303A2581FB0E-LeaderElection16
2022-03-03 07:24:20,977 [126ab421-4020-4271-89f3-e896157a4564@group-303A2581FB0E-LeaderElection16] INFO  impl.RoleInfo (RoleInfo.java:updateAndGet(130)) - 126ab421-4020-4271-89f3-e896157a4564: start 126ab421-4020-4271-89f3-e896157a4564@group-303A2581FB0E-FollowerState
2022-03-03 07:24:25,991 [126ab421-4020-4271-89f3-e896157a4564@group-303A2581FB0E-FollowerState] INFO  impl.FollowerState (FollowerState.java:run(134)) - 126ab421-4020-4271-89f3-e896157a4564@group-303A2581FB0E-FollowerState: change to CANDIDATE, lastRpcElapsedTime:5014474311ns, electionTimeout:5014ms
2022-03-03 07:24:25,992 [126ab421-4020-4271-89f3-e896157a4564@group-303A2581FB0E-FollowerState] INFO  impl.RoleInfo (RoleInfo.java:shutdownFollowerState(108)) - 126ab421-4020-4271-89f3-e896157a4564: shutdown 126ab421-4020-4271-89f3-e896157a4564@group-303A2581FB0E-FollowerState
2022-03-03 07:24:25,992 [126ab421-4020-4271-89f3-e896157a4564@group-303A2581FB0E-FollowerState] INFO  server.RaftServer$Division (RaftServerImpl.java:setRole(290)) - 126ab421-4020-4271-89f3-e896157a4564@group-303A2581FB0E: changes role from  FOLLOWER to CANDIDATE at term 5 for changeToCandidate
2022-03-03 07:24:25,993 [126ab421-4020-4271-89f3-e896157a4564@group-303A2581FB0E-FollowerState] INFO  server.RaftServerConfigKeys (ConfUtils.java:logGet(44)) - raft.server.leaderelection.pre-vote = false (custom)
2022-03-03 07:24:25,993 [126ab421-4020-4271-89f3-e896157a4564@group-303A2581FB0E-FollowerState] INFO  impl.RoleInfo (RoleInfo.java:updateAndGet(130)) - 126ab421-4020-4271-89f3-e896157a4564: start 126ab421-4020-4271-89f3-e896157a4564@group-303A2581FB0E-LeaderElection17
2022-03-03 07:24:25,996 [126ab421-4020-4271-89f3-e896157a4564@group-303A2581FB0E-LeaderElection17] INFO  impl.LeaderElection (LeaderElection.java:askForVotes(306)) - 126ab421-4020-4271-89f3-e896157a4564@group-303A2581FB0E-LeaderElection17 ELECTION round 0: submit vote requests at term 6 for -1: [126ab421-4020-4271-89f3-e896157a4564|rpc:10.1.0.15:39419|priority:0, f349b4ca-06a6-4713-ab55-585a61bac57c|rpc:10.1.0.15:45745|priority:0, 5d798457-e9ee-4751-9538-7a6d36474688|rpc:10.1.0.15:41069|priority:1], old=null
2022-03-03 07:24:26,000 [grpc-default-executor-4] INFO  server.RaftServer$Division (RaftServerImpl.java:requestVote(1046)) - f349b4ca-06a6-4713-ab55-585a61bac57c@group-303A2581FB0E: receive requestVote(ELECTION, 126ab421-4020-4271-89f3-e896157a4564, group-303A2581FB0E, 6, (t:0, i:0))
2022-03-03 07:24:26,000 [grpc-default-executor-4] INFO  impl.VoteContext (VoteContext.java:log(48)) - f349b4ca-06a6-4713-ab55-585a61bac57c@group-303A2581FB0E-FOLLOWER: accept ELECTION from 126ab421-4020-4271-89f3-e896157a4564: our priority 0 <= candidate's priority 0
2022-03-03 07:24:26,001 [grpc-default-executor-4] INFO  server.RaftServer$Division (RaftServerImpl.java:setRole(290)) - f349b4ca-06a6-4713-ab55-585a61bac57c@group-303A2581FB0E: changes role from  FOLLOWER to FOLLOWER at term 6 for candidate:126ab421-4020-4271-89f3-e896157a4564
2022-03-03 07:24:26,001 [grpc-default-executor-4] INFO  impl.RoleInfo (RoleInfo.java:shutdownFollowerState(108)) - f349b4ca-06a6-4713-ab55-585a61bac57c: shutdown f349b4ca-06a6-4713-ab55-585a61bac57c@group-303A2581FB0E-FollowerState
2022-03-03 07:24:26,001 [grpc-default-executor-4] INFO  impl.RoleInfo (RoleInfo.java:updateAndGet(130)) - f349b4ca-06a6-4713-ab55-585a61bac57c: start f349b4ca-06a6-4713-ab55-585a61bac57c@group-303A2581FB0E-FollowerState
2022-03-03 07:24:26,001 [f349b4ca-06a6-4713-ab55-585a61bac57c@group-303A2581FB0E-FollowerState] INFO  impl.FollowerState (FollowerState.java:run(143)) - f349b4ca-06a6-4713-ab55-585a61bac57c@group-303A2581FB0E-FollowerState was interrupted: {}
java.lang.InterruptedException: sleep interrupted
	at java.lang.Thread.sleep(Native Method)
	at java.lang.Thread.sleep(Thread.java:342)
	at java.util.concurrent.TimeUnit.sleep(TimeUnit.java:386)
	at org.apache.ratis.util.TimeDuration.sleep(TimeDuration.java:324)
	at org.apache.ratis.util.TimeDuration.sleep(TimeDuration.java:309)
	at org.apache.ratis.server.impl.FollowerState.run(FollowerState.java:118)
2022-03-03 07:24:26,001 [grpc-default-executor-3] INFO  server.RaftServer$Division (RaftServerImpl.java:requestVote(1046)) - 5d798457-e9ee-4751-9538-7a6d36474688@group-303A2581FB0E: receive requestVote(ELECTION, 126ab421-4020-4271-89f3-e896157a4564, group-303A2581FB0E, 6, (t:0, i:0))
2022-03-03 07:24:26,001 [grpc-default-executor-3] INFO  impl.VoteContext (VoteContext.java:log(48)) - 5d798457-e9ee-4751-9538-7a6d36474688@group-303A2581FB0E-FOLLOWER: reject ELECTION from 126ab421-4020-4271-89f3-e896157a4564: our priority 1 > candidate's priority 0
2022-03-03 07:24:26,002 [grpc-default-executor-3] INFO  server.RaftServer$Division (RaftServerImpl.java:setRole(290)) - 5d798457-e9ee-4751-9538-7a6d36474688@group-303A2581FB0E: changes role from  FOLLOWER to FOLLOWER at term 6 for candidate:126ab421-4020-4271-89f3-e896157a4564
2022-03-03 07:24:26,002 [grpc-default-executor-3] INFO  impl.RoleInfo (RoleInfo.java:shutdownFollowerState(108)) - 5d798457-e9ee-4751-9538-7a6d36474688: shutdown 5d798457-e9ee-4751-9538-7a6d36474688@group-303A2581FB0E-FollowerState
2022-03-03 07:24:26,006 [grpc-default-executor-3] INFO  impl.RoleInfo (RoleInfo.java:updateAndGet(130)) - 5d798457-e9ee-4751-9538-7a6d36474688: start 5d798457-e9ee-4751-9538-7a6d36474688@group-303A2581FB0E-FollowerState
2022-03-03 07:24:26,006 [5d798457-e9ee-4751-9538-7a6d36474688@group-303A2581FB0E-FollowerState] INFO  impl.FollowerState (FollowerState.java:run(143)) - 5d798457-e9ee-4751-9538-7a6d36474688@group-303A2581FB0E-FollowerState was interrupted: {}
java.lang.InterruptedException: sleep interrupted
	at java.lang.Thread.sleep(Native Method)
	at java.lang.Thread.sleep(Thread.java:342)
	at java.util.concurrent.TimeUnit.sleep(TimeUnit.java:386)
	at org.apache.ratis.util.TimeDuration.sleep(TimeDuration.java:324)
	at org.apache.ratis.util.TimeDuration.sleep(TimeDuration.java:309)
	at org.apache.ratis.server.impl.FollowerState.run(FollowerState.java:118)
2022-03-03 07:24:26,007 [grpc-default-executor-4] INFO  server.RaftServer$Division (RaftServerImpl.java:requestVote(1078)) - f349b4ca-06a6-4713-ab55-585a61bac57c@group-303A2581FB0E replies to ELECTION vote request: 126ab421-4020-4271-89f3-e896157a4564<-f349b4ca-06a6-4713-ab55-585a61bac57c#0:OK-t6. Peer's state: f349b4ca-06a6-4713-ab55-585a61bac57c@group-303A2581FB0E:t6, leader=null, voted=126ab421-4020-4271-89f3-e896157a4564, raftlog=f349b4ca-06a6-4713-ab55-585a61bac57c@group-303A2581FB0E-SegmentedRaftLog:OPENED:c-1, conf=-1: [126ab421-4020-4271-89f3-e896157a4564|rpc:10.1.0.15:39419|dataStream:|priority:0, f349b4ca-06a6-4713-ab55-585a61bac57c|rpc:10.1.0.15:45745|dataStream:|priority:0, 5d798457-e9ee-4751-9538-7a6d36474688|rpc:10.1.0.15:41069|dataStream:|priority:1], old=null
2022-03-03 07:24:26,010 [grpc-default-executor-3] INFO  server.RaftServer$Division (RaftServerImpl.java:requestVote(1078)) - 5d798457-e9ee-4751-9538-7a6d36474688@group-303A2581FB0E replies to ELECTION vote request: 126ab421-4020-4271-89f3-e896157a4564<-5d798457-e9ee-4751-9538-7a6d36474688#0:FAIL-t6. Peer's state: 5d798457-e9ee-4751-9538-7a6d36474688@group-303A2581FB0E:t6, leader=null, voted=null, raftlog=5d798457-e9ee-4751-9538-7a6d36474688@group-303A2581FB0E-SegmentedRaftLog:OPENED:c-1, conf=-1: [126ab421-4020-4271-89f3-e896157a4564|rpc:10.1.0.15:39419|priority:0, f349b4ca-06a6-4713-ab55-585a61bac57c|rpc:10.1.0.15:45745|priority:0, 5d798457-e9ee-4751-9538-7a6d36474688|rpc:10.1.0.15:41069|priority:1], old=null
2022-03-03 07:24:26,012 [126ab421-4020-4271-89f3-e896157a4564@group-303A2581FB0E-LeaderElection17] INFO  impl.LeaderElection (LeaderElection.java:logAndReturn(89)) - 126ab421-4020-4271-89f3-e896157a4564@group-303A2581FB0E-LeaderElection17: ELECTION REJECTED received 2 response(s) and 0 exception(s):
2022-03-03 07:24:26,012 [126ab421-4020-4271-89f3-e896157a4564@group-303A2581FB0E-LeaderElection17] INFO  impl.LeaderElection (LeaderElection.java:logAndReturn(93)) -   Response 0: 126ab421-4020-4271-89f3-e896157a4564<-f349b4ca-06a6-4713-ab55-585a61bac57c#0:OK-t6
2022-03-03 07:24:26,013 [126ab421-4020-4271-89f3-e896157a4564@group-303A2581FB0E-LeaderElection17] INFO  impl.LeaderElection (LeaderElection.java:logAndReturn(93)) -   Response 1: 126ab421-4020-4271-89f3-e896157a4564<-5d798457-e9ee-4751-9538-7a6d36474688#0:FAIL-t6
2022-03-03 07:24:26,013 [126ab421-4020-4271-89f3-e896157a4564@group-303A2581FB0E-LeaderElection17] INFO  impl.LeaderElection (LeaderElection.java:askForVotes(308)) - 126ab421-4020-4271-89f3-e896157a4564@group-303A2581FB0E-LeaderElection17 ELECTION round 0: result REJECTED
2022-03-03 07:24:26,013 [126ab421-4020-4271-89f3-e896157a4564@group-303A2581FB0E-LeaderElection17] INFO  server.RaftServer$Division (RaftServerImpl.java:setRole(290)) - 126ab421-4020-4271-89f3-e896157a4564@group-303A2581FB0E: changes role from CANDIDATE to FOLLOWER at term 6 for REJECTED
2022-03-03 07:24:26,013 [126ab421-4020-4271-89f3-e896157a4564@group-303A2581FB0E-LeaderElection17] INFO  impl.RoleInfo (RoleInfo.java:shutdownLeaderElection(121)) - 126ab421-4020-4271-89f3-e896157a4564: shutdown 126ab421-4020-4271-89f3-e896157a4564@group-303A2581FB0E-LeaderElection17
2022-03-03 07:24:26,013 [126ab421-4020-4271-89f3-e896157a4564@group-303A2581FB0E-LeaderElection17] INFO  impl.RoleInfo (RoleInfo.java:updateAndGet(130)) - 126ab421-4020-4271-89f3-e896157a4564: start 126ab421-4020-4271-89f3-e896157a4564@group-303A2581FB0E-FollowerState
2022-03-03 07:24:31,051 [126ab421-4020-4271-89f3-e896157a4564@group-303A2581FB0E-FollowerState] INFO  impl.FollowerState (FollowerState.java:run(134)) - 126ab421-4020-4271-89f3-e896157a4564@group-303A2581FB0E-FollowerState: change to CANDIDATE, lastRpcElapsedTime:5038133211ns, electionTimeout:5036ms
2022-03-03 07:24:31,052 [126ab421-4020-4271-89f3-e896157a4564@group-303A2581FB0E-FollowerState] INFO  impl.RoleInfo (RoleInfo.java:shutdownFollowerState(108)) - 126ab421-4020-4271-89f3-e896157a4564: shutdown 126ab421-4020-4271-89f3-e896157a4564@group-303A2581FB0E-FollowerState
2022-03-03 07:24:31,052 [126ab421-4020-4271-89f3-e896157a4564@group-303A2581FB0E-FollowerState] INFO  server.RaftServer$Division (RaftServerImpl.java:setRole(290)) - 126ab421-4020-4271-89f3-e896157a4564@group-303A2581FB0E: changes role from  FOLLOWER to CANDIDATE at term 6 for changeToCandidate
2022-03-03 07:24:31,053 [126ab421-4020-4271-89f3-e896157a4564@group-303A2581FB0E-FollowerState] INFO  server.RaftServerConfigKeys (ConfUtils.java:logGet(44)) - raft.server.leaderelection.pre-vote = false (custom)
2022-03-03 07:24:31,053 [126ab421-4020-4271-89f3-e896157a4564@group-303A2581FB0E-FollowerState] INFO  impl.RoleInfo (RoleInfo.java:updateAndGet(130)) - 126ab421-4020-4271-89f3-e896157a4564: start 126ab421-4020-4271-89f3-e896157a4564@group-303A2581FB0E-LeaderElection18
2022-03-03 07:24:31,055 [126ab421-4020-4271-89f3-e896157a4564@group-303A2581FB0E-LeaderElection18] INFO  impl.LeaderElection (LeaderElection.java:askForVotes(306)) - 126ab421-4020-4271-89f3-e896157a4564@group-303A2581FB0E-LeaderElection18 ELECTION round 0: submit vote requests at term 7 for -1: [126ab421-4020-4271-89f3-e896157a4564|rpc:10.1.0.15:39419|priority:0, f349b4ca-06a6-4713-ab55-585a61bac57c|rpc:10.1.0.15:45745|priority:0, 5d798457-e9ee-4751-9538-7a6d36474688|rpc:10.1.0.15:41069|priority:1], old=null
2022-03-03 07:24:31,066 [grpc-default-executor-3] INFO  server.RaftServer$Division (RaftServerImpl.java:requestVote(1046)) - f349b4ca-06a6-4713-ab55-585a61bac57c@group-303A2581FB0E: receive requestVote(ELECTION, 126ab421-4020-4271-89f3-e896157a4564, group-303A2581FB0E, 7, (t:0, i:0))
2022-03-03 07:24:31,066 [grpc-default-executor-3] INFO  impl.VoteContext (VoteContext.java:log(48)) - f349b4ca-06a6-4713-ab55-585a61bac57c@group-303A2581FB0E-FOLLOWER: accept ELECTION from 126ab421-4020-4271-89f3-e896157a4564: our priority 0 <= candidate's priority 0
2022-03-03 07:24:31,066 [grpc-default-executor-3] INFO  server.RaftServer$Division (RaftServerImpl.java:setRole(290)) - f349b4ca-06a6-4713-ab55-585a61bac57c@group-303A2581FB0E: changes role from  FOLLOWER to FOLLOWER at term 7 for candidate:126ab421-4020-4271-89f3-e896157a4564
2022-03-03 07:24:31,066 [grpc-default-executor-3] INFO  impl.RoleInfo (RoleInfo.java:shutdownFollowerState(108)) - f349b4ca-06a6-4713-ab55-585a61bac57c: shutdown f349b4ca-06a6-4713-ab55-585a61bac57c@group-303A2581FB0E-FollowerState
2022-03-03 07:24:31,066 [grpc-default-executor-3] INFO  impl.RoleInfo (RoleInfo.java:updateAndGet(130)) - f349b4ca-06a6-4713-ab55-585a61bac57c: start f349b4ca-06a6-4713-ab55-585a61bac57c@group-303A2581FB0E-FollowerState
2022-03-03 07:24:31,066 [f349b4ca-06a6-4713-ab55-585a61bac57c@group-303A2581FB0E-FollowerState] INFO  impl.FollowerState (FollowerState.java:run(143)) - f349b4ca-06a6-4713-ab55-585a61bac57c@group-303A2581FB0E-FollowerState was interrupted: {}
java.lang.InterruptedException: sleep interrupted
	at java.lang.Thread.sleep(Native Method)
	at java.lang.Thread.sleep(Thread.java:342)
	at java.util.concurrent.TimeUnit.sleep(TimeUnit.java:386)
	at org.apache.ratis.util.TimeDuration.sleep(TimeDuration.java:324)
	at org.apache.ratis.util.TimeDuration.sleep(TimeDuration.java:309)
	at org.apache.ratis.server.impl.FollowerState.run(FollowerState.java:118)
2022-03-03 07:24:31,069 [grpc-default-executor-3] INFO  server.RaftServer$Division (RaftServerImpl.java:requestVote(1078)) - f349b4ca-06a6-4713-ab55-585a61bac57c@group-303A2581FB0E replies to ELECTION vote request: 126ab421-4020-4271-89f3-e896157a4564<-f349b4ca-06a6-4713-ab55-585a61bac57c#0:OK-t7. Peer's state: f349b4ca-06a6-4713-ab55-585a61bac57c@group-303A2581FB0E:t7, leader=null, voted=126ab421-4020-4271-89f3-e896157a4564, raftlog=f349b4ca-06a6-4713-ab55-585a61bac57c@group-303A2581FB0E-SegmentedRaftLog:OPENED:c-1, conf=-1: [126ab421-4020-4271-89f3-e896157a4564|rpc:10.1.0.15:39419|dataStream:|priority:0, f349b4ca-06a6-4713-ab55-585a61bac57c|rpc:10.1.0.15:45745|dataStream:|priority:0, 5d798457-e9ee-4751-9538-7a6d36474688|rpc:10.1.0.15:41069|dataStream:|priority:1], old=null
2022-03-03 07:24:31,071 [grpc-default-executor-4] INFO  server.RaftServer$Division (RaftServerImpl.java:requestVote(1046)) - 5d798457-e9ee-4751-9538-7a6d36474688@group-303A2581FB0E: receive requestVote(ELECTION, 126ab421-4020-4271-89f3-e896157a4564, group-303A2581FB0E, 7, (t:0, i:0))
2022-03-03 07:24:31,071 [grpc-default-executor-4] INFO  impl.VoteContext (VoteContext.java:log(48)) - 5d798457-e9ee-4751-9538-7a6d36474688@group-303A2581FB0E-FOLLOWER: reject ELECTION from 126ab421-4020-4271-89f3-e896157a4564: our priority 1 > candidate's priority 0
2022-03-03 07:24:31,071 [grpc-default-executor-4] INFO  server.RaftServer$Division (RaftServerImpl.java:setRole(290)) - 5d798457-e9ee-4751-9538-7a6d36474688@group-303A2581FB0E: changes role from  FOLLOWER to FOLLOWER at term 7 for candidate:126ab421-4020-4271-89f3-e896157a4564
2022-03-03 07:24:31,071 [grpc-default-executor-4] INFO  impl.RoleInfo (RoleInfo.java:shutdownFollowerState(108)) - 5d798457-e9ee-4751-9538-7a6d36474688: shutdown 5d798457-e9ee-4751-9538-7a6d36474688@group-303A2581FB0E-FollowerState
2022-03-03 07:24:31,071 [grpc-default-executor-4] INFO  impl.RoleInfo (RoleInfo.java:updateAndGet(130)) - 5d798457-e9ee-4751-9538-7a6d36474688: start 5d798457-e9ee-4751-9538-7a6d36474688@group-303A2581FB0E-FollowerState
2022-03-03 07:24:31,071 [5d798457-e9ee-4751-9538-7a6d36474688@group-303A2581FB0E-FollowerState] INFO  impl.FollowerState (FollowerState.java:run(143)) - 5d798457-e9ee-4751-9538-7a6d36474688@group-303A2581FB0E-FollowerState was interrupted: {}
java.lang.InterruptedException: sleep interrupted
	at java.lang.Thread.sleep(Native Method)
	at java.lang.Thread.sleep(Thread.java:342)
	at java.util.concurrent.TimeUnit.sleep(TimeUnit.java:386)
	at org.apache.ratis.util.TimeDuration.sleep(TimeDuration.java:324)
	at org.apache.ratis.util.TimeDuration.sleep(TimeDuration.java:309)
	at org.apache.ratis.server.impl.FollowerState.run(FollowerState.java:118)
2022-03-03 07:24:31,078 [grpc-default-executor-4] INFO  server.RaftServer$Division (RaftServerImpl.java:requestVote(1078)) - 5d798457-e9ee-4751-9538-7a6d36474688@group-303A2581FB0E replies to ELECTION vote request: 126ab421-4020-4271-89f3-e896157a4564<-5d798457-e9ee-4751-9538-7a6d36474688#0:FAIL-t7. Peer's state: 5d798457-e9ee-4751-9538-7a6d36474688@group-303A2581FB0E:t7, leader=null, voted=null, raftlog=5d798457-e9ee-4751-9538-7a6d36474688@group-303A2581FB0E-SegmentedRaftLog:OPENED:c-1, conf=-1: [126ab421-4020-4271-89f3-e896157a4564|rpc:10.1.0.15:39419|priority:0, f349b4ca-06a6-4713-ab55-585a61bac57c|rpc:10.1.0.15:45745|priority:0, 5d798457-e9ee-4751-9538-7a6d36474688|rpc:10.1.0.15:41069|priority:1], old=null
2022-03-03 07:24:31,079 [126ab421-4020-4271-89f3-e896157a4564@group-303A2581FB0E-LeaderElection18] INFO  impl.LeaderElection (LeaderElection.java:logAndReturn(89)) - 126ab421-4020-4271-89f3-e896157a4564@group-303A2581FB0E-LeaderElection18: ELECTION REJECTED received 2 response(s) and 0 exception(s):
2022-03-03 07:24:31,079 [126ab421-4020-4271-89f3-e896157a4564@group-303A2581FB0E-LeaderElection18] INFO  impl.LeaderElection (LeaderElection.java:logAndReturn(93)) -   Response 0: 126ab421-4020-4271-89f3-e896157a4564<-f349b4ca-06a6-4713-ab55-585a61bac57c#0:OK-t7
2022-03-03 07:24:31,080 [126ab421-4020-4271-89f3-e896157a4564@group-303A2581FB0E-LeaderElection18] INFO  impl.LeaderElection (LeaderElection.java:logAndReturn(93)) -   Response 1: 126ab421-4020-4271-89f3-e896157a4564<-5d798457-e9ee-4751-9538-7a6d36474688#0:FAIL-t7
2022-03-03 07:24:31,080 [126ab421-4020-4271-89f3-e896157a4564@group-303A2581FB0E-LeaderElection18] INFO  impl.LeaderElection (LeaderElection.java:askForVotes(308)) - 126ab421-4020-4271-89f3-e896157a4564@group-303A2581FB0E-LeaderElection18 ELECTION round 0: result REJECTED
2022-03-03 07:24:31,080 [126ab421-4020-4271-89f3-e896157a4564@group-303A2581FB0E-LeaderElection18] INFO  server.RaftServer$Division (RaftServerImpl.java:setRole(290)) - 126ab421-4020-4271-89f3-e896157a4564@group-303A2581FB0E: changes role from CANDIDATE to FOLLOWER at term 7 for REJECTED
2022-03-03 07:24:31,080 [126ab421-4020-4271-89f3-e896157a4564@group-303A2581FB0E-LeaderElection18] INFO  impl.RoleInfo (RoleInfo.java:shutdownLeaderElection(121)) - 126ab421-4020-4271-89f3-e896157a4564: shutdown 126ab421-4020-4271-89f3-e896157a4564@group-303A2581FB0E-LeaderElection18
2022-03-03 07:24:31,081 [126ab421-4020-4271-89f3-e896157a4564@group-303A2581FB0E-LeaderElection18] INFO  impl.RoleInfo (RoleInfo.java:updateAndGet(130)) - 126ab421-4020-4271-89f3-e896157a4564: start 126ab421-4020-4271-89f3-e896157a4564@group-303A2581FB0E-FollowerState
2022-03-03 07:24:36,097 [126ab421-4020-4271-89f3-e896157a4564@group-303A2581FB0E-FollowerState] INFO  impl.FollowerState (FollowerState.java:run(134)) - 126ab421-4020-4271-89f3-e896157a4564@group-303A2581FB0E-FollowerState: change to CANDIDATE, lastRpcElapsedTime:5016588968ns, electionTimeout:5016ms
2022-03-03 07:24:36,098 [126ab421-4020-4271-89f3-e896157a4564@group-303A2581FB0E-FollowerState] INFO  impl.RoleInfo (RoleInfo.java:shutdownFollowerState(108)) - 126ab421-4020-4271-89f3-e896157a4564: shutdown 126ab421-4020-4271-89f3-e896157a4564@group-303A2581FB0E-FollowerState
2022-03-03 07:24:36,098 [126ab421-4020-4271-89f3-e896157a4564@group-303A2581FB0E-FollowerState] INFO  server.RaftServer$Division (RaftServerImpl.java:setRole(290)) - 126ab421-4020-4271-89f3-e896157a4564@group-303A2581FB0E: changes role from  FOLLOWER to CANDIDATE at term 7 for changeToCandidate
2022-03-03 07:24:36,098 [126ab421-4020-4271-89f3-e896157a4564@group-303A2581FB0E-FollowerState] INFO  server.RaftServerConfigKeys (ConfUtils.java:logGet(44)) - raft.server.leaderelection.pre-vote = false (custom)
2022-03-03 07:24:36,098 [126ab421-4020-4271-89f3-e896157a4564@group-303A2581FB0E-FollowerState] INFO  impl.RoleInfo (RoleInfo.java:updateAndGet(130)) - 126ab421-4020-4271-89f3-e896157a4564: start 126ab421-4020-4271-89f3-e896157a4564@group-303A2581FB0E-LeaderElection19
2022-03-03 07:24:36,101 [126ab421-4020-4271-89f3-e896157a4564@group-303A2581FB0E-LeaderElection19] INFO  impl.LeaderElection (LeaderElection.java:askForVotes(306)) - 126ab421-4020-4271-89f3-e896157a4564@group-303A2581FB0E-LeaderElection19 ELECTION round 0: submit vote requests at term 8 for -1: [126ab421-4020-4271-89f3-e896157a4564|rpc:10.1.0.15:39419|priority:0, f349b4ca-06a6-4713-ab55-585a61bac57c|rpc:10.1.0.15:45745|priority:0, 5d798457-e9ee-4751-9538-7a6d36474688|rpc:10.1.0.15:41069|priority:1], old=null
2022-03-03 07:24:36,104 [grpc-default-executor-3] INFO  server.RaftServer$Division (RaftServerImpl.java:requestVote(1046)) - f349b4ca-06a6-4713-ab55-585a61bac57c@group-303A2581FB0E: receive requestVote(ELECTION, 126ab421-4020-4271-89f3-e896157a4564, group-303A2581FB0E, 8, (t:0, i:0))
2022-03-03 07:24:36,104 [grpc-default-executor-3] INFO  impl.VoteContext (VoteContext.java:log(48)) - f349b4ca-06a6-4713-ab55-585a61bac57c@group-303A2581FB0E-FOLLOWER: accept ELECTION from 126ab421-4020-4271-89f3-e896157a4564: our priority 0 <= candidate's priority 0
2022-03-03 07:24:36,104 [grpc-default-executor-3] INFO  server.RaftServer$Division (RaftServerImpl.java:setRole(290)) - f349b4ca-06a6-4713-ab55-585a61bac57c@group-303A2581FB0E: changes role from  FOLLOWER to FOLLOWER at term 8 for candidate:126ab421-4020-4271-89f3-e896157a4564
2022-03-03 07:24:36,104 [grpc-default-executor-3] INFO  impl.RoleInfo (RoleInfo.java:shutdownFollowerState(108)) - f349b4ca-06a6-4713-ab55-585a61bac57c: shutdown f349b4ca-06a6-4713-ab55-585a61bac57c@group-303A2581FB0E-FollowerState
2022-03-03 07:24:36,104 [grpc-default-executor-3] INFO  impl.RoleInfo (RoleInfo.java:updateAndGet(130)) - f349b4ca-06a6-4713-ab55-585a61bac57c: start f349b4ca-06a6-4713-ab55-585a61bac57c@group-303A2581FB0E-FollowerState
2022-03-03 07:24:36,105 [f349b4ca-06a6-4713-ab55-585a61bac57c@group-303A2581FB0E-FollowerState] INFO  impl.FollowerState (FollowerState.java:run(143)) - f349b4ca-06a6-4713-ab55-585a61bac57c@group-303A2581FB0E-FollowerState was interrupted: {}
java.lang.InterruptedException: sleep interrupted
	at java.lang.Thread.sleep(Native Method)
	at java.lang.Thread.sleep(Thread.java:342)
	at java.util.concurrent.TimeUnit.sleep(TimeUnit.java:386)
	at org.apache.ratis.util.TimeDuration.sleep(TimeDuration.java:324)
	at org.apache.ratis.util.TimeDuration.sleep(TimeDuration.java:309)
	at org.apache.ratis.server.impl.FollowerState.run(FollowerState.java:118)
2022-03-03 07:24:36,114 [grpc-default-executor-4] INFO  server.RaftServer$Division (RaftServerImpl.java:requestVote(1046)) - 5d798457-e9ee-4751-9538-7a6d36474688@group-303A2581FB0E: receive requestVote(ELECTION, 126ab421-4020-4271-89f3-e896157a4564, group-303A2581FB0E, 8, (t:0, i:0))
2022-03-03 07:24:36,114 [grpc-default-executor-4] INFO  impl.VoteContext (VoteContext.java:log(48)) - 5d798457-e9ee-4751-9538-7a6d36474688@group-303A2581FB0E-FOLLOWER: reject ELECTION from 126ab421-4020-4271-89f3-e896157a4564: our priority 1 > candidate's priority 0
2022-03-03 07:24:36,114 [grpc-default-executor-3] INFO  server.RaftServer$Division (RaftServerImpl.java:requestVote(1078)) - f349b4ca-06a6-4713-ab55-585a61bac57c@group-303A2581FB0E replies to ELECTION vote request: 126ab421-4020-4271-89f3-e896157a4564<-f349b4ca-06a6-4713-ab55-585a61bac57c#0:OK-t8. Peer's state: f349b4ca-06a6-4713-ab55-585a61bac57c@group-303A2581FB0E:t8, leader=null, voted=126ab421-4020-4271-89f3-e896157a4564, raftlog=f349b4ca-06a6-4713-ab55-585a61bac57c@group-303A2581FB0E-SegmentedRaftLog:OPENED:c-1, conf=-1: [126ab421-4020-4271-89f3-e896157a4564|rpc:10.1.0.15:39419|dataStream:|priority:0, f349b4ca-06a6-4713-ab55-585a61bac57c|rpc:10.1.0.15:45745|dataStream:|priority:0, 5d798457-e9ee-4751-9538-7a6d36474688|rpc:10.1.0.15:41069|dataStream:|priority:1], old=null
2022-03-03 07:24:36,114 [grpc-default-executor-4] INFO  server.RaftServer$Division (RaftServerImpl.java:setRole(290)) - 5d798457-e9ee-4751-9538-7a6d36474688@group-303A2581FB0E: changes role from  FOLLOWER to FOLLOWER at term 8 for candidate:126ab421-4020-4271-89f3-e896157a4564
2022-03-03 07:24:36,114 [grpc-default-executor-4] INFO  impl.RoleInfo (RoleInfo.java:shutdownFollowerState(108)) - 5d798457-e9ee-4751-9538-7a6d36474688: shutdown 5d798457-e9ee-4751-9538-7a6d36474688@group-303A2581FB0E-FollowerState
2022-03-03 07:24:36,114 [grpc-default-executor-4] INFO  impl.RoleInfo (RoleInfo.java:updateAndGet(130)) - 5d798457-e9ee-4751-9538-7a6d36474688: start 5d798457-e9ee-4751-9538-7a6d36474688@group-303A2581FB0E-FollowerState
2022-03-03 07:24:36,114 [5d798457-e9ee-4751-9538-7a6d36474688@group-303A2581FB0E-FollowerState] INFO  impl.FollowerState (FollowerState.java:run(143)) - 5d798457-e9ee-4751-9538-7a6d36474688@group-303A2581FB0E-FollowerState was interrupted: {}
java.lang.InterruptedException: sleep interrupted
	at java.lang.Thread.sleep(Native Method)
	at java.lang.Thread.sleep(Thread.java:342)
	at java.util.concurrent.TimeUnit.sleep(TimeUnit.java:386)
	at org.apache.ratis.util.TimeDuration.sleep(TimeDuration.java:324)
	at org.apache.ratis.util.TimeDuration.sleep(TimeDuration.java:309)
	at org.apache.ratis.server.impl.FollowerState.run(FollowerState.java:118)
2022-03-03 07:24:36,118 [grpc-default-executor-4] INFO  server.RaftServer$Division (RaftServerImpl.java:requestVote(1078)) - 5d798457-e9ee-4751-9538-7a6d36474688@group-303A2581FB0E replies to ELECTION vote request: 126ab421-4020-4271-89f3-e896157a4564<-5d798457-e9ee-4751-9538-7a6d36474688#0:FAIL-t8. Peer's state: 5d798457-e9ee-4751-9538-7a6d36474688@group-303A2581FB0E:t8, leader=null, voted=null, raftlog=5d798457-e9ee-4751-9538-7a6d36474688@group-303A2581FB0E-SegmentedRaftLog:OPENED:c-1, conf=-1: [126ab421-4020-4271-89f3-e896157a4564|rpc:10.1.0.15:39419|priority:0, f349b4ca-06a6-4713-ab55-585a61bac57c|rpc:10.1.0.15:45745|priority:0, 5d798457-e9ee-4751-9538-7a6d36474688|rpc:10.1.0.15:41069|priority:1], old=null
2022-03-03 07:24:36,119 [126ab421-4020-4271-89f3-e896157a4564@group-303A2581FB0E-LeaderElection19] INFO  impl.LeaderElection (LeaderElection.java:logAndReturn(89)) - 126ab421-4020-4271-89f3-e896157a4564@group-303A2581FB0E-LeaderElection19: ELECTION REJECTED received 2 response(s) and 0 exception(s):
2022-03-03 07:24:36,119 [126ab421-4020-4271-89f3-e896157a4564@group-303A2581FB0E-LeaderElection19] INFO  impl.LeaderElection (LeaderElection.java:logAndReturn(93)) -   Response 0: 126ab421-4020-4271-89f3-e896157a4564<-f349b4ca-06a6-4713-ab55-585a61bac57c#0:OK-t8
2022-03-03 07:24:36,119 [126ab421-4020-4271-89f3-e896157a4564@group-303A2581FB0E-LeaderElection19] INFO  impl.LeaderElection (LeaderElection.java:logAndReturn(93)) -   Response 1: 126ab421-4020-4271-89f3-e896157a4564<-5d798457-e9ee-4751-9538-7a6d36474688#0:FAIL-t8
2022-03-03 07:24:36,119 [126ab421-4020-4271-89f3-e896157a4564@group-303A2581FB0E-LeaderElection19] INFO  impl.LeaderElection (LeaderElection.java:askForVotes(308)) - 126ab421-4020-4271-89f3-e896157a4564@group-303A2581FB0E-LeaderElection19 ELECTION round 0: result REJECTED
2022-03-03 07:24:36,119 [126ab421-4020-4271-89f3-e896157a4564@group-303A2581FB0E-LeaderElection19] INFO  server.RaftServer$Division (RaftServerImpl.java:setRole(290)) - 126ab421-4020-4271-89f3-e896157a4564@group-303A2581FB0E: changes role from CANDIDATE to FOLLOWER at term 8 for REJECTED
2022-03-03 07:24:36,119 [126ab421-4020-4271-89f3-e896157a4564@group-303A2581FB0E-LeaderElection19] INFO  impl.RoleInfo (RoleInfo.java:shutdownLeaderElection(121)) - 126ab421-4020-4271-89f3-e896157a4564: shutdown 126ab421-4020-4271-89f3-e896157a4564@group-303A2581FB0E-LeaderElection19
2022-03-03 07:24:36,119 [126ab421-4020-4271-89f3-e896157a4564@group-303A2581FB0E-LeaderElection19] INFO  impl.RoleInfo (RoleInfo.java:updateAndGet(130)) - 126ab421-4020-4271-89f3-e896157a4564: start 126ab421-4020-4271-89f3-e896157a4564@group-303A2581FB0E-FollowerState
2022-03-03 07:24:41,170 [f349b4ca-06a6-4713-ab55-585a61bac57c@group-303A2581FB0E-FollowerState] INFO  impl.FollowerState (FollowerState.java:run(134)) - f349b4ca-06a6-4713-ab55-585a61bac57c@group-303A2581FB0E-FollowerState: change to CANDIDATE, lastRpcElapsedTime:5055761556ns, electionTimeout:5055ms
2022-03-03 07:24:41,171 [f349b4ca-06a6-4713-ab55-585a61bac57c@group-303A2581FB0E-FollowerState] INFO  impl.RoleInfo (RoleInfo.java:shutdownFollowerState(108)) - f349b4ca-06a6-4713-ab55-585a61bac57c: shutdown f349b4ca-06a6-4713-ab55-585a61bac57c@group-303A2581FB0E-FollowerState
2022-03-03 07:24:41,171 [f349b4ca-06a6-4713-ab55-585a61bac57c@group-303A2581FB0E-FollowerState] INFO  server.RaftServer$Division (RaftServerImpl.java:setRole(290)) - f349b4ca-06a6-4713-ab55-585a61bac57c@group-303A2581FB0E: changes role from  FOLLOWER to CANDIDATE at term 8 for changeToCandidate
2022-03-03 07:24:41,171 [f349b4ca-06a6-4713-ab55-585a61bac57c@group-303A2581FB0E-FollowerState] INFO  server.RaftServerConfigKeys (ConfUtils.java:logGet(44)) - raft.server.leaderelection.pre-vote = false (custom)
2022-03-03 07:24:41,171 [f349b4ca-06a6-4713-ab55-585a61bac57c@group-303A2581FB0E-FollowerState] INFO  impl.RoleInfo (RoleInfo.java:updateAndGet(130)) - f349b4ca-06a6-4713-ab55-585a61bac57c: start f349b4ca-06a6-4713-ab55-585a61bac57c@group-303A2581FB0E-LeaderElection20
2022-03-03 07:24:41,173 [f349b4ca-06a6-4713-ab55-585a61bac57c@group-303A2581FB0E-LeaderElection20] INFO  impl.LeaderElection (LeaderElection.java:askForVotes(306)) - f349b4ca-06a6-4713-ab55-585a61bac57c@group-303A2581FB0E-LeaderElection20 ELECTION round 0: submit vote requests at term 9 for -1: [126ab421-4020-4271-89f3-e896157a4564|rpc:10.1.0.15:39419|dataStream:|priority:0, f349b4ca-06a6-4713-ab55-585a61bac57c|rpc:10.1.0.15:45745|dataStream:|priority:0, 5d798457-e9ee-4751-9538-7a6d36474688|rpc:10.1.0.15:41069|dataStream:|priority:1], old=null
2022-03-03 07:24:41,176 [grpc-default-executor-4] INFO  server.RaftServer$Division (RaftServerImpl.java:requestVote(1046)) - 126ab421-4020-4271-89f3-e896157a4564@group-303A2581FB0E: receive requestVote(ELECTION, f349b4ca-06a6-4713-ab55-585a61bac57c, group-303A2581FB0E, 9, (t:0, i:0))
2022-03-03 07:24:41,176 [grpc-default-executor-4] INFO  impl.VoteContext (VoteContext.java:log(48)) - 126ab421-4020-4271-89f3-e896157a4564@group-303A2581FB0E-FOLLOWER: accept ELECTION from f349b4ca-06a6-4713-ab55-585a61bac57c: our priority 0 <= candidate's priority 0
2022-03-03 07:24:41,176 [grpc-default-executor-4] INFO  server.RaftServer$Division (RaftServerImpl.java:setRole(290)) - 126ab421-4020-4271-89f3-e896157a4564@group-303A2581FB0E: changes role from  FOLLOWER to FOLLOWER at term 9 for candidate:f349b4ca-06a6-4713-ab55-585a61bac57c
2022-03-03 07:24:41,176 [grpc-default-executor-4] INFO  impl.RoleInfo (RoleInfo.java:shutdownFollowerState(108)) - 126ab421-4020-4271-89f3-e896157a4564: shutdown 126ab421-4020-4271-89f3-e896157a4564@group-303A2581FB0E-FollowerState
2022-03-03 07:24:41,176 [grpc-default-executor-4] INFO  impl.RoleInfo (RoleInfo.java:updateAndGet(130)) - 126ab421-4020-4271-89f3-e896157a4564: start 126ab421-4020-4271-89f3-e896157a4564@group-303A2581FB0E-FollowerState
2022-03-03 07:24:41,177 [126ab421-4020-4271-89f3-e896157a4564@group-303A2581FB0E-FollowerState] INFO  impl.FollowerState (FollowerState.java:run(143)) - 126ab421-4020-4271-89f3-e896157a4564@group-303A2581FB0E-FollowerState was interrupted: {}
java.lang.InterruptedException: sleep interrupted
	at java.lang.Thread.sleep(Native Method)
	at java.lang.Thread.sleep(Thread.java:342)
	at java.util.concurrent.TimeUnit.sleep(TimeUnit.java:386)
	at org.apache.ratis.util.TimeDuration.sleep(TimeDuration.java:324)
	at org.apache.ratis.util.TimeDuration.sleep(TimeDuration.java:309)
	at org.apache.ratis.server.impl.FollowerState.run(FollowerState.java:118)
2022-03-03 07:24:41,181 [grpc-default-executor-3] INFO  server.RaftServer$Division (RaftServerImpl.java:requestVote(1046)) - 5d798457-e9ee-4751-9538-7a6d36474688@group-303A2581FB0E: receive requestVote(ELECTION, f349b4ca-06a6-4713-ab55-585a61bac57c, group-303A2581FB0E, 9, (t:0, i:0))
2022-03-03 07:24:41,185 [grpc-default-executor-3] INFO  impl.VoteContext (VoteContext.java:log(48)) - 5d798457-e9ee-4751-9538-7a6d36474688@group-303A2581FB0E-FOLLOWER: reject ELECTION from f349b4ca-06a6-4713-ab55-585a61bac57c: our priority 1 > candidate's priority 0
2022-03-03 07:24:41,185 [grpc-default-executor-3] INFO  server.RaftServer$Division (RaftServerImpl.java:setRole(290)) - 5d798457-e9ee-4751-9538-7a6d36474688@group-303A2581FB0E: changes role from  FOLLOWER to FOLLOWER at term 9 for candidate:f349b4ca-06a6-4713-ab55-585a61bac57c
2022-03-03 07:24:41,185 [grpc-default-executor-3] INFO  impl.RoleInfo (RoleInfo.java:shutdownFollowerState(108)) - 5d798457-e9ee-4751-9538-7a6d36474688: shutdown 5d798457-e9ee-4751-9538-7a6d36474688@group-303A2581FB0E-FollowerState
2022-03-03 07:24:41,185 [grpc-default-executor-3] INFO  impl.RoleInfo (RoleInfo.java:updateAndGet(130)) - 5d798457-e9ee-4751-9538-7a6d36474688: start 5d798457-e9ee-4751-9538-7a6d36474688@group-303A2581FB0E-FollowerState
2022-03-03 07:24:41,185 [5d798457-e9ee-4751-9538-7a6d36474688@group-303A2581FB0E-FollowerState] INFO  impl.FollowerState (FollowerState.java:run(143)) - 5d798457-e9ee-4751-9538-7a6d36474688@group-303A2581FB0E-FollowerState was interrupted: {}
java.lang.InterruptedException: sleep interrupted
	at java.lang.Thread.sleep(Native Method)
	at java.lang.Thread.sleep(Thread.java:342)
	at java.util.concurrent.TimeUnit.sleep(TimeUnit.java:386)
	at org.apache.ratis.util.TimeDuration.sleep(TimeDuration.java:324)
	at org.apache.ratis.util.TimeDuration.sleep(TimeDuration.java:309)
	at org.apache.ratis.server.impl.FollowerState.run(FollowerState.java:118)
2022-03-03 07:24:41,192 [grpc-default-executor-4] INFO  server.RaftServer$Division (RaftServerImpl.java:requestVote(1078)) - 126ab421-4020-4271-89f3-e896157a4564@group-303A2581FB0E replies to ELECTION vote request: f349b4ca-06a6-4713-ab55-585a61bac57c<-126ab421-4020-4271-89f3-e896157a4564#0:OK-t9. Peer's state: 126ab421-4020-4271-89f3-e896157a4564@group-303A2581FB0E:t9, leader=null, voted=f349b4ca-06a6-4713-ab55-585a61bac57c, raftlog=126ab421-4020-4271-89f3-e896157a4564@group-303A2581FB0E-SegmentedRaftLog:OPENED:c-1, conf=-1: [126ab421-4020-4271-89f3-e896157a4564|rpc:10.1.0.15:39419|priority:0, f349b4ca-06a6-4713-ab55-585a61bac57c|rpc:10.1.0.15:45745|priority:0, 5d798457-e9ee-4751-9538-7a6d36474688|rpc:10.1.0.15:41069|priority:1], old=null
2022-03-03 07:24:41,194 [grpc-default-executor-3] INFO  server.RaftServer$Division (RaftServerImpl.java:requestVote(1078)) - 5d798457-e9ee-4751-9538-7a6d36474688@group-303A2581FB0E replies to ELECTION vote request: f349b4ca-06a6-4713-ab55-585a61bac57c<-5d798457-e9ee-4751-9538-7a6d36474688#0:FAIL-t9. Peer's state: 5d798457-e9ee-4751-9538-7a6d36474688@group-303A2581FB0E:t9, leader=null, voted=null, raftlog=5d798457-e9ee-4751-9538-7a6d36474688@group-303A2581FB0E-SegmentedRaftLog:OPENED:c-1, conf=-1: [126ab421-4020-4271-89f3-e896157a4564|rpc:10.1.0.15:39419|priority:0, f349b4ca-06a6-4713-ab55-585a61bac57c|rpc:10.1.0.15:45745|priority:0, 5d798457-e9ee-4751-9538-7a6d36474688|rpc:10.1.0.15:41069|priority:1], old=null
2022-03-03 07:24:41,195 [f349b4ca-06a6-4713-ab55-585a61bac57c@group-303A2581FB0E-LeaderElection20] INFO  impl.LeaderElection (LeaderElection.java:logAndReturn(89)) - f349b4ca-06a6-4713-ab55-585a61bac57c@group-303A2581FB0E-LeaderElection20: ELECTION REJECTED received 2 response(s) and 0 exception(s):
2022-03-03 07:24:41,196 [f349b4ca-06a6-4713-ab55-585a61bac57c@group-303A2581FB0E-LeaderElection20] INFO  impl.LeaderElection (LeaderElection.java:logAndReturn(93)) -   Response 0: f349b4ca-06a6-4713-ab55-585a61bac57c<-126ab421-4020-4271-89f3-e896157a4564#0:OK-t9
2022-03-03 07:24:41,196 [f349b4ca-06a6-4713-ab55-585a61bac57c@group-303A2581FB0E-LeaderElection20] INFO  impl.LeaderElection (LeaderElection.java:logAndReturn(93)) -   Response 1: f349b4ca-06a6-4713-ab55-585a61bac57c<-5d798457-e9ee-4751-9538-7a6d36474688#0:FAIL-t9
2022-03-03 07:24:41,196 [f349b4ca-06a6-4713-ab55-585a61bac57c@group-303A2581FB0E-LeaderElection20] INFO  impl.LeaderElection (LeaderElection.java:askForVotes(308)) - f349b4ca-06a6-4713-ab55-585a61bac57c@group-303A2581FB0E-LeaderElection20 ELECTION round 0: result REJECTED
2022-03-03 07:24:41,197 [f349b4ca-06a6-4713-ab55-585a61bac57c@group-303A2581FB0E-LeaderElection20] INFO  server.RaftServer$Division (RaftServerImpl.java:setRole(290)) - f349b4ca-06a6-4713-ab55-585a61bac57c@group-303A2581FB0E: changes role from CANDIDATE to FOLLOWER at term 9 for REJECTED
2022-03-03 07:24:41,197 [f349b4ca-06a6-4713-ab55-585a61bac57c@group-303A2581FB0E-LeaderElection20] INFO  impl.RoleInfo (RoleInfo.java:shutdownLeaderElection(121)) - f349b4ca-06a6-4713-ab55-585a61bac57c: shutdown f349b4ca-06a6-4713-ab55-585a61bac57c@group-303A2581FB0E-LeaderElection20
2022-03-03 07:24:41,197 [f349b4ca-06a6-4713-ab55-585a61bac57c@group-303A2581FB0E-LeaderElection20] INFO  impl.RoleInfo (RoleInfo.java:updateAndGet(130)) - f349b4ca-06a6-4713-ab55-585a61bac57c: start f349b4ca-06a6-4713-ab55-585a61bac57c@group-303A2581FB0E-FollowerState
2022-03-03 07:24:46,247 [5d798457-e9ee-4751-9538-7a6d36474688@group-303A2581FB0E-FollowerState] INFO  impl.FollowerState (FollowerState.java:run(134)) - 5d798457-e9ee-4751-9538-7a6d36474688@group-303A2581FB0E-FollowerState: change to CANDIDATE, lastRpcElapsedTime:5062412554ns, electionTimeout:5055ms
2022-03-03 07:24:46,249 [5d798457-e9ee-4751-9538-7a6d36474688@group-303A2581FB0E-FollowerState] INFO  impl.RoleInfo (RoleInfo.java:shutdownFollowerState(108)) - 5d798457-e9ee-4751-9538-7a6d36474688: shutdown 5d798457-e9ee-4751-9538-7a6d36474688@group-303A2581FB0E-FollowerState
2022-03-03 07:24:46,249 [5d798457-e9ee-4751-9538-7a6d36474688@group-303A2581FB0E-FollowerState] INFO  server.RaftServer$Division (RaftServerImpl.java:setRole(290)) - 5d798457-e9ee-4751-9538-7a6d36474688@group-303A2581FB0E: changes role from  FOLLOWER to CANDIDATE at term 9 for changeToCandidate
2022-03-03 07:24:46,249 [5d798457-e9ee-4751-9538-7a6d36474688@group-303A2581FB0E-FollowerState] INFO  server.RaftServerConfigKeys (ConfUtils.java:logGet(44)) - raft.server.leaderelection.pre-vote = false (custom)
2022-03-03 07:24:46,249 [5d798457-e9ee-4751-9538-7a6d36474688@group-303A2581FB0E-FollowerState] INFO  impl.RoleInfo (RoleInfo.java:updateAndGet(130)) - 5d798457-e9ee-4751-9538-7a6d36474688: start 5d798457-e9ee-4751-9538-7a6d36474688@group-303A2581FB0E-LeaderElection21
2022-03-03 07:24:46,251 [5d798457-e9ee-4751-9538-7a6d36474688@group-303A2581FB0E-LeaderElection21] INFO  impl.LeaderElection (LeaderElection.java:askForVotes(306)) - 5d798457-e9ee-4751-9538-7a6d36474688@group-303A2581FB0E-LeaderElection21 ELECTION round 0: submit vote requests at term 10 for -1: [126ab421-4020-4271-89f3-e896157a4564|rpc:10.1.0.15:39419|priority:0, f349b4ca-06a6-4713-ab55-585a61bac57c|rpc:10.1.0.15:45745|priority:0, 5d798457-e9ee-4751-9538-7a6d36474688|rpc:10.1.0.15:41069|priority:1], old=null
2022-03-03 07:24:46,259 [grpc-default-executor-3] INFO  server.RaftServer$Division (RaftServerImpl.java:requestVote(1046)) - f349b4ca-06a6-4713-ab55-585a61bac57c@group-303A2581FB0E: receive requestVote(ELECTION, 5d798457-e9ee-4751-9538-7a6d36474688, group-303A2581FB0E, 10, (t:0, i:0))
2022-03-03 07:24:46,259 [grpc-default-executor-3] INFO  impl.VoteContext (VoteContext.java:log(48)) - f349b4ca-06a6-4713-ab55-585a61bac57c@group-303A2581FB0E-FOLLOWER: accept ELECTION from 5d798457-e9ee-4751-9538-7a6d36474688: our priority 0 <= candidate's priority 1
2022-03-03 07:24:46,259 [grpc-default-executor-3] INFO  server.RaftServer$Division (RaftServerImpl.java:setRole(290)) - f349b4ca-06a6-4713-ab55-585a61bac57c@group-303A2581FB0E: changes role from  FOLLOWER to FOLLOWER at term 10 for candidate:5d798457-e9ee-4751-9538-7a6d36474688
2022-03-03 07:24:46,259 [grpc-default-executor-3] INFO  impl.RoleInfo (RoleInfo.java:shutdownFollowerState(108)) - f349b4ca-06a6-4713-ab55-585a61bac57c: shutdown f349b4ca-06a6-4713-ab55-585a61bac57c@group-303A2581FB0E-FollowerState
2022-03-03 07:24:46,259 [grpc-default-executor-3] INFO  impl.RoleInfo (RoleInfo.java:updateAndGet(130)) - f349b4ca-06a6-4713-ab55-585a61bac57c: start f349b4ca-06a6-4713-ab55-585a61bac57c@group-303A2581FB0E-FollowerState
2022-03-03 07:24:46,260 [f349b4ca-06a6-4713-ab55-585a61bac57c@group-303A2581FB0E-FollowerState] INFO  impl.FollowerState (FollowerState.java:run(143)) - f349b4ca-06a6-4713-ab55-585a61bac57c@group-303A2581FB0E-FollowerState was interrupted: {}
java.lang.InterruptedException: sleep interrupted
	at java.lang.Thread.sleep(Native Method)
	at java.lang.Thread.sleep(Thread.java:342)
	at java.util.concurrent.TimeUnit.sleep(TimeUnit.java:386)
	at org.apache.ratis.util.TimeDuration.sleep(TimeDuration.java:324)
	at org.apache.ratis.util.TimeDuration.sleep(TimeDuration.java:309)
	at org.apache.ratis.server.impl.FollowerState.run(FollowerState.java:118)
2022-03-03 07:24:46,262 [grpc-default-executor-3] INFO  server.RaftServer$Division (RaftServerImpl.java:requestVote(1078)) - f349b4ca-06a6-4713-ab55-585a61bac57c@group-303A2581FB0E replies to ELECTION vote request: 5d798457-e9ee-4751-9538-7a6d36474688<-f349b4ca-06a6-4713-ab55-585a61bac57c#0:OK-t10. Peer's state: f349b4ca-06a6-4713-ab55-585a61bac57c@group-303A2581FB0E:t10, leader=null, voted=5d798457-e9ee-4751-9538-7a6d36474688, raftlog=f349b4ca-06a6-4713-ab55-585a61bac57c@group-303A2581FB0E-SegmentedRaftLog:OPENED:c-1, conf=-1: [126ab421-4020-4271-89f3-e896157a4564|rpc:10.1.0.15:39419|dataStream:|priority:0, f349b4ca-06a6-4713-ab55-585a61bac57c|rpc:10.1.0.15:45745|dataStream:|priority:0, 5d798457-e9ee-4751-9538-7a6d36474688|rpc:10.1.0.15:41069|dataStream:|priority:1], old=null
2022-03-03 07:24:46,265 [grpc-default-executor-4] INFO  server.RaftServer$Division (RaftServerImpl.java:requestVote(1046)) - 126ab421-4020-4271-89f3-e896157a4564@group-303A2581FB0E: receive requestVote(ELECTION, 5d798457-e9ee-4751-9538-7a6d36474688, group-303A2581FB0E, 10, (t:0, i:0))
2022-03-03 07:24:46,265 [grpc-default-executor-4] INFO  impl.VoteContext (VoteContext.java:log(48)) - 126ab421-4020-4271-89f3-e896157a4564@group-303A2581FB0E-FOLLOWER: accept ELECTION from 5d798457-e9ee-4751-9538-7a6d36474688: our priority 0 <= candidate's priority 1
2022-03-03 07:24:46,265 [grpc-default-executor-4] INFO  server.RaftServer$Division (RaftServerImpl.java:setRole(290)) - 126ab421-4020-4271-89f3-e896157a4564@group-303A2581FB0E: changes role from  FOLLOWER to FOLLOWER at term 10 for candidate:5d798457-e9ee-4751-9538-7a6d36474688
2022-03-03 07:24:46,265 [grpc-default-executor-4] INFO  impl.RoleInfo (RoleInfo.java:shutdownFollowerState(108)) - 126ab421-4020-4271-89f3-e896157a4564: shutdown 126ab421-4020-4271-89f3-e896157a4564@group-303A2581FB0E-FollowerState
2022-03-03 07:24:46,265 [grpc-default-executor-4] INFO  impl.RoleInfo (RoleInfo.java:updateAndGet(130)) - 126ab421-4020-4271-89f3-e896157a4564: start 126ab421-4020-4271-89f3-e896157a4564@group-303A2581FB0E-FollowerState
2022-03-03 07:24:46,265 [126ab421-4020-4271-89f3-e896157a4564@group-303A2581FB0E-FollowerState] INFO  impl.FollowerState (FollowerState.java:run(143)) - 126ab421-4020-4271-89f3-e896157a4564@group-303A2581FB0E-FollowerState was interrupted: {}
java.lang.InterruptedException: sleep interrupted
	at java.lang.Thread.sleep(Native Method)
	at java.lang.Thread.sleep(Thread.java:342)
	at java.util.concurrent.TimeUnit.sleep(TimeUnit.java:386)
	at org.apache.ratis.util.TimeDuration.sleep(TimeDuration.java:324)
	at org.apache.ratis.util.TimeDuration.sleep(TimeDuration.java:309)
	at org.apache.ratis.server.impl.FollowerState.run(FollowerState.java:118)
2022-03-03 07:24:46,269 [grpc-default-executor-4] INFO  server.RaftServer$Division (RaftServerImpl.java:requestVote(1078)) - 126ab421-4020-4271-89f3-e896157a4564@group-303A2581FB0E replies to ELECTION vote request: 5d798457-e9ee-4751-9538-7a6d36474688<-126ab421-4020-4271-89f3-e896157a4564#0:OK-t10. Peer's state: 126ab421-4020-4271-89f3-e896157a4564@group-303A2581FB0E:t10, leader=null, voted=5d798457-e9ee-4751-9538-7a6d36474688, raftlog=126ab421-4020-4271-89f3-e896157a4564@group-303A2581FB0E-SegmentedRaftLog:OPENED:c-1, conf=-1: [126ab421-4020-4271-89f3-e896157a4564|rpc:10.1.0.15:39419|priority:0, f349b4ca-06a6-4713-ab55-585a61bac57c|rpc:10.1.0.15:45745|priority:0, 5d798457-e9ee-4751-9538-7a6d36474688|rpc:10.1.0.15:41069|priority:1], old=null
2022-03-03 07:24:46,266 [5d798457-e9ee-4751-9538-7a6d36474688@group-303A2581FB0E-LeaderElection21] INFO  impl.LeaderElection (LeaderElection.java:logAndReturn(89)) - 5d798457-e9ee-4751-9538-7a6d36474688@group-303A2581FB0E-LeaderElection21: ELECTION PASSED received 1 response(s) and 0 exception(s):
2022-03-03 07:24:46,271 [5d798457-e9ee-4751-9538-7a6d36474688@group-303A2581FB0E-LeaderElection21] INFO  impl.LeaderElection (LeaderElection.java:logAndReturn(93)) -   Response 0: 5d798457-e9ee-4751-9538-7a6d36474688<-f349b4ca-06a6-4713-ab55-585a61bac57c#0:OK-t10
2022-03-03 07:24:46,271 [5d798457-e9ee-4751-9538-7a6d36474688@group-303A2581FB0E-LeaderElection21] INFO  impl.LeaderElection (LeaderElection.java:askForVotes(308)) - 5d798457-e9ee-4751-9538-7a6d36474688@group-303A2581FB0E-LeaderElection21 ELECTION round 0: result PASSED
2022-03-03 07:24:46,271 [5d798457-e9ee-4751-9538-7a6d36474688@group-303A2581FB0E-LeaderElection21] INFO  impl.RoleInfo (RoleInfo.java:shutdownLeaderElection(121)) - 5d798457-e9ee-4751-9538-7a6d36474688: shutdown 5d798457-e9ee-4751-9538-7a6d36474688@group-303A2581FB0E-LeaderElection21
2022-03-03 07:24:46,271 [5d798457-e9ee-4751-9538-7a6d36474688@group-303A2581FB0E-LeaderElection21] INFO  server.RaftServer$Division (RaftServerImpl.java:setRole(290)) - 5d798457-e9ee-4751-9538-7a6d36474688@group-303A2581FB0E: changes role from CANDIDATE to LEADER at term 10 for changeToLeader
2022-03-03 07:24:46,272 [5d798457-e9ee-4751-9538-7a6d36474688@group-303A2581FB0E-LeaderElection21] INFO  ratis.XceiverServerRatis (XceiverServerRatis.java:handleLeaderChangedNotification(867)) - Leader change notification received for group: group-303A2581FB0E with new leaderId: 5d798457-e9ee-4751-9538-7a6d36474688
2022-03-03 07:24:46,272 [5d798457-e9ee-4751-9538-7a6d36474688@group-303A2581FB0E-LeaderElection21] INFO  server.RaftServer$Division (ServerState.java:setLeader(285)) - 5d798457-e9ee-4751-9538-7a6d36474688@group-303A2581FB0E: change Leader from null to 5d798457-e9ee-4751-9538-7a6d36474688 at term 10 for becomeLeader, leader elected after 50634ms
2022-03-03 07:24:46,272 [5d798457-e9ee-4751-9538-7a6d36474688@group-303A2581FB0E-LeaderElection21] INFO  server.RaftServerConfigKeys (ConfUtils.java:logGet(44)) - raft.server.staging.catchup.gap = 1000 (default)
2022-03-03 07:24:46,272 [5d798457-e9ee-4751-9538-7a6d36474688@group-303A2581FB0E-LeaderElection21] INFO  server.RaftServerConfigKeys (ConfUtils.java:logGet(44)) - raft.server.write.element-limit = 1024 (custom)
2022-03-03 07:24:46,272 [5d798457-e9ee-4751-9538-7a6d36474688@group-303A2581FB0E-LeaderElection21] INFO  server.RaftServerConfigKeys (ConfUtils.java:logGet(44)) - raft.server.write.byte-limit = 1024 M (=1073741824) (custom)
2022-03-03 07:24:46,273 [5d798457-e9ee-4751-9538-7a6d36474688@group-303A2581FB0E-LeaderElection21] INFO  server.RaftServerConfigKeys (ConfUtils.java:logGet(44)) - raft.server.watch.timeout = 180s (custom)
2022-03-03 07:24:46,273 [5d798457-e9ee-4751-9538-7a6d36474688@group-303A2581FB0E-LeaderElection21] INFO  server.RaftServerConfigKeys (ConfUtils.java:logGet(44)) - raft.server.watch.timeout.denomination = 1s (default)
2022-03-03 07:24:46,273 [5d798457-e9ee-4751-9538-7a6d36474688@group-303A2581FB0E-LeaderElection21] INFO  server.RaftServerConfigKeys (ConfUtils.java:logGet(44)) - raft.server.watch.element-limit = 65536 (default)
2022-03-03 07:24:46,273 [5d798457-e9ee-4751-9538-7a6d36474688@group-303A2581FB0E-LeaderElection21] INFO  server.RaftServerConfigKeys (ConfUtils.java:logGet(44)) - raft.server.write.element-limit = 1024 (custom)
2022-03-03 07:24:46,273 [5d798457-e9ee-4751-9538-7a6d36474688@group-303A2581FB0E-LeaderElection21] INFO  server.RaftServerConfigKeys (ConfUtils.java:logGet(44)) - raft.server.write.follower.gap.ratio.max = -1.0 (default)
2022-03-03 07:24:46,273 [5d798457-e9ee-4751-9538-7a6d36474688@group-303A2581FB0E-LeaderElection21] INFO  server.RaftServerConfigKeys (ConfUtils.java:logGet(44)) - raft.server.log.appender.snapshot.chunk.size.max = 16MB (=16777216) (default)
2022-03-03 07:24:46,273 [5d798457-e9ee-4751-9538-7a6d36474688@group-303A2581FB0E-LeaderElection21] INFO  server.RaftServerConfigKeys (ConfUtils.java:logGet(44)) - raft.server.log.appender.buffer.byte-limit = 33554432 (custom)
2022-03-03 07:24:46,273 [5d798457-e9ee-4751-9538-7a6d36474688@group-303A2581FB0E-LeaderElection21] INFO  server.RaftServerConfigKeys (ConfUtils.java:logGet(44)) - raft.server.log.appender.buffer.element-limit = 1 (custom)
2022-03-03 07:24:46,274 [5d798457-e9ee-4751-9538-7a6d36474688@group-303A2581FB0E-LeaderElection21] INFO  grpc.GrpcConfigKeys (ConfUtils.java:logGet(44)) - raft.grpc.server.leader.outstanding.appends.max = 128 (default)
2022-03-03 07:24:46,274 [5d798457-e9ee-4751-9538-7a6d36474688@group-303A2581FB0E-LeaderElection21] INFO  server.RaftServerConfigKeys (ConfUtils.java:logGet(44)) - raft.server.rpc.request.timeout = 60s (custom)
2022-03-03 07:24:46,274 [5d798457-e9ee-4751-9538-7a6d36474688@group-303A2581FB0E-LeaderElection21] INFO  server.RaftServerConfigKeys (ConfUtils.java:logGet(44)) - raft.server.log.appender.install.snapshot.enabled = false (custom)
2022-03-03 07:24:46,275 [5d798457-e9ee-4751-9538-7a6d36474688@group-303A2581FB0E-LeaderElection21] INFO  server.RaftServerConfigKeys (ConfUtils.java:logGet(44)) - raft.server.log.appender.snapshot.chunk.size.max = 16MB (=16777216) (default)
2022-03-03 07:24:46,275 [5d798457-e9ee-4751-9538-7a6d36474688@group-303A2581FB0E-LeaderElection21] INFO  server.RaftServerConfigKeys (ConfUtils.java:logGet(44)) - raft.server.log.appender.buffer.byte-limit = 33554432 (custom)
2022-03-03 07:24:46,275 [5d798457-e9ee-4751-9538-7a6d36474688@group-303A2581FB0E-LeaderElection21] INFO  server.RaftServerConfigKeys (ConfUtils.java:logGet(44)) - raft.server.log.appender.buffer.element-limit = 1 (custom)
2022-03-03 07:24:46,275 [5d798457-e9ee-4751-9538-7a6d36474688@group-303A2581FB0E-LeaderElection21] INFO  grpc.GrpcConfigKeys (ConfUtils.java:logGet(44)) - raft.grpc.server.leader.outstanding.appends.max = 128 (default)
2022-03-03 07:24:46,275 [5d798457-e9ee-4751-9538-7a6d36474688@group-303A2581FB0E-LeaderElection21] INFO  server.RaftServerConfigKeys (ConfUtils.java:logGet(44)) - raft.server.rpc.request.timeout = 60s (custom)
2022-03-03 07:24:46,275 [5d798457-e9ee-4751-9538-7a6d36474688@group-303A2581FB0E-LeaderElection21] INFO  server.RaftServerConfigKeys (ConfUtils.java:logGet(44)) - raft.server.log.appender.install.snapshot.enabled = false (custom)
2022-03-03 07:24:46,276 [5d798457-e9ee-4751-9538-7a6d36474688@group-303A2581FB0E-LeaderElection21] INFO  impl.RoleInfo (RoleInfo.java:updateAndGet(130)) - 5d798457-e9ee-4751-9538-7a6d36474688: start 5d798457-e9ee-4751-9538-7a6d36474688@group-303A2581FB0E-LeaderStateImpl
2022-03-03 07:24:46,276 [5d798457-e9ee-4751-9538-7a6d36474688@group-303A2581FB0E-LeaderElection21] INFO  segmented.SegmentedRaftLogWorker (SegmentedRaftLogWorker.java:startLogSegment(394)) - 5d798457-e9ee-4751-9538-7a6d36474688@group-303A2581FB0E-SegmentedRaftLogWorker: Starting segment from index:0
2022-03-03 07:24:46,280 [EventQueue-PipelineReportForPipelineReportHandler] INFO  pipeline.PipelineManagerImpl (PipelineManagerImpl.java:openPipeline(291)) - Pipeline Pipeline[ Id: 49ea45f0-bf41-4441-ba17-303a2581fb0e, Nodes: 5d798457-e9ee-4751-9538-7a6d36474688{ip: 10.1.0.15, host: fv-az501-749.rsswf2em5frezlg3dkjt5mgqaf.dx.internal.cloudapp.net, ports: [REPLICATION=35947, RATIS=41069, RATIS_ADMIN=41069, RATIS_SERVER=41069, STANDALONE=38567], networkLocation: /default-rack, certSerialId: null, persistedOpState: IN_SERVICE, persistedOpStateExpiryEpochSec: 0}f349b4ca-06a6-4713-ab55-585a61bac57c{ip: 10.1.0.15, host: fv-az501-749.rsswf2em5frezlg3dkjt5mgqaf.dx.internal.cloudapp.net, ports: [REPLICATION=33243, RATIS=45745, RATIS_ADMIN=45745, RATIS_SERVER=45745, STANDALONE=43679], networkLocation: /default-rack, certSerialId: null, persistedOpState: IN_SERVICE, persistedOpStateExpiryEpochSec: 0}126ab421-4020-4271-89f3-e896157a4564{ip: 10.1.0.15, host: fv-az501-749.rsswf2em5frezlg3dkjt5mgqaf.dx.internal.cloudapp.net, ports: [REPLICATION=38615, RATIS=39419, RATIS_ADMIN=39419, RATIS_SERVER=39419, STANDALONE=38849], networkLocation: /default-rack, certSerialId: null, persistedOpState: IN_SERVICE, persistedOpStateExpiryEpochSec: 0}, ReplicationConfig: RATIS/THREE, State:ALLOCATED, leaderId:5d798457-e9ee-4751-9538-7a6d36474688, CreationTimestamp2022-03-03T07:23:52.791Z[Etc/UTC]] moved to OPEN state
2022-03-03 07:24:46,286 [5d798457-e9ee-4751-9538-7a6d36474688@group-303A2581FB0E-LeaderElection21] INFO  server.RaftServer$Division (ServerState.java:setRaftConf(387)) - 5d798457-e9ee-4751-9538-7a6d36474688@group-303A2581FB0E: set configuration 0: [126ab421-4020-4271-89f3-e896157a4564|rpc:10.1.0.15:39419|dataStream:|priority:0, f349b4ca-06a6-4713-ab55-585a61bac57c|rpc:10.1.0.15:45745|dataStream:|priority:0, 5d798457-e9ee-4751-9538-7a6d36474688|rpc:10.1.0.15:41069|dataStream:|priority:1], old=null
2022-03-03 07:24:46,284 [5d798457-e9ee-4751-9538-7a6d36474688@group-303A2581FB0E-SegmentedRaftLogWorker] INFO  segmented.SegmentedRaftLogWorker (SegmentedRaftLogWorker.java:execute(601)) - 5d798457-e9ee-4751-9538-7a6d36474688@group-303A2581FB0E-SegmentedRaftLogWorker: created new log segment /home/runner/work/ozone/ozone/hadoop-ozone/integration-test/target/test-dir/MiniOzoneClusterImpl-73ba9704-0a97-4d3d-983a-0dacfed22b51/datanode-1/data/ratis/49ea45f0-bf41-4441-ba17-303a2581fb0e/current/log_inprogress_0
2022-03-03 07:24:46,282 [grpc-default-executor-4] INFO  ratis.XceiverServerRatis (XceiverServerRatis.java:handleLeaderChangedNotification(867)) - Leader change notification received for group: group-303A2581FB0E with new leaderId: 5d798457-e9ee-4751-9538-7a6d36474688
2022-03-03 07:24:46,288 [grpc-default-executor-4] INFO  server.RaftServer$Division (ServerState.java:setLeader(285)) - f349b4ca-06a6-4713-ab55-585a61bac57c@group-303A2581FB0E: change Leader from null to 5d798457-e9ee-4751-9538-7a6d36474688 at term 10 for appendEntries, leader elected after 50564ms
2022-03-03 07:24:46,295 [grpc-default-executor-4] INFO  server.RaftServer$Division (ServerState.java:setRaftConf(387)) - f349b4ca-06a6-4713-ab55-585a61bac57c@group-303A2581FB0E: set configuration 0: [126ab421-4020-4271-89f3-e896157a4564|rpc:10.1.0.15:39419|dataStream:|priority:0, f349b4ca-06a6-4713-ab55-585a61bac57c|rpc:10.1.0.15:45745|dataStream:|priority:0, 5d798457-e9ee-4751-9538-7a6d36474688|rpc:10.1.0.15:41069|dataStream:|priority:1], old=null
2022-03-03 07:24:46,295 [grpc-default-executor-4] INFO  segmented.SegmentedRaftLogWorker (SegmentedRaftLogWorker.java:startLogSegment(394)) - f349b4ca-06a6-4713-ab55-585a61bac57c@group-303A2581FB0E-SegmentedRaftLogWorker: Starting segment from index:0
2022-03-03 07:24:46,297 [f349b4ca-06a6-4713-ab55-585a61bac57c@group-303A2581FB0E-SegmentedRaftLogWorker] INFO  segmented.SegmentedRaftLogWorker (SegmentedRaftLogWorker.java:execute(601)) - f349b4ca-06a6-4713-ab55-585a61bac57c@group-303A2581FB0E-SegmentedRaftLogWorker: created new log segment /home/runner/work/ozone/ozone/hadoop-ozone/integration-test/target/test-dir/MiniOzoneClusterImpl-73ba9704-0a97-4d3d-983a-0dacfed22b51/datanode-2/data/ratis/49ea45f0-bf41-4441-ba17-303a2581fb0e/current/log_inprogress_0
2022-03-03 07:24:46,300 [grpc-default-executor-4] INFO  ratis.XceiverServerRatis (XceiverServerRatis.java:handleLeaderChangedNotification(867)) - Leader change notification received for group: group-303A2581FB0E with new leaderId: 5d798457-e9ee-4751-9538-7a6d36474688
2022-03-03 07:24:46,301 [grpc-default-executor-4] INFO  server.RaftServer$Division (ServerState.java:setLeader(285)) - 126ab421-4020-4271-89f3-e896157a4564@group-303A2581FB0E: change Leader from null to 5d798457-e9ee-4751-9538-7a6d36474688 at term 10 for appendEntries, leader elected after 50757ms
2022-03-03 07:24:46,359 [grpc-default-executor-4] INFO  server.RaftServer$Division (ServerState.java:setRaftConf(387)) - 126ab421-4020-4271-89f3-e896157a4564@group-303A2581FB0E: set configuration 0: [126ab421-4020-4271-89f3-e896157a4564|rpc:10.1.0.15:39419|dataStream:|priority:0, f349b4ca-06a6-4713-ab55-585a61bac57c|rpc:10.1.0.15:45745|dataStream:|priority:0, 5d798457-e9ee-4751-9538-7a6d36474688|rpc:10.1.0.15:41069|dataStream:|priority:1], old=null
2022-03-03 07:24:46,359 [grpc-default-executor-4] INFO  segmented.SegmentedRaftLogWorker (SegmentedRaftLogWorker.java:startLogSegment(394)) - 126ab421-4020-4271-89f3-e896157a4564@group-303A2581FB0E-SegmentedRaftLogWorker: Starting segment from index:0
2022-03-03 07:24:46,364 [126ab421-4020-4271-89f3-e896157a4564@group-303A2581FB0E-SegmentedRaftLogWorker] INFO  segmented.SegmentedRaftLogWorker (SegmentedRaftLogWorker.java:execute(601)) - 126ab421-4020-4271-89f3-e896157a4564@group-303A2581FB0E-SegmentedRaftLogWorker: created new log segment /home/runner/work/ozone/ozone/hadoop-ozone/integration-test/target/test-dir/MiniOzoneClusterImpl-73ba9704-0a97-4d3d-983a-0dacfed22b51/datanode-0/data/ratis/49ea45f0-bf41-4441-ba17-303a2581fb0e/current/log_inprogress_0
2022-03-03 07:26:07,570 [Time-limited test] INFO  om.OzoneManager (OzoneManager.java:stop(1893)) - omNode-3[localhost:44937]: Stopping Ozone Manager
2022-03-03 07:26:07,571 [Time-limited test] INFO  ipc.Server (Server.java:stop(3414)) - Stopping server on 44937
2022-03-03 07:26:07,576 [IPC Server listener on 44937] INFO  ipc.Server (Server.java:run(1376)) - Stopping IPC Server listener on 44937
2022-03-03 07:26:07,577 [IPC Server Responder] INFO  ipc.Server (Server.java:run(1512)) - Stopping IPC Server Responder
2022-03-03 07:26:07,579 [Time-limited test] INFO  server.RaftServer (RaftServerProxy.java:lambda$close$6(391)) - omNode-3: close
2022-03-03 07:26:07,579 [Time-limited test] INFO  server.RaftServer$Division (RaftServerImpl.java:lambda$close$4(412)) - omNode-3@group-523986131536: shutdown
2022-03-03 07:26:07,579 [Time-limited test] INFO  util.JmxRegister (JmxRegister.java:unregister(73)) - Successfully un-registered JMX Bean with object name Ratis:service=RaftServer,group=group-523986131536,id=omNode-3
2022-03-03 07:26:07,579 [Time-limited test] INFO  impl.RoleInfo (RoleInfo.java:shutdownLeaderState(91)) - omNode-3: shutdown omNode-3@group-523986131536-LeaderStateImpl
2022-03-03 07:26:07,580 [Time-limited test] INFO  impl.PendingRequests (PendingRequests.java:sendNotLeaderResponses(282)) - omNode-3@group-523986131536-PendingRequests: sendNotLeaderResponses
2022-03-03 07:26:07,580 [omNode-3@group-523986131536->omNode-2-GrpcLogAppender-LogAppenderDaemon] WARN  server.GrpcLogAppender (GrpcLogAppender.java:mayWait(177)) - omNode-3@group-523986131536->omNode-2-GrpcLogAppender: Wait interrupted by java.lang.InterruptedException
2022-03-03 07:26:07,580 [omNode-3@group-523986131536->omNode-1-GrpcLogAppender-LogAppenderDaemon] WARN  server.GrpcLogAppender (GrpcLogAppender.java:mayWait(177)) - omNode-3@group-523986131536->omNode-1-GrpcLogAppender: Wait interrupted by java.lang.InterruptedException
2022-03-03 07:26:07,584 [Time-limited test] INFO  impl.StateMachineUpdater (StateMachineUpdater.java:stopAndJoin(149)) - omNode-3@group-523986131536-StateMachineUpdater: set stopIndex = 13
2022-03-03 07:26:07,585 [omNode-3@group-523986131536-StateMachineUpdater] INFO  ratis.OzoneManagerStateMachine (OzoneManagerStateMachine.java:takeSnapshot(417)) - Current Snapshot Index (t:2, i:13)
2022-03-03 07:26:07,585 [omNode-3@group-523986131536-StateMachineUpdater] INFO  impl.StateMachineUpdater (StateMachineUpdater.java:takeSnapshot(281)) - omNode-3@group-523986131536-StateMachineUpdater: Took a snapshot at index 13
2022-03-03 07:26:07,585 [omNode-3@group-523986131536-StateMachineUpdater] INFO  impl.StateMachineUpdater (StateMachineUpdater.java:lambda$new$0(89)) - omNode-3@group-523986131536-StateMachineUpdater: snapshotIndex: updateIncreasingly -1 -> 13
2022-03-03 07:26:07,585 [omNode-3@group-523986131536-StateMachineUpdater] INFO  ratis.OzoneManagerStateMachine (OzoneManagerStateMachine.java:close(471)) - StateMachine has shutdown. Shutdown OzoneManager if not already shutdown.
2022-03-03 07:26:07,585 [Time-limited test] INFO  server.RaftServer$Division (ServerState.java:close(419)) - omNode-3@group-523986131536: closes. applyIndex: 13
2022-03-03 07:26:07,586 [omNode-3@group-523986131536-SegmentedRaftLogWorker] INFO  segmented.SegmentedRaftLogWorker (SegmentedRaftLogWorker.java:run(327)) - omNode-3@group-523986131536-SegmentedRaftLogWorker was interrupted, exiting. There are 0 tasks remaining in the queue.
2022-03-03 07:26:07,588 [grpc-default-executor-3] INFO  server.GrpcServerProtocolService (GrpcServerProtocolService.java:onCompleted(140)) - omNode-1: Completed APPEND_ENTRIES, lastRequest: omNode-3->omNode-1#76-t2,previous=(t:2, i:14),leaderCommit=12,initializing? true,entries: size=1, first=(t:2, i:15), METADATAENTRY(c:12)
2022-03-03 07:26:07,588 [grpc-default-executor-2] INFO  server.GrpcServerProtocolService (GrpcServerProtocolService.java:onCompleted(140)) - omNode-2: Completed APPEND_ENTRIES, lastRequest: omNode-3->omNode-2#82-t2,previous=(t:2, i:14),leaderCommit=12,initializing? true,entries: size=1, first=(t:2, i:15), METADATAENTRY(c:12)
2022-03-03 07:26:07,589 [grpc-default-executor-2] INFO  server.GrpcLogAppender (GrpcLogAppender.java:onCompleted(346)) - omNode-3@group-523986131536->omNode-1-AppendLogResponseHandler: follower responses appendEntries COMPLETED
2022-03-03 07:26:07,592 [grpc-default-executor-2] INFO  leader.FollowerInfo (FollowerInfoImpl.java:lambda$new$0(47)) - omNode-3@group-523986131536->omNode-1: nextIndex: updateUnconditionally 16 -> 15
2022-03-03 07:26:07,595 [grpc-default-executor-5] INFO  server.GrpcLogAppender (GrpcLogAppender.java:onCompleted(346)) - omNode-3@group-523986131536->omNode-2-AppendLogResponseHandler: follower responses appendEntries COMPLETED
2022-03-03 07:26:07,596 [Time-limited test] INFO  segmented.SegmentedRaftLogWorker (SegmentedRaftLogWorker.java:close(237)) - omNode-3@group-523986131536-SegmentedRaftLogWorker close()
2022-03-03 07:26:07,596 [grpc-default-executor-5] INFO  leader.FollowerInfo (FollowerInfoImpl.java:lambda$new$0(47)) - omNode-3@group-523986131536->omNode-2: nextIndex: updateUnconditionally 16 -> 15
2022-03-03 07:26:07,598 [Time-limited test] INFO  server.GrpcService (GrpcService.java:closeImpl(262)) - omNode-3: shutdown server with port 45161 now
2022-03-03 07:26:07,613 [Time-limited test] INFO  server.GrpcService (GrpcService.java:closeImpl(271)) - omNode-3: shutdown server with port 45161 successfully
2022-03-03 07:26:07,613 [org.apache.ratis.util.JvmPauseMonitor$$Lambda$422/311185452@462478a3] INFO  util.JvmPauseMonitor (JvmPauseMonitor.java:run(109)) - JvmPauseMonitor-omNode-3: Stopped
2022-03-03 07:26:07,613 [Time-limited test] INFO  ratis.OzoneManagerDoubleBuffer (OzoneManagerDoubleBuffer.java:stop(437)) - Stopping OMDoubleBuffer flush thread
2022-03-03 07:26:07,613 [OMDoubleBufferFlushThread] INFO  ratis.OzoneManagerDoubleBuffer (OzoneManagerDoubleBuffer.java:flushTransactions(356)) - OMDoubleBuffer flush thread OMDoubleBufferFlushThread is interrupted and will exit. OMDoubleBufferFlushThread
2022-03-03 07:26:07,615 [Time-limited test] INFO  utils.BackgroundService (BackgroundService.java:shutdown(132)) - Shutting down service KeyDeletingService
2022-03-03 07:26:07,615 [Time-limited test] INFO  utils.BackgroundService (BackgroundService.java:shutdown(132)) - Shutting down service DirectoryDeletingService
2022-03-03 07:26:07,619 [Time-limited test] INFO  handler.ContextHandler (ContextHandler.java:doStop(1153)) - Stopped o.e.j.w.WebAppContext@5d1ddb65{ozoneManager,/,null,STOPPED}{file:/home/runner/work/ozone/ozone/hadoop-ozone/integration-test/target/test-classes/webapps/ozoneManager}
2022-03-03 07:26:07,623 [Time-limited test] INFO  server.AbstractConnector (AbstractConnector.java:doStop(381)) - Stopped ServerConnector@384d40a5{HTTP/1.1, (http/1.1)}{0.0.0.0:45759}
2022-03-03 07:26:07,623 [Time-limited test] INFO  server.session (HouseKeeper.java:stopScavenging(149)) - node0 Stopped scavenging
2022-03-03 07:26:07,624 [Time-limited test] INFO  handler.ContextHandler (ContextHandler.java:doStop(1153)) - Stopped o.e.j.s.ServletContextHandler@2f474e6f{static,/static,file:///home/runner/work/ozone/ozone/hadoop-ozone/integration-test/target/test-classes/webapps/static,STOPPED}
2022-03-03 07:26:07,625 [Time-limited test] INFO  handler.ContextHandler (ContextHandler.java:doStop(1153)) - Stopped o.e.j.s.ServletContextHandler@7489bca4{logs,/logs,file:///home/runner/work/ozone/ozone/hadoop-ozone/integration-test/target/log,STOPPED}
2022-03-03 07:26:07,632 [Time-limited test] INFO  om.OzoneManager (OzoneManager.java:restart(1451)) - OzoneManager RPC server is listening at localhost/127.0.0.1:44937
2022-03-03 07:26:07,632 [Time-limited test] INFO  impl.MetricsSystemImpl (MetricsSystemImpl.java:init(158)) - OzoneManager metrics system started (again)
2022-03-03 07:26:07,648 [Time-limited test] WARN  server.ServerUtils (ServerUtils.java:getDBPath(225)) - ozone.om.db.dirs is not configured. We recommend adding this setting. Falling back to ozone.metadata.dirs instead.
2022-03-03 07:26:07,649 [Time-limited test] INFO  codec.OmKeyInfoCodec (OmKeyInfoCodec.java:<init>(50)) - OmKeyInfoCodec ignorePipeline = true
2022-03-03 07:26:07,650 [Time-limited test] INFO  codec.RepeatedOmKeyInfoCodec (RepeatedOmKeyInfoCodec.java:<init>(42)) - RepeatedOmKeyInfoCodec ignorePipeline = true
2022-03-03 07:26:07,690 [Time-limited test] WARN  om.OzoneManager (OzoneManager.java:instantiatePrepareStateOnStartup(3818)) - Prepare marker file index 13 does not match DB prepare index 12. Writing DB index to prepare file and maintaining prepared state.
2022-03-03 07:26:07,691 [Time-limited test] INFO  om.OzoneManagerPrepareState (OzoneManagerPrepareState.java:writePrepareMarkerFile(262)) - Prepare marker file written with log index 12 to file /home/runner/work/ozone/ozone/hadoop-ozone/integration-test/target/test-dir/MiniOzoneClusterImpl-73ba9704-0a97-4d3d-983a-0dacfed22b51/omNode-3/current/prepareMarker
2022-03-03 07:26:07,702 [Time-limited test] WARN  impl.MetricRegistriesImpl (MetricRegistriesImpl.java:addReporterRegistration(111)) - New reporters are added after registries were created. Some metrics will be missing from the reporter. Please add reporter before adding any new registry.
2022-03-03 07:26:07,702 [Time-limited test] WARN  impl.MetricRegistriesImpl (MetricRegistriesImpl.java:addReporterRegistration(111)) - New reporters are added after registries were created. Some metrics will be missing from the reporter. Please add reporter before adding any new registry.
2022-03-03 07:26:07,702 [Time-limited test] WARN  server.ServerUtils (ServerUtils.java:getDefaultRatisDirectory(237)) - Storage directory for Ratis is not configured. It is a good idea to map this to an SSD disk. Falling back to ozone.metadata.dirs
2022-03-03 07:26:07,704 [Time-limited test] INFO  ratis.OzoneManagerRatisServer (OzoneManagerRatisServer.java:<init>(159)) - Instantiating OM Ratis server with groupID: om-service-test1 and peers: localhost:45161, localhost:38685, localhost:34483
2022-03-03 07:26:07,704 [Time-limited test] INFO  ratis.OzoneManagerStateMachine (OzoneManagerStateMachine.java:loadSnapshotInfoFromDB(605)) - LastAppliedIndex is set from TransactionInfo from OM DB as (t:2, i:13)
2022-03-03 07:26:07,704 [Time-limited test] INFO  server.RaftServer (ConfUtils.java:logGet(44)) - raft.rpc.type = GRPC (default)
2022-03-03 07:26:07,705 [Time-limited test] INFO  grpc.GrpcFactory (GrpcFactory.java:checkPooledByteBufAllocatorUseCacheForAllThreads(48)) - PERFORMANCE WARNING: useCacheForAllThreads is true that may cause Netty to create a lot garbage objects and, as a result, trigger GC.
	It is recommended to disable useCacheForAllThreads by setting -Dorg.apache.ratis.thirdparty.io.netty.allocator.useCacheForAllThreads=false in command line.
2022-03-03 07:26:07,705 [Time-limited test] INFO  grpc.GrpcConfigKeys (ConfUtils.java:logGet(44)) - raft.grpc.admin.port = -1 (default)
2022-03-03 07:26:07,705 [Time-limited test] INFO  grpc.GrpcConfigKeys (ConfUtils.java:logGet(44)) - raft.grpc.server.port = 45161 (custom)
2022-03-03 07:26:07,705 [Time-limited test] INFO  grpc.GrpcConfigKeys (ConfUtils.java:logGet(44)) - raft.grpc.client.port = -1 (default)
2022-03-03 07:26:07,705 [Time-limited test] INFO  grpc.GrpcConfigKeys (ConfUtils.java:logGet(44)) - raft.grpc.server.port = 45161 (custom)
2022-03-03 07:26:07,705 [Time-limited test] INFO  grpc.GrpcConfigKeys (ConfUtils.java:logGet(44)) - raft.grpc.server.port = 45161 (custom)
2022-03-03 07:26:07,706 [Time-limited test] INFO  server.GrpcService (ConfUtils.java:logGet(44)) - raft.grpc.message.size.max = 33554432 (custom)
2022-03-03 07:26:07,706 [Time-limited test] INFO  server.RaftServerConfigKeys (ConfUtils.java:logGet(44)) - raft.server.log.appender.buffer.byte-limit = 33554432 (custom)
2022-03-03 07:26:07,706 [Time-limited test] INFO  server.GrpcService (ConfUtils.java:logGet(44)) - raft.grpc.flow.control.window = 1MB (=1048576) (default)
2022-03-03 07:26:07,706 [Time-limited test] INFO  server.RaftServerConfigKeys (ConfUtils.java:logGet(44)) - raft.server.rpc.request.timeout = 3000ms (default)
2022-03-03 07:26:07,707 [Time-limited test] INFO  impl.DataStreamServerImpl (ConfUtils.java:logGet(44)) - raft.datastream.type = DISABLED (default)
2022-03-03 07:26:07,707 [Time-limited test] INFO  server.RaftServerConfigKeys (ConfUtils.java:logGet(44)) - raft.server.rpc.slowness.timeout = 2s (custom)
2022-03-03 07:26:07,708 [Time-limited test] INFO  server.RaftServerConfigKeys (ConfUtils.java:logGet(44)) - raft.server.leaderelection.leader.step-down.wait-time = 10s (default)
2022-03-03 07:26:07,708 [Time-limited test] INFO  server.RaftServerConfigKeys (ConfUtils.java:logGet(44)) - raft.server.storage.dir = [/home/runner/work/ozone/ozone/hadoop-ozone/integration-test/target/test-dir/MiniOzoneClusterImpl-73ba9704-0a97-4d3d-983a-0dacfed22b51/omNode-3/ratis] (custom)
2022-03-03 07:26:07,708 [Time-limited test] INFO  server.RaftServer (RaftServerProxy.java:lambda$null$1(235)) - omNode-3: found a subdirectory /home/runner/work/ozone/ozone/hadoop-ozone/integration-test/target/test-dir/MiniOzoneClusterImpl-73ba9704-0a97-4d3d-983a-0dacfed22b51/omNode-3/ratis/c9bc4cf4-3bc3-3c60-a66b-523986131536
2022-03-03 07:26:07,709 [Time-limited test] INFO  server.RaftServer (RaftServerProxy.java:addNew(95)) - omNode-3: addNew group-523986131536:[omNode-3|rpc:localhost:45161|priority:0, omNode-1|rpc:localhost:38685|priority:0, omNode-2|rpc:localhost:34483|priority:0] returns group-523986131536:java.util.concurrent.CompletableFuture@6ae9e771[Not completed]
2022-03-03 07:26:07,709 [pool-192-thread-1] INFO  server.RaftServer$Division (RaftServerImpl.java:<init>(184)) - omNode-3: new RaftServerImpl for group-523986131536:[omNode-3|rpc:localhost:45161|priority:0, omNode-1|rpc:localhost:38685|priority:0, omNode-2|rpc:localhost:34483|priority:0] with OzoneManagerStateMachine:uninitialized
2022-03-03 07:26:07,709 [Time-limited test] INFO  om.OzoneManager (OzoneManager.java:initializeRatisServer(1834)) - OzoneManager Ratis server initialized at port 45161
2022-03-03 07:26:07,710 [Time-limited test] INFO  ratis.OzoneManagerRatisServer (OzoneManagerRatisServer.java:start(554)) - Starting OzoneManagerRatisServer omNode-3 at port 45161
2022-03-03 07:26:07,710 [pool-192-thread-1] INFO  server.RaftServerConfigKeys (ConfUtils.java:logGet(44)) - raft.server.rpc.timeout.min = 1s (custom)
2022-03-03 07:26:07,710 [pool-192-thread-1] INFO  server.RaftServerConfigKeys (ConfUtils.java:logGet(44)) - raft.server.rpc.timeout.max = 1200ms (custom)
2022-03-03 07:26:07,710 [pool-192-thread-1] INFO  server.RaftServerConfigKeys (ConfUtils.java:logGet(44)) - raft.server.rpc.sleep.time = 25ms (default)
2022-03-03 07:26:07,710 [pool-192-thread-1] INFO  server.RaftServerConfigKeys (ConfUtils.java:logGet(44)) - raft.server.rpc.slowness.timeout = 2s (custom)
2022-03-03 07:26:07,710 [pool-192-thread-1] INFO  server.RaftServerConfigKeys (ConfUtils.java:logGet(44)) - raft.server.leaderelection.leader.step-down.wait-time = 10s (default)
2022-03-03 07:26:07,710 [pool-192-thread-1] INFO  server.RaftServerConfigKeys (ConfUtils.java:logGet(44)) - raft.server.sleep.deviation.threshold = 300ms (default)
2022-03-03 07:26:07,711 [pool-192-thread-1] INFO  server.RaftServerConfigKeys (ConfUtils.java:logGet(44)) - raft.server.log.appender.install.snapshot.enabled = false (custom)
2022-03-03 07:26:07,711 [pool-192-thread-1] INFO  server.RaftServer$Division (ServerState.java:<init>(105)) - omNode-3@group-523986131536: ConfigurationManager, init=-1: [omNode-3|rpc:localhost:45161|priority:0, omNode-1|rpc:localhost:38685|priority:0, omNode-2|rpc:localhost:34483|priority:0], old=null, confs=<EMPTY_MAP>
2022-03-03 07:26:07,711 [pool-192-thread-1] INFO  server.RaftServerConfigKeys (ConfUtils.java:logGet(44)) - raft.server.storage.dir = [/home/runner/work/ozone/ozone/hadoop-ozone/integration-test/target/test-dir/MiniOzoneClusterImpl-73ba9704-0a97-4d3d-983a-0dacfed22b51/omNode-3/ratis] (custom)
2022-03-03 07:26:07,711 [pool-192-thread-1] INFO  server.RaftServerConfigKeys (ConfUtils.java:logGet(44)) - raft.server.log.corruption.policy = EXCEPTION (default)
2022-03-03 07:26:07,711 [pool-192-thread-1] INFO  server.RaftServerConfigKeys (ConfUtils.java:logGet(44)) - raft.server.storage.free-space.min = 0MB (=0) (default)
2022-03-03 07:26:07,713 [pool-192-thread-1] INFO  storage.RaftStorageDirectory (RaftStorageDirectoryImpl.java:tryLock(230)) - Lock on /home/runner/work/ozone/ozone/hadoop-ozone/integration-test/target/test-dir/MiniOzoneClusterImpl-73ba9704-0a97-4d3d-983a-0dacfed22b51/omNode-3/ratis/c9bc4cf4-3bc3-3c60-a66b-523986131536/in_use.lock acquired by nodename 30716@fv-az501-749
2022-03-03 07:26:07,713 [pool-192-thread-1] INFO  storage.RaftStorage (RaftStorageImpl.java:analyzeAndRecoverStorage(110)) - Read RaftStorageMetadata{term=2, votedFor=omNode-3} from /home/runner/work/ozone/ozone/hadoop-ozone/integration-test/target/test-dir/MiniOzoneClusterImpl-73ba9704-0a97-4d3d-983a-0dacfed22b51/omNode-3/ratis/c9bc4cf4-3bc3-3c60-a66b-523986131536/current/raft-meta
2022-03-03 07:26:07,713 [pool-192-thread-1] INFO  server.RaftServer$Division (ServerState.java:setRaftConf(387)) - omNode-3@group-523986131536: set configuration 0: [omNode-3|rpc:localhost:45161|admin:|client:|dataStream:|priority:0, omNode-1|rpc:localhost:38685|admin:|client:|dataStream:|priority:0, omNode-2|rpc:localhost:34483|admin:|client:|dataStream:|priority:0], old=null
2022-03-03 07:26:07,714 [pool-192-thread-1] INFO  server.RaftServerConfigKeys (ConfUtils.java:logGet(44)) - raft.server.notification.no-leader.timeout = 2s (custom)
2022-03-03 07:26:07,714 [pool-192-thread-1] INFO  server.RaftServerConfigKeys (ConfUtils.java:logGet(44)) - raft.server.log.use.memory = false (default)
2022-03-03 07:26:07,714 [pool-192-thread-1] INFO  server.RaftServerConfigKeys (ConfUtils.java:logGet(44)) - raft.server.log.purge.gap = 50 (custom)
2022-03-03 07:26:07,714 [pool-192-thread-1] INFO  server.RaftServerConfigKeys (ConfUtils.java:logGet(44)) - raft.server.log.appender.buffer.byte-limit = 33554432 (custom)
2022-03-03 07:26:07,714 [pool-192-thread-1] INFO  server.RaftServerConfigKeys (ConfUtils.java:logGet(44)) - raft.server.log.segment.size.max = 4194304 (custom)
2022-03-03 07:26:07,719 [pool-192-thread-1] INFO  server.RaftServerConfigKeys (ConfUtils.java:logGet(44)) - raft.server.log.segment.cache.num.max = 2 (custom)
2022-03-03 07:26:07,719 [pool-192-thread-1] INFO  server.RaftServerConfigKeys (ConfUtils.java:logGet(44)) - raft.server.log.segment.cache.size.max = 200MB (=209715200) (default)
2022-03-03 07:26:07,719 [pool-192-thread-1] INFO  segmented.SegmentedRaftLogWorker (SegmentedRaftLogWorker.java:<init>(182)) - new omNode-3@group-523986131536-SegmentedRaftLogWorker for RaftStorageImpl:Storage Directory /home/runner/work/ozone/ozone/hadoop-ozone/integration-test/target/test-dir/MiniOzoneClusterImpl-73ba9704-0a97-4d3d-983a-0dacfed22b51/omNode-3/ratis/c9bc4cf4-3bc3-3c60-a66b-523986131536
2022-03-03 07:26:07,720 [pool-192-thread-1] INFO  server.RaftServerConfigKeys (ConfUtils.java:logGet(44)) - raft.server.log.queue.byte-limit = 64MB (=67108864) (default)
2022-03-03 07:26:07,720 [pool-192-thread-1] INFO  server.RaftServerConfigKeys (ConfUtils.java:logGet(44)) - raft.server.log.queue.element-limit = 4096 (default)
2022-03-03 07:26:07,720 [pool-192-thread-1] INFO  server.RaftServerConfigKeys (ConfUtils.java:logGet(44)) - raft.server.log.segment.size.max = 4194304 (custom)
2022-03-03 07:26:07,720 [pool-192-thread-1] INFO  server.RaftServerConfigKeys (ConfUtils.java:logGet(44)) - raft.server.log.preallocated.size = 4194304 (custom)
2022-03-03 07:26:07,720 [pool-192-thread-1] INFO  server.RaftServerConfigKeys (ConfUtils.java:logGet(44)) - raft.server.log.force.sync.num = 128 (default)
2022-03-03 07:26:07,720 [pool-192-thread-1] INFO  server.RaftServerConfigKeys (ConfUtils.java:logGet(44)) - raft.server.log.statemachine.data.sync = true (default)
2022-03-03 07:26:07,720 [pool-192-thread-1] INFO  server.RaftServerConfigKeys (ConfUtils.java:logGet(44)) - raft.server.log.statemachine.data.sync.timeout = 10s (default)
2022-03-03 07:26:07,720 [pool-192-thread-1] INFO  server.RaftServerConfigKeys (ConfUtils.java:logGet(44)) - raft.server.log.statemachine.data.sync.timeout.retry = -1 (default)
2022-03-03 07:26:07,721 [pool-192-thread-1] INFO  server.RaftServerConfigKeys (ConfUtils.java:logGet(44)) - raft.server.log.write.buffer.size = 64KB (=65536) (default)
2022-03-03 07:26:07,721 [pool-192-thread-1] INFO  server.RaftServerConfigKeys (ConfUtils.java:logGet(44)) - raft.server.log.statemachine.data.caching.enabled = false (default)
2022-03-03 07:26:07,722 [pool-192-thread-1] INFO  server.RaftServer$Division (ServerState.java:setRaftConf(387)) - omNode-3@group-523986131536: set configuration 0: [omNode-3|rpc:localhost:45161|admin:|client:|dataStream:|priority:0, omNode-1|rpc:localhost:38685|admin:|client:|dataStream:|priority:0, omNode-2|rpc:localhost:34483|admin:|client:|dataStream:|priority:0], old=null
2022-03-03 07:26:07,723 [pool-192-thread-1] INFO  segmented.LogSegment (LogSegment.java:loadSegment(173)) - Successfully read 16 entries from segment file /home/runner/work/ozone/ozone/hadoop-ozone/integration-test/target/test-dir/MiniOzoneClusterImpl-73ba9704-0a97-4d3d-983a-0dacfed22b51/omNode-3/ratis/c9bc4cf4-3bc3-3c60-a66b-523986131536/current/log_inprogress_0
2022-03-03 07:26:07,725 [pool-192-thread-1] INFO  segmented.SegmentedRaftLogWorker (SegmentedRaftLogWorker.java:lambda$new$0(133)) - omNode-3@group-523986131536-SegmentedRaftLogWorker: flushIndex: setUnconditionally 0 -> 15
2022-03-03 07:26:07,725 [pool-192-thread-1] INFO  segmented.SegmentedRaftLogWorker (SegmentedRaftLogWorker.java:lambda$new$0(133)) - omNode-3@group-523986131536-SegmentedRaftLogWorker: safeCacheEvictIndex: setUnconditionally 0 -> -1
2022-03-03 07:26:07,728 [pool-192-thread-1] INFO  raftlog.RaftLog (RaftLogBase.java:lambda$new$0(53)) - omNode-3@group-523986131536-SegmentedRaftLog: commitIndex: updateToMax old=13, new=12, updated? false
2022-03-03 07:26:07,728 [pool-192-thread-1] INFO  server.RaftServerConfigKeys (ConfUtils.java:logGet(44)) - raft.server.snapshot.auto.trigger.enabled = true (custom)
2022-03-03 07:26:07,728 [pool-192-thread-1] INFO  server.RaftServerConfigKeys (ConfUtils.java:logGet(44)) - raft.server.snapshot.auto.trigger.threshold = 50 (custom)
2022-03-03 07:26:07,728 [pool-192-thread-1] INFO  server.RaftServerConfigKeys (ConfUtils.java:logGet(44)) - raft.server.snapshot.retention.file.num = -1 (default)
2022-03-03 07:26:07,728 [pool-192-thread-1] INFO  server.RaftServerConfigKeys (ConfUtils.java:logGet(44)) - raft.server.log.purge.upto.snapshot.index = true (custom)
2022-03-03 07:26:07,728 [pool-192-thread-1] INFO  server.RaftServerConfigKeys (ConfUtils.java:logGet(44)) - raft.server.retrycache.expirytime = 30000ms (custom)
2022-03-03 07:26:07,729 [pool-192-thread-1] INFO  server.RaftServerConfigKeys (ConfUtils.java:logGet(44)) - raft.server.retrycache.statistics.expirytime = 100μs (default)
2022-03-03 07:26:07,731 [Time-limited test] INFO  server.RaftServer$Division (RaftServerImpl.java:start(301)) - omNode-3@group-523986131536: start as a follower, conf=0: [omNode-3|rpc:localhost:45161|admin:|client:|dataStream:|priority:0, omNode-1|rpc:localhost:38685|admin:|client:|dataStream:|priority:0, omNode-2|rpc:localhost:34483|admin:|client:|dataStream:|priority:0], old=null
2022-03-03 07:26:07,731 [Time-limited test] INFO  server.RaftServer$Division (RaftServerImpl.java:setRole(290)) - omNode-3@group-523986131536: changes role from      null to FOLLOWER at term 2 for startAsFollower
2022-03-03 07:26:07,731 [Time-limited test] INFO  impl.RoleInfo (RoleInfo.java:updateAndGet(130)) - omNode-3: start omNode-3@group-523986131536-FollowerState
2022-03-03 07:26:07,732 [Time-limited test] INFO  util.JmxRegister (JmxRegister.java:tryRegister(44)) - Successfully registered JMX Bean with object name Ratis:service=RaftServer,group=group-523986131536,id=omNode-3
2022-03-03 07:26:07,732 [Time-limited test] INFO  server.RaftServer (RaftServerProxy.java:lambda$start$5(374)) - omNode-3: start RPC server
2022-03-03 07:26:07,733 [Time-limited test] INFO  server.GrpcService (GrpcService.java:startImpl(253)) - omNode-3: GrpcService started, listening on 45161
2022-03-03 07:26:07,734 [org.apache.ratis.util.JvmPauseMonitor$$Lambda$422/311185452@4175ab96] INFO  util.JvmPauseMonitor (JvmPauseMonitor.java:run(103)) - JvmPauseMonitor-omNode-3: Started
2022-03-03 07:26:07,734 [Time-limited test] INFO  ipc.CallQueueManager (CallQueueManager.java:<init>(90)) - Using callQueue: class java.util.concurrent.LinkedBlockingQueue, queueCapacity: 2000, scheduler: class org.apache.hadoop.ipc.DefaultRpcScheduler, ipcBackoff: false.
2022-03-03 07:26:07,735 [Socket Reader #1 for port 44937] INFO  ipc.Server (Server.java:run(1265)) - Starting Socket Reader #1 for port 44937
2022-03-03 07:26:07,741 [Listener at localhost/44937] INFO  http.BaseHttpServer (BaseHttpServer.java:newHttpServer2BuilderForOzone(209)) - Starting Web-server for ozoneManager at: http://0.0.0.0:45759
2022-03-03 07:26:07,741 [Listener at localhost/44937] INFO  http.BaseHttpServer (BaseHttpServer.java:<init>(107)) - Hadoop Security Enabled: false Ozone Security Enabled: false Ozone HTTP Security Enabled: false 
2022-03-03 07:26:07,743 [Listener at localhost/44937] INFO  server.AuthenticationFilter (AuthenticationFilter.java:constructSecretProvider(240)) - Unable to initialize FileSignerSecretProvider, falling back to use random secrets.
2022-03-03 07:26:07,744 [Listener at localhost/44937] WARN  http.HttpRequestLog (HttpRequestLog.java:getRequestLog(103)) - Jetty request log can only be enabled using Log4j
2022-03-03 07:26:07,746 [Listener at localhost/44937] INFO  http.HttpServer2 (HttpServer2.java:addGlobalFilter(1030)) - Added global filter 'safety' (class=org.apache.hadoop.hdds.server.http.HttpServer2$QuotingInputFilter)
2022-03-03 07:26:07,746 [Listener at localhost/44937] INFO  http.HttpServer2 (HttpServer2.java:addFilter(1006)) - Added filter static_user_filter (class=org.apache.hadoop.http.lib.StaticUserWebFilter$StaticUserFilter) to context ozoneManager
2022-03-03 07:26:07,747 [Listener at localhost/44937] INFO  http.HttpServer2 (HttpServer2.java:addFilter(1014)) - Added filter static_user_filter (class=org.apache.hadoop.http.lib.StaticUserWebFilter$StaticUserFilter) to context logs
2022-03-03 07:26:07,747 [Listener at localhost/44937] INFO  http.HttpServer2 (HttpServer2.java:addFilter(1014)) - Added filter static_user_filter (class=org.apache.hadoop.http.lib.StaticUserWebFilter$StaticUserFilter) to context static
2022-03-03 07:26:07,751 [Listener at localhost/44937] INFO  http.HttpServer2 (HttpServer2.java:bindListener(1249)) - Jetty bound to port 45759
2022-03-03 07:26:07,751 [Listener at localhost/44937] INFO  server.Server (Server.java:doStart(375)) - jetty-9.4.43.v20210629; built: 2021-06-30T11:07:22.254Z; git: 526006ecfa3af7f1a27ef3a288e2bef7ea9dd7e8; jvm 1.8.0_322-b06
2022-03-03 07:26:07,758 [Listener at localhost/44937] INFO  server.session (DefaultSessionIdManager.java:doStart(334)) - DefaultSessionIdManager workerName=node0
2022-03-03 07:26:07,758 [Listener at localhost/44937] INFO  server.session (DefaultSessionIdManager.java:doStart(339)) - No SessionScavenger set, using defaults
2022-03-03 07:26:07,758 [Listener at localhost/44937] INFO  server.session (HouseKeeper.java:startScavenging(132)) - node0 Scavenging every 660000ms
2022-03-03 07:26:07,759 [Listener at localhost/44937] INFO  handler.ContextHandler (ContextHandler.java:doStart(915)) - Started o.e.j.s.ServletContextHandler@54e0e0d4{logs,/logs,file:///home/runner/work/ozone/ozone/hadoop-ozone/integration-test/target/log,AVAILABLE}
2022-03-03 07:26:07,759 [Listener at localhost/44937] INFO  handler.ContextHandler (ContextHandler.java:doStart(915)) - Started o.e.j.s.ServletContextHandler@112cd1c3{static,/static,file:///home/runner/work/ozone/ozone/hadoop-ozone/integration-test/target/test-classes/webapps/static,AVAILABLE}
2022-03-03 07:26:07,771 [Listener at localhost/44937] INFO  handler.ContextHandler (ContextHandler.java:doStart(915)) - Started o.e.j.w.WebAppContext@10abdb0b{ozoneManager,/,file:///home/runner/work/ozone/ozone/hadoop-ozone/integration-test/target/test-classes/webapps/ozoneManager/,AVAILABLE}{file:/home/runner/work/ozone/ozone/hadoop-ozone/integration-test/target/test-classes/webapps/ozoneManager}
2022-03-03 07:26:07,777 [Listener at localhost/44937] INFO  server.AbstractConnector (AbstractConnector.java:doStart(331)) - Started ServerConnector@5956809{HTTP/1.1, (http/1.1)}{0.0.0.0:45759}
2022-03-03 07:26:07,777 [Listener at localhost/44937] INFO  server.Server (Server.java:doStart(415)) - Started @159303ms
2022-03-03 07:26:07,778 [Listener at localhost/44937] WARN  impl.MetricsSystemImpl (MetricsSystemImpl.java:register(279)) - Sink prometheus already exists!
2022-03-03 07:26:07,778 [Listener at localhost/44937] INFO  http.BaseHttpServer (BaseHttpServer.java:updateConnectorAddress(329)) - HTTP server of ozoneManager listening at http://0.0.0.0:45759
2022-03-03 07:26:07,781 [IPC Server Responder] INFO  ipc.Server (Server.java:run(1507)) - IPC Server Responder: starting
2022-03-03 07:26:07,781 [IPC Server listener on 44937] INFO  ipc.Server (Server.java:run(1344)) - IPC Server listener on 44937: starting
2022-03-03 07:26:07,790 [Listener at localhost/44937] INFO  om.OzoneManager (OzoneManager.java:startTrashEmptier(1792)) - Trash Interval set to 0. Files deleted will not move to trash
2022-03-03 07:26:07,791 [Listener at localhost/44937] INFO  om.OzoneManager (OzoneManager.java:stop(1893)) - omNode-1[localhost:41283]: Stopping Ozone Manager
2022-03-03 07:26:07,791 [org.apache.hadoop.util.JvmPauseMonitor$Monitor@209357b7] INFO  util.JvmPauseMonitor (JvmPauseMonitor.java:run(188)) - Starting JVM pause monitor
2022-03-03 07:26:07,793 [Listener at localhost/44937] INFO  ipc.Server (Server.java:stop(3414)) - Stopping server on 41283
2022-03-03 07:26:07,796 [IPC Server Responder] INFO  ipc.Server (Server.java:run(1512)) - Stopping IPC Server Responder
2022-03-03 07:26:07,796 [IPC Server listener on 41283] INFO  ipc.Server (Server.java:run(1376)) - Stopping IPC Server listener on 41283
2022-03-03 07:26:07,798 [Listener at localhost/44937] INFO  server.RaftServer (RaftServerProxy.java:lambda$close$6(391)) - omNode-1: close
2022-03-03 07:26:07,798 [Listener at localhost/44937] INFO  server.RaftServer$Division (RaftServerImpl.java:lambda$close$4(412)) - omNode-1@group-523986131536: shutdown
2022-03-03 07:26:07,799 [Listener at localhost/44937] INFO  util.JmxRegister (JmxRegister.java:unregister(73)) - Successfully un-registered JMX Bean with object name Ratis:service=RaftServer,group=group-523986131536,id=omNode-1
2022-03-03 07:26:07,799 [Listener at localhost/44937] INFO  impl.RoleInfo (RoleInfo.java:shutdownFollowerState(108)) - omNode-1: shutdown omNode-1@group-523986131536-FollowerState
2022-03-03 07:26:07,799 [omNode-1@group-523986131536-FollowerState] INFO  impl.FollowerState (FollowerState.java:run(143)) - omNode-1@group-523986131536-FollowerState was interrupted: {}
java.lang.InterruptedException: sleep interrupted
	at java.lang.Thread.sleep(Native Method)
	at java.lang.Thread.sleep(Thread.java:342)
	at java.util.concurrent.TimeUnit.sleep(TimeUnit.java:386)
	at org.apache.ratis.util.TimeDuration.sleep(TimeDuration.java:324)
	at org.apache.ratis.util.TimeDuration.sleep(TimeDuration.java:309)
	at org.apache.ratis.server.impl.FollowerState.run(FollowerState.java:118)
2022-03-03 07:26:07,799 [omNode-1@group-523986131536-StateMachineUpdater] INFO  ratis.OzoneManagerStateMachine (OzoneManagerStateMachine.java:takeSnapshot(417)) - Current Snapshot Index (t:2, i:13)
2022-03-03 07:26:07,800 [omNode-1@group-523986131536-StateMachineUpdater] INFO  impl.StateMachineUpdater (StateMachineUpdater.java:takeSnapshot(281)) - omNode-1@group-523986131536-StateMachineUpdater: Took a snapshot at index 13
2022-03-03 07:26:07,800 [omNode-1@group-523986131536-StateMachineUpdater] INFO  impl.StateMachineUpdater (StateMachineUpdater.java:lambda$new$0(89)) - omNode-1@group-523986131536-StateMachineUpdater: snapshotIndex: updateIncreasingly -1 -> 13
2022-03-03 07:26:07,800 [omNode-1@group-523986131536-StateMachineUpdater] INFO  ratis.OzoneManagerStateMachine (OzoneManagerStateMachine.java:close(471)) - StateMachine has shutdown. Shutdown OzoneManager if not already shutdown.
2022-03-03 07:26:07,800 [Listener at localhost/44937] INFO  impl.StateMachineUpdater (StateMachineUpdater.java:stopAndJoin(149)) - omNode-1@group-523986131536-StateMachineUpdater: set stopIndex = 13
2022-03-03 07:26:07,800 [Listener at localhost/44937] INFO  server.RaftServer$Division (ServerState.java:close(419)) - omNode-1@group-523986131536: closes. applyIndex: 13
2022-03-03 07:26:07,800 [omNode-1@group-523986131536-SegmentedRaftLogWorker] INFO  segmented.SegmentedRaftLogWorker (SegmentedRaftLogWorker.java:run(327)) - omNode-1@group-523986131536-SegmentedRaftLogWorker was interrupted, exiting. There are 0 tasks remaining in the queue.
2022-03-03 07:26:07,802 [Listener at localhost/44937] INFO  segmented.SegmentedRaftLogWorker (SegmentedRaftLogWorker.java:close(237)) - omNode-1@group-523986131536-SegmentedRaftLogWorker close()
2022-03-03 07:26:07,803 [Listener at localhost/44937] INFO  server.GrpcService (GrpcService.java:closeImpl(262)) - omNode-1: shutdown server with port 38685 now
2022-03-03 07:26:07,808 [Listener at localhost/44937] INFO  server.GrpcService (GrpcService.java:closeImpl(271)) - omNode-1: shutdown server with port 38685 successfully
2022-03-03 07:26:07,808 [org.apache.ratis.util.JvmPauseMonitor$$Lambda$422/311185452@77eab063] INFO  util.JvmPauseMonitor (JvmPauseMonitor.java:run(109)) - JvmPauseMonitor-omNode-1: Stopped
2022-03-03 07:26:07,808 [Listener at localhost/44937] INFO  ratis.OzoneManagerDoubleBuffer (OzoneManagerDoubleBuffer.java:stop(437)) - Stopping OMDoubleBuffer flush thread
2022-03-03 07:26:07,808 [OMDoubleBufferFlushThread] INFO  ratis.OzoneManagerDoubleBuffer (OzoneManagerDoubleBuffer.java:flushTransactions(356)) - OMDoubleBuffer flush thread OMDoubleBufferFlushThread is interrupted and will exit. OMDoubleBufferFlushThread
2022-03-03 07:26:07,810 [Listener at localhost/44937] INFO  utils.BackgroundService (BackgroundService.java:shutdown(132)) - Shutting down service KeyDeletingService
2022-03-03 07:26:07,810 [Listener at localhost/44937] INFO  utils.BackgroundService (BackgroundService.java:shutdown(132)) - Shutting down service DirectoryDeletingService
2022-03-03 07:26:07,813 [Listener at localhost/44937] INFO  handler.ContextHandler (ContextHandler.java:doStop(1153)) - Stopped o.e.j.w.WebAppContext@56b37d59{ozoneManager,/,null,STOPPED}{file:/home/runner/work/ozone/ozone/hadoop-ozone/integration-test/target/test-classes/webapps/ozoneManager}
2022-03-03 07:26:07,814 [Listener at localhost/44937] INFO  server.AbstractConnector (AbstractConnector.java:doStop(381)) - Stopped ServerConnector@123a0b95{HTTP/1.1, (http/1.1)}{0.0.0.0:46553}
2022-03-03 07:26:07,814 [Listener at localhost/44937] INFO  server.session (HouseKeeper.java:stopScavenging(149)) - node0 Stopped scavenging
2022-03-03 07:26:07,815 [Listener at localhost/44937] INFO  handler.ContextHandler (ContextHandler.java:doStop(1153)) - Stopped o.e.j.s.ServletContextHandler@562998d3{static,/static,file:///home/runner/work/ozone/ozone/hadoop-ozone/integration-test/target/test-classes/webapps/static,STOPPED}
2022-03-03 07:26:07,816 [Listener at localhost/44937] INFO  handler.ContextHandler (ContextHandler.java:doStop(1153)) - Stopped o.e.j.s.ServletContextHandler@174bbe8e{logs,/logs,file:///home/runner/work/ozone/ozone/hadoop-ozone/integration-test/target/log,STOPPED}
2022-03-03 07:26:07,820 [Listener at localhost/44937] INFO  om.OzoneManager (OzoneManager.java:restart(1451)) - OzoneManager RPC server is listening at localhost/127.0.0.1:41283
2022-03-03 07:26:07,820 [Listener at localhost/44937] INFO  impl.MetricsSystemImpl (MetricsSystemImpl.java:init(158)) - OzoneManager metrics system started (again)
2022-03-03 07:26:07,835 [Listener at localhost/44937] WARN  server.ServerUtils (ServerUtils.java:getDBPath(225)) - ozone.om.db.dirs is not configured. We recommend adding this setting. Falling back to ozone.metadata.dirs instead.
2022-03-03 07:26:07,837 [Listener at localhost/44937] INFO  codec.OmKeyInfoCodec (OmKeyInfoCodec.java:<init>(50)) - OmKeyInfoCodec ignorePipeline = true
2022-03-03 07:26:07,837 [Listener at localhost/44937] INFO  codec.RepeatedOmKeyInfoCodec (RepeatedOmKeyInfoCodec.java:<init>(42)) - RepeatedOmKeyInfoCodec ignorePipeline = true
2022-03-03 07:26:07,887 [Listener at localhost/44937] WARN  om.OzoneManager (OzoneManager.java:instantiatePrepareStateOnStartup(3818)) - Prepare marker file index 13 does not match DB prepare index 12. Writing DB index to prepare file and maintaining prepared state.
2022-03-03 07:26:07,887 [Listener at localhost/44937] INFO  om.OzoneManagerPrepareState (OzoneManagerPrepareState.java:writePrepareMarkerFile(262)) - Prepare marker file written with log index 12 to file /home/runner/work/ozone/ozone/hadoop-ozone/integration-test/target/test-dir/MiniOzoneClusterImpl-73ba9704-0a97-4d3d-983a-0dacfed22b51/omNode-1/current/prepareMarker
2022-03-03 07:26:07,888 [Listener at localhost/44937] WARN  impl.MetricRegistriesImpl (MetricRegistriesImpl.java:addReporterRegistration(111)) - New reporters are added after registries were created. Some metrics will be missing from the reporter. Please add reporter before adding any new registry.
2022-03-03 07:26:07,888 [Listener at localhost/44937] WARN  impl.MetricRegistriesImpl (MetricRegistriesImpl.java:addReporterRegistration(111)) - New reporters are added after registries were created. Some metrics will be missing from the reporter. Please add reporter before adding any new registry.
2022-03-03 07:26:07,888 [Listener at localhost/44937] WARN  server.ServerUtils (ServerUtils.java:getDefaultRatisDirectory(237)) - Storage directory for Ratis is not configured. It is a good idea to map this to an SSD disk. Falling back to ozone.metadata.dirs
2022-03-03 07:26:07,889 [Listener at localhost/44937] INFO  ratis.OzoneManagerRatisServer (OzoneManagerRatisServer.java:<init>(159)) - Instantiating OM Ratis server with groupID: om-service-test1 and peers: localhost:38685, localhost:45161, localhost:34483
2022-03-03 07:26:07,889 [Listener at localhost/44937] INFO  ratis.OzoneManagerStateMachine (OzoneManagerStateMachine.java:loadSnapshotInfoFromDB(605)) - LastAppliedIndex is set from TransactionInfo from OM DB as (t:2, i:13)
2022-03-03 07:26:07,890 [Listener at localhost/44937] INFO  server.RaftServer (ConfUtils.java:logGet(44)) - raft.rpc.type = GRPC (default)
2022-03-03 07:26:07,890 [Listener at localhost/44937] INFO  grpc.GrpcFactory (GrpcFactory.java:checkPooledByteBufAllocatorUseCacheForAllThreads(48)) - PERFORMANCE WARNING: useCacheForAllThreads is true that may cause Netty to create a lot garbage objects and, as a result, trigger GC.
	It is recommended to disable useCacheForAllThreads by setting -Dorg.apache.ratis.thirdparty.io.netty.allocator.useCacheForAllThreads=false in command line.
2022-03-03 07:26:07,890 [Listener at localhost/44937] INFO  grpc.GrpcConfigKeys (ConfUtils.java:logGet(44)) - raft.grpc.admin.port = -1 (default)
2022-03-03 07:26:07,891 [Listener at localhost/44937] INFO  grpc.GrpcConfigKeys (ConfUtils.java:logGet(44)) - raft.grpc.server.port = 38685 (custom)
2022-03-03 07:26:07,891 [Listener at localhost/44937] INFO  grpc.GrpcConfigKeys (ConfUtils.java:logGet(44)) - raft.grpc.client.port = -1 (default)
2022-03-03 07:26:07,891 [Listener at localhost/44937] INFO  grpc.GrpcConfigKeys (ConfUtils.java:logGet(44)) - raft.grpc.server.port = 38685 (custom)
2022-03-03 07:26:07,891 [Listener at localhost/44937] INFO  grpc.GrpcConfigKeys (ConfUtils.java:logGet(44)) - raft.grpc.server.port = 38685 (custom)
2022-03-03 07:26:07,891 [Listener at localhost/44937] INFO  server.GrpcService (ConfUtils.java:logGet(44)) - raft.grpc.message.size.max = 33554432 (custom)
2022-03-03 07:26:07,891 [Listener at localhost/44937] INFO  server.RaftServerConfigKeys (ConfUtils.java:logGet(44)) - raft.server.log.appender.buffer.byte-limit = 33554432 (custom)
2022-03-03 07:26:07,891 [Listener at localhost/44937] INFO  server.GrpcService (ConfUtils.java:logGet(44)) - raft.grpc.flow.control.window = 1MB (=1048576) (default)
2022-03-03 07:26:07,891 [Listener at localhost/44937] INFO  server.RaftServerConfigKeys (ConfUtils.java:logGet(44)) - raft.server.rpc.request.timeout = 3000ms (default)
2022-03-03 07:26:07,893 [Listener at localhost/44937] INFO  impl.DataStreamServerImpl (ConfUtils.java:logGet(44)) - raft.datastream.type = DISABLED (default)
2022-03-03 07:26:07,893 [Listener at localhost/44937] INFO  server.RaftServerConfigKeys (ConfUtils.java:logGet(44)) - raft.server.rpc.slowness.timeout = 2s (custom)
2022-03-03 07:26:07,893 [Listener at localhost/44937] INFO  server.RaftServerConfigKeys (ConfUtils.java:logGet(44)) - raft.server.leaderelection.leader.step-down.wait-time = 10s (default)
2022-03-03 07:26:07,894 [Listener at localhost/44937] INFO  server.RaftServerConfigKeys (ConfUtils.java:logGet(44)) - raft.server.storage.dir = [/home/runner/work/ozone/ozone/hadoop-ozone/integration-test/target/test-dir/MiniOzoneClusterImpl-73ba9704-0a97-4d3d-983a-0dacfed22b51/omNode-1/ratis] (custom)
2022-03-03 07:26:07,894 [Listener at localhost/44937] INFO  server.RaftServer (RaftServerProxy.java:lambda$null$1(235)) - omNode-1: found a subdirectory /home/runner/work/ozone/ozone/hadoop-ozone/integration-test/target/test-dir/MiniOzoneClusterImpl-73ba9704-0a97-4d3d-983a-0dacfed22b51/omNode-1/ratis/c9bc4cf4-3bc3-3c60-a66b-523986131536
2022-03-03 07:26:07,895 [Listener at localhost/44937] INFO  server.RaftServer (RaftServerProxy.java:addNew(95)) - omNode-1: addNew group-523986131536:[omNode-3|rpc:localhost:45161|priority:0, omNode-1|rpc:localhost:38685|priority:0, omNode-2|rpc:localhost:34483|priority:0] returns group-523986131536:java.util.concurrent.CompletableFuture@6f74c75b[Not completed]
2022-03-03 07:26:07,895 [Listener at localhost/44937] INFO  om.OzoneManager (OzoneManager.java:initializeRatisServer(1834)) - OzoneManager Ratis server initialized at port 38685
2022-03-03 07:26:07,895 [Listener at localhost/44937] INFO  ratis.OzoneManagerRatisServer (OzoneManagerRatisServer.java:start(554)) - Starting OzoneManagerRatisServer omNode-1 at port 38685
2022-03-03 07:26:07,895 [pool-212-thread-1] INFO  server.RaftServer$Division (RaftServerImpl.java:<init>(184)) - omNode-1: new RaftServerImpl for group-523986131536:[omNode-3|rpc:localhost:45161|priority:0, omNode-1|rpc:localhost:38685|priority:0, omNode-2|rpc:localhost:34483|priority:0] with OzoneManagerStateMachine:uninitialized
2022-03-03 07:26:07,896 [pool-212-thread-1] INFO  server.RaftServerConfigKeys (ConfUtils.java:logGet(44)) - raft.server.rpc.timeout.min = 1s (custom)
2022-03-03 07:26:07,896 [pool-212-thread-1] INFO  server.RaftServerConfigKeys (ConfUtils.java:logGet(44)) - raft.server.rpc.timeout.max = 1200ms (custom)
2022-03-03 07:26:07,896 [pool-212-thread-1] INFO  server.RaftServerConfigKeys (ConfUtils.java:logGet(44)) - raft.server.rpc.sleep.time = 25ms (default)
2022-03-03 07:26:07,897 [pool-212-thread-1] INFO  server.RaftServerConfigKeys (ConfUtils.java:logGet(44)) - raft.server.rpc.slowness.timeout = 2s (custom)
2022-03-03 07:26:07,897 [pool-212-thread-1] INFO  server.RaftServerConfigKeys (ConfUtils.java:logGet(44)) - raft.server.leaderelection.leader.step-down.wait-time = 10s (default)
2022-03-03 07:26:07,897 [pool-212-thread-1] INFO  server.RaftServerConfigKeys (ConfUtils.java:logGet(44)) - raft.server.sleep.deviation.threshold = 300ms (default)
2022-03-03 07:26:07,897 [pool-212-thread-1] INFO  server.RaftServerConfigKeys (ConfUtils.java:logGet(44)) - raft.server.log.appender.install.snapshot.enabled = false (custom)
2022-03-03 07:26:07,897 [pool-212-thread-1] INFO  server.RaftServer$Division (ServerState.java:<init>(105)) - omNode-1@group-523986131536: ConfigurationManager, init=-1: [omNode-3|rpc:localhost:45161|priority:0, omNode-1|rpc:localhost:38685|priority:0, omNode-2|rpc:localhost:34483|priority:0], old=null, confs=<EMPTY_MAP>
2022-03-03 07:26:07,897 [pool-212-thread-1] INFO  server.RaftServerConfigKeys (ConfUtils.java:logGet(44)) - raft.server.storage.dir = [/home/runner/work/ozone/ozone/hadoop-ozone/integration-test/target/test-dir/MiniOzoneClusterImpl-73ba9704-0a97-4d3d-983a-0dacfed22b51/omNode-1/ratis] (custom)
2022-03-03 07:26:07,898 [pool-212-thread-1] INFO  server.RaftServerConfigKeys (ConfUtils.java:logGet(44)) - raft.server.log.corruption.policy = EXCEPTION (default)
2022-03-03 07:26:07,898 [pool-212-thread-1] INFO  server.RaftServerConfigKeys (ConfUtils.java:logGet(44)) - raft.server.storage.free-space.min = 0MB (=0) (default)
2022-03-03 07:26:07,899 [pool-212-thread-1] INFO  storage.RaftStorageDirectory (RaftStorageDirectoryImpl.java:tryLock(230)) - Lock on /home/runner/work/ozone/ozone/hadoop-ozone/integration-test/target/test-dir/MiniOzoneClusterImpl-73ba9704-0a97-4d3d-983a-0dacfed22b51/omNode-1/ratis/c9bc4cf4-3bc3-3c60-a66b-523986131536/in_use.lock acquired by nodename 30716@fv-az501-749
2022-03-03 07:26:07,899 [pool-212-thread-1] INFO  storage.RaftStorage (RaftStorageImpl.java:analyzeAndRecoverStorage(110)) - Read RaftStorageMetadata{term=2, votedFor=omNode-3} from /home/runner/work/ozone/ozone/hadoop-ozone/integration-test/target/test-dir/MiniOzoneClusterImpl-73ba9704-0a97-4d3d-983a-0dacfed22b51/omNode-1/ratis/c9bc4cf4-3bc3-3c60-a66b-523986131536/current/raft-meta
2022-03-03 07:26:07,900 [pool-212-thread-1] INFO  server.RaftServer$Division (ServerState.java:setRaftConf(387)) - omNode-1@group-523986131536: set configuration 0: [omNode-3|rpc:localhost:45161|admin:|client:|dataStream:|priority:0, omNode-1|rpc:localhost:38685|admin:|client:|dataStream:|priority:0, omNode-2|rpc:localhost:34483|admin:|client:|dataStream:|priority:0], old=null
2022-03-03 07:26:07,900 [pool-212-thread-1] INFO  server.RaftServerConfigKeys (ConfUtils.java:logGet(44)) - raft.server.notification.no-leader.timeout = 2s (custom)
2022-03-03 07:26:07,900 [pool-212-thread-1] INFO  server.RaftServerConfigKeys (ConfUtils.java:logGet(44)) - raft.server.log.use.memory = false (default)
2022-03-03 07:26:07,900 [pool-212-thread-1] INFO  server.RaftServerConfigKeys (ConfUtils.java:logGet(44)) - raft.server.log.purge.gap = 50 (custom)
2022-03-03 07:26:07,900 [pool-212-thread-1] INFO  server.RaftServerConfigKeys (ConfUtils.java:logGet(44)) - raft.server.log.appender.buffer.byte-limit = 33554432 (custom)
2022-03-03 07:26:07,900 [pool-212-thread-1] INFO  server.RaftServerConfigKeys (ConfUtils.java:logGet(44)) - raft.server.log.segment.size.max = 4194304 (custom)
2022-03-03 07:26:07,901 [pool-212-thread-1] INFO  server.RaftServerConfigKeys (ConfUtils.java:logGet(44)) - raft.server.log.segment.cache.num.max = 2 (custom)
2022-03-03 07:26:07,901 [pool-212-thread-1] INFO  server.RaftServerConfigKeys (ConfUtils.java:logGet(44)) - raft.server.log.segment.cache.size.max = 200MB (=209715200) (default)
2022-03-03 07:26:07,901 [pool-212-thread-1] INFO  segmented.SegmentedRaftLogWorker (SegmentedRaftLogWorker.java:<init>(182)) - new omNode-1@group-523986131536-SegmentedRaftLogWorker for RaftStorageImpl:Storage Directory /home/runner/work/ozone/ozone/hadoop-ozone/integration-test/target/test-dir/MiniOzoneClusterImpl-73ba9704-0a97-4d3d-983a-0dacfed22b51/omNode-1/ratis/c9bc4cf4-3bc3-3c60-a66b-523986131536
2022-03-03 07:26:07,901 [pool-212-thread-1] INFO  server.RaftServerConfigKeys (ConfUtils.java:logGet(44)) - raft.server.log.queue.byte-limit = 64MB (=67108864) (default)
2022-03-03 07:26:07,901 [pool-212-thread-1] INFO  server.RaftServerConfigKeys (ConfUtils.java:logGet(44)) - raft.server.log.queue.element-limit = 4096 (default)
2022-03-03 07:26:07,901 [pool-212-thread-1] INFO  server.RaftServerConfigKeys (ConfUtils.java:logGet(44)) - raft.server.log.segment.size.max = 4194304 (custom)
2022-03-03 07:26:07,901 [pool-212-thread-1] INFO  server.RaftServerConfigKeys (ConfUtils.java:logGet(44)) - raft.server.log.preallocated.size = 4194304 (custom)
2022-03-03 07:26:07,901 [pool-212-thread-1] INFO  server.RaftServerConfigKeys (ConfUtils.java:logGet(44)) - raft.server.log.force.sync.num = 128 (default)
2022-03-03 07:26:07,901 [pool-212-thread-1] INFO  server.RaftServerConfigKeys (ConfUtils.java:logGet(44)) - raft.server.log.statemachine.data.sync = true (default)
2022-03-03 07:26:07,902 [pool-212-thread-1] INFO  server.RaftServerConfigKeys (ConfUtils.java:logGet(44)) - raft.server.log.statemachine.data.sync.timeout = 10s (default)
2022-03-03 07:26:07,902 [pool-212-thread-1] INFO  server.RaftServerConfigKeys (ConfUtils.java:logGet(44)) - raft.server.log.statemachine.data.sync.timeout.retry = -1 (default)
2022-03-03 07:26:07,903 [pool-212-thread-1] INFO  server.RaftServerConfigKeys (ConfUtils.java:logGet(44)) - raft.server.log.write.buffer.size = 64KB (=65536) (default)
2022-03-03 07:26:07,903 [pool-212-thread-1] INFO  server.RaftServerConfigKeys (ConfUtils.java:logGet(44)) - raft.server.log.statemachine.data.caching.enabled = false (default)
2022-03-03 07:26:07,904 [pool-212-thread-1] INFO  server.RaftServer$Division (ServerState.java:setRaftConf(387)) - omNode-1@group-523986131536: set configuration 0: [omNode-3|rpc:localhost:45161|admin:|client:|dataStream:|priority:0, omNode-1|rpc:localhost:38685|admin:|client:|dataStream:|priority:0, omNode-2|rpc:localhost:34483|admin:|client:|dataStream:|priority:0], old=null
2022-03-03 07:26:07,904 [pool-212-thread-1] INFO  segmented.LogSegment (LogSegment.java:loadSegment(173)) - Successfully read 16 entries from segment file /home/runner/work/ozone/ozone/hadoop-ozone/integration-test/target/test-dir/MiniOzoneClusterImpl-73ba9704-0a97-4d3d-983a-0dacfed22b51/omNode-1/ratis/c9bc4cf4-3bc3-3c60-a66b-523986131536/current/log_inprogress_0
2022-03-03 07:26:07,909 [pool-212-thread-1] INFO  segmented.SegmentedRaftLogWorker (SegmentedRaftLogWorker.java:lambda$new$0(133)) - omNode-1@group-523986131536-SegmentedRaftLogWorker: flushIndex: setUnconditionally 0 -> 15
2022-03-03 07:26:07,909 [pool-212-thread-1] INFO  segmented.SegmentedRaftLogWorker (SegmentedRaftLogWorker.java:lambda$new$0(133)) - omNode-1@group-523986131536-SegmentedRaftLogWorker: safeCacheEvictIndex: setUnconditionally 0 -> -1
2022-03-03 07:26:07,910 [pool-212-thread-1] INFO  raftlog.RaftLog (RaftLogBase.java:lambda$new$0(53)) - omNode-1@group-523986131536-SegmentedRaftLog: commitIndex: updateToMax old=13, new=12, updated? false
2022-03-03 07:26:07,910 [pool-212-thread-1] INFO  server.RaftServerConfigKeys (ConfUtils.java:logGet(44)) - raft.server.snapshot.auto.trigger.enabled = true (custom)
2022-03-03 07:26:07,914 [pool-212-thread-1] INFO  server.RaftServerConfigKeys (ConfUtils.java:logGet(44)) - raft.server.snapshot.auto.trigger.threshold = 50 (custom)
2022-03-03 07:26:07,914 [pool-212-thread-1] INFO  server.RaftServerConfigKeys (ConfUtils.java:logGet(44)) - raft.server.snapshot.retention.file.num = -1 (default)
2022-03-03 07:26:07,915 [pool-212-thread-1] INFO  server.RaftServerConfigKeys (ConfUtils.java:logGet(44)) - raft.server.log.purge.upto.snapshot.index = true (custom)
2022-03-03 07:26:07,915 [pool-212-thread-1] INFO  server.RaftServerConfigKeys (ConfUtils.java:logGet(44)) - raft.server.retrycache.expirytime = 30000ms (custom)
2022-03-03 07:26:07,915 [pool-212-thread-1] INFO  server.RaftServerConfigKeys (ConfUtils.java:logGet(44)) - raft.server.retrycache.statistics.expirytime = 100μs (default)
2022-03-03 07:26:07,916 [Listener at localhost/44937] INFO  server.RaftServer$Division (RaftServerImpl.java:start(301)) - omNode-1@group-523986131536: start as a follower, conf=0: [omNode-3|rpc:localhost:45161|admin:|client:|dataStream:|priority:0, omNode-1|rpc:localhost:38685|admin:|client:|dataStream:|priority:0, omNode-2|rpc:localhost:34483|admin:|client:|dataStream:|priority:0], old=null
2022-03-03 07:26:07,916 [Listener at localhost/44937] INFO  server.RaftServer$Division (RaftServerImpl.java:setRole(290)) - omNode-1@group-523986131536: changes role from      null to FOLLOWER at term 2 for startAsFollower
2022-03-03 07:26:07,917 [Listener at localhost/44937] INFO  impl.RoleInfo (RoleInfo.java:updateAndGet(130)) - omNode-1: start omNode-1@group-523986131536-FollowerState
2022-03-03 07:26:07,917 [Listener at localhost/44937] INFO  util.JmxRegister (JmxRegister.java:tryRegister(44)) - Successfully registered JMX Bean with object name Ratis:service=RaftServer,group=group-523986131536,id=omNode-1
2022-03-03 07:26:07,918 [Listener at localhost/44937] INFO  server.RaftServer (RaftServerProxy.java:lambda$start$5(374)) - omNode-1: start RPC server
2022-03-03 07:26:07,919 [Listener at localhost/44937] INFO  server.GrpcService (GrpcService.java:startImpl(253)) - omNode-1: GrpcService started, listening on 38685
2022-03-03 07:26:07,919 [org.apache.ratis.util.JvmPauseMonitor$$Lambda$422/311185452@5a97364e] INFO  util.JvmPauseMonitor (JvmPauseMonitor.java:run(103)) - JvmPauseMonitor-omNode-1: Started
2022-03-03 07:26:07,919 [Listener at localhost/44937] INFO  ipc.CallQueueManager (CallQueueManager.java:<init>(90)) - Using callQueue: class java.util.concurrent.LinkedBlockingQueue, queueCapacity: 2000, scheduler: class org.apache.hadoop.ipc.DefaultRpcScheduler, ipcBackoff: false.
2022-03-03 07:26:07,920 [Socket Reader #1 for port 41283] INFO  ipc.Server (Server.java:run(1265)) - Starting Socket Reader #1 for port 41283
2022-03-03 07:26:07,924 [Listener at localhost/41283] INFO  http.BaseHttpServer (BaseHttpServer.java:newHttpServer2BuilderForOzone(209)) - Starting Web-server for ozoneManager at: http://0.0.0.0:46553
2022-03-03 07:26:07,924 [Listener at localhost/41283] INFO  http.BaseHttpServer (BaseHttpServer.java:<init>(107)) - Hadoop Security Enabled: false Ozone Security Enabled: false Ozone HTTP Security Enabled: false 
2022-03-03 07:26:07,925 [Listener at localhost/41283] INFO  server.AuthenticationFilter (AuthenticationFilter.java:constructSecretProvider(240)) - Unable to initialize FileSignerSecretProvider, falling back to use random secrets.
2022-03-03 07:26:07,926 [Listener at localhost/41283] WARN  http.HttpRequestLog (HttpRequestLog.java:getRequestLog(103)) - Jetty request log can only be enabled using Log4j
2022-03-03 07:26:07,927 [Listener at localhost/41283] INFO  http.HttpServer2 (HttpServer2.java:addGlobalFilter(1030)) - Added global filter 'safety' (class=org.apache.hadoop.hdds.server.http.HttpServer2$QuotingInputFilter)
2022-03-03 07:26:07,928 [Listener at localhost/41283] INFO  http.HttpServer2 (HttpServer2.java:addFilter(1006)) - Added filter static_user_filter (class=org.apache.hadoop.http.lib.StaticUserWebFilter$StaticUserFilter) to context ozoneManager
2022-03-03 07:26:07,928 [Listener at localhost/41283] INFO  http.HttpServer2 (HttpServer2.java:addFilter(1014)) - Added filter static_user_filter (class=org.apache.hadoop.http.lib.StaticUserWebFilter$StaticUserFilter) to context logs
2022-03-03 07:26:07,928 [Listener at localhost/41283] INFO  http.HttpServer2 (HttpServer2.java:addFilter(1014)) - Added filter static_user_filter (class=org.apache.hadoop.http.lib.StaticUserWebFilter$StaticUserFilter) to context static
2022-03-03 07:26:07,929 [Listener at localhost/41283] INFO  http.HttpServer2 (HttpServer2.java:bindListener(1249)) - Jetty bound to port 46553
2022-03-03 07:26:07,929 [Listener at localhost/41283] INFO  server.Server (Server.java:doStart(375)) - jetty-9.4.43.v20210629; built: 2021-06-30T11:07:22.254Z; git: 526006ecfa3af7f1a27ef3a288e2bef7ea9dd7e8; jvm 1.8.0_322-b06
2022-03-03 07:26:07,930 [Listener at localhost/41283] INFO  server.session (DefaultSessionIdManager.java:doStart(334)) - DefaultSessionIdManager workerName=node0
2022-03-03 07:26:07,930 [Listener at localhost/41283] INFO  server.session (DefaultSessionIdManager.java:doStart(339)) - No SessionScavenger set, using defaults
2022-03-03 07:26:07,931 [Listener at localhost/41283] INFO  server.session (HouseKeeper.java:startScavenging(132)) - node0 Scavenging every 600000ms
2022-03-03 07:26:07,931 [Listener at localhost/41283] INFO  handler.ContextHandler (ContextHandler.java:doStart(915)) - Started o.e.j.s.ServletContextHandler@44be1368{logs,/logs,file:///home/runner/work/ozone/ozone/hadoop-ozone/integration-test/target/log,AVAILABLE}
2022-03-03 07:26:07,932 [Listener at localhost/41283] INFO  handler.ContextHandler (ContextHandler.java:doStart(915)) - Started o.e.j.s.ServletContextHandler@1430ebe8{static,/static,file:///home/runner/work/ozone/ozone/hadoop-ozone/integration-test/target/test-classes/webapps/static,AVAILABLE}
2022-03-03 07:26:07,936 [Listener at localhost/41283] INFO  handler.ContextHandler (ContextHandler.java:doStart(915)) - Started o.e.j.w.WebAppContext@4fde2990{ozoneManager,/,file:///home/runner/work/ozone/ozone/hadoop-ozone/integration-test/target/test-classes/webapps/ozoneManager/,AVAILABLE}{file:/home/runner/work/ozone/ozone/hadoop-ozone/integration-test/target/test-classes/webapps/ozoneManager}
2022-03-03 07:26:07,938 [Listener at localhost/41283] INFO  server.AbstractConnector (AbstractConnector.java:doStart(331)) - Started ServerConnector@7c9de36b{HTTP/1.1, (http/1.1)}{0.0.0.0:46553}
2022-03-03 07:26:07,938 [Listener at localhost/41283] INFO  server.Server (Server.java:doStart(415)) - Started @159464ms
2022-03-03 07:26:07,938 [Listener at localhost/41283] WARN  impl.MetricsSystemImpl (MetricsSystemImpl.java:register(279)) - Sink prometheus already exists!
2022-03-03 07:26:07,939 [Listener at localhost/41283] INFO  http.BaseHttpServer (BaseHttpServer.java:updateConnectorAddress(329)) - HTTP server of ozoneManager listening at http://0.0.0.0:46553
2022-03-03 07:26:07,939 [IPC Server Responder] INFO  ipc.Server (Server.java:run(1507)) - IPC Server Responder: starting
2022-03-03 07:26:07,942 [IPC Server listener on 41283] INFO  ipc.Server (Server.java:run(1344)) - IPC Server listener on 41283: starting
2022-03-03 07:26:07,955 [Listener at localhost/41283] INFO  om.OzoneManager (OzoneManager.java:startTrashEmptier(1792)) - Trash Interval set to 0. Files deleted will not move to trash
2022-03-03 07:26:07,956 [Listener at localhost/41283] INFO  om.OzoneManager (OzoneManager.java:stop(1893)) - omNode-2[localhost:35909]: Stopping Ozone Manager
2022-03-03 07:26:07,956 [org.apache.hadoop.util.JvmPauseMonitor$Monitor@3ddf3208] INFO  util.JvmPauseMonitor (JvmPauseMonitor.java:run(188)) - Starting JVM pause monitor
2022-03-03 07:26:07,957 [Listener at localhost/41283] INFO  ipc.Server (Server.java:stop(3414)) - Stopping server on 35909
2022-03-03 07:26:07,959 [IPC Server listener on 35909] INFO  ipc.Server (Server.java:run(1376)) - Stopping IPC Server listener on 35909
2022-03-03 07:26:07,960 [IPC Server Responder] INFO  ipc.Server (Server.java:run(1512)) - Stopping IPC Server Responder
2022-03-03 07:26:07,962 [Listener at localhost/41283] INFO  server.RaftServer (RaftServerProxy.java:lambda$close$6(391)) - omNode-2: close
2022-03-03 07:26:07,962 [Listener at localhost/41283] INFO  server.RaftServer$Division (RaftServerImpl.java:lambda$close$4(412)) - omNode-2@group-523986131536: shutdown
2022-03-03 07:26:07,963 [Listener at localhost/41283] INFO  util.JmxRegister (JmxRegister.java:unregister(73)) - Successfully un-registered JMX Bean with object name Ratis:service=RaftServer,group=group-523986131536,id=omNode-2
2022-03-03 07:26:07,963 [Listener at localhost/41283] INFO  impl.RoleInfo (RoleInfo.java:shutdownFollowerState(108)) - omNode-2: shutdown omNode-2@group-523986131536-FollowerState
2022-03-03 07:26:07,963 [omNode-2@group-523986131536-FollowerState] INFO  impl.FollowerState (FollowerState.java:run(143)) - omNode-2@group-523986131536-FollowerState was interrupted: {}
java.lang.InterruptedException: sleep interrupted
	at java.lang.Thread.sleep(Native Method)
	at java.lang.Thread.sleep(Thread.java:342)
	at java.util.concurrent.TimeUnit.sleep(TimeUnit.java:386)
	at org.apache.ratis.util.TimeDuration.sleep(TimeDuration.java:324)
	at org.apache.ratis.util.TimeDuration.sleep(TimeDuration.java:309)
	at org.apache.ratis.server.impl.FollowerState.run(FollowerState.java:118)
2022-03-03 07:26:07,963 [Listener at localhost/41283] INFO  impl.StateMachineUpdater (StateMachineUpdater.java:stopAndJoin(149)) - omNode-2@group-523986131536-StateMachineUpdater: set stopIndex = 13
2022-03-03 07:26:07,963 [omNode-2@group-523986131536-StateMachineUpdater] INFO  ratis.OzoneManagerStateMachine (OzoneManagerStateMachine.java:takeSnapshot(417)) - Current Snapshot Index (t:2, i:13)
2022-03-03 07:26:07,964 [omNode-2@group-523986131536-StateMachineUpdater] INFO  impl.StateMachineUpdater (StateMachineUpdater.java:takeSnapshot(281)) - omNode-2@group-523986131536-StateMachineUpdater: Took a snapshot at index 13
2022-03-03 07:26:07,964 [omNode-2@group-523986131536-StateMachineUpdater] INFO  impl.StateMachineUpdater (StateMachineUpdater.java:lambda$new$0(89)) - omNode-2@group-523986131536-StateMachineUpdater: snapshotIndex: updateIncreasingly -1 -> 13
2022-03-03 07:26:07,964 [omNode-2@group-523986131536-StateMachineUpdater] INFO  ratis.OzoneManagerStateMachine (OzoneManagerStateMachine.java:close(471)) - StateMachine has shutdown. Shutdown OzoneManager if not already shutdown.
2022-03-03 07:26:07,965 [Listener at localhost/41283] INFO  server.RaftServer$Division (ServerState.java:close(419)) - omNode-2@group-523986131536: closes. applyIndex: 13
2022-03-03 07:26:07,965 [omNode-2@group-523986131536-SegmentedRaftLogWorker] INFO  segmented.SegmentedRaftLogWorker (SegmentedRaftLogWorker.java:run(327)) - omNode-2@group-523986131536-SegmentedRaftLogWorker was interrupted, exiting. There are 0 tasks remaining in the queue.
2022-03-03 07:26:07,967 [Listener at localhost/41283] INFO  segmented.SegmentedRaftLogWorker (SegmentedRaftLogWorker.java:close(237)) - omNode-2@group-523986131536-SegmentedRaftLogWorker close()
2022-03-03 07:26:07,968 [Listener at localhost/41283] INFO  server.GrpcService (GrpcService.java:closeImpl(262)) - omNode-2: shutdown server with port 34483 now
2022-03-03 07:26:07,971 [Listener at localhost/41283] INFO  server.GrpcService (GrpcService.java:closeImpl(271)) - omNode-2: shutdown server with port 34483 successfully
2022-03-03 07:26:07,971 [org.apache.ratis.util.JvmPauseMonitor$$Lambda$422/311185452@6e26d0b3] INFO  util.JvmPauseMonitor (JvmPauseMonitor.java:run(109)) - JvmPauseMonitor-omNode-2: Stopped
2022-03-03 07:26:07,972 [Listener at localhost/41283] INFO  ratis.OzoneManagerDoubleBuffer (OzoneManagerDoubleBuffer.java:stop(437)) - Stopping OMDoubleBuffer flush thread
2022-03-03 07:26:07,972 [OMDoubleBufferFlushThread] INFO  ratis.OzoneManagerDoubleBuffer (OzoneManagerDoubleBuffer.java:flushTransactions(356)) - OMDoubleBuffer flush thread OMDoubleBufferFlushThread is interrupted and will exit. OMDoubleBufferFlushThread
2022-03-03 07:26:07,973 [Listener at localhost/41283] INFO  utils.BackgroundService (BackgroundService.java:shutdown(132)) - Shutting down service KeyDeletingService
2022-03-03 07:26:07,974 [Listener at localhost/41283] INFO  utils.BackgroundService (BackgroundService.java:shutdown(132)) - Shutting down service DirectoryDeletingService
2022-03-03 07:26:07,976 [Listener at localhost/41283] INFO  handler.ContextHandler (ContextHandler.java:doStop(1153)) - Stopped o.e.j.w.WebAppContext@4ebd3d4c{ozoneManager,/,null,STOPPED}{file:/home/runner/work/ozone/ozone/hadoop-ozone/integration-test/target/test-classes/webapps/ozoneManager}
2022-03-03 07:26:07,976 [Listener at localhost/41283] INFO  server.AbstractConnector (AbstractConnector.java:doStop(381)) - Stopped ServerConnector@6afec4b1{HTTP/1.1, (http/1.1)}{0.0.0.0:33963}
2022-03-03 07:26:07,976 [Listener at localhost/41283] INFO  server.session (HouseKeeper.java:stopScavenging(149)) - node0 Stopped scavenging
2022-03-03 07:26:07,977 [Listener at localhost/41283] INFO  handler.ContextHandler (ContextHandler.java:doStop(1153)) - Stopped o.e.j.s.ServletContextHandler@c94f221{static,/static,file:///home/runner/work/ozone/ozone/hadoop-ozone/integration-test/target/test-classes/webapps/static,STOPPED}
2022-03-03 07:26:07,981 [Listener at localhost/41283] INFO  handler.ContextHandler (ContextHandler.java:doStop(1153)) - Stopped o.e.j.s.ServletContextHandler@24328fca{logs,/logs,file:///home/runner/work/ozone/ozone/hadoop-ozone/integration-test/target/log,STOPPED}
2022-03-03 07:26:07,985 [Listener at localhost/41283] INFO  om.OzoneManager (OzoneManager.java:restart(1451)) - OzoneManager RPC server is listening at localhost/127.0.0.1:35909
2022-03-03 07:26:07,986 [Listener at localhost/41283] INFO  impl.MetricsSystemImpl (MetricsSystemImpl.java:init(158)) - OzoneManager metrics system started (again)
2022-03-03 07:26:08,002 [Listener at localhost/41283] WARN  server.ServerUtils (ServerUtils.java:getDBPath(225)) - ozone.om.db.dirs is not configured. We recommend adding this setting. Falling back to ozone.metadata.dirs instead.
2022-03-03 07:26:08,004 [Listener at localhost/41283] INFO  codec.OmKeyInfoCodec (OmKeyInfoCodec.java:<init>(50)) - OmKeyInfoCodec ignorePipeline = true
2022-03-03 07:26:08,004 [Listener at localhost/41283] INFO  codec.RepeatedOmKeyInfoCodec (RepeatedOmKeyInfoCodec.java:<init>(42)) - RepeatedOmKeyInfoCodec ignorePipeline = true
2022-03-03 07:26:08,049 [Listener at localhost/41283] WARN  om.OzoneManager (OzoneManager.java:instantiatePrepareStateOnStartup(3818)) - Prepare marker file index 13 does not match DB prepare index 12. Writing DB index to prepare file and maintaining prepared state.
2022-03-03 07:26:08,049 [Listener at localhost/41283] INFO  om.OzoneManagerPrepareState (OzoneManagerPrepareState.java:writePrepareMarkerFile(262)) - Prepare marker file written with log index 12 to file /home/runner/work/ozone/ozone/hadoop-ozone/integration-test/target/test-dir/MiniOzoneClusterImpl-73ba9704-0a97-4d3d-983a-0dacfed22b51/omNode-2/current/prepareMarker
2022-03-03 07:26:08,050 [Listener at localhost/41283] WARN  impl.MetricRegistriesImpl (MetricRegistriesImpl.java:addReporterRegistration(111)) - New reporters are added after registries were created. Some metrics will be missing from the reporter. Please add reporter before adding any new registry.
2022-03-03 07:26:08,050 [Listener at localhost/41283] WARN  impl.MetricRegistriesImpl (MetricRegistriesImpl.java:addReporterRegistration(111)) - New reporters are added after registries were created. Some metrics will be missing from the reporter. Please add reporter before adding any new registry.
2022-03-03 07:26:08,050 [Listener at localhost/41283] WARN  server.ServerUtils (ServerUtils.java:getDefaultRatisDirectory(237)) - Storage directory for Ratis is not configured. It is a good idea to map this to an SSD disk. Falling back to ozone.metadata.dirs
2022-03-03 07:26:08,052 [Listener at localhost/41283] INFO  ratis.OzoneManagerRatisServer (OzoneManagerRatisServer.java:<init>(159)) - Instantiating OM Ratis server with groupID: om-service-test1 and peers: localhost:34483, localhost:45161, localhost:38685
2022-03-03 07:26:08,052 [Listener at localhost/41283] INFO  ratis.OzoneManagerStateMachine (OzoneManagerStateMachine.java:loadSnapshotInfoFromDB(605)) - LastAppliedIndex is set from TransactionInfo from OM DB as (t:2, i:13)
2022-03-03 07:26:08,053 [Listener at localhost/41283] INFO  server.RaftServer (ConfUtils.java:logGet(44)) - raft.rpc.type = GRPC (default)
2022-03-03 07:26:08,053 [Listener at localhost/41283] INFO  grpc.GrpcFactory (GrpcFactory.java:checkPooledByteBufAllocatorUseCacheForAllThreads(48)) - PERFORMANCE WARNING: useCacheForAllThreads is true that may cause Netty to create a lot garbage objects and, as a result, trigger GC.
	It is recommended to disable useCacheForAllThreads by setting -Dorg.apache.ratis.thirdparty.io.netty.allocator.useCacheForAllThreads=false in command line.
2022-03-03 07:26:08,053 [Listener at localhost/41283] INFO  grpc.GrpcConfigKeys (ConfUtils.java:logGet(44)) - raft.grpc.admin.port = -1 (default)
2022-03-03 07:26:08,053 [Listener at localhost/41283] INFO  grpc.GrpcConfigKeys (ConfUtils.java:logGet(44)) - raft.grpc.server.port = 34483 (custom)
2022-03-03 07:26:08,053 [Listener at localhost/41283] INFO  grpc.GrpcConfigKeys (ConfUtils.java:logGet(44)) - raft.grpc.client.port = -1 (default)
2022-03-03 07:26:08,053 [Listener at localhost/41283] INFO  grpc.GrpcConfigKeys (ConfUtils.java:logGet(44)) - raft.grpc.server.port = 34483 (custom)
2022-03-03 07:26:08,053 [Listener at localhost/41283] INFO  grpc.GrpcConfigKeys (ConfUtils.java:logGet(44)) - raft.grpc.server.port = 34483 (custom)
2022-03-03 07:26:08,054 [Listener at localhost/41283] INFO  server.GrpcService (ConfUtils.java:logGet(44)) - raft.grpc.message.size.max = 33554432 (custom)
2022-03-03 07:26:08,054 [Listener at localhost/41283] INFO  server.RaftServerConfigKeys (ConfUtils.java:logGet(44)) - raft.server.log.appender.buffer.byte-limit = 33554432 (custom)
2022-03-03 07:26:08,054 [Listener at localhost/41283] INFO  server.GrpcService (ConfUtils.java:logGet(44)) - raft.grpc.flow.control.window = 1MB (=1048576) (default)
2022-03-03 07:26:08,054 [Listener at localhost/41283] INFO  server.RaftServerConfigKeys (ConfUtils.java:logGet(44)) - raft.server.rpc.request.timeout = 3000ms (default)
2022-03-03 07:26:08,055 [Listener at localhost/41283] INFO  impl.DataStreamServerImpl (ConfUtils.java:logGet(44)) - raft.datastream.type = DISABLED (default)
2022-03-03 07:26:08,056 [Listener at localhost/41283] INFO  server.RaftServerConfigKeys (ConfUtils.java:logGet(44)) - raft.server.rpc.slowness.timeout = 2s (custom)
2022-03-03 07:26:08,056 [Listener at localhost/41283] INFO  server.RaftServerConfigKeys (ConfUtils.java:logGet(44)) - raft.server.leaderelection.leader.step-down.wait-time = 10s (default)
2022-03-03 07:26:08,056 [Listener at localhost/41283] INFO  server.RaftServerConfigKeys (ConfUtils.java:logGet(44)) - raft.server.storage.dir = [/home/runner/work/ozone/ozone/hadoop-ozone/integration-test/target/test-dir/MiniOzoneClusterImpl-73ba9704-0a97-4d3d-983a-0dacfed22b51/omNode-2/ratis] (custom)
2022-03-03 07:26:08,056 [Listener at localhost/41283] INFO  server.RaftServer (RaftServerProxy.java:lambda$null$1(235)) - omNode-2: found a subdirectory /home/runner/work/ozone/ozone/hadoop-ozone/integration-test/target/test-dir/MiniOzoneClusterImpl-73ba9704-0a97-4d3d-983a-0dacfed22b51/omNode-2/ratis/c9bc4cf4-3bc3-3c60-a66b-523986131536
2022-03-03 07:26:08,057 [Listener at localhost/41283] INFO  server.RaftServer (RaftServerProxy.java:addNew(95)) - omNode-2: addNew group-523986131536:[omNode-3|rpc:localhost:45161|priority:0, omNode-1|rpc:localhost:38685|priority:0, omNode-2|rpc:localhost:34483|priority:0] returns group-523986131536:java.util.concurrent.CompletableFuture@f721b03[Not completed]
2022-03-03 07:26:08,057 [Listener at localhost/41283] INFO  om.OzoneManager (OzoneManager.java:initializeRatisServer(1834)) - OzoneManager Ratis server initialized at port 34483
2022-03-03 07:26:08,057 [Listener at localhost/41283] INFO  ratis.OzoneManagerRatisServer (OzoneManagerRatisServer.java:start(554)) - Starting OzoneManagerRatisServer omNode-2 at port 34483
2022-03-03 07:26:08,057 [pool-232-thread-1] INFO  server.RaftServer$Division (RaftServerImpl.java:<init>(184)) - omNode-2: new RaftServerImpl for group-523986131536:[omNode-3|rpc:localhost:45161|priority:0, omNode-1|rpc:localhost:38685|priority:0, omNode-2|rpc:localhost:34483|priority:0] with OzoneManagerStateMachine:uninitialized
2022-03-03 07:26:08,058 [pool-232-thread-1] INFO  server.RaftServerConfigKeys (ConfUtils.java:logGet(44)) - raft.server.rpc.timeout.min = 1s (custom)
2022-03-03 07:26:08,058 [pool-232-thread-1] INFO  server.RaftServerConfigKeys (ConfUtils.java:logGet(44)) - raft.server.rpc.timeout.max = 1200ms (custom)
2022-03-03 07:26:08,058 [pool-232-thread-1] INFO  server.RaftServerConfigKeys (ConfUtils.java:logGet(44)) - raft.server.rpc.sleep.time = 25ms (default)
2022-03-03 07:26:08,058 [pool-232-thread-1] INFO  server.RaftServerConfigKeys (ConfUtils.java:logGet(44)) - raft.server.rpc.slowness.timeout = 2s (custom)
2022-03-03 07:26:08,058 [pool-232-thread-1] INFO  server.RaftServerConfigKeys (ConfUtils.java:logGet(44)) - raft.server.leaderelection.leader.step-down.wait-time = 10s (default)
2022-03-03 07:26:08,058 [pool-232-thread-1] INFO  server.RaftServerConfigKeys (ConfUtils.java:logGet(44)) - raft.server.sleep.deviation.threshold = 300ms (default)
2022-03-03 07:26:08,058 [pool-232-thread-1] INFO  server.RaftServerConfigKeys (ConfUtils.java:logGet(44)) - raft.server.log.appender.install.snapshot.enabled = false (custom)
2022-03-03 07:26:08,059 [pool-232-thread-1] INFO  server.RaftServer$Division (ServerState.java:<init>(105)) - omNode-2@group-523986131536: ConfigurationManager, init=-1: [omNode-3|rpc:localhost:45161|priority:0, omNode-1|rpc:localhost:38685|priority:0, omNode-2|rpc:localhost:34483|priority:0], old=null, confs=<EMPTY_MAP>
2022-03-03 07:26:08,059 [pool-232-thread-1] INFO  server.RaftServerConfigKeys (ConfUtils.java:logGet(44)) - raft.server.storage.dir = [/home/runner/work/ozone/ozone/hadoop-ozone/integration-test/target/test-dir/MiniOzoneClusterImpl-73ba9704-0a97-4d3d-983a-0dacfed22b51/omNode-2/ratis] (custom)
2022-03-03 07:26:08,059 [pool-232-thread-1] INFO  server.RaftServerConfigKeys (ConfUtils.java:logGet(44)) - raft.server.log.corruption.policy = EXCEPTION (default)
2022-03-03 07:26:08,059 [pool-232-thread-1] INFO  server.RaftServerConfigKeys (ConfUtils.java:logGet(44)) - raft.server.storage.free-space.min = 0MB (=0) (default)
2022-03-03 07:26:08,060 [pool-232-thread-1] INFO  storage.RaftStorageDirectory (RaftStorageDirectoryImpl.java:tryLock(230)) - Lock on /home/runner/work/ozone/ozone/hadoop-ozone/integration-test/target/test-dir/MiniOzoneClusterImpl-73ba9704-0a97-4d3d-983a-0dacfed22b51/omNode-2/ratis/c9bc4cf4-3bc3-3c60-a66b-523986131536/in_use.lock acquired by nodename 30716@fv-az501-749
2022-03-03 07:26:08,061 [pool-232-thread-1] INFO  storage.RaftStorage (RaftStorageImpl.java:analyzeAndRecoverStorage(110)) - Read RaftStorageMetadata{term=2, votedFor=omNode-3} from /home/runner/work/ozone/ozone/hadoop-ozone/integration-test/target/test-dir/MiniOzoneClusterImpl-73ba9704-0a97-4d3d-983a-0dacfed22b51/omNode-2/ratis/c9bc4cf4-3bc3-3c60-a66b-523986131536/current/raft-meta
2022-03-03 07:26:08,061 [pool-232-thread-1] INFO  server.RaftServer$Division (ServerState.java:setRaftConf(387)) - omNode-2@group-523986131536: set configuration 0: [omNode-3|rpc:localhost:45161|admin:|client:|dataStream:|priority:0, omNode-1|rpc:localhost:38685|admin:|client:|dataStream:|priority:0, omNode-2|rpc:localhost:34483|admin:|client:|dataStream:|priority:0], old=null
2022-03-03 07:26:08,061 [pool-232-thread-1] INFO  server.RaftServerConfigKeys (ConfUtils.java:logGet(44)) - raft.server.notification.no-leader.timeout = 2s (custom)
2022-03-03 07:26:08,061 [pool-232-thread-1] INFO  server.RaftServerConfigKeys (ConfUtils.java:logGet(44)) - raft.server.log.use.memory = false (default)
2022-03-03 07:26:08,061 [pool-232-thread-1] INFO  server.RaftServerConfigKeys (ConfUtils.java:logGet(44)) - raft.server.log.purge.gap = 50 (custom)
2022-03-03 07:26:08,061 [pool-232-thread-1] INFO  server.RaftServerConfigKeys (ConfUtils.java:logGet(44)) - raft.server.log.appender.buffer.byte-limit = 33554432 (custom)
2022-03-03 07:26:08,062 [pool-232-thread-1] INFO  server.RaftServerConfigKeys (ConfUtils.java:logGet(44)) - raft.server.log.segment.size.max = 4194304 (custom)
2022-03-03 07:26:08,062 [pool-232-thread-1] INFO  server.RaftServerConfigKeys (ConfUtils.java:logGet(44)) - raft.server.log.segment.cache.num.max = 2 (custom)
2022-03-03 07:26:08,062 [pool-232-thread-1] INFO  server.RaftServerConfigKeys (ConfUtils.java:logGet(44)) - raft.server.log.segment.cache.size.max = 200MB (=209715200) (default)
2022-03-03 07:26:08,062 [pool-232-thread-1] INFO  segmented.SegmentedRaftLogWorker (SegmentedRaftLogWorker.java:<init>(182)) - new omNode-2@group-523986131536-SegmentedRaftLogWorker for RaftStorageImpl:Storage Directory /home/runner/work/ozone/ozone/hadoop-ozone/integration-test/target/test-dir/MiniOzoneClusterImpl-73ba9704-0a97-4d3d-983a-0dacfed22b51/omNode-2/ratis/c9bc4cf4-3bc3-3c60-a66b-523986131536
2022-03-03 07:26:08,062 [pool-232-thread-1] INFO  server.RaftServerConfigKeys (ConfUtils.java:logGet(44)) - raft.server.log.queue.byte-limit = 64MB (=67108864) (default)
2022-03-03 07:26:08,063 [pool-232-thread-1] INFO  server.RaftServerConfigKeys (ConfUtils.java:logGet(44)) - raft.server.log.queue.element-limit = 4096 (default)
2022-03-03 07:26:08,063 [pool-232-thread-1] INFO  server.RaftServerConfigKeys (ConfUtils.java:logGet(44)) - raft.server.log.segment.size.max = 4194304 (custom)
2022-03-03 07:26:08,063 [pool-232-thread-1] INFO  server.RaftServerConfigKeys (ConfUtils.java:logGet(44)) - raft.server.log.preallocated.size = 4194304 (custom)
2022-03-03 07:26:08,063 [pool-232-thread-1] INFO  server.RaftServerConfigKeys (ConfUtils.java:logGet(44)) - raft.server.log.force.sync.num = 128 (default)
2022-03-03 07:26:08,063 [pool-232-thread-1] INFO  server.RaftServerConfigKeys (ConfUtils.java:logGet(44)) - raft.server.log.statemachine.data.sync = true (default)
2022-03-03 07:26:08,063 [pool-232-thread-1] INFO  server.RaftServerConfigKeys (ConfUtils.java:logGet(44)) - raft.server.log.statemachine.data.sync.timeout = 10s (default)
2022-03-03 07:26:08,063 [pool-232-thread-1] INFO  server.RaftServerConfigKeys (ConfUtils.java:logGet(44)) - raft.server.log.statemachine.data.sync.timeout.retry = -1 (default)
2022-03-03 07:26:08,064 [pool-232-thread-1] INFO  server.RaftServerConfigKeys (ConfUtils.java:logGet(44)) - raft.server.log.write.buffer.size = 64KB (=65536) (default)
2022-03-03 07:26:08,064 [pool-232-thread-1] INFO  server.RaftServerConfigKeys (ConfUtils.java:logGet(44)) - raft.server.log.statemachine.data.caching.enabled = false (default)
2022-03-03 07:26:08,065 [pool-232-thread-1] INFO  server.RaftServer$Division (ServerState.java:setRaftConf(387)) - omNode-2@group-523986131536: set configuration 0: [omNode-3|rpc:localhost:45161|admin:|client:|dataStream:|priority:0, omNode-1|rpc:localhost:38685|admin:|client:|dataStream:|priority:0, omNode-2|rpc:localhost:34483|admin:|client:|dataStream:|priority:0], old=null
2022-03-03 07:26:08,066 [pool-232-thread-1] INFO  segmented.LogSegment (LogSegment.java:loadSegment(173)) - Successfully read 16 entries from segment file /home/runner/work/ozone/ozone/hadoop-ozone/integration-test/target/test-dir/MiniOzoneClusterImpl-73ba9704-0a97-4d3d-983a-0dacfed22b51/omNode-2/ratis/c9bc4cf4-3bc3-3c60-a66b-523986131536/current/log_inprogress_0
2022-03-03 07:26:08,066 [pool-232-thread-1] INFO  segmented.SegmentedRaftLogWorker (SegmentedRaftLogWorker.java:lambda$new$0(133)) - omNode-2@group-523986131536-SegmentedRaftLogWorker: flushIndex: setUnconditionally 0 -> 15
2022-03-03 07:26:08,066 [pool-232-thread-1] INFO  segmented.SegmentedRaftLogWorker (SegmentedRaftLogWorker.java:lambda$new$0(133)) - omNode-2@group-523986131536-SegmentedRaftLogWorker: safeCacheEvictIndex: setUnconditionally 0 -> -1
2022-03-03 07:26:08,067 [pool-232-thread-1] INFO  raftlog.RaftLog (RaftLogBase.java:lambda$new$0(53)) - omNode-2@group-523986131536-SegmentedRaftLog: commitIndex: updateToMax old=13, new=12, updated? false
2022-03-03 07:26:08,067 [pool-232-thread-1] INFO  server.RaftServerConfigKeys (ConfUtils.java:logGet(44)) - raft.server.snapshot.auto.trigger.enabled = true (custom)
2022-03-03 07:26:08,067 [pool-232-thread-1] INFO  server.RaftServerConfigKeys (ConfUtils.java:logGet(44)) - raft.server.snapshot.auto.trigger.threshold = 50 (custom)
2022-03-03 07:26:08,067 [pool-232-thread-1] INFO  server.RaftServerConfigKeys (ConfUtils.java:logGet(44)) - raft.server.snapshot.retention.file.num = -1 (default)
2022-03-03 07:26:08,067 [pool-232-thread-1] INFO  server.RaftServerConfigKeys (ConfUtils.java:logGet(44)) - raft.server.log.purge.upto.snapshot.index = true (custom)
2022-03-03 07:26:08,067 [pool-232-thread-1] INFO  server.RaftServerConfigKeys (ConfUtils.java:logGet(44)) - raft.server.retrycache.expirytime = 30000ms (custom)
2022-03-03 07:26:08,067 [pool-232-thread-1] INFO  server.RaftServerConfigKeys (ConfUtils.java:logGet(44)) - raft.server.retrycache.statistics.expirytime = 100μs (default)
2022-03-03 07:26:08,069 [Listener at localhost/41283] INFO  server.RaftServer$Division (RaftServerImpl.java:start(301)) - omNode-2@group-523986131536: start as a follower, conf=0: [omNode-3|rpc:localhost:45161|admin:|client:|dataStream:|priority:0, omNode-1|rpc:localhost:38685|admin:|client:|dataStream:|priority:0, omNode-2|rpc:localhost:34483|admin:|client:|dataStream:|priority:0], old=null
2022-03-03 07:26:08,069 [Listener at localhost/41283] INFO  server.RaftServer$Division (RaftServerImpl.java:setRole(290)) - omNode-2@group-523986131536: changes role from      null to FOLLOWER at term 2 for startAsFollower
2022-03-03 07:26:08,069 [Listener at localhost/41283] INFO  impl.RoleInfo (RoleInfo.java:updateAndGet(130)) - omNode-2: start omNode-2@group-523986131536-FollowerState
2022-03-03 07:26:08,070 [Listener at localhost/41283] INFO  util.JmxRegister (JmxRegister.java:tryRegister(44)) - Successfully registered JMX Bean with object name Ratis:service=RaftServer,group=group-523986131536,id=omNode-2
2022-03-03 07:26:08,070 [Listener at localhost/41283] INFO  server.RaftServer (RaftServerProxy.java:lambda$start$5(374)) - omNode-2: start RPC server
2022-03-03 07:26:08,071 [Listener at localhost/41283] INFO  server.GrpcService (GrpcService.java:startImpl(253)) - omNode-2: GrpcService started, listening on 34483
2022-03-03 07:26:08,071 [org.apache.ratis.util.JvmPauseMonitor$$Lambda$422/311185452@22719882] INFO  util.JvmPauseMonitor (JvmPauseMonitor.java:run(103)) - JvmPauseMonitor-omNode-2: Started
2022-03-03 07:26:08,072 [Listener at localhost/41283] INFO  ipc.CallQueueManager (CallQueueManager.java:<init>(90)) - Using callQueue: class java.util.concurrent.LinkedBlockingQueue, queueCapacity: 2000, scheduler: class org.apache.hadoop.ipc.DefaultRpcScheduler, ipcBackoff: false.
2022-03-03 07:26:08,072 [Socket Reader #1 for port 35909] INFO  ipc.Server (Server.java:run(1265)) - Starting Socket Reader #1 for port 35909
2022-03-03 07:26:08,079 [Listener at localhost/35909] INFO  http.BaseHttpServer (BaseHttpServer.java:newHttpServer2BuilderForOzone(209)) - Starting Web-server for ozoneManager at: http://0.0.0.0:33963
2022-03-03 07:26:08,079 [Listener at localhost/35909] INFO  http.BaseHttpServer (BaseHttpServer.java:<init>(107)) - Hadoop Security Enabled: false Ozone Security Enabled: false Ozone HTTP Security Enabled: false 
2022-03-03 07:26:08,081 [Listener at localhost/35909] INFO  server.AuthenticationFilter (AuthenticationFilter.java:constructSecretProvider(240)) - Unable to initialize FileSignerSecretProvider, falling back to use random secrets.
2022-03-03 07:26:08,082 [Listener at localhost/35909] WARN  http.HttpRequestLog (HttpRequestLog.java:getRequestLog(103)) - Jetty request log can only be enabled using Log4j
2022-03-03 07:26:08,083 [Listener at localhost/35909] INFO  http.HttpServer2 (HttpServer2.java:addGlobalFilter(1030)) - Added global filter 'safety' (class=org.apache.hadoop.hdds.server.http.HttpServer2$QuotingInputFilter)
2022-03-03 07:26:08,084 [Listener at localhost/35909] INFO  http.HttpServer2 (HttpServer2.java:addFilter(1006)) - Added filter static_user_filter (class=org.apache.hadoop.http.lib.StaticUserWebFilter$StaticUserFilter) to context ozoneManager
2022-03-03 07:26:08,084 [Listener at localhost/35909] INFO  http.HttpServer2 (HttpServer2.java:addFilter(1014)) - Added filter static_user_filter (class=org.apache.hadoop.http.lib.StaticUserWebFilter$StaticUserFilter) to context static
2022-03-03 07:26:08,084 [Listener at localhost/35909] INFO  http.HttpServer2 (HttpServer2.java:addFilter(1014)) - Added filter static_user_filter (class=org.apache.hadoop.http.lib.StaticUserWebFilter$StaticUserFilter) to context logs
2022-03-03 07:26:08,085 [Listener at localhost/35909] INFO  http.HttpServer2 (HttpServer2.java:bindListener(1249)) - Jetty bound to port 33963
2022-03-03 07:26:08,085 [Listener at localhost/35909] INFO  server.Server (Server.java:doStart(375)) - jetty-9.4.43.v20210629; built: 2021-06-30T11:07:22.254Z; git: 526006ecfa3af7f1a27ef3a288e2bef7ea9dd7e8; jvm 1.8.0_322-b06
2022-03-03 07:26:08,090 [Listener at localhost/35909] INFO  server.session (DefaultSessionIdManager.java:doStart(334)) - DefaultSessionIdManager workerName=node0
2022-03-03 07:26:08,090 [Listener at localhost/35909] INFO  server.session (DefaultSessionIdManager.java:doStart(339)) - No SessionScavenger set, using defaults
2022-03-03 07:26:08,091 [Listener at localhost/35909] INFO  server.session (HouseKeeper.java:startScavenging(132)) - node0 Scavenging every 660000ms
2022-03-03 07:26:08,091 [Listener at localhost/35909] INFO  handler.ContextHandler (ContextHandler.java:doStart(915)) - Started o.e.j.s.ServletContextHandler@5c420929{logs,/logs,file:///home/runner/work/ozone/ozone/hadoop-ozone/integration-test/target/log,AVAILABLE}
2022-03-03 07:26:08,092 [Listener at localhost/35909] INFO  handler.ContextHandler (ContextHandler.java:doStart(915)) - Started o.e.j.s.ServletContextHandler@2b1f8fa9{static,/static,file:///home/runner/work/ozone/ozone/hadoop-ozone/integration-test/target/test-classes/webapps/static,AVAILABLE}
2022-03-03 07:26:08,097 [Listener at localhost/35909] INFO  handler.ContextHandler (ContextHandler.java:doStart(915)) - Started o.e.j.w.WebAppContext@2c4fddc8{ozoneManager,/,file:///home/runner/work/ozone/ozone/hadoop-ozone/integration-test/target/test-classes/webapps/ozoneManager/,AVAILABLE}{file:/home/runner/work/ozone/ozone/hadoop-ozone/integration-test/target/test-classes/webapps/ozoneManager}
2022-03-03 07:26:08,102 [Listener at localhost/35909] INFO  server.AbstractConnector (AbstractConnector.java:doStart(331)) - Started ServerConnector@6aaf2024{HTTP/1.1, (http/1.1)}{0.0.0.0:33963}
2022-03-03 07:26:08,103 [Listener at localhost/35909] INFO  server.Server (Server.java:doStart(415)) - Started @159628ms
2022-03-03 07:26:08,103 [Listener at localhost/35909] WARN  impl.MetricsSystemImpl (MetricsSystemImpl.java:register(279)) - Sink prometheus already exists!
2022-03-03 07:26:08,104 [Listener at localhost/35909] INFO  http.BaseHttpServer (BaseHttpServer.java:updateConnectorAddress(329)) - HTTP server of ozoneManager listening at http://0.0.0.0:33963
2022-03-03 07:26:08,104 [IPC Server Responder] INFO  ipc.Server (Server.java:run(1507)) - IPC Server Responder: starting
2022-03-03 07:26:08,104 [IPC Server listener on 35909] INFO  ipc.Server (Server.java:run(1344)) - IPC Server listener on 35909: starting
2022-03-03 07:26:08,110 [Listener at localhost/35909] INFO  om.OzoneManager (OzoneManager.java:startTrashEmptier(1792)) - Trash Interval set to 0. Files deleted will not move to trash
2022-03-03 07:26:08,117 [org.apache.hadoop.util.JvmPauseMonitor$Monitor@7f3e22c9] INFO  util.JvmPauseMonitor (JvmPauseMonitor.java:run(188)) - Starting JVM pause monitor
]]></system-out>
  </testcase>
  <testcase name="testCancelPrepare" classname="org.apache.hadoop.ozone.om.TestOzoneManagerPrepare" time="13.159"/>
  <testcase name="testPrepareWithTransactions" classname="org.apache.hadoop.ozone.om.TestOzoneManagerPrepare" time="23.817"/>
  <testcase name="testPrepareDownedOM" classname="org.apache.hadoop.ozone.om.TestOzoneManagerPrepare" time="14.174"/>
  <testcase name="testPrepareWithRestart" classname="org.apache.hadoop.ozone.om.TestOzoneManagerPrepare" time="62.126"/>
</testsuite>