<?xml version="1.0" encoding="UTF-8"?>
<testsuite xmlns:xsi="http://www.w3.org/2001/XMLSchema-instance" xsi:noNamespaceSchemaLocation="https://maven.apache.org/surefire/maven-surefire-plugin/xsd/surefire-test-report-3.0.xsd" version="3.0" name="org.apache.hadoop.ozone.scm.node.TestDecommissionAndMaintenance" time="195.006" tests="7" errors="2" skipped="0" failures="0">
  <properties>
    <property name="awt.toolkit" value="sun.awt.X11.XToolkit"/>
    <property name="file.encoding.pkg" value="sun.io"/>
    <property name="java.specification.version" value="1.8"/>
    <property name="sun.cpu.isalist" value=""/>
    <property name="sun.jnu.encoding" value="UTF-8"/>
    <property name="java.class.path" value="/home/runner/work/ozone/ozone/hadoop-ozone/integration-test/target/test-classes:/home/runner/work/ozone/ozone/hadoop-ozone/integration-test/target/classes:/home/runner/.m2/repository/org/apache/ozone/ozone-common/1.4.0-SNAPSHOT/ozone-common-1.4.0-SNAPSHOT.jar:/home/runner/.m2/repository/io/grpc/grpc-netty/1.51.1/grpc-netty-1.51.1.jar:/home/runner/.m2/repository/io/grpc/grpc-core/1.51.1/grpc-core-1.51.1.jar:/home/runner/.m2/repository/com/google/android/annotations/4.1.1.4/annotations-4.1.1.4.jar:/home/runner/.m2/repository/org/codehaus/mojo/animal-sniffer-annotations/1.21/animal-sniffer-annotations-1.21.jar:/home/runner/.m2/repository/com/google/errorprone/error_prone_annotations/2.2.0/error_prone_annotations-2.2.0.jar:/home/runner/.m2/repository/io/perfmark/perfmark-api/0.25.0/perfmark-api-0.25.0.jar:/home/runner/.m2/repository/io/netty/netty-codec-http2/4.1.86.Final/netty-codec-http2-4.1.86.Final.jar:/home/runner/.m2/repository/io/netty/netty-common/4.1.86.Final/netty-common-4.1.86.Final.jar:/home/runner/.m2/repository/io/netty/netty-buffer/4.1.86.Final/netty-buffer-4.1.86.Final.jar:/home/runner/.m2/repository/io/netty/netty-codec-http/4.1.86.Final/netty-codec-http-4.1.86.Final.jar:/home/runner/.m2/repository/io/netty/netty-handler-proxy/4.1.86.Final/netty-handler-proxy-4.1.86.Final.jar:/home/runner/.m2/repository/io/netty/netty-codec-socks/4.1.86.Final/netty-codec-socks-4.1.86.Final.jar:/home/runner/.m2/repository/io/netty/netty-tcnative-boringssl-static/2.0.54.Final/netty-tcnative-boringssl-static-2.0.54.Final.jar:/home/runner/.m2/repository/io/netty/netty-tcnative-classes/2.0.54.Final/netty-tcnative-classes-2.0.54.Final.jar:/home/runner/.m2/repository/io/netty/netty-tcnative-boringssl-static/2.0.54.Final/netty-tcnative-boringssl-static-2.0.54.Final-linux-x86_64.jar:/home/runner/.m2/repository/io/netty/netty-tcnative-boringssl-static/2.0.54.Final/netty-tcnative-boringssl-static-2.0.54.Final-linux-aarch_64.jar:/home/runner/.m2/repository/io/netty/netty-tcnative-boringssl-static/2.0.54.Final/netty-tcnative-boringssl-static-2.0.54.Final-osx-x86_64.jar:/home/runner/.m2/repository/io/netty/netty-tcnative-boringssl-static/2.0.54.Final/netty-tcnative-boringssl-static-2.0.54.Final-osx-aarch_64.jar:/home/runner/.m2/repository/io/netty/netty-tcnative-boringssl-static/2.0.54.Final/netty-tcnative-boringssl-static-2.0.54.Final-windows-x86_64.jar:/home/runner/.m2/repository/org/apache/commons/commons-compress/1.21/commons-compress-1.21.jar:/home/runner/.m2/repository/org/apache/ozone/hdds-common/1.4.0-SNAPSHOT/hdds-common-1.4.0-SNAPSHOT.jar:/home/runner/.m2/repository/org/apache/ozone/hdds-client/1.4.0-SNAPSHOT/hdds-client-1.4.0-SNAPSHOT.jar:/home/runner/.m2/repository/org/apache/ozone/ozone-interface-client/1.4.0-SNAPSHOT/ozone-interface-client-1.4.0-SNAPSHOT.jar:/home/runner/.m2/repository/org/apache/ozone/hdds-test-utils/1.4.0-SNAPSHOT/hdds-test-utils-1.4.0-SNAPSHOT.jar:/home/runner/.m2/repository/com/google/guava/guava/31.1-jre/guava-31.1-jre.jar:/home/runner/.m2/repository/com/google/guava/failureaccess/1.0.1/failureaccess-1.0.1.jar:/home/runner/.m2/repository/com/google/guava/listenablefuture/9999.0-empty-to-avoid-conflict-with-guava/listenablefuture-9999.0-empty-to-avoid-conflict-with-guava.jar:/home/runner/.m2/repository/com/google/code/findbugs/jsr305/3.0.0/jsr305-3.0.0.jar:/home/runner/.m2/repository/org/checkerframework/checker-qual/3.12.0/checker-qual-3.12.0.jar:/home/runner/.m2/repository/com/google/j2objc/j2objc-annotations/1.3/j2objc-annotations-1.3.jar:/home/runner/.m2/repository/commons-io/commons-io/2.11.0/commons-io-2.11.0.jar:/home/runner/.m2/repository/commons-logging/commons-logging/1.2/commons-logging-1.2.jar:/home/runner/.m2/repository/ch/qos/reload4j/reload4j/1.2.22/reload4j-1.2.22.jar:/home/runner/.m2/repository/org/slf4j/slf4j-api/1.7.36/slf4j-api-1.7.36.jar:/home/runner/.m2/repository/org/apache/ozone/hdds-server-scm/1.4.0-SNAPSHOT/hdds-server-scm-1.4.0-SNAPSHOT.jar:/home/runner/.m2/repository/org/apache/ozone/hdds-container-service/1.4.0-SNAPSHOT/hdds-container-service-1.4.0-SNAPSHOT.jar:/home/runner/.m2/repository/org/apache/ozone/hdds-hadoop-dependency-server/1.4.0-SNAPSHOT/hdds-hadoop-dependency-server-1.4.0-SNAPSHOT.jar:/home/runner/.m2/repository/org/apache/hadoop/hadoop-hdfs/3.3.5/hadoop-hdfs-3.3.5.jar:/home/runner/.m2/repository/commons-daemon/commons-daemon/1.0.13/commons-daemon-1.0.13.jar:/home/runner/.m2/repository/org/apache/ozone/hdds-server-framework/1.4.0-SNAPSHOT/hdds-server-framework-1.4.0-SNAPSHOT.jar:/home/runner/.m2/repository/io/dropwizard/metrics/metrics-core/3.2.4/metrics-core-3.2.4.jar:/home/runner/.m2/repository/org/apache/commons/commons-text/1.4/commons-text-1.4.jar:/home/runner/.m2/repository/org/apache/hadoop/hadoop-hdfs-client/3.3.5/hadoop-hdfs-client-3.3.5.jar:/home/runner/.m2/repository/com/squareup/okhttp3/okhttp/4.9.3/okhttp-4.9.3.jar:/home/runner/.m2/repository/com/squareup/okio/okio/2.8.0/okio-2.8.0.jar:/home/runner/.m2/repository/org/jetbrains/kotlin/kotlin-stdlib-common/1.6.21/kotlin-stdlib-common-1.6.21.jar:/home/runner/.m2/repository/org/bouncycastle/bcprov-jdk15on/1.67/bcprov-jdk15on-1.67.jar:/home/runner/.m2/repository/com/google/protobuf/protobuf-java/2.5.0/protobuf-java-2.5.0.jar:/home/runner/.m2/repository/org/apache/ozone/hdds-server-framework/1.4.0-SNAPSHOT/hdds-server-framework-1.4.0-SNAPSHOT-tests.jar:/home/runner/.m2/repository/org/apache/ozone/hdds-interface-server/1.4.0-SNAPSHOT/hdds-interface-server-1.4.0-SNAPSHOT.jar:/home/runner/.m2/repository/org/apache/ozone/hdds-interface-admin/1.4.0-SNAPSHOT/hdds-interface-admin-1.4.0-SNAPSHOT.jar:/home/runner/.m2/repository/org/apache/ozone/hdds-managed-rocksdb/1.4.0-SNAPSHOT/hdds-managed-rocksdb-1.4.0-SNAPSHOT.jar:/home/runner/.m2/repository/org/rocksdb/rocksdbjni/7.7.3/rocksdbjni-7.7.3.jar:/home/runner/.m2/repository/org/slf4j/slf4j-reload4j/1.7.36/slf4j-reload4j-1.7.36.jar:/home/runner/.m2/repository/org/apache/commons/commons-configuration2/2.1.1/commons-configuration2-2.1.1.jar:/home/runner/.m2/repository/org/apache/logging/log4j/log4j-core/2.17.1/log4j-core-2.17.1.jar:/home/runner/.m2/repository/com/lmax/disruptor/3.4.2/disruptor-3.4.2.jar:/home/runner/.m2/repository/org/eclipse/jetty/jetty-util/9.4.49.v20220914/jetty-util-9.4.49.v20220914.jar:/home/runner/.m2/repository/org/eclipse/jetty/jetty-server/9.4.49.v20220914/jetty-server-9.4.49.v20220914.jar:/home/runner/.m2/repository/org/eclipse/jetty/jetty-http/9.4.49.v20220914/jetty-http-9.4.49.v20220914.jar:/home/runner/.m2/repository/org/eclipse/jetty/jetty-io/9.4.49.v20220914/jetty-io-9.4.49.v20220914.jar:/home/runner/.m2/repository/org/eclipse/jetty/jetty-servlet/9.4.49.v20220914/jetty-servlet-9.4.49.v20220914.jar:/home/runner/.m2/repository/org/eclipse/jetty/jetty-security/9.4.49.v20220914/jetty-security-9.4.49.v20220914.jar:/home/runner/.m2/repository/org/eclipse/jetty/jetty-util-ajax/9.4.49.v20220914/jetty-util-ajax-9.4.49.v20220914.jar:/home/runner/.m2/repository/org/eclipse/jetty/jetty-webapp/9.4.49.v20220914/jetty-webapp-9.4.49.v20220914.jar:/home/runner/.m2/repository/org/eclipse/jetty/jetty-xml/9.4.49.v20220914/jetty-xml-9.4.49.v20220914.jar:/home/runner/.m2/repository/org/apache/ratis/ratis-server/2.4.2-8b8bdda-SNAPSHOT/ratis-server-2.4.2-8b8bdda-SNAPSHOT.jar:/home/runner/.m2/repository/org/apache/ratis/ratis-thirdparty-misc/1.0.3/ratis-thirdparty-misc-1.0.3.jar:/home/runner/.m2/repository/org/apache/ratis/ratis-proto/2.4.2-8b8bdda-SNAPSHOT/ratis-proto-2.4.2-8b8bdda-SNAPSHOT.jar:/home/runner/.m2/repository/org/apache/ratis/ratis-common/2.4.2-8b8bdda-SNAPSHOT/ratis-common-2.4.2-8b8bdda-SNAPSHOT.jar:/home/runner/.m2/repository/org/apache/ratis/ratis-client/2.4.2-8b8bdda-SNAPSHOT/ratis-client-2.4.2-8b8bdda-SNAPSHOT.jar:/home/runner/.m2/repository/org/apache/ratis/ratis-server-api/2.4.2-8b8bdda-SNAPSHOT/ratis-server-api-2.4.2-8b8bdda-SNAPSHOT.jar:/home/runner/.m2/repository/org/apache/ratis/ratis-metrics/2.4.2-8b8bdda-SNAPSHOT/ratis-metrics-2.4.2-8b8bdda-SNAPSHOT.jar:/home/runner/.m2/repository/io/prometheus/simpleclient_dropwizard/0.7.0/simpleclient_dropwizard-0.7.0.jar:/home/runner/.m2/repository/io/prometheus/simpleclient/0.7.0/simpleclient-0.7.0.jar:/home/runner/.m2/repository/io/prometheus/simpleclient_common/0.7.0/simpleclient_common-0.7.0.jar:/home/runner/.m2/repository/com/fasterxml/jackson/datatype/jackson-datatype-jsr310/2.13.4/jackson-datatype-jsr310-2.13.4.jar:/home/runner/.m2/repository/com/fasterxml/jackson/core/jackson-core/2.13.4/jackson-core-2.13.4.jar:/home/runner/.m2/repository/com/github/spotbugs/spotbugs-annotations/3.1.12/spotbugs-annotations-3.1.12.jar:/home/runner/.m2/repository/org/apache/ozone/rocksdb-checkpoint-differ/1.4.0-SNAPSHOT/rocksdb-checkpoint-differ-1.4.0-SNAPSHOT.jar:/home/runner/.m2/repository/org/awaitility/awaitility/4.2.0/awaitility-4.2.0.jar:/home/runner/.m2/repository/org/hamcrest/hamcrest/2.1/hamcrest-2.1.jar:/home/runner/.m2/repository/org/apache/ozone/ozone-manager/1.4.0-SNAPSHOT/ozone-manager-1.4.0-SNAPSHOT.jar:/home/runner/.m2/repository/org/aspectj/aspectjrt/1.9.7/aspectjrt-1.9.7.jar:/home/runner/.m2/repository/org/aspectj/aspectjweaver/1.9.7/aspectjweaver-1.9.7.jar:/home/runner/.m2/repository/org/apache/ozone/hdds-interface-client/1.4.0-SNAPSHOT/hdds-interface-client-1.4.0-SNAPSHOT.jar:/home/runner/.m2/repository/org/apache/hadoop/thirdparty/hadoop-shaded-protobuf_3_7/1.1.1/hadoop-shaded-protobuf_3_7-1.1.1.jar:/home/runner/.m2/repository/org/apache/ozone/ozone-interface-storage/1.4.0-SNAPSHOT/ozone-interface-storage-1.4.0-SNAPSHOT.jar:/home/runner/.m2/repository/org/reflections/reflections/0.9.11/reflections-0.9.11.jar:/home/runner/.m2/repository/com/sun/jersey/jersey-client/1.19/jersey-client-1.19.jar:/home/runner/.m2/repository/org/codehaus/jackson/jackson-core-asl/1.9.13/jackson-core-asl-1.9.13.jar:/home/runner/.m2/repository/org/codehaus/jackson/jackson-mapper-asl/1.9.13/jackson-mapper-asl-1.9.13.jar:/home/runner/.m2/repository/org/codehaus/jackson/jackson-jaxrs/1.9.13/jackson-jaxrs-1.9.13.jar:/home/runner/.m2/repository/org/apache/ranger/ranger-intg/2.3.0/ranger-intg-2.3.0.jar:/home/runner/.m2/repository/org/apache/ranger/ranger-plugins-common/2.3.0/ranger-plugins-common-2.3.0.jar:/home/runner/.m2/repository/commons-lang/commons-lang/2.6/commons-lang-2.6.jar:/home/runner/.m2/repository/org/apache/ranger/ranger-plugins-cred/2.3.0/ranger-plugins-cred-2.3.0.jar:/home/runner/.m2/repository/org/apache/ranger/ranger-plugins-audit/2.3.0/ranger-plugins-audit-2.3.0.jar:/home/runner/.m2/repository/org/eclipse/jetty/jetty-client/9.4.49.v20220914/jetty-client-9.4.49.v20220914.jar:/home/runner/.m2/repository/org/apache/httpcomponents/httpmime/4.5.6/httpmime-4.5.6.jar:/home/runner/.m2/repository/org/apache/httpcomponents/httpcore-nio/4.4.13/httpcore-nio-4.4.13.jar:/home/runner/.m2/repository/org/apache/httpcomponents/httpasyncclient/4.1.3/httpasyncclient-4.1.3.jar:/home/runner/.m2/repository/com/carrotsearch/hppc/0.8.0/hppc-0.8.0.jar:/home/runner/.m2/repository/org/apache/orc/orc-core/1.5.8/orc-core-1.5.8.jar:/home/runner/.m2/repository/net/java/dev/jna/jna/5.2.0/jna-5.2.0.jar:/home/runner/.m2/repository/net/java/dev/jna/jna-platform/5.2.0/jna-platform-5.2.0.jar:/home/runner/.m2/repository/com/kstruct/gethostname4j/0.0.2/gethostname4j-0.0.2.jar:/home/runner/.m2/repository/org/apache/ranger/ranger-plugin-classloader/2.3.0/ranger-plugin-classloader-2.3.0.jar:/home/runner/.m2/repository/org/apache/hadoop/hadoop-minikdc/3.3.5/hadoop-minikdc-3.3.5.jar:/home/runner/.m2/repository/org/apache/kerby/kerb-simplekdc/1.0.1/kerb-simplekdc-1.0.1.jar:/home/runner/.m2/repository/org/apache/kerby/kerb-client/1.0.1/kerb-client-1.0.1.jar:/home/runner/.m2/repository/org/apache/kerby/kerby-config/1.0.1/kerby-config-1.0.1.jar:/home/runner/.m2/repository/org/apache/kerby/kerb-common/1.0.1/kerb-common-1.0.1.jar:/home/runner/.m2/repository/org/apache/kerby/kerb-crypto/1.0.1/kerb-crypto-1.0.1.jar:/home/runner/.m2/repository/org/apache/kerby/kerb-util/1.0.1/kerb-util-1.0.1.jar:/home/runner/.m2/repository/org/apache/kerby/token-provider/1.0.1/token-provider-1.0.1.jar:/home/runner/.m2/repository/org/apache/kerby/kerb-admin/1.0.1/kerb-admin-1.0.1.jar:/home/runner/.m2/repository/org/apache/kerby/kerb-server/1.0.1/kerb-server-1.0.1.jar:/home/runner/.m2/repository/org/apache/kerby/kerb-identity/1.0.1/kerb-identity-1.0.1.jar:/home/runner/.m2/repository/org/apache/kerby/kerby-xdr/1.0.1/kerby-xdr-1.0.1.jar:/home/runner/.m2/repository/org/apache/ozone/ozone-s3gateway/1.4.0-SNAPSHOT/ozone-s3gateway-1.4.0-SNAPSHOT.jar:/home/runner/.m2/repository/org/javassist/javassist/3.21.0-GA/javassist-3.21.0-GA.jar:/home/runner/.m2/repository/org/jboss/weld/servlet/weld-servlet-shaded/3.1.9.Final/weld-servlet-shaded-3.1.9.Final.jar:/home/runner/.m2/repository/org/glassfish/jersey/containers/jersey-container-servlet-core/2.34/jersey-container-servlet-core-2.34.jar:/home/runner/.m2/repository/org/glassfish/hk2/external/jakarta.inject/2.6.1/jakarta.inject-2.6.1.jar:/home/runner/.m2/repository/org/glassfish/jersey/core/jersey-common/2.34/jersey-common-2.34.jar:/home/runner/.m2/repository/jakarta/ws/rs/jakarta.ws.rs-api/2.1.6/jakarta.ws.rs-api-2.1.6.jar:/home/runner/.m2/repository/org/glassfish/jersey/ext/cdi/jersey-cdi1x/2.34/jersey-cdi1x-2.34.jar:/home/runner/.m2/repository/org/glassfish/jersey/inject/jersey-hk2/2.34/jersey-hk2-2.34.jar:/home/runner/.m2/repository/org/glassfish/hk2/hk2-locator/2.6.1/hk2-locator-2.6.1.jar:/home/runner/.m2/repository/org/glassfish/jersey/media/jersey-media-jaxb/2.34/jersey-media-jaxb-2.34.jar:/home/runner/.m2/repository/org/glassfish/hk2/osgi-resource-locator/1.0.3/osgi-resource-locator-1.0.3.jar:/home/runner/.m2/repository/org/glassfish/hk2/hk2-api/2.5.0/hk2-api-2.5.0.jar:/home/runner/.m2/repository/org/glassfish/hk2/hk2-utils/2.5.0/hk2-utils-2.5.0.jar:/home/runner/.m2/repository/org/glassfish/hk2/external/aopalliance-repackaged/2.5.0/aopalliance-repackaged-2.5.0.jar:/home/runner/.m2/repository/com/fasterxml/jackson/dataformat/jackson-dataformat-xml/2.13.4/jackson-dataformat-xml-2.13.4.jar:/home/runner/.m2/repository/org/codehaus/woodstox/stax2-api/4.2.1/stax2-api-4.2.1.jar:/home/runner/.m2/repository/com/fasterxml/woodstox/woodstox-core/5.4.0/woodstox-core-5.4.0.jar:/home/runner/.m2/repository/com/fasterxml/jackson/module/jackson-module-jaxb-annotations/2.13.4/jackson-module-jaxb-annotations-2.13.4.jar:/home/runner/.m2/repository/jakarta/xml/bind/jakarta.xml.bind-api/2.3.3/jakarta.xml.bind-api-2.3.3.jar:/home/runner/.m2/repository/jakarta/activation/jakarta.activation-api/1.2.2/jakarta.activation-api-1.2.2.jar:/home/runner/.m2/repository/javax/enterprise/cdi-api/2.0/cdi-api-2.0.jar:/home/runner/.m2/repository/javax/el/javax.el-api/3.0.0/javax.el-api-3.0.0.jar:/home/runner/.m2/repository/javax/interceptor/javax.interceptor-api/1.2/javax.interceptor-api-1.2.jar:/home/runner/.m2/repository/javax/inject/javax.inject/1/javax.inject-1.jar:/home/runner/.m2/repository/javax/xml/bind/jaxb-api/2.3.0/jaxb-api-2.3.0.jar:/home/runner/.m2/repository/org/glassfish/jaxb/jaxb-runtime/2.3.0.1/jaxb-runtime-2.3.0.1.jar:/home/runner/.m2/repository/org/glassfish/jaxb/jaxb-core/2.3.0.1/jaxb-core-2.3.0.1.jar:/home/runner/.m2/repository/org/glassfish/jaxb/txw2/2.3.0.1/txw2-2.3.0.1.jar:/home/runner/.m2/repository/com/sun/istack/istack-commons-runtime/3.0.5/istack-commons-runtime-3.0.5.jar:/home/runner/.m2/repository/org/jvnet/staxex/stax-ex/1.7.8/stax-ex-1.7.8.jar:/home/runner/.m2/repository/com/sun/xml/fastinfoset/FastInfoset/1.2.13/FastInfoset-1.2.13.jar:/home/runner/.m2/repository/javax/activation/activation/1.1.1/activation-1.1.1.jar:/home/runner/.m2/repository/io/grpc/grpc-protobuf/1.51.1/grpc-protobuf-1.51.1.jar:/home/runner/.m2/repository/io/grpc/grpc-api/1.51.1/grpc-api-1.51.1.jar:/home/runner/.m2/repository/io/grpc/grpc-context/1.51.1/grpc-context-1.51.1.jar:/home/runner/.m2/repository/com/google/api/grpc/proto-google-common-protos/2.9.0/proto-google-common-protos-2.9.0.jar:/home/runner/.m2/repository/io/grpc/grpc-protobuf-lite/1.51.1/grpc-protobuf-lite-1.51.1.jar:/home/runner/.m2/repository/io/grpc/grpc-stub/1.51.1/grpc-stub-1.51.1.jar:/home/runner/.m2/repository/io/netty/netty-transport/4.1.86.Final/netty-transport-4.1.86.Final.jar:/home/runner/.m2/repository/io/netty/netty-resolver/4.1.86.Final/netty-resolver-4.1.86.Final.jar:/home/runner/.m2/repository/org/apache/ozone/ozone-csi/1.4.0-SNAPSHOT/ozone-csi-1.4.0-SNAPSHOT.jar:/home/runner/.m2/repository/com/google/protobuf/protobuf-java-util/3.19.6/protobuf-java-util-3.19.6.jar:/home/runner/.m2/repository/com/google/code/gson/gson/2.9.0/gson-2.9.0.jar:/home/runner/.m2/repository/org/apache/ozone/hdds-config/1.4.0-SNAPSHOT/hdds-config-1.4.0-SNAPSHOT.jar:/home/runner/.m2/repository/io/netty/netty-transport-native-epoll/4.1.86.Final/netty-transport-native-epoll-4.1.86.Final-linux-x86_64.jar:/home/runner/.m2/repository/io/netty/netty-transport-classes-epoll/4.1.86.Final/netty-transport-classes-epoll-4.1.86.Final.jar:/home/runner/.m2/repository/io/netty/netty-transport-native-unix-common/4.1.86.Final/netty-transport-native-unix-common-4.1.86.Final.jar:/home/runner/.m2/repository/org/apache/ozone/ozone-recon/1.4.0-SNAPSHOT/ozone-recon-1.4.0-SNAPSHOT.jar:/home/runner/.m2/repository/org/apache/ozone/ozone-reconcodegen/1.4.0-SNAPSHOT/ozone-reconcodegen-1.4.0-SNAPSHOT.jar:/home/runner/.m2/repository/com/google/inject/guice/5.1.0/guice-5.1.0.jar:/home/runner/.m2/repository/aopalliance/aopalliance/1.0/aopalliance-1.0.jar:/home/runner/.m2/repository/com/google/inject/extensions/guice-assistedinject/5.1.0/guice-assistedinject-5.1.0.jar:/home/runner/.m2/repository/com/google/inject/extensions/guice-servlet/5.1.0/guice-servlet-5.1.0.jar:/home/runner/.m2/repository/org/glassfish/jersey/containers/jersey-container-servlet/2.34/jersey-container-servlet-2.34.jar:/home/runner/.m2/repository/org/glassfish/hk2/guice-bridge/2.5.0/guice-bridge-2.5.0.jar:/home/runner/.m2/repository/org/glassfish/jersey/core/jersey-server/2.34/jersey-server-2.34.jar:/home/runner/.m2/repository/org/glassfish/jersey/core/jersey-client/2.34/jersey-client-2.34.jar:/home/runner/.m2/repository/jakarta/annotation/jakarta.annotation-api/1.3.5/jakarta.annotation-api-1.3.5.jar:/home/runner/.m2/repository/jakarta/validation/jakarta.validation-api/2.0.2/jakarta.validation-api-2.0.2.jar:/home/runner/.m2/repository/org/glassfish/jersey/media/jersey-media-json-jackson/2.34/jersey-media-json-jackson-2.34.jar:/home/runner/.m2/repository/org/glassfish/jersey/ext/jersey-entity-filtering/2.34/jersey-entity-filtering-2.34.jar:/home/runner/.m2/repository/org/jooq/jooq/3.11.10/jooq-3.11.10.jar:/home/runner/.m2/repository/org/jooq/jooq-meta/3.11.10/jooq-meta-3.11.10.jar:/home/runner/.m2/repository/org/jooq/jooq-codegen/3.11.10/jooq-codegen-3.11.10.jar:/home/runner/.m2/repository/com/jolbox/bonecp/0.8.0.RELEASE/bonecp-0.8.0.RELEASE.jar:/home/runner/.m2/repository/org/apache/derby/derby/10.14.2.0/derby-10.14.2.0.jar:/home/runner/.m2/repository/org/xerial/sqlite-jdbc/3.25.2/sqlite-jdbc-3.25.2.jar:/home/runner/.m2/repository/org/springframework/spring-jdbc/5.3.26/spring-jdbc-5.3.26.jar:/home/runner/.m2/repository/org/springframework/spring-beans/5.3.26/spring-beans-5.3.26.jar:/home/runner/.m2/repository/org/springframework/spring-core/5.3.26/spring-core-5.3.26.jar:/home/runner/.m2/repository/org/springframework/spring-tx/5.3.26/spring-tx-5.3.26.jar:/home/runner/.m2/repository/org/apache/ozone/ozone-client/1.4.0-SNAPSHOT/ozone-client-1.4.0-SNAPSHOT.jar:/home/runner/.m2/repository/org/apache/ozone/hdds-erasurecode/1.4.0-SNAPSHOT/hdds-erasurecode-1.4.0-SNAPSHOT.jar:/home/runner/.m2/repository/org/apache/ozone/ozone-filesystem/1.4.0-SNAPSHOT/ozone-filesystem-1.4.0-SNAPSHOT.jar:/home/runner/.m2/repository/org/apache/ozone/ozone-filesystem-common/1.4.0-SNAPSHOT/ozone-filesystem-common-1.4.0-SNAPSHOT.jar:/home/runner/.m2/repository/org/apache/ozone/ozone-tools/1.4.0-SNAPSHOT/ozone-tools-1.4.0-SNAPSHOT.jar:/home/runner/.m2/repository/com/amazonaws/aws-java-sdk-core/1.12.261/aws-java-sdk-core-1.12.261.jar:/home/runner/.m2/repository/org/apache/httpcomponents/httpclient/4.5.13/httpclient-4.5.13.jar:/home/runner/.m2/repository/org/apache/httpcomponents/httpcore/4.4.13/httpcore-4.4.13.jar:/home/runner/.m2/repository/software/amazon/ion/ion-java/1.0.2/ion-java-1.0.2.jar:/home/runner/.m2/repository/com/fasterxml/jackson/dataformat/jackson-dataformat-cbor/2.13.4/jackson-dataformat-cbor-2.13.4.jar:/home/runner/.m2/repository/joda-time/joda-time/2.10.6/joda-time-2.10.6.jar:/home/runner/.m2/repository/com/amazonaws/aws-java-sdk-s3/1.12.261/aws-java-sdk-s3-1.12.261.jar:/home/runner/.m2/repository/com/amazonaws/aws-java-sdk-kms/1.12.261/aws-java-sdk-kms-1.12.261.jar:/home/runner/.m2/repository/com/amazonaws/jmespath-java/1.12.261/jmespath-java-1.12.261.jar:/home/runner/.m2/repository/org/kohsuke/metainf-services/metainf-services/1.8/metainf-services-1.8.jar:/home/runner/.m2/repository/org/apache/ozone/hdds-tools/1.4.0-SNAPSHOT/hdds-tools-1.4.0-SNAPSHOT.jar:/home/runner/.m2/repository/org/apache/ratis/ratis-tools/2.4.2-8b8bdda-SNAPSHOT/ratis-tools-2.4.2-8b8bdda-SNAPSHOT.jar:/home/runner/.m2/repository/commons-cli/commons-cli/1.2/commons-cli-1.2.jar:/home/runner/.m2/repository/org/apache/commons/commons-lang3/3.7/commons-lang3-3.7.jar:/home/runner/.m2/repository/org/apache/ozone/ozone-manager/1.4.0-SNAPSHOT/ozone-manager-1.4.0-SNAPSHOT-tests.jar:/home/runner/.m2/repository/org/apache/ozone/hdds-common/1.4.0-SNAPSHOT/hdds-common-1.4.0-SNAPSHOT-tests.jar:/home/runner/.m2/repository/org/apache/ozone/hdds-hadoop-dependency-client/1.4.0-SNAPSHOT/hdds-hadoop-dependency-client-1.4.0-SNAPSHOT.jar:/home/runner/.m2/repository/info/picocli/picocli/4.6.1/picocli-4.6.1.jar:/home/runner/.m2/repository/com/fasterxml/jackson/core/jackson-annotations/2.13.4/jackson-annotations-2.13.4.jar:/home/runner/.m2/repository/org/apache/ozone/hdds-annotation-processing/1.4.0-SNAPSHOT/hdds-annotation-processing-1.4.0-SNAPSHOT.jar:/home/runner/.m2/repository/javax/annotation/javax.annotation-api/1.2/javax.annotation-api-1.2.jar:/home/runner/.m2/repository/org/apache/ratis/ratis-netty/2.4.2-8b8bdda-SNAPSHOT/ratis-netty-2.4.2-8b8bdda-SNAPSHOT.jar:/home/runner/.m2/repository/org/apache/ratis/ratis-grpc/2.4.2-8b8bdda-SNAPSHOT/ratis-grpc-2.4.2-8b8bdda-SNAPSHOT.jar:/home/runner/.m2/repository/org/apache/logging/log4j/log4j-api/2.17.1/log4j-api-2.17.1.jar:/home/runner/.m2/repository/org/apache/commons/commons-pool2/2.6.0/commons-pool2-2.6.0.jar:/home/runner/.m2/repository/org/bouncycastle/bcpkix-jdk15on/1.67/bcpkix-jdk15on-1.67.jar:/home/runner/.m2/repository/commons-validator/commons-validator/1.6/commons-validator-1.6.jar:/home/runner/.m2/repository/commons-beanutils/commons-beanutils/1.9.4/commons-beanutils-1.9.4.jar:/home/runner/.m2/repository/commons-digester/commons-digester/1.8.1/commons-digester-1.8.1.jar:/home/runner/.m2/repository/commons-collections/commons-collections/3.2.2/commons-collections-3.2.2.jar:/home/runner/.m2/repository/io/jaegertracing/jaeger-client/1.6.0/jaeger-client-1.6.0.jar:/home/runner/.m2/repository/io/jaegertracing/jaeger-thrift/1.6.0/jaeger-thrift-1.6.0.jar:/home/runner/.m2/repository/org/apache/thrift/libthrift/0.14.1/libthrift-0.14.1.jar:/home/runner/.m2/repository/io/jaegertracing/jaeger-core/1.6.0/jaeger-core-1.6.0.jar:/home/runner/.m2/repository/io/jaegertracing/jaeger-tracerresolver/1.6.0/jaeger-tracerresolver-1.6.0.jar:/home/runner/.m2/repository/io/opentracing/contrib/opentracing-tracerresolver/0.1.8/opentracing-tracerresolver-0.1.8.jar:/home/runner/.m2/repository/org/jetbrains/kotlin/kotlin-stdlib/1.6.21/kotlin-stdlib-1.6.21.jar:/home/runner/.m2/repository/org/jetbrains/annotations/13.0/annotations-13.0.jar:/home/runner/.m2/repository/io/opentracing/opentracing-util/0.33.0/opentracing-util-0.33.0.jar:/home/runner/.m2/repository/io/opentracing/opentracing-api/0.33.0/opentracing-api-0.33.0.jar:/home/runner/.m2/repository/io/opentracing/opentracing-noop/0.33.0/opentracing-noop-0.33.0.jar:/home/runner/.m2/repository/org/yaml/snakeyaml/2.0/snakeyaml-2.0.jar:/home/runner/.m2/repository/junit/junit/4.13.1/junit-4.13.1.jar:/home/runner/.m2/repository/org/hamcrest/hamcrest-core/1.3/hamcrest-core-1.3.jar:/home/runner/.m2/repository/org/junit/jupiter/junit-jupiter-api/5.8.2/junit-jupiter-api-5.8.2.jar:/home/runner/.m2/repository/org/opentest4j/opentest4j/1.2.0/opentest4j-1.2.0.jar:/home/runner/.m2/repository/org/junit/platform/junit-platform-commons/1.8.2/junit-platform-commons-1.8.2.jar:/home/runner/.m2/repository/org/apiguardian/apiguardian-api/1.1.2/apiguardian-api-1.1.2.jar:/home/runner/.m2/repository/org/junit/jupiter/junit-jupiter-params/5.8.2/junit-jupiter-params-5.8.2.jar:/home/runner/.m2/repository/org/junit/jupiter/junit-jupiter-migrationsupport/5.8.2/junit-jupiter-migrationsupport-5.8.2.jar:/home/runner/.m2/repository/org/junit/jupiter/junit-jupiter-engine/5.8.2/junit-jupiter-engine-5.8.2.jar:/home/runner/.m2/repository/org/junit/platform/junit-platform-engine/1.8.2/junit-platform-engine-1.8.2.jar:/home/runner/.m2/repository/org/junit/vintage/junit-vintage-engine/5.8.2/junit-vintage-engine-5.8.2.jar:/home/runner/.m2/repository/org/junit/platform/junit-platform-launcher/1.8.2/junit-platform-launcher-1.8.2.jar:/home/runner/.m2/repository/org/mockito/mockito-core/2.28.2/mockito-core-2.28.2.jar:/home/runner/.m2/repository/net/bytebuddy/byte-buddy/1.9.10/byte-buddy-1.9.10.jar:/home/runner/.m2/repository/net/bytebuddy/byte-buddy-agent/1.9.10/byte-buddy-agent-1.9.10.jar:/home/runner/.m2/repository/org/objenesis/objenesis/1.0/objenesis-1.0.jar:/home/runner/.m2/repository/org/apache/hadoop/hadoop-kms/3.3.5/hadoop-kms-3.3.5.jar:/home/runner/.m2/repository/org/apache/hadoop/hadoop-auth/3.3.5/hadoop-auth-3.3.5.jar:/home/runner/.m2/repository/com/nimbusds/nimbus-jose-jwt/9.8.1/nimbus-jose-jwt-9.8.1.jar:/home/runner/.m2/repository/com/github/stephenc/jcip/jcip-annotations/1.0-1/jcip-annotations-1.0-1.jar:/home/runner/.m2/repository/net/minidev/json-smart/2.4.7/json-smart-2.4.7.jar:/home/runner/.m2/repository/net/minidev/accessors-smart/2.4.7/accessors-smart-2.4.7.jar:/home/runner/.m2/repository/org/ow2/asm/asm/5.0.4/asm-5.0.4.jar:/home/runner/.m2/repository/org/apache/zookeeper/zookeeper/3.5.6/zookeeper-3.5.6.jar:/home/runner/.m2/repository/org/apache/zookeeper/zookeeper-jute/3.5.6/zookeeper-jute-3.5.6.jar:/home/runner/.m2/repository/org/apache/yetus/audience-annotations/0.5.0/audience-annotations-0.5.0.jar:/home/runner/.m2/repository/org/apache/curator/curator-framework/4.2.0/curator-framework-4.2.0.jar:/home/runner/.m2/repository/org/apache/hadoop/thirdparty/hadoop-shaded-guava/1.1.1/hadoop-shaded-guava-1.1.1.jar:/home/runner/.m2/repository/com/sun/jersey/jersey-core/1.19/jersey-core-1.19.jar:/home/runner/.m2/repository/javax/ws/rs/jsr311-api/1.1.1/jsr311-api-1.1.1.jar:/home/runner/.m2/repository/com/sun/jersey/jersey-server/1.19/jersey-server-1.19.jar:/home/runner/.m2/repository/javax/servlet/javax.servlet-api/3.1.0/javax.servlet-api-3.1.0.jar:/home/runner/.m2/repository/org/apache/hadoop/hadoop-common/3.3.5/hadoop-common-3.3.5.jar:/home/runner/.m2/repository/org/apache/commons/commons-math3/3.1.1/commons-math3-3.1.1.jar:/home/runner/.m2/repository/commons-net/commons-net/3.9.0/commons-net-3.9.0.jar:/home/runner/.m2/repository/com/sun/jersey/jersey-servlet/1.19/jersey-servlet-1.19.jar:/home/runner/.m2/repository/com/github/pjfanning/jersey-json/1.20/jersey-json-1.20.jar:/home/runner/.m2/repository/org/codehaus/jettison/jettison/1.1/jettison-1.1.jar:/home/runner/.m2/repository/com/sun/xml/bind/jaxb-impl/2.2.3-1/jaxb-impl-2.2.3-1.jar:/home/runner/.m2/repository/com/google/re2j/re2j/1.1/re2j-1.1.jar:/home/runner/.m2/repository/com/jcraft/jsch/0.1.54/jsch-0.1.54.jar:/home/runner/.m2/repository/org/apache/curator/curator-client/4.2.0/curator-client-4.2.0.jar:/home/runner/.m2/repository/org/apache/curator/curator-recipes/4.2.0/curator-recipes-4.2.0.jar:/home/runner/.m2/repository/org/apache/kerby/kerb-core/1.0.1/kerb-core-1.0.1.jar:/home/runner/.m2/repository/org/apache/kerby/kerby-pkix/1.0.1/kerby-pkix-1.0.1.jar:/home/runner/.m2/repository/org/apache/kerby/kerby-asn1/1.0.1/kerby-asn1-1.0.1.jar:/home/runner/.m2/repository/org/apache/kerby/kerby-util/1.0.1/kerby-util-1.0.1.jar:/home/runner/.m2/repository/dnsjava/dnsjava/2.1.7/dnsjava-2.1.7.jar:/home/runner/.m2/repository/org/xerial/snappy/snappy-java/1.1.8.2/snappy-java-1.1.8.2.jar:/home/runner/.m2/repository/com/fasterxml/jackson/core/jackson-databind/2.13.4.2/jackson-databind-2.13.4.2.jar:/home/runner/.m2/repository/org/apache/hadoop/hadoop-kms/3.3.5/hadoop-kms-3.3.5-tests.jar:/home/runner/.m2/repository/org/apache/ozone/hdds-server-scm/1.4.0-SNAPSHOT/hdds-server-scm-1.4.0-SNAPSHOT-tests.jar:/home/runner/.m2/repository/org/apache/ozone/hdds-container-service/1.4.0-SNAPSHOT/hdds-container-service-1.4.0-SNAPSHOT-tests.jar:/home/runner/.m2/repository/com/github/luben/zstd-jni/1.5.2-5/zstd-jni-1.5.2-5.jar:/home/runner/.m2/repository/commons-codec/commons-codec/1.15/commons-codec-1.15.jar:/home/runner/.m2/repository/io/netty/netty-codec/4.1.86.Final/netty-codec-4.1.86.Final.jar:/home/runner/.m2/repository/io/netty/netty-handler/4.1.86.Final/netty-handler-4.1.86.Final.jar:/home/runner/.m2/repository/org/apache/ozone/hdds-hadoop-dependency-test/1.4.0-SNAPSHOT/hdds-hadoop-dependency-test-1.4.0-SNAPSHOT.jar:/home/runner/.m2/repository/org/apache/hadoop/hadoop-common/3.3.5/hadoop-common-3.3.5-tests.jar:/home/runner/.m2/repository/org/apache/hadoop/hadoop-hdfs/3.3.5/hadoop-hdfs-3.3.5-tests.jar:/home/runner/.m2/repository/org/assertj/assertj-core/3.12.2/assertj-core-3.12.2.jar:/home/runner/.m2/repository/org/apache/hadoop/hadoop-distcp/3.3.5/hadoop-distcp-3.3.5.jar:/home/runner/.m2/repository/org/apache/hadoop/hadoop-mapreduce-client-jobclient/3.3.5/hadoop-mapreduce-client-jobclient-3.3.5.jar:/home/runner/.m2/repository/org/apache/hadoop/hadoop-mapreduce-client-common/3.3.5/hadoop-mapreduce-client-common-3.3.5.jar:/home/runner/.m2/repository/org/apache/hadoop/hadoop-yarn-common/3.3.5/hadoop-yarn-common-3.3.5.jar:/home/runner/.m2/repository/org/apache/hadoop/hadoop-yarn-api/3.3.5/hadoop-yarn-api-3.3.5.jar:/home/runner/.m2/repository/com/sun/jersey/contribs/jersey-guice/1.19/jersey-guice-1.19.jar:/home/runner/.m2/repository/com/fasterxml/jackson/jaxrs/jackson-jaxrs-json-provider/2.13.4/jackson-jaxrs-json-provider-2.13.4.jar:/home/runner/.m2/repository/com/fasterxml/jackson/jaxrs/jackson-jaxrs-base/2.13.4/jackson-jaxrs-base-2.13.4.jar:/home/runner/.m2/repository/org/apache/hadoop/hadoop-yarn-client/3.3.5/hadoop-yarn-client-3.3.5.jar:/home/runner/.m2/repository/org/eclipse/jetty/websocket/websocket-client/9.4.48.v20220622/websocket-client-9.4.48.v20220622.jar:/home/runner/.m2/repository/org/eclipse/jetty/websocket/websocket-common/9.4.48.v20220622/websocket-common-9.4.48.v20220622.jar:/home/runner/.m2/repository/org/eclipse/jetty/websocket/websocket-api/9.4.48.v20220622/websocket-api-9.4.48.v20220622.jar:/home/runner/.m2/repository/org/jline/jline/3.9.0/jline-3.9.0.jar:/home/runner/.m2/repository/org/apache/hadoop/hadoop-mapreduce-client-core/3.3.5/hadoop-mapreduce-client-core-3.3.5.jar:/home/runner/.m2/repository/org/apache/avro/avro/1.7.7/avro-1.7.7.jar:/home/runner/.m2/repository/com/thoughtworks/paranamer/paranamer/2.3/paranamer-2.3.jar:/home/runner/.m2/repository/org/apache/hadoop/hadoop-annotations/3.3.5/hadoop-annotations-3.3.5.jar:/usr/lib/jvm/temurin-8-jdk-amd64/jre/../lib/tools.jar:/home/runner/.m2/repository/io/netty/netty/3.10.6.Final/netty-3.10.6.Final.jar:/home/runner/.m2/repository/org/apache/hadoop/hadoop-distcp/3.3.5/hadoop-distcp-3.3.5-tests.jar:/home/runner/.m2/repository/org/slf4j/jul-to-slf4j/1.7.36/jul-to-slf4j-1.7.36.jar:"/>
    <property name="java.vm.vendor" value="Temurin"/>
    <property name="sun.arch.data.model" value="64"/>
    <property name="test.build.dir" value="/home/runner/work/ozone/ozone/hadoop-ozone/integration-test/target/test-dir"/>
    <property name="test.cache.data" value=""/>
    <property name="java.vendor.url" value="https://adoptium.net/"/>
    <property name="user.timezone" value="Etc/UTC"/>
    <property name="java.vm.specification.version" value="1.8"/>
    <property name="os.name" value="Linux"/>
    <property name="test.build.data" value="/home/runner/work/ozone/ozone/hadoop-ozone/integration-test/target/test-dir"/>
    <property name="sun.java.launcher" value="SUN_STANDARD"/>
    <property name="sun.boot.library.path" value="/usr/lib/jvm/temurin-8-jdk-amd64/jre/lib/amd64"/>
    <property name="sun.java.command" value="/home/runner/work/ozone/ozone/hadoop-ozone/integration-test/target/surefire/surefirebooter206538240529496952.jar /home/runner/work/ozone/ozone/hadoop-ozone/integration-test/target/surefire 2023-04-18T10-48-12_704-jvmRun1 surefire3111967815939635631tmp surefire_253774134551788649886tmp"/>
    <property name="surefire.test.class.path" value="/home/runner/work/ozone/ozone/hadoop-ozone/integration-test/target/test-classes:/home/runner/work/ozone/ozone/hadoop-ozone/integration-test/target/classes:/home/runner/.m2/repository/org/apache/ozone/ozone-common/1.4.0-SNAPSHOT/ozone-common-1.4.0-SNAPSHOT.jar:/home/runner/.m2/repository/io/grpc/grpc-netty/1.51.1/grpc-netty-1.51.1.jar:/home/runner/.m2/repository/io/grpc/grpc-core/1.51.1/grpc-core-1.51.1.jar:/home/runner/.m2/repository/com/google/android/annotations/4.1.1.4/annotations-4.1.1.4.jar:/home/runner/.m2/repository/org/codehaus/mojo/animal-sniffer-annotations/1.21/animal-sniffer-annotations-1.21.jar:/home/runner/.m2/repository/com/google/errorprone/error_prone_annotations/2.2.0/error_prone_annotations-2.2.0.jar:/home/runner/.m2/repository/io/perfmark/perfmark-api/0.25.0/perfmark-api-0.25.0.jar:/home/runner/.m2/repository/io/netty/netty-codec-http2/4.1.86.Final/netty-codec-http2-4.1.86.Final.jar:/home/runner/.m2/repository/io/netty/netty-common/4.1.86.Final/netty-common-4.1.86.Final.jar:/home/runner/.m2/repository/io/netty/netty-buffer/4.1.86.Final/netty-buffer-4.1.86.Final.jar:/home/runner/.m2/repository/io/netty/netty-codec-http/4.1.86.Final/netty-codec-http-4.1.86.Final.jar:/home/runner/.m2/repository/io/netty/netty-handler-proxy/4.1.86.Final/netty-handler-proxy-4.1.86.Final.jar:/home/runner/.m2/repository/io/netty/netty-codec-socks/4.1.86.Final/netty-codec-socks-4.1.86.Final.jar:/home/runner/.m2/repository/io/netty/netty-tcnative-boringssl-static/2.0.54.Final/netty-tcnative-boringssl-static-2.0.54.Final.jar:/home/runner/.m2/repository/io/netty/netty-tcnative-classes/2.0.54.Final/netty-tcnative-classes-2.0.54.Final.jar:/home/runner/.m2/repository/io/netty/netty-tcnative-boringssl-static/2.0.54.Final/netty-tcnative-boringssl-static-2.0.54.Final-linux-x86_64.jar:/home/runner/.m2/repository/io/netty/netty-tcnative-boringssl-static/2.0.54.Final/netty-tcnative-boringssl-static-2.0.54.Final-linux-aarch_64.jar:/home/runner/.m2/repository/io/netty/netty-tcnative-boringssl-static/2.0.54.Final/netty-tcnative-boringssl-static-2.0.54.Final-osx-x86_64.jar:/home/runner/.m2/repository/io/netty/netty-tcnative-boringssl-static/2.0.54.Final/netty-tcnative-boringssl-static-2.0.54.Final-osx-aarch_64.jar:/home/runner/.m2/repository/io/netty/netty-tcnative-boringssl-static/2.0.54.Final/netty-tcnative-boringssl-static-2.0.54.Final-windows-x86_64.jar:/home/runner/.m2/repository/org/apache/commons/commons-compress/1.21/commons-compress-1.21.jar:/home/runner/.m2/repository/org/apache/ozone/hdds-common/1.4.0-SNAPSHOT/hdds-common-1.4.0-SNAPSHOT.jar:/home/runner/.m2/repository/org/apache/ozone/hdds-client/1.4.0-SNAPSHOT/hdds-client-1.4.0-SNAPSHOT.jar:/home/runner/.m2/repository/org/apache/ozone/ozone-interface-client/1.4.0-SNAPSHOT/ozone-interface-client-1.4.0-SNAPSHOT.jar:/home/runner/.m2/repository/org/apache/ozone/hdds-test-utils/1.4.0-SNAPSHOT/hdds-test-utils-1.4.0-SNAPSHOT.jar:/home/runner/.m2/repository/com/google/guava/guava/31.1-jre/guava-31.1-jre.jar:/home/runner/.m2/repository/com/google/guava/failureaccess/1.0.1/failureaccess-1.0.1.jar:/home/runner/.m2/repository/com/google/guava/listenablefuture/9999.0-empty-to-avoid-conflict-with-guava/listenablefuture-9999.0-empty-to-avoid-conflict-with-guava.jar:/home/runner/.m2/repository/com/google/code/findbugs/jsr305/3.0.0/jsr305-3.0.0.jar:/home/runner/.m2/repository/org/checkerframework/checker-qual/3.12.0/checker-qual-3.12.0.jar:/home/runner/.m2/repository/com/google/j2objc/j2objc-annotations/1.3/j2objc-annotations-1.3.jar:/home/runner/.m2/repository/commons-io/commons-io/2.11.0/commons-io-2.11.0.jar:/home/runner/.m2/repository/commons-logging/commons-logging/1.2/commons-logging-1.2.jar:/home/runner/.m2/repository/ch/qos/reload4j/reload4j/1.2.22/reload4j-1.2.22.jar:/home/runner/.m2/repository/org/slf4j/slf4j-api/1.7.36/slf4j-api-1.7.36.jar:/home/runner/.m2/repository/org/apache/ozone/hdds-server-scm/1.4.0-SNAPSHOT/hdds-server-scm-1.4.0-SNAPSHOT.jar:/home/runner/.m2/repository/org/apache/ozone/hdds-container-service/1.4.0-SNAPSHOT/hdds-container-service-1.4.0-SNAPSHOT.jar:/home/runner/.m2/repository/org/apache/ozone/hdds-hadoop-dependency-server/1.4.0-SNAPSHOT/hdds-hadoop-dependency-server-1.4.0-SNAPSHOT.jar:/home/runner/.m2/repository/org/apache/hadoop/hadoop-hdfs/3.3.5/hadoop-hdfs-3.3.5.jar:/home/runner/.m2/repository/commons-daemon/commons-daemon/1.0.13/commons-daemon-1.0.13.jar:/home/runner/.m2/repository/org/apache/ozone/hdds-server-framework/1.4.0-SNAPSHOT/hdds-server-framework-1.4.0-SNAPSHOT.jar:/home/runner/.m2/repository/io/dropwizard/metrics/metrics-core/3.2.4/metrics-core-3.2.4.jar:/home/runner/.m2/repository/org/apache/commons/commons-text/1.4/commons-text-1.4.jar:/home/runner/.m2/repository/org/apache/hadoop/hadoop-hdfs-client/3.3.5/hadoop-hdfs-client-3.3.5.jar:/home/runner/.m2/repository/com/squareup/okhttp3/okhttp/4.9.3/okhttp-4.9.3.jar:/home/runner/.m2/repository/com/squareup/okio/okio/2.8.0/okio-2.8.0.jar:/home/runner/.m2/repository/org/jetbrains/kotlin/kotlin-stdlib-common/1.6.21/kotlin-stdlib-common-1.6.21.jar:/home/runner/.m2/repository/org/bouncycastle/bcprov-jdk15on/1.67/bcprov-jdk15on-1.67.jar:/home/runner/.m2/repository/com/google/protobuf/protobuf-java/2.5.0/protobuf-java-2.5.0.jar:/home/runner/.m2/repository/org/apache/ozone/hdds-server-framework/1.4.0-SNAPSHOT/hdds-server-framework-1.4.0-SNAPSHOT-tests.jar:/home/runner/.m2/repository/org/apache/ozone/hdds-interface-server/1.4.0-SNAPSHOT/hdds-interface-server-1.4.0-SNAPSHOT.jar:/home/runner/.m2/repository/org/apache/ozone/hdds-interface-admin/1.4.0-SNAPSHOT/hdds-interface-admin-1.4.0-SNAPSHOT.jar:/home/runner/.m2/repository/org/apache/ozone/hdds-managed-rocksdb/1.4.0-SNAPSHOT/hdds-managed-rocksdb-1.4.0-SNAPSHOT.jar:/home/runner/.m2/repository/org/rocksdb/rocksdbjni/7.7.3/rocksdbjni-7.7.3.jar:/home/runner/.m2/repository/org/slf4j/slf4j-reload4j/1.7.36/slf4j-reload4j-1.7.36.jar:/home/runner/.m2/repository/org/apache/commons/commons-configuration2/2.1.1/commons-configuration2-2.1.1.jar:/home/runner/.m2/repository/org/apache/logging/log4j/log4j-core/2.17.1/log4j-core-2.17.1.jar:/home/runner/.m2/repository/com/lmax/disruptor/3.4.2/disruptor-3.4.2.jar:/home/runner/.m2/repository/org/eclipse/jetty/jetty-util/9.4.49.v20220914/jetty-util-9.4.49.v20220914.jar:/home/runner/.m2/repository/org/eclipse/jetty/jetty-server/9.4.49.v20220914/jetty-server-9.4.49.v20220914.jar:/home/runner/.m2/repository/org/eclipse/jetty/jetty-http/9.4.49.v20220914/jetty-http-9.4.49.v20220914.jar:/home/runner/.m2/repository/org/eclipse/jetty/jetty-io/9.4.49.v20220914/jetty-io-9.4.49.v20220914.jar:/home/runner/.m2/repository/org/eclipse/jetty/jetty-servlet/9.4.49.v20220914/jetty-servlet-9.4.49.v20220914.jar:/home/runner/.m2/repository/org/eclipse/jetty/jetty-security/9.4.49.v20220914/jetty-security-9.4.49.v20220914.jar:/home/runner/.m2/repository/org/eclipse/jetty/jetty-util-ajax/9.4.49.v20220914/jetty-util-ajax-9.4.49.v20220914.jar:/home/runner/.m2/repository/org/eclipse/jetty/jetty-webapp/9.4.49.v20220914/jetty-webapp-9.4.49.v20220914.jar:/home/runner/.m2/repository/org/eclipse/jetty/jetty-xml/9.4.49.v20220914/jetty-xml-9.4.49.v20220914.jar:/home/runner/.m2/repository/org/apache/ratis/ratis-server/2.4.2-8b8bdda-SNAPSHOT/ratis-server-2.4.2-8b8bdda-SNAPSHOT.jar:/home/runner/.m2/repository/org/apache/ratis/ratis-thirdparty-misc/1.0.3/ratis-thirdparty-misc-1.0.3.jar:/home/runner/.m2/repository/org/apache/ratis/ratis-proto/2.4.2-8b8bdda-SNAPSHOT/ratis-proto-2.4.2-8b8bdda-SNAPSHOT.jar:/home/runner/.m2/repository/org/apache/ratis/ratis-common/2.4.2-8b8bdda-SNAPSHOT/ratis-common-2.4.2-8b8bdda-SNAPSHOT.jar:/home/runner/.m2/repository/org/apache/ratis/ratis-client/2.4.2-8b8bdda-SNAPSHOT/ratis-client-2.4.2-8b8bdda-SNAPSHOT.jar:/home/runner/.m2/repository/org/apache/ratis/ratis-server-api/2.4.2-8b8bdda-SNAPSHOT/ratis-server-api-2.4.2-8b8bdda-SNAPSHOT.jar:/home/runner/.m2/repository/org/apache/ratis/ratis-metrics/2.4.2-8b8bdda-SNAPSHOT/ratis-metrics-2.4.2-8b8bdda-SNAPSHOT.jar:/home/runner/.m2/repository/io/prometheus/simpleclient_dropwizard/0.7.0/simpleclient_dropwizard-0.7.0.jar:/home/runner/.m2/repository/io/prometheus/simpleclient/0.7.0/simpleclient-0.7.0.jar:/home/runner/.m2/repository/io/prometheus/simpleclient_common/0.7.0/simpleclient_common-0.7.0.jar:/home/runner/.m2/repository/com/fasterxml/jackson/datatype/jackson-datatype-jsr310/2.13.4/jackson-datatype-jsr310-2.13.4.jar:/home/runner/.m2/repository/com/fasterxml/jackson/core/jackson-core/2.13.4/jackson-core-2.13.4.jar:/home/runner/.m2/repository/com/github/spotbugs/spotbugs-annotations/3.1.12/spotbugs-annotations-3.1.12.jar:/home/runner/.m2/repository/org/apache/ozone/rocksdb-checkpoint-differ/1.4.0-SNAPSHOT/rocksdb-checkpoint-differ-1.4.0-SNAPSHOT.jar:/home/runner/.m2/repository/org/awaitility/awaitility/4.2.0/awaitility-4.2.0.jar:/home/runner/.m2/repository/org/hamcrest/hamcrest/2.1/hamcrest-2.1.jar:/home/runner/.m2/repository/org/apache/ozone/ozone-manager/1.4.0-SNAPSHOT/ozone-manager-1.4.0-SNAPSHOT.jar:/home/runner/.m2/repository/org/aspectj/aspectjrt/1.9.7/aspectjrt-1.9.7.jar:/home/runner/.m2/repository/org/aspectj/aspectjweaver/1.9.7/aspectjweaver-1.9.7.jar:/home/runner/.m2/repository/org/apache/ozone/hdds-interface-client/1.4.0-SNAPSHOT/hdds-interface-client-1.4.0-SNAPSHOT.jar:/home/runner/.m2/repository/org/apache/hadoop/thirdparty/hadoop-shaded-protobuf_3_7/1.1.1/hadoop-shaded-protobuf_3_7-1.1.1.jar:/home/runner/.m2/repository/org/apache/ozone/ozone-interface-storage/1.4.0-SNAPSHOT/ozone-interface-storage-1.4.0-SNAPSHOT.jar:/home/runner/.m2/repository/org/reflections/reflections/0.9.11/reflections-0.9.11.jar:/home/runner/.m2/repository/com/sun/jersey/jersey-client/1.19/jersey-client-1.19.jar:/home/runner/.m2/repository/org/codehaus/jackson/jackson-core-asl/1.9.13/jackson-core-asl-1.9.13.jar:/home/runner/.m2/repository/org/codehaus/jackson/jackson-mapper-asl/1.9.13/jackson-mapper-asl-1.9.13.jar:/home/runner/.m2/repository/org/codehaus/jackson/jackson-jaxrs/1.9.13/jackson-jaxrs-1.9.13.jar:/home/runner/.m2/repository/org/apache/ranger/ranger-intg/2.3.0/ranger-intg-2.3.0.jar:/home/runner/.m2/repository/org/apache/ranger/ranger-plugins-common/2.3.0/ranger-plugins-common-2.3.0.jar:/home/runner/.m2/repository/commons-lang/commons-lang/2.6/commons-lang-2.6.jar:/home/runner/.m2/repository/org/apache/ranger/ranger-plugins-cred/2.3.0/ranger-plugins-cred-2.3.0.jar:/home/runner/.m2/repository/org/apache/ranger/ranger-plugins-audit/2.3.0/ranger-plugins-audit-2.3.0.jar:/home/runner/.m2/repository/org/eclipse/jetty/jetty-client/9.4.49.v20220914/jetty-client-9.4.49.v20220914.jar:/home/runner/.m2/repository/org/apache/httpcomponents/httpmime/4.5.6/httpmime-4.5.6.jar:/home/runner/.m2/repository/org/apache/httpcomponents/httpcore-nio/4.4.13/httpcore-nio-4.4.13.jar:/home/runner/.m2/repository/org/apache/httpcomponents/httpasyncclient/4.1.3/httpasyncclient-4.1.3.jar:/home/runner/.m2/repository/com/carrotsearch/hppc/0.8.0/hppc-0.8.0.jar:/home/runner/.m2/repository/org/apache/orc/orc-core/1.5.8/orc-core-1.5.8.jar:/home/runner/.m2/repository/net/java/dev/jna/jna/5.2.0/jna-5.2.0.jar:/home/runner/.m2/repository/net/java/dev/jna/jna-platform/5.2.0/jna-platform-5.2.0.jar:/home/runner/.m2/repository/com/kstruct/gethostname4j/0.0.2/gethostname4j-0.0.2.jar:/home/runner/.m2/repository/org/apache/ranger/ranger-plugin-classloader/2.3.0/ranger-plugin-classloader-2.3.0.jar:/home/runner/.m2/repository/org/apache/hadoop/hadoop-minikdc/3.3.5/hadoop-minikdc-3.3.5.jar:/home/runner/.m2/repository/org/apache/kerby/kerb-simplekdc/1.0.1/kerb-simplekdc-1.0.1.jar:/home/runner/.m2/repository/org/apache/kerby/kerb-client/1.0.1/kerb-client-1.0.1.jar:/home/runner/.m2/repository/org/apache/kerby/kerby-config/1.0.1/kerby-config-1.0.1.jar:/home/runner/.m2/repository/org/apache/kerby/kerb-common/1.0.1/kerb-common-1.0.1.jar:/home/runner/.m2/repository/org/apache/kerby/kerb-crypto/1.0.1/kerb-crypto-1.0.1.jar:/home/runner/.m2/repository/org/apache/kerby/kerb-util/1.0.1/kerb-util-1.0.1.jar:/home/runner/.m2/repository/org/apache/kerby/token-provider/1.0.1/token-provider-1.0.1.jar:/home/runner/.m2/repository/org/apache/kerby/kerb-admin/1.0.1/kerb-admin-1.0.1.jar:/home/runner/.m2/repository/org/apache/kerby/kerb-server/1.0.1/kerb-server-1.0.1.jar:/home/runner/.m2/repository/org/apache/kerby/kerb-identity/1.0.1/kerb-identity-1.0.1.jar:/home/runner/.m2/repository/org/apache/kerby/kerby-xdr/1.0.1/kerby-xdr-1.0.1.jar:/home/runner/.m2/repository/org/apache/ozone/ozone-s3gateway/1.4.0-SNAPSHOT/ozone-s3gateway-1.4.0-SNAPSHOT.jar:/home/runner/.m2/repository/org/javassist/javassist/3.21.0-GA/javassist-3.21.0-GA.jar:/home/runner/.m2/repository/org/jboss/weld/servlet/weld-servlet-shaded/3.1.9.Final/weld-servlet-shaded-3.1.9.Final.jar:/home/runner/.m2/repository/org/glassfish/jersey/containers/jersey-container-servlet-core/2.34/jersey-container-servlet-core-2.34.jar:/home/runner/.m2/repository/org/glassfish/hk2/external/jakarta.inject/2.6.1/jakarta.inject-2.6.1.jar:/home/runner/.m2/repository/org/glassfish/jersey/core/jersey-common/2.34/jersey-common-2.34.jar:/home/runner/.m2/repository/jakarta/ws/rs/jakarta.ws.rs-api/2.1.6/jakarta.ws.rs-api-2.1.6.jar:/home/runner/.m2/repository/org/glassfish/jersey/ext/cdi/jersey-cdi1x/2.34/jersey-cdi1x-2.34.jar:/home/runner/.m2/repository/org/glassfish/jersey/inject/jersey-hk2/2.34/jersey-hk2-2.34.jar:/home/runner/.m2/repository/org/glassfish/hk2/hk2-locator/2.6.1/hk2-locator-2.6.1.jar:/home/runner/.m2/repository/org/glassfish/jersey/media/jersey-media-jaxb/2.34/jersey-media-jaxb-2.34.jar:/home/runner/.m2/repository/org/glassfish/hk2/osgi-resource-locator/1.0.3/osgi-resource-locator-1.0.3.jar:/home/runner/.m2/repository/org/glassfish/hk2/hk2-api/2.5.0/hk2-api-2.5.0.jar:/home/runner/.m2/repository/org/glassfish/hk2/hk2-utils/2.5.0/hk2-utils-2.5.0.jar:/home/runner/.m2/repository/org/glassfish/hk2/external/aopalliance-repackaged/2.5.0/aopalliance-repackaged-2.5.0.jar:/home/runner/.m2/repository/com/fasterxml/jackson/dataformat/jackson-dataformat-xml/2.13.4/jackson-dataformat-xml-2.13.4.jar:/home/runner/.m2/repository/org/codehaus/woodstox/stax2-api/4.2.1/stax2-api-4.2.1.jar:/home/runner/.m2/repository/com/fasterxml/woodstox/woodstox-core/5.4.0/woodstox-core-5.4.0.jar:/home/runner/.m2/repository/com/fasterxml/jackson/module/jackson-module-jaxb-annotations/2.13.4/jackson-module-jaxb-annotations-2.13.4.jar:/home/runner/.m2/repository/jakarta/xml/bind/jakarta.xml.bind-api/2.3.3/jakarta.xml.bind-api-2.3.3.jar:/home/runner/.m2/repository/jakarta/activation/jakarta.activation-api/1.2.2/jakarta.activation-api-1.2.2.jar:/home/runner/.m2/repository/javax/enterprise/cdi-api/2.0/cdi-api-2.0.jar:/home/runner/.m2/repository/javax/el/javax.el-api/3.0.0/javax.el-api-3.0.0.jar:/home/runner/.m2/repository/javax/interceptor/javax.interceptor-api/1.2/javax.interceptor-api-1.2.jar:/home/runner/.m2/repository/javax/inject/javax.inject/1/javax.inject-1.jar:/home/runner/.m2/repository/javax/xml/bind/jaxb-api/2.3.0/jaxb-api-2.3.0.jar:/home/runner/.m2/repository/org/glassfish/jaxb/jaxb-runtime/2.3.0.1/jaxb-runtime-2.3.0.1.jar:/home/runner/.m2/repository/org/glassfish/jaxb/jaxb-core/2.3.0.1/jaxb-core-2.3.0.1.jar:/home/runner/.m2/repository/org/glassfish/jaxb/txw2/2.3.0.1/txw2-2.3.0.1.jar:/home/runner/.m2/repository/com/sun/istack/istack-commons-runtime/3.0.5/istack-commons-runtime-3.0.5.jar:/home/runner/.m2/repository/org/jvnet/staxex/stax-ex/1.7.8/stax-ex-1.7.8.jar:/home/runner/.m2/repository/com/sun/xml/fastinfoset/FastInfoset/1.2.13/FastInfoset-1.2.13.jar:/home/runner/.m2/repository/javax/activation/activation/1.1.1/activation-1.1.1.jar:/home/runner/.m2/repository/io/grpc/grpc-protobuf/1.51.1/grpc-protobuf-1.51.1.jar:/home/runner/.m2/repository/io/grpc/grpc-api/1.51.1/grpc-api-1.51.1.jar:/home/runner/.m2/repository/io/grpc/grpc-context/1.51.1/grpc-context-1.51.1.jar:/home/runner/.m2/repository/com/google/api/grpc/proto-google-common-protos/2.9.0/proto-google-common-protos-2.9.0.jar:/home/runner/.m2/repository/io/grpc/grpc-protobuf-lite/1.51.1/grpc-protobuf-lite-1.51.1.jar:/home/runner/.m2/repository/io/grpc/grpc-stub/1.51.1/grpc-stub-1.51.1.jar:/home/runner/.m2/repository/io/netty/netty-transport/4.1.86.Final/netty-transport-4.1.86.Final.jar:/home/runner/.m2/repository/io/netty/netty-resolver/4.1.86.Final/netty-resolver-4.1.86.Final.jar:/home/runner/.m2/repository/org/apache/ozone/ozone-csi/1.4.0-SNAPSHOT/ozone-csi-1.4.0-SNAPSHOT.jar:/home/runner/.m2/repository/com/google/protobuf/protobuf-java-util/3.19.6/protobuf-java-util-3.19.6.jar:/home/runner/.m2/repository/com/google/code/gson/gson/2.9.0/gson-2.9.0.jar:/home/runner/.m2/repository/org/apache/ozone/hdds-config/1.4.0-SNAPSHOT/hdds-config-1.4.0-SNAPSHOT.jar:/home/runner/.m2/repository/io/netty/netty-transport-native-epoll/4.1.86.Final/netty-transport-native-epoll-4.1.86.Final-linux-x86_64.jar:/home/runner/.m2/repository/io/netty/netty-transport-classes-epoll/4.1.86.Final/netty-transport-classes-epoll-4.1.86.Final.jar:/home/runner/.m2/repository/io/netty/netty-transport-native-unix-common/4.1.86.Final/netty-transport-native-unix-common-4.1.86.Final.jar:/home/runner/.m2/repository/org/apache/ozone/ozone-recon/1.4.0-SNAPSHOT/ozone-recon-1.4.0-SNAPSHOT.jar:/home/runner/.m2/repository/org/apache/ozone/ozone-reconcodegen/1.4.0-SNAPSHOT/ozone-reconcodegen-1.4.0-SNAPSHOT.jar:/home/runner/.m2/repository/com/google/inject/guice/5.1.0/guice-5.1.0.jar:/home/runner/.m2/repository/aopalliance/aopalliance/1.0/aopalliance-1.0.jar:/home/runner/.m2/repository/com/google/inject/extensions/guice-assistedinject/5.1.0/guice-assistedinject-5.1.0.jar:/home/runner/.m2/repository/com/google/inject/extensions/guice-servlet/5.1.0/guice-servlet-5.1.0.jar:/home/runner/.m2/repository/org/glassfish/jersey/containers/jersey-container-servlet/2.34/jersey-container-servlet-2.34.jar:/home/runner/.m2/repository/org/glassfish/hk2/guice-bridge/2.5.0/guice-bridge-2.5.0.jar:/home/runner/.m2/repository/org/glassfish/jersey/core/jersey-server/2.34/jersey-server-2.34.jar:/home/runner/.m2/repository/org/glassfish/jersey/core/jersey-client/2.34/jersey-client-2.34.jar:/home/runner/.m2/repository/jakarta/annotation/jakarta.annotation-api/1.3.5/jakarta.annotation-api-1.3.5.jar:/home/runner/.m2/repository/jakarta/validation/jakarta.validation-api/2.0.2/jakarta.validation-api-2.0.2.jar:/home/runner/.m2/repository/org/glassfish/jersey/media/jersey-media-json-jackson/2.34/jersey-media-json-jackson-2.34.jar:/home/runner/.m2/repository/org/glassfish/jersey/ext/jersey-entity-filtering/2.34/jersey-entity-filtering-2.34.jar:/home/runner/.m2/repository/org/jooq/jooq/3.11.10/jooq-3.11.10.jar:/home/runner/.m2/repository/org/jooq/jooq-meta/3.11.10/jooq-meta-3.11.10.jar:/home/runner/.m2/repository/org/jooq/jooq-codegen/3.11.10/jooq-codegen-3.11.10.jar:/home/runner/.m2/repository/com/jolbox/bonecp/0.8.0.RELEASE/bonecp-0.8.0.RELEASE.jar:/home/runner/.m2/repository/org/apache/derby/derby/10.14.2.0/derby-10.14.2.0.jar:/home/runner/.m2/repository/org/xerial/sqlite-jdbc/3.25.2/sqlite-jdbc-3.25.2.jar:/home/runner/.m2/repository/org/springframework/spring-jdbc/5.3.26/spring-jdbc-5.3.26.jar:/home/runner/.m2/repository/org/springframework/spring-beans/5.3.26/spring-beans-5.3.26.jar:/home/runner/.m2/repository/org/springframework/spring-core/5.3.26/spring-core-5.3.26.jar:/home/runner/.m2/repository/org/springframework/spring-tx/5.3.26/spring-tx-5.3.26.jar:/home/runner/.m2/repository/org/apache/ozone/ozone-client/1.4.0-SNAPSHOT/ozone-client-1.4.0-SNAPSHOT.jar:/home/runner/.m2/repository/org/apache/ozone/hdds-erasurecode/1.4.0-SNAPSHOT/hdds-erasurecode-1.4.0-SNAPSHOT.jar:/home/runner/.m2/repository/org/apache/ozone/ozone-filesystem/1.4.0-SNAPSHOT/ozone-filesystem-1.4.0-SNAPSHOT.jar:/home/runner/.m2/repository/org/apache/ozone/ozone-filesystem-common/1.4.0-SNAPSHOT/ozone-filesystem-common-1.4.0-SNAPSHOT.jar:/home/runner/.m2/repository/org/apache/ozone/ozone-tools/1.4.0-SNAPSHOT/ozone-tools-1.4.0-SNAPSHOT.jar:/home/runner/.m2/repository/com/amazonaws/aws-java-sdk-core/1.12.261/aws-java-sdk-core-1.12.261.jar:/home/runner/.m2/repository/org/apache/httpcomponents/httpclient/4.5.13/httpclient-4.5.13.jar:/home/runner/.m2/repository/org/apache/httpcomponents/httpcore/4.4.13/httpcore-4.4.13.jar:/home/runner/.m2/repository/software/amazon/ion/ion-java/1.0.2/ion-java-1.0.2.jar:/home/runner/.m2/repository/com/fasterxml/jackson/dataformat/jackson-dataformat-cbor/2.13.4/jackson-dataformat-cbor-2.13.4.jar:/home/runner/.m2/repository/joda-time/joda-time/2.10.6/joda-time-2.10.6.jar:/home/runner/.m2/repository/com/amazonaws/aws-java-sdk-s3/1.12.261/aws-java-sdk-s3-1.12.261.jar:/home/runner/.m2/repository/com/amazonaws/aws-java-sdk-kms/1.12.261/aws-java-sdk-kms-1.12.261.jar:/home/runner/.m2/repository/com/amazonaws/jmespath-java/1.12.261/jmespath-java-1.12.261.jar:/home/runner/.m2/repository/org/kohsuke/metainf-services/metainf-services/1.8/metainf-services-1.8.jar:/home/runner/.m2/repository/org/apache/ozone/hdds-tools/1.4.0-SNAPSHOT/hdds-tools-1.4.0-SNAPSHOT.jar:/home/runner/.m2/repository/org/apache/ratis/ratis-tools/2.4.2-8b8bdda-SNAPSHOT/ratis-tools-2.4.2-8b8bdda-SNAPSHOT.jar:/home/runner/.m2/repository/commons-cli/commons-cli/1.2/commons-cli-1.2.jar:/home/runner/.m2/repository/org/apache/commons/commons-lang3/3.7/commons-lang3-3.7.jar:/home/runner/.m2/repository/org/apache/ozone/ozone-manager/1.4.0-SNAPSHOT/ozone-manager-1.4.0-SNAPSHOT-tests.jar:/home/runner/.m2/repository/org/apache/ozone/hdds-common/1.4.0-SNAPSHOT/hdds-common-1.4.0-SNAPSHOT-tests.jar:/home/runner/.m2/repository/org/apache/ozone/hdds-hadoop-dependency-client/1.4.0-SNAPSHOT/hdds-hadoop-dependency-client-1.4.0-SNAPSHOT.jar:/home/runner/.m2/repository/info/picocli/picocli/4.6.1/picocli-4.6.1.jar:/home/runner/.m2/repository/com/fasterxml/jackson/core/jackson-annotations/2.13.4/jackson-annotations-2.13.4.jar:/home/runner/.m2/repository/org/apache/ozone/hdds-annotation-processing/1.4.0-SNAPSHOT/hdds-annotation-processing-1.4.0-SNAPSHOT.jar:/home/runner/.m2/repository/javax/annotation/javax.annotation-api/1.2/javax.annotation-api-1.2.jar:/home/runner/.m2/repository/org/apache/ratis/ratis-netty/2.4.2-8b8bdda-SNAPSHOT/ratis-netty-2.4.2-8b8bdda-SNAPSHOT.jar:/home/runner/.m2/repository/org/apache/ratis/ratis-grpc/2.4.2-8b8bdda-SNAPSHOT/ratis-grpc-2.4.2-8b8bdda-SNAPSHOT.jar:/home/runner/.m2/repository/org/apache/logging/log4j/log4j-api/2.17.1/log4j-api-2.17.1.jar:/home/runner/.m2/repository/org/apache/commons/commons-pool2/2.6.0/commons-pool2-2.6.0.jar:/home/runner/.m2/repository/org/bouncycastle/bcpkix-jdk15on/1.67/bcpkix-jdk15on-1.67.jar:/home/runner/.m2/repository/commons-validator/commons-validator/1.6/commons-validator-1.6.jar:/home/runner/.m2/repository/commons-beanutils/commons-beanutils/1.9.4/commons-beanutils-1.9.4.jar:/home/runner/.m2/repository/commons-digester/commons-digester/1.8.1/commons-digester-1.8.1.jar:/home/runner/.m2/repository/commons-collections/commons-collections/3.2.2/commons-collections-3.2.2.jar:/home/runner/.m2/repository/io/jaegertracing/jaeger-client/1.6.0/jaeger-client-1.6.0.jar:/home/runner/.m2/repository/io/jaegertracing/jaeger-thrift/1.6.0/jaeger-thrift-1.6.0.jar:/home/runner/.m2/repository/org/apache/thrift/libthrift/0.14.1/libthrift-0.14.1.jar:/home/runner/.m2/repository/io/jaegertracing/jaeger-core/1.6.0/jaeger-core-1.6.0.jar:/home/runner/.m2/repository/io/jaegertracing/jaeger-tracerresolver/1.6.0/jaeger-tracerresolver-1.6.0.jar:/home/runner/.m2/repository/io/opentracing/contrib/opentracing-tracerresolver/0.1.8/opentracing-tracerresolver-0.1.8.jar:/home/runner/.m2/repository/org/jetbrains/kotlin/kotlin-stdlib/1.6.21/kotlin-stdlib-1.6.21.jar:/home/runner/.m2/repository/org/jetbrains/annotations/13.0/annotations-13.0.jar:/home/runner/.m2/repository/io/opentracing/opentracing-util/0.33.0/opentracing-util-0.33.0.jar:/home/runner/.m2/repository/io/opentracing/opentracing-api/0.33.0/opentracing-api-0.33.0.jar:/home/runner/.m2/repository/io/opentracing/opentracing-noop/0.33.0/opentracing-noop-0.33.0.jar:/home/runner/.m2/repository/org/yaml/snakeyaml/2.0/snakeyaml-2.0.jar:/home/runner/.m2/repository/junit/junit/4.13.1/junit-4.13.1.jar:/home/runner/.m2/repository/org/hamcrest/hamcrest-core/1.3/hamcrest-core-1.3.jar:/home/runner/.m2/repository/org/junit/jupiter/junit-jupiter-api/5.8.2/junit-jupiter-api-5.8.2.jar:/home/runner/.m2/repository/org/opentest4j/opentest4j/1.2.0/opentest4j-1.2.0.jar:/home/runner/.m2/repository/org/junit/platform/junit-platform-commons/1.8.2/junit-platform-commons-1.8.2.jar:/home/runner/.m2/repository/org/apiguardian/apiguardian-api/1.1.2/apiguardian-api-1.1.2.jar:/home/runner/.m2/repository/org/junit/jupiter/junit-jupiter-params/5.8.2/junit-jupiter-params-5.8.2.jar:/home/runner/.m2/repository/org/junit/jupiter/junit-jupiter-migrationsupport/5.8.2/junit-jupiter-migrationsupport-5.8.2.jar:/home/runner/.m2/repository/org/junit/jupiter/junit-jupiter-engine/5.8.2/junit-jupiter-engine-5.8.2.jar:/home/runner/.m2/repository/org/junit/platform/junit-platform-engine/1.8.2/junit-platform-engine-1.8.2.jar:/home/runner/.m2/repository/org/junit/vintage/junit-vintage-engine/5.8.2/junit-vintage-engine-5.8.2.jar:/home/runner/.m2/repository/org/junit/platform/junit-platform-launcher/1.8.2/junit-platform-launcher-1.8.2.jar:/home/runner/.m2/repository/org/mockito/mockito-core/2.28.2/mockito-core-2.28.2.jar:/home/runner/.m2/repository/net/bytebuddy/byte-buddy/1.9.10/byte-buddy-1.9.10.jar:/home/runner/.m2/repository/net/bytebuddy/byte-buddy-agent/1.9.10/byte-buddy-agent-1.9.10.jar:/home/runner/.m2/repository/org/objenesis/objenesis/1.0/objenesis-1.0.jar:/home/runner/.m2/repository/org/apache/hadoop/hadoop-kms/3.3.5/hadoop-kms-3.3.5.jar:/home/runner/.m2/repository/org/apache/hadoop/hadoop-auth/3.3.5/hadoop-auth-3.3.5.jar:/home/runner/.m2/repository/com/nimbusds/nimbus-jose-jwt/9.8.1/nimbus-jose-jwt-9.8.1.jar:/home/runner/.m2/repository/com/github/stephenc/jcip/jcip-annotations/1.0-1/jcip-annotations-1.0-1.jar:/home/runner/.m2/repository/net/minidev/json-smart/2.4.7/json-smart-2.4.7.jar:/home/runner/.m2/repository/net/minidev/accessors-smart/2.4.7/accessors-smart-2.4.7.jar:/home/runner/.m2/repository/org/ow2/asm/asm/5.0.4/asm-5.0.4.jar:/home/runner/.m2/repository/org/apache/zookeeper/zookeeper/3.5.6/zookeeper-3.5.6.jar:/home/runner/.m2/repository/org/apache/zookeeper/zookeeper-jute/3.5.6/zookeeper-jute-3.5.6.jar:/home/runner/.m2/repository/org/apache/yetus/audience-annotations/0.5.0/audience-annotations-0.5.0.jar:/home/runner/.m2/repository/org/apache/curator/curator-framework/4.2.0/curator-framework-4.2.0.jar:/home/runner/.m2/repository/org/apache/hadoop/thirdparty/hadoop-shaded-guava/1.1.1/hadoop-shaded-guava-1.1.1.jar:/home/runner/.m2/repository/com/sun/jersey/jersey-core/1.19/jersey-core-1.19.jar:/home/runner/.m2/repository/javax/ws/rs/jsr311-api/1.1.1/jsr311-api-1.1.1.jar:/home/runner/.m2/repository/com/sun/jersey/jersey-server/1.19/jersey-server-1.19.jar:/home/runner/.m2/repository/javax/servlet/javax.servlet-api/3.1.0/javax.servlet-api-3.1.0.jar:/home/runner/.m2/repository/org/apache/hadoop/hadoop-common/3.3.5/hadoop-common-3.3.5.jar:/home/runner/.m2/repository/org/apache/commons/commons-math3/3.1.1/commons-math3-3.1.1.jar:/home/runner/.m2/repository/commons-net/commons-net/3.9.0/commons-net-3.9.0.jar:/home/runner/.m2/repository/com/sun/jersey/jersey-servlet/1.19/jersey-servlet-1.19.jar:/home/runner/.m2/repository/com/github/pjfanning/jersey-json/1.20/jersey-json-1.20.jar:/home/runner/.m2/repository/org/codehaus/jettison/jettison/1.1/jettison-1.1.jar:/home/runner/.m2/repository/com/sun/xml/bind/jaxb-impl/2.2.3-1/jaxb-impl-2.2.3-1.jar:/home/runner/.m2/repository/com/google/re2j/re2j/1.1/re2j-1.1.jar:/home/runner/.m2/repository/com/jcraft/jsch/0.1.54/jsch-0.1.54.jar:/home/runner/.m2/repository/org/apache/curator/curator-client/4.2.0/curator-client-4.2.0.jar:/home/runner/.m2/repository/org/apache/curator/curator-recipes/4.2.0/curator-recipes-4.2.0.jar:/home/runner/.m2/repository/org/apache/kerby/kerb-core/1.0.1/kerb-core-1.0.1.jar:/home/runner/.m2/repository/org/apache/kerby/kerby-pkix/1.0.1/kerby-pkix-1.0.1.jar:/home/runner/.m2/repository/org/apache/kerby/kerby-asn1/1.0.1/kerby-asn1-1.0.1.jar:/home/runner/.m2/repository/org/apache/kerby/kerby-util/1.0.1/kerby-util-1.0.1.jar:/home/runner/.m2/repository/dnsjava/dnsjava/2.1.7/dnsjava-2.1.7.jar:/home/runner/.m2/repository/org/xerial/snappy/snappy-java/1.1.8.2/snappy-java-1.1.8.2.jar:/home/runner/.m2/repository/com/fasterxml/jackson/core/jackson-databind/2.13.4.2/jackson-databind-2.13.4.2.jar:/home/runner/.m2/repository/org/apache/hadoop/hadoop-kms/3.3.5/hadoop-kms-3.3.5-tests.jar:/home/runner/.m2/repository/org/apache/ozone/hdds-server-scm/1.4.0-SNAPSHOT/hdds-server-scm-1.4.0-SNAPSHOT-tests.jar:/home/runner/.m2/repository/org/apache/ozone/hdds-container-service/1.4.0-SNAPSHOT/hdds-container-service-1.4.0-SNAPSHOT-tests.jar:/home/runner/.m2/repository/com/github/luben/zstd-jni/1.5.2-5/zstd-jni-1.5.2-5.jar:/home/runner/.m2/repository/commons-codec/commons-codec/1.15/commons-codec-1.15.jar:/home/runner/.m2/repository/io/netty/netty-codec/4.1.86.Final/netty-codec-4.1.86.Final.jar:/home/runner/.m2/repository/io/netty/netty-handler/4.1.86.Final/netty-handler-4.1.86.Final.jar:/home/runner/.m2/repository/org/apache/ozone/hdds-hadoop-dependency-test/1.4.0-SNAPSHOT/hdds-hadoop-dependency-test-1.4.0-SNAPSHOT.jar:/home/runner/.m2/repository/org/apache/hadoop/hadoop-common/3.3.5/hadoop-common-3.3.5-tests.jar:/home/runner/.m2/repository/org/apache/hadoop/hadoop-hdfs/3.3.5/hadoop-hdfs-3.3.5-tests.jar:/home/runner/.m2/repository/org/assertj/assertj-core/3.12.2/assertj-core-3.12.2.jar:/home/runner/.m2/repository/org/apache/hadoop/hadoop-distcp/3.3.5/hadoop-distcp-3.3.5.jar:/home/runner/.m2/repository/org/apache/hadoop/hadoop-mapreduce-client-jobclient/3.3.5/hadoop-mapreduce-client-jobclient-3.3.5.jar:/home/runner/.m2/repository/org/apache/hadoop/hadoop-mapreduce-client-common/3.3.5/hadoop-mapreduce-client-common-3.3.5.jar:/home/runner/.m2/repository/org/apache/hadoop/hadoop-yarn-common/3.3.5/hadoop-yarn-common-3.3.5.jar:/home/runner/.m2/repository/org/apache/hadoop/hadoop-yarn-api/3.3.5/hadoop-yarn-api-3.3.5.jar:/home/runner/.m2/repository/com/sun/jersey/contribs/jersey-guice/1.19/jersey-guice-1.19.jar:/home/runner/.m2/repository/com/fasterxml/jackson/jaxrs/jackson-jaxrs-json-provider/2.13.4/jackson-jaxrs-json-provider-2.13.4.jar:/home/runner/.m2/repository/com/fasterxml/jackson/jaxrs/jackson-jaxrs-base/2.13.4/jackson-jaxrs-base-2.13.4.jar:/home/runner/.m2/repository/org/apache/hadoop/hadoop-yarn-client/3.3.5/hadoop-yarn-client-3.3.5.jar:/home/runner/.m2/repository/org/eclipse/jetty/websocket/websocket-client/9.4.48.v20220622/websocket-client-9.4.48.v20220622.jar:/home/runner/.m2/repository/org/eclipse/jetty/websocket/websocket-common/9.4.48.v20220622/websocket-common-9.4.48.v20220622.jar:/home/runner/.m2/repository/org/eclipse/jetty/websocket/websocket-api/9.4.48.v20220622/websocket-api-9.4.48.v20220622.jar:/home/runner/.m2/repository/org/jline/jline/3.9.0/jline-3.9.0.jar:/home/runner/.m2/repository/org/apache/hadoop/hadoop-mapreduce-client-core/3.3.5/hadoop-mapreduce-client-core-3.3.5.jar:/home/runner/.m2/repository/org/apache/avro/avro/1.7.7/avro-1.7.7.jar:/home/runner/.m2/repository/com/thoughtworks/paranamer/paranamer/2.3/paranamer-2.3.jar:/home/runner/.m2/repository/org/apache/hadoop/hadoop-annotations/3.3.5/hadoop-annotations-3.3.5.jar:/usr/lib/jvm/temurin-8-jdk-amd64/jre/../lib/tools.jar:/home/runner/.m2/repository/io/netty/netty/3.10.6.Final/netty-3.10.6.Final.jar:/home/runner/.m2/repository/org/apache/hadoop/hadoop-distcp/3.3.5/hadoop-distcp-3.3.5-tests.jar:/home/runner/.m2/repository/org/slf4j/jul-to-slf4j/1.7.36/jul-to-slf4j-1.7.36.jar:"/>
    <property name="sun.cpu.endian" value="little"/>
    <property name="user.home" value="/home/runner"/>
    <property name="user.language" value="en"/>
    <property name="java.specification.vendor" value="Oracle Corporation"/>
    <property name="java.home" value="/usr/lib/jvm/temurin-8-jdk-amd64/jre"/>
    <property name="java.security.krb5.conf" value="/home/runner/work/ozone/ozone/hadoop-ozone/integration-test/target/test-classes/krb5.conf"/>
    <property name="file.separator" value="/"/>
    <property name="basedir" value="/home/runner/work/ozone/ozone/hadoop-ozone/integration-test"/>
    <property name="line.separator" value="&#10;"/>
    <property name="java.vm.specification.vendor" value="Oracle Corporation"/>
    <property name="java.specification.name" value="Java Platform API Specification"/>
    <property name="skip.installnpx" value="true"/>
    <property name="java.awt.graphicsenv" value="sun.awt.X11GraphicsEnvironment"/>
    <property name="surefire.fork.timeout" value="3600"/>
    <property name="surefire.real.class.path" value="/home/runner/work/ozone/ozone/hadoop-ozone/integration-test/target/surefire/surefirebooter206538240529496952.jar:/home/runner/.m2/repository/org/jacoco/org.jacoco.agent/0.8.5/org.jacoco.agent-0.8.5-runtime.jar"/>
    <property name="sun.boot.class.path" value="/usr/lib/jvm/temurin-8-jdk-amd64/jre/lib/resources.jar:/usr/lib/jvm/temurin-8-jdk-amd64/jre/lib/rt.jar:/usr/lib/jvm/temurin-8-jdk-amd64/jre/lib/sunrsasign.jar:/usr/lib/jvm/temurin-8-jdk-amd64/jre/lib/jsse.jar:/usr/lib/jvm/temurin-8-jdk-amd64/jre/lib/jce.jar:/usr/lib/jvm/temurin-8-jdk-amd64/jre/lib/charsets.jar:/usr/lib/jvm/temurin-8-jdk-amd64/jre/lib/jfr.jar:/usr/lib/jvm/temurin-8-jdk-amd64/jre/classes"/>
    <property name="hadoop.log.dir" value="/home/runner/work/ozone/ozone/hadoop-ozone/integration-test/target/log"/>
    <property name="sun.management.compiler" value="HotSpot 64-Bit Tiered Compilers"/>
    <property name="java.runtime.version" value="1.8.0_362-b09"/>
    <property name="skip.npx" value="true"/>
    <property name="user.name" value="runner"/>
    <property name="java.net.preferIPv4Stack" value="true"/>
    <property name="path.separator" value=":"/>
    <property name="java.security.egd" value="file:///dev/urandom"/>
    <property name="os.version" value="5.15.0-1035-azure"/>
    <property name="java.endorsed.dirs" value="/usr/lib/jvm/temurin-8-jdk-amd64/jre/lib/endorsed"/>
    <property name="java.runtime.name" value="OpenJDK Runtime Environment"/>
    <property name="file.encoding" value="UTF-8"/>
    <property name="java.vm.name" value="OpenJDK 64-Bit Server VM"/>
    <property name="test.build.webapps" value=""/>
    <property name="localRepository" value="/home/runner/.m2/repository"/>
    <property name="jetty.git.hash" value="4231a3b2e4cb8548a412a789936d640a97b1aa0a"/>
    <property name="java.vendor.url.bug" value="https://github.com/adoptium/adoptium-support/issues"/>
    <property name="require.test.libhadoop" value=""/>
    <property name="java.io.tmpdir" value="/tmp"/>
    <property name="java.version" value="1.8.0_362"/>
    <property name="surefire.rerunFailingTestsCount" value="5"/>
    <property name="user.dir" value="/home/runner/work/ozone/ozone/hadoop-ozone/integration-test"/>
    <property name="os.arch" value="amd64"/>
    <property name="test.build.classes" value="/home/runner/work/ozone/ozone/hadoop-ozone/integration-test/target/test-classes"/>
    <property name="java.vm.specification.name" value="Java Virtual Machine Specification"/>
    <property name="java.awt.printerjob" value="sun.print.PSPrinterJob"/>
    <property name="sun.os.patch.level" value="unknown"/>
    <property name="org.apache.ratis.thirdparty.io.netty.allocator.useCacheForAllThreads" value="false"/>
    <property name="hadoop.tmp.dir" value="/home/runner/work/ozone/ozone/hadoop-ozone/integration-test/target/tmp"/>
    <property name="java.library.path" value="/usr/java/packages/lib/amd64:/usr/lib64:/lib64:/lib:/usr/lib"/>
    <property name="java.vendor" value="Temurin"/>
    <property name="java.vm.info" value="mixed mode"/>
    <property name="java.vm.version" value="25.362-b09"/>
    <property name="java.specification.maintenance.version" value="4"/>
    <property name="sun.io.unicode.encoding" value="UnicodeLittle"/>
    <property name="java.ext.dirs" value="/usr/lib/jvm/temurin-8-jdk-amd64/jre/lib/ext:/usr/java/packages/lib/ext"/>
    <property name="java.class.version" value="52.0"/>
  </properties>
  <testcase name="testNodeWithOpenPipelineCanBeDecommissionedAndRecommissioned" classname="org.apache.hadoop.ozone.scm.node.TestDecommissionAndMaintenance" time="54.209"/>
  <testcase name="testContainerIsReplicatedWhenAllNodesGotoMaintenance" classname="org.apache.hadoop.ozone.scm.node.TestDecommissionAndMaintenance" time="42.011"/>
  <testcase name="testMaintenanceEndsAutomaticallyAtTimeout" classname="org.apache.hadoop.ozone.scm.node.TestDecommissionAndMaintenance" time="37.399"/>
  <testcase name="testSingleNodeWithOpenPipelineCanGotoMaintenance" classname="org.apache.hadoop.ozone.scm.node.TestDecommissionAndMaintenance" time="5.333">
    <error type="INTERNAL_ERROR org.apache.hadoop.ozone.om.exceptions.OMException"><![CDATA[INTERNAL_ERROR org.apache.hadoop.ozone.om.exceptions.OMException: No enough datanodes to choose. TotalNode = 7 AvailableNode = 4 RequiredNode = 5 ExcludedNode = 3
	at org.apache.hadoop.ozone.om.protocolPB.OzoneManagerProtocolClientSideTranslatorPB.handleError(OzoneManagerProtocolClientSideTranslatorPB.java:710)
	at org.apache.hadoop.ozone.om.protocolPB.OzoneManagerProtocolClientSideTranslatorPB.allocateBlock(OzoneManagerProtocolClientSideTranslatorPB.java:745)
	at org.apache.hadoop.ozone.client.io.BlockOutputStreamEntryPool.allocateNewBlock(BlockOutputStreamEntryPool.java:312)
	at org.apache.hadoop.ozone.client.io.BlockOutputStreamEntryPool.allocateBlockIfNeeded(BlockOutputStreamEntryPool.java:395)
	at org.apache.hadoop.ozone.client.io.ECKeyOutputStream.writeDataCells(ECKeyOutputStream.java:351)
	at org.apache.hadoop.ozone.client.io.ECKeyOutputStream.flushStripeToDatanodes(ECKeyOutputStream.java:576)
	at org.apache.hadoop.ozone.client.io.ECKeyOutputStream.flushStripeFromQueue(ECKeyOutputStream.java:560)
	at java.util.concurrent.FutureTask.run(FutureTask.java:266)
	at java.util.concurrent.ThreadPoolExecutor.runWorker(ThreadPoolExecutor.java:1149)
	at java.util.concurrent.ThreadPoolExecutor$Worker.run(ThreadPoolExecutor.java:624)
	at java.lang.Thread.run(Thread.java:750)
]]></error>
    <system-out><![CDATA[2023-04-18 11:22:47,894 [Mini-Cluster-Provider-Reap] INFO  ozone.MiniOzoneClusterImpl (MiniOzoneClusterImpl.java:shutdown(455)) - Shutting down the Mini Ozone Cluster
2023-04-18 11:22:47,900 [Listener at 127.0.0.1/46883] WARN  server.ServerUtils (ServerUtils.java:getScmDbDir(148)) - ozone.scm.db.dirs is not configured. We recommend adding this setting. Falling back to ozone.metadata.dirs instead.
2023-04-18 11:22:47,902 [Listener at 127.0.0.1/46883] WARN  server.ServerUtils (ServerUtils.java:getScmDbDir(148)) - ozone.scm.db.dirs is not configured. We recommend adding this setting. Falling back to ozone.metadata.dirs instead.
2023-04-18 11:22:47,903 [Listener at 127.0.0.1/46883] INFO  ha.SCMHANodeDetails (SCMHANodeDetails.java:loadSCMHAConfig(209)) - ServiceID for StorageContainerManager is null
2023-04-18 11:22:47,903 [Listener at 127.0.0.1/46883] INFO  ha.SCMHANodeDetails (SCMHANodeDetails.java:loadSCMHAConfig(214)) - ozone.scm.default.service.id is not defined, falling back to ozone.scm.service.ids to find serviceID for StorageContainerManager if it is HA enabled cluster
2023-04-18 11:22:47,903 [Listener at 127.0.0.1/46883] WARN  utils.HAUtils (HAUtils.java:getMetaDir(342)) - ozone.scm.db.dirs is not configured. We recommend adding this setting. Falling back to ozone.metadata.dirs instead.
2023-04-18 11:22:47,903 [Listener at 127.0.0.1/46883] WARN  db.DBStoreBuilder (DBStoreBuilder.java:applyDBDefinition(182)) - ozone.scm.db.dirs is not configured. We recommend adding this setting. Falling back to ozone.metadata.dirs instead.
2023-04-18 11:22:47,923 [Mini-Cluster-Provider-Reap] INFO  ozone.MiniOzoneClusterImpl (MiniOzoneClusterImpl.java:stop(471)) - Stopping the Mini Ozone Cluster
2023-04-18 11:22:47,923 [Mini-Cluster-Provider-Reap] INFO  ozone.MiniOzoneClusterImpl (MiniOzoneClusterImpl.java:stopOM(557)) - Stopping the OzoneManager
2023-04-18 11:22:47,923 [Mini-Cluster-Provider-Reap] INFO  om.OzoneManager (OzoneManager.java:stop(2154)) - om1[localhost:0]: Stopping Ozone Manager
2023-04-18 11:22:47,938 [Mini-Cluster-Provider-Reap] INFO  ipc.Server (Server.java:stop(3501)) - Stopping server on 36589
2023-04-18 11:22:47,957 [IPC Server listener on 0] INFO  ipc.Server (Server.java:run(1430)) - Stopping IPC Server listener on 0
2023-04-18 11:22:47,974 [IPC Server Responder] INFO  ipc.Server (Server.java:run(1563)) - Stopping IPC Server Responder
2023-04-18 11:22:47,978 [Mini-Cluster-Provider-Reap] INFO  server.RaftServer (RaftServerProxy.java:lambda$close$6(409)) - om1: close
2023-04-18 11:22:47,978 [Mini-Cluster-Provider-Reap] INFO  server.GrpcService (GrpcService.java:closeImpl(271)) - om1: shutdown server GrpcServerProtocolService now
2023-04-18 11:22:47,979 [Mini-Cluster-Provider-Reap] INFO  server.GrpcService (GrpcService.java:closeImpl(280)) - om1: shutdown server GrpcServerProtocolService successfully
2023-04-18 11:22:47,987 [om1-impl-thread2] INFO  server.RaftServer$Division (RaftServerImpl.java:lambda$close$4(458)) - om1@group-C5BA1605619E: shutdown
2023-04-18 11:22:47,988 [om1-impl-thread2] INFO  impl.RoleInfo (RoleInfo.java:shutdownLeaderState(93)) - om1: shutdown om1@group-C5BA1605619E-LeaderStateImpl
2023-04-18 11:22:47,988 [om1-impl-thread2] INFO  impl.PendingRequests (PendingRequests.java:sendNotLeaderResponses(282)) - om1@group-C5BA1605619E-PendingRequests: sendNotLeaderResponses
2023-04-18 11:22:47,988 [main] INFO  rpc.RpcClient (RpcClient.java:createVolume(476)) - Creating Volume: vol1, with user17614 as owner and space quota set to -1 bytes, counts quota set to -1
2023-04-18 11:22:47,997 [OM StateMachine ApplyTransaction Thread - 0] INFO  volume.OMVolumeCreateRequest (OMVolumeCreateRequest.java:validateAndUpdateCache(195)) - created volume:vol1 for user:user17614
2023-04-18 11:22:48,037 [om1-impl-thread2] INFO  impl.StateMachineUpdater (StateMachineUpdater.java:stopAndJoin(153)) - om1@group-C5BA1605619E-StateMachineUpdater: set stopIndex = 86
2023-04-18 11:22:48,038 [om1@group-C5BA1605619E-StateMachineUpdater] INFO  ratis.OzoneManagerStateMachine (OzoneManagerStateMachine.java:takeSnapshot(453)) - Current Snapshot Index (t:1, i:86)
2023-04-18 11:22:48,043 [main] INFO  rpc.RpcClient (RpcClient.java:createBucket(698)) - Creating Bucket: vol1/bucket1, with bucket layout LEGACY, runner as owner, Versioning false, Storage Type set to DISK and Encryption set to false, Replication Type set to server-side default replication type, Namespace Quota set to -1, Space Quota set to -1 
2023-04-18 11:22:48,047 [OM StateMachine ApplyTransaction Thread - 0] INFO  bucket.OMBucketCreateRequest (OMBucketCreateRequest.java:validateAndUpdateCache(269)) - created bucket: bucket1 of layout LEGACY in volume: vol1
2023-04-18 11:22:48,092 [IPC Server handler 10 on default port 38291] INFO  ha.SequenceIdGenerator (SequenceIdGenerator.java:getNextId(128)) - Allocate a batch for containerId, change lastId from 0 to 1000.
2023-04-18 11:22:48,093 [IPC Server handler 10 on default port 38291] WARN  ha.SequenceIdGenerator (SequenceIdGenerator.java:allocateBatch(237)) - Failed to allocate a batch for localId, expected lastId is 0, actual lastId is 111677748019200000.
2023-04-18 11:22:48,093 [IPC Server handler 10 on default port 38291] INFO  ha.SequenceIdGenerator (SequenceIdGenerator.java:getNextId(128)) - Allocate a batch for localId, change lastId from 111677748019200000 to 111677748019201000.
2023-04-18 11:22:48,128 [om1@group-C5BA1605619E-StateMachineUpdater] INFO  impl.StateMachineUpdater (StateMachineUpdater.java:takeSnapshot(287)) - om1@group-C5BA1605619E-StateMachineUpdater: Took a snapshot at index 86
2023-04-18 11:22:48,128 [om1@group-C5BA1605619E-StateMachineUpdater] INFO  impl.StateMachineUpdater (StateMachineUpdater.java:lambda$new$0(92)) - om1@group-C5BA1605619E-StateMachineUpdater: snapshotIndex: updateIncreasingly -1 -> 86
2023-04-18 11:22:48,128 [om1@group-C5BA1605619E-StateMachineUpdater] INFO  ratis.OzoneManagerStateMachine (OzoneManagerStateMachine.java:close(507)) - StateMachine has shutdown. Shutdown OzoneManager if not already shutdown.
2023-04-18 11:22:48,128 [om1@group-C5BA1605619E-StateMachineUpdater] INFO  ratis.OzoneManagerDoubleBuffer (OzoneManagerDoubleBuffer.java:stopDaemon(540)) - Stopping OMDoubleBuffer flush thread
2023-04-18 11:22:48,128 [OMDoubleBufferFlushThread] INFO  ratis.OzoneManagerDoubleBuffer (OzoneManagerDoubleBuffer.java:canFlush(625)) - OMDoubleBuffer flush thread OMDoubleBufferFlushThread is interrupted and will exit.
2023-04-18 11:22:48,147 [om1-impl-thread2] INFO  server.RaftServer$Division (ServerState.java:close(466)) - om1@group-C5BA1605619E: closes. applyIndex: 86
2023-04-18 11:22:48,147 [om1@group-C5BA1605619E-SegmentedRaftLogWorker] INFO  segmented.SegmentedRaftLogWorker (SegmentedRaftLogWorker.java:run(347)) - om1@group-C5BA1605619E-SegmentedRaftLogWorker was interrupted, exiting. There are 0 tasks remaining in the queue.
2023-04-18 11:22:48,148 [om1-impl-thread2] INFO  segmented.SegmentedRaftLogWorker (SegmentedRaftLogWorker.java:close(257)) - om1@group-C5BA1605619E-SegmentedRaftLogWorker close()
2023-04-18 11:22:48,150 [JvmPauseMonitor16] INFO  util.JvmPauseMonitor (JvmPauseMonitor.java:run(111)) - JvmPauseMonitor-om1: Stopped
2023-04-18 11:22:48,152 [Mini-Cluster-Provider-Reap] INFO  ratis.OzoneManagerStateMachine (OzoneManagerStateMachine.java:close(507)) - StateMachine has shutdown. Shutdown OzoneManager if not already shutdown.
2023-04-18 11:22:48,152 [Mini-Cluster-Provider-Reap] INFO  ratis.OzoneManagerDoubleBuffer (OzoneManagerDoubleBuffer.java:stopDaemon(549)) - OMDoubleBuffer flush thread is not running.
2023-04-18 11:22:48,153 [Mini-Cluster-Provider-Reap] INFO  utils.BackgroundService (BackgroundService.java:shutdown(141)) - Shutting down service KeyDeletingService
2023-04-18 11:22:48,153 [Mini-Cluster-Provider-Reap] INFO  utils.BackgroundService (BackgroundService.java:shutdown(141)) - Shutting down service KeyDeletingService
2023-04-18 11:22:48,153 [Mini-Cluster-Provider-Reap] INFO  utils.BackgroundService (BackgroundService.java:shutdown(141)) - Shutting down service OpenKeyCleanupService
2023-04-18 11:22:48,154 [Mini-Cluster-Provider-Reap] INFO  utils.BackgroundService (BackgroundService.java:shutdown(141)) - Shutting down service SstFilteringService
2023-04-18 11:22:48,154 [Mini-Cluster-Provider-Reap] INFO  utils.BackgroundService (BackgroundService.java:shutdown(141)) - Shutting down service SnapshotDeletingService
2023-04-18 11:22:48,155 [Mini-Cluster-Provider-Reap] INFO  handler.ContextHandler (ContextHandler.java:doStop(1159)) - Stopped o.e.j.w.WebAppContext@450b9833{ozoneManager,/,null,STOPPED}{file:/home/runner/work/ozone/ozone/hadoop-ozone/integration-test/target/test-classes/webapps/ozoneManager}
2023-04-18 11:22:48,156 [Mini-Cluster-Provider-Reap] INFO  server.AbstractConnector (AbstractConnector.java:doStop(383)) - Stopped ServerConnector@44a5cf7{HTTP/1.1, (http/1.1)}{0.0.0.0:0}
2023-04-18 11:22:48,156 [Mini-Cluster-Provider-Reap] INFO  server.session (HouseKeeper.java:stopScavenging(149)) - node0 Stopped scavenging
2023-04-18 11:22:48,156 [Mini-Cluster-Provider-Reap] INFO  handler.ContextHandler (ContextHandler.java:doStop(1159)) - Stopped o.e.j.s.ServletContextHandler@5af5658{static,/static,file:///home/runner/work/ozone/ozone/hadoop-ozone/integration-test/target/test-classes/webapps/static,STOPPED}
2023-04-18 11:22:48,156 [Mini-Cluster-Provider-Reap] INFO  handler.ContextHandler (ContextHandler.java:doStop(1159)) - Stopped o.e.j.s.ServletContextHandler@5cdf9d98{logs,/logs,file:///home/runner/work/ozone/ozone/hadoop-ozone/integration-test/target/log,STOPPED}
2023-04-18 11:22:48,165 [Mini-Cluster-Provider-Reap] INFO  ozone.MiniOzoneClusterImpl (MiniOzoneClusterImpl.java:stopDatanodes(534)) - Stopping the HddsDatanodes
2023-04-18 11:22:48,189 [Mini-Cluster-Provider-Reap] INFO  ozoneimpl.OzoneContainer (OzoneContainer.java:stop(419)) - Attempting to stop container services.
2023-04-18 11:22:48,190 [Mini-Cluster-Provider-Reap] INFO  server.RaftServer (RaftServerProxy.java:lambda$close$6(409)) - c5b644a3-d162-45a9-bab1-b823400058bf: close
2023-04-18 11:22:48,191 [c5b644a3-d162-45a9-bab1-b823400058bf-impl-thread2] INFO  server.RaftServer$Division (RaftServerImpl.java:lambda$close$4(458)) - c5b644a3-d162-45a9-bab1-b823400058bf@group-88803F40F793: shutdown
2023-04-18 11:22:48,191 [c5b644a3-d162-45a9-bab1-b823400058bf-impl-thread2] INFO  util.JmxRegister (JmxRegister.java:unregister(73)) - Successfully un-registered JMX Bean with object name Ratis:service=RaftServer,group=group-88803F40F793,id=c5b644a3-d162-45a9-bab1-b823400058bf
2023-04-18 11:22:48,191 [c5b644a3-d162-45a9-bab1-b823400058bf-impl-thread2] INFO  impl.RoleInfo (RoleInfo.java:shutdownLeaderState(93)) - c5b644a3-d162-45a9-bab1-b823400058bf: shutdown c5b644a3-d162-45a9-bab1-b823400058bf@group-88803F40F793-LeaderStateImpl
2023-04-18 11:22:48,191 [c5b644a3-d162-45a9-bab1-b823400058bf-impl-thread2] INFO  impl.PendingRequests (PendingRequests.java:sendNotLeaderResponses(282)) - c5b644a3-d162-45a9-bab1-b823400058bf@group-88803F40F793-PendingRequests: sendNotLeaderResponses
2023-04-18 11:22:48,192 [c5b644a3-d162-45a9-bab1-b823400058bf@group-88803F40F793-StateMachineUpdater] INFO  ratis.ContainerStateMachine (ContainerStateMachine.java:takeSnapshot(330)) - group-88803F40F793: Taking a snapshot at:(t:1, i:0) file /home/runner/work/ozone/ozone/hadoop-ozone/integration-test/target/test-dir/MiniOzoneClusterImpl-a0ab8c4d-1654-40c9-b0d8-9193cd592234/datanode-4/data/ratis/fc57ce97-9c16-4978-b1f9-88803f40f793/sm/snapshot.1_0
2023-04-18 11:22:48,193 [c5b644a3-d162-45a9-bab1-b823400058bf-impl-thread2] INFO  impl.StateMachineUpdater (StateMachineUpdater.java:stopAndJoin(153)) - c5b644a3-d162-45a9-bab1-b823400058bf@group-88803F40F793-StateMachineUpdater: set stopIndex = 0
2023-04-18 11:22:48,195 [c5b644a3-d162-45a9-bab1-b823400058bf@group-88803F40F793-StateMachineUpdater] INFO  ratis.ContainerStateMachine (ContainerStateMachine.java:takeSnapshot(341)) - group-88803F40F793: Finished taking a snapshot at:(t:1, i:0) file:/home/runner/work/ozone/ozone/hadoop-ozone/integration-test/target/test-dir/MiniOzoneClusterImpl-a0ab8c4d-1654-40c9-b0d8-9193cd592234/datanode-4/data/ratis/fc57ce97-9c16-4978-b1f9-88803f40f793/sm/snapshot.1_0 took: 3 ms
2023-04-18 11:22:48,196 [c5b644a3-d162-45a9-bab1-b823400058bf@group-88803F40F793-StateMachineUpdater] INFO  impl.StateMachineUpdater (StateMachineUpdater.java:takeSnapshot(287)) - c5b644a3-d162-45a9-bab1-b823400058bf@group-88803F40F793-StateMachineUpdater: Took a snapshot at index 0
2023-04-18 11:22:48,196 [c5b644a3-d162-45a9-bab1-b823400058bf@group-88803F40F793-StateMachineUpdater] INFO  impl.StateMachineUpdater (StateMachineUpdater.java:lambda$new$0(92)) - c5b644a3-d162-45a9-bab1-b823400058bf@group-88803F40F793-StateMachineUpdater: snapshotIndex: updateIncreasingly -1 -> 0
2023-04-18 11:22:48,196 [c5b644a3-d162-45a9-bab1-b823400058bf-impl-thread2] INFO  server.RaftServer$Division (ServerState.java:close(466)) - c5b644a3-d162-45a9-bab1-b823400058bf@group-88803F40F793: closes. applyIndex: 0
2023-04-18 11:22:48,198 [Mini-Cluster-Provider-Reap] INFO  server.GrpcService (GrpcService.java:closeImpl(271)) - c5b644a3-d162-45a9-bab1-b823400058bf: shutdown server GrpcServerProtocolService now
2023-04-18 11:22:48,199 [Listener at 127.0.0.1/46883] INFO  net.NodeSchemaLoader (NodeSchemaLoader.java:loadSchemaFromFile(129)) - Loading schema from [jar:file:/home/runner/.m2/repository/org/apache/ozone/hdds-common/1.4.0-SNAPSHOT/hdds-common-1.4.0-SNAPSHOT.jar!/network-topology-default.xml]
2023-04-18 11:22:48,199 [Listener at 127.0.0.1/46883] INFO  net.NodeSchemaLoader (NodeSchemaLoader.java:loadSchema(176)) - Loading network topology layer schema file
2023-04-18 11:22:48,209 [Mini-Cluster-Provider-Reap] INFO  server.GrpcServerProtocolClient (GrpcServerProtocolClient.java:close(101)) - a5634e25-af16-4753-8f18-352d6216d1aa Close channels
2023-04-18 11:22:48,209 [c5b644a3-d162-45a9-bab1-b823400058bf@group-88803F40F793-SegmentedRaftLogWorker] INFO  segmented.SegmentedRaftLogWorker (SegmentedRaftLogWorker.java:run(347)) - c5b644a3-d162-45a9-bab1-b823400058bf@group-88803F40F793-SegmentedRaftLogWorker was interrupted, exiting. There are 0 tasks remaining in the queue.
2023-04-18 11:22:48,210 [c5b644a3-d162-45a9-bab1-b823400058bf-impl-thread2] INFO  segmented.SegmentedRaftLogWorker (SegmentedRaftLogWorker.java:close(257)) - c5b644a3-d162-45a9-bab1-b823400058bf@group-88803F40F793-SegmentedRaftLogWorker close()
2023-04-18 11:22:48,211 [ForkJoinPool.commonPool-worker-1] INFO  ozoneimpl.OzoneContainer (OzoneContainer.java:stop(419)) - Attempting to stop container services.
2023-04-18 11:22:48,211 [ForkJoinPool.commonPool-worker-1] INFO  server.RaftServer (RaftServerProxy.java:lambda$close$6(409)) - b70b393f-0df3-4302-81e5-4dc6a6d9b70c: close
2023-04-18 11:22:48,212 [b70b393f-0df3-4302-81e5-4dc6a6d9b70c-impl-thread2] INFO  server.RaftServer$Division (RaftServerImpl.java:lambda$close$4(458)) - b70b393f-0df3-4302-81e5-4dc6a6d9b70c@group-3EBB8E36D1AA: shutdown
2023-04-18 11:22:48,212 [b70b393f-0df3-4302-81e5-4dc6a6d9b70c-impl-thread2] INFO  util.JmxRegister (JmxRegister.java:unregister(73)) - Successfully un-registered JMX Bean with object name Ratis:service=RaftServer,group=group-3EBB8E36D1AA,id=b70b393f-0df3-4302-81e5-4dc6a6d9b70c
2023-04-18 11:22:48,212 [b70b393f-0df3-4302-81e5-4dc6a6d9b70c-impl-thread2] INFO  impl.RoleInfo (RoleInfo.java:shutdownLeaderState(93)) - b70b393f-0df3-4302-81e5-4dc6a6d9b70c: shutdown b70b393f-0df3-4302-81e5-4dc6a6d9b70c@group-3EBB8E36D1AA-LeaderStateImpl
2023-04-18 11:22:48,212 [ForkJoinPool.commonPool-worker-1] INFO  server.GrpcService (GrpcService.java:closeImpl(271)) - b70b393f-0df3-4302-81e5-4dc6a6d9b70c: shutdown server GrpcServerProtocolService now
2023-04-18 11:22:48,219 [ReplicationMonitor] INFO  replication.ReplicationManager (ReplicationManager.java:processAll(396)) - Replication Monitor Thread took 0 milliseconds for processing 0 containers.
2023-04-18 11:22:48,222 [c5b644a3-d162-45a9-bab1-b823400058bf-impl-thread3] INFO  server.RaftServer$Division (RaftServerImpl.java:lambda$close$4(458)) - c5b644a3-d162-45a9-bab1-b823400058bf@group-D6A33BDA550B: shutdown
2023-04-18 11:22:48,222 [c5b644a3-d162-45a9-bab1-b823400058bf-impl-thread3] INFO  util.JmxRegister (JmxRegister.java:unregister(73)) - Successfully un-registered JMX Bean with object name Ratis:service=RaftServer,group=group-D6A33BDA550B,id=c5b644a3-d162-45a9-bab1-b823400058bf
2023-04-18 11:22:48,222 [c5b644a3-d162-45a9-bab1-b823400058bf-impl-thread3] INFO  impl.RoleInfo (RoleInfo.java:shutdownLeaderState(93)) - c5b644a3-d162-45a9-bab1-b823400058bf: shutdown c5b644a3-d162-45a9-bab1-b823400058bf@group-D6A33BDA550B-LeaderStateImpl
2023-04-18 11:22:48,222 [c5b644a3-d162-45a9-bab1-b823400058bf@group-D6A33BDA550B->a5634e25-af16-4753-8f18-352d6216d1aa-GrpcLogAppender-LogAppenderDaemon] WARN  server.GrpcLogAppender (GrpcLogAppender.java:mayWait(200)) - c5b644a3-d162-45a9-bab1-b823400058bf@group-D6A33BDA550B->a5634e25-af16-4753-8f18-352d6216d1aa-GrpcLogAppender: Wait interrupted by java.lang.InterruptedException
2023-04-18 11:22:48,223 [grpc-default-executor-6] INFO  server.GrpcServerProtocolService (GrpcServerProtocolService.java:onCompleted(143)) - a5634e25-af16-4753-8f18-352d6216d1aa: Completed APPEND_ENTRIES, lastRequest: null
2023-04-18 11:22:48,224 [grpc-default-executor-3] INFO  server.GrpcServerProtocolService (GrpcServerProtocolService.java:onCompleted(143)) - ffa08bb8-08ae-4adf-813c-f4421d2d52fd: Completed APPEND_ENTRIES, lastRequest: null
2023-04-18 11:22:48,224 [grpc-default-executor-2] INFO  server.GrpcServerProtocolService (GrpcServerProtocolService.java:onCompleted(143)) - ffa08bb8-08ae-4adf-813c-f4421d2d52fd: Completed APPEND_ENTRIES, lastRequest: b70b393f-0df3-4302-81e5-4dc6a6d9b70c->ffa08bb8-08ae-4adf-813c-f4421d2d52fd#179-t1,previous=(t:1, i:30),leaderCommit=29,initializing? true,entries: size=1, first=(t:1, i:31), METADATAENTRY(c:29)
2023-04-18 11:22:48,226 [grpc-default-executor-7] INFO  server.GrpcServerProtocolService (GrpcServerProtocolService.java:onCompleted(143)) - a5634e25-af16-4753-8f18-352d6216d1aa: Completed APPEND_ENTRIES, lastRequest: c5b644a3-d162-45a9-bab1-b823400058bf->a5634e25-af16-4753-8f18-352d6216d1aa#1-t1,previous=(t:0, i:0),leaderCommit=-1,initializing? true,entries: size=1, first=(t:1, i:0), CONFIGURATIONENTRY(current:id: "c5b644a3-d162-45a9-bab1-b823400058bf"
address: "10.1.0.33:33375"
priority: 1
dataStreamAddress: "10.1.0.33:33543"
clientAddress: "10.1.0.33:33375"
adminAddress: "10.1.0.33:33375"
startupRole: FOLLOWER
,id: "a5634e25-af16-4753-8f18-352d6216d1aa"
address: "10.1.0.33:45211"
dataStreamAddress: "10.1.0.33:44627"
clientAddress: "10.1.0.33:45211"
adminAddress: "10.1.0.33:45211"
startupRole: FOLLOWER
,id: "cf8b561e-9e41-4bd3-90de-b9cd5490d501"
address: "10.1.0.33:46341"
dataStreamAddress: "10.1.0.33:36349"
clientAddress: "10.1.0.33:46341"
adminAddress: "10.1.0.33:46341"
startupRole: FOLLOWER
, old:)
2023-04-18 11:22:48,226 [grpc-default-executor-5] INFO  server.GrpcLogAppender (GrpcLogAppender.java:onCompleted(415)) - b70b393f-0df3-4302-81e5-4dc6a6d9b70c@group-3EBB8E36D1AA->ffa08bb8-08ae-4adf-813c-f4421d2d52fd-AppendLogResponseHandler: follower responses appendEntries COMPLETED
2023-04-18 11:22:48,226 [grpc-default-executor-5] INFO  leader.FollowerInfo (FollowerInfoImpl.java:lambda$new$0(48)) - b70b393f-0df3-4302-81e5-4dc6a6d9b70c@group-3EBB8E36D1AA->ffa08bb8-08ae-4adf-813c-f4421d2d52fd: nextIndex: updateUnconditionally 32 -> 31
2023-04-18 11:22:48,226 [grpc-default-executor-6] INFO  server.GrpcLogAppender (GrpcLogAppender.java:onCompleted(415)) - b70b393f-0df3-4302-81e5-4dc6a6d9b70c@group-3EBB8E36D1AA->ffa08bb8-08ae-4adf-813c-f4421d2d52fd-AppendLogResponseHandler: follower responses appendEntries COMPLETED
2023-04-18 11:22:48,226 [grpc-default-executor-6] INFO  leader.FollowerInfo (FollowerInfoImpl.java:lambda$new$0(48)) - b70b393f-0df3-4302-81e5-4dc6a6d9b70c@group-3EBB8E36D1AA->ffa08bb8-08ae-4adf-813c-f4421d2d52fd: nextIndex: updateUnconditionally 31 -> 30
2023-04-18 11:22:48,227 [Mini-Cluster-Provider-Reap] INFO  server.GrpcServerProtocolClient (GrpcServerProtocolClient.java:close(101)) - d34d49ea-26ea-4334-b60b-9f251714ec54 Close channels
2023-04-18 11:22:48,228 [Mini-Cluster-Provider-Reap] INFO  server.GrpcServerProtocolClient (GrpcServerProtocolClient.java:close(101)) - cf8b561e-9e41-4bd3-90de-b9cd5490d501 Close channels
2023-04-18 11:22:48,228 [grpc-default-executor-5] INFO  server.GrpcLogAppender (GrpcLogAppender.java:onCompleted(415)) - c5b644a3-d162-45a9-bab1-b823400058bf@group-D6A33BDA550B->a5634e25-af16-4753-8f18-352d6216d1aa-AppendLogResponseHandler: follower responses appendEntries COMPLETED
2023-04-18 11:22:48,228 [grpc-default-executor-5] WARN  server.GrpcLogAppender (GrpcLogAppender.java:resetClient(137)) - c5b644a3-d162-45a9-bab1-b823400058bf@group-D6A33BDA550B->a5634e25-af16-4753-8f18-352d6216d1aa-GrpcLogAppender: Failed to getClient for a5634e25-af16-4753-8f18-352d6216d1aa
org.apache.ratis.protocol.exceptions.AlreadyClosedException: c5b644a3-d162-45a9-bab1-b823400058bf is already CLOSED
	at org.apache.ratis.util.PeerProxyMap$PeerAndProxy.getProxy(PeerProxyMap.java:61)
	at org.apache.ratis.util.PeerProxyMap.getProxy(PeerProxyMap.java:115)
	at org.apache.ratis.grpc.server.GrpcLogAppender.getClient(GrpcLogAppender.java:116)
	at org.apache.ratis.grpc.server.GrpcLogAppender.resetClient(GrpcLogAppender.java:121)
	at org.apache.ratis.grpc.server.GrpcLogAppender.access$500(GrpcLogAppender.java:58)
	at org.apache.ratis.grpc.server.GrpcLogAppender$AppendLogResponseHandler.onCompleted(GrpcLogAppender.java:416)
	at org.apache.ratis.thirdparty.io.grpc.stub.ClientCalls$StreamObserverToCallListenerAdapter.onClose(ClientCalls.java:485)
	at org.apache.ratis.thirdparty.io.grpc.internal.ClientCallImpl.closeObserver(ClientCallImpl.java:562)
	at org.apache.ratis.thirdparty.io.grpc.internal.ClientCallImpl.access$300(ClientCallImpl.java:70)
	at org.apache.ratis.thirdparty.io.grpc.internal.ClientCallImpl$ClientStreamListenerImpl$1StreamClosed.runInternal(ClientCallImpl.java:743)
	at org.apache.ratis.thirdparty.io.grpc.internal.ClientCallImpl$ClientStreamListenerImpl$1StreamClosed.runInContext(ClientCallImpl.java:722)
	at org.apache.ratis.thirdparty.io.grpc.internal.ContextRunnable.run(ContextRunnable.java:37)
	at org.apache.ratis.thirdparty.io.grpc.internal.SerializingExecutor.run(SerializingExecutor.java:133)
	at java.util.concurrent.ThreadPoolExecutor.runWorker(ThreadPoolExecutor.java:1149)
	at java.util.concurrent.ThreadPoolExecutor$Worker.run(ThreadPoolExecutor.java:624)
	at java.lang.Thread.run(Thread.java:750)
2023-04-18 11:22:48,229 [c5b644a3-d162-45a9-bab1-b823400058bf-impl-thread3] INFO  impl.PendingRequests (PendingRequests.java:sendNotLeaderResponses(282)) - c5b644a3-d162-45a9-bab1-b823400058bf@group-D6A33BDA550B-PendingRequests: sendNotLeaderResponses
2023-04-18 11:22:48,230 [ForkJoinPool.commonPool-worker-1] INFO  server.GrpcServerProtocolClient (GrpcServerProtocolClient.java:close(101)) - ffa08bb8-08ae-4adf-813c-f4421d2d52fd Close channels
2023-04-18 11:22:48,229 [c5b644a3-d162-45a9-bab1-b823400058bf@group-D6A33BDA550B->cf8b561e-9e41-4bd3-90de-b9cd5490d501-GrpcLogAppender-LogAppenderDaemon] WARN  server.GrpcLogAppender (GrpcLogAppender.java:mayWait(200)) - c5b644a3-d162-45a9-bab1-b823400058bf@group-D6A33BDA550B->cf8b561e-9e41-4bd3-90de-b9cd5490d501-GrpcLogAppender: Wait interrupted by java.lang.InterruptedException
2023-04-18 11:22:48,231 [ForkJoinPool.commonPool-worker-1] INFO  server.GrpcServerProtocolClient (GrpcServerProtocolClient.java:close(101)) - 3cde1de5-1a5f-4fe2-84a5-4d139cb24208 Close channels
2023-04-18 11:22:48,231 [b70b393f-0df3-4302-81e5-4dc6a6d9b70c@group-3EBB8E36D1AA->3cde1de5-1a5f-4fe2-84a5-4d139cb24208-GrpcLogAppender-LogAppenderDaemon] WARN  server.GrpcLogAppender (GrpcLogAppender.java:mayWait(200)) - b70b393f-0df3-4302-81e5-4dc6a6d9b70c@group-3EBB8E36D1AA->3cde1de5-1a5f-4fe2-84a5-4d139cb24208-GrpcLogAppender: Wait interrupted by java.lang.InterruptedException
2023-04-18 11:22:48,231 [b70b393f-0df3-4302-81e5-4dc6a6d9b70c-impl-thread2] INFO  impl.PendingRequests (PendingRequests.java:sendNotLeaderResponses(282)) - b70b393f-0df3-4302-81e5-4dc6a6d9b70c@group-3EBB8E36D1AA-PendingRequests: sendNotLeaderResponses
2023-04-18 11:22:48,233 [b70b393f-0df3-4302-81e5-4dc6a6d9b70c-impl-thread3] INFO  server.RaftServer$Division (RaftServerImpl.java:lambda$close$4(458)) - b70b393f-0df3-4302-81e5-4dc6a6d9b70c@group-4CC9CE17C4A5: shutdown
2023-04-18 11:22:48,233 [b70b393f-0df3-4302-81e5-4dc6a6d9b70c-impl-thread3] INFO  util.JmxRegister (JmxRegister.java:unregister(73)) - Successfully un-registered JMX Bean with object name Ratis:service=RaftServer,group=group-4CC9CE17C4A5,id=b70b393f-0df3-4302-81e5-4dc6a6d9b70c
2023-04-18 11:22:48,233 [b70b393f-0df3-4302-81e5-4dc6a6d9b70c-impl-thread3] INFO  impl.RoleInfo (RoleInfo.java:shutdownLeaderState(93)) - b70b393f-0df3-4302-81e5-4dc6a6d9b70c: shutdown b70b393f-0df3-4302-81e5-4dc6a6d9b70c@group-4CC9CE17C4A5-LeaderStateImpl
2023-04-18 11:22:48,233 [b70b393f-0df3-4302-81e5-4dc6a6d9b70c-impl-thread3] INFO  impl.PendingRequests (PendingRequests.java:sendNotLeaderResponses(282)) - b70b393f-0df3-4302-81e5-4dc6a6d9b70c@group-4CC9CE17C4A5-PendingRequests: sendNotLeaderResponses
2023-04-18 11:22:48,233 [grpc-default-executor-5] INFO  server.GrpcServerProtocolService (GrpcServerProtocolService.java:onCompleted(143)) - 3cde1de5-1a5f-4fe2-84a5-4d139cb24208: Completed APPEND_ENTRIES, lastRequest: b70b393f-0df3-4302-81e5-4dc6a6d9b70c->3cde1de5-1a5f-4fe2-84a5-4d139cb24208#173-t1,previous=(t:1, i:30),leaderCommit=29,initializing? true,entries: size=1, first=(t:1, i:31), METADATAENTRY(c:29)
2023-04-18 11:22:48,242 [grpc-default-executor-3] INFO  server.GrpcLogAppender (GrpcLogAppender.java:onCompleted(415)) - c5b644a3-d162-45a9-bab1-b823400058bf@group-D6A33BDA550B->a5634e25-af16-4753-8f18-352d6216d1aa-AppendLogResponseHandler: follower responses appendEntries COMPLETED
2023-04-18 11:22:48,243 [grpc-default-executor-3] WARN  server.GrpcLogAppender (GrpcLogAppender.java:resetClient(137)) - c5b644a3-d162-45a9-bab1-b823400058bf@group-D6A33BDA550B->a5634e25-af16-4753-8f18-352d6216d1aa-GrpcLogAppender: Failed to getClient for a5634e25-af16-4753-8f18-352d6216d1aa
org.apache.ratis.protocol.exceptions.AlreadyClosedException: c5b644a3-d162-45a9-bab1-b823400058bf is already CLOSED
	at org.apache.ratis.util.PeerProxyMap$PeerAndProxy.getProxy(PeerProxyMap.java:61)
	at org.apache.ratis.util.PeerProxyMap.getProxy(PeerProxyMap.java:115)
	at org.apache.ratis.grpc.server.GrpcLogAppender.getClient(GrpcLogAppender.java:116)
	at org.apache.ratis.grpc.server.GrpcLogAppender.resetClient(GrpcLogAppender.java:121)
	at org.apache.ratis.grpc.server.GrpcLogAppender.access$500(GrpcLogAppender.java:58)
	at org.apache.ratis.grpc.server.GrpcLogAppender$AppendLogResponseHandler.onCompleted(GrpcLogAppender.java:416)
	at org.apache.ratis.thirdparty.io.grpc.stub.ClientCalls$StreamObserverToCallListenerAdapter.onClose(ClientCalls.java:485)
	at org.apache.ratis.thirdparty.io.grpc.internal.DelayedClientCall$DelayedListener$3.run(DelayedClientCall.java:468)
	at org.apache.ratis.thirdparty.io.grpc.internal.DelayedClientCall$DelayedListener.delayOrExecute(DelayedClientCall.java:432)
	at org.apache.ratis.thirdparty.io.grpc.internal.DelayedClientCall$DelayedListener.onClose(DelayedClientCall.java:465)
	at org.apache.ratis.thirdparty.io.grpc.internal.ClientCallImpl.closeObserver(ClientCallImpl.java:562)
	at org.apache.ratis.thirdparty.io.grpc.internal.ClientCallImpl.access$300(ClientCallImpl.java:70)
	at org.apache.ratis.thirdparty.io.grpc.internal.ClientCallImpl$ClientStreamListenerImpl$1StreamClosed.runInternal(ClientCallImpl.java:743)
	at org.apache.ratis.thirdparty.io.grpc.internal.ClientCallImpl$ClientStreamListenerImpl$1StreamClosed.runInContext(ClientCallImpl.java:722)
	at org.apache.ratis.thirdparty.io.grpc.internal.ContextRunnable.run(ContextRunnable.java:37)
	at org.apache.ratis.thirdparty.io.grpc.internal.SerializingExecutor.run(SerializingExecutor.java:133)
	at java.util.concurrent.ThreadPoolExecutor.runWorker(ThreadPoolExecutor.java:1149)
	at java.util.concurrent.ThreadPoolExecutor$Worker.run(ThreadPoolExecutor.java:624)
	at java.lang.Thread.run(Thread.java:750)
2023-04-18 11:22:48,245 [grpc-default-executor-6] INFO  server.GrpcServerProtocolService (GrpcServerProtocolService.java:onCompleted(143)) - cf8b561e-9e41-4bd3-90de-b9cd5490d501: Completed APPEND_ENTRIES, lastRequest: null
2023-04-18 11:22:48,245 [grpc-default-executor-6] INFO  server.GrpcServerProtocolService (GrpcServerProtocolService.java:onCompleted(143)) - 3cde1de5-1a5f-4fe2-84a5-4d139cb24208: Completed APPEND_ENTRIES, lastRequest: null
2023-04-18 11:22:48,245 [grpc-default-executor-7] INFO  server.GrpcServerProtocolService (GrpcServerProtocolService.java:onCompleted(143)) - cf8b561e-9e41-4bd3-90de-b9cd5490d501: Completed APPEND_ENTRIES, lastRequest: c5b644a3-d162-45a9-bab1-b823400058bf->cf8b561e-9e41-4bd3-90de-b9cd5490d501#1-t1,previous=(t:0, i:0),leaderCommit=0,initializing? true,entries: size=1, first=(t:1, i:0), CONFIGURATIONENTRY(current:id: "c5b644a3-d162-45a9-bab1-b823400058bf"
address: "10.1.0.33:33375"
priority: 1
dataStreamAddress: "10.1.0.33:33543"
clientAddress: "10.1.0.33:33375"
adminAddress: "10.1.0.33:33375"
startupRole: FOLLOWER
,id: "a5634e25-af16-4753-8f18-352d6216d1aa"
address: "10.1.0.33:45211"
dataStreamAddress: "10.1.0.33:44627"
clientAddress: "10.1.0.33:45211"
adminAddress: "10.1.0.33:45211"
startupRole: FOLLOWER
,id: "cf8b561e-9e41-4bd3-90de-b9cd5490d501"
address: "10.1.0.33:46341"
dataStreamAddress: "10.1.0.33:36349"
clientAddress: "10.1.0.33:46341"
adminAddress: "10.1.0.33:46341"
startupRole: FOLLOWER
, old:)
2023-04-18 11:22:48,245 [grpc-default-executor-7] INFO  server.GrpcLogAppender (GrpcLogAppender.java:onCompleted(415)) - c5b644a3-d162-45a9-bab1-b823400058bf@group-D6A33BDA550B->cf8b561e-9e41-4bd3-90de-b9cd5490d501-AppendLogResponseHandler: follower responses appendEntries COMPLETED
2023-04-18 11:22:48,246 [grpc-default-executor-6] INFO  server.GrpcLogAppender (GrpcLogAppender.java:onCompleted(415)) - b70b393f-0df3-4302-81e5-4dc6a6d9b70c@group-3EBB8E36D1AA->3cde1de5-1a5f-4fe2-84a5-4d139cb24208-AppendLogResponseHandler: follower responses appendEntries COMPLETED
2023-04-18 11:22:48,247 [Mini-Cluster-Provider-Reap] INFO  server.GrpcService (GrpcService.java:closeImpl(280)) - c5b644a3-d162-45a9-bab1-b823400058bf: shutdown server GrpcServerProtocolService successfully
2023-04-18 11:22:48,247 [c5b644a3-d162-45a9-bab1-b823400058bf-NettyServerStreamRpc-bossGroup--thread1] INFO  logging.LoggingHandler (AbstractInternalLogger.java:log(148)) - [id: 0x64fe2ec6, L:/0:0:0:0:0:0:0:0:33543] CLOSE
2023-04-18 11:22:48,248 [c5b644a3-d162-45a9-bab1-b823400058bf-NettyServerStreamRpc-bossGroup--thread1] INFO  logging.LoggingHandler (AbstractInternalLogger.java:log(148)) - [id: 0x64fe2ec6, L:/0:0:0:0:0:0:0:0:33543] INACTIVE
2023-04-18 11:22:48,248 [c5b644a3-d162-45a9-bab1-b823400058bf-NettyServerStreamRpc-bossGroup--thread1] INFO  logging.LoggingHandler (AbstractInternalLogger.java:log(148)) - [id: 0x64fe2ec6, L:/0:0:0:0:0:0:0:0:33543] UNREGISTERED
2023-04-18 11:22:48,248 [grpc-default-executor-3] INFO  server.GrpcLogAppender (GrpcLogAppender.java:onCompleted(415)) - c5b644a3-d162-45a9-bab1-b823400058bf@group-D6A33BDA550B->cf8b561e-9e41-4bd3-90de-b9cd5490d501-AppendLogResponseHandler: follower responses appendEntries COMPLETED
2023-04-18 11:22:48,248 [Listener at 127.0.0.1/46883] INFO  upgrade.AbstractLayoutVersionManager (AbstractLayoutVersionManager.java:init(83)) - Initializing Layout version manager with metadata layout = WEBUI_PORTS_IN_DATANODEDETAILS (version = 6), software layout = WEBUI_PORTS_IN_DATANODEDETAILS (version = 6)
2023-04-18 11:22:48,255 [ForkJoinPool.commonPool-worker-1] INFO  server.GrpcService (GrpcService.java:closeImpl(280)) - b70b393f-0df3-4302-81e5-4dc6a6d9b70c: shutdown server GrpcServerProtocolService successfully
2023-04-18 11:22:48,255 [grpc-default-executor-2] INFO  server.GrpcLogAppender (GrpcLogAppender.java:onCompleted(415)) - b70b393f-0df3-4302-81e5-4dc6a6d9b70c@group-3EBB8E36D1AA->3cde1de5-1a5f-4fe2-84a5-4d139cb24208-AppendLogResponseHandler: follower responses appendEntries COMPLETED
2023-04-18 11:22:48,255 [c5b644a3-d162-45a9-bab1-b823400058bf-impl-thread3] INFO  impl.StateMachineUpdater (StateMachineUpdater.java:stopAndJoin(153)) - c5b644a3-d162-45a9-bab1-b823400058bf@group-D6A33BDA550B-StateMachineUpdater: set stopIndex = 0
2023-04-18 11:22:48,256 [c5b644a3-d162-45a9-bab1-b823400058bf@group-D6A33BDA550B-StateMachineUpdater] INFO  ratis.ContainerStateMachine (ContainerStateMachine.java:takeSnapshot(330)) - group-D6A33BDA550B: Taking a snapshot at:(t:1, i:0) file /home/runner/work/ozone/ozone/hadoop-ozone/integration-test/target/test-dir/MiniOzoneClusterImpl-a0ab8c4d-1654-40c9-b0d8-9193cd592234/datanode-4/data/ratis/a26902d6-3b03-4c2e-9347-d6a33bda550b/sm/snapshot.1_0
2023-04-18 11:22:48,256 [b70b393f-0df3-4302-81e5-4dc6a6d9b70c-impl-thread3] INFO  impl.StateMachineUpdater (StateMachineUpdater.java:stopAndJoin(153)) - b70b393f-0df3-4302-81e5-4dc6a6d9b70c@group-4CC9CE17C4A5-StateMachineUpdater: set stopIndex = 0
2023-04-18 11:22:48,257 [b70b393f-0df3-4302-81e5-4dc6a6d9b70c@group-4CC9CE17C4A5-StateMachineUpdater] INFO  ratis.ContainerStateMachine (ContainerStateMachine.java:takeSnapshot(330)) - group-4CC9CE17C4A5: Taking a snapshot at:(t:1, i:0) file /home/runner/work/ozone/ozone/hadoop-ozone/integration-test/target/test-dir/MiniOzoneClusterImpl-a0ab8c4d-1654-40c9-b0d8-9193cd592234/datanode-1/data/ratis/a74d4f76-520f-46e2-a465-4cc9ce17c4a5/sm/snapshot.1_0
2023-04-18 11:22:48,257 [c5b644a3-d162-45a9-bab1-b823400058bf@group-D6A33BDA550B-StateMachineUpdater] INFO  ratis.ContainerStateMachine (ContainerStateMachine.java:takeSnapshot(341)) - group-D6A33BDA550B: Finished taking a snapshot at:(t:1, i:0) file:/home/runner/work/ozone/ozone/hadoop-ozone/integration-test/target/test-dir/MiniOzoneClusterImpl-a0ab8c4d-1654-40c9-b0d8-9193cd592234/datanode-4/data/ratis/a26902d6-3b03-4c2e-9347-d6a33bda550b/sm/snapshot.1_0 took: 2 ms
2023-04-18 11:22:48,257 [c5b644a3-d162-45a9-bab1-b823400058bf@group-D6A33BDA550B-StateMachineUpdater] INFO  impl.StateMachineUpdater (StateMachineUpdater.java:takeSnapshot(287)) - c5b644a3-d162-45a9-bab1-b823400058bf@group-D6A33BDA550B-StateMachineUpdater: Took a snapshot at index 0
2023-04-18 11:22:48,281 [c5b644a3-d162-45a9-bab1-b823400058bf@group-D6A33BDA550B-StateMachineUpdater] INFO  impl.StateMachineUpdater (StateMachineUpdater.java:lambda$new$0(92)) - c5b644a3-d162-45a9-bab1-b823400058bf@group-D6A33BDA550B-StateMachineUpdater: snapshotIndex: updateIncreasingly -1 -> 0
2023-04-18 11:22:48,281 [c5b644a3-d162-45a9-bab1-b823400058bf-impl-thread3] INFO  server.RaftServer$Division (ServerState.java:close(466)) - c5b644a3-d162-45a9-bab1-b823400058bf@group-D6A33BDA550B: closes. applyIndex: 0
2023-04-18 11:22:48,263 [grpc-default-executor-3] WARN  server.GrpcLogAppender (GrpcLogAppender.java:resetClient(137)) - c5b644a3-d162-45a9-bab1-b823400058bf@group-D6A33BDA550B->cf8b561e-9e41-4bd3-90de-b9cd5490d501-GrpcLogAppender: Failed to getClient for cf8b561e-9e41-4bd3-90de-b9cd5490d501
org.apache.ratis.protocol.exceptions.AlreadyClosedException: c5b644a3-d162-45a9-bab1-b823400058bf is already CLOSED
	at org.apache.ratis.util.PeerProxyMap$PeerAndProxy.getProxy(PeerProxyMap.java:61)
	at org.apache.ratis.util.PeerProxyMap.getProxy(PeerProxyMap.java:115)
	at org.apache.ratis.grpc.server.GrpcLogAppender.getClient(GrpcLogAppender.java:116)
	at org.apache.ratis.grpc.server.GrpcLogAppender.resetClient(GrpcLogAppender.java:121)
	at org.apache.ratis.grpc.server.GrpcLogAppender.access$500(GrpcLogAppender.java:58)
	at org.apache.ratis.grpc.server.GrpcLogAppender$AppendLogResponseHandler.onCompleted(GrpcLogAppender.java:416)
	at org.apache.ratis.thirdparty.io.grpc.stub.ClientCalls$StreamObserverToCallListenerAdapter.onClose(ClientCalls.java:485)
	at org.apache.ratis.thirdparty.io.grpc.internal.ClientCallImpl.closeObserver(ClientCallImpl.java:562)
	at org.apache.ratis.thirdparty.io.grpc.internal.ClientCallImpl.access$300(ClientCallImpl.java:70)
	at org.apache.ratis.thirdparty.io.grpc.internal.ClientCallImpl$ClientStreamListenerImpl$1StreamClosed.runInternal(ClientCallImpl.java:743)
	at org.apache.ratis.thirdparty.io.grpc.internal.ClientCallImpl$ClientStreamListenerImpl$1StreamClosed.runInContext(ClientCallImpl.java:722)
	at org.apache.ratis.thirdparty.io.grpc.internal.ContextRunnable.run(ContextRunnable.java:37)
	at org.apache.ratis.thirdparty.io.grpc.internal.SerializingExecutor.run(SerializingExecutor.java:133)
	at java.util.concurrent.ThreadPoolExecutor.runWorker(ThreadPoolExecutor.java:1149)
	at java.util.concurrent.ThreadPoolExecutor$Worker.run(ThreadPoolExecutor.java:624)
	at java.lang.Thread.run(Thread.java:750)
2023-04-18 11:22:48,263 [grpc-default-executor-2] WARN  server.GrpcLogAppender (GrpcLogAppender.java:resetClient(137)) - b70b393f-0df3-4302-81e5-4dc6a6d9b70c@group-3EBB8E36D1AA->3cde1de5-1a5f-4fe2-84a5-4d139cb24208-GrpcLogAppender: Failed to getClient for 3cde1de5-1a5f-4fe2-84a5-4d139cb24208
org.apache.ratis.protocol.exceptions.AlreadyClosedException: b70b393f-0df3-4302-81e5-4dc6a6d9b70c is already CLOSED
	at org.apache.ratis.util.PeerProxyMap$PeerAndProxy.getProxy(PeerProxyMap.java:61)
	at org.apache.ratis.util.PeerProxyMap.getProxy(PeerProxyMap.java:115)
	at org.apache.ratis.grpc.server.GrpcLogAppender.getClient(GrpcLogAppender.java:116)
	at org.apache.ratis.grpc.server.GrpcLogAppender.resetClient(GrpcLogAppender.java:121)
	at org.apache.ratis.grpc.server.GrpcLogAppender.access$500(GrpcLogAppender.java:58)
	at org.apache.ratis.grpc.server.GrpcLogAppender$AppendLogResponseHandler.onCompleted(GrpcLogAppender.java:416)
	at org.apache.ratis.thirdparty.io.grpc.stub.ClientCalls$StreamObserverToCallListenerAdapter.onClose(ClientCalls.java:485)
	at org.apache.ratis.thirdparty.io.grpc.internal.ClientCallImpl.closeObserver(ClientCallImpl.java:562)
	at org.apache.ratis.thirdparty.io.grpc.internal.ClientCallImpl.access$300(ClientCallImpl.java:70)
	at org.apache.ratis.thirdparty.io.grpc.internal.ClientCallImpl$ClientStreamListenerImpl$1StreamClosed.runInternal(ClientCallImpl.java:743)
	at org.apache.ratis.thirdparty.io.grpc.internal.ClientCallImpl$ClientStreamListenerImpl$1StreamClosed.runInContext(ClientCallImpl.java:722)
	at org.apache.ratis.thirdparty.io.grpc.internal.ContextRunnable.run(ContextRunnable.java:37)
	at org.apache.ratis.thirdparty.io.grpc.internal.SerializingExecutor.run(SerializingExecutor.java:133)
	at java.util.concurrent.ThreadPoolExecutor.runWorker(ThreadPoolExecutor.java:1149)
	at java.util.concurrent.ThreadPoolExecutor$Worker.run(ThreadPoolExecutor.java:624)
	at java.lang.Thread.run(Thread.java:750)
2023-04-18 11:22:48,263 [grpc-default-executor-6] WARN  server.GrpcLogAppender (GrpcLogAppender.java:resetClient(137)) - b70b393f-0df3-4302-81e5-4dc6a6d9b70c@group-3EBB8E36D1AA->3cde1de5-1a5f-4fe2-84a5-4d139cb24208-GrpcLogAppender: Failed to getClient for 3cde1de5-1a5f-4fe2-84a5-4d139cb24208
org.apache.ratis.protocol.exceptions.AlreadyClosedException: b70b393f-0df3-4302-81e5-4dc6a6d9b70c is already CLOSED
	at org.apache.ratis.util.PeerProxyMap$PeerAndProxy.getProxy(PeerProxyMap.java:61)
	at org.apache.ratis.util.PeerProxyMap.getProxy(PeerProxyMap.java:115)
	at org.apache.ratis.grpc.server.GrpcLogAppender.getClient(GrpcLogAppender.java:116)
	at org.apache.ratis.grpc.server.GrpcLogAppender.resetClient(GrpcLogAppender.java:121)
	at org.apache.ratis.grpc.server.GrpcLogAppender.access$500(GrpcLogAppender.java:58)
	at org.apache.ratis.grpc.server.GrpcLogAppender$AppendLogResponseHandler.onCompleted(GrpcLogAppender.java:416)
	at org.apache.ratis.thirdparty.io.grpc.stub.ClientCalls$StreamObserverToCallListenerAdapter.onClose(ClientCalls.java:485)
	at org.apache.ratis.thirdparty.io.grpc.internal.DelayedClientCall$DelayedListener$3.run(DelayedClientCall.java:468)
	at org.apache.ratis.thirdparty.io.grpc.internal.DelayedClientCall$DelayedListener.delayOrExecute(DelayedClientCall.java:432)
	at org.apache.ratis.thirdparty.io.grpc.internal.DelayedClientCall$DelayedListener.onClose(DelayedClientCall.java:465)
	at org.apache.ratis.thirdparty.io.grpc.internal.ClientCallImpl.closeObserver(ClientCallImpl.java:562)
	at org.apache.ratis.thirdparty.io.grpc.internal.ClientCallImpl.access$300(ClientCallImpl.java:70)
	at org.apache.ratis.thirdparty.io.grpc.internal.ClientCallImpl$ClientStreamListenerImpl$1StreamClosed.runInternal(ClientCallImpl.java:743)
	at org.apache.ratis.thirdparty.io.grpc.internal.ClientCallImpl$ClientStreamListenerImpl$1StreamClosed.runInContext(ClientCallImpl.java:722)
	at org.apache.ratis.thirdparty.io.grpc.internal.ContextRunnable.run(ContextRunnable.java:37)
	at org.apache.ratis.thirdparty.io.grpc.internal.SerializingExecutor.run(SerializingExecutor.java:133)
	at java.util.concurrent.ThreadPoolExecutor.runWorker(ThreadPoolExecutor.java:1149)
	at java.util.concurrent.ThreadPoolExecutor$Worker.run(ThreadPoolExecutor.java:624)
	at java.lang.Thread.run(Thread.java:750)
2023-04-18 11:22:48,263 [grpc-default-executor-7] WARN  server.GrpcLogAppender (GrpcLogAppender.java:resetClient(137)) - c5b644a3-d162-45a9-bab1-b823400058bf@group-D6A33BDA550B->cf8b561e-9e41-4bd3-90de-b9cd5490d501-GrpcLogAppender: Failed to getClient for cf8b561e-9e41-4bd3-90de-b9cd5490d501
org.apache.ratis.protocol.exceptions.AlreadyClosedException: c5b644a3-d162-45a9-bab1-b823400058bf is already CLOSED
	at org.apache.ratis.util.PeerProxyMap$PeerAndProxy.getProxy(PeerProxyMap.java:61)
	at org.apache.ratis.util.PeerProxyMap.getProxy(PeerProxyMap.java:115)
	at org.apache.ratis.grpc.server.GrpcLogAppender.getClient(GrpcLogAppender.java:116)
	at org.apache.ratis.grpc.server.GrpcLogAppender.resetClient(GrpcLogAppender.java:121)
	at org.apache.ratis.grpc.server.GrpcLogAppender.access$500(GrpcLogAppender.java:58)
	at org.apache.ratis.grpc.server.GrpcLogAppender$AppendLogResponseHandler.onCompleted(GrpcLogAppender.java:416)
	at org.apache.ratis.thirdparty.io.grpc.stub.ClientCalls$StreamObserverToCallListenerAdapter.onClose(ClientCalls.java:485)
	at org.apache.ratis.thirdparty.io.grpc.internal.ClientCallImpl.closeObserver(ClientCallImpl.java:562)
	at org.apache.ratis.thirdparty.io.grpc.internal.ClientCallImpl.access$300(ClientCallImpl.java:70)
	at org.apache.ratis.thirdparty.io.grpc.internal.ClientCallImpl$ClientStreamListenerImpl$1StreamClosed.runInternal(ClientCallImpl.java:743)
	at org.apache.ratis.thirdparty.io.grpc.internal.ClientCallImpl$ClientStreamListenerImpl$1StreamClosed.runInContext(ClientCallImpl.java:722)
	at org.apache.ratis.thirdparty.io.grpc.internal.ContextRunnable.run(ContextRunnable.java:37)
	at org.apache.ratis.thirdparty.io.grpc.internal.SerializingExecutor.run(SerializingExecutor.java:133)
	at java.util.concurrent.ThreadPoolExecutor.runWorker(ThreadPoolExecutor.java:1149)
	at java.util.concurrent.ThreadPoolExecutor$Worker.run(ThreadPoolExecutor.java:624)
	at java.lang.Thread.run(Thread.java:750)
2023-04-18 11:22:48,299 [ReplicationMonitor] INFO  replication.ReplicationManager (ReplicationManager.java:processAll(396)) - Replication Monitor Thread took 1 milliseconds for processing 6 containers.
2023-04-18 11:22:48,262 [b70b393f-0df3-4302-81e5-4dc6a6d9b70c@group-3EBB8E36D1AA-StateMachineUpdater] INFO  ratis.ContainerStateMachine (ContainerStateMachine.java:takeSnapshot(330)) - group-3EBB8E36D1AA: Taking a snapshot at:(t:1, i:31) file /home/runner/work/ozone/ozone/hadoop-ozone/integration-test/target/test-dir/MiniOzoneClusterImpl-a0ab8c4d-1654-40c9-b0d8-9193cd592234/datanode-1/data/ratis/1be95070-cc85-4261-abeb-3ebb8e36d1aa/sm/snapshot.1_31
2023-04-18 11:22:48,262 [b70b393f-0df3-4302-81e5-4dc6a6d9b70c-impl-thread2] INFO  impl.StateMachineUpdater (StateMachineUpdater.java:stopAndJoin(153)) - b70b393f-0df3-4302-81e5-4dc6a6d9b70c@group-3EBB8E36D1AA-StateMachineUpdater: set stopIndex = 31
2023-04-18 11:22:48,291 [b70b393f-0df3-4302-81e5-4dc6a6d9b70c-NettyServerStreamRpc-bossGroup--thread1] INFO  logging.LoggingHandler (AbstractInternalLogger.java:log(148)) - [id: 0x9d91bac1, L:/0:0:0:0:0:0:0:0:35811] CLOSE
2023-04-18 11:22:48,301 [b70b393f-0df3-4302-81e5-4dc6a6d9b70c-NettyServerStreamRpc-bossGroup--thread1] INFO  logging.LoggingHandler (AbstractInternalLogger.java:log(148)) - [id: 0x9d91bac1, L:/0:0:0:0:0:0:0:0:35811] INACTIVE
2023-04-18 11:22:48,301 [b70b393f-0df3-4302-81e5-4dc6a6d9b70c-NettyServerStreamRpc-bossGroup--thread1] INFO  logging.LoggingHandler (AbstractInternalLogger.java:log(148)) - [id: 0x9d91bac1, L:/0:0:0:0:0:0:0:0:35811] UNREGISTERED
2023-04-18 11:22:48,287 [b70b393f-0df3-4302-81e5-4dc6a6d9b70c@group-4CC9CE17C4A5-StateMachineUpdater] INFO  ratis.ContainerStateMachine (ContainerStateMachine.java:takeSnapshot(341)) - group-4CC9CE17C4A5: Finished taking a snapshot at:(t:1, i:0) file:/home/runner/work/ozone/ozone/hadoop-ozone/integration-test/target/test-dir/MiniOzoneClusterImpl-a0ab8c4d-1654-40c9-b0d8-9193cd592234/datanode-1/data/ratis/a74d4f76-520f-46e2-a465-4cc9ce17c4a5/sm/snapshot.1_0 took: 31 ms
2023-04-18 11:22:48,301 [b70b393f-0df3-4302-81e5-4dc6a6d9b70c@group-4CC9CE17C4A5-StateMachineUpdater] INFO  impl.StateMachineUpdater (StateMachineUpdater.java:takeSnapshot(287)) - b70b393f-0df3-4302-81e5-4dc6a6d9b70c@group-4CC9CE17C4A5-StateMachineUpdater: Took a snapshot at index 0
2023-04-18 11:22:48,301 [b70b393f-0df3-4302-81e5-4dc6a6d9b70c@group-4CC9CE17C4A5-StateMachineUpdater] INFO  impl.StateMachineUpdater (StateMachineUpdater.java:lambda$new$0(92)) - b70b393f-0df3-4302-81e5-4dc6a6d9b70c@group-4CC9CE17C4A5-StateMachineUpdater: snapshotIndex: updateIncreasingly -1 -> 0
2023-04-18 11:22:48,302 [b70b393f-0df3-4302-81e5-4dc6a6d9b70c-impl-thread3] INFO  server.RaftServer$Division (ServerState.java:close(466)) - b70b393f-0df3-4302-81e5-4dc6a6d9b70c@group-4CC9CE17C4A5: closes. applyIndex: 0
2023-04-18 11:22:48,302 [b70b393f-0df3-4302-81e5-4dc6a6d9b70c@group-3EBB8E36D1AA-StateMachineUpdater] INFO  ratis.ContainerStateMachine (ContainerStateMachine.java:takeSnapshot(341)) - group-3EBB8E36D1AA: Finished taking a snapshot at:(t:1, i:31) file:/home/runner/work/ozone/ozone/hadoop-ozone/integration-test/target/test-dir/MiniOzoneClusterImpl-a0ab8c4d-1654-40c9-b0d8-9193cd592234/datanode-1/data/ratis/1be95070-cc85-4261-abeb-3ebb8e36d1aa/sm/snapshot.1_31 took: 40 ms
2023-04-18 11:22:48,302 [b70b393f-0df3-4302-81e5-4dc6a6d9b70c@group-3EBB8E36D1AA-StateMachineUpdater] INFO  impl.StateMachineUpdater (StateMachineUpdater.java:takeSnapshot(287)) - b70b393f-0df3-4302-81e5-4dc6a6d9b70c@group-3EBB8E36D1AA-StateMachineUpdater: Took a snapshot at index 31
2023-04-18 11:22:48,302 [b70b393f-0df3-4302-81e5-4dc6a6d9b70c@group-3EBB8E36D1AA-StateMachineUpdater] INFO  impl.StateMachineUpdater (StateMachineUpdater.java:lambda$new$0(92)) - b70b393f-0df3-4302-81e5-4dc6a6d9b70c@group-3EBB8E36D1AA-StateMachineUpdater: snapshotIndex: updateIncreasingly -1 -> 31
2023-04-18 11:22:48,313 [c5b644a3-d162-45a9-bab1-b823400058bf@group-D6A33BDA550B-SegmentedRaftLogWorker] INFO  segmented.SegmentedRaftLogWorker (SegmentedRaftLogWorker.java:run(347)) - c5b644a3-d162-45a9-bab1-b823400058bf@group-D6A33BDA550B-SegmentedRaftLogWorker was interrupted, exiting. There are 0 tasks remaining in the queue.
2023-04-18 11:22:48,313 [c5b644a3-d162-45a9-bab1-b823400058bf-impl-thread3] INFO  segmented.SegmentedRaftLogWorker (SegmentedRaftLogWorker.java:close(257)) - c5b644a3-d162-45a9-bab1-b823400058bf@group-D6A33BDA550B-SegmentedRaftLogWorker close()
2023-04-18 11:22:48,338 [ReplicationMonitor] INFO  replication.ReplicationManager (ReplicationManager.java:processAll(396)) - Replication Monitor Thread took 94 milliseconds for processing 1 containers.
2023-04-18 11:22:48,338 [b70b393f-0df3-4302-81e5-4dc6a6d9b70c-impl-thread2] INFO  server.RaftServer$Division (ServerState.java:close(466)) - b70b393f-0df3-4302-81e5-4dc6a6d9b70c@group-3EBB8E36D1AA: closes. applyIndex: 31
2023-04-18 11:22:48,338 [b70b393f-0df3-4302-81e5-4dc6a6d9b70c@group-4CC9CE17C4A5-SegmentedRaftLogWorker] INFO  segmented.SegmentedRaftLogWorker (SegmentedRaftLogWorker.java:run(347)) - b70b393f-0df3-4302-81e5-4dc6a6d9b70c@group-4CC9CE17C4A5-SegmentedRaftLogWorker was interrupted, exiting. There are 0 tasks remaining in the queue.
2023-04-18 11:22:48,338 [b70b393f-0df3-4302-81e5-4dc6a6d9b70c-impl-thread3] INFO  segmented.SegmentedRaftLogWorker (SegmentedRaftLogWorker.java:close(257)) - b70b393f-0df3-4302-81e5-4dc6a6d9b70c@group-4CC9CE17C4A5-SegmentedRaftLogWorker close()
2023-04-18 11:22:48,338 [b70b393f-0df3-4302-81e5-4dc6a6d9b70c@group-3EBB8E36D1AA-SegmentedRaftLogWorker] INFO  segmented.SegmentedRaftLogWorker (SegmentedRaftLogWorker.java:run(347)) - b70b393f-0df3-4302-81e5-4dc6a6d9b70c@group-3EBB8E36D1AA-SegmentedRaftLogWorker was interrupted, exiting. There are 0 tasks remaining in the queue.
2023-04-18 11:22:48,339 [b70b393f-0df3-4302-81e5-4dc6a6d9b70c-impl-thread2] INFO  segmented.SegmentedRaftLogWorker (SegmentedRaftLogWorker.java:close(257)) - b70b393f-0df3-4302-81e5-4dc6a6d9b70c@group-3EBB8E36D1AA-SegmentedRaftLogWorker close()
2023-04-18 11:22:48,382 [JvmPauseMonitor18] INFO  util.JvmPauseMonitor (JvmPauseMonitor.java:run(111)) - JvmPauseMonitor-b70b393f-0df3-4302-81e5-4dc6a6d9b70c: Stopped
2023-04-18 11:22:48,382 [JvmPauseMonitor22] INFO  util.JvmPauseMonitor (JvmPauseMonitor.java:run(111)) - JvmPauseMonitor-c5b644a3-d162-45a9-bab1-b823400058bf: Stopped
2023-04-18 11:22:48,448 [Listener at 127.0.0.1/46883] INFO  reflections.Reflections (Reflections.java:scan(232)) - Reflections took 192 ms to scan 7 urls, producing 156 keys and 369 values 
2023-04-18 11:22:48,465 [Listener at 127.0.0.1/46883] INFO  ha.SequenceIdGenerator (SequenceIdGenerator.java:upgradeToSequenceId(349)) - upgrade localId to 111677748019200000
2023-04-18 11:22:48,466 [Listener at 127.0.0.1/46883] INFO  ha.SequenceIdGenerator (SequenceIdGenerator.java:upgradeToSequenceId(359)) - upgrade delTxnId to 0
2023-04-18 11:22:48,466 [Listener at 127.0.0.1/46883] INFO  ha.SequenceIdGenerator (SequenceIdGenerator.java:upgradeToSequenceId(376)) - upgrade containerId to 0
2023-04-18 11:22:48,466 [Listener at 127.0.0.1/46883] INFO  ha.SequenceIdGenerator (SequenceIdGenerator.java:<init>(220)) - Init the HA SequenceIdGenerator.
2023-04-18 11:22:48,490 [Listener at 127.0.0.1/46883] INFO  node.SCMNodeManager (SCMNodeManager.java:<init>(156)) - Entering startup safe mode.
2023-04-18 11:22:48,491 [Listener at 127.0.0.1/46883] INFO  algorithms.ContainerPlacementPolicyFactory (ContainerPlacementPolicyFactory.java:getPolicyInternal(86)) - Create container placement policy of type org.apache.hadoop.hdds.scm.container.placement.algorithms.SCMContainerPlacementRackAware
2023-04-18 11:22:48,491 [Listener at 127.0.0.1/46883] INFO  algorithms.ContainerPlacementPolicyFactory (ContainerPlacementPolicyFactory.java:getPolicyInternal(86)) - Create container placement policy of type org.apache.hadoop.hdds.scm.container.placement.algorithms.SCMContainerPlacementRackScatter
2023-04-18 11:22:48,491 [Listener at 127.0.0.1/46883] INFO  pipeline.PipelineStateManagerImpl (PipelineStateManagerImpl.java:initialize(78)) - No pipeline exists in current db
2023-04-18 11:22:48,491 [Listener at 127.0.0.1/46883] INFO  algorithms.LeaderChoosePolicyFactory (LeaderChoosePolicyFactory.java:getPolicy(57)) - Create leader choose policy of type org.apache.hadoop.hdds.scm.pipeline.leader.choose.algorithms.MinLeaderCountChoosePolicy
2023-04-18 11:22:48,491 [Listener at 127.0.0.1/46883] INFO  algorithms.ContainerPlacementPolicyFactory (ContainerPlacementPolicyFactory.java:getPolicyInternal(86)) - Create container placement policy of type org.apache.hadoop.hdds.scm.container.placement.algorithms.SCMContainerPlacementRackScatter
2023-04-18 11:22:48,492 [Listener at 127.0.0.1/46883] INFO  ha.SCMServiceManager (SCMServiceManager.java:register(42)) - Registering service BackgroundPipelineCreator.
2023-04-18 11:22:48,492 [Listener at 127.0.0.1/46883] INFO  pipeline.BackgroundPipelineCreator (BackgroundPipelineCreator.java:start(124)) - Starting RatisPipelineUtilsThread.
2023-04-18 11:22:48,493 [Listener at 127.0.0.1/46883] INFO  BackgroundPipelineScrubber (BackgroundSCMService.java:start(68)) - Starting BackgroundPipelineScrubber Service.
2023-04-18 11:22:48,493 [Listener at 127.0.0.1/46883] INFO  ha.SCMServiceManager (SCMServiceManager.java:register(42)) - Registering service BackgroundPipelineScrubber.
2023-04-18 11:22:48,493 [Listener at 127.0.0.1/46883] INFO  ExpiredContainerReplicaOpScrubber (BackgroundSCMService.java:start(68)) - Starting ExpiredContainerReplicaOpScrubber Service.
2023-04-18 11:22:48,493 [Listener at 127.0.0.1/46883] INFO  ha.SCMServiceManager (SCMServiceManager.java:register(42)) - Registering service ExpiredContainerReplicaOpScrubber.
2023-04-18 11:22:48,494 [Listener at 127.0.0.1/46883] INFO  algorithms.PipelineChoosePolicyFactory (PipelineChoosePolicyFactory.java:createPipelineChoosePolicyFromClass(73)) - Create pipeline choose policy of type org.apache.hadoop.hdds.scm.pipeline.choose.algorithms.RandomPipelineChoosePolicy
2023-04-18 11:22:48,495 [Listener at 127.0.0.1/46883] INFO  ha.SCMServiceManager (SCMServiceManager.java:register(42)) - Registering service SCMBlockDeletingService.
2023-04-18 11:22:48,495 [Listener at 127.0.0.1/46883] INFO  replication.ReplicationManager (ReplicationManager.java:start(288)) - Starting Replication Monitor Thread.
2023-04-18 11:22:48,496 [Listener at 127.0.0.1/46883] INFO  ha.SCMServiceManager (SCMServiceManager.java:register(42)) - Registering service ReplicationManager.
2023-04-18 11:22:48,501 [ReplicationMonitor] INFO  replication.ReplicationManager (ReplicationManager.java:processAll(363)) - Replication Manager is not ready to run until 3000ms after safemode exit
2023-04-18 11:22:48,503 [Listener at 127.0.0.1/46883] INFO  safemode.ContainerSafeModeRule (ContainerSafeModeRule.java:<init>(89)) - containers with one replica threshold count 0
2023-04-18 11:22:48,503 [Listener at 127.0.0.1/46883] INFO  safemode.HealthyPipelineSafeModeRule (HealthyPipelineSafeModeRule.java:initializeRule(169)) - Total pipeline count is 0, healthy pipeline threshold count is 1
2023-04-18 11:22:48,503 [Listener at 127.0.0.1/46883] INFO  safemode.OneReplicaPipelineSafeModeRule (OneReplicaPipelineSafeModeRule.java:initializeRule(180)) - Total pipeline count is 0, pipeline's with at least one datanode reported threshold count is 0
2023-04-18 11:22:48,504 [Listener at 127.0.0.1/46883] INFO  server.StorageContainerManager (StorageContainerManager.java:<init>(403)) - SCM start with adminUsers: [runner]
2023-04-18 11:22:48,507 [Listener at 127.0.0.1/46883] INFO  ipc.CallQueueManager (CallQueueManager.java:<init>(90)) - Using callQueue: class java.util.concurrent.LinkedBlockingQueue, queueCapacity: 2000, scheduler: class org.apache.hadoop.ipc.DefaultRpcScheduler, ipcBackoff: false.
2023-04-18 11:22:48,513 [Socket Reader #1 for port 0] INFO  ipc.Server (Server.java:run(1319)) - Starting Socket Reader #1 for port 0
2023-04-18 11:22:48,526 [Listener at 0.0.0.0/40037] INFO  ipc.CallQueueManager (CallQueueManager.java:<init>(90)) - Using callQueue: class java.util.concurrent.LinkedBlockingQueue, queueCapacity: 2000, scheduler: class org.apache.hadoop.ipc.DefaultRpcScheduler, ipcBackoff: false.
2023-04-18 11:22:48,534 [Socket Reader #1 for port 0] INFO  ipc.Server (Server.java:run(1319)) - Starting Socket Reader #1 for port 0
2023-04-18 11:22:48,535 [Listener at 0.0.0.0/37705] INFO  ipc.CallQueueManager (CallQueueManager.java:<init>(90)) - Using callQueue: class java.util.concurrent.LinkedBlockingQueue, queueCapacity: 2000, scheduler: class org.apache.hadoop.ipc.DefaultRpcScheduler, ipcBackoff: false.
2023-04-18 11:22:48,536 [Socket Reader #1 for port 0] INFO  ipc.Server (Server.java:run(1319)) - Starting Socket Reader #1 for port 0
2023-04-18 11:22:48,551 [Listener at 0.0.0.0/46785] INFO  ha.SCMServiceManager (SCMServiceManager.java:register(42)) - Registering service ContainerBalancer.
2023-04-18 11:22:48,551 [Listener at 0.0.0.0/46785] INFO  server.StorageContainerManager (StorageContainerManager.java:<init>(420)) - 
Container Balancer status:
Key                            Value
Running                        false
Container Balancer Configuration values:
Key                                                Value
Threshold                                          10
Max Datanodes to Involve per Iteration(percent)    20
Max Size to Move per Iteration                     500GB
Max Size Entering Target per Iteration             26GB
Max Size Leaving Source per Iteration              26GB

2023-04-18 11:22:48,551 [Listener at 0.0.0.0/46785] INFO  ha.SCMContext (SCMContext.java:updateSafeModeStatus(228)) - Update SafeModeStatus from SafeModeStatus{safeModeStatus=true, preCheckPassed=false} to SafeModeStatus{safeModeStatus=true, preCheckPassed=false}.
2023-04-18 11:22:48,551 [Listener at 0.0.0.0/46785] INFO  server.StorageContainerManager (StorageContainerManager.java:start(1477)) - StorageContainerLocationProtocol RPC server is listening at /0.0.0.0:46785
2023-04-18 11:22:48,561 [Listener at 0.0.0.0/46785] WARN  impl.MetricsConfig (MetricsConfig.java:loadFirst(136)) - Cannot locate configuration: tried hadoop-metrics2-storagecontainermanager.properties,hadoop-metrics2.properties
2023-04-18 11:22:48,562 [Listener at 0.0.0.0/46785] INFO  impl.MetricsSystemImpl (MetricsSystemImpl.java:startTimer(378)) - Scheduled Metric snapshot period at 10 second(s).
2023-04-18 11:22:48,562 [Listener at 0.0.0.0/46785] INFO  impl.MetricsSystemImpl (MetricsSystemImpl.java:start(191)) - StorageContainerManager metrics system started
2023-04-18 11:22:48,621 [ContainerReplicationThread-0] INFO  replication.DownloadAndImportReplicator (DownloadAndImportReplicator.java:replicate(73)) - Starting replication of container 2 from [cf8b561e-9e41-4bd3-90de-b9cd5490d501(fv-az570-656.srgqcr2moziuvm0qev4lajleyh.dx.internal.cloudapp.net/10.1.0.33), c5b644a3-d162-45a9-bab1-b823400058bf(fv-az570-656.srgqcr2moziuvm0qev4lajleyh.dx.internal.cloudapp.net/10.1.0.33)] using NO_COMPRESSION
2023-04-18 11:22:48,641 [Listener at 0.0.0.0/46785] INFO  impl.MetricsSinkAdapter (MetricsSinkAdapter.java:start(204)) - Sink prometheus started
2023-04-18 11:22:48,641 [Listener at 0.0.0.0/46785] INFO  impl.MetricsSystemImpl (MetricsSystemImpl.java:registerSink(305)) - Registered sink prometheus
2023-04-18 11:22:48,644 [grpc-default-executor-2] INFO  replication.GrpcReplicationService (GrpcReplicationService.java:download(62)) - Streaming container data (2) to other datanode with compression NO_COMPRESSION
2023-04-18 11:22:48,652 [grpc-default-executor-2] INFO  replication.GrpcOutputStream (GrpcOutputStream.java:close(111)) - Sent 12800 bytes for container 2
2023-04-18 11:22:48,660 [grpc-default-executor-6] INFO  replication.GrpcReplicationClient (GrpcReplicationClient.java:onCompleted(218)) - Container 2 is downloaded to /home/runner/work/ozone/ozone/hadoop-ozone/integration-test/target/test-dir/MiniOzoneClusterImpl-a0ab8c4d-1654-40c9-b0d8-9193cd592234/datanode-0/data-0/containers/tmp/container-copy/container-2.tar
2023-04-18 11:22:48,661 [ContainerReplicationThread-0] INFO  replication.DownloadAndImportReplicator (DownloadAndImportReplicator.java:replicate(88)) - Container 2 is downloaded with size 12800, starting to import.
2023-04-18 11:22:48,732 [Listener at 0.0.0.0/46785] INFO  server.SCMClientProtocolServer (SCMClientProtocolServer.java:start(197)) - RPC server for Client  is listening at /0.0.0.0:46785
2023-04-18 11:22:48,746 [IPC Server Responder] INFO  ipc.Server (Server.java:run(1558)) - IPC Server Responder: starting
2023-04-18 11:22:48,757 [IPC Server listener on 0] INFO  ipc.Server (Server.java:run(1398)) - IPC Server listener on 0: starting
2023-04-18 11:22:48,767 [ContainerReplicationThread-0] INFO  replication.DownloadAndImportReplicator (DownloadAndImportReplicator.java:replicate(95)) - Container 2 is replicated successfully
2023-04-18 11:22:48,767 [ContainerReplicationThread-0] INFO  replication.ReplicationSupervisor (ReplicationSupervisor.java:run(220)) - Successful DONE replicateContainerCommand: containerId=2, replicaIndex=0, sourceNodes=[cf8b561e-9e41-4bd3-90de-b9cd5490d501(fv-az570-656.srgqcr2moziuvm0qev4lajleyh.dx.internal.cloudapp.net/10.1.0.33), c5b644a3-d162-45a9-bab1-b823400058bf(fv-az570-656.srgqcr2moziuvm0qev4lajleyh.dx.internal.cloudapp.net/10.1.0.33)], priority=NORMAL, transferred 12800 bytes
2023-04-18 11:22:48,794 [Listener at 0.0.0.0/46785] INFO  server.StorageContainerManager (StorageContainerManager.java:start(1491)) - ScmBlockLocationProtocol RPC server is listening at /0.0.0.0:37705
2023-04-18 11:22:48,794 [Listener at 0.0.0.0/46785] INFO  server.SCMBlockProtocolServer (SCMBlockProtocolServer.java:start(152)) - RPC server for Block Protocol is listening at /0.0.0.0:37705
2023-04-18 11:22:48,798 [IPC Server Responder] INFO  ipc.Server (Server.java:run(1558)) - IPC Server Responder: starting
2023-04-18 11:22:48,800 [IPC Server listener on 0] INFO  ipc.Server (Server.java:run(1398)) - IPC Server listener on 0: starting
2023-04-18 11:22:48,854 [Listener at 0.0.0.0/46785] INFO  server.SCMDatanodeProtocolServer (SCMDatanodeProtocolServer.java:start(193)) - ScmDatanodeProtocol RPC server for DataNodes is listening at /0.0.0.0:40037
2023-04-18 11:22:48,857 [IPC Server Responder] INFO  ipc.Server (Server.java:run(1558)) - IPC Server Responder: starting
2023-04-18 11:22:48,857 [IPC Server listener on 0] INFO  ipc.Server (Server.java:run(1398)) - IPC Server listener on 0: starting
2023-04-18 11:22:48,927 [Listener at 0.0.0.0/46785] INFO  http.BaseHttpServer (BaseHttpServer.java:newHttpServer2BuilderForOzone(224)) - Starting Web-server for scm at: http://0.0.0.0:0
2023-04-18 11:22:48,927 [Listener at 0.0.0.0/46785] INFO  http.BaseHttpServer (BaseHttpServer.java:<init>(111)) - Hadoop Security Enabled: false Ozone Security Enabled: false Ozone HTTP Security Enabled: false 
2023-04-18 11:22:48,928 [Listener at 0.0.0.0/46785] WARN  server.AuthenticationFilter (AuthenticationFilter.java:constructSecretProvider(240)) - Unable to initialize FileSignerSecretProvider, falling back to use random secrets. Reason: Could not read signature secret file: /home/runner/hadoop-http-auth-signature-secret
2023-04-18 11:22:48,929 [org.apache.hadoop.util.JvmPauseMonitor$Monitor@73959b0a] INFO  util.JvmPauseMonitor (JvmPauseMonitor.java:run(188)) - Starting JVM pause monitor
2023-04-18 11:22:48,951 [Listener at 0.0.0.0/46785] INFO  http.HttpRequestLog (HttpRequestLog.java:getRequestLog(86)) - Http request log for http.requests.scm is not defined
2023-04-18 11:22:48,952 [Listener at 0.0.0.0/46785] INFO  http.HttpServer2 (HttpServer2.java:addGlobalFilter(1031)) - Added global filter 'safety' (class=org.apache.hadoop.hdds.server.http.HttpServer2$QuotingInputFilter)
2023-04-18 11:22:48,953 [Listener at 0.0.0.0/46785] INFO  http.HttpServer2 (HttpServer2.java:addFilter(1007)) - Added filter static_user_filter (class=org.apache.hadoop.http.lib.StaticUserWebFilter$StaticUserFilter) to context scm
2023-04-18 11:22:48,953 [Listener at 0.0.0.0/46785] INFO  http.HttpServer2 (HttpServer2.java:addFilter(1015)) - Added filter static_user_filter (class=org.apache.hadoop.http.lib.StaticUserWebFilter$StaticUserFilter) to context logs
2023-04-18 11:22:48,953 [Listener at 0.0.0.0/46785] INFO  http.HttpServer2 (HttpServer2.java:addFilter(1015)) - Added filter static_user_filter (class=org.apache.hadoop.http.lib.StaticUserWebFilter$StaticUserFilter) to context static
2023-04-18 11:22:48,953 [Listener at 0.0.0.0/46785] INFO  http.BaseHttpServer (BaseHttpServer.java:<init>(190)) - HTTP server of scm uses base directory /home/runner/work/ozone/ozone/hadoop-ozone/integration-test/target/test-dir/MiniOzoneClusterImpl-c674532b-0fb0-44c5-9ca4-f83b29d9fdfa/ozone-meta/webserver
2023-04-18 11:22:48,959 [Listener at 0.0.0.0/46785] INFO  http.HttpServer2 (HttpServer2.java:bindListener(1250)) - Jetty bound to port 42919
2023-04-18 11:22:48,959 [Listener at 0.0.0.0/46785] INFO  server.Server (Server.java:doStart(375)) - jetty-9.4.49.v20220914; built: 2022-09-14T01:07:36.601Z; git: 4231a3b2e4cb8548a412a789936d640a97b1aa0a; jvm 1.8.0_362-b09
2023-04-18 11:22:48,973 [Listener at 0.0.0.0/46785] INFO  server.session (DefaultSessionIdManager.java:doStart(334)) - DefaultSessionIdManager workerName=node0
2023-04-18 11:22:48,973 [Listener at 0.0.0.0/46785] INFO  server.session (DefaultSessionIdManager.java:doStart(339)) - No SessionScavenger set, using defaults
2023-04-18 11:22:48,973 [Listener at 0.0.0.0/46785] INFO  server.session (HouseKeeper.java:startScavenging(132)) - node0 Scavenging every 600000ms
2023-04-18 11:22:48,974 [Listener at 0.0.0.0/46785] INFO  handler.ContextHandler (ContextHandler.java:doStart(921)) - Started o.e.j.s.ServletContextHandler@64c4b0d1{logs,/logs,file:///home/runner/work/ozone/ozone/hadoop-ozone/integration-test/target/log,AVAILABLE}
2023-04-18 11:22:48,975 [Listener at 0.0.0.0/46785] INFO  handler.ContextHandler (ContextHandler.java:doStart(921)) - Started o.e.j.s.ServletContextHandler@70627b2e{static,/static,file:///home/runner/work/ozone/ozone/hadoop-ozone/integration-test/target/test-classes/webapps/static,AVAILABLE}
2023-04-18 11:22:48,978 [Listener at 0.0.0.0/46785] INFO  handler.ContextHandler (ContextHandler.java:doStart(921)) - Started o.e.j.w.WebAppContext@6e6311e9{scm,/,file:///home/runner/work/ozone/ozone/hadoop-ozone/integration-test/target/test-classes/webapps/scm/,AVAILABLE}{file:/home/runner/work/ozone/ozone/hadoop-ozone/integration-test/target/test-classes/webapps/scm}
2023-04-18 11:22:48,994 [Listener at 0.0.0.0/46785] INFO  server.AbstractConnector (AbstractConnector.java:doStart(333)) - Started ServerConnector@3cc81921{HTTP/1.1, (http/1.1)}{0.0.0.0:42919}
2023-04-18 11:22:48,994 [Listener at 0.0.0.0/46785] INFO  server.Server (Server.java:doStart(415)) - Started @136516ms
2023-04-18 11:22:48,994 [Listener at 0.0.0.0/46785] WARN  impl.MetricsSystemImpl (MetricsSystemImpl.java:register(279)) - Sink prometheus already exists!
2023-04-18 11:22:48,996 [Listener at 0.0.0.0/46785] INFO  http.BaseHttpServer (BaseHttpServer.java:updateConnectorAddress(344)) - HTTP server of scm listening at http://0.0.0.0:42919
2023-04-18 11:22:48,998 [Listener at 0.0.0.0/46785] WARN  server.ServerUtils (ServerUtils.java:getDBPath(225)) - ozone.om.db.dirs is not configured. We recommend adding this setting. Falling back to ozone.metadata.dirs instead.
2023-04-18 11:22:49,009 [Listener at 0.0.0.0/46785] INFO  ha.OMHANodeDetails (OMHANodeDetails.java:loadOMHAConfig(115)) - ozone.om.internal.service.id is not defined, falling back to ozone.om.service.ids to find serviceID for OzoneManager if it is HA enabled cluster
2023-04-18 11:22:49,009 [Listener at 0.0.0.0/46785] INFO  ha.OMHANodeDetails (OMHANodeDetails.java:loadOMHAConfig(226)) - Configuration does not have ozone.om.address set. Falling back to the default OM address /127.0.0.1:0
2023-04-18 11:22:49,009 [Listener at 0.0.0.0/46785] INFO  ha.OMHANodeDetails (OMHANodeDetails.java:getOMNodeDetailsForNonHA(254)) - OM Service ID is not set. Setting it to the default ID: omServiceIdDefault
2023-04-18 11:22:49,009 [Listener at 0.0.0.0/46785] INFO  ha.OMHANodeDetails (OMHANodeDetails.java:getOMNodeDetailsForNonHA(261)) - OM Node ID is not set. Setting it to the default ID: om1
2023-04-18 11:22:49,009 [Listener at 0.0.0.0/46785] WARN  server.ServerUtils (ServerUtils.java:getDBPath(225)) - ozone.om.db.dirs is not configured. We recommend adding this setting. Falling back to ozone.metadata.dirs instead.
2023-04-18 11:22:49,014 [Listener at 0.0.0.0/46785] INFO  upgrade.AbstractLayoutVersionManager (AbstractLayoutVersionManager.java:init(83)) - Initializing Layout version manager with metadata layout = HSYNC (version = 4), software layout = HSYNC (version = 4)
2023-04-18 11:22:49,220 [ReplicationMonitor] INFO  replication.ReplicationManager (ReplicationManager.java:processAll(396)) - Replication Monitor Thread took 1 milliseconds for processing 0 containers.
2023-04-18 11:22:49,270 [Listener at 0.0.0.0/46785] INFO  reflections.Reflections (Reflections.java:scan(232)) - Reflections took 250 ms to scan 2 urls, producing 171 keys and 475 values [using 2 cores]
2023-04-18 11:22:49,270 [Listener at 0.0.0.0/46785] INFO  upgrade.OMLayoutVersionManager (OMLayoutVersionManager.java:lambda$0(115)) - Skipping Upgrade Action MockOmUpgradeAction since it has been finalized.
2023-04-18 11:22:49,271 [Listener at 0.0.0.0/46785] WARN  server.ServerUtils (ServerUtils.java:getDBPath(225)) - ozone.om.db.dirs is not configured. We recommend adding this setting. Falling back to ozone.metadata.dirs instead.
2023-04-18 11:22:49,271 [Listener at 0.0.0.0/46785] INFO  proxy.SCMBlockLocationFailoverProxyProvider (SCMBlockLocationFailoverProxyProvider.java:<init>(114)) - Created block location fail-over proxy with 1 nodes: [nodeId=scmNodeId,nodeAddress=/0.0.0.0:37705]
2023-04-18 11:22:49,273 [Listener at 0.0.0.0/46785] INFO  proxy.SCMBlockLocationFailoverProxyProvider (SCMBlockLocationFailoverProxyProvider.java:<init>(114)) - Created block location fail-over proxy with 1 nodes: [nodeId=scmNodeId,nodeAddress=/0.0.0.0:37705]
2023-04-18 11:22:49,298 [Listener at 0.0.0.0/46785] INFO  om.OzoneManager (OzoneManager.java:<init>(627)) - OM start with adminUsers: [runner]
2023-04-18 11:22:49,300 [ReplicationMonitor] INFO  replication.ReplicationManager (ReplicationManager.java:processAll(396)) - Replication Monitor Thread took 0 milliseconds for processing 6 containers.
2023-04-18 11:22:49,300 [Listener at 0.0.0.0/46785] WARN  server.ServerUtils (ServerUtils.java:getDBPath(225)) - ozone.om.db.dirs is not configured. We recommend adding this setting. Falling back to ozone.metadata.dirs instead.
2023-04-18 11:22:49,301 [Listener at 0.0.0.0/46785] INFO  codec.OmKeyInfoCodec (OmKeyInfoCodec.java:<init>(49)) - OmKeyInfoCodec ignorePipeline = true
2023-04-18 11:22:49,301 [Listener at 0.0.0.0/46785] INFO  codec.RepeatedOmKeyInfoCodec (RepeatedOmKeyInfoCodec.java:<init>(41)) - RepeatedOmKeyInfoCodec ignorePipeline = true
2023-04-18 11:22:49,338 [ReplicationMonitor] INFO  replication.ReplicationManager (ReplicationManager.java:processAll(396)) - Replication Monitor Thread took 0 milliseconds for processing 6 containers.
2023-04-18 11:22:49,501 [ReplicationMonitor] INFO  replication.ReplicationManager (ReplicationManager.java:processAll(363)) - Replication Manager is not ready to run until 3000ms after safemode exit
2023-04-18 11:22:49,789 [IPC Server handler 14 on default port 38291] INFO  pipeline.PipelineStateManagerImpl (PipelineStateManagerImpl.java:addPipeline(103)) - Created pipeline Pipeline[ Id: e3b83905-8ce0-4fa5-8995-465b74b1640b, Nodes: 7144c85b-12c6-46a0-ab74-6e8d3cbaf13d(fv-az570-656.srgqcr2moziuvm0qev4lajleyh.dx.internal.cloudapp.net/10.1.0.33)4dccae2a-c3f4-4810-8dc0-724213c437b9(fv-az570-656.srgqcr2moziuvm0qev4lajleyh.dx.internal.cloudapp.net/10.1.0.33)dc689b23-a50d-4e36-9bfa-30650ed5dd84(fv-az570-656.srgqcr2moziuvm0qev4lajleyh.dx.internal.cloudapp.net/10.1.0.33)91a9907d-d256-4c6d-9d08-d72cf378ab76(fv-az570-656.srgqcr2moziuvm0qev4lajleyh.dx.internal.cloudapp.net/10.1.0.33)d59aa4a5-68cc-4ccb-a592-d1fa77766dd1(fv-az570-656.srgqcr2moziuvm0qev4lajleyh.dx.internal.cloudapp.net/10.1.0.33), ReplicationConfig: EC{rs-3-2-1024k}, State:ALLOCATED, leaderId:, CreationTimestamp2023-04-18T11:22:49.785Z[Etc/UTC]].
2023-04-18 11:22:49,790 [IPC Server handler 14 on default port 38291] INFO  pipeline.PipelineManagerImpl (PipelineManagerImpl.java:openPipeline(367)) - Pipeline Pipeline[ Id: e3b83905-8ce0-4fa5-8995-465b74b1640b, Nodes: 7144c85b-12c6-46a0-ab74-6e8d3cbaf13d(fv-az570-656.srgqcr2moziuvm0qev4lajleyh.dx.internal.cloudapp.net/10.1.0.33)4dccae2a-c3f4-4810-8dc0-724213c437b9(fv-az570-656.srgqcr2moziuvm0qev4lajleyh.dx.internal.cloudapp.net/10.1.0.33)dc689b23-a50d-4e36-9bfa-30650ed5dd84(fv-az570-656.srgqcr2moziuvm0qev4lajleyh.dx.internal.cloudapp.net/10.1.0.33)91a9907d-d256-4c6d-9d08-d72cf378ab76(fv-az570-656.srgqcr2moziuvm0qev4lajleyh.dx.internal.cloudapp.net/10.1.0.33)d59aa4a5-68cc-4ccb-a592-d1fa77766dd1(fv-az570-656.srgqcr2moziuvm0qev4lajleyh.dx.internal.cloudapp.net/10.1.0.33), ReplicationConfig: EC{rs-3-2-1024k}, State:ALLOCATED, leaderId:, CreationTimestamp2023-04-18T11:22:49.785Z[Etc/UTC]] moved to OPEN state
2023-04-18 11:22:49,972 [Listener at 0.0.0.0/46785] INFO  om.OzoneManager (OzoneManager.java:instantiateServices(757)) - S3 Multi-Tenancy is disabled
2023-04-18 11:22:49,972 [Listener at 0.0.0.0/46785] WARN  server.ServerUtils (ServerUtils.java:getDBPath(225)) - ozone.om.snapshot.diff.db.dir is not configured. We recommend adding this setting. Falling back to ozone.metadata.dirs instead.
2023-04-18 11:22:50,039 [Listener at 0.0.0.0/46785] INFO  om.OzoneManager (OzoneManager.java:addS3GVolumeToDB(4257)) - Created Volume s3v With Owner runner required for S3Gateway operations.
2023-04-18 11:22:50,039 [Listener at 0.0.0.0/46785] WARN  server.ServerUtils (ServerUtils.java:getDefaultRatisDirectory(237)) - Storage directory for Ratis is not configured. It is a good idea to map this to an SSD disk. Falling back to ozone.metadata.dirs
2023-04-18 11:22:50,045 [IPC Server handler 1 on default port 38291] INFO  pipeline.PipelineStateManagerImpl (PipelineStateManagerImpl.java:addPipeline(103)) - Created pipeline Pipeline[ Id: 917d95d8-abf0-423c-9c6e-5d50d9925959, Nodes: 91a9907d-d256-4c6d-9d08-d72cf378ab76(fv-az570-656.srgqcr2moziuvm0qev4lajleyh.dx.internal.cloudapp.net/10.1.0.33)7144c85b-12c6-46a0-ab74-6e8d3cbaf13d(fv-az570-656.srgqcr2moziuvm0qev4lajleyh.dx.internal.cloudapp.net/10.1.0.33)d59aa4a5-68cc-4ccb-a592-d1fa77766dd1(fv-az570-656.srgqcr2moziuvm0qev4lajleyh.dx.internal.cloudapp.net/10.1.0.33)38539a6a-e263-4753-9c37-44dbafee2108(fv-az570-656.srgqcr2moziuvm0qev4lajleyh.dx.internal.cloudapp.net/10.1.0.33)feaef6f5-e782-45a9-b730-4c2e6cfb3b47(fv-az570-656.srgqcr2moziuvm0qev4lajleyh.dx.internal.cloudapp.net/10.1.0.33), ReplicationConfig: EC{rs-3-2-1024k}, State:ALLOCATED, leaderId:, CreationTimestamp2023-04-18T11:22:50.044Z[Etc/UTC]].
2023-04-18 11:22:50,045 [IPC Server handler 1 on default port 38291] INFO  pipeline.PipelineManagerImpl (PipelineManagerImpl.java:openPipeline(367)) - Pipeline Pipeline[ Id: 917d95d8-abf0-423c-9c6e-5d50d9925959, Nodes: 91a9907d-d256-4c6d-9d08-d72cf378ab76(fv-az570-656.srgqcr2moziuvm0qev4lajleyh.dx.internal.cloudapp.net/10.1.0.33)7144c85b-12c6-46a0-ab74-6e8d3cbaf13d(fv-az570-656.srgqcr2moziuvm0qev4lajleyh.dx.internal.cloudapp.net/10.1.0.33)d59aa4a5-68cc-4ccb-a592-d1fa77766dd1(fv-az570-656.srgqcr2moziuvm0qev4lajleyh.dx.internal.cloudapp.net/10.1.0.33)38539a6a-e263-4753-9c37-44dbafee2108(fv-az570-656.srgqcr2moziuvm0qev4lajleyh.dx.internal.cloudapp.net/10.1.0.33)feaef6f5-e782-45a9-b730-4c2e6cfb3b47(fv-az570-656.srgqcr2moziuvm0qev4lajleyh.dx.internal.cloudapp.net/10.1.0.33), ReplicationConfig: EC{rs-3-2-1024k}, State:ALLOCATED, leaderId:, CreationTimestamp2023-04-18T11:22:50.044Z[Etc/UTC]] moved to OPEN state
2023-04-18 11:22:50,048 [Listener at 0.0.0.0/46785] WARN  utils.OzoneManagerRatisUtils (OzoneManagerRatisUtils.java:getOMRatisSnapshotDirectory(459)) - ozone.om.ratis.snapshot.dir is not configured. Falling back to ozone.metadata.dirs config
2023-04-18 11:22:50,049 [Listener at 0.0.0.0/46785] WARN  impl.MetricRegistriesImpl (MetricRegistriesImpl.java:addReporterRegistration(111)) - New reporters are added after registries were created. Some metrics will be missing from the reporter. Please add reporter before adding any new registry.
2023-04-18 11:22:50,049 [Listener at 0.0.0.0/46785] WARN  impl.MetricRegistriesImpl (MetricRegistriesImpl.java:addReporterRegistration(111)) - New reporters are added after registries were created. Some metrics will be missing from the reporter. Please add reporter before adding any new registry.
2023-04-18 11:22:50,049 [Listener at 0.0.0.0/46785] WARN  server.ServerUtils (ServerUtils.java:getDefaultRatisDirectory(237)) - Storage directory for Ratis is not configured. It is a good idea to map this to an SSD disk. Falling back to ozone.metadata.dirs
2023-04-18 11:22:50,053 [Listener at 0.0.0.0/46785] INFO  ratis.OzoneManagerRatisServer (OzoneManagerRatisServer.java:<init>(163)) - Instantiating OM Ratis server with groupID: omServiceIdDefault and peers: localhost:39535
2023-04-18 11:22:50,054 [Listener at 0.0.0.0/46785] INFO  ratis.OzoneManagerStateMachine (OzoneManagerStateMachine.java:loadSnapshotInfoFromDB(644)) - LastAppliedIndex is set from TransactionInfo from OM DB as (t:0, i:~)
2023-04-18 11:22:50,054 [Listener at 0.0.0.0/46785] INFO  server.RaftServer (ConfUtils.java:logGet(46)) - raft.rpc.type = GRPC (default)
2023-04-18 11:22:50,054 [Listener at 0.0.0.0/46785] INFO  grpc.GrpcConfigKeys (ConfUtils.java:logFallback(53)) - raft.grpc.admin.host = null (fallback to raft.grpc.server.host)
2023-04-18 11:22:50,054 [Listener at 0.0.0.0/46785] INFO  grpc.GrpcConfigKeys (ConfUtils.java:logFallback(53)) - raft.grpc.admin.port = 39535 (fallback to raft.grpc.server.port)
2023-04-18 11:22:50,054 [Listener at 0.0.0.0/46785] INFO  grpc.GrpcConfigKeys (ConfUtils.java:logFallback(53)) - raft.grpc.client.host = null (fallback to raft.grpc.server.host)
2023-04-18 11:22:50,054 [Listener at 0.0.0.0/46785] INFO  grpc.GrpcConfigKeys (ConfUtils.java:logFallback(53)) - raft.grpc.client.port = 39535 (fallback to raft.grpc.server.port)
2023-04-18 11:22:50,054 [Listener at 0.0.0.0/46785] INFO  grpc.GrpcConfigKeys (ConfUtils.java:logGet(46)) - raft.grpc.server.host = null (default)
2023-04-18 11:22:50,054 [Listener at 0.0.0.0/46785] INFO  grpc.GrpcConfigKeys (ConfUtils.java:logGet(46)) - raft.grpc.server.port = 39535 (custom)
2023-04-18 11:22:50,055 [Listener at 0.0.0.0/46785] INFO  server.GrpcService (ConfUtils.java:logGet(46)) - raft.grpc.message.size.max = 33554432 (custom)
2023-04-18 11:22:50,055 [Listener at 0.0.0.0/46785] INFO  server.RaftServerConfigKeys (ConfUtils.java:logGet(46)) - raft.server.log.appender.buffer.byte-limit = 33554432 (custom)
2023-04-18 11:22:50,055 [Listener at 0.0.0.0/46785] INFO  server.GrpcService (ConfUtils.java:logGet(46)) - raft.grpc.flow.control.window = 1MB (=1048576) (default)
2023-04-18 11:22:50,055 [Listener at 0.0.0.0/46785] INFO  server.RaftServerConfigKeys (ConfUtils.java:logGet(46)) - raft.server.rpc.request.timeout = 3000ms (default)
2023-04-18 11:22:50,055 [Listener at 0.0.0.0/46785] INFO  grpc.GrpcConfigKeys (ConfUtils.java:logGet(46)) - raft.grpc.server.heartbeat.channel = true (default)
2023-04-18 11:22:50,055 [Listener at 0.0.0.0/46785] INFO  grpc.GrpcConfigKeys (ConfUtils.java:logGet(46)) - raft.grpc.server.async.request.thread.pool.cached = true (default)
2023-04-18 11:22:50,055 [Listener at 0.0.0.0/46785] INFO  grpc.GrpcConfigKeys (ConfUtils.java:logGet(46)) - raft.grpc.server.async.request.thread.pool.size = 32 (default)
2023-04-18 11:22:50,056 [Listener at 0.0.0.0/46785] INFO  impl.DataStreamServerImpl (ConfUtils.java:logGet(46)) - raft.datastream.type = DISABLED (default)
2023-04-18 11:22:50,056 [Listener at 0.0.0.0/46785] INFO  server.RaftServerConfigKeys (ConfUtils.java:logGet(46)) - raft.server.threadpool.proxy.cached = true (default)
2023-04-18 11:22:50,056 [Listener at 0.0.0.0/46785] INFO  server.RaftServerConfigKeys (ConfUtils.java:logGet(46)) - raft.server.threadpool.proxy.size = 0 (default)
2023-04-18 11:22:50,056 [Listener at 0.0.0.0/46785] INFO  server.RaftServerConfigKeys (ConfUtils.java:logGet(46)) - raft.server.rpc.slowness.timeout = 120s (custom)
2023-04-18 11:22:50,056 [Listener at 0.0.0.0/46785] INFO  server.RaftServerConfigKeys (ConfUtils.java:logGet(46)) - raft.server.leaderelection.leader.step-down.wait-time = 10s (default)
2023-04-18 11:22:50,057 [Listener at 0.0.0.0/46785] INFO  server.RaftServerConfigKeys (ConfUtils.java:logGet(46)) - raft.server.storage.dir = [/home/runner/work/ozone/ozone/hadoop-ozone/integration-test/target/test-dir/MiniOzoneClusterImpl-c674532b-0fb0-44c5-9ca4-f83b29d9fdfa/ozone-meta/ratis] (custom)
2023-04-18 11:22:50,064 [Listener at 0.0.0.0/46785] INFO  server.RaftServer (RaftServerProxy.java:addNew(96)) - om1: addNew group-C5BA1605619E:[om1|rpc:localhost:39535|priority:0|startupRole:FOLLOWER] returns group-C5BA1605619E:java.util.concurrent.CompletableFuture@2d53858[Not completed]
2023-04-18 11:22:50,064 [Listener at 0.0.0.0/46785] INFO  om.OzoneManager (OzoneManager.java:initializeRatisServer(2095)) - OzoneManager Ratis server initialized at port 39535
2023-04-18 11:22:50,065 [Listener at 0.0.0.0/46785] INFO  om.OzoneManager (OzoneManager.java:getRpcServer(1142)) - Creating RPC Server
2023-04-18 11:22:50,066 [pool-1933-thread-1] INFO  server.RaftServer$Division (RaftServerImpl.java:<init>(195)) - om1: new RaftServerImpl for group-C5BA1605619E:[om1|rpc:localhost:39535|priority:0|startupRole:FOLLOWER] with OzoneManagerStateMachine:uninitialized
2023-04-18 11:22:50,067 [pool-1933-thread-1] INFO  server.RaftServerConfigKeys (ConfUtils.java:logGet(46)) - raft.server.rpc.timeout.min = 1s (custom)
2023-04-18 11:22:50,067 [pool-1933-thread-1] INFO  server.RaftServerConfigKeys (ConfUtils.java:logGet(46)) - raft.server.rpc.timeout.max = 1200ms (custom)
2023-04-18 11:22:50,067 [pool-1933-thread-1] INFO  server.RaftServerConfigKeys (ConfUtils.java:logGet(46)) - raft.server.rpc.sleep.time = 25ms (default)
2023-04-18 11:22:50,067 [pool-1933-thread-1] INFO  server.RaftServerConfigKeys (ConfUtils.java:logGet(46)) - raft.server.rpc.slowness.timeout = 120s (custom)
2023-04-18 11:22:50,067 [pool-1933-thread-1] INFO  server.RaftServerConfigKeys (ConfUtils.java:logGet(46)) - raft.server.leaderelection.leader.step-down.wait-time = 10s (default)
2023-04-18 11:22:50,067 [pool-1933-thread-1] INFO  server.RaftServerConfigKeys (ConfUtils.java:logGet(46)) - raft.server.sleep.deviation.threshold = 300ms (default)
2023-04-18 11:22:50,067 [pool-1933-thread-1] INFO  server.RaftServer$Division (ServerState.java:<init>(118)) - om1@group-C5BA1605619E: ConfigurationManager, init=-1: peers:[om1|rpc:localhost:39535|priority:0|startupRole:FOLLOWER]|listeners:[], old=null, confs=<EMPTY_MAP>
2023-04-18 11:22:50,067 [pool-1933-thread-1] INFO  server.RaftServerConfigKeys (ConfUtils.java:logGet(46)) - raft.server.storage.dir = [/home/runner/work/ozone/ozone/hadoop-ozone/integration-test/target/test-dir/MiniOzoneClusterImpl-c674532b-0fb0-44c5-9ca4-f83b29d9fdfa/ozone-meta/ratis] (custom)
2023-04-18 11:22:50,067 [pool-1933-thread-1] INFO  server.RaftServerConfigKeys (ConfUtils.java:logGet(46)) - raft.server.log.corruption.policy = EXCEPTION (default)
2023-04-18 11:22:50,067 [pool-1933-thread-1] INFO  server.RaftServerConfigKeys (ConfUtils.java:logGet(46)) - raft.server.storage.free-space.min = 0MB (=0) (default)
2023-04-18 11:22:50,068 [pool-1933-thread-1] INFO  server.RaftServerConfigKeys (ConfUtils.java:logGet(46)) - raft.server.notification.no-leader.timeout = 120s (custom)
2023-04-18 11:22:50,068 [pool-1933-thread-1] INFO  server.RaftServerConfigKeys (ConfUtils.java:logGet(46)) - raft.server.retrycache.expirytime = 300s (custom)
2023-04-18 11:22:50,068 [pool-1933-thread-1] INFO  server.RaftServerConfigKeys (ConfUtils.java:logGet(46)) - raft.server.retrycache.statistics.expirytime = 100μs (default)
2023-04-18 11:22:50,070 [pool-1933-thread-1] INFO  server.RaftServerConfigKeys (ConfUtils.java:logGet(46)) - raft.server.log.appender.install.snapshot.enabled = false (custom)
2023-04-18 11:22:50,070 [pool-1933-thread-1] INFO  server.RaftServerConfigKeys (ConfUtils.java:logGet(46)) - raft.server.threadpool.server.cached = true (default)
2023-04-18 11:22:50,070 [pool-1933-thread-1] INFO  server.RaftServerConfigKeys (ConfUtils.java:logGet(46)) - raft.server.threadpool.server.size = 0 (default)
2023-04-18 11:22:50,070 [pool-1933-thread-1] INFO  server.RaftServerConfigKeys (ConfUtils.java:logGet(46)) - raft.server.threadpool.client.cached = true (default)
2023-04-18 11:22:50,071 [pool-1933-thread-1] INFO  server.RaftServerConfigKeys (ConfUtils.java:logGet(46)) - raft.server.threadpool.client.size = 0 (default)
2023-04-18 11:22:50,220 [ReplicationMonitor] INFO  replication.ReplicationManager (ReplicationManager.java:processAll(396)) - Replication Monitor Thread took 0 milliseconds for processing 0 containers.
2023-04-18 11:22:50,348 [ReplicationMonitor] INFO  replication.ReplicationManager (ReplicationManager.java:processAll(396)) - Replication Monitor Thread took 1 milliseconds for processing 8 containers.
2023-04-18 11:22:50,363 [IPC Server handler 17 on default port 38291] INFO  pipeline.PipelineStateManagerImpl (PipelineStateManagerImpl.java:addPipeline(103)) - Created pipeline Pipeline[ Id: cc40a829-4d9f-4c84-a5b2-74bd07ba69ce, Nodes: dc689b23-a50d-4e36-9bfa-30650ed5dd84(fv-az570-656.srgqcr2moziuvm0qev4lajleyh.dx.internal.cloudapp.net/10.1.0.33)feaef6f5-e782-45a9-b730-4c2e6cfb3b47(fv-az570-656.srgqcr2moziuvm0qev4lajleyh.dx.internal.cloudapp.net/10.1.0.33)7144c85b-12c6-46a0-ab74-6e8d3cbaf13d(fv-az570-656.srgqcr2moziuvm0qev4lajleyh.dx.internal.cloudapp.net/10.1.0.33)38539a6a-e263-4753-9c37-44dbafee2108(fv-az570-656.srgqcr2moziuvm0qev4lajleyh.dx.internal.cloudapp.net/10.1.0.33)d59aa4a5-68cc-4ccb-a592-d1fa77766dd1(fv-az570-656.srgqcr2moziuvm0qev4lajleyh.dx.internal.cloudapp.net/10.1.0.33), ReplicationConfig: EC{rs-3-2-1024k}, State:ALLOCATED, leaderId:, CreationTimestamp2023-04-18T11:22:50.363Z[Etc/UTC]].
2023-04-18 11:22:50,364 [IPC Server handler 17 on default port 38291] INFO  pipeline.PipelineManagerImpl (PipelineManagerImpl.java:openPipeline(367)) - Pipeline Pipeline[ Id: cc40a829-4d9f-4c84-a5b2-74bd07ba69ce, Nodes: dc689b23-a50d-4e36-9bfa-30650ed5dd84(fv-az570-656.srgqcr2moziuvm0qev4lajleyh.dx.internal.cloudapp.net/10.1.0.33)feaef6f5-e782-45a9-b730-4c2e6cfb3b47(fv-az570-656.srgqcr2moziuvm0qev4lajleyh.dx.internal.cloudapp.net/10.1.0.33)7144c85b-12c6-46a0-ab74-6e8d3cbaf13d(fv-az570-656.srgqcr2moziuvm0qev4lajleyh.dx.internal.cloudapp.net/10.1.0.33)38539a6a-e263-4753-9c37-44dbafee2108(fv-az570-656.srgqcr2moziuvm0qev4lajleyh.dx.internal.cloudapp.net/10.1.0.33)d59aa4a5-68cc-4ccb-a592-d1fa77766dd1(fv-az570-656.srgqcr2moziuvm0qev4lajleyh.dx.internal.cloudapp.net/10.1.0.33), ReplicationConfig: EC{rs-3-2-1024k}, State:ALLOCATED, leaderId:, CreationTimestamp2023-04-18T11:22:50.363Z[Etc/UTC]] moved to OPEN state
2023-04-18 11:22:50,369 [EventQueue-StaleNodeForStaleNodeHandler] INFO  node.StaleNodeHandler (StaleNodeHandler.java:onMessage(59)) - Datanode c5b644a3-d162-45a9-bab1-b823400058bf(fv-az570-656.srgqcr2moziuvm0qev4lajleyh.dx.internal.cloudapp.net/10.1.0.33) moved to stale state. Finalizing its pipelines [PipelineID=fc57ce97-9c16-4978-b1f9-88803f40f793, PipelineID=a26902d6-3b03-4c2e-9347-d6a33bda550b]
2023-04-18 11:22:50,370 [EventQueue-StaleNodeForStaleNodeHandler] INFO  pipeline.PipelineManagerImpl (PipelineManagerImpl.java:closePipeline(442)) - Pipeline Pipeline[ Id: fc57ce97-9c16-4978-b1f9-88803f40f793, Nodes: c5b644a3-d162-45a9-bab1-b823400058bf(fv-az570-656.srgqcr2moziuvm0qev4lajleyh.dx.internal.cloudapp.net/10.1.0.33), ReplicationConfig: RATIS/ONE, State:OPEN, leaderId:c5b644a3-d162-45a9-bab1-b823400058bf, CreationTimestamp2023-04-18T11:21:22.460Z[Etc/UTC]] moved to CLOSED state
2023-04-18 11:22:50,370 [EventQueue-StaleNodeForStaleNodeHandler] INFO  pipeline.PipelineManagerImpl (PipelineManagerImpl.java:closePipeline(442)) - Pipeline Pipeline[ Id: a26902d6-3b03-4c2e-9347-d6a33bda550b, Nodes: c5b644a3-d162-45a9-bab1-b823400058bf(fv-az570-656.srgqcr2moziuvm0qev4lajleyh.dx.internal.cloudapp.net/10.1.0.33)cf8b561e-9e41-4bd3-90de-b9cd5490d501(fv-az570-656.srgqcr2moziuvm0qev4lajleyh.dx.internal.cloudapp.net/10.1.0.33)a5634e25-af16-4753-8f18-352d6216d1aa(fv-az570-656.srgqcr2moziuvm0qev4lajleyh.dx.internal.cloudapp.net/10.1.0.33), ReplicationConfig: RATIS/THREE, State:OPEN, leaderId:c5b644a3-d162-45a9-bab1-b823400058bf, CreationTimestamp2023-04-18T11:22:16.720Z[Etc/UTC]] moved to CLOSED state
2023-04-18 11:22:50,371 [ReplicationMonitor] INFO  replication.ReplicationManager (ReplicationManager.java:processAll(396)) - Replication Monitor Thread took 1 milliseconds for processing 6 containers.
2023-04-18 11:22:50,502 [ReplicationMonitor] INFO  replication.ReplicationManager (ReplicationManager.java:processAll(363)) - Replication Manager is not ready to run until 3000ms after safemode exit
2023-04-18 11:22:50,544 [Mini-Cluster-Provider-Reap] INFO  volume.HddsVolume (HddsVolume.java:closeDbStore(437)) - SchemaV3 db is stopped at /home/runner/work/ozone/ozone/hadoop-ozone/integration-test/target/test-dir/MiniOzoneClusterImpl-a0ab8c4d-1654-40c9-b0d8-9193cd592234/datanode-4/data-0/containers/hdds/a0ab8c4d-1654-40c9-b0d8-9193cd592234/DS-65293722-d9c6-44d3-b214-0bcfc3f1bdaf/container.db for volume DS-65293722-d9c6-44d3-b214-0bcfc3f1bdaf
2023-04-18 11:22:50,546 [Mini-Cluster-Provider-Reap] INFO  utils.BackgroundService (BackgroundService.java:shutdown(141)) - Shutting down service BlockDeletingService
2023-04-18 11:22:50,555 [Mini-Cluster-Provider-Reap] INFO  utils.BackgroundService (BackgroundService.java:shutdown(141)) - Shutting down service StaleRecoveringContainerScrubbingService
2023-04-18 11:22:50,575 [ForkJoinPool.commonPool-worker-1] INFO  volume.HddsVolume (HddsVolume.java:closeDbStore(437)) - SchemaV3 db is stopped at /home/runner/work/ozone/ozone/hadoop-ozone/integration-test/target/test-dir/MiniOzoneClusterImpl-a0ab8c4d-1654-40c9-b0d8-9193cd592234/datanode-1/data-0/containers/hdds/a0ab8c4d-1654-40c9-b0d8-9193cd592234/DS-7d3fdb70-5ebe-495e-a57d-3ed630ff4480/container.db for volume DS-7d3fdb70-5ebe-495e-a57d-3ed630ff4480
2023-04-18 11:22:50,575 [ForkJoinPool.commonPool-worker-1] INFO  utils.BackgroundService (BackgroundService.java:shutdown(141)) - Shutting down service BlockDeletingService
2023-04-18 11:22:50,585 [ForkJoinPool.commonPool-worker-1] INFO  utils.BackgroundService (BackgroundService.java:shutdown(141)) - Shutting down service StaleRecoveringContainerScrubbingService
2023-04-18 11:22:50,587 [Mini-Cluster-Provider-Reap] INFO  statemachine.DatanodeStateMachine (DatanodeStateMachine.java:stopDaemon(601)) - Ozone container server stopped.
2023-04-18 11:22:50,589 [ForkJoinPool.commonPool-worker-1] INFO  statemachine.DatanodeStateMachine (DatanodeStateMachine.java:stopDaemon(601)) - Ozone container server stopped.
2023-04-18 11:22:50,717 [Mini-Cluster-Provider-Reap] INFO  handler.ContextHandler (ContextHandler.java:doStop(1159)) - Stopped o.e.j.w.WebAppContext@6c283cd3{hddsDatanode,/,null,STOPPED}{jar:file:/home/runner/.m2/repository/org/apache/ozone/hdds-container-service/1.4.0-SNAPSHOT/hdds-container-service-1.4.0-SNAPSHOT.jar!/webapps/hddsDatanode}
2023-04-18 11:22:50,718 [Mini-Cluster-Provider-Reap] INFO  server.AbstractConnector (AbstractConnector.java:doStop(383)) - Stopped ServerConnector@5956e427{HTTP/1.1, (http/1.1)}{0.0.0.0:0}
2023-04-18 11:22:50,718 [Mini-Cluster-Provider-Reap] INFO  server.session (HouseKeeper.java:stopScavenging(149)) - node0 Stopped scavenging
2023-04-18 11:22:50,725 [Mini-Cluster-Provider-Reap] INFO  handler.ContextHandler (ContextHandler.java:doStop(1159)) - Stopped o.e.j.s.ServletContextHandler@b121097{static,/static,jar:file:/home/runner/.m2/repository/org/apache/ozone/hdds-container-service/1.4.0-SNAPSHOT/hdds-container-service-1.4.0-SNAPSHOT.jar!/webapps/static,STOPPED}
2023-04-18 11:22:50,725 [Mini-Cluster-Provider-Reap] INFO  handler.ContextHandler (ContextHandler.java:doStop(1159)) - Stopped o.e.j.s.ServletContextHandler@251ad66b{logs,/logs,file:///home/runner/work/ozone/ozone/hadoop-ozone/integration-test/target/log,STOPPED}
2023-04-18 11:22:50,732 [ForkJoinPool.commonPool-worker-1] INFO  handler.ContextHandler (ContextHandler.java:doStop(1159)) - Stopped o.e.j.w.WebAppContext@5e5c3952{hddsDatanode,/,null,STOPPED}{jar:file:/home/runner/.m2/repository/org/apache/ozone/hdds-container-service/1.4.0-SNAPSHOT/hdds-container-service-1.4.0-SNAPSHOT.jar!/webapps/hddsDatanode}
2023-04-18 11:22:50,733 [ForkJoinPool.commonPool-worker-1] INFO  server.AbstractConnector (AbstractConnector.java:doStop(383)) - Stopped ServerConnector@3ba1d618{HTTP/1.1, (http/1.1)}{0.0.0.0:0}
2023-04-18 11:22:50,733 [ForkJoinPool.commonPool-worker-1] INFO  server.session (HouseKeeper.java:stopScavenging(149)) - node0 Stopped scavenging
2023-04-18 11:22:50,733 [ForkJoinPool.commonPool-worker-1] INFO  handler.ContextHandler (ContextHandler.java:doStop(1159)) - Stopped o.e.j.s.ServletContextHandler@29a0b5f5{static,/static,jar:file:/home/runner/.m2/repository/org/apache/ozone/hdds-container-service/1.4.0-SNAPSHOT/hdds-container-service-1.4.0-SNAPSHOT.jar!/webapps/static,STOPPED}
2023-04-18 11:22:50,733 [ForkJoinPool.commonPool-worker-1] INFO  handler.ContextHandler (ContextHandler.java:doStop(1159)) - Stopped o.e.j.s.ServletContextHandler@7f61ceab{logs,/logs,file:///home/runner/work/ozone/ozone/hadoop-ozone/integration-test/target/log,STOPPED}
2023-04-18 11:22:50,747 [Mini-Cluster-Provider-Reap] INFO  ozoneimpl.OzoneContainer (OzoneContainer.java:stop(419)) - Attempting to stop container services.
2023-04-18 11:22:50,779 [ForkJoinPool.commonPool-worker-1] INFO  ozoneimpl.OzoneContainer (OzoneContainer.java:stop(419)) - Attempting to stop container services.
2023-04-18 11:22:50,788 [ForkJoinPool.commonPool-worker-1] INFO  server.RaftServer (RaftServerProxy.java:lambda$close$6(409)) - 3cde1de5-1a5f-4fe2-84a5-4d139cb24208: close
2023-04-18 11:22:50,788 [Mini-Cluster-Provider-Reap] INFO  server.RaftServer (RaftServerProxy.java:lambda$close$6(409)) - cf8b561e-9e41-4bd3-90de-b9cd5490d501: close
2023-04-18 11:22:50,789 [cf8b561e-9e41-4bd3-90de-b9cd5490d501-impl-thread2] INFO  server.RaftServer$Division (RaftServerImpl.java:lambda$close$4(458)) - cf8b561e-9e41-4bd3-90de-b9cd5490d501@group-8B8DC36F67A7: shutdown
2023-04-18 11:22:50,789 [cf8b561e-9e41-4bd3-90de-b9cd5490d501-impl-thread2] INFO  util.JmxRegister (JmxRegister.java:unregister(73)) - Successfully un-registered JMX Bean with object name Ratis:service=RaftServer,group=group-8B8DC36F67A7,id=cf8b561e-9e41-4bd3-90de-b9cd5490d501
2023-04-18 11:22:50,789 [cf8b561e-9e41-4bd3-90de-b9cd5490d501-impl-thread2] INFO  impl.RoleInfo (RoleInfo.java:shutdownLeaderState(93)) - cf8b561e-9e41-4bd3-90de-b9cd5490d501: shutdown cf8b561e-9e41-4bd3-90de-b9cd5490d501@group-8B8DC36F67A7-LeaderStateImpl
2023-04-18 11:22:50,789 [cf8b561e-9e41-4bd3-90de-b9cd5490d501-impl-thread2] INFO  impl.PendingRequests (PendingRequests.java:sendNotLeaderResponses(282)) - cf8b561e-9e41-4bd3-90de-b9cd5490d501@group-8B8DC36F67A7-PendingRequests: sendNotLeaderResponses
2023-04-18 11:22:50,790 [cf8b561e-9e41-4bd3-90de-b9cd5490d501-impl-thread2] INFO  impl.StateMachineUpdater (StateMachineUpdater.java:stopAndJoin(153)) - cf8b561e-9e41-4bd3-90de-b9cd5490d501@group-8B8DC36F67A7-StateMachineUpdater: set stopIndex = 0
2023-04-18 11:22:50,790 [Mini-Cluster-Provider-Reap] INFO  server.GrpcService (GrpcService.java:closeImpl(271)) - cf8b561e-9e41-4bd3-90de-b9cd5490d501: shutdown server GrpcServerProtocolService now
2023-04-18 11:22:50,801 [Mini-Cluster-Provider-Reap] INFO  server.GrpcServerProtocolClient (GrpcServerProtocolClient.java:close(101)) - a5634e25-af16-4753-8f18-352d6216d1aa Close channels
2023-04-18 11:22:50,807 [EventQueue-StaleNodeForStaleNodeHandler] INFO  node.StaleNodeHandler (StaleNodeHandler.java:onMessage(59)) - Datanode b70b393f-0df3-4302-81e5-4dc6a6d9b70c(fv-az570-656.srgqcr2moziuvm0qev4lajleyh.dx.internal.cloudapp.net/10.1.0.33) moved to stale state. Finalizing its pipelines [PipelineID=1be95070-cc85-4261-abeb-3ebb8e36d1aa, PipelineID=a74d4f76-520f-46e2-a465-4cc9ce17c4a5]
2023-04-18 11:22:50,807 [EventQueue-StaleNodeForStaleNodeHandler] INFO  pipeline.PipelineManagerImpl (PipelineManagerImpl.java:closeContainersForPipeline(421)) - Container #4 closed for pipeline=PipelineID=1be95070-cc85-4261-abeb-3ebb8e36d1aa
2023-04-18 11:22:50,808 [EventQueue-StaleNodeForStaleNodeHandler] INFO  pipeline.PipelineManagerImpl (PipelineManagerImpl.java:closeContainersForPipeline(421)) - Container #5 closed for pipeline=PipelineID=1be95070-cc85-4261-abeb-3ebb8e36d1aa
2023-04-18 11:22:50,808 [EventQueue-StaleNodeForStaleNodeHandler] INFO  pipeline.PipelineManagerImpl (PipelineManagerImpl.java:closeContainersForPipeline(421)) - Container #6 closed for pipeline=PipelineID=1be95070-cc85-4261-abeb-3ebb8e36d1aa
2023-04-18 11:22:50,808 [EventQueue-StaleNodeForStaleNodeHandler] INFO  pipeline.PipelineManagerImpl (PipelineManagerImpl.java:closePipeline(442)) - Pipeline Pipeline[ Id: 1be95070-cc85-4261-abeb-3ebb8e36d1aa, Nodes: ffa08bb8-08ae-4adf-813c-f4421d2d52fd(fv-az570-656.srgqcr2moziuvm0qev4lajleyh.dx.internal.cloudapp.net/10.1.0.33)3cde1de5-1a5f-4fe2-84a5-4d139cb24208(fv-az570-656.srgqcr2moziuvm0qev4lajleyh.dx.internal.cloudapp.net/10.1.0.33)b70b393f-0df3-4302-81e5-4dc6a6d9b70c(fv-az570-656.srgqcr2moziuvm0qev4lajleyh.dx.internal.cloudapp.net/10.1.0.33), ReplicationConfig: RATIS/THREE, State:OPEN, leaderId:b70b393f-0df3-4302-81e5-4dc6a6d9b70c, CreationTimestamp2023-04-18T11:21:20.774Z[Etc/UTC]] moved to CLOSED state
2023-04-18 11:22:50,808 [EventQueue-StaleNodeForStaleNodeHandler] INFO  pipeline.PipelineManagerImpl (PipelineManagerImpl.java:closePipeline(442)) - Pipeline Pipeline[ Id: a74d4f76-520f-46e2-a465-4cc9ce17c4a5, Nodes: b70b393f-0df3-4302-81e5-4dc6a6d9b70c(fv-az570-656.srgqcr2moziuvm0qev4lajleyh.dx.internal.cloudapp.net/10.1.0.33), ReplicationConfig: RATIS/ONE, State:OPEN, leaderId:b70b393f-0df3-4302-81e5-4dc6a6d9b70c, CreationTimestamp2023-04-18T11:21:20.264Z[Etc/UTC]] moved to CLOSED state
2023-04-18 11:22:50,809 [Mini-Cluster-Provider-Reap] INFO  server.GrpcServerProtocolClient (GrpcServerProtocolClient.java:close(101)) - c5b644a3-d162-45a9-bab1-b823400058bf Close channels
2023-04-18 11:22:50,809 [Mini-Cluster-Provider-Reap] INFO  server.GrpcServerProtocolClient (GrpcServerProtocolClient.java:close(101)) - d34d49ea-26ea-4334-b60b-9f251714ec54 Close channels
2023-04-18 11:22:50,809 [Mini-Cluster-Provider-Reap] INFO  server.GrpcService (GrpcService.java:closeImpl(280)) - cf8b561e-9e41-4bd3-90de-b9cd5490d501: shutdown server GrpcServerProtocolService successfully
2023-04-18 11:22:50,809 [cf8b561e-9e41-4bd3-90de-b9cd5490d501-NettyServerStreamRpc-bossGroup--thread1] INFO  logging.LoggingHandler (AbstractInternalLogger.java:log(148)) - [id: 0xfb0e7c7d, L:/0:0:0:0:0:0:0:0:36349] CLOSE
2023-04-18 11:22:50,810 [cf8b561e-9e41-4bd3-90de-b9cd5490d501-NettyServerStreamRpc-bossGroup--thread1] INFO  logging.LoggingHandler (AbstractInternalLogger.java:log(148)) - [id: 0xfb0e7c7d, L:/0:0:0:0:0:0:0:0:36349] INACTIVE
2023-04-18 11:22:50,810 [cf8b561e-9e41-4bd3-90de-b9cd5490d501-NettyServerStreamRpc-bossGroup--thread1] INFO  logging.LoggingHandler (AbstractInternalLogger.java:log(148)) - [id: 0xfb0e7c7d, L:/0:0:0:0:0:0:0:0:36349] UNREGISTERED
2023-04-18 11:22:50,810 [EventQueue-CloseContainerForCloseContainerEventHandler] INFO  container.CloseContainerEventHandler (CloseContainerEventHandler.java:onMessage(89)) - Close container Event triggered for container : #4, current state: CLOSING
2023-04-18 11:22:50,810 [EventQueue-CloseContainerForCloseContainerEventHandler] INFO  container.CloseContainerEventHandler (CloseContainerEventHandler.java:onMessage(89)) - Close container Event triggered for container : #5, current state: CLOSING
2023-04-18 11:22:50,810 [EventQueue-CloseContainerForCloseContainerEventHandler] INFO  container.CloseContainerEventHandler (CloseContainerEventHandler.java:onMessage(89)) - Close container Event triggered for container : #6, current state: CLOSING
2023-04-18 11:22:50,854 [cf8b561e-9e41-4bd3-90de-b9cd5490d501-impl-thread3] INFO  server.RaftServer$Division (RaftServerImpl.java:lambda$close$4(458)) - cf8b561e-9e41-4bd3-90de-b9cd5490d501@group-D6A33BDA550B: shutdown
2023-04-18 11:22:50,855 [cf8b561e-9e41-4bd3-90de-b9cd5490d501-impl-thread3] INFO  util.JmxRegister (JmxRegister.java:unregister(73)) - Successfully un-registered JMX Bean with object name Ratis:service=RaftServer,group=group-D6A33BDA550B,id=cf8b561e-9e41-4bd3-90de-b9cd5490d501
2023-04-18 11:22:50,855 [cf8b561e-9e41-4bd3-90de-b9cd5490d501-impl-thread3] INFO  impl.RoleInfo (RoleInfo.java:shutdownFollowerState(110)) - cf8b561e-9e41-4bd3-90de-b9cd5490d501: shutdown cf8b561e-9e41-4bd3-90de-b9cd5490d501@group-D6A33BDA550B-FollowerState
2023-04-18 11:22:50,855 [cf8b561e-9e41-4bd3-90de-b9cd5490d501-impl-thread3] INFO  impl.StateMachineUpdater (StateMachineUpdater.java:stopAndJoin(153)) - cf8b561e-9e41-4bd3-90de-b9cd5490d501@group-D6A33BDA550B-StateMachineUpdater: set stopIndex = 0
2023-04-18 11:22:50,855 [cf8b561e-9e41-4bd3-90de-b9cd5490d501@group-D6A33BDA550B-FollowerState] INFO  impl.FollowerState (FollowerState.java:run(152)) - cf8b561e-9e41-4bd3-90de-b9cd5490d501@group-D6A33BDA550B-FollowerState was interrupted
2023-04-18 11:22:50,856 [cf8b561e-9e41-4bd3-90de-b9cd5490d501@group-D6A33BDA550B-StateMachineUpdater] INFO  ratis.ContainerStateMachine (ContainerStateMachine.java:takeSnapshot(330)) - group-D6A33BDA550B: Taking a snapshot at:(t:1, i:0) file /home/runner/work/ozone/ozone/hadoop-ozone/integration-test/target/test-dir/MiniOzoneClusterImpl-a0ab8c4d-1654-40c9-b0d8-9193cd592234/datanode-3/data/ratis/a26902d6-3b03-4c2e-9347-d6a33bda550b/sm/snapshot.1_0
2023-04-18 11:22:50,856 [cf8b561e-9e41-4bd3-90de-b9cd5490d501@group-8B8DC36F67A7-StateMachineUpdater] INFO  ratis.ContainerStateMachine (ContainerStateMachine.java:takeSnapshot(330)) - group-8B8DC36F67A7: Taking a snapshot at:(t:1, i:0) file /home/runner/work/ozone/ozone/hadoop-ozone/integration-test/target/test-dir/MiniOzoneClusterImpl-a0ab8c4d-1654-40c9-b0d8-9193cd592234/datanode-3/data/ratis/d622e0a2-c61a-485a-8a33-8b8dc36f67a7/sm/snapshot.1_0
2023-04-18 11:22:50,857 [cf8b561e-9e41-4bd3-90de-b9cd5490d501@group-D6A33BDA550B-StateMachineUpdater] INFO  ratis.ContainerStateMachine (ContainerStateMachine.java:takeSnapshot(341)) - group-D6A33BDA550B: Finished taking a snapshot at:(t:1, i:0) file:/home/runner/work/ozone/ozone/hadoop-ozone/integration-test/target/test-dir/MiniOzoneClusterImpl-a0ab8c4d-1654-40c9-b0d8-9193cd592234/datanode-3/data/ratis/a26902d6-3b03-4c2e-9347-d6a33bda550b/sm/snapshot.1_0 took: 2 ms
2023-04-18 11:22:50,857 [cf8b561e-9e41-4bd3-90de-b9cd5490d501@group-8B8DC36F67A7-StateMachineUpdater] INFO  ratis.ContainerStateMachine (ContainerStateMachine.java:takeSnapshot(341)) - group-8B8DC36F67A7: Finished taking a snapshot at:(t:1, i:0) file:/home/runner/work/ozone/ozone/hadoop-ozone/integration-test/target/test-dir/MiniOzoneClusterImpl-a0ab8c4d-1654-40c9-b0d8-9193cd592234/datanode-3/data/ratis/d622e0a2-c61a-485a-8a33-8b8dc36f67a7/sm/snapshot.1_0 took: 1 ms
2023-04-18 11:22:50,857 [cf8b561e-9e41-4bd3-90de-b9cd5490d501@group-D6A33BDA550B-StateMachineUpdater] INFO  impl.StateMachineUpdater (StateMachineUpdater.java:takeSnapshot(287)) - cf8b561e-9e41-4bd3-90de-b9cd5490d501@group-D6A33BDA550B-StateMachineUpdater: Took a snapshot at index 0
2023-04-18 11:22:50,857 [cf8b561e-9e41-4bd3-90de-b9cd5490d501@group-D6A33BDA550B-StateMachineUpdater] INFO  impl.StateMachineUpdater (StateMachineUpdater.java:lambda$new$0(92)) - cf8b561e-9e41-4bd3-90de-b9cd5490d501@group-D6A33BDA550B-StateMachineUpdater: snapshotIndex: updateIncreasingly -1 -> 0
2023-04-18 11:22:50,857 [cf8b561e-9e41-4bd3-90de-b9cd5490d501@group-8B8DC36F67A7-StateMachineUpdater] INFO  impl.StateMachineUpdater (StateMachineUpdater.java:takeSnapshot(287)) - cf8b561e-9e41-4bd3-90de-b9cd5490d501@group-8B8DC36F67A7-StateMachineUpdater: Took a snapshot at index 0
2023-04-18 11:22:50,857 [cf8b561e-9e41-4bd3-90de-b9cd5490d501@group-8B8DC36F67A7-StateMachineUpdater] INFO  impl.StateMachineUpdater (StateMachineUpdater.java:lambda$new$0(92)) - cf8b561e-9e41-4bd3-90de-b9cd5490d501@group-8B8DC36F67A7-StateMachineUpdater: snapshotIndex: updateIncreasingly -1 -> 0
2023-04-18 11:22:50,857 [cf8b561e-9e41-4bd3-90de-b9cd5490d501-impl-thread2] INFO  server.RaftServer$Division (ServerState.java:close(466)) - cf8b561e-9e41-4bd3-90de-b9cd5490d501@group-8B8DC36F67A7: closes. applyIndex: 0
2023-04-18 11:22:50,858 [cf8b561e-9e41-4bd3-90de-b9cd5490d501-impl-thread3] INFO  server.RaftServer$Division (ServerState.java:close(466)) - cf8b561e-9e41-4bd3-90de-b9cd5490d501@group-D6A33BDA550B: closes. applyIndex: 0
2023-04-18 11:22:50,872 [3cde1de5-1a5f-4fe2-84a5-4d139cb24208-impl-thread2] INFO  server.RaftServer$Division (RaftServerImpl.java:lambda$close$4(458)) - 3cde1de5-1a5f-4fe2-84a5-4d139cb24208@group-3EBB8E36D1AA: shutdown
2023-04-18 11:22:50,872 [3cde1de5-1a5f-4fe2-84a5-4d139cb24208-impl-thread2] INFO  util.JmxRegister (JmxRegister.java:unregister(73)) - Successfully un-registered JMX Bean with object name Ratis:service=RaftServer,group=group-3EBB8E36D1AA,id=3cde1de5-1a5f-4fe2-84a5-4d139cb24208
2023-04-18 11:22:50,872 [3cde1de5-1a5f-4fe2-84a5-4d139cb24208-impl-thread2] INFO  impl.RoleInfo (RoleInfo.java:shutdownFollowerState(110)) - 3cde1de5-1a5f-4fe2-84a5-4d139cb24208: shutdown 3cde1de5-1a5f-4fe2-84a5-4d139cb24208@group-3EBB8E36D1AA-FollowerState
2023-04-18 11:22:50,872 [ForkJoinPool.commonPool-worker-1] INFO  server.GrpcService (GrpcService.java:closeImpl(271)) - 3cde1de5-1a5f-4fe2-84a5-4d139cb24208: shutdown server GrpcServerProtocolService now
2023-04-18 11:22:50,873 [cf8b561e-9e41-4bd3-90de-b9cd5490d501@group-D6A33BDA550B-SegmentedRaftLogWorker] INFO  segmented.SegmentedRaftLogWorker (SegmentedRaftLogWorker.java:run(347)) - cf8b561e-9e41-4bd3-90de-b9cd5490d501@group-D6A33BDA550B-SegmentedRaftLogWorker was interrupted, exiting. There are 0 tasks remaining in the queue.
2023-04-18 11:22:50,873 [cf8b561e-9e41-4bd3-90de-b9cd5490d501@group-8B8DC36F67A7-SegmentedRaftLogWorker] INFO  segmented.SegmentedRaftLogWorker (SegmentedRaftLogWorker.java:run(347)) - cf8b561e-9e41-4bd3-90de-b9cd5490d501@group-8B8DC36F67A7-SegmentedRaftLogWorker was interrupted, exiting. There are 0 tasks remaining in the queue.
2023-04-18 11:22:50,875 [cf8b561e-9e41-4bd3-90de-b9cd5490d501-impl-thread3] INFO  segmented.SegmentedRaftLogWorker (SegmentedRaftLogWorker.java:close(257)) - cf8b561e-9e41-4bd3-90de-b9cd5490d501@group-D6A33BDA550B-SegmentedRaftLogWorker close()
2023-04-18 11:22:50,880 [3cde1de5-1a5f-4fe2-84a5-4d139cb24208-impl-thread2] INFO  impl.StateMachineUpdater (StateMachineUpdater.java:stopAndJoin(153)) - 3cde1de5-1a5f-4fe2-84a5-4d139cb24208@group-3EBB8E36D1AA-StateMachineUpdater: set stopIndex = 31
2023-04-18 11:22:50,880 [3cde1de5-1a5f-4fe2-84a5-4d139cb24208@group-3EBB8E36D1AA-FollowerState] INFO  impl.FollowerState (FollowerState.java:run(152)) - 3cde1de5-1a5f-4fe2-84a5-4d139cb24208@group-3EBB8E36D1AA-FollowerState was interrupted
2023-04-18 11:22:50,880 [3cde1de5-1a5f-4fe2-84a5-4d139cb24208@group-3EBB8E36D1AA-StateMachineUpdater] INFO  ratis.ContainerStateMachine (ContainerStateMachine.java:takeSnapshot(330)) - group-3EBB8E36D1AA: Taking a snapshot at:(t:1, i:31) file /home/runner/work/ozone/ozone/hadoop-ozone/integration-test/target/test-dir/MiniOzoneClusterImpl-a0ab8c4d-1654-40c9-b0d8-9193cd592234/datanode-2/data/ratis/1be95070-cc85-4261-abeb-3ebb8e36d1aa/sm/snapshot.1_31
2023-04-18 11:22:50,881 [cf8b561e-9e41-4bd3-90de-b9cd5490d501-impl-thread2] INFO  segmented.SegmentedRaftLogWorker (SegmentedRaftLogWorker.java:close(257)) - cf8b561e-9e41-4bd3-90de-b9cd5490d501@group-8B8DC36F67A7-SegmentedRaftLogWorker close()
2023-04-18 11:22:50,882 [JvmPauseMonitor20] INFO  util.JvmPauseMonitor (JvmPauseMonitor.java:run(111)) - JvmPauseMonitor-cf8b561e-9e41-4bd3-90de-b9cd5490d501: Stopped
2023-04-18 11:22:50,883 [3cde1de5-1a5f-4fe2-84a5-4d139cb24208-impl-thread3] INFO  server.RaftServer$Division (RaftServerImpl.java:lambda$close$4(458)) - 3cde1de5-1a5f-4fe2-84a5-4d139cb24208@group-3E0DED4552EA: shutdown
2023-04-18 11:22:50,883 [3cde1de5-1a5f-4fe2-84a5-4d139cb24208-impl-thread3] INFO  util.JmxRegister (JmxRegister.java:unregister(73)) - Successfully un-registered JMX Bean with object name Ratis:service=RaftServer,group=group-3E0DED4552EA,id=3cde1de5-1a5f-4fe2-84a5-4d139cb24208
2023-04-18 11:22:50,883 [3cde1de5-1a5f-4fe2-84a5-4d139cb24208-impl-thread3] INFO  impl.RoleInfo (RoleInfo.java:shutdownLeaderState(93)) - 3cde1de5-1a5f-4fe2-84a5-4d139cb24208: shutdown 3cde1de5-1a5f-4fe2-84a5-4d139cb24208@group-3E0DED4552EA-LeaderStateImpl
2023-04-18 11:22:50,883 [3cde1de5-1a5f-4fe2-84a5-4d139cb24208-impl-thread3] INFO  impl.PendingRequests (PendingRequests.java:sendNotLeaderResponses(282)) - 3cde1de5-1a5f-4fe2-84a5-4d139cb24208@group-3E0DED4552EA-PendingRequests: sendNotLeaderResponses
2023-04-18 11:22:50,884 [3cde1de5-1a5f-4fe2-84a5-4d139cb24208-impl-thread3] INFO  impl.StateMachineUpdater (StateMachineUpdater.java:stopAndJoin(153)) - 3cde1de5-1a5f-4fe2-84a5-4d139cb24208@group-3E0DED4552EA-StateMachineUpdater: set stopIndex = 0
2023-04-18 11:22:50,884 [3cde1de5-1a5f-4fe2-84a5-4d139cb24208@group-3E0DED4552EA-StateMachineUpdater] INFO  ratis.ContainerStateMachine (ContainerStateMachine.java:takeSnapshot(330)) - group-3E0DED4552EA: Taking a snapshot at:(t:1, i:0) file /home/runner/work/ozone/ozone/hadoop-ozone/integration-test/target/test-dir/MiniOzoneClusterImpl-a0ab8c4d-1654-40c9-b0d8-9193cd592234/datanode-2/data/ratis/f2818808-f355-4bad-9fe2-3e0ded4552ea/sm/snapshot.1_0
2023-04-18 11:22:50,905 [3cde1de5-1a5f-4fe2-84a5-4d139cb24208@group-3EBB8E36D1AA-StateMachineUpdater] INFO  ratis.ContainerStateMachine (ContainerStateMachine.java:takeSnapshot(341)) - group-3EBB8E36D1AA: Finished taking a snapshot at:(t:1, i:31) file:/home/runner/work/ozone/ozone/hadoop-ozone/integration-test/target/test-dir/MiniOzoneClusterImpl-a0ab8c4d-1654-40c9-b0d8-9193cd592234/datanode-2/data/ratis/1be95070-cc85-4261-abeb-3ebb8e36d1aa/sm/snapshot.1_31 took: 24 ms
2023-04-18 11:22:50,905 [3cde1de5-1a5f-4fe2-84a5-4d139cb24208@group-3EBB8E36D1AA-StateMachineUpdater] INFO  impl.StateMachineUpdater (StateMachineUpdater.java:takeSnapshot(287)) - 3cde1de5-1a5f-4fe2-84a5-4d139cb24208@group-3EBB8E36D1AA-StateMachineUpdater: Took a snapshot at index 31
2023-04-18 11:22:50,905 [3cde1de5-1a5f-4fe2-84a5-4d139cb24208@group-3EBB8E36D1AA-StateMachineUpdater] INFO  impl.StateMachineUpdater (StateMachineUpdater.java:lambda$new$0(92)) - 3cde1de5-1a5f-4fe2-84a5-4d139cb24208@group-3EBB8E36D1AA-StateMachineUpdater: snapshotIndex: updateIncreasingly -1 -> 31
2023-04-18 11:22:50,905 [ForkJoinPool.commonPool-worker-1] INFO  server.GrpcService (GrpcService.java:closeImpl(280)) - 3cde1de5-1a5f-4fe2-84a5-4d139cb24208: shutdown server GrpcServerProtocolService successfully
2023-04-18 11:22:50,906 [3cde1de5-1a5f-4fe2-84a5-4d139cb24208-NettyServerStreamRpc-bossGroup--thread1] INFO  logging.LoggingHandler (AbstractInternalLogger.java:log(148)) - [id: 0x7e048fc0, L:/0:0:0:0:0:0:0:0:45837] CLOSE
2023-04-18 11:22:50,906 [3cde1de5-1a5f-4fe2-84a5-4d139cb24208-NettyServerStreamRpc-bossGroup--thread1] INFO  logging.LoggingHandler (AbstractInternalLogger.java:log(148)) - [id: 0x7e048fc0, L:/0:0:0:0:0:0:0:0:45837] INACTIVE
2023-04-18 11:22:50,906 [3cde1de5-1a5f-4fe2-84a5-4d139cb24208-NettyServerStreamRpc-bossGroup--thread1] INFO  logging.LoggingHandler (AbstractInternalLogger.java:log(148)) - [id: 0x7e048fc0, L:/0:0:0:0:0:0:0:0:45837] UNREGISTERED
2023-04-18 11:22:50,907 [3cde1de5-1a5f-4fe2-84a5-4d139cb24208@group-3E0DED4552EA-StateMachineUpdater] INFO  ratis.ContainerStateMachine (ContainerStateMachine.java:takeSnapshot(341)) - group-3E0DED4552EA: Finished taking a snapshot at:(t:1, i:0) file:/home/runner/work/ozone/ozone/hadoop-ozone/integration-test/target/test-dir/MiniOzoneClusterImpl-a0ab8c4d-1654-40c9-b0d8-9193cd592234/datanode-2/data/ratis/f2818808-f355-4bad-9fe2-3e0ded4552ea/sm/snapshot.1_0 took: 23 ms
2023-04-18 11:22:50,907 [3cde1de5-1a5f-4fe2-84a5-4d139cb24208@group-3E0DED4552EA-StateMachineUpdater] INFO  impl.StateMachineUpdater (StateMachineUpdater.java:takeSnapshot(287)) - 3cde1de5-1a5f-4fe2-84a5-4d139cb24208@group-3E0DED4552EA-StateMachineUpdater: Took a snapshot at index 0
2023-04-18 11:22:50,907 [3cde1de5-1a5f-4fe2-84a5-4d139cb24208@group-3E0DED4552EA-StateMachineUpdater] INFO  impl.StateMachineUpdater (StateMachineUpdater.java:lambda$new$0(92)) - 3cde1de5-1a5f-4fe2-84a5-4d139cb24208@group-3E0DED4552EA-StateMachineUpdater: snapshotIndex: updateIncreasingly -1 -> 0
2023-04-18 11:22:50,907 [3cde1de5-1a5f-4fe2-84a5-4d139cb24208-impl-thread3] INFO  server.RaftServer$Division (ServerState.java:close(466)) - 3cde1de5-1a5f-4fe2-84a5-4d139cb24208@group-3E0DED4552EA: closes. applyIndex: 0
2023-04-18 11:22:50,910 [3cde1de5-1a5f-4fe2-84a5-4d139cb24208@group-3E0DED4552EA-SegmentedRaftLogWorker] INFO  segmented.SegmentedRaftLogWorker (SegmentedRaftLogWorker.java:run(347)) - 3cde1de5-1a5f-4fe2-84a5-4d139cb24208@group-3E0DED4552EA-SegmentedRaftLogWorker was interrupted, exiting. There are 0 tasks remaining in the queue.
2023-04-18 11:22:50,911 [3cde1de5-1a5f-4fe2-84a5-4d139cb24208-impl-thread2] INFO  server.RaftServer$Division (ServerState.java:close(466)) - 3cde1de5-1a5f-4fe2-84a5-4d139cb24208@group-3EBB8E36D1AA: closes. applyIndex: 31
2023-04-18 11:22:50,911 [3cde1de5-1a5f-4fe2-84a5-4d139cb24208@group-3EBB8E36D1AA-SegmentedRaftLogWorker] INFO  segmented.SegmentedRaftLogWorker (SegmentedRaftLogWorker.java:run(347)) - 3cde1de5-1a5f-4fe2-84a5-4d139cb24208@group-3EBB8E36D1AA-SegmentedRaftLogWorker was interrupted, exiting. There are 0 tasks remaining in the queue.
2023-04-18 11:22:50,911 [3cde1de5-1a5f-4fe2-84a5-4d139cb24208-impl-thread3] INFO  segmented.SegmentedRaftLogWorker (SegmentedRaftLogWorker.java:close(257)) - 3cde1de5-1a5f-4fe2-84a5-4d139cb24208@group-3E0DED4552EA-SegmentedRaftLogWorker close()
2023-04-18 11:22:50,911 [3cde1de5-1a5f-4fe2-84a5-4d139cb24208-impl-thread2] INFO  segmented.SegmentedRaftLogWorker (SegmentedRaftLogWorker.java:close(257)) - 3cde1de5-1a5f-4fe2-84a5-4d139cb24208@group-3EBB8E36D1AA-SegmentedRaftLogWorker close()
2023-04-18 11:22:50,918 [JvmPauseMonitor19] INFO  util.JvmPauseMonitor (JvmPauseMonitor.java:run(111)) - JvmPauseMonitor-3cde1de5-1a5f-4fe2-84a5-4d139cb24208: Stopped
2023-04-18 11:22:51,011 [IPC Server handler 1 on default port 38291] INFO  pipeline.PipelineStateManagerImpl (PipelineStateManagerImpl.java:addPipeline(103)) - Created pipeline Pipeline[ Id: fdc14604-348f-47ea-8dc8-c2ba8ec19568, Nodes: 91a9907d-d256-4c6d-9d08-d72cf378ab76(fv-az570-656.srgqcr2moziuvm0qev4lajleyh.dx.internal.cloudapp.net/10.1.0.33)7144c85b-12c6-46a0-ab74-6e8d3cbaf13d(fv-az570-656.srgqcr2moziuvm0qev4lajleyh.dx.internal.cloudapp.net/10.1.0.33)feaef6f5-e782-45a9-b730-4c2e6cfb3b47(fv-az570-656.srgqcr2moziuvm0qev4lajleyh.dx.internal.cloudapp.net/10.1.0.33)38539a6a-e263-4753-9c37-44dbafee2108(fv-az570-656.srgqcr2moziuvm0qev4lajleyh.dx.internal.cloudapp.net/10.1.0.33)4dccae2a-c3f4-4810-8dc0-724213c437b9(fv-az570-656.srgqcr2moziuvm0qev4lajleyh.dx.internal.cloudapp.net/10.1.0.33), ReplicationConfig: EC{rs-3-2-1024k}, State:ALLOCATED, leaderId:, CreationTimestamp2023-04-18T11:22:51.011Z[Etc/UTC]].
2023-04-18 11:22:51,012 [IPC Server handler 1 on default port 38291] INFO  pipeline.PipelineManagerImpl (PipelineManagerImpl.java:openPipeline(367)) - Pipeline Pipeline[ Id: fdc14604-348f-47ea-8dc8-c2ba8ec19568, Nodes: 91a9907d-d256-4c6d-9d08-d72cf378ab76(fv-az570-656.srgqcr2moziuvm0qev4lajleyh.dx.internal.cloudapp.net/10.1.0.33)7144c85b-12c6-46a0-ab74-6e8d3cbaf13d(fv-az570-656.srgqcr2moziuvm0qev4lajleyh.dx.internal.cloudapp.net/10.1.0.33)feaef6f5-e782-45a9-b730-4c2e6cfb3b47(fv-az570-656.srgqcr2moziuvm0qev4lajleyh.dx.internal.cloudapp.net/10.1.0.33)38539a6a-e263-4753-9c37-44dbafee2108(fv-az570-656.srgqcr2moziuvm0qev4lajleyh.dx.internal.cloudapp.net/10.1.0.33)4dccae2a-c3f4-4810-8dc0-724213c437b9(fv-az570-656.srgqcr2moziuvm0qev4lajleyh.dx.internal.cloudapp.net/10.1.0.33), ReplicationConfig: EC{rs-3-2-1024k}, State:ALLOCATED, leaderId:, CreationTimestamp2023-04-18T11:22:51.011Z[Etc/UTC]] moved to OPEN state
2023-04-18 11:22:51,221 [ReplicationMonitor] INFO  replication.ReplicationManager (ReplicationManager.java:processAll(396)) - Replication Monitor Thread took 0 milliseconds for processing 0 containers.
2023-04-18 11:22:51,245 [Listener at 0.0.0.0/46785] INFO  reflections.Reflections (Reflections.java:scan(232)) - Reflections took 1179 ms to scan 19 urls, producing 68 keys and 5057 values [using 2 cores]
2023-04-18 11:22:51,246 [Listener at 0.0.0.0/46785] INFO  ipc.CallQueueManager (CallQueueManager.java:<init>(90)) - Using callQueue: class java.util.concurrent.LinkedBlockingQueue, queueCapacity: 2000, scheduler: class org.apache.hadoop.ipc.DefaultRpcScheduler, ipcBackoff: false.
2023-04-18 11:22:51,247 [Socket Reader #1 for port 0] INFO  ipc.Server (Server.java:run(1319)) - Starting Socket Reader #1 for port 0
2023-04-18 11:22:51,269 [IPC Server handler 2 on default port 38291] INFO  pipeline.PipelineStateManagerImpl (PipelineStateManagerImpl.java:addPipeline(103)) - Created pipeline Pipeline[ Id: 148b2c44-303e-45a3-ad09-0584a799d411, Nodes: 91a9907d-d256-4c6d-9d08-d72cf378ab76(fv-az570-656.srgqcr2moziuvm0qev4lajleyh.dx.internal.cloudapp.net/10.1.0.33)dc689b23-a50d-4e36-9bfa-30650ed5dd84(fv-az570-656.srgqcr2moziuvm0qev4lajleyh.dx.internal.cloudapp.net/10.1.0.33)38539a6a-e263-4753-9c37-44dbafee2108(fv-az570-656.srgqcr2moziuvm0qev4lajleyh.dx.internal.cloudapp.net/10.1.0.33)4dccae2a-c3f4-4810-8dc0-724213c437b9(fv-az570-656.srgqcr2moziuvm0qev4lajleyh.dx.internal.cloudapp.net/10.1.0.33)feaef6f5-e782-45a9-b730-4c2e6cfb3b47(fv-az570-656.srgqcr2moziuvm0qev4lajleyh.dx.internal.cloudapp.net/10.1.0.33), ReplicationConfig: EC{rs-3-2-1024k}, State:ALLOCATED, leaderId:, CreationTimestamp2023-04-18T11:22:51.268Z[Etc/UTC]].
2023-04-18 11:22:51,269 [IPC Server handler 2 on default port 38291] INFO  pipeline.PipelineManagerImpl (PipelineManagerImpl.java:openPipeline(367)) - Pipeline Pipeline[ Id: 148b2c44-303e-45a3-ad09-0584a799d411, Nodes: 91a9907d-d256-4c6d-9d08-d72cf378ab76(fv-az570-656.srgqcr2moziuvm0qev4lajleyh.dx.internal.cloudapp.net/10.1.0.33)dc689b23-a50d-4e36-9bfa-30650ed5dd84(fv-az570-656.srgqcr2moziuvm0qev4lajleyh.dx.internal.cloudapp.net/10.1.0.33)38539a6a-e263-4753-9c37-44dbafee2108(fv-az570-656.srgqcr2moziuvm0qev4lajleyh.dx.internal.cloudapp.net/10.1.0.33)4dccae2a-c3f4-4810-8dc0-724213c437b9(fv-az570-656.srgqcr2moziuvm0qev4lajleyh.dx.internal.cloudapp.net/10.1.0.33)feaef6f5-e782-45a9-b730-4c2e6cfb3b47(fv-az570-656.srgqcr2moziuvm0qev4lajleyh.dx.internal.cloudapp.net/10.1.0.33), ReplicationConfig: EC{rs-3-2-1024k}, State:ALLOCATED, leaderId:, CreationTimestamp2023-04-18T11:22:51.268Z[Etc/UTC]] moved to OPEN state
2023-04-18 11:22:51,297 [Listener at 127.0.0.1/37041] INFO  impl.MetricsSystemImpl (MetricsSystemImpl.java:init(158)) - OzoneManager metrics system started (again)
2023-04-18 11:22:51,348 [ReplicationMonitor] INFO  replication.ReplicationManager (ReplicationManager.java:processAll(396)) - Replication Monitor Thread took 0 milliseconds for processing 11 containers.
2023-04-18 11:22:51,357 [Listener at 127.0.0.1/37041] INFO  om.OzoneManager (OzoneManager.java:start(1563)) - OzoneManager RPC server is listening at localhost/127.0.0.1:37041
2023-04-18 11:22:51,358 [Listener at 127.0.0.1/37041] INFO  ratis.OzoneManagerRatisServer (OzoneManagerRatisServer.java:start(558)) - Starting OzoneManagerRatisServer om1 at port 39535
2023-04-18 11:22:51,364 [om1-impl-thread1] INFO  storage.RaftStorageDirectory (RaftStorageDirectoryImpl.java:analyzeStorage(137)) - The storage directory /home/runner/work/ozone/ozone/hadoop-ozone/integration-test/target/test-dir/MiniOzoneClusterImpl-c674532b-0fb0-44c5-9ca4-f83b29d9fdfa/ozone-meta/ratis/bf265839-605b-3f16-9796-c5ba1605619e does not exist. Creating ...
2023-04-18 11:22:51,366 [om1-impl-thread1] INFO  storage.RaftStorageDirectory (RaftStorageDirectoryImpl.java:tryLock(231)) - Lock on /home/runner/work/ozone/ozone/hadoop-ozone/integration-test/target/test-dir/MiniOzoneClusterImpl-c674532b-0fb0-44c5-9ca4-f83b29d9fdfa/ozone-meta/ratis/bf265839-605b-3f16-9796-c5ba1605619e/in_use.lock acquired by nodename 82892@fv-az570-656
2023-04-18 11:22:51,375 [ReplicationMonitor] INFO  replication.LegacyReplicationManager (LegacyReplicationManager.java:sendCloseCommand(1403)) - Sending close container command for container #4 to datanode b70b393f-0df3-4302-81e5-4dc6a6d9b70c(fv-az570-656.srgqcr2moziuvm0qev4lajleyh.dx.internal.cloudapp.net/10.1.0.33).
2023-04-18 11:22:51,376 [ReplicationMonitor] INFO  replication.LegacyReplicationManager (LegacyReplicationManager.java:sendCloseCommand(1403)) - Sending close container command for container #4 to datanode ffa08bb8-08ae-4adf-813c-f4421d2d52fd(fv-az570-656.srgqcr2moziuvm0qev4lajleyh.dx.internal.cloudapp.net/10.1.0.33).
2023-04-18 11:22:51,376 [ReplicationMonitor] INFO  replication.LegacyReplicationManager (LegacyReplicationManager.java:sendCloseCommand(1403)) - Sending close container command for container #4 to datanode 3cde1de5-1a5f-4fe2-84a5-4d139cb24208(fv-az570-656.srgqcr2moziuvm0qev4lajleyh.dx.internal.cloudapp.net/10.1.0.33).
2023-04-18 11:22:51,376 [ReplicationMonitor] INFO  replication.LegacyReplicationManager (LegacyReplicationManager.java:sendCloseCommand(1403)) - Sending close container command for container #5 to datanode 3cde1de5-1a5f-4fe2-84a5-4d139cb24208(fv-az570-656.srgqcr2moziuvm0qev4lajleyh.dx.internal.cloudapp.net/10.1.0.33).
2023-04-18 11:22:51,376 [ReplicationMonitor] INFO  replication.LegacyReplicationManager (LegacyReplicationManager.java:sendCloseCommand(1403)) - Sending close container command for container #5 to datanode b70b393f-0df3-4302-81e5-4dc6a6d9b70c(fv-az570-656.srgqcr2moziuvm0qev4lajleyh.dx.internal.cloudapp.net/10.1.0.33).
2023-04-18 11:22:51,376 [ReplicationMonitor] INFO  replication.LegacyReplicationManager (LegacyReplicationManager.java:sendCloseCommand(1403)) - Sending close container command for container #5 to datanode ffa08bb8-08ae-4adf-813c-f4421d2d52fd(fv-az570-656.srgqcr2moziuvm0qev4lajleyh.dx.internal.cloudapp.net/10.1.0.33).
2023-04-18 11:22:51,376 [ReplicationMonitor] INFO  replication.LegacyReplicationManager (LegacyReplicationManager.java:sendCloseCommand(1403)) - Sending close container command for container #6 to datanode ffa08bb8-08ae-4adf-813c-f4421d2d52fd(fv-az570-656.srgqcr2moziuvm0qev4lajleyh.dx.internal.cloudapp.net/10.1.0.33).
2023-04-18 11:22:51,376 [ReplicationMonitor] INFO  replication.LegacyReplicationManager (LegacyReplicationManager.java:sendCloseCommand(1403)) - Sending close container command for container #6 to datanode b70b393f-0df3-4302-81e5-4dc6a6d9b70c(fv-az570-656.srgqcr2moziuvm0qev4lajleyh.dx.internal.cloudapp.net/10.1.0.33).
2023-04-18 11:22:51,376 [ReplicationMonitor] INFO  replication.LegacyReplicationManager (LegacyReplicationManager.java:sendCloseCommand(1403)) - Sending close container command for container #6 to datanode 3cde1de5-1a5f-4fe2-84a5-4d139cb24208(fv-az570-656.srgqcr2moziuvm0qev4lajleyh.dx.internal.cloudapp.net/10.1.0.33).
2023-04-18 11:22:51,376 [ReplicationMonitor] INFO  replication.ReplicationManager (ReplicationManager.java:processAll(396)) - Replication Monitor Thread took 1 milliseconds for processing 6 containers.
2023-04-18 11:22:51,379 [om1-impl-thread1] INFO  storage.RaftStorage (RaftStorageImpl.java:format(96)) - Storage directory /home/runner/work/ozone/ozone/hadoop-ozone/integration-test/target/test-dir/MiniOzoneClusterImpl-c674532b-0fb0-44c5-9ca4-f83b29d9fdfa/ozone-meta/ratis/bf265839-605b-3f16-9796-c5ba1605619e has been successfully formatted.
2023-04-18 11:22:51,380 [om1-impl-thread1] INFO  server.RaftServerConfigKeys (ConfUtils.java:logGet(46)) - raft.server.log.use.memory = false (default)
2023-04-18 11:22:51,380 [om1-impl-thread1] INFO  server.RaftServerConfigKeys (ConfUtils.java:logGet(46)) - raft.server.log.purge.gap = 1000000 (custom)
2023-04-18 11:22:51,380 [om1-impl-thread1] INFO  server.RaftServerConfigKeys (ConfUtils.java:logGet(46)) - raft.server.log.appender.buffer.byte-limit = 33554432 (custom)
2023-04-18 11:22:51,380 [om1-impl-thread1] INFO  server.RaftServerConfigKeys (ConfUtils.java:logGet(46)) - raft.server.log.statemachine.data.read.timeout = 1000ms (default)
2023-04-18 11:22:51,380 [om1-impl-thread1] INFO  server.RaftServerConfigKeys (ConfUtils.java:logGet(46)) - raft.server.log.purge.preservation.log.num = 0 (default)
2023-04-18 11:22:51,380 [om1-impl-thread1] INFO  server.RaftServerConfigKeys (ConfUtils.java:logGet(46)) - raft.server.log.segment.size.max = 4194304 (custom)
2023-04-18 11:22:51,381 [om1-impl-thread1] INFO  server.RaftServerConfigKeys (ConfUtils.java:logGet(46)) - raft.server.log.segment.cache.num.max = 2 (custom)
2023-04-18 11:22:51,381 [om1-impl-thread1] INFO  server.RaftServerConfigKeys (ConfUtils.java:logGet(46)) - raft.server.log.segment.cache.size.max = 200MB (=209715200) (default)
2023-04-18 11:22:51,381 [om1-impl-thread1] INFO  segmented.SegmentedRaftLogWorker (SegmentedRaftLogWorker.java:<init>(189)) - new om1@group-C5BA1605619E-SegmentedRaftLogWorker for RaftStorageImpl:Storage Directory /home/runner/work/ozone/ozone/hadoop-ozone/integration-test/target/test-dir/MiniOzoneClusterImpl-c674532b-0fb0-44c5-9ca4-f83b29d9fdfa/ozone-meta/ratis/bf265839-605b-3f16-9796-c5ba1605619e
2023-04-18 11:22:51,381 [om1-impl-thread1] INFO  server.RaftServerConfigKeys (ConfUtils.java:logGet(46)) - raft.server.log.queue.byte-limit = 64MB (=67108864) (default)
2023-04-18 11:22:51,381 [om1-impl-thread1] INFO  server.RaftServerConfigKeys (ConfUtils.java:logGet(46)) - raft.server.log.queue.element-limit = 4096 (default)
2023-04-18 11:22:51,381 [om1-impl-thread1] INFO  server.RaftServerConfigKeys (ConfUtils.java:logGet(46)) - raft.server.log.segment.size.max = 4194304 (custom)
2023-04-18 11:22:51,381 [om1-impl-thread1] INFO  server.RaftServerConfigKeys (ConfUtils.java:logGet(46)) - raft.server.log.preallocated.size = 4194304 (custom)
2023-04-18 11:22:51,382 [om1-impl-thread1] INFO  server.RaftServerConfigKeys (ConfUtils.java:logGet(46)) - raft.server.log.force.sync.num = 128 (default)
2023-04-18 11:22:51,382 [om1-impl-thread1] INFO  server.RaftServerConfigKeys (ConfUtils.java:logGet(46)) - raft.server.log.statemachine.data.sync = true (default)
2023-04-18 11:22:51,382 [om1-impl-thread1] INFO  server.RaftServerConfigKeys (ConfUtils.java:logGet(46)) - raft.server.log.statemachine.data.sync.timeout = 10s (default)
2023-04-18 11:22:51,382 [om1-impl-thread1] INFO  server.RaftServerConfigKeys (ConfUtils.java:logGet(46)) - raft.server.log.statemachine.data.sync.timeout.retry = -1 (default)
2023-04-18 11:22:51,383 [om1-impl-thread1] INFO  server.RaftServerConfigKeys (ConfUtils.java:logGet(46)) - raft.server.log.write.buffer.size = 64KB (=65536) (default)
2023-04-18 11:22:51,383 [om1-impl-thread1] INFO  server.RaftServerConfigKeys (ConfUtils.java:logGet(46)) - raft.server.log.appender.buffer.byte-limit = 33554432 (custom)
2023-04-18 11:22:51,396 [om1-impl-thread1] INFO  server.RaftServerConfigKeys (ConfUtils.java:logGet(46)) - raft.server.log.unsafe-flush.enabled = false (default)
2023-04-18 11:22:51,396 [om1-impl-thread1] INFO  server.RaftServerConfigKeys (ConfUtils.java:logGet(46)) - raft.server.log.async-flush.enabled = false (default)
2023-04-18 11:22:51,396 [om1-impl-thread1] INFO  server.RaftServerConfigKeys (ConfUtils.java:logGet(46)) - raft.server.log.statemachine.data.caching.enabled = false (default)
2023-04-18 11:22:51,396 [om1-impl-thread1] INFO  segmented.SegmentedRaftLogWorker (SegmentedRaftLogWorker.java:lambda$new$0(135)) - om1@group-C5BA1605619E-SegmentedRaftLogWorker: flushIndex: setUnconditionally 0 -> -1
2023-04-18 11:22:51,399 [om1-impl-thread1] INFO  segmented.SegmentedRaftLogWorker (SegmentedRaftLogWorker.java:lambda$new$0(135)) - om1@group-C5BA1605619E-SegmentedRaftLogWorker: safeCacheEvictIndex: setUnconditionally 0 -> -1
2023-04-18 11:22:51,403 [om1-impl-thread1] INFO  server.RaftServer$Division (RaftServerImpl.java:start(334)) - om1@group-C5BA1605619E: start as a follower, conf=-1: peers:[om1|rpc:localhost:39535|priority:0|startupRole:FOLLOWER]|listeners:[], old=null
2023-04-18 11:22:51,403 [om1-impl-thread1] INFO  server.RaftServer$Division (RaftServerImpl.java:setRole(321)) - om1@group-C5BA1605619E: changes role from      null to FOLLOWER at term 0 for startAsFollower
2023-04-18 11:22:51,403 [om1-impl-thread1] INFO  impl.RoleInfo (RoleInfo.java:updateAndGet(139)) - om1: start om1@group-C5BA1605619E-FollowerState
2023-04-18 11:22:51,404 [om1-impl-thread1] ERROR util.JmxRegister (JmxRegister.java:tryRegister(40)) - Failed to register JMX Bean with name Ratis:service=RaftServer,group=group-C5BA1605619E,id=om1
javax.management.InstanceAlreadyExistsException: Ratis:service=RaftServer,group=group-C5BA1605619E,id=om1
	at com.sun.jmx.mbeanserver.Repository.addMBean(Repository.java:437)
	at com.sun.jmx.interceptor.DefaultMBeanServerInterceptor.registerWithRepository(DefaultMBeanServerInterceptor.java:1898)
	at com.sun.jmx.interceptor.DefaultMBeanServerInterceptor.registerDynamicMBean(DefaultMBeanServerInterceptor.java:966)
	at com.sun.jmx.interceptor.DefaultMBeanServerInterceptor.registerObject(DefaultMBeanServerInterceptor.java:900)
	at com.sun.jmx.interceptor.DefaultMBeanServerInterceptor.registerMBean(DefaultMBeanServerInterceptor.java:324)
	at com.sun.jmx.mbeanserver.JmxMBeanServer.registerMBean(JmxMBeanServer.java:522)
	at org.apache.ratis.util.JmxRegister.tryRegister(JmxRegister.java:38)
	at org.apache.ratis.util.JmxRegister.register(JmxRegister.java:56)
	at org.apache.ratis.server.impl.RaftServerImpl.registerMBean(RaftServerImpl.java:353)
	at org.apache.ratis.server.impl.RaftServerImpl.start(RaftServerImpl.java:344)
	at org.apache.ratis.util.ConcurrentUtils.accept(ConcurrentUtils.java:173)
	at org.apache.ratis.util.ConcurrentUtils.lambda$null$3(ConcurrentUtils.java:165)
	at java.util.concurrent.ThreadPoolExecutor.runWorker(ThreadPoolExecutor.java:1149)
	at java.util.concurrent.ThreadPoolExecutor$Worker.run(ThreadPoolExecutor.java:624)
	at java.lang.Thread.run(Thread.java:750)
2023-04-18 11:22:51,405 [om1-impl-thread1] ERROR util.JmxRegister (JmxRegister.java:tryRegister(40)) - Failed to register JMX Bean with name Ratis:service=RaftServer,group=group-C5BA1605619E,id="om1"
javax.management.InstanceAlreadyExistsException: Ratis:service=RaftServer,group=group-C5BA1605619E,id="om1"
	at com.sun.jmx.mbeanserver.Repository.addMBean(Repository.java:437)
	at com.sun.jmx.interceptor.DefaultMBeanServerInterceptor.registerWithRepository(DefaultMBeanServerInterceptor.java:1898)
	at com.sun.jmx.interceptor.DefaultMBeanServerInterceptor.registerDynamicMBean(DefaultMBeanServerInterceptor.java:966)
	at com.sun.jmx.interceptor.DefaultMBeanServerInterceptor.registerObject(DefaultMBeanServerInterceptor.java:900)
	at com.sun.jmx.interceptor.DefaultMBeanServerInterceptor.registerMBean(DefaultMBeanServerInterceptor.java:324)
	at com.sun.jmx.mbeanserver.JmxMBeanServer.registerMBean(JmxMBeanServer.java:522)
	at org.apache.ratis.util.JmxRegister.tryRegister(JmxRegister.java:38)
	at org.apache.ratis.util.JmxRegister.register(JmxRegister.java:56)
	at org.apache.ratis.server.impl.RaftServerImpl.registerMBean(RaftServerImpl.java:353)
	at org.apache.ratis.server.impl.RaftServerImpl.start(RaftServerImpl.java:344)
	at org.apache.ratis.util.ConcurrentUtils.accept(ConcurrentUtils.java:173)
	at org.apache.ratis.util.ConcurrentUtils.lambda$null$3(ConcurrentUtils.java:165)
	at java.util.concurrent.ThreadPoolExecutor.runWorker(ThreadPoolExecutor.java:1149)
	at java.util.concurrent.ThreadPoolExecutor$Worker.run(ThreadPoolExecutor.java:624)
	at java.lang.Thread.run(Thread.java:750)
2023-04-18 11:22:51,405 [om1-impl-thread1] INFO  server.RaftServerConfigKeys (ConfUtils.java:logGet(46)) - raft.server.snapshot.auto.trigger.enabled = true (custom)
2023-04-18 11:22:51,405 [om1-impl-thread1] INFO  server.RaftServerConfigKeys (ConfUtils.java:logGet(46)) - raft.server.snapshot.auto.trigger.threshold = 400000 (default)
2023-04-18 11:22:51,405 [om1-impl-thread1] INFO  server.RaftServerConfigKeys (ConfUtils.java:logGet(46)) - raft.server.snapshot.retention.file.num = -1 (default)
2023-04-18 11:22:51,405 [om1-impl-thread1] INFO  server.RaftServerConfigKeys (ConfUtils.java:logGet(46)) - raft.server.log.purge.upto.snapshot.index = true (custom)
2023-04-18 11:22:51,406 [Listener at 127.0.0.1/37041] INFO  server.RaftServer (RaftServerProxy.java:startImpl(393)) - om1: start RPC server
2023-04-18 11:22:51,408 [Listener at 127.0.0.1/37041] INFO  server.GrpcService (GrpcService.java:startImpl(262)) - om1: GrpcService started, listening on 39535
2023-04-18 11:22:51,413 [om1@group-C5BA1605619E-FollowerState] INFO  server.RaftServerConfigKeys (ConfUtils.java:logFallback(53)) - raft.server.rpc.first-election.timeout.min = 1s (fallback to raft.server.rpc.timeout.min)
2023-04-18 11:22:51,413 [om1@group-C5BA1605619E-FollowerState] INFO  server.RaftServerConfigKeys (ConfUtils.java:logFallback(53)) - raft.server.rpc.first-election.timeout.max = 1200ms (fallback to raft.server.rpc.timeout.max)
2023-04-18 11:22:51,422 [Listener at 127.0.0.1/37041] INFO  om.OzoneManager (OzoneManager.java:start(1579)) - Version File has different layout version (4) than OM DB (null). That is expected if this OM has never been finalized to a newer layout version.
2023-04-18 11:22:51,423 [JvmPauseMonitor41] INFO  util.JvmPauseMonitor (JvmPauseMonitor.java:run(105)) - JvmPauseMonitor-om1: Started
2023-04-18 11:22:51,437 [Listener at 127.0.0.1/37041] INFO  http.BaseHttpServer (BaseHttpServer.java:newHttpServer2BuilderForOzone(224)) - Starting Web-server for ozoneManager at: http://0.0.0.0:0
2023-04-18 11:22:51,437 [Listener at 127.0.0.1/37041] INFO  http.BaseHttpServer (BaseHttpServer.java:<init>(111)) - Hadoop Security Enabled: false Ozone Security Enabled: false Ozone HTTP Security Enabled: false 
2023-04-18 11:22:51,438 [Listener at 127.0.0.1/37041] WARN  server.AuthenticationFilter (AuthenticationFilter.java:constructSecretProvider(240)) - Unable to initialize FileSignerSecretProvider, falling back to use random secrets. Reason: Could not read signature secret file: /home/runner/hadoop-http-auth-signature-secret
2023-04-18 11:22:51,442 [Listener at 127.0.0.1/37041] INFO  http.HttpRequestLog (HttpRequestLog.java:getRequestLog(86)) - Http request log for http.requests.ozoneManager is not defined
2023-04-18 11:22:51,443 [Listener at 127.0.0.1/37041] INFO  http.HttpServer2 (HttpServer2.java:addGlobalFilter(1031)) - Added global filter 'safety' (class=org.apache.hadoop.hdds.server.http.HttpServer2$QuotingInputFilter)
2023-04-18 11:22:51,444 [Listener at 127.0.0.1/37041] INFO  http.HttpServer2 (HttpServer2.java:addFilter(1007)) - Added filter static_user_filter (class=org.apache.hadoop.http.lib.StaticUserWebFilter$StaticUserFilter) to context ozoneManager
2023-04-18 11:22:51,444 [Listener at 127.0.0.1/37041] INFO  http.HttpServer2 (HttpServer2.java:addFilter(1015)) - Added filter static_user_filter (class=org.apache.hadoop.http.lib.StaticUserWebFilter$StaticUserFilter) to context logs
2023-04-18 11:22:51,444 [Listener at 127.0.0.1/37041] INFO  http.HttpServer2 (HttpServer2.java:addFilter(1015)) - Added filter static_user_filter (class=org.apache.hadoop.http.lib.StaticUserWebFilter$StaticUserFilter) to context static
2023-04-18 11:22:51,444 [Listener at 127.0.0.1/37041] INFO  http.BaseHttpServer (BaseHttpServer.java:<init>(190)) - HTTP server of ozoneManager uses base directory /home/runner/work/ozone/ozone/hadoop-ozone/integration-test/target/test-dir/MiniOzoneClusterImpl-c674532b-0fb0-44c5-9ca4-f83b29d9fdfa/ozone-meta/webserver
2023-04-18 11:22:51,444 [Listener at 127.0.0.1/37041] INFO  http.HttpServer2 (HttpServer2.java:bindListener(1250)) - Jetty bound to port 46157
2023-04-18 11:22:51,444 [Listener at 127.0.0.1/37041] INFO  server.Server (Server.java:doStart(375)) - jetty-9.4.49.v20220914; built: 2022-09-14T01:07:36.601Z; git: 4231a3b2e4cb8548a412a789936d640a97b1aa0a; jvm 1.8.0_362-b09
2023-04-18 11:22:51,446 [Listener at 127.0.0.1/37041] INFO  server.session (DefaultSessionIdManager.java:doStart(334)) - DefaultSessionIdManager workerName=node0
2023-04-18 11:22:51,446 [Listener at 127.0.0.1/37041] INFO  server.session (DefaultSessionIdManager.java:doStart(339)) - No SessionScavenger set, using defaults
2023-04-18 11:22:51,447 [Listener at 127.0.0.1/37041] INFO  server.session (HouseKeeper.java:startScavenging(132)) - node0 Scavenging every 660000ms
2023-04-18 11:22:51,466 [Listener at 127.0.0.1/37041] INFO  handler.ContextHandler (ContextHandler.java:doStart(921)) - Started o.e.j.s.ServletContextHandler@34589a8d{logs,/logs,file:///home/runner/work/ozone/ozone/hadoop-ozone/integration-test/target/log,AVAILABLE}
2023-04-18 11:22:51,466 [Listener at 127.0.0.1/37041] INFO  handler.ContextHandler (ContextHandler.java:doStart(921)) - Started o.e.j.s.ServletContextHandler@32ed58f5{static,/static,file:///home/runner/work/ozone/ozone/hadoop-ozone/integration-test/target/test-classes/webapps/static,AVAILABLE}
2023-04-18 11:22:51,468 [Listener at 127.0.0.1/37041] INFO  handler.ContextHandler (ContextHandler.java:doStart(921)) - Started o.e.j.w.WebAppContext@6cdf9d8d{ozoneManager,/,file:///home/runner/work/ozone/ozone/hadoop-ozone/integration-test/target/test-classes/webapps/ozoneManager/,AVAILABLE}{file:/home/runner/work/ozone/ozone/hadoop-ozone/integration-test/target/test-classes/webapps/ozoneManager}
2023-04-18 11:22:51,474 [Listener at 127.0.0.1/37041] INFO  server.AbstractConnector (AbstractConnector.java:doStart(333)) - Started ServerConnector@200e8602{HTTP/1.1, (http/1.1)}{0.0.0.0:46157}
2023-04-18 11:22:51,474 [Listener at 127.0.0.1/37041] INFO  server.Server (Server.java:doStart(415)) - Started @138997ms
2023-04-18 11:22:51,475 [Listener at 127.0.0.1/37041] WARN  impl.MetricsSystemImpl (MetricsSystemImpl.java:register(279)) - Sink prometheus already exists!
2023-04-18 11:22:51,476 [Listener at 127.0.0.1/37041] INFO  http.BaseHttpServer (BaseHttpServer.java:updateConnectorAddress(344)) - HTTP server of ozoneManager listening at http://0.0.0.0:46157
2023-04-18 11:22:51,476 [IPC Server listener on 0] INFO  ipc.Server (Server.java:run(1398)) - IPC Server listener on 0: starting
2023-04-18 11:22:51,477 [IPC Server Responder] INFO  ipc.Server (Server.java:run(1558)) - IPC Server Responder: starting
2023-04-18 11:22:51,484 [Listener at 127.0.0.1/37041] INFO  om.OzoneManager (OzoneManager.java:startTrashEmptier(2039)) - Trash Interval set to 0. Files deleted won't move to trash
2023-04-18 11:22:51,499 [org.apache.hadoop.util.JvmPauseMonitor$Monitor@7ad293d9] INFO  util.JvmPauseMonitor (JvmPauseMonitor.java:run(188)) - Starting JVM pause monitor
2023-04-18 11:22:51,502 [ReplicationMonitor] INFO  replication.ReplicationManager (ReplicationManager.java:processAll(363)) - Replication Manager is not ready to run until 3000ms after safemode exit
2023-04-18 11:22:51,514 [Listener at 127.0.0.1/37041] WARN  impl.MetricRegistriesImpl (MetricRegistriesImpl.java:addReporterRegistration(111)) - New reporters are added after registries were created. Some metrics will be missing from the reporter. Please add reporter before adding any new registry.
2023-04-18 11:22:51,514 [Listener at 127.0.0.1/37041] WARN  impl.MetricRegistriesImpl (MetricRegistriesImpl.java:addReporterRegistration(111)) - New reporters are added after registries were created. Some metrics will be missing from the reporter. Please add reporter before adding any new registry.
2023-04-18 11:22:51,514 [Listener at 127.0.0.1/37041] INFO  impl.MetricsSystemImpl (MetricsSystemImpl.java:init(158)) - HddsDatanode metrics system started (again)
2023-04-18 11:22:51,530 [Listener at 127.0.0.1/37041] INFO  ozone.HddsDatanodeService (HddsDatanodeService.java:start(252)) - HddsDatanodeService host:fv-az570-656.srgqcr2moziuvm0qev4lajleyh.dx.internal.cloudapp.net ip:10.1.0.33
2023-04-18 11:22:51,574 [Listener at 127.0.0.1/37041] INFO  upgrade.AbstractLayoutVersionManager (AbstractLayoutVersionManager.java:init(83)) - Initializing Layout version manager with metadata layout = WEBUI_PORTS_IN_DATANODEDETAILS (version = 6), software layout = WEBUI_PORTS_IN_DATANODEDETAILS (version = 6)
2023-04-18 11:22:51,764 [Listener at 127.0.0.1/37041] INFO  reflections.Reflections (Reflections.java:scan(232)) - Reflections took 185 ms to scan 7 urls, producing 156 keys and 369 values 
2023-04-18 11:22:51,765 [Listener at 127.0.0.1/37041] INFO  statemachine.DatanodeStateMachine (DatanodeStateMachine.java:getEndPointTaskThreadPoolSize(260)) - Datanode State Machine Task Thread Pool size 2
2023-04-18 11:22:51,767 [Listener at 127.0.0.1/37041] INFO  volume.HddsVolume (HddsVolume.java:<init>(130)) - Creating HddsVolume: /home/runner/work/ozone/ozone/hadoop-ozone/integration-test/target/test-dir/MiniOzoneClusterImpl-c674532b-0fb0-44c5-9ca4-f83b29d9fdfa/datanode-0/data-0/containers/hdds of storage type : DISK capacity : 9223372036854775807
2023-04-18 11:22:51,767 [Listener at 127.0.0.1/37041] INFO  volume.MutableVolumeSet (MutableVolumeSet.java:initializeVolumeSet(175)) - Added Volume : /home/runner/work/ozone/ozone/hadoop-ozone/integration-test/target/test-dir/MiniOzoneClusterImpl-c674532b-0fb0-44c5-9ca4-f83b29d9fdfa/datanode-0/data-0/containers/hdds to VolumeSet
2023-04-18 11:22:51,773 [Listener at 127.0.0.1/37041] INFO  volume.ThrottledAsyncChecker (ThrottledAsyncChecker.java:schedule(141)) - Scheduling a check for /home/runner/work/ozone/ozone/hadoop-ozone/integration-test/target/test-dir/MiniOzoneClusterImpl-c674532b-0fb0-44c5-9ca4-f83b29d9fdfa/datanode-0/data-0/containers/hdds
2023-04-18 11:22:51,775 [Listener at 127.0.0.1/37041] INFO  volume.StorageVolumeChecker (StorageVolumeChecker.java:checkAllVolumes(202)) - Scheduled health check for volume /home/runner/work/ozone/ozone/hadoop-ozone/integration-test/target/test-dir/MiniOzoneClusterImpl-c674532b-0fb0-44c5-9ca4-f83b29d9fdfa/datanode-0/data-0/containers/hdds
2023-04-18 11:22:51,817 [Listener at 127.0.0.1/37041] INFO  volume.MutableVolumeSet (MutableVolumeSet.java:initializeVolumeSet(175)) - Added Volume : /home/runner/work/ozone/ozone/hadoop-ozone/integration-test/target/test-dir/MiniOzoneClusterImpl-c674532b-0fb0-44c5-9ca4-f83b29d9fdfa/datanode-0/data/ratis to VolumeSet
2023-04-18 11:22:51,820 [Listener at 127.0.0.1/37041] INFO  volume.ThrottledAsyncChecker (ThrottledAsyncChecker.java:schedule(141)) - Scheduling a check for /home/runner/work/ozone/ozone/hadoop-ozone/integration-test/target/test-dir/MiniOzoneClusterImpl-c674532b-0fb0-44c5-9ca4-f83b29d9fdfa/datanode-0/data/ratis
2023-04-18 11:22:51,825 [Listener at 127.0.0.1/37041] INFO  volume.StorageVolumeChecker (StorageVolumeChecker.java:checkAllVolumes(202)) - Scheduled health check for volume /home/runner/work/ozone/ozone/hadoop-ozone/integration-test/target/test-dir/MiniOzoneClusterImpl-c674532b-0fb0-44c5-9ca4-f83b29d9fdfa/datanode-0/data/ratis
2023-04-18 11:22:51,887 [Thread-2632] INFO  ozoneimpl.ContainerReader (ContainerReader.java:readVolume(175)) - Finish verifying containers on volume /home/runner/work/ozone/ozone/hadoop-ozone/integration-test/target/test-dir/MiniOzoneClusterImpl-c674532b-0fb0-44c5-9ca4-f83b29d9fdfa/datanode-0/data-0/containers/hdds
2023-04-18 11:22:51,887 [Listener at 127.0.0.1/37041] INFO  ozoneimpl.OzoneContainer (OzoneContainer.java:buildContainerSet(303)) - Build ContainerSet costs 0s
2023-04-18 11:22:51,889 [Listener at 127.0.0.1/37041] INFO  server.RaftServer (ConfUtils.java:logGet(46)) - raft.rpc.type = GRPC (default)
2023-04-18 11:22:51,889 [Listener at 127.0.0.1/37041] INFO  grpc.GrpcConfigKeys (ConfUtils.java:logFallback(53)) - raft.grpc.admin.host = null (fallback to raft.grpc.server.host)
2023-04-18 11:22:51,889 [Listener at 127.0.0.1/37041] INFO  grpc.GrpcConfigKeys (ConfUtils.java:logGet(46)) - raft.grpc.admin.port = 0 (custom)
2023-04-18 11:22:51,889 [Listener at 127.0.0.1/37041] INFO  grpc.GrpcConfigKeys (ConfUtils.java:logFallback(53)) - raft.grpc.client.host = null (fallback to raft.grpc.server.host)
2023-04-18 11:22:51,889 [Listener at 127.0.0.1/37041] INFO  grpc.GrpcConfigKeys (ConfUtils.java:logGet(46)) - raft.grpc.client.port = 0 (custom)
2023-04-18 11:22:51,889 [Listener at 127.0.0.1/37041] INFO  grpc.GrpcConfigKeys (ConfUtils.java:logGet(46)) - raft.grpc.server.host = null (default)
2023-04-18 11:22:51,890 [Listener at 127.0.0.1/37041] INFO  grpc.GrpcConfigKeys (ConfUtils.java:logGet(46)) - raft.grpc.server.port = 0 (default)
2023-04-18 11:22:51,890 [Listener at 127.0.0.1/37041] INFO  server.GrpcService (ConfUtils.java:logGet(46)) - raft.grpc.message.size.max = 32MB (=33554432) (custom)
2023-04-18 11:22:51,890 [Listener at 127.0.0.1/37041] INFO  server.RaftServerConfigKeys (ConfUtils.java:logGet(46)) - raft.server.log.appender.buffer.byte-limit = 33554432 (custom)
2023-04-18 11:22:51,890 [Listener at 127.0.0.1/37041] INFO  server.GrpcService (ConfUtils.java:logGet(46)) - raft.grpc.flow.control.window = 5MB (=5242880) (custom)
2023-04-18 11:22:51,890 [Listener at 127.0.0.1/37041] INFO  server.RaftServerConfigKeys (ConfUtils.java:logGet(46)) - raft.server.rpc.request.timeout = 60s (custom)
2023-04-18 11:22:51,890 [Listener at 127.0.0.1/37041] INFO  grpc.GrpcConfigKeys (ConfUtils.java:logGet(46)) - raft.grpc.server.heartbeat.channel = true (default)
2023-04-18 11:22:51,890 [Listener at 127.0.0.1/37041] INFO  grpc.GrpcConfigKeys (ConfUtils.java:logGet(46)) - raft.grpc.server.async.request.thread.pool.cached = true (default)
2023-04-18 11:22:51,890 [Listener at 127.0.0.1/37041] INFO  grpc.GrpcConfigKeys (ConfUtils.java:logGet(46)) - raft.grpc.server.async.request.thread.pool.size = 32 (default)
2023-04-18 11:22:51,894 [Listener at 127.0.0.1/37041] INFO  impl.DataStreamServerImpl (ConfUtils.java:logGet(46)) - raft.datastream.type = NETTY (custom)
2023-04-18 11:22:51,894 [Listener at 127.0.0.1/37041] INFO  server.RaftServerConfigKeys (ConfUtils.java:logGet(46)) - raft.server.data-stream.async.request.thread.pool.cached = false (default)
2023-04-18 11:22:51,894 [Listener at 127.0.0.1/37041] INFO  server.RaftServerConfigKeys (ConfUtils.java:logGet(46)) - raft.server.data-stream.async.request.thread.pool.size = 20 (custom)
2023-04-18 11:22:51,894 [Listener at 127.0.0.1/37041] INFO  server.RaftServerConfigKeys (ConfUtils.java:logGet(46)) - raft.server.data-stream.async.write.thread.pool.size = 16 (default)
2023-04-18 11:22:51,895 [Listener at 127.0.0.1/37041] INFO  server.RaftServerConfigKeys (ConfUtils.java:logGet(46)) - raft.server.data-stream.client.pool.size = 10 (default)
2023-04-18 11:22:51,895 [Listener at 127.0.0.1/37041] INFO  netty.NettyConfigKeys$DataStream (ConfUtils.java:logGet(46)) - raft.netty.dataStream.server.use-epoll = false (default)
2023-04-18 11:22:51,895 [Listener at 127.0.0.1/37041] INFO  netty.NettyConfigKeys$DataStream (ConfUtils.java:logGet(46)) - raft.netty.dataStream.server.boss-group.size = 0 (default)
2023-04-18 11:22:51,895 [Listener at 127.0.0.1/37041] INFO  netty.NettyConfigKeys$DataStream (ConfUtils.java:logGet(46)) - raft.netty.dataStream.server.worker-group.size = 0 (default)
2023-04-18 11:22:51,895 [Listener at 127.0.0.1/37041] INFO  netty.NettyConfigKeys$DataStream (ConfUtils.java:logGet(46)) - raft.netty.dataStream.server.tls.conf = null (default)
2023-04-18 11:22:51,895 [Listener at 127.0.0.1/37041] INFO  netty.NettyConfigKeys$DataStream (ConfUtils.java:logGet(46)) - raft.netty.dataStream.host = null (default)
2023-04-18 11:22:51,895 [Listener at 127.0.0.1/37041] INFO  netty.NettyConfigKeys$DataStream (ConfUtils.java:logGet(46)) - raft.netty.dataStream.port = 0 (default)
2023-04-18 11:22:51,903 [Listener at 127.0.0.1/37041] INFO  server.RaftServerConfigKeys (ConfUtils.java:logGet(46)) - raft.server.threadpool.proxy.cached = true (default)
2023-04-18 11:22:51,903 [Listener at 127.0.0.1/37041] INFO  server.RaftServerConfigKeys (ConfUtils.java:logGet(46)) - raft.server.threadpool.proxy.size = 0 (default)
2023-04-18 11:22:51,903 [Listener at 127.0.0.1/37041] INFO  server.RaftServerConfigKeys (ConfUtils.java:logGet(46)) - raft.server.rpc.slowness.timeout = 300s (custom)
2023-04-18 11:22:51,903 [2ce6929e-c015-4c0d-a0e6-4530a7963149-NettyServerStreamRpc-bossGroup--thread1] INFO  logging.LoggingHandler (AbstractInternalLogger.java:log(148)) - [id: 0x88b61338] REGISTERED
2023-04-18 11:22:51,903 [Listener at 127.0.0.1/37041] INFO  server.RaftServerConfigKeys (ConfUtils.java:logGet(46)) - raft.server.leaderelection.leader.step-down.wait-time = 10s (default)
2023-04-18 11:22:51,903 [2ce6929e-c015-4c0d-a0e6-4530a7963149-NettyServerStreamRpc-bossGroup--thread1] INFO  logging.LoggingHandler (AbstractInternalLogger.java:log(148)) - [id: 0x88b61338] BIND: 0.0.0.0/0.0.0.0:0
2023-04-18 11:22:51,903 [Listener at 127.0.0.1/37041] INFO  server.RaftServerConfigKeys (ConfUtils.java:logGet(46)) - raft.server.storage.dir = [/home/runner/work/ozone/ozone/hadoop-ozone/integration-test/target/test-dir/MiniOzoneClusterImpl-c674532b-0fb0-44c5-9ca4-f83b29d9fdfa/datanode-0/data/ratis] (custom)
2023-04-18 11:22:51,903 [2ce6929e-c015-4c0d-a0e6-4530a7963149-NettyServerStreamRpc-bossGroup--thread1] INFO  logging.LoggingHandler (AbstractInternalLogger.java:log(148)) - [id: 0x88b61338, L:/0:0:0:0:0:0:0:0:35719] ACTIVE
2023-04-18 11:22:51,918 [Listener at 127.0.0.1/37041] INFO  server.XceiverServerGrpc (XceiverServerGrpc.java:<init>(132)) - GrpcServer channel type EpollServerSocketChannel
2023-04-18 11:22:51,929 [Listener at 127.0.0.1/37041] INFO  http.BaseHttpServer (BaseHttpServer.java:newHttpServer2BuilderForOzone(224)) - Starting Web-server for hddsDatanode at: http://0.0.0.0:0
2023-04-18 11:22:51,929 [Listener at 127.0.0.1/37041] INFO  http.BaseHttpServer (BaseHttpServer.java:<init>(111)) - Hadoop Security Enabled: false Ozone Security Enabled: false Ozone HTTP Security Enabled: false 
2023-04-18 11:22:51,930 [Listener at 127.0.0.1/37041] WARN  server.AuthenticationFilter (AuthenticationFilter.java:constructSecretProvider(240)) - Unable to initialize FileSignerSecretProvider, falling back to use random secrets. Reason: Could not read signature secret file: /home/runner/hadoop-http-auth-signature-secret
2023-04-18 11:22:51,931 [Listener at 127.0.0.1/37041] INFO  http.HttpRequestLog (HttpRequestLog.java:getRequestLog(86)) - Http request log for http.requests.hddsDatanode is not defined
2023-04-18 11:22:51,932 [Listener at 127.0.0.1/37041] INFO  http.HttpServer2 (HttpServer2.java:addGlobalFilter(1031)) - Added global filter 'safety' (class=org.apache.hadoop.hdds.server.http.HttpServer2$QuotingInputFilter)
2023-04-18 11:22:51,932 [Listener at 127.0.0.1/37041] INFO  http.HttpServer2 (HttpServer2.java:addFilter(1007)) - Added filter static_user_filter (class=org.apache.hadoop.http.lib.StaticUserWebFilter$StaticUserFilter) to context hddsDatanode
2023-04-18 11:22:51,932 [Listener at 127.0.0.1/37041] INFO  http.HttpServer2 (HttpServer2.java:addFilter(1015)) - Added filter static_user_filter (class=org.apache.hadoop.http.lib.StaticUserWebFilter$StaticUserFilter) to context logs
2023-04-18 11:22:51,932 [Listener at 127.0.0.1/37041] INFO  http.HttpServer2 (HttpServer2.java:addFilter(1015)) - Added filter static_user_filter (class=org.apache.hadoop.http.lib.StaticUserWebFilter$StaticUserFilter) to context static
2023-04-18 11:22:51,933 [Listener at 127.0.0.1/37041] INFO  http.BaseHttpServer (BaseHttpServer.java:<init>(190)) - HTTP server of hddsDatanode uses base directory /home/runner/work/ozone/ozone/hadoop-ozone/integration-test/target/test-dir/MiniOzoneClusterImpl-c674532b-0fb0-44c5-9ca4-f83b29d9fdfa/datanode-0/meta/webserver
2023-04-18 11:22:51,933 [Listener at 127.0.0.1/37041] INFO  http.HttpServer2 (HttpServer2.java:bindListener(1250)) - Jetty bound to port 45331
2023-04-18 11:22:51,933 [Listener at 127.0.0.1/37041] INFO  server.Server (Server.java:doStart(375)) - jetty-9.4.49.v20220914; built: 2022-09-14T01:07:36.601Z; git: 4231a3b2e4cb8548a412a789936d640a97b1aa0a; jvm 1.8.0_362-b09
2023-04-18 11:22:51,935 [Listener at 127.0.0.1/37041] INFO  server.session (DefaultSessionIdManager.java:doStart(334)) - DefaultSessionIdManager workerName=node0
2023-04-18 11:22:51,936 [Listener at 127.0.0.1/37041] INFO  server.session (DefaultSessionIdManager.java:doStart(339)) - No SessionScavenger set, using defaults
2023-04-18 11:22:51,936 [Listener at 127.0.0.1/37041] INFO  server.session (HouseKeeper.java:startScavenging(132)) - node0 Scavenging every 660000ms
2023-04-18 11:22:51,936 [Listener at 127.0.0.1/37041] INFO  handler.ContextHandler (ContextHandler.java:doStart(921)) - Started o.e.j.s.ServletContextHandler@707510f2{logs,/logs,file:///home/runner/work/ozone/ozone/hadoop-ozone/integration-test/target/log,AVAILABLE}
2023-04-18 11:22:51,937 [Listener at 127.0.0.1/37041] INFO  handler.ContextHandler (ContextHandler.java:doStart(921)) - Started o.e.j.s.ServletContextHandler@a86f618{static,/static,jar:file:/home/runner/.m2/repository/org/apache/ozone/hdds-container-service/1.4.0-SNAPSHOT/hdds-container-service-1.4.0-SNAPSHOT.jar!/webapps/static,AVAILABLE}
2023-04-18 11:22:52,221 [ReplicationMonitor] INFO  replication.ReplicationManager (ReplicationManager.java:processAll(396)) - Replication Monitor Thread took 0 milliseconds for processing 0 containers.
2023-04-18 11:22:52,352 [ReplicationMonitor] INFO  replication.ReplicationManager (ReplicationManager.java:processAll(396)) - Replication Monitor Thread took 1 milliseconds for processing 11 containers.
2023-04-18 11:22:52,537 [ReplicationMonitor] INFO  replication.ReplicationManager (ReplicationManager.java:processAll(363)) - Replication Manager is not ready to run until 3000ms after safemode exit
2023-04-18 11:22:52,543 [JvmPauseMonitor41] WARN  util.JvmPauseMonitor (JvmPauseMonitor.java:detectPause(126)) - JvmPauseMonitor-om1: Detected pause in JVM or host machine (eg GC): pause of approximately 119737476ns.
GC pool 'PS Scavenge' had collection(s): count=1 time=172ms
2023-04-18 11:22:52,543 [om1@group-C5BA1605619E-FollowerState] INFO  impl.FollowerState (FollowerState.java:run(143)) - om1@group-C5BA1605619E-FollowerState: change to CANDIDATE, lastRpcElapsedTime:1140357843ns, electionTimeout:1004ms
2023-04-18 11:22:52,544 [om1@group-C5BA1605619E-FollowerState] INFO  impl.RoleInfo (RoleInfo.java:shutdownFollowerState(110)) - om1: shutdown om1@group-C5BA1605619E-FollowerState
2023-04-18 11:22:52,544 [om1@group-C5BA1605619E-FollowerState] INFO  server.RaftServer$Division (RaftServerImpl.java:setRole(321)) - om1@group-C5BA1605619E: changes role from  FOLLOWER to CANDIDATE at term 0 for changeToCandidate
2023-04-18 11:22:52,544 [om1@group-C5BA1605619E-FollowerState] INFO  server.RaftServerConfigKeys (ConfUtils.java:logGet(46)) - raft.server.leaderelection.pre-vote = true (default)
2023-04-18 11:22:52,544 [om1@group-C5BA1605619E-FollowerState] INFO  impl.RoleInfo (RoleInfo.java:updateAndGet(139)) - om1: start om1@group-C5BA1605619E-LeaderElection76
2023-04-18 11:22:52,551 [JvmPauseMonitor35] WARN  util.JvmPauseMonitor (JvmPauseMonitor.java:detectPause(126)) - JvmPauseMonitor-7e873a1a-dadc-4b58-946a-f4dbb1932027: Detected pause in JVM or host machine (eg GC): pause of approximately 150099242ns.
GC pool 'PS Scavenge' had collection(s): count=1 time=172ms
2023-04-18 11:22:52,554 [JvmPauseMonitor24] WARN  util.JvmPauseMonitor (JvmPauseMonitor.java:detectPause(126)) - JvmPauseMonitor-a5634e25-af16-4753-8f18-352d6216d1aa: Detected pause in JVM or host machine (eg GC): pause of approximately 173356986ns.
GC pool 'PS Scavenge' had collection(s): count=1 time=172ms
2023-04-18 11:22:52,554 [JvmPauseMonitor29] WARN  util.JvmPauseMonitor (JvmPauseMonitor.java:detectPause(126)) - JvmPauseMonitor-4dccae2a-c3f4-4810-8dc0-724213c437b9: Detected pause in JVM or host machine (eg GC): pause of approximately 173457384ns.
GC pool 'PS Scavenge' had collection(s): count=1 time=172ms
2023-04-18 11:22:52,555 [om1@group-C5BA1605619E-LeaderElection76] INFO  impl.LeaderElection (LeaderElection.java:askForVotes(312)) - om1@group-C5BA1605619E-LeaderElection76 PRE_VOTE round 0: submit vote requests at term 0 for -1: peers:[om1|rpc:localhost:39535|priority:0|startupRole:FOLLOWER]|listeners:[], old=null
2023-04-18 11:22:52,555 [om1@group-C5BA1605619E-LeaderElection76] INFO  impl.LeaderElection (LeaderElection.java:askForVotes(314)) - om1@group-C5BA1605619E-LeaderElection76 PRE_VOTE round 0: result PASSED (term=0)
2023-04-18 11:22:52,555 [JvmPauseMonitor28] WARN  util.JvmPauseMonitor (JvmPauseMonitor.java:detectPause(126)) - JvmPauseMonitor-feaef6f5-e782-45a9-b730-4c2e6cfb3b47: Detected pause in JVM or host machine (eg GC): pause of approximately 178586728ns.
GC pool 'PS Scavenge' had collection(s): count=1 time=172ms
2023-04-18 11:22:52,555 [ReplicationMonitor] INFO  replication.LegacyReplicationManager (LegacyReplicationManager.java:sendCloseCommand(1403)) - Sending close container command for container #4 to datanode b70b393f-0df3-4302-81e5-4dc6a6d9b70c(fv-az570-656.srgqcr2moziuvm0qev4lajleyh.dx.internal.cloudapp.net/10.1.0.33).
2023-04-18 11:22:52,556 [ReplicationMonitor] INFO  replication.LegacyReplicationManager (LegacyReplicationManager.java:sendCloseCommand(1403)) - Sending close container command for container #4 to datanode ffa08bb8-08ae-4adf-813c-f4421d2d52fd(fv-az570-656.srgqcr2moziuvm0qev4lajleyh.dx.internal.cloudapp.net/10.1.0.33).
2023-04-18 11:22:52,556 [ReplicationMonitor] INFO  replication.LegacyReplicationManager (LegacyReplicationManager.java:sendCloseCommand(1403)) - Sending close container command for container #4 to datanode 3cde1de5-1a5f-4fe2-84a5-4d139cb24208(fv-az570-656.srgqcr2moziuvm0qev4lajleyh.dx.internal.cloudapp.net/10.1.0.33).
2023-04-18 11:22:52,556 [ReplicationMonitor] INFO  replication.LegacyReplicationManager (LegacyReplicationManager.java:sendCloseCommand(1403)) - Sending close container command for container #5 to datanode 3cde1de5-1a5f-4fe2-84a5-4d139cb24208(fv-az570-656.srgqcr2moziuvm0qev4lajleyh.dx.internal.cloudapp.net/10.1.0.33).
2023-04-18 11:22:52,556 [ReplicationMonitor] INFO  replication.LegacyReplicationManager (LegacyReplicationManager.java:sendCloseCommand(1403)) - Sending close container command for container #5 to datanode b70b393f-0df3-4302-81e5-4dc6a6d9b70c(fv-az570-656.srgqcr2moziuvm0qev4lajleyh.dx.internal.cloudapp.net/10.1.0.33).
2023-04-18 11:22:52,556 [ReplicationMonitor] INFO  replication.LegacyReplicationManager (LegacyReplicationManager.java:sendCloseCommand(1403)) - Sending close container command for container #5 to datanode ffa08bb8-08ae-4adf-813c-f4421d2d52fd(fv-az570-656.srgqcr2moziuvm0qev4lajleyh.dx.internal.cloudapp.net/10.1.0.33).
2023-04-18 11:22:52,556 [ReplicationMonitor] INFO  replication.LegacyReplicationManager (LegacyReplicationManager.java:sendCloseCommand(1403)) - Sending close container command for container #6 to datanode ffa08bb8-08ae-4adf-813c-f4421d2d52fd(fv-az570-656.srgqcr2moziuvm0qev4lajleyh.dx.internal.cloudapp.net/10.1.0.33).
2023-04-18 11:22:52,556 [ReplicationMonitor] INFO  replication.LegacyReplicationManager (LegacyReplicationManager.java:sendCloseCommand(1403)) - Sending close container command for container #6 to datanode b70b393f-0df3-4302-81e5-4dc6a6d9b70c(fv-az570-656.srgqcr2moziuvm0qev4lajleyh.dx.internal.cloudapp.net/10.1.0.33).
2023-04-18 11:22:52,556 [ReplicationMonitor] INFO  replication.LegacyReplicationManager (LegacyReplicationManager.java:sendCloseCommand(1403)) - Sending close container command for container #6 to datanode 3cde1de5-1a5f-4fe2-84a5-4d139cb24208(fv-az570-656.srgqcr2moziuvm0qev4lajleyh.dx.internal.cloudapp.net/10.1.0.33).
2023-04-18 11:22:52,556 [ReplicationMonitor] INFO  replication.ReplicationManager (ReplicationManager.java:processAll(396)) - Replication Monitor Thread took 1 milliseconds for processing 6 containers.
2023-04-18 11:22:52,556 [JvmPauseMonitor26] WARN  util.JvmPauseMonitor (JvmPauseMonitor.java:detectPause(126)) - JvmPauseMonitor-7144c85b-12c6-46a0-ab74-6e8d3cbaf13d: Detected pause in JVM or host machine (eg GC): pause of approximately 180874903ns.
GC pool 'PS Scavenge' had collection(s): count=1 time=172ms
2023-04-18 11:22:52,556 [JvmPauseMonitor27] WARN  util.JvmPauseMonitor (JvmPauseMonitor.java:detectPause(126)) - JvmPauseMonitor-dc689b23-a50d-4e36-9bfa-30650ed5dd84: Detected pause in JVM or host machine (eg GC): pause of approximately 180974301ns.
GC pool 'PS Scavenge' had collection(s): count=1 time=172ms
2023-04-18 11:22:52,556 [JvmPauseMonitor30] WARN  util.JvmPauseMonitor (JvmPauseMonitor.java:detectPause(126)) - JvmPauseMonitor-d59aa4a5-68cc-4ccb-a592-d1fa77766dd1: Detected pause in JVM or host machine (eg GC): pause of approximately 181291998ns.
GC pool 'PS Scavenge' had collection(s): count=1 time=172ms
2023-04-18 11:22:52,556 [JvmPauseMonitor32] WARN  util.JvmPauseMonitor (JvmPauseMonitor.java:detectPause(126)) - JvmPauseMonitor-91a9907d-d256-4c6d-9d08-d72cf378ab76: Detected pause in JVM or host machine (eg GC): pause of approximately 182467885ns.
GC pool 'PS Scavenge' had collection(s): count=1 time=172ms
2023-04-18 11:22:52,559 [JvmPauseMonitor31] WARN  util.JvmPauseMonitor (JvmPauseMonitor.java:detectPause(126)) - JvmPauseMonitor-38539a6a-e263-4753-9c37-44dbafee2108: Detected pause in JVM or host machine (eg GC): pause of approximately 203192157ns.
GC pool 'PS Scavenge' had collection(s): count=1 time=172ms
2023-04-18 11:22:52,559 [JvmPauseMonitor25] WARN  util.JvmPauseMonitor (JvmPauseMonitor.java:detectPause(126)) - JvmPauseMonitor-om1: Detected pause in JVM or host machine (eg GC): pause of approximately 203317056ns.
GC pool 'PS Scavenge' had collection(s): count=1 time=172ms
2023-04-18 11:22:52,567 [JvmPauseMonitor17] WARN  util.JvmPauseMonitor (JvmPauseMonitor.java:detectPause(126)) - JvmPauseMonitor-ffa08bb8-08ae-4adf-813c-f4421d2d52fd: Detected pause in JVM or host machine (eg GC): pause of approximately 211819962ns.
GC pool 'PS Scavenge' had collection(s): count=1 time=172ms
2023-04-18 11:22:52,568 [om1@group-C5BA1605619E-LeaderElection76] INFO  impl.LeaderElection (LeaderElection.java:askForVotes(312)) - om1@group-C5BA1605619E-LeaderElection76 ELECTION round 0: submit vote requests at term 1 for -1: peers:[om1|rpc:localhost:39535|priority:0|startupRole:FOLLOWER]|listeners:[], old=null
2023-04-18 11:22:52,568 [om1@group-C5BA1605619E-LeaderElection76] INFO  impl.LeaderElection (LeaderElection.java:askForVotes(314)) - om1@group-C5BA1605619E-LeaderElection76 ELECTION round 0: result PASSED (term=1)
2023-04-18 11:22:52,568 [om1@group-C5BA1605619E-LeaderElection76] INFO  impl.RoleInfo (RoleInfo.java:shutdownLeaderElection(130)) - om1: shutdown om1@group-C5BA1605619E-LeaderElection76
2023-04-18 11:22:52,568 [om1@group-C5BA1605619E-LeaderElection76] INFO  server.RaftServer$Division (RaftServerImpl.java:setRole(321)) - om1@group-C5BA1605619E: changes role from CANDIDATE to LEADER at term 1 for changeToLeader
2023-04-18 11:22:52,568 [om1@group-C5BA1605619E-LeaderElection76] INFO  server.RaftServer$Division (ServerState.java:setLeader(313)) - om1@group-C5BA1605619E: change Leader from null to om1 at term 1 for becomeLeader, leader elected after 2500ms
2023-04-18 11:22:52,568 [om1@group-C5BA1605619E-LeaderElection76] INFO  server.RaftServerConfigKeys (ConfUtils.java:logGet(46)) - raft.server.staging.catchup.gap = 1000 (default)
2023-04-18 11:22:52,569 [om1@group-C5BA1605619E-LeaderElection76] INFO  server.RaftServerConfigKeys (ConfUtils.java:logGet(46)) - raft.server.write.element-limit = 4096 (default)
2023-04-18 11:22:52,569 [om1@group-C5BA1605619E-LeaderElection76] INFO  server.RaftServerConfigKeys (ConfUtils.java:logGet(46)) - raft.server.write.byte-limit = 64MB (=67108864) (default)
2023-04-18 11:22:52,569 [om1@group-C5BA1605619E-LeaderElection76] INFO  server.RaftServerConfigKeys (ConfUtils.java:logGet(46)) - raft.server.watch.timeout = 10s (default)
2023-04-18 11:22:52,569 [om1@group-C5BA1605619E-LeaderElection76] INFO  server.RaftServerConfigKeys (ConfUtils.java:logGet(46)) - raft.server.watch.timeout.denomination = 1s (default)
2023-04-18 11:22:52,569 [om1@group-C5BA1605619E-LeaderElection76] INFO  server.RaftServerConfigKeys (ConfUtils.java:logGet(46)) - raft.server.watch.element-limit = 65536 (default)
2023-04-18 11:22:52,569 [om1@group-C5BA1605619E-LeaderElection76] INFO  server.RaftServerConfigKeys (ConfUtils.java:logGet(46)) - raft.server.write.element-limit = 4096 (default)
2023-04-18 11:22:52,569 [om1@group-C5BA1605619E-LeaderElection76] INFO  server.RaftServerConfigKeys (ConfUtils.java:logGet(46)) - raft.server.write.follower.gap.ratio.max = -1.0 (default)
2023-04-18 11:22:52,569 [om1@group-C5BA1605619E-LeaderElection76] INFO  impl.RoleInfo (RoleInfo.java:updateAndGet(139)) - om1: start om1@group-C5BA1605619E-LeaderStateImpl
2023-04-18 11:22:52,570 [om1@group-C5BA1605619E-LeaderElection76] INFO  segmented.SegmentedRaftLogWorker (SegmentedRaftLogWorker.java:startLogSegment(452)) - om1@group-C5BA1605619E-SegmentedRaftLogWorker: Starting segment from index:0
2023-04-18 11:22:52,592 [om1@group-C5BA1605619E-LeaderElection76] INFO  server.RaftServer$Division (ServerState.java:setRaftConf(430)) - om1@group-C5BA1605619E: set configuration 0: peers:[om1|rpc:localhost:39535|admin:|client:|dataStream:|priority:0|startupRole:FOLLOWER]|listeners:[], old=null
2023-04-18 11:22:52,597 [om1@group-C5BA1605619E-SegmentedRaftLogWorker] INFO  segmented.SegmentedRaftLogWorker (SegmentedRaftLogWorker.java:execute(656)) - om1@group-C5BA1605619E-SegmentedRaftLogWorker: created new log segment /home/runner/work/ozone/ozone/hadoop-ozone/integration-test/target/test-dir/MiniOzoneClusterImpl-c674532b-0fb0-44c5-9ca4-f83b29d9fdfa/ozone-meta/ratis/bf265839-605b-3f16-9796-c5ba1605619e/current/log_inprogress_0
2023-04-18 11:22:52,600 [om1@group-C5BA1605619E-StateMachineUpdater] INFO  ratis.OzoneManagerStateMachine (OzoneManagerStateMachine.java:notifyConfigurationChanged(200)) - Received Configuration change notification from Ratis. New Peer list:
[id: "om1"
address: "localhost:39535"
startupRole: FOLLOWER
]
2023-04-18 11:22:52,670 [Listener at 127.0.0.1/37041] INFO  handler.ContextHandler (ContextHandler.java:doStart(921)) - Started o.e.j.w.WebAppContext@3efa98e2{hddsDatanode,/,file:///home/runner/work/ozone/ozone/hadoop-ozone/integration-test/target/test-dir/MiniOzoneClusterImpl-c674532b-0fb0-44c5-9ca4-f83b29d9fdfa/datanode-0/meta/webserver/jetty-0_0_0_0-45331-hdds-container-service-1_4_0-SNAPSHOT_jar-_-any-8400964872017675381/webapp/,AVAILABLE}{jar:file:/home/runner/.m2/repository/org/apache/ozone/hdds-container-service/1.4.0-SNAPSHOT/hdds-container-service-1.4.0-SNAPSHOT.jar!/webapps/hddsDatanode}
2023-04-18 11:22:52,677 [Listener at 127.0.0.1/37041] INFO  server.AbstractConnector (AbstractConnector.java:doStart(333)) - Started ServerConnector@386ab6f1{HTTP/1.1, (http/1.1)}{0.0.0.0:45331}
2023-04-18 11:22:52,677 [Listener at 127.0.0.1/37041] INFO  server.Server (Server.java:doStart(415)) - Started @140199ms
2023-04-18 11:22:52,677 [Listener at 127.0.0.1/37041] WARN  impl.MetricsSystemImpl (MetricsSystemImpl.java:register(279)) - Sink prometheus already exists!
2023-04-18 11:22:52,678 [Listener at 127.0.0.1/37041] INFO  http.BaseHttpServer (BaseHttpServer.java:updateConnectorAddress(344)) - HTTP server of hddsDatanode listening at http://0.0.0.0:45331
2023-04-18 11:22:52,683 [Listener at 127.0.0.1/37041] WARN  impl.MetricRegistriesImpl (MetricRegistriesImpl.java:addReporterRegistration(111)) - New reporters are added after registries were created. Some metrics will be missing from the reporter. Please add reporter before adding any new registry.
2023-04-18 11:22:52,683 [Listener at 127.0.0.1/37041] WARN  impl.MetricRegistriesImpl (MetricRegistriesImpl.java:addReporterRegistration(111)) - New reporters are added after registries were created. Some metrics will be missing from the reporter. Please add reporter before adding any new registry.
2023-04-18 11:22:52,684 [Listener at 127.0.0.1/37041] INFO  impl.MetricsSystemImpl (MetricsSystemImpl.java:init(158)) - HddsDatanode metrics system started (again)
2023-04-18 11:22:52,690 [Datanode State Machine Daemon Thread] INFO  statemachine.DatanodeStateMachine (DatanodeStateMachine.java:lambda$startDaemon$0(517)) - Ozone container server started.
2023-04-18 11:22:52,704 [Listener at 127.0.0.1/37041] INFO  ozone.HddsDatanodeService (HddsDatanodeService.java:start(252)) - HddsDatanodeService host:fv-az570-656.srgqcr2moziuvm0qev4lajleyh.dx.internal.cloudapp.net ip:10.1.0.33
2023-04-18 11:22:52,709 [a5634e25-af16-4753-8f18-352d6216d1aa@group-D6A33BDA550B-FollowerState] INFO  impl.FollowerState (FollowerState.java:run(143)) - a5634e25-af16-4753-8f18-352d6216d1aa@group-D6A33BDA550B-FollowerState: change to CANDIDATE, lastRpcElapsedTime:5385225103ns, electionTimeout:5177ms
2023-04-18 11:22:52,709 [a5634e25-af16-4753-8f18-352d6216d1aa@group-D6A33BDA550B-FollowerState] INFO  impl.RoleInfo (RoleInfo.java:shutdownFollowerState(110)) - a5634e25-af16-4753-8f18-352d6216d1aa: shutdown a5634e25-af16-4753-8f18-352d6216d1aa@group-D6A33BDA550B-FollowerState
2023-04-18 11:22:52,709 [a5634e25-af16-4753-8f18-352d6216d1aa@group-D6A33BDA550B-FollowerState] INFO  server.RaftServer$Division (RaftServerImpl.java:setRole(321)) - a5634e25-af16-4753-8f18-352d6216d1aa@group-D6A33BDA550B: changes role from  FOLLOWER to CANDIDATE at term 1 for changeToCandidate
2023-04-18 11:22:52,725 [org.apache.hadoop.util.JvmPauseMonitor$Monitor@1864d7d2] INFO  util.JvmPauseMonitor (JvmPauseMonitor.java:run(188)) - Starting JVM pause monitor
2023-04-18 11:22:52,726 [a5634e25-af16-4753-8f18-352d6216d1aa@group-D6A33BDA550B-FollowerState] INFO  server.RaftServerConfigKeys (ConfUtils.java:logGet(46)) - raft.server.leaderelection.pre-vote = true (default)
2023-04-18 11:22:52,726 [a5634e25-af16-4753-8f18-352d6216d1aa@group-D6A33BDA550B-FollowerState] INFO  impl.RoleInfo (RoleInfo.java:updateAndGet(139)) - a5634e25-af16-4753-8f18-352d6216d1aa: start a5634e25-af16-4753-8f18-352d6216d1aa@group-D6A33BDA550B-LeaderElection77
2023-04-18 11:22:52,732 [a5634e25-af16-4753-8f18-352d6216d1aa@group-D6A33BDA550B-LeaderElection77] INFO  server.RaftServer$Division (ServerState.java:setLeader(313)) - a5634e25-af16-4753-8f18-352d6216d1aa@group-D6A33BDA550B: change Leader from c5b644a3-d162-45a9-bab1-b823400058bf to null at term 1 for PRE_VOTE
2023-04-18 11:22:52,732 [a5634e25-af16-4753-8f18-352d6216d1aa@group-D6A33BDA550B-LeaderElection77] INFO  impl.LeaderElection (LeaderElection.java:askForVotes(312)) - a5634e25-af16-4753-8f18-352d6216d1aa@group-D6A33BDA550B-LeaderElection77 PRE_VOTE round 0: submit vote requests at term 1 for 0: peers:[c5b644a3-d162-45a9-bab1-b823400058bf|rpc:10.1.0.33:33375|dataStream:10.1.0.33:33543|priority:1|startupRole:FOLLOWER, a5634e25-af16-4753-8f18-352d6216d1aa|rpc:10.1.0.33:45211|dataStream:10.1.0.33:44627|priority:0|startupRole:FOLLOWER, cf8b561e-9e41-4bd3-90de-b9cd5490d501|rpc:10.1.0.33:46341|dataStream:10.1.0.33:36349|priority:0|startupRole:FOLLOWER]|listeners:[], old=null
2023-04-18 11:22:52,742 [Datanode State Machine Task Thread - 0] INFO  datanode.InitDatanodeState (InitDatanodeState.java:persistContainerDatanodeDetails(138)) - DatanodeDetails is persisted to /home/runner/work/ozone/ozone/hadoop-ozone/integration-test/target/test-dir/MiniOzoneClusterImpl-c674532b-0fb0-44c5-9ca4-f83b29d9fdfa/datanode-0/meta/datanode.id
2023-04-18 11:22:52,748 [a5634e25-af16-4753-8f18-352d6216d1aa@group-D6A33BDA550B-LeaderElection77-2] INFO  server.GrpcServerProtocolClient (GrpcServerProtocolClient.java:<init>(63)) - Build channel for cf8b561e-9e41-4bd3-90de-b9cd5490d501
2023-04-18 11:22:52,752 [a5634e25-af16-4753-8f18-352d6216d1aa@group-D6A33BDA550B-LeaderElection77-1] INFO  server.GrpcServerProtocolClient (GrpcServerProtocolClient.java:<init>(63)) - Build channel for c5b644a3-d162-45a9-bab1-b823400058bf
2023-04-18 11:22:52,763 [Listener at 127.0.0.1/37041] INFO  upgrade.AbstractLayoutVersionManager (AbstractLayoutVersionManager.java:init(83)) - Initializing Layout version manager with metadata layout = WEBUI_PORTS_IN_DATANODEDETAILS (version = 6), software layout = WEBUI_PORTS_IN_DATANODEDETAILS (version = 6)
2023-04-18 11:22:52,771 [a5634e25-af16-4753-8f18-352d6216d1aa@group-D6A33BDA550B-LeaderElection77] INFO  impl.LeaderElection (LogUtils.java:infoOrTrace(137)) - a5634e25-af16-4753-8f18-352d6216d1aa@group-D6A33BDA550B-LeaderElection77 got exception when requesting votes: java.util.concurrent.ExecutionException: org.apache.ratis.thirdparty.io.grpc.StatusRuntimeException: UNAVAILABLE: io exception
2023-04-18 11:22:52,771 [a5634e25-af16-4753-8f18-352d6216d1aa@group-D6A33BDA550B-LeaderElection77] INFO  impl.LeaderElection (LogUtils.java:infoOrTrace(137)) - a5634e25-af16-4753-8f18-352d6216d1aa@group-D6A33BDA550B-LeaderElection77 got exception when requesting votes: java.util.concurrent.ExecutionException: org.apache.ratis.thirdparty.io.grpc.StatusRuntimeException: UNAVAILABLE: io exception
2023-04-18 11:22:52,771 [a5634e25-af16-4753-8f18-352d6216d1aa@group-D6A33BDA550B-LeaderElection77] INFO  impl.LeaderElection (LeaderElection.java:logAndReturn(90)) - a5634e25-af16-4753-8f18-352d6216d1aa@group-D6A33BDA550B-LeaderElection77: PRE_VOTE REJECTED received 0 response(s) and 2 exception(s):
2023-04-18 11:22:52,771 [a5634e25-af16-4753-8f18-352d6216d1aa@group-D6A33BDA550B-LeaderElection77] INFO  impl.LeaderElection (LogUtils.java:infoOrTrace(137)) -   Exception 0: java.util.concurrent.ExecutionException: org.apache.ratis.thirdparty.io.grpc.StatusRuntimeException: UNAVAILABLE: io exception
2023-04-18 11:22:52,771 [a5634e25-af16-4753-8f18-352d6216d1aa@group-D6A33BDA550B-LeaderElection77] INFO  impl.LeaderElection (LogUtils.java:infoOrTrace(137)) -   Exception 1: java.util.concurrent.ExecutionException: org.apache.ratis.thirdparty.io.grpc.StatusRuntimeException: UNAVAILABLE: io exception
2023-04-18 11:22:52,771 [a5634e25-af16-4753-8f18-352d6216d1aa@group-D6A33BDA550B-LeaderElection77] INFO  impl.LeaderElection (LeaderElection.java:askForVotes(314)) - a5634e25-af16-4753-8f18-352d6216d1aa@group-D6A33BDA550B-LeaderElection77 PRE_VOTE round 0: result REJECTED
2023-04-18 11:22:52,771 [a5634e25-af16-4753-8f18-352d6216d1aa@group-D6A33BDA550B-LeaderElection77] INFO  server.RaftServer$Division (RaftServerImpl.java:setRole(321)) - a5634e25-af16-4753-8f18-352d6216d1aa@group-D6A33BDA550B: changes role from CANDIDATE to FOLLOWER at term 1 for REJECTED
2023-04-18 11:22:52,771 [a5634e25-af16-4753-8f18-352d6216d1aa@group-D6A33BDA550B-LeaderElection77] INFO  impl.RoleInfo (RoleInfo.java:shutdownLeaderElection(130)) - a5634e25-af16-4753-8f18-352d6216d1aa: shutdown a5634e25-af16-4753-8f18-352d6216d1aa@group-D6A33BDA550B-LeaderElection77
2023-04-18 11:22:52,771 [a5634e25-af16-4753-8f18-352d6216d1aa@group-D6A33BDA550B-LeaderElection77] INFO  impl.RoleInfo (RoleInfo.java:updateAndGet(139)) - a5634e25-af16-4753-8f18-352d6216d1aa: start a5634e25-af16-4753-8f18-352d6216d1aa@group-D6A33BDA550B-FollowerState
2023-04-18 11:22:52,870 [Listener at 127.0.0.1/37041] INFO  reflections.Reflections (Reflections.java:scan(232)) - Reflections took 104 ms to scan 7 urls, producing 156 keys and 369 values 
2023-04-18 11:22:52,876 [Listener at 127.0.0.1/37041] INFO  statemachine.DatanodeStateMachine (DatanodeStateMachine.java:getEndPointTaskThreadPoolSize(260)) - Datanode State Machine Task Thread Pool size 2
2023-04-18 11:22:52,879 [Listener at 127.0.0.1/37041] INFO  volume.HddsVolume (HddsVolume.java:<init>(130)) - Creating HddsVolume: /home/runner/work/ozone/ozone/hadoop-ozone/integration-test/target/test-dir/MiniOzoneClusterImpl-c674532b-0fb0-44c5-9ca4-f83b29d9fdfa/datanode-1/data-0/containers/hdds of storage type : DISK capacity : 9223372036854775807
2023-04-18 11:22:52,880 [Listener at 127.0.0.1/37041] INFO  volume.MutableVolumeSet (MutableVolumeSet.java:initializeVolumeSet(175)) - Added Volume : /home/runner/work/ozone/ozone/hadoop-ozone/integration-test/target/test-dir/MiniOzoneClusterImpl-c674532b-0fb0-44c5-9ca4-f83b29d9fdfa/datanode-1/data-0/containers/hdds to VolumeSet
2023-04-18 11:22:52,880 [Listener at 127.0.0.1/37041] INFO  volume.ThrottledAsyncChecker (ThrottledAsyncChecker.java:schedule(141)) - Scheduling a check for /home/runner/work/ozone/ozone/hadoop-ozone/integration-test/target/test-dir/MiniOzoneClusterImpl-c674532b-0fb0-44c5-9ca4-f83b29d9fdfa/datanode-1/data-0/containers/hdds
2023-04-18 11:22:52,881 [Listener at 127.0.0.1/37041] INFO  volume.StorageVolumeChecker (StorageVolumeChecker.java:checkAllVolumes(202)) - Scheduled health check for volume /home/runner/work/ozone/ozone/hadoop-ozone/integration-test/target/test-dir/MiniOzoneClusterImpl-c674532b-0fb0-44c5-9ca4-f83b29d9fdfa/datanode-1/data-0/containers/hdds
2023-04-18 11:22:52,914 [Listener at 127.0.0.1/37041] INFO  volume.MutableVolumeSet (MutableVolumeSet.java:initializeVolumeSet(175)) - Added Volume : /home/runner/work/ozone/ozone/hadoop-ozone/integration-test/target/test-dir/MiniOzoneClusterImpl-c674532b-0fb0-44c5-9ca4-f83b29d9fdfa/datanode-1/data/ratis to VolumeSet
2023-04-18 11:22:52,914 [Listener at 127.0.0.1/37041] INFO  volume.ThrottledAsyncChecker (ThrottledAsyncChecker.java:schedule(141)) - Scheduling a check for /home/runner/work/ozone/ozone/hadoop-ozone/integration-test/target/test-dir/MiniOzoneClusterImpl-c674532b-0fb0-44c5-9ca4-f83b29d9fdfa/datanode-1/data/ratis
2023-04-18 11:22:52,914 [Listener at 127.0.0.1/37041] INFO  volume.StorageVolumeChecker (StorageVolumeChecker.java:checkAllVolumes(202)) - Scheduled health check for volume /home/runner/work/ozone/ozone/hadoop-ozone/integration-test/target/test-dir/MiniOzoneClusterImpl-c674532b-0fb0-44c5-9ca4-f83b29d9fdfa/datanode-1/data/ratis
2023-04-18 11:22:52,946 [Thread-2652] INFO  ozoneimpl.ContainerReader (ContainerReader.java:readVolume(175)) - Finish verifying containers on volume /home/runner/work/ozone/ozone/hadoop-ozone/integration-test/target/test-dir/MiniOzoneClusterImpl-c674532b-0fb0-44c5-9ca4-f83b29d9fdfa/datanode-1/data-0/containers/hdds
2023-04-18 11:22:52,946 [Listener at 127.0.0.1/37041] INFO  ozoneimpl.OzoneContainer (OzoneContainer.java:buildContainerSet(303)) - Build ContainerSet costs 0s
2023-04-18 11:22:52,948 [Listener at 127.0.0.1/37041] INFO  server.RaftServer (ConfUtils.java:logGet(46)) - raft.rpc.type = GRPC (default)
2023-04-18 11:22:52,948 [Listener at 127.0.0.1/37041] INFO  grpc.GrpcConfigKeys (ConfUtils.java:logFallback(53)) - raft.grpc.admin.host = null (fallback to raft.grpc.server.host)
2023-04-18 11:22:52,948 [Listener at 127.0.0.1/37041] INFO  grpc.GrpcConfigKeys (ConfUtils.java:logGet(46)) - raft.grpc.admin.port = 0 (custom)
2023-04-18 11:22:52,948 [Listener at 127.0.0.1/37041] INFO  grpc.GrpcConfigKeys (ConfUtils.java:logFallback(53)) - raft.grpc.client.host = null (fallback to raft.grpc.server.host)
2023-04-18 11:22:52,949 [Listener at 127.0.0.1/37041] INFO  grpc.GrpcConfigKeys (ConfUtils.java:logGet(46)) - raft.grpc.client.port = 0 (custom)
2023-04-18 11:22:52,949 [Listener at 127.0.0.1/37041] INFO  grpc.GrpcConfigKeys (ConfUtils.java:logGet(46)) - raft.grpc.server.host = null (default)
2023-04-18 11:22:52,949 [Listener at 127.0.0.1/37041] INFO  grpc.GrpcConfigKeys (ConfUtils.java:logGet(46)) - raft.grpc.server.port = 0 (default)
2023-04-18 11:22:52,949 [Listener at 127.0.0.1/37041] INFO  server.GrpcService (ConfUtils.java:logGet(46)) - raft.grpc.message.size.max = 32MB (=33554432) (custom)
2023-04-18 11:22:52,949 [Listener at 127.0.0.1/37041] INFO  server.RaftServerConfigKeys (ConfUtils.java:logGet(46)) - raft.server.log.appender.buffer.byte-limit = 33554432 (custom)
2023-04-18 11:22:52,949 [Listener at 127.0.0.1/37041] INFO  server.GrpcService (ConfUtils.java:logGet(46)) - raft.grpc.flow.control.window = 5MB (=5242880) (custom)
2023-04-18 11:22:52,949 [Listener at 127.0.0.1/37041] INFO  server.RaftServerConfigKeys (ConfUtils.java:logGet(46)) - raft.server.rpc.request.timeout = 60s (custom)
2023-04-18 11:22:52,949 [Listener at 127.0.0.1/37041] INFO  grpc.GrpcConfigKeys (ConfUtils.java:logGet(46)) - raft.grpc.server.heartbeat.channel = true (default)
2023-04-18 11:22:52,949 [Listener at 127.0.0.1/37041] INFO  grpc.GrpcConfigKeys (ConfUtils.java:logGet(46)) - raft.grpc.server.async.request.thread.pool.cached = true (default)
2023-04-18 11:22:52,949 [Listener at 127.0.0.1/37041] INFO  grpc.GrpcConfigKeys (ConfUtils.java:logGet(46)) - raft.grpc.server.async.request.thread.pool.size = 32 (default)
2023-04-18 11:22:52,954 [Listener at 127.0.0.1/37041] INFO  impl.DataStreamServerImpl (ConfUtils.java:logGet(46)) - raft.datastream.type = NETTY (custom)
2023-04-18 11:22:52,954 [Listener at 127.0.0.1/37041] INFO  server.RaftServerConfigKeys (ConfUtils.java:logGet(46)) - raft.server.data-stream.async.request.thread.pool.cached = false (default)
2023-04-18 11:22:52,954 [Listener at 127.0.0.1/37041] INFO  server.RaftServerConfigKeys (ConfUtils.java:logGet(46)) - raft.server.data-stream.async.request.thread.pool.size = 20 (custom)
2023-04-18 11:22:52,954 [Listener at 127.0.0.1/37041] INFO  server.RaftServerConfigKeys (ConfUtils.java:logGet(46)) - raft.server.data-stream.async.write.thread.pool.size = 16 (default)
2023-04-18 11:22:52,954 [Listener at 127.0.0.1/37041] INFO  server.RaftServerConfigKeys (ConfUtils.java:logGet(46)) - raft.server.data-stream.client.pool.size = 10 (default)
2023-04-18 11:22:52,954 [Listener at 127.0.0.1/37041] INFO  netty.NettyConfigKeys$DataStream (ConfUtils.java:logGet(46)) - raft.netty.dataStream.server.use-epoll = false (default)
2023-04-18 11:22:52,954 [Listener at 127.0.0.1/37041] INFO  netty.NettyConfigKeys$DataStream (ConfUtils.java:logGet(46)) - raft.netty.dataStream.server.boss-group.size = 0 (default)
2023-04-18 11:22:52,963 [Listener at 127.0.0.1/37041] INFO  netty.NettyConfigKeys$DataStream (ConfUtils.java:logGet(46)) - raft.netty.dataStream.server.worker-group.size = 0 (default)
2023-04-18 11:22:52,963 [Listener at 127.0.0.1/37041] INFO  netty.NettyConfigKeys$DataStream (ConfUtils.java:logGet(46)) - raft.netty.dataStream.server.tls.conf = null (default)
2023-04-18 11:22:52,963 [Listener at 127.0.0.1/37041] INFO  netty.NettyConfigKeys$DataStream (ConfUtils.java:logGet(46)) - raft.netty.dataStream.host = null (default)
2023-04-18 11:22:52,963 [Listener at 127.0.0.1/37041] INFO  netty.NettyConfigKeys$DataStream (ConfUtils.java:logGet(46)) - raft.netty.dataStream.port = 0 (default)
2023-04-18 11:22:52,964 [Listener at 127.0.0.1/37041] INFO  server.RaftServerConfigKeys (ConfUtils.java:logGet(46)) - raft.server.threadpool.proxy.cached = true (default)
2023-04-18 11:22:52,964 [Listener at 127.0.0.1/37041] INFO  server.RaftServerConfigKeys (ConfUtils.java:logGet(46)) - raft.server.threadpool.proxy.size = 0 (default)
2023-04-18 11:22:52,964 [Listener at 127.0.0.1/37041] INFO  server.RaftServerConfigKeys (ConfUtils.java:logGet(46)) - raft.server.rpc.slowness.timeout = 300s (custom)
2023-04-18 11:22:52,964 [Listener at 127.0.0.1/37041] INFO  server.RaftServerConfigKeys (ConfUtils.java:logGet(46)) - raft.server.leaderelection.leader.step-down.wait-time = 10s (default)
2023-04-18 11:22:52,964 [c4328530-2228-4a35-bb1e-31d75e23fd37-NettyServerStreamRpc-bossGroup--thread1] INFO  logging.LoggingHandler (AbstractInternalLogger.java:log(148)) - [id: 0xa383be0b] REGISTERED
2023-04-18 11:22:52,964 [c4328530-2228-4a35-bb1e-31d75e23fd37-NettyServerStreamRpc-bossGroup--thread1] INFO  logging.LoggingHandler (AbstractInternalLogger.java:log(148)) - [id: 0xa383be0b] BIND: 0.0.0.0/0.0.0.0:0
2023-04-18 11:22:52,965 [c4328530-2228-4a35-bb1e-31d75e23fd37-NettyServerStreamRpc-bossGroup--thread1] INFO  logging.LoggingHandler (AbstractInternalLogger.java:log(148)) - [id: 0xa383be0b, L:/0:0:0:0:0:0:0:0:33249] ACTIVE
2023-04-18 11:22:52,964 [Listener at 127.0.0.1/37041] INFO  server.RaftServerConfigKeys (ConfUtils.java:logGet(46)) - raft.server.storage.dir = [/home/runner/work/ozone/ozone/hadoop-ozone/integration-test/target/test-dir/MiniOzoneClusterImpl-c674532b-0fb0-44c5-9ca4-f83b29d9fdfa/datanode-1/data/ratis] (custom)
2023-04-18 11:22:52,966 [ChunkReader-0] INFO  keyvalue.KeyValueHandler (ContainerUtils.java:logAndReturnError(91)) - Operation: PutBlock , Trace ID:  , Message: Put Key failed , Result: IO_EXCEPTION , StorageContainerException Occurred.
org.apache.hadoop.hdds.scm.container.common.helpers.StorageContainerException: Put Key failed
	at org.apache.hadoop.ozone.container.keyvalue.KeyValueHandler.handlePutBlock(KeyValueHandler.java:565)
	at org.apache.hadoop.ozone.container.keyvalue.KeyValueHandler.dispatchRequest(KeyValueHandler.java:261)
	at org.apache.hadoop.ozone.container.keyvalue.KeyValueHandler.handle(KeyValueHandler.java:232)
	at org.apache.hadoop.ozone.container.common.impl.HddsDispatcher.dispatchRequest(HddsDispatcher.java:320)
	at org.apache.hadoop.ozone.container.common.impl.HddsDispatcher.lambda$dispatch$0(HddsDispatcher.java:171)
	at org.apache.hadoop.hdds.server.OzoneProtocolMessageDispatcher.processRequest(OzoneProtocolMessageDispatcher.java:87)
	at org.apache.hadoop.ozone.container.common.impl.HddsDispatcher.dispatch(HddsDispatcher.java:170)
	at org.apache.hadoop.ozone.container.common.transport.server.GrpcXceiverService$1.onNext(GrpcXceiverService.java:57)
	at org.apache.hadoop.ozone.container.common.transport.server.GrpcXceiverService$1.onNext(GrpcXceiverService.java:50)
	at org.apache.ratis.thirdparty.io.grpc.stub.ServerCalls$StreamingServerCallHandler$StreamingServerCallListener.onMessage(ServerCalls.java:262)
	at org.apache.ratis.thirdparty.io.grpc.ForwardingServerCallListener.onMessage(ForwardingServerCallListener.java:33)
	at org.apache.hadoop.hdds.tracing.GrpcServerInterceptor$1.onMessage(GrpcServerInterceptor.java:49)
	at org.apache.ratis.thirdparty.io.grpc.internal.ServerCallImpl$ServerStreamListenerImpl.messagesAvailableInternal(ServerCallImpl.java:332)
	at org.apache.ratis.thirdparty.io.grpc.internal.ServerCallImpl$ServerStreamListenerImpl.messagesAvailable(ServerCallImpl.java:315)
	at org.apache.ratis.thirdparty.io.grpc.internal.ServerImpl$JumpToApplicationThreadServerStreamListener$1MessagesAvailable.runInContext(ServerImpl.java:834)
	at org.apache.ratis.thirdparty.io.grpc.internal.ContextRunnable.run(ContextRunnable.java:37)
	at org.apache.ratis.thirdparty.io.grpc.internal.SerializingExecutor.run(SerializingExecutor.java:133)
	at java.util.concurrent.ThreadPoolExecutor.runWorker(ThreadPoolExecutor.java:1149)
	at java.util.concurrent.ThreadPoolExecutor$Worker.run(ThreadPoolExecutor.java:624)
	at java.lang.Thread.run(Thread.java:750)
Caused by: java.io.IOException: Rocks Database is closed
	at org.apache.hadoop.hdds.utils.db.RocksDatabase.assertClose(RocksDatabase.java:413)
	at org.apache.hadoop.hdds.utils.db.RocksDatabase.get(RocksDatabase.java:647)
	at org.apache.hadoop.hdds.utils.db.RDBTable.get(RDBTable.java:110)
	at org.apache.hadoop.hdds.utils.db.RDBTable.get(RDBTable.java:40)
	at org.apache.hadoop.hdds.utils.db.TypedTable.getFromTable(TypedTable.java:255)
	at org.apache.hadoop.hdds.utils.db.TypedTable.get(TypedTable.java:181)
	at org.apache.hadoop.ozone.container.metadata.DatanodeTable.get(DatanodeTable.java:111)
	at org.apache.hadoop.ozone.container.keyvalue.impl.BlockManagerImpl.persistPutBlock(BlockManagerImpl.java:160)
	at org.apache.hadoop.ozone.container.keyvalue.impl.BlockManagerImpl.putBlock(BlockManagerImpl.java:103)
	at org.apache.hadoop.ozone.container.keyvalue.KeyValueHandler.handlePutBlock(KeyValueHandler.java:556)
	... 19 more
2023-04-18 11:22:52,967 [Listener at 127.0.0.1/37041] INFO  server.XceiverServerGrpc (XceiverServerGrpc.java:<init>(132)) - GrpcServer channel type EpollServerSocketChannel
2023-04-18 11:22:52,971 [ChunkReader-6] INFO  keyvalue.KeyValueHandler (ContainerUtils.java:logAndReturnError(91)) - Operation: PutBlock , Trace ID:  , Message: java.lang.NullPointerException , Result: CONTAINER_INTERNAL_ERROR , StorageContainerException Occurred.
org.apache.hadoop.hdds.scm.container.common.helpers.StorageContainerException: java.lang.NullPointerException
	at org.apache.hadoop.ozone.container.keyvalue.KeyValueHandler.handle(KeyValueHandler.java:235)
	at org.apache.hadoop.ozone.container.common.impl.HddsDispatcher.dispatchRequest(HddsDispatcher.java:320)
	at org.apache.hadoop.ozone.container.common.impl.HddsDispatcher.lambda$dispatch$0(HddsDispatcher.java:171)
	at org.apache.hadoop.hdds.server.OzoneProtocolMessageDispatcher.processRequest(OzoneProtocolMessageDispatcher.java:87)
	at org.apache.hadoop.ozone.container.common.impl.HddsDispatcher.dispatch(HddsDispatcher.java:170)
	at org.apache.hadoop.ozone.container.common.transport.server.GrpcXceiverService$1.onNext(GrpcXceiverService.java:57)
	at org.apache.hadoop.ozone.container.common.transport.server.GrpcXceiverService$1.onNext(GrpcXceiverService.java:50)
	at org.apache.ratis.thirdparty.io.grpc.stub.ServerCalls$StreamingServerCallHandler$StreamingServerCallListener.onMessage(ServerCalls.java:262)
	at org.apache.ratis.thirdparty.io.grpc.ForwardingServerCallListener.onMessage(ForwardingServerCallListener.java:33)
	at org.apache.hadoop.hdds.tracing.GrpcServerInterceptor$1.onMessage(GrpcServerInterceptor.java:49)
	at org.apache.ratis.thirdparty.io.grpc.internal.ServerCallImpl$ServerStreamListenerImpl.messagesAvailableInternal(ServerCallImpl.java:332)
	at org.apache.ratis.thirdparty.io.grpc.internal.ServerCallImpl$ServerStreamListenerImpl.messagesAvailable(ServerCallImpl.java:315)
	at org.apache.ratis.thirdparty.io.grpc.internal.ServerImpl$JumpToApplicationThreadServerStreamListener$1MessagesAvailable.runInContext(ServerImpl.java:834)
	at org.apache.ratis.thirdparty.io.grpc.internal.ContextRunnable.run(ContextRunnable.java:37)
	at org.apache.ratis.thirdparty.io.grpc.internal.SerializingExecutor.run(SerializingExecutor.java:133)
	at java.util.concurrent.ThreadPoolExecutor.runWorker(ThreadPoolExecutor.java:1149)
	at java.util.concurrent.ThreadPoolExecutor$Worker.run(ThreadPoolExecutor.java:624)
	at java.lang.Thread.run(Thread.java:750)
Caused by: java.lang.NullPointerException
	at org.apache.hadoop.ozone.container.keyvalue.impl.BlockManagerImpl.persistPutBlock(BlockManagerImpl.java:154)
	at org.apache.hadoop.ozone.container.keyvalue.impl.BlockManagerImpl.putBlock(BlockManagerImpl.java:103)
	at org.apache.hadoop.ozone.container.keyvalue.KeyValueHandler.handlePutBlock(KeyValueHandler.java:556)
	at org.apache.hadoop.ozone.container.keyvalue.KeyValueHandler.dispatchRequest(KeyValueHandler.java:261)
	at org.apache.hadoop.ozone.container.keyvalue.KeyValueHandler.handle(KeyValueHandler.java:232)
	... 17 more
2023-04-18 11:22:52,972 [Listener at 127.0.0.1/37041] INFO  http.BaseHttpServer (BaseHttpServer.java:newHttpServer2BuilderForOzone(224)) - Starting Web-server for hddsDatanode at: http://0.0.0.0:0
2023-04-18 11:22:52,972 [Listener at 127.0.0.1/37041] INFO  http.BaseHttpServer (BaseHttpServer.java:<init>(111)) - Hadoop Security Enabled: false Ozone Security Enabled: false Ozone HTTP Security Enabled: false 
2023-04-18 11:22:52,972 [ChunkReader-5] INFO  keyvalue.KeyValueHandler (ContainerUtils.java:logAndReturnError(91)) - Operation: PutBlock , Trace ID:  , Message: java.lang.NullPointerException , Result: CONTAINER_INTERNAL_ERROR , StorageContainerException Occurred.
org.apache.hadoop.hdds.scm.container.common.helpers.StorageContainerException: java.lang.NullPointerException
	at org.apache.hadoop.ozone.container.keyvalue.KeyValueHandler.handle(KeyValueHandler.java:235)
	at org.apache.hadoop.ozone.container.common.impl.HddsDispatcher.dispatchRequest(HddsDispatcher.java:320)
	at org.apache.hadoop.ozone.container.common.impl.HddsDispatcher.lambda$dispatch$0(HddsDispatcher.java:171)
	at org.apache.hadoop.hdds.server.OzoneProtocolMessageDispatcher.processRequest(OzoneProtocolMessageDispatcher.java:87)
	at org.apache.hadoop.ozone.container.common.impl.HddsDispatcher.dispatch(HddsDispatcher.java:170)
	at org.apache.hadoop.ozone.container.common.transport.server.GrpcXceiverService$1.onNext(GrpcXceiverService.java:57)
	at org.apache.hadoop.ozone.container.common.transport.server.GrpcXceiverService$1.onNext(GrpcXceiverService.java:50)
	at org.apache.ratis.thirdparty.io.grpc.stub.ServerCalls$StreamingServerCallHandler$StreamingServerCallListener.onMessage(ServerCalls.java:262)
	at org.apache.ratis.thirdparty.io.grpc.ForwardingServerCallListener.onMessage(ForwardingServerCallListener.java:33)
	at org.apache.hadoop.hdds.tracing.GrpcServerInterceptor$1.onMessage(GrpcServerInterceptor.java:49)
	at org.apache.ratis.thirdparty.io.grpc.internal.ServerCallImpl$ServerStreamListenerImpl.messagesAvailableInternal(ServerCallImpl.java:332)
	at org.apache.ratis.thirdparty.io.grpc.internal.ServerCallImpl$ServerStreamListenerImpl.messagesAvailable(ServerCallImpl.java:315)
	at org.apache.ratis.thirdparty.io.grpc.internal.ServerImpl$JumpToApplicationThreadServerStreamListener$1MessagesAvailable.runInContext(ServerImpl.java:834)
	at org.apache.ratis.thirdparty.io.grpc.internal.ContextRunnable.run(ContextRunnable.java:37)
	at org.apache.ratis.thirdparty.io.grpc.internal.SerializingExecutor.run(SerializingExecutor.java:133)
	at java.util.concurrent.ThreadPoolExecutor.runWorker(ThreadPoolExecutor.java:1149)
	at java.util.concurrent.ThreadPoolExecutor$Worker.run(ThreadPoolExecutor.java:624)
	at java.lang.Thread.run(Thread.java:750)
Caused by: java.lang.NullPointerException
	at org.apache.hadoop.ozone.container.keyvalue.impl.BlockManagerImpl.persistPutBlock(BlockManagerImpl.java:154)
	at org.apache.hadoop.ozone.container.keyvalue.impl.BlockManagerImpl.putBlock(BlockManagerImpl.java:103)
	at org.apache.hadoop.ozone.container.keyvalue.KeyValueHandler.handlePutBlock(KeyValueHandler.java:556)
	at org.apache.hadoop.ozone.container.keyvalue.KeyValueHandler.dispatchRequest(KeyValueHandler.java:261)
	at org.apache.hadoop.ozone.container.keyvalue.KeyValueHandler.handle(KeyValueHandler.java:232)
	... 17 more
2023-04-18 11:22:52,979 [ChunkReader-0] WARN  keyvalue.KeyValueContainer (KeyValueContainer.java:markContainerUnhealthy(348)) - Moving container /home/runner/work/ozone/ozone/hadoop-ozone/integration-test/target/test-dir/MiniOzoneClusterImpl-ee26c235-0e56-4a63-849f-ffab4466f435/datanode-1/data-0/containers/hdds/ee26c235-0e56-4a63-849f-ffab4466f435/current/containerDir0/9 to state UNHEALTHY from state:OPEN
2023-04-18 11:22:52,979 [ChunkReader-6] WARN  keyvalue.KeyValueContainer (KeyValueContainer.java:markContainerUnhealthy(348)) - Moving container /home/runner/work/ozone/ozone/hadoop-ozone/integration-test/target/test-dir/MiniOzoneClusterImpl-ee26c235-0e56-4a63-849f-ffab4466f435/datanode-4/data-0/containers/hdds/ee26c235-0e56-4a63-849f-ffab4466f435/current/containerDir0/9 to state UNHEALTHY from state:OPEN
2023-04-18 11:22:52,974 [Listener at 127.0.0.1/37041] WARN  server.AuthenticationFilter (AuthenticationFilter.java:constructSecretProvider(240)) - Unable to initialize FileSignerSecretProvider, falling back to use random secrets. Reason: Could not read signature secret file: /home/runner/hadoop-http-auth-signature-secret
2023-04-18 11:22:52,980 [Listener at 127.0.0.1/37041] INFO  http.HttpRequestLog (HttpRequestLog.java:getRequestLog(86)) - Http request log for http.requests.hddsDatanode is not defined
2023-04-18 11:22:52,981 [Listener at 127.0.0.1/37041] INFO  http.HttpServer2 (HttpServer2.java:addGlobalFilter(1031)) - Added global filter 'safety' (class=org.apache.hadoop.hdds.server.http.HttpServer2$QuotingInputFilter)
2023-04-18 11:22:52,982 [Listener at 127.0.0.1/37041] INFO  http.HttpServer2 (HttpServer2.java:addFilter(1007)) - Added filter static_user_filter (class=org.apache.hadoop.http.lib.StaticUserWebFilter$StaticUserFilter) to context hddsDatanode
2023-04-18 11:22:52,982 [Listener at 127.0.0.1/37041] INFO  http.HttpServer2 (HttpServer2.java:addFilter(1015)) - Added filter static_user_filter (class=org.apache.hadoop.http.lib.StaticUserWebFilter$StaticUserFilter) to context logs
2023-04-18 11:22:53,014 [Listener at 127.0.0.1/37041] INFO  http.HttpServer2 (HttpServer2.java:addFilter(1015)) - Added filter static_user_filter (class=org.apache.hadoop.http.lib.StaticUserWebFilter$StaticUserFilter) to context static
2023-04-18 11:22:53,013 [Mini-Cluster-Provider-Reap] INFO  volume.HddsVolume (HddsVolume.java:closeDbStore(437)) - SchemaV3 db is stopped at /home/runner/work/ozone/ozone/hadoop-ozone/integration-test/target/test-dir/MiniOzoneClusterImpl-a0ab8c4d-1654-40c9-b0d8-9193cd592234/datanode-3/data-0/containers/hdds/a0ab8c4d-1654-40c9-b0d8-9193cd592234/DS-8cb24b28-baee-4ca7-b9d7-c9cc866f2da6/container.db for volume DS-8cb24b28-baee-4ca7-b9d7-c9cc866f2da6
2023-04-18 11:22:53,015 [Mini-Cluster-Provider-Reap] INFO  utils.BackgroundService (BackgroundService.java:shutdown(141)) - Shutting down service BlockDeletingService
2023-04-18 11:22:53,009 [ForkJoinPool.commonPool-worker-1] INFO  volume.HddsVolume (HddsVolume.java:closeDbStore(437)) - SchemaV3 db is stopped at /home/runner/work/ozone/ozone/hadoop-ozone/integration-test/target/test-dir/MiniOzoneClusterImpl-a0ab8c4d-1654-40c9-b0d8-9193cd592234/datanode-2/data-0/containers/hdds/a0ab8c4d-1654-40c9-b0d8-9193cd592234/DS-a1658a97-a7ef-4c26-93fe-0fa22cbcccd2/container.db for volume DS-a1658a97-a7ef-4c26-93fe-0fa22cbcccd2
2023-04-18 11:22:53,002 [FixedThreadPoolWithAffinityExecutor-1-0] WARN  container.IncrementalContainerReportHandler (AbstractContainerReportHandler.java:updateContainerState(259)) - Container #9 is in OPEN state, but the datanode d59aa4a5-68cc-4ccb-a592-d1fa77766dd1(fv-az570-656.srgqcr2moziuvm0qev4lajleyh.dx.internal.cloudapp.net/10.1.0.33) reports an UNHEALTHY replica.
2023-04-18 11:22:53,002 [ChunkReader-0] INFO  impl.HddsDispatcher (HddsDispatcher.java:dispatchRequest(361)) - Marked Container UNHEALTHY, ContainerID: 9
2023-04-18 11:22:53,002 [ChunkReader-6] INFO  impl.HddsDispatcher (HddsDispatcher.java:dispatchRequest(361)) - Marked Container UNHEALTHY, ContainerID: 9
2023-04-18 11:22:53,014 [ChunkReader-5] WARN  keyvalue.KeyValueContainer (KeyValueContainer.java:markContainerUnhealthy(348)) - Moving container /home/runner/work/ozone/ozone/hadoop-ozone/integration-test/target/test-dir/MiniOzoneClusterImpl-ee26c235-0e56-4a63-849f-ffab4466f435/datanode-5/data-0/containers/hdds/ee26c235-0e56-4a63-849f-ffab4466f435/current/containerDir0/9 to state UNHEALTHY from state:OPEN
2023-04-18 11:22:53,016 [ChunkReader-5] INFO  impl.HddsDispatcher (HddsDispatcher.java:dispatchRequest(361)) - Marked Container UNHEALTHY, ContainerID: 9
2023-04-18 11:22:53,016 [FixedThreadPoolWithAffinityExecutor-0-0] WARN  container.IncrementalContainerReportHandler (AbstractContainerReportHandler.java:updateContainerState(259)) - Container #9 is in OPEN state, but the datanode dc689b23-a50d-4e36-9bfa-30650ed5dd84(fv-az570-656.srgqcr2moziuvm0qev4lajleyh.dx.internal.cloudapp.net/10.1.0.33) reports an UNHEALTHY replica.
2023-04-18 11:22:53,016 [Listener at 127.0.0.1/37041] INFO  http.BaseHttpServer (BaseHttpServer.java:<init>(190)) - HTTP server of hddsDatanode uses base directory /home/runner/work/ozone/ozone/hadoop-ozone/integration-test/target/test-dir/MiniOzoneClusterImpl-c674532b-0fb0-44c5-9ca4-f83b29d9fdfa/datanode-1/meta/webserver
2023-04-18 11:22:53,017 [FixedThreadPoolWithAffinityExecutor-8-0] WARN  container.IncrementalContainerReportHandler (AbstractContainerReportHandler.java:updateContainerState(259)) - Container #9 is in OPEN state, but the datanode 38539a6a-e263-4753-9c37-44dbafee2108(fv-az570-656.srgqcr2moziuvm0qev4lajleyh.dx.internal.cloudapp.net/10.1.0.33) reports an UNHEALTHY replica.
2023-04-18 11:22:53,018 [Listener at 127.0.0.1/37041] INFO  http.HttpServer2 (HttpServer2.java:bindListener(1250)) - Jetty bound to port 41973
2023-04-18 11:22:53,018 [Listener at 127.0.0.1/37041] INFO  server.Server (Server.java:doStart(375)) - jetty-9.4.49.v20220914; built: 2022-09-14T01:07:36.601Z; git: 4231a3b2e4cb8548a412a789936d640a97b1aa0a; jvm 1.8.0_362-b09
2023-04-18 11:22:53,016 [ForkJoinPool.commonPool-worker-1] INFO  utils.BackgroundService (BackgroundService.java:shutdown(141)) - Shutting down service BlockDeletingService
2023-04-18 11:22:53,016 [Mini-Cluster-Provider-Reap] INFO  utils.BackgroundService (BackgroundService.java:shutdown(141)) - Shutting down service StaleRecoveringContainerScrubbingService
2023-04-18 11:22:53,034 [Listener at 127.0.0.1/37041] INFO  server.session (DefaultSessionIdManager.java:doStart(334)) - DefaultSessionIdManager workerName=node0
2023-04-18 11:22:53,034 [Listener at 127.0.0.1/37041] INFO  server.session (DefaultSessionIdManager.java:doStart(339)) - No SessionScavenger set, using defaults
2023-04-18 11:22:53,034 [Listener at 127.0.0.1/37041] INFO  server.session (HouseKeeper.java:startScavenging(132)) - node0 Scavenging every 660000ms
2023-04-18 11:22:53,035 [Listener at 127.0.0.1/37041] INFO  handler.ContextHandler (ContextHandler.java:doStart(921)) - Started o.e.j.s.ServletContextHandler@393c3abc{logs,/logs,file:///home/runner/work/ozone/ozone/hadoop-ozone/integration-test/target/log,AVAILABLE}
2023-04-18 11:22:53,035 [Listener at 127.0.0.1/37041] INFO  handler.ContextHandler (ContextHandler.java:doStart(921)) - Started o.e.j.s.ServletContextHandler@46f1a1f9{static,/static,jar:file:/home/runner/.m2/repository/org/apache/ozone/hdds-container-service/1.4.0-SNAPSHOT/hdds-container-service-1.4.0-SNAPSHOT.jar!/webapps/static,AVAILABLE}
2023-04-18 11:22:53,047 [ForkJoinPool.commonPool-worker-1] INFO  utils.BackgroundService (BackgroundService.java:shutdown(141)) - Shutting down service StaleRecoveringContainerScrubbingService
2023-04-18 11:22:53,054 [EventQueue-StaleNodeForStaleNodeHandler] INFO  node.StaleNodeHandler (StaleNodeHandler.java:onMessage(59)) - Datanode cf8b561e-9e41-4bd3-90de-b9cd5490d501(fv-az570-656.srgqcr2moziuvm0qev4lajleyh.dx.internal.cloudapp.net/10.1.0.33) moved to stale state. Finalizing its pipelines [PipelineID=d622e0a2-c61a-485a-8a33-8b8dc36f67a7, PipelineID=a26902d6-3b03-4c2e-9347-d6a33bda550b]
2023-04-18 11:22:53,054 [EventQueue-StaleNodeForStaleNodeHandler] INFO  pipeline.PipelineManagerImpl (PipelineManagerImpl.java:closePipeline(442)) - Pipeline Pipeline[ Id: d622e0a2-c61a-485a-8a33-8b8dc36f67a7, Nodes: cf8b561e-9e41-4bd3-90de-b9cd5490d501(fv-az570-656.srgqcr2moziuvm0qev4lajleyh.dx.internal.cloudapp.net/10.1.0.33), ReplicationConfig: RATIS/ONE, State:OPEN, leaderId:cf8b561e-9e41-4bd3-90de-b9cd5490d501, CreationTimestamp2023-04-18T11:21:21.784Z[Etc/UTC]] moved to CLOSED state
2023-04-18 11:22:53,061 [ForkJoinPool.commonPool-worker-1] INFO  statemachine.DatanodeStateMachine (DatanodeStateMachine.java:stopDaemon(601)) - Ozone container server stopped.
2023-04-18 11:22:53,061 [Mini-Cluster-Provider-Reap] INFO  statemachine.DatanodeStateMachine (DatanodeStateMachine.java:stopDaemon(601)) - Ozone container server stopped.
2023-04-18 11:22:53,074 [Mini-Cluster-Provider-Reap] INFO  handler.ContextHandler (ContextHandler.java:doStop(1159)) - Stopped o.e.j.w.WebAppContext@1c1accd9{hddsDatanode,/,null,STOPPED}{jar:file:/home/runner/.m2/repository/org/apache/ozone/hdds-container-service/1.4.0-SNAPSHOT/hdds-container-service-1.4.0-SNAPSHOT.jar!/webapps/hddsDatanode}
11:22:53.046 [ChunkReader-0] ERROR DNAudit - user=null | ip=null | op=PUT_BLOCK {blockData=[blockId=conID: 9 locID: 111677748019200037 bcsId: 0, size=19]} | ret=FAILURE
java.lang.Exception: Put Key failed
	at org.apache.hadoop.ozone.container.common.impl.HddsDispatcher.dispatchRequest(HddsDispatcher.java:389) ~[hdds-container-service-1.4.0-SNAPSHOT.jar:?]
	at org.apache.hadoop.ozone.container.common.impl.HddsDispatcher.lambda$dispatch$0(HddsDispatcher.java:171) ~[hdds-container-service-1.4.0-SNAPSHOT.jar:?]
	at org.apache.hadoop.hdds.server.OzoneProtocolMessageDispatcher.processRequest(OzoneProtocolMessageDispatcher.java:87) [hdds-server-framework-1.4.0-SNAPSHOT.jar:?]
	at org.apache.hadoop.ozone.container.common.impl.HddsDispatcher.dispatch(HddsDispatcher.java:170) [hdds-container-service-1.4.0-SNAPSHOT.jar:?]
	at org.apache.hadoop.ozone.container.common.transport.server.GrpcXceiverService$1.onNext(GrpcXceiverService.java:57) [hdds-container-service-1.4.0-SNAPSHOT.jar:?]
	at org.apache.hadoop.ozone.container.common.transport.server.GrpcXceiverService$1.onNext(GrpcXceiverService.java:50) [hdds-container-service-1.4.0-SNAPSHOT.jar:?]
	at org.apache.ratis.thirdparty.io.grpc.stub.ServerCalls$StreamingServerCallHandler$StreamingServerCallListener.onMessage(ServerCalls.java:262) [ratis-thirdparty-misc-1.0.3.jar:1.0.3]
	at org.apache.ratis.thirdparty.io.grpc.ForwardingServerCallListener.onMessage(ForwardingServerCallListener.java:33) [ratis-thirdparty-misc-1.0.3.jar:1.0.3]
	at org.apache.hadoop.hdds.tracing.GrpcServerInterceptor$1.onMessage(GrpcServerInterceptor.java:49) [hdds-common-1.4.0-SNAPSHOT.jar:?]
	at org.apache.ratis.thirdparty.io.grpc.internal.ServerCallImpl$ServerStreamListenerImpl.messagesAvailableInternal(ServerCallImpl.java:332) [ratis-thirdparty-misc-1.0.3.jar:1.0.3]
	at org.apache.ratis.thirdparty.io.grpc.internal.ServerCallImpl$ServerStreamListenerImpl.messagesAvailable(ServerCallImpl.java:315) [ratis-thirdparty-misc-1.0.3.jar:1.0.3]
	at org.apache.ratis.thirdparty.io.grpc.internal.ServerImpl$JumpToApplicationThreadServerStreamListener$1MessagesAvailable.runInContext(ServerImpl.java:834) [ratis-thirdparty-misc-1.0.3.jar:1.0.3]
	at org.apache.ratis.thirdparty.io.grpc.internal.ContextRunnable.run(ContextRunnable.java:37) [ratis-thirdparty-misc-1.0.3.jar:1.0.3]
	at org.apache.ratis.thirdparty.io.grpc.internal.SerializingExecutor.run(SerializingExecutor.java:133) [ratis-thirdparty-misc-1.0.3.jar:1.0.3]
	at java.util.concurrent.ThreadPoolExecutor.runWorker(ThreadPoolExecutor.java:1149) [?:1.8.0_362]
	at java.util.concurrent.ThreadPoolExecutor$Worker.run(ThreadPoolExecutor.java:624) [?:1.8.0_362]
	at java.lang.Thread.run(Thread.java:750) [?:1.8.0_362]
11:22:53.046 [ChunkReader-6] ERROR DNAudit - user=null | ip=null | op=PUT_BLOCK {blockData=[blockId=conID: 9 locID: 111677748019200037 bcsId: 0, size=19]} | ret=FAILURE
java.lang.Exception: java.lang.NullPointerException
	at org.apache.hadoop.ozone.container.common.impl.HddsDispatcher.dispatchRequest(HddsDispatcher.java:389) ~[hdds-container-service-1.4.0-SNAPSHOT.jar:?]
	at org.apache.hadoop.ozone.container.common.impl.HddsDispatcher.lambda$dispatch$0(HddsDispatcher.java:171) ~[hdds-container-service-1.4.0-SNAPSHOT.jar:?]
	at org.apache.hadoop.hdds.server.OzoneProtocolMessageDispatcher.processRequest(OzoneProtocolMessageDispatcher.java:87) [hdds-server-framework-1.4.0-SNAPSHOT.jar:?]
	at org.apache.hadoop.ozone.container.common.impl.HddsDispatcher.dispatch(HddsDispatcher.java:170) [hdds-container-service-1.4.0-SNAPSHOT.jar:?]
	at org.apache.hadoop.ozone.container.common.transport.server.GrpcXceiverService$1.onNext(GrpcXceiverService.java:57) [hdds-container-service-1.4.0-SNAPSHOT.jar:?]
	at org.apache.hadoop.ozone.container.common.transport.server.GrpcXceiverService$1.onNext(GrpcXceiverService.java:50) [hdds-container-service-1.4.0-SNAPSHOT.jar:?]
	at org.apache.ratis.thirdparty.io.grpc.stub.ServerCalls$StreamingServerCallHandler$StreamingServerCallListener.onMessage(ServerCalls.java:262) [ratis-thirdparty-misc-1.0.3.jar:1.0.3]
	at org.apache.ratis.thirdparty.io.grpc.ForwardingServerCallListener.onMessage(ForwardingServerCallListener.java:33) [ratis-thirdparty-misc-1.0.3.jar:1.0.3]
	at org.apache.hadoop.hdds.tracing.GrpcServerInterceptor$1.onMessage(GrpcServerInterceptor.java:49) [hdds-common-1.4.0-SNAPSHOT.jar:?]
	at org.apache.ratis.thirdparty.io.grpc.internal.ServerCallImpl$ServerStreamListenerImpl.messagesAvailableInternal(ServerCallImpl.java:332) [ratis-thirdparty-misc-1.0.3.jar:1.0.3]
	at org.apache.ratis.thirdparty.io.grpc.internal.ServerCallImpl$ServerStreamListenerImpl.messagesAvailable(ServerCallImpl.java:315) [ratis-thirdparty-misc-1.0.3.jar:1.0.3]
	at org.apache.ratis.thirdparty.io.grpc.internal.ServerImpl$JumpToApplicationThreadServerStreamListener$1MessagesAvailable.runInContext(ServerImpl.java:834) [ratis-thirdparty-misc-1.0.3.jar:1.0.3]
	at org.apache.ratis.thirdparty.io.grpc.internal.ContextRunnable.run(ContextRunnable.java:37) [ratis-thirdparty-misc-1.0.3.jar:1.0.3]
	at org.apache.ratis.thirdparty.io.grpc.internal.SerializingExecutor.run(SerializingExecutor.java:133) [ratis-thirdparty-misc-1.0.3.jar:1.0.3]
	at java.util.concurrent.ThreadPoolExecutor.runWorker(ThreadPoolExecutor.java:1149) [?:1.8.0_362]
	at java.util.concurrent.ThreadPoolExecutor$Worker.run(ThreadPoolExecutor.java:624) [?:1.8.0_362]
	at java.lang.Thread.run(Thread.java:750) [?:1.8.0_362]
11:22:53.046 [ChunkReader-5] ERROR DNAudit - user=null | ip=null | op=PUT_BLOCK {blockData=[blockId=conID: 9 locID: 111677748019200037 bcsId: 0, size=19]} | ret=FAILURE
java.lang.Exception: java.lang.NullPointerException
	at org.apache.hadoop.ozone.container.common.impl.HddsDispatcher.dispatchRequest(HddsDispatcher.java:389) ~[hdds-container-service-1.4.0-SNAPSHOT.jar:?]
	at org.apache.hadoop.ozone.container.common.impl.HddsDispatcher.lambda$dispatch$0(HddsDispatcher.java:171) ~[hdds-container-service-1.4.0-SNAPSHOT.jar:?]
	at org.apache.hadoop.hdds.server.OzoneProtocolMessageDispatcher.processRequest(OzoneProtocolMessageDispatcher.java:87) [hdds-server-framework-1.4.0-SNAPSHOT.jar:?]
	at org.apache.hadoop.ozone.container.common.impl.HddsDispatcher.dispatch(HddsDispatcher.java:170) [hdds-container-service-1.4.0-SNAPSHOT.jar:?]
	at org.apache.hadoop.ozone.container.common.transport.server.GrpcXceiverService$1.onNext(GrpcXceiverService.java:57) [hdds-container-service-1.4.0-SNAPSHOT.jar:?]
	at org.apache.hadoop.ozone.container.common.transport.server.GrpcXceiverService$1.onNext(GrpcXceiverService.java:50) [hdds-container-service-1.4.0-SNAPSHOT.jar:?]
	at org.apache.ratis.thirdparty.io.grpc.stub.ServerCalls$StreamingServerCallHandler$StreamingServerCallListener.onMessage(ServerCalls.java:262) [ratis-thirdparty-misc-1.0.3.jar:1.0.3]
	at org.apache.ratis.thirdparty.io.grpc.ForwardingServerCallListener.onMessage(ForwardingServerCallListener.java:33) [ratis-thirdparty-misc-1.0.3.jar:1.0.3]
	at org.apache.hadoop.hdds.tracing.GrpcServerInterceptor$1.onMessage(GrpcServerInterceptor.java:49) [hdds-common-1.4.0-SNAPSHOT.jar:?]
	at org.apache.ratis.thirdparty.io.grpc.internal.ServerCallImpl$ServerStreamListenerImpl.messagesAvailableInternal(ServerCallImpl.java:332) [ratis-thirdparty-misc-1.0.3.jar:1.0.3]
	at org.apache.ratis.thirdparty.io.grpc.internal.ServerCallImpl$ServerStreamListenerImpl.messagesAvailable(ServerCallImpl.java:315) [ratis-thirdparty-misc-1.0.3.jar:1.0.3]
	at org.apache.ratis.thirdparty.io.grpc.internal.ServerImpl$JumpToApplicationThreadServerStreamListener$1MessagesAvailable.runInContext(ServerImpl.java:834) [ratis-thirdparty-misc-1.0.3.jar:1.0.3]
	at org.apache.ratis.thirdparty.io.grpc.internal.ContextRunnable.run(ContextRunnable.java:37) [ratis-thirdparty-misc-1.0.3.jar:1.0.3]
	at org.apache.ratis.thirdparty.io.grpc.internal.SerializingExecutor.run(SerializingExecutor.java:133) [ratis-thirdparty-misc-1.0.3.jar:1.0.3]
	at java.util.concurrent.ThreadPoolExecutor.runWorker(ThreadPoolExecutor.java:1149) [?:1.8.0_362]
	at java.util.concurrent.ThreadPoolExecutor$Worker.run(ThreadPoolExecutor.java:624) [?:1.8.0_362]
	at java.lang.Thread.run(Thread.java:750) [?:1.8.0_362]
2023-04-18 11:22:53,075 [Mini-Cluster-Provider-Reap] INFO  server.AbstractConnector (AbstractConnector.java:doStop(383)) - Stopped ServerConnector@17641656{HTTP/1.1, (http/1.1)}{0.0.0.0:0}
2023-04-18 11:22:53,075 [Mini-Cluster-Provider-Reap] INFO  server.session (HouseKeeper.java:stopScavenging(149)) - node0 Stopped scavenging
2023-04-18 11:22:53,076 [Mini-Cluster-Provider-Reap] INFO  handler.ContextHandler (ContextHandler.java:doStop(1159)) - Stopped o.e.j.s.ServletContextHandler@676a102d{static,/static,jar:file:/home/runner/.m2/repository/org/apache/ozone/hdds-container-service/1.4.0-SNAPSHOT/hdds-container-service-1.4.0-SNAPSHOT.jar!/webapps/static,STOPPED}
2023-04-18 11:22:53,076 [Mini-Cluster-Provider-Reap] INFO  handler.ContextHandler (ContextHandler.java:doStop(1159)) - Stopped o.e.j.s.ServletContextHandler@4a1da136{logs,/logs,file:///home/runner/work/ozone/ozone/hadoop-ozone/integration-test/target/log,STOPPED}
2023-04-18 11:22:53,082 [pool-2084-thread-1] WARN  io.KeyOutputStream (ECKeyOutputStream.java:logStreamError(234)) - Put block failed: F S S F F
2023-04-18 11:22:53,082 [pool-2084-thread-1] WARN  io.KeyOutputStream (ECKeyOutputStream.java:logStreamError(236)) - Failure for replica index: 1, DatanodeDetails: dc689b23-a50d-4e36-9bfa-30650ed5dd84(fv-az570-656.srgqcr2moziuvm0qev4lajleyh.dx.internal.cloudapp.net/10.1.0.33)
java.io.IOException: Unexpected Storage Container Exception: org.apache.hadoop.hdds.scm.container.common.helpers.StorageContainerException: Put Key failed
	at org.apache.hadoop.hdds.scm.storage.BlockOutputStream.setIoException(BlockOutputStream.java:632)
	at org.apache.hadoop.hdds.scm.storage.ECBlockOutputStream.validateResponse(ECBlockOutputStream.java:303)
	at org.apache.hadoop.hdds.scm.storage.ECBlockOutputStream.lambda$executePutBlock$1(ECBlockOutputStream.java:234)
	at java.util.concurrent.CompletableFuture.uniApply(CompletableFuture.java:616)
	at java.util.concurrent.CompletableFuture$UniApply.tryFire(CompletableFuture.java:591)
	at java.util.concurrent.CompletableFuture$Completion.run(CompletableFuture.java:456)
	at java.util.concurrent.ThreadPoolExecutor.runWorker(ThreadPoolExecutor.java:1149)
	at java.util.concurrent.ThreadPoolExecutor$Worker.run(ThreadPoolExecutor.java:624)
	at java.lang.Thread.run(Thread.java:750)
Caused by: org.apache.hadoop.hdds.scm.container.common.helpers.StorageContainerException: Put Key failed
	at org.apache.hadoop.hdds.scm.storage.ContainerProtocolCalls.validateContainerResponse(ContainerProtocolCalls.java:718)
	at org.apache.hadoop.hdds.scm.storage.ECBlockOutputStream.validateResponse(ECBlockOutputStream.java:301)
	... 7 more
2023-04-18 11:22:53,089 [pool-2084-thread-1] WARN  io.KeyOutputStream (ECKeyOutputStream.java:logStreamError(236)) - Failure for replica index: 4, DatanodeDetails: 38539a6a-e263-4753-9c37-44dbafee2108(fv-az570-656.srgqcr2moziuvm0qev4lajleyh.dx.internal.cloudapp.net/10.1.0.33)
java.io.IOException: Unexpected Storage Container Exception: org.apache.hadoop.hdds.scm.container.common.helpers.StorageContainerException: java.lang.NullPointerException
	at org.apache.hadoop.hdds.scm.storage.BlockOutputStream.setIoException(BlockOutputStream.java:632)
	at org.apache.hadoop.hdds.scm.storage.ECBlockOutputStream.validateResponse(ECBlockOutputStream.java:303)
	at org.apache.hadoop.hdds.scm.storage.ECBlockOutputStream.lambda$executePutBlock$1(ECBlockOutputStream.java:234)
	at java.util.concurrent.CompletableFuture.uniApply(CompletableFuture.java:616)
	at java.util.concurrent.CompletableFuture$UniApply.tryFire(CompletableFuture.java:591)
	at java.util.concurrent.CompletableFuture$Completion.run(CompletableFuture.java:456)
	at java.util.concurrent.ThreadPoolExecutor.runWorker(ThreadPoolExecutor.java:1149)
	at java.util.concurrent.ThreadPoolExecutor$Worker.run(ThreadPoolExecutor.java:624)
	at java.lang.Thread.run(Thread.java:750)
Caused by: org.apache.hadoop.hdds.scm.container.common.helpers.StorageContainerException: java.lang.NullPointerException
	at org.apache.hadoop.hdds.scm.storage.ContainerProtocolCalls.validateContainerResponse(ContainerProtocolCalls.java:718)
	at org.apache.hadoop.hdds.scm.storage.ECBlockOutputStream.validateResponse(ECBlockOutputStream.java:301)
	... 7 more
2023-04-18 11:22:53,095 [pool-2084-thread-1] WARN  io.KeyOutputStream (ECKeyOutputStream.java:logStreamError(236)) - Failure for replica index: 5, DatanodeDetails: d59aa4a5-68cc-4ccb-a592-d1fa77766dd1(fv-az570-656.srgqcr2moziuvm0qev4lajleyh.dx.internal.cloudapp.net/10.1.0.33)
java.io.IOException: Unexpected Storage Container Exception: org.apache.hadoop.hdds.scm.container.common.helpers.StorageContainerException: java.lang.NullPointerException
	at org.apache.hadoop.hdds.scm.storage.BlockOutputStream.setIoException(BlockOutputStream.java:632)
	at org.apache.hadoop.hdds.scm.storage.ECBlockOutputStream.validateResponse(ECBlockOutputStream.java:303)
	at org.apache.hadoop.hdds.scm.storage.ECBlockOutputStream.lambda$executePutBlock$1(ECBlockOutputStream.java:234)
	at java.util.concurrent.CompletableFuture.uniApply(CompletableFuture.java:616)
	at java.util.concurrent.CompletableFuture$UniApply.tryFire(CompletableFuture.java:591)
	at java.util.concurrent.CompletableFuture$Completion.run(CompletableFuture.java:456)
	at java.util.concurrent.ThreadPoolExecutor.runWorker(ThreadPoolExecutor.java:1149)
	at java.util.concurrent.ThreadPoolExecutor$Worker.run(ThreadPoolExecutor.java:624)
	at java.lang.Thread.run(Thread.java:750)
Caused by: org.apache.hadoop.hdds.scm.container.common.helpers.StorageContainerException: java.lang.NullPointerException
	at org.apache.hadoop.hdds.scm.storage.ContainerProtocolCalls.validateContainerResponse(ContainerProtocolCalls.java:718)
	at org.apache.hadoop.hdds.scm.storage.ECBlockOutputStream.validateResponse(ECBlockOutputStream.java:301)
	... 7 more
2023-04-18 11:22:53,098 [Mini-Cluster-Provider-Reap] INFO  ozoneimpl.OzoneContainer (OzoneContainer.java:stop(419)) - Attempting to stop container services.
2023-04-18 11:22:53,107 [Mini-Cluster-Provider-Reap] INFO  server.RaftServer (RaftServerProxy.java:lambda$close$6(409)) - a5634e25-af16-4753-8f18-352d6216d1aa: close
2023-04-18 11:22:53,107 [ForkJoinPool.commonPool-worker-1] INFO  handler.ContextHandler (ContextHandler.java:doStop(1159)) - Stopped o.e.j.w.WebAppContext@532f2e89{hddsDatanode,/,null,STOPPED}{jar:file:/home/runner/.m2/repository/org/apache/ozone/hdds-container-service/1.4.0-SNAPSHOT/hdds-container-service-1.4.0-SNAPSHOT.jar!/webapps/hddsDatanode}
2023-04-18 11:22:53,108 [ForkJoinPool.commonPool-worker-1] INFO  server.AbstractConnector (AbstractConnector.java:doStop(383)) - Stopped ServerConnector@738d73e7{HTTP/1.1, (http/1.1)}{0.0.0.0:0}
2023-04-18 11:22:53,108 [ForkJoinPool.commonPool-worker-1] INFO  server.session (HouseKeeper.java:stopScavenging(149)) - node0 Stopped scavenging
2023-04-18 11:22:53,108 [Mini-Cluster-Provider-Reap] INFO  server.GrpcService (GrpcService.java:closeImpl(271)) - a5634e25-af16-4753-8f18-352d6216d1aa: shutdown server GrpcServerProtocolService now
2023-04-18 11:22:53,109 [a5634e25-af16-4753-8f18-352d6216d1aa-impl-thread3] INFO  server.RaftServer$Division (RaftServerImpl.java:lambda$close$4(458)) - a5634e25-af16-4753-8f18-352d6216d1aa@group-9C3EEF5C5EB9: shutdown
2023-04-18 11:22:53,109 [a5634e25-af16-4753-8f18-352d6216d1aa-impl-thread3] INFO  util.JmxRegister (JmxRegister.java:unregister(73)) - Successfully un-registered JMX Bean with object name Ratis:service=RaftServer,group=group-9C3EEF5C5EB9,id=a5634e25-af16-4753-8f18-352d6216d1aa
2023-04-18 11:22:53,109 [a5634e25-af16-4753-8f18-352d6216d1aa-impl-thread3] INFO  impl.RoleInfo (RoleInfo.java:shutdownLeaderState(93)) - a5634e25-af16-4753-8f18-352d6216d1aa: shutdown a5634e25-af16-4753-8f18-352d6216d1aa@group-9C3EEF5C5EB9-LeaderStateImpl
2023-04-18 11:22:53,109 [a5634e25-af16-4753-8f18-352d6216d1aa-impl-thread3] INFO  impl.PendingRequests (PendingRequests.java:sendNotLeaderResponses(282)) - a5634e25-af16-4753-8f18-352d6216d1aa@group-9C3EEF5C5EB9-PendingRequests: sendNotLeaderResponses
2023-04-18 11:22:53,110 [a5634e25-af16-4753-8f18-352d6216d1aa-impl-thread3] INFO  impl.StateMachineUpdater (StateMachineUpdater.java:stopAndJoin(153)) - a5634e25-af16-4753-8f18-352d6216d1aa@group-9C3EEF5C5EB9-StateMachineUpdater: set stopIndex = 0
2023-04-18 11:22:53,110 [a5634e25-af16-4753-8f18-352d6216d1aa@group-9C3EEF5C5EB9-StateMachineUpdater] INFO  ratis.ContainerStateMachine (ContainerStateMachine.java:takeSnapshot(330)) - group-9C3EEF5C5EB9: Taking a snapshot at:(t:1, i:0) file /home/runner/work/ozone/ozone/hadoop-ozone/integration-test/target/test-dir/MiniOzoneClusterImpl-a0ab8c4d-1654-40c9-b0d8-9193cd592234/datanode-6/data/ratis/9de13442-fe17-4300-baf1-9c3eef5c5eb9/sm/snapshot.1_0
2023-04-18 11:22:53,111 [a5634e25-af16-4753-8f18-352d6216d1aa-impl-thread2] INFO  server.RaftServer$Division (RaftServerImpl.java:lambda$close$4(458)) - a5634e25-af16-4753-8f18-352d6216d1aa@group-D6A33BDA550B: shutdown
2023-04-18 11:22:53,111 [a5634e25-af16-4753-8f18-352d6216d1aa-impl-thread2] INFO  util.JmxRegister (JmxRegister.java:unregister(73)) - Successfully un-registered JMX Bean with object name Ratis:service=RaftServer,group=group-D6A33BDA550B,id=a5634e25-af16-4753-8f18-352d6216d1aa
2023-04-18 11:22:53,111 [a5634e25-af16-4753-8f18-352d6216d1aa-impl-thread2] INFO  impl.RoleInfo (RoleInfo.java:shutdownFollowerState(110)) - a5634e25-af16-4753-8f18-352d6216d1aa: shutdown a5634e25-af16-4753-8f18-352d6216d1aa@group-D6A33BDA550B-FollowerState
2023-04-18 11:22:53,111 [a5634e25-af16-4753-8f18-352d6216d1aa-impl-thread2] INFO  impl.StateMachineUpdater (StateMachineUpdater.java:stopAndJoin(153)) - a5634e25-af16-4753-8f18-352d6216d1aa@group-D6A33BDA550B-StateMachineUpdater: set stopIndex = 0
2023-04-18 11:22:53,111 [a5634e25-af16-4753-8f18-352d6216d1aa@group-D6A33BDA550B-FollowerState] INFO  impl.FollowerState (FollowerState.java:run(152)) - a5634e25-af16-4753-8f18-352d6216d1aa@group-D6A33BDA550B-FollowerState was interrupted
2023-04-18 11:22:53,116 [Mini-Cluster-Provider-Reap] INFO  server.GrpcServerProtocolClient (GrpcServerProtocolClient.java:close(101)) - c5b644a3-d162-45a9-bab1-b823400058bf Close channels
2023-04-18 11:22:53,119 [Mini-Cluster-Provider-Reap] INFO  server.GrpcServerProtocolClient (GrpcServerProtocolClient.java:close(101)) - cf8b561e-9e41-4bd3-90de-b9cd5490d501 Close channels
2023-04-18 11:22:53,119 [Mini-Cluster-Provider-Reap] INFO  server.GrpcService (GrpcService.java:closeImpl(280)) - a5634e25-af16-4753-8f18-352d6216d1aa: shutdown server GrpcServerProtocolService successfully
2023-04-18 11:22:53,119 [a5634e25-af16-4753-8f18-352d6216d1aa-NettyServerStreamRpc-bossGroup--thread1] INFO  logging.LoggingHandler (AbstractInternalLogger.java:log(148)) - [id: 0x0022d151, L:/0:0:0:0:0:0:0:0:44627] CLOSE
2023-04-18 11:22:53,120 [a5634e25-af16-4753-8f18-352d6216d1aa-NettyServerStreamRpc-bossGroup--thread1] INFO  logging.LoggingHandler (AbstractInternalLogger.java:log(148)) - [id: 0x0022d151, L:/0:0:0:0:0:0:0:0:44627] INACTIVE
2023-04-18 11:22:53,120 [a5634e25-af16-4753-8f18-352d6216d1aa-NettyServerStreamRpc-bossGroup--thread1] INFO  logging.LoggingHandler (AbstractInternalLogger.java:log(148)) - [id: 0x0022d151, L:/0:0:0:0:0:0:0:0:44627] UNREGISTERED
2023-04-18 11:22:53,120 [a5634e25-af16-4753-8f18-352d6216d1aa@group-D6A33BDA550B-StateMachineUpdater] INFO  ratis.ContainerStateMachine (ContainerStateMachine.java:takeSnapshot(330)) - group-D6A33BDA550B: Taking a snapshot at:(t:1, i:0) file /home/runner/work/ozone/ozone/hadoop-ozone/integration-test/target/test-dir/MiniOzoneClusterImpl-a0ab8c4d-1654-40c9-b0d8-9193cd592234/datanode-6/data/ratis/a26902d6-3b03-4c2e-9347-d6a33bda550b/sm/snapshot.1_0
2023-04-18 11:22:53,121 [a5634e25-af16-4753-8f18-352d6216d1aa@group-D6A33BDA550B-StateMachineUpdater] INFO  ratis.ContainerStateMachine (ContainerStateMachine.java:takeSnapshot(341)) - group-D6A33BDA550B: Finished taking a snapshot at:(t:1, i:0) file:/home/runner/work/ozone/ozone/hadoop-ozone/integration-test/target/test-dir/MiniOzoneClusterImpl-a0ab8c4d-1654-40c9-b0d8-9193cd592234/datanode-6/data/ratis/a26902d6-3b03-4c2e-9347-d6a33bda550b/sm/snapshot.1_0 took: 9 ms
2023-04-18 11:22:53,121 [a5634e25-af16-4753-8f18-352d6216d1aa@group-D6A33BDA550B-StateMachineUpdater] INFO  impl.StateMachineUpdater (StateMachineUpdater.java:takeSnapshot(287)) - a5634e25-af16-4753-8f18-352d6216d1aa@group-D6A33BDA550B-StateMachineUpdater: Took a snapshot at index 0
2023-04-18 11:22:53,122 [a5634e25-af16-4753-8f18-352d6216d1aa@group-D6A33BDA550B-StateMachineUpdater] INFO  impl.StateMachineUpdater (StateMachineUpdater.java:lambda$new$0(92)) - a5634e25-af16-4753-8f18-352d6216d1aa@group-D6A33BDA550B-StateMachineUpdater: snapshotIndex: updateIncreasingly -1 -> 0
2023-04-18 11:22:53,122 [a5634e25-af16-4753-8f18-352d6216d1aa-impl-thread2] INFO  server.RaftServer$Division (ServerState.java:close(466)) - a5634e25-af16-4753-8f18-352d6216d1aa@group-D6A33BDA550B: closes. applyIndex: 0
2023-04-18 11:22:53,122 [a5634e25-af16-4753-8f18-352d6216d1aa@group-D6A33BDA550B-SegmentedRaftLogWorker] INFO  segmented.SegmentedRaftLogWorker (SegmentedRaftLogWorker.java:run(347)) - a5634e25-af16-4753-8f18-352d6216d1aa@group-D6A33BDA550B-SegmentedRaftLogWorker was interrupted, exiting. There are 0 tasks remaining in the queue.
2023-04-18 11:22:53,122 [a5634e25-af16-4753-8f18-352d6216d1aa-impl-thread2] INFO  segmented.SegmentedRaftLogWorker (SegmentedRaftLogWorker.java:close(257)) - a5634e25-af16-4753-8f18-352d6216d1aa@group-D6A33BDA550B-SegmentedRaftLogWorker close()
2023-04-18 11:22:53,126 [a5634e25-af16-4753-8f18-352d6216d1aa@group-9C3EEF5C5EB9-StateMachineUpdater] INFO  ratis.ContainerStateMachine (ContainerStateMachine.java:takeSnapshot(341)) - group-9C3EEF5C5EB9: Finished taking a snapshot at:(t:1, i:0) file:/home/runner/work/ozone/ozone/hadoop-ozone/integration-test/target/test-dir/MiniOzoneClusterImpl-a0ab8c4d-1654-40c9-b0d8-9193cd592234/datanode-6/data/ratis/9de13442-fe17-4300-baf1-9c3eef5c5eb9/sm/snapshot.1_0 took: 15 ms
2023-04-18 11:22:53,126 [a5634e25-af16-4753-8f18-352d6216d1aa@group-9C3EEF5C5EB9-StateMachineUpdater] INFO  impl.StateMachineUpdater (StateMachineUpdater.java:takeSnapshot(287)) - a5634e25-af16-4753-8f18-352d6216d1aa@group-9C3EEF5C5EB9-StateMachineUpdater: Took a snapshot at index 0
2023-04-18 11:22:53,126 [a5634e25-af16-4753-8f18-352d6216d1aa@group-9C3EEF5C5EB9-StateMachineUpdater] INFO  impl.StateMachineUpdater (StateMachineUpdater.java:lambda$new$0(92)) - a5634e25-af16-4753-8f18-352d6216d1aa@group-9C3EEF5C5EB9-StateMachineUpdater: snapshotIndex: updateIncreasingly -1 -> 0
2023-04-18 11:22:53,126 [IPC Server handler 16 on default port 38291] ERROR pipeline.WritableECContainerProvider (WritableECContainerProvider.java:getContainer(156)) - Unable to allocate a container for EC{rs-3-2-1024k} after trying all existing containers
org.apache.hadoop.hdds.scm.exceptions.SCMException: No enough datanodes to choose. TotalNode = 7 AvailableNode = 4 RequiredNode = 5 ExcludedNode = 3
	at org.apache.hadoop.hdds.scm.container.placement.algorithms.SCMContainerPlacementRackScatter.chooseDatanodesInternal(SCMContainerPlacementRackScatter.java:238)
	at org.apache.hadoop.hdds.scm.SCMCommonPlacementPolicy.chooseDatanodes(SCMCommonPlacementPolicy.java:185)
	at org.apache.hadoop.hdds.scm.SCMCommonPlacementPolicy.chooseDatanodes(SCMCommonPlacementPolicy.java:127)
	at org.apache.hadoop.hdds.scm.pipeline.ECPipelineProvider.create(ECPipelineProvider.java:82)
	at org.apache.hadoop.hdds.scm.pipeline.ECPipelineProvider.create(ECPipelineProvider.java:45)
	at org.apache.hadoop.hdds.scm.pipeline.PipelineFactory.create(PipelineFactory.java:89)
	at org.apache.hadoop.hdds.scm.pipeline.PipelineManagerImpl.createPipeline(PipelineManagerImpl.java:225)
	at org.apache.hadoop.hdds.scm.pipeline.WritableECContainerProvider.allocateContainer(WritableECContainerProvider.java:171)
	at org.apache.hadoop.hdds.scm.pipeline.WritableECContainerProvider.getContainer(WritableECContainerProvider.java:153)
	at org.apache.hadoop.hdds.scm.pipeline.WritableECContainerProvider.getContainer(WritableECContainerProvider.java:52)
	at org.apache.hadoop.hdds.scm.pipeline.WritableContainerFactory.getContainer(WritableContainerFactory.java:60)
	at org.apache.hadoop.hdds.scm.block.BlockManagerImpl.allocateBlock(BlockManagerImpl.java:166)
	at org.apache.hadoop.hdds.scm.server.SCMBlockProtocolServer.allocateBlock(SCMBlockProtocolServer.java:194)
	at org.apache.hadoop.hdds.scm.protocol.ScmBlockLocationProtocolServerSideTranslatorPB.allocateScmBlock(ScmBlockLocationProtocolServerSideTranslatorPB.java:192)
	at org.apache.hadoop.hdds.scm.protocol.ScmBlockLocationProtocolServerSideTranslatorPB.processMessage(ScmBlockLocationProtocolServerSideTranslatorPB.java:142)
	at org.apache.hadoop.hdds.server.OzoneProtocolMessageDispatcher.processRequest(OzoneProtocolMessageDispatcher.java:87)
	at org.apache.hadoop.hdds.scm.protocol.ScmBlockLocationProtocolServerSideTranslatorPB.send(ScmBlockLocationProtocolServerSideTranslatorPB.java:113)
	at org.apache.hadoop.hdds.protocol.proto.ScmBlockLocationProtocolProtos$ScmBlockLocationProtocolService$2.callBlockingMethod(ScmBlockLocationProtocolProtos.java:14220)
	at org.apache.hadoop.ipc.ProtobufRpcEngine$Server.processCall(ProtobufRpcEngine.java:484)
	at org.apache.hadoop.ipc.ProtobufRpcEngine2$Server$ProtoBufRpcInvoker.call(ProtobufRpcEngine2.java:595)
	at org.apache.hadoop.ipc.ProtobufRpcEngine2$Server$ProtoBufRpcInvoker.call(ProtobufRpcEngine2.java:573)
	at org.apache.hadoop.ipc.RPC$Server.call(RPC.java:1213)
	at org.apache.hadoop.ipc.Server$RpcCall.run(Server.java:1089)
	at org.apache.hadoop.ipc.Server$RpcCall.run(Server.java:1012)
	at java.security.AccessController.doPrivileged(Native Method)
	at javax.security.auth.Subject.doAs(Subject.java:422)
	at org.apache.hadoop.security.UserGroupInformation.doAs(UserGroupInformation.java:1899)
	at org.apache.hadoop.ipc.Server$Handler.run(Server.java:3026)
11:22:53.126 [IPC Server handler 16 on default port 38291] ERROR SCMAudit - user=runner | ip=10.1.0.33 | op=ALLOCATE_BLOCK {replication=EC{rs-3-2-1024k}, owner=om1, size=4194304, num=1} | ret=FAILURE
org.apache.hadoop.hdds.scm.exceptions.SCMException: No enough datanodes to choose. TotalNode = 7 AvailableNode = 4 RequiredNode = 5 ExcludedNode = 3
	at org.apache.hadoop.hdds.scm.container.placement.algorithms.SCMContainerPlacementRackScatter.chooseDatanodesInternal(SCMContainerPlacementRackScatter.java:238) ~[hdds-server-scm-1.4.0-SNAPSHOT.jar:?]
	at org.apache.hadoop.hdds.scm.SCMCommonPlacementPolicy.chooseDatanodes(SCMCommonPlacementPolicy.java:185) ~[hdds-server-scm-1.4.0-SNAPSHOT.jar:?]
	at org.apache.hadoop.hdds.scm.SCMCommonPlacementPolicy.chooseDatanodes(SCMCommonPlacementPolicy.java:127) ~[hdds-server-scm-1.4.0-SNAPSHOT.jar:?]
	at org.apache.hadoop.hdds.scm.pipeline.ECPipelineProvider.create(ECPipelineProvider.java:82) ~[hdds-server-scm-1.4.0-SNAPSHOT.jar:?]
	at org.apache.hadoop.hdds.scm.pipeline.ECPipelineProvider.create(ECPipelineProvider.java:45) ~[hdds-server-scm-1.4.0-SNAPSHOT.jar:?]
	at org.apache.hadoop.hdds.scm.pipeline.PipelineFactory.create(PipelineFactory.java:89) ~[hdds-server-scm-1.4.0-SNAPSHOT.jar:?]
	at org.apache.hadoop.hdds.scm.pipeline.PipelineManagerImpl.createPipeline(PipelineManagerImpl.java:225) ~[hdds-server-scm-1.4.0-SNAPSHOT.jar:?]
	at org.apache.hadoop.hdds.scm.pipeline.WritableECContainerProvider.allocateContainer(WritableECContainerProvider.java:171) ~[hdds-server-scm-1.4.0-SNAPSHOT.jar:?]
	at org.apache.hadoop.hdds.scm.pipeline.WritableECContainerProvider.getContainer(WritableECContainerProvider.java:153) ~[hdds-server-scm-1.4.0-SNAPSHOT.jar:?]
	at org.apache.hadoop.hdds.scm.pipeline.WritableECContainerProvider.getContainer(WritableECContainerProvider.java:52) ~[hdds-server-scm-1.4.0-SNAPSHOT.jar:?]
	at org.apache.hadoop.hdds.scm.pipeline.WritableContainerFactory.getContainer(WritableContainerFactory.java:60) ~[hdds-server-scm-1.4.0-SNAPSHOT.jar:?]
	at org.apache.hadoop.hdds.scm.block.BlockManagerImpl.allocateBlock(BlockManagerImpl.java:166) ~[hdds-server-scm-1.4.0-SNAPSHOT.jar:?]
	at org.apache.hadoop.hdds.scm.server.SCMBlockProtocolServer.allocateBlock(SCMBlockProtocolServer.java:194) ~[hdds-server-scm-1.4.0-SNAPSHOT.jar:?]
	at org.apache.hadoop.hdds.scm.protocol.ScmBlockLocationProtocolServerSideTranslatorPB.allocateScmBlock(ScmBlockLocationProtocolServerSideTranslatorPB.java:192) ~[hdds-server-scm-1.4.0-SNAPSHOT.jar:?]
	at org.apache.hadoop.hdds.scm.protocol.ScmBlockLocationProtocolServerSideTranslatorPB.processMessage(ScmBlockLocationProtocolServerSideTranslatorPB.java:142) ~[hdds-server-scm-1.4.0-SNAPSHOT.jar:?]
	at org.apache.hadoop.hdds.server.OzoneProtocolMessageDispatcher.processRequest(OzoneProtocolMessageDispatcher.java:87) [hdds-server-framework-1.4.0-SNAPSHOT.jar:?]
	at org.apache.hadoop.hdds.scm.protocol.ScmBlockLocationProtocolServerSideTranslatorPB.send(ScmBlockLocationProtocolServerSideTranslatorPB.java:113) [hdds-server-scm-1.4.0-SNAPSHOT.jar:?]
	at org.apache.hadoop.hdds.protocol.proto.ScmBlockLocationProtocolProtos$ScmBlockLocationProtocolService$2.callBlockingMethod(ScmBlockLocationProtocolProtos.java:14220) [hdds-interface-server-1.4.0-SNAPSHOT.jar:?]
	at org.apache.hadoop.ipc.ProtobufRpcEngine$Server.processCall(ProtobufRpcEngine.java:484) [hadoop-common-3.3.5.jar:?]
	at org.apache.hadoop.ipc.ProtobufRpcEngine2$Server$ProtoBufRpcInvoker.call(ProtobufRpcEngine2.java:595) [hadoop-common-3.3.5.jar:?]
	at org.apache.hadoop.ipc.ProtobufRpcEngine2$Server$ProtoBufRpcInvoker.call(ProtobufRpcEngine2.java:573) [hadoop-common-3.3.5.jar:?]
	at org.apache.hadoop.ipc.RPC$Server.call(RPC.java:1213) [hadoop-common-3.3.5.jar:?]
	at org.apache.hadoop.ipc.Server$RpcCall.run(Server.java:1089) [hadoop-common-3.3.5.jar:?]
	at org.apache.hadoop.ipc.Server$RpcCall.run(Server.java:1012) [hadoop-common-3.3.5.jar:?]
	at java.security.AccessController.doPrivileged(Native Method) ~[?:1.8.0_362]
	at javax.security.auth.Subject.doAs(Subject.java:422) [?:1.8.0_362]
	at org.apache.hadoop.security.UserGroupInformation.doAs(UserGroupInformation.java:1899) [hadoop-common-3.3.5.jar:?]
	at org.apache.hadoop.ipc.Server$Handler.run(Server.java:3026) [hadoop-common-3.3.5.jar:?]
2023-04-18 11:22:53,128 [ForkJoinPool.commonPool-worker-1] INFO  handler.ContextHandler (ContextHandler.java:doStop(1159)) - Stopped o.e.j.s.ServletContextHandler@7c366855{static,/static,jar:file:/home/runner/.m2/repository/org/apache/ozone/hdds-container-service/1.4.0-SNAPSHOT/hdds-container-service-1.4.0-SNAPSHOT.jar!/webapps/static,STOPPED}
2023-04-18 11:22:53,128 [ForkJoinPool.commonPool-worker-1] INFO  handler.ContextHandler (ContextHandler.java:doStop(1159)) - Stopped o.e.j.s.ServletContextHandler@780758d2{logs,/logs,file:///home/runner/work/ozone/ozone/hadoop-ozone/integration-test/target/log,STOPPED}
2023-04-18 11:22:53,128 [a5634e25-af16-4753-8f18-352d6216d1aa-impl-thread3] INFO  server.RaftServer$Division (ServerState.java:close(466)) - a5634e25-af16-4753-8f18-352d6216d1aa@group-9C3EEF5C5EB9: closes. applyIndex: 0
2023-04-18 11:22:53,143 [a5634e25-af16-4753-8f18-352d6216d1aa@group-9C3EEF5C5EB9-SegmentedRaftLogWorker] INFO  segmented.SegmentedRaftLogWorker (SegmentedRaftLogWorker.java:run(347)) - a5634e25-af16-4753-8f18-352d6216d1aa@group-9C3EEF5C5EB9-SegmentedRaftLogWorker was interrupted, exiting. There are 0 tasks remaining in the queue.
2023-04-18 11:22:53,144 [a5634e25-af16-4753-8f18-352d6216d1aa-impl-thread3] INFO  segmented.SegmentedRaftLogWorker (SegmentedRaftLogWorker.java:close(257)) - a5634e25-af16-4753-8f18-352d6216d1aa@group-9C3EEF5C5EB9-SegmentedRaftLogWorker close()
2023-04-18 11:22:53,145 [JvmPauseMonitor24] INFO  util.JvmPauseMonitor (JvmPauseMonitor.java:run(111)) - JvmPauseMonitor-a5634e25-af16-4753-8f18-352d6216d1aa: Stopped
2023-04-18 11:22:53,146 [ForkJoinPool.commonPool-worker-1] INFO  ozoneimpl.OzoneContainer (OzoneContainer.java:stop(419)) - Attempting to stop container services.
2023-04-18 11:22:53,155 [ForkJoinPool.commonPool-worker-1] INFO  server.RaftServer (RaftServerProxy.java:lambda$close$6(409)) - ffa08bb8-08ae-4adf-813c-f4421d2d52fd: close
2023-04-18 11:22:53,160 [ffa08bb8-08ae-4adf-813c-f4421d2d52fd-impl-thread2] INFO  server.RaftServer$Division (RaftServerImpl.java:lambda$close$4(458)) - ffa08bb8-08ae-4adf-813c-f4421d2d52fd@group-3EBB8E36D1AA: shutdown
2023-04-18 11:22:53,160 [ffa08bb8-08ae-4adf-813c-f4421d2d52fd-impl-thread2] INFO  util.JmxRegister (JmxRegister.java:unregister(73)) - Successfully un-registered JMX Bean with object name Ratis:service=RaftServer,group=group-3EBB8E36D1AA,id=ffa08bb8-08ae-4adf-813c-f4421d2d52fd
2023-04-18 11:22:53,160 [ffa08bb8-08ae-4adf-813c-f4421d2d52fd-impl-thread2] INFO  impl.RoleInfo (RoleInfo.java:shutdownFollowerState(110)) - ffa08bb8-08ae-4adf-813c-f4421d2d52fd: shutdown ffa08bb8-08ae-4adf-813c-f4421d2d52fd@group-3EBB8E36D1AA-FollowerState
2023-04-18 11:22:53,163 [ForkJoinPool.commonPool-worker-1] INFO  server.GrpcService (GrpcService.java:closeImpl(271)) - ffa08bb8-08ae-4adf-813c-f4421d2d52fd: shutdown server GrpcServerProtocolService now
2023-04-18 11:22:53,164 [ForkJoinPool.commonPool-worker-1] INFO  server.GrpcServerProtocolClient (GrpcServerProtocolClient.java:close(101)) - 3cde1de5-1a5f-4fe2-84a5-4d139cb24208 Close channels
2023-04-18 11:22:53,164 [ForkJoinPool.commonPool-worker-1] INFO  server.GrpcServerProtocolClient (GrpcServerProtocolClient.java:close(101)) - b70b393f-0df3-4302-81e5-4dc6a6d9b70c Close channels
2023-04-18 11:22:53,165 [ForkJoinPool.commonPool-worker-1] INFO  server.GrpcService (GrpcService.java:closeImpl(280)) - ffa08bb8-08ae-4adf-813c-f4421d2d52fd: shutdown server GrpcServerProtocolService successfully
2023-04-18 11:22:53,165 [ffa08bb8-08ae-4adf-813c-f4421d2d52fd-impl-thread3] INFO  server.RaftServer$Division (RaftServerImpl.java:lambda$close$4(458)) - ffa08bb8-08ae-4adf-813c-f4421d2d52fd@group-83E1A4F19076: shutdown
2023-04-18 11:22:53,166 [ffa08bb8-08ae-4adf-813c-f4421d2d52fd-impl-thread3] INFO  util.JmxRegister (JmxRegister.java:unregister(73)) - Successfully un-registered JMX Bean with object name Ratis:service=RaftServer,group=group-83E1A4F19076,id=ffa08bb8-08ae-4adf-813c-f4421d2d52fd
2023-04-18 11:22:53,167 [ffa08bb8-08ae-4adf-813c-f4421d2d52fd-impl-thread3] INFO  impl.RoleInfo (RoleInfo.java:shutdownLeaderState(93)) - ffa08bb8-08ae-4adf-813c-f4421d2d52fd: shutdown ffa08bb8-08ae-4adf-813c-f4421d2d52fd@group-83E1A4F19076-LeaderStateImpl
2023-04-18 11:22:53,167 [ffa08bb8-08ae-4adf-813c-f4421d2d52fd-impl-thread3] INFO  impl.PendingRequests (PendingRequests.java:sendNotLeaderResponses(282)) - ffa08bb8-08ae-4adf-813c-f4421d2d52fd@group-83E1A4F19076-PendingRequests: sendNotLeaderResponses
2023-04-18 11:22:53,168 [ffa08bb8-08ae-4adf-813c-f4421d2d52fd-impl-thread3] INFO  impl.StateMachineUpdater (StateMachineUpdater.java:stopAndJoin(153)) - ffa08bb8-08ae-4adf-813c-f4421d2d52fd@group-83E1A4F19076-StateMachineUpdater: set stopIndex = 0
2023-04-18 11:22:53,168 [ffa08bb8-08ae-4adf-813c-f4421d2d52fd@group-83E1A4F19076-StateMachineUpdater] INFO  ratis.ContainerStateMachine (ContainerStateMachine.java:takeSnapshot(330)) - group-83E1A4F19076: Taking a snapshot at:(t:1, i:0) file /home/runner/work/ozone/ozone/hadoop-ozone/integration-test/target/test-dir/MiniOzoneClusterImpl-a0ab8c4d-1654-40c9-b0d8-9193cd592234/datanode-0/data/ratis/f67e8657-dae0-4478-8ca2-83e1a4f19076/sm/snapshot.1_0
2023-04-18 11:22:53,166 [ffa08bb8-08ae-4adf-813c-f4421d2d52fd-NettyServerStreamRpc-bossGroup--thread1] INFO  logging.LoggingHandler (AbstractInternalLogger.java:log(148)) - [id: 0x3724dd41, L:/0:0:0:0:0:0:0:0:43875] CLOSE
2023-04-18 11:22:53,169 [ffa08bb8-08ae-4adf-813c-f4421d2d52fd-NettyServerStreamRpc-bossGroup--thread1] INFO  logging.LoggingHandler (AbstractInternalLogger.java:log(148)) - [id: 0x3724dd41, L:/0:0:0:0:0:0:0:0:43875] INACTIVE
2023-04-18 11:22:53,169 [ffa08bb8-08ae-4adf-813c-f4421d2d52fd-NettyServerStreamRpc-bossGroup--thread1] INFO  logging.LoggingHandler (AbstractInternalLogger.java:log(148)) - [id: 0x3724dd41, L:/0:0:0:0:0:0:0:0:43875] UNREGISTERED
2023-04-18 11:22:53,170 [ffa08bb8-08ae-4adf-813c-f4421d2d52fd@group-83E1A4F19076-StateMachineUpdater] INFO  ratis.ContainerStateMachine (ContainerStateMachine.java:takeSnapshot(341)) - group-83E1A4F19076: Finished taking a snapshot at:(t:1, i:0) file:/home/runner/work/ozone/ozone/hadoop-ozone/integration-test/target/test-dir/MiniOzoneClusterImpl-a0ab8c4d-1654-40c9-b0d8-9193cd592234/datanode-0/data/ratis/f67e8657-dae0-4478-8ca2-83e1a4f19076/sm/snapshot.1_0 took: 1 ms
2023-04-18 11:22:53,170 [ffa08bb8-08ae-4adf-813c-f4421d2d52fd@group-83E1A4F19076-StateMachineUpdater] INFO  impl.StateMachineUpdater (StateMachineUpdater.java:takeSnapshot(287)) - ffa08bb8-08ae-4adf-813c-f4421d2d52fd@group-83E1A4F19076-StateMachineUpdater: Took a snapshot at index 0
2023-04-18 11:22:53,170 [ffa08bb8-08ae-4adf-813c-f4421d2d52fd@group-83E1A4F19076-StateMachineUpdater] INFO  impl.StateMachineUpdater (StateMachineUpdater.java:lambda$new$0(92)) - ffa08bb8-08ae-4adf-813c-f4421d2d52fd@group-83E1A4F19076-StateMachineUpdater: snapshotIndex: updateIncreasingly -1 -> 0
2023-04-18 11:22:53,171 [ffa08bb8-08ae-4adf-813c-f4421d2d52fd-impl-thread3] INFO  server.RaftServer$Division (ServerState.java:close(466)) - ffa08bb8-08ae-4adf-813c-f4421d2d52fd@group-83E1A4F19076: closes. applyIndex: 0
2023-04-18 11:22:53,178 [ffa08bb8-08ae-4adf-813c-f4421d2d52fd-impl-thread2] INFO  impl.StateMachineUpdater (StateMachineUpdater.java:stopAndJoin(153)) - ffa08bb8-08ae-4adf-813c-f4421d2d52fd@group-3EBB8E36D1AA-StateMachineUpdater: set stopIndex = 31
2023-04-18 11:22:53,178 [ffa08bb8-08ae-4adf-813c-f4421d2d52fd@group-3EBB8E36D1AA-FollowerState] INFO  impl.FollowerState (FollowerState.java:run(152)) - ffa08bb8-08ae-4adf-813c-f4421d2d52fd@group-3EBB8E36D1AA-FollowerState was interrupted
2023-04-18 11:22:53,179 [ffa08bb8-08ae-4adf-813c-f4421d2d52fd@group-3EBB8E36D1AA-StateMachineUpdater] INFO  ratis.ContainerStateMachine (ContainerStateMachine.java:takeSnapshot(330)) - group-3EBB8E36D1AA: Taking a snapshot at:(t:1, i:31) file /home/runner/work/ozone/ozone/hadoop-ozone/integration-test/target/test-dir/MiniOzoneClusterImpl-a0ab8c4d-1654-40c9-b0d8-9193cd592234/datanode-0/data/ratis/1be95070-cc85-4261-abeb-3ebb8e36d1aa/sm/snapshot.1_31
2023-04-18 11:22:53,180 [ffa08bb8-08ae-4adf-813c-f4421d2d52fd@group-3EBB8E36D1AA-StateMachineUpdater] INFO  ratis.ContainerStateMachine (ContainerStateMachine.java:takeSnapshot(341)) - group-3EBB8E36D1AA: Finished taking a snapshot at:(t:1, i:31) file:/home/runner/work/ozone/ozone/hadoop-ozone/integration-test/target/test-dir/MiniOzoneClusterImpl-a0ab8c4d-1654-40c9-b0d8-9193cd592234/datanode-0/data/ratis/1be95070-cc85-4261-abeb-3ebb8e36d1aa/sm/snapshot.1_31 took: 2 ms
2023-04-18 11:22:53,180 [ffa08bb8-08ae-4adf-813c-f4421d2d52fd@group-3EBB8E36D1AA-StateMachineUpdater] INFO  impl.StateMachineUpdater (StateMachineUpdater.java:takeSnapshot(287)) - ffa08bb8-08ae-4adf-813c-f4421d2d52fd@group-3EBB8E36D1AA-StateMachineUpdater: Took a snapshot at index 31
2023-04-18 11:22:53,181 [ffa08bb8-08ae-4adf-813c-f4421d2d52fd@group-3EBB8E36D1AA-StateMachineUpdater] INFO  impl.StateMachineUpdater (StateMachineUpdater.java:lambda$new$0(92)) - ffa08bb8-08ae-4adf-813c-f4421d2d52fd@group-3EBB8E36D1AA-StateMachineUpdater: snapshotIndex: updateIncreasingly -1 -> 31
2023-04-18 11:22:53,198 [ffa08bb8-08ae-4adf-813c-f4421d2d52fd@group-83E1A4F19076-SegmentedRaftLogWorker] INFO  segmented.SegmentedRaftLogWorker (SegmentedRaftLogWorker.java:run(347)) - ffa08bb8-08ae-4adf-813c-f4421d2d52fd@group-83E1A4F19076-SegmentedRaftLogWorker was interrupted, exiting. There are 0 tasks remaining in the queue.
2023-04-18 11:22:53,200 [ffa08bb8-08ae-4adf-813c-f4421d2d52fd-impl-thread3] INFO  segmented.SegmentedRaftLogWorker (SegmentedRaftLogWorker.java:close(257)) - ffa08bb8-08ae-4adf-813c-f4421d2d52fd@group-83E1A4F19076-SegmentedRaftLogWorker close()
2023-04-18 11:22:53,203 [ffa08bb8-08ae-4adf-813c-f4421d2d52fd-impl-thread2] INFO  server.RaftServer$Division (ServerState.java:close(466)) - ffa08bb8-08ae-4adf-813c-f4421d2d52fd@group-3EBB8E36D1AA: closes. applyIndex: 31
2023-04-18 11:22:53,203 [ffa08bb8-08ae-4adf-813c-f4421d2d52fd@group-3EBB8E36D1AA-SegmentedRaftLogWorker] INFO  segmented.SegmentedRaftLogWorker (SegmentedRaftLogWorker.java:run(347)) - ffa08bb8-08ae-4adf-813c-f4421d2d52fd@group-3EBB8E36D1AA-SegmentedRaftLogWorker was interrupted, exiting. There are 0 tasks remaining in the queue.
2023-04-18 11:22:53,203 [ffa08bb8-08ae-4adf-813c-f4421d2d52fd-impl-thread2] INFO  segmented.SegmentedRaftLogWorker (SegmentedRaftLogWorker.java:close(257)) - ffa08bb8-08ae-4adf-813c-f4421d2d52fd@group-3EBB8E36D1AA-SegmentedRaftLogWorker close()
2023-04-18 11:22:53,205 [JvmPauseMonitor17] INFO  util.JvmPauseMonitor (JvmPauseMonitor.java:run(111)) - JvmPauseMonitor-ffa08bb8-08ae-4adf-813c-f4421d2d52fd: Stopped
2023-04-18 11:22:53,222 [ReplicationMonitor] INFO  replication.ReplicationManager (ReplicationManager.java:processAll(396)) - Replication Monitor Thread took 1 milliseconds for processing 0 containers.
]]></system-out>
  </testcase>
  <testcase name="testSCMHandlesRestartForMaintenanceNode" classname="org.apache.hadoop.ozone.scm.node.TestDecommissionAndMaintenance" time="22.757"/>
  <testcase name="testEnteringMaintenanceNodeCompletesAfterSCMRestart" classname="org.apache.hadoop.ozone.scm.node.TestDecommissionAndMaintenance" time="15.411"/>
  <testcase name="testDecommissioningNodesCompleteDecommissionOnSCMRestart" classname="org.apache.hadoop.ozone.scm.node.TestDecommissionAndMaintenance" time="2.513">
    <error type="INTERNAL_ERROR org.apache.hadoop.ozone.om.exceptions.OMException"><![CDATA[INTERNAL_ERROR org.apache.hadoop.ozone.om.exceptions.OMException: No enough datanodes to choose. TotalNode = 7 AvailableNode = 2 RequiredNode = 5 ExcludedNode = 5
	at org.apache.hadoop.ozone.om.protocolPB.OzoneManagerProtocolClientSideTranslatorPB.handleError(OzoneManagerProtocolClientSideTranslatorPB.java:710)
	at org.apache.hadoop.ozone.om.protocolPB.OzoneManagerProtocolClientSideTranslatorPB.allocateBlock(OzoneManagerProtocolClientSideTranslatorPB.java:745)
	at org.apache.hadoop.ozone.client.io.BlockOutputStreamEntryPool.allocateNewBlock(BlockOutputStreamEntryPool.java:312)
	at org.apache.hadoop.ozone.client.io.BlockOutputStreamEntryPool.allocateBlockIfNeeded(BlockOutputStreamEntryPool.java:395)
	at org.apache.hadoop.ozone.client.io.ECKeyOutputStream.writeDataCells(ECKeyOutputStream.java:351)
	at org.apache.hadoop.ozone.client.io.ECKeyOutputStream.flushStripeToDatanodes(ECKeyOutputStream.java:576)
	at org.apache.hadoop.ozone.client.io.ECKeyOutputStream.flushStripeFromQueue(ECKeyOutputStream.java:560)
	at java.util.concurrent.FutureTask.run(FutureTask.java:266)
	at java.util.concurrent.ThreadPoolExecutor.runWorker(ThreadPoolExecutor.java:1149)
	at java.util.concurrent.ThreadPoolExecutor$Worker.run(ThreadPoolExecutor.java:624)
	at java.lang.Thread.run(Thread.java:750)
]]></error>
    <system-out><![CDATA[2023-04-18 11:23:31,415 [Mini-Cluster-Provider-Reap] INFO  ozone.MiniOzoneClusterImpl (MiniOzoneClusterImpl.java:shutdown(455)) - Shutting down the Mini Ozone Cluster
2023-04-18 11:23:31,424 [Mini-Cluster-Provider-Reap] INFO  ozone.MiniOzoneClusterImpl (MiniOzoneClusterImpl.java:stop(471)) - Stopping the Mini Ozone Cluster
2023-04-18 11:23:31,425 [Mini-Cluster-Provider-Reap] INFO  ozone.MiniOzoneClusterImpl (MiniOzoneClusterImpl.java:stopOM(557)) - Stopping the OzoneManager
2023-04-18 11:23:31,425 [Mini-Cluster-Provider-Reap] INFO  om.OzoneManager (OzoneManager.java:stop(2154)) - om1[localhost:0]: Stopping Ozone Manager
2023-04-18 11:23:31,425 [Mini-Cluster-Provider-Reap] INFO  ipc.Server (Server.java:stop(3501)) - Stopping server on 37041
2023-04-18 11:23:31,435 [IPC Server listener on 0] INFO  ipc.Server (Server.java:run(1430)) - Stopping IPC Server listener on 0
2023-04-18 11:23:31,435 [IPC Server Responder] INFO  ipc.Server (Server.java:run(1563)) - Stopping IPC Server Responder
2023-04-18 11:23:31,436 [Mini-Cluster-Provider-Reap] INFO  server.RaftServer (RaftServerProxy.java:lambda$close$6(409)) - om1: close
2023-04-18 11:23:31,436 [Mini-Cluster-Provider-Reap] INFO  server.GrpcService (GrpcService.java:closeImpl(271)) - om1: shutdown server GrpcServerProtocolService now
2023-04-18 11:23:31,436 [om1-impl-thread1] INFO  server.RaftServer$Division (RaftServerImpl.java:lambda$close$4(458)) - om1@group-C5BA1605619E: shutdown
2023-04-18 11:23:31,436 [om1-impl-thread1] INFO  impl.RoleInfo (RoleInfo.java:shutdownLeaderState(93)) - om1: shutdown om1@group-C5BA1605619E-LeaderStateImpl
2023-04-18 11:23:31,436 [om1-impl-thread1] INFO  impl.PendingRequests (PendingRequests.java:sendNotLeaderResponses(282)) - om1@group-C5BA1605619E-PendingRequests: sendNotLeaderResponses
2023-04-18 11:23:31,443 [om1-impl-thread1] INFO  impl.StateMachineUpdater (StateMachineUpdater.java:stopAndJoin(153)) - om1@group-C5BA1605619E-StateMachineUpdater: set stopIndex = 84
2023-04-18 11:23:31,445 [om1@group-C5BA1605619E-StateMachineUpdater] INFO  ratis.OzoneManagerStateMachine (OzoneManagerStateMachine.java:takeSnapshot(453)) - Current Snapshot Index (t:1, i:84)
2023-04-18 11:23:31,449 [Mini-Cluster-Provider-Reap] INFO  server.GrpcService (GrpcService.java:closeImpl(280)) - om1: shutdown server GrpcServerProtocolService successfully
2023-04-18 11:23:31,455 [ReplicationMonitor] INFO  replication.ReplicationManager (ReplicationManager.java:processAll(396)) - Replication Monitor Thread took 0 milliseconds for processing 0 containers.
2023-04-18 11:23:31,473 [om1@group-C5BA1605619E-StateMachineUpdater] INFO  impl.StateMachineUpdater (StateMachineUpdater.java:takeSnapshot(287)) - om1@group-C5BA1605619E-StateMachineUpdater: Took a snapshot at index 84
2023-04-18 11:23:31,474 [om1@group-C5BA1605619E-StateMachineUpdater] INFO  impl.StateMachineUpdater (StateMachineUpdater.java:lambda$new$0(92)) - om1@group-C5BA1605619E-StateMachineUpdater: snapshotIndex: updateIncreasingly -1 -> 84
2023-04-18 11:23:31,474 [om1@group-C5BA1605619E-StateMachineUpdater] INFO  ratis.OzoneManagerStateMachine (OzoneManagerStateMachine.java:close(507)) - StateMachine has shutdown. Shutdown OzoneManager if not already shutdown.
2023-04-18 11:23:31,474 [om1@group-C5BA1605619E-StateMachineUpdater] INFO  ratis.OzoneManagerDoubleBuffer (OzoneManagerDoubleBuffer.java:stopDaemon(540)) - Stopping OMDoubleBuffer flush thread
2023-04-18 11:23:31,474 [OMDoubleBufferFlushThread] INFO  ratis.OzoneManagerDoubleBuffer (OzoneManagerDoubleBuffer.java:canFlush(625)) - OMDoubleBuffer flush thread OMDoubleBufferFlushThread is interrupted and will exit.
2023-04-18 11:23:31,475 [om1-impl-thread1] INFO  server.RaftServer$Division (ServerState.java:close(466)) - om1@group-C5BA1605619E: closes. applyIndex: 84
2023-04-18 11:23:31,475 [om1@group-C5BA1605619E-SegmentedRaftLogWorker] INFO  segmented.SegmentedRaftLogWorker (SegmentedRaftLogWorker.java:run(347)) - om1@group-C5BA1605619E-SegmentedRaftLogWorker was interrupted, exiting. There are 0 tasks remaining in the queue.
2023-04-18 11:23:31,476 [om1-impl-thread1] INFO  segmented.SegmentedRaftLogWorker (SegmentedRaftLogWorker.java:close(257)) - om1@group-C5BA1605619E-SegmentedRaftLogWorker close()
2023-04-18 11:23:31,476 [JvmPauseMonitor41] INFO  util.JvmPauseMonitor (JvmPauseMonitor.java:run(111)) - JvmPauseMonitor-om1: Stopped
2023-04-18 11:23:31,477 [Mini-Cluster-Provider-Reap] INFO  ratis.OzoneManagerStateMachine (OzoneManagerStateMachine.java:close(507)) - StateMachine has shutdown. Shutdown OzoneManager if not already shutdown.
2023-04-18 11:23:31,477 [Mini-Cluster-Provider-Reap] INFO  ratis.OzoneManagerDoubleBuffer (OzoneManagerDoubleBuffer.java:stopDaemon(549)) - OMDoubleBuffer flush thread is not running.
2023-04-18 11:23:31,477 [Mini-Cluster-Provider-Reap] INFO  utils.BackgroundService (BackgroundService.java:shutdown(141)) - Shutting down service KeyDeletingService
2023-04-18 11:23:31,477 [Mini-Cluster-Provider-Reap] INFO  utils.BackgroundService (BackgroundService.java:shutdown(141)) - Shutting down service KeyDeletingService
2023-04-18 11:23:31,477 [Mini-Cluster-Provider-Reap] INFO  utils.BackgroundService (BackgroundService.java:shutdown(141)) - Shutting down service OpenKeyCleanupService
2023-04-18 11:23:31,477 [Mini-Cluster-Provider-Reap] INFO  utils.BackgroundService (BackgroundService.java:shutdown(141)) - Shutting down service SstFilteringService
2023-04-18 11:23:31,478 [Mini-Cluster-Provider-Reap] INFO  utils.BackgroundService (BackgroundService.java:shutdown(141)) - Shutting down service SnapshotDeletingService
2023-04-18 11:23:31,483 [Mini-Cluster-Provider-Reap] INFO  handler.ContextHandler (ContextHandler.java:doStop(1159)) - Stopped o.e.j.w.WebAppContext@6cdf9d8d{ozoneManager,/,null,STOPPED}{file:/home/runner/work/ozone/ozone/hadoop-ozone/integration-test/target/test-classes/webapps/ozoneManager}
2023-04-18 11:23:31,483 [Mini-Cluster-Provider-Reap] INFO  server.AbstractConnector (AbstractConnector.java:doStop(383)) - Stopped ServerConnector@200e8602{HTTP/1.1, (http/1.1)}{0.0.0.0:0}
2023-04-18 11:23:31,483 [Mini-Cluster-Provider-Reap] INFO  server.session (HouseKeeper.java:stopScavenging(149)) - node0 Stopped scavenging
2023-04-18 11:23:31,483 [Mini-Cluster-Provider-Reap] INFO  handler.ContextHandler (ContextHandler.java:doStop(1159)) - Stopped o.e.j.s.ServletContextHandler@32ed58f5{static,/static,file:///home/runner/work/ozone/ozone/hadoop-ozone/integration-test/target/test-classes/webapps/static,STOPPED}
2023-04-18 11:23:31,484 [Mini-Cluster-Provider-Reap] INFO  handler.ContextHandler (ContextHandler.java:doStop(1159)) - Stopped o.e.j.s.ServletContextHandler@34589a8d{logs,/logs,file:///home/runner/work/ozone/ozone/hadoop-ozone/integration-test/target/log,STOPPED}
2023-04-18 11:23:31,490 [Listener at 0.0.0.0/46785] INFO  rpc.RpcClient (RpcClient.java:createVolume(476)) - Creating Volume: vol1, with user26888 as owner and space quota set to -1 bytes, counts quota set to -1
2023-04-18 11:23:31,504 [Mini-Cluster-Provider-Reap] INFO  ozone.MiniOzoneClusterImpl (MiniOzoneClusterImpl.java:stopDatanodes(534)) - Stopping the HddsDatanodes
2023-04-18 11:23:31,507 [Mini-Cluster-Provider-Reap] INFO  ozoneimpl.OzoneContainer (OzoneContainer.java:stop(419)) - Attempting to stop container services.
2023-04-18 11:23:31,508 [ForkJoinPool.commonPool-worker-0] INFO  ozoneimpl.OzoneContainer (OzoneContainer.java:stop(419)) - Attempting to stop container services.
2023-04-18 11:23:31,511 [Mini-Cluster-Provider-Reap] INFO  server.RaftServer (RaftServerProxy.java:lambda$close$6(409)) - d29cf1bc-5782-45dc-8231-48e078d91de3: close
2023-04-18 11:23:31,511 [Mini-Cluster-Provider-Reap] INFO  server.GrpcService (GrpcService.java:closeImpl(271)) - d29cf1bc-5782-45dc-8231-48e078d91de3: shutdown server GrpcServerProtocolService now
2023-04-18 11:23:31,512 [Mini-Cluster-Provider-Reap] INFO  server.GrpcService (GrpcService.java:closeImpl(280)) - d29cf1bc-5782-45dc-8231-48e078d91de3: shutdown server GrpcServerProtocolService successfully
2023-04-18 11:23:31,513 [d29cf1bc-5782-45dc-8231-48e078d91de3-NettyServerStreamRpc-bossGroup--thread1] INFO  logging.LoggingHandler (AbstractInternalLogger.java:log(148)) - [id: 0x439ca684, L:/0:0:0:0:0:0:0:0:43779] CLOSE
2023-04-18 11:23:31,513 [ForkJoinPool.commonPool-worker-0] INFO  server.RaftServer (RaftServerProxy.java:lambda$close$6(409)) - c4328530-2228-4a35-bb1e-31d75e23fd37: close
2023-04-18 11:23:31,513 [d29cf1bc-5782-45dc-8231-48e078d91de3-NettyServerStreamRpc-bossGroup--thread1] INFO  logging.LoggingHandler (AbstractInternalLogger.java:log(148)) - [id: 0x439ca684, L:/0:0:0:0:0:0:0:0:43779] INACTIVE
2023-04-18 11:23:31,513 [d29cf1bc-5782-45dc-8231-48e078d91de3-NettyServerStreamRpc-bossGroup--thread1] INFO  logging.LoggingHandler (AbstractInternalLogger.java:log(148)) - [id: 0x439ca684, L:/0:0:0:0:0:0:0:0:43779] UNREGISTERED
2023-04-18 11:23:31,515 [c4328530-2228-4a35-bb1e-31d75e23fd37-impl-thread1] INFO  server.RaftServer$Division (RaftServerImpl.java:lambda$close$4(458)) - c4328530-2228-4a35-bb1e-31d75e23fd37@group-E407AC370F94: shutdown
2023-04-18 11:23:31,515 [c4328530-2228-4a35-bb1e-31d75e23fd37-impl-thread1] INFO  util.JmxRegister (JmxRegister.java:unregister(73)) - Successfully un-registered JMX Bean with object name Ratis:service=RaftServer,group=group-E407AC370F94,id=c4328530-2228-4a35-bb1e-31d75e23fd37
2023-04-18 11:23:31,515 [c4328530-2228-4a35-bb1e-31d75e23fd37-impl-thread1] INFO  impl.RoleInfo (RoleInfo.java:shutdownFollowerState(110)) - c4328530-2228-4a35-bb1e-31d75e23fd37: shutdown c4328530-2228-4a35-bb1e-31d75e23fd37@group-E407AC370F94-FollowerState
2023-04-18 11:23:31,515 [ForkJoinPool.commonPool-worker-0] INFO  server.GrpcService (GrpcService.java:closeImpl(271)) - c4328530-2228-4a35-bb1e-31d75e23fd37: shutdown server GrpcServerProtocolService now
2023-04-18 11:23:31,516 [c4328530-2228-4a35-bb1e-31d75e23fd37-impl-thread2] INFO  server.RaftServer$Division (RaftServerImpl.java:lambda$close$4(458)) - c4328530-2228-4a35-bb1e-31d75e23fd37@group-DA61D9D3813B: shutdown
2023-04-18 11:23:31,516 [c4328530-2228-4a35-bb1e-31d75e23fd37-impl-thread2] INFO  util.JmxRegister (JmxRegister.java:unregister(73)) - Successfully un-registered JMX Bean with object name Ratis:service=RaftServer,group=group-DA61D9D3813B,id=c4328530-2228-4a35-bb1e-31d75e23fd37
2023-04-18 11:23:31,516 [c4328530-2228-4a35-bb1e-31d75e23fd37-impl-thread2] INFO  impl.RoleInfo (RoleInfo.java:shutdownLeaderState(93)) - c4328530-2228-4a35-bb1e-31d75e23fd37: shutdown c4328530-2228-4a35-bb1e-31d75e23fd37@group-DA61D9D3813B-LeaderStateImpl
2023-04-18 11:23:31,516 [c4328530-2228-4a35-bb1e-31d75e23fd37-impl-thread2] INFO  impl.PendingRequests (PendingRequests.java:sendNotLeaderResponses(282)) - c4328530-2228-4a35-bb1e-31d75e23fd37@group-DA61D9D3813B-PendingRequests: sendNotLeaderResponses
2023-04-18 11:23:31,517 [c4328530-2228-4a35-bb1e-31d75e23fd37@group-DA61D9D3813B-StateMachineUpdater] INFO  ratis.ContainerStateMachine (ContainerStateMachine.java:takeSnapshot(330)) - group-DA61D9D3813B: Taking a snapshot at:(t:1, i:0) file /home/runner/work/ozone/ozone/hadoop-ozone/integration-test/target/test-dir/MiniOzoneClusterImpl-c674532b-0fb0-44c5-9ca4-f83b29d9fdfa/datanode-1/data/ratis/93a3d505-49ca-4575-bd9d-da61d9d3813b/sm/snapshot.1_0
2023-04-18 11:23:31,518 [c4328530-2228-4a35-bb1e-31d75e23fd37-impl-thread2] INFO  impl.StateMachineUpdater (StateMachineUpdater.java:stopAndJoin(153)) - c4328530-2228-4a35-bb1e-31d75e23fd37@group-DA61D9D3813B-StateMachineUpdater: set stopIndex = 0
2023-04-18 11:23:31,519 [grpc-default-executor-7] WARN  server.GrpcServerProtocolService (LogUtils.java:warn(122)) - c4328530-2228-4a35-bb1e-31d75e23fd37: installSnapshot onError, lastRequest: null: org.apache.ratis.thirdparty.io.grpc.StatusRuntimeException: CANCELLED: client cancelled
2023-04-18 11:23:31,519 [c4328530-2228-4a35-bb1e-31d75e23fd37@group-DA61D9D3813B-StateMachineUpdater] INFO  ratis.ContainerStateMachine (ContainerStateMachine.java:takeSnapshot(341)) - group-DA61D9D3813B: Finished taking a snapshot at:(t:1, i:0) file:/home/runner/work/ozone/ozone/hadoop-ozone/integration-test/target/test-dir/MiniOzoneClusterImpl-c674532b-0fb0-44c5-9ca4-f83b29d9fdfa/datanode-1/data/ratis/93a3d505-49ca-4575-bd9d-da61d9d3813b/sm/snapshot.1_0 took: 2 ms
2023-04-18 11:23:31,519 [c4328530-2228-4a35-bb1e-31d75e23fd37@group-DA61D9D3813B-StateMachineUpdater] INFO  impl.StateMachineUpdater (StateMachineUpdater.java:takeSnapshot(287)) - c4328530-2228-4a35-bb1e-31d75e23fd37@group-DA61D9D3813B-StateMachineUpdater: Took a snapshot at index 0
2023-04-18 11:23:31,519 [c4328530-2228-4a35-bb1e-31d75e23fd37@group-DA61D9D3813B-StateMachineUpdater] INFO  impl.StateMachineUpdater (StateMachineUpdater.java:lambda$new$0(92)) - c4328530-2228-4a35-bb1e-31d75e23fd37@group-DA61D9D3813B-StateMachineUpdater: snapshotIndex: updateIncreasingly -1 -> 0
2023-04-18 11:23:31,522 [grpc-default-executor-7] WARN  server.GrpcLogAppender (LogUtils.java:warn(122)) - e6be4ec7-b562-4524-91fe-d1f531929af7@group-E407AC370F94->c4328530-2228-4a35-bb1e-31d75e23fd37-AppendLogResponseHandler: Failed appendEntries: org.apache.ratis.thirdparty.io.grpc.StatusRuntimeException: CANCELLED: RST_STREAM closed stream. HTTP/2 error code: CANCEL
2023-04-18 11:23:31,522 [grpc-default-executor-7] INFO  leader.FollowerInfo (FollowerInfoImpl.java:lambda$new$0(48)) - e6be4ec7-b562-4524-91fe-d1f531929af7@group-E407AC370F94->c4328530-2228-4a35-bb1e-31d75e23fd37: nextIndex: updateUnconditionally 40 -> 39
2023-04-18 11:23:31,531 [grpc-default-executor-1] WARN  server.GrpcServerProtocolService (LogUtils.java:warn(122)) - c4328530-2228-4a35-bb1e-31d75e23fd37: installSnapshot onError, lastRequest: e6be4ec7-b562-4524-91fe-d1f531929af7->c4328530-2228-4a35-bb1e-31d75e23fd37#138-t1,previous=(t:1, i:38),leaderCommit=38,initializing? true,entries: size=1, first=(t:1, i:39), METADATAENTRY(c:38): org.apache.ratis.thirdparty.io.grpc.StatusRuntimeException: CANCELLED: client cancelled
2023-04-18 11:23:31,531 [grpc-default-executor-1] WARN  server.GrpcLogAppender (LogUtils.java:warn(122)) - e6be4ec7-b562-4524-91fe-d1f531929af7@group-E407AC370F94->c4328530-2228-4a35-bb1e-31d75e23fd37-AppendLogResponseHandler: Failed appendEntries: org.apache.ratis.thirdparty.io.grpc.StatusRuntimeException: CANCELLED: RST_STREAM closed stream. HTTP/2 error code: CANCEL
2023-04-18 11:23:31,531 [ForkJoinPool.commonPool-worker-0] INFO  server.GrpcService (GrpcService.java:closeImpl(280)) - c4328530-2228-4a35-bb1e-31d75e23fd37: shutdown server GrpcServerProtocolService successfully
2023-04-18 11:23:31,532 [c4328530-2228-4a35-bb1e-31d75e23fd37-NettyServerStreamRpc-bossGroup--thread1] INFO  logging.LoggingHandler (AbstractInternalLogger.java:log(148)) - [id: 0xa383be0b, L:/0:0:0:0:0:0:0:0:33249] CLOSE
2023-04-18 11:23:31,532 [c4328530-2228-4a35-bb1e-31d75e23fd37-NettyServerStreamRpc-bossGroup--thread1] INFO  logging.LoggingHandler (AbstractInternalLogger.java:log(148)) - [id: 0xa383be0b, L:/0:0:0:0:0:0:0:0:33249] INACTIVE
2023-04-18 11:23:31,532 [c4328530-2228-4a35-bb1e-31d75e23fd37-NettyServerStreamRpc-bossGroup--thread1] INFO  logging.LoggingHandler (AbstractInternalLogger.java:log(148)) - [id: 0xa383be0b, L:/0:0:0:0:0:0:0:0:33249] UNREGISTERED
2023-04-18 11:23:31,534 [grpc-default-executor-7] WARN  server.GrpcLogAppender (LogUtils.java:warn(122)) - e6be4ec7-b562-4524-91fe-d1f531929af7@group-E407AC370F94->c4328530-2228-4a35-bb1e-31d75e23fd37-AppendLogResponseHandler: Failed appendEntries: org.apache.ratis.thirdparty.io.grpc.StatusRuntimeException: UNAVAILABLE: GOAWAY shut down transport. HTTP/2 error code: NO_ERROR, debug data: app_requested
2023-04-18 11:23:31,534 [grpc-default-executor-1] INFO  leader.FollowerInfo (FollowerInfoImpl.java:lambda$new$0(48)) - e6be4ec7-b562-4524-91fe-d1f531929af7@group-E407AC370F94->c4328530-2228-4a35-bb1e-31d75e23fd37: nextIndex: updateUnconditionally 40 -> 39
2023-04-18 11:23:31,534 [grpc-default-executor-7] INFO  leader.FollowerInfo (FollowerInfoImpl.java:lambda$new$0(48)) - e6be4ec7-b562-4524-91fe-d1f531929af7@group-E407AC370F94->c4328530-2228-4a35-bb1e-31d75e23fd37: nextIndex: updateUnconditionally 39 -> 38
2023-04-18 11:23:31,535 [grpc-default-executor-1] WARN  server.GrpcLogAppender (LogUtils.java:warn(122)) - e6be4ec7-b562-4524-91fe-d1f531929af7@group-E407AC370F94->c4328530-2228-4a35-bb1e-31d75e23fd37-AppendLogResponseHandler: Failed appendEntries: org.apache.ratis.thirdparty.io.grpc.StatusRuntimeException: UNAVAILABLE: io exception
2023-04-18 11:23:31,535 [grpc-default-executor-1] INFO  leader.FollowerInfo (FollowerInfoImpl.java:lambda$new$0(48)) - e6be4ec7-b562-4524-91fe-d1f531929af7@group-E407AC370F94->c4328530-2228-4a35-bb1e-31d75e23fd37: nextIndex: updateUnconditionally 38 -> 37
2023-04-18 11:23:31,544 [c4328530-2228-4a35-bb1e-31d75e23fd37-impl-thread2] INFO  server.RaftServer$Division (ServerState.java:close(466)) - c4328530-2228-4a35-bb1e-31d75e23fd37@group-DA61D9D3813B: closes. applyIndex: 0
2023-04-18 11:23:31,545 [c4328530-2228-4a35-bb1e-31d75e23fd37-impl-thread1] INFO  impl.StateMachineUpdater (StateMachineUpdater.java:stopAndJoin(153)) - c4328530-2228-4a35-bb1e-31d75e23fd37@group-E407AC370F94-StateMachineUpdater: set stopIndex = 39
2023-04-18 11:23:31,545 [c4328530-2228-4a35-bb1e-31d75e23fd37@group-E407AC370F94-FollowerState] INFO  impl.FollowerState (FollowerState.java:run(152)) - c4328530-2228-4a35-bb1e-31d75e23fd37@group-E407AC370F94-FollowerState was interrupted
2023-04-18 11:23:31,546 [c4328530-2228-4a35-bb1e-31d75e23fd37@group-E407AC370F94-StateMachineUpdater] INFO  ratis.ContainerStateMachine (ContainerStateMachine.java:takeSnapshot(330)) - group-E407AC370F94: Taking a snapshot at:(t:1, i:39) file /home/runner/work/ozone/ozone/hadoop-ozone/integration-test/target/test-dir/MiniOzoneClusterImpl-c674532b-0fb0-44c5-9ca4-f83b29d9fdfa/datanode-1/data/ratis/c66c9313-e36c-459c-ac27-e407ac370f94/sm/snapshot.1_39
2023-04-18 11:23:31,546 [c4328530-2228-4a35-bb1e-31d75e23fd37@group-DA61D9D3813B-SegmentedRaftLogWorker] INFO  segmented.SegmentedRaftLogWorker (SegmentedRaftLogWorker.java:run(347)) - c4328530-2228-4a35-bb1e-31d75e23fd37@group-DA61D9D3813B-SegmentedRaftLogWorker was interrupted, exiting. There are 0 tasks remaining in the queue.
2023-04-18 11:23:31,547 [c4328530-2228-4a35-bb1e-31d75e23fd37-impl-thread2] INFO  segmented.SegmentedRaftLogWorker (SegmentedRaftLogWorker.java:close(257)) - c4328530-2228-4a35-bb1e-31d75e23fd37@group-DA61D9D3813B-SegmentedRaftLogWorker close()
2023-04-18 11:23:31,557 [OM StateMachine ApplyTransaction Thread - 0] INFO  volume.OMVolumeCreateRequest (OMVolumeCreateRequest.java:validateAndUpdateCache(195)) - created volume:vol1 for user:user26888
2023-04-18 11:23:31,562 [JvmPauseMonitor46] INFO  util.JvmPauseMonitor (JvmPauseMonitor.java:run(111)) - JvmPauseMonitor-d29cf1bc-5782-45dc-8231-48e078d91de3: Stopped
2023-04-18 11:23:31,562 [c4328530-2228-4a35-bb1e-31d75e23fd37@group-E407AC370F94-StateMachineUpdater] INFO  ratis.ContainerStateMachine (ContainerStateMachine.java:takeSnapshot(341)) - group-E407AC370F94: Finished taking a snapshot at:(t:1, i:39) file:/home/runner/work/ozone/ozone/hadoop-ozone/integration-test/target/test-dir/MiniOzoneClusterImpl-c674532b-0fb0-44c5-9ca4-f83b29d9fdfa/datanode-1/data/ratis/c66c9313-e36c-459c-ac27-e407ac370f94/sm/snapshot.1_39 took: 17 ms
2023-04-18 11:23:31,563 [c4328530-2228-4a35-bb1e-31d75e23fd37@group-E407AC370F94-StateMachineUpdater] INFO  impl.StateMachineUpdater (StateMachineUpdater.java:takeSnapshot(287)) - c4328530-2228-4a35-bb1e-31d75e23fd37@group-E407AC370F94-StateMachineUpdater: Took a snapshot at index 39
2023-04-18 11:23:31,563 [c4328530-2228-4a35-bb1e-31d75e23fd37@group-E407AC370F94-StateMachineUpdater] INFO  impl.StateMachineUpdater (StateMachineUpdater.java:lambda$new$0(92)) - c4328530-2228-4a35-bb1e-31d75e23fd37@group-E407AC370F94-StateMachineUpdater: snapshotIndex: updateIncreasingly -1 -> 39
2023-04-18 11:23:31,563 [c4328530-2228-4a35-bb1e-31d75e23fd37-impl-thread1] INFO  server.RaftServer$Division (ServerState.java:close(466)) - c4328530-2228-4a35-bb1e-31d75e23fd37@group-E407AC370F94: closes. applyIndex: 39
2023-04-18 11:23:31,564 [c4328530-2228-4a35-bb1e-31d75e23fd37@group-E407AC370F94-SegmentedRaftLogWorker] INFO  segmented.SegmentedRaftLogWorker (SegmentedRaftLogWorker.java:run(347)) - c4328530-2228-4a35-bb1e-31d75e23fd37@group-E407AC370F94-SegmentedRaftLogWorker was interrupted, exiting. There are 0 tasks remaining in the queue.
2023-04-18 11:23:31,564 [c4328530-2228-4a35-bb1e-31d75e23fd37-impl-thread1] INFO  segmented.SegmentedRaftLogWorker (SegmentedRaftLogWorker.java:close(257)) - c4328530-2228-4a35-bb1e-31d75e23fd37@group-E407AC370F94-SegmentedRaftLogWorker close()
2023-04-18 11:23:31,574 [JvmPauseMonitor43] INFO  util.JvmPauseMonitor (JvmPauseMonitor.java:run(111)) - JvmPauseMonitor-c4328530-2228-4a35-bb1e-31d75e23fd37: Stopped
2023-04-18 11:23:31,587 [Listener at 0.0.0.0/46785] INFO  rpc.RpcClient (RpcClient.java:createBucket(698)) - Creating Bucket: vol1/bucket1, with bucket layout LEGACY, runner as owner, Versioning false, Storage Type set to DISK and Encryption set to false, Replication Type set to server-side default replication type, Namespace Quota set to -1, Space Quota set to -1 
2023-04-18 11:23:31,602 [OM StateMachine ApplyTransaction Thread - 0] INFO  bucket.OMBucketCreateRequest (OMBucketCreateRequest.java:validateAndUpdateCache(269)) - created bucket: bucket1 of layout LEGACY in volume: vol1
2023-04-18 11:23:31,613 [Listener at 0.0.0.0/46785] INFO  replication.ReplicationManager (ReplicationManager.java:stop(321)) - Stopping Replication Monitor Thread.
2023-04-18 11:23:31,615 [Under Replicated Processor] WARN  replication.UnhealthyReplicationProcessor (UnhealthyReplicationProcessor.java:run(146)) - Under Replicated Processor interrupted. Exiting...
2023-04-18 11:23:31,615 [Over Replicated Processor] WARN  replication.UnhealthyReplicationProcessor (UnhealthyReplicationProcessor.java:run(146)) - Over Replicated Processor interrupted. Exiting...
2023-04-18 11:23:31,619 [ReplicationMonitor] INFO  replication.ReplicationManager (ReplicationManager.java:run(975)) - Replication Monitor Thread is stopped
2023-04-18 11:23:31,635 [IPC Server handler 0 on default port 35863] INFO  ha.SequenceIdGenerator (SequenceIdGenerator.java:getNextId(128)) - Allocate a batch for containerId, change lastId from 0 to 1000.
2023-04-18 11:23:31,637 [IPC Server handler 0 on default port 35863] WARN  ha.SequenceIdGenerator (SequenceIdGenerator.java:allocateBatch(237)) - Failed to allocate a batch for localId, expected lastId is 0, actual lastId is 111677748019200000.
2023-04-18 11:23:31,637 [IPC Server handler 0 on default port 35863] INFO  ha.SequenceIdGenerator (SequenceIdGenerator.java:getNextId(128)) - Allocate a batch for localId, change lastId from 111677748019200000 to 111677748019201000.
2023-04-18 11:23:31,775 [IPC Server handler 15 on default port 40037] INFO  node.SCMNodeManager (SCMNodeManager.java:updateDatanodeOpState(565)) - Scheduling a command to update the operationalState persisted on 6c0d7044-2984-4cca-b42a-e82b57a66b44(fv-az570-656.srgqcr2moziuvm0qev4lajleyh.dx.internal.cloudapp.net/10.1.0.33) as the reported value (ENTERING_MAINTENANCE, 0) does not match the value stored in SCM (IN_MAINTENANCE, 0)
2023-04-18 11:23:31,809 [IPC Server handler 16 on default port 40037] INFO  node.SCMNodeManager (SCMNodeManager.java:updateDatanodeOpState(565)) - Scheduling a command to update the operationalState persisted on 25ab3c9d-408c-4dfb-baa2-f704c3ffaf7a(fv-az570-656.srgqcr2moziuvm0qev4lajleyh.dx.internal.cloudapp.net/10.1.0.33) as the reported value (ENTERING_MAINTENANCE, 0) does not match the value stored in SCM (IN_MAINTENANCE, 0)
2023-04-18 11:23:32,244 [DatanodeAdminManager-0] INFO  node.DatanodeAdminMonitorImpl (DatanodeAdminMonitorImpl.java:run(170)) - There are 3 nodes tracked for decommission and maintenance.  0 pending nodes.
2023-04-18 11:23:32,273 [ReplicationMonitor] INFO  replication.ReplicationManager (ReplicationManager.java:processAll(396)) - Replication Monitor Thread took 1 milliseconds for processing 6 containers.
2023-04-18 11:23:32,508 [IPC Server handler 13 on default port 35863] INFO  pipeline.PipelineStateManagerImpl (PipelineStateManagerImpl.java:addPipeline(103)) - Created pipeline Pipeline[ Id: 6e8f2403-153b-462a-af10-8af593a929a0, Nodes: 610a4484-6a3e-4bd5-b497-55550be1c8dc(fv-az570-656.srgqcr2moziuvm0qev4lajleyh.dx.internal.cloudapp.net/10.1.0.33)c5b640fa-1740-4d47-ba90-0497f002e9b3(fv-az570-656.srgqcr2moziuvm0qev4lajleyh.dx.internal.cloudapp.net/10.1.0.33)641b8fbc-bfa9-429c-9615-5ec70ec9adee(fv-az570-656.srgqcr2moziuvm0qev4lajleyh.dx.internal.cloudapp.net/10.1.0.33)877e1497-37a4-42d0-b6b3-7a51d3b1fa67(fv-az570-656.srgqcr2moziuvm0qev4lajleyh.dx.internal.cloudapp.net/10.1.0.33)02ecb104-4127-42db-94b3-9d009bf64411(fv-az570-656.srgqcr2moziuvm0qev4lajleyh.dx.internal.cloudapp.net/10.1.0.33), ReplicationConfig: EC{rs-3-2-1024k}, State:ALLOCATED, leaderId:, CreationTimestamp2023-04-18T11:23:32.505Z[Etc/UTC]].
2023-04-18 11:23:32,509 [IPC Server handler 13 on default port 35863] INFO  pipeline.PipelineManagerImpl (PipelineManagerImpl.java:openPipeline(367)) - Pipeline Pipeline[ Id: 6e8f2403-153b-462a-af10-8af593a929a0, Nodes: 610a4484-6a3e-4bd5-b497-55550be1c8dc(fv-az570-656.srgqcr2moziuvm0qev4lajleyh.dx.internal.cloudapp.net/10.1.0.33)c5b640fa-1740-4d47-ba90-0497f002e9b3(fv-az570-656.srgqcr2moziuvm0qev4lajleyh.dx.internal.cloudapp.net/10.1.0.33)641b8fbc-bfa9-429c-9615-5ec70ec9adee(fv-az570-656.srgqcr2moziuvm0qev4lajleyh.dx.internal.cloudapp.net/10.1.0.33)877e1497-37a4-42d0-b6b3-7a51d3b1fa67(fv-az570-656.srgqcr2moziuvm0qev4lajleyh.dx.internal.cloudapp.net/10.1.0.33)02ecb104-4127-42db-94b3-9d009bf64411(fv-az570-656.srgqcr2moziuvm0qev4lajleyh.dx.internal.cloudapp.net/10.1.0.33), ReplicationConfig: EC{rs-3-2-1024k}, State:ALLOCATED, leaderId:, CreationTimestamp2023-04-18T11:23:32.505Z[Etc/UTC]] moved to OPEN state
2023-04-18 11:23:32,591 [grpc-default-executor-5] WARN  server.GrpcLogAppender (LogUtils.java:warn(122)) - e6be4ec7-b562-4524-91fe-d1f531929af7@group-E407AC370F94->c4328530-2228-4a35-bb1e-31d75e23fd37-AppendLogResponseHandler: Failed appendEntries: org.apache.ratis.thirdparty.io.grpc.StatusRuntimeException: UNAVAILABLE: io exception
2023-04-18 11:23:32,592 [grpc-default-executor-5] INFO  leader.FollowerInfo (FollowerInfoImpl.java:lambda$new$0(48)) - e6be4ec7-b562-4524-91fe-d1f531929af7@group-E407AC370F94->c4328530-2228-4a35-bb1e-31d75e23fd37: nextIndex: updateUnconditionally 37 -> 36
2023-04-18 11:23:32,593 [grpc-default-executor-5] WARN  server.GrpcLogAppender (LogUtils.java:warn(122)) - e6be4ec7-b562-4524-91fe-d1f531929af7@group-E407AC370F94->c4328530-2228-4a35-bb1e-31d75e23fd37-AppendLogResponseHandler: Failed appendEntries: org.apache.ratis.thirdparty.io.grpc.StatusRuntimeException: UNAVAILABLE: io exception
2023-04-18 11:23:32,594 [grpc-default-executor-5] INFO  leader.FollowerInfo (FollowerInfoImpl.java:lambda$new$0(48)) - e6be4ec7-b562-4524-91fe-d1f531929af7@group-E407AC370F94->c4328530-2228-4a35-bb1e-31d75e23fd37: nextIndex: updateUnconditionally 36 -> 35
2023-04-18 11:23:32,602 [grpc-default-executor-6] WARN  server.GrpcLogAppender (LogUtils.java:warn(122)) - e6be4ec7-b562-4524-91fe-d1f531929af7@group-E407AC370F94->c4328530-2228-4a35-bb1e-31d75e23fd37-AppendLogResponseHandler: Failed appendEntries: org.apache.ratis.thirdparty.io.grpc.StatusRuntimeException: UNAVAILABLE: io exception
2023-04-18 11:23:32,603 [grpc-default-executor-6] INFO  leader.FollowerInfo (FollowerInfoImpl.java:lambda$new$0(48)) - e6be4ec7-b562-4524-91fe-d1f531929af7@group-E407AC370F94->c4328530-2228-4a35-bb1e-31d75e23fd37: nextIndex: updateUnconditionally 36 -> 35
2023-04-18 11:23:32,603 [grpc-default-executor-1] WARN  server.GrpcLogAppender (LogUtils.java:warn(122)) - e6be4ec7-b562-4524-91fe-d1f531929af7@group-E407AC370F94->c4328530-2228-4a35-bb1e-31d75e23fd37-AppendLogResponseHandler: Failed appendEntries: org.apache.ratis.thirdparty.io.grpc.StatusRuntimeException: UNAVAILABLE: io exception
2023-04-18 11:23:32,603 [grpc-default-executor-1] INFO  leader.FollowerInfo (FollowerInfoImpl.java:lambda$new$0(48)) - e6be4ec7-b562-4524-91fe-d1f531929af7@group-E407AC370F94->c4328530-2228-4a35-bb1e-31d75e23fd37: nextIndex: updateUnconditionally 35 -> 34
2023-04-18 11:23:32,644 [IPC Server handler 1 on default port 35863] INFO  pipeline.PipelineStateManagerImpl (PipelineStateManagerImpl.java:addPipeline(103)) - Created pipeline Pipeline[ Id: 41da2d29-88c6-45d0-b57f-fe0d8fa9403d, Nodes: 610a4484-6a3e-4bd5-b497-55550be1c8dc(fv-az570-656.srgqcr2moziuvm0qev4lajleyh.dx.internal.cloudapp.net/10.1.0.33)02ecb104-4127-42db-94b3-9d009bf64411(fv-az570-656.srgqcr2moziuvm0qev4lajleyh.dx.internal.cloudapp.net/10.1.0.33)641b8fbc-bfa9-429c-9615-5ec70ec9adee(fv-az570-656.srgqcr2moziuvm0qev4lajleyh.dx.internal.cloudapp.net/10.1.0.33)37e556d6-5489-40ed-9da4-46a069d593dd(fv-az570-656.srgqcr2moziuvm0qev4lajleyh.dx.internal.cloudapp.net/10.1.0.33)f086068c-594e-484e-8cbc-d06123ab5423(fv-az570-656.srgqcr2moziuvm0qev4lajleyh.dx.internal.cloudapp.net/10.1.0.33), ReplicationConfig: EC{rs-3-2-1024k}, State:ALLOCATED, leaderId:, CreationTimestamp2023-04-18T11:23:32.644Z[Etc/UTC]].
2023-04-18 11:23:32,645 [IPC Server handler 1 on default port 35863] INFO  pipeline.PipelineManagerImpl (PipelineManagerImpl.java:openPipeline(367)) - Pipeline Pipeline[ Id: 41da2d29-88c6-45d0-b57f-fe0d8fa9403d, Nodes: 610a4484-6a3e-4bd5-b497-55550be1c8dc(fv-az570-656.srgqcr2moziuvm0qev4lajleyh.dx.internal.cloudapp.net/10.1.0.33)02ecb104-4127-42db-94b3-9d009bf64411(fv-az570-656.srgqcr2moziuvm0qev4lajleyh.dx.internal.cloudapp.net/10.1.0.33)641b8fbc-bfa9-429c-9615-5ec70ec9adee(fv-az570-656.srgqcr2moziuvm0qev4lajleyh.dx.internal.cloudapp.net/10.1.0.33)37e556d6-5489-40ed-9da4-46a069d593dd(fv-az570-656.srgqcr2moziuvm0qev4lajleyh.dx.internal.cloudapp.net/10.1.0.33)f086068c-594e-484e-8cbc-d06123ab5423(fv-az570-656.srgqcr2moziuvm0qev4lajleyh.dx.internal.cloudapp.net/10.1.0.33), ReplicationConfig: EC{rs-3-2-1024k}, State:ALLOCATED, leaderId:, CreationTimestamp2023-04-18T11:23:32.644Z[Etc/UTC]] moved to OPEN state
2023-04-18 11:23:32,728 [IPC Server handler 8 on default port 35863] INFO  pipeline.PipelineStateManagerImpl (PipelineStateManagerImpl.java:addPipeline(103)) - Created pipeline Pipeline[ Id: a4dcb390-938c-4e41-8103-c8df91b8e651, Nodes: 641b8fbc-bfa9-429c-9615-5ec70ec9adee(fv-az570-656.srgqcr2moziuvm0qev4lajleyh.dx.internal.cloudapp.net/10.1.0.33)02ecb104-4127-42db-94b3-9d009bf64411(fv-az570-656.srgqcr2moziuvm0qev4lajleyh.dx.internal.cloudapp.net/10.1.0.33)f086068c-594e-484e-8cbc-d06123ab5423(fv-az570-656.srgqcr2moziuvm0qev4lajleyh.dx.internal.cloudapp.net/10.1.0.33)c5b640fa-1740-4d47-ba90-0497f002e9b3(fv-az570-656.srgqcr2moziuvm0qev4lajleyh.dx.internal.cloudapp.net/10.1.0.33)37e556d6-5489-40ed-9da4-46a069d593dd(fv-az570-656.srgqcr2moziuvm0qev4lajleyh.dx.internal.cloudapp.net/10.1.0.33), ReplicationConfig: EC{rs-3-2-1024k}, State:ALLOCATED, leaderId:, CreationTimestamp2023-04-18T11:23:32.727Z[Etc/UTC]].
2023-04-18 11:23:32,728 [IPC Server handler 8 on default port 35863] INFO  pipeline.PipelineManagerImpl (PipelineManagerImpl.java:openPipeline(367)) - Pipeline Pipeline[ Id: a4dcb390-938c-4e41-8103-c8df91b8e651, Nodes: 641b8fbc-bfa9-429c-9615-5ec70ec9adee(fv-az570-656.srgqcr2moziuvm0qev4lajleyh.dx.internal.cloudapp.net/10.1.0.33)02ecb104-4127-42db-94b3-9d009bf64411(fv-az570-656.srgqcr2moziuvm0qev4lajleyh.dx.internal.cloudapp.net/10.1.0.33)f086068c-594e-484e-8cbc-d06123ab5423(fv-az570-656.srgqcr2moziuvm0qev4lajleyh.dx.internal.cloudapp.net/10.1.0.33)c5b640fa-1740-4d47-ba90-0497f002e9b3(fv-az570-656.srgqcr2moziuvm0qev4lajleyh.dx.internal.cloudapp.net/10.1.0.33)37e556d6-5489-40ed-9da4-46a069d593dd(fv-az570-656.srgqcr2moziuvm0qev4lajleyh.dx.internal.cloudapp.net/10.1.0.33), ReplicationConfig: EC{rs-3-2-1024k}, State:ALLOCATED, leaderId:, CreationTimestamp2023-04-18T11:23:32.727Z[Etc/UTC]] moved to OPEN state
2023-04-18 11:23:32,776 [IPC Server handler 15 on default port 40037] INFO  node.SCMNodeManager (SCMNodeManager.java:updateDatanodeOpState(565)) - Scheduling a command to update the operationalState persisted on 6c0d7044-2984-4cca-b42a-e82b57a66b44(fv-az570-656.srgqcr2moziuvm0qev4lajleyh.dx.internal.cloudapp.net/10.1.0.33) as the reported value (ENTERING_MAINTENANCE, 0) does not match the value stored in SCM (IN_MAINTENANCE, 0)
2023-04-18 11:23:32,810 [IPC Server handler 16 on default port 40037] INFO  node.SCMNodeManager (SCMNodeManager.java:updateDatanodeOpState(565)) - Scheduling a command to update the operationalState persisted on 25ab3c9d-408c-4dfb-baa2-f704c3ffaf7a(fv-az570-656.srgqcr2moziuvm0qev4lajleyh.dx.internal.cloudapp.net/10.1.0.33) as the reported value (ENTERING_MAINTENANCE, 0) does not match the value stored in SCM (IN_MAINTENANCE, 0)
2023-04-18 11:23:32,822 [IPC Server handler 2 on default port 35863] INFO  pipeline.PipelineStateManagerImpl (PipelineStateManagerImpl.java:addPipeline(103)) - Created pipeline Pipeline[ Id: f9e45800-c5d7-40b9-8e63-c4de0757a68e, Nodes: 37e556d6-5489-40ed-9da4-46a069d593dd(fv-az570-656.srgqcr2moziuvm0qev4lajleyh.dx.internal.cloudapp.net/10.1.0.33)877e1497-37a4-42d0-b6b3-7a51d3b1fa67(fv-az570-656.srgqcr2moziuvm0qev4lajleyh.dx.internal.cloudapp.net/10.1.0.33)02ecb104-4127-42db-94b3-9d009bf64411(fv-az570-656.srgqcr2moziuvm0qev4lajleyh.dx.internal.cloudapp.net/10.1.0.33)641b8fbc-bfa9-429c-9615-5ec70ec9adee(fv-az570-656.srgqcr2moziuvm0qev4lajleyh.dx.internal.cloudapp.net/10.1.0.33)f086068c-594e-484e-8cbc-d06123ab5423(fv-az570-656.srgqcr2moziuvm0qev4lajleyh.dx.internal.cloudapp.net/10.1.0.33), ReplicationConfig: EC{rs-3-2-1024k}, State:ALLOCATED, leaderId:, CreationTimestamp2023-04-18T11:23:32.821Z[Etc/UTC]].
2023-04-18 11:23:32,822 [IPC Server handler 2 on default port 35863] INFO  pipeline.PipelineManagerImpl (PipelineManagerImpl.java:openPipeline(367)) - Pipeline Pipeline[ Id: f9e45800-c5d7-40b9-8e63-c4de0757a68e, Nodes: 37e556d6-5489-40ed-9da4-46a069d593dd(fv-az570-656.srgqcr2moziuvm0qev4lajleyh.dx.internal.cloudapp.net/10.1.0.33)877e1497-37a4-42d0-b6b3-7a51d3b1fa67(fv-az570-656.srgqcr2moziuvm0qev4lajleyh.dx.internal.cloudapp.net/10.1.0.33)02ecb104-4127-42db-94b3-9d009bf64411(fv-az570-656.srgqcr2moziuvm0qev4lajleyh.dx.internal.cloudapp.net/10.1.0.33)641b8fbc-bfa9-429c-9615-5ec70ec9adee(fv-az570-656.srgqcr2moziuvm0qev4lajleyh.dx.internal.cloudapp.net/10.1.0.33)f086068c-594e-484e-8cbc-d06123ab5423(fv-az570-656.srgqcr2moziuvm0qev4lajleyh.dx.internal.cloudapp.net/10.1.0.33), ReplicationConfig: EC{rs-3-2-1024k}, State:ALLOCATED, leaderId:, CreationTimestamp2023-04-18T11:23:32.821Z[Etc/UTC]] moved to OPEN state
2023-04-18 11:23:32,936 [IPC Server handler 16 on default port 35863] INFO  pipeline.PipelineStateManagerImpl (PipelineStateManagerImpl.java:addPipeline(103)) - Created pipeline Pipeline[ Id: 4bedc006-6d21-4ef3-b3c4-8961551bec30, Nodes: 610a4484-6a3e-4bd5-b497-55550be1c8dc(fv-az570-656.srgqcr2moziuvm0qev4lajleyh.dx.internal.cloudapp.net/10.1.0.33)877e1497-37a4-42d0-b6b3-7a51d3b1fa67(fv-az570-656.srgqcr2moziuvm0qev4lajleyh.dx.internal.cloudapp.net/10.1.0.33)c5b640fa-1740-4d47-ba90-0497f002e9b3(fv-az570-656.srgqcr2moziuvm0qev4lajleyh.dx.internal.cloudapp.net/10.1.0.33)37e556d6-5489-40ed-9da4-46a069d593dd(fv-az570-656.srgqcr2moziuvm0qev4lajleyh.dx.internal.cloudapp.net/10.1.0.33)641b8fbc-bfa9-429c-9615-5ec70ec9adee(fv-az570-656.srgqcr2moziuvm0qev4lajleyh.dx.internal.cloudapp.net/10.1.0.33), ReplicationConfig: EC{rs-3-2-1024k}, State:ALLOCATED, leaderId:, CreationTimestamp2023-04-18T11:23:32.935Z[Etc/UTC]].
2023-04-18 11:23:32,936 [IPC Server handler 16 on default port 35863] INFO  pipeline.PipelineManagerImpl (PipelineManagerImpl.java:openPipeline(367)) - Pipeline Pipeline[ Id: 4bedc006-6d21-4ef3-b3c4-8961551bec30, Nodes: 610a4484-6a3e-4bd5-b497-55550be1c8dc(fv-az570-656.srgqcr2moziuvm0qev4lajleyh.dx.internal.cloudapp.net/10.1.0.33)877e1497-37a4-42d0-b6b3-7a51d3b1fa67(fv-az570-656.srgqcr2moziuvm0qev4lajleyh.dx.internal.cloudapp.net/10.1.0.33)c5b640fa-1740-4d47-ba90-0497f002e9b3(fv-az570-656.srgqcr2moziuvm0qev4lajleyh.dx.internal.cloudapp.net/10.1.0.33)37e556d6-5489-40ed-9da4-46a069d593dd(fv-az570-656.srgqcr2moziuvm0qev4lajleyh.dx.internal.cloudapp.net/10.1.0.33)641b8fbc-bfa9-429c-9615-5ec70ec9adee(fv-az570-656.srgqcr2moziuvm0qev4lajleyh.dx.internal.cloudapp.net/10.1.0.33), ReplicationConfig: EC{rs-3-2-1024k}, State:ALLOCATED, leaderId:, CreationTimestamp2023-04-18T11:23:32.935Z[Etc/UTC]] moved to OPEN state
2023-04-18 11:23:33,244 [DatanodeAdminManager-0] INFO  node.DatanodeAdminMonitorImpl (DatanodeAdminMonitorImpl.java:run(170)) - There are 3 nodes tracked for decommission and maintenance.  0 pending nodes.
2023-04-18 11:23:33,273 [ReplicationMonitor] INFO  replication.ReplicationManager (ReplicationManager.java:processAll(396)) - Replication Monitor Thread took 0 milliseconds for processing 6 containers.
2023-04-18 11:23:33,640 [ChunkReader-5] INFO  keyvalue.KeyValueHandler (ContainerUtils.java:logAndReturnError(91)) - Operation: PutBlock , Trace ID:  , Message: java.lang.NullPointerException , Result: CONTAINER_INTERNAL_ERROR , StorageContainerException Occurred.
org.apache.hadoop.hdds.scm.container.common.helpers.StorageContainerException: java.lang.NullPointerException
	at org.apache.hadoop.ozone.container.keyvalue.KeyValueHandler.handle(KeyValueHandler.java:235)
	at org.apache.hadoop.ozone.container.common.impl.HddsDispatcher.dispatchRequest(HddsDispatcher.java:320)
	at org.apache.hadoop.ozone.container.common.impl.HddsDispatcher.lambda$dispatch$0(HddsDispatcher.java:171)
	at org.apache.hadoop.hdds.server.OzoneProtocolMessageDispatcher.processRequest(OzoneProtocolMessageDispatcher.java:87)
	at org.apache.hadoop.ozone.container.common.impl.HddsDispatcher.dispatch(HddsDispatcher.java:170)
	at org.apache.hadoop.ozone.container.common.transport.server.GrpcXceiverService$1.onNext(GrpcXceiverService.java:57)
	at org.apache.hadoop.ozone.container.common.transport.server.GrpcXceiverService$1.onNext(GrpcXceiverService.java:50)
	at org.apache.ratis.thirdparty.io.grpc.stub.ServerCalls$StreamingServerCallHandler$StreamingServerCallListener.onMessage(ServerCalls.java:262)
	at org.apache.ratis.thirdparty.io.grpc.ForwardingServerCallListener.onMessage(ForwardingServerCallListener.java:33)
	at org.apache.hadoop.hdds.tracing.GrpcServerInterceptor$1.onMessage(GrpcServerInterceptor.java:49)
	at org.apache.ratis.thirdparty.io.grpc.internal.ServerCallImpl$ServerStreamListenerImpl.messagesAvailableInternal(ServerCallImpl.java:332)
	at org.apache.ratis.thirdparty.io.grpc.internal.ServerCallImpl$ServerStreamListenerImpl.messagesAvailable(ServerCallImpl.java:315)
	at org.apache.ratis.thirdparty.io.grpc.internal.ServerImpl$JumpToApplicationThreadServerStreamListener$1MessagesAvailable.runInContext(ServerImpl.java:834)
	at org.apache.ratis.thirdparty.io.grpc.internal.ContextRunnable.run(ContextRunnable.java:37)
	at org.apache.ratis.thirdparty.io.grpc.internal.SerializingExecutor.run(SerializingExecutor.java:133)
	at java.util.concurrent.ThreadPoolExecutor.runWorker(ThreadPoolExecutor.java:1149)
	at java.util.concurrent.ThreadPoolExecutor$Worker.run(ThreadPoolExecutor.java:624)
	at java.lang.Thread.run(Thread.java:750)
Caused by: java.lang.NullPointerException
	at org.apache.hadoop.ozone.container.keyvalue.impl.BlockManagerImpl.persistPutBlock(BlockManagerImpl.java:154)
	at org.apache.hadoop.ozone.container.keyvalue.impl.BlockManagerImpl.putBlock(BlockManagerImpl.java:103)
	at org.apache.hadoop.ozone.container.keyvalue.KeyValueHandler.handlePutBlock(KeyValueHandler.java:556)
	at org.apache.hadoop.ozone.container.keyvalue.KeyValueHandler.dispatchRequest(KeyValueHandler.java:261)
	at org.apache.hadoop.ozone.container.keyvalue.KeyValueHandler.handle(KeyValueHandler.java:232)
	... 17 more
2023-04-18 11:23:33,642 [ChunkReader-5] INFO  keyvalue.KeyValueHandler (ContainerUtils.java:logAndReturnError(91)) - Operation: PutBlock , Trace ID:  , Message: java.lang.NullPointerException , Result: CONTAINER_INTERNAL_ERROR , StorageContainerException Occurred.
org.apache.hadoop.hdds.scm.container.common.helpers.StorageContainerException: java.lang.NullPointerException
	at org.apache.hadoop.ozone.container.keyvalue.KeyValueHandler.handle(KeyValueHandler.java:235)
	at org.apache.hadoop.ozone.container.common.impl.HddsDispatcher.dispatchRequest(HddsDispatcher.java:320)
	at org.apache.hadoop.ozone.container.common.impl.HddsDispatcher.lambda$dispatch$0(HddsDispatcher.java:171)
	at org.apache.hadoop.hdds.server.OzoneProtocolMessageDispatcher.processRequest(OzoneProtocolMessageDispatcher.java:87)
	at org.apache.hadoop.ozone.container.common.impl.HddsDispatcher.dispatch(HddsDispatcher.java:170)
	at org.apache.hadoop.ozone.container.common.transport.server.GrpcXceiverService$1.onNext(GrpcXceiverService.java:57)
	at org.apache.hadoop.ozone.container.common.transport.server.GrpcXceiverService$1.onNext(GrpcXceiverService.java:50)
	at org.apache.ratis.thirdparty.io.grpc.stub.ServerCalls$StreamingServerCallHandler$StreamingServerCallListener.onMessage(ServerCalls.java:262)
	at org.apache.ratis.thirdparty.io.grpc.ForwardingServerCallListener.onMessage(ForwardingServerCallListener.java:33)
	at org.apache.hadoop.hdds.tracing.GrpcServerInterceptor$1.onMessage(GrpcServerInterceptor.java:49)
	at org.apache.ratis.thirdparty.io.grpc.internal.ServerCallImpl$ServerStreamListenerImpl.messagesAvailableInternal(ServerCallImpl.java:332)
	at org.apache.ratis.thirdparty.io.grpc.internal.ServerCallImpl$ServerStreamListenerImpl.messagesAvailable(ServerCallImpl.java:315)
	at org.apache.ratis.thirdparty.io.grpc.internal.ServerImpl$JumpToApplicationThreadServerStreamListener$1MessagesAvailable.runInContext(ServerImpl.java:834)
	at org.apache.ratis.thirdparty.io.grpc.internal.ContextRunnable.run(ContextRunnable.java:37)
	at org.apache.ratis.thirdparty.io.grpc.internal.SerializingExecutor.run(SerializingExecutor.java:133)
	at java.util.concurrent.ThreadPoolExecutor.runWorker(ThreadPoolExecutor.java:1149)
	at java.util.concurrent.ThreadPoolExecutor$Worker.run(ThreadPoolExecutor.java:624)
	at java.lang.Thread.run(Thread.java:750)
Caused by: java.lang.NullPointerException
	at org.apache.hadoop.ozone.container.keyvalue.impl.BlockManagerImpl.persistPutBlock(BlockManagerImpl.java:154)
	at org.apache.hadoop.ozone.container.keyvalue.impl.BlockManagerImpl.putBlock(BlockManagerImpl.java:103)
	at org.apache.hadoop.ozone.container.keyvalue.KeyValueHandler.handlePutBlock(KeyValueHandler.java:556)
	at org.apache.hadoop.ozone.container.keyvalue.KeyValueHandler.dispatchRequest(KeyValueHandler.java:261)
	at org.apache.hadoop.ozone.container.keyvalue.KeyValueHandler.handle(KeyValueHandler.java:232)
	... 17 more
2023-04-18 11:23:33,640 [ChunkReader-9] INFO  keyvalue.KeyValueHandler (ContainerUtils.java:logAndReturnError(91)) - Operation: PutBlock , Trace ID:  , Message: java.lang.NullPointerException , Result: CONTAINER_INTERNAL_ERROR , StorageContainerException Occurred.
org.apache.hadoop.hdds.scm.container.common.helpers.StorageContainerException: java.lang.NullPointerException
	at org.apache.hadoop.ozone.container.keyvalue.KeyValueHandler.handle(KeyValueHandler.java:235)
	at org.apache.hadoop.ozone.container.common.impl.HddsDispatcher.dispatchRequest(HddsDispatcher.java:320)
	at org.apache.hadoop.ozone.container.common.impl.HddsDispatcher.lambda$dispatch$0(HddsDispatcher.java:171)
	at org.apache.hadoop.hdds.server.OzoneProtocolMessageDispatcher.processRequest(OzoneProtocolMessageDispatcher.java:87)
	at org.apache.hadoop.ozone.container.common.impl.HddsDispatcher.dispatch(HddsDispatcher.java:170)
	at org.apache.hadoop.ozone.container.common.transport.server.GrpcXceiverService$1.onNext(GrpcXceiverService.java:57)
	at org.apache.hadoop.ozone.container.common.transport.server.GrpcXceiverService$1.onNext(GrpcXceiverService.java:50)
	at org.apache.ratis.thirdparty.io.grpc.stub.ServerCalls$StreamingServerCallHandler$StreamingServerCallListener.onMessage(ServerCalls.java:262)
	at org.apache.ratis.thirdparty.io.grpc.ForwardingServerCallListener.onMessage(ForwardingServerCallListener.java:33)
	at org.apache.hadoop.hdds.tracing.GrpcServerInterceptor$1.onMessage(GrpcServerInterceptor.java:49)
	at org.apache.ratis.thirdparty.io.grpc.internal.ServerCallImpl$ServerStreamListenerImpl.messagesAvailableInternal(ServerCallImpl.java:332)
	at org.apache.ratis.thirdparty.io.grpc.internal.ServerCallImpl$ServerStreamListenerImpl.messagesAvailable(ServerCallImpl.java:315)
	at org.apache.ratis.thirdparty.io.grpc.internal.ServerImpl$JumpToApplicationThreadServerStreamListener$1MessagesAvailable.runInContext(ServerImpl.java:834)
	at org.apache.ratis.thirdparty.io.grpc.internal.ContextRunnable.run(ContextRunnable.java:37)
	at org.apache.ratis.thirdparty.io.grpc.internal.SerializingExecutor.run(SerializingExecutor.java:133)
	at java.util.concurrent.ThreadPoolExecutor.runWorker(ThreadPoolExecutor.java:1149)
	at java.util.concurrent.ThreadPoolExecutor$Worker.run(ThreadPoolExecutor.java:624)
	at java.lang.Thread.run(Thread.java:750)
Caused by: java.lang.NullPointerException
	at org.apache.hadoop.ozone.container.keyvalue.impl.BlockManagerImpl.persistPutBlock(BlockManagerImpl.java:154)
	at org.apache.hadoop.ozone.container.keyvalue.impl.BlockManagerImpl.putBlock(BlockManagerImpl.java:103)
	at org.apache.hadoop.ozone.container.keyvalue.KeyValueHandler.handlePutBlock(KeyValueHandler.java:556)
	at org.apache.hadoop.ozone.container.keyvalue.KeyValueHandler.dispatchRequest(KeyValueHandler.java:261)
	at org.apache.hadoop.ozone.container.keyvalue.KeyValueHandler.handle(KeyValueHandler.java:232)
	... 17 more
2023-04-18 11:23:33,649 [ChunkReader-5] WARN  keyvalue.KeyValueContainer (KeyValueContainer.java:markContainerUnhealthy(348)) - Moving container /home/runner/work/ozone/ozone/hadoop-ozone/integration-test/target/test-dir/MiniOzoneClusterImpl-d775625d-49b3-4620-92ee-6137f75f96cc/datanode-4/data-0/containers/hdds/d775625d-49b3-4620-92ee-6137f75f96cc/current/containerDir0/7 to state UNHEALTHY from state:OPEN
2023-04-18 11:23:33,650 [ChunkReader-9] WARN  keyvalue.KeyValueContainer (KeyValueContainer.java:markContainerUnhealthy(348)) - Moving container /home/runner/work/ozone/ozone/hadoop-ozone/integration-test/target/test-dir/MiniOzoneClusterImpl-d775625d-49b3-4620-92ee-6137f75f96cc/datanode-1/data-0/containers/hdds/d775625d-49b3-4620-92ee-6137f75f96cc/current/containerDir0/7 to state UNHEALTHY from state:OPEN
2023-04-18 11:23:33,650 [ChunkReader-6] INFO  keyvalue.KeyValueHandler (ContainerUtils.java:logAndReturnError(91)) - Operation: PutBlock , Trace ID:  , Message: java.lang.NullPointerException , Result: CONTAINER_INTERNAL_ERROR , StorageContainerException Occurred.
org.apache.hadoop.hdds.scm.container.common.helpers.StorageContainerException: java.lang.NullPointerException
	at org.apache.hadoop.ozone.container.keyvalue.KeyValueHandler.handle(KeyValueHandler.java:235)
	at org.apache.hadoop.ozone.container.common.impl.HddsDispatcher.dispatchRequest(HddsDispatcher.java:320)
	at org.apache.hadoop.ozone.container.common.impl.HddsDispatcher.lambda$dispatch$0(HddsDispatcher.java:171)
	at org.apache.hadoop.hdds.server.OzoneProtocolMessageDispatcher.processRequest(OzoneProtocolMessageDispatcher.java:87)
	at org.apache.hadoop.ozone.container.common.impl.HddsDispatcher.dispatch(HddsDispatcher.java:170)
	at org.apache.hadoop.ozone.container.common.transport.server.GrpcXceiverService$1.onNext(GrpcXceiverService.java:57)
	at org.apache.hadoop.ozone.container.common.transport.server.GrpcXceiverService$1.onNext(GrpcXceiverService.java:50)
	at org.apache.ratis.thirdparty.io.grpc.stub.ServerCalls$StreamingServerCallHandler$StreamingServerCallListener.onMessage(ServerCalls.java:262)
	at org.apache.ratis.thirdparty.io.grpc.ForwardingServerCallListener.onMessage(ForwardingServerCallListener.java:33)
	at org.apache.hadoop.hdds.tracing.GrpcServerInterceptor$1.onMessage(GrpcServerInterceptor.java:49)
	at org.apache.ratis.thirdparty.io.grpc.internal.ServerCallImpl$ServerStreamListenerImpl.messagesAvailableInternal(ServerCallImpl.java:332)
	at org.apache.ratis.thirdparty.io.grpc.internal.ServerCallImpl$ServerStreamListenerImpl.messagesAvailable(ServerCallImpl.java:315)
	at org.apache.ratis.thirdparty.io.grpc.internal.ServerImpl$JumpToApplicationThreadServerStreamListener$1MessagesAvailable.runInContext(ServerImpl.java:834)
	at org.apache.ratis.thirdparty.io.grpc.internal.ContextRunnable.run(ContextRunnable.java:37)
	at org.apache.ratis.thirdparty.io.grpc.internal.SerializingExecutor.run(SerializingExecutor.java:133)
	at java.util.concurrent.ThreadPoolExecutor.runWorker(ThreadPoolExecutor.java:1149)
	at java.util.concurrent.ThreadPoolExecutor$Worker.run(ThreadPoolExecutor.java:624)
	at java.lang.Thread.run(Thread.java:750)
Caused by: java.lang.NullPointerException
	at org.apache.hadoop.ozone.container.keyvalue.impl.BlockManagerImpl.persistPutBlock(BlockManagerImpl.java:154)
	at org.apache.hadoop.ozone.container.keyvalue.impl.BlockManagerImpl.putBlock(BlockManagerImpl.java:103)
	at org.apache.hadoop.ozone.container.keyvalue.KeyValueHandler.handlePutBlock(KeyValueHandler.java:556)
	at org.apache.hadoop.ozone.container.keyvalue.KeyValueHandler.dispatchRequest(KeyValueHandler.java:261)
	at org.apache.hadoop.ozone.container.keyvalue.KeyValueHandler.handle(KeyValueHandler.java:232)
	... 17 more
2023-04-18 11:23:33,650 [ChunkReader-8] INFO  keyvalue.KeyValueHandler (ContainerUtils.java:logAndReturnError(91)) - Operation: PutBlock , Trace ID:  , Message: java.lang.NullPointerException , Result: CONTAINER_INTERNAL_ERROR , StorageContainerException Occurred.
org.apache.hadoop.hdds.scm.container.common.helpers.StorageContainerException: java.lang.NullPointerException
	at org.apache.hadoop.ozone.container.keyvalue.KeyValueHandler.handle(KeyValueHandler.java:235)
	at org.apache.hadoop.ozone.container.common.impl.HddsDispatcher.dispatchRequest(HddsDispatcher.java:320)
	at org.apache.hadoop.ozone.container.common.impl.HddsDispatcher.lambda$dispatch$0(HddsDispatcher.java:171)
	at org.apache.hadoop.hdds.server.OzoneProtocolMessageDispatcher.processRequest(OzoneProtocolMessageDispatcher.java:87)
	at org.apache.hadoop.ozone.container.common.impl.HddsDispatcher.dispatch(HddsDispatcher.java:170)
	at org.apache.hadoop.ozone.container.common.transport.server.GrpcXceiverService$1.onNext(GrpcXceiverService.java:57)
	at org.apache.hadoop.ozone.container.common.transport.server.GrpcXceiverService$1.onNext(GrpcXceiverService.java:50)
	at org.apache.ratis.thirdparty.io.grpc.stub.ServerCalls$StreamingServerCallHandler$StreamingServerCallListener.onMessage(ServerCalls.java:262)
	at org.apache.ratis.thirdparty.io.grpc.ForwardingServerCallListener.onMessage(ForwardingServerCallListener.java:33)
	at org.apache.hadoop.hdds.tracing.GrpcServerInterceptor$1.onMessage(GrpcServerInterceptor.java:49)
	at org.apache.ratis.thirdparty.io.grpc.internal.ServerCallImpl$ServerStreamListenerImpl.messagesAvailableInternal(ServerCallImpl.java:332)
	at org.apache.ratis.thirdparty.io.grpc.internal.ServerCallImpl$ServerStreamListenerImpl.messagesAvailable(ServerCallImpl.java:315)
	at org.apache.ratis.thirdparty.io.grpc.internal.ServerImpl$JumpToApplicationThreadServerStreamListener$1MessagesAvailable.runInContext(ServerImpl.java:834)
	at org.apache.ratis.thirdparty.io.grpc.internal.ContextRunnable.run(ContextRunnable.java:37)
	at org.apache.ratis.thirdparty.io.grpc.internal.SerializingExecutor.run(SerializingExecutor.java:133)
	at java.util.concurrent.ThreadPoolExecutor.runWorker(ThreadPoolExecutor.java:1149)
	at java.util.concurrent.ThreadPoolExecutor$Worker.run(ThreadPoolExecutor.java:624)
	at java.lang.Thread.run(Thread.java:750)
Caused by: java.lang.NullPointerException
	at org.apache.hadoop.ozone.container.keyvalue.impl.BlockManagerImpl.persistPutBlock(BlockManagerImpl.java:154)
	at org.apache.hadoop.ozone.container.keyvalue.impl.BlockManagerImpl.putBlock(BlockManagerImpl.java:103)
	at org.apache.hadoop.ozone.container.keyvalue.KeyValueHandler.handlePutBlock(KeyValueHandler.java:556)
	at org.apache.hadoop.ozone.container.keyvalue.KeyValueHandler.dispatchRequest(KeyValueHandler.java:261)
	at org.apache.hadoop.ozone.container.keyvalue.KeyValueHandler.handle(KeyValueHandler.java:232)
	... 17 more
2023-04-18 11:23:33,653 [ChunkReader-5] WARN  keyvalue.KeyValueContainer (KeyValueContainer.java:markContainerUnhealthy(348)) - Moving container /home/runner/work/ozone/ozone/hadoop-ozone/integration-test/target/test-dir/MiniOzoneClusterImpl-d775625d-49b3-4620-92ee-6137f75f96cc/datanode-6/data-0/containers/hdds/d775625d-49b3-4620-92ee-6137f75f96cc/current/containerDir0/7 to state UNHEALTHY from state:OPEN
2023-04-18 11:23:33,654 [ChunkReader-8] WARN  keyvalue.KeyValueContainer (KeyValueContainer.java:markContainerUnhealthy(348)) - Moving container /home/runner/work/ozone/ozone/hadoop-ozone/integration-test/target/test-dir/MiniOzoneClusterImpl-d775625d-49b3-4620-92ee-6137f75f96cc/datanode-3/data-0/containers/hdds/d775625d-49b3-4620-92ee-6137f75f96cc/current/containerDir0/7 to state UNHEALTHY from state:OPEN
2023-04-18 11:23:33,654 [ChunkReader-8] INFO  impl.HddsDispatcher (HddsDispatcher.java:dispatchRequest(361)) - Marked Container UNHEALTHY, ContainerID: 7
11:23:33.658 [ChunkReader-8] ERROR DNAudit - user=null | ip=null | op=PUT_BLOCK {blockData=[blockId=conID: 7 locID: 111677748019200036 bcsId: 0, size=19]} | ret=FAILURE
java.lang.Exception: java.lang.NullPointerException
	at org.apache.hadoop.ozone.container.common.impl.HddsDispatcher.dispatchRequest(HddsDispatcher.java:389) ~[hdds-container-service-1.4.0-SNAPSHOT.jar:?]
	at org.apache.hadoop.ozone.container.common.impl.HddsDispatcher.lambda$dispatch$0(HddsDispatcher.java:171) ~[hdds-container-service-1.4.0-SNAPSHOT.jar:?]
	at org.apache.hadoop.hdds.server.OzoneProtocolMessageDispatcher.processRequest(OzoneProtocolMessageDispatcher.java:87) [hdds-server-framework-1.4.0-SNAPSHOT.jar:?]
	at org.apache.hadoop.ozone.container.common.impl.HddsDispatcher.dispatch(HddsDispatcher.java:170) [hdds-container-service-1.4.0-SNAPSHOT.jar:?]
	at org.apache.hadoop.ozone.container.common.transport.server.GrpcXceiverService$1.onNext(GrpcXceiverService.java:57) [hdds-container-service-1.4.0-SNAPSHOT.jar:?]
	at org.apache.hadoop.ozone.container.common.transport.server.GrpcXceiverService$1.onNext(GrpcXceiverService.java:50) [hdds-container-service-1.4.0-SNAPSHOT.jar:?]
	at org.apache.ratis.thirdparty.io.grpc.stub.ServerCalls$StreamingServerCallHandler$StreamingServerCallListener.onMessage(ServerCalls.java:262) [ratis-thirdparty-misc-1.0.3.jar:1.0.3]
	at org.apache.ratis.thirdparty.io.grpc.ForwardingServerCallListener.onMessage(ForwardingServerCallListener.java:33) [ratis-thirdparty-misc-1.0.3.jar:1.0.3]
	at org.apache.hadoop.hdds.tracing.GrpcServerInterceptor$1.onMessage(GrpcServerInterceptor.java:49) [hdds-common-1.4.0-SNAPSHOT.jar:?]
	at org.apache.ratis.thirdparty.io.grpc.internal.ServerCallImpl$ServerStreamListenerImpl.messagesAvailableInternal(ServerCallImpl.java:332) [ratis-thirdparty-misc-1.0.3.jar:1.0.3]
	at org.apache.ratis.thirdparty.io.grpc.internal.ServerCallImpl$ServerStreamListenerImpl.messagesAvailable(ServerCallImpl.java:315) [ratis-thirdparty-misc-1.0.3.jar:1.0.3]
	at org.apache.ratis.thirdparty.io.grpc.internal.ServerImpl$JumpToApplicationThreadServerStreamListener$1MessagesAvailable.runInContext(ServerImpl.java:834) [ratis-thirdparty-misc-1.0.3.jar:1.0.3]
	at org.apache.ratis.thirdparty.io.grpc.internal.ContextRunnable.run(ContextRunnable.java:37) [ratis-thirdparty-misc-1.0.3.jar:1.0.3]
	at org.apache.ratis.thirdparty.io.grpc.internal.SerializingExecutor.run(SerializingExecutor.java:133) [ratis-thirdparty-misc-1.0.3.jar:1.0.3]
	at java.util.concurrent.ThreadPoolExecutor.runWorker(ThreadPoolExecutor.java:1149) [?:1.8.0_362]
	at java.util.concurrent.ThreadPoolExecutor$Worker.run(ThreadPoolExecutor.java:624) [?:1.8.0_362]
	at java.lang.Thread.run(Thread.java:750) [?:1.8.0_362]
2023-04-18 11:23:33,661 [ChunkReader-6] WARN  keyvalue.KeyValueContainer (KeyValueContainer.java:markContainerUnhealthy(348)) - Moving container /home/runner/work/ozone/ozone/hadoop-ozone/integration-test/target/test-dir/MiniOzoneClusterImpl-d775625d-49b3-4620-92ee-6137f75f96cc/datanode-2/data-0/containers/hdds/d775625d-49b3-4620-92ee-6137f75f96cc/current/containerDir0/7 to state UNHEALTHY from state:OPEN
2023-04-18 11:23:33,661 [ChunkReader-6] INFO  impl.HddsDispatcher (HddsDispatcher.java:dispatchRequest(361)) - Marked Container UNHEALTHY, ContainerID: 7
2023-04-18 11:23:33,662 [EventQueue-StaleNodeForStaleNodeHandler] INFO  node.StaleNodeHandler (StaleNodeHandler.java:onMessage(59)) - Datanode c4328530-2228-4a35-bb1e-31d75e23fd37(fv-az570-656.srgqcr2moziuvm0qev4lajleyh.dx.internal.cloudapp.net/10.1.0.33) moved to stale state. Finalizing its pipelines [PipelineID=c66c9313-e36c-459c-ac27-e407ac370f94, PipelineID=93a3d505-49ca-4575-bd9d-da61d9d3813b]
11:23:33.664 [ChunkReader-6] ERROR DNAudit - user=null | ip=null | op=PUT_BLOCK {blockData=[blockId=conID: 7 locID: 111677748019200036 bcsId: 0, size=19]} | ret=FAILURE
java.lang.Exception: java.lang.NullPointerException
	at org.apache.hadoop.ozone.container.common.impl.HddsDispatcher.dispatchRequest(HddsDispatcher.java:389) ~[hdds-container-service-1.4.0-SNAPSHOT.jar:?]
	at org.apache.hadoop.ozone.container.common.impl.HddsDispatcher.lambda$dispatch$0(HddsDispatcher.java:171) ~[hdds-container-service-1.4.0-SNAPSHOT.jar:?]
	at org.apache.hadoop.hdds.server.OzoneProtocolMessageDispatcher.processRequest(OzoneProtocolMessageDispatcher.java:87) [hdds-server-framework-1.4.0-SNAPSHOT.jar:?]
	at org.apache.hadoop.ozone.container.common.impl.HddsDispatcher.dispatch(HddsDispatcher.java:170) [hdds-container-service-1.4.0-SNAPSHOT.jar:?]
	at org.apache.hadoop.ozone.container.common.transport.server.GrpcXceiverService$1.onNext(GrpcXceiverService.java:57) [hdds-container-service-1.4.0-SNAPSHOT.jar:?]
	at org.apache.hadoop.ozone.container.common.transport.server.GrpcXceiverService$1.onNext(GrpcXceiverService.java:50) [hdds-container-service-1.4.0-SNAPSHOT.jar:?]
	at org.apache.ratis.thirdparty.io.grpc.stub.ServerCalls$StreamingServerCallHandler$StreamingServerCallListener.onMessage(ServerCalls.java:262) [ratis-thirdparty-misc-1.0.3.jar:1.0.3]
	at org.apache.ratis.thirdparty.io.grpc.ForwardingServerCallListener.onMessage(ForwardingServerCallListener.java:33) [ratis-thirdparty-misc-1.0.3.jar:1.0.3]
	at org.apache.hadoop.hdds.tracing.GrpcServerInterceptor$1.onMessage(GrpcServerInterceptor.java:49) [hdds-common-1.4.0-SNAPSHOT.jar:?]
	at org.apache.ratis.thirdparty.io.grpc.internal.ServerCallImpl$ServerStreamListenerImpl.messagesAvailableInternal(ServerCallImpl.java:332) [ratis-thirdparty-misc-1.0.3.jar:1.0.3]
	at org.apache.ratis.thirdparty.io.grpc.internal.ServerCallImpl$ServerStreamListenerImpl.messagesAvailable(ServerCallImpl.java:315) [ratis-thirdparty-misc-1.0.3.jar:1.0.3]
	at org.apache.ratis.thirdparty.io.grpc.internal.ServerImpl$JumpToApplicationThreadServerStreamListener$1MessagesAvailable.runInContext(ServerImpl.java:834) [ratis-thirdparty-misc-1.0.3.jar:1.0.3]
	at org.apache.ratis.thirdparty.io.grpc.internal.ContextRunnable.run(ContextRunnable.java:37) [ratis-thirdparty-misc-1.0.3.jar:1.0.3]
	at org.apache.ratis.thirdparty.io.grpc.internal.SerializingExecutor.run(SerializingExecutor.java:133) [ratis-thirdparty-misc-1.0.3.jar:1.0.3]
	at java.util.concurrent.ThreadPoolExecutor.runWorker(ThreadPoolExecutor.java:1149) [?:1.8.0_362]
	at java.util.concurrent.ThreadPoolExecutor$Worker.run(ThreadPoolExecutor.java:624) [?:1.8.0_362]
	at java.lang.Thread.run(Thread.java:750) [?:1.8.0_362]
2023-04-18 11:23:33,666 [ChunkReader-5] INFO  impl.HddsDispatcher (HddsDispatcher.java:dispatchRequest(361)) - Marked Container UNHEALTHY, ContainerID: 7
2023-04-18 11:23:33,666 [ChunkReader-5] INFO  impl.HddsDispatcher (HddsDispatcher.java:dispatchRequest(361)) - Marked Container UNHEALTHY, ContainerID: 7
2023-04-18 11:23:33,666 [ChunkReader-9] INFO  impl.HddsDispatcher (HddsDispatcher.java:dispatchRequest(361)) - Marked Container UNHEALTHY, ContainerID: 7
11:23:33.668 [ChunkReader-5] ERROR DNAudit - user=null | ip=null | op=PUT_BLOCK {blockData=[blockId=conID: 7 locID: 111677748019200036 bcsId: 0, size=0]} | ret=FAILURE
java.lang.Exception: java.lang.NullPointerException
	at org.apache.hadoop.ozone.container.common.impl.HddsDispatcher.dispatchRequest(HddsDispatcher.java:389) ~[hdds-container-service-1.4.0-SNAPSHOT.jar:?]
	at org.apache.hadoop.ozone.container.common.impl.HddsDispatcher.lambda$dispatch$0(HddsDispatcher.java:171) ~[hdds-container-service-1.4.0-SNAPSHOT.jar:?]
	at org.apache.hadoop.hdds.server.OzoneProtocolMessageDispatcher.processRequest(OzoneProtocolMessageDispatcher.java:87) [hdds-server-framework-1.4.0-SNAPSHOT.jar:?]
	at org.apache.hadoop.ozone.container.common.impl.HddsDispatcher.dispatch(HddsDispatcher.java:170) [hdds-container-service-1.4.0-SNAPSHOT.jar:?]
	at org.apache.hadoop.ozone.container.common.transport.server.GrpcXceiverService$1.onNext(GrpcXceiverService.java:57) [hdds-container-service-1.4.0-SNAPSHOT.jar:?]
	at org.apache.hadoop.ozone.container.common.transport.server.GrpcXceiverService$1.onNext(GrpcXceiverService.java:50) [hdds-container-service-1.4.0-SNAPSHOT.jar:?]
	at org.apache.ratis.thirdparty.io.grpc.stub.ServerCalls$StreamingServerCallHandler$StreamingServerCallListener.onMessage(ServerCalls.java:262) [ratis-thirdparty-misc-1.0.3.jar:1.0.3]
	at org.apache.ratis.thirdparty.io.grpc.ForwardingServerCallListener.onMessage(ForwardingServerCallListener.java:33) [ratis-thirdparty-misc-1.0.3.jar:1.0.3]
	at org.apache.hadoop.hdds.tracing.GrpcServerInterceptor$1.onMessage(GrpcServerInterceptor.java:49) [hdds-common-1.4.0-SNAPSHOT.jar:?]
	at org.apache.ratis.thirdparty.io.grpc.internal.ServerCallImpl$ServerStreamListenerImpl.messagesAvailableInternal(ServerCallImpl.java:332) [ratis-thirdparty-misc-1.0.3.jar:1.0.3]
	at org.apache.ratis.thirdparty.io.grpc.internal.ServerCallImpl$ServerStreamListenerImpl.messagesAvailable(ServerCallImpl.java:315) [ratis-thirdparty-misc-1.0.3.jar:1.0.3]
	at org.apache.ratis.thirdparty.io.grpc.internal.ServerImpl$JumpToApplicationThreadServerStreamListener$1MessagesAvailable.runInContext(ServerImpl.java:834) [ratis-thirdparty-misc-1.0.3.jar:1.0.3]
	at org.apache.ratis.thirdparty.io.grpc.internal.ContextRunnable.run(ContextRunnable.java:37) [ratis-thirdparty-misc-1.0.3.jar:1.0.3]
	at org.apache.ratis.thirdparty.io.grpc.internal.SerializingExecutor.run(SerializingExecutor.java:133) [ratis-thirdparty-misc-1.0.3.jar:1.0.3]
	at java.util.concurrent.ThreadPoolExecutor.runWorker(ThreadPoolExecutor.java:1149) [?:1.8.0_362]
	at java.util.concurrent.ThreadPoolExecutor$Worker.run(ThreadPoolExecutor.java:624) [?:1.8.0_362]
	at java.lang.Thread.run(Thread.java:750) [?:1.8.0_362]
11:23:33.669 [ChunkReader-9] ERROR DNAudit - user=null | ip=null | op=PUT_BLOCK {blockData=[blockId=conID: 7 locID: 111677748019200036 bcsId: 0, size=19]} | ret=FAILURE
java.lang.Exception: java.lang.NullPointerException
	at org.apache.hadoop.ozone.container.common.impl.HddsDispatcher.dispatchRequest(HddsDispatcher.java:389) ~[hdds-container-service-1.4.0-SNAPSHOT.jar:?]
	at org.apache.hadoop.ozone.container.common.impl.HddsDispatcher.lambda$dispatch$0(HddsDispatcher.java:171) ~[hdds-container-service-1.4.0-SNAPSHOT.jar:?]
	at org.apache.hadoop.hdds.server.OzoneProtocolMessageDispatcher.processRequest(OzoneProtocolMessageDispatcher.java:87) [hdds-server-framework-1.4.0-SNAPSHOT.jar:?]
	at org.apache.hadoop.ozone.container.common.impl.HddsDispatcher.dispatch(HddsDispatcher.java:170) [hdds-container-service-1.4.0-SNAPSHOT.jar:?]
	at org.apache.hadoop.ozone.container.common.transport.server.GrpcXceiverService$1.onNext(GrpcXceiverService.java:57) [hdds-container-service-1.4.0-SNAPSHOT.jar:?]
	at org.apache.hadoop.ozone.container.common.transport.server.GrpcXceiverService$1.onNext(GrpcXceiverService.java:50) [hdds-container-service-1.4.0-SNAPSHOT.jar:?]
	at org.apache.ratis.thirdparty.io.grpc.stub.ServerCalls$StreamingServerCallHandler$StreamingServerCallListener.onMessage(ServerCalls.java:262) [ratis-thirdparty-misc-1.0.3.jar:1.0.3]
	at org.apache.ratis.thirdparty.io.grpc.ForwardingServerCallListener.onMessage(ForwardingServerCallListener.java:33) [ratis-thirdparty-misc-1.0.3.jar:1.0.3]
	at org.apache.hadoop.hdds.tracing.GrpcServerInterceptor$1.onMessage(GrpcServerInterceptor.java:49) [hdds-common-1.4.0-SNAPSHOT.jar:?]
	at org.apache.ratis.thirdparty.io.grpc.internal.ServerCallImpl$ServerStreamListenerImpl.messagesAvailableInternal(ServerCallImpl.java:332) [ratis-thirdparty-misc-1.0.3.jar:1.0.3]
	at org.apache.ratis.thirdparty.io.grpc.internal.ServerCallImpl$ServerStreamListenerImpl.messagesAvailable(ServerCallImpl.java:315) [ratis-thirdparty-misc-1.0.3.jar:1.0.3]
	at org.apache.ratis.thirdparty.io.grpc.internal.ServerImpl$JumpToApplicationThreadServerStreamListener$1MessagesAvailable.runInContext(ServerImpl.java:834) [ratis-thirdparty-misc-1.0.3.jar:1.0.3]
	at org.apache.ratis.thirdparty.io.grpc.internal.ContextRunnable.run(ContextRunnable.java:37) [ratis-thirdparty-misc-1.0.3.jar:1.0.3]
	at org.apache.ratis.thirdparty.io.grpc.internal.SerializingExecutor.run(SerializingExecutor.java:133) [ratis-thirdparty-misc-1.0.3.jar:1.0.3]
	at java.util.concurrent.ThreadPoolExecutor.runWorker(ThreadPoolExecutor.java:1149) [?:1.8.0_362]
	at java.util.concurrent.ThreadPoolExecutor$Worker.run(ThreadPoolExecutor.java:624) [?:1.8.0_362]
	at java.lang.Thread.run(Thread.java:750) [?:1.8.0_362]
2023-04-18 11:23:33,669 [EventQueue-StaleNodeForStaleNodeHandler] INFO  pipeline.PipelineManagerImpl (PipelineManagerImpl.java:closeContainersForPipeline(421)) - Container #4 closed for pipeline=PipelineID=c66c9313-e36c-459c-ac27-e407ac370f94
11:23:33.669 [ChunkReader-5] ERROR DNAudit - user=null | ip=null | op=PUT_BLOCK {blockData=[blockId=conID: 7 locID: 111677748019200036 bcsId: 0, size=0]} | ret=FAILURE
java.lang.Exception: java.lang.NullPointerException
	at org.apache.hadoop.ozone.container.common.impl.HddsDispatcher.dispatchRequest(HddsDispatcher.java:389) ~[hdds-container-service-1.4.0-SNAPSHOT.jar:?]
	at org.apache.hadoop.ozone.container.common.impl.HddsDispatcher.lambda$dispatch$0(HddsDispatcher.java:171) ~[hdds-container-service-1.4.0-SNAPSHOT.jar:?]
	at org.apache.hadoop.hdds.server.OzoneProtocolMessageDispatcher.processRequest(OzoneProtocolMessageDispatcher.java:87) [hdds-server-framework-1.4.0-SNAPSHOT.jar:?]
	at org.apache.hadoop.ozone.container.common.impl.HddsDispatcher.dispatch(HddsDispatcher.java:170) [hdds-container-service-1.4.0-SNAPSHOT.jar:?]
	at org.apache.hadoop.ozone.container.common.transport.server.GrpcXceiverService$1.onNext(GrpcXceiverService.java:57) [hdds-container-service-1.4.0-SNAPSHOT.jar:?]
	at org.apache.hadoop.ozone.container.common.transport.server.GrpcXceiverService$1.onNext(GrpcXceiverService.java:50) [hdds-container-service-1.4.0-SNAPSHOT.jar:?]
	at org.apache.ratis.thirdparty.io.grpc.stub.ServerCalls$StreamingServerCallHandler$StreamingServerCallListener.onMessage(ServerCalls.java:262) [ratis-thirdparty-misc-1.0.3.jar:1.0.3]
	at org.apache.ratis.thirdparty.io.grpc.ForwardingServerCallListener.onMessage(ForwardingServerCallListener.java:33) [ratis-thirdparty-misc-1.0.3.jar:1.0.3]
	at org.apache.hadoop.hdds.tracing.GrpcServerInterceptor$1.onMessage(GrpcServerInterceptor.java:49) [hdds-common-1.4.0-SNAPSHOT.jar:?]
	at org.apache.ratis.thirdparty.io.grpc.internal.ServerCallImpl$ServerStreamListenerImpl.messagesAvailableInternal(ServerCallImpl.java:332) [ratis-thirdparty-misc-1.0.3.jar:1.0.3]
	at org.apache.ratis.thirdparty.io.grpc.internal.ServerCallImpl$ServerStreamListenerImpl.messagesAvailable(ServerCallImpl.java:315) [ratis-thirdparty-misc-1.0.3.jar:1.0.3]
	at org.apache.ratis.thirdparty.io.grpc.internal.ServerImpl$JumpToApplicationThreadServerStreamListener$1MessagesAvailable.runInContext(ServerImpl.java:834) [ratis-thirdparty-misc-1.0.3.jar:1.0.3]
	at org.apache.ratis.thirdparty.io.grpc.internal.ContextRunnable.run(ContextRunnable.java:37) [ratis-thirdparty-misc-1.0.3.jar:1.0.3]
	at org.apache.ratis.thirdparty.io.grpc.internal.SerializingExecutor.run(SerializingExecutor.java:133) [ratis-thirdparty-misc-1.0.3.jar:1.0.3]
	at java.util.concurrent.ThreadPoolExecutor.runWorker(ThreadPoolExecutor.java:1149) [?:1.8.0_362]
	at java.util.concurrent.ThreadPoolExecutor$Worker.run(ThreadPoolExecutor.java:624) [?:1.8.0_362]
	at java.lang.Thread.run(Thread.java:750) [?:1.8.0_362]
2023-04-18 11:23:33,670 [EventQueue-StaleNodeForStaleNodeHandler] INFO  pipeline.PipelineManagerImpl (PipelineManagerImpl.java:closeContainersForPipeline(421)) - Container #5 closed for pipeline=PipelineID=c66c9313-e36c-459c-ac27-e407ac370f94
2023-04-18 11:23:33,670 [EventQueue-StaleNodeForStaleNodeHandler] INFO  pipeline.PipelineManagerImpl (PipelineManagerImpl.java:closeContainersForPipeline(421)) - Container #6 closed for pipeline=PipelineID=c66c9313-e36c-459c-ac27-e407ac370f94
2023-04-18 11:23:33,670 [EventQueue-StaleNodeForStaleNodeHandler] INFO  pipeline.PipelineManagerImpl (PipelineManagerImpl.java:closePipeline(442)) - Pipeline Pipeline[ Id: c66c9313-e36c-459c-ac27-e407ac370f94, Nodes: e6be4ec7-b562-4524-91fe-d1f531929af7(fv-az570-656.srgqcr2moziuvm0qev4lajleyh.dx.internal.cloudapp.net/10.1.0.33)2ce6929e-c015-4c0d-a0e6-4530a7963149(fv-az570-656.srgqcr2moziuvm0qev4lajleyh.dx.internal.cloudapp.net/10.1.0.33)c4328530-2228-4a35-bb1e-31d75e23fd37(fv-az570-656.srgqcr2moziuvm0qev4lajleyh.dx.internal.cloudapp.net/10.1.0.33), ReplicationConfig: RATIS/THREE, State:OPEN, leaderId:e6be4ec7-b562-4524-91fe-d1f531929af7, CreationTimestamp2023-04-18T11:23:21.215Z[Etc/UTC]] moved to CLOSED state
2023-04-18 11:23:33,670 [EventQueue-StaleNodeForStaleNodeHandler] INFO  pipeline.PipelineManagerImpl (PipelineManagerImpl.java:closePipeline(442)) - Pipeline Pipeline[ Id: 93a3d505-49ca-4575-bd9d-da61d9d3813b, Nodes: c4328530-2228-4a35-bb1e-31d75e23fd37(fv-az570-656.srgqcr2moziuvm0qev4lajleyh.dx.internal.cloudapp.net/10.1.0.33), ReplicationConfig: RATIS/ONE, State:OPEN, leaderId:c4328530-2228-4a35-bb1e-31d75e23fd37, CreationTimestamp2023-04-18T11:23:21.215Z[Etc/UTC]] moved to CLOSED state
2023-04-18 11:23:33,671 [EventQueue-CloseContainerForCloseContainerEventHandler] INFO  container.CloseContainerEventHandler (CloseContainerEventHandler.java:onMessage(89)) - Close container Event triggered for container : #4, current state: CLOSING
2023-04-18 11:23:33,671 [EventQueue-CloseContainerForCloseContainerEventHandler] INFO  container.CloseContainerEventHandler (CloseContainerEventHandler.java:onMessage(89)) - Close container Event triggered for container : #5, current state: CLOSING
2023-04-18 11:23:33,676 [FixedThreadPoolWithAffinityExecutor-8-0] WARN  container.IncrementalContainerReportHandler (AbstractContainerReportHandler.java:updateContainerState(259)) - Container #7 is in OPEN state, but the datanode 02ecb104-4127-42db-94b3-9d009bf64411(fv-az570-656.srgqcr2moziuvm0qev4lajleyh.dx.internal.cloudapp.net/10.1.0.33) reports an UNHEALTHY replica.
2023-04-18 11:23:33,686 [FixedThreadPoolWithAffinityExecutor-9-0] WARN  container.IncrementalContainerReportHandler (AbstractContainerReportHandler.java:updateContainerState(259)) - Container #7 is in OPEN state, but the datanode 641b8fbc-bfa9-429c-9615-5ec70ec9adee(fv-az570-656.srgqcr2moziuvm0qev4lajleyh.dx.internal.cloudapp.net/10.1.0.33) reports an UNHEALTHY replica.
2023-04-18 11:23:33,686 [FixedThreadPoolWithAffinityExecutor-9-0] WARN  container.IncrementalContainerReportHandler (AbstractContainerReportHandler.java:updateContainerState(259)) - Container #7 is in OPEN state, but the datanode c5b640fa-1740-4d47-ba90-0497f002e9b3(fv-az570-656.srgqcr2moziuvm0qev4lajleyh.dx.internal.cloudapp.net/10.1.0.33) reports an UNHEALTHY replica.
2023-04-18 11:23:33,681 [pool-2934-thread-1] WARN  io.KeyOutputStream (ECKeyOutputStream.java:logStreamError(234)) - Put block failed: F F F F F
2023-04-18 11:23:33,686 [pool-2934-thread-1] WARN  io.KeyOutputStream (ECKeyOutputStream.java:logStreamError(236)) - Failure for replica index: 1, DatanodeDetails: 610a4484-6a3e-4bd5-b497-55550be1c8dc(fv-az570-656.srgqcr2moziuvm0qev4lajleyh.dx.internal.cloudapp.net/10.1.0.33)
java.io.IOException: Unexpected Storage Container Exception: org.apache.hadoop.hdds.scm.container.common.helpers.StorageContainerException: java.lang.NullPointerException
	at org.apache.hadoop.hdds.scm.storage.BlockOutputStream.setIoException(BlockOutputStream.java:632)
	at org.apache.hadoop.hdds.scm.storage.ECBlockOutputStream.validateResponse(ECBlockOutputStream.java:303)
	at org.apache.hadoop.hdds.scm.storage.ECBlockOutputStream.lambda$executePutBlock$1(ECBlockOutputStream.java:234)
	at java.util.concurrent.CompletableFuture.uniApply(CompletableFuture.java:616)
	at java.util.concurrent.CompletableFuture$UniApply.tryFire(CompletableFuture.java:591)
	at java.util.concurrent.CompletableFuture$Completion.run(CompletableFuture.java:456)
	at java.util.concurrent.ThreadPoolExecutor.runWorker(ThreadPoolExecutor.java:1149)
	at java.util.concurrent.ThreadPoolExecutor$Worker.run(ThreadPoolExecutor.java:624)
	at java.lang.Thread.run(Thread.java:750)
Caused by: org.apache.hadoop.hdds.scm.container.common.helpers.StorageContainerException: java.lang.NullPointerException
	at org.apache.hadoop.hdds.scm.storage.ContainerProtocolCalls.validateContainerResponse(ContainerProtocolCalls.java:718)
	at org.apache.hadoop.hdds.scm.storage.ECBlockOutputStream.validateResponse(ECBlockOutputStream.java:301)
	... 7 more
2023-04-18 11:23:33,689 [FixedThreadPoolWithAffinityExecutor-1-0] WARN  container.IncrementalContainerReportHandler (AbstractContainerReportHandler.java:updateContainerState(259)) - Container #7 is in OPEN state, but the datanode 877e1497-37a4-42d0-b6b3-7a51d3b1fa67(fv-az570-656.srgqcr2moziuvm0qev4lajleyh.dx.internal.cloudapp.net/10.1.0.33) reports an UNHEALTHY replica.
2023-04-18 11:23:33,692 [pool-2934-thread-1] WARN  io.KeyOutputStream (ECKeyOutputStream.java:logStreamError(236)) - Failure for replica index: 2, DatanodeDetails: c5b640fa-1740-4d47-ba90-0497f002e9b3(fv-az570-656.srgqcr2moziuvm0qev4lajleyh.dx.internal.cloudapp.net/10.1.0.33)
java.io.IOException: Unexpected Storage Container Exception: org.apache.hadoop.hdds.scm.container.common.helpers.StorageContainerException: java.lang.NullPointerException
	at org.apache.hadoop.hdds.scm.storage.BlockOutputStream.setIoException(BlockOutputStream.java:632)
	at org.apache.hadoop.hdds.scm.storage.ECBlockOutputStream.validateResponse(ECBlockOutputStream.java:303)
	at org.apache.hadoop.hdds.scm.storage.ECBlockOutputStream.lambda$executePutBlock$1(ECBlockOutputStream.java:234)
	at java.util.concurrent.CompletableFuture.uniApply(CompletableFuture.java:616)
	at java.util.concurrent.CompletableFuture$UniApply.tryFire(CompletableFuture.java:591)
	at java.util.concurrent.CompletableFuture$Completion.run(CompletableFuture.java:456)
	at java.util.concurrent.ThreadPoolExecutor.runWorker(ThreadPoolExecutor.java:1149)
	at java.util.concurrent.ThreadPoolExecutor$Worker.run(ThreadPoolExecutor.java:624)
	at java.lang.Thread.run(Thread.java:750)
Caused by: org.apache.hadoop.hdds.scm.container.common.helpers.StorageContainerException: java.lang.NullPointerException
	at org.apache.hadoop.hdds.scm.storage.ContainerProtocolCalls.validateContainerResponse(ContainerProtocolCalls.java:718)
	at org.apache.hadoop.hdds.scm.storage.ECBlockOutputStream.validateResponse(ECBlockOutputStream.java:301)
	... 7 more
2023-04-18 11:23:33,694 [EventQueue-CloseContainerForCloseContainerEventHandler] INFO  container.CloseContainerEventHandler (CloseContainerEventHandler.java:onMessage(89)) - Close container Event triggered for container : #6, current state: CLOSING
2023-04-18 11:23:33,692 [FixedThreadPoolWithAffinityExecutor-8-0] WARN  container.IncrementalContainerReportHandler (AbstractContainerReportHandler.java:updateContainerState(259)) - Container #7 is in OPEN state, but the datanode 610a4484-6a3e-4bd5-b497-55550be1c8dc(fv-az570-656.srgqcr2moziuvm0qev4lajleyh.dx.internal.cloudapp.net/10.1.0.33) reports an UNHEALTHY replica.
2023-04-18 11:23:33,704 [pool-2934-thread-1] WARN  io.KeyOutputStream (ECKeyOutputStream.java:logStreamError(236)) - Failure for replica index: 3, DatanodeDetails: 641b8fbc-bfa9-429c-9615-5ec70ec9adee(fv-az570-656.srgqcr2moziuvm0qev4lajleyh.dx.internal.cloudapp.net/10.1.0.33)
java.io.IOException: Unexpected Storage Container Exception: org.apache.hadoop.hdds.scm.container.common.helpers.StorageContainerException: java.lang.NullPointerException
	at org.apache.hadoop.hdds.scm.storage.BlockOutputStream.setIoException(BlockOutputStream.java:632)
	at org.apache.hadoop.hdds.scm.storage.ECBlockOutputStream.validateResponse(ECBlockOutputStream.java:303)
	at org.apache.hadoop.hdds.scm.storage.ECBlockOutputStream.lambda$executePutBlock$1(ECBlockOutputStream.java:234)
	at java.util.concurrent.CompletableFuture.uniApply(CompletableFuture.java:616)
	at java.util.concurrent.CompletableFuture$UniApply.tryFire(CompletableFuture.java:591)
	at java.util.concurrent.CompletableFuture$Completion.run(CompletableFuture.java:456)
	at java.util.concurrent.ThreadPoolExecutor.runWorker(ThreadPoolExecutor.java:1149)
	at java.util.concurrent.ThreadPoolExecutor$Worker.run(ThreadPoolExecutor.java:624)
	at java.lang.Thread.run(Thread.java:750)
Caused by: org.apache.hadoop.hdds.scm.container.common.helpers.StorageContainerException: java.lang.NullPointerException
	at org.apache.hadoop.hdds.scm.storage.ContainerProtocolCalls.validateContainerResponse(ContainerProtocolCalls.java:718)
	at org.apache.hadoop.hdds.scm.storage.ECBlockOutputStream.validateResponse(ECBlockOutputStream.java:301)
	... 7 more
2023-04-18 11:23:33,708 [pool-2934-thread-1] WARN  io.KeyOutputStream (ECKeyOutputStream.java:logStreamError(236)) - Failure for replica index: 4, DatanodeDetails: 877e1497-37a4-42d0-b6b3-7a51d3b1fa67(fv-az570-656.srgqcr2moziuvm0qev4lajleyh.dx.internal.cloudapp.net/10.1.0.33)
java.io.IOException: Unexpected Storage Container Exception: org.apache.hadoop.hdds.scm.container.common.helpers.StorageContainerException: java.lang.NullPointerException
	at org.apache.hadoop.hdds.scm.storage.BlockOutputStream.setIoException(BlockOutputStream.java:632)
	at org.apache.hadoop.hdds.scm.storage.ECBlockOutputStream.validateResponse(ECBlockOutputStream.java:303)
	at org.apache.hadoop.hdds.scm.storage.ECBlockOutputStream.lambda$executePutBlock$1(ECBlockOutputStream.java:234)
	at java.util.concurrent.CompletableFuture.uniApply(CompletableFuture.java:616)
	at java.util.concurrent.CompletableFuture$UniApply.tryFire(CompletableFuture.java:591)
	at java.util.concurrent.CompletableFuture$Completion.run(CompletableFuture.java:456)
	at java.util.concurrent.ThreadPoolExecutor.runWorker(ThreadPoolExecutor.java:1149)
	at java.util.concurrent.ThreadPoolExecutor$Worker.run(ThreadPoolExecutor.java:624)
	at java.lang.Thread.run(Thread.java:750)
Caused by: org.apache.hadoop.hdds.scm.container.common.helpers.StorageContainerException: java.lang.NullPointerException
	at org.apache.hadoop.hdds.scm.storage.ContainerProtocolCalls.validateContainerResponse(ContainerProtocolCalls.java:718)
	at org.apache.hadoop.hdds.scm.storage.ECBlockOutputStream.validateResponse(ECBlockOutputStream.java:301)
	... 7 more
2023-04-18 11:23:33,713 [pool-2934-thread-1] WARN  io.KeyOutputStream (ECKeyOutputStream.java:logStreamError(236)) - Failure for replica index: 5, DatanodeDetails: 02ecb104-4127-42db-94b3-9d009bf64411(fv-az570-656.srgqcr2moziuvm0qev4lajleyh.dx.internal.cloudapp.net/10.1.0.33)
java.io.IOException: Unexpected Storage Container Exception: org.apache.hadoop.hdds.scm.container.common.helpers.StorageContainerException: java.lang.NullPointerException
	at org.apache.hadoop.hdds.scm.storage.BlockOutputStream.setIoException(BlockOutputStream.java:632)
	at org.apache.hadoop.hdds.scm.storage.ECBlockOutputStream.validateResponse(ECBlockOutputStream.java:303)
	at org.apache.hadoop.hdds.scm.storage.ECBlockOutputStream.lambda$executePutBlock$1(ECBlockOutputStream.java:234)
	at java.util.concurrent.CompletableFuture.uniApply(CompletableFuture.java:616)
	at java.util.concurrent.CompletableFuture$UniApply.tryFire(CompletableFuture.java:591)
	at java.util.concurrent.CompletableFuture$Completion.run(CompletableFuture.java:456)
	at java.util.concurrent.ThreadPoolExecutor.runWorker(ThreadPoolExecutor.java:1149)
	at java.util.concurrent.ThreadPoolExecutor$Worker.run(ThreadPoolExecutor.java:624)
	at java.lang.Thread.run(Thread.java:750)
Caused by: org.apache.hadoop.hdds.scm.container.common.helpers.StorageContainerException: java.lang.NullPointerException
	at org.apache.hadoop.hdds.scm.storage.ContainerProtocolCalls.validateContainerResponse(ContainerProtocolCalls.java:718)
	at org.apache.hadoop.hdds.scm.storage.ECBlockOutputStream.validateResponse(ECBlockOutputStream.java:301)
	... 7 more
2023-04-18 11:23:33,713 [EventQueue-CloseContainerForCloseContainerEventHandler] INFO  container.CloseContainerEventHandler (CloseContainerEventHandler.java:onMessage(89)) - Close container Event triggered for container : #7, current state: OPEN
2023-04-18 11:23:33,730 [Mini-Cluster-Provider-Reap] INFO  volume.HddsVolume (HddsVolume.java:closeDbStore(437)) - SchemaV3 db is stopped at /home/runner/work/ozone/ozone/hadoop-ozone/integration-test/target/test-dir/MiniOzoneClusterImpl-c674532b-0fb0-44c5-9ca4-f83b29d9fdfa/datanode-4/data-0/containers/hdds/c674532b-0fb0-44c5-9ca4-f83b29d9fdfa/DS-942d6723-e9ef-4ce3-8112-7105d6289697/container.db for volume DS-942d6723-e9ef-4ce3-8112-7105d6289697
2023-04-18 11:23:33,730 [ForkJoinPool.commonPool-worker-0] INFO  volume.HddsVolume (HddsVolume.java:closeDbStore(437)) - SchemaV3 db is stopped at /home/runner/work/ozone/ozone/hadoop-ozone/integration-test/target/test-dir/MiniOzoneClusterImpl-c674532b-0fb0-44c5-9ca4-f83b29d9fdfa/datanode-1/data-0/containers/hdds/c674532b-0fb0-44c5-9ca4-f83b29d9fdfa/DS-411432f5-8200-41c9-90db-1f929b52d302/container.db for volume DS-411432f5-8200-41c9-90db-1f929b52d302
2023-04-18 11:23:33,725 [IPC Server handler 2 on default port 35863] ERROR pipeline.WritableECContainerProvider (WritableECContainerProvider.java:getContainer(156)) - Unable to allocate a container for EC{rs-3-2-1024k} after trying all existing containers
org.apache.hadoop.hdds.scm.exceptions.SCMException: No enough datanodes to choose. TotalNode = 7 AvailableNode = 2 RequiredNode = 5 ExcludedNode = 5
	at org.apache.hadoop.hdds.scm.container.placement.algorithms.SCMContainerPlacementRackScatter.chooseDatanodesInternal(SCMContainerPlacementRackScatter.java:238)
	at org.apache.hadoop.hdds.scm.SCMCommonPlacementPolicy.chooseDatanodes(SCMCommonPlacementPolicy.java:185)
	at org.apache.hadoop.hdds.scm.SCMCommonPlacementPolicy.chooseDatanodes(SCMCommonPlacementPolicy.java:127)
	at org.apache.hadoop.hdds.scm.pipeline.ECPipelineProvider.create(ECPipelineProvider.java:82)
	at org.apache.hadoop.hdds.scm.pipeline.ECPipelineProvider.create(ECPipelineProvider.java:45)
	at org.apache.hadoop.hdds.scm.pipeline.PipelineFactory.create(PipelineFactory.java:89)
	at org.apache.hadoop.hdds.scm.pipeline.PipelineManagerImpl.createPipeline(PipelineManagerImpl.java:225)
	at org.apache.hadoop.hdds.scm.pipeline.WritableECContainerProvider.allocateContainer(WritableECContainerProvider.java:171)
	at org.apache.hadoop.hdds.scm.pipeline.WritableECContainerProvider.getContainer(WritableECContainerProvider.java:153)
	at org.apache.hadoop.hdds.scm.pipeline.WritableECContainerProvider.getContainer(WritableECContainerProvider.java:52)
	at org.apache.hadoop.hdds.scm.pipeline.WritableContainerFactory.getContainer(WritableContainerFactory.java:60)
	at org.apache.hadoop.hdds.scm.block.BlockManagerImpl.allocateBlock(BlockManagerImpl.java:166)
	at org.apache.hadoop.hdds.scm.server.SCMBlockProtocolServer.allocateBlock(SCMBlockProtocolServer.java:194)
	at org.apache.hadoop.hdds.scm.protocol.ScmBlockLocationProtocolServerSideTranslatorPB.allocateScmBlock(ScmBlockLocationProtocolServerSideTranslatorPB.java:192)
	at org.apache.hadoop.hdds.scm.protocol.ScmBlockLocationProtocolServerSideTranslatorPB.processMessage(ScmBlockLocationProtocolServerSideTranslatorPB.java:142)
	at org.apache.hadoop.hdds.server.OzoneProtocolMessageDispatcher.processRequest(OzoneProtocolMessageDispatcher.java:87)
	at org.apache.hadoop.hdds.scm.protocol.ScmBlockLocationProtocolServerSideTranslatorPB.send(ScmBlockLocationProtocolServerSideTranslatorPB.java:113)
	at org.apache.hadoop.hdds.protocol.proto.ScmBlockLocationProtocolProtos$ScmBlockLocationProtocolService$2.callBlockingMethod(ScmBlockLocationProtocolProtos.java:14220)
	at org.apache.hadoop.ipc.ProtobufRpcEngine$Server.processCall(ProtobufRpcEngine.java:484)
	at org.apache.hadoop.ipc.ProtobufRpcEngine2$Server$ProtoBufRpcInvoker.call(ProtobufRpcEngine2.java:595)
	at org.apache.hadoop.ipc.ProtobufRpcEngine2$Server$ProtoBufRpcInvoker.call(ProtobufRpcEngine2.java:573)
	at org.apache.hadoop.ipc.RPC$Server.call(RPC.java:1213)
	at org.apache.hadoop.ipc.Server$RpcCall.run(Server.java:1089)
	at org.apache.hadoop.ipc.Server$RpcCall.run(Server.java:1012)
	at java.security.AccessController.doPrivileged(Native Method)
	at javax.security.auth.Subject.doAs(Subject.java:422)
	at org.apache.hadoop.security.UserGroupInformation.doAs(UserGroupInformation.java:1899)
	at org.apache.hadoop.ipc.Server$Handler.run(Server.java:3026)
11:23:33.735 [IPC Server handler 2 on default port 35863] ERROR SCMAudit - user=runner | ip=10.1.0.33 | op=ALLOCATE_BLOCK {replication=EC{rs-3-2-1024k}, owner=om1, size=4194304, num=1} | ret=FAILURE
org.apache.hadoop.hdds.scm.exceptions.SCMException: No enough datanodes to choose. TotalNode = 7 AvailableNode = 2 RequiredNode = 5 ExcludedNode = 5
	at org.apache.hadoop.hdds.scm.container.placement.algorithms.SCMContainerPlacementRackScatter.chooseDatanodesInternal(SCMContainerPlacementRackScatter.java:238) ~[hdds-server-scm-1.4.0-SNAPSHOT.jar:?]
	at org.apache.hadoop.hdds.scm.SCMCommonPlacementPolicy.chooseDatanodes(SCMCommonPlacementPolicy.java:185) ~[hdds-server-scm-1.4.0-SNAPSHOT.jar:?]
	at org.apache.hadoop.hdds.scm.SCMCommonPlacementPolicy.chooseDatanodes(SCMCommonPlacementPolicy.java:127) ~[hdds-server-scm-1.4.0-SNAPSHOT.jar:?]
	at org.apache.hadoop.hdds.scm.pipeline.ECPipelineProvider.create(ECPipelineProvider.java:82) ~[hdds-server-scm-1.4.0-SNAPSHOT.jar:?]
	at org.apache.hadoop.hdds.scm.pipeline.ECPipelineProvider.create(ECPipelineProvider.java:45) ~[hdds-server-scm-1.4.0-SNAPSHOT.jar:?]
	at org.apache.hadoop.hdds.scm.pipeline.PipelineFactory.create(PipelineFactory.java:89) ~[hdds-server-scm-1.4.0-SNAPSHOT.jar:?]
	at org.apache.hadoop.hdds.scm.pipeline.PipelineManagerImpl.createPipeline(PipelineManagerImpl.java:225) ~[hdds-server-scm-1.4.0-SNAPSHOT.jar:?]
	at org.apache.hadoop.hdds.scm.pipeline.WritableECContainerProvider.allocateContainer(WritableECContainerProvider.java:171) ~[hdds-server-scm-1.4.0-SNAPSHOT.jar:?]
	at org.apache.hadoop.hdds.scm.pipeline.WritableECContainerProvider.getContainer(WritableECContainerProvider.java:153) ~[hdds-server-scm-1.4.0-SNAPSHOT.jar:?]
	at org.apache.hadoop.hdds.scm.pipeline.WritableECContainerProvider.getContainer(WritableECContainerProvider.java:52) ~[hdds-server-scm-1.4.0-SNAPSHOT.jar:?]
	at org.apache.hadoop.hdds.scm.pipeline.WritableContainerFactory.getContainer(WritableContainerFactory.java:60) ~[hdds-server-scm-1.4.0-SNAPSHOT.jar:?]
	at org.apache.hadoop.hdds.scm.block.BlockManagerImpl.allocateBlock(BlockManagerImpl.java:166) ~[hdds-server-scm-1.4.0-SNAPSHOT.jar:?]
	at org.apache.hadoop.hdds.scm.server.SCMBlockProtocolServer.allocateBlock(SCMBlockProtocolServer.java:194) ~[hdds-server-scm-1.4.0-SNAPSHOT.jar:?]
	at org.apache.hadoop.hdds.scm.protocol.ScmBlockLocationProtocolServerSideTranslatorPB.allocateScmBlock(ScmBlockLocationProtocolServerSideTranslatorPB.java:192) ~[hdds-server-scm-1.4.0-SNAPSHOT.jar:?]
	at org.apache.hadoop.hdds.scm.protocol.ScmBlockLocationProtocolServerSideTranslatorPB.processMessage(ScmBlockLocationProtocolServerSideTranslatorPB.java:142) ~[hdds-server-scm-1.4.0-SNAPSHOT.jar:?]
	at org.apache.hadoop.hdds.server.OzoneProtocolMessageDispatcher.processRequest(OzoneProtocolMessageDispatcher.java:87) [hdds-server-framework-1.4.0-SNAPSHOT.jar:?]
	at org.apache.hadoop.hdds.scm.protocol.ScmBlockLocationProtocolServerSideTranslatorPB.send(ScmBlockLocationProtocolServerSideTranslatorPB.java:113) [hdds-server-scm-1.4.0-SNAPSHOT.jar:?]
	at org.apache.hadoop.hdds.protocol.proto.ScmBlockLocationProtocolProtos$ScmBlockLocationProtocolService$2.callBlockingMethod(ScmBlockLocationProtocolProtos.java:14220) [hdds-interface-server-1.4.0-SNAPSHOT.jar:?]
	at org.apache.hadoop.ipc.ProtobufRpcEngine$Server.processCall(ProtobufRpcEngine.java:484) [hadoop-common-3.3.5.jar:?]
	at org.apache.hadoop.ipc.ProtobufRpcEngine2$Server$ProtoBufRpcInvoker.call(ProtobufRpcEngine2.java:595) [hadoop-common-3.3.5.jar:?]
	at org.apache.hadoop.ipc.ProtobufRpcEngine2$Server$ProtoBufRpcInvoker.call(ProtobufRpcEngine2.java:573) [hadoop-common-3.3.5.jar:?]
	at org.apache.hadoop.ipc.RPC$Server.call(RPC.java:1213) [hadoop-common-3.3.5.jar:?]
	at org.apache.hadoop.ipc.Server$RpcCall.run(Server.java:1089) [hadoop-common-3.3.5.jar:?]
	at org.apache.hadoop.ipc.Server$RpcCall.run(Server.java:1012) [hadoop-common-3.3.5.jar:?]
	at java.security.AccessController.doPrivileged(Native Method) ~[?:1.8.0_362]
	at javax.security.auth.Subject.doAs(Subject.java:422) [?:1.8.0_362]
	at org.apache.hadoop.security.UserGroupInformation.doAs(UserGroupInformation.java:1899) [hadoop-common-3.3.5.jar:?]
	at org.apache.hadoop.ipc.Server$Handler.run(Server.java:3026) [hadoop-common-3.3.5.jar:?]
2023-04-18 11:23:33,734 [ForkJoinPool.commonPool-worker-0] INFO  utils.BackgroundService (BackgroundService.java:shutdown(141)) - Shutting down service BlockDeletingService
2023-04-18 11:23:33,732 [Mini-Cluster-Provider-Reap] INFO  utils.BackgroundService (BackgroundService.java:shutdown(141)) - Shutting down service BlockDeletingService
2023-04-18 11:23:33,738 [ForkJoinPool.commonPool-worker-0] INFO  utils.BackgroundService (BackgroundService.java:shutdown(141)) - Shutting down service StaleRecoveringContainerScrubbingService
2023-04-18 11:23:33,739 [EventQueue-CloseContainerForCloseContainerEventHandler] INFO  container.CloseContainerEventHandler (CloseContainerEventHandler.java:onMessage(89)) - Close container Event triggered for container : #7, current state: CLOSING
2023-04-18 11:23:33,739 [Mini-Cluster-Provider-Reap] INFO  utils.BackgroundService (BackgroundService.java:shutdown(141)) - Shutting down service StaleRecoveringContainerScrubbingService
2023-04-18 11:23:33,747 [Mini-Cluster-Provider-Reap] INFO  statemachine.DatanodeStateMachine (DatanodeStateMachine.java:stopDaemon(601)) - Ozone container server stopped.
2023-04-18 11:23:33,754 [EventQueue-StaleNodeForStaleNodeHandler] INFO  node.StaleNodeHandler (StaleNodeHandler.java:onMessage(59)) - Datanode d29cf1bc-5782-45dc-8231-48e078d91de3(fv-az570-656.srgqcr2moziuvm0qev4lajleyh.dx.internal.cloudapp.net/10.1.0.33) moved to stale state. Finalizing its pipelines []
2023-04-18 11:23:33,760 [ForkJoinPool.commonPool-worker-0] INFO  statemachine.DatanodeStateMachine (DatanodeStateMachine.java:stopDaemon(601)) - Ozone container server stopped.
2023-04-18 11:23:33,774 [EventQueue-CloseContainerForCloseContainerEventHandler] INFO  container.CloseContainerEventHandler (CloseContainerEventHandler.java:onMessage(89)) - Close container Event triggered for container : #7, current state: CLOSING
2023-04-18 11:23:33,774 [EventQueue-CloseContainerForCloseContainerEventHandler] INFO  container.CloseContainerEventHandler (CloseContainerEventHandler.java:onMessage(89)) - Close container Event triggered for container : #7, current state: CLOSING
2023-04-18 11:23:33,805 [ForkJoinPool.commonPool-worker-0] INFO  handler.ContextHandler (ContextHandler.java:doStop(1159)) - Stopped o.e.j.w.WebAppContext@52e4637a{hddsDatanode,/,null,STOPPED}{jar:file:/home/runner/.m2/repository/org/apache/ozone/hdds-container-service/1.4.0-SNAPSHOT/hdds-container-service-1.4.0-SNAPSHOT.jar!/webapps/hddsDatanode}
2023-04-18 11:23:33,807 [Mini-Cluster-Provider-Reap] INFO  handler.ContextHandler (ContextHandler.java:doStop(1159)) - Stopped o.e.j.w.WebAppContext@77d49fd1{hddsDatanode,/,null,STOPPED}{jar:file:/home/runner/.m2/repository/org/apache/ozone/hdds-container-service/1.4.0-SNAPSHOT/hdds-container-service-1.4.0-SNAPSHOT.jar!/webapps/hddsDatanode}
2023-04-18 11:23:33,808 [ForkJoinPool.commonPool-worker-0] INFO  server.AbstractConnector (AbstractConnector.java:doStop(383)) - Stopped ServerConnector@18a1436e{HTTP/1.1, (http/1.1)}{0.0.0.0:0}
2023-04-18 11:23:33,808 [ForkJoinPool.commonPool-worker-0] INFO  server.session (HouseKeeper.java:stopScavenging(149)) - node0 Stopped scavenging
2023-04-18 11:23:33,809 [ForkJoinPool.commonPool-worker-0] INFO  handler.ContextHandler (ContextHandler.java:doStop(1159)) - Stopped o.e.j.s.ServletContextHandler@46f1a1f9{static,/static,jar:file:/home/runner/.m2/repository/org/apache/ozone/hdds-container-service/1.4.0-SNAPSHOT/hdds-container-service-1.4.0-SNAPSHOT.jar!/webapps/static,STOPPED}
2023-04-18 11:23:33,809 [ForkJoinPool.commonPool-worker-0] INFO  handler.ContextHandler (ContextHandler.java:doStop(1159)) - Stopped o.e.j.s.ServletContextHandler@393c3abc{logs,/logs,file:///home/runner/work/ozone/ozone/hadoop-ozone/integration-test/target/log,STOPPED}
2023-04-18 11:23:33,809 [Mini-Cluster-Provider-Reap] INFO  server.AbstractConnector (AbstractConnector.java:doStop(383)) - Stopped ServerConnector@285f9de2{HTTP/1.1, (http/1.1)}{0.0.0.0:0}
2023-04-18 11:23:33,809 [Mini-Cluster-Provider-Reap] INFO  server.session (HouseKeeper.java:stopScavenging(149)) - node0 Stopped scavenging
2023-04-18 11:23:33,809 [Mini-Cluster-Provider-Reap] INFO  handler.ContextHandler (ContextHandler.java:doStop(1159)) - Stopped o.e.j.s.ServletContextHandler@3b28923e{static,/static,jar:file:/home/runner/.m2/repository/org/apache/ozone/hdds-container-service/1.4.0-SNAPSHOT/hdds-container-service-1.4.0-SNAPSHOT.jar!/webapps/static,STOPPED}
2023-04-18 11:23:33,809 [Mini-Cluster-Provider-Reap] INFO  handler.ContextHandler (ContextHandler.java:doStop(1159)) - Stopped o.e.j.s.ServletContextHandler@580b83b2{logs,/logs,file:///home/runner/work/ozone/ozone/hadoop-ozone/integration-test/target/log,STOPPED}
2023-04-18 11:23:33,812 [IPC Server handler 17 on default port 40037] INFO  node.SCMNodeManager (SCMNodeManager.java:updateDatanodeOpState(565)) - Scheduling a command to update the operationalState persisted on 25ab3c9d-408c-4dfb-baa2-f704c3ffaf7a(fv-az570-656.srgqcr2moziuvm0qev4lajleyh.dx.internal.cloudapp.net/10.1.0.33) as the reported value (ENTERING_MAINTENANCE, 0) does not match the value stored in SCM (IN_MAINTENANCE, 0)
2023-04-18 11:23:33,827 [Mini-Cluster-Provider-Reap] INFO  ozoneimpl.OzoneContainer (OzoneContainer.java:stop(419)) - Attempting to stop container services.
2023-04-18 11:23:33,829 [ForkJoinPool.commonPool-worker-0] INFO  ozoneimpl.OzoneContainer (OzoneContainer.java:stop(419)) - Attempting to stop container services.
2023-04-18 11:23:33,834 [Mini-Cluster-Provider-Reap] INFO  server.RaftServer (RaftServerProxy.java:lambda$close$6(409)) - 25ab3c9d-408c-4dfb-baa2-f704c3ffaf7a: close
2023-04-18 11:23:33,834 [Mini-Cluster-Provider-Reap] INFO  server.GrpcService (GrpcService.java:closeImpl(271)) - 25ab3c9d-408c-4dfb-baa2-f704c3ffaf7a: shutdown server GrpcServerProtocolService now
2023-04-18 11:23:33,834 [ForkJoinPool.commonPool-worker-0] INFO  server.RaftServer (RaftServerProxy.java:lambda$close$6(409)) - e6be4ec7-b562-4524-91fe-d1f531929af7: close
2023-04-18 11:23:33,835 [e6be4ec7-b562-4524-91fe-d1f531929af7-impl-thread1] INFO  server.RaftServer$Division (RaftServerImpl.java:lambda$close$4(458)) - e6be4ec7-b562-4524-91fe-d1f531929af7@group-9B9164D39EC4: shutdown
2023-04-18 11:23:33,835 [e6be4ec7-b562-4524-91fe-d1f531929af7-impl-thread1] INFO  util.JmxRegister (JmxRegister.java:unregister(73)) - Successfully un-registered JMX Bean with object name Ratis:service=RaftServer,group=group-9B9164D39EC4,id=e6be4ec7-b562-4524-91fe-d1f531929af7
2023-04-18 11:23:33,835 [e6be4ec7-b562-4524-91fe-d1f531929af7-impl-thread1] INFO  impl.RoleInfo (RoleInfo.java:shutdownLeaderState(93)) - e6be4ec7-b562-4524-91fe-d1f531929af7: shutdown e6be4ec7-b562-4524-91fe-d1f531929af7@group-9B9164D39EC4-LeaderStateImpl
2023-04-18 11:23:33,835 [e6be4ec7-b562-4524-91fe-d1f531929af7-impl-thread1] INFO  impl.PendingRequests (PendingRequests.java:sendNotLeaderResponses(282)) - e6be4ec7-b562-4524-91fe-d1f531929af7@group-9B9164D39EC4-PendingRequests: sendNotLeaderResponses
2023-04-18 11:23:33,836 [e6be4ec7-b562-4524-91fe-d1f531929af7-impl-thread1] INFO  impl.StateMachineUpdater (StateMachineUpdater.java:stopAndJoin(153)) - e6be4ec7-b562-4524-91fe-d1f531929af7@group-9B9164D39EC4-StateMachineUpdater: set stopIndex = 0
2023-04-18 11:23:33,835 [Mini-Cluster-Provider-Reap] INFO  server.GrpcServerProtocolClient (GrpcServerProtocolClient.java:close(101)) - 6c0d7044-2984-4cca-b42a-e82b57a66b44 Close channels
2023-04-18 11:23:33,836 [e6be4ec7-b562-4524-91fe-d1f531929af7@group-9B9164D39EC4-StateMachineUpdater] INFO  ratis.ContainerStateMachine (ContainerStateMachine.java:takeSnapshot(330)) - group-9B9164D39EC4: Taking a snapshot at:(t:1, i:0) file /home/runner/work/ozone/ozone/hadoop-ozone/integration-test/target/test-dir/MiniOzoneClusterImpl-c674532b-0fb0-44c5-9ca4-f83b29d9fdfa/datanode-2/data/ratis/b7a64cf3-5d07-4011-a992-9b9164d39ec4/sm/snapshot.1_0
2023-04-18 11:23:33,838 [Mini-Cluster-Provider-Reap] INFO  server.GrpcServerProtocolClient (GrpcServerProtocolClient.java:close(101)) - d29cf1bc-5782-45dc-8231-48e078d91de3 Close channels
2023-04-18 11:23:33,839 [e6be4ec7-b562-4524-91fe-d1f531929af7@group-9B9164D39EC4-StateMachineUpdater] INFO  ratis.ContainerStateMachine (ContainerStateMachine.java:takeSnapshot(341)) - group-9B9164D39EC4: Finished taking a snapshot at:(t:1, i:0) file:/home/runner/work/ozone/ozone/hadoop-ozone/integration-test/target/test-dir/MiniOzoneClusterImpl-c674532b-0fb0-44c5-9ca4-f83b29d9fdfa/datanode-2/data/ratis/b7a64cf3-5d07-4011-a992-9b9164d39ec4/sm/snapshot.1_0 took: 3 ms
2023-04-18 11:23:33,839 [e6be4ec7-b562-4524-91fe-d1f531929af7@group-9B9164D39EC4-StateMachineUpdater] INFO  impl.StateMachineUpdater (StateMachineUpdater.java:takeSnapshot(287)) - e6be4ec7-b562-4524-91fe-d1f531929af7@group-9B9164D39EC4-StateMachineUpdater: Took a snapshot at index 0
2023-04-18 11:23:33,840 [e6be4ec7-b562-4524-91fe-d1f531929af7@group-9B9164D39EC4-StateMachineUpdater] INFO  impl.StateMachineUpdater (StateMachineUpdater.java:lambda$new$0(92)) - e6be4ec7-b562-4524-91fe-d1f531929af7@group-9B9164D39EC4-StateMachineUpdater: snapshotIndex: updateIncreasingly -1 -> 0
2023-04-18 11:23:33,840 [e6be4ec7-b562-4524-91fe-d1f531929af7-impl-thread1] INFO  server.RaftServer$Division (ServerState.java:close(466)) - e6be4ec7-b562-4524-91fe-d1f531929af7@group-9B9164D39EC4: closes. applyIndex: 0
2023-04-18 11:23:33,840 [ForkJoinPool.commonPool-worker-0] INFO  server.GrpcService (GrpcService.java:closeImpl(271)) - e6be4ec7-b562-4524-91fe-d1f531929af7: shutdown server GrpcServerProtocolService now
2023-04-18 11:23:33,848 [e6be4ec7-b562-4524-91fe-d1f531929af7-impl-thread2] INFO  server.RaftServer$Division (RaftServerImpl.java:lambda$close$4(458)) - e6be4ec7-b562-4524-91fe-d1f531929af7@group-E407AC370F94: shutdown
2023-04-18 11:23:33,848 [e6be4ec7-b562-4524-91fe-d1f531929af7-impl-thread2] INFO  util.JmxRegister (JmxRegister.java:unregister(73)) - Successfully un-registered JMX Bean with object name Ratis:service=RaftServer,group=group-E407AC370F94,id=e6be4ec7-b562-4524-91fe-d1f531929af7
2023-04-18 11:23:33,848 [e6be4ec7-b562-4524-91fe-d1f531929af7-impl-thread2] INFO  impl.RoleInfo (RoleInfo.java:shutdownLeaderState(93)) - e6be4ec7-b562-4524-91fe-d1f531929af7: shutdown e6be4ec7-b562-4524-91fe-d1f531929af7@group-E407AC370F94-LeaderStateImpl
2023-04-18 11:23:33,848 [e6be4ec7-b562-4524-91fe-d1f531929af7@group-E407AC370F94->2ce6929e-c015-4c0d-a0e6-4530a7963149-GrpcLogAppender-LogAppenderDaemon] WARN  server.GrpcLogAppender (GrpcLogAppender.java:mayWait(200)) - e6be4ec7-b562-4524-91fe-d1f531929af7@group-E407AC370F94->2ce6929e-c015-4c0d-a0e6-4530a7963149-GrpcLogAppender: Wait interrupted by java.lang.InterruptedException
2023-04-18 11:23:33,846 [grpc-default-executor-1] WARN  server.GrpcLogAppender (LogUtils.java:warn(122)) - e6be4ec7-b562-4524-91fe-d1f531929af7@group-E407AC370F94->c4328530-2228-4a35-bb1e-31d75e23fd37-AppendLogResponseHandler: Failed appendEntries: org.apache.ratis.thirdparty.io.grpc.StatusRuntimeException: UNAVAILABLE: io exception
2023-04-18 11:23:33,848 [e6be4ec7-b562-4524-91fe-d1f531929af7@group-E407AC370F94->c4328530-2228-4a35-bb1e-31d75e23fd37-GrpcLogAppender-LogAppenderDaemon] WARN  server.GrpcLogAppender (GrpcLogAppender.java:mayWait(200)) - e6be4ec7-b562-4524-91fe-d1f531929af7@group-E407AC370F94->c4328530-2228-4a35-bb1e-31d75e23fd37-GrpcLogAppender: Wait interrupted by java.lang.InterruptedException
2023-04-18 11:23:33,849 [grpc-default-executor-1] INFO  leader.FollowerInfo (FollowerInfoImpl.java:lambda$new$0(48)) - e6be4ec7-b562-4524-91fe-d1f531929af7@group-E407AC370F94->c4328530-2228-4a35-bb1e-31d75e23fd37: nextIndex: updateUnconditionally 34 -> 33
2023-04-18 11:23:33,846 [grpc-default-executor-5] WARN  server.GrpcLogAppender (LogUtils.java:warn(122)) - e6be4ec7-b562-4524-91fe-d1f531929af7@group-E407AC370F94->c4328530-2228-4a35-bb1e-31d75e23fd37-AppendLogResponseHandler: Failed appendEntries: org.apache.ratis.thirdparty.io.grpc.StatusRuntimeException: UNAVAILABLE: io exception
2023-04-18 11:23:33,850 [grpc-default-executor-6] INFO  server.GrpcServerProtocolService (GrpcServerProtocolService.java:onCompleted(143)) - 2ce6929e-c015-4c0d-a0e6-4530a7963149: Completed APPEND_ENTRIES, lastRequest: e6be4ec7-b562-4524-91fe-d1f531929af7->2ce6929e-c015-4c0d-a0e6-4530a7963149#376-t1,previous=(t:1, i:38),leaderCommit=38,initializing? true,entries: size=1, first=(t:1, i:39), METADATAENTRY(c:38)
2023-04-18 11:23:33,850 [grpc-default-executor-5] INFO  leader.FollowerInfo (FollowerInfoImpl.java:lambda$new$0(48)) - e6be4ec7-b562-4524-91fe-d1f531929af7@group-E407AC370F94->c4328530-2228-4a35-bb1e-31d75e23fd37: nextIndex: updateUnconditionally 33 -> 32
2023-04-18 11:23:33,845 [Mini-Cluster-Provider-Reap] INFO  server.GrpcService (GrpcService.java:closeImpl(280)) - 25ab3c9d-408c-4dfb-baa2-f704c3ffaf7a: shutdown server GrpcServerProtocolService successfully
2023-04-18 11:23:33,844 [e6be4ec7-b562-4524-91fe-d1f531929af7@group-9B9164D39EC4-SegmentedRaftLogWorker] INFO  segmented.SegmentedRaftLogWorker (SegmentedRaftLogWorker.java:run(347)) - e6be4ec7-b562-4524-91fe-d1f531929af7@group-9B9164D39EC4-SegmentedRaftLogWorker was interrupted, exiting. There are 0 tasks remaining in the queue.
2023-04-18 11:23:33,850 [e6be4ec7-b562-4524-91fe-d1f531929af7-impl-thread1] INFO  segmented.SegmentedRaftLogWorker (SegmentedRaftLogWorker.java:close(257)) - e6be4ec7-b562-4524-91fe-d1f531929af7@group-9B9164D39EC4-SegmentedRaftLogWorker close()
2023-04-18 11:23:33,851 [ForkJoinPool.commonPool-worker-0] INFO  server.GrpcServerProtocolClient (GrpcServerProtocolClient.java:close(101)) - 2ce6929e-c015-4c0d-a0e6-4530a7963149 Close channels
2023-04-18 11:23:33,848 [e6be4ec7-b562-4524-91fe-d1f531929af7-impl-thread2] INFO  impl.PendingRequests (PendingRequests.java:sendNotLeaderResponses(282)) - e6be4ec7-b562-4524-91fe-d1f531929af7@group-E407AC370F94-PendingRequests: sendNotLeaderResponses
2023-04-18 11:23:33,851 [25ab3c9d-408c-4dfb-baa2-f704c3ffaf7a-NettyServerStreamRpc-bossGroup--thread1] INFO  logging.LoggingHandler (AbstractInternalLogger.java:log(148)) - [id: 0x0e77a87a, L:/0:0:0:0:0:0:0:0:35185] CLOSE
2023-04-18 11:23:33,851 [grpc-default-executor-5] INFO  server.GrpcLogAppender (GrpcLogAppender.java:onCompleted(415)) - e6be4ec7-b562-4524-91fe-d1f531929af7@group-E407AC370F94->2ce6929e-c015-4c0d-a0e6-4530a7963149-AppendLogResponseHandler: follower responses appendEntries COMPLETED
2023-04-18 11:23:33,852 [25ab3c9d-408c-4dfb-baa2-f704c3ffaf7a-NettyServerStreamRpc-bossGroup--thread1] INFO  logging.LoggingHandler (AbstractInternalLogger.java:log(148)) - [id: 0x0e77a87a, L:/0:0:0:0:0:0:0:0:35185] INACTIVE
2023-04-18 11:23:33,852 [25ab3c9d-408c-4dfb-baa2-f704c3ffaf7a-NettyServerStreamRpc-bossGroup--thread1] INFO  logging.LoggingHandler (AbstractInternalLogger.java:log(148)) - [id: 0x0e77a87a, L:/0:0:0:0:0:0:0:0:35185] UNREGISTERED
2023-04-18 11:23:33,852 [grpc-default-executor-1] INFO  server.GrpcServerProtocolService (GrpcServerProtocolService.java:onCompleted(143)) - 2ce6929e-c015-4c0d-a0e6-4530a7963149: Completed APPEND_ENTRIES, lastRequest: null
2023-04-18 11:23:33,853 [grpc-default-executor-6] INFO  server.GrpcLogAppender (GrpcLogAppender.java:onCompleted(415)) - e6be4ec7-b562-4524-91fe-d1f531929af7@group-E407AC370F94->2ce6929e-c015-4c0d-a0e6-4530a7963149-AppendLogResponseHandler: follower responses appendEntries COMPLETED
2023-04-18 11:23:33,854 [ForkJoinPool.commonPool-worker-0] INFO  server.GrpcServerProtocolClient (GrpcServerProtocolClient.java:close(101)) - c4328530-2228-4a35-bb1e-31d75e23fd37 Close channels
2023-04-18 11:23:33,869 [ForkJoinPool.commonPool-worker-0] INFO  server.GrpcService (GrpcService.java:closeImpl(280)) - e6be4ec7-b562-4524-91fe-d1f531929af7: shutdown server GrpcServerProtocolService successfully
2023-04-18 11:23:33,870 [e6be4ec7-b562-4524-91fe-d1f531929af7-impl-thread2] INFO  impl.StateMachineUpdater (StateMachineUpdater.java:stopAndJoin(153)) - e6be4ec7-b562-4524-91fe-d1f531929af7@group-E407AC370F94-StateMachineUpdater: set stopIndex = 39
2023-04-18 11:23:33,870 [e6be4ec7-b562-4524-91fe-d1f531929af7@group-E407AC370F94-StateMachineUpdater] INFO  ratis.ContainerStateMachine (ContainerStateMachine.java:takeSnapshot(330)) - group-E407AC370F94: Taking a snapshot at:(t:1, i:39) file /home/runner/work/ozone/ozone/hadoop-ozone/integration-test/target/test-dir/MiniOzoneClusterImpl-c674532b-0fb0-44c5-9ca4-f83b29d9fdfa/datanode-2/data/ratis/c66c9313-e36c-459c-ac27-e407ac370f94/sm/snapshot.1_39
2023-04-18 11:23:33,870 [grpc-default-executor-6] WARN  server.GrpcLogAppender (GrpcLogAppender.java:resetClient(137)) - e6be4ec7-b562-4524-91fe-d1f531929af7@group-E407AC370F94->2ce6929e-c015-4c0d-a0e6-4530a7963149-GrpcLogAppender: Failed to getClient for 2ce6929e-c015-4c0d-a0e6-4530a7963149
org.apache.ratis.protocol.exceptions.AlreadyClosedException: e6be4ec7-b562-4524-91fe-d1f531929af7 is already CLOSED
	at org.apache.ratis.util.PeerProxyMap$PeerAndProxy.getProxy(PeerProxyMap.java:61)
	at org.apache.ratis.util.PeerProxyMap.getProxy(PeerProxyMap.java:115)
	at org.apache.ratis.grpc.server.GrpcLogAppender.getClient(GrpcLogAppender.java:116)
	at org.apache.ratis.grpc.server.GrpcLogAppender.resetClient(GrpcLogAppender.java:121)
	at org.apache.ratis.grpc.server.GrpcLogAppender.access$500(GrpcLogAppender.java:58)
	at org.apache.ratis.grpc.server.GrpcLogAppender$AppendLogResponseHandler.onCompleted(GrpcLogAppender.java:416)
	at org.apache.ratis.thirdparty.io.grpc.stub.ClientCalls$StreamObserverToCallListenerAdapter.onClose(ClientCalls.java:485)
	at org.apache.ratis.thirdparty.io.grpc.internal.DelayedClientCall$DelayedListener$3.run(DelayedClientCall.java:468)
	at org.apache.ratis.thirdparty.io.grpc.internal.DelayedClientCall$DelayedListener.delayOrExecute(DelayedClientCall.java:432)
	at org.apache.ratis.thirdparty.io.grpc.internal.DelayedClientCall$DelayedListener.onClose(DelayedClientCall.java:465)
	at org.apache.ratis.thirdparty.io.grpc.internal.ClientCallImpl.closeObserver(ClientCallImpl.java:562)
	at org.apache.ratis.thirdparty.io.grpc.internal.ClientCallImpl.access$300(ClientCallImpl.java:70)
	at org.apache.ratis.thirdparty.io.grpc.internal.ClientCallImpl$ClientStreamListenerImpl$1StreamClosed.runInternal(ClientCallImpl.java:743)
	at org.apache.ratis.thirdparty.io.grpc.internal.ClientCallImpl$ClientStreamListenerImpl$1StreamClosed.runInContext(ClientCallImpl.java:722)
	at org.apache.ratis.thirdparty.io.grpc.internal.ContextRunnable.run(ContextRunnable.java:37)
	at org.apache.ratis.thirdparty.io.grpc.internal.SerializingExecutor.run(SerializingExecutor.java:133)
	at java.util.concurrent.ThreadPoolExecutor.runWorker(ThreadPoolExecutor.java:1149)
	at java.util.concurrent.ThreadPoolExecutor$Worker.run(ThreadPoolExecutor.java:624)
	at java.lang.Thread.run(Thread.java:750)
2023-04-18 11:23:33,870 [grpc-default-executor-5] WARN  server.GrpcLogAppender (GrpcLogAppender.java:resetClient(137)) - e6be4ec7-b562-4524-91fe-d1f531929af7@group-E407AC370F94->2ce6929e-c015-4c0d-a0e6-4530a7963149-GrpcLogAppender: Failed to getClient for 2ce6929e-c015-4c0d-a0e6-4530a7963149
org.apache.ratis.protocol.exceptions.AlreadyClosedException: e6be4ec7-b562-4524-91fe-d1f531929af7 is already CLOSED
	at org.apache.ratis.util.PeerProxyMap$PeerAndProxy.getProxy(PeerProxyMap.java:61)
	at org.apache.ratis.util.PeerProxyMap.getProxy(PeerProxyMap.java:115)
	at org.apache.ratis.grpc.server.GrpcLogAppender.getClient(GrpcLogAppender.java:116)
	at org.apache.ratis.grpc.server.GrpcLogAppender.resetClient(GrpcLogAppender.java:121)
	at org.apache.ratis.grpc.server.GrpcLogAppender.access$500(GrpcLogAppender.java:58)
	at org.apache.ratis.grpc.server.GrpcLogAppender$AppendLogResponseHandler.onCompleted(GrpcLogAppender.java:416)
	at org.apache.ratis.thirdparty.io.grpc.stub.ClientCalls$StreamObserverToCallListenerAdapter.onClose(ClientCalls.java:485)
	at org.apache.ratis.thirdparty.io.grpc.internal.ClientCallImpl.closeObserver(ClientCallImpl.java:562)
	at org.apache.ratis.thirdparty.io.grpc.internal.ClientCallImpl.access$300(ClientCallImpl.java:70)
	at org.apache.ratis.thirdparty.io.grpc.internal.ClientCallImpl$ClientStreamListenerImpl$1StreamClosed.runInternal(ClientCallImpl.java:743)
	at org.apache.ratis.thirdparty.io.grpc.internal.ClientCallImpl$ClientStreamListenerImpl$1StreamClosed.runInContext(ClientCallImpl.java:722)
	at org.apache.ratis.thirdparty.io.grpc.internal.ContextRunnable.run(ContextRunnable.java:37)
	at org.apache.ratis.thirdparty.io.grpc.internal.SerializingExecutor.run(SerializingExecutor.java:133)
	at java.util.concurrent.ThreadPoolExecutor.runWorker(ThreadPoolExecutor.java:1149)
	at java.util.concurrent.ThreadPoolExecutor$Worker.run(ThreadPoolExecutor.java:624)
	at java.lang.Thread.run(Thread.java:750)
2023-04-18 11:23:33,872 [e6be4ec7-b562-4524-91fe-d1f531929af7@group-E407AC370F94-StateMachineUpdater] INFO  ratis.ContainerStateMachine (ContainerStateMachine.java:takeSnapshot(341)) - group-E407AC370F94: Finished taking a snapshot at:(t:1, i:39) file:/home/runner/work/ozone/ozone/hadoop-ozone/integration-test/target/test-dir/MiniOzoneClusterImpl-c674532b-0fb0-44c5-9ca4-f83b29d9fdfa/datanode-2/data/ratis/c66c9313-e36c-459c-ac27-e407ac370f94/sm/snapshot.1_39 took: 2 ms
2023-04-18 11:23:33,873 [e6be4ec7-b562-4524-91fe-d1f531929af7@group-E407AC370F94-StateMachineUpdater] INFO  impl.StateMachineUpdater (StateMachineUpdater.java:takeSnapshot(287)) - e6be4ec7-b562-4524-91fe-d1f531929af7@group-E407AC370F94-StateMachineUpdater: Took a snapshot at index 39
2023-04-18 11:23:33,873 [e6be4ec7-b562-4524-91fe-d1f531929af7@group-E407AC370F94-StateMachineUpdater] INFO  impl.StateMachineUpdater (StateMachineUpdater.java:lambda$new$0(92)) - e6be4ec7-b562-4524-91fe-d1f531929af7@group-E407AC370F94-StateMachineUpdater: snapshotIndex: updateIncreasingly -1 -> 39
2023-04-18 11:23:33,874 [JvmPauseMonitor45] INFO  util.JvmPauseMonitor (JvmPauseMonitor.java:run(111)) - JvmPauseMonitor-25ab3c9d-408c-4dfb-baa2-f704c3ffaf7a: Stopped
2023-04-18 11:23:33,878 [e6be4ec7-b562-4524-91fe-d1f531929af7-impl-thread2] INFO  server.RaftServer$Division (ServerState.java:close(466)) - e6be4ec7-b562-4524-91fe-d1f531929af7@group-E407AC370F94: closes. applyIndex: 39
2023-04-18 11:23:33,878 [e6be4ec7-b562-4524-91fe-d1f531929af7@group-E407AC370F94-SegmentedRaftLogWorker] INFO  segmented.SegmentedRaftLogWorker (SegmentedRaftLogWorker.java:run(347)) - e6be4ec7-b562-4524-91fe-d1f531929af7@group-E407AC370F94-SegmentedRaftLogWorker was interrupted, exiting. There are 0 tasks remaining in the queue.
2023-04-18 11:23:33,878 [e6be4ec7-b562-4524-91fe-d1f531929af7-impl-thread2] INFO  segmented.SegmentedRaftLogWorker (SegmentedRaftLogWorker.java:close(257)) - e6be4ec7-b562-4524-91fe-d1f531929af7@group-E407AC370F94-SegmentedRaftLogWorker close()
2023-04-18 11:23:33,884 [e6be4ec7-b562-4524-91fe-d1f531929af7-NettyServerStreamRpc-bossGroup--thread1] INFO  logging.LoggingHandler (AbstractInternalLogger.java:log(148)) - [id: 0x46f05a48, L:/0:0:0:0:0:0:0:0:39293] CLOSE
2023-04-18 11:23:33,884 [e6be4ec7-b562-4524-91fe-d1f531929af7-NettyServerStreamRpc-bossGroup--thread1] INFO  logging.LoggingHandler (AbstractInternalLogger.java:log(148)) - [id: 0x46f05a48, L:/0:0:0:0:0:0:0:0:39293] INACTIVE
2023-04-18 11:23:33,884 [e6be4ec7-b562-4524-91fe-d1f531929af7-NettyServerStreamRpc-bossGroup--thread1] INFO  logging.LoggingHandler (AbstractInternalLogger.java:log(148)) - [id: 0x46f05a48, L:/0:0:0:0:0:0:0:0:39293] UNREGISTERED
2023-04-18 11:23:33,894 [JvmPauseMonitor44] INFO  util.JvmPauseMonitor (JvmPauseMonitor.java:run(111)) - JvmPauseMonitor-e6be4ec7-b562-4524-91fe-d1f531929af7: Stopped
]]></system-out>
  </testcase>
</testsuite>