<?xml version="1.0" encoding="UTF-8"?>
<testsuite xmlns:xsi="http://www.w3.org/2001/XMLSchema-instance" xsi:noNamespaceSchemaLocation="https://maven.apache.org/surefire/maven-surefire-plugin/xsd/surefire-test-report.xsd" version="3.0.2" name="org.apache.ozone.test.NonHATests$ContainerOperations" time="12.543" tests="10" errors="0" skipped="0" failures="1">
  <properties>
    <property name="java.specification.version" value="21"/>
    <property name="sun.jnu.encoding" value="UTF-8"/>
    <property name="java.class.path" value="/home/runner/work/ozone/ozone/hadoop-ozone/integration-test/target/test-classes:/home/runner/work/ozone/ozone/hadoop-ozone/integration-test/target/classes:/home/runner/.m2/repository/ch/qos/reload4j/reload4j/1.2.26/reload4j-1.2.26.jar:/home/runner/.m2/repository/com/fasterxml/jackson/core/jackson-core/2.16.2/jackson-core-2.16.2.jar:/home/runner/.m2/repository/com/fasterxml/jackson/core/jackson-databind/2.16.2/jackson-databind-2.16.2.jar:/home/runner/.m2/repository/com/fasterxml/jackson/core/jackson-annotations/2.16.2/jackson-annotations-2.16.2.jar:/home/runner/.m2/repository/com/github/stephenc/jcip/jcip-annotations/1.0-1/jcip-annotations-1.0-1.jar:/home/runner/.m2/repository/com/google/guava/guava/32.1.3-jre/guava-32.1.3-jre.jar:/home/runner/.m2/repository/com/google/guava/failureaccess/1.0.1/failureaccess-1.0.1.jar:/home/runner/.m2/repository/com/google/guava/listenablefuture/9999.0-empty-to-avoid-conflict-with-guava/listenablefuture-9999.0-empty-to-avoid-conflict-with-guava.jar:/home/runner/.m2/repository/org/checkerframework/checker-qual/3.37.0/checker-qual-3.37.0.jar:/home/runner/.m2/repository/com/google/errorprone/error_prone_annotations/2.29.2/error_prone_annotations-2.29.2.jar:/home/runner/.m2/repository/com/google/j2objc/j2objc-annotations/2.8/j2objc-annotations-2.8.jar:/home/runner/.m2/repository/com/google/protobuf/protobuf-java/2.5.0/protobuf-java-2.5.0.jar:/home/runner/.m2/repository/com/squareup/okhttp3/okhttp/4.12.0/okhttp-4.12.0.jar:/home/runner/.m2/repository/com/squareup/okio/okio/3.6.0/okio-3.6.0.jar:/home/runner/.m2/repository/com/squareup/okio/okio-jvm/3.6.0/okio-jvm-3.6.0.jar:/home/runner/.m2/repository/org/jetbrains/kotlin/kotlin-stdlib-common/1.9.25/kotlin-stdlib-common-1.9.25.jar:/home/runner/.m2/repository/org/jetbrains/kotlin/kotlin-stdlib-jdk8/1.9.25/kotlin-stdlib-jdk8-1.9.25.jar:/home/runner/.m2/repository/org/jetbrains/kotlin/kotlin-stdlib/1.9.25/kotlin-stdlib-1.9.25.jar:/home/runner/.m2/repository/org/jetbrains/annotations/13.0/annotations-13.0.jar:/home/runner/.m2/repository/org/jetbrains/kotlin/kotlin-stdlib-jdk7/1.9.25/kotlin-stdlib-jdk7-1.9.25.jar:/home/runner/.m2/repository/commons-codec/commons-codec/1.18.0/commons-codec-1.18.0.jar:/home/runner/.m2/repository/commons-io/commons-io/2.18.0/commons-io-2.18.0.jar:/home/runner/.m2/repository/commons-validator/commons-validator/1.6/commons-validator-1.6.jar:/home/runner/.m2/repository/commons-beanutils/commons-beanutils/1.11.0/commons-beanutils-1.11.0.jar:/home/runner/.m2/repository/commons-digester/commons-digester/1.8.1/commons-digester-1.8.1.jar:/home/runner/.m2/repository/commons-collections/commons-collections/3.2.2/commons-collections-3.2.2.jar:/home/runner/.m2/repository/info/picocli/picocli/4.7.7/picocli-4.7.7.jar:/home/runner/.m2/repository/jakarta/annotation/jakarta.annotation-api/2.1.1/jakarta.annotation-api-2.1.1.jar:/home/runner/.m2/repository/jakarta/xml/bind/jakarta.xml.bind-api/2.3.3/jakarta.xml.bind-api-2.3.3.jar:/home/runner/.m2/repository/jakarta/activation/jakarta.activation-api/1.2.2/jakarta.activation-api-1.2.2.jar:/home/runner/.m2/repository/javax/servlet/javax.servlet-api/3.1.0/javax.servlet-api-3.1.0.jar:/home/runner/.m2/repository/javax/ws/rs/jsr311-api/1.1.1/jsr311-api-1.1.1.jar:/home/runner/.m2/repository/org/apache/commons/commons-compress/1.27.1/commons-compress-1.27.1.jar:/home/runner/.m2/repository/org/apache/commons/commons-lang3/3.17.0/commons-lang3-3.17.0.jar:/home/runner/.m2/repository/org/apache/commons/commons-text/1.13.1/commons-text-1.13.1.jar:/home/runner/.m2/repository/org/apache/hadoop/hadoop-auth/3.4.1/hadoop-auth-3.4.1.jar:/home/runner/.m2/repository/com/nimbusds/nimbus-jose-jwt/9.40/nimbus-jose-jwt-9.40.jar:/home/runner/.m2/repository/io/dropwizard/metrics/metrics-core/3.2.6/metrics-core-3.2.6.jar:/home/runner/.m2/repository/org/apache/kerby/kerb-core/1.0.1/kerb-core-1.0.1.jar:/home/runner/.m2/repository/org/apache/kerby/kerby-pkix/1.0.1/kerby-pkix-1.0.1.jar:/home/runner/.m2/repository/org/apache/kerby/kerby-asn1/1.0.1/kerby-asn1-1.0.1.jar:/home/runner/.m2/repository/org/apache/kerby/kerb-util/1.0.1/kerb-util-1.0.1.jar:/home/runner/.m2/repository/org/apache/kerby/kerby-config/1.0.1/kerby-config-1.0.1.jar:/home/runner/.m2/repository/org/apache/kerby/kerb-crypto/1.0.1/kerb-crypto-1.0.1.jar:/home/runner/.m2/repository/org/apache/hadoop/thirdparty/hadoop-shaded-guava/1.3.0/hadoop-shaded-guava-1.3.0.jar:/home/runner/.m2/repository/org/apache/hadoop/hadoop-common/3.4.1/hadoop-common-3.4.1.jar:/home/runner/.m2/repository/org/apache/hadoop/thirdparty/hadoop-shaded-protobuf_3_25/1.4.0/hadoop-shaded-protobuf_3_25-1.4.0.jar:/home/runner/.m2/repository/org/apache/hadoop/hadoop-annotations/3.4.1/hadoop-annotations-3.4.1.jar:/home/runner/.m2/repository/commons-cli/commons-cli/1.8.0/commons-cli-1.8.0.jar:/home/runner/.m2/repository/commons-net/commons-net/3.11.1/commons-net-3.11.1.jar:/home/runner/.m2/repository/org/eclipse/jetty/jetty-server/9.4.57.v20241219/jetty-server-9.4.57.v20241219.jar:/home/runner/.m2/repository/org/eclipse/jetty/jetty-io/9.4.57.v20241219/jetty-io-9.4.57.v20241219.jar:/home/runner/.m2/repository/org/eclipse/jetty/jetty-util/9.4.57.v20241219/jetty-util-9.4.57.v20241219.jar:/home/runner/.m2/repository/org/eclipse/jetty/jetty-servlet/9.4.57.v20241219/jetty-servlet-9.4.57.v20241219.jar:/home/runner/.m2/repository/org/eclipse/jetty/jetty-security/9.4.57.v20241219/jetty-security-9.4.57.v20241219.jar:/home/runner/.m2/repository/org/eclipse/jetty/jetty-webapp/9.4.57.v20241219/jetty-webapp-9.4.57.v20241219.jar:/home/runner/.m2/repository/org/eclipse/jetty/jetty-xml/9.4.57.v20241219/jetty-xml-9.4.57.v20241219.jar:/home/runner/.m2/repository/javax/servlet/jsp/jsp-api/2.1/jsp-api-2.1.jar:/home/runner/.m2/repository/org/codehaus/jettison/jettison/1.5.4/jettison-1.5.4.jar:/home/runner/.m2/repository/org/apache/commons/commons-configuration2/2.12.0/commons-configuration2-2.12.0.jar:/home/runner/.m2/repository/com/google/re2j/re2j/1.7/re2j-1.7.jar:/home/runner/.m2/repository/com/google/code/gson/gson/2.10.1/gson-2.10.1.jar:/home/runner/.m2/repository/com/jcraft/jsch/0.1.55/jsch-0.1.55.jar:/home/runner/.m2/repository/io/netty/netty-handler/4.1.119.Final/netty-handler-4.1.119.Final.jar:/home/runner/.m2/repository/io/netty/netty-resolver/4.1.119.Final/netty-resolver-4.1.119.Final.jar:/home/runner/.m2/repository/io/netty/netty-transport-native-epoll/4.1.119.Final/netty-transport-native-epoll-4.1.119.Final.jar:/home/runner/.m2/repository/org/bouncycastle/bcprov-jdk18on/1.81/bcprov-jdk18on-1.81.jar:/home/runner/.m2/repository/org/codehaus/woodstox/stax2-api/4.2.1/stax2-api-4.2.1.jar:/home/runner/.m2/repository/com/fasterxml/woodstox/woodstox-core/5.4.0/woodstox-core-5.4.0.jar:/home/runner/.m2/repository/dnsjava/dnsjava/3.6.1/dnsjava-3.6.1.jar:/home/runner/.m2/repository/org/apache/hadoop/hadoop-common/3.4.1/hadoop-common-3.4.1-tests.jar:/home/runner/.m2/repository/org/apache/commons/commons-math3/3.6.1/commons-math3-3.6.1.jar:/home/runner/.m2/repository/com/sun/jersey/jersey-core/1.19.4/jersey-core-1.19.4.jar:/home/runner/.m2/repository/com/sun/jersey/jersey-servlet/1.19.4/jersey-servlet-1.19.4.jar:/home/runner/.m2/repository/com/github/pjfanning/jersey-json/1.22.0/jersey-json-1.22.0.jar:/home/runner/.m2/repository/com/sun/xml/bind/jaxb-impl/2.2.3-1/jaxb-impl-2.2.3-1.jar:/home/runner/.m2/repository/com/sun/jersey/jersey-server/1.19.4/jersey-server-1.19.4.jar:/home/runner/.m2/repository/org/slf4j/slf4j-reload4j/2.0.17/slf4j-reload4j-2.0.17.jar:/home/runner/.m2/repository/org/apache/avro/avro/1.9.2/avro-1.9.2.jar:/home/runner/.m2/repository/org/apache/curator/curator-client/4.2.0/curator-client-4.2.0.jar:/home/runner/.m2/repository/org/apache/curator/curator-recipes/5.2.0/curator-recipes-5.2.0.jar:/home/runner/.m2/repository/org/apache/curator/curator-framework/4.2.0/curator-framework-4.2.0.jar:/home/runner/.m2/repository/com/google/code/findbugs/jsr305/3.0.2/jsr305-3.0.2.jar:/home/runner/.m2/repository/org/apache/zookeeper/zookeeper/3.8.4/zookeeper-3.8.4.jar:/home/runner/.m2/repository/org/apache/zookeeper/zookeeper-jute/3.8.4/zookeeper-jute-3.8.4.jar:/home/runner/.m2/repository/org/apache/yetus/audience-annotations/0.12.0/audience-annotations-0.12.0.jar:/home/runner/.m2/repository/org/xerial/snappy/snappy-java/1.1.10.7/snappy-java-1.1.10.7.jar:/home/runner/.m2/repository/org/apache/hadoop/hadoop-distcp/3.4.1/hadoop-distcp-3.4.1.jar:/home/runner/.m2/repository/org/apache/hadoop/hadoop-distcp/3.4.1/hadoop-distcp-3.4.1-tests.jar:/home/runner/.m2/repository/org/apache/hadoop/hadoop-hdfs/3.4.1/hadoop-hdfs-3.4.1.jar:/home/runner/.m2/repository/org/eclipse/jetty/jetty-util-ajax/9.4.57.v20241219/jetty-util-ajax-9.4.57.v20241219.jar:/home/runner/.m2/repository/commons-daemon/commons-daemon/1.4.0/commons-daemon-1.4.0.jar:/home/runner/.m2/repository/org/apache/hadoop/hadoop-hdfs/3.4.1/hadoop-hdfs-3.4.1-tests.jar:/home/runner/.m2/repository/io/netty/netty-all/4.1.119.Final/netty-all-4.1.119.Final.jar:/home/runner/.m2/repository/io/netty/netty-codec-dns/4.1.119.Final/netty-codec-dns-4.1.119.Final.jar:/home/runner/.m2/repository/io/netty/netty-codec-haproxy/4.1.119.Final/netty-codec-haproxy-4.1.119.Final.jar:/home/runner/.m2/repository/io/netty/netty-codec-http/4.1.119.Final/netty-codec-http-4.1.119.Final.jar:/home/runner/.m2/repository/io/netty/netty-codec-memcache/4.1.119.Final/netty-codec-memcache-4.1.119.Final.jar:/home/runner/.m2/repository/io/netty/netty-codec-mqtt/4.1.119.Final/netty-codec-mqtt-4.1.119.Final.jar:/home/runner/.m2/repository/io/netty/netty-codec-redis/4.1.119.Final/netty-codec-redis-4.1.119.Final.jar:/home/runner/.m2/repository/io/netty/netty-codec-smtp/4.1.119.Final/netty-codec-smtp-4.1.119.Final.jar:/home/runner/.m2/repository/io/netty/netty-codec-socks/4.1.119.Final/netty-codec-socks-4.1.119.Final.jar:/home/runner/.m2/repository/io/netty/netty-codec-stomp/4.1.119.Final/netty-codec-stomp-4.1.119.Final.jar:/home/runner/.m2/repository/io/netty/netty-codec-xml/4.1.119.Final/netty-codec-xml-4.1.119.Final.jar:/home/runner/.m2/repository/io/netty/netty-handler-ssl-ocsp/4.1.119.Final/netty-handler-ssl-ocsp-4.1.119.Final.jar:/home/runner/.m2/repository/io/netty/netty-resolver-dns/4.1.119.Final/netty-resolver-dns-4.1.119.Final.jar:/home/runner/.m2/repository/io/netty/netty-transport-rxtx/4.1.119.Final/netty-transport-rxtx-4.1.119.Final.jar:/home/runner/.m2/repository/io/netty/netty-transport-sctp/4.1.119.Final/netty-transport-sctp-4.1.119.Final.jar:/home/runner/.m2/repository/io/netty/netty-transport-udt/4.1.119.Final/netty-transport-udt-4.1.119.Final.jar:/home/runner/.m2/repository/io/netty/netty-transport-classes-kqueue/4.1.119.Final/netty-transport-classes-kqueue-4.1.119.Final.jar:/home/runner/.m2/repository/io/netty/netty-resolver-dns-classes-macos/4.1.119.Final/netty-resolver-dns-classes-macos-4.1.119.Final.jar:/home/runner/.m2/repository/io/netty/netty-transport-native-epoll/4.1.119.Final/netty-transport-native-epoll-4.1.119.Final-linux-aarch_64.jar:/home/runner/.m2/repository/io/netty/netty-transport-native-epoll/4.1.119.Final/netty-transport-native-epoll-4.1.119.Final-linux-riscv64.jar:/home/runner/.m2/repository/io/netty/netty-transport-native-kqueue/4.1.119.Final/netty-transport-native-kqueue-4.1.119.Final-osx-x86_64.jar:/home/runner/.m2/repository/io/netty/netty-transport-native-kqueue/4.1.119.Final/netty-transport-native-kqueue-4.1.119.Final-osx-aarch_64.jar:/home/runner/.m2/repository/io/netty/netty-resolver-dns-native-macos/4.1.119.Final/netty-resolver-dns-native-macos-4.1.119.Final-osx-x86_64.jar:/home/runner/.m2/repository/io/netty/netty-resolver-dns-native-macos/4.1.119.Final/netty-resolver-dns-native-macos-4.1.119.Final-osx-aarch_64.jar:/home/runner/.m2/repository/org/fusesource/leveldbjni/leveldbjni-all/1.8/leveldbjni-all-1.8.jar:/home/runner/.m2/repository/org/apache/hadoop/hadoop-hdfs-client/3.4.1/hadoop-hdfs-client-3.4.1.jar:/home/runner/.m2/repository/org/apache/hadoop/hadoop-kms/3.4.1/hadoop-kms-3.4.1.jar:/home/runner/.m2/repository/org/apache/hadoop/hadoop-kms/3.4.1/hadoop-kms-3.4.1-tests.jar:/home/runner/.m2/repository/org/apache/hadoop/hadoop-mapreduce-client-core/3.4.1/hadoop-mapreduce-client-core-3.4.1.jar:/home/runner/.m2/repository/org/apache/hadoop/hadoop-yarn-client/3.4.1/hadoop-yarn-client-3.4.1.jar:/home/runner/.m2/repository/org/eclipse/jetty/websocket/websocket-client/9.4.53.v20231009/websocket-client-9.4.53.v20231009.jar:/home/runner/.m2/repository/org/eclipse/jetty/jetty-client/9.4.57.v20241219/jetty-client-9.4.57.v20241219.jar:/home/runner/.m2/repository/org/eclipse/jetty/websocket/websocket-common/9.4.53.v20231009/websocket-common-9.4.53.v20231009.jar:/home/runner/.m2/repository/org/eclipse/jetty/websocket/websocket-api/9.4.53.v20231009/websocket-api-9.4.53.v20231009.jar:/home/runner/.m2/repository/org/apache/hadoop/hadoop-yarn-api/3.4.1/hadoop-yarn-api-3.4.1.jar:/home/runner/.m2/repository/org/apache/hadoop/hadoop-yarn-common/3.4.1/hadoop-yarn-common-3.4.1.jar:/home/runner/.m2/repository/javax/xml/bind/jaxb-api/2.2.11/jaxb-api-2.2.11.jar:/home/runner/.m2/repository/com/sun/jersey/contribs/jersey-guice/1.19.4/jersey-guice-1.19.4.jar:/home/runner/.m2/repository/com/fasterxml/jackson/module/jackson-module-jaxb-annotations/2.16.2/jackson-module-jaxb-annotations-2.16.2.jar:/home/runner/.m2/repository/com/fasterxml/jackson/jaxrs/jackson-jaxrs-json-provider/2.16.2/jackson-jaxrs-json-provider-2.16.2.jar:/home/runner/.m2/repository/com/google/inject/extensions/guice-servlet/6.0.0/guice-servlet-6.0.0.jar:/home/runner/.m2/repository/org/apache/hadoop/hadoop-mapreduce-client-jobclient/3.4.1/hadoop-mapreduce-client-jobclient-3.4.1.jar:/home/runner/.m2/repository/org/apache/hadoop/hadoop-mapreduce-client-common/3.4.1/hadoop-mapreduce-client-common-3.4.1.jar:/home/runner/.m2/repository/org/apache/hadoop/hadoop-minikdc/3.4.1/hadoop-minikdc-3.4.1.jar:/home/runner/.m2/repository/org/apache/kerby/kerb-simplekdc/2.0.3/kerb-simplekdc-2.0.3.jar:/home/runner/.m2/repository/org/apache/kerby/kerb-client/2.0.3/kerb-client-2.0.3.jar:/home/runner/.m2/repository/org/apache/kerby/kerb-common/2.0.3/kerb-common-2.0.3.jar:/home/runner/.m2/repository/org/apache/kerby/token-provider/2.0.3/token-provider-2.0.3.jar:/home/runner/.m2/repository/org/apache/kerby/kerb-admin/2.0.3/kerb-admin-2.0.3.jar:/home/runner/.m2/repository/org/apache/kerby/kerb-server/2.0.3/kerb-server-2.0.3.jar:/home/runner/.m2/repository/org/apache/kerby/kerb-identity/2.0.3/kerb-identity-2.0.3.jar:/home/runner/.m2/repository/org/apache/kerby/kerby-xdr/2.0.3/kerby-xdr-2.0.3.jar:/home/runner/.m2/repository/junit/junit/4.13.2/junit-4.13.2.jar:/home/runner/.m2/repository/org/hamcrest/hamcrest-core/1.3/hamcrest-core-1.3.jar:/home/runner/.m2/repository/org/apache/httpcomponents/httpclient/4.5.14/httpclient-4.5.14.jar:/home/runner/.m2/repository/org/apache/httpcomponents/httpcore/4.4.16/httpcore-4.4.16.jar:/home/runner/.m2/repository/org/apache/kerby/kerby-util/1.0.1/kerby-util-1.0.1.jar:/home/runner/work/ozone/ozone/hadoop-hdds/client/target/hdds-client-2.1.0-SNAPSHOT.jar:/home/runner/.m2/repository/io/opentracing/opentracing-api/0.33.0/opentracing-api-0.33.0.jar:/home/runner/.m2/repository/io/opentracing/opentracing-util/0.33.0/opentracing-util-0.33.0.jar:/home/runner/.m2/repository/io/opentracing/opentracing-noop/0.33.0/opentracing-noop-0.33.0.jar:/home/runner/work/ozone/ozone/hadoop-hdds/erasurecode/target/hdds-erasurecode-2.1.0-SNAPSHOT.jar:/home/runner/work/ozone/ozone/hadoop-hdds/common/target/hdds-common-2.1.0-SNAPSHOT.jar:/home/runner/.m2/repository/com/fasterxml/jackson/datatype/jackson-datatype-jsr310/2.16.2/jackson-datatype-jsr310-2.16.2.jar:/home/runner/.m2/repository/io/jaegertracing/jaeger-core/1.8.1/jaeger-core-1.8.1.jar:/home/runner/.m2/repository/org/apache/ratis/ratis-netty/3.2.0/ratis-netty-3.2.0.jar:/home/runner/.m2/repository/org/yaml/snakeyaml/2.0/snakeyaml-2.0.jar:/home/runner/.m2/repository/io/jaegertracing/jaeger-client/1.8.1/jaeger-client-1.8.1.jar:/home/runner/.m2/repository/io/jaegertracing/jaeger-thrift/1.8.1/jaeger-thrift-1.8.1.jar:/home/runner/.m2/repository/org/apache/thrift/libthrift/0.15.0/libthrift-0.15.0.jar:/home/runner/.m2/repository/io/jaegertracing/jaeger-tracerresolver/1.8.1/jaeger-tracerresolver-1.8.1.jar:/home/runner/.m2/repository/io/opentracing/contrib/opentracing-tracerresolver/0.1.8/opentracing-tracerresolver-0.1.8.jar:/home/runner/.m2/repository/org/apache/ratis/ratis-metrics-dropwizard3/3.2.0/ratis-metrics-dropwizard3-3.2.0.jar:/home/runner/.m2/repository/org/slf4j/jcl-over-slf4j/2.0.17/jcl-over-slf4j-2.0.17.jar:/home/runner/work/ozone/ozone/hadoop-hdds/common/target/hdds-common-2.1.0-SNAPSHOT-tests.jar:/home/runner/work/ozone/ozone/hadoop-hdds/config/target/hdds-config-2.1.0-SNAPSHOT.jar:/home/runner/work/ozone/ozone/hadoop-hdds/container-service/target/hdds-container-service-2.1.0-SNAPSHOT.jar:/home/runner/.m2/repository/io/netty/netty-buffer/4.1.119.Final/netty-buffer-4.1.119.Final.jar:/home/runner/.m2/repository/io/netty/netty-codec/4.1.119.Final/netty-codec-4.1.119.Final.jar:/home/runner/.m2/repository/io/netty/netty-common/4.1.119.Final/netty-common-4.1.119.Final.jar:/home/runner/.m2/repository/io/netty/netty-transport/4.1.119.Final/netty-transport-4.1.119.Final.jar:/home/runner/.m2/repository/org/apache/logging/log4j/log4j-api/2.25.0/log4j-api-2.25.0.jar:/home/runner/.m2/repository/com/github/luben/zstd-jni/1.5.7-3/zstd-jni-1.5.7-3.jar:/home/runner/.m2/repository/log4j/apache-log4j-extras/1.2.17/apache-log4j-extras-1.2.17.jar:/home/runner/.m2/repository/org/glassfish/jaxb/jaxb-runtime/2.3.9/jaxb-runtime-2.3.9.jar:/home/runner/.m2/repository/org/glassfish/jaxb/txw2/2.3.9/txw2-2.3.9.jar:/home/runner/.m2/repository/com/sun/istack/istack-commons-runtime/3.0.12/istack-commons-runtime-3.0.12.jar:/home/runner/.m2/repository/com/sun/activation/jakarta.activation/1.2.2/jakarta.activation-1.2.2.jar:/home/runner/work/ozone/ozone/hadoop-hdds/container-service/target/hdds-container-service-2.1.0-SNAPSHOT-tests.jar:/home/runner/work/ozone/ozone/hadoop-hdds/interface-admin/target/hdds-interface-admin-2.1.0-SNAPSHOT.jar:/home/runner/work/ozone/ozone/hadoop-hdds/interface-client/target/hdds-interface-client-2.1.0-SNAPSHOT.jar:/home/runner/work/ozone/ozone/hadoop-hdds/interface-server/target/hdds-interface-server-2.1.0-SNAPSHOT.jar:/home/runner/work/ozone/ozone/hadoop-hdds/managed-rocksdb/target/hdds-managed-rocksdb-2.1.0-SNAPSHOT.jar:/home/runner/work/ozone/ozone/hadoop-hdds/rocks-native/target/hdds-rocks-native-2.1.0-SNAPSHOT.jar:/home/runner/work/ozone/ozone/hadoop-hdds/framework/target/hdds-server-framework-2.1.0-SNAPSHOT.jar:/home/runner/.m2/repository/com/github/jnr/jnr-constants/0.10.4/jnr-constants-0.10.4.jar:/home/runner/.m2/repository/com/github/jnr/jnr-posix/3.1.20/jnr-posix-3.1.20.jar:/home/runner/.m2/repository/com/github/jnr/jnr-ffi/2.2.17/jnr-ffi-2.2.17.jar:/home/runner/.m2/repository/com/github/jnr/jffi/1.3.13/jffi-1.3.13.jar:/home/runner/.m2/repository/com/github/jnr/jffi/1.3.13/jffi-1.3.13-native.jar:/home/runner/.m2/repository/org/ow2/asm/asm/9.7.1/asm-9.7.1.jar:/home/runner/.m2/repository/org/ow2/asm/asm-commons/9.7.1/asm-commons-9.7.1.jar:/home/runner/.m2/repository/org/ow2/asm/asm-analysis/9.7.1/asm-analysis-9.7.1.jar:/home/runner/.m2/repository/org/ow2/asm/asm-tree/9.7.1/asm-tree-9.7.1.jar:/home/runner/.m2/repository/org/ow2/asm/asm-util/9.7.1/asm-util-9.7.1.jar:/home/runner/.m2/repository/com/github/jnr/jnr-a64asm/1.0.0/jnr-a64asm-1.0.0.jar:/home/runner/.m2/repository/com/github/jnr/jnr-x86asm/1.0.2/jnr-x86asm-1.0.2.jar:/home/runner/.m2/repository/commons-fileupload/commons-fileupload/1.5/commons-fileupload-1.5.jar:/home/runner/.m2/repository/io/grpc/grpc-api/1.71.0/grpc-api-1.71.0.jar:/home/runner/.m2/repository/io/prometheus/simpleclient/0.16.0/simpleclient-0.16.0.jar:/home/runner/.m2/repository/io/prometheus/simpleclient_common/0.16.0/simpleclient_common-0.16.0.jar:/home/runner/.m2/repository/io/prometheus/simpleclient_dropwizard/0.16.0/simpleclient_dropwizard-0.16.0.jar:/home/runner/.m2/repository/jakarta/ws/rs/jakarta.ws.rs-api/2.1.6/jakarta.ws.rs-api-2.1.6.jar:/home/runner/.m2/repository/org/eclipse/jetty/jetty-http/9.4.57.v20241219/jetty-http-9.4.57.v20241219.jar:/home/runner/.m2/repository/org/glassfish/jersey/containers/jersey-container-servlet-core/2.47/jersey-container-servlet-core-2.47.jar:/home/runner/.m2/repository/org/glassfish/jersey/core/jersey-server/2.47/jersey-server-2.47.jar:/home/runner/.m2/repository/org/glassfish/jersey/core/jersey-client/2.47/jersey-client-2.47.jar:/home/runner/.m2/repository/com/lmax/disruptor/3.4.4/disruptor-3.4.4.jar:/home/runner/.m2/repository/org/apache/logging/log4j/log4j-core/2.25.0/log4j-core-2.25.0.jar:/home/runner/work/ozone/ozone/hadoop-hdds/framework/target/hdds-server-framework-2.1.0-SNAPSHOT-tests.jar:/home/runner/work/ozone/ozone/hadoop-hdds/server-scm/target/hdds-server-scm-2.1.0-SNAPSHOT.jar:/home/runner/work/ozone/ozone/hadoop-hdds/server-scm/target/hdds-server-scm-2.1.0-SNAPSHOT-tests.jar:/home/runner/work/ozone/ozone/hadoop-hdds/test-utils/target/hdds-test-utils-2.1.0-SNAPSHOT-tests.jar:/home/runner/work/ozone/ozone/hadoop-ozone/cli-admin/target/ozone-cli-admin-2.1.0-SNAPSHOT.jar:/home/runner/work/ozone/ozone/hadoop-ozone/cli-shell/target/ozone-cli-shell-2.1.0-SNAPSHOT.jar:/home/runner/.m2/repository/info/picocli/picocli-shell-jline3/4.7.7/picocli-shell-jline3-4.7.7.jar:/home/runner/.m2/repository/org/jline/jline/3.30.4/jline-3.30.4.jar:/home/runner/work/ozone/ozone/hadoop-ozone/client/target/ozone-client-2.1.0-SNAPSHOT.jar:/home/runner/work/ozone/ozone/hadoop-ozone/common/target/ozone-common-2.1.0-SNAPSHOT.jar:/home/runner/.m2/repository/io/grpc/grpc-netty/1.71.0/grpc-netty-1.71.0.jar:/home/runner/.m2/repository/org/codehaus/mojo/animal-sniffer-annotations/1.24/animal-sniffer-annotations-1.24.jar:/home/runner/.m2/repository/io/grpc/grpc-core/1.71.0/grpc-core-1.71.0.jar:/home/runner/.m2/repository/com/google/android/annotations/4.1.1.4/annotations-4.1.1.4.jar:/home/runner/.m2/repository/io/grpc/grpc-context/1.71.0/grpc-context-1.71.0.jar:/home/runner/.m2/repository/io/perfmark/perfmark-api/0.27.0/perfmark-api-0.27.0.jar:/home/runner/.m2/repository/io/grpc/grpc-util/1.71.0/grpc-util-1.71.0.jar:/home/runner/.m2/repository/io/netty/netty-codec-http2/4.1.119.Final/netty-codec-http2-4.1.119.Final.jar:/home/runner/.m2/repository/io/netty/netty-handler-proxy/4.1.119.Final/netty-handler-proxy-4.1.119.Final.jar:/home/runner/.m2/repository/io/netty/netty-tcnative-boringssl-static/2.0.70.Final/netty-tcnative-boringssl-static-2.0.70.Final.jar:/home/runner/.m2/repository/io/netty/netty-tcnative-classes/2.0.70.Final/netty-tcnative-classes-2.0.70.Final.jar:/home/runner/.m2/repository/io/netty/netty-tcnative-boringssl-static/2.0.70.Final/netty-tcnative-boringssl-static-2.0.70.Final-linux-x86_64.jar:/home/runner/.m2/repository/io/netty/netty-tcnative-boringssl-static/2.0.70.Final/netty-tcnative-boringssl-static-2.0.70.Final-linux-aarch_64.jar:/home/runner/.m2/repository/io/netty/netty-tcnative-boringssl-static/2.0.70.Final/netty-tcnative-boringssl-static-2.0.70.Final-osx-x86_64.jar:/home/runner/.m2/repository/io/netty/netty-tcnative-boringssl-static/2.0.70.Final/netty-tcnative-boringssl-static-2.0.70.Final-osx-aarch_64.jar:/home/runner/.m2/repository/io/netty/netty-tcnative-boringssl-static/2.0.70.Final/netty-tcnative-boringssl-static-2.0.70.Final-windows-x86_64.jar:/home/runner/work/ozone/ozone/hadoop-ozone/csi/target/ozone-csi-2.1.0-SNAPSHOT.jar:/home/runner/.m2/repository/io/grpc/grpc-protobuf/1.71.0/grpc-protobuf-1.71.0.jar:/home/runner/.m2/repository/com/google/api/grpc/proto-google-common-protos/2.51.0/proto-google-common-protos-2.51.0.jar:/home/runner/.m2/repository/io/grpc/grpc-protobuf-lite/1.71.0/grpc-protobuf-lite-1.71.0.jar:/home/runner/.m2/repository/io/grpc/grpc-stub/1.71.0/grpc-stub-1.71.0.jar:/home/runner/.m2/repository/io/netty/netty-transport-classes-epoll/4.1.119.Final/netty-transport-classes-epoll-4.1.119.Final.jar:/home/runner/.m2/repository/io/netty/netty-transport-native-unix-common/4.1.119.Final/netty-transport-native-unix-common-4.1.119.Final.jar:/home/runner/.m2/repository/io/netty/netty-transport-native-epoll/4.1.119.Final/netty-transport-native-epoll-4.1.119.Final-linux-x86_64.jar:/home/runner/work/ozone/ozone/hadoop-ozone/ozonefs/target/ozone-filesystem-2.1.0-SNAPSHOT.jar:/home/runner/work/ozone/ozone/hadoop-ozone/ozonefs-common/target/ozone-filesystem-common-2.1.0-SNAPSHOT.jar:/home/runner/work/ozone/ozone/hadoop-ozone/freon/target/ozone-freon-2.1.0-SNAPSHOT.jar:/home/runner/.m2/repository/com/amazonaws/aws-java-sdk-core/1.12.661/aws-java-sdk-core-1.12.661.jar:/home/runner/.m2/repository/com/fasterxml/jackson/dataformat/jackson-dataformat-cbor/2.16.2/jackson-dataformat-cbor-2.16.2.jar:/home/runner/.m2/repository/joda-time/joda-time/2.12.7/joda-time-2.12.7.jar:/home/runner/.m2/repository/com/amazonaws/aws-java-sdk-s3/1.12.661/aws-java-sdk-s3-1.12.661.jar:/home/runner/.m2/repository/com/amazonaws/aws-java-sdk-kms/1.12.661/aws-java-sdk-kms-1.12.661.jar:/home/runner/.m2/repository/com/amazonaws/jmespath-java/1.12.661/jmespath-java-1.12.661.jar:/home/runner/work/ozone/ozone/hadoop-ozone/interface-client/target/ozone-interface-client-2.1.0-SNAPSHOT.jar:/home/runner/work/ozone/ozone/hadoop-ozone/interface-storage/target/ozone-interface-storage-2.1.0-SNAPSHOT.jar:/home/runner/work/ozone/ozone/hadoop-ozone/ozone-manager/target/ozone-manager-2.1.0-SNAPSHOT.jar:/home/runner/.m2/repository/com/sun/jersey/jersey-client/1.19.4/jersey-client-1.19.4.jar:/home/runner/.m2/repository/org/apache/ranger/ranger-plugins-common/2.6.0/ranger-plugins-common-2.6.0.jar:/home/runner/.m2/repository/com/fasterxml/jackson/jaxrs/jackson-jaxrs-base/2.16.2/jackson-jaxrs-base-2.16.2.jar:/home/runner/.m2/repository/com/kstruct/gethostname4j/1.0.0/gethostname4j-1.0.0.jar:/home/runner/.m2/repository/commons-lang/commons-lang/2.6/commons-lang-2.6.jar:/home/runner/.m2/repository/net/java/dev/jna/jna/5.2.0/jna-5.2.0.jar:/home/runner/.m2/repository/net/java/dev/jna/jna-platform/5.2.0/jna-platform-5.2.0.jar:/home/runner/.m2/repository/org/apache/ranger/ranger-plugin-classloader/2.6.0/ranger-plugin-classloader-2.6.0.jar:/home/runner/.m2/repository/org/apache/ranger/ranger-plugins-audit/2.6.0/ranger-plugins-audit-2.6.0.jar:/home/runner/.m2/repository/com/amazonaws/aws-java-sdk-logs/1.12.765/aws-java-sdk-logs-1.12.765.jar:/home/runner/.m2/repository/com/carrotsearch/hppc/0.8.0/hppc-0.8.0.jar:/home/runner/.m2/repository/io/airlift/aircompressor/0.27/aircompressor-0.27.jar:/home/runner/.m2/repository/org/apache/httpcomponents/httpasyncclient/4.1.4/httpasyncclient-4.1.4.jar:/home/runner/.m2/repository/org/apache/httpcomponents/httpcore-nio/4.4.16/httpcore-nio-4.4.16.jar:/home/runner/.m2/repository/org/apache/httpcomponents/httpmime/4.5.13/httpmime-4.5.13.jar:/home/runner/.m2/repository/org/apache/orc/orc-core/1.5.8/orc-core-1.5.8.jar:/home/runner/.m2/repository/org/apache/orc/orc-shims/1.5.8/orc-shims-1.5.8.jar:/home/runner/.m2/repository/org/apache/ranger/ranger-plugins-cred/2.6.0/ranger-plugins-cred-2.6.0.jar:/home/runner/.m2/repository/org/aspectj/aspectjrt/1.9.7/aspectjrt-1.9.7.jar:/home/runner/work/ozone/ozone/hadoop-ozone/ozone-manager/target/ozone-manager-2.1.0-SNAPSHOT-tests.jar:/home/runner/work/ozone/ozone/hadoop-ozone/mini-cluster/target/ozone-mini-cluster-2.1.0-SNAPSHOT.jar:/home/runner/work/ozone/ozone/hadoop-ozone/recon/target/ozone-recon-2.1.0-SNAPSHOT.jar:/home/runner/.m2/repository/aopalliance/aopalliance/1.0/aopalliance-1.0.jar:/home/runner/.m2/repository/com/google/inject/guice/6.0.0/guice-6.0.0.jar:/home/runner/.m2/repository/jakarta/inject/jakarta.inject-api/2.0.1/jakarta.inject-api-2.0.1.jar:/home/runner/.m2/repository/com/jolbox/bonecp/0.8.0.RELEASE/bonecp-0.8.0.RELEASE.jar:/home/runner/.m2/repository/jakarta/validation/jakarta.validation-api/2.0.2/jakarta.validation-api-2.0.2.jar:/home/runner/.m2/repository/javax/annotation/javax.annotation-api/1.3.2/javax.annotation-api-1.3.2.jar:/home/runner/.m2/repository/javax/inject/javax.inject/1/javax.inject-1.jar:/home/runner/.m2/repository/org/apache/derby/derby/10.14.2.0/derby-10.14.2.0.jar:/home/runner/.m2/repository/org/glassfish/hk2/guice-bridge/2.6.1/guice-bridge-2.6.1.jar:/home/runner/.m2/repository/org/glassfish/hk2/hk2-api/2.6.1/hk2-api-2.6.1.jar:/home/runner/.m2/repository/org/glassfish/hk2/hk2-utils/2.6.1/hk2-utils-2.6.1.jar:/home/runner/.m2/repository/org/glassfish/hk2/external/aopalliance-repackaged/2.6.1/aopalliance-repackaged-2.6.1.jar:/home/runner/.m2/repository/org/glassfish/jersey/core/jersey-common/2.47/jersey-common-2.47.jar:/home/runner/.m2/repository/org/glassfish/hk2/osgi-resource-locator/1.0.3/osgi-resource-locator-1.0.3.jar:/home/runner/.m2/repository/org/jooq/jooq/3.11.10/jooq-3.11.10.jar:/home/runner/.m2/repository/org/springframework/spring-core/5.3.39/spring-core-5.3.39.jar:/home/runner/.m2/repository/org/springframework/spring-jdbc/5.3.39/spring-jdbc-5.3.39.jar:/home/runner/.m2/repository/org/springframework/spring-beans/5.3.39/spring-beans-5.3.39.jar:/home/runner/.m2/repository/org/springframework/spring-tx/5.3.39/spring-tx-5.3.39.jar:/home/runner/.m2/repository/org/xerial/sqlite-jdbc/3.50.1.0/sqlite-jdbc-3.50.1.0.jar:/home/runner/.m2/repository/com/google/inject/extensions/guice-assistedinject/6.0.0/guice-assistedinject-6.0.0.jar:/home/runner/.m2/repository/org/glassfish/hk2/external/jakarta.inject/2.6.1/jakarta.inject-2.6.1.jar:/home/runner/.m2/repository/org/glassfish/jersey/inject/jersey-hk2/2.47/jersey-hk2-2.47.jar:/home/runner/.m2/repository/org/glassfish/hk2/hk2-locator/2.6.1/hk2-locator-2.6.1.jar:/home/runner/.m2/repository/org/glassfish/jersey/media/jersey-media-jaxb/2.47/jersey-media-jaxb-2.47.jar:/home/runner/.m2/repository/org/glassfish/jersey/media/jersey-media-json-jackson/2.47/jersey-media-json-jackson-2.47.jar:/home/runner/.m2/repository/org/glassfish/jersey/ext/jersey-entity-filtering/2.47/jersey-entity-filtering-2.47.jar:/home/runner/work/ozone/ozone/hadoop-ozone/recon-codegen/target/ozone-reconcodegen-2.1.0-SNAPSHOT.jar:/home/runner/.m2/repository/org/jooq/jooq-codegen/3.11.10/jooq-codegen-3.11.10.jar:/home/runner/.m2/repository/org/jooq/jooq-meta/3.11.10/jooq-meta-3.11.10.jar:/home/runner/work/ozone/ozone/hadoop-ozone/s3gateway/target/ozone-s3gateway-2.1.0-SNAPSHOT.jar:/home/runner/work/ozone/ozone/hadoop-ozone/tools/target/ozone-tools-2.1.0-SNAPSHOT.jar:/home/runner/.m2/repository/com/github/vlsi/mxgraph/jgraphx/3.9.12/jgraphx-3.9.12.jar:/home/runner/.m2/repository/org/apache/ratis/ratis-shell/3.2.0/ratis-shell-3.2.0.jar:/home/runner/.m2/repository/org/apache/ratis/ratis-tools/3.2.0/ratis-tools-3.2.0.jar:/home/runner/.m2/repository/org/jgrapht/jgrapht-core/1.4.0/jgrapht-core-1.4.0.jar:/home/runner/.m2/repository/org/jheaps/jheaps/0.11/jheaps-0.11.jar:/home/runner/.m2/repository/org/jgrapht/jgrapht-ext/1.4.0/jgrapht-ext-1.4.0.jar:/home/runner/work/ozone/ozone/hadoop-hdds/rocksdb-checkpoint-differ/target/rocksdb-checkpoint-differ-2.1.0-SNAPSHOT.jar:/home/runner/.m2/repository/org/apache/ranger/ranger-intg/2.6.0/ranger-intg-2.6.0.jar:/home/runner/.m2/repository/org/apache/ratis/ratis-client/3.2.0/ratis-client-3.2.0.jar:/home/runner/.m2/repository/org/apache/ratis/ratis-common/3.2.0/ratis-common-3.2.0.jar:/home/runner/.m2/repository/org/apache/ratis/ratis-grpc/3.2.0/ratis-grpc-3.2.0.jar:/home/runner/.m2/repository/org/apache/ratis/ratis-metrics-api/3.2.0/ratis-metrics-api-3.2.0.jar:/home/runner/.m2/repository/org/apache/ratis/ratis-proto/3.2.0/ratis-proto-3.2.0.jar:/home/runner/.m2/repository/org/apache/ratis/ratis-server/3.2.0/ratis-server-3.2.0.jar:/home/runner/.m2/repository/org/apache/ratis/ratis-server-api/3.2.0/ratis-server-api-3.2.0.jar:/home/runner/.m2/repository/org/apache/ratis/ratis-thirdparty-misc/1.0.9/ratis-thirdparty-misc-1.0.9.jar:/home/runner/.m2/repository/org/bouncycastle/bcpkix-jdk18on/1.81/bcpkix-jdk18on-1.81.jar:/home/runner/.m2/repository/org/bouncycastle/bcutil-jdk18on/1.81/bcutil-jdk18on-1.81.jar:/home/runner/.m2/repository/org/hamcrest/hamcrest/2.2/hamcrest-2.2.jar:/home/runner/.m2/repository/org/reflections/reflections/0.10.2/reflections-0.10.2.jar:/home/runner/.m2/repository/org/javassist/javassist/3.30.2-GA/javassist-3.30.2-GA.jar:/home/runner/.m2/repository/org/rocksdb/rocksdbjni/7.7.3/rocksdbjni-7.7.3.jar:/home/runner/.m2/repository/org/slf4j/jul-to-slf4j/2.0.17/jul-to-slf4j-2.0.17.jar:/home/runner/.m2/repository/org/slf4j/slf4j-api/2.0.17/slf4j-api-2.0.17.jar:/home/runner/.m2/repository/org/assertj/assertj-core/3.27.3/assertj-core-3.27.3.jar:/home/runner/.m2/repository/net/bytebuddy/byte-buddy/1.15.11/byte-buddy-1.15.11.jar:/home/runner/.m2/repository/org/junit/jupiter/junit-jupiter-api/5.13.2/junit-jupiter-api-5.13.2.jar:/home/runner/.m2/repository/org/opentest4j/opentest4j/1.3.0/opentest4j-1.3.0.jar:/home/runner/.m2/repository/org/junit/platform/junit-platform-commons/1.13.2/junit-platform-commons-1.13.2.jar:/home/runner/.m2/repository/org/apiguardian/apiguardian-api/1.1.2/apiguardian-api-1.1.2.jar:/home/runner/.m2/repository/org/junit/jupiter/junit-jupiter-params/5.13.2/junit-jupiter-params-5.13.2.jar:/home/runner/.m2/repository/org/mockito/mockito-core/4.11.0/mockito-core-4.11.0.jar:/home/runner/.m2/repository/net/bytebuddy/byte-buddy-agent/1.12.19/byte-buddy-agent-1.12.19.jar:/home/runner/.m2/repository/org/objenesis/objenesis/3.3/objenesis-3.3.jar:/home/runner/.m2/repository/org/mockito/mockito-inline/4.11.0/mockito-inline-4.11.0.jar:/home/runner/.m2/repository/org/mockito/mockito-junit-jupiter/4.11.0/mockito-junit-jupiter-4.11.0.jar:/home/runner/work/ozone/ozone/hadoop-ozone/integration-test/target/gradle-enterprise/test-listeners.jar:"/>
    <property name="java.vm.vendor" value="Eclipse Adoptium"/>
    <property name="sun.arch.data.model" value="64"/>
    <property name="test.build.dir" value="/home/runner/work/ozone/ozone/hadoop-ozone/integration-test/target/test-dir"/>
    <property name="test.cache.data" value=""/>
    <property name="java.vendor.url" value="https://adoptium.net/"/>
    <property name="user.timezone" value="Etc/UTC"/>
    <property name="maven-surefire-plugin.argLineAccessArgs" value=" --add-opens java.management/com.sun.jmx.mbeanserver=ALL-UNNAMED --add-exports java.management/com.sun.jmx.mbeanserver=ALL-UNNAMED --add-opens java.base/java.nio=ALL-UNNAMED --add-opens java.base/java.lang=ALL-UNNAMED --add-opens java.base/java.lang.reflect=ALL-UNNAMED"/>
    <property name="os.name" value="Linux"/>
    <property name="java.vm.specification.version" value="21"/>
    <property name="test.build.data" value="/home/runner/work/ozone/ozone/hadoop-ozone/integration-test/target/test-dir"/>
    <property name="sun.java.launcher" value="SUN_STANDARD"/>
    <property name="sun.boot.library.path" value="/usr/lib/jvm/temurin-21-jdk-amd64/lib"/>
    <property name="sun.java.command" value="/home/runner/work/ozone/ozone/hadoop-ozone/integration-test/target/surefire/surefirebooter-20250701083202419_1106.jar /home/runner/work/ozone/ozone/hadoop-ozone/integration-test/target/surefire 2025-07-01T08-22-36_632-jvmRun1 surefire-20250701083202419_1104tmp surefire_158-20250701083202419_1105tmp"/>
    <property name="jdk.debug" value="release"/>
    <property name="native.lib.tmp.dir" value="/tmp"/>
    <property name="surefire.test.class.path" value="/home/runner/work/ozone/ozone/hadoop-ozone/integration-test/target/test-classes:/home/runner/work/ozone/ozone/hadoop-ozone/integration-test/target/classes:/home/runner/.m2/repository/ch/qos/reload4j/reload4j/1.2.26/reload4j-1.2.26.jar:/home/runner/.m2/repository/com/fasterxml/jackson/core/jackson-core/2.16.2/jackson-core-2.16.2.jar:/home/runner/.m2/repository/com/fasterxml/jackson/core/jackson-databind/2.16.2/jackson-databind-2.16.2.jar:/home/runner/.m2/repository/com/fasterxml/jackson/core/jackson-annotations/2.16.2/jackson-annotations-2.16.2.jar:/home/runner/.m2/repository/com/github/stephenc/jcip/jcip-annotations/1.0-1/jcip-annotations-1.0-1.jar:/home/runner/.m2/repository/com/google/guava/guava/32.1.3-jre/guava-32.1.3-jre.jar:/home/runner/.m2/repository/com/google/guava/failureaccess/1.0.1/failureaccess-1.0.1.jar:/home/runner/.m2/repository/com/google/guava/listenablefuture/9999.0-empty-to-avoid-conflict-with-guava/listenablefuture-9999.0-empty-to-avoid-conflict-with-guava.jar:/home/runner/.m2/repository/org/checkerframework/checker-qual/3.37.0/checker-qual-3.37.0.jar:/home/runner/.m2/repository/com/google/errorprone/error_prone_annotations/2.29.2/error_prone_annotations-2.29.2.jar:/home/runner/.m2/repository/com/google/j2objc/j2objc-annotations/2.8/j2objc-annotations-2.8.jar:/home/runner/.m2/repository/com/google/protobuf/protobuf-java/2.5.0/protobuf-java-2.5.0.jar:/home/runner/.m2/repository/com/squareup/okhttp3/okhttp/4.12.0/okhttp-4.12.0.jar:/home/runner/.m2/repository/com/squareup/okio/okio/3.6.0/okio-3.6.0.jar:/home/runner/.m2/repository/com/squareup/okio/okio-jvm/3.6.0/okio-jvm-3.6.0.jar:/home/runner/.m2/repository/org/jetbrains/kotlin/kotlin-stdlib-common/1.9.25/kotlin-stdlib-common-1.9.25.jar:/home/runner/.m2/repository/org/jetbrains/kotlin/kotlin-stdlib-jdk8/1.9.25/kotlin-stdlib-jdk8-1.9.25.jar:/home/runner/.m2/repository/org/jetbrains/kotlin/kotlin-stdlib/1.9.25/kotlin-stdlib-1.9.25.jar:/home/runner/.m2/repository/org/jetbrains/annotations/13.0/annotations-13.0.jar:/home/runner/.m2/repository/org/jetbrains/kotlin/kotlin-stdlib-jdk7/1.9.25/kotlin-stdlib-jdk7-1.9.25.jar:/home/runner/.m2/repository/commons-codec/commons-codec/1.18.0/commons-codec-1.18.0.jar:/home/runner/.m2/repository/commons-io/commons-io/2.18.0/commons-io-2.18.0.jar:/home/runner/.m2/repository/commons-validator/commons-validator/1.6/commons-validator-1.6.jar:/home/runner/.m2/repository/commons-beanutils/commons-beanutils/1.11.0/commons-beanutils-1.11.0.jar:/home/runner/.m2/repository/commons-digester/commons-digester/1.8.1/commons-digester-1.8.1.jar:/home/runner/.m2/repository/commons-collections/commons-collections/3.2.2/commons-collections-3.2.2.jar:/home/runner/.m2/repository/info/picocli/picocli/4.7.7/picocli-4.7.7.jar:/home/runner/.m2/repository/jakarta/annotation/jakarta.annotation-api/2.1.1/jakarta.annotation-api-2.1.1.jar:/home/runner/.m2/repository/jakarta/xml/bind/jakarta.xml.bind-api/2.3.3/jakarta.xml.bind-api-2.3.3.jar:/home/runner/.m2/repository/jakarta/activation/jakarta.activation-api/1.2.2/jakarta.activation-api-1.2.2.jar:/home/runner/.m2/repository/javax/servlet/javax.servlet-api/3.1.0/javax.servlet-api-3.1.0.jar:/home/runner/.m2/repository/javax/ws/rs/jsr311-api/1.1.1/jsr311-api-1.1.1.jar:/home/runner/.m2/repository/org/apache/commons/commons-compress/1.27.1/commons-compress-1.27.1.jar:/home/runner/.m2/repository/org/apache/commons/commons-lang3/3.17.0/commons-lang3-3.17.0.jar:/home/runner/.m2/repository/org/apache/commons/commons-text/1.13.1/commons-text-1.13.1.jar:/home/runner/.m2/repository/org/apache/hadoop/hadoop-auth/3.4.1/hadoop-auth-3.4.1.jar:/home/runner/.m2/repository/com/nimbusds/nimbus-jose-jwt/9.40/nimbus-jose-jwt-9.40.jar:/home/runner/.m2/repository/io/dropwizard/metrics/metrics-core/3.2.6/metrics-core-3.2.6.jar:/home/runner/.m2/repository/org/apache/kerby/kerb-core/1.0.1/kerb-core-1.0.1.jar:/home/runner/.m2/repository/org/apache/kerby/kerby-pkix/1.0.1/kerby-pkix-1.0.1.jar:/home/runner/.m2/repository/org/apache/kerby/kerby-asn1/1.0.1/kerby-asn1-1.0.1.jar:/home/runner/.m2/repository/org/apache/kerby/kerb-util/1.0.1/kerb-util-1.0.1.jar:/home/runner/.m2/repository/org/apache/kerby/kerby-config/1.0.1/kerby-config-1.0.1.jar:/home/runner/.m2/repository/org/apache/kerby/kerb-crypto/1.0.1/kerb-crypto-1.0.1.jar:/home/runner/.m2/repository/org/apache/hadoop/thirdparty/hadoop-shaded-guava/1.3.0/hadoop-shaded-guava-1.3.0.jar:/home/runner/.m2/repository/org/apache/hadoop/hadoop-common/3.4.1/hadoop-common-3.4.1.jar:/home/runner/.m2/repository/org/apache/hadoop/thirdparty/hadoop-shaded-protobuf_3_25/1.4.0/hadoop-shaded-protobuf_3_25-1.4.0.jar:/home/runner/.m2/repository/org/apache/hadoop/hadoop-annotations/3.4.1/hadoop-annotations-3.4.1.jar:/home/runner/.m2/repository/commons-cli/commons-cli/1.8.0/commons-cli-1.8.0.jar:/home/runner/.m2/repository/commons-net/commons-net/3.11.1/commons-net-3.11.1.jar:/home/runner/.m2/repository/org/eclipse/jetty/jetty-server/9.4.57.v20241219/jetty-server-9.4.57.v20241219.jar:/home/runner/.m2/repository/org/eclipse/jetty/jetty-io/9.4.57.v20241219/jetty-io-9.4.57.v20241219.jar:/home/runner/.m2/repository/org/eclipse/jetty/jetty-util/9.4.57.v20241219/jetty-util-9.4.57.v20241219.jar:/home/runner/.m2/repository/org/eclipse/jetty/jetty-servlet/9.4.57.v20241219/jetty-servlet-9.4.57.v20241219.jar:/home/runner/.m2/repository/org/eclipse/jetty/jetty-security/9.4.57.v20241219/jetty-security-9.4.57.v20241219.jar:/home/runner/.m2/repository/org/eclipse/jetty/jetty-webapp/9.4.57.v20241219/jetty-webapp-9.4.57.v20241219.jar:/home/runner/.m2/repository/org/eclipse/jetty/jetty-xml/9.4.57.v20241219/jetty-xml-9.4.57.v20241219.jar:/home/runner/.m2/repository/javax/servlet/jsp/jsp-api/2.1/jsp-api-2.1.jar:/home/runner/.m2/repository/org/codehaus/jettison/jettison/1.5.4/jettison-1.5.4.jar:/home/runner/.m2/repository/org/apache/commons/commons-configuration2/2.12.0/commons-configuration2-2.12.0.jar:/home/runner/.m2/repository/com/google/re2j/re2j/1.7/re2j-1.7.jar:/home/runner/.m2/repository/com/google/code/gson/gson/2.10.1/gson-2.10.1.jar:/home/runner/.m2/repository/com/jcraft/jsch/0.1.55/jsch-0.1.55.jar:/home/runner/.m2/repository/io/netty/netty-handler/4.1.119.Final/netty-handler-4.1.119.Final.jar:/home/runner/.m2/repository/io/netty/netty-resolver/4.1.119.Final/netty-resolver-4.1.119.Final.jar:/home/runner/.m2/repository/io/netty/netty-transport-native-epoll/4.1.119.Final/netty-transport-native-epoll-4.1.119.Final.jar:/home/runner/.m2/repository/org/bouncycastle/bcprov-jdk18on/1.81/bcprov-jdk18on-1.81.jar:/home/runner/.m2/repository/org/codehaus/woodstox/stax2-api/4.2.1/stax2-api-4.2.1.jar:/home/runner/.m2/repository/com/fasterxml/woodstox/woodstox-core/5.4.0/woodstox-core-5.4.0.jar:/home/runner/.m2/repository/dnsjava/dnsjava/3.6.1/dnsjava-3.6.1.jar:/home/runner/.m2/repository/org/apache/hadoop/hadoop-common/3.4.1/hadoop-common-3.4.1-tests.jar:/home/runner/.m2/repository/org/apache/commons/commons-math3/3.6.1/commons-math3-3.6.1.jar:/home/runner/.m2/repository/com/sun/jersey/jersey-core/1.19.4/jersey-core-1.19.4.jar:/home/runner/.m2/repository/com/sun/jersey/jersey-servlet/1.19.4/jersey-servlet-1.19.4.jar:/home/runner/.m2/repository/com/github/pjfanning/jersey-json/1.22.0/jersey-json-1.22.0.jar:/home/runner/.m2/repository/com/sun/xml/bind/jaxb-impl/2.2.3-1/jaxb-impl-2.2.3-1.jar:/home/runner/.m2/repository/com/sun/jersey/jersey-server/1.19.4/jersey-server-1.19.4.jar:/home/runner/.m2/repository/org/slf4j/slf4j-reload4j/2.0.17/slf4j-reload4j-2.0.17.jar:/home/runner/.m2/repository/org/apache/avro/avro/1.9.2/avro-1.9.2.jar:/home/runner/.m2/repository/org/apache/curator/curator-client/4.2.0/curator-client-4.2.0.jar:/home/runner/.m2/repository/org/apache/curator/curator-recipes/5.2.0/curator-recipes-5.2.0.jar:/home/runner/.m2/repository/org/apache/curator/curator-framework/4.2.0/curator-framework-4.2.0.jar:/home/runner/.m2/repository/com/google/code/findbugs/jsr305/3.0.2/jsr305-3.0.2.jar:/home/runner/.m2/repository/org/apache/zookeeper/zookeeper/3.8.4/zookeeper-3.8.4.jar:/home/runner/.m2/repository/org/apache/zookeeper/zookeeper-jute/3.8.4/zookeeper-jute-3.8.4.jar:/home/runner/.m2/repository/org/apache/yetus/audience-annotations/0.12.0/audience-annotations-0.12.0.jar:/home/runner/.m2/repository/org/xerial/snappy/snappy-java/1.1.10.7/snappy-java-1.1.10.7.jar:/home/runner/.m2/repository/org/apache/hadoop/hadoop-distcp/3.4.1/hadoop-distcp-3.4.1.jar:/home/runner/.m2/repository/org/apache/hadoop/hadoop-distcp/3.4.1/hadoop-distcp-3.4.1-tests.jar:/home/runner/.m2/repository/org/apache/hadoop/hadoop-hdfs/3.4.1/hadoop-hdfs-3.4.1.jar:/home/runner/.m2/repository/org/eclipse/jetty/jetty-util-ajax/9.4.57.v20241219/jetty-util-ajax-9.4.57.v20241219.jar:/home/runner/.m2/repository/commons-daemon/commons-daemon/1.4.0/commons-daemon-1.4.0.jar:/home/runner/.m2/repository/org/apache/hadoop/hadoop-hdfs/3.4.1/hadoop-hdfs-3.4.1-tests.jar:/home/runner/.m2/repository/io/netty/netty-all/4.1.119.Final/netty-all-4.1.119.Final.jar:/home/runner/.m2/repository/io/netty/netty-codec-dns/4.1.119.Final/netty-codec-dns-4.1.119.Final.jar:/home/runner/.m2/repository/io/netty/netty-codec-haproxy/4.1.119.Final/netty-codec-haproxy-4.1.119.Final.jar:/home/runner/.m2/repository/io/netty/netty-codec-http/4.1.119.Final/netty-codec-http-4.1.119.Final.jar:/home/runner/.m2/repository/io/netty/netty-codec-memcache/4.1.119.Final/netty-codec-memcache-4.1.119.Final.jar:/home/runner/.m2/repository/io/netty/netty-codec-mqtt/4.1.119.Final/netty-codec-mqtt-4.1.119.Final.jar:/home/runner/.m2/repository/io/netty/netty-codec-redis/4.1.119.Final/netty-codec-redis-4.1.119.Final.jar:/home/runner/.m2/repository/io/netty/netty-codec-smtp/4.1.119.Final/netty-codec-smtp-4.1.119.Final.jar:/home/runner/.m2/repository/io/netty/netty-codec-socks/4.1.119.Final/netty-codec-socks-4.1.119.Final.jar:/home/runner/.m2/repository/io/netty/netty-codec-stomp/4.1.119.Final/netty-codec-stomp-4.1.119.Final.jar:/home/runner/.m2/repository/io/netty/netty-codec-xml/4.1.119.Final/netty-codec-xml-4.1.119.Final.jar:/home/runner/.m2/repository/io/netty/netty-handler-ssl-ocsp/4.1.119.Final/netty-handler-ssl-ocsp-4.1.119.Final.jar:/home/runner/.m2/repository/io/netty/netty-resolver-dns/4.1.119.Final/netty-resolver-dns-4.1.119.Final.jar:/home/runner/.m2/repository/io/netty/netty-transport-rxtx/4.1.119.Final/netty-transport-rxtx-4.1.119.Final.jar:/home/runner/.m2/repository/io/netty/netty-transport-sctp/4.1.119.Final/netty-transport-sctp-4.1.119.Final.jar:/home/runner/.m2/repository/io/netty/netty-transport-udt/4.1.119.Final/netty-transport-udt-4.1.119.Final.jar:/home/runner/.m2/repository/io/netty/netty-transport-classes-kqueue/4.1.119.Final/netty-transport-classes-kqueue-4.1.119.Final.jar:/home/runner/.m2/repository/io/netty/netty-resolver-dns-classes-macos/4.1.119.Final/netty-resolver-dns-classes-macos-4.1.119.Final.jar:/home/runner/.m2/repository/io/netty/netty-transport-native-epoll/4.1.119.Final/netty-transport-native-epoll-4.1.119.Final-linux-aarch_64.jar:/home/runner/.m2/repository/io/netty/netty-transport-native-epoll/4.1.119.Final/netty-transport-native-epoll-4.1.119.Final-linux-riscv64.jar:/home/runner/.m2/repository/io/netty/netty-transport-native-kqueue/4.1.119.Final/netty-transport-native-kqueue-4.1.119.Final-osx-x86_64.jar:/home/runner/.m2/repository/io/netty/netty-transport-native-kqueue/4.1.119.Final/netty-transport-native-kqueue-4.1.119.Final-osx-aarch_64.jar:/home/runner/.m2/repository/io/netty/netty-resolver-dns-native-macos/4.1.119.Final/netty-resolver-dns-native-macos-4.1.119.Final-osx-x86_64.jar:/home/runner/.m2/repository/io/netty/netty-resolver-dns-native-macos/4.1.119.Final/netty-resolver-dns-native-macos-4.1.119.Final-osx-aarch_64.jar:/home/runner/.m2/repository/org/fusesource/leveldbjni/leveldbjni-all/1.8/leveldbjni-all-1.8.jar:/home/runner/.m2/repository/org/apache/hadoop/hadoop-hdfs-client/3.4.1/hadoop-hdfs-client-3.4.1.jar:/home/runner/.m2/repository/org/apache/hadoop/hadoop-kms/3.4.1/hadoop-kms-3.4.1.jar:/home/runner/.m2/repository/org/apache/hadoop/hadoop-kms/3.4.1/hadoop-kms-3.4.1-tests.jar:/home/runner/.m2/repository/org/apache/hadoop/hadoop-mapreduce-client-core/3.4.1/hadoop-mapreduce-client-core-3.4.1.jar:/home/runner/.m2/repository/org/apache/hadoop/hadoop-yarn-client/3.4.1/hadoop-yarn-client-3.4.1.jar:/home/runner/.m2/repository/org/eclipse/jetty/websocket/websocket-client/9.4.53.v20231009/websocket-client-9.4.53.v20231009.jar:/home/runner/.m2/repository/org/eclipse/jetty/jetty-client/9.4.57.v20241219/jetty-client-9.4.57.v20241219.jar:/home/runner/.m2/repository/org/eclipse/jetty/websocket/websocket-common/9.4.53.v20231009/websocket-common-9.4.53.v20231009.jar:/home/runner/.m2/repository/org/eclipse/jetty/websocket/websocket-api/9.4.53.v20231009/websocket-api-9.4.53.v20231009.jar:/home/runner/.m2/repository/org/apache/hadoop/hadoop-yarn-api/3.4.1/hadoop-yarn-api-3.4.1.jar:/home/runner/.m2/repository/org/apache/hadoop/hadoop-yarn-common/3.4.1/hadoop-yarn-common-3.4.1.jar:/home/runner/.m2/repository/javax/xml/bind/jaxb-api/2.2.11/jaxb-api-2.2.11.jar:/home/runner/.m2/repository/com/sun/jersey/contribs/jersey-guice/1.19.4/jersey-guice-1.19.4.jar:/home/runner/.m2/repository/com/fasterxml/jackson/module/jackson-module-jaxb-annotations/2.16.2/jackson-module-jaxb-annotations-2.16.2.jar:/home/runner/.m2/repository/com/fasterxml/jackson/jaxrs/jackson-jaxrs-json-provider/2.16.2/jackson-jaxrs-json-provider-2.16.2.jar:/home/runner/.m2/repository/com/google/inject/extensions/guice-servlet/6.0.0/guice-servlet-6.0.0.jar:/home/runner/.m2/repository/org/apache/hadoop/hadoop-mapreduce-client-jobclient/3.4.1/hadoop-mapreduce-client-jobclient-3.4.1.jar:/home/runner/.m2/repository/org/apache/hadoop/hadoop-mapreduce-client-common/3.4.1/hadoop-mapreduce-client-common-3.4.1.jar:/home/runner/.m2/repository/org/apache/hadoop/hadoop-minikdc/3.4.1/hadoop-minikdc-3.4.1.jar:/home/runner/.m2/repository/org/apache/kerby/kerb-simplekdc/2.0.3/kerb-simplekdc-2.0.3.jar:/home/runner/.m2/repository/org/apache/kerby/kerb-client/2.0.3/kerb-client-2.0.3.jar:/home/runner/.m2/repository/org/apache/kerby/kerb-common/2.0.3/kerb-common-2.0.3.jar:/home/runner/.m2/repository/org/apache/kerby/token-provider/2.0.3/token-provider-2.0.3.jar:/home/runner/.m2/repository/org/apache/kerby/kerb-admin/2.0.3/kerb-admin-2.0.3.jar:/home/runner/.m2/repository/org/apache/kerby/kerb-server/2.0.3/kerb-server-2.0.3.jar:/home/runner/.m2/repository/org/apache/kerby/kerb-identity/2.0.3/kerb-identity-2.0.3.jar:/home/runner/.m2/repository/org/apache/kerby/kerby-xdr/2.0.3/kerby-xdr-2.0.3.jar:/home/runner/.m2/repository/junit/junit/4.13.2/junit-4.13.2.jar:/home/runner/.m2/repository/org/hamcrest/hamcrest-core/1.3/hamcrest-core-1.3.jar:/home/runner/.m2/repository/org/apache/httpcomponents/httpclient/4.5.14/httpclient-4.5.14.jar:/home/runner/.m2/repository/org/apache/httpcomponents/httpcore/4.4.16/httpcore-4.4.16.jar:/home/runner/.m2/repository/org/apache/kerby/kerby-util/1.0.1/kerby-util-1.0.1.jar:/home/runner/work/ozone/ozone/hadoop-hdds/client/target/hdds-client-2.1.0-SNAPSHOT.jar:/home/runner/.m2/repository/io/opentracing/opentracing-api/0.33.0/opentracing-api-0.33.0.jar:/home/runner/.m2/repository/io/opentracing/opentracing-util/0.33.0/opentracing-util-0.33.0.jar:/home/runner/.m2/repository/io/opentracing/opentracing-noop/0.33.0/opentracing-noop-0.33.0.jar:/home/runner/work/ozone/ozone/hadoop-hdds/erasurecode/target/hdds-erasurecode-2.1.0-SNAPSHOT.jar:/home/runner/work/ozone/ozone/hadoop-hdds/common/target/hdds-common-2.1.0-SNAPSHOT.jar:/home/runner/.m2/repository/com/fasterxml/jackson/datatype/jackson-datatype-jsr310/2.16.2/jackson-datatype-jsr310-2.16.2.jar:/home/runner/.m2/repository/io/jaegertracing/jaeger-core/1.8.1/jaeger-core-1.8.1.jar:/home/runner/.m2/repository/org/apache/ratis/ratis-netty/3.2.0/ratis-netty-3.2.0.jar:/home/runner/.m2/repository/org/yaml/snakeyaml/2.0/snakeyaml-2.0.jar:/home/runner/.m2/repository/io/jaegertracing/jaeger-client/1.8.1/jaeger-client-1.8.1.jar:/home/runner/.m2/repository/io/jaegertracing/jaeger-thrift/1.8.1/jaeger-thrift-1.8.1.jar:/home/runner/.m2/repository/org/apache/thrift/libthrift/0.15.0/libthrift-0.15.0.jar:/home/runner/.m2/repository/io/jaegertracing/jaeger-tracerresolver/1.8.1/jaeger-tracerresolver-1.8.1.jar:/home/runner/.m2/repository/io/opentracing/contrib/opentracing-tracerresolver/0.1.8/opentracing-tracerresolver-0.1.8.jar:/home/runner/.m2/repository/org/apache/ratis/ratis-metrics-dropwizard3/3.2.0/ratis-metrics-dropwizard3-3.2.0.jar:/home/runner/.m2/repository/org/slf4j/jcl-over-slf4j/2.0.17/jcl-over-slf4j-2.0.17.jar:/home/runner/work/ozone/ozone/hadoop-hdds/common/target/hdds-common-2.1.0-SNAPSHOT-tests.jar:/home/runner/work/ozone/ozone/hadoop-hdds/config/target/hdds-config-2.1.0-SNAPSHOT.jar:/home/runner/work/ozone/ozone/hadoop-hdds/container-service/target/hdds-container-service-2.1.0-SNAPSHOT.jar:/home/runner/.m2/repository/io/netty/netty-buffer/4.1.119.Final/netty-buffer-4.1.119.Final.jar:/home/runner/.m2/repository/io/netty/netty-codec/4.1.119.Final/netty-codec-4.1.119.Final.jar:/home/runner/.m2/repository/io/netty/netty-common/4.1.119.Final/netty-common-4.1.119.Final.jar:/home/runner/.m2/repository/io/netty/netty-transport/4.1.119.Final/netty-transport-4.1.119.Final.jar:/home/runner/.m2/repository/org/apache/logging/log4j/log4j-api/2.25.0/log4j-api-2.25.0.jar:/home/runner/.m2/repository/com/github/luben/zstd-jni/1.5.7-3/zstd-jni-1.5.7-3.jar:/home/runner/.m2/repository/log4j/apache-log4j-extras/1.2.17/apache-log4j-extras-1.2.17.jar:/home/runner/.m2/repository/org/glassfish/jaxb/jaxb-runtime/2.3.9/jaxb-runtime-2.3.9.jar:/home/runner/.m2/repository/org/glassfish/jaxb/txw2/2.3.9/txw2-2.3.9.jar:/home/runner/.m2/repository/com/sun/istack/istack-commons-runtime/3.0.12/istack-commons-runtime-3.0.12.jar:/home/runner/.m2/repository/com/sun/activation/jakarta.activation/1.2.2/jakarta.activation-1.2.2.jar:/home/runner/work/ozone/ozone/hadoop-hdds/container-service/target/hdds-container-service-2.1.0-SNAPSHOT-tests.jar:/home/runner/work/ozone/ozone/hadoop-hdds/interface-admin/target/hdds-interface-admin-2.1.0-SNAPSHOT.jar:/home/runner/work/ozone/ozone/hadoop-hdds/interface-client/target/hdds-interface-client-2.1.0-SNAPSHOT.jar:/home/runner/work/ozone/ozone/hadoop-hdds/interface-server/target/hdds-interface-server-2.1.0-SNAPSHOT.jar:/home/runner/work/ozone/ozone/hadoop-hdds/managed-rocksdb/target/hdds-managed-rocksdb-2.1.0-SNAPSHOT.jar:/home/runner/work/ozone/ozone/hadoop-hdds/rocks-native/target/hdds-rocks-native-2.1.0-SNAPSHOT.jar:/home/runner/work/ozone/ozone/hadoop-hdds/framework/target/hdds-server-framework-2.1.0-SNAPSHOT.jar:/home/runner/.m2/repository/com/github/jnr/jnr-constants/0.10.4/jnr-constants-0.10.4.jar:/home/runner/.m2/repository/com/github/jnr/jnr-posix/3.1.20/jnr-posix-3.1.20.jar:/home/runner/.m2/repository/com/github/jnr/jnr-ffi/2.2.17/jnr-ffi-2.2.17.jar:/home/runner/.m2/repository/com/github/jnr/jffi/1.3.13/jffi-1.3.13.jar:/home/runner/.m2/repository/com/github/jnr/jffi/1.3.13/jffi-1.3.13-native.jar:/home/runner/.m2/repository/org/ow2/asm/asm/9.7.1/asm-9.7.1.jar:/home/runner/.m2/repository/org/ow2/asm/asm-commons/9.7.1/asm-commons-9.7.1.jar:/home/runner/.m2/repository/org/ow2/asm/asm-analysis/9.7.1/asm-analysis-9.7.1.jar:/home/runner/.m2/repository/org/ow2/asm/asm-tree/9.7.1/asm-tree-9.7.1.jar:/home/runner/.m2/repository/org/ow2/asm/asm-util/9.7.1/asm-util-9.7.1.jar:/home/runner/.m2/repository/com/github/jnr/jnr-a64asm/1.0.0/jnr-a64asm-1.0.0.jar:/home/runner/.m2/repository/com/github/jnr/jnr-x86asm/1.0.2/jnr-x86asm-1.0.2.jar:/home/runner/.m2/repository/commons-fileupload/commons-fileupload/1.5/commons-fileupload-1.5.jar:/home/runner/.m2/repository/io/grpc/grpc-api/1.71.0/grpc-api-1.71.0.jar:/home/runner/.m2/repository/io/prometheus/simpleclient/0.16.0/simpleclient-0.16.0.jar:/home/runner/.m2/repository/io/prometheus/simpleclient_common/0.16.0/simpleclient_common-0.16.0.jar:/home/runner/.m2/repository/io/prometheus/simpleclient_dropwizard/0.16.0/simpleclient_dropwizard-0.16.0.jar:/home/runner/.m2/repository/jakarta/ws/rs/jakarta.ws.rs-api/2.1.6/jakarta.ws.rs-api-2.1.6.jar:/home/runner/.m2/repository/org/eclipse/jetty/jetty-http/9.4.57.v20241219/jetty-http-9.4.57.v20241219.jar:/home/runner/.m2/repository/org/glassfish/jersey/containers/jersey-container-servlet-core/2.47/jersey-container-servlet-core-2.47.jar:/home/runner/.m2/repository/org/glassfish/jersey/core/jersey-server/2.47/jersey-server-2.47.jar:/home/runner/.m2/repository/org/glassfish/jersey/core/jersey-client/2.47/jersey-client-2.47.jar:/home/runner/.m2/repository/com/lmax/disruptor/3.4.4/disruptor-3.4.4.jar:/home/runner/.m2/repository/org/apache/logging/log4j/log4j-core/2.25.0/log4j-core-2.25.0.jar:/home/runner/work/ozone/ozone/hadoop-hdds/framework/target/hdds-server-framework-2.1.0-SNAPSHOT-tests.jar:/home/runner/work/ozone/ozone/hadoop-hdds/server-scm/target/hdds-server-scm-2.1.0-SNAPSHOT.jar:/home/runner/work/ozone/ozone/hadoop-hdds/server-scm/target/hdds-server-scm-2.1.0-SNAPSHOT-tests.jar:/home/runner/work/ozone/ozone/hadoop-hdds/test-utils/target/hdds-test-utils-2.1.0-SNAPSHOT-tests.jar:/home/runner/work/ozone/ozone/hadoop-ozone/cli-admin/target/ozone-cli-admin-2.1.0-SNAPSHOT.jar:/home/runner/work/ozone/ozone/hadoop-ozone/cli-shell/target/ozone-cli-shell-2.1.0-SNAPSHOT.jar:/home/runner/.m2/repository/info/picocli/picocli-shell-jline3/4.7.7/picocli-shell-jline3-4.7.7.jar:/home/runner/.m2/repository/org/jline/jline/3.30.4/jline-3.30.4.jar:/home/runner/work/ozone/ozone/hadoop-ozone/client/target/ozone-client-2.1.0-SNAPSHOT.jar:/home/runner/work/ozone/ozone/hadoop-ozone/common/target/ozone-common-2.1.0-SNAPSHOT.jar:/home/runner/.m2/repository/io/grpc/grpc-netty/1.71.0/grpc-netty-1.71.0.jar:/home/runner/.m2/repository/org/codehaus/mojo/animal-sniffer-annotations/1.24/animal-sniffer-annotations-1.24.jar:/home/runner/.m2/repository/io/grpc/grpc-core/1.71.0/grpc-core-1.71.0.jar:/home/runner/.m2/repository/com/google/android/annotations/4.1.1.4/annotations-4.1.1.4.jar:/home/runner/.m2/repository/io/grpc/grpc-context/1.71.0/grpc-context-1.71.0.jar:/home/runner/.m2/repository/io/perfmark/perfmark-api/0.27.0/perfmark-api-0.27.0.jar:/home/runner/.m2/repository/io/grpc/grpc-util/1.71.0/grpc-util-1.71.0.jar:/home/runner/.m2/repository/io/netty/netty-codec-http2/4.1.119.Final/netty-codec-http2-4.1.119.Final.jar:/home/runner/.m2/repository/io/netty/netty-handler-proxy/4.1.119.Final/netty-handler-proxy-4.1.119.Final.jar:/home/runner/.m2/repository/io/netty/netty-tcnative-boringssl-static/2.0.70.Final/netty-tcnative-boringssl-static-2.0.70.Final.jar:/home/runner/.m2/repository/io/netty/netty-tcnative-classes/2.0.70.Final/netty-tcnative-classes-2.0.70.Final.jar:/home/runner/.m2/repository/io/netty/netty-tcnative-boringssl-static/2.0.70.Final/netty-tcnative-boringssl-static-2.0.70.Final-linux-x86_64.jar:/home/runner/.m2/repository/io/netty/netty-tcnative-boringssl-static/2.0.70.Final/netty-tcnative-boringssl-static-2.0.70.Final-linux-aarch_64.jar:/home/runner/.m2/repository/io/netty/netty-tcnative-boringssl-static/2.0.70.Final/netty-tcnative-boringssl-static-2.0.70.Final-osx-x86_64.jar:/home/runner/.m2/repository/io/netty/netty-tcnative-boringssl-static/2.0.70.Final/netty-tcnative-boringssl-static-2.0.70.Final-osx-aarch_64.jar:/home/runner/.m2/repository/io/netty/netty-tcnative-boringssl-static/2.0.70.Final/netty-tcnative-boringssl-static-2.0.70.Final-windows-x86_64.jar:/home/runner/work/ozone/ozone/hadoop-ozone/csi/target/ozone-csi-2.1.0-SNAPSHOT.jar:/home/runner/.m2/repository/io/grpc/grpc-protobuf/1.71.0/grpc-protobuf-1.71.0.jar:/home/runner/.m2/repository/com/google/api/grpc/proto-google-common-protos/2.51.0/proto-google-common-protos-2.51.0.jar:/home/runner/.m2/repository/io/grpc/grpc-protobuf-lite/1.71.0/grpc-protobuf-lite-1.71.0.jar:/home/runner/.m2/repository/io/grpc/grpc-stub/1.71.0/grpc-stub-1.71.0.jar:/home/runner/.m2/repository/io/netty/netty-transport-classes-epoll/4.1.119.Final/netty-transport-classes-epoll-4.1.119.Final.jar:/home/runner/.m2/repository/io/netty/netty-transport-native-unix-common/4.1.119.Final/netty-transport-native-unix-common-4.1.119.Final.jar:/home/runner/.m2/repository/io/netty/netty-transport-native-epoll/4.1.119.Final/netty-transport-native-epoll-4.1.119.Final-linux-x86_64.jar:/home/runner/work/ozone/ozone/hadoop-ozone/ozonefs/target/ozone-filesystem-2.1.0-SNAPSHOT.jar:/home/runner/work/ozone/ozone/hadoop-ozone/ozonefs-common/target/ozone-filesystem-common-2.1.0-SNAPSHOT.jar:/home/runner/work/ozone/ozone/hadoop-ozone/freon/target/ozone-freon-2.1.0-SNAPSHOT.jar:/home/runner/.m2/repository/com/amazonaws/aws-java-sdk-core/1.12.661/aws-java-sdk-core-1.12.661.jar:/home/runner/.m2/repository/com/fasterxml/jackson/dataformat/jackson-dataformat-cbor/2.16.2/jackson-dataformat-cbor-2.16.2.jar:/home/runner/.m2/repository/joda-time/joda-time/2.12.7/joda-time-2.12.7.jar:/home/runner/.m2/repository/com/amazonaws/aws-java-sdk-s3/1.12.661/aws-java-sdk-s3-1.12.661.jar:/home/runner/.m2/repository/com/amazonaws/aws-java-sdk-kms/1.12.661/aws-java-sdk-kms-1.12.661.jar:/home/runner/.m2/repository/com/amazonaws/jmespath-java/1.12.661/jmespath-java-1.12.661.jar:/home/runner/work/ozone/ozone/hadoop-ozone/interface-client/target/ozone-interface-client-2.1.0-SNAPSHOT.jar:/home/runner/work/ozone/ozone/hadoop-ozone/interface-storage/target/ozone-interface-storage-2.1.0-SNAPSHOT.jar:/home/runner/work/ozone/ozone/hadoop-ozone/ozone-manager/target/ozone-manager-2.1.0-SNAPSHOT.jar:/home/runner/.m2/repository/com/sun/jersey/jersey-client/1.19.4/jersey-client-1.19.4.jar:/home/runner/.m2/repository/org/apache/ranger/ranger-plugins-common/2.6.0/ranger-plugins-common-2.6.0.jar:/home/runner/.m2/repository/com/fasterxml/jackson/jaxrs/jackson-jaxrs-base/2.16.2/jackson-jaxrs-base-2.16.2.jar:/home/runner/.m2/repository/com/kstruct/gethostname4j/1.0.0/gethostname4j-1.0.0.jar:/home/runner/.m2/repository/commons-lang/commons-lang/2.6/commons-lang-2.6.jar:/home/runner/.m2/repository/net/java/dev/jna/jna/5.2.0/jna-5.2.0.jar:/home/runner/.m2/repository/net/java/dev/jna/jna-platform/5.2.0/jna-platform-5.2.0.jar:/home/runner/.m2/repository/org/apache/ranger/ranger-plugin-classloader/2.6.0/ranger-plugin-classloader-2.6.0.jar:/home/runner/.m2/repository/org/apache/ranger/ranger-plugins-audit/2.6.0/ranger-plugins-audit-2.6.0.jar:/home/runner/.m2/repository/com/amazonaws/aws-java-sdk-logs/1.12.765/aws-java-sdk-logs-1.12.765.jar:/home/runner/.m2/repository/com/carrotsearch/hppc/0.8.0/hppc-0.8.0.jar:/home/runner/.m2/repository/io/airlift/aircompressor/0.27/aircompressor-0.27.jar:/home/runner/.m2/repository/org/apache/httpcomponents/httpasyncclient/4.1.4/httpasyncclient-4.1.4.jar:/home/runner/.m2/repository/org/apache/httpcomponents/httpcore-nio/4.4.16/httpcore-nio-4.4.16.jar:/home/runner/.m2/repository/org/apache/httpcomponents/httpmime/4.5.13/httpmime-4.5.13.jar:/home/runner/.m2/repository/org/apache/orc/orc-core/1.5.8/orc-core-1.5.8.jar:/home/runner/.m2/repository/org/apache/orc/orc-shims/1.5.8/orc-shims-1.5.8.jar:/home/runner/.m2/repository/org/apache/ranger/ranger-plugins-cred/2.6.0/ranger-plugins-cred-2.6.0.jar:/home/runner/.m2/repository/org/aspectj/aspectjrt/1.9.7/aspectjrt-1.9.7.jar:/home/runner/work/ozone/ozone/hadoop-ozone/ozone-manager/target/ozone-manager-2.1.0-SNAPSHOT-tests.jar:/home/runner/work/ozone/ozone/hadoop-ozone/mini-cluster/target/ozone-mini-cluster-2.1.0-SNAPSHOT.jar:/home/runner/work/ozone/ozone/hadoop-ozone/recon/target/ozone-recon-2.1.0-SNAPSHOT.jar:/home/runner/.m2/repository/aopalliance/aopalliance/1.0/aopalliance-1.0.jar:/home/runner/.m2/repository/com/google/inject/guice/6.0.0/guice-6.0.0.jar:/home/runner/.m2/repository/jakarta/inject/jakarta.inject-api/2.0.1/jakarta.inject-api-2.0.1.jar:/home/runner/.m2/repository/com/jolbox/bonecp/0.8.0.RELEASE/bonecp-0.8.0.RELEASE.jar:/home/runner/.m2/repository/jakarta/validation/jakarta.validation-api/2.0.2/jakarta.validation-api-2.0.2.jar:/home/runner/.m2/repository/javax/annotation/javax.annotation-api/1.3.2/javax.annotation-api-1.3.2.jar:/home/runner/.m2/repository/javax/inject/javax.inject/1/javax.inject-1.jar:/home/runner/.m2/repository/org/apache/derby/derby/10.14.2.0/derby-10.14.2.0.jar:/home/runner/.m2/repository/org/glassfish/hk2/guice-bridge/2.6.1/guice-bridge-2.6.1.jar:/home/runner/.m2/repository/org/glassfish/hk2/hk2-api/2.6.1/hk2-api-2.6.1.jar:/home/runner/.m2/repository/org/glassfish/hk2/hk2-utils/2.6.1/hk2-utils-2.6.1.jar:/home/runner/.m2/repository/org/glassfish/hk2/external/aopalliance-repackaged/2.6.1/aopalliance-repackaged-2.6.1.jar:/home/runner/.m2/repository/org/glassfish/jersey/core/jersey-common/2.47/jersey-common-2.47.jar:/home/runner/.m2/repository/org/glassfish/hk2/osgi-resource-locator/1.0.3/osgi-resource-locator-1.0.3.jar:/home/runner/.m2/repository/org/jooq/jooq/3.11.10/jooq-3.11.10.jar:/home/runner/.m2/repository/org/springframework/spring-core/5.3.39/spring-core-5.3.39.jar:/home/runner/.m2/repository/org/springframework/spring-jdbc/5.3.39/spring-jdbc-5.3.39.jar:/home/runner/.m2/repository/org/springframework/spring-beans/5.3.39/spring-beans-5.3.39.jar:/home/runner/.m2/repository/org/springframework/spring-tx/5.3.39/spring-tx-5.3.39.jar:/home/runner/.m2/repository/org/xerial/sqlite-jdbc/3.50.1.0/sqlite-jdbc-3.50.1.0.jar:/home/runner/.m2/repository/com/google/inject/extensions/guice-assistedinject/6.0.0/guice-assistedinject-6.0.0.jar:/home/runner/.m2/repository/org/glassfish/hk2/external/jakarta.inject/2.6.1/jakarta.inject-2.6.1.jar:/home/runner/.m2/repository/org/glassfish/jersey/inject/jersey-hk2/2.47/jersey-hk2-2.47.jar:/home/runner/.m2/repository/org/glassfish/hk2/hk2-locator/2.6.1/hk2-locator-2.6.1.jar:/home/runner/.m2/repository/org/glassfish/jersey/media/jersey-media-jaxb/2.47/jersey-media-jaxb-2.47.jar:/home/runner/.m2/repository/org/glassfish/jersey/media/jersey-media-json-jackson/2.47/jersey-media-json-jackson-2.47.jar:/home/runner/.m2/repository/org/glassfish/jersey/ext/jersey-entity-filtering/2.47/jersey-entity-filtering-2.47.jar:/home/runner/work/ozone/ozone/hadoop-ozone/recon-codegen/target/ozone-reconcodegen-2.1.0-SNAPSHOT.jar:/home/runner/.m2/repository/org/jooq/jooq-codegen/3.11.10/jooq-codegen-3.11.10.jar:/home/runner/.m2/repository/org/jooq/jooq-meta/3.11.10/jooq-meta-3.11.10.jar:/home/runner/work/ozone/ozone/hadoop-ozone/s3gateway/target/ozone-s3gateway-2.1.0-SNAPSHOT.jar:/home/runner/work/ozone/ozone/hadoop-ozone/tools/target/ozone-tools-2.1.0-SNAPSHOT.jar:/home/runner/.m2/repository/com/github/vlsi/mxgraph/jgraphx/3.9.12/jgraphx-3.9.12.jar:/home/runner/.m2/repository/org/apache/ratis/ratis-shell/3.2.0/ratis-shell-3.2.0.jar:/home/runner/.m2/repository/org/apache/ratis/ratis-tools/3.2.0/ratis-tools-3.2.0.jar:/home/runner/.m2/repository/org/jgrapht/jgrapht-core/1.4.0/jgrapht-core-1.4.0.jar:/home/runner/.m2/repository/org/jheaps/jheaps/0.11/jheaps-0.11.jar:/home/runner/.m2/repository/org/jgrapht/jgrapht-ext/1.4.0/jgrapht-ext-1.4.0.jar:/home/runner/work/ozone/ozone/hadoop-hdds/rocksdb-checkpoint-differ/target/rocksdb-checkpoint-differ-2.1.0-SNAPSHOT.jar:/home/runner/.m2/repository/org/apache/ranger/ranger-intg/2.6.0/ranger-intg-2.6.0.jar:/home/runner/.m2/repository/org/apache/ratis/ratis-client/3.2.0/ratis-client-3.2.0.jar:/home/runner/.m2/repository/org/apache/ratis/ratis-common/3.2.0/ratis-common-3.2.0.jar:/home/runner/.m2/repository/org/apache/ratis/ratis-grpc/3.2.0/ratis-grpc-3.2.0.jar:/home/runner/.m2/repository/org/apache/ratis/ratis-metrics-api/3.2.0/ratis-metrics-api-3.2.0.jar:/home/runner/.m2/repository/org/apache/ratis/ratis-proto/3.2.0/ratis-proto-3.2.0.jar:/home/runner/.m2/repository/org/apache/ratis/ratis-server/3.2.0/ratis-server-3.2.0.jar:/home/runner/.m2/repository/org/apache/ratis/ratis-server-api/3.2.0/ratis-server-api-3.2.0.jar:/home/runner/.m2/repository/org/apache/ratis/ratis-thirdparty-misc/1.0.9/ratis-thirdparty-misc-1.0.9.jar:/home/runner/.m2/repository/org/bouncycastle/bcpkix-jdk18on/1.81/bcpkix-jdk18on-1.81.jar:/home/runner/.m2/repository/org/bouncycastle/bcutil-jdk18on/1.81/bcutil-jdk18on-1.81.jar:/home/runner/.m2/repository/org/hamcrest/hamcrest/2.2/hamcrest-2.2.jar:/home/runner/.m2/repository/org/reflections/reflections/0.10.2/reflections-0.10.2.jar:/home/runner/.m2/repository/org/javassist/javassist/3.30.2-GA/javassist-3.30.2-GA.jar:/home/runner/.m2/repository/org/rocksdb/rocksdbjni/7.7.3/rocksdbjni-7.7.3.jar:/home/runner/.m2/repository/org/slf4j/jul-to-slf4j/2.0.17/jul-to-slf4j-2.0.17.jar:/home/runner/.m2/repository/org/slf4j/slf4j-api/2.0.17/slf4j-api-2.0.17.jar:/home/runner/.m2/repository/org/assertj/assertj-core/3.27.3/assertj-core-3.27.3.jar:/home/runner/.m2/repository/net/bytebuddy/byte-buddy/1.15.11/byte-buddy-1.15.11.jar:/home/runner/.m2/repository/org/junit/jupiter/junit-jupiter-api/5.13.2/junit-jupiter-api-5.13.2.jar:/home/runner/.m2/repository/org/opentest4j/opentest4j/1.3.0/opentest4j-1.3.0.jar:/home/runner/.m2/repository/org/junit/platform/junit-platform-commons/1.13.2/junit-platform-commons-1.13.2.jar:/home/runner/.m2/repository/org/apiguardian/apiguardian-api/1.1.2/apiguardian-api-1.1.2.jar:/home/runner/.m2/repository/org/junit/jupiter/junit-jupiter-params/5.13.2/junit-jupiter-params-5.13.2.jar:/home/runner/.m2/repository/org/mockito/mockito-core/4.11.0/mockito-core-4.11.0.jar:/home/runner/.m2/repository/net/bytebuddy/byte-buddy-agent/1.12.19/byte-buddy-agent-1.12.19.jar:/home/runner/.m2/repository/org/objenesis/objenesis/3.3/objenesis-3.3.jar:/home/runner/.m2/repository/org/mockito/mockito-inline/4.11.0/mockito-inline-4.11.0.jar:/home/runner/.m2/repository/org/mockito/mockito-junit-jupiter/4.11.0/mockito-junit-jupiter-4.11.0.jar:/home/runner/work/ozone/ozone/hadoop-ozone/integration-test/target/gradle-enterprise/test-listeners.jar:"/>
    <property name="sun.cpu.endian" value="little"/>
    <property name="user.home" value="/home/runner"/>
    <property name="user.language" value="en"/>
    <property name="java.specification.vendor" value="Oracle Corporation"/>
    <property name="skipRecon" value="true"/>
    <property name="java.version.date" value="2025-04-15"/>
    <property name="java.home" value="/usr/lib/jvm/temurin-21-jdk-amd64"/>
    <property name="java.security.krb5.conf" value="/home/runner/work/ozone/ozone/hadoop-ozone/integration-test/target/test-classes/krb5.conf"/>
    <property name="file.separator" value="/"/>
    <property name="basedir" value="/home/runner/work/ozone/ozone/hadoop-ozone/integration-test"/>
    <property name="java.vm.compressedOopsMode" value="Zero based"/>
    <property name="line.separator" value="&#10;"/>
    <property name="java.vm.specification.vendor" value="Oracle Corporation"/>
    <property name="java.specification.name" value="Java Platform API Specification"/>
    <property name="surefire.real.class.path" value="/home/runner/work/ozone/ozone/hadoop-ozone/integration-test/target/surefire/surefirebooter-20250701083202419_1106.jar"/>
    <property name="hadoop.log.dir" value="/home/runner/work/ozone/ozone/hadoop-ozone/integration-test/target/log"/>
    <property name="sun.management.compiler" value="HotSpot 64-Bit Tiered Compilers"/>
    <property name="skipShade" value="true"/>
    <property name="java.runtime.version" value="21.0.7+6-LTS"/>
    <property name="user.name" value="runner"/>
    <property name="java.net.preferIPv4Stack" value="true"/>
    <property name="stdout.encoding" value="UTF-8"/>
    <property name="path.separator" value=":"/>
    <property name="java.security.egd" value="file:///dev/urandom"/>
    <property name="os.version" value="6.11.0-1015-azure"/>
    <property name="java.runtime.name" value="OpenJDK Runtime Environment"/>
    <property name="com.gradle.maven.scan.extension.test.listener.junitplatform.NestedExecutionSafeDelegatingTestExecutionListener" value="2b43529a"/>
    <property name="file.encoding" value="UTF-8"/>
    <property name="java.vm.name" value="OpenJDK 64-Bit Server VM"/>
    <property name="rocks_tools_native" value="true"/>
    <property name="java.vendor.version" value="Temurin-21.0.7+6"/>
    <property name="test.build.webapps" value=""/>
    <property name="develocity.listener.surefire.forkId" value="1"/>
    <property name="localRepository" value="/home/runner/.m2/repository"/>
    <property name="java.vendor.url.bug" value="https://github.com/adoptium/adoptium-support/issues"/>
    <property name="jetty.git.hash" value="df524e6b29271c2e09ba9aea83c18dc9db464a31"/>
    <property name="java.io.tmpdir" value="/tmp"/>
    <property name="require.test.libhadoop" value=""/>
    <property name="java.version" value="21.0.7"/>
    <property name="user.dir" value="/home/runner/work/ozone/ozone/hadoop-ozone/integration-test"/>
    <property name="os.arch" value="amd64"/>
    <property name="java.vm.specification.name" value="Java Virtual Machine Specification"/>
    <property name="test.build.classes" value="/home/runner/work/ozone/ozone/hadoop-ozone/integration-test/target/test-classes"/>
    <property name="org.apache.ratis.thirdparty.io.netty.allocator.useCacheForAllThreads" value="false"/>
    <property name="native.encoding" value="UTF-8"/>
    <property name="hadoop.tmp.dir" value="/home/runner/work/ozone/ozone/hadoop-ozone/integration-test/target/tmp"/>
    <property name="java.library.path" value="/usr/java/packages/lib:/usr/lib64:/lib64:/lib:/usr/lib"/>
    <property name="java.vm.info" value="mixed mode, sharing"/>
    <property name="stderr.encoding" value="UTF-8"/>
    <property name="java.vendor" value="Eclipse Adoptium"/>
    <property name="java.vm.version" value="21.0.7+6-LTS"/>
    <property name="sun.io.unicode.encoding" value="UnicodeLittle"/>
    <property name="develocity.listener.port" value="41283"/>
    <property name="java.class.version" value="65.0"/>
  </properties>
  <testcase name="testCreateEC" classname="org.apache.ozone.test.NonHATests$ContainerOperations" time="0.02">
    <system-out><![CDATA[2025-07-01 08:59:46,441 [main] INFO  proxy.SCMContainerLocationFailoverProxyProvider (SCMFailoverProxyProviderBase.java:<init>(120)) - Created fail-over proxy for protocol StorageContainerLocationProtocolPB with 1 nodes: [nodeId=scmNodeId,nodeAddress=/0.0.0.0:15000]
2025-07-01 08:59:46,442 [main] INFO  proxy.SecretKeyProtocolFailoverProxyProvider (SCMFailoverProxyProviderBase.java:<init>(120)) - Created fail-over proxy for protocol SecretKeyProtocolScmPB with 1 nodes: [nodeId=scmNodeId,nodeAddress=/0.0.0.0:9961]
2025-07-01 08:59:46,454 [b5c15213-151b-4602-9ab3-e2eb34ce8c9d-ChunkReader-1] WARN  statemachine.DatanodeConfiguration (DatanodeConfiguration.java:validateMinFreeSpace(751)) - hdds.datanode.volume.min.free.space.percent = -1.0 is invalid, should be between 0 and 1
2025-07-01 08:59:46,455 [b5c15213-151b-4602-9ab3-e2eb34ce8c9d-ChunkReader-1] WARN  statemachine.DatanodeConfiguration (DatanodeConfiguration.java:validateMinFreeSpace(751)) - hdds.datanode.volume.min.free.space.percent = -1.0 is invalid, should be between 0 and 1
2025-07-01 08:59:46,461 [FixedThreadPoolWithAffinityExecutor-1-0] ERROR report.ContainerReportValidator$ECReplicaValidator (ContainerReportValidator.java:validate(71)) - ContainerReplicaReport for ContainerID: 66 in Datanode: b5c15213-151b-4602-9ab3-e2eb34ce8c9d(localhost/127.0.0.1) failed. Replica Index should be between 1 and 5. Given Replica Index: 0
]]></system-out>
  </testcase>
  <testcase name="testCreateRatis" classname="org.apache.ozone.test.NonHATests$ContainerOperations" time="12.338">
    <system-out><![CDATA[2025-07-01 08:59:46,465 [IPC Server handler 17 on default port 15000] INFO  pipeline.RatisPipelineProvider (RatisPipelineProvider.java:lambda$create$0(208)) - Sending CreatePipelineCommand for pipeline:Pipeline-6d08519a-e3e5-43f6-8cb4-2f354bd5dfb7 to datanode:b5c15213-151b-4602-9ab3-e2eb34ce8c9d(localhost/127.0.0.1)
2025-07-01 08:59:46,466 [IPC Server handler 17 on default port 15000] INFO  pipeline.RatisPipelineProvider (RatisPipelineProvider.java:lambda$create$0(208)) - Sending CreatePipelineCommand for pipeline:Pipeline-6d08519a-e3e5-43f6-8cb4-2f354bd5dfb7 to datanode:a1b127b8-82c2-4536-8c7d-4f5485ac8a01(localhost/127.0.0.1)
2025-07-01 08:59:46,466 [IPC Server handler 17 on default port 15000] INFO  pipeline.RatisPipelineProvider (RatisPipelineProvider.java:lambda$create$0(208)) - Sending CreatePipelineCommand for pipeline:Pipeline-6d08519a-e3e5-43f6-8cb4-2f354bd5dfb7 to datanode:79d4b25e-114a-4169-a8a5-aad22d3259ef(localhost/127.0.0.1)
2025-07-01 08:59:46,820 [grpc-default-executor-0] INFO  server.RaftServer (RaftServerProxy.java:remove(116)) - b8e12808-e384-454c-a012-717dadc38d0a: remove    LEADER (RUNNING): b8e12808-e384-454c-a012-717dadc38d0a@group-E26813228726:t1, leader=b8e12808-e384-454c-a012-717dadc38d0a, voted=b8e12808-e384-454c-a012-717dadc38d0a, raftlog=Memoized:b8e12808-e384-454c-a012-717dadc38d0a@group-E26813228726-SegmentedRaftLog:OPENED:c806:last(t:1, i:806), conf=conf: {index: 0, cur=peers:[b8e12808-e384-454c-a012-717dadc38d0a|127.0.0.1:15023, a1b127b8-82c2-4536-8c7d-4f5485ac8a01|127.0.0.1:15031, 79d4b25e-114a-4169-a8a5-aad22d3259ef|127.0.0.1:15015]|listeners:[], old=null}
2025-07-01 08:59:46,821 [grpc-default-executor-0] INFO  server.RaftServer$Division (RaftServerImpl.java:lambda$close$1(527)) - b8e12808-e384-454c-a012-717dadc38d0a@group-E26813228726: shutdown
2025-07-01 08:59:46,821 [grpc-default-executor-0] INFO  util.JmxRegister (JmxRegister.java:unregister(74)) - Successfully un-registered JMX Bean with object name Ratis:service=RaftServer,group=group-E26813228726,id=b8e12808-e384-454c-a012-717dadc38d0a
2025-07-01 08:59:46,821 [grpc-default-executor-0] INFO  impl.RoleInfo (RoleInfo.java:shutdownLeaderState(103)) - b8e12808-e384-454c-a012-717dadc38d0a: shutdown b8e12808-e384-454c-a012-717dadc38d0a@group-E26813228726-LeaderStateImpl
2025-07-01 08:59:46,822 [grpc-default-executor-0] INFO  impl.PendingRequests (PendingRequests.java:sendNotLeaderResponses(287)) - b8e12808-e384-454c-a012-717dadc38d0a@group-E26813228726-PendingRequests: sendNotLeaderResponses
2025-07-01 08:59:46,822 [b8e12808-e384-454c-a012-717dadc38d0a@group-E26813228726->a1b127b8-82c2-4536-8c7d-4f5485ac8a01-GrpcLogAppender-LogAppenderDaemon] WARN  server.GrpcLogAppender (GrpcLogAppender.java:mayWait(300)) - b8e12808-e384-454c-a012-717dadc38d0a@group-E26813228726->a1b127b8-82c2-4536-8c7d-4f5485ac8a01-GrpcLogAppender: Wait interrupted by java.lang.InterruptedException
2025-07-01 08:59:46,822 [b8e12808-e384-454c-a012-717dadc38d0a@group-E26813228726->79d4b25e-114a-4169-a8a5-aad22d3259ef-GrpcLogAppender-LogAppenderDaemon] WARN  server.GrpcLogAppender (GrpcLogAppender.java:mayWait(300)) - b8e12808-e384-454c-a012-717dadc38d0a@group-E26813228726->79d4b25e-114a-4169-a8a5-aad22d3259ef-GrpcLogAppender: Wait interrupted by java.lang.InterruptedException
2025-07-01 08:59:46,826 [grpc-default-executor-0] INFO  impl.StateMachineUpdater (StateMachineUpdater.java:stopAndJoin(163)) - b8e12808-e384-454c-a012-717dadc38d0a@group-E26813228726-StateMachineUpdater: set stopIndex = 806
2025-07-01 08:59:46,826 [b8e12808-e384-454c-a012-717dadc38d0a@group-E26813228726-StateMachineUpdater] INFO  ratis.ContainerStateMachine (ContainerStateMachine.java:takeSnapshot(427)) - group-E26813228726: Taking a snapshot at:(t:1, i:806) file /home/runner/work/ozone/ozone/hadoop-ozone/integration-test/target/test-dir/MiniOzoneClusterImpl-9519866e-a671-477b-a14d-0694c95b70cd/ozone-meta/datanode-2/ratis/36921099-31de-4090-a624-e26813228726/sm/snapshot.1_806
2025-07-01 08:59:46,828 [grpc-default-executor-6] INFO  server.GrpcServerProtocolService (GrpcServerProtocolService.java:lambda$onCompleted$6(171)) - a1b127b8-82c2-4536-8c7d-4f5485ac8a01: Completed APPEND_ENTRIES, lastRequest: b8e12808-e384-454c-a012-717dadc38d0a->a1b127b8-82c2-4536-8c7d-4f5485ac8a01#1919-t1,previous=(t:1, i:805),leaderCommit=804,initializing? false,entries: size=1, first=(t:1, i:806), METADATAENTRY(c:804) 
2025-07-01 08:59:46,829 [grpc-default-executor-1] INFO  server.GrpcServerProtocolService (GrpcServerProtocolService.java:lambda$onCompleted$6(171)) - 79d4b25e-114a-4169-a8a5-aad22d3259ef: Completed APPEND_ENTRIES, lastRequest: null 
2025-07-01 08:59:46,830 [grpc-default-executor-5] INFO  server.GrpcLogAppender (GrpcLogAppender.java:onCompleted(558)) - b8e12808-e384-454c-a012-717dadc38d0a@group-E26813228726->79d4b25e-114a-4169-a8a5-aad22d3259ef-AppendLogResponseHandler: follower responses appendEntries COMPLETED
2025-07-01 08:59:46,831 [grpc-default-executor-7] INFO  server.GrpcLogAppender (GrpcLogAppender.java:onCompleted(558)) - b8e12808-e384-454c-a012-717dadc38d0a@group-E26813228726->a1b127b8-82c2-4536-8c7d-4f5485ac8a01-AppendLogResponseHandler: follower responses appendEntries COMPLETED
2025-07-01 08:59:46,832 [b8e12808-e384-454c-a012-717dadc38d0a@group-E26813228726-StateMachineUpdater] INFO  ratis.ContainerStateMachine (ContainerStateMachine.java:takeSnapshot(436)) - group-E26813228726: Finished taking a snapshot at:(t:1, i:806) file:/home/runner/work/ozone/ozone/hadoop-ozone/integration-test/target/test-dir/MiniOzoneClusterImpl-9519866e-a671-477b-a14d-0694c95b70cd/ozone-meta/datanode-2/ratis/36921099-31de-4090-a624-e26813228726/sm/snapshot.1_806 took: 6 ms
2025-07-01 08:59:46,832 [b8e12808-e384-454c-a012-717dadc38d0a@group-E26813228726-StateMachineUpdater] INFO  impl.StateMachineUpdater (StateMachineUpdater.java:takeSnapshot(307)) - b8e12808-e384-454c-a012-717dadc38d0a@group-E26813228726-StateMachineUpdater: Took a snapshot at index 806
2025-07-01 08:59:46,832 [b8e12808-e384-454c-a012-717dadc38d0a@group-E26813228726-StateMachineUpdater] INFO  impl.StateMachineUpdater (StateMachineUpdater.java:lambda$new$0(101)) - b8e12808-e384-454c-a012-717dadc38d0a@group-E26813228726-StateMachineUpdater: snapshotIndex: updateIncreasingly -1 -> 806
2025-07-01 08:59:46,833 [b8e12808-e384-454c-a012-717dadc38d0a@group-E26813228726-StateMachineUpdater] INFO  impl.StateMachineUpdater (StateMachineUpdater.java:stop(140)) - b8e12808-e384-454c-a012-717dadc38d0a@group-E26813228726-StateMachineUpdater: closing ContainerStateMachine, lastApplied=(t:1, i:806)
2025-07-01 08:59:46,835 [b8e12808-e384-454c-a012-717dadc38d0a@group-E26813228726-cacheEviction-AwaitToRun] INFO  util.AwaitToRun (AwaitToRun.java:run(49)) - b8e12808-e384-454c-a012-717dadc38d0a@group-E26813228726-cacheEviction-AwaitToRun-AwaitForSignal is interrupted
2025-07-01 08:59:46,842 [grpc-default-executor-1] INFO  server.GrpcServerProtocolService (GrpcServerProtocolService.java:lambda$null$7(175)) - 79d4b25e-114a-4169-a8a5-aad22d3259ef: Completed APPEND_ENTRIES, lastReply: serverReply {
  requestorId: "b8e12808-e384-454c-a012-717dadc38d0a"
  replyId: "79d4b25e-114a-4169-a8a5-aad22d3259ef"
  raftGroupId {
    id: "6\222\020\2311\336@\220\246$\342h\023\"\207&"
  }
  callId: 1947
  success: true
}
term: 1
nextIndex: 807
followerCommit: 806
matchIndex: 18446744073709551615
isHearbeat: true
 
2025-07-01 08:59:46,842 [grpc-default-executor-4] INFO  server.GrpcServerProtocolService (GrpcServerProtocolService.java:lambda$null$7(175)) - a1b127b8-82c2-4536-8c7d-4f5485ac8a01: Completed APPEND_ENTRIES, lastReply: serverReply {
  requestorId: "b8e12808-e384-454c-a012-717dadc38d0a"
  replyId: "a1b127b8-82c2-4536-8c7d-4f5485ac8a01"
  raftGroupId {
    id: "6\222\020\2311\336@\220\246$\342h\023\"\207&"
  }
  callId: 1930
  success: true
}
term: 1
nextIndex: 807
followerCommit: 806
matchIndex: 18446744073709551615
isHearbeat: true
 
2025-07-01 08:59:46,843 [grpc-default-executor-4] INFO  server.GrpcLogAppender (GrpcLogAppender.java:onCompleted(558)) - b8e12808-e384-454c-a012-717dadc38d0a@group-E26813228726->a1b127b8-82c2-4536-8c7d-4f5485ac8a01-AppendLogResponseHandler: follower responses appendEntries COMPLETED
2025-07-01 08:59:46,843 [grpc-default-executor-1] INFO  server.GrpcLogAppender (GrpcLogAppender.java:onCompleted(558)) - b8e12808-e384-454c-a012-717dadc38d0a@group-E26813228726->79d4b25e-114a-4169-a8a5-aad22d3259ef-AppendLogResponseHandler: follower responses appendEntries COMPLETED
2025-07-01 08:59:47,014 [grpc-default-executor-0] INFO  segmented.SegmentedRaftLogWorker (SegmentedRaftLogWorker.java:close(254)) - b8e12808-e384-454c-a012-717dadc38d0a@group-E26813228726-SegmentedRaftLogWorker close()
2025-07-01 08:59:47,016 [grpc-default-executor-0] INFO  keyvalue.KeyValueContainer (KeyValueContainer.java:flushAndSyncDB(514)) - Synced container: KeyValueContainerData #28 (CLOSING, non-empty, ri=0, origin=[dn_b8e12808-e384-454c-a012-717dadc38d0a, pipeline_36921099-31de-4090-a624-e26813228726])
2025-07-01 08:59:47,017 [grpc-default-executor-0] INFO  keyvalue.KeyValueContainer (KeyValueContainer.java:flushAndSyncDB(514)) - Synced container: KeyValueContainerData #28 (CLOSING, non-empty, ri=0, origin=[dn_b8e12808-e384-454c-a012-717dadc38d0a, pipeline_36921099-31de-4090-a624-e26813228726])
2025-07-01 08:59:47,019 [b8e12808-e384-454c-a012-717dadc38d0a-CloseContainerThread-1] WARN  keyvalue.KeyValueHandler (KeyValueHandler.java:updateAndGetContainerChecksum(1451)) - Container data checksum updated from 0 to c7ed922
2025-07-01 08:59:47,020 [FixedThreadPoolWithAffinityExecutor-1-0] INFO  container.IncrementalContainerReportHandler (AbstractContainerReportHandler.java:updateContainerState(264)) - QUASI_CLOSE Container #28 (CLOSING, sid=804) r0 (QUASI_CLOSED, bcsid=804, origin=b8e12808-e384-454c-a012-717dadc38d0a, non-empty) from dn b8e12808-e384-454c-a012-717dadc38d0a(localhost/127.0.0.1)
2025-07-01 08:59:47,025 [grpc-default-executor-1] WARN  server.RaftServer (RaftServerProxy.java:remove(111)) - b8e12808-e384-454c-a012-717dadc38d0a: does not contain group: group-E26813228726
2025-07-01 08:59:47,026 [grpc-default-executor-1] WARN  server.GrpcAdminProtocolService (GrpcAdminProtocolService.java:lambda$groupManagement$1(53)) - Failed groupManagement: GROUPREMOVE, GroupManagementRequest:client-EF207A107640->b8e12808-e384-454c-a012-717dadc38d0a@group-E26813228726, cid=676, seq=null, RW, null, Remove:group-E26813228726, delete-dir
org.apache.ratis.protocol.exceptions.GroupMismatchException: b8e12808-e384-454c-a012-717dadc38d0a: Group group-E26813228726 not found.
	at org.apache.ratis.server.impl.RaftServerProxy.groupRemoveAsync(RaftServerProxy.java:548)
	at org.apache.ratis.server.impl.RaftServerProxy.groupManagementAsync(RaftServerProxy.java:499)
	at org.apache.ratis.grpc.server.GrpcAdminProtocolService.lambda$groupManagement$0(GrpcAdminProtocolService.java:51)
	at org.apache.ratis.grpc.GrpcUtil.asyncCall(GrpcUtil.java:172)
	at org.apache.ratis.grpc.server.GrpcAdminProtocolService.groupManagement(GrpcAdminProtocolService.java:51)
	at org.apache.ratis.proto.grpc.AdminProtocolServiceGrpc$MethodHandlers.invoke(AdminProtocolServiceGrpc.java:701)
	at org.apache.ratis.thirdparty.io.grpc.stub.ServerCalls$UnaryServerCallHandler$UnaryServerCallListener.onHalfClose(ServerCalls.java:182)
	at org.apache.ratis.thirdparty.io.grpc.internal.ServerCallImpl$ServerStreamListenerImpl.halfClosed(ServerCallImpl.java:356)
	at org.apache.ratis.thirdparty.io.grpc.internal.ServerImpl$JumpToApplicationThreadServerStreamListener$1HalfClosed.runInContext(ServerImpl.java:861)
	at org.apache.ratis.thirdparty.io.grpc.internal.ContextRunnable.run(ContextRunnable.java:37)
	at org.apache.ratis.thirdparty.io.grpc.internal.SerializingExecutor.run(SerializingExecutor.java:133)
	at java.base/java.util.concurrent.ThreadPoolExecutor.runWorker(ThreadPoolExecutor.java:1144)
	at java.base/java.util.concurrent.ThreadPoolExecutor$Worker.run(ThreadPoolExecutor.java:642)
	at java.base/java.lang.Thread.run(Thread.java:1583)
2025-07-01 08:59:47,028 [grpc-default-executor-0] INFO  server.RaftServer$Division (RaftServerImpl.java:groupRemove(497)) - b8e12808-e384-454c-a012-717dadc38d0a@group-E26813228726: Succeed to remove RaftStorageDirectory Storage Directory /home/runner/work/ozone/ozone/hadoop-ozone/integration-test/target/test-dir/MiniOzoneClusterImpl-9519866e-a671-477b-a14d-0694c95b70cd/ozone-meta/datanode-2/ratis/36921099-31de-4090-a624-e26813228726
2025-07-01 08:59:47,042 [grpc-default-executor-1] INFO  server.RaftServer (RaftServerProxy.java:remove(116)) - 79d4b25e-114a-4169-a8a5-aad22d3259ef: remove  FOLLOWER (RUNNING): 79d4b25e-114a-4169-a8a5-aad22d3259ef@group-E26813228726:t1, leader=b8e12808-e384-454c-a012-717dadc38d0a, voted=b8e12808-e384-454c-a012-717dadc38d0a, raftlog=Memoized:79d4b25e-114a-4169-a8a5-aad22d3259ef@group-E26813228726-SegmentedRaftLog:OPENED:c806:last(t:1, i:806), conf=conf: {index: 0, cur=peers:[b8e12808-e384-454c-a012-717dadc38d0a|127.0.0.1:15023, a1b127b8-82c2-4536-8c7d-4f5485ac8a01|127.0.0.1:15031, 79d4b25e-114a-4169-a8a5-aad22d3259ef|127.0.0.1:15015]|listeners:[], old=null}
2025-07-01 08:59:47,043 [grpc-default-executor-1] INFO  server.RaftServer$Division (RaftServerImpl.java:lambda$close$1(527)) - 79d4b25e-114a-4169-a8a5-aad22d3259ef@group-E26813228726: shutdown
2025-07-01 08:59:47,043 [grpc-default-executor-1] INFO  util.JmxRegister (JmxRegister.java:unregister(74)) - Successfully un-registered JMX Bean with object name Ratis:service=RaftServer,group=group-E26813228726,id=79d4b25e-114a-4169-a8a5-aad22d3259ef
2025-07-01 08:59:47,043 [grpc-default-executor-1] INFO  impl.RoleInfo (RoleInfo.java:shutdownFollowerState(121)) - 79d4b25e-114a-4169-a8a5-aad22d3259ef: shutdown 79d4b25e-114a-4169-a8a5-aad22d3259ef@group-E26813228726-FollowerState
2025-07-01 08:59:47,043 [grpc-default-executor-1] INFO  impl.StateMachineUpdater (StateMachineUpdater.java:stopAndJoin(163)) - 79d4b25e-114a-4169-a8a5-aad22d3259ef@group-E26813228726-StateMachineUpdater: set stopIndex = 806
2025-07-01 08:59:47,044 [79d4b25e-114a-4169-a8a5-aad22d3259ef@group-E26813228726-FollowerState] INFO  impl.FollowerState (FollowerState.java:runImpl(170)) - 79d4b25e-114a-4169-a8a5-aad22d3259ef@group-E26813228726-FollowerState was interrupted
2025-07-01 08:59:47,044 [79d4b25e-114a-4169-a8a5-aad22d3259ef@group-E26813228726-StateMachineUpdater] INFO  ratis.ContainerStateMachine (ContainerStateMachine.java:takeSnapshot(427)) - group-E26813228726: Taking a snapshot at:(t:1, i:806) file /home/runner/work/ozone/ozone/hadoop-ozone/integration-test/target/test-dir/MiniOzoneClusterImpl-9519866e-a671-477b-a14d-0694c95b70cd/ozone-meta/datanode-1/ratis/36921099-31de-4090-a624-e26813228726/sm/snapshot.1_806
2025-07-01 08:59:47,048 [79d4b25e-114a-4169-a8a5-aad22d3259ef@group-E26813228726-StateMachineUpdater] INFO  ratis.ContainerStateMachine (ContainerStateMachine.java:takeSnapshot(436)) - group-E26813228726: Finished taking a snapshot at:(t:1, i:806) file:/home/runner/work/ozone/ozone/hadoop-ozone/integration-test/target/test-dir/MiniOzoneClusterImpl-9519866e-a671-477b-a14d-0694c95b70cd/ozone-meta/datanode-1/ratis/36921099-31de-4090-a624-e26813228726/sm/snapshot.1_806 took: 3 ms
2025-07-01 08:59:47,048 [79d4b25e-114a-4169-a8a5-aad22d3259ef@group-E26813228726-StateMachineUpdater] INFO  impl.StateMachineUpdater (StateMachineUpdater.java:takeSnapshot(307)) - 79d4b25e-114a-4169-a8a5-aad22d3259ef@group-E26813228726-StateMachineUpdater: Took a snapshot at index 806
2025-07-01 08:59:47,048 [79d4b25e-114a-4169-a8a5-aad22d3259ef@group-E26813228726-StateMachineUpdater] INFO  impl.StateMachineUpdater (StateMachineUpdater.java:lambda$new$0(101)) - 79d4b25e-114a-4169-a8a5-aad22d3259ef@group-E26813228726-StateMachineUpdater: snapshotIndex: updateIncreasingly -1 -> 806
2025-07-01 08:59:47,048 [79d4b25e-114a-4169-a8a5-aad22d3259ef@group-E26813228726-StateMachineUpdater] INFO  impl.StateMachineUpdater (StateMachineUpdater.java:stop(140)) - 79d4b25e-114a-4169-a8a5-aad22d3259ef@group-E26813228726-StateMachineUpdater: closing ContainerStateMachine, lastApplied=(t:1, i:806)
2025-07-01 08:59:47,050 [79d4b25e-114a-4169-a8a5-aad22d3259ef@group-E26813228726-cacheEviction-AwaitToRun] INFO  util.AwaitToRun (AwaitToRun.java:run(49)) - 79d4b25e-114a-4169-a8a5-aad22d3259ef@group-E26813228726-cacheEviction-AwaitToRun-AwaitForSignal is interrupted
2025-07-01 08:59:47,056 [grpc-default-executor-0] INFO  server.RaftServer (RaftServerProxy.java:remove(116)) - a1b127b8-82c2-4536-8c7d-4f5485ac8a01: remove  FOLLOWER (RUNNING): a1b127b8-82c2-4536-8c7d-4f5485ac8a01@group-E26813228726:t1, leader=b8e12808-e384-454c-a012-717dadc38d0a, voted=b8e12808-e384-454c-a012-717dadc38d0a, raftlog=Memoized:a1b127b8-82c2-4536-8c7d-4f5485ac8a01@group-E26813228726-SegmentedRaftLog:OPENED:c806:last(t:1, i:806), conf=conf: {index: 0, cur=peers:[b8e12808-e384-454c-a012-717dadc38d0a|127.0.0.1:15023, a1b127b8-82c2-4536-8c7d-4f5485ac8a01|127.0.0.1:15031, 79d4b25e-114a-4169-a8a5-aad22d3259ef|127.0.0.1:15015]|listeners:[], old=null}
2025-07-01 08:59:47,056 [grpc-default-executor-0] INFO  server.RaftServer$Division (RaftServerImpl.java:lambda$close$1(527)) - a1b127b8-82c2-4536-8c7d-4f5485ac8a01@group-E26813228726: shutdown
2025-07-01 08:59:47,056 [grpc-default-executor-0] INFO  util.JmxRegister (JmxRegister.java:unregister(74)) - Successfully un-registered JMX Bean with object name Ratis:service=RaftServer,group=group-E26813228726,id=a1b127b8-82c2-4536-8c7d-4f5485ac8a01
2025-07-01 08:59:47,057 [grpc-default-executor-0] INFO  impl.RoleInfo (RoleInfo.java:shutdownFollowerState(121)) - a1b127b8-82c2-4536-8c7d-4f5485ac8a01: shutdown a1b127b8-82c2-4536-8c7d-4f5485ac8a01@group-E26813228726-FollowerState
2025-07-01 08:59:47,057 [a1b127b8-82c2-4536-8c7d-4f5485ac8a01@group-E26813228726-FollowerState] INFO  impl.FollowerState (FollowerState.java:runImpl(170)) - a1b127b8-82c2-4536-8c7d-4f5485ac8a01@group-E26813228726-FollowerState was interrupted
2025-07-01 08:59:47,057 [grpc-default-executor-0] INFO  impl.StateMachineUpdater (StateMachineUpdater.java:stopAndJoin(163)) - a1b127b8-82c2-4536-8c7d-4f5485ac8a01@group-E26813228726-StateMachineUpdater: set stopIndex = 806
2025-07-01 08:59:47,057 [a1b127b8-82c2-4536-8c7d-4f5485ac8a01@group-E26813228726-StateMachineUpdater] INFO  ratis.ContainerStateMachine (ContainerStateMachine.java:takeSnapshot(427)) - group-E26813228726: Taking a snapshot at:(t:1, i:806) file /home/runner/work/ozone/ozone/hadoop-ozone/integration-test/target/test-dir/MiniOzoneClusterImpl-9519866e-a671-477b-a14d-0694c95b70cd/ozone-meta/datanode-3/ratis/36921099-31de-4090-a624-e26813228726/sm/snapshot.1_806
2025-07-01 08:59:47,058 [a1b127b8-82c2-4536-8c7d-4f5485ac8a01@group-E26813228726-StateMachineUpdater] INFO  ratis.ContainerStateMachine (ContainerStateMachine.java:takeSnapshot(436)) - group-E26813228726: Finished taking a snapshot at:(t:1, i:806) file:/home/runner/work/ozone/ozone/hadoop-ozone/integration-test/target/test-dir/MiniOzoneClusterImpl-9519866e-a671-477b-a14d-0694c95b70cd/ozone-meta/datanode-3/ratis/36921099-31de-4090-a624-e26813228726/sm/snapshot.1_806 took: 1 ms
2025-07-01 08:59:47,059 [a1b127b8-82c2-4536-8c7d-4f5485ac8a01@group-E26813228726-StateMachineUpdater] INFO  impl.StateMachineUpdater (StateMachineUpdater.java:takeSnapshot(307)) - a1b127b8-82c2-4536-8c7d-4f5485ac8a01@group-E26813228726-StateMachineUpdater: Took a snapshot at index 806
2025-07-01 08:59:47,059 [a1b127b8-82c2-4536-8c7d-4f5485ac8a01@group-E26813228726-StateMachineUpdater] INFO  impl.StateMachineUpdater (StateMachineUpdater.java:lambda$new$0(101)) - a1b127b8-82c2-4536-8c7d-4f5485ac8a01@group-E26813228726-StateMachineUpdater: snapshotIndex: updateIncreasingly -1 -> 806
2025-07-01 08:59:47,059 [a1b127b8-82c2-4536-8c7d-4f5485ac8a01@group-E26813228726-StateMachineUpdater] INFO  impl.StateMachineUpdater (StateMachineUpdater.java:stop(140)) - a1b127b8-82c2-4536-8c7d-4f5485ac8a01@group-E26813228726-StateMachineUpdater: closing ContainerStateMachine, lastApplied=(t:1, i:806)
2025-07-01 08:59:47,061 [a1b127b8-82c2-4536-8c7d-4f5485ac8a01@group-E26813228726-cacheEviction-AwaitToRun] INFO  util.AwaitToRun (AwaitToRun.java:run(49)) - a1b127b8-82c2-4536-8c7d-4f5485ac8a01@group-E26813228726-cacheEviction-AwaitToRun-AwaitForSignal is interrupted
2025-07-01 08:59:48,014 [grpc-default-executor-1] INFO  segmented.SegmentedRaftLogWorker (SegmentedRaftLogWorker.java:close(254)) - 79d4b25e-114a-4169-a8a5-aad22d3259ef@group-E26813228726-SegmentedRaftLogWorker close()
2025-07-01 08:59:48,014 [grpc-default-executor-0] INFO  segmented.SegmentedRaftLogWorker (SegmentedRaftLogWorker.java:close(254)) - a1b127b8-82c2-4536-8c7d-4f5485ac8a01@group-E26813228726-SegmentedRaftLogWorker close()
2025-07-01 08:59:48,022 [grpc-default-executor-1] WARN  keyvalue.KeyValueHandler (KeyValueHandler.java:updateAndGetContainerChecksum(1451)) - Container data checksum updated from 0 to c7ed922
2025-07-01 08:59:48,022 [grpc-default-executor-0] WARN  keyvalue.KeyValueHandler (KeyValueHandler.java:updateAndGetContainerChecksum(1451)) - Container data checksum updated from 0 to c7ed922
2025-07-01 08:59:48,022 [grpc-default-executor-0] INFO  keyvalue.KeyValueContainer (KeyValueContainer.java:flushAndSyncDB(514)) - Synced container: KeyValueContainerData #28 (CLOSING, non-empty, ri=0, origin=[dn_a1b127b8-82c2-4536-8c7d-4f5485ac8a01, pipeline_36921099-31de-4090-a624-e26813228726])
2025-07-01 08:59:48,022 [grpc-default-executor-0] INFO  keyvalue.KeyValueContainer (KeyValueContainer.java:flushAndSyncDB(514)) - Synced container: KeyValueContainerData #28 (CLOSING, non-empty, ri=0, origin=[dn_a1b127b8-82c2-4536-8c7d-4f5485ac8a01, pipeline_36921099-31de-4090-a624-e26813228726])
2025-07-01 08:59:48,023 [grpc-default-executor-1] INFO  keyvalue.KeyValueContainer (KeyValueContainer.java:flushAndSyncDB(514)) - Synced container: KeyValueContainerData #28 (CLOSING, non-empty, ri=0, origin=[dn_79d4b25e-114a-4169-a8a5-aad22d3259ef, pipeline_36921099-31de-4090-a624-e26813228726])
2025-07-01 08:59:48,023 [grpc-default-executor-1] INFO  keyvalue.KeyValueContainer (KeyValueContainer.java:flushAndSyncDB(514)) - Synced container: KeyValueContainerData #28 (CLOSING, non-empty, ri=0, origin=[dn_79d4b25e-114a-4169-a8a5-aad22d3259ef, pipeline_36921099-31de-4090-a624-e26813228726])
2025-07-01 08:59:48,025 [feda8e49-4711-491a-83f7-adf463457523-CloseContainerThread-2] INFO  commandhandler.CloseContainerCommandHandler (CloseContainerCommandHandler.java:lambda$handle$0(105)) - Container #29 does not exist in datanode. Its pipeline may have closed before it was created. Container close failed.
2025-07-01 08:59:48,025 [feda8e49-4711-491a-83f7-adf463457523-CloseContainerThread-2] INFO  commandhandler.CloseContainerCommandHandler (CloseContainerCommandHandler.java:lambda$handle$0(105)) - Container #31 does not exist in datanode. Its pipeline may have closed before it was created. Container close failed.
2025-07-01 08:59:48,025 [feda8e49-4711-491a-83f7-adf463457523-CloseContainerThread-2] INFO  commandhandler.CloseContainerCommandHandler (CloseContainerCommandHandler.java:lambda$handle$0(105)) - Container #32 does not exist in datanode. Its pipeline may have closed before it was created. Container close failed.
2025-07-01 08:59:48,025 [feda8e49-4711-491a-83f7-adf463457523-CloseContainerThread-2] INFO  commandhandler.CloseContainerCommandHandler (CloseContainerCommandHandler.java:lambda$handle$0(105)) - Container #33 does not exist in datanode. Its pipeline may have closed before it was created. Container close failed.
2025-07-01 08:59:48,025 [feda8e49-4711-491a-83f7-adf463457523-CloseContainerThread-1] INFO  commandhandler.CloseContainerCommandHandler (CloseContainerCommandHandler.java:lambda$handle$0(105)) - Container #34 does not exist in datanode. Its pipeline may have closed before it was created. Container close failed.
2025-07-01 08:59:48,032 [grpc-default-executor-1] INFO  server.RaftServer$Division (RaftServerImpl.java:groupRemove(497)) - 79d4b25e-114a-4169-a8a5-aad22d3259ef@group-E26813228726: Succeed to remove RaftStorageDirectory Storage Directory /home/runner/work/ozone/ozone/hadoop-ozone/integration-test/target/test-dir/MiniOzoneClusterImpl-9519866e-a671-477b-a14d-0694c95b70cd/ozone-meta/datanode-1/ratis/36921099-31de-4090-a624-e26813228726
2025-07-01 08:59:48,032 [grpc-default-executor-0] INFO  server.RaftServer$Division (RaftServerImpl.java:groupRemove(497)) - a1b127b8-82c2-4536-8c7d-4f5485ac8a01@group-E26813228726: Succeed to remove RaftStorageDirectory Storage Directory /home/runner/work/ozone/ozone/hadoop-ozone/integration-test/target/test-dir/MiniOzoneClusterImpl-9519866e-a671-477b-a14d-0694c95b70cd/ozone-meta/datanode-3/ratis/36921099-31de-4090-a624-e26813228726
2025-07-01 08:59:48,032 [feda8e49-4711-491a-83f7-adf463457523-CloseContainerThread-0] WARN  keyvalue.KeyValueHandler (KeyValueHandler.java:updateAndGetContainerChecksum(1451)) - Container data checksum updated from 0 to 8c28b28a
2025-07-01 08:59:48,037 [feda8e49-4711-491a-83f7-adf463457523-CloseContainerThread-0] INFO  keyvalue.KeyValueContainer (KeyValueContainer.java:flushAndSyncDB(514)) - Synced container: KeyValueContainerData #5 (CLOSING, non-empty, ri=2, origin=[dn_feda8e49-4711-491a-83f7-adf463457523, pipeline_])
2025-07-01 08:59:48,037 [feda8e49-4711-491a-83f7-adf463457523-CloseContainerThread-0] INFO  keyvalue.KeyValueContainer (KeyValueContainer.java:flushAndSyncDB(514)) - Synced container: KeyValueContainerData #5 (CLOSING, non-empty, ri=2, origin=[dn_feda8e49-4711-491a-83f7-adf463457523, pipeline_])
2025-07-01 08:59:48,039 [a1b127b8-82c2-4536-8c7d-4f5485ac8a01-PipelineCommandHandlerThread-0] WARN  server.RaftServer (RaftServerProxy.java:remove(111)) - a1b127b8-82c2-4536-8c7d-4f5485ac8a01: does not contain group: group-E26813228726
2025-07-01 08:59:48,039 [79d4b25e-114a-4169-a8a5-aad22d3259ef-PipelineCommandHandlerThread-0] WARN  server.RaftServer (RaftServerProxy.java:remove(111)) - 79d4b25e-114a-4169-a8a5-aad22d3259ef: does not contain group: group-E26813228726
2025-07-01 08:59:48,044 [feda8e49-4711-491a-83f7-adf463457523-CloseContainerThread-0] INFO  keyvalue.KeyValueContainer (KeyValueContainer.java:close(430)) - Closed container: KeyValueContainerData #5 (CLOSED, non-empty, ri=2, origin=[dn_feda8e49-4711-491a-83f7-adf463457523, pipeline_])
2025-07-01 08:59:48,156 [79d4b25e-114a-4169-a8a5-aad22d3259ef-PipelineCommandHandlerThread-0] INFO  server.RaftServer (RaftServerProxy.java:addNew(105)) - 79d4b25e-114a-4169-a8a5-aad22d3259ef: addNew group-2F354BD5DFB7:[b5c15213-151b-4602-9ab3-e2eb34ce8c9d|127.0.0.1:15039, a1b127b8-82c2-4536-8c7d-4f5485ac8a01|127.0.0.1:15031, 79d4b25e-114a-4169-a8a5-aad22d3259ef|127.0.0.1:15015] returns group-2F354BD5DFB7:java.util.concurrent.CompletableFuture@4ae948d1[Not completed]
2025-07-01 08:59:48,161 [79d4b25e-114a-4169-a8a5-aad22d3259ef-CloseContainerThread-1] WARN  keyvalue.KeyValueHandler (KeyValueHandler.java:updateAndGetContainerChecksum(1451)) - Container data checksum updated from 0 to 8c28b28a
2025-07-01 08:59:48,162 [79d4b25e-114a-4169-a8a5-aad22d3259ef-CloseContainerThread-2] WARN  keyvalue.KeyValueHandler (KeyValueHandler.java:updateAndGetContainerChecksum(1451)) - Container data checksum updated from 0 to 2f9d4286
2025-07-01 08:59:48,163 [79d4b25e-114a-4169-a8a5-aad22d3259ef-groupManagement] WARN  statemachine.DatanodeConfiguration (DatanodeConfiguration.java:validateMinFreeSpace(751)) - hdds.datanode.volume.min.free.space.percent = -1.0 is invalid, should be between 0 and 1
2025-07-01 08:59:48,164 [79d4b25e-114a-4169-a8a5-aad22d3259ef-groupManagement] INFO  server.RaftServer$Division (RaftServerImpl.java:<init>(268)) - 79d4b25e-114a-4169-a8a5-aad22d3259ef: new RaftServerImpl for group-2F354BD5DFB7:[b5c15213-151b-4602-9ab3-e2eb34ce8c9d|127.0.0.1:15039, a1b127b8-82c2-4536-8c7d-4f5485ac8a01|127.0.0.1:15031, 79d4b25e-114a-4169-a8a5-aad22d3259ef|127.0.0.1:15015] with ContainerStateMachine:uninitialized
2025-07-01 08:59:48,164 [79d4b25e-114a-4169-a8a5-aad22d3259ef-CloseContainerThread-1] INFO  keyvalue.KeyValueContainer (KeyValueContainer.java:flushAndSyncDB(514)) - Synced container: KeyValueContainerData #5 (CLOSING, non-empty, ri=3, origin=[dn_79d4b25e-114a-4169-a8a5-aad22d3259ef, pipeline_])
2025-07-01 08:59:48,164 [79d4b25e-114a-4169-a8a5-aad22d3259ef-CloseContainerThread-1] INFO  keyvalue.KeyValueContainer (KeyValueContainer.java:flushAndSyncDB(514)) - Synced container: KeyValueContainerData #5 (CLOSING, non-empty, ri=3, origin=[dn_79d4b25e-114a-4169-a8a5-aad22d3259ef, pipeline_])
2025-07-01 08:59:48,165 [79d4b25e-114a-4169-a8a5-aad22d3259ef-groupManagement] INFO  server.RaftServer$Division (ServerState.java:<init>(114)) - 79d4b25e-114a-4169-a8a5-aad22d3259ef@group-2F354BD5DFB7: ConfigurationManager, init=conf: {index: -1, cur=peers:[b5c15213-151b-4602-9ab3-e2eb34ce8c9d|127.0.0.1:15039, a1b127b8-82c2-4536-8c7d-4f5485ac8a01|127.0.0.1:15031, 79d4b25e-114a-4169-a8a5-aad22d3259ef|127.0.0.1:15015]|listeners:[], old=null}, confs=<EMPTY_MAP>
2025-07-01 08:59:48,168 [79d4b25e-114a-4169-a8a5-aad22d3259ef-CloseContainerThread-0] WARN  keyvalue.KeyValueHandler (KeyValueHandler.java:updateAndGetContainerChecksum(1451)) - Container data checksum updated from 0 to a51693cb
2025-07-01 08:59:48,170 [79d4b25e-114a-4169-a8a5-aad22d3259ef-CloseContainerThread-1] INFO  keyvalue.KeyValueContainer (KeyValueContainer.java:close(430)) - Closed container: KeyValueContainerData #5 (CLOSED, non-empty, ri=3, origin=[dn_79d4b25e-114a-4169-a8a5-aad22d3259ef, pipeline_])
2025-07-01 08:59:48,172 [79d4b25e-114a-4169-a8a5-aad22d3259ef-CloseContainerThread-1] INFO  commandhandler.CloseContainerCommandHandler (CloseContainerCommandHandler.java:lambda$handle$0(105)) - Container #31 does not exist in datanode. Its pipeline may have closed before it was created. Container close failed.
2025-07-01 08:59:48,172 [79d4b25e-114a-4169-a8a5-aad22d3259ef-CloseContainerThread-1] INFO  commandhandler.CloseContainerCommandHandler (CloseContainerCommandHandler.java:lambda$handle$0(105)) - Container #32 does not exist in datanode. Its pipeline may have closed before it was created. Container close failed.
2025-07-01 08:59:48,172 [79d4b25e-114a-4169-a8a5-aad22d3259ef-CloseContainerThread-1] INFO  commandhandler.CloseContainerCommandHandler (CloseContainerCommandHandler.java:lambda$handle$0(105)) - Container #33 does not exist in datanode. Its pipeline may have closed before it was created. Container close failed.
2025-07-01 08:59:48,172 [79d4b25e-114a-4169-a8a5-aad22d3259ef-CloseContainerThread-1] INFO  commandhandler.CloseContainerCommandHandler (CloseContainerCommandHandler.java:lambda$handle$0(105)) - Container #34 does not exist in datanode. Its pipeline may have closed before it was created. Container close failed.
2025-07-01 08:59:48,172 [79d4b25e-114a-4169-a8a5-aad22d3259ef-ContainerOp-8d78096c-8513-4273-87e9-e5dd854b4697-7] INFO  keyvalue.KeyValueContainer (KeyValueContainer.java:flushAndSyncDB(514)) - Synced container: KeyValueContainerData #11 (CLOSING, non-empty, ri=0, origin=[dn_79d4b25e-114a-4169-a8a5-aad22d3259ef, pipeline_8d78096c-8513-4273-87e9-e5dd854b4697])
2025-07-01 08:59:48,173 [79d4b25e-114a-4169-a8a5-aad22d3259ef-ContainerOp-8d78096c-8513-4273-87e9-e5dd854b4697-7] INFO  keyvalue.KeyValueContainer (KeyValueContainer.java:flushAndSyncDB(514)) - Synced container: KeyValueContainerData #11 (CLOSING, non-empty, ri=0, origin=[dn_79d4b25e-114a-4169-a8a5-aad22d3259ef, pipeline_8d78096c-8513-4273-87e9-e5dd854b4697])
2025-07-01 08:59:48,176 [79d4b25e-114a-4169-a8a5-aad22d3259ef-ContainerOp-8d78096c-8513-4273-87e9-e5dd854b4697-8] INFO  keyvalue.KeyValueContainer (KeyValueContainer.java:flushAndSyncDB(514)) - Synced container: KeyValueContainerData #12 (CLOSING, non-empty, ri=0, origin=[dn_79d4b25e-114a-4169-a8a5-aad22d3259ef, pipeline_8d78096c-8513-4273-87e9-e5dd854b4697])
2025-07-01 08:59:48,176 [79d4b25e-114a-4169-a8a5-aad22d3259ef-ContainerOp-8d78096c-8513-4273-87e9-e5dd854b4697-8] INFO  keyvalue.KeyValueContainer (KeyValueContainer.java:flushAndSyncDB(514)) - Synced container: KeyValueContainerData #12 (CLOSING, non-empty, ri=0, origin=[dn_79d4b25e-114a-4169-a8a5-aad22d3259ef, pipeline_8d78096c-8513-4273-87e9-e5dd854b4697])
2025-07-01 08:59:48,180 [79d4b25e-114a-4169-a8a5-aad22d3259ef-groupManagement] INFO  server.RaftServerConfigKeys (ConfUtils.java:logGet(62)) - raft.server.storage.dir = [/home/runner/work/ozone/ozone/hadoop-ozone/integration-test/target/test-dir/MiniOzoneClusterImpl-9519866e-a671-477b-a14d-0694c95b70cd/ozone-meta/datanode-1/ratis] (custom)
2025-07-01 08:59:48,180 [79d4b25e-114a-4169-a8a5-aad22d3259ef-groupManagement] INFO  storage.RaftStorageDirectory (RaftStorageDirectoryImpl.java:analyzeStorage(138)) - The storage directory /home/runner/work/ozone/ozone/hadoop-ozone/integration-test/target/test-dir/MiniOzoneClusterImpl-9519866e-a671-477b-a14d-0694c95b70cd/ozone-meta/datanode-1/ratis/6d08519a-e3e5-43f6-8cb4-2f354bd5dfb7 does not exist. Creating ...
2025-07-01 08:59:48,181 [79d4b25e-114a-4169-a8a5-aad22d3259ef-ContainerOp-8d78096c-8513-4273-87e9-e5dd854b4697-7] INFO  keyvalue.KeyValueContainer (KeyValueContainer.java:close(430)) - Closed container: KeyValueContainerData #11 (CLOSED, non-empty, ri=0, origin=[dn_79d4b25e-114a-4169-a8a5-aad22d3259ef, pipeline_8d78096c-8513-4273-87e9-e5dd854b4697])
2025-07-01 08:59:48,182 [79d4b25e-114a-4169-a8a5-aad22d3259ef-ContainerOp-8d78096c-8513-4273-87e9-e5dd854b4697-8] INFO  keyvalue.KeyValueContainer (KeyValueContainer.java:close(430)) - Closed container: KeyValueContainerData #12 (CLOSED, non-empty, ri=0, origin=[dn_79d4b25e-114a-4169-a8a5-aad22d3259ef, pipeline_8d78096c-8513-4273-87e9-e5dd854b4697])
2025-07-01 08:59:48,182 [FixedThreadPoolWithAffinityExecutor-8-0] INFO  container.IncrementalContainerReportHandler (AbstractContainerReportHandler.java:updateContainerState(289)) - CLOSE Container #11 (CLOSING, sid=2) r0 (CLOSED, bcsid=2, origin=79d4b25e-114a-4169-a8a5-aad22d3259ef, non-empty) from dn 79d4b25e-114a-4169-a8a5-aad22d3259ef(localhost/127.0.0.1)
2025-07-01 08:59:48,182 [79d4b25e-114a-4169-a8a5-aad22d3259ef-groupManagement] INFO  storage.RaftStorageDirectory (RaftStorageDirectoryImpl.java:tryLock(229)) - Lock on /home/runner/work/ozone/ozone/hadoop-ozone/integration-test/target/test-dir/MiniOzoneClusterImpl-9519866e-a671-477b-a14d-0694c95b70cd/ozone-meta/datanode-1/ratis/6d08519a-e3e5-43f6-8cb4-2f354bd5dfb7/in_use.lock acquired by nodename 103678@localhost
2025-07-01 08:59:48,184 [FixedThreadPoolWithAffinityExecutor-8-0] INFO  container.IncrementalContainerReportHandler (AbstractContainerReportHandler.java:updateContainerState(289)) - CLOSE Container #12 (CLOSING, sid=5) r0 (CLOSED, bcsid=5, origin=79d4b25e-114a-4169-a8a5-aad22d3259ef, non-empty) from dn 79d4b25e-114a-4169-a8a5-aad22d3259ef(localhost/127.0.0.1)
2025-07-01 08:59:48,185 [79d4b25e-114a-4169-a8a5-aad22d3259ef-groupManagement] INFO  storage.RaftStorage (RaftStorageImpl.java:format(98)) - Storage directory /home/runner/work/ozone/ozone/hadoop-ozone/integration-test/target/test-dir/MiniOzoneClusterImpl-9519866e-a671-477b-a14d-0694c95b70cd/ozone-meta/datanode-1/ratis/6d08519a-e3e5-43f6-8cb4-2f354bd5dfb7 has been successfully formatted.
2025-07-01 08:59:48,186 [79d4b25e-114a-4169-a8a5-aad22d3259ef-groupManagement] INFO  ratis.ContainerStateMachine (ContainerStateMachine.java:initialize(339)) - 79d4b25e-114a-4169-a8a5-aad22d3259ef: initialize group-2F354BD5DFB7
2025-07-01 08:59:48,187 [79d4b25e-114a-4169-a8a5-aad22d3259ef-groupManagement] INFO  ratis.ContainerStateMachine (ContainerStateMachine.java:loadSnapshot(347)) - group-2F354BD5DFB7: The snapshot info is null. Setting the last applied index to:<INITIAL_VALUE>
2025-07-01 08:59:48,187 [79d4b25e-114a-4169-a8a5-aad22d3259ef-groupManagement] INFO  server.RaftServerConfigKeys (ConfUtils.java:logGet(62)) - raft.server.log.appender.buffer.byte-limit = 33554432 (custom)
2025-07-01 08:59:48,190 [79d4b25e-114a-4169-a8a5-aad22d3259ef-groupManagement] INFO  server.RaftServerConfigKeys (ConfUtils.java:logGet(62)) - raft.server.log.segment.size.max = 67108864 (custom)
2025-07-01 08:59:48,191 [79d4b25e-114a-4169-a8a5-aad22d3259ef-groupManagement] INFO  server.RaftServerConfigKeys (ConfUtils.java:logGet(62)) - raft.server.log.appender.buffer.byte-limit = 33554432 (custom)
2025-07-01 08:59:48,192 [79d4b25e-114a-4169-a8a5-aad22d3259ef-groupManagement] INFO  util.AwaitToRun (AwaitToRun.java:start(81)) - Thread[#2198,79d4b25e-114a-4169-a8a5-aad22d3259ef@group-2F354BD5DFB7-cacheEviction-AwaitToRun,5,main] started
2025-07-01 08:59:48,192 [79d4b25e-114a-4169-a8a5-aad22d3259ef-groupManagement] INFO  segmented.SegmentedRaftLogWorker (SegmentedRaftLogWorker.java:<init>(190)) - new 79d4b25e-114a-4169-a8a5-aad22d3259ef@group-2F354BD5DFB7-SegmentedRaftLogWorker for RaftStorageImpl:Storage Directory /home/runner/work/ozone/ozone/hadoop-ozone/integration-test/target/test-dir/MiniOzoneClusterImpl-9519866e-a671-477b-a14d-0694c95b70cd/ozone-meta/datanode-1/ratis/6d08519a-e3e5-43f6-8cb4-2f354bd5dfb7
2025-07-01 08:59:48,192 [79d4b25e-114a-4169-a8a5-aad22d3259ef-groupManagement] INFO  server.RaftServerConfigKeys (ConfUtils.java:logGet(62)) - raft.server.log.queue.byte-limit = 4294967296 (custom)
2025-07-01 08:59:48,192 [79d4b25e-114a-4169-a8a5-aad22d3259ef-groupManagement] INFO  server.RaftServerConfigKeys (ConfUtils.java:logGet(62)) - raft.server.log.segment.size.max = 67108864 (custom)
2025-07-01 08:59:48,192 [79d4b25e-114a-4169-a8a5-aad22d3259ef-groupManagement] INFO  server.RaftServerConfigKeys (ConfUtils.java:logGet(62)) - raft.server.log.preallocated.size = 4194304 (custom)
2025-07-01 08:59:48,193 [79d4b25e-114a-4169-a8a5-aad22d3259ef-groupManagement] INFO  server.RaftServerConfigKeys (ConfUtils.java:logGet(62)) - raft.server.log.write.buffer.size = 33554440 (custom)
2025-07-01 08:59:48,198 [79d4b25e-114a-4169-a8a5-aad22d3259ef-groupManagement] INFO  server.RaftServerConfigKeys (ConfUtils.java:logGet(62)) - raft.server.log.appender.buffer.byte-limit = 33554432 (custom)
2025-07-01 08:59:48,198 [79d4b25e-114a-4169-a8a5-aad22d3259ef-groupManagement] INFO  segmented.SegmentedRaftLogWorker (SegmentedRaftLogWorker.java:lambda$new$0(141)) - 79d4b25e-114a-4169-a8a5-aad22d3259ef@group-2F354BD5DFB7-SegmentedRaftLogWorker: flushIndex: setUnconditionally 0 -> -1
2025-07-01 08:59:48,198 [79d4b25e-114a-4169-a8a5-aad22d3259ef-groupManagement] INFO  segmented.SegmentedRaftLogWorker (SegmentedRaftLogWorker.java:lambda$new$0(141)) - 79d4b25e-114a-4169-a8a5-aad22d3259ef@group-2F354BD5DFB7-SegmentedRaftLogWorker: safeCacheEvictIndex: setUnconditionally 0 -> -1
2025-07-01 08:59:48,198 [79d4b25e-114a-4169-a8a5-aad22d3259ef-groupManagement] INFO  server.RaftServer$Division (RaftServerImpl.java:start(405)) - 79d4b25e-114a-4169-a8a5-aad22d3259ef@group-2F354BD5DFB7: start as a follower, conf=conf: {index: -1, cur=peers:[b5c15213-151b-4602-9ab3-e2eb34ce8c9d|127.0.0.1:15039, a1b127b8-82c2-4536-8c7d-4f5485ac8a01|127.0.0.1:15031, 79d4b25e-114a-4169-a8a5-aad22d3259ef|127.0.0.1:15015]|listeners:[], old=null}
2025-07-01 08:59:48,199 [79d4b25e-114a-4169-a8a5-aad22d3259ef-groupManagement] INFO  server.RaftServer$Division (RaftServerImpl.java:setRole(392)) - 79d4b25e-114a-4169-a8a5-aad22d3259ef@group-2F354BD5DFB7: changes role from      null to FOLLOWER at term 0 for startAsFollower
2025-07-01 08:59:48,199 [79d4b25e-114a-4169-a8a5-aad22d3259ef-groupManagement] INFO  impl.RoleInfo (RoleInfo.java:updateAndGet(148)) - 79d4b25e-114a-4169-a8a5-aad22d3259ef: start 79d4b25e-114a-4169-a8a5-aad22d3259ef@group-2F354BD5DFB7-FollowerState
2025-07-01 08:59:48,199 [79d4b25e-114a-4169-a8a5-aad22d3259ef-groupManagement] INFO  util.JmxRegister (JmxRegister.java:tryRegister(44)) - Successfully registered JMX Bean with object name Ratis:service=RaftServer,group=group-2F354BD5DFB7,id=79d4b25e-114a-4169-a8a5-aad22d3259ef
2025-07-01 08:59:48,199 [79d4b25e-114a-4169-a8a5-aad22d3259ef-groupManagement] INFO  util.JmxRegister (JmxRegister.java:register(58)) - register mxBean class org.apache.ratis.server.impl.RaftServerJmxAdapter as Ratis:service=RaftServer,group=group-2F354BD5DFB7,id=79d4b25e-114a-4169-a8a5-aad22d3259ef
2025-07-01 08:59:48,201 [79d4b25e-114a-4169-a8a5-aad22d3259ef-groupManagement] INFO  server.RaftServer$Division (RaftServerImpl.java:start(419)) - 79d4b25e-114a-4169-a8a5-aad22d3259ef@group-2F354BD5DFB7: Successfully started.
2025-07-01 08:59:48,201 [79d4b25e-114a-4169-a8a5-aad22d3259ef-PipelineCommandHandlerThread-0] INFO  ratis.XceiverServerRatis (XceiverServerRatis.java:addGroup(843)) - Created group Pipeline-6d08519a-e3e5-43f6-8cb4-2f354bd5dfb7
2025-07-01 08:59:48,208 [grpc-default-executor-0] INFO  server.RaftServer (RaftServerProxy.java:addNew(105)) - b5c15213-151b-4602-9ab3-e2eb34ce8c9d: addNew group-2F354BD5DFB7:[b5c15213-151b-4602-9ab3-e2eb34ce8c9d|127.0.0.1:15039, a1b127b8-82c2-4536-8c7d-4f5485ac8a01|127.0.0.1:15031, 79d4b25e-114a-4169-a8a5-aad22d3259ef|127.0.0.1:15015] returns group-2F354BD5DFB7:java.util.concurrent.CompletableFuture@3a9293c1[Not completed]
2025-07-01 08:59:48,211 [b5c15213-151b-4602-9ab3-e2eb34ce8c9d-groupManagement] WARN  statemachine.DatanodeConfiguration (DatanodeConfiguration.java:validateMinFreeSpace(751)) - hdds.datanode.volume.min.free.space.percent = -1.0 is invalid, should be between 0 and 1
2025-07-01 08:59:48,211 [b5c15213-151b-4602-9ab3-e2eb34ce8c9d-groupManagement] INFO  server.RaftServer$Division (RaftServerImpl.java:<init>(268)) - b5c15213-151b-4602-9ab3-e2eb34ce8c9d: new RaftServerImpl for group-2F354BD5DFB7:[b5c15213-151b-4602-9ab3-e2eb34ce8c9d|127.0.0.1:15039, a1b127b8-82c2-4536-8c7d-4f5485ac8a01|127.0.0.1:15031, 79d4b25e-114a-4169-a8a5-aad22d3259ef|127.0.0.1:15015] with ContainerStateMachine:uninitialized
2025-07-01 08:59:48,211 [b5c15213-151b-4602-9ab3-e2eb34ce8c9d-groupManagement] INFO  server.RaftServer$Division (ServerState.java:<init>(114)) - b5c15213-151b-4602-9ab3-e2eb34ce8c9d@group-2F354BD5DFB7: ConfigurationManager, init=conf: {index: -1, cur=peers:[b5c15213-151b-4602-9ab3-e2eb34ce8c9d|127.0.0.1:15039, a1b127b8-82c2-4536-8c7d-4f5485ac8a01|127.0.0.1:15031, 79d4b25e-114a-4169-a8a5-aad22d3259ef|127.0.0.1:15015]|listeners:[], old=null}, confs=<EMPTY_MAP>
2025-07-01 08:59:48,215 [b5c15213-151b-4602-9ab3-e2eb34ce8c9d-groupManagement] INFO  server.RaftServerConfigKeys (ConfUtils.java:logGet(62)) - raft.server.storage.dir = [/home/runner/work/ozone/ozone/hadoop-ozone/integration-test/target/test-dir/MiniOzoneClusterImpl-9519866e-a671-477b-a14d-0694c95b70cd/ozone-meta/datanode-4/ratis] (custom)
2025-07-01 08:59:48,215 [b5c15213-151b-4602-9ab3-e2eb34ce8c9d-groupManagement] INFO  storage.RaftStorageDirectory (RaftStorageDirectoryImpl.java:analyzeStorage(138)) - The storage directory /home/runner/work/ozone/ozone/hadoop-ozone/integration-test/target/test-dir/MiniOzoneClusterImpl-9519866e-a671-477b-a14d-0694c95b70cd/ozone-meta/datanode-4/ratis/6d08519a-e3e5-43f6-8cb4-2f354bd5dfb7 does not exist. Creating ...
2025-07-01 08:59:48,216 [b5c15213-151b-4602-9ab3-e2eb34ce8c9d-groupManagement] INFO  storage.RaftStorageDirectory (RaftStorageDirectoryImpl.java:tryLock(229)) - Lock on /home/runner/work/ozone/ozone/hadoop-ozone/integration-test/target/test-dir/MiniOzoneClusterImpl-9519866e-a671-477b-a14d-0694c95b70cd/ozone-meta/datanode-4/ratis/6d08519a-e3e5-43f6-8cb4-2f354bd5dfb7/in_use.lock acquired by nodename 103678@localhost
2025-07-01 08:59:48,217 [b5c15213-151b-4602-9ab3-e2eb34ce8c9d-groupManagement] INFO  storage.RaftStorage (RaftStorageImpl.java:format(98)) - Storage directory /home/runner/work/ozone/ozone/hadoop-ozone/integration-test/target/test-dir/MiniOzoneClusterImpl-9519866e-a671-477b-a14d-0694c95b70cd/ozone-meta/datanode-4/ratis/6d08519a-e3e5-43f6-8cb4-2f354bd5dfb7 has been successfully formatted.
2025-07-01 08:59:48,218 [b5c15213-151b-4602-9ab3-e2eb34ce8c9d-groupManagement] INFO  ratis.ContainerStateMachine (ContainerStateMachine.java:initialize(339)) - b5c15213-151b-4602-9ab3-e2eb34ce8c9d: initialize group-2F354BD5DFB7
2025-07-01 08:59:48,218 [b5c15213-151b-4602-9ab3-e2eb34ce8c9d-groupManagement] INFO  ratis.ContainerStateMachine (ContainerStateMachine.java:loadSnapshot(347)) - group-2F354BD5DFB7: The snapshot info is null. Setting the last applied index to:<INITIAL_VALUE>
2025-07-01 08:59:48,218 [b5c15213-151b-4602-9ab3-e2eb34ce8c9d-groupManagement] INFO  server.RaftServerConfigKeys (ConfUtils.java:logGet(62)) - raft.server.log.appender.buffer.byte-limit = 33554432 (custom)
2025-07-01 08:59:48,220 [b5c15213-151b-4602-9ab3-e2eb34ce8c9d-groupManagement] INFO  server.RaftServerConfigKeys (ConfUtils.java:logGet(62)) - raft.server.log.segment.size.max = 67108864 (custom)
2025-07-01 08:59:48,220 [b5c15213-151b-4602-9ab3-e2eb34ce8c9d-groupManagement] INFO  server.RaftServerConfigKeys (ConfUtils.java:logGet(62)) - raft.server.log.appender.buffer.byte-limit = 33554432 (custom)
2025-07-01 08:59:48,220 [b5c15213-151b-4602-9ab3-e2eb34ce8c9d-groupManagement] INFO  util.AwaitToRun (AwaitToRun.java:start(81)) - Thread[#2202,b5c15213-151b-4602-9ab3-e2eb34ce8c9d@group-2F354BD5DFB7-cacheEviction-AwaitToRun,5,main] started
2025-07-01 08:59:48,220 [b5c15213-151b-4602-9ab3-e2eb34ce8c9d-groupManagement] INFO  segmented.SegmentedRaftLogWorker (SegmentedRaftLogWorker.java:<init>(190)) - new b5c15213-151b-4602-9ab3-e2eb34ce8c9d@group-2F354BD5DFB7-SegmentedRaftLogWorker for RaftStorageImpl:Storage Directory /home/runner/work/ozone/ozone/hadoop-ozone/integration-test/target/test-dir/MiniOzoneClusterImpl-9519866e-a671-477b-a14d-0694c95b70cd/ozone-meta/datanode-4/ratis/6d08519a-e3e5-43f6-8cb4-2f354bd5dfb7
2025-07-01 08:59:48,221 [b5c15213-151b-4602-9ab3-e2eb34ce8c9d-groupManagement] INFO  server.RaftServerConfigKeys (ConfUtils.java:logGet(62)) - raft.server.log.queue.byte-limit = 4294967296 (custom)
2025-07-01 08:59:48,221 [b5c15213-151b-4602-9ab3-e2eb34ce8c9d-groupManagement] INFO  server.RaftServerConfigKeys (ConfUtils.java:logGet(62)) - raft.server.log.segment.size.max = 67108864 (custom)
2025-07-01 08:59:48,221 [b5c15213-151b-4602-9ab3-e2eb34ce8c9d-groupManagement] INFO  server.RaftServerConfigKeys (ConfUtils.java:logGet(62)) - raft.server.log.preallocated.size = 4194304 (custom)
2025-07-01 08:59:48,221 [b5c15213-151b-4602-9ab3-e2eb34ce8c9d-groupManagement] INFO  server.RaftServerConfigKeys (ConfUtils.java:logGet(62)) - raft.server.log.write.buffer.size = 33554440 (custom)
2025-07-01 08:59:48,226 [b5c15213-151b-4602-9ab3-e2eb34ce8c9d-groupManagement] INFO  server.RaftServerConfigKeys (ConfUtils.java:logGet(62)) - raft.server.log.appender.buffer.byte-limit = 33554432 (custom)
2025-07-01 08:59:48,227 [b5c15213-151b-4602-9ab3-e2eb34ce8c9d-groupManagement] INFO  segmented.SegmentedRaftLogWorker (SegmentedRaftLogWorker.java:lambda$new$0(141)) - b5c15213-151b-4602-9ab3-e2eb34ce8c9d@group-2F354BD5DFB7-SegmentedRaftLogWorker: flushIndex: setUnconditionally 0 -> -1
2025-07-01 08:59:48,227 [b5c15213-151b-4602-9ab3-e2eb34ce8c9d-groupManagement] INFO  segmented.SegmentedRaftLogWorker (SegmentedRaftLogWorker.java:lambda$new$0(141)) - b5c15213-151b-4602-9ab3-e2eb34ce8c9d@group-2F354BD5DFB7-SegmentedRaftLogWorker: safeCacheEvictIndex: setUnconditionally 0 -> -1
2025-07-01 08:59:48,227 [b5c15213-151b-4602-9ab3-e2eb34ce8c9d-groupManagement] INFO  server.RaftServer$Division (RaftServerImpl.java:start(405)) - b5c15213-151b-4602-9ab3-e2eb34ce8c9d@group-2F354BD5DFB7: start as a follower, conf=conf: {index: -1, cur=peers:[b5c15213-151b-4602-9ab3-e2eb34ce8c9d|127.0.0.1:15039, a1b127b8-82c2-4536-8c7d-4f5485ac8a01|127.0.0.1:15031, 79d4b25e-114a-4169-a8a5-aad22d3259ef|127.0.0.1:15015]|listeners:[], old=null}
2025-07-01 08:59:48,228 [b5c15213-151b-4602-9ab3-e2eb34ce8c9d-groupManagement] INFO  server.RaftServer$Division (RaftServerImpl.java:setRole(392)) - b5c15213-151b-4602-9ab3-e2eb34ce8c9d@group-2F354BD5DFB7: changes role from      null to FOLLOWER at term 0 for startAsFollower
2025-07-01 08:59:48,228 [b5c15213-151b-4602-9ab3-e2eb34ce8c9d-groupManagement] INFO  impl.RoleInfo (RoleInfo.java:updateAndGet(148)) - b5c15213-151b-4602-9ab3-e2eb34ce8c9d: start b5c15213-151b-4602-9ab3-e2eb34ce8c9d@group-2F354BD5DFB7-FollowerState
2025-07-01 08:59:48,229 [b5c15213-151b-4602-9ab3-e2eb34ce8c9d-groupManagement] INFO  util.JmxRegister (JmxRegister.java:tryRegister(44)) - Successfully registered JMX Bean with object name Ratis:service=RaftServer,group=group-2F354BD5DFB7,id=b5c15213-151b-4602-9ab3-e2eb34ce8c9d
2025-07-01 08:59:48,229 [b5c15213-151b-4602-9ab3-e2eb34ce8c9d-groupManagement] INFO  util.JmxRegister (JmxRegister.java:register(58)) - register mxBean class org.apache.ratis.server.impl.RaftServerJmxAdapter as Ratis:service=RaftServer,group=group-2F354BD5DFB7,id=b5c15213-151b-4602-9ab3-e2eb34ce8c9d
2025-07-01 08:59:48,230 [b5c15213-151b-4602-9ab3-e2eb34ce8c9d-groupManagement] INFO  server.RaftServer$Division (RaftServerImpl.java:start(419)) - b5c15213-151b-4602-9ab3-e2eb34ce8c9d@group-2F354BD5DFB7: Successfully started.
2025-07-01 08:59:48,241 [grpc-default-executor-0] INFO  server.RaftServer (RaftServerProxy.java:addNew(105)) - a1b127b8-82c2-4536-8c7d-4f5485ac8a01: addNew group-2F354BD5DFB7:[b5c15213-151b-4602-9ab3-e2eb34ce8c9d|127.0.0.1:15039, a1b127b8-82c2-4536-8c7d-4f5485ac8a01|127.0.0.1:15031, 79d4b25e-114a-4169-a8a5-aad22d3259ef|127.0.0.1:15015] returns group-2F354BD5DFB7:java.util.concurrent.CompletableFuture@40c80d5d[Not completed]
2025-07-01 08:59:48,243 [a1b127b8-82c2-4536-8c7d-4f5485ac8a01-groupManagement] WARN  statemachine.DatanodeConfiguration (DatanodeConfiguration.java:validateMinFreeSpace(751)) - hdds.datanode.volume.min.free.space.percent = -1.0 is invalid, should be between 0 and 1
2025-07-01 08:59:48,243 [a1b127b8-82c2-4536-8c7d-4f5485ac8a01-groupManagement] INFO  server.RaftServer$Division (RaftServerImpl.java:<init>(268)) - a1b127b8-82c2-4536-8c7d-4f5485ac8a01: new RaftServerImpl for group-2F354BD5DFB7:[b5c15213-151b-4602-9ab3-e2eb34ce8c9d|127.0.0.1:15039, a1b127b8-82c2-4536-8c7d-4f5485ac8a01|127.0.0.1:15031, 79d4b25e-114a-4169-a8a5-aad22d3259ef|127.0.0.1:15015] with ContainerStateMachine:uninitialized
2025-07-01 08:59:48,243 [a1b127b8-82c2-4536-8c7d-4f5485ac8a01-groupManagement] INFO  server.RaftServer$Division (ServerState.java:<init>(114)) - a1b127b8-82c2-4536-8c7d-4f5485ac8a01@group-2F354BD5DFB7: ConfigurationManager, init=conf: {index: -1, cur=peers:[b5c15213-151b-4602-9ab3-e2eb34ce8c9d|127.0.0.1:15039, a1b127b8-82c2-4536-8c7d-4f5485ac8a01|127.0.0.1:15031, 79d4b25e-114a-4169-a8a5-aad22d3259ef|127.0.0.1:15015]|listeners:[], old=null}, confs=<EMPTY_MAP>
2025-07-01 08:59:48,248 [a1b127b8-82c2-4536-8c7d-4f5485ac8a01-groupManagement] INFO  server.RaftServerConfigKeys (ConfUtils.java:logGet(62)) - raft.server.storage.dir = [/home/runner/work/ozone/ozone/hadoop-ozone/integration-test/target/test-dir/MiniOzoneClusterImpl-9519866e-a671-477b-a14d-0694c95b70cd/ozone-meta/datanode-3/ratis] (custom)
2025-07-01 08:59:48,248 [a1b127b8-82c2-4536-8c7d-4f5485ac8a01-groupManagement] INFO  storage.RaftStorageDirectory (RaftStorageDirectoryImpl.java:analyzeStorage(138)) - The storage directory /home/runner/work/ozone/ozone/hadoop-ozone/integration-test/target/test-dir/MiniOzoneClusterImpl-9519866e-a671-477b-a14d-0694c95b70cd/ozone-meta/datanode-3/ratis/6d08519a-e3e5-43f6-8cb4-2f354bd5dfb7 does not exist. Creating ...
2025-07-01 08:59:48,250 [a1b127b8-82c2-4536-8c7d-4f5485ac8a01-groupManagement] INFO  storage.RaftStorageDirectory (RaftStorageDirectoryImpl.java:tryLock(229)) - Lock on /home/runner/work/ozone/ozone/hadoop-ozone/integration-test/target/test-dir/MiniOzoneClusterImpl-9519866e-a671-477b-a14d-0694c95b70cd/ozone-meta/datanode-3/ratis/6d08519a-e3e5-43f6-8cb4-2f354bd5dfb7/in_use.lock acquired by nodename 103678@localhost
2025-07-01 08:59:48,252 [a1b127b8-82c2-4536-8c7d-4f5485ac8a01-groupManagement] INFO  storage.RaftStorage (RaftStorageImpl.java:format(98)) - Storage directory /home/runner/work/ozone/ozone/hadoop-ozone/integration-test/target/test-dir/MiniOzoneClusterImpl-9519866e-a671-477b-a14d-0694c95b70cd/ozone-meta/datanode-3/ratis/6d08519a-e3e5-43f6-8cb4-2f354bd5dfb7 has been successfully formatted.
2025-07-01 08:59:48,252 [a1b127b8-82c2-4536-8c7d-4f5485ac8a01-groupManagement] INFO  ratis.ContainerStateMachine (ContainerStateMachine.java:initialize(339)) - a1b127b8-82c2-4536-8c7d-4f5485ac8a01: initialize group-2F354BD5DFB7
2025-07-01 08:59:48,253 [a1b127b8-82c2-4536-8c7d-4f5485ac8a01-groupManagement] INFO  ratis.ContainerStateMachine (ContainerStateMachine.java:loadSnapshot(347)) - group-2F354BD5DFB7: The snapshot info is null. Setting the last applied index to:<INITIAL_VALUE>
2025-07-01 08:59:48,253 [a1b127b8-82c2-4536-8c7d-4f5485ac8a01-groupManagement] INFO  server.RaftServerConfigKeys (ConfUtils.java:logGet(62)) - raft.server.log.appender.buffer.byte-limit = 33554432 (custom)
2025-07-01 08:59:48,256 [a1b127b8-82c2-4536-8c7d-4f5485ac8a01-groupManagement] INFO  server.RaftServerConfigKeys (ConfUtils.java:logGet(62)) - raft.server.log.segment.size.max = 67108864 (custom)
2025-07-01 08:59:48,256 [a1b127b8-82c2-4536-8c7d-4f5485ac8a01-groupManagement] INFO  server.RaftServerConfigKeys (ConfUtils.java:logGet(62)) - raft.server.log.appender.buffer.byte-limit = 33554432 (custom)
2025-07-01 08:59:48,257 [a1b127b8-82c2-4536-8c7d-4f5485ac8a01-groupManagement] INFO  util.AwaitToRun (AwaitToRun.java:start(81)) - Thread[#2209,a1b127b8-82c2-4536-8c7d-4f5485ac8a01@group-2F354BD5DFB7-cacheEviction-AwaitToRun,5,main] started
2025-07-01 08:59:48,257 [a1b127b8-82c2-4536-8c7d-4f5485ac8a01-groupManagement] INFO  segmented.SegmentedRaftLogWorker (SegmentedRaftLogWorker.java:<init>(190)) - new a1b127b8-82c2-4536-8c7d-4f5485ac8a01@group-2F354BD5DFB7-SegmentedRaftLogWorker for RaftStorageImpl:Storage Directory /home/runner/work/ozone/ozone/hadoop-ozone/integration-test/target/test-dir/MiniOzoneClusterImpl-9519866e-a671-477b-a14d-0694c95b70cd/ozone-meta/datanode-3/ratis/6d08519a-e3e5-43f6-8cb4-2f354bd5dfb7
2025-07-01 08:59:48,257 [a1b127b8-82c2-4536-8c7d-4f5485ac8a01-groupManagement] INFO  server.RaftServerConfigKeys (ConfUtils.java:logGet(62)) - raft.server.log.queue.byte-limit = 4294967296 (custom)
2025-07-01 08:59:48,257 [a1b127b8-82c2-4536-8c7d-4f5485ac8a01-groupManagement] INFO  server.RaftServerConfigKeys (ConfUtils.java:logGet(62)) - raft.server.log.segment.size.max = 67108864 (custom)
2025-07-01 08:59:48,257 [a1b127b8-82c2-4536-8c7d-4f5485ac8a01-groupManagement] INFO  server.RaftServerConfigKeys (ConfUtils.java:logGet(62)) - raft.server.log.preallocated.size = 4194304 (custom)
2025-07-01 08:59:48,258 [a1b127b8-82c2-4536-8c7d-4f5485ac8a01-groupManagement] INFO  server.RaftServerConfigKeys (ConfUtils.java:logGet(62)) - raft.server.log.write.buffer.size = 33554440 (custom)
2025-07-01 08:59:48,263 [a1b127b8-82c2-4536-8c7d-4f5485ac8a01-groupManagement] INFO  server.RaftServerConfigKeys (ConfUtils.java:logGet(62)) - raft.server.log.appender.buffer.byte-limit = 33554432 (custom)
2025-07-01 08:59:48,263 [a1b127b8-82c2-4536-8c7d-4f5485ac8a01-groupManagement] INFO  segmented.SegmentedRaftLogWorker (SegmentedRaftLogWorker.java:lambda$new$0(141)) - a1b127b8-82c2-4536-8c7d-4f5485ac8a01@group-2F354BD5DFB7-SegmentedRaftLogWorker: flushIndex: setUnconditionally 0 -> -1
2025-07-01 08:59:48,264 [a1b127b8-82c2-4536-8c7d-4f5485ac8a01-groupManagement] INFO  segmented.SegmentedRaftLogWorker (SegmentedRaftLogWorker.java:lambda$new$0(141)) - a1b127b8-82c2-4536-8c7d-4f5485ac8a01@group-2F354BD5DFB7-SegmentedRaftLogWorker: safeCacheEvictIndex: setUnconditionally 0 -> -1
2025-07-01 08:59:48,264 [a1b127b8-82c2-4536-8c7d-4f5485ac8a01-groupManagement] INFO  server.RaftServer$Division (RaftServerImpl.java:start(405)) - a1b127b8-82c2-4536-8c7d-4f5485ac8a01@group-2F354BD5DFB7: start as a follower, conf=conf: {index: -1, cur=peers:[b5c15213-151b-4602-9ab3-e2eb34ce8c9d|127.0.0.1:15039, a1b127b8-82c2-4536-8c7d-4f5485ac8a01|127.0.0.1:15031, 79d4b25e-114a-4169-a8a5-aad22d3259ef|127.0.0.1:15015]|listeners:[], old=null}
2025-07-01 08:59:48,265 [a1b127b8-82c2-4536-8c7d-4f5485ac8a01-groupManagement] INFO  server.RaftServer$Division (RaftServerImpl.java:setRole(392)) - a1b127b8-82c2-4536-8c7d-4f5485ac8a01@group-2F354BD5DFB7: changes role from      null to FOLLOWER at term 0 for startAsFollower
2025-07-01 08:59:48,266 [a1b127b8-82c2-4536-8c7d-4f5485ac8a01-groupManagement] INFO  impl.RoleInfo (RoleInfo.java:updateAndGet(148)) - a1b127b8-82c2-4536-8c7d-4f5485ac8a01: start a1b127b8-82c2-4536-8c7d-4f5485ac8a01@group-2F354BD5DFB7-FollowerState
2025-07-01 08:59:48,267 [a1b127b8-82c2-4536-8c7d-4f5485ac8a01-groupManagement] INFO  util.JmxRegister (JmxRegister.java:tryRegister(44)) - Successfully registered JMX Bean with object name Ratis:service=RaftServer,group=group-2F354BD5DFB7,id=a1b127b8-82c2-4536-8c7d-4f5485ac8a01
2025-07-01 08:59:48,267 [a1b127b8-82c2-4536-8c7d-4f5485ac8a01-groupManagement] INFO  util.JmxRegister (JmxRegister.java:register(58)) - register mxBean class org.apache.ratis.server.impl.RaftServerJmxAdapter as Ratis:service=RaftServer,group=group-2F354BD5DFB7,id=a1b127b8-82c2-4536-8c7d-4f5485ac8a01
2025-07-01 08:59:48,268 [a1b127b8-82c2-4536-8c7d-4f5485ac8a01-groupManagement] INFO  server.RaftServer$Division (RaftServerImpl.java:start(419)) - a1b127b8-82c2-4536-8c7d-4f5485ac8a01@group-2F354BD5DFB7: Successfully started.
2025-07-01 08:59:48,271 [79d4b25e-114a-4169-a8a5-aad22d3259ef-PipelineCommandHandlerThread-0] INFO  commandhandler.CreatePipelineCommandHandler (CreatePipelineCommandHandler.java:lambda$handle$2(127)) - Created Pipeline RATIS THREE Pipeline-6d08519a-e3e5-43f6-8cb4-2f354bd5dfb7.
2025-07-01 08:59:48,427 [b8e12808-e384-454c-a012-717dadc38d0a-CloseContainerThread-1] WARN  keyvalue.KeyValueHandler (KeyValueHandler.java:updateAndGetContainerChecksum(1451)) - Container data checksum updated from 0 to 2f9d4286
2025-07-01 08:59:48,427 [b8e12808-e384-454c-a012-717dadc38d0a-CloseContainerThread-0] WARN  keyvalue.KeyValueHandler (KeyValueHandler.java:updateAndGetContainerChecksum(1451)) - Container data checksum updated from 0 to 72f46aae
2025-07-01 08:59:48,428 [b8e12808-e384-454c-a012-717dadc38d0a-CloseContainerThread-2] WARN  keyvalue.KeyValueHandler (KeyValueHandler.java:updateAndGetContainerChecksum(1451)) - Container data checksum updated from 0 to a76efc22
2025-07-01 08:59:48,429 [b8e12808-e384-454c-a012-717dadc38d0a-CloseContainerThread-2] INFO  keyvalue.KeyValueContainer (KeyValueContainer.java:flushAndSyncDB(514)) - Synced container: KeyValueContainerData #5 (CLOSING, non-empty, ri=4, origin=[dn_b8e12808-e384-454c-a012-717dadc38d0a, pipeline_])
2025-07-01 08:59:48,429 [b8e12808-e384-454c-a012-717dadc38d0a-CloseContainerThread-2] INFO  keyvalue.KeyValueContainer (KeyValueContainer.java:flushAndSyncDB(514)) - Synced container: KeyValueContainerData #5 (CLOSING, non-empty, ri=4, origin=[dn_b8e12808-e384-454c-a012-717dadc38d0a, pipeline_])
2025-07-01 08:59:48,433 [b8e12808-e384-454c-a012-717dadc38d0a-ContainerOp-f0e0fca5-a4b9-4cc3-a3ed-1f8f69cc51dd-8] INFO  keyvalue.KeyValueContainer (KeyValueContainer.java:flushAndSyncDB(514)) - Synced container: KeyValueContainerData #15 (CLOSING, non-empty, ri=0, origin=[dn_b8e12808-e384-454c-a012-717dadc38d0a, pipeline_f0e0fca5-a4b9-4cc3-a3ed-1f8f69cc51dd])
2025-07-01 08:59:48,433 [b8e12808-e384-454c-a012-717dadc38d0a-ContainerOp-f0e0fca5-a4b9-4cc3-a3ed-1f8f69cc51dd-8] INFO  keyvalue.KeyValueContainer (KeyValueContainer.java:flushAndSyncDB(514)) - Synced container: KeyValueContainerData #15 (CLOSING, non-empty, ri=0, origin=[dn_b8e12808-e384-454c-a012-717dadc38d0a, pipeline_f0e0fca5-a4b9-4cc3-a3ed-1f8f69cc51dd])
2025-07-01 08:59:48,435 [b8e12808-e384-454c-a012-717dadc38d0a-ContainerOp-f0e0fca5-a4b9-4cc3-a3ed-1f8f69cc51dd-9] INFO  keyvalue.KeyValueContainer (KeyValueContainer.java:flushAndSyncDB(514)) - Synced container: KeyValueContainerData #16 (CLOSING, non-empty, ri=0, origin=[dn_b8e12808-e384-454c-a012-717dadc38d0a, pipeline_f0e0fca5-a4b9-4cc3-a3ed-1f8f69cc51dd])
2025-07-01 08:59:48,436 [b8e12808-e384-454c-a012-717dadc38d0a-CloseContainerThread-2] INFO  keyvalue.KeyValueContainer (KeyValueContainer.java:close(430)) - Closed container: KeyValueContainerData #5 (CLOSED, non-empty, ri=4, origin=[dn_b8e12808-e384-454c-a012-717dadc38d0a, pipeline_])
2025-07-01 08:59:48,437 [b8e12808-e384-454c-a012-717dadc38d0a-ContainerOp-f0e0fca5-a4b9-4cc3-a3ed-1f8f69cc51dd-9] INFO  keyvalue.KeyValueContainer (KeyValueContainer.java:flushAndSyncDB(514)) - Synced container: KeyValueContainerData #16 (CLOSING, non-empty, ri=0, origin=[dn_b8e12808-e384-454c-a012-717dadc38d0a, pipeline_f0e0fca5-a4b9-4cc3-a3ed-1f8f69cc51dd])
2025-07-01 08:59:48,437 [b8e12808-e384-454c-a012-717dadc38d0a-CloseContainerThread-2] INFO  commandhandler.CloseContainerCommandHandler (CloseContainerCommandHandler.java:lambda$handle$0(105)) - Container #31 does not exist in datanode. Its pipeline may have closed before it was created. Container close failed.
2025-07-01 08:59:48,438 [b8e12808-e384-454c-a012-717dadc38d0a-CloseContainerThread-2] INFO  commandhandler.CloseContainerCommandHandler (CloseContainerCommandHandler.java:lambda$handle$0(105)) - Container #32 does not exist in datanode. Its pipeline may have closed before it was created. Container close failed.
2025-07-01 08:59:48,438 [b8e12808-e384-454c-a012-717dadc38d0a-CloseContainerThread-2] INFO  commandhandler.CloseContainerCommandHandler (CloseContainerCommandHandler.java:lambda$handle$0(105)) - Container #33 does not exist in datanode. Its pipeline may have closed before it was created. Container close failed.
2025-07-01 08:59:48,438 [b8e12808-e384-454c-a012-717dadc38d0a-CloseContainerThread-2] INFO  commandhandler.CloseContainerCommandHandler (CloseContainerCommandHandler.java:lambda$handle$0(105)) - Container #34 does not exist in datanode. Its pipeline may have closed before it was created. Container close failed.
2025-07-01 08:59:48,442 [FixedThreadPoolWithAffinityExecutor-1-0] INFO  container.IncrementalContainerReportHandler (AbstractContainerReportHandler.java:updateContainerState(289)) - CLOSE Container #5 (CLOSING, sid=0) r4 (CLOSED, bcsid=0, origin=b8e12808-e384-454c-a012-717dadc38d0a, non-empty) from dn b8e12808-e384-454c-a012-717dadc38d0a(localhost/127.0.0.1)
2025-07-01 08:59:48,442 [b8e12808-e384-454c-a012-717dadc38d0a-ContainerOp-f0e0fca5-a4b9-4cc3-a3ed-1f8f69cc51dd-9] INFO  keyvalue.KeyValueContainer (KeyValueContainer.java:close(430)) - Closed container: KeyValueContainerData #16 (CLOSED, non-empty, ri=0, origin=[dn_b8e12808-e384-454c-a012-717dadc38d0a, pipeline_f0e0fca5-a4b9-4cc3-a3ed-1f8f69cc51dd])
2025-07-01 08:59:48,443 [b8e12808-e384-454c-a012-717dadc38d0a-ContainerOp-f0e0fca5-a4b9-4cc3-a3ed-1f8f69cc51dd-8] INFO  keyvalue.KeyValueContainer (KeyValueContainer.java:close(430)) - Closed container: KeyValueContainerData #15 (CLOSED, non-empty, ri=0, origin=[dn_b8e12808-e384-454c-a012-717dadc38d0a, pipeline_f0e0fca5-a4b9-4cc3-a3ed-1f8f69cc51dd])
2025-07-01 08:59:48,445 [FixedThreadPoolWithAffinityExecutor-1-0] INFO  container.IncrementalContainerReportHandler (AbstractContainerReportHandler.java:updateContainerState(289)) - CLOSE Container #16 (CLOSING, sid=5) r0 (CLOSED, bcsid=5, origin=b8e12808-e384-454c-a012-717dadc38d0a, non-empty) from dn b8e12808-e384-454c-a012-717dadc38d0a(localhost/127.0.0.1)
2025-07-01 08:59:48,446 [FixedThreadPoolWithAffinityExecutor-1-0] INFO  container.IncrementalContainerReportHandler (AbstractContainerReportHandler.java:updateContainerState(289)) - CLOSE Container #15 (CLOSING, sid=8) r0 (CLOSED, bcsid=8, origin=b8e12808-e384-454c-a012-717dadc38d0a, non-empty) from dn b8e12808-e384-454c-a012-717dadc38d0a(localhost/127.0.0.1)
2025-07-01 08:59:48,460 [b5c15213-151b-4602-9ab3-e2eb34ce8c9d-CloseContainerThread-2] INFO  commandhandler.CloseContainerCommandHandler (CloseContainerCommandHandler.java:lambda$handle$0(105)) - Container #7 does not exist in datanode. Its pipeline may have closed before it was created. Container close failed.
2025-07-01 08:59:48,460 [b5c15213-151b-4602-9ab3-e2eb34ce8c9d-CloseContainerThread-2] INFO  commandhandler.CloseContainerCommandHandler (CloseContainerCommandHandler.java:lambda$handle$0(105)) - Container #8 does not exist in datanode. Its pipeline may have closed before it was created. Container close failed.
2025-07-01 08:59:48,467 [b5c15213-151b-4602-9ab3-e2eb34ce8c9d-CloseContainerThread-0] WARN  keyvalue.KeyValueHandler (KeyValueHandler.java:updateAndGetContainerChecksum(1451)) - Container data checksum updated from 0 to 855884fd
2025-07-01 08:59:48,467 [b5c15213-151b-4602-9ab3-e2eb34ce8c9d-CloseContainerThread-2] WARN  keyvalue.KeyValueHandler (KeyValueHandler.java:updateAndGetContainerChecksum(1451)) - Container data checksum updated from 0 to 2791b128
2025-07-01 08:59:48,468 [b5c15213-151b-4602-9ab3-e2eb34ce8c9d-CloseContainerThread-1] WARN  keyvalue.KeyValueHandler (KeyValueHandler.java:updateAndGetContainerChecksum(1451)) - Container data checksum updated from 0 to b1e608d0
2025-07-01 08:59:48,469 [b5c15213-151b-4602-9ab3-e2eb34ce8c9d-CloseContainerThread-1] INFO  keyvalue.KeyValueContainer (KeyValueContainer.java:flushAndSyncDB(514)) - Synced container: KeyValueContainerData #5 (CLOSING, non-empty, ri=1, origin=[dn_b5c15213-151b-4602-9ab3-e2eb34ce8c9d, pipeline_])
2025-07-01 08:59:48,470 [b5c15213-151b-4602-9ab3-e2eb34ce8c9d-CloseContainerThread-1] INFO  keyvalue.KeyValueContainer (KeyValueContainer.java:flushAndSyncDB(514)) - Synced container: KeyValueContainerData #5 (CLOSING, non-empty, ri=1, origin=[dn_b5c15213-151b-4602-9ab3-e2eb34ce8c9d, pipeline_])
2025-07-01 08:59:48,471 [b5c15213-151b-4602-9ab3-e2eb34ce8c9d-ContainerOp-86e4df84-bd15-4a85-9c4a-55b8f00e0de0-9] INFO  keyvalue.KeyValueContainer (KeyValueContainer.java:flushAndSyncDB(514)) - Synced container: KeyValueContainerData #10 (CLOSING, non-empty, ri=0, origin=[dn_b5c15213-151b-4602-9ab3-e2eb34ce8c9d, pipeline_86e4df84-bd15-4a85-9c4a-55b8f00e0de0])
2025-07-01 08:59:48,471 [b5c15213-151b-4602-9ab3-e2eb34ce8c9d-ContainerOp-86e4df84-bd15-4a85-9c4a-55b8f00e0de0-9] INFO  keyvalue.KeyValueContainer (KeyValueContainer.java:flushAndSyncDB(514)) - Synced container: KeyValueContainerData #10 (CLOSING, non-empty, ri=0, origin=[dn_b5c15213-151b-4602-9ab3-e2eb34ce8c9d, pipeline_86e4df84-bd15-4a85-9c4a-55b8f00e0de0])
2025-07-01 08:59:48,471 [b5c15213-151b-4602-9ab3-e2eb34ce8c9d-ContainerOp-86e4df84-bd15-4a85-9c4a-55b8f00e0de0-0] INFO  keyvalue.KeyValueContainer (KeyValueContainer.java:flushAndSyncDB(514)) - Synced container: KeyValueContainerData #9 (CLOSING, non-empty, ri=0, origin=[dn_b5c15213-151b-4602-9ab3-e2eb34ce8c9d, pipeline_86e4df84-bd15-4a85-9c4a-55b8f00e0de0])
2025-07-01 08:59:48,472 [b5c15213-151b-4602-9ab3-e2eb34ce8c9d-ContainerOp-86e4df84-bd15-4a85-9c4a-55b8f00e0de0-0] INFO  keyvalue.KeyValueContainer (KeyValueContainer.java:flushAndSyncDB(514)) - Synced container: KeyValueContainerData #9 (CLOSING, non-empty, ri=0, origin=[dn_b5c15213-151b-4602-9ab3-e2eb34ce8c9d, pipeline_86e4df84-bd15-4a85-9c4a-55b8f00e0de0])
2025-07-01 08:59:48,477 [b5c15213-151b-4602-9ab3-e2eb34ce8c9d-ContainerOp-86e4df84-bd15-4a85-9c4a-55b8f00e0de0-9] INFO  keyvalue.KeyValueContainer (KeyValueContainer.java:close(430)) - Closed container: KeyValueContainerData #10 (CLOSED, non-empty, ri=0, origin=[dn_b5c15213-151b-4602-9ab3-e2eb34ce8c9d, pipeline_86e4df84-bd15-4a85-9c4a-55b8f00e0de0])
2025-07-01 08:59:48,478 [b5c15213-151b-4602-9ab3-e2eb34ce8c9d-CloseContainerThread-0] INFO  commandhandler.CloseContainerCommandHandler (CloseContainerCommandHandler.java:lambda$handle$0(105)) - Container #31 does not exist in datanode. Its pipeline may have closed before it was created. Container close failed.
2025-07-01 08:59:48,478 [b5c15213-151b-4602-9ab3-e2eb34ce8c9d-CloseContainerThread-0] INFO  commandhandler.CloseContainerCommandHandler (CloseContainerCommandHandler.java:lambda$handle$0(105)) - Container #32 does not exist in datanode. Its pipeline may have closed before it was created. Container close failed.
2025-07-01 08:59:48,478 [b5c15213-151b-4602-9ab3-e2eb34ce8c9d-CloseContainerThread-0] INFO  commandhandler.CloseContainerCommandHandler (CloseContainerCommandHandler.java:lambda$handle$0(105)) - Container #33 does not exist in datanode. Its pipeline may have closed before it was created. Container close failed.
2025-07-01 08:59:48,478 [b5c15213-151b-4602-9ab3-e2eb34ce8c9d-CloseContainerThread-0] INFO  commandhandler.CloseContainerCommandHandler (CloseContainerCommandHandler.java:lambda$handle$0(105)) - Container #34 does not exist in datanode. Its pipeline may have closed before it was created. Container close failed.
2025-07-01 08:59:48,480 [b5c15213-151b-4602-9ab3-e2eb34ce8c9d-CloseContainerThread-1] INFO  keyvalue.KeyValueContainer (KeyValueContainer.java:close(430)) - Closed container: KeyValueContainerData #5 (CLOSED, non-empty, ri=1, origin=[dn_b5c15213-151b-4602-9ab3-e2eb34ce8c9d, pipeline_])
2025-07-01 08:59:48,480 [b5c15213-151b-4602-9ab3-e2eb34ce8c9d-ContainerOp-86e4df84-bd15-4a85-9c4a-55b8f00e0de0-0] INFO  keyvalue.KeyValueContainer (KeyValueContainer.java:close(430)) - Closed container: KeyValueContainerData #9 (CLOSED, non-empty, ri=0, origin=[dn_b5c15213-151b-4602-9ab3-e2eb34ce8c9d, pipeline_86e4df84-bd15-4a85-9c4a-55b8f00e0de0])
2025-07-01 08:59:48,482 [FixedThreadPoolWithAffinityExecutor-1-0] INFO  container.IncrementalContainerReportHandler (AbstractContainerReportHandler.java:updateContainerState(289)) - CLOSE Container #10 (CLOSING, sid=5) r0 (CLOSED, bcsid=5, origin=b5c15213-151b-4602-9ab3-e2eb34ce8c9d, non-empty) from dn b5c15213-151b-4602-9ab3-e2eb34ce8c9d(localhost/127.0.0.1)
2025-07-01 08:59:48,485 [FixedThreadPoolWithAffinityExecutor-1-0] INFO  container.IncrementalContainerReportHandler (AbstractContainerReportHandler.java:updateContainerState(289)) - CLOSE Container #9 (CLOSING, sid=2) r0 (CLOSED, bcsid=2, origin=b5c15213-151b-4602-9ab3-e2eb34ce8c9d, non-empty) from dn b5c15213-151b-4602-9ab3-e2eb34ce8c9d(localhost/127.0.0.1)
2025-07-01 08:59:48,808 [a1b127b8-82c2-4536-8c7d-4f5485ac8a01-CloseContainerThread-2] INFO  commandhandler.CloseContainerCommandHandler (CloseContainerCommandHandler.java:lambda$handle$0(105)) - Container #31 does not exist in datanode. Its pipeline may have closed before it was created. Container close failed.
2025-07-01 08:59:48,808 [a1b127b8-82c2-4536-8c7d-4f5485ac8a01-CloseContainerThread-2] INFO  commandhandler.CloseContainerCommandHandler (CloseContainerCommandHandler.java:lambda$handle$0(105)) - Container #33 does not exist in datanode. Its pipeline may have closed before it was created. Container close failed.
2025-07-01 08:59:48,808 [a1b127b8-82c2-4536-8c7d-4f5485ac8a01-CloseContainerThread-2] INFO  commandhandler.CloseContainerCommandHandler (CloseContainerCommandHandler.java:lambda$handle$0(105)) - Container #34 does not exist in datanode. Its pipeline may have closed before it was created. Container close failed.
2025-07-01 08:59:48,808 [a1b127b8-82c2-4536-8c7d-4f5485ac8a01-CloseContainerThread-0] INFO  commandhandler.CloseContainerCommandHandler (CloseContainerCommandHandler.java:lambda$handle$0(105)) - Container #32 does not exist in datanode. Its pipeline may have closed before it was created. Container close failed.
2025-07-01 08:59:48,813 [a1b127b8-82c2-4536-8c7d-4f5485ac8a01-CloseContainerThread-1] WARN  keyvalue.KeyValueHandler (KeyValueHandler.java:updateAndGetContainerChecksum(1451)) - Container data checksum updated from 0 to f8b8326d
2025-07-01 08:59:48,813 [a1b127b8-82c2-4536-8c7d-4f5485ac8a01-CloseContainerThread-1] INFO  keyvalue.KeyValueContainer (KeyValueContainer.java:flushAndSyncDB(514)) - Synced container: KeyValueContainerData #5 (CLOSING, non-empty, ri=5, origin=[dn_a1b127b8-82c2-4536-8c7d-4f5485ac8a01, pipeline_])
2025-07-01 08:59:48,813 [a1b127b8-82c2-4536-8c7d-4f5485ac8a01-CloseContainerThread-1] INFO  keyvalue.KeyValueContainer (KeyValueContainer.java:flushAndSyncDB(514)) - Synced container: KeyValueContainerData #5 (CLOSING, non-empty, ri=5, origin=[dn_a1b127b8-82c2-4536-8c7d-4f5485ac8a01, pipeline_])
2025-07-01 08:59:48,815 [a1b127b8-82c2-4536-8c7d-4f5485ac8a01-CloseContainerThread-1] INFO  keyvalue.KeyValueContainer (KeyValueContainer.java:close(430)) - Closed container: KeyValueContainerData #5 (CLOSED, non-empty, ri=5, origin=[dn_a1b127b8-82c2-4536-8c7d-4f5485ac8a01, pipeline_])
2025-07-01 08:59:49,326 [79d4b25e-114a-4169-a8a5-aad22d3259ef@group-2F354BD5DFB7-FollowerState] INFO  impl.FollowerState (FollowerState.java:runImpl(161)) - 79d4b25e-114a-4169-a8a5-aad22d3259ef@group-2F354BD5DFB7-FollowerState: change to CANDIDATE, lastRpcElapsedTime:1127446031ns, electionTimeout:1126ms
2025-07-01 08:59:49,326 [79d4b25e-114a-4169-a8a5-aad22d3259ef@group-2F354BD5DFB7-FollowerState] INFO  impl.RoleInfo (RoleInfo.java:shutdownFollowerState(121)) - 79d4b25e-114a-4169-a8a5-aad22d3259ef: shutdown 79d4b25e-114a-4169-a8a5-aad22d3259ef@group-2F354BD5DFB7-FollowerState
2025-07-01 08:59:49,326 [79d4b25e-114a-4169-a8a5-aad22d3259ef@group-2F354BD5DFB7-FollowerState] INFO  server.RaftServer$Division (RaftServerImpl.java:setRole(392)) - 79d4b25e-114a-4169-a8a5-aad22d3259ef@group-2F354BD5DFB7: changes role from  FOLLOWER to CANDIDATE at term 0 for changeToCandidate
2025-07-01 08:59:49,326 [79d4b25e-114a-4169-a8a5-aad22d3259ef@group-2F354BD5DFB7-FollowerState] INFO  impl.RoleInfo (RoleInfo.java:updateAndGet(148)) - 79d4b25e-114a-4169-a8a5-aad22d3259ef: start 79d4b25e-114a-4169-a8a5-aad22d3259ef@group-2F354BD5DFB7-LeaderElection12
2025-07-01 08:59:49,327 [79d4b25e-114a-4169-a8a5-aad22d3259ef@group-2F354BD5DFB7-LeaderElection12] INFO  impl.LeaderElection (LeaderElection.java:askForVotes(448)) - 79d4b25e-114a-4169-a8a5-aad22d3259ef@group-2F354BD5DFB7-LeaderElection12 PRE_VOTE round 0: submit vote requests at term 0 for conf: {index: -1, cur=peers:[b5c15213-151b-4602-9ab3-e2eb34ce8c9d|127.0.0.1:15039, a1b127b8-82c2-4536-8c7d-4f5485ac8a01|127.0.0.1:15031, 79d4b25e-114a-4169-a8a5-aad22d3259ef|127.0.0.1:15015]|listeners:[], old=null}
2025-07-01 08:59:49,328 [79d4b25e-114a-4169-a8a5-aad22d3259ef@group-2F354BD5DFB7-LeaderElection12-1] INFO  server.GrpcServerProtocolClient (GrpcServerProtocolClient.java:<init>(65)) - Build channel for b5c15213-151b-4602-9ab3-e2eb34ce8c9d|127.0.0.1:15039
2025-07-01 08:59:49,331 [grpc-default-executor-0] INFO  server.RaftServer$Division (RaftServerImpl.java:requestVote(1421)) - a1b127b8-82c2-4536-8c7d-4f5485ac8a01@group-2F354BD5DFB7: receive requestVote(PRE_VOTE, 79d4b25e-114a-4169-a8a5-aad22d3259ef, group-2F354BD5DFB7, 0, <PROTO_DEFAULT>)
2025-07-01 08:59:49,331 [grpc-default-executor-0] INFO  impl.VoteContext (VoteContext.java:log(49)) - a1b127b8-82c2-4536-8c7d-4f5485ac8a01@group-2F354BD5DFB7-FOLLOWER: reject PRE_VOTE from 79d4b25e-114a-4169-a8a5-aad22d3259ef: our priority 1 > candidate's priority 0
2025-07-01 08:59:49,332 [grpc-default-executor-0] INFO  server.RaftServer$Division (RaftServerImpl.java:requestVote(1455)) - a1b127b8-82c2-4536-8c7d-4f5485ac8a01@group-2F354BD5DFB7 replies to PRE_VOTE vote request: 79d4b25e-114a-4169-a8a5-aad22d3259ef<-a1b127b8-82c2-4536-8c7d-4f5485ac8a01#0:FAIL-t0-last:<INITIAL_VALUE>. Peer's state: a1b127b8-82c2-4536-8c7d-4f5485ac8a01@group-2F354BD5DFB7:t0, leader=null, voted=, raftlog=Memoized:a1b127b8-82c2-4536-8c7d-4f5485ac8a01@group-2F354BD5DFB7-SegmentedRaftLog:OPENED:c-1:lastnull, conf=conf: {index: -1, cur=peers:[b5c15213-151b-4602-9ab3-e2eb34ce8c9d|127.0.0.1:15039, a1b127b8-82c2-4536-8c7d-4f5485ac8a01|127.0.0.1:15031, 79d4b25e-114a-4169-a8a5-aad22d3259ef|127.0.0.1:15015]|listeners:[], old=null}
2025-07-01 08:59:49,333 [79d4b25e-114a-4169-a8a5-aad22d3259ef@group-2F354BD5DFB7-LeaderElection12] INFO  impl.LeaderElection (LeaderElection.java:logAndReturn(206)) - 79d4b25e-114a-4169-a8a5-aad22d3259ef@group-2F354BD5DFB7-LeaderElection12: PRE_VOTE REJECTED received 1 response(s) and 0 exception(s):
2025-07-01 08:59:49,333 [79d4b25e-114a-4169-a8a5-aad22d3259ef@group-2F354BD5DFB7-LeaderElection12] INFO  impl.LeaderElection (LeaderElection.java:logAndReturn(210)) -   Response 0: 79d4b25e-114a-4169-a8a5-aad22d3259ef<-a1b127b8-82c2-4536-8c7d-4f5485ac8a01#0:FAIL-t0-last:<INITIAL_VALUE>
2025-07-01 08:59:49,333 [grpc-default-executor-1] INFO  server.RaftServer$Division (RaftServerImpl.java:requestVote(1421)) - b5c15213-151b-4602-9ab3-e2eb34ce8c9d@group-2F354BD5DFB7: receive requestVote(PRE_VOTE, 79d4b25e-114a-4169-a8a5-aad22d3259ef, group-2F354BD5DFB7, 0, <PROTO_DEFAULT>)
2025-07-01 08:59:49,334 [79d4b25e-114a-4169-a8a5-aad22d3259ef@group-2F354BD5DFB7-LeaderElection12] INFO  impl.LeaderElection (LeaderElection.java:askForVotes(450)) - 79d4b25e-114a-4169-a8a5-aad22d3259ef@group-2F354BD5DFB7-LeaderElection12 PRE_VOTE round 0: result REJECTED
2025-07-01 08:59:49,334 [79d4b25e-114a-4169-a8a5-aad22d3259ef@group-2F354BD5DFB7-LeaderElection12] INFO  server.RaftServer$Division (RaftServerImpl.java:setRole(392)) - 79d4b25e-114a-4169-a8a5-aad22d3259ef@group-2F354BD5DFB7: changes role from CANDIDATE to FOLLOWER at term 0 for REJECTED
2025-07-01 08:59:49,334 [79d4b25e-114a-4169-a8a5-aad22d3259ef@group-2F354BD5DFB7-LeaderElection12] INFO  impl.RoleInfo (RoleInfo.java:shutdownLeaderElection(141)) - 79d4b25e-114a-4169-a8a5-aad22d3259ef: shutdown 79d4b25e-114a-4169-a8a5-aad22d3259ef@group-2F354BD5DFB7-LeaderElection12
2025-07-01 08:59:49,334 [79d4b25e-114a-4169-a8a5-aad22d3259ef@group-2F354BD5DFB7-LeaderElection12] INFO  impl.RoleInfo (RoleInfo.java:updateAndGet(148)) - 79d4b25e-114a-4169-a8a5-aad22d3259ef: start 79d4b25e-114a-4169-a8a5-aad22d3259ef@group-2F354BD5DFB7-FollowerState
2025-07-01 08:59:49,334 [grpc-default-executor-1] INFO  impl.VoteContext (VoteContext.java:log(49)) - b5c15213-151b-4602-9ab3-e2eb34ce8c9d@group-2F354BD5DFB7-FOLLOWER: accept PRE_VOTE from 79d4b25e-114a-4169-a8a5-aad22d3259ef: our priority 0 <= candidate's priority 0
2025-07-01 08:59:49,334 [grpc-default-executor-1] INFO  server.RaftServer$Division (RaftServerImpl.java:requestVote(1455)) - b5c15213-151b-4602-9ab3-e2eb34ce8c9d@group-2F354BD5DFB7 replies to PRE_VOTE vote request: 79d4b25e-114a-4169-a8a5-aad22d3259ef<-b5c15213-151b-4602-9ab3-e2eb34ce8c9d#0:OK-t0-last:<INITIAL_VALUE>. Peer's state: b5c15213-151b-4602-9ab3-e2eb34ce8c9d@group-2F354BD5DFB7:t0, leader=null, voted=, raftlog=Memoized:b5c15213-151b-4602-9ab3-e2eb34ce8c9d@group-2F354BD5DFB7-SegmentedRaftLog:OPENED:c-1:lastnull, conf=conf: {index: -1, cur=peers:[b5c15213-151b-4602-9ab3-e2eb34ce8c9d|127.0.0.1:15039, a1b127b8-82c2-4536-8c7d-4f5485ac8a01|127.0.0.1:15031, 79d4b25e-114a-4169-a8a5-aad22d3259ef|127.0.0.1:15015]|listeners:[], old=null}
2025-07-01 08:59:49,335 [79d4b25e-114a-4169-a8a5-aad22d3259ef@group-2F354BD5DFB7-LeaderElection12] INFO  server.RaftServer$Division (RaftServerImpl.java:setFirstElection(576)) - 79d4b25e-114a-4169-a8a5-aad22d3259ef@group-2F354BD5DFB7: set firstElectionSinceStartup to false for REJECTED
2025-07-01 08:59:49,427 [a1b127b8-82c2-4536-8c7d-4f5485ac8a01@group-2F354BD5DFB7-FollowerState] INFO  impl.FollowerState (FollowerState.java:runImpl(161)) - a1b127b8-82c2-4536-8c7d-4f5485ac8a01@group-2F354BD5DFB7-FollowerState: change to CANDIDATE, lastRpcElapsedTime:1160678272ns, electionTimeout:1160ms
2025-07-01 08:59:49,427 [a1b127b8-82c2-4536-8c7d-4f5485ac8a01@group-2F354BD5DFB7-FollowerState] INFO  impl.RoleInfo (RoleInfo.java:shutdownFollowerState(121)) - a1b127b8-82c2-4536-8c7d-4f5485ac8a01: shutdown a1b127b8-82c2-4536-8c7d-4f5485ac8a01@group-2F354BD5DFB7-FollowerState
2025-07-01 08:59:49,427 [a1b127b8-82c2-4536-8c7d-4f5485ac8a01@group-2F354BD5DFB7-FollowerState] INFO  server.RaftServer$Division (RaftServerImpl.java:setRole(392)) - a1b127b8-82c2-4536-8c7d-4f5485ac8a01@group-2F354BD5DFB7: changes role from  FOLLOWER to CANDIDATE at term 0 for changeToCandidate
2025-07-01 08:59:49,427 [a1b127b8-82c2-4536-8c7d-4f5485ac8a01@group-2F354BD5DFB7-FollowerState] INFO  impl.RoleInfo (RoleInfo.java:updateAndGet(148)) - a1b127b8-82c2-4536-8c7d-4f5485ac8a01: start a1b127b8-82c2-4536-8c7d-4f5485ac8a01@group-2F354BD5DFB7-LeaderElection13
2025-07-01 08:59:49,427 [a1b127b8-82c2-4536-8c7d-4f5485ac8a01@group-2F354BD5DFB7-LeaderElection13] INFO  impl.LeaderElection (LeaderElection.java:askForVotes(448)) - a1b127b8-82c2-4536-8c7d-4f5485ac8a01@group-2F354BD5DFB7-LeaderElection13 PRE_VOTE round 0: submit vote requests at term 0 for conf: {index: -1, cur=peers:[b5c15213-151b-4602-9ab3-e2eb34ce8c9d|127.0.0.1:15039, a1b127b8-82c2-4536-8c7d-4f5485ac8a01|127.0.0.1:15031, 79d4b25e-114a-4169-a8a5-aad22d3259ef|127.0.0.1:15015]|listeners:[], old=null}
2025-07-01 08:59:49,428 [a1b127b8-82c2-4536-8c7d-4f5485ac8a01@group-2F354BD5DFB7-LeaderElection13-1] INFO  server.GrpcServerProtocolClient (GrpcServerProtocolClient.java:<init>(65)) - Build channel for b5c15213-151b-4602-9ab3-e2eb34ce8c9d|127.0.0.1:15039
2025-07-01 08:59:49,428 [a1b127b8-82c2-4536-8c7d-4f5485ac8a01@group-2F354BD5DFB7-LeaderElection13-2] INFO  server.GrpcServerProtocolClient (GrpcServerProtocolClient.java:<init>(65)) - Build channel for 79d4b25e-114a-4169-a8a5-aad22d3259ef|127.0.0.1:15015
2025-07-01 08:59:49,434 [grpc-default-executor-0] INFO  server.RaftServer$Division (RaftServerImpl.java:requestVote(1421)) - 79d4b25e-114a-4169-a8a5-aad22d3259ef@group-2F354BD5DFB7: receive requestVote(PRE_VOTE, a1b127b8-82c2-4536-8c7d-4f5485ac8a01, group-2F354BD5DFB7, 0, <PROTO_DEFAULT>)
2025-07-01 08:59:49,435 [grpc-default-executor-0] INFO  impl.VoteContext (VoteContext.java:log(49)) - 79d4b25e-114a-4169-a8a5-aad22d3259ef@group-2F354BD5DFB7-FOLLOWER: accept PRE_VOTE from a1b127b8-82c2-4536-8c7d-4f5485ac8a01: our priority 0 <= candidate's priority 1
2025-07-01 08:59:49,435 [grpc-default-executor-0] INFO  server.RaftServer$Division (RaftServerImpl.java:requestVote(1455)) - 79d4b25e-114a-4169-a8a5-aad22d3259ef@group-2F354BD5DFB7 replies to PRE_VOTE vote request: a1b127b8-82c2-4536-8c7d-4f5485ac8a01<-79d4b25e-114a-4169-a8a5-aad22d3259ef#0:OK-t0-last:<INITIAL_VALUE>. Peer's state: 79d4b25e-114a-4169-a8a5-aad22d3259ef@group-2F354BD5DFB7:t0, leader=null, voted=, raftlog=Memoized:79d4b25e-114a-4169-a8a5-aad22d3259ef@group-2F354BD5DFB7-SegmentedRaftLog:OPENED:c-1:lastnull, conf=conf: {index: -1, cur=peers:[b5c15213-151b-4602-9ab3-e2eb34ce8c9d|127.0.0.1:15039, a1b127b8-82c2-4536-8c7d-4f5485ac8a01|127.0.0.1:15031, 79d4b25e-114a-4169-a8a5-aad22d3259ef|127.0.0.1:15015]|listeners:[], old=null}
2025-07-01 08:59:49,436 [grpc-default-executor-1] INFO  server.RaftServer$Division (RaftServerImpl.java:requestVote(1421)) - b5c15213-151b-4602-9ab3-e2eb34ce8c9d@group-2F354BD5DFB7: receive requestVote(PRE_VOTE, a1b127b8-82c2-4536-8c7d-4f5485ac8a01, group-2F354BD5DFB7, 0, <PROTO_DEFAULT>)
2025-07-01 08:59:49,437 [grpc-default-executor-1] INFO  impl.VoteContext (VoteContext.java:log(49)) - b5c15213-151b-4602-9ab3-e2eb34ce8c9d@group-2F354BD5DFB7-FOLLOWER: accept PRE_VOTE from a1b127b8-82c2-4536-8c7d-4f5485ac8a01: our priority 0 <= candidate's priority 1
2025-07-01 08:59:49,437 [a1b127b8-82c2-4536-8c7d-4f5485ac8a01@group-2F354BD5DFB7-LeaderElection13] INFO  impl.LeaderElection (LeaderElection.java:logAndReturn(206)) - a1b127b8-82c2-4536-8c7d-4f5485ac8a01@group-2F354BD5DFB7-LeaderElection13: PRE_VOTE PASSED received 1 response(s) and 0 exception(s):
2025-07-01 08:59:49,437 [a1b127b8-82c2-4536-8c7d-4f5485ac8a01@group-2F354BD5DFB7-LeaderElection13] INFO  impl.LeaderElection (LeaderElection.java:logAndReturn(210)) -   Response 0: a1b127b8-82c2-4536-8c7d-4f5485ac8a01<-79d4b25e-114a-4169-a8a5-aad22d3259ef#0:OK-t0-last:<INITIAL_VALUE>
2025-07-01 08:59:49,437 [grpc-default-executor-1] INFO  server.RaftServer$Division (RaftServerImpl.java:requestVote(1455)) - b5c15213-151b-4602-9ab3-e2eb34ce8c9d@group-2F354BD5DFB7 replies to PRE_VOTE vote request: a1b127b8-82c2-4536-8c7d-4f5485ac8a01<-b5c15213-151b-4602-9ab3-e2eb34ce8c9d#0:OK-t0-last:<INITIAL_VALUE>. Peer's state: b5c15213-151b-4602-9ab3-e2eb34ce8c9d@group-2F354BD5DFB7:t0, leader=null, voted=, raftlog=Memoized:b5c15213-151b-4602-9ab3-e2eb34ce8c9d@group-2F354BD5DFB7-SegmentedRaftLog:OPENED:c-1:lastnull, conf=conf: {index: -1, cur=peers:[b5c15213-151b-4602-9ab3-e2eb34ce8c9d|127.0.0.1:15039, a1b127b8-82c2-4536-8c7d-4f5485ac8a01|127.0.0.1:15031, 79d4b25e-114a-4169-a8a5-aad22d3259ef|127.0.0.1:15015]|listeners:[], old=null}
2025-07-01 08:59:49,437 [a1b127b8-82c2-4536-8c7d-4f5485ac8a01@group-2F354BD5DFB7-LeaderElection13] INFO  impl.LeaderElection (LeaderElection.java:askForVotes(450)) - a1b127b8-82c2-4536-8c7d-4f5485ac8a01@group-2F354BD5DFB7-LeaderElection13 PRE_VOTE round 0: result PASSED
2025-07-01 08:59:49,442 [a1b127b8-82c2-4536-8c7d-4f5485ac8a01@group-2F354BD5DFB7-LeaderElection13] INFO  impl.LeaderElection (LeaderElection.java:askForVotes(448)) - a1b127b8-82c2-4536-8c7d-4f5485ac8a01@group-2F354BD5DFB7-LeaderElection13 ELECTION round 0: submit vote requests at term 1 for conf: {index: -1, cur=peers:[b5c15213-151b-4602-9ab3-e2eb34ce8c9d|127.0.0.1:15039, a1b127b8-82c2-4536-8c7d-4f5485ac8a01|127.0.0.1:15031, 79d4b25e-114a-4169-a8a5-aad22d3259ef|127.0.0.1:15015]|listeners:[], old=null}
2025-07-01 08:59:49,444 [grpc-default-executor-1] INFO  server.RaftServer$Division (RaftServerImpl.java:requestVote(1421)) - b5c15213-151b-4602-9ab3-e2eb34ce8c9d@group-2F354BD5DFB7: receive requestVote(ELECTION, a1b127b8-82c2-4536-8c7d-4f5485ac8a01, group-2F354BD5DFB7, 1, <PROTO_DEFAULT>)
2025-07-01 08:59:49,444 [grpc-default-executor-1] INFO  impl.VoteContext (VoteContext.java:log(49)) - b5c15213-151b-4602-9ab3-e2eb34ce8c9d@group-2F354BD5DFB7-FOLLOWER: accept ELECTION from a1b127b8-82c2-4536-8c7d-4f5485ac8a01: our priority 0 <= candidate's priority 1
2025-07-01 08:59:49,444 [grpc-default-executor-1] INFO  server.RaftServer$Division (RaftServerImpl.java:setRole(392)) - b5c15213-151b-4602-9ab3-e2eb34ce8c9d@group-2F354BD5DFB7: changes role from  FOLLOWER to FOLLOWER at term 0 for candidate:a1b127b8-82c2-4536-8c7d-4f5485ac8a01
2025-07-01 08:59:49,444 [grpc-default-executor-1] INFO  impl.RoleInfo (RoleInfo.java:shutdownFollowerState(121)) - b5c15213-151b-4602-9ab3-e2eb34ce8c9d: shutdown b5c15213-151b-4602-9ab3-e2eb34ce8c9d@group-2F354BD5DFB7-FollowerState
2025-07-01 08:59:49,444 [grpc-default-executor-1] INFO  impl.RoleInfo (RoleInfo.java:updateAndGet(148)) - b5c15213-151b-4602-9ab3-e2eb34ce8c9d: start b5c15213-151b-4602-9ab3-e2eb34ce8c9d@group-2F354BD5DFB7-FollowerState
2025-07-01 08:59:49,444 [b5c15213-151b-4602-9ab3-e2eb34ce8c9d@group-2F354BD5DFB7-FollowerState] INFO  impl.FollowerState (FollowerState.java:runImpl(170)) - b5c15213-151b-4602-9ab3-e2eb34ce8c9d@group-2F354BD5DFB7-FollowerState was interrupted
2025-07-01 08:59:49,445 [grpc-default-executor-0] INFO  server.RaftServer$Division (RaftServerImpl.java:requestVote(1421)) - 79d4b25e-114a-4169-a8a5-aad22d3259ef@group-2F354BD5DFB7: receive requestVote(ELECTION, a1b127b8-82c2-4536-8c7d-4f5485ac8a01, group-2F354BD5DFB7, 1, <PROTO_DEFAULT>)
2025-07-01 08:59:49,445 [grpc-default-executor-0] INFO  impl.VoteContext (VoteContext.java:log(49)) - 79d4b25e-114a-4169-a8a5-aad22d3259ef@group-2F354BD5DFB7-FOLLOWER: accept ELECTION from a1b127b8-82c2-4536-8c7d-4f5485ac8a01: our priority 0 <= candidate's priority 1
2025-07-01 08:59:49,445 [grpc-default-executor-0] INFO  server.RaftServer$Division (RaftServerImpl.java:setRole(392)) - 79d4b25e-114a-4169-a8a5-aad22d3259ef@group-2F354BD5DFB7: changes role from  FOLLOWER to FOLLOWER at term 0 for candidate:a1b127b8-82c2-4536-8c7d-4f5485ac8a01
2025-07-01 08:59:49,445 [grpc-default-executor-0] INFO  impl.RoleInfo (RoleInfo.java:shutdownFollowerState(121)) - 79d4b25e-114a-4169-a8a5-aad22d3259ef: shutdown 79d4b25e-114a-4169-a8a5-aad22d3259ef@group-2F354BD5DFB7-FollowerState
2025-07-01 08:59:49,446 [grpc-default-executor-0] INFO  impl.RoleInfo (RoleInfo.java:updateAndGet(148)) - 79d4b25e-114a-4169-a8a5-aad22d3259ef: start 79d4b25e-114a-4169-a8a5-aad22d3259ef@group-2F354BD5DFB7-FollowerState
2025-07-01 08:59:49,445 [grpc-default-executor-1] INFO  server.RaftServer$Division (RaftServerImpl.java:setFirstElection(576)) - b5c15213-151b-4602-9ab3-e2eb34ce8c9d@group-2F354BD5DFB7: set firstElectionSinceStartup to false for candidate:a1b127b8-82c2-4536-8c7d-4f5485ac8a01
2025-07-01 08:59:49,446 [79d4b25e-114a-4169-a8a5-aad22d3259ef@group-2F354BD5DFB7-FollowerState] INFO  impl.FollowerState (FollowerState.java:runImpl(170)) - 79d4b25e-114a-4169-a8a5-aad22d3259ef@group-2F354BD5DFB7-FollowerState was interrupted
2025-07-01 08:59:49,447 [grpc-default-executor-1] INFO  server.RaftServer$Division (RaftServerImpl.java:requestVote(1455)) - b5c15213-151b-4602-9ab3-e2eb34ce8c9d@group-2F354BD5DFB7 replies to ELECTION vote request: a1b127b8-82c2-4536-8c7d-4f5485ac8a01<-b5c15213-151b-4602-9ab3-e2eb34ce8c9d#0:OK-t1-last:<INITIAL_VALUE>. Peer's state: b5c15213-151b-4602-9ab3-e2eb34ce8c9d@group-2F354BD5DFB7:t1, leader=null, voted=a1b127b8-82c2-4536-8c7d-4f5485ac8a01, raftlog=Memoized:b5c15213-151b-4602-9ab3-e2eb34ce8c9d@group-2F354BD5DFB7-SegmentedRaftLog:OPENED:c-1:lastnull, conf=conf: {index: -1, cur=peers:[b5c15213-151b-4602-9ab3-e2eb34ce8c9d|127.0.0.1:15039, a1b127b8-82c2-4536-8c7d-4f5485ac8a01|127.0.0.1:15031, 79d4b25e-114a-4169-a8a5-aad22d3259ef|127.0.0.1:15015]|listeners:[], old=null}
2025-07-01 08:59:49,448 [a1b127b8-82c2-4536-8c7d-4f5485ac8a01@group-2F354BD5DFB7-LeaderElection13] INFO  impl.LeaderElection (LeaderElection.java:logAndReturn(206)) - a1b127b8-82c2-4536-8c7d-4f5485ac8a01@group-2F354BD5DFB7-LeaderElection13: ELECTION PASSED received 1 response(s) and 0 exception(s):
2025-07-01 08:59:49,448 [a1b127b8-82c2-4536-8c7d-4f5485ac8a01@group-2F354BD5DFB7-LeaderElection13] INFO  impl.LeaderElection (LeaderElection.java:logAndReturn(210)) -   Response 0: a1b127b8-82c2-4536-8c7d-4f5485ac8a01<-b5c15213-151b-4602-9ab3-e2eb34ce8c9d#0:OK-t1-last:<INITIAL_VALUE>
2025-07-01 08:59:49,449 [a1b127b8-82c2-4536-8c7d-4f5485ac8a01@group-2F354BD5DFB7-LeaderElection13] INFO  impl.LeaderElection (LeaderElection.java:askForVotes(450)) - a1b127b8-82c2-4536-8c7d-4f5485ac8a01@group-2F354BD5DFB7-LeaderElection13 ELECTION round 0: result PASSED
2025-07-01 08:59:49,449 [a1b127b8-82c2-4536-8c7d-4f5485ac8a01@group-2F354BD5DFB7-LeaderElection13] INFO  impl.RoleInfo (RoleInfo.java:shutdownLeaderElection(141)) - a1b127b8-82c2-4536-8c7d-4f5485ac8a01: shutdown a1b127b8-82c2-4536-8c7d-4f5485ac8a01@group-2F354BD5DFB7-LeaderElection13
2025-07-01 08:59:49,449 [a1b127b8-82c2-4536-8c7d-4f5485ac8a01@group-2F354BD5DFB7-LeaderElection13] INFO  server.RaftServer$Division (RaftServerImpl.java:setRole(392)) - a1b127b8-82c2-4536-8c7d-4f5485ac8a01@group-2F354BD5DFB7: changes role from CANDIDATE to LEADER at term 1 for changeToLeader
2025-07-01 08:59:49,449 [a1b127b8-82c2-4536-8c7d-4f5485ac8a01@group-2F354BD5DFB7-LeaderElection13] INFO  server.RaftServerConfigKeys (ConfUtils.java:logFallback(69)) - raft.server.staging.timeout = 15600ms (fallback to raft.server.rpc.timeout.max)
2025-07-01 08:59:49,450 [a1b127b8-82c2-4536-8c7d-4f5485ac8a01@group-2F354BD5DFB7-LeaderElection13] INFO  server.RaftServerConfigKeys (ConfUtils.java:logGet(62)) - raft.server.write.byte-limit = 1024 M (=1073741824) (custom)
2025-07-01 08:59:49,450 [grpc-default-executor-0] INFO  server.RaftServer$Division (RaftServerImpl.java:requestVote(1455)) - 79d4b25e-114a-4169-a8a5-aad22d3259ef@group-2F354BD5DFB7 replies to ELECTION vote request: a1b127b8-82c2-4536-8c7d-4f5485ac8a01<-79d4b25e-114a-4169-a8a5-aad22d3259ef#0:OK-t1-last:<INITIAL_VALUE>. Peer's state: 79d4b25e-114a-4169-a8a5-aad22d3259ef@group-2F354BD5DFB7:t1, leader=null, voted=a1b127b8-82c2-4536-8c7d-4f5485ac8a01, raftlog=Memoized:79d4b25e-114a-4169-a8a5-aad22d3259ef@group-2F354BD5DFB7-SegmentedRaftLog:OPENED:c-1:lastnull, conf=conf: {index: -1, cur=peers:[b5c15213-151b-4602-9ab3-e2eb34ce8c9d|127.0.0.1:15039, a1b127b8-82c2-4536-8c7d-4f5485ac8a01|127.0.0.1:15031, 79d4b25e-114a-4169-a8a5-aad22d3259ef|127.0.0.1:15015]|listeners:[], old=null}
2025-07-01 08:59:49,451 [a1b127b8-82c2-4536-8c7d-4f5485ac8a01@group-2F354BD5DFB7-LeaderElection13] INFO  server.RaftServerConfigKeys (ConfUtils.java:logGet(62)) - raft.server.log.appender.buffer.byte-limit = 33554432 (custom)
2025-07-01 08:59:49,452 [a1b127b8-82c2-4536-8c7d-4f5485ac8a01@group-2F354BD5DFB7-LeaderElection13] INFO  server.RaftServerConfigKeys (ConfUtils.java:logGet(62)) - raft.server.log.appender.buffer.byte-limit = 33554432 (custom)
2025-07-01 08:59:49,453 [a1b127b8-82c2-4536-8c7d-4f5485ac8a01@group-2F354BD5DFB7-LeaderElection13] INFO  impl.RoleInfo (RoleInfo.java:updateAndGet(148)) - a1b127b8-82c2-4536-8c7d-4f5485ac8a01: start a1b127b8-82c2-4536-8c7d-4f5485ac8a01@group-2F354BD5DFB7-LeaderStateImpl
2025-07-01 08:59:49,453 [a1b127b8-82c2-4536-8c7d-4f5485ac8a01@group-2F354BD5DFB7-LeaderElection13] INFO  server.RaftServer$Division (RaftServerImpl.java:setFirstElection(576)) - a1b127b8-82c2-4536-8c7d-4f5485ac8a01@group-2F354BD5DFB7: set firstElectionSinceStartup to false for becomeLeader
2025-07-01 08:59:49,453 [a1b127b8-82c2-4536-8c7d-4f5485ac8a01@group-2F354BD5DFB7-LeaderElection13] INFO  ratis.XceiverServerRatis (XceiverServerRatis.java:handleLeaderChangedNotification(944)) - Leader change notification received for group: group-2F354BD5DFB7 with new leaderId: a1b127b8-82c2-4536-8c7d-4f5485ac8a01
2025-07-01 08:59:49,453 [a1b127b8-82c2-4536-8c7d-4f5485ac8a01@group-2F354BD5DFB7-LeaderElection13] INFO  server.RaftServer$Division (ServerState.java:setLeader(272)) - a1b127b8-82c2-4536-8c7d-4f5485ac8a01@group-2F354BD5DFB7: change Leader from null to a1b127b8-82c2-4536-8c7d-4f5485ac8a01 at term 1 for becomeLeader, leader elected after 1209ms
2025-07-01 08:59:49,453 [a1b127b8-82c2-4536-8c7d-4f5485ac8a01@group-2F354BD5DFB7-LeaderElection13] INFO  segmented.SegmentedRaftLogWorker (SegmentedRaftLogWorker.java:startLogSegment(440)) - a1b127b8-82c2-4536-8c7d-4f5485ac8a01@group-2F354BD5DFB7-SegmentedRaftLogWorker: Starting segment from index:0
2025-07-01 08:59:49,454 [a1b127b8-82c2-4536-8c7d-4f5485ac8a01@group-2F354BD5DFB7-SegmentedRaftLogWorker] INFO  segmented.BufferedWriteChannel (BufferedWriteChannel.java:open(61)) - open log_inprogress_0 at position 0
2025-07-01 08:59:49,455 [a1b127b8-82c2-4536-8c7d-4f5485ac8a01@group-2F354BD5DFB7-LeaderElection13] INFO  server.RaftServer$Division (ServerState.java:setRaftConf(386)) - a1b127b8-82c2-4536-8c7d-4f5485ac8a01@group-2F354BD5DFB7: set configuration conf: {index: 0, cur=peers:[b5c15213-151b-4602-9ab3-e2eb34ce8c9d|127.0.0.1:15039, a1b127b8-82c2-4536-8c7d-4f5485ac8a01|127.0.0.1:15031, 79d4b25e-114a-4169-a8a5-aad22d3259ef|127.0.0.1:15015]|listeners:[], old=null}
2025-07-01 08:59:49,458 [EventQueue-PipelineReportForPipelineReportHandler] INFO  pipeline.PipelineReportHandler (PipelineReportHandler.java:processPipelineReport(134)) - Opened pipeline Pipeline-6d08519a-e3e5-43f6-8cb4-2f354bd5dfb7
2025-07-01 08:59:49,466 [grpc-default-executor-1] INFO  ratis.XceiverServerRatis (XceiverServerRatis.java:handleLeaderChangedNotification(944)) - Leader change notification received for group: group-2F354BD5DFB7 with new leaderId: a1b127b8-82c2-4536-8c7d-4f5485ac8a01
2025-07-01 08:59:49,466 [grpc-default-executor-1] INFO  server.RaftServer$Division (ServerState.java:setLeader(272)) - b5c15213-151b-4602-9ab3-e2eb34ce8c9d@group-2F354BD5DFB7: change Leader from null to a1b127b8-82c2-4536-8c7d-4f5485ac8a01 at term 1 for appendEntries, leader elected after 1254ms
2025-07-01 08:59:49,466 [grpc-default-executor-0] INFO  server.RaftServer$Division (ServerState.java:setRaftConf(386)) - b5c15213-151b-4602-9ab3-e2eb34ce8c9d@group-2F354BD5DFB7: set configuration conf: {index: 0, cur=peers:[b5c15213-151b-4602-9ab3-e2eb34ce8c9d|127.0.0.1:15039, a1b127b8-82c2-4536-8c7d-4f5485ac8a01|127.0.0.1:15031, 79d4b25e-114a-4169-a8a5-aad22d3259ef|127.0.0.1:15015]|listeners:[], old=null}
2025-07-01 08:59:49,466 [grpc-default-executor-0] INFO  segmented.SegmentedRaftLogWorker (SegmentedRaftLogWorker.java:startLogSegment(440)) - b5c15213-151b-4602-9ab3-e2eb34ce8c9d@group-2F354BD5DFB7-SegmentedRaftLogWorker: Starting segment from index:0
2025-07-01 08:59:49,467 [a1b127b8-82c2-4536-8c7d-4f5485ac8a01@group-2F354BD5DFB7-SegmentedRaftLogWorker] INFO  segmented.SegmentedRaftLogWorker (SegmentedRaftLogWorker.java:execute(647)) - a1b127b8-82c2-4536-8c7d-4f5485ac8a01@group-2F354BD5DFB7-SegmentedRaftLogWorker: created new log segment /home/runner/work/ozone/ozone/hadoop-ozone/integration-test/target/test-dir/MiniOzoneClusterImpl-9519866e-a671-477b-a14d-0694c95b70cd/ozone-meta/datanode-3/ratis/6d08519a-e3e5-43f6-8cb4-2f354bd5dfb7/current/log_inprogress_0
2025-07-01 08:59:49,470 [b5c15213-151b-4602-9ab3-e2eb34ce8c9d@group-2F354BD5DFB7-SegmentedRaftLogWorker] INFO  segmented.BufferedWriteChannel (BufferedWriteChannel.java:open(61)) - open log_inprogress_0 at position 0
2025-07-01 08:59:49,470 [grpc-default-executor-4] INFO  ratis.XceiverServerRatis (XceiverServerRatis.java:handleLeaderChangedNotification(944)) - Leader change notification received for group: group-2F354BD5DFB7 with new leaderId: a1b127b8-82c2-4536-8c7d-4f5485ac8a01
2025-07-01 08:59:49,470 [grpc-default-executor-4] INFO  server.RaftServer$Division (ServerState.java:setLeader(272)) - 79d4b25e-114a-4169-a8a5-aad22d3259ef@group-2F354BD5DFB7: change Leader from null to a1b127b8-82c2-4536-8c7d-4f5485ac8a01 at term 1 for appendEntries, leader elected after 1305ms
2025-07-01 08:59:49,470 [grpc-default-executor-4] INFO  server.RaftServer$Division (ServerState.java:setRaftConf(386)) - 79d4b25e-114a-4169-a8a5-aad22d3259ef@group-2F354BD5DFB7: set configuration conf: {index: 0, cur=peers:[b5c15213-151b-4602-9ab3-e2eb34ce8c9d|127.0.0.1:15039, a1b127b8-82c2-4536-8c7d-4f5485ac8a01|127.0.0.1:15031, 79d4b25e-114a-4169-a8a5-aad22d3259ef|127.0.0.1:15015]|listeners:[], old=null}
2025-07-01 08:59:49,470 [grpc-default-executor-4] INFO  segmented.SegmentedRaftLogWorker (SegmentedRaftLogWorker.java:startLogSegment(440)) - 79d4b25e-114a-4169-a8a5-aad22d3259ef@group-2F354BD5DFB7-SegmentedRaftLogWorker: Starting segment from index:0
2025-07-01 08:59:49,471 [79d4b25e-114a-4169-a8a5-aad22d3259ef@group-2F354BD5DFB7-SegmentedRaftLogWorker] INFO  segmented.BufferedWriteChannel (BufferedWriteChannel.java:open(61)) - open log_inprogress_0 at position 0
2025-07-01 08:59:49,483 [b5c15213-151b-4602-9ab3-e2eb34ce8c9d@group-2F354BD5DFB7-SegmentedRaftLogWorker] INFO  segmented.SegmentedRaftLogWorker (SegmentedRaftLogWorker.java:execute(647)) - b5c15213-151b-4602-9ab3-e2eb34ce8c9d@group-2F354BD5DFB7-SegmentedRaftLogWorker: created new log segment /home/runner/work/ozone/ozone/hadoop-ozone/integration-test/target/test-dir/MiniOzoneClusterImpl-9519866e-a671-477b-a14d-0694c95b70cd/ozone-meta/datanode-4/ratis/6d08519a-e3e5-43f6-8cb4-2f354bd5dfb7/current/log_inprogress_0
2025-07-01 08:59:49,484 [79d4b25e-114a-4169-a8a5-aad22d3259ef@group-2F354BD5DFB7-SegmentedRaftLogWorker] INFO  segmented.SegmentedRaftLogWorker (SegmentedRaftLogWorker.java:execute(647)) - 79d4b25e-114a-4169-a8a5-aad22d3259ef@group-2F354BD5DFB7-SegmentedRaftLogWorker: created new log segment /home/runner/work/ozone/ozone/hadoop-ozone/integration-test/target/test-dir/MiniOzoneClusterImpl-9519866e-a671-477b-a14d-0694c95b70cd/ozone-meta/datanode-1/ratis/6d08519a-e3e5-43f6-8cb4-2f354bd5dfb7/current/log_inprogress_0
2025-07-01 08:59:49,491 [a1b127b8-82c2-4536-8c7d-4f5485ac8a01@group-2F354BD5DFB7-StateMachineUpdater] INFO  server.RaftServer$Division (LeaderStateImpl.java:checkStartIndex(309)) - Leader a1b127b8-82c2-4536-8c7d-4f5485ac8a01@group-2F354BD5DFB7-LeaderStateImpl is ready since appliedIndex == startIndex == 0
2025-07-01 08:59:49,494 [grpc-default-executor-0] ERROR impl.OrderedAsync (OrderedAsync.java:lambda$null$6(215)) -  client-AF8954B33D27: Failed* RaftClientRequest:client-AF8954B33D27->a1b127b8-82c2-4536-8c7d-4f5485ac8a01@group-2F354BD5DFB7, cid=681, seq=1*, Watch(0), null
java.util.concurrent.CompletionException: org.apache.ratis.protocol.exceptions.LeaderNotReadyException: a1b127b8-82c2-4536-8c7d-4f5485ac8a01@group-2F354BD5DFB7 is in LEADER state but not ready yet.
	at java.base/java.util.concurrent.CompletableFuture.encodeThrowable(CompletableFuture.java:332)
	at java.base/java.util.concurrent.CompletableFuture.completeThrowable(CompletableFuture.java:347)
	at java.base/java.util.concurrent.CompletableFuture$UniAccept.tryFire(CompletableFuture.java:708)
	at java.base/java.util.concurrent.CompletableFuture.postComplete(CompletableFuture.java:510)
	at java.base/java.util.concurrent.CompletableFuture.completeExceptionally(CompletableFuture.java:2194)
	at org.apache.ratis.grpc.client.GrpcClientProtocolClient$AsyncStreamObservers.completeReplyExceptionally(GrpcClientProtocolClient.java:397)
	at org.apache.ratis.grpc.client.GrpcClientProtocolClient$AsyncStreamObservers.access$000(GrpcClientProtocolClient.java:303)
	at org.apache.ratis.grpc.client.GrpcClientProtocolClient$AsyncStreamObservers$1.onNext(GrpcClientProtocolClient.java:322)
	at org.apache.ratis.grpc.client.GrpcClientProtocolClient$AsyncStreamObservers$1.onNext(GrpcClientProtocolClient.java:308)
	at org.apache.ratis.thirdparty.io.grpc.stub.ClientCalls$StreamObserverToCallListenerAdapter.onMessage(ClientCalls.java:551)
	at org.apache.ratis.thirdparty.io.grpc.ForwardingClientCallListener.onMessage(ForwardingClientCallListener.java:33)
	at org.apache.ratis.thirdparty.io.grpc.internal.ClientCallImpl$ClientStreamListenerImpl$1MessagesAvailable.runInternal(ClientCallImpl.java:661)
	at org.apache.ratis.thirdparty.io.grpc.internal.ClientCallImpl$ClientStreamListenerImpl$1MessagesAvailable.runInContext(ClientCallImpl.java:648)
	at org.apache.ratis.thirdparty.io.grpc.internal.ContextRunnable.run(ContextRunnable.java:37)
	at org.apache.ratis.thirdparty.io.grpc.internal.SerializingExecutor.run(SerializingExecutor.java:133)
	at java.base/java.util.concurrent.ThreadPoolExecutor.runWorker(ThreadPoolExecutor.java:1144)
	at java.base/java.util.concurrent.ThreadPoolExecutor$Worker.run(ThreadPoolExecutor.java:642)
	at java.base/java.lang.Thread.run(Thread.java:1583)
Caused by: org.apache.ratis.protocol.exceptions.LeaderNotReadyException: a1b127b8-82c2-4536-8c7d-4f5485ac8a01@group-2F354BD5DFB7 is in LEADER state but not ready yet.
	at org.apache.ratis.client.impl.ClientProtoUtils.toRaftClientReply(ClientProtoUtils.java:413)
	at org.apache.ratis.grpc.client.GrpcClientProtocolClient$AsyncStreamObservers$1.onNext(GrpcClientProtocolClient.java:313)
	... 10 more
2025-07-01 08:59:51,830 [timer4] INFO  server.GrpcServerProtocolService (GrpcServerProtocolService.java:lambda$onCompleted$6(171)) - a1b127b8-82c2-4536-8c7d-4f5485ac8a01: Completed APPEND_ENTRIES, lastRequest: null  (Repeated 2 times in the last 5.002s)
2025-07-01 08:59:51,830 [timer5] INFO  server.GrpcServerProtocolService (GrpcServerProtocolService.java:lambda$onCompleted$6(171)) - 79d4b25e-114a-4169-a8a5-aad22d3259ef: Completed APPEND_ENTRIES, lastRequest: b8e12808-e384-454c-a012-717dadc38d0a->79d4b25e-114a-4169-a8a5-aad22d3259ef#1936-t1,previous=(t:1, i:805),leaderCommit=804,initializing? false,entries: size=1, first=(t:1, i:806), METADATAENTRY(c:804)  (Repeated 2 times in the last 5.001s)
2025-07-01 08:59:51,843 [timer6] INFO  server.GrpcServerProtocolService (GrpcServerProtocolService.java:lambda$null$7(175)) - a1b127b8-82c2-4536-8c7d-4f5485ac8a01: Completed APPEND_ENTRIES, lastReply: null  (Repeated 2 times in the last 5.014s)
2025-07-01 08:59:51,843 [timer7] INFO  server.GrpcServerProtocolService (GrpcServerProtocolService.java:lambda$null$7(175)) - 79d4b25e-114a-4169-a8a5-aad22d3259ef: Completed APPEND_ENTRIES, lastReply: null  (Repeated 2 times in the last 5.013s)
2025-07-01 08:59:54,258 [timer7] ERROR impl.OrderedAsync (OrderedAsync.java:lambda$null$6(215)) -  client-AF8954B33D27: Failed* RaftClientRequest:client-AF8954B33D27->a1b127b8-82c2-4536-8c7d-4f5485ac8a01@group-2F354BD5DFB7, cid=681, seq=1*, Watch(0), null
java.util.concurrent.CompletionException: org.apache.ratis.protocol.exceptions.AlreadyClosedException: client-AF8954B33D27->a1b127b8-82c2-4536-8c7d-4f5485ac8a01 is closed.
	at java.base/java.util.concurrent.CompletableFuture.encodeThrowable(CompletableFuture.java:332)
	at java.base/java.util.concurrent.CompletableFuture.uniAcceptNow(CompletableFuture.java:747)
	at java.base/java.util.concurrent.CompletableFuture.uniAcceptStage(CompletableFuture.java:735)
	at java.base/java.util.concurrent.CompletableFuture.thenAccept(CompletableFuture.java:2214)
	at org.apache.ratis.client.impl.OrderedAsync.sendRequestWithRetry(OrderedAsync.java:206)
	at org.apache.ratis.util.SlidingWindow$Client.sendOrDelayRequest(SlidingWindow.java:315)
	at org.apache.ratis.util.SlidingWindow$Client.retry(SlidingWindow.java:331)
	at org.apache.ratis.client.impl.OrderedAsync.lambda$handleException$8(OrderedAsync.java:253)
	at org.apache.ratis.util.TimeoutTimer.lambda$onTimeout$2(TimeoutTimer.java:101)
	at org.apache.ratis.util.LogUtils.runAndLog(LogUtils.java:38)
	at org.apache.ratis.util.LogUtils$1.run(LogUtils.java:78)
	at org.apache.ratis.util.TimeoutTimer$Task.run(TimeoutTimer.java:55)
	at java.base/java.util.TimerThread.mainLoop(Timer.java:566)
	at java.base/java.util.TimerThread.run(Timer.java:516)
Caused by: org.apache.ratis.protocol.exceptions.AlreadyClosedException: client-AF8954B33D27->a1b127b8-82c2-4536-8c7d-4f5485ac8a01 is closed.
	at org.apache.ratis.grpc.client.GrpcClientProtocolClient$AsyncStreamObservers.onNext(GrpcClientProtocolClient.java:352)
	at org.apache.ratis.grpc.client.GrpcClientRpc.sendRequestAsync(GrpcClientRpc.java:71)
	... 10 more
2025-07-01 08:59:58,783 [grpc-default-executor-4] ERROR impl.OrderedAsync (OrderedAsync.java:lambda$null$6(215)) -  client-AF8954B33D27: Failed* RaftClientRequest:client-AF8954B33D27->79d4b25e-114a-4169-a8a5-aad22d3259ef@group-2F354BD5DFB7, cid=681, seq=1*, Watch(0), null
java.util.concurrent.CompletionException: org.apache.ratis.protocol.exceptions.NotLeaderException: Server 79d4b25e-114a-4169-a8a5-aad22d3259ef@group-2F354BD5DFB7 is not the leader, suggested leader is: a1b127b8-82c2-4536-8c7d-4f5485ac8a01|127.0.0.1:15031
	at java.base/java.util.concurrent.CompletableFuture.encodeThrowable(CompletableFuture.java:332)
	at java.base/java.util.concurrent.CompletableFuture.completeThrowable(CompletableFuture.java:347)
	at java.base/java.util.concurrent.CompletableFuture$UniAccept.tryFire(CompletableFuture.java:708)
	at java.base/java.util.concurrent.CompletableFuture.postComplete(CompletableFuture.java:510)
	at java.base/java.util.concurrent.CompletableFuture.completeExceptionally(CompletableFuture.java:2194)
	at org.apache.ratis.grpc.client.GrpcClientProtocolClient$AsyncStreamObservers.completeReplyExceptionally(GrpcClientProtocolClient.java:397)
	at org.apache.ratis.grpc.client.GrpcClientProtocolClient$AsyncStreamObservers.access$000(GrpcClientProtocolClient.java:303)
	at org.apache.ratis.grpc.client.GrpcClientProtocolClient$AsyncStreamObservers$1.onNext(GrpcClientProtocolClient.java:317)
	at org.apache.ratis.grpc.client.GrpcClientProtocolClient$AsyncStreamObservers$1.onNext(GrpcClientProtocolClient.java:308)
	at org.apache.ratis.thirdparty.io.grpc.stub.ClientCalls$StreamObserverToCallListenerAdapter.onMessage(ClientCalls.java:551)
	at org.apache.ratis.thirdparty.io.grpc.ForwardingClientCallListener.onMessage(ForwardingClientCallListener.java:33)
	at org.apache.ratis.thirdparty.io.grpc.internal.DelayedClientCall$DelayedListener.onMessage(DelayedClientCall.java:473)
	at org.apache.ratis.thirdparty.io.grpc.internal.ClientCallImpl$ClientStreamListenerImpl$1MessagesAvailable.runInternal(ClientCallImpl.java:661)
	at org.apache.ratis.thirdparty.io.grpc.internal.ClientCallImpl$ClientStreamListenerImpl$1MessagesAvailable.runInContext(ClientCallImpl.java:648)
	at org.apache.ratis.thirdparty.io.grpc.internal.ContextRunnable.run(ContextRunnable.java:37)
	at org.apache.ratis.thirdparty.io.grpc.internal.SerializingExecutor.run(SerializingExecutor.java:133)
	at java.base/java.util.concurrent.ThreadPoolExecutor.runWorker(ThreadPoolExecutor.java:1144)
	at java.base/java.util.concurrent.ThreadPoolExecutor$Worker.run(ThreadPoolExecutor.java:642)
	at java.base/java.lang.Thread.run(Thread.java:1583)
Caused by: org.apache.ratis.protocol.exceptions.NotLeaderException: Server 79d4b25e-114a-4169-a8a5-aad22d3259ef@group-2F354BD5DFB7 is not the leader, suggested leader is: a1b127b8-82c2-4536-8c7d-4f5485ac8a01|127.0.0.1:15031
	at org.apache.ratis.client.impl.ClientProtoUtils.toRaftClientReply(ClientProtoUtils.java:402)
	at org.apache.ratis.grpc.client.GrpcClientProtocolClient$AsyncStreamObservers$1.onNext(GrpcClientProtocolClient.java:313)
	... 11 more
2025-07-01 08:59:58,794 [a1b127b8-82c2-4536-8c7d-4f5485ac8a01-ContainerOp-6d08519a-e3e5-43f6-8cb4-2f354bd5dfb7-0] WARN  statemachine.DatanodeConfiguration (DatanodeConfiguration.java:validateMinFreeSpace(751)) - hdds.datanode.volume.min.free.space.percent = -1.0 is invalid, should be between 0 and 1
2025-07-01 08:59:58,794 [a1b127b8-82c2-4536-8c7d-4f5485ac8a01-ContainerOp-6d08519a-e3e5-43f6-8cb4-2f354bd5dfb7-0] WARN  statemachine.DatanodeConfiguration (DatanodeConfiguration.java:validateMinFreeSpace(751)) - hdds.datanode.volume.min.free.space.percent = -1.0 is invalid, should be between 0 and 1
2025-07-01 08:59:58,795 [79d4b25e-114a-4169-a8a5-aad22d3259ef-ContainerOp-6d08519a-e3e5-43f6-8cb4-2f354bd5dfb7-0] WARN  statemachine.DatanodeConfiguration (DatanodeConfiguration.java:validateMinFreeSpace(751)) - hdds.datanode.volume.min.free.space.percent = -1.0 is invalid, should be between 0 and 1
2025-07-01 08:59:58,796 [79d4b25e-114a-4169-a8a5-aad22d3259ef-ContainerOp-6d08519a-e3e5-43f6-8cb4-2f354bd5dfb7-0] WARN  statemachine.DatanodeConfiguration (DatanodeConfiguration.java:validateMinFreeSpace(751)) - hdds.datanode.volume.min.free.space.percent = -1.0 is invalid, should be between 0 and 1
2025-07-01 08:59:58,798 [b5c15213-151b-4602-9ab3-e2eb34ce8c9d-ContainerOp-6d08519a-e3e5-43f6-8cb4-2f354bd5dfb7-0] WARN  statemachine.DatanodeConfiguration (DatanodeConfiguration.java:validateMinFreeSpace(751)) - hdds.datanode.volume.min.free.space.percent = -1.0 is invalid, should be between 0 and 1
2025-07-01 08:59:58,800 [b5c15213-151b-4602-9ab3-e2eb34ce8c9d-ContainerOp-6d08519a-e3e5-43f6-8cb4-2f354bd5dfb7-0] WARN  statemachine.DatanodeConfiguration (DatanodeConfiguration.java:validateMinFreeSpace(751)) - hdds.datanode.volume.min.free.space.percent = -1.0 is invalid, should be between 0 and 1
]]></system-out>
  </testcase>
  <testcase name="testDatanodeUsageInfoContainerCount" classname="org.apache.ozone.test.NonHATests$ContainerOperations" time="0.016">
    <failure message="expected: &lt;14&gt; but was: &lt;15&gt;" type="org.opentest4j.AssertionFailedError"><![CDATA[org.opentest4j.AssertionFailedError: expected: <14> but was: <15>
	at org.apache.hadoop.hdds.scm.TestContainerOperations.testDatanodeUsageInfoContainerCount(TestContainerOperations.java:206)
	at java.base/java.lang.reflect.Method.invoke(Method.java:580)
	at java.base/java.util.ArrayList.forEach(ArrayList.java:1596)
	at java.base/java.util.ArrayList.forEach(ArrayList.java:1596)
	at java.base/java.util.ArrayList.forEach(ArrayList.java:1596)
]]></failure>
  </testcase>
  <testcase name="testListContainerExceedMaxAllowedCountOperations" classname="org.apache.ozone.test.NonHATests$ContainerOperations" time="0.05">
    <system-out><![CDATA[2025-07-01 08:59:58,831 [b5c15213-151b-4602-9ab3-e2eb34ce8c9d-ChunkReader-4] WARN  statemachine.DatanodeConfiguration (DatanodeConfiguration.java:validateMinFreeSpace(751)) - hdds.datanode.volume.min.free.space.percent = -1.0 is invalid, should be between 0 and 1
2025-07-01 08:59:58,832 [b5c15213-151b-4602-9ab3-e2eb34ce8c9d-ChunkReader-4] WARN  statemachine.DatanodeConfiguration (DatanodeConfiguration.java:validateMinFreeSpace(751)) - hdds.datanode.volume.min.free.space.percent = -1.0 is invalid, should be between 0 and 1
2025-07-01 08:59:58,849 [b5c15213-151b-4602-9ab3-e2eb34ce8c9d-ChunkReader-7] WARN  statemachine.DatanodeConfiguration (DatanodeConfiguration.java:validateMinFreeSpace(751)) - hdds.datanode.volume.min.free.space.percent = -1.0 is invalid, should be between 0 and 1
2025-07-01 08:59:58,849 [b5c15213-151b-4602-9ab3-e2eb34ce8c9d-ChunkReader-7] WARN  statemachine.DatanodeConfiguration (DatanodeConfiguration.java:validateMinFreeSpace(751)) - hdds.datanode.volume.min.free.space.percent = -1.0 is invalid, should be between 0 and 1
2025-07-01 08:59:58,857 [main] WARN  cli.ContainerOperationClient (ContainerOperationClient.java:listContainer(354)) - Attempting to list 2 containers. However, this exceeds the cluster's current limit of 1. The results will be capped at the maximum allowed count.
]]></system-out>
  </testcase>
  <testcase name="testHealthyNodesCount" classname="org.apache.ozone.test.NonHATests$ContainerOperations" time="0.002"/>
  <testcase name="testNodeOperationalStates" classname="org.apache.ozone.test.NonHATests$ContainerOperations" time="0.015">
    <system-out><![CDATA[2025-07-01 08:59:58,873 [EventQueue-HealthyReadonlyToHealthyNodeForReadOnlyHealthyToHealthyNodeHandler] INFO  node.ReadOnlyHealthyToHealthyNodeHandler (ReadOnlyHealthyToHealthyNodeHandler.java:onMessage(46)) - Datanode b5c15213-151b-4602-9ab3-e2eb34ce8c9d(localhost/127.0.0.1) moved to HEALTHY state.
2025-07-01 08:59:58,873 [EventQueue-HealthyReadonlyToHealthyNodeForReadOnlyHealthyToHealthyNodeHandler] INFO  pipeline.BackgroundPipelineCreator (BackgroundPipelineCreator.java:notifyEventTriggered(290)) - trigger a one-shot run on RatisPipelineUtilsThread.
2025-07-01 08:59:58,874 [RatisPipelineUtilsThread-0] INFO  pipeline.RatisPipelineProvider (RatisPipelineProvider.java:lambda$create$0(208)) - Sending CreatePipelineCommand for pipeline:Pipeline-a8402dee-3d3c-415f-a809-5df2049784dc to datanode:a1b127b8-82c2-4536-8c7d-4f5485ac8a01(localhost/127.0.0.1)
2025-07-01 08:59:58,876 [RatisPipelineUtilsThread-0] INFO  pipeline.BackgroundPipelineCreator (BackgroundPipelineCreator.java:createPipelines(246)) - Created new pipeline Pipeline{ Id: a8402dee-3d3c-415f-a809-5df2049784dc, Nodes: [ {a1b127b8-82c2-4536-8c7d-4f5485ac8a01(localhost/127.0.0.1), ReplicaIndex: 0},], ReplicationConfig: RATIS/ONE, State:ALLOCATED, leaderId:, CreationTimestamp2025-07-01T08:59:58.874316333Z[Etc/UTC]}
2025-07-01 08:59:58,877 [RatisPipelineUtilsThread-0] INFO  pipeline.RatisPipelineProvider (RatisPipelineProvider.java:lambda$create$0(208)) - Sending CreatePipelineCommand for pipeline:Pipeline-bfc07d16-0d49-484b-a92d-80e13272e5df to datanode:b8e12808-e384-454c-a012-717dadc38d0a(localhost/127.0.0.1)
2025-07-01 08:59:58,877 [RatisPipelineUtilsThread-0] INFO  pipeline.RatisPipelineProvider (RatisPipelineProvider.java:lambda$create$0(208)) - Sending CreatePipelineCommand for pipeline:Pipeline-bfc07d16-0d49-484b-a92d-80e13272e5df to datanode:a1b127b8-82c2-4536-8c7d-4f5485ac8a01(localhost/127.0.0.1)
2025-07-01 08:59:58,877 [RatisPipelineUtilsThread-0] INFO  pipeline.RatisPipelineProvider (RatisPipelineProvider.java:lambda$create$0(208)) - Sending CreatePipelineCommand for pipeline:Pipeline-bfc07d16-0d49-484b-a92d-80e13272e5df to datanode:feda8e49-4711-491a-83f7-adf463457523(localhost/127.0.0.1)
2025-07-01 08:59:58,879 [RatisPipelineUtilsThread-0] INFO  pipeline.BackgroundPipelineCreator (BackgroundPipelineCreator.java:createPipelines(246)) - Created new pipeline Pipeline{ Id: bfc07d16-0d49-484b-a92d-80e13272e5df, Nodes: [ {b8e12808-e384-454c-a012-717dadc38d0a(localhost/127.0.0.1), ReplicaIndex: 0}, {a1b127b8-82c2-4536-8c7d-4f5485ac8a01(localhost/127.0.0.1), ReplicaIndex: 0}, {feda8e49-4711-491a-83f7-adf463457523(localhost/127.0.0.1), ReplicaIndex: 0},], ReplicationConfig: RATIS/THREE, State:ALLOCATED, leaderId:, CreationTimestamp2025-07-01T08:59:58.877381462Z[Etc/UTC]}
2025-07-01 08:59:58,880 [RatisPipelineUtilsThread-0] INFO  pipeline.RatisPipelineProvider (RatisPipelineProvider.java:lambda$create$0(208)) - Sending CreatePipelineCommand for pipeline:Pipeline-1c14c94c-59ed-4e68-9a30-2503a2d3cfeb to datanode:feda8e49-4711-491a-83f7-adf463457523(localhost/127.0.0.1)
2025-07-01 08:59:58,881 [EventQueue-HealthyReadonlyToHealthyNodeForReadOnlyHealthyToHealthyNodeHandler] INFO  node.ReadOnlyHealthyToHealthyNodeHandler (ReadOnlyHealthyToHealthyNodeHandler.java:onMessage(46)) - Datanode b5c15213-151b-4602-9ab3-e2eb34ce8c9d(localhost/127.0.0.1) moved to HEALTHY state.
2025-07-01 08:59:58,881 [EventQueue-HealthyReadonlyToHealthyNodeForReadOnlyHealthyToHealthyNodeHandler] INFO  pipeline.BackgroundPipelineCreator (BackgroundPipelineCreator.java:notifyEventTriggered(290)) - trigger a one-shot run on RatisPipelineUtilsThread.
2025-07-01 08:59:58,882 [EventQueue-HealthyReadonlyToHealthyNodeForReadOnlyHealthyToHealthyNodeHandler] INFO  node.ReadOnlyHealthyToHealthyNodeHandler (ReadOnlyHealthyToHealthyNodeHandler.java:onMessage(46)) - Datanode b5c15213-151b-4602-9ab3-e2eb34ce8c9d(localhost/127.0.0.1) moved to HEALTHY state.
2025-07-01 08:59:58,883 [EventQueue-HealthyReadonlyToHealthyNodeForReadOnlyHealthyToHealthyNodeHandler] INFO  pipeline.BackgroundPipelineCreator (BackgroundPipelineCreator.java:notifyEventTriggered(290)) - trigger a one-shot run on RatisPipelineUtilsThread.
2025-07-01 08:59:58,883 [EventQueue-HealthyReadonlyToHealthyNodeForReadOnlyHealthyToHealthyNodeHandler] INFO  node.ReadOnlyHealthyToHealthyNodeHandler (ReadOnlyHealthyToHealthyNodeHandler.java:onMessage(46)) - Datanode b5c15213-151b-4602-9ab3-e2eb34ce8c9d(localhost/127.0.0.1) moved to HEALTHY state.
2025-07-01 08:59:58,883 [EventQueue-HealthyReadonlyToHealthyNodeForReadOnlyHealthyToHealthyNodeHandler] INFO  pipeline.BackgroundPipelineCreator (BackgroundPipelineCreator.java:notifyEventTriggered(290)) - trigger a one-shot run on RatisPipelineUtilsThread.
2025-07-01 08:59:58,883 [RatisPipelineUtilsThread-0] INFO  pipeline.BackgroundPipelineCreator (BackgroundPipelineCreator.java:createPipelines(246)) - Created new pipeline Pipeline{ Id: 1c14c94c-59ed-4e68-9a30-2503a2d3cfeb, Nodes: [ {feda8e49-4711-491a-83f7-adf463457523(localhost/127.0.0.1), ReplicaIndex: 0},], ReplicationConfig: RATIS/ONE, State:ALLOCATED, leaderId:, CreationTimestamp2025-07-01T08:59:58.880179823Z[Etc/UTC]}
2025-07-01 08:59:58,885 [EventQueue-HealthyReadonlyToHealthyNodeForReadOnlyHealthyToHealthyNodeHandler] INFO  node.ReadOnlyHealthyToHealthyNodeHandler (ReadOnlyHealthyToHealthyNodeHandler.java:onMessage(46)) - Datanode b5c15213-151b-4602-9ab3-e2eb34ce8c9d(localhost/127.0.0.1) moved to HEALTHY state.
2025-07-01 08:59:58,885 [EventQueue-HealthyReadonlyToHealthyNodeForReadOnlyHealthyToHealthyNodeHandler] INFO  pipeline.BackgroundPipelineCreator (BackgroundPipelineCreator.java:notifyEventTriggered(290)) - trigger a one-shot run on RatisPipelineUtilsThread.
2025-07-01 08:59:58,885 [EventQueue-HealthyReadonlyToHealthyNodeForReadOnlyHealthyToHealthyNodeHandler] INFO  node.ReadOnlyHealthyToHealthyNodeHandler (ReadOnlyHealthyToHealthyNodeHandler.java:onMessage(46)) - Datanode b5c15213-151b-4602-9ab3-e2eb34ce8c9d(localhost/127.0.0.1) moved to HEALTHY state.
2025-07-01 08:59:58,886 [EventQueue-HealthyReadonlyToHealthyNodeForReadOnlyHealthyToHealthyNodeHandler] INFO  pipeline.BackgroundPipelineCreator (BackgroundPipelineCreator.java:notifyEventTriggered(290)) - trigger a one-shot run on RatisPipelineUtilsThread.
]]></system-out>
  </testcase>
  <testcase name="testDatanodeUsageInfoCompatibility" classname="org.apache.ozone.test.NonHATests$ContainerOperations" time="0.006">
    <system-out><![CDATA[2025-07-01 08:59:58,887 [EventQueue-HealthyReadonlyToHealthyNodeForReadOnlyHealthyToHealthyNodeHandler] INFO  node.ReadOnlyHealthyToHealthyNodeHandler (ReadOnlyHealthyToHealthyNodeHandler.java:onMessage(46)) - Datanode b5c15213-151b-4602-9ab3-e2eb34ce8c9d(localhost/127.0.0.1) moved to HEALTHY state.
2025-07-01 08:59:58,887 [EventQueue-HealthyReadonlyToHealthyNodeForReadOnlyHealthyToHealthyNodeHandler] INFO  pipeline.BackgroundPipelineCreator (BackgroundPipelineCreator.java:notifyEventTriggered(290)) - trigger a one-shot run on RatisPipelineUtilsThread.
2025-07-01 08:59:58,889 [RatisPipelineUtilsThread-0] INFO  pipeline.RatisPipelineProvider (RatisPipelineProvider.java:lambda$create$0(208)) - Sending CreatePipelineCommand for pipeline:Pipeline-395b9221-a25d-4821-9f91-58fc6cf466b4 to datanode:b8e12808-e384-454c-a012-717dadc38d0a(localhost/127.0.0.1)
2025-07-01 08:59:58,889 [RatisPipelineUtilsThread-0] INFO  pipeline.RatisPipelineProvider (RatisPipelineProvider.java:lambda$create$0(208)) - Sending CreatePipelineCommand for pipeline:Pipeline-395b9221-a25d-4821-9f91-58fc6cf466b4 to datanode:b5c15213-151b-4602-9ab3-e2eb34ce8c9d(localhost/127.0.0.1)
2025-07-01 08:59:58,889 [RatisPipelineUtilsThread-0] INFO  pipeline.RatisPipelineProvider (RatisPipelineProvider.java:lambda$create$0(208)) - Sending CreatePipelineCommand for pipeline:Pipeline-395b9221-a25d-4821-9f91-58fc6cf466b4 to datanode:feda8e49-4711-491a-83f7-adf463457523(localhost/127.0.0.1)
2025-07-01 08:59:58,892 [RatisPipelineUtilsThread-0] INFO  pipeline.BackgroundPipelineCreator (BackgroundPipelineCreator.java:createPipelines(246)) - Created new pipeline Pipeline{ Id: 395b9221-a25d-4821-9f91-58fc6cf466b4, Nodes: [ {b8e12808-e384-454c-a012-717dadc38d0a(localhost/127.0.0.1), ReplicaIndex: 0}, {b5c15213-151b-4602-9ab3-e2eb34ce8c9d(localhost/127.0.0.1), ReplicaIndex: 0}, {feda8e49-4711-491a-83f7-adf463457523(localhost/127.0.0.1), ReplicaIndex: 0},], ReplicationConfig: RATIS/THREE, State:ALLOCATED, leaderId:, CreationTimestamp2025-07-01T08:59:58.889525089Z[Etc/UTC]}
]]></system-out>
  </testcase>
  <testcase name="testGetPipeline" classname="org.apache.ozone.test.NonHATests$ContainerOperations" time="0.022">
    <system-out><![CDATA[2025-07-01T08:59:58.899149832Z IPC Server handler 23 on default port 15000 ERROR user=runner | ip=127.0.0.1 | op=GET_PIPELINE {pipelineID=cce6207a-98d0-487e-8642-ba2c407c9207} | ret=FAILURE
org.apache.hadoop.hdds.scm.pipeline.PipelineNotFoundException: Pipeline-cce6207a-98d0-487e-8642-ba2c407c9207 not found
	at org.apache.hadoop.hdds.scm.pipeline.PipelineStateMap.getPipeline(PipelineStateMap.java:150)
	at org.apache.hadoop.hdds.scm.pipeline.PipelineStateManagerImpl.getPipeline(PipelineStateManagerImpl.java:133)
	at java.base/jdk.internal.reflect.DirectMethodHandleAccessor.invoke(DirectMethodHandleAccessor.java:103)
	at java.base/java.lang.reflect.Method.invoke(Method.java:580)
	at org.apache.hadoop.hdds.scm.ha.SCMHAInvocationHandler.invokeLocal(SCMHAInvocationHandler.java:90)
	at org.apache.hadoop.hdds.scm.ha.SCMHAInvocationHandler.invoke(SCMHAInvocationHandler.java:73)
	at jdk.proxy2/jdk.proxy2.$Proxy51.getPipeline(Unknown Source)
	at org.apache.hadoop.hdds.scm.pipeline.PipelineManagerImpl.getPipeline(PipelineManagerImpl.java:336)
	at org.apache.hadoop.hdds.scm.server.SCMClientProtocolServer.getPipeline(SCMClientProtocolServer.java:836)
	at org.apache.hadoop.hdds.scm.protocol.StorageContainerLocationProtocolServerSideTranslatorPB.getPipeline(StorageContainerLocationProtocolServerSideTranslatorPB.java:979)
	at org.apache.hadoop.hdds.scm.protocol.StorageContainerLocationProtocolServerSideTranslatorPB.processRequest(StorageContainerLocationProtocolServerSideTranslatorPB.java:618)
	at org.apache.hadoop.hdds.server.OzoneProtocolMessageDispatcher.processRequest(OzoneProtocolMessageDispatcher.java:87)
	at org.apache.hadoop.hdds.scm.protocol.StorageContainerLocationProtocolServerSideTranslatorPB.submitRequest(StorageContainerLocationProtocolServerSideTranslatorPB.java:236)
	at org.apache.hadoop.hdds.protocol.proto.StorageContainerLocationProtocolProtos$StorageContainerLocationProtocolService$2.callBlockingMethod(StorageContainerLocationProtocolProtos.java)
	at org.apache.hadoop.ipc.ProtobufRpcEngine$Server.processCall(ProtobufRpcEngine.java:484)
	at org.apache.hadoop.ipc.ProtobufRpcEngine2$Server$ProtoBufRpcInvoker.call(ProtobufRpcEngine2.java:595)
	at org.apache.hadoop.ipc.ProtobufRpcEngine2$Server$ProtoBufRpcInvoker.call(ProtobufRpcEngine2.java:573)
	at org.apache.hadoop.ipc.RPC$Server.call(RPC.java:1227)
	at org.apache.hadoop.ipc.Server$RpcCall.run(Server.java:1246)
	at org.apache.hadoop.ipc.Server$RpcCall.run(Server.java:1169)
	at java.base/java.security.AccessController.doPrivileged(AccessController.java:714)
	at java.base/javax.security.auth.Subject.doAs(Subject.java:525)
	at org.apache.hadoop.security.UserGroupInformation.doAs(UserGroupInformation.java:1953)
	at org.apache.hadoop.ipc.Server$Handler.run(Server.java:3198)
2025-07-01 08:59:58,901 [IPC Server handler 23 on default port 15000] INFO  ipc.Server (Server.java:logException(3260)) - IPC Server handler 23 on default port 15000, call Call#3960 Retry#0 org.apache.hadoop.hdds.scm.protocol.StorageContainerLocationProtocol.submitRequest from 127.0.0.1:49336
org.apache.hadoop.hdds.scm.pipeline.PipelineNotFoundException: Pipeline-cce6207a-98d0-487e-8642-ba2c407c9207 not found
	at org.apache.hadoop.hdds.scm.pipeline.PipelineStateMap.getPipeline(PipelineStateMap.java:150)
	at org.apache.hadoop.hdds.scm.pipeline.PipelineStateManagerImpl.getPipeline(PipelineStateManagerImpl.java:133)
	at java.base/jdk.internal.reflect.DirectMethodHandleAccessor.invoke(DirectMethodHandleAccessor.java:103)
	at java.base/java.lang.reflect.Method.invoke(Method.java:580)
	at org.apache.hadoop.hdds.scm.ha.SCMHAInvocationHandler.invokeLocal(SCMHAInvocationHandler.java:90)
	at org.apache.hadoop.hdds.scm.ha.SCMHAInvocationHandler.invoke(SCMHAInvocationHandler.java:73)
	at jdk.proxy2/jdk.proxy2.$Proxy51.getPipeline(Unknown Source)
	at org.apache.hadoop.hdds.scm.pipeline.PipelineManagerImpl.getPipeline(PipelineManagerImpl.java:336)
	at org.apache.hadoop.hdds.scm.server.SCMClientProtocolServer.getPipeline(SCMClientProtocolServer.java:836)
	at org.apache.hadoop.hdds.scm.protocol.StorageContainerLocationProtocolServerSideTranslatorPB.getPipeline(StorageContainerLocationProtocolServerSideTranslatorPB.java:979)
	at org.apache.hadoop.hdds.scm.protocol.StorageContainerLocationProtocolServerSideTranslatorPB.processRequest(StorageContainerLocationProtocolServerSideTranslatorPB.java:618)
	at org.apache.hadoop.hdds.server.OzoneProtocolMessageDispatcher.processRequest(OzoneProtocolMessageDispatcher.java:87)
	at org.apache.hadoop.hdds.scm.protocol.StorageContainerLocationProtocolServerSideTranslatorPB.submitRequest(StorageContainerLocationProtocolServerSideTranslatorPB.java:236)
	at org.apache.hadoop.hdds.protocol.proto.StorageContainerLocationProtocolProtos$StorageContainerLocationProtocolService$2.callBlockingMethod(StorageContainerLocationProtocolProtos.java)
	at org.apache.hadoop.ipc.ProtobufRpcEngine$Server.processCall(ProtobufRpcEngine.java:484)
	at org.apache.hadoop.ipc.ProtobufRpcEngine2$Server$ProtoBufRpcInvoker.call(ProtobufRpcEngine2.java:595)
	at org.apache.hadoop.ipc.ProtobufRpcEngine2$Server$ProtoBufRpcInvoker.call(ProtobufRpcEngine2.java:573)
	at org.apache.hadoop.ipc.RPC$Server.call(RPC.java:1227)
	at org.apache.hadoop.ipc.Server$RpcCall.run(Server.java:1246)
	at org.apache.hadoop.ipc.Server$RpcCall.run(Server.java:1169)
	at java.base/java.security.AccessController.doPrivileged(AccessController.java:714)
	at java.base/javax.security.auth.Subject.doAs(Subject.java:525)
	at org.apache.hadoop.security.UserGroupInformation.doAs(UserGroupInformation.java:1953)
	at org.apache.hadoop.ipc.Server$Handler.run(Server.java:3198)
]]></system-out>
  </testcase>
  <testcase name="testCreate" classname="org.apache.ozone.test.NonHATests$ContainerOperations" time="0.012">
    <system-out><![CDATA[2025-07-01 08:59:58,920 [b5c15213-151b-4602-9ab3-e2eb34ce8c9d-ChunkReader-0] WARN  statemachine.DatanodeConfiguration (DatanodeConfiguration.java:validateMinFreeSpace(751)) - hdds.datanode.volume.min.free.space.percent = -1.0 is invalid, should be between 0 and 1
2025-07-01 08:59:58,921 [b5c15213-151b-4602-9ab3-e2eb34ce8c9d-ChunkReader-0] WARN  statemachine.DatanodeConfiguration (DatanodeConfiguration.java:validateMinFreeSpace(751)) - hdds.datanode.volume.min.free.space.percent = -1.0 is invalid, should be between 0 and 1
]]></system-out>
  </testcase>
  <testcase name="testContainerStateMachineIdempotency" classname="org.apache.ozone.test.NonHATests$ContainerOperations" time="0.048">
    <system-out><![CDATA[2025-07-01 08:59:58,934 [b5c15213-151b-4602-9ab3-e2eb34ce8c9d-ChunkReader-3] WARN  statemachine.DatanodeConfiguration (DatanodeConfiguration.java:validateMinFreeSpace(751)) - hdds.datanode.volume.min.free.space.percent = -1.0 is invalid, should be between 0 and 1
2025-07-01 08:59:58,935 [b5c15213-151b-4602-9ab3-e2eb34ce8c9d-ChunkReader-3] WARN  statemachine.DatanodeConfiguration (DatanodeConfiguration.java:validateMinFreeSpace(751)) - hdds.datanode.volume.min.free.space.percent = -1.0 is invalid, should be between 0 and 1
2025-07-01 08:59:58,951 [b5c15213-151b-4602-9ab3-e2eb34ce8c9d-ChunkReader-0] WARN  helpers.ChunkUtils (ChunkUtils.java:validateChunkForOverwrite(378)) - Duplicate write chunk request. Chunk overwrite without explicit request. ChunkInfo{chunkName='114777155105128716.data.0, offset=0, len=1463}
2025-07-01 08:59:58,964 [b5c15213-151b-4602-9ab3-e2eb34ce8c9d-ChunkReader-0] WARN  keyvalue.KeyValueHandler (KeyValueHandler.java:updateAndGetContainerChecksum(1451)) - Container data checksum updated from 0 to 9d516d59
2025-07-01 08:59:58,966 [FixedThreadPoolWithAffinityExecutor-1-0] INFO  container.IncrementalContainerReportHandler (AbstractContainerReportHandler.java:updateContainerState(253)) - FINALIZE (i.e. CLOSING) Container #71 (OPEN, sid=0) r0 (CLOSING, bcsid=0, origin=b5c15213-151b-4602-9ab3-e2eb34ce8c9d, non-empty) from dn b5c15213-151b-4602-9ab3-e2eb34ce8c9d(localhost/127.0.0.1)
2025-07-01 08:59:58,967 [b5c15213-151b-4602-9ab3-e2eb34ce8c9d-ChunkReader-0] INFO  keyvalue.KeyValueContainer (KeyValueContainer.java:flushAndSyncDB(514)) - Synced container: KeyValueContainerData #71 (CLOSING, non-empty, ri=0, origin=[dn_b5c15213-151b-4602-9ab3-e2eb34ce8c9d, pipeline_])
2025-07-01 08:59:58,968 [b5c15213-151b-4602-9ab3-e2eb34ce8c9d-ChunkReader-0] INFO  keyvalue.KeyValueContainer (KeyValueContainer.java:flushAndSyncDB(514)) - Synced container: KeyValueContainerData #71 (CLOSING, non-empty, ri=0, origin=[dn_b5c15213-151b-4602-9ab3-e2eb34ce8c9d, pipeline_])
2025-07-01 08:59:58,973 [b5c15213-151b-4602-9ab3-e2eb34ce8c9d-ChunkReader-0] INFO  keyvalue.KeyValueContainer (KeyValueContainer.java:close(430)) - Closed container: KeyValueContainerData #71 (CLOSED, non-empty, ri=0, origin=[dn_b5c15213-151b-4602-9ab3-e2eb34ce8c9d, pipeline_])
2025-07-01 08:59:58,976 [FixedThreadPoolWithAffinityExecutor-1-0] INFO  container.IncrementalContainerReportHandler (AbstractContainerReportHandler.java:updateContainerState(289)) - CLOSE Container #71 (CLOSING, sid=0) r0 (CLOSED, bcsid=0, origin=b5c15213-151b-4602-9ab3-e2eb34ce8c9d, non-empty) from dn b5c15213-151b-4602-9ab3-e2eb34ce8c9d(localhost/127.0.0.1)
]]></system-out>
  </testcase>
</testsuite>