<?xml version="1.0" encoding="UTF-8"?>
<testsuite xmlns:xsi="http://www.w3.org/2001/XMLSchema-instance" xsi:noNamespaceSchemaLocation="https://maven.apache.org/surefire/maven-surefire-plugin/xsd/surefire-test-report-3.0.xsd" version="3.0" name="org.apache.hadoop.ozone.client.rpc.TestOzoneRpcClientWithRatis" time="58.021" tests="123" errors="0" skipped="0" failures="1">
  <properties>
    <property name="awt.toolkit" value="sun.awt.X11.XToolkit"/>
    <property name="file.encoding.pkg" value="sun.io"/>
    <property name="java.specification.version" value="1.8"/>
    <property name="sun.cpu.isalist" value=""/>
    <property name="sun.jnu.encoding" value="UTF-8"/>
    <property name="gradle.enterprise.listener.surefire.forkId" value="1"/>
    <property name="java.class.path" value="/home/runner/work/ozone/ozone/hadoop-ozone/integration-test/target/test-classes:/home/runner/work/ozone/ozone/hadoop-ozone/integration-test/target/classes:/home/runner/.m2/repository/org/apache/ozone/ozone-common/1.4.0-SNAPSHOT/ozone-common-1.4.0-SNAPSHOT.jar:/home/runner/.m2/repository/io/grpc/grpc-netty/1.58.0/grpc-netty-1.58.0.jar:/home/runner/.m2/repository/io/grpc/grpc-core/1.58.0/grpc-core-1.58.0.jar:/home/runner/.m2/repository/com/google/android/annotations/4.1.1.4/annotations-4.1.1.4.jar:/home/runner/.m2/repository/org/codehaus/mojo/animal-sniffer-annotations/1.23/animal-sniffer-annotations-1.23.jar:/home/runner/.m2/repository/io/grpc/grpc-context/1.58.0/grpc-context-1.58.0.jar:/home/runner/.m2/repository/io/grpc/grpc-util/1.58.0/grpc-util-1.58.0.jar:/home/runner/.m2/repository/com/google/errorprone/error_prone_annotations/2.2.0/error_prone_annotations-2.2.0.jar:/home/runner/.m2/repository/io/perfmark/perfmark-api/0.26.0/perfmark-api-0.26.0.jar:/home/runner/.m2/repository/io/netty/netty-codec-http2/4.1.100.Final/netty-codec-http2-4.1.100.Final.jar:/home/runner/.m2/repository/io/netty/netty-common/4.1.100.Final/netty-common-4.1.100.Final.jar:/home/runner/.m2/repository/io/netty/netty-buffer/4.1.100.Final/netty-buffer-4.1.100.Final.jar:/home/runner/.m2/repository/io/netty/netty-codec-http/4.1.100.Final/netty-codec-http-4.1.100.Final.jar:/home/runner/.m2/repository/io/netty/netty-handler-proxy/4.1.100.Final/netty-handler-proxy-4.1.100.Final.jar:/home/runner/.m2/repository/io/netty/netty-codec-socks/4.1.100.Final/netty-codec-socks-4.1.100.Final.jar:/home/runner/.m2/repository/io/netty/netty-tcnative-boringssl-static/2.0.61.Final/netty-tcnative-boringssl-static-2.0.61.Final.jar:/home/runner/.m2/repository/io/netty/netty-tcnative-classes/2.0.61.Final/netty-tcnative-classes-2.0.61.Final.jar:/home/runner/.m2/repository/io/netty/netty-tcnative-boringssl-static/2.0.61.Final/netty-tcnative-boringssl-static-2.0.61.Final-linux-x86_64.jar:/home/runner/.m2/repository/io/netty/netty-tcnative-boringssl-static/2.0.61.Final/netty-tcnative-boringssl-static-2.0.61.Final-linux-aarch_64.jar:/home/runner/.m2/repository/io/netty/netty-tcnative-boringssl-static/2.0.61.Final/netty-tcnative-boringssl-static-2.0.61.Final-osx-x86_64.jar:/home/runner/.m2/repository/io/netty/netty-tcnative-boringssl-static/2.0.61.Final/netty-tcnative-boringssl-static-2.0.61.Final-osx-aarch_64.jar:/home/runner/.m2/repository/io/netty/netty-tcnative-boringssl-static/2.0.61.Final/netty-tcnative-boringssl-static-2.0.61.Final-windows-x86_64.jar:/home/runner/.m2/repository/org/apache/commons/commons-compress/1.21/commons-compress-1.21.jar:/home/runner/.m2/repository/org/apache/ozone/hdds-common/1.4.0-SNAPSHOT/hdds-common-1.4.0-SNAPSHOT.jar:/home/runner/.m2/repository/org/apache/ozone/hdds-client/1.4.0-SNAPSHOT/hdds-client-1.4.0-SNAPSHOT.jar:/home/runner/.m2/repository/org/apache/ozone/ozone-interface-client/1.4.0-SNAPSHOT/ozone-interface-client-1.4.0-SNAPSHOT.jar:/home/runner/.m2/repository/org/apache/hadoop/hadoop-hdfs-client/3.3.6/hadoop-hdfs-client-3.3.6.jar:/home/runner/.m2/repository/com/squareup/okhttp3/okhttp/4.9.3/okhttp-4.9.3.jar:/home/runner/.m2/repository/com/squareup/okio/okio/3.4.0/okio-3.4.0.jar:/home/runner/.m2/repository/com/squareup/okio/okio-jvm/3.4.0/okio-jvm-3.4.0.jar:/home/runner/.m2/repository/org/jetbrains/kotlin/kotlin-stdlib-jdk8/1.8.0/kotlin-stdlib-jdk8-1.8.0.jar:/home/runner/.m2/repository/org/jetbrains/kotlin/kotlin-stdlib-jdk7/1.8.0/kotlin-stdlib-jdk7-1.8.0.jar:/home/runner/.m2/repository/org/jetbrains/kotlin/kotlin-stdlib-common/1.6.21/kotlin-stdlib-common-1.6.21.jar:/home/runner/.m2/repository/org/apache/ozone/hdds-test-utils/1.4.0-SNAPSHOT/hdds-test-utils-1.4.0-SNAPSHOT.jar:/home/runner/.m2/repository/com/google/guava/guava/32.0.0-jre/guava-32.0.0-jre.jar:/home/runner/.m2/repository/com/google/guava/failureaccess/1.0.1/failureaccess-1.0.1.jar:/home/runner/.m2/repository/com/google/guava/listenablefuture/9999.0-empty-to-avoid-conflict-with-guava/listenablefuture-9999.0-empty-to-avoid-conflict-with-guava.jar:/home/runner/.m2/repository/com/google/code/findbugs/jsr305/3.0.0/jsr305-3.0.0.jar:/home/runner/.m2/repository/org/checkerframework/checker-qual/3.33.0/checker-qual-3.33.0.jar:/home/runner/.m2/repository/com/google/j2objc/j2objc-annotations/2.8/j2objc-annotations-2.8.jar:/home/runner/.m2/repository/commons-io/commons-io/2.11.0/commons-io-2.11.0.jar:/home/runner/.m2/repository/commons-logging/commons-logging/1.2/commons-logging-1.2.jar:/home/runner/.m2/repository/ch/qos/reload4j/reload4j/1.2.22/reload4j-1.2.22.jar:/home/runner/.m2/repository/org/slf4j/slf4j-api/1.7.36/slf4j-api-1.7.36.jar:/home/runner/.m2/repository/org/apache/logging/log4j/log4j-api/2.17.1/log4j-api-2.17.1.jar:/home/runner/.m2/repository/org/apache/ozone/hdds-server-scm/1.4.0-SNAPSHOT/hdds-server-scm-1.4.0-SNAPSHOT.jar:/home/runner/.m2/repository/org/apache/ozone/hdds-container-service/1.4.0-SNAPSHOT/hdds-container-service-1.4.0-SNAPSHOT.jar:/home/runner/.m2/repository/org/apache/ozone/hdds-hadoop-dependency-server/1.4.0-SNAPSHOT/hdds-hadoop-dependency-server-1.4.0-SNAPSHOT.jar:/home/runner/.m2/repository/org/apache/hadoop/hadoop-hdfs/3.3.6/hadoop-hdfs-3.3.6.jar:/home/runner/.m2/repository/commons-daemon/commons-daemon/1.0.13/commons-daemon-1.0.13.jar:/home/runner/.m2/repository/org/apache/ozone/hdds-server-framework/1.4.0-SNAPSHOT/hdds-server-framework-1.4.0-SNAPSHOT.jar:/home/runner/.m2/repository/io/dropwizard/metrics/metrics-core/3.2.4/metrics-core-3.2.4.jar:/home/runner/.m2/repository/org/apache/commons/commons-text/1.10.0/commons-text-1.10.0.jar:/home/runner/.m2/repository/org/bouncycastle/bcprov-jdk15on/1.67/bcprov-jdk15on-1.67.jar:/home/runner/.m2/repository/com/google/protobuf/protobuf-java/2.5.0/protobuf-java-2.5.0.jar:/home/runner/.m2/repository/org/apache/ozone/hdds-server-framework/1.4.0-SNAPSHOT/hdds-server-framework-1.4.0-SNAPSHOT-tests.jar:/home/runner/.m2/repository/org/apache/ozone/hdds-interface-server/1.4.0-SNAPSHOT/hdds-interface-server-1.4.0-SNAPSHOT.jar:/home/runner/.m2/repository/org/apache/ozone/hdds-interface-admin/1.4.0-SNAPSHOT/hdds-interface-admin-1.4.0-SNAPSHOT.jar:/home/runner/.m2/repository/org/apache/ozone/hdds-managed-rocksdb/1.4.0-SNAPSHOT/hdds-managed-rocksdb-1.4.0-SNAPSHOT.jar:/home/runner/.m2/repository/org/rocksdb/rocksdbjni/7.7.3/rocksdbjni-7.7.3.jar:/home/runner/.m2/repository/org/slf4j/slf4j-reload4j/1.7.36/slf4j-reload4j-1.7.36.jar:/home/runner/.m2/repository/org/apache/commons/commons-configuration2/2.1.1/commons-configuration2-2.1.1.jar:/home/runner/.m2/repository/commons-fileupload/commons-fileupload/1.5/commons-fileupload-1.5.jar:/home/runner/.m2/repository/org/apache/logging/log4j/log4j-core/2.17.1/log4j-core-2.17.1.jar:/home/runner/.m2/repository/com/lmax/disruptor/3.4.2/disruptor-3.4.2.jar:/home/runner/.m2/repository/org/eclipse/jetty/jetty-util/9.4.53.v20231009/jetty-util-9.4.53.v20231009.jar:/home/runner/.m2/repository/org/eclipse/jetty/jetty-server/9.4.53.v20231009/jetty-server-9.4.53.v20231009.jar:/home/runner/.m2/repository/org/eclipse/jetty/jetty-http/9.4.53.v20231009/jetty-http-9.4.53.v20231009.jar:/home/runner/.m2/repository/org/eclipse/jetty/jetty-io/9.4.53.v20231009/jetty-io-9.4.53.v20231009.jar:/home/runner/.m2/repository/org/eclipse/jetty/jetty-servlet/9.4.53.v20231009/jetty-servlet-9.4.53.v20231009.jar:/home/runner/.m2/repository/org/eclipse/jetty/jetty-security/9.4.53.v20231009/jetty-security-9.4.53.v20231009.jar:/home/runner/.m2/repository/org/eclipse/jetty/jetty-util-ajax/9.4.53.v20231009/jetty-util-ajax-9.4.53.v20231009.jar:/home/runner/.m2/repository/org/eclipse/jetty/jetty-webapp/9.4.53.v20231009/jetty-webapp-9.4.53.v20231009.jar:/home/runner/.m2/repository/org/eclipse/jetty/jetty-xml/9.4.53.v20231009/jetty-xml-9.4.53.v20231009.jar:/home/runner/.m2/repository/org/apache/ratis/ratis-server/3.0.0/ratis-server-3.0.0.jar:/home/runner/.m2/repository/org/apache/ratis/ratis-thirdparty-misc/1.0.5/ratis-thirdparty-misc-1.0.5.jar:/home/runner/.m2/repository/org/apache/ratis/ratis-proto/3.0.0/ratis-proto-3.0.0.jar:/home/runner/.m2/repository/org/apache/ratis/ratis-common/3.0.0/ratis-common-3.0.0.jar:/home/runner/.m2/repository/org/apache/ratis/ratis-client/3.0.0/ratis-client-3.0.0.jar:/home/runner/.m2/repository/org/apache/ratis/ratis-server-api/3.0.0/ratis-server-api-3.0.0.jar:/home/runner/.m2/repository/org/apache/ratis/ratis-metrics-api/3.0.0/ratis-metrics-api-3.0.0.jar:/home/runner/.m2/repository/org/apache/ratis/ratis-metrics-dropwizard3/3.0.0/ratis-metrics-dropwizard3-3.0.0.jar:/home/runner/.m2/repository/io/prometheus/simpleclient_dropwizard/0.7.0/simpleclient_dropwizard-0.7.0.jar:/home/runner/.m2/repository/io/prometheus/simpleclient/0.7.0/simpleclient-0.7.0.jar:/home/runner/.m2/repository/io/prometheus/simpleclient_common/0.7.0/simpleclient_common-0.7.0.jar:/home/runner/.m2/repository/com/fasterxml/jackson/datatype/jackson-datatype-jsr310/2.13.4/jackson-datatype-jsr310-2.13.4.jar:/home/runner/.m2/repository/com/fasterxml/jackson/core/jackson-core/2.13.4/jackson-core-2.13.4.jar:/home/runner/.m2/repository/org/apache/ozone/rocksdb-checkpoint-differ/1.4.0-SNAPSHOT/rocksdb-checkpoint-differ-1.4.0-SNAPSHOT.jar:/home/runner/.m2/repository/org/jgrapht/jgrapht-core/1.0.1/jgrapht-core-1.0.1.jar:/home/runner/.m2/repository/org/jgrapht/jgrapht-ext/1.0.1/jgrapht-ext-1.0.1.jar:/home/runner/.m2/repository/org/tinyjee/jgraphx/jgraphx/2.0.0.1/jgraphx-2.0.0.1.jar:/home/runner/.m2/repository/jgraph/jgraph/5.13.0.0/jgraph-5.13.0.0.jar:/home/runner/.m2/repository/org/antlr/antlr4-runtime/4.5.3/antlr4-runtime-4.5.3.jar:/home/runner/.m2/repository/org/awaitility/awaitility/4.2.0/awaitility-4.2.0.jar:/home/runner/.m2/repository/org/hamcrest/hamcrest/2.1/hamcrest-2.1.jar:/home/runner/.m2/repository/org/apache/ozone/ozone-manager/1.4.0-SNAPSHOT/ozone-manager-1.4.0-SNAPSHOT.jar:/home/runner/.m2/repository/org/aspectj/aspectjrt/1.9.7/aspectjrt-1.9.7.jar:/home/runner/.m2/repository/org/aspectj/aspectjweaver/1.9.7/aspectjweaver-1.9.7.jar:/home/runner/.m2/repository/org/apache/ozone/hdds-interface-client/1.4.0-SNAPSHOT/hdds-interface-client-1.4.0-SNAPSHOT.jar:/home/runner/.m2/repository/org/apache/hadoop/thirdparty/hadoop-shaded-protobuf_3_7/1.1.1/hadoop-shaded-protobuf_3_7-1.1.1.jar:/home/runner/.m2/repository/org/apache/ozone/ozone-interface-storage/1.4.0-SNAPSHOT/ozone-interface-storage-1.4.0-SNAPSHOT.jar:/home/runner/.m2/repository/org/reflections/reflections/0.9.11/reflections-0.9.11.jar:/home/runner/.m2/repository/com/sun/jersey/jersey-client/1.19.4/jersey-client-1.19.4.jar:/home/runner/.m2/repository/org/codehaus/jackson/jackson-core-asl/1.9.13/jackson-core-asl-1.9.13.jar:/home/runner/.m2/repository/org/codehaus/jackson/jackson-mapper-asl/1.9.13/jackson-mapper-asl-1.9.13.jar:/home/runner/.m2/repository/org/codehaus/jackson/jackson-jaxrs/1.9.13/jackson-jaxrs-1.9.13.jar:/home/runner/.m2/repository/org/apache/ranger/ranger-intg/2.3.0/ranger-intg-2.3.0.jar:/home/runner/.m2/repository/org/apache/ranger/ranger-plugins-common/2.3.0/ranger-plugins-common-2.3.0.jar:/home/runner/.m2/repository/commons-lang/commons-lang/2.6/commons-lang-2.6.jar:/home/runner/.m2/repository/org/apache/ranger/ranger-plugins-cred/2.3.0/ranger-plugins-cred-2.3.0.jar:/home/runner/.m2/repository/org/apache/ranger/ranger-plugins-audit/2.3.0/ranger-plugins-audit-2.3.0.jar:/home/runner/.m2/repository/org/eclipse/jetty/jetty-client/9.4.53.v20231009/jetty-client-9.4.53.v20231009.jar:/home/runner/.m2/repository/org/apache/httpcomponents/httpmime/4.5.6/httpmime-4.5.6.jar:/home/runner/.m2/repository/org/apache/httpcomponents/httpcore-nio/4.4.16/httpcore-nio-4.4.16.jar:/home/runner/.m2/repository/org/apache/httpcomponents/httpasyncclient/4.1.3/httpasyncclient-4.1.3.jar:/home/runner/.m2/repository/com/carrotsearch/hppc/0.8.0/hppc-0.8.0.jar:/home/runner/.m2/repository/org/apache/orc/orc-core/1.5.8/orc-core-1.5.8.jar:/home/runner/.m2/repository/net/java/dev/jna/jna/5.2.0/jna-5.2.0.jar:/home/runner/.m2/repository/net/java/dev/jna/jna-platform/5.2.0/jna-platform-5.2.0.jar:/home/runner/.m2/repository/com/kstruct/gethostname4j/0.0.2/gethostname4j-0.0.2.jar:/home/runner/.m2/repository/org/apache/ranger/ranger-plugin-classloader/2.3.0/ranger-plugin-classloader-2.3.0.jar:/home/runner/.m2/repository/org/apache/ozone/hdds-rocks-native/1.4.0-SNAPSHOT/hdds-rocks-native-1.4.0-SNAPSHOT.jar:/home/runner/.m2/repository/org/apache/hadoop/hadoop-minikdc/3.3.6/hadoop-minikdc-3.3.6.jar:/home/runner/.m2/repository/org/apache/kerby/kerb-simplekdc/1.0.1/kerb-simplekdc-1.0.1.jar:/home/runner/.m2/repository/org/apache/kerby/kerb-client/1.0.1/kerb-client-1.0.1.jar:/home/runner/.m2/repository/org/apache/kerby/kerby-config/1.0.1/kerby-config-1.0.1.jar:/home/runner/.m2/repository/org/apache/kerby/kerb-common/1.0.1/kerb-common-1.0.1.jar:/home/runner/.m2/repository/org/apache/kerby/kerb-crypto/1.0.1/kerb-crypto-1.0.1.jar:/home/runner/.m2/repository/org/apache/kerby/kerb-util/1.0.1/kerb-util-1.0.1.jar:/home/runner/.m2/repository/org/apache/kerby/token-provider/1.0.1/token-provider-1.0.1.jar:/home/runner/.m2/repository/org/apache/kerby/kerb-admin/1.0.1/kerb-admin-1.0.1.jar:/home/runner/.m2/repository/org/apache/kerby/kerb-server/1.0.1/kerb-server-1.0.1.jar:/home/runner/.m2/repository/org/apache/kerby/kerb-identity/1.0.1/kerb-identity-1.0.1.jar:/home/runner/.m2/repository/org/apache/kerby/kerby-xdr/1.0.1/kerby-xdr-1.0.1.jar:/home/runner/.m2/repository/org/apache/ozone/ozone-s3gateway/1.4.0-SNAPSHOT/ozone-s3gateway-1.4.0-SNAPSHOT.jar:/home/runner/.m2/repository/org/javassist/javassist/3.21.0-GA/javassist-3.21.0-GA.jar:/home/runner/.m2/repository/org/jboss/weld/servlet/weld-servlet-shaded/3.1.9.Final/weld-servlet-shaded-3.1.9.Final.jar:/home/runner/.m2/repository/org/glassfish/jersey/containers/jersey-container-servlet-core/2.41/jersey-container-servlet-core-2.41.jar:/home/runner/.m2/repository/org/glassfish/hk2/external/jakarta.inject/2.6.1/jakarta.inject-2.6.1.jar:/home/runner/.m2/repository/org/glassfish/jersey/core/jersey-common/2.41/jersey-common-2.41.jar:/home/runner/.m2/repository/jakarta/ws/rs/jakarta.ws.rs-api/2.1.6/jakarta.ws.rs-api-2.1.6.jar:/home/runner/.m2/repository/org/glassfish/jersey/ext/cdi/jersey-cdi1x/2.41/jersey-cdi1x-2.41.jar:/home/runner/.m2/repository/org/glassfish/jersey/inject/jersey-hk2/2.41/jersey-hk2-2.41.jar:/home/runner/.m2/repository/org/glassfish/hk2/hk2-locator/2.6.1/hk2-locator-2.6.1.jar:/home/runner/.m2/repository/org/glassfish/jersey/media/jersey-media-jaxb/2.41/jersey-media-jaxb-2.41.jar:/home/runner/.m2/repository/org/glassfish/hk2/osgi-resource-locator/1.0.3/osgi-resource-locator-1.0.3.jar:/home/runner/.m2/repository/org/glassfish/hk2/hk2-api/2.5.0/hk2-api-2.5.0.jar:/home/runner/.m2/repository/org/glassfish/hk2/hk2-utils/2.5.0/hk2-utils-2.5.0.jar:/home/runner/.m2/repository/org/glassfish/hk2/external/aopalliance-repackaged/2.5.0/aopalliance-repackaged-2.5.0.jar:/home/runner/.m2/repository/com/fasterxml/jackson/dataformat/jackson-dataformat-xml/2.13.4/jackson-dataformat-xml-2.13.4.jar:/home/runner/.m2/repository/org/codehaus/woodstox/stax2-api/4.2.1/stax2-api-4.2.1.jar:/home/runner/.m2/repository/com/fasterxml/woodstox/woodstox-core/5.4.0/woodstox-core-5.4.0.jar:/home/runner/.m2/repository/com/fasterxml/jackson/module/jackson-module-jaxb-annotations/2.13.4/jackson-module-jaxb-annotations-2.13.4.jar:/home/runner/.m2/repository/jakarta/xml/bind/jakarta.xml.bind-api/2.3.3/jakarta.xml.bind-api-2.3.3.jar:/home/runner/.m2/repository/jakarta/activation/jakarta.activation-api/1.2.2/jakarta.activation-api-1.2.2.jar:/home/runner/.m2/repository/javax/enterprise/cdi-api/2.0/cdi-api-2.0.jar:/home/runner/.m2/repository/javax/el/javax.el-api/3.0.0/javax.el-api-3.0.0.jar:/home/runner/.m2/repository/javax/interceptor/javax.interceptor-api/1.2/javax.interceptor-api-1.2.jar:/home/runner/.m2/repository/javax/inject/javax.inject/1/javax.inject-1.jar:/home/runner/.m2/repository/javax/xml/bind/jaxb-api/2.3.0/jaxb-api-2.3.0.jar:/home/runner/.m2/repository/org/glassfish/jaxb/jaxb-runtime/2.3.0.1/jaxb-runtime-2.3.0.1.jar:/home/runner/.m2/repository/org/glassfish/jaxb/jaxb-core/2.3.0.1/jaxb-core-2.3.0.1.jar:/home/runner/.m2/repository/org/glassfish/jaxb/txw2/2.3.0.1/txw2-2.3.0.1.jar:/home/runner/.m2/repository/com/sun/istack/istack-commons-runtime/3.0.5/istack-commons-runtime-3.0.5.jar:/home/runner/.m2/repository/org/jvnet/staxex/stax-ex/1.7.8/stax-ex-1.7.8.jar:/home/runner/.m2/repository/com/sun/xml/fastinfoset/FastInfoset/1.2.13/FastInfoset-1.2.13.jar:/home/runner/.m2/repository/javax/activation/activation/1.1.1/activation-1.1.1.jar:/home/runner/.m2/repository/io/grpc/grpc-protobuf/1.58.0/grpc-protobuf-1.58.0.jar:/home/runner/.m2/repository/com/google/api/grpc/proto-google-common-protos/2.22.0/proto-google-common-protos-2.22.0.jar:/home/runner/.m2/repository/io/grpc/grpc-protobuf-lite/1.58.0/grpc-protobuf-lite-1.58.0.jar:/home/runner/.m2/repository/io/grpc/grpc-stub/1.58.0/grpc-stub-1.58.0.jar:/home/runner/.m2/repository/io/netty/netty-transport/4.1.100.Final/netty-transport-4.1.100.Final.jar:/home/runner/.m2/repository/io/netty/netty-resolver/4.1.100.Final/netty-resolver-4.1.100.Final.jar:/home/runner/.m2/repository/org/apache/ozone/ozone-csi/1.4.0-SNAPSHOT/ozone-csi-1.4.0-SNAPSHOT.jar:/home/runner/.m2/repository/com/google/protobuf/protobuf-java-util/3.19.6/protobuf-java-util-3.19.6.jar:/home/runner/.m2/repository/com/google/code/gson/gson/2.9.0/gson-2.9.0.jar:/home/runner/.m2/repository/org/apache/ozone/hdds-config/1.4.0-SNAPSHOT/hdds-config-1.4.0-SNAPSHOT.jar:/home/runner/.m2/repository/io/netty/netty-transport-native-epoll/4.1.100.Final/netty-transport-native-epoll-4.1.100.Final-linux-x86_64.jar:/home/runner/.m2/repository/io/netty/netty-transport-classes-epoll/4.1.100.Final/netty-transport-classes-epoll-4.1.100.Final.jar:/home/runner/.m2/repository/io/netty/netty-transport-native-unix-common/4.1.100.Final/netty-transport-native-unix-common-4.1.100.Final.jar:/home/runner/.m2/repository/org/apache/ozone/ozone-recon/1.4.0-SNAPSHOT/ozone-recon-1.4.0-SNAPSHOT.jar:/home/runner/.m2/repository/org/apache/ozone/ozone-reconcodegen/1.4.0-SNAPSHOT/ozone-reconcodegen-1.4.0-SNAPSHOT.jar:/home/runner/.m2/repository/com/google/inject/guice/5.1.0/guice-5.1.0.jar:/home/runner/.m2/repository/aopalliance/aopalliance/1.0/aopalliance-1.0.jar:/home/runner/.m2/repository/com/google/inject/extensions/guice-assistedinject/5.1.0/guice-assistedinject-5.1.0.jar:/home/runner/.m2/repository/com/google/inject/extensions/guice-servlet/5.1.0/guice-servlet-5.1.0.jar:/home/runner/.m2/repository/org/glassfish/jersey/containers/jersey-container-servlet/2.41/jersey-container-servlet-2.41.jar:/home/runner/.m2/repository/org/glassfish/hk2/guice-bridge/2.5.0/guice-bridge-2.5.0.jar:/home/runner/.m2/repository/org/glassfish/jersey/core/jersey-server/2.41/jersey-server-2.41.jar:/home/runner/.m2/repository/org/glassfish/jersey/core/jersey-client/2.41/jersey-client-2.41.jar:/home/runner/.m2/repository/jakarta/annotation/jakarta.annotation-api/1.3.5/jakarta.annotation-api-1.3.5.jar:/home/runner/.m2/repository/jakarta/validation/jakarta.validation-api/2.0.2/jakarta.validation-api-2.0.2.jar:/home/runner/.m2/repository/org/glassfish/jersey/media/jersey-media-json-jackson/2.41/jersey-media-json-jackson-2.41.jar:/home/runner/.m2/repository/org/glassfish/jersey/ext/jersey-entity-filtering/2.41/jersey-entity-filtering-2.41.jar:/home/runner/.m2/repository/org/jooq/jooq/3.11.10/jooq-3.11.10.jar:/home/runner/.m2/repository/org/jooq/jooq-meta/3.11.10/jooq-meta-3.11.10.jar:/home/runner/.m2/repository/org/jooq/jooq-codegen/3.11.10/jooq-codegen-3.11.10.jar:/home/runner/.m2/repository/com/jolbox/bonecp/0.8.0.RELEASE/bonecp-0.8.0.RELEASE.jar:/home/runner/.m2/repository/org/apache/derby/derby/10.14.2.0/derby-10.14.2.0.jar:/home/runner/.m2/repository/org/xerial/sqlite-jdbc/3.41.2.2/sqlite-jdbc-3.41.2.2.jar:/home/runner/.m2/repository/org/springframework/spring-jdbc/5.3.27/spring-jdbc-5.3.27.jar:/home/runner/.m2/repository/org/springframework/spring-beans/5.3.27/spring-beans-5.3.27.jar:/home/runner/.m2/repository/org/springframework/spring-core/5.3.27/spring-core-5.3.27.jar:/home/runner/.m2/repository/org/springframework/spring-tx/5.3.27/spring-tx-5.3.27.jar:/home/runner/.m2/repository/org/apache/ozone/ozone-client/1.4.0-SNAPSHOT/ozone-client-1.4.0-SNAPSHOT.jar:/home/runner/.m2/repository/org/apache/ozone/hdds-erasurecode/1.4.0-SNAPSHOT/hdds-erasurecode-1.4.0-SNAPSHOT.jar:/home/runner/.m2/repository/org/apache/ozone/ozone-filesystem/1.4.0-SNAPSHOT/ozone-filesystem-1.4.0-SNAPSHOT.jar:/home/runner/.m2/repository/org/apache/ozone/ozone-filesystem-common/1.4.0-SNAPSHOT/ozone-filesystem-common-1.4.0-SNAPSHOT.jar:/home/runner/.m2/repository/org/apache/ozone/ozone-tools/1.4.0-SNAPSHOT/ozone-tools-1.4.0-SNAPSHOT.jar:/home/runner/.m2/repository/com/amazonaws/aws-java-sdk-core/1.12.261/aws-java-sdk-core-1.12.261.jar:/home/runner/.m2/repository/org/apache/httpcomponents/httpclient/4.5.13/httpclient-4.5.13.jar:/home/runner/.m2/repository/org/apache/httpcomponents/httpcore/4.4.16/httpcore-4.4.16.jar:/home/runner/.m2/repository/software/amazon/ion/ion-java/1.0.2/ion-java-1.0.2.jar:/home/runner/.m2/repository/com/fasterxml/jackson/dataformat/jackson-dataformat-cbor/2.13.4/jackson-dataformat-cbor-2.13.4.jar:/home/runner/.m2/repository/joda-time/joda-time/2.12.5/joda-time-2.12.5.jar:/home/runner/.m2/repository/com/amazonaws/aws-java-sdk-s3/1.12.261/aws-java-sdk-s3-1.12.261.jar:/home/runner/.m2/repository/com/amazonaws/aws-java-sdk-kms/1.12.261/aws-java-sdk-kms-1.12.261.jar:/home/runner/.m2/repository/com/amazonaws/jmespath-java/1.12.261/jmespath-java-1.12.261.jar:/home/runner/.m2/repository/org/kohsuke/metainf-services/metainf-services/1.8/metainf-services-1.8.jar:/home/runner/.m2/repository/org/apache/ozone/hdds-tools/1.4.0-SNAPSHOT/hdds-tools-1.4.0-SNAPSHOT.jar:/home/runner/.m2/repository/org/apache/ratis/ratis-tools/3.0.0/ratis-tools-3.0.0.jar:/home/runner/.m2/repository/commons-cli/commons-cli/1.6.0/commons-cli-1.6.0.jar:/home/runner/.m2/repository/org/apache/commons/commons-lang3/3.7/commons-lang3-3.7.jar:/home/runner/.m2/repository/org/apache/ozone/ozone-manager/1.4.0-SNAPSHOT/ozone-manager-1.4.0-SNAPSHOT-tests.jar:/home/runner/.m2/repository/org/apache/ozone/hdds-common/1.4.0-SNAPSHOT/hdds-common-1.4.0-SNAPSHOT-tests.jar:/home/runner/.m2/repository/org/apache/ozone/hdds-hadoop-dependency-client/1.4.0-SNAPSHOT/hdds-hadoop-dependency-client-1.4.0-SNAPSHOT.jar:/home/runner/.m2/repository/info/picocli/picocli/4.7.5/picocli-4.7.5.jar:/home/runner/.m2/repository/com/fasterxml/jackson/core/jackson-annotations/2.13.4/jackson-annotations-2.13.4.jar:/home/runner/.m2/repository/org/apache/ozone/hdds-annotation-processing/1.4.0-SNAPSHOT/hdds-annotation-processing-1.4.0-SNAPSHOT.jar:/home/runner/.m2/repository/javax/annotation/javax.annotation-api/1.3.2/javax.annotation-api-1.3.2.jar:/home/runner/.m2/repository/org/apache/ratis/ratis-netty/3.0.0/ratis-netty-3.0.0.jar:/home/runner/.m2/repository/org/apache/ratis/ratis-grpc/3.0.0/ratis-grpc-3.0.0.jar:/home/runner/.m2/repository/org/apache/commons/commons-pool2/2.6.0/commons-pool2-2.6.0.jar:/home/runner/.m2/repository/org/bouncycastle/bcpkix-jdk15on/1.67/bcpkix-jdk15on-1.67.jar:/home/runner/.m2/repository/commons-validator/commons-validator/1.6/commons-validator-1.6.jar:/home/runner/.m2/repository/commons-beanutils/commons-beanutils/1.9.4/commons-beanutils-1.9.4.jar:/home/runner/.m2/repository/commons-digester/commons-digester/1.8.1/commons-digester-1.8.1.jar:/home/runner/.m2/repository/commons-collections/commons-collections/3.2.2/commons-collections-3.2.2.jar:/home/runner/.m2/repository/io/jaegertracing/jaeger-client/1.6.0/jaeger-client-1.6.0.jar:/home/runner/.m2/repository/io/jaegertracing/jaeger-thrift/1.6.0/jaeger-thrift-1.6.0.jar:/home/runner/.m2/repository/org/apache/thrift/libthrift/0.14.1/libthrift-0.14.1.jar:/home/runner/.m2/repository/io/jaegertracing/jaeger-core/1.6.0/jaeger-core-1.6.0.jar:/home/runner/.m2/repository/io/jaegertracing/jaeger-tracerresolver/1.6.0/jaeger-tracerresolver-1.6.0.jar:/home/runner/.m2/repository/io/opentracing/contrib/opentracing-tracerresolver/0.1.8/opentracing-tracerresolver-0.1.8.jar:/home/runner/.m2/repository/org/jetbrains/kotlin/kotlin-stdlib/1.6.21/kotlin-stdlib-1.6.21.jar:/home/runner/.m2/repository/org/jetbrains/annotations/13.0/annotations-13.0.jar:/home/runner/.m2/repository/io/opentracing/opentracing-util/0.33.0/opentracing-util-0.33.0.jar:/home/runner/.m2/repository/io/opentracing/opentracing-api/0.33.0/opentracing-api-0.33.0.jar:/home/runner/.m2/repository/io/opentracing/opentracing-noop/0.33.0/opentracing-noop-0.33.0.jar:/home/runner/.m2/repository/org/yaml/snakeyaml/2.0/snakeyaml-2.0.jar:/home/runner/.m2/repository/io/grpc/grpc-api/1.58.0/grpc-api-1.58.0.jar:/home/runner/.m2/repository/junit/junit/4.13.1/junit-4.13.1.jar:/home/runner/.m2/repository/org/hamcrest/hamcrest-core/1.3/hamcrest-core-1.3.jar:/home/runner/.m2/repository/org/junit/jupiter/junit-jupiter-api/5.8.2/junit-jupiter-api-5.8.2.jar:/home/runner/.m2/repository/org/opentest4j/opentest4j/1.2.0/opentest4j-1.2.0.jar:/home/runner/.m2/repository/org/junit/platform/junit-platform-commons/1.8.2/junit-platform-commons-1.8.2.jar:/home/runner/.m2/repository/org/apiguardian/apiguardian-api/1.1.2/apiguardian-api-1.1.2.jar:/home/runner/.m2/repository/org/junit/jupiter/junit-jupiter-params/5.8.2/junit-jupiter-params-5.8.2.jar:/home/runner/.m2/repository/org/junit/jupiter/junit-jupiter-migrationsupport/5.8.2/junit-jupiter-migrationsupport-5.8.2.jar:/home/runner/.m2/repository/org/junit/jupiter/junit-jupiter-engine/5.8.2/junit-jupiter-engine-5.8.2.jar:/home/runner/.m2/repository/org/junit/platform/junit-platform-engine/1.8.2/junit-platform-engine-1.8.2.jar:/home/runner/.m2/repository/org/junit/vintage/junit-vintage-engine/5.8.2/junit-vintage-engine-5.8.2.jar:/home/runner/.m2/repository/org/junit/platform/junit-platform-launcher/1.8.2/junit-platform-launcher-1.8.2.jar:/home/runner/.m2/repository/org/mockito/mockito-core/3.5.9/mockito-core-3.5.9.jar:/home/runner/.m2/repository/net/bytebuddy/byte-buddy/1.10.13/byte-buddy-1.10.13.jar:/home/runner/.m2/repository/net/bytebuddy/byte-buddy-agent/1.10.13/byte-buddy-agent-1.10.13.jar:/home/runner/.m2/repository/org/objenesis/objenesis/1.0/objenesis-1.0.jar:/home/runner/.m2/repository/org/apache/hadoop/hadoop-kms/3.3.6/hadoop-kms-3.3.6.jar:/home/runner/.m2/repository/org/apache/hadoop/hadoop-auth/3.3.6/hadoop-auth-3.3.6.jar:/home/runner/.m2/repository/com/nimbusds/nimbus-jose-jwt/9.8.1/nimbus-jose-jwt-9.8.1.jar:/home/runner/.m2/repository/com/github/stephenc/jcip/jcip-annotations/1.0-1/jcip-annotations-1.0-1.jar:/home/runner/.m2/repository/org/apache/zookeeper/zookeeper/3.7.2/zookeeper-3.7.2.jar:/home/runner/.m2/repository/org/apache/zookeeper/zookeeper-jute/3.7.2/zookeeper-jute-3.7.2.jar:/home/runner/.m2/repository/org/apache/yetus/audience-annotations/0.12.0/audience-annotations-0.12.0.jar:/home/runner/.m2/repository/org/apache/curator/curator-framework/4.2.0/curator-framework-4.2.0.jar:/home/runner/.m2/repository/org/apache/hadoop/thirdparty/hadoop-shaded-guava/1.1.1/hadoop-shaded-guava-1.1.1.jar:/home/runner/.m2/repository/com/sun/jersey/jersey-core/1.19.4/jersey-core-1.19.4.jar:/home/runner/.m2/repository/javax/ws/rs/jsr311-api/1.1.1/jsr311-api-1.1.1.jar:/home/runner/.m2/repository/com/sun/jersey/jersey-server/1.19.4/jersey-server-1.19.4.jar:/home/runner/.m2/repository/javax/servlet/javax.servlet-api/3.1.0/javax.servlet-api-3.1.0.jar:/home/runner/.m2/repository/org/apache/hadoop/hadoop-common/3.3.6/hadoop-common-3.3.6.jar:/home/runner/.m2/repository/org/apache/commons/commons-math3/3.1.1/commons-math3-3.1.1.jar:/home/runner/.m2/repository/commons-net/commons-net/3.10.0/commons-net-3.10.0.jar:/home/runner/.m2/repository/com/sun/jersey/jersey-servlet/1.19.4/jersey-servlet-1.19.4.jar:/home/runner/.m2/repository/com/github/pjfanning/jersey-json/1.20/jersey-json-1.20.jar:/home/runner/.m2/repository/org/codehaus/jettison/jettison/1.1/jettison-1.1.jar:/home/runner/.m2/repository/com/sun/xml/bind/jaxb-impl/2.2.3-1/jaxb-impl-2.2.3-1.jar:/home/runner/.m2/repository/com/google/re2j/re2j/1.1/re2j-1.1.jar:/home/runner/.m2/repository/com/jcraft/jsch/0.1.54/jsch-0.1.54.jar:/home/runner/.m2/repository/org/apache/curator/curator-client/4.2.0/curator-client-4.2.0.jar:/home/runner/.m2/repository/org/apache/curator/curator-recipes/5.2.0/curator-recipes-5.2.0.jar:/home/runner/.m2/repository/org/apache/kerby/kerb-core/1.0.1/kerb-core-1.0.1.jar:/home/runner/.m2/repository/org/apache/kerby/kerby-pkix/1.0.1/kerby-pkix-1.0.1.jar:/home/runner/.m2/repository/org/apache/kerby/kerby-asn1/1.0.1/kerby-asn1-1.0.1.jar:/home/runner/.m2/repository/org/apache/kerby/kerby-util/1.0.1/kerby-util-1.0.1.jar:/home/runner/.m2/repository/dnsjava/dnsjava/2.1.7/dnsjava-2.1.7.jar:/home/runner/.m2/repository/org/xerial/snappy/snappy-java/1.1.8.2/snappy-java-1.1.8.2.jar:/home/runner/.m2/repository/com/fasterxml/jackson/core/jackson-databind/2.13.4.2/jackson-databind-2.13.4.2.jar:/home/runner/.m2/repository/org/apache/hadoop/hadoop-kms/3.3.6/hadoop-kms-3.3.6-tests.jar:/home/runner/.m2/repository/org/apache/ozone/hdds-server-scm/1.4.0-SNAPSHOT/hdds-server-scm-1.4.0-SNAPSHOT-tests.jar:/home/runner/.m2/repository/org/apache/ozone/hdds-container-service/1.4.0-SNAPSHOT/hdds-container-service-1.4.0-SNAPSHOT-tests.jar:/home/runner/.m2/repository/com/github/luben/zstd-jni/1.5.2-5/zstd-jni-1.5.2-5.jar:/home/runner/.m2/repository/commons-codec/commons-codec/1.15/commons-codec-1.15.jar:/home/runner/.m2/repository/io/netty/netty-codec/4.1.100.Final/netty-codec-4.1.100.Final.jar:/home/runner/.m2/repository/io/netty/netty-handler/4.1.100.Final/netty-handler-4.1.100.Final.jar:/home/runner/.m2/repository/org/apache/ozone/hdds-hadoop-dependency-test/1.4.0-SNAPSHOT/hdds-hadoop-dependency-test-1.4.0-SNAPSHOT.jar:/home/runner/.m2/repository/org/apache/hadoop/hadoop-common/3.3.6/hadoop-common-3.3.6-tests.jar:/home/runner/.m2/repository/org/apache/hadoop/hadoop-hdfs/3.3.6/hadoop-hdfs-3.3.6-tests.jar:/home/runner/.m2/repository/org/assertj/assertj-core/3.12.2/assertj-core-3.12.2.jar:/home/runner/.m2/repository/org/apache/hadoop/hadoop-distcp/3.3.6/hadoop-distcp-3.3.6.jar:/home/runner/.m2/repository/org/apache/hadoop/hadoop-mapreduce-client-jobclient/3.3.6/hadoop-mapreduce-client-jobclient-3.3.6.jar:/home/runner/.m2/repository/org/apache/hadoop/hadoop-mapreduce-client-common/3.3.6/hadoop-mapreduce-client-common-3.3.6.jar:/home/runner/.m2/repository/org/apache/hadoop/hadoop-yarn-common/3.3.6/hadoop-yarn-common-3.3.6.jar:/home/runner/.m2/repository/org/apache/hadoop/hadoop-yarn-api/3.3.6/hadoop-yarn-api-3.3.6.jar:/home/runner/.m2/repository/com/sun/jersey/contribs/jersey-guice/1.19.4/jersey-guice-1.19.4.jar:/home/runner/.m2/repository/com/fasterxml/jackson/jaxrs/jackson-jaxrs-json-provider/2.13.4/jackson-jaxrs-json-provider-2.13.4.jar:/home/runner/.m2/repository/com/fasterxml/jackson/jaxrs/jackson-jaxrs-base/2.13.4/jackson-jaxrs-base-2.13.4.jar:/home/runner/.m2/repository/org/apache/hadoop/hadoop-yarn-client/3.3.6/hadoop-yarn-client-3.3.6.jar:/home/runner/.m2/repository/org/eclipse/jetty/websocket/websocket-client/9.4.51.v20230217/websocket-client-9.4.51.v20230217.jar:/home/runner/.m2/repository/org/eclipse/jetty/websocket/websocket-common/9.4.51.v20230217/websocket-common-9.4.51.v20230217.jar:/home/runner/.m2/repository/org/eclipse/jetty/websocket/websocket-api/9.4.51.v20230217/websocket-api-9.4.51.v20230217.jar:/home/runner/.m2/repository/org/jline/jline/3.9.0/jline-3.9.0.jar:/home/runner/.m2/repository/org/apache/hadoop/hadoop-mapreduce-client-core/3.3.6/hadoop-mapreduce-client-core-3.3.6.jar:/home/runner/.m2/repository/org/apache/avro/avro/1.7.7/avro-1.7.7.jar:/home/runner/.m2/repository/com/thoughtworks/paranamer/paranamer/2.3/paranamer-2.3.jar:/home/runner/.m2/repository/org/apache/hadoop/hadoop-annotations/3.3.6/hadoop-annotations-3.3.6.jar:/usr/lib/jvm/temurin-8-jdk-amd64/jre/../lib/tools.jar:/home/runner/.m2/repository/io/netty/netty/3.10.6.Final/netty-3.10.6.Final.jar:/home/runner/.m2/repository/org/apache/hadoop/hadoop-distcp/3.3.6/hadoop-distcp-3.3.6-tests.jar:/home/runner/.m2/repository/org/slf4j/jul-to-slf4j/1.7.36/jul-to-slf4j-1.7.36.jar:/home/runner/work/ozone/ozone/hadoop-ozone/integration-test/target/gradle-enterprise/test-listeners.jar:"/>
    <property name="java.vm.vendor" value="Temurin"/>
    <property name="sun.arch.data.model" value="64"/>
    <property name="test.build.dir" value="/home/runner/work/ozone/ozone/hadoop-ozone/integration-test/target/test-dir"/>
    <property name="test.cache.data" value=""/>
    <property name="java.vendor.url" value="https://adoptium.net/"/>
    <property name="user.timezone" value="Etc/UTC"/>
    <property name="os.name" value="Linux"/>
    <property name="java.vm.specification.version" value="1.8"/>
    <property name="test.build.data" value="/home/runner/work/ozone/ozone/hadoop-ozone/integration-test/target/test-dir"/>
    <property name="sun.java.launcher" value="SUN_STANDARD"/>
    <property name="sun.boot.library.path" value="/usr/lib/jvm/temurin-8-jdk-amd64/jre/lib/amd64"/>
    <property name="sun.java.command" value="/home/runner/work/ozone/ozone/hadoop-ozone/integration-test/target/surefire/surefirebooter-20231210082954741_313.jar /home/runner/work/ozone/ozone/hadoop-ozone/integration-test/target/surefire 2023-12-10T08-29-54_145-jvmRun1 surefire-20231210082954741_311tmp surefire_23-20231210082954741_312tmp"/>
    <property name="native.lib.tmp.dir" value="/tmp"/>
    <property name="surefire.test.class.path" value="/home/runner/work/ozone/ozone/hadoop-ozone/integration-test/target/test-classes:/home/runner/work/ozone/ozone/hadoop-ozone/integration-test/target/classes:/home/runner/.m2/repository/org/apache/ozone/ozone-common/1.4.0-SNAPSHOT/ozone-common-1.4.0-SNAPSHOT.jar:/home/runner/.m2/repository/io/grpc/grpc-netty/1.58.0/grpc-netty-1.58.0.jar:/home/runner/.m2/repository/io/grpc/grpc-core/1.58.0/grpc-core-1.58.0.jar:/home/runner/.m2/repository/com/google/android/annotations/4.1.1.4/annotations-4.1.1.4.jar:/home/runner/.m2/repository/org/codehaus/mojo/animal-sniffer-annotations/1.23/animal-sniffer-annotations-1.23.jar:/home/runner/.m2/repository/io/grpc/grpc-context/1.58.0/grpc-context-1.58.0.jar:/home/runner/.m2/repository/io/grpc/grpc-util/1.58.0/grpc-util-1.58.0.jar:/home/runner/.m2/repository/com/google/errorprone/error_prone_annotations/2.2.0/error_prone_annotations-2.2.0.jar:/home/runner/.m2/repository/io/perfmark/perfmark-api/0.26.0/perfmark-api-0.26.0.jar:/home/runner/.m2/repository/io/netty/netty-codec-http2/4.1.100.Final/netty-codec-http2-4.1.100.Final.jar:/home/runner/.m2/repository/io/netty/netty-common/4.1.100.Final/netty-common-4.1.100.Final.jar:/home/runner/.m2/repository/io/netty/netty-buffer/4.1.100.Final/netty-buffer-4.1.100.Final.jar:/home/runner/.m2/repository/io/netty/netty-codec-http/4.1.100.Final/netty-codec-http-4.1.100.Final.jar:/home/runner/.m2/repository/io/netty/netty-handler-proxy/4.1.100.Final/netty-handler-proxy-4.1.100.Final.jar:/home/runner/.m2/repository/io/netty/netty-codec-socks/4.1.100.Final/netty-codec-socks-4.1.100.Final.jar:/home/runner/.m2/repository/io/netty/netty-tcnative-boringssl-static/2.0.61.Final/netty-tcnative-boringssl-static-2.0.61.Final.jar:/home/runner/.m2/repository/io/netty/netty-tcnative-classes/2.0.61.Final/netty-tcnative-classes-2.0.61.Final.jar:/home/runner/.m2/repository/io/netty/netty-tcnative-boringssl-static/2.0.61.Final/netty-tcnative-boringssl-static-2.0.61.Final-linux-x86_64.jar:/home/runner/.m2/repository/io/netty/netty-tcnative-boringssl-static/2.0.61.Final/netty-tcnative-boringssl-static-2.0.61.Final-linux-aarch_64.jar:/home/runner/.m2/repository/io/netty/netty-tcnative-boringssl-static/2.0.61.Final/netty-tcnative-boringssl-static-2.0.61.Final-osx-x86_64.jar:/home/runner/.m2/repository/io/netty/netty-tcnative-boringssl-static/2.0.61.Final/netty-tcnative-boringssl-static-2.0.61.Final-osx-aarch_64.jar:/home/runner/.m2/repository/io/netty/netty-tcnative-boringssl-static/2.0.61.Final/netty-tcnative-boringssl-static-2.0.61.Final-windows-x86_64.jar:/home/runner/.m2/repository/org/apache/commons/commons-compress/1.21/commons-compress-1.21.jar:/home/runner/.m2/repository/org/apache/ozone/hdds-common/1.4.0-SNAPSHOT/hdds-common-1.4.0-SNAPSHOT.jar:/home/runner/.m2/repository/org/apache/ozone/hdds-client/1.4.0-SNAPSHOT/hdds-client-1.4.0-SNAPSHOT.jar:/home/runner/.m2/repository/org/apache/ozone/ozone-interface-client/1.4.0-SNAPSHOT/ozone-interface-client-1.4.0-SNAPSHOT.jar:/home/runner/.m2/repository/org/apache/hadoop/hadoop-hdfs-client/3.3.6/hadoop-hdfs-client-3.3.6.jar:/home/runner/.m2/repository/com/squareup/okhttp3/okhttp/4.9.3/okhttp-4.9.3.jar:/home/runner/.m2/repository/com/squareup/okio/okio/3.4.0/okio-3.4.0.jar:/home/runner/.m2/repository/com/squareup/okio/okio-jvm/3.4.0/okio-jvm-3.4.0.jar:/home/runner/.m2/repository/org/jetbrains/kotlin/kotlin-stdlib-jdk8/1.8.0/kotlin-stdlib-jdk8-1.8.0.jar:/home/runner/.m2/repository/org/jetbrains/kotlin/kotlin-stdlib-jdk7/1.8.0/kotlin-stdlib-jdk7-1.8.0.jar:/home/runner/.m2/repository/org/jetbrains/kotlin/kotlin-stdlib-common/1.6.21/kotlin-stdlib-common-1.6.21.jar:/home/runner/.m2/repository/org/apache/ozone/hdds-test-utils/1.4.0-SNAPSHOT/hdds-test-utils-1.4.0-SNAPSHOT.jar:/home/runner/.m2/repository/com/google/guava/guava/32.0.0-jre/guava-32.0.0-jre.jar:/home/runner/.m2/repository/com/google/guava/failureaccess/1.0.1/failureaccess-1.0.1.jar:/home/runner/.m2/repository/com/google/guava/listenablefuture/9999.0-empty-to-avoid-conflict-with-guava/listenablefuture-9999.0-empty-to-avoid-conflict-with-guava.jar:/home/runner/.m2/repository/com/google/code/findbugs/jsr305/3.0.0/jsr305-3.0.0.jar:/home/runner/.m2/repository/org/checkerframework/checker-qual/3.33.0/checker-qual-3.33.0.jar:/home/runner/.m2/repository/com/google/j2objc/j2objc-annotations/2.8/j2objc-annotations-2.8.jar:/home/runner/.m2/repository/commons-io/commons-io/2.11.0/commons-io-2.11.0.jar:/home/runner/.m2/repository/commons-logging/commons-logging/1.2/commons-logging-1.2.jar:/home/runner/.m2/repository/ch/qos/reload4j/reload4j/1.2.22/reload4j-1.2.22.jar:/home/runner/.m2/repository/org/slf4j/slf4j-api/1.7.36/slf4j-api-1.7.36.jar:/home/runner/.m2/repository/org/apache/logging/log4j/log4j-api/2.17.1/log4j-api-2.17.1.jar:/home/runner/.m2/repository/org/apache/ozone/hdds-server-scm/1.4.0-SNAPSHOT/hdds-server-scm-1.4.0-SNAPSHOT.jar:/home/runner/.m2/repository/org/apache/ozone/hdds-container-service/1.4.0-SNAPSHOT/hdds-container-service-1.4.0-SNAPSHOT.jar:/home/runner/.m2/repository/org/apache/ozone/hdds-hadoop-dependency-server/1.4.0-SNAPSHOT/hdds-hadoop-dependency-server-1.4.0-SNAPSHOT.jar:/home/runner/.m2/repository/org/apache/hadoop/hadoop-hdfs/3.3.6/hadoop-hdfs-3.3.6.jar:/home/runner/.m2/repository/commons-daemon/commons-daemon/1.0.13/commons-daemon-1.0.13.jar:/home/runner/.m2/repository/org/apache/ozone/hdds-server-framework/1.4.0-SNAPSHOT/hdds-server-framework-1.4.0-SNAPSHOT.jar:/home/runner/.m2/repository/io/dropwizard/metrics/metrics-core/3.2.4/metrics-core-3.2.4.jar:/home/runner/.m2/repository/org/apache/commons/commons-text/1.10.0/commons-text-1.10.0.jar:/home/runner/.m2/repository/org/bouncycastle/bcprov-jdk15on/1.67/bcprov-jdk15on-1.67.jar:/home/runner/.m2/repository/com/google/protobuf/protobuf-java/2.5.0/protobuf-java-2.5.0.jar:/home/runner/.m2/repository/org/apache/ozone/hdds-server-framework/1.4.0-SNAPSHOT/hdds-server-framework-1.4.0-SNAPSHOT-tests.jar:/home/runner/.m2/repository/org/apache/ozone/hdds-interface-server/1.4.0-SNAPSHOT/hdds-interface-server-1.4.0-SNAPSHOT.jar:/home/runner/.m2/repository/org/apache/ozone/hdds-interface-admin/1.4.0-SNAPSHOT/hdds-interface-admin-1.4.0-SNAPSHOT.jar:/home/runner/.m2/repository/org/apache/ozone/hdds-managed-rocksdb/1.4.0-SNAPSHOT/hdds-managed-rocksdb-1.4.0-SNAPSHOT.jar:/home/runner/.m2/repository/org/rocksdb/rocksdbjni/7.7.3/rocksdbjni-7.7.3.jar:/home/runner/.m2/repository/org/slf4j/slf4j-reload4j/1.7.36/slf4j-reload4j-1.7.36.jar:/home/runner/.m2/repository/org/apache/commons/commons-configuration2/2.1.1/commons-configuration2-2.1.1.jar:/home/runner/.m2/repository/commons-fileupload/commons-fileupload/1.5/commons-fileupload-1.5.jar:/home/runner/.m2/repository/org/apache/logging/log4j/log4j-core/2.17.1/log4j-core-2.17.1.jar:/home/runner/.m2/repository/com/lmax/disruptor/3.4.2/disruptor-3.4.2.jar:/home/runner/.m2/repository/org/eclipse/jetty/jetty-util/9.4.53.v20231009/jetty-util-9.4.53.v20231009.jar:/home/runner/.m2/repository/org/eclipse/jetty/jetty-server/9.4.53.v20231009/jetty-server-9.4.53.v20231009.jar:/home/runner/.m2/repository/org/eclipse/jetty/jetty-http/9.4.53.v20231009/jetty-http-9.4.53.v20231009.jar:/home/runner/.m2/repository/org/eclipse/jetty/jetty-io/9.4.53.v20231009/jetty-io-9.4.53.v20231009.jar:/home/runner/.m2/repository/org/eclipse/jetty/jetty-servlet/9.4.53.v20231009/jetty-servlet-9.4.53.v20231009.jar:/home/runner/.m2/repository/org/eclipse/jetty/jetty-security/9.4.53.v20231009/jetty-security-9.4.53.v20231009.jar:/home/runner/.m2/repository/org/eclipse/jetty/jetty-util-ajax/9.4.53.v20231009/jetty-util-ajax-9.4.53.v20231009.jar:/home/runner/.m2/repository/org/eclipse/jetty/jetty-webapp/9.4.53.v20231009/jetty-webapp-9.4.53.v20231009.jar:/home/runner/.m2/repository/org/eclipse/jetty/jetty-xml/9.4.53.v20231009/jetty-xml-9.4.53.v20231009.jar:/home/runner/.m2/repository/org/apache/ratis/ratis-server/3.0.0/ratis-server-3.0.0.jar:/home/runner/.m2/repository/org/apache/ratis/ratis-thirdparty-misc/1.0.5/ratis-thirdparty-misc-1.0.5.jar:/home/runner/.m2/repository/org/apache/ratis/ratis-proto/3.0.0/ratis-proto-3.0.0.jar:/home/runner/.m2/repository/org/apache/ratis/ratis-common/3.0.0/ratis-common-3.0.0.jar:/home/runner/.m2/repository/org/apache/ratis/ratis-client/3.0.0/ratis-client-3.0.0.jar:/home/runner/.m2/repository/org/apache/ratis/ratis-server-api/3.0.0/ratis-server-api-3.0.0.jar:/home/runner/.m2/repository/org/apache/ratis/ratis-metrics-api/3.0.0/ratis-metrics-api-3.0.0.jar:/home/runner/.m2/repository/org/apache/ratis/ratis-metrics-dropwizard3/3.0.0/ratis-metrics-dropwizard3-3.0.0.jar:/home/runner/.m2/repository/io/prometheus/simpleclient_dropwizard/0.7.0/simpleclient_dropwizard-0.7.0.jar:/home/runner/.m2/repository/io/prometheus/simpleclient/0.7.0/simpleclient-0.7.0.jar:/home/runner/.m2/repository/io/prometheus/simpleclient_common/0.7.0/simpleclient_common-0.7.0.jar:/home/runner/.m2/repository/com/fasterxml/jackson/datatype/jackson-datatype-jsr310/2.13.4/jackson-datatype-jsr310-2.13.4.jar:/home/runner/.m2/repository/com/fasterxml/jackson/core/jackson-core/2.13.4/jackson-core-2.13.4.jar:/home/runner/.m2/repository/org/apache/ozone/rocksdb-checkpoint-differ/1.4.0-SNAPSHOT/rocksdb-checkpoint-differ-1.4.0-SNAPSHOT.jar:/home/runner/.m2/repository/org/jgrapht/jgrapht-core/1.0.1/jgrapht-core-1.0.1.jar:/home/runner/.m2/repository/org/jgrapht/jgrapht-ext/1.0.1/jgrapht-ext-1.0.1.jar:/home/runner/.m2/repository/org/tinyjee/jgraphx/jgraphx/2.0.0.1/jgraphx-2.0.0.1.jar:/home/runner/.m2/repository/jgraph/jgraph/5.13.0.0/jgraph-5.13.0.0.jar:/home/runner/.m2/repository/org/antlr/antlr4-runtime/4.5.3/antlr4-runtime-4.5.3.jar:/home/runner/.m2/repository/org/awaitility/awaitility/4.2.0/awaitility-4.2.0.jar:/home/runner/.m2/repository/org/hamcrest/hamcrest/2.1/hamcrest-2.1.jar:/home/runner/.m2/repository/org/apache/ozone/ozone-manager/1.4.0-SNAPSHOT/ozone-manager-1.4.0-SNAPSHOT.jar:/home/runner/.m2/repository/org/aspectj/aspectjrt/1.9.7/aspectjrt-1.9.7.jar:/home/runner/.m2/repository/org/aspectj/aspectjweaver/1.9.7/aspectjweaver-1.9.7.jar:/home/runner/.m2/repository/org/apache/ozone/hdds-interface-client/1.4.0-SNAPSHOT/hdds-interface-client-1.4.0-SNAPSHOT.jar:/home/runner/.m2/repository/org/apache/hadoop/thirdparty/hadoop-shaded-protobuf_3_7/1.1.1/hadoop-shaded-protobuf_3_7-1.1.1.jar:/home/runner/.m2/repository/org/apache/ozone/ozone-interface-storage/1.4.0-SNAPSHOT/ozone-interface-storage-1.4.0-SNAPSHOT.jar:/home/runner/.m2/repository/org/reflections/reflections/0.9.11/reflections-0.9.11.jar:/home/runner/.m2/repository/com/sun/jersey/jersey-client/1.19.4/jersey-client-1.19.4.jar:/home/runner/.m2/repository/org/codehaus/jackson/jackson-core-asl/1.9.13/jackson-core-asl-1.9.13.jar:/home/runner/.m2/repository/org/codehaus/jackson/jackson-mapper-asl/1.9.13/jackson-mapper-asl-1.9.13.jar:/home/runner/.m2/repository/org/codehaus/jackson/jackson-jaxrs/1.9.13/jackson-jaxrs-1.9.13.jar:/home/runner/.m2/repository/org/apache/ranger/ranger-intg/2.3.0/ranger-intg-2.3.0.jar:/home/runner/.m2/repository/org/apache/ranger/ranger-plugins-common/2.3.0/ranger-plugins-common-2.3.0.jar:/home/runner/.m2/repository/commons-lang/commons-lang/2.6/commons-lang-2.6.jar:/home/runner/.m2/repository/org/apache/ranger/ranger-plugins-cred/2.3.0/ranger-plugins-cred-2.3.0.jar:/home/runner/.m2/repository/org/apache/ranger/ranger-plugins-audit/2.3.0/ranger-plugins-audit-2.3.0.jar:/home/runner/.m2/repository/org/eclipse/jetty/jetty-client/9.4.53.v20231009/jetty-client-9.4.53.v20231009.jar:/home/runner/.m2/repository/org/apache/httpcomponents/httpmime/4.5.6/httpmime-4.5.6.jar:/home/runner/.m2/repository/org/apache/httpcomponents/httpcore-nio/4.4.16/httpcore-nio-4.4.16.jar:/home/runner/.m2/repository/org/apache/httpcomponents/httpasyncclient/4.1.3/httpasyncclient-4.1.3.jar:/home/runner/.m2/repository/com/carrotsearch/hppc/0.8.0/hppc-0.8.0.jar:/home/runner/.m2/repository/org/apache/orc/orc-core/1.5.8/orc-core-1.5.8.jar:/home/runner/.m2/repository/net/java/dev/jna/jna/5.2.0/jna-5.2.0.jar:/home/runner/.m2/repository/net/java/dev/jna/jna-platform/5.2.0/jna-platform-5.2.0.jar:/home/runner/.m2/repository/com/kstruct/gethostname4j/0.0.2/gethostname4j-0.0.2.jar:/home/runner/.m2/repository/org/apache/ranger/ranger-plugin-classloader/2.3.0/ranger-plugin-classloader-2.3.0.jar:/home/runner/.m2/repository/org/apache/ozone/hdds-rocks-native/1.4.0-SNAPSHOT/hdds-rocks-native-1.4.0-SNAPSHOT.jar:/home/runner/.m2/repository/org/apache/hadoop/hadoop-minikdc/3.3.6/hadoop-minikdc-3.3.6.jar:/home/runner/.m2/repository/org/apache/kerby/kerb-simplekdc/1.0.1/kerb-simplekdc-1.0.1.jar:/home/runner/.m2/repository/org/apache/kerby/kerb-client/1.0.1/kerb-client-1.0.1.jar:/home/runner/.m2/repository/org/apache/kerby/kerby-config/1.0.1/kerby-config-1.0.1.jar:/home/runner/.m2/repository/org/apache/kerby/kerb-common/1.0.1/kerb-common-1.0.1.jar:/home/runner/.m2/repository/org/apache/kerby/kerb-crypto/1.0.1/kerb-crypto-1.0.1.jar:/home/runner/.m2/repository/org/apache/kerby/kerb-util/1.0.1/kerb-util-1.0.1.jar:/home/runner/.m2/repository/org/apache/kerby/token-provider/1.0.1/token-provider-1.0.1.jar:/home/runner/.m2/repository/org/apache/kerby/kerb-admin/1.0.1/kerb-admin-1.0.1.jar:/home/runner/.m2/repository/org/apache/kerby/kerb-server/1.0.1/kerb-server-1.0.1.jar:/home/runner/.m2/repository/org/apache/kerby/kerb-identity/1.0.1/kerb-identity-1.0.1.jar:/home/runner/.m2/repository/org/apache/kerby/kerby-xdr/1.0.1/kerby-xdr-1.0.1.jar:/home/runner/.m2/repository/org/apache/ozone/ozone-s3gateway/1.4.0-SNAPSHOT/ozone-s3gateway-1.4.0-SNAPSHOT.jar:/home/runner/.m2/repository/org/javassist/javassist/3.21.0-GA/javassist-3.21.0-GA.jar:/home/runner/.m2/repository/org/jboss/weld/servlet/weld-servlet-shaded/3.1.9.Final/weld-servlet-shaded-3.1.9.Final.jar:/home/runner/.m2/repository/org/glassfish/jersey/containers/jersey-container-servlet-core/2.41/jersey-container-servlet-core-2.41.jar:/home/runner/.m2/repository/org/glassfish/hk2/external/jakarta.inject/2.6.1/jakarta.inject-2.6.1.jar:/home/runner/.m2/repository/org/glassfish/jersey/core/jersey-common/2.41/jersey-common-2.41.jar:/home/runner/.m2/repository/jakarta/ws/rs/jakarta.ws.rs-api/2.1.6/jakarta.ws.rs-api-2.1.6.jar:/home/runner/.m2/repository/org/glassfish/jersey/ext/cdi/jersey-cdi1x/2.41/jersey-cdi1x-2.41.jar:/home/runner/.m2/repository/org/glassfish/jersey/inject/jersey-hk2/2.41/jersey-hk2-2.41.jar:/home/runner/.m2/repository/org/glassfish/hk2/hk2-locator/2.6.1/hk2-locator-2.6.1.jar:/home/runner/.m2/repository/org/glassfish/jersey/media/jersey-media-jaxb/2.41/jersey-media-jaxb-2.41.jar:/home/runner/.m2/repository/org/glassfish/hk2/osgi-resource-locator/1.0.3/osgi-resource-locator-1.0.3.jar:/home/runner/.m2/repository/org/glassfish/hk2/hk2-api/2.5.0/hk2-api-2.5.0.jar:/home/runner/.m2/repository/org/glassfish/hk2/hk2-utils/2.5.0/hk2-utils-2.5.0.jar:/home/runner/.m2/repository/org/glassfish/hk2/external/aopalliance-repackaged/2.5.0/aopalliance-repackaged-2.5.0.jar:/home/runner/.m2/repository/com/fasterxml/jackson/dataformat/jackson-dataformat-xml/2.13.4/jackson-dataformat-xml-2.13.4.jar:/home/runner/.m2/repository/org/codehaus/woodstox/stax2-api/4.2.1/stax2-api-4.2.1.jar:/home/runner/.m2/repository/com/fasterxml/woodstox/woodstox-core/5.4.0/woodstox-core-5.4.0.jar:/home/runner/.m2/repository/com/fasterxml/jackson/module/jackson-module-jaxb-annotations/2.13.4/jackson-module-jaxb-annotations-2.13.4.jar:/home/runner/.m2/repository/jakarta/xml/bind/jakarta.xml.bind-api/2.3.3/jakarta.xml.bind-api-2.3.3.jar:/home/runner/.m2/repository/jakarta/activation/jakarta.activation-api/1.2.2/jakarta.activation-api-1.2.2.jar:/home/runner/.m2/repository/javax/enterprise/cdi-api/2.0/cdi-api-2.0.jar:/home/runner/.m2/repository/javax/el/javax.el-api/3.0.0/javax.el-api-3.0.0.jar:/home/runner/.m2/repository/javax/interceptor/javax.interceptor-api/1.2/javax.interceptor-api-1.2.jar:/home/runner/.m2/repository/javax/inject/javax.inject/1/javax.inject-1.jar:/home/runner/.m2/repository/javax/xml/bind/jaxb-api/2.3.0/jaxb-api-2.3.0.jar:/home/runner/.m2/repository/org/glassfish/jaxb/jaxb-runtime/2.3.0.1/jaxb-runtime-2.3.0.1.jar:/home/runner/.m2/repository/org/glassfish/jaxb/jaxb-core/2.3.0.1/jaxb-core-2.3.0.1.jar:/home/runner/.m2/repository/org/glassfish/jaxb/txw2/2.3.0.1/txw2-2.3.0.1.jar:/home/runner/.m2/repository/com/sun/istack/istack-commons-runtime/3.0.5/istack-commons-runtime-3.0.5.jar:/home/runner/.m2/repository/org/jvnet/staxex/stax-ex/1.7.8/stax-ex-1.7.8.jar:/home/runner/.m2/repository/com/sun/xml/fastinfoset/FastInfoset/1.2.13/FastInfoset-1.2.13.jar:/home/runner/.m2/repository/javax/activation/activation/1.1.1/activation-1.1.1.jar:/home/runner/.m2/repository/io/grpc/grpc-protobuf/1.58.0/grpc-protobuf-1.58.0.jar:/home/runner/.m2/repository/com/google/api/grpc/proto-google-common-protos/2.22.0/proto-google-common-protos-2.22.0.jar:/home/runner/.m2/repository/io/grpc/grpc-protobuf-lite/1.58.0/grpc-protobuf-lite-1.58.0.jar:/home/runner/.m2/repository/io/grpc/grpc-stub/1.58.0/grpc-stub-1.58.0.jar:/home/runner/.m2/repository/io/netty/netty-transport/4.1.100.Final/netty-transport-4.1.100.Final.jar:/home/runner/.m2/repository/io/netty/netty-resolver/4.1.100.Final/netty-resolver-4.1.100.Final.jar:/home/runner/.m2/repository/org/apache/ozone/ozone-csi/1.4.0-SNAPSHOT/ozone-csi-1.4.0-SNAPSHOT.jar:/home/runner/.m2/repository/com/google/protobuf/protobuf-java-util/3.19.6/protobuf-java-util-3.19.6.jar:/home/runner/.m2/repository/com/google/code/gson/gson/2.9.0/gson-2.9.0.jar:/home/runner/.m2/repository/org/apache/ozone/hdds-config/1.4.0-SNAPSHOT/hdds-config-1.4.0-SNAPSHOT.jar:/home/runner/.m2/repository/io/netty/netty-transport-native-epoll/4.1.100.Final/netty-transport-native-epoll-4.1.100.Final-linux-x86_64.jar:/home/runner/.m2/repository/io/netty/netty-transport-classes-epoll/4.1.100.Final/netty-transport-classes-epoll-4.1.100.Final.jar:/home/runner/.m2/repository/io/netty/netty-transport-native-unix-common/4.1.100.Final/netty-transport-native-unix-common-4.1.100.Final.jar:/home/runner/.m2/repository/org/apache/ozone/ozone-recon/1.4.0-SNAPSHOT/ozone-recon-1.4.0-SNAPSHOT.jar:/home/runner/.m2/repository/org/apache/ozone/ozone-reconcodegen/1.4.0-SNAPSHOT/ozone-reconcodegen-1.4.0-SNAPSHOT.jar:/home/runner/.m2/repository/com/google/inject/guice/5.1.0/guice-5.1.0.jar:/home/runner/.m2/repository/aopalliance/aopalliance/1.0/aopalliance-1.0.jar:/home/runner/.m2/repository/com/google/inject/extensions/guice-assistedinject/5.1.0/guice-assistedinject-5.1.0.jar:/home/runner/.m2/repository/com/google/inject/extensions/guice-servlet/5.1.0/guice-servlet-5.1.0.jar:/home/runner/.m2/repository/org/glassfish/jersey/containers/jersey-container-servlet/2.41/jersey-container-servlet-2.41.jar:/home/runner/.m2/repository/org/glassfish/hk2/guice-bridge/2.5.0/guice-bridge-2.5.0.jar:/home/runner/.m2/repository/org/glassfish/jersey/core/jersey-server/2.41/jersey-server-2.41.jar:/home/runner/.m2/repository/org/glassfish/jersey/core/jersey-client/2.41/jersey-client-2.41.jar:/home/runner/.m2/repository/jakarta/annotation/jakarta.annotation-api/1.3.5/jakarta.annotation-api-1.3.5.jar:/home/runner/.m2/repository/jakarta/validation/jakarta.validation-api/2.0.2/jakarta.validation-api-2.0.2.jar:/home/runner/.m2/repository/org/glassfish/jersey/media/jersey-media-json-jackson/2.41/jersey-media-json-jackson-2.41.jar:/home/runner/.m2/repository/org/glassfish/jersey/ext/jersey-entity-filtering/2.41/jersey-entity-filtering-2.41.jar:/home/runner/.m2/repository/org/jooq/jooq/3.11.10/jooq-3.11.10.jar:/home/runner/.m2/repository/org/jooq/jooq-meta/3.11.10/jooq-meta-3.11.10.jar:/home/runner/.m2/repository/org/jooq/jooq-codegen/3.11.10/jooq-codegen-3.11.10.jar:/home/runner/.m2/repository/com/jolbox/bonecp/0.8.0.RELEASE/bonecp-0.8.0.RELEASE.jar:/home/runner/.m2/repository/org/apache/derby/derby/10.14.2.0/derby-10.14.2.0.jar:/home/runner/.m2/repository/org/xerial/sqlite-jdbc/3.41.2.2/sqlite-jdbc-3.41.2.2.jar:/home/runner/.m2/repository/org/springframework/spring-jdbc/5.3.27/spring-jdbc-5.3.27.jar:/home/runner/.m2/repository/org/springframework/spring-beans/5.3.27/spring-beans-5.3.27.jar:/home/runner/.m2/repository/org/springframework/spring-core/5.3.27/spring-core-5.3.27.jar:/home/runner/.m2/repository/org/springframework/spring-tx/5.3.27/spring-tx-5.3.27.jar:/home/runner/.m2/repository/org/apache/ozone/ozone-client/1.4.0-SNAPSHOT/ozone-client-1.4.0-SNAPSHOT.jar:/home/runner/.m2/repository/org/apache/ozone/hdds-erasurecode/1.4.0-SNAPSHOT/hdds-erasurecode-1.4.0-SNAPSHOT.jar:/home/runner/.m2/repository/org/apache/ozone/ozone-filesystem/1.4.0-SNAPSHOT/ozone-filesystem-1.4.0-SNAPSHOT.jar:/home/runner/.m2/repository/org/apache/ozone/ozone-filesystem-common/1.4.0-SNAPSHOT/ozone-filesystem-common-1.4.0-SNAPSHOT.jar:/home/runner/.m2/repository/org/apache/ozone/ozone-tools/1.4.0-SNAPSHOT/ozone-tools-1.4.0-SNAPSHOT.jar:/home/runner/.m2/repository/com/amazonaws/aws-java-sdk-core/1.12.261/aws-java-sdk-core-1.12.261.jar:/home/runner/.m2/repository/org/apache/httpcomponents/httpclient/4.5.13/httpclient-4.5.13.jar:/home/runner/.m2/repository/org/apache/httpcomponents/httpcore/4.4.16/httpcore-4.4.16.jar:/home/runner/.m2/repository/software/amazon/ion/ion-java/1.0.2/ion-java-1.0.2.jar:/home/runner/.m2/repository/com/fasterxml/jackson/dataformat/jackson-dataformat-cbor/2.13.4/jackson-dataformat-cbor-2.13.4.jar:/home/runner/.m2/repository/joda-time/joda-time/2.12.5/joda-time-2.12.5.jar:/home/runner/.m2/repository/com/amazonaws/aws-java-sdk-s3/1.12.261/aws-java-sdk-s3-1.12.261.jar:/home/runner/.m2/repository/com/amazonaws/aws-java-sdk-kms/1.12.261/aws-java-sdk-kms-1.12.261.jar:/home/runner/.m2/repository/com/amazonaws/jmespath-java/1.12.261/jmespath-java-1.12.261.jar:/home/runner/.m2/repository/org/kohsuke/metainf-services/metainf-services/1.8/metainf-services-1.8.jar:/home/runner/.m2/repository/org/apache/ozone/hdds-tools/1.4.0-SNAPSHOT/hdds-tools-1.4.0-SNAPSHOT.jar:/home/runner/.m2/repository/org/apache/ratis/ratis-tools/3.0.0/ratis-tools-3.0.0.jar:/home/runner/.m2/repository/commons-cli/commons-cli/1.6.0/commons-cli-1.6.0.jar:/home/runner/.m2/repository/org/apache/commons/commons-lang3/3.7/commons-lang3-3.7.jar:/home/runner/.m2/repository/org/apache/ozone/ozone-manager/1.4.0-SNAPSHOT/ozone-manager-1.4.0-SNAPSHOT-tests.jar:/home/runner/.m2/repository/org/apache/ozone/hdds-common/1.4.0-SNAPSHOT/hdds-common-1.4.0-SNAPSHOT-tests.jar:/home/runner/.m2/repository/org/apache/ozone/hdds-hadoop-dependency-client/1.4.0-SNAPSHOT/hdds-hadoop-dependency-client-1.4.0-SNAPSHOT.jar:/home/runner/.m2/repository/info/picocli/picocli/4.7.5/picocli-4.7.5.jar:/home/runner/.m2/repository/com/fasterxml/jackson/core/jackson-annotations/2.13.4/jackson-annotations-2.13.4.jar:/home/runner/.m2/repository/org/apache/ozone/hdds-annotation-processing/1.4.0-SNAPSHOT/hdds-annotation-processing-1.4.0-SNAPSHOT.jar:/home/runner/.m2/repository/javax/annotation/javax.annotation-api/1.3.2/javax.annotation-api-1.3.2.jar:/home/runner/.m2/repository/org/apache/ratis/ratis-netty/3.0.0/ratis-netty-3.0.0.jar:/home/runner/.m2/repository/org/apache/ratis/ratis-grpc/3.0.0/ratis-grpc-3.0.0.jar:/home/runner/.m2/repository/org/apache/commons/commons-pool2/2.6.0/commons-pool2-2.6.0.jar:/home/runner/.m2/repository/org/bouncycastle/bcpkix-jdk15on/1.67/bcpkix-jdk15on-1.67.jar:/home/runner/.m2/repository/commons-validator/commons-validator/1.6/commons-validator-1.6.jar:/home/runner/.m2/repository/commons-beanutils/commons-beanutils/1.9.4/commons-beanutils-1.9.4.jar:/home/runner/.m2/repository/commons-digester/commons-digester/1.8.1/commons-digester-1.8.1.jar:/home/runner/.m2/repository/commons-collections/commons-collections/3.2.2/commons-collections-3.2.2.jar:/home/runner/.m2/repository/io/jaegertracing/jaeger-client/1.6.0/jaeger-client-1.6.0.jar:/home/runner/.m2/repository/io/jaegertracing/jaeger-thrift/1.6.0/jaeger-thrift-1.6.0.jar:/home/runner/.m2/repository/org/apache/thrift/libthrift/0.14.1/libthrift-0.14.1.jar:/home/runner/.m2/repository/io/jaegertracing/jaeger-core/1.6.0/jaeger-core-1.6.0.jar:/home/runner/.m2/repository/io/jaegertracing/jaeger-tracerresolver/1.6.0/jaeger-tracerresolver-1.6.0.jar:/home/runner/.m2/repository/io/opentracing/contrib/opentracing-tracerresolver/0.1.8/opentracing-tracerresolver-0.1.8.jar:/home/runner/.m2/repository/org/jetbrains/kotlin/kotlin-stdlib/1.6.21/kotlin-stdlib-1.6.21.jar:/home/runner/.m2/repository/org/jetbrains/annotations/13.0/annotations-13.0.jar:/home/runner/.m2/repository/io/opentracing/opentracing-util/0.33.0/opentracing-util-0.33.0.jar:/home/runner/.m2/repository/io/opentracing/opentracing-api/0.33.0/opentracing-api-0.33.0.jar:/home/runner/.m2/repository/io/opentracing/opentracing-noop/0.33.0/opentracing-noop-0.33.0.jar:/home/runner/.m2/repository/org/yaml/snakeyaml/2.0/snakeyaml-2.0.jar:/home/runner/.m2/repository/io/grpc/grpc-api/1.58.0/grpc-api-1.58.0.jar:/home/runner/.m2/repository/junit/junit/4.13.1/junit-4.13.1.jar:/home/runner/.m2/repository/org/hamcrest/hamcrest-core/1.3/hamcrest-core-1.3.jar:/home/runner/.m2/repository/org/junit/jupiter/junit-jupiter-api/5.8.2/junit-jupiter-api-5.8.2.jar:/home/runner/.m2/repository/org/opentest4j/opentest4j/1.2.0/opentest4j-1.2.0.jar:/home/runner/.m2/repository/org/junit/platform/junit-platform-commons/1.8.2/junit-platform-commons-1.8.2.jar:/home/runner/.m2/repository/org/apiguardian/apiguardian-api/1.1.2/apiguardian-api-1.1.2.jar:/home/runner/.m2/repository/org/junit/jupiter/junit-jupiter-params/5.8.2/junit-jupiter-params-5.8.2.jar:/home/runner/.m2/repository/org/junit/jupiter/junit-jupiter-migrationsupport/5.8.2/junit-jupiter-migrationsupport-5.8.2.jar:/home/runner/.m2/repository/org/junit/jupiter/junit-jupiter-engine/5.8.2/junit-jupiter-engine-5.8.2.jar:/home/runner/.m2/repository/org/junit/platform/junit-platform-engine/1.8.2/junit-platform-engine-1.8.2.jar:/home/runner/.m2/repository/org/junit/vintage/junit-vintage-engine/5.8.2/junit-vintage-engine-5.8.2.jar:/home/runner/.m2/repository/org/junit/platform/junit-platform-launcher/1.8.2/junit-platform-launcher-1.8.2.jar:/home/runner/.m2/repository/org/mockito/mockito-core/3.5.9/mockito-core-3.5.9.jar:/home/runner/.m2/repository/net/bytebuddy/byte-buddy/1.10.13/byte-buddy-1.10.13.jar:/home/runner/.m2/repository/net/bytebuddy/byte-buddy-agent/1.10.13/byte-buddy-agent-1.10.13.jar:/home/runner/.m2/repository/org/objenesis/objenesis/1.0/objenesis-1.0.jar:/home/runner/.m2/repository/org/apache/hadoop/hadoop-kms/3.3.6/hadoop-kms-3.3.6.jar:/home/runner/.m2/repository/org/apache/hadoop/hadoop-auth/3.3.6/hadoop-auth-3.3.6.jar:/home/runner/.m2/repository/com/nimbusds/nimbus-jose-jwt/9.8.1/nimbus-jose-jwt-9.8.1.jar:/home/runner/.m2/repository/com/github/stephenc/jcip/jcip-annotations/1.0-1/jcip-annotations-1.0-1.jar:/home/runner/.m2/repository/org/apache/zookeeper/zookeeper/3.7.2/zookeeper-3.7.2.jar:/home/runner/.m2/repository/org/apache/zookeeper/zookeeper-jute/3.7.2/zookeeper-jute-3.7.2.jar:/home/runner/.m2/repository/org/apache/yetus/audience-annotations/0.12.0/audience-annotations-0.12.0.jar:/home/runner/.m2/repository/org/apache/curator/curator-framework/4.2.0/curator-framework-4.2.0.jar:/home/runner/.m2/repository/org/apache/hadoop/thirdparty/hadoop-shaded-guava/1.1.1/hadoop-shaded-guava-1.1.1.jar:/home/runner/.m2/repository/com/sun/jersey/jersey-core/1.19.4/jersey-core-1.19.4.jar:/home/runner/.m2/repository/javax/ws/rs/jsr311-api/1.1.1/jsr311-api-1.1.1.jar:/home/runner/.m2/repository/com/sun/jersey/jersey-server/1.19.4/jersey-server-1.19.4.jar:/home/runner/.m2/repository/javax/servlet/javax.servlet-api/3.1.0/javax.servlet-api-3.1.0.jar:/home/runner/.m2/repository/org/apache/hadoop/hadoop-common/3.3.6/hadoop-common-3.3.6.jar:/home/runner/.m2/repository/org/apache/commons/commons-math3/3.1.1/commons-math3-3.1.1.jar:/home/runner/.m2/repository/commons-net/commons-net/3.10.0/commons-net-3.10.0.jar:/home/runner/.m2/repository/com/sun/jersey/jersey-servlet/1.19.4/jersey-servlet-1.19.4.jar:/home/runner/.m2/repository/com/github/pjfanning/jersey-json/1.20/jersey-json-1.20.jar:/home/runner/.m2/repository/org/codehaus/jettison/jettison/1.1/jettison-1.1.jar:/home/runner/.m2/repository/com/sun/xml/bind/jaxb-impl/2.2.3-1/jaxb-impl-2.2.3-1.jar:/home/runner/.m2/repository/com/google/re2j/re2j/1.1/re2j-1.1.jar:/home/runner/.m2/repository/com/jcraft/jsch/0.1.54/jsch-0.1.54.jar:/home/runner/.m2/repository/org/apache/curator/curator-client/4.2.0/curator-client-4.2.0.jar:/home/runner/.m2/repository/org/apache/curator/curator-recipes/5.2.0/curator-recipes-5.2.0.jar:/home/runner/.m2/repository/org/apache/kerby/kerb-core/1.0.1/kerb-core-1.0.1.jar:/home/runner/.m2/repository/org/apache/kerby/kerby-pkix/1.0.1/kerby-pkix-1.0.1.jar:/home/runner/.m2/repository/org/apache/kerby/kerby-asn1/1.0.1/kerby-asn1-1.0.1.jar:/home/runner/.m2/repository/org/apache/kerby/kerby-util/1.0.1/kerby-util-1.0.1.jar:/home/runner/.m2/repository/dnsjava/dnsjava/2.1.7/dnsjava-2.1.7.jar:/home/runner/.m2/repository/org/xerial/snappy/snappy-java/1.1.8.2/snappy-java-1.1.8.2.jar:/home/runner/.m2/repository/com/fasterxml/jackson/core/jackson-databind/2.13.4.2/jackson-databind-2.13.4.2.jar:/home/runner/.m2/repository/org/apache/hadoop/hadoop-kms/3.3.6/hadoop-kms-3.3.6-tests.jar:/home/runner/.m2/repository/org/apache/ozone/hdds-server-scm/1.4.0-SNAPSHOT/hdds-server-scm-1.4.0-SNAPSHOT-tests.jar:/home/runner/.m2/repository/org/apache/ozone/hdds-container-service/1.4.0-SNAPSHOT/hdds-container-service-1.4.0-SNAPSHOT-tests.jar:/home/runner/.m2/repository/com/github/luben/zstd-jni/1.5.2-5/zstd-jni-1.5.2-5.jar:/home/runner/.m2/repository/commons-codec/commons-codec/1.15/commons-codec-1.15.jar:/home/runner/.m2/repository/io/netty/netty-codec/4.1.100.Final/netty-codec-4.1.100.Final.jar:/home/runner/.m2/repository/io/netty/netty-handler/4.1.100.Final/netty-handler-4.1.100.Final.jar:/home/runner/.m2/repository/org/apache/ozone/hdds-hadoop-dependency-test/1.4.0-SNAPSHOT/hdds-hadoop-dependency-test-1.4.0-SNAPSHOT.jar:/home/runner/.m2/repository/org/apache/hadoop/hadoop-common/3.3.6/hadoop-common-3.3.6-tests.jar:/home/runner/.m2/repository/org/apache/hadoop/hadoop-hdfs/3.3.6/hadoop-hdfs-3.3.6-tests.jar:/home/runner/.m2/repository/org/assertj/assertj-core/3.12.2/assertj-core-3.12.2.jar:/home/runner/.m2/repository/org/apache/hadoop/hadoop-distcp/3.3.6/hadoop-distcp-3.3.6.jar:/home/runner/.m2/repository/org/apache/hadoop/hadoop-mapreduce-client-jobclient/3.3.6/hadoop-mapreduce-client-jobclient-3.3.6.jar:/home/runner/.m2/repository/org/apache/hadoop/hadoop-mapreduce-client-common/3.3.6/hadoop-mapreduce-client-common-3.3.6.jar:/home/runner/.m2/repository/org/apache/hadoop/hadoop-yarn-common/3.3.6/hadoop-yarn-common-3.3.6.jar:/home/runner/.m2/repository/org/apache/hadoop/hadoop-yarn-api/3.3.6/hadoop-yarn-api-3.3.6.jar:/home/runner/.m2/repository/com/sun/jersey/contribs/jersey-guice/1.19.4/jersey-guice-1.19.4.jar:/home/runner/.m2/repository/com/fasterxml/jackson/jaxrs/jackson-jaxrs-json-provider/2.13.4/jackson-jaxrs-json-provider-2.13.4.jar:/home/runner/.m2/repository/com/fasterxml/jackson/jaxrs/jackson-jaxrs-base/2.13.4/jackson-jaxrs-base-2.13.4.jar:/home/runner/.m2/repository/org/apache/hadoop/hadoop-yarn-client/3.3.6/hadoop-yarn-client-3.3.6.jar:/home/runner/.m2/repository/org/eclipse/jetty/websocket/websocket-client/9.4.51.v20230217/websocket-client-9.4.51.v20230217.jar:/home/runner/.m2/repository/org/eclipse/jetty/websocket/websocket-common/9.4.51.v20230217/websocket-common-9.4.51.v20230217.jar:/home/runner/.m2/repository/org/eclipse/jetty/websocket/websocket-api/9.4.51.v20230217/websocket-api-9.4.51.v20230217.jar:/home/runner/.m2/repository/org/jline/jline/3.9.0/jline-3.9.0.jar:/home/runner/.m2/repository/org/apache/hadoop/hadoop-mapreduce-client-core/3.3.6/hadoop-mapreduce-client-core-3.3.6.jar:/home/runner/.m2/repository/org/apache/avro/avro/1.7.7/avro-1.7.7.jar:/home/runner/.m2/repository/com/thoughtworks/paranamer/paranamer/2.3/paranamer-2.3.jar:/home/runner/.m2/repository/org/apache/hadoop/hadoop-annotations/3.3.6/hadoop-annotations-3.3.6.jar:/usr/lib/jvm/temurin-8-jdk-amd64/jre/../lib/tools.jar:/home/runner/.m2/repository/io/netty/netty/3.10.6.Final/netty-3.10.6.Final.jar:/home/runner/.m2/repository/org/apache/hadoop/hadoop-distcp/3.3.6/hadoop-distcp-3.3.6-tests.jar:/home/runner/.m2/repository/org/slf4j/jul-to-slf4j/1.7.36/jul-to-slf4j-1.7.36.jar:/home/runner/work/ozone/ozone/hadoop-ozone/integration-test/target/gradle-enterprise/test-listeners.jar:"/>
    <property name="sun.cpu.endian" value="little"/>
    <property name="user.home" value="/home/runner"/>
    <property name="user.language" value="en"/>
    <property name="java.specification.vendor" value="Oracle Corporation"/>
    <property name="java.home" value="/usr/lib/jvm/temurin-8-jdk-amd64/jre"/>
    <property name="java.security.krb5.conf" value="/home/runner/work/ozone/ozone/hadoop-ozone/integration-test/target/test-classes/krb5.conf"/>
    <property name="file.separator" value="/"/>
    <property name="basedir" value="/home/runner/work/ozone/ozone/hadoop-ozone/integration-test"/>
    <property name="line.separator" value="&#10;"/>
    <property name="java.vm.specification.vendor" value="Oracle Corporation"/>
    <property name="java.specification.name" value="Java Platform API Specification"/>
    <property name="skip.installnpx" value="true"/>
    <property name="java.awt.graphicsenv" value="sun.awt.X11GraphicsEnvironment"/>
    <property name="surefire.real.class.path" value="/home/runner/work/ozone/ozone/hadoop-ozone/integration-test/target/surefire/surefirebooter-20231210082954741_313.jar:/home/runner/.m2/repository/org/jacoco/org.jacoco.agent/0.8.5/org.jacoco.agent-0.8.5-runtime.jar"/>
    <property name="sun.boot.class.path" value="/usr/lib/jvm/temurin-8-jdk-amd64/jre/lib/resources.jar:/usr/lib/jvm/temurin-8-jdk-amd64/jre/lib/rt.jar:/usr/lib/jvm/temurin-8-jdk-amd64/jre/lib/sunrsasign.jar:/usr/lib/jvm/temurin-8-jdk-amd64/jre/lib/jsse.jar:/usr/lib/jvm/temurin-8-jdk-amd64/jre/lib/jce.jar:/usr/lib/jvm/temurin-8-jdk-amd64/jre/lib/charsets.jar:/usr/lib/jvm/temurin-8-jdk-amd64/jre/lib/jfr.jar:/usr/lib/jvm/temurin-8-jdk-amd64/jre/classes"/>
    <property name="hadoop.log.dir" value="/home/runner/work/ozone/ozone/hadoop-ozone/integration-test/target/log"/>
    <property name="sun.management.compiler" value="HotSpot 64-Bit Tiered Compilers"/>
    <property name="java.runtime.version" value="1.8.0_392-b08"/>
    <property name="skip.npx" value="true"/>
    <property name="user.name" value="runner"/>
    <property name="java.net.preferIPv4Stack" value="true"/>
    <property name="path.separator" value=":"/>
    <property name="java.security.egd" value="file:///dev/urandom"/>
    <property name="os.version" value="5.15.0-1052-azure"/>
    <property name="java.endorsed.dirs" value="/usr/lib/jvm/temurin-8-jdk-amd64/jre/lib/endorsed"/>
    <property name="java.runtime.name" value="OpenJDK Runtime Environment"/>
    <property name="com.gradle.maven.scan.extension.test.listener.junitplatform.NestedExecutionSafeDelegatingTestExecutionListener" value="2b56f5f8"/>
    <property name="file.encoding" value="UTF-8"/>
    <property name="java.vm.name" value="OpenJDK 64-Bit Server VM"/>
    <property name="test.build.webapps" value=""/>
    <property name="localRepository" value="/home/runner/.m2/repository"/>
    <property name="gradle.enterprise.listener.port" value="37425"/>
    <property name="jetty.git.hash" value="27bde00a0b95a1d5bbee0eae7984f891d2d0f8c9"/>
    <property name="java.vendor.url.bug" value="https://github.com/adoptium/adoptium-support/issues"/>
    <property name="require.test.libhadoop" value=""/>
    <property name="java.io.tmpdir" value="/tmp"/>
    <property name="java.version" value="1.8.0_392"/>
    <property name="user.dir" value="/home/runner/work/ozone/ozone/hadoop-ozone/integration-test"/>
    <property name="os.arch" value="amd64"/>
    <property name="test.build.classes" value="/home/runner/work/ozone/ozone/hadoop-ozone/integration-test/target/test-classes"/>
    <property name="java.vm.specification.name" value="Java Virtual Machine Specification"/>
    <property name="java.awt.printerjob" value="sun.print.PSPrinterJob"/>
    <property name="sun.os.patch.level" value="unknown"/>
    <property name="org.apache.ratis.thirdparty.io.netty.allocator.useCacheForAllThreads" value="false"/>
    <property name="hadoop.tmp.dir" value="/home/runner/work/ozone/ozone/hadoop-ozone/integration-test/target/tmp"/>
    <property name="java.library.path" value="/usr/java/packages/lib/amd64:/usr/lib64:/lib64:/lib:/usr/lib"/>
    <property name="java.vendor" value="Temurin"/>
    <property name="java.vm.info" value="mixed mode"/>
    <property name="java.vm.version" value="25.392-b08"/>
    <property name="java.specification.maintenance.version" value="5"/>
    <property name="sun.io.unicode.encoding" value="UnicodeLittle"/>
    <property name="java.ext.dirs" value="/usr/lib/jvm/temurin-8-jdk-amd64/jre/lib/ext:/usr/java/packages/lib/ext"/>
    <property name="java.class.version" value="52.0"/>
  </properties>
  <testcase name="bucketUsedBytesOverWrite(BucketLayout)[1]" classname="org.apache.hadoop.ozone.client.rpc.TestOzoneRpcClientWithRatis" time="13.317">
    <system-out><![CDATA[2023-12-10 08:55:19,766 [main] WARN  server.ServerUtils (ServerUtils.java:getScmDbDir(155)) - ozone.scm.db.dirs is not configured. We recommend adding this setting. Falling back to ozone.metadata.dirs instead.
2023-12-10 08:55:19,962 [main] INFO  reflections.Reflections (Reflections.java:scan(232)) - Reflections took 146 ms to scan 7 urls, producing 164 keys and 388 values 
2023-12-10 08:55:20,065 [main] WARN  server.ServerUtils (ServerUtils.java:getScmDbDir(155)) - ozone.scm.db.dirs is not configured. We recommend adding this setting. Falling back to ozone.metadata.dirs instead.
2023-12-10 08:55:20,068 [main] INFO  ha.SCMHANodeDetails (SCMHANodeDetails.java:loadSCMHAConfig(210)) - ServiceID for StorageContainerManager is null
2023-12-10 08:55:20,075 [main] WARN  ha.SCMHANodeDetails (SCMHANodeDetails.java:validateSCMHAConfig(183)) - Invalid config ozone.scm.ratis.enable. The config was not specified, but the default value true conflicts with the expected config value false. Falling back to the expected value. Current State of SCM: SCM is running in Non-HA without Ratis Ratis SCM -> Non Ratis SCM or Non HA SCM -> HA SCM is not supported
2023-12-10 08:55:20,076 [main] INFO  ha.SCMHANodeDetails (SCMHANodeDetails.java:loadSCMHAConfig(215)) - ozone.scm.default.service.id is not defined, falling back to ozone.scm.service.ids to find serviceID for StorageContainerManager if it is HA enabled cluster
2023-12-10 08:55:20,623 [main] WARN  utils.HAUtils (HAUtils.java:getMetaDir(339)) - ozone.scm.db.dirs is not configured. We recommend adding this setting. Falling back to ozone.metadata.dirs instead.
2023-12-10 08:55:20,732 [main] WARN  db.DBStoreBuilder (DBStoreBuilder.java:applyDBDefinition(167)) - ozone.scm.db.dirs is not configured. We recommend adding this setting. Falling back to ozone.metadata.dirs instead.
2023-12-10 08:55:20,899 [main] INFO  net.NodeSchemaLoader (NodeSchemaLoader.java:loadSchemaFromFile(129)) - Loading schema from [jar:file:/home/runner/.m2/repository/org/apache/ozone/hdds-common/1.4.0-SNAPSHOT/hdds-common-1.4.0-SNAPSHOT.jar!/network-topology-default.xml]
2023-12-10 08:55:20,901 [main] INFO  net.NodeSchemaLoader (NodeSchemaLoader.java:loadSchema(176)) - Loading network topology layer schema file
2023-12-10 08:55:20,945 [main] INFO  metrics.MetricRegistries (MetricRegistriesLoader.java:load(64)) - Loaded MetricRegistries class org.apache.ratis.metrics.dropwizard3.Dm3MetricRegistriesImpl
2023-12-10 08:55:20,957 [main] INFO  upgrade.AbstractLayoutVersionManager (AbstractLayoutVersionManager.java:init(83)) - Initializing Layout version manager with metadata layout = HADOOP_PRC_PORTS_IN_DATANODEDETAILS (version = 7), software layout = HADOOP_PRC_PORTS_IN_DATANODEDETAILS (version = 7)
2023-12-10 08:55:21,120 [main] INFO  ha.SequenceIdGenerator (SequenceIdGenerator.java:upgradeToSequenceId(370)) - upgrade localId to 111677748019200000
2023-12-10 08:55:21,122 [main] INFO  ha.SequenceIdGenerator (SequenceIdGenerator.java:upgradeToSequenceId(380)) - upgrade delTxnId to 0
2023-12-10 08:55:21,128 [main] INFO  ha.SequenceIdGenerator (SequenceIdGenerator.java:upgradeToSequenceId(397)) - upgrade containerId to 0
2023-12-10 08:55:21,131 [main] INFO  ha.SequenceIdGenerator (SequenceIdGenerator.java:upgradeToCertificateSequenceId(444)) - upgrade CertificateId to 2
2023-12-10 08:55:21,133 [main] INFO  ha.SequenceIdGenerator (SequenceIdGenerator.java:<init>(241)) - Init the HA SequenceIdGenerator.
2023-12-10 08:55:21,173 [main] INFO  node.SCMNodeManager (SCMNodeManager.java:<init>(168)) - Entering startup safe mode.
2023-12-10 08:55:21,183 [main] INFO  algorithms.ContainerPlacementPolicyFactory (ContainerPlacementPolicyFactory.java:getPolicyInternal(86)) - Create container placement policy of type org.apache.hadoop.hdds.scm.container.placement.algorithms.SCMContainerPlacementRackAware
2023-12-10 08:55:21,186 [main] INFO  algorithms.ContainerPlacementPolicyFactory (ContainerPlacementPolicyFactory.java:getPolicyInternal(86)) - Create container placement policy of type org.apache.hadoop.hdds.scm.container.placement.algorithms.SCMContainerPlacementRackScatter
2023-12-10 08:55:21,193 [main] INFO  pipeline.PipelineStateManagerImpl (PipelineStateManagerImpl.java:initialize(78)) - No pipeline exists in current db
2023-12-10 08:55:21,203 [main] INFO  algorithms.LeaderChoosePolicyFactory (LeaderChoosePolicyFactory.java:getPolicy(57)) - Create leader choose policy of type org.apache.hadoop.hdds.scm.pipeline.leader.choose.algorithms.MinLeaderCountChoosePolicy
2023-12-10 08:55:21,203 [main] INFO  algorithms.ContainerPlacementPolicyFactory (ContainerPlacementPolicyFactory.java:getPolicyInternal(86)) - Create container placement policy of type org.apache.hadoop.hdds.scm.container.placement.algorithms.SCMContainerPlacementRackScatter
2023-12-10 08:55:21,207 [main] INFO  ha.SCMServiceManager (SCMServiceManager.java:register(42)) - Registering service BackgroundPipelineCreator.
2023-12-10 08:55:21,208 [main] INFO  pipeline.BackgroundPipelineCreator (BackgroundPipelineCreator.java:start(127)) - Starting RatisPipelineUtilsThread.
2023-12-10 08:55:21,210 [main] INFO  BackgroundPipelineScrubber (BackgroundSCMService.java:start(68)) - Starting BackgroundPipelineScrubber Service.
2023-12-10 08:55:21,210 [main] INFO  ha.SCMServiceManager (SCMServiceManager.java:register(42)) - Registering service BackgroundPipelineScrubber.
2023-12-10 08:55:21,215 [main] INFO  ExpiredContainerReplicaOpScrubber (BackgroundSCMService.java:start(68)) - Starting ExpiredContainerReplicaOpScrubber Service.
2023-12-10 08:55:21,215 [main] INFO  ha.SCMServiceManager (SCMServiceManager.java:register(42)) - Registering service ExpiredContainerReplicaOpScrubber.
2023-12-10 08:55:21,237 [main] INFO  algorithms.PipelineChoosePolicyFactory (PipelineChoosePolicyFactory.java:createPipelineChoosePolicyFromClass(78)) - Create pipeline choose policy of type org.apache.hadoop.hdds.scm.pipeline.choose.algorithms.RandomPipelineChoosePolicy
2023-12-10 08:55:21,237 [main] INFO  algorithms.PipelineChoosePolicyFactory (PipelineChoosePolicyFactory.java:createPipelineChoosePolicyFromClass(78)) - Create pipeline choose policy of type org.apache.hadoop.hdds.scm.pipeline.choose.algorithms.RandomPipelineChoosePolicy
2023-12-10 08:55:21,256 [main] INFO  ha.SCMServiceManager (SCMServiceManager.java:register(42)) - Registering service SCMBlockDeletingService.
2023-12-10 08:55:21,309 [main] INFO  replication.ReplicationManager (ReplicationManager.java:start(292)) - Starting Replication Monitor Thread.
2023-12-10 08:55:21,310 [main] INFO  ha.SCMServiceManager (SCMServiceManager.java:register(42)) - Registering service ReplicationManager.
2023-12-10 08:55:21,310 [ReplicationMonitor] INFO  replication.ReplicationManager (ReplicationManager.java:processAll(367)) - Replication Manager is not ready to run until 3000ms after safemode exit
2023-12-10 08:55:21,318 [main] INFO  safemode.ContainerSafeModeRule (ContainerSafeModeRule.java:<init>(90)) - containers with one replica threshold count 0
2023-12-10 08:55:21,322 [main] INFO  safemode.HealthyPipelineSafeModeRule (HealthyPipelineSafeModeRule.java:initializeRule(169)) - Total pipeline count is 0, healthy pipeline threshold count is 1
2023-12-10 08:55:21,323 [main] INFO  safemode.OneReplicaPipelineSafeModeRule (OneReplicaPipelineSafeModeRule.java:initializeRule(180)) - Total pipeline count is 0, pipeline's with at least one datanode reported threshold count is 0
2023-12-10 08:55:21,356 [main] INFO  server.StorageContainerManager (StorageContainerManager.java:<init>(434)) - SCM start with adminUsers: [runner]
2023-12-10 08:55:21,574 [main] INFO  audit.AuditLogger (AuditLogger.java:refreshDebugCmdSet(130)) - Refresh DebugCmdSet for SCMAudit to [].
2023-12-10 08:55:21,596 [main] INFO  ipc.CallQueueManager (CallQueueManager.java:<init>(90)) - Using callQueue: class java.util.concurrent.LinkedBlockingQueue, queueCapacity: 2000, scheduler: class org.apache.hadoop.ipc.DefaultRpcScheduler, ipcBackoff: false.
2023-12-10 08:55:21,620 [main] INFO  ipc.Server (Server.java:<init>(1287)) - Listener at 0.0.0.0:15002
2023-12-10 08:55:21,623 [Socket Reader #1 for port 15002] INFO  ipc.Server (Server.java:run(1323)) - Starting Socket Reader #1 for port 15002
2023-12-10 08:55:21,668 [main] INFO  audit.AuditLogger (AuditLogger.java:refreshDebugCmdSet(130)) - Refresh DebugCmdSet for SCMAudit to [].
2023-12-10 08:55:21,672 [main] INFO  ipc.CallQueueManager (CallQueueManager.java:<init>(90)) - Using callQueue: class java.util.concurrent.LinkedBlockingQueue, queueCapacity: 2000, scheduler: class org.apache.hadoop.ipc.DefaultRpcScheduler, ipcBackoff: false.
2023-12-10 08:55:21,672 [main] INFO  ipc.Server (Server.java:<init>(1287)) - Listener at 0.0.0.0:15001
2023-12-10 08:55:21,673 [Socket Reader #1 for port 15001] INFO  ipc.Server (Server.java:run(1323)) - Starting Socket Reader #1 for port 15001
2023-12-10 08:55:21,696 [main] INFO  audit.AuditLogger (AuditLogger.java:refreshDebugCmdSet(130)) - Refresh DebugCmdSet for SCMAudit to [].
2023-12-10 08:55:21,705 [main] INFO  ipc.CallQueueManager (CallQueueManager.java:<init>(90)) - Using callQueue: class java.util.concurrent.LinkedBlockingQueue, queueCapacity: 2000, scheduler: class org.apache.hadoop.ipc.DefaultRpcScheduler, ipcBackoff: false.
2023-12-10 08:55:21,706 [main] INFO  ipc.Server (Server.java:<init>(1287)) - Listener at 0.0.0.0:15000
2023-12-10 08:55:21,706 [Socket Reader #1 for port 15000] INFO  ipc.Server (Server.java:run(1323)) - Starting Socket Reader #1 for port 15000
2023-12-10 08:55:21,740 [main] INFO  ha.SCMServiceManager (SCMServiceManager.java:register(42)) - Registering service ContainerBalancer.
2023-12-10 08:55:21,741 [main] INFO  server.StorageContainerManager (StorageContainerManager.java:<init>(447)) - 
Container Balancer status:
Key                            Value
Running                        false
Container Balancer Configuration values:
Key                                                Value
Threshold                                          10
Max Datanodes to Involve per Iteration(percent)    20
Max Size to Move per Iteration                     500GB
Max Size Entering Target per Iteration             26GB
Max Size Leaving Source per Iteration              26GB
Number of Iterations                               10
Time Limit for Single Container's Movement         65min
Time Limit for Single Container's Replication      50min
Interval between each Iteration                    70min
Whether to Enable Network Topology                 false
Whether to Trigger Refresh Datanode Usage Info     false
Container IDs to Exclude from Balancing            None
Datanodes Specified to be Balanced                 None
Datanodes Excluded from Balancing                  None

2023-12-10 08:55:21,741 [main] INFO  ha.SCMContext (SCMContext.java:updateSafeModeStatus(230)) - Update SafeModeStatus from SafeModeStatus{safeModeStatus=true, preCheckPassed=false} to SafeModeStatus{safeModeStatus=true, preCheckPassed=false}.
2023-12-10 08:55:21,744 [main] INFO  server.StorageContainerManager (StorageContainerManager.java:start(1512)) - StorageContainerLocationProtocol RPC server is listening at /0.0.0.0:15000
2023-12-10 08:55:21,791 [main] WARN  impl.MetricsConfig (MetricsConfig.java:loadFirst(136)) - Cannot locate configuration: tried hadoop-metrics2-storagecontainermanager.properties,hadoop-metrics2.properties
2023-12-10 08:55:21,801 [main] INFO  impl.MetricsSystemImpl (MetricsSystemImpl.java:startTimer(378)) - Scheduled Metric snapshot period at 10 second(s).
2023-12-10 08:55:21,801 [main] INFO  impl.MetricsSystemImpl (MetricsSystemImpl.java:start(191)) - StorageContainerManager metrics system started
2023-12-10 08:55:21,980 [main] INFO  server.SCMClientProtocolServer (SCMClientProtocolServer.java:start(201)) - RPC server for Client  is listening at /0.0.0.0:15000
2023-12-10 08:55:21,980 [IPC Server Responder] INFO  ipc.Server (Server.java:run(1562)) - IPC Server Responder: starting
2023-12-10 08:55:21,981 [IPC Server listener on 15000] INFO  ipc.Server (Server.java:run(1402)) - IPC Server listener on 15000: starting
2023-12-10 08:55:21,985 [main] INFO  server.StorageContainerManager (StorageContainerManager.java:start(1525)) - ScmBlockLocationProtocol RPC server is listening at /0.0.0.0:15001
2023-12-10 08:55:21,986 [main] INFO  server.SCMBlockProtocolServer (SCMBlockProtocolServer.java:start(158)) - RPC server for Block Protocol is listening at /0.0.0.0:15001
2023-12-10 08:55:21,986 [IPC Server Responder] INFO  ipc.Server (Server.java:run(1562)) - IPC Server Responder: starting
2023-12-10 08:55:21,986 [IPC Server listener on 15001] INFO  ipc.Server (Server.java:run(1402)) - IPC Server listener on 15001: starting
2023-12-10 08:55:21,997 [main] INFO  server.SCMDatanodeProtocolServer (SCMDatanodeProtocolServer.java:start(193)) - ScmDatanodeProtocol RPC server for DataNodes is listening at /0.0.0.0:15002
2023-12-10 08:55:21,998 [IPC Server Responder] INFO  ipc.Server (Server.java:run(1562)) - IPC Server Responder: starting
2023-12-10 08:55:21,998 [IPC Server listener on 15002] INFO  ipc.Server (Server.java:run(1402)) - IPC Server listener on 15002: starting
2023-12-10 08:55:22,013 [JvmPauseMonitor0] INFO  util.JvmPauseMonitor (JvmPauseMonitor.java:run(146)) - JvmPauseMonitor-527d6e71-1e8b-4b9b-863e-cdf2ebfad482: Started
2023-12-10 08:55:22,017 [main] INFO  http.BaseHttpServer (BaseHttpServer.java:newHttpServer2BuilderForOzone(223)) - Starting Web-server for scm at: http://0.0.0.0:15003
2023-12-10 08:55:22,018 [main] INFO  http.BaseHttpServer (BaseHttpServer.java:<init>(110)) - Hadoop Security Enabled: false Ozone Security Enabled: false Ozone HTTP Security Enabled: false 
2023-12-10 08:55:22,033 [main] INFO  util.log (Log.java:initialized(170)) - Logging initialized @3703ms to org.eclipse.jetty.util.log.Slf4jLog
2023-12-10 08:55:22,093 [main] WARN  server.AuthenticationFilter (AuthenticationFilter.java:constructSecretProvider(240)) - Unable to initialize FileSignerSecretProvider, falling back to use random secrets. Reason: Could not read signature secret file: /home/runner/hadoop-http-auth-signature-secret
2023-12-10 08:55:22,098 [main] INFO  http.HttpRequestLog (HttpRequestLog.java:getRequestLog(86)) - Http request log for http.requests.scm is not defined
2023-12-10 08:55:22,103 [main] INFO  http.HttpServer2 (HttpServer2.java:addGlobalFilter(1036)) - Added global filter 'safety' (class=org.apache.hadoop.hdds.server.http.HttpServer2$QuotingInputFilter)
2023-12-10 08:55:22,105 [main] INFO  http.HttpServer2 (HttpServer2.java:addFilter(1012)) - Added filter static_user_filter (class=org.apache.hadoop.http.lib.StaticUserWebFilter$StaticUserFilter) to context scm
2023-12-10 08:55:22,105 [main] INFO  http.HttpServer2 (HttpServer2.java:addFilter(1020)) - Added filter static_user_filter (class=org.apache.hadoop.http.lib.StaticUserWebFilter$StaticUserFilter) to context logs
2023-12-10 08:55:22,106 [main] INFO  http.HttpServer2 (HttpServer2.java:addFilter(1020)) - Added filter static_user_filter (class=org.apache.hadoop.http.lib.StaticUserWebFilter$StaticUserFilter) to context static
2023-12-10 08:55:22,130 [main] INFO  http.BaseHttpServer (BaseHttpServer.java:<init>(189)) - HTTP server of scm uses base directory /home/runner/work/ozone/ozone/hadoop-ozone/integration-test/target/test-dir/MiniOzoneClusterImpl-7f66dfcd-4d84-4460-b9fe-211923c7b7bb/ozone-meta/webserver
2023-12-10 08:55:22,131 [main] INFO  http.HttpServer2 (HttpServer2.java:bindListener(1236)) - Jetty bound to port 15003
2023-12-10 08:55:22,132 [main] INFO  server.Server (Server.java:doStart(375)) - jetty-9.4.53.v20231009; built: 2023-10-09T12:29:09.265Z; git: 27bde00a0b95a1d5bbee0eae7984f891d2d0f8c9; jvm 1.8.0_392-b08
2023-12-10 08:55:22,149 [main] INFO  server.session (DefaultSessionIdManager.java:doStart(334)) - DefaultSessionIdManager workerName=node0
2023-12-10 08:55:22,149 [main] INFO  server.session (DefaultSessionIdManager.java:doStart(339)) - No SessionScavenger set, using defaults
2023-12-10 08:55:22,150 [main] INFO  server.session (HouseKeeper.java:startScavenging(132)) - node0 Scavenging every 660000ms
2023-12-10 08:55:22,158 [main] INFO  handler.ContextHandler (ContextHandler.java:doStart(921)) - Started o.e.j.s.ServletContextHandler@659f5f32{logs,/logs,file:///home/runner/work/ozone/ozone/hadoop-ozone/integration-test/target/log,AVAILABLE}
2023-12-10 08:55:22,159 [main] INFO  handler.ContextHandler (ContextHandler.java:doStart(921)) - Started o.e.j.s.ServletContextHandler@210b4145{static,/static,file:///home/runner/work/ozone/ozone/hadoop-ozone/integration-test/target/test-classes/webapps/static,AVAILABLE}
2023-12-10 08:55:22,187 [main] INFO  handler.ContextHandler (ContextHandler.java:doStart(921)) - Started o.e.j.w.WebAppContext@10744fff{scm,/,file:///home/runner/work/ozone/ozone/hadoop-ozone/integration-test/target/test-classes/webapps/scm/,AVAILABLE}{file:/home/runner/work/ozone/ozone/hadoop-ozone/integration-test/target/test-classes/webapps/scm}
2023-12-10 08:55:22,192 [main] INFO  server.AbstractConnector (AbstractConnector.java:doStart(333)) - Started ServerConnector@63714a1{HTTP/1.1, (http/1.1)}{0.0.0.0:15003}
2023-12-10 08:55:22,193 [main] INFO  server.Server (Server.java:doStart(415)) - Started @3863ms
2023-12-10 08:55:22,194 [main] INFO  impl.MetricsSinkAdapter (MetricsSinkAdapter.java:start(204)) - Sink prometheus started
2023-12-10 08:55:22,195 [main] INFO  impl.MetricsSystemImpl (MetricsSystemImpl.java:registerSink(305)) - Registered sink prometheus
2023-12-10 08:55:22,196 [main] INFO  http.BaseHttpServer (BaseHttpServer.java:updateConnectorAddress(354)) - HTTP server of scm listening at http://0.0.0.0:15003
2023-12-10 08:55:22,198 [main] WARN  server.ServerUtils (ServerUtils.java:getDBPath(311)) - ozone.om.db.dirs is not configured. We recommend adding this setting. Falling back to ozone.metadata.dirs instead.
2023-12-10 08:55:22,235 [main] INFO  audit.AuditLogger (AuditLogger.java:refreshDebugCmdSet(130)) - Refresh DebugCmdSet for OMAudit to [].
2023-12-10 08:55:22,304 [main] INFO  ha.OMHANodeDetails (OMHANodeDetails.java:loadOMHAConfig(115)) - ozone.om.internal.service.id is not defined, falling back to ozone.om.service.ids to find serviceID for OzoneManager if it is HA enabled cluster
2023-12-10 08:55:22,307 [main] INFO  ha.OMHANodeDetails (OMHANodeDetails.java:loadOMHAConfig(226)) - Configuration does not have ozone.om.address set. Falling back to the default OM address /127.0.0.1:15004
2023-12-10 08:55:22,308 [main] INFO  ha.OMHANodeDetails (OMHANodeDetails.java:getOMNodeDetailsForNonHA(254)) - OM Service ID is not set. Setting it to the default ID: omServiceIdDefault
2023-12-10 08:55:22,308 [main] INFO  ha.OMHANodeDetails (OMHANodeDetails.java:getOMNodeDetailsForNonHA(261)) - OM Node ID is not set. Setting it to the default ID: om1
2023-12-10 08:55:22,311 [main] WARN  server.ServerUtils (ServerUtils.java:getDBPath(311)) - ozone.om.db.dirs is not configured. We recommend adding this setting. Falling back to ozone.metadata.dirs instead.
2023-12-10 08:55:22,315 [main] INFO  upgrade.AbstractLayoutVersionManager (AbstractLayoutVersionManager.java:init(83)) - Initializing Layout version manager with metadata layout = QUOTA (version = 6), software layout = QUOTA (version = 6)
2023-12-10 08:55:22,375 [main] INFO  reflections.Reflections (Reflections.java:scan(232)) - Reflections took 57 ms to scan 2 urls, producing 190 keys and 527 values [using 4 cores]
2023-12-10 08:55:22,378 [main] INFO  upgrade.OMLayoutVersionManager (OMLayoutVersionManager.java:lambda$0(115)) - Skipping Upgrade Action QuotaRepairUpgradeAction since it has been finalized.
2023-12-10 08:55:22,380 [main] INFO  upgrade.OMLayoutVersionManager (OMLayoutVersionManager.java:lambda$0(115)) - Skipping Upgrade Action MockOmUpgradeAction since it has been finalized.
2023-12-10 08:55:22,381 [main] WARN  server.ServerUtils (ServerUtils.java:getDBPath(311)) - ozone.om.db.dirs is not configured. We recommend adding this setting. Falling back to ozone.metadata.dirs instead.
2023-12-10 08:55:22,501 [main] INFO  proxy.SCMBlockLocationFailoverProxyProvider (SCMBlockLocationFailoverProxyProvider.java:<init>(115)) - Created block location fail-over proxy with 1 nodes: [nodeId=scmNodeId,nodeAddress=/0.0.0.0:15001]
2023-12-10 08:55:22,532 [main] INFO  proxy.SCMBlockLocationFailoverProxyProvider (SCMBlockLocationFailoverProxyProvider.java:<init>(115)) - Created block location fail-over proxy with 1 nodes: [nodeId=scmNodeId,nodeAddress=/0.0.0.0:15001]
2023-12-10 08:55:22,703 [main] INFO  om.OzoneManager (OzoneManager.java:<init>(674)) - OM start with adminUsers: [runner]
2023-12-10 08:55:22,720 [main] WARN  server.ServerUtils (ServerUtils.java:getDBPath(311)) - ozone.om.db.dirs is not configured. We recommend adding this setting. Falling back to ozone.metadata.dirs instead.
2023-12-10 08:55:22,746 [main] INFO  helpers.OmKeyInfo (OmKeyInfo.java:getCodec(71)) - OmKeyInfo.getCodec ignorePipeline = true
2023-12-10 08:55:22,976 [main] INFO  om.OzoneManager (OzoneManager.java:instantiateServices(808)) - S3 Multi-Tenancy is disabled
2023-12-10 08:55:23,013 [main] INFO  om.OmSnapshotManager (OmSnapshotManager.java:<init>(176)) - Ozone filesystem snapshot feature is enabled.
2023-12-10 08:55:23,020 [main] WARN  server.ServerUtils (ServerUtils.java:getDBPath(311)) - ozone.om.snapshot.diff.db.dir is not configured. We recommend adding this setting. Falling back to ozone.metadata.dirs instead.
2023-12-10 08:55:23,050 [main] INFO  utils.NativeLibraryLoader (NativeLibraryLoader.java:loadLibrary(108)) - Loading Library: ozone_rocksdb_tools
2023-12-10 08:55:23,051 [main] INFO  snapshot.SnapshotDiffManager (SnapshotDiffManager.java:closeExecutorService(1716)) - Shutting down executorService: 'SstDumpToolExecutor'
2023-12-10 08:55:23,094 [main] INFO  om.OzoneManager (OzoneManager.java:addS3GVolumeToDB(4448)) - Created Volume s3v With Owner runner required for S3Gateway operations.
2023-12-10 08:55:23,141 [main] WARN  server.ServerUtils (ServerUtils.java:getDefaultRatisDirectory(323)) - Storage directory for Ratis is not configured. It is a good idea to map this to an SSD disk. Falling back to ozone.metadata.dirs
2023-12-10 08:55:23,142 [main] WARN  utils.OzoneManagerRatisUtils (OzoneManagerRatisUtils.java:getOMRatisSnapshotDirectory(473)) - ozone.om.ratis.snapshot.dir is not configured. Falling back to ozone.metadata.dirs config
2023-12-10 08:55:23,152 [main] WARN  server.ServerUtils (ServerUtils.java:getDefaultRatisDirectory(323)) - Storage directory for Ratis is not configured. It is a good idea to map this to an SSD disk. Falling back to ozone.metadata.dirs
2023-12-10 08:55:23,167 [main] INFO  ratis.OzoneManagerRatisServer (OzoneManagerRatisServer.java:<init>(168)) - Instantiating OM Ratis server with groupID: omServiceIdDefault and peers: localhost:15007
2023-12-10 08:55:23,173 [main] INFO  ratis.OzoneManagerStateMachine (OzoneManagerStateMachine.java:loadSnapshotInfoFromDB(708)) - LastAppliedIndex is set from TransactionInfo from OM DB as (t:0, i:~)
2023-12-10 08:55:23,216 [main] INFO  server.RaftServer (ConfUtils.java:logGet(46)) - raft.rpc.type = GRPC (default)
2023-12-10 08:55:23,223 [main] INFO  grpc.GrpcConfigKeys (ConfUtils.java:logFallback(53)) - raft.grpc.admin.host = null (fallback to raft.grpc.server.host)
2023-12-10 08:55:23,224 [main] INFO  grpc.GrpcConfigKeys (ConfUtils.java:logFallback(53)) - raft.grpc.admin.port = 15007 (fallback to raft.grpc.server.port)
2023-12-10 08:55:23,224 [main] INFO  grpc.GrpcConfigKeys (ConfUtils.java:logFallback(53)) - raft.grpc.client.host = null (fallback to raft.grpc.server.host)
2023-12-10 08:55:23,225 [main] INFO  grpc.GrpcConfigKeys (ConfUtils.java:logFallback(53)) - raft.grpc.client.port = 15007 (fallback to raft.grpc.server.port)
2023-12-10 08:55:23,225 [main] INFO  grpc.GrpcConfigKeys (ConfUtils.java:logGet(46)) - raft.grpc.server.host = null (default)
2023-12-10 08:55:23,225 [main] INFO  grpc.GrpcConfigKeys (ConfUtils.java:logGet(46)) - raft.grpc.server.port = 15007 (custom)
2023-12-10 08:55:23,226 [main] INFO  server.GrpcService (ConfUtils.java:logGet(46)) - raft.grpc.message.size.max = 4194304 (custom)
2023-12-10 08:55:23,227 [main] INFO  server.RaftServerConfigKeys (ConfUtils.java:logGet(46)) - raft.server.log.appender.buffer.byte-limit = 4194304 (custom)
2023-12-10 08:55:23,227 [main] INFO  server.GrpcService (ConfUtils.java:logGet(46)) - raft.grpc.flow.control.window = 1MB (=1048576) (default)
2023-12-10 08:55:23,228 [main] INFO  server.RaftServerConfigKeys (ConfUtils.java:logGet(46)) - raft.server.rpc.request.timeout = 3000ms (default)
2023-12-10 08:55:23,234 [main] INFO  grpc.GrpcConfigKeys (ConfUtils.java:logGet(46)) - raft.grpc.server.heartbeat.channel = true (default)
2023-12-10 08:55:23,237 [main] INFO  grpc.GrpcConfigKeys (ConfUtils.java:logGet(46)) - raft.grpc.server.async.request.thread.pool.cached = true (default)
2023-12-10 08:55:23,237 [main] INFO  grpc.GrpcConfigKeys (ConfUtils.java:logGet(46)) - raft.grpc.server.async.request.thread.pool.size = 32 (default)
2023-12-10 08:55:23,487 [main] INFO  impl.DataStreamServerImpl (ConfUtils.java:logGet(46)) - raft.datastream.type = DISABLED (default)
2023-12-10 08:55:23,489 [main] INFO  server.RaftServerConfigKeys (ConfUtils.java:logGet(46)) - raft.server.sleep.deviation.threshold = 300ms (default)
2023-12-10 08:55:23,489 [main] INFO  server.RaftServerConfigKeys (ConfUtils.java:logGet(46)) - raft.server.close.threshold = 60s (default)
2023-12-10 08:55:23,490 [main] INFO  server.RaftServerConfigKeys (ConfUtils.java:logGet(46)) - raft.server.leaderelection.leader.step-down.wait-time = 10s (default)
2023-12-10 08:55:23,491 [main] INFO  server.RaftServerConfigKeys (ConfUtils.java:logGet(46)) - raft.server.storage.dir = [/home/runner/work/ozone/ozone/hadoop-ozone/integration-test/target/test-dir/MiniOzoneClusterImpl-7f66dfcd-4d84-4460-b9fe-211923c7b7bb/ozone-meta/ratis] (custom)
2023-12-10 08:55:23,492 [main] INFO  server.RaftServerConfigKeys (ConfUtils.java:logGet(46)) - raft.server.threadpool.proxy.cached = true (default)
2023-12-10 08:55:23,492 [main] INFO  server.RaftServerConfigKeys (ConfUtils.java:logGet(46)) - raft.server.threadpool.proxy.size = 0 (default)
2023-12-10 08:55:23,497 [main] INFO  server.RaftServer (RaftServerProxy.java:addNew(100)) - om1: addNew group-C5BA1605619E:[om1|localhost:15007] returns group-C5BA1605619E:java.util.concurrent.CompletableFuture@503e5a70[Not completed]
2023-12-10 08:55:23,497 [main] INFO  om.OzoneManager (OzoneManager.java:initializeRatisServer(2144)) - OzoneManager Ratis server initialized at port 15007
2023-12-10 08:55:23,500 [main] INFO  om.OzoneManager (OzoneManager.java:getRpcServer(1210)) - Creating RPC Server
2023-12-10 08:55:23,509 [om1-groupManagement] INFO  server.RaftServer$Division (RaftServerImpl.java:<init>(256)) - om1: new RaftServerImpl for group-C5BA1605619E:[om1|localhost:15007] with OzoneManagerStateMachine:uninitialized
2023-12-10 08:55:23,511 [om1-groupManagement] INFO  server.RaftServerConfigKeys (ConfUtils.java:logGet(46)) - raft.server.rpc.timeout.min = 1s (custom)
2023-12-10 08:55:23,512 [om1-groupManagement] INFO  server.RaftServerConfigKeys (ConfUtils.java:logGet(46)) - raft.server.rpc.timeout.max = 1200ms (custom)
2023-12-10 08:55:23,512 [om1-groupManagement] INFO  server.RaftServerConfigKeys (ConfUtils.java:logGet(46)) - raft.server.rpc.sleep.time = 25ms (default)
2023-12-10 08:55:23,513 [om1-groupManagement] INFO  server.RaftServerConfigKeys (ConfUtils.java:logGet(46)) - raft.server.rpc.slowness.timeout = 120s (custom)
2023-12-10 08:55:23,513 [om1-groupManagement] INFO  server.RaftServerConfigKeys (ConfUtils.java:logGet(46)) - raft.server.leaderelection.leader.step-down.wait-time = 10s (default)
2023-12-10 08:55:23,514 [om1-groupManagement] INFO  server.RaftServerConfigKeys (ConfUtils.java:logGet(46)) - raft.server.leaderelection.member.majority-add = false (default)
2023-12-10 08:55:23,514 [om1-groupManagement] INFO  server.RaftServerConfigKeys (ConfUtils.java:logGet(46)) - raft.server.sleep.deviation.threshold = 300ms (default)
2023-12-10 08:55:23,519 [om1-groupManagement] INFO  server.RaftServer$Division (ServerState.java:<init>(113)) - om1@group-C5BA1605619E: ConfigurationManager, init=-1: peers:[om1|localhost:15007]|listeners:[], old=null, confs=<EMPTY_MAP>
2023-12-10 08:55:23,525 [om1-groupManagement] INFO  server.RaftServerConfigKeys (ConfUtils.java:logGet(46)) - raft.server.notification.no-leader.timeout = 120s (custom)
2023-12-10 08:55:23,528 [om1-groupManagement] INFO  server.RaftServerConfigKeys (ConfUtils.java:logGet(46)) - raft.server.read.timeout = 10s (default)
2023-12-10 08:55:23,531 [om1-groupManagement] INFO  server.RaftServerConfigKeys (ConfUtils.java:logGet(46)) - raft.server.retrycache.expirytime = 300s (custom)
2023-12-10 08:55:23,531 [om1-groupManagement] INFO  server.RaftServerConfigKeys (ConfUtils.java:logGet(46)) - raft.server.retrycache.statistics.expirytime = 100ms (default)
2023-12-10 08:55:23,539 [om1-groupManagement] INFO  server.RaftServerConfigKeys (ConfUtils.java:logGet(46)) - raft.server.read.option = DEFAULT (default)
2023-12-10 08:55:23,540 [om1-groupManagement] INFO  server.RaftServerConfigKeys (ConfUtils.java:logGet(46)) - raft.server.read.read-after-write-consistent.write-index-cache.expiry-time = 60s (default)
2023-12-10 08:55:23,608 [om1-groupManagement] INFO  server.RaftServerConfigKeys (ConfUtils.java:logGet(46)) - raft.server.rpc.request.timeout = 3000ms (default)
2023-12-10 08:55:23,615 [om1-groupManagement] INFO  server.RaftServerConfigKeys (ConfUtils.java:logGet(46)) - raft.server.log.appender.install.snapshot.enabled = false (custom)
2023-12-10 08:55:23,615 [om1-groupManagement] INFO  server.RaftServerConfigKeys (ConfUtils.java:logGet(46)) - raft.server.threadpool.server.cached = true (default)
2023-12-10 08:55:23,616 [om1-groupManagement] INFO  server.RaftServerConfigKeys (ConfUtils.java:logGet(46)) - raft.server.threadpool.server.size = 0 (default)
2023-12-10 08:55:23,617 [om1-groupManagement] INFO  server.RaftServerConfigKeys (ConfUtils.java:logGet(46)) - raft.server.threadpool.client.cached = true (default)
2023-12-10 08:55:23,618 [om1-groupManagement] INFO  server.RaftServerConfigKeys (ConfUtils.java:logGet(46)) - raft.server.threadpool.client.size = 0 (default)
2023-12-10 08:55:24,123 [main] INFO  reflections.Reflections (Reflections.java:scan(232)) - Reflections took 581 ms to scan 20 urls, producing 71 keys and 6183 values [using 4 cores]
2023-12-10 08:55:24,280 [main] INFO  ipc.CallQueueManager (CallQueueManager.java:<init>(90)) - Using callQueue: class java.util.concurrent.LinkedBlockingQueue, queueCapacity: 2000, scheduler: class org.apache.hadoop.ipc.DefaultRpcScheduler, ipcBackoff: false.
2023-12-10 08:55:24,281 [main] INFO  ipc.Server (Server.java:<init>(1287)) - Listener at 127.0.0.1:15004
2023-12-10 08:55:24,281 [Socket Reader #1 for port 15004] INFO  ipc.Server (Server.java:run(1323)) - Starting Socket Reader #1 for port 15004
2023-12-10 08:55:24,310 [main] INFO  impl.MetricsSystemImpl (MetricsSystemImpl.java:init(158)) - OzoneManager metrics system started (again)
2023-12-10 08:55:24,322 [main] INFO  om.OzoneManager (OzoneManager.java:start(1632)) - OzoneManager RPC server is listening at localhost/127.0.0.1:15004
2023-12-10 08:55:24,323 [main] INFO  ratis.OzoneManagerRatisServer (OzoneManagerRatisServer.java:start(585)) - Starting OzoneManagerRatisServer om1 at port 15007
2023-12-10 08:55:24,326 [om1-impl-thread1] INFO  server.RaftServerConfigKeys (ConfUtils.java:logGet(46)) - raft.server.storage.free-space.min = 0MB (=0) (default)
2023-12-10 08:55:24,326 [om1-impl-thread1] INFO  server.RaftServerConfigKeys (ConfUtils.java:logGet(46)) - raft.server.log.corruption.policy = EXCEPTION (default)
2023-12-10 08:55:24,326 [om1-impl-thread1] INFO  server.RaftServerConfigKeys (ConfUtils.java:logGet(46)) - raft.server.storage.dir = [/home/runner/work/ozone/ozone/hadoop-ozone/integration-test/target/test-dir/MiniOzoneClusterImpl-7f66dfcd-4d84-4460-b9fe-211923c7b7bb/ozone-meta/ratis] (custom)
2023-12-10 08:55:24,330 [om1-impl-thread1] INFO  storage.RaftStorageDirectory (RaftStorageDirectoryImpl.java:analyzeStorage(138)) - The storage directory /home/runner/work/ozone/ozone/hadoop-ozone/integration-test/target/test-dir/MiniOzoneClusterImpl-7f66dfcd-4d84-4460-b9fe-211923c7b7bb/ozone-meta/ratis/bf265839-605b-3f16-9796-c5ba1605619e does not exist. Creating ...
2023-12-10 08:55:24,334 [om1-impl-thread1] INFO  storage.RaftStorageDirectory (RaftStorageDirectoryImpl.java:tryLock(232)) - Lock on /home/runner/work/ozone/ozone/hadoop-ozone/integration-test/target/test-dir/MiniOzoneClusterImpl-7f66dfcd-4d84-4460-b9fe-211923c7b7bb/ozone-meta/ratis/bf265839-605b-3f16-9796-c5ba1605619e/in_use.lock acquired by nodename 49456@fv-az1041-125
2023-12-10 08:55:24,341 [om1-impl-thread1] INFO  storage.RaftStorage (RaftStorageImpl.java:format(97)) - Storage directory /home/runner/work/ozone/ozone/hadoop-ozone/integration-test/target/test-dir/MiniOzoneClusterImpl-7f66dfcd-4d84-4460-b9fe-211923c7b7bb/ozone-meta/ratis/bf265839-605b-3f16-9796-c5ba1605619e has been successfully formatted.
2023-12-10 08:55:24,344 [om1-impl-thread1] INFO  server.RaftServerConfigKeys (ConfUtils.java:logGet(46)) - raft.server.log.use.memory = false (default)
2023-12-10 08:55:24,350 [om1-impl-thread1] INFO  server.RaftServerConfigKeys (ConfUtils.java:logGet(46)) - raft.server.log.purge.gap = 1000000 (custom)
2023-12-10 08:55:24,351 [om1-impl-thread1] INFO  server.RaftServerConfigKeys (ConfUtils.java:logGet(46)) - raft.server.log.appender.buffer.byte-limit = 4194304 (custom)
2023-12-10 08:55:24,352 [om1-impl-thread1] INFO  server.RaftServerConfigKeys (ConfUtils.java:logGet(46)) - raft.server.log.statemachine.data.read.timeout = 1000ms (default)
2023-12-10 08:55:24,352 [om1-impl-thread1] INFO  server.RaftServerConfigKeys (ConfUtils.java:logGet(46)) - raft.server.log.purge.preservation.log.num = 0 (default)
2023-12-10 08:55:24,356 [om1-impl-thread1] INFO  server.RaftServerConfigKeys (ConfUtils.java:logGet(46)) - raft.server.log.segment.size.max = 4194304 (custom)
2023-12-10 08:55:24,361 [om1-impl-thread1] INFO  server.RaftServerConfigKeys (ConfUtils.java:logGet(46)) - raft.server.log.segment.cache.num.max = 2 (custom)
2023-12-10 08:55:24,361 [om1-impl-thread1] INFO  server.RaftServerConfigKeys (ConfUtils.java:logGet(46)) - raft.server.log.segment.cache.size.max = 200MB (=209715200) (default)
2023-12-10 08:55:24,361 [om1-impl-thread1] INFO  server.RaftServerConfigKeys (ConfUtils.java:logGet(46)) - raft.server.log.appender.buffer.byte-limit = 4194304 (custom)
2023-12-10 08:55:24,363 [om1-impl-thread1] INFO  util.AwaitToRun (AwaitToRun.java:start(81)) - Thread[om1@group-C5BA1605619E-cacheEviction-AwaitToRun,5,main] started
2023-12-10 08:55:24,367 [om1-impl-thread1] INFO  segmented.SegmentedRaftLogWorker (SegmentedRaftLogWorker.java:<init>(184)) - new om1@group-C5BA1605619E-SegmentedRaftLogWorker for RaftStorageImpl:Storage Directory /home/runner/work/ozone/ozone/hadoop-ozone/integration-test/target/test-dir/MiniOzoneClusterImpl-7f66dfcd-4d84-4460-b9fe-211923c7b7bb/ozone-meta/ratis/bf265839-605b-3f16-9796-c5ba1605619e
2023-12-10 08:55:24,367 [om1-impl-thread1] INFO  server.RaftServerConfigKeys (ConfUtils.java:logGet(46)) - raft.server.log.queue.byte-limit = 64MB (=67108864) (default)
2023-12-10 08:55:24,367 [om1-impl-thread1] INFO  server.RaftServerConfigKeys (ConfUtils.java:logGet(46)) - raft.server.log.queue.element-limit = 4096 (default)
2023-12-10 08:55:24,369 [om1-impl-thread1] INFO  server.RaftServerConfigKeys (ConfUtils.java:logGet(46)) - raft.server.log.segment.size.max = 4194304 (custom)
2023-12-10 08:55:24,369 [om1-impl-thread1] INFO  server.RaftServerConfigKeys (ConfUtils.java:logGet(46)) - raft.server.log.preallocated.size = 4194304 (custom)
2023-12-10 08:55:24,369 [om1-impl-thread1] INFO  server.RaftServerConfigKeys (ConfUtils.java:logGet(46)) - raft.server.log.force.sync.num = 128 (default)
2023-12-10 08:55:24,370 [om1-impl-thread1] INFO  server.RaftServerConfigKeys (ConfUtils.java:logGet(46)) - raft.server.log.statemachine.data.sync = true (default)
2023-12-10 08:55:24,370 [om1-impl-thread1] INFO  server.RaftServerConfigKeys (ConfUtils.java:logGet(46)) - raft.server.log.statemachine.data.sync.timeout = 10s (default)
2023-12-10 08:55:24,371 [om1-impl-thread1] INFO  server.RaftServerConfigKeys (ConfUtils.java:logGet(46)) - raft.server.log.statemachine.data.sync.timeout.retry = -1 (default)
2023-12-10 08:55:24,372 [om1-impl-thread1] INFO  server.RaftServerConfigKeys (ConfUtils.java:logGet(46)) - raft.server.log.write.buffer.size = 4194312 (custom)
2023-12-10 08:55:24,374 [om1-impl-thread1] INFO  server.RaftServerConfigKeys (ConfUtils.java:logGet(46)) - raft.server.log.appender.buffer.byte-limit = 4194304 (custom)
2023-12-10 08:55:24,374 [om1-impl-thread1] INFO  server.RaftServerConfigKeys (ConfUtils.java:logGet(46)) - raft.server.log.unsafe-flush.enabled = false (default)
2023-12-10 08:55:24,374 [om1-impl-thread1] INFO  server.RaftServerConfigKeys (ConfUtils.java:logGet(46)) - raft.server.log.async-flush.enabled = false (default)
2023-12-10 08:55:24,375 [om1-impl-thread1] INFO  server.RaftServerConfigKeys (ConfUtils.java:logGet(46)) - raft.server.log.statemachine.data.caching.enabled = false (default)
2023-12-10 08:55:24,379 [om1-impl-thread1] INFO  segmented.SegmentedRaftLogWorker (SegmentedRaftLogWorker.java:lambda$new$0(135)) - om1@group-C5BA1605619E-SegmentedRaftLogWorker: flushIndex: setUnconditionally 0 -> -1
2023-12-10 08:55:24,379 [om1-impl-thread1] INFO  segmented.SegmentedRaftLogWorker (SegmentedRaftLogWorker.java:lambda$new$0(135)) - om1@group-C5BA1605619E-SegmentedRaftLogWorker: safeCacheEvictIndex: setUnconditionally 0 -> -1
2023-12-10 08:55:24,383 [om1-impl-thread1] INFO  server.RaftServer$Division (RaftServerImpl.java:start(392)) - om1@group-C5BA1605619E: start as a follower, conf=-1: peers:[om1|localhost:15007]|listeners:[], old=null
2023-12-10 08:55:24,383 [om1-impl-thread1] INFO  server.RaftServer$Division (RaftServerImpl.java:setRole(379)) - om1@group-C5BA1605619E: changes role from      null to FOLLOWER at term 0 for startAsFollower
2023-12-10 08:55:24,384 [om1-impl-thread1] INFO  impl.RoleInfo (RoleInfo.java:updateAndGet(139)) - om1: start om1@group-C5BA1605619E-FollowerState
2023-12-10 08:55:24,386 [om1-impl-thread1] INFO  util.JmxRegister (JmxRegister.java:tryRegister(44)) - Successfully registered JMX Bean with object name Ratis:service=RaftServer,group=group-C5BA1605619E,id=om1
2023-12-10 08:55:24,387 [om1-impl-thread1] INFO  server.RaftServerConfigKeys (ConfUtils.java:logGet(46)) - raft.server.snapshot.trigger-when-stop.enabled = true (default)
2023-12-10 08:55:24,388 [om1-impl-thread1] INFO  server.RaftServerConfigKeys (ConfUtils.java:logGet(46)) - raft.server.snapshot.auto.trigger.enabled = true (custom)
2023-12-10 08:55:24,388 [om1-impl-thread1] INFO  server.RaftServerConfigKeys (ConfUtils.java:logGet(46)) - raft.server.snapshot.auto.trigger.threshold = 400000 (default)
2023-12-10 08:55:24,388 [om1-impl-thread1] INFO  server.RaftServerConfigKeys (ConfUtils.java:logGet(46)) - raft.server.snapshot.retention.file.num = -1 (default)
2023-12-10 08:55:24,389 [om1-impl-thread1] INFO  server.RaftServerConfigKeys (ConfUtils.java:logGet(46)) - raft.server.log.purge.upto.snapshot.index = true (custom)
2023-12-10 08:55:24,392 [om1@group-C5BA1605619E-FollowerState] INFO  server.RaftServerConfigKeys (ConfUtils.java:logFallback(53)) - raft.server.rpc.first-election.timeout.min = 1s (fallback to raft.server.rpc.timeout.min)
2023-12-10 08:55:24,392 [om1@group-C5BA1605619E-FollowerState] INFO  server.RaftServerConfigKeys (ConfUtils.java:logFallback(53)) - raft.server.rpc.first-election.timeout.max = 1200ms (fallback to raft.server.rpc.timeout.max)
2023-12-10 08:55:24,394 [main] INFO  server.RaftServer (RaftServerProxy.java:startImpl(406)) - om1: start RPC server
2023-12-10 08:55:24,427 [main] INFO  server.GrpcService (GrpcService.java:startImpl(302)) - om1: GrpcService started, listening on 15007
2023-12-10 08:55:24,427 [JvmPauseMonitor1] INFO  util.JvmPauseMonitor (JvmPauseMonitor.java:run(146)) - JvmPauseMonitor-om1: Started
2023-12-10 08:55:24,428 [main] INFO  om.OzoneManager (OzoneManager.java:start(1648)) - Version File has different layout version (6) than OM DB (null). That is expected if this OM has never been finalized to a newer layout version.
2023-12-10 08:55:24,439 [main] INFO  http.BaseHttpServer (BaseHttpServer.java:newHttpServer2BuilderForOzone(223)) - Starting Web-server for ozoneManager at: http://0.0.0.0:15005
2023-12-10 08:55:24,439 [main] INFO  http.BaseHttpServer (BaseHttpServer.java:<init>(110)) - Hadoop Security Enabled: false Ozone Security Enabled: false Ozone HTTP Security Enabled: false 
2023-12-10 08:55:24,441 [main] WARN  server.AuthenticationFilter (AuthenticationFilter.java:constructSecretProvider(240)) - Unable to initialize FileSignerSecretProvider, falling back to use random secrets. Reason: Could not read signature secret file: /home/runner/hadoop-http-auth-signature-secret
2023-12-10 08:55:24,442 [main] INFO  http.HttpRequestLog (HttpRequestLog.java:getRequestLog(86)) - Http request log for http.requests.ozoneManager is not defined
2023-12-10 08:55:24,443 [main] INFO  http.HttpServer2 (HttpServer2.java:addGlobalFilter(1036)) - Added global filter 'safety' (class=org.apache.hadoop.hdds.server.http.HttpServer2$QuotingInputFilter)
2023-12-10 08:55:24,444 [main] INFO  http.HttpServer2 (HttpServer2.java:addFilter(1012)) - Added filter static_user_filter (class=org.apache.hadoop.http.lib.StaticUserWebFilter$StaticUserFilter) to context ozoneManager
2023-12-10 08:55:24,444 [main] INFO  http.HttpServer2 (HttpServer2.java:addFilter(1020)) - Added filter static_user_filter (class=org.apache.hadoop.http.lib.StaticUserWebFilter$StaticUserFilter) to context logs
2023-12-10 08:55:24,444 [main] INFO  http.HttpServer2 (HttpServer2.java:addFilter(1020)) - Added filter static_user_filter (class=org.apache.hadoop.http.lib.StaticUserWebFilter$StaticUserFilter) to context static
2023-12-10 08:55:24,445 [main] INFO  http.BaseHttpServer (BaseHttpServer.java:<init>(189)) - HTTP server of ozoneManager uses base directory /home/runner/work/ozone/ozone/hadoop-ozone/integration-test/target/test-dir/MiniOzoneClusterImpl-7f66dfcd-4d84-4460-b9fe-211923c7b7bb/ozone-meta/webserver
2023-12-10 08:55:24,447 [main] INFO  http.HttpServer2 (HttpServer2.java:bindListener(1236)) - Jetty bound to port 15005
2023-12-10 08:55:24,448 [main] INFO  server.Server (Server.java:doStart(375)) - jetty-9.4.53.v20231009; built: 2023-10-09T12:29:09.265Z; git: 27bde00a0b95a1d5bbee0eae7984f891d2d0f8c9; jvm 1.8.0_392-b08
2023-12-10 08:55:24,449 [main] INFO  server.session (DefaultSessionIdManager.java:doStart(334)) - DefaultSessionIdManager workerName=node0
2023-12-10 08:55:24,449 [main] INFO  server.session (DefaultSessionIdManager.java:doStart(339)) - No SessionScavenger set, using defaults
2023-12-10 08:55:24,450 [main] INFO  server.session (HouseKeeper.java:startScavenging(132)) - node0 Scavenging every 600000ms
2023-12-10 08:55:24,450 [main] INFO  handler.ContextHandler (ContextHandler.java:doStart(921)) - Started o.e.j.s.ServletContextHandler@3de49870{logs,/logs,file:///home/runner/work/ozone/ozone/hadoop-ozone/integration-test/target/log,AVAILABLE}
2023-12-10 08:55:24,451 [main] INFO  handler.ContextHandler (ContextHandler.java:doStart(921)) - Started o.e.j.s.ServletContextHandler@6b05a1fd{static,/static,file:///home/runner/work/ozone/ozone/hadoop-ozone/integration-test/target/test-classes/webapps/static,AVAILABLE}
2023-12-10 08:55:24,454 [main] INFO  handler.ContextHandler (ContextHandler.java:doStart(921)) - Started o.e.j.w.WebAppContext@7c215c9d{ozoneManager,/,file:///home/runner/work/ozone/ozone/hadoop-ozone/integration-test/target/test-classes/webapps/ozoneManager/,AVAILABLE}{file:/home/runner/work/ozone/ozone/hadoop-ozone/integration-test/target/test-classes/webapps/ozoneManager}
2023-12-10 08:55:24,455 [main] INFO  server.AbstractConnector (AbstractConnector.java:doStart(333)) - Started ServerConnector@57e52459{HTTP/1.1, (http/1.1)}{0.0.0.0:15005}
2023-12-10 08:55:24,456 [main] INFO  server.Server (Server.java:doStart(415)) - Started @6127ms
2023-12-10 08:55:24,457 [main] WARN  impl.MetricsSystemImpl (MetricsSystemImpl.java:register(279)) - Sink prometheus already exists!
2023-12-10 08:55:24,458 [main] INFO  http.BaseHttpServer (BaseHttpServer.java:updateConnectorAddress(354)) - HTTP server of ozoneManager listening at http://0.0.0.0:15005
2023-12-10 08:55:24,458 [IPC Server Responder] INFO  ipc.Server (Server.java:run(1562)) - IPC Server Responder: starting
2023-12-10 08:55:24,458 [IPC Server listener on 15004] INFO  ipc.Server (Server.java:run(1402)) - IPC Server listener on 15004: starting
2023-12-10 08:55:24,469 [main] INFO  om.OzoneManager (OzoneManager.java:startTrashEmptier(2097)) - Trash Interval set to 0. Files deleted won't move to trash
2023-12-10 08:55:24,601 [main] INFO  db.CodecBuffer (CodecBuffer.java:set(62)) - Successfully set constructor to org.apache.hadoop.hdds.utils.db.CodecBuffer$$Lambda$939/1931960266@67b056e7
2023-12-10 08:55:24,601 [main] WARN  dropwizard3.Dm3MetricRegistriesImpl (Dm3MetricRegistriesImpl.java:addReporterRegistration(113)) - New reporters are added after registries were created. Some metrics will be missing from the reporter. Please add reporter before adding any new registry.
2023-12-10 08:55:24,602 [main] WARN  dropwizard3.Dm3MetricRegistriesImpl (Dm3MetricRegistriesImpl.java:addReporterRegistration(113)) - New reporters are added after registries were created. Some metrics will be missing from the reporter. Please add reporter before adding any new registry.
2023-12-10 08:55:24,602 [main] INFO  impl.MetricsSystemImpl (MetricsSystemImpl.java:init(158)) - HddsDatanode metrics system started (again)
2023-12-10 08:55:24,616 [main] INFO  ozone.HddsDatanodeService (HddsDatanodeService.java:start(239)) - HddsDatanodeService host:fv-az1041-125 ip:10.1.0.29
2023-12-10 08:55:24,640 [main] INFO  upgrade.AbstractLayoutVersionManager (AbstractLayoutVersionManager.java:init(83)) - Initializing Layout version manager with metadata layout = HADOOP_PRC_PORTS_IN_DATANODEDETAILS (version = 7), software layout = HADOOP_PRC_PORTS_IN_DATANODEDETAILS (version = 7)
2023-12-10 08:55:24,641 [main] INFO  statemachine.DatanodeStateMachine (DatanodeStateMachine.java:getEndPointTaskThreadPoolSize(299)) - Datanode State Machine Task Thread Pool size 2
2023-12-10 08:55:24,687 [main] INFO  volume.HddsVolume (HddsVolume.java:<init>(126)) - Creating HddsVolume: /home/runner/work/ozone/ozone/hadoop-ozone/integration-test/target/test-dir/MiniOzoneClusterImpl-7f66dfcd-4d84-4460-b9fe-211923c7b7bb/datanode-0/data-0/containers/hdds of storage type : DISK capacity : 9223372036854775807
2023-12-10 08:55:24,689 [main] INFO  volume.MutableVolumeSet (MutableVolumeSet.java:initializeVolumeSet(173)) - Added Volume : /home/runner/work/ozone/ozone/hadoop-ozone/integration-test/target/test-dir/MiniOzoneClusterImpl-7f66dfcd-4d84-4460-b9fe-211923c7b7bb/datanode-0/data-0/containers/hdds to VolumeSet
2023-12-10 08:55:24,692 [main] INFO  volume.MutableVolumeSet (MutableVolumeSet.java:initializeVolumeSet(173)) - Added Volume : /home/runner/work/ozone/ozone/hadoop-ozone/integration-test/target/test-dir/MiniOzoneClusterImpl-7f66dfcd-4d84-4460-b9fe-211923c7b7bb/datanode-0/data/ratis to VolumeSet
2023-12-10 08:55:24,695 [main] INFO  ozoneimpl.OzoneContainer (HddsVolumeUtil.java:loadAllHddsVolumeDbStore(103)) - Load 1 volumes DbStore cost: 1ms
2023-12-10 08:55:24,701 [ceafc0c7-af9d-4de4-ae81-ea841051c606-ContainerReader-0] INFO  ozoneimpl.ContainerReader (ContainerReader.java:readVolume(177)) - Finish verifying containers on volume /home/runner/work/ozone/ozone/hadoop-ozone/integration-test/target/test-dir/MiniOzoneClusterImpl-7f66dfcd-4d84-4460-b9fe-211923c7b7bb/datanode-0/data-0/containers/hdds
2023-12-10 08:55:24,701 [main] INFO  ozoneimpl.OzoneContainer (OzoneContainer.java:buildContainerSet(326)) - Build ContainerSet costs 0s
2023-12-10 08:55:24,735 [main] INFO  audit.AuditLogger (AuditLogger.java:refreshDebugCmdSet(130)) - Refresh DebugCmdSet for DNAudit to [].
2023-12-10 08:55:24,755 [main] INFO  server.RaftServer (ConfUtils.java:logGet(46)) - raft.rpc.type = GRPC (default)
2023-12-10 08:55:24,756 [main] INFO  grpc.GrpcConfigKeys (ConfUtils.java:logFallback(53)) - raft.grpc.admin.host = null (fallback to raft.grpc.server.host)
2023-12-10 08:55:24,756 [main] INFO  grpc.GrpcConfigKeys (ConfUtils.java:logGet(46)) - raft.grpc.admin.port = 15013 (custom)
2023-12-10 08:55:24,756 [main] INFO  grpc.GrpcConfigKeys (ConfUtils.java:logFallback(53)) - raft.grpc.client.host = null (fallback to raft.grpc.server.host)
2023-12-10 08:55:24,756 [main] INFO  grpc.GrpcConfigKeys (ConfUtils.java:logGet(46)) - raft.grpc.client.port = 15012 (custom)
2023-12-10 08:55:24,757 [main] INFO  grpc.GrpcConfigKeys (ConfUtils.java:logGet(46)) - raft.grpc.server.host = null (default)
2023-12-10 08:55:24,757 [main] INFO  grpc.GrpcConfigKeys (ConfUtils.java:logGet(46)) - raft.grpc.server.port = 15014 (custom)
2023-12-10 08:55:24,757 [main] INFO  server.GrpcService (ConfUtils.java:logGet(46)) - raft.grpc.message.size.max = 32MB (=33554432) (custom)
2023-12-10 08:55:24,757 [main] INFO  server.RaftServerConfigKeys (ConfUtils.java:logGet(46)) - raft.server.log.appender.buffer.byte-limit = 8388608 (custom)
2023-12-10 08:55:24,757 [main] INFO  server.GrpcService (ConfUtils.java:logGet(46)) - raft.grpc.flow.control.window = 5MB (=5242880) (custom)
2023-12-10 08:55:24,758 [main] INFO  server.RaftServerConfigKeys (ConfUtils.java:logGet(46)) - raft.server.rpc.request.timeout = 60s (custom)
2023-12-10 08:55:24,758 [main] INFO  grpc.GrpcConfigKeys (ConfUtils.java:logGet(46)) - raft.grpc.server.heartbeat.channel = true (default)
2023-12-10 08:55:24,758 [main] INFO  grpc.GrpcConfigKeys (ConfUtils.java:logGet(46)) - raft.grpc.server.async.request.thread.pool.cached = true (default)
2023-12-10 08:55:24,758 [main] INFO  grpc.GrpcConfigKeys (ConfUtils.java:logGet(46)) - raft.grpc.server.async.request.thread.pool.size = 32 (default)
2023-12-10 08:55:24,760 [main] INFO  impl.DataStreamServerImpl (ConfUtils.java:logGet(46)) - raft.datastream.type = NETTY (custom)
2023-12-10 08:55:24,770 [main] INFO  server.RaftServerConfigKeys (ConfUtils.java:logGet(46)) - raft.server.data-stream.async.request.thread.pool.cached = false (default)
2023-12-10 08:55:24,770 [main] INFO  server.RaftServerConfigKeys (ConfUtils.java:logGet(46)) - raft.server.data-stream.async.request.thread.pool.size = 20 (custom)
2023-12-10 08:55:24,771 [main] INFO  server.RaftServerConfigKeys (ConfUtils.java:logGet(46)) - raft.server.data-stream.async.write.thread.pool.size = 16 (default)
2023-12-10 08:55:24,772 [main] INFO  netty.NettyConfigKeys$DataStream (ConfUtils.java:logGet(46)) - raft.netty.dataStream.server.channel.inactive.grace-period = 10min (default)
2023-12-10 08:55:24,772 [main] INFO  server.RaftServerConfigKeys (ConfUtils.java:logGet(46)) - raft.server.data-stream.client.pool.size = 10 (default)
2023-12-10 08:55:24,774 [main] INFO  netty.NettyConfigKeys$DataStream (ConfUtils.java:logGet(46)) - raft.netty.dataStream.server.use-epoll = true (default)
2023-12-10 08:55:24,774 [main] INFO  netty.NettyConfigKeys$DataStream (ConfUtils.java:logGet(46)) - raft.netty.dataStream.server.boss-group.size = 0 (default)
2023-12-10 08:55:24,775 [main] INFO  netty.NettyUtils (NettyUtils.java:newEventLoopGroup(69)) - Create EpollEventLoopGroup for ceafc0c7-af9d-4de4-ae81-ea841051c606-NettyServerStreamRpc-bossGroup; Thread size is 0.
2023-12-10 08:55:24,806 [main] INFO  netty.NettyConfigKeys$DataStream (ConfUtils.java:logGet(46)) - raft.netty.dataStream.server.worker-group.size = 0 (default)
2023-12-10 08:55:24,807 [main] INFO  netty.NettyUtils (NettyUtils.java:newEventLoopGroup(69)) - Create EpollEventLoopGroup for ceafc0c7-af9d-4de4-ae81-ea841051c606-NettyServerStreamRpc-workerGroup; Thread size is 0.
2023-12-10 08:55:24,808 [main] INFO  netty.NettyConfigKeys$DataStream (ConfUtils.java:logGet(46)) - raft.netty.dataStream.server.tls.conf = null (default)
2023-12-10 08:55:24,809 [main] INFO  netty.NettyConfigKeys$DataStream (ConfUtils.java:logGet(46)) - raft.netty.dataStream.host = null (default)
2023-12-10 08:55:24,809 [main] INFO  netty.NettyConfigKeys$DataStream (ConfUtils.java:logGet(46)) - raft.netty.dataStream.port = 15015 (custom)
2023-12-10 08:55:24,812 [main] INFO  server.RaftServerConfigKeys (ConfUtils.java:logGet(46)) - raft.server.sleep.deviation.threshold = 300ms (default)
2023-12-10 08:55:24,813 [main] INFO  server.RaftServerConfigKeys (ConfUtils.java:logGet(46)) - raft.server.close.threshold = 60s (default)
2023-12-10 08:55:24,813 [main] INFO  server.RaftServerConfigKeys (ConfUtils.java:logGet(46)) - raft.server.leaderelection.leader.step-down.wait-time = 10s (default)
2023-12-10 08:55:24,813 [main] INFO  server.RaftServerConfigKeys (ConfUtils.java:logGet(46)) - raft.server.storage.dir = [/home/runner/work/ozone/ozone/hadoop-ozone/integration-test/target/test-dir/MiniOzoneClusterImpl-7f66dfcd-4d84-4460-b9fe-211923c7b7bb/datanode-0/data/ratis] (custom)
2023-12-10 08:55:24,813 [main] INFO  server.RaftServerConfigKeys (ConfUtils.java:logGet(46)) - raft.server.threadpool.proxy.cached = true (default)
2023-12-10 08:55:24,814 [main] INFO  server.RaftServerConfigKeys (ConfUtils.java:logGet(46)) - raft.server.threadpool.proxy.size = 0 (default)
2023-12-10 08:55:24,814 [ceafc0c7-af9d-4de4-ae81-ea841051c606-impl-thread1] INFO  server.RaftServer (RaftServerProxy.java:initGroupDir(264)) - ceafc0c7-af9d-4de4-ae81-ea841051c606: found a subdirectory /home/runner/work/ozone/ozone/hadoop-ozone/integration-test/target/test-dir/MiniOzoneClusterImpl-7f66dfcd-4d84-4460-b9fe-211923c7b7bb/datanode-0/data/ratis/tmp
2023-12-10 08:55:24,815 [ceafc0c7-af9d-4de4-ae81-ea841051c606-impl-thread1] INFO  server.RaftServer (RaftServerProxy.java:initGroupDir(269)) - ceafc0c7-af9d-4de4-ae81-ea841051c606: The directory /home/runner/work/ozone/ozone/hadoop-ozone/integration-test/target/test-dir/MiniOzoneClusterImpl-7f66dfcd-4d84-4460-b9fe-211923c7b7bb/datanode-0/data/ratis/tmp is not a group directory; ignoring it. 
2023-12-10 08:55:24,817 [main] INFO  replication.ReplicationServer (ReplicationServer.java:<init>(85)) - Initializing replication server with thread count = 10 queue length = 4096
2023-12-10 08:55:24,821 [ceafc0c7-af9d-4de4-ae81-ea841051c606-NettyServerStreamRpc-bossGroup--thread1] INFO  logging.LoggingHandler (AbstractInternalLogger.java:log(148)) - [id: 0xa466e91b] REGISTERED
2023-12-10 08:55:24,821 [ceafc0c7-af9d-4de4-ae81-ea841051c606-NettyServerStreamRpc-bossGroup--thread1] INFO  logging.LoggingHandler (AbstractInternalLogger.java:log(148)) - [id: 0xa466e91b] BIND: 0.0.0.0/0.0.0.0:15015
2023-12-10 08:55:24,821 [ceafc0c7-af9d-4de4-ae81-ea841051c606-NettyServerStreamRpc-bossGroup--thread1] INFO  logging.LoggingHandler (AbstractInternalLogger.java:log(148)) - [id: 0xa466e91b, L:/0.0.0.0:15015] ACTIVE
2023-12-10 08:55:24,831 [main] INFO  server.XceiverServerGrpc (XceiverServerGrpc.java:<init>(141)) - GrpcServer channel type EpollServerSocketChannel
2023-12-10 08:55:24,858 [main] INFO  replication.ReplicationSupervisor (ReplicationSupervisor.java:build(163)) - Initializing replication supervisor with thread count = 10
2023-12-10 08:55:24,859 [main] INFO  replication.ReplicationSupervisor (ReplicationSupervisor.java:nodeStateUpdated(317)) - Node state updated to IN_SERVICE, scaling executor pool size to 10
2023-12-10 08:55:24,897 [main] INFO  http.BaseHttpServer (BaseHttpServer.java:newHttpServer2BuilderForOzone(223)) - Starting Web-server for hddsDatanode at: http://0.0.0.0:15009
2023-12-10 08:55:24,897 [main] INFO  http.BaseHttpServer (BaseHttpServer.java:<init>(110)) - Hadoop Security Enabled: false Ozone Security Enabled: false Ozone HTTP Security Enabled: false 
2023-12-10 08:55:24,899 [main] WARN  server.AuthenticationFilter (AuthenticationFilter.java:constructSecretProvider(240)) - Unable to initialize FileSignerSecretProvider, falling back to use random secrets. Reason: Could not read signature secret file: /home/runner/hadoop-http-auth-signature-secret
2023-12-10 08:55:24,900 [main] INFO  http.HttpRequestLog (HttpRequestLog.java:getRequestLog(86)) - Http request log for http.requests.hddsDatanode is not defined
2023-12-10 08:55:24,901 [main] INFO  http.HttpServer2 (HttpServer2.java:addGlobalFilter(1036)) - Added global filter 'safety' (class=org.apache.hadoop.hdds.server.http.HttpServer2$QuotingInputFilter)
2023-12-10 08:55:24,902 [main] INFO  http.HttpServer2 (HttpServer2.java:addFilter(1012)) - Added filter static_user_filter (class=org.apache.hadoop.http.lib.StaticUserWebFilter$StaticUserFilter) to context hddsDatanode
2023-12-10 08:55:24,902 [main] INFO  http.HttpServer2 (HttpServer2.java:addFilter(1020)) - Added filter static_user_filter (class=org.apache.hadoop.http.lib.StaticUserWebFilter$StaticUserFilter) to context static
2023-12-10 08:55:24,902 [main] INFO  http.HttpServer2 (HttpServer2.java:addFilter(1020)) - Added filter static_user_filter (class=org.apache.hadoop.http.lib.StaticUserWebFilter$StaticUserFilter) to context logs
2023-12-10 08:55:24,903 [main] INFO  http.BaseHttpServer (BaseHttpServer.java:<init>(189)) - HTTP server of hddsDatanode uses base directory /home/runner/work/ozone/ozone/hadoop-ozone/integration-test/target/test-dir/MiniOzoneClusterImpl-7f66dfcd-4d84-4460-b9fe-211923c7b7bb/datanode-0/meta/webserver
2023-12-10 08:55:24,903 [main] INFO  http.HttpServer2 (HttpServer2.java:bindListener(1236)) - Jetty bound to port 15009
2023-12-10 08:55:24,904 [main] INFO  server.Server (Server.java:doStart(375)) - jetty-9.4.53.v20231009; built: 2023-10-09T12:29:09.265Z; git: 27bde00a0b95a1d5bbee0eae7984f891d2d0f8c9; jvm 1.8.0_392-b08
2023-12-10 08:55:24,908 [main] INFO  server.session (DefaultSessionIdManager.java:doStart(334)) - DefaultSessionIdManager workerName=node0
2023-12-10 08:55:24,908 [main] INFO  server.session (DefaultSessionIdManager.java:doStart(339)) - No SessionScavenger set, using defaults
2023-12-10 08:55:24,908 [main] INFO  server.session (HouseKeeper.java:startScavenging(132)) - node0 Scavenging every 660000ms
2023-12-10 08:55:24,909 [main] INFO  handler.ContextHandler (ContextHandler.java:doStart(921)) - Started o.e.j.s.ServletContextHandler@4ad9d52{logs,/logs,file:///home/runner/work/ozone/ozone/hadoop-ozone/integration-test/target/log,AVAILABLE}
2023-12-10 08:55:24,910 [main] INFO  handler.ContextHandler (ContextHandler.java:doStart(921)) - Started o.e.j.s.ServletContextHandler@2c78e1a2{static,/static,jar:file:/home/runner/.m2/repository/org/apache/ozone/hdds-container-service/1.4.0-SNAPSHOT/hdds-container-service-1.4.0-SNAPSHOT.jar!/webapps/static,AVAILABLE}
2023-12-10 08:55:24,952 [main] INFO  handler.ContextHandler (ContextHandler.java:doStart(921)) - Started o.e.j.w.WebAppContext@669638a1{hddsDatanode,/,file:///home/runner/work/ozone/ozone/hadoop-ozone/integration-test/target/test-dir/MiniOzoneClusterImpl-7f66dfcd-4d84-4460-b9fe-211923c7b7bb/datanode-0/meta/webserver/jetty-0_0_0_0-15009-hdds-container-service-1_4_0-SNAPSHOT_jar-_-any-2185831836265944224/webapp/,AVAILABLE}{jar:file:/home/runner/.m2/repository/org/apache/ozone/hdds-container-service/1.4.0-SNAPSHOT/hdds-container-service-1.4.0-SNAPSHOT.jar!/webapps/hddsDatanode}
2023-12-10 08:55:24,954 [main] INFO  server.AbstractConnector (AbstractConnector.java:doStart(333)) - Started ServerConnector@69fbf4a3{HTTP/1.1, (http/1.1)}{0.0.0.0:15009}
2023-12-10 08:55:24,954 [main] INFO  server.Server (Server.java:doStart(415)) - Started @6625ms
2023-12-10 08:55:24,954 [main] WARN  impl.MetricsSystemImpl (MetricsSystemImpl.java:register(279)) - Sink prometheus already exists!
2023-12-10 08:55:24,955 [main] INFO  http.BaseHttpServer (BaseHttpServer.java:updateConnectorAddress(354)) - HTTP server of hddsDatanode listening at http://0.0.0.0:15009
2023-12-10 08:55:24,957 [main] INFO  ipc.CallQueueManager (CallQueueManager.java:<init>(90)) - Using callQueue: class java.util.concurrent.LinkedBlockingQueue, queueCapacity: 100, scheduler: class org.apache.hadoop.ipc.DefaultRpcScheduler, ipcBackoff: false.
2023-12-10 08:55:24,957 [main] INFO  ipc.Server (Server.java:<init>(1287)) - Listener at 0.0.0.0:15010
2023-12-10 08:55:24,958 [Socket Reader #1 for port 15010] INFO  ipc.Server (Server.java:run(1323)) - Starting Socket Reader #1 for port 15010
2023-12-10 08:55:24,960 [main] INFO  ozone.HddsDatanodeService (HddsDatanodeService.java:start(324)) - Datanode start with admins: [runner]
2023-12-10 08:55:24,960 [main] INFO  ozone.HddsDatanodeClientProtocolServer (HddsDatanodeClientProtocolServer.java:start(72)) - RPC server for Client /0.0.0.0:15010
2023-12-10 08:55:24,961 [IPC Server Responder] INFO  ipc.Server (Server.java:run(1562)) - IPC Server Responder: starting
2023-12-10 08:55:24,962 [IPC Server listener on 15010] INFO  ipc.Server (Server.java:run(1402)) - IPC Server listener on 15010: starting
2023-12-10 08:55:24,964 [ceafc0c7-af9d-4de4-ae81-ea841051c606-DatanodeStateMachineDaemonThread] INFO  statemachine.DatanodeStateMachine (DatanodeStateMachine.java:lambda$startDaemon$1(555)) - Ozone container server started.
2023-12-10 08:55:24,965 [main] WARN  dropwizard3.Dm3MetricRegistriesImpl (Dm3MetricRegistriesImpl.java:addReporterRegistration(113)) - New reporters are added after registries were created. Some metrics will be missing from the reporter. Please add reporter before adding any new registry.
2023-12-10 08:55:24,965 [main] WARN  dropwizard3.Dm3MetricRegistriesImpl (Dm3MetricRegistriesImpl.java:addReporterRegistration(113)) - New reporters are added after registries were created. Some metrics will be missing from the reporter. Please add reporter before adding any new registry.
2023-12-10 08:55:24,965 [main] INFO  impl.MetricsSystemImpl (MetricsSystemImpl.java:init(158)) - HddsDatanode metrics system started (again)
2023-12-10 08:55:24,978 [main] INFO  ozone.HddsDatanodeService (HddsDatanodeService.java:start(239)) - HddsDatanodeService host:fv-az1041-125 ip:10.1.0.29
2023-12-10 08:55:25,003 [main] INFO  upgrade.AbstractLayoutVersionManager (AbstractLayoutVersionManager.java:init(83)) - Initializing Layout version manager with metadata layout = HADOOP_PRC_PORTS_IN_DATANODEDETAILS (version = 7), software layout = HADOOP_PRC_PORTS_IN_DATANODEDETAILS (version = 7)
2023-12-10 08:55:25,004 [main] INFO  statemachine.DatanodeStateMachine (DatanodeStateMachine.java:getEndPointTaskThreadPoolSize(299)) - Datanode State Machine Task Thread Pool size 2
2023-12-10 08:55:25,008 [main] INFO  volume.HddsVolume (HddsVolume.java:<init>(126)) - Creating HddsVolume: /home/runner/work/ozone/ozone/hadoop-ozone/integration-test/target/test-dir/MiniOzoneClusterImpl-7f66dfcd-4d84-4460-b9fe-211923c7b7bb/datanode-1/data-0/containers/hdds of storage type : DISK capacity : 9223372036854775807
2023-12-10 08:55:25,008 [main] INFO  volume.MutableVolumeSet (MutableVolumeSet.java:initializeVolumeSet(173)) - Added Volume : /home/runner/work/ozone/ozone/hadoop-ozone/integration-test/target/test-dir/MiniOzoneClusterImpl-7f66dfcd-4d84-4460-b9fe-211923c7b7bb/datanode-1/data-0/containers/hdds to VolumeSet
2023-12-10 08:55:25,010 [main] INFO  volume.MutableVolumeSet (MutableVolumeSet.java:initializeVolumeSet(173)) - Added Volume : /home/runner/work/ozone/ozone/hadoop-ozone/integration-test/target/test-dir/MiniOzoneClusterImpl-7f66dfcd-4d84-4460-b9fe-211923c7b7bb/datanode-1/data/ratis to VolumeSet
2023-12-10 08:55:25,011 [main] INFO  ozoneimpl.OzoneContainer (HddsVolumeUtil.java:loadAllHddsVolumeDbStore(103)) - Load 1 volumes DbStore cost: 0ms
2023-12-10 08:55:25,011 [edd7aebe-e713-4899-b982-ee5b12165735-ContainerReader-0] INFO  ozoneimpl.ContainerReader (ContainerReader.java:readVolume(177)) - Finish verifying containers on volume /home/runner/work/ozone/ozone/hadoop-ozone/integration-test/target/test-dir/MiniOzoneClusterImpl-7f66dfcd-4d84-4460-b9fe-211923c7b7bb/datanode-1/data-0/containers/hdds
2023-12-10 08:55:25,012 [main] INFO  ozoneimpl.OzoneContainer (OzoneContainer.java:buildContainerSet(326)) - Build ContainerSet costs 0s
2023-12-10 08:55:25,017 [main] INFO  server.RaftServer (ConfUtils.java:logGet(46)) - raft.rpc.type = GRPC (default)
2023-12-10 08:55:25,017 [main] INFO  grpc.GrpcConfigKeys (ConfUtils.java:logFallback(53)) - raft.grpc.admin.host = null (fallback to raft.grpc.server.host)
2023-12-10 08:55:25,018 [main] INFO  grpc.GrpcConfigKeys (ConfUtils.java:logGet(46)) - raft.grpc.admin.port = 15022 (custom)
2023-12-10 08:55:25,018 [main] INFO  grpc.GrpcConfigKeys (ConfUtils.java:logFallback(53)) - raft.grpc.client.host = null (fallback to raft.grpc.server.host)
2023-12-10 08:55:25,018 [main] INFO  grpc.GrpcConfigKeys (ConfUtils.java:logGet(46)) - raft.grpc.client.port = 15021 (custom)
2023-12-10 08:55:25,018 [main] INFO  grpc.GrpcConfigKeys (ConfUtils.java:logGet(46)) - raft.grpc.server.host = null (default)
2023-12-10 08:55:25,019 [main] INFO  grpc.GrpcConfigKeys (ConfUtils.java:logGet(46)) - raft.grpc.server.port = 15023 (custom)
2023-12-10 08:55:25,019 [main] INFO  server.GrpcService (ConfUtils.java:logGet(46)) - raft.grpc.message.size.max = 32MB (=33554432) (custom)
2023-12-10 08:55:25,019 [main] INFO  server.RaftServerConfigKeys (ConfUtils.java:logGet(46)) - raft.server.log.appender.buffer.byte-limit = 8388608 (custom)
2023-12-10 08:55:25,024 [main] INFO  server.GrpcService (ConfUtils.java:logGet(46)) - raft.grpc.flow.control.window = 5MB (=5242880) (custom)
2023-12-10 08:55:25,024 [main] INFO  server.RaftServerConfigKeys (ConfUtils.java:logGet(46)) - raft.server.rpc.request.timeout = 60s (custom)
2023-12-10 08:55:25,024 [main] INFO  grpc.GrpcConfigKeys (ConfUtils.java:logGet(46)) - raft.grpc.server.heartbeat.channel = true (default)
2023-12-10 08:55:25,024 [main] INFO  grpc.GrpcConfigKeys (ConfUtils.java:logGet(46)) - raft.grpc.server.async.request.thread.pool.cached = true (default)
2023-12-10 08:55:25,024 [main] INFO  grpc.GrpcConfigKeys (ConfUtils.java:logGet(46)) - raft.grpc.server.async.request.thread.pool.size = 32 (default)
2023-12-10 08:55:25,027 [main] INFO  impl.DataStreamServerImpl (ConfUtils.java:logGet(46)) - raft.datastream.type = NETTY (custom)
2023-12-10 08:55:25,027 [main] INFO  server.RaftServerConfigKeys (ConfUtils.java:logGet(46)) - raft.server.data-stream.async.request.thread.pool.cached = false (default)
2023-12-10 08:55:25,027 [main] INFO  server.RaftServerConfigKeys (ConfUtils.java:logGet(46)) - raft.server.data-stream.async.request.thread.pool.size = 20 (custom)
2023-12-10 08:55:25,028 [main] INFO  server.RaftServerConfigKeys (ConfUtils.java:logGet(46)) - raft.server.data-stream.async.write.thread.pool.size = 16 (default)
2023-12-10 08:55:25,028 [main] INFO  netty.NettyConfigKeys$DataStream (ConfUtils.java:logGet(46)) - raft.netty.dataStream.server.channel.inactive.grace-period = 10min (default)
2023-12-10 08:55:25,028 [main] INFO  server.RaftServerConfigKeys (ConfUtils.java:logGet(46)) - raft.server.data-stream.client.pool.size = 10 (default)
2023-12-10 08:55:25,028 [main] INFO  netty.NettyConfigKeys$DataStream (ConfUtils.java:logGet(46)) - raft.netty.dataStream.server.use-epoll = true (default)
2023-12-10 08:55:25,028 [main] INFO  netty.NettyConfigKeys$DataStream (ConfUtils.java:logGet(46)) - raft.netty.dataStream.server.boss-group.size = 0 (default)
2023-12-10 08:55:25,029 [main] INFO  netty.NettyUtils (NettyUtils.java:newEventLoopGroup(69)) - Create EpollEventLoopGroup for edd7aebe-e713-4899-b982-ee5b12165735-NettyServerStreamRpc-bossGroup; Thread size is 0.
2023-12-10 08:55:25,029 [main] INFO  netty.NettyConfigKeys$DataStream (ConfUtils.java:logGet(46)) - raft.netty.dataStream.server.worker-group.size = 0 (default)
2023-12-10 08:55:25,030 [main] INFO  netty.NettyUtils (NettyUtils.java:newEventLoopGroup(69)) - Create EpollEventLoopGroup for edd7aebe-e713-4899-b982-ee5b12165735-NettyServerStreamRpc-workerGroup; Thread size is 0.
2023-12-10 08:55:25,030 [main] INFO  netty.NettyConfigKeys$DataStream (ConfUtils.java:logGet(46)) - raft.netty.dataStream.server.tls.conf = null (default)
2023-12-10 08:55:25,031 [main] INFO  netty.NettyConfigKeys$DataStream (ConfUtils.java:logGet(46)) - raft.netty.dataStream.host = null (default)
2023-12-10 08:55:25,031 [main] INFO  netty.NettyConfigKeys$DataStream (ConfUtils.java:logGet(46)) - raft.netty.dataStream.port = 15024 (custom)
2023-12-10 08:55:25,031 [main] INFO  server.RaftServerConfigKeys (ConfUtils.java:logGet(46)) - raft.server.sleep.deviation.threshold = 300ms (default)
2023-12-10 08:55:25,032 [main] INFO  server.RaftServerConfigKeys (ConfUtils.java:logGet(46)) - raft.server.close.threshold = 60s (default)
2023-12-10 08:55:25,032 [main] INFO  server.RaftServerConfigKeys (ConfUtils.java:logGet(46)) - raft.server.leaderelection.leader.step-down.wait-time = 10s (default)
2023-12-10 08:55:25,032 [main] INFO  server.RaftServerConfigKeys (ConfUtils.java:logGet(46)) - raft.server.storage.dir = [/home/runner/work/ozone/ozone/hadoop-ozone/integration-test/target/test-dir/MiniOzoneClusterImpl-7f66dfcd-4d84-4460-b9fe-211923c7b7bb/datanode-1/data/ratis] (custom)
2023-12-10 08:55:25,032 [main] INFO  server.RaftServerConfigKeys (ConfUtils.java:logGet(46)) - raft.server.threadpool.proxy.cached = true (default)
2023-12-10 08:55:25,033 [main] INFO  server.RaftServerConfigKeys (ConfUtils.java:logGet(46)) - raft.server.threadpool.proxy.size = 0 (default)
2023-12-10 08:55:25,037 [edd7aebe-e713-4899-b982-ee5b12165735-NettyServerStreamRpc-bossGroup--thread1] INFO  logging.LoggingHandler (AbstractInternalLogger.java:log(148)) - [id: 0xfe7d8295] REGISTERED
2023-12-10 08:55:25,037 [edd7aebe-e713-4899-b982-ee5b12165735-NettyServerStreamRpc-bossGroup--thread1] INFO  logging.LoggingHandler (AbstractInternalLogger.java:log(148)) - [id: 0xfe7d8295] BIND: 0.0.0.0/0.0.0.0:15024
2023-12-10 08:55:25,037 [edd7aebe-e713-4899-b982-ee5b12165735-NettyServerStreamRpc-bossGroup--thread1] INFO  logging.LoggingHandler (AbstractInternalLogger.java:log(148)) - [id: 0xfe7d8295, L:/0.0.0.0:15024] ACTIVE
2023-12-10 08:55:25,038 [edd7aebe-e713-4899-b982-ee5b12165735-impl-thread1] INFO  server.RaftServer (RaftServerProxy.java:initGroupDir(264)) - edd7aebe-e713-4899-b982-ee5b12165735: found a subdirectory /home/runner/work/ozone/ozone/hadoop-ozone/integration-test/target/test-dir/MiniOzoneClusterImpl-7f66dfcd-4d84-4460-b9fe-211923c7b7bb/datanode-1/data/ratis/tmp
2023-12-10 08:55:25,038 [edd7aebe-e713-4899-b982-ee5b12165735-impl-thread1] INFO  server.RaftServer (RaftServerProxy.java:initGroupDir(269)) - edd7aebe-e713-4899-b982-ee5b12165735: The directory /home/runner/work/ozone/ozone/hadoop-ozone/integration-test/target/test-dir/MiniOzoneClusterImpl-7f66dfcd-4d84-4460-b9fe-211923c7b7bb/datanode-1/data/ratis/tmp is not a group directory; ignoring it. 
2023-12-10 08:55:25,039 [main] INFO  replication.ReplicationServer (ReplicationServer.java:<init>(85)) - Initializing replication server with thread count = 10 queue length = 4096
2023-12-10 08:55:25,040 [main] INFO  server.XceiverServerGrpc (XceiverServerGrpc.java:<init>(141)) - GrpcServer channel type EpollServerSocketChannel
2023-12-10 08:55:25,043 [main] INFO  replication.ReplicationSupervisor (ReplicationSupervisor.java:build(163)) - Initializing replication supervisor with thread count = 10
2023-12-10 08:55:25,043 [main] INFO  replication.ReplicationSupervisor (ReplicationSupervisor.java:nodeStateUpdated(317)) - Node state updated to IN_SERVICE, scaling executor pool size to 10
2023-12-10 08:55:25,047 [main] INFO  http.BaseHttpServer (BaseHttpServer.java:newHttpServer2BuilderForOzone(223)) - Starting Web-server for hddsDatanode at: http://0.0.0.0:15018
2023-12-10 08:55:25,048 [main] INFO  http.BaseHttpServer (BaseHttpServer.java:<init>(110)) - Hadoop Security Enabled: false Ozone Security Enabled: false Ozone HTTP Security Enabled: false 
2023-12-10 08:55:25,049 [main] WARN  server.AuthenticationFilter (AuthenticationFilter.java:constructSecretProvider(240)) - Unable to initialize FileSignerSecretProvider, falling back to use random secrets. Reason: Could not read signature secret file: /home/runner/hadoop-http-auth-signature-secret
2023-12-10 08:55:25,050 [ceafc0c7-af9d-4de4-ae81-ea841051c606-DatanodeStateMachineTaskThread-0] INFO  datanode.InitDatanodeState (InitDatanodeState.java:persistContainerDatanodeDetails(139)) - DatanodeDetails is persisted to /home/runner/work/ozone/ozone/hadoop-ozone/integration-test/target/test-dir/MiniOzoneClusterImpl-7f66dfcd-4d84-4460-b9fe-211923c7b7bb/datanode-0/meta/datanode.id
2023-12-10 08:55:25,050 [main] INFO  http.HttpRequestLog (HttpRequestLog.java:getRequestLog(86)) - Http request log for http.requests.hddsDatanode is not defined
2023-12-10 08:55:25,052 [main] INFO  http.HttpServer2 (HttpServer2.java:addGlobalFilter(1036)) - Added global filter 'safety' (class=org.apache.hadoop.hdds.server.http.HttpServer2$QuotingInputFilter)
2023-12-10 08:55:25,053 [main] INFO  http.HttpServer2 (HttpServer2.java:addFilter(1012)) - Added filter static_user_filter (class=org.apache.hadoop.http.lib.StaticUserWebFilter$StaticUserFilter) to context hddsDatanode
2023-12-10 08:55:25,053 [main] INFO  http.HttpServer2 (HttpServer2.java:addFilter(1020)) - Added filter static_user_filter (class=org.apache.hadoop.http.lib.StaticUserWebFilter$StaticUserFilter) to context static
2023-12-10 08:55:25,053 [main] INFO  http.HttpServer2 (HttpServer2.java:addFilter(1020)) - Added filter static_user_filter (class=org.apache.hadoop.http.lib.StaticUserWebFilter$StaticUserFilter) to context logs
2023-12-10 08:55:25,054 [main] INFO  http.BaseHttpServer (BaseHttpServer.java:<init>(189)) - HTTP server of hddsDatanode uses base directory /home/runner/work/ozone/ozone/hadoop-ozone/integration-test/target/test-dir/MiniOzoneClusterImpl-7f66dfcd-4d84-4460-b9fe-211923c7b7bb/datanode-1/meta/webserver
2023-12-10 08:55:25,055 [main] INFO  http.HttpServer2 (HttpServer2.java:bindListener(1236)) - Jetty bound to port 15018
2023-12-10 08:55:25,055 [main] INFO  server.Server (Server.java:doStart(375)) - jetty-9.4.53.v20231009; built: 2023-10-09T12:29:09.265Z; git: 27bde00a0b95a1d5bbee0eae7984f891d2d0f8c9; jvm 1.8.0_392-b08
2023-12-10 08:55:25,056 [main] INFO  server.session (DefaultSessionIdManager.java:doStart(334)) - DefaultSessionIdManager workerName=node0
2023-12-10 08:55:25,057 [main] INFO  server.session (DefaultSessionIdManager.java:doStart(339)) - No SessionScavenger set, using defaults
2023-12-10 08:55:25,057 [main] INFO  server.session (HouseKeeper.java:startScavenging(132)) - node0 Scavenging every 600000ms
2023-12-10 08:55:25,057 [main] INFO  handler.ContextHandler (ContextHandler.java:doStart(921)) - Started o.e.j.s.ServletContextHandler@5725ef1c{logs,/logs,file:///home/runner/work/ozone/ozone/hadoop-ozone/integration-test/target/log,AVAILABLE}
2023-12-10 08:55:25,058 [main] INFO  handler.ContextHandler (ContextHandler.java:doStart(921)) - Started o.e.j.s.ServletContextHandler@5e3979b9{static,/static,jar:file:/home/runner/.m2/repository/org/apache/ozone/hdds-container-service/1.4.0-SNAPSHOT/hdds-container-service-1.4.0-SNAPSHOT.jar!/webapps/static,AVAILABLE}
2023-12-10 08:55:25,099 [main] INFO  handler.ContextHandler (ContextHandler.java:doStart(921)) - Started o.e.j.w.WebAppContext@5a3b3ea6{hddsDatanode,/,file:///home/runner/work/ozone/ozone/hadoop-ozone/integration-test/target/test-dir/MiniOzoneClusterImpl-7f66dfcd-4d84-4460-b9fe-211923c7b7bb/datanode-1/meta/webserver/jetty-0_0_0_0-15018-hdds-container-service-1_4_0-SNAPSHOT_jar-_-any-8113405363990303426/webapp/,AVAILABLE}{jar:file:/home/runner/.m2/repository/org/apache/ozone/hdds-container-service/1.4.0-SNAPSHOT/hdds-container-service-1.4.0-SNAPSHOT.jar!/webapps/hddsDatanode}
2023-12-10 08:55:25,100 [main] INFO  server.AbstractConnector (AbstractConnector.java:doStart(333)) - Started ServerConnector@14ea6b28{HTTP/1.1, (http/1.1)}{0.0.0.0:15018}
2023-12-10 08:55:25,101 [main] INFO  server.Server (Server.java:doStart(415)) - Started @6771ms
2023-12-10 08:55:25,102 [main] WARN  impl.MetricsSystemImpl (MetricsSystemImpl.java:register(279)) - Sink prometheus already exists!
2023-12-10 08:55:25,102 [main] INFO  http.BaseHttpServer (BaseHttpServer.java:updateConnectorAddress(354)) - HTTP server of hddsDatanode listening at http://0.0.0.0:15018
2023-12-10 08:55:25,103 [main] INFO  ipc.CallQueueManager (CallQueueManager.java:<init>(90)) - Using callQueue: class java.util.concurrent.LinkedBlockingQueue, queueCapacity: 100, scheduler: class org.apache.hadoop.ipc.DefaultRpcScheduler, ipcBackoff: false.
2023-12-10 08:55:25,103 [main] INFO  ipc.Server (Server.java:<init>(1287)) - Listener at 0.0.0.0:15019
2023-12-10 08:55:25,103 [Socket Reader #1 for port 15019] INFO  ipc.Server (Server.java:run(1323)) - Starting Socket Reader #1 for port 15019
2023-12-10 08:55:25,105 [main] INFO  ozone.HddsDatanodeService (HddsDatanodeService.java:start(324)) - Datanode start with admins: [runner]
2023-12-10 08:55:25,106 [main] INFO  ozone.HddsDatanodeClientProtocolServer (HddsDatanodeClientProtocolServer.java:start(72)) - RPC server for Client /0.0.0.0:15019
2023-12-10 08:55:25,106 [IPC Server Responder] INFO  ipc.Server (Server.java:run(1562)) - IPC Server Responder: starting
2023-12-10 08:55:25,106 [IPC Server listener on 15019] INFO  ipc.Server (Server.java:run(1402)) - IPC Server listener on 15019: starting
2023-12-10 08:55:25,110 [edd7aebe-e713-4899-b982-ee5b12165735-DatanodeStateMachineDaemonThread] INFO  statemachine.DatanodeStateMachine (DatanodeStateMachine.java:lambda$startDaemon$1(555)) - Ozone container server started.
2023-12-10 08:55:25,111 [main] WARN  dropwizard3.Dm3MetricRegistriesImpl (Dm3MetricRegistriesImpl.java:addReporterRegistration(113)) - New reporters are added after registries were created. Some metrics will be missing from the reporter. Please add reporter before adding any new registry.
2023-12-10 08:55:25,111 [main] WARN  dropwizard3.Dm3MetricRegistriesImpl (Dm3MetricRegistriesImpl.java:addReporterRegistration(113)) - New reporters are added after registries were created. Some metrics will be missing from the reporter. Please add reporter before adding any new registry.
2023-12-10 08:55:25,112 [main] INFO  impl.MetricsSystemImpl (MetricsSystemImpl.java:init(158)) - HddsDatanode metrics system started (again)
2023-12-10 08:55:25,120 [edd7aebe-e713-4899-b982-ee5b12165735-DatanodeStateMachineTaskThread-0] INFO  datanode.InitDatanodeState (InitDatanodeState.java:persistContainerDatanodeDetails(139)) - DatanodeDetails is persisted to /home/runner/work/ozone/ozone/hadoop-ozone/integration-test/target/test-dir/MiniOzoneClusterImpl-7f66dfcd-4d84-4460-b9fe-211923c7b7bb/datanode-1/meta/datanode.id
2023-12-10 08:55:25,123 [main] INFO  ozone.HddsDatanodeService (HddsDatanodeService.java:start(239)) - HddsDatanodeService host:fv-az1041-125 ip:10.1.0.29
2023-12-10 08:55:25,144 [main] INFO  upgrade.AbstractLayoutVersionManager (AbstractLayoutVersionManager.java:init(83)) - Initializing Layout version manager with metadata layout = HADOOP_PRC_PORTS_IN_DATANODEDETAILS (version = 7), software layout = HADOOP_PRC_PORTS_IN_DATANODEDETAILS (version = 7)
2023-12-10 08:55:25,145 [main] INFO  statemachine.DatanodeStateMachine (DatanodeStateMachine.java:getEndPointTaskThreadPoolSize(299)) - Datanode State Machine Task Thread Pool size 2
2023-12-10 08:55:25,148 [main] INFO  volume.HddsVolume (HddsVolume.java:<init>(126)) - Creating HddsVolume: /home/runner/work/ozone/ozone/hadoop-ozone/integration-test/target/test-dir/MiniOzoneClusterImpl-7f66dfcd-4d84-4460-b9fe-211923c7b7bb/datanode-2/data-0/containers/hdds of storage type : DISK capacity : 9223372036854775807
2023-12-10 08:55:25,148 [main] INFO  volume.MutableVolumeSet (MutableVolumeSet.java:initializeVolumeSet(173)) - Added Volume : /home/runner/work/ozone/ozone/hadoop-ozone/integration-test/target/test-dir/MiniOzoneClusterImpl-7f66dfcd-4d84-4460-b9fe-211923c7b7bb/datanode-2/data-0/containers/hdds to VolumeSet
2023-12-10 08:55:25,149 [main] INFO  volume.MutableVolumeSet (MutableVolumeSet.java:initializeVolumeSet(173)) - Added Volume : /home/runner/work/ozone/ozone/hadoop-ozone/integration-test/target/test-dir/MiniOzoneClusterImpl-7f66dfcd-4d84-4460-b9fe-211923c7b7bb/datanode-2/data/ratis to VolumeSet
2023-12-10 08:55:25,149 [main] INFO  ozoneimpl.OzoneContainer (HddsVolumeUtil.java:loadAllHddsVolumeDbStore(103)) - Load 1 volumes DbStore cost: 0ms
2023-12-10 08:55:25,150 [173e1c01-ab9b-4bd4-a1fb-1dc9b7180747-ContainerReader-0] INFO  ozoneimpl.ContainerReader (ContainerReader.java:readVolume(177)) - Finish verifying containers on volume /home/runner/work/ozone/ozone/hadoop-ozone/integration-test/target/test-dir/MiniOzoneClusterImpl-7f66dfcd-4d84-4460-b9fe-211923c7b7bb/datanode-2/data-0/containers/hdds
2023-12-10 08:55:25,150 [main] INFO  ozoneimpl.OzoneContainer (OzoneContainer.java:buildContainerSet(326)) - Build ContainerSet costs 0s
2023-12-10 08:55:25,153 [main] INFO  server.RaftServer (ConfUtils.java:logGet(46)) - raft.rpc.type = GRPC (default)
2023-12-10 08:55:25,154 [main] INFO  grpc.GrpcConfigKeys (ConfUtils.java:logFallback(53)) - raft.grpc.admin.host = null (fallback to raft.grpc.server.host)
2023-12-10 08:55:25,154 [main] INFO  grpc.GrpcConfigKeys (ConfUtils.java:logGet(46)) - raft.grpc.admin.port = 15031 (custom)
2023-12-10 08:55:25,154 [main] INFO  grpc.GrpcConfigKeys (ConfUtils.java:logFallback(53)) - raft.grpc.client.host = null (fallback to raft.grpc.server.host)
2023-12-10 08:55:25,154 [main] INFO  grpc.GrpcConfigKeys (ConfUtils.java:logGet(46)) - raft.grpc.client.port = 15030 (custom)
2023-12-10 08:55:25,155 [main] INFO  grpc.GrpcConfigKeys (ConfUtils.java:logGet(46)) - raft.grpc.server.host = null (default)
2023-12-10 08:55:25,155 [main] INFO  grpc.GrpcConfigKeys (ConfUtils.java:logGet(46)) - raft.grpc.server.port = 15032 (custom)
2023-12-10 08:55:25,155 [main] INFO  server.GrpcService (ConfUtils.java:logGet(46)) - raft.grpc.message.size.max = 32MB (=33554432) (custom)
2023-12-10 08:55:25,155 [main] INFO  server.RaftServerConfigKeys (ConfUtils.java:logGet(46)) - raft.server.log.appender.buffer.byte-limit = 8388608 (custom)
2023-12-10 08:55:25,156 [main] INFO  server.GrpcService (ConfUtils.java:logGet(46)) - raft.grpc.flow.control.window = 5MB (=5242880) (custom)
2023-12-10 08:55:25,156 [main] INFO  server.RaftServerConfigKeys (ConfUtils.java:logGet(46)) - raft.server.rpc.request.timeout = 60s (custom)
2023-12-10 08:55:25,156 [main] INFO  grpc.GrpcConfigKeys (ConfUtils.java:logGet(46)) - raft.grpc.server.heartbeat.channel = true (default)
2023-12-10 08:55:25,156 [main] INFO  grpc.GrpcConfigKeys (ConfUtils.java:logGet(46)) - raft.grpc.server.async.request.thread.pool.cached = true (default)
2023-12-10 08:55:25,156 [main] INFO  grpc.GrpcConfigKeys (ConfUtils.java:logGet(46)) - raft.grpc.server.async.request.thread.pool.size = 32 (default)
2023-12-10 08:55:25,158 [main] INFO  impl.DataStreamServerImpl (ConfUtils.java:logGet(46)) - raft.datastream.type = NETTY (custom)
2023-12-10 08:55:25,159 [main] INFO  server.RaftServerConfigKeys (ConfUtils.java:logGet(46)) - raft.server.data-stream.async.request.thread.pool.cached = false (default)
2023-12-10 08:55:25,159 [main] INFO  server.RaftServerConfigKeys (ConfUtils.java:logGet(46)) - raft.server.data-stream.async.request.thread.pool.size = 20 (custom)
2023-12-10 08:55:25,159 [main] INFO  server.RaftServerConfigKeys (ConfUtils.java:logGet(46)) - raft.server.data-stream.async.write.thread.pool.size = 16 (default)
2023-12-10 08:55:25,159 [main] INFO  netty.NettyConfigKeys$DataStream (ConfUtils.java:logGet(46)) - raft.netty.dataStream.server.channel.inactive.grace-period = 10min (default)
2023-12-10 08:55:25,159 [main] INFO  server.RaftServerConfigKeys (ConfUtils.java:logGet(46)) - raft.server.data-stream.client.pool.size = 10 (default)
2023-12-10 08:55:25,160 [main] INFO  netty.NettyConfigKeys$DataStream (ConfUtils.java:logGet(46)) - raft.netty.dataStream.server.use-epoll = true (default)
2023-12-10 08:55:25,160 [main] INFO  netty.NettyConfigKeys$DataStream (ConfUtils.java:logGet(46)) - raft.netty.dataStream.server.boss-group.size = 0 (default)
2023-12-10 08:55:25,160 [main] INFO  netty.NettyUtils (NettyUtils.java:newEventLoopGroup(69)) - Create EpollEventLoopGroup for 173e1c01-ab9b-4bd4-a1fb-1dc9b7180747-NettyServerStreamRpc-bossGroup; Thread size is 0.
2023-12-10 08:55:25,160 [main] INFO  netty.NettyConfigKeys$DataStream (ConfUtils.java:logGet(46)) - raft.netty.dataStream.server.worker-group.size = 0 (default)
2023-12-10 08:55:25,160 [main] INFO  netty.NettyUtils (NettyUtils.java:newEventLoopGroup(69)) - Create EpollEventLoopGroup for 173e1c01-ab9b-4bd4-a1fb-1dc9b7180747-NettyServerStreamRpc-workerGroup; Thread size is 0.
2023-12-10 08:55:25,161 [main] INFO  netty.NettyConfigKeys$DataStream (ConfUtils.java:logGet(46)) - raft.netty.dataStream.server.tls.conf = null (default)
2023-12-10 08:55:25,161 [main] INFO  netty.NettyConfigKeys$DataStream (ConfUtils.java:logGet(46)) - raft.netty.dataStream.host = null (default)
2023-12-10 08:55:25,161 [main] INFO  netty.NettyConfigKeys$DataStream (ConfUtils.java:logGet(46)) - raft.netty.dataStream.port = 15033 (custom)
2023-12-10 08:55:25,162 [main] INFO  server.RaftServerConfigKeys (ConfUtils.java:logGet(46)) - raft.server.sleep.deviation.threshold = 300ms (default)
2023-12-10 08:55:25,162 [main] INFO  server.RaftServerConfigKeys (ConfUtils.java:logGet(46)) - raft.server.close.threshold = 60s (default)
2023-12-10 08:55:25,162 [main] INFO  server.RaftServerConfigKeys (ConfUtils.java:logGet(46)) - raft.server.leaderelection.leader.step-down.wait-time = 10s (default)
2023-12-10 08:55:25,162 [main] INFO  server.RaftServerConfigKeys (ConfUtils.java:logGet(46)) - raft.server.storage.dir = [/home/runner/work/ozone/ozone/hadoop-ozone/integration-test/target/test-dir/MiniOzoneClusterImpl-7f66dfcd-4d84-4460-b9fe-211923c7b7bb/datanode-2/data/ratis] (custom)
2023-12-10 08:55:25,163 [main] INFO  server.RaftServerConfigKeys (ConfUtils.java:logGet(46)) - raft.server.threadpool.proxy.cached = true (default)
2023-12-10 08:55:25,163 [main] INFO  server.RaftServerConfigKeys (ConfUtils.java:logGet(46)) - raft.server.threadpool.proxy.size = 0 (default)
2023-12-10 08:55:25,166 [173e1c01-ab9b-4bd4-a1fb-1dc9b7180747-impl-thread1] INFO  server.RaftServer (RaftServerProxy.java:initGroupDir(264)) - 173e1c01-ab9b-4bd4-a1fb-1dc9b7180747: found a subdirectory /home/runner/work/ozone/ozone/hadoop-ozone/integration-test/target/test-dir/MiniOzoneClusterImpl-7f66dfcd-4d84-4460-b9fe-211923c7b7bb/datanode-2/data/ratis/tmp
2023-12-10 08:55:25,167 [173e1c01-ab9b-4bd4-a1fb-1dc9b7180747-NettyServerStreamRpc-bossGroup--thread1] INFO  logging.LoggingHandler (AbstractInternalLogger.java:log(148)) - [id: 0x4b503f1e] REGISTERED
2023-12-10 08:55:25,167 [173e1c01-ab9b-4bd4-a1fb-1dc9b7180747-impl-thread1] INFO  server.RaftServer (RaftServerProxy.java:initGroupDir(269)) - 173e1c01-ab9b-4bd4-a1fb-1dc9b7180747: The directory /home/runner/work/ozone/ozone/hadoop-ozone/integration-test/target/test-dir/MiniOzoneClusterImpl-7f66dfcd-4d84-4460-b9fe-211923c7b7bb/datanode-2/data/ratis/tmp is not a group directory; ignoring it. 
2023-12-10 08:55:25,167 [173e1c01-ab9b-4bd4-a1fb-1dc9b7180747-NettyServerStreamRpc-bossGroup--thread1] INFO  logging.LoggingHandler (AbstractInternalLogger.java:log(148)) - [id: 0x4b503f1e] BIND: 0.0.0.0/0.0.0.0:15033
2023-12-10 08:55:25,167 [173e1c01-ab9b-4bd4-a1fb-1dc9b7180747-NettyServerStreamRpc-bossGroup--thread1] INFO  logging.LoggingHandler (AbstractInternalLogger.java:log(148)) - [id: 0x4b503f1e, L:/0.0.0.0:15033] ACTIVE
2023-12-10 08:55:25,168 [main] INFO  replication.ReplicationServer (ReplicationServer.java:<init>(85)) - Initializing replication server with thread count = 10 queue length = 4096
2023-12-10 08:55:25,169 [main] INFO  server.XceiverServerGrpc (XceiverServerGrpc.java:<init>(141)) - GrpcServer channel type EpollServerSocketChannel
2023-12-10 08:55:25,171 [main] INFO  replication.ReplicationSupervisor (ReplicationSupervisor.java:build(163)) - Initializing replication supervisor with thread count = 10
2023-12-10 08:55:25,172 [main] INFO  replication.ReplicationSupervisor (ReplicationSupervisor.java:nodeStateUpdated(317)) - Node state updated to IN_SERVICE, scaling executor pool size to 10
2023-12-10 08:55:25,174 [main] INFO  http.BaseHttpServer (BaseHttpServer.java:newHttpServer2BuilderForOzone(223)) - Starting Web-server for hddsDatanode at: http://0.0.0.0:15027
2023-12-10 08:55:25,175 [main] INFO  http.BaseHttpServer (BaseHttpServer.java:<init>(110)) - Hadoop Security Enabled: false Ozone Security Enabled: false Ozone HTTP Security Enabled: false 
2023-12-10 08:55:25,176 [main] WARN  server.AuthenticationFilter (AuthenticationFilter.java:constructSecretProvider(240)) - Unable to initialize FileSignerSecretProvider, falling back to use random secrets. Reason: Could not read signature secret file: /home/runner/hadoop-http-auth-signature-secret
2023-12-10 08:55:25,177 [main] INFO  http.HttpRequestLog (HttpRequestLog.java:getRequestLog(86)) - Http request log for http.requests.hddsDatanode is not defined
2023-12-10 08:55:25,178 [main] INFO  http.HttpServer2 (HttpServer2.java:addGlobalFilter(1036)) - Added global filter 'safety' (class=org.apache.hadoop.hdds.server.http.HttpServer2$QuotingInputFilter)
2023-12-10 08:55:25,179 [main] INFO  http.HttpServer2 (HttpServer2.java:addFilter(1012)) - Added filter static_user_filter (class=org.apache.hadoop.http.lib.StaticUserWebFilter$StaticUserFilter) to context hddsDatanode
2023-12-10 08:55:25,179 [main] INFO  http.HttpServer2 (HttpServer2.java:addFilter(1020)) - Added filter static_user_filter (class=org.apache.hadoop.http.lib.StaticUserWebFilter$StaticUserFilter) to context static
2023-12-10 08:55:25,179 [main] INFO  http.HttpServer2 (HttpServer2.java:addFilter(1020)) - Added filter static_user_filter (class=org.apache.hadoop.http.lib.StaticUserWebFilter$StaticUserFilter) to context logs
2023-12-10 08:55:25,180 [main] INFO  http.BaseHttpServer (BaseHttpServer.java:<init>(189)) - HTTP server of hddsDatanode uses base directory /home/runner/work/ozone/ozone/hadoop-ozone/integration-test/target/test-dir/MiniOzoneClusterImpl-7f66dfcd-4d84-4460-b9fe-211923c7b7bb/datanode-2/meta/webserver
2023-12-10 08:55:25,180 [main] INFO  http.HttpServer2 (HttpServer2.java:bindListener(1236)) - Jetty bound to port 15027
2023-12-10 08:55:25,180 [main] INFO  server.Server (Server.java:doStart(375)) - jetty-9.4.53.v20231009; built: 2023-10-09T12:29:09.265Z; git: 27bde00a0b95a1d5bbee0eae7984f891d2d0f8c9; jvm 1.8.0_392-b08
2023-12-10 08:55:25,182 [main] INFO  server.session (DefaultSessionIdManager.java:doStart(334)) - DefaultSessionIdManager workerName=node0
2023-12-10 08:55:25,182 [main] INFO  server.session (DefaultSessionIdManager.java:doStart(339)) - No SessionScavenger set, using defaults
2023-12-10 08:55:25,182 [main] INFO  server.session (HouseKeeper.java:startScavenging(132)) - node0 Scavenging every 660000ms
2023-12-10 08:55:25,183 [main] INFO  handler.ContextHandler (ContextHandler.java:doStart(921)) - Started o.e.j.s.ServletContextHandler@18c6e3ac{logs,/logs,file:///home/runner/work/ozone/ozone/hadoop-ozone/integration-test/target/log,AVAILABLE}
2023-12-10 08:55:25,184 [main] INFO  handler.ContextHandler (ContextHandler.java:doStart(921)) - Started o.e.j.s.ServletContextHandler@29f79c22{static,/static,jar:file:/home/runner/.m2/repository/org/apache/ozone/hdds-container-service/1.4.0-SNAPSHOT/hdds-container-service-1.4.0-SNAPSHOT.jar!/webapps/static,AVAILABLE}
2023-12-10 08:55:25,219 [main] INFO  handler.ContextHandler (ContextHandler.java:doStart(921)) - Started o.e.j.w.WebAppContext@422decda{hddsDatanode,/,file:///home/runner/work/ozone/ozone/hadoop-ozone/integration-test/target/test-dir/MiniOzoneClusterImpl-7f66dfcd-4d84-4460-b9fe-211923c7b7bb/datanode-2/meta/webserver/jetty-0_0_0_0-15027-hdds-container-service-1_4_0-SNAPSHOT_jar-_-any-7415683405446539624/webapp/,AVAILABLE}{jar:file:/home/runner/.m2/repository/org/apache/ozone/hdds-container-service/1.4.0-SNAPSHOT/hdds-container-service-1.4.0-SNAPSHOT.jar!/webapps/hddsDatanode}
2023-12-10 08:55:25,220 [main] INFO  server.AbstractConnector (AbstractConnector.java:doStart(333)) - Started ServerConnector@4ca9c90b{HTTP/1.1, (http/1.1)}{0.0.0.0:15027}
2023-12-10 08:55:25,220 [main] INFO  server.Server (Server.java:doStart(415)) - Started @6891ms
2023-12-10 08:55:25,220 [main] WARN  impl.MetricsSystemImpl (MetricsSystemImpl.java:register(279)) - Sink prometheus already exists!
2023-12-10 08:55:25,221 [main] INFO  http.BaseHttpServer (BaseHttpServer.java:updateConnectorAddress(354)) - HTTP server of hddsDatanode listening at http://0.0.0.0:15027
2023-12-10 08:55:25,221 [main] INFO  ipc.CallQueueManager (CallQueueManager.java:<init>(90)) - Using callQueue: class java.util.concurrent.LinkedBlockingQueue, queueCapacity: 100, scheduler: class org.apache.hadoop.ipc.DefaultRpcScheduler, ipcBackoff: false.
2023-12-10 08:55:25,221 [main] INFO  ipc.Server (Server.java:<init>(1287)) - Listener at 0.0.0.0:15028
2023-12-10 08:55:25,222 [Socket Reader #1 for port 15028] INFO  ipc.Server (Server.java:run(1323)) - Starting Socket Reader #1 for port 15028
2023-12-10 08:55:25,224 [main] INFO  ozone.HddsDatanodeService (HddsDatanodeService.java:start(324)) - Datanode start with admins: [runner]
2023-12-10 08:55:25,224 [main] INFO  ozone.HddsDatanodeClientProtocolServer (HddsDatanodeClientProtocolServer.java:start(72)) - RPC server for Client /0.0.0.0:15028
2023-12-10 08:55:25,224 [IPC Server Responder] INFO  ipc.Server (Server.java:run(1562)) - IPC Server Responder: starting
2023-12-10 08:55:25,225 [IPC Server listener on 15028] INFO  ipc.Server (Server.java:run(1402)) - IPC Server listener on 15028: starting
2023-12-10 08:55:25,225 [173e1c01-ab9b-4bd4-a1fb-1dc9b7180747-DatanodeStateMachineDaemonThread] INFO  statemachine.DatanodeStateMachine (DatanodeStateMachine.java:lambda$startDaemon$1(555)) - Ozone container server started.
2023-12-10 08:55:25,227 [main] WARN  dropwizard3.Dm3MetricRegistriesImpl (Dm3MetricRegistriesImpl.java:addReporterRegistration(113)) - New reporters are added after registries were created. Some metrics will be missing from the reporter. Please add reporter before adding any new registry.
2023-12-10 08:55:25,228 [main] WARN  dropwizard3.Dm3MetricRegistriesImpl (Dm3MetricRegistriesImpl.java:addReporterRegistration(113)) - New reporters are added after registries were created. Some metrics will be missing from the reporter. Please add reporter before adding any new registry.
2023-12-10 08:55:25,228 [main] INFO  impl.MetricsSystemImpl (MetricsSystemImpl.java:init(158)) - HddsDatanode metrics system started (again)
2023-12-10 08:55:25,232 [173e1c01-ab9b-4bd4-a1fb-1dc9b7180747-DatanodeStateMachineTaskThread-0] INFO  datanode.InitDatanodeState (InitDatanodeState.java:persistContainerDatanodeDetails(139)) - DatanodeDetails is persisted to /home/runner/work/ozone/ozone/hadoop-ozone/integration-test/target/test-dir/MiniOzoneClusterImpl-7f66dfcd-4d84-4460-b9fe-211923c7b7bb/datanode-2/meta/datanode.id
2023-12-10 08:55:25,238 [main] INFO  ozone.HddsDatanodeService (HddsDatanodeService.java:start(239)) - HddsDatanodeService host:fv-az1041-125 ip:10.1.0.29
2023-12-10 08:55:25,263 [main] INFO  upgrade.AbstractLayoutVersionManager (AbstractLayoutVersionManager.java:init(83)) - Initializing Layout version manager with metadata layout = HADOOP_PRC_PORTS_IN_DATANODEDETAILS (version = 7), software layout = HADOOP_PRC_PORTS_IN_DATANODEDETAILS (version = 7)
2023-12-10 08:55:25,263 [main] INFO  statemachine.DatanodeStateMachine (DatanodeStateMachine.java:getEndPointTaskThreadPoolSize(299)) - Datanode State Machine Task Thread Pool size 2
2023-12-10 08:55:25,266 [main] INFO  volume.HddsVolume (HddsVolume.java:<init>(126)) - Creating HddsVolume: /home/runner/work/ozone/ozone/hadoop-ozone/integration-test/target/test-dir/MiniOzoneClusterImpl-7f66dfcd-4d84-4460-b9fe-211923c7b7bb/datanode-3/data-0/containers/hdds of storage type : DISK capacity : 9223372036854775807
2023-12-10 08:55:25,266 [main] INFO  volume.MutableVolumeSet (MutableVolumeSet.java:initializeVolumeSet(173)) - Added Volume : /home/runner/work/ozone/ozone/hadoop-ozone/integration-test/target/test-dir/MiniOzoneClusterImpl-7f66dfcd-4d84-4460-b9fe-211923c7b7bb/datanode-3/data-0/containers/hdds to VolumeSet
2023-12-10 08:55:25,267 [main] INFO  volume.MutableVolumeSet (MutableVolumeSet.java:initializeVolumeSet(173)) - Added Volume : /home/runner/work/ozone/ozone/hadoop-ozone/integration-test/target/test-dir/MiniOzoneClusterImpl-7f66dfcd-4d84-4460-b9fe-211923c7b7bb/datanode-3/data/ratis to VolumeSet
2023-12-10 08:55:25,268 [main] INFO  ozoneimpl.OzoneContainer (HddsVolumeUtil.java:loadAllHddsVolumeDbStore(103)) - Load 1 volumes DbStore cost: 0ms
2023-12-10 08:55:25,268 [8170aa16-323e-44de-b8c0-3f99a1184856-ContainerReader-0] INFO  ozoneimpl.ContainerReader (ContainerReader.java:readVolume(177)) - Finish verifying containers on volume /home/runner/work/ozone/ozone/hadoop-ozone/integration-test/target/test-dir/MiniOzoneClusterImpl-7f66dfcd-4d84-4460-b9fe-211923c7b7bb/datanode-3/data-0/containers/hdds
2023-12-10 08:55:25,269 [main] INFO  ozoneimpl.OzoneContainer (OzoneContainer.java:buildContainerSet(326)) - Build ContainerSet costs 0s
2023-12-10 08:55:25,271 [main] INFO  server.RaftServer (ConfUtils.java:logGet(46)) - raft.rpc.type = GRPC (default)
2023-12-10 08:55:25,272 [main] INFO  grpc.GrpcConfigKeys (ConfUtils.java:logFallback(53)) - raft.grpc.admin.host = null (fallback to raft.grpc.server.host)
2023-12-10 08:55:25,272 [main] INFO  grpc.GrpcConfigKeys (ConfUtils.java:logGet(46)) - raft.grpc.admin.port = 15040 (custom)
2023-12-10 08:55:25,272 [main] INFO  grpc.GrpcConfigKeys (ConfUtils.java:logFallback(53)) - raft.grpc.client.host = null (fallback to raft.grpc.server.host)
2023-12-10 08:55:25,272 [main] INFO  grpc.GrpcConfigKeys (ConfUtils.java:logGet(46)) - raft.grpc.client.port = 15039 (custom)
2023-12-10 08:55:25,273 [main] INFO  grpc.GrpcConfigKeys (ConfUtils.java:logGet(46)) - raft.grpc.server.host = null (default)
2023-12-10 08:55:25,273 [main] INFO  grpc.GrpcConfigKeys (ConfUtils.java:logGet(46)) - raft.grpc.server.port = 15041 (custom)
2023-12-10 08:55:25,273 [main] INFO  server.GrpcService (ConfUtils.java:logGet(46)) - raft.grpc.message.size.max = 32MB (=33554432) (custom)
2023-12-10 08:55:25,273 [main] INFO  server.RaftServerConfigKeys (ConfUtils.java:logGet(46)) - raft.server.log.appender.buffer.byte-limit = 8388608 (custom)
2023-12-10 08:55:25,273 [main] INFO  server.GrpcService (ConfUtils.java:logGet(46)) - raft.grpc.flow.control.window = 5MB (=5242880) (custom)
2023-12-10 08:55:25,274 [main] INFO  server.RaftServerConfigKeys (ConfUtils.java:logGet(46)) - raft.server.rpc.request.timeout = 60s (custom)
2023-12-10 08:55:25,274 [main] INFO  grpc.GrpcConfigKeys (ConfUtils.java:logGet(46)) - raft.grpc.server.heartbeat.channel = true (default)
2023-12-10 08:55:25,274 [main] INFO  grpc.GrpcConfigKeys (ConfUtils.java:logGet(46)) - raft.grpc.server.async.request.thread.pool.cached = true (default)
2023-12-10 08:55:25,274 [main] INFO  grpc.GrpcConfigKeys (ConfUtils.java:logGet(46)) - raft.grpc.server.async.request.thread.pool.size = 32 (default)
2023-12-10 08:55:25,277 [main] INFO  impl.DataStreamServerImpl (ConfUtils.java:logGet(46)) - raft.datastream.type = NETTY (custom)
2023-12-10 08:55:25,277 [main] INFO  server.RaftServerConfigKeys (ConfUtils.java:logGet(46)) - raft.server.data-stream.async.request.thread.pool.cached = false (default)
2023-12-10 08:55:25,277 [main] INFO  server.RaftServerConfigKeys (ConfUtils.java:logGet(46)) - raft.server.data-stream.async.request.thread.pool.size = 20 (custom)
2023-12-10 08:55:25,278 [main] INFO  server.RaftServerConfigKeys (ConfUtils.java:logGet(46)) - raft.server.data-stream.async.write.thread.pool.size = 16 (default)
2023-12-10 08:55:25,278 [main] INFO  netty.NettyConfigKeys$DataStream (ConfUtils.java:logGet(46)) - raft.netty.dataStream.server.channel.inactive.grace-period = 10min (default)
2023-12-10 08:55:25,278 [main] INFO  server.RaftServerConfigKeys (ConfUtils.java:logGet(46)) - raft.server.data-stream.client.pool.size = 10 (default)
2023-12-10 08:55:25,278 [main] INFO  netty.NettyConfigKeys$DataStream (ConfUtils.java:logGet(46)) - raft.netty.dataStream.server.use-epoll = true (default)
2023-12-10 08:55:25,278 [main] INFO  netty.NettyConfigKeys$DataStream (ConfUtils.java:logGet(46)) - raft.netty.dataStream.server.boss-group.size = 0 (default)
2023-12-10 08:55:25,279 [main] INFO  netty.NettyUtils (NettyUtils.java:newEventLoopGroup(69)) - Create EpollEventLoopGroup for 8170aa16-323e-44de-b8c0-3f99a1184856-NettyServerStreamRpc-bossGroup; Thread size is 0.
2023-12-10 08:55:25,279 [main] INFO  netty.NettyConfigKeys$DataStream (ConfUtils.java:logGet(46)) - raft.netty.dataStream.server.worker-group.size = 0 (default)
2023-12-10 08:55:25,280 [main] INFO  netty.NettyUtils (NettyUtils.java:newEventLoopGroup(69)) - Create EpollEventLoopGroup for 8170aa16-323e-44de-b8c0-3f99a1184856-NettyServerStreamRpc-workerGroup; Thread size is 0.
2023-12-10 08:55:25,298 [main] INFO  netty.NettyConfigKeys$DataStream (ConfUtils.java:logGet(46)) - raft.netty.dataStream.server.tls.conf = null (default)
2023-12-10 08:55:25,299 [main] INFO  netty.NettyConfigKeys$DataStream (ConfUtils.java:logGet(46)) - raft.netty.dataStream.host = null (default)
2023-12-10 08:55:25,299 [main] INFO  netty.NettyConfigKeys$DataStream (ConfUtils.java:logGet(46)) - raft.netty.dataStream.port = 15042 (custom)
2023-12-10 08:55:25,300 [main] INFO  server.RaftServerConfigKeys (ConfUtils.java:logGet(46)) - raft.server.sleep.deviation.threshold = 300ms (default)
2023-12-10 08:55:25,300 [main] INFO  server.RaftServerConfigKeys (ConfUtils.java:logGet(46)) - raft.server.close.threshold = 60s (default)
2023-12-10 08:55:25,301 [main] INFO  server.RaftServerConfigKeys (ConfUtils.java:logGet(46)) - raft.server.leaderelection.leader.step-down.wait-time = 10s (default)
2023-12-10 08:55:25,302 [main] INFO  server.RaftServerConfigKeys (ConfUtils.java:logGet(46)) - raft.server.storage.dir = [/home/runner/work/ozone/ozone/hadoop-ozone/integration-test/target/test-dir/MiniOzoneClusterImpl-7f66dfcd-4d84-4460-b9fe-211923c7b7bb/datanode-3/data/ratis] (custom)
2023-12-10 08:55:25,302 [main] INFO  server.RaftServerConfigKeys (ConfUtils.java:logGet(46)) - raft.server.threadpool.proxy.cached = true (default)
2023-12-10 08:55:25,302 [main] INFO  server.RaftServerConfigKeys (ConfUtils.java:logGet(46)) - raft.server.threadpool.proxy.size = 0 (default)
2023-12-10 08:55:25,310 [8170aa16-323e-44de-b8c0-3f99a1184856-NettyServerStreamRpc-bossGroup--thread1] INFO  logging.LoggingHandler (AbstractInternalLogger.java:log(148)) - [id: 0xef70caa5] REGISTERED
2023-12-10 08:55:25,310 [8170aa16-323e-44de-b8c0-3f99a1184856-impl-thread1] INFO  server.RaftServer (RaftServerProxy.java:initGroupDir(264)) - 8170aa16-323e-44de-b8c0-3f99a1184856: found a subdirectory /home/runner/work/ozone/ozone/hadoop-ozone/integration-test/target/test-dir/MiniOzoneClusterImpl-7f66dfcd-4d84-4460-b9fe-211923c7b7bb/datanode-3/data/ratis/tmp
2023-12-10 08:55:25,311 [8170aa16-323e-44de-b8c0-3f99a1184856-NettyServerStreamRpc-bossGroup--thread1] INFO  logging.LoggingHandler (AbstractInternalLogger.java:log(148)) - [id: 0xef70caa5] BIND: 0.0.0.0/0.0.0.0:15042
2023-12-10 08:55:25,311 [8170aa16-323e-44de-b8c0-3f99a1184856-impl-thread1] INFO  server.RaftServer (RaftServerProxy.java:initGroupDir(269)) - 8170aa16-323e-44de-b8c0-3f99a1184856: The directory /home/runner/work/ozone/ozone/hadoop-ozone/integration-test/target/test-dir/MiniOzoneClusterImpl-7f66dfcd-4d84-4460-b9fe-211923c7b7bb/datanode-3/data/ratis/tmp is not a group directory; ignoring it. 
2023-12-10 08:55:25,311 [8170aa16-323e-44de-b8c0-3f99a1184856-NettyServerStreamRpc-bossGroup--thread1] INFO  logging.LoggingHandler (AbstractInternalLogger.java:log(148)) - [id: 0xef70caa5, L:/0.0.0.0:15042] ACTIVE
2023-12-10 08:55:25,317 [main] INFO  replication.ReplicationServer (ReplicationServer.java:<init>(85)) - Initializing replication server with thread count = 10 queue length = 4096
2023-12-10 08:55:25,318 [main] INFO  server.XceiverServerGrpc (XceiverServerGrpc.java:<init>(141)) - GrpcServer channel type EpollServerSocketChannel
2023-12-10 08:55:25,321 [main] INFO  replication.ReplicationSupervisor (ReplicationSupervisor.java:build(163)) - Initializing replication supervisor with thread count = 10
2023-12-10 08:55:25,322 [main] INFO  replication.ReplicationSupervisor (ReplicationSupervisor.java:nodeStateUpdated(317)) - Node state updated to IN_SERVICE, scaling executor pool size to 10
2023-12-10 08:55:25,325 [main] INFO  http.BaseHttpServer (BaseHttpServer.java:newHttpServer2BuilderForOzone(223)) - Starting Web-server for hddsDatanode at: http://0.0.0.0:15036
2023-12-10 08:55:25,325 [main] INFO  http.BaseHttpServer (BaseHttpServer.java:<init>(110)) - Hadoop Security Enabled: false Ozone Security Enabled: false Ozone HTTP Security Enabled: false 
2023-12-10 08:55:25,327 [main] WARN  server.AuthenticationFilter (AuthenticationFilter.java:constructSecretProvider(240)) - Unable to initialize FileSignerSecretProvider, falling back to use random secrets. Reason: Could not read signature secret file: /home/runner/hadoop-http-auth-signature-secret
2023-12-10 08:55:25,327 [main] INFO  http.HttpRequestLog (HttpRequestLog.java:getRequestLog(86)) - Http request log for http.requests.hddsDatanode is not defined
2023-12-10 08:55:25,329 [main] INFO  http.HttpServer2 (HttpServer2.java:addGlobalFilter(1036)) - Added global filter 'safety' (class=org.apache.hadoop.hdds.server.http.HttpServer2$QuotingInputFilter)
2023-12-10 08:55:25,330 [main] INFO  http.HttpServer2 (HttpServer2.java:addFilter(1012)) - Added filter static_user_filter (class=org.apache.hadoop.http.lib.StaticUserWebFilter$StaticUserFilter) to context hddsDatanode
2023-12-10 08:55:25,330 [main] INFO  http.HttpServer2 (HttpServer2.java:addFilter(1020)) - Added filter static_user_filter (class=org.apache.hadoop.http.lib.StaticUserWebFilter$StaticUserFilter) to context logs
2023-12-10 08:55:25,330 [main] INFO  http.HttpServer2 (HttpServer2.java:addFilter(1020)) - Added filter static_user_filter (class=org.apache.hadoop.http.lib.StaticUserWebFilter$StaticUserFilter) to context static
2023-12-10 08:55:25,331 [main] INFO  http.BaseHttpServer (BaseHttpServer.java:<init>(189)) - HTTP server of hddsDatanode uses base directory /home/runner/work/ozone/ozone/hadoop-ozone/integration-test/target/test-dir/MiniOzoneClusterImpl-7f66dfcd-4d84-4460-b9fe-211923c7b7bb/datanode-3/meta/webserver
2023-12-10 08:55:25,331 [main] INFO  http.HttpServer2 (HttpServer2.java:bindListener(1236)) - Jetty bound to port 15036
2023-12-10 08:55:25,331 [main] INFO  server.Server (Server.java:doStart(375)) - jetty-9.4.53.v20231009; built: 2023-10-09T12:29:09.265Z; git: 27bde00a0b95a1d5bbee0eae7984f891d2d0f8c9; jvm 1.8.0_392-b08
2023-12-10 08:55:25,333 [main] INFO  server.session (DefaultSessionIdManager.java:doStart(334)) - DefaultSessionIdManager workerName=node0
2023-12-10 08:55:25,333 [main] INFO  server.session (DefaultSessionIdManager.java:doStart(339)) - No SessionScavenger set, using defaults
2023-12-10 08:55:25,333 [main] INFO  server.session (HouseKeeper.java:startScavenging(132)) - node0 Scavenging every 600000ms
2023-12-10 08:55:25,334 [main] INFO  handler.ContextHandler (ContextHandler.java:doStart(921)) - Started o.e.j.s.ServletContextHandler@2b6a79f{logs,/logs,file:///home/runner/work/ozone/ozone/hadoop-ozone/integration-test/target/log,AVAILABLE}
2023-12-10 08:55:25,335 [main] INFO  handler.ContextHandler (ContextHandler.java:doStart(921)) - Started o.e.j.s.ServletContextHandler@654a5635{static,/static,jar:file:/home/runner/.m2/repository/org/apache/ozone/hdds-container-service/1.4.0-SNAPSHOT/hdds-container-service-1.4.0-SNAPSHOT.jar!/webapps/static,AVAILABLE}
2023-12-10 08:55:25,375 [main] INFO  handler.ContextHandler (ContextHandler.java:doStart(921)) - Started o.e.j.w.WebAppContext@435bc916{hddsDatanode,/,file:///home/runner/work/ozone/ozone/hadoop-ozone/integration-test/target/test-dir/MiniOzoneClusterImpl-7f66dfcd-4d84-4460-b9fe-211923c7b7bb/datanode-3/meta/webserver/jetty-0_0_0_0-15036-hdds-container-service-1_4_0-SNAPSHOT_jar-_-any-5114892980916468095/webapp/,AVAILABLE}{jar:file:/home/runner/.m2/repository/org/apache/ozone/hdds-container-service/1.4.0-SNAPSHOT/hdds-container-service-1.4.0-SNAPSHOT.jar!/webapps/hddsDatanode}
2023-12-10 08:55:25,377 [main] INFO  server.AbstractConnector (AbstractConnector.java:doStart(333)) - Started ServerConnector@4338c824{HTTP/1.1, (http/1.1)}{0.0.0.0:15036}
2023-12-10 08:55:25,377 [main] INFO  server.Server (Server.java:doStart(415)) - Started @7048ms
2023-12-10 08:55:25,377 [main] WARN  impl.MetricsSystemImpl (MetricsSystemImpl.java:register(279)) - Sink prometheus already exists!
2023-12-10 08:55:25,378 [main] INFO  http.BaseHttpServer (BaseHttpServer.java:updateConnectorAddress(354)) - HTTP server of hddsDatanode listening at http://0.0.0.0:15036
2023-12-10 08:55:25,378 [main] INFO  ipc.CallQueueManager (CallQueueManager.java:<init>(90)) - Using callQueue: class java.util.concurrent.LinkedBlockingQueue, queueCapacity: 100, scheduler: class org.apache.hadoop.ipc.DefaultRpcScheduler, ipcBackoff: false.
2023-12-10 08:55:25,379 [main] INFO  ipc.Server (Server.java:<init>(1287)) - Listener at 0.0.0.0:15037
2023-12-10 08:55:25,379 [Socket Reader #1 for port 15037] INFO  ipc.Server (Server.java:run(1323)) - Starting Socket Reader #1 for port 15037
2023-12-10 08:55:25,381 [main] INFO  ozone.HddsDatanodeService (HddsDatanodeService.java:start(324)) - Datanode start with admins: [runner]
2023-12-10 08:55:25,382 [main] INFO  ozone.HddsDatanodeClientProtocolServer (HddsDatanodeClientProtocolServer.java:start(72)) - RPC server for Client /0.0.0.0:15037
2023-12-10 08:55:25,382 [IPC Server Responder] INFO  ipc.Server (Server.java:run(1562)) - IPC Server Responder: starting
2023-12-10 08:55:25,382 [IPC Server listener on 15037] INFO  ipc.Server (Server.java:run(1402)) - IPC Server listener on 15037: starting
2023-12-10 08:55:25,383 [8170aa16-323e-44de-b8c0-3f99a1184856-DatanodeStateMachineDaemonThread] INFO  statemachine.DatanodeStateMachine (DatanodeStateMachine.java:lambda$startDaemon$1(555)) - Ozone container server started.
2023-12-10 08:55:25,383 [main] WARN  dropwizard3.Dm3MetricRegistriesImpl (Dm3MetricRegistriesImpl.java:addReporterRegistration(113)) - New reporters are added after registries were created. Some metrics will be missing from the reporter. Please add reporter before adding any new registry.
2023-12-10 08:55:25,383 [main] WARN  dropwizard3.Dm3MetricRegistriesImpl (Dm3MetricRegistriesImpl.java:addReporterRegistration(113)) - New reporters are added after registries were created. Some metrics will be missing from the reporter. Please add reporter before adding any new registry.
2023-12-10 08:55:25,383 [main] INFO  impl.MetricsSystemImpl (MetricsSystemImpl.java:init(158)) - HddsDatanode metrics system started (again)
2023-12-10 08:55:25,394 [main] INFO  ozone.HddsDatanodeService (HddsDatanodeService.java:start(239)) - HddsDatanodeService host:fv-az1041-125 ip:10.1.0.29
2023-12-10 08:55:25,401 [8170aa16-323e-44de-b8c0-3f99a1184856-DatanodeStateMachineTaskThread-0] INFO  datanode.InitDatanodeState (InitDatanodeState.java:persistContainerDatanodeDetails(139)) - DatanodeDetails is persisted to /home/runner/work/ozone/ozone/hadoop-ozone/integration-test/target/test-dir/MiniOzoneClusterImpl-7f66dfcd-4d84-4460-b9fe-211923c7b7bb/datanode-3/meta/datanode.id
2023-12-10 08:55:25,414 [main] INFO  upgrade.AbstractLayoutVersionManager (AbstractLayoutVersionManager.java:init(83)) - Initializing Layout version manager with metadata layout = HADOOP_PRC_PORTS_IN_DATANODEDETAILS (version = 7), software layout = HADOOP_PRC_PORTS_IN_DATANODEDETAILS (version = 7)
2023-12-10 08:55:25,414 [main] INFO  statemachine.DatanodeStateMachine (DatanodeStateMachine.java:getEndPointTaskThreadPoolSize(299)) - Datanode State Machine Task Thread Pool size 2
2023-12-10 08:55:25,417 [main] INFO  volume.HddsVolume (HddsVolume.java:<init>(126)) - Creating HddsVolume: /home/runner/work/ozone/ozone/hadoop-ozone/integration-test/target/test-dir/MiniOzoneClusterImpl-7f66dfcd-4d84-4460-b9fe-211923c7b7bb/datanode-4/data-0/containers/hdds of storage type : DISK capacity : 9223372036854775807
2023-12-10 08:55:25,417 [main] INFO  volume.MutableVolumeSet (MutableVolumeSet.java:initializeVolumeSet(173)) - Added Volume : /home/runner/work/ozone/ozone/hadoop-ozone/integration-test/target/test-dir/MiniOzoneClusterImpl-7f66dfcd-4d84-4460-b9fe-211923c7b7bb/datanode-4/data-0/containers/hdds to VolumeSet
2023-12-10 08:55:25,419 [main] INFO  volume.MutableVolumeSet (MutableVolumeSet.java:initializeVolumeSet(173)) - Added Volume : /home/runner/work/ozone/ozone/hadoop-ozone/integration-test/target/test-dir/MiniOzoneClusterImpl-7f66dfcd-4d84-4460-b9fe-211923c7b7bb/datanode-4/data/ratis to VolumeSet
2023-12-10 08:55:25,419 [main] INFO  ozoneimpl.OzoneContainer (HddsVolumeUtil.java:loadAllHddsVolumeDbStore(103)) - Load 1 volumes DbStore cost: 0ms
2023-12-10 08:55:25,420 [71fa9327-596e-4bfe-b86f-33f6bdf50532-ContainerReader-0] INFO  ozoneimpl.ContainerReader (ContainerReader.java:readVolume(177)) - Finish verifying containers on volume /home/runner/work/ozone/ozone/hadoop-ozone/integration-test/target/test-dir/MiniOzoneClusterImpl-7f66dfcd-4d84-4460-b9fe-211923c7b7bb/datanode-4/data-0/containers/hdds
2023-12-10 08:55:25,420 [main] INFO  ozoneimpl.OzoneContainer (OzoneContainer.java:buildContainerSet(326)) - Build ContainerSet costs 0s
2023-12-10 08:55:25,424 [main] INFO  server.RaftServer (ConfUtils.java:logGet(46)) - raft.rpc.type = GRPC (default)
2023-12-10 08:55:25,424 [main] INFO  grpc.GrpcConfigKeys (ConfUtils.java:logFallback(53)) - raft.grpc.admin.host = null (fallback to raft.grpc.server.host)
2023-12-10 08:55:25,425 [main] INFO  grpc.GrpcConfigKeys (ConfUtils.java:logGet(46)) - raft.grpc.admin.port = 15049 (custom)
2023-12-10 08:55:25,425 [main] INFO  grpc.GrpcConfigKeys (ConfUtils.java:logFallback(53)) - raft.grpc.client.host = null (fallback to raft.grpc.server.host)
2023-12-10 08:55:25,425 [main] INFO  grpc.GrpcConfigKeys (ConfUtils.java:logGet(46)) - raft.grpc.client.port = 15048 (custom)
2023-12-10 08:55:25,426 [main] INFO  grpc.GrpcConfigKeys (ConfUtils.java:logGet(46)) - raft.grpc.server.host = null (default)
2023-12-10 08:55:25,426 [main] INFO  grpc.GrpcConfigKeys (ConfUtils.java:logGet(46)) - raft.grpc.server.port = 15050 (custom)
2023-12-10 08:55:25,426 [main] INFO  server.GrpcService (ConfUtils.java:logGet(46)) - raft.grpc.message.size.max = 32MB (=33554432) (custom)
2023-12-10 08:55:25,427 [main] INFO  server.RaftServerConfigKeys (ConfUtils.java:logGet(46)) - raft.server.log.appender.buffer.byte-limit = 8388608 (custom)
2023-12-10 08:55:25,427 [main] INFO  server.GrpcService (ConfUtils.java:logGet(46)) - raft.grpc.flow.control.window = 5MB (=5242880) (custom)
2023-12-10 08:55:25,427 [main] INFO  server.RaftServerConfigKeys (ConfUtils.java:logGet(46)) - raft.server.rpc.request.timeout = 60s (custom)
2023-12-10 08:55:25,427 [main] INFO  grpc.GrpcConfigKeys (ConfUtils.java:logGet(46)) - raft.grpc.server.heartbeat.channel = true (default)
2023-12-10 08:55:25,427 [main] INFO  grpc.GrpcConfigKeys (ConfUtils.java:logGet(46)) - raft.grpc.server.async.request.thread.pool.cached = true (default)
2023-12-10 08:55:25,428 [main] INFO  grpc.GrpcConfigKeys (ConfUtils.java:logGet(46)) - raft.grpc.server.async.request.thread.pool.size = 32 (default)
2023-12-10 08:55:25,430 [main] INFO  impl.DataStreamServerImpl (ConfUtils.java:logGet(46)) - raft.datastream.type = NETTY (custom)
2023-12-10 08:55:25,430 [main] INFO  server.RaftServerConfigKeys (ConfUtils.java:logGet(46)) - raft.server.data-stream.async.request.thread.pool.cached = false (default)
2023-12-10 08:55:25,430 [main] INFO  server.RaftServerConfigKeys (ConfUtils.java:logGet(46)) - raft.server.data-stream.async.request.thread.pool.size = 20 (custom)
2023-12-10 08:55:25,430 [main] INFO  server.RaftServerConfigKeys (ConfUtils.java:logGet(46)) - raft.server.data-stream.async.write.thread.pool.size = 16 (default)
2023-12-10 08:55:25,430 [main] INFO  netty.NettyConfigKeys$DataStream (ConfUtils.java:logGet(46)) - raft.netty.dataStream.server.channel.inactive.grace-period = 10min (default)
2023-12-10 08:55:25,431 [main] INFO  server.RaftServerConfigKeys (ConfUtils.java:logGet(46)) - raft.server.data-stream.client.pool.size = 10 (default)
2023-12-10 08:55:25,431 [main] INFO  netty.NettyConfigKeys$DataStream (ConfUtils.java:logGet(46)) - raft.netty.dataStream.server.use-epoll = true (default)
2023-12-10 08:55:25,431 [main] INFO  netty.NettyConfigKeys$DataStream (ConfUtils.java:logGet(46)) - raft.netty.dataStream.server.boss-group.size = 0 (default)
2023-12-10 08:55:25,431 [main] INFO  netty.NettyUtils (NettyUtils.java:newEventLoopGroup(69)) - Create EpollEventLoopGroup for 71fa9327-596e-4bfe-b86f-33f6bdf50532-NettyServerStreamRpc-bossGroup; Thread size is 0.
2023-12-10 08:55:25,432 [main] INFO  netty.NettyConfigKeys$DataStream (ConfUtils.java:logGet(46)) - raft.netty.dataStream.server.worker-group.size = 0 (default)
2023-12-10 08:55:25,432 [main] INFO  netty.NettyUtils (NettyUtils.java:newEventLoopGroup(69)) - Create EpollEventLoopGroup for 71fa9327-596e-4bfe-b86f-33f6bdf50532-NettyServerStreamRpc-workerGroup; Thread size is 0.
2023-12-10 08:55:25,432 [main] INFO  netty.NettyConfigKeys$DataStream (ConfUtils.java:logGet(46)) - raft.netty.dataStream.server.tls.conf = null (default)
2023-12-10 08:55:25,433 [main] INFO  netty.NettyConfigKeys$DataStream (ConfUtils.java:logGet(46)) - raft.netty.dataStream.host = null (default)
2023-12-10 08:55:25,433 [main] INFO  netty.NettyConfigKeys$DataStream (ConfUtils.java:logGet(46)) - raft.netty.dataStream.port = 15051 (custom)
2023-12-10 08:55:25,433 [main] INFO  server.RaftServerConfigKeys (ConfUtils.java:logGet(46)) - raft.server.sleep.deviation.threshold = 300ms (default)
2023-12-10 08:55:25,434 [main] INFO  server.RaftServerConfigKeys (ConfUtils.java:logGet(46)) - raft.server.close.threshold = 60s (default)
2023-12-10 08:55:25,434 [71fa9327-596e-4bfe-b86f-33f6bdf50532-NettyServerStreamRpc-bossGroup--thread1] INFO  logging.LoggingHandler (AbstractInternalLogger.java:log(148)) - [id: 0xda906dd1] REGISTERED
2023-12-10 08:55:25,434 [main] INFO  server.RaftServerConfigKeys (ConfUtils.java:logGet(46)) - raft.server.leaderelection.leader.step-down.wait-time = 10s (default)
2023-12-10 08:55:25,434 [71fa9327-596e-4bfe-b86f-33f6bdf50532-NettyServerStreamRpc-bossGroup--thread1] INFO  logging.LoggingHandler (AbstractInternalLogger.java:log(148)) - [id: 0xda906dd1] BIND: 0.0.0.0/0.0.0.0:15051
2023-12-10 08:55:25,435 [main] INFO  server.RaftServerConfigKeys (ConfUtils.java:logGet(46)) - raft.server.storage.dir = [/home/runner/work/ozone/ozone/hadoop-ozone/integration-test/target/test-dir/MiniOzoneClusterImpl-7f66dfcd-4d84-4460-b9fe-211923c7b7bb/datanode-4/data/ratis] (custom)
2023-12-10 08:55:25,435 [main] INFO  server.RaftServerConfigKeys (ConfUtils.java:logGet(46)) - raft.server.threadpool.proxy.cached = true (default)
2023-12-10 08:55:25,435 [main] INFO  server.RaftServerConfigKeys (ConfUtils.java:logGet(46)) - raft.server.threadpool.proxy.size = 0 (default)
2023-12-10 08:55:25,435 [71fa9327-596e-4bfe-b86f-33f6bdf50532-NettyServerStreamRpc-bossGroup--thread1] INFO  logging.LoggingHandler (AbstractInternalLogger.java:log(148)) - [id: 0xda906dd1, L:/0.0.0.0:15051] ACTIVE
2023-12-10 08:55:25,437 [71fa9327-596e-4bfe-b86f-33f6bdf50532-impl-thread1] INFO  server.RaftServer (RaftServerProxy.java:initGroupDir(264)) - 71fa9327-596e-4bfe-b86f-33f6bdf50532: found a subdirectory /home/runner/work/ozone/ozone/hadoop-ozone/integration-test/target/test-dir/MiniOzoneClusterImpl-7f66dfcd-4d84-4460-b9fe-211923c7b7bb/datanode-4/data/ratis/tmp
2023-12-10 08:55:25,437 [71fa9327-596e-4bfe-b86f-33f6bdf50532-impl-thread1] INFO  server.RaftServer (RaftServerProxy.java:initGroupDir(269)) - 71fa9327-596e-4bfe-b86f-33f6bdf50532: The directory /home/runner/work/ozone/ozone/hadoop-ozone/integration-test/target/test-dir/MiniOzoneClusterImpl-7f66dfcd-4d84-4460-b9fe-211923c7b7bb/datanode-4/data/ratis/tmp is not a group directory; ignoring it. 
2023-12-10 08:55:25,437 [main] INFO  replication.ReplicationServer (ReplicationServer.java:<init>(85)) - Initializing replication server with thread count = 10 queue length = 4096
2023-12-10 08:55:25,438 [main] INFO  server.XceiverServerGrpc (XceiverServerGrpc.java:<init>(141)) - GrpcServer channel type EpollServerSocketChannel
2023-12-10 08:55:25,440 [main] INFO  replication.ReplicationSupervisor (ReplicationSupervisor.java:build(163)) - Initializing replication supervisor with thread count = 10
2023-12-10 08:55:25,440 [main] INFO  replication.ReplicationSupervisor (ReplicationSupervisor.java:nodeStateUpdated(317)) - Node state updated to IN_SERVICE, scaling executor pool size to 10
2023-12-10 08:55:25,443 [main] INFO  http.BaseHttpServer (BaseHttpServer.java:newHttpServer2BuilderForOzone(223)) - Starting Web-server for hddsDatanode at: http://0.0.0.0:15045
2023-12-10 08:55:25,444 [main] INFO  http.BaseHttpServer (BaseHttpServer.java:<init>(110)) - Hadoop Security Enabled: false Ozone Security Enabled: false Ozone HTTP Security Enabled: false 
2023-12-10 08:55:25,445 [main] WARN  server.AuthenticationFilter (AuthenticationFilter.java:constructSecretProvider(240)) - Unable to initialize FileSignerSecretProvider, falling back to use random secrets. Reason: Could not read signature secret file: /home/runner/hadoop-http-auth-signature-secret
2023-12-10 08:55:25,446 [main] INFO  http.HttpRequestLog (HttpRequestLog.java:getRequestLog(86)) - Http request log for http.requests.hddsDatanode is not defined
2023-12-10 08:55:25,447 [main] INFO  http.HttpServer2 (HttpServer2.java:addGlobalFilter(1036)) - Added global filter 'safety' (class=org.apache.hadoop.hdds.server.http.HttpServer2$QuotingInputFilter)
2023-12-10 08:55:25,448 [main] INFO  http.HttpServer2 (HttpServer2.java:addFilter(1012)) - Added filter static_user_filter (class=org.apache.hadoop.http.lib.StaticUserWebFilter$StaticUserFilter) to context hddsDatanode
2023-12-10 08:55:25,449 [main] INFO  http.HttpServer2 (HttpServer2.java:addFilter(1020)) - Added filter static_user_filter (class=org.apache.hadoop.http.lib.StaticUserWebFilter$StaticUserFilter) to context static
2023-12-10 08:55:25,449 [main] INFO  http.HttpServer2 (HttpServer2.java:addFilter(1020)) - Added filter static_user_filter (class=org.apache.hadoop.http.lib.StaticUserWebFilter$StaticUserFilter) to context logs
2023-12-10 08:55:25,450 [main] INFO  http.BaseHttpServer (BaseHttpServer.java:<init>(189)) - HTTP server of hddsDatanode uses base directory /home/runner/work/ozone/ozone/hadoop-ozone/integration-test/target/test-dir/MiniOzoneClusterImpl-7f66dfcd-4d84-4460-b9fe-211923c7b7bb/datanode-4/meta/webserver
2023-12-10 08:55:25,450 [main] INFO  http.HttpServer2 (HttpServer2.java:bindListener(1236)) - Jetty bound to port 15045
2023-12-10 08:55:25,450 [main] INFO  server.Server (Server.java:doStart(375)) - jetty-9.4.53.v20231009; built: 2023-10-09T12:29:09.265Z; git: 27bde00a0b95a1d5bbee0eae7984f891d2d0f8c9; jvm 1.8.0_392-b08
2023-12-10 08:55:25,454 [main] INFO  server.session (DefaultSessionIdManager.java:doStart(334)) - DefaultSessionIdManager workerName=node0
2023-12-10 08:55:25,454 [main] INFO  server.session (DefaultSessionIdManager.java:doStart(339)) - No SessionScavenger set, using defaults
2023-12-10 08:55:25,455 [main] INFO  server.session (HouseKeeper.java:startScavenging(132)) - node0 Scavenging every 600000ms
2023-12-10 08:55:25,455 [main] INFO  handler.ContextHandler (ContextHandler.java:doStart(921)) - Started o.e.j.s.ServletContextHandler@10c64b0b{logs,/logs,file:///home/runner/work/ozone/ozone/hadoop-ozone/integration-test/target/log,AVAILABLE}
2023-12-10 08:55:25,456 [main] INFO  handler.ContextHandler (ContextHandler.java:doStart(921)) - Started o.e.j.s.ServletContextHandler@1d760c33{static,/static,jar:file:/home/runner/.m2/repository/org/apache/ozone/hdds-container-service/1.4.0-SNAPSHOT/hdds-container-service-1.4.0-SNAPSHOT.jar!/webapps/static,AVAILABLE}
2023-12-10 08:55:25,489 [main] INFO  handler.ContextHandler (ContextHandler.java:doStart(921)) - Started o.e.j.w.WebAppContext@303529f6{hddsDatanode,/,file:///home/runner/work/ozone/ozone/hadoop-ozone/integration-test/target/test-dir/MiniOzoneClusterImpl-7f66dfcd-4d84-4460-b9fe-211923c7b7bb/datanode-4/meta/webserver/jetty-0_0_0_0-15045-hdds-container-service-1_4_0-SNAPSHOT_jar-_-any-4653130436590878706/webapp/,AVAILABLE}{jar:file:/home/runner/.m2/repository/org/apache/ozone/hdds-container-service/1.4.0-SNAPSHOT/hdds-container-service-1.4.0-SNAPSHOT.jar!/webapps/hddsDatanode}
2023-12-10 08:55:25,490 [main] INFO  server.AbstractConnector (AbstractConnector.java:doStart(333)) - Started ServerConnector@22f302ff{HTTP/1.1, (http/1.1)}{0.0.0.0:15045}
2023-12-10 08:55:25,490 [main] INFO  server.Server (Server.java:doStart(415)) - Started @7161ms
2023-12-10 08:55:25,491 [main] WARN  impl.MetricsSystemImpl (MetricsSystemImpl.java:register(279)) - Sink prometheus already exists!
2023-12-10 08:55:25,491 [main] INFO  http.BaseHttpServer (BaseHttpServer.java:updateConnectorAddress(354)) - HTTP server of hddsDatanode listening at http://0.0.0.0:15045
2023-12-10 08:55:25,491 [main] INFO  ipc.CallQueueManager (CallQueueManager.java:<init>(90)) - Using callQueue: class java.util.concurrent.LinkedBlockingQueue, queueCapacity: 100, scheduler: class org.apache.hadoop.ipc.DefaultRpcScheduler, ipcBackoff: false.
2023-12-10 08:55:25,492 [main] INFO  ipc.Server (Server.java:<init>(1287)) - Listener at 0.0.0.0:15046
2023-12-10 08:55:25,492 [Socket Reader #1 for port 15046] INFO  ipc.Server (Server.java:run(1323)) - Starting Socket Reader #1 for port 15046
2023-12-10 08:55:25,496 [main] INFO  ozone.HddsDatanodeService (HddsDatanodeService.java:start(324)) - Datanode start with admins: [runner]
2023-12-10 08:55:25,496 [main] INFO  ozone.HddsDatanodeClientProtocolServer (HddsDatanodeClientProtocolServer.java:start(72)) - RPC server for Client /0.0.0.0:15046
2023-12-10 08:55:25,502 [IPC Server Responder] INFO  ipc.Server (Server.java:run(1562)) - IPC Server Responder: starting
2023-12-10 08:55:25,502 [IPC Server listener on 15046] INFO  ipc.Server (Server.java:run(1402)) - IPC Server listener on 15046: starting
2023-12-10 08:55:25,503 [71fa9327-596e-4bfe-b86f-33f6bdf50532-DatanodeStateMachineDaemonThread] INFO  statemachine.DatanodeStateMachine (DatanodeStateMachine.java:lambda$startDaemon$1(555)) - Ozone container server started.
2023-12-10 08:55:25,504 [main] WARN  dropwizard3.Dm3MetricRegistriesImpl (Dm3MetricRegistriesImpl.java:addReporterRegistration(113)) - New reporters are added after registries were created. Some metrics will be missing from the reporter. Please add reporter before adding any new registry.
2023-12-10 08:55:25,504 [main] WARN  dropwizard3.Dm3MetricRegistriesImpl (Dm3MetricRegistriesImpl.java:addReporterRegistration(113)) - New reporters are added after registries were created. Some metrics will be missing from the reporter. Please add reporter before adding any new registry.
2023-12-10 08:55:25,504 [main] INFO  impl.MetricsSystemImpl (MetricsSystemImpl.java:init(158)) - HddsDatanode metrics system started (again)
2023-12-10 08:55:25,514 [main] INFO  ozone.HddsDatanodeService (HddsDatanodeService.java:start(239)) - HddsDatanodeService host:fv-az1041-125 ip:10.1.0.29
2023-12-10 08:55:25,531 [71fa9327-596e-4bfe-b86f-33f6bdf50532-DatanodeStateMachineTaskThread-0] INFO  datanode.InitDatanodeState (InitDatanodeState.java:persistContainerDatanodeDetails(139)) - DatanodeDetails is persisted to /home/runner/work/ozone/ozone/hadoop-ozone/integration-test/target/test-dir/MiniOzoneClusterImpl-7f66dfcd-4d84-4460-b9fe-211923c7b7bb/datanode-4/meta/datanode.id
2023-12-10 08:55:25,534 [main] INFO  upgrade.AbstractLayoutVersionManager (AbstractLayoutVersionManager.java:init(83)) - Initializing Layout version manager with metadata layout = HADOOP_PRC_PORTS_IN_DATANODEDETAILS (version = 7), software layout = HADOOP_PRC_PORTS_IN_DATANODEDETAILS (version = 7)
2023-12-10 08:55:25,535 [main] INFO  statemachine.DatanodeStateMachine (DatanodeStateMachine.java:getEndPointTaskThreadPoolSize(299)) - Datanode State Machine Task Thread Pool size 2
2023-12-10 08:55:25,538 [main] INFO  volume.HddsVolume (HddsVolume.java:<init>(126)) - Creating HddsVolume: /home/runner/work/ozone/ozone/hadoop-ozone/integration-test/target/test-dir/MiniOzoneClusterImpl-7f66dfcd-4d84-4460-b9fe-211923c7b7bb/datanode-5/data-0/containers/hdds of storage type : DISK capacity : 9223372036854775807
2023-12-10 08:55:25,538 [main] INFO  volume.MutableVolumeSet (MutableVolumeSet.java:initializeVolumeSet(173)) - Added Volume : /home/runner/work/ozone/ozone/hadoop-ozone/integration-test/target/test-dir/MiniOzoneClusterImpl-7f66dfcd-4d84-4460-b9fe-211923c7b7bb/datanode-5/data-0/containers/hdds to VolumeSet
2023-12-10 08:55:25,539 [main] INFO  volume.MutableVolumeSet (MutableVolumeSet.java:initializeVolumeSet(173)) - Added Volume : /home/runner/work/ozone/ozone/hadoop-ozone/integration-test/target/test-dir/MiniOzoneClusterImpl-7f66dfcd-4d84-4460-b9fe-211923c7b7bb/datanode-5/data/ratis to VolumeSet
2023-12-10 08:55:25,539 [main] INFO  ozoneimpl.OzoneContainer (HddsVolumeUtil.java:loadAllHddsVolumeDbStore(103)) - Load 1 volumes DbStore cost: 0ms
2023-12-10 08:55:25,540 [ab6f04f4-5b2e-49ed-8ed6-18cca86f2b6f-ContainerReader-0] INFO  ozoneimpl.ContainerReader (ContainerReader.java:readVolume(177)) - Finish verifying containers on volume /home/runner/work/ozone/ozone/hadoop-ozone/integration-test/target/test-dir/MiniOzoneClusterImpl-7f66dfcd-4d84-4460-b9fe-211923c7b7bb/datanode-5/data-0/containers/hdds
2023-12-10 08:55:25,540 [main] INFO  ozoneimpl.OzoneContainer (OzoneContainer.java:buildContainerSet(326)) - Build ContainerSet costs 0s
2023-12-10 08:55:25,543 [main] INFO  server.RaftServer (ConfUtils.java:logGet(46)) - raft.rpc.type = GRPC (default)
2023-12-10 08:55:25,544 [main] INFO  grpc.GrpcConfigKeys (ConfUtils.java:logFallback(53)) - raft.grpc.admin.host = null (fallback to raft.grpc.server.host)
2023-12-10 08:55:25,544 [main] INFO  grpc.GrpcConfigKeys (ConfUtils.java:logGet(46)) - raft.grpc.admin.port = 15058 (custom)
2023-12-10 08:55:25,544 [main] INFO  grpc.GrpcConfigKeys (ConfUtils.java:logFallback(53)) - raft.grpc.client.host = null (fallback to raft.grpc.server.host)
2023-12-10 08:55:25,544 [main] INFO  grpc.GrpcConfigKeys (ConfUtils.java:logGet(46)) - raft.grpc.client.port = 15057 (custom)
2023-12-10 08:55:25,544 [main] INFO  grpc.GrpcConfigKeys (ConfUtils.java:logGet(46)) - raft.grpc.server.host = null (default)
2023-12-10 08:55:25,545 [main] INFO  grpc.GrpcConfigKeys (ConfUtils.java:logGet(46)) - raft.grpc.server.port = 15059 (custom)
2023-12-10 08:55:25,545 [main] INFO  server.GrpcService (ConfUtils.java:logGet(46)) - raft.grpc.message.size.max = 32MB (=33554432) (custom)
2023-12-10 08:55:25,545 [main] INFO  server.RaftServerConfigKeys (ConfUtils.java:logGet(46)) - raft.server.log.appender.buffer.byte-limit = 8388608 (custom)
2023-12-10 08:55:25,545 [main] INFO  server.GrpcService (ConfUtils.java:logGet(46)) - raft.grpc.flow.control.window = 5MB (=5242880) (custom)
2023-12-10 08:55:25,546 [main] INFO  server.RaftServerConfigKeys (ConfUtils.java:logGet(46)) - raft.server.rpc.request.timeout = 60s (custom)
2023-12-10 08:55:25,546 [main] INFO  grpc.GrpcConfigKeys (ConfUtils.java:logGet(46)) - raft.grpc.server.heartbeat.channel = true (default)
2023-12-10 08:55:25,546 [main] INFO  grpc.GrpcConfigKeys (ConfUtils.java:logGet(46)) - raft.grpc.server.async.request.thread.pool.cached = true (default)
2023-12-10 08:55:25,546 [main] INFO  grpc.GrpcConfigKeys (ConfUtils.java:logGet(46)) - raft.grpc.server.async.request.thread.pool.size = 32 (default)
2023-12-10 08:55:25,549 [main] INFO  impl.DataStreamServerImpl (ConfUtils.java:logGet(46)) - raft.datastream.type = NETTY (custom)
2023-12-10 08:55:25,549 [main] INFO  server.RaftServerConfigKeys (ConfUtils.java:logGet(46)) - raft.server.data-stream.async.request.thread.pool.cached = false (default)
2023-12-10 08:55:25,550 [main] INFO  server.RaftServerConfigKeys (ConfUtils.java:logGet(46)) - raft.server.data-stream.async.request.thread.pool.size = 20 (custom)
2023-12-10 08:55:25,550 [main] INFO  server.RaftServerConfigKeys (ConfUtils.java:logGet(46)) - raft.server.data-stream.async.write.thread.pool.size = 16 (default)
2023-12-10 08:55:25,550 [main] INFO  netty.NettyConfigKeys$DataStream (ConfUtils.java:logGet(46)) - raft.netty.dataStream.server.channel.inactive.grace-period = 10min (default)
2023-12-10 08:55:25,550 [main] INFO  server.RaftServerConfigKeys (ConfUtils.java:logGet(46)) - raft.server.data-stream.client.pool.size = 10 (default)
2023-12-10 08:55:25,551 [main] INFO  netty.NettyConfigKeys$DataStream (ConfUtils.java:logGet(46)) - raft.netty.dataStream.server.use-epoll = true (default)
2023-12-10 08:55:25,551 [main] INFO  netty.NettyConfigKeys$DataStream (ConfUtils.java:logGet(46)) - raft.netty.dataStream.server.boss-group.size = 0 (default)
2023-12-10 08:55:25,551 [main] INFO  netty.NettyUtils (NettyUtils.java:newEventLoopGroup(69)) - Create EpollEventLoopGroup for ab6f04f4-5b2e-49ed-8ed6-18cca86f2b6f-NettyServerStreamRpc-bossGroup; Thread size is 0.
2023-12-10 08:55:25,552 [main] INFO  netty.NettyConfigKeys$DataStream (ConfUtils.java:logGet(46)) - raft.netty.dataStream.server.worker-group.size = 0 (default)
2023-12-10 08:55:25,552 [main] INFO  netty.NettyUtils (NettyUtils.java:newEventLoopGroup(69)) - Create EpollEventLoopGroup for ab6f04f4-5b2e-49ed-8ed6-18cca86f2b6f-NettyServerStreamRpc-workerGroup; Thread size is 0.
2023-12-10 08:55:25,553 [main] INFO  netty.NettyConfigKeys$DataStream (ConfUtils.java:logGet(46)) - raft.netty.dataStream.server.tls.conf = null (default)
2023-12-10 08:55:25,553 [main] INFO  netty.NettyConfigKeys$DataStream (ConfUtils.java:logGet(46)) - raft.netty.dataStream.host = null (default)
2023-12-10 08:55:25,553 [main] INFO  netty.NettyConfigKeys$DataStream (ConfUtils.java:logGet(46)) - raft.netty.dataStream.port = 15060 (custom)
2023-12-10 08:55:25,554 [main] INFO  server.RaftServerConfigKeys (ConfUtils.java:logGet(46)) - raft.server.sleep.deviation.threshold = 300ms (default)
2023-12-10 08:55:25,555 [main] INFO  server.RaftServerConfigKeys (ConfUtils.java:logGet(46)) - raft.server.close.threshold = 60s (default)
2023-12-10 08:55:25,555 [ab6f04f4-5b2e-49ed-8ed6-18cca86f2b6f-NettyServerStreamRpc-bossGroup--thread1] INFO  logging.LoggingHandler (AbstractInternalLogger.java:log(148)) - [id: 0x75b52b7c] REGISTERED
2023-12-10 08:55:25,555 [main] INFO  server.RaftServerConfigKeys (ConfUtils.java:logGet(46)) - raft.server.leaderelection.leader.step-down.wait-time = 10s (default)
2023-12-10 08:55:25,555 [ab6f04f4-5b2e-49ed-8ed6-18cca86f2b6f-NettyServerStreamRpc-bossGroup--thread1] INFO  logging.LoggingHandler (AbstractInternalLogger.java:log(148)) - [id: 0x75b52b7c] BIND: 0.0.0.0/0.0.0.0:15060
2023-12-10 08:55:25,556 [main] INFO  server.RaftServerConfigKeys (ConfUtils.java:logGet(46)) - raft.server.storage.dir = [/home/runner/work/ozone/ozone/hadoop-ozone/integration-test/target/test-dir/MiniOzoneClusterImpl-7f66dfcd-4d84-4460-b9fe-211923c7b7bb/datanode-5/data/ratis] (custom)
2023-12-10 08:55:25,556 [ab6f04f4-5b2e-49ed-8ed6-18cca86f2b6f-NettyServerStreamRpc-bossGroup--thread1] INFO  logging.LoggingHandler (AbstractInternalLogger.java:log(148)) - [id: 0x75b52b7c, L:/0.0.0.0:15060] ACTIVE
2023-12-10 08:55:25,556 [main] INFO  server.RaftServerConfigKeys (ConfUtils.java:logGet(46)) - raft.server.threadpool.proxy.cached = true (default)
2023-12-10 08:55:25,556 [main] INFO  server.RaftServerConfigKeys (ConfUtils.java:logGet(46)) - raft.server.threadpool.proxy.size = 0 (default)
2023-12-10 08:55:25,557 [om1@group-C5BA1605619E-FollowerState] INFO  impl.FollowerState (FollowerState.java:run(143)) - om1@group-C5BA1605619E-FollowerState: change to CANDIDATE, lastRpcElapsedTime:1172983493ns, electionTimeout:1164ms
2023-12-10 08:55:25,557 [om1@group-C5BA1605619E-FollowerState] INFO  impl.RoleInfo (RoleInfo.java:shutdownFollowerState(110)) - om1: shutdown om1@group-C5BA1605619E-FollowerState
2023-12-10 08:55:25,558 [om1@group-C5BA1605619E-FollowerState] INFO  server.RaftServer$Division (RaftServerImpl.java:setRole(379)) - om1@group-C5BA1605619E: changes role from  FOLLOWER to CANDIDATE at term 0 for changeToCandidate
2023-12-10 08:55:25,560 [om1@group-C5BA1605619E-FollowerState] INFO  server.RaftServerConfigKeys (ConfUtils.java:logGet(46)) - raft.server.leaderelection.pre-vote = true (default)
2023-12-10 08:55:25,560 [om1@group-C5BA1605619E-FollowerState] INFO  impl.RoleInfo (RoleInfo.java:updateAndGet(139)) - om1: start om1@group-C5BA1605619E-LeaderElection1
2023-12-10 08:55:25,564 [ab6f04f4-5b2e-49ed-8ed6-18cca86f2b6f-impl-thread1] INFO  server.RaftServer (RaftServerProxy.java:initGroupDir(264)) - ab6f04f4-5b2e-49ed-8ed6-18cca86f2b6f: found a subdirectory /home/runner/work/ozone/ozone/hadoop-ozone/integration-test/target/test-dir/MiniOzoneClusterImpl-7f66dfcd-4d84-4460-b9fe-211923c7b7bb/datanode-5/data/ratis/tmp
2023-12-10 08:55:25,564 [ab6f04f4-5b2e-49ed-8ed6-18cca86f2b6f-impl-thread1] INFO  server.RaftServer (RaftServerProxy.java:initGroupDir(269)) - ab6f04f4-5b2e-49ed-8ed6-18cca86f2b6f: The directory /home/runner/work/ozone/ozone/hadoop-ozone/integration-test/target/test-dir/MiniOzoneClusterImpl-7f66dfcd-4d84-4460-b9fe-211923c7b7bb/datanode-5/data/ratis/tmp is not a group directory; ignoring it. 
2023-12-10 08:55:25,565 [main] INFO  replication.ReplicationServer (ReplicationServer.java:<init>(85)) - Initializing replication server with thread count = 10 queue length = 4096
2023-12-10 08:55:25,565 [om1@group-C5BA1605619E-LeaderElection1] INFO  impl.LeaderElection (LeaderElection.java:askForVotes(323)) - om1@group-C5BA1605619E-LeaderElection1 PRE_VOTE round 0: submit vote requests at term 0 for -1: peers:[om1|localhost:15007]|listeners:[], old=null
2023-12-10 08:55:25,566 [om1@group-C5BA1605619E-LeaderElection1] INFO  impl.LeaderElection (LeaderElection.java:askForVotes(325)) - om1@group-C5BA1605619E-LeaderElection1 PRE_VOTE round 0: result PASSED (term=0)
2023-12-10 08:55:25,567 [main] INFO  server.XceiverServerGrpc (XceiverServerGrpc.java:<init>(141)) - GrpcServer channel type EpollServerSocketChannel
2023-12-10 08:55:25,569 [main] INFO  replication.ReplicationSupervisor (ReplicationSupervisor.java:build(163)) - Initializing replication supervisor with thread count = 10
2023-12-10 08:55:25,570 [main] INFO  replication.ReplicationSupervisor (ReplicationSupervisor.java:nodeStateUpdated(317)) - Node state updated to IN_SERVICE, scaling executor pool size to 10
2023-12-10 08:55:25,569 [om1@group-C5BA1605619E-LeaderElection1] INFO  impl.LeaderElection (LeaderElection.java:askForVotes(323)) - om1@group-C5BA1605619E-LeaderElection1 ELECTION round 0: submit vote requests at term 1 for -1: peers:[om1|localhost:15007]|listeners:[], old=null
2023-12-10 08:55:25,570 [om1@group-C5BA1605619E-LeaderElection1] INFO  impl.LeaderElection (LeaderElection.java:askForVotes(325)) - om1@group-C5BA1605619E-LeaderElection1 ELECTION round 0: result PASSED (term=1)
2023-12-10 08:55:25,571 [om1@group-C5BA1605619E-LeaderElection1] INFO  impl.RoleInfo (RoleInfo.java:shutdownLeaderElection(130)) - om1: shutdown om1@group-C5BA1605619E-LeaderElection1
2023-12-10 08:55:25,571 [om1@group-C5BA1605619E-LeaderElection1] INFO  server.RaftServer$Division (RaftServerImpl.java:setRole(379)) - om1@group-C5BA1605619E: changes role from CANDIDATE to LEADER at term 1 for changeToLeader
2023-12-10 08:55:25,576 [main] INFO  http.BaseHttpServer (BaseHttpServer.java:newHttpServer2BuilderForOzone(223)) - Starting Web-server for hddsDatanode at: http://0.0.0.0:15054
2023-12-10 08:55:25,576 [main] INFO  http.BaseHttpServer (BaseHttpServer.java:<init>(110)) - Hadoop Security Enabled: false Ozone Security Enabled: false Ozone HTTP Security Enabled: false 
2023-12-10 08:55:25,577 [om1@group-C5BA1605619E-LeaderElection1] INFO  server.RaftServerConfigKeys (ConfUtils.java:logGet(46)) - raft.server.staging.catchup.gap = 1000 (default)
2023-12-10 08:55:25,578 [main] WARN  server.AuthenticationFilter (AuthenticationFilter.java:constructSecretProvider(240)) - Unable to initialize FileSignerSecretProvider, falling back to use random secrets. Reason: Could not read signature secret file: /home/runner/hadoop-http-auth-signature-secret
2023-12-10 08:55:25,580 [main] INFO  http.HttpRequestLog (HttpRequestLog.java:getRequestLog(86)) - Http request log for http.requests.hddsDatanode is not defined
2023-12-10 08:55:25,581 [main] INFO  http.HttpServer2 (HttpServer2.java:addGlobalFilter(1036)) - Added global filter 'safety' (class=org.apache.hadoop.hdds.server.http.HttpServer2$QuotingInputFilter)
2023-12-10 08:55:25,581 [om1@group-C5BA1605619E-LeaderElection1] INFO  server.RaftServerConfigKeys (ConfUtils.java:logGet(46)) - raft.server.write.element-limit = 4096 (default)
2023-12-10 08:55:25,582 [main] INFO  http.HttpServer2 (HttpServer2.java:addFilter(1012)) - Added filter static_user_filter (class=org.apache.hadoop.http.lib.StaticUserWebFilter$StaticUserFilter) to context hddsDatanode
2023-12-10 08:55:25,582 [main] INFO  http.HttpServer2 (HttpServer2.java:addFilter(1020)) - Added filter static_user_filter (class=org.apache.hadoop.http.lib.StaticUserWebFilter$StaticUserFilter) to context static
2023-12-10 08:55:25,582 [main] INFO  http.HttpServer2 (HttpServer2.java:addFilter(1020)) - Added filter static_user_filter (class=org.apache.hadoop.http.lib.StaticUserWebFilter$StaticUserFilter) to context logs
2023-12-10 08:55:25,583 [om1@group-C5BA1605619E-LeaderElection1] INFO  server.RaftServerConfigKeys (ConfUtils.java:logGet(46)) - raft.server.write.byte-limit = 64MB (=67108864) (default)
2023-12-10 08:55:25,583 [main] INFO  http.BaseHttpServer (BaseHttpServer.java:<init>(189)) - HTTP server of hddsDatanode uses base directory /home/runner/work/ozone/ozone/hadoop-ozone/integration-test/target/test-dir/MiniOzoneClusterImpl-7f66dfcd-4d84-4460-b9fe-211923c7b7bb/datanode-5/meta/webserver
2023-12-10 08:55:25,584 [main] INFO  http.HttpServer2 (HttpServer2.java:bindListener(1236)) - Jetty bound to port 15054
2023-12-10 08:55:25,584 [main] INFO  server.Server (Server.java:doStart(375)) - jetty-9.4.53.v20231009; built: 2023-10-09T12:29:09.265Z; git: 27bde00a0b95a1d5bbee0eae7984f891d2d0f8c9; jvm 1.8.0_392-b08
2023-12-10 08:55:25,587 [om1@group-C5BA1605619E-LeaderElection1] INFO  server.RaftServerConfigKeys (ConfUtils.java:logGet(46)) - raft.server.watch.timeout = 10s (default)
2023-12-10 08:55:25,587 [om1@group-C5BA1605619E-LeaderElection1] INFO  server.RaftServerConfigKeys (ConfUtils.java:logGet(46)) - raft.server.watch.timeout.denomination = 1s (default)
2023-12-10 08:55:25,587 [om1@group-C5BA1605619E-LeaderElection1] INFO  server.RaftServerConfigKeys (ConfUtils.java:logGet(46)) - raft.server.watch.element-limit = 65536 (default)
2023-12-10 08:55:25,591 [om1@group-C5BA1605619E-LeaderElection1] INFO  server.RaftServerConfigKeys (ConfUtils.java:logGet(46)) - raft.server.read.leader.lease.enabled = false (default)
2023-12-10 08:55:25,593 [om1@group-C5BA1605619E-LeaderElection1] INFO  server.RaftServerConfigKeys (ConfUtils.java:logGet(46)) - raft.server.read.leader.lease.timeout.ratio = 0.9 (default)
2023-12-10 08:55:25,593 [om1@group-C5BA1605619E-LeaderElection1] INFO  server.RaftServerConfigKeys (ConfUtils.java:logGet(46)) - raft.server.rpc.timeout.min = 1s (custom)
2023-12-10 08:55:25,593 [om1@group-C5BA1605619E-LeaderElection1] INFO  server.RaftServerConfigKeys (ConfUtils.java:logGet(46)) - raft.server.write.element-limit = 4096 (default)
2023-12-10 08:55:25,594 [om1@group-C5BA1605619E-LeaderElection1] INFO  server.RaftServerConfigKeys (ConfUtils.java:logGet(46)) - raft.server.write.follower.gap.ratio.max = -1.0 (default)
2023-12-10 08:55:25,595 [om1@group-C5BA1605619E-LeaderElection1] INFO  impl.RoleInfo (RoleInfo.java:updateAndGet(139)) - om1: start om1@group-C5BA1605619E-LeaderStateImpl
2023-12-10 08:55:25,595 [om1@group-C5BA1605619E-LeaderElection1] INFO  server.RaftServer$Division (RaftServerImpl.java:setFirstElection(564)) - om1@group-C5BA1605619E: set firstElectionSinceStartup to false for becomeLeader
2023-12-10 08:55:25,597 [om1@group-C5BA1605619E-LeaderElection1] INFO  server.RaftServer$Division (ServerState.java:setLeader(265)) - om1@group-C5BA1605619E: change Leader from null to om1 at term 1 for becomeLeader, leader elected after 2070ms
2023-12-10 08:55:25,599 [main] INFO  server.session (DefaultSessionIdManager.java:doStart(334)) - DefaultSessionIdManager workerName=node0
2023-12-10 08:55:25,599 [main] INFO  server.session (DefaultSessionIdManager.java:doStart(339)) - No SessionScavenger set, using defaults
2023-12-10 08:55:25,600 [main] INFO  server.session (HouseKeeper.java:startScavenging(132)) - node0 Scavenging every 600000ms
2023-12-10 08:55:25,600 [main] INFO  handler.ContextHandler (ContextHandler.java:doStart(921)) - Started o.e.j.s.ServletContextHandler@17e23aa8{logs,/logs,file:///home/runner/work/ozone/ozone/hadoop-ozone/integration-test/target/log,AVAILABLE}
2023-12-10 08:55:25,601 [main] INFO  handler.ContextHandler (ContextHandler.java:doStart(921)) - Started o.e.j.s.ServletContextHandler@51d38c91{static,/static,jar:file:/home/runner/.m2/repository/org/apache/ozone/hdds-container-service/1.4.0-SNAPSHOT/hdds-container-service-1.4.0-SNAPSHOT.jar!/webapps/static,AVAILABLE}
2023-12-10 08:55:25,616 [om1@group-C5BA1605619E-LeaderElection1] INFO  segmented.SegmentedRaftLogWorker (SegmentedRaftLogWorker.java:startLogSegment(428)) - om1@group-C5BA1605619E-SegmentedRaftLogWorker: Starting segment from index:0
2023-12-10 08:55:25,643 [om1@group-C5BA1605619E-LeaderElection1] INFO  server.RaftServer$Division (ServerState.java:setRaftConf(382)) - om1@group-C5BA1605619E: set configuration 0: peers:[om1|localhost:15007]|listeners:[], old=null
2023-12-10 08:55:25,659 [main] INFO  handler.ContextHandler (ContextHandler.java:doStart(921)) - Started o.e.j.w.WebAppContext@5a0dc408{hddsDatanode,/,file:///home/runner/work/ozone/ozone/hadoop-ozone/integration-test/target/test-dir/MiniOzoneClusterImpl-7f66dfcd-4d84-4460-b9fe-211923c7b7bb/datanode-5/meta/webserver/jetty-0_0_0_0-15054-hdds-container-service-1_4_0-SNAPSHOT_jar-_-any-8757689712285670871/webapp/,AVAILABLE}{jar:file:/home/runner/.m2/repository/org/apache/ozone/hdds-container-service/1.4.0-SNAPSHOT/hdds-container-service-1.4.0-SNAPSHOT.jar!/webapps/hddsDatanode}
2023-12-10 08:55:25,661 [main] INFO  server.AbstractConnector (AbstractConnector.java:doStart(333)) - Started ServerConnector@6609a1a1{HTTP/1.1, (http/1.1)}{0.0.0.0:15054}
2023-12-10 08:55:25,661 [main] INFO  server.Server (Server.java:doStart(415)) - Started @7332ms
2023-12-10 08:55:25,661 [main] WARN  impl.MetricsSystemImpl (MetricsSystemImpl.java:register(279)) - Sink prometheus already exists!
2023-12-10 08:55:25,662 [main] INFO  http.BaseHttpServer (BaseHttpServer.java:updateConnectorAddress(354)) - HTTP server of hddsDatanode listening at http://0.0.0.0:15054
2023-12-10 08:55:25,662 [main] INFO  ipc.CallQueueManager (CallQueueManager.java:<init>(90)) - Using callQueue: class java.util.concurrent.LinkedBlockingQueue, queueCapacity: 100, scheduler: class org.apache.hadoop.ipc.DefaultRpcScheduler, ipcBackoff: false.
2023-12-10 08:55:25,663 [main] INFO  ipc.Server (Server.java:<init>(1287)) - Listener at 0.0.0.0:15055
2023-12-10 08:55:25,663 [Socket Reader #1 for port 15055] INFO  ipc.Server (Server.java:run(1323)) - Starting Socket Reader #1 for port 15055
2023-12-10 08:55:25,666 [main] INFO  ozone.HddsDatanodeService (HddsDatanodeService.java:start(324)) - Datanode start with admins: [runner]
2023-12-10 08:55:25,666 [main] INFO  ozone.HddsDatanodeClientProtocolServer (HddsDatanodeClientProtocolServer.java:start(72)) - RPC server for Client /0.0.0.0:15055
2023-12-10 08:55:25,670 [IPC Server Responder] INFO  ipc.Server (Server.java:run(1562)) - IPC Server Responder: starting
2023-12-10 08:55:25,670 [IPC Server listener on 15055] INFO  ipc.Server (Server.java:run(1402)) - IPC Server listener on 15055: starting
2023-12-10 08:55:25,678 [ab6f04f4-5b2e-49ed-8ed6-18cca86f2b6f-DatanodeStateMachineDaemonThread] INFO  statemachine.DatanodeStateMachine (DatanodeStateMachine.java:lambda$startDaemon$1(555)) - Ozone container server started.
2023-12-10 08:55:25,678 [main] WARN  dropwizard3.Dm3MetricRegistriesImpl (Dm3MetricRegistriesImpl.java:addReporterRegistration(113)) - New reporters are added after registries were created. Some metrics will be missing from the reporter. Please add reporter before adding any new registry.
2023-12-10 08:55:25,679 [main] WARN  dropwizard3.Dm3MetricRegistriesImpl (Dm3MetricRegistriesImpl.java:addReporterRegistration(113)) - New reporters are added after registries were created. Some metrics will be missing from the reporter. Please add reporter before adding any new registry.
2023-12-10 08:55:25,679 [main] INFO  impl.MetricsSystemImpl (MetricsSystemImpl.java:init(158)) - HddsDatanode metrics system started (again)
2023-12-10 08:55:25,689 [ab6f04f4-5b2e-49ed-8ed6-18cca86f2b6f-DatanodeStateMachineTaskThread-0] INFO  datanode.InitDatanodeState (InitDatanodeState.java:persistContainerDatanodeDetails(139)) - DatanodeDetails is persisted to /home/runner/work/ozone/ozone/hadoop-ozone/integration-test/target/test-dir/MiniOzoneClusterImpl-7f66dfcd-4d84-4460-b9fe-211923c7b7bb/datanode-5/meta/datanode.id
2023-12-10 08:55:25,694 [main] INFO  ozone.HddsDatanodeService (HddsDatanodeService.java:start(239)) - HddsDatanodeService host:fv-az1041-125 ip:10.1.0.29
2023-12-10 08:55:25,713 [main] INFO  upgrade.AbstractLayoutVersionManager (AbstractLayoutVersionManager.java:init(83)) - Initializing Layout version manager with metadata layout = HADOOP_PRC_PORTS_IN_DATANODEDETAILS (version = 7), software layout = HADOOP_PRC_PORTS_IN_DATANODEDETAILS (version = 7)
2023-12-10 08:55:25,714 [main] INFO  statemachine.DatanodeStateMachine (DatanodeStateMachine.java:getEndPointTaskThreadPoolSize(299)) - Datanode State Machine Task Thread Pool size 2
2023-12-10 08:55:25,716 [om1@group-C5BA1605619E-SegmentedRaftLogWorker] INFO  segmented.SegmentedRaftLogWorker (SegmentedRaftLogWorker.java:execute(632)) - om1@group-C5BA1605619E-SegmentedRaftLogWorker: created new log segment /home/runner/work/ozone/ozone/hadoop-ozone/integration-test/target/test-dir/MiniOzoneClusterImpl-7f66dfcd-4d84-4460-b9fe-211923c7b7bb/ozone-meta/ratis/bf265839-605b-3f16-9796-c5ba1605619e/current/log_inprogress_0
2023-12-10 08:55:25,720 [main] INFO  volume.HddsVolume (HddsVolume.java:<init>(126)) - Creating HddsVolume: /home/runner/work/ozone/ozone/hadoop-ozone/integration-test/target/test-dir/MiniOzoneClusterImpl-7f66dfcd-4d84-4460-b9fe-211923c7b7bb/datanode-6/data-0/containers/hdds of storage type : DISK capacity : 9223372036854775807
2023-12-10 08:55:25,720 [main] INFO  volume.MutableVolumeSet (MutableVolumeSet.java:initializeVolumeSet(173)) - Added Volume : /home/runner/work/ozone/ozone/hadoop-ozone/integration-test/target/test-dir/MiniOzoneClusterImpl-7f66dfcd-4d84-4460-b9fe-211923c7b7bb/datanode-6/data-0/containers/hdds to VolumeSet
2023-12-10 08:55:25,724 [main] INFO  volume.MutableVolumeSet (MutableVolumeSet.java:initializeVolumeSet(173)) - Added Volume : /home/runner/work/ozone/ozone/hadoop-ozone/integration-test/target/test-dir/MiniOzoneClusterImpl-7f66dfcd-4d84-4460-b9fe-211923c7b7bb/datanode-6/data/ratis to VolumeSet
2023-12-10 08:55:25,725 [main] INFO  ozoneimpl.OzoneContainer (HddsVolumeUtil.java:loadAllHddsVolumeDbStore(103)) - Load 1 volumes DbStore cost: 1ms
2023-12-10 08:55:25,730 [383c3691-e37d-4704-9b62-3f343d93bad0-ContainerReader-0] INFO  ozoneimpl.ContainerReader (ContainerReader.java:readVolume(177)) - Finish verifying containers on volume /home/runner/work/ozone/ozone/hadoop-ozone/integration-test/target/test-dir/MiniOzoneClusterImpl-7f66dfcd-4d84-4460-b9fe-211923c7b7bb/datanode-6/data-0/containers/hdds
2023-12-10 08:55:25,731 [main] INFO  ozoneimpl.OzoneContainer (OzoneContainer.java:buildContainerSet(326)) - Build ContainerSet costs 0s
2023-12-10 08:55:25,734 [main] INFO  server.RaftServer (ConfUtils.java:logGet(46)) - raft.rpc.type = GRPC (default)
2023-12-10 08:55:25,734 [main] INFO  grpc.GrpcConfigKeys (ConfUtils.java:logFallback(53)) - raft.grpc.admin.host = null (fallback to raft.grpc.server.host)
2023-12-10 08:55:25,734 [main] INFO  grpc.GrpcConfigKeys (ConfUtils.java:logGet(46)) - raft.grpc.admin.port = 15067 (custom)
2023-12-10 08:55:25,735 [main] INFO  grpc.GrpcConfigKeys (ConfUtils.java:logFallback(53)) - raft.grpc.client.host = null (fallback to raft.grpc.server.host)
2023-12-10 08:55:25,735 [main] INFO  grpc.GrpcConfigKeys (ConfUtils.java:logGet(46)) - raft.grpc.client.port = 15066 (custom)
2023-12-10 08:55:25,735 [main] INFO  grpc.GrpcConfigKeys (ConfUtils.java:logGet(46)) - raft.grpc.server.host = null (default)
2023-12-10 08:55:25,736 [main] INFO  grpc.GrpcConfigKeys (ConfUtils.java:logGet(46)) - raft.grpc.server.port = 15068 (custom)
2023-12-10 08:55:25,736 [main] INFO  server.GrpcService (ConfUtils.java:logGet(46)) - raft.grpc.message.size.max = 32MB (=33554432) (custom)
2023-12-10 08:55:25,737 [main] INFO  server.RaftServerConfigKeys (ConfUtils.java:logGet(46)) - raft.server.log.appender.buffer.byte-limit = 8388608 (custom)
2023-12-10 08:55:25,737 [main] INFO  server.GrpcService (ConfUtils.java:logGet(46)) - raft.grpc.flow.control.window = 5MB (=5242880) (custom)
2023-12-10 08:55:25,738 [main] INFO  server.RaftServerConfigKeys (ConfUtils.java:logGet(46)) - raft.server.rpc.request.timeout = 60s (custom)
2023-12-10 08:55:25,738 [main] INFO  grpc.GrpcConfigKeys (ConfUtils.java:logGet(46)) - raft.grpc.server.heartbeat.channel = true (default)
2023-12-10 08:55:25,739 [main] INFO  grpc.GrpcConfigKeys (ConfUtils.java:logGet(46)) - raft.grpc.server.async.request.thread.pool.cached = true (default)
2023-12-10 08:55:25,739 [main] INFO  grpc.GrpcConfigKeys (ConfUtils.java:logGet(46)) - raft.grpc.server.async.request.thread.pool.size = 32 (default)
2023-12-10 08:55:25,742 [main] INFO  impl.DataStreamServerImpl (ConfUtils.java:logGet(46)) - raft.datastream.type = NETTY (custom)
2023-12-10 08:55:25,742 [main] INFO  server.RaftServerConfigKeys (ConfUtils.java:logGet(46)) - raft.server.data-stream.async.request.thread.pool.cached = false (default)
2023-12-10 08:55:25,743 [main] INFO  server.RaftServerConfigKeys (ConfUtils.java:logGet(46)) - raft.server.data-stream.async.request.thread.pool.size = 20 (custom)
2023-12-10 08:55:25,743 [main] INFO  server.RaftServerConfigKeys (ConfUtils.java:logGet(46)) - raft.server.data-stream.async.write.thread.pool.size = 16 (default)
2023-12-10 08:55:25,743 [main] INFO  netty.NettyConfigKeys$DataStream (ConfUtils.java:logGet(46)) - raft.netty.dataStream.server.channel.inactive.grace-period = 10min (default)
2023-12-10 08:55:25,743 [main] INFO  server.RaftServerConfigKeys (ConfUtils.java:logGet(46)) - raft.server.data-stream.client.pool.size = 10 (default)
2023-12-10 08:55:25,743 [main] INFO  netty.NettyConfigKeys$DataStream (ConfUtils.java:logGet(46)) - raft.netty.dataStream.server.use-epoll = true (default)
2023-12-10 08:55:25,744 [main] INFO  netty.NettyConfigKeys$DataStream (ConfUtils.java:logGet(46)) - raft.netty.dataStream.server.boss-group.size = 0 (default)
2023-12-10 08:55:25,744 [main] INFO  netty.NettyUtils (NettyUtils.java:newEventLoopGroup(69)) - Create EpollEventLoopGroup for 383c3691-e37d-4704-9b62-3f343d93bad0-NettyServerStreamRpc-bossGroup; Thread size is 0.
2023-12-10 08:55:25,745 [main] INFO  netty.NettyConfigKeys$DataStream (ConfUtils.java:logGet(46)) - raft.netty.dataStream.server.worker-group.size = 0 (default)
2023-12-10 08:55:25,745 [main] INFO  netty.NettyUtils (NettyUtils.java:newEventLoopGroup(69)) - Create EpollEventLoopGroup for 383c3691-e37d-4704-9b62-3f343d93bad0-NettyServerStreamRpc-workerGroup; Thread size is 0.
2023-12-10 08:55:25,745 [main] INFO  netty.NettyConfigKeys$DataStream (ConfUtils.java:logGet(46)) - raft.netty.dataStream.server.tls.conf = null (default)
2023-12-10 08:55:25,746 [main] INFO  netty.NettyConfigKeys$DataStream (ConfUtils.java:logGet(46)) - raft.netty.dataStream.host = null (default)
2023-12-10 08:55:25,746 [main] INFO  netty.NettyConfigKeys$DataStream (ConfUtils.java:logGet(46)) - raft.netty.dataStream.port = 15069 (custom)
2023-12-10 08:55:25,747 [main] INFO  server.RaftServerConfigKeys (ConfUtils.java:logGet(46)) - raft.server.sleep.deviation.threshold = 300ms (default)
2023-12-10 08:55:25,747 [main] INFO  server.RaftServerConfigKeys (ConfUtils.java:logGet(46)) - raft.server.close.threshold = 60s (default)
2023-12-10 08:55:25,747 [main] INFO  server.RaftServerConfigKeys (ConfUtils.java:logGet(46)) - raft.server.leaderelection.leader.step-down.wait-time = 10s (default)
2023-12-10 08:55:25,748 [main] INFO  server.RaftServerConfigKeys (ConfUtils.java:logGet(46)) - raft.server.storage.dir = [/home/runner/work/ozone/ozone/hadoop-ozone/integration-test/target/test-dir/MiniOzoneClusterImpl-7f66dfcd-4d84-4460-b9fe-211923c7b7bb/datanode-6/data/ratis] (custom)
2023-12-10 08:55:25,748 [main] INFO  server.RaftServerConfigKeys (ConfUtils.java:logGet(46)) - raft.server.threadpool.proxy.cached = true (default)
2023-12-10 08:55:25,748 [main] INFO  server.RaftServerConfigKeys (ConfUtils.java:logGet(46)) - raft.server.threadpool.proxy.size = 0 (default)
2023-12-10 08:55:25,749 [383c3691-e37d-4704-9b62-3f343d93bad0-impl-thread1] INFO  server.RaftServer (RaftServerProxy.java:initGroupDir(264)) - 383c3691-e37d-4704-9b62-3f343d93bad0: found a subdirectory /home/runner/work/ozone/ozone/hadoop-ozone/integration-test/target/test-dir/MiniOzoneClusterImpl-7f66dfcd-4d84-4460-b9fe-211923c7b7bb/datanode-6/data/ratis/tmp
2023-12-10 08:55:25,749 [383c3691-e37d-4704-9b62-3f343d93bad0-impl-thread1] INFO  server.RaftServer (RaftServerProxy.java:initGroupDir(269)) - 383c3691-e37d-4704-9b62-3f343d93bad0: The directory /home/runner/work/ozone/ozone/hadoop-ozone/integration-test/target/test-dir/MiniOzoneClusterImpl-7f66dfcd-4d84-4460-b9fe-211923c7b7bb/datanode-6/data/ratis/tmp is not a group directory; ignoring it. 
2023-12-10 08:55:25,749 [main] INFO  replication.ReplicationServer (ReplicationServer.java:<init>(85)) - Initializing replication server with thread count = 10 queue length = 4096
2023-12-10 08:55:25,750 [383c3691-e37d-4704-9b62-3f343d93bad0-NettyServerStreamRpc-bossGroup--thread1] INFO  logging.LoggingHandler (AbstractInternalLogger.java:log(148)) - [id: 0xf3259fc4] REGISTERED
2023-12-10 08:55:25,750 [383c3691-e37d-4704-9b62-3f343d93bad0-NettyServerStreamRpc-bossGroup--thread1] INFO  logging.LoggingHandler (AbstractInternalLogger.java:log(148)) - [id: 0xf3259fc4] BIND: 0.0.0.0/0.0.0.0:15069
2023-12-10 08:55:25,751 [383c3691-e37d-4704-9b62-3f343d93bad0-NettyServerStreamRpc-bossGroup--thread1] INFO  logging.LoggingHandler (AbstractInternalLogger.java:log(148)) - [id: 0xf3259fc4, L:/0.0.0.0:15069] ACTIVE
2023-12-10 08:55:25,774 [main] INFO  server.XceiverServerGrpc (XceiverServerGrpc.java:<init>(141)) - GrpcServer channel type EpollServerSocketChannel
2023-12-10 08:55:25,777 [main] INFO  replication.ReplicationSupervisor (ReplicationSupervisor.java:build(163)) - Initializing replication supervisor with thread count = 10
2023-12-10 08:55:25,777 [main] INFO  replication.ReplicationSupervisor (ReplicationSupervisor.java:nodeStateUpdated(317)) - Node state updated to IN_SERVICE, scaling executor pool size to 10
2023-12-10 08:55:25,782 [main] INFO  http.BaseHttpServer (BaseHttpServer.java:newHttpServer2BuilderForOzone(223)) - Starting Web-server for hddsDatanode at: http://0.0.0.0:15063
2023-12-10 08:55:25,782 [main] INFO  http.BaseHttpServer (BaseHttpServer.java:<init>(110)) - Hadoop Security Enabled: false Ozone Security Enabled: false Ozone HTTP Security Enabled: false 
2023-12-10 08:55:25,784 [main] WARN  server.AuthenticationFilter (AuthenticationFilter.java:constructSecretProvider(240)) - Unable to initialize FileSignerSecretProvider, falling back to use random secrets. Reason: Could not read signature secret file: /home/runner/hadoop-http-auth-signature-secret
2023-12-10 08:55:25,784 [main] INFO  http.HttpRequestLog (HttpRequestLog.java:getRequestLog(86)) - Http request log for http.requests.hddsDatanode is not defined
2023-12-10 08:55:25,786 [main] INFO  http.HttpServer2 (HttpServer2.java:addGlobalFilter(1036)) - Added global filter 'safety' (class=org.apache.hadoop.hdds.server.http.HttpServer2$QuotingInputFilter)
2023-12-10 08:55:25,787 [main] INFO  http.HttpServer2 (HttpServer2.java:addFilter(1012)) - Added filter static_user_filter (class=org.apache.hadoop.http.lib.StaticUserWebFilter$StaticUserFilter) to context hddsDatanode
2023-12-10 08:55:25,787 [main] INFO  http.HttpServer2 (HttpServer2.java:addFilter(1020)) - Added filter static_user_filter (class=org.apache.hadoop.http.lib.StaticUserWebFilter$StaticUserFilter) to context static
2023-12-10 08:55:25,787 [main] INFO  http.HttpServer2 (HttpServer2.java:addFilter(1020)) - Added filter static_user_filter (class=org.apache.hadoop.http.lib.StaticUserWebFilter$StaticUserFilter) to context logs
2023-12-10 08:55:25,788 [main] INFO  http.BaseHttpServer (BaseHttpServer.java:<init>(189)) - HTTP server of hddsDatanode uses base directory /home/runner/work/ozone/ozone/hadoop-ozone/integration-test/target/test-dir/MiniOzoneClusterImpl-7f66dfcd-4d84-4460-b9fe-211923c7b7bb/datanode-6/meta/webserver
2023-12-10 08:55:25,788 [main] INFO  http.HttpServer2 (HttpServer2.java:bindListener(1236)) - Jetty bound to port 15063
2023-12-10 08:55:25,788 [main] INFO  server.Server (Server.java:doStart(375)) - jetty-9.4.53.v20231009; built: 2023-10-09T12:29:09.265Z; git: 27bde00a0b95a1d5bbee0eae7984f891d2d0f8c9; jvm 1.8.0_392-b08
2023-12-10 08:55:25,790 [main] INFO  server.session (DefaultSessionIdManager.java:doStart(334)) - DefaultSessionIdManager workerName=node0
2023-12-10 08:55:25,790 [main] INFO  server.session (DefaultSessionIdManager.java:doStart(339)) - No SessionScavenger set, using defaults
2023-12-10 08:55:25,790 [main] INFO  server.session (HouseKeeper.java:startScavenging(132)) - node0 Scavenging every 660000ms
2023-12-10 08:55:25,791 [main] INFO  handler.ContextHandler (ContextHandler.java:doStart(921)) - Started o.e.j.s.ServletContextHandler@2d8d4df{logs,/logs,file:///home/runner/work/ozone/ozone/hadoop-ozone/integration-test/target/log,AVAILABLE}
2023-12-10 08:55:25,791 [main] INFO  handler.ContextHandler (ContextHandler.java:doStart(921)) - Started o.e.j.s.ServletContextHandler@65600d45{static,/static,jar:file:/home/runner/.m2/repository/org/apache/ozone/hdds-container-service/1.4.0-SNAPSHOT/hdds-container-service-1.4.0-SNAPSHOT.jar!/webapps/static,AVAILABLE}
2023-12-10 08:55:25,807 [om1@group-C5BA1605619E-StateMachineUpdater] INFO  ratis.OzoneManagerStateMachine (OzoneManagerStateMachine.java:notifyConfigurationChanged(210)) - Received Configuration change notification from Ratis. New Peer list:
[id: "om1"
address: "localhost:15007"
startupRole: FOLLOWER
]
2023-12-10 08:55:25,808 [om1@group-C5BA1605619E-StateMachineUpdater] INFO  server.RaftServer$Division (LeaderStateImpl.java:isApplied(316)) - leader is ready since appliedIndex == 0 >= startIndex == 0
2023-12-10 08:55:25,830 [main] INFO  handler.ContextHandler (ContextHandler.java:doStart(921)) - Started o.e.j.w.WebAppContext@7fb67207{hddsDatanode,/,file:///home/runner/work/ozone/ozone/hadoop-ozone/integration-test/target/test-dir/MiniOzoneClusterImpl-7f66dfcd-4d84-4460-b9fe-211923c7b7bb/datanode-6/meta/webserver/jetty-0_0_0_0-15063-hdds-container-service-1_4_0-SNAPSHOT_jar-_-any-6496270999703117842/webapp/,AVAILABLE}{jar:file:/home/runner/.m2/repository/org/apache/ozone/hdds-container-service/1.4.0-SNAPSHOT/hdds-container-service-1.4.0-SNAPSHOT.jar!/webapps/hddsDatanode}
2023-12-10 08:55:25,831 [main] INFO  server.AbstractConnector (AbstractConnector.java:doStart(333)) - Started ServerConnector@3365da63{HTTP/1.1, (http/1.1)}{0.0.0.0:15063}
2023-12-10 08:55:25,831 [main] INFO  server.Server (Server.java:doStart(415)) - Started @7502ms
2023-12-10 08:55:25,832 [main] WARN  impl.MetricsSystemImpl (MetricsSystemImpl.java:register(279)) - Sink prometheus already exists!
2023-12-10 08:55:25,832 [main] INFO  http.BaseHttpServer (BaseHttpServer.java:updateConnectorAddress(354)) - HTTP server of hddsDatanode listening at http://0.0.0.0:15063
2023-12-10 08:55:25,833 [main] INFO  ipc.CallQueueManager (CallQueueManager.java:<init>(90)) - Using callQueue: class java.util.concurrent.LinkedBlockingQueue, queueCapacity: 100, scheduler: class org.apache.hadoop.ipc.DefaultRpcScheduler, ipcBackoff: false.
2023-12-10 08:55:25,833 [main] INFO  ipc.Server (Server.java:<init>(1287)) - Listener at 0.0.0.0:15064
2023-12-10 08:55:25,833 [Socket Reader #1 for port 15064] INFO  ipc.Server (Server.java:run(1323)) - Starting Socket Reader #1 for port 15064
2023-12-10 08:55:25,835 [main] INFO  ozone.HddsDatanodeService (HddsDatanodeService.java:start(324)) - Datanode start with admins: [runner]
2023-12-10 08:55:25,835 [main] INFO  ozone.HddsDatanodeClientProtocolServer (HddsDatanodeClientProtocolServer.java:start(72)) - RPC server for Client /0.0.0.0:15064
2023-12-10 08:55:25,836 [IPC Server Responder] INFO  ipc.Server (Server.java:run(1562)) - IPC Server Responder: starting
2023-12-10 08:55:25,836 [IPC Server listener on 15064] INFO  ipc.Server (Server.java:run(1402)) - IPC Server listener on 15064: starting
2023-12-10 08:55:25,839 [383c3691-e37d-4704-9b62-3f343d93bad0-DatanodeStateMachineDaemonThread] INFO  statemachine.DatanodeStateMachine (DatanodeStateMachine.java:lambda$startDaemon$1(555)) - Ozone container server started.
2023-12-10 08:55:25,840 [main] WARN  dropwizard3.Dm3MetricRegistriesImpl (Dm3MetricRegistriesImpl.java:addReporterRegistration(113)) - New reporters are added after registries were created. Some metrics will be missing from the reporter. Please add reporter before adding any new registry.
2023-12-10 08:55:25,840 [main] WARN  dropwizard3.Dm3MetricRegistriesImpl (Dm3MetricRegistriesImpl.java:addReporterRegistration(113)) - New reporters are added after registries were created. Some metrics will be missing from the reporter. Please add reporter before adding any new registry.
2023-12-10 08:55:25,840 [main] INFO  impl.MetricsSystemImpl (MetricsSystemImpl.java:init(158)) - HddsDatanode metrics system started (again)
2023-12-10 08:55:25,843 [383c3691-e37d-4704-9b62-3f343d93bad0-DatanodeStateMachineTaskThread-0] INFO  datanode.InitDatanodeState (InitDatanodeState.java:persistContainerDatanodeDetails(139)) - DatanodeDetails is persisted to /home/runner/work/ozone/ozone/hadoop-ozone/integration-test/target/test-dir/MiniOzoneClusterImpl-7f66dfcd-4d84-4460-b9fe-211923c7b7bb/datanode-6/meta/datanode.id
2023-12-10 08:55:25,850 [main] INFO  ozone.HddsDatanodeService (HddsDatanodeService.java:start(239)) - HddsDatanodeService host:fv-az1041-125 ip:10.1.0.29
2023-12-10 08:55:25,869 [main] INFO  upgrade.AbstractLayoutVersionManager (AbstractLayoutVersionManager.java:init(83)) - Initializing Layout version manager with metadata layout = HADOOP_PRC_PORTS_IN_DATANODEDETAILS (version = 7), software layout = HADOOP_PRC_PORTS_IN_DATANODEDETAILS (version = 7)
2023-12-10 08:55:25,869 [main] INFO  statemachine.DatanodeStateMachine (DatanodeStateMachine.java:getEndPointTaskThreadPoolSize(299)) - Datanode State Machine Task Thread Pool size 2
2023-12-10 08:55:25,871 [main] INFO  volume.HddsVolume (HddsVolume.java:<init>(126)) - Creating HddsVolume: /home/runner/work/ozone/ozone/hadoop-ozone/integration-test/target/test-dir/MiniOzoneClusterImpl-7f66dfcd-4d84-4460-b9fe-211923c7b7bb/datanode-7/data-0/containers/hdds of storage type : DISK capacity : 9223372036854775807
2023-12-10 08:55:25,871 [main] INFO  volume.MutableVolumeSet (MutableVolumeSet.java:initializeVolumeSet(173)) - Added Volume : /home/runner/work/ozone/ozone/hadoop-ozone/integration-test/target/test-dir/MiniOzoneClusterImpl-7f66dfcd-4d84-4460-b9fe-211923c7b7bb/datanode-7/data-0/containers/hdds to VolumeSet
2023-12-10 08:55:25,873 [main] INFO  volume.MutableVolumeSet (MutableVolumeSet.java:initializeVolumeSet(173)) - Added Volume : /home/runner/work/ozone/ozone/hadoop-ozone/integration-test/target/test-dir/MiniOzoneClusterImpl-7f66dfcd-4d84-4460-b9fe-211923c7b7bb/datanode-7/data/ratis to VolumeSet
2023-12-10 08:55:25,873 [main] INFO  ozoneimpl.OzoneContainer (HddsVolumeUtil.java:loadAllHddsVolumeDbStore(103)) - Load 1 volumes DbStore cost: 0ms
2023-12-10 08:55:25,873 [7f393458-131e-4136-815e-5cd248d38671-ContainerReader-0] INFO  ozoneimpl.ContainerReader (ContainerReader.java:readVolume(177)) - Finish verifying containers on volume /home/runner/work/ozone/ozone/hadoop-ozone/integration-test/target/test-dir/MiniOzoneClusterImpl-7f66dfcd-4d84-4460-b9fe-211923c7b7bb/datanode-7/data-0/containers/hdds
2023-12-10 08:55:25,873 [main] INFO  ozoneimpl.OzoneContainer (OzoneContainer.java:buildContainerSet(326)) - Build ContainerSet costs 0s
2023-12-10 08:55:25,876 [main] INFO  server.RaftServer (ConfUtils.java:logGet(46)) - raft.rpc.type = GRPC (default)
2023-12-10 08:55:25,876 [main] INFO  grpc.GrpcConfigKeys (ConfUtils.java:logFallback(53)) - raft.grpc.admin.host = null (fallback to raft.grpc.server.host)
2023-12-10 08:55:25,876 [main] INFO  grpc.GrpcConfigKeys (ConfUtils.java:logGet(46)) - raft.grpc.admin.port = 15076 (custom)
2023-12-10 08:55:25,876 [main] INFO  grpc.GrpcConfigKeys (ConfUtils.java:logFallback(53)) - raft.grpc.client.host = null (fallback to raft.grpc.server.host)
2023-12-10 08:55:25,876 [main] INFO  grpc.GrpcConfigKeys (ConfUtils.java:logGet(46)) - raft.grpc.client.port = 15075 (custom)
2023-12-10 08:55:25,876 [main] INFO  grpc.GrpcConfigKeys (ConfUtils.java:logGet(46)) - raft.grpc.server.host = null (default)
2023-12-10 08:55:25,876 [main] INFO  grpc.GrpcConfigKeys (ConfUtils.java:logGet(46)) - raft.grpc.server.port = 15077 (custom)
2023-12-10 08:55:25,876 [main] INFO  server.GrpcService (ConfUtils.java:logGet(46)) - raft.grpc.message.size.max = 32MB (=33554432) (custom)
2023-12-10 08:55:25,877 [main] INFO  server.RaftServerConfigKeys (ConfUtils.java:logGet(46)) - raft.server.log.appender.buffer.byte-limit = 8388608 (custom)
2023-12-10 08:55:25,877 [main] INFO  server.GrpcService (ConfUtils.java:logGet(46)) - raft.grpc.flow.control.window = 5MB (=5242880) (custom)
2023-12-10 08:55:25,877 [main] INFO  server.RaftServerConfigKeys (ConfUtils.java:logGet(46)) - raft.server.rpc.request.timeout = 60s (custom)
2023-12-10 08:55:25,877 [main] INFO  grpc.GrpcConfigKeys (ConfUtils.java:logGet(46)) - raft.grpc.server.heartbeat.channel = true (default)
2023-12-10 08:55:25,877 [main] INFO  grpc.GrpcConfigKeys (ConfUtils.java:logGet(46)) - raft.grpc.server.async.request.thread.pool.cached = true (default)
2023-12-10 08:55:25,877 [main] INFO  grpc.GrpcConfigKeys (ConfUtils.java:logGet(46)) - raft.grpc.server.async.request.thread.pool.size = 32 (default)
2023-12-10 08:55:25,879 [main] INFO  impl.DataStreamServerImpl (ConfUtils.java:logGet(46)) - raft.datastream.type = NETTY (custom)
2023-12-10 08:55:25,880 [main] INFO  server.RaftServerConfigKeys (ConfUtils.java:logGet(46)) - raft.server.data-stream.async.request.thread.pool.cached = false (default)
2023-12-10 08:55:25,880 [main] INFO  server.RaftServerConfigKeys (ConfUtils.java:logGet(46)) - raft.server.data-stream.async.request.thread.pool.size = 20 (custom)
2023-12-10 08:55:25,880 [main] INFO  server.RaftServerConfigKeys (ConfUtils.java:logGet(46)) - raft.server.data-stream.async.write.thread.pool.size = 16 (default)
2023-12-10 08:55:25,880 [main] INFO  netty.NettyConfigKeys$DataStream (ConfUtils.java:logGet(46)) - raft.netty.dataStream.server.channel.inactive.grace-period = 10min (default)
2023-12-10 08:55:25,880 [main] INFO  server.RaftServerConfigKeys (ConfUtils.java:logGet(46)) - raft.server.data-stream.client.pool.size = 10 (default)
2023-12-10 08:55:25,880 [main] INFO  netty.NettyConfigKeys$DataStream (ConfUtils.java:logGet(46)) - raft.netty.dataStream.server.use-epoll = true (default)
2023-12-10 08:55:25,881 [main] INFO  netty.NettyConfigKeys$DataStream (ConfUtils.java:logGet(46)) - raft.netty.dataStream.server.boss-group.size = 0 (default)
2023-12-10 08:55:25,881 [main] INFO  netty.NettyUtils (NettyUtils.java:newEventLoopGroup(69)) - Create EpollEventLoopGroup for 7f393458-131e-4136-815e-5cd248d38671-NettyServerStreamRpc-bossGroup; Thread size is 0.
2023-12-10 08:55:25,881 [main] INFO  netty.NettyConfigKeys$DataStream (ConfUtils.java:logGet(46)) - raft.netty.dataStream.server.worker-group.size = 0 (default)
2023-12-10 08:55:25,881 [main] INFO  netty.NettyUtils (NettyUtils.java:newEventLoopGroup(69)) - Create EpollEventLoopGroup for 7f393458-131e-4136-815e-5cd248d38671-NettyServerStreamRpc-workerGroup; Thread size is 0.
2023-12-10 08:55:25,882 [main] INFO  netty.NettyConfigKeys$DataStream (ConfUtils.java:logGet(46)) - raft.netty.dataStream.server.tls.conf = null (default)
2023-12-10 08:55:25,882 [main] INFO  netty.NettyConfigKeys$DataStream (ConfUtils.java:logGet(46)) - raft.netty.dataStream.host = null (default)
2023-12-10 08:55:25,882 [main] INFO  netty.NettyConfigKeys$DataStream (ConfUtils.java:logGet(46)) - raft.netty.dataStream.port = 15078 (custom)
2023-12-10 08:55:25,882 [main] INFO  server.RaftServerConfigKeys (ConfUtils.java:logGet(46)) - raft.server.sleep.deviation.threshold = 300ms (default)
2023-12-10 08:55:25,883 [main] INFO  server.RaftServerConfigKeys (ConfUtils.java:logGet(46)) - raft.server.close.threshold = 60s (default)
2023-12-10 08:55:25,883 [7f393458-131e-4136-815e-5cd248d38671-NettyServerStreamRpc-bossGroup--thread1] INFO  logging.LoggingHandler (AbstractInternalLogger.java:log(148)) - [id: 0x804e6fd5] REGISTERED
2023-12-10 08:55:25,883 [main] INFO  server.RaftServerConfigKeys (ConfUtils.java:logGet(46)) - raft.server.leaderelection.leader.step-down.wait-time = 10s (default)
2023-12-10 08:55:25,884 [7f393458-131e-4136-815e-5cd248d38671-NettyServerStreamRpc-bossGroup--thread1] INFO  logging.LoggingHandler (AbstractInternalLogger.java:log(148)) - [id: 0x804e6fd5] BIND: 0.0.0.0/0.0.0.0:15078
2023-12-10 08:55:25,884 [main] INFO  server.RaftServerConfigKeys (ConfUtils.java:logGet(46)) - raft.server.storage.dir = [/home/runner/work/ozone/ozone/hadoop-ozone/integration-test/target/test-dir/MiniOzoneClusterImpl-7f66dfcd-4d84-4460-b9fe-211923c7b7bb/datanode-7/data/ratis] (custom)
2023-12-10 08:55:25,884 [7f393458-131e-4136-815e-5cd248d38671-NettyServerStreamRpc-bossGroup--thread1] INFO  logging.LoggingHandler (AbstractInternalLogger.java:log(148)) - [id: 0x804e6fd5, L:/0.0.0.0:15078] ACTIVE
2023-12-10 08:55:25,884 [main] INFO  server.RaftServerConfigKeys (ConfUtils.java:logGet(46)) - raft.server.threadpool.proxy.cached = true (default)
2023-12-10 08:55:25,884 [main] INFO  server.RaftServerConfigKeys (ConfUtils.java:logGet(46)) - raft.server.threadpool.proxy.size = 0 (default)
2023-12-10 08:55:25,884 [7f393458-131e-4136-815e-5cd248d38671-impl-thread1] INFO  server.RaftServer (RaftServerProxy.java:initGroupDir(264)) - 7f393458-131e-4136-815e-5cd248d38671: found a subdirectory /home/runner/work/ozone/ozone/hadoop-ozone/integration-test/target/test-dir/MiniOzoneClusterImpl-7f66dfcd-4d84-4460-b9fe-211923c7b7bb/datanode-7/data/ratis/tmp
2023-12-10 08:55:25,885 [7f393458-131e-4136-815e-5cd248d38671-impl-thread1] INFO  server.RaftServer (RaftServerProxy.java:initGroupDir(269)) - 7f393458-131e-4136-815e-5cd248d38671: The directory /home/runner/work/ozone/ozone/hadoop-ozone/integration-test/target/test-dir/MiniOzoneClusterImpl-7f66dfcd-4d84-4460-b9fe-211923c7b7bb/datanode-7/data/ratis/tmp is not a group directory; ignoring it. 
2023-12-10 08:55:25,885 [main] INFO  replication.ReplicationServer (ReplicationServer.java:<init>(85)) - Initializing replication server with thread count = 10 queue length = 4096
2023-12-10 08:55:25,886 [main] INFO  server.XceiverServerGrpc (XceiverServerGrpc.java:<init>(141)) - GrpcServer channel type EpollServerSocketChannel
2023-12-10 08:55:25,887 [main] INFO  replication.ReplicationSupervisor (ReplicationSupervisor.java:build(163)) - Initializing replication supervisor with thread count = 10
2023-12-10 08:55:25,888 [main] INFO  replication.ReplicationSupervisor (ReplicationSupervisor.java:nodeStateUpdated(317)) - Node state updated to IN_SERVICE, scaling executor pool size to 10
2023-12-10 08:55:25,889 [main] INFO  http.BaseHttpServer (BaseHttpServer.java:newHttpServer2BuilderForOzone(223)) - Starting Web-server for hddsDatanode at: http://0.0.0.0:15072
2023-12-10 08:55:25,890 [main] INFO  http.BaseHttpServer (BaseHttpServer.java:<init>(110)) - Hadoop Security Enabled: false Ozone Security Enabled: false Ozone HTTP Security Enabled: false 
2023-12-10 08:55:25,891 [main] WARN  server.AuthenticationFilter (AuthenticationFilter.java:constructSecretProvider(240)) - Unable to initialize FileSignerSecretProvider, falling back to use random secrets. Reason: Could not read signature secret file: /home/runner/hadoop-http-auth-signature-secret
2023-12-10 08:55:25,891 [main] INFO  http.HttpRequestLog (HttpRequestLog.java:getRequestLog(86)) - Http request log for http.requests.hddsDatanode is not defined
2023-12-10 08:55:25,892 [main] INFO  http.HttpServer2 (HttpServer2.java:addGlobalFilter(1036)) - Added global filter 'safety' (class=org.apache.hadoop.hdds.server.http.HttpServer2$QuotingInputFilter)
2023-12-10 08:55:25,893 [main] INFO  http.HttpServer2 (HttpServer2.java:addFilter(1012)) - Added filter static_user_filter (class=org.apache.hadoop.http.lib.StaticUserWebFilter$StaticUserFilter) to context hddsDatanode
2023-12-10 08:55:25,893 [main] INFO  http.HttpServer2 (HttpServer2.java:addFilter(1020)) - Added filter static_user_filter (class=org.apache.hadoop.http.lib.StaticUserWebFilter$StaticUserFilter) to context static
2023-12-10 08:55:25,893 [main] INFO  http.HttpServer2 (HttpServer2.java:addFilter(1020)) - Added filter static_user_filter (class=org.apache.hadoop.http.lib.StaticUserWebFilter$StaticUserFilter) to context logs
2023-12-10 08:55:25,895 [main] INFO  http.BaseHttpServer (BaseHttpServer.java:<init>(189)) - HTTP server of hddsDatanode uses base directory /home/runner/work/ozone/ozone/hadoop-ozone/integration-test/target/test-dir/MiniOzoneClusterImpl-7f66dfcd-4d84-4460-b9fe-211923c7b7bb/datanode-7/meta/webserver
2023-12-10 08:55:25,895 [main] INFO  http.HttpServer2 (HttpServer2.java:bindListener(1236)) - Jetty bound to port 15072
2023-12-10 08:55:25,895 [main] INFO  server.Server (Server.java:doStart(375)) - jetty-9.4.53.v20231009; built: 2023-10-09T12:29:09.265Z; git: 27bde00a0b95a1d5bbee0eae7984f891d2d0f8c9; jvm 1.8.0_392-b08
2023-12-10 08:55:25,897 [main] INFO  server.session (DefaultSessionIdManager.java:doStart(334)) - DefaultSessionIdManager workerName=node0
2023-12-10 08:55:25,898 [main] INFO  server.session (DefaultSessionIdManager.java:doStart(339)) - No SessionScavenger set, using defaults
2023-12-10 08:55:25,898 [main] INFO  server.session (HouseKeeper.java:startScavenging(132)) - node0 Scavenging every 660000ms
2023-12-10 08:55:25,902 [main] INFO  handler.ContextHandler (ContextHandler.java:doStart(921)) - Started o.e.j.s.ServletContextHandler@40fba126{logs,/logs,file:///home/runner/work/ozone/ozone/hadoop-ozone/integration-test/target/log,AVAILABLE}
2023-12-10 08:55:25,903 [main] INFO  handler.ContextHandler (ContextHandler.java:doStart(921)) - Started o.e.j.s.ServletContextHandler@6d58674f{static,/static,jar:file:/home/runner/.m2/repository/org/apache/ozone/hdds-container-service/1.4.0-SNAPSHOT/hdds-container-service-1.4.0-SNAPSHOT.jar!/webapps/static,AVAILABLE}
2023-12-10 08:55:25,935 [main] INFO  handler.ContextHandler (ContextHandler.java:doStart(921)) - Started o.e.j.w.WebAppContext@2256f14{hddsDatanode,/,file:///home/runner/work/ozone/ozone/hadoop-ozone/integration-test/target/test-dir/MiniOzoneClusterImpl-7f66dfcd-4d84-4460-b9fe-211923c7b7bb/datanode-7/meta/webserver/jetty-0_0_0_0-15072-hdds-container-service-1_4_0-SNAPSHOT_jar-_-any-903483066715120934/webapp/,AVAILABLE}{jar:file:/home/runner/.m2/repository/org/apache/ozone/hdds-container-service/1.4.0-SNAPSHOT/hdds-container-service-1.4.0-SNAPSHOT.jar!/webapps/hddsDatanode}
2023-12-10 08:55:25,936 [main] INFO  server.AbstractConnector (AbstractConnector.java:doStart(333)) - Started ServerConnector@124d5cf3{HTTP/1.1, (http/1.1)}{0.0.0.0:15072}
2023-12-10 08:55:25,936 [main] INFO  server.Server (Server.java:doStart(415)) - Started @7607ms
2023-12-10 08:55:25,936 [main] WARN  impl.MetricsSystemImpl (MetricsSystemImpl.java:register(279)) - Sink prometheus already exists!
2023-12-10 08:55:25,936 [main] INFO  http.BaseHttpServer (BaseHttpServer.java:updateConnectorAddress(354)) - HTTP server of hddsDatanode listening at http://0.0.0.0:15072
2023-12-10 08:55:25,937 [main] INFO  ipc.CallQueueManager (CallQueueManager.java:<init>(90)) - Using callQueue: class java.util.concurrent.LinkedBlockingQueue, queueCapacity: 100, scheduler: class org.apache.hadoop.ipc.DefaultRpcScheduler, ipcBackoff: false.
2023-12-10 08:55:25,937 [main] INFO  ipc.Server (Server.java:<init>(1287)) - Listener at 0.0.0.0:15073
2023-12-10 08:55:25,937 [Socket Reader #1 for port 15073] INFO  ipc.Server (Server.java:run(1323)) - Starting Socket Reader #1 for port 15073
2023-12-10 08:55:25,940 [main] INFO  ozone.HddsDatanodeService (HddsDatanodeService.java:start(324)) - Datanode start with admins: [runner]
2023-12-10 08:55:25,940 [main] INFO  ozone.HddsDatanodeClientProtocolServer (HddsDatanodeClientProtocolServer.java:start(72)) - RPC server for Client /0.0.0.0:15073
2023-12-10 08:55:25,941 [IPC Server Responder] INFO  ipc.Server (Server.java:run(1562)) - IPC Server Responder: starting
2023-12-10 08:55:25,941 [IPC Server listener on 15073] INFO  ipc.Server (Server.java:run(1402)) - IPC Server listener on 15073: starting
2023-12-10 08:55:25,943 [7f393458-131e-4136-815e-5cd248d38671-DatanodeStateMachineDaemonThread] INFO  statemachine.DatanodeStateMachine (DatanodeStateMachine.java:lambda$startDaemon$1(555)) - Ozone container server started.
2023-12-10 08:55:25,943 [main] WARN  dropwizard3.Dm3MetricRegistriesImpl (Dm3MetricRegistriesImpl.java:addReporterRegistration(113)) - New reporters are added after registries were created. Some metrics will be missing from the reporter. Please add reporter before adding any new registry.
2023-12-10 08:55:25,944 [main] WARN  dropwizard3.Dm3MetricRegistriesImpl (Dm3MetricRegistriesImpl.java:addReporterRegistration(113)) - New reporters are added after registries were created. Some metrics will be missing from the reporter. Please add reporter before adding any new registry.
2023-12-10 08:55:25,944 [main] INFO  impl.MetricsSystemImpl (MetricsSystemImpl.java:init(158)) - HddsDatanode metrics system started (again)
2023-12-10 08:55:25,947 [7f393458-131e-4136-815e-5cd248d38671-DatanodeStateMachineTaskThread-0] INFO  datanode.InitDatanodeState (InitDatanodeState.java:persistContainerDatanodeDetails(139)) - DatanodeDetails is persisted to /home/runner/work/ozone/ozone/hadoop-ozone/integration-test/target/test-dir/MiniOzoneClusterImpl-7f66dfcd-4d84-4460-b9fe-211923c7b7bb/datanode-7/meta/datanode.id
2023-12-10 08:55:25,953 [main] INFO  ozone.HddsDatanodeService (HddsDatanodeService.java:start(239)) - HddsDatanodeService host:fv-az1041-125 ip:10.1.0.29
2023-12-10 08:55:25,969 [main] INFO  upgrade.AbstractLayoutVersionManager (AbstractLayoutVersionManager.java:init(83)) - Initializing Layout version manager with metadata layout = HADOOP_PRC_PORTS_IN_DATANODEDETAILS (version = 7), software layout = HADOOP_PRC_PORTS_IN_DATANODEDETAILS (version = 7)
2023-12-10 08:55:25,970 [main] INFO  statemachine.DatanodeStateMachine (DatanodeStateMachine.java:getEndPointTaskThreadPoolSize(299)) - Datanode State Machine Task Thread Pool size 2
2023-12-10 08:55:25,971 [main] INFO  volume.HddsVolume (HddsVolume.java:<init>(126)) - Creating HddsVolume: /home/runner/work/ozone/ozone/hadoop-ozone/integration-test/target/test-dir/MiniOzoneClusterImpl-7f66dfcd-4d84-4460-b9fe-211923c7b7bb/datanode-8/data-0/containers/hdds of storage type : DISK capacity : 9223372036854775807
2023-12-10 08:55:25,972 [main] INFO  volume.MutableVolumeSet (MutableVolumeSet.java:initializeVolumeSet(173)) - Added Volume : /home/runner/work/ozone/ozone/hadoop-ozone/integration-test/target/test-dir/MiniOzoneClusterImpl-7f66dfcd-4d84-4460-b9fe-211923c7b7bb/datanode-8/data-0/containers/hdds to VolumeSet
2023-12-10 08:55:25,972 [main] INFO  volume.MutableVolumeSet (MutableVolumeSet.java:initializeVolumeSet(173)) - Added Volume : /home/runner/work/ozone/ozone/hadoop-ozone/integration-test/target/test-dir/MiniOzoneClusterImpl-7f66dfcd-4d84-4460-b9fe-211923c7b7bb/datanode-8/data/ratis to VolumeSet
2023-12-10 08:55:25,973 [main] INFO  ozoneimpl.OzoneContainer (HddsVolumeUtil.java:loadAllHddsVolumeDbStore(103)) - Load 1 volumes DbStore cost: 0ms
2023-12-10 08:55:25,973 [d585e390-d9b9-49cd-b5b8-386dd9d89b96-ContainerReader-0] INFO  ozoneimpl.ContainerReader (ContainerReader.java:readVolume(177)) - Finish verifying containers on volume /home/runner/work/ozone/ozone/hadoop-ozone/integration-test/target/test-dir/MiniOzoneClusterImpl-7f66dfcd-4d84-4460-b9fe-211923c7b7bb/datanode-8/data-0/containers/hdds
2023-12-10 08:55:25,973 [main] INFO  ozoneimpl.OzoneContainer (OzoneContainer.java:buildContainerSet(326)) - Build ContainerSet costs 0s
2023-12-10 08:55:25,976 [main] INFO  server.RaftServer (ConfUtils.java:logGet(46)) - raft.rpc.type = GRPC (default)
2023-12-10 08:55:25,976 [main] INFO  grpc.GrpcConfigKeys (ConfUtils.java:logFallback(53)) - raft.grpc.admin.host = null (fallback to raft.grpc.server.host)
2023-12-10 08:55:25,976 [main] INFO  grpc.GrpcConfigKeys (ConfUtils.java:logGet(46)) - raft.grpc.admin.port = 15085 (custom)
2023-12-10 08:55:25,976 [main] INFO  grpc.GrpcConfigKeys (ConfUtils.java:logFallback(53)) - raft.grpc.client.host = null (fallback to raft.grpc.server.host)
2023-12-10 08:55:25,976 [main] INFO  grpc.GrpcConfigKeys (ConfUtils.java:logGet(46)) - raft.grpc.client.port = 15084 (custom)
2023-12-10 08:55:25,977 [main] INFO  grpc.GrpcConfigKeys (ConfUtils.java:logGet(46)) - raft.grpc.server.host = null (default)
2023-12-10 08:55:25,977 [main] INFO  grpc.GrpcConfigKeys (ConfUtils.java:logGet(46)) - raft.grpc.server.port = 15086 (custom)
2023-12-10 08:55:25,977 [main] INFO  server.GrpcService (ConfUtils.java:logGet(46)) - raft.grpc.message.size.max = 32MB (=33554432) (custom)
2023-12-10 08:55:25,977 [main] INFO  server.RaftServerConfigKeys (ConfUtils.java:logGet(46)) - raft.server.log.appender.buffer.byte-limit = 8388608 (custom)
2023-12-10 08:55:25,977 [main] INFO  server.GrpcService (ConfUtils.java:logGet(46)) - raft.grpc.flow.control.window = 5MB (=5242880) (custom)
2023-12-10 08:55:25,978 [main] INFO  server.RaftServerConfigKeys (ConfUtils.java:logGet(46)) - raft.server.rpc.request.timeout = 60s (custom)
2023-12-10 08:55:25,978 [main] INFO  grpc.GrpcConfigKeys (ConfUtils.java:logGet(46)) - raft.grpc.server.heartbeat.channel = true (default)
2023-12-10 08:55:25,978 [main] INFO  grpc.GrpcConfigKeys (ConfUtils.java:logGet(46)) - raft.grpc.server.async.request.thread.pool.cached = true (default)
2023-12-10 08:55:25,978 [main] INFO  grpc.GrpcConfigKeys (ConfUtils.java:logGet(46)) - raft.grpc.server.async.request.thread.pool.size = 32 (default)
2023-12-10 08:55:25,981 [main] INFO  impl.DataStreamServerImpl (ConfUtils.java:logGet(46)) - raft.datastream.type = NETTY (custom)
2023-12-10 08:55:25,981 [main] INFO  server.RaftServerConfigKeys (ConfUtils.java:logGet(46)) - raft.server.data-stream.async.request.thread.pool.cached = false (default)
2023-12-10 08:55:25,981 [main] INFO  server.RaftServerConfigKeys (ConfUtils.java:logGet(46)) - raft.server.data-stream.async.request.thread.pool.size = 20 (custom)
2023-12-10 08:55:25,982 [main] INFO  server.RaftServerConfigKeys (ConfUtils.java:logGet(46)) - raft.server.data-stream.async.write.thread.pool.size = 16 (default)
2023-12-10 08:55:25,982 [main] INFO  netty.NettyConfigKeys$DataStream (ConfUtils.java:logGet(46)) - raft.netty.dataStream.server.channel.inactive.grace-period = 10min (default)
2023-12-10 08:55:25,982 [main] INFO  server.RaftServerConfigKeys (ConfUtils.java:logGet(46)) - raft.server.data-stream.client.pool.size = 10 (default)
2023-12-10 08:55:25,982 [main] INFO  netty.NettyConfigKeys$DataStream (ConfUtils.java:logGet(46)) - raft.netty.dataStream.server.use-epoll = true (default)
2023-12-10 08:55:25,982 [main] INFO  netty.NettyConfigKeys$DataStream (ConfUtils.java:logGet(46)) - raft.netty.dataStream.server.boss-group.size = 0 (default)
2023-12-10 08:55:25,982 [main] INFO  netty.NettyUtils (NettyUtils.java:newEventLoopGroup(69)) - Create EpollEventLoopGroup for d585e390-d9b9-49cd-b5b8-386dd9d89b96-NettyServerStreamRpc-bossGroup; Thread size is 0.
2023-12-10 08:55:25,983 [main] INFO  netty.NettyConfigKeys$DataStream (ConfUtils.java:logGet(46)) - raft.netty.dataStream.server.worker-group.size = 0 (default)
2023-12-10 08:55:25,983 [main] INFO  netty.NettyUtils (NettyUtils.java:newEventLoopGroup(69)) - Create EpollEventLoopGroup for d585e390-d9b9-49cd-b5b8-386dd9d89b96-NettyServerStreamRpc-workerGroup; Thread size is 0.
2023-12-10 08:55:25,984 [main] INFO  netty.NettyConfigKeys$DataStream (ConfUtils.java:logGet(46)) - raft.netty.dataStream.server.tls.conf = null (default)
2023-12-10 08:55:25,984 [main] INFO  netty.NettyConfigKeys$DataStream (ConfUtils.java:logGet(46)) - raft.netty.dataStream.host = null (default)
2023-12-10 08:55:25,984 [main] INFO  netty.NettyConfigKeys$DataStream (ConfUtils.java:logGet(46)) - raft.netty.dataStream.port = 15087 (custom)
2023-12-10 08:55:25,985 [main] INFO  server.RaftServerConfigKeys (ConfUtils.java:logGet(46)) - raft.server.sleep.deviation.threshold = 300ms (default)
2023-12-10 08:55:25,985 [main] INFO  server.RaftServerConfigKeys (ConfUtils.java:logGet(46)) - raft.server.close.threshold = 60s (default)
2023-12-10 08:55:25,986 [main] INFO  server.RaftServerConfigKeys (ConfUtils.java:logGet(46)) - raft.server.leaderelection.leader.step-down.wait-time = 10s (default)
2023-12-10 08:55:25,986 [main] INFO  server.RaftServerConfigKeys (ConfUtils.java:logGet(46)) - raft.server.storage.dir = [/home/runner/work/ozone/ozone/hadoop-ozone/integration-test/target/test-dir/MiniOzoneClusterImpl-7f66dfcd-4d84-4460-b9fe-211923c7b7bb/datanode-8/data/ratis] (custom)
2023-12-10 08:55:25,986 [main] INFO  server.RaftServerConfigKeys (ConfUtils.java:logGet(46)) - raft.server.threadpool.proxy.cached = true (default)
2023-12-10 08:55:25,986 [d585e390-d9b9-49cd-b5b8-386dd9d89b96-NettyServerStreamRpc-bossGroup--thread1] INFO  logging.LoggingHandler (AbstractInternalLogger.java:log(148)) - [id: 0xcf229a15] REGISTERED
2023-12-10 08:55:25,986 [main] INFO  server.RaftServerConfigKeys (ConfUtils.java:logGet(46)) - raft.server.threadpool.proxy.size = 0 (default)
2023-12-10 08:55:25,987 [d585e390-d9b9-49cd-b5b8-386dd9d89b96-NettyServerStreamRpc-bossGroup--thread1] INFO  logging.LoggingHandler (AbstractInternalLogger.java:log(148)) - [id: 0xcf229a15] BIND: 0.0.0.0/0.0.0.0:15087
2023-12-10 08:55:25,987 [d585e390-d9b9-49cd-b5b8-386dd9d89b96-NettyServerStreamRpc-bossGroup--thread1] INFO  logging.LoggingHandler (AbstractInternalLogger.java:log(148)) - [id: 0xcf229a15, L:/0.0.0.0:15087] ACTIVE
2023-12-10 08:55:25,988 [d585e390-d9b9-49cd-b5b8-386dd9d89b96-impl-thread1] INFO  server.RaftServer (RaftServerProxy.java:initGroupDir(264)) - d585e390-d9b9-49cd-b5b8-386dd9d89b96: found a subdirectory /home/runner/work/ozone/ozone/hadoop-ozone/integration-test/target/test-dir/MiniOzoneClusterImpl-7f66dfcd-4d84-4460-b9fe-211923c7b7bb/datanode-8/data/ratis/tmp
2023-12-10 08:55:25,988 [d585e390-d9b9-49cd-b5b8-386dd9d89b96-impl-thread1] INFO  server.RaftServer (RaftServerProxy.java:initGroupDir(269)) - d585e390-d9b9-49cd-b5b8-386dd9d89b96: The directory /home/runner/work/ozone/ozone/hadoop-ozone/integration-test/target/test-dir/MiniOzoneClusterImpl-7f66dfcd-4d84-4460-b9fe-211923c7b7bb/datanode-8/data/ratis/tmp is not a group directory; ignoring it. 
2023-12-10 08:55:25,988 [main] INFO  replication.ReplicationServer (ReplicationServer.java:<init>(85)) - Initializing replication server with thread count = 10 queue length = 4096
2023-12-10 08:55:25,989 [main] INFO  server.XceiverServerGrpc (XceiverServerGrpc.java:<init>(141)) - GrpcServer channel type EpollServerSocketChannel
2023-12-10 08:55:25,991 [main] INFO  replication.ReplicationSupervisor (ReplicationSupervisor.java:build(163)) - Initializing replication supervisor with thread count = 10
2023-12-10 08:55:25,991 [main] INFO  replication.ReplicationSupervisor (ReplicationSupervisor.java:nodeStateUpdated(317)) - Node state updated to IN_SERVICE, scaling executor pool size to 10
2023-12-10 08:55:25,995 [main] INFO  http.BaseHttpServer (BaseHttpServer.java:newHttpServer2BuilderForOzone(223)) - Starting Web-server for hddsDatanode at: http://0.0.0.0:15081
2023-12-10 08:55:25,995 [main] INFO  http.BaseHttpServer (BaseHttpServer.java:<init>(110)) - Hadoop Security Enabled: false Ozone Security Enabled: false Ozone HTTP Security Enabled: false 
2023-12-10 08:55:25,997 [main] WARN  server.AuthenticationFilter (AuthenticationFilter.java:constructSecretProvider(240)) - Unable to initialize FileSignerSecretProvider, falling back to use random secrets. Reason: Could not read signature secret file: /home/runner/hadoop-http-auth-signature-secret
2023-12-10 08:55:25,998 [main] INFO  http.HttpRequestLog (HttpRequestLog.java:getRequestLog(86)) - Http request log for http.requests.hddsDatanode is not defined
2023-12-10 08:55:26,000 [main] INFO  http.HttpServer2 (HttpServer2.java:addGlobalFilter(1036)) - Added global filter 'safety' (class=org.apache.hadoop.hdds.server.http.HttpServer2$QuotingInputFilter)
2023-12-10 08:55:26,001 [main] INFO  http.HttpServer2 (HttpServer2.java:addFilter(1012)) - Added filter static_user_filter (class=org.apache.hadoop.http.lib.StaticUserWebFilter$StaticUserFilter) to context hddsDatanode
2023-12-10 08:55:26,001 [main] INFO  http.HttpServer2 (HttpServer2.java:addFilter(1020)) - Added filter static_user_filter (class=org.apache.hadoop.http.lib.StaticUserWebFilter$StaticUserFilter) to context static
2023-12-10 08:55:26,001 [main] INFO  http.HttpServer2 (HttpServer2.java:addFilter(1020)) - Added filter static_user_filter (class=org.apache.hadoop.http.lib.StaticUserWebFilter$StaticUserFilter) to context logs
2023-12-10 08:55:26,002 [main] INFO  http.BaseHttpServer (BaseHttpServer.java:<init>(189)) - HTTP server of hddsDatanode uses base directory /home/runner/work/ozone/ozone/hadoop-ozone/integration-test/target/test-dir/MiniOzoneClusterImpl-7f66dfcd-4d84-4460-b9fe-211923c7b7bb/datanode-8/meta/webserver
2023-12-10 08:55:26,002 [main] INFO  http.HttpServer2 (HttpServer2.java:bindListener(1236)) - Jetty bound to port 15081
2023-12-10 08:55:26,002 [main] INFO  server.Server (Server.java:doStart(375)) - jetty-9.4.53.v20231009; built: 2023-10-09T12:29:09.265Z; git: 27bde00a0b95a1d5bbee0eae7984f891d2d0f8c9; jvm 1.8.0_392-b08
2023-12-10 08:55:26,007 [main] INFO  server.session (DefaultSessionIdManager.java:doStart(334)) - DefaultSessionIdManager workerName=node0
2023-12-10 08:55:26,007 [main] INFO  server.session (DefaultSessionIdManager.java:doStart(339)) - No SessionScavenger set, using defaults
2023-12-10 08:55:26,007 [main] INFO  server.session (HouseKeeper.java:startScavenging(132)) - node0 Scavenging every 600000ms
2023-12-10 08:55:26,008 [main] INFO  handler.ContextHandler (ContextHandler.java:doStart(921)) - Started o.e.j.s.ServletContextHandler@5933f30f{logs,/logs,file:///home/runner/work/ozone/ozone/hadoop-ozone/integration-test/target/log,AVAILABLE}
2023-12-10 08:55:26,008 [main] INFO  handler.ContextHandler (ContextHandler.java:doStart(921)) - Started o.e.j.s.ServletContextHandler@7fec7497{static,/static,jar:file:/home/runner/.m2/repository/org/apache/ozone/hdds-container-service/1.4.0-SNAPSHOT/hdds-container-service-1.4.0-SNAPSHOT.jar!/webapps/static,AVAILABLE}
2023-12-10 08:55:26,040 [main] INFO  handler.ContextHandler (ContextHandler.java:doStart(921)) - Started o.e.j.w.WebAppContext@575dcac6{hddsDatanode,/,file:///home/runner/work/ozone/ozone/hadoop-ozone/integration-test/target/test-dir/MiniOzoneClusterImpl-7f66dfcd-4d84-4460-b9fe-211923c7b7bb/datanode-8/meta/webserver/jetty-0_0_0_0-15081-hdds-container-service-1_4_0-SNAPSHOT_jar-_-any-2350566760809288306/webapp/,AVAILABLE}{jar:file:/home/runner/.m2/repository/org/apache/ozone/hdds-container-service/1.4.0-SNAPSHOT/hdds-container-service-1.4.0-SNAPSHOT.jar!/webapps/hddsDatanode}
2023-12-10 08:55:26,042 [main] INFO  server.AbstractConnector (AbstractConnector.java:doStart(333)) - Started ServerConnector@6759b9e{HTTP/1.1, (http/1.1)}{0.0.0.0:15081}
2023-12-10 08:55:26,042 [main] INFO  server.Server (Server.java:doStart(415)) - Started @7713ms
2023-12-10 08:55:26,043 [main] WARN  impl.MetricsSystemImpl (MetricsSystemImpl.java:register(279)) - Sink prometheus already exists!
2023-12-10 08:55:26,043 [main] INFO  http.BaseHttpServer (BaseHttpServer.java:updateConnectorAddress(354)) - HTTP server of hddsDatanode listening at http://0.0.0.0:15081
2023-12-10 08:55:26,043 [main] INFO  ipc.CallQueueManager (CallQueueManager.java:<init>(90)) - Using callQueue: class java.util.concurrent.LinkedBlockingQueue, queueCapacity: 100, scheduler: class org.apache.hadoop.ipc.DefaultRpcScheduler, ipcBackoff: false.
2023-12-10 08:55:26,044 [main] INFO  ipc.Server (Server.java:<init>(1287)) - Listener at 0.0.0.0:15082
2023-12-10 08:55:26,044 [Socket Reader #1 for port 15082] INFO  ipc.Server (Server.java:run(1323)) - Starting Socket Reader #1 for port 15082
2023-12-10 08:55:26,047 [main] INFO  ozone.HddsDatanodeService (HddsDatanodeService.java:start(324)) - Datanode start with admins: [runner]
2023-12-10 08:55:26,047 [main] INFO  ozone.HddsDatanodeClientProtocolServer (HddsDatanodeClientProtocolServer.java:start(72)) - RPC server for Client /0.0.0.0:15082
2023-12-10 08:55:26,050 [IPC Server Responder] INFO  ipc.Server (Server.java:run(1562)) - IPC Server Responder: starting
2023-12-10 08:55:26,050 [IPC Server listener on 15082] INFO  ipc.Server (Server.java:run(1402)) - IPC Server listener on 15082: starting
2023-12-10 08:55:26,055 [d585e390-d9b9-49cd-b5b8-386dd9d89b96-DatanodeStateMachineDaemonThread] INFO  statemachine.DatanodeStateMachine (DatanodeStateMachine.java:lambda$startDaemon$1(555)) - Ozone container server started.
2023-12-10 08:55:26,055 [main] WARN  dropwizard3.Dm3MetricRegistriesImpl (Dm3MetricRegistriesImpl.java:addReporterRegistration(113)) - New reporters are added after registries were created. Some metrics will be missing from the reporter. Please add reporter before adding any new registry.
2023-12-10 08:55:26,055 [main] WARN  dropwizard3.Dm3MetricRegistriesImpl (Dm3MetricRegistriesImpl.java:addReporterRegistration(113)) - New reporters are added after registries were created. Some metrics will be missing from the reporter. Please add reporter before adding any new registry.
2023-12-10 08:55:26,055 [main] INFO  impl.MetricsSystemImpl (MetricsSystemImpl.java:init(158)) - HddsDatanode metrics system started (again)
2023-12-10 08:55:26,066 [d585e390-d9b9-49cd-b5b8-386dd9d89b96-DatanodeStateMachineTaskThread-0] INFO  datanode.InitDatanodeState (InitDatanodeState.java:persistContainerDatanodeDetails(139)) - DatanodeDetails is persisted to /home/runner/work/ozone/ozone/hadoop-ozone/integration-test/target/test-dir/MiniOzoneClusterImpl-7f66dfcd-4d84-4460-b9fe-211923c7b7bb/datanode-8/meta/datanode.id
2023-12-10 08:55:26,071 [main] INFO  ozone.HddsDatanodeService (HddsDatanodeService.java:start(239)) - HddsDatanodeService host:fv-az1041-125 ip:10.1.0.29
2023-12-10 08:55:26,087 [main] INFO  upgrade.AbstractLayoutVersionManager (AbstractLayoutVersionManager.java:init(83)) - Initializing Layout version manager with metadata layout = HADOOP_PRC_PORTS_IN_DATANODEDETAILS (version = 7), software layout = HADOOP_PRC_PORTS_IN_DATANODEDETAILS (version = 7)
2023-12-10 08:55:26,088 [main] INFO  statemachine.DatanodeStateMachine (DatanodeStateMachine.java:getEndPointTaskThreadPoolSize(299)) - Datanode State Machine Task Thread Pool size 2
2023-12-10 08:55:26,090 [main] INFO  volume.HddsVolume (HddsVolume.java:<init>(126)) - Creating HddsVolume: /home/runner/work/ozone/ozone/hadoop-ozone/integration-test/target/test-dir/MiniOzoneClusterImpl-7f66dfcd-4d84-4460-b9fe-211923c7b7bb/datanode-9/data-0/containers/hdds of storage type : DISK capacity : 9223372036854775807
2023-12-10 08:55:26,090 [main] INFO  volume.MutableVolumeSet (MutableVolumeSet.java:initializeVolumeSet(173)) - Added Volume : /home/runner/work/ozone/ozone/hadoop-ozone/integration-test/target/test-dir/MiniOzoneClusterImpl-7f66dfcd-4d84-4460-b9fe-211923c7b7bb/datanode-9/data-0/containers/hdds to VolumeSet
2023-12-10 08:55:26,091 [main] INFO  volume.MutableVolumeSet (MutableVolumeSet.java:initializeVolumeSet(173)) - Added Volume : /home/runner/work/ozone/ozone/hadoop-ozone/integration-test/target/test-dir/MiniOzoneClusterImpl-7f66dfcd-4d84-4460-b9fe-211923c7b7bb/datanode-9/data/ratis to VolumeSet
2023-12-10 08:55:26,091 [main] INFO  ozoneimpl.OzoneContainer (HddsVolumeUtil.java:loadAllHddsVolumeDbStore(103)) - Load 1 volumes DbStore cost: 0ms
2023-12-10 08:55:26,092 [9d33b5cf-046b-45d3-8518-fd69107da003-ContainerReader-0] INFO  ozoneimpl.ContainerReader (ContainerReader.java:readVolume(177)) - Finish verifying containers on volume /home/runner/work/ozone/ozone/hadoop-ozone/integration-test/target/test-dir/MiniOzoneClusterImpl-7f66dfcd-4d84-4460-b9fe-211923c7b7bb/datanode-9/data-0/containers/hdds
2023-12-10 08:55:26,092 [main] INFO  ozoneimpl.OzoneContainer (OzoneContainer.java:buildContainerSet(326)) - Build ContainerSet costs 0s
2023-12-10 08:55:26,095 [main] INFO  server.RaftServer (ConfUtils.java:logGet(46)) - raft.rpc.type = GRPC (default)
2023-12-10 08:55:26,095 [main] INFO  grpc.GrpcConfigKeys (ConfUtils.java:logFallback(53)) - raft.grpc.admin.host = null (fallback to raft.grpc.server.host)
2023-12-10 08:55:26,095 [main] INFO  grpc.GrpcConfigKeys (ConfUtils.java:logGet(46)) - raft.grpc.admin.port = 15094 (custom)
2023-12-10 08:55:26,095 [main] INFO  grpc.GrpcConfigKeys (ConfUtils.java:logFallback(53)) - raft.grpc.client.host = null (fallback to raft.grpc.server.host)
2023-12-10 08:55:26,095 [main] INFO  grpc.GrpcConfigKeys (ConfUtils.java:logGet(46)) - raft.grpc.client.port = 15093 (custom)
2023-12-10 08:55:26,095 [main] INFO  grpc.GrpcConfigKeys (ConfUtils.java:logGet(46)) - raft.grpc.server.host = null (default)
2023-12-10 08:55:26,095 [main] INFO  grpc.GrpcConfigKeys (ConfUtils.java:logGet(46)) - raft.grpc.server.port = 15095 (custom)
2023-12-10 08:55:26,096 [main] INFO  server.GrpcService (ConfUtils.java:logGet(46)) - raft.grpc.message.size.max = 32MB (=33554432) (custom)
2023-12-10 08:55:26,096 [main] INFO  server.RaftServerConfigKeys (ConfUtils.java:logGet(46)) - raft.server.log.appender.buffer.byte-limit = 8388608 (custom)
2023-12-10 08:55:26,096 [main] INFO  server.GrpcService (ConfUtils.java:logGet(46)) - raft.grpc.flow.control.window = 5MB (=5242880) (custom)
2023-12-10 08:55:26,096 [main] INFO  server.RaftServerConfigKeys (ConfUtils.java:logGet(46)) - raft.server.rpc.request.timeout = 60s (custom)
2023-12-10 08:55:26,096 [main] INFO  grpc.GrpcConfigKeys (ConfUtils.java:logGet(46)) - raft.grpc.server.heartbeat.channel = true (default)
2023-12-10 08:55:26,096 [main] INFO  grpc.GrpcConfigKeys (ConfUtils.java:logGet(46)) - raft.grpc.server.async.request.thread.pool.cached = true (default)
2023-12-10 08:55:26,096 [main] INFO  grpc.GrpcConfigKeys (ConfUtils.java:logGet(46)) - raft.grpc.server.async.request.thread.pool.size = 32 (default)
2023-12-10 08:55:26,098 [main] INFO  impl.DataStreamServerImpl (ConfUtils.java:logGet(46)) - raft.datastream.type = NETTY (custom)
2023-12-10 08:55:26,098 [main] INFO  server.RaftServerConfigKeys (ConfUtils.java:logGet(46)) - raft.server.data-stream.async.request.thread.pool.cached = false (default)
2023-12-10 08:55:26,099 [main] INFO  server.RaftServerConfigKeys (ConfUtils.java:logGet(46)) - raft.server.data-stream.async.request.thread.pool.size = 20 (custom)
2023-12-10 08:55:26,099 [main] INFO  server.RaftServerConfigKeys (ConfUtils.java:logGet(46)) - raft.server.data-stream.async.write.thread.pool.size = 16 (default)
2023-12-10 08:55:26,099 [main] INFO  netty.NettyConfigKeys$DataStream (ConfUtils.java:logGet(46)) - raft.netty.dataStream.server.channel.inactive.grace-period = 10min (default)
2023-12-10 08:55:26,099 [main] INFO  server.RaftServerConfigKeys (ConfUtils.java:logGet(46)) - raft.server.data-stream.client.pool.size = 10 (default)
2023-12-10 08:55:26,099 [main] INFO  netty.NettyConfigKeys$DataStream (ConfUtils.java:logGet(46)) - raft.netty.dataStream.server.use-epoll = true (default)
2023-12-10 08:55:26,099 [main] INFO  netty.NettyConfigKeys$DataStream (ConfUtils.java:logGet(46)) - raft.netty.dataStream.server.boss-group.size = 0 (default)
2023-12-10 08:55:26,099 [main] INFO  netty.NettyUtils (NettyUtils.java:newEventLoopGroup(69)) - Create EpollEventLoopGroup for 9d33b5cf-046b-45d3-8518-fd69107da003-NettyServerStreamRpc-bossGroup; Thread size is 0.
2023-12-10 08:55:26,100 [main] INFO  netty.NettyConfigKeys$DataStream (ConfUtils.java:logGet(46)) - raft.netty.dataStream.server.worker-group.size = 0 (default)
2023-12-10 08:55:26,100 [main] INFO  netty.NettyUtils (NettyUtils.java:newEventLoopGroup(69)) - Create EpollEventLoopGroup for 9d33b5cf-046b-45d3-8518-fd69107da003-NettyServerStreamRpc-workerGroup; Thread size is 0.
2023-12-10 08:55:26,100 [main] INFO  netty.NettyConfigKeys$DataStream (ConfUtils.java:logGet(46)) - raft.netty.dataStream.server.tls.conf = null (default)
2023-12-10 08:55:26,100 [main] INFO  netty.NettyConfigKeys$DataStream (ConfUtils.java:logGet(46)) - raft.netty.dataStream.host = null (default)
2023-12-10 08:55:26,100 [main] INFO  netty.NettyConfigKeys$DataStream (ConfUtils.java:logGet(46)) - raft.netty.dataStream.port = 15096 (custom)
2023-12-10 08:55:26,101 [main] INFO  server.RaftServerConfigKeys (ConfUtils.java:logGet(46)) - raft.server.sleep.deviation.threshold = 300ms (default)
2023-12-10 08:55:26,102 [main] INFO  server.RaftServerConfigKeys (ConfUtils.java:logGet(46)) - raft.server.close.threshold = 60s (default)
2023-12-10 08:55:26,102 [9d33b5cf-046b-45d3-8518-fd69107da003-NettyServerStreamRpc-bossGroup--thread1] INFO  logging.LoggingHandler (AbstractInternalLogger.java:log(148)) - [id: 0x89246aaf] REGISTERED
2023-12-10 08:55:26,102 [main] INFO  server.RaftServerConfigKeys (ConfUtils.java:logGet(46)) - raft.server.leaderelection.leader.step-down.wait-time = 10s (default)
2023-12-10 08:55:26,102 [9d33b5cf-046b-45d3-8518-fd69107da003-NettyServerStreamRpc-bossGroup--thread1] INFO  logging.LoggingHandler (AbstractInternalLogger.java:log(148)) - [id: 0x89246aaf] BIND: 0.0.0.0/0.0.0.0:15096
2023-12-10 08:55:26,102 [main] INFO  server.RaftServerConfigKeys (ConfUtils.java:logGet(46)) - raft.server.storage.dir = [/home/runner/work/ozone/ozone/hadoop-ozone/integration-test/target/test-dir/MiniOzoneClusterImpl-7f66dfcd-4d84-4460-b9fe-211923c7b7bb/datanode-9/data/ratis] (custom)
2023-12-10 08:55:26,102 [9d33b5cf-046b-45d3-8518-fd69107da003-NettyServerStreamRpc-bossGroup--thread1] INFO  logging.LoggingHandler (AbstractInternalLogger.java:log(148)) - [id: 0x89246aaf, L:/0.0.0.0:15096] ACTIVE
2023-12-10 08:55:26,103 [main] INFO  server.RaftServerConfigKeys (ConfUtils.java:logGet(46)) - raft.server.threadpool.proxy.cached = true (default)
2023-12-10 08:55:26,103 [main] INFO  server.RaftServerConfigKeys (ConfUtils.java:logGet(46)) - raft.server.threadpool.proxy.size = 0 (default)
2023-12-10 08:55:26,103 [9d33b5cf-046b-45d3-8518-fd69107da003-impl-thread1] INFO  server.RaftServer (RaftServerProxy.java:initGroupDir(264)) - 9d33b5cf-046b-45d3-8518-fd69107da003: found a subdirectory /home/runner/work/ozone/ozone/hadoop-ozone/integration-test/target/test-dir/MiniOzoneClusterImpl-7f66dfcd-4d84-4460-b9fe-211923c7b7bb/datanode-9/data/ratis/tmp
2023-12-10 08:55:26,103 [9d33b5cf-046b-45d3-8518-fd69107da003-impl-thread1] INFO  server.RaftServer (RaftServerProxy.java:initGroupDir(269)) - 9d33b5cf-046b-45d3-8518-fd69107da003: The directory /home/runner/work/ozone/ozone/hadoop-ozone/integration-test/target/test-dir/MiniOzoneClusterImpl-7f66dfcd-4d84-4460-b9fe-211923c7b7bb/datanode-9/data/ratis/tmp is not a group directory; ignoring it. 
2023-12-10 08:55:26,104 [main] INFO  replication.ReplicationServer (ReplicationServer.java:<init>(85)) - Initializing replication server with thread count = 10 queue length = 4096
2023-12-10 08:55:26,104 [main] INFO  server.XceiverServerGrpc (XceiverServerGrpc.java:<init>(141)) - GrpcServer channel type EpollServerSocketChannel
2023-12-10 08:55:26,106 [main] INFO  replication.ReplicationSupervisor (ReplicationSupervisor.java:build(163)) - Initializing replication supervisor with thread count = 10
2023-12-10 08:55:26,106 [main] INFO  replication.ReplicationSupervisor (ReplicationSupervisor.java:nodeStateUpdated(317)) - Node state updated to IN_SERVICE, scaling executor pool size to 10
2023-12-10 08:55:26,108 [main] INFO  http.BaseHttpServer (BaseHttpServer.java:newHttpServer2BuilderForOzone(223)) - Starting Web-server for hddsDatanode at: http://0.0.0.0:15090
2023-12-10 08:55:26,108 [main] INFO  http.BaseHttpServer (BaseHttpServer.java:<init>(110)) - Hadoop Security Enabled: false Ozone Security Enabled: false Ozone HTTP Security Enabled: false 
2023-12-10 08:55:26,109 [main] WARN  server.AuthenticationFilter (AuthenticationFilter.java:constructSecretProvider(240)) - Unable to initialize FileSignerSecretProvider, falling back to use random secrets. Reason: Could not read signature secret file: /home/runner/hadoop-http-auth-signature-secret
2023-12-10 08:55:26,109 [main] INFO  http.HttpRequestLog (HttpRequestLog.java:getRequestLog(86)) - Http request log for http.requests.hddsDatanode is not defined
2023-12-10 08:55:26,110 [main] INFO  http.HttpServer2 (HttpServer2.java:addGlobalFilter(1036)) - Added global filter 'safety' (class=org.apache.hadoop.hdds.server.http.HttpServer2$QuotingInputFilter)
2023-12-10 08:55:26,111 [main] INFO  http.HttpServer2 (HttpServer2.java:addFilter(1012)) - Added filter static_user_filter (class=org.apache.hadoop.http.lib.StaticUserWebFilter$StaticUserFilter) to context hddsDatanode
2023-12-10 08:55:26,111 [main] INFO  http.HttpServer2 (HttpServer2.java:addFilter(1020)) - Added filter static_user_filter (class=org.apache.hadoop.http.lib.StaticUserWebFilter$StaticUserFilter) to context logs
2023-12-10 08:55:26,111 [main] INFO  http.HttpServer2 (HttpServer2.java:addFilter(1020)) - Added filter static_user_filter (class=org.apache.hadoop.http.lib.StaticUserWebFilter$StaticUserFilter) to context static
2023-12-10 08:55:26,112 [main] INFO  http.BaseHttpServer (BaseHttpServer.java:<init>(189)) - HTTP server of hddsDatanode uses base directory /home/runner/work/ozone/ozone/hadoop-ozone/integration-test/target/test-dir/MiniOzoneClusterImpl-7f66dfcd-4d84-4460-b9fe-211923c7b7bb/datanode-9/meta/webserver
2023-12-10 08:55:26,112 [main] INFO  http.HttpServer2 (HttpServer2.java:bindListener(1236)) - Jetty bound to port 15090
2023-12-10 08:55:26,112 [main] INFO  server.Server (Server.java:doStart(375)) - jetty-9.4.53.v20231009; built: 2023-10-09T12:29:09.265Z; git: 27bde00a0b95a1d5bbee0eae7984f891d2d0f8c9; jvm 1.8.0_392-b08
2023-12-10 08:55:26,115 [main] INFO  server.session (DefaultSessionIdManager.java:doStart(334)) - DefaultSessionIdManager workerName=node0
2023-12-10 08:55:26,115 [main] INFO  server.session (DefaultSessionIdManager.java:doStart(339)) - No SessionScavenger set, using defaults
2023-12-10 08:55:26,115 [main] INFO  server.session (HouseKeeper.java:startScavenging(132)) - node0 Scavenging every 600000ms
2023-12-10 08:55:26,115 [main] INFO  handler.ContextHandler (ContextHandler.java:doStart(921)) - Started o.e.j.s.ServletContextHandler@4e472f67{logs,/logs,file:///home/runner/work/ozone/ozone/hadoop-ozone/integration-test/target/log,AVAILABLE}
2023-12-10 08:55:26,116 [main] INFO  handler.ContextHandler (ContextHandler.java:doStart(921)) - Started o.e.j.s.ServletContextHandler@12e8828a{static,/static,jar:file:/home/runner/.m2/repository/org/apache/ozone/hdds-container-service/1.4.0-SNAPSHOT/hdds-container-service-1.4.0-SNAPSHOT.jar!/webapps/static,AVAILABLE}
2023-12-10 08:55:26,150 [main] INFO  handler.ContextHandler (ContextHandler.java:doStart(921)) - Started o.e.j.w.WebAppContext@35a9e1b1{hddsDatanode,/,file:///home/runner/work/ozone/ozone/hadoop-ozone/integration-test/target/test-dir/MiniOzoneClusterImpl-7f66dfcd-4d84-4460-b9fe-211923c7b7bb/datanode-9/meta/webserver/jetty-0_0_0_0-15090-hdds-container-service-1_4_0-SNAPSHOT_jar-_-any-4773284580479684988/webapp/,AVAILABLE}{jar:file:/home/runner/.m2/repository/org/apache/ozone/hdds-container-service/1.4.0-SNAPSHOT/hdds-container-service-1.4.0-SNAPSHOT.jar!/webapps/hddsDatanode}
2023-12-10 08:55:26,152 [main] INFO  server.AbstractConnector (AbstractConnector.java:doStart(333)) - Started ServerConnector@2412c7ca{HTTP/1.1, (http/1.1)}{0.0.0.0:15090}
2023-12-10 08:55:26,152 [main] INFO  server.Server (Server.java:doStart(415)) - Started @7823ms
2023-12-10 08:55:26,152 [main] WARN  impl.MetricsSystemImpl (MetricsSystemImpl.java:register(279)) - Sink prometheus already exists!
2023-12-10 08:55:26,153 [main] INFO  http.BaseHttpServer (BaseHttpServer.java:updateConnectorAddress(354)) - HTTP server of hddsDatanode listening at http://0.0.0.0:15090
2023-12-10 08:55:26,153 [main] INFO  ipc.CallQueueManager (CallQueueManager.java:<init>(90)) - Using callQueue: class java.util.concurrent.LinkedBlockingQueue, queueCapacity: 100, scheduler: class org.apache.hadoop.ipc.DefaultRpcScheduler, ipcBackoff: false.
2023-12-10 08:55:26,153 [main] INFO  ipc.Server (Server.java:<init>(1287)) - Listener at 0.0.0.0:15091
2023-12-10 08:55:26,154 [Socket Reader #1 for port 15091] INFO  ipc.Server (Server.java:run(1323)) - Starting Socket Reader #1 for port 15091
2023-12-10 08:55:26,156 [main] INFO  ozone.HddsDatanodeService (HddsDatanodeService.java:start(324)) - Datanode start with admins: [runner]
2023-12-10 08:55:26,156 [main] INFO  ozone.HddsDatanodeClientProtocolServer (HddsDatanodeClientProtocolServer.java:start(72)) - RPC server for Client /0.0.0.0:15091
2023-12-10 08:55:26,156 [IPC Server Responder] INFO  ipc.Server (Server.java:run(1562)) - IPC Server Responder: starting
2023-12-10 08:55:26,156 [IPC Server listener on 15091] INFO  ipc.Server (Server.java:run(1402)) - IPC Server listener on 15091: starting
2023-12-10 08:55:26,157 [9d33b5cf-046b-45d3-8518-fd69107da003-DatanodeStateMachineDaemonThread] INFO  statemachine.DatanodeStateMachine (DatanodeStateMachine.java:lambda$startDaemon$1(555)) - Ozone container server started.
2023-12-10 08:55:26,159 [main] WARN  dropwizard3.Dm3MetricRegistriesImpl (Dm3MetricRegistriesImpl.java:addReporterRegistration(113)) - New reporters are added after registries were created. Some metrics will be missing from the reporter. Please add reporter before adding any new registry.
2023-12-10 08:55:26,159 [main] WARN  dropwizard3.Dm3MetricRegistriesImpl (Dm3MetricRegistriesImpl.java:addReporterRegistration(113)) - New reporters are added after registries were created. Some metrics will be missing from the reporter. Please add reporter before adding any new registry.
2023-12-10 08:55:26,159 [main] INFO  impl.MetricsSystemImpl (MetricsSystemImpl.java:init(158)) - HddsDatanode metrics system started (again)
2023-12-10 08:55:26,167 [main] INFO  ozone.HddsDatanodeService (HddsDatanodeService.java:start(239)) - HddsDatanodeService host:fv-az1041-125 ip:10.1.0.29
2023-12-10 08:55:26,170 [9d33b5cf-046b-45d3-8518-fd69107da003-DatanodeStateMachineTaskThread-0] INFO  datanode.InitDatanodeState (InitDatanodeState.java:persistContainerDatanodeDetails(139)) - DatanodeDetails is persisted to /home/runner/work/ozone/ozone/hadoop-ozone/integration-test/target/test-dir/MiniOzoneClusterImpl-7f66dfcd-4d84-4460-b9fe-211923c7b7bb/datanode-9/meta/datanode.id
2023-12-10 08:55:26,182 [main] INFO  upgrade.AbstractLayoutVersionManager (AbstractLayoutVersionManager.java:init(83)) - Initializing Layout version manager with metadata layout = HADOOP_PRC_PORTS_IN_DATANODEDETAILS (version = 7), software layout = HADOOP_PRC_PORTS_IN_DATANODEDETAILS (version = 7)
2023-12-10 08:55:26,183 [main] INFO  statemachine.DatanodeStateMachine (DatanodeStateMachine.java:getEndPointTaskThreadPoolSize(299)) - Datanode State Machine Task Thread Pool size 2
2023-12-10 08:55:26,184 [main] INFO  volume.HddsVolume (HddsVolume.java:<init>(126)) - Creating HddsVolume: /home/runner/work/ozone/ozone/hadoop-ozone/integration-test/target/test-dir/MiniOzoneClusterImpl-7f66dfcd-4d84-4460-b9fe-211923c7b7bb/datanode-10/data-0/containers/hdds of storage type : DISK capacity : 9223372036854775807
2023-12-10 08:55:26,184 [main] INFO  volume.MutableVolumeSet (MutableVolumeSet.java:initializeVolumeSet(173)) - Added Volume : /home/runner/work/ozone/ozone/hadoop-ozone/integration-test/target/test-dir/MiniOzoneClusterImpl-7f66dfcd-4d84-4460-b9fe-211923c7b7bb/datanode-10/data-0/containers/hdds to VolumeSet
2023-12-10 08:55:26,185 [main] INFO  volume.MutableVolumeSet (MutableVolumeSet.java:initializeVolumeSet(173)) - Added Volume : /home/runner/work/ozone/ozone/hadoop-ozone/integration-test/target/test-dir/MiniOzoneClusterImpl-7f66dfcd-4d84-4460-b9fe-211923c7b7bb/datanode-10/data/ratis to VolumeSet
2023-12-10 08:55:26,185 [main] INFO  ozoneimpl.OzoneContainer (HddsVolumeUtil.java:loadAllHddsVolumeDbStore(103)) - Load 1 volumes DbStore cost: 0ms
2023-12-10 08:55:26,186 [739b2b9a-4a10-4b30-8d82-41f2f3567ae9-ContainerReader-0] INFO  ozoneimpl.ContainerReader (ContainerReader.java:readVolume(177)) - Finish verifying containers on volume /home/runner/work/ozone/ozone/hadoop-ozone/integration-test/target/test-dir/MiniOzoneClusterImpl-7f66dfcd-4d84-4460-b9fe-211923c7b7bb/datanode-10/data-0/containers/hdds
2023-12-10 08:55:26,186 [main] INFO  ozoneimpl.OzoneContainer (OzoneContainer.java:buildContainerSet(326)) - Build ContainerSet costs 0s
2023-12-10 08:55:26,188 [main] INFO  server.RaftServer (ConfUtils.java:logGet(46)) - raft.rpc.type = GRPC (default)
2023-12-10 08:55:26,188 [main] INFO  grpc.GrpcConfigKeys (ConfUtils.java:logFallback(53)) - raft.grpc.admin.host = null (fallback to raft.grpc.server.host)
2023-12-10 08:55:26,189 [main] INFO  grpc.GrpcConfigKeys (ConfUtils.java:logGet(46)) - raft.grpc.admin.port = 15103 (custom)
2023-12-10 08:55:26,189 [main] INFO  grpc.GrpcConfigKeys (ConfUtils.java:logFallback(53)) - raft.grpc.client.host = null (fallback to raft.grpc.server.host)
2023-12-10 08:55:26,189 [main] INFO  grpc.GrpcConfigKeys (ConfUtils.java:logGet(46)) - raft.grpc.client.port = 15102 (custom)
2023-12-10 08:55:26,189 [main] INFO  grpc.GrpcConfigKeys (ConfUtils.java:logGet(46)) - raft.grpc.server.host = null (default)
2023-12-10 08:55:26,189 [main] INFO  grpc.GrpcConfigKeys (ConfUtils.java:logGet(46)) - raft.grpc.server.port = 15104 (custom)
2023-12-10 08:55:26,190 [main] INFO  server.GrpcService (ConfUtils.java:logGet(46)) - raft.grpc.message.size.max = 32MB (=33554432) (custom)
2023-12-10 08:55:26,190 [main] INFO  server.RaftServerConfigKeys (ConfUtils.java:logGet(46)) - raft.server.log.appender.buffer.byte-limit = 8388608 (custom)
2023-12-10 08:55:26,190 [main] INFO  server.GrpcService (ConfUtils.java:logGet(46)) - raft.grpc.flow.control.window = 5MB (=5242880) (custom)
2023-12-10 08:55:26,190 [main] INFO  server.RaftServerConfigKeys (ConfUtils.java:logGet(46)) - raft.server.rpc.request.timeout = 60s (custom)
2023-12-10 08:55:26,190 [main] INFO  grpc.GrpcConfigKeys (ConfUtils.java:logGet(46)) - raft.grpc.server.heartbeat.channel = true (default)
2023-12-10 08:55:26,190 [main] INFO  grpc.GrpcConfigKeys (ConfUtils.java:logGet(46)) - raft.grpc.server.async.request.thread.pool.cached = true (default)
2023-12-10 08:55:26,190 [main] INFO  grpc.GrpcConfigKeys (ConfUtils.java:logGet(46)) - raft.grpc.server.async.request.thread.pool.size = 32 (default)
2023-12-10 08:55:26,192 [main] INFO  impl.DataStreamServerImpl (ConfUtils.java:logGet(46)) - raft.datastream.type = NETTY (custom)
2023-12-10 08:55:26,193 [main] INFO  server.RaftServerConfigKeys (ConfUtils.java:logGet(46)) - raft.server.data-stream.async.request.thread.pool.cached = false (default)
2023-12-10 08:55:26,193 [main] INFO  server.RaftServerConfigKeys (ConfUtils.java:logGet(46)) - raft.server.data-stream.async.request.thread.pool.size = 20 (custom)
2023-12-10 08:55:26,193 [main] INFO  server.RaftServerConfigKeys (ConfUtils.java:logGet(46)) - raft.server.data-stream.async.write.thread.pool.size = 16 (default)
2023-12-10 08:55:26,194 [main] INFO  netty.NettyConfigKeys$DataStream (ConfUtils.java:logGet(46)) - raft.netty.dataStream.server.channel.inactive.grace-period = 10min (default)
2023-12-10 08:55:26,194 [main] INFO  server.RaftServerConfigKeys (ConfUtils.java:logGet(46)) - raft.server.data-stream.client.pool.size = 10 (default)
2023-12-10 08:55:26,194 [main] INFO  netty.NettyConfigKeys$DataStream (ConfUtils.java:logGet(46)) - raft.netty.dataStream.server.use-epoll = true (default)
2023-12-10 08:55:26,194 [main] INFO  netty.NettyConfigKeys$DataStream (ConfUtils.java:logGet(46)) - raft.netty.dataStream.server.boss-group.size = 0 (default)
2023-12-10 08:55:26,194 [main] INFO  netty.NettyUtils (NettyUtils.java:newEventLoopGroup(69)) - Create EpollEventLoopGroup for 739b2b9a-4a10-4b30-8d82-41f2f3567ae9-NettyServerStreamRpc-bossGroup; Thread size is 0.
2023-12-10 08:55:26,195 [main] INFO  netty.NettyConfigKeys$DataStream (ConfUtils.java:logGet(46)) - raft.netty.dataStream.server.worker-group.size = 0 (default)
2023-12-10 08:55:26,195 [main] INFO  netty.NettyUtils (NettyUtils.java:newEventLoopGroup(69)) - Create EpollEventLoopGroup for 739b2b9a-4a10-4b30-8d82-41f2f3567ae9-NettyServerStreamRpc-workerGroup; Thread size is 0.
2023-12-10 08:55:26,196 [main] INFO  netty.NettyConfigKeys$DataStream (ConfUtils.java:logGet(46)) - raft.netty.dataStream.server.tls.conf = null (default)
2023-12-10 08:55:26,196 [main] INFO  netty.NettyConfigKeys$DataStream (ConfUtils.java:logGet(46)) - raft.netty.dataStream.host = null (default)
2023-12-10 08:55:26,196 [main] INFO  netty.NettyConfigKeys$DataStream (ConfUtils.java:logGet(46)) - raft.netty.dataStream.port = 15105 (custom)
2023-12-10 08:55:26,198 [main] INFO  server.RaftServerConfigKeys (ConfUtils.java:logGet(46)) - raft.server.sleep.deviation.threshold = 300ms (default)
2023-12-10 08:55:26,199 [main] INFO  server.RaftServerConfigKeys (ConfUtils.java:logGet(46)) - raft.server.close.threshold = 60s (default)
2023-12-10 08:55:26,200 [main] INFO  server.RaftServerConfigKeys (ConfUtils.java:logGet(46)) - raft.server.leaderelection.leader.step-down.wait-time = 10s (default)
2023-12-10 08:55:26,200 [main] INFO  server.RaftServerConfigKeys (ConfUtils.java:logGet(46)) - raft.server.storage.dir = [/home/runner/work/ozone/ozone/hadoop-ozone/integration-test/target/test-dir/MiniOzoneClusterImpl-7f66dfcd-4d84-4460-b9fe-211923c7b7bb/datanode-10/data/ratis] (custom)
2023-12-10 08:55:26,200 [main] INFO  server.RaftServerConfigKeys (ConfUtils.java:logGet(46)) - raft.server.threadpool.proxy.cached = true (default)
2023-12-10 08:55:26,200 [main] INFO  server.RaftServerConfigKeys (ConfUtils.java:logGet(46)) - raft.server.threadpool.proxy.size = 0 (default)
2023-12-10 08:55:26,200 [739b2b9a-4a10-4b30-8d82-41f2f3567ae9-NettyServerStreamRpc-bossGroup--thread1] INFO  logging.LoggingHandler (AbstractInternalLogger.java:log(148)) - [id: 0x82e34f59] REGISTERED
2023-12-10 08:55:26,201 [739b2b9a-4a10-4b30-8d82-41f2f3567ae9-NettyServerStreamRpc-bossGroup--thread1] INFO  logging.LoggingHandler (AbstractInternalLogger.java:log(148)) - [id: 0x82e34f59] BIND: 0.0.0.0/0.0.0.0:15105
2023-12-10 08:55:26,201 [739b2b9a-4a10-4b30-8d82-41f2f3567ae9-impl-thread1] INFO  server.RaftServer (RaftServerProxy.java:initGroupDir(264)) - 739b2b9a-4a10-4b30-8d82-41f2f3567ae9: found a subdirectory /home/runner/work/ozone/ozone/hadoop-ozone/integration-test/target/test-dir/MiniOzoneClusterImpl-7f66dfcd-4d84-4460-b9fe-211923c7b7bb/datanode-10/data/ratis/tmp
2023-12-10 08:55:26,201 [739b2b9a-4a10-4b30-8d82-41f2f3567ae9-NettyServerStreamRpc-bossGroup--thread1] INFO  logging.LoggingHandler (AbstractInternalLogger.java:log(148)) - [id: 0x82e34f59, L:/0.0.0.0:15105] ACTIVE
2023-12-10 08:55:26,201 [739b2b9a-4a10-4b30-8d82-41f2f3567ae9-impl-thread1] INFO  server.RaftServer (RaftServerProxy.java:initGroupDir(269)) - 739b2b9a-4a10-4b30-8d82-41f2f3567ae9: The directory /home/runner/work/ozone/ozone/hadoop-ozone/integration-test/target/test-dir/MiniOzoneClusterImpl-7f66dfcd-4d84-4460-b9fe-211923c7b7bb/datanode-10/data/ratis/tmp is not a group directory; ignoring it. 
2023-12-10 08:55:26,201 [main] INFO  replication.ReplicationServer (ReplicationServer.java:<init>(85)) - Initializing replication server with thread count = 10 queue length = 4096
2023-12-10 08:55:26,202 [main] INFO  server.XceiverServerGrpc (XceiverServerGrpc.java:<init>(141)) - GrpcServer channel type EpollServerSocketChannel
2023-12-10 08:55:26,204 [main] INFO  replication.ReplicationSupervisor (ReplicationSupervisor.java:build(163)) - Initializing replication supervisor with thread count = 10
2023-12-10 08:55:26,204 [main] INFO  replication.ReplicationSupervisor (ReplicationSupervisor.java:nodeStateUpdated(317)) - Node state updated to IN_SERVICE, scaling executor pool size to 10
2023-12-10 08:55:26,206 [main] INFO  http.BaseHttpServer (BaseHttpServer.java:newHttpServer2BuilderForOzone(223)) - Starting Web-server for hddsDatanode at: http://0.0.0.0:15099
2023-12-10 08:55:26,206 [main] INFO  http.BaseHttpServer (BaseHttpServer.java:<init>(110)) - Hadoop Security Enabled: false Ozone Security Enabled: false Ozone HTTP Security Enabled: false 
2023-12-10 08:55:26,207 [main] WARN  server.AuthenticationFilter (AuthenticationFilter.java:constructSecretProvider(240)) - Unable to initialize FileSignerSecretProvider, falling back to use random secrets. Reason: Could not read signature secret file: /home/runner/hadoop-http-auth-signature-secret
2023-12-10 08:55:26,207 [main] INFO  http.HttpRequestLog (HttpRequestLog.java:getRequestLog(86)) - Http request log for http.requests.hddsDatanode is not defined
2023-12-10 08:55:26,208 [main] INFO  http.HttpServer2 (HttpServer2.java:addGlobalFilter(1036)) - Added global filter 'safety' (class=org.apache.hadoop.hdds.server.http.HttpServer2$QuotingInputFilter)
2023-12-10 08:55:26,209 [main] INFO  http.HttpServer2 (HttpServer2.java:addFilter(1012)) - Added filter static_user_filter (class=org.apache.hadoop.http.lib.StaticUserWebFilter$StaticUserFilter) to context hddsDatanode
2023-12-10 08:55:26,209 [main] INFO  http.HttpServer2 (HttpServer2.java:addFilter(1020)) - Added filter static_user_filter (class=org.apache.hadoop.http.lib.StaticUserWebFilter$StaticUserFilter) to context logs
2023-12-10 08:55:26,209 [main] INFO  http.HttpServer2 (HttpServer2.java:addFilter(1020)) - Added filter static_user_filter (class=org.apache.hadoop.http.lib.StaticUserWebFilter$StaticUserFilter) to context static
2023-12-10 08:55:26,210 [main] INFO  http.BaseHttpServer (BaseHttpServer.java:<init>(189)) - HTTP server of hddsDatanode uses base directory /home/runner/work/ozone/ozone/hadoop-ozone/integration-test/target/test-dir/MiniOzoneClusterImpl-7f66dfcd-4d84-4460-b9fe-211923c7b7bb/datanode-10/meta/webserver
2023-12-10 08:55:26,210 [main] INFO  http.HttpServer2 (HttpServer2.java:bindListener(1236)) - Jetty bound to port 15099
2023-12-10 08:55:26,210 [main] INFO  server.Server (Server.java:doStart(375)) - jetty-9.4.53.v20231009; built: 2023-10-09T12:29:09.265Z; git: 27bde00a0b95a1d5bbee0eae7984f891d2d0f8c9; jvm 1.8.0_392-b08
2023-12-10 08:55:26,211 [main] INFO  server.session (DefaultSessionIdManager.java:doStart(334)) - DefaultSessionIdManager workerName=node0
2023-12-10 08:55:26,211 [main] INFO  server.session (DefaultSessionIdManager.java:doStart(339)) - No SessionScavenger set, using defaults
2023-12-10 08:55:26,211 [main] INFO  server.session (HouseKeeper.java:startScavenging(132)) - node0 Scavenging every 600000ms
2023-12-10 08:55:26,212 [main] INFO  handler.ContextHandler (ContextHandler.java:doStart(921)) - Started o.e.j.s.ServletContextHandler@50405586{logs,/logs,file:///home/runner/work/ozone/ozone/hadoop-ozone/integration-test/target/log,AVAILABLE}
2023-12-10 08:55:26,213 [main] INFO  handler.ContextHandler (ContextHandler.java:doStart(921)) - Started o.e.j.s.ServletContextHandler@20b9dc53{static,/static,jar:file:/home/runner/.m2/repository/org/apache/ozone/hdds-container-service/1.4.0-SNAPSHOT/hdds-container-service-1.4.0-SNAPSHOT.jar!/webapps/static,AVAILABLE}
2023-12-10 08:55:26,245 [main] INFO  handler.ContextHandler (ContextHandler.java:doStart(921)) - Started o.e.j.w.WebAppContext@364ca2{hddsDatanode,/,file:///home/runner/work/ozone/ozone/hadoop-ozone/integration-test/target/test-dir/MiniOzoneClusterImpl-7f66dfcd-4d84-4460-b9fe-211923c7b7bb/datanode-10/meta/webserver/jetty-0_0_0_0-15099-hdds-container-service-1_4_0-SNAPSHOT_jar-_-any-679889425735238421/webapp/,AVAILABLE}{jar:file:/home/runner/.m2/repository/org/apache/ozone/hdds-container-service/1.4.0-SNAPSHOT/hdds-container-service-1.4.0-SNAPSHOT.jar!/webapps/hddsDatanode}
2023-12-10 08:55:26,247 [main] INFO  server.AbstractConnector (AbstractConnector.java:doStart(333)) - Started ServerConnector@1b6ebd7b{HTTP/1.1, (http/1.1)}{0.0.0.0:15099}
2023-12-10 08:55:26,248 [main] INFO  server.Server (Server.java:doStart(415)) - Started @7918ms
2023-12-10 08:55:26,248 [main] WARN  impl.MetricsSystemImpl (MetricsSystemImpl.java:register(279)) - Sink prometheus already exists!
2023-12-10 08:55:26,248 [main] INFO  http.BaseHttpServer (BaseHttpServer.java:updateConnectorAddress(354)) - HTTP server of hddsDatanode listening at http://0.0.0.0:15099
2023-12-10 08:55:26,248 [main] INFO  ipc.CallQueueManager (CallQueueManager.java:<init>(90)) - Using callQueue: class java.util.concurrent.LinkedBlockingQueue, queueCapacity: 100, scheduler: class org.apache.hadoop.ipc.DefaultRpcScheduler, ipcBackoff: false.
2023-12-10 08:55:26,249 [main] INFO  ipc.Server (Server.java:<init>(1287)) - Listener at 0.0.0.0:15100
2023-12-10 08:55:26,249 [Socket Reader #1 for port 15100] INFO  ipc.Server (Server.java:run(1323)) - Starting Socket Reader #1 for port 15100
2023-12-10 08:55:26,251 [main] INFO  ozone.HddsDatanodeService (HddsDatanodeService.java:start(324)) - Datanode start with admins: [runner]
2023-12-10 08:55:26,251 [main] INFO  ozone.HddsDatanodeClientProtocolServer (HddsDatanodeClientProtocolServer.java:start(72)) - RPC server for Client /0.0.0.0:15100
2023-12-10 08:55:26,252 [IPC Server Responder] INFO  ipc.Server (Server.java:run(1562)) - IPC Server Responder: starting
2023-12-10 08:55:26,252 [IPC Server listener on 15100] INFO  ipc.Server (Server.java:run(1402)) - IPC Server listener on 15100: starting
2023-12-10 08:55:26,254 [739b2b9a-4a10-4b30-8d82-41f2f3567ae9-DatanodeStateMachineDaemonThread] INFO  statemachine.DatanodeStateMachine (DatanodeStateMachine.java:lambda$startDaemon$1(555)) - Ozone container server started.
2023-12-10 08:55:26,255 [main] WARN  dropwizard3.Dm3MetricRegistriesImpl (Dm3MetricRegistriesImpl.java:addReporterRegistration(113)) - New reporters are added after registries were created. Some metrics will be missing from the reporter. Please add reporter before adding any new registry.
2023-12-10 08:55:26,255 [main] WARN  dropwizard3.Dm3MetricRegistriesImpl (Dm3MetricRegistriesImpl.java:addReporterRegistration(113)) - New reporters are added after registries were created. Some metrics will be missing from the reporter. Please add reporter before adding any new registry.
2023-12-10 08:55:26,255 [main] INFO  impl.MetricsSystemImpl (MetricsSystemImpl.java:init(158)) - HddsDatanode metrics system started (again)
2023-12-10 08:55:26,258 [739b2b9a-4a10-4b30-8d82-41f2f3567ae9-DatanodeStateMachineTaskThread-0] INFO  datanode.InitDatanodeState (InitDatanodeState.java:persistContainerDatanodeDetails(139)) - DatanodeDetails is persisted to /home/runner/work/ozone/ozone/hadoop-ozone/integration-test/target/test-dir/MiniOzoneClusterImpl-7f66dfcd-4d84-4460-b9fe-211923c7b7bb/datanode-10/meta/datanode.id
2023-12-10 08:55:26,264 [main] INFO  ozone.HddsDatanodeService (HddsDatanodeService.java:start(239)) - HddsDatanodeService host:fv-az1041-125 ip:10.1.0.29
2023-12-10 08:55:26,282 [main] INFO  upgrade.AbstractLayoutVersionManager (AbstractLayoutVersionManager.java:init(83)) - Initializing Layout version manager with metadata layout = HADOOP_PRC_PORTS_IN_DATANODEDETAILS (version = 7), software layout = HADOOP_PRC_PORTS_IN_DATANODEDETAILS (version = 7)
2023-12-10 08:55:26,283 [main] INFO  statemachine.DatanodeStateMachine (DatanodeStateMachine.java:getEndPointTaskThreadPoolSize(299)) - Datanode State Machine Task Thread Pool size 2
2023-12-10 08:55:26,285 [main] INFO  volume.HddsVolume (HddsVolume.java:<init>(126)) - Creating HddsVolume: /home/runner/work/ozone/ozone/hadoop-ozone/integration-test/target/test-dir/MiniOzoneClusterImpl-7f66dfcd-4d84-4460-b9fe-211923c7b7bb/datanode-11/data-0/containers/hdds of storage type : DISK capacity : 9223372036854775807
2023-12-10 08:55:26,285 [main] INFO  volume.MutableVolumeSet (MutableVolumeSet.java:initializeVolumeSet(173)) - Added Volume : /home/runner/work/ozone/ozone/hadoop-ozone/integration-test/target/test-dir/MiniOzoneClusterImpl-7f66dfcd-4d84-4460-b9fe-211923c7b7bb/datanode-11/data-0/containers/hdds to VolumeSet
2023-12-10 08:55:26,286 [main] INFO  volume.MutableVolumeSet (MutableVolumeSet.java:initializeVolumeSet(173)) - Added Volume : /home/runner/work/ozone/ozone/hadoop-ozone/integration-test/target/test-dir/MiniOzoneClusterImpl-7f66dfcd-4d84-4460-b9fe-211923c7b7bb/datanode-11/data/ratis to VolumeSet
2023-12-10 08:55:26,286 [main] INFO  ozoneimpl.OzoneContainer (HddsVolumeUtil.java:loadAllHddsVolumeDbStore(103)) - Load 1 volumes DbStore cost: 0ms
2023-12-10 08:55:26,286 [1325fac8-4950-4fd4-a580-526da936db2d-ContainerReader-0] INFO  ozoneimpl.ContainerReader (ContainerReader.java:readVolume(177)) - Finish verifying containers on volume /home/runner/work/ozone/ozone/hadoop-ozone/integration-test/target/test-dir/MiniOzoneClusterImpl-7f66dfcd-4d84-4460-b9fe-211923c7b7bb/datanode-11/data-0/containers/hdds
2023-12-10 08:55:26,286 [main] INFO  ozoneimpl.OzoneContainer (OzoneContainer.java:buildContainerSet(326)) - Build ContainerSet costs 0s
2023-12-10 08:55:26,288 [main] INFO  server.RaftServer (ConfUtils.java:logGet(46)) - raft.rpc.type = GRPC (default)
2023-12-10 08:55:26,289 [main] INFO  grpc.GrpcConfigKeys (ConfUtils.java:logFallback(53)) - raft.grpc.admin.host = null (fallback to raft.grpc.server.host)
2023-12-10 08:55:26,289 [main] INFO  grpc.GrpcConfigKeys (ConfUtils.java:logGet(46)) - raft.grpc.admin.port = 15112 (custom)
2023-12-10 08:55:26,289 [main] INFO  grpc.GrpcConfigKeys (ConfUtils.java:logFallback(53)) - raft.grpc.client.host = null (fallback to raft.grpc.server.host)
2023-12-10 08:55:26,289 [main] INFO  grpc.GrpcConfigKeys (ConfUtils.java:logGet(46)) - raft.grpc.client.port = 15111 (custom)
2023-12-10 08:55:26,289 [main] INFO  grpc.GrpcConfigKeys (ConfUtils.java:logGet(46)) - raft.grpc.server.host = null (default)
2023-12-10 08:55:26,289 [main] INFO  grpc.GrpcConfigKeys (ConfUtils.java:logGet(46)) - raft.grpc.server.port = 15113 (custom)
2023-12-10 08:55:26,289 [main] INFO  server.GrpcService (ConfUtils.java:logGet(46)) - raft.grpc.message.size.max = 32MB (=33554432) (custom)
2023-12-10 08:55:26,289 [main] INFO  server.RaftServerConfigKeys (ConfUtils.java:logGet(46)) - raft.server.log.appender.buffer.byte-limit = 8388608 (custom)
2023-12-10 08:55:26,290 [main] INFO  server.GrpcService (ConfUtils.java:logGet(46)) - raft.grpc.flow.control.window = 5MB (=5242880) (custom)
2023-12-10 08:55:26,290 [main] INFO  server.RaftServerConfigKeys (ConfUtils.java:logGet(46)) - raft.server.rpc.request.timeout = 60s (custom)
2023-12-10 08:55:26,290 [main] INFO  grpc.GrpcConfigKeys (ConfUtils.java:logGet(46)) - raft.grpc.server.heartbeat.channel = true (default)
2023-12-10 08:55:26,290 [main] INFO  grpc.GrpcConfigKeys (ConfUtils.java:logGet(46)) - raft.grpc.server.async.request.thread.pool.cached = true (default)
2023-12-10 08:55:26,290 [main] INFO  grpc.GrpcConfigKeys (ConfUtils.java:logGet(46)) - raft.grpc.server.async.request.thread.pool.size = 32 (default)
2023-12-10 08:55:26,292 [main] INFO  impl.DataStreamServerImpl (ConfUtils.java:logGet(46)) - raft.datastream.type = NETTY (custom)
2023-12-10 08:55:26,292 [main] INFO  server.RaftServerConfigKeys (ConfUtils.java:logGet(46)) - raft.server.data-stream.async.request.thread.pool.cached = false (default)
2023-12-10 08:55:26,292 [main] INFO  server.RaftServerConfigKeys (ConfUtils.java:logGet(46)) - raft.server.data-stream.async.request.thread.pool.size = 20 (custom)
2023-12-10 08:55:26,293 [main] INFO  server.RaftServerConfigKeys (ConfUtils.java:logGet(46)) - raft.server.data-stream.async.write.thread.pool.size = 16 (default)
2023-12-10 08:55:26,293 [main] INFO  netty.NettyConfigKeys$DataStream (ConfUtils.java:logGet(46)) - raft.netty.dataStream.server.channel.inactive.grace-period = 10min (default)
2023-12-10 08:55:26,293 [main] INFO  server.RaftServerConfigKeys (ConfUtils.java:logGet(46)) - raft.server.data-stream.client.pool.size = 10 (default)
2023-12-10 08:55:26,293 [main] INFO  netty.NettyConfigKeys$DataStream (ConfUtils.java:logGet(46)) - raft.netty.dataStream.server.use-epoll = true (default)
2023-12-10 08:55:26,293 [main] INFO  netty.NettyConfigKeys$DataStream (ConfUtils.java:logGet(46)) - raft.netty.dataStream.server.boss-group.size = 0 (default)
2023-12-10 08:55:26,294 [main] INFO  netty.NettyUtils (NettyUtils.java:newEventLoopGroup(69)) - Create EpollEventLoopGroup for 1325fac8-4950-4fd4-a580-526da936db2d-NettyServerStreamRpc-bossGroup; Thread size is 0.
2023-12-10 08:55:26,294 [main] INFO  netty.NettyConfigKeys$DataStream (ConfUtils.java:logGet(46)) - raft.netty.dataStream.server.worker-group.size = 0 (default)
2023-12-10 08:55:26,294 [main] INFO  netty.NettyUtils (NettyUtils.java:newEventLoopGroup(69)) - Create EpollEventLoopGroup for 1325fac8-4950-4fd4-a580-526da936db2d-NettyServerStreamRpc-workerGroup; Thread size is 0.
2023-12-10 08:55:26,295 [main] INFO  netty.NettyConfigKeys$DataStream (ConfUtils.java:logGet(46)) - raft.netty.dataStream.server.tls.conf = null (default)
2023-12-10 08:55:26,295 [main] INFO  netty.NettyConfigKeys$DataStream (ConfUtils.java:logGet(46)) - raft.netty.dataStream.host = null (default)
2023-12-10 08:55:26,295 [main] INFO  netty.NettyConfigKeys$DataStream (ConfUtils.java:logGet(46)) - raft.netty.dataStream.port = 15114 (custom)
2023-12-10 08:55:26,296 [main] INFO  server.RaftServerConfigKeys (ConfUtils.java:logGet(46)) - raft.server.sleep.deviation.threshold = 300ms (default)
2023-12-10 08:55:26,297 [1325fac8-4950-4fd4-a580-526da936db2d-NettyServerStreamRpc-bossGroup--thread1] INFO  logging.LoggingHandler (AbstractInternalLogger.java:log(148)) - [id: 0xb32aaefe] REGISTERED
2023-12-10 08:55:26,298 [1325fac8-4950-4fd4-a580-526da936db2d-NettyServerStreamRpc-bossGroup--thread1] INFO  logging.LoggingHandler (AbstractInternalLogger.java:log(148)) - [id: 0xb32aaefe] BIND: 0.0.0.0/0.0.0.0:15114
2023-12-10 08:55:26,298 [1325fac8-4950-4fd4-a580-526da936db2d-NettyServerStreamRpc-bossGroup--thread1] INFO  logging.LoggingHandler (AbstractInternalLogger.java:log(148)) - [id: 0xb32aaefe, L:/0.0.0.0:15114] ACTIVE
2023-12-10 08:55:26,297 [main] INFO  server.RaftServerConfigKeys (ConfUtils.java:logGet(46)) - raft.server.close.threshold = 60s (default)
2023-12-10 08:55:26,298 [main] INFO  server.RaftServerConfigKeys (ConfUtils.java:logGet(46)) - raft.server.leaderelection.leader.step-down.wait-time = 10s (default)
2023-12-10 08:55:26,298 [main] INFO  server.RaftServerConfigKeys (ConfUtils.java:logGet(46)) - raft.server.storage.dir = [/home/runner/work/ozone/ozone/hadoop-ozone/integration-test/target/test-dir/MiniOzoneClusterImpl-7f66dfcd-4d84-4460-b9fe-211923c7b7bb/datanode-11/data/ratis] (custom)
2023-12-10 08:55:26,298 [main] INFO  server.RaftServerConfigKeys (ConfUtils.java:logGet(46)) - raft.server.threadpool.proxy.cached = true (default)
2023-12-10 08:55:26,299 [main] INFO  server.RaftServerConfigKeys (ConfUtils.java:logGet(46)) - raft.server.threadpool.proxy.size = 0 (default)
2023-12-10 08:55:26,299 [1325fac8-4950-4fd4-a580-526da936db2d-impl-thread1] INFO  server.RaftServer (RaftServerProxy.java:initGroupDir(264)) - 1325fac8-4950-4fd4-a580-526da936db2d: found a subdirectory /home/runner/work/ozone/ozone/hadoop-ozone/integration-test/target/test-dir/MiniOzoneClusterImpl-7f66dfcd-4d84-4460-b9fe-211923c7b7bb/datanode-11/data/ratis/tmp
2023-12-10 08:55:26,299 [1325fac8-4950-4fd4-a580-526da936db2d-impl-thread1] INFO  server.RaftServer (RaftServerProxy.java:initGroupDir(269)) - 1325fac8-4950-4fd4-a580-526da936db2d: The directory /home/runner/work/ozone/ozone/hadoop-ozone/integration-test/target/test-dir/MiniOzoneClusterImpl-7f66dfcd-4d84-4460-b9fe-211923c7b7bb/datanode-11/data/ratis/tmp is not a group directory; ignoring it. 
2023-12-10 08:55:26,299 [main] INFO  replication.ReplicationServer (ReplicationServer.java:<init>(85)) - Initializing replication server with thread count = 10 queue length = 4096
2023-12-10 08:55:26,300 [main] INFO  server.XceiverServerGrpc (XceiverServerGrpc.java:<init>(141)) - GrpcServer channel type EpollServerSocketChannel
2023-12-10 08:55:26,302 [main] INFO  replication.ReplicationSupervisor (ReplicationSupervisor.java:build(163)) - Initializing replication supervisor with thread count = 10
2023-12-10 08:55:26,302 [main] INFO  replication.ReplicationSupervisor (ReplicationSupervisor.java:nodeStateUpdated(317)) - Node state updated to IN_SERVICE, scaling executor pool size to 10
2023-12-10 08:55:26,304 [main] INFO  http.BaseHttpServer (BaseHttpServer.java:newHttpServer2BuilderForOzone(223)) - Starting Web-server for hddsDatanode at: http://0.0.0.0:15108
2023-12-10 08:55:26,304 [main] INFO  http.BaseHttpServer (BaseHttpServer.java:<init>(110)) - Hadoop Security Enabled: false Ozone Security Enabled: false Ozone HTTP Security Enabled: false 
2023-12-10 08:55:26,305 [main] WARN  server.AuthenticationFilter (AuthenticationFilter.java:constructSecretProvider(240)) - Unable to initialize FileSignerSecretProvider, falling back to use random secrets. Reason: Could not read signature secret file: /home/runner/hadoop-http-auth-signature-secret
2023-12-10 08:55:26,306 [main] INFO  http.HttpRequestLog (HttpRequestLog.java:getRequestLog(86)) - Http request log for http.requests.hddsDatanode is not defined
2023-12-10 08:55:26,307 [main] INFO  http.HttpServer2 (HttpServer2.java:addGlobalFilter(1036)) - Added global filter 'safety' (class=org.apache.hadoop.hdds.server.http.HttpServer2$QuotingInputFilter)
2023-12-10 08:55:26,308 [main] INFO  http.HttpServer2 (HttpServer2.java:addFilter(1012)) - Added filter static_user_filter (class=org.apache.hadoop.http.lib.StaticUserWebFilter$StaticUserFilter) to context hddsDatanode
2023-12-10 08:55:26,308 [main] INFO  http.HttpServer2 (HttpServer2.java:addFilter(1020)) - Added filter static_user_filter (class=org.apache.hadoop.http.lib.StaticUserWebFilter$StaticUserFilter) to context static
2023-12-10 08:55:26,308 [main] INFO  http.HttpServer2 (HttpServer2.java:addFilter(1020)) - Added filter static_user_filter (class=org.apache.hadoop.http.lib.StaticUserWebFilter$StaticUserFilter) to context logs
2023-12-10 08:55:26,308 [main] INFO  http.BaseHttpServer (BaseHttpServer.java:<init>(189)) - HTTP server of hddsDatanode uses base directory /home/runner/work/ozone/ozone/hadoop-ozone/integration-test/target/test-dir/MiniOzoneClusterImpl-7f66dfcd-4d84-4460-b9fe-211923c7b7bb/datanode-11/meta/webserver
2023-12-10 08:55:26,309 [main] INFO  http.HttpServer2 (HttpServer2.java:bindListener(1236)) - Jetty bound to port 15108
2023-12-10 08:55:26,309 [main] INFO  server.Server (Server.java:doStart(375)) - jetty-9.4.53.v20231009; built: 2023-10-09T12:29:09.265Z; git: 27bde00a0b95a1d5bbee0eae7984f891d2d0f8c9; jvm 1.8.0_392-b08
2023-12-10 08:55:26,310 [main] INFO  server.session (DefaultSessionIdManager.java:doStart(334)) - DefaultSessionIdManager workerName=node0
2023-12-10 08:55:26,310 [main] INFO  server.session (DefaultSessionIdManager.java:doStart(339)) - No SessionScavenger set, using defaults
2023-12-10 08:55:26,310 [main] INFO  server.session (HouseKeeper.java:startScavenging(132)) - node0 Scavenging every 660000ms
2023-12-10 08:55:26,311 [main] INFO  handler.ContextHandler (ContextHandler.java:doStart(921)) - Started o.e.j.s.ServletContextHandler@179d0438{logs,/logs,file:///home/runner/work/ozone/ozone/hadoop-ozone/integration-test/target/log,AVAILABLE}
2023-12-10 08:55:26,311 [main] INFO  handler.ContextHandler (ContextHandler.java:doStart(921)) - Started o.e.j.s.ServletContextHandler@12252194{static,/static,jar:file:/home/runner/.m2/repository/org/apache/ozone/hdds-container-service/1.4.0-SNAPSHOT/hdds-container-service-1.4.0-SNAPSHOT.jar!/webapps/static,AVAILABLE}
2023-12-10 08:55:26,343 [main] INFO  handler.ContextHandler (ContextHandler.java:doStart(921)) - Started o.e.j.w.WebAppContext@6a0415f0{hddsDatanode,/,file:///home/runner/work/ozone/ozone/hadoop-ozone/integration-test/target/test-dir/MiniOzoneClusterImpl-7f66dfcd-4d84-4460-b9fe-211923c7b7bb/datanode-11/meta/webserver/jetty-0_0_0_0-15108-hdds-container-service-1_4_0-SNAPSHOT_jar-_-any-3695695523394157631/webapp/,AVAILABLE}{jar:file:/home/runner/.m2/repository/org/apache/ozone/hdds-container-service/1.4.0-SNAPSHOT/hdds-container-service-1.4.0-SNAPSHOT.jar!/webapps/hddsDatanode}
2023-12-10 08:55:26,345 [main] INFO  server.AbstractConnector (AbstractConnector.java:doStart(333)) - Started ServerConnector@4f50a274{HTTP/1.1, (http/1.1)}{0.0.0.0:15108}
2023-12-10 08:55:26,345 [main] INFO  server.Server (Server.java:doStart(415)) - Started @8016ms
2023-12-10 08:55:26,346 [main] WARN  impl.MetricsSystemImpl (MetricsSystemImpl.java:register(279)) - Sink prometheus already exists!
2023-12-10 08:55:26,346 [main] INFO  http.BaseHttpServer (BaseHttpServer.java:updateConnectorAddress(354)) - HTTP server of hddsDatanode listening at http://0.0.0.0:15108
2023-12-10 08:55:26,347 [main] INFO  ipc.CallQueueManager (CallQueueManager.java:<init>(90)) - Using callQueue: class java.util.concurrent.LinkedBlockingQueue, queueCapacity: 100, scheduler: class org.apache.hadoop.ipc.DefaultRpcScheduler, ipcBackoff: false.
2023-12-10 08:55:26,347 [main] INFO  ipc.Server (Server.java:<init>(1287)) - Listener at 0.0.0.0:15109
2023-12-10 08:55:26,348 [Socket Reader #1 for port 15109] INFO  ipc.Server (Server.java:run(1323)) - Starting Socket Reader #1 for port 15109
2023-12-10 08:55:26,356 [main] INFO  ozone.HddsDatanodeService (HddsDatanodeService.java:start(324)) - Datanode start with admins: [runner]
2023-12-10 08:55:26,356 [main] INFO  ozone.HddsDatanodeClientProtocolServer (HddsDatanodeClientProtocolServer.java:start(72)) - RPC server for Client /0.0.0.0:15109
2023-12-10 08:55:26,358 [IPC Server Responder] INFO  ipc.Server (Server.java:run(1562)) - IPC Server Responder: starting
2023-12-10 08:55:26,364 [IPC Server listener on 15109] INFO  ipc.Server (Server.java:run(1402)) - IPC Server listener on 15109: starting
2023-12-10 08:55:26,366 [1325fac8-4950-4fd4-a580-526da936db2d-DatanodeStateMachineDaemonThread] INFO  statemachine.DatanodeStateMachine (DatanodeStateMachine.java:lambda$startDaemon$1(555)) - Ozone container server started.
2023-12-10 08:55:26,366 [main] WARN  dropwizard3.Dm3MetricRegistriesImpl (Dm3MetricRegistriesImpl.java:addReporterRegistration(113)) - New reporters are added after registries were created. Some metrics will be missing from the reporter. Please add reporter before adding any new registry.
2023-12-10 08:55:26,367 [main] WARN  dropwizard3.Dm3MetricRegistriesImpl (Dm3MetricRegistriesImpl.java:addReporterRegistration(113)) - New reporters are added after registries were created. Some metrics will be missing from the reporter. Please add reporter before adding any new registry.
2023-12-10 08:55:26,367 [main] INFO  impl.MetricsSystemImpl (MetricsSystemImpl.java:init(158)) - HddsDatanode metrics system started (again)
2023-12-10 08:55:26,379 [main] INFO  ozone.HddsDatanodeService (HddsDatanodeService.java:start(239)) - HddsDatanodeService host:fv-az1041-125 ip:10.1.0.29
2023-12-10 08:55:26,380 [1325fac8-4950-4fd4-a580-526da936db2d-DatanodeStateMachineTaskThread-0] INFO  datanode.InitDatanodeState (InitDatanodeState.java:persistContainerDatanodeDetails(139)) - DatanodeDetails is persisted to /home/runner/work/ozone/ozone/hadoop-ozone/integration-test/target/test-dir/MiniOzoneClusterImpl-7f66dfcd-4d84-4460-b9fe-211923c7b7bb/datanode-11/meta/datanode.id
2023-12-10 08:55:26,399 [main] INFO  upgrade.AbstractLayoutVersionManager (AbstractLayoutVersionManager.java:init(83)) - Initializing Layout version manager with metadata layout = HADOOP_PRC_PORTS_IN_DATANODEDETAILS (version = 7), software layout = HADOOP_PRC_PORTS_IN_DATANODEDETAILS (version = 7)
2023-12-10 08:55:26,399 [main] INFO  statemachine.DatanodeStateMachine (DatanodeStateMachine.java:getEndPointTaskThreadPoolSize(299)) - Datanode State Machine Task Thread Pool size 2
2023-12-10 08:55:26,401 [main] INFO  volume.HddsVolume (HddsVolume.java:<init>(126)) - Creating HddsVolume: /home/runner/work/ozone/ozone/hadoop-ozone/integration-test/target/test-dir/MiniOzoneClusterImpl-7f66dfcd-4d84-4460-b9fe-211923c7b7bb/datanode-12/data-0/containers/hdds of storage type : DISK capacity : 9223372036854775807
2023-12-10 08:55:26,401 [main] INFO  volume.MutableVolumeSet (MutableVolumeSet.java:initializeVolumeSet(173)) - Added Volume : /home/runner/work/ozone/ozone/hadoop-ozone/integration-test/target/test-dir/MiniOzoneClusterImpl-7f66dfcd-4d84-4460-b9fe-211923c7b7bb/datanode-12/data-0/containers/hdds to VolumeSet
2023-12-10 08:55:26,401 [main] INFO  volume.MutableVolumeSet (MutableVolumeSet.java:initializeVolumeSet(173)) - Added Volume : /home/runner/work/ozone/ozone/hadoop-ozone/integration-test/target/test-dir/MiniOzoneClusterImpl-7f66dfcd-4d84-4460-b9fe-211923c7b7bb/datanode-12/data/ratis to VolumeSet
2023-12-10 08:55:26,402 [main] INFO  ozoneimpl.OzoneContainer (HddsVolumeUtil.java:loadAllHddsVolumeDbStore(103)) - Load 1 volumes DbStore cost: 0ms
2023-12-10 08:55:26,402 [8dd44b09-e567-4f6d-9d18-042062af3319-ContainerReader-0] INFO  ozoneimpl.ContainerReader (ContainerReader.java:readVolume(177)) - Finish verifying containers on volume /home/runner/work/ozone/ozone/hadoop-ozone/integration-test/target/test-dir/MiniOzoneClusterImpl-7f66dfcd-4d84-4460-b9fe-211923c7b7bb/datanode-12/data-0/containers/hdds
2023-12-10 08:55:26,403 [main] INFO  ozoneimpl.OzoneContainer (OzoneContainer.java:buildContainerSet(326)) - Build ContainerSet costs 0s
2023-12-10 08:55:26,405 [main] INFO  server.RaftServer (ConfUtils.java:logGet(46)) - raft.rpc.type = GRPC (default)
2023-12-10 08:55:26,405 [main] INFO  grpc.GrpcConfigKeys (ConfUtils.java:logFallback(53)) - raft.grpc.admin.host = null (fallback to raft.grpc.server.host)
2023-12-10 08:55:26,405 [main] INFO  grpc.GrpcConfigKeys (ConfUtils.java:logGet(46)) - raft.grpc.admin.port = 15121 (custom)
2023-12-10 08:55:26,405 [main] INFO  grpc.GrpcConfigKeys (ConfUtils.java:logFallback(53)) - raft.grpc.client.host = null (fallback to raft.grpc.server.host)
2023-12-10 08:55:26,405 [main] INFO  grpc.GrpcConfigKeys (ConfUtils.java:logGet(46)) - raft.grpc.client.port = 15120 (custom)
2023-12-10 08:55:26,406 [main] INFO  grpc.GrpcConfigKeys (ConfUtils.java:logGet(46)) - raft.grpc.server.host = null (default)
2023-12-10 08:55:26,406 [main] INFO  grpc.GrpcConfigKeys (ConfUtils.java:logGet(46)) - raft.grpc.server.port = 15122 (custom)
2023-12-10 08:55:26,406 [main] INFO  server.GrpcService (ConfUtils.java:logGet(46)) - raft.grpc.message.size.max = 32MB (=33554432) (custom)
2023-12-10 08:55:26,406 [main] INFO  server.RaftServerConfigKeys (ConfUtils.java:logGet(46)) - raft.server.log.appender.buffer.byte-limit = 8388608 (custom)
2023-12-10 08:55:26,406 [main] INFO  server.GrpcService (ConfUtils.java:logGet(46)) - raft.grpc.flow.control.window = 5MB (=5242880) (custom)
2023-12-10 08:55:26,406 [main] INFO  server.RaftServerConfigKeys (ConfUtils.java:logGet(46)) - raft.server.rpc.request.timeout = 60s (custom)
2023-12-10 08:55:26,407 [main] INFO  grpc.GrpcConfigKeys (ConfUtils.java:logGet(46)) - raft.grpc.server.heartbeat.channel = true (default)
2023-12-10 08:55:26,407 [main] INFO  grpc.GrpcConfigKeys (ConfUtils.java:logGet(46)) - raft.grpc.server.async.request.thread.pool.cached = true (default)
2023-12-10 08:55:26,407 [main] INFO  grpc.GrpcConfigKeys (ConfUtils.java:logGet(46)) - raft.grpc.server.async.request.thread.pool.size = 32 (default)
2023-12-10 08:55:26,409 [main] INFO  impl.DataStreamServerImpl (ConfUtils.java:logGet(46)) - raft.datastream.type = NETTY (custom)
2023-12-10 08:55:26,409 [main] INFO  server.RaftServerConfigKeys (ConfUtils.java:logGet(46)) - raft.server.data-stream.async.request.thread.pool.cached = false (default)
2023-12-10 08:55:26,410 [main] INFO  server.RaftServerConfigKeys (ConfUtils.java:logGet(46)) - raft.server.data-stream.async.request.thread.pool.size = 20 (custom)
2023-12-10 08:55:26,410 [main] INFO  server.RaftServerConfigKeys (ConfUtils.java:logGet(46)) - raft.server.data-stream.async.write.thread.pool.size = 16 (default)
2023-12-10 08:55:26,410 [main] INFO  netty.NettyConfigKeys$DataStream (ConfUtils.java:logGet(46)) - raft.netty.dataStream.server.channel.inactive.grace-period = 10min (default)
2023-12-10 08:55:26,410 [main] INFO  server.RaftServerConfigKeys (ConfUtils.java:logGet(46)) - raft.server.data-stream.client.pool.size = 10 (default)
2023-12-10 08:55:26,410 [main] INFO  netty.NettyConfigKeys$DataStream (ConfUtils.java:logGet(46)) - raft.netty.dataStream.server.use-epoll = true (default)
2023-12-10 08:55:26,410 [main] INFO  netty.NettyConfigKeys$DataStream (ConfUtils.java:logGet(46)) - raft.netty.dataStream.server.boss-group.size = 0 (default)
2023-12-10 08:55:26,411 [main] INFO  netty.NettyUtils (NettyUtils.java:newEventLoopGroup(69)) - Create EpollEventLoopGroup for 8dd44b09-e567-4f6d-9d18-042062af3319-NettyServerStreamRpc-bossGroup; Thread size is 0.
2023-12-10 08:55:26,411 [main] INFO  netty.NettyConfigKeys$DataStream (ConfUtils.java:logGet(46)) - raft.netty.dataStream.server.worker-group.size = 0 (default)
2023-12-10 08:55:26,411 [main] INFO  netty.NettyUtils (NettyUtils.java:newEventLoopGroup(69)) - Create EpollEventLoopGroup for 8dd44b09-e567-4f6d-9d18-042062af3319-NettyServerStreamRpc-workerGroup; Thread size is 0.
2023-12-10 08:55:26,412 [main] INFO  netty.NettyConfigKeys$DataStream (ConfUtils.java:logGet(46)) - raft.netty.dataStream.server.tls.conf = null (default)
2023-12-10 08:55:26,412 [main] INFO  netty.NettyConfigKeys$DataStream (ConfUtils.java:logGet(46)) - raft.netty.dataStream.host = null (default)
2023-12-10 08:55:26,412 [main] INFO  netty.NettyConfigKeys$DataStream (ConfUtils.java:logGet(46)) - raft.netty.dataStream.port = 15123 (custom)
2023-12-10 08:55:26,413 [main] INFO  server.RaftServerConfigKeys (ConfUtils.java:logGet(46)) - raft.server.sleep.deviation.threshold = 300ms (default)
2023-12-10 08:55:26,414 [main] INFO  server.RaftServerConfigKeys (ConfUtils.java:logGet(46)) - raft.server.close.threshold = 60s (default)
2023-12-10 08:55:26,414 [8dd44b09-e567-4f6d-9d18-042062af3319-NettyServerStreamRpc-bossGroup--thread1] INFO  logging.LoggingHandler (AbstractInternalLogger.java:log(148)) - [id: 0xdd4db5f4] REGISTERED
2023-12-10 08:55:26,414 [main] INFO  server.RaftServerConfigKeys (ConfUtils.java:logGet(46)) - raft.server.leaderelection.leader.step-down.wait-time = 10s (default)
2023-12-10 08:55:26,414 [8dd44b09-e567-4f6d-9d18-042062af3319-NettyServerStreamRpc-bossGroup--thread1] INFO  logging.LoggingHandler (AbstractInternalLogger.java:log(148)) - [id: 0xdd4db5f4] BIND: 0.0.0.0/0.0.0.0:15123
2023-12-10 08:55:26,414 [main] INFO  server.RaftServerConfigKeys (ConfUtils.java:logGet(46)) - raft.server.storage.dir = [/home/runner/work/ozone/ozone/hadoop-ozone/integration-test/target/test-dir/MiniOzoneClusterImpl-7f66dfcd-4d84-4460-b9fe-211923c7b7bb/datanode-12/data/ratis] (custom)
2023-12-10 08:55:26,414 [8dd44b09-e567-4f6d-9d18-042062af3319-NettyServerStreamRpc-bossGroup--thread1] INFO  logging.LoggingHandler (AbstractInternalLogger.java:log(148)) - [id: 0xdd4db5f4, L:/0.0.0.0:15123] ACTIVE
2023-12-10 08:55:26,414 [main] INFO  server.RaftServerConfigKeys (ConfUtils.java:logGet(46)) - raft.server.threadpool.proxy.cached = true (default)
2023-12-10 08:55:26,415 [main] INFO  server.RaftServerConfigKeys (ConfUtils.java:logGet(46)) - raft.server.threadpool.proxy.size = 0 (default)
2023-12-10 08:55:26,415 [8dd44b09-e567-4f6d-9d18-042062af3319-impl-thread1] INFO  server.RaftServer (RaftServerProxy.java:initGroupDir(264)) - 8dd44b09-e567-4f6d-9d18-042062af3319: found a subdirectory /home/runner/work/ozone/ozone/hadoop-ozone/integration-test/target/test-dir/MiniOzoneClusterImpl-7f66dfcd-4d84-4460-b9fe-211923c7b7bb/datanode-12/data/ratis/tmp
2023-12-10 08:55:26,415 [8dd44b09-e567-4f6d-9d18-042062af3319-impl-thread1] INFO  server.RaftServer (RaftServerProxy.java:initGroupDir(269)) - 8dd44b09-e567-4f6d-9d18-042062af3319: The directory /home/runner/work/ozone/ozone/hadoop-ozone/integration-test/target/test-dir/MiniOzoneClusterImpl-7f66dfcd-4d84-4460-b9fe-211923c7b7bb/datanode-12/data/ratis/tmp is not a group directory; ignoring it. 
2023-12-10 08:55:26,415 [main] INFO  replication.ReplicationServer (ReplicationServer.java:<init>(85)) - Initializing replication server with thread count = 10 queue length = 4096
2023-12-10 08:55:26,416 [main] INFO  server.XceiverServerGrpc (XceiverServerGrpc.java:<init>(141)) - GrpcServer channel type EpollServerSocketChannel
2023-12-10 08:55:26,418 [main] INFO  replication.ReplicationSupervisor (ReplicationSupervisor.java:build(163)) - Initializing replication supervisor with thread count = 10
2023-12-10 08:55:26,418 [main] INFO  replication.ReplicationSupervisor (ReplicationSupervisor.java:nodeStateUpdated(317)) - Node state updated to IN_SERVICE, scaling executor pool size to 10
2023-12-10 08:55:26,420 [main] INFO  http.BaseHttpServer (BaseHttpServer.java:newHttpServer2BuilderForOzone(223)) - Starting Web-server for hddsDatanode at: http://0.0.0.0:15117
2023-12-10 08:55:26,420 [main] INFO  http.BaseHttpServer (BaseHttpServer.java:<init>(110)) - Hadoop Security Enabled: false Ozone Security Enabled: false Ozone HTTP Security Enabled: false 
2023-12-10 08:55:26,421 [main] WARN  server.AuthenticationFilter (AuthenticationFilter.java:constructSecretProvider(240)) - Unable to initialize FileSignerSecretProvider, falling back to use random secrets. Reason: Could not read signature secret file: /home/runner/hadoop-http-auth-signature-secret
2023-12-10 08:55:26,421 [main] INFO  http.HttpRequestLog (HttpRequestLog.java:getRequestLog(86)) - Http request log for http.requests.hddsDatanode is not defined
2023-12-10 08:55:26,422 [main] INFO  http.HttpServer2 (HttpServer2.java:addGlobalFilter(1036)) - Added global filter 'safety' (class=org.apache.hadoop.hdds.server.http.HttpServer2$QuotingInputFilter)
2023-12-10 08:55:26,423 [main] INFO  http.HttpServer2 (HttpServer2.java:addFilter(1012)) - Added filter static_user_filter (class=org.apache.hadoop.http.lib.StaticUserWebFilter$StaticUserFilter) to context hddsDatanode
2023-12-10 08:55:26,423 [main] INFO  http.HttpServer2 (HttpServer2.java:addFilter(1020)) - Added filter static_user_filter (class=org.apache.hadoop.http.lib.StaticUserWebFilter$StaticUserFilter) to context static
2023-12-10 08:55:26,423 [main] INFO  http.HttpServer2 (HttpServer2.java:addFilter(1020)) - Added filter static_user_filter (class=org.apache.hadoop.http.lib.StaticUserWebFilter$StaticUserFilter) to context logs
2023-12-10 08:55:26,424 [main] INFO  http.BaseHttpServer (BaseHttpServer.java:<init>(189)) - HTTP server of hddsDatanode uses base directory /home/runner/work/ozone/ozone/hadoop-ozone/integration-test/target/test-dir/MiniOzoneClusterImpl-7f66dfcd-4d84-4460-b9fe-211923c7b7bb/datanode-12/meta/webserver
2023-12-10 08:55:26,424 [main] INFO  http.HttpServer2 (HttpServer2.java:bindListener(1236)) - Jetty bound to port 15117
2023-12-10 08:55:26,424 [main] INFO  server.Server (Server.java:doStart(375)) - jetty-9.4.53.v20231009; built: 2023-10-09T12:29:09.265Z; git: 27bde00a0b95a1d5bbee0eae7984f891d2d0f8c9; jvm 1.8.0_392-b08
2023-12-10 08:55:26,425 [main] INFO  server.session (DefaultSessionIdManager.java:doStart(334)) - DefaultSessionIdManager workerName=node0
2023-12-10 08:55:26,425 [main] INFO  server.session (DefaultSessionIdManager.java:doStart(339)) - No SessionScavenger set, using defaults
2023-12-10 08:55:26,426 [main] INFO  server.session (HouseKeeper.java:startScavenging(132)) - node0 Scavenging every 660000ms
2023-12-10 08:55:26,426 [main] INFO  handler.ContextHandler (ContextHandler.java:doStart(921)) - Started o.e.j.s.ServletContextHandler@15f87e85{logs,/logs,file:///home/runner/work/ozone/ozone/hadoop-ozone/integration-test/target/log,AVAILABLE}
2023-12-10 08:55:26,427 [main] INFO  handler.ContextHandler (ContextHandler.java:doStart(921)) - Started o.e.j.s.ServletContextHandler@19678f3c{static,/static,jar:file:/home/runner/.m2/repository/org/apache/ozone/hdds-container-service/1.4.0-SNAPSHOT/hdds-container-service-1.4.0-SNAPSHOT.jar!/webapps/static,AVAILABLE}
2023-12-10 08:55:26,460 [main] INFO  handler.ContextHandler (ContextHandler.java:doStart(921)) - Started o.e.j.w.WebAppContext@7a12fe7b{hddsDatanode,/,file:///home/runner/work/ozone/ozone/hadoop-ozone/integration-test/target/test-dir/MiniOzoneClusterImpl-7f66dfcd-4d84-4460-b9fe-211923c7b7bb/datanode-12/meta/webserver/jetty-0_0_0_0-15117-hdds-container-service-1_4_0-SNAPSHOT_jar-_-any-8421530739342043842/webapp/,AVAILABLE}{jar:file:/home/runner/.m2/repository/org/apache/ozone/hdds-container-service/1.4.0-SNAPSHOT/hdds-container-service-1.4.0-SNAPSHOT.jar!/webapps/hddsDatanode}
2023-12-10 08:55:26,462 [main] INFO  server.AbstractConnector (AbstractConnector.java:doStart(333)) - Started ServerConnector@f90fa28{HTTP/1.1, (http/1.1)}{0.0.0.0:15117}
2023-12-10 08:55:26,462 [main] INFO  server.Server (Server.java:doStart(415)) - Started @8133ms
2023-12-10 08:55:26,462 [main] WARN  impl.MetricsSystemImpl (MetricsSystemImpl.java:register(279)) - Sink prometheus already exists!
2023-12-10 08:55:26,463 [main] INFO  http.BaseHttpServer (BaseHttpServer.java:updateConnectorAddress(354)) - HTTP server of hddsDatanode listening at http://0.0.0.0:15117
2023-12-10 08:55:26,463 [main] INFO  ipc.CallQueueManager (CallQueueManager.java:<init>(90)) - Using callQueue: class java.util.concurrent.LinkedBlockingQueue, queueCapacity: 100, scheduler: class org.apache.hadoop.ipc.DefaultRpcScheduler, ipcBackoff: false.
2023-12-10 08:55:26,463 [main] INFO  ipc.Server (Server.java:<init>(1287)) - Listener at 0.0.0.0:15118
2023-12-10 08:55:26,464 [Socket Reader #1 for port 15118] INFO  ipc.Server (Server.java:run(1323)) - Starting Socket Reader #1 for port 15118
2023-12-10 08:55:26,468 [main] INFO  ozone.HddsDatanodeService (HddsDatanodeService.java:start(324)) - Datanode start with admins: [runner]
2023-12-10 08:55:26,468 [main] INFO  ozone.HddsDatanodeClientProtocolServer (HddsDatanodeClientProtocolServer.java:start(72)) - RPC server for Client /0.0.0.0:15118
2023-12-10 08:55:26,469 [IPC Server Responder] INFO  ipc.Server (Server.java:run(1562)) - IPC Server Responder: starting
2023-12-10 08:55:26,470 [IPC Server listener on 15118] INFO  ipc.Server (Server.java:run(1402)) - IPC Server listener on 15118: starting
2023-12-10 08:55:26,475 [8dd44b09-e567-4f6d-9d18-042062af3319-DatanodeStateMachineDaemonThread] INFO  statemachine.DatanodeStateMachine (DatanodeStateMachine.java:lambda$startDaemon$1(555)) - Ozone container server started.
2023-12-10 08:55:26,475 [main] WARN  dropwizard3.Dm3MetricRegistriesImpl (Dm3MetricRegistriesImpl.java:addReporterRegistration(113)) - New reporters are added after registries were created. Some metrics will be missing from the reporter. Please add reporter before adding any new registry.
2023-12-10 08:55:26,475 [main] WARN  dropwizard3.Dm3MetricRegistriesImpl (Dm3MetricRegistriesImpl.java:addReporterRegistration(113)) - New reporters are added after registries were created. Some metrics will be missing from the reporter. Please add reporter before adding any new registry.
2023-12-10 08:55:26,476 [main] INFO  impl.MetricsSystemImpl (MetricsSystemImpl.java:init(158)) - HddsDatanode metrics system started (again)
2023-12-10 08:55:26,479 [8dd44b09-e567-4f6d-9d18-042062af3319-DatanodeStateMachineTaskThread-0] INFO  datanode.InitDatanodeState (InitDatanodeState.java:persistContainerDatanodeDetails(139)) - DatanodeDetails is persisted to /home/runner/work/ozone/ozone/hadoop-ozone/integration-test/target/test-dir/MiniOzoneClusterImpl-7f66dfcd-4d84-4460-b9fe-211923c7b7bb/datanode-12/meta/datanode.id
2023-12-10 08:55:26,485 [main] INFO  ozone.HddsDatanodeService (HddsDatanodeService.java:start(239)) - HddsDatanodeService host:fv-az1041-125 ip:10.1.0.29
2023-12-10 08:55:26,507 [main] INFO  upgrade.AbstractLayoutVersionManager (AbstractLayoutVersionManager.java:init(83)) - Initializing Layout version manager with metadata layout = HADOOP_PRC_PORTS_IN_DATANODEDETAILS (version = 7), software layout = HADOOP_PRC_PORTS_IN_DATANODEDETAILS (version = 7)
2023-12-10 08:55:26,508 [main] INFO  statemachine.DatanodeStateMachine (DatanodeStateMachine.java:getEndPointTaskThreadPoolSize(299)) - Datanode State Machine Task Thread Pool size 2
2023-12-10 08:55:26,509 [main] INFO  volume.HddsVolume (HddsVolume.java:<init>(126)) - Creating HddsVolume: /home/runner/work/ozone/ozone/hadoop-ozone/integration-test/target/test-dir/MiniOzoneClusterImpl-7f66dfcd-4d84-4460-b9fe-211923c7b7bb/datanode-13/data-0/containers/hdds of storage type : DISK capacity : 9223372036854775807
2023-12-10 08:55:26,509 [main] INFO  volume.MutableVolumeSet (MutableVolumeSet.java:initializeVolumeSet(173)) - Added Volume : /home/runner/work/ozone/ozone/hadoop-ozone/integration-test/target/test-dir/MiniOzoneClusterImpl-7f66dfcd-4d84-4460-b9fe-211923c7b7bb/datanode-13/data-0/containers/hdds to VolumeSet
2023-12-10 08:55:26,510 [main] INFO  volume.MutableVolumeSet (MutableVolumeSet.java:initializeVolumeSet(173)) - Added Volume : /home/runner/work/ozone/ozone/hadoop-ozone/integration-test/target/test-dir/MiniOzoneClusterImpl-7f66dfcd-4d84-4460-b9fe-211923c7b7bb/datanode-13/data/ratis to VolumeSet
2023-12-10 08:55:26,511 [main] INFO  ozoneimpl.OzoneContainer (HddsVolumeUtil.java:loadAllHddsVolumeDbStore(103)) - Load 1 volumes DbStore cost: 0ms
2023-12-10 08:55:26,511 [69d4baa6-4398-472b-b8bb-6c5f70797a5a-ContainerReader-0] INFO  ozoneimpl.ContainerReader (ContainerReader.java:readVolume(177)) - Finish verifying containers on volume /home/runner/work/ozone/ozone/hadoop-ozone/integration-test/target/test-dir/MiniOzoneClusterImpl-7f66dfcd-4d84-4460-b9fe-211923c7b7bb/datanode-13/data-0/containers/hdds
2023-12-10 08:55:26,511 [main] INFO  ozoneimpl.OzoneContainer (OzoneContainer.java:buildContainerSet(326)) - Build ContainerSet costs 0s
2023-12-10 08:55:26,514 [main] INFO  server.RaftServer (ConfUtils.java:logGet(46)) - raft.rpc.type = GRPC (default)
2023-12-10 08:55:26,514 [main] INFO  grpc.GrpcConfigKeys (ConfUtils.java:logFallback(53)) - raft.grpc.admin.host = null (fallback to raft.grpc.server.host)
2023-12-10 08:55:26,514 [main] INFO  grpc.GrpcConfigKeys (ConfUtils.java:logGet(46)) - raft.grpc.admin.port = 15130 (custom)
2023-12-10 08:55:26,514 [main] INFO  grpc.GrpcConfigKeys (ConfUtils.java:logFallback(53)) - raft.grpc.client.host = null (fallback to raft.grpc.server.host)
2023-12-10 08:55:26,514 [main] INFO  grpc.GrpcConfigKeys (ConfUtils.java:logGet(46)) - raft.grpc.client.port = 15129 (custom)
2023-12-10 08:55:26,515 [main] INFO  grpc.GrpcConfigKeys (ConfUtils.java:logGet(46)) - raft.grpc.server.host = null (default)
2023-12-10 08:55:26,515 [main] INFO  grpc.GrpcConfigKeys (ConfUtils.java:logGet(46)) - raft.grpc.server.port = 15131 (custom)
2023-12-10 08:55:26,516 [main] INFO  server.GrpcService (ConfUtils.java:logGet(46)) - raft.grpc.message.size.max = 32MB (=33554432) (custom)
2023-12-10 08:55:26,516 [main] INFO  server.RaftServerConfigKeys (ConfUtils.java:logGet(46)) - raft.server.log.appender.buffer.byte-limit = 8388608 (custom)
2023-12-10 08:55:26,516 [main] INFO  server.GrpcService (ConfUtils.java:logGet(46)) - raft.grpc.flow.control.window = 5MB (=5242880) (custom)
2023-12-10 08:55:26,516 [main] INFO  server.RaftServerConfigKeys (ConfUtils.java:logGet(46)) - raft.server.rpc.request.timeout = 60s (custom)
2023-12-10 08:55:26,516 [main] INFO  grpc.GrpcConfigKeys (ConfUtils.java:logGet(46)) - raft.grpc.server.heartbeat.channel = true (default)
2023-12-10 08:55:26,517 [main] INFO  grpc.GrpcConfigKeys (ConfUtils.java:logGet(46)) - raft.grpc.server.async.request.thread.pool.cached = true (default)
2023-12-10 08:55:26,517 [main] INFO  grpc.GrpcConfigKeys (ConfUtils.java:logGet(46)) - raft.grpc.server.async.request.thread.pool.size = 32 (default)
2023-12-10 08:55:26,519 [main] INFO  impl.DataStreamServerImpl (ConfUtils.java:logGet(46)) - raft.datastream.type = NETTY (custom)
2023-12-10 08:55:26,519 [main] INFO  server.RaftServerConfigKeys (ConfUtils.java:logGet(46)) - raft.server.data-stream.async.request.thread.pool.cached = false (default)
2023-12-10 08:55:26,519 [main] INFO  server.RaftServerConfigKeys (ConfUtils.java:logGet(46)) - raft.server.data-stream.async.request.thread.pool.size = 20 (custom)
2023-12-10 08:55:26,520 [main] INFO  server.RaftServerConfigKeys (ConfUtils.java:logGet(46)) - raft.server.data-stream.async.write.thread.pool.size = 16 (default)
2023-12-10 08:55:26,520 [main] INFO  netty.NettyConfigKeys$DataStream (ConfUtils.java:logGet(46)) - raft.netty.dataStream.server.channel.inactive.grace-period = 10min (default)
2023-12-10 08:55:26,520 [main] INFO  server.RaftServerConfigKeys (ConfUtils.java:logGet(46)) - raft.server.data-stream.client.pool.size = 10 (default)
2023-12-10 08:55:26,520 [main] INFO  netty.NettyConfigKeys$DataStream (ConfUtils.java:logGet(46)) - raft.netty.dataStream.server.use-epoll = true (default)
2023-12-10 08:55:26,520 [main] INFO  netty.NettyConfigKeys$DataStream (ConfUtils.java:logGet(46)) - raft.netty.dataStream.server.boss-group.size = 0 (default)
2023-12-10 08:55:26,520 [main] INFO  netty.NettyUtils (NettyUtils.java:newEventLoopGroup(69)) - Create EpollEventLoopGroup for 69d4baa6-4398-472b-b8bb-6c5f70797a5a-NettyServerStreamRpc-bossGroup; Thread size is 0.
2023-12-10 08:55:26,521 [main] INFO  netty.NettyConfigKeys$DataStream (ConfUtils.java:logGet(46)) - raft.netty.dataStream.server.worker-group.size = 0 (default)
2023-12-10 08:55:26,521 [main] INFO  netty.NettyUtils (NettyUtils.java:newEventLoopGroup(69)) - Create EpollEventLoopGroup for 69d4baa6-4398-472b-b8bb-6c5f70797a5a-NettyServerStreamRpc-workerGroup; Thread size is 0.
2023-12-10 08:55:26,521 [main] INFO  netty.NettyConfigKeys$DataStream (ConfUtils.java:logGet(46)) - raft.netty.dataStream.server.tls.conf = null (default)
2023-12-10 08:55:26,522 [main] INFO  netty.NettyConfigKeys$DataStream (ConfUtils.java:logGet(46)) - raft.netty.dataStream.host = null (default)
2023-12-10 08:55:26,522 [main] INFO  netty.NettyConfigKeys$DataStream (ConfUtils.java:logGet(46)) - raft.netty.dataStream.port = 15132 (custom)
2023-12-10 08:55:26,522 [main] INFO  server.RaftServerConfigKeys (ConfUtils.java:logGet(46)) - raft.server.sleep.deviation.threshold = 300ms (default)
2023-12-10 08:55:26,523 [main] INFO  server.RaftServerConfigKeys (ConfUtils.java:logGet(46)) - raft.server.close.threshold = 60s (default)
2023-12-10 08:55:26,524 [69d4baa6-4398-472b-b8bb-6c5f70797a5a-NettyServerStreamRpc-bossGroup--thread1] INFO  logging.LoggingHandler (AbstractInternalLogger.java:log(148)) - [id: 0x65798ccd] REGISTERED
2023-12-10 08:55:26,524 [main] INFO  server.RaftServerConfigKeys (ConfUtils.java:logGet(46)) - raft.server.leaderelection.leader.step-down.wait-time = 10s (default)
2023-12-10 08:55:26,524 [69d4baa6-4398-472b-b8bb-6c5f70797a5a-NettyServerStreamRpc-bossGroup--thread1] INFO  logging.LoggingHandler (AbstractInternalLogger.java:log(148)) - [id: 0x65798ccd] BIND: 0.0.0.0/0.0.0.0:15132
2023-12-10 08:55:26,524 [main] INFO  server.RaftServerConfigKeys (ConfUtils.java:logGet(46)) - raft.server.storage.dir = [/home/runner/work/ozone/ozone/hadoop-ozone/integration-test/target/test-dir/MiniOzoneClusterImpl-7f66dfcd-4d84-4460-b9fe-211923c7b7bb/datanode-13/data/ratis] (custom)
2023-12-10 08:55:26,524 [69d4baa6-4398-472b-b8bb-6c5f70797a5a-NettyServerStreamRpc-bossGroup--thread1] INFO  logging.LoggingHandler (AbstractInternalLogger.java:log(148)) - [id: 0x65798ccd, L:/0.0.0.0:15132] ACTIVE
2023-12-10 08:55:26,524 [main] INFO  server.RaftServerConfigKeys (ConfUtils.java:logGet(46)) - raft.server.threadpool.proxy.cached = true (default)
2023-12-10 08:55:26,524 [main] INFO  server.RaftServerConfigKeys (ConfUtils.java:logGet(46)) - raft.server.threadpool.proxy.size = 0 (default)
2023-12-10 08:55:26,525 [69d4baa6-4398-472b-b8bb-6c5f70797a5a-impl-thread1] INFO  server.RaftServer (RaftServerProxy.java:initGroupDir(264)) - 69d4baa6-4398-472b-b8bb-6c5f70797a5a: found a subdirectory /home/runner/work/ozone/ozone/hadoop-ozone/integration-test/target/test-dir/MiniOzoneClusterImpl-7f66dfcd-4d84-4460-b9fe-211923c7b7bb/datanode-13/data/ratis/tmp
2023-12-10 08:55:26,525 [69d4baa6-4398-472b-b8bb-6c5f70797a5a-impl-thread1] INFO  server.RaftServer (RaftServerProxy.java:initGroupDir(269)) - 69d4baa6-4398-472b-b8bb-6c5f70797a5a: The directory /home/runner/work/ozone/ozone/hadoop-ozone/integration-test/target/test-dir/MiniOzoneClusterImpl-7f66dfcd-4d84-4460-b9fe-211923c7b7bb/datanode-13/data/ratis/tmp is not a group directory; ignoring it. 
2023-12-10 08:55:26,526 [main] INFO  replication.ReplicationServer (ReplicationServer.java:<init>(85)) - Initializing replication server with thread count = 10 queue length = 4096
2023-12-10 08:55:26,527 [main] INFO  server.XceiverServerGrpc (XceiverServerGrpc.java:<init>(141)) - GrpcServer channel type EpollServerSocketChannel
2023-12-10 08:55:26,528 [main] INFO  replication.ReplicationSupervisor (ReplicationSupervisor.java:build(163)) - Initializing replication supervisor with thread count = 10
2023-12-10 08:55:26,529 [main] INFO  replication.ReplicationSupervisor (ReplicationSupervisor.java:nodeStateUpdated(317)) - Node state updated to IN_SERVICE, scaling executor pool size to 10
2023-12-10 08:55:26,532 [main] INFO  http.BaseHttpServer (BaseHttpServer.java:newHttpServer2BuilderForOzone(223)) - Starting Web-server for hddsDatanode at: http://0.0.0.0:15126
2023-12-10 08:55:26,532 [main] INFO  http.BaseHttpServer (BaseHttpServer.java:<init>(110)) - Hadoop Security Enabled: false Ozone Security Enabled: false Ozone HTTP Security Enabled: false 
2023-12-10 08:55:26,534 [main] WARN  server.AuthenticationFilter (AuthenticationFilter.java:constructSecretProvider(240)) - Unable to initialize FileSignerSecretProvider, falling back to use random secrets. Reason: Could not read signature secret file: /home/runner/hadoop-http-auth-signature-secret
2023-12-10 08:55:26,538 [main] INFO  http.HttpRequestLog (HttpRequestLog.java:getRequestLog(86)) - Http request log for http.requests.hddsDatanode is not defined
2023-12-10 08:55:26,539 [main] INFO  http.HttpServer2 (HttpServer2.java:addGlobalFilter(1036)) - Added global filter 'safety' (class=org.apache.hadoop.hdds.server.http.HttpServer2$QuotingInputFilter)
2023-12-10 08:55:26,540 [main] INFO  http.HttpServer2 (HttpServer2.java:addFilter(1012)) - Added filter static_user_filter (class=org.apache.hadoop.http.lib.StaticUserWebFilter$StaticUserFilter) to context hddsDatanode
2023-12-10 08:55:26,540 [main] INFO  http.HttpServer2 (HttpServer2.java:addFilter(1020)) - Added filter static_user_filter (class=org.apache.hadoop.http.lib.StaticUserWebFilter$StaticUserFilter) to context logs
2023-12-10 08:55:26,540 [main] INFO  http.HttpServer2 (HttpServer2.java:addFilter(1020)) - Added filter static_user_filter (class=org.apache.hadoop.http.lib.StaticUserWebFilter$StaticUserFilter) to context static
2023-12-10 08:55:26,541 [main] INFO  http.BaseHttpServer (BaseHttpServer.java:<init>(189)) - HTTP server of hddsDatanode uses base directory /home/runner/work/ozone/ozone/hadoop-ozone/integration-test/target/test-dir/MiniOzoneClusterImpl-7f66dfcd-4d84-4460-b9fe-211923c7b7bb/datanode-13/meta/webserver
2023-12-10 08:55:26,541 [main] INFO  http.HttpServer2 (HttpServer2.java:bindListener(1236)) - Jetty bound to port 15126
2023-12-10 08:55:26,541 [main] INFO  server.Server (Server.java:doStart(375)) - jetty-9.4.53.v20231009; built: 2023-10-09T12:29:09.265Z; git: 27bde00a0b95a1d5bbee0eae7984f891d2d0f8c9; jvm 1.8.0_392-b08
2023-12-10 08:55:26,542 [main] INFO  server.session (DefaultSessionIdManager.java:doStart(334)) - DefaultSessionIdManager workerName=node0
2023-12-10 08:55:26,542 [main] INFO  server.session (DefaultSessionIdManager.java:doStart(339)) - No SessionScavenger set, using defaults
2023-12-10 08:55:26,543 [main] INFO  server.session (HouseKeeper.java:startScavenging(132)) - node0 Scavenging every 600000ms
2023-12-10 08:55:26,544 [main] INFO  handler.ContextHandler (ContextHandler.java:doStart(921)) - Started o.e.j.s.ServletContextHandler@40d1799c{logs,/logs,file:///home/runner/work/ozone/ozone/hadoop-ozone/integration-test/target/log,AVAILABLE}
2023-12-10 08:55:26,545 [main] INFO  handler.ContextHandler (ContextHandler.java:doStart(921)) - Started o.e.j.s.ServletContextHandler@7bdfb1c0{static,/static,jar:file:/home/runner/.m2/repository/org/apache/ozone/hdds-container-service/1.4.0-SNAPSHOT/hdds-container-service-1.4.0-SNAPSHOT.jar!/webapps/static,AVAILABLE}
2023-12-10 08:55:26,578 [main] INFO  handler.ContextHandler (ContextHandler.java:doStart(921)) - Started o.e.j.w.WebAppContext@cce98b3{hddsDatanode,/,file:///home/runner/work/ozone/ozone/hadoop-ozone/integration-test/target/test-dir/MiniOzoneClusterImpl-7f66dfcd-4d84-4460-b9fe-211923c7b7bb/datanode-13/meta/webserver/jetty-0_0_0_0-15126-hdds-container-service-1_4_0-SNAPSHOT_jar-_-any-8647713811867469284/webapp/,AVAILABLE}{jar:file:/home/runner/.m2/repository/org/apache/ozone/hdds-container-service/1.4.0-SNAPSHOT/hdds-container-service-1.4.0-SNAPSHOT.jar!/webapps/hddsDatanode}
2023-12-10 08:55:26,579 [main] INFO  server.AbstractConnector (AbstractConnector.java:doStart(333)) - Started ServerConnector@79efee91{HTTP/1.1, (http/1.1)}{0.0.0.0:15126}
2023-12-10 08:55:26,579 [main] INFO  server.Server (Server.java:doStart(415)) - Started @8250ms
2023-12-10 08:55:26,579 [main] WARN  impl.MetricsSystemImpl (MetricsSystemImpl.java:register(279)) - Sink prometheus already exists!
2023-12-10 08:55:26,580 [main] INFO  http.BaseHttpServer (BaseHttpServer.java:updateConnectorAddress(354)) - HTTP server of hddsDatanode listening at http://0.0.0.0:15126
2023-12-10 08:55:26,580 [main] INFO  ipc.CallQueueManager (CallQueueManager.java:<init>(90)) - Using callQueue: class java.util.concurrent.LinkedBlockingQueue, queueCapacity: 100, scheduler: class org.apache.hadoop.ipc.DefaultRpcScheduler, ipcBackoff: false.
2023-12-10 08:55:26,580 [main] INFO  ipc.Server (Server.java:<init>(1287)) - Listener at 0.0.0.0:15127
2023-12-10 08:55:26,581 [Socket Reader #1 for port 15127] INFO  ipc.Server (Server.java:run(1323)) - Starting Socket Reader #1 for port 15127
2023-12-10 08:55:26,583 [main] INFO  ozone.HddsDatanodeService (HddsDatanodeService.java:start(324)) - Datanode start with admins: [runner]
2023-12-10 08:55:26,583 [main] INFO  ozone.HddsDatanodeClientProtocolServer (HddsDatanodeClientProtocolServer.java:start(72)) - RPC server for Client /0.0.0.0:15127
2023-12-10 08:55:26,586 [IPC Server Responder] INFO  ipc.Server (Server.java:run(1562)) - IPC Server Responder: starting
2023-12-10 08:55:26,586 [IPC Server listener on 15127] INFO  ipc.Server (Server.java:run(1402)) - IPC Server listener on 15127: starting
2023-12-10 08:55:26,594 [69d4baa6-4398-472b-b8bb-6c5f70797a5a-DatanodeStateMachineDaemonThread] INFO  statemachine.DatanodeStateMachine (DatanodeStateMachine.java:lambda$startDaemon$1(555)) - Ozone container server started.
2023-12-10 08:55:26,601 [main] INFO  ozone.MiniOzoneClusterImpl (MiniOzoneClusterImpl.java:lambda$waitForClusterToBeReady$0(229)) - Waiting for nodes to be ready. Got 0 of 14 DN Heartbeats.
2023-12-10 08:55:26,601 [main] INFO  ozone.MiniOzoneClusterImpl (MiniOzoneClusterImpl.java:lambda$waitForClusterToBeReady$0(232)) - Waiting for cluster to exit safe mode
2023-12-10 08:55:26,601 [main] INFO  ozone.MiniOzoneClusterImpl (MiniOzoneClusterImpl.java:lambda$waitForClusterToBeReady$0(234)) - SCM became leader
2023-12-10 08:55:26,602 [69d4baa6-4398-472b-b8bb-6c5f70797a5a-DatanodeStateMachineTaskThread-0] INFO  datanode.InitDatanodeState (InitDatanodeState.java:persistContainerDatanodeDetails(139)) - DatanodeDetails is persisted to /home/runner/work/ozone/ozone/hadoop-ozone/integration-test/target/test-dir/MiniOzoneClusterImpl-7f66dfcd-4d84-4460-b9fe-211923c7b7bb/datanode-13/meta/datanode.id
2023-12-10 08:55:27,054 [ceafc0c7-af9d-4de4-ae81-ea841051c606-EndpointStateMachineTaskThread-/0.0.0.0:15002-0 ] INFO  utils.DatanodeStoreCache (DatanodeStoreCache.java:addDB(66)) - Added db /home/runner/work/ozone/ozone/hadoop-ozone/integration-test/target/test-dir/MiniOzoneClusterImpl-7f66dfcd-4d84-4460-b9fe-211923c7b7bb/datanode-0/data-0/containers/hdds/7f66dfcd-4d84-4460-b9fe-211923c7b7bb/DS-137b4c07-bef9-4ff0-ac7c-1c13d7b0c9dd/container.db to cache
2023-12-10 08:55:27,054 [ceafc0c7-af9d-4de4-ae81-ea841051c606-EndpointStateMachineTaskThread-/0.0.0.0:15002-0 ] INFO  volume.HddsVolume (HddsVolume.java:createDbStore(422)) - SchemaV3 db is created and loaded at /home/runner/work/ozone/ozone/hadoop-ozone/integration-test/target/test-dir/MiniOzoneClusterImpl-7f66dfcd-4d84-4460-b9fe-211923c7b7bb/datanode-0/data-0/containers/hdds/7f66dfcd-4d84-4460-b9fe-211923c7b7bb/DS-137b4c07-bef9-4ff0-ac7c-1c13d7b0c9dd/container.db for volume DS-137b4c07-bef9-4ff0-ac7c-1c13d7b0c9dd
2023-12-10 08:55:27,056 [ceafc0c7-af9d-4de4-ae81-ea841051c606-EndpointStateMachineTaskThread-/0.0.0.0:15002-0 ] INFO  volume.ThrottledAsyncChecker (ThrottledAsyncChecker.java:schedule(141)) - Scheduling a check for /home/runner/work/ozone/ozone/hadoop-ozone/integration-test/target/test-dir/MiniOzoneClusterImpl-7f66dfcd-4d84-4460-b9fe-211923c7b7bb/datanode-0/data-0/containers/hdds
2023-12-10 08:55:27,069 [ceafc0c7-af9d-4de4-ae81-ea841051c606-EndpointStateMachineTaskThread-/0.0.0.0:15002-0 ] INFO  volume.StorageVolumeChecker (StorageVolumeChecker.java:checkAllVolumes(218)) - Scheduled health check for volume /home/runner/work/ozone/ozone/hadoop-ozone/integration-test/target/test-dir/MiniOzoneClusterImpl-7f66dfcd-4d84-4460-b9fe-211923c7b7bb/datanode-0/data-0/containers/hdds
2023-12-10 08:55:27,071 [ceafc0c7-af9d-4de4-ae81-ea841051c606-EndpointStateMachineTaskThread-/0.0.0.0:15002-0 ] INFO  volume.ThrottledAsyncChecker (ThrottledAsyncChecker.java:schedule(141)) - Scheduling a check for /home/runner/work/ozone/ozone/hadoop-ozone/integration-test/target/test-dir/MiniOzoneClusterImpl-7f66dfcd-4d84-4460-b9fe-211923c7b7bb/datanode-0/data/ratis
2023-12-10 08:55:27,071 [ceafc0c7-af9d-4de4-ae81-ea841051c606-EndpointStateMachineTaskThread-/0.0.0.0:15002-0 ] INFO  volume.StorageVolumeChecker (StorageVolumeChecker.java:checkAllVolumes(218)) - Scheduled health check for volume /home/runner/work/ozone/ozone/hadoop-ozone/integration-test/target/test-dir/MiniOzoneClusterImpl-7f66dfcd-4d84-4460-b9fe-211923c7b7bb/datanode-0/data/ratis
2023-12-10 08:55:27,073 [ceafc0c7-af9d-4de4-ae81-ea841051c606-EndpointStateMachineTaskThread-/0.0.0.0:15002-0 ] INFO  ozoneimpl.OzoneContainer (OzoneContainer.java:start(441)) - Attempting to start container services.
2023-12-10 08:55:27,074 [ceafc0c7-af9d-4de4-ae81-ea841051c606-EndpointStateMachineTaskThread-/0.0.0.0:15002-0 ] INFO  ozoneimpl.OzoneContainer (OzoneContainer.java:startContainerScrub(337)) - Scheduled background container scanners and the on-demand container scanner have been disabled.
2023-12-10 08:55:27,078 [ceafc0c7-af9d-4de4-ae81-ea841051c606-EndpointStateMachineTaskThread-/0.0.0.0:15002-0 ] INFO  replication.ReplicationServer (ReplicationServer.java:start(139)) - ReplicationServer is started using port 15016
2023-12-10 08:55:27,078 [ceafc0c7-af9d-4de4-ae81-ea841051c606-EndpointStateMachineTaskThread-/0.0.0.0:15002-0 ] INFO  ratis.XceiverServerRatis (XceiverServerRatis.java:start(548)) - Starting XceiverServerRatis ceafc0c7-af9d-4de4-ae81-ea841051c606
2023-12-10 08:55:27,079 [ceafc0c7-af9d-4de4-ae81-ea841051c606-EndpointStateMachineTaskThread-/0.0.0.0:15002-0 ] INFO  server.RaftServer (RaftServerProxy.java:startImpl(406)) - ceafc0c7-af9d-4de4-ae81-ea841051c606: start RPC server
2023-12-10 08:55:27,081 [ceafc0c7-af9d-4de4-ae81-ea841051c606-EndpointStateMachineTaskThread-/0.0.0.0:15002-0 ] INFO  server.GrpcService (GrpcService.java:startImpl(302)) - ceafc0c7-af9d-4de4-ae81-ea841051c606: GrpcService started, listening on 15012
2023-12-10 08:55:27,082 [ceafc0c7-af9d-4de4-ae81-ea841051c606-EndpointStateMachineTaskThread-/0.0.0.0:15002-0 ] INFO  server.GrpcService (GrpcService.java:startImpl(302)) - ceafc0c7-af9d-4de4-ae81-ea841051c606: GrpcService started, listening on 15014
2023-12-10 08:55:27,084 [ceafc0c7-af9d-4de4-ae81-ea841051c606-EndpointStateMachineTaskThread-/0.0.0.0:15002-0 ] INFO  server.GrpcService (GrpcService.java:startImpl(302)) - ceafc0c7-af9d-4de4-ae81-ea841051c606: GrpcService started, listening on 15013
2023-12-10 08:55:27,084 [JvmPauseMonitor2] INFO  util.JvmPauseMonitor (JvmPauseMonitor.java:run(146)) - JvmPauseMonitor-ceafc0c7-af9d-4de4-ae81-ea841051c606: Started
2023-12-10 08:55:27,086 [ceafc0c7-af9d-4de4-ae81-ea841051c606-EndpointStateMachineTaskThread-/0.0.0.0:15002-0 ] INFO  ratis.XceiverServerRatis (XceiverServerRatis.java:getRealPort(574)) - XceiverServerRatis ceafc0c7-af9d-4de4-ae81-ea841051c606 is started using port 15012 for RATIS
2023-12-10 08:55:27,087 [ceafc0c7-af9d-4de4-ae81-ea841051c606-EndpointStateMachineTaskThread-/0.0.0.0:15002-0 ] INFO  ratis.XceiverServerRatis (XceiverServerRatis.java:getRealPort(574)) - XceiverServerRatis ceafc0c7-af9d-4de4-ae81-ea841051c606 is started using port 15013 for RATIS_ADMIN
2023-12-10 08:55:27,087 [ceafc0c7-af9d-4de4-ae81-ea841051c606-EndpointStateMachineTaskThread-/0.0.0.0:15002-0 ] INFO  ratis.XceiverServerRatis (XceiverServerRatis.java:getRealPort(574)) - XceiverServerRatis ceafc0c7-af9d-4de4-ae81-ea841051c606 is started using port 15014 for RATIS_SERVER
2023-12-10 08:55:27,087 [ceafc0c7-af9d-4de4-ae81-ea841051c606-EndpointStateMachineTaskThread-/0.0.0.0:15002-0 ] INFO  ratis.XceiverServerRatis (XceiverServerRatis.java:getRealPort(574)) - XceiverServerRatis ceafc0c7-af9d-4de4-ae81-ea841051c606 is started using port 15015 for RATIS_DATASTREAM
2023-12-10 08:55:27,092 [ceafc0c7-af9d-4de4-ae81-ea841051c606-BlockDeletingService#0] INFO  interfaces.ContainerDeletionChoosingPolicyTemplate (ContainerDeletionChoosingPolicyTemplate.java:chooseContainerForBlockDeletion(85)) - Chosen 0/5000 blocks from 0 candidate containers.
2023-12-10 08:55:27,141 [edd7aebe-e713-4899-b982-ee5b12165735-EndpointStateMachineTaskThread-/0.0.0.0:15002-0 ] INFO  utils.DatanodeStoreCache (DatanodeStoreCache.java:addDB(66)) - Added db /home/runner/work/ozone/ozone/hadoop-ozone/integration-test/target/test-dir/MiniOzoneClusterImpl-7f66dfcd-4d84-4460-b9fe-211923c7b7bb/datanode-1/data-0/containers/hdds/7f66dfcd-4d84-4460-b9fe-211923c7b7bb/DS-a53b2b48-d07c-4bf2-8252-6605a7ca9ccf/container.db to cache
2023-12-10 08:55:27,142 [edd7aebe-e713-4899-b982-ee5b12165735-EndpointStateMachineTaskThread-/0.0.0.0:15002-0 ] INFO  volume.HddsVolume (HddsVolume.java:createDbStore(422)) - SchemaV3 db is created and loaded at /home/runner/work/ozone/ozone/hadoop-ozone/integration-test/target/test-dir/MiniOzoneClusterImpl-7f66dfcd-4d84-4460-b9fe-211923c7b7bb/datanode-1/data-0/containers/hdds/7f66dfcd-4d84-4460-b9fe-211923c7b7bb/DS-a53b2b48-d07c-4bf2-8252-6605a7ca9ccf/container.db for volume DS-a53b2b48-d07c-4bf2-8252-6605a7ca9ccf
2023-12-10 08:55:27,143 [edd7aebe-e713-4899-b982-ee5b12165735-EndpointStateMachineTaskThread-/0.0.0.0:15002-0 ] INFO  volume.ThrottledAsyncChecker (ThrottledAsyncChecker.java:schedule(141)) - Scheduling a check for /home/runner/work/ozone/ozone/hadoop-ozone/integration-test/target/test-dir/MiniOzoneClusterImpl-7f66dfcd-4d84-4460-b9fe-211923c7b7bb/datanode-1/data-0/containers/hdds
2023-12-10 08:55:27,144 [edd7aebe-e713-4899-b982-ee5b12165735-EndpointStateMachineTaskThread-/0.0.0.0:15002-0 ] INFO  volume.StorageVolumeChecker (StorageVolumeChecker.java:checkAllVolumes(218)) - Scheduled health check for volume /home/runner/work/ozone/ozone/hadoop-ozone/integration-test/target/test-dir/MiniOzoneClusterImpl-7f66dfcd-4d84-4460-b9fe-211923c7b7bb/datanode-1/data-0/containers/hdds
2023-12-10 08:55:27,148 [edd7aebe-e713-4899-b982-ee5b12165735-EndpointStateMachineTaskThread-/0.0.0.0:15002-0 ] INFO  volume.ThrottledAsyncChecker (ThrottledAsyncChecker.java:schedule(141)) - Scheduling a check for /home/runner/work/ozone/ozone/hadoop-ozone/integration-test/target/test-dir/MiniOzoneClusterImpl-7f66dfcd-4d84-4460-b9fe-211923c7b7bb/datanode-1/data/ratis
2023-12-10 08:55:27,148 [edd7aebe-e713-4899-b982-ee5b12165735-EndpointStateMachineTaskThread-/0.0.0.0:15002-0 ] INFO  volume.StorageVolumeChecker (StorageVolumeChecker.java:checkAllVolumes(218)) - Scheduled health check for volume /home/runner/work/ozone/ozone/hadoop-ozone/integration-test/target/test-dir/MiniOzoneClusterImpl-7f66dfcd-4d84-4460-b9fe-211923c7b7bb/datanode-1/data/ratis
2023-12-10 08:55:27,149 [edd7aebe-e713-4899-b982-ee5b12165735-EndpointStateMachineTaskThread-/0.0.0.0:15002-0 ] INFO  ozoneimpl.OzoneContainer (OzoneContainer.java:start(441)) - Attempting to start container services.
2023-12-10 08:55:27,149 [edd7aebe-e713-4899-b982-ee5b12165735-EndpointStateMachineTaskThread-/0.0.0.0:15002-0 ] INFO  ozoneimpl.OzoneContainer (OzoneContainer.java:startContainerScrub(337)) - Scheduled background container scanners and the on-demand container scanner have been disabled.
2023-12-10 08:55:27,151 [edd7aebe-e713-4899-b982-ee5b12165735-EndpointStateMachineTaskThread-/0.0.0.0:15002-0 ] INFO  replication.ReplicationServer (ReplicationServer.java:start(139)) - ReplicationServer is started using port 15025
2023-12-10 08:55:27,151 [edd7aebe-e713-4899-b982-ee5b12165735-EndpointStateMachineTaskThread-/0.0.0.0:15002-0 ] INFO  ratis.XceiverServerRatis (XceiverServerRatis.java:start(548)) - Starting XceiverServerRatis edd7aebe-e713-4899-b982-ee5b12165735
2023-12-10 08:55:27,152 [edd7aebe-e713-4899-b982-ee5b12165735-EndpointStateMachineTaskThread-/0.0.0.0:15002-0 ] INFO  server.RaftServer (RaftServerProxy.java:startImpl(406)) - edd7aebe-e713-4899-b982-ee5b12165735: start RPC server
2023-12-10 08:55:27,154 [edd7aebe-e713-4899-b982-ee5b12165735-EndpointStateMachineTaskThread-/0.0.0.0:15002-0 ] INFO  server.GrpcService (GrpcService.java:startImpl(302)) - edd7aebe-e713-4899-b982-ee5b12165735: GrpcService started, listening on 15021
2023-12-10 08:55:27,155 [edd7aebe-e713-4899-b982-ee5b12165735-EndpointStateMachineTaskThread-/0.0.0.0:15002-0 ] INFO  server.GrpcService (GrpcService.java:startImpl(302)) - edd7aebe-e713-4899-b982-ee5b12165735: GrpcService started, listening on 15023
2023-12-10 08:55:27,158 [edd7aebe-e713-4899-b982-ee5b12165735-EndpointStateMachineTaskThread-/0.0.0.0:15002-0 ] INFO  server.GrpcService (GrpcService.java:startImpl(302)) - edd7aebe-e713-4899-b982-ee5b12165735: GrpcService started, listening on 15022
2023-12-10 08:55:27,158 [edd7aebe-e713-4899-b982-ee5b12165735-EndpointStateMachineTaskThread-/0.0.0.0:15002-0 ] INFO  ratis.XceiverServerRatis (XceiverServerRatis.java:getRealPort(574)) - XceiverServerRatis edd7aebe-e713-4899-b982-ee5b12165735 is started using port 15021 for RATIS
2023-12-10 08:55:27,158 [JvmPauseMonitor3] INFO  util.JvmPauseMonitor (JvmPauseMonitor.java:run(146)) - JvmPauseMonitor-edd7aebe-e713-4899-b982-ee5b12165735: Started
2023-12-10 08:55:27,159 [edd7aebe-e713-4899-b982-ee5b12165735-EndpointStateMachineTaskThread-/0.0.0.0:15002-0 ] INFO  ratis.XceiverServerRatis (XceiverServerRatis.java:getRealPort(574)) - XceiverServerRatis edd7aebe-e713-4899-b982-ee5b12165735 is started using port 15022 for RATIS_ADMIN
2023-12-10 08:55:27,159 [edd7aebe-e713-4899-b982-ee5b12165735-EndpointStateMachineTaskThread-/0.0.0.0:15002-0 ] INFO  ratis.XceiverServerRatis (XceiverServerRatis.java:getRealPort(574)) - XceiverServerRatis edd7aebe-e713-4899-b982-ee5b12165735 is started using port 15023 for RATIS_SERVER
2023-12-10 08:55:27,159 [edd7aebe-e713-4899-b982-ee5b12165735-EndpointStateMachineTaskThread-/0.0.0.0:15002-0 ] INFO  ratis.XceiverServerRatis (XceiverServerRatis.java:getRealPort(574)) - XceiverServerRatis edd7aebe-e713-4899-b982-ee5b12165735 is started using port 15024 for RATIS_DATASTREAM
2023-12-10 08:55:27,162 [edd7aebe-e713-4899-b982-ee5b12165735-BlockDeletingService#0] INFO  interfaces.ContainerDeletionChoosingPolicyTemplate (ContainerDeletionChoosingPolicyTemplate.java:chooseContainerForBlockDeletion(85)) - Chosen 0/5000 blocks from 0 candidate containers.
2023-12-10 08:55:27,252 [173e1c01-ab9b-4bd4-a1fb-1dc9b7180747-EndpointStateMachineTaskThread-/0.0.0.0:15002-0 ] INFO  utils.DatanodeStoreCache (DatanodeStoreCache.java:addDB(66)) - Added db /home/runner/work/ozone/ozone/hadoop-ozone/integration-test/target/test-dir/MiniOzoneClusterImpl-7f66dfcd-4d84-4460-b9fe-211923c7b7bb/datanode-2/data-0/containers/hdds/7f66dfcd-4d84-4460-b9fe-211923c7b7bb/DS-639e8e92-96cf-48e5-8e2d-007bfaeb62d6/container.db to cache
2023-12-10 08:55:27,253 [173e1c01-ab9b-4bd4-a1fb-1dc9b7180747-EndpointStateMachineTaskThread-/0.0.0.0:15002-0 ] INFO  volume.HddsVolume (HddsVolume.java:createDbStore(422)) - SchemaV3 db is created and loaded at /home/runner/work/ozone/ozone/hadoop-ozone/integration-test/target/test-dir/MiniOzoneClusterImpl-7f66dfcd-4d84-4460-b9fe-211923c7b7bb/datanode-2/data-0/containers/hdds/7f66dfcd-4d84-4460-b9fe-211923c7b7bb/DS-639e8e92-96cf-48e5-8e2d-007bfaeb62d6/container.db for volume DS-639e8e92-96cf-48e5-8e2d-007bfaeb62d6
2023-12-10 08:55:27,253 [173e1c01-ab9b-4bd4-a1fb-1dc9b7180747-EndpointStateMachineTaskThread-/0.0.0.0:15002-0 ] INFO  volume.ThrottledAsyncChecker (ThrottledAsyncChecker.java:schedule(141)) - Scheduling a check for /home/runner/work/ozone/ozone/hadoop-ozone/integration-test/target/test-dir/MiniOzoneClusterImpl-7f66dfcd-4d84-4460-b9fe-211923c7b7bb/datanode-2/data-0/containers/hdds
2023-12-10 08:55:27,253 [173e1c01-ab9b-4bd4-a1fb-1dc9b7180747-EndpointStateMachineTaskThread-/0.0.0.0:15002-0 ] INFO  volume.StorageVolumeChecker (StorageVolumeChecker.java:checkAllVolumes(218)) - Scheduled health check for volume /home/runner/work/ozone/ozone/hadoop-ozone/integration-test/target/test-dir/MiniOzoneClusterImpl-7f66dfcd-4d84-4460-b9fe-211923c7b7bb/datanode-2/data-0/containers/hdds
2023-12-10 08:55:27,255 [173e1c01-ab9b-4bd4-a1fb-1dc9b7180747-EndpointStateMachineTaskThread-/0.0.0.0:15002-0 ] INFO  volume.ThrottledAsyncChecker (ThrottledAsyncChecker.java:schedule(141)) - Scheduling a check for /home/runner/work/ozone/ozone/hadoop-ozone/integration-test/target/test-dir/MiniOzoneClusterImpl-7f66dfcd-4d84-4460-b9fe-211923c7b7bb/datanode-2/data/ratis
2023-12-10 08:55:27,255 [173e1c01-ab9b-4bd4-a1fb-1dc9b7180747-EndpointStateMachineTaskThread-/0.0.0.0:15002-0 ] INFO  volume.StorageVolumeChecker (StorageVolumeChecker.java:checkAllVolumes(218)) - Scheduled health check for volume /home/runner/work/ozone/ozone/hadoop-ozone/integration-test/target/test-dir/MiniOzoneClusterImpl-7f66dfcd-4d84-4460-b9fe-211923c7b7bb/datanode-2/data/ratis
2023-12-10 08:55:27,256 [173e1c01-ab9b-4bd4-a1fb-1dc9b7180747-EndpointStateMachineTaskThread-/0.0.0.0:15002-0 ] INFO  ozoneimpl.OzoneContainer (OzoneContainer.java:start(441)) - Attempting to start container services.
2023-12-10 08:55:27,256 [173e1c01-ab9b-4bd4-a1fb-1dc9b7180747-EndpointStateMachineTaskThread-/0.0.0.0:15002-0 ] INFO  ozoneimpl.OzoneContainer (OzoneContainer.java:startContainerScrub(337)) - Scheduled background container scanners and the on-demand container scanner have been disabled.
2023-12-10 08:55:27,258 [173e1c01-ab9b-4bd4-a1fb-1dc9b7180747-EndpointStateMachineTaskThread-/0.0.0.0:15002-0 ] INFO  replication.ReplicationServer (ReplicationServer.java:start(139)) - ReplicationServer is started using port 15034
2023-12-10 08:55:27,258 [173e1c01-ab9b-4bd4-a1fb-1dc9b7180747-EndpointStateMachineTaskThread-/0.0.0.0:15002-0 ] INFO  ratis.XceiverServerRatis (XceiverServerRatis.java:start(548)) - Starting XceiverServerRatis 173e1c01-ab9b-4bd4-a1fb-1dc9b7180747
2023-12-10 08:55:27,258 [173e1c01-ab9b-4bd4-a1fb-1dc9b7180747-EndpointStateMachineTaskThread-/0.0.0.0:15002-0 ] INFO  server.RaftServer (RaftServerProxy.java:startImpl(406)) - 173e1c01-ab9b-4bd4-a1fb-1dc9b7180747: start RPC server
2023-12-10 08:55:27,260 [173e1c01-ab9b-4bd4-a1fb-1dc9b7180747-EndpointStateMachineTaskThread-/0.0.0.0:15002-0 ] INFO  server.GrpcService (GrpcService.java:startImpl(302)) - 173e1c01-ab9b-4bd4-a1fb-1dc9b7180747: GrpcService started, listening on 15030
2023-12-10 08:55:27,261 [173e1c01-ab9b-4bd4-a1fb-1dc9b7180747-EndpointStateMachineTaskThread-/0.0.0.0:15002-0 ] INFO  server.GrpcService (GrpcService.java:startImpl(302)) - 173e1c01-ab9b-4bd4-a1fb-1dc9b7180747: GrpcService started, listening on 15032
2023-12-10 08:55:27,263 [173e1c01-ab9b-4bd4-a1fb-1dc9b7180747-EndpointStateMachineTaskThread-/0.0.0.0:15002-0 ] INFO  server.GrpcService (GrpcService.java:startImpl(302)) - 173e1c01-ab9b-4bd4-a1fb-1dc9b7180747: GrpcService started, listening on 15031
2023-12-10 08:55:27,263 [173e1c01-ab9b-4bd4-a1fb-1dc9b7180747-EndpointStateMachineTaskThread-/0.0.0.0:15002-0 ] INFO  ratis.XceiverServerRatis (XceiverServerRatis.java:getRealPort(574)) - XceiverServerRatis 173e1c01-ab9b-4bd4-a1fb-1dc9b7180747 is started using port 15030 for RATIS
2023-12-10 08:55:27,263 [173e1c01-ab9b-4bd4-a1fb-1dc9b7180747-EndpointStateMachineTaskThread-/0.0.0.0:15002-0 ] INFO  ratis.XceiverServerRatis (XceiverServerRatis.java:getRealPort(574)) - XceiverServerRatis 173e1c01-ab9b-4bd4-a1fb-1dc9b7180747 is started using port 15031 for RATIS_ADMIN
2023-12-10 08:55:27,263 [173e1c01-ab9b-4bd4-a1fb-1dc9b7180747-EndpointStateMachineTaskThread-/0.0.0.0:15002-0 ] INFO  ratis.XceiverServerRatis (XceiverServerRatis.java:getRealPort(574)) - XceiverServerRatis 173e1c01-ab9b-4bd4-a1fb-1dc9b7180747 is started using port 15032 for RATIS_SERVER
2023-12-10 08:55:27,263 [173e1c01-ab9b-4bd4-a1fb-1dc9b7180747-EndpointStateMachineTaskThread-/0.0.0.0:15002-0 ] INFO  ratis.XceiverServerRatis (XceiverServerRatis.java:getRealPort(574)) - XceiverServerRatis 173e1c01-ab9b-4bd4-a1fb-1dc9b7180747 is started using port 15033 for RATIS_DATASTREAM
2023-12-10 08:55:27,263 [JvmPauseMonitor4] INFO  util.JvmPauseMonitor (JvmPauseMonitor.java:run(146)) - JvmPauseMonitor-173e1c01-ab9b-4bd4-a1fb-1dc9b7180747: Started
2023-12-10 08:55:27,267 [173e1c01-ab9b-4bd4-a1fb-1dc9b7180747-BlockDeletingService#0] INFO  interfaces.ContainerDeletionChoosingPolicyTemplate (ContainerDeletionChoosingPolicyTemplate.java:chooseContainerForBlockDeletion(85)) - Chosen 0/5000 blocks from 0 candidate containers.
2023-12-10 08:55:27,420 [8170aa16-323e-44de-b8c0-3f99a1184856-EndpointStateMachineTaskThread-/0.0.0.0:15002-0 ] INFO  utils.DatanodeStoreCache (DatanodeStoreCache.java:addDB(66)) - Added db /home/runner/work/ozone/ozone/hadoop-ozone/integration-test/target/test-dir/MiniOzoneClusterImpl-7f66dfcd-4d84-4460-b9fe-211923c7b7bb/datanode-3/data-0/containers/hdds/7f66dfcd-4d84-4460-b9fe-211923c7b7bb/DS-80859c48-1962-4247-8b6a-c40f23ebbe3c/container.db to cache
2023-12-10 08:55:27,420 [8170aa16-323e-44de-b8c0-3f99a1184856-EndpointStateMachineTaskThread-/0.0.0.0:15002-0 ] INFO  volume.HddsVolume (HddsVolume.java:createDbStore(422)) - SchemaV3 db is created and loaded at /home/runner/work/ozone/ozone/hadoop-ozone/integration-test/target/test-dir/MiniOzoneClusterImpl-7f66dfcd-4d84-4460-b9fe-211923c7b7bb/datanode-3/data-0/containers/hdds/7f66dfcd-4d84-4460-b9fe-211923c7b7bb/DS-80859c48-1962-4247-8b6a-c40f23ebbe3c/container.db for volume DS-80859c48-1962-4247-8b6a-c40f23ebbe3c
2023-12-10 08:55:27,421 [8170aa16-323e-44de-b8c0-3f99a1184856-EndpointStateMachineTaskThread-/0.0.0.0:15002-0 ] INFO  volume.ThrottledAsyncChecker (ThrottledAsyncChecker.java:schedule(141)) - Scheduling a check for /home/runner/work/ozone/ozone/hadoop-ozone/integration-test/target/test-dir/MiniOzoneClusterImpl-7f66dfcd-4d84-4460-b9fe-211923c7b7bb/datanode-3/data-0/containers/hdds
2023-12-10 08:55:27,421 [8170aa16-323e-44de-b8c0-3f99a1184856-EndpointStateMachineTaskThread-/0.0.0.0:15002-0 ] INFO  volume.StorageVolumeChecker (StorageVolumeChecker.java:checkAllVolumes(218)) - Scheduled health check for volume /home/runner/work/ozone/ozone/hadoop-ozone/integration-test/target/test-dir/MiniOzoneClusterImpl-7f66dfcd-4d84-4460-b9fe-211923c7b7bb/datanode-3/data-0/containers/hdds
2023-12-10 08:55:27,422 [8170aa16-323e-44de-b8c0-3f99a1184856-EndpointStateMachineTaskThread-/0.0.0.0:15002-0 ] INFO  volume.ThrottledAsyncChecker (ThrottledAsyncChecker.java:schedule(141)) - Scheduling a check for /home/runner/work/ozone/ozone/hadoop-ozone/integration-test/target/test-dir/MiniOzoneClusterImpl-7f66dfcd-4d84-4460-b9fe-211923c7b7bb/datanode-3/data/ratis
2023-12-10 08:55:27,422 [8170aa16-323e-44de-b8c0-3f99a1184856-EndpointStateMachineTaskThread-/0.0.0.0:15002-0 ] INFO  volume.StorageVolumeChecker (StorageVolumeChecker.java:checkAllVolumes(218)) - Scheduled health check for volume /home/runner/work/ozone/ozone/hadoop-ozone/integration-test/target/test-dir/MiniOzoneClusterImpl-7f66dfcd-4d84-4460-b9fe-211923c7b7bb/datanode-3/data/ratis
2023-12-10 08:55:27,423 [8170aa16-323e-44de-b8c0-3f99a1184856-EndpointStateMachineTaskThread-/0.0.0.0:15002-0 ] INFO  ozoneimpl.OzoneContainer (OzoneContainer.java:start(441)) - Attempting to start container services.
2023-12-10 08:55:27,423 [8170aa16-323e-44de-b8c0-3f99a1184856-EndpointStateMachineTaskThread-/0.0.0.0:15002-0 ] INFO  ozoneimpl.OzoneContainer (OzoneContainer.java:startContainerScrub(337)) - Scheduled background container scanners and the on-demand container scanner have been disabled.
2023-12-10 08:55:27,425 [8170aa16-323e-44de-b8c0-3f99a1184856-EndpointStateMachineTaskThread-/0.0.0.0:15002-0 ] INFO  replication.ReplicationServer (ReplicationServer.java:start(139)) - ReplicationServer is started using port 15043
2023-12-10 08:55:27,425 [8170aa16-323e-44de-b8c0-3f99a1184856-EndpointStateMachineTaskThread-/0.0.0.0:15002-0 ] INFO  ratis.XceiverServerRatis (XceiverServerRatis.java:start(548)) - Starting XceiverServerRatis 8170aa16-323e-44de-b8c0-3f99a1184856
2023-12-10 08:55:27,425 [8170aa16-323e-44de-b8c0-3f99a1184856-EndpointStateMachineTaskThread-/0.0.0.0:15002-0 ] INFO  server.RaftServer (RaftServerProxy.java:startImpl(406)) - 8170aa16-323e-44de-b8c0-3f99a1184856: start RPC server
2023-12-10 08:55:27,427 [8170aa16-323e-44de-b8c0-3f99a1184856-EndpointStateMachineTaskThread-/0.0.0.0:15002-0 ] INFO  server.GrpcService (GrpcService.java:startImpl(302)) - 8170aa16-323e-44de-b8c0-3f99a1184856: GrpcService started, listening on 15039
2023-12-10 08:55:27,428 [8170aa16-323e-44de-b8c0-3f99a1184856-EndpointStateMachineTaskThread-/0.0.0.0:15002-0 ] INFO  server.GrpcService (GrpcService.java:startImpl(302)) - 8170aa16-323e-44de-b8c0-3f99a1184856: GrpcService started, listening on 15041
2023-12-10 08:55:27,433 [8170aa16-323e-44de-b8c0-3f99a1184856-EndpointStateMachineTaskThread-/0.0.0.0:15002-0 ] INFO  server.GrpcService (GrpcService.java:startImpl(302)) - 8170aa16-323e-44de-b8c0-3f99a1184856: GrpcService started, listening on 15040
2023-12-10 08:55:27,433 [8170aa16-323e-44de-b8c0-3f99a1184856-EndpointStateMachineTaskThread-/0.0.0.0:15002-0 ] INFO  ratis.XceiverServerRatis (XceiverServerRatis.java:getRealPort(574)) - XceiverServerRatis 8170aa16-323e-44de-b8c0-3f99a1184856 is started using port 15039 for RATIS
2023-12-10 08:55:27,433 [8170aa16-323e-44de-b8c0-3f99a1184856-EndpointStateMachineTaskThread-/0.0.0.0:15002-0 ] INFO  ratis.XceiverServerRatis (XceiverServerRatis.java:getRealPort(574)) - XceiverServerRatis 8170aa16-323e-44de-b8c0-3f99a1184856 is started using port 15040 for RATIS_ADMIN
2023-12-10 08:55:27,433 [8170aa16-323e-44de-b8c0-3f99a1184856-EndpointStateMachineTaskThread-/0.0.0.0:15002-0 ] INFO  ratis.XceiverServerRatis (XceiverServerRatis.java:getRealPort(574)) - XceiverServerRatis 8170aa16-323e-44de-b8c0-3f99a1184856 is started using port 15041 for RATIS_SERVER
2023-12-10 08:55:27,434 [8170aa16-323e-44de-b8c0-3f99a1184856-EndpointStateMachineTaskThread-/0.0.0.0:15002-0 ] INFO  ratis.XceiverServerRatis (XceiverServerRatis.java:getRealPort(574)) - XceiverServerRatis 8170aa16-323e-44de-b8c0-3f99a1184856 is started using port 15042 for RATIS_DATASTREAM
2023-12-10 08:55:27,433 [JvmPauseMonitor5] INFO  util.JvmPauseMonitor (JvmPauseMonitor.java:run(146)) - JvmPauseMonitor-8170aa16-323e-44de-b8c0-3f99a1184856: Started
2023-12-10 08:55:27,437 [8170aa16-323e-44de-b8c0-3f99a1184856-BlockDeletingService#0] INFO  interfaces.ContainerDeletionChoosingPolicyTemplate (ContainerDeletionChoosingPolicyTemplate.java:chooseContainerForBlockDeletion(85)) - Chosen 0/5000 blocks from 0 candidate containers.
2023-12-10 08:55:27,555 [71fa9327-596e-4bfe-b86f-33f6bdf50532-EndpointStateMachineTaskThread-/0.0.0.0:15002-0 ] INFO  utils.DatanodeStoreCache (DatanodeStoreCache.java:addDB(66)) - Added db /home/runner/work/ozone/ozone/hadoop-ozone/integration-test/target/test-dir/MiniOzoneClusterImpl-7f66dfcd-4d84-4460-b9fe-211923c7b7bb/datanode-4/data-0/containers/hdds/7f66dfcd-4d84-4460-b9fe-211923c7b7bb/DS-5c1377d8-8b67-45d9-b72b-cfee29386f6f/container.db to cache
2023-12-10 08:55:27,555 [71fa9327-596e-4bfe-b86f-33f6bdf50532-EndpointStateMachineTaskThread-/0.0.0.0:15002-0 ] INFO  volume.HddsVolume (HddsVolume.java:createDbStore(422)) - SchemaV3 db is created and loaded at /home/runner/work/ozone/ozone/hadoop-ozone/integration-test/target/test-dir/MiniOzoneClusterImpl-7f66dfcd-4d84-4460-b9fe-211923c7b7bb/datanode-4/data-0/containers/hdds/7f66dfcd-4d84-4460-b9fe-211923c7b7bb/DS-5c1377d8-8b67-45d9-b72b-cfee29386f6f/container.db for volume DS-5c1377d8-8b67-45d9-b72b-cfee29386f6f
2023-12-10 08:55:27,556 [71fa9327-596e-4bfe-b86f-33f6bdf50532-EndpointStateMachineTaskThread-/0.0.0.0:15002-0 ] INFO  volume.ThrottledAsyncChecker (ThrottledAsyncChecker.java:schedule(141)) - Scheduling a check for /home/runner/work/ozone/ozone/hadoop-ozone/integration-test/target/test-dir/MiniOzoneClusterImpl-7f66dfcd-4d84-4460-b9fe-211923c7b7bb/datanode-4/data-0/containers/hdds
2023-12-10 08:55:27,556 [71fa9327-596e-4bfe-b86f-33f6bdf50532-EndpointStateMachineTaskThread-/0.0.0.0:15002-0 ] INFO  volume.StorageVolumeChecker (StorageVolumeChecker.java:checkAllVolumes(218)) - Scheduled health check for volume /home/runner/work/ozone/ozone/hadoop-ozone/integration-test/target/test-dir/MiniOzoneClusterImpl-7f66dfcd-4d84-4460-b9fe-211923c7b7bb/datanode-4/data-0/containers/hdds
2023-12-10 08:55:27,558 [71fa9327-596e-4bfe-b86f-33f6bdf50532-EndpointStateMachineTaskThread-/0.0.0.0:15002-0 ] INFO  volume.ThrottledAsyncChecker (ThrottledAsyncChecker.java:schedule(141)) - Scheduling a check for /home/runner/work/ozone/ozone/hadoop-ozone/integration-test/target/test-dir/MiniOzoneClusterImpl-7f66dfcd-4d84-4460-b9fe-211923c7b7bb/datanode-4/data/ratis
2023-12-10 08:55:27,558 [71fa9327-596e-4bfe-b86f-33f6bdf50532-EndpointStateMachineTaskThread-/0.0.0.0:15002-0 ] INFO  volume.StorageVolumeChecker (StorageVolumeChecker.java:checkAllVolumes(218)) - Scheduled health check for volume /home/runner/work/ozone/ozone/hadoop-ozone/integration-test/target/test-dir/MiniOzoneClusterImpl-7f66dfcd-4d84-4460-b9fe-211923c7b7bb/datanode-4/data/ratis
2023-12-10 08:55:27,559 [71fa9327-596e-4bfe-b86f-33f6bdf50532-EndpointStateMachineTaskThread-/0.0.0.0:15002-0 ] INFO  ozoneimpl.OzoneContainer (OzoneContainer.java:start(441)) - Attempting to start container services.
2023-12-10 08:55:27,559 [71fa9327-596e-4bfe-b86f-33f6bdf50532-EndpointStateMachineTaskThread-/0.0.0.0:15002-0 ] INFO  ozoneimpl.OzoneContainer (OzoneContainer.java:startContainerScrub(337)) - Scheduled background container scanners and the on-demand container scanner have been disabled.
2023-12-10 08:55:27,560 [71fa9327-596e-4bfe-b86f-33f6bdf50532-EndpointStateMachineTaskThread-/0.0.0.0:15002-0 ] INFO  replication.ReplicationServer (ReplicationServer.java:start(139)) - ReplicationServer is started using port 15052
2023-12-10 08:55:27,561 [71fa9327-596e-4bfe-b86f-33f6bdf50532-EndpointStateMachineTaskThread-/0.0.0.0:15002-0 ] INFO  ratis.XceiverServerRatis (XceiverServerRatis.java:start(548)) - Starting XceiverServerRatis 71fa9327-596e-4bfe-b86f-33f6bdf50532
2023-12-10 08:55:27,561 [71fa9327-596e-4bfe-b86f-33f6bdf50532-EndpointStateMachineTaskThread-/0.0.0.0:15002-0 ] INFO  server.RaftServer (RaftServerProxy.java:startImpl(406)) - 71fa9327-596e-4bfe-b86f-33f6bdf50532: start RPC server
2023-12-10 08:55:27,562 [71fa9327-596e-4bfe-b86f-33f6bdf50532-EndpointStateMachineTaskThread-/0.0.0.0:15002-0 ] INFO  server.GrpcService (GrpcService.java:startImpl(302)) - 71fa9327-596e-4bfe-b86f-33f6bdf50532: GrpcService started, listening on 15048
2023-12-10 08:55:27,563 [71fa9327-596e-4bfe-b86f-33f6bdf50532-EndpointStateMachineTaskThread-/0.0.0.0:15002-0 ] INFO  server.GrpcService (GrpcService.java:startImpl(302)) - 71fa9327-596e-4bfe-b86f-33f6bdf50532: GrpcService started, listening on 15050
2023-12-10 08:55:27,563 [71fa9327-596e-4bfe-b86f-33f6bdf50532-EndpointStateMachineTaskThread-/0.0.0.0:15002-0 ] INFO  server.GrpcService (GrpcService.java:startImpl(302)) - 71fa9327-596e-4bfe-b86f-33f6bdf50532: GrpcService started, listening on 15049
2023-12-10 08:55:27,564 [71fa9327-596e-4bfe-b86f-33f6bdf50532-EndpointStateMachineTaskThread-/0.0.0.0:15002-0 ] INFO  ratis.XceiverServerRatis (XceiverServerRatis.java:getRealPort(574)) - XceiverServerRatis 71fa9327-596e-4bfe-b86f-33f6bdf50532 is started using port 15048 for RATIS
2023-12-10 08:55:27,564 [71fa9327-596e-4bfe-b86f-33f6bdf50532-EndpointStateMachineTaskThread-/0.0.0.0:15002-0 ] INFO  ratis.XceiverServerRatis (XceiverServerRatis.java:getRealPort(574)) - XceiverServerRatis 71fa9327-596e-4bfe-b86f-33f6bdf50532 is started using port 15049 for RATIS_ADMIN
2023-12-10 08:55:27,564 [71fa9327-596e-4bfe-b86f-33f6bdf50532-EndpointStateMachineTaskThread-/0.0.0.0:15002-0 ] INFO  ratis.XceiverServerRatis (XceiverServerRatis.java:getRealPort(574)) - XceiverServerRatis 71fa9327-596e-4bfe-b86f-33f6bdf50532 is started using port 15050 for RATIS_SERVER
2023-12-10 08:55:27,564 [71fa9327-596e-4bfe-b86f-33f6bdf50532-EndpointStateMachineTaskThread-/0.0.0.0:15002-0 ] INFO  ratis.XceiverServerRatis (XceiverServerRatis.java:getRealPort(574)) - XceiverServerRatis 71fa9327-596e-4bfe-b86f-33f6bdf50532 is started using port 15051 for RATIS_DATASTREAM
2023-12-10 08:55:27,564 [JvmPauseMonitor6] INFO  util.JvmPauseMonitor (JvmPauseMonitor.java:run(146)) - JvmPauseMonitor-71fa9327-596e-4bfe-b86f-33f6bdf50532: Started
2023-12-10 08:55:27,566 [71fa9327-596e-4bfe-b86f-33f6bdf50532-BlockDeletingService#0] INFO  interfaces.ContainerDeletionChoosingPolicyTemplate (ContainerDeletionChoosingPolicyTemplate.java:chooseContainerForBlockDeletion(85)) - Chosen 0/5000 blocks from 0 candidate containers.
2023-12-10 08:55:27,601 [main] INFO  ozone.MiniOzoneClusterImpl (MiniOzoneClusterImpl.java:lambda$waitForClusterToBeReady$0(229)) - Waiting for nodes to be ready. Got 0 of 14 DN Heartbeats.
2023-12-10 08:55:27,602 [main] INFO  ozone.MiniOzoneClusterImpl (MiniOzoneClusterImpl.java:lambda$waitForClusterToBeReady$0(232)) - Waiting for cluster to exit safe mode
2023-12-10 08:55:27,602 [main] INFO  ozone.MiniOzoneClusterImpl (MiniOzoneClusterImpl.java:lambda$waitForClusterToBeReady$0(234)) - SCM became leader
2023-12-10 08:55:27,714 [ab6f04f4-5b2e-49ed-8ed6-18cca86f2b6f-EndpointStateMachineTaskThread-/0.0.0.0:15002-0 ] INFO  utils.DatanodeStoreCache (DatanodeStoreCache.java:addDB(66)) - Added db /home/runner/work/ozone/ozone/hadoop-ozone/integration-test/target/test-dir/MiniOzoneClusterImpl-7f66dfcd-4d84-4460-b9fe-211923c7b7bb/datanode-5/data-0/containers/hdds/7f66dfcd-4d84-4460-b9fe-211923c7b7bb/DS-e25baae1-bf2c-4891-b0ef-57202d8aa1d1/container.db to cache
2023-12-10 08:55:27,714 [ab6f04f4-5b2e-49ed-8ed6-18cca86f2b6f-EndpointStateMachineTaskThread-/0.0.0.0:15002-0 ] INFO  volume.HddsVolume (HddsVolume.java:createDbStore(422)) - SchemaV3 db is created and loaded at /home/runner/work/ozone/ozone/hadoop-ozone/integration-test/target/test-dir/MiniOzoneClusterImpl-7f66dfcd-4d84-4460-b9fe-211923c7b7bb/datanode-5/data-0/containers/hdds/7f66dfcd-4d84-4460-b9fe-211923c7b7bb/DS-e25baae1-bf2c-4891-b0ef-57202d8aa1d1/container.db for volume DS-e25baae1-bf2c-4891-b0ef-57202d8aa1d1
2023-12-10 08:55:27,715 [ab6f04f4-5b2e-49ed-8ed6-18cca86f2b6f-EndpointStateMachineTaskThread-/0.0.0.0:15002-0 ] INFO  volume.ThrottledAsyncChecker (ThrottledAsyncChecker.java:schedule(141)) - Scheduling a check for /home/runner/work/ozone/ozone/hadoop-ozone/integration-test/target/test-dir/MiniOzoneClusterImpl-7f66dfcd-4d84-4460-b9fe-211923c7b7bb/datanode-5/data-0/containers/hdds
2023-12-10 08:55:27,715 [ab6f04f4-5b2e-49ed-8ed6-18cca86f2b6f-EndpointStateMachineTaskThread-/0.0.0.0:15002-0 ] INFO  volume.StorageVolumeChecker (StorageVolumeChecker.java:checkAllVolumes(218)) - Scheduled health check for volume /home/runner/work/ozone/ozone/hadoop-ozone/integration-test/target/test-dir/MiniOzoneClusterImpl-7f66dfcd-4d84-4460-b9fe-211923c7b7bb/datanode-5/data-0/containers/hdds
2023-12-10 08:55:27,717 [ab6f04f4-5b2e-49ed-8ed6-18cca86f2b6f-EndpointStateMachineTaskThread-/0.0.0.0:15002-0 ] INFO  volume.ThrottledAsyncChecker (ThrottledAsyncChecker.java:schedule(141)) - Scheduling a check for /home/runner/work/ozone/ozone/hadoop-ozone/integration-test/target/test-dir/MiniOzoneClusterImpl-7f66dfcd-4d84-4460-b9fe-211923c7b7bb/datanode-5/data/ratis
2023-12-10 08:55:27,717 [ab6f04f4-5b2e-49ed-8ed6-18cca86f2b6f-EndpointStateMachineTaskThread-/0.0.0.0:15002-0 ] INFO  volume.StorageVolumeChecker (StorageVolumeChecker.java:checkAllVolumes(218)) - Scheduled health check for volume /home/runner/work/ozone/ozone/hadoop-ozone/integration-test/target/test-dir/MiniOzoneClusterImpl-7f66dfcd-4d84-4460-b9fe-211923c7b7bb/datanode-5/data/ratis
2023-12-10 08:55:27,718 [ab6f04f4-5b2e-49ed-8ed6-18cca86f2b6f-EndpointStateMachineTaskThread-/0.0.0.0:15002-0 ] INFO  ozoneimpl.OzoneContainer (OzoneContainer.java:start(441)) - Attempting to start container services.
2023-12-10 08:55:27,718 [ab6f04f4-5b2e-49ed-8ed6-18cca86f2b6f-EndpointStateMachineTaskThread-/0.0.0.0:15002-0 ] INFO  ozoneimpl.OzoneContainer (OzoneContainer.java:startContainerScrub(337)) - Scheduled background container scanners and the on-demand container scanner have been disabled.
2023-12-10 08:55:27,723 [ab6f04f4-5b2e-49ed-8ed6-18cca86f2b6f-EndpointStateMachineTaskThread-/0.0.0.0:15002-0 ] INFO  replication.ReplicationServer (ReplicationServer.java:start(139)) - ReplicationServer is started using port 15061
2023-12-10 08:55:27,723 [ab6f04f4-5b2e-49ed-8ed6-18cca86f2b6f-EndpointStateMachineTaskThread-/0.0.0.0:15002-0 ] INFO  ratis.XceiverServerRatis (XceiverServerRatis.java:start(548)) - Starting XceiverServerRatis ab6f04f4-5b2e-49ed-8ed6-18cca86f2b6f
2023-12-10 08:55:27,723 [ab6f04f4-5b2e-49ed-8ed6-18cca86f2b6f-EndpointStateMachineTaskThread-/0.0.0.0:15002-0 ] INFO  server.RaftServer (RaftServerProxy.java:startImpl(406)) - ab6f04f4-5b2e-49ed-8ed6-18cca86f2b6f: start RPC server
2023-12-10 08:55:27,724 [ab6f04f4-5b2e-49ed-8ed6-18cca86f2b6f-EndpointStateMachineTaskThread-/0.0.0.0:15002-0 ] INFO  server.GrpcService (GrpcService.java:startImpl(302)) - ab6f04f4-5b2e-49ed-8ed6-18cca86f2b6f: GrpcService started, listening on 15057
2023-12-10 08:55:27,725 [ab6f04f4-5b2e-49ed-8ed6-18cca86f2b6f-EndpointStateMachineTaskThread-/0.0.0.0:15002-0 ] INFO  server.GrpcService (GrpcService.java:startImpl(302)) - ab6f04f4-5b2e-49ed-8ed6-18cca86f2b6f: GrpcService started, listening on 15059
2023-12-10 08:55:27,726 [ab6f04f4-5b2e-49ed-8ed6-18cca86f2b6f-EndpointStateMachineTaskThread-/0.0.0.0:15002-0 ] INFO  server.GrpcService (GrpcService.java:startImpl(302)) - ab6f04f4-5b2e-49ed-8ed6-18cca86f2b6f: GrpcService started, listening on 15058
2023-12-10 08:55:27,726 [ab6f04f4-5b2e-49ed-8ed6-18cca86f2b6f-EndpointStateMachineTaskThread-/0.0.0.0:15002-0 ] INFO  ratis.XceiverServerRatis (XceiverServerRatis.java:getRealPort(574)) - XceiverServerRatis ab6f04f4-5b2e-49ed-8ed6-18cca86f2b6f is started using port 15057 for RATIS
2023-12-10 08:55:27,726 [JvmPauseMonitor7] INFO  util.JvmPauseMonitor (JvmPauseMonitor.java:run(146)) - JvmPauseMonitor-ab6f04f4-5b2e-49ed-8ed6-18cca86f2b6f: Started
2023-12-10 08:55:27,726 [ab6f04f4-5b2e-49ed-8ed6-18cca86f2b6f-EndpointStateMachineTaskThread-/0.0.0.0:15002-0 ] INFO  ratis.XceiverServerRatis (XceiverServerRatis.java:getRealPort(574)) - XceiverServerRatis ab6f04f4-5b2e-49ed-8ed6-18cca86f2b6f is started using port 15058 for RATIS_ADMIN
2023-12-10 08:55:27,728 [ab6f04f4-5b2e-49ed-8ed6-18cca86f2b6f-EndpointStateMachineTaskThread-/0.0.0.0:15002-0 ] INFO  ratis.XceiverServerRatis (XceiverServerRatis.java:getRealPort(574)) - XceiverServerRatis ab6f04f4-5b2e-49ed-8ed6-18cca86f2b6f is started using port 15059 for RATIS_SERVER
2023-12-10 08:55:27,728 [ab6f04f4-5b2e-49ed-8ed6-18cca86f2b6f-EndpointStateMachineTaskThread-/0.0.0.0:15002-0 ] INFO  ratis.XceiverServerRatis (XceiverServerRatis.java:getRealPort(574)) - XceiverServerRatis ab6f04f4-5b2e-49ed-8ed6-18cca86f2b6f is started using port 15060 for RATIS_DATASTREAM
2023-12-10 08:55:27,732 [ab6f04f4-5b2e-49ed-8ed6-18cca86f2b6f-BlockDeletingService#0] INFO  interfaces.ContainerDeletionChoosingPolicyTemplate (ContainerDeletionChoosingPolicyTemplate.java:chooseContainerForBlockDeletion(85)) - Chosen 0/5000 blocks from 0 candidate containers.
2023-12-10 08:55:27,865 [383c3691-e37d-4704-9b62-3f343d93bad0-EndpointStateMachineTaskThread-/0.0.0.0:15002-0 ] INFO  utils.DatanodeStoreCache (DatanodeStoreCache.java:addDB(66)) - Added db /home/runner/work/ozone/ozone/hadoop-ozone/integration-test/target/test-dir/MiniOzoneClusterImpl-7f66dfcd-4d84-4460-b9fe-211923c7b7bb/datanode-6/data-0/containers/hdds/7f66dfcd-4d84-4460-b9fe-211923c7b7bb/DS-24f3bc10-699c-48ad-89be-73505e605c09/container.db to cache
2023-12-10 08:55:27,865 [383c3691-e37d-4704-9b62-3f343d93bad0-EndpointStateMachineTaskThread-/0.0.0.0:15002-0 ] INFO  volume.HddsVolume (HddsVolume.java:createDbStore(422)) - SchemaV3 db is created and loaded at /home/runner/work/ozone/ozone/hadoop-ozone/integration-test/target/test-dir/MiniOzoneClusterImpl-7f66dfcd-4d84-4460-b9fe-211923c7b7bb/datanode-6/data-0/containers/hdds/7f66dfcd-4d84-4460-b9fe-211923c7b7bb/DS-24f3bc10-699c-48ad-89be-73505e605c09/container.db for volume DS-24f3bc10-699c-48ad-89be-73505e605c09
2023-12-10 08:55:27,865 [383c3691-e37d-4704-9b62-3f343d93bad0-EndpointStateMachineTaskThread-/0.0.0.0:15002-0 ] INFO  volume.ThrottledAsyncChecker (ThrottledAsyncChecker.java:schedule(141)) - Scheduling a check for /home/runner/work/ozone/ozone/hadoop-ozone/integration-test/target/test-dir/MiniOzoneClusterImpl-7f66dfcd-4d84-4460-b9fe-211923c7b7bb/datanode-6/data-0/containers/hdds
2023-12-10 08:55:27,866 [383c3691-e37d-4704-9b62-3f343d93bad0-EndpointStateMachineTaskThread-/0.0.0.0:15002-0 ] INFO  volume.StorageVolumeChecker (StorageVolumeChecker.java:checkAllVolumes(218)) - Scheduled health check for volume /home/runner/work/ozone/ozone/hadoop-ozone/integration-test/target/test-dir/MiniOzoneClusterImpl-7f66dfcd-4d84-4460-b9fe-211923c7b7bb/datanode-6/data-0/containers/hdds
2023-12-10 08:55:27,868 [383c3691-e37d-4704-9b62-3f343d93bad0-EndpointStateMachineTaskThread-/0.0.0.0:15002-0 ] INFO  volume.ThrottledAsyncChecker (ThrottledAsyncChecker.java:schedule(141)) - Scheduling a check for /home/runner/work/ozone/ozone/hadoop-ozone/integration-test/target/test-dir/MiniOzoneClusterImpl-7f66dfcd-4d84-4460-b9fe-211923c7b7bb/datanode-6/data/ratis
2023-12-10 08:55:27,868 [383c3691-e37d-4704-9b62-3f343d93bad0-EndpointStateMachineTaskThread-/0.0.0.0:15002-0 ] INFO  volume.StorageVolumeChecker (StorageVolumeChecker.java:checkAllVolumes(218)) - Scheduled health check for volume /home/runner/work/ozone/ozone/hadoop-ozone/integration-test/target/test-dir/MiniOzoneClusterImpl-7f66dfcd-4d84-4460-b9fe-211923c7b7bb/datanode-6/data/ratis
2023-12-10 08:55:27,869 [383c3691-e37d-4704-9b62-3f343d93bad0-EndpointStateMachineTaskThread-/0.0.0.0:15002-0 ] INFO  ozoneimpl.OzoneContainer (OzoneContainer.java:start(441)) - Attempting to start container services.
2023-12-10 08:55:27,869 [383c3691-e37d-4704-9b62-3f343d93bad0-EndpointStateMachineTaskThread-/0.0.0.0:15002-0 ] INFO  ozoneimpl.OzoneContainer (OzoneContainer.java:startContainerScrub(337)) - Scheduled background container scanners and the on-demand container scanner have been disabled.
2023-12-10 08:55:27,870 [383c3691-e37d-4704-9b62-3f343d93bad0-EndpointStateMachineTaskThread-/0.0.0.0:15002-0 ] INFO  replication.ReplicationServer (ReplicationServer.java:start(139)) - ReplicationServer is started using port 15070
2023-12-10 08:55:27,870 [383c3691-e37d-4704-9b62-3f343d93bad0-EndpointStateMachineTaskThread-/0.0.0.0:15002-0 ] INFO  ratis.XceiverServerRatis (XceiverServerRatis.java:start(548)) - Starting XceiverServerRatis 383c3691-e37d-4704-9b62-3f343d93bad0
2023-12-10 08:55:27,870 [383c3691-e37d-4704-9b62-3f343d93bad0-EndpointStateMachineTaskThread-/0.0.0.0:15002-0 ] INFO  server.RaftServer (RaftServerProxy.java:startImpl(406)) - 383c3691-e37d-4704-9b62-3f343d93bad0: start RPC server
2023-12-10 08:55:27,872 [383c3691-e37d-4704-9b62-3f343d93bad0-EndpointStateMachineTaskThread-/0.0.0.0:15002-0 ] INFO  server.GrpcService (GrpcService.java:startImpl(302)) - 383c3691-e37d-4704-9b62-3f343d93bad0: GrpcService started, listening on 15066
2023-12-10 08:55:27,873 [383c3691-e37d-4704-9b62-3f343d93bad0-EndpointStateMachineTaskThread-/0.0.0.0:15002-0 ] INFO  server.GrpcService (GrpcService.java:startImpl(302)) - 383c3691-e37d-4704-9b62-3f343d93bad0: GrpcService started, listening on 15068
2023-12-10 08:55:27,874 [383c3691-e37d-4704-9b62-3f343d93bad0-EndpointStateMachineTaskThread-/0.0.0.0:15002-0 ] INFO  server.GrpcService (GrpcService.java:startImpl(302)) - 383c3691-e37d-4704-9b62-3f343d93bad0: GrpcService started, listening on 15067
2023-12-10 08:55:27,874 [383c3691-e37d-4704-9b62-3f343d93bad0-EndpointStateMachineTaskThread-/0.0.0.0:15002-0 ] INFO  ratis.XceiverServerRatis (XceiverServerRatis.java:getRealPort(574)) - XceiverServerRatis 383c3691-e37d-4704-9b62-3f343d93bad0 is started using port 15066 for RATIS
2023-12-10 08:55:27,874 [JvmPauseMonitor8] INFO  util.JvmPauseMonitor (JvmPauseMonitor.java:run(146)) - JvmPauseMonitor-383c3691-e37d-4704-9b62-3f343d93bad0: Started
2023-12-10 08:55:27,874 [383c3691-e37d-4704-9b62-3f343d93bad0-EndpointStateMachineTaskThread-/0.0.0.0:15002-0 ] INFO  ratis.XceiverServerRatis (XceiverServerRatis.java:getRealPort(574)) - XceiverServerRatis 383c3691-e37d-4704-9b62-3f343d93bad0 is started using port 15067 for RATIS_ADMIN
2023-12-10 08:55:27,874 [383c3691-e37d-4704-9b62-3f343d93bad0-EndpointStateMachineTaskThread-/0.0.0.0:15002-0 ] INFO  ratis.XceiverServerRatis (XceiverServerRatis.java:getRealPort(574)) - XceiverServerRatis 383c3691-e37d-4704-9b62-3f343d93bad0 is started using port 15068 for RATIS_SERVER
2023-12-10 08:55:27,874 [383c3691-e37d-4704-9b62-3f343d93bad0-EndpointStateMachineTaskThread-/0.0.0.0:15002-0 ] INFO  ratis.XceiverServerRatis (XceiverServerRatis.java:getRealPort(574)) - XceiverServerRatis 383c3691-e37d-4704-9b62-3f343d93bad0 is started using port 15069 for RATIS_DATASTREAM
2023-12-10 08:55:27,877 [383c3691-e37d-4704-9b62-3f343d93bad0-BlockDeletingService#0] INFO  interfaces.ContainerDeletionChoosingPolicyTemplate (ContainerDeletionChoosingPolicyTemplate.java:chooseContainerForBlockDeletion(85)) - Chosen 0/5000 blocks from 0 candidate containers.
2023-12-10 08:55:27,971 [7f393458-131e-4136-815e-5cd248d38671-EndpointStateMachineTaskThread-/0.0.0.0:15002-0 ] INFO  utils.DatanodeStoreCache (DatanodeStoreCache.java:addDB(66)) - Added db /home/runner/work/ozone/ozone/hadoop-ozone/integration-test/target/test-dir/MiniOzoneClusterImpl-7f66dfcd-4d84-4460-b9fe-211923c7b7bb/datanode-7/data-0/containers/hdds/7f66dfcd-4d84-4460-b9fe-211923c7b7bb/DS-cfbbf6d5-da88-4b72-96b3-fb00fc67bf68/container.db to cache
2023-12-10 08:55:27,971 [7f393458-131e-4136-815e-5cd248d38671-EndpointStateMachineTaskThread-/0.0.0.0:15002-0 ] INFO  volume.HddsVolume (HddsVolume.java:createDbStore(422)) - SchemaV3 db is created and loaded at /home/runner/work/ozone/ozone/hadoop-ozone/integration-test/target/test-dir/MiniOzoneClusterImpl-7f66dfcd-4d84-4460-b9fe-211923c7b7bb/datanode-7/data-0/containers/hdds/7f66dfcd-4d84-4460-b9fe-211923c7b7bb/DS-cfbbf6d5-da88-4b72-96b3-fb00fc67bf68/container.db for volume DS-cfbbf6d5-da88-4b72-96b3-fb00fc67bf68
2023-12-10 08:55:27,971 [7f393458-131e-4136-815e-5cd248d38671-EndpointStateMachineTaskThread-/0.0.0.0:15002-0 ] INFO  volume.ThrottledAsyncChecker (ThrottledAsyncChecker.java:schedule(141)) - Scheduling a check for /home/runner/work/ozone/ozone/hadoop-ozone/integration-test/target/test-dir/MiniOzoneClusterImpl-7f66dfcd-4d84-4460-b9fe-211923c7b7bb/datanode-7/data-0/containers/hdds
2023-12-10 08:55:27,972 [7f393458-131e-4136-815e-5cd248d38671-EndpointStateMachineTaskThread-/0.0.0.0:15002-0 ] INFO  volume.StorageVolumeChecker (StorageVolumeChecker.java:checkAllVolumes(218)) - Scheduled health check for volume /home/runner/work/ozone/ozone/hadoop-ozone/integration-test/target/test-dir/MiniOzoneClusterImpl-7f66dfcd-4d84-4460-b9fe-211923c7b7bb/datanode-7/data-0/containers/hdds
2023-12-10 08:55:27,973 [7f393458-131e-4136-815e-5cd248d38671-EndpointStateMachineTaskThread-/0.0.0.0:15002-0 ] INFO  volume.ThrottledAsyncChecker (ThrottledAsyncChecker.java:schedule(141)) - Scheduling a check for /home/runner/work/ozone/ozone/hadoop-ozone/integration-test/target/test-dir/MiniOzoneClusterImpl-7f66dfcd-4d84-4460-b9fe-211923c7b7bb/datanode-7/data/ratis
2023-12-10 08:55:27,973 [7f393458-131e-4136-815e-5cd248d38671-EndpointStateMachineTaskThread-/0.0.0.0:15002-0 ] INFO  volume.StorageVolumeChecker (StorageVolumeChecker.java:checkAllVolumes(218)) - Scheduled health check for volume /home/runner/work/ozone/ozone/hadoop-ozone/integration-test/target/test-dir/MiniOzoneClusterImpl-7f66dfcd-4d84-4460-b9fe-211923c7b7bb/datanode-7/data/ratis
2023-12-10 08:55:27,974 [7f393458-131e-4136-815e-5cd248d38671-EndpointStateMachineTaskThread-/0.0.0.0:15002-0 ] INFO  ozoneimpl.OzoneContainer (OzoneContainer.java:start(441)) - Attempting to start container services.
2023-12-10 08:55:27,974 [7f393458-131e-4136-815e-5cd248d38671-EndpointStateMachineTaskThread-/0.0.0.0:15002-0 ] INFO  ozoneimpl.OzoneContainer (OzoneContainer.java:startContainerScrub(337)) - Scheduled background container scanners and the on-demand container scanner have been disabled.
2023-12-10 08:55:27,976 [7f393458-131e-4136-815e-5cd248d38671-EndpointStateMachineTaskThread-/0.0.0.0:15002-0 ] INFO  replication.ReplicationServer (ReplicationServer.java:start(139)) - ReplicationServer is started using port 15079
2023-12-10 08:55:27,976 [7f393458-131e-4136-815e-5cd248d38671-EndpointStateMachineTaskThread-/0.0.0.0:15002-0 ] INFO  ratis.XceiverServerRatis (XceiverServerRatis.java:start(548)) - Starting XceiverServerRatis 7f393458-131e-4136-815e-5cd248d38671
2023-12-10 08:55:27,976 [7f393458-131e-4136-815e-5cd248d38671-EndpointStateMachineTaskThread-/0.0.0.0:15002-0 ] INFO  server.RaftServer (RaftServerProxy.java:startImpl(406)) - 7f393458-131e-4136-815e-5cd248d38671: start RPC server
2023-12-10 08:55:27,977 [7f393458-131e-4136-815e-5cd248d38671-EndpointStateMachineTaskThread-/0.0.0.0:15002-0 ] INFO  server.GrpcService (GrpcService.java:startImpl(302)) - 7f393458-131e-4136-815e-5cd248d38671: GrpcService started, listening on 15075
2023-12-10 08:55:27,978 [7f393458-131e-4136-815e-5cd248d38671-EndpointStateMachineTaskThread-/0.0.0.0:15002-0 ] INFO  server.GrpcService (GrpcService.java:startImpl(302)) - 7f393458-131e-4136-815e-5cd248d38671: GrpcService started, listening on 15077
2023-12-10 08:55:27,982 [7f393458-131e-4136-815e-5cd248d38671-EndpointStateMachineTaskThread-/0.0.0.0:15002-0 ] INFO  server.GrpcService (GrpcService.java:startImpl(302)) - 7f393458-131e-4136-815e-5cd248d38671: GrpcService started, listening on 15076
2023-12-10 08:55:27,982 [7f393458-131e-4136-815e-5cd248d38671-EndpointStateMachineTaskThread-/0.0.0.0:15002-0 ] INFO  ratis.XceiverServerRatis (XceiverServerRatis.java:getRealPort(574)) - XceiverServerRatis 7f393458-131e-4136-815e-5cd248d38671 is started using port 15075 for RATIS
2023-12-10 08:55:27,982 [JvmPauseMonitor9] INFO  util.JvmPauseMonitor (JvmPauseMonitor.java:run(146)) - JvmPauseMonitor-7f393458-131e-4136-815e-5cd248d38671: Started
2023-12-10 08:55:27,982 [7f393458-131e-4136-815e-5cd248d38671-EndpointStateMachineTaskThread-/0.0.0.0:15002-0 ] INFO  ratis.XceiverServerRatis (XceiverServerRatis.java:getRealPort(574)) - XceiverServerRatis 7f393458-131e-4136-815e-5cd248d38671 is started using port 15076 for RATIS_ADMIN
2023-12-10 08:55:27,983 [7f393458-131e-4136-815e-5cd248d38671-EndpointStateMachineTaskThread-/0.0.0.0:15002-0 ] INFO  ratis.XceiverServerRatis (XceiverServerRatis.java:getRealPort(574)) - XceiverServerRatis 7f393458-131e-4136-815e-5cd248d38671 is started using port 15077 for RATIS_SERVER
2023-12-10 08:55:27,983 [7f393458-131e-4136-815e-5cd248d38671-EndpointStateMachineTaskThread-/0.0.0.0:15002-0 ] INFO  ratis.XceiverServerRatis (XceiverServerRatis.java:getRealPort(574)) - XceiverServerRatis 7f393458-131e-4136-815e-5cd248d38671 is started using port 15078 for RATIS_DATASTREAM
2023-12-10 08:55:27,987 [7f393458-131e-4136-815e-5cd248d38671-BlockDeletingService#0] INFO  interfaces.ContainerDeletionChoosingPolicyTemplate (ContainerDeletionChoosingPolicyTemplate.java:chooseContainerForBlockDeletion(85)) - Chosen 0/5000 blocks from 0 candidate containers.
2023-12-10 08:55:28,093 [d585e390-d9b9-49cd-b5b8-386dd9d89b96-EndpointStateMachineTaskThread-/0.0.0.0:15002-0 ] INFO  utils.DatanodeStoreCache (DatanodeStoreCache.java:addDB(66)) - Added db /home/runner/work/ozone/ozone/hadoop-ozone/integration-test/target/test-dir/MiniOzoneClusterImpl-7f66dfcd-4d84-4460-b9fe-211923c7b7bb/datanode-8/data-0/containers/hdds/7f66dfcd-4d84-4460-b9fe-211923c7b7bb/DS-49a23c67-e312-4faf-8759-3f5fce0e81b6/container.db to cache
2023-12-10 08:55:28,094 [d585e390-d9b9-49cd-b5b8-386dd9d89b96-EndpointStateMachineTaskThread-/0.0.0.0:15002-0 ] INFO  volume.HddsVolume (HddsVolume.java:createDbStore(422)) - SchemaV3 db is created and loaded at /home/runner/work/ozone/ozone/hadoop-ozone/integration-test/target/test-dir/MiniOzoneClusterImpl-7f66dfcd-4d84-4460-b9fe-211923c7b7bb/datanode-8/data-0/containers/hdds/7f66dfcd-4d84-4460-b9fe-211923c7b7bb/DS-49a23c67-e312-4faf-8759-3f5fce0e81b6/container.db for volume DS-49a23c67-e312-4faf-8759-3f5fce0e81b6
2023-12-10 08:55:28,094 [d585e390-d9b9-49cd-b5b8-386dd9d89b96-EndpointStateMachineTaskThread-/0.0.0.0:15002-0 ] INFO  volume.ThrottledAsyncChecker (ThrottledAsyncChecker.java:schedule(141)) - Scheduling a check for /home/runner/work/ozone/ozone/hadoop-ozone/integration-test/target/test-dir/MiniOzoneClusterImpl-7f66dfcd-4d84-4460-b9fe-211923c7b7bb/datanode-8/data-0/containers/hdds
2023-12-10 08:55:28,095 [d585e390-d9b9-49cd-b5b8-386dd9d89b96-EndpointStateMachineTaskThread-/0.0.0.0:15002-0 ] INFO  volume.StorageVolumeChecker (StorageVolumeChecker.java:checkAllVolumes(218)) - Scheduled health check for volume /home/runner/work/ozone/ozone/hadoop-ozone/integration-test/target/test-dir/MiniOzoneClusterImpl-7f66dfcd-4d84-4460-b9fe-211923c7b7bb/datanode-8/data-0/containers/hdds
2023-12-10 08:55:28,097 [d585e390-d9b9-49cd-b5b8-386dd9d89b96-EndpointStateMachineTaskThread-/0.0.0.0:15002-0 ] INFO  volume.ThrottledAsyncChecker (ThrottledAsyncChecker.java:schedule(141)) - Scheduling a check for /home/runner/work/ozone/ozone/hadoop-ozone/integration-test/target/test-dir/MiniOzoneClusterImpl-7f66dfcd-4d84-4460-b9fe-211923c7b7bb/datanode-8/data/ratis
2023-12-10 08:55:28,097 [d585e390-d9b9-49cd-b5b8-386dd9d89b96-EndpointStateMachineTaskThread-/0.0.0.0:15002-0 ] INFO  volume.StorageVolumeChecker (StorageVolumeChecker.java:checkAllVolumes(218)) - Scheduled health check for volume /home/runner/work/ozone/ozone/hadoop-ozone/integration-test/target/test-dir/MiniOzoneClusterImpl-7f66dfcd-4d84-4460-b9fe-211923c7b7bb/datanode-8/data/ratis
2023-12-10 08:55:28,098 [d585e390-d9b9-49cd-b5b8-386dd9d89b96-EndpointStateMachineTaskThread-/0.0.0.0:15002-0 ] INFO  ozoneimpl.OzoneContainer (OzoneContainer.java:start(441)) - Attempting to start container services.
2023-12-10 08:55:28,098 [d585e390-d9b9-49cd-b5b8-386dd9d89b96-EndpointStateMachineTaskThread-/0.0.0.0:15002-0 ] INFO  ozoneimpl.OzoneContainer (OzoneContainer.java:startContainerScrub(337)) - Scheduled background container scanners and the on-demand container scanner have been disabled.
2023-12-10 08:55:28,098 [d585e390-d9b9-49cd-b5b8-386dd9d89b96-EndpointStateMachineTaskThread-/0.0.0.0:15002-0 ] INFO  replication.ReplicationServer (ReplicationServer.java:start(139)) - ReplicationServer is started using port 15088
2023-12-10 08:55:28,099 [d585e390-d9b9-49cd-b5b8-386dd9d89b96-EndpointStateMachineTaskThread-/0.0.0.0:15002-0 ] INFO  ratis.XceiverServerRatis (XceiverServerRatis.java:start(548)) - Starting XceiverServerRatis d585e390-d9b9-49cd-b5b8-386dd9d89b96
2023-12-10 08:55:28,099 [d585e390-d9b9-49cd-b5b8-386dd9d89b96-EndpointStateMachineTaskThread-/0.0.0.0:15002-0 ] INFO  server.RaftServer (RaftServerProxy.java:startImpl(406)) - d585e390-d9b9-49cd-b5b8-386dd9d89b96: start RPC server
2023-12-10 08:55:28,099 [d585e390-d9b9-49cd-b5b8-386dd9d89b96-EndpointStateMachineTaskThread-/0.0.0.0:15002-0 ] INFO  server.GrpcService (GrpcService.java:startImpl(302)) - d585e390-d9b9-49cd-b5b8-386dd9d89b96: GrpcService started, listening on 15084
2023-12-10 08:55:28,100 [d585e390-d9b9-49cd-b5b8-386dd9d89b96-EndpointStateMachineTaskThread-/0.0.0.0:15002-0 ] INFO  server.GrpcService (GrpcService.java:startImpl(302)) - d585e390-d9b9-49cd-b5b8-386dd9d89b96: GrpcService started, listening on 15086
2023-12-10 08:55:28,100 [d585e390-d9b9-49cd-b5b8-386dd9d89b96-EndpointStateMachineTaskThread-/0.0.0.0:15002-0 ] INFO  server.GrpcService (GrpcService.java:startImpl(302)) - d585e390-d9b9-49cd-b5b8-386dd9d89b96: GrpcService started, listening on 15085
2023-12-10 08:55:28,100 [d585e390-d9b9-49cd-b5b8-386dd9d89b96-EndpointStateMachineTaskThread-/0.0.0.0:15002-0 ] INFO  ratis.XceiverServerRatis (XceiverServerRatis.java:getRealPort(574)) - XceiverServerRatis d585e390-d9b9-49cd-b5b8-386dd9d89b96 is started using port 15084 for RATIS
2023-12-10 08:55:28,100 [d585e390-d9b9-49cd-b5b8-386dd9d89b96-EndpointStateMachineTaskThread-/0.0.0.0:15002-0 ] INFO  ratis.XceiverServerRatis (XceiverServerRatis.java:getRealPort(574)) - XceiverServerRatis d585e390-d9b9-49cd-b5b8-386dd9d89b96 is started using port 15085 for RATIS_ADMIN
2023-12-10 08:55:28,100 [d585e390-d9b9-49cd-b5b8-386dd9d89b96-EndpointStateMachineTaskThread-/0.0.0.0:15002-0 ] INFO  ratis.XceiverServerRatis (XceiverServerRatis.java:getRealPort(574)) - XceiverServerRatis d585e390-d9b9-49cd-b5b8-386dd9d89b96 is started using port 15086 for RATIS_SERVER
2023-12-10 08:55:28,100 [d585e390-d9b9-49cd-b5b8-386dd9d89b96-EndpointStateMachineTaskThread-/0.0.0.0:15002-0 ] INFO  ratis.XceiverServerRatis (XceiverServerRatis.java:getRealPort(574)) - XceiverServerRatis d585e390-d9b9-49cd-b5b8-386dd9d89b96 is started using port 15087 for RATIS_DATASTREAM
2023-12-10 08:55:28,100 [JvmPauseMonitor10] INFO  util.JvmPauseMonitor (JvmPauseMonitor.java:run(146)) - JvmPauseMonitor-d585e390-d9b9-49cd-b5b8-386dd9d89b96: Started
2023-12-10 08:55:28,109 [d585e390-d9b9-49cd-b5b8-386dd9d89b96-BlockDeletingService#0] INFO  interfaces.ContainerDeletionChoosingPolicyTemplate (ContainerDeletionChoosingPolicyTemplate.java:chooseContainerForBlockDeletion(85)) - Chosen 0/5000 blocks from 0 candidate containers.
2023-12-10 08:55:28,192 [9d33b5cf-046b-45d3-8518-fd69107da003-EndpointStateMachineTaskThread-/0.0.0.0:15002-0 ] INFO  utils.DatanodeStoreCache (DatanodeStoreCache.java:addDB(66)) - Added db /home/runner/work/ozone/ozone/hadoop-ozone/integration-test/target/test-dir/MiniOzoneClusterImpl-7f66dfcd-4d84-4460-b9fe-211923c7b7bb/datanode-9/data-0/containers/hdds/7f66dfcd-4d84-4460-b9fe-211923c7b7bb/DS-78c8b3a1-7baf-4504-b76a-4c0ae80d9da6/container.db to cache
2023-12-10 08:55:28,192 [9d33b5cf-046b-45d3-8518-fd69107da003-EndpointStateMachineTaskThread-/0.0.0.0:15002-0 ] INFO  volume.HddsVolume (HddsVolume.java:createDbStore(422)) - SchemaV3 db is created and loaded at /home/runner/work/ozone/ozone/hadoop-ozone/integration-test/target/test-dir/MiniOzoneClusterImpl-7f66dfcd-4d84-4460-b9fe-211923c7b7bb/datanode-9/data-0/containers/hdds/7f66dfcd-4d84-4460-b9fe-211923c7b7bb/DS-78c8b3a1-7baf-4504-b76a-4c0ae80d9da6/container.db for volume DS-78c8b3a1-7baf-4504-b76a-4c0ae80d9da6
2023-12-10 08:55:28,192 [9d33b5cf-046b-45d3-8518-fd69107da003-EndpointStateMachineTaskThread-/0.0.0.0:15002-0 ] INFO  volume.ThrottledAsyncChecker (ThrottledAsyncChecker.java:schedule(141)) - Scheduling a check for /home/runner/work/ozone/ozone/hadoop-ozone/integration-test/target/test-dir/MiniOzoneClusterImpl-7f66dfcd-4d84-4460-b9fe-211923c7b7bb/datanode-9/data-0/containers/hdds
2023-12-10 08:55:28,193 [9d33b5cf-046b-45d3-8518-fd69107da003-EndpointStateMachineTaskThread-/0.0.0.0:15002-0 ] INFO  volume.StorageVolumeChecker (StorageVolumeChecker.java:checkAllVolumes(218)) - Scheduled health check for volume /home/runner/work/ozone/ozone/hadoop-ozone/integration-test/target/test-dir/MiniOzoneClusterImpl-7f66dfcd-4d84-4460-b9fe-211923c7b7bb/datanode-9/data-0/containers/hdds
2023-12-10 08:55:28,194 [9d33b5cf-046b-45d3-8518-fd69107da003-EndpointStateMachineTaskThread-/0.0.0.0:15002-0 ] INFO  volume.ThrottledAsyncChecker (ThrottledAsyncChecker.java:schedule(141)) - Scheduling a check for /home/runner/work/ozone/ozone/hadoop-ozone/integration-test/target/test-dir/MiniOzoneClusterImpl-7f66dfcd-4d84-4460-b9fe-211923c7b7bb/datanode-9/data/ratis
2023-12-10 08:55:28,194 [9d33b5cf-046b-45d3-8518-fd69107da003-EndpointStateMachineTaskThread-/0.0.0.0:15002-0 ] INFO  volume.StorageVolumeChecker (StorageVolumeChecker.java:checkAllVolumes(218)) - Scheduled health check for volume /home/runner/work/ozone/ozone/hadoop-ozone/integration-test/target/test-dir/MiniOzoneClusterImpl-7f66dfcd-4d84-4460-b9fe-211923c7b7bb/datanode-9/data/ratis
2023-12-10 08:55:28,195 [9d33b5cf-046b-45d3-8518-fd69107da003-EndpointStateMachineTaskThread-/0.0.0.0:15002-0 ] INFO  ozoneimpl.OzoneContainer (OzoneContainer.java:start(441)) - Attempting to start container services.
2023-12-10 08:55:28,195 [9d33b5cf-046b-45d3-8518-fd69107da003-EndpointStateMachineTaskThread-/0.0.0.0:15002-0 ] INFO  ozoneimpl.OzoneContainer (OzoneContainer.java:startContainerScrub(337)) - Scheduled background container scanners and the on-demand container scanner have been disabled.
2023-12-10 08:55:28,195 [9d33b5cf-046b-45d3-8518-fd69107da003-EndpointStateMachineTaskThread-/0.0.0.0:15002-0 ] INFO  replication.ReplicationServer (ReplicationServer.java:start(139)) - ReplicationServer is started using port 15097
2023-12-10 08:55:28,196 [9d33b5cf-046b-45d3-8518-fd69107da003-EndpointStateMachineTaskThread-/0.0.0.0:15002-0 ] INFO  ratis.XceiverServerRatis (XceiverServerRatis.java:start(548)) - Starting XceiverServerRatis 9d33b5cf-046b-45d3-8518-fd69107da003
2023-12-10 08:55:28,197 [9d33b5cf-046b-45d3-8518-fd69107da003-EndpointStateMachineTaskThread-/0.0.0.0:15002-0 ] INFO  server.RaftServer (RaftServerProxy.java:startImpl(406)) - 9d33b5cf-046b-45d3-8518-fd69107da003: start RPC server
2023-12-10 08:55:28,198 [9d33b5cf-046b-45d3-8518-fd69107da003-EndpointStateMachineTaskThread-/0.0.0.0:15002-0 ] INFO  server.GrpcService (GrpcService.java:startImpl(302)) - 9d33b5cf-046b-45d3-8518-fd69107da003: GrpcService started, listening on 15093
2023-12-10 08:55:28,198 [9d33b5cf-046b-45d3-8518-fd69107da003-EndpointStateMachineTaskThread-/0.0.0.0:15002-0 ] INFO  server.GrpcService (GrpcService.java:startImpl(302)) - 9d33b5cf-046b-45d3-8518-fd69107da003: GrpcService started, listening on 15095
2023-12-10 08:55:28,198 [9d33b5cf-046b-45d3-8518-fd69107da003-EndpointStateMachineTaskThread-/0.0.0.0:15002-0 ] INFO  server.GrpcService (GrpcService.java:startImpl(302)) - 9d33b5cf-046b-45d3-8518-fd69107da003: GrpcService started, listening on 15094
2023-12-10 08:55:28,202 [9d33b5cf-046b-45d3-8518-fd69107da003-EndpointStateMachineTaskThread-/0.0.0.0:15002-0 ] INFO  ratis.XceiverServerRatis (XceiverServerRatis.java:getRealPort(574)) - XceiverServerRatis 9d33b5cf-046b-45d3-8518-fd69107da003 is started using port 15093 for RATIS
2023-12-10 08:55:28,202 [JvmPauseMonitor11] INFO  util.JvmPauseMonitor (JvmPauseMonitor.java:run(146)) - JvmPauseMonitor-9d33b5cf-046b-45d3-8518-fd69107da003: Started
2023-12-10 08:55:28,202 [9d33b5cf-046b-45d3-8518-fd69107da003-EndpointStateMachineTaskThread-/0.0.0.0:15002-0 ] INFO  ratis.XceiverServerRatis (XceiverServerRatis.java:getRealPort(574)) - XceiverServerRatis 9d33b5cf-046b-45d3-8518-fd69107da003 is started using port 15094 for RATIS_ADMIN
2023-12-10 08:55:28,203 [9d33b5cf-046b-45d3-8518-fd69107da003-EndpointStateMachineTaskThread-/0.0.0.0:15002-0 ] INFO  ratis.XceiverServerRatis (XceiverServerRatis.java:getRealPort(574)) - XceiverServerRatis 9d33b5cf-046b-45d3-8518-fd69107da003 is started using port 15095 for RATIS_SERVER
2023-12-10 08:55:28,203 [9d33b5cf-046b-45d3-8518-fd69107da003-EndpointStateMachineTaskThread-/0.0.0.0:15002-0 ] INFO  ratis.XceiverServerRatis (XceiverServerRatis.java:getRealPort(574)) - XceiverServerRatis 9d33b5cf-046b-45d3-8518-fd69107da003 is started using port 15096 for RATIS_DATASTREAM
2023-12-10 08:55:28,205 [9d33b5cf-046b-45d3-8518-fd69107da003-BlockDeletingService#0] INFO  interfaces.ContainerDeletionChoosingPolicyTemplate (ContainerDeletionChoosingPolicyTemplate.java:chooseContainerForBlockDeletion(85)) - Chosen 0/5000 blocks from 0 candidate containers.
2023-12-10 08:55:28,279 [739b2b9a-4a10-4b30-8d82-41f2f3567ae9-EndpointStateMachineTaskThread-/0.0.0.0:15002-0 ] INFO  utils.DatanodeStoreCache (DatanodeStoreCache.java:addDB(66)) - Added db /home/runner/work/ozone/ozone/hadoop-ozone/integration-test/target/test-dir/MiniOzoneClusterImpl-7f66dfcd-4d84-4460-b9fe-211923c7b7bb/datanode-10/data-0/containers/hdds/7f66dfcd-4d84-4460-b9fe-211923c7b7bb/DS-ae348301-5cd9-4f12-bacd-92de74268b46/container.db to cache
2023-12-10 08:55:28,279 [739b2b9a-4a10-4b30-8d82-41f2f3567ae9-EndpointStateMachineTaskThread-/0.0.0.0:15002-0 ] INFO  volume.HddsVolume (HddsVolume.java:createDbStore(422)) - SchemaV3 db is created and loaded at /home/runner/work/ozone/ozone/hadoop-ozone/integration-test/target/test-dir/MiniOzoneClusterImpl-7f66dfcd-4d84-4460-b9fe-211923c7b7bb/datanode-10/data-0/containers/hdds/7f66dfcd-4d84-4460-b9fe-211923c7b7bb/DS-ae348301-5cd9-4f12-bacd-92de74268b46/container.db for volume DS-ae348301-5cd9-4f12-bacd-92de74268b46
2023-12-10 08:55:28,279 [739b2b9a-4a10-4b30-8d82-41f2f3567ae9-EndpointStateMachineTaskThread-/0.0.0.0:15002-0 ] INFO  volume.ThrottledAsyncChecker (ThrottledAsyncChecker.java:schedule(141)) - Scheduling a check for /home/runner/work/ozone/ozone/hadoop-ozone/integration-test/target/test-dir/MiniOzoneClusterImpl-7f66dfcd-4d84-4460-b9fe-211923c7b7bb/datanode-10/data-0/containers/hdds
2023-12-10 08:55:28,280 [739b2b9a-4a10-4b30-8d82-41f2f3567ae9-EndpointStateMachineTaskThread-/0.0.0.0:15002-0 ] INFO  volume.StorageVolumeChecker (StorageVolumeChecker.java:checkAllVolumes(218)) - Scheduled health check for volume /home/runner/work/ozone/ozone/hadoop-ozone/integration-test/target/test-dir/MiniOzoneClusterImpl-7f66dfcd-4d84-4460-b9fe-211923c7b7bb/datanode-10/data-0/containers/hdds
2023-12-10 08:55:28,281 [739b2b9a-4a10-4b30-8d82-41f2f3567ae9-EndpointStateMachineTaskThread-/0.0.0.0:15002-0 ] INFO  volume.ThrottledAsyncChecker (ThrottledAsyncChecker.java:schedule(141)) - Scheduling a check for /home/runner/work/ozone/ozone/hadoop-ozone/integration-test/target/test-dir/MiniOzoneClusterImpl-7f66dfcd-4d84-4460-b9fe-211923c7b7bb/datanode-10/data/ratis
2023-12-10 08:55:28,281 [739b2b9a-4a10-4b30-8d82-41f2f3567ae9-EndpointStateMachineTaskThread-/0.0.0.0:15002-0 ] INFO  volume.StorageVolumeChecker (StorageVolumeChecker.java:checkAllVolumes(218)) - Scheduled health check for volume /home/runner/work/ozone/ozone/hadoop-ozone/integration-test/target/test-dir/MiniOzoneClusterImpl-7f66dfcd-4d84-4460-b9fe-211923c7b7bb/datanode-10/data/ratis
2023-12-10 08:55:28,282 [739b2b9a-4a10-4b30-8d82-41f2f3567ae9-EndpointStateMachineTaskThread-/0.0.0.0:15002-0 ] INFO  ozoneimpl.OzoneContainer (OzoneContainer.java:start(441)) - Attempting to start container services.
2023-12-10 08:55:28,282 [739b2b9a-4a10-4b30-8d82-41f2f3567ae9-EndpointStateMachineTaskThread-/0.0.0.0:15002-0 ] INFO  ozoneimpl.OzoneContainer (OzoneContainer.java:startContainerScrub(337)) - Scheduled background container scanners and the on-demand container scanner have been disabled.
2023-12-10 08:55:28,282 [739b2b9a-4a10-4b30-8d82-41f2f3567ae9-EndpointStateMachineTaskThread-/0.0.0.0:15002-0 ] INFO  replication.ReplicationServer (ReplicationServer.java:start(139)) - ReplicationServer is started using port 15106
2023-12-10 08:55:28,282 [739b2b9a-4a10-4b30-8d82-41f2f3567ae9-EndpointStateMachineTaskThread-/0.0.0.0:15002-0 ] INFO  ratis.XceiverServerRatis (XceiverServerRatis.java:start(548)) - Starting XceiverServerRatis 739b2b9a-4a10-4b30-8d82-41f2f3567ae9
2023-12-10 08:55:28,283 [739b2b9a-4a10-4b30-8d82-41f2f3567ae9-EndpointStateMachineTaskThread-/0.0.0.0:15002-0 ] INFO  server.RaftServer (RaftServerProxy.java:startImpl(406)) - 739b2b9a-4a10-4b30-8d82-41f2f3567ae9: start RPC server
2023-12-10 08:55:28,283 [739b2b9a-4a10-4b30-8d82-41f2f3567ae9-EndpointStateMachineTaskThread-/0.0.0.0:15002-0 ] INFO  server.GrpcService (GrpcService.java:startImpl(302)) - 739b2b9a-4a10-4b30-8d82-41f2f3567ae9: GrpcService started, listening on 15102
2023-12-10 08:55:28,283 [739b2b9a-4a10-4b30-8d82-41f2f3567ae9-EndpointStateMachineTaskThread-/0.0.0.0:15002-0 ] INFO  server.GrpcService (GrpcService.java:startImpl(302)) - 739b2b9a-4a10-4b30-8d82-41f2f3567ae9: GrpcService started, listening on 15104
2023-12-10 08:55:28,284 [739b2b9a-4a10-4b30-8d82-41f2f3567ae9-EndpointStateMachineTaskThread-/0.0.0.0:15002-0 ] INFO  server.GrpcService (GrpcService.java:startImpl(302)) - 739b2b9a-4a10-4b30-8d82-41f2f3567ae9: GrpcService started, listening on 15103
2023-12-10 08:55:28,284 [739b2b9a-4a10-4b30-8d82-41f2f3567ae9-EndpointStateMachineTaskThread-/0.0.0.0:15002-0 ] INFO  ratis.XceiverServerRatis (XceiverServerRatis.java:getRealPort(574)) - XceiverServerRatis 739b2b9a-4a10-4b30-8d82-41f2f3567ae9 is started using port 15102 for RATIS
2023-12-10 08:55:28,284 [JvmPauseMonitor12] INFO  util.JvmPauseMonitor (JvmPauseMonitor.java:run(146)) - JvmPauseMonitor-739b2b9a-4a10-4b30-8d82-41f2f3567ae9: Started
2023-12-10 08:55:28,284 [739b2b9a-4a10-4b30-8d82-41f2f3567ae9-EndpointStateMachineTaskThread-/0.0.0.0:15002-0 ] INFO  ratis.XceiverServerRatis (XceiverServerRatis.java:getRealPort(574)) - XceiverServerRatis 739b2b9a-4a10-4b30-8d82-41f2f3567ae9 is started using port 15103 for RATIS_ADMIN
2023-12-10 08:55:28,285 [739b2b9a-4a10-4b30-8d82-41f2f3567ae9-EndpointStateMachineTaskThread-/0.0.0.0:15002-0 ] INFO  ratis.XceiverServerRatis (XceiverServerRatis.java:getRealPort(574)) - XceiverServerRatis 739b2b9a-4a10-4b30-8d82-41f2f3567ae9 is started using port 15104 for RATIS_SERVER
2023-12-10 08:55:28,285 [739b2b9a-4a10-4b30-8d82-41f2f3567ae9-EndpointStateMachineTaskThread-/0.0.0.0:15002-0 ] INFO  ratis.XceiverServerRatis (XceiverServerRatis.java:getRealPort(574)) - XceiverServerRatis 739b2b9a-4a10-4b30-8d82-41f2f3567ae9 is started using port 15105 for RATIS_DATASTREAM
2023-12-10 08:55:28,285 [739b2b9a-4a10-4b30-8d82-41f2f3567ae9-BlockDeletingService#0] INFO  interfaces.ContainerDeletionChoosingPolicyTemplate (ContainerDeletionChoosingPolicyTemplate.java:chooseContainerForBlockDeletion(85)) - Chosen 0/5000 blocks from 0 candidate containers.
2023-12-10 08:55:28,404 [1325fac8-4950-4fd4-a580-526da936db2d-EndpointStateMachineTaskThread-/0.0.0.0:15002-0 ] INFO  utils.DatanodeStoreCache (DatanodeStoreCache.java:addDB(66)) - Added db /home/runner/work/ozone/ozone/hadoop-ozone/integration-test/target/test-dir/MiniOzoneClusterImpl-7f66dfcd-4d84-4460-b9fe-211923c7b7bb/datanode-11/data-0/containers/hdds/7f66dfcd-4d84-4460-b9fe-211923c7b7bb/DS-bd025615-6c40-47a2-974f-ecc1b8c3ec10/container.db to cache
2023-12-10 08:55:28,404 [1325fac8-4950-4fd4-a580-526da936db2d-EndpointStateMachineTaskThread-/0.0.0.0:15002-0 ] INFO  volume.HddsVolume (HddsVolume.java:createDbStore(422)) - SchemaV3 db is created and loaded at /home/runner/work/ozone/ozone/hadoop-ozone/integration-test/target/test-dir/MiniOzoneClusterImpl-7f66dfcd-4d84-4460-b9fe-211923c7b7bb/datanode-11/data-0/containers/hdds/7f66dfcd-4d84-4460-b9fe-211923c7b7bb/DS-bd025615-6c40-47a2-974f-ecc1b8c3ec10/container.db for volume DS-bd025615-6c40-47a2-974f-ecc1b8c3ec10
2023-12-10 08:55:28,405 [1325fac8-4950-4fd4-a580-526da936db2d-EndpointStateMachineTaskThread-/0.0.0.0:15002-0 ] INFO  volume.ThrottledAsyncChecker (ThrottledAsyncChecker.java:schedule(141)) - Scheduling a check for /home/runner/work/ozone/ozone/hadoop-ozone/integration-test/target/test-dir/MiniOzoneClusterImpl-7f66dfcd-4d84-4460-b9fe-211923c7b7bb/datanode-11/data-0/containers/hdds
2023-12-10 08:55:28,405 [1325fac8-4950-4fd4-a580-526da936db2d-EndpointStateMachineTaskThread-/0.0.0.0:15002-0 ] INFO  volume.StorageVolumeChecker (StorageVolumeChecker.java:checkAllVolumes(218)) - Scheduled health check for volume /home/runner/work/ozone/ozone/hadoop-ozone/integration-test/target/test-dir/MiniOzoneClusterImpl-7f66dfcd-4d84-4460-b9fe-211923c7b7bb/datanode-11/data-0/containers/hdds
2023-12-10 08:55:28,407 [1325fac8-4950-4fd4-a580-526da936db2d-EndpointStateMachineTaskThread-/0.0.0.0:15002-0 ] INFO  volume.ThrottledAsyncChecker (ThrottledAsyncChecker.java:schedule(141)) - Scheduling a check for /home/runner/work/ozone/ozone/hadoop-ozone/integration-test/target/test-dir/MiniOzoneClusterImpl-7f66dfcd-4d84-4460-b9fe-211923c7b7bb/datanode-11/data/ratis
2023-12-10 08:55:28,407 [1325fac8-4950-4fd4-a580-526da936db2d-EndpointStateMachineTaskThread-/0.0.0.0:15002-0 ] INFO  volume.StorageVolumeChecker (StorageVolumeChecker.java:checkAllVolumes(218)) - Scheduled health check for volume /home/runner/work/ozone/ozone/hadoop-ozone/integration-test/target/test-dir/MiniOzoneClusterImpl-7f66dfcd-4d84-4460-b9fe-211923c7b7bb/datanode-11/data/ratis
2023-12-10 08:55:28,408 [1325fac8-4950-4fd4-a580-526da936db2d-EndpointStateMachineTaskThread-/0.0.0.0:15002-0 ] INFO  ozoneimpl.OzoneContainer (OzoneContainer.java:start(441)) - Attempting to start container services.
2023-12-10 08:55:28,408 [1325fac8-4950-4fd4-a580-526da936db2d-EndpointStateMachineTaskThread-/0.0.0.0:15002-0 ] INFO  ozoneimpl.OzoneContainer (OzoneContainer.java:startContainerScrub(337)) - Scheduled background container scanners and the on-demand container scanner have been disabled.
2023-12-10 08:55:28,409 [1325fac8-4950-4fd4-a580-526da936db2d-EndpointStateMachineTaskThread-/0.0.0.0:15002-0 ] INFO  replication.ReplicationServer (ReplicationServer.java:start(139)) - ReplicationServer is started using port 15115
2023-12-10 08:55:28,409 [1325fac8-4950-4fd4-a580-526da936db2d-EndpointStateMachineTaskThread-/0.0.0.0:15002-0 ] INFO  ratis.XceiverServerRatis (XceiverServerRatis.java:start(548)) - Starting XceiverServerRatis 1325fac8-4950-4fd4-a580-526da936db2d
2023-12-10 08:55:28,409 [1325fac8-4950-4fd4-a580-526da936db2d-EndpointStateMachineTaskThread-/0.0.0.0:15002-0 ] INFO  server.RaftServer (RaftServerProxy.java:startImpl(406)) - 1325fac8-4950-4fd4-a580-526da936db2d: start RPC server
2023-12-10 08:55:28,409 [1325fac8-4950-4fd4-a580-526da936db2d-EndpointStateMachineTaskThread-/0.0.0.0:15002-0 ] INFO  server.GrpcService (GrpcService.java:startImpl(302)) - 1325fac8-4950-4fd4-a580-526da936db2d: GrpcService started, listening on 15111
2023-12-10 08:55:28,410 [1325fac8-4950-4fd4-a580-526da936db2d-EndpointStateMachineTaskThread-/0.0.0.0:15002-0 ] INFO  server.GrpcService (GrpcService.java:startImpl(302)) - 1325fac8-4950-4fd4-a580-526da936db2d: GrpcService started, listening on 15113
2023-12-10 08:55:28,410 [1325fac8-4950-4fd4-a580-526da936db2d-EndpointStateMachineTaskThread-/0.0.0.0:15002-0 ] INFO  server.GrpcService (GrpcService.java:startImpl(302)) - 1325fac8-4950-4fd4-a580-526da936db2d: GrpcService started, listening on 15112
2023-12-10 08:55:28,410 [1325fac8-4950-4fd4-a580-526da936db2d-EndpointStateMachineTaskThread-/0.0.0.0:15002-0 ] INFO  ratis.XceiverServerRatis (XceiverServerRatis.java:getRealPort(574)) - XceiverServerRatis 1325fac8-4950-4fd4-a580-526da936db2d is started using port 15111 for RATIS
2023-12-10 08:55:28,410 [JvmPauseMonitor13] INFO  util.JvmPauseMonitor (JvmPauseMonitor.java:run(146)) - JvmPauseMonitor-1325fac8-4950-4fd4-a580-526da936db2d: Started
2023-12-10 08:55:28,410 [1325fac8-4950-4fd4-a580-526da936db2d-EndpointStateMachineTaskThread-/0.0.0.0:15002-0 ] INFO  ratis.XceiverServerRatis (XceiverServerRatis.java:getRealPort(574)) - XceiverServerRatis 1325fac8-4950-4fd4-a580-526da936db2d is started using port 15112 for RATIS_ADMIN
2023-12-10 08:55:28,411 [1325fac8-4950-4fd4-a580-526da936db2d-EndpointStateMachineTaskThread-/0.0.0.0:15002-0 ] INFO  ratis.XceiverServerRatis (XceiverServerRatis.java:getRealPort(574)) - XceiverServerRatis 1325fac8-4950-4fd4-a580-526da936db2d is started using port 15113 for RATIS_SERVER
2023-12-10 08:55:28,411 [1325fac8-4950-4fd4-a580-526da936db2d-EndpointStateMachineTaskThread-/0.0.0.0:15002-0 ] INFO  ratis.XceiverServerRatis (XceiverServerRatis.java:getRealPort(574)) - XceiverServerRatis 1325fac8-4950-4fd4-a580-526da936db2d is started using port 15114 for RATIS_DATASTREAM
2023-12-10 08:55:28,412 [1325fac8-4950-4fd4-a580-526da936db2d-BlockDeletingService#0] INFO  interfaces.ContainerDeletionChoosingPolicyTemplate (ContainerDeletionChoosingPolicyTemplate.java:chooseContainerForBlockDeletion(85)) - Chosen 0/5000 blocks from 0 candidate containers.
2023-12-10 08:55:28,503 [8dd44b09-e567-4f6d-9d18-042062af3319-EndpointStateMachineTaskThread-/0.0.0.0:15002-0 ] INFO  utils.DatanodeStoreCache (DatanodeStoreCache.java:addDB(66)) - Added db /home/runner/work/ozone/ozone/hadoop-ozone/integration-test/target/test-dir/MiniOzoneClusterImpl-7f66dfcd-4d84-4460-b9fe-211923c7b7bb/datanode-12/data-0/containers/hdds/7f66dfcd-4d84-4460-b9fe-211923c7b7bb/DS-b5029a82-960f-4d50-b8cf-f2d74ffcd756/container.db to cache
2023-12-10 08:55:28,503 [8dd44b09-e567-4f6d-9d18-042062af3319-EndpointStateMachineTaskThread-/0.0.0.0:15002-0 ] INFO  volume.HddsVolume (HddsVolume.java:createDbStore(422)) - SchemaV3 db is created and loaded at /home/runner/work/ozone/ozone/hadoop-ozone/integration-test/target/test-dir/MiniOzoneClusterImpl-7f66dfcd-4d84-4460-b9fe-211923c7b7bb/datanode-12/data-0/containers/hdds/7f66dfcd-4d84-4460-b9fe-211923c7b7bb/DS-b5029a82-960f-4d50-b8cf-f2d74ffcd756/container.db for volume DS-b5029a82-960f-4d50-b8cf-f2d74ffcd756
2023-12-10 08:55:28,503 [8dd44b09-e567-4f6d-9d18-042062af3319-EndpointStateMachineTaskThread-/0.0.0.0:15002-0 ] INFO  volume.ThrottledAsyncChecker (ThrottledAsyncChecker.java:schedule(141)) - Scheduling a check for /home/runner/work/ozone/ozone/hadoop-ozone/integration-test/target/test-dir/MiniOzoneClusterImpl-7f66dfcd-4d84-4460-b9fe-211923c7b7bb/datanode-12/data-0/containers/hdds
2023-12-10 08:55:28,504 [8dd44b09-e567-4f6d-9d18-042062af3319-EndpointStateMachineTaskThread-/0.0.0.0:15002-0 ] INFO  volume.StorageVolumeChecker (StorageVolumeChecker.java:checkAllVolumes(218)) - Scheduled health check for volume /home/runner/work/ozone/ozone/hadoop-ozone/integration-test/target/test-dir/MiniOzoneClusterImpl-7f66dfcd-4d84-4460-b9fe-211923c7b7bb/datanode-12/data-0/containers/hdds
2023-12-10 08:55:28,505 [8dd44b09-e567-4f6d-9d18-042062af3319-EndpointStateMachineTaskThread-/0.0.0.0:15002-0 ] INFO  volume.ThrottledAsyncChecker (ThrottledAsyncChecker.java:schedule(141)) - Scheduling a check for /home/runner/work/ozone/ozone/hadoop-ozone/integration-test/target/test-dir/MiniOzoneClusterImpl-7f66dfcd-4d84-4460-b9fe-211923c7b7bb/datanode-12/data/ratis
2023-12-10 08:55:28,505 [8dd44b09-e567-4f6d-9d18-042062af3319-EndpointStateMachineTaskThread-/0.0.0.0:15002-0 ] INFO  volume.StorageVolumeChecker (StorageVolumeChecker.java:checkAllVolumes(218)) - Scheduled health check for volume /home/runner/work/ozone/ozone/hadoop-ozone/integration-test/target/test-dir/MiniOzoneClusterImpl-7f66dfcd-4d84-4460-b9fe-211923c7b7bb/datanode-12/data/ratis
2023-12-10 08:55:28,507 [8dd44b09-e567-4f6d-9d18-042062af3319-EndpointStateMachineTaskThread-/0.0.0.0:15002-0 ] INFO  ozoneimpl.OzoneContainer (OzoneContainer.java:start(441)) - Attempting to start container services.
2023-12-10 08:55:28,507 [8dd44b09-e567-4f6d-9d18-042062af3319-EndpointStateMachineTaskThread-/0.0.0.0:15002-0 ] INFO  ozoneimpl.OzoneContainer (OzoneContainer.java:startContainerScrub(337)) - Scheduled background container scanners and the on-demand container scanner have been disabled.
2023-12-10 08:55:28,507 [8dd44b09-e567-4f6d-9d18-042062af3319-EndpointStateMachineTaskThread-/0.0.0.0:15002-0 ] INFO  replication.ReplicationServer (ReplicationServer.java:start(139)) - ReplicationServer is started using port 15124
2023-12-10 08:55:28,507 [8dd44b09-e567-4f6d-9d18-042062af3319-EndpointStateMachineTaskThread-/0.0.0.0:15002-0 ] INFO  ratis.XceiverServerRatis (XceiverServerRatis.java:start(548)) - Starting XceiverServerRatis 8dd44b09-e567-4f6d-9d18-042062af3319
2023-12-10 08:55:28,508 [8dd44b09-e567-4f6d-9d18-042062af3319-EndpointStateMachineTaskThread-/0.0.0.0:15002-0 ] INFO  server.RaftServer (RaftServerProxy.java:startImpl(406)) - 8dd44b09-e567-4f6d-9d18-042062af3319: start RPC server
2023-12-10 08:55:28,508 [8dd44b09-e567-4f6d-9d18-042062af3319-EndpointStateMachineTaskThread-/0.0.0.0:15002-0 ] INFO  server.GrpcService (GrpcService.java:startImpl(302)) - 8dd44b09-e567-4f6d-9d18-042062af3319: GrpcService started, listening on 15120
2023-12-10 08:55:28,509 [8dd44b09-e567-4f6d-9d18-042062af3319-EndpointStateMachineTaskThread-/0.0.0.0:15002-0 ] INFO  server.GrpcService (GrpcService.java:startImpl(302)) - 8dd44b09-e567-4f6d-9d18-042062af3319: GrpcService started, listening on 15122
2023-12-10 08:55:28,509 [8dd44b09-e567-4f6d-9d18-042062af3319-EndpointStateMachineTaskThread-/0.0.0.0:15002-0 ] INFO  server.GrpcService (GrpcService.java:startImpl(302)) - 8dd44b09-e567-4f6d-9d18-042062af3319: GrpcService started, listening on 15121
2023-12-10 08:55:28,510 [8dd44b09-e567-4f6d-9d18-042062af3319-EndpointStateMachineTaskThread-/0.0.0.0:15002-0 ] INFO  ratis.XceiverServerRatis (XceiverServerRatis.java:getRealPort(574)) - XceiverServerRatis 8dd44b09-e567-4f6d-9d18-042062af3319 is started using port 15120 for RATIS
2023-12-10 08:55:28,510 [8dd44b09-e567-4f6d-9d18-042062af3319-EndpointStateMachineTaskThread-/0.0.0.0:15002-0 ] INFO  ratis.XceiverServerRatis (XceiverServerRatis.java:getRealPort(574)) - XceiverServerRatis 8dd44b09-e567-4f6d-9d18-042062af3319 is started using port 15121 for RATIS_ADMIN
2023-12-10 08:55:28,510 [8dd44b09-e567-4f6d-9d18-042062af3319-EndpointStateMachineTaskThread-/0.0.0.0:15002-0 ] INFO  ratis.XceiverServerRatis (XceiverServerRatis.java:getRealPort(574)) - XceiverServerRatis 8dd44b09-e567-4f6d-9d18-042062af3319 is started using port 15122 for RATIS_SERVER
2023-12-10 08:55:28,510 [8dd44b09-e567-4f6d-9d18-042062af3319-EndpointStateMachineTaskThread-/0.0.0.0:15002-0 ] INFO  ratis.XceiverServerRatis (XceiverServerRatis.java:getRealPort(574)) - XceiverServerRatis 8dd44b09-e567-4f6d-9d18-042062af3319 is started using port 15123 for RATIS_DATASTREAM
2023-12-10 08:55:28,510 [JvmPauseMonitor14] INFO  util.JvmPauseMonitor (JvmPauseMonitor.java:run(146)) - JvmPauseMonitor-8dd44b09-e567-4f6d-9d18-042062af3319: Started
2023-12-10 08:55:28,513 [8dd44b09-e567-4f6d-9d18-042062af3319-BlockDeletingService#0] INFO  interfaces.ContainerDeletionChoosingPolicyTemplate (ContainerDeletionChoosingPolicyTemplate.java:chooseContainerForBlockDeletion(85)) - Chosen 0/5000 blocks from 0 candidate containers.
2023-12-10 08:55:28,602 [main] INFO  ozone.MiniOzoneClusterImpl (MiniOzoneClusterImpl.java:lambda$waitForClusterToBeReady$0(229)) - Waiting for nodes to be ready. Got 0 of 14 DN Heartbeats.
2023-12-10 08:55:28,602 [main] INFO  ozone.MiniOzoneClusterImpl (MiniOzoneClusterImpl.java:lambda$waitForClusterToBeReady$0(232)) - Waiting for cluster to exit safe mode
2023-12-10 08:55:28,602 [main] INFO  ozone.MiniOzoneClusterImpl (MiniOzoneClusterImpl.java:lambda$waitForClusterToBeReady$0(234)) - SCM became leader
2023-12-10 08:55:28,625 [69d4baa6-4398-472b-b8bb-6c5f70797a5a-EndpointStateMachineTaskThread-/0.0.0.0:15002-0 ] INFO  utils.DatanodeStoreCache (DatanodeStoreCache.java:addDB(66)) - Added db /home/runner/work/ozone/ozone/hadoop-ozone/integration-test/target/test-dir/MiniOzoneClusterImpl-7f66dfcd-4d84-4460-b9fe-211923c7b7bb/datanode-13/data-0/containers/hdds/7f66dfcd-4d84-4460-b9fe-211923c7b7bb/DS-b14b09ba-8321-4354-9825-2eb5c52d78c7/container.db to cache
2023-12-10 08:55:28,625 [69d4baa6-4398-472b-b8bb-6c5f70797a5a-EndpointStateMachineTaskThread-/0.0.0.0:15002-0 ] INFO  volume.HddsVolume (HddsVolume.java:createDbStore(422)) - SchemaV3 db is created and loaded at /home/runner/work/ozone/ozone/hadoop-ozone/integration-test/target/test-dir/MiniOzoneClusterImpl-7f66dfcd-4d84-4460-b9fe-211923c7b7bb/datanode-13/data-0/containers/hdds/7f66dfcd-4d84-4460-b9fe-211923c7b7bb/DS-b14b09ba-8321-4354-9825-2eb5c52d78c7/container.db for volume DS-b14b09ba-8321-4354-9825-2eb5c52d78c7
2023-12-10 08:55:28,625 [69d4baa6-4398-472b-b8bb-6c5f70797a5a-EndpointStateMachineTaskThread-/0.0.0.0:15002-0 ] INFO  volume.ThrottledAsyncChecker (ThrottledAsyncChecker.java:schedule(141)) - Scheduling a check for /home/runner/work/ozone/ozone/hadoop-ozone/integration-test/target/test-dir/MiniOzoneClusterImpl-7f66dfcd-4d84-4460-b9fe-211923c7b7bb/datanode-13/data-0/containers/hdds
2023-12-10 08:55:28,626 [69d4baa6-4398-472b-b8bb-6c5f70797a5a-EndpointStateMachineTaskThread-/0.0.0.0:15002-0 ] INFO  volume.StorageVolumeChecker (StorageVolumeChecker.java:checkAllVolumes(218)) - Scheduled health check for volume /home/runner/work/ozone/ozone/hadoop-ozone/integration-test/target/test-dir/MiniOzoneClusterImpl-7f66dfcd-4d84-4460-b9fe-211923c7b7bb/datanode-13/data-0/containers/hdds
2023-12-10 08:55:28,629 [69d4baa6-4398-472b-b8bb-6c5f70797a5a-EndpointStateMachineTaskThread-/0.0.0.0:15002-0 ] INFO  volume.ThrottledAsyncChecker (ThrottledAsyncChecker.java:schedule(141)) - Scheduling a check for /home/runner/work/ozone/ozone/hadoop-ozone/integration-test/target/test-dir/MiniOzoneClusterImpl-7f66dfcd-4d84-4460-b9fe-211923c7b7bb/datanode-13/data/ratis
2023-12-10 08:55:28,629 [69d4baa6-4398-472b-b8bb-6c5f70797a5a-EndpointStateMachineTaskThread-/0.0.0.0:15002-0 ] INFO  volume.StorageVolumeChecker (StorageVolumeChecker.java:checkAllVolumes(218)) - Scheduled health check for volume /home/runner/work/ozone/ozone/hadoop-ozone/integration-test/target/test-dir/MiniOzoneClusterImpl-7f66dfcd-4d84-4460-b9fe-211923c7b7bb/datanode-13/data/ratis
2023-12-10 08:55:28,630 [69d4baa6-4398-472b-b8bb-6c5f70797a5a-EndpointStateMachineTaskThread-/0.0.0.0:15002-0 ] INFO  ozoneimpl.OzoneContainer (OzoneContainer.java:start(441)) - Attempting to start container services.
2023-12-10 08:55:28,630 [69d4baa6-4398-472b-b8bb-6c5f70797a5a-EndpointStateMachineTaskThread-/0.0.0.0:15002-0 ] INFO  ozoneimpl.OzoneContainer (OzoneContainer.java:startContainerScrub(337)) - Scheduled background container scanners and the on-demand container scanner have been disabled.
2023-12-10 08:55:28,634 [69d4baa6-4398-472b-b8bb-6c5f70797a5a-EndpointStateMachineTaskThread-/0.0.0.0:15002-0 ] INFO  replication.ReplicationServer (ReplicationServer.java:start(139)) - ReplicationServer is started using port 15133
2023-12-10 08:55:28,635 [69d4baa6-4398-472b-b8bb-6c5f70797a5a-EndpointStateMachineTaskThread-/0.0.0.0:15002-0 ] INFO  ratis.XceiverServerRatis (XceiverServerRatis.java:start(548)) - Starting XceiverServerRatis 69d4baa6-4398-472b-b8bb-6c5f70797a5a
2023-12-10 08:55:28,635 [69d4baa6-4398-472b-b8bb-6c5f70797a5a-EndpointStateMachineTaskThread-/0.0.0.0:15002-0 ] INFO  server.RaftServer (RaftServerProxy.java:startImpl(406)) - 69d4baa6-4398-472b-b8bb-6c5f70797a5a: start RPC server
2023-12-10 08:55:28,636 [69d4baa6-4398-472b-b8bb-6c5f70797a5a-EndpointStateMachineTaskThread-/0.0.0.0:15002-0 ] INFO  server.GrpcService (GrpcService.java:startImpl(302)) - 69d4baa6-4398-472b-b8bb-6c5f70797a5a: GrpcService started, listening on 15129
2023-12-10 08:55:28,636 [69d4baa6-4398-472b-b8bb-6c5f70797a5a-EndpointStateMachineTaskThread-/0.0.0.0:15002-0 ] INFO  server.GrpcService (GrpcService.java:startImpl(302)) - 69d4baa6-4398-472b-b8bb-6c5f70797a5a: GrpcService started, listening on 15131
2023-12-10 08:55:28,637 [69d4baa6-4398-472b-b8bb-6c5f70797a5a-EndpointStateMachineTaskThread-/0.0.0.0:15002-0 ] INFO  server.GrpcService (GrpcService.java:startImpl(302)) - 69d4baa6-4398-472b-b8bb-6c5f70797a5a: GrpcService started, listening on 15130
2023-12-10 08:55:28,638 [69d4baa6-4398-472b-b8bb-6c5f70797a5a-EndpointStateMachineTaskThread-/0.0.0.0:15002-0 ] INFO  ratis.XceiverServerRatis (XceiverServerRatis.java:getRealPort(574)) - XceiverServerRatis 69d4baa6-4398-472b-b8bb-6c5f70797a5a is started using port 15129 for RATIS
2023-12-10 08:55:28,638 [JvmPauseMonitor15] INFO  util.JvmPauseMonitor (JvmPauseMonitor.java:run(146)) - JvmPauseMonitor-69d4baa6-4398-472b-b8bb-6c5f70797a5a: Started
2023-12-10 08:55:28,638 [69d4baa6-4398-472b-b8bb-6c5f70797a5a-EndpointStateMachineTaskThread-/0.0.0.0:15002-0 ] INFO  ratis.XceiverServerRatis (XceiverServerRatis.java:getRealPort(574)) - XceiverServerRatis 69d4baa6-4398-472b-b8bb-6c5f70797a5a is started using port 15130 for RATIS_ADMIN
2023-12-10 08:55:28,639 [69d4baa6-4398-472b-b8bb-6c5f70797a5a-EndpointStateMachineTaskThread-/0.0.0.0:15002-0 ] INFO  ratis.XceiverServerRatis (XceiverServerRatis.java:getRealPort(574)) - XceiverServerRatis 69d4baa6-4398-472b-b8bb-6c5f70797a5a is started using port 15131 for RATIS_SERVER
2023-12-10 08:55:28,639 [69d4baa6-4398-472b-b8bb-6c5f70797a5a-EndpointStateMachineTaskThread-/0.0.0.0:15002-0 ] INFO  ratis.XceiverServerRatis (XceiverServerRatis.java:getRealPort(574)) - XceiverServerRatis 69d4baa6-4398-472b-b8bb-6c5f70797a5a is started using port 15132 for RATIS_DATASTREAM
2023-12-10 08:55:28,640 [69d4baa6-4398-472b-b8bb-6c5f70797a5a-BlockDeletingService#0] INFO  interfaces.ContainerDeletionChoosingPolicyTemplate (ContainerDeletionChoosingPolicyTemplate.java:chooseContainerForBlockDeletion(85)) - Chosen 0/5000 blocks from 0 candidate containers.
2023-12-10 08:55:28,993 [IPC Server handler 2 on default port 15002] INFO  net.NetworkTopologyImpl (NetworkTopologyImpl.java:add(124)) - Added a new node: /default-rack/ceafc0c7-af9d-4de4-ae81-ea841051c606
2023-12-10 08:55:28,995 [IPC Server handler 2 on default port 15002] INFO  node.SCMNodeManager (SCMNodeManager.java:register(405)) - Registered datanode: ceafc0c7-af9d-4de4-ae81-ea841051c606{ip: 10.1.0.29, host: fv-az1041-125, ports: [HTTP=15009, CLIENT_RPC=15010, REPLICATION=15016, RATIS=15012, RATIS_ADMIN=15013, RATIS_SERVER=15014, RATIS_DATASTREAM=15015, STANDALONE=15011], networkLocation: /default-rack, certSerialId: null, persistedOpState: null, persistedOpStateExpiryEpochSec: 0}
2023-12-10 08:55:28,997 [EventQueue-NewNodeForNewNodeHandler] INFO  pipeline.BackgroundPipelineCreator (BackgroundPipelineCreator.java:notifyEventTriggered(280)) - trigger a one-shot run on RatisPipelineUtilsThread.
2023-12-10 08:55:28,998 [EventQueue-NodeRegistrationContainerReportForContainerSafeModeRule] INFO  safemode.SCMSafeModeManager (SCMSafeModeManager.java:validateSafeModeExitRules(200)) - ContainerSafeModeRule rule is successfully validated
2023-12-10 08:55:28,998 [EventQueue-NodeRegistrationContainerReportForDataNodeSafeModeRule] INFO  safemode.SCMSafeModeManager (DataNodeSafeModeRule.java:process(71)) - SCM in safe mode. 1 DataNodes registered, 3 required.
2023-12-10 08:55:28,999 [EventQueue-PipelineReportForOneReplicaPipelineSafeModeRule] INFO  safemode.SCMSafeModeManager (SCMSafeModeManager.java:validateSafeModeExitRules(200)) - AtleastOneDatanodeReportedRule rule is successfully validated
2023-12-10 08:55:29,115 [IPC Server handler 18 on default port 15002] INFO  net.NetworkTopologyImpl (NetworkTopologyImpl.java:add(124)) - Added a new node: /default-rack/edd7aebe-e713-4899-b982-ee5b12165735
2023-12-10 08:55:29,116 [IPC Server handler 18 on default port 15002] INFO  node.SCMNodeManager (SCMNodeManager.java:register(405)) - Registered datanode: edd7aebe-e713-4899-b982-ee5b12165735{ip: 10.1.0.29, host: fv-az1041-125, ports: [HTTP=15018, CLIENT_RPC=15019, REPLICATION=15025, RATIS=15021, RATIS_ADMIN=15022, RATIS_SERVER=15023, RATIS_DATASTREAM=15024, STANDALONE=15020], networkLocation: /default-rack, certSerialId: null, persistedOpState: null, persistedOpStateExpiryEpochSec: 0}
2023-12-10 08:55:29,116 [EventQueue-NewNodeForNewNodeHandler] INFO  pipeline.BackgroundPipelineCreator (BackgroundPipelineCreator.java:notifyEventTriggered(280)) - trigger a one-shot run on RatisPipelineUtilsThread.
2023-12-10 08:55:29,116 [EventQueue-NodeRegistrationContainerReportForDataNodeSafeModeRule] INFO  safemode.SCMSafeModeManager (DataNodeSafeModeRule.java:process(71)) - SCM in safe mode. 2 DataNodes registered, 3 required.
2023-12-10 08:55:29,230 [IPC Server handler 6 on default port 15002] INFO  net.NetworkTopologyImpl (NetworkTopologyImpl.java:add(124)) - Added a new node: /default-rack/173e1c01-ab9b-4bd4-a1fb-1dc9b7180747
2023-12-10 08:55:29,231 [IPC Server handler 6 on default port 15002] INFO  node.SCMNodeManager (SCMNodeManager.java:register(405)) - Registered datanode: 173e1c01-ab9b-4bd4-a1fb-1dc9b7180747{ip: 10.1.0.29, host: fv-az1041-125, ports: [HTTP=15027, CLIENT_RPC=15028, REPLICATION=15034, RATIS=15030, RATIS_ADMIN=15031, RATIS_SERVER=15032, RATIS_DATASTREAM=15033, STANDALONE=15029], networkLocation: /default-rack, certSerialId: null, persistedOpState: null, persistedOpStateExpiryEpochSec: 0}
2023-12-10 08:55:29,231 [EventQueue-NewNodeForNewNodeHandler] INFO  pipeline.BackgroundPipelineCreator (BackgroundPipelineCreator.java:notifyEventTriggered(280)) - trigger a one-shot run on RatisPipelineUtilsThread.
2023-12-10 08:55:29,231 [EventQueue-NodeRegistrationContainerReportForDataNodeSafeModeRule] INFO  safemode.SCMSafeModeManager (DataNodeSafeModeRule.java:process(71)) - SCM in safe mode. 3 DataNodes registered, 3 required.
2023-12-10 08:55:29,231 [EventQueue-NodeRegistrationContainerReportForDataNodeSafeModeRule] INFO  safemode.SCMSafeModeManager (SCMSafeModeManager.java:validateSafeModeExitRules(200)) - DataNodeSafeModeRule rule is successfully validated
2023-12-10 08:55:29,231 [EventQueue-NodeRegistrationContainerReportForDataNodeSafeModeRule] INFO  safemode.SCMSafeModeManager (SCMSafeModeManager.java:completePreCheck(229)) - All SCM safe mode pre check rules have passed
2023-12-10 08:55:29,231 [EventQueue-NodeRegistrationContainerReportForDataNodeSafeModeRule] INFO  ha.SCMContext (SCMContext.java:updateSafeModeStatus(230)) - Update SafeModeStatus from SafeModeStatus{safeModeStatus=true, preCheckPassed=false} to SafeModeStatus{safeModeStatus=true, preCheckPassed=true}.
2023-12-10 08:55:29,231 [EventQueue-NodeRegistrationContainerReportForDataNodeSafeModeRule] INFO  pipeline.BackgroundPipelineCreator (BackgroundPipelineCreator.java:notifyEventTriggered(280)) - trigger a one-shot run on RatisPipelineUtilsThread.
2023-12-10 08:55:29,237 [RatisPipelineUtilsThread-0] INFO  pipeline.RatisPipelineProvider (RatisPipelineProvider.java:lambda$create$0(206)) - Sending CreatePipelineCommand for pipeline:PipelineID=3ddc4401-8e2f-411b-861a-1cdc7742679f to datanode:173e1c01-ab9b-4bd4-a1fb-1dc9b7180747
2023-12-10 08:55:29,237 [RatisPipelineUtilsThread-0] INFO  pipeline.RatisPipelineProvider (RatisPipelineProvider.java:lambda$create$0(206)) - Sending CreatePipelineCommand for pipeline:PipelineID=3ddc4401-8e2f-411b-861a-1cdc7742679f to datanode:edd7aebe-e713-4899-b982-ee5b12165735
2023-12-10 08:55:29,237 [RatisPipelineUtilsThread-0] INFO  pipeline.RatisPipelineProvider (RatisPipelineProvider.java:lambda$create$0(206)) - Sending CreatePipelineCommand for pipeline:PipelineID=3ddc4401-8e2f-411b-861a-1cdc7742679f to datanode:ceafc0c7-af9d-4de4-ae81-ea841051c606
2023-12-10 08:55:29,246 [RatisPipelineUtilsThread-0] INFO  pipeline.BackgroundPipelineCreator (BackgroundPipelineCreator.java:createPipelines(236)) - Created new pipeline Pipeline[ Id: 3ddc4401-8e2f-411b-861a-1cdc7742679f, Nodes: 173e1c01-ab9b-4bd4-a1fb-1dc9b7180747(fv-az1041-125/10.1.0.29)edd7aebe-e713-4899-b982-ee5b12165735(fv-az1041-125/10.1.0.29)ceafc0c7-af9d-4de4-ae81-ea841051c606(fv-az1041-125/10.1.0.29), ReplicationConfig: RATIS/THREE, State:ALLOCATED, leaderId:, CreationTimestamp2023-12-10T08:55:29.236Z[Etc/UTC]]
2023-12-10 08:55:29,246 [RatisPipelineUtilsThread-0] INFO  pipeline.RatisPipelineProvider (RatisPipelineProvider.java:lambda$create$0(206)) - Sending CreatePipelineCommand for pipeline:PipelineID=708b8303-c8f3-4adb-8941-e94c0b570e05 to datanode:173e1c01-ab9b-4bd4-a1fb-1dc9b7180747
2023-12-10 08:55:29,246 [RatisPipelineUtilsThread-0] INFO  pipeline.RatisPipelineProvider (RatisPipelineProvider.java:lambda$create$0(206)) - Sending CreatePipelineCommand for pipeline:PipelineID=708b8303-c8f3-4adb-8941-e94c0b570e05 to datanode:ceafc0c7-af9d-4de4-ae81-ea841051c606
2023-12-10 08:55:29,246 [RatisPipelineUtilsThread-0] INFO  pipeline.RatisPipelineProvider (RatisPipelineProvider.java:lambda$create$0(206)) - Sending CreatePipelineCommand for pipeline:PipelineID=708b8303-c8f3-4adb-8941-e94c0b570e05 to datanode:edd7aebe-e713-4899-b982-ee5b12165735
2023-12-10 08:55:29,248 [RatisPipelineUtilsThread-0] INFO  pipeline.PipelineManagerImpl (PipelineManagerImpl.java:recordMetricsForPipeline(916)) - Pipeline: PipelineID=708b8303-c8f3-4adb-8941-e94c0b570e05 contains same datanodes as previous pipelines: PipelineID=3ddc4401-8e2f-411b-861a-1cdc7742679f nodeIds: 173e1c01-ab9b-4bd4-a1fb-1dc9b7180747, ceafc0c7-af9d-4de4-ae81-ea841051c606, edd7aebe-e713-4899-b982-ee5b12165735
2023-12-10 08:55:29,248 [RatisPipelineUtilsThread-0] INFO  pipeline.BackgroundPipelineCreator (BackgroundPipelineCreator.java:createPipelines(236)) - Created new pipeline Pipeline[ Id: 708b8303-c8f3-4adb-8941-e94c0b570e05, Nodes: 173e1c01-ab9b-4bd4-a1fb-1dc9b7180747(fv-az1041-125/10.1.0.29)ceafc0c7-af9d-4de4-ae81-ea841051c606(fv-az1041-125/10.1.0.29)edd7aebe-e713-4899-b982-ee5b12165735(fv-az1041-125/10.1.0.29), ReplicationConfig: RATIS/THREE, State:ALLOCATED, leaderId:, CreationTimestamp2023-12-10T08:55:29.246Z[Etc/UTC]]
2023-12-10 08:55:29,397 [IPC Server handler 7 on default port 15002] INFO  net.NetworkTopologyImpl (NetworkTopologyImpl.java:add(124)) - Added a new node: /default-rack/8170aa16-323e-44de-b8c0-3f99a1184856
2023-12-10 08:55:29,398 [IPC Server handler 7 on default port 15002] INFO  node.SCMNodeManager (SCMNodeManager.java:register(405)) - Registered datanode: 8170aa16-323e-44de-b8c0-3f99a1184856{ip: 10.1.0.29, host: fv-az1041-125, ports: [HTTP=15036, CLIENT_RPC=15037, REPLICATION=15043, RATIS=15039, RATIS_ADMIN=15040, RATIS_SERVER=15041, RATIS_DATASTREAM=15042, STANDALONE=15038], networkLocation: /default-rack, certSerialId: null, persistedOpState: null, persistedOpStateExpiryEpochSec: 0}
2023-12-10 08:55:29,399 [EventQueue-NewNodeForNewNodeHandler] INFO  pipeline.BackgroundPipelineCreator (BackgroundPipelineCreator.java:notifyEventTriggered(280)) - trigger a one-shot run on RatisPipelineUtilsThread.
2023-12-10 08:55:29,530 [IPC Server handler 5 on default port 15002] INFO  net.NetworkTopologyImpl (NetworkTopologyImpl.java:add(124)) - Added a new node: /default-rack/71fa9327-596e-4bfe-b86f-33f6bdf50532
2023-12-10 08:55:29,530 [IPC Server handler 5 on default port 15002] INFO  node.SCMNodeManager (SCMNodeManager.java:register(405)) - Registered datanode: 71fa9327-596e-4bfe-b86f-33f6bdf50532{ip: 10.1.0.29, host: fv-az1041-125, ports: [HTTP=15045, CLIENT_RPC=15046, REPLICATION=15052, RATIS=15048, RATIS_ADMIN=15049, RATIS_SERVER=15050, RATIS_DATASTREAM=15051, STANDALONE=15047], networkLocation: /default-rack, certSerialId: null, persistedOpState: null, persistedOpStateExpiryEpochSec: 0}
2023-12-10 08:55:29,530 [EventQueue-NewNodeForNewNodeHandler] INFO  pipeline.BackgroundPipelineCreator (BackgroundPipelineCreator.java:notifyEventTriggered(280)) - trigger a one-shot run on RatisPipelineUtilsThread.
2023-12-10 08:55:29,602 [main] INFO  ozone.MiniOzoneClusterImpl (MiniOzoneClusterImpl.java:lambda$waitForClusterToBeReady$0(229)) - Waiting for nodes to be ready. Got 5 of 14 DN Heartbeats.
2023-12-10 08:55:29,603 [main] INFO  ozone.MiniOzoneClusterImpl (MiniOzoneClusterImpl.java:lambda$waitForClusterToBeReady$0(232)) - Waiting for cluster to exit safe mode
2023-12-10 08:55:29,603 [main] INFO  ozone.MiniOzoneClusterImpl (MiniOzoneClusterImpl.java:lambda$waitForClusterToBeReady$0(234)) - SCM became leader
2023-12-10 08:55:29,692 [IPC Server handler 3 on default port 15002] INFO  net.NetworkTopologyImpl (NetworkTopologyImpl.java:add(124)) - Added a new node: /default-rack/ab6f04f4-5b2e-49ed-8ed6-18cca86f2b6f
2023-12-10 08:55:29,693 [IPC Server handler 3 on default port 15002] INFO  node.SCMNodeManager (SCMNodeManager.java:register(405)) - Registered datanode: ab6f04f4-5b2e-49ed-8ed6-18cca86f2b6f{ip: 10.1.0.29, host: fv-az1041-125, ports: [HTTP=15054, CLIENT_RPC=15055, REPLICATION=15061, RATIS=15057, RATIS_ADMIN=15058, RATIS_SERVER=15059, RATIS_DATASTREAM=15060, STANDALONE=15056], networkLocation: /default-rack, certSerialId: null, persistedOpState: null, persistedOpStateExpiryEpochSec: 0}
2023-12-10 08:55:29,693 [EventQueue-NewNodeForNewNodeHandler] INFO  pipeline.BackgroundPipelineCreator (BackgroundPipelineCreator.java:notifyEventTriggered(280)) - trigger a one-shot run on RatisPipelineUtilsThread.
2023-12-10 08:55:29,694 [RatisPipelineUtilsThread-0] INFO  pipeline.RatisPipelineProvider (RatisPipelineProvider.java:lambda$create$0(206)) - Sending CreatePipelineCommand for pipeline:PipelineID=189588f6-959e-4d62-8f1a-c38045d0070f to datanode:71fa9327-596e-4bfe-b86f-33f6bdf50532
2023-12-10 08:55:29,694 [RatisPipelineUtilsThread-0] INFO  pipeline.RatisPipelineProvider (RatisPipelineProvider.java:lambda$create$0(206)) - Sending CreatePipelineCommand for pipeline:PipelineID=189588f6-959e-4d62-8f1a-c38045d0070f to datanode:8170aa16-323e-44de-b8c0-3f99a1184856
2023-12-10 08:55:29,694 [RatisPipelineUtilsThread-0] INFO  pipeline.RatisPipelineProvider (RatisPipelineProvider.java:lambda$create$0(206)) - Sending CreatePipelineCommand for pipeline:PipelineID=189588f6-959e-4d62-8f1a-c38045d0070f to datanode:ab6f04f4-5b2e-49ed-8ed6-18cca86f2b6f
2023-12-10 08:55:29,695 [RatisPipelineUtilsThread-0] INFO  pipeline.BackgroundPipelineCreator (BackgroundPipelineCreator.java:createPipelines(236)) - Created new pipeline Pipeline[ Id: 189588f6-959e-4d62-8f1a-c38045d0070f, Nodes: 71fa9327-596e-4bfe-b86f-33f6bdf50532(fv-az1041-125/10.1.0.29)8170aa16-323e-44de-b8c0-3f99a1184856(fv-az1041-125/10.1.0.29)ab6f04f4-5b2e-49ed-8ed6-18cca86f2b6f(fv-az1041-125/10.1.0.29), ReplicationConfig: RATIS/THREE, State:ALLOCATED, leaderId:, CreationTimestamp2023-12-10T08:55:29.694Z[Etc/UTC]]
2023-12-10 08:55:29,695 [RatisPipelineUtilsThread-0] INFO  pipeline.RatisPipelineProvider (RatisPipelineProvider.java:lambda$create$0(206)) - Sending CreatePipelineCommand for pipeline:PipelineID=082d7f9d-146b-41ee-8618-f342b1d124fd to datanode:71fa9327-596e-4bfe-b86f-33f6bdf50532
2023-12-10 08:55:29,695 [RatisPipelineUtilsThread-0] INFO  pipeline.RatisPipelineProvider (RatisPipelineProvider.java:lambda$create$0(206)) - Sending CreatePipelineCommand for pipeline:PipelineID=082d7f9d-146b-41ee-8618-f342b1d124fd to datanode:8170aa16-323e-44de-b8c0-3f99a1184856
2023-12-10 08:55:29,696 [RatisPipelineUtilsThread-0] INFO  pipeline.RatisPipelineProvider (RatisPipelineProvider.java:lambda$create$0(206)) - Sending CreatePipelineCommand for pipeline:PipelineID=082d7f9d-146b-41ee-8618-f342b1d124fd to datanode:ab6f04f4-5b2e-49ed-8ed6-18cca86f2b6f
2023-12-10 08:55:29,696 [RatisPipelineUtilsThread-0] INFO  pipeline.PipelineManagerImpl (PipelineManagerImpl.java:recordMetricsForPipeline(916)) - Pipeline: PipelineID=082d7f9d-146b-41ee-8618-f342b1d124fd contains same datanodes as previous pipelines: PipelineID=189588f6-959e-4d62-8f1a-c38045d0070f nodeIds: 71fa9327-596e-4bfe-b86f-33f6bdf50532, 8170aa16-323e-44de-b8c0-3f99a1184856, ab6f04f4-5b2e-49ed-8ed6-18cca86f2b6f
2023-12-10 08:55:29,697 [RatisPipelineUtilsThread-0] INFO  pipeline.BackgroundPipelineCreator (BackgroundPipelineCreator.java:createPipelines(236)) - Created new pipeline Pipeline[ Id: 082d7f9d-146b-41ee-8618-f342b1d124fd, Nodes: 71fa9327-596e-4bfe-b86f-33f6bdf50532(fv-az1041-125/10.1.0.29)8170aa16-323e-44de-b8c0-3f99a1184856(fv-az1041-125/10.1.0.29)ab6f04f4-5b2e-49ed-8ed6-18cca86f2b6f(fv-az1041-125/10.1.0.29), ReplicationConfig: RATIS/THREE, State:ALLOCATED, leaderId:, CreationTimestamp2023-12-10T08:55:29.695Z[Etc/UTC]]
2023-12-10 08:55:29,843 [IPC Server handler 2 on default port 15002] INFO  net.NetworkTopologyImpl (NetworkTopologyImpl.java:add(124)) - Added a new node: /default-rack/383c3691-e37d-4704-9b62-3f343d93bad0
2023-12-10 08:55:29,844 [IPC Server handler 2 on default port 15002] INFO  node.SCMNodeManager (SCMNodeManager.java:register(405)) - Registered datanode: 383c3691-e37d-4704-9b62-3f343d93bad0{ip: 10.1.0.29, host: fv-az1041-125, ports: [HTTP=15063, CLIENT_RPC=15064, REPLICATION=15070, RATIS=15066, RATIS_ADMIN=15067, RATIS_SERVER=15068, RATIS_DATASTREAM=15069, STANDALONE=15065], networkLocation: /default-rack, certSerialId: null, persistedOpState: null, persistedOpStateExpiryEpochSec: 0}
2023-12-10 08:55:29,844 [EventQueue-NewNodeForNewNodeHandler] INFO  pipeline.BackgroundPipelineCreator (BackgroundPipelineCreator.java:notifyEventTriggered(280)) - trigger a one-shot run on RatisPipelineUtilsThread.
2023-12-10 08:55:29,948 [IPC Server handler 4 on default port 15002] INFO  net.NetworkTopologyImpl (NetworkTopologyImpl.java:add(124)) - Added a new node: /default-rack/7f393458-131e-4136-815e-5cd248d38671
2023-12-10 08:55:29,948 [IPC Server handler 4 on default port 15002] INFO  node.SCMNodeManager (SCMNodeManager.java:register(405)) - Registered datanode: 7f393458-131e-4136-815e-5cd248d38671{ip: 10.1.0.29, host: fv-az1041-125, ports: [HTTP=15072, CLIENT_RPC=15073, REPLICATION=15079, RATIS=15075, RATIS_ADMIN=15076, RATIS_SERVER=15077, RATIS_DATASTREAM=15078, STANDALONE=15074], networkLocation: /default-rack, certSerialId: null, persistedOpState: null, persistedOpStateExpiryEpochSec: 0}
2023-12-10 08:55:29,948 [EventQueue-NewNodeForNewNodeHandler] INFO  pipeline.BackgroundPipelineCreator (BackgroundPipelineCreator.java:notifyEventTriggered(280)) - trigger a one-shot run on RatisPipelineUtilsThread.
2023-12-10 08:55:30,066 [IPC Server handler 19 on default port 15002] INFO  net.NetworkTopologyImpl (NetworkTopologyImpl.java:add(124)) - Added a new node: /default-rack/d585e390-d9b9-49cd-b5b8-386dd9d89b96
2023-12-10 08:55:30,066 [IPC Server handler 19 on default port 15002] INFO  node.SCMNodeManager (SCMNodeManager.java:register(405)) - Registered datanode: d585e390-d9b9-49cd-b5b8-386dd9d89b96{ip: 10.1.0.29, host: fv-az1041-125, ports: [HTTP=15081, CLIENT_RPC=15082, REPLICATION=15088, RATIS=15084, RATIS_ADMIN=15085, RATIS_SERVER=15086, RATIS_DATASTREAM=15087, STANDALONE=15083], networkLocation: /default-rack, certSerialId: null, persistedOpState: null, persistedOpStateExpiryEpochSec: 0}
2023-12-10 08:55:30,067 [EventQueue-NewNodeForNewNodeHandler] INFO  pipeline.BackgroundPipelineCreator (BackgroundPipelineCreator.java:notifyEventTriggered(280)) - trigger a one-shot run on RatisPipelineUtilsThread.
2023-12-10 08:55:30,068 [RatisPipelineUtilsThread-0] INFO  pipeline.RatisPipelineProvider (RatisPipelineProvider.java:lambda$create$0(206)) - Sending CreatePipelineCommand for pipeline:PipelineID=36c72806-ba22-4131-ae25-6e390d03e149 to datanode:d585e390-d9b9-49cd-b5b8-386dd9d89b96
2023-12-10 08:55:30,068 [RatisPipelineUtilsThread-0] INFO  pipeline.RatisPipelineProvider (RatisPipelineProvider.java:lambda$create$0(206)) - Sending CreatePipelineCommand for pipeline:PipelineID=36c72806-ba22-4131-ae25-6e390d03e149 to datanode:7f393458-131e-4136-815e-5cd248d38671
2023-12-10 08:55:30,068 [RatisPipelineUtilsThread-0] INFO  pipeline.RatisPipelineProvider (RatisPipelineProvider.java:lambda$create$0(206)) - Sending CreatePipelineCommand for pipeline:PipelineID=36c72806-ba22-4131-ae25-6e390d03e149 to datanode:383c3691-e37d-4704-9b62-3f343d93bad0
2023-12-10 08:55:30,069 [RatisPipelineUtilsThread-0] INFO  pipeline.BackgroundPipelineCreator (BackgroundPipelineCreator.java:createPipelines(236)) - Created new pipeline Pipeline[ Id: 36c72806-ba22-4131-ae25-6e390d03e149, Nodes: d585e390-d9b9-49cd-b5b8-386dd9d89b96(fv-az1041-125/10.1.0.29)7f393458-131e-4136-815e-5cd248d38671(fv-az1041-125/10.1.0.29)383c3691-e37d-4704-9b62-3f343d93bad0(fv-az1041-125/10.1.0.29), ReplicationConfig: RATIS/THREE, State:ALLOCATED, leaderId:, CreationTimestamp2023-12-10T08:55:30.068Z[Etc/UTC]]
2023-12-10 08:55:30,070 [RatisPipelineUtilsThread-0] INFO  pipeline.RatisPipelineProvider (RatisPipelineProvider.java:lambda$create$0(206)) - Sending CreatePipelineCommand for pipeline:PipelineID=c040e1ea-1427-4604-9725-ef992d48831c to datanode:d585e390-d9b9-49cd-b5b8-386dd9d89b96
2023-12-10 08:55:30,070 [RatisPipelineUtilsThread-0] INFO  pipeline.RatisPipelineProvider (RatisPipelineProvider.java:lambda$create$0(206)) - Sending CreatePipelineCommand for pipeline:PipelineID=c040e1ea-1427-4604-9725-ef992d48831c to datanode:7f393458-131e-4136-815e-5cd248d38671
2023-12-10 08:55:30,070 [RatisPipelineUtilsThread-0] INFO  pipeline.RatisPipelineProvider (RatisPipelineProvider.java:lambda$create$0(206)) - Sending CreatePipelineCommand for pipeline:PipelineID=c040e1ea-1427-4604-9725-ef992d48831c to datanode:383c3691-e37d-4704-9b62-3f343d93bad0
2023-12-10 08:55:30,071 [RatisPipelineUtilsThread-0] INFO  pipeline.PipelineManagerImpl (PipelineManagerImpl.java:recordMetricsForPipeline(916)) - Pipeline: PipelineID=c040e1ea-1427-4604-9725-ef992d48831c contains same datanodes as previous pipelines: PipelineID=36c72806-ba22-4131-ae25-6e390d03e149 nodeIds: d585e390-d9b9-49cd-b5b8-386dd9d89b96, 7f393458-131e-4136-815e-5cd248d38671, 383c3691-e37d-4704-9b62-3f343d93bad0
2023-12-10 08:55:30,071 [RatisPipelineUtilsThread-0] INFO  pipeline.BackgroundPipelineCreator (BackgroundPipelineCreator.java:createPipelines(236)) - Created new pipeline Pipeline[ Id: c040e1ea-1427-4604-9725-ef992d48831c, Nodes: d585e390-d9b9-49cd-b5b8-386dd9d89b96(fv-az1041-125/10.1.0.29)7f393458-131e-4136-815e-5cd248d38671(fv-az1041-125/10.1.0.29)383c3691-e37d-4704-9b62-3f343d93bad0(fv-az1041-125/10.1.0.29), ReplicationConfig: RATIS/THREE, State:ALLOCATED, leaderId:, CreationTimestamp2023-12-10T08:55:30.070Z[Etc/UTC]]
2023-12-10 08:55:30,167 [IPC Server handler 6 on default port 15002] INFO  net.NetworkTopologyImpl (NetworkTopologyImpl.java:add(124)) - Added a new node: /default-rack/9d33b5cf-046b-45d3-8518-fd69107da003
2023-12-10 08:55:30,168 [IPC Server handler 6 on default port 15002] INFO  node.SCMNodeManager (SCMNodeManager.java:register(405)) - Registered datanode: 9d33b5cf-046b-45d3-8518-fd69107da003{ip: 10.1.0.29, host: fv-az1041-125, ports: [HTTP=15090, CLIENT_RPC=15091, REPLICATION=15097, RATIS=15093, RATIS_ADMIN=15094, RATIS_SERVER=15095, RATIS_DATASTREAM=15096, STANDALONE=15092], networkLocation: /default-rack, certSerialId: null, persistedOpState: null, persistedOpStateExpiryEpochSec: 0}
2023-12-10 08:55:30,168 [EventQueue-NewNodeForNewNodeHandler] INFO  pipeline.BackgroundPipelineCreator (BackgroundPipelineCreator.java:notifyEventTriggered(280)) - trigger a one-shot run on RatisPipelineUtilsThread.
2023-12-10 08:55:30,258 [IPC Server handler 17 on default port 15002] INFO  net.NetworkTopologyImpl (NetworkTopologyImpl.java:add(124)) - Added a new node: /default-rack/739b2b9a-4a10-4b30-8d82-41f2f3567ae9
2023-12-10 08:55:30,258 [IPC Server handler 17 on default port 15002] INFO  node.SCMNodeManager (SCMNodeManager.java:register(405)) - Registered datanode: 739b2b9a-4a10-4b30-8d82-41f2f3567ae9{ip: 10.1.0.29, host: fv-az1041-125, ports: [HTTP=15099, CLIENT_RPC=15100, REPLICATION=15106, RATIS=15102, RATIS_ADMIN=15103, RATIS_SERVER=15104, RATIS_DATASTREAM=15105, STANDALONE=15101], networkLocation: /default-rack, certSerialId: null, persistedOpState: null, persistedOpStateExpiryEpochSec: 0}
2023-12-10 08:55:30,259 [EventQueue-NewNodeForNewNodeHandler] INFO  pipeline.BackgroundPipelineCreator (BackgroundPipelineCreator.java:notifyEventTriggered(280)) - trigger a one-shot run on RatisPipelineUtilsThread.
2023-12-10 08:55:30,381 [IPC Server handler 7 on default port 15002] INFO  net.NetworkTopologyImpl (NetworkTopologyImpl.java:add(124)) - Added a new node: /default-rack/1325fac8-4950-4fd4-a580-526da936db2d
2023-12-10 08:55:30,381 [IPC Server handler 7 on default port 15002] INFO  node.SCMNodeManager (SCMNodeManager.java:register(405)) - Registered datanode: 1325fac8-4950-4fd4-a580-526da936db2d{ip: 10.1.0.29, host: fv-az1041-125, ports: [HTTP=15108, CLIENT_RPC=15109, REPLICATION=15115, RATIS=15111, RATIS_ADMIN=15112, RATIS_SERVER=15113, RATIS_DATASTREAM=15114, STANDALONE=15110], networkLocation: /default-rack, certSerialId: null, persistedOpState: null, persistedOpStateExpiryEpochSec: 0}
2023-12-10 08:55:30,381 [EventQueue-NewNodeForNewNodeHandler] INFO  pipeline.BackgroundPipelineCreator (BackgroundPipelineCreator.java:notifyEventTriggered(280)) - trigger a one-shot run on RatisPipelineUtilsThread.
2023-12-10 08:55:30,382 [RatisPipelineUtilsThread-0] INFO  pipeline.RatisPipelineProvider (RatisPipelineProvider.java:lambda$create$0(206)) - Sending CreatePipelineCommand for pipeline:PipelineID=f61d75ec-e88f-4c7b-915f-8b162c13ffa2 to datanode:1325fac8-4950-4fd4-a580-526da936db2d
2023-12-10 08:55:30,382 [RatisPipelineUtilsThread-0] INFO  pipeline.RatisPipelineProvider (RatisPipelineProvider.java:lambda$create$0(206)) - Sending CreatePipelineCommand for pipeline:PipelineID=f61d75ec-e88f-4c7b-915f-8b162c13ffa2 to datanode:9d33b5cf-046b-45d3-8518-fd69107da003
2023-12-10 08:55:30,382 [RatisPipelineUtilsThread-0] INFO  pipeline.RatisPipelineProvider (RatisPipelineProvider.java:lambda$create$0(206)) - Sending CreatePipelineCommand for pipeline:PipelineID=f61d75ec-e88f-4c7b-915f-8b162c13ffa2 to datanode:739b2b9a-4a10-4b30-8d82-41f2f3567ae9
2023-12-10 08:55:30,384 [RatisPipelineUtilsThread-0] INFO  pipeline.BackgroundPipelineCreator (BackgroundPipelineCreator.java:createPipelines(236)) - Created new pipeline Pipeline[ Id: f61d75ec-e88f-4c7b-915f-8b162c13ffa2, Nodes: 1325fac8-4950-4fd4-a580-526da936db2d(fv-az1041-125/10.1.0.29)9d33b5cf-046b-45d3-8518-fd69107da003(fv-az1041-125/10.1.0.29)739b2b9a-4a10-4b30-8d82-41f2f3567ae9(fv-az1041-125/10.1.0.29), ReplicationConfig: RATIS/THREE, State:ALLOCATED, leaderId:, CreationTimestamp2023-12-10T08:55:30.382Z[Etc/UTC]]
2023-12-10 08:55:30,385 [RatisPipelineUtilsThread-0] INFO  pipeline.RatisPipelineProvider (RatisPipelineProvider.java:lambda$create$0(206)) - Sending CreatePipelineCommand for pipeline:PipelineID=c57ae688-d220-43e9-9321-6a927a491976 to datanode:739b2b9a-4a10-4b30-8d82-41f2f3567ae9
2023-12-10 08:55:30,385 [RatisPipelineUtilsThread-0] INFO  pipeline.RatisPipelineProvider (RatisPipelineProvider.java:lambda$create$0(206)) - Sending CreatePipelineCommand for pipeline:PipelineID=c57ae688-d220-43e9-9321-6a927a491976 to datanode:1325fac8-4950-4fd4-a580-526da936db2d
2023-12-10 08:55:30,385 [RatisPipelineUtilsThread-0] INFO  pipeline.RatisPipelineProvider (RatisPipelineProvider.java:lambda$create$0(206)) - Sending CreatePipelineCommand for pipeline:PipelineID=c57ae688-d220-43e9-9321-6a927a491976 to datanode:9d33b5cf-046b-45d3-8518-fd69107da003
2023-12-10 08:55:30,387 [RatisPipelineUtilsThread-0] INFO  pipeline.PipelineManagerImpl (PipelineManagerImpl.java:recordMetricsForPipeline(916)) - Pipeline: PipelineID=c57ae688-d220-43e9-9321-6a927a491976 contains same datanodes as previous pipelines: PipelineID=f61d75ec-e88f-4c7b-915f-8b162c13ffa2 nodeIds: 739b2b9a-4a10-4b30-8d82-41f2f3567ae9, 1325fac8-4950-4fd4-a580-526da936db2d, 9d33b5cf-046b-45d3-8518-fd69107da003
2023-12-10 08:55:30,387 [RatisPipelineUtilsThread-0] INFO  pipeline.BackgroundPipelineCreator (BackgroundPipelineCreator.java:createPipelines(236)) - Created new pipeline Pipeline[ Id: c57ae688-d220-43e9-9321-6a927a491976, Nodes: 739b2b9a-4a10-4b30-8d82-41f2f3567ae9(fv-az1041-125/10.1.0.29)1325fac8-4950-4fd4-a580-526da936db2d(fv-az1041-125/10.1.0.29)9d33b5cf-046b-45d3-8518-fd69107da003(fv-az1041-125/10.1.0.29), ReplicationConfig: RATIS/THREE, State:ALLOCATED, leaderId:, CreationTimestamp2023-12-10T08:55:30.385Z[Etc/UTC]]
2023-12-10 08:55:30,479 [IPC Server handler 5 on default port 15002] INFO  net.NetworkTopologyImpl (NetworkTopologyImpl.java:add(124)) - Added a new node: /default-rack/8dd44b09-e567-4f6d-9d18-042062af3319
2023-12-10 08:55:30,480 [IPC Server handler 5 on default port 15002] INFO  node.SCMNodeManager (SCMNodeManager.java:register(405)) - Registered datanode: 8dd44b09-e567-4f6d-9d18-042062af3319{ip: 10.1.0.29, host: fv-az1041-125, ports: [HTTP=15117, CLIENT_RPC=15118, REPLICATION=15124, RATIS=15120, RATIS_ADMIN=15121, RATIS_SERVER=15122, RATIS_DATASTREAM=15123, STANDALONE=15119], networkLocation: /default-rack, certSerialId: null, persistedOpState: null, persistedOpStateExpiryEpochSec: 0}
2023-12-10 08:55:30,480 [EventQueue-NewNodeForNewNodeHandler] INFO  pipeline.BackgroundPipelineCreator (BackgroundPipelineCreator.java:notifyEventTriggered(280)) - trigger a one-shot run on RatisPipelineUtilsThread.
2023-12-10 08:55:30,602 [IPC Server handler 3 on default port 15002] INFO  net.NetworkTopologyImpl (NetworkTopologyImpl.java:add(124)) - Added a new node: /default-rack/69d4baa6-4398-472b-b8bb-6c5f70797a5a
2023-12-10 08:55:30,602 [IPC Server handler 3 on default port 15002] INFO  node.SCMNodeManager (SCMNodeManager.java:register(405)) - Registered datanode: 69d4baa6-4398-472b-b8bb-6c5f70797a5a{ip: 10.1.0.29, host: fv-az1041-125, ports: [HTTP=15126, CLIENT_RPC=15127, REPLICATION=15133, RATIS=15129, RATIS_ADMIN=15130, RATIS_SERVER=15131, RATIS_DATASTREAM=15132, STANDALONE=15128], networkLocation: /default-rack, certSerialId: null, persistedOpState: null, persistedOpStateExpiryEpochSec: 0}
2023-12-10 08:55:30,603 [EventQueue-NewNodeForNewNodeHandler] INFO  pipeline.BackgroundPipelineCreator (BackgroundPipelineCreator.java:notifyEventTriggered(280)) - trigger a one-shot run on RatisPipelineUtilsThread.
2023-12-10 08:55:30,603 [main] INFO  ozone.MiniOzoneClusterImpl (MiniOzoneClusterImpl.java:lambda$waitForClusterToBeReady$0(229)) - Nodes are ready. Got 14 of 14 DN Heartbeats.
2023-12-10 08:55:30,603 [main] INFO  ozone.MiniOzoneClusterImpl (MiniOzoneClusterImpl.java:lambda$waitForClusterToBeReady$0(232)) - Waiting for cluster to exit safe mode
2023-12-10 08:55:30,603 [main] INFO  ozone.MiniOzoneClusterImpl (MiniOzoneClusterImpl.java:lambda$waitForClusterToBeReady$0(234)) - SCM became leader
2023-12-10 08:55:31,603 [main] INFO  ozone.MiniOzoneClusterImpl (MiniOzoneClusterImpl.java:lambda$waitForClusterToBeReady$0(229)) - Nodes are ready. Got 14 of 14 DN Heartbeats.
2023-12-10 08:55:31,604 [main] INFO  ozone.MiniOzoneClusterImpl (MiniOzoneClusterImpl.java:lambda$waitForClusterToBeReady$0(232)) - Waiting for cluster to exit safe mode
2023-12-10 08:55:31,604 [main] INFO  ozone.MiniOzoneClusterImpl (MiniOzoneClusterImpl.java:lambda$waitForClusterToBeReady$0(234)) - SCM became leader
2023-12-10 08:55:31,998 [ceafc0c7-af9d-4de4-ae81-ea841051c606-PipelineCommandHandlerThread-0] INFO  server.RaftServer (RaftServerProxy.java:addNew(100)) - ceafc0c7-af9d-4de4-ae81-ea841051c606: addNew group-1CDC7742679F:[173e1c01-ab9b-4bd4-a1fb-1dc9b7180747|10.1.0.29:15032, edd7aebe-e713-4899-b982-ee5b12165735|10.1.0.29:15023, ceafc0c7-af9d-4de4-ae81-ea841051c606|10.1.0.29:15014] returns group-1CDC7742679F:java.util.concurrent.CompletableFuture@6be351b2[Not completed]
2023-12-10 08:55:32,006 [ceafc0c7-af9d-4de4-ae81-ea841051c606-groupManagement] INFO  server.RaftServer$Division (RaftServerImpl.java:<init>(256)) - ceafc0c7-af9d-4de4-ae81-ea841051c606: new RaftServerImpl for group-1CDC7742679F:[173e1c01-ab9b-4bd4-a1fb-1dc9b7180747|10.1.0.29:15032, edd7aebe-e713-4899-b982-ee5b12165735|10.1.0.29:15023, ceafc0c7-af9d-4de4-ae81-ea841051c606|10.1.0.29:15014] with ContainerStateMachine:uninitialized
2023-12-10 08:55:32,006 [ceafc0c7-af9d-4de4-ae81-ea841051c606-groupManagement] INFO  server.RaftServerConfigKeys (ConfUtils.java:logGet(46)) - raft.server.rpc.timeout.min = 5s (custom)
2023-12-10 08:55:32,006 [ceafc0c7-af9d-4de4-ae81-ea841051c606-groupManagement] INFO  server.RaftServerConfigKeys (ConfUtils.java:logGet(46)) - raft.server.rpc.timeout.max = 5200ms (custom)
2023-12-10 08:55:32,006 [ceafc0c7-af9d-4de4-ae81-ea841051c606-groupManagement] INFO  server.RaftServerConfigKeys (ConfUtils.java:logGet(46)) - raft.server.rpc.sleep.time = 25ms (default)
2023-12-10 08:55:32,006 [ceafc0c7-af9d-4de4-ae81-ea841051c606-groupManagement] INFO  server.RaftServerConfigKeys (ConfUtils.java:logGet(46)) - raft.server.rpc.slowness.timeout = 300s (custom)
2023-12-10 08:55:32,006 [ceafc0c7-af9d-4de4-ae81-ea841051c606-groupManagement] INFO  server.RaftServerConfigKeys (ConfUtils.java:logGet(46)) - raft.server.leaderelection.leader.step-down.wait-time = 10s (default)
2023-12-10 08:55:32,006 [ceafc0c7-af9d-4de4-ae81-ea841051c606-groupManagement] INFO  server.RaftServerConfigKeys (ConfUtils.java:logGet(46)) - raft.server.leaderelection.member.majority-add = false (default)
2023-12-10 08:55:32,006 [ceafc0c7-af9d-4de4-ae81-ea841051c606-groupManagement] INFO  server.RaftServerConfigKeys (ConfUtils.java:logGet(46)) - raft.server.sleep.deviation.threshold = 300ms (default)
2023-12-10 08:55:32,006 [ceafc0c7-af9d-4de4-ae81-ea841051c606-groupManagement] INFO  server.RaftServer$Division (ServerState.java:<init>(113)) - ceafc0c7-af9d-4de4-ae81-ea841051c606@group-1CDC7742679F: ConfigurationManager, init=-1: peers:[173e1c01-ab9b-4bd4-a1fb-1dc9b7180747|10.1.0.29:15032, edd7aebe-e713-4899-b982-ee5b12165735|10.1.0.29:15023, ceafc0c7-af9d-4de4-ae81-ea841051c606|10.1.0.29:15014]|listeners:[], old=null, confs=<EMPTY_MAP>
2023-12-10 08:55:32,007 [ceafc0c7-af9d-4de4-ae81-ea841051c606-groupManagement] INFO  server.RaftServerConfigKeys (ConfUtils.java:logGet(46)) - raft.server.notification.no-leader.timeout = 300s (custom)
2023-12-10 08:55:32,007 [ceafc0c7-af9d-4de4-ae81-ea841051c606-groupManagement] INFO  server.RaftServerConfigKeys (ConfUtils.java:logGet(46)) - raft.server.read.timeout = 10s (default)
2023-12-10 08:55:32,007 [ceafc0c7-af9d-4de4-ae81-ea841051c606-groupManagement] INFO  server.RaftServerConfigKeys (ConfUtils.java:logGet(46)) - raft.server.retrycache.expirytime = 600000ms (custom)
2023-12-10 08:55:32,007 [ceafc0c7-af9d-4de4-ae81-ea841051c606-groupManagement] INFO  server.RaftServerConfigKeys (ConfUtils.java:logGet(46)) - raft.server.retrycache.statistics.expirytime = 100ms (default)
2023-12-10 08:55:32,007 [ceafc0c7-af9d-4de4-ae81-ea841051c606-groupManagement] INFO  server.RaftServerConfigKeys (ConfUtils.java:logGet(46)) - raft.server.read.option = DEFAULT (default)
2023-12-10 08:55:32,007 [ceafc0c7-af9d-4de4-ae81-ea841051c606-groupManagement] INFO  server.RaftServerConfigKeys (ConfUtils.java:logGet(46)) - raft.server.read.read-after-write-consistent.write-index-cache.expiry-time = 60s (default)
2023-12-10 08:55:32,019 [ceafc0c7-af9d-4de4-ae81-ea841051c606-groupManagement] INFO  server.RaftServerConfigKeys (ConfUtils.java:logGet(46)) - raft.server.rpc.request.timeout = 60s (custom)
2023-12-10 08:55:32,019 [ceafc0c7-af9d-4de4-ae81-ea841051c606-groupManagement] INFO  server.RaftServerConfigKeys (ConfUtils.java:logGet(46)) - raft.server.log.appender.install.snapshot.enabled = false (custom)
2023-12-10 08:55:32,019 [ceafc0c7-af9d-4de4-ae81-ea841051c606-groupManagement] INFO  server.RaftServerConfigKeys (ConfUtils.java:logGet(46)) - raft.server.threadpool.server.cached = true (default)
2023-12-10 08:55:32,019 [ceafc0c7-af9d-4de4-ae81-ea841051c606-groupManagement] INFO  server.RaftServerConfigKeys (ConfUtils.java:logGet(46)) - raft.server.threadpool.server.size = 0 (default)
2023-12-10 08:55:32,019 [ceafc0c7-af9d-4de4-ae81-ea841051c606-groupManagement] INFO  server.RaftServerConfigKeys (ConfUtils.java:logGet(46)) - raft.server.threadpool.client.cached = true (default)
2023-12-10 08:55:32,019 [ceafc0c7-af9d-4de4-ae81-ea841051c606-groupManagement] INFO  server.RaftServerConfigKeys (ConfUtils.java:logGet(46)) - raft.server.threadpool.client.size = 0 (default)
2023-12-10 08:55:32,019 [ceafc0c7-af9d-4de4-ae81-ea841051c606-groupManagement] INFO  server.RaftServerConfigKeys (ConfUtils.java:logGet(46)) - raft.server.storage.free-space.min = 0MB (=0) (default)
2023-12-10 08:55:32,019 [ceafc0c7-af9d-4de4-ae81-ea841051c606-groupManagement] INFO  server.RaftServerConfigKeys (ConfUtils.java:logGet(46)) - raft.server.log.corruption.policy = EXCEPTION (default)
2023-12-10 08:55:32,019 [ceafc0c7-af9d-4de4-ae81-ea841051c606-groupManagement] INFO  server.RaftServerConfigKeys (ConfUtils.java:logGet(46)) - raft.server.storage.dir = [/home/runner/work/ozone/ozone/hadoop-ozone/integration-test/target/test-dir/MiniOzoneClusterImpl-7f66dfcd-4d84-4460-b9fe-211923c7b7bb/datanode-0/data/ratis] (custom)
2023-12-10 08:55:32,020 [ceafc0c7-af9d-4de4-ae81-ea841051c606-groupManagement] INFO  storage.RaftStorageDirectory (RaftStorageDirectoryImpl.java:analyzeStorage(138)) - The storage directory /home/runner/work/ozone/ozone/hadoop-ozone/integration-test/target/test-dir/MiniOzoneClusterImpl-7f66dfcd-4d84-4460-b9fe-211923c7b7bb/datanode-0/data/ratis/3ddc4401-8e2f-411b-861a-1cdc7742679f does not exist. Creating ...
2023-12-10 08:55:32,021 [ceafc0c7-af9d-4de4-ae81-ea841051c606-groupManagement] INFO  storage.RaftStorageDirectory (RaftStorageDirectoryImpl.java:tryLock(232)) - Lock on /home/runner/work/ozone/ozone/hadoop-ozone/integration-test/target/test-dir/MiniOzoneClusterImpl-7f66dfcd-4d84-4460-b9fe-211923c7b7bb/datanode-0/data/ratis/3ddc4401-8e2f-411b-861a-1cdc7742679f/in_use.lock acquired by nodename 49456@fv-az1041-125
2023-12-10 08:55:32,026 [ceafc0c7-af9d-4de4-ae81-ea841051c606-groupManagement] INFO  storage.RaftStorage (RaftStorageImpl.java:format(97)) - Storage directory /home/runner/work/ozone/ozone/hadoop-ozone/integration-test/target/test-dir/MiniOzoneClusterImpl-7f66dfcd-4d84-4460-b9fe-211923c7b7bb/datanode-0/data/ratis/3ddc4401-8e2f-411b-861a-1cdc7742679f has been successfully formatted.
2023-12-10 08:55:32,032 [ceafc0c7-af9d-4de4-ae81-ea841051c606-groupManagement] INFO  ratis.ContainerStateMachine (ContainerStateMachine.java:loadSnapshot(269)) - group-1CDC7742679F: The snapshot info is null. Setting the last applied indexto:(t:0, i:~)
2023-12-10 08:55:32,032 [ceafc0c7-af9d-4de4-ae81-ea841051c606-groupManagement] INFO  server.RaftServerConfigKeys (ConfUtils.java:logGet(46)) - raft.server.log.use.memory = false (default)
2023-12-10 08:55:32,032 [ceafc0c7-af9d-4de4-ae81-ea841051c606-groupManagement] INFO  server.RaftServerConfigKeys (ConfUtils.java:logGet(46)) - raft.server.log.purge.gap = 1000000 (custom)
2023-12-10 08:55:32,032 [ceafc0c7-af9d-4de4-ae81-ea841051c606-groupManagement] INFO  server.RaftServerConfigKeys (ConfUtils.java:logGet(46)) - raft.server.log.appender.buffer.byte-limit = 8388608 (custom)
2023-12-10 08:55:32,032 [ceafc0c7-af9d-4de4-ae81-ea841051c606-groupManagement] INFO  server.RaftServerConfigKeys (ConfUtils.java:logGet(46)) - raft.server.log.statemachine.data.read.timeout = 1000ms (default)
2023-12-10 08:55:32,032 [ceafc0c7-af9d-4de4-ae81-ea841051c606-groupManagement] INFO  server.RaftServerConfigKeys (ConfUtils.java:logGet(46)) - raft.server.log.purge.preservation.log.num = 0 (default)
2023-12-10 08:55:32,037 [ceafc0c7-af9d-4de4-ae81-ea841051c606-groupManagement] INFO  server.RaftServerConfigKeys (ConfUtils.java:logGet(46)) - raft.server.log.segment.size.max = 67108864 (custom)
2023-12-10 08:55:32,038 [ceafc0c7-af9d-4de4-ae81-ea841051c606-groupManagement] INFO  server.RaftServerConfigKeys (ConfUtils.java:logGet(46)) - raft.server.log.segment.cache.num.max = 2 (custom)
2023-12-10 08:55:32,038 [ceafc0c7-af9d-4de4-ae81-ea841051c606-groupManagement] INFO  server.RaftServerConfigKeys (ConfUtils.java:logGet(46)) - raft.server.log.segment.cache.size.max = 200MB (=209715200) (default)
2023-12-10 08:55:32,039 [ceafc0c7-af9d-4de4-ae81-ea841051c606-groupManagement] INFO  server.RaftServerConfigKeys (ConfUtils.java:logGet(46)) - raft.server.log.appender.buffer.byte-limit = 8388608 (custom)
2023-12-10 08:55:32,039 [ceafc0c7-af9d-4de4-ae81-ea841051c606-groupManagement] INFO  util.AwaitToRun (AwaitToRun.java:start(81)) - Thread[ceafc0c7-af9d-4de4-ae81-ea841051c606@group-1CDC7742679F-cacheEviction-AwaitToRun,5,main] started
2023-12-10 08:55:32,039 [ceafc0c7-af9d-4de4-ae81-ea841051c606-groupManagement] INFO  segmented.SegmentedRaftLogWorker (SegmentedRaftLogWorker.java:<init>(184)) - new ceafc0c7-af9d-4de4-ae81-ea841051c606@group-1CDC7742679F-SegmentedRaftLogWorker for RaftStorageImpl:Storage Directory /home/runner/work/ozone/ozone/hadoop-ozone/integration-test/target/test-dir/MiniOzoneClusterImpl-7f66dfcd-4d84-4460-b9fe-211923c7b7bb/datanode-0/data/ratis/3ddc4401-8e2f-411b-861a-1cdc7742679f
2023-12-10 08:55:32,039 [ceafc0c7-af9d-4de4-ae81-ea841051c606-groupManagement] INFO  server.RaftServerConfigKeys (ConfUtils.java:logGet(46)) - raft.server.log.queue.byte-limit = 4294967296 (custom)
2023-12-10 08:55:32,039 [ceafc0c7-af9d-4de4-ae81-ea841051c606-groupManagement] INFO  server.RaftServerConfigKeys (ConfUtils.java:logGet(46)) - raft.server.log.queue.element-limit = 1024 (custom)
2023-12-10 08:55:32,039 [ceafc0c7-af9d-4de4-ae81-ea841051c606-groupManagement] INFO  server.RaftServerConfigKeys (ConfUtils.java:logGet(46)) - raft.server.log.segment.size.max = 67108864 (custom)
2023-12-10 08:55:32,039 [ceafc0c7-af9d-4de4-ae81-ea841051c606-groupManagement] INFO  server.RaftServerConfigKeys (ConfUtils.java:logGet(46)) - raft.server.log.preallocated.size = 4194304 (custom)
2023-12-10 08:55:32,039 [ceafc0c7-af9d-4de4-ae81-ea841051c606-groupManagement] INFO  server.RaftServerConfigKeys (ConfUtils.java:logGet(46)) - raft.server.log.force.sync.num = 128 (default)
2023-12-10 08:55:32,039 [ceafc0c7-af9d-4de4-ae81-ea841051c606-groupManagement] INFO  server.RaftServerConfigKeys (ConfUtils.java:logGet(46)) - raft.server.log.statemachine.data.sync = true (default)
2023-12-10 08:55:32,039 [ceafc0c7-af9d-4de4-ae81-ea841051c606-groupManagement] INFO  server.RaftServerConfigKeys (ConfUtils.java:logGet(46)) - raft.server.log.statemachine.data.sync.timeout = 10s (default)
2023-12-10 08:55:32,040 [ceafc0c7-af9d-4de4-ae81-ea841051c606-groupManagement] INFO  server.RaftServerConfigKeys (ConfUtils.java:logGet(46)) - raft.server.log.statemachine.data.sync.timeout.retry = 0 (custom)
2023-12-10 08:55:32,040 [ceafc0c7-af9d-4de4-ae81-ea841051c606-groupManagement] INFO  server.RaftServerConfigKeys (ConfUtils.java:logGet(46)) - raft.server.log.write.buffer.size = 8388616 (custom)
2023-12-10 08:55:32,042 [ceafc0c7-af9d-4de4-ae81-ea841051c606-groupManagement] INFO  server.RaftServerConfigKeys (ConfUtils.java:logGet(46)) - raft.server.log.appender.buffer.byte-limit = 8388608 (custom)
2023-12-10 08:55:32,043 [ceafc0c7-af9d-4de4-ae81-ea841051c606-groupManagement] INFO  server.RaftServerConfigKeys (ConfUtils.java:logGet(46)) - raft.server.log.unsafe-flush.enabled = false (default)
2023-12-10 08:55:32,044 [ceafc0c7-af9d-4de4-ae81-ea841051c606-groupManagement] INFO  server.RaftServerConfigKeys (ConfUtils.java:logGet(46)) - raft.server.log.async-flush.enabled = false (default)
2023-12-10 08:55:32,044 [ceafc0c7-af9d-4de4-ae81-ea841051c606-groupManagement] INFO  server.RaftServerConfigKeys (ConfUtils.java:logGet(46)) - raft.server.log.statemachine.data.caching.enabled = true (custom)
2023-12-10 08:55:32,044 [ceafc0c7-af9d-4de4-ae81-ea841051c606-groupManagement] INFO  segmented.SegmentedRaftLogWorker (SegmentedRaftLogWorker.java:lambda$new$0(135)) - ceafc0c7-af9d-4de4-ae81-ea841051c606@group-1CDC7742679F-SegmentedRaftLogWorker: flushIndex: setUnconditionally 0 -> -1
2023-12-10 08:55:32,044 [ceafc0c7-af9d-4de4-ae81-ea841051c606-groupManagement] INFO  segmented.SegmentedRaftLogWorker (SegmentedRaftLogWorker.java:lambda$new$0(135)) - ceafc0c7-af9d-4de4-ae81-ea841051c606@group-1CDC7742679F-SegmentedRaftLogWorker: safeCacheEvictIndex: setUnconditionally 0 -> -1
2023-12-10 08:55:32,046 [ceafc0c7-af9d-4de4-ae81-ea841051c606-groupManagement] INFO  server.RaftServer$Division (RaftServerImpl.java:start(392)) - ceafc0c7-af9d-4de4-ae81-ea841051c606@group-1CDC7742679F: start as a follower, conf=-1: peers:[173e1c01-ab9b-4bd4-a1fb-1dc9b7180747|10.1.0.29:15032, edd7aebe-e713-4899-b982-ee5b12165735|10.1.0.29:15023, ceafc0c7-af9d-4de4-ae81-ea841051c606|10.1.0.29:15014]|listeners:[], old=null
2023-12-10 08:55:32,046 [ceafc0c7-af9d-4de4-ae81-ea841051c606-groupManagement] INFO  server.RaftServer$Division (RaftServerImpl.java:setRole(379)) - ceafc0c7-af9d-4de4-ae81-ea841051c606@group-1CDC7742679F: changes role from      null to FOLLOWER at term 0 for startAsFollower
2023-12-10 08:55:32,046 [ceafc0c7-af9d-4de4-ae81-ea841051c606-groupManagement] INFO  impl.RoleInfo (RoleInfo.java:updateAndGet(139)) - ceafc0c7-af9d-4de4-ae81-ea841051c606: start ceafc0c7-af9d-4de4-ae81-ea841051c606@group-1CDC7742679F-FollowerState
2023-12-10 08:55:32,046 [ceafc0c7-af9d-4de4-ae81-ea841051c606@group-1CDC7742679F-FollowerState] INFO  server.RaftServerConfigKeys (ConfUtils.java:logFallback(53)) - raft.server.rpc.first-election.timeout.min = 5s (fallback to raft.server.rpc.timeout.min)
2023-12-10 08:55:32,046 [ceafc0c7-af9d-4de4-ae81-ea841051c606-groupManagement] INFO  util.JmxRegister (JmxRegister.java:tryRegister(44)) - Successfully registered JMX Bean with object name Ratis:service=RaftServer,group=group-1CDC7742679F,id=ceafc0c7-af9d-4de4-ae81-ea841051c606
2023-12-10 08:55:32,046 [ceafc0c7-af9d-4de4-ae81-ea841051c606@group-1CDC7742679F-FollowerState] INFO  server.RaftServerConfigKeys (ConfUtils.java:logFallback(53)) - raft.server.rpc.first-election.timeout.max = 5200ms (fallback to raft.server.rpc.timeout.max)
2023-12-10 08:55:32,046 [ceafc0c7-af9d-4de4-ae81-ea841051c606-groupManagement] INFO  server.RaftServerConfigKeys (ConfUtils.java:logGet(46)) - raft.server.snapshot.trigger-when-stop.enabled = true (default)
2023-12-10 08:55:32,046 [ceafc0c7-af9d-4de4-ae81-ea841051c606-groupManagement] INFO  server.RaftServerConfigKeys (ConfUtils.java:logGet(46)) - raft.server.snapshot.auto.trigger.enabled = true (custom)
2023-12-10 08:55:32,047 [ceafc0c7-af9d-4de4-ae81-ea841051c606-groupManagement] INFO  server.RaftServerConfigKeys (ConfUtils.java:logGet(46)) - raft.server.snapshot.auto.trigger.threshold = 10000 (custom)
2023-12-10 08:55:32,047 [ceafc0c7-af9d-4de4-ae81-ea841051c606-groupManagement] INFO  server.RaftServerConfigKeys (ConfUtils.java:logGet(46)) - raft.server.snapshot.retention.file.num = 5 (custom)
2023-12-10 08:55:32,047 [ceafc0c7-af9d-4de4-ae81-ea841051c606-groupManagement] INFO  server.RaftServerConfigKeys (ConfUtils.java:logGet(46)) - raft.server.log.purge.upto.snapshot.index = false (default)
2023-12-10 08:55:32,054 [ceafc0c7-af9d-4de4-ae81-ea841051c606-PipelineCommandHandlerThread-0] INFO  ratis.XceiverServerRatis (XceiverServerRatis.java:addGroup(837)) - Created group PipelineID=3ddc4401-8e2f-411b-861a-1cdc7742679f
2023-12-10 08:55:32,120 [edd7aebe-e713-4899-b982-ee5b12165735-PipelineCommandHandlerThread-0] INFO  server.RaftServer (RaftServerProxy.java:addNew(100)) - edd7aebe-e713-4899-b982-ee5b12165735: addNew group-1CDC7742679F:[173e1c01-ab9b-4bd4-a1fb-1dc9b7180747|10.1.0.29:15032, edd7aebe-e713-4899-b982-ee5b12165735|10.1.0.29:15023, ceafc0c7-af9d-4de4-ae81-ea841051c606|10.1.0.29:15014] returns group-1CDC7742679F:java.util.concurrent.CompletableFuture@4431350[Not completed]
2023-12-10 08:55:32,121 [edd7aebe-e713-4899-b982-ee5b12165735-groupManagement] INFO  server.RaftServer$Division (RaftServerImpl.java:<init>(256)) - edd7aebe-e713-4899-b982-ee5b12165735: new RaftServerImpl for group-1CDC7742679F:[173e1c01-ab9b-4bd4-a1fb-1dc9b7180747|10.1.0.29:15032, edd7aebe-e713-4899-b982-ee5b12165735|10.1.0.29:15023, ceafc0c7-af9d-4de4-ae81-ea841051c606|10.1.0.29:15014] with ContainerStateMachine:uninitialized
2023-12-10 08:55:32,121 [edd7aebe-e713-4899-b982-ee5b12165735-groupManagement] INFO  server.RaftServerConfigKeys (ConfUtils.java:logGet(46)) - raft.server.rpc.timeout.min = 5s (custom)
2023-12-10 08:55:32,121 [edd7aebe-e713-4899-b982-ee5b12165735-groupManagement] INFO  server.RaftServerConfigKeys (ConfUtils.java:logGet(46)) - raft.server.rpc.timeout.max = 5200ms (custom)
2023-12-10 08:55:32,121 [edd7aebe-e713-4899-b982-ee5b12165735-groupManagement] INFO  server.RaftServerConfigKeys (ConfUtils.java:logGet(46)) - raft.server.rpc.sleep.time = 25ms (default)
2023-12-10 08:55:32,121 [edd7aebe-e713-4899-b982-ee5b12165735-groupManagement] INFO  server.RaftServerConfigKeys (ConfUtils.java:logGet(46)) - raft.server.rpc.slowness.timeout = 300s (custom)
2023-12-10 08:55:32,121 [edd7aebe-e713-4899-b982-ee5b12165735-groupManagement] INFO  server.RaftServerConfigKeys (ConfUtils.java:logGet(46)) - raft.server.leaderelection.leader.step-down.wait-time = 10s (default)
2023-12-10 08:55:32,122 [edd7aebe-e713-4899-b982-ee5b12165735-groupManagement] INFO  server.RaftServerConfigKeys (ConfUtils.java:logGet(46)) - raft.server.leaderelection.member.majority-add = false (default)
2023-12-10 08:55:32,122 [edd7aebe-e713-4899-b982-ee5b12165735-groupManagement] INFO  server.RaftServerConfigKeys (ConfUtils.java:logGet(46)) - raft.server.sleep.deviation.threshold = 300ms (default)
2023-12-10 08:55:32,122 [edd7aebe-e713-4899-b982-ee5b12165735-groupManagement] INFO  server.RaftServer$Division (ServerState.java:<init>(113)) - edd7aebe-e713-4899-b982-ee5b12165735@group-1CDC7742679F: ConfigurationManager, init=-1: peers:[173e1c01-ab9b-4bd4-a1fb-1dc9b7180747|10.1.0.29:15032, edd7aebe-e713-4899-b982-ee5b12165735|10.1.0.29:15023, ceafc0c7-af9d-4de4-ae81-ea841051c606|10.1.0.29:15014]|listeners:[], old=null, confs=<EMPTY_MAP>
2023-12-10 08:55:32,122 [edd7aebe-e713-4899-b982-ee5b12165735-groupManagement] INFO  server.RaftServerConfigKeys (ConfUtils.java:logGet(46)) - raft.server.notification.no-leader.timeout = 300s (custom)
2023-12-10 08:55:32,122 [edd7aebe-e713-4899-b982-ee5b12165735-groupManagement] INFO  server.RaftServerConfigKeys (ConfUtils.java:logGet(46)) - raft.server.read.timeout = 10s (default)
2023-12-10 08:55:32,122 [edd7aebe-e713-4899-b982-ee5b12165735-groupManagement] INFO  server.RaftServerConfigKeys (ConfUtils.java:logGet(46)) - raft.server.retrycache.expirytime = 600000ms (custom)
2023-12-10 08:55:32,122 [edd7aebe-e713-4899-b982-ee5b12165735-groupManagement] INFO  server.RaftServerConfigKeys (ConfUtils.java:logGet(46)) - raft.server.retrycache.statistics.expirytime = 100ms (default)
2023-12-10 08:55:32,122 [edd7aebe-e713-4899-b982-ee5b12165735-groupManagement] INFO  server.RaftServerConfigKeys (ConfUtils.java:logGet(46)) - raft.server.read.option = DEFAULT (default)
2023-12-10 08:55:32,122 [edd7aebe-e713-4899-b982-ee5b12165735-groupManagement] INFO  server.RaftServerConfigKeys (ConfUtils.java:logGet(46)) - raft.server.read.read-after-write-consistent.write-index-cache.expiry-time = 60s (default)
2023-12-10 08:55:32,131 [edd7aebe-e713-4899-b982-ee5b12165735-groupManagement] INFO  server.RaftServerConfigKeys (ConfUtils.java:logGet(46)) - raft.server.rpc.request.timeout = 60s (custom)
2023-12-10 08:55:32,131 [edd7aebe-e713-4899-b982-ee5b12165735-groupManagement] INFO  server.RaftServerConfigKeys (ConfUtils.java:logGet(46)) - raft.server.log.appender.install.snapshot.enabled = false (custom)
2023-12-10 08:55:32,131 [edd7aebe-e713-4899-b982-ee5b12165735-groupManagement] INFO  server.RaftServerConfigKeys (ConfUtils.java:logGet(46)) - raft.server.threadpool.server.cached = true (default)
2023-12-10 08:55:32,131 [edd7aebe-e713-4899-b982-ee5b12165735-groupManagement] INFO  server.RaftServerConfigKeys (ConfUtils.java:logGet(46)) - raft.server.threadpool.server.size = 0 (default)
2023-12-10 08:55:32,131 [edd7aebe-e713-4899-b982-ee5b12165735-groupManagement] INFO  server.RaftServerConfigKeys (ConfUtils.java:logGet(46)) - raft.server.threadpool.client.cached = true (default)
2023-12-10 08:55:32,131 [edd7aebe-e713-4899-b982-ee5b12165735-groupManagement] INFO  server.RaftServerConfigKeys (ConfUtils.java:logGet(46)) - raft.server.threadpool.client.size = 0 (default)
2023-12-10 08:55:32,131 [edd7aebe-e713-4899-b982-ee5b12165735-groupManagement] INFO  server.RaftServerConfigKeys (ConfUtils.java:logGet(46)) - raft.server.storage.free-space.min = 0MB (=0) (default)
2023-12-10 08:55:32,131 [edd7aebe-e713-4899-b982-ee5b12165735-groupManagement] INFO  server.RaftServerConfigKeys (ConfUtils.java:logGet(46)) - raft.server.log.corruption.policy = EXCEPTION (default)
2023-12-10 08:55:32,131 [edd7aebe-e713-4899-b982-ee5b12165735-groupManagement] INFO  server.RaftServerConfigKeys (ConfUtils.java:logGet(46)) - raft.server.storage.dir = [/home/runner/work/ozone/ozone/hadoop-ozone/integration-test/target/test-dir/MiniOzoneClusterImpl-7f66dfcd-4d84-4460-b9fe-211923c7b7bb/datanode-1/data/ratis] (custom)
2023-12-10 08:55:32,132 [edd7aebe-e713-4899-b982-ee5b12165735-groupManagement] INFO  storage.RaftStorageDirectory (RaftStorageDirectoryImpl.java:analyzeStorage(138)) - The storage directory /home/runner/work/ozone/ozone/hadoop-ozone/integration-test/target/test-dir/MiniOzoneClusterImpl-7f66dfcd-4d84-4460-b9fe-211923c7b7bb/datanode-1/data/ratis/3ddc4401-8e2f-411b-861a-1cdc7742679f does not exist. Creating ...
2023-12-10 08:55:32,133 [edd7aebe-e713-4899-b982-ee5b12165735-groupManagement] INFO  storage.RaftStorageDirectory (RaftStorageDirectoryImpl.java:tryLock(232)) - Lock on /home/runner/work/ozone/ozone/hadoop-ozone/integration-test/target/test-dir/MiniOzoneClusterImpl-7f66dfcd-4d84-4460-b9fe-211923c7b7bb/datanode-1/data/ratis/3ddc4401-8e2f-411b-861a-1cdc7742679f/in_use.lock acquired by nodename 49456@fv-az1041-125
2023-12-10 08:55:32,134 [edd7aebe-e713-4899-b982-ee5b12165735-groupManagement] INFO  storage.RaftStorage (RaftStorageImpl.java:format(97)) - Storage directory /home/runner/work/ozone/ozone/hadoop-ozone/integration-test/target/test-dir/MiniOzoneClusterImpl-7f66dfcd-4d84-4460-b9fe-211923c7b7bb/datanode-1/data/ratis/3ddc4401-8e2f-411b-861a-1cdc7742679f has been successfully formatted.
2023-12-10 08:55:32,135 [edd7aebe-e713-4899-b982-ee5b12165735-groupManagement] INFO  ratis.ContainerStateMachine (ContainerStateMachine.java:loadSnapshot(269)) - group-1CDC7742679F: The snapshot info is null. Setting the last applied indexto:(t:0, i:~)
2023-12-10 08:55:32,136 [edd7aebe-e713-4899-b982-ee5b12165735-groupManagement] INFO  server.RaftServerConfigKeys (ConfUtils.java:logGet(46)) - raft.server.log.use.memory = false (default)
2023-12-10 08:55:32,136 [edd7aebe-e713-4899-b982-ee5b12165735-groupManagement] INFO  server.RaftServerConfigKeys (ConfUtils.java:logGet(46)) - raft.server.log.purge.gap = 1000000 (custom)
2023-12-10 08:55:32,136 [edd7aebe-e713-4899-b982-ee5b12165735-groupManagement] INFO  server.RaftServerConfigKeys (ConfUtils.java:logGet(46)) - raft.server.log.appender.buffer.byte-limit = 8388608 (custom)
2023-12-10 08:55:32,136 [edd7aebe-e713-4899-b982-ee5b12165735-groupManagement] INFO  server.RaftServerConfigKeys (ConfUtils.java:logGet(46)) - raft.server.log.statemachine.data.read.timeout = 1000ms (default)
2023-12-10 08:55:32,136 [edd7aebe-e713-4899-b982-ee5b12165735-groupManagement] INFO  server.RaftServerConfigKeys (ConfUtils.java:logGet(46)) - raft.server.log.purge.preservation.log.num = 0 (default)
2023-12-10 08:55:32,142 [edd7aebe-e713-4899-b982-ee5b12165735-groupManagement] INFO  server.RaftServerConfigKeys (ConfUtils.java:logGet(46)) - raft.server.log.segment.size.max = 67108864 (custom)
2023-12-10 08:55:32,142 [edd7aebe-e713-4899-b982-ee5b12165735-groupManagement] INFO  server.RaftServerConfigKeys (ConfUtils.java:logGet(46)) - raft.server.log.segment.cache.num.max = 2 (custom)
2023-12-10 08:55:32,143 [edd7aebe-e713-4899-b982-ee5b12165735-groupManagement] INFO  server.RaftServerConfigKeys (ConfUtils.java:logGet(46)) - raft.server.log.segment.cache.size.max = 200MB (=209715200) (default)
2023-12-10 08:55:32,143 [edd7aebe-e713-4899-b982-ee5b12165735-groupManagement] INFO  server.RaftServerConfigKeys (ConfUtils.java:logGet(46)) - raft.server.log.appender.buffer.byte-limit = 8388608 (custom)
2023-12-10 08:55:32,143 [edd7aebe-e713-4899-b982-ee5b12165735-groupManagement] INFO  util.AwaitToRun (AwaitToRun.java:start(81)) - Thread[edd7aebe-e713-4899-b982-ee5b12165735@group-1CDC7742679F-cacheEviction-AwaitToRun,5,main] started
2023-12-10 08:55:32,147 [edd7aebe-e713-4899-b982-ee5b12165735-groupManagement] INFO  segmented.SegmentedRaftLogWorker (SegmentedRaftLogWorker.java:<init>(184)) - new edd7aebe-e713-4899-b982-ee5b12165735@group-1CDC7742679F-SegmentedRaftLogWorker for RaftStorageImpl:Storage Directory /home/runner/work/ozone/ozone/hadoop-ozone/integration-test/target/test-dir/MiniOzoneClusterImpl-7f66dfcd-4d84-4460-b9fe-211923c7b7bb/datanode-1/data/ratis/3ddc4401-8e2f-411b-861a-1cdc7742679f
2023-12-10 08:55:32,147 [edd7aebe-e713-4899-b982-ee5b12165735-groupManagement] INFO  server.RaftServerConfigKeys (ConfUtils.java:logGet(46)) - raft.server.log.queue.byte-limit = 4294967296 (custom)
2023-12-10 08:55:32,147 [edd7aebe-e713-4899-b982-ee5b12165735-groupManagement] INFO  server.RaftServerConfigKeys (ConfUtils.java:logGet(46)) - raft.server.log.queue.element-limit = 1024 (custom)
2023-12-10 08:55:32,147 [edd7aebe-e713-4899-b982-ee5b12165735-groupManagement] INFO  server.RaftServerConfigKeys (ConfUtils.java:logGet(46)) - raft.server.log.segment.size.max = 67108864 (custom)
2023-12-10 08:55:32,147 [edd7aebe-e713-4899-b982-ee5b12165735-groupManagement] INFO  server.RaftServerConfigKeys (ConfUtils.java:logGet(46)) - raft.server.log.preallocated.size = 4194304 (custom)
2023-12-10 08:55:32,147 [edd7aebe-e713-4899-b982-ee5b12165735-groupManagement] INFO  server.RaftServerConfigKeys (ConfUtils.java:logGet(46)) - raft.server.log.force.sync.num = 128 (default)
2023-12-10 08:55:32,147 [edd7aebe-e713-4899-b982-ee5b12165735-groupManagement] INFO  server.RaftServerConfigKeys (ConfUtils.java:logGet(46)) - raft.server.log.statemachine.data.sync = true (default)
2023-12-10 08:55:32,147 [edd7aebe-e713-4899-b982-ee5b12165735-groupManagement] INFO  server.RaftServerConfigKeys (ConfUtils.java:logGet(46)) - raft.server.log.statemachine.data.sync.timeout = 10s (default)
2023-12-10 08:55:32,147 [edd7aebe-e713-4899-b982-ee5b12165735-groupManagement] INFO  server.RaftServerConfigKeys (ConfUtils.java:logGet(46)) - raft.server.log.statemachine.data.sync.timeout.retry = 0 (custom)
2023-12-10 08:55:32,148 [edd7aebe-e713-4899-b982-ee5b12165735-groupManagement] INFO  server.RaftServerConfigKeys (ConfUtils.java:logGet(46)) - raft.server.log.write.buffer.size = 8388616 (custom)
2023-12-10 08:55:32,150 [edd7aebe-e713-4899-b982-ee5b12165735-groupManagement] INFO  server.RaftServerConfigKeys (ConfUtils.java:logGet(46)) - raft.server.log.appender.buffer.byte-limit = 8388608 (custom)
2023-12-10 08:55:32,151 [edd7aebe-e713-4899-b982-ee5b12165735-groupManagement] INFO  server.RaftServerConfigKeys (ConfUtils.java:logGet(46)) - raft.server.log.unsafe-flush.enabled = false (default)
2023-12-10 08:55:32,151 [edd7aebe-e713-4899-b982-ee5b12165735-groupManagement] INFO  server.RaftServerConfigKeys (ConfUtils.java:logGet(46)) - raft.server.log.async-flush.enabled = false (default)
2023-12-10 08:55:32,151 [edd7aebe-e713-4899-b982-ee5b12165735-groupManagement] INFO  server.RaftServerConfigKeys (ConfUtils.java:logGet(46)) - raft.server.log.statemachine.data.caching.enabled = true (custom)
2023-12-10 08:55:32,151 [edd7aebe-e713-4899-b982-ee5b12165735-groupManagement] INFO  segmented.SegmentedRaftLogWorker (SegmentedRaftLogWorker.java:lambda$new$0(135)) - edd7aebe-e713-4899-b982-ee5b12165735@group-1CDC7742679F-SegmentedRaftLogWorker: flushIndex: setUnconditionally 0 -> -1
2023-12-10 08:55:32,151 [edd7aebe-e713-4899-b982-ee5b12165735-groupManagement] INFO  segmented.SegmentedRaftLogWorker (SegmentedRaftLogWorker.java:lambda$new$0(135)) - edd7aebe-e713-4899-b982-ee5b12165735@group-1CDC7742679F-SegmentedRaftLogWorker: safeCacheEvictIndex: setUnconditionally 0 -> -1
2023-12-10 08:55:32,153 [edd7aebe-e713-4899-b982-ee5b12165735-groupManagement] INFO  server.RaftServer$Division (RaftServerImpl.java:start(392)) - edd7aebe-e713-4899-b982-ee5b12165735@group-1CDC7742679F: start as a follower, conf=-1: peers:[173e1c01-ab9b-4bd4-a1fb-1dc9b7180747|10.1.0.29:15032, edd7aebe-e713-4899-b982-ee5b12165735|10.1.0.29:15023, ceafc0c7-af9d-4de4-ae81-ea841051c606|10.1.0.29:15014]|listeners:[], old=null
2023-12-10 08:55:32,153 [edd7aebe-e713-4899-b982-ee5b12165735-groupManagement] INFO  server.RaftServer$Division (RaftServerImpl.java:setRole(379)) - edd7aebe-e713-4899-b982-ee5b12165735@group-1CDC7742679F: changes role from      null to FOLLOWER at term 0 for startAsFollower
2023-12-10 08:55:32,153 [edd7aebe-e713-4899-b982-ee5b12165735-groupManagement] INFO  impl.RoleInfo (RoleInfo.java:updateAndGet(139)) - edd7aebe-e713-4899-b982-ee5b12165735: start edd7aebe-e713-4899-b982-ee5b12165735@group-1CDC7742679F-FollowerState
2023-12-10 08:55:32,154 [edd7aebe-e713-4899-b982-ee5b12165735@group-1CDC7742679F-FollowerState] INFO  server.RaftServerConfigKeys (ConfUtils.java:logFallback(53)) - raft.server.rpc.first-election.timeout.min = 5s (fallback to raft.server.rpc.timeout.min)
2023-12-10 08:55:32,154 [edd7aebe-e713-4899-b982-ee5b12165735-groupManagement] INFO  util.JmxRegister (JmxRegister.java:tryRegister(44)) - Successfully registered JMX Bean with object name Ratis:service=RaftServer,group=group-1CDC7742679F,id=edd7aebe-e713-4899-b982-ee5b12165735
2023-12-10 08:55:32,156 [edd7aebe-e713-4899-b982-ee5b12165735-groupManagement] INFO  server.RaftServerConfigKeys (ConfUtils.java:logGet(46)) - raft.server.snapshot.trigger-when-stop.enabled = true (default)
2023-12-10 08:55:32,156 [edd7aebe-e713-4899-b982-ee5b12165735-groupManagement] INFO  server.RaftServerConfigKeys (ConfUtils.java:logGet(46)) - raft.server.snapshot.auto.trigger.enabled = true (custom)
2023-12-10 08:55:32,156 [edd7aebe-e713-4899-b982-ee5b12165735-groupManagement] INFO  server.RaftServerConfigKeys (ConfUtils.java:logGet(46)) - raft.server.snapshot.auto.trigger.threshold = 10000 (custom)
2023-12-10 08:55:32,156 [edd7aebe-e713-4899-b982-ee5b12165735-groupManagement] INFO  server.RaftServerConfigKeys (ConfUtils.java:logGet(46)) - raft.server.snapshot.retention.file.num = 5 (custom)
2023-12-10 08:55:32,156 [edd7aebe-e713-4899-b982-ee5b12165735-groupManagement] INFO  server.RaftServerConfigKeys (ConfUtils.java:logGet(46)) - raft.server.log.purge.upto.snapshot.index = false (default)
2023-12-10 08:55:32,155 [edd7aebe-e713-4899-b982-ee5b12165735@group-1CDC7742679F-FollowerState] INFO  server.RaftServerConfigKeys (ConfUtils.java:logFallback(53)) - raft.server.rpc.first-election.timeout.max = 5200ms (fallback to raft.server.rpc.timeout.max)
2023-12-10 08:55:32,157 [edd7aebe-e713-4899-b982-ee5b12165735-PipelineCommandHandlerThread-0] INFO  ratis.XceiverServerRatis (XceiverServerRatis.java:addGroup(837)) - Created group PipelineID=3ddc4401-8e2f-411b-861a-1cdc7742679f
2023-12-10 08:55:32,235 [173e1c01-ab9b-4bd4-a1fb-1dc9b7180747-PipelineCommandHandlerThread-0] INFO  server.RaftServer (RaftServerProxy.java:addNew(100)) - 173e1c01-ab9b-4bd4-a1fb-1dc9b7180747: addNew group-1CDC7742679F:[173e1c01-ab9b-4bd4-a1fb-1dc9b7180747|10.1.0.29:15032, edd7aebe-e713-4899-b982-ee5b12165735|10.1.0.29:15023, ceafc0c7-af9d-4de4-ae81-ea841051c606|10.1.0.29:15014] returns group-1CDC7742679F:java.util.concurrent.CompletableFuture@536bd680[Not completed]
2023-12-10 08:55:32,236 [173e1c01-ab9b-4bd4-a1fb-1dc9b7180747-groupManagement] INFO  server.RaftServer$Division (RaftServerImpl.java:<init>(256)) - 173e1c01-ab9b-4bd4-a1fb-1dc9b7180747: new RaftServerImpl for group-1CDC7742679F:[173e1c01-ab9b-4bd4-a1fb-1dc9b7180747|10.1.0.29:15032, edd7aebe-e713-4899-b982-ee5b12165735|10.1.0.29:15023, ceafc0c7-af9d-4de4-ae81-ea841051c606|10.1.0.29:15014] with ContainerStateMachine:uninitialized
2023-12-10 08:55:32,236 [173e1c01-ab9b-4bd4-a1fb-1dc9b7180747-groupManagement] INFO  server.RaftServerConfigKeys (ConfUtils.java:logGet(46)) - raft.server.rpc.timeout.min = 5s (custom)
2023-12-10 08:55:32,236 [173e1c01-ab9b-4bd4-a1fb-1dc9b7180747-groupManagement] INFO  server.RaftServerConfigKeys (ConfUtils.java:logGet(46)) - raft.server.rpc.timeout.max = 5200ms (custom)
2023-12-10 08:55:32,236 [173e1c01-ab9b-4bd4-a1fb-1dc9b7180747-groupManagement] INFO  server.RaftServerConfigKeys (ConfUtils.java:logGet(46)) - raft.server.rpc.sleep.time = 25ms (default)
2023-12-10 08:55:32,237 [173e1c01-ab9b-4bd4-a1fb-1dc9b7180747-groupManagement] INFO  server.RaftServerConfigKeys (ConfUtils.java:logGet(46)) - raft.server.rpc.slowness.timeout = 300s (custom)
2023-12-10 08:55:32,237 [173e1c01-ab9b-4bd4-a1fb-1dc9b7180747-groupManagement] INFO  server.RaftServerConfigKeys (ConfUtils.java:logGet(46)) - raft.server.leaderelection.leader.step-down.wait-time = 10s (default)
2023-12-10 08:55:32,237 [173e1c01-ab9b-4bd4-a1fb-1dc9b7180747-groupManagement] INFO  server.RaftServerConfigKeys (ConfUtils.java:logGet(46)) - raft.server.leaderelection.member.majority-add = false (default)
2023-12-10 08:55:32,237 [173e1c01-ab9b-4bd4-a1fb-1dc9b7180747-groupManagement] INFO  server.RaftServerConfigKeys (ConfUtils.java:logGet(46)) - raft.server.sleep.deviation.threshold = 300ms (default)
2023-12-10 08:55:32,237 [173e1c01-ab9b-4bd4-a1fb-1dc9b7180747-groupManagement] INFO  server.RaftServer$Division (ServerState.java:<init>(113)) - 173e1c01-ab9b-4bd4-a1fb-1dc9b7180747@group-1CDC7742679F: ConfigurationManager, init=-1: peers:[173e1c01-ab9b-4bd4-a1fb-1dc9b7180747|10.1.0.29:15032, edd7aebe-e713-4899-b982-ee5b12165735|10.1.0.29:15023, ceafc0c7-af9d-4de4-ae81-ea841051c606|10.1.0.29:15014]|listeners:[], old=null, confs=<EMPTY_MAP>
2023-12-10 08:55:32,237 [173e1c01-ab9b-4bd4-a1fb-1dc9b7180747-groupManagement] INFO  server.RaftServerConfigKeys (ConfUtils.java:logGet(46)) - raft.server.notification.no-leader.timeout = 300s (custom)
2023-12-10 08:55:32,237 [173e1c01-ab9b-4bd4-a1fb-1dc9b7180747-groupManagement] INFO  server.RaftServerConfigKeys (ConfUtils.java:logGet(46)) - raft.server.read.timeout = 10s (default)
2023-12-10 08:55:32,237 [173e1c01-ab9b-4bd4-a1fb-1dc9b7180747-groupManagement] INFO  server.RaftServerConfigKeys (ConfUtils.java:logGet(46)) - raft.server.retrycache.expirytime = 600000ms (custom)
2023-12-10 08:55:32,237 [173e1c01-ab9b-4bd4-a1fb-1dc9b7180747-groupManagement] INFO  server.RaftServerConfigKeys (ConfUtils.java:logGet(46)) - raft.server.retrycache.statistics.expirytime = 100ms (default)
2023-12-10 08:55:32,237 [173e1c01-ab9b-4bd4-a1fb-1dc9b7180747-groupManagement] INFO  server.RaftServerConfigKeys (ConfUtils.java:logGet(46)) - raft.server.read.option = DEFAULT (default)
2023-12-10 08:55:32,237 [173e1c01-ab9b-4bd4-a1fb-1dc9b7180747-groupManagement] INFO  server.RaftServerConfigKeys (ConfUtils.java:logGet(46)) - raft.server.read.read-after-write-consistent.write-index-cache.expiry-time = 60s (default)
2023-12-10 08:55:32,245 [173e1c01-ab9b-4bd4-a1fb-1dc9b7180747-groupManagement] INFO  server.RaftServerConfigKeys (ConfUtils.java:logGet(46)) - raft.server.rpc.request.timeout = 60s (custom)
2023-12-10 08:55:32,245 [173e1c01-ab9b-4bd4-a1fb-1dc9b7180747-groupManagement] INFO  server.RaftServerConfigKeys (ConfUtils.java:logGet(46)) - raft.server.log.appender.install.snapshot.enabled = false (custom)
2023-12-10 08:55:32,245 [173e1c01-ab9b-4bd4-a1fb-1dc9b7180747-groupManagement] INFO  server.RaftServerConfigKeys (ConfUtils.java:logGet(46)) - raft.server.threadpool.server.cached = true (default)
2023-12-10 08:55:32,245 [173e1c01-ab9b-4bd4-a1fb-1dc9b7180747-groupManagement] INFO  server.RaftServerConfigKeys (ConfUtils.java:logGet(46)) - raft.server.threadpool.server.size = 0 (default)
2023-12-10 08:55:32,245 [173e1c01-ab9b-4bd4-a1fb-1dc9b7180747-groupManagement] INFO  server.RaftServerConfigKeys (ConfUtils.java:logGet(46)) - raft.server.threadpool.client.cached = true (default)
2023-12-10 08:55:32,245 [173e1c01-ab9b-4bd4-a1fb-1dc9b7180747-groupManagement] INFO  server.RaftServerConfigKeys (ConfUtils.java:logGet(46)) - raft.server.threadpool.client.size = 0 (default)
2023-12-10 08:55:32,245 [173e1c01-ab9b-4bd4-a1fb-1dc9b7180747-groupManagement] INFO  server.RaftServerConfigKeys (ConfUtils.java:logGet(46)) - raft.server.storage.free-space.min = 0MB (=0) (default)
2023-12-10 08:55:32,245 [173e1c01-ab9b-4bd4-a1fb-1dc9b7180747-groupManagement] INFO  server.RaftServerConfigKeys (ConfUtils.java:logGet(46)) - raft.server.log.corruption.policy = EXCEPTION (default)
2023-12-10 08:55:32,245 [173e1c01-ab9b-4bd4-a1fb-1dc9b7180747-groupManagement] INFO  server.RaftServerConfigKeys (ConfUtils.java:logGet(46)) - raft.server.storage.dir = [/home/runner/work/ozone/ozone/hadoop-ozone/integration-test/target/test-dir/MiniOzoneClusterImpl-7f66dfcd-4d84-4460-b9fe-211923c7b7bb/datanode-2/data/ratis] (custom)
2023-12-10 08:55:32,245 [173e1c01-ab9b-4bd4-a1fb-1dc9b7180747-groupManagement] INFO  storage.RaftStorageDirectory (RaftStorageDirectoryImpl.java:analyzeStorage(138)) - The storage directory /home/runner/work/ozone/ozone/hadoop-ozone/integration-test/target/test-dir/MiniOzoneClusterImpl-7f66dfcd-4d84-4460-b9fe-211923c7b7bb/datanode-2/data/ratis/3ddc4401-8e2f-411b-861a-1cdc7742679f does not exist. Creating ...
2023-12-10 08:55:32,246 [173e1c01-ab9b-4bd4-a1fb-1dc9b7180747-groupManagement] INFO  storage.RaftStorageDirectory (RaftStorageDirectoryImpl.java:tryLock(232)) - Lock on /home/runner/work/ozone/ozone/hadoop-ozone/integration-test/target/test-dir/MiniOzoneClusterImpl-7f66dfcd-4d84-4460-b9fe-211923c7b7bb/datanode-2/data/ratis/3ddc4401-8e2f-411b-861a-1cdc7742679f/in_use.lock acquired by nodename 49456@fv-az1041-125
2023-12-10 08:55:32,248 [173e1c01-ab9b-4bd4-a1fb-1dc9b7180747-groupManagement] INFO  storage.RaftStorage (RaftStorageImpl.java:format(97)) - Storage directory /home/runner/work/ozone/ozone/hadoop-ozone/integration-test/target/test-dir/MiniOzoneClusterImpl-7f66dfcd-4d84-4460-b9fe-211923c7b7bb/datanode-2/data/ratis/3ddc4401-8e2f-411b-861a-1cdc7742679f has been successfully formatted.
2023-12-10 08:55:32,251 [173e1c01-ab9b-4bd4-a1fb-1dc9b7180747-groupManagement] INFO  ratis.ContainerStateMachine (ContainerStateMachine.java:loadSnapshot(269)) - group-1CDC7742679F: The snapshot info is null. Setting the last applied indexto:(t:0, i:~)
2023-12-10 08:55:32,251 [173e1c01-ab9b-4bd4-a1fb-1dc9b7180747-groupManagement] INFO  server.RaftServerConfigKeys (ConfUtils.java:logGet(46)) - raft.server.log.use.memory = false (default)
2023-12-10 08:55:32,251 [173e1c01-ab9b-4bd4-a1fb-1dc9b7180747-groupManagement] INFO  server.RaftServerConfigKeys (ConfUtils.java:logGet(46)) - raft.server.log.purge.gap = 1000000 (custom)
2023-12-10 08:55:32,251 [173e1c01-ab9b-4bd4-a1fb-1dc9b7180747-groupManagement] INFO  server.RaftServerConfigKeys (ConfUtils.java:logGet(46)) - raft.server.log.appender.buffer.byte-limit = 8388608 (custom)
2023-12-10 08:55:32,252 [173e1c01-ab9b-4bd4-a1fb-1dc9b7180747-groupManagement] INFO  server.RaftServerConfigKeys (ConfUtils.java:logGet(46)) - raft.server.log.statemachine.data.read.timeout = 1000ms (default)
2023-12-10 08:55:32,252 [173e1c01-ab9b-4bd4-a1fb-1dc9b7180747-groupManagement] INFO  server.RaftServerConfigKeys (ConfUtils.java:logGet(46)) - raft.server.log.purge.preservation.log.num = 0 (default)
2023-12-10 08:55:32,255 [173e1c01-ab9b-4bd4-a1fb-1dc9b7180747-groupManagement] INFO  server.RaftServerConfigKeys (ConfUtils.java:logGet(46)) - raft.server.log.segment.size.max = 67108864 (custom)
2023-12-10 08:55:32,255 [173e1c01-ab9b-4bd4-a1fb-1dc9b7180747-groupManagement] INFO  server.RaftServerConfigKeys (ConfUtils.java:logGet(46)) - raft.server.log.segment.cache.num.max = 2 (custom)
2023-12-10 08:55:32,256 [173e1c01-ab9b-4bd4-a1fb-1dc9b7180747-groupManagement] INFO  server.RaftServerConfigKeys (ConfUtils.java:logGet(46)) - raft.server.log.segment.cache.size.max = 200MB (=209715200) (default)
2023-12-10 08:55:32,256 [173e1c01-ab9b-4bd4-a1fb-1dc9b7180747-groupManagement] INFO  server.RaftServerConfigKeys (ConfUtils.java:logGet(46)) - raft.server.log.appender.buffer.byte-limit = 8388608 (custom)
2023-12-10 08:55:32,259 [173e1c01-ab9b-4bd4-a1fb-1dc9b7180747-groupManagement] INFO  util.AwaitToRun (AwaitToRun.java:start(81)) - Thread[173e1c01-ab9b-4bd4-a1fb-1dc9b7180747@group-1CDC7742679F-cacheEviction-AwaitToRun,5,main] started
2023-12-10 08:55:32,259 [173e1c01-ab9b-4bd4-a1fb-1dc9b7180747-groupManagement] INFO  segmented.SegmentedRaftLogWorker (SegmentedRaftLogWorker.java:<init>(184)) - new 173e1c01-ab9b-4bd4-a1fb-1dc9b7180747@group-1CDC7742679F-SegmentedRaftLogWorker for RaftStorageImpl:Storage Directory /home/runner/work/ozone/ozone/hadoop-ozone/integration-test/target/test-dir/MiniOzoneClusterImpl-7f66dfcd-4d84-4460-b9fe-211923c7b7bb/datanode-2/data/ratis/3ddc4401-8e2f-411b-861a-1cdc7742679f
2023-12-10 08:55:32,259 [173e1c01-ab9b-4bd4-a1fb-1dc9b7180747-groupManagement] INFO  server.RaftServerConfigKeys (ConfUtils.java:logGet(46)) - raft.server.log.queue.byte-limit = 4294967296 (custom)
2023-12-10 08:55:32,259 [173e1c01-ab9b-4bd4-a1fb-1dc9b7180747-groupManagement] INFO  server.RaftServerConfigKeys (ConfUtils.java:logGet(46)) - raft.server.log.queue.element-limit = 1024 (custom)
2023-12-10 08:55:32,259 [173e1c01-ab9b-4bd4-a1fb-1dc9b7180747-groupManagement] INFO  server.RaftServerConfigKeys (ConfUtils.java:logGet(46)) - raft.server.log.segment.size.max = 67108864 (custom)
2023-12-10 08:55:32,259 [173e1c01-ab9b-4bd4-a1fb-1dc9b7180747-groupManagement] INFO  server.RaftServerConfigKeys (ConfUtils.java:logGet(46)) - raft.server.log.preallocated.size = 4194304 (custom)
2023-12-10 08:55:32,259 [173e1c01-ab9b-4bd4-a1fb-1dc9b7180747-groupManagement] INFO  server.RaftServerConfigKeys (ConfUtils.java:logGet(46)) - raft.server.log.force.sync.num = 128 (default)
2023-12-10 08:55:32,259 [173e1c01-ab9b-4bd4-a1fb-1dc9b7180747-groupManagement] INFO  server.RaftServerConfigKeys (ConfUtils.java:logGet(46)) - raft.server.log.statemachine.data.sync = true (default)
2023-12-10 08:55:32,259 [173e1c01-ab9b-4bd4-a1fb-1dc9b7180747-groupManagement] INFO  server.RaftServerConfigKeys (ConfUtils.java:logGet(46)) - raft.server.log.statemachine.data.sync.timeout = 10s (default)
2023-12-10 08:55:32,260 [173e1c01-ab9b-4bd4-a1fb-1dc9b7180747-groupManagement] INFO  server.RaftServerConfigKeys (ConfUtils.java:logGet(46)) - raft.server.log.statemachine.data.sync.timeout.retry = 0 (custom)
2023-12-10 08:55:32,260 [173e1c01-ab9b-4bd4-a1fb-1dc9b7180747-groupManagement] INFO  server.RaftServerConfigKeys (ConfUtils.java:logGet(46)) - raft.server.log.write.buffer.size = 8388616 (custom)
2023-12-10 08:55:32,263 [173e1c01-ab9b-4bd4-a1fb-1dc9b7180747-groupManagement] INFO  server.RaftServerConfigKeys (ConfUtils.java:logGet(46)) - raft.server.log.appender.buffer.byte-limit = 8388608 (custom)
2023-12-10 08:55:32,264 [173e1c01-ab9b-4bd4-a1fb-1dc9b7180747-groupManagement] INFO  server.RaftServerConfigKeys (ConfUtils.java:logGet(46)) - raft.server.log.unsafe-flush.enabled = false (default)
2023-12-10 08:55:32,264 [173e1c01-ab9b-4bd4-a1fb-1dc9b7180747-groupManagement] INFO  server.RaftServerConfigKeys (ConfUtils.java:logGet(46)) - raft.server.log.async-flush.enabled = false (default)
2023-12-10 08:55:32,264 [173e1c01-ab9b-4bd4-a1fb-1dc9b7180747-groupManagement] INFO  server.RaftServerConfigKeys (ConfUtils.java:logGet(46)) - raft.server.log.statemachine.data.caching.enabled = true (custom)
2023-12-10 08:55:32,264 [173e1c01-ab9b-4bd4-a1fb-1dc9b7180747-groupManagement] INFO  segmented.SegmentedRaftLogWorker (SegmentedRaftLogWorker.java:lambda$new$0(135)) - 173e1c01-ab9b-4bd4-a1fb-1dc9b7180747@group-1CDC7742679F-SegmentedRaftLogWorker: flushIndex: setUnconditionally 0 -> -1
2023-12-10 08:55:32,264 [173e1c01-ab9b-4bd4-a1fb-1dc9b7180747-groupManagement] INFO  segmented.SegmentedRaftLogWorker (SegmentedRaftLogWorker.java:lambda$new$0(135)) - 173e1c01-ab9b-4bd4-a1fb-1dc9b7180747@group-1CDC7742679F-SegmentedRaftLogWorker: safeCacheEvictIndex: setUnconditionally 0 -> -1
2023-12-10 08:55:32,269 [173e1c01-ab9b-4bd4-a1fb-1dc9b7180747-groupManagement] INFO  server.RaftServer$Division (RaftServerImpl.java:start(392)) - 173e1c01-ab9b-4bd4-a1fb-1dc9b7180747@group-1CDC7742679F: start as a follower, conf=-1: peers:[173e1c01-ab9b-4bd4-a1fb-1dc9b7180747|10.1.0.29:15032, edd7aebe-e713-4899-b982-ee5b12165735|10.1.0.29:15023, ceafc0c7-af9d-4de4-ae81-ea841051c606|10.1.0.29:15014]|listeners:[], old=null
2023-12-10 08:55:32,270 [173e1c01-ab9b-4bd4-a1fb-1dc9b7180747-groupManagement] INFO  server.RaftServer$Division (RaftServerImpl.java:setRole(379)) - 173e1c01-ab9b-4bd4-a1fb-1dc9b7180747@group-1CDC7742679F: changes role from      null to FOLLOWER at term 0 for startAsFollower
2023-12-10 08:55:32,270 [173e1c01-ab9b-4bd4-a1fb-1dc9b7180747-groupManagement] INFO  impl.RoleInfo (RoleInfo.java:updateAndGet(139)) - 173e1c01-ab9b-4bd4-a1fb-1dc9b7180747: start 173e1c01-ab9b-4bd4-a1fb-1dc9b7180747@group-1CDC7742679F-FollowerState
2023-12-10 08:55:32,270 [173e1c01-ab9b-4bd4-a1fb-1dc9b7180747-groupManagement] INFO  util.JmxRegister (JmxRegister.java:tryRegister(44)) - Successfully registered JMX Bean with object name Ratis:service=RaftServer,group=group-1CDC7742679F,id=173e1c01-ab9b-4bd4-a1fb-1dc9b7180747
2023-12-10 08:55:32,270 [173e1c01-ab9b-4bd4-a1fb-1dc9b7180747-groupManagement] INFO  server.RaftServerConfigKeys (ConfUtils.java:logGet(46)) - raft.server.snapshot.trigger-when-stop.enabled = true (default)
2023-12-10 08:55:32,270 [173e1c01-ab9b-4bd4-a1fb-1dc9b7180747-groupManagement] INFO  server.RaftServerConfigKeys (ConfUtils.java:logGet(46)) - raft.server.snapshot.auto.trigger.enabled = true (custom)
2023-12-10 08:55:32,270 [173e1c01-ab9b-4bd4-a1fb-1dc9b7180747-groupManagement] INFO  server.RaftServerConfigKeys (ConfUtils.java:logGet(46)) - raft.server.snapshot.auto.trigger.threshold = 10000 (custom)
2023-12-10 08:55:32,270 [173e1c01-ab9b-4bd4-a1fb-1dc9b7180747-groupManagement] INFO  server.RaftServerConfigKeys (ConfUtils.java:logGet(46)) - raft.server.snapshot.retention.file.num = 5 (custom)
2023-12-10 08:55:32,271 [173e1c01-ab9b-4bd4-a1fb-1dc9b7180747-groupManagement] INFO  server.RaftServerConfigKeys (ConfUtils.java:logGet(46)) - raft.server.log.purge.upto.snapshot.index = false (default)
2023-12-10 08:55:32,272 [173e1c01-ab9b-4bd4-a1fb-1dc9b7180747@group-1CDC7742679F-FollowerState] INFO  server.RaftServerConfigKeys (ConfUtils.java:logFallback(53)) - raft.server.rpc.first-election.timeout.min = 5s (fallback to raft.server.rpc.timeout.min)
2023-12-10 08:55:32,272 [173e1c01-ab9b-4bd4-a1fb-1dc9b7180747@group-1CDC7742679F-FollowerState] INFO  server.RaftServerConfigKeys (ConfUtils.java:logFallback(53)) - raft.server.rpc.first-election.timeout.max = 5200ms (fallback to raft.server.rpc.timeout.max)
2023-12-10 08:55:32,273 [173e1c01-ab9b-4bd4-a1fb-1dc9b7180747-PipelineCommandHandlerThread-0] INFO  ratis.XceiverServerRatis (XceiverServerRatis.java:addGroup(837)) - Created group PipelineID=3ddc4401-8e2f-411b-861a-1cdc7742679f
2023-12-10 08:55:32,412 [8170aa16-323e-44de-b8c0-3f99a1184856-PipelineCommandHandlerThread-0] INFO  server.RaftServer (RaftServerProxy.java:addNew(100)) - 8170aa16-323e-44de-b8c0-3f99a1184856: addNew group-C38045D0070F:[8170aa16-323e-44de-b8c0-3f99a1184856|10.1.0.29:15041, ab6f04f4-5b2e-49ed-8ed6-18cca86f2b6f|10.1.0.29:15059, 71fa9327-596e-4bfe-b86f-33f6bdf50532|10.1.0.29:15050] returns group-C38045D0070F:java.util.concurrent.CompletableFuture@3f21becb[Not completed]
2023-12-10 08:55:32,413 [8170aa16-323e-44de-b8c0-3f99a1184856-groupManagement] INFO  server.RaftServer$Division (RaftServerImpl.java:<init>(256)) - 8170aa16-323e-44de-b8c0-3f99a1184856: new RaftServerImpl for group-C38045D0070F:[8170aa16-323e-44de-b8c0-3f99a1184856|10.1.0.29:15041, ab6f04f4-5b2e-49ed-8ed6-18cca86f2b6f|10.1.0.29:15059, 71fa9327-596e-4bfe-b86f-33f6bdf50532|10.1.0.29:15050] with ContainerStateMachine:uninitialized
2023-12-10 08:55:32,414 [8170aa16-323e-44de-b8c0-3f99a1184856-groupManagement] INFO  server.RaftServerConfigKeys (ConfUtils.java:logGet(46)) - raft.server.rpc.timeout.min = 5s (custom)
2023-12-10 08:55:32,414 [8170aa16-323e-44de-b8c0-3f99a1184856-groupManagement] INFO  server.RaftServerConfigKeys (ConfUtils.java:logGet(46)) - raft.server.rpc.timeout.max = 5200ms (custom)
2023-12-10 08:55:32,414 [8170aa16-323e-44de-b8c0-3f99a1184856-groupManagement] INFO  server.RaftServerConfigKeys (ConfUtils.java:logGet(46)) - raft.server.rpc.sleep.time = 25ms (default)
2023-12-10 08:55:32,415 [8170aa16-323e-44de-b8c0-3f99a1184856-groupManagement] INFO  server.RaftServerConfigKeys (ConfUtils.java:logGet(46)) - raft.server.rpc.slowness.timeout = 300s (custom)
2023-12-10 08:55:32,415 [8170aa16-323e-44de-b8c0-3f99a1184856-groupManagement] INFO  server.RaftServerConfigKeys (ConfUtils.java:logGet(46)) - raft.server.leaderelection.leader.step-down.wait-time = 10s (default)
2023-12-10 08:55:32,415 [8170aa16-323e-44de-b8c0-3f99a1184856-groupManagement] INFO  server.RaftServerConfigKeys (ConfUtils.java:logGet(46)) - raft.server.leaderelection.member.majority-add = false (default)
2023-12-10 08:55:32,416 [8170aa16-323e-44de-b8c0-3f99a1184856-groupManagement] INFO  server.RaftServerConfigKeys (ConfUtils.java:logGet(46)) - raft.server.sleep.deviation.threshold = 300ms (default)
2023-12-10 08:55:32,417 [8170aa16-323e-44de-b8c0-3f99a1184856-groupManagement] INFO  server.RaftServer$Division (ServerState.java:<init>(113)) - 8170aa16-323e-44de-b8c0-3f99a1184856@group-C38045D0070F: ConfigurationManager, init=-1: peers:[8170aa16-323e-44de-b8c0-3f99a1184856|10.1.0.29:15041, ab6f04f4-5b2e-49ed-8ed6-18cca86f2b6f|10.1.0.29:15059, 71fa9327-596e-4bfe-b86f-33f6bdf50532|10.1.0.29:15050]|listeners:[], old=null, confs=<EMPTY_MAP>
2023-12-10 08:55:32,417 [8170aa16-323e-44de-b8c0-3f99a1184856-groupManagement] INFO  server.RaftServerConfigKeys (ConfUtils.java:logGet(46)) - raft.server.notification.no-leader.timeout = 300s (custom)
2023-12-10 08:55:32,417 [8170aa16-323e-44de-b8c0-3f99a1184856-groupManagement] INFO  server.RaftServerConfigKeys (ConfUtils.java:logGet(46)) - raft.server.read.timeout = 10s (default)
2023-12-10 08:55:32,417 [8170aa16-323e-44de-b8c0-3f99a1184856-groupManagement] INFO  server.RaftServerConfigKeys (ConfUtils.java:logGet(46)) - raft.server.retrycache.expirytime = 600000ms (custom)
2023-12-10 08:55:32,418 [8170aa16-323e-44de-b8c0-3f99a1184856-groupManagement] INFO  server.RaftServerConfigKeys (ConfUtils.java:logGet(46)) - raft.server.retrycache.statistics.expirytime = 100ms (default)
2023-12-10 08:55:32,418 [8170aa16-323e-44de-b8c0-3f99a1184856-groupManagement] INFO  server.RaftServerConfigKeys (ConfUtils.java:logGet(46)) - raft.server.read.option = DEFAULT (default)
2023-12-10 08:55:32,419 [8170aa16-323e-44de-b8c0-3f99a1184856-groupManagement] INFO  server.RaftServerConfigKeys (ConfUtils.java:logGet(46)) - raft.server.read.read-after-write-consistent.write-index-cache.expiry-time = 60s (default)
2023-12-10 08:55:32,431 [8170aa16-323e-44de-b8c0-3f99a1184856-groupManagement] INFO  server.RaftServerConfigKeys (ConfUtils.java:logGet(46)) - raft.server.rpc.request.timeout = 60s (custom)
2023-12-10 08:55:32,432 [8170aa16-323e-44de-b8c0-3f99a1184856-groupManagement] INFO  server.RaftServerConfigKeys (ConfUtils.java:logGet(46)) - raft.server.log.appender.install.snapshot.enabled = false (custom)
2023-12-10 08:55:32,432 [8170aa16-323e-44de-b8c0-3f99a1184856-groupManagement] INFO  server.RaftServerConfigKeys (ConfUtils.java:logGet(46)) - raft.server.threadpool.server.cached = true (default)
2023-12-10 08:55:32,433 [8170aa16-323e-44de-b8c0-3f99a1184856-groupManagement] INFO  server.RaftServerConfigKeys (ConfUtils.java:logGet(46)) - raft.server.threadpool.server.size = 0 (default)
2023-12-10 08:55:32,433 [8170aa16-323e-44de-b8c0-3f99a1184856-groupManagement] INFO  server.RaftServerConfigKeys (ConfUtils.java:logGet(46)) - raft.server.threadpool.client.cached = true (default)
2023-12-10 08:55:32,433 [8170aa16-323e-44de-b8c0-3f99a1184856-groupManagement] INFO  server.RaftServerConfigKeys (ConfUtils.java:logGet(46)) - raft.server.threadpool.client.size = 0 (default)
2023-12-10 08:55:32,434 [8170aa16-323e-44de-b8c0-3f99a1184856-groupManagement] INFO  server.RaftServerConfigKeys (ConfUtils.java:logGet(46)) - raft.server.storage.free-space.min = 0MB (=0) (default)
2023-12-10 08:55:32,434 [8170aa16-323e-44de-b8c0-3f99a1184856-groupManagement] INFO  server.RaftServerConfigKeys (ConfUtils.java:logGet(46)) - raft.server.log.corruption.policy = EXCEPTION (default)
2023-12-10 08:55:32,434 [8170aa16-323e-44de-b8c0-3f99a1184856-groupManagement] INFO  server.RaftServerConfigKeys (ConfUtils.java:logGet(46)) - raft.server.storage.dir = [/home/runner/work/ozone/ozone/hadoop-ozone/integration-test/target/test-dir/MiniOzoneClusterImpl-7f66dfcd-4d84-4460-b9fe-211923c7b7bb/datanode-3/data/ratis] (custom)
2023-12-10 08:55:32,435 [8170aa16-323e-44de-b8c0-3f99a1184856-groupManagement] INFO  storage.RaftStorageDirectory (RaftStorageDirectoryImpl.java:analyzeStorage(138)) - The storage directory /home/runner/work/ozone/ozone/hadoop-ozone/integration-test/target/test-dir/MiniOzoneClusterImpl-7f66dfcd-4d84-4460-b9fe-211923c7b7bb/datanode-3/data/ratis/189588f6-959e-4d62-8f1a-c38045d0070f does not exist. Creating ...
2023-12-10 08:55:32,436 [8170aa16-323e-44de-b8c0-3f99a1184856-groupManagement] INFO  storage.RaftStorageDirectory (RaftStorageDirectoryImpl.java:tryLock(232)) - Lock on /home/runner/work/ozone/ozone/hadoop-ozone/integration-test/target/test-dir/MiniOzoneClusterImpl-7f66dfcd-4d84-4460-b9fe-211923c7b7bb/datanode-3/data/ratis/189588f6-959e-4d62-8f1a-c38045d0070f/in_use.lock acquired by nodename 49456@fv-az1041-125
2023-12-10 08:55:32,439 [8170aa16-323e-44de-b8c0-3f99a1184856-groupManagement] INFO  storage.RaftStorage (RaftStorageImpl.java:format(97)) - Storage directory /home/runner/work/ozone/ozone/hadoop-ozone/integration-test/target/test-dir/MiniOzoneClusterImpl-7f66dfcd-4d84-4460-b9fe-211923c7b7bb/datanode-3/data/ratis/189588f6-959e-4d62-8f1a-c38045d0070f has been successfully formatted.
2023-12-10 08:55:32,441 [8170aa16-323e-44de-b8c0-3f99a1184856-groupManagement] INFO  ratis.ContainerStateMachine (ContainerStateMachine.java:loadSnapshot(269)) - group-C38045D0070F: The snapshot info is null. Setting the last applied indexto:(t:0, i:~)
2023-12-10 08:55:32,441 [8170aa16-323e-44de-b8c0-3f99a1184856-groupManagement] INFO  server.RaftServerConfigKeys (ConfUtils.java:logGet(46)) - raft.server.log.use.memory = false (default)
2023-12-10 08:55:32,441 [8170aa16-323e-44de-b8c0-3f99a1184856-groupManagement] INFO  server.RaftServerConfigKeys (ConfUtils.java:logGet(46)) - raft.server.log.purge.gap = 1000000 (custom)
2023-12-10 08:55:32,442 [8170aa16-323e-44de-b8c0-3f99a1184856-groupManagement] INFO  server.RaftServerConfigKeys (ConfUtils.java:logGet(46)) - raft.server.log.appender.buffer.byte-limit = 8388608 (custom)
2023-12-10 08:55:32,442 [8170aa16-323e-44de-b8c0-3f99a1184856-groupManagement] INFO  server.RaftServerConfigKeys (ConfUtils.java:logGet(46)) - raft.server.log.statemachine.data.read.timeout = 1000ms (default)
2023-12-10 08:55:32,442 [8170aa16-323e-44de-b8c0-3f99a1184856-groupManagement] INFO  server.RaftServerConfigKeys (ConfUtils.java:logGet(46)) - raft.server.log.purge.preservation.log.num = 0 (default)
2023-12-10 08:55:32,446 [8170aa16-323e-44de-b8c0-3f99a1184856-groupManagement] INFO  server.RaftServerConfigKeys (ConfUtils.java:logGet(46)) - raft.server.log.segment.size.max = 67108864 (custom)
2023-12-10 08:55:32,447 [8170aa16-323e-44de-b8c0-3f99a1184856-groupManagement] INFO  server.RaftServerConfigKeys (ConfUtils.java:logGet(46)) - raft.server.log.segment.cache.num.max = 2 (custom)
2023-12-10 08:55:32,447 [8170aa16-323e-44de-b8c0-3f99a1184856-groupManagement] INFO  server.RaftServerConfigKeys (ConfUtils.java:logGet(46)) - raft.server.log.segment.cache.size.max = 200MB (=209715200) (default)
2023-12-10 08:55:32,447 [8170aa16-323e-44de-b8c0-3f99a1184856-groupManagement] INFO  server.RaftServerConfigKeys (ConfUtils.java:logGet(46)) - raft.server.log.appender.buffer.byte-limit = 8388608 (custom)
2023-12-10 08:55:32,447 [8170aa16-323e-44de-b8c0-3f99a1184856-groupManagement] INFO  util.AwaitToRun (AwaitToRun.java:start(81)) - Thread[8170aa16-323e-44de-b8c0-3f99a1184856@group-C38045D0070F-cacheEviction-AwaitToRun,5,main] started
2023-12-10 08:55:32,447 [8170aa16-323e-44de-b8c0-3f99a1184856-groupManagement] INFO  segmented.SegmentedRaftLogWorker (SegmentedRaftLogWorker.java:<init>(184)) - new 8170aa16-323e-44de-b8c0-3f99a1184856@group-C38045D0070F-SegmentedRaftLogWorker for RaftStorageImpl:Storage Directory /home/runner/work/ozone/ozone/hadoop-ozone/integration-test/target/test-dir/MiniOzoneClusterImpl-7f66dfcd-4d84-4460-b9fe-211923c7b7bb/datanode-3/data/ratis/189588f6-959e-4d62-8f1a-c38045d0070f
2023-12-10 08:55:32,447 [8170aa16-323e-44de-b8c0-3f99a1184856-groupManagement] INFO  server.RaftServerConfigKeys (ConfUtils.java:logGet(46)) - raft.server.log.queue.byte-limit = 4294967296 (custom)
2023-12-10 08:55:32,447 [8170aa16-323e-44de-b8c0-3f99a1184856-groupManagement] INFO  server.RaftServerConfigKeys (ConfUtils.java:logGet(46)) - raft.server.log.queue.element-limit = 1024 (custom)
2023-12-10 08:55:32,447 [8170aa16-323e-44de-b8c0-3f99a1184856-groupManagement] INFO  server.RaftServerConfigKeys (ConfUtils.java:logGet(46)) - raft.server.log.segment.size.max = 67108864 (custom)
2023-12-10 08:55:32,448 [8170aa16-323e-44de-b8c0-3f99a1184856-groupManagement] INFO  server.RaftServerConfigKeys (ConfUtils.java:logGet(46)) - raft.server.log.preallocated.size = 4194304 (custom)
2023-12-10 08:55:32,448 [8170aa16-323e-44de-b8c0-3f99a1184856-groupManagement] INFO  server.RaftServerConfigKeys (ConfUtils.java:logGet(46)) - raft.server.log.force.sync.num = 128 (default)
2023-12-10 08:55:32,448 [8170aa16-323e-44de-b8c0-3f99a1184856-groupManagement] INFO  server.RaftServerConfigKeys (ConfUtils.java:logGet(46)) - raft.server.log.statemachine.data.sync = true (default)
2023-12-10 08:55:32,448 [8170aa16-323e-44de-b8c0-3f99a1184856-groupManagement] INFO  server.RaftServerConfigKeys (ConfUtils.java:logGet(46)) - raft.server.log.statemachine.data.sync.timeout = 10s (default)
2023-12-10 08:55:32,448 [8170aa16-323e-44de-b8c0-3f99a1184856-groupManagement] INFO  server.RaftServerConfigKeys (ConfUtils.java:logGet(46)) - raft.server.log.statemachine.data.sync.timeout.retry = 0 (custom)
2023-12-10 08:55:32,449 [8170aa16-323e-44de-b8c0-3f99a1184856-groupManagement] INFO  server.RaftServerConfigKeys (ConfUtils.java:logGet(46)) - raft.server.log.write.buffer.size = 8388616 (custom)
2023-12-10 08:55:32,452 [8170aa16-323e-44de-b8c0-3f99a1184856-groupManagement] INFO  server.RaftServerConfigKeys (ConfUtils.java:logGet(46)) - raft.server.log.appender.buffer.byte-limit = 8388608 (custom)
2023-12-10 08:55:32,452 [8170aa16-323e-44de-b8c0-3f99a1184856-groupManagement] INFO  server.RaftServerConfigKeys (ConfUtils.java:logGet(46)) - raft.server.log.unsafe-flush.enabled = false (default)
2023-12-10 08:55:32,452 [8170aa16-323e-44de-b8c0-3f99a1184856-groupManagement] INFO  server.RaftServerConfigKeys (ConfUtils.java:logGet(46)) - raft.server.log.async-flush.enabled = false (default)
2023-12-10 08:55:32,452 [8170aa16-323e-44de-b8c0-3f99a1184856-groupManagement] INFO  server.RaftServerConfigKeys (ConfUtils.java:logGet(46)) - raft.server.log.statemachine.data.caching.enabled = true (custom)
2023-12-10 08:55:32,453 [8170aa16-323e-44de-b8c0-3f99a1184856-groupManagement] INFO  segmented.SegmentedRaftLogWorker (SegmentedRaftLogWorker.java:lambda$new$0(135)) - 8170aa16-323e-44de-b8c0-3f99a1184856@group-C38045D0070F-SegmentedRaftLogWorker: flushIndex: setUnconditionally 0 -> -1
2023-12-10 08:55:32,453 [8170aa16-323e-44de-b8c0-3f99a1184856-groupManagement] INFO  segmented.SegmentedRaftLogWorker (SegmentedRaftLogWorker.java:lambda$new$0(135)) - 8170aa16-323e-44de-b8c0-3f99a1184856@group-C38045D0070F-SegmentedRaftLogWorker: safeCacheEvictIndex: setUnconditionally 0 -> -1
2023-12-10 08:55:32,457 [8170aa16-323e-44de-b8c0-3f99a1184856-groupManagement] INFO  server.RaftServer$Division (RaftServerImpl.java:start(392)) - 8170aa16-323e-44de-b8c0-3f99a1184856@group-C38045D0070F: start as a follower, conf=-1: peers:[8170aa16-323e-44de-b8c0-3f99a1184856|10.1.0.29:15041, ab6f04f4-5b2e-49ed-8ed6-18cca86f2b6f|10.1.0.29:15059, 71fa9327-596e-4bfe-b86f-33f6bdf50532|10.1.0.29:15050]|listeners:[], old=null
2023-12-10 08:55:32,457 [8170aa16-323e-44de-b8c0-3f99a1184856-groupManagement] INFO  server.RaftServer$Division (RaftServerImpl.java:setRole(379)) - 8170aa16-323e-44de-b8c0-3f99a1184856@group-C38045D0070F: changes role from      null to FOLLOWER at term 0 for startAsFollower
2023-12-10 08:55:32,457 [8170aa16-323e-44de-b8c0-3f99a1184856-groupManagement] INFO  impl.RoleInfo (RoleInfo.java:updateAndGet(139)) - 8170aa16-323e-44de-b8c0-3f99a1184856: start 8170aa16-323e-44de-b8c0-3f99a1184856@group-C38045D0070F-FollowerState
2023-12-10 08:55:32,467 [8170aa16-323e-44de-b8c0-3f99a1184856-groupManagement] INFO  util.JmxRegister (JmxRegister.java:tryRegister(44)) - Successfully registered JMX Bean with object name Ratis:service=RaftServer,group=group-C38045D0070F,id=8170aa16-323e-44de-b8c0-3f99a1184856
2023-12-10 08:55:32,467 [8170aa16-323e-44de-b8c0-3f99a1184856-groupManagement] INFO  server.RaftServerConfigKeys (ConfUtils.java:logGet(46)) - raft.server.snapshot.trigger-when-stop.enabled = true (default)
2023-12-10 08:55:32,468 [8170aa16-323e-44de-b8c0-3f99a1184856-groupManagement] INFO  server.RaftServerConfigKeys (ConfUtils.java:logGet(46)) - raft.server.snapshot.auto.trigger.enabled = true (custom)
2023-12-10 08:55:32,468 [8170aa16-323e-44de-b8c0-3f99a1184856-groupManagement] INFO  server.RaftServerConfigKeys (ConfUtils.java:logGet(46)) - raft.server.snapshot.auto.trigger.threshold = 10000 (custom)
2023-12-10 08:55:32,469 [8170aa16-323e-44de-b8c0-3f99a1184856-groupManagement] INFO  server.RaftServerConfigKeys (ConfUtils.java:logGet(46)) - raft.server.snapshot.retention.file.num = 5 (custom)
2023-12-10 08:55:32,469 [8170aa16-323e-44de-b8c0-3f99a1184856-groupManagement] INFO  server.RaftServerConfigKeys (ConfUtils.java:logGet(46)) - raft.server.log.purge.upto.snapshot.index = false (default)
2023-12-10 08:55:32,468 [8170aa16-323e-44de-b8c0-3f99a1184856@group-C38045D0070F-FollowerState] INFO  server.RaftServerConfigKeys (ConfUtils.java:logFallback(53)) - raft.server.rpc.first-election.timeout.min = 5s (fallback to raft.server.rpc.timeout.min)
2023-12-10 08:55:32,475 [8170aa16-323e-44de-b8c0-3f99a1184856@group-C38045D0070F-FollowerState] INFO  server.RaftServerConfigKeys (ConfUtils.java:logFallback(53)) - raft.server.rpc.first-election.timeout.max = 5200ms (fallback to raft.server.rpc.timeout.max)
2023-12-10 08:55:32,476 [8170aa16-323e-44de-b8c0-3f99a1184856-PipelineCommandHandlerThread-0] INFO  ratis.XceiverServerRatis (XceiverServerRatis.java:addGroup(837)) - Created group PipelineID=189588f6-959e-4d62-8f1a-c38045d0070f
2023-12-10 08:55:32,530 [grpc-default-executor-0] INFO  server.RaftServer (RaftServerProxy.java:addNew(100)) - 71fa9327-596e-4bfe-b86f-33f6bdf50532: addNew group-C38045D0070F:[8170aa16-323e-44de-b8c0-3f99a1184856|10.1.0.29:15041, ab6f04f4-5b2e-49ed-8ed6-18cca86f2b6f|10.1.0.29:15059, 71fa9327-596e-4bfe-b86f-33f6bdf50532|10.1.0.29:15050] returns group-C38045D0070F:java.util.concurrent.CompletableFuture@7f5f1b97[Not completed]
2023-12-10 08:55:32,535 [71fa9327-596e-4bfe-b86f-33f6bdf50532-groupManagement] INFO  server.RaftServer$Division (RaftServerImpl.java:<init>(256)) - 71fa9327-596e-4bfe-b86f-33f6bdf50532: new RaftServerImpl for group-C38045D0070F:[8170aa16-323e-44de-b8c0-3f99a1184856|10.1.0.29:15041, ab6f04f4-5b2e-49ed-8ed6-18cca86f2b6f|10.1.0.29:15059, 71fa9327-596e-4bfe-b86f-33f6bdf50532|10.1.0.29:15050] with ContainerStateMachine:uninitialized
2023-12-10 08:55:32,535 [71fa9327-596e-4bfe-b86f-33f6bdf50532-groupManagement] INFO  server.RaftServerConfigKeys (ConfUtils.java:logGet(46)) - raft.server.rpc.timeout.min = 5s (custom)
2023-12-10 08:55:32,535 [71fa9327-596e-4bfe-b86f-33f6bdf50532-groupManagement] INFO  server.RaftServerConfigKeys (ConfUtils.java:logGet(46)) - raft.server.rpc.timeout.max = 5200ms (custom)
2023-12-10 08:55:32,536 [71fa9327-596e-4bfe-b86f-33f6bdf50532-groupManagement] INFO  server.RaftServerConfigKeys (ConfUtils.java:logGet(46)) - raft.server.rpc.sleep.time = 25ms (default)
2023-12-10 08:55:32,536 [71fa9327-596e-4bfe-b86f-33f6bdf50532-groupManagement] INFO  server.RaftServerConfigKeys (ConfUtils.java:logGet(46)) - raft.server.rpc.slowness.timeout = 300s (custom)
2023-12-10 08:55:32,536 [71fa9327-596e-4bfe-b86f-33f6bdf50532-groupManagement] INFO  server.RaftServerConfigKeys (ConfUtils.java:logGet(46)) - raft.server.leaderelection.leader.step-down.wait-time = 10s (default)
2023-12-10 08:55:32,536 [71fa9327-596e-4bfe-b86f-33f6bdf50532-groupManagement] INFO  server.RaftServerConfigKeys (ConfUtils.java:logGet(46)) - raft.server.leaderelection.member.majority-add = false (default)
2023-12-10 08:55:32,536 [71fa9327-596e-4bfe-b86f-33f6bdf50532-groupManagement] INFO  server.RaftServerConfigKeys (ConfUtils.java:logGet(46)) - raft.server.sleep.deviation.threshold = 300ms (default)
2023-12-10 08:55:32,536 [71fa9327-596e-4bfe-b86f-33f6bdf50532-groupManagement] INFO  server.RaftServer$Division (ServerState.java:<init>(113)) - 71fa9327-596e-4bfe-b86f-33f6bdf50532@group-C38045D0070F: ConfigurationManager, init=-1: peers:[8170aa16-323e-44de-b8c0-3f99a1184856|10.1.0.29:15041, ab6f04f4-5b2e-49ed-8ed6-18cca86f2b6f|10.1.0.29:15059, 71fa9327-596e-4bfe-b86f-33f6bdf50532|10.1.0.29:15050]|listeners:[], old=null, confs=<EMPTY_MAP>
2023-12-10 08:55:32,536 [71fa9327-596e-4bfe-b86f-33f6bdf50532-groupManagement] INFO  server.RaftServerConfigKeys (ConfUtils.java:logGet(46)) - raft.server.notification.no-leader.timeout = 300s (custom)
2023-12-10 08:55:32,536 [71fa9327-596e-4bfe-b86f-33f6bdf50532-groupManagement] INFO  server.RaftServerConfigKeys (ConfUtils.java:logGet(46)) - raft.server.read.timeout = 10s (default)
2023-12-10 08:55:32,536 [71fa9327-596e-4bfe-b86f-33f6bdf50532-groupManagement] INFO  server.RaftServerConfigKeys (ConfUtils.java:logGet(46)) - raft.server.retrycache.expirytime = 600000ms (custom)
2023-12-10 08:55:32,536 [71fa9327-596e-4bfe-b86f-33f6bdf50532-groupManagement] INFO  server.RaftServerConfigKeys (ConfUtils.java:logGet(46)) - raft.server.retrycache.statistics.expirytime = 100ms (default)
2023-12-10 08:55:32,536 [71fa9327-596e-4bfe-b86f-33f6bdf50532-groupManagement] INFO  server.RaftServerConfigKeys (ConfUtils.java:logGet(46)) - raft.server.read.option = DEFAULT (default)
2023-12-10 08:55:32,536 [71fa9327-596e-4bfe-b86f-33f6bdf50532-groupManagement] INFO  server.RaftServerConfigKeys (ConfUtils.java:logGet(46)) - raft.server.read.read-after-write-consistent.write-index-cache.expiry-time = 60s (default)
2023-12-10 08:55:32,555 [71fa9327-596e-4bfe-b86f-33f6bdf50532-PipelineCommandHandlerThread-0] INFO  server.RaftServer (RaftServerProxy.java:addNew(100)) - 71fa9327-596e-4bfe-b86f-33f6bdf50532: addNew group-F342B1D124FD:[8170aa16-323e-44de-b8c0-3f99a1184856|10.1.0.29:15041, ab6f04f4-5b2e-49ed-8ed6-18cca86f2b6f|10.1.0.29:15059, 71fa9327-596e-4bfe-b86f-33f6bdf50532|10.1.0.29:15050] returns group-F342B1D124FD:java.util.concurrent.CompletableFuture@213105d6[Not completed]
2023-12-10 08:55:32,584 [71fa9327-596e-4bfe-b86f-33f6bdf50532-groupManagement] INFO  server.RaftServerConfigKeys (ConfUtils.java:logGet(46)) - raft.server.rpc.request.timeout = 60s (custom)
2023-12-10 08:55:32,585 [71fa9327-596e-4bfe-b86f-33f6bdf50532-groupManagement] INFO  server.RaftServerConfigKeys (ConfUtils.java:logGet(46)) - raft.server.log.appender.install.snapshot.enabled = false (custom)
2023-12-10 08:55:32,585 [71fa9327-596e-4bfe-b86f-33f6bdf50532-groupManagement] INFO  server.RaftServerConfigKeys (ConfUtils.java:logGet(46)) - raft.server.threadpool.server.cached = true (default)
2023-12-10 08:55:32,585 [71fa9327-596e-4bfe-b86f-33f6bdf50532-groupManagement] INFO  server.RaftServerConfigKeys (ConfUtils.java:logGet(46)) - raft.server.threadpool.server.size = 0 (default)
2023-12-10 08:55:32,585 [71fa9327-596e-4bfe-b86f-33f6bdf50532-groupManagement] INFO  server.RaftServerConfigKeys (ConfUtils.java:logGet(46)) - raft.server.threadpool.client.cached = true (default)
2023-12-10 08:55:32,586 [71fa9327-596e-4bfe-b86f-33f6bdf50532-groupManagement] INFO  server.RaftServerConfigKeys (ConfUtils.java:logGet(46)) - raft.server.threadpool.client.size = 0 (default)
2023-12-10 08:55:32,587 [71fa9327-596e-4bfe-b86f-33f6bdf50532-groupManagement] INFO  server.RaftServer$Division (RaftServerImpl.java:<init>(256)) - 71fa9327-596e-4bfe-b86f-33f6bdf50532: new RaftServerImpl for group-F342B1D124FD:[8170aa16-323e-44de-b8c0-3f99a1184856|10.1.0.29:15041, ab6f04f4-5b2e-49ed-8ed6-18cca86f2b6f|10.1.0.29:15059, 71fa9327-596e-4bfe-b86f-33f6bdf50532|10.1.0.29:15050] with ContainerStateMachine:uninitialized
2023-12-10 08:55:32,587 [71fa9327-596e-4bfe-b86f-33f6bdf50532-groupManagement] INFO  server.RaftServerConfigKeys (ConfUtils.java:logGet(46)) - raft.server.rpc.timeout.min = 5s (custom)
2023-12-10 08:55:32,588 [71fa9327-596e-4bfe-b86f-33f6bdf50532-groupManagement] INFO  server.RaftServerConfigKeys (ConfUtils.java:logGet(46)) - raft.server.rpc.timeout.max = 5200ms (custom)
2023-12-10 08:55:32,588 [71fa9327-596e-4bfe-b86f-33f6bdf50532-groupManagement] INFO  server.RaftServerConfigKeys (ConfUtils.java:logGet(46)) - raft.server.rpc.sleep.time = 25ms (default)
2023-12-10 08:55:32,588 [71fa9327-596e-4bfe-b86f-33f6bdf50532-groupManagement] INFO  server.RaftServerConfigKeys (ConfUtils.java:logGet(46)) - raft.server.rpc.slowness.timeout = 300s (custom)
2023-12-10 08:55:32,590 [71fa9327-596e-4bfe-b86f-33f6bdf50532-groupManagement] INFO  server.RaftServerConfigKeys (ConfUtils.java:logGet(46)) - raft.server.leaderelection.leader.step-down.wait-time = 10s (default)
2023-12-10 08:55:32,591 [71fa9327-596e-4bfe-b86f-33f6bdf50532-groupManagement] INFO  server.RaftServerConfigKeys (ConfUtils.java:logGet(46)) - raft.server.leaderelection.member.majority-add = false (default)
2023-12-10 08:55:32,591 [71fa9327-596e-4bfe-b86f-33f6bdf50532-groupManagement] INFO  server.RaftServerConfigKeys (ConfUtils.java:logGet(46)) - raft.server.sleep.deviation.threshold = 300ms (default)
2023-12-10 08:55:32,591 [71fa9327-596e-4bfe-b86f-33f6bdf50532-groupManagement] INFO  server.RaftServer$Division (ServerState.java:<init>(113)) - 71fa9327-596e-4bfe-b86f-33f6bdf50532@group-F342B1D124FD: ConfigurationManager, init=-1: peers:[8170aa16-323e-44de-b8c0-3f99a1184856|10.1.0.29:15041, ab6f04f4-5b2e-49ed-8ed6-18cca86f2b6f|10.1.0.29:15059, 71fa9327-596e-4bfe-b86f-33f6bdf50532|10.1.0.29:15050]|listeners:[], old=null, confs=<EMPTY_MAP>
2023-12-10 08:55:32,591 [71fa9327-596e-4bfe-b86f-33f6bdf50532-groupManagement] INFO  server.RaftServerConfigKeys (ConfUtils.java:logGet(46)) - raft.server.notification.no-leader.timeout = 300s (custom)
2023-12-10 08:55:32,591 [71fa9327-596e-4bfe-b86f-33f6bdf50532-groupManagement] INFO  server.RaftServerConfigKeys (ConfUtils.java:logGet(46)) - raft.server.read.timeout = 10s (default)
2023-12-10 08:55:32,594 [71fa9327-596e-4bfe-b86f-33f6bdf50532-groupManagement] INFO  server.RaftServerConfigKeys (ConfUtils.java:logGet(46)) - raft.server.retrycache.expirytime = 600000ms (custom)
2023-12-10 08:55:32,594 [71fa9327-596e-4bfe-b86f-33f6bdf50532-groupManagement] INFO  server.RaftServerConfigKeys (ConfUtils.java:logGet(46)) - raft.server.retrycache.statistics.expirytime = 100ms (default)
2023-12-10 08:55:32,594 [71fa9327-596e-4bfe-b86f-33f6bdf50532-groupManagement] INFO  server.RaftServerConfigKeys (ConfUtils.java:logGet(46)) - raft.server.read.option = DEFAULT (default)
2023-12-10 08:55:32,594 [71fa9327-596e-4bfe-b86f-33f6bdf50532-groupManagement] INFO  server.RaftServerConfigKeys (ConfUtils.java:logGet(46)) - raft.server.read.read-after-write-consistent.write-index-cache.expiry-time = 60s (default)
2023-12-10 08:55:32,604 [main] INFO  ozone.MiniOzoneClusterImpl (MiniOzoneClusterImpl.java:lambda$waitForClusterToBeReady$0(229)) - Nodes are ready. Got 14 of 14 DN Heartbeats.
2023-12-10 08:55:32,604 [main] INFO  ozone.MiniOzoneClusterImpl (MiniOzoneClusterImpl.java:lambda$waitForClusterToBeReady$0(232)) - Waiting for cluster to exit safe mode
2023-12-10 08:55:32,604 [main] INFO  ozone.MiniOzoneClusterImpl (MiniOzoneClusterImpl.java:lambda$waitForClusterToBeReady$0(234)) - SCM became leader
2023-12-10 08:55:32,614 [71fa9327-596e-4bfe-b86f-33f6bdf50532-groupManagement] INFO  server.RaftServerConfigKeys (ConfUtils.java:logGet(46)) - raft.server.rpc.request.timeout = 60s (custom)
2023-12-10 08:55:32,614 [71fa9327-596e-4bfe-b86f-33f6bdf50532-groupManagement] INFO  server.RaftServerConfigKeys (ConfUtils.java:logGet(46)) - raft.server.log.appender.install.snapshot.enabled = false (custom)
2023-12-10 08:55:32,614 [71fa9327-596e-4bfe-b86f-33f6bdf50532-groupManagement] INFO  server.RaftServerConfigKeys (ConfUtils.java:logGet(46)) - raft.server.threadpool.server.cached = true (default)
2023-12-10 08:55:32,614 [71fa9327-596e-4bfe-b86f-33f6bdf50532-groupManagement] INFO  server.RaftServerConfigKeys (ConfUtils.java:logGet(46)) - raft.server.threadpool.server.size = 0 (default)
2023-12-10 08:55:32,614 [71fa9327-596e-4bfe-b86f-33f6bdf50532-groupManagement] INFO  server.RaftServerConfigKeys (ConfUtils.java:logGet(46)) - raft.server.threadpool.client.cached = true (default)
2023-12-10 08:55:32,614 [71fa9327-596e-4bfe-b86f-33f6bdf50532-groupManagement] INFO  server.RaftServerConfigKeys (ConfUtils.java:logGet(46)) - raft.server.threadpool.client.size = 0 (default)
2023-12-10 08:55:32,614 [71fa9327-596e-4bfe-b86f-33f6bdf50532-groupManagement] INFO  server.RaftServerConfigKeys (ConfUtils.java:logGet(46)) - raft.server.storage.free-space.min = 0MB (=0) (default)
2023-12-10 08:55:32,614 [71fa9327-596e-4bfe-b86f-33f6bdf50532-groupManagement] INFO  server.RaftServerConfigKeys (ConfUtils.java:logGet(46)) - raft.server.log.corruption.policy = EXCEPTION (default)
2023-12-10 08:55:32,614 [71fa9327-596e-4bfe-b86f-33f6bdf50532-groupManagement] INFO  server.RaftServerConfigKeys (ConfUtils.java:logGet(46)) - raft.server.storage.dir = [/home/runner/work/ozone/ozone/hadoop-ozone/integration-test/target/test-dir/MiniOzoneClusterImpl-7f66dfcd-4d84-4460-b9fe-211923c7b7bb/datanode-4/data/ratis] (custom)
2023-12-10 08:55:32,615 [71fa9327-596e-4bfe-b86f-33f6bdf50532-groupManagement] INFO  storage.RaftStorageDirectory (RaftStorageDirectoryImpl.java:analyzeStorage(138)) - The storage directory /home/runner/work/ozone/ozone/hadoop-ozone/integration-test/target/test-dir/MiniOzoneClusterImpl-7f66dfcd-4d84-4460-b9fe-211923c7b7bb/datanode-4/data/ratis/189588f6-959e-4d62-8f1a-c38045d0070f does not exist. Creating ...
2023-12-10 08:55:32,616 [71fa9327-596e-4bfe-b86f-33f6bdf50532-groupManagement] INFO  storage.RaftStorageDirectory (RaftStorageDirectoryImpl.java:tryLock(232)) - Lock on /home/runner/work/ozone/ozone/hadoop-ozone/integration-test/target/test-dir/MiniOzoneClusterImpl-7f66dfcd-4d84-4460-b9fe-211923c7b7bb/datanode-4/data/ratis/189588f6-959e-4d62-8f1a-c38045d0070f/in_use.lock acquired by nodename 49456@fv-az1041-125
2023-12-10 08:55:32,617 [71fa9327-596e-4bfe-b86f-33f6bdf50532-groupManagement] INFO  storage.RaftStorage (RaftStorageImpl.java:format(97)) - Storage directory /home/runner/work/ozone/ozone/hadoop-ozone/integration-test/target/test-dir/MiniOzoneClusterImpl-7f66dfcd-4d84-4460-b9fe-211923c7b7bb/datanode-4/data/ratis/189588f6-959e-4d62-8f1a-c38045d0070f has been successfully formatted.
2023-12-10 08:55:32,626 [71fa9327-596e-4bfe-b86f-33f6bdf50532-groupManagement] INFO  ratis.ContainerStateMachine (ContainerStateMachine.java:loadSnapshot(269)) - group-C38045D0070F: The snapshot info is null. Setting the last applied indexto:(t:0, i:~)
2023-12-10 08:55:32,626 [71fa9327-596e-4bfe-b86f-33f6bdf50532-groupManagement] INFO  server.RaftServerConfigKeys (ConfUtils.java:logGet(46)) - raft.server.log.use.memory = false (default)
2023-12-10 08:55:32,627 [71fa9327-596e-4bfe-b86f-33f6bdf50532-groupManagement] INFO  server.RaftServerConfigKeys (ConfUtils.java:logGet(46)) - raft.server.log.purge.gap = 1000000 (custom)
2023-12-10 08:55:32,627 [71fa9327-596e-4bfe-b86f-33f6bdf50532-groupManagement] INFO  server.RaftServerConfigKeys (ConfUtils.java:logGet(46)) - raft.server.log.appender.buffer.byte-limit = 8388608 (custom)
2023-12-10 08:55:32,627 [71fa9327-596e-4bfe-b86f-33f6bdf50532-groupManagement] INFO  server.RaftServerConfigKeys (ConfUtils.java:logGet(46)) - raft.server.log.statemachine.data.read.timeout = 1000ms (default)
2023-12-10 08:55:32,627 [71fa9327-596e-4bfe-b86f-33f6bdf50532-groupManagement] INFO  server.RaftServerConfigKeys (ConfUtils.java:logGet(46)) - raft.server.log.purge.preservation.log.num = 0 (default)
2023-12-10 08:55:32,630 [71fa9327-596e-4bfe-b86f-33f6bdf50532-groupManagement] INFO  server.RaftServerConfigKeys (ConfUtils.java:logGet(46)) - raft.server.log.segment.size.max = 67108864 (custom)
2023-12-10 08:55:32,631 [71fa9327-596e-4bfe-b86f-33f6bdf50532-groupManagement] INFO  server.RaftServerConfigKeys (ConfUtils.java:logGet(46)) - raft.server.log.segment.cache.num.max = 2 (custom)
2023-12-10 08:55:32,632 [71fa9327-596e-4bfe-b86f-33f6bdf50532-groupManagement] INFO  server.RaftServerConfigKeys (ConfUtils.java:logGet(46)) - raft.server.log.segment.cache.size.max = 200MB (=209715200) (default)
2023-12-10 08:55:32,632 [71fa9327-596e-4bfe-b86f-33f6bdf50532-groupManagement] INFO  server.RaftServerConfigKeys (ConfUtils.java:logGet(46)) - raft.server.log.appender.buffer.byte-limit = 8388608 (custom)
2023-12-10 08:55:32,635 [71fa9327-596e-4bfe-b86f-33f6bdf50532-groupManagement] INFO  util.AwaitToRun (AwaitToRun.java:start(81)) - Thread[71fa9327-596e-4bfe-b86f-33f6bdf50532@group-C38045D0070F-cacheEviction-AwaitToRun,5,main] started
2023-12-10 08:55:32,635 [edd7aebe-e713-4899-b982-ee5b12165735-PipelineCommandHandlerThread-0] INFO  commandhandler.CreatePipelineCommandHandler (CreatePipelineCommandHandler.java:lambda$handle$2(124)) - Created Pipeline RATIS THREE PipelineID=3ddc4401-8e2f-411b-861a-1cdc7742679f.
2023-12-10 08:55:32,635 [71fa9327-596e-4bfe-b86f-33f6bdf50532-groupManagement] INFO  segmented.SegmentedRaftLogWorker (SegmentedRaftLogWorker.java:<init>(184)) - new 71fa9327-596e-4bfe-b86f-33f6bdf50532@group-C38045D0070F-SegmentedRaftLogWorker for RaftStorageImpl:Storage Directory /home/runner/work/ozone/ozone/hadoop-ozone/integration-test/target/test-dir/MiniOzoneClusterImpl-7f66dfcd-4d84-4460-b9fe-211923c7b7bb/datanode-4/data/ratis/189588f6-959e-4d62-8f1a-c38045d0070f
2023-12-10 08:55:32,638 [173e1c01-ab9b-4bd4-a1fb-1dc9b7180747-PipelineCommandHandlerThread-0] INFO  commandhandler.CreatePipelineCommandHandler (CreatePipelineCommandHandler.java:lambda$handle$2(124)) - Created Pipeline RATIS THREE PipelineID=3ddc4401-8e2f-411b-861a-1cdc7742679f.
2023-12-10 08:55:32,638 [71fa9327-596e-4bfe-b86f-33f6bdf50532-groupManagement] INFO  server.RaftServerConfigKeys (ConfUtils.java:logGet(46)) - raft.server.log.queue.byte-limit = 4294967296 (custom)
2023-12-10 08:55:32,638 [edd7aebe-e713-4899-b982-ee5b12165735-groupManagement] INFO  server.RaftServer$Division (RaftServerImpl.java:<init>(256)) - edd7aebe-e713-4899-b982-ee5b12165735: new RaftServerImpl for group-E94C0B570E05:[173e1c01-ab9b-4bd4-a1fb-1dc9b7180747|10.1.0.29:15032, edd7aebe-e713-4899-b982-ee5b12165735|10.1.0.29:15023, ceafc0c7-af9d-4de4-ae81-ea841051c606|10.1.0.29:15014] with ContainerStateMachine:uninitialized
2023-12-10 08:55:32,638 [edd7aebe-e713-4899-b982-ee5b12165735-groupManagement] INFO  server.RaftServerConfigKeys (ConfUtils.java:logGet(46)) - raft.server.rpc.timeout.min = 5s (custom)
2023-12-10 08:55:32,638 [173e1c01-ab9b-4bd4-a1fb-1dc9b7180747-PipelineCommandHandlerThread-0] INFO  server.RaftServer (RaftServerProxy.java:addNew(100)) - 173e1c01-ab9b-4bd4-a1fb-1dc9b7180747: addNew group-E94C0B570E05:[173e1c01-ab9b-4bd4-a1fb-1dc9b7180747|10.1.0.29:15032, edd7aebe-e713-4899-b982-ee5b12165735|10.1.0.29:15023, ceafc0c7-af9d-4de4-ae81-ea841051c606|10.1.0.29:15014] returns group-E94C0B570E05:java.util.concurrent.CompletableFuture@659b78da[Not completed]
2023-12-10 08:55:32,638 [edd7aebe-e713-4899-b982-ee5b12165735-groupManagement] INFO  server.RaftServerConfigKeys (ConfUtils.java:logGet(46)) - raft.server.rpc.timeout.max = 5200ms (custom)
2023-12-10 08:55:32,638 [edd7aebe-e713-4899-b982-ee5b12165735-groupManagement] INFO  server.RaftServerConfigKeys (ConfUtils.java:logGet(46)) - raft.server.rpc.sleep.time = 25ms (default)
2023-12-10 08:55:32,638 [edd7aebe-e713-4899-b982-ee5b12165735-groupManagement] INFO  server.RaftServerConfigKeys (ConfUtils.java:logGet(46)) - raft.server.rpc.slowness.timeout = 300s (custom)
2023-12-10 08:55:32,638 [edd7aebe-e713-4899-b982-ee5b12165735-groupManagement] INFO  server.RaftServerConfigKeys (ConfUtils.java:logGet(46)) - raft.server.leaderelection.leader.step-down.wait-time = 10s (default)
2023-12-10 08:55:32,639 [edd7aebe-e713-4899-b982-ee5b12165735-groupManagement] INFO  server.RaftServerConfigKeys (ConfUtils.java:logGet(46)) - raft.server.leaderelection.member.majority-add = false (default)
2023-12-10 08:55:32,639 [edd7aebe-e713-4899-b982-ee5b12165735-groupManagement] INFO  server.RaftServerConfigKeys (ConfUtils.java:logGet(46)) - raft.server.sleep.deviation.threshold = 300ms (default)
2023-12-10 08:55:32,639 [edd7aebe-e713-4899-b982-ee5b12165735-groupManagement] INFO  server.RaftServer$Division (ServerState.java:<init>(113)) - edd7aebe-e713-4899-b982-ee5b12165735@group-E94C0B570E05: ConfigurationManager, init=-1: peers:[173e1c01-ab9b-4bd4-a1fb-1dc9b7180747|10.1.0.29:15032, edd7aebe-e713-4899-b982-ee5b12165735|10.1.0.29:15023, ceafc0c7-af9d-4de4-ae81-ea841051c606|10.1.0.29:15014]|listeners:[], old=null, confs=<EMPTY_MAP>
2023-12-10 08:55:32,639 [edd7aebe-e713-4899-b982-ee5b12165735-groupManagement] INFO  server.RaftServerConfigKeys (ConfUtils.java:logGet(46)) - raft.server.notification.no-leader.timeout = 300s (custom)
2023-12-10 08:55:32,639 [edd7aebe-e713-4899-b982-ee5b12165735-groupManagement] INFO  server.RaftServerConfigKeys (ConfUtils.java:logGet(46)) - raft.server.read.timeout = 10s (default)
2023-12-10 08:55:32,639 [173e1c01-ab9b-4bd4-a1fb-1dc9b7180747-groupManagement] INFO  server.RaftServer$Division (RaftServerImpl.java:<init>(256)) - 173e1c01-ab9b-4bd4-a1fb-1dc9b7180747: new RaftServerImpl for group-E94C0B570E05:[173e1c01-ab9b-4bd4-a1fb-1dc9b7180747|10.1.0.29:15032, edd7aebe-e713-4899-b982-ee5b12165735|10.1.0.29:15023, ceafc0c7-af9d-4de4-ae81-ea841051c606|10.1.0.29:15014] with ContainerStateMachine:uninitialized
2023-12-10 08:55:32,636 [ceafc0c7-af9d-4de4-ae81-ea841051c606-PipelineCommandHandlerThread-0] INFO  commandhandler.CreatePipelineCommandHandler (CreatePipelineCommandHandler.java:lambda$handle$2(124)) - Created Pipeline RATIS THREE PipelineID=3ddc4401-8e2f-411b-861a-1cdc7742679f.
2023-12-10 08:55:32,639 [ceafc0c7-af9d-4de4-ae81-ea841051c606-PipelineCommandHandlerThread-0] INFO  server.RaftServer (RaftServerProxy.java:addNew(100)) - ceafc0c7-af9d-4de4-ae81-ea841051c606: addNew group-E94C0B570E05:[173e1c01-ab9b-4bd4-a1fb-1dc9b7180747|10.1.0.29:15032, edd7aebe-e713-4899-b982-ee5b12165735|10.1.0.29:15023, ceafc0c7-af9d-4de4-ae81-ea841051c606|10.1.0.29:15014] returns group-E94C0B570E05:java.util.concurrent.CompletableFuture@2a928adb[Not completed]
2023-12-10 08:55:32,640 [ceafc0c7-af9d-4de4-ae81-ea841051c606-groupManagement] INFO  server.RaftServer$Division (RaftServerImpl.java:<init>(256)) - ceafc0c7-af9d-4de4-ae81-ea841051c606: new RaftServerImpl for group-E94C0B570E05:[173e1c01-ab9b-4bd4-a1fb-1dc9b7180747|10.1.0.29:15032, edd7aebe-e713-4899-b982-ee5b12165735|10.1.0.29:15023, ceafc0c7-af9d-4de4-ae81-ea841051c606|10.1.0.29:15014] with ContainerStateMachine:uninitialized
2023-12-10 08:55:32,640 [ceafc0c7-af9d-4de4-ae81-ea841051c606-groupManagement] INFO  server.RaftServerConfigKeys (ConfUtils.java:logGet(46)) - raft.server.rpc.timeout.min = 5s (custom)
2023-12-10 08:55:32,640 [ceafc0c7-af9d-4de4-ae81-ea841051c606-groupManagement] INFO  server.RaftServerConfigKeys (ConfUtils.java:logGet(46)) - raft.server.rpc.timeout.max = 5200ms (custom)
2023-12-10 08:55:32,640 [ceafc0c7-af9d-4de4-ae81-ea841051c606-groupManagement] INFO  server.RaftServerConfigKeys (ConfUtils.java:logGet(46)) - raft.server.rpc.sleep.time = 25ms (default)
2023-12-10 08:55:32,640 [ceafc0c7-af9d-4de4-ae81-ea841051c606-groupManagement] INFO  server.RaftServerConfigKeys (ConfUtils.java:logGet(46)) - raft.server.rpc.slowness.timeout = 300s (custom)
2023-12-10 08:55:32,640 [ceafc0c7-af9d-4de4-ae81-ea841051c606-groupManagement] INFO  server.RaftServerConfigKeys (ConfUtils.java:logGet(46)) - raft.server.leaderelection.leader.step-down.wait-time = 10s (default)
2023-12-10 08:55:32,640 [ceafc0c7-af9d-4de4-ae81-ea841051c606-groupManagement] INFO  server.RaftServerConfigKeys (ConfUtils.java:logGet(46)) - raft.server.leaderelection.member.majority-add = false (default)
2023-12-10 08:55:32,640 [ceafc0c7-af9d-4de4-ae81-ea841051c606-groupManagement] INFO  server.RaftServerConfigKeys (ConfUtils.java:logGet(46)) - raft.server.sleep.deviation.threshold = 300ms (default)
2023-12-10 08:55:32,641 [ceafc0c7-af9d-4de4-ae81-ea841051c606-groupManagement] INFO  server.RaftServer$Division (ServerState.java:<init>(113)) - ceafc0c7-af9d-4de4-ae81-ea841051c606@group-E94C0B570E05: ConfigurationManager, init=-1: peers:[173e1c01-ab9b-4bd4-a1fb-1dc9b7180747|10.1.0.29:15032, edd7aebe-e713-4899-b982-ee5b12165735|10.1.0.29:15023, ceafc0c7-af9d-4de4-ae81-ea841051c606|10.1.0.29:15014]|listeners:[], old=null, confs=<EMPTY_MAP>
2023-12-10 08:55:32,641 [ceafc0c7-af9d-4de4-ae81-ea841051c606-groupManagement] INFO  server.RaftServerConfigKeys (ConfUtils.java:logGet(46)) - raft.server.notification.no-leader.timeout = 300s (custom)
2023-12-10 08:55:32,641 [ceafc0c7-af9d-4de4-ae81-ea841051c606-groupManagement] INFO  server.RaftServerConfigKeys (ConfUtils.java:logGet(46)) - raft.server.read.timeout = 10s (default)
2023-12-10 08:55:32,641 [ceafc0c7-af9d-4de4-ae81-ea841051c606-groupManagement] INFO  server.RaftServerConfigKeys (ConfUtils.java:logGet(46)) - raft.server.retrycache.expirytime = 600000ms (custom)
2023-12-10 08:55:32,641 [ceafc0c7-af9d-4de4-ae81-ea841051c606-groupManagement] INFO  server.RaftServerConfigKeys (ConfUtils.java:logGet(46)) - raft.server.retrycache.statistics.expirytime = 100ms (default)
2023-12-10 08:55:32,641 [ceafc0c7-af9d-4de4-ae81-ea841051c606-groupManagement] INFO  server.RaftServerConfigKeys (ConfUtils.java:logGet(46)) - raft.server.read.option = DEFAULT (default)
2023-12-10 08:55:32,641 [ceafc0c7-af9d-4de4-ae81-ea841051c606-groupManagement] INFO  server.RaftServerConfigKeys (ConfUtils.java:logGet(46)) - raft.server.read.read-after-write-consistent.write-index-cache.expiry-time = 60s (default)
2023-12-10 08:55:32,636 [edd7aebe-e713-4899-b982-ee5b12165735-PipelineCommandHandlerThread-0] INFO  server.RaftServer (RaftServerProxy.java:addNew(100)) - edd7aebe-e713-4899-b982-ee5b12165735: addNew group-E94C0B570E05:[173e1c01-ab9b-4bd4-a1fb-1dc9b7180747|10.1.0.29:15032, edd7aebe-e713-4899-b982-ee5b12165735|10.1.0.29:15023, ceafc0c7-af9d-4de4-ae81-ea841051c606|10.1.0.29:15014] returns group-E94C0B570E05:java.util.concurrent.CompletableFuture@4eb03a2c[Not completed]
2023-12-10 08:55:32,639 [173e1c01-ab9b-4bd4-a1fb-1dc9b7180747-groupManagement] INFO  server.RaftServerConfigKeys (ConfUtils.java:logGet(46)) - raft.server.rpc.timeout.min = 5s (custom)
2023-12-10 08:55:32,639 [edd7aebe-e713-4899-b982-ee5b12165735-groupManagement] INFO  server.RaftServerConfigKeys (ConfUtils.java:logGet(46)) - raft.server.retrycache.expirytime = 600000ms (custom)
2023-12-10 08:55:32,638 [71fa9327-596e-4bfe-b86f-33f6bdf50532-groupManagement] INFO  server.RaftServerConfigKeys (ConfUtils.java:logGet(46)) - raft.server.log.queue.element-limit = 1024 (custom)
2023-12-10 08:55:32,644 [edd7aebe-e713-4899-b982-ee5b12165735-groupManagement] INFO  server.RaftServerConfigKeys (ConfUtils.java:logGet(46)) - raft.server.retrycache.statistics.expirytime = 100ms (default)
2023-12-10 08:55:32,644 [173e1c01-ab9b-4bd4-a1fb-1dc9b7180747-groupManagement] INFO  server.RaftServerConfigKeys (ConfUtils.java:logGet(46)) - raft.server.rpc.timeout.max = 5200ms (custom)
2023-12-10 08:55:32,644 [173e1c01-ab9b-4bd4-a1fb-1dc9b7180747-groupManagement] INFO  server.RaftServerConfigKeys (ConfUtils.java:logGet(46)) - raft.server.rpc.sleep.time = 25ms (default)
2023-12-10 08:55:32,644 [173e1c01-ab9b-4bd4-a1fb-1dc9b7180747-groupManagement] INFO  server.RaftServerConfigKeys (ConfUtils.java:logGet(46)) - raft.server.rpc.slowness.timeout = 300s (custom)
2023-12-10 08:55:32,644 [173e1c01-ab9b-4bd4-a1fb-1dc9b7180747-groupManagement] INFO  server.RaftServerConfigKeys (ConfUtils.java:logGet(46)) - raft.server.leaderelection.leader.step-down.wait-time = 10s (default)
2023-12-10 08:55:32,644 [173e1c01-ab9b-4bd4-a1fb-1dc9b7180747-groupManagement] INFO  server.RaftServerConfigKeys (ConfUtils.java:logGet(46)) - raft.server.leaderelection.member.majority-add = false (default)
2023-12-10 08:55:32,644 [173e1c01-ab9b-4bd4-a1fb-1dc9b7180747-groupManagement] INFO  server.RaftServerConfigKeys (ConfUtils.java:logGet(46)) - raft.server.sleep.deviation.threshold = 300ms (default)
2023-12-10 08:55:32,644 [173e1c01-ab9b-4bd4-a1fb-1dc9b7180747-groupManagement] INFO  server.RaftServer$Division (ServerState.java:<init>(113)) - 173e1c01-ab9b-4bd4-a1fb-1dc9b7180747@group-E94C0B570E05: ConfigurationManager, init=-1: peers:[173e1c01-ab9b-4bd4-a1fb-1dc9b7180747|10.1.0.29:15032, edd7aebe-e713-4899-b982-ee5b12165735|10.1.0.29:15023, ceafc0c7-af9d-4de4-ae81-ea841051c606|10.1.0.29:15014]|listeners:[], old=null, confs=<EMPTY_MAP>
2023-12-10 08:55:32,644 [173e1c01-ab9b-4bd4-a1fb-1dc9b7180747-groupManagement] INFO  server.RaftServerConfigKeys (ConfUtils.java:logGet(46)) - raft.server.notification.no-leader.timeout = 300s (custom)
2023-12-10 08:55:32,644 [173e1c01-ab9b-4bd4-a1fb-1dc9b7180747-groupManagement] INFO  server.RaftServerConfigKeys (ConfUtils.java:logGet(46)) - raft.server.read.timeout = 10s (default)
2023-12-10 08:55:32,644 [173e1c01-ab9b-4bd4-a1fb-1dc9b7180747-groupManagement] INFO  server.RaftServerConfigKeys (ConfUtils.java:logGet(46)) - raft.server.retrycache.expirytime = 600000ms (custom)
2023-12-10 08:55:32,644 [173e1c01-ab9b-4bd4-a1fb-1dc9b7180747-groupManagement] INFO  server.RaftServerConfigKeys (ConfUtils.java:logGet(46)) - raft.server.retrycache.statistics.expirytime = 100ms (default)
2023-12-10 08:55:32,644 [173e1c01-ab9b-4bd4-a1fb-1dc9b7180747-groupManagement] INFO  server.RaftServerConfigKeys (ConfUtils.java:logGet(46)) - raft.server.read.option = DEFAULT (default)
2023-12-10 08:55:32,644 [173e1c01-ab9b-4bd4-a1fb-1dc9b7180747-groupManagement] INFO  server.RaftServerConfigKeys (ConfUtils.java:logGet(46)) - raft.server.read.read-after-write-consistent.write-index-cache.expiry-time = 60s (default)
2023-12-10 08:55:32,644 [71fa9327-596e-4bfe-b86f-33f6bdf50532-groupManagement] INFO  server.RaftServerConfigKeys (ConfUtils.java:logGet(46)) - raft.server.log.segment.size.max = 67108864 (custom)
2023-12-10 08:55:32,644 [edd7aebe-e713-4899-b982-ee5b12165735-groupManagement] INFO  server.RaftServerConfigKeys (ConfUtils.java:logGet(46)) - raft.server.read.option = DEFAULT (default)
2023-12-10 08:55:32,645 [edd7aebe-e713-4899-b982-ee5b12165735-groupManagement] INFO  server.RaftServerConfigKeys (ConfUtils.java:logGet(46)) - raft.server.read.read-after-write-consistent.write-index-cache.expiry-time = 60s (default)
2023-12-10 08:55:32,645 [71fa9327-596e-4bfe-b86f-33f6bdf50532-groupManagement] INFO  server.RaftServerConfigKeys (ConfUtils.java:logGet(46)) - raft.server.log.preallocated.size = 4194304 (custom)
2023-12-10 08:55:32,645 [71fa9327-596e-4bfe-b86f-33f6bdf50532-groupManagement] INFO  server.RaftServerConfigKeys (ConfUtils.java:logGet(46)) - raft.server.log.force.sync.num = 128 (default)
2023-12-10 08:55:32,645 [71fa9327-596e-4bfe-b86f-33f6bdf50532-groupManagement] INFO  server.RaftServerConfigKeys (ConfUtils.java:logGet(46)) - raft.server.log.statemachine.data.sync = true (default)
2023-12-10 08:55:32,646 [71fa9327-596e-4bfe-b86f-33f6bdf50532-groupManagement] INFO  server.RaftServerConfigKeys (ConfUtils.java:logGet(46)) - raft.server.log.statemachine.data.sync.timeout = 10s (default)
2023-12-10 08:55:32,646 [71fa9327-596e-4bfe-b86f-33f6bdf50532-groupManagement] INFO  server.RaftServerConfigKeys (ConfUtils.java:logGet(46)) - raft.server.log.statemachine.data.sync.timeout.retry = 0 (custom)
2023-12-10 08:55:32,653 [71fa9327-596e-4bfe-b86f-33f6bdf50532-groupManagement] INFO  server.RaftServerConfigKeys (ConfUtils.java:logGet(46)) - raft.server.log.write.buffer.size = 8388616 (custom)
2023-12-10 08:55:32,655 [71fa9327-596e-4bfe-b86f-33f6bdf50532-groupManagement] INFO  server.RaftServerConfigKeys (ConfUtils.java:logGet(46)) - raft.server.log.appender.buffer.byte-limit = 8388608 (custom)
2023-12-10 08:55:32,656 [71fa9327-596e-4bfe-b86f-33f6bdf50532-groupManagement] INFO  server.RaftServerConfigKeys (ConfUtils.java:logGet(46)) - raft.server.log.unsafe-flush.enabled = false (default)
2023-12-10 08:55:32,656 [71fa9327-596e-4bfe-b86f-33f6bdf50532-groupManagement] INFO  server.RaftServerConfigKeys (ConfUtils.java:logGet(46)) - raft.server.log.async-flush.enabled = false (default)
2023-12-10 08:55:32,656 [71fa9327-596e-4bfe-b86f-33f6bdf50532-groupManagement] INFO  server.RaftServerConfigKeys (ConfUtils.java:logGet(46)) - raft.server.log.statemachine.data.caching.enabled = true (custom)
2023-12-10 08:55:32,656 [71fa9327-596e-4bfe-b86f-33f6bdf50532-groupManagement] INFO  segmented.SegmentedRaftLogWorker (SegmentedRaftLogWorker.java:lambda$new$0(135)) - 71fa9327-596e-4bfe-b86f-33f6bdf50532@group-C38045D0070F-SegmentedRaftLogWorker: flushIndex: setUnconditionally 0 -> -1
2023-12-10 08:55:32,656 [71fa9327-596e-4bfe-b86f-33f6bdf50532-groupManagement] INFO  segmented.SegmentedRaftLogWorker (SegmentedRaftLogWorker.java:lambda$new$0(135)) - 71fa9327-596e-4bfe-b86f-33f6bdf50532@group-C38045D0070F-SegmentedRaftLogWorker: safeCacheEvictIndex: setUnconditionally 0 -> -1
2023-12-10 08:55:32,658 [71fa9327-596e-4bfe-b86f-33f6bdf50532-groupManagement] INFO  server.RaftServer$Division (RaftServerImpl.java:start(392)) - 71fa9327-596e-4bfe-b86f-33f6bdf50532@group-C38045D0070F: start as a follower, conf=-1: peers:[8170aa16-323e-44de-b8c0-3f99a1184856|10.1.0.29:15041, ab6f04f4-5b2e-49ed-8ed6-18cca86f2b6f|10.1.0.29:15059, 71fa9327-596e-4bfe-b86f-33f6bdf50532|10.1.0.29:15050]|listeners:[], old=null
2023-12-10 08:55:32,658 [71fa9327-596e-4bfe-b86f-33f6bdf50532-groupManagement] INFO  server.RaftServer$Division (RaftServerImpl.java:setRole(379)) - 71fa9327-596e-4bfe-b86f-33f6bdf50532@group-C38045D0070F: changes role from      null to FOLLOWER at term 0 for startAsFollower
2023-12-10 08:55:32,658 [71fa9327-596e-4bfe-b86f-33f6bdf50532-groupManagement] INFO  impl.RoleInfo (RoleInfo.java:updateAndGet(139)) - 71fa9327-596e-4bfe-b86f-33f6bdf50532: start 71fa9327-596e-4bfe-b86f-33f6bdf50532@group-C38045D0070F-FollowerState
2023-12-10 08:55:32,660 [ceafc0c7-af9d-4de4-ae81-ea841051c606-groupManagement] INFO  server.RaftServerConfigKeys (ConfUtils.java:logGet(46)) - raft.server.rpc.request.timeout = 60s (custom)
2023-12-10 08:55:32,662 [ceafc0c7-af9d-4de4-ae81-ea841051c606-groupManagement] INFO  server.RaftServerConfigKeys (ConfUtils.java:logGet(46)) - raft.server.log.appender.install.snapshot.enabled = false (custom)
2023-12-10 08:55:32,662 [ceafc0c7-af9d-4de4-ae81-ea841051c606-groupManagement] INFO  server.RaftServerConfigKeys (ConfUtils.java:logGet(46)) - raft.server.threadpool.server.cached = true (default)
2023-12-10 08:55:32,662 [ceafc0c7-af9d-4de4-ae81-ea841051c606-groupManagement] INFO  server.RaftServerConfigKeys (ConfUtils.java:logGet(46)) - raft.server.threadpool.server.size = 0 (default)
2023-12-10 08:55:32,663 [ceafc0c7-af9d-4de4-ae81-ea841051c606-groupManagement] INFO  server.RaftServerConfigKeys (ConfUtils.java:logGet(46)) - raft.server.threadpool.client.cached = true (default)
2023-12-10 08:55:32,663 [ceafc0c7-af9d-4de4-ae81-ea841051c606-groupManagement] INFO  server.RaftServerConfigKeys (ConfUtils.java:logGet(46)) - raft.server.threadpool.client.size = 0 (default)
2023-12-10 08:55:32,664 [ceafc0c7-af9d-4de4-ae81-ea841051c606-groupManagement] INFO  server.RaftServerConfigKeys (ConfUtils.java:logGet(46)) - raft.server.storage.free-space.min = 0MB (=0) (default)
2023-12-10 08:55:32,664 [ceafc0c7-af9d-4de4-ae81-ea841051c606-groupManagement] INFO  server.RaftServerConfigKeys (ConfUtils.java:logGet(46)) - raft.server.log.corruption.policy = EXCEPTION (default)
2023-12-10 08:55:32,664 [edd7aebe-e713-4899-b982-ee5b12165735-groupManagement] INFO  server.RaftServerConfigKeys (ConfUtils.java:logGet(46)) - raft.server.rpc.request.timeout = 60s (custom)
2023-12-10 08:55:32,664 [edd7aebe-e713-4899-b982-ee5b12165735-groupManagement] INFO  server.RaftServerConfigKeys (ConfUtils.java:logGet(46)) - raft.server.log.appender.install.snapshot.enabled = false (custom)
2023-12-10 08:55:32,664 [edd7aebe-e713-4899-b982-ee5b12165735-groupManagement] INFO  server.RaftServerConfigKeys (ConfUtils.java:logGet(46)) - raft.server.threadpool.server.cached = true (default)
2023-12-10 08:55:32,665 [edd7aebe-e713-4899-b982-ee5b12165735-groupManagement] INFO  server.RaftServerConfigKeys (ConfUtils.java:logGet(46)) - raft.server.threadpool.server.size = 0 (default)
2023-12-10 08:55:32,665 [edd7aebe-e713-4899-b982-ee5b12165735-groupManagement] INFO  server.RaftServerConfigKeys (ConfUtils.java:logGet(46)) - raft.server.threadpool.client.cached = true (default)
2023-12-10 08:55:32,665 [edd7aebe-e713-4899-b982-ee5b12165735-groupManagement] INFO  server.RaftServerConfigKeys (ConfUtils.java:logGet(46)) - raft.server.threadpool.client.size = 0 (default)
2023-12-10 08:55:32,665 [edd7aebe-e713-4899-b982-ee5b12165735-groupManagement] INFO  server.RaftServerConfigKeys (ConfUtils.java:logGet(46)) - raft.server.storage.free-space.min = 0MB (=0) (default)
2023-12-10 08:55:32,665 [edd7aebe-e713-4899-b982-ee5b12165735-groupManagement] INFO  server.RaftServerConfigKeys (ConfUtils.java:logGet(46)) - raft.server.log.corruption.policy = EXCEPTION (default)
2023-12-10 08:55:32,665 [edd7aebe-e713-4899-b982-ee5b12165735-groupManagement] INFO  server.RaftServerConfigKeys (ConfUtils.java:logGet(46)) - raft.server.storage.dir = [/home/runner/work/ozone/ozone/hadoop-ozone/integration-test/target/test-dir/MiniOzoneClusterImpl-7f66dfcd-4d84-4460-b9fe-211923c7b7bb/datanode-1/data/ratis] (custom)
2023-12-10 08:55:32,665 [edd7aebe-e713-4899-b982-ee5b12165735-groupManagement] INFO  storage.RaftStorageDirectory (RaftStorageDirectoryImpl.java:analyzeStorage(138)) - The storage directory /home/runner/work/ozone/ozone/hadoop-ozone/integration-test/target/test-dir/MiniOzoneClusterImpl-7f66dfcd-4d84-4460-b9fe-211923c7b7bb/datanode-1/data/ratis/708b8303-c8f3-4adb-8941-e94c0b570e05 does not exist. Creating ...
2023-12-10 08:55:32,661 [173e1c01-ab9b-4bd4-a1fb-1dc9b7180747-groupManagement] INFO  server.RaftServerConfigKeys (ConfUtils.java:logGet(46)) - raft.server.rpc.request.timeout = 60s (custom)
2023-12-10 08:55:32,665 [71fa9327-596e-4bfe-b86f-33f6bdf50532-groupManagement] INFO  util.JmxRegister (JmxRegister.java:tryRegister(44)) - Successfully registered JMX Bean with object name Ratis:service=RaftServer,group=group-C38045D0070F,id=71fa9327-596e-4bfe-b86f-33f6bdf50532
2023-12-10 08:55:32,666 [71fa9327-596e-4bfe-b86f-33f6bdf50532-groupManagement] INFO  server.RaftServerConfigKeys (ConfUtils.java:logGet(46)) - raft.server.snapshot.trigger-when-stop.enabled = true (default)
2023-12-10 08:55:32,666 [71fa9327-596e-4bfe-b86f-33f6bdf50532-groupManagement] INFO  server.RaftServerConfigKeys (ConfUtils.java:logGet(46)) - raft.server.snapshot.auto.trigger.enabled = true (custom)
2023-12-10 08:55:32,666 [71fa9327-596e-4bfe-b86f-33f6bdf50532@group-C38045D0070F-FollowerState] INFO  server.RaftServerConfigKeys (ConfUtils.java:logFallback(53)) - raft.server.rpc.first-election.timeout.min = 5s (fallback to raft.server.rpc.timeout.min)
2023-12-10 08:55:32,666 [71fa9327-596e-4bfe-b86f-33f6bdf50532@group-C38045D0070F-FollowerState] INFO  server.RaftServerConfigKeys (ConfUtils.java:logFallback(53)) - raft.server.rpc.first-election.timeout.max = 5200ms (fallback to raft.server.rpc.timeout.max)
2023-12-10 08:55:32,664 [ceafc0c7-af9d-4de4-ae81-ea841051c606-groupManagement] INFO  server.RaftServerConfigKeys (ConfUtils.java:logGet(46)) - raft.server.storage.dir = [/home/runner/work/ozone/ozone/hadoop-ozone/integration-test/target/test-dir/MiniOzoneClusterImpl-7f66dfcd-4d84-4460-b9fe-211923c7b7bb/datanode-0/data/ratis] (custom)
2023-12-10 08:55:32,667 [ceafc0c7-af9d-4de4-ae81-ea841051c606-groupManagement] INFO  storage.RaftStorageDirectory (RaftStorageDirectoryImpl.java:analyzeStorage(138)) - The storage directory /home/runner/work/ozone/ozone/hadoop-ozone/integration-test/target/test-dir/MiniOzoneClusterImpl-7f66dfcd-4d84-4460-b9fe-211923c7b7bb/datanode-0/data/ratis/708b8303-c8f3-4adb-8941-e94c0b570e05 does not exist. Creating ...
2023-12-10 08:55:32,666 [173e1c01-ab9b-4bd4-a1fb-1dc9b7180747-groupManagement] INFO  server.RaftServerConfigKeys (ConfUtils.java:logGet(46)) - raft.server.log.appender.install.snapshot.enabled = false (custom)
2023-12-10 08:55:32,666 [71fa9327-596e-4bfe-b86f-33f6bdf50532-groupManagement] INFO  server.RaftServerConfigKeys (ConfUtils.java:logGet(46)) - raft.server.snapshot.auto.trigger.threshold = 10000 (custom)
2023-12-10 08:55:32,667 [71fa9327-596e-4bfe-b86f-33f6bdf50532-groupManagement] INFO  server.RaftServerConfigKeys (ConfUtils.java:logGet(46)) - raft.server.snapshot.retention.file.num = 5 (custom)
2023-12-10 08:55:32,667 [edd7aebe-e713-4899-b982-ee5b12165735-groupManagement] INFO  storage.RaftStorageDirectory (RaftStorageDirectoryImpl.java:tryLock(232)) - Lock on /home/runner/work/ozone/ozone/hadoop-ozone/integration-test/target/test-dir/MiniOzoneClusterImpl-7f66dfcd-4d84-4460-b9fe-211923c7b7bb/datanode-1/data/ratis/708b8303-c8f3-4adb-8941-e94c0b570e05/in_use.lock acquired by nodename 49456@fv-az1041-125
2023-12-10 08:55:32,667 [173e1c01-ab9b-4bd4-a1fb-1dc9b7180747-groupManagement] INFO  server.RaftServerConfigKeys (ConfUtils.java:logGet(46)) - raft.server.threadpool.server.cached = true (default)
2023-12-10 08:55:32,667 [71fa9327-596e-4bfe-b86f-33f6bdf50532-groupManagement] INFO  server.RaftServerConfigKeys (ConfUtils.java:logGet(46)) - raft.server.log.purge.upto.snapshot.index = false (default)
2023-12-10 08:55:32,668 [173e1c01-ab9b-4bd4-a1fb-1dc9b7180747-groupManagement] INFO  server.RaftServerConfigKeys (ConfUtils.java:logGet(46)) - raft.server.threadpool.server.size = 0 (default)
2023-12-10 08:55:32,669 [173e1c01-ab9b-4bd4-a1fb-1dc9b7180747-groupManagement] INFO  server.RaftServerConfigKeys (ConfUtils.java:logGet(46)) - raft.server.threadpool.client.cached = true (default)
2023-12-10 08:55:32,669 [173e1c01-ab9b-4bd4-a1fb-1dc9b7180747-groupManagement] INFO  server.RaftServerConfigKeys (ConfUtils.java:logGet(46)) - raft.server.threadpool.client.size = 0 (default)
2023-12-10 08:55:32,669 [ceafc0c7-af9d-4de4-ae81-ea841051c606-groupManagement] INFO  storage.RaftStorageDirectory (RaftStorageDirectoryImpl.java:tryLock(232)) - Lock on /home/runner/work/ozone/ozone/hadoop-ozone/integration-test/target/test-dir/MiniOzoneClusterImpl-7f66dfcd-4d84-4460-b9fe-211923c7b7bb/datanode-0/data/ratis/708b8303-c8f3-4adb-8941-e94c0b570e05/in_use.lock acquired by nodename 49456@fv-az1041-125
2023-12-10 08:55:32,669 [edd7aebe-e713-4899-b982-ee5b12165735-groupManagement] INFO  storage.RaftStorage (RaftStorageImpl.java:format(97)) - Storage directory /home/runner/work/ozone/ozone/hadoop-ozone/integration-test/target/test-dir/MiniOzoneClusterImpl-7f66dfcd-4d84-4460-b9fe-211923c7b7bb/datanode-1/data/ratis/708b8303-c8f3-4adb-8941-e94c0b570e05 has been successfully formatted.
2023-12-10 08:55:32,669 [173e1c01-ab9b-4bd4-a1fb-1dc9b7180747-groupManagement] INFO  server.RaftServerConfigKeys (ConfUtils.java:logGet(46)) - raft.server.storage.free-space.min = 0MB (=0) (default)
2023-12-10 08:55:32,669 [173e1c01-ab9b-4bd4-a1fb-1dc9b7180747-groupManagement] INFO  server.RaftServerConfigKeys (ConfUtils.java:logGet(46)) - raft.server.log.corruption.policy = EXCEPTION (default)
2023-12-10 08:55:32,669 [173e1c01-ab9b-4bd4-a1fb-1dc9b7180747-groupManagement] INFO  server.RaftServerConfigKeys (ConfUtils.java:logGet(46)) - raft.server.storage.dir = [/home/runner/work/ozone/ozone/hadoop-ozone/integration-test/target/test-dir/MiniOzoneClusterImpl-7f66dfcd-4d84-4460-b9fe-211923c7b7bb/datanode-2/data/ratis] (custom)
2023-12-10 08:55:32,670 [173e1c01-ab9b-4bd4-a1fb-1dc9b7180747-groupManagement] INFO  storage.RaftStorageDirectory (RaftStorageDirectoryImpl.java:analyzeStorage(138)) - The storage directory /home/runner/work/ozone/ozone/hadoop-ozone/integration-test/target/test-dir/MiniOzoneClusterImpl-7f66dfcd-4d84-4460-b9fe-211923c7b7bb/datanode-2/data/ratis/708b8303-c8f3-4adb-8941-e94c0b570e05 does not exist. Creating ...
2023-12-10 08:55:32,672 [ceafc0c7-af9d-4de4-ae81-ea841051c606-groupManagement] INFO  storage.RaftStorage (RaftStorageImpl.java:format(97)) - Storage directory /home/runner/work/ozone/ozone/hadoop-ozone/integration-test/target/test-dir/MiniOzoneClusterImpl-7f66dfcd-4d84-4460-b9fe-211923c7b7bb/datanode-0/data/ratis/708b8303-c8f3-4adb-8941-e94c0b570e05 has been successfully formatted.
2023-12-10 08:55:32,673 [173e1c01-ab9b-4bd4-a1fb-1dc9b7180747-groupManagement] INFO  storage.RaftStorageDirectory (RaftStorageDirectoryImpl.java:tryLock(232)) - Lock on /home/runner/work/ozone/ozone/hadoop-ozone/integration-test/target/test-dir/MiniOzoneClusterImpl-7f66dfcd-4d84-4460-b9fe-211923c7b7bb/datanode-2/data/ratis/708b8303-c8f3-4adb-8941-e94c0b570e05/in_use.lock acquired by nodename 49456@fv-az1041-125
2023-12-10 08:55:32,674 [173e1c01-ab9b-4bd4-a1fb-1dc9b7180747-groupManagement] INFO  storage.RaftStorage (RaftStorageImpl.java:format(97)) - Storage directory /home/runner/work/ozone/ozone/hadoop-ozone/integration-test/target/test-dir/MiniOzoneClusterImpl-7f66dfcd-4d84-4460-b9fe-211923c7b7bb/datanode-2/data/ratis/708b8303-c8f3-4adb-8941-e94c0b570e05 has been successfully formatted.
2023-12-10 08:55:32,674 [173e1c01-ab9b-4bd4-a1fb-1dc9b7180747-groupManagement] INFO  ratis.ContainerStateMachine (ContainerStateMachine.java:loadSnapshot(269)) - group-E94C0B570E05: The snapshot info is null. Setting the last applied indexto:(t:0, i:~)
2023-12-10 08:55:32,675 [173e1c01-ab9b-4bd4-a1fb-1dc9b7180747-groupManagement] INFO  server.RaftServerConfigKeys (ConfUtils.java:logGet(46)) - raft.server.log.use.memory = false (default)
2023-12-10 08:55:32,675 [173e1c01-ab9b-4bd4-a1fb-1dc9b7180747-groupManagement] INFO  server.RaftServerConfigKeys (ConfUtils.java:logGet(46)) - raft.server.log.purge.gap = 1000000 (custom)
2023-12-10 08:55:32,676 [173e1c01-ab9b-4bd4-a1fb-1dc9b7180747-groupManagement] INFO  server.RaftServerConfigKeys (ConfUtils.java:logGet(46)) - raft.server.log.appender.buffer.byte-limit = 8388608 (custom)
2023-12-10 08:55:32,676 [173e1c01-ab9b-4bd4-a1fb-1dc9b7180747-groupManagement] INFO  server.RaftServerConfigKeys (ConfUtils.java:logGet(46)) - raft.server.log.statemachine.data.read.timeout = 1000ms (default)
2023-12-10 08:55:32,676 [173e1c01-ab9b-4bd4-a1fb-1dc9b7180747-groupManagement] INFO  server.RaftServerConfigKeys (ConfUtils.java:logGet(46)) - raft.server.log.purge.preservation.log.num = 0 (default)
2023-12-10 08:55:32,680 [173e1c01-ab9b-4bd4-a1fb-1dc9b7180747-groupManagement] INFO  server.RaftServerConfigKeys (ConfUtils.java:logGet(46)) - raft.server.log.segment.size.max = 67108864 (custom)
2023-12-10 08:55:32,681 [173e1c01-ab9b-4bd4-a1fb-1dc9b7180747-groupManagement] INFO  server.RaftServerConfigKeys (ConfUtils.java:logGet(46)) - raft.server.log.segment.cache.num.max = 2 (custom)
2023-12-10 08:55:32,681 [173e1c01-ab9b-4bd4-a1fb-1dc9b7180747-groupManagement] INFO  server.RaftServerConfigKeys (ConfUtils.java:logGet(46)) - raft.server.log.segment.cache.size.max = 200MB (=209715200) (default)
2023-12-10 08:55:32,681 [173e1c01-ab9b-4bd4-a1fb-1dc9b7180747-groupManagement] INFO  server.RaftServerConfigKeys (ConfUtils.java:logGet(46)) - raft.server.log.appender.buffer.byte-limit = 8388608 (custom)
2023-12-10 08:55:32,690 [173e1c01-ab9b-4bd4-a1fb-1dc9b7180747-groupManagement] INFO  util.AwaitToRun (AwaitToRun.java:start(81)) - Thread[173e1c01-ab9b-4bd4-a1fb-1dc9b7180747@group-E94C0B570E05-cacheEviction-AwaitToRun,5,main] started
2023-12-10 08:55:32,690 [173e1c01-ab9b-4bd4-a1fb-1dc9b7180747-groupManagement] INFO  segmented.SegmentedRaftLogWorker (SegmentedRaftLogWorker.java:<init>(184)) - new 173e1c01-ab9b-4bd4-a1fb-1dc9b7180747@group-E94C0B570E05-SegmentedRaftLogWorker for RaftStorageImpl:Storage Directory /home/runner/work/ozone/ozone/hadoop-ozone/integration-test/target/test-dir/MiniOzoneClusterImpl-7f66dfcd-4d84-4460-b9fe-211923c7b7bb/datanode-2/data/ratis/708b8303-c8f3-4adb-8941-e94c0b570e05
2023-12-10 08:55:32,690 [edd7aebe-e713-4899-b982-ee5b12165735-groupManagement] INFO  ratis.ContainerStateMachine (ContainerStateMachine.java:loadSnapshot(269)) - group-E94C0B570E05: The snapshot info is null. Setting the last applied indexto:(t:0, i:~)
2023-12-10 08:55:32,690 [edd7aebe-e713-4899-b982-ee5b12165735-groupManagement] INFO  server.RaftServerConfigKeys (ConfUtils.java:logGet(46)) - raft.server.log.use.memory = false (default)
2023-12-10 08:55:32,691 [edd7aebe-e713-4899-b982-ee5b12165735-groupManagement] INFO  server.RaftServerConfigKeys (ConfUtils.java:logGet(46)) - raft.server.log.purge.gap = 1000000 (custom)
2023-12-10 08:55:32,691 [edd7aebe-e713-4899-b982-ee5b12165735-groupManagement] INFO  server.RaftServerConfigKeys (ConfUtils.java:logGet(46)) - raft.server.log.appender.buffer.byte-limit = 8388608 (custom)
2023-12-10 08:55:32,690 [ceafc0c7-af9d-4de4-ae81-ea841051c606-groupManagement] INFO  ratis.ContainerStateMachine (ContainerStateMachine.java:loadSnapshot(269)) - group-E94C0B570E05: The snapshot info is null. Setting the last applied indexto:(t:0, i:~)
2023-12-10 08:55:32,691 [edd7aebe-e713-4899-b982-ee5b12165735-groupManagement] INFO  server.RaftServerConfigKeys (ConfUtils.java:logGet(46)) - raft.server.log.statemachine.data.read.timeout = 1000ms (default)
2023-12-10 08:55:32,690 [173e1c01-ab9b-4bd4-a1fb-1dc9b7180747-groupManagement] INFO  server.RaftServerConfigKeys (ConfUtils.java:logGet(46)) - raft.server.log.queue.byte-limit = 4294967296 (custom)
2023-12-10 08:55:32,691 [173e1c01-ab9b-4bd4-a1fb-1dc9b7180747-groupManagement] INFO  server.RaftServerConfigKeys (ConfUtils.java:logGet(46)) - raft.server.log.queue.element-limit = 1024 (custom)
2023-12-10 08:55:32,691 [173e1c01-ab9b-4bd4-a1fb-1dc9b7180747-groupManagement] INFO  server.RaftServerConfigKeys (ConfUtils.java:logGet(46)) - raft.server.log.segment.size.max = 67108864 (custom)
2023-12-10 08:55:32,691 [173e1c01-ab9b-4bd4-a1fb-1dc9b7180747-groupManagement] INFO  server.RaftServerConfigKeys (ConfUtils.java:logGet(46)) - raft.server.log.preallocated.size = 4194304 (custom)
2023-12-10 08:55:32,691 [173e1c01-ab9b-4bd4-a1fb-1dc9b7180747-groupManagement] INFO  server.RaftServerConfigKeys (ConfUtils.java:logGet(46)) - raft.server.log.force.sync.num = 128 (default)
2023-12-10 08:55:32,692 [173e1c01-ab9b-4bd4-a1fb-1dc9b7180747-groupManagement] INFO  server.RaftServerConfigKeys (ConfUtils.java:logGet(46)) - raft.server.log.statemachine.data.sync = true (default)
2023-12-10 08:55:32,692 [173e1c01-ab9b-4bd4-a1fb-1dc9b7180747-groupManagement] INFO  server.RaftServerConfigKeys (ConfUtils.java:logGet(46)) - raft.server.log.statemachine.data.sync.timeout = 10s (default)
2023-12-10 08:55:32,692 [173e1c01-ab9b-4bd4-a1fb-1dc9b7180747-groupManagement] INFO  server.RaftServerConfigKeys (ConfUtils.java:logGet(46)) - raft.server.log.statemachine.data.sync.timeout.retry = 0 (custom)
2023-12-10 08:55:32,691 [edd7aebe-e713-4899-b982-ee5b12165735-groupManagement] INFO  server.RaftServerConfigKeys (ConfUtils.java:logGet(46)) - raft.server.log.purge.preservation.log.num = 0 (default)
2023-12-10 08:55:32,695 [173e1c01-ab9b-4bd4-a1fb-1dc9b7180747-groupManagement] INFO  server.RaftServerConfigKeys (ConfUtils.java:logGet(46)) - raft.server.log.write.buffer.size = 8388616 (custom)
2023-12-10 08:55:32,697 [173e1c01-ab9b-4bd4-a1fb-1dc9b7180747-groupManagement] INFO  server.RaftServerConfigKeys (ConfUtils.java:logGet(46)) - raft.server.log.appender.buffer.byte-limit = 8388608 (custom)
2023-12-10 08:55:32,691 [ceafc0c7-af9d-4de4-ae81-ea841051c606-groupManagement] INFO  server.RaftServerConfigKeys (ConfUtils.java:logGet(46)) - raft.server.log.use.memory = false (default)
2023-12-10 08:55:32,698 [ceafc0c7-af9d-4de4-ae81-ea841051c606-groupManagement] INFO  server.RaftServerConfigKeys (ConfUtils.java:logGet(46)) - raft.server.log.purge.gap = 1000000 (custom)
2023-12-10 08:55:32,698 [ceafc0c7-af9d-4de4-ae81-ea841051c606-groupManagement] INFO  server.RaftServerConfigKeys (ConfUtils.java:logGet(46)) - raft.server.log.appender.buffer.byte-limit = 8388608 (custom)
2023-12-10 08:55:32,698 [ceafc0c7-af9d-4de4-ae81-ea841051c606-groupManagement] INFO  server.RaftServerConfigKeys (ConfUtils.java:logGet(46)) - raft.server.log.statemachine.data.read.timeout = 1000ms (default)
2023-12-10 08:55:32,698 [ceafc0c7-af9d-4de4-ae81-ea841051c606-groupManagement] INFO  server.RaftServerConfigKeys (ConfUtils.java:logGet(46)) - raft.server.log.purge.preservation.log.num = 0 (default)
2023-12-10 08:55:32,699 [173e1c01-ab9b-4bd4-a1fb-1dc9b7180747-groupManagement] INFO  server.RaftServerConfigKeys (ConfUtils.java:logGet(46)) - raft.server.log.unsafe-flush.enabled = false (default)
2023-12-10 08:55:32,699 [173e1c01-ab9b-4bd4-a1fb-1dc9b7180747-groupManagement] INFO  server.RaftServerConfigKeys (ConfUtils.java:logGet(46)) - raft.server.log.async-flush.enabled = false (default)
2023-12-10 08:55:32,699 [173e1c01-ab9b-4bd4-a1fb-1dc9b7180747-groupManagement] INFO  server.RaftServerConfigKeys (ConfUtils.java:logGet(46)) - raft.server.log.statemachine.data.caching.enabled = true (custom)
2023-12-10 08:55:32,700 [173e1c01-ab9b-4bd4-a1fb-1dc9b7180747-groupManagement] INFO  segmented.SegmentedRaftLogWorker (SegmentedRaftLogWorker.java:lambda$new$0(135)) - 173e1c01-ab9b-4bd4-a1fb-1dc9b7180747@group-E94C0B570E05-SegmentedRaftLogWorker: flushIndex: setUnconditionally 0 -> -1
2023-12-10 08:55:32,700 [173e1c01-ab9b-4bd4-a1fb-1dc9b7180747-groupManagement] INFO  segmented.SegmentedRaftLogWorker (SegmentedRaftLogWorker.java:lambda$new$0(135)) - 173e1c01-ab9b-4bd4-a1fb-1dc9b7180747@group-E94C0B570E05-SegmentedRaftLogWorker: safeCacheEvictIndex: setUnconditionally 0 -> -1
2023-12-10 08:55:32,704 [71fa9327-596e-4bfe-b86f-33f6bdf50532-groupManagement] INFO  server.RaftServerConfigKeys (ConfUtils.java:logGet(46)) - raft.server.storage.free-space.min = 0MB (=0) (default)
2023-12-10 08:55:32,705 [71fa9327-596e-4bfe-b86f-33f6bdf50532-groupManagement] INFO  server.RaftServerConfigKeys (ConfUtils.java:logGet(46)) - raft.server.log.corruption.policy = EXCEPTION (default)
2023-12-10 08:55:32,705 [71fa9327-596e-4bfe-b86f-33f6bdf50532-groupManagement] INFO  server.RaftServerConfigKeys (ConfUtils.java:logGet(46)) - raft.server.storage.dir = [/home/runner/work/ozone/ozone/hadoop-ozone/integration-test/target/test-dir/MiniOzoneClusterImpl-7f66dfcd-4d84-4460-b9fe-211923c7b7bb/datanode-4/data/ratis] (custom)
2023-12-10 08:55:32,706 [71fa9327-596e-4bfe-b86f-33f6bdf50532-groupManagement] INFO  storage.RaftStorageDirectory (RaftStorageDirectoryImpl.java:analyzeStorage(138)) - The storage directory /home/runner/work/ozone/ozone/hadoop-ozone/integration-test/target/test-dir/MiniOzoneClusterImpl-7f66dfcd-4d84-4460-b9fe-211923c7b7bb/datanode-4/data/ratis/082d7f9d-146b-41ee-8618-f342b1d124fd does not exist. Creating ...
2023-12-10 08:55:32,707 [71fa9327-596e-4bfe-b86f-33f6bdf50532-groupManagement] INFO  storage.RaftStorageDirectory (RaftStorageDirectoryImpl.java:tryLock(232)) - Lock on /home/runner/work/ozone/ozone/hadoop-ozone/integration-test/target/test-dir/MiniOzoneClusterImpl-7f66dfcd-4d84-4460-b9fe-211923c7b7bb/datanode-4/data/ratis/082d7f9d-146b-41ee-8618-f342b1d124fd/in_use.lock acquired by nodename 49456@fv-az1041-125
2023-12-10 08:55:32,708 [71fa9327-596e-4bfe-b86f-33f6bdf50532-groupManagement] INFO  storage.RaftStorage (RaftStorageImpl.java:format(97)) - Storage directory /home/runner/work/ozone/ozone/hadoop-ozone/integration-test/target/test-dir/MiniOzoneClusterImpl-7f66dfcd-4d84-4460-b9fe-211923c7b7bb/datanode-4/data/ratis/082d7f9d-146b-41ee-8618-f342b1d124fd has been successfully formatted.
2023-12-10 08:55:32,709 [edd7aebe-e713-4899-b982-ee5b12165735-groupManagement] INFO  server.RaftServerConfigKeys (ConfUtils.java:logGet(46)) - raft.server.log.segment.size.max = 67108864 (custom)
2023-12-10 08:55:32,710 [edd7aebe-e713-4899-b982-ee5b12165735-groupManagement] INFO  server.RaftServerConfigKeys (ConfUtils.java:logGet(46)) - raft.server.log.segment.cache.num.max = 2 (custom)
2023-12-10 08:55:32,710 [edd7aebe-e713-4899-b982-ee5b12165735-groupManagement] INFO  server.RaftServerConfigKeys (ConfUtils.java:logGet(46)) - raft.server.log.segment.cache.size.max = 200MB (=209715200) (default)
2023-12-10 08:55:32,710 [edd7aebe-e713-4899-b982-ee5b12165735-groupManagement] INFO  server.RaftServerConfigKeys (ConfUtils.java:logGet(46)) - raft.server.log.appender.buffer.byte-limit = 8388608 (custom)
2023-12-10 08:55:32,711 [ceafc0c7-af9d-4de4-ae81-ea841051c606-groupManagement] INFO  server.RaftServerConfigKeys (ConfUtils.java:logGet(46)) - raft.server.log.segment.size.max = 67108864 (custom)
2023-12-10 08:55:32,711 [ceafc0c7-af9d-4de4-ae81-ea841051c606-groupManagement] INFO  server.RaftServerConfigKeys (ConfUtils.java:logGet(46)) - raft.server.log.segment.cache.num.max = 2 (custom)
2023-12-10 08:55:32,711 [ceafc0c7-af9d-4de4-ae81-ea841051c606-groupManagement] INFO  server.RaftServerConfigKeys (ConfUtils.java:logGet(46)) - raft.server.log.segment.cache.size.max = 200MB (=209715200) (default)
2023-12-10 08:55:32,711 [ceafc0c7-af9d-4de4-ae81-ea841051c606-groupManagement] INFO  server.RaftServerConfigKeys (ConfUtils.java:logGet(46)) - raft.server.log.appender.buffer.byte-limit = 8388608 (custom)
2023-12-10 08:55:32,711 [173e1c01-ab9b-4bd4-a1fb-1dc9b7180747-groupManagement] INFO  server.RaftServer$Division (RaftServerImpl.java:start(392)) - 173e1c01-ab9b-4bd4-a1fb-1dc9b7180747@group-E94C0B570E05: start as a follower, conf=-1: peers:[173e1c01-ab9b-4bd4-a1fb-1dc9b7180747|10.1.0.29:15032, edd7aebe-e713-4899-b982-ee5b12165735|10.1.0.29:15023, ceafc0c7-af9d-4de4-ae81-ea841051c606|10.1.0.29:15014]|listeners:[], old=null
2023-12-10 08:55:32,712 [173e1c01-ab9b-4bd4-a1fb-1dc9b7180747-groupManagement] INFO  server.RaftServer$Division (RaftServerImpl.java:setRole(379)) - 173e1c01-ab9b-4bd4-a1fb-1dc9b7180747@group-E94C0B570E05: changes role from      null to FOLLOWER at term 0 for startAsFollower
2023-12-10 08:55:32,712 [173e1c01-ab9b-4bd4-a1fb-1dc9b7180747-groupManagement] INFO  impl.RoleInfo (RoleInfo.java:updateAndGet(139)) - 173e1c01-ab9b-4bd4-a1fb-1dc9b7180747: start 173e1c01-ab9b-4bd4-a1fb-1dc9b7180747@group-E94C0B570E05-FollowerState
2023-12-10 08:55:32,714 [173e1c01-ab9b-4bd4-a1fb-1dc9b7180747-groupManagement] INFO  util.JmxRegister (JmxRegister.java:tryRegister(44)) - Successfully registered JMX Bean with object name Ratis:service=RaftServer,group=group-E94C0B570E05,id=173e1c01-ab9b-4bd4-a1fb-1dc9b7180747
2023-12-10 08:55:32,714 [173e1c01-ab9b-4bd4-a1fb-1dc9b7180747@group-E94C0B570E05-FollowerState] INFO  server.RaftServerConfigKeys (ConfUtils.java:logFallback(53)) - raft.server.rpc.first-election.timeout.min = 5s (fallback to raft.server.rpc.timeout.min)
2023-12-10 08:55:32,714 [173e1c01-ab9b-4bd4-a1fb-1dc9b7180747-groupManagement] INFO  server.RaftServerConfigKeys (ConfUtils.java:logGet(46)) - raft.server.snapshot.trigger-when-stop.enabled = true (default)
2023-12-10 08:55:32,715 [173e1c01-ab9b-4bd4-a1fb-1dc9b7180747-groupManagement] INFO  server.RaftServerConfigKeys (ConfUtils.java:logGet(46)) - raft.server.snapshot.auto.trigger.enabled = true (custom)
2023-12-10 08:55:32,715 [173e1c01-ab9b-4bd4-a1fb-1dc9b7180747-groupManagement] INFO  server.RaftServerConfigKeys (ConfUtils.java:logGet(46)) - raft.server.snapshot.auto.trigger.threshold = 10000 (custom)
2023-12-10 08:55:32,715 [173e1c01-ab9b-4bd4-a1fb-1dc9b7180747-groupManagement] INFO  server.RaftServerConfigKeys (ConfUtils.java:logGet(46)) - raft.server.snapshot.retention.file.num = 5 (custom)
2023-12-10 08:55:32,715 [173e1c01-ab9b-4bd4-a1fb-1dc9b7180747-groupManagement] INFO  server.RaftServerConfigKeys (ConfUtils.java:logGet(46)) - raft.server.log.purge.upto.snapshot.index = false (default)
2023-12-10 08:55:32,715 [173e1c01-ab9b-4bd4-a1fb-1dc9b7180747@group-E94C0B570E05-FollowerState] INFO  server.RaftServerConfigKeys (ConfUtils.java:logFallback(53)) - raft.server.rpc.first-election.timeout.max = 5200ms (fallback to raft.server.rpc.timeout.max)
2023-12-10 08:55:32,718 [ceafc0c7-af9d-4de4-ae81-ea841051c606-groupManagement] INFO  util.AwaitToRun (AwaitToRun.java:start(81)) - Thread[ceafc0c7-af9d-4de4-ae81-ea841051c606@group-E94C0B570E05-cacheEviction-AwaitToRun,5,main] started
2023-12-10 08:55:32,718 [ceafc0c7-af9d-4de4-ae81-ea841051c606-groupManagement] INFO  segmented.SegmentedRaftLogWorker (SegmentedRaftLogWorker.java:<init>(184)) - new ceafc0c7-af9d-4de4-ae81-ea841051c606@group-E94C0B570E05-SegmentedRaftLogWorker for RaftStorageImpl:Storage Directory /home/runner/work/ozone/ozone/hadoop-ozone/integration-test/target/test-dir/MiniOzoneClusterImpl-7f66dfcd-4d84-4460-b9fe-211923c7b7bb/datanode-0/data/ratis/708b8303-c8f3-4adb-8941-e94c0b570e05
2023-12-10 08:55:32,718 [ceafc0c7-af9d-4de4-ae81-ea841051c606-groupManagement] INFO  server.RaftServerConfigKeys (ConfUtils.java:logGet(46)) - raft.server.log.queue.byte-limit = 4294967296 (custom)
2023-12-10 08:55:32,718 [ceafc0c7-af9d-4de4-ae81-ea841051c606-groupManagement] INFO  server.RaftServerConfigKeys (ConfUtils.java:logGet(46)) - raft.server.log.queue.element-limit = 1024 (custom)
2023-12-10 08:55:32,718 [ceafc0c7-af9d-4de4-ae81-ea841051c606-groupManagement] INFO  server.RaftServerConfigKeys (ConfUtils.java:logGet(46)) - raft.server.log.segment.size.max = 67108864 (custom)
2023-12-10 08:55:32,719 [ceafc0c7-af9d-4de4-ae81-ea841051c606-groupManagement] INFO  server.RaftServerConfigKeys (ConfUtils.java:logGet(46)) - raft.server.log.preallocated.size = 4194304 (custom)
2023-12-10 08:55:32,719 [ceafc0c7-af9d-4de4-ae81-ea841051c606-groupManagement] INFO  server.RaftServerConfigKeys (ConfUtils.java:logGet(46)) - raft.server.log.force.sync.num = 128 (default)
2023-12-10 08:55:32,719 [ceafc0c7-af9d-4de4-ae81-ea841051c606-groupManagement] INFO  server.RaftServerConfigKeys (ConfUtils.java:logGet(46)) - raft.server.log.statemachine.data.sync = true (default)
2023-12-10 08:55:32,719 [ceafc0c7-af9d-4de4-ae81-ea841051c606-groupManagement] INFO  server.RaftServerConfigKeys (ConfUtils.java:logGet(46)) - raft.server.log.statemachine.data.sync.timeout = 10s (default)
2023-12-10 08:55:32,719 [ceafc0c7-af9d-4de4-ae81-ea841051c606-groupManagement] INFO  server.RaftServerConfigKeys (ConfUtils.java:logGet(46)) - raft.server.log.statemachine.data.sync.timeout.retry = 0 (custom)
2023-12-10 08:55:32,720 [ceafc0c7-af9d-4de4-ae81-ea841051c606-groupManagement] INFO  server.RaftServerConfigKeys (ConfUtils.java:logGet(46)) - raft.server.log.write.buffer.size = 8388616 (custom)
2023-12-10 08:55:32,721 [ceafc0c7-af9d-4de4-ae81-ea841051c606-groupManagement] INFO  server.RaftServerConfigKeys (ConfUtils.java:logGet(46)) - raft.server.log.appender.buffer.byte-limit = 8388608 (custom)
2023-12-10 08:55:32,721 [ceafc0c7-af9d-4de4-ae81-ea841051c606-groupManagement] INFO  server.RaftServerConfigKeys (ConfUtils.java:logGet(46)) - raft.server.log.unsafe-flush.enabled = false (default)
2023-12-10 08:55:32,722 [ceafc0c7-af9d-4de4-ae81-ea841051c606-groupManagement] INFO  server.RaftServerConfigKeys (ConfUtils.java:logGet(46)) - raft.server.log.async-flush.enabled = false (default)
2023-12-10 08:55:32,722 [ceafc0c7-af9d-4de4-ae81-ea841051c606-groupManagement] INFO  server.RaftServerConfigKeys (ConfUtils.java:logGet(46)) - raft.server.log.statemachine.data.caching.enabled = true (custom)
2023-12-10 08:55:32,722 [ceafc0c7-af9d-4de4-ae81-ea841051c606-groupManagement] INFO  segmented.SegmentedRaftLogWorker (SegmentedRaftLogWorker.java:lambda$new$0(135)) - ceafc0c7-af9d-4de4-ae81-ea841051c606@group-E94C0B570E05-SegmentedRaftLogWorker: flushIndex: setUnconditionally 0 -> -1
2023-12-10 08:55:32,722 [ceafc0c7-af9d-4de4-ae81-ea841051c606-groupManagement] INFO  segmented.SegmentedRaftLogWorker (SegmentedRaftLogWorker.java:lambda$new$0(135)) - ceafc0c7-af9d-4de4-ae81-ea841051c606@group-E94C0B570E05-SegmentedRaftLogWorker: safeCacheEvictIndex: setUnconditionally 0 -> -1
2023-12-10 08:55:32,723 [ceafc0c7-af9d-4de4-ae81-ea841051c606-groupManagement] INFO  server.RaftServer$Division (RaftServerImpl.java:start(392)) - ceafc0c7-af9d-4de4-ae81-ea841051c606@group-E94C0B570E05: start as a follower, conf=-1: peers:[173e1c01-ab9b-4bd4-a1fb-1dc9b7180747|10.1.0.29:15032, edd7aebe-e713-4899-b982-ee5b12165735|10.1.0.29:15023, ceafc0c7-af9d-4de4-ae81-ea841051c606|10.1.0.29:15014]|listeners:[], old=null
2023-12-10 08:55:32,723 [ceafc0c7-af9d-4de4-ae81-ea841051c606-groupManagement] INFO  server.RaftServer$Division (RaftServerImpl.java:setRole(379)) - ceafc0c7-af9d-4de4-ae81-ea841051c606@group-E94C0B570E05: changes role from      null to FOLLOWER at term 0 for startAsFollower
2023-12-10 08:55:32,723 [edd7aebe-e713-4899-b982-ee5b12165735-groupManagement] INFO  util.AwaitToRun (AwaitToRun.java:start(81)) - Thread[edd7aebe-e713-4899-b982-ee5b12165735@group-E94C0B570E05-cacheEviction-AwaitToRun,5,main] started
2023-12-10 08:55:32,723 [edd7aebe-e713-4899-b982-ee5b12165735-groupManagement] INFO  segmented.SegmentedRaftLogWorker (SegmentedRaftLogWorker.java:<init>(184)) - new edd7aebe-e713-4899-b982-ee5b12165735@group-E94C0B570E05-SegmentedRaftLogWorker for RaftStorageImpl:Storage Directory /home/runner/work/ozone/ozone/hadoop-ozone/integration-test/target/test-dir/MiniOzoneClusterImpl-7f66dfcd-4d84-4460-b9fe-211923c7b7bb/datanode-1/data/ratis/708b8303-c8f3-4adb-8941-e94c0b570e05
2023-12-10 08:55:32,723 [edd7aebe-e713-4899-b982-ee5b12165735-groupManagement] INFO  server.RaftServerConfigKeys (ConfUtils.java:logGet(46)) - raft.server.log.queue.byte-limit = 4294967296 (custom)
2023-12-10 08:55:32,723 [edd7aebe-e713-4899-b982-ee5b12165735-groupManagement] INFO  server.RaftServerConfigKeys (ConfUtils.java:logGet(46)) - raft.server.log.queue.element-limit = 1024 (custom)
2023-12-10 08:55:32,723 [edd7aebe-e713-4899-b982-ee5b12165735-groupManagement] INFO  server.RaftServerConfigKeys (ConfUtils.java:logGet(46)) - raft.server.log.segment.size.max = 67108864 (custom)
2023-12-10 08:55:32,723 [edd7aebe-e713-4899-b982-ee5b12165735-groupManagement] INFO  server.RaftServerConfigKeys (ConfUtils.java:logGet(46)) - raft.server.log.preallocated.size = 4194304 (custom)
2023-12-10 08:55:32,723 [edd7aebe-e713-4899-b982-ee5b12165735-groupManagement] INFO  server.RaftServerConfigKeys (ConfUtils.java:logGet(46)) - raft.server.log.force.sync.num = 128 (default)
2023-12-10 08:55:32,723 [edd7aebe-e713-4899-b982-ee5b12165735-groupManagement] INFO  server.RaftServerConfigKeys (ConfUtils.java:logGet(46)) - raft.server.log.statemachine.data.sync = true (default)
2023-12-10 08:55:32,723 [edd7aebe-e713-4899-b982-ee5b12165735-groupManagement] INFO  server.RaftServerConfigKeys (ConfUtils.java:logGet(46)) - raft.server.log.statemachine.data.sync.timeout = 10s (default)
2023-12-10 08:55:32,724 [edd7aebe-e713-4899-b982-ee5b12165735-groupManagement] INFO  server.RaftServerConfigKeys (ConfUtils.java:logGet(46)) - raft.server.log.statemachine.data.sync.timeout.retry = 0 (custom)
2023-12-10 08:55:32,724 [edd7aebe-e713-4899-b982-ee5b12165735-groupManagement] INFO  server.RaftServerConfigKeys (ConfUtils.java:logGet(46)) - raft.server.log.write.buffer.size = 8388616 (custom)
2023-12-10 08:55:32,725 [71fa9327-596e-4bfe-b86f-33f6bdf50532-groupManagement] INFO  ratis.ContainerStateMachine (ContainerStateMachine.java:loadSnapshot(269)) - group-F342B1D124FD: The snapshot info is null. Setting the last applied indexto:(t:0, i:~)
2023-12-10 08:55:32,725 [71fa9327-596e-4bfe-b86f-33f6bdf50532-groupManagement] INFO  server.RaftServerConfigKeys (ConfUtils.java:logGet(46)) - raft.server.log.use.memory = false (default)
2023-12-10 08:55:32,725 [71fa9327-596e-4bfe-b86f-33f6bdf50532-groupManagement] INFO  server.RaftServerConfigKeys (ConfUtils.java:logGet(46)) - raft.server.log.purge.gap = 1000000 (custom)
2023-12-10 08:55:32,725 [71fa9327-596e-4bfe-b86f-33f6bdf50532-groupManagement] INFO  server.RaftServerConfigKeys (ConfUtils.java:logGet(46)) - raft.server.log.appender.buffer.byte-limit = 8388608 (custom)
2023-12-10 08:55:32,725 [71fa9327-596e-4bfe-b86f-33f6bdf50532-groupManagement] INFO  server.RaftServerConfigKeys (ConfUtils.java:logGet(46)) - raft.server.log.statemachine.data.read.timeout = 1000ms (default)
2023-12-10 08:55:32,725 [71fa9327-596e-4bfe-b86f-33f6bdf50532-groupManagement] INFO  server.RaftServerConfigKeys (ConfUtils.java:logGet(46)) - raft.server.log.purge.preservation.log.num = 0 (default)
2023-12-10 08:55:32,727 [edd7aebe-e713-4899-b982-ee5b12165735-groupManagement] INFO  server.RaftServerConfigKeys (ConfUtils.java:logGet(46)) - raft.server.log.appender.buffer.byte-limit = 8388608 (custom)
2023-12-10 08:55:32,727 [edd7aebe-e713-4899-b982-ee5b12165735-groupManagement] INFO  server.RaftServerConfigKeys (ConfUtils.java:logGet(46)) - raft.server.log.unsafe-flush.enabled = false (default)
2023-12-10 08:55:32,728 [edd7aebe-e713-4899-b982-ee5b12165735-groupManagement] INFO  server.RaftServerConfigKeys (ConfUtils.java:logGet(46)) - raft.server.log.async-flush.enabled = false (default)
2023-12-10 08:55:32,728 [edd7aebe-e713-4899-b982-ee5b12165735-groupManagement] INFO  server.RaftServerConfigKeys (ConfUtils.java:logGet(46)) - raft.server.log.statemachine.data.caching.enabled = true (custom)
2023-12-10 08:55:32,729 [edd7aebe-e713-4899-b982-ee5b12165735-groupManagement] INFO  segmented.SegmentedRaftLogWorker (SegmentedRaftLogWorker.java:lambda$new$0(135)) - edd7aebe-e713-4899-b982-ee5b12165735@group-E94C0B570E05-SegmentedRaftLogWorker: flushIndex: setUnconditionally 0 -> -1
2023-12-10 08:55:32,729 [edd7aebe-e713-4899-b982-ee5b12165735-groupManagement] INFO  segmented.SegmentedRaftLogWorker (SegmentedRaftLogWorker.java:lambda$new$0(135)) - edd7aebe-e713-4899-b982-ee5b12165735@group-E94C0B570E05-SegmentedRaftLogWorker: safeCacheEvictIndex: setUnconditionally 0 -> -1
2023-12-10 08:55:32,730 [71fa9327-596e-4bfe-b86f-33f6bdf50532-groupManagement] INFO  server.RaftServerConfigKeys (ConfUtils.java:logGet(46)) - raft.server.log.segment.size.max = 67108864 (custom)
2023-12-10 08:55:32,730 [71fa9327-596e-4bfe-b86f-33f6bdf50532-groupManagement] INFO  server.RaftServerConfigKeys (ConfUtils.java:logGet(46)) - raft.server.log.segment.cache.num.max = 2 (custom)
2023-12-10 08:55:32,731 [71fa9327-596e-4bfe-b86f-33f6bdf50532-groupManagement] INFO  server.RaftServerConfigKeys (ConfUtils.java:logGet(46)) - raft.server.log.segment.cache.size.max = 200MB (=209715200) (default)
2023-12-10 08:55:32,731 [71fa9327-596e-4bfe-b86f-33f6bdf50532-groupManagement] INFO  server.RaftServerConfigKeys (ConfUtils.java:logGet(46)) - raft.server.log.appender.buffer.byte-limit = 8388608 (custom)
2023-12-10 08:55:32,734 [ab6f04f4-5b2e-49ed-8ed6-18cca86f2b6f-PipelineCommandHandlerThread-0] INFO  server.RaftServer (RaftServerProxy.java:addNew(100)) - ab6f04f4-5b2e-49ed-8ed6-18cca86f2b6f: addNew group-C38045D0070F:[8170aa16-323e-44de-b8c0-3f99a1184856|10.1.0.29:15041, ab6f04f4-5b2e-49ed-8ed6-18cca86f2b6f|10.1.0.29:15059, 71fa9327-596e-4bfe-b86f-33f6bdf50532|10.1.0.29:15050] returns group-C38045D0070F:java.util.concurrent.CompletableFuture@3ad0b15b[Not completed]
2023-12-10 08:55:32,737 [edd7aebe-e713-4899-b982-ee5b12165735-groupManagement] INFO  server.RaftServer$Division (RaftServerImpl.java:start(392)) - edd7aebe-e713-4899-b982-ee5b12165735@group-E94C0B570E05: start as a follower, conf=-1: peers:[173e1c01-ab9b-4bd4-a1fb-1dc9b7180747|10.1.0.29:15032, edd7aebe-e713-4899-b982-ee5b12165735|10.1.0.29:15023, ceafc0c7-af9d-4de4-ae81-ea841051c606|10.1.0.29:15014]|listeners:[], old=null
2023-12-10 08:55:32,737 [edd7aebe-e713-4899-b982-ee5b12165735-groupManagement] INFO  server.RaftServer$Division (RaftServerImpl.java:setRole(379)) - edd7aebe-e713-4899-b982-ee5b12165735@group-E94C0B570E05: changes role from      null to FOLLOWER at term 0 for startAsFollower
2023-12-10 08:55:32,737 [edd7aebe-e713-4899-b982-ee5b12165735-groupManagement] INFO  impl.RoleInfo (RoleInfo.java:updateAndGet(139)) - edd7aebe-e713-4899-b982-ee5b12165735: start edd7aebe-e713-4899-b982-ee5b12165735@group-E94C0B570E05-FollowerState
2023-12-10 08:55:32,737 [edd7aebe-e713-4899-b982-ee5b12165735-groupManagement] INFO  util.JmxRegister (JmxRegister.java:tryRegister(44)) - Successfully registered JMX Bean with object name Ratis:service=RaftServer,group=group-E94C0B570E05,id=edd7aebe-e713-4899-b982-ee5b12165735
2023-12-10 08:55:32,737 [edd7aebe-e713-4899-b982-ee5b12165735-groupManagement] INFO  server.RaftServerConfigKeys (ConfUtils.java:logGet(46)) - raft.server.snapshot.trigger-when-stop.enabled = true (default)
2023-12-10 08:55:32,737 [edd7aebe-e713-4899-b982-ee5b12165735-groupManagement] INFO  server.RaftServerConfigKeys (ConfUtils.java:logGet(46)) - raft.server.snapshot.auto.trigger.enabled = true (custom)
2023-12-10 08:55:32,737 [edd7aebe-e713-4899-b982-ee5b12165735-groupManagement] INFO  server.RaftServerConfigKeys (ConfUtils.java:logGet(46)) - raft.server.snapshot.auto.trigger.threshold = 10000 (custom)
2023-12-10 08:55:32,738 [edd7aebe-e713-4899-b982-ee5b12165735-groupManagement] INFO  server.RaftServerConfigKeys (ConfUtils.java:logGet(46)) - raft.server.snapshot.retention.file.num = 5 (custom)
2023-12-10 08:55:32,738 [edd7aebe-e713-4899-b982-ee5b12165735-groupManagement] INFO  server.RaftServerConfigKeys (ConfUtils.java:logGet(46)) - raft.server.log.purge.upto.snapshot.index = false (default)
2023-12-10 08:55:32,738 [edd7aebe-e713-4899-b982-ee5b12165735@group-E94C0B570E05-FollowerState] INFO  server.RaftServerConfigKeys (ConfUtils.java:logFallback(53)) - raft.server.rpc.first-election.timeout.min = 5s (fallback to raft.server.rpc.timeout.min)
2023-12-10 08:55:32,738 [edd7aebe-e713-4899-b982-ee5b12165735@group-E94C0B570E05-FollowerState] INFO  server.RaftServerConfigKeys (ConfUtils.java:logFallback(53)) - raft.server.rpc.first-election.timeout.max = 5200ms (fallback to raft.server.rpc.timeout.max)
2023-12-10 08:55:32,739 [ceafc0c7-af9d-4de4-ae81-ea841051c606-groupManagement] INFO  impl.RoleInfo (RoleInfo.java:updateAndGet(139)) - ceafc0c7-af9d-4de4-ae81-ea841051c606: start ceafc0c7-af9d-4de4-ae81-ea841051c606@group-E94C0B570E05-FollowerState
2023-12-10 08:55:32,739 [edd7aebe-e713-4899-b982-ee5b12165735-PipelineCommandHandlerThread-0] INFO  ratis.XceiverServerRatis (XceiverServerRatis.java:addGroup(837)) - Created group PipelineID=708b8303-c8f3-4adb-8941-e94c0b570e05
2023-12-10 08:55:32,740 [ceafc0c7-af9d-4de4-ae81-ea841051c606-groupManagement] INFO  util.JmxRegister (JmxRegister.java:tryRegister(44)) - Successfully registered JMX Bean with object name Ratis:service=RaftServer,group=group-E94C0B570E05,id=ceafc0c7-af9d-4de4-ae81-ea841051c606
2023-12-10 08:55:32,740 [ceafc0c7-af9d-4de4-ae81-ea841051c606-groupManagement] INFO  server.RaftServerConfigKeys (ConfUtils.java:logGet(46)) - raft.server.snapshot.trigger-when-stop.enabled = true (default)
2023-12-10 08:55:32,740 [ceafc0c7-af9d-4de4-ae81-ea841051c606-groupManagement] INFO  server.RaftServerConfigKeys (ConfUtils.java:logGet(46)) - raft.server.snapshot.auto.trigger.enabled = true (custom)
2023-12-10 08:55:32,740 [ceafc0c7-af9d-4de4-ae81-ea841051c606-groupManagement] INFO  server.RaftServerConfigKeys (ConfUtils.java:logGet(46)) - raft.server.snapshot.auto.trigger.threshold = 10000 (custom)
2023-12-10 08:55:32,740 [ceafc0c7-af9d-4de4-ae81-ea841051c606-groupManagement] INFO  server.RaftServerConfigKeys (ConfUtils.java:logGet(46)) - raft.server.snapshot.retention.file.num = 5 (custom)
2023-12-10 08:55:32,740 [ceafc0c7-af9d-4de4-ae81-ea841051c606-groupManagement] INFO  server.RaftServerConfigKeys (ConfUtils.java:logGet(46)) - raft.server.log.purge.upto.snapshot.index = false (default)
2023-12-10 08:55:32,741 [ceafc0c7-af9d-4de4-ae81-ea841051c606@group-E94C0B570E05-FollowerState] INFO  server.RaftServerConfigKeys (ConfUtils.java:logFallback(53)) - raft.server.rpc.first-election.timeout.min = 5s (fallback to raft.server.rpc.timeout.min)
2023-12-10 08:55:32,741 [ceafc0c7-af9d-4de4-ae81-ea841051c606@group-E94C0B570E05-FollowerState] INFO  server.RaftServerConfigKeys (ConfUtils.java:logFallback(53)) - raft.server.rpc.first-election.timeout.max = 5200ms (fallback to raft.server.rpc.timeout.max)
2023-12-10 08:55:32,743 [ceafc0c7-af9d-4de4-ae81-ea841051c606-PipelineCommandHandlerThread-0] INFO  ratis.XceiverServerRatis (XceiverServerRatis.java:addGroup(837)) - Created group PipelineID=708b8303-c8f3-4adb-8941-e94c0b570e05
2023-12-10 08:55:32,743 [173e1c01-ab9b-4bd4-a1fb-1dc9b7180747-PipelineCommandHandlerThread-0] INFO  ratis.XceiverServerRatis (XceiverServerRatis.java:addGroup(837)) - Created group PipelineID=708b8303-c8f3-4adb-8941-e94c0b570e05
2023-12-10 08:55:32,748 [71fa9327-596e-4bfe-b86f-33f6bdf50532-groupManagement] INFO  util.AwaitToRun (AwaitToRun.java:start(81)) - Thread[71fa9327-596e-4bfe-b86f-33f6bdf50532@group-F342B1D124FD-cacheEviction-AwaitToRun,5,main] started
2023-12-10 08:55:32,748 [71fa9327-596e-4bfe-b86f-33f6bdf50532-groupManagement] INFO  segmented.SegmentedRaftLogWorker (SegmentedRaftLogWorker.java:<init>(184)) - new 71fa9327-596e-4bfe-b86f-33f6bdf50532@group-F342B1D124FD-SegmentedRaftLogWorker for RaftStorageImpl:Storage Directory /home/runner/work/ozone/ozone/hadoop-ozone/integration-test/target/test-dir/MiniOzoneClusterImpl-7f66dfcd-4d84-4460-b9fe-211923c7b7bb/datanode-4/data/ratis/082d7f9d-146b-41ee-8618-f342b1d124fd
2023-12-10 08:55:32,748 [71fa9327-596e-4bfe-b86f-33f6bdf50532-groupManagement] INFO  server.RaftServerConfigKeys (ConfUtils.java:logGet(46)) - raft.server.log.queue.byte-limit = 4294967296 (custom)
2023-12-10 08:55:32,748 [71fa9327-596e-4bfe-b86f-33f6bdf50532-groupManagement] INFO  server.RaftServerConfigKeys (ConfUtils.java:logGet(46)) - raft.server.log.queue.element-limit = 1024 (custom)
2023-12-10 08:55:32,750 [71fa9327-596e-4bfe-b86f-33f6bdf50532-groupManagement] INFO  server.RaftServerConfigKeys (ConfUtils.java:logGet(46)) - raft.server.log.segment.size.max = 67108864 (custom)
2023-12-10 08:55:32,750 [71fa9327-596e-4bfe-b86f-33f6bdf50532-groupManagement] INFO  server.RaftServerConfigKeys (ConfUtils.java:logGet(46)) - raft.server.log.preallocated.size = 4194304 (custom)
2023-12-10 08:55:32,750 [71fa9327-596e-4bfe-b86f-33f6bdf50532-groupManagement] INFO  server.RaftServerConfigKeys (ConfUtils.java:logGet(46)) - raft.server.log.force.sync.num = 128 (default)
2023-12-10 08:55:32,750 [71fa9327-596e-4bfe-b86f-33f6bdf50532-groupManagement] INFO  server.RaftServerConfigKeys (ConfUtils.java:logGet(46)) - raft.server.log.statemachine.data.sync = true (default)
2023-12-10 08:55:32,750 [71fa9327-596e-4bfe-b86f-33f6bdf50532-groupManagement] INFO  server.RaftServerConfigKeys (ConfUtils.java:logGet(46)) - raft.server.log.statemachine.data.sync.timeout = 10s (default)
2023-12-10 08:55:32,750 [71fa9327-596e-4bfe-b86f-33f6bdf50532-groupManagement] INFO  server.RaftServerConfigKeys (ConfUtils.java:logGet(46)) - raft.server.log.statemachine.data.sync.timeout.retry = 0 (custom)
2023-12-10 08:55:32,751 [71fa9327-596e-4bfe-b86f-33f6bdf50532-groupManagement] INFO  server.RaftServerConfigKeys (ConfUtils.java:logGet(46)) - raft.server.log.write.buffer.size = 8388616 (custom)
2023-12-10 08:55:32,752 [71fa9327-596e-4bfe-b86f-33f6bdf50532-groupManagement] INFO  server.RaftServerConfigKeys (ConfUtils.java:logGet(46)) - raft.server.log.appender.buffer.byte-limit = 8388608 (custom)
2023-12-10 08:55:32,753 [71fa9327-596e-4bfe-b86f-33f6bdf50532-groupManagement] INFO  server.RaftServerConfigKeys (ConfUtils.java:logGet(46)) - raft.server.log.unsafe-flush.enabled = false (default)
2023-12-10 08:55:32,753 [71fa9327-596e-4bfe-b86f-33f6bdf50532-groupManagement] INFO  server.RaftServerConfigKeys (ConfUtils.java:logGet(46)) - raft.server.log.async-flush.enabled = false (default)
2023-12-10 08:55:32,753 [71fa9327-596e-4bfe-b86f-33f6bdf50532-groupManagement] INFO  server.RaftServerConfigKeys (ConfUtils.java:logGet(46)) - raft.server.log.statemachine.data.caching.enabled = true (custom)
2023-12-10 08:55:32,753 [71fa9327-596e-4bfe-b86f-33f6bdf50532-groupManagement] INFO  segmented.SegmentedRaftLogWorker (SegmentedRaftLogWorker.java:lambda$new$0(135)) - 71fa9327-596e-4bfe-b86f-33f6bdf50532@group-F342B1D124FD-SegmentedRaftLogWorker: flushIndex: setUnconditionally 0 -> -1
2023-12-10 08:55:32,753 [71fa9327-596e-4bfe-b86f-33f6bdf50532-groupManagement] INFO  segmented.SegmentedRaftLogWorker (SegmentedRaftLogWorker.java:lambda$new$0(135)) - 71fa9327-596e-4bfe-b86f-33f6bdf50532@group-F342B1D124FD-SegmentedRaftLogWorker: safeCacheEvictIndex: setUnconditionally 0 -> -1
2023-12-10 08:55:32,754 [71fa9327-596e-4bfe-b86f-33f6bdf50532-groupManagement] INFO  server.RaftServer$Division (RaftServerImpl.java:start(392)) - 71fa9327-596e-4bfe-b86f-33f6bdf50532@group-F342B1D124FD: start as a follower, conf=-1: peers:[8170aa16-323e-44de-b8c0-3f99a1184856|10.1.0.29:15041, ab6f04f4-5b2e-49ed-8ed6-18cca86f2b6f|10.1.0.29:15059, 71fa9327-596e-4bfe-b86f-33f6bdf50532|10.1.0.29:15050]|listeners:[], old=null
2023-12-10 08:55:32,754 [71fa9327-596e-4bfe-b86f-33f6bdf50532-groupManagement] INFO  server.RaftServer$Division (RaftServerImpl.java:setRole(379)) - 71fa9327-596e-4bfe-b86f-33f6bdf50532@group-F342B1D124FD: changes role from      null to FOLLOWER at term 0 for startAsFollower
2023-12-10 08:55:32,754 [71fa9327-596e-4bfe-b86f-33f6bdf50532-groupManagement] INFO  impl.RoleInfo (RoleInfo.java:updateAndGet(139)) - 71fa9327-596e-4bfe-b86f-33f6bdf50532: start 71fa9327-596e-4bfe-b86f-33f6bdf50532@group-F342B1D124FD-FollowerState
2023-12-10 08:55:32,754 [71fa9327-596e-4bfe-b86f-33f6bdf50532-groupManagement] INFO  util.JmxRegister (JmxRegister.java:tryRegister(44)) - Successfully registered JMX Bean with object name Ratis:service=RaftServer,group=group-F342B1D124FD,id=71fa9327-596e-4bfe-b86f-33f6bdf50532
2023-12-10 08:55:32,754 [71fa9327-596e-4bfe-b86f-33f6bdf50532-groupManagement] INFO  server.RaftServerConfigKeys (ConfUtils.java:logGet(46)) - raft.server.snapshot.trigger-when-stop.enabled = true (default)
2023-12-10 08:55:32,754 [71fa9327-596e-4bfe-b86f-33f6bdf50532-groupManagement] INFO  server.RaftServerConfigKeys (ConfUtils.java:logGet(46)) - raft.server.snapshot.auto.trigger.enabled = true (custom)
2023-12-10 08:55:32,754 [71fa9327-596e-4bfe-b86f-33f6bdf50532-groupManagement] INFO  server.RaftServerConfigKeys (ConfUtils.java:logGet(46)) - raft.server.snapshot.auto.trigger.threshold = 10000 (custom)
2023-12-10 08:55:32,754 [71fa9327-596e-4bfe-b86f-33f6bdf50532-groupManagement] INFO  server.RaftServerConfigKeys (ConfUtils.java:logGet(46)) - raft.server.snapshot.retention.file.num = 5 (custom)
2023-12-10 08:55:32,755 [71fa9327-596e-4bfe-b86f-33f6bdf50532-groupManagement] INFO  server.RaftServerConfigKeys (ConfUtils.java:logGet(46)) - raft.server.log.purge.upto.snapshot.index = false (default)
2023-12-10 08:55:32,761 [ab6f04f4-5b2e-49ed-8ed6-18cca86f2b6f-groupManagement] INFO  server.RaftServer$Division (RaftServerImpl.java:<init>(256)) - ab6f04f4-5b2e-49ed-8ed6-18cca86f2b6f: new RaftServerImpl for group-C38045D0070F:[8170aa16-323e-44de-b8c0-3f99a1184856|10.1.0.29:15041, ab6f04f4-5b2e-49ed-8ed6-18cca86f2b6f|10.1.0.29:15059, 71fa9327-596e-4bfe-b86f-33f6bdf50532|10.1.0.29:15050] with ContainerStateMachine:uninitialized
2023-12-10 08:55:32,762 [ab6f04f4-5b2e-49ed-8ed6-18cca86f2b6f-groupManagement] INFO  server.RaftServerConfigKeys (ConfUtils.java:logGet(46)) - raft.server.rpc.timeout.min = 5s (custom)
2023-12-10 08:55:32,762 [ab6f04f4-5b2e-49ed-8ed6-18cca86f2b6f-groupManagement] INFO  server.RaftServerConfigKeys (ConfUtils.java:logGet(46)) - raft.server.rpc.timeout.max = 5200ms (custom)
2023-12-10 08:55:32,762 [ab6f04f4-5b2e-49ed-8ed6-18cca86f2b6f-groupManagement] INFO  server.RaftServerConfigKeys (ConfUtils.java:logGet(46)) - raft.server.rpc.sleep.time = 25ms (default)
2023-12-10 08:55:32,762 [71fa9327-596e-4bfe-b86f-33f6bdf50532@group-F342B1D124FD-FollowerState] INFO  server.RaftServerConfigKeys (ConfUtils.java:logFallback(53)) - raft.server.rpc.first-election.timeout.min = 5s (fallback to raft.server.rpc.timeout.min)
2023-12-10 08:55:32,762 [ab6f04f4-5b2e-49ed-8ed6-18cca86f2b6f-groupManagement] INFO  server.RaftServerConfigKeys (ConfUtils.java:logGet(46)) - raft.server.rpc.slowness.timeout = 300s (custom)
2023-12-10 08:55:32,762 [ab6f04f4-5b2e-49ed-8ed6-18cca86f2b6f-groupManagement] INFO  server.RaftServerConfigKeys (ConfUtils.java:logGet(46)) - raft.server.leaderelection.leader.step-down.wait-time = 10s (default)
2023-12-10 08:55:32,762 [ab6f04f4-5b2e-49ed-8ed6-18cca86f2b6f-groupManagement] INFO  server.RaftServerConfigKeys (ConfUtils.java:logGet(46)) - raft.server.leaderelection.member.majority-add = false (default)
2023-12-10 08:55:32,762 [ab6f04f4-5b2e-49ed-8ed6-18cca86f2b6f-groupManagement] INFO  server.RaftServerConfigKeys (ConfUtils.java:logGet(46)) - raft.server.sleep.deviation.threshold = 300ms (default)
2023-12-10 08:55:32,762 [71fa9327-596e-4bfe-b86f-33f6bdf50532@group-F342B1D124FD-FollowerState] INFO  server.RaftServerConfigKeys (ConfUtils.java:logFallback(53)) - raft.server.rpc.first-election.timeout.max = 5200ms (fallback to raft.server.rpc.timeout.max)
2023-12-10 08:55:32,762 [ab6f04f4-5b2e-49ed-8ed6-18cca86f2b6f-groupManagement] INFO  server.RaftServer$Division (ServerState.java:<init>(113)) - ab6f04f4-5b2e-49ed-8ed6-18cca86f2b6f@group-C38045D0070F: ConfigurationManager, init=-1: peers:[8170aa16-323e-44de-b8c0-3f99a1184856|10.1.0.29:15041, ab6f04f4-5b2e-49ed-8ed6-18cca86f2b6f|10.1.0.29:15059, 71fa9327-596e-4bfe-b86f-33f6bdf50532|10.1.0.29:15050]|listeners:[], old=null, confs=<EMPTY_MAP>
2023-12-10 08:55:32,762 [ab6f04f4-5b2e-49ed-8ed6-18cca86f2b6f-groupManagement] INFO  server.RaftServerConfigKeys (ConfUtils.java:logGet(46)) - raft.server.notification.no-leader.timeout = 300s (custom)
2023-12-10 08:55:32,762 [ab6f04f4-5b2e-49ed-8ed6-18cca86f2b6f-groupManagement] INFO  server.RaftServerConfigKeys (ConfUtils.java:logGet(46)) - raft.server.read.timeout = 10s (default)
2023-12-10 08:55:32,762 [ab6f04f4-5b2e-49ed-8ed6-18cca86f2b6f-groupManagement] INFO  server.RaftServerConfigKeys (ConfUtils.java:logGet(46)) - raft.server.retrycache.expirytime = 600000ms (custom)
2023-12-10 08:55:32,762 [ab6f04f4-5b2e-49ed-8ed6-18cca86f2b6f-groupManagement] INFO  server.RaftServerConfigKeys (ConfUtils.java:logGet(46)) - raft.server.retrycache.statistics.expirytime = 100ms (default)
2023-12-10 08:55:32,762 [71fa9327-596e-4bfe-b86f-33f6bdf50532-PipelineCommandHandlerThread-0] INFO  ratis.XceiverServerRatis (XceiverServerRatis.java:addGroup(837)) - Created group PipelineID=082d7f9d-146b-41ee-8618-f342b1d124fd
2023-12-10 08:55:32,762 [ab6f04f4-5b2e-49ed-8ed6-18cca86f2b6f-groupManagement] INFO  server.RaftServerConfigKeys (ConfUtils.java:logGet(46)) - raft.server.read.option = DEFAULT (default)
2023-12-10 08:55:32,766 [ab6f04f4-5b2e-49ed-8ed6-18cca86f2b6f-groupManagement] INFO  server.RaftServerConfigKeys (ConfUtils.java:logGet(46)) - raft.server.read.read-after-write-consistent.write-index-cache.expiry-time = 60s (default)
2023-12-10 08:55:32,796 [grpc-default-executor-2] INFO  server.RaftServer (RaftServerProxy.java:addNew(100)) - 8170aa16-323e-44de-b8c0-3f99a1184856: addNew group-F342B1D124FD:[8170aa16-323e-44de-b8c0-3f99a1184856|10.1.0.29:15041, ab6f04f4-5b2e-49ed-8ed6-18cca86f2b6f|10.1.0.29:15059, 71fa9327-596e-4bfe-b86f-33f6bdf50532|10.1.0.29:15050] returns group-F342B1D124FD:java.util.concurrent.CompletableFuture@2a4fa6bb[Not completed]
2023-12-10 08:55:32,797 [ab6f04f4-5b2e-49ed-8ed6-18cca86f2b6f-groupManagement] INFO  server.RaftServerConfigKeys (ConfUtils.java:logGet(46)) - raft.server.rpc.request.timeout = 60s (custom)
2023-12-10 08:55:32,797 [ab6f04f4-5b2e-49ed-8ed6-18cca86f2b6f-groupManagement] INFO  server.RaftServerConfigKeys (ConfUtils.java:logGet(46)) - raft.server.log.appender.install.snapshot.enabled = false (custom)
2023-12-10 08:55:32,797 [ab6f04f4-5b2e-49ed-8ed6-18cca86f2b6f-groupManagement] INFO  server.RaftServerConfigKeys (ConfUtils.java:logGet(46)) - raft.server.threadpool.server.cached = true (default)
2023-12-10 08:55:32,797 [ab6f04f4-5b2e-49ed-8ed6-18cca86f2b6f-groupManagement] INFO  server.RaftServerConfigKeys (ConfUtils.java:logGet(46)) - raft.server.threadpool.server.size = 0 (default)
2023-12-10 08:55:32,797 [ab6f04f4-5b2e-49ed-8ed6-18cca86f2b6f-groupManagement] INFO  server.RaftServerConfigKeys (ConfUtils.java:logGet(46)) - raft.server.threadpool.client.cached = true (default)
2023-12-10 08:55:32,797 [ab6f04f4-5b2e-49ed-8ed6-18cca86f2b6f-groupManagement] INFO  server.RaftServerConfigKeys (ConfUtils.java:logGet(46)) - raft.server.threadpool.client.size = 0 (default)
2023-12-10 08:55:32,797 [ab6f04f4-5b2e-49ed-8ed6-18cca86f2b6f-groupManagement] INFO  server.RaftServerConfigKeys (ConfUtils.java:logGet(46)) - raft.server.storage.free-space.min = 0MB (=0) (default)
2023-12-10 08:55:32,797 [ab6f04f4-5b2e-49ed-8ed6-18cca86f2b6f-groupManagement] INFO  server.RaftServerConfigKeys (ConfUtils.java:logGet(46)) - raft.server.log.corruption.policy = EXCEPTION (default)
2023-12-10 08:55:32,797 [ab6f04f4-5b2e-49ed-8ed6-18cca86f2b6f-groupManagement] INFO  server.RaftServerConfigKeys (ConfUtils.java:logGet(46)) - raft.server.storage.dir = [/home/runner/work/ozone/ozone/hadoop-ozone/integration-test/target/test-dir/MiniOzoneClusterImpl-7f66dfcd-4d84-4460-b9fe-211923c7b7bb/datanode-5/data/ratis] (custom)
2023-12-10 08:55:32,798 [ab6f04f4-5b2e-49ed-8ed6-18cca86f2b6f-groupManagement] INFO  storage.RaftStorageDirectory (RaftStorageDirectoryImpl.java:analyzeStorage(138)) - The storage directory /home/runner/work/ozone/ozone/hadoop-ozone/integration-test/target/test-dir/MiniOzoneClusterImpl-7f66dfcd-4d84-4460-b9fe-211923c7b7bb/datanode-5/data/ratis/189588f6-959e-4d62-8f1a-c38045d0070f does not exist. Creating ...
2023-12-10 08:55:32,799 [8170aa16-323e-44de-b8c0-3f99a1184856-groupManagement] INFO  server.RaftServer$Division (RaftServerImpl.java:<init>(256)) - 8170aa16-323e-44de-b8c0-3f99a1184856: new RaftServerImpl for group-F342B1D124FD:[8170aa16-323e-44de-b8c0-3f99a1184856|10.1.0.29:15041, ab6f04f4-5b2e-49ed-8ed6-18cca86f2b6f|10.1.0.29:15059, 71fa9327-596e-4bfe-b86f-33f6bdf50532|10.1.0.29:15050] with ContainerStateMachine:uninitialized
2023-12-10 08:55:32,799 [8170aa16-323e-44de-b8c0-3f99a1184856-groupManagement] INFO  server.RaftServerConfigKeys (ConfUtils.java:logGet(46)) - raft.server.rpc.timeout.min = 5s (custom)
2023-12-10 08:55:32,799 [8170aa16-323e-44de-b8c0-3f99a1184856-groupManagement] INFO  server.RaftServerConfigKeys (ConfUtils.java:logGet(46)) - raft.server.rpc.timeout.max = 5200ms (custom)
2023-12-10 08:55:32,799 [8170aa16-323e-44de-b8c0-3f99a1184856-groupManagement] INFO  server.RaftServerConfigKeys (ConfUtils.java:logGet(46)) - raft.server.rpc.sleep.time = 25ms (default)
2023-12-10 08:55:32,799 [8170aa16-323e-44de-b8c0-3f99a1184856-groupManagement] INFO  server.RaftServerConfigKeys (ConfUtils.java:logGet(46)) - raft.server.rpc.slowness.timeout = 300s (custom)
2023-12-10 08:55:32,799 [8170aa16-323e-44de-b8c0-3f99a1184856-groupManagement] INFO  server.RaftServerConfigKeys (ConfUtils.java:logGet(46)) - raft.server.leaderelection.leader.step-down.wait-time = 10s (default)
2023-12-10 08:55:32,799 [8170aa16-323e-44de-b8c0-3f99a1184856-groupManagement] INFO  server.RaftServerConfigKeys (ConfUtils.java:logGet(46)) - raft.server.leaderelection.member.majority-add = false (default)
2023-12-10 08:55:32,799 [8170aa16-323e-44de-b8c0-3f99a1184856-groupManagement] INFO  server.RaftServerConfigKeys (ConfUtils.java:logGet(46)) - raft.server.sleep.deviation.threshold = 300ms (default)
2023-12-10 08:55:32,799 [8170aa16-323e-44de-b8c0-3f99a1184856-groupManagement] INFO  server.RaftServer$Division (ServerState.java:<init>(113)) - 8170aa16-323e-44de-b8c0-3f99a1184856@group-F342B1D124FD: ConfigurationManager, init=-1: peers:[8170aa16-323e-44de-b8c0-3f99a1184856|10.1.0.29:15041, ab6f04f4-5b2e-49ed-8ed6-18cca86f2b6f|10.1.0.29:15059, 71fa9327-596e-4bfe-b86f-33f6bdf50532|10.1.0.29:15050]|listeners:[], old=null, confs=<EMPTY_MAP>
2023-12-10 08:55:32,800 [8170aa16-323e-44de-b8c0-3f99a1184856-groupManagement] INFO  server.RaftServerConfigKeys (ConfUtils.java:logGet(46)) - raft.server.notification.no-leader.timeout = 300s (custom)
2023-12-10 08:55:32,800 [8170aa16-323e-44de-b8c0-3f99a1184856-groupManagement] INFO  server.RaftServerConfigKeys (ConfUtils.java:logGet(46)) - raft.server.read.timeout = 10s (default)
2023-12-10 08:55:32,800 [8170aa16-323e-44de-b8c0-3f99a1184856-groupManagement] INFO  server.RaftServerConfigKeys (ConfUtils.java:logGet(46)) - raft.server.retrycache.expirytime = 600000ms (custom)
2023-12-10 08:55:32,800 [8170aa16-323e-44de-b8c0-3f99a1184856-groupManagement] INFO  server.RaftServerConfigKeys (ConfUtils.java:logGet(46)) - raft.server.retrycache.statistics.expirytime = 100ms (default)
2023-12-10 08:55:32,800 [8170aa16-323e-44de-b8c0-3f99a1184856-groupManagement] INFO  server.RaftServerConfigKeys (ConfUtils.java:logGet(46)) - raft.server.read.option = DEFAULT (default)
2023-12-10 08:55:32,800 [8170aa16-323e-44de-b8c0-3f99a1184856-groupManagement] INFO  server.RaftServerConfigKeys (ConfUtils.java:logGet(46)) - raft.server.read.read-after-write-consistent.write-index-cache.expiry-time = 60s (default)
2023-12-10 08:55:32,803 [ab6f04f4-5b2e-49ed-8ed6-18cca86f2b6f-groupManagement] INFO  storage.RaftStorageDirectory (RaftStorageDirectoryImpl.java:tryLock(232)) - Lock on /home/runner/work/ozone/ozone/hadoop-ozone/integration-test/target/test-dir/MiniOzoneClusterImpl-7f66dfcd-4d84-4460-b9fe-211923c7b7bb/datanode-5/data/ratis/189588f6-959e-4d62-8f1a-c38045d0070f/in_use.lock acquired by nodename 49456@fv-az1041-125
2023-12-10 08:55:32,807 [ab6f04f4-5b2e-49ed-8ed6-18cca86f2b6f-groupManagement] INFO  storage.RaftStorage (RaftStorageImpl.java:format(97)) - Storage directory /home/runner/work/ozone/ozone/hadoop-ozone/integration-test/target/test-dir/MiniOzoneClusterImpl-7f66dfcd-4d84-4460-b9fe-211923c7b7bb/datanode-5/data/ratis/189588f6-959e-4d62-8f1a-c38045d0070f has been successfully formatted.
2023-12-10 08:55:32,808 [ab6f04f4-5b2e-49ed-8ed6-18cca86f2b6f-groupManagement] INFO  ratis.ContainerStateMachine (ContainerStateMachine.java:loadSnapshot(269)) - group-C38045D0070F: The snapshot info is null. Setting the last applied indexto:(t:0, i:~)
2023-12-10 08:55:32,808 [ab6f04f4-5b2e-49ed-8ed6-18cca86f2b6f-groupManagement] INFO  server.RaftServerConfigKeys (ConfUtils.java:logGet(46)) - raft.server.log.use.memory = false (default)
2023-12-10 08:55:32,808 [ab6f04f4-5b2e-49ed-8ed6-18cca86f2b6f-groupManagement] INFO  server.RaftServerConfigKeys (ConfUtils.java:logGet(46)) - raft.server.log.purge.gap = 1000000 (custom)
2023-12-10 08:55:32,808 [ab6f04f4-5b2e-49ed-8ed6-18cca86f2b6f-groupManagement] INFO  server.RaftServerConfigKeys (ConfUtils.java:logGet(46)) - raft.server.log.appender.buffer.byte-limit = 8388608 (custom)
2023-12-10 08:55:32,808 [ab6f04f4-5b2e-49ed-8ed6-18cca86f2b6f-groupManagement] INFO  server.RaftServerConfigKeys (ConfUtils.java:logGet(46)) - raft.server.log.statemachine.data.read.timeout = 1000ms (default)
2023-12-10 08:55:32,808 [ab6f04f4-5b2e-49ed-8ed6-18cca86f2b6f-groupManagement] INFO  server.RaftServerConfigKeys (ConfUtils.java:logGet(46)) - raft.server.log.purge.preservation.log.num = 0 (default)
2023-12-10 08:55:32,817 [8170aa16-323e-44de-b8c0-3f99a1184856-groupManagement] INFO  server.RaftServerConfigKeys (ConfUtils.java:logGet(46)) - raft.server.rpc.request.timeout = 60s (custom)
2023-12-10 08:55:32,817 [8170aa16-323e-44de-b8c0-3f99a1184856-groupManagement] INFO  server.RaftServerConfigKeys (ConfUtils.java:logGet(46)) - raft.server.log.appender.install.snapshot.enabled = false (custom)
2023-12-10 08:55:32,817 [8170aa16-323e-44de-b8c0-3f99a1184856-groupManagement] INFO  server.RaftServerConfigKeys (ConfUtils.java:logGet(46)) - raft.server.threadpool.server.cached = true (default)
2023-12-10 08:55:32,817 [8170aa16-323e-44de-b8c0-3f99a1184856-groupManagement] INFO  server.RaftServerConfigKeys (ConfUtils.java:logGet(46)) - raft.server.threadpool.server.size = 0 (default)
2023-12-10 08:55:32,817 [8170aa16-323e-44de-b8c0-3f99a1184856-groupManagement] INFO  server.RaftServerConfigKeys (ConfUtils.java:logGet(46)) - raft.server.threadpool.client.cached = true (default)
2023-12-10 08:55:32,817 [8170aa16-323e-44de-b8c0-3f99a1184856-groupManagement] INFO  server.RaftServerConfigKeys (ConfUtils.java:logGet(46)) - raft.server.threadpool.client.size = 0 (default)
2023-12-10 08:55:32,817 [8170aa16-323e-44de-b8c0-3f99a1184856-groupManagement] INFO  server.RaftServerConfigKeys (ConfUtils.java:logGet(46)) - raft.server.storage.free-space.min = 0MB (=0) (default)
2023-12-10 08:55:32,817 [8170aa16-323e-44de-b8c0-3f99a1184856-groupManagement] INFO  server.RaftServerConfigKeys (ConfUtils.java:logGet(46)) - raft.server.log.corruption.policy = EXCEPTION (default)
2023-12-10 08:55:32,817 [8170aa16-323e-44de-b8c0-3f99a1184856-groupManagement] INFO  server.RaftServerConfigKeys (ConfUtils.java:logGet(46)) - raft.server.storage.dir = [/home/runner/work/ozone/ozone/hadoop-ozone/integration-test/target/test-dir/MiniOzoneClusterImpl-7f66dfcd-4d84-4460-b9fe-211923c7b7bb/datanode-3/data/ratis] (custom)
2023-12-10 08:55:32,818 [8170aa16-323e-44de-b8c0-3f99a1184856-groupManagement] INFO  storage.RaftStorageDirectory (RaftStorageDirectoryImpl.java:analyzeStorage(138)) - The storage directory /home/runner/work/ozone/ozone/hadoop-ozone/integration-test/target/test-dir/MiniOzoneClusterImpl-7f66dfcd-4d84-4460-b9fe-211923c7b7bb/datanode-3/data/ratis/082d7f9d-146b-41ee-8618-f342b1d124fd does not exist. Creating ...
2023-12-10 08:55:32,819 [ab6f04f4-5b2e-49ed-8ed6-18cca86f2b6f-groupManagement] INFO  server.RaftServerConfigKeys (ConfUtils.java:logGet(46)) - raft.server.log.segment.size.max = 67108864 (custom)
2023-12-10 08:55:32,820 [ab6f04f4-5b2e-49ed-8ed6-18cca86f2b6f-groupManagement] INFO  server.RaftServerConfigKeys (ConfUtils.java:logGet(46)) - raft.server.log.segment.cache.num.max = 2 (custom)
2023-12-10 08:55:32,820 [ab6f04f4-5b2e-49ed-8ed6-18cca86f2b6f-groupManagement] INFO  server.RaftServerConfigKeys (ConfUtils.java:logGet(46)) - raft.server.log.segment.cache.size.max = 200MB (=209715200) (default)
2023-12-10 08:55:32,820 [ab6f04f4-5b2e-49ed-8ed6-18cca86f2b6f-groupManagement] INFO  server.RaftServerConfigKeys (ConfUtils.java:logGet(46)) - raft.server.log.appender.buffer.byte-limit = 8388608 (custom)
2023-12-10 08:55:32,820 [8170aa16-323e-44de-b8c0-3f99a1184856-groupManagement] INFO  storage.RaftStorageDirectory (RaftStorageDirectoryImpl.java:tryLock(232)) - Lock on /home/runner/work/ozone/ozone/hadoop-ozone/integration-test/target/test-dir/MiniOzoneClusterImpl-7f66dfcd-4d84-4460-b9fe-211923c7b7bb/datanode-3/data/ratis/082d7f9d-146b-41ee-8618-f342b1d124fd/in_use.lock acquired by nodename 49456@fv-az1041-125
2023-12-10 08:55:32,820 [ab6f04f4-5b2e-49ed-8ed6-18cca86f2b6f-groupManagement] INFO  util.AwaitToRun (AwaitToRun.java:start(81)) - Thread[ab6f04f4-5b2e-49ed-8ed6-18cca86f2b6f@group-C38045D0070F-cacheEviction-AwaitToRun,5,main] started
2023-12-10 08:55:32,820 [ab6f04f4-5b2e-49ed-8ed6-18cca86f2b6f-groupManagement] INFO  segmented.SegmentedRaftLogWorker (SegmentedRaftLogWorker.java:<init>(184)) - new ab6f04f4-5b2e-49ed-8ed6-18cca86f2b6f@group-C38045D0070F-SegmentedRaftLogWorker for RaftStorageImpl:Storage Directory /home/runner/work/ozone/ozone/hadoop-ozone/integration-test/target/test-dir/MiniOzoneClusterImpl-7f66dfcd-4d84-4460-b9fe-211923c7b7bb/datanode-5/data/ratis/189588f6-959e-4d62-8f1a-c38045d0070f
2023-12-10 08:55:32,820 [ab6f04f4-5b2e-49ed-8ed6-18cca86f2b6f-groupManagement] INFO  server.RaftServerConfigKeys (ConfUtils.java:logGet(46)) - raft.server.log.queue.byte-limit = 4294967296 (custom)
2023-12-10 08:55:32,820 [ab6f04f4-5b2e-49ed-8ed6-18cca86f2b6f-groupManagement] INFO  server.RaftServerConfigKeys (ConfUtils.java:logGet(46)) - raft.server.log.queue.element-limit = 1024 (custom)
2023-12-10 08:55:32,820 [ab6f04f4-5b2e-49ed-8ed6-18cca86f2b6f-groupManagement] INFO  server.RaftServerConfigKeys (ConfUtils.java:logGet(46)) - raft.server.log.segment.size.max = 67108864 (custom)
2023-12-10 08:55:32,820 [ab6f04f4-5b2e-49ed-8ed6-18cca86f2b6f-groupManagement] INFO  server.RaftServerConfigKeys (ConfUtils.java:logGet(46)) - raft.server.log.preallocated.size = 4194304 (custom)
2023-12-10 08:55:32,820 [ab6f04f4-5b2e-49ed-8ed6-18cca86f2b6f-groupManagement] INFO  server.RaftServerConfigKeys (ConfUtils.java:logGet(46)) - raft.server.log.force.sync.num = 128 (default)
2023-12-10 08:55:32,821 [ab6f04f4-5b2e-49ed-8ed6-18cca86f2b6f-groupManagement] INFO  server.RaftServerConfigKeys (ConfUtils.java:logGet(46)) - raft.server.log.statemachine.data.sync = true (default)
2023-12-10 08:55:32,821 [ab6f04f4-5b2e-49ed-8ed6-18cca86f2b6f-groupManagement] INFO  server.RaftServerConfigKeys (ConfUtils.java:logGet(46)) - raft.server.log.statemachine.data.sync.timeout = 10s (default)
2023-12-10 08:55:32,821 [ab6f04f4-5b2e-49ed-8ed6-18cca86f2b6f-groupManagement] INFO  server.RaftServerConfigKeys (ConfUtils.java:logGet(46)) - raft.server.log.statemachine.data.sync.timeout.retry = 0 (custom)
2023-12-10 08:55:32,821 [8170aa16-323e-44de-b8c0-3f99a1184856-groupManagement] INFO  storage.RaftStorage (RaftStorageImpl.java:format(97)) - Storage directory /home/runner/work/ozone/ozone/hadoop-ozone/integration-test/target/test-dir/MiniOzoneClusterImpl-7f66dfcd-4d84-4460-b9fe-211923c7b7bb/datanode-3/data/ratis/082d7f9d-146b-41ee-8618-f342b1d124fd has been successfully formatted.
2023-12-10 08:55:32,821 [8170aa16-323e-44de-b8c0-3f99a1184856-groupManagement] INFO  ratis.ContainerStateMachine (ContainerStateMachine.java:loadSnapshot(269)) - group-F342B1D124FD: The snapshot info is null. Setting the last applied indexto:(t:0, i:~)
2023-12-10 08:55:32,821 [8170aa16-323e-44de-b8c0-3f99a1184856-groupManagement] INFO  server.RaftServerConfigKeys (ConfUtils.java:logGet(46)) - raft.server.log.use.memory = false (default)
2023-12-10 08:55:32,822 [ab6f04f4-5b2e-49ed-8ed6-18cca86f2b6f-groupManagement] INFO  server.RaftServerConfigKeys (ConfUtils.java:logGet(46)) - raft.server.log.write.buffer.size = 8388616 (custom)
2023-12-10 08:55:32,822 [8170aa16-323e-44de-b8c0-3f99a1184856-groupManagement] INFO  server.RaftServerConfigKeys (ConfUtils.java:logGet(46)) - raft.server.log.purge.gap = 1000000 (custom)
2023-12-10 08:55:32,822 [8170aa16-323e-44de-b8c0-3f99a1184856-groupManagement] INFO  server.RaftServerConfigKeys (ConfUtils.java:logGet(46)) - raft.server.log.appender.buffer.byte-limit = 8388608 (custom)
2023-12-10 08:55:32,822 [8170aa16-323e-44de-b8c0-3f99a1184856-groupManagement] INFO  server.RaftServerConfigKeys (ConfUtils.java:logGet(46)) - raft.server.log.statemachine.data.read.timeout = 1000ms (default)
2023-12-10 08:55:32,822 [8170aa16-323e-44de-b8c0-3f99a1184856-groupManagement] INFO  server.RaftServerConfigKeys (ConfUtils.java:logGet(46)) - raft.server.log.purge.preservation.log.num = 0 (default)
2023-12-10 08:55:32,824 [ab6f04f4-5b2e-49ed-8ed6-18cca86f2b6f-groupManagement] INFO  server.RaftServerConfigKeys (ConfUtils.java:logGet(46)) - raft.server.log.appender.buffer.byte-limit = 8388608 (custom)
2023-12-10 08:55:32,827 [ab6f04f4-5b2e-49ed-8ed6-18cca86f2b6f-groupManagement] INFO  server.RaftServerConfigKeys (ConfUtils.java:logGet(46)) - raft.server.log.unsafe-flush.enabled = false (default)
2023-12-10 08:55:32,827 [ab6f04f4-5b2e-49ed-8ed6-18cca86f2b6f-groupManagement] INFO  server.RaftServerConfigKeys (ConfUtils.java:logGet(46)) - raft.server.log.async-flush.enabled = false (default)
2023-12-10 08:55:32,827 [ab6f04f4-5b2e-49ed-8ed6-18cca86f2b6f-groupManagement] INFO  server.RaftServerConfigKeys (ConfUtils.java:logGet(46)) - raft.server.log.statemachine.data.caching.enabled = true (custom)
2023-12-10 08:55:32,829 [ab6f04f4-5b2e-49ed-8ed6-18cca86f2b6f-groupManagement] INFO  segmented.SegmentedRaftLogWorker (SegmentedRaftLogWorker.java:lambda$new$0(135)) - ab6f04f4-5b2e-49ed-8ed6-18cca86f2b6f@group-C38045D0070F-SegmentedRaftLogWorker: flushIndex: setUnconditionally 0 -> -1
2023-12-10 08:55:32,829 [ab6f04f4-5b2e-49ed-8ed6-18cca86f2b6f-groupManagement] INFO  segmented.SegmentedRaftLogWorker (SegmentedRaftLogWorker.java:lambda$new$0(135)) - ab6f04f4-5b2e-49ed-8ed6-18cca86f2b6f@group-C38045D0070F-SegmentedRaftLogWorker: safeCacheEvictIndex: setUnconditionally 0 -> -1
2023-12-10 08:55:32,831 [ab6f04f4-5b2e-49ed-8ed6-18cca86f2b6f-groupManagement] INFO  server.RaftServer$Division (RaftServerImpl.java:start(392)) - ab6f04f4-5b2e-49ed-8ed6-18cca86f2b6f@group-C38045D0070F: start as a follower, conf=-1: peers:[8170aa16-323e-44de-b8c0-3f99a1184856|10.1.0.29:15041, ab6f04f4-5b2e-49ed-8ed6-18cca86f2b6f|10.1.0.29:15059, 71fa9327-596e-4bfe-b86f-33f6bdf50532|10.1.0.29:15050]|listeners:[], old=null
2023-12-10 08:55:32,831 [ab6f04f4-5b2e-49ed-8ed6-18cca86f2b6f-groupManagement] INFO  server.RaftServer$Division (RaftServerImpl.java:setRole(379)) - ab6f04f4-5b2e-49ed-8ed6-18cca86f2b6f@group-C38045D0070F: changes role from      null to FOLLOWER at term 0 for startAsFollower
2023-12-10 08:55:32,831 [ab6f04f4-5b2e-49ed-8ed6-18cca86f2b6f-groupManagement] INFO  impl.RoleInfo (RoleInfo.java:updateAndGet(139)) - ab6f04f4-5b2e-49ed-8ed6-18cca86f2b6f: start ab6f04f4-5b2e-49ed-8ed6-18cca86f2b6f@group-C38045D0070F-FollowerState
2023-12-10 08:55:32,831 [8170aa16-323e-44de-b8c0-3f99a1184856-groupManagement] INFO  server.RaftServerConfigKeys (ConfUtils.java:logGet(46)) - raft.server.log.segment.size.max = 67108864 (custom)
2023-12-10 08:55:32,831 [ab6f04f4-5b2e-49ed-8ed6-18cca86f2b6f-groupManagement] INFO  util.JmxRegister (JmxRegister.java:tryRegister(44)) - Successfully registered JMX Bean with object name Ratis:service=RaftServer,group=group-C38045D0070F,id=ab6f04f4-5b2e-49ed-8ed6-18cca86f2b6f
2023-12-10 08:55:32,831 [ab6f04f4-5b2e-49ed-8ed6-18cca86f2b6f-groupManagement] INFO  server.RaftServerConfigKeys (ConfUtils.java:logGet(46)) - raft.server.snapshot.trigger-when-stop.enabled = true (default)
2023-12-10 08:55:32,831 [ab6f04f4-5b2e-49ed-8ed6-18cca86f2b6f-groupManagement] INFO  server.RaftServerConfigKeys (ConfUtils.java:logGet(46)) - raft.server.snapshot.auto.trigger.enabled = true (custom)
2023-12-10 08:55:32,831 [ab6f04f4-5b2e-49ed-8ed6-18cca86f2b6f-groupManagement] INFO  server.RaftServerConfigKeys (ConfUtils.java:logGet(46)) - raft.server.snapshot.auto.trigger.threshold = 10000 (custom)
2023-12-10 08:55:32,832 [ab6f04f4-5b2e-49ed-8ed6-18cca86f2b6f-groupManagement] INFO  server.RaftServerConfigKeys (ConfUtils.java:logGet(46)) - raft.server.snapshot.retention.file.num = 5 (custom)
2023-12-10 08:55:32,832 [ab6f04f4-5b2e-49ed-8ed6-18cca86f2b6f-groupManagement] INFO  server.RaftServerConfigKeys (ConfUtils.java:logGet(46)) - raft.server.log.purge.upto.snapshot.index = false (default)
2023-12-10 08:55:32,833 [ab6f04f4-5b2e-49ed-8ed6-18cca86f2b6f@group-C38045D0070F-FollowerState] INFO  server.RaftServerConfigKeys (ConfUtils.java:logFallback(53)) - raft.server.rpc.first-election.timeout.min = 5s (fallback to raft.server.rpc.timeout.min)
2023-12-10 08:55:32,833 [ab6f04f4-5b2e-49ed-8ed6-18cca86f2b6f@group-C38045D0070F-FollowerState] INFO  server.RaftServerConfigKeys (ConfUtils.java:logFallback(53)) - raft.server.rpc.first-election.timeout.max = 5200ms (fallback to raft.server.rpc.timeout.max)
2023-12-10 08:55:32,832 [8170aa16-323e-44de-b8c0-3f99a1184856-groupManagement] INFO  server.RaftServerConfigKeys (ConfUtils.java:logGet(46)) - raft.server.log.segment.cache.num.max = 2 (custom)
2023-12-10 08:55:32,833 [8170aa16-323e-44de-b8c0-3f99a1184856-groupManagement] INFO  server.RaftServerConfigKeys (ConfUtils.java:logGet(46)) - raft.server.log.segment.cache.size.max = 200MB (=209715200) (default)
2023-12-10 08:55:32,833 [8170aa16-323e-44de-b8c0-3f99a1184856-groupManagement] INFO  server.RaftServerConfigKeys (ConfUtils.java:logGet(46)) - raft.server.log.appender.buffer.byte-limit = 8388608 (custom)
2023-12-10 08:55:32,834 [ab6f04f4-5b2e-49ed-8ed6-18cca86f2b6f-PipelineCommandHandlerThread-0] INFO  ratis.XceiverServerRatis (XceiverServerRatis.java:addGroup(837)) - Created group PipelineID=189588f6-959e-4d62-8f1a-c38045d0070f
2023-12-10 08:55:32,834 [8170aa16-323e-44de-b8c0-3f99a1184856-groupManagement] INFO  util.AwaitToRun (AwaitToRun.java:start(81)) - Thread[8170aa16-323e-44de-b8c0-3f99a1184856@group-F342B1D124FD-cacheEviction-AwaitToRun,5,main] started
2023-12-10 08:55:32,834 [8170aa16-323e-44de-b8c0-3f99a1184856-groupManagement] INFO  segmented.SegmentedRaftLogWorker (SegmentedRaftLogWorker.java:<init>(184)) - new 8170aa16-323e-44de-b8c0-3f99a1184856@group-F342B1D124FD-SegmentedRaftLogWorker for RaftStorageImpl:Storage Directory /home/runner/work/ozone/ozone/hadoop-ozone/integration-test/target/test-dir/MiniOzoneClusterImpl-7f66dfcd-4d84-4460-b9fe-211923c7b7bb/datanode-3/data/ratis/082d7f9d-146b-41ee-8618-f342b1d124fd
2023-12-10 08:55:32,834 [8170aa16-323e-44de-b8c0-3f99a1184856-groupManagement] INFO  server.RaftServerConfigKeys (ConfUtils.java:logGet(46)) - raft.server.log.queue.byte-limit = 4294967296 (custom)
2023-12-10 08:55:32,834 [8170aa16-323e-44de-b8c0-3f99a1184856-groupManagement] INFO  server.RaftServerConfigKeys (ConfUtils.java:logGet(46)) - raft.server.log.queue.element-limit = 1024 (custom)
2023-12-10 08:55:32,834 [8170aa16-323e-44de-b8c0-3f99a1184856-groupManagement] INFO  server.RaftServerConfigKeys (ConfUtils.java:logGet(46)) - raft.server.log.segment.size.max = 67108864 (custom)
2023-12-10 08:55:32,834 [8170aa16-323e-44de-b8c0-3f99a1184856-groupManagement] INFO  server.RaftServerConfigKeys (ConfUtils.java:logGet(46)) - raft.server.log.preallocated.size = 4194304 (custom)
2023-12-10 08:55:32,834 [8170aa16-323e-44de-b8c0-3f99a1184856-groupManagement] INFO  server.RaftServerConfigKeys (ConfUtils.java:logGet(46)) - raft.server.log.force.sync.num = 128 (default)
2023-12-10 08:55:32,834 [8170aa16-323e-44de-b8c0-3f99a1184856-groupManagement] INFO  server.RaftServerConfigKeys (ConfUtils.java:logGet(46)) - raft.server.log.statemachine.data.sync = true (default)
2023-12-10 08:55:32,835 [8170aa16-323e-44de-b8c0-3f99a1184856-groupManagement] INFO  server.RaftServerConfigKeys (ConfUtils.java:logGet(46)) - raft.server.log.statemachine.data.sync.timeout = 10s (default)
2023-12-10 08:55:32,835 [8170aa16-323e-44de-b8c0-3f99a1184856-groupManagement] INFO  server.RaftServerConfigKeys (ConfUtils.java:logGet(46)) - raft.server.log.statemachine.data.sync.timeout.retry = 0 (custom)
2023-12-10 08:55:32,835 [8170aa16-323e-44de-b8c0-3f99a1184856-groupManagement] INFO  server.RaftServerConfigKeys (ConfUtils.java:logGet(46)) - raft.server.log.write.buffer.size = 8388616 (custom)
2023-12-10 08:55:32,838 [8170aa16-323e-44de-b8c0-3f99a1184856-groupManagement] INFO  server.RaftServerConfigKeys (ConfUtils.java:logGet(46)) - raft.server.log.appender.buffer.byte-limit = 8388608 (custom)
2023-12-10 08:55:32,839 [8170aa16-323e-44de-b8c0-3f99a1184856-groupManagement] INFO  server.RaftServerConfigKeys (ConfUtils.java:logGet(46)) - raft.server.log.unsafe-flush.enabled = false (default)
2023-12-10 08:55:32,839 [8170aa16-323e-44de-b8c0-3f99a1184856-groupManagement] INFO  server.RaftServerConfigKeys (ConfUtils.java:logGet(46)) - raft.server.log.async-flush.enabled = false (default)
2023-12-10 08:55:32,839 [8170aa16-323e-44de-b8c0-3f99a1184856-groupManagement] INFO  server.RaftServerConfigKeys (ConfUtils.java:logGet(46)) - raft.server.log.statemachine.data.caching.enabled = true (custom)
2023-12-10 08:55:32,839 [8170aa16-323e-44de-b8c0-3f99a1184856-groupManagement] INFO  segmented.SegmentedRaftLogWorker (SegmentedRaftLogWorker.java:lambda$new$0(135)) - 8170aa16-323e-44de-b8c0-3f99a1184856@group-F342B1D124FD-SegmentedRaftLogWorker: flushIndex: setUnconditionally 0 -> -1
2023-12-10 08:55:32,839 [8170aa16-323e-44de-b8c0-3f99a1184856-groupManagement] INFO  segmented.SegmentedRaftLogWorker (SegmentedRaftLogWorker.java:lambda$new$0(135)) - 8170aa16-323e-44de-b8c0-3f99a1184856@group-F342B1D124FD-SegmentedRaftLogWorker: safeCacheEvictIndex: setUnconditionally 0 -> -1
2023-12-10 08:55:32,839 [8170aa16-323e-44de-b8c0-3f99a1184856-groupManagement] INFO  server.RaftServer$Division (RaftServerImpl.java:start(392)) - 8170aa16-323e-44de-b8c0-3f99a1184856@group-F342B1D124FD: start as a follower, conf=-1: peers:[8170aa16-323e-44de-b8c0-3f99a1184856|10.1.0.29:15041, ab6f04f4-5b2e-49ed-8ed6-18cca86f2b6f|10.1.0.29:15059, 71fa9327-596e-4bfe-b86f-33f6bdf50532|10.1.0.29:15050]|listeners:[], old=null
2023-12-10 08:55:32,839 [8170aa16-323e-44de-b8c0-3f99a1184856-PipelineCommandHandlerThread-0] INFO  commandhandler.CreatePipelineCommandHandler (CreatePipelineCommandHandler.java:lambda$handle$2(124)) - Created Pipeline RATIS THREE PipelineID=189588f6-959e-4d62-8f1a-c38045d0070f.
2023-12-10 08:55:32,839 [8170aa16-323e-44de-b8c0-3f99a1184856-groupManagement] INFO  server.RaftServer$Division (RaftServerImpl.java:setRole(379)) - 8170aa16-323e-44de-b8c0-3f99a1184856@group-F342B1D124FD: changes role from      null to FOLLOWER at term 0 for startAsFollower
2023-12-10 08:55:32,840 [8170aa16-323e-44de-b8c0-3f99a1184856-groupManagement] INFO  impl.RoleInfo (RoleInfo.java:updateAndGet(139)) - 8170aa16-323e-44de-b8c0-3f99a1184856: start 8170aa16-323e-44de-b8c0-3f99a1184856@group-F342B1D124FD-FollowerState
2023-12-10 08:55:32,841 [8170aa16-323e-44de-b8c0-3f99a1184856-groupManagement] INFO  util.JmxRegister (JmxRegister.java:tryRegister(44)) - Successfully registered JMX Bean with object name Ratis:service=RaftServer,group=group-F342B1D124FD,id=8170aa16-323e-44de-b8c0-3f99a1184856
2023-12-10 08:55:32,841 [8170aa16-323e-44de-b8c0-3f99a1184856-groupManagement] INFO  server.RaftServerConfigKeys (ConfUtils.java:logGet(46)) - raft.server.snapshot.trigger-when-stop.enabled = true (default)
2023-12-10 08:55:32,841 [8170aa16-323e-44de-b8c0-3f99a1184856-groupManagement] INFO  server.RaftServerConfigKeys (ConfUtils.java:logGet(46)) - raft.server.snapshot.auto.trigger.enabled = true (custom)
2023-12-10 08:55:32,841 [8170aa16-323e-44de-b8c0-3f99a1184856-groupManagement] INFO  server.RaftServerConfigKeys (ConfUtils.java:logGet(46)) - raft.server.snapshot.auto.trigger.threshold = 10000 (custom)
2023-12-10 08:55:32,841 [8170aa16-323e-44de-b8c0-3f99a1184856-groupManagement] INFO  server.RaftServerConfigKeys (ConfUtils.java:logGet(46)) - raft.server.snapshot.retention.file.num = 5 (custom)
2023-12-10 08:55:32,841 [8170aa16-323e-44de-b8c0-3f99a1184856-groupManagement] INFO  server.RaftServerConfigKeys (ConfUtils.java:logGet(46)) - raft.server.log.purge.upto.snapshot.index = false (default)
2023-12-10 08:55:32,845 [383c3691-e37d-4704-9b62-3f343d93bad0-groupManagement] INFO  server.RaftServer$Division (RaftServerImpl.java:<init>(256)) - 383c3691-e37d-4704-9b62-3f343d93bad0: new RaftServerImpl for group-6E390D03E149:[d585e390-d9b9-49cd-b5b8-386dd9d89b96|10.1.0.29:15086, 383c3691-e37d-4704-9b62-3f343d93bad0|10.1.0.29:15068, 7f393458-131e-4136-815e-5cd248d38671|10.1.0.29:15077] with ContainerStateMachine:uninitialized
2023-12-10 08:55:32,845 [383c3691-e37d-4704-9b62-3f343d93bad0-groupManagement] INFO  server.RaftServerConfigKeys (ConfUtils.java:logGet(46)) - raft.server.rpc.timeout.min = 5s (custom)
2023-12-10 08:55:32,845 [383c3691-e37d-4704-9b62-3f343d93bad0-groupManagement] INFO  server.RaftServerConfigKeys (ConfUtils.java:logGet(46)) - raft.server.rpc.timeout.max = 5200ms (custom)
2023-12-10 08:55:32,845 [383c3691-e37d-4704-9b62-3f343d93bad0-groupManagement] INFO  server.RaftServerConfigKeys (ConfUtils.java:logGet(46)) - raft.server.rpc.sleep.time = 25ms (default)
2023-12-10 08:55:32,845 [383c3691-e37d-4704-9b62-3f343d93bad0-groupManagement] INFO  server.RaftServerConfigKeys (ConfUtils.java:logGet(46)) - raft.server.rpc.slowness.timeout = 300s (custom)
2023-12-10 08:55:32,845 [383c3691-e37d-4704-9b62-3f343d93bad0-groupManagement] INFO  server.RaftServerConfigKeys (ConfUtils.java:logGet(46)) - raft.server.leaderelection.leader.step-down.wait-time = 10s (default)
2023-12-10 08:55:32,845 [383c3691-e37d-4704-9b62-3f343d93bad0-groupManagement] INFO  server.RaftServerConfigKeys (ConfUtils.java:logGet(46)) - raft.server.leaderelection.member.majority-add = false (default)
2023-12-10 08:55:32,845 [383c3691-e37d-4704-9b62-3f343d93bad0-groupManagement] INFO  server.RaftServerConfigKeys (ConfUtils.java:logGet(46)) - raft.server.sleep.deviation.threshold = 300ms (default)
2023-12-10 08:55:32,848 [383c3691-e37d-4704-9b62-3f343d93bad0-groupManagement] INFO  server.RaftServer$Division (ServerState.java:<init>(113)) - 383c3691-e37d-4704-9b62-3f343d93bad0@group-6E390D03E149: ConfigurationManager, init=-1: peers:[d585e390-d9b9-49cd-b5b8-386dd9d89b96|10.1.0.29:15086, 383c3691-e37d-4704-9b62-3f343d93bad0|10.1.0.29:15068, 7f393458-131e-4136-815e-5cd248d38671|10.1.0.29:15077]|listeners:[], old=null, confs=<EMPTY_MAP>
2023-12-10 08:55:32,849 [383c3691-e37d-4704-9b62-3f343d93bad0-groupManagement] INFO  server.RaftServerConfigKeys (ConfUtils.java:logGet(46)) - raft.server.notification.no-leader.timeout = 300s (custom)
2023-12-10 08:55:32,849 [383c3691-e37d-4704-9b62-3f343d93bad0-groupManagement] INFO  server.RaftServerConfigKeys (ConfUtils.java:logGet(46)) - raft.server.read.timeout = 10s (default)
2023-12-10 08:55:32,847 [8170aa16-323e-44de-b8c0-3f99a1184856@group-F342B1D124FD-FollowerState] INFO  server.RaftServerConfigKeys (ConfUtils.java:logFallback(53)) - raft.server.rpc.first-election.timeout.min = 5s (fallback to raft.server.rpc.timeout.min)
2023-12-10 08:55:32,849 [8170aa16-323e-44de-b8c0-3f99a1184856@group-F342B1D124FD-FollowerState] INFO  server.RaftServerConfigKeys (ConfUtils.java:logFallback(53)) - raft.server.rpc.first-election.timeout.max = 5200ms (fallback to raft.server.rpc.timeout.max)
2023-12-10 08:55:32,849 [383c3691-e37d-4704-9b62-3f343d93bad0-groupManagement] INFO  server.RaftServerConfigKeys (ConfUtils.java:logGet(46)) - raft.server.retrycache.expirytime = 600000ms (custom)
2023-12-10 08:55:32,849 [383c3691-e37d-4704-9b62-3f343d93bad0-groupManagement] INFO  server.RaftServerConfigKeys (ConfUtils.java:logGet(46)) - raft.server.retrycache.statistics.expirytime = 100ms (default)
2023-12-10 08:55:32,850 [383c3691-e37d-4704-9b62-3f343d93bad0-groupManagement] INFO  server.RaftServerConfigKeys (ConfUtils.java:logGet(46)) - raft.server.read.option = DEFAULT (default)
2023-12-10 08:55:32,850 [383c3691-e37d-4704-9b62-3f343d93bad0-groupManagement] INFO  server.RaftServerConfigKeys (ConfUtils.java:logGet(46)) - raft.server.read.read-after-write-consistent.write-index-cache.expiry-time = 60s (default)
2023-12-10 08:55:32,855 [383c3691-e37d-4704-9b62-3f343d93bad0-PipelineCommandHandlerThread-0] INFO  server.RaftServer (RaftServerProxy.java:addNew(100)) - 383c3691-e37d-4704-9b62-3f343d93bad0: addNew group-6E390D03E149:[d585e390-d9b9-49cd-b5b8-386dd9d89b96|10.1.0.29:15086, 383c3691-e37d-4704-9b62-3f343d93bad0|10.1.0.29:15068, 7f393458-131e-4136-815e-5cd248d38671|10.1.0.29:15077] returns group-6E390D03E149:java.util.concurrent.CompletableFuture@73ae5840[Not completed]
2023-12-10 08:55:32,880 [ceafc0c7-af9d-4de4-ae81-ea841051c606-PipelineCommandHandlerThread-0] INFO  commandhandler.CreatePipelineCommandHandler (CreatePipelineCommandHandler.java:lambda$handle$2(124)) - Created Pipeline RATIS THREE PipelineID=708b8303-c8f3-4adb-8941-e94c0b570e05.
2023-12-10 08:55:32,886 [383c3691-e37d-4704-9b62-3f343d93bad0-groupManagement] INFO  server.RaftServerConfigKeys (ConfUtils.java:logGet(46)) - raft.server.rpc.request.timeout = 60s (custom)
2023-12-10 08:55:32,887 [383c3691-e37d-4704-9b62-3f343d93bad0-groupManagement] INFO  server.RaftServerConfigKeys (ConfUtils.java:logGet(46)) - raft.server.log.appender.install.snapshot.enabled = false (custom)
2023-12-10 08:55:32,887 [383c3691-e37d-4704-9b62-3f343d93bad0-groupManagement] INFO  server.RaftServerConfigKeys (ConfUtils.java:logGet(46)) - raft.server.threadpool.server.cached = true (default)
2023-12-10 08:55:32,887 [383c3691-e37d-4704-9b62-3f343d93bad0-groupManagement] INFO  server.RaftServerConfigKeys (ConfUtils.java:logGet(46)) - raft.server.threadpool.server.size = 0 (default)
2023-12-10 08:55:32,887 [383c3691-e37d-4704-9b62-3f343d93bad0-groupManagement] INFO  server.RaftServerConfigKeys (ConfUtils.java:logGet(46)) - raft.server.threadpool.client.cached = true (default)
2023-12-10 08:55:32,887 [383c3691-e37d-4704-9b62-3f343d93bad0-groupManagement] INFO  server.RaftServerConfigKeys (ConfUtils.java:logGet(46)) - raft.server.threadpool.client.size = 0 (default)
2023-12-10 08:55:32,887 [383c3691-e37d-4704-9b62-3f343d93bad0-groupManagement] INFO  server.RaftServerConfigKeys (ConfUtils.java:logGet(46)) - raft.server.storage.free-space.min = 0MB (=0) (default)
2023-12-10 08:55:32,887 [383c3691-e37d-4704-9b62-3f343d93bad0-groupManagement] INFO  server.RaftServerConfigKeys (ConfUtils.java:logGet(46)) - raft.server.log.corruption.policy = EXCEPTION (default)
2023-12-10 08:55:32,887 [383c3691-e37d-4704-9b62-3f343d93bad0-groupManagement] INFO  server.RaftServerConfigKeys (ConfUtils.java:logGet(46)) - raft.server.storage.dir = [/home/runner/work/ozone/ozone/hadoop-ozone/integration-test/target/test-dir/MiniOzoneClusterImpl-7f66dfcd-4d84-4460-b9fe-211923c7b7bb/datanode-6/data/ratis] (custom)
2023-12-10 08:55:32,887 [383c3691-e37d-4704-9b62-3f343d93bad0-groupManagement] INFO  storage.RaftStorageDirectory (RaftStorageDirectoryImpl.java:analyzeStorage(138)) - The storage directory /home/runner/work/ozone/ozone/hadoop-ozone/integration-test/target/test-dir/MiniOzoneClusterImpl-7f66dfcd-4d84-4460-b9fe-211923c7b7bb/datanode-6/data/ratis/36c72806-ba22-4131-ae25-6e390d03e149 does not exist. Creating ...
2023-12-10 08:55:32,889 [383c3691-e37d-4704-9b62-3f343d93bad0-groupManagement] INFO  storage.RaftStorageDirectory (RaftStorageDirectoryImpl.java:tryLock(232)) - Lock on /home/runner/work/ozone/ozone/hadoop-ozone/integration-test/target/test-dir/MiniOzoneClusterImpl-7f66dfcd-4d84-4460-b9fe-211923c7b7bb/datanode-6/data/ratis/36c72806-ba22-4131-ae25-6e390d03e149/in_use.lock acquired by nodename 49456@fv-az1041-125
2023-12-10 08:55:32,892 [grpc-default-executor-0] INFO  server.RaftServer (RaftServerProxy.java:addNew(100)) - ab6f04f4-5b2e-49ed-8ed6-18cca86f2b6f: addNew group-F342B1D124FD:[8170aa16-323e-44de-b8c0-3f99a1184856|10.1.0.29:15041, ab6f04f4-5b2e-49ed-8ed6-18cca86f2b6f|10.1.0.29:15059, 71fa9327-596e-4bfe-b86f-33f6bdf50532|10.1.0.29:15050] returns group-F342B1D124FD:java.util.concurrent.CompletableFuture@1ae35d10[Not completed]
2023-12-10 08:55:32,892 [edd7aebe-e713-4899-b982-ee5b12165735-PipelineCommandHandlerThread-0] INFO  commandhandler.CreatePipelineCommandHandler (CreatePipelineCommandHandler.java:lambda$handle$2(124)) - Created Pipeline RATIS THREE PipelineID=708b8303-c8f3-4adb-8941-e94c0b570e05.
2023-12-10 08:55:32,892 [383c3691-e37d-4704-9b62-3f343d93bad0-groupManagement] INFO  storage.RaftStorage (RaftStorageImpl.java:format(97)) - Storage directory /home/runner/work/ozone/ozone/hadoop-ozone/integration-test/target/test-dir/MiniOzoneClusterImpl-7f66dfcd-4d84-4460-b9fe-211923c7b7bb/datanode-6/data/ratis/36c72806-ba22-4131-ae25-6e390d03e149 has been successfully formatted.
2023-12-10 08:55:32,894 [383c3691-e37d-4704-9b62-3f343d93bad0-groupManagement] INFO  ratis.ContainerStateMachine (ContainerStateMachine.java:loadSnapshot(269)) - group-6E390D03E149: The snapshot info is null. Setting the last applied indexto:(t:0, i:~)
2023-12-10 08:55:32,894 [383c3691-e37d-4704-9b62-3f343d93bad0-groupManagement] INFO  server.RaftServerConfigKeys (ConfUtils.java:logGet(46)) - raft.server.log.use.memory = false (default)
2023-12-10 08:55:32,894 [383c3691-e37d-4704-9b62-3f343d93bad0-groupManagement] INFO  server.RaftServerConfigKeys (ConfUtils.java:logGet(46)) - raft.server.log.purge.gap = 1000000 (custom)
2023-12-10 08:55:32,895 [383c3691-e37d-4704-9b62-3f343d93bad0-groupManagement] INFO  server.RaftServerConfigKeys (ConfUtils.java:logGet(46)) - raft.server.log.appender.buffer.byte-limit = 8388608 (custom)
2023-12-10 08:55:32,895 [383c3691-e37d-4704-9b62-3f343d93bad0-groupManagement] INFO  server.RaftServerConfigKeys (ConfUtils.java:logGet(46)) - raft.server.log.statemachine.data.read.timeout = 1000ms (default)
2023-12-10 08:55:32,895 [383c3691-e37d-4704-9b62-3f343d93bad0-groupManagement] INFO  server.RaftServerConfigKeys (ConfUtils.java:logGet(46)) - raft.server.log.purge.preservation.log.num = 0 (default)
2023-12-10 08:55:32,898 [383c3691-e37d-4704-9b62-3f343d93bad0-groupManagement] INFO  server.RaftServerConfigKeys (ConfUtils.java:logGet(46)) - raft.server.log.segment.size.max = 67108864 (custom)
2023-12-10 08:55:32,898 [173e1c01-ab9b-4bd4-a1fb-1dc9b7180747-PipelineCommandHandlerThread-0] INFO  commandhandler.CreatePipelineCommandHandler (CreatePipelineCommandHandler.java:lambda$handle$2(124)) - Created Pipeline RATIS THREE PipelineID=708b8303-c8f3-4adb-8941-e94c0b570e05.
2023-12-10 08:55:32,898 [383c3691-e37d-4704-9b62-3f343d93bad0-groupManagement] INFO  server.RaftServerConfigKeys (ConfUtils.java:logGet(46)) - raft.server.log.segment.cache.num.max = 2 (custom)
2023-12-10 08:55:32,898 [383c3691-e37d-4704-9b62-3f343d93bad0-groupManagement] INFO  server.RaftServerConfigKeys (ConfUtils.java:logGet(46)) - raft.server.log.segment.cache.size.max = 200MB (=209715200) (default)
2023-12-10 08:55:32,898 [383c3691-e37d-4704-9b62-3f343d93bad0-groupManagement] INFO  server.RaftServerConfigKeys (ConfUtils.java:logGet(46)) - raft.server.log.appender.buffer.byte-limit = 8388608 (custom)
2023-12-10 08:55:32,902 [383c3691-e37d-4704-9b62-3f343d93bad0-groupManagement] INFO  util.AwaitToRun (AwaitToRun.java:start(81)) - Thread[383c3691-e37d-4704-9b62-3f343d93bad0@group-6E390D03E149-cacheEviction-AwaitToRun,5,main] started
2023-12-10 08:55:32,902 [383c3691-e37d-4704-9b62-3f343d93bad0-groupManagement] INFO  segmented.SegmentedRaftLogWorker (SegmentedRaftLogWorker.java:<init>(184)) - new 383c3691-e37d-4704-9b62-3f343d93bad0@group-6E390D03E149-SegmentedRaftLogWorker for RaftStorageImpl:Storage Directory /home/runner/work/ozone/ozone/hadoop-ozone/integration-test/target/test-dir/MiniOzoneClusterImpl-7f66dfcd-4d84-4460-b9fe-211923c7b7bb/datanode-6/data/ratis/36c72806-ba22-4131-ae25-6e390d03e149
2023-12-10 08:55:32,902 [383c3691-e37d-4704-9b62-3f343d93bad0-groupManagement] INFO  server.RaftServerConfigKeys (ConfUtils.java:logGet(46)) - raft.server.log.queue.byte-limit = 4294967296 (custom)
2023-12-10 08:55:32,902 [383c3691-e37d-4704-9b62-3f343d93bad0-groupManagement] INFO  server.RaftServerConfigKeys (ConfUtils.java:logGet(46)) - raft.server.log.queue.element-limit = 1024 (custom)
2023-12-10 08:55:32,902 [383c3691-e37d-4704-9b62-3f343d93bad0-groupManagement] INFO  server.RaftServerConfigKeys (ConfUtils.java:logGet(46)) - raft.server.log.segment.size.max = 67108864 (custom)
2023-12-10 08:55:32,902 [383c3691-e37d-4704-9b62-3f343d93bad0-groupManagement] INFO  server.RaftServerConfigKeys (ConfUtils.java:logGet(46)) - raft.server.log.preallocated.size = 4194304 (custom)
2023-12-10 08:55:32,903 [383c3691-e37d-4704-9b62-3f343d93bad0-groupManagement] INFO  server.RaftServerConfigKeys (ConfUtils.java:logGet(46)) - raft.server.log.force.sync.num = 128 (default)
2023-12-10 08:55:32,903 [383c3691-e37d-4704-9b62-3f343d93bad0-groupManagement] INFO  server.RaftServerConfigKeys (ConfUtils.java:logGet(46)) - raft.server.log.statemachine.data.sync = true (default)
2023-12-10 08:55:32,903 [383c3691-e37d-4704-9b62-3f343d93bad0-groupManagement] INFO  server.RaftServerConfigKeys (ConfUtils.java:logGet(46)) - raft.server.log.statemachine.data.sync.timeout = 10s (default)
2023-12-10 08:55:32,903 [383c3691-e37d-4704-9b62-3f343d93bad0-groupManagement] INFO  server.RaftServerConfigKeys (ConfUtils.java:logGet(46)) - raft.server.log.statemachine.data.sync.timeout.retry = 0 (custom)
2023-12-10 08:55:32,907 [383c3691-e37d-4704-9b62-3f343d93bad0-groupManagement] INFO  server.RaftServerConfigKeys (ConfUtils.java:logGet(46)) - raft.server.log.write.buffer.size = 8388616 (custom)
2023-12-10 08:55:32,907 [ab6f04f4-5b2e-49ed-8ed6-18cca86f2b6f-groupManagement] INFO  server.RaftServer$Division (RaftServerImpl.java:<init>(256)) - ab6f04f4-5b2e-49ed-8ed6-18cca86f2b6f: new RaftServerImpl for group-F342B1D124FD:[8170aa16-323e-44de-b8c0-3f99a1184856|10.1.0.29:15041, ab6f04f4-5b2e-49ed-8ed6-18cca86f2b6f|10.1.0.29:15059, 71fa9327-596e-4bfe-b86f-33f6bdf50532|10.1.0.29:15050] with ContainerStateMachine:uninitialized
2023-12-10 08:55:32,907 [ab6f04f4-5b2e-49ed-8ed6-18cca86f2b6f-groupManagement] INFO  server.RaftServerConfigKeys (ConfUtils.java:logGet(46)) - raft.server.rpc.timeout.min = 5s (custom)
2023-12-10 08:55:32,907 [ab6f04f4-5b2e-49ed-8ed6-18cca86f2b6f-groupManagement] INFO  server.RaftServerConfigKeys (ConfUtils.java:logGet(46)) - raft.server.rpc.timeout.max = 5200ms (custom)
2023-12-10 08:55:32,907 [ab6f04f4-5b2e-49ed-8ed6-18cca86f2b6f-groupManagement] INFO  server.RaftServerConfigKeys (ConfUtils.java:logGet(46)) - raft.server.rpc.sleep.time = 25ms (default)
2023-12-10 08:55:32,907 [ab6f04f4-5b2e-49ed-8ed6-18cca86f2b6f-groupManagement] INFO  server.RaftServerConfigKeys (ConfUtils.java:logGet(46)) - raft.server.rpc.slowness.timeout = 300s (custom)
2023-12-10 08:55:32,907 [ab6f04f4-5b2e-49ed-8ed6-18cca86f2b6f-groupManagement] INFO  server.RaftServerConfigKeys (ConfUtils.java:logGet(46)) - raft.server.leaderelection.leader.step-down.wait-time = 10s (default)
2023-12-10 08:55:32,908 [ab6f04f4-5b2e-49ed-8ed6-18cca86f2b6f-groupManagement] INFO  server.RaftServerConfigKeys (ConfUtils.java:logGet(46)) - raft.server.leaderelection.member.majority-add = false (default)
2023-12-10 08:55:32,908 [ab6f04f4-5b2e-49ed-8ed6-18cca86f2b6f-groupManagement] INFO  server.RaftServerConfigKeys (ConfUtils.java:logGet(46)) - raft.server.sleep.deviation.threshold = 300ms (default)
2023-12-10 08:55:32,908 [ab6f04f4-5b2e-49ed-8ed6-18cca86f2b6f-groupManagement] INFO  server.RaftServer$Division (ServerState.java:<init>(113)) - ab6f04f4-5b2e-49ed-8ed6-18cca86f2b6f@group-F342B1D124FD: ConfigurationManager, init=-1: peers:[8170aa16-323e-44de-b8c0-3f99a1184856|10.1.0.29:15041, ab6f04f4-5b2e-49ed-8ed6-18cca86f2b6f|10.1.0.29:15059, 71fa9327-596e-4bfe-b86f-33f6bdf50532|10.1.0.29:15050]|listeners:[], old=null, confs=<EMPTY_MAP>
2023-12-10 08:55:32,908 [ab6f04f4-5b2e-49ed-8ed6-18cca86f2b6f-groupManagement] INFO  server.RaftServerConfigKeys (ConfUtils.java:logGet(46)) - raft.server.notification.no-leader.timeout = 300s (custom)
2023-12-10 08:55:32,908 [ab6f04f4-5b2e-49ed-8ed6-18cca86f2b6f-groupManagement] INFO  server.RaftServerConfigKeys (ConfUtils.java:logGet(46)) - raft.server.read.timeout = 10s (default)
2023-12-10 08:55:32,908 [ab6f04f4-5b2e-49ed-8ed6-18cca86f2b6f-groupManagement] INFO  server.RaftServerConfigKeys (ConfUtils.java:logGet(46)) - raft.server.retrycache.expirytime = 600000ms (custom)
2023-12-10 08:55:32,908 [ab6f04f4-5b2e-49ed-8ed6-18cca86f2b6f-groupManagement] INFO  server.RaftServerConfigKeys (ConfUtils.java:logGet(46)) - raft.server.retrycache.statistics.expirytime = 100ms (default)
2023-12-10 08:55:32,908 [ab6f04f4-5b2e-49ed-8ed6-18cca86f2b6f-groupManagement] INFO  server.RaftServerConfigKeys (ConfUtils.java:logGet(46)) - raft.server.read.option = DEFAULT (default)
2023-12-10 08:55:32,908 [ab6f04f4-5b2e-49ed-8ed6-18cca86f2b6f-groupManagement] INFO  server.RaftServerConfigKeys (ConfUtils.java:logGet(46)) - raft.server.read.read-after-write-consistent.write-index-cache.expiry-time = 60s (default)
2023-12-10 08:55:32,910 [383c3691-e37d-4704-9b62-3f343d93bad0-groupManagement] INFO  server.RaftServerConfigKeys (ConfUtils.java:logGet(46)) - raft.server.log.appender.buffer.byte-limit = 8388608 (custom)
2023-12-10 08:55:32,910 [383c3691-e37d-4704-9b62-3f343d93bad0-groupManagement] INFO  server.RaftServerConfigKeys (ConfUtils.java:logGet(46)) - raft.server.log.unsafe-flush.enabled = false (default)
2023-12-10 08:55:32,910 [383c3691-e37d-4704-9b62-3f343d93bad0-groupManagement] INFO  server.RaftServerConfigKeys (ConfUtils.java:logGet(46)) - raft.server.log.async-flush.enabled = false (default)
2023-12-10 08:55:32,910 [383c3691-e37d-4704-9b62-3f343d93bad0-groupManagement] INFO  server.RaftServerConfigKeys (ConfUtils.java:logGet(46)) - raft.server.log.statemachine.data.caching.enabled = true (custom)
2023-12-10 08:55:32,911 [383c3691-e37d-4704-9b62-3f343d93bad0-groupManagement] INFO  segmented.SegmentedRaftLogWorker (SegmentedRaftLogWorker.java:lambda$new$0(135)) - 383c3691-e37d-4704-9b62-3f343d93bad0@group-6E390D03E149-SegmentedRaftLogWorker: flushIndex: setUnconditionally 0 -> -1
2023-12-10 08:55:32,911 [383c3691-e37d-4704-9b62-3f343d93bad0-groupManagement] INFO  segmented.SegmentedRaftLogWorker (SegmentedRaftLogWorker.java:lambda$new$0(135)) - 383c3691-e37d-4704-9b62-3f343d93bad0@group-6E390D03E149-SegmentedRaftLogWorker: safeCacheEvictIndex: setUnconditionally 0 -> -1
2023-12-10 08:55:32,913 [ab6f04f4-5b2e-49ed-8ed6-18cca86f2b6f-groupManagement] INFO  server.RaftServerConfigKeys (ConfUtils.java:logGet(46)) - raft.server.rpc.request.timeout = 60s (custom)
2023-12-10 08:55:32,913 [ab6f04f4-5b2e-49ed-8ed6-18cca86f2b6f-groupManagement] INFO  server.RaftServerConfigKeys (ConfUtils.java:logGet(46)) - raft.server.log.appender.install.snapshot.enabled = false (custom)
2023-12-10 08:55:32,914 [ab6f04f4-5b2e-49ed-8ed6-18cca86f2b6f-groupManagement] INFO  server.RaftServerConfigKeys (ConfUtils.java:logGet(46)) - raft.server.threadpool.server.cached = true (default)
2023-12-10 08:55:32,914 [ab6f04f4-5b2e-49ed-8ed6-18cca86f2b6f-groupManagement] INFO  server.RaftServerConfigKeys (ConfUtils.java:logGet(46)) - raft.server.threadpool.server.size = 0 (default)
2023-12-10 08:55:32,914 [ab6f04f4-5b2e-49ed-8ed6-18cca86f2b6f-groupManagement] INFO  server.RaftServerConfigKeys (ConfUtils.java:logGet(46)) - raft.server.threadpool.client.cached = true (default)
2023-12-10 08:55:32,914 [ab6f04f4-5b2e-49ed-8ed6-18cca86f2b6f-groupManagement] INFO  server.RaftServerConfigKeys (ConfUtils.java:logGet(46)) - raft.server.threadpool.client.size = 0 (default)
2023-12-10 08:55:32,914 [ab6f04f4-5b2e-49ed-8ed6-18cca86f2b6f-groupManagement] INFO  server.RaftServerConfigKeys (ConfUtils.java:logGet(46)) - raft.server.storage.free-space.min = 0MB (=0) (default)
2023-12-10 08:55:32,914 [ab6f04f4-5b2e-49ed-8ed6-18cca86f2b6f-groupManagement] INFO  server.RaftServerConfigKeys (ConfUtils.java:logGet(46)) - raft.server.log.corruption.policy = EXCEPTION (default)
2023-12-10 08:55:32,914 [ab6f04f4-5b2e-49ed-8ed6-18cca86f2b6f-groupManagement] INFO  server.RaftServerConfigKeys (ConfUtils.java:logGet(46)) - raft.server.storage.dir = [/home/runner/work/ozone/ozone/hadoop-ozone/integration-test/target/test-dir/MiniOzoneClusterImpl-7f66dfcd-4d84-4460-b9fe-211923c7b7bb/datanode-5/data/ratis] (custom)
2023-12-10 08:55:32,914 [ab6f04f4-5b2e-49ed-8ed6-18cca86f2b6f-groupManagement] INFO  storage.RaftStorageDirectory (RaftStorageDirectoryImpl.java:analyzeStorage(138)) - The storage directory /home/runner/work/ozone/ozone/hadoop-ozone/integration-test/target/test-dir/MiniOzoneClusterImpl-7f66dfcd-4d84-4460-b9fe-211923c7b7bb/datanode-5/data/ratis/082d7f9d-146b-41ee-8618-f342b1d124fd does not exist. Creating ...
2023-12-10 08:55:32,919 [383c3691-e37d-4704-9b62-3f343d93bad0-groupManagement] INFO  server.RaftServer$Division (RaftServerImpl.java:start(392)) - 383c3691-e37d-4704-9b62-3f343d93bad0@group-6E390D03E149: start as a follower, conf=-1: peers:[d585e390-d9b9-49cd-b5b8-386dd9d89b96|10.1.0.29:15086, 383c3691-e37d-4704-9b62-3f343d93bad0|10.1.0.29:15068, 7f393458-131e-4136-815e-5cd248d38671|10.1.0.29:15077]|listeners:[], old=null
2023-12-10 08:55:32,919 [383c3691-e37d-4704-9b62-3f343d93bad0-groupManagement] INFO  server.RaftServer$Division (RaftServerImpl.java:setRole(379)) - 383c3691-e37d-4704-9b62-3f343d93bad0@group-6E390D03E149: changes role from      null to FOLLOWER at term 0 for startAsFollower
2023-12-10 08:55:32,919 [383c3691-e37d-4704-9b62-3f343d93bad0-groupManagement] INFO  impl.RoleInfo (RoleInfo.java:updateAndGet(139)) - 383c3691-e37d-4704-9b62-3f343d93bad0: start 383c3691-e37d-4704-9b62-3f343d93bad0@group-6E390D03E149-FollowerState
2023-12-10 08:55:32,920 [383c3691-e37d-4704-9b62-3f343d93bad0@group-6E390D03E149-FollowerState] INFO  server.RaftServerConfigKeys (ConfUtils.java:logFallback(53)) - raft.server.rpc.first-election.timeout.min = 5s (fallback to raft.server.rpc.timeout.min)
2023-12-10 08:55:32,920 [ab6f04f4-5b2e-49ed-8ed6-18cca86f2b6f-groupManagement] INFO  storage.RaftStorageDirectory (RaftStorageDirectoryImpl.java:tryLock(232)) - Lock on /home/runner/work/ozone/ozone/hadoop-ozone/integration-test/target/test-dir/MiniOzoneClusterImpl-7f66dfcd-4d84-4460-b9fe-211923c7b7bb/datanode-5/data/ratis/082d7f9d-146b-41ee-8618-f342b1d124fd/in_use.lock acquired by nodename 49456@fv-az1041-125
2023-12-10 08:55:32,920 [383c3691-e37d-4704-9b62-3f343d93bad0-groupManagement] INFO  util.JmxRegister (JmxRegister.java:tryRegister(44)) - Successfully registered JMX Bean with object name Ratis:service=RaftServer,group=group-6E390D03E149,id=383c3691-e37d-4704-9b62-3f343d93bad0
2023-12-10 08:55:32,921 [383c3691-e37d-4704-9b62-3f343d93bad0-groupManagement] INFO  server.RaftServerConfigKeys (ConfUtils.java:logGet(46)) - raft.server.snapshot.trigger-when-stop.enabled = true (default)
2023-12-10 08:55:32,921 [383c3691-e37d-4704-9b62-3f343d93bad0-groupManagement] INFO  server.RaftServerConfigKeys (ConfUtils.java:logGet(46)) - raft.server.snapshot.auto.trigger.enabled = true (custom)
2023-12-10 08:55:32,921 [383c3691-e37d-4704-9b62-3f343d93bad0-groupManagement] INFO  server.RaftServerConfigKeys (ConfUtils.java:logGet(46)) - raft.server.snapshot.auto.trigger.threshold = 10000 (custom)
2023-12-10 08:55:32,921 [383c3691-e37d-4704-9b62-3f343d93bad0-groupManagement] INFO  server.RaftServerConfigKeys (ConfUtils.java:logGet(46)) - raft.server.snapshot.retention.file.num = 5 (custom)
2023-12-10 08:55:32,921 [383c3691-e37d-4704-9b62-3f343d93bad0-groupManagement] INFO  server.RaftServerConfigKeys (ConfUtils.java:logGet(46)) - raft.server.log.purge.upto.snapshot.index = false (default)
2023-12-10 08:55:32,920 [383c3691-e37d-4704-9b62-3f343d93bad0@group-6E390D03E149-FollowerState] INFO  server.RaftServerConfigKeys (ConfUtils.java:logFallback(53)) - raft.server.rpc.first-election.timeout.max = 5200ms (fallback to raft.server.rpc.timeout.max)
2023-12-10 08:55:32,922 [ab6f04f4-5b2e-49ed-8ed6-18cca86f2b6f-groupManagement] INFO  storage.RaftStorage (RaftStorageImpl.java:format(97)) - Storage directory /home/runner/work/ozone/ozone/hadoop-ozone/integration-test/target/test-dir/MiniOzoneClusterImpl-7f66dfcd-4d84-4460-b9fe-211923c7b7bb/datanode-5/data/ratis/082d7f9d-146b-41ee-8618-f342b1d124fd has been successfully formatted.
2023-12-10 08:55:32,922 [ab6f04f4-5b2e-49ed-8ed6-18cca86f2b6f-groupManagement] INFO  ratis.ContainerStateMachine (ContainerStateMachine.java:loadSnapshot(269)) - group-F342B1D124FD: The snapshot info is null. Setting the last applied indexto:(t:0, i:~)
2023-12-10 08:55:32,923 [383c3691-e37d-4704-9b62-3f343d93bad0-PipelineCommandHandlerThread-0] INFO  ratis.XceiverServerRatis (XceiverServerRatis.java:addGroup(837)) - Created group PipelineID=36c72806-ba22-4131-ae25-6e390d03e149
2023-12-10 08:55:32,928 [ab6f04f4-5b2e-49ed-8ed6-18cca86f2b6f-groupManagement] INFO  server.RaftServerConfigKeys (ConfUtils.java:logGet(46)) - raft.server.log.use.memory = false (default)
2023-12-10 08:55:32,928 [ab6f04f4-5b2e-49ed-8ed6-18cca86f2b6f-groupManagement] INFO  server.RaftServerConfigKeys (ConfUtils.java:logGet(46)) - raft.server.log.purge.gap = 1000000 (custom)
2023-12-10 08:55:32,928 [ab6f04f4-5b2e-49ed-8ed6-18cca86f2b6f-groupManagement] INFO  server.RaftServerConfigKeys (ConfUtils.java:logGet(46)) - raft.server.log.appender.buffer.byte-limit = 8388608 (custom)
2023-12-10 08:55:32,928 [ab6f04f4-5b2e-49ed-8ed6-18cca86f2b6f-groupManagement] INFO  server.RaftServerConfigKeys (ConfUtils.java:logGet(46)) - raft.server.log.statemachine.data.read.timeout = 1000ms (default)
2023-12-10 08:55:32,928 [ab6f04f4-5b2e-49ed-8ed6-18cca86f2b6f-groupManagement] INFO  server.RaftServerConfigKeys (ConfUtils.java:logGet(46)) - raft.server.log.purge.preservation.log.num = 0 (default)
2023-12-10 08:55:32,939 [grpc-default-executor-3] INFO  server.RaftServer (RaftServerProxy.java:addNew(100)) - d585e390-d9b9-49cd-b5b8-386dd9d89b96: addNew group-6E390D03E149:[d585e390-d9b9-49cd-b5b8-386dd9d89b96|10.1.0.29:15086, 383c3691-e37d-4704-9b62-3f343d93bad0|10.1.0.29:15068, 7f393458-131e-4136-815e-5cd248d38671|10.1.0.29:15077] returns group-6E390D03E149:java.util.concurrent.CompletableFuture@5fa003c2[Not completed]
2023-12-10 08:55:32,940 [ab6f04f4-5b2e-49ed-8ed6-18cca86f2b6f-groupManagement] INFO  server.RaftServerConfigKeys (ConfUtils.java:logGet(46)) - raft.server.log.segment.size.max = 67108864 (custom)
2023-12-10 08:55:32,940 [ab6f04f4-5b2e-49ed-8ed6-18cca86f2b6f-groupManagement] INFO  server.RaftServerConfigKeys (ConfUtils.java:logGet(46)) - raft.server.log.segment.cache.num.max = 2 (custom)
2023-12-10 08:55:32,940 [ab6f04f4-5b2e-49ed-8ed6-18cca86f2b6f-groupManagement] INFO  server.RaftServerConfigKeys (ConfUtils.java:logGet(46)) - raft.server.log.segment.cache.size.max = 200MB (=209715200) (default)
2023-12-10 08:55:32,943 [ab6f04f4-5b2e-49ed-8ed6-18cca86f2b6f-groupManagement] INFO  server.RaftServerConfigKeys (ConfUtils.java:logGet(46)) - raft.server.log.appender.buffer.byte-limit = 8388608 (custom)
2023-12-10 08:55:32,943 [ab6f04f4-5b2e-49ed-8ed6-18cca86f2b6f-groupManagement] INFO  util.AwaitToRun (AwaitToRun.java:start(81)) - Thread[ab6f04f4-5b2e-49ed-8ed6-18cca86f2b6f@group-F342B1D124FD-cacheEviction-AwaitToRun,5,main] started
2023-12-10 08:55:32,943 [ab6f04f4-5b2e-49ed-8ed6-18cca86f2b6f-groupManagement] INFO  segmented.SegmentedRaftLogWorker (SegmentedRaftLogWorker.java:<init>(184)) - new ab6f04f4-5b2e-49ed-8ed6-18cca86f2b6f@group-F342B1D124FD-SegmentedRaftLogWorker for RaftStorageImpl:Storage Directory /home/runner/work/ozone/ozone/hadoop-ozone/integration-test/target/test-dir/MiniOzoneClusterImpl-7f66dfcd-4d84-4460-b9fe-211923c7b7bb/datanode-5/data/ratis/082d7f9d-146b-41ee-8618-f342b1d124fd
2023-12-10 08:55:32,943 [ab6f04f4-5b2e-49ed-8ed6-18cca86f2b6f-groupManagement] INFO  server.RaftServerConfigKeys (ConfUtils.java:logGet(46)) - raft.server.log.queue.byte-limit = 4294967296 (custom)
2023-12-10 08:55:32,943 [ab6f04f4-5b2e-49ed-8ed6-18cca86f2b6f-groupManagement] INFO  server.RaftServerConfigKeys (ConfUtils.java:logGet(46)) - raft.server.log.queue.element-limit = 1024 (custom)
2023-12-10 08:55:32,943 [ab6f04f4-5b2e-49ed-8ed6-18cca86f2b6f-groupManagement] INFO  server.RaftServerConfigKeys (ConfUtils.java:logGet(46)) - raft.server.log.segment.size.max = 67108864 (custom)
2023-12-10 08:55:32,943 [ab6f04f4-5b2e-49ed-8ed6-18cca86f2b6f-groupManagement] INFO  server.RaftServerConfigKeys (ConfUtils.java:logGet(46)) - raft.server.log.preallocated.size = 4194304 (custom)
2023-12-10 08:55:32,943 [ab6f04f4-5b2e-49ed-8ed6-18cca86f2b6f-groupManagement] INFO  server.RaftServerConfigKeys (ConfUtils.java:logGet(46)) - raft.server.log.force.sync.num = 128 (default)
2023-12-10 08:55:32,943 [ab6f04f4-5b2e-49ed-8ed6-18cca86f2b6f-groupManagement] INFO  server.RaftServerConfigKeys (ConfUtils.java:logGet(46)) - raft.server.log.statemachine.data.sync = true (default)
2023-12-10 08:55:32,947 [ab6f04f4-5b2e-49ed-8ed6-18cca86f2b6f-groupManagement] INFO  server.RaftServerConfigKeys (ConfUtils.java:logGet(46)) - raft.server.log.statemachine.data.sync.timeout = 10s (default)
2023-12-10 08:55:32,947 [ab6f04f4-5b2e-49ed-8ed6-18cca86f2b6f-groupManagement] INFO  server.RaftServerConfigKeys (ConfUtils.java:logGet(46)) - raft.server.log.statemachine.data.sync.timeout.retry = 0 (custom)
2023-12-10 08:55:32,944 [ab6f04f4-5b2e-49ed-8ed6-18cca86f2b6f-PipelineCommandHandlerThread-0] INFO  commandhandler.CreatePipelineCommandHandler (CreatePipelineCommandHandler.java:lambda$handle$2(124)) - Created Pipeline RATIS THREE PipelineID=189588f6-959e-4d62-8f1a-c38045d0070f.
2023-12-10 08:55:32,948 [7f393458-131e-4136-815e-5cd248d38671-PipelineCommandHandlerThread-0] INFO  server.RaftServer (RaftServerProxy.java:addNew(100)) - 7f393458-131e-4136-815e-5cd248d38671: addNew group-6E390D03E149:[d585e390-d9b9-49cd-b5b8-386dd9d89b96|10.1.0.29:15086, 383c3691-e37d-4704-9b62-3f343d93bad0|10.1.0.29:15068, 7f393458-131e-4136-815e-5cd248d38671|10.1.0.29:15077] returns group-6E390D03E149:java.util.concurrent.CompletableFuture@4ba67c5e[Not completed]
2023-12-10 08:55:32,948 [d585e390-d9b9-49cd-b5b8-386dd9d89b96-groupManagement] INFO  server.RaftServer$Division (RaftServerImpl.java:<init>(256)) - d585e390-d9b9-49cd-b5b8-386dd9d89b96: new RaftServerImpl for group-6E390D03E149:[d585e390-d9b9-49cd-b5b8-386dd9d89b96|10.1.0.29:15086, 383c3691-e37d-4704-9b62-3f343d93bad0|10.1.0.29:15068, 7f393458-131e-4136-815e-5cd248d38671|10.1.0.29:15077] with ContainerStateMachine:uninitialized
2023-12-10 08:55:32,949 [d585e390-d9b9-49cd-b5b8-386dd9d89b96-groupManagement] INFO  server.RaftServerConfigKeys (ConfUtils.java:logGet(46)) - raft.server.rpc.timeout.min = 5s (custom)
2023-12-10 08:55:32,949 [d585e390-d9b9-49cd-b5b8-386dd9d89b96-groupManagement] INFO  server.RaftServerConfigKeys (ConfUtils.java:logGet(46)) - raft.server.rpc.timeout.max = 5200ms (custom)
2023-12-10 08:55:32,949 [d585e390-d9b9-49cd-b5b8-386dd9d89b96-groupManagement] INFO  server.RaftServerConfigKeys (ConfUtils.java:logGet(46)) - raft.server.rpc.sleep.time = 25ms (default)
2023-12-10 08:55:32,949 [d585e390-d9b9-49cd-b5b8-386dd9d89b96-groupManagement] INFO  server.RaftServerConfigKeys (ConfUtils.java:logGet(46)) - raft.server.rpc.slowness.timeout = 300s (custom)
2023-12-10 08:55:32,949 [d585e390-d9b9-49cd-b5b8-386dd9d89b96-groupManagement] INFO  server.RaftServerConfigKeys (ConfUtils.java:logGet(46)) - raft.server.leaderelection.leader.step-down.wait-time = 10s (default)
2023-12-10 08:55:32,949 [ab6f04f4-5b2e-49ed-8ed6-18cca86f2b6f-groupManagement] INFO  server.RaftServerConfigKeys (ConfUtils.java:logGet(46)) - raft.server.log.write.buffer.size = 8388616 (custom)
2023-12-10 08:55:32,949 [d585e390-d9b9-49cd-b5b8-386dd9d89b96-groupManagement] INFO  server.RaftServerConfigKeys (ConfUtils.java:logGet(46)) - raft.server.leaderelection.member.majority-add = false (default)
2023-12-10 08:55:32,949 [d585e390-d9b9-49cd-b5b8-386dd9d89b96-groupManagement] INFO  server.RaftServerConfigKeys (ConfUtils.java:logGet(46)) - raft.server.sleep.deviation.threshold = 300ms (default)
2023-12-10 08:55:32,950 [d585e390-d9b9-49cd-b5b8-386dd9d89b96-groupManagement] INFO  server.RaftServer$Division (ServerState.java:<init>(113)) - d585e390-d9b9-49cd-b5b8-386dd9d89b96@group-6E390D03E149: ConfigurationManager, init=-1: peers:[d585e390-d9b9-49cd-b5b8-386dd9d89b96|10.1.0.29:15086, 383c3691-e37d-4704-9b62-3f343d93bad0|10.1.0.29:15068, 7f393458-131e-4136-815e-5cd248d38671|10.1.0.29:15077]|listeners:[], old=null, confs=<EMPTY_MAP>
2023-12-10 08:55:32,950 [d585e390-d9b9-49cd-b5b8-386dd9d89b96-groupManagement] INFO  server.RaftServerConfigKeys (ConfUtils.java:logGet(46)) - raft.server.notification.no-leader.timeout = 300s (custom)
2023-12-10 08:55:32,950 [d585e390-d9b9-49cd-b5b8-386dd9d89b96-groupManagement] INFO  server.RaftServerConfigKeys (ConfUtils.java:logGet(46)) - raft.server.read.timeout = 10s (default)
2023-12-10 08:55:32,950 [d585e390-d9b9-49cd-b5b8-386dd9d89b96-groupManagement] INFO  server.RaftServerConfigKeys (ConfUtils.java:logGet(46)) - raft.server.retrycache.expirytime = 600000ms (custom)
2023-12-10 08:55:32,950 [d585e390-d9b9-49cd-b5b8-386dd9d89b96-groupManagement] INFO  server.RaftServerConfigKeys (ConfUtils.java:logGet(46)) - raft.server.retrycache.statistics.expirytime = 100ms (default)
2023-12-10 08:55:32,950 [d585e390-d9b9-49cd-b5b8-386dd9d89b96-groupManagement] INFO  server.RaftServerConfigKeys (ConfUtils.java:logGet(46)) - raft.server.read.option = DEFAULT (default)
2023-12-10 08:55:32,950 [d585e390-d9b9-49cd-b5b8-386dd9d89b96-groupManagement] INFO  server.RaftServerConfigKeys (ConfUtils.java:logGet(46)) - raft.server.read.read-after-write-consistent.write-index-cache.expiry-time = 60s (default)
2023-12-10 08:55:32,951 [ab6f04f4-5b2e-49ed-8ed6-18cca86f2b6f-groupManagement] INFO  server.RaftServerConfigKeys (ConfUtils.java:logGet(46)) - raft.server.log.appender.buffer.byte-limit = 8388608 (custom)
2023-12-10 08:55:32,952 [ab6f04f4-5b2e-49ed-8ed6-18cca86f2b6f-groupManagement] INFO  server.RaftServerConfigKeys (ConfUtils.java:logGet(46)) - raft.server.log.unsafe-flush.enabled = false (default)
2023-12-10 08:55:32,952 [ab6f04f4-5b2e-49ed-8ed6-18cca86f2b6f-groupManagement] INFO  server.RaftServerConfigKeys (ConfUtils.java:logGet(46)) - raft.server.log.async-flush.enabled = false (default)
2023-12-10 08:55:32,952 [ab6f04f4-5b2e-49ed-8ed6-18cca86f2b6f-groupManagement] INFO  server.RaftServerConfigKeys (ConfUtils.java:logGet(46)) - raft.server.log.statemachine.data.caching.enabled = true (custom)
2023-12-10 08:55:32,952 [ab6f04f4-5b2e-49ed-8ed6-18cca86f2b6f-groupManagement] INFO  segmented.SegmentedRaftLogWorker (SegmentedRaftLogWorker.java:lambda$new$0(135)) - ab6f04f4-5b2e-49ed-8ed6-18cca86f2b6f@group-F342B1D124FD-SegmentedRaftLogWorker: flushIndex: setUnconditionally 0 -> -1
2023-12-10 08:55:32,952 [ab6f04f4-5b2e-49ed-8ed6-18cca86f2b6f-groupManagement] INFO  segmented.SegmentedRaftLogWorker (SegmentedRaftLogWorker.java:lambda$new$0(135)) - ab6f04f4-5b2e-49ed-8ed6-18cca86f2b6f@group-F342B1D124FD-SegmentedRaftLogWorker: safeCacheEvictIndex: setUnconditionally 0 -> -1
2023-12-10 08:55:32,954 [ab6f04f4-5b2e-49ed-8ed6-18cca86f2b6f-groupManagement] INFO  server.RaftServer$Division (RaftServerImpl.java:start(392)) - ab6f04f4-5b2e-49ed-8ed6-18cca86f2b6f@group-F342B1D124FD: start as a follower, conf=-1: peers:[8170aa16-323e-44de-b8c0-3f99a1184856|10.1.0.29:15041, ab6f04f4-5b2e-49ed-8ed6-18cca86f2b6f|10.1.0.29:15059, 71fa9327-596e-4bfe-b86f-33f6bdf50532|10.1.0.29:15050]|listeners:[], old=null
2023-12-10 08:55:32,954 [ab6f04f4-5b2e-49ed-8ed6-18cca86f2b6f-groupManagement] INFO  server.RaftServer$Division (RaftServerImpl.java:setRole(379)) - ab6f04f4-5b2e-49ed-8ed6-18cca86f2b6f@group-F342B1D124FD: changes role from      null to FOLLOWER at term 0 for startAsFollower
2023-12-10 08:55:32,954 [ab6f04f4-5b2e-49ed-8ed6-18cca86f2b6f-groupManagement] INFO  impl.RoleInfo (RoleInfo.java:updateAndGet(139)) - ab6f04f4-5b2e-49ed-8ed6-18cca86f2b6f: start ab6f04f4-5b2e-49ed-8ed6-18cca86f2b6f@group-F342B1D124FD-FollowerState
2023-12-10 08:55:32,954 [ab6f04f4-5b2e-49ed-8ed6-18cca86f2b6f@group-F342B1D124FD-FollowerState] INFO  server.RaftServerConfigKeys (ConfUtils.java:logFallback(53)) - raft.server.rpc.first-election.timeout.min = 5s (fallback to raft.server.rpc.timeout.min)
2023-12-10 08:55:32,954 [ab6f04f4-5b2e-49ed-8ed6-18cca86f2b6f@group-F342B1D124FD-FollowerState] INFO  server.RaftServerConfigKeys (ConfUtils.java:logFallback(53)) - raft.server.rpc.first-election.timeout.max = 5200ms (fallback to raft.server.rpc.timeout.max)
2023-12-10 08:55:32,955 [ab6f04f4-5b2e-49ed-8ed6-18cca86f2b6f-groupManagement] INFO  util.JmxRegister (JmxRegister.java:tryRegister(44)) - Successfully registered JMX Bean with object name Ratis:service=RaftServer,group=group-F342B1D124FD,id=ab6f04f4-5b2e-49ed-8ed6-18cca86f2b6f
2023-12-10 08:55:32,955 [ab6f04f4-5b2e-49ed-8ed6-18cca86f2b6f-groupManagement] INFO  server.RaftServerConfigKeys (ConfUtils.java:logGet(46)) - raft.server.snapshot.trigger-when-stop.enabled = true (default)
2023-12-10 08:55:32,955 [ab6f04f4-5b2e-49ed-8ed6-18cca86f2b6f-groupManagement] INFO  server.RaftServerConfigKeys (ConfUtils.java:logGet(46)) - raft.server.snapshot.auto.trigger.enabled = true (custom)
2023-12-10 08:55:32,955 [ab6f04f4-5b2e-49ed-8ed6-18cca86f2b6f-groupManagement] INFO  server.RaftServerConfigKeys (ConfUtils.java:logGet(46)) - raft.server.snapshot.auto.trigger.threshold = 10000 (custom)
2023-12-10 08:55:32,955 [ab6f04f4-5b2e-49ed-8ed6-18cca86f2b6f-groupManagement] INFO  server.RaftServerConfigKeys (ConfUtils.java:logGet(46)) - raft.server.snapshot.retention.file.num = 5 (custom)
2023-12-10 08:55:32,955 [ab6f04f4-5b2e-49ed-8ed6-18cca86f2b6f-groupManagement] INFO  server.RaftServerConfigKeys (ConfUtils.java:logGet(46)) - raft.server.log.purge.upto.snapshot.index = false (default)
2023-12-10 08:55:32,955 [7f393458-131e-4136-815e-5cd248d38671-groupManagement] INFO  server.RaftServer$Division (RaftServerImpl.java:<init>(256)) - 7f393458-131e-4136-815e-5cd248d38671: new RaftServerImpl for group-6E390D03E149:[d585e390-d9b9-49cd-b5b8-386dd9d89b96|10.1.0.29:15086, 383c3691-e37d-4704-9b62-3f343d93bad0|10.1.0.29:15068, 7f393458-131e-4136-815e-5cd248d38671|10.1.0.29:15077] with ContainerStateMachine:uninitialized
2023-12-10 08:55:32,956 [7f393458-131e-4136-815e-5cd248d38671-groupManagement] INFO  server.RaftServerConfigKeys (ConfUtils.java:logGet(46)) - raft.server.rpc.timeout.min = 5s (custom)
2023-12-10 08:55:32,956 [7f393458-131e-4136-815e-5cd248d38671-groupManagement] INFO  server.RaftServerConfigKeys (ConfUtils.java:logGet(46)) - raft.server.rpc.timeout.max = 5200ms (custom)
2023-12-10 08:55:32,957 [7f393458-131e-4136-815e-5cd248d38671-groupManagement] INFO  server.RaftServerConfigKeys (ConfUtils.java:logGet(46)) - raft.server.rpc.sleep.time = 25ms (default)
2023-12-10 08:55:32,957 [7f393458-131e-4136-815e-5cd248d38671-groupManagement] INFO  server.RaftServerConfigKeys (ConfUtils.java:logGet(46)) - raft.server.rpc.slowness.timeout = 300s (custom)
2023-12-10 08:55:32,957 [7f393458-131e-4136-815e-5cd248d38671-groupManagement] INFO  server.RaftServerConfigKeys (ConfUtils.java:logGet(46)) - raft.server.leaderelection.leader.step-down.wait-time = 10s (default)
2023-12-10 08:55:32,957 [7f393458-131e-4136-815e-5cd248d38671-groupManagement] INFO  server.RaftServerConfigKeys (ConfUtils.java:logGet(46)) - raft.server.leaderelection.member.majority-add = false (default)
2023-12-10 08:55:32,958 [7f393458-131e-4136-815e-5cd248d38671-groupManagement] INFO  server.RaftServerConfigKeys (ConfUtils.java:logGet(46)) - raft.server.sleep.deviation.threshold = 300ms (default)
2023-12-10 08:55:32,958 [7f393458-131e-4136-815e-5cd248d38671-groupManagement] INFO  server.RaftServer$Division (ServerState.java:<init>(113)) - 7f393458-131e-4136-815e-5cd248d38671@group-6E390D03E149: ConfigurationManager, init=-1: peers:[d585e390-d9b9-49cd-b5b8-386dd9d89b96|10.1.0.29:15086, 383c3691-e37d-4704-9b62-3f343d93bad0|10.1.0.29:15068, 7f393458-131e-4136-815e-5cd248d38671|10.1.0.29:15077]|listeners:[], old=null, confs=<EMPTY_MAP>
2023-12-10 08:55:32,958 [7f393458-131e-4136-815e-5cd248d38671-groupManagement] INFO  server.RaftServerConfigKeys (ConfUtils.java:logGet(46)) - raft.server.notification.no-leader.timeout = 300s (custom)
2023-12-10 08:55:32,959 [7f393458-131e-4136-815e-5cd248d38671-groupManagement] INFO  server.RaftServerConfigKeys (ConfUtils.java:logGet(46)) - raft.server.read.timeout = 10s (default)
2023-12-10 08:55:32,959 [7f393458-131e-4136-815e-5cd248d38671-groupManagement] INFO  server.RaftServerConfigKeys (ConfUtils.java:logGet(46)) - raft.server.retrycache.expirytime = 600000ms (custom)
2023-12-10 08:55:32,959 [7f393458-131e-4136-815e-5cd248d38671-groupManagement] INFO  server.RaftServerConfigKeys (ConfUtils.java:logGet(46)) - raft.server.retrycache.statistics.expirytime = 100ms (default)
2023-12-10 08:55:32,960 [7f393458-131e-4136-815e-5cd248d38671-groupManagement] INFO  server.RaftServerConfigKeys (ConfUtils.java:logGet(46)) - raft.server.read.option = DEFAULT (default)
2023-12-10 08:55:32,960 [7f393458-131e-4136-815e-5cd248d38671-groupManagement] INFO  server.RaftServerConfigKeys (ConfUtils.java:logGet(46)) - raft.server.read.read-after-write-consistent.write-index-cache.expiry-time = 60s (default)
2023-12-10 08:55:32,964 [d585e390-d9b9-49cd-b5b8-386dd9d89b96-groupManagement] INFO  server.RaftServerConfigKeys (ConfUtils.java:logGet(46)) - raft.server.rpc.request.timeout = 60s (custom)
2023-12-10 08:55:32,964 [d585e390-d9b9-49cd-b5b8-386dd9d89b96-groupManagement] INFO  server.RaftServerConfigKeys (ConfUtils.java:logGet(46)) - raft.server.log.appender.install.snapshot.enabled = false (custom)
2023-12-10 08:55:32,964 [d585e390-d9b9-49cd-b5b8-386dd9d89b96-groupManagement] INFO  server.RaftServerConfigKeys (ConfUtils.java:logGet(46)) - raft.server.threadpool.server.cached = true (default)
2023-12-10 08:55:32,964 [d585e390-d9b9-49cd-b5b8-386dd9d89b96-groupManagement] INFO  server.RaftServerConfigKeys (ConfUtils.java:logGet(46)) - raft.server.threadpool.server.size = 0 (default)
2023-12-10 08:55:32,964 [d585e390-d9b9-49cd-b5b8-386dd9d89b96-groupManagement] INFO  server.RaftServerConfigKeys (ConfUtils.java:logGet(46)) - raft.server.threadpool.client.cached = true (default)
2023-12-10 08:55:32,964 [d585e390-d9b9-49cd-b5b8-386dd9d89b96-groupManagement] INFO  server.RaftServerConfigKeys (ConfUtils.java:logGet(46)) - raft.server.threadpool.client.size = 0 (default)
2023-12-10 08:55:32,964 [d585e390-d9b9-49cd-b5b8-386dd9d89b96-groupManagement] INFO  server.RaftServerConfigKeys (ConfUtils.java:logGet(46)) - raft.server.storage.free-space.min = 0MB (=0) (default)
2023-12-10 08:55:32,964 [d585e390-d9b9-49cd-b5b8-386dd9d89b96-groupManagement] INFO  server.RaftServerConfigKeys (ConfUtils.java:logGet(46)) - raft.server.log.corruption.policy = EXCEPTION (default)
2023-12-10 08:55:32,965 [d585e390-d9b9-49cd-b5b8-386dd9d89b96-groupManagement] INFO  server.RaftServerConfigKeys (ConfUtils.java:logGet(46)) - raft.server.storage.dir = [/home/runner/work/ozone/ozone/hadoop-ozone/integration-test/target/test-dir/MiniOzoneClusterImpl-7f66dfcd-4d84-4460-b9fe-211923c7b7bb/datanode-8/data/ratis] (custom)
2023-12-10 08:55:32,965 [d585e390-d9b9-49cd-b5b8-386dd9d89b96-groupManagement] INFO  storage.RaftStorageDirectory (RaftStorageDirectoryImpl.java:analyzeStorage(138)) - The storage directory /home/runner/work/ozone/ozone/hadoop-ozone/integration-test/target/test-dir/MiniOzoneClusterImpl-7f66dfcd-4d84-4460-b9fe-211923c7b7bb/datanode-8/data/ratis/36c72806-ba22-4131-ae25-6e390d03e149 does not exist. Creating ...
2023-12-10 08:55:32,965 [d585e390-d9b9-49cd-b5b8-386dd9d89b96-groupManagement] INFO  storage.RaftStorageDirectory (RaftStorageDirectoryImpl.java:tryLock(232)) - Lock on /home/runner/work/ozone/ozone/hadoop-ozone/integration-test/target/test-dir/MiniOzoneClusterImpl-7f66dfcd-4d84-4460-b9fe-211923c7b7bb/datanode-8/data/ratis/36c72806-ba22-4131-ae25-6e390d03e149/in_use.lock acquired by nodename 49456@fv-az1041-125
2023-12-10 08:55:32,967 [d585e390-d9b9-49cd-b5b8-386dd9d89b96-groupManagement] INFO  storage.RaftStorage (RaftStorageImpl.java:format(97)) - Storage directory /home/runner/work/ozone/ozone/hadoop-ozone/integration-test/target/test-dir/MiniOzoneClusterImpl-7f66dfcd-4d84-4460-b9fe-211923c7b7bb/datanode-8/data/ratis/36c72806-ba22-4131-ae25-6e390d03e149 has been successfully formatted.
2023-12-10 08:55:32,969 [d585e390-d9b9-49cd-b5b8-386dd9d89b96-groupManagement] INFO  ratis.ContainerStateMachine (ContainerStateMachine.java:loadSnapshot(269)) - group-6E390D03E149: The snapshot info is null. Setting the last applied indexto:(t:0, i:~)
2023-12-10 08:55:32,969 [d585e390-d9b9-49cd-b5b8-386dd9d89b96-groupManagement] INFO  server.RaftServerConfigKeys (ConfUtils.java:logGet(46)) - raft.server.log.use.memory = false (default)
2023-12-10 08:55:32,970 [d585e390-d9b9-49cd-b5b8-386dd9d89b96-groupManagement] INFO  server.RaftServerConfigKeys (ConfUtils.java:logGet(46)) - raft.server.log.purge.gap = 1000000 (custom)
2023-12-10 08:55:32,970 [d585e390-d9b9-49cd-b5b8-386dd9d89b96-groupManagement] INFO  server.RaftServerConfigKeys (ConfUtils.java:logGet(46)) - raft.server.log.appender.buffer.byte-limit = 8388608 (custom)
2023-12-10 08:55:32,970 [d585e390-d9b9-49cd-b5b8-386dd9d89b96-groupManagement] INFO  server.RaftServerConfigKeys (ConfUtils.java:logGet(46)) - raft.server.log.statemachine.data.read.timeout = 1000ms (default)
2023-12-10 08:55:32,970 [d585e390-d9b9-49cd-b5b8-386dd9d89b96-groupManagement] INFO  server.RaftServerConfigKeys (ConfUtils.java:logGet(46)) - raft.server.log.purge.preservation.log.num = 0 (default)
2023-12-10 08:55:32,980 [7f393458-131e-4136-815e-5cd248d38671-groupManagement] INFO  server.RaftServerConfigKeys (ConfUtils.java:logGet(46)) - raft.server.rpc.request.timeout = 60s (custom)
2023-12-10 08:55:32,980 [7f393458-131e-4136-815e-5cd248d38671-groupManagement] INFO  server.RaftServerConfigKeys (ConfUtils.java:logGet(46)) - raft.server.log.appender.install.snapshot.enabled = false (custom)
2023-12-10 08:55:32,980 [7f393458-131e-4136-815e-5cd248d38671-groupManagement] INFO  server.RaftServerConfigKeys (ConfUtils.java:logGet(46)) - raft.server.threadpool.server.cached = true (default)
2023-12-10 08:55:32,980 [7f393458-131e-4136-815e-5cd248d38671-groupManagement] INFO  server.RaftServerConfigKeys (ConfUtils.java:logGet(46)) - raft.server.threadpool.server.size = 0 (default)
2023-12-10 08:55:32,980 [7f393458-131e-4136-815e-5cd248d38671-groupManagement] INFO  server.RaftServerConfigKeys (ConfUtils.java:logGet(46)) - raft.server.threadpool.client.cached = true (default)
2023-12-10 08:55:32,980 [7f393458-131e-4136-815e-5cd248d38671-groupManagement] INFO  server.RaftServerConfigKeys (ConfUtils.java:logGet(46)) - raft.server.threadpool.client.size = 0 (default)
2023-12-10 08:55:32,980 [7f393458-131e-4136-815e-5cd248d38671-groupManagement] INFO  server.RaftServerConfigKeys (ConfUtils.java:logGet(46)) - raft.server.storage.free-space.min = 0MB (=0) (default)
2023-12-10 08:55:32,980 [7f393458-131e-4136-815e-5cd248d38671-groupManagement] INFO  server.RaftServerConfigKeys (ConfUtils.java:logGet(46)) - raft.server.log.corruption.policy = EXCEPTION (default)
2023-12-10 08:55:32,980 [7f393458-131e-4136-815e-5cd248d38671-groupManagement] INFO  server.RaftServerConfigKeys (ConfUtils.java:logGet(46)) - raft.server.storage.dir = [/home/runner/work/ozone/ozone/hadoop-ozone/integration-test/target/test-dir/MiniOzoneClusterImpl-7f66dfcd-4d84-4460-b9fe-211923c7b7bb/datanode-7/data/ratis] (custom)
2023-12-10 08:55:32,980 [7f393458-131e-4136-815e-5cd248d38671-groupManagement] INFO  storage.RaftStorageDirectory (RaftStorageDirectoryImpl.java:analyzeStorage(138)) - The storage directory /home/runner/work/ozone/ozone/hadoop-ozone/integration-test/target/test-dir/MiniOzoneClusterImpl-7f66dfcd-4d84-4460-b9fe-211923c7b7bb/datanode-7/data/ratis/36c72806-ba22-4131-ae25-6e390d03e149 does not exist. Creating ...
2023-12-10 08:55:32,981 [7f393458-131e-4136-815e-5cd248d38671-groupManagement] INFO  storage.RaftStorageDirectory (RaftStorageDirectoryImpl.java:tryLock(232)) - Lock on /home/runner/work/ozone/ozone/hadoop-ozone/integration-test/target/test-dir/MiniOzoneClusterImpl-7f66dfcd-4d84-4460-b9fe-211923c7b7bb/datanode-7/data/ratis/36c72806-ba22-4131-ae25-6e390d03e149/in_use.lock acquired by nodename 49456@fv-az1041-125
2023-12-10 08:55:32,982 [d585e390-d9b9-49cd-b5b8-386dd9d89b96-groupManagement] INFO  server.RaftServerConfigKeys (ConfUtils.java:logGet(46)) - raft.server.log.segment.size.max = 67108864 (custom)
2023-12-10 08:55:32,983 [7f393458-131e-4136-815e-5cd248d38671-groupManagement] INFO  storage.RaftStorage (RaftStorageImpl.java:format(97)) - Storage directory /home/runner/work/ozone/ozone/hadoop-ozone/integration-test/target/test-dir/MiniOzoneClusterImpl-7f66dfcd-4d84-4460-b9fe-211923c7b7bb/datanode-7/data/ratis/36c72806-ba22-4131-ae25-6e390d03e149 has been successfully formatted.
2023-12-10 08:55:32,983 [d585e390-d9b9-49cd-b5b8-386dd9d89b96-groupManagement] INFO  server.RaftServerConfigKeys (ConfUtils.java:logGet(46)) - raft.server.log.segment.cache.num.max = 2 (custom)
2023-12-10 08:55:32,983 [d585e390-d9b9-49cd-b5b8-386dd9d89b96-groupManagement] INFO  server.RaftServerConfigKeys (ConfUtils.java:logGet(46)) - raft.server.log.segment.cache.size.max = 200MB (=209715200) (default)
2023-12-10 08:55:32,983 [d585e390-d9b9-49cd-b5b8-386dd9d89b96-groupManagement] INFO  server.RaftServerConfigKeys (ConfUtils.java:logGet(46)) - raft.server.log.appender.buffer.byte-limit = 8388608 (custom)
2023-12-10 08:55:32,984 [7f393458-131e-4136-815e-5cd248d38671-groupManagement] INFO  ratis.ContainerStateMachine (ContainerStateMachine.java:loadSnapshot(269)) - group-6E390D03E149: The snapshot info is null. Setting the last applied indexto:(t:0, i:~)
2023-12-10 08:55:32,984 [7f393458-131e-4136-815e-5cd248d38671-groupManagement] INFO  server.RaftServerConfigKeys (ConfUtils.java:logGet(46)) - raft.server.log.use.memory = false (default)
2023-12-10 08:55:32,984 [7f393458-131e-4136-815e-5cd248d38671-groupManagement] INFO  server.RaftServerConfigKeys (ConfUtils.java:logGet(46)) - raft.server.log.purge.gap = 1000000 (custom)
2023-12-10 08:55:32,984 [7f393458-131e-4136-815e-5cd248d38671-groupManagement] INFO  server.RaftServerConfigKeys (ConfUtils.java:logGet(46)) - raft.server.log.appender.buffer.byte-limit = 8388608 (custom)
2023-12-10 08:55:32,984 [7f393458-131e-4136-815e-5cd248d38671-groupManagement] INFO  server.RaftServerConfigKeys (ConfUtils.java:logGet(46)) - raft.server.log.statemachine.data.read.timeout = 1000ms (default)
2023-12-10 08:55:32,984 [7f393458-131e-4136-815e-5cd248d38671-groupManagement] INFO  server.RaftServerConfigKeys (ConfUtils.java:logGet(46)) - raft.server.log.purge.preservation.log.num = 0 (default)
2023-12-10 08:55:32,987 [7f393458-131e-4136-815e-5cd248d38671-groupManagement] INFO  server.RaftServerConfigKeys (ConfUtils.java:logGet(46)) - raft.server.log.segment.size.max = 67108864 (custom)
2023-12-10 08:55:32,988 [7f393458-131e-4136-815e-5cd248d38671-groupManagement] INFO  server.RaftServerConfigKeys (ConfUtils.java:logGet(46)) - raft.server.log.segment.cache.num.max = 2 (custom)
2023-12-10 08:55:32,988 [7f393458-131e-4136-815e-5cd248d38671-groupManagement] INFO  server.RaftServerConfigKeys (ConfUtils.java:logGet(46)) - raft.server.log.segment.cache.size.max = 200MB (=209715200) (default)
2023-12-10 08:55:32,988 [7f393458-131e-4136-815e-5cd248d38671-groupManagement] INFO  server.RaftServerConfigKeys (ConfUtils.java:logGet(46)) - raft.server.log.appender.buffer.byte-limit = 8388608 (custom)
2023-12-10 08:55:32,990 [d585e390-d9b9-49cd-b5b8-386dd9d89b96-groupManagement] INFO  util.AwaitToRun (AwaitToRun.java:start(81)) - Thread[d585e390-d9b9-49cd-b5b8-386dd9d89b96@group-6E390D03E149-cacheEviction-AwaitToRun,5,main] started
2023-12-10 08:55:32,990 [d585e390-d9b9-49cd-b5b8-386dd9d89b96-groupManagement] INFO  segmented.SegmentedRaftLogWorker (SegmentedRaftLogWorker.java:<init>(184)) - new d585e390-d9b9-49cd-b5b8-386dd9d89b96@group-6E390D03E149-SegmentedRaftLogWorker for RaftStorageImpl:Storage Directory /home/runner/work/ozone/ozone/hadoop-ozone/integration-test/target/test-dir/MiniOzoneClusterImpl-7f66dfcd-4d84-4460-b9fe-211923c7b7bb/datanode-8/data/ratis/36c72806-ba22-4131-ae25-6e390d03e149
2023-12-10 08:55:32,990 [d585e390-d9b9-49cd-b5b8-386dd9d89b96-groupManagement] INFO  server.RaftServerConfigKeys (ConfUtils.java:logGet(46)) - raft.server.log.queue.byte-limit = 4294967296 (custom)
2023-12-10 08:55:32,990 [d585e390-d9b9-49cd-b5b8-386dd9d89b96-groupManagement] INFO  server.RaftServerConfigKeys (ConfUtils.java:logGet(46)) - raft.server.log.queue.element-limit = 1024 (custom)
2023-12-10 08:55:32,990 [d585e390-d9b9-49cd-b5b8-386dd9d89b96-groupManagement] INFO  server.RaftServerConfigKeys (ConfUtils.java:logGet(46)) - raft.server.log.segment.size.max = 67108864 (custom)
2023-12-10 08:55:32,991 [d585e390-d9b9-49cd-b5b8-386dd9d89b96-groupManagement] INFO  server.RaftServerConfigKeys (ConfUtils.java:logGet(46)) - raft.server.log.preallocated.size = 4194304 (custom)
2023-12-10 08:55:32,991 [d585e390-d9b9-49cd-b5b8-386dd9d89b96-groupManagement] INFO  server.RaftServerConfigKeys (ConfUtils.java:logGet(46)) - raft.server.log.force.sync.num = 128 (default)
2023-12-10 08:55:32,991 [d585e390-d9b9-49cd-b5b8-386dd9d89b96-groupManagement] INFO  server.RaftServerConfigKeys (ConfUtils.java:logGet(46)) - raft.server.log.statemachine.data.sync = true (default)
2023-12-10 08:55:32,991 [d585e390-d9b9-49cd-b5b8-386dd9d89b96-groupManagement] INFO  server.RaftServerConfigKeys (ConfUtils.java:logGet(46)) - raft.server.log.statemachine.data.sync.timeout = 10s (default)
2023-12-10 08:55:32,991 [d585e390-d9b9-49cd-b5b8-386dd9d89b96-groupManagement] INFO  server.RaftServerConfigKeys (ConfUtils.java:logGet(46)) - raft.server.log.statemachine.data.sync.timeout.retry = 0 (custom)
2023-12-10 08:55:32,991 [d585e390-d9b9-49cd-b5b8-386dd9d89b96-groupManagement] INFO  server.RaftServerConfigKeys (ConfUtils.java:logGet(46)) - raft.server.log.write.buffer.size = 8388616 (custom)
2023-12-10 08:55:32,995 [7f393458-131e-4136-815e-5cd248d38671-groupManagement] INFO  util.AwaitToRun (AwaitToRun.java:start(81)) - Thread[7f393458-131e-4136-815e-5cd248d38671@group-6E390D03E149-cacheEviction-AwaitToRun,5,main] started
2023-12-10 08:55:32,995 [7f393458-131e-4136-815e-5cd248d38671-groupManagement] INFO  segmented.SegmentedRaftLogWorker (SegmentedRaftLogWorker.java:<init>(184)) - new 7f393458-131e-4136-815e-5cd248d38671@group-6E390D03E149-SegmentedRaftLogWorker for RaftStorageImpl:Storage Directory /home/runner/work/ozone/ozone/hadoop-ozone/integration-test/target/test-dir/MiniOzoneClusterImpl-7f66dfcd-4d84-4460-b9fe-211923c7b7bb/datanode-7/data/ratis/36c72806-ba22-4131-ae25-6e390d03e149
2023-12-10 08:55:32,995 [7f393458-131e-4136-815e-5cd248d38671-groupManagement] INFO  server.RaftServerConfigKeys (ConfUtils.java:logGet(46)) - raft.server.log.queue.byte-limit = 4294967296 (custom)
2023-12-10 08:55:32,995 [71fa9327-596e-4bfe-b86f-33f6bdf50532-PipelineCommandHandlerThread-0] INFO  commandhandler.CreatePipelineCommandHandler (CreatePipelineCommandHandler.java:lambda$handle$2(124)) - Created Pipeline RATIS THREE PipelineID=082d7f9d-146b-41ee-8618-f342b1d124fd.
2023-12-10 08:55:32,995 [7f393458-131e-4136-815e-5cd248d38671-groupManagement] INFO  server.RaftServerConfigKeys (ConfUtils.java:logGet(46)) - raft.server.log.queue.element-limit = 1024 (custom)
2023-12-10 08:55:32,995 [7f393458-131e-4136-815e-5cd248d38671-groupManagement] INFO  server.RaftServerConfigKeys (ConfUtils.java:logGet(46)) - raft.server.log.segment.size.max = 67108864 (custom)
2023-12-10 08:55:32,995 [7f393458-131e-4136-815e-5cd248d38671-groupManagement] INFO  server.RaftServerConfigKeys (ConfUtils.java:logGet(46)) - raft.server.log.preallocated.size = 4194304 (custom)
2023-12-10 08:55:32,995 [7f393458-131e-4136-815e-5cd248d38671-groupManagement] INFO  server.RaftServerConfigKeys (ConfUtils.java:logGet(46)) - raft.server.log.force.sync.num = 128 (default)
2023-12-10 08:55:32,995 [7f393458-131e-4136-815e-5cd248d38671-groupManagement] INFO  server.RaftServerConfigKeys (ConfUtils.java:logGet(46)) - raft.server.log.statemachine.data.sync = true (default)
2023-12-10 08:55:32,996 [7f393458-131e-4136-815e-5cd248d38671-groupManagement] INFO  server.RaftServerConfigKeys (ConfUtils.java:logGet(46)) - raft.server.log.statemachine.data.sync.timeout = 10s (default)
2023-12-10 08:55:32,996 [7f393458-131e-4136-815e-5cd248d38671-groupManagement] INFO  server.RaftServerConfigKeys (ConfUtils.java:logGet(46)) - raft.server.log.statemachine.data.sync.timeout.retry = 0 (custom)
2023-12-10 08:55:32,996 [7f393458-131e-4136-815e-5cd248d38671-groupManagement] INFO  server.RaftServerConfigKeys (ConfUtils.java:logGet(46)) - raft.server.log.write.buffer.size = 8388616 (custom)
2023-12-10 08:55:32,997 [7f393458-131e-4136-815e-5cd248d38671-groupManagement] INFO  server.RaftServerConfigKeys (ConfUtils.java:logGet(46)) - raft.server.log.appender.buffer.byte-limit = 8388608 (custom)
2023-12-10 08:55:32,998 [7f393458-131e-4136-815e-5cd248d38671-groupManagement] INFO  server.RaftServerConfigKeys (ConfUtils.java:logGet(46)) - raft.server.log.unsafe-flush.enabled = false (default)
2023-12-10 08:55:32,998 [7f393458-131e-4136-815e-5cd248d38671-groupManagement] INFO  server.RaftServerConfigKeys (ConfUtils.java:logGet(46)) - raft.server.log.async-flush.enabled = false (default)
2023-12-10 08:55:32,998 [7f393458-131e-4136-815e-5cd248d38671-groupManagement] INFO  server.RaftServerConfigKeys (ConfUtils.java:logGet(46)) - raft.server.log.statemachine.data.caching.enabled = true (custom)
2023-12-10 08:55:32,998 [7f393458-131e-4136-815e-5cd248d38671-groupManagement] INFO  segmented.SegmentedRaftLogWorker (SegmentedRaftLogWorker.java:lambda$new$0(135)) - 7f393458-131e-4136-815e-5cd248d38671@group-6E390D03E149-SegmentedRaftLogWorker: flushIndex: setUnconditionally 0 -> -1
2023-12-10 08:55:32,998 [7f393458-131e-4136-815e-5cd248d38671-groupManagement] INFO  segmented.SegmentedRaftLogWorker (SegmentedRaftLogWorker.java:lambda$new$0(135)) - 7f393458-131e-4136-815e-5cd248d38671@group-6E390D03E149-SegmentedRaftLogWorker: safeCacheEvictIndex: setUnconditionally 0 -> -1
2023-12-10 08:55:32,995 [d585e390-d9b9-49cd-b5b8-386dd9d89b96-groupManagement] INFO  server.RaftServerConfigKeys (ConfUtils.java:logGet(46)) - raft.server.log.appender.buffer.byte-limit = 8388608 (custom)
2023-12-10 08:55:32,999 [d585e390-d9b9-49cd-b5b8-386dd9d89b96-groupManagement] INFO  server.RaftServerConfigKeys (ConfUtils.java:logGet(46)) - raft.server.log.unsafe-flush.enabled = false (default)
2023-12-10 08:55:32,999 [d585e390-d9b9-49cd-b5b8-386dd9d89b96-groupManagement] INFO  server.RaftServerConfigKeys (ConfUtils.java:logGet(46)) - raft.server.log.async-flush.enabled = false (default)
2023-12-10 08:55:32,999 [d585e390-d9b9-49cd-b5b8-386dd9d89b96-groupManagement] INFO  server.RaftServerConfigKeys (ConfUtils.java:logGet(46)) - raft.server.log.statemachine.data.caching.enabled = true (custom)
2023-12-10 08:55:32,999 [d585e390-d9b9-49cd-b5b8-386dd9d89b96-groupManagement] INFO  segmented.SegmentedRaftLogWorker (SegmentedRaftLogWorker.java:lambda$new$0(135)) - d585e390-d9b9-49cd-b5b8-386dd9d89b96@group-6E390D03E149-SegmentedRaftLogWorker: flushIndex: setUnconditionally 0 -> -1
2023-12-10 08:55:32,999 [d585e390-d9b9-49cd-b5b8-386dd9d89b96-groupManagement] INFO  segmented.SegmentedRaftLogWorker (SegmentedRaftLogWorker.java:lambda$new$0(135)) - d585e390-d9b9-49cd-b5b8-386dd9d89b96@group-6E390D03E149-SegmentedRaftLogWorker: safeCacheEvictIndex: setUnconditionally 0 -> -1
2023-12-10 08:55:33,004 [7f393458-131e-4136-815e-5cd248d38671-groupManagement] INFO  server.RaftServer$Division (RaftServerImpl.java:start(392)) - 7f393458-131e-4136-815e-5cd248d38671@group-6E390D03E149: start as a follower, conf=-1: peers:[d585e390-d9b9-49cd-b5b8-386dd9d89b96|10.1.0.29:15086, 383c3691-e37d-4704-9b62-3f343d93bad0|10.1.0.29:15068, 7f393458-131e-4136-815e-5cd248d38671|10.1.0.29:15077]|listeners:[], old=null
2023-12-10 08:55:33,004 [7f393458-131e-4136-815e-5cd248d38671-groupManagement] INFO  server.RaftServer$Division (RaftServerImpl.java:setRole(379)) - 7f393458-131e-4136-815e-5cd248d38671@group-6E390D03E149: changes role from      null to FOLLOWER at term 0 for startAsFollower
2023-12-10 08:55:33,007 [d585e390-d9b9-49cd-b5b8-386dd9d89b96-groupManagement] INFO  server.RaftServer$Division (RaftServerImpl.java:start(392)) - d585e390-d9b9-49cd-b5b8-386dd9d89b96@group-6E390D03E149: start as a follower, conf=-1: peers:[d585e390-d9b9-49cd-b5b8-386dd9d89b96|10.1.0.29:15086, 383c3691-e37d-4704-9b62-3f343d93bad0|10.1.0.29:15068, 7f393458-131e-4136-815e-5cd248d38671|10.1.0.29:15077]|listeners:[], old=null
2023-12-10 08:55:33,007 [d585e390-d9b9-49cd-b5b8-386dd9d89b96-groupManagement] INFO  server.RaftServer$Division (RaftServerImpl.java:setRole(379)) - d585e390-d9b9-49cd-b5b8-386dd9d89b96@group-6E390D03E149: changes role from      null to FOLLOWER at term 0 for startAsFollower
2023-12-10 08:55:33,007 [7f393458-131e-4136-815e-5cd248d38671-groupManagement] INFO  impl.RoleInfo (RoleInfo.java:updateAndGet(139)) - 7f393458-131e-4136-815e-5cd248d38671: start 7f393458-131e-4136-815e-5cd248d38671@group-6E390D03E149-FollowerState
2023-12-10 08:55:33,010 [d585e390-d9b9-49cd-b5b8-386dd9d89b96-groupManagement] INFO  impl.RoleInfo (RoleInfo.java:updateAndGet(139)) - d585e390-d9b9-49cd-b5b8-386dd9d89b96: start d585e390-d9b9-49cd-b5b8-386dd9d89b96@group-6E390D03E149-FollowerState
2023-12-10 08:55:33,010 [7f393458-131e-4136-815e-5cd248d38671-groupManagement] INFO  util.JmxRegister (JmxRegister.java:tryRegister(44)) - Successfully registered JMX Bean with object name Ratis:service=RaftServer,group=group-6E390D03E149,id=7f393458-131e-4136-815e-5cd248d38671
2023-12-10 08:55:33,010 [7f393458-131e-4136-815e-5cd248d38671-groupManagement] INFO  server.RaftServerConfigKeys (ConfUtils.java:logGet(46)) - raft.server.snapshot.trigger-when-stop.enabled = true (default)
2023-12-10 08:55:33,011 [7f393458-131e-4136-815e-5cd248d38671-groupManagement] INFO  server.RaftServerConfigKeys (ConfUtils.java:logGet(46)) - raft.server.snapshot.auto.trigger.enabled = true (custom)
2023-12-10 08:55:33,011 [7f393458-131e-4136-815e-5cd248d38671-groupManagement] INFO  server.RaftServerConfigKeys (ConfUtils.java:logGet(46)) - raft.server.snapshot.auto.trigger.threshold = 10000 (custom)
2023-12-10 08:55:33,011 [7f393458-131e-4136-815e-5cd248d38671-groupManagement] INFO  server.RaftServerConfigKeys (ConfUtils.java:logGet(46)) - raft.server.snapshot.retention.file.num = 5 (custom)
2023-12-10 08:55:33,011 [7f393458-131e-4136-815e-5cd248d38671-groupManagement] INFO  server.RaftServerConfigKeys (ConfUtils.java:logGet(46)) - raft.server.log.purge.upto.snapshot.index = false (default)
2023-12-10 08:55:33,011 [7f393458-131e-4136-815e-5cd248d38671@group-6E390D03E149-FollowerState] INFO  server.RaftServerConfigKeys (ConfUtils.java:logFallback(53)) - raft.server.rpc.first-election.timeout.min = 5s (fallback to raft.server.rpc.timeout.min)
2023-12-10 08:55:33,011 [7f393458-131e-4136-815e-5cd248d38671@group-6E390D03E149-FollowerState] INFO  server.RaftServerConfigKeys (ConfUtils.java:logFallback(53)) - raft.server.rpc.first-election.timeout.max = 5200ms (fallback to raft.server.rpc.timeout.max)
2023-12-10 08:55:33,012 [d585e390-d9b9-49cd-b5b8-386dd9d89b96-groupManagement] INFO  util.JmxRegister (JmxRegister.java:tryRegister(44)) - Successfully registered JMX Bean with object name Ratis:service=RaftServer,group=group-6E390D03E149,id=d585e390-d9b9-49cd-b5b8-386dd9d89b96
2023-12-10 08:55:33,012 [d585e390-d9b9-49cd-b5b8-386dd9d89b96-groupManagement] INFO  server.RaftServerConfigKeys (ConfUtils.java:logGet(46)) - raft.server.snapshot.trigger-when-stop.enabled = true (default)
2023-12-10 08:55:33,013 [d585e390-d9b9-49cd-b5b8-386dd9d89b96-groupManagement] INFO  server.RaftServerConfigKeys (ConfUtils.java:logGet(46)) - raft.server.snapshot.auto.trigger.enabled = true (custom)
2023-12-10 08:55:33,013 [d585e390-d9b9-49cd-b5b8-386dd9d89b96-groupManagement] INFO  server.RaftServerConfigKeys (ConfUtils.java:logGet(46)) - raft.server.snapshot.auto.trigger.threshold = 10000 (custom)
2023-12-10 08:55:33,013 [d585e390-d9b9-49cd-b5b8-386dd9d89b96-groupManagement] INFO  server.RaftServerConfigKeys (ConfUtils.java:logGet(46)) - raft.server.snapshot.retention.file.num = 5 (custom)
2023-12-10 08:55:33,013 [d585e390-d9b9-49cd-b5b8-386dd9d89b96-groupManagement] INFO  server.RaftServerConfigKeys (ConfUtils.java:logGet(46)) - raft.server.log.purge.upto.snapshot.index = false (default)
2023-12-10 08:55:33,014 [d585e390-d9b9-49cd-b5b8-386dd9d89b96@group-6E390D03E149-FollowerState] INFO  server.RaftServerConfigKeys (ConfUtils.java:logFallback(53)) - raft.server.rpc.first-election.timeout.min = 5s (fallback to raft.server.rpc.timeout.min)
2023-12-10 08:55:33,014 [d585e390-d9b9-49cd-b5b8-386dd9d89b96@group-6E390D03E149-FollowerState] INFO  server.RaftServerConfigKeys (ConfUtils.java:logFallback(53)) - raft.server.rpc.first-election.timeout.max = 5200ms (fallback to raft.server.rpc.timeout.max)
2023-12-10 08:55:33,014 [7f393458-131e-4136-815e-5cd248d38671-PipelineCommandHandlerThread-0] INFO  ratis.XceiverServerRatis (XceiverServerRatis.java:addGroup(837)) - Created group PipelineID=36c72806-ba22-4131-ae25-6e390d03e149
2023-12-10 08:55:33,062 [7f393458-131e-4136-815e-5cd248d38671-PipelineCommandHandlerThread-0] INFO  commandhandler.CreatePipelineCommandHandler (CreatePipelineCommandHandler.java:lambda$handle$2(124)) - Created Pipeline RATIS THREE PipelineID=36c72806-ba22-4131-ae25-6e390d03e149.
2023-12-10 08:55:33,062 [7f393458-131e-4136-815e-5cd248d38671-PipelineCommandHandlerThread-0] INFO  server.RaftServer (RaftServerProxy.java:addNew(100)) - 7f393458-131e-4136-815e-5cd248d38671: addNew group-EF992D48831C:[d585e390-d9b9-49cd-b5b8-386dd9d89b96|10.1.0.29:15086, 383c3691-e37d-4704-9b62-3f343d93bad0|10.1.0.29:15068, 7f393458-131e-4136-815e-5cd248d38671|10.1.0.29:15077] returns group-EF992D48831C:java.util.concurrent.CompletableFuture@7b9e047b[Not completed]
2023-12-10 08:55:33,063 [7f393458-131e-4136-815e-5cd248d38671-groupManagement] INFO  server.RaftServer$Division (RaftServerImpl.java:<init>(256)) - 7f393458-131e-4136-815e-5cd248d38671: new RaftServerImpl for group-EF992D48831C:[d585e390-d9b9-49cd-b5b8-386dd9d89b96|10.1.0.29:15086, 383c3691-e37d-4704-9b62-3f343d93bad0|10.1.0.29:15068, 7f393458-131e-4136-815e-5cd248d38671|10.1.0.29:15077] with ContainerStateMachine:uninitialized
2023-12-10 08:55:33,063 [7f393458-131e-4136-815e-5cd248d38671-groupManagement] INFO  server.RaftServerConfigKeys (ConfUtils.java:logGet(46)) - raft.server.rpc.timeout.min = 5s (custom)
2023-12-10 08:55:33,063 [7f393458-131e-4136-815e-5cd248d38671-groupManagement] INFO  server.RaftServerConfigKeys (ConfUtils.java:logGet(46)) - raft.server.rpc.timeout.max = 5200ms (custom)
2023-12-10 08:55:33,063 [7f393458-131e-4136-815e-5cd248d38671-groupManagement] INFO  server.RaftServerConfigKeys (ConfUtils.java:logGet(46)) - raft.server.rpc.sleep.time = 25ms (default)
2023-12-10 08:55:33,063 [7f393458-131e-4136-815e-5cd248d38671-groupManagement] INFO  server.RaftServerConfigKeys (ConfUtils.java:logGet(46)) - raft.server.rpc.slowness.timeout = 300s (custom)
2023-12-10 08:55:33,063 [7f393458-131e-4136-815e-5cd248d38671-groupManagement] INFO  server.RaftServerConfigKeys (ConfUtils.java:logGet(46)) - raft.server.leaderelection.leader.step-down.wait-time = 10s (default)
2023-12-10 08:55:33,063 [7f393458-131e-4136-815e-5cd248d38671-groupManagement] INFO  server.RaftServerConfigKeys (ConfUtils.java:logGet(46)) - raft.server.leaderelection.member.majority-add = false (default)
2023-12-10 08:55:33,063 [7f393458-131e-4136-815e-5cd248d38671-groupManagement] INFO  server.RaftServerConfigKeys (ConfUtils.java:logGet(46)) - raft.server.sleep.deviation.threshold = 300ms (default)
2023-12-10 08:55:33,063 [7f393458-131e-4136-815e-5cd248d38671-groupManagement] INFO  server.RaftServer$Division (ServerState.java:<init>(113)) - 7f393458-131e-4136-815e-5cd248d38671@group-EF992D48831C: ConfigurationManager, init=-1: peers:[d585e390-d9b9-49cd-b5b8-386dd9d89b96|10.1.0.29:15086, 383c3691-e37d-4704-9b62-3f343d93bad0|10.1.0.29:15068, 7f393458-131e-4136-815e-5cd248d38671|10.1.0.29:15077]|listeners:[], old=null, confs=<EMPTY_MAP>
2023-12-10 08:55:33,064 [7f393458-131e-4136-815e-5cd248d38671-groupManagement] INFO  server.RaftServerConfigKeys (ConfUtils.java:logGet(46)) - raft.server.notification.no-leader.timeout = 300s (custom)
2023-12-10 08:55:33,064 [7f393458-131e-4136-815e-5cd248d38671-groupManagement] INFO  server.RaftServerConfigKeys (ConfUtils.java:logGet(46)) - raft.server.read.timeout = 10s (default)
2023-12-10 08:55:33,064 [7f393458-131e-4136-815e-5cd248d38671-groupManagement] INFO  server.RaftServerConfigKeys (ConfUtils.java:logGet(46)) - raft.server.retrycache.expirytime = 600000ms (custom)
2023-12-10 08:55:33,064 [7f393458-131e-4136-815e-5cd248d38671-groupManagement] INFO  server.RaftServerConfigKeys (ConfUtils.java:logGet(46)) - raft.server.retrycache.statistics.expirytime = 100ms (default)
2023-12-10 08:55:33,064 [7f393458-131e-4136-815e-5cd248d38671-groupManagement] INFO  server.RaftServerConfigKeys (ConfUtils.java:logGet(46)) - raft.server.read.option = DEFAULT (default)
2023-12-10 08:55:33,064 [7f393458-131e-4136-815e-5cd248d38671-groupManagement] INFO  server.RaftServerConfigKeys (ConfUtils.java:logGet(46)) - raft.server.read.read-after-write-consistent.write-index-cache.expiry-time = 60s (default)
2023-12-10 08:55:33,065 [383c3691-e37d-4704-9b62-3f343d93bad0-PipelineCommandHandlerThread-0] INFO  commandhandler.CreatePipelineCommandHandler (CreatePipelineCommandHandler.java:lambda$handle$2(124)) - Created Pipeline RATIS THREE PipelineID=36c72806-ba22-4131-ae25-6e390d03e149.
2023-12-10 08:55:33,065 [383c3691-e37d-4704-9b62-3f343d93bad0-PipelineCommandHandlerThread-0] INFO  server.RaftServer (RaftServerProxy.java:addNew(100)) - 383c3691-e37d-4704-9b62-3f343d93bad0: addNew group-EF992D48831C:[d585e390-d9b9-49cd-b5b8-386dd9d89b96|10.1.0.29:15086, 383c3691-e37d-4704-9b62-3f343d93bad0|10.1.0.29:15068, 7f393458-131e-4136-815e-5cd248d38671|10.1.0.29:15077] returns group-EF992D48831C:java.util.concurrent.CompletableFuture@6d883c24[Not completed]
2023-12-10 08:55:33,066 [383c3691-e37d-4704-9b62-3f343d93bad0-groupManagement] INFO  server.RaftServer$Division (RaftServerImpl.java:<init>(256)) - 383c3691-e37d-4704-9b62-3f343d93bad0: new RaftServerImpl for group-EF992D48831C:[d585e390-d9b9-49cd-b5b8-386dd9d89b96|10.1.0.29:15086, 383c3691-e37d-4704-9b62-3f343d93bad0|10.1.0.29:15068, 7f393458-131e-4136-815e-5cd248d38671|10.1.0.29:15077] with ContainerStateMachine:uninitialized
2023-12-10 08:55:33,066 [383c3691-e37d-4704-9b62-3f343d93bad0-groupManagement] INFO  server.RaftServerConfigKeys (ConfUtils.java:logGet(46)) - raft.server.rpc.timeout.min = 5s (custom)
2023-12-10 08:55:33,066 [383c3691-e37d-4704-9b62-3f343d93bad0-groupManagement] INFO  server.RaftServerConfigKeys (ConfUtils.java:logGet(46)) - raft.server.rpc.timeout.max = 5200ms (custom)
2023-12-10 08:55:33,066 [383c3691-e37d-4704-9b62-3f343d93bad0-groupManagement] INFO  server.RaftServerConfigKeys (ConfUtils.java:logGet(46)) - raft.server.rpc.sleep.time = 25ms (default)
2023-12-10 08:55:33,066 [383c3691-e37d-4704-9b62-3f343d93bad0-groupManagement] INFO  server.RaftServerConfigKeys (ConfUtils.java:logGet(46)) - raft.server.rpc.slowness.timeout = 300s (custom)
2023-12-10 08:55:33,066 [383c3691-e37d-4704-9b62-3f343d93bad0-groupManagement] INFO  server.RaftServerConfigKeys (ConfUtils.java:logGet(46)) - raft.server.leaderelection.leader.step-down.wait-time = 10s (default)
2023-12-10 08:55:33,066 [383c3691-e37d-4704-9b62-3f343d93bad0-groupManagement] INFO  server.RaftServerConfigKeys (ConfUtils.java:logGet(46)) - raft.server.leaderelection.member.majority-add = false (default)
2023-12-10 08:55:33,066 [383c3691-e37d-4704-9b62-3f343d93bad0-groupManagement] INFO  server.RaftServerConfigKeys (ConfUtils.java:logGet(46)) - raft.server.sleep.deviation.threshold = 300ms (default)
2023-12-10 08:55:33,066 [383c3691-e37d-4704-9b62-3f343d93bad0-groupManagement] INFO  server.RaftServer$Division (ServerState.java:<init>(113)) - 383c3691-e37d-4704-9b62-3f343d93bad0@group-EF992D48831C: ConfigurationManager, init=-1: peers:[d585e390-d9b9-49cd-b5b8-386dd9d89b96|10.1.0.29:15086, 383c3691-e37d-4704-9b62-3f343d93bad0|10.1.0.29:15068, 7f393458-131e-4136-815e-5cd248d38671|10.1.0.29:15077]|listeners:[], old=null, confs=<EMPTY_MAP>
2023-12-10 08:55:33,066 [383c3691-e37d-4704-9b62-3f343d93bad0-groupManagement] INFO  server.RaftServerConfigKeys (ConfUtils.java:logGet(46)) - raft.server.notification.no-leader.timeout = 300s (custom)
2023-12-10 08:55:33,066 [383c3691-e37d-4704-9b62-3f343d93bad0-groupManagement] INFO  server.RaftServerConfigKeys (ConfUtils.java:logGet(46)) - raft.server.read.timeout = 10s (default)
2023-12-10 08:55:33,066 [383c3691-e37d-4704-9b62-3f343d93bad0-groupManagement] INFO  server.RaftServerConfigKeys (ConfUtils.java:logGet(46)) - raft.server.retrycache.expirytime = 600000ms (custom)
2023-12-10 08:55:33,066 [383c3691-e37d-4704-9b62-3f343d93bad0-groupManagement] INFO  server.RaftServerConfigKeys (ConfUtils.java:logGet(46)) - raft.server.retrycache.statistics.expirytime = 100ms (default)
2023-12-10 08:55:33,066 [383c3691-e37d-4704-9b62-3f343d93bad0-groupManagement] INFO  server.RaftServerConfigKeys (ConfUtils.java:logGet(46)) - raft.server.read.option = DEFAULT (default)
2023-12-10 08:55:33,067 [383c3691-e37d-4704-9b62-3f343d93bad0-groupManagement] INFO  server.RaftServerConfigKeys (ConfUtils.java:logGet(46)) - raft.server.read.read-after-write-consistent.write-index-cache.expiry-time = 60s (default)
2023-12-10 08:55:33,068 [d585e390-d9b9-49cd-b5b8-386dd9d89b96-PipelineCommandHandlerThread-0] INFO  server.RaftServer (RaftServerProxy.java:addNew(100)) - d585e390-d9b9-49cd-b5b8-386dd9d89b96: addNew group-EF992D48831C:[d585e390-d9b9-49cd-b5b8-386dd9d89b96|10.1.0.29:15086, 383c3691-e37d-4704-9b62-3f343d93bad0|10.1.0.29:15068, 7f393458-131e-4136-815e-5cd248d38671|10.1.0.29:15077] returns group-EF992D48831C:java.util.concurrent.CompletableFuture@72b7e591[Not completed]
2023-12-10 08:55:33,068 [d585e390-d9b9-49cd-b5b8-386dd9d89b96-groupManagement] INFO  server.RaftServer$Division (RaftServerImpl.java:<init>(256)) - d585e390-d9b9-49cd-b5b8-386dd9d89b96: new RaftServerImpl for group-EF992D48831C:[d585e390-d9b9-49cd-b5b8-386dd9d89b96|10.1.0.29:15086, 383c3691-e37d-4704-9b62-3f343d93bad0|10.1.0.29:15068, 7f393458-131e-4136-815e-5cd248d38671|10.1.0.29:15077] with ContainerStateMachine:uninitialized
2023-12-10 08:55:33,068 [d585e390-d9b9-49cd-b5b8-386dd9d89b96-groupManagement] INFO  server.RaftServerConfigKeys (ConfUtils.java:logGet(46)) - raft.server.rpc.timeout.min = 5s (custom)
2023-12-10 08:55:33,068 [d585e390-d9b9-49cd-b5b8-386dd9d89b96-groupManagement] INFO  server.RaftServerConfigKeys (ConfUtils.java:logGet(46)) - raft.server.rpc.timeout.max = 5200ms (custom)
2023-12-10 08:55:33,069 [d585e390-d9b9-49cd-b5b8-386dd9d89b96-groupManagement] INFO  server.RaftServerConfigKeys (ConfUtils.java:logGet(46)) - raft.server.rpc.sleep.time = 25ms (default)
2023-12-10 08:55:33,069 [d585e390-d9b9-49cd-b5b8-386dd9d89b96-groupManagement] INFO  server.RaftServerConfigKeys (ConfUtils.java:logGet(46)) - raft.server.rpc.slowness.timeout = 300s (custom)
2023-12-10 08:55:33,069 [d585e390-d9b9-49cd-b5b8-386dd9d89b96-groupManagement] INFO  server.RaftServerConfigKeys (ConfUtils.java:logGet(46)) - raft.server.leaderelection.leader.step-down.wait-time = 10s (default)
2023-12-10 08:55:33,069 [d585e390-d9b9-49cd-b5b8-386dd9d89b96-groupManagement] INFO  server.RaftServerConfigKeys (ConfUtils.java:logGet(46)) - raft.server.leaderelection.member.majority-add = false (default)
2023-12-10 08:55:33,069 [d585e390-d9b9-49cd-b5b8-386dd9d89b96-groupManagement] INFO  server.RaftServerConfigKeys (ConfUtils.java:logGet(46)) - raft.server.sleep.deviation.threshold = 300ms (default)
2023-12-10 08:55:33,069 [d585e390-d9b9-49cd-b5b8-386dd9d89b96-groupManagement] INFO  server.RaftServer$Division (ServerState.java:<init>(113)) - d585e390-d9b9-49cd-b5b8-386dd9d89b96@group-EF992D48831C: ConfigurationManager, init=-1: peers:[d585e390-d9b9-49cd-b5b8-386dd9d89b96|10.1.0.29:15086, 383c3691-e37d-4704-9b62-3f343d93bad0|10.1.0.29:15068, 7f393458-131e-4136-815e-5cd248d38671|10.1.0.29:15077]|listeners:[], old=null, confs=<EMPTY_MAP>
2023-12-10 08:55:33,069 [d585e390-d9b9-49cd-b5b8-386dd9d89b96-groupManagement] INFO  server.RaftServerConfigKeys (ConfUtils.java:logGet(46)) - raft.server.notification.no-leader.timeout = 300s (custom)
2023-12-10 08:55:33,069 [d585e390-d9b9-49cd-b5b8-386dd9d89b96-groupManagement] INFO  server.RaftServerConfigKeys (ConfUtils.java:logGet(46)) - raft.server.read.timeout = 10s (default)
2023-12-10 08:55:33,069 [d585e390-d9b9-49cd-b5b8-386dd9d89b96-groupManagement] INFO  server.RaftServerConfigKeys (ConfUtils.java:logGet(46)) - raft.server.retrycache.expirytime = 600000ms (custom)
2023-12-10 08:55:33,069 [d585e390-d9b9-49cd-b5b8-386dd9d89b96-groupManagement] INFO  server.RaftServerConfigKeys (ConfUtils.java:logGet(46)) - raft.server.retrycache.statistics.expirytime = 100ms (default)
2023-12-10 08:55:33,069 [d585e390-d9b9-49cd-b5b8-386dd9d89b96-groupManagement] INFO  server.RaftServerConfigKeys (ConfUtils.java:logGet(46)) - raft.server.read.option = DEFAULT (default)
2023-12-10 08:55:33,069 [d585e390-d9b9-49cd-b5b8-386dd9d89b96-groupManagement] INFO  server.RaftServerConfigKeys (ConfUtils.java:logGet(46)) - raft.server.read.read-after-write-consistent.write-index-cache.expiry-time = 60s (default)
2023-12-10 08:55:33,079 [7f393458-131e-4136-815e-5cd248d38671-groupManagement] INFO  server.RaftServerConfigKeys (ConfUtils.java:logGet(46)) - raft.server.rpc.request.timeout = 60s (custom)
2023-12-10 08:55:33,079 [7f393458-131e-4136-815e-5cd248d38671-groupManagement] INFO  server.RaftServerConfigKeys (ConfUtils.java:logGet(46)) - raft.server.log.appender.install.snapshot.enabled = false (custom)
2023-12-10 08:55:33,079 [7f393458-131e-4136-815e-5cd248d38671-groupManagement] INFO  server.RaftServerConfigKeys (ConfUtils.java:logGet(46)) - raft.server.threadpool.server.cached = true (default)
2023-12-10 08:55:33,079 [7f393458-131e-4136-815e-5cd248d38671-groupManagement] INFO  server.RaftServerConfigKeys (ConfUtils.java:logGet(46)) - raft.server.threadpool.server.size = 0 (default)
2023-12-10 08:55:33,079 [7f393458-131e-4136-815e-5cd248d38671-groupManagement] INFO  server.RaftServerConfigKeys (ConfUtils.java:logGet(46)) - raft.server.threadpool.client.cached = true (default)
2023-12-10 08:55:33,079 [7f393458-131e-4136-815e-5cd248d38671-groupManagement] INFO  server.RaftServerConfigKeys (ConfUtils.java:logGet(46)) - raft.server.threadpool.client.size = 0 (default)
2023-12-10 08:55:33,079 [7f393458-131e-4136-815e-5cd248d38671-groupManagement] INFO  server.RaftServerConfigKeys (ConfUtils.java:logGet(46)) - raft.server.storage.free-space.min = 0MB (=0) (default)
2023-12-10 08:55:33,079 [7f393458-131e-4136-815e-5cd248d38671-groupManagement] INFO  server.RaftServerConfigKeys (ConfUtils.java:logGet(46)) - raft.server.log.corruption.policy = EXCEPTION (default)
2023-12-10 08:55:33,084 [7f393458-131e-4136-815e-5cd248d38671-groupManagement] INFO  server.RaftServerConfigKeys (ConfUtils.java:logGet(46)) - raft.server.storage.dir = [/home/runner/work/ozone/ozone/hadoop-ozone/integration-test/target/test-dir/MiniOzoneClusterImpl-7f66dfcd-4d84-4460-b9fe-211923c7b7bb/datanode-7/data/ratis] (custom)
2023-12-10 08:55:33,084 [7f393458-131e-4136-815e-5cd248d38671-groupManagement] INFO  storage.RaftStorageDirectory (RaftStorageDirectoryImpl.java:analyzeStorage(138)) - The storage directory /home/runner/work/ozone/ozone/hadoop-ozone/integration-test/target/test-dir/MiniOzoneClusterImpl-7f66dfcd-4d84-4460-b9fe-211923c7b7bb/datanode-7/data/ratis/c040e1ea-1427-4604-9725-ef992d48831c does not exist. Creating ...
2023-12-10 08:55:33,085 [383c3691-e37d-4704-9b62-3f343d93bad0-groupManagement] INFO  server.RaftServerConfigKeys (ConfUtils.java:logGet(46)) - raft.server.rpc.request.timeout = 60s (custom)
2023-12-10 08:55:33,085 [383c3691-e37d-4704-9b62-3f343d93bad0-groupManagement] INFO  server.RaftServerConfigKeys (ConfUtils.java:logGet(46)) - raft.server.log.appender.install.snapshot.enabled = false (custom)
2023-12-10 08:55:33,085 [383c3691-e37d-4704-9b62-3f343d93bad0-groupManagement] INFO  server.RaftServerConfigKeys (ConfUtils.java:logGet(46)) - raft.server.threadpool.server.cached = true (default)
2023-12-10 08:55:33,085 [383c3691-e37d-4704-9b62-3f343d93bad0-groupManagement] INFO  server.RaftServerConfigKeys (ConfUtils.java:logGet(46)) - raft.server.threadpool.server.size = 0 (default)
2023-12-10 08:55:33,085 [383c3691-e37d-4704-9b62-3f343d93bad0-groupManagement] INFO  server.RaftServerConfigKeys (ConfUtils.java:logGet(46)) - raft.server.threadpool.client.cached = true (default)
2023-12-10 08:55:33,085 [383c3691-e37d-4704-9b62-3f343d93bad0-groupManagement] INFO  server.RaftServerConfigKeys (ConfUtils.java:logGet(46)) - raft.server.threadpool.client.size = 0 (default)
2023-12-10 08:55:33,085 [383c3691-e37d-4704-9b62-3f343d93bad0-groupManagement] INFO  server.RaftServerConfigKeys (ConfUtils.java:logGet(46)) - raft.server.storage.free-space.min = 0MB (=0) (default)
2023-12-10 08:55:33,085 [383c3691-e37d-4704-9b62-3f343d93bad0-groupManagement] INFO  server.RaftServerConfigKeys (ConfUtils.java:logGet(46)) - raft.server.log.corruption.policy = EXCEPTION (default)
2023-12-10 08:55:33,085 [383c3691-e37d-4704-9b62-3f343d93bad0-groupManagement] INFO  server.RaftServerConfigKeys (ConfUtils.java:logGet(46)) - raft.server.storage.dir = [/home/runner/work/ozone/ozone/hadoop-ozone/integration-test/target/test-dir/MiniOzoneClusterImpl-7f66dfcd-4d84-4460-b9fe-211923c7b7bb/datanode-6/data/ratis] (custom)
2023-12-10 08:55:33,086 [383c3691-e37d-4704-9b62-3f343d93bad0-groupManagement] INFO  storage.RaftStorageDirectory (RaftStorageDirectoryImpl.java:analyzeStorage(138)) - The storage directory /home/runner/work/ozone/ozone/hadoop-ozone/integration-test/target/test-dir/MiniOzoneClusterImpl-7f66dfcd-4d84-4460-b9fe-211923c7b7bb/datanode-6/data/ratis/c040e1ea-1427-4604-9725-ef992d48831c does not exist. Creating ...
2023-12-10 08:55:33,086 [383c3691-e37d-4704-9b62-3f343d93bad0-groupManagement] INFO  storage.RaftStorageDirectory (RaftStorageDirectoryImpl.java:tryLock(232)) - Lock on /home/runner/work/ozone/ozone/hadoop-ozone/integration-test/target/test-dir/MiniOzoneClusterImpl-7f66dfcd-4d84-4460-b9fe-211923c7b7bb/datanode-6/data/ratis/c040e1ea-1427-4604-9725-ef992d48831c/in_use.lock acquired by nodename 49456@fv-az1041-125
2023-12-10 08:55:33,087 [d585e390-d9b9-49cd-b5b8-386dd9d89b96-groupManagement] INFO  server.RaftServerConfigKeys (ConfUtils.java:logGet(46)) - raft.server.rpc.request.timeout = 60s (custom)
2023-12-10 08:55:33,087 [d585e390-d9b9-49cd-b5b8-386dd9d89b96-groupManagement] INFO  server.RaftServerConfigKeys (ConfUtils.java:logGet(46)) - raft.server.log.appender.install.snapshot.enabled = false (custom)
2023-12-10 08:55:33,087 [7f393458-131e-4136-815e-5cd248d38671-groupManagement] INFO  storage.RaftStorageDirectory (RaftStorageDirectoryImpl.java:tryLock(232)) - Lock on /home/runner/work/ozone/ozone/hadoop-ozone/integration-test/target/test-dir/MiniOzoneClusterImpl-7f66dfcd-4d84-4460-b9fe-211923c7b7bb/datanode-7/data/ratis/c040e1ea-1427-4604-9725-ef992d48831c/in_use.lock acquired by nodename 49456@fv-az1041-125
2023-12-10 08:55:33,088 [383c3691-e37d-4704-9b62-3f343d93bad0-groupManagement] INFO  storage.RaftStorage (RaftStorageImpl.java:format(97)) - Storage directory /home/runner/work/ozone/ozone/hadoop-ozone/integration-test/target/test-dir/MiniOzoneClusterImpl-7f66dfcd-4d84-4460-b9fe-211923c7b7bb/datanode-6/data/ratis/c040e1ea-1427-4604-9725-ef992d48831c has been successfully formatted.
2023-12-10 08:55:33,088 [383c3691-e37d-4704-9b62-3f343d93bad0-groupManagement] INFO  ratis.ContainerStateMachine (ContainerStateMachine.java:loadSnapshot(269)) - group-EF992D48831C: The snapshot info is null. Setting the last applied indexto:(t:0, i:~)
2023-12-10 08:55:33,088 [383c3691-e37d-4704-9b62-3f343d93bad0-groupManagement] INFO  server.RaftServerConfigKeys (ConfUtils.java:logGet(46)) - raft.server.log.use.memory = false (default)
2023-12-10 08:55:33,088 [383c3691-e37d-4704-9b62-3f343d93bad0-groupManagement] INFO  server.RaftServerConfigKeys (ConfUtils.java:logGet(46)) - raft.server.log.purge.gap = 1000000 (custom)
2023-12-10 08:55:33,088 [383c3691-e37d-4704-9b62-3f343d93bad0-groupManagement] INFO  server.RaftServerConfigKeys (ConfUtils.java:logGet(46)) - raft.server.log.appender.buffer.byte-limit = 8388608 (custom)
2023-12-10 08:55:33,088 [383c3691-e37d-4704-9b62-3f343d93bad0-groupManagement] INFO  server.RaftServerConfigKeys (ConfUtils.java:logGet(46)) - raft.server.log.statemachine.data.read.timeout = 1000ms (default)
2023-12-10 08:55:33,088 [383c3691-e37d-4704-9b62-3f343d93bad0-groupManagement] INFO  server.RaftServerConfigKeys (ConfUtils.java:logGet(46)) - raft.server.log.purge.preservation.log.num = 0 (default)
2023-12-10 08:55:33,089 [d585e390-d9b9-49cd-b5b8-386dd9d89b96-groupManagement] INFO  server.RaftServerConfigKeys (ConfUtils.java:logGet(46)) - raft.server.threadpool.server.cached = true (default)
2023-12-10 08:55:33,089 [d585e390-d9b9-49cd-b5b8-386dd9d89b96-groupManagement] INFO  server.RaftServerConfigKeys (ConfUtils.java:logGet(46)) - raft.server.threadpool.server.size = 0 (default)
2023-12-10 08:55:33,089 [d585e390-d9b9-49cd-b5b8-386dd9d89b96-groupManagement] INFO  server.RaftServerConfigKeys (ConfUtils.java:logGet(46)) - raft.server.threadpool.client.cached = true (default)
2023-12-10 08:55:33,089 [d585e390-d9b9-49cd-b5b8-386dd9d89b96-groupManagement] INFO  server.RaftServerConfigKeys (ConfUtils.java:logGet(46)) - raft.server.threadpool.client.size = 0 (default)
2023-12-10 08:55:33,089 [d585e390-d9b9-49cd-b5b8-386dd9d89b96-groupManagement] INFO  server.RaftServerConfigKeys (ConfUtils.java:logGet(46)) - raft.server.storage.free-space.min = 0MB (=0) (default)
2023-12-10 08:55:33,089 [d585e390-d9b9-49cd-b5b8-386dd9d89b96-groupManagement] INFO  server.RaftServerConfigKeys (ConfUtils.java:logGet(46)) - raft.server.log.corruption.policy = EXCEPTION (default)
2023-12-10 08:55:33,089 [d585e390-d9b9-49cd-b5b8-386dd9d89b96-groupManagement] INFO  server.RaftServerConfigKeys (ConfUtils.java:logGet(46)) - raft.server.storage.dir = [/home/runner/work/ozone/ozone/hadoop-ozone/integration-test/target/test-dir/MiniOzoneClusterImpl-7f66dfcd-4d84-4460-b9fe-211923c7b7bb/datanode-8/data/ratis] (custom)
2023-12-10 08:55:33,089 [d585e390-d9b9-49cd-b5b8-386dd9d89b96-groupManagement] INFO  storage.RaftStorageDirectory (RaftStorageDirectoryImpl.java:analyzeStorage(138)) - The storage directory /home/runner/work/ozone/ozone/hadoop-ozone/integration-test/target/test-dir/MiniOzoneClusterImpl-7f66dfcd-4d84-4460-b9fe-211923c7b7bb/datanode-8/data/ratis/c040e1ea-1427-4604-9725-ef992d48831c does not exist. Creating ...
2023-12-10 08:55:33,090 [7f393458-131e-4136-815e-5cd248d38671-groupManagement] INFO  storage.RaftStorage (RaftStorageImpl.java:format(97)) - Storage directory /home/runner/work/ozone/ozone/hadoop-ozone/integration-test/target/test-dir/MiniOzoneClusterImpl-7f66dfcd-4d84-4460-b9fe-211923c7b7bb/datanode-7/data/ratis/c040e1ea-1427-4604-9725-ef992d48831c has been successfully formatted.
2023-12-10 08:55:33,090 [7f393458-131e-4136-815e-5cd248d38671-groupManagement] INFO  ratis.ContainerStateMachine (ContainerStateMachine.java:loadSnapshot(269)) - group-EF992D48831C: The snapshot info is null. Setting the last applied indexto:(t:0, i:~)
2023-12-10 08:55:33,091 [7f393458-131e-4136-815e-5cd248d38671-groupManagement] INFO  server.RaftServerConfigKeys (ConfUtils.java:logGet(46)) - raft.server.log.use.memory = false (default)
2023-12-10 08:55:33,091 [383c3691-e37d-4704-9b62-3f343d93bad0-groupManagement] INFO  server.RaftServerConfigKeys (ConfUtils.java:logGet(46)) - raft.server.log.segment.size.max = 67108864 (custom)
2023-12-10 08:55:33,092 [383c3691-e37d-4704-9b62-3f343d93bad0-groupManagement] INFO  server.RaftServerConfigKeys (ConfUtils.java:logGet(46)) - raft.server.log.segment.cache.num.max = 2 (custom)
2023-12-10 08:55:33,092 [383c3691-e37d-4704-9b62-3f343d93bad0-groupManagement] INFO  server.RaftServerConfigKeys (ConfUtils.java:logGet(46)) - raft.server.log.segment.cache.size.max = 200MB (=209715200) (default)
2023-12-10 08:55:33,092 [383c3691-e37d-4704-9b62-3f343d93bad0-groupManagement] INFO  server.RaftServerConfigKeys (ConfUtils.java:logGet(46)) - raft.server.log.appender.buffer.byte-limit = 8388608 (custom)
2023-12-10 08:55:33,092 [383c3691-e37d-4704-9b62-3f343d93bad0-groupManagement] INFO  util.AwaitToRun (AwaitToRun.java:start(81)) - Thread[383c3691-e37d-4704-9b62-3f343d93bad0@group-EF992D48831C-cacheEviction-AwaitToRun,5,main] started
2023-12-10 08:55:33,092 [383c3691-e37d-4704-9b62-3f343d93bad0-groupManagement] INFO  segmented.SegmentedRaftLogWorker (SegmentedRaftLogWorker.java:<init>(184)) - new 383c3691-e37d-4704-9b62-3f343d93bad0@group-EF992D48831C-SegmentedRaftLogWorker for RaftStorageImpl:Storage Directory /home/runner/work/ozone/ozone/hadoop-ozone/integration-test/target/test-dir/MiniOzoneClusterImpl-7f66dfcd-4d84-4460-b9fe-211923c7b7bb/datanode-6/data/ratis/c040e1ea-1427-4604-9725-ef992d48831c
2023-12-10 08:55:33,092 [383c3691-e37d-4704-9b62-3f343d93bad0-groupManagement] INFO  server.RaftServerConfigKeys (ConfUtils.java:logGet(46)) - raft.server.log.queue.byte-limit = 4294967296 (custom)
2023-12-10 08:55:33,092 [383c3691-e37d-4704-9b62-3f343d93bad0-groupManagement] INFO  server.RaftServerConfigKeys (ConfUtils.java:logGet(46)) - raft.server.log.queue.element-limit = 1024 (custom)
2023-12-10 08:55:33,093 [383c3691-e37d-4704-9b62-3f343d93bad0-groupManagement] INFO  server.RaftServerConfigKeys (ConfUtils.java:logGet(46)) - raft.server.log.segment.size.max = 67108864 (custom)
2023-12-10 08:55:33,093 [383c3691-e37d-4704-9b62-3f343d93bad0-groupManagement] INFO  server.RaftServerConfigKeys (ConfUtils.java:logGet(46)) - raft.server.log.preallocated.size = 4194304 (custom)
2023-12-10 08:55:33,093 [383c3691-e37d-4704-9b62-3f343d93bad0-groupManagement] INFO  server.RaftServerConfigKeys (ConfUtils.java:logGet(46)) - raft.server.log.force.sync.num = 128 (default)
2023-12-10 08:55:33,093 [383c3691-e37d-4704-9b62-3f343d93bad0-groupManagement] INFO  server.RaftServerConfigKeys (ConfUtils.java:logGet(46)) - raft.server.log.statemachine.data.sync = true (default)
2023-12-10 08:55:33,093 [383c3691-e37d-4704-9b62-3f343d93bad0-groupManagement] INFO  server.RaftServerConfigKeys (ConfUtils.java:logGet(46)) - raft.server.log.statemachine.data.sync.timeout = 10s (default)
2023-12-10 08:55:33,093 [383c3691-e37d-4704-9b62-3f343d93bad0-groupManagement] INFO  server.RaftServerConfigKeys (ConfUtils.java:logGet(46)) - raft.server.log.statemachine.data.sync.timeout.retry = 0 (custom)
2023-12-10 08:55:33,094 [383c3691-e37d-4704-9b62-3f343d93bad0-groupManagement] INFO  server.RaftServerConfigKeys (ConfUtils.java:logGet(46)) - raft.server.log.write.buffer.size = 8388616 (custom)
2023-12-10 08:55:33,095 [d585e390-d9b9-49cd-b5b8-386dd9d89b96-groupManagement] INFO  storage.RaftStorageDirectory (RaftStorageDirectoryImpl.java:tryLock(232)) - Lock on /home/runner/work/ozone/ozone/hadoop-ozone/integration-test/target/test-dir/MiniOzoneClusterImpl-7f66dfcd-4d84-4460-b9fe-211923c7b7bb/datanode-8/data/ratis/c040e1ea-1427-4604-9725-ef992d48831c/in_use.lock acquired by nodename 49456@fv-az1041-125
2023-12-10 08:55:33,096 [383c3691-e37d-4704-9b62-3f343d93bad0-groupManagement] INFO  server.RaftServerConfigKeys (ConfUtils.java:logGet(46)) - raft.server.log.appender.buffer.byte-limit = 8388608 (custom)
2023-12-10 08:55:33,096 [7f393458-131e-4136-815e-5cd248d38671-groupManagement] INFO  server.RaftServerConfigKeys (ConfUtils.java:logGet(46)) - raft.server.log.purge.gap = 1000000 (custom)
2023-12-10 08:55:33,096 [7f393458-131e-4136-815e-5cd248d38671-groupManagement] INFO  server.RaftServerConfigKeys (ConfUtils.java:logGet(46)) - raft.server.log.appender.buffer.byte-limit = 8388608 (custom)
2023-12-10 08:55:33,096 [7f393458-131e-4136-815e-5cd248d38671-groupManagement] INFO  server.RaftServerConfigKeys (ConfUtils.java:logGet(46)) - raft.server.log.statemachine.data.read.timeout = 1000ms (default)
2023-12-10 08:55:33,096 [7f393458-131e-4136-815e-5cd248d38671-groupManagement] INFO  server.RaftServerConfigKeys (ConfUtils.java:logGet(46)) - raft.server.log.purge.preservation.log.num = 0 (default)
2023-12-10 08:55:33,096 [383c3691-e37d-4704-9b62-3f343d93bad0-groupManagement] INFO  server.RaftServerConfigKeys (ConfUtils.java:logGet(46)) - raft.server.log.unsafe-flush.enabled = false (default)
2023-12-10 08:55:33,096 [383c3691-e37d-4704-9b62-3f343d93bad0-groupManagement] INFO  server.RaftServerConfigKeys (ConfUtils.java:logGet(46)) - raft.server.log.async-flush.enabled = false (default)
2023-12-10 08:55:33,096 [383c3691-e37d-4704-9b62-3f343d93bad0-groupManagement] INFO  server.RaftServerConfigKeys (ConfUtils.java:logGet(46)) - raft.server.log.statemachine.data.caching.enabled = true (custom)
2023-12-10 08:55:33,097 [383c3691-e37d-4704-9b62-3f343d93bad0-groupManagement] INFO  segmented.SegmentedRaftLogWorker (SegmentedRaftLogWorker.java:lambda$new$0(135)) - 383c3691-e37d-4704-9b62-3f343d93bad0@group-EF992D48831C-SegmentedRaftLogWorker: flushIndex: setUnconditionally 0 -> -1
2023-12-10 08:55:33,097 [383c3691-e37d-4704-9b62-3f343d93bad0-groupManagement] INFO  segmented.SegmentedRaftLogWorker (SegmentedRaftLogWorker.java:lambda$new$0(135)) - 383c3691-e37d-4704-9b62-3f343d93bad0@group-EF992D48831C-SegmentedRaftLogWorker: safeCacheEvictIndex: setUnconditionally 0 -> -1
2023-12-10 08:55:33,097 [383c3691-e37d-4704-9b62-3f343d93bad0-groupManagement] INFO  server.RaftServer$Division (RaftServerImpl.java:start(392)) - 383c3691-e37d-4704-9b62-3f343d93bad0@group-EF992D48831C: start as a follower, conf=-1: peers:[d585e390-d9b9-49cd-b5b8-386dd9d89b96|10.1.0.29:15086, 383c3691-e37d-4704-9b62-3f343d93bad0|10.1.0.29:15068, 7f393458-131e-4136-815e-5cd248d38671|10.1.0.29:15077]|listeners:[], old=null
2023-12-10 08:55:33,097 [383c3691-e37d-4704-9b62-3f343d93bad0-groupManagement] INFO  server.RaftServer$Division (RaftServerImpl.java:setRole(379)) - 383c3691-e37d-4704-9b62-3f343d93bad0@group-EF992D48831C: changes role from      null to FOLLOWER at term 0 for startAsFollower
2023-12-10 08:55:33,097 [383c3691-e37d-4704-9b62-3f343d93bad0-groupManagement] INFO  impl.RoleInfo (RoleInfo.java:updateAndGet(139)) - 383c3691-e37d-4704-9b62-3f343d93bad0: start 383c3691-e37d-4704-9b62-3f343d93bad0@group-EF992D48831C-FollowerState
2023-12-10 08:55:33,097 [d585e390-d9b9-49cd-b5b8-386dd9d89b96-groupManagement] INFO  storage.RaftStorage (RaftStorageImpl.java:format(97)) - Storage directory /home/runner/work/ozone/ozone/hadoop-ozone/integration-test/target/test-dir/MiniOzoneClusterImpl-7f66dfcd-4d84-4460-b9fe-211923c7b7bb/datanode-8/data/ratis/c040e1ea-1427-4604-9725-ef992d48831c has been successfully formatted.
2023-12-10 08:55:33,098 [383c3691-e37d-4704-9b62-3f343d93bad0-groupManagement] INFO  util.JmxRegister (JmxRegister.java:tryRegister(44)) - Successfully registered JMX Bean with object name Ratis:service=RaftServer,group=group-EF992D48831C,id=383c3691-e37d-4704-9b62-3f343d93bad0
2023-12-10 08:55:33,098 [383c3691-e37d-4704-9b62-3f343d93bad0-groupManagement] INFO  server.RaftServerConfigKeys (ConfUtils.java:logGet(46)) - raft.server.snapshot.trigger-when-stop.enabled = true (default)
2023-12-10 08:55:33,098 [383c3691-e37d-4704-9b62-3f343d93bad0-groupManagement] INFO  server.RaftServerConfigKeys (ConfUtils.java:logGet(46)) - raft.server.snapshot.auto.trigger.enabled = true (custom)
2023-12-10 08:55:33,098 [383c3691-e37d-4704-9b62-3f343d93bad0-groupManagement] INFO  server.RaftServerConfigKeys (ConfUtils.java:logGet(46)) - raft.server.snapshot.auto.trigger.threshold = 10000 (custom)
2023-12-10 08:55:33,099 [383c3691-e37d-4704-9b62-3f343d93bad0-groupManagement] INFO  server.RaftServerConfigKeys (ConfUtils.java:logGet(46)) - raft.server.snapshot.retention.file.num = 5 (custom)
2023-12-10 08:55:33,099 [d585e390-d9b9-49cd-b5b8-386dd9d89b96-groupManagement] INFO  ratis.ContainerStateMachine (ContainerStateMachine.java:loadSnapshot(269)) - group-EF992D48831C: The snapshot info is null. Setting the last applied indexto:(t:0, i:~)
2023-12-10 08:55:33,099 [383c3691-e37d-4704-9b62-3f343d93bad0-groupManagement] INFO  server.RaftServerConfigKeys (ConfUtils.java:logGet(46)) - raft.server.log.purge.upto.snapshot.index = false (default)
2023-12-10 08:55:33,099 [383c3691-e37d-4704-9b62-3f343d93bad0@group-EF992D48831C-FollowerState] INFO  server.RaftServerConfigKeys (ConfUtils.java:logFallback(53)) - raft.server.rpc.first-election.timeout.min = 5s (fallback to raft.server.rpc.timeout.min)
2023-12-10 08:55:33,099 [383c3691-e37d-4704-9b62-3f343d93bad0@group-EF992D48831C-FollowerState] INFO  server.RaftServerConfigKeys (ConfUtils.java:logFallback(53)) - raft.server.rpc.first-election.timeout.max = 5200ms (fallback to raft.server.rpc.timeout.max)
2023-12-10 08:55:33,099 [d585e390-d9b9-49cd-b5b8-386dd9d89b96-groupManagement] INFO  server.RaftServerConfigKeys (ConfUtils.java:logGet(46)) - raft.server.log.use.memory = false (default)
2023-12-10 08:55:33,099 [d585e390-d9b9-49cd-b5b8-386dd9d89b96-groupManagement] INFO  server.RaftServerConfigKeys (ConfUtils.java:logGet(46)) - raft.server.log.purge.gap = 1000000 (custom)
2023-12-10 08:55:33,099 [d585e390-d9b9-49cd-b5b8-386dd9d89b96-groupManagement] INFO  server.RaftServerConfigKeys (ConfUtils.java:logGet(46)) - raft.server.log.appender.buffer.byte-limit = 8388608 (custom)
2023-12-10 08:55:33,099 [d585e390-d9b9-49cd-b5b8-386dd9d89b96-groupManagement] INFO  server.RaftServerConfigKeys (ConfUtils.java:logGet(46)) - raft.server.log.statemachine.data.read.timeout = 1000ms (default)
2023-12-10 08:55:33,099 [d585e390-d9b9-49cd-b5b8-386dd9d89b96-groupManagement] INFO  server.RaftServerConfigKeys (ConfUtils.java:logGet(46)) - raft.server.log.purge.preservation.log.num = 0 (default)
2023-12-10 08:55:33,101 [383c3691-e37d-4704-9b62-3f343d93bad0-PipelineCommandHandlerThread-0] INFO  ratis.XceiverServerRatis (XceiverServerRatis.java:addGroup(837)) - Created group PipelineID=c040e1ea-1427-4604-9725-ef992d48831c
2023-12-10 08:55:33,104 [d585e390-d9b9-49cd-b5b8-386dd9d89b96-groupManagement] INFO  server.RaftServerConfigKeys (ConfUtils.java:logGet(46)) - raft.server.log.segment.size.max = 67108864 (custom)
2023-12-10 08:55:33,104 [d585e390-d9b9-49cd-b5b8-386dd9d89b96-groupManagement] INFO  server.RaftServerConfigKeys (ConfUtils.java:logGet(46)) - raft.server.log.segment.cache.num.max = 2 (custom)
2023-12-10 08:55:33,104 [d585e390-d9b9-49cd-b5b8-386dd9d89b96-groupManagement] INFO  server.RaftServerConfigKeys (ConfUtils.java:logGet(46)) - raft.server.log.segment.cache.size.max = 200MB (=209715200) (default)
2023-12-10 08:55:33,104 [d585e390-d9b9-49cd-b5b8-386dd9d89b96-groupManagement] INFO  server.RaftServerConfigKeys (ConfUtils.java:logGet(46)) - raft.server.log.appender.buffer.byte-limit = 8388608 (custom)
2023-12-10 08:55:33,106 [7f393458-131e-4136-815e-5cd248d38671-groupManagement] INFO  server.RaftServerConfigKeys (ConfUtils.java:logGet(46)) - raft.server.log.segment.size.max = 67108864 (custom)
2023-12-10 08:55:33,107 [7f393458-131e-4136-815e-5cd248d38671-groupManagement] INFO  server.RaftServerConfigKeys (ConfUtils.java:logGet(46)) - raft.server.log.segment.cache.num.max = 2 (custom)
2023-12-10 08:55:33,108 [7f393458-131e-4136-815e-5cd248d38671-groupManagement] INFO  server.RaftServerConfigKeys (ConfUtils.java:logGet(46)) - raft.server.log.segment.cache.size.max = 200MB (=209715200) (default)
2023-12-10 08:55:33,108 [7f393458-131e-4136-815e-5cd248d38671-groupManagement] INFO  server.RaftServerConfigKeys (ConfUtils.java:logGet(46)) - raft.server.log.appender.buffer.byte-limit = 8388608 (custom)
2023-12-10 08:55:33,108 [d585e390-d9b9-49cd-b5b8-386dd9d89b96-groupManagement] INFO  util.AwaitToRun (AwaitToRun.java:start(81)) - Thread[d585e390-d9b9-49cd-b5b8-386dd9d89b96@group-EF992D48831C-cacheEviction-AwaitToRun,5,main] started
2023-12-10 08:55:33,108 [d585e390-d9b9-49cd-b5b8-386dd9d89b96-groupManagement] INFO  segmented.SegmentedRaftLogWorker (SegmentedRaftLogWorker.java:<init>(184)) - new d585e390-d9b9-49cd-b5b8-386dd9d89b96@group-EF992D48831C-SegmentedRaftLogWorker for RaftStorageImpl:Storage Directory /home/runner/work/ozone/ozone/hadoop-ozone/integration-test/target/test-dir/MiniOzoneClusterImpl-7f66dfcd-4d84-4460-b9fe-211923c7b7bb/datanode-8/data/ratis/c040e1ea-1427-4604-9725-ef992d48831c
2023-12-10 08:55:33,108 [d585e390-d9b9-49cd-b5b8-386dd9d89b96-groupManagement] INFO  server.RaftServerConfigKeys (ConfUtils.java:logGet(46)) - raft.server.log.queue.byte-limit = 4294967296 (custom)
2023-12-10 08:55:33,108 [d585e390-d9b9-49cd-b5b8-386dd9d89b96-groupManagement] INFO  server.RaftServerConfigKeys (ConfUtils.java:logGet(46)) - raft.server.log.queue.element-limit = 1024 (custom)
2023-12-10 08:55:33,108 [d585e390-d9b9-49cd-b5b8-386dd9d89b96-groupManagement] INFO  server.RaftServerConfigKeys (ConfUtils.java:logGet(46)) - raft.server.log.segment.size.max = 67108864 (custom)
2023-12-10 08:55:33,108 [d585e390-d9b9-49cd-b5b8-386dd9d89b96-groupManagement] INFO  server.RaftServerConfigKeys (ConfUtils.java:logGet(46)) - raft.server.log.preallocated.size = 4194304 (custom)
2023-12-10 08:55:33,108 [d585e390-d9b9-49cd-b5b8-386dd9d89b96-groupManagement] INFO  server.RaftServerConfigKeys (ConfUtils.java:logGet(46)) - raft.server.log.force.sync.num = 128 (default)
2023-12-10 08:55:33,108 [d585e390-d9b9-49cd-b5b8-386dd9d89b96-groupManagement] INFO  server.RaftServerConfigKeys (ConfUtils.java:logGet(46)) - raft.server.log.statemachine.data.sync = true (default)
2023-12-10 08:55:33,110 [7f393458-131e-4136-815e-5cd248d38671-groupManagement] INFO  util.AwaitToRun (AwaitToRun.java:start(81)) - Thread[7f393458-131e-4136-815e-5cd248d38671@group-EF992D48831C-cacheEviction-AwaitToRun,5,main] started
2023-12-10 08:55:33,110 [7f393458-131e-4136-815e-5cd248d38671-groupManagement] INFO  segmented.SegmentedRaftLogWorker (SegmentedRaftLogWorker.java:<init>(184)) - new 7f393458-131e-4136-815e-5cd248d38671@group-EF992D48831C-SegmentedRaftLogWorker for RaftStorageImpl:Storage Directory /home/runner/work/ozone/ozone/hadoop-ozone/integration-test/target/test-dir/MiniOzoneClusterImpl-7f66dfcd-4d84-4460-b9fe-211923c7b7bb/datanode-7/data/ratis/c040e1ea-1427-4604-9725-ef992d48831c
2023-12-10 08:55:33,110 [7f393458-131e-4136-815e-5cd248d38671-groupManagement] INFO  server.RaftServerConfigKeys (ConfUtils.java:logGet(46)) - raft.server.log.queue.byte-limit = 4294967296 (custom)
2023-12-10 08:55:33,110 [7f393458-131e-4136-815e-5cd248d38671-groupManagement] INFO  server.RaftServerConfigKeys (ConfUtils.java:logGet(46)) - raft.server.log.queue.element-limit = 1024 (custom)
2023-12-10 08:55:33,110 [7f393458-131e-4136-815e-5cd248d38671-groupManagement] INFO  server.RaftServerConfigKeys (ConfUtils.java:logGet(46)) - raft.server.log.segment.size.max = 67108864 (custom)
2023-12-10 08:55:33,110 [7f393458-131e-4136-815e-5cd248d38671-groupManagement] INFO  server.RaftServerConfigKeys (ConfUtils.java:logGet(46)) - raft.server.log.preallocated.size = 4194304 (custom)
2023-12-10 08:55:33,110 [7f393458-131e-4136-815e-5cd248d38671-groupManagement] INFO  server.RaftServerConfigKeys (ConfUtils.java:logGet(46)) - raft.server.log.force.sync.num = 128 (default)
2023-12-10 08:55:33,110 [7f393458-131e-4136-815e-5cd248d38671-groupManagement] INFO  server.RaftServerConfigKeys (ConfUtils.java:logGet(46)) - raft.server.log.statemachine.data.sync = true (default)
2023-12-10 08:55:33,110 [7f393458-131e-4136-815e-5cd248d38671-groupManagement] INFO  server.RaftServerConfigKeys (ConfUtils.java:logGet(46)) - raft.server.log.statemachine.data.sync.timeout = 10s (default)
2023-12-10 08:55:33,111 [7f393458-131e-4136-815e-5cd248d38671-groupManagement] INFO  server.RaftServerConfigKeys (ConfUtils.java:logGet(46)) - raft.server.log.statemachine.data.sync.timeout.retry = 0 (custom)
2023-12-10 08:55:33,111 [7f393458-131e-4136-815e-5cd248d38671-groupManagement] INFO  server.RaftServerConfigKeys (ConfUtils.java:logGet(46)) - raft.server.log.write.buffer.size = 8388616 (custom)
2023-12-10 08:55:33,113 [7f393458-131e-4136-815e-5cd248d38671-groupManagement] INFO  server.RaftServerConfigKeys (ConfUtils.java:logGet(46)) - raft.server.log.appender.buffer.byte-limit = 8388608 (custom)
2023-12-10 08:55:33,113 [7f393458-131e-4136-815e-5cd248d38671-groupManagement] INFO  server.RaftServerConfigKeys (ConfUtils.java:logGet(46)) - raft.server.log.unsafe-flush.enabled = false (default)
2023-12-10 08:55:33,113 [7f393458-131e-4136-815e-5cd248d38671-groupManagement] INFO  server.RaftServerConfigKeys (ConfUtils.java:logGet(46)) - raft.server.log.async-flush.enabled = false (default)
2023-12-10 08:55:33,114 [7f393458-131e-4136-815e-5cd248d38671-groupManagement] INFO  server.RaftServerConfigKeys (ConfUtils.java:logGet(46)) - raft.server.log.statemachine.data.caching.enabled = true (custom)
2023-12-10 08:55:33,114 [7f393458-131e-4136-815e-5cd248d38671-groupManagement] INFO  segmented.SegmentedRaftLogWorker (SegmentedRaftLogWorker.java:lambda$new$0(135)) - 7f393458-131e-4136-815e-5cd248d38671@group-EF992D48831C-SegmentedRaftLogWorker: flushIndex: setUnconditionally 0 -> -1
2023-12-10 08:55:33,114 [7f393458-131e-4136-815e-5cd248d38671-groupManagement] INFO  segmented.SegmentedRaftLogWorker (SegmentedRaftLogWorker.java:lambda$new$0(135)) - 7f393458-131e-4136-815e-5cd248d38671@group-EF992D48831C-SegmentedRaftLogWorker: safeCacheEvictIndex: setUnconditionally 0 -> -1
2023-12-10 08:55:33,110 [d585e390-d9b9-49cd-b5b8-386dd9d89b96-groupManagement] INFO  server.RaftServerConfigKeys (ConfUtils.java:logGet(46)) - raft.server.log.statemachine.data.sync.timeout = 10s (default)
2023-12-10 08:55:33,114 [d585e390-d9b9-49cd-b5b8-386dd9d89b96-groupManagement] INFO  server.RaftServerConfigKeys (ConfUtils.java:logGet(46)) - raft.server.log.statemachine.data.sync.timeout.retry = 0 (custom)
2023-12-10 08:55:33,115 [d585e390-d9b9-49cd-b5b8-386dd9d89b96-groupManagement] INFO  server.RaftServerConfigKeys (ConfUtils.java:logGet(46)) - raft.server.log.write.buffer.size = 8388616 (custom)
2023-12-10 08:55:33,116 [d585e390-d9b9-49cd-b5b8-386dd9d89b96-groupManagement] INFO  server.RaftServerConfigKeys (ConfUtils.java:logGet(46)) - raft.server.log.appender.buffer.byte-limit = 8388608 (custom)
2023-12-10 08:55:33,117 [d585e390-d9b9-49cd-b5b8-386dd9d89b96-groupManagement] INFO  server.RaftServerConfigKeys (ConfUtils.java:logGet(46)) - raft.server.log.unsafe-flush.enabled = false (default)
2023-12-10 08:55:33,117 [d585e390-d9b9-49cd-b5b8-386dd9d89b96-groupManagement] INFO  server.RaftServerConfigKeys (ConfUtils.java:logGet(46)) - raft.server.log.async-flush.enabled = false (default)
2023-12-10 08:55:33,117 [d585e390-d9b9-49cd-b5b8-386dd9d89b96-groupManagement] INFO  server.RaftServerConfigKeys (ConfUtils.java:logGet(46)) - raft.server.log.statemachine.data.caching.enabled = true (custom)
2023-12-10 08:55:33,117 [d585e390-d9b9-49cd-b5b8-386dd9d89b96-groupManagement] INFO  segmented.SegmentedRaftLogWorker (SegmentedRaftLogWorker.java:lambda$new$0(135)) - d585e390-d9b9-49cd-b5b8-386dd9d89b96@group-EF992D48831C-SegmentedRaftLogWorker: flushIndex: setUnconditionally 0 -> -1
2023-12-10 08:55:33,117 [d585e390-d9b9-49cd-b5b8-386dd9d89b96-groupManagement] INFO  segmented.SegmentedRaftLogWorker (SegmentedRaftLogWorker.java:lambda$new$0(135)) - d585e390-d9b9-49cd-b5b8-386dd9d89b96@group-EF992D48831C-SegmentedRaftLogWorker: safeCacheEvictIndex: setUnconditionally 0 -> -1
2023-12-10 08:55:33,117 [7f393458-131e-4136-815e-5cd248d38671-groupManagement] INFO  server.RaftServer$Division (RaftServerImpl.java:start(392)) - 7f393458-131e-4136-815e-5cd248d38671@group-EF992D48831C: start as a follower, conf=-1: peers:[d585e390-d9b9-49cd-b5b8-386dd9d89b96|10.1.0.29:15086, 383c3691-e37d-4704-9b62-3f343d93bad0|10.1.0.29:15068, 7f393458-131e-4136-815e-5cd248d38671|10.1.0.29:15077]|listeners:[], old=null
2023-12-10 08:55:33,118 [7f393458-131e-4136-815e-5cd248d38671-groupManagement] INFO  server.RaftServer$Division (RaftServerImpl.java:setRole(379)) - 7f393458-131e-4136-815e-5cd248d38671@group-EF992D48831C: changes role from      null to FOLLOWER at term 0 for startAsFollower
2023-12-10 08:55:33,118 [7f393458-131e-4136-815e-5cd248d38671-groupManagement] INFO  impl.RoleInfo (RoleInfo.java:updateAndGet(139)) - 7f393458-131e-4136-815e-5cd248d38671: start 7f393458-131e-4136-815e-5cd248d38671@group-EF992D48831C-FollowerState
2023-12-10 08:55:33,118 [7f393458-131e-4136-815e-5cd248d38671@group-EF992D48831C-FollowerState] INFO  server.RaftServerConfigKeys (ConfUtils.java:logFallback(53)) - raft.server.rpc.first-election.timeout.min = 5s (fallback to raft.server.rpc.timeout.min)
2023-12-10 08:55:33,118 [7f393458-131e-4136-815e-5cd248d38671-groupManagement] INFO  util.JmxRegister (JmxRegister.java:tryRegister(44)) - Successfully registered JMX Bean with object name Ratis:service=RaftServer,group=group-EF992D48831C,id=7f393458-131e-4136-815e-5cd248d38671
2023-12-10 08:55:33,118 [7f393458-131e-4136-815e-5cd248d38671@group-EF992D48831C-FollowerState] INFO  server.RaftServerConfigKeys (ConfUtils.java:logFallback(53)) - raft.server.rpc.first-election.timeout.max = 5200ms (fallback to raft.server.rpc.timeout.max)
2023-12-10 08:55:33,118 [7f393458-131e-4136-815e-5cd248d38671-groupManagement] INFO  server.RaftServerConfigKeys (ConfUtils.java:logGet(46)) - raft.server.snapshot.trigger-when-stop.enabled = true (default)
2023-12-10 08:55:33,118 [7f393458-131e-4136-815e-5cd248d38671-groupManagement] INFO  server.RaftServerConfigKeys (ConfUtils.java:logGet(46)) - raft.server.snapshot.auto.trigger.enabled = true (custom)
2023-12-10 08:55:33,118 [7f393458-131e-4136-815e-5cd248d38671-groupManagement] INFO  server.RaftServerConfigKeys (ConfUtils.java:logGet(46)) - raft.server.snapshot.auto.trigger.threshold = 10000 (custom)
2023-12-10 08:55:33,118 [7f393458-131e-4136-815e-5cd248d38671-groupManagement] INFO  server.RaftServerConfigKeys (ConfUtils.java:logGet(46)) - raft.server.snapshot.retention.file.num = 5 (custom)
2023-12-10 08:55:33,118 [7f393458-131e-4136-815e-5cd248d38671-groupManagement] INFO  server.RaftServerConfigKeys (ConfUtils.java:logGet(46)) - raft.server.log.purge.upto.snapshot.index = false (default)
2023-12-10 08:55:33,119 [7f393458-131e-4136-815e-5cd248d38671-PipelineCommandHandlerThread-0] INFO  ratis.XceiverServerRatis (XceiverServerRatis.java:addGroup(837)) - Created group PipelineID=c040e1ea-1427-4604-9725-ef992d48831c
2023-12-10 08:55:33,126 [d585e390-d9b9-49cd-b5b8-386dd9d89b96-groupManagement] INFO  server.RaftServer$Division (RaftServerImpl.java:start(392)) - d585e390-d9b9-49cd-b5b8-386dd9d89b96@group-EF992D48831C: start as a follower, conf=-1: peers:[d585e390-d9b9-49cd-b5b8-386dd9d89b96|10.1.0.29:15086, 383c3691-e37d-4704-9b62-3f343d93bad0|10.1.0.29:15068, 7f393458-131e-4136-815e-5cd248d38671|10.1.0.29:15077]|listeners:[], old=null
2023-12-10 08:55:33,126 [d585e390-d9b9-49cd-b5b8-386dd9d89b96-groupManagement] INFO  server.RaftServer$Division (RaftServerImpl.java:setRole(379)) - d585e390-d9b9-49cd-b5b8-386dd9d89b96@group-EF992D48831C: changes role from      null to FOLLOWER at term 0 for startAsFollower
2023-12-10 08:55:33,126 [d585e390-d9b9-49cd-b5b8-386dd9d89b96-groupManagement] INFO  impl.RoleInfo (RoleInfo.java:updateAndGet(139)) - d585e390-d9b9-49cd-b5b8-386dd9d89b96: start d585e390-d9b9-49cd-b5b8-386dd9d89b96@group-EF992D48831C-FollowerState
2023-12-10 08:55:33,127 [d585e390-d9b9-49cd-b5b8-386dd9d89b96-groupManagement] INFO  util.JmxRegister (JmxRegister.java:tryRegister(44)) - Successfully registered JMX Bean with object name Ratis:service=RaftServer,group=group-EF992D48831C,id=d585e390-d9b9-49cd-b5b8-386dd9d89b96
2023-12-10 08:55:33,127 [d585e390-d9b9-49cd-b5b8-386dd9d89b96-groupManagement] INFO  server.RaftServerConfigKeys (ConfUtils.java:logGet(46)) - raft.server.snapshot.trigger-when-stop.enabled = true (default)
2023-12-10 08:55:33,127 [d585e390-d9b9-49cd-b5b8-386dd9d89b96-groupManagement] INFO  server.RaftServerConfigKeys (ConfUtils.java:logGet(46)) - raft.server.snapshot.auto.trigger.enabled = true (custom)
2023-12-10 08:55:33,127 [d585e390-d9b9-49cd-b5b8-386dd9d89b96-groupManagement] INFO  server.RaftServerConfigKeys (ConfUtils.java:logGet(46)) - raft.server.snapshot.auto.trigger.threshold = 10000 (custom)
2023-12-10 08:55:33,127 [d585e390-d9b9-49cd-b5b8-386dd9d89b96-groupManagement] INFO  server.RaftServerConfigKeys (ConfUtils.java:logGet(46)) - raft.server.snapshot.retention.file.num = 5 (custom)
2023-12-10 08:55:33,127 [d585e390-d9b9-49cd-b5b8-386dd9d89b96-groupManagement] INFO  server.RaftServerConfigKeys (ConfUtils.java:logGet(46)) - raft.server.log.purge.upto.snapshot.index = false (default)
2023-12-10 08:55:33,129 [d585e390-d9b9-49cd-b5b8-386dd9d89b96@group-EF992D48831C-FollowerState] INFO  server.RaftServerConfigKeys (ConfUtils.java:logFallback(53)) - raft.server.rpc.first-election.timeout.min = 5s (fallback to raft.server.rpc.timeout.min)
2023-12-10 08:55:33,129 [d585e390-d9b9-49cd-b5b8-386dd9d89b96@group-EF992D48831C-FollowerState] INFO  server.RaftServerConfigKeys (ConfUtils.java:logFallback(53)) - raft.server.rpc.first-election.timeout.max = 5200ms (fallback to raft.server.rpc.timeout.max)
2023-12-10 08:55:33,133 [d585e390-d9b9-49cd-b5b8-386dd9d89b96-PipelineCommandHandlerThread-0] INFO  ratis.XceiverServerRatis (XceiverServerRatis.java:addGroup(837)) - Created group PipelineID=c040e1ea-1427-4604-9725-ef992d48831c
2023-12-10 08:55:33,175 [9d33b5cf-046b-45d3-8518-fd69107da003-PipelineCommandHandlerThread-0] INFO  server.RaftServer (RaftServerProxy.java:addNew(100)) - 9d33b5cf-046b-45d3-8518-fd69107da003: addNew group-8B162C13FFA2:[739b2b9a-4a10-4b30-8d82-41f2f3567ae9|10.1.0.29:15104, 1325fac8-4950-4fd4-a580-526da936db2d|10.1.0.29:15113, 9d33b5cf-046b-45d3-8518-fd69107da003|10.1.0.29:15095] returns group-8B162C13FFA2:java.util.concurrent.CompletableFuture@194216de[Not completed]
2023-12-10 08:55:33,180 [7f393458-131e-4136-815e-5cd248d38671-PipelineCommandHandlerThread-0] INFO  commandhandler.CreatePipelineCommandHandler (CreatePipelineCommandHandler.java:lambda$handle$2(124)) - Created Pipeline RATIS THREE PipelineID=c040e1ea-1427-4604-9725-ef992d48831c.
2023-12-10 08:55:33,182 [9d33b5cf-046b-45d3-8518-fd69107da003-groupManagement] INFO  server.RaftServer$Division (RaftServerImpl.java:<init>(256)) - 9d33b5cf-046b-45d3-8518-fd69107da003: new RaftServerImpl for group-8B162C13FFA2:[739b2b9a-4a10-4b30-8d82-41f2f3567ae9|10.1.0.29:15104, 1325fac8-4950-4fd4-a580-526da936db2d|10.1.0.29:15113, 9d33b5cf-046b-45d3-8518-fd69107da003|10.1.0.29:15095] with ContainerStateMachine:uninitialized
2023-12-10 08:55:33,182 [9d33b5cf-046b-45d3-8518-fd69107da003-groupManagement] INFO  server.RaftServerConfigKeys (ConfUtils.java:logGet(46)) - raft.server.rpc.timeout.min = 5s (custom)
2023-12-10 08:55:33,182 [9d33b5cf-046b-45d3-8518-fd69107da003-groupManagement] INFO  server.RaftServerConfigKeys (ConfUtils.java:logGet(46)) - raft.server.rpc.timeout.max = 5200ms (custom)
2023-12-10 08:55:33,182 [9d33b5cf-046b-45d3-8518-fd69107da003-groupManagement] INFO  server.RaftServerConfigKeys (ConfUtils.java:logGet(46)) - raft.server.rpc.sleep.time = 25ms (default)
2023-12-10 08:55:33,182 [9d33b5cf-046b-45d3-8518-fd69107da003-groupManagement] INFO  server.RaftServerConfigKeys (ConfUtils.java:logGet(46)) - raft.server.rpc.slowness.timeout = 300s (custom)
2023-12-10 08:55:33,182 [9d33b5cf-046b-45d3-8518-fd69107da003-groupManagement] INFO  server.RaftServerConfigKeys (ConfUtils.java:logGet(46)) - raft.server.leaderelection.leader.step-down.wait-time = 10s (default)
2023-12-10 08:55:33,182 [9d33b5cf-046b-45d3-8518-fd69107da003-groupManagement] INFO  server.RaftServerConfigKeys (ConfUtils.java:logGet(46)) - raft.server.leaderelection.member.majority-add = false (default)
2023-12-10 08:55:33,182 [9d33b5cf-046b-45d3-8518-fd69107da003-groupManagement] INFO  server.RaftServerConfigKeys (ConfUtils.java:logGet(46)) - raft.server.sleep.deviation.threshold = 300ms (default)
2023-12-10 08:55:33,183 [9d33b5cf-046b-45d3-8518-fd69107da003-groupManagement] INFO  server.RaftServer$Division (ServerState.java:<init>(113)) - 9d33b5cf-046b-45d3-8518-fd69107da003@group-8B162C13FFA2: ConfigurationManager, init=-1: peers:[739b2b9a-4a10-4b30-8d82-41f2f3567ae9|10.1.0.29:15104, 1325fac8-4950-4fd4-a580-526da936db2d|10.1.0.29:15113, 9d33b5cf-046b-45d3-8518-fd69107da003|10.1.0.29:15095]|listeners:[], old=null, confs=<EMPTY_MAP>
2023-12-10 08:55:33,184 [9d33b5cf-046b-45d3-8518-fd69107da003-groupManagement] INFO  server.RaftServerConfigKeys (ConfUtils.java:logGet(46)) - raft.server.notification.no-leader.timeout = 300s (custom)
2023-12-10 08:55:33,184 [9d33b5cf-046b-45d3-8518-fd69107da003-groupManagement] INFO  server.RaftServerConfigKeys (ConfUtils.java:logGet(46)) - raft.server.read.timeout = 10s (default)
2023-12-10 08:55:33,184 [9d33b5cf-046b-45d3-8518-fd69107da003-groupManagement] INFO  server.RaftServerConfigKeys (ConfUtils.java:logGet(46)) - raft.server.retrycache.expirytime = 600000ms (custom)
2023-12-10 08:55:33,184 [9d33b5cf-046b-45d3-8518-fd69107da003-groupManagement] INFO  server.RaftServerConfigKeys (ConfUtils.java:logGet(46)) - raft.server.retrycache.statistics.expirytime = 100ms (default)
2023-12-10 08:55:33,184 [9d33b5cf-046b-45d3-8518-fd69107da003-groupManagement] INFO  server.RaftServerConfigKeys (ConfUtils.java:logGet(46)) - raft.server.read.option = DEFAULT (default)
2023-12-10 08:55:33,184 [9d33b5cf-046b-45d3-8518-fd69107da003-groupManagement] INFO  server.RaftServerConfigKeys (ConfUtils.java:logGet(46)) - raft.server.read.read-after-write-consistent.write-index-cache.expiry-time = 60s (default)
2023-12-10 08:55:33,188 [9d33b5cf-046b-45d3-8518-fd69107da003-groupManagement] INFO  server.RaftServerConfigKeys (ConfUtils.java:logGet(46)) - raft.server.rpc.request.timeout = 60s (custom)
2023-12-10 08:55:33,188 [9d33b5cf-046b-45d3-8518-fd69107da003-groupManagement] INFO  server.RaftServerConfigKeys (ConfUtils.java:logGet(46)) - raft.server.log.appender.install.snapshot.enabled = false (custom)
2023-12-10 08:55:33,188 [9d33b5cf-046b-45d3-8518-fd69107da003-groupManagement] INFO  server.RaftServerConfigKeys (ConfUtils.java:logGet(46)) - raft.server.threadpool.server.cached = true (default)
2023-12-10 08:55:33,188 [9d33b5cf-046b-45d3-8518-fd69107da003-groupManagement] INFO  server.RaftServerConfigKeys (ConfUtils.java:logGet(46)) - raft.server.threadpool.server.size = 0 (default)
2023-12-10 08:55:33,188 [9d33b5cf-046b-45d3-8518-fd69107da003-groupManagement] INFO  server.RaftServerConfigKeys (ConfUtils.java:logGet(46)) - raft.server.threadpool.client.cached = true (default)
2023-12-10 08:55:33,188 [9d33b5cf-046b-45d3-8518-fd69107da003-groupManagement] INFO  server.RaftServerConfigKeys (ConfUtils.java:logGet(46)) - raft.server.threadpool.client.size = 0 (default)
2023-12-10 08:55:33,188 [9d33b5cf-046b-45d3-8518-fd69107da003-groupManagement] INFO  server.RaftServerConfigKeys (ConfUtils.java:logGet(46)) - raft.server.storage.free-space.min = 0MB (=0) (default)
2023-12-10 08:55:33,188 [9d33b5cf-046b-45d3-8518-fd69107da003-groupManagement] INFO  server.RaftServerConfigKeys (ConfUtils.java:logGet(46)) - raft.server.log.corruption.policy = EXCEPTION (default)
2023-12-10 08:55:33,189 [9d33b5cf-046b-45d3-8518-fd69107da003-groupManagement] INFO  server.RaftServerConfigKeys (ConfUtils.java:logGet(46)) - raft.server.storage.dir = [/home/runner/work/ozone/ozone/hadoop-ozone/integration-test/target/test-dir/MiniOzoneClusterImpl-7f66dfcd-4d84-4460-b9fe-211923c7b7bb/datanode-9/data/ratis] (custom)
2023-12-10 08:55:33,189 [9d33b5cf-046b-45d3-8518-fd69107da003-groupManagement] INFO  storage.RaftStorageDirectory (RaftStorageDirectoryImpl.java:analyzeStorage(138)) - The storage directory /home/runner/work/ozone/ozone/hadoop-ozone/integration-test/target/test-dir/MiniOzoneClusterImpl-7f66dfcd-4d84-4460-b9fe-211923c7b7bb/datanode-9/data/ratis/f61d75ec-e88f-4c7b-915f-8b162c13ffa2 does not exist. Creating ...
2023-12-10 08:55:33,189 [9d33b5cf-046b-45d3-8518-fd69107da003-groupManagement] INFO  storage.RaftStorageDirectory (RaftStorageDirectoryImpl.java:tryLock(232)) - Lock on /home/runner/work/ozone/ozone/hadoop-ozone/integration-test/target/test-dir/MiniOzoneClusterImpl-7f66dfcd-4d84-4460-b9fe-211923c7b7bb/datanode-9/data/ratis/f61d75ec-e88f-4c7b-915f-8b162c13ffa2/in_use.lock acquired by nodename 49456@fv-az1041-125
2023-12-10 08:55:33,192 [383c3691-e37d-4704-9b62-3f343d93bad0-PipelineCommandHandlerThread-0] INFO  commandhandler.CreatePipelineCommandHandler (CreatePipelineCommandHandler.java:lambda$handle$2(124)) - Created Pipeline RATIS THREE PipelineID=c040e1ea-1427-4604-9725-ef992d48831c.
2023-12-10 08:55:33,198 [9d33b5cf-046b-45d3-8518-fd69107da003-groupManagement] INFO  storage.RaftStorage (RaftStorageImpl.java:format(97)) - Storage directory /home/runner/work/ozone/ozone/hadoop-ozone/integration-test/target/test-dir/MiniOzoneClusterImpl-7f66dfcd-4d84-4460-b9fe-211923c7b7bb/datanode-9/data/ratis/f61d75ec-e88f-4c7b-915f-8b162c13ffa2 has been successfully formatted.
2023-12-10 08:55:33,200 [9d33b5cf-046b-45d3-8518-fd69107da003-groupManagement] INFO  ratis.ContainerStateMachine (ContainerStateMachine.java:loadSnapshot(269)) - group-8B162C13FFA2: The snapshot info is null. Setting the last applied indexto:(t:0, i:~)
2023-12-10 08:55:33,200 [9d33b5cf-046b-45d3-8518-fd69107da003-groupManagement] INFO  server.RaftServerConfigKeys (ConfUtils.java:logGet(46)) - raft.server.log.use.memory = false (default)
2023-12-10 08:55:33,200 [d585e390-d9b9-49cd-b5b8-386dd9d89b96-PipelineCommandHandlerThread-0] INFO  commandhandler.CreatePipelineCommandHandler (CreatePipelineCommandHandler.java:lambda$handle$2(124)) - Created Pipeline RATIS THREE PipelineID=c040e1ea-1427-4604-9725-ef992d48831c.
2023-12-10 08:55:33,202 [9d33b5cf-046b-45d3-8518-fd69107da003-groupManagement] INFO  server.RaftServerConfigKeys (ConfUtils.java:logGet(46)) - raft.server.log.purge.gap = 1000000 (custom)
2023-12-10 08:55:33,202 [9d33b5cf-046b-45d3-8518-fd69107da003-groupManagement] INFO  server.RaftServerConfigKeys (ConfUtils.java:logGet(46)) - raft.server.log.appender.buffer.byte-limit = 8388608 (custom)
2023-12-10 08:55:33,202 [9d33b5cf-046b-45d3-8518-fd69107da003-groupManagement] INFO  server.RaftServerConfigKeys (ConfUtils.java:logGet(46)) - raft.server.log.statemachine.data.read.timeout = 1000ms (default)
2023-12-10 08:55:33,202 [9d33b5cf-046b-45d3-8518-fd69107da003-groupManagement] INFO  server.RaftServerConfigKeys (ConfUtils.java:logGet(46)) - raft.server.log.purge.preservation.log.num = 0 (default)
2023-12-10 08:55:33,203 [9d33b5cf-046b-45d3-8518-fd69107da003-groupManagement] INFO  server.RaftServerConfigKeys (ConfUtils.java:logGet(46)) - raft.server.log.segment.size.max = 67108864 (custom)
2023-12-10 08:55:33,204 [9d33b5cf-046b-45d3-8518-fd69107da003-groupManagement] INFO  server.RaftServerConfigKeys (ConfUtils.java:logGet(46)) - raft.server.log.segment.cache.num.max = 2 (custom)
2023-12-10 08:55:33,204 [9d33b5cf-046b-45d3-8518-fd69107da003-groupManagement] INFO  server.RaftServerConfigKeys (ConfUtils.java:logGet(46)) - raft.server.log.segment.cache.size.max = 200MB (=209715200) (default)
2023-12-10 08:55:33,204 [9d33b5cf-046b-45d3-8518-fd69107da003-groupManagement] INFO  server.RaftServerConfigKeys (ConfUtils.java:logGet(46)) - raft.server.log.appender.buffer.byte-limit = 8388608 (custom)
2023-12-10 08:55:33,204 [9d33b5cf-046b-45d3-8518-fd69107da003-groupManagement] INFO  util.AwaitToRun (AwaitToRun.java:start(81)) - Thread[9d33b5cf-046b-45d3-8518-fd69107da003@group-8B162C13FFA2-cacheEviction-AwaitToRun,5,main] started
2023-12-10 08:55:33,204 [9d33b5cf-046b-45d3-8518-fd69107da003-groupManagement] INFO  segmented.SegmentedRaftLogWorker (SegmentedRaftLogWorker.java:<init>(184)) - new 9d33b5cf-046b-45d3-8518-fd69107da003@group-8B162C13FFA2-SegmentedRaftLogWorker for RaftStorageImpl:Storage Directory /home/runner/work/ozone/ozone/hadoop-ozone/integration-test/target/test-dir/MiniOzoneClusterImpl-7f66dfcd-4d84-4460-b9fe-211923c7b7bb/datanode-9/data/ratis/f61d75ec-e88f-4c7b-915f-8b162c13ffa2
2023-12-10 08:55:33,204 [9d33b5cf-046b-45d3-8518-fd69107da003-groupManagement] INFO  server.RaftServerConfigKeys (ConfUtils.java:logGet(46)) - raft.server.log.queue.byte-limit = 4294967296 (custom)
2023-12-10 08:55:33,204 [9d33b5cf-046b-45d3-8518-fd69107da003-groupManagement] INFO  server.RaftServerConfigKeys (ConfUtils.java:logGet(46)) - raft.server.log.queue.element-limit = 1024 (custom)
2023-12-10 08:55:33,204 [9d33b5cf-046b-45d3-8518-fd69107da003-groupManagement] INFO  server.RaftServerConfigKeys (ConfUtils.java:logGet(46)) - raft.server.log.segment.size.max = 67108864 (custom)
2023-12-10 08:55:33,204 [9d33b5cf-046b-45d3-8518-fd69107da003-groupManagement] INFO  server.RaftServerConfigKeys (ConfUtils.java:logGet(46)) - raft.server.log.preallocated.size = 4194304 (custom)
2023-12-10 08:55:33,204 [9d33b5cf-046b-45d3-8518-fd69107da003-groupManagement] INFO  server.RaftServerConfigKeys (ConfUtils.java:logGet(46)) - raft.server.log.force.sync.num = 128 (default)
2023-12-10 08:55:33,204 [9d33b5cf-046b-45d3-8518-fd69107da003-groupManagement] INFO  server.RaftServerConfigKeys (ConfUtils.java:logGet(46)) - raft.server.log.statemachine.data.sync = true (default)
2023-12-10 08:55:33,205 [9d33b5cf-046b-45d3-8518-fd69107da003-groupManagement] INFO  server.RaftServerConfigKeys (ConfUtils.java:logGet(46)) - raft.server.log.statemachine.data.sync.timeout = 10s (default)
2023-12-10 08:55:33,205 [9d33b5cf-046b-45d3-8518-fd69107da003-groupManagement] INFO  server.RaftServerConfigKeys (ConfUtils.java:logGet(46)) - raft.server.log.statemachine.data.sync.timeout.retry = 0 (custom)
2023-12-10 08:55:33,205 [9d33b5cf-046b-45d3-8518-fd69107da003-groupManagement] INFO  server.RaftServerConfigKeys (ConfUtils.java:logGet(46)) - raft.server.log.write.buffer.size = 8388616 (custom)
2023-12-10 08:55:33,206 [9d33b5cf-046b-45d3-8518-fd69107da003-groupManagement] INFO  server.RaftServerConfigKeys (ConfUtils.java:logGet(46)) - raft.server.log.appender.buffer.byte-limit = 8388608 (custom)
2023-12-10 08:55:33,207 [9d33b5cf-046b-45d3-8518-fd69107da003-groupManagement] INFO  server.RaftServerConfigKeys (ConfUtils.java:logGet(46)) - raft.server.log.unsafe-flush.enabled = false (default)
2023-12-10 08:55:33,207 [9d33b5cf-046b-45d3-8518-fd69107da003-groupManagement] INFO  server.RaftServerConfigKeys (ConfUtils.java:logGet(46)) - raft.server.log.async-flush.enabled = false (default)
2023-12-10 08:55:33,207 [9d33b5cf-046b-45d3-8518-fd69107da003-groupManagement] INFO  server.RaftServerConfigKeys (ConfUtils.java:logGet(46)) - raft.server.log.statemachine.data.caching.enabled = true (custom)
2023-12-10 08:55:33,207 [9d33b5cf-046b-45d3-8518-fd69107da003-groupManagement] INFO  segmented.SegmentedRaftLogWorker (SegmentedRaftLogWorker.java:lambda$new$0(135)) - 9d33b5cf-046b-45d3-8518-fd69107da003@group-8B162C13FFA2-SegmentedRaftLogWorker: flushIndex: setUnconditionally 0 -> -1
2023-12-10 08:55:33,207 [9d33b5cf-046b-45d3-8518-fd69107da003-groupManagement] INFO  segmented.SegmentedRaftLogWorker (SegmentedRaftLogWorker.java:lambda$new$0(135)) - 9d33b5cf-046b-45d3-8518-fd69107da003@group-8B162C13FFA2-SegmentedRaftLogWorker: safeCacheEvictIndex: setUnconditionally 0 -> -1
2023-12-10 08:55:33,210 [9d33b5cf-046b-45d3-8518-fd69107da003-groupManagement] INFO  server.RaftServer$Division (RaftServerImpl.java:start(392)) - 9d33b5cf-046b-45d3-8518-fd69107da003@group-8B162C13FFA2: start as a follower, conf=-1: peers:[739b2b9a-4a10-4b30-8d82-41f2f3567ae9|10.1.0.29:15104, 1325fac8-4950-4fd4-a580-526da936db2d|10.1.0.29:15113, 9d33b5cf-046b-45d3-8518-fd69107da003|10.1.0.29:15095]|listeners:[], old=null
2023-12-10 08:55:33,210 [9d33b5cf-046b-45d3-8518-fd69107da003-groupManagement] INFO  server.RaftServer$Division (RaftServerImpl.java:setRole(379)) - 9d33b5cf-046b-45d3-8518-fd69107da003@group-8B162C13FFA2: changes role from      null to FOLLOWER at term 0 for startAsFollower
2023-12-10 08:55:33,211 [9d33b5cf-046b-45d3-8518-fd69107da003-groupManagement] INFO  impl.RoleInfo (RoleInfo.java:updateAndGet(139)) - 9d33b5cf-046b-45d3-8518-fd69107da003: start 9d33b5cf-046b-45d3-8518-fd69107da003@group-8B162C13FFA2-FollowerState
2023-12-10 08:55:33,211 [9d33b5cf-046b-45d3-8518-fd69107da003@group-8B162C13FFA2-FollowerState] INFO  server.RaftServerConfigKeys (ConfUtils.java:logFallback(53)) - raft.server.rpc.first-election.timeout.min = 5s (fallback to raft.server.rpc.timeout.min)
2023-12-10 08:55:33,214 [9d33b5cf-046b-45d3-8518-fd69107da003@group-8B162C13FFA2-FollowerState] INFO  server.RaftServerConfigKeys (ConfUtils.java:logFallback(53)) - raft.server.rpc.first-election.timeout.max = 5200ms (fallback to raft.server.rpc.timeout.max)
2023-12-10 08:55:33,214 [9d33b5cf-046b-45d3-8518-fd69107da003-groupManagement] INFO  util.JmxRegister (JmxRegister.java:tryRegister(44)) - Successfully registered JMX Bean with object name Ratis:service=RaftServer,group=group-8B162C13FFA2,id=9d33b5cf-046b-45d3-8518-fd69107da003
2023-12-10 08:55:33,214 [9d33b5cf-046b-45d3-8518-fd69107da003-groupManagement] INFO  server.RaftServerConfigKeys (ConfUtils.java:logGet(46)) - raft.server.snapshot.trigger-when-stop.enabled = true (default)
2023-12-10 08:55:33,214 [9d33b5cf-046b-45d3-8518-fd69107da003-groupManagement] INFO  server.RaftServerConfigKeys (ConfUtils.java:logGet(46)) - raft.server.snapshot.auto.trigger.enabled = true (custom)
2023-12-10 08:55:33,214 [9d33b5cf-046b-45d3-8518-fd69107da003-groupManagement] INFO  server.RaftServerConfigKeys (ConfUtils.java:logGet(46)) - raft.server.snapshot.auto.trigger.threshold = 10000 (custom)
2023-12-10 08:55:33,214 [9d33b5cf-046b-45d3-8518-fd69107da003-groupManagement] INFO  server.RaftServerConfigKeys (ConfUtils.java:logGet(46)) - raft.server.snapshot.retention.file.num = 5 (custom)
2023-12-10 08:55:33,214 [9d33b5cf-046b-45d3-8518-fd69107da003-groupManagement] INFO  server.RaftServerConfigKeys (ConfUtils.java:logGet(46)) - raft.server.log.purge.upto.snapshot.index = false (default)
2023-12-10 08:55:33,216 [9d33b5cf-046b-45d3-8518-fd69107da003-PipelineCommandHandlerThread-0] INFO  ratis.XceiverServerRatis (XceiverServerRatis.java:addGroup(837)) - Created group PipelineID=f61d75ec-e88f-4c7b-915f-8b162c13ffa2
2023-12-10 08:55:33,227 [grpc-default-executor-0] INFO  server.RaftServer (RaftServerProxy.java:addNew(100)) - 1325fac8-4950-4fd4-a580-526da936db2d: addNew group-8B162C13FFA2:[739b2b9a-4a10-4b30-8d82-41f2f3567ae9|10.1.0.29:15104, 1325fac8-4950-4fd4-a580-526da936db2d|10.1.0.29:15113, 9d33b5cf-046b-45d3-8518-fd69107da003|10.1.0.29:15095] returns group-8B162C13FFA2:java.util.concurrent.CompletableFuture@1b2173a[Not completed]
2023-12-10 08:55:33,231 [1325fac8-4950-4fd4-a580-526da936db2d-groupManagement] INFO  server.RaftServer$Division (RaftServerImpl.java:<init>(256)) - 1325fac8-4950-4fd4-a580-526da936db2d: new RaftServerImpl for group-8B162C13FFA2:[739b2b9a-4a10-4b30-8d82-41f2f3567ae9|10.1.0.29:15104, 1325fac8-4950-4fd4-a580-526da936db2d|10.1.0.29:15113, 9d33b5cf-046b-45d3-8518-fd69107da003|10.1.0.29:15095] with ContainerStateMachine:uninitialized
2023-12-10 08:55:33,232 [1325fac8-4950-4fd4-a580-526da936db2d-groupManagement] INFO  server.RaftServerConfigKeys (ConfUtils.java:logGet(46)) - raft.server.rpc.timeout.min = 5s (custom)
2023-12-10 08:55:33,232 [1325fac8-4950-4fd4-a580-526da936db2d-groupManagement] INFO  server.RaftServerConfigKeys (ConfUtils.java:logGet(46)) - raft.server.rpc.timeout.max = 5200ms (custom)
2023-12-10 08:55:33,232 [1325fac8-4950-4fd4-a580-526da936db2d-groupManagement] INFO  server.RaftServerConfigKeys (ConfUtils.java:logGet(46)) - raft.server.rpc.sleep.time = 25ms (default)
2023-12-10 08:55:33,232 [1325fac8-4950-4fd4-a580-526da936db2d-groupManagement] INFO  server.RaftServerConfigKeys (ConfUtils.java:logGet(46)) - raft.server.rpc.slowness.timeout = 300s (custom)
2023-12-10 08:55:33,233 [1325fac8-4950-4fd4-a580-526da936db2d-groupManagement] INFO  server.RaftServerConfigKeys (ConfUtils.java:logGet(46)) - raft.server.leaderelection.leader.step-down.wait-time = 10s (default)
2023-12-10 08:55:33,233 [1325fac8-4950-4fd4-a580-526da936db2d-groupManagement] INFO  server.RaftServerConfigKeys (ConfUtils.java:logGet(46)) - raft.server.leaderelection.member.majority-add = false (default)
2023-12-10 08:55:33,233 [1325fac8-4950-4fd4-a580-526da936db2d-groupManagement] INFO  server.RaftServerConfigKeys (ConfUtils.java:logGet(46)) - raft.server.sleep.deviation.threshold = 300ms (default)
2023-12-10 08:55:33,234 [1325fac8-4950-4fd4-a580-526da936db2d-groupManagement] INFO  server.RaftServer$Division (ServerState.java:<init>(113)) - 1325fac8-4950-4fd4-a580-526da936db2d@group-8B162C13FFA2: ConfigurationManager, init=-1: peers:[739b2b9a-4a10-4b30-8d82-41f2f3567ae9|10.1.0.29:15104, 1325fac8-4950-4fd4-a580-526da936db2d|10.1.0.29:15113, 9d33b5cf-046b-45d3-8518-fd69107da003|10.1.0.29:15095]|listeners:[], old=null, confs=<EMPTY_MAP>
2023-12-10 08:55:33,234 [1325fac8-4950-4fd4-a580-526da936db2d-groupManagement] INFO  server.RaftServerConfigKeys (ConfUtils.java:logGet(46)) - raft.server.notification.no-leader.timeout = 300s (custom)
2023-12-10 08:55:33,234 [1325fac8-4950-4fd4-a580-526da936db2d-groupManagement] INFO  server.RaftServerConfigKeys (ConfUtils.java:logGet(46)) - raft.server.read.timeout = 10s (default)
2023-12-10 08:55:33,234 [1325fac8-4950-4fd4-a580-526da936db2d-groupManagement] INFO  server.RaftServerConfigKeys (ConfUtils.java:logGet(46)) - raft.server.retrycache.expirytime = 600000ms (custom)
2023-12-10 08:55:33,234 [1325fac8-4950-4fd4-a580-526da936db2d-groupManagement] INFO  server.RaftServerConfigKeys (ConfUtils.java:logGet(46)) - raft.server.retrycache.statistics.expirytime = 100ms (default)
2023-12-10 08:55:33,234 [1325fac8-4950-4fd4-a580-526da936db2d-groupManagement] INFO  server.RaftServerConfigKeys (ConfUtils.java:logGet(46)) - raft.server.read.option = DEFAULT (default)
2023-12-10 08:55:33,234 [1325fac8-4950-4fd4-a580-526da936db2d-groupManagement] INFO  server.RaftServerConfigKeys (ConfUtils.java:logGet(46)) - raft.server.read.read-after-write-consistent.write-index-cache.expiry-time = 60s (default)
2023-12-10 08:55:33,237 [1325fac8-4950-4fd4-a580-526da936db2d-groupManagement] INFO  server.RaftServerConfigKeys (ConfUtils.java:logGet(46)) - raft.server.rpc.request.timeout = 60s (custom)
2023-12-10 08:55:33,237 [1325fac8-4950-4fd4-a580-526da936db2d-groupManagement] INFO  server.RaftServerConfigKeys (ConfUtils.java:logGet(46)) - raft.server.log.appender.install.snapshot.enabled = false (custom)
2023-12-10 08:55:33,238 [1325fac8-4950-4fd4-a580-526da936db2d-groupManagement] INFO  server.RaftServerConfigKeys (ConfUtils.java:logGet(46)) - raft.server.threadpool.server.cached = true (default)
2023-12-10 08:55:33,238 [1325fac8-4950-4fd4-a580-526da936db2d-groupManagement] INFO  server.RaftServerConfigKeys (ConfUtils.java:logGet(46)) - raft.server.threadpool.server.size = 0 (default)
2023-12-10 08:55:33,238 [1325fac8-4950-4fd4-a580-526da936db2d-groupManagement] INFO  server.RaftServerConfigKeys (ConfUtils.java:logGet(46)) - raft.server.threadpool.client.cached = true (default)
2023-12-10 08:55:33,238 [1325fac8-4950-4fd4-a580-526da936db2d-groupManagement] INFO  server.RaftServerConfigKeys (ConfUtils.java:logGet(46)) - raft.server.threadpool.client.size = 0 (default)
2023-12-10 08:55:33,238 [1325fac8-4950-4fd4-a580-526da936db2d-groupManagement] INFO  server.RaftServerConfigKeys (ConfUtils.java:logGet(46)) - raft.server.storage.free-space.min = 0MB (=0) (default)
2023-12-10 08:55:33,238 [1325fac8-4950-4fd4-a580-526da936db2d-groupManagement] INFO  server.RaftServerConfigKeys (ConfUtils.java:logGet(46)) - raft.server.log.corruption.policy = EXCEPTION (default)
2023-12-10 08:55:33,238 [1325fac8-4950-4fd4-a580-526da936db2d-groupManagement] INFO  server.RaftServerConfigKeys (ConfUtils.java:logGet(46)) - raft.server.storage.dir = [/home/runner/work/ozone/ozone/hadoop-ozone/integration-test/target/test-dir/MiniOzoneClusterImpl-7f66dfcd-4d84-4460-b9fe-211923c7b7bb/datanode-11/data/ratis] (custom)
2023-12-10 08:55:33,238 [1325fac8-4950-4fd4-a580-526da936db2d-groupManagement] INFO  storage.RaftStorageDirectory (RaftStorageDirectoryImpl.java:analyzeStorage(138)) - The storage directory /home/runner/work/ozone/ozone/hadoop-ozone/integration-test/target/test-dir/MiniOzoneClusterImpl-7f66dfcd-4d84-4460-b9fe-211923c7b7bb/datanode-11/data/ratis/f61d75ec-e88f-4c7b-915f-8b162c13ffa2 does not exist. Creating ...
2023-12-10 08:55:33,239 [1325fac8-4950-4fd4-a580-526da936db2d-groupManagement] INFO  storage.RaftStorageDirectory (RaftStorageDirectoryImpl.java:tryLock(232)) - Lock on /home/runner/work/ozone/ozone/hadoop-ozone/integration-test/target/test-dir/MiniOzoneClusterImpl-7f66dfcd-4d84-4460-b9fe-211923c7b7bb/datanode-11/data/ratis/f61d75ec-e88f-4c7b-915f-8b162c13ffa2/in_use.lock acquired by nodename 49456@fv-az1041-125
2023-12-10 08:55:33,240 [1325fac8-4950-4fd4-a580-526da936db2d-groupManagement] INFO  storage.RaftStorage (RaftStorageImpl.java:format(97)) - Storage directory /home/runner/work/ozone/ozone/hadoop-ozone/integration-test/target/test-dir/MiniOzoneClusterImpl-7f66dfcd-4d84-4460-b9fe-211923c7b7bb/datanode-11/data/ratis/f61d75ec-e88f-4c7b-915f-8b162c13ffa2 has been successfully formatted.
2023-12-10 08:55:33,241 [1325fac8-4950-4fd4-a580-526da936db2d-groupManagement] INFO  ratis.ContainerStateMachine (ContainerStateMachine.java:loadSnapshot(269)) - group-8B162C13FFA2: The snapshot info is null. Setting the last applied indexto:(t:0, i:~)
2023-12-10 08:55:33,241 [1325fac8-4950-4fd4-a580-526da936db2d-groupManagement] INFO  server.RaftServerConfigKeys (ConfUtils.java:logGet(46)) - raft.server.log.use.memory = false (default)
2023-12-10 08:55:33,241 [1325fac8-4950-4fd4-a580-526da936db2d-groupManagement] INFO  server.RaftServerConfigKeys (ConfUtils.java:logGet(46)) - raft.server.log.purge.gap = 1000000 (custom)
2023-12-10 08:55:33,242 [1325fac8-4950-4fd4-a580-526da936db2d-groupManagement] INFO  server.RaftServerConfigKeys (ConfUtils.java:logGet(46)) - raft.server.log.appender.buffer.byte-limit = 8388608 (custom)
2023-12-10 08:55:33,242 [1325fac8-4950-4fd4-a580-526da936db2d-groupManagement] INFO  server.RaftServerConfigKeys (ConfUtils.java:logGet(46)) - raft.server.log.statemachine.data.read.timeout = 1000ms (default)
2023-12-10 08:55:33,242 [1325fac8-4950-4fd4-a580-526da936db2d-groupManagement] INFO  server.RaftServerConfigKeys (ConfUtils.java:logGet(46)) - raft.server.log.purge.preservation.log.num = 0 (default)
2023-12-10 08:55:33,244 [1325fac8-4950-4fd4-a580-526da936db2d-groupManagement] INFO  server.RaftServerConfigKeys (ConfUtils.java:logGet(46)) - raft.server.log.segment.size.max = 67108864 (custom)
2023-12-10 08:55:33,244 [1325fac8-4950-4fd4-a580-526da936db2d-groupManagement] INFO  server.RaftServerConfigKeys (ConfUtils.java:logGet(46)) - raft.server.log.segment.cache.num.max = 2 (custom)
2023-12-10 08:55:33,244 [1325fac8-4950-4fd4-a580-526da936db2d-groupManagement] INFO  server.RaftServerConfigKeys (ConfUtils.java:logGet(46)) - raft.server.log.segment.cache.size.max = 200MB (=209715200) (default)
2023-12-10 08:55:33,244 [1325fac8-4950-4fd4-a580-526da936db2d-groupManagement] INFO  server.RaftServerConfigKeys (ConfUtils.java:logGet(46)) - raft.server.log.appender.buffer.byte-limit = 8388608 (custom)
2023-12-10 08:55:33,246 [1325fac8-4950-4fd4-a580-526da936db2d-groupManagement] INFO  util.AwaitToRun (AwaitToRun.java:start(81)) - Thread[1325fac8-4950-4fd4-a580-526da936db2d@group-8B162C13FFA2-cacheEviction-AwaitToRun,5,main] started
2023-12-10 08:55:33,246 [1325fac8-4950-4fd4-a580-526da936db2d-groupManagement] INFO  segmented.SegmentedRaftLogWorker (SegmentedRaftLogWorker.java:<init>(184)) - new 1325fac8-4950-4fd4-a580-526da936db2d@group-8B162C13FFA2-SegmentedRaftLogWorker for RaftStorageImpl:Storage Directory /home/runner/work/ozone/ozone/hadoop-ozone/integration-test/target/test-dir/MiniOzoneClusterImpl-7f66dfcd-4d84-4460-b9fe-211923c7b7bb/datanode-11/data/ratis/f61d75ec-e88f-4c7b-915f-8b162c13ffa2
2023-12-10 08:55:33,246 [1325fac8-4950-4fd4-a580-526da936db2d-groupManagement] INFO  server.RaftServerConfigKeys (ConfUtils.java:logGet(46)) - raft.server.log.queue.byte-limit = 4294967296 (custom)
2023-12-10 08:55:33,246 [1325fac8-4950-4fd4-a580-526da936db2d-groupManagement] INFO  server.RaftServerConfigKeys (ConfUtils.java:logGet(46)) - raft.server.log.queue.element-limit = 1024 (custom)
2023-12-10 08:55:33,246 [1325fac8-4950-4fd4-a580-526da936db2d-groupManagement] INFO  server.RaftServerConfigKeys (ConfUtils.java:logGet(46)) - raft.server.log.segment.size.max = 67108864 (custom)
2023-12-10 08:55:33,246 [1325fac8-4950-4fd4-a580-526da936db2d-groupManagement] INFO  server.RaftServerConfigKeys (ConfUtils.java:logGet(46)) - raft.server.log.preallocated.size = 4194304 (custom)
2023-12-10 08:55:33,247 [1325fac8-4950-4fd4-a580-526da936db2d-groupManagement] INFO  server.RaftServerConfigKeys (ConfUtils.java:logGet(46)) - raft.server.log.force.sync.num = 128 (default)
2023-12-10 08:55:33,247 [1325fac8-4950-4fd4-a580-526da936db2d-groupManagement] INFO  server.RaftServerConfigKeys (ConfUtils.java:logGet(46)) - raft.server.log.statemachine.data.sync = true (default)
2023-12-10 08:55:33,247 [1325fac8-4950-4fd4-a580-526da936db2d-groupManagement] INFO  server.RaftServerConfigKeys (ConfUtils.java:logGet(46)) - raft.server.log.statemachine.data.sync.timeout = 10s (default)
2023-12-10 08:55:33,247 [1325fac8-4950-4fd4-a580-526da936db2d-groupManagement] INFO  server.RaftServerConfigKeys (ConfUtils.java:logGet(46)) - raft.server.log.statemachine.data.sync.timeout.retry = 0 (custom)
2023-12-10 08:55:33,247 [1325fac8-4950-4fd4-a580-526da936db2d-groupManagement] INFO  server.RaftServerConfigKeys (ConfUtils.java:logGet(46)) - raft.server.log.write.buffer.size = 8388616 (custom)
2023-12-10 08:55:33,249 [1325fac8-4950-4fd4-a580-526da936db2d-groupManagement] INFO  server.RaftServerConfigKeys (ConfUtils.java:logGet(46)) - raft.server.log.appender.buffer.byte-limit = 8388608 (custom)
2023-12-10 08:55:33,249 [1325fac8-4950-4fd4-a580-526da936db2d-groupManagement] INFO  server.RaftServerConfigKeys (ConfUtils.java:logGet(46)) - raft.server.log.unsafe-flush.enabled = false (default)
2023-12-10 08:55:33,249 [1325fac8-4950-4fd4-a580-526da936db2d-groupManagement] INFO  server.RaftServerConfigKeys (ConfUtils.java:logGet(46)) - raft.server.log.async-flush.enabled = false (default)
2023-12-10 08:55:33,249 [1325fac8-4950-4fd4-a580-526da936db2d-groupManagement] INFO  server.RaftServerConfigKeys (ConfUtils.java:logGet(46)) - raft.server.log.statemachine.data.caching.enabled = true (custom)
2023-12-10 08:55:33,250 [1325fac8-4950-4fd4-a580-526da936db2d-groupManagement] INFO  segmented.SegmentedRaftLogWorker (SegmentedRaftLogWorker.java:lambda$new$0(135)) - 1325fac8-4950-4fd4-a580-526da936db2d@group-8B162C13FFA2-SegmentedRaftLogWorker: flushIndex: setUnconditionally 0 -> -1
2023-12-10 08:55:33,250 [1325fac8-4950-4fd4-a580-526da936db2d-groupManagement] INFO  segmented.SegmentedRaftLogWorker (SegmentedRaftLogWorker.java:lambda$new$0(135)) - 1325fac8-4950-4fd4-a580-526da936db2d@group-8B162C13FFA2-SegmentedRaftLogWorker: safeCacheEvictIndex: setUnconditionally 0 -> -1
2023-12-10 08:55:33,250 [1325fac8-4950-4fd4-a580-526da936db2d-groupManagement] INFO  server.RaftServer$Division (RaftServerImpl.java:start(392)) - 1325fac8-4950-4fd4-a580-526da936db2d@group-8B162C13FFA2: start as a follower, conf=-1: peers:[739b2b9a-4a10-4b30-8d82-41f2f3567ae9|10.1.0.29:15104, 1325fac8-4950-4fd4-a580-526da936db2d|10.1.0.29:15113, 9d33b5cf-046b-45d3-8518-fd69107da003|10.1.0.29:15095]|listeners:[], old=null
2023-12-10 08:55:33,250 [1325fac8-4950-4fd4-a580-526da936db2d-groupManagement] INFO  server.RaftServer$Division (RaftServerImpl.java:setRole(379)) - 1325fac8-4950-4fd4-a580-526da936db2d@group-8B162C13FFA2: changes role from      null to FOLLOWER at term 0 for startAsFollower
2023-12-10 08:55:33,250 [1325fac8-4950-4fd4-a580-526da936db2d-groupManagement] INFO  impl.RoleInfo (RoleInfo.java:updateAndGet(139)) - 1325fac8-4950-4fd4-a580-526da936db2d: start 1325fac8-4950-4fd4-a580-526da936db2d@group-8B162C13FFA2-FollowerState
2023-12-10 08:55:33,253 [1325fac8-4950-4fd4-a580-526da936db2d-groupManagement] INFO  util.JmxRegister (JmxRegister.java:tryRegister(44)) - Successfully registered JMX Bean with object name Ratis:service=RaftServer,group=group-8B162C13FFA2,id=1325fac8-4950-4fd4-a580-526da936db2d
2023-12-10 08:55:33,253 [1325fac8-4950-4fd4-a580-526da936db2d-groupManagement] INFO  server.RaftServerConfigKeys (ConfUtils.java:logGet(46)) - raft.server.snapshot.trigger-when-stop.enabled = true (default)
2023-12-10 08:55:33,253 [1325fac8-4950-4fd4-a580-526da936db2d-groupManagement] INFO  server.RaftServerConfigKeys (ConfUtils.java:logGet(46)) - raft.server.snapshot.auto.trigger.enabled = true (custom)
2023-12-10 08:55:33,253 [1325fac8-4950-4fd4-a580-526da936db2d-groupManagement] INFO  server.RaftServerConfigKeys (ConfUtils.java:logGet(46)) - raft.server.snapshot.auto.trigger.threshold = 10000 (custom)
2023-12-10 08:55:33,253 [1325fac8-4950-4fd4-a580-526da936db2d-groupManagement] INFO  server.RaftServerConfigKeys (ConfUtils.java:logGet(46)) - raft.server.snapshot.retention.file.num = 5 (custom)
2023-12-10 08:55:33,254 [1325fac8-4950-4fd4-a580-526da936db2d-groupManagement] INFO  server.RaftServerConfigKeys (ConfUtils.java:logGet(46)) - raft.server.log.purge.upto.snapshot.index = false (default)
2023-12-10 08:55:33,254 [1325fac8-4950-4fd4-a580-526da936db2d@group-8B162C13FFA2-FollowerState] INFO  server.RaftServerConfigKeys (ConfUtils.java:logFallback(53)) - raft.server.rpc.first-election.timeout.min = 5s (fallback to raft.server.rpc.timeout.min)
2023-12-10 08:55:33,255 [1325fac8-4950-4fd4-a580-526da936db2d@group-8B162C13FFA2-FollowerState] INFO  server.RaftServerConfigKeys (ConfUtils.java:logFallback(53)) - raft.server.rpc.first-election.timeout.max = 5200ms (fallback to raft.server.rpc.timeout.max)
2023-12-10 08:55:33,263 [739b2b9a-4a10-4b30-8d82-41f2f3567ae9-PipelineCommandHandlerThread-0] INFO  server.RaftServer (RaftServerProxy.java:addNew(100)) - 739b2b9a-4a10-4b30-8d82-41f2f3567ae9: addNew group-8B162C13FFA2:[739b2b9a-4a10-4b30-8d82-41f2f3567ae9|10.1.0.29:15104, 1325fac8-4950-4fd4-a580-526da936db2d|10.1.0.29:15113, 9d33b5cf-046b-45d3-8518-fd69107da003|10.1.0.29:15095] returns group-8B162C13FFA2:java.util.concurrent.CompletableFuture@261233bd[Not completed]
2023-12-10 08:55:33,276 [739b2b9a-4a10-4b30-8d82-41f2f3567ae9-groupManagement] INFO  server.RaftServer$Division (RaftServerImpl.java:<init>(256)) - 739b2b9a-4a10-4b30-8d82-41f2f3567ae9: new RaftServerImpl for group-8B162C13FFA2:[739b2b9a-4a10-4b30-8d82-41f2f3567ae9|10.1.0.29:15104, 1325fac8-4950-4fd4-a580-526da936db2d|10.1.0.29:15113, 9d33b5cf-046b-45d3-8518-fd69107da003|10.1.0.29:15095] with ContainerStateMachine:uninitialized
2023-12-10 08:55:33,276 [739b2b9a-4a10-4b30-8d82-41f2f3567ae9-groupManagement] INFO  server.RaftServerConfigKeys (ConfUtils.java:logGet(46)) - raft.server.rpc.timeout.min = 5s (custom)
2023-12-10 08:55:33,277 [739b2b9a-4a10-4b30-8d82-41f2f3567ae9-groupManagement] INFO  server.RaftServerConfigKeys (ConfUtils.java:logGet(46)) - raft.server.rpc.timeout.max = 5200ms (custom)
2023-12-10 08:55:33,278 [739b2b9a-4a10-4b30-8d82-41f2f3567ae9-groupManagement] INFO  server.RaftServerConfigKeys (ConfUtils.java:logGet(46)) - raft.server.rpc.sleep.time = 25ms (default)
2023-12-10 08:55:33,278 [739b2b9a-4a10-4b30-8d82-41f2f3567ae9-groupManagement] INFO  server.RaftServerConfigKeys (ConfUtils.java:logGet(46)) - raft.server.rpc.slowness.timeout = 300s (custom)
2023-12-10 08:55:33,278 [739b2b9a-4a10-4b30-8d82-41f2f3567ae9-groupManagement] INFO  server.RaftServerConfigKeys (ConfUtils.java:logGet(46)) - raft.server.leaderelection.leader.step-down.wait-time = 10s (default)
2023-12-10 08:55:33,279 [739b2b9a-4a10-4b30-8d82-41f2f3567ae9-groupManagement] INFO  server.RaftServerConfigKeys (ConfUtils.java:logGet(46)) - raft.server.leaderelection.member.majority-add = false (default)
2023-12-10 08:55:33,279 [739b2b9a-4a10-4b30-8d82-41f2f3567ae9-groupManagement] INFO  server.RaftServerConfigKeys (ConfUtils.java:logGet(46)) - raft.server.sleep.deviation.threshold = 300ms (default)
2023-12-10 08:55:33,279 [739b2b9a-4a10-4b30-8d82-41f2f3567ae9-groupManagement] INFO  server.RaftServer$Division (ServerState.java:<init>(113)) - 739b2b9a-4a10-4b30-8d82-41f2f3567ae9@group-8B162C13FFA2: ConfigurationManager, init=-1: peers:[739b2b9a-4a10-4b30-8d82-41f2f3567ae9|10.1.0.29:15104, 1325fac8-4950-4fd4-a580-526da936db2d|10.1.0.29:15113, 9d33b5cf-046b-45d3-8518-fd69107da003|10.1.0.29:15095]|listeners:[], old=null, confs=<EMPTY_MAP>
2023-12-10 08:55:33,279 [739b2b9a-4a10-4b30-8d82-41f2f3567ae9-groupManagement] INFO  server.RaftServerConfigKeys (ConfUtils.java:logGet(46)) - raft.server.notification.no-leader.timeout = 300s (custom)
2023-12-10 08:55:33,280 [739b2b9a-4a10-4b30-8d82-41f2f3567ae9-groupManagement] INFO  server.RaftServerConfigKeys (ConfUtils.java:logGet(46)) - raft.server.read.timeout = 10s (default)
2023-12-10 08:55:33,280 [739b2b9a-4a10-4b30-8d82-41f2f3567ae9-groupManagement] INFO  server.RaftServerConfigKeys (ConfUtils.java:logGet(46)) - raft.server.retrycache.expirytime = 600000ms (custom)
2023-12-10 08:55:33,280 [739b2b9a-4a10-4b30-8d82-41f2f3567ae9-groupManagement] INFO  server.RaftServerConfigKeys (ConfUtils.java:logGet(46)) - raft.server.retrycache.statistics.expirytime = 100ms (default)
2023-12-10 08:55:33,280 [739b2b9a-4a10-4b30-8d82-41f2f3567ae9-groupManagement] INFO  server.RaftServerConfigKeys (ConfUtils.java:logGet(46)) - raft.server.read.option = DEFAULT (default)
2023-12-10 08:55:33,280 [739b2b9a-4a10-4b30-8d82-41f2f3567ae9-groupManagement] INFO  server.RaftServerConfigKeys (ConfUtils.java:logGet(46)) - raft.server.read.read-after-write-consistent.write-index-cache.expiry-time = 60s (default)
2023-12-10 08:55:33,283 [739b2b9a-4a10-4b30-8d82-41f2f3567ae9-groupManagement] INFO  server.RaftServerConfigKeys (ConfUtils.java:logGet(46)) - raft.server.rpc.request.timeout = 60s (custom)
2023-12-10 08:55:33,283 [739b2b9a-4a10-4b30-8d82-41f2f3567ae9-groupManagement] INFO  server.RaftServerConfigKeys (ConfUtils.java:logGet(46)) - raft.server.log.appender.install.snapshot.enabled = false (custom)
2023-12-10 08:55:33,283 [739b2b9a-4a10-4b30-8d82-41f2f3567ae9-groupManagement] INFO  server.RaftServerConfigKeys (ConfUtils.java:logGet(46)) - raft.server.threadpool.server.cached = true (default)
2023-12-10 08:55:33,284 [739b2b9a-4a10-4b30-8d82-41f2f3567ae9-groupManagement] INFO  server.RaftServerConfigKeys (ConfUtils.java:logGet(46)) - raft.server.threadpool.server.size = 0 (default)
2023-12-10 08:55:33,285 [739b2b9a-4a10-4b30-8d82-41f2f3567ae9-groupManagement] INFO  server.RaftServerConfigKeys (ConfUtils.java:logGet(46)) - raft.server.threadpool.client.cached = true (default)
2023-12-10 08:55:33,286 [9d33b5cf-046b-45d3-8518-fd69107da003-PipelineCommandHandlerThread-0] INFO  commandhandler.CreatePipelineCommandHandler (CreatePipelineCommandHandler.java:lambda$handle$2(124)) - Created Pipeline RATIS THREE PipelineID=f61d75ec-e88f-4c7b-915f-8b162c13ffa2.
2023-12-10 08:55:33,286 [739b2b9a-4a10-4b30-8d82-41f2f3567ae9-groupManagement] INFO  server.RaftServerConfigKeys (ConfUtils.java:logGet(46)) - raft.server.threadpool.client.size = 0 (default)
2023-12-10 08:55:33,286 [739b2b9a-4a10-4b30-8d82-41f2f3567ae9-groupManagement] INFO  server.RaftServerConfigKeys (ConfUtils.java:logGet(46)) - raft.server.storage.free-space.min = 0MB (=0) (default)
2023-12-10 08:55:33,286 [739b2b9a-4a10-4b30-8d82-41f2f3567ae9-groupManagement] INFO  server.RaftServerConfigKeys (ConfUtils.java:logGet(46)) - raft.server.log.corruption.policy = EXCEPTION (default)
2023-12-10 08:55:33,286 [9d33b5cf-046b-45d3-8518-fd69107da003-PipelineCommandHandlerThread-0] INFO  server.RaftServer (RaftServerProxy.java:addNew(100)) - 9d33b5cf-046b-45d3-8518-fd69107da003: addNew group-6A927A491976:[739b2b9a-4a10-4b30-8d82-41f2f3567ae9|10.1.0.29:15104, 1325fac8-4950-4fd4-a580-526da936db2d|10.1.0.29:15113, 9d33b5cf-046b-45d3-8518-fd69107da003|10.1.0.29:15095] returns group-6A927A491976:java.util.concurrent.CompletableFuture@7891652c[Not completed]
2023-12-10 08:55:33,287 [9d33b5cf-046b-45d3-8518-fd69107da003-groupManagement] INFO  server.RaftServer$Division (RaftServerImpl.java:<init>(256)) - 9d33b5cf-046b-45d3-8518-fd69107da003: new RaftServerImpl for group-6A927A491976:[739b2b9a-4a10-4b30-8d82-41f2f3567ae9|10.1.0.29:15104, 1325fac8-4950-4fd4-a580-526da936db2d|10.1.0.29:15113, 9d33b5cf-046b-45d3-8518-fd69107da003|10.1.0.29:15095] with ContainerStateMachine:uninitialized
2023-12-10 08:55:33,287 [9d33b5cf-046b-45d3-8518-fd69107da003-groupManagement] INFO  server.RaftServerConfigKeys (ConfUtils.java:logGet(46)) - raft.server.rpc.timeout.min = 5s (custom)
2023-12-10 08:55:33,287 [9d33b5cf-046b-45d3-8518-fd69107da003-groupManagement] INFO  server.RaftServerConfigKeys (ConfUtils.java:logGet(46)) - raft.server.rpc.timeout.max = 5200ms (custom)
2023-12-10 08:55:33,287 [9d33b5cf-046b-45d3-8518-fd69107da003-groupManagement] INFO  server.RaftServerConfigKeys (ConfUtils.java:logGet(46)) - raft.server.rpc.sleep.time = 25ms (default)
2023-12-10 08:55:33,287 [9d33b5cf-046b-45d3-8518-fd69107da003-groupManagement] INFO  server.RaftServerConfigKeys (ConfUtils.java:logGet(46)) - raft.server.rpc.slowness.timeout = 300s (custom)
2023-12-10 08:55:33,287 [9d33b5cf-046b-45d3-8518-fd69107da003-groupManagement] INFO  server.RaftServerConfigKeys (ConfUtils.java:logGet(46)) - raft.server.leaderelection.leader.step-down.wait-time = 10s (default)
2023-12-10 08:55:33,287 [9d33b5cf-046b-45d3-8518-fd69107da003-groupManagement] INFO  server.RaftServerConfigKeys (ConfUtils.java:logGet(46)) - raft.server.leaderelection.member.majority-add = false (default)
2023-12-10 08:55:33,287 [9d33b5cf-046b-45d3-8518-fd69107da003-groupManagement] INFO  server.RaftServerConfigKeys (ConfUtils.java:logGet(46)) - raft.server.sleep.deviation.threshold = 300ms (default)
2023-12-10 08:55:33,287 [9d33b5cf-046b-45d3-8518-fd69107da003-groupManagement] INFO  server.RaftServer$Division (ServerState.java:<init>(113)) - 9d33b5cf-046b-45d3-8518-fd69107da003@group-6A927A491976: ConfigurationManager, init=-1: peers:[739b2b9a-4a10-4b30-8d82-41f2f3567ae9|10.1.0.29:15104, 1325fac8-4950-4fd4-a580-526da936db2d|10.1.0.29:15113, 9d33b5cf-046b-45d3-8518-fd69107da003|10.1.0.29:15095]|listeners:[], old=null, confs=<EMPTY_MAP>
2023-12-10 08:55:33,287 [9d33b5cf-046b-45d3-8518-fd69107da003-groupManagement] INFO  server.RaftServerConfigKeys (ConfUtils.java:logGet(46)) - raft.server.notification.no-leader.timeout = 300s (custom)
2023-12-10 08:55:33,287 [9d33b5cf-046b-45d3-8518-fd69107da003-groupManagement] INFO  server.RaftServerConfigKeys (ConfUtils.java:logGet(46)) - raft.server.read.timeout = 10s (default)
2023-12-10 08:55:33,286 [739b2b9a-4a10-4b30-8d82-41f2f3567ae9-groupManagement] INFO  server.RaftServerConfigKeys (ConfUtils.java:logGet(46)) - raft.server.storage.dir = [/home/runner/work/ozone/ozone/hadoop-ozone/integration-test/target/test-dir/MiniOzoneClusterImpl-7f66dfcd-4d84-4460-b9fe-211923c7b7bb/datanode-10/data/ratis] (custom)
2023-12-10 08:55:33,287 [9d33b5cf-046b-45d3-8518-fd69107da003-groupManagement] INFO  server.RaftServerConfigKeys (ConfUtils.java:logGet(46)) - raft.server.retrycache.expirytime = 600000ms (custom)
2023-12-10 08:55:33,288 [9d33b5cf-046b-45d3-8518-fd69107da003-groupManagement] INFO  server.RaftServerConfigKeys (ConfUtils.java:logGet(46)) - raft.server.retrycache.statistics.expirytime = 100ms (default)
2023-12-10 08:55:33,288 [739b2b9a-4a10-4b30-8d82-41f2f3567ae9-groupManagement] INFO  storage.RaftStorageDirectory (RaftStorageDirectoryImpl.java:analyzeStorage(138)) - The storage directory /home/runner/work/ozone/ozone/hadoop-ozone/integration-test/target/test-dir/MiniOzoneClusterImpl-7f66dfcd-4d84-4460-b9fe-211923c7b7bb/datanode-10/data/ratis/f61d75ec-e88f-4c7b-915f-8b162c13ffa2 does not exist. Creating ...
2023-12-10 08:55:33,288 [9d33b5cf-046b-45d3-8518-fd69107da003-groupManagement] INFO  server.RaftServerConfigKeys (ConfUtils.java:logGet(46)) - raft.server.read.option = DEFAULT (default)
2023-12-10 08:55:33,288 [9d33b5cf-046b-45d3-8518-fd69107da003-groupManagement] INFO  server.RaftServerConfigKeys (ConfUtils.java:logGet(46)) - raft.server.read.read-after-write-consistent.write-index-cache.expiry-time = 60s (default)
2023-12-10 08:55:33,290 [739b2b9a-4a10-4b30-8d82-41f2f3567ae9-groupManagement] INFO  storage.RaftStorageDirectory (RaftStorageDirectoryImpl.java:tryLock(232)) - Lock on /home/runner/work/ozone/ozone/hadoop-ozone/integration-test/target/test-dir/MiniOzoneClusterImpl-7f66dfcd-4d84-4460-b9fe-211923c7b7bb/datanode-10/data/ratis/f61d75ec-e88f-4c7b-915f-8b162c13ffa2/in_use.lock acquired by nodename 49456@fv-az1041-125
2023-12-10 08:55:33,291 [9d33b5cf-046b-45d3-8518-fd69107da003-groupManagement] INFO  server.RaftServerConfigKeys (ConfUtils.java:logGet(46)) - raft.server.rpc.request.timeout = 60s (custom)
2023-12-10 08:55:33,291 [9d33b5cf-046b-45d3-8518-fd69107da003-groupManagement] INFO  server.RaftServerConfigKeys (ConfUtils.java:logGet(46)) - raft.server.log.appender.install.snapshot.enabled = false (custom)
2023-12-10 08:55:33,291 [9d33b5cf-046b-45d3-8518-fd69107da003-groupManagement] INFO  server.RaftServerConfigKeys (ConfUtils.java:logGet(46)) - raft.server.threadpool.server.cached = true (default)
2023-12-10 08:55:33,292 [739b2b9a-4a10-4b30-8d82-41f2f3567ae9-groupManagement] INFO  storage.RaftStorage (RaftStorageImpl.java:format(97)) - Storage directory /home/runner/work/ozone/ozone/hadoop-ozone/integration-test/target/test-dir/MiniOzoneClusterImpl-7f66dfcd-4d84-4460-b9fe-211923c7b7bb/datanode-10/data/ratis/f61d75ec-e88f-4c7b-915f-8b162c13ffa2 has been successfully formatted.
2023-12-10 08:55:33,292 [9d33b5cf-046b-45d3-8518-fd69107da003-groupManagement] INFO  server.RaftServerConfigKeys (ConfUtils.java:logGet(46)) - raft.server.threadpool.server.size = 0 (default)
2023-12-10 08:55:33,293 [739b2b9a-4a10-4b30-8d82-41f2f3567ae9-groupManagement] INFO  ratis.ContainerStateMachine (ContainerStateMachine.java:loadSnapshot(269)) - group-8B162C13FFA2: The snapshot info is null. Setting the last applied indexto:(t:0, i:~)
2023-12-10 08:55:33,293 [739b2b9a-4a10-4b30-8d82-41f2f3567ae9-groupManagement] INFO  server.RaftServerConfigKeys (ConfUtils.java:logGet(46)) - raft.server.log.use.memory = false (default)
2023-12-10 08:55:33,293 [739b2b9a-4a10-4b30-8d82-41f2f3567ae9-groupManagement] INFO  server.RaftServerConfigKeys (ConfUtils.java:logGet(46)) - raft.server.log.purge.gap = 1000000 (custom)
2023-12-10 08:55:33,293 [739b2b9a-4a10-4b30-8d82-41f2f3567ae9-groupManagement] INFO  server.RaftServerConfigKeys (ConfUtils.java:logGet(46)) - raft.server.log.appender.buffer.byte-limit = 8388608 (custom)
2023-12-10 08:55:33,293 [739b2b9a-4a10-4b30-8d82-41f2f3567ae9-groupManagement] INFO  server.RaftServerConfigKeys (ConfUtils.java:logGet(46)) - raft.server.log.statemachine.data.read.timeout = 1000ms (default)
2023-12-10 08:55:33,294 [739b2b9a-4a10-4b30-8d82-41f2f3567ae9-groupManagement] INFO  server.RaftServerConfigKeys (ConfUtils.java:logGet(46)) - raft.server.log.purge.preservation.log.num = 0 (default)
2023-12-10 08:55:33,293 [9d33b5cf-046b-45d3-8518-fd69107da003-groupManagement] INFO  server.RaftServerConfigKeys (ConfUtils.java:logGet(46)) - raft.server.threadpool.client.cached = true (default)
2023-12-10 08:55:33,294 [9d33b5cf-046b-45d3-8518-fd69107da003-groupManagement] INFO  server.RaftServerConfigKeys (ConfUtils.java:logGet(46)) - raft.server.threadpool.client.size = 0 (default)
2023-12-10 08:55:33,294 [9d33b5cf-046b-45d3-8518-fd69107da003-groupManagement] INFO  server.RaftServerConfigKeys (ConfUtils.java:logGet(46)) - raft.server.storage.free-space.min = 0MB (=0) (default)
2023-12-10 08:55:33,295 [9d33b5cf-046b-45d3-8518-fd69107da003-groupManagement] INFO  server.RaftServerConfigKeys (ConfUtils.java:logGet(46)) - raft.server.log.corruption.policy = EXCEPTION (default)
2023-12-10 08:55:33,295 [9d33b5cf-046b-45d3-8518-fd69107da003-groupManagement] INFO  server.RaftServerConfigKeys (ConfUtils.java:logGet(46)) - raft.server.storage.dir = [/home/runner/work/ozone/ozone/hadoop-ozone/integration-test/target/test-dir/MiniOzoneClusterImpl-7f66dfcd-4d84-4460-b9fe-211923c7b7bb/datanode-9/data/ratis] (custom)
2023-12-10 08:55:33,296 [9d33b5cf-046b-45d3-8518-fd69107da003-groupManagement] INFO  storage.RaftStorageDirectory (RaftStorageDirectoryImpl.java:analyzeStorage(138)) - The storage directory /home/runner/work/ozone/ozone/hadoop-ozone/integration-test/target/test-dir/MiniOzoneClusterImpl-7f66dfcd-4d84-4460-b9fe-211923c7b7bb/datanode-9/data/ratis/c57ae688-d220-43e9-9321-6a927a491976 does not exist. Creating ...
2023-12-10 08:55:33,296 [739b2b9a-4a10-4b30-8d82-41f2f3567ae9-groupManagement] INFO  server.RaftServerConfigKeys (ConfUtils.java:logGet(46)) - raft.server.log.segment.size.max = 67108864 (custom)
2023-12-10 08:55:33,296 [739b2b9a-4a10-4b30-8d82-41f2f3567ae9-groupManagement] INFO  server.RaftServerConfigKeys (ConfUtils.java:logGet(46)) - raft.server.log.segment.cache.num.max = 2 (custom)
2023-12-10 08:55:33,296 [739b2b9a-4a10-4b30-8d82-41f2f3567ae9-groupManagement] INFO  server.RaftServerConfigKeys (ConfUtils.java:logGet(46)) - raft.server.log.segment.cache.size.max = 200MB (=209715200) (default)
2023-12-10 08:55:33,297 [739b2b9a-4a10-4b30-8d82-41f2f3567ae9-groupManagement] INFO  server.RaftServerConfigKeys (ConfUtils.java:logGet(46)) - raft.server.log.appender.buffer.byte-limit = 8388608 (custom)
2023-12-10 08:55:33,297 [9d33b5cf-046b-45d3-8518-fd69107da003-groupManagement] INFO  storage.RaftStorageDirectory (RaftStorageDirectoryImpl.java:tryLock(232)) - Lock on /home/runner/work/ozone/ozone/hadoop-ozone/integration-test/target/test-dir/MiniOzoneClusterImpl-7f66dfcd-4d84-4460-b9fe-211923c7b7bb/datanode-9/data/ratis/c57ae688-d220-43e9-9321-6a927a491976/in_use.lock acquired by nodename 49456@fv-az1041-125
2023-12-10 08:55:33,299 [9d33b5cf-046b-45d3-8518-fd69107da003-groupManagement] INFO  storage.RaftStorage (RaftStorageImpl.java:format(97)) - Storage directory /home/runner/work/ozone/ozone/hadoop-ozone/integration-test/target/test-dir/MiniOzoneClusterImpl-7f66dfcd-4d84-4460-b9fe-211923c7b7bb/datanode-9/data/ratis/c57ae688-d220-43e9-9321-6a927a491976 has been successfully formatted.
2023-12-10 08:55:33,299 [739b2b9a-4a10-4b30-8d82-41f2f3567ae9-groupManagement] INFO  util.AwaitToRun (AwaitToRun.java:start(81)) - Thread[739b2b9a-4a10-4b30-8d82-41f2f3567ae9@group-8B162C13FFA2-cacheEviction-AwaitToRun,5,main] started
2023-12-10 08:55:33,299 [739b2b9a-4a10-4b30-8d82-41f2f3567ae9-groupManagement] INFO  segmented.SegmentedRaftLogWorker (SegmentedRaftLogWorker.java:<init>(184)) - new 739b2b9a-4a10-4b30-8d82-41f2f3567ae9@group-8B162C13FFA2-SegmentedRaftLogWorker for RaftStorageImpl:Storage Directory /home/runner/work/ozone/ozone/hadoop-ozone/integration-test/target/test-dir/MiniOzoneClusterImpl-7f66dfcd-4d84-4460-b9fe-211923c7b7bb/datanode-10/data/ratis/f61d75ec-e88f-4c7b-915f-8b162c13ffa2
2023-12-10 08:55:33,299 [739b2b9a-4a10-4b30-8d82-41f2f3567ae9-groupManagement] INFO  server.RaftServerConfigKeys (ConfUtils.java:logGet(46)) - raft.server.log.queue.byte-limit = 4294967296 (custom)
2023-12-10 08:55:33,299 [739b2b9a-4a10-4b30-8d82-41f2f3567ae9-groupManagement] INFO  server.RaftServerConfigKeys (ConfUtils.java:logGet(46)) - raft.server.log.queue.element-limit = 1024 (custom)
2023-12-10 08:55:33,299 [739b2b9a-4a10-4b30-8d82-41f2f3567ae9-groupManagement] INFO  server.RaftServerConfigKeys (ConfUtils.java:logGet(46)) - raft.server.log.segment.size.max = 67108864 (custom)
2023-12-10 08:55:33,300 [739b2b9a-4a10-4b30-8d82-41f2f3567ae9-groupManagement] INFO  server.RaftServerConfigKeys (ConfUtils.java:logGet(46)) - raft.server.log.preallocated.size = 4194304 (custom)
2023-12-10 08:55:33,300 [739b2b9a-4a10-4b30-8d82-41f2f3567ae9-groupManagement] INFO  server.RaftServerConfigKeys (ConfUtils.java:logGet(46)) - raft.server.log.force.sync.num = 128 (default)
2023-12-10 08:55:33,300 [739b2b9a-4a10-4b30-8d82-41f2f3567ae9-groupManagement] INFO  server.RaftServerConfigKeys (ConfUtils.java:logGet(46)) - raft.server.log.statemachine.data.sync = true (default)
2023-12-10 08:55:33,300 [739b2b9a-4a10-4b30-8d82-41f2f3567ae9-groupManagement] INFO  server.RaftServerConfigKeys (ConfUtils.java:logGet(46)) - raft.server.log.statemachine.data.sync.timeout = 10s (default)
2023-12-10 08:55:33,300 [739b2b9a-4a10-4b30-8d82-41f2f3567ae9-groupManagement] INFO  server.RaftServerConfigKeys (ConfUtils.java:logGet(46)) - raft.server.log.statemachine.data.sync.timeout.retry = 0 (custom)
2023-12-10 08:55:33,300 [739b2b9a-4a10-4b30-8d82-41f2f3567ae9-groupManagement] INFO  server.RaftServerConfigKeys (ConfUtils.java:logGet(46)) - raft.server.log.write.buffer.size = 8388616 (custom)
2023-12-10 08:55:33,301 [9d33b5cf-046b-45d3-8518-fd69107da003-groupManagement] INFO  ratis.ContainerStateMachine (ContainerStateMachine.java:loadSnapshot(269)) - group-6A927A491976: The snapshot info is null. Setting the last applied indexto:(t:0, i:~)
2023-12-10 08:55:33,301 [9d33b5cf-046b-45d3-8518-fd69107da003-groupManagement] INFO  server.RaftServerConfigKeys (ConfUtils.java:logGet(46)) - raft.server.log.use.memory = false (default)
2023-12-10 08:55:33,302 [9d33b5cf-046b-45d3-8518-fd69107da003-groupManagement] INFO  server.RaftServerConfigKeys (ConfUtils.java:logGet(46)) - raft.server.log.purge.gap = 1000000 (custom)
2023-12-10 08:55:33,302 [9d33b5cf-046b-45d3-8518-fd69107da003-groupManagement] INFO  server.RaftServerConfigKeys (ConfUtils.java:logGet(46)) - raft.server.log.appender.buffer.byte-limit = 8388608 (custom)
2023-12-10 08:55:33,302 [9d33b5cf-046b-45d3-8518-fd69107da003-groupManagement] INFO  server.RaftServerConfigKeys (ConfUtils.java:logGet(46)) - raft.server.log.statemachine.data.read.timeout = 1000ms (default)
2023-12-10 08:55:33,302 [9d33b5cf-046b-45d3-8518-fd69107da003-groupManagement] INFO  server.RaftServerConfigKeys (ConfUtils.java:logGet(46)) - raft.server.log.purge.preservation.log.num = 0 (default)
2023-12-10 08:55:33,303 [739b2b9a-4a10-4b30-8d82-41f2f3567ae9-groupManagement] INFO  server.RaftServerConfigKeys (ConfUtils.java:logGet(46)) - raft.server.log.appender.buffer.byte-limit = 8388608 (custom)
2023-12-10 08:55:33,303 [739b2b9a-4a10-4b30-8d82-41f2f3567ae9-groupManagement] INFO  server.RaftServerConfigKeys (ConfUtils.java:logGet(46)) - raft.server.log.unsafe-flush.enabled = false (default)
2023-12-10 08:55:33,303 [739b2b9a-4a10-4b30-8d82-41f2f3567ae9-groupManagement] INFO  server.RaftServerConfigKeys (ConfUtils.java:logGet(46)) - raft.server.log.async-flush.enabled = false (default)
2023-12-10 08:55:33,303 [739b2b9a-4a10-4b30-8d82-41f2f3567ae9-groupManagement] INFO  server.RaftServerConfigKeys (ConfUtils.java:logGet(46)) - raft.server.log.statemachine.data.caching.enabled = true (custom)
2023-12-10 08:55:33,304 [739b2b9a-4a10-4b30-8d82-41f2f3567ae9-groupManagement] INFO  segmented.SegmentedRaftLogWorker (SegmentedRaftLogWorker.java:lambda$new$0(135)) - 739b2b9a-4a10-4b30-8d82-41f2f3567ae9@group-8B162C13FFA2-SegmentedRaftLogWorker: flushIndex: setUnconditionally 0 -> -1
2023-12-10 08:55:33,304 [739b2b9a-4a10-4b30-8d82-41f2f3567ae9-groupManagement] INFO  segmented.SegmentedRaftLogWorker (SegmentedRaftLogWorker.java:lambda$new$0(135)) - 739b2b9a-4a10-4b30-8d82-41f2f3567ae9@group-8B162C13FFA2-SegmentedRaftLogWorker: safeCacheEvictIndex: setUnconditionally 0 -> -1
2023-12-10 08:55:33,305 [9d33b5cf-046b-45d3-8518-fd69107da003-groupManagement] INFO  server.RaftServerConfigKeys (ConfUtils.java:logGet(46)) - raft.server.log.segment.size.max = 67108864 (custom)
2023-12-10 08:55:33,306 [9d33b5cf-046b-45d3-8518-fd69107da003-groupManagement] INFO  server.RaftServerConfigKeys (ConfUtils.java:logGet(46)) - raft.server.log.segment.cache.num.max = 2 (custom)
2023-12-10 08:55:33,306 [9d33b5cf-046b-45d3-8518-fd69107da003-groupManagement] INFO  server.RaftServerConfigKeys (ConfUtils.java:logGet(46)) - raft.server.log.segment.cache.size.max = 200MB (=209715200) (default)
2023-12-10 08:55:33,306 [9d33b5cf-046b-45d3-8518-fd69107da003-groupManagement] INFO  server.RaftServerConfigKeys (ConfUtils.java:logGet(46)) - raft.server.log.appender.buffer.byte-limit = 8388608 (custom)
2023-12-10 08:55:33,310 [739b2b9a-4a10-4b30-8d82-41f2f3567ae9-groupManagement] INFO  server.RaftServer$Division (RaftServerImpl.java:start(392)) - 739b2b9a-4a10-4b30-8d82-41f2f3567ae9@group-8B162C13FFA2: start as a follower, conf=-1: peers:[739b2b9a-4a10-4b30-8d82-41f2f3567ae9|10.1.0.29:15104, 1325fac8-4950-4fd4-a580-526da936db2d|10.1.0.29:15113, 9d33b5cf-046b-45d3-8518-fd69107da003|10.1.0.29:15095]|listeners:[], old=null
2023-12-10 08:55:33,310 [739b2b9a-4a10-4b30-8d82-41f2f3567ae9-groupManagement] INFO  server.RaftServer$Division (RaftServerImpl.java:setRole(379)) - 739b2b9a-4a10-4b30-8d82-41f2f3567ae9@group-8B162C13FFA2: changes role from      null to FOLLOWER at term 0 for startAsFollower
2023-12-10 08:55:33,310 [9d33b5cf-046b-45d3-8518-fd69107da003-groupManagement] INFO  util.AwaitToRun (AwaitToRun.java:start(81)) - Thread[9d33b5cf-046b-45d3-8518-fd69107da003@group-6A927A491976-cacheEviction-AwaitToRun,5,main] started
2023-12-10 08:55:33,310 [9d33b5cf-046b-45d3-8518-fd69107da003-groupManagement] INFO  segmented.SegmentedRaftLogWorker (SegmentedRaftLogWorker.java:<init>(184)) - new 9d33b5cf-046b-45d3-8518-fd69107da003@group-6A927A491976-SegmentedRaftLogWorker for RaftStorageImpl:Storage Directory /home/runner/work/ozone/ozone/hadoop-ozone/integration-test/target/test-dir/MiniOzoneClusterImpl-7f66dfcd-4d84-4460-b9fe-211923c7b7bb/datanode-9/data/ratis/c57ae688-d220-43e9-9321-6a927a491976
2023-12-10 08:55:33,310 [9d33b5cf-046b-45d3-8518-fd69107da003-groupManagement] INFO  server.RaftServerConfigKeys (ConfUtils.java:logGet(46)) - raft.server.log.queue.byte-limit = 4294967296 (custom)
2023-12-10 08:55:33,310 [9d33b5cf-046b-45d3-8518-fd69107da003-groupManagement] INFO  server.RaftServerConfigKeys (ConfUtils.java:logGet(46)) - raft.server.log.queue.element-limit = 1024 (custom)
2023-12-10 08:55:33,310 [739b2b9a-4a10-4b30-8d82-41f2f3567ae9-groupManagement] INFO  impl.RoleInfo (RoleInfo.java:updateAndGet(139)) - 739b2b9a-4a10-4b30-8d82-41f2f3567ae9: start 739b2b9a-4a10-4b30-8d82-41f2f3567ae9@group-8B162C13FFA2-FollowerState
2023-12-10 08:55:33,310 [9d33b5cf-046b-45d3-8518-fd69107da003-groupManagement] INFO  server.RaftServerConfigKeys (ConfUtils.java:logGet(46)) - raft.server.log.segment.size.max = 67108864 (custom)
2023-12-10 08:55:33,311 [9d33b5cf-046b-45d3-8518-fd69107da003-groupManagement] INFO  server.RaftServerConfigKeys (ConfUtils.java:logGet(46)) - raft.server.log.preallocated.size = 4194304 (custom)
2023-12-10 08:55:33,311 [9d33b5cf-046b-45d3-8518-fd69107da003-groupManagement] INFO  server.RaftServerConfigKeys (ConfUtils.java:logGet(46)) - raft.server.log.force.sync.num = 128 (default)
2023-12-10 08:55:33,311 [9d33b5cf-046b-45d3-8518-fd69107da003-groupManagement] INFO  server.RaftServerConfigKeys (ConfUtils.java:logGet(46)) - raft.server.log.statemachine.data.sync = true (default)
2023-12-10 08:55:33,311 [9d33b5cf-046b-45d3-8518-fd69107da003-groupManagement] INFO  server.RaftServerConfigKeys (ConfUtils.java:logGet(46)) - raft.server.log.statemachine.data.sync.timeout = 10s (default)
2023-12-10 08:55:33,311 [9d33b5cf-046b-45d3-8518-fd69107da003-groupManagement] INFO  server.RaftServerConfigKeys (ConfUtils.java:logGet(46)) - raft.server.log.statemachine.data.sync.timeout.retry = 0 (custom)
2023-12-10 08:55:33,311 [9d33b5cf-046b-45d3-8518-fd69107da003-groupManagement] INFO  server.RaftServerConfigKeys (ConfUtils.java:logGet(46)) - raft.server.log.write.buffer.size = 8388616 (custom)
2023-12-10 08:55:33,312 [739b2b9a-4a10-4b30-8d82-41f2f3567ae9-groupManagement] INFO  util.JmxRegister (JmxRegister.java:tryRegister(44)) - Successfully registered JMX Bean with object name Ratis:service=RaftServer,group=group-8B162C13FFA2,id=739b2b9a-4a10-4b30-8d82-41f2f3567ae9
2023-12-10 08:55:33,312 [739b2b9a-4a10-4b30-8d82-41f2f3567ae9-groupManagement] INFO  server.RaftServerConfigKeys (ConfUtils.java:logGet(46)) - raft.server.snapshot.trigger-when-stop.enabled = true (default)
2023-12-10 08:55:33,312 [739b2b9a-4a10-4b30-8d82-41f2f3567ae9-groupManagement] INFO  server.RaftServerConfigKeys (ConfUtils.java:logGet(46)) - raft.server.snapshot.auto.trigger.enabled = true (custom)
2023-12-10 08:55:33,312 [739b2b9a-4a10-4b30-8d82-41f2f3567ae9-groupManagement] INFO  server.RaftServerConfigKeys (ConfUtils.java:logGet(46)) - raft.server.snapshot.auto.trigger.threshold = 10000 (custom)
2023-12-10 08:55:33,312 [739b2b9a-4a10-4b30-8d82-41f2f3567ae9-groupManagement] INFO  server.RaftServerConfigKeys (ConfUtils.java:logGet(46)) - raft.server.snapshot.retention.file.num = 5 (custom)
2023-12-10 08:55:33,312 [739b2b9a-4a10-4b30-8d82-41f2f3567ae9-groupManagement] INFO  server.RaftServerConfigKeys (ConfUtils.java:logGet(46)) - raft.server.log.purge.upto.snapshot.index = false (default)
2023-12-10 08:55:33,313 [739b2b9a-4a10-4b30-8d82-41f2f3567ae9@group-8B162C13FFA2-FollowerState] INFO  server.RaftServerConfigKeys (ConfUtils.java:logFallback(53)) - raft.server.rpc.first-election.timeout.min = 5s (fallback to raft.server.rpc.timeout.min)
2023-12-10 08:55:33,313 [9d33b5cf-046b-45d3-8518-fd69107da003-groupManagement] INFO  server.RaftServerConfigKeys (ConfUtils.java:logGet(46)) - raft.server.log.appender.buffer.byte-limit = 8388608 (custom)
2023-12-10 08:55:33,314 [739b2b9a-4a10-4b30-8d82-41f2f3567ae9@group-8B162C13FFA2-FollowerState] INFO  server.RaftServerConfigKeys (ConfUtils.java:logFallback(53)) - raft.server.rpc.first-election.timeout.max = 5200ms (fallback to raft.server.rpc.timeout.max)
2023-12-10 08:55:33,314 [9d33b5cf-046b-45d3-8518-fd69107da003-groupManagement] INFO  server.RaftServerConfigKeys (ConfUtils.java:logGet(46)) - raft.server.log.unsafe-flush.enabled = false (default)
2023-12-10 08:55:33,314 [9d33b5cf-046b-45d3-8518-fd69107da003-groupManagement] INFO  server.RaftServerConfigKeys (ConfUtils.java:logGet(46)) - raft.server.log.async-flush.enabled = false (default)
2023-12-10 08:55:33,314 [9d33b5cf-046b-45d3-8518-fd69107da003-groupManagement] INFO  server.RaftServerConfigKeys (ConfUtils.java:logGet(46)) - raft.server.log.statemachine.data.caching.enabled = true (custom)
2023-12-10 08:55:33,315 [9d33b5cf-046b-45d3-8518-fd69107da003-groupManagement] INFO  segmented.SegmentedRaftLogWorker (SegmentedRaftLogWorker.java:lambda$new$0(135)) - 9d33b5cf-046b-45d3-8518-fd69107da003@group-6A927A491976-SegmentedRaftLogWorker: flushIndex: setUnconditionally 0 -> -1
2023-12-10 08:55:33,315 [9d33b5cf-046b-45d3-8518-fd69107da003-groupManagement] INFO  segmented.SegmentedRaftLogWorker (SegmentedRaftLogWorker.java:lambda$new$0(135)) - 9d33b5cf-046b-45d3-8518-fd69107da003@group-6A927A491976-SegmentedRaftLogWorker: safeCacheEvictIndex: setUnconditionally 0 -> -1
2023-12-10 08:55:33,315 [9d33b5cf-046b-45d3-8518-fd69107da003-groupManagement] INFO  server.RaftServer$Division (RaftServerImpl.java:start(392)) - 9d33b5cf-046b-45d3-8518-fd69107da003@group-6A927A491976: start as a follower, conf=-1: peers:[739b2b9a-4a10-4b30-8d82-41f2f3567ae9|10.1.0.29:15104, 1325fac8-4950-4fd4-a580-526da936db2d|10.1.0.29:15113, 9d33b5cf-046b-45d3-8518-fd69107da003|10.1.0.29:15095]|listeners:[], old=null
2023-12-10 08:55:33,315 [9d33b5cf-046b-45d3-8518-fd69107da003-groupManagement] INFO  server.RaftServer$Division (RaftServerImpl.java:setRole(379)) - 9d33b5cf-046b-45d3-8518-fd69107da003@group-6A927A491976: changes role from      null to FOLLOWER at term 0 for startAsFollower
2023-12-10 08:55:33,315 [739b2b9a-4a10-4b30-8d82-41f2f3567ae9-PipelineCommandHandlerThread-0] INFO  ratis.XceiverServerRatis (XceiverServerRatis.java:addGroup(837)) - Created group PipelineID=f61d75ec-e88f-4c7b-915f-8b162c13ffa2
2023-12-10 08:55:33,315 [9d33b5cf-046b-45d3-8518-fd69107da003-groupManagement] INFO  impl.RoleInfo (RoleInfo.java:updateAndGet(139)) - 9d33b5cf-046b-45d3-8518-fd69107da003: start 9d33b5cf-046b-45d3-8518-fd69107da003@group-6A927A491976-FollowerState
2023-12-10 08:55:33,316 [9d33b5cf-046b-45d3-8518-fd69107da003-groupManagement] INFO  util.JmxRegister (JmxRegister.java:tryRegister(44)) - Successfully registered JMX Bean with object name Ratis:service=RaftServer,group=group-6A927A491976,id=9d33b5cf-046b-45d3-8518-fd69107da003
2023-12-10 08:55:33,316 [9d33b5cf-046b-45d3-8518-fd69107da003-groupManagement] INFO  server.RaftServerConfigKeys (ConfUtils.java:logGet(46)) - raft.server.snapshot.trigger-when-stop.enabled = true (default)
2023-12-10 08:55:33,316 [9d33b5cf-046b-45d3-8518-fd69107da003-groupManagement] INFO  server.RaftServerConfigKeys (ConfUtils.java:logGet(46)) - raft.server.snapshot.auto.trigger.enabled = true (custom)
2023-12-10 08:55:33,316 [9d33b5cf-046b-45d3-8518-fd69107da003-groupManagement] INFO  server.RaftServerConfigKeys (ConfUtils.java:logGet(46)) - raft.server.snapshot.auto.trigger.threshold = 10000 (custom)
2023-12-10 08:55:33,316 [9d33b5cf-046b-45d3-8518-fd69107da003-groupManagement] INFO  server.RaftServerConfigKeys (ConfUtils.java:logGet(46)) - raft.server.snapshot.retention.file.num = 5 (custom)
2023-12-10 08:55:33,316 [9d33b5cf-046b-45d3-8518-fd69107da003-groupManagement] INFO  server.RaftServerConfigKeys (ConfUtils.java:logGet(46)) - raft.server.log.purge.upto.snapshot.index = false (default)
2023-12-10 08:55:33,317 [9d33b5cf-046b-45d3-8518-fd69107da003@group-6A927A491976-FollowerState] INFO  server.RaftServerConfigKeys (ConfUtils.java:logFallback(53)) - raft.server.rpc.first-election.timeout.min = 5s (fallback to raft.server.rpc.timeout.min)
2023-12-10 08:55:33,318 [9d33b5cf-046b-45d3-8518-fd69107da003@group-6A927A491976-FollowerState] INFO  server.RaftServerConfigKeys (ConfUtils.java:logFallback(53)) - raft.server.rpc.first-election.timeout.max = 5200ms (fallback to raft.server.rpc.timeout.max)
2023-12-10 08:55:33,318 [9d33b5cf-046b-45d3-8518-fd69107da003-PipelineCommandHandlerThread-0] INFO  ratis.XceiverServerRatis (XceiverServerRatis.java:addGroup(837)) - Created group PipelineID=c57ae688-d220-43e9-9321-6a927a491976
2023-12-10 08:55:33,327 [grpc-default-executor-0] INFO  server.RaftServer (RaftServerProxy.java:addNew(100)) - 739b2b9a-4a10-4b30-8d82-41f2f3567ae9: addNew group-6A927A491976:[739b2b9a-4a10-4b30-8d82-41f2f3567ae9|10.1.0.29:15104, 1325fac8-4950-4fd4-a580-526da936db2d|10.1.0.29:15113, 9d33b5cf-046b-45d3-8518-fd69107da003|10.1.0.29:15095] returns group-6A927A491976:java.util.concurrent.CompletableFuture@3811a090[Not completed]
2023-12-10 08:55:33,328 [739b2b9a-4a10-4b30-8d82-41f2f3567ae9-groupManagement] INFO  server.RaftServer$Division (RaftServerImpl.java:<init>(256)) - 739b2b9a-4a10-4b30-8d82-41f2f3567ae9: new RaftServerImpl for group-6A927A491976:[739b2b9a-4a10-4b30-8d82-41f2f3567ae9|10.1.0.29:15104, 1325fac8-4950-4fd4-a580-526da936db2d|10.1.0.29:15113, 9d33b5cf-046b-45d3-8518-fd69107da003|10.1.0.29:15095] with ContainerStateMachine:uninitialized
2023-12-10 08:55:33,328 [739b2b9a-4a10-4b30-8d82-41f2f3567ae9-groupManagement] INFO  server.RaftServerConfigKeys (ConfUtils.java:logGet(46)) - raft.server.rpc.timeout.min = 5s (custom)
2023-12-10 08:55:33,328 [739b2b9a-4a10-4b30-8d82-41f2f3567ae9-groupManagement] INFO  server.RaftServerConfigKeys (ConfUtils.java:logGet(46)) - raft.server.rpc.timeout.max = 5200ms (custom)
2023-12-10 08:55:33,328 [739b2b9a-4a10-4b30-8d82-41f2f3567ae9-groupManagement] INFO  server.RaftServerConfigKeys (ConfUtils.java:logGet(46)) - raft.server.rpc.sleep.time = 25ms (default)
2023-12-10 08:55:33,328 [739b2b9a-4a10-4b30-8d82-41f2f3567ae9-groupManagement] INFO  server.RaftServerConfigKeys (ConfUtils.java:logGet(46)) - raft.server.rpc.slowness.timeout = 300s (custom)
2023-12-10 08:55:33,328 [739b2b9a-4a10-4b30-8d82-41f2f3567ae9-groupManagement] INFO  server.RaftServerConfigKeys (ConfUtils.java:logGet(46)) - raft.server.leaderelection.leader.step-down.wait-time = 10s (default)
2023-12-10 08:55:33,328 [739b2b9a-4a10-4b30-8d82-41f2f3567ae9-groupManagement] INFO  server.RaftServerConfigKeys (ConfUtils.java:logGet(46)) - raft.server.leaderelection.member.majority-add = false (default)
2023-12-10 08:55:33,328 [739b2b9a-4a10-4b30-8d82-41f2f3567ae9-groupManagement] INFO  server.RaftServerConfigKeys (ConfUtils.java:logGet(46)) - raft.server.sleep.deviation.threshold = 300ms (default)
2023-12-10 08:55:33,328 [739b2b9a-4a10-4b30-8d82-41f2f3567ae9-groupManagement] INFO  server.RaftServer$Division (ServerState.java:<init>(113)) - 739b2b9a-4a10-4b30-8d82-41f2f3567ae9@group-6A927A491976: ConfigurationManager, init=-1: peers:[739b2b9a-4a10-4b30-8d82-41f2f3567ae9|10.1.0.29:15104, 1325fac8-4950-4fd4-a580-526da936db2d|10.1.0.29:15113, 9d33b5cf-046b-45d3-8518-fd69107da003|10.1.0.29:15095]|listeners:[], old=null, confs=<EMPTY_MAP>
2023-12-10 08:55:33,329 [739b2b9a-4a10-4b30-8d82-41f2f3567ae9-groupManagement] INFO  server.RaftServerConfigKeys (ConfUtils.java:logGet(46)) - raft.server.notification.no-leader.timeout = 300s (custom)
2023-12-10 08:55:33,329 [739b2b9a-4a10-4b30-8d82-41f2f3567ae9-groupManagement] INFO  server.RaftServerConfigKeys (ConfUtils.java:logGet(46)) - raft.server.read.timeout = 10s (default)
2023-12-10 08:55:33,329 [739b2b9a-4a10-4b30-8d82-41f2f3567ae9-groupManagement] INFO  server.RaftServerConfigKeys (ConfUtils.java:logGet(46)) - raft.server.retrycache.expirytime = 600000ms (custom)
2023-12-10 08:55:33,329 [739b2b9a-4a10-4b30-8d82-41f2f3567ae9-groupManagement] INFO  server.RaftServerConfigKeys (ConfUtils.java:logGet(46)) - raft.server.retrycache.statistics.expirytime = 100ms (default)
2023-12-10 08:55:33,329 [739b2b9a-4a10-4b30-8d82-41f2f3567ae9-groupManagement] INFO  server.RaftServerConfigKeys (ConfUtils.java:logGet(46)) - raft.server.read.option = DEFAULT (default)
2023-12-10 08:55:33,329 [739b2b9a-4a10-4b30-8d82-41f2f3567ae9-groupManagement] INFO  server.RaftServerConfigKeys (ConfUtils.java:logGet(46)) - raft.server.read.read-after-write-consistent.write-index-cache.expiry-time = 60s (default)
2023-12-10 08:55:33,334 [739b2b9a-4a10-4b30-8d82-41f2f3567ae9-groupManagement] INFO  server.RaftServerConfigKeys (ConfUtils.java:logGet(46)) - raft.server.rpc.request.timeout = 60s (custom)
2023-12-10 08:55:33,334 [739b2b9a-4a10-4b30-8d82-41f2f3567ae9-groupManagement] INFO  server.RaftServerConfigKeys (ConfUtils.java:logGet(46)) - raft.server.log.appender.install.snapshot.enabled = false (custom)
2023-12-10 08:55:33,334 [739b2b9a-4a10-4b30-8d82-41f2f3567ae9-groupManagement] INFO  server.RaftServerConfigKeys (ConfUtils.java:logGet(46)) - raft.server.threadpool.server.cached = true (default)
2023-12-10 08:55:33,334 [739b2b9a-4a10-4b30-8d82-41f2f3567ae9-groupManagement] INFO  server.RaftServerConfigKeys (ConfUtils.java:logGet(46)) - raft.server.threadpool.server.size = 0 (default)
2023-12-10 08:55:33,334 [739b2b9a-4a10-4b30-8d82-41f2f3567ae9-groupManagement] INFO  server.RaftServerConfigKeys (ConfUtils.java:logGet(46)) - raft.server.threadpool.client.cached = true (default)
2023-12-10 08:55:33,334 [739b2b9a-4a10-4b30-8d82-41f2f3567ae9-groupManagement] INFO  server.RaftServerConfigKeys (ConfUtils.java:logGet(46)) - raft.server.threadpool.client.size = 0 (default)
2023-12-10 08:55:33,334 [739b2b9a-4a10-4b30-8d82-41f2f3567ae9-groupManagement] INFO  server.RaftServerConfigKeys (ConfUtils.java:logGet(46)) - raft.server.storage.free-space.min = 0MB (=0) (default)
2023-12-10 08:55:33,334 [739b2b9a-4a10-4b30-8d82-41f2f3567ae9-groupManagement] INFO  server.RaftServerConfigKeys (ConfUtils.java:logGet(46)) - raft.server.log.corruption.policy = EXCEPTION (default)
2023-12-10 08:55:33,334 [739b2b9a-4a10-4b30-8d82-41f2f3567ae9-groupManagement] INFO  server.RaftServerConfigKeys (ConfUtils.java:logGet(46)) - raft.server.storage.dir = [/home/runner/work/ozone/ozone/hadoop-ozone/integration-test/target/test-dir/MiniOzoneClusterImpl-7f66dfcd-4d84-4460-b9fe-211923c7b7bb/datanode-10/data/ratis] (custom)
2023-12-10 08:55:33,334 [739b2b9a-4a10-4b30-8d82-41f2f3567ae9-groupManagement] INFO  storage.RaftStorageDirectory (RaftStorageDirectoryImpl.java:analyzeStorage(138)) - The storage directory /home/runner/work/ozone/ozone/hadoop-ozone/integration-test/target/test-dir/MiniOzoneClusterImpl-7f66dfcd-4d84-4460-b9fe-211923c7b7bb/datanode-10/data/ratis/c57ae688-d220-43e9-9321-6a927a491976 does not exist. Creating ...
2023-12-10 08:55:33,335 [739b2b9a-4a10-4b30-8d82-41f2f3567ae9-groupManagement] INFO  storage.RaftStorageDirectory (RaftStorageDirectoryImpl.java:tryLock(232)) - Lock on /home/runner/work/ozone/ozone/hadoop-ozone/integration-test/target/test-dir/MiniOzoneClusterImpl-7f66dfcd-4d84-4460-b9fe-211923c7b7bb/datanode-10/data/ratis/c57ae688-d220-43e9-9321-6a927a491976/in_use.lock acquired by nodename 49456@fv-az1041-125
2023-12-10 08:55:33,337 [739b2b9a-4a10-4b30-8d82-41f2f3567ae9-groupManagement] INFO  storage.RaftStorage (RaftStorageImpl.java:format(97)) - Storage directory /home/runner/work/ozone/ozone/hadoop-ozone/integration-test/target/test-dir/MiniOzoneClusterImpl-7f66dfcd-4d84-4460-b9fe-211923c7b7bb/datanode-10/data/ratis/c57ae688-d220-43e9-9321-6a927a491976 has been successfully formatted.
2023-12-10 08:55:33,337 [739b2b9a-4a10-4b30-8d82-41f2f3567ae9-groupManagement] INFO  ratis.ContainerStateMachine (ContainerStateMachine.java:loadSnapshot(269)) - group-6A927A491976: The snapshot info is null. Setting the last applied indexto:(t:0, i:~)
2023-12-10 08:55:33,337 [739b2b9a-4a10-4b30-8d82-41f2f3567ae9-groupManagement] INFO  server.RaftServerConfigKeys (ConfUtils.java:logGet(46)) - raft.server.log.use.memory = false (default)
2023-12-10 08:55:33,337 [739b2b9a-4a10-4b30-8d82-41f2f3567ae9-groupManagement] INFO  server.RaftServerConfigKeys (ConfUtils.java:logGet(46)) - raft.server.log.purge.gap = 1000000 (custom)
2023-12-10 08:55:33,337 [739b2b9a-4a10-4b30-8d82-41f2f3567ae9-groupManagement] INFO  server.RaftServerConfigKeys (ConfUtils.java:logGet(46)) - raft.server.log.appender.buffer.byte-limit = 8388608 (custom)
2023-12-10 08:55:33,337 [739b2b9a-4a10-4b30-8d82-41f2f3567ae9-groupManagement] INFO  server.RaftServerConfigKeys (ConfUtils.java:logGet(46)) - raft.server.log.statemachine.data.read.timeout = 1000ms (default)
2023-12-10 08:55:33,337 [739b2b9a-4a10-4b30-8d82-41f2f3567ae9-groupManagement] INFO  server.RaftServerConfigKeys (ConfUtils.java:logGet(46)) - raft.server.log.purge.preservation.log.num = 0 (default)
2023-12-10 08:55:33,339 [739b2b9a-4a10-4b30-8d82-41f2f3567ae9-groupManagement] INFO  server.RaftServerConfigKeys (ConfUtils.java:logGet(46)) - raft.server.log.segment.size.max = 67108864 (custom)
2023-12-10 08:55:33,339 [739b2b9a-4a10-4b30-8d82-41f2f3567ae9-groupManagement] INFO  server.RaftServerConfigKeys (ConfUtils.java:logGet(46)) - raft.server.log.segment.cache.num.max = 2 (custom)
2023-12-10 08:55:33,339 [739b2b9a-4a10-4b30-8d82-41f2f3567ae9-groupManagement] INFO  server.RaftServerConfigKeys (ConfUtils.java:logGet(46)) - raft.server.log.segment.cache.size.max = 200MB (=209715200) (default)
2023-12-10 08:55:33,339 [739b2b9a-4a10-4b30-8d82-41f2f3567ae9-groupManagement] INFO  server.RaftServerConfigKeys (ConfUtils.java:logGet(46)) - raft.server.log.appender.buffer.byte-limit = 8388608 (custom)
2023-12-10 08:55:33,340 [739b2b9a-4a10-4b30-8d82-41f2f3567ae9-groupManagement] INFO  util.AwaitToRun (AwaitToRun.java:start(81)) - Thread[739b2b9a-4a10-4b30-8d82-41f2f3567ae9@group-6A927A491976-cacheEviction-AwaitToRun,5,main] started
2023-12-10 08:55:33,340 [739b2b9a-4a10-4b30-8d82-41f2f3567ae9-groupManagement] INFO  segmented.SegmentedRaftLogWorker (SegmentedRaftLogWorker.java:<init>(184)) - new 739b2b9a-4a10-4b30-8d82-41f2f3567ae9@group-6A927A491976-SegmentedRaftLogWorker for RaftStorageImpl:Storage Directory /home/runner/work/ozone/ozone/hadoop-ozone/integration-test/target/test-dir/MiniOzoneClusterImpl-7f66dfcd-4d84-4460-b9fe-211923c7b7bb/datanode-10/data/ratis/c57ae688-d220-43e9-9321-6a927a491976
2023-12-10 08:55:33,340 [739b2b9a-4a10-4b30-8d82-41f2f3567ae9-groupManagement] INFO  server.RaftServerConfigKeys (ConfUtils.java:logGet(46)) - raft.server.log.queue.byte-limit = 4294967296 (custom)
2023-12-10 08:55:33,340 [739b2b9a-4a10-4b30-8d82-41f2f3567ae9-groupManagement] INFO  server.RaftServerConfigKeys (ConfUtils.java:logGet(46)) - raft.server.log.queue.element-limit = 1024 (custom)
2023-12-10 08:55:33,340 [739b2b9a-4a10-4b30-8d82-41f2f3567ae9-groupManagement] INFO  server.RaftServerConfigKeys (ConfUtils.java:logGet(46)) - raft.server.log.segment.size.max = 67108864 (custom)
2023-12-10 08:55:33,341 [739b2b9a-4a10-4b30-8d82-41f2f3567ae9-groupManagement] INFO  server.RaftServerConfigKeys (ConfUtils.java:logGet(46)) - raft.server.log.preallocated.size = 4194304 (custom)
2023-12-10 08:55:33,341 [739b2b9a-4a10-4b30-8d82-41f2f3567ae9-groupManagement] INFO  server.RaftServerConfigKeys (ConfUtils.java:logGet(46)) - raft.server.log.force.sync.num = 128 (default)
2023-12-10 08:55:33,341 [739b2b9a-4a10-4b30-8d82-41f2f3567ae9-groupManagement] INFO  server.RaftServerConfigKeys (ConfUtils.java:logGet(46)) - raft.server.log.statemachine.data.sync = true (default)
2023-12-10 08:55:33,341 [739b2b9a-4a10-4b30-8d82-41f2f3567ae9-groupManagement] INFO  server.RaftServerConfigKeys (ConfUtils.java:logGet(46)) - raft.server.log.statemachine.data.sync.timeout = 10s (default)
2023-12-10 08:55:33,341 [739b2b9a-4a10-4b30-8d82-41f2f3567ae9-groupManagement] INFO  server.RaftServerConfigKeys (ConfUtils.java:logGet(46)) - raft.server.log.statemachine.data.sync.timeout.retry = 0 (custom)
2023-12-10 08:55:33,342 [739b2b9a-4a10-4b30-8d82-41f2f3567ae9-groupManagement] INFO  server.RaftServerConfigKeys (ConfUtils.java:logGet(46)) - raft.server.log.write.buffer.size = 8388616 (custom)
2023-12-10 08:55:33,344 [739b2b9a-4a10-4b30-8d82-41f2f3567ae9-groupManagement] INFO  server.RaftServerConfigKeys (ConfUtils.java:logGet(46)) - raft.server.log.appender.buffer.byte-limit = 8388608 (custom)
2023-12-10 08:55:33,344 [739b2b9a-4a10-4b30-8d82-41f2f3567ae9-groupManagement] INFO  server.RaftServerConfigKeys (ConfUtils.java:logGet(46)) - raft.server.log.unsafe-flush.enabled = false (default)
2023-12-10 08:55:33,344 [739b2b9a-4a10-4b30-8d82-41f2f3567ae9-groupManagement] INFO  server.RaftServerConfigKeys (ConfUtils.java:logGet(46)) - raft.server.log.async-flush.enabled = false (default)
2023-12-10 08:55:33,344 [739b2b9a-4a10-4b30-8d82-41f2f3567ae9-groupManagement] INFO  server.RaftServerConfigKeys (ConfUtils.java:logGet(46)) - raft.server.log.statemachine.data.caching.enabled = true (custom)
2023-12-10 08:55:33,345 [739b2b9a-4a10-4b30-8d82-41f2f3567ae9-groupManagement] INFO  segmented.SegmentedRaftLogWorker (SegmentedRaftLogWorker.java:lambda$new$0(135)) - 739b2b9a-4a10-4b30-8d82-41f2f3567ae9@group-6A927A491976-SegmentedRaftLogWorker: flushIndex: setUnconditionally 0 -> -1
2023-12-10 08:55:33,345 [739b2b9a-4a10-4b30-8d82-41f2f3567ae9-groupManagement] INFO  segmented.SegmentedRaftLogWorker (SegmentedRaftLogWorker.java:lambda$new$0(135)) - 739b2b9a-4a10-4b30-8d82-41f2f3567ae9@group-6A927A491976-SegmentedRaftLogWorker: safeCacheEvictIndex: setUnconditionally 0 -> -1
2023-12-10 08:55:33,353 [739b2b9a-4a10-4b30-8d82-41f2f3567ae9-groupManagement] INFO  server.RaftServer$Division (RaftServerImpl.java:start(392)) - 739b2b9a-4a10-4b30-8d82-41f2f3567ae9@group-6A927A491976: start as a follower, conf=-1: peers:[739b2b9a-4a10-4b30-8d82-41f2f3567ae9|10.1.0.29:15104, 1325fac8-4950-4fd4-a580-526da936db2d|10.1.0.29:15113, 9d33b5cf-046b-45d3-8518-fd69107da003|10.1.0.29:15095]|listeners:[], old=null
2023-12-10 08:55:33,353 [739b2b9a-4a10-4b30-8d82-41f2f3567ae9-groupManagement] INFO  server.RaftServer$Division (RaftServerImpl.java:setRole(379)) - 739b2b9a-4a10-4b30-8d82-41f2f3567ae9@group-6A927A491976: changes role from      null to FOLLOWER at term 0 for startAsFollower
2023-12-10 08:55:33,353 [739b2b9a-4a10-4b30-8d82-41f2f3567ae9-groupManagement] INFO  impl.RoleInfo (RoleInfo.java:updateAndGet(139)) - 739b2b9a-4a10-4b30-8d82-41f2f3567ae9: start 739b2b9a-4a10-4b30-8d82-41f2f3567ae9@group-6A927A491976-FollowerState
2023-12-10 08:55:33,354 [739b2b9a-4a10-4b30-8d82-41f2f3567ae9-groupManagement] INFO  util.JmxRegister (JmxRegister.java:tryRegister(44)) - Successfully registered JMX Bean with object name Ratis:service=RaftServer,group=group-6A927A491976,id=739b2b9a-4a10-4b30-8d82-41f2f3567ae9
2023-12-10 08:55:33,354 [739b2b9a-4a10-4b30-8d82-41f2f3567ae9-groupManagement] INFO  server.RaftServerConfigKeys (ConfUtils.java:logGet(46)) - raft.server.snapshot.trigger-when-stop.enabled = true (default)
2023-12-10 08:55:33,354 [739b2b9a-4a10-4b30-8d82-41f2f3567ae9-groupManagement] INFO  server.RaftServerConfigKeys (ConfUtils.java:logGet(46)) - raft.server.snapshot.auto.trigger.enabled = true (custom)
2023-12-10 08:55:33,354 [739b2b9a-4a10-4b30-8d82-41f2f3567ae9-groupManagement] INFO  server.RaftServerConfigKeys (ConfUtils.java:logGet(46)) - raft.server.snapshot.auto.trigger.threshold = 10000 (custom)
2023-12-10 08:55:33,354 [739b2b9a-4a10-4b30-8d82-41f2f3567ae9-groupManagement] INFO  server.RaftServerConfigKeys (ConfUtils.java:logGet(46)) - raft.server.snapshot.retention.file.num = 5 (custom)
2023-12-10 08:55:33,354 [739b2b9a-4a10-4b30-8d82-41f2f3567ae9-groupManagement] INFO  server.RaftServerConfigKeys (ConfUtils.java:logGet(46)) - raft.server.log.purge.upto.snapshot.index = false (default)
2023-12-10 08:55:33,355 [739b2b9a-4a10-4b30-8d82-41f2f3567ae9@group-6A927A491976-FollowerState] INFO  server.RaftServerConfigKeys (ConfUtils.java:logFallback(53)) - raft.server.rpc.first-election.timeout.min = 5s (fallback to raft.server.rpc.timeout.min)
2023-12-10 08:55:33,355 [739b2b9a-4a10-4b30-8d82-41f2f3567ae9@group-6A927A491976-FollowerState] INFO  server.RaftServerConfigKeys (ConfUtils.java:logFallback(53)) - raft.server.rpc.first-election.timeout.max = 5200ms (fallback to raft.server.rpc.timeout.max)
2023-12-10 08:55:33,388 [739b2b9a-4a10-4b30-8d82-41f2f3567ae9-PipelineCommandHandlerThread-0] INFO  commandhandler.CreatePipelineCommandHandler (CreatePipelineCommandHandler.java:lambda$handle$2(124)) - Created Pipeline RATIS THREE PipelineID=f61d75ec-e88f-4c7b-915f-8b162c13ffa2.
2023-12-10 08:55:33,390 [1325fac8-4950-4fd4-a580-526da936db2d-groupManagement] INFO  server.RaftServer$Division (RaftServerImpl.java:<init>(256)) - 1325fac8-4950-4fd4-a580-526da936db2d: new RaftServerImpl for group-6A927A491976:[739b2b9a-4a10-4b30-8d82-41f2f3567ae9|10.1.0.29:15104, 1325fac8-4950-4fd4-a580-526da936db2d|10.1.0.29:15113, 9d33b5cf-046b-45d3-8518-fd69107da003|10.1.0.29:15095] with ContainerStateMachine:uninitialized
2023-12-10 08:55:33,390 [1325fac8-4950-4fd4-a580-526da936db2d-groupManagement] INFO  server.RaftServerConfigKeys (ConfUtils.java:logGet(46)) - raft.server.rpc.timeout.min = 5s (custom)
2023-12-10 08:55:33,391 [1325fac8-4950-4fd4-a580-526da936db2d-groupManagement] INFO  server.RaftServerConfigKeys (ConfUtils.java:logGet(46)) - raft.server.rpc.timeout.max = 5200ms (custom)
2023-12-10 08:55:33,391 [1325fac8-4950-4fd4-a580-526da936db2d-groupManagement] INFO  server.RaftServerConfigKeys (ConfUtils.java:logGet(46)) - raft.server.rpc.sleep.time = 25ms (default)
2023-12-10 08:55:33,391 [1325fac8-4950-4fd4-a580-526da936db2d-groupManagement] INFO  server.RaftServerConfigKeys (ConfUtils.java:logGet(46)) - raft.server.rpc.slowness.timeout = 300s (custom)
2023-12-10 08:55:33,391 [1325fac8-4950-4fd4-a580-526da936db2d-groupManagement] INFO  server.RaftServerConfigKeys (ConfUtils.java:logGet(46)) - raft.server.leaderelection.leader.step-down.wait-time = 10s (default)
2023-12-10 08:55:33,391 [1325fac8-4950-4fd4-a580-526da936db2d-groupManagement] INFO  server.RaftServerConfigKeys (ConfUtils.java:logGet(46)) - raft.server.leaderelection.member.majority-add = false (default)
2023-12-10 08:55:33,391 [1325fac8-4950-4fd4-a580-526da936db2d-groupManagement] INFO  server.RaftServerConfigKeys (ConfUtils.java:logGet(46)) - raft.server.sleep.deviation.threshold = 300ms (default)
2023-12-10 08:55:33,391 [1325fac8-4950-4fd4-a580-526da936db2d-groupManagement] INFO  server.RaftServer$Division (ServerState.java:<init>(113)) - 1325fac8-4950-4fd4-a580-526da936db2d@group-6A927A491976: ConfigurationManager, init=-1: peers:[739b2b9a-4a10-4b30-8d82-41f2f3567ae9|10.1.0.29:15104, 1325fac8-4950-4fd4-a580-526da936db2d|10.1.0.29:15113, 9d33b5cf-046b-45d3-8518-fd69107da003|10.1.0.29:15095]|listeners:[], old=null, confs=<EMPTY_MAP>
2023-12-10 08:55:33,391 [1325fac8-4950-4fd4-a580-526da936db2d-groupManagement] INFO  server.RaftServerConfigKeys (ConfUtils.java:logGet(46)) - raft.server.notification.no-leader.timeout = 300s (custom)
2023-12-10 08:55:33,391 [1325fac8-4950-4fd4-a580-526da936db2d-groupManagement] INFO  server.RaftServerConfigKeys (ConfUtils.java:logGet(46)) - raft.server.read.timeout = 10s (default)
2023-12-10 08:55:33,391 [1325fac8-4950-4fd4-a580-526da936db2d-groupManagement] INFO  server.RaftServerConfigKeys (ConfUtils.java:logGet(46)) - raft.server.retrycache.expirytime = 600000ms (custom)
2023-12-10 08:55:33,391 [1325fac8-4950-4fd4-a580-526da936db2d-groupManagement] INFO  server.RaftServerConfigKeys (ConfUtils.java:logGet(46)) - raft.server.retrycache.statistics.expirytime = 100ms (default)
2023-12-10 08:55:33,392 [1325fac8-4950-4fd4-a580-526da936db2d-groupManagement] INFO  server.RaftServerConfigKeys (ConfUtils.java:logGet(46)) - raft.server.read.option = DEFAULT (default)
2023-12-10 08:55:33,392 [1325fac8-4950-4fd4-a580-526da936db2d-groupManagement] INFO  server.RaftServerConfigKeys (ConfUtils.java:logGet(46)) - raft.server.read.read-after-write-consistent.write-index-cache.expiry-time = 60s (default)
2023-12-10 08:55:33,393 [1325fac8-4950-4fd4-a580-526da936db2d-PipelineCommandHandlerThread-0] INFO  server.RaftServer (RaftServerProxy.java:addNew(100)) - 1325fac8-4950-4fd4-a580-526da936db2d: addNew group-6A927A491976:[739b2b9a-4a10-4b30-8d82-41f2f3567ae9|10.1.0.29:15104, 1325fac8-4950-4fd4-a580-526da936db2d|10.1.0.29:15113, 9d33b5cf-046b-45d3-8518-fd69107da003|10.1.0.29:15095] returns group-6A927A491976:java.util.concurrent.CompletableFuture@1e4611ba[Not completed]
2023-12-10 08:55:33,396 [1325fac8-4950-4fd4-a580-526da936db2d-groupManagement] INFO  server.RaftServerConfigKeys (ConfUtils.java:logGet(46)) - raft.server.rpc.request.timeout = 60s (custom)
2023-12-10 08:55:33,396 [1325fac8-4950-4fd4-a580-526da936db2d-groupManagement] INFO  server.RaftServerConfigKeys (ConfUtils.java:logGet(46)) - raft.server.log.appender.install.snapshot.enabled = false (custom)
2023-12-10 08:55:33,396 [1325fac8-4950-4fd4-a580-526da936db2d-groupManagement] INFO  server.RaftServerConfigKeys (ConfUtils.java:logGet(46)) - raft.server.threadpool.server.cached = true (default)
2023-12-10 08:55:33,396 [1325fac8-4950-4fd4-a580-526da936db2d-groupManagement] INFO  server.RaftServerConfigKeys (ConfUtils.java:logGet(46)) - raft.server.threadpool.server.size = 0 (default)
2023-12-10 08:55:33,396 [1325fac8-4950-4fd4-a580-526da936db2d-groupManagement] INFO  server.RaftServerConfigKeys (ConfUtils.java:logGet(46)) - raft.server.threadpool.client.cached = true (default)
2023-12-10 08:55:33,396 [1325fac8-4950-4fd4-a580-526da936db2d-groupManagement] INFO  server.RaftServerConfigKeys (ConfUtils.java:logGet(46)) - raft.server.threadpool.client.size = 0 (default)
2023-12-10 08:55:33,396 [1325fac8-4950-4fd4-a580-526da936db2d-groupManagement] INFO  server.RaftServerConfigKeys (ConfUtils.java:logGet(46)) - raft.server.storage.free-space.min = 0MB (=0) (default)
2023-12-10 08:55:33,396 [1325fac8-4950-4fd4-a580-526da936db2d-groupManagement] INFO  server.RaftServerConfigKeys (ConfUtils.java:logGet(46)) - raft.server.log.corruption.policy = EXCEPTION (default)
2023-12-10 08:55:33,396 [1325fac8-4950-4fd4-a580-526da936db2d-groupManagement] INFO  server.RaftServerConfigKeys (ConfUtils.java:logGet(46)) - raft.server.storage.dir = [/home/runner/work/ozone/ozone/hadoop-ozone/integration-test/target/test-dir/MiniOzoneClusterImpl-7f66dfcd-4d84-4460-b9fe-211923c7b7bb/datanode-11/data/ratis] (custom)
2023-12-10 08:55:33,396 [1325fac8-4950-4fd4-a580-526da936db2d-groupManagement] INFO  storage.RaftStorageDirectory (RaftStorageDirectoryImpl.java:analyzeStorage(138)) - The storage directory /home/runner/work/ozone/ozone/hadoop-ozone/integration-test/target/test-dir/MiniOzoneClusterImpl-7f66dfcd-4d84-4460-b9fe-211923c7b7bb/datanode-11/data/ratis/c57ae688-d220-43e9-9321-6a927a491976 does not exist. Creating ...
2023-12-10 08:55:33,402 [1325fac8-4950-4fd4-a580-526da936db2d-groupManagement] INFO  storage.RaftStorageDirectory (RaftStorageDirectoryImpl.java:tryLock(232)) - Lock on /home/runner/work/ozone/ozone/hadoop-ozone/integration-test/target/test-dir/MiniOzoneClusterImpl-7f66dfcd-4d84-4460-b9fe-211923c7b7bb/datanode-11/data/ratis/c57ae688-d220-43e9-9321-6a927a491976/in_use.lock acquired by nodename 49456@fv-az1041-125
2023-12-10 08:55:33,403 [1325fac8-4950-4fd4-a580-526da936db2d-groupManagement] INFO  storage.RaftStorage (RaftStorageImpl.java:format(97)) - Storage directory /home/runner/work/ozone/ozone/hadoop-ozone/integration-test/target/test-dir/MiniOzoneClusterImpl-7f66dfcd-4d84-4460-b9fe-211923c7b7bb/datanode-11/data/ratis/c57ae688-d220-43e9-9321-6a927a491976 has been successfully formatted.
2023-12-10 08:55:33,408 [1325fac8-4950-4fd4-a580-526da936db2d-groupManagement] INFO  ratis.ContainerStateMachine (ContainerStateMachine.java:loadSnapshot(269)) - group-6A927A491976: The snapshot info is null. Setting the last applied indexto:(t:0, i:~)
2023-12-10 08:55:33,408 [1325fac8-4950-4fd4-a580-526da936db2d-groupManagement] INFO  server.RaftServerConfigKeys (ConfUtils.java:logGet(46)) - raft.server.log.use.memory = false (default)
2023-12-10 08:55:33,408 [1325fac8-4950-4fd4-a580-526da936db2d-groupManagement] INFO  server.RaftServerConfigKeys (ConfUtils.java:logGet(46)) - raft.server.log.purge.gap = 1000000 (custom)
2023-12-10 08:55:33,408 [1325fac8-4950-4fd4-a580-526da936db2d-groupManagement] INFO  server.RaftServerConfigKeys (ConfUtils.java:logGet(46)) - raft.server.log.appender.buffer.byte-limit = 8388608 (custom)
2023-12-10 08:55:33,409 [1325fac8-4950-4fd4-a580-526da936db2d-groupManagement] INFO  server.RaftServerConfigKeys (ConfUtils.java:logGet(46)) - raft.server.log.statemachine.data.read.timeout = 1000ms (default)
2023-12-10 08:55:33,409 [1325fac8-4950-4fd4-a580-526da936db2d-groupManagement] INFO  server.RaftServerConfigKeys (ConfUtils.java:logGet(46)) - raft.server.log.purge.preservation.log.num = 0 (default)
2023-12-10 08:55:33,409 [9d33b5cf-046b-45d3-8518-fd69107da003-PipelineCommandHandlerThread-0] INFO  commandhandler.CreatePipelineCommandHandler (CreatePipelineCommandHandler.java:lambda$handle$2(124)) - Created Pipeline RATIS THREE PipelineID=c57ae688-d220-43e9-9321-6a927a491976.
2023-12-10 08:55:33,411 [1325fac8-4950-4fd4-a580-526da936db2d-groupManagement] INFO  server.RaftServerConfigKeys (ConfUtils.java:logGet(46)) - raft.server.log.segment.size.max = 67108864 (custom)
2023-12-10 08:55:33,411 [1325fac8-4950-4fd4-a580-526da936db2d-groupManagement] INFO  server.RaftServerConfigKeys (ConfUtils.java:logGet(46)) - raft.server.log.segment.cache.num.max = 2 (custom)
2023-12-10 08:55:33,411 [1325fac8-4950-4fd4-a580-526da936db2d-groupManagement] INFO  server.RaftServerConfigKeys (ConfUtils.java:logGet(46)) - raft.server.log.segment.cache.size.max = 200MB (=209715200) (default)
2023-12-10 08:55:33,411 [1325fac8-4950-4fd4-a580-526da936db2d-groupManagement] INFO  server.RaftServerConfigKeys (ConfUtils.java:logGet(46)) - raft.server.log.appender.buffer.byte-limit = 8388608 (custom)
2023-12-10 08:55:33,412 [1325fac8-4950-4fd4-a580-526da936db2d-groupManagement] INFO  util.AwaitToRun (AwaitToRun.java:start(81)) - Thread[1325fac8-4950-4fd4-a580-526da936db2d@group-6A927A491976-cacheEviction-AwaitToRun,5,main] started
2023-12-10 08:55:33,412 [1325fac8-4950-4fd4-a580-526da936db2d-groupManagement] INFO  segmented.SegmentedRaftLogWorker (SegmentedRaftLogWorker.java:<init>(184)) - new 1325fac8-4950-4fd4-a580-526da936db2d@group-6A927A491976-SegmentedRaftLogWorker for RaftStorageImpl:Storage Directory /home/runner/work/ozone/ozone/hadoop-ozone/integration-test/target/test-dir/MiniOzoneClusterImpl-7f66dfcd-4d84-4460-b9fe-211923c7b7bb/datanode-11/data/ratis/c57ae688-d220-43e9-9321-6a927a491976
2023-12-10 08:55:33,412 [1325fac8-4950-4fd4-a580-526da936db2d-groupManagement] INFO  server.RaftServerConfigKeys (ConfUtils.java:logGet(46)) - raft.server.log.queue.byte-limit = 4294967296 (custom)
2023-12-10 08:55:33,412 [1325fac8-4950-4fd4-a580-526da936db2d-groupManagement] INFO  server.RaftServerConfigKeys (ConfUtils.java:logGet(46)) - raft.server.log.queue.element-limit = 1024 (custom)
2023-12-10 08:55:33,412 [1325fac8-4950-4fd4-a580-526da936db2d-groupManagement] INFO  server.RaftServerConfigKeys (ConfUtils.java:logGet(46)) - raft.server.log.segment.size.max = 67108864 (custom)
2023-12-10 08:55:33,412 [1325fac8-4950-4fd4-a580-526da936db2d-groupManagement] INFO  server.RaftServerConfigKeys (ConfUtils.java:logGet(46)) - raft.server.log.preallocated.size = 4194304 (custom)
2023-12-10 08:55:33,412 [1325fac8-4950-4fd4-a580-526da936db2d-groupManagement] INFO  server.RaftServerConfigKeys (ConfUtils.java:logGet(46)) - raft.server.log.force.sync.num = 128 (default)
2023-12-10 08:55:33,412 [1325fac8-4950-4fd4-a580-526da936db2d-groupManagement] INFO  server.RaftServerConfigKeys (ConfUtils.java:logGet(46)) - raft.server.log.statemachine.data.sync = true (default)
2023-12-10 08:55:33,412 [1325fac8-4950-4fd4-a580-526da936db2d-groupManagement] INFO  server.RaftServerConfigKeys (ConfUtils.java:logGet(46)) - raft.server.log.statemachine.data.sync.timeout = 10s (default)
2023-12-10 08:55:33,412 [1325fac8-4950-4fd4-a580-526da936db2d-groupManagement] INFO  server.RaftServerConfigKeys (ConfUtils.java:logGet(46)) - raft.server.log.statemachine.data.sync.timeout.retry = 0 (custom)
2023-12-10 08:55:33,412 [1325fac8-4950-4fd4-a580-526da936db2d-groupManagement] INFO  server.RaftServerConfigKeys (ConfUtils.java:logGet(46)) - raft.server.log.write.buffer.size = 8388616 (custom)
2023-12-10 08:55:33,414 [1325fac8-4950-4fd4-a580-526da936db2d-groupManagement] INFO  server.RaftServerConfigKeys (ConfUtils.java:logGet(46)) - raft.server.log.appender.buffer.byte-limit = 8388608 (custom)
2023-12-10 08:55:33,414 [1325fac8-4950-4fd4-a580-526da936db2d-groupManagement] INFO  server.RaftServerConfigKeys (ConfUtils.java:logGet(46)) - raft.server.log.unsafe-flush.enabled = false (default)
2023-12-10 08:55:33,414 [1325fac8-4950-4fd4-a580-526da936db2d-groupManagement] INFO  server.RaftServerConfigKeys (ConfUtils.java:logGet(46)) - raft.server.log.async-flush.enabled = false (default)
2023-12-10 08:55:33,414 [1325fac8-4950-4fd4-a580-526da936db2d-groupManagement] INFO  server.RaftServerConfigKeys (ConfUtils.java:logGet(46)) - raft.server.log.statemachine.data.caching.enabled = true (custom)
2023-12-10 08:55:33,414 [1325fac8-4950-4fd4-a580-526da936db2d-groupManagement] INFO  segmented.SegmentedRaftLogWorker (SegmentedRaftLogWorker.java:lambda$new$0(135)) - 1325fac8-4950-4fd4-a580-526da936db2d@group-6A927A491976-SegmentedRaftLogWorker: flushIndex: setUnconditionally 0 -> -1
2023-12-10 08:55:33,414 [1325fac8-4950-4fd4-a580-526da936db2d-groupManagement] INFO  segmented.SegmentedRaftLogWorker (SegmentedRaftLogWorker.java:lambda$new$0(135)) - 1325fac8-4950-4fd4-a580-526da936db2d@group-6A927A491976-SegmentedRaftLogWorker: safeCacheEvictIndex: setUnconditionally 0 -> -1
2023-12-10 08:55:33,415 [1325fac8-4950-4fd4-a580-526da936db2d-groupManagement] INFO  server.RaftServer$Division (RaftServerImpl.java:start(392)) - 1325fac8-4950-4fd4-a580-526da936db2d@group-6A927A491976: start as a follower, conf=-1: peers:[739b2b9a-4a10-4b30-8d82-41f2f3567ae9|10.1.0.29:15104, 1325fac8-4950-4fd4-a580-526da936db2d|10.1.0.29:15113, 9d33b5cf-046b-45d3-8518-fd69107da003|10.1.0.29:15095]|listeners:[], old=null
2023-12-10 08:55:33,415 [1325fac8-4950-4fd4-a580-526da936db2d-groupManagement] INFO  server.RaftServer$Division (RaftServerImpl.java:setRole(379)) - 1325fac8-4950-4fd4-a580-526da936db2d@group-6A927A491976: changes role from      null to FOLLOWER at term 0 for startAsFollower
2023-12-10 08:55:33,415 [1325fac8-4950-4fd4-a580-526da936db2d-groupManagement] INFO  impl.RoleInfo (RoleInfo.java:updateAndGet(139)) - 1325fac8-4950-4fd4-a580-526da936db2d: start 1325fac8-4950-4fd4-a580-526da936db2d@group-6A927A491976-FollowerState
2023-12-10 08:55:33,418 [1325fac8-4950-4fd4-a580-526da936db2d@group-6A927A491976-FollowerState] INFO  server.RaftServerConfigKeys (ConfUtils.java:logFallback(53)) - raft.server.rpc.first-election.timeout.min = 5s (fallback to raft.server.rpc.timeout.min)
2023-12-10 08:55:33,418 [1325fac8-4950-4fd4-a580-526da936db2d@group-6A927A491976-FollowerState] INFO  server.RaftServerConfigKeys (ConfUtils.java:logFallback(53)) - raft.server.rpc.first-election.timeout.max = 5200ms (fallback to raft.server.rpc.timeout.max)
2023-12-10 08:55:33,418 [1325fac8-4950-4fd4-a580-526da936db2d-groupManagement] INFO  util.JmxRegister (JmxRegister.java:tryRegister(44)) - Successfully registered JMX Bean with object name Ratis:service=RaftServer,group=group-6A927A491976,id=1325fac8-4950-4fd4-a580-526da936db2d
2023-12-10 08:55:33,419 [1325fac8-4950-4fd4-a580-526da936db2d-groupManagement] INFO  server.RaftServerConfigKeys (ConfUtils.java:logGet(46)) - raft.server.snapshot.trigger-when-stop.enabled = true (default)
2023-12-10 08:55:33,419 [1325fac8-4950-4fd4-a580-526da936db2d-groupManagement] INFO  server.RaftServerConfigKeys (ConfUtils.java:logGet(46)) - raft.server.snapshot.auto.trigger.enabled = true (custom)
2023-12-10 08:55:33,419 [1325fac8-4950-4fd4-a580-526da936db2d-groupManagement] INFO  server.RaftServerConfigKeys (ConfUtils.java:logGet(46)) - raft.server.snapshot.auto.trigger.threshold = 10000 (custom)
2023-12-10 08:55:33,419 [1325fac8-4950-4fd4-a580-526da936db2d-groupManagement] INFO  server.RaftServerConfigKeys (ConfUtils.java:logGet(46)) - raft.server.snapshot.retention.file.num = 5 (custom)
2023-12-10 08:55:33,419 [1325fac8-4950-4fd4-a580-526da936db2d-groupManagement] INFO  server.RaftServerConfigKeys (ConfUtils.java:logGet(46)) - raft.server.log.purge.upto.snapshot.index = false (default)
2023-12-10 08:55:33,420 [1325fac8-4950-4fd4-a580-526da936db2d-PipelineCommandHandlerThread-0] INFO  ratis.XceiverServerRatis (XceiverServerRatis.java:addGroup(837)) - Created group PipelineID=c57ae688-d220-43e9-9321-6a927a491976
2023-12-10 08:55:33,460 [1325fac8-4950-4fd4-a580-526da936db2d-PipelineCommandHandlerThread-0] INFO  commandhandler.CreatePipelineCommandHandler (CreatePipelineCommandHandler.java:lambda$handle$2(124)) - Created Pipeline RATIS THREE PipelineID=c57ae688-d220-43e9-9321-6a927a491976.
2023-12-10 08:55:33,605 [main] INFO  ozone.MiniOzoneClusterImpl (MiniOzoneClusterImpl.java:lambda$waitForClusterToBeReady$0(229)) - Nodes are ready. Got 14 of 14 DN Heartbeats.
2023-12-10 08:55:33,605 [main] INFO  ozone.MiniOzoneClusterImpl (MiniOzoneClusterImpl.java:lambda$waitForClusterToBeReady$0(232)) - Waiting for cluster to exit safe mode
2023-12-10 08:55:33,605 [main] INFO  ozone.MiniOzoneClusterImpl (MiniOzoneClusterImpl.java:lambda$waitForClusterToBeReady$0(234)) - SCM became leader
2023-12-10 08:55:34,605 [main] INFO  ozone.MiniOzoneClusterImpl (MiniOzoneClusterImpl.java:lambda$waitForClusterToBeReady$0(229)) - Nodes are ready. Got 14 of 14 DN Heartbeats.
2023-12-10 08:55:34,605 [main] INFO  ozone.MiniOzoneClusterImpl (MiniOzoneClusterImpl.java:lambda$waitForClusterToBeReady$0(232)) - Waiting for cluster to exit safe mode
2023-12-10 08:55:34,606 [main] INFO  ozone.MiniOzoneClusterImpl (MiniOzoneClusterImpl.java:lambda$waitForClusterToBeReady$0(234)) - SCM became leader
2023-12-10 08:55:35,606 [main] INFO  ozone.MiniOzoneClusterImpl (MiniOzoneClusterImpl.java:lambda$waitForClusterToBeReady$0(229)) - Nodes are ready. Got 14 of 14 DN Heartbeats.
2023-12-10 08:55:35,606 [main] INFO  ozone.MiniOzoneClusterImpl (MiniOzoneClusterImpl.java:lambda$waitForClusterToBeReady$0(232)) - Waiting for cluster to exit safe mode
2023-12-10 08:55:35,606 [main] INFO  ozone.MiniOzoneClusterImpl (MiniOzoneClusterImpl.java:lambda$waitForClusterToBeReady$0(234)) - SCM became leader
2023-12-10 08:55:36,606 [main] INFO  ozone.MiniOzoneClusterImpl (MiniOzoneClusterImpl.java:lambda$waitForClusterToBeReady$0(229)) - Nodes are ready. Got 14 of 14 DN Heartbeats.
2023-12-10 08:55:36,607 [main] INFO  ozone.MiniOzoneClusterImpl (MiniOzoneClusterImpl.java:lambda$waitForClusterToBeReady$0(232)) - Waiting for cluster to exit safe mode
2023-12-10 08:55:36,607 [main] INFO  ozone.MiniOzoneClusterImpl (MiniOzoneClusterImpl.java:lambda$waitForClusterToBeReady$0(234)) - SCM became leader
2023-12-10 08:55:37,171 [ceafc0c7-af9d-4de4-ae81-ea841051c606@group-1CDC7742679F-FollowerState] INFO  impl.FollowerState (FollowerState.java:run(143)) - ceafc0c7-af9d-4de4-ae81-ea841051c606@group-1CDC7742679F-FollowerState: change to CANDIDATE, lastRpcElapsedTime:5124605901ns, electionTimeout:5124ms
2023-12-10 08:55:37,171 [ceafc0c7-af9d-4de4-ae81-ea841051c606@group-1CDC7742679F-FollowerState] INFO  impl.RoleInfo (RoleInfo.java:shutdownFollowerState(110)) - ceafc0c7-af9d-4de4-ae81-ea841051c606: shutdown ceafc0c7-af9d-4de4-ae81-ea841051c606@group-1CDC7742679F-FollowerState
2023-12-10 08:55:37,171 [ceafc0c7-af9d-4de4-ae81-ea841051c606@group-1CDC7742679F-FollowerState] INFO  server.RaftServer$Division (RaftServerImpl.java:setRole(379)) - ceafc0c7-af9d-4de4-ae81-ea841051c606@group-1CDC7742679F: changes role from  FOLLOWER to CANDIDATE at term 0 for changeToCandidate
2023-12-10 08:55:37,171 [ceafc0c7-af9d-4de4-ae81-ea841051c606@group-1CDC7742679F-FollowerState] INFO  server.RaftServerConfigKeys (ConfUtils.java:logGet(46)) - raft.server.leaderelection.pre-vote = true (default)
2023-12-10 08:55:37,171 [ceafc0c7-af9d-4de4-ae81-ea841051c606@group-1CDC7742679F-FollowerState] INFO  impl.RoleInfo (RoleInfo.java:updateAndGet(139)) - ceafc0c7-af9d-4de4-ae81-ea841051c606: start ceafc0c7-af9d-4de4-ae81-ea841051c606@group-1CDC7742679F-LeaderElection2
2023-12-10 08:55:37,173 [ceafc0c7-af9d-4de4-ae81-ea841051c606@group-1CDC7742679F-LeaderElection2] INFO  impl.LeaderElection (LeaderElection.java:askForVotes(323)) - ceafc0c7-af9d-4de4-ae81-ea841051c606@group-1CDC7742679F-LeaderElection2 PRE_VOTE round 0: submit vote requests at term 0 for -1: peers:[173e1c01-ab9b-4bd4-a1fb-1dc9b7180747|10.1.0.29:15032, edd7aebe-e713-4899-b982-ee5b12165735|10.1.0.29:15023, ceafc0c7-af9d-4de4-ae81-ea841051c606|10.1.0.29:15014]|listeners:[], old=null
2023-12-10 08:55:37,173 [edd7aebe-e713-4899-b982-ee5b12165735@group-1CDC7742679F-FollowerState] INFO  impl.FollowerState (FollowerState.java:run(143)) - edd7aebe-e713-4899-b982-ee5b12165735@group-1CDC7742679F-FollowerState: change to CANDIDATE, lastRpcElapsedTime:5019423652ns, electionTimeout:5016ms
2023-12-10 08:55:37,173 [edd7aebe-e713-4899-b982-ee5b12165735@group-1CDC7742679F-FollowerState] INFO  impl.RoleInfo (RoleInfo.java:shutdownFollowerState(110)) - edd7aebe-e713-4899-b982-ee5b12165735: shutdown edd7aebe-e713-4899-b982-ee5b12165735@group-1CDC7742679F-FollowerState
2023-12-10 08:55:37,174 [edd7aebe-e713-4899-b982-ee5b12165735@group-1CDC7742679F-FollowerState] INFO  server.RaftServer$Division (RaftServerImpl.java:setRole(379)) - edd7aebe-e713-4899-b982-ee5b12165735@group-1CDC7742679F: changes role from  FOLLOWER to CANDIDATE at term 0 for changeToCandidate
2023-12-10 08:55:37,174 [edd7aebe-e713-4899-b982-ee5b12165735@group-1CDC7742679F-FollowerState] INFO  server.RaftServerConfigKeys (ConfUtils.java:logGet(46)) - raft.server.leaderelection.pre-vote = true (default)
2023-12-10 08:55:37,174 [edd7aebe-e713-4899-b982-ee5b12165735@group-1CDC7742679F-FollowerState] INFO  impl.RoleInfo (RoleInfo.java:updateAndGet(139)) - edd7aebe-e713-4899-b982-ee5b12165735: start edd7aebe-e713-4899-b982-ee5b12165735@group-1CDC7742679F-LeaderElection3
2023-12-10 08:55:37,175 [edd7aebe-e713-4899-b982-ee5b12165735@group-1CDC7742679F-LeaderElection3] INFO  impl.LeaderElection (LeaderElection.java:askForVotes(323)) - edd7aebe-e713-4899-b982-ee5b12165735@group-1CDC7742679F-LeaderElection3 PRE_VOTE round 0: submit vote requests at term 0 for -1: peers:[173e1c01-ab9b-4bd4-a1fb-1dc9b7180747|10.1.0.29:15032, edd7aebe-e713-4899-b982-ee5b12165735|10.1.0.29:15023, ceafc0c7-af9d-4de4-ae81-ea841051c606|10.1.0.29:15014]|listeners:[], old=null
2023-12-10 08:55:37,179 [edd7aebe-e713-4899-b982-ee5b12165735@group-1CDC7742679F-LeaderElection3] INFO  server.RaftServerConfigKeys (ConfUtils.java:logFallback(53)) - raft.server.rpc.first-election.timeout.min = 5s (fallback to raft.server.rpc.timeout.min)
2023-12-10 08:55:37,179 [ceafc0c7-af9d-4de4-ae81-ea841051c606@group-1CDC7742679F-LeaderElection2] INFO  server.RaftServerConfigKeys (ConfUtils.java:logFallback(53)) - raft.server.rpc.first-election.timeout.min = 5s (fallback to raft.server.rpc.timeout.min)
2023-12-10 08:55:37,179 [edd7aebe-e713-4899-b982-ee5b12165735@group-1CDC7742679F-LeaderElection3] INFO  server.RaftServerConfigKeys (ConfUtils.java:logFallback(53)) - raft.server.rpc.first-election.timeout.max = 5200ms (fallback to raft.server.rpc.timeout.max)
2023-12-10 08:55:37,179 [ceafc0c7-af9d-4de4-ae81-ea841051c606@group-1CDC7742679F-LeaderElection2] INFO  server.RaftServerConfigKeys (ConfUtils.java:logFallback(53)) - raft.server.rpc.first-election.timeout.max = 5200ms (fallback to raft.server.rpc.timeout.max)
2023-12-10 08:55:37,180 [edd7aebe-e713-4899-b982-ee5b12165735@group-1CDC7742679F-LeaderElection3-1] INFO  server.GrpcServerProtocolClient (GrpcServerProtocolClient.java:<init>(65)) - Build channel for 173e1c01-ab9b-4bd4-a1fb-1dc9b7180747
2023-12-10 08:55:37,180 [ceafc0c7-af9d-4de4-ae81-ea841051c606@group-1CDC7742679F-LeaderElection2-1] INFO  server.GrpcServerProtocolClient (GrpcServerProtocolClient.java:<init>(65)) - Build channel for 173e1c01-ab9b-4bd4-a1fb-1dc9b7180747
2023-12-10 08:55:37,180 [edd7aebe-e713-4899-b982-ee5b12165735@group-1CDC7742679F-LeaderElection3-2] INFO  server.GrpcServerProtocolClient (GrpcServerProtocolClient.java:<init>(65)) - Build channel for ceafc0c7-af9d-4de4-ae81-ea841051c606
2023-12-10 08:55:37,181 [ceafc0c7-af9d-4de4-ae81-ea841051c606@group-1CDC7742679F-LeaderElection2-2] INFO  server.GrpcServerProtocolClient (GrpcServerProtocolClient.java:<init>(65)) - Build channel for edd7aebe-e713-4899-b982-ee5b12165735
2023-12-10 08:55:37,195 [grpc-default-executor-3] INFO  server.RaftServer$Division (RaftServerImpl.java:requestVote(1377)) - ceafc0c7-af9d-4de4-ae81-ea841051c606@group-1CDC7742679F: receive requestVote(PRE_VOTE, edd7aebe-e713-4899-b982-ee5b12165735, group-1CDC7742679F, 0, (t:0, i:0))
2023-12-10 08:55:37,196 [grpc-default-executor-0] INFO  server.RaftServer$Division (RaftServerImpl.java:requestVote(1377)) - edd7aebe-e713-4899-b982-ee5b12165735@group-1CDC7742679F: receive requestVote(PRE_VOTE, ceafc0c7-af9d-4de4-ae81-ea841051c606, group-1CDC7742679F, 0, (t:0, i:0))
2023-12-10 08:55:37,198 [grpc-default-executor-0] INFO  impl.VoteContext (VoteContext.java:log(49)) - edd7aebe-e713-4899-b982-ee5b12165735@group-1CDC7742679F-CANDIDATE: accept PRE_VOTE from ceafc0c7-af9d-4de4-ae81-ea841051c606: our priority 0 <= candidate's priority 1
2023-12-10 08:55:37,200 [grpc-default-executor-0] INFO  server.RaftServer$Division (RaftServerImpl.java:requestVote(1410)) - edd7aebe-e713-4899-b982-ee5b12165735@group-1CDC7742679F replies to PRE_VOTE vote request: ceafc0c7-af9d-4de4-ae81-ea841051c606<-edd7aebe-e713-4899-b982-ee5b12165735#0:OK-t0. Peer's state: edd7aebe-e713-4899-b982-ee5b12165735@group-1CDC7742679F:t0, leader=null, voted=, raftlog=Memoized:edd7aebe-e713-4899-b982-ee5b12165735@group-1CDC7742679F-SegmentedRaftLog:OPENED:c-1, conf=-1: peers:[173e1c01-ab9b-4bd4-a1fb-1dc9b7180747|10.1.0.29:15032, edd7aebe-e713-4899-b982-ee5b12165735|10.1.0.29:15023, ceafc0c7-af9d-4de4-ae81-ea841051c606|10.1.0.29:15014]|listeners:[], old=null
2023-12-10 08:55:37,201 [grpc-default-executor-2] INFO  server.RaftServer$Division (RaftServerImpl.java:requestVote(1377)) - 173e1c01-ab9b-4bd4-a1fb-1dc9b7180747@group-1CDC7742679F: receive requestVote(PRE_VOTE, edd7aebe-e713-4899-b982-ee5b12165735, group-1CDC7742679F, 0, (t:0, i:0))
2023-12-10 08:55:37,198 [grpc-default-executor-3] INFO  impl.VoteContext (VoteContext.java:log(49)) - ceafc0c7-af9d-4de4-ae81-ea841051c606@group-1CDC7742679F-CANDIDATE: reject PRE_VOTE from edd7aebe-e713-4899-b982-ee5b12165735: our priority 1 > candidate's priority 0
2023-12-10 08:55:37,202 [grpc-default-executor-3] INFO  server.RaftServer$Division (RaftServerImpl.java:requestVote(1410)) - ceafc0c7-af9d-4de4-ae81-ea841051c606@group-1CDC7742679F replies to PRE_VOTE vote request: edd7aebe-e713-4899-b982-ee5b12165735<-ceafc0c7-af9d-4de4-ae81-ea841051c606#0:FAIL-t0. Peer's state: ceafc0c7-af9d-4de4-ae81-ea841051c606@group-1CDC7742679F:t0, leader=null, voted=, raftlog=Memoized:ceafc0c7-af9d-4de4-ae81-ea841051c606@group-1CDC7742679F-SegmentedRaftLog:OPENED:c-1, conf=-1: peers:[173e1c01-ab9b-4bd4-a1fb-1dc9b7180747|10.1.0.29:15032, edd7aebe-e713-4899-b982-ee5b12165735|10.1.0.29:15023, ceafc0c7-af9d-4de4-ae81-ea841051c606|10.1.0.29:15014]|listeners:[], old=null
2023-12-10 08:55:37,201 [grpc-default-executor-2] INFO  impl.VoteContext (VoteContext.java:log(49)) - 173e1c01-ab9b-4bd4-a1fb-1dc9b7180747@group-1CDC7742679F-FOLLOWER: accept PRE_VOTE from edd7aebe-e713-4899-b982-ee5b12165735: our priority 0 <= candidate's priority 0
2023-12-10 08:55:37,206 [ceafc0c7-af9d-4de4-ae81-ea841051c606@group-1CDC7742679F-LeaderElection2] INFO  impl.LeaderElection (LeaderElection.java:logAndReturn(89)) - ceafc0c7-af9d-4de4-ae81-ea841051c606@group-1CDC7742679F-LeaderElection2: PRE_VOTE PASSED received 1 response(s) and 0 exception(s):
2023-12-10 08:55:37,207 [ceafc0c7-af9d-4de4-ae81-ea841051c606@group-1CDC7742679F-LeaderElection2] INFO  impl.LeaderElection (LeaderElection.java:logAndReturn(93)) -   Response 0: ceafc0c7-af9d-4de4-ae81-ea841051c606<-edd7aebe-e713-4899-b982-ee5b12165735#0:OK-t0
2023-12-10 08:55:37,207 [ceafc0c7-af9d-4de4-ae81-ea841051c606@group-1CDC7742679F-LeaderElection2] INFO  impl.LeaderElection (LeaderElection.java:askForVotes(325)) - ceafc0c7-af9d-4de4-ae81-ea841051c606@group-1CDC7742679F-LeaderElection2 PRE_VOTE round 0: result PASSED
2023-12-10 08:55:37,207 [grpc-default-executor-2] INFO  server.RaftServer$Division (RaftServerImpl.java:requestVote(1410)) - 173e1c01-ab9b-4bd4-a1fb-1dc9b7180747@group-1CDC7742679F replies to PRE_VOTE vote request: edd7aebe-e713-4899-b982-ee5b12165735<-173e1c01-ab9b-4bd4-a1fb-1dc9b7180747#0:OK-t0. Peer's state: 173e1c01-ab9b-4bd4-a1fb-1dc9b7180747@group-1CDC7742679F:t0, leader=null, voted=, raftlog=Memoized:173e1c01-ab9b-4bd4-a1fb-1dc9b7180747@group-1CDC7742679F-SegmentedRaftLog:OPENED:c-1, conf=-1: peers:[173e1c01-ab9b-4bd4-a1fb-1dc9b7180747|10.1.0.29:15032, edd7aebe-e713-4899-b982-ee5b12165735|10.1.0.29:15023, ceafc0c7-af9d-4de4-ae81-ea841051c606|10.1.0.29:15014]|listeners:[], old=null
2023-12-10 08:55:37,208 [grpc-default-executor-0] INFO  server.RaftServer$Division (RaftServerImpl.java:requestVote(1377)) - 173e1c01-ab9b-4bd4-a1fb-1dc9b7180747@group-1CDC7742679F: receive requestVote(PRE_VOTE, ceafc0c7-af9d-4de4-ae81-ea841051c606, group-1CDC7742679F, 0, (t:0, i:0))
2023-12-10 08:55:37,210 [grpc-default-executor-0] INFO  impl.VoteContext (VoteContext.java:log(49)) - 173e1c01-ab9b-4bd4-a1fb-1dc9b7180747@group-1CDC7742679F-FOLLOWER: accept PRE_VOTE from ceafc0c7-af9d-4de4-ae81-ea841051c606: our priority 0 <= candidate's priority 1
2023-12-10 08:55:37,210 [edd7aebe-e713-4899-b982-ee5b12165735@group-1CDC7742679F-LeaderElection3] INFO  impl.LeaderElection (LeaderElection.java:logAndReturn(89)) - edd7aebe-e713-4899-b982-ee5b12165735@group-1CDC7742679F-LeaderElection3: PRE_VOTE REJECTED received 1 response(s) and 0 exception(s):
2023-12-10 08:55:37,212 [edd7aebe-e713-4899-b982-ee5b12165735@group-1CDC7742679F-LeaderElection3] INFO  impl.LeaderElection (LeaderElection.java:logAndReturn(93)) -   Response 0: edd7aebe-e713-4899-b982-ee5b12165735<-ceafc0c7-af9d-4de4-ae81-ea841051c606#0:FAIL-t0
2023-12-10 08:55:37,213 [edd7aebe-e713-4899-b982-ee5b12165735@group-1CDC7742679F-LeaderElection3] INFO  impl.LeaderElection (LeaderElection.java:askForVotes(325)) - edd7aebe-e713-4899-b982-ee5b12165735@group-1CDC7742679F-LeaderElection3 PRE_VOTE round 0: result REJECTED
2023-12-10 08:55:37,213 [grpc-default-executor-0] INFO  server.RaftServer$Division (RaftServerImpl.java:requestVote(1410)) - 173e1c01-ab9b-4bd4-a1fb-1dc9b7180747@group-1CDC7742679F replies to PRE_VOTE vote request: ceafc0c7-af9d-4de4-ae81-ea841051c606<-173e1c01-ab9b-4bd4-a1fb-1dc9b7180747#0:OK-t0. Peer's state: 173e1c01-ab9b-4bd4-a1fb-1dc9b7180747@group-1CDC7742679F:t0, leader=null, voted=, raftlog=Memoized:173e1c01-ab9b-4bd4-a1fb-1dc9b7180747@group-1CDC7742679F-SegmentedRaftLog:OPENED:c-1, conf=-1: peers:[173e1c01-ab9b-4bd4-a1fb-1dc9b7180747|10.1.0.29:15032, edd7aebe-e713-4899-b982-ee5b12165735|10.1.0.29:15023, ceafc0c7-af9d-4de4-ae81-ea841051c606|10.1.0.29:15014]|listeners:[], old=null
2023-12-10 08:55:37,214 [ceafc0c7-af9d-4de4-ae81-ea841051c606@group-1CDC7742679F-LeaderElection2] INFO  impl.LeaderElection (LeaderElection.java:askForVotes(323)) - ceafc0c7-af9d-4de4-ae81-ea841051c606@group-1CDC7742679F-LeaderElection2 ELECTION round 0: submit vote requests at term 1 for -1: peers:[173e1c01-ab9b-4bd4-a1fb-1dc9b7180747|10.1.0.29:15032, edd7aebe-e713-4899-b982-ee5b12165735|10.1.0.29:15023, ceafc0c7-af9d-4de4-ae81-ea841051c606|10.1.0.29:15014]|listeners:[], old=null
2023-12-10 08:55:37,215 [ceafc0c7-af9d-4de4-ae81-ea841051c606@group-1CDC7742679F-LeaderElection2] INFO  server.RaftServerConfigKeys (ConfUtils.java:logFallback(53)) - raft.server.rpc.first-election.timeout.min = 5s (fallback to raft.server.rpc.timeout.min)
2023-12-10 08:55:37,215 [ceafc0c7-af9d-4de4-ae81-ea841051c606@group-1CDC7742679F-LeaderElection2] INFO  server.RaftServerConfigKeys (ConfUtils.java:logFallback(53)) - raft.server.rpc.first-election.timeout.max = 5200ms (fallback to raft.server.rpc.timeout.max)
2023-12-10 08:55:37,217 [edd7aebe-e713-4899-b982-ee5b12165735@group-1CDC7742679F-LeaderElection3] INFO  server.RaftServer$Division (RaftServerImpl.java:setRole(379)) - edd7aebe-e713-4899-b982-ee5b12165735@group-1CDC7742679F: changes role from CANDIDATE to FOLLOWER at term 0 for REJECTED
2023-12-10 08:55:37,217 [edd7aebe-e713-4899-b982-ee5b12165735@group-1CDC7742679F-LeaderElection3] INFO  impl.RoleInfo (RoleInfo.java:shutdownLeaderElection(130)) - edd7aebe-e713-4899-b982-ee5b12165735: shutdown edd7aebe-e713-4899-b982-ee5b12165735@group-1CDC7742679F-LeaderElection3
2023-12-10 08:55:37,217 [edd7aebe-e713-4899-b982-ee5b12165735@group-1CDC7742679F-LeaderElection3] INFO  impl.RoleInfo (RoleInfo.java:updateAndGet(139)) - edd7aebe-e713-4899-b982-ee5b12165735: start edd7aebe-e713-4899-b982-ee5b12165735@group-1CDC7742679F-FollowerState
2023-12-10 08:55:37,217 [edd7aebe-e713-4899-b982-ee5b12165735@group-1CDC7742679F-LeaderElection3] INFO  server.RaftServer$Division (RaftServerImpl.java:setFirstElection(564)) - edd7aebe-e713-4899-b982-ee5b12165735@group-1CDC7742679F: set firstElectionSinceStartup to false for REJECTED
2023-12-10 08:55:37,223 [grpc-default-executor-0] INFO  server.RaftServer$Division (RaftServerImpl.java:requestVote(1377)) - 173e1c01-ab9b-4bd4-a1fb-1dc9b7180747@group-1CDC7742679F: receive requestVote(ELECTION, ceafc0c7-af9d-4de4-ae81-ea841051c606, group-1CDC7742679F, 1, (t:0, i:0))
2023-12-10 08:55:37,223 [grpc-default-executor-2] INFO  server.RaftServer$Division (RaftServerImpl.java:requestVote(1377)) - edd7aebe-e713-4899-b982-ee5b12165735@group-1CDC7742679F: receive requestVote(ELECTION, ceafc0c7-af9d-4de4-ae81-ea841051c606, group-1CDC7742679F, 1, (t:0, i:0))
2023-12-10 08:55:37,224 [grpc-default-executor-0] INFO  impl.VoteContext (VoteContext.java:log(49)) - 173e1c01-ab9b-4bd4-a1fb-1dc9b7180747@group-1CDC7742679F-FOLLOWER: accept ELECTION from ceafc0c7-af9d-4de4-ae81-ea841051c606: our priority 0 <= candidate's priority 1
2023-12-10 08:55:37,224 [grpc-default-executor-2] INFO  impl.VoteContext (VoteContext.java:log(49)) - edd7aebe-e713-4899-b982-ee5b12165735@group-1CDC7742679F-FOLLOWER: accept ELECTION from ceafc0c7-af9d-4de4-ae81-ea841051c606: our priority 0 <= candidate's priority 1
2023-12-10 08:55:37,224 [grpc-default-executor-0] INFO  server.RaftServer$Division (RaftServerImpl.java:setRole(379)) - 173e1c01-ab9b-4bd4-a1fb-1dc9b7180747@group-1CDC7742679F: changes role from  FOLLOWER to FOLLOWER at term 1 for candidate:ceafc0c7-af9d-4de4-ae81-ea841051c606
2023-12-10 08:55:37,224 [grpc-default-executor-0] INFO  impl.RoleInfo (RoleInfo.java:shutdownFollowerState(110)) - 173e1c01-ab9b-4bd4-a1fb-1dc9b7180747: shutdown 173e1c01-ab9b-4bd4-a1fb-1dc9b7180747@group-1CDC7742679F-FollowerState
2023-12-10 08:55:37,224 [grpc-default-executor-0] INFO  impl.RoleInfo (RoleInfo.java:updateAndGet(139)) - 173e1c01-ab9b-4bd4-a1fb-1dc9b7180747: start 173e1c01-ab9b-4bd4-a1fb-1dc9b7180747@group-1CDC7742679F-FollowerState
2023-12-10 08:55:37,224 [grpc-default-executor-2] INFO  server.RaftServer$Division (RaftServerImpl.java:setRole(379)) - edd7aebe-e713-4899-b982-ee5b12165735@group-1CDC7742679F: changes role from  FOLLOWER to FOLLOWER at term 1 for candidate:ceafc0c7-af9d-4de4-ae81-ea841051c606
2023-12-10 08:55:37,224 [grpc-default-executor-2] INFO  impl.RoleInfo (RoleInfo.java:shutdownFollowerState(110)) - edd7aebe-e713-4899-b982-ee5b12165735: shutdown edd7aebe-e713-4899-b982-ee5b12165735@group-1CDC7742679F-FollowerState
2023-12-10 08:55:37,224 [grpc-default-executor-2] INFO  impl.RoleInfo (RoleInfo.java:updateAndGet(139)) - edd7aebe-e713-4899-b982-ee5b12165735: start edd7aebe-e713-4899-b982-ee5b12165735@group-1CDC7742679F-FollowerState
2023-12-10 08:55:37,224 [edd7aebe-e713-4899-b982-ee5b12165735@group-1CDC7742679F-FollowerState] INFO  impl.FollowerState (FollowerState.java:run(152)) - edd7aebe-e713-4899-b982-ee5b12165735@group-1CDC7742679F-FollowerState was interrupted
2023-12-10 08:55:37,225 [grpc-default-executor-0] INFO  server.RaftServer$Division (RaftServerImpl.java:setFirstElection(564)) - 173e1c01-ab9b-4bd4-a1fb-1dc9b7180747@group-1CDC7742679F: set firstElectionSinceStartup to false for candidate:ceafc0c7-af9d-4de4-ae81-ea841051c606
2023-12-10 08:55:37,225 [173e1c01-ab9b-4bd4-a1fb-1dc9b7180747@group-1CDC7742679F-FollowerState] INFO  impl.FollowerState (FollowerState.java:run(152)) - 173e1c01-ab9b-4bd4-a1fb-1dc9b7180747@group-1CDC7742679F-FollowerState was interrupted
2023-12-10 08:55:37,226 [grpc-default-executor-0] INFO  server.RaftServer$Division (RaftServerImpl.java:requestVote(1410)) - 173e1c01-ab9b-4bd4-a1fb-1dc9b7180747@group-1CDC7742679F replies to ELECTION vote request: ceafc0c7-af9d-4de4-ae81-ea841051c606<-173e1c01-ab9b-4bd4-a1fb-1dc9b7180747#0:OK-t1. Peer's state: 173e1c01-ab9b-4bd4-a1fb-1dc9b7180747@group-1CDC7742679F:t1, leader=null, voted=ceafc0c7-af9d-4de4-ae81-ea841051c606, raftlog=Memoized:173e1c01-ab9b-4bd4-a1fb-1dc9b7180747@group-1CDC7742679F-SegmentedRaftLog:OPENED:c-1, conf=-1: peers:[173e1c01-ab9b-4bd4-a1fb-1dc9b7180747|10.1.0.29:15032, edd7aebe-e713-4899-b982-ee5b12165735|10.1.0.29:15023, ceafc0c7-af9d-4de4-ae81-ea841051c606|10.1.0.29:15014]|listeners:[], old=null
2023-12-10 08:55:37,227 [ceafc0c7-af9d-4de4-ae81-ea841051c606@group-1CDC7742679F-LeaderElection2] INFO  impl.LeaderElection (LeaderElection.java:logAndReturn(89)) - ceafc0c7-af9d-4de4-ae81-ea841051c606@group-1CDC7742679F-LeaderElection2: ELECTION PASSED received 1 response(s) and 0 exception(s):
2023-12-10 08:55:37,227 [ceafc0c7-af9d-4de4-ae81-ea841051c606@group-1CDC7742679F-LeaderElection2] INFO  impl.LeaderElection (LeaderElection.java:logAndReturn(93)) -   Response 0: ceafc0c7-af9d-4de4-ae81-ea841051c606<-173e1c01-ab9b-4bd4-a1fb-1dc9b7180747#0:OK-t1
2023-12-10 08:55:37,227 [grpc-default-executor-2] INFO  server.RaftServer$Division (RaftServerImpl.java:requestVote(1410)) - edd7aebe-e713-4899-b982-ee5b12165735@group-1CDC7742679F replies to ELECTION vote request: ceafc0c7-af9d-4de4-ae81-ea841051c606<-edd7aebe-e713-4899-b982-ee5b12165735#0:OK-t1. Peer's state: edd7aebe-e713-4899-b982-ee5b12165735@group-1CDC7742679F:t1, leader=null, voted=ceafc0c7-af9d-4de4-ae81-ea841051c606, raftlog=Memoized:edd7aebe-e713-4899-b982-ee5b12165735@group-1CDC7742679F-SegmentedRaftLog:OPENED:c-1, conf=-1: peers:[173e1c01-ab9b-4bd4-a1fb-1dc9b7180747|10.1.0.29:15032, edd7aebe-e713-4899-b982-ee5b12165735|10.1.0.29:15023, ceafc0c7-af9d-4de4-ae81-ea841051c606|10.1.0.29:15014]|listeners:[], old=null
2023-12-10 08:55:37,227 [ceafc0c7-af9d-4de4-ae81-ea841051c606@group-1CDC7742679F-LeaderElection2] INFO  impl.LeaderElection (LeaderElection.java:askForVotes(325)) - ceafc0c7-af9d-4de4-ae81-ea841051c606@group-1CDC7742679F-LeaderElection2 ELECTION round 0: result PASSED
2023-12-10 08:55:37,227 [ceafc0c7-af9d-4de4-ae81-ea841051c606@group-1CDC7742679F-LeaderElection2] INFO  impl.RoleInfo (RoleInfo.java:shutdownLeaderElection(130)) - ceafc0c7-af9d-4de4-ae81-ea841051c606: shutdown ceafc0c7-af9d-4de4-ae81-ea841051c606@group-1CDC7742679F-LeaderElection2
2023-12-10 08:55:37,227 [ceafc0c7-af9d-4de4-ae81-ea841051c606@group-1CDC7742679F-LeaderElection2] INFO  server.RaftServer$Division (RaftServerImpl.java:setRole(379)) - ceafc0c7-af9d-4de4-ae81-ea841051c606@group-1CDC7742679F: changes role from CANDIDATE to LEADER at term 1 for changeToLeader
2023-12-10 08:55:37,227 [ceafc0c7-af9d-4de4-ae81-ea841051c606@group-1CDC7742679F-LeaderElection2] INFO  server.RaftServerConfigKeys (ConfUtils.java:logGet(46)) - raft.server.staging.catchup.gap = 1000 (default)
2023-12-10 08:55:37,228 [ceafc0c7-af9d-4de4-ae81-ea841051c606@group-1CDC7742679F-LeaderElection2] INFO  server.RaftServerConfigKeys (ConfUtils.java:logGet(46)) - raft.server.write.element-limit = 1024 (custom)
2023-12-10 08:55:37,228 [ceafc0c7-af9d-4de4-ae81-ea841051c606@group-1CDC7742679F-LeaderElection2] INFO  server.RaftServerConfigKeys (ConfUtils.java:logGet(46)) - raft.server.write.byte-limit = 1024 M (=1073741824) (custom)
2023-12-10 08:55:37,228 [ceafc0c7-af9d-4de4-ae81-ea841051c606@group-1CDC7742679F-LeaderElection2] INFO  server.RaftServerConfigKeys (ConfUtils.java:logGet(46)) - raft.server.watch.timeout = 180s (custom)
2023-12-10 08:55:37,228 [ceafc0c7-af9d-4de4-ae81-ea841051c606@group-1CDC7742679F-LeaderElection2] INFO  server.RaftServerConfigKeys (ConfUtils.java:logGet(46)) - raft.server.watch.timeout.denomination = 1s (default)
2023-12-10 08:55:37,228 [ceafc0c7-af9d-4de4-ae81-ea841051c606@group-1CDC7742679F-LeaderElection2] INFO  server.RaftServerConfigKeys (ConfUtils.java:logGet(46)) - raft.server.watch.element-limit = 65536 (default)
2023-12-10 08:55:37,229 [ceafc0c7-af9d-4de4-ae81-ea841051c606@group-1CDC7742679F-LeaderElection2] INFO  server.RaftServerConfigKeys (ConfUtils.java:logGet(46)) - raft.server.read.leader.lease.enabled = false (default)
2023-12-10 08:55:37,229 [ceafc0c7-af9d-4de4-ae81-ea841051c606@group-1CDC7742679F-LeaderElection2] INFO  server.RaftServerConfigKeys (ConfUtils.java:logGet(46)) - raft.server.read.leader.lease.timeout.ratio = 0.9 (default)
2023-12-10 08:55:37,229 [ceafc0c7-af9d-4de4-ae81-ea841051c606@group-1CDC7742679F-LeaderElection2] INFO  server.RaftServerConfigKeys (ConfUtils.java:logGet(46)) - raft.server.rpc.timeout.min = 5s (custom)
2023-12-10 08:55:37,229 [ceafc0c7-af9d-4de4-ae81-ea841051c606@group-1CDC7742679F-LeaderElection2] INFO  server.RaftServerConfigKeys (ConfUtils.java:logGet(46)) - raft.server.write.element-limit = 1024 (custom)
2023-12-10 08:55:37,229 [ceafc0c7-af9d-4de4-ae81-ea841051c606@group-1CDC7742679F-LeaderElection2] INFO  server.RaftServerConfigKeys (ConfUtils.java:logGet(46)) - raft.server.write.follower.gap.ratio.max = -1.0 (default)
2023-12-10 08:55:37,237 [ceafc0c7-af9d-4de4-ae81-ea841051c606@group-1CDC7742679F-LeaderElection2] INFO  server.RaftServerConfigKeys (ConfUtils.java:logGet(46)) - raft.server.log.appender.snapshot.chunk.size.max = 16MB (=16777216) (default)
2023-12-10 08:55:37,237 [ceafc0c7-af9d-4de4-ae81-ea841051c606@group-1CDC7742679F-LeaderElection2] INFO  server.RaftServerConfigKeys (ConfUtils.java:logGet(46)) - raft.server.log.appender.buffer.byte-limit = 8388608 (custom)
2023-12-10 08:55:37,237 [ceafc0c7-af9d-4de4-ae81-ea841051c606@group-1CDC7742679F-LeaderElection2] INFO  server.RaftServerConfigKeys (ConfUtils.java:logGet(46)) - raft.server.log.appender.buffer.element-limit = 1 (custom)
2023-12-10 08:55:37,238 [ceafc0c7-af9d-4de4-ae81-ea841051c606@group-1CDC7742679F-LeaderElection2] INFO  server.RaftServerConfigKeys (ConfUtils.java:logGet(46)) - raft.server.log.appender.wait-time.min = 0μs (custom)
2023-12-10 08:55:37,239 [ceafc0c7-af9d-4de4-ae81-ea841051c606@group-1CDC7742679F-LeaderElection2] INFO  grpc.GrpcConfigKeys (ConfUtils.java:logGet(46)) - raft.grpc.server.leader.outstanding.appends.max = 8 (default)
2023-12-10 08:55:37,239 [ceafc0c7-af9d-4de4-ae81-ea841051c606@group-1CDC7742679F-LeaderElection2] INFO  server.RaftServerConfigKeys (ConfUtils.java:logGet(46)) - raft.server.rpc.request.timeout = 60s (custom)
2023-12-10 08:55:37,240 [ceafc0c7-af9d-4de4-ae81-ea841051c606@group-1CDC7742679F-LeaderElection2] INFO  grpc.GrpcConfigKeys (ConfUtils.java:logGet(46)) - raft.grpc.server.install_snapshot.request.element-limit = 8 (default)
2023-12-10 08:55:37,240 [ceafc0c7-af9d-4de4-ae81-ea841051c606@group-1CDC7742679F-LeaderElection2] INFO  grpc.GrpcConfigKeys (ConfUtils.java:logGet(46)) - raft.grpc.server.install_snapshot.request.timeout = 3000ms (default)
2023-12-10 08:55:37,240 [ceafc0c7-af9d-4de4-ae81-ea841051c606@group-1CDC7742679F-LeaderElection2] INFO  server.RaftServerConfigKeys (ConfUtils.java:logGet(46)) - raft.server.log.appender.install.snapshot.enabled = false (custom)
2023-12-10 08:55:37,240 [ceafc0c7-af9d-4de4-ae81-ea841051c606@group-1CDC7742679F-LeaderElection2] INFO  grpc.GrpcConfigKeys (ConfUtils.java:logGet(46)) - raft.grpc.server.heartbeat.channel = true (default)
2023-12-10 08:55:37,243 [ceafc0c7-af9d-4de4-ae81-ea841051c606@group-1CDC7742679F-LeaderElection2] INFO  server.RaftServerConfigKeys (ConfUtils.java:logGet(46)) - raft.server.log.appender.snapshot.chunk.size.max = 16MB (=16777216) (default)
2023-12-10 08:55:37,243 [ceafc0c7-af9d-4de4-ae81-ea841051c606@group-1CDC7742679F-LeaderElection2] INFO  server.RaftServerConfigKeys (ConfUtils.java:logGet(46)) - raft.server.log.appender.buffer.byte-limit = 8388608 (custom)
2023-12-10 08:55:37,244 [ceafc0c7-af9d-4de4-ae81-ea841051c606@group-1CDC7742679F-LeaderElection2] INFO  server.RaftServerConfigKeys (ConfUtils.java:logGet(46)) - raft.server.log.appender.buffer.element-limit = 1 (custom)
2023-12-10 08:55:37,244 [ceafc0c7-af9d-4de4-ae81-ea841051c606@group-1CDC7742679F-LeaderElection2] INFO  server.RaftServerConfigKeys (ConfUtils.java:logGet(46)) - raft.server.log.appender.wait-time.min = 0μs (custom)
2023-12-10 08:55:37,244 [ceafc0c7-af9d-4de4-ae81-ea841051c606@group-1CDC7742679F-LeaderElection2] INFO  grpc.GrpcConfigKeys (ConfUtils.java:logGet(46)) - raft.grpc.server.leader.outstanding.appends.max = 8 (default)
2023-12-10 08:55:37,245 [ceafc0c7-af9d-4de4-ae81-ea841051c606@group-1CDC7742679F-LeaderElection2] INFO  server.RaftServerConfigKeys (ConfUtils.java:logGet(46)) - raft.server.rpc.request.timeout = 60s (custom)
2023-12-10 08:55:37,245 [ceafc0c7-af9d-4de4-ae81-ea841051c606@group-1CDC7742679F-LeaderElection2] INFO  grpc.GrpcConfigKeys (ConfUtils.java:logGet(46)) - raft.grpc.server.install_snapshot.request.element-limit = 8 (default)
2023-12-10 08:55:37,245 [ceafc0c7-af9d-4de4-ae81-ea841051c606@group-1CDC7742679F-LeaderElection2] INFO  grpc.GrpcConfigKeys (ConfUtils.java:logGet(46)) - raft.grpc.server.install_snapshot.request.timeout = 3000ms (default)
2023-12-10 08:55:37,246 [ceafc0c7-af9d-4de4-ae81-ea841051c606@group-1CDC7742679F-LeaderElection2] INFO  server.RaftServerConfigKeys (ConfUtils.java:logGet(46)) - raft.server.log.appender.install.snapshot.enabled = false (custom)
2023-12-10 08:55:37,246 [ceafc0c7-af9d-4de4-ae81-ea841051c606@group-1CDC7742679F-LeaderElection2] INFO  grpc.GrpcConfigKeys (ConfUtils.java:logGet(46)) - raft.grpc.server.heartbeat.channel = true (default)
2023-12-10 08:55:37,254 [ceafc0c7-af9d-4de4-ae81-ea841051c606@group-1CDC7742679F-LeaderElection2] INFO  impl.RoleInfo (RoleInfo.java:updateAndGet(139)) - ceafc0c7-af9d-4de4-ae81-ea841051c606: start ceafc0c7-af9d-4de4-ae81-ea841051c606@group-1CDC7742679F-LeaderStateImpl
2023-12-10 08:55:37,254 [ceafc0c7-af9d-4de4-ae81-ea841051c606@group-1CDC7742679F-LeaderElection2] INFO  server.RaftServer$Division (RaftServerImpl.java:setFirstElection(564)) - ceafc0c7-af9d-4de4-ae81-ea841051c606@group-1CDC7742679F: set firstElectionSinceStartup to false for becomeLeader
2023-12-10 08:55:37,254 [ceafc0c7-af9d-4de4-ae81-ea841051c606@group-1CDC7742679F-LeaderElection2] INFO  ratis.XceiverServerRatis (XceiverServerRatis.java:handleLeaderChangedNotification(935)) - Leader change notification received for group: group-1CDC7742679F with new leaderId: ceafc0c7-af9d-4de4-ae81-ea841051c606
2023-12-10 08:55:37,254 [ceafc0c7-af9d-4de4-ae81-ea841051c606@group-1CDC7742679F-LeaderElection2] INFO  server.RaftServer$Division (ServerState.java:setLeader(265)) - ceafc0c7-af9d-4de4-ae81-ea841051c606@group-1CDC7742679F: change Leader from null to ceafc0c7-af9d-4de4-ae81-ea841051c606 at term 1 for becomeLeader, leader elected after 5247ms
2023-12-10 08:55:37,255 [ceafc0c7-af9d-4de4-ae81-ea841051c606@group-1CDC7742679F-LeaderElection2] INFO  segmented.SegmentedRaftLogWorker (SegmentedRaftLogWorker.java:startLogSegment(428)) - ceafc0c7-af9d-4de4-ae81-ea841051c606@group-1CDC7742679F-SegmentedRaftLogWorker: Starting segment from index:0
2023-12-10 08:55:37,258 [EventQueue-PipelineReportForPipelineReportHandler] INFO  pipeline.PipelineReportHandler (PipelineReportHandler.java:processPipelineReport(136)) - Opened pipeline PipelineID=3ddc4401-8e2f-411b-861a-1cdc7742679f
2023-12-10 08:55:37,260 [EventQueue-OpenPipelineForHealthyPipelineSafeModeRule] INFO  safemode.SCMSafeModeManager (HealthyPipelineSafeModeRule.java:process(137)) - SCM in safe mode. Healthy pipelines reported count is 1, required healthy pipeline reported count is 1
2023-12-10 08:55:37,260 [EventQueue-OpenPipelineForHealthyPipelineSafeModeRule] INFO  safemode.SCMSafeModeManager (SCMSafeModeManager.java:validateSafeModeExitRules(200)) - HealthyPipelineSafeModeRule rule is successfully validated
2023-12-10 08:55:37,260 [EventQueue-OpenPipelineForHealthyPipelineSafeModeRule] INFO  safemode.SCMSafeModeManager (SCMSafeModeManager.java:validateSafeModeExitRules(215)) - ScmSafeModeManager, all rules are successfully validated
2023-12-10 08:55:37,260 [EventQueue-OpenPipelineForHealthyPipelineSafeModeRule] INFO  safemode.SCMSafeModeManager (SCMSafeModeManager.java:exitSafeMode(244)) - SCM exiting safe mode.
2023-12-10 08:55:37,260 [EventQueue-OpenPipelineForHealthyPipelineSafeModeRule] INFO  ha.SCMContext (SCMContext.java:updateSafeModeStatus(230)) - Update SafeModeStatus from SafeModeStatus{safeModeStatus=true, preCheckPassed=true} to SafeModeStatus{safeModeStatus=false, preCheckPassed=true}.
2023-12-10 08:55:37,260 [EventQueue-OpenPipelineForHealthyPipelineSafeModeRule] INFO  pipeline.BackgroundPipelineCreator (BackgroundPipelineCreator.java:notifyStatusChanged(258)) - Service BackgroundPipelineCreator transitions to RUNNING.
2023-12-10 08:55:37,261 [EventQueue-OpenPipelineForHealthyPipelineSafeModeRule] INFO  BackgroundPipelineScrubber (BackgroundSCMService.java:notifyStatusChanged(82)) - Service BackgroundPipelineScrubber transitions to RUNNING.
2023-12-10 08:55:37,261 [EventQueue-OpenPipelineForHealthyPipelineSafeModeRule] INFO  ExpiredContainerReplicaOpScrubber (BackgroundSCMService.java:notifyStatusChanged(82)) - Service ExpiredContainerReplicaOpScrubber transitions to RUNNING.
2023-12-10 08:55:37,261 [EventQueue-OpenPipelineForHealthyPipelineSafeModeRule] INFO  replication.ReplicationManager (ReplicationManager.java:notifyStatusChanged(1399)) - Service ReplicationManager transitions to RUNNING.
2023-12-10 08:55:37,263 [ceafc0c7-af9d-4de4-ae81-ea841051c606@group-1CDC7742679F-LeaderElection2] INFO  server.RaftServer$Division (ServerState.java:setRaftConf(382)) - ceafc0c7-af9d-4de4-ae81-ea841051c606@group-1CDC7742679F: set configuration 0: peers:[173e1c01-ab9b-4bd4-a1fb-1dc9b7180747|10.1.0.29:15032, edd7aebe-e713-4899-b982-ee5b12165735|10.1.0.29:15023, ceafc0c7-af9d-4de4-ae81-ea841051c606|10.1.0.29:15014]|listeners:[], old=null
2023-12-10 08:55:37,265 [ceafc0c7-af9d-4de4-ae81-ea841051c606@group-1CDC7742679F-SegmentedRaftLogWorker] INFO  segmented.SegmentedRaftLogWorker (SegmentedRaftLogWorker.java:execute(632)) - ceafc0c7-af9d-4de4-ae81-ea841051c606@group-1CDC7742679F-SegmentedRaftLogWorker: created new log segment /home/runner/work/ozone/ozone/hadoop-ozone/integration-test/target/test-dir/MiniOzoneClusterImpl-7f66dfcd-4d84-4460-b9fe-211923c7b7bb/datanode-0/data/ratis/3ddc4401-8e2f-411b-861a-1cdc7742679f/current/log_inprogress_0
2023-12-10 08:55:37,265 [EventQueue-OpenPipelineForHealthyPipelineSafeModeRule] WARN  balancer.ContainerBalancer (ContainerBalancer.java:shouldRun(134)) - Could not find persisted configuration for ContainerBalancer when checking if ContainerBalancer should run. ContainerBalancer should not run now.
2023-12-10 08:55:37,298 [edd7aebe-e713-4899-b982-ee5b12165735-server-thread1] INFO  ratis.XceiverServerRatis (XceiverServerRatis.java:handleLeaderChangedNotification(935)) - Leader change notification received for group: group-1CDC7742679F with new leaderId: ceafc0c7-af9d-4de4-ae81-ea841051c606
2023-12-10 08:55:37,299 [edd7aebe-e713-4899-b982-ee5b12165735-server-thread1] INFO  server.RaftServer$Division (ServerState.java:setLeader(265)) - edd7aebe-e713-4899-b982-ee5b12165735@group-1CDC7742679F: change Leader from null to ceafc0c7-af9d-4de4-ae81-ea841051c606 at term 1 for appendEntries, leader elected after 5176ms
2023-12-10 08:55:37,306 [173e1c01-ab9b-4bd4-a1fb-1dc9b7180747-server-thread1] INFO  ratis.XceiverServerRatis (XceiverServerRatis.java:handleLeaderChangedNotification(935)) - Leader change notification received for group: group-1CDC7742679F with new leaderId: ceafc0c7-af9d-4de4-ae81-ea841051c606
2023-12-10 08:55:37,306 [173e1c01-ab9b-4bd4-a1fb-1dc9b7180747-server-thread1] INFO  server.RaftServer$Division (ServerState.java:setLeader(265)) - 173e1c01-ab9b-4bd4-a1fb-1dc9b7180747@group-1CDC7742679F: change Leader from null to ceafc0c7-af9d-4de4-ae81-ea841051c606 at term 1 for appendEntries, leader elected after 5069ms
2023-12-10 08:55:37,315 [edd7aebe-e713-4899-b982-ee5b12165735-server-thread1] INFO  server.RaftServer$Division (ServerState.java:setRaftConf(382)) - edd7aebe-e713-4899-b982-ee5b12165735@group-1CDC7742679F: set configuration 0: peers:[173e1c01-ab9b-4bd4-a1fb-1dc9b7180747|10.1.0.29:15032, edd7aebe-e713-4899-b982-ee5b12165735|10.1.0.29:15023, ceafc0c7-af9d-4de4-ae81-ea841051c606|10.1.0.29:15014]|listeners:[], old=null
2023-12-10 08:55:37,316 [edd7aebe-e713-4899-b982-ee5b12165735-server-thread1] INFO  segmented.SegmentedRaftLogWorker (SegmentedRaftLogWorker.java:startLogSegment(428)) - edd7aebe-e713-4899-b982-ee5b12165735@group-1CDC7742679F-SegmentedRaftLogWorker: Starting segment from index:0
2023-12-10 08:55:37,328 [173e1c01-ab9b-4bd4-a1fb-1dc9b7180747-server-thread3] INFO  server.RaftServer$Division (ServerState.java:setRaftConf(382)) - 173e1c01-ab9b-4bd4-a1fb-1dc9b7180747@group-1CDC7742679F: set configuration 0: peers:[173e1c01-ab9b-4bd4-a1fb-1dc9b7180747|10.1.0.29:15032, edd7aebe-e713-4899-b982-ee5b12165735|10.1.0.29:15023, ceafc0c7-af9d-4de4-ae81-ea841051c606|10.1.0.29:15014]|listeners:[], old=null
2023-12-10 08:55:37,328 [173e1c01-ab9b-4bd4-a1fb-1dc9b7180747-server-thread3] INFO  segmented.SegmentedRaftLogWorker (SegmentedRaftLogWorker.java:startLogSegment(428)) - 173e1c01-ab9b-4bd4-a1fb-1dc9b7180747@group-1CDC7742679F-SegmentedRaftLogWorker: Starting segment from index:0
2023-12-10 08:55:37,329 [edd7aebe-e713-4899-b982-ee5b12165735@group-1CDC7742679F-SegmentedRaftLogWorker] INFO  segmented.SegmentedRaftLogWorker (SegmentedRaftLogWorker.java:execute(632)) - edd7aebe-e713-4899-b982-ee5b12165735@group-1CDC7742679F-SegmentedRaftLogWorker: created new log segment /home/runner/work/ozone/ozone/hadoop-ozone/integration-test/target/test-dir/MiniOzoneClusterImpl-7f66dfcd-4d84-4460-b9fe-211923c7b7bb/datanode-1/data/ratis/3ddc4401-8e2f-411b-861a-1cdc7742679f/current/log_inprogress_0
2023-12-10 08:55:37,333 [ceafc0c7-af9d-4de4-ae81-ea841051c606@group-1CDC7742679F-StateMachineUpdater] INFO  server.RaftServer$Division (LeaderStateImpl.java:isApplied(316)) - leader is ready since appliedIndex == 0 >= startIndex == 0
2023-12-10 08:55:37,335 [173e1c01-ab9b-4bd4-a1fb-1dc9b7180747@group-1CDC7742679F-SegmentedRaftLogWorker] INFO  segmented.SegmentedRaftLogWorker (SegmentedRaftLogWorker.java:execute(632)) - 173e1c01-ab9b-4bd4-a1fb-1dc9b7180747@group-1CDC7742679F-SegmentedRaftLogWorker: created new log segment /home/runner/work/ozone/ozone/hadoop-ozone/integration-test/target/test-dir/MiniOzoneClusterImpl-7f66dfcd-4d84-4460-b9fe-211923c7b7bb/datanode-2/data/ratis/3ddc4401-8e2f-411b-861a-1cdc7742679f/current/log_inprogress_0
2023-12-10 08:55:37,607 [main] INFO  ozone.MiniOzoneClusterImpl (MiniOzoneClusterImpl.java:lambda$waitForClusterToBeReady$0(229)) - Nodes are ready. Got 14 of 14 DN Heartbeats.
2023-12-10 08:55:37,607 [main] INFO  ozone.MiniOzoneClusterImpl (MiniOzoneClusterImpl.java:lambda$waitForClusterToBeReady$0(232)) - Cluster exits safe mode
2023-12-10 08:55:37,607 [main] INFO  ozone.MiniOzoneClusterImpl (MiniOzoneClusterImpl.java:lambda$waitForClusterToBeReady$0(234)) - SCM became leader
2023-12-10 08:55:37,640 [8170aa16-323e-44de-b8c0-3f99a1184856@group-C38045D0070F-FollowerState] INFO  impl.FollowerState (FollowerState.java:run(143)) - 8170aa16-323e-44de-b8c0-3f99a1184856@group-C38045D0070F-FollowerState: change to CANDIDATE, lastRpcElapsedTime:5182839467ns, electionTimeout:5164ms
2023-12-10 08:55:37,640 [8170aa16-323e-44de-b8c0-3f99a1184856@group-C38045D0070F-FollowerState] INFO  impl.RoleInfo (RoleInfo.java:shutdownFollowerState(110)) - 8170aa16-323e-44de-b8c0-3f99a1184856: shutdown 8170aa16-323e-44de-b8c0-3f99a1184856@group-C38045D0070F-FollowerState
2023-12-10 08:55:37,640 [8170aa16-323e-44de-b8c0-3f99a1184856@group-C38045D0070F-FollowerState] INFO  server.RaftServer$Division (RaftServerImpl.java:setRole(379)) - 8170aa16-323e-44de-b8c0-3f99a1184856@group-C38045D0070F: changes role from  FOLLOWER to CANDIDATE at term 0 for changeToCandidate
2023-12-10 08:55:37,640 [8170aa16-323e-44de-b8c0-3f99a1184856@group-C38045D0070F-FollowerState] INFO  server.RaftServerConfigKeys (ConfUtils.java:logGet(46)) - raft.server.leaderelection.pre-vote = true (default)
2023-12-10 08:55:37,640 [8170aa16-323e-44de-b8c0-3f99a1184856@group-C38045D0070F-FollowerState] INFO  impl.RoleInfo (RoleInfo.java:updateAndGet(139)) - 8170aa16-323e-44de-b8c0-3f99a1184856: start 8170aa16-323e-44de-b8c0-3f99a1184856@group-C38045D0070F-LeaderElection4
2023-12-10 08:55:37,642 [8170aa16-323e-44de-b8c0-3f99a1184856@group-C38045D0070F-LeaderElection4] INFO  impl.LeaderElection (LeaderElection.java:askForVotes(323)) - 8170aa16-323e-44de-b8c0-3f99a1184856@group-C38045D0070F-LeaderElection4 PRE_VOTE round 0: submit vote requests at term 0 for -1: peers:[8170aa16-323e-44de-b8c0-3f99a1184856|10.1.0.29:15041, ab6f04f4-5b2e-49ed-8ed6-18cca86f2b6f|10.1.0.29:15059, 71fa9327-596e-4bfe-b86f-33f6bdf50532|10.1.0.29:15050]|listeners:[], old=null
2023-12-10 08:55:37,643 [8170aa16-323e-44de-b8c0-3f99a1184856@group-C38045D0070F-LeaderElection4] INFO  server.RaftServerConfigKeys (ConfUtils.java:logFallback(53)) - raft.server.rpc.first-election.timeout.min = 5s (fallback to raft.server.rpc.timeout.min)
2023-12-10 08:55:37,643 [8170aa16-323e-44de-b8c0-3f99a1184856@group-C38045D0070F-LeaderElection4-1] INFO  server.GrpcServerProtocolClient (GrpcServerProtocolClient.java:<init>(65)) - Build channel for ab6f04f4-5b2e-49ed-8ed6-18cca86f2b6f
2023-12-10 08:55:37,643 [8170aa16-323e-44de-b8c0-3f99a1184856@group-C38045D0070F-LeaderElection4] INFO  server.RaftServerConfigKeys (ConfUtils.java:logFallback(53)) - raft.server.rpc.first-election.timeout.max = 5200ms (fallback to raft.server.rpc.timeout.max)
2023-12-10 08:55:37,643 [8170aa16-323e-44de-b8c0-3f99a1184856@group-C38045D0070F-LeaderElection4-2] INFO  server.GrpcServerProtocolClient (GrpcServerProtocolClient.java:<init>(65)) - Build channel for 71fa9327-596e-4bfe-b86f-33f6bdf50532
2023-12-10 08:55:37,648 [grpc-default-executor-0] INFO  server.RaftServer$Division (RaftServerImpl.java:requestVote(1377)) - ab6f04f4-5b2e-49ed-8ed6-18cca86f2b6f@group-C38045D0070F: receive requestVote(PRE_VOTE, 8170aa16-323e-44de-b8c0-3f99a1184856, group-C38045D0070F, 0, (t:0, i:0))
2023-12-10 08:55:37,649 [grpc-default-executor-0] INFO  impl.VoteContext (VoteContext.java:log(49)) - ab6f04f4-5b2e-49ed-8ed6-18cca86f2b6f@group-C38045D0070F-FOLLOWER: accept PRE_VOTE from 8170aa16-323e-44de-b8c0-3f99a1184856: our priority 0 <= candidate's priority 1
2023-12-10 08:55:37,649 [grpc-default-executor-0] INFO  server.RaftServer$Division (RaftServerImpl.java:requestVote(1410)) - ab6f04f4-5b2e-49ed-8ed6-18cca86f2b6f@group-C38045D0070F replies to PRE_VOTE vote request: 8170aa16-323e-44de-b8c0-3f99a1184856<-ab6f04f4-5b2e-49ed-8ed6-18cca86f2b6f#0:OK-t0. Peer's state: ab6f04f4-5b2e-49ed-8ed6-18cca86f2b6f@group-C38045D0070F:t0, leader=null, voted=, raftlog=Memoized:ab6f04f4-5b2e-49ed-8ed6-18cca86f2b6f@group-C38045D0070F-SegmentedRaftLog:OPENED:c-1, conf=-1: peers:[8170aa16-323e-44de-b8c0-3f99a1184856|10.1.0.29:15041, ab6f04f4-5b2e-49ed-8ed6-18cca86f2b6f|10.1.0.29:15059, 71fa9327-596e-4bfe-b86f-33f6bdf50532|10.1.0.29:15050]|listeners:[], old=null
2023-12-10 08:55:37,651 [grpc-default-executor-0] INFO  server.RaftServer$Division (RaftServerImpl.java:requestVote(1377)) - 71fa9327-596e-4bfe-b86f-33f6bdf50532@group-C38045D0070F: receive requestVote(PRE_VOTE, 8170aa16-323e-44de-b8c0-3f99a1184856, group-C38045D0070F, 0, (t:0, i:0))
2023-12-10 08:55:37,652 [grpc-default-executor-0] INFO  impl.VoteContext (VoteContext.java:log(49)) - 71fa9327-596e-4bfe-b86f-33f6bdf50532@group-C38045D0070F-FOLLOWER: accept PRE_VOTE from 8170aa16-323e-44de-b8c0-3f99a1184856: our priority 0 <= candidate's priority 1
2023-12-10 08:55:37,652 [grpc-default-executor-0] INFO  server.RaftServer$Division (RaftServerImpl.java:requestVote(1410)) - 71fa9327-596e-4bfe-b86f-33f6bdf50532@group-C38045D0070F replies to PRE_VOTE vote request: 8170aa16-323e-44de-b8c0-3f99a1184856<-71fa9327-596e-4bfe-b86f-33f6bdf50532#0:OK-t0. Peer's state: 71fa9327-596e-4bfe-b86f-33f6bdf50532@group-C38045D0070F:t0, leader=null, voted=, raftlog=Memoized:71fa9327-596e-4bfe-b86f-33f6bdf50532@group-C38045D0070F-SegmentedRaftLog:OPENED:c-1, conf=-1: peers:[8170aa16-323e-44de-b8c0-3f99a1184856|10.1.0.29:15041, ab6f04f4-5b2e-49ed-8ed6-18cca86f2b6f|10.1.0.29:15059, 71fa9327-596e-4bfe-b86f-33f6bdf50532|10.1.0.29:15050]|listeners:[], old=null
2023-12-10 08:55:37,653 [8170aa16-323e-44de-b8c0-3f99a1184856@group-C38045D0070F-LeaderElection4] INFO  impl.LeaderElection (LeaderElection.java:logAndReturn(89)) - 8170aa16-323e-44de-b8c0-3f99a1184856@group-C38045D0070F-LeaderElection4: PRE_VOTE PASSED received 1 response(s) and 0 exception(s):
2023-12-10 08:55:37,653 [8170aa16-323e-44de-b8c0-3f99a1184856@group-C38045D0070F-LeaderElection4] INFO  impl.LeaderElection (LeaderElection.java:logAndReturn(93)) -   Response 0: 8170aa16-323e-44de-b8c0-3f99a1184856<-ab6f04f4-5b2e-49ed-8ed6-18cca86f2b6f#0:OK-t0
2023-12-10 08:55:37,654 [8170aa16-323e-44de-b8c0-3f99a1184856@group-C38045D0070F-LeaderElection4] INFO  impl.LeaderElection (LeaderElection.java:askForVotes(325)) - 8170aa16-323e-44de-b8c0-3f99a1184856@group-C38045D0070F-LeaderElection4 PRE_VOTE round 0: result PASSED
2023-12-10 08:55:37,660 [8170aa16-323e-44de-b8c0-3f99a1184856@group-C38045D0070F-LeaderElection4] INFO  impl.LeaderElection (LeaderElection.java:askForVotes(323)) - 8170aa16-323e-44de-b8c0-3f99a1184856@group-C38045D0070F-LeaderElection4 ELECTION round 0: submit vote requests at term 1 for -1: peers:[8170aa16-323e-44de-b8c0-3f99a1184856|10.1.0.29:15041, ab6f04f4-5b2e-49ed-8ed6-18cca86f2b6f|10.1.0.29:15059, 71fa9327-596e-4bfe-b86f-33f6bdf50532|10.1.0.29:15050]|listeners:[], old=null
2023-12-10 08:55:37,661 [8170aa16-323e-44de-b8c0-3f99a1184856@group-C38045D0070F-LeaderElection4] INFO  server.RaftServerConfigKeys (ConfUtils.java:logFallback(53)) - raft.server.rpc.first-election.timeout.min = 5s (fallback to raft.server.rpc.timeout.min)
2023-12-10 08:55:37,661 [8170aa16-323e-44de-b8c0-3f99a1184856@group-C38045D0070F-LeaderElection4] INFO  server.RaftServerConfigKeys (ConfUtils.java:logFallback(53)) - raft.server.rpc.first-election.timeout.max = 5200ms (fallback to raft.server.rpc.timeout.max)
2023-12-10 08:55:37,662 [grpc-default-executor-0] INFO  server.RaftServer$Division (RaftServerImpl.java:requestVote(1377)) - ab6f04f4-5b2e-49ed-8ed6-18cca86f2b6f@group-C38045D0070F: receive requestVote(ELECTION, 8170aa16-323e-44de-b8c0-3f99a1184856, group-C38045D0070F, 1, (t:0, i:0))
2023-12-10 08:55:37,662 [grpc-default-executor-0] INFO  impl.VoteContext (VoteContext.java:log(49)) - ab6f04f4-5b2e-49ed-8ed6-18cca86f2b6f@group-C38045D0070F-FOLLOWER: accept ELECTION from 8170aa16-323e-44de-b8c0-3f99a1184856: our priority 0 <= candidate's priority 1
2023-12-10 08:55:37,662 [grpc-default-executor-0] INFO  server.RaftServer$Division (RaftServerImpl.java:setRole(379)) - ab6f04f4-5b2e-49ed-8ed6-18cca86f2b6f@group-C38045D0070F: changes role from  FOLLOWER to FOLLOWER at term 1 for candidate:8170aa16-323e-44de-b8c0-3f99a1184856
2023-12-10 08:55:37,662 [grpc-default-executor-0] INFO  impl.RoleInfo (RoleInfo.java:shutdownFollowerState(110)) - ab6f04f4-5b2e-49ed-8ed6-18cca86f2b6f: shutdown ab6f04f4-5b2e-49ed-8ed6-18cca86f2b6f@group-C38045D0070F-FollowerState
2023-12-10 08:55:37,662 [grpc-default-executor-0] INFO  impl.RoleInfo (RoleInfo.java:updateAndGet(139)) - ab6f04f4-5b2e-49ed-8ed6-18cca86f2b6f: start ab6f04f4-5b2e-49ed-8ed6-18cca86f2b6f@group-C38045D0070F-FollowerState
2023-12-10 08:55:37,662 [ab6f04f4-5b2e-49ed-8ed6-18cca86f2b6f@group-C38045D0070F-FollowerState] INFO  impl.FollowerState (FollowerState.java:run(152)) - ab6f04f4-5b2e-49ed-8ed6-18cca86f2b6f@group-C38045D0070F-FollowerState was interrupted
2023-12-10 08:55:37,662 [grpc-default-executor-0] INFO  server.RaftServer$Division (RaftServerImpl.java:setFirstElection(564)) - ab6f04f4-5b2e-49ed-8ed6-18cca86f2b6f@group-C38045D0070F: set firstElectionSinceStartup to false for candidate:8170aa16-323e-44de-b8c0-3f99a1184856
2023-12-10 08:55:37,664 [grpc-default-executor-0] INFO  server.RaftServer$Division (RaftServerImpl.java:requestVote(1410)) - ab6f04f4-5b2e-49ed-8ed6-18cca86f2b6f@group-C38045D0070F replies to ELECTION vote request: 8170aa16-323e-44de-b8c0-3f99a1184856<-ab6f04f4-5b2e-49ed-8ed6-18cca86f2b6f#0:OK-t1. Peer's state: ab6f04f4-5b2e-49ed-8ed6-18cca86f2b6f@group-C38045D0070F:t1, leader=null, voted=8170aa16-323e-44de-b8c0-3f99a1184856, raftlog=Memoized:ab6f04f4-5b2e-49ed-8ed6-18cca86f2b6f@group-C38045D0070F-SegmentedRaftLog:OPENED:c-1, conf=-1: peers:[8170aa16-323e-44de-b8c0-3f99a1184856|10.1.0.29:15041, ab6f04f4-5b2e-49ed-8ed6-18cca86f2b6f|10.1.0.29:15059, 71fa9327-596e-4bfe-b86f-33f6bdf50532|10.1.0.29:15050]|listeners:[], old=null
2023-12-10 08:55:37,665 [grpc-default-executor-0] INFO  server.RaftServer$Division (RaftServerImpl.java:requestVote(1377)) - 71fa9327-596e-4bfe-b86f-33f6bdf50532@group-C38045D0070F: receive requestVote(ELECTION, 8170aa16-323e-44de-b8c0-3f99a1184856, group-C38045D0070F, 1, (t:0, i:0))
2023-12-10 08:55:37,665 [grpc-default-executor-0] INFO  impl.VoteContext (VoteContext.java:log(49)) - 71fa9327-596e-4bfe-b86f-33f6bdf50532@group-C38045D0070F-FOLLOWER: accept ELECTION from 8170aa16-323e-44de-b8c0-3f99a1184856: our priority 0 <= candidate's priority 1
2023-12-10 08:55:37,665 [grpc-default-executor-0] INFO  server.RaftServer$Division (RaftServerImpl.java:setRole(379)) - 71fa9327-596e-4bfe-b86f-33f6bdf50532@group-C38045D0070F: changes role from  FOLLOWER to FOLLOWER at term 1 for candidate:8170aa16-323e-44de-b8c0-3f99a1184856
2023-12-10 08:55:37,665 [grpc-default-executor-0] INFO  impl.RoleInfo (RoleInfo.java:shutdownFollowerState(110)) - 71fa9327-596e-4bfe-b86f-33f6bdf50532: shutdown 71fa9327-596e-4bfe-b86f-33f6bdf50532@group-C38045D0070F-FollowerState
2023-12-10 08:55:37,666 [grpc-default-executor-0] INFO  impl.RoleInfo (RoleInfo.java:updateAndGet(139)) - 71fa9327-596e-4bfe-b86f-33f6bdf50532: start 71fa9327-596e-4bfe-b86f-33f6bdf50532@group-C38045D0070F-FollowerState
2023-12-10 08:55:37,666 [71fa9327-596e-4bfe-b86f-33f6bdf50532@group-C38045D0070F-FollowerState] INFO  impl.FollowerState (FollowerState.java:run(152)) - 71fa9327-596e-4bfe-b86f-33f6bdf50532@group-C38045D0070F-FollowerState was interrupted
2023-12-10 08:55:37,666 [8170aa16-323e-44de-b8c0-3f99a1184856@group-C38045D0070F-LeaderElection4] INFO  impl.LeaderElection (LeaderElection.java:logAndReturn(89)) - 8170aa16-323e-44de-b8c0-3f99a1184856@group-C38045D0070F-LeaderElection4: ELECTION PASSED received 1 response(s) and 0 exception(s):
2023-12-10 08:55:37,666 [8170aa16-323e-44de-b8c0-3f99a1184856@group-C38045D0070F-LeaderElection4] INFO  impl.LeaderElection (LeaderElection.java:logAndReturn(93)) -   Response 0: 8170aa16-323e-44de-b8c0-3f99a1184856<-ab6f04f4-5b2e-49ed-8ed6-18cca86f2b6f#0:OK-t1
2023-12-10 08:55:37,666 [grpc-default-executor-0] INFO  server.RaftServer$Division (RaftServerImpl.java:setFirstElection(564)) - 71fa9327-596e-4bfe-b86f-33f6bdf50532@group-C38045D0070F: set firstElectionSinceStartup to false for candidate:8170aa16-323e-44de-b8c0-3f99a1184856
2023-12-10 08:55:37,667 [8170aa16-323e-44de-b8c0-3f99a1184856@group-C38045D0070F-LeaderElection4] INFO  impl.LeaderElection (LeaderElection.java:askForVotes(325)) - 8170aa16-323e-44de-b8c0-3f99a1184856@group-C38045D0070F-LeaderElection4 ELECTION round 0: result PASSED
2023-12-10 08:55:37,667 [grpc-default-executor-0] INFO  server.RaftServer$Division (RaftServerImpl.java:requestVote(1410)) - 71fa9327-596e-4bfe-b86f-33f6bdf50532@group-C38045D0070F replies to ELECTION vote request: 8170aa16-323e-44de-b8c0-3f99a1184856<-71fa9327-596e-4bfe-b86f-33f6bdf50532#0:OK-t1. Peer's state: 71fa9327-596e-4bfe-b86f-33f6bdf50532@group-C38045D0070F:t1, leader=null, voted=8170aa16-323e-44de-b8c0-3f99a1184856, raftlog=Memoized:71fa9327-596e-4bfe-b86f-33f6bdf50532@group-C38045D0070F-SegmentedRaftLog:OPENED:c-1, conf=-1: peers:[8170aa16-323e-44de-b8c0-3f99a1184856|10.1.0.29:15041, ab6f04f4-5b2e-49ed-8ed6-18cca86f2b6f|10.1.0.29:15059, 71fa9327-596e-4bfe-b86f-33f6bdf50532|10.1.0.29:15050]|listeners:[], old=null
2023-12-10 08:55:37,667 [8170aa16-323e-44de-b8c0-3f99a1184856@group-C38045D0070F-LeaderElection4] INFO  impl.RoleInfo (RoleInfo.java:shutdownLeaderElection(130)) - 8170aa16-323e-44de-b8c0-3f99a1184856: shutdown 8170aa16-323e-44de-b8c0-3f99a1184856@group-C38045D0070F-LeaderElection4
2023-12-10 08:55:37,667 [8170aa16-323e-44de-b8c0-3f99a1184856@group-C38045D0070F-LeaderElection4] INFO  server.RaftServer$Division (RaftServerImpl.java:setRole(379)) - 8170aa16-323e-44de-b8c0-3f99a1184856@group-C38045D0070F: changes role from CANDIDATE to LEADER at term 1 for changeToLeader
2023-12-10 08:55:37,668 [8170aa16-323e-44de-b8c0-3f99a1184856@group-C38045D0070F-LeaderElection4] INFO  server.RaftServerConfigKeys (ConfUtils.java:logGet(46)) - raft.server.staging.catchup.gap = 1000 (default)
2023-12-10 08:55:37,669 [8170aa16-323e-44de-b8c0-3f99a1184856@group-C38045D0070F-LeaderElection4] INFO  server.RaftServerConfigKeys (ConfUtils.java:logGet(46)) - raft.server.write.element-limit = 1024 (custom)
2023-12-10 08:55:37,669 [8170aa16-323e-44de-b8c0-3f99a1184856@group-C38045D0070F-LeaderElection4] INFO  server.RaftServerConfigKeys (ConfUtils.java:logGet(46)) - raft.server.write.byte-limit = 1024 M (=1073741824) (custom)
2023-12-10 08:55:37,670 [8170aa16-323e-44de-b8c0-3f99a1184856@group-C38045D0070F-LeaderElection4] INFO  server.RaftServerConfigKeys (ConfUtils.java:logGet(46)) - raft.server.watch.timeout = 180s (custom)
2023-12-10 08:55:37,670 [8170aa16-323e-44de-b8c0-3f99a1184856@group-C38045D0070F-LeaderElection4] INFO  server.RaftServerConfigKeys (ConfUtils.java:logGet(46)) - raft.server.watch.timeout.denomination = 1s (default)
2023-12-10 08:55:37,670 [8170aa16-323e-44de-b8c0-3f99a1184856@group-C38045D0070F-LeaderElection4] INFO  server.RaftServerConfigKeys (ConfUtils.java:logGet(46)) - raft.server.watch.element-limit = 65536 (default)
2023-12-10 08:55:37,670 [8170aa16-323e-44de-b8c0-3f99a1184856@group-C38045D0070F-LeaderElection4] INFO  server.RaftServerConfigKeys (ConfUtils.java:logGet(46)) - raft.server.read.leader.lease.enabled = false (default)
2023-12-10 08:55:37,670 [8170aa16-323e-44de-b8c0-3f99a1184856@group-C38045D0070F-LeaderElection4] INFO  server.RaftServerConfigKeys (ConfUtils.java:logGet(46)) - raft.server.read.leader.lease.timeout.ratio = 0.9 (default)
2023-12-10 08:55:37,670 [8170aa16-323e-44de-b8c0-3f99a1184856@group-C38045D0070F-LeaderElection4] INFO  server.RaftServerConfigKeys (ConfUtils.java:logGet(46)) - raft.server.rpc.timeout.min = 5s (custom)
2023-12-10 08:55:37,670 [8170aa16-323e-44de-b8c0-3f99a1184856@group-C38045D0070F-LeaderElection4] INFO  server.RaftServerConfigKeys (ConfUtils.java:logGet(46)) - raft.server.write.element-limit = 1024 (custom)
2023-12-10 08:55:37,671 [8170aa16-323e-44de-b8c0-3f99a1184856@group-C38045D0070F-LeaderElection4] INFO  server.RaftServerConfigKeys (ConfUtils.java:logGet(46)) - raft.server.write.follower.gap.ratio.max = -1.0 (default)
2023-12-10 08:55:37,671 [8170aa16-323e-44de-b8c0-3f99a1184856@group-C38045D0070F-LeaderElection4] INFO  server.RaftServerConfigKeys (ConfUtils.java:logGet(46)) - raft.server.log.appender.snapshot.chunk.size.max = 16MB (=16777216) (default)
2023-12-10 08:55:37,671 [8170aa16-323e-44de-b8c0-3f99a1184856@group-C38045D0070F-LeaderElection4] INFO  server.RaftServerConfigKeys (ConfUtils.java:logGet(46)) - raft.server.log.appender.buffer.byte-limit = 8388608 (custom)
2023-12-10 08:55:37,671 [8170aa16-323e-44de-b8c0-3f99a1184856@group-C38045D0070F-LeaderElection4] INFO  server.RaftServerConfigKeys (ConfUtils.java:logGet(46)) - raft.server.log.appender.buffer.element-limit = 1 (custom)
2023-12-10 08:55:37,672 [8170aa16-323e-44de-b8c0-3f99a1184856@group-C38045D0070F-LeaderElection4] INFO  server.RaftServerConfigKeys (ConfUtils.java:logGet(46)) - raft.server.log.appender.wait-time.min = 0μs (custom)
2023-12-10 08:55:37,672 [8170aa16-323e-44de-b8c0-3f99a1184856@group-C38045D0070F-LeaderElection4] INFO  grpc.GrpcConfigKeys (ConfUtils.java:logGet(46)) - raft.grpc.server.leader.outstanding.appends.max = 8 (default)
2023-12-10 08:55:37,673 [8170aa16-323e-44de-b8c0-3f99a1184856@group-C38045D0070F-LeaderElection4] INFO  server.RaftServerConfigKeys (ConfUtils.java:logGet(46)) - raft.server.rpc.request.timeout = 60s (custom)
2023-12-10 08:55:37,673 [8170aa16-323e-44de-b8c0-3f99a1184856@group-C38045D0070F-LeaderElection4] INFO  grpc.GrpcConfigKeys (ConfUtils.java:logGet(46)) - raft.grpc.server.install_snapshot.request.element-limit = 8 (default)
2023-12-10 08:55:37,673 [8170aa16-323e-44de-b8c0-3f99a1184856@group-C38045D0070F-LeaderElection4] INFO  grpc.GrpcConfigKeys (ConfUtils.java:logGet(46)) - raft.grpc.server.install_snapshot.request.timeout = 3000ms (default)
2023-12-10 08:55:37,673 [8170aa16-323e-44de-b8c0-3f99a1184856@group-C38045D0070F-LeaderElection4] INFO  server.RaftServerConfigKeys (ConfUtils.java:logGet(46)) - raft.server.log.appender.install.snapshot.enabled = false (custom)
2023-12-10 08:55:37,673 [8170aa16-323e-44de-b8c0-3f99a1184856@group-C38045D0070F-LeaderElection4] INFO  grpc.GrpcConfigKeys (ConfUtils.java:logGet(46)) - raft.grpc.server.heartbeat.channel = true (default)
2023-12-10 08:55:37,674 [8170aa16-323e-44de-b8c0-3f99a1184856@group-C38045D0070F-LeaderElection4] INFO  server.RaftServerConfigKeys (ConfUtils.java:logGet(46)) - raft.server.log.appender.snapshot.chunk.size.max = 16MB (=16777216) (default)
2023-12-10 08:55:37,675 [8170aa16-323e-44de-b8c0-3f99a1184856@group-C38045D0070F-LeaderElection4] INFO  server.RaftServerConfigKeys (ConfUtils.java:logGet(46)) - raft.server.log.appender.buffer.byte-limit = 8388608 (custom)
2023-12-10 08:55:37,675 [8170aa16-323e-44de-b8c0-3f99a1184856@group-C38045D0070F-LeaderElection4] INFO  server.RaftServerConfigKeys (ConfUtils.java:logGet(46)) - raft.server.log.appender.buffer.element-limit = 1 (custom)
2023-12-10 08:55:37,675 [8170aa16-323e-44de-b8c0-3f99a1184856@group-C38045D0070F-LeaderElection4] INFO  server.RaftServerConfigKeys (ConfUtils.java:logGet(46)) - raft.server.log.appender.wait-time.min = 0μs (custom)
2023-12-10 08:55:37,675 [8170aa16-323e-44de-b8c0-3f99a1184856@group-C38045D0070F-LeaderElection4] INFO  grpc.GrpcConfigKeys (ConfUtils.java:logGet(46)) - raft.grpc.server.leader.outstanding.appends.max = 8 (default)
2023-12-10 08:55:37,675 [8170aa16-323e-44de-b8c0-3f99a1184856@group-C38045D0070F-LeaderElection4] INFO  server.RaftServerConfigKeys (ConfUtils.java:logGet(46)) - raft.server.rpc.request.timeout = 60s (custom)
2023-12-10 08:55:37,675 [8170aa16-323e-44de-b8c0-3f99a1184856@group-C38045D0070F-LeaderElection4] INFO  grpc.GrpcConfigKeys (ConfUtils.java:logGet(46)) - raft.grpc.server.install_snapshot.request.element-limit = 8 (default)
2023-12-10 08:55:37,675 [8170aa16-323e-44de-b8c0-3f99a1184856@group-C38045D0070F-LeaderElection4] INFO  grpc.GrpcConfigKeys (ConfUtils.java:logGet(46)) - raft.grpc.server.install_snapshot.request.timeout = 3000ms (default)
2023-12-10 08:55:37,675 [8170aa16-323e-44de-b8c0-3f99a1184856@group-C38045D0070F-LeaderElection4] INFO  server.RaftServerConfigKeys (ConfUtils.java:logGet(46)) - raft.server.log.appender.install.snapshot.enabled = false (custom)
2023-12-10 08:55:37,675 [8170aa16-323e-44de-b8c0-3f99a1184856@group-C38045D0070F-LeaderElection4] INFO  grpc.GrpcConfigKeys (ConfUtils.java:logGet(46)) - raft.grpc.server.heartbeat.channel = true (default)
2023-12-10 08:55:37,676 [8170aa16-323e-44de-b8c0-3f99a1184856@group-C38045D0070F-LeaderElection4] INFO  impl.RoleInfo (RoleInfo.java:updateAndGet(139)) - 8170aa16-323e-44de-b8c0-3f99a1184856: start 8170aa16-323e-44de-b8c0-3f99a1184856@group-C38045D0070F-LeaderStateImpl
2023-12-10 08:55:37,676 [8170aa16-323e-44de-b8c0-3f99a1184856@group-C38045D0070F-LeaderElection4] INFO  server.RaftServer$Division (RaftServerImpl.java:setFirstElection(564)) - 8170aa16-323e-44de-b8c0-3f99a1184856@group-C38045D0070F: set firstElectionSinceStartup to false for becomeLeader
2023-12-10 08:55:37,676 [8170aa16-323e-44de-b8c0-3f99a1184856@group-C38045D0070F-LeaderElection4] INFO  ratis.XceiverServerRatis (XceiverServerRatis.java:handleLeaderChangedNotification(935)) - Leader change notification received for group: group-C38045D0070F with new leaderId: 8170aa16-323e-44de-b8c0-3f99a1184856
2023-12-10 08:55:37,676 [8170aa16-323e-44de-b8c0-3f99a1184856@group-C38045D0070F-LeaderElection4] INFO  server.RaftServer$Division (ServerState.java:setLeader(265)) - 8170aa16-323e-44de-b8c0-3f99a1184856@group-C38045D0070F: change Leader from null to 8170aa16-323e-44de-b8c0-3f99a1184856 at term 1 for becomeLeader, leader elected after 5259ms
2023-12-10 08:55:37,677 [8170aa16-323e-44de-b8c0-3f99a1184856@group-C38045D0070F-LeaderElection4] INFO  segmented.SegmentedRaftLogWorker (SegmentedRaftLogWorker.java:startLogSegment(428)) - 8170aa16-323e-44de-b8c0-3f99a1184856@group-C38045D0070F-SegmentedRaftLogWorker: Starting segment from index:0
2023-12-10 08:55:37,678 [EventQueue-PipelineReportForPipelineReportHandler] INFO  pipeline.PipelineReportHandler (PipelineReportHandler.java:processPipelineReport(136)) - Opened pipeline PipelineID=189588f6-959e-4d62-8f1a-c38045d0070f
2023-12-10 08:55:37,682 [8170aa16-323e-44de-b8c0-3f99a1184856@group-C38045D0070F-LeaderElection4] INFO  server.RaftServer$Division (ServerState.java:setRaftConf(382)) - 8170aa16-323e-44de-b8c0-3f99a1184856@group-C38045D0070F: set configuration 0: peers:[8170aa16-323e-44de-b8c0-3f99a1184856|10.1.0.29:15041, ab6f04f4-5b2e-49ed-8ed6-18cca86f2b6f|10.1.0.29:15059, 71fa9327-596e-4bfe-b86f-33f6bdf50532|10.1.0.29:15050]|listeners:[], old=null
2023-12-10 08:55:37,685 [8170aa16-323e-44de-b8c0-3f99a1184856@group-C38045D0070F-SegmentedRaftLogWorker] INFO  segmented.SegmentedRaftLogWorker (SegmentedRaftLogWorker.java:execute(632)) - 8170aa16-323e-44de-b8c0-3f99a1184856@group-C38045D0070F-SegmentedRaftLogWorker: created new log segment /home/runner/work/ozone/ozone/hadoop-ozone/integration-test/target/test-dir/MiniOzoneClusterImpl-7f66dfcd-4d84-4460-b9fe-211923c7b7bb/datanode-3/data/ratis/189588f6-959e-4d62-8f1a-c38045d0070f/current/log_inprogress_0
2023-12-10 08:55:37,698 [ab6f04f4-5b2e-49ed-8ed6-18cca86f2b6f-server-thread1] INFO  ratis.XceiverServerRatis (XceiverServerRatis.java:handleLeaderChangedNotification(935)) - Leader change notification received for group: group-C38045D0070F with new leaderId: 8170aa16-323e-44de-b8c0-3f99a1184856
2023-12-10 08:55:37,698 [ab6f04f4-5b2e-49ed-8ed6-18cca86f2b6f-server-thread1] INFO  server.RaftServer$Division (ServerState.java:setLeader(265)) - ab6f04f4-5b2e-49ed-8ed6-18cca86f2b6f@group-C38045D0070F: change Leader from null to 8170aa16-323e-44de-b8c0-3f99a1184856 at term 1 for appendEntries, leader elected after 4935ms
2023-12-10 08:55:37,704 [ab6f04f4-5b2e-49ed-8ed6-18cca86f2b6f-server-thread2] INFO  server.RaftServer$Division (ServerState.java:setRaftConf(382)) - ab6f04f4-5b2e-49ed-8ed6-18cca86f2b6f@group-C38045D0070F: set configuration 0: peers:[8170aa16-323e-44de-b8c0-3f99a1184856|10.1.0.29:15041, ab6f04f4-5b2e-49ed-8ed6-18cca86f2b6f|10.1.0.29:15059, 71fa9327-596e-4bfe-b86f-33f6bdf50532|10.1.0.29:15050]|listeners:[], old=null
2023-12-10 08:55:37,704 [ab6f04f4-5b2e-49ed-8ed6-18cca86f2b6f-server-thread2] INFO  segmented.SegmentedRaftLogWorker (SegmentedRaftLogWorker.java:startLogSegment(428)) - ab6f04f4-5b2e-49ed-8ed6-18cca86f2b6f@group-C38045D0070F-SegmentedRaftLogWorker: Starting segment from index:0
2023-12-10 08:55:37,711 [71fa9327-596e-4bfe-b86f-33f6bdf50532-server-thread1] INFO  ratis.XceiverServerRatis (XceiverServerRatis.java:handleLeaderChangedNotification(935)) - Leader change notification received for group: group-C38045D0070F with new leaderId: 8170aa16-323e-44de-b8c0-3f99a1184856
2023-12-10 08:55:37,711 [71fa9327-596e-4bfe-b86f-33f6bdf50532-server-thread1] INFO  server.RaftServer$Division (ServerState.java:setLeader(265)) - 71fa9327-596e-4bfe-b86f-33f6bdf50532@group-C38045D0070F: change Leader from null to 8170aa16-323e-44de-b8c0-3f99a1184856 at term 1 for appendEntries, leader elected after 5174ms
2023-12-10 08:55:37,713 [71fa9327-596e-4bfe-b86f-33f6bdf50532-server-thread2] INFO  server.RaftServer$Division (ServerState.java:setRaftConf(382)) - 71fa9327-596e-4bfe-b86f-33f6bdf50532@group-C38045D0070F: set configuration 0: peers:[8170aa16-323e-44de-b8c0-3f99a1184856|10.1.0.29:15041, ab6f04f4-5b2e-49ed-8ed6-18cca86f2b6f|10.1.0.29:15059, 71fa9327-596e-4bfe-b86f-33f6bdf50532|10.1.0.29:15050]|listeners:[], old=null
2023-12-10 08:55:37,713 [71fa9327-596e-4bfe-b86f-33f6bdf50532-server-thread2] INFO  segmented.SegmentedRaftLogWorker (SegmentedRaftLogWorker.java:startLogSegment(428)) - 71fa9327-596e-4bfe-b86f-33f6bdf50532@group-C38045D0070F-SegmentedRaftLogWorker: Starting segment from index:0
2023-12-10 08:55:37,716 [ab6f04f4-5b2e-49ed-8ed6-18cca86f2b6f@group-C38045D0070F-SegmentedRaftLogWorker] INFO  segmented.SegmentedRaftLogWorker (SegmentedRaftLogWorker.java:execute(632)) - ab6f04f4-5b2e-49ed-8ed6-18cca86f2b6f@group-C38045D0070F-SegmentedRaftLogWorker: created new log segment /home/runner/work/ozone/ozone/hadoop-ozone/integration-test/target/test-dir/MiniOzoneClusterImpl-7f66dfcd-4d84-4460-b9fe-211923c7b7bb/datanode-5/data/ratis/189588f6-959e-4d62-8f1a-c38045d0070f/current/log_inprogress_0
2023-12-10 08:55:37,726 [8170aa16-323e-44de-b8c0-3f99a1184856@group-C38045D0070F-StateMachineUpdater] INFO  server.RaftServer$Division (LeaderStateImpl.java:isApplied(316)) - leader is ready since appliedIndex == 0 >= startIndex == 0
2023-12-10 08:55:37,729 [71fa9327-596e-4bfe-b86f-33f6bdf50532@group-C38045D0070F-SegmentedRaftLogWorker] INFO  segmented.SegmentedRaftLogWorker (SegmentedRaftLogWorker.java:execute(632)) - 71fa9327-596e-4bfe-b86f-33f6bdf50532@group-C38045D0070F-SegmentedRaftLogWorker: created new log segment /home/runner/work/ozone/ozone/hadoop-ozone/integration-test/target/test-dir/MiniOzoneClusterImpl-7f66dfcd-4d84-4460-b9fe-211923c7b7bb/datanode-4/data/ratis/189588f6-959e-4d62-8f1a-c38045d0070f/current/log_inprogress_0
2023-12-10 08:55:37,788 [173e1c01-ab9b-4bd4-a1fb-1dc9b7180747@group-E94C0B570E05-FollowerState] INFO  impl.FollowerState (FollowerState.java:run(143)) - 173e1c01-ab9b-4bd4-a1fb-1dc9b7180747@group-E94C0B570E05-FollowerState: change to CANDIDATE, lastRpcElapsedTime:5076783410ns, electionTimeout:5073ms
2023-12-10 08:55:37,789 [173e1c01-ab9b-4bd4-a1fb-1dc9b7180747@group-E94C0B570E05-FollowerState] INFO  impl.RoleInfo (RoleInfo.java:shutdownFollowerState(110)) - 173e1c01-ab9b-4bd4-a1fb-1dc9b7180747: shutdown 173e1c01-ab9b-4bd4-a1fb-1dc9b7180747@group-E94C0B570E05-FollowerState
2023-12-10 08:55:37,789 [173e1c01-ab9b-4bd4-a1fb-1dc9b7180747@group-E94C0B570E05-FollowerState] INFO  server.RaftServer$Division (RaftServerImpl.java:setRole(379)) - 173e1c01-ab9b-4bd4-a1fb-1dc9b7180747@group-E94C0B570E05: changes role from  FOLLOWER to CANDIDATE at term 0 for changeToCandidate
2023-12-10 08:55:37,789 [173e1c01-ab9b-4bd4-a1fb-1dc9b7180747@group-E94C0B570E05-FollowerState] INFO  server.RaftServerConfigKeys (ConfUtils.java:logGet(46)) - raft.server.leaderelection.pre-vote = true (default)
2023-12-10 08:55:37,789 [173e1c01-ab9b-4bd4-a1fb-1dc9b7180747@group-E94C0B570E05-FollowerState] INFO  impl.RoleInfo (RoleInfo.java:updateAndGet(139)) - 173e1c01-ab9b-4bd4-a1fb-1dc9b7180747: start 173e1c01-ab9b-4bd4-a1fb-1dc9b7180747@group-E94C0B570E05-LeaderElection5
2023-12-10 08:55:37,791 [173e1c01-ab9b-4bd4-a1fb-1dc9b7180747@group-E94C0B570E05-LeaderElection5] INFO  impl.LeaderElection (LeaderElection.java:askForVotes(323)) - 173e1c01-ab9b-4bd4-a1fb-1dc9b7180747@group-E94C0B570E05-LeaderElection5 PRE_VOTE round 0: submit vote requests at term 0 for -1: peers:[173e1c01-ab9b-4bd4-a1fb-1dc9b7180747|10.1.0.29:15032, edd7aebe-e713-4899-b982-ee5b12165735|10.1.0.29:15023, ceafc0c7-af9d-4de4-ae81-ea841051c606|10.1.0.29:15014]|listeners:[], old=null
2023-12-10 08:55:37,791 [173e1c01-ab9b-4bd4-a1fb-1dc9b7180747@group-E94C0B570E05-LeaderElection5] INFO  server.RaftServerConfigKeys (ConfUtils.java:logFallback(53)) - raft.server.rpc.first-election.timeout.min = 5s (fallback to raft.server.rpc.timeout.min)
2023-12-10 08:55:37,791 [173e1c01-ab9b-4bd4-a1fb-1dc9b7180747@group-E94C0B570E05-LeaderElection5] INFO  server.RaftServerConfigKeys (ConfUtils.java:logFallback(53)) - raft.server.rpc.first-election.timeout.max = 5200ms (fallback to raft.server.rpc.timeout.max)
2023-12-10 08:55:37,792 [173e1c01-ab9b-4bd4-a1fb-1dc9b7180747@group-E94C0B570E05-LeaderElection5-1] INFO  server.GrpcServerProtocolClient (GrpcServerProtocolClient.java:<init>(65)) - Build channel for edd7aebe-e713-4899-b982-ee5b12165735
2023-12-10 08:55:37,792 [173e1c01-ab9b-4bd4-a1fb-1dc9b7180747@group-E94C0B570E05-LeaderElection5-2] INFO  server.GrpcServerProtocolClient (GrpcServerProtocolClient.java:<init>(65)) - Build channel for ceafc0c7-af9d-4de4-ae81-ea841051c606
2023-12-10 08:55:37,798 [grpc-default-executor-3] INFO  server.RaftServer$Division (RaftServerImpl.java:requestVote(1377)) - edd7aebe-e713-4899-b982-ee5b12165735@group-E94C0B570E05: receive requestVote(PRE_VOTE, 173e1c01-ab9b-4bd4-a1fb-1dc9b7180747, group-E94C0B570E05, 0, (t:0, i:0))
2023-12-10 08:55:37,798 [grpc-default-executor-3] INFO  impl.VoteContext (VoteContext.java:log(49)) - edd7aebe-e713-4899-b982-ee5b12165735@group-E94C0B570E05-FOLLOWER: reject PRE_VOTE from 173e1c01-ab9b-4bd4-a1fb-1dc9b7180747: our priority 1 > candidate's priority 0
2023-12-10 08:55:37,798 [grpc-default-executor-3] INFO  server.RaftServer$Division (RaftServerImpl.java:requestVote(1410)) - edd7aebe-e713-4899-b982-ee5b12165735@group-E94C0B570E05 replies to PRE_VOTE vote request: 173e1c01-ab9b-4bd4-a1fb-1dc9b7180747<-edd7aebe-e713-4899-b982-ee5b12165735#0:FAIL-t0. Peer's state: edd7aebe-e713-4899-b982-ee5b12165735@group-E94C0B570E05:t0, leader=null, voted=, raftlog=Memoized:edd7aebe-e713-4899-b982-ee5b12165735@group-E94C0B570E05-SegmentedRaftLog:OPENED:c-1, conf=-1: peers:[173e1c01-ab9b-4bd4-a1fb-1dc9b7180747|10.1.0.29:15032, edd7aebe-e713-4899-b982-ee5b12165735|10.1.0.29:15023, ceafc0c7-af9d-4de4-ae81-ea841051c606|10.1.0.29:15014]|listeners:[], old=null
2023-12-10 08:55:37,800 [173e1c01-ab9b-4bd4-a1fb-1dc9b7180747@group-E94C0B570E05-LeaderElection5] INFO  impl.LeaderElection (LeaderElection.java:logAndReturn(89)) - 173e1c01-ab9b-4bd4-a1fb-1dc9b7180747@group-E94C0B570E05-LeaderElection5: PRE_VOTE REJECTED received 1 response(s) and 0 exception(s):
2023-12-10 08:55:37,800 [173e1c01-ab9b-4bd4-a1fb-1dc9b7180747@group-E94C0B570E05-LeaderElection5] INFO  impl.LeaderElection (LeaderElection.java:logAndReturn(93)) -   Response 0: 173e1c01-ab9b-4bd4-a1fb-1dc9b7180747<-edd7aebe-e713-4899-b982-ee5b12165735#0:FAIL-t0
2023-12-10 08:55:37,800 [173e1c01-ab9b-4bd4-a1fb-1dc9b7180747@group-E94C0B570E05-LeaderElection5] INFO  impl.LeaderElection (LeaderElection.java:askForVotes(325)) - 173e1c01-ab9b-4bd4-a1fb-1dc9b7180747@group-E94C0B570E05-LeaderElection5 PRE_VOTE round 0: result REJECTED
2023-12-10 08:55:37,800 [173e1c01-ab9b-4bd4-a1fb-1dc9b7180747@group-E94C0B570E05-LeaderElection5] INFO  server.RaftServer$Division (RaftServerImpl.java:setRole(379)) - 173e1c01-ab9b-4bd4-a1fb-1dc9b7180747@group-E94C0B570E05: changes role from CANDIDATE to FOLLOWER at term 0 for REJECTED
2023-12-10 08:55:37,801 [173e1c01-ab9b-4bd4-a1fb-1dc9b7180747@group-E94C0B570E05-LeaderElection5] INFO  impl.RoleInfo (RoleInfo.java:shutdownLeaderElection(130)) - 173e1c01-ab9b-4bd4-a1fb-1dc9b7180747: shutdown 173e1c01-ab9b-4bd4-a1fb-1dc9b7180747@group-E94C0B570E05-LeaderElection5
2023-12-10 08:55:37,801 [173e1c01-ab9b-4bd4-a1fb-1dc9b7180747@group-E94C0B570E05-LeaderElection5] INFO  impl.RoleInfo (RoleInfo.java:updateAndGet(139)) - 173e1c01-ab9b-4bd4-a1fb-1dc9b7180747: start 173e1c01-ab9b-4bd4-a1fb-1dc9b7180747@group-E94C0B570E05-FollowerState
2023-12-10 08:55:37,801 [173e1c01-ab9b-4bd4-a1fb-1dc9b7180747@group-E94C0B570E05-LeaderElection5] INFO  server.RaftServer$Division (RaftServerImpl.java:setFirstElection(564)) - 173e1c01-ab9b-4bd4-a1fb-1dc9b7180747@group-E94C0B570E05: set firstElectionSinceStartup to false for REJECTED
2023-12-10 08:55:37,802 [grpc-default-executor-3] INFO  server.RaftServer$Division (RaftServerImpl.java:requestVote(1377)) - ceafc0c7-af9d-4de4-ae81-ea841051c606@group-E94C0B570E05: receive requestVote(PRE_VOTE, 173e1c01-ab9b-4bd4-a1fb-1dc9b7180747, group-E94C0B570E05, 0, (t:0, i:0))
2023-12-10 08:55:37,802 [grpc-default-executor-3] INFO  impl.VoteContext (VoteContext.java:log(49)) - ceafc0c7-af9d-4de4-ae81-ea841051c606@group-E94C0B570E05-FOLLOWER: accept PRE_VOTE from 173e1c01-ab9b-4bd4-a1fb-1dc9b7180747: our priority 0 <= candidate's priority 0
2023-12-10 08:55:37,802 [grpc-default-executor-3] INFO  server.RaftServer$Division (RaftServerImpl.java:requestVote(1410)) - ceafc0c7-af9d-4de4-ae81-ea841051c606@group-E94C0B570E05 replies to PRE_VOTE vote request: 173e1c01-ab9b-4bd4-a1fb-1dc9b7180747<-ceafc0c7-af9d-4de4-ae81-ea841051c606#0:OK-t0. Peer's state: ceafc0c7-af9d-4de4-ae81-ea841051c606@group-E94C0B570E05:t0, leader=null, voted=, raftlog=Memoized:ceafc0c7-af9d-4de4-ae81-ea841051c606@group-E94C0B570E05-SegmentedRaftLog:OPENED:c-1, conf=-1: peers:[173e1c01-ab9b-4bd4-a1fb-1dc9b7180747|10.1.0.29:15032, edd7aebe-e713-4899-b982-ee5b12165735|10.1.0.29:15023, ceafc0c7-af9d-4de4-ae81-ea841051c606|10.1.0.29:15014]|listeners:[], old=null
2023-12-10 08:55:37,816 [71fa9327-596e-4bfe-b86f-33f6bdf50532@group-F342B1D124FD-FollowerState] INFO  impl.FollowerState (FollowerState.java:run(143)) - 71fa9327-596e-4bfe-b86f-33f6bdf50532@group-F342B1D124FD-FollowerState: change to CANDIDATE, lastRpcElapsedTime:5062309406ns, electionTimeout:5054ms
2023-12-10 08:55:37,816 [71fa9327-596e-4bfe-b86f-33f6bdf50532@group-F342B1D124FD-FollowerState] INFO  impl.RoleInfo (RoleInfo.java:shutdownFollowerState(110)) - 71fa9327-596e-4bfe-b86f-33f6bdf50532: shutdown 71fa9327-596e-4bfe-b86f-33f6bdf50532@group-F342B1D124FD-FollowerState
2023-12-10 08:55:37,816 [71fa9327-596e-4bfe-b86f-33f6bdf50532@group-F342B1D124FD-FollowerState] INFO  server.RaftServer$Division (RaftServerImpl.java:setRole(379)) - 71fa9327-596e-4bfe-b86f-33f6bdf50532@group-F342B1D124FD: changes role from  FOLLOWER to CANDIDATE at term 0 for changeToCandidate
2023-12-10 08:55:37,816 [71fa9327-596e-4bfe-b86f-33f6bdf50532@group-F342B1D124FD-FollowerState] INFO  server.RaftServerConfigKeys (ConfUtils.java:logGet(46)) - raft.server.leaderelection.pre-vote = true (default)
2023-12-10 08:55:37,816 [71fa9327-596e-4bfe-b86f-33f6bdf50532@group-F342B1D124FD-FollowerState] INFO  impl.RoleInfo (RoleInfo.java:updateAndGet(139)) - 71fa9327-596e-4bfe-b86f-33f6bdf50532: start 71fa9327-596e-4bfe-b86f-33f6bdf50532@group-F342B1D124FD-LeaderElection6
2023-12-10 08:55:37,818 [71fa9327-596e-4bfe-b86f-33f6bdf50532@group-F342B1D124FD-LeaderElection6] INFO  impl.LeaderElection (LeaderElection.java:askForVotes(323)) - 71fa9327-596e-4bfe-b86f-33f6bdf50532@group-F342B1D124FD-LeaderElection6 PRE_VOTE round 0: submit vote requests at term 0 for -1: peers:[8170aa16-323e-44de-b8c0-3f99a1184856|10.1.0.29:15041, ab6f04f4-5b2e-49ed-8ed6-18cca86f2b6f|10.1.0.29:15059, 71fa9327-596e-4bfe-b86f-33f6bdf50532|10.1.0.29:15050]|listeners:[], old=null
2023-12-10 08:55:37,825 [71fa9327-596e-4bfe-b86f-33f6bdf50532@group-F342B1D124FD-LeaderElection6-1] INFO  server.GrpcServerProtocolClient (GrpcServerProtocolClient.java:<init>(65)) - Build channel for 8170aa16-323e-44de-b8c0-3f99a1184856
2023-12-10 08:55:37,825 [71fa9327-596e-4bfe-b86f-33f6bdf50532@group-F342B1D124FD-LeaderElection6] INFO  server.RaftServerConfigKeys (ConfUtils.java:logFallback(53)) - raft.server.rpc.first-election.timeout.min = 5s (fallback to raft.server.rpc.timeout.min)
2023-12-10 08:55:37,825 [71fa9327-596e-4bfe-b86f-33f6bdf50532@group-F342B1D124FD-LeaderElection6] INFO  server.RaftServerConfigKeys (ConfUtils.java:logFallback(53)) - raft.server.rpc.first-election.timeout.max = 5200ms (fallback to raft.server.rpc.timeout.max)
2023-12-10 08:55:37,825 [71fa9327-596e-4bfe-b86f-33f6bdf50532@group-F342B1D124FD-LeaderElection6-2] INFO  server.GrpcServerProtocolClient (GrpcServerProtocolClient.java:<init>(65)) - Build channel for ab6f04f4-5b2e-49ed-8ed6-18cca86f2b6f
2023-12-10 08:55:37,833 [grpc-default-executor-0] INFO  server.RaftServer$Division (RaftServerImpl.java:requestVote(1377)) - 8170aa16-323e-44de-b8c0-3f99a1184856@group-F342B1D124FD: receive requestVote(PRE_VOTE, 71fa9327-596e-4bfe-b86f-33f6bdf50532, group-F342B1D124FD, 0, (t:0, i:0))
2023-12-10 08:55:37,833 [grpc-default-executor-0] INFO  impl.VoteContext (VoteContext.java:log(49)) - 8170aa16-323e-44de-b8c0-3f99a1184856@group-F342B1D124FD-FOLLOWER: accept PRE_VOTE from 71fa9327-596e-4bfe-b86f-33f6bdf50532: our priority 0 <= candidate's priority 0
2023-12-10 08:55:37,833 [grpc-default-executor-0] INFO  server.RaftServer$Division (RaftServerImpl.java:requestVote(1410)) - 8170aa16-323e-44de-b8c0-3f99a1184856@group-F342B1D124FD replies to PRE_VOTE vote request: 71fa9327-596e-4bfe-b86f-33f6bdf50532<-8170aa16-323e-44de-b8c0-3f99a1184856#0:OK-t0. Peer's state: 8170aa16-323e-44de-b8c0-3f99a1184856@group-F342B1D124FD:t0, leader=null, voted=, raftlog=Memoized:8170aa16-323e-44de-b8c0-3f99a1184856@group-F342B1D124FD-SegmentedRaftLog:OPENED:c-1, conf=-1: peers:[8170aa16-323e-44de-b8c0-3f99a1184856|10.1.0.29:15041, ab6f04f4-5b2e-49ed-8ed6-18cca86f2b6f|10.1.0.29:15059, 71fa9327-596e-4bfe-b86f-33f6bdf50532|10.1.0.29:15050]|listeners:[], old=null
2023-12-10 08:55:37,834 [grpc-default-executor-3] INFO  server.RaftServer$Division (RaftServerImpl.java:requestVote(1377)) - ab6f04f4-5b2e-49ed-8ed6-18cca86f2b6f@group-F342B1D124FD: receive requestVote(PRE_VOTE, 71fa9327-596e-4bfe-b86f-33f6bdf50532, group-F342B1D124FD, 0, (t:0, i:0))
2023-12-10 08:55:37,834 [grpc-default-executor-3] INFO  impl.VoteContext (VoteContext.java:log(49)) - ab6f04f4-5b2e-49ed-8ed6-18cca86f2b6f@group-F342B1D124FD-FOLLOWER: reject PRE_VOTE from 71fa9327-596e-4bfe-b86f-33f6bdf50532: our priority 1 > candidate's priority 0
2023-12-10 08:55:37,834 [grpc-default-executor-3] INFO  server.RaftServer$Division (RaftServerImpl.java:requestVote(1410)) - ab6f04f4-5b2e-49ed-8ed6-18cca86f2b6f@group-F342B1D124FD replies to PRE_VOTE vote request: 71fa9327-596e-4bfe-b86f-33f6bdf50532<-ab6f04f4-5b2e-49ed-8ed6-18cca86f2b6f#0:FAIL-t0. Peer's state: ab6f04f4-5b2e-49ed-8ed6-18cca86f2b6f@group-F342B1D124FD:t0, leader=null, voted=, raftlog=Memoized:ab6f04f4-5b2e-49ed-8ed6-18cca86f2b6f@group-F342B1D124FD-SegmentedRaftLog:OPENED:c-1, conf=-1: peers:[8170aa16-323e-44de-b8c0-3f99a1184856|10.1.0.29:15041, ab6f04f4-5b2e-49ed-8ed6-18cca86f2b6f|10.1.0.29:15059, 71fa9327-596e-4bfe-b86f-33f6bdf50532|10.1.0.29:15050]|listeners:[], old=null
2023-12-10 08:55:37,836 [71fa9327-596e-4bfe-b86f-33f6bdf50532@group-F342B1D124FD-LeaderElection6] INFO  impl.LeaderElection (LeaderElection.java:logAndReturn(89)) - 71fa9327-596e-4bfe-b86f-33f6bdf50532@group-F342B1D124FD-LeaderElection6: PRE_VOTE REJECTED received 1 response(s) and 0 exception(s):
2023-12-10 08:55:37,836 [71fa9327-596e-4bfe-b86f-33f6bdf50532@group-F342B1D124FD-LeaderElection6] INFO  impl.LeaderElection (LeaderElection.java:logAndReturn(93)) -   Response 0: 71fa9327-596e-4bfe-b86f-33f6bdf50532<-ab6f04f4-5b2e-49ed-8ed6-18cca86f2b6f#0:FAIL-t0
2023-12-10 08:55:37,836 [71fa9327-596e-4bfe-b86f-33f6bdf50532@group-F342B1D124FD-LeaderElection6] INFO  impl.LeaderElection (LeaderElection.java:askForVotes(325)) - 71fa9327-596e-4bfe-b86f-33f6bdf50532@group-F342B1D124FD-LeaderElection6 PRE_VOTE round 0: result REJECTED
2023-12-10 08:55:37,837 [71fa9327-596e-4bfe-b86f-33f6bdf50532@group-F342B1D124FD-LeaderElection6] INFO  server.RaftServer$Division (RaftServerImpl.java:setRole(379)) - 71fa9327-596e-4bfe-b86f-33f6bdf50532@group-F342B1D124FD: changes role from CANDIDATE to FOLLOWER at term 0 for REJECTED
2023-12-10 08:55:37,837 [71fa9327-596e-4bfe-b86f-33f6bdf50532@group-F342B1D124FD-LeaderElection6] INFO  impl.RoleInfo (RoleInfo.java:shutdownLeaderElection(130)) - 71fa9327-596e-4bfe-b86f-33f6bdf50532: shutdown 71fa9327-596e-4bfe-b86f-33f6bdf50532@group-F342B1D124FD-LeaderElection6
2023-12-10 08:55:37,837 [71fa9327-596e-4bfe-b86f-33f6bdf50532@group-F342B1D124FD-LeaderElection6] INFO  impl.RoleInfo (RoleInfo.java:updateAndGet(139)) - 71fa9327-596e-4bfe-b86f-33f6bdf50532: start 71fa9327-596e-4bfe-b86f-33f6bdf50532@group-F342B1D124FD-FollowerState
2023-12-10 08:55:37,837 [71fa9327-596e-4bfe-b86f-33f6bdf50532@group-F342B1D124FD-LeaderElection6] INFO  server.RaftServer$Division (RaftServerImpl.java:setFirstElection(564)) - 71fa9327-596e-4bfe-b86f-33f6bdf50532@group-F342B1D124FD: set firstElectionSinceStartup to false for REJECTED
2023-12-10 08:55:37,841 [ceafc0c7-af9d-4de4-ae81-ea841051c606@group-E94C0B570E05-FollowerState] INFO  server.RaftServerConfigKeys (ConfUtils.java:logFallback(53)) - raft.server.rpc.first-election.timeout.min = 5s (fallback to raft.server.rpc.timeout.min)
2023-12-10 08:55:37,841 [ceafc0c7-af9d-4de4-ae81-ea841051c606@group-E94C0B570E05-FollowerState] INFO  server.RaftServerConfigKeys (ConfUtils.java:logFallback(53)) - raft.server.rpc.first-election.timeout.max = 5200ms (fallback to raft.server.rpc.timeout.max)
2023-12-10 08:55:38,080 [ab6f04f4-5b2e-49ed-8ed6-18cca86f2b6f@group-F342B1D124FD-FollowerState] INFO  impl.FollowerState (FollowerState.java:run(143)) - ab6f04f4-5b2e-49ed-8ed6-18cca86f2b6f@group-F342B1D124FD-FollowerState: change to CANDIDATE, lastRpcElapsedTime:5125917041ns, electionTimeout:5087ms
2023-12-10 08:55:38,080 [ab6f04f4-5b2e-49ed-8ed6-18cca86f2b6f@group-F342B1D124FD-FollowerState] INFO  impl.RoleInfo (RoleInfo.java:shutdownFollowerState(110)) - ab6f04f4-5b2e-49ed-8ed6-18cca86f2b6f: shutdown ab6f04f4-5b2e-49ed-8ed6-18cca86f2b6f@group-F342B1D124FD-FollowerState
2023-12-10 08:55:38,080 [383c3691-e37d-4704-9b62-3f343d93bad0@group-6E390D03E149-FollowerState] INFO  impl.FollowerState (FollowerState.java:run(143)) - 383c3691-e37d-4704-9b62-3f343d93bad0@group-6E390D03E149-FollowerState: change to CANDIDATE, lastRpcElapsedTime:5160781407ns, electionTimeout:5100ms
2023-12-10 08:55:38,080 [383c3691-e37d-4704-9b62-3f343d93bad0@group-6E390D03E149-FollowerState] INFO  impl.RoleInfo (RoleInfo.java:shutdownFollowerState(110)) - 383c3691-e37d-4704-9b62-3f343d93bad0: shutdown 383c3691-e37d-4704-9b62-3f343d93bad0@group-6E390D03E149-FollowerState
2023-12-10 08:55:38,080 [ab6f04f4-5b2e-49ed-8ed6-18cca86f2b6f@group-F342B1D124FD-FollowerState] INFO  server.RaftServer$Division (RaftServerImpl.java:setRole(379)) - ab6f04f4-5b2e-49ed-8ed6-18cca86f2b6f@group-F342B1D124FD: changes role from  FOLLOWER to CANDIDATE at term 0 for changeToCandidate
2023-12-10 08:55:38,080 [383c3691-e37d-4704-9b62-3f343d93bad0@group-6E390D03E149-FollowerState] INFO  server.RaftServer$Division (RaftServerImpl.java:setRole(379)) - 383c3691-e37d-4704-9b62-3f343d93bad0@group-6E390D03E149: changes role from  FOLLOWER to CANDIDATE at term 0 for changeToCandidate
2023-12-10 08:55:38,080 [383c3691-e37d-4704-9b62-3f343d93bad0@group-6E390D03E149-FollowerState] INFO  server.RaftServerConfigKeys (ConfUtils.java:logGet(46)) - raft.server.leaderelection.pre-vote = true (default)
2023-12-10 08:55:38,080 [383c3691-e37d-4704-9b62-3f343d93bad0@group-6E390D03E149-FollowerState] INFO  impl.RoleInfo (RoleInfo.java:updateAndGet(139)) - 383c3691-e37d-4704-9b62-3f343d93bad0: start 383c3691-e37d-4704-9b62-3f343d93bad0@group-6E390D03E149-LeaderElection8
2023-12-10 08:55:38,080 [ab6f04f4-5b2e-49ed-8ed6-18cca86f2b6f@group-F342B1D124FD-FollowerState] INFO  server.RaftServerConfigKeys (ConfUtils.java:logGet(46)) - raft.server.leaderelection.pre-vote = true (default)
2023-12-10 08:55:38,081 [ab6f04f4-5b2e-49ed-8ed6-18cca86f2b6f@group-F342B1D124FD-FollowerState] INFO  impl.RoleInfo (RoleInfo.java:updateAndGet(139)) - ab6f04f4-5b2e-49ed-8ed6-18cca86f2b6f: start ab6f04f4-5b2e-49ed-8ed6-18cca86f2b6f@group-F342B1D124FD-LeaderElection7
2023-12-10 08:55:38,081 [ab6f04f4-5b2e-49ed-8ed6-18cca86f2b6f@group-F342B1D124FD-LeaderElection7] INFO  impl.LeaderElection (LeaderElection.java:askForVotes(323)) - ab6f04f4-5b2e-49ed-8ed6-18cca86f2b6f@group-F342B1D124FD-LeaderElection7 PRE_VOTE round 0: submit vote requests at term 0 for -1: peers:[8170aa16-323e-44de-b8c0-3f99a1184856|10.1.0.29:15041, ab6f04f4-5b2e-49ed-8ed6-18cca86f2b6f|10.1.0.29:15059, 71fa9327-596e-4bfe-b86f-33f6bdf50532|10.1.0.29:15050]|listeners:[], old=null
2023-12-10 08:55:38,081 [ab6f04f4-5b2e-49ed-8ed6-18cca86f2b6f@group-F342B1D124FD-LeaderElection7-1] INFO  server.GrpcServerProtocolClient (GrpcServerProtocolClient.java:<init>(65)) - Build channel for 8170aa16-323e-44de-b8c0-3f99a1184856
2023-12-10 08:55:38,082 [ab6f04f4-5b2e-49ed-8ed6-18cca86f2b6f@group-F342B1D124FD-LeaderElection7-2] INFO  server.GrpcServerProtocolClient (GrpcServerProtocolClient.java:<init>(65)) - Build channel for 71fa9327-596e-4bfe-b86f-33f6bdf50532
2023-12-10 08:55:38,081 [ab6f04f4-5b2e-49ed-8ed6-18cca86f2b6f@group-F342B1D124FD-LeaderElection7] INFO  server.RaftServerConfigKeys (ConfUtils.java:logFallback(53)) - raft.server.rpc.first-election.timeout.min = 5s (fallback to raft.server.rpc.timeout.min)
2023-12-10 08:55:38,082 [ab6f04f4-5b2e-49ed-8ed6-18cca86f2b6f@group-F342B1D124FD-LeaderElection7] INFO  server.RaftServerConfigKeys (ConfUtils.java:logFallback(53)) - raft.server.rpc.first-election.timeout.max = 5200ms (fallback to raft.server.rpc.timeout.max)
2023-12-10 08:55:38,085 [383c3691-e37d-4704-9b62-3f343d93bad0@group-6E390D03E149-LeaderElection8] INFO  impl.LeaderElection (LeaderElection.java:askForVotes(323)) - 383c3691-e37d-4704-9b62-3f343d93bad0@group-6E390D03E149-LeaderElection8 PRE_VOTE round 0: submit vote requests at term 0 for -1: peers:[d585e390-d9b9-49cd-b5b8-386dd9d89b96|10.1.0.29:15086, 383c3691-e37d-4704-9b62-3f343d93bad0|10.1.0.29:15068, 7f393458-131e-4136-815e-5cd248d38671|10.1.0.29:15077]|listeners:[], old=null
2023-12-10 08:55:38,085 [edd7aebe-e713-4899-b982-ee5b12165735@group-E94C0B570E05-FollowerState] INFO  impl.FollowerState (FollowerState.java:run(143)) - edd7aebe-e713-4899-b982-ee5b12165735@group-E94C0B570E05-FollowerState: change to CANDIDATE, lastRpcElapsedTime:5348278229ns, electionTimeout:5129ms
2023-12-10 08:55:38,085 [edd7aebe-e713-4899-b982-ee5b12165735@group-E94C0B570E05-FollowerState] INFO  impl.RoleInfo (RoleInfo.java:shutdownFollowerState(110)) - edd7aebe-e713-4899-b982-ee5b12165735: shutdown edd7aebe-e713-4899-b982-ee5b12165735@group-E94C0B570E05-FollowerState
2023-12-10 08:55:38,085 [edd7aebe-e713-4899-b982-ee5b12165735@group-E94C0B570E05-FollowerState] INFO  server.RaftServer$Division (RaftServerImpl.java:setRole(379)) - edd7aebe-e713-4899-b982-ee5b12165735@group-E94C0B570E05: changes role from  FOLLOWER to CANDIDATE at term 0 for changeToCandidate
2023-12-10 08:55:38,085 [8170aa16-323e-44de-b8c0-3f99a1184856@group-F342B1D124FD-FollowerState] INFO  server.RaftServerConfigKeys (ConfUtils.java:logFallback(53)) - raft.server.rpc.first-election.timeout.min = 5s (fallback to raft.server.rpc.timeout.min)
2023-12-10 08:55:38,085 [8170aa16-323e-44de-b8c0-3f99a1184856@group-F342B1D124FD-FollowerState] INFO  server.RaftServerConfigKeys (ConfUtils.java:logFallback(53)) - raft.server.rpc.first-election.timeout.max = 5200ms (fallback to raft.server.rpc.timeout.max)
2023-12-10 08:55:38,086 [383c3691-e37d-4704-9b62-3f343d93bad0@group-6E390D03E149-LeaderElection8-1] INFO  server.GrpcServerProtocolClient (GrpcServerProtocolClient.java:<init>(65)) - Build channel for d585e390-d9b9-49cd-b5b8-386dd9d89b96
2023-12-10 08:55:38,086 [383c3691-e37d-4704-9b62-3f343d93bad0@group-6E390D03E149-LeaderElection8-2] INFO  server.GrpcServerProtocolClient (GrpcServerProtocolClient.java:<init>(65)) - Build channel for 7f393458-131e-4136-815e-5cd248d38671
2023-12-10 08:55:38,086 [383c3691-e37d-4704-9b62-3f343d93bad0@group-6E390D03E149-LeaderElection8] INFO  server.RaftServerConfigKeys (ConfUtils.java:logFallback(53)) - raft.server.rpc.first-election.timeout.min = 5s (fallback to raft.server.rpc.timeout.min)
2023-12-10 08:55:38,087 [383c3691-e37d-4704-9b62-3f343d93bad0@group-6E390D03E149-LeaderElection8] INFO  server.RaftServerConfigKeys (ConfUtils.java:logFallback(53)) - raft.server.rpc.first-election.timeout.max = 5200ms (fallback to raft.server.rpc.timeout.max)
2023-12-10 08:55:38,087 [edd7aebe-e713-4899-b982-ee5b12165735@group-E94C0B570E05-FollowerState] INFO  server.RaftServerConfigKeys (ConfUtils.java:logGet(46)) - raft.server.leaderelection.pre-vote = true (default)
2023-12-10 08:55:38,109 [edd7aebe-e713-4899-b982-ee5b12165735@group-E94C0B570E05-FollowerState] INFO  impl.RoleInfo (RoleInfo.java:updateAndGet(139)) - edd7aebe-e713-4899-b982-ee5b12165735: start edd7aebe-e713-4899-b982-ee5b12165735@group-E94C0B570E05-LeaderElection9
2023-12-10 08:55:38,113 [7f393458-131e-4136-815e-5cd248d38671@group-6E390D03E149-FollowerState] INFO  impl.FollowerState (FollowerState.java:run(143)) - 7f393458-131e-4136-815e-5cd248d38671@group-6E390D03E149-FollowerState: change to CANDIDATE, lastRpcElapsedTime:5106074004ns, electionTimeout:5093ms
2023-12-10 08:55:38,113 [7f393458-131e-4136-815e-5cd248d38671@group-6E390D03E149-FollowerState] INFO  impl.RoleInfo (RoleInfo.java:shutdownFollowerState(110)) - 7f393458-131e-4136-815e-5cd248d38671: shutdown 7f393458-131e-4136-815e-5cd248d38671@group-6E390D03E149-FollowerState
2023-12-10 08:55:38,114 [7f393458-131e-4136-815e-5cd248d38671@group-6E390D03E149-FollowerState] INFO  server.RaftServer$Division (RaftServerImpl.java:setRole(379)) - 7f393458-131e-4136-815e-5cd248d38671@group-6E390D03E149: changes role from  FOLLOWER to CANDIDATE at term 0 for changeToCandidate
2023-12-10 08:55:38,114 [7f393458-131e-4136-815e-5cd248d38671@group-6E390D03E149-FollowerState] INFO  server.RaftServerConfigKeys (ConfUtils.java:logGet(46)) - raft.server.leaderelection.pre-vote = true (default)
2023-12-10 08:55:38,116 [7f393458-131e-4136-815e-5cd248d38671@group-6E390D03E149-FollowerState] INFO  impl.RoleInfo (RoleInfo.java:updateAndGet(139)) - 7f393458-131e-4136-815e-5cd248d38671: start 7f393458-131e-4136-815e-5cd248d38671@group-6E390D03E149-LeaderElection10
2023-12-10 08:55:38,117 [edd7aebe-e713-4899-b982-ee5b12165735@group-E94C0B570E05-LeaderElection9] INFO  impl.LeaderElection (LeaderElection.java:askForVotes(323)) - edd7aebe-e713-4899-b982-ee5b12165735@group-E94C0B570E05-LeaderElection9 PRE_VOTE round 0: submit vote requests at term 0 for -1: peers:[173e1c01-ab9b-4bd4-a1fb-1dc9b7180747|10.1.0.29:15032, edd7aebe-e713-4899-b982-ee5b12165735|10.1.0.29:15023, ceafc0c7-af9d-4de4-ae81-ea841051c606|10.1.0.29:15014]|listeners:[], old=null
2023-12-10 08:55:38,118 [edd7aebe-e713-4899-b982-ee5b12165735@group-E94C0B570E05-LeaderElection9] INFO  server.RaftServerConfigKeys (ConfUtils.java:logFallback(53)) - raft.server.rpc.first-election.timeout.min = 5s (fallback to raft.server.rpc.timeout.min)
2023-12-10 08:55:38,118 [edd7aebe-e713-4899-b982-ee5b12165735@group-E94C0B570E05-LeaderElection9] INFO  server.RaftServerConfigKeys (ConfUtils.java:logFallback(53)) - raft.server.rpc.first-election.timeout.max = 5200ms (fallback to raft.server.rpc.timeout.max)
2023-12-10 08:55:38,125 [grpc-default-executor-3] INFO  server.RaftServer$Division (RaftServerImpl.java:requestVote(1377)) - ceafc0c7-af9d-4de4-ae81-ea841051c606@group-E94C0B570E05: receive requestVote(PRE_VOTE, edd7aebe-e713-4899-b982-ee5b12165735, group-E94C0B570E05, 0, (t:0, i:0))
2023-12-10 08:55:38,125 [grpc-default-executor-3] INFO  impl.VoteContext (VoteContext.java:log(49)) - ceafc0c7-af9d-4de4-ae81-ea841051c606@group-E94C0B570E05-FOLLOWER: accept PRE_VOTE from edd7aebe-e713-4899-b982-ee5b12165735: our priority 0 <= candidate's priority 1
2023-12-10 08:55:38,125 [grpc-default-executor-3] INFO  server.RaftServer$Division (RaftServerImpl.java:requestVote(1410)) - ceafc0c7-af9d-4de4-ae81-ea841051c606@group-E94C0B570E05 replies to PRE_VOTE vote request: edd7aebe-e713-4899-b982-ee5b12165735<-ceafc0c7-af9d-4de4-ae81-ea841051c606#0:OK-t0. Peer's state: ceafc0c7-af9d-4de4-ae81-ea841051c606@group-E94C0B570E05:t0, leader=null, voted=, raftlog=Memoized:ceafc0c7-af9d-4de4-ae81-ea841051c606@group-E94C0B570E05-SegmentedRaftLog:OPENED:c-1, conf=-1: peers:[173e1c01-ab9b-4bd4-a1fb-1dc9b7180747|10.1.0.29:15032, edd7aebe-e713-4899-b982-ee5b12165735|10.1.0.29:15023, ceafc0c7-af9d-4de4-ae81-ea841051c606|10.1.0.29:15014]|listeners:[], old=null
2023-12-10 08:55:38,125 [grpc-default-executor-0] INFO  server.RaftServer$Division (RaftServerImpl.java:requestVote(1377)) - 173e1c01-ab9b-4bd4-a1fb-1dc9b7180747@group-E94C0B570E05: receive requestVote(PRE_VOTE, edd7aebe-e713-4899-b982-ee5b12165735, group-E94C0B570E05, 0, (t:0, i:0))
2023-12-10 08:55:38,125 [grpc-default-executor-0] INFO  impl.VoteContext (VoteContext.java:log(49)) - 173e1c01-ab9b-4bd4-a1fb-1dc9b7180747@group-E94C0B570E05-FOLLOWER: accept PRE_VOTE from edd7aebe-e713-4899-b982-ee5b12165735: our priority 0 <= candidate's priority 1
2023-12-10 08:55:38,125 [grpc-default-executor-0] INFO  server.RaftServer$Division (RaftServerImpl.java:requestVote(1410)) - 173e1c01-ab9b-4bd4-a1fb-1dc9b7180747@group-E94C0B570E05 replies to PRE_VOTE vote request: edd7aebe-e713-4899-b982-ee5b12165735<-173e1c01-ab9b-4bd4-a1fb-1dc9b7180747#0:OK-t0. Peer's state: 173e1c01-ab9b-4bd4-a1fb-1dc9b7180747@group-E94C0B570E05:t0, leader=null, voted=, raftlog=Memoized:173e1c01-ab9b-4bd4-a1fb-1dc9b7180747@group-E94C0B570E05-SegmentedRaftLog:OPENED:c-1, conf=-1: peers:[173e1c01-ab9b-4bd4-a1fb-1dc9b7180747|10.1.0.29:15032, edd7aebe-e713-4899-b982-ee5b12165735|10.1.0.29:15023, ceafc0c7-af9d-4de4-ae81-ea841051c606|10.1.0.29:15014]|listeners:[], old=null
2023-12-10 08:55:38,127 [grpc-default-executor-0] INFO  server.RaftServer$Division (RaftServerImpl.java:requestVote(1377)) - 71fa9327-596e-4bfe-b86f-33f6bdf50532@group-F342B1D124FD: receive requestVote(PRE_VOTE, ab6f04f4-5b2e-49ed-8ed6-18cca86f2b6f, group-F342B1D124FD, 0, (t:0, i:0))
2023-12-10 08:55:38,127 [grpc-default-executor-0] INFO  impl.VoteContext (VoteContext.java:log(49)) - 71fa9327-596e-4bfe-b86f-33f6bdf50532@group-F342B1D124FD-FOLLOWER: accept PRE_VOTE from ab6f04f4-5b2e-49ed-8ed6-18cca86f2b6f: our priority 0 <= candidate's priority 1
2023-12-10 08:55:38,127 [grpc-default-executor-0] INFO  server.RaftServer$Division (RaftServerImpl.java:requestVote(1410)) - 71fa9327-596e-4bfe-b86f-33f6bdf50532@group-F342B1D124FD replies to PRE_VOTE vote request: ab6f04f4-5b2e-49ed-8ed6-18cca86f2b6f<-71fa9327-596e-4bfe-b86f-33f6bdf50532#0:OK-t0. Peer's state: 71fa9327-596e-4bfe-b86f-33f6bdf50532@group-F342B1D124FD:t0, leader=null, voted=, raftlog=Memoized:71fa9327-596e-4bfe-b86f-33f6bdf50532@group-F342B1D124FD-SegmentedRaftLog:OPENED:c-1, conf=-1: peers:[8170aa16-323e-44de-b8c0-3f99a1184856|10.1.0.29:15041, ab6f04f4-5b2e-49ed-8ed6-18cca86f2b6f|10.1.0.29:15059, 71fa9327-596e-4bfe-b86f-33f6bdf50532|10.1.0.29:15050]|listeners:[], old=null
2023-12-10 08:55:38,130 [ab6f04f4-5b2e-49ed-8ed6-18cca86f2b6f@group-F342B1D124FD-LeaderElection7] INFO  impl.LeaderElection (LeaderElection.java:logAndReturn(89)) - ab6f04f4-5b2e-49ed-8ed6-18cca86f2b6f@group-F342B1D124FD-LeaderElection7: PRE_VOTE PASSED received 1 response(s) and 0 exception(s):
2023-12-10 08:55:38,130 [ab6f04f4-5b2e-49ed-8ed6-18cca86f2b6f@group-F342B1D124FD-LeaderElection7] INFO  impl.LeaderElection (LeaderElection.java:logAndReturn(93)) -   Response 0: ab6f04f4-5b2e-49ed-8ed6-18cca86f2b6f<-71fa9327-596e-4bfe-b86f-33f6bdf50532#0:OK-t0
2023-12-10 08:55:38,130 [ab6f04f4-5b2e-49ed-8ed6-18cca86f2b6f@group-F342B1D124FD-LeaderElection7] INFO  impl.LeaderElection (LeaderElection.java:askForVotes(325)) - ab6f04f4-5b2e-49ed-8ed6-18cca86f2b6f@group-F342B1D124FD-LeaderElection7 PRE_VOTE round 0: result PASSED
2023-12-10 08:55:38,131 [edd7aebe-e713-4899-b982-ee5b12165735@group-E94C0B570E05-LeaderElection9] INFO  impl.LeaderElection (LeaderElection.java:logAndReturn(89)) - edd7aebe-e713-4899-b982-ee5b12165735@group-E94C0B570E05-LeaderElection9: PRE_VOTE PASSED received 1 response(s) and 0 exception(s):
2023-12-10 08:55:38,131 [edd7aebe-e713-4899-b982-ee5b12165735@group-E94C0B570E05-LeaderElection9] INFO  impl.LeaderElection (LeaderElection.java:logAndReturn(93)) -   Response 0: edd7aebe-e713-4899-b982-ee5b12165735<-173e1c01-ab9b-4bd4-a1fb-1dc9b7180747#0:OK-t0
2023-12-10 08:55:38,131 [edd7aebe-e713-4899-b982-ee5b12165735@group-E94C0B570E05-LeaderElection9] INFO  impl.LeaderElection (LeaderElection.java:askForVotes(325)) - edd7aebe-e713-4899-b982-ee5b12165735@group-E94C0B570E05-LeaderElection9 PRE_VOTE round 0: result PASSED
2023-12-10 08:55:38,132 [ab6f04f4-5b2e-49ed-8ed6-18cca86f2b6f@group-F342B1D124FD-LeaderElection7] INFO  impl.LeaderElection (LeaderElection.java:askForVotes(323)) - ab6f04f4-5b2e-49ed-8ed6-18cca86f2b6f@group-F342B1D124FD-LeaderElection7 ELECTION round 0: submit vote requests at term 1 for -1: peers:[8170aa16-323e-44de-b8c0-3f99a1184856|10.1.0.29:15041, ab6f04f4-5b2e-49ed-8ed6-18cca86f2b6f|10.1.0.29:15059, 71fa9327-596e-4bfe-b86f-33f6bdf50532|10.1.0.29:15050]|listeners:[], old=null
2023-12-10 08:55:38,136 [edd7aebe-e713-4899-b982-ee5b12165735@group-E94C0B570E05-LeaderElection9] INFO  impl.LeaderElection (LeaderElection.java:askForVotes(323)) - edd7aebe-e713-4899-b982-ee5b12165735@group-E94C0B570E05-LeaderElection9 ELECTION round 0: submit vote requests at term 1 for -1: peers:[173e1c01-ab9b-4bd4-a1fb-1dc9b7180747|10.1.0.29:15032, edd7aebe-e713-4899-b982-ee5b12165735|10.1.0.29:15023, ceafc0c7-af9d-4de4-ae81-ea841051c606|10.1.0.29:15014]|listeners:[], old=null
2023-12-10 08:55:38,146 [ab6f04f4-5b2e-49ed-8ed6-18cca86f2b6f@group-F342B1D124FD-LeaderElection7] INFO  server.RaftServerConfigKeys (ConfUtils.java:logFallback(53)) - raft.server.rpc.first-election.timeout.min = 5s (fallback to raft.server.rpc.timeout.min)
2023-12-10 08:55:38,146 [ab6f04f4-5b2e-49ed-8ed6-18cca86f2b6f@group-F342B1D124FD-LeaderElection7] INFO  server.RaftServerConfigKeys (ConfUtils.java:logFallback(53)) - raft.server.rpc.first-election.timeout.max = 5200ms (fallback to raft.server.rpc.timeout.max)
2023-12-10 08:55:38,146 [grpc-default-executor-1] INFO  server.RaftServer$Division (RaftServerImpl.java:requestVote(1377)) - 7f393458-131e-4136-815e-5cd248d38671@group-6E390D03E149: receive requestVote(PRE_VOTE, 383c3691-e37d-4704-9b62-3f343d93bad0, group-6E390D03E149, 0, (t:0, i:0))
2023-12-10 08:55:38,147 [grpc-default-executor-3] INFO  server.RaftServer$Division (RaftServerImpl.java:requestVote(1377)) - 71fa9327-596e-4bfe-b86f-33f6bdf50532@group-F342B1D124FD: receive requestVote(ELECTION, ab6f04f4-5b2e-49ed-8ed6-18cca86f2b6f, group-F342B1D124FD, 1, (t:0, i:0))
2023-12-10 08:55:38,148 [grpc-default-executor-3] INFO  impl.VoteContext (VoteContext.java:log(49)) - 71fa9327-596e-4bfe-b86f-33f6bdf50532@group-F342B1D124FD-FOLLOWER: accept ELECTION from ab6f04f4-5b2e-49ed-8ed6-18cca86f2b6f: our priority 0 <= candidate's priority 1
2023-12-10 08:55:38,148 [grpc-default-executor-3] INFO  server.RaftServer$Division (RaftServerImpl.java:setRole(379)) - 71fa9327-596e-4bfe-b86f-33f6bdf50532@group-F342B1D124FD: changes role from  FOLLOWER to FOLLOWER at term 1 for candidate:ab6f04f4-5b2e-49ed-8ed6-18cca86f2b6f
2023-12-10 08:55:38,148 [grpc-default-executor-3] INFO  impl.RoleInfo (RoleInfo.java:shutdownFollowerState(110)) - 71fa9327-596e-4bfe-b86f-33f6bdf50532: shutdown 71fa9327-596e-4bfe-b86f-33f6bdf50532@group-F342B1D124FD-FollowerState
2023-12-10 08:55:38,148 [grpc-default-executor-3] INFO  impl.RoleInfo (RoleInfo.java:updateAndGet(139)) - 71fa9327-596e-4bfe-b86f-33f6bdf50532: start 71fa9327-596e-4bfe-b86f-33f6bdf50532@group-F342B1D124FD-FollowerState
2023-12-10 08:55:38,148 [71fa9327-596e-4bfe-b86f-33f6bdf50532@group-F342B1D124FD-FollowerState] INFO  impl.FollowerState (FollowerState.java:run(152)) - 71fa9327-596e-4bfe-b86f-33f6bdf50532@group-F342B1D124FD-FollowerState was interrupted
2023-12-10 08:55:38,150 [grpc-default-executor-2] INFO  server.RaftServer$Division (RaftServerImpl.java:requestVote(1377)) - 173e1c01-ab9b-4bd4-a1fb-1dc9b7180747@group-E94C0B570E05: receive requestVote(ELECTION, edd7aebe-e713-4899-b982-ee5b12165735, group-E94C0B570E05, 1, (t:0, i:0))
2023-12-10 08:55:38,150 [grpc-default-executor-2] INFO  impl.VoteContext (VoteContext.java:log(49)) - 173e1c01-ab9b-4bd4-a1fb-1dc9b7180747@group-E94C0B570E05-FOLLOWER: accept ELECTION from edd7aebe-e713-4899-b982-ee5b12165735: our priority 0 <= candidate's priority 1
2023-12-10 08:55:38,150 [grpc-default-executor-2] INFO  server.RaftServer$Division (RaftServerImpl.java:setRole(379)) - 173e1c01-ab9b-4bd4-a1fb-1dc9b7180747@group-E94C0B570E05: changes role from  FOLLOWER to FOLLOWER at term 1 for candidate:edd7aebe-e713-4899-b982-ee5b12165735
2023-12-10 08:55:38,150 [grpc-default-executor-2] INFO  impl.RoleInfo (RoleInfo.java:shutdownFollowerState(110)) - 173e1c01-ab9b-4bd4-a1fb-1dc9b7180747: shutdown 173e1c01-ab9b-4bd4-a1fb-1dc9b7180747@group-E94C0B570E05-FollowerState
2023-12-10 08:55:38,155 [grpc-default-executor-1] INFO  impl.VoteContext (VoteContext.java:log(49)) - 7f393458-131e-4136-815e-5cd248d38671@group-6E390D03E149-CANDIDATE: accept PRE_VOTE from 383c3691-e37d-4704-9b62-3f343d93bad0: our priority 0 <= candidate's priority 1
2023-12-10 08:55:38,156 [grpc-default-executor-1] INFO  server.RaftServer$Division (RaftServerImpl.java:requestVote(1410)) - 7f393458-131e-4136-815e-5cd248d38671@group-6E390D03E149 replies to PRE_VOTE vote request: 383c3691-e37d-4704-9b62-3f343d93bad0<-7f393458-131e-4136-815e-5cd248d38671#0:OK-t0. Peer's state: 7f393458-131e-4136-815e-5cd248d38671@group-6E390D03E149:t0, leader=null, voted=, raftlog=Memoized:7f393458-131e-4136-815e-5cd248d38671@group-6E390D03E149-SegmentedRaftLog:OPENED:c-1, conf=-1: peers:[d585e390-d9b9-49cd-b5b8-386dd9d89b96|10.1.0.29:15086, 383c3691-e37d-4704-9b62-3f343d93bad0|10.1.0.29:15068, 7f393458-131e-4136-815e-5cd248d38671|10.1.0.29:15077]|listeners:[], old=null
2023-12-10 08:55:38,156 [edd7aebe-e713-4899-b982-ee5b12165735@group-E94C0B570E05-LeaderElection9] INFO  server.RaftServerConfigKeys (ConfUtils.java:logFallback(53)) - raft.server.rpc.first-election.timeout.min = 5s (fallback to raft.server.rpc.timeout.min)
2023-12-10 08:55:38,156 [edd7aebe-e713-4899-b982-ee5b12165735@group-E94C0B570E05-LeaderElection9] INFO  server.RaftServerConfigKeys (ConfUtils.java:logFallback(53)) - raft.server.rpc.first-election.timeout.max = 5200ms (fallback to raft.server.rpc.timeout.max)
2023-12-10 08:55:38,156 [7f393458-131e-4136-815e-5cd248d38671@group-6E390D03E149-LeaderElection10] INFO  impl.LeaderElection (LeaderElection.java:askForVotes(323)) - 7f393458-131e-4136-815e-5cd248d38671@group-6E390D03E149-LeaderElection10 PRE_VOTE round 0: submit vote requests at term 0 for -1: peers:[d585e390-d9b9-49cd-b5b8-386dd9d89b96|10.1.0.29:15086, 383c3691-e37d-4704-9b62-3f343d93bad0|10.1.0.29:15068, 7f393458-131e-4136-815e-5cd248d38671|10.1.0.29:15077]|listeners:[], old=null
2023-12-10 08:55:38,157 [7f393458-131e-4136-815e-5cd248d38671@group-6E390D03E149-LeaderElection10] INFO  server.RaftServerConfigKeys (ConfUtils.java:logFallback(53)) - raft.server.rpc.first-election.timeout.min = 5s (fallback to raft.server.rpc.timeout.min)
2023-12-10 08:55:38,157 [7f393458-131e-4136-815e-5cd248d38671@group-6E390D03E149-LeaderElection10] INFO  server.RaftServerConfigKeys (ConfUtils.java:logFallback(53)) - raft.server.rpc.first-election.timeout.max = 5200ms (fallback to raft.server.rpc.timeout.max)
2023-12-10 08:55:38,157 [7f393458-131e-4136-815e-5cd248d38671@group-6E390D03E149-LeaderElection10-2] INFO  server.GrpcServerProtocolClient (GrpcServerProtocolClient.java:<init>(65)) - Build channel for 383c3691-e37d-4704-9b62-3f343d93bad0
2023-12-10 08:55:38,157 [grpc-default-executor-0] INFO  server.RaftServer$Division (RaftServerImpl.java:requestVote(1377)) - d585e390-d9b9-49cd-b5b8-386dd9d89b96@group-6E390D03E149: receive requestVote(PRE_VOTE, 383c3691-e37d-4704-9b62-3f343d93bad0, group-6E390D03E149, 0, (t:0, i:0))
2023-12-10 08:55:38,157 [grpc-default-executor-0] INFO  impl.VoteContext (VoteContext.java:log(49)) - d585e390-d9b9-49cd-b5b8-386dd9d89b96@group-6E390D03E149-FOLLOWER: accept PRE_VOTE from 383c3691-e37d-4704-9b62-3f343d93bad0: our priority 0 <= candidate's priority 1
2023-12-10 08:55:38,158 [grpc-default-executor-0] INFO  server.RaftServer$Division (RaftServerImpl.java:requestVote(1410)) - d585e390-d9b9-49cd-b5b8-386dd9d89b96@group-6E390D03E149 replies to PRE_VOTE vote request: 383c3691-e37d-4704-9b62-3f343d93bad0<-d585e390-d9b9-49cd-b5b8-386dd9d89b96#0:OK-t0. Peer's state: d585e390-d9b9-49cd-b5b8-386dd9d89b96@group-6E390D03E149:t0, leader=null, voted=, raftlog=Memoized:d585e390-d9b9-49cd-b5b8-386dd9d89b96@group-6E390D03E149-SegmentedRaftLog:OPENED:c-1, conf=-1: peers:[d585e390-d9b9-49cd-b5b8-386dd9d89b96|10.1.0.29:15086, 383c3691-e37d-4704-9b62-3f343d93bad0|10.1.0.29:15068, 7f393458-131e-4136-815e-5cd248d38671|10.1.0.29:15077]|listeners:[], old=null
2023-12-10 08:55:38,158 [grpc-default-executor-2] INFO  impl.RoleInfo (RoleInfo.java:updateAndGet(139)) - 173e1c01-ab9b-4bd4-a1fb-1dc9b7180747: start 173e1c01-ab9b-4bd4-a1fb-1dc9b7180747@group-E94C0B570E05-FollowerState
2023-12-10 08:55:38,157 [7f393458-131e-4136-815e-5cd248d38671@group-6E390D03E149-LeaderElection10-1] INFO  server.GrpcServerProtocolClient (GrpcServerProtocolClient.java:<init>(65)) - Build channel for d585e390-d9b9-49cd-b5b8-386dd9d89b96
2023-12-10 08:55:38,158 [173e1c01-ab9b-4bd4-a1fb-1dc9b7180747@group-E94C0B570E05-FollowerState] INFO  impl.FollowerState (FollowerState.java:run(152)) - 173e1c01-ab9b-4bd4-a1fb-1dc9b7180747@group-E94C0B570E05-FollowerState was interrupted
2023-12-10 08:55:38,161 [grpc-default-executor-2] INFO  server.RaftServer$Division (RaftServerImpl.java:requestVote(1410)) - 173e1c01-ab9b-4bd4-a1fb-1dc9b7180747@group-E94C0B570E05 replies to ELECTION vote request: edd7aebe-e713-4899-b982-ee5b12165735<-173e1c01-ab9b-4bd4-a1fb-1dc9b7180747#0:OK-t1. Peer's state: 173e1c01-ab9b-4bd4-a1fb-1dc9b7180747@group-E94C0B570E05:t1, leader=null, voted=edd7aebe-e713-4899-b982-ee5b12165735, raftlog=Memoized:173e1c01-ab9b-4bd4-a1fb-1dc9b7180747@group-E94C0B570E05-SegmentedRaftLog:OPENED:c-1, conf=-1: peers:[173e1c01-ab9b-4bd4-a1fb-1dc9b7180747|10.1.0.29:15032, edd7aebe-e713-4899-b982-ee5b12165735|10.1.0.29:15023, ceafc0c7-af9d-4de4-ae81-ea841051c606|10.1.0.29:15014]|listeners:[], old=null
2023-12-10 08:55:38,161 [grpc-default-executor-3] INFO  server.RaftServer$Division (RaftServerImpl.java:requestVote(1410)) - 71fa9327-596e-4bfe-b86f-33f6bdf50532@group-F342B1D124FD replies to ELECTION vote request: ab6f04f4-5b2e-49ed-8ed6-18cca86f2b6f<-71fa9327-596e-4bfe-b86f-33f6bdf50532#0:OK-t1. Peer's state: 71fa9327-596e-4bfe-b86f-33f6bdf50532@group-F342B1D124FD:t1, leader=null, voted=ab6f04f4-5b2e-49ed-8ed6-18cca86f2b6f, raftlog=Memoized:71fa9327-596e-4bfe-b86f-33f6bdf50532@group-F342B1D124FD-SegmentedRaftLog:OPENED:c-1, conf=-1: peers:[8170aa16-323e-44de-b8c0-3f99a1184856|10.1.0.29:15041, ab6f04f4-5b2e-49ed-8ed6-18cca86f2b6f|10.1.0.29:15059, 71fa9327-596e-4bfe-b86f-33f6bdf50532|10.1.0.29:15050]|listeners:[], old=null
2023-12-10 08:55:38,162 [edd7aebe-e713-4899-b982-ee5b12165735@group-E94C0B570E05-LeaderElection9] INFO  impl.LeaderElection (LeaderElection.java:logAndReturn(89)) - edd7aebe-e713-4899-b982-ee5b12165735@group-E94C0B570E05-LeaderElection9: ELECTION PASSED received 1 response(s) and 0 exception(s):
2023-12-10 08:55:38,162 [edd7aebe-e713-4899-b982-ee5b12165735@group-E94C0B570E05-LeaderElection9] INFO  impl.LeaderElection (LeaderElection.java:logAndReturn(93)) -   Response 0: edd7aebe-e713-4899-b982-ee5b12165735<-173e1c01-ab9b-4bd4-a1fb-1dc9b7180747#0:OK-t1
2023-12-10 08:55:38,163 [grpc-default-executor-3] INFO  server.RaftServer$Division (RaftServerImpl.java:requestVote(1377)) - 383c3691-e37d-4704-9b62-3f343d93bad0@group-6E390D03E149: receive requestVote(PRE_VOTE, 7f393458-131e-4136-815e-5cd248d38671, group-6E390D03E149, 0, (t:0, i:0))
2023-12-10 08:55:38,163 [grpc-default-executor-3] INFO  impl.VoteContext (VoteContext.java:log(49)) - 383c3691-e37d-4704-9b62-3f343d93bad0@group-6E390D03E149-CANDIDATE: reject PRE_VOTE from 7f393458-131e-4136-815e-5cd248d38671: our priority 1 > candidate's priority 0
2023-12-10 08:55:38,163 [grpc-default-executor-3] INFO  server.RaftServer$Division (RaftServerImpl.java:requestVote(1410)) - 383c3691-e37d-4704-9b62-3f343d93bad0@group-6E390D03E149 replies to PRE_VOTE vote request: 7f393458-131e-4136-815e-5cd248d38671<-383c3691-e37d-4704-9b62-3f343d93bad0#0:FAIL-t0. Peer's state: 383c3691-e37d-4704-9b62-3f343d93bad0@group-6E390D03E149:t0, leader=null, voted=, raftlog=Memoized:383c3691-e37d-4704-9b62-3f343d93bad0@group-6E390D03E149-SegmentedRaftLog:OPENED:c-1, conf=-1: peers:[d585e390-d9b9-49cd-b5b8-386dd9d89b96|10.1.0.29:15086, 383c3691-e37d-4704-9b62-3f343d93bad0|10.1.0.29:15068, 7f393458-131e-4136-815e-5cd248d38671|10.1.0.29:15077]|listeners:[], old=null
2023-12-10 08:55:38,163 [ab6f04f4-5b2e-49ed-8ed6-18cca86f2b6f@group-F342B1D124FD-LeaderElection7] INFO  impl.LeaderElection (LeaderElection.java:logAndReturn(89)) - ab6f04f4-5b2e-49ed-8ed6-18cca86f2b6f@group-F342B1D124FD-LeaderElection7: ELECTION PASSED received 1 response(s) and 0 exception(s):
2023-12-10 08:55:38,163 [ab6f04f4-5b2e-49ed-8ed6-18cca86f2b6f@group-F342B1D124FD-LeaderElection7] INFO  impl.LeaderElection (LeaderElection.java:logAndReturn(93)) -   Response 0: ab6f04f4-5b2e-49ed-8ed6-18cca86f2b6f<-71fa9327-596e-4bfe-b86f-33f6bdf50532#0:OK-t1
2023-12-10 08:55:38,163 [grpc-default-executor-4] INFO  server.RaftServer$Division (RaftServerImpl.java:requestVote(1377)) - 8170aa16-323e-44de-b8c0-3f99a1184856@group-F342B1D124FD: receive requestVote(PRE_VOTE, ab6f04f4-5b2e-49ed-8ed6-18cca86f2b6f, group-F342B1D124FD, 0, (t:0, i:0))
2023-12-10 08:55:38,164 [grpc-default-executor-4] INFO  impl.VoteContext (VoteContext.java:log(49)) - 8170aa16-323e-44de-b8c0-3f99a1184856@group-F342B1D124FD-FOLLOWER: accept PRE_VOTE from ab6f04f4-5b2e-49ed-8ed6-18cca86f2b6f: our priority 0 <= candidate's priority 1
2023-12-10 08:55:38,164 [grpc-default-executor-4] INFO  server.RaftServer$Division (RaftServerImpl.java:requestVote(1410)) - 8170aa16-323e-44de-b8c0-3f99a1184856@group-F342B1D124FD replies to PRE_VOTE vote request: ab6f04f4-5b2e-49ed-8ed6-18cca86f2b6f<-8170aa16-323e-44de-b8c0-3f99a1184856#0:OK-t0. Peer's state: 8170aa16-323e-44de-b8c0-3f99a1184856@group-F342B1D124FD:t0, leader=null, voted=, raftlog=Memoized:8170aa16-323e-44de-b8c0-3f99a1184856@group-F342B1D124FD-SegmentedRaftLog:OPENED:c-1, conf=-1: peers:[8170aa16-323e-44de-b8c0-3f99a1184856|10.1.0.29:15041, ab6f04f4-5b2e-49ed-8ed6-18cca86f2b6f|10.1.0.29:15059, 71fa9327-596e-4bfe-b86f-33f6bdf50532|10.1.0.29:15050]|listeners:[], old=null
2023-12-10 08:55:38,164 [383c3691-e37d-4704-9b62-3f343d93bad0@group-6E390D03E149-LeaderElection8] INFO  impl.LeaderElection (LeaderElection.java:logAndReturn(89)) - 383c3691-e37d-4704-9b62-3f343d93bad0@group-6E390D03E149-LeaderElection8: PRE_VOTE PASSED received 1 response(s) and 0 exception(s):
2023-12-10 08:55:38,164 [383c3691-e37d-4704-9b62-3f343d93bad0@group-6E390D03E149-LeaderElection8] INFO  impl.LeaderElection (LeaderElection.java:logAndReturn(93)) -   Response 0: 383c3691-e37d-4704-9b62-3f343d93bad0<-7f393458-131e-4136-815e-5cd248d38671#0:OK-t0
2023-12-10 08:55:38,164 [383c3691-e37d-4704-9b62-3f343d93bad0@group-6E390D03E149-LeaderElection8] INFO  impl.LeaderElection (LeaderElection.java:askForVotes(325)) - 383c3691-e37d-4704-9b62-3f343d93bad0@group-6E390D03E149-LeaderElection8 PRE_VOTE round 0: result PASSED
2023-12-10 08:55:38,167 [7f393458-131e-4136-815e-5cd248d38671@group-6E390D03E149-LeaderElection10] INFO  impl.LeaderElection (LeaderElection.java:logAndReturn(89)) - 7f393458-131e-4136-815e-5cd248d38671@group-6E390D03E149-LeaderElection10: PRE_VOTE REJECTED received 1 response(s) and 0 exception(s):
2023-12-10 08:55:38,167 [7f393458-131e-4136-815e-5cd248d38671@group-6E390D03E149-LeaderElection10] INFO  impl.LeaderElection (LeaderElection.java:logAndReturn(93)) -   Response 0: 7f393458-131e-4136-815e-5cd248d38671<-383c3691-e37d-4704-9b62-3f343d93bad0#0:FAIL-t0
2023-12-10 08:55:38,167 [7f393458-131e-4136-815e-5cd248d38671@group-6E390D03E149-LeaderElection10] INFO  impl.LeaderElection (LeaderElection.java:askForVotes(325)) - 7f393458-131e-4136-815e-5cd248d38671@group-6E390D03E149-LeaderElection10 PRE_VOTE round 0: result REJECTED
2023-12-10 08:55:38,167 [7f393458-131e-4136-815e-5cd248d38671@group-6E390D03E149-LeaderElection10] INFO  server.RaftServer$Division (RaftServerImpl.java:setRole(379)) - 7f393458-131e-4136-815e-5cd248d38671@group-6E390D03E149: changes role from CANDIDATE to FOLLOWER at term 0 for REJECTED
2023-12-10 08:55:38,167 [7f393458-131e-4136-815e-5cd248d38671@group-6E390D03E149-LeaderElection10] INFO  impl.RoleInfo (RoleInfo.java:shutdownLeaderElection(130)) - 7f393458-131e-4136-815e-5cd248d38671: shutdown 7f393458-131e-4136-815e-5cd248d38671@group-6E390D03E149-LeaderElection10
2023-12-10 08:55:38,167 [7f393458-131e-4136-815e-5cd248d38671@group-6E390D03E149-LeaderElection10] INFO  impl.RoleInfo (RoleInfo.java:updateAndGet(139)) - 7f393458-131e-4136-815e-5cd248d38671: start 7f393458-131e-4136-815e-5cd248d38671@group-6E390D03E149-FollowerState
2023-12-10 08:55:38,167 [7f393458-131e-4136-815e-5cd248d38671@group-6E390D03E149-LeaderElection10] INFO  server.RaftServer$Division (RaftServerImpl.java:setFirstElection(564)) - 7f393458-131e-4136-815e-5cd248d38671@group-6E390D03E149: set firstElectionSinceStartup to false for REJECTED
2023-12-10 08:55:38,168 [ab6f04f4-5b2e-49ed-8ed6-18cca86f2b6f@group-F342B1D124FD-LeaderElection7] INFO  impl.LeaderElection (LeaderElection.java:askForVotes(325)) - ab6f04f4-5b2e-49ed-8ed6-18cca86f2b6f@group-F342B1D124FD-LeaderElection7 ELECTION round 0: result PASSED
2023-12-10 08:55:38,168 [grpc-default-executor-5] INFO  server.RaftServer$Division (RaftServerImpl.java:requestVote(1377)) - 8170aa16-323e-44de-b8c0-3f99a1184856@group-F342B1D124FD: receive requestVote(ELECTION, ab6f04f4-5b2e-49ed-8ed6-18cca86f2b6f, group-F342B1D124FD, 1, (t:0, i:0))
2023-12-10 08:55:38,168 [edd7aebe-e713-4899-b982-ee5b12165735@group-E94C0B570E05-LeaderElection9] INFO  impl.LeaderElection (LeaderElection.java:askForVotes(325)) - edd7aebe-e713-4899-b982-ee5b12165735@group-E94C0B570E05-LeaderElection9 ELECTION round 0: result PASSED
2023-12-10 08:55:38,168 [edd7aebe-e713-4899-b982-ee5b12165735@group-E94C0B570E05-LeaderElection9] INFO  impl.RoleInfo (RoleInfo.java:shutdownLeaderElection(130)) - edd7aebe-e713-4899-b982-ee5b12165735: shutdown edd7aebe-e713-4899-b982-ee5b12165735@group-E94C0B570E05-LeaderElection9
2023-12-10 08:55:38,168 [edd7aebe-e713-4899-b982-ee5b12165735@group-E94C0B570E05-LeaderElection9] INFO  server.RaftServer$Division (RaftServerImpl.java:setRole(379)) - edd7aebe-e713-4899-b982-ee5b12165735@group-E94C0B570E05: changes role from CANDIDATE to LEADER at term 1 for changeToLeader
2023-12-10 08:55:38,168 [ab6f04f4-5b2e-49ed-8ed6-18cca86f2b6f@group-F342B1D124FD-LeaderElection7] INFO  impl.RoleInfo (RoleInfo.java:shutdownLeaderElection(130)) - ab6f04f4-5b2e-49ed-8ed6-18cca86f2b6f: shutdown ab6f04f4-5b2e-49ed-8ed6-18cca86f2b6f@group-F342B1D124FD-LeaderElection7
2023-12-10 08:55:38,168 [edd7aebe-e713-4899-b982-ee5b12165735@group-E94C0B570E05-LeaderElection9] INFO  server.RaftServerConfigKeys (ConfUtils.java:logGet(46)) - raft.server.staging.catchup.gap = 1000 (default)
2023-12-10 08:55:38,168 [ab6f04f4-5b2e-49ed-8ed6-18cca86f2b6f@group-F342B1D124FD-LeaderElection7] INFO  server.RaftServer$Division (RaftServerImpl.java:setRole(379)) - ab6f04f4-5b2e-49ed-8ed6-18cca86f2b6f@group-F342B1D124FD: changes role from CANDIDATE to LEADER at term 1 for changeToLeader
2023-12-10 08:55:38,168 [ab6f04f4-5b2e-49ed-8ed6-18cca86f2b6f@group-F342B1D124FD-LeaderElection7] INFO  server.RaftServerConfigKeys (ConfUtils.java:logGet(46)) - raft.server.staging.catchup.gap = 1000 (default)
2023-12-10 08:55:38,168 [edd7aebe-e713-4899-b982-ee5b12165735@group-E94C0B570E05-LeaderElection9] INFO  server.RaftServerConfigKeys (ConfUtils.java:logGet(46)) - raft.server.write.element-limit = 1024 (custom)
2023-12-10 08:55:38,168 [edd7aebe-e713-4899-b982-ee5b12165735@group-E94C0B570E05-LeaderElection9] INFO  server.RaftServerConfigKeys (ConfUtils.java:logGet(46)) - raft.server.write.byte-limit = 1024 M (=1073741824) (custom)
2023-12-10 08:55:38,168 [ab6f04f4-5b2e-49ed-8ed6-18cca86f2b6f@group-F342B1D124FD-LeaderElection7] INFO  server.RaftServerConfigKeys (ConfUtils.java:logGet(46)) - raft.server.write.element-limit = 1024 (custom)
2023-12-10 08:55:38,168 [ab6f04f4-5b2e-49ed-8ed6-18cca86f2b6f@group-F342B1D124FD-LeaderElection7] INFO  server.RaftServerConfigKeys (ConfUtils.java:logGet(46)) - raft.server.write.byte-limit = 1024 M (=1073741824) (custom)
2023-12-10 08:55:38,168 [383c3691-e37d-4704-9b62-3f343d93bad0@group-6E390D03E149-LeaderElection8] INFO  impl.LeaderElection (LeaderElection.java:askForVotes(323)) - 383c3691-e37d-4704-9b62-3f343d93bad0@group-6E390D03E149-LeaderElection8 ELECTION round 0: submit vote requests at term 1 for -1: peers:[d585e390-d9b9-49cd-b5b8-386dd9d89b96|10.1.0.29:15086, 383c3691-e37d-4704-9b62-3f343d93bad0|10.1.0.29:15068, 7f393458-131e-4136-815e-5cd248d38671|10.1.0.29:15077]|listeners:[], old=null
2023-12-10 08:55:38,169 [grpc-default-executor-5] INFO  impl.VoteContext (VoteContext.java:log(49)) - 8170aa16-323e-44de-b8c0-3f99a1184856@group-F342B1D124FD-FOLLOWER: accept ELECTION from ab6f04f4-5b2e-49ed-8ed6-18cca86f2b6f: our priority 0 <= candidate's priority 1
2023-12-10 08:55:38,169 [grpc-default-executor-5] INFO  server.RaftServer$Division (RaftServerImpl.java:setRole(379)) - 8170aa16-323e-44de-b8c0-3f99a1184856@group-F342B1D124FD: changes role from  FOLLOWER to FOLLOWER at term 1 for candidate:ab6f04f4-5b2e-49ed-8ed6-18cca86f2b6f
2023-12-10 08:55:38,169 [grpc-default-executor-5] INFO  impl.RoleInfo (RoleInfo.java:shutdownFollowerState(110)) - 8170aa16-323e-44de-b8c0-3f99a1184856: shutdown 8170aa16-323e-44de-b8c0-3f99a1184856@group-F342B1D124FD-FollowerState
2023-12-10 08:55:38,169 [grpc-default-executor-4] INFO  server.RaftServer$Division (RaftServerImpl.java:requestVote(1377)) - ceafc0c7-af9d-4de4-ae81-ea841051c606@group-E94C0B570E05: receive requestVote(ELECTION, edd7aebe-e713-4899-b982-ee5b12165735, group-E94C0B570E05, 1, (t:0, i:0))
2023-12-10 08:55:38,170 [grpc-default-executor-4] INFO  impl.VoteContext (VoteContext.java:log(49)) - ceafc0c7-af9d-4de4-ae81-ea841051c606@group-E94C0B570E05-FOLLOWER: accept ELECTION from edd7aebe-e713-4899-b982-ee5b12165735: our priority 0 <= candidate's priority 1
2023-12-10 08:55:38,170 [grpc-default-executor-3] INFO  server.RaftServer$Division (RaftServerImpl.java:requestVote(1377)) - d585e390-d9b9-49cd-b5b8-386dd9d89b96@group-6E390D03E149: receive requestVote(ELECTION, 383c3691-e37d-4704-9b62-3f343d93bad0, group-6E390D03E149, 1, (t:0, i:0))
2023-12-10 08:55:38,170 [grpc-default-executor-4] INFO  server.RaftServer$Division (RaftServerImpl.java:setRole(379)) - ceafc0c7-af9d-4de4-ae81-ea841051c606@group-E94C0B570E05: changes role from  FOLLOWER to FOLLOWER at term 1 for candidate:edd7aebe-e713-4899-b982-ee5b12165735
2023-12-10 08:55:38,170 [383c3691-e37d-4704-9b62-3f343d93bad0@group-6E390D03E149-LeaderElection8] INFO  server.RaftServerConfigKeys (ConfUtils.java:logFallback(53)) - raft.server.rpc.first-election.timeout.min = 5s (fallback to raft.server.rpc.timeout.min)
2023-12-10 08:55:38,170 [383c3691-e37d-4704-9b62-3f343d93bad0@group-6E390D03E149-LeaderElection8] INFO  server.RaftServerConfigKeys (ConfUtils.java:logFallback(53)) - raft.server.rpc.first-election.timeout.max = 5200ms (fallback to raft.server.rpc.timeout.max)
2023-12-10 08:55:38,170 [grpc-default-executor-4] INFO  impl.RoleInfo (RoleInfo.java:shutdownFollowerState(110)) - ceafc0c7-af9d-4de4-ae81-ea841051c606: shutdown ceafc0c7-af9d-4de4-ae81-ea841051c606@group-E94C0B570E05-FollowerState
2023-12-10 08:55:38,170 [grpc-default-executor-5] INFO  impl.RoleInfo (RoleInfo.java:updateAndGet(139)) - 8170aa16-323e-44de-b8c0-3f99a1184856: start 8170aa16-323e-44de-b8c0-3f99a1184856@group-F342B1D124FD-FollowerState
2023-12-10 08:55:38,170 [ceafc0c7-af9d-4de4-ae81-ea841051c606@group-E94C0B570E05-FollowerState] INFO  impl.FollowerState (FollowerState.java:run(152)) - ceafc0c7-af9d-4de4-ae81-ea841051c606@group-E94C0B570E05-FollowerState was interrupted
2023-12-10 08:55:38,170 [8170aa16-323e-44de-b8c0-3f99a1184856@group-F342B1D124FD-FollowerState] INFO  impl.FollowerState (FollowerState.java:run(152)) - 8170aa16-323e-44de-b8c0-3f99a1184856@group-F342B1D124FD-FollowerState was interrupted
2023-12-10 08:55:38,170 [grpc-default-executor-4] INFO  impl.RoleInfo (RoleInfo.java:updateAndGet(139)) - ceafc0c7-af9d-4de4-ae81-ea841051c606: start ceafc0c7-af9d-4de4-ae81-ea841051c606@group-E94C0B570E05-FollowerState
2023-12-10 08:55:38,170 [edd7aebe-e713-4899-b982-ee5b12165735@group-E94C0B570E05-LeaderElection9] INFO  server.RaftServerConfigKeys (ConfUtils.java:logGet(46)) - raft.server.watch.timeout = 180s (custom)
2023-12-10 08:55:38,171 [edd7aebe-e713-4899-b982-ee5b12165735@group-E94C0B570E05-LeaderElection9] INFO  server.RaftServerConfigKeys (ConfUtils.java:logGet(46)) - raft.server.watch.timeout.denomination = 1s (default)
2023-12-10 08:55:38,171 [edd7aebe-e713-4899-b982-ee5b12165735@group-E94C0B570E05-LeaderElection9] INFO  server.RaftServerConfigKeys (ConfUtils.java:logGet(46)) - raft.server.watch.element-limit = 65536 (default)
2023-12-10 08:55:38,171 [ab6f04f4-5b2e-49ed-8ed6-18cca86f2b6f@group-F342B1D124FD-LeaderElection7] INFO  server.RaftServerConfigKeys (ConfUtils.java:logGet(46)) - raft.server.watch.timeout = 180s (custom)
2023-12-10 08:55:38,171 [ab6f04f4-5b2e-49ed-8ed6-18cca86f2b6f@group-F342B1D124FD-LeaderElection7] INFO  server.RaftServerConfigKeys (ConfUtils.java:logGet(46)) - raft.server.watch.timeout.denomination = 1s (default)
2023-12-10 08:55:38,171 [edd7aebe-e713-4899-b982-ee5b12165735@group-E94C0B570E05-LeaderElection9] INFO  server.RaftServerConfigKeys (ConfUtils.java:logGet(46)) - raft.server.read.leader.lease.enabled = false (default)
2023-12-10 08:55:38,171 [ab6f04f4-5b2e-49ed-8ed6-18cca86f2b6f@group-F342B1D124FD-LeaderElection7] INFO  server.RaftServerConfigKeys (ConfUtils.java:logGet(46)) - raft.server.watch.element-limit = 65536 (default)
2023-12-10 08:55:38,171 [ab6f04f4-5b2e-49ed-8ed6-18cca86f2b6f@group-F342B1D124FD-LeaderElection7] INFO  server.RaftServerConfigKeys (ConfUtils.java:logGet(46)) - raft.server.read.leader.lease.enabled = false (default)
2023-12-10 08:55:38,171 [ab6f04f4-5b2e-49ed-8ed6-18cca86f2b6f@group-F342B1D124FD-LeaderElection7] INFO  server.RaftServerConfigKeys (ConfUtils.java:logGet(46)) - raft.server.read.leader.lease.timeout.ratio = 0.9 (default)
2023-12-10 08:55:38,171 [ab6f04f4-5b2e-49ed-8ed6-18cca86f2b6f@group-F342B1D124FD-LeaderElection7] INFO  server.RaftServerConfigKeys (ConfUtils.java:logGet(46)) - raft.server.rpc.timeout.min = 5s (custom)
2023-12-10 08:55:38,171 [ab6f04f4-5b2e-49ed-8ed6-18cca86f2b6f@group-F342B1D124FD-LeaderElection7] INFO  server.RaftServerConfigKeys (ConfUtils.java:logGet(46)) - raft.server.write.element-limit = 1024 (custom)
2023-12-10 08:55:38,171 [ab6f04f4-5b2e-49ed-8ed6-18cca86f2b6f@group-F342B1D124FD-LeaderElection7] INFO  server.RaftServerConfigKeys (ConfUtils.java:logGet(46)) - raft.server.write.follower.gap.ratio.max = -1.0 (default)
2023-12-10 08:55:38,171 [grpc-default-executor-5] INFO  server.RaftServer$Division (RaftServerImpl.java:setFirstElection(564)) - 8170aa16-323e-44de-b8c0-3f99a1184856@group-F342B1D124FD: set firstElectionSinceStartup to false for candidate:ab6f04f4-5b2e-49ed-8ed6-18cca86f2b6f
2023-12-10 08:55:38,171 [edd7aebe-e713-4899-b982-ee5b12165735@group-E94C0B570E05-LeaderElection9] INFO  server.RaftServerConfigKeys (ConfUtils.java:logGet(46)) - raft.server.read.leader.lease.timeout.ratio = 0.9 (default)
2023-12-10 08:55:38,173 [edd7aebe-e713-4899-b982-ee5b12165735@group-E94C0B570E05-LeaderElection9] INFO  server.RaftServerConfigKeys (ConfUtils.java:logGet(46)) - raft.server.rpc.timeout.min = 5s (custom)
2023-12-10 08:55:38,173 [edd7aebe-e713-4899-b982-ee5b12165735@group-E94C0B570E05-LeaderElection9] INFO  server.RaftServerConfigKeys (ConfUtils.java:logGet(46)) - raft.server.write.element-limit = 1024 (custom)
2023-12-10 08:55:38,173 [edd7aebe-e713-4899-b982-ee5b12165735@group-E94C0B570E05-LeaderElection9] INFO  server.RaftServerConfigKeys (ConfUtils.java:logGet(46)) - raft.server.write.follower.gap.ratio.max = -1.0 (default)
2023-12-10 08:55:38,174 [grpc-default-executor-0] INFO  server.RaftServer$Division (RaftServerImpl.java:requestVote(1377)) - 7f393458-131e-4136-815e-5cd248d38671@group-6E390D03E149: receive requestVote(ELECTION, 383c3691-e37d-4704-9b62-3f343d93bad0, group-6E390D03E149, 1, (t:0, i:0))
2023-12-10 08:55:38,174 [grpc-default-executor-0] INFO  impl.VoteContext (VoteContext.java:log(49)) - 7f393458-131e-4136-815e-5cd248d38671@group-6E390D03E149-FOLLOWER: accept ELECTION from 383c3691-e37d-4704-9b62-3f343d93bad0: our priority 0 <= candidate's priority 1
2023-12-10 08:55:38,174 [grpc-default-executor-0] INFO  server.RaftServer$Division (RaftServerImpl.java:setRole(379)) - 7f393458-131e-4136-815e-5cd248d38671@group-6E390D03E149: changes role from  FOLLOWER to FOLLOWER at term 1 for candidate:383c3691-e37d-4704-9b62-3f343d93bad0
2023-12-10 08:55:38,174 [grpc-default-executor-0] INFO  impl.RoleInfo (RoleInfo.java:shutdownFollowerState(110)) - 7f393458-131e-4136-815e-5cd248d38671: shutdown 7f393458-131e-4136-815e-5cd248d38671@group-6E390D03E149-FollowerState
2023-12-10 08:55:38,173 [grpc-default-executor-2] INFO  server.RaftServer$Division (RaftServerImpl.java:requestVote(1377)) - d585e390-d9b9-49cd-b5b8-386dd9d89b96@group-6E390D03E149: receive requestVote(PRE_VOTE, 7f393458-131e-4136-815e-5cd248d38671, group-6E390D03E149, 0, (t:0, i:0))
2023-12-10 08:55:38,173 [grpc-default-executor-4] INFO  server.RaftServer$Division (RaftServerImpl.java:setFirstElection(564)) - ceafc0c7-af9d-4de4-ae81-ea841051c606@group-E94C0B570E05: set firstElectionSinceStartup to false for candidate:edd7aebe-e713-4899-b982-ee5b12165735
2023-12-10 08:55:38,173 [grpc-default-executor-3] INFO  impl.VoteContext (VoteContext.java:log(49)) - d585e390-d9b9-49cd-b5b8-386dd9d89b96@group-6E390D03E149-FOLLOWER: accept ELECTION from 383c3691-e37d-4704-9b62-3f343d93bad0: our priority 0 <= candidate's priority 1
2023-12-10 08:55:38,176 [grpc-default-executor-3] INFO  server.RaftServer$Division (RaftServerImpl.java:setRole(379)) - d585e390-d9b9-49cd-b5b8-386dd9d89b96@group-6E390D03E149: changes role from  FOLLOWER to FOLLOWER at term 1 for candidate:383c3691-e37d-4704-9b62-3f343d93bad0
2023-12-10 08:55:38,176 [grpc-default-executor-3] INFO  impl.RoleInfo (RoleInfo.java:shutdownFollowerState(110)) - d585e390-d9b9-49cd-b5b8-386dd9d89b96: shutdown d585e390-d9b9-49cd-b5b8-386dd9d89b96@group-6E390D03E149-FollowerState
2023-12-10 08:55:38,177 [grpc-default-executor-3] INFO  impl.RoleInfo (RoleInfo.java:updateAndGet(139)) - d585e390-d9b9-49cd-b5b8-386dd9d89b96: start d585e390-d9b9-49cd-b5b8-386dd9d89b96@group-6E390D03E149-FollowerState
2023-12-10 08:55:38,174 [edd7aebe-e713-4899-b982-ee5b12165735@group-E94C0B570E05-LeaderElection9] INFO  server.RaftServerConfigKeys (ConfUtils.java:logGet(46)) - raft.server.log.appender.snapshot.chunk.size.max = 16MB (=16777216) (default)
2023-12-10 08:55:38,175 [7f393458-131e-4136-815e-5cd248d38671@group-6E390D03E149-FollowerState] INFO  impl.FollowerState (FollowerState.java:run(152)) - 7f393458-131e-4136-815e-5cd248d38671@group-6E390D03E149-FollowerState was interrupted
2023-12-10 08:55:38,177 [ab6f04f4-5b2e-49ed-8ed6-18cca86f2b6f@group-F342B1D124FD-LeaderElection7] INFO  server.RaftServerConfigKeys (ConfUtils.java:logGet(46)) - raft.server.log.appender.snapshot.chunk.size.max = 16MB (=16777216) (default)
2023-12-10 08:55:38,177 [ab6f04f4-5b2e-49ed-8ed6-18cca86f2b6f@group-F342B1D124FD-LeaderElection7] INFO  server.RaftServerConfigKeys (ConfUtils.java:logGet(46)) - raft.server.log.appender.buffer.byte-limit = 8388608 (custom)
2023-12-10 08:55:38,176 [grpc-default-executor-0] INFO  impl.RoleInfo (RoleInfo.java:updateAndGet(139)) - 7f393458-131e-4136-815e-5cd248d38671: start 7f393458-131e-4136-815e-5cd248d38671@group-6E390D03E149-FollowerState
2023-12-10 08:55:38,177 [d585e390-d9b9-49cd-b5b8-386dd9d89b96@group-6E390D03E149-FollowerState] INFO  impl.FollowerState (FollowerState.java:run(152)) - d585e390-d9b9-49cd-b5b8-386dd9d89b96@group-6E390D03E149-FollowerState was interrupted
2023-12-10 08:55:38,178 [ab6f04f4-5b2e-49ed-8ed6-18cca86f2b6f@group-F342B1D124FD-LeaderElection7] INFO  server.RaftServerConfigKeys (ConfUtils.java:logGet(46)) - raft.server.log.appender.buffer.element-limit = 1 (custom)
2023-12-10 08:55:38,177 [edd7aebe-e713-4899-b982-ee5b12165735@group-E94C0B570E05-LeaderElection9] INFO  server.RaftServerConfigKeys (ConfUtils.java:logGet(46)) - raft.server.log.appender.buffer.byte-limit = 8388608 (custom)
2023-12-10 08:55:38,178 [edd7aebe-e713-4899-b982-ee5b12165735@group-E94C0B570E05-LeaderElection9] INFO  server.RaftServerConfigKeys (ConfUtils.java:logGet(46)) - raft.server.log.appender.buffer.element-limit = 1 (custom)
2023-12-10 08:55:38,178 [grpc-default-executor-3] INFO  server.RaftServer$Division (RaftServerImpl.java:setFirstElection(564)) - d585e390-d9b9-49cd-b5b8-386dd9d89b96@group-6E390D03E149: set firstElectionSinceStartup to false for candidate:383c3691-e37d-4704-9b62-3f343d93bad0
2023-12-10 08:55:38,178 [grpc-default-executor-5] INFO  server.RaftServer$Division (RaftServerImpl.java:requestVote(1410)) - 8170aa16-323e-44de-b8c0-3f99a1184856@group-F342B1D124FD replies to ELECTION vote request: ab6f04f4-5b2e-49ed-8ed6-18cca86f2b6f<-8170aa16-323e-44de-b8c0-3f99a1184856#0:OK-t1. Peer's state: 8170aa16-323e-44de-b8c0-3f99a1184856@group-F342B1D124FD:t1, leader=null, voted=ab6f04f4-5b2e-49ed-8ed6-18cca86f2b6f, raftlog=Memoized:8170aa16-323e-44de-b8c0-3f99a1184856@group-F342B1D124FD-SegmentedRaftLog:OPENED:c-1, conf=-1: peers:[8170aa16-323e-44de-b8c0-3f99a1184856|10.1.0.29:15041, ab6f04f4-5b2e-49ed-8ed6-18cca86f2b6f|10.1.0.29:15059, 71fa9327-596e-4bfe-b86f-33f6bdf50532|10.1.0.29:15050]|listeners:[], old=null
2023-12-10 08:55:38,179 [edd7aebe-e713-4899-b982-ee5b12165735@group-E94C0B570E05-LeaderElection9] INFO  server.RaftServerConfigKeys (ConfUtils.java:logGet(46)) - raft.server.log.appender.wait-time.min = 0μs (custom)
2023-12-10 08:55:38,179 [edd7aebe-e713-4899-b982-ee5b12165735@group-E94C0B570E05-LeaderElection9] INFO  grpc.GrpcConfigKeys (ConfUtils.java:logGet(46)) - raft.grpc.server.leader.outstanding.appends.max = 8 (default)
2023-12-10 08:55:38,179 [edd7aebe-e713-4899-b982-ee5b12165735@group-E94C0B570E05-LeaderElection9] INFO  server.RaftServerConfigKeys (ConfUtils.java:logGet(46)) - raft.server.rpc.request.timeout = 60s (custom)
2023-12-10 08:55:38,179 [edd7aebe-e713-4899-b982-ee5b12165735@group-E94C0B570E05-LeaderElection9] INFO  grpc.GrpcConfigKeys (ConfUtils.java:logGet(46)) - raft.grpc.server.install_snapshot.request.element-limit = 8 (default)
2023-12-10 08:55:38,179 [edd7aebe-e713-4899-b982-ee5b12165735@group-E94C0B570E05-LeaderElection9] INFO  grpc.GrpcConfigKeys (ConfUtils.java:logGet(46)) - raft.grpc.server.install_snapshot.request.timeout = 3000ms (default)
2023-12-10 08:55:38,179 [edd7aebe-e713-4899-b982-ee5b12165735@group-E94C0B570E05-LeaderElection9] INFO  server.RaftServerConfigKeys (ConfUtils.java:logGet(46)) - raft.server.log.appender.install.snapshot.enabled = false (custom)
2023-12-10 08:55:38,179 [edd7aebe-e713-4899-b982-ee5b12165735@group-E94C0B570E05-LeaderElection9] INFO  grpc.GrpcConfigKeys (ConfUtils.java:logGet(46)) - raft.grpc.server.heartbeat.channel = true (default)
2023-12-10 08:55:38,180 [grpc-default-executor-3] INFO  server.RaftServer$Division (RaftServerImpl.java:requestVote(1410)) - d585e390-d9b9-49cd-b5b8-386dd9d89b96@group-6E390D03E149 replies to ELECTION vote request: 383c3691-e37d-4704-9b62-3f343d93bad0<-d585e390-d9b9-49cd-b5b8-386dd9d89b96#0:OK-t1. Peer's state: d585e390-d9b9-49cd-b5b8-386dd9d89b96@group-6E390D03E149:t1, leader=null, voted=383c3691-e37d-4704-9b62-3f343d93bad0, raftlog=Memoized:d585e390-d9b9-49cd-b5b8-386dd9d89b96@group-6E390D03E149-SegmentedRaftLog:OPENED:c-1, conf=-1: peers:[d585e390-d9b9-49cd-b5b8-386dd9d89b96|10.1.0.29:15086, 383c3691-e37d-4704-9b62-3f343d93bad0|10.1.0.29:15068, 7f393458-131e-4136-815e-5cd248d38671|10.1.0.29:15077]|listeners:[], old=null
2023-12-10 08:55:38,180 [edd7aebe-e713-4899-b982-ee5b12165735@group-E94C0B570E05-LeaderElection9] INFO  server.RaftServerConfigKeys (ConfUtils.java:logGet(46)) - raft.server.log.appender.snapshot.chunk.size.max = 16MB (=16777216) (default)
2023-12-10 08:55:38,180 [grpc-default-executor-2] INFO  impl.VoteContext (VoteContext.java:log(49)) - d585e390-d9b9-49cd-b5b8-386dd9d89b96@group-6E390D03E149-FOLLOWER: accept PRE_VOTE from 7f393458-131e-4136-815e-5cd248d38671: our priority 0 <= candidate's priority 0
2023-12-10 08:55:38,181 [ab6f04f4-5b2e-49ed-8ed6-18cca86f2b6f@group-F342B1D124FD-LeaderElection7] INFO  server.RaftServerConfigKeys (ConfUtils.java:logGet(46)) - raft.server.log.appender.wait-time.min = 0μs (custom)
2023-12-10 08:55:38,181 [ab6f04f4-5b2e-49ed-8ed6-18cca86f2b6f@group-F342B1D124FD-LeaderElection7] INFO  grpc.GrpcConfigKeys (ConfUtils.java:logGet(46)) - raft.grpc.server.leader.outstanding.appends.max = 8 (default)
2023-12-10 08:55:38,181 [ab6f04f4-5b2e-49ed-8ed6-18cca86f2b6f@group-F342B1D124FD-LeaderElection7] INFO  server.RaftServerConfigKeys (ConfUtils.java:logGet(46)) - raft.server.rpc.request.timeout = 60s (custom)
2023-12-10 08:55:38,181 [ab6f04f4-5b2e-49ed-8ed6-18cca86f2b6f@group-F342B1D124FD-LeaderElection7] INFO  grpc.GrpcConfigKeys (ConfUtils.java:logGet(46)) - raft.grpc.server.install_snapshot.request.element-limit = 8 (default)
2023-12-10 08:55:38,181 [ab6f04f4-5b2e-49ed-8ed6-18cca86f2b6f@group-F342B1D124FD-LeaderElection7] INFO  grpc.GrpcConfigKeys (ConfUtils.java:logGet(46)) - raft.grpc.server.install_snapshot.request.timeout = 3000ms (default)
2023-12-10 08:55:38,181 [ab6f04f4-5b2e-49ed-8ed6-18cca86f2b6f@group-F342B1D124FD-LeaderElection7] INFO  server.RaftServerConfigKeys (ConfUtils.java:logGet(46)) - raft.server.log.appender.install.snapshot.enabled = false (custom)
2023-12-10 08:55:38,181 [ab6f04f4-5b2e-49ed-8ed6-18cca86f2b6f@group-F342B1D124FD-LeaderElection7] INFO  grpc.GrpcConfigKeys (ConfUtils.java:logGet(46)) - raft.grpc.server.heartbeat.channel = true (default)
2023-12-10 08:55:38,180 [edd7aebe-e713-4899-b982-ee5b12165735@group-E94C0B570E05-LeaderElection9] INFO  server.RaftServerConfigKeys (ConfUtils.java:logGet(46)) - raft.server.log.appender.buffer.byte-limit = 8388608 (custom)
2023-12-10 08:55:38,186 [edd7aebe-e713-4899-b982-ee5b12165735@group-E94C0B570E05-LeaderElection9] INFO  server.RaftServerConfigKeys (ConfUtils.java:logGet(46)) - raft.server.log.appender.buffer.element-limit = 1 (custom)
2023-12-10 08:55:38,186 [edd7aebe-e713-4899-b982-ee5b12165735@group-E94C0B570E05-LeaderElection9] INFO  server.RaftServerConfigKeys (ConfUtils.java:logGet(46)) - raft.server.log.appender.wait-time.min = 0μs (custom)
2023-12-10 08:55:38,186 [edd7aebe-e713-4899-b982-ee5b12165735@group-E94C0B570E05-LeaderElection9] INFO  grpc.GrpcConfigKeys (ConfUtils.java:logGet(46)) - raft.grpc.server.leader.outstanding.appends.max = 8 (default)
2023-12-10 08:55:38,186 [edd7aebe-e713-4899-b982-ee5b12165735@group-E94C0B570E05-LeaderElection9] INFO  server.RaftServerConfigKeys (ConfUtils.java:logGet(46)) - raft.server.rpc.request.timeout = 60s (custom)
2023-12-10 08:55:38,186 [edd7aebe-e713-4899-b982-ee5b12165735@group-E94C0B570E05-LeaderElection9] INFO  grpc.GrpcConfigKeys (ConfUtils.java:logGet(46)) - raft.grpc.server.install_snapshot.request.element-limit = 8 (default)
2023-12-10 08:55:38,186 [edd7aebe-e713-4899-b982-ee5b12165735@group-E94C0B570E05-LeaderElection9] INFO  grpc.GrpcConfigKeys (ConfUtils.java:logGet(46)) - raft.grpc.server.install_snapshot.request.timeout = 3000ms (default)
2023-12-10 08:55:38,186 [edd7aebe-e713-4899-b982-ee5b12165735@group-E94C0B570E05-LeaderElection9] INFO  server.RaftServerConfigKeys (ConfUtils.java:logGet(46)) - raft.server.log.appender.install.snapshot.enabled = false (custom)
2023-12-10 08:55:38,186 [edd7aebe-e713-4899-b982-ee5b12165735@group-E94C0B570E05-LeaderElection9] INFO  grpc.GrpcConfigKeys (ConfUtils.java:logGet(46)) - raft.grpc.server.heartbeat.channel = true (default)
2023-12-10 08:55:38,187 [edd7aebe-e713-4899-b982-ee5b12165735@group-E94C0B570E05-LeaderElection9] INFO  impl.RoleInfo (RoleInfo.java:updateAndGet(139)) - edd7aebe-e713-4899-b982-ee5b12165735: start edd7aebe-e713-4899-b982-ee5b12165735@group-E94C0B570E05-LeaderStateImpl
2023-12-10 08:55:38,187 [edd7aebe-e713-4899-b982-ee5b12165735@group-E94C0B570E05-LeaderElection9] INFO  server.RaftServer$Division (RaftServerImpl.java:setFirstElection(564)) - edd7aebe-e713-4899-b982-ee5b12165735@group-E94C0B570E05: set firstElectionSinceStartup to false for becomeLeader
2023-12-10 08:55:38,187 [edd7aebe-e713-4899-b982-ee5b12165735@group-E94C0B570E05-LeaderElection9] INFO  ratis.XceiverServerRatis (XceiverServerRatis.java:handleLeaderChangedNotification(935)) - Leader change notification received for group: group-E94C0B570E05 with new leaderId: edd7aebe-e713-4899-b982-ee5b12165735
2023-12-10 08:55:38,187 [edd7aebe-e713-4899-b982-ee5b12165735@group-E94C0B570E05-LeaderElection9] INFO  server.RaftServer$Division (ServerState.java:setLeader(265)) - edd7aebe-e713-4899-b982-ee5b12165735@group-E94C0B570E05: change Leader from null to edd7aebe-e713-4899-b982-ee5b12165735 at term 1 for becomeLeader, leader elected after 5548ms
2023-12-10 08:55:38,188 [edd7aebe-e713-4899-b982-ee5b12165735@group-E94C0B570E05-LeaderElection9] INFO  segmented.SegmentedRaftLogWorker (SegmentedRaftLogWorker.java:startLogSegment(428)) - edd7aebe-e713-4899-b982-ee5b12165735@group-E94C0B570E05-SegmentedRaftLogWorker: Starting segment from index:0
2023-12-10 08:55:38,186 [ab6f04f4-5b2e-49ed-8ed6-18cca86f2b6f@group-F342B1D124FD-LeaderElection7] INFO  server.RaftServerConfigKeys (ConfUtils.java:logGet(46)) - raft.server.log.appender.snapshot.chunk.size.max = 16MB (=16777216) (default)
2023-12-10 08:55:38,181 [383c3691-e37d-4704-9b62-3f343d93bad0@group-6E390D03E149-LeaderElection8] INFO  impl.LeaderElection (LeaderElection.java:logAndReturn(89)) - 383c3691-e37d-4704-9b62-3f343d93bad0@group-6E390D03E149-LeaderElection8: ELECTION PASSED received 1 response(s) and 0 exception(s):
2023-12-10 08:55:38,181 [grpc-default-executor-2] INFO  server.RaftServer$Division (RaftServerImpl.java:requestVote(1410)) - d585e390-d9b9-49cd-b5b8-386dd9d89b96@group-6E390D03E149 replies to PRE_VOTE vote request: 7f393458-131e-4136-815e-5cd248d38671<-d585e390-d9b9-49cd-b5b8-386dd9d89b96#0:OK-t1. Peer's state: d585e390-d9b9-49cd-b5b8-386dd9d89b96@group-6E390D03E149:t1, leader=null, voted=383c3691-e37d-4704-9b62-3f343d93bad0, raftlog=Memoized:d585e390-d9b9-49cd-b5b8-386dd9d89b96@group-6E390D03E149-SegmentedRaftLog:OPENED:c-1, conf=-1: peers:[d585e390-d9b9-49cd-b5b8-386dd9d89b96|10.1.0.29:15086, 383c3691-e37d-4704-9b62-3f343d93bad0|10.1.0.29:15068, 7f393458-131e-4136-815e-5cd248d38671|10.1.0.29:15077]|listeners:[], old=null
2023-12-10 08:55:38,188 [ab6f04f4-5b2e-49ed-8ed6-18cca86f2b6f@group-F342B1D124FD-LeaderElection7] INFO  server.RaftServerConfigKeys (ConfUtils.java:logGet(46)) - raft.server.log.appender.buffer.byte-limit = 8388608 (custom)
2023-12-10 08:55:38,189 [ab6f04f4-5b2e-49ed-8ed6-18cca86f2b6f@group-F342B1D124FD-LeaderElection7] INFO  server.RaftServerConfigKeys (ConfUtils.java:logGet(46)) - raft.server.log.appender.buffer.element-limit = 1 (custom)
2023-12-10 08:55:38,189 [ab6f04f4-5b2e-49ed-8ed6-18cca86f2b6f@group-F342B1D124FD-LeaderElection7] INFO  server.RaftServerConfigKeys (ConfUtils.java:logGet(46)) - raft.server.log.appender.wait-time.min = 0μs (custom)
2023-12-10 08:55:38,189 [ab6f04f4-5b2e-49ed-8ed6-18cca86f2b6f@group-F342B1D124FD-LeaderElection7] INFO  grpc.GrpcConfigKeys (ConfUtils.java:logGet(46)) - raft.grpc.server.leader.outstanding.appends.max = 8 (default)
2023-12-10 08:55:38,189 [ab6f04f4-5b2e-49ed-8ed6-18cca86f2b6f@group-F342B1D124FD-LeaderElection7] INFO  server.RaftServerConfigKeys (ConfUtils.java:logGet(46)) - raft.server.rpc.request.timeout = 60s (custom)
2023-12-10 08:55:38,189 [ab6f04f4-5b2e-49ed-8ed6-18cca86f2b6f@group-F342B1D124FD-LeaderElection7] INFO  grpc.GrpcConfigKeys (ConfUtils.java:logGet(46)) - raft.grpc.server.install_snapshot.request.element-limit = 8 (default)
2023-12-10 08:55:38,189 [ab6f04f4-5b2e-49ed-8ed6-18cca86f2b6f@group-F342B1D124FD-LeaderElection7] INFO  grpc.GrpcConfigKeys (ConfUtils.java:logGet(46)) - raft.grpc.server.install_snapshot.request.timeout = 3000ms (default)
2023-12-10 08:55:38,189 [ab6f04f4-5b2e-49ed-8ed6-18cca86f2b6f@group-F342B1D124FD-LeaderElection7] INFO  server.RaftServerConfigKeys (ConfUtils.java:logGet(46)) - raft.server.log.appender.install.snapshot.enabled = false (custom)
2023-12-10 08:55:38,189 [ab6f04f4-5b2e-49ed-8ed6-18cca86f2b6f@group-F342B1D124FD-LeaderElection7] INFO  grpc.GrpcConfigKeys (ConfUtils.java:logGet(46)) - raft.grpc.server.heartbeat.channel = true (default)
2023-12-10 08:55:38,189 [EventQueue-PipelineReportForPipelineReportHandler] INFO  pipeline.PipelineReportHandler (PipelineReportHandler.java:processPipelineReport(136)) - Opened pipeline PipelineID=708b8303-c8f3-4adb-8941-e94c0b570e05
2023-12-10 08:55:38,189 [ab6f04f4-5b2e-49ed-8ed6-18cca86f2b6f@group-F342B1D124FD-LeaderElection7] INFO  impl.RoleInfo (RoleInfo.java:updateAndGet(139)) - ab6f04f4-5b2e-49ed-8ed6-18cca86f2b6f: start ab6f04f4-5b2e-49ed-8ed6-18cca86f2b6f@group-F342B1D124FD-LeaderStateImpl
2023-12-10 08:55:38,189 [ab6f04f4-5b2e-49ed-8ed6-18cca86f2b6f@group-F342B1D124FD-LeaderElection7] INFO  server.RaftServer$Division (RaftServerImpl.java:setFirstElection(564)) - ab6f04f4-5b2e-49ed-8ed6-18cca86f2b6f@group-F342B1D124FD: set firstElectionSinceStartup to false for becomeLeader
2023-12-10 08:55:38,189 [ab6f04f4-5b2e-49ed-8ed6-18cca86f2b6f@group-F342B1D124FD-LeaderElection7] INFO  ratis.XceiverServerRatis (XceiverServerRatis.java:handleLeaderChangedNotification(935)) - Leader change notification received for group: group-F342B1D124FD with new leaderId: ab6f04f4-5b2e-49ed-8ed6-18cca86f2b6f
2023-12-10 08:55:38,181 [grpc-default-executor-4] INFO  server.RaftServer$Division (RaftServerImpl.java:requestVote(1410)) - ceafc0c7-af9d-4de4-ae81-ea841051c606@group-E94C0B570E05 replies to ELECTION vote request: edd7aebe-e713-4899-b982-ee5b12165735<-ceafc0c7-af9d-4de4-ae81-ea841051c606#0:OK-t1. Peer's state: ceafc0c7-af9d-4de4-ae81-ea841051c606@group-E94C0B570E05:t1, leader=null, voted=edd7aebe-e713-4899-b982-ee5b12165735, raftlog=Memoized:ceafc0c7-af9d-4de4-ae81-ea841051c606@group-E94C0B570E05-SegmentedRaftLog:OPENED:c-1, conf=-1: peers:[173e1c01-ab9b-4bd4-a1fb-1dc9b7180747|10.1.0.29:15032, edd7aebe-e713-4899-b982-ee5b12165735|10.1.0.29:15023, ceafc0c7-af9d-4de4-ae81-ea841051c606|10.1.0.29:15014]|listeners:[], old=null
2023-12-10 08:55:38,188 [383c3691-e37d-4704-9b62-3f343d93bad0@group-6E390D03E149-LeaderElection8] INFO  impl.LeaderElection (LeaderElection.java:logAndReturn(93)) -   Response 0: 383c3691-e37d-4704-9b62-3f343d93bad0<-d585e390-d9b9-49cd-b5b8-386dd9d89b96#0:OK-t1
2023-12-10 08:55:38,190 [383c3691-e37d-4704-9b62-3f343d93bad0@group-6E390D03E149-LeaderElection8] INFO  impl.LeaderElection (LeaderElection.java:askForVotes(325)) - 383c3691-e37d-4704-9b62-3f343d93bad0@group-6E390D03E149-LeaderElection8 ELECTION round 0: result PASSED
2023-12-10 08:55:38,190 [383c3691-e37d-4704-9b62-3f343d93bad0@group-6E390D03E149-LeaderElection8] INFO  impl.RoleInfo (RoleInfo.java:shutdownLeaderElection(130)) - 383c3691-e37d-4704-9b62-3f343d93bad0: shutdown 383c3691-e37d-4704-9b62-3f343d93bad0@group-6E390D03E149-LeaderElection8
2023-12-10 08:55:38,190 [383c3691-e37d-4704-9b62-3f343d93bad0@group-6E390D03E149-LeaderElection8] INFO  server.RaftServer$Division (RaftServerImpl.java:setRole(379)) - 383c3691-e37d-4704-9b62-3f343d93bad0@group-6E390D03E149: changes role from CANDIDATE to LEADER at term 1 for changeToLeader
2023-12-10 08:55:38,190 [383c3691-e37d-4704-9b62-3f343d93bad0@group-6E390D03E149-LeaderElection8] INFO  server.RaftServerConfigKeys (ConfUtils.java:logGet(46)) - raft.server.staging.catchup.gap = 1000 (default)
2023-12-10 08:55:38,190 [383c3691-e37d-4704-9b62-3f343d93bad0@group-6E390D03E149-LeaderElection8] INFO  server.RaftServerConfigKeys (ConfUtils.java:logGet(46)) - raft.server.write.element-limit = 1024 (custom)
2023-12-10 08:55:38,190 [383c3691-e37d-4704-9b62-3f343d93bad0@group-6E390D03E149-LeaderElection8] INFO  server.RaftServerConfigKeys (ConfUtils.java:logGet(46)) - raft.server.write.byte-limit = 1024 M (=1073741824) (custom)
2023-12-10 08:55:38,191 [383c3691-e37d-4704-9b62-3f343d93bad0@group-6E390D03E149-LeaderElection8] INFO  server.RaftServerConfigKeys (ConfUtils.java:logGet(46)) - raft.server.watch.timeout = 180s (custom)
2023-12-10 08:55:38,191 [383c3691-e37d-4704-9b62-3f343d93bad0@group-6E390D03E149-LeaderElection8] INFO  server.RaftServerConfigKeys (ConfUtils.java:logGet(46)) - raft.server.watch.timeout.denomination = 1s (default)
2023-12-10 08:55:38,191 [383c3691-e37d-4704-9b62-3f343d93bad0@group-6E390D03E149-LeaderElection8] INFO  server.RaftServerConfigKeys (ConfUtils.java:logGet(46)) - raft.server.watch.element-limit = 65536 (default)
2023-12-10 08:55:38,191 [383c3691-e37d-4704-9b62-3f343d93bad0@group-6E390D03E149-LeaderElection8] INFO  server.RaftServerConfigKeys (ConfUtils.java:logGet(46)) - raft.server.read.leader.lease.enabled = false (default)
2023-12-10 08:55:38,191 [383c3691-e37d-4704-9b62-3f343d93bad0@group-6E390D03E149-LeaderElection8] INFO  server.RaftServerConfigKeys (ConfUtils.java:logGet(46)) - raft.server.read.leader.lease.timeout.ratio = 0.9 (default)
2023-12-10 08:55:38,191 [383c3691-e37d-4704-9b62-3f343d93bad0@group-6E390D03E149-LeaderElection8] INFO  server.RaftServerConfigKeys (ConfUtils.java:logGet(46)) - raft.server.rpc.timeout.min = 5s (custom)
2023-12-10 08:55:38,191 [383c3691-e37d-4704-9b62-3f343d93bad0@group-6E390D03E149-LeaderElection8] INFO  server.RaftServerConfigKeys (ConfUtils.java:logGet(46)) - raft.server.write.element-limit = 1024 (custom)
2023-12-10 08:55:38,191 [383c3691-e37d-4704-9b62-3f343d93bad0@group-6E390D03E149-LeaderElection8] INFO  server.RaftServerConfigKeys (ConfUtils.java:logGet(46)) - raft.server.write.follower.gap.ratio.max = -1.0 (default)
2023-12-10 08:55:38,192 [383c3691-e37d-4704-9b62-3f343d93bad0@group-6E390D03E149-LeaderElection8] INFO  server.RaftServerConfigKeys (ConfUtils.java:logGet(46)) - raft.server.log.appender.snapshot.chunk.size.max = 16MB (=16777216) (default)
2023-12-10 08:55:38,192 [383c3691-e37d-4704-9b62-3f343d93bad0@group-6E390D03E149-LeaderElection8] INFO  server.RaftServerConfigKeys (ConfUtils.java:logGet(46)) - raft.server.log.appender.buffer.byte-limit = 8388608 (custom)
2023-12-10 08:55:38,192 [383c3691-e37d-4704-9b62-3f343d93bad0@group-6E390D03E149-LeaderElection8] INFO  server.RaftServerConfigKeys (ConfUtils.java:logGet(46)) - raft.server.log.appender.buffer.element-limit = 1 (custom)
2023-12-10 08:55:38,192 [383c3691-e37d-4704-9b62-3f343d93bad0@group-6E390D03E149-LeaderElection8] INFO  server.RaftServerConfigKeys (ConfUtils.java:logGet(46)) - raft.server.log.appender.wait-time.min = 0μs (custom)
2023-12-10 08:55:38,192 [383c3691-e37d-4704-9b62-3f343d93bad0@group-6E390D03E149-LeaderElection8] INFO  grpc.GrpcConfigKeys (ConfUtils.java:logGet(46)) - raft.grpc.server.leader.outstanding.appends.max = 8 (default)
2023-12-10 08:55:38,192 [383c3691-e37d-4704-9b62-3f343d93bad0@group-6E390D03E149-LeaderElection8] INFO  server.RaftServerConfigKeys (ConfUtils.java:logGet(46)) - raft.server.rpc.request.timeout = 60s (custom)
2023-12-10 08:55:38,192 [383c3691-e37d-4704-9b62-3f343d93bad0@group-6E390D03E149-LeaderElection8] INFO  grpc.GrpcConfigKeys (ConfUtils.java:logGet(46)) - raft.grpc.server.install_snapshot.request.element-limit = 8 (default)
2023-12-10 08:55:38,192 [383c3691-e37d-4704-9b62-3f343d93bad0@group-6E390D03E149-LeaderElection8] INFO  grpc.GrpcConfigKeys (ConfUtils.java:logGet(46)) - raft.grpc.server.install_snapshot.request.timeout = 3000ms (default)
2023-12-10 08:55:38,192 [383c3691-e37d-4704-9b62-3f343d93bad0@group-6E390D03E149-LeaderElection8] INFO  server.RaftServerConfigKeys (ConfUtils.java:logGet(46)) - raft.server.log.appender.install.snapshot.enabled = false (custom)
2023-12-10 08:55:38,192 [383c3691-e37d-4704-9b62-3f343d93bad0@group-6E390D03E149-LeaderElection8] INFO  grpc.GrpcConfigKeys (ConfUtils.java:logGet(46)) - raft.grpc.server.heartbeat.channel = true (default)
2023-12-10 08:55:38,193 [383c3691-e37d-4704-9b62-3f343d93bad0@group-6E390D03E149-LeaderElection8] INFO  server.RaftServerConfigKeys (ConfUtils.java:logGet(46)) - raft.server.log.appender.snapshot.chunk.size.max = 16MB (=16777216) (default)
2023-12-10 08:55:38,193 [383c3691-e37d-4704-9b62-3f343d93bad0@group-6E390D03E149-LeaderElection8] INFO  server.RaftServerConfigKeys (ConfUtils.java:logGet(46)) - raft.server.log.appender.buffer.byte-limit = 8388608 (custom)
2023-12-10 08:55:38,193 [383c3691-e37d-4704-9b62-3f343d93bad0@group-6E390D03E149-LeaderElection8] INFO  server.RaftServerConfigKeys (ConfUtils.java:logGet(46)) - raft.server.log.appender.buffer.element-limit = 1 (custom)
2023-12-10 08:55:38,193 [383c3691-e37d-4704-9b62-3f343d93bad0@group-6E390D03E149-LeaderElection8] INFO  server.RaftServerConfigKeys (ConfUtils.java:logGet(46)) - raft.server.log.appender.wait-time.min = 0μs (custom)
2023-12-10 08:55:38,193 [383c3691-e37d-4704-9b62-3f343d93bad0@group-6E390D03E149-LeaderElection8] INFO  grpc.GrpcConfigKeys (ConfUtils.java:logGet(46)) - raft.grpc.server.leader.outstanding.appends.max = 8 (default)
2023-12-10 08:55:38,194 [383c3691-e37d-4704-9b62-3f343d93bad0@group-6E390D03E149-LeaderElection8] INFO  server.RaftServerConfigKeys (ConfUtils.java:logGet(46)) - raft.server.rpc.request.timeout = 60s (custom)
2023-12-10 08:55:38,194 [383c3691-e37d-4704-9b62-3f343d93bad0@group-6E390D03E149-LeaderElection8] INFO  grpc.GrpcConfigKeys (ConfUtils.java:logGet(46)) - raft.grpc.server.install_snapshot.request.element-limit = 8 (default)
2023-12-10 08:55:38,194 [383c3691-e37d-4704-9b62-3f343d93bad0@group-6E390D03E149-LeaderElection8] INFO  grpc.GrpcConfigKeys (ConfUtils.java:logGet(46)) - raft.grpc.server.install_snapshot.request.timeout = 3000ms (default)
2023-12-10 08:55:38,194 [ab6f04f4-5b2e-49ed-8ed6-18cca86f2b6f@group-F342B1D124FD-LeaderElection7] INFO  server.RaftServer$Division (ServerState.java:setLeader(265)) - ab6f04f4-5b2e-49ed-8ed6-18cca86f2b6f@group-F342B1D124FD: change Leader from null to ab6f04f4-5b2e-49ed-8ed6-18cca86f2b6f at term 1 for becomeLeader, leader elected after 5281ms
2023-12-10 08:55:38,194 [ab6f04f4-5b2e-49ed-8ed6-18cca86f2b6f@group-F342B1D124FD-LeaderElection7] INFO  segmented.SegmentedRaftLogWorker (SegmentedRaftLogWorker.java:startLogSegment(428)) - ab6f04f4-5b2e-49ed-8ed6-18cca86f2b6f@group-F342B1D124FD-SegmentedRaftLogWorker: Starting segment from index:0
2023-12-10 08:55:38,195 [EventQueue-PipelineReportForPipelineReportHandler] INFO  pipeline.PipelineReportHandler (PipelineReportHandler.java:processPipelineReport(136)) - Opened pipeline PipelineID=082d7f9d-146b-41ee-8618-f342b1d124fd
2023-12-10 08:55:38,197 [grpc-default-executor-0] INFO  server.RaftServer$Division (RaftServerImpl.java:requestVote(1410)) - 7f393458-131e-4136-815e-5cd248d38671@group-6E390D03E149 replies to ELECTION vote request: 383c3691-e37d-4704-9b62-3f343d93bad0<-7f393458-131e-4136-815e-5cd248d38671#0:OK-t1. Peer's state: 7f393458-131e-4136-815e-5cd248d38671@group-6E390D03E149:t1, leader=null, voted=383c3691-e37d-4704-9b62-3f343d93bad0, raftlog=Memoized:7f393458-131e-4136-815e-5cd248d38671@group-6E390D03E149-SegmentedRaftLog:OPENED:c-1, conf=-1: peers:[d585e390-d9b9-49cd-b5b8-386dd9d89b96|10.1.0.29:15086, 383c3691-e37d-4704-9b62-3f343d93bad0|10.1.0.29:15068, 7f393458-131e-4136-815e-5cd248d38671|10.1.0.29:15077]|listeners:[], old=null
2023-12-10 08:55:38,202 [edd7aebe-e713-4899-b982-ee5b12165735@group-E94C0B570E05-LeaderElection9] INFO  server.RaftServer$Division (ServerState.java:setRaftConf(382)) - edd7aebe-e713-4899-b982-ee5b12165735@group-E94C0B570E05: set configuration 0: peers:[173e1c01-ab9b-4bd4-a1fb-1dc9b7180747|10.1.0.29:15032, edd7aebe-e713-4899-b982-ee5b12165735|10.1.0.29:15023, ceafc0c7-af9d-4de4-ae81-ea841051c606|10.1.0.29:15014]|listeners:[], old=null
2023-12-10 08:55:38,194 [383c3691-e37d-4704-9b62-3f343d93bad0@group-6E390D03E149-LeaderElection8] INFO  server.RaftServerConfigKeys (ConfUtils.java:logGet(46)) - raft.server.log.appender.install.snapshot.enabled = false (custom)
2023-12-10 08:55:38,203 [383c3691-e37d-4704-9b62-3f343d93bad0@group-6E390D03E149-LeaderElection8] INFO  grpc.GrpcConfigKeys (ConfUtils.java:logGet(46)) - raft.grpc.server.heartbeat.channel = true (default)
2023-12-10 08:55:38,203 [383c3691-e37d-4704-9b62-3f343d93bad0@group-6E390D03E149-LeaderElection8] INFO  impl.RoleInfo (RoleInfo.java:updateAndGet(139)) - 383c3691-e37d-4704-9b62-3f343d93bad0: start 383c3691-e37d-4704-9b62-3f343d93bad0@group-6E390D03E149-LeaderStateImpl
2023-12-10 08:55:38,204 [383c3691-e37d-4704-9b62-3f343d93bad0@group-6E390D03E149-LeaderElection8] INFO  server.RaftServer$Division (RaftServerImpl.java:setFirstElection(564)) - 383c3691-e37d-4704-9b62-3f343d93bad0@group-6E390D03E149: set firstElectionSinceStartup to false for becomeLeader
2023-12-10 08:55:38,204 [383c3691-e37d-4704-9b62-3f343d93bad0@group-6E390D03E149-LeaderElection8] INFO  ratis.XceiverServerRatis (XceiverServerRatis.java:handleLeaderChangedNotification(935)) - Leader change notification received for group: group-6E390D03E149 with new leaderId: 383c3691-e37d-4704-9b62-3f343d93bad0
2023-12-10 08:55:38,203 [ab6f04f4-5b2e-49ed-8ed6-18cca86f2b6f@group-F342B1D124FD-SegmentedRaftLogWorker] INFO  segmented.SegmentedRaftLogWorker (SegmentedRaftLogWorker.java:execute(632)) - ab6f04f4-5b2e-49ed-8ed6-18cca86f2b6f@group-F342B1D124FD-SegmentedRaftLogWorker: created new log segment /home/runner/work/ozone/ozone/hadoop-ozone/integration-test/target/test-dir/MiniOzoneClusterImpl-7f66dfcd-4d84-4460-b9fe-211923c7b7bb/datanode-5/data/ratis/082d7f9d-146b-41ee-8618-f342b1d124fd/current/log_inprogress_0
2023-12-10 08:55:38,202 [ab6f04f4-5b2e-49ed-8ed6-18cca86f2b6f@group-F342B1D124FD-LeaderElection7] INFO  server.RaftServer$Division (ServerState.java:setRaftConf(382)) - ab6f04f4-5b2e-49ed-8ed6-18cca86f2b6f@group-F342B1D124FD: set configuration 0: peers:[8170aa16-323e-44de-b8c0-3f99a1184856|10.1.0.29:15041, ab6f04f4-5b2e-49ed-8ed6-18cca86f2b6f|10.1.0.29:15059, 71fa9327-596e-4bfe-b86f-33f6bdf50532|10.1.0.29:15050]|listeners:[], old=null
2023-12-10 08:55:38,211 [383c3691-e37d-4704-9b62-3f343d93bad0@group-6E390D03E149-LeaderElection8] INFO  server.RaftServer$Division (ServerState.java:setLeader(265)) - 383c3691-e37d-4704-9b62-3f343d93bad0@group-6E390D03E149: change Leader from null to 383c3691-e37d-4704-9b62-3f343d93bad0 at term 1 for becomeLeader, leader elected after 5355ms
2023-12-10 08:55:38,211 [383c3691-e37d-4704-9b62-3f343d93bad0@group-6E390D03E149-LeaderElection8] INFO  segmented.SegmentedRaftLogWorker (SegmentedRaftLogWorker.java:startLogSegment(428)) - 383c3691-e37d-4704-9b62-3f343d93bad0@group-6E390D03E149-SegmentedRaftLogWorker: Starting segment from index:0
2023-12-10 08:55:38,213 [EventQueue-PipelineReportForPipelineReportHandler] INFO  pipeline.PipelineReportHandler (PipelineReportHandler.java:processPipelineReport(136)) - Opened pipeline PipelineID=36c72806-ba22-4131-ae25-6e390d03e149
2023-12-10 08:55:38,216 [edd7aebe-e713-4899-b982-ee5b12165735@group-E94C0B570E05-SegmentedRaftLogWorker] INFO  segmented.SegmentedRaftLogWorker (SegmentedRaftLogWorker.java:execute(632)) - edd7aebe-e713-4899-b982-ee5b12165735@group-E94C0B570E05-SegmentedRaftLogWorker: created new log segment /home/runner/work/ozone/ozone/hadoop-ozone/integration-test/target/test-dir/MiniOzoneClusterImpl-7f66dfcd-4d84-4460-b9fe-211923c7b7bb/datanode-1/data/ratis/708b8303-c8f3-4adb-8941-e94c0b570e05/current/log_inprogress_0
2023-12-10 08:55:38,220 [383c3691-e37d-4704-9b62-3f343d93bad0@group-6E390D03E149-LeaderElection8] INFO  server.RaftServer$Division (ServerState.java:setRaftConf(382)) - 383c3691-e37d-4704-9b62-3f343d93bad0@group-6E390D03E149: set configuration 0: peers:[d585e390-d9b9-49cd-b5b8-386dd9d89b96|10.1.0.29:15086, 383c3691-e37d-4704-9b62-3f343d93bad0|10.1.0.29:15068, 7f393458-131e-4136-815e-5cd248d38671|10.1.0.29:15077]|listeners:[], old=null
2023-12-10 08:55:38,229 [383c3691-e37d-4704-9b62-3f343d93bad0@group-6E390D03E149-SegmentedRaftLogWorker] INFO  segmented.SegmentedRaftLogWorker (SegmentedRaftLogWorker.java:execute(632)) - 383c3691-e37d-4704-9b62-3f343d93bad0@group-6E390D03E149-SegmentedRaftLogWorker: created new log segment /home/runner/work/ozone/ozone/hadoop-ozone/integration-test/target/test-dir/MiniOzoneClusterImpl-7f66dfcd-4d84-4460-b9fe-211923c7b7bb/datanode-6/data/ratis/36c72806-ba22-4131-ae25-6e390d03e149/current/log_inprogress_0
2023-12-10 08:55:38,233 [71fa9327-596e-4bfe-b86f-33f6bdf50532-server-thread1] INFO  ratis.XceiverServerRatis (XceiverServerRatis.java:handleLeaderChangedNotification(935)) - Leader change notification received for group: group-F342B1D124FD with new leaderId: ab6f04f4-5b2e-49ed-8ed6-18cca86f2b6f
2023-12-10 08:55:38,233 [173e1c01-ab9b-4bd4-a1fb-1dc9b7180747-server-thread2] INFO  ratis.XceiverServerRatis (XceiverServerRatis.java:handleLeaderChangedNotification(935)) - Leader change notification received for group: group-E94C0B570E05 with new leaderId: edd7aebe-e713-4899-b982-ee5b12165735
2023-12-10 08:55:38,233 [173e1c01-ab9b-4bd4-a1fb-1dc9b7180747-server-thread2] INFO  server.RaftServer$Division (ServerState.java:setLeader(265)) - 173e1c01-ab9b-4bd4-a1fb-1dc9b7180747@group-E94C0B570E05: change Leader from null to edd7aebe-e713-4899-b982-ee5b12165735 at term 1 for appendEntries, leader elected after 5588ms
2023-12-10 08:55:38,233 [71fa9327-596e-4bfe-b86f-33f6bdf50532-server-thread1] INFO  server.RaftServer$Division (ServerState.java:setLeader(265)) - 71fa9327-596e-4bfe-b86f-33f6bdf50532@group-F342B1D124FD: change Leader from null to ab6f04f4-5b2e-49ed-8ed6-18cca86f2b6f at term 1 for appendEntries, leader elected after 5641ms
2023-12-10 08:55:38,233 [8170aa16-323e-44de-b8c0-3f99a1184856-server-thread1] INFO  ratis.XceiverServerRatis (XceiverServerRatis.java:handleLeaderChangedNotification(935)) - Leader change notification received for group: group-F342B1D124FD with new leaderId: ab6f04f4-5b2e-49ed-8ed6-18cca86f2b6f
2023-12-10 08:55:38,234 [173e1c01-ab9b-4bd4-a1fb-1dc9b7180747-server-thread2] INFO  server.RaftServer$Division (ServerState.java:setRaftConf(382)) - 173e1c01-ab9b-4bd4-a1fb-1dc9b7180747@group-E94C0B570E05: set configuration 0: peers:[173e1c01-ab9b-4bd4-a1fb-1dc9b7180747|10.1.0.29:15032, edd7aebe-e713-4899-b982-ee5b12165735|10.1.0.29:15023, ceafc0c7-af9d-4de4-ae81-ea841051c606|10.1.0.29:15014]|listeners:[], old=null
2023-12-10 08:55:38,234 [71fa9327-596e-4bfe-b86f-33f6bdf50532-server-thread2] INFO  server.RaftServer$Division (ServerState.java:setRaftConf(382)) - 71fa9327-596e-4bfe-b86f-33f6bdf50532@group-F342B1D124FD: set configuration 0: peers:[8170aa16-323e-44de-b8c0-3f99a1184856|10.1.0.29:15041, ab6f04f4-5b2e-49ed-8ed6-18cca86f2b6f|10.1.0.29:15059, 71fa9327-596e-4bfe-b86f-33f6bdf50532|10.1.0.29:15050]|listeners:[], old=null
2023-12-10 08:55:38,235 [173e1c01-ab9b-4bd4-a1fb-1dc9b7180747-server-thread2] INFO  segmented.SegmentedRaftLogWorker (SegmentedRaftLogWorker.java:startLogSegment(428)) - 173e1c01-ab9b-4bd4-a1fb-1dc9b7180747@group-E94C0B570E05-SegmentedRaftLogWorker: Starting segment from index:0
2023-12-10 08:55:38,235 [71fa9327-596e-4bfe-b86f-33f6bdf50532-server-thread2] INFO  segmented.SegmentedRaftLogWorker (SegmentedRaftLogWorker.java:startLogSegment(428)) - 71fa9327-596e-4bfe-b86f-33f6bdf50532@group-F342B1D124FD-SegmentedRaftLogWorker: Starting segment from index:0
2023-12-10 08:55:38,243 [173e1c01-ab9b-4bd4-a1fb-1dc9b7180747@group-E94C0B570E05-SegmentedRaftLogWorker] INFO  segmented.SegmentedRaftLogWorker (SegmentedRaftLogWorker.java:execute(632)) - 173e1c01-ab9b-4bd4-a1fb-1dc9b7180747@group-E94C0B570E05-SegmentedRaftLogWorker: created new log segment /home/runner/work/ozone/ozone/hadoop-ozone/integration-test/target/test-dir/MiniOzoneClusterImpl-7f66dfcd-4d84-4460-b9fe-211923c7b7bb/datanode-2/data/ratis/708b8303-c8f3-4adb-8941-e94c0b570e05/current/log_inprogress_0
2023-12-10 08:55:38,246 [9d33b5cf-046b-45d3-8518-fd69107da003@group-8B162C13FFA2-FollowerState] INFO  impl.FollowerState (FollowerState.java:run(143)) - 9d33b5cf-046b-45d3-8518-fd69107da003@group-8B162C13FFA2-FollowerState: change to CANDIDATE, lastRpcElapsedTime:5035398175ns, electionTimeout:5032ms
2023-12-10 08:55:38,246 [9d33b5cf-046b-45d3-8518-fd69107da003@group-8B162C13FFA2-FollowerState] INFO  impl.RoleInfo (RoleInfo.java:shutdownFollowerState(110)) - 9d33b5cf-046b-45d3-8518-fd69107da003: shutdown 9d33b5cf-046b-45d3-8518-fd69107da003@group-8B162C13FFA2-FollowerState
2023-12-10 08:55:38,246 [9d33b5cf-046b-45d3-8518-fd69107da003@group-8B162C13FFA2-FollowerState] INFO  server.RaftServer$Division (RaftServerImpl.java:setRole(379)) - 9d33b5cf-046b-45d3-8518-fd69107da003@group-8B162C13FFA2: changes role from  FOLLOWER to CANDIDATE at term 0 for changeToCandidate
2023-12-10 08:55:38,246 [9d33b5cf-046b-45d3-8518-fd69107da003@group-8B162C13FFA2-FollowerState] INFO  server.RaftServerConfigKeys (ConfUtils.java:logGet(46)) - raft.server.leaderelection.pre-vote = true (default)
2023-12-10 08:55:38,246 [9d33b5cf-046b-45d3-8518-fd69107da003@group-8B162C13FFA2-FollowerState] INFO  impl.RoleInfo (RoleInfo.java:updateAndGet(139)) - 9d33b5cf-046b-45d3-8518-fd69107da003: start 9d33b5cf-046b-45d3-8518-fd69107da003@group-8B162C13FFA2-LeaderElection11
2023-12-10 08:55:38,248 [d585e390-d9b9-49cd-b5b8-386dd9d89b96@group-EF992D48831C-FollowerState] INFO  impl.FollowerState (FollowerState.java:run(143)) - d585e390-d9b9-49cd-b5b8-386dd9d89b96@group-EF992D48831C-FollowerState: change to CANDIDATE, lastRpcElapsedTime:5122026866ns, electionTimeout:5119ms
2023-12-10 08:55:38,248 [d585e390-d9b9-49cd-b5b8-386dd9d89b96@group-EF992D48831C-FollowerState] INFO  impl.RoleInfo (RoleInfo.java:shutdownFollowerState(110)) - d585e390-d9b9-49cd-b5b8-386dd9d89b96: shutdown d585e390-d9b9-49cd-b5b8-386dd9d89b96@group-EF992D48831C-FollowerState
2023-12-10 08:55:38,248 [d585e390-d9b9-49cd-b5b8-386dd9d89b96@group-EF992D48831C-FollowerState] INFO  server.RaftServer$Division (RaftServerImpl.java:setRole(379)) - d585e390-d9b9-49cd-b5b8-386dd9d89b96@group-EF992D48831C: changes role from  FOLLOWER to CANDIDATE at term 0 for changeToCandidate
2023-12-10 08:55:38,249 [d585e390-d9b9-49cd-b5b8-386dd9d89b96@group-EF992D48831C-FollowerState] INFO  server.RaftServerConfigKeys (ConfUtils.java:logGet(46)) - raft.server.leaderelection.pre-vote = true (default)
2023-12-10 08:55:38,253 [d585e390-d9b9-49cd-b5b8-386dd9d89b96@group-EF992D48831C-FollowerState] INFO  impl.RoleInfo (RoleInfo.java:updateAndGet(139)) - d585e390-d9b9-49cd-b5b8-386dd9d89b96: start d585e390-d9b9-49cd-b5b8-386dd9d89b96@group-EF992D48831C-LeaderElection12
2023-12-10 08:55:38,252 [8170aa16-323e-44de-b8c0-3f99a1184856-server-thread1] INFO  server.RaftServer$Division (ServerState.java:setLeader(265)) - 8170aa16-323e-44de-b8c0-3f99a1184856@group-F342B1D124FD: change Leader from null to ab6f04f4-5b2e-49ed-8ed6-18cca86f2b6f at term 1 for appendEntries, leader elected after 5433ms
2023-12-10 08:55:38,255 [edd7aebe-e713-4899-b982-ee5b12165735@group-E94C0B570E05-StateMachineUpdater] INFO  server.RaftServer$Division (LeaderStateImpl.java:isApplied(316)) - leader is ready since appliedIndex == 0 >= startIndex == 0
2023-12-10 08:55:38,257 [9d33b5cf-046b-45d3-8518-fd69107da003@group-8B162C13FFA2-LeaderElection11] INFO  impl.LeaderElection (LeaderElection.java:askForVotes(323)) - 9d33b5cf-046b-45d3-8518-fd69107da003@group-8B162C13FFA2-LeaderElection11 PRE_VOTE round 0: submit vote requests at term 0 for -1: peers:[739b2b9a-4a10-4b30-8d82-41f2f3567ae9|10.1.0.29:15104, 1325fac8-4950-4fd4-a580-526da936db2d|10.1.0.29:15113, 9d33b5cf-046b-45d3-8518-fd69107da003|10.1.0.29:15095]|listeners:[], old=null
2023-12-10 08:55:38,257 [9d33b5cf-046b-45d3-8518-fd69107da003@group-8B162C13FFA2-LeaderElection11-1] INFO  server.GrpcServerProtocolClient (GrpcServerProtocolClient.java:<init>(65)) - Build channel for 739b2b9a-4a10-4b30-8d82-41f2f3567ae9
2023-12-10 08:55:38,257 [9d33b5cf-046b-45d3-8518-fd69107da003@group-8B162C13FFA2-LeaderElection11] INFO  server.RaftServerConfigKeys (ConfUtils.java:logFallback(53)) - raft.server.rpc.first-election.timeout.min = 5s (fallback to raft.server.rpc.timeout.min)
2023-12-10 08:55:38,257 [9d33b5cf-046b-45d3-8518-fd69107da003@group-8B162C13FFA2-LeaderElection11-2] INFO  server.GrpcServerProtocolClient (GrpcServerProtocolClient.java:<init>(65)) - Build channel for 1325fac8-4950-4fd4-a580-526da936db2d
2023-12-10 08:55:38,257 [9d33b5cf-046b-45d3-8518-fd69107da003@group-8B162C13FFA2-LeaderElection11] INFO  server.RaftServerConfigKeys (ConfUtils.java:logFallback(53)) - raft.server.rpc.first-election.timeout.max = 5200ms (fallback to raft.server.rpc.timeout.max)
2023-12-10 08:55:38,260 [8170aa16-323e-44de-b8c0-3f99a1184856-server-thread2] INFO  server.RaftServer$Division (ServerState.java:setRaftConf(382)) - 8170aa16-323e-44de-b8c0-3f99a1184856@group-F342B1D124FD: set configuration 0: peers:[8170aa16-323e-44de-b8c0-3f99a1184856|10.1.0.29:15041, ab6f04f4-5b2e-49ed-8ed6-18cca86f2b6f|10.1.0.29:15059, 71fa9327-596e-4bfe-b86f-33f6bdf50532|10.1.0.29:15050]|listeners:[], old=null
2023-12-10 08:55:38,261 [8170aa16-323e-44de-b8c0-3f99a1184856-server-thread2] INFO  segmented.SegmentedRaftLogWorker (SegmentedRaftLogWorker.java:startLogSegment(428)) - 8170aa16-323e-44de-b8c0-3f99a1184856@group-F342B1D124FD-SegmentedRaftLogWorker: Starting segment from index:0
2023-12-10 08:55:38,262 [d585e390-d9b9-49cd-b5b8-386dd9d89b96@group-EF992D48831C-LeaderElection12] INFO  impl.LeaderElection (LeaderElection.java:askForVotes(323)) - d585e390-d9b9-49cd-b5b8-386dd9d89b96@group-EF992D48831C-LeaderElection12 PRE_VOTE round 0: submit vote requests at term 0 for -1: peers:[d585e390-d9b9-49cd-b5b8-386dd9d89b96|10.1.0.29:15086, 383c3691-e37d-4704-9b62-3f343d93bad0|10.1.0.29:15068, 7f393458-131e-4136-815e-5cd248d38671|10.1.0.29:15077]|listeners:[], old=null
2023-12-10 08:55:38,266 [ceafc0c7-af9d-4de4-ae81-ea841051c606-server-thread1] INFO  ratis.XceiverServerRatis (XceiverServerRatis.java:handleLeaderChangedNotification(935)) - Leader change notification received for group: group-E94C0B570E05 with new leaderId: edd7aebe-e713-4899-b982-ee5b12165735
2023-12-10 08:55:38,266 [ceafc0c7-af9d-4de4-ae81-ea841051c606-server-thread1] INFO  server.RaftServer$Division (ServerState.java:setLeader(265)) - ceafc0c7-af9d-4de4-ae81-ea841051c606@group-E94C0B570E05: change Leader from null to edd7aebe-e713-4899-b982-ee5b12165735 at term 1 for appendEntries, leader elected after 5625ms
2023-12-10 08:55:38,267 [383c3691-e37d-4704-9b62-3f343d93bad0@group-EF992D48831C-FollowerState] INFO  impl.FollowerState (FollowerState.java:run(143)) - 383c3691-e37d-4704-9b62-3f343d93bad0@group-EF992D48831C-FollowerState: change to CANDIDATE, lastRpcElapsedTime:5169939509ns, electionTimeout:5168ms
2023-12-10 08:55:38,267 [383c3691-e37d-4704-9b62-3f343d93bad0@group-EF992D48831C-FollowerState] INFO  impl.RoleInfo (RoleInfo.java:shutdownFollowerState(110)) - 383c3691-e37d-4704-9b62-3f343d93bad0: shutdown 383c3691-e37d-4704-9b62-3f343d93bad0@group-EF992D48831C-FollowerState
2023-12-10 08:55:38,267 [383c3691-e37d-4704-9b62-3f343d93bad0@group-EF992D48831C-FollowerState] INFO  server.RaftServer$Division (RaftServerImpl.java:setRole(379)) - 383c3691-e37d-4704-9b62-3f343d93bad0@group-EF992D48831C: changes role from  FOLLOWER to CANDIDATE at term 0 for changeToCandidate
2023-12-10 08:55:38,267 [7f393458-131e-4136-815e-5cd248d38671-server-thread1] INFO  ratis.XceiverServerRatis (XceiverServerRatis.java:handleLeaderChangedNotification(935)) - Leader change notification received for group: group-6E390D03E149 with new leaderId: 383c3691-e37d-4704-9b62-3f343d93bad0
2023-12-10 08:55:38,274 [d585e390-d9b9-49cd-b5b8-386dd9d89b96@group-EF992D48831C-LeaderElection12] INFO  server.RaftServerConfigKeys (ConfUtils.java:logFallback(53)) - raft.server.rpc.first-election.timeout.min = 5s (fallback to raft.server.rpc.timeout.min)
2023-12-10 08:55:38,274 [d585e390-d9b9-49cd-b5b8-386dd9d89b96@group-EF992D48831C-LeaderElection12] INFO  server.RaftServerConfigKeys (ConfUtils.java:logFallback(53)) - raft.server.rpc.first-election.timeout.max = 5200ms (fallback to raft.server.rpc.timeout.max)
2023-12-10 08:55:38,274 [8170aa16-323e-44de-b8c0-3f99a1184856@group-F342B1D124FD-SegmentedRaftLogWorker] INFO  segmented.SegmentedRaftLogWorker (SegmentedRaftLogWorker.java:execute(632)) - 8170aa16-323e-44de-b8c0-3f99a1184856@group-F342B1D124FD-SegmentedRaftLogWorker: created new log segment /home/runner/work/ozone/ozone/hadoop-ozone/integration-test/target/test-dir/MiniOzoneClusterImpl-7f66dfcd-4d84-4460-b9fe-211923c7b7bb/datanode-3/data/ratis/082d7f9d-146b-41ee-8618-f342b1d124fd/current/log_inprogress_0
2023-12-10 08:55:38,271 [ceafc0c7-af9d-4de4-ae81-ea841051c606-server-thread2] INFO  server.RaftServer$Division (ServerState.java:setRaftConf(382)) - ceafc0c7-af9d-4de4-ae81-ea841051c606@group-E94C0B570E05: set configuration 0: peers:[173e1c01-ab9b-4bd4-a1fb-1dc9b7180747|10.1.0.29:15032, edd7aebe-e713-4899-b982-ee5b12165735|10.1.0.29:15023, ceafc0c7-af9d-4de4-ae81-ea841051c606|10.1.0.29:15014]|listeners:[], old=null
2023-12-10 08:55:38,275 [ceafc0c7-af9d-4de4-ae81-ea841051c606-server-thread2] INFO  segmented.SegmentedRaftLogWorker (SegmentedRaftLogWorker.java:startLogSegment(428)) - ceafc0c7-af9d-4de4-ae81-ea841051c606@group-E94C0B570E05-SegmentedRaftLogWorker: Starting segment from index:0
2023-12-10 08:55:38,268 [71fa9327-596e-4bfe-b86f-33f6bdf50532@group-F342B1D124FD-SegmentedRaftLogWorker] INFO  segmented.SegmentedRaftLogWorker (SegmentedRaftLogWorker.java:execute(632)) - 71fa9327-596e-4bfe-b86f-33f6bdf50532@group-F342B1D124FD-SegmentedRaftLogWorker: created new log segment /home/runner/work/ozone/ozone/hadoop-ozone/integration-test/target/test-dir/MiniOzoneClusterImpl-7f66dfcd-4d84-4460-b9fe-211923c7b7bb/datanode-4/data/ratis/082d7f9d-146b-41ee-8618-f342b1d124fd/current/log_inprogress_0
2023-12-10 08:55:38,276 [grpc-default-executor-8] INFO  server.RaftServer$Division (RaftServerImpl.java:requestVote(1377)) - 739b2b9a-4a10-4b30-8d82-41f2f3567ae9@group-8B162C13FFA2: receive requestVote(PRE_VOTE, 9d33b5cf-046b-45d3-8518-fd69107da003, group-8B162C13FFA2, 0, (t:0, i:0))
2023-12-10 08:55:38,276 [grpc-default-executor-8] INFO  impl.VoteContext (VoteContext.java:log(49)) - 739b2b9a-4a10-4b30-8d82-41f2f3567ae9@group-8B162C13FFA2-FOLLOWER: accept PRE_VOTE from 9d33b5cf-046b-45d3-8518-fd69107da003: our priority 0 <= candidate's priority 1
2023-12-10 08:55:38,276 [grpc-default-executor-8] INFO  server.RaftServer$Division (RaftServerImpl.java:requestVote(1410)) - 739b2b9a-4a10-4b30-8d82-41f2f3567ae9@group-8B162C13FFA2 replies to PRE_VOTE vote request: 9d33b5cf-046b-45d3-8518-fd69107da003<-739b2b9a-4a10-4b30-8d82-41f2f3567ae9#0:OK-t0. Peer's state: 739b2b9a-4a10-4b30-8d82-41f2f3567ae9@group-8B162C13FFA2:t0, leader=null, voted=, raftlog=Memoized:739b2b9a-4a10-4b30-8d82-41f2f3567ae9@group-8B162C13FFA2-SegmentedRaftLog:OPENED:c-1, conf=-1: peers:[739b2b9a-4a10-4b30-8d82-41f2f3567ae9|10.1.0.29:15104, 1325fac8-4950-4fd4-a580-526da936db2d|10.1.0.29:15113, 9d33b5cf-046b-45d3-8518-fd69107da003|10.1.0.29:15095]|listeners:[], old=null
2023-12-10 08:55:38,277 [ab6f04f4-5b2e-49ed-8ed6-18cca86f2b6f@group-F342B1D124FD-StateMachineUpdater] INFO  server.RaftServer$Division (LeaderStateImpl.java:isApplied(316)) - leader is ready since appliedIndex == 0 >= startIndex == 0
2023-12-10 08:55:38,267 [d585e390-d9b9-49cd-b5b8-386dd9d89b96@group-EF992D48831C-LeaderElection12-1] INFO  server.GrpcServerProtocolClient (GrpcServerProtocolClient.java:<init>(65)) - Build channel for 383c3691-e37d-4704-9b62-3f343d93bad0
2023-12-10 08:55:38,280 [7f393458-131e-4136-815e-5cd248d38671-server-thread1] INFO  server.RaftServer$Division (ServerState.java:setLeader(265)) - 7f393458-131e-4136-815e-5cd248d38671@group-6E390D03E149: change Leader from null to 383c3691-e37d-4704-9b62-3f343d93bad0 at term 1 for appendEntries, leader elected after 5308ms
2023-12-10 08:55:38,280 [383c3691-e37d-4704-9b62-3f343d93bad0@group-EF992D48831C-FollowerState] INFO  server.RaftServerConfigKeys (ConfUtils.java:logGet(46)) - raft.server.leaderelection.pre-vote = true (default)
2023-12-10 08:55:38,286 [383c3691-e37d-4704-9b62-3f343d93bad0@group-EF992D48831C-FollowerState] INFO  impl.RoleInfo (RoleInfo.java:updateAndGet(139)) - 383c3691-e37d-4704-9b62-3f343d93bad0: start 383c3691-e37d-4704-9b62-3f343d93bad0@group-EF992D48831C-LeaderElection13
2023-12-10 08:55:38,286 [ceafc0c7-af9d-4de4-ae81-ea841051c606@group-E94C0B570E05-SegmentedRaftLogWorker] INFO  segmented.SegmentedRaftLogWorker (SegmentedRaftLogWorker.java:execute(632)) - ceafc0c7-af9d-4de4-ae81-ea841051c606@group-E94C0B570E05-SegmentedRaftLogWorker: created new log segment /home/runner/work/ozone/ozone/hadoop-ozone/integration-test/target/test-dir/MiniOzoneClusterImpl-7f66dfcd-4d84-4460-b9fe-211923c7b7bb/datanode-0/data/ratis/708b8303-c8f3-4adb-8941-e94c0b570e05/current/log_inprogress_0
2023-12-10 08:55:38,287 [7f393458-131e-4136-815e-5cd248d38671-server-thread1] INFO  server.RaftServer$Division (ServerState.java:setRaftConf(382)) - 7f393458-131e-4136-815e-5cd248d38671@group-6E390D03E149: set configuration 0: peers:[d585e390-d9b9-49cd-b5b8-386dd9d89b96|10.1.0.29:15086, 383c3691-e37d-4704-9b62-3f343d93bad0|10.1.0.29:15068, 7f393458-131e-4136-815e-5cd248d38671|10.1.0.29:15077]|listeners:[], old=null
2023-12-10 08:55:38,287 [7f393458-131e-4136-815e-5cd248d38671-server-thread1] INFO  segmented.SegmentedRaftLogWorker (SegmentedRaftLogWorker.java:startLogSegment(428)) - 7f393458-131e-4136-815e-5cd248d38671@group-6E390D03E149-SegmentedRaftLogWorker: Starting segment from index:0
2023-12-10 08:55:38,279 [d585e390-d9b9-49cd-b5b8-386dd9d89b96@group-EF992D48831C-LeaderElection12-2] INFO  server.GrpcServerProtocolClient (GrpcServerProtocolClient.java:<init>(65)) - Build channel for 7f393458-131e-4136-815e-5cd248d38671
2023-12-10 08:55:38,288 [grpc-default-executor-8] INFO  server.RaftServer$Division (RaftServerImpl.java:requestVote(1377)) - 1325fac8-4950-4fd4-a580-526da936db2d@group-8B162C13FFA2: receive requestVote(PRE_VOTE, 9d33b5cf-046b-45d3-8518-fd69107da003, group-8B162C13FFA2, 0, (t:0, i:0))
2023-12-10 08:55:38,288 [grpc-default-executor-8] INFO  impl.VoteContext (VoteContext.java:log(49)) - 1325fac8-4950-4fd4-a580-526da936db2d@group-8B162C13FFA2-FOLLOWER: accept PRE_VOTE from 9d33b5cf-046b-45d3-8518-fd69107da003: our priority 0 <= candidate's priority 1
2023-12-10 08:55:38,288 [grpc-default-executor-8] INFO  server.RaftServer$Division (RaftServerImpl.java:requestVote(1410)) - 1325fac8-4950-4fd4-a580-526da936db2d@group-8B162C13FFA2 replies to PRE_VOTE vote request: 9d33b5cf-046b-45d3-8518-fd69107da003<-1325fac8-4950-4fd4-a580-526da936db2d#0:OK-t0. Peer's state: 1325fac8-4950-4fd4-a580-526da936db2d@group-8B162C13FFA2:t0, leader=null, voted=, raftlog=Memoized:1325fac8-4950-4fd4-a580-526da936db2d@group-8B162C13FFA2-SegmentedRaftLog:OPENED:c-1, conf=-1: peers:[739b2b9a-4a10-4b30-8d82-41f2f3567ae9|10.1.0.29:15104, 1325fac8-4950-4fd4-a580-526da936db2d|10.1.0.29:15113, 9d33b5cf-046b-45d3-8518-fd69107da003|10.1.0.29:15095]|listeners:[], old=null
2023-12-10 08:55:38,291 [9d33b5cf-046b-45d3-8518-fd69107da003@group-8B162C13FFA2-LeaderElection11] INFO  impl.LeaderElection (LeaderElection.java:logAndReturn(89)) - 9d33b5cf-046b-45d3-8518-fd69107da003@group-8B162C13FFA2-LeaderElection11: PRE_VOTE PASSED received 1 response(s) and 0 exception(s):
2023-12-10 08:55:38,291 [9d33b5cf-046b-45d3-8518-fd69107da003@group-8B162C13FFA2-LeaderElection11] INFO  impl.LeaderElection (LeaderElection.java:logAndReturn(93)) -   Response 0: 9d33b5cf-046b-45d3-8518-fd69107da003<-739b2b9a-4a10-4b30-8d82-41f2f3567ae9#0:OK-t0
2023-12-10 08:55:38,293 [d585e390-d9b9-49cd-b5b8-386dd9d89b96-server-thread1] INFO  ratis.XceiverServerRatis (XceiverServerRatis.java:handleLeaderChangedNotification(935)) - Leader change notification received for group: group-6E390D03E149 with new leaderId: 383c3691-e37d-4704-9b62-3f343d93bad0
2023-12-10 08:55:38,293 [d585e390-d9b9-49cd-b5b8-386dd9d89b96-server-thread1] INFO  server.RaftServer$Division (ServerState.java:setLeader(265)) - d585e390-d9b9-49cd-b5b8-386dd9d89b96@group-6E390D03E149: change Leader from null to 383c3691-e37d-4704-9b62-3f343d93bad0 at term 1 for appendEntries, leader elected after 5342ms
2023-12-10 08:55:38,301 [9d33b5cf-046b-45d3-8518-fd69107da003@group-8B162C13FFA2-LeaderElection11] INFO  impl.LeaderElection (LeaderElection.java:askForVotes(325)) - 9d33b5cf-046b-45d3-8518-fd69107da003@group-8B162C13FFA2-LeaderElection11 PRE_VOTE round 0: result PASSED
2023-12-10 08:55:38,301 [7f393458-131e-4136-815e-5cd248d38671@group-6E390D03E149-SegmentedRaftLogWorker] INFO  segmented.SegmentedRaftLogWorker (SegmentedRaftLogWorker.java:execute(632)) - 7f393458-131e-4136-815e-5cd248d38671@group-6E390D03E149-SegmentedRaftLogWorker: created new log segment /home/runner/work/ozone/ozone/hadoop-ozone/integration-test/target/test-dir/MiniOzoneClusterImpl-7f66dfcd-4d84-4460-b9fe-211923c7b7bb/datanode-7/data/ratis/36c72806-ba22-4131-ae25-6e390d03e149/current/log_inprogress_0
2023-12-10 08:55:38,306 [383c3691-e37d-4704-9b62-3f343d93bad0@group-EF992D48831C-LeaderElection13] INFO  impl.LeaderElection (LeaderElection.java:askForVotes(323)) - 383c3691-e37d-4704-9b62-3f343d93bad0@group-EF992D48831C-LeaderElection13 PRE_VOTE round 0: submit vote requests at term 0 for -1: peers:[d585e390-d9b9-49cd-b5b8-386dd9d89b96|10.1.0.29:15086, 383c3691-e37d-4704-9b62-3f343d93bad0|10.1.0.29:15068, 7f393458-131e-4136-815e-5cd248d38671|10.1.0.29:15077]|listeners:[], old=null
2023-12-10 08:55:38,307 [9d33b5cf-046b-45d3-8518-fd69107da003@group-8B162C13FFA2-LeaderElection11] INFO  impl.LeaderElection (LeaderElection.java:askForVotes(323)) - 9d33b5cf-046b-45d3-8518-fd69107da003@group-8B162C13FFA2-LeaderElection11 ELECTION round 0: submit vote requests at term 1 for -1: peers:[739b2b9a-4a10-4b30-8d82-41f2f3567ae9|10.1.0.29:15104, 1325fac8-4950-4fd4-a580-526da936db2d|10.1.0.29:15113, 9d33b5cf-046b-45d3-8518-fd69107da003|10.1.0.29:15095]|listeners:[], old=null
2023-12-10 08:55:38,307 [383c3691-e37d-4704-9b62-3f343d93bad0@group-EF992D48831C-LeaderElection13] INFO  server.RaftServerConfigKeys (ConfUtils.java:logFallback(53)) - raft.server.rpc.first-election.timeout.min = 5s (fallback to raft.server.rpc.timeout.min)
2023-12-10 08:55:38,307 [383c3691-e37d-4704-9b62-3f343d93bad0@group-EF992D48831C-LeaderElection13] INFO  server.RaftServerConfigKeys (ConfUtils.java:logFallback(53)) - raft.server.rpc.first-election.timeout.max = 5200ms (fallback to raft.server.rpc.timeout.max)
2023-12-10 08:55:38,310 [grpc-default-executor-8] INFO  server.RaftServer$Division (RaftServerImpl.java:requestVote(1377)) - 7f393458-131e-4136-815e-5cd248d38671@group-EF992D48831C: receive requestVote(PRE_VOTE, 383c3691-e37d-4704-9b62-3f343d93bad0, group-EF992D48831C, 0, (t:0, i:0))
2023-12-10 08:55:38,310 [grpc-default-executor-8] INFO  impl.VoteContext (VoteContext.java:log(49)) - 7f393458-131e-4136-815e-5cd248d38671@group-EF992D48831C-FOLLOWER: reject PRE_VOTE from 383c3691-e37d-4704-9b62-3f343d93bad0: our priority 1 > candidate's priority 0
2023-12-10 08:55:38,310 [grpc-default-executor-8] INFO  server.RaftServer$Division (RaftServerImpl.java:requestVote(1410)) - 7f393458-131e-4136-815e-5cd248d38671@group-EF992D48831C replies to PRE_VOTE vote request: 383c3691-e37d-4704-9b62-3f343d93bad0<-7f393458-131e-4136-815e-5cd248d38671#0:FAIL-t0. Peer's state: 7f393458-131e-4136-815e-5cd248d38671@group-EF992D48831C:t0, leader=null, voted=, raftlog=Memoized:7f393458-131e-4136-815e-5cd248d38671@group-EF992D48831C-SegmentedRaftLog:OPENED:c-1, conf=-1: peers:[d585e390-d9b9-49cd-b5b8-386dd9d89b96|10.1.0.29:15086, 383c3691-e37d-4704-9b62-3f343d93bad0|10.1.0.29:15068, 7f393458-131e-4136-815e-5cd248d38671|10.1.0.29:15077]|listeners:[], old=null
2023-12-10 08:55:38,311 [grpc-default-executor-8] INFO  server.RaftServer$Division (RaftServerImpl.java:requestVote(1377)) - 383c3691-e37d-4704-9b62-3f343d93bad0@group-EF992D48831C: receive requestVote(PRE_VOTE, d585e390-d9b9-49cd-b5b8-386dd9d89b96, group-EF992D48831C, 0, (t:0, i:0))
2023-12-10 08:55:38,312 [383c3691-e37d-4704-9b62-3f343d93bad0@group-EF992D48831C-LeaderElection13] INFO  impl.LeaderElection (LeaderElection.java:logAndReturn(89)) - 383c3691-e37d-4704-9b62-3f343d93bad0@group-EF992D48831C-LeaderElection13: PRE_VOTE REJECTED received 1 response(s) and 0 exception(s):
2023-12-10 08:55:38,312 [383c3691-e37d-4704-9b62-3f343d93bad0@group-EF992D48831C-LeaderElection13] INFO  impl.LeaderElection (LeaderElection.java:logAndReturn(93)) -   Response 0: 383c3691-e37d-4704-9b62-3f343d93bad0<-7f393458-131e-4136-815e-5cd248d38671#0:FAIL-t0
2023-12-10 08:55:38,312 [383c3691-e37d-4704-9b62-3f343d93bad0@group-EF992D48831C-LeaderElection13] INFO  impl.LeaderElection (LeaderElection.java:askForVotes(325)) - 383c3691-e37d-4704-9b62-3f343d93bad0@group-EF992D48831C-LeaderElection13 PRE_VOTE round 0: result REJECTED
2023-12-10 08:55:38,312 [383c3691-e37d-4704-9b62-3f343d93bad0@group-EF992D48831C-LeaderElection13] INFO  server.RaftServer$Division (RaftServerImpl.java:setRole(379)) - 383c3691-e37d-4704-9b62-3f343d93bad0@group-EF992D48831C: changes role from CANDIDATE to FOLLOWER at term 0 for REJECTED
2023-12-10 08:55:38,312 [383c3691-e37d-4704-9b62-3f343d93bad0@group-EF992D48831C-LeaderElection13] INFO  impl.RoleInfo (RoleInfo.java:shutdownLeaderElection(130)) - 383c3691-e37d-4704-9b62-3f343d93bad0: shutdown 383c3691-e37d-4704-9b62-3f343d93bad0@group-EF992D48831C-LeaderElection13
2023-12-10 08:55:38,312 [383c3691-e37d-4704-9b62-3f343d93bad0@group-EF992D48831C-LeaderElection13] INFO  impl.RoleInfo (RoleInfo.java:updateAndGet(139)) - 383c3691-e37d-4704-9b62-3f343d93bad0: start 383c3691-e37d-4704-9b62-3f343d93bad0@group-EF992D48831C-FollowerState
2023-12-10 08:55:38,314 [d585e390-d9b9-49cd-b5b8-386dd9d89b96-server-thread2] INFO  server.RaftServer$Division (ServerState.java:setRaftConf(382)) - d585e390-d9b9-49cd-b5b8-386dd9d89b96@group-6E390D03E149: set configuration 0: peers:[d585e390-d9b9-49cd-b5b8-386dd9d89b96|10.1.0.29:15086, 383c3691-e37d-4704-9b62-3f343d93bad0|10.1.0.29:15068, 7f393458-131e-4136-815e-5cd248d38671|10.1.0.29:15077]|listeners:[], old=null
2023-12-10 08:55:38,314 [d585e390-d9b9-49cd-b5b8-386dd9d89b96-server-thread2] INFO  segmented.SegmentedRaftLogWorker (SegmentedRaftLogWorker.java:startLogSegment(428)) - d585e390-d9b9-49cd-b5b8-386dd9d89b96@group-6E390D03E149-SegmentedRaftLogWorker: Starting segment from index:0
2023-12-10 08:55:38,314 [9d33b5cf-046b-45d3-8518-fd69107da003@group-8B162C13FFA2-LeaderElection11] INFO  server.RaftServerConfigKeys (ConfUtils.java:logFallback(53)) - raft.server.rpc.first-election.timeout.min = 5s (fallback to raft.server.rpc.timeout.min)
2023-12-10 08:55:38,314 [9d33b5cf-046b-45d3-8518-fd69107da003@group-8B162C13FFA2-LeaderElection11] INFO  server.RaftServerConfigKeys (ConfUtils.java:logFallback(53)) - raft.server.rpc.first-election.timeout.max = 5200ms (fallback to raft.server.rpc.timeout.max)
2023-12-10 08:55:38,315 [grpc-default-executor-10] INFO  server.RaftServer$Division (RaftServerImpl.java:requestVote(1377)) - 739b2b9a-4a10-4b30-8d82-41f2f3567ae9@group-8B162C13FFA2: receive requestVote(ELECTION, 9d33b5cf-046b-45d3-8518-fd69107da003, group-8B162C13FFA2, 1, (t:0, i:0))
2023-12-10 08:55:38,315 [grpc-default-executor-10] INFO  impl.VoteContext (VoteContext.java:log(49)) - 739b2b9a-4a10-4b30-8d82-41f2f3567ae9@group-8B162C13FFA2-FOLLOWER: accept ELECTION from 9d33b5cf-046b-45d3-8518-fd69107da003: our priority 0 <= candidate's priority 1
2023-12-10 08:55:38,315 [grpc-default-executor-10] INFO  server.RaftServer$Division (RaftServerImpl.java:setRole(379)) - 739b2b9a-4a10-4b30-8d82-41f2f3567ae9@group-8B162C13FFA2: changes role from  FOLLOWER to FOLLOWER at term 1 for candidate:9d33b5cf-046b-45d3-8518-fd69107da003
2023-12-10 08:55:38,325 [grpc-default-executor-10] INFO  impl.RoleInfo (RoleInfo.java:shutdownFollowerState(110)) - 739b2b9a-4a10-4b30-8d82-41f2f3567ae9: shutdown 739b2b9a-4a10-4b30-8d82-41f2f3567ae9@group-8B162C13FFA2-FollowerState
2023-12-10 08:55:38,325 [grpc-default-executor-10] INFO  impl.RoleInfo (RoleInfo.java:updateAndGet(139)) - 739b2b9a-4a10-4b30-8d82-41f2f3567ae9: start 739b2b9a-4a10-4b30-8d82-41f2f3567ae9@group-8B162C13FFA2-FollowerState
2023-12-10 08:55:38,325 [383c3691-e37d-4704-9b62-3f343d93bad0@group-EF992D48831C-LeaderElection13] INFO  server.RaftServer$Division (RaftServerImpl.java:setFirstElection(564)) - 383c3691-e37d-4704-9b62-3f343d93bad0@group-EF992D48831C: set firstElectionSinceStartup to false for REJECTED
2023-12-10 08:55:38,325 [739b2b9a-4a10-4b30-8d82-41f2f3567ae9@group-8B162C13FFA2-FollowerState] INFO  impl.FollowerState (FollowerState.java:run(152)) - 739b2b9a-4a10-4b30-8d82-41f2f3567ae9@group-8B162C13FFA2-FollowerState was interrupted
2023-12-10 08:55:38,325 [grpc-default-executor-10] INFO  server.RaftServer$Division (RaftServerImpl.java:setFirstElection(564)) - 739b2b9a-4a10-4b30-8d82-41f2f3567ae9@group-8B162C13FFA2: set firstElectionSinceStartup to false for candidate:9d33b5cf-046b-45d3-8518-fd69107da003
2023-12-10 08:55:38,325 [grpc-default-executor-8] INFO  impl.VoteContext (VoteContext.java:log(49)) - 383c3691-e37d-4704-9b62-3f343d93bad0@group-EF992D48831C-FOLLOWER: accept PRE_VOTE from d585e390-d9b9-49cd-b5b8-386dd9d89b96: our priority 0 <= candidate's priority 0
2023-12-10 08:55:38,326 [grpc-default-executor-8] INFO  server.RaftServer$Division (RaftServerImpl.java:requestVote(1410)) - 383c3691-e37d-4704-9b62-3f343d93bad0@group-EF992D48831C replies to PRE_VOTE vote request: d585e390-d9b9-49cd-b5b8-386dd9d89b96<-383c3691-e37d-4704-9b62-3f343d93bad0#0:OK-t0. Peer's state: 383c3691-e37d-4704-9b62-3f343d93bad0@group-EF992D48831C:t0, leader=null, voted=, raftlog=Memoized:383c3691-e37d-4704-9b62-3f343d93bad0@group-EF992D48831C-SegmentedRaftLog:OPENED:c-1, conf=-1: peers:[d585e390-d9b9-49cd-b5b8-386dd9d89b96|10.1.0.29:15086, 383c3691-e37d-4704-9b62-3f343d93bad0|10.1.0.29:15068, 7f393458-131e-4136-815e-5cd248d38671|10.1.0.29:15077]|listeners:[], old=null
2023-12-10 08:55:38,324 [7f393458-131e-4136-815e-5cd248d38671@group-EF992D48831C-FollowerState] INFO  impl.FollowerState (FollowerState.java:run(143)) - 7f393458-131e-4136-815e-5cd248d38671@group-EF992D48831C-FollowerState: change to CANDIDATE, lastRpcElapsedTime:5206759914ns, electionTimeout:5195ms
2023-12-10 08:55:38,326 [7f393458-131e-4136-815e-5cd248d38671@group-EF992D48831C-FollowerState] INFO  impl.RoleInfo (RoleInfo.java:shutdownFollowerState(110)) - 7f393458-131e-4136-815e-5cd248d38671: shutdown 7f393458-131e-4136-815e-5cd248d38671@group-EF992D48831C-FollowerState
2023-12-10 08:55:38,326 [7f393458-131e-4136-815e-5cd248d38671@group-EF992D48831C-FollowerState] INFO  server.RaftServer$Division (RaftServerImpl.java:setRole(379)) - 7f393458-131e-4136-815e-5cd248d38671@group-EF992D48831C: changes role from  FOLLOWER to CANDIDATE at term 0 for changeToCandidate
2023-12-10 08:55:38,326 [7f393458-131e-4136-815e-5cd248d38671@group-EF992D48831C-FollowerState] INFO  server.RaftServerConfigKeys (ConfUtils.java:logGet(46)) - raft.server.leaderelection.pre-vote = true (default)
2023-12-10 08:55:38,326 [7f393458-131e-4136-815e-5cd248d38671@group-EF992D48831C-FollowerState] INFO  impl.RoleInfo (RoleInfo.java:updateAndGet(139)) - 7f393458-131e-4136-815e-5cd248d38671: start 7f393458-131e-4136-815e-5cd248d38671@group-EF992D48831C-LeaderElection14
2023-12-10 08:55:38,328 [grpc-default-executor-10] INFO  server.RaftServer$Division (RaftServerImpl.java:requestVote(1410)) - 739b2b9a-4a10-4b30-8d82-41f2f3567ae9@group-8B162C13FFA2 replies to ELECTION vote request: 9d33b5cf-046b-45d3-8518-fd69107da003<-739b2b9a-4a10-4b30-8d82-41f2f3567ae9#0:OK-t1. Peer's state: 739b2b9a-4a10-4b30-8d82-41f2f3567ae9@group-8B162C13FFA2:t1, leader=null, voted=9d33b5cf-046b-45d3-8518-fd69107da003, raftlog=Memoized:739b2b9a-4a10-4b30-8d82-41f2f3567ae9@group-8B162C13FFA2-SegmentedRaftLog:OPENED:c-1, conf=-1: peers:[739b2b9a-4a10-4b30-8d82-41f2f3567ae9|10.1.0.29:15104, 1325fac8-4950-4fd4-a580-526da936db2d|10.1.0.29:15113, 9d33b5cf-046b-45d3-8518-fd69107da003|10.1.0.29:15095]|listeners:[], old=null
2023-12-10 08:55:38,329 [grpc-default-executor-11] INFO  server.RaftServer$Division (RaftServerImpl.java:requestVote(1377)) - 1325fac8-4950-4fd4-a580-526da936db2d@group-8B162C13FFA2: receive requestVote(ELECTION, 9d33b5cf-046b-45d3-8518-fd69107da003, group-8B162C13FFA2, 1, (t:0, i:0))
2023-12-10 08:55:38,330 [grpc-default-executor-11] INFO  impl.VoteContext (VoteContext.java:log(49)) - 1325fac8-4950-4fd4-a580-526da936db2d@group-8B162C13FFA2-FOLLOWER: accept ELECTION from 9d33b5cf-046b-45d3-8518-fd69107da003: our priority 0 <= candidate's priority 1
2023-12-10 08:55:38,330 [grpc-default-executor-11] INFO  server.RaftServer$Division (RaftServerImpl.java:setRole(379)) - 1325fac8-4950-4fd4-a580-526da936db2d@group-8B162C13FFA2: changes role from  FOLLOWER to FOLLOWER at term 1 for candidate:9d33b5cf-046b-45d3-8518-fd69107da003
2023-12-10 08:55:38,330 [grpc-default-executor-11] INFO  impl.RoleInfo (RoleInfo.java:shutdownFollowerState(110)) - 1325fac8-4950-4fd4-a580-526da936db2d: shutdown 1325fac8-4950-4fd4-a580-526da936db2d@group-8B162C13FFA2-FollowerState
2023-12-10 08:55:38,329 [grpc-default-executor-5] INFO  server.RaftServer$Division (RaftServerImpl.java:requestVote(1377)) - 7f393458-131e-4136-815e-5cd248d38671@group-EF992D48831C: receive requestVote(PRE_VOTE, d585e390-d9b9-49cd-b5b8-386dd9d89b96, group-EF992D48831C, 0, (t:0, i:0))
2023-12-10 08:55:38,331 [grpc-default-executor-5] INFO  impl.VoteContext (VoteContext.java:log(49)) - 7f393458-131e-4136-815e-5cd248d38671@group-EF992D48831C-CANDIDATE: reject PRE_VOTE from d585e390-d9b9-49cd-b5b8-386dd9d89b96: our priority 1 > candidate's priority 0
2023-12-10 08:55:38,331 [grpc-default-executor-5] INFO  server.RaftServer$Division (RaftServerImpl.java:requestVote(1410)) - 7f393458-131e-4136-815e-5cd248d38671@group-EF992D48831C replies to PRE_VOTE vote request: d585e390-d9b9-49cd-b5b8-386dd9d89b96<-7f393458-131e-4136-815e-5cd248d38671#0:FAIL-t0. Peer's state: 7f393458-131e-4136-815e-5cd248d38671@group-EF992D48831C:t0, leader=null, voted=, raftlog=Memoized:7f393458-131e-4136-815e-5cd248d38671@group-EF992D48831C-SegmentedRaftLog:OPENED:c-1, conf=-1: peers:[d585e390-d9b9-49cd-b5b8-386dd9d89b96|10.1.0.29:15086, 383c3691-e37d-4704-9b62-3f343d93bad0|10.1.0.29:15068, 7f393458-131e-4136-815e-5cd248d38671|10.1.0.29:15077]|listeners:[], old=null
2023-12-10 08:55:38,332 [grpc-default-executor-11] INFO  impl.RoleInfo (RoleInfo.java:updateAndGet(139)) - 1325fac8-4950-4fd4-a580-526da936db2d: start 1325fac8-4950-4fd4-a580-526da936db2d@group-8B162C13FFA2-FollowerState
2023-12-10 08:55:38,332 [1325fac8-4950-4fd4-a580-526da936db2d@group-8B162C13FFA2-FollowerState] INFO  impl.FollowerState (FollowerState.java:run(152)) - 1325fac8-4950-4fd4-a580-526da936db2d@group-8B162C13FFA2-FollowerState was interrupted
2023-12-10 08:55:38,333 [7f393458-131e-4136-815e-5cd248d38671@group-EF992D48831C-LeaderElection14] INFO  impl.LeaderElection (LeaderElection.java:askForVotes(323)) - 7f393458-131e-4136-815e-5cd248d38671@group-EF992D48831C-LeaderElection14 PRE_VOTE round 0: submit vote requests at term 0 for -1: peers:[d585e390-d9b9-49cd-b5b8-386dd9d89b96|10.1.0.29:15086, 383c3691-e37d-4704-9b62-3f343d93bad0|10.1.0.29:15068, 7f393458-131e-4136-815e-5cd248d38671|10.1.0.29:15077]|listeners:[], old=null
2023-12-10 08:55:38,334 [grpc-default-executor-11] INFO  server.RaftServer$Division (RaftServerImpl.java:setFirstElection(564)) - 1325fac8-4950-4fd4-a580-526da936db2d@group-8B162C13FFA2: set firstElectionSinceStartup to false for candidate:9d33b5cf-046b-45d3-8518-fd69107da003
2023-12-10 08:55:38,336 [d585e390-d9b9-49cd-b5b8-386dd9d89b96@group-EF992D48831C-LeaderElection12] INFO  impl.LeaderElection (LeaderElection.java:logAndReturn(89)) - d585e390-d9b9-49cd-b5b8-386dd9d89b96@group-EF992D48831C-LeaderElection12: PRE_VOTE REJECTED received 2 response(s) and 0 exception(s):
2023-12-10 08:55:38,336 [d585e390-d9b9-49cd-b5b8-386dd9d89b96@group-EF992D48831C-LeaderElection12] INFO  impl.LeaderElection (LeaderElection.java:logAndReturn(93)) -   Response 0: d585e390-d9b9-49cd-b5b8-386dd9d89b96<-383c3691-e37d-4704-9b62-3f343d93bad0#0:OK-t0
2023-12-10 08:55:38,336 [d585e390-d9b9-49cd-b5b8-386dd9d89b96@group-EF992D48831C-LeaderElection12] INFO  impl.LeaderElection (LeaderElection.java:logAndReturn(93)) -   Response 1: d585e390-d9b9-49cd-b5b8-386dd9d89b96<-7f393458-131e-4136-815e-5cd248d38671#0:FAIL-t0
2023-12-10 08:55:38,336 [d585e390-d9b9-49cd-b5b8-386dd9d89b96@group-EF992D48831C-LeaderElection12] INFO  impl.LeaderElection (LeaderElection.java:askForVotes(325)) - d585e390-d9b9-49cd-b5b8-386dd9d89b96@group-EF992D48831C-LeaderElection12 PRE_VOTE round 0: result REJECTED
2023-12-10 08:55:38,336 [383c3691-e37d-4704-9b62-3f343d93bad0@group-6E390D03E149-StateMachineUpdater] INFO  server.RaftServer$Division (LeaderStateImpl.java:isApplied(316)) - leader is ready since appliedIndex == 0 >= startIndex == 0
2023-12-10 08:55:38,336 [d585e390-d9b9-49cd-b5b8-386dd9d89b96@group-EF992D48831C-LeaderElection12] INFO  server.RaftServer$Division (RaftServerImpl.java:setRole(379)) - d585e390-d9b9-49cd-b5b8-386dd9d89b96@group-EF992D48831C: changes role from CANDIDATE to FOLLOWER at term 0 for REJECTED
2023-12-10 08:55:38,336 [d585e390-d9b9-49cd-b5b8-386dd9d89b96@group-EF992D48831C-LeaderElection12] INFO  impl.RoleInfo (RoleInfo.java:shutdownLeaderElection(130)) - d585e390-d9b9-49cd-b5b8-386dd9d89b96: shutdown d585e390-d9b9-49cd-b5b8-386dd9d89b96@group-EF992D48831C-LeaderElection12
2023-12-10 08:55:38,336 [d585e390-d9b9-49cd-b5b8-386dd9d89b96@group-EF992D48831C-LeaderElection12] INFO  impl.RoleInfo (RoleInfo.java:updateAndGet(139)) - d585e390-d9b9-49cd-b5b8-386dd9d89b96: start d585e390-d9b9-49cd-b5b8-386dd9d89b96@group-EF992D48831C-FollowerState
2023-12-10 08:55:38,337 [d585e390-d9b9-49cd-b5b8-386dd9d89b96@group-EF992D48831C-LeaderElection12] INFO  server.RaftServer$Division (RaftServerImpl.java:setFirstElection(564)) - d585e390-d9b9-49cd-b5b8-386dd9d89b96@group-EF992D48831C: set firstElectionSinceStartup to false for REJECTED
2023-12-10 08:55:38,337 [grpc-default-executor-10] INFO  server.RaftServer$Division (RaftServerImpl.java:requestVote(1377)) - d585e390-d9b9-49cd-b5b8-386dd9d89b96@group-EF992D48831C: receive requestVote(PRE_VOTE, 383c3691-e37d-4704-9b62-3f343d93bad0, group-EF992D48831C, 0, (t:0, i:0))
2023-12-10 08:55:38,338 [grpc-default-executor-10] INFO  impl.VoteContext (VoteContext.java:log(49)) - d585e390-d9b9-49cd-b5b8-386dd9d89b96@group-EF992D48831C-FOLLOWER: accept PRE_VOTE from 383c3691-e37d-4704-9b62-3f343d93bad0: our priority 0 <= candidate's priority 0
2023-12-10 08:55:38,338 [grpc-default-executor-10] INFO  server.RaftServer$Division (RaftServerImpl.java:requestVote(1410)) - d585e390-d9b9-49cd-b5b8-386dd9d89b96@group-EF992D48831C replies to PRE_VOTE vote request: 383c3691-e37d-4704-9b62-3f343d93bad0<-d585e390-d9b9-49cd-b5b8-386dd9d89b96#0:OK-t0. Peer's state: d585e390-d9b9-49cd-b5b8-386dd9d89b96@group-EF992D48831C:t0, leader=null, voted=, raftlog=Memoized:d585e390-d9b9-49cd-b5b8-386dd9d89b96@group-EF992D48831C-SegmentedRaftLog:OPENED:c-1, conf=-1: peers:[d585e390-d9b9-49cd-b5b8-386dd9d89b96|10.1.0.29:15086, 383c3691-e37d-4704-9b62-3f343d93bad0|10.1.0.29:15068, 7f393458-131e-4136-815e-5cd248d38671|10.1.0.29:15077]|listeners:[], old=null
2023-12-10 08:55:38,338 [9d33b5cf-046b-45d3-8518-fd69107da003@group-8B162C13FFA2-LeaderElection11] INFO  impl.LeaderElection (LeaderElection.java:logAndReturn(89)) - 9d33b5cf-046b-45d3-8518-fd69107da003@group-8B162C13FFA2-LeaderElection11: ELECTION PASSED received 1 response(s) and 0 exception(s):
2023-12-10 08:55:38,338 [9d33b5cf-046b-45d3-8518-fd69107da003@group-8B162C13FFA2-LeaderElection11] INFO  impl.LeaderElection (LeaderElection.java:logAndReturn(93)) -   Response 0: 9d33b5cf-046b-45d3-8518-fd69107da003<-739b2b9a-4a10-4b30-8d82-41f2f3567ae9#0:OK-t1
2023-12-10 08:55:38,338 [9d33b5cf-046b-45d3-8518-fd69107da003@group-8B162C13FFA2-LeaderElection11] INFO  impl.LeaderElection (LeaderElection.java:askForVotes(325)) - 9d33b5cf-046b-45d3-8518-fd69107da003@group-8B162C13FFA2-LeaderElection11 ELECTION round 0: result PASSED
2023-12-10 08:55:38,338 [9d33b5cf-046b-45d3-8518-fd69107da003@group-8B162C13FFA2-LeaderElection11] INFO  impl.RoleInfo (RoleInfo.java:shutdownLeaderElection(130)) - 9d33b5cf-046b-45d3-8518-fd69107da003: shutdown 9d33b5cf-046b-45d3-8518-fd69107da003@group-8B162C13FFA2-LeaderElection11
2023-12-10 08:55:38,338 [9d33b5cf-046b-45d3-8518-fd69107da003@group-8B162C13FFA2-LeaderElection11] INFO  server.RaftServer$Division (RaftServerImpl.java:setRole(379)) - 9d33b5cf-046b-45d3-8518-fd69107da003@group-8B162C13FFA2: changes role from CANDIDATE to LEADER at term 1 for changeToLeader
2023-12-10 08:55:38,339 [9d33b5cf-046b-45d3-8518-fd69107da003@group-8B162C13FFA2-LeaderElection11] INFO  server.RaftServerConfigKeys (ConfUtils.java:logGet(46)) - raft.server.staging.catchup.gap = 1000 (default)
2023-12-10 08:55:38,339 [9d33b5cf-046b-45d3-8518-fd69107da003@group-8B162C13FFA2-LeaderElection11] INFO  server.RaftServerConfigKeys (ConfUtils.java:logGet(46)) - raft.server.write.element-limit = 1024 (custom)
2023-12-10 08:55:38,339 [9d33b5cf-046b-45d3-8518-fd69107da003@group-8B162C13FFA2-LeaderElection11] INFO  server.RaftServerConfigKeys (ConfUtils.java:logGet(46)) - raft.server.write.byte-limit = 1024 M (=1073741824) (custom)
2023-12-10 08:55:38,339 [d585e390-d9b9-49cd-b5b8-386dd9d89b96@group-6E390D03E149-SegmentedRaftLogWorker] INFO  segmented.SegmentedRaftLogWorker (SegmentedRaftLogWorker.java:execute(632)) - d585e390-d9b9-49cd-b5b8-386dd9d89b96@group-6E390D03E149-SegmentedRaftLogWorker: created new log segment /home/runner/work/ozone/ozone/hadoop-ozone/integration-test/target/test-dir/MiniOzoneClusterImpl-7f66dfcd-4d84-4460-b9fe-211923c7b7bb/datanode-8/data/ratis/36c72806-ba22-4131-ae25-6e390d03e149/current/log_inprogress_0
2023-12-10 08:55:38,339 [grpc-default-executor-11] INFO  server.RaftServer$Division (RaftServerImpl.java:requestVote(1410)) - 1325fac8-4950-4fd4-a580-526da936db2d@group-8B162C13FFA2 replies to ELECTION vote request: 9d33b5cf-046b-45d3-8518-fd69107da003<-1325fac8-4950-4fd4-a580-526da936db2d#0:OK-t1. Peer's state: 1325fac8-4950-4fd4-a580-526da936db2d@group-8B162C13FFA2:t1, leader=null, voted=9d33b5cf-046b-45d3-8518-fd69107da003, raftlog=Memoized:1325fac8-4950-4fd4-a580-526da936db2d@group-8B162C13FFA2-SegmentedRaftLog:OPENED:c-1, conf=-1: peers:[739b2b9a-4a10-4b30-8d82-41f2f3567ae9|10.1.0.29:15104, 1325fac8-4950-4fd4-a580-526da936db2d|10.1.0.29:15113, 9d33b5cf-046b-45d3-8518-fd69107da003|10.1.0.29:15095]|listeners:[], old=null
2023-12-10 08:55:38,340 [9d33b5cf-046b-45d3-8518-fd69107da003@group-8B162C13FFA2-LeaderElection11] INFO  server.RaftServerConfigKeys (ConfUtils.java:logGet(46)) - raft.server.watch.timeout = 180s (custom)
2023-12-10 08:55:38,340 [9d33b5cf-046b-45d3-8518-fd69107da003@group-8B162C13FFA2-LeaderElection11] INFO  server.RaftServerConfigKeys (ConfUtils.java:logGet(46)) - raft.server.watch.timeout.denomination = 1s (default)
2023-12-10 08:55:38,340 [9d33b5cf-046b-45d3-8518-fd69107da003@group-8B162C13FFA2-LeaderElection11] INFO  server.RaftServerConfigKeys (ConfUtils.java:logGet(46)) - raft.server.watch.element-limit = 65536 (default)
2023-12-10 08:55:38,340 [9d33b5cf-046b-45d3-8518-fd69107da003@group-8B162C13FFA2-LeaderElection11] INFO  server.RaftServerConfigKeys (ConfUtils.java:logGet(46)) - raft.server.read.leader.lease.enabled = false (default)
2023-12-10 08:55:38,340 [9d33b5cf-046b-45d3-8518-fd69107da003@group-8B162C13FFA2-LeaderElection11] INFO  server.RaftServerConfigKeys (ConfUtils.java:logGet(46)) - raft.server.read.leader.lease.timeout.ratio = 0.9 (default)
2023-12-10 08:55:38,341 [9d33b5cf-046b-45d3-8518-fd69107da003@group-8B162C13FFA2-LeaderElection11] INFO  server.RaftServerConfigKeys (ConfUtils.java:logGet(46)) - raft.server.rpc.timeout.min = 5s (custom)
2023-12-10 08:55:38,341 [9d33b5cf-046b-45d3-8518-fd69107da003@group-8B162C13FFA2-LeaderElection11] INFO  server.RaftServerConfigKeys (ConfUtils.java:logGet(46)) - raft.server.write.element-limit = 1024 (custom)
2023-12-10 08:55:38,341 [9d33b5cf-046b-45d3-8518-fd69107da003@group-8B162C13FFA2-LeaderElection11] INFO  server.RaftServerConfigKeys (ConfUtils.java:logGet(46)) - raft.server.write.follower.gap.ratio.max = -1.0 (default)
2023-12-10 08:55:38,341 [9d33b5cf-046b-45d3-8518-fd69107da003@group-8B162C13FFA2-LeaderElection11] INFO  server.RaftServerConfigKeys (ConfUtils.java:logGet(46)) - raft.server.log.appender.snapshot.chunk.size.max = 16MB (=16777216) (default)
2023-12-10 08:55:38,341 [9d33b5cf-046b-45d3-8518-fd69107da003@group-8B162C13FFA2-LeaderElection11] INFO  server.RaftServerConfigKeys (ConfUtils.java:logGet(46)) - raft.server.log.appender.buffer.byte-limit = 8388608 (custom)
2023-12-10 08:55:38,342 [9d33b5cf-046b-45d3-8518-fd69107da003@group-8B162C13FFA2-LeaderElection11] INFO  server.RaftServerConfigKeys (ConfUtils.java:logGet(46)) - raft.server.log.appender.buffer.element-limit = 1 (custom)
2023-12-10 08:55:38,343 [7f393458-131e-4136-815e-5cd248d38671@group-EF992D48831C-LeaderElection14] INFO  server.RaftServerConfigKeys (ConfUtils.java:logFallback(53)) - raft.server.rpc.first-election.timeout.min = 5s (fallback to raft.server.rpc.timeout.min)
2023-12-10 08:55:38,343 [7f393458-131e-4136-815e-5cd248d38671@group-EF992D48831C-LeaderElection14] INFO  server.RaftServerConfigKeys (ConfUtils.java:logFallback(53)) - raft.server.rpc.first-election.timeout.max = 5200ms (fallback to raft.server.rpc.timeout.max)
2023-12-10 08:55:38,343 [9d33b5cf-046b-45d3-8518-fd69107da003@group-8B162C13FFA2-LeaderElection11] INFO  server.RaftServerConfigKeys (ConfUtils.java:logGet(46)) - raft.server.log.appender.wait-time.min = 0μs (custom)
2023-12-10 08:55:38,343 [9d33b5cf-046b-45d3-8518-fd69107da003@group-8B162C13FFA2-LeaderElection11] INFO  grpc.GrpcConfigKeys (ConfUtils.java:logGet(46)) - raft.grpc.server.leader.outstanding.appends.max = 8 (default)
2023-12-10 08:55:38,344 [9d33b5cf-046b-45d3-8518-fd69107da003@group-8B162C13FFA2-LeaderElection11] INFO  server.RaftServerConfigKeys (ConfUtils.java:logGet(46)) - raft.server.rpc.request.timeout = 60s (custom)
2023-12-10 08:55:38,344 [9d33b5cf-046b-45d3-8518-fd69107da003@group-8B162C13FFA2-LeaderElection11] INFO  grpc.GrpcConfigKeys (ConfUtils.java:logGet(46)) - raft.grpc.server.install_snapshot.request.element-limit = 8 (default)
2023-12-10 08:55:38,344 [9d33b5cf-046b-45d3-8518-fd69107da003@group-8B162C13FFA2-LeaderElection11] INFO  grpc.GrpcConfigKeys (ConfUtils.java:logGet(46)) - raft.grpc.server.install_snapshot.request.timeout = 3000ms (default)
2023-12-10 08:55:38,345 [9d33b5cf-046b-45d3-8518-fd69107da003@group-8B162C13FFA2-LeaderElection11] INFO  server.RaftServerConfigKeys (ConfUtils.java:logGet(46)) - raft.server.log.appender.install.snapshot.enabled = false (custom)
2023-12-10 08:55:38,345 [9d33b5cf-046b-45d3-8518-fd69107da003@group-8B162C13FFA2-LeaderElection11] INFO  grpc.GrpcConfigKeys (ConfUtils.java:logGet(46)) - raft.grpc.server.heartbeat.channel = true (default)
2023-12-10 08:55:38,345 [grpc-default-executor-11] INFO  server.RaftServer$Division (RaftServerImpl.java:requestVote(1377)) - d585e390-d9b9-49cd-b5b8-386dd9d89b96@group-EF992D48831C: receive requestVote(PRE_VOTE, 7f393458-131e-4136-815e-5cd248d38671, group-EF992D48831C, 0, (t:0, i:0))
2023-12-10 08:55:38,345 [grpc-default-executor-11] INFO  impl.VoteContext (VoteContext.java:log(49)) - d585e390-d9b9-49cd-b5b8-386dd9d89b96@group-EF992D48831C-FOLLOWER: accept PRE_VOTE from 7f393458-131e-4136-815e-5cd248d38671: our priority 0 <= candidate's priority 1
2023-12-10 08:55:38,345 [grpc-default-executor-11] INFO  server.RaftServer$Division (RaftServerImpl.java:requestVote(1410)) - d585e390-d9b9-49cd-b5b8-386dd9d89b96@group-EF992D48831C replies to PRE_VOTE vote request: 7f393458-131e-4136-815e-5cd248d38671<-d585e390-d9b9-49cd-b5b8-386dd9d89b96#0:OK-t0. Peer's state: d585e390-d9b9-49cd-b5b8-386dd9d89b96@group-EF992D48831C:t0, leader=null, voted=, raftlog=Memoized:d585e390-d9b9-49cd-b5b8-386dd9d89b96@group-EF992D48831C-SegmentedRaftLog:OPENED:c-1, conf=-1: peers:[d585e390-d9b9-49cd-b5b8-386dd9d89b96|10.1.0.29:15086, 383c3691-e37d-4704-9b62-3f343d93bad0|10.1.0.29:15068, 7f393458-131e-4136-815e-5cd248d38671|10.1.0.29:15077]|listeners:[], old=null
2023-12-10 08:55:38,346 [9d33b5cf-046b-45d3-8518-fd69107da003@group-8B162C13FFA2-LeaderElection11] INFO  server.RaftServerConfigKeys (ConfUtils.java:logGet(46)) - raft.server.log.appender.snapshot.chunk.size.max = 16MB (=16777216) (default)
2023-12-10 08:55:38,346 [9d33b5cf-046b-45d3-8518-fd69107da003@group-8B162C13FFA2-LeaderElection11] INFO  server.RaftServerConfigKeys (ConfUtils.java:logGet(46)) - raft.server.log.appender.buffer.byte-limit = 8388608 (custom)
2023-12-10 08:55:38,346 [9d33b5cf-046b-45d3-8518-fd69107da003@group-8B162C13FFA2-LeaderElection11] INFO  server.RaftServerConfigKeys (ConfUtils.java:logGet(46)) - raft.server.log.appender.buffer.element-limit = 1 (custom)
2023-12-10 08:55:38,347 [9d33b5cf-046b-45d3-8518-fd69107da003@group-8B162C13FFA2-LeaderElection11] INFO  server.RaftServerConfigKeys (ConfUtils.java:logGet(46)) - raft.server.log.appender.wait-time.min = 0μs (custom)
2023-12-10 08:55:38,347 [9d33b5cf-046b-45d3-8518-fd69107da003@group-8B162C13FFA2-LeaderElection11] INFO  grpc.GrpcConfigKeys (ConfUtils.java:logGet(46)) - raft.grpc.server.leader.outstanding.appends.max = 8 (default)
2023-12-10 08:55:38,347 [9d33b5cf-046b-45d3-8518-fd69107da003@group-8B162C13FFA2-LeaderElection11] INFO  server.RaftServerConfigKeys (ConfUtils.java:logGet(46)) - raft.server.rpc.request.timeout = 60s (custom)
2023-12-10 08:55:38,347 [9d33b5cf-046b-45d3-8518-fd69107da003@group-8B162C13FFA2-LeaderElection11] INFO  grpc.GrpcConfigKeys (ConfUtils.java:logGet(46)) - raft.grpc.server.install_snapshot.request.element-limit = 8 (default)
2023-12-10 08:55:38,347 [9d33b5cf-046b-45d3-8518-fd69107da003@group-8B162C13FFA2-LeaderElection11] INFO  grpc.GrpcConfigKeys (ConfUtils.java:logGet(46)) - raft.grpc.server.install_snapshot.request.timeout = 3000ms (default)
2023-12-10 08:55:38,347 [9d33b5cf-046b-45d3-8518-fd69107da003@group-8B162C13FFA2-LeaderElection11] INFO  server.RaftServerConfigKeys (ConfUtils.java:logGet(46)) - raft.server.log.appender.install.snapshot.enabled = false (custom)
2023-12-10 08:55:38,347 [9d33b5cf-046b-45d3-8518-fd69107da003@group-8B162C13FFA2-LeaderElection11] INFO  grpc.GrpcConfigKeys (ConfUtils.java:logGet(46)) - raft.grpc.server.heartbeat.channel = true (default)
2023-12-10 08:55:38,347 [7f393458-131e-4136-815e-5cd248d38671@group-EF992D48831C-LeaderElection14] INFO  impl.LeaderElection (LeaderElection.java:logAndReturn(89)) - 7f393458-131e-4136-815e-5cd248d38671@group-EF992D48831C-LeaderElection14: PRE_VOTE PASSED received 1 response(s) and 0 exception(s):
2023-12-10 08:55:38,347 [7f393458-131e-4136-815e-5cd248d38671@group-EF992D48831C-LeaderElection14] INFO  impl.LeaderElection (LeaderElection.java:logAndReturn(93)) -   Response 0: 7f393458-131e-4136-815e-5cd248d38671<-d585e390-d9b9-49cd-b5b8-386dd9d89b96#0:OK-t0
2023-12-10 08:55:38,347 [7f393458-131e-4136-815e-5cd248d38671@group-EF992D48831C-LeaderElection14] INFO  impl.LeaderElection (LeaderElection.java:askForVotes(325)) - 7f393458-131e-4136-815e-5cd248d38671@group-EF992D48831C-LeaderElection14 PRE_VOTE round 0: result PASSED
2023-12-10 08:55:38,349 [7f393458-131e-4136-815e-5cd248d38671@group-EF992D48831C-LeaderElection14] INFO  impl.LeaderElection (LeaderElection.java:askForVotes(323)) - 7f393458-131e-4136-815e-5cd248d38671@group-EF992D48831C-LeaderElection14 ELECTION round 0: submit vote requests at term 1 for -1: peers:[d585e390-d9b9-49cd-b5b8-386dd9d89b96|10.1.0.29:15086, 383c3691-e37d-4704-9b62-3f343d93bad0|10.1.0.29:15068, 7f393458-131e-4136-815e-5cd248d38671|10.1.0.29:15077]|listeners:[], old=null
2023-12-10 08:55:38,350 [9d33b5cf-046b-45d3-8518-fd69107da003@group-8B162C13FFA2-LeaderElection11] INFO  impl.RoleInfo (RoleInfo.java:updateAndGet(139)) - 9d33b5cf-046b-45d3-8518-fd69107da003: start 9d33b5cf-046b-45d3-8518-fd69107da003@group-8B162C13FFA2-LeaderStateImpl
2023-12-10 08:55:38,350 [9d33b5cf-046b-45d3-8518-fd69107da003@group-8B162C13FFA2-LeaderElection11] INFO  server.RaftServer$Division (RaftServerImpl.java:setFirstElection(564)) - 9d33b5cf-046b-45d3-8518-fd69107da003@group-8B162C13FFA2: set firstElectionSinceStartup to false for becomeLeader
2023-12-10 08:55:38,350 [9d33b5cf-046b-45d3-8518-fd69107da003@group-8B162C13FFA2-LeaderElection11] INFO  ratis.XceiverServerRatis (XceiverServerRatis.java:handleLeaderChangedNotification(935)) - Leader change notification received for group: group-8B162C13FFA2 with new leaderId: 9d33b5cf-046b-45d3-8518-fd69107da003
2023-12-10 08:55:38,350 [grpc-default-executor-11] INFO  server.RaftServer$Division (RaftServerImpl.java:requestVote(1377)) - d585e390-d9b9-49cd-b5b8-386dd9d89b96@group-EF992D48831C: receive requestVote(ELECTION, 7f393458-131e-4136-815e-5cd248d38671, group-EF992D48831C, 1, (t:0, i:0))
2023-12-10 08:55:38,351 [grpc-default-executor-11] INFO  impl.VoteContext (VoteContext.java:log(49)) - d585e390-d9b9-49cd-b5b8-386dd9d89b96@group-EF992D48831C-FOLLOWER: accept ELECTION from 7f393458-131e-4136-815e-5cd248d38671: our priority 0 <= candidate's priority 1
2023-12-10 08:55:38,351 [grpc-default-executor-11] INFO  server.RaftServer$Division (RaftServerImpl.java:setRole(379)) - d585e390-d9b9-49cd-b5b8-386dd9d89b96@group-EF992D48831C: changes role from  FOLLOWER to FOLLOWER at term 1 for candidate:7f393458-131e-4136-815e-5cd248d38671
2023-12-10 08:55:38,351 [grpc-default-executor-11] INFO  impl.RoleInfo (RoleInfo.java:shutdownFollowerState(110)) - d585e390-d9b9-49cd-b5b8-386dd9d89b96: shutdown d585e390-d9b9-49cd-b5b8-386dd9d89b96@group-EF992D48831C-FollowerState
2023-12-10 08:55:38,352 [7f393458-131e-4136-815e-5cd248d38671@group-EF992D48831C-LeaderElection14] INFO  server.RaftServerConfigKeys (ConfUtils.java:logFallback(53)) - raft.server.rpc.first-election.timeout.min = 5s (fallback to raft.server.rpc.timeout.min)
2023-12-10 08:55:38,352 [7f393458-131e-4136-815e-5cd248d38671@group-EF992D48831C-LeaderElection14] INFO  server.RaftServerConfigKeys (ConfUtils.java:logFallback(53)) - raft.server.rpc.first-election.timeout.max = 5200ms (fallback to raft.server.rpc.timeout.max)
2023-12-10 08:55:38,352 [grpc-default-executor-11] INFO  impl.RoleInfo (RoleInfo.java:updateAndGet(139)) - d585e390-d9b9-49cd-b5b8-386dd9d89b96: start d585e390-d9b9-49cd-b5b8-386dd9d89b96@group-EF992D48831C-FollowerState
2023-12-10 08:55:38,352 [9d33b5cf-046b-45d3-8518-fd69107da003@group-8B162C13FFA2-LeaderElection11] INFO  server.RaftServer$Division (ServerState.java:setLeader(265)) - 9d33b5cf-046b-45d3-8518-fd69107da003@group-8B162C13FFA2: change Leader from null to 9d33b5cf-046b-45d3-8518-fd69107da003 at term 1 for becomeLeader, leader elected after 5166ms
2023-12-10 08:55:38,352 [d585e390-d9b9-49cd-b5b8-386dd9d89b96@group-EF992D48831C-FollowerState] INFO  impl.FollowerState (FollowerState.java:run(152)) - d585e390-d9b9-49cd-b5b8-386dd9d89b96@group-EF992D48831C-FollowerState was interrupted
2023-12-10 08:55:38,352 [9d33b5cf-046b-45d3-8518-fd69107da003@group-8B162C13FFA2-LeaderElection11] INFO  segmented.SegmentedRaftLogWorker (SegmentedRaftLogWorker.java:startLogSegment(428)) - 9d33b5cf-046b-45d3-8518-fd69107da003@group-8B162C13FFA2-SegmentedRaftLogWorker: Starting segment from index:0
2023-12-10 08:55:38,353 [grpc-default-executor-11] INFO  server.RaftServer$Division (RaftServerImpl.java:requestVote(1410)) - d585e390-d9b9-49cd-b5b8-386dd9d89b96@group-EF992D48831C replies to ELECTION vote request: 7f393458-131e-4136-815e-5cd248d38671<-d585e390-d9b9-49cd-b5b8-386dd9d89b96#0:OK-t1. Peer's state: d585e390-d9b9-49cd-b5b8-386dd9d89b96@group-EF992D48831C:t1, leader=null, voted=7f393458-131e-4136-815e-5cd248d38671, raftlog=Memoized:d585e390-d9b9-49cd-b5b8-386dd9d89b96@group-EF992D48831C-SegmentedRaftLog:OPENED:c-1, conf=-1: peers:[d585e390-d9b9-49cd-b5b8-386dd9d89b96|10.1.0.29:15086, 383c3691-e37d-4704-9b62-3f343d93bad0|10.1.0.29:15068, 7f393458-131e-4136-815e-5cd248d38671|10.1.0.29:15077]|listeners:[], old=null
2023-12-10 08:55:38,354 [EventQueue-PipelineReportForPipelineReportHandler] INFO  pipeline.PipelineReportHandler (PipelineReportHandler.java:processPipelineReport(136)) - Opened pipeline PipelineID=f61d75ec-e88f-4c7b-915f-8b162c13ffa2
2023-12-10 08:55:38,356 [9d33b5cf-046b-45d3-8518-fd69107da003@group-8B162C13FFA2-LeaderElection11] INFO  server.RaftServer$Division (ServerState.java:setRaftConf(382)) - 9d33b5cf-046b-45d3-8518-fd69107da003@group-8B162C13FFA2: set configuration 0: peers:[739b2b9a-4a10-4b30-8d82-41f2f3567ae9|10.1.0.29:15104, 1325fac8-4950-4fd4-a580-526da936db2d|10.1.0.29:15113, 9d33b5cf-046b-45d3-8518-fd69107da003|10.1.0.29:15095]|listeners:[], old=null
2023-12-10 08:55:38,357 [7f393458-131e-4136-815e-5cd248d38671@group-EF992D48831C-LeaderElection14] INFO  impl.LeaderElection (LeaderElection.java:logAndReturn(89)) - 7f393458-131e-4136-815e-5cd248d38671@group-EF992D48831C-LeaderElection14: ELECTION PASSED received 1 response(s) and 0 exception(s):
2023-12-10 08:55:38,357 [7f393458-131e-4136-815e-5cd248d38671@group-EF992D48831C-LeaderElection14] INFO  impl.LeaderElection (LeaderElection.java:logAndReturn(93)) -   Response 0: 7f393458-131e-4136-815e-5cd248d38671<-d585e390-d9b9-49cd-b5b8-386dd9d89b96#0:OK-t1
2023-12-10 08:55:38,357 [7f393458-131e-4136-815e-5cd248d38671@group-EF992D48831C-LeaderElection14] INFO  impl.LeaderElection (LeaderElection.java:askForVotes(325)) - 7f393458-131e-4136-815e-5cd248d38671@group-EF992D48831C-LeaderElection14 ELECTION round 0: result PASSED
2023-12-10 08:55:38,357 [7f393458-131e-4136-815e-5cd248d38671@group-EF992D48831C-LeaderElection14] INFO  impl.RoleInfo (RoleInfo.java:shutdownLeaderElection(130)) - 7f393458-131e-4136-815e-5cd248d38671: shutdown 7f393458-131e-4136-815e-5cd248d38671@group-EF992D48831C-LeaderElection14
2023-12-10 08:55:38,357 [7f393458-131e-4136-815e-5cd248d38671@group-EF992D48831C-LeaderElection14] INFO  server.RaftServer$Division (RaftServerImpl.java:setRole(379)) - 7f393458-131e-4136-815e-5cd248d38671@group-EF992D48831C: changes role from CANDIDATE to LEADER at term 1 for changeToLeader
2023-12-10 08:55:38,357 [7f393458-131e-4136-815e-5cd248d38671@group-EF992D48831C-LeaderElection14] INFO  server.RaftServerConfigKeys (ConfUtils.java:logGet(46)) - raft.server.staging.catchup.gap = 1000 (default)
2023-12-10 08:55:38,357 [7f393458-131e-4136-815e-5cd248d38671@group-EF992D48831C-LeaderElection14] INFO  server.RaftServerConfigKeys (ConfUtils.java:logGet(46)) - raft.server.write.element-limit = 1024 (custom)
2023-12-10 08:55:38,357 [7f393458-131e-4136-815e-5cd248d38671@group-EF992D48831C-LeaderElection14] INFO  server.RaftServerConfigKeys (ConfUtils.java:logGet(46)) - raft.server.write.byte-limit = 1024 M (=1073741824) (custom)
2023-12-10 08:55:38,358 [7f393458-131e-4136-815e-5cd248d38671@group-EF992D48831C-LeaderElection14] INFO  server.RaftServerConfigKeys (ConfUtils.java:logGet(46)) - raft.server.watch.timeout = 180s (custom)
2023-12-10 08:55:38,358 [7f393458-131e-4136-815e-5cd248d38671@group-EF992D48831C-LeaderElection14] INFO  server.RaftServerConfigKeys (ConfUtils.java:logGet(46)) - raft.server.watch.timeout.denomination = 1s (default)
2023-12-10 08:55:38,358 [7f393458-131e-4136-815e-5cd248d38671@group-EF992D48831C-LeaderElection14] INFO  server.RaftServerConfigKeys (ConfUtils.java:logGet(46)) - raft.server.watch.element-limit = 65536 (default)
2023-12-10 08:55:38,358 [7f393458-131e-4136-815e-5cd248d38671@group-EF992D48831C-LeaderElection14] INFO  server.RaftServerConfigKeys (ConfUtils.java:logGet(46)) - raft.server.read.leader.lease.enabled = false (default)
2023-12-10 08:55:38,358 [7f393458-131e-4136-815e-5cd248d38671@group-EF992D48831C-LeaderElection14] INFO  server.RaftServerConfigKeys (ConfUtils.java:logGet(46)) - raft.server.read.leader.lease.timeout.ratio = 0.9 (default)
2023-12-10 08:55:38,358 [7f393458-131e-4136-815e-5cd248d38671@group-EF992D48831C-LeaderElection14] INFO  server.RaftServerConfigKeys (ConfUtils.java:logGet(46)) - raft.server.rpc.timeout.min = 5s (custom)
2023-12-10 08:55:38,358 [7f393458-131e-4136-815e-5cd248d38671@group-EF992D48831C-LeaderElection14] INFO  server.RaftServerConfigKeys (ConfUtils.java:logGet(46)) - raft.server.write.element-limit = 1024 (custom)
2023-12-10 08:55:38,358 [7f393458-131e-4136-815e-5cd248d38671@group-EF992D48831C-LeaderElection14] INFO  server.RaftServerConfigKeys (ConfUtils.java:logGet(46)) - raft.server.write.follower.gap.ratio.max = -1.0 (default)
2023-12-10 08:55:38,359 [7f393458-131e-4136-815e-5cd248d38671@group-EF992D48831C-LeaderElection14] INFO  server.RaftServerConfigKeys (ConfUtils.java:logGet(46)) - raft.server.log.appender.snapshot.chunk.size.max = 16MB (=16777216) (default)
2023-12-10 08:55:38,359 [7f393458-131e-4136-815e-5cd248d38671@group-EF992D48831C-LeaderElection14] INFO  server.RaftServerConfigKeys (ConfUtils.java:logGet(46)) - raft.server.log.appender.buffer.byte-limit = 8388608 (custom)
2023-12-10 08:55:38,359 [7f393458-131e-4136-815e-5cd248d38671@group-EF992D48831C-LeaderElection14] INFO  server.RaftServerConfigKeys (ConfUtils.java:logGet(46)) - raft.server.log.appender.buffer.element-limit = 1 (custom)
2023-12-10 08:55:38,359 [7f393458-131e-4136-815e-5cd248d38671@group-EF992D48831C-LeaderElection14] INFO  server.RaftServerConfigKeys (ConfUtils.java:logGet(46)) - raft.server.log.appender.wait-time.min = 0μs (custom)
2023-12-10 08:55:38,359 [7f393458-131e-4136-815e-5cd248d38671@group-EF992D48831C-LeaderElection14] INFO  grpc.GrpcConfigKeys (ConfUtils.java:logGet(46)) - raft.grpc.server.leader.outstanding.appends.max = 8 (default)
2023-12-10 08:55:38,359 [7f393458-131e-4136-815e-5cd248d38671@group-EF992D48831C-LeaderElection14] INFO  server.RaftServerConfigKeys (ConfUtils.java:logGet(46)) - raft.server.rpc.request.timeout = 60s (custom)
2023-12-10 08:55:38,359 [7f393458-131e-4136-815e-5cd248d38671@group-EF992D48831C-LeaderElection14] INFO  grpc.GrpcConfigKeys (ConfUtils.java:logGet(46)) - raft.grpc.server.install_snapshot.request.element-limit = 8 (default)
2023-12-10 08:55:38,359 [7f393458-131e-4136-815e-5cd248d38671@group-EF992D48831C-LeaderElection14] INFO  grpc.GrpcConfigKeys (ConfUtils.java:logGet(46)) - raft.grpc.server.install_snapshot.request.timeout = 3000ms (default)
2023-12-10 08:55:38,359 [7f393458-131e-4136-815e-5cd248d38671@group-EF992D48831C-LeaderElection14] INFO  server.RaftServerConfigKeys (ConfUtils.java:logGet(46)) - raft.server.log.appender.install.snapshot.enabled = false (custom)
2023-12-10 08:55:38,359 [7f393458-131e-4136-815e-5cd248d38671@group-EF992D48831C-LeaderElection14] INFO  grpc.GrpcConfigKeys (ConfUtils.java:logGet(46)) - raft.grpc.server.heartbeat.channel = true (default)
2023-12-10 08:55:38,362 [grpc-default-executor-11] INFO  server.RaftServer$Division (RaftServerImpl.java:requestVote(1377)) - 383c3691-e37d-4704-9b62-3f343d93bad0@group-EF992D48831C: receive requestVote(ELECTION, 7f393458-131e-4136-815e-5cd248d38671, group-EF992D48831C, 1, (t:0, i:0))
2023-12-10 08:55:38,362 [grpc-default-executor-11] INFO  impl.VoteContext (VoteContext.java:log(49)) - 383c3691-e37d-4704-9b62-3f343d93bad0@group-EF992D48831C-FOLLOWER: accept ELECTION from 7f393458-131e-4136-815e-5cd248d38671: our priority 0 <= candidate's priority 1
2023-12-10 08:55:38,363 [grpc-default-executor-11] INFO  server.RaftServer$Division (RaftServerImpl.java:setRole(379)) - 383c3691-e37d-4704-9b62-3f343d93bad0@group-EF992D48831C: changes role from  FOLLOWER to FOLLOWER at term 1 for candidate:7f393458-131e-4136-815e-5cd248d38671
2023-12-10 08:55:38,363 [grpc-default-executor-11] INFO  impl.RoleInfo (RoleInfo.java:shutdownFollowerState(110)) - 383c3691-e37d-4704-9b62-3f343d93bad0: shutdown 383c3691-e37d-4704-9b62-3f343d93bad0@group-EF992D48831C-FollowerState
2023-12-10 08:55:38,363 [grpc-default-executor-11] INFO  impl.RoleInfo (RoleInfo.java:updateAndGet(139)) - 383c3691-e37d-4704-9b62-3f343d93bad0: start 383c3691-e37d-4704-9b62-3f343d93bad0@group-EF992D48831C-FollowerState
2023-12-10 08:55:38,363 [383c3691-e37d-4704-9b62-3f343d93bad0@group-EF992D48831C-FollowerState] INFO  impl.FollowerState (FollowerState.java:run(152)) - 383c3691-e37d-4704-9b62-3f343d93bad0@group-EF992D48831C-FollowerState was interrupted
2023-12-10 08:55:38,365 [grpc-default-executor-8] INFO  server.RaftServer$Division (RaftServerImpl.java:requestVote(1377)) - 383c3691-e37d-4704-9b62-3f343d93bad0@group-EF992D48831C: receive requestVote(PRE_VOTE, 7f393458-131e-4136-815e-5cd248d38671, group-EF992D48831C, 0, (t:0, i:0))
2023-12-10 08:55:38,365 [9d33b5cf-046b-45d3-8518-fd69107da003@group-8B162C13FFA2-SegmentedRaftLogWorker] INFO  segmented.SegmentedRaftLogWorker (SegmentedRaftLogWorker.java:execute(632)) - 9d33b5cf-046b-45d3-8518-fd69107da003@group-8B162C13FFA2-SegmentedRaftLogWorker: created new log segment /home/runner/work/ozone/ozone/hadoop-ozone/integration-test/target/test-dir/MiniOzoneClusterImpl-7f66dfcd-4d84-4460-b9fe-211923c7b7bb/datanode-9/data/ratis/f61d75ec-e88f-4c7b-915f-8b162c13ffa2/current/log_inprogress_0
2023-12-10 08:55:38,371 [grpc-default-executor-11] INFO  server.RaftServer$Division (RaftServerImpl.java:requestVote(1410)) - 383c3691-e37d-4704-9b62-3f343d93bad0@group-EF992D48831C replies to ELECTION vote request: 7f393458-131e-4136-815e-5cd248d38671<-383c3691-e37d-4704-9b62-3f343d93bad0#0:OK-t1. Peer's state: 383c3691-e37d-4704-9b62-3f343d93bad0@group-EF992D48831C:t1, leader=null, voted=7f393458-131e-4136-815e-5cd248d38671, raftlog=Memoized:383c3691-e37d-4704-9b62-3f343d93bad0@group-EF992D48831C-SegmentedRaftLog:OPENED:c-1, conf=-1: peers:[d585e390-d9b9-49cd-b5b8-386dd9d89b96|10.1.0.29:15086, 383c3691-e37d-4704-9b62-3f343d93bad0|10.1.0.29:15068, 7f393458-131e-4136-815e-5cd248d38671|10.1.0.29:15077]|listeners:[], old=null
2023-12-10 08:55:38,371 [grpc-default-executor-8] INFO  impl.VoteContext (VoteContext.java:log(49)) - 383c3691-e37d-4704-9b62-3f343d93bad0@group-EF992D48831C-FOLLOWER: accept PRE_VOTE from 7f393458-131e-4136-815e-5cd248d38671: our priority 0 <= candidate's priority 1
2023-12-10 08:55:38,371 [grpc-default-executor-8] INFO  server.RaftServer$Division (RaftServerImpl.java:requestVote(1410)) - 383c3691-e37d-4704-9b62-3f343d93bad0@group-EF992D48831C replies to PRE_VOTE vote request: 7f393458-131e-4136-815e-5cd248d38671<-383c3691-e37d-4704-9b62-3f343d93bad0#0:OK-t1. Peer's state: 383c3691-e37d-4704-9b62-3f343d93bad0@group-EF992D48831C:t1, leader=null, voted=7f393458-131e-4136-815e-5cd248d38671, raftlog=Memoized:383c3691-e37d-4704-9b62-3f343d93bad0@group-EF992D48831C-SegmentedRaftLog:OPENED:c-1, conf=-1: peers:[d585e390-d9b9-49cd-b5b8-386dd9d89b96|10.1.0.29:15086, 383c3691-e37d-4704-9b62-3f343d93bad0|10.1.0.29:15068, 7f393458-131e-4136-815e-5cd248d38671|10.1.0.29:15077]|listeners:[], old=null
2023-12-10 08:55:38,375 [7f393458-131e-4136-815e-5cd248d38671@group-EF992D48831C-LeaderElection14] INFO  server.RaftServerConfigKeys (ConfUtils.java:logGet(46)) - raft.server.log.appender.snapshot.chunk.size.max = 16MB (=16777216) (default)
2023-12-10 08:55:38,375 [7f393458-131e-4136-815e-5cd248d38671@group-EF992D48831C-LeaderElection14] INFO  server.RaftServerConfigKeys (ConfUtils.java:logGet(46)) - raft.server.log.appender.buffer.byte-limit = 8388608 (custom)
2023-12-10 08:55:38,375 [7f393458-131e-4136-815e-5cd248d38671@group-EF992D48831C-LeaderElection14] INFO  server.RaftServerConfigKeys (ConfUtils.java:logGet(46)) - raft.server.log.appender.buffer.element-limit = 1 (custom)
2023-12-10 08:55:38,375 [7f393458-131e-4136-815e-5cd248d38671@group-EF992D48831C-LeaderElection14] INFO  server.RaftServerConfigKeys (ConfUtils.java:logGet(46)) - raft.server.log.appender.wait-time.min = 0μs (custom)
2023-12-10 08:55:38,375 [7f393458-131e-4136-815e-5cd248d38671@group-EF992D48831C-LeaderElection14] INFO  grpc.GrpcConfigKeys (ConfUtils.java:logGet(46)) - raft.grpc.server.leader.outstanding.appends.max = 8 (default)
2023-12-10 08:55:38,375 [7f393458-131e-4136-815e-5cd248d38671@group-EF992D48831C-LeaderElection14] INFO  server.RaftServerConfigKeys (ConfUtils.java:logGet(46)) - raft.server.rpc.request.timeout = 60s (custom)
2023-12-10 08:55:38,375 [7f393458-131e-4136-815e-5cd248d38671@group-EF992D48831C-LeaderElection14] INFO  grpc.GrpcConfigKeys (ConfUtils.java:logGet(46)) - raft.grpc.server.install_snapshot.request.element-limit = 8 (default)
2023-12-10 08:55:38,375 [7f393458-131e-4136-815e-5cd248d38671@group-EF992D48831C-LeaderElection14] INFO  grpc.GrpcConfigKeys (ConfUtils.java:logGet(46)) - raft.grpc.server.install_snapshot.request.timeout = 3000ms (default)
2023-12-10 08:55:38,375 [7f393458-131e-4136-815e-5cd248d38671@group-EF992D48831C-LeaderElection14] INFO  server.RaftServerConfigKeys (ConfUtils.java:logGet(46)) - raft.server.log.appender.install.snapshot.enabled = false (custom)
2023-12-10 08:55:38,375 [7f393458-131e-4136-815e-5cd248d38671@group-EF992D48831C-LeaderElection14] INFO  grpc.GrpcConfigKeys (ConfUtils.java:logGet(46)) - raft.grpc.server.heartbeat.channel = true (default)
2023-12-10 08:55:38,381 [739b2b9a-4a10-4b30-8d82-41f2f3567ae9-server-thread1] INFO  ratis.XceiverServerRatis (XceiverServerRatis.java:handleLeaderChangedNotification(935)) - Leader change notification received for group: group-8B162C13FFA2 with new leaderId: 9d33b5cf-046b-45d3-8518-fd69107da003
2023-12-10 08:55:38,381 [739b2b9a-4a10-4b30-8d82-41f2f3567ae9-server-thread1] INFO  server.RaftServer$Division (ServerState.java:setLeader(265)) - 739b2b9a-4a10-4b30-8d82-41f2f3567ae9@group-8B162C13FFA2: change Leader from null to 9d33b5cf-046b-45d3-8518-fd69107da003 at term 1 for appendEntries, leader elected after 5101ms
2023-12-10 08:55:38,383 [7f393458-131e-4136-815e-5cd248d38671@group-EF992D48831C-LeaderElection14] INFO  impl.RoleInfo (RoleInfo.java:updateAndGet(139)) - 7f393458-131e-4136-815e-5cd248d38671: start 7f393458-131e-4136-815e-5cd248d38671@group-EF992D48831C-LeaderStateImpl
2023-12-10 08:55:38,383 [7f393458-131e-4136-815e-5cd248d38671@group-EF992D48831C-LeaderElection14] INFO  server.RaftServer$Division (RaftServerImpl.java:setFirstElection(564)) - 7f393458-131e-4136-815e-5cd248d38671@group-EF992D48831C: set firstElectionSinceStartup to false for becomeLeader
2023-12-10 08:55:38,383 [7f393458-131e-4136-815e-5cd248d38671@group-EF992D48831C-LeaderElection14] INFO  ratis.XceiverServerRatis (XceiverServerRatis.java:handleLeaderChangedNotification(935)) - Leader change notification received for group: group-EF992D48831C with new leaderId: 7f393458-131e-4136-815e-5cd248d38671
2023-12-10 08:55:38,383 [7f393458-131e-4136-815e-5cd248d38671@group-EF992D48831C-LeaderElection14] INFO  server.RaftServer$Division (ServerState.java:setLeader(265)) - 7f393458-131e-4136-815e-5cd248d38671@group-EF992D48831C: change Leader from null to 7f393458-131e-4136-815e-5cd248d38671 at term 1 for becomeLeader, leader elected after 5319ms
2023-12-10 08:55:38,383 [7f393458-131e-4136-815e-5cd248d38671@group-EF992D48831C-LeaderElection14] INFO  segmented.SegmentedRaftLogWorker (SegmentedRaftLogWorker.java:startLogSegment(428)) - 7f393458-131e-4136-815e-5cd248d38671@group-EF992D48831C-SegmentedRaftLogWorker: Starting segment from index:0
2023-12-10 08:55:38,381 [1325fac8-4950-4fd4-a580-526da936db2d-server-thread1] INFO  ratis.XceiverServerRatis (XceiverServerRatis.java:handleLeaderChangedNotification(935)) - Leader change notification received for group: group-8B162C13FFA2 with new leaderId: 9d33b5cf-046b-45d3-8518-fd69107da003
2023-12-10 08:55:38,391 [1325fac8-4950-4fd4-a580-526da936db2d-server-thread1] INFO  server.RaftServer$Division (ServerState.java:setLeader(265)) - 1325fac8-4950-4fd4-a580-526da936db2d@group-8B162C13FFA2: change Leader from null to 9d33b5cf-046b-45d3-8518-fd69107da003 at term 1 for appendEntries, leader elected after 5147ms
2023-12-10 08:55:38,384 [739b2b9a-4a10-4b30-8d82-41f2f3567ae9-server-thread1] INFO  server.RaftServer$Division (ServerState.java:setRaftConf(382)) - 739b2b9a-4a10-4b30-8d82-41f2f3567ae9@group-8B162C13FFA2: set configuration 0: peers:[739b2b9a-4a10-4b30-8d82-41f2f3567ae9|10.1.0.29:15104, 1325fac8-4950-4fd4-a580-526da936db2d|10.1.0.29:15113, 9d33b5cf-046b-45d3-8518-fd69107da003|10.1.0.29:15095]|listeners:[], old=null
2023-12-10 08:55:38,392 [739b2b9a-4a10-4b30-8d82-41f2f3567ae9-server-thread1] INFO  segmented.SegmentedRaftLogWorker (SegmentedRaftLogWorker.java:startLogSegment(428)) - 739b2b9a-4a10-4b30-8d82-41f2f3567ae9@group-8B162C13FFA2-SegmentedRaftLogWorker: Starting segment from index:0
2023-12-10 08:55:38,384 [7f393458-131e-4136-815e-5cd248d38671@group-EF992D48831C-LeaderElection14] INFO  server.RaftServer$Division (ServerState.java:setRaftConf(382)) - 7f393458-131e-4136-815e-5cd248d38671@group-EF992D48831C: set configuration 0: peers:[d585e390-d9b9-49cd-b5b8-386dd9d89b96|10.1.0.29:15086, 383c3691-e37d-4704-9b62-3f343d93bad0|10.1.0.29:15068, 7f393458-131e-4136-815e-5cd248d38671|10.1.0.29:15077]|listeners:[], old=null
2023-12-10 08:55:38,392 [7f393458-131e-4136-815e-5cd248d38671@group-EF992D48831C-SegmentedRaftLogWorker] INFO  segmented.SegmentedRaftLogWorker (SegmentedRaftLogWorker.java:execute(632)) - 7f393458-131e-4136-815e-5cd248d38671@group-EF992D48831C-SegmentedRaftLogWorker: created new log segment /home/runner/work/ozone/ozone/hadoop-ozone/integration-test/target/test-dir/MiniOzoneClusterImpl-7f66dfcd-4d84-4460-b9fe-211923c7b7bb/datanode-7/data/ratis/c040e1ea-1427-4604-9725-ef992d48831c/current/log_inprogress_0
2023-12-10 08:55:38,392 [EventQueue-PipelineReportForPipelineReportHandler] INFO  pipeline.PipelineReportHandler (PipelineReportHandler.java:processPipelineReport(136)) - Opened pipeline PipelineID=c040e1ea-1427-4604-9725-ef992d48831c
2023-12-10 08:55:38,397 [1325fac8-4950-4fd4-a580-526da936db2d-server-thread2] INFO  server.RaftServer$Division (ServerState.java:setRaftConf(382)) - 1325fac8-4950-4fd4-a580-526da936db2d@group-8B162C13FFA2: set configuration 0: peers:[739b2b9a-4a10-4b30-8d82-41f2f3567ae9|10.1.0.29:15104, 1325fac8-4950-4fd4-a580-526da936db2d|10.1.0.29:15113, 9d33b5cf-046b-45d3-8518-fd69107da003|10.1.0.29:15095]|listeners:[], old=null
2023-12-10 08:55:38,397 [1325fac8-4950-4fd4-a580-526da936db2d-server-thread2] INFO  segmented.SegmentedRaftLogWorker (SegmentedRaftLogWorker.java:startLogSegment(428)) - 1325fac8-4950-4fd4-a580-526da936db2d@group-8B162C13FFA2-SegmentedRaftLogWorker: Starting segment from index:0
2023-12-10 08:55:38,410 [739b2b9a-4a10-4b30-8d82-41f2f3567ae9@group-8B162C13FFA2-SegmentedRaftLogWorker] INFO  segmented.SegmentedRaftLogWorker (SegmentedRaftLogWorker.java:execute(632)) - 739b2b9a-4a10-4b30-8d82-41f2f3567ae9@group-8B162C13FFA2-SegmentedRaftLogWorker: created new log segment /home/runner/work/ozone/ozone/hadoop-ozone/integration-test/target/test-dir/MiniOzoneClusterImpl-7f66dfcd-4d84-4460-b9fe-211923c7b7bb/datanode-10/data/ratis/f61d75ec-e88f-4c7b-915f-8b162c13ffa2/current/log_inprogress_0
2023-12-10 08:55:38,410 [1325fac8-4950-4fd4-a580-526da936db2d@group-8B162C13FFA2-SegmentedRaftLogWorker] INFO  segmented.SegmentedRaftLogWorker (SegmentedRaftLogWorker.java:execute(632)) - 1325fac8-4950-4fd4-a580-526da936db2d@group-8B162C13FFA2-SegmentedRaftLogWorker: created new log segment /home/runner/work/ozone/ozone/hadoop-ozone/integration-test/target/test-dir/MiniOzoneClusterImpl-7f66dfcd-4d84-4460-b9fe-211923c7b7bb/datanode-11/data/ratis/f61d75ec-e88f-4c7b-915f-8b162c13ffa2/current/log_inprogress_0
2023-12-10 08:55:38,413 [383c3691-e37d-4704-9b62-3f343d93bad0-server-thread1] INFO  ratis.XceiverServerRatis (XceiverServerRatis.java:handleLeaderChangedNotification(935)) - Leader change notification received for group: group-EF992D48831C with new leaderId: 7f393458-131e-4136-815e-5cd248d38671
2023-12-10 08:55:38,413 [9d33b5cf-046b-45d3-8518-fd69107da003@group-8B162C13FFA2-StateMachineUpdater] INFO  server.RaftServer$Division (LeaderStateImpl.java:isApplied(316)) - leader is ready since appliedIndex == 0 >= startIndex == 0
2023-12-10 08:55:38,414 [383c3691-e37d-4704-9b62-3f343d93bad0-server-thread1] INFO  server.RaftServer$Division (ServerState.java:setLeader(265)) - 383c3691-e37d-4704-9b62-3f343d93bad0@group-EF992D48831C: change Leader from null to 7f393458-131e-4136-815e-5cd248d38671 at term 1 for appendEntries, leader elected after 5346ms
2023-12-10 08:55:38,415 [383c3691-e37d-4704-9b62-3f343d93bad0-server-thread2] INFO  server.RaftServer$Division (ServerState.java:setRaftConf(382)) - 383c3691-e37d-4704-9b62-3f343d93bad0@group-EF992D48831C: set configuration 0: peers:[d585e390-d9b9-49cd-b5b8-386dd9d89b96|10.1.0.29:15086, 383c3691-e37d-4704-9b62-3f343d93bad0|10.1.0.29:15068, 7f393458-131e-4136-815e-5cd248d38671|10.1.0.29:15077]|listeners:[], old=null
2023-12-10 08:55:38,415 [383c3691-e37d-4704-9b62-3f343d93bad0-server-thread2] INFO  segmented.SegmentedRaftLogWorker (SegmentedRaftLogWorker.java:startLogSegment(428)) - 383c3691-e37d-4704-9b62-3f343d93bad0@group-EF992D48831C-SegmentedRaftLogWorker: Starting segment from index:0
2023-12-10 08:55:38,414 [d585e390-d9b9-49cd-b5b8-386dd9d89b96-server-thread2] INFO  ratis.XceiverServerRatis (XceiverServerRatis.java:handleLeaderChangedNotification(935)) - Leader change notification received for group: group-EF992D48831C with new leaderId: 7f393458-131e-4136-815e-5cd248d38671
2023-12-10 08:55:38,415 [d585e390-d9b9-49cd-b5b8-386dd9d89b96-server-thread2] INFO  server.RaftServer$Division (ServerState.java:setLeader(265)) - d585e390-d9b9-49cd-b5b8-386dd9d89b96@group-EF992D48831C: change Leader from null to 7f393458-131e-4136-815e-5cd248d38671 at term 1 for appendEntries, leader elected after 5345ms
2023-12-10 08:55:38,415 [d585e390-d9b9-49cd-b5b8-386dd9d89b96-server-thread2] INFO  server.RaftServer$Division (ServerState.java:setRaftConf(382)) - d585e390-d9b9-49cd-b5b8-386dd9d89b96@group-EF992D48831C: set configuration 0: peers:[d585e390-d9b9-49cd-b5b8-386dd9d89b96|10.1.0.29:15086, 383c3691-e37d-4704-9b62-3f343d93bad0|10.1.0.29:15068, 7f393458-131e-4136-815e-5cd248d38671|10.1.0.29:15077]|listeners:[], old=null
2023-12-10 08:55:38,415 [d585e390-d9b9-49cd-b5b8-386dd9d89b96-server-thread2] INFO  segmented.SegmentedRaftLogWorker (SegmentedRaftLogWorker.java:startLogSegment(428)) - d585e390-d9b9-49cd-b5b8-386dd9d89b96@group-EF992D48831C-SegmentedRaftLogWorker: Starting segment from index:0
2023-12-10 08:55:38,426 [d585e390-d9b9-49cd-b5b8-386dd9d89b96@group-EF992D48831C-SegmentedRaftLogWorker] INFO  segmented.SegmentedRaftLogWorker (SegmentedRaftLogWorker.java:execute(632)) - d585e390-d9b9-49cd-b5b8-386dd9d89b96@group-EF992D48831C-SegmentedRaftLogWorker: created new log segment /home/runner/work/ozone/ozone/hadoop-ozone/integration-test/target/test-dir/MiniOzoneClusterImpl-7f66dfcd-4d84-4460-b9fe-211923c7b7bb/datanode-8/data/ratis/c040e1ea-1427-4604-9725-ef992d48831c/current/log_inprogress_0
2023-12-10 08:55:38,429 [7f393458-131e-4136-815e-5cd248d38671@group-EF992D48831C-StateMachineUpdater] INFO  server.RaftServer$Division (LeaderStateImpl.java:isApplied(316)) - leader is ready since appliedIndex == 0 >= startIndex == 0
2023-12-10 08:55:38,433 [383c3691-e37d-4704-9b62-3f343d93bad0@group-EF992D48831C-SegmentedRaftLogWorker] INFO  segmented.SegmentedRaftLogWorker (SegmentedRaftLogWorker.java:execute(632)) - 383c3691-e37d-4704-9b62-3f343d93bad0@group-EF992D48831C-SegmentedRaftLogWorker: created new log segment /home/runner/work/ozone/ozone/hadoop-ozone/integration-test/target/test-dir/MiniOzoneClusterImpl-7f66dfcd-4d84-4460-b9fe-211923c7b7bb/datanode-6/data/ratis/c040e1ea-1427-4604-9725-ef992d48831c/current/log_inprogress_0
2023-12-10 08:55:38,491 [9d33b5cf-046b-45d3-8518-fd69107da003@group-6A927A491976-FollowerState] INFO  impl.FollowerState (FollowerState.java:run(143)) - 9d33b5cf-046b-45d3-8518-fd69107da003@group-6A927A491976-FollowerState: change to CANDIDATE, lastRpcElapsedTime:5175755116ns, electionTimeout:5173ms
2023-12-10 08:55:38,491 [9d33b5cf-046b-45d3-8518-fd69107da003@group-6A927A491976-FollowerState] INFO  impl.RoleInfo (RoleInfo.java:shutdownFollowerState(110)) - 9d33b5cf-046b-45d3-8518-fd69107da003: shutdown 9d33b5cf-046b-45d3-8518-fd69107da003@group-6A927A491976-FollowerState
2023-12-10 08:55:38,491 [9d33b5cf-046b-45d3-8518-fd69107da003@group-6A927A491976-FollowerState] INFO  server.RaftServer$Division (RaftServerImpl.java:setRole(379)) - 9d33b5cf-046b-45d3-8518-fd69107da003@group-6A927A491976: changes role from  FOLLOWER to CANDIDATE at term 0 for changeToCandidate
2023-12-10 08:55:38,491 [9d33b5cf-046b-45d3-8518-fd69107da003@group-6A927A491976-FollowerState] INFO  server.RaftServerConfigKeys (ConfUtils.java:logGet(46)) - raft.server.leaderelection.pre-vote = true (default)
2023-12-10 08:55:38,491 [9d33b5cf-046b-45d3-8518-fd69107da003@group-6A927A491976-FollowerState] INFO  impl.RoleInfo (RoleInfo.java:updateAndGet(139)) - 9d33b5cf-046b-45d3-8518-fd69107da003: start 9d33b5cf-046b-45d3-8518-fd69107da003@group-6A927A491976-LeaderElection15
2023-12-10 08:55:38,493 [9d33b5cf-046b-45d3-8518-fd69107da003@group-6A927A491976-LeaderElection15] INFO  impl.LeaderElection (LeaderElection.java:askForVotes(323)) - 9d33b5cf-046b-45d3-8518-fd69107da003@group-6A927A491976-LeaderElection15 PRE_VOTE round 0: submit vote requests at term 0 for -1: peers:[739b2b9a-4a10-4b30-8d82-41f2f3567ae9|10.1.0.29:15104, 1325fac8-4950-4fd4-a580-526da936db2d|10.1.0.29:15113, 9d33b5cf-046b-45d3-8518-fd69107da003|10.1.0.29:15095]|listeners:[], old=null
2023-12-10 08:55:38,493 [9d33b5cf-046b-45d3-8518-fd69107da003@group-6A927A491976-LeaderElection15] INFO  server.RaftServerConfigKeys (ConfUtils.java:logFallback(53)) - raft.server.rpc.first-election.timeout.min = 5s (fallback to raft.server.rpc.timeout.min)
2023-12-10 08:55:38,493 [9d33b5cf-046b-45d3-8518-fd69107da003@group-6A927A491976-LeaderElection15] INFO  server.RaftServerConfigKeys (ConfUtils.java:logFallback(53)) - raft.server.rpc.first-election.timeout.max = 5200ms (fallback to raft.server.rpc.timeout.max)
2023-12-10 08:55:38,495 [grpc-default-executor-4] INFO  server.RaftServer$Division (RaftServerImpl.java:requestVote(1377)) - 1325fac8-4950-4fd4-a580-526da936db2d@group-6A927A491976: receive requestVote(PRE_VOTE, 9d33b5cf-046b-45d3-8518-fd69107da003, group-6A927A491976, 0, (t:0, i:0))
2023-12-10 08:55:38,495 [grpc-default-executor-4] INFO  impl.VoteContext (VoteContext.java:log(49)) - 1325fac8-4950-4fd4-a580-526da936db2d@group-6A927A491976-FOLLOWER: accept PRE_VOTE from 9d33b5cf-046b-45d3-8518-fd69107da003: our priority 0 <= candidate's priority 0
2023-12-10 08:55:38,495 [grpc-default-executor-4] INFO  server.RaftServer$Division (RaftServerImpl.java:requestVote(1410)) - 1325fac8-4950-4fd4-a580-526da936db2d@group-6A927A491976 replies to PRE_VOTE vote request: 9d33b5cf-046b-45d3-8518-fd69107da003<-1325fac8-4950-4fd4-a580-526da936db2d#0:OK-t0. Peer's state: 1325fac8-4950-4fd4-a580-526da936db2d@group-6A927A491976:t0, leader=null, voted=, raftlog=Memoized:1325fac8-4950-4fd4-a580-526da936db2d@group-6A927A491976-SegmentedRaftLog:OPENED:c-1, conf=-1: peers:[739b2b9a-4a10-4b30-8d82-41f2f3567ae9|10.1.0.29:15104, 1325fac8-4950-4fd4-a580-526da936db2d|10.1.0.29:15113, 9d33b5cf-046b-45d3-8518-fd69107da003|10.1.0.29:15095]|listeners:[], old=null
2023-12-10 08:55:38,496 [grpc-default-executor-4] INFO  server.RaftServer$Division (RaftServerImpl.java:requestVote(1377)) - 739b2b9a-4a10-4b30-8d82-41f2f3567ae9@group-6A927A491976: receive requestVote(PRE_VOTE, 9d33b5cf-046b-45d3-8518-fd69107da003, group-6A927A491976, 0, (t:0, i:0))
2023-12-10 08:55:38,496 [grpc-default-executor-4] INFO  impl.VoteContext (VoteContext.java:log(49)) - 739b2b9a-4a10-4b30-8d82-41f2f3567ae9@group-6A927A491976-FOLLOWER: reject PRE_VOTE from 9d33b5cf-046b-45d3-8518-fd69107da003: our priority 1 > candidate's priority 0
2023-12-10 08:55:38,496 [grpc-default-executor-4] INFO  server.RaftServer$Division (RaftServerImpl.java:requestVote(1410)) - 739b2b9a-4a10-4b30-8d82-41f2f3567ae9@group-6A927A491976 replies to PRE_VOTE vote request: 9d33b5cf-046b-45d3-8518-fd69107da003<-739b2b9a-4a10-4b30-8d82-41f2f3567ae9#0:FAIL-t0. Peer's state: 739b2b9a-4a10-4b30-8d82-41f2f3567ae9@group-6A927A491976:t0, leader=null, voted=, raftlog=Memoized:739b2b9a-4a10-4b30-8d82-41f2f3567ae9@group-6A927A491976-SegmentedRaftLog:OPENED:c-1, conf=-1: peers:[739b2b9a-4a10-4b30-8d82-41f2f3567ae9|10.1.0.29:15104, 1325fac8-4950-4fd4-a580-526da936db2d|10.1.0.29:15113, 9d33b5cf-046b-45d3-8518-fd69107da003|10.1.0.29:15095]|listeners:[], old=null
2023-12-10 08:55:38,498 [9d33b5cf-046b-45d3-8518-fd69107da003@group-6A927A491976-LeaderElection15] INFO  impl.LeaderElection (LeaderElection.java:logAndReturn(89)) - 9d33b5cf-046b-45d3-8518-fd69107da003@group-6A927A491976-LeaderElection15: PRE_VOTE REJECTED received 2 response(s) and 0 exception(s):
2023-12-10 08:55:38,498 [9d33b5cf-046b-45d3-8518-fd69107da003@group-6A927A491976-LeaderElection15] INFO  impl.LeaderElection (LeaderElection.java:logAndReturn(93)) -   Response 0: 9d33b5cf-046b-45d3-8518-fd69107da003<-739b2b9a-4a10-4b30-8d82-41f2f3567ae9#0:FAIL-t0
2023-12-10 08:55:38,498 [9d33b5cf-046b-45d3-8518-fd69107da003@group-6A927A491976-LeaderElection15] INFO  impl.LeaderElection (LeaderElection.java:logAndReturn(93)) -   Response 1: 9d33b5cf-046b-45d3-8518-fd69107da003<-1325fac8-4950-4fd4-a580-526da936db2d#0:OK-t0
2023-12-10 08:55:38,498 [9d33b5cf-046b-45d3-8518-fd69107da003@group-6A927A491976-LeaderElection15] INFO  impl.LeaderElection (LeaderElection.java:askForVotes(325)) - 9d33b5cf-046b-45d3-8518-fd69107da003@group-6A927A491976-LeaderElection15 PRE_VOTE round 0: result REJECTED
2023-12-10 08:55:38,498 [9d33b5cf-046b-45d3-8518-fd69107da003@group-6A927A491976-LeaderElection15] INFO  server.RaftServer$Division (RaftServerImpl.java:setRole(379)) - 9d33b5cf-046b-45d3-8518-fd69107da003@group-6A927A491976: changes role from CANDIDATE to FOLLOWER at term 0 for REJECTED
2023-12-10 08:55:38,498 [9d33b5cf-046b-45d3-8518-fd69107da003@group-6A927A491976-LeaderElection15] INFO  impl.RoleInfo (RoleInfo.java:shutdownLeaderElection(130)) - 9d33b5cf-046b-45d3-8518-fd69107da003: shutdown 9d33b5cf-046b-45d3-8518-fd69107da003@group-6A927A491976-LeaderElection15
2023-12-10 08:55:38,499 [9d33b5cf-046b-45d3-8518-fd69107da003@group-6A927A491976-LeaderElection15] INFO  impl.RoleInfo (RoleInfo.java:updateAndGet(139)) - 9d33b5cf-046b-45d3-8518-fd69107da003: start 9d33b5cf-046b-45d3-8518-fd69107da003@group-6A927A491976-FollowerState
2023-12-10 08:55:38,499 [9d33b5cf-046b-45d3-8518-fd69107da003@group-6A927A491976-LeaderElection15] INFO  server.RaftServer$Division (RaftServerImpl.java:setFirstElection(564)) - 9d33b5cf-046b-45d3-8518-fd69107da003@group-6A927A491976: set firstElectionSinceStartup to false for REJECTED
2023-12-10 08:55:38,516 [739b2b9a-4a10-4b30-8d82-41f2f3567ae9@group-6A927A491976-FollowerState] INFO  impl.FollowerState (FollowerState.java:run(143)) - 739b2b9a-4a10-4b30-8d82-41f2f3567ae9@group-6A927A491976-FollowerState: change to CANDIDATE, lastRpcElapsedTime:5162758706ns, electionTimeout:5159ms
2023-12-10 08:55:38,516 [739b2b9a-4a10-4b30-8d82-41f2f3567ae9@group-6A927A491976-FollowerState] INFO  impl.RoleInfo (RoleInfo.java:shutdownFollowerState(110)) - 739b2b9a-4a10-4b30-8d82-41f2f3567ae9: shutdown 739b2b9a-4a10-4b30-8d82-41f2f3567ae9@group-6A927A491976-FollowerState
2023-12-10 08:55:38,516 [739b2b9a-4a10-4b30-8d82-41f2f3567ae9@group-6A927A491976-FollowerState] INFO  server.RaftServer$Division (RaftServerImpl.java:setRole(379)) - 739b2b9a-4a10-4b30-8d82-41f2f3567ae9@group-6A927A491976: changes role from  FOLLOWER to CANDIDATE at term 0 for changeToCandidate
2023-12-10 08:55:38,516 [739b2b9a-4a10-4b30-8d82-41f2f3567ae9@group-6A927A491976-FollowerState] INFO  server.RaftServerConfigKeys (ConfUtils.java:logGet(46)) - raft.server.leaderelection.pre-vote = true (default)
2023-12-10 08:55:38,516 [739b2b9a-4a10-4b30-8d82-41f2f3567ae9@group-6A927A491976-FollowerState] INFO  impl.RoleInfo (RoleInfo.java:updateAndGet(139)) - 739b2b9a-4a10-4b30-8d82-41f2f3567ae9: start 739b2b9a-4a10-4b30-8d82-41f2f3567ae9@group-6A927A491976-LeaderElection16
2023-12-10 08:55:38,516 [739b2b9a-4a10-4b30-8d82-41f2f3567ae9@group-6A927A491976-LeaderElection16] INFO  impl.LeaderElection (LeaderElection.java:askForVotes(323)) - 739b2b9a-4a10-4b30-8d82-41f2f3567ae9@group-6A927A491976-LeaderElection16 PRE_VOTE round 0: submit vote requests at term 0 for -1: peers:[739b2b9a-4a10-4b30-8d82-41f2f3567ae9|10.1.0.29:15104, 1325fac8-4950-4fd4-a580-526da936db2d|10.1.0.29:15113, 9d33b5cf-046b-45d3-8518-fd69107da003|10.1.0.29:15095]|listeners:[], old=null
2023-12-10 08:55:38,517 [739b2b9a-4a10-4b30-8d82-41f2f3567ae9@group-6A927A491976-LeaderElection16-1] INFO  server.GrpcServerProtocolClient (GrpcServerProtocolClient.java:<init>(65)) - Build channel for 1325fac8-4950-4fd4-a580-526da936db2d
2023-12-10 08:55:38,517 [739b2b9a-4a10-4b30-8d82-41f2f3567ae9@group-6A927A491976-LeaderElection16] INFO  server.RaftServerConfigKeys (ConfUtils.java:logFallback(53)) - raft.server.rpc.first-election.timeout.min = 5s (fallback to raft.server.rpc.timeout.min)
2023-12-10 08:55:38,517 [739b2b9a-4a10-4b30-8d82-41f2f3567ae9@group-6A927A491976-LeaderElection16] INFO  server.RaftServerConfigKeys (ConfUtils.java:logFallback(53)) - raft.server.rpc.first-election.timeout.max = 5200ms (fallback to raft.server.rpc.timeout.max)
2023-12-10 08:55:38,517 [739b2b9a-4a10-4b30-8d82-41f2f3567ae9@group-6A927A491976-LeaderElection16-2] INFO  server.GrpcServerProtocolClient (GrpcServerProtocolClient.java:<init>(65)) - Build channel for 9d33b5cf-046b-45d3-8518-fd69107da003
2023-12-10 08:55:38,523 [grpc-default-executor-4] INFO  server.RaftServer$Division (RaftServerImpl.java:requestVote(1377)) - 1325fac8-4950-4fd4-a580-526da936db2d@group-6A927A491976: receive requestVote(PRE_VOTE, 739b2b9a-4a10-4b30-8d82-41f2f3567ae9, group-6A927A491976, 0, (t:0, i:0))
2023-12-10 08:55:38,523 [grpc-default-executor-4] INFO  impl.VoteContext (VoteContext.java:log(49)) - 1325fac8-4950-4fd4-a580-526da936db2d@group-6A927A491976-FOLLOWER: accept PRE_VOTE from 739b2b9a-4a10-4b30-8d82-41f2f3567ae9: our priority 0 <= candidate's priority 1
2023-12-10 08:55:38,523 [grpc-default-executor-4] INFO  server.RaftServer$Division (RaftServerImpl.java:requestVote(1410)) - 1325fac8-4950-4fd4-a580-526da936db2d@group-6A927A491976 replies to PRE_VOTE vote request: 739b2b9a-4a10-4b30-8d82-41f2f3567ae9<-1325fac8-4950-4fd4-a580-526da936db2d#0:OK-t0. Peer's state: 1325fac8-4950-4fd4-a580-526da936db2d@group-6A927A491976:t0, leader=null, voted=, raftlog=Memoized:1325fac8-4950-4fd4-a580-526da936db2d@group-6A927A491976-SegmentedRaftLog:OPENED:c-1, conf=-1: peers:[739b2b9a-4a10-4b30-8d82-41f2f3567ae9|10.1.0.29:15104, 1325fac8-4950-4fd4-a580-526da936db2d|10.1.0.29:15113, 9d33b5cf-046b-45d3-8518-fd69107da003|10.1.0.29:15095]|listeners:[], old=null
2023-12-10 08:55:38,524 [739b2b9a-4a10-4b30-8d82-41f2f3567ae9@group-6A927A491976-LeaderElection16] INFO  impl.LeaderElection (LeaderElection.java:logAndReturn(89)) - 739b2b9a-4a10-4b30-8d82-41f2f3567ae9@group-6A927A491976-LeaderElection16: PRE_VOTE PASSED received 1 response(s) and 0 exception(s):
2023-12-10 08:55:38,525 [739b2b9a-4a10-4b30-8d82-41f2f3567ae9@group-6A927A491976-LeaderElection16] INFO  impl.LeaderElection (LeaderElection.java:logAndReturn(93)) -   Response 0: 739b2b9a-4a10-4b30-8d82-41f2f3567ae9<-1325fac8-4950-4fd4-a580-526da936db2d#0:OK-t0
2023-12-10 08:55:38,525 [739b2b9a-4a10-4b30-8d82-41f2f3567ae9@group-6A927A491976-LeaderElection16] INFO  impl.LeaderElection (LeaderElection.java:askForVotes(325)) - 739b2b9a-4a10-4b30-8d82-41f2f3567ae9@group-6A927A491976-LeaderElection16 PRE_VOTE round 0: result PASSED
2023-12-10 08:55:38,525 [grpc-default-executor-4] INFO  server.RaftServer$Division (RaftServerImpl.java:requestVote(1377)) - 9d33b5cf-046b-45d3-8518-fd69107da003@group-6A927A491976: receive requestVote(PRE_VOTE, 739b2b9a-4a10-4b30-8d82-41f2f3567ae9, group-6A927A491976, 0, (t:0, i:0))
2023-12-10 08:55:38,525 [grpc-default-executor-4] INFO  impl.VoteContext (VoteContext.java:log(49)) - 9d33b5cf-046b-45d3-8518-fd69107da003@group-6A927A491976-FOLLOWER: accept PRE_VOTE from 739b2b9a-4a10-4b30-8d82-41f2f3567ae9: our priority 0 <= candidate's priority 1
2023-12-10 08:55:38,525 [grpc-default-executor-4] INFO  server.RaftServer$Division (RaftServerImpl.java:requestVote(1410)) - 9d33b5cf-046b-45d3-8518-fd69107da003@group-6A927A491976 replies to PRE_VOTE vote request: 739b2b9a-4a10-4b30-8d82-41f2f3567ae9<-9d33b5cf-046b-45d3-8518-fd69107da003#0:OK-t0. Peer's state: 9d33b5cf-046b-45d3-8518-fd69107da003@group-6A927A491976:t0, leader=null, voted=, raftlog=Memoized:9d33b5cf-046b-45d3-8518-fd69107da003@group-6A927A491976-SegmentedRaftLog:OPENED:c-1, conf=-1: peers:[739b2b9a-4a10-4b30-8d82-41f2f3567ae9|10.1.0.29:15104, 1325fac8-4950-4fd4-a580-526da936db2d|10.1.0.29:15113, 9d33b5cf-046b-45d3-8518-fd69107da003|10.1.0.29:15095]|listeners:[], old=null
2023-12-10 08:55:38,527 [739b2b9a-4a10-4b30-8d82-41f2f3567ae9@group-6A927A491976-LeaderElection16] INFO  impl.LeaderElection (LeaderElection.java:askForVotes(323)) - 739b2b9a-4a10-4b30-8d82-41f2f3567ae9@group-6A927A491976-LeaderElection16 ELECTION round 0: submit vote requests at term 1 for -1: peers:[739b2b9a-4a10-4b30-8d82-41f2f3567ae9|10.1.0.29:15104, 1325fac8-4950-4fd4-a580-526da936db2d|10.1.0.29:15113, 9d33b5cf-046b-45d3-8518-fd69107da003|10.1.0.29:15095]|listeners:[], old=null
2023-12-10 08:55:38,527 [739b2b9a-4a10-4b30-8d82-41f2f3567ae9@group-6A927A491976-LeaderElection16] INFO  server.RaftServerConfigKeys (ConfUtils.java:logFallback(53)) - raft.server.rpc.first-election.timeout.min = 5s (fallback to raft.server.rpc.timeout.min)
2023-12-10 08:55:38,527 [739b2b9a-4a10-4b30-8d82-41f2f3567ae9@group-6A927A491976-LeaderElection16] INFO  server.RaftServerConfigKeys (ConfUtils.java:logFallback(53)) - raft.server.rpc.first-election.timeout.max = 5200ms (fallback to raft.server.rpc.timeout.max)
2023-12-10 08:55:38,529 [grpc-default-executor-4] INFO  server.RaftServer$Division (RaftServerImpl.java:requestVote(1377)) - 1325fac8-4950-4fd4-a580-526da936db2d@group-6A927A491976: receive requestVote(ELECTION, 739b2b9a-4a10-4b30-8d82-41f2f3567ae9, group-6A927A491976, 1, (t:0, i:0))
2023-12-10 08:55:38,529 [grpc-default-executor-4] INFO  impl.VoteContext (VoteContext.java:log(49)) - 1325fac8-4950-4fd4-a580-526da936db2d@group-6A927A491976-FOLLOWER: accept ELECTION from 739b2b9a-4a10-4b30-8d82-41f2f3567ae9: our priority 0 <= candidate's priority 1
2023-12-10 08:55:38,529 [grpc-default-executor-4] INFO  server.RaftServer$Division (RaftServerImpl.java:setRole(379)) - 1325fac8-4950-4fd4-a580-526da936db2d@group-6A927A491976: changes role from  FOLLOWER to FOLLOWER at term 1 for candidate:739b2b9a-4a10-4b30-8d82-41f2f3567ae9
2023-12-10 08:55:38,529 [grpc-default-executor-4] INFO  impl.RoleInfo (RoleInfo.java:shutdownFollowerState(110)) - 1325fac8-4950-4fd4-a580-526da936db2d: shutdown 1325fac8-4950-4fd4-a580-526da936db2d@group-6A927A491976-FollowerState
2023-12-10 08:55:38,529 [grpc-default-executor-4] INFO  impl.RoleInfo (RoleInfo.java:updateAndGet(139)) - 1325fac8-4950-4fd4-a580-526da936db2d: start 1325fac8-4950-4fd4-a580-526da936db2d@group-6A927A491976-FollowerState
2023-12-10 08:55:38,529 [1325fac8-4950-4fd4-a580-526da936db2d@group-6A927A491976-FollowerState] INFO  impl.FollowerState (FollowerState.java:run(152)) - 1325fac8-4950-4fd4-a580-526da936db2d@group-6A927A491976-FollowerState was interrupted
2023-12-10 08:55:38,530 [grpc-default-executor-10] INFO  server.RaftServer$Division (RaftServerImpl.java:requestVote(1377)) - 9d33b5cf-046b-45d3-8518-fd69107da003@group-6A927A491976: receive requestVote(ELECTION, 739b2b9a-4a10-4b30-8d82-41f2f3567ae9, group-6A927A491976, 1, (t:0, i:0))
2023-12-10 08:55:38,531 [grpc-default-executor-10] INFO  impl.VoteContext (VoteContext.java:log(49)) - 9d33b5cf-046b-45d3-8518-fd69107da003@group-6A927A491976-FOLLOWER: accept ELECTION from 739b2b9a-4a10-4b30-8d82-41f2f3567ae9: our priority 0 <= candidate's priority 1
2023-12-10 08:55:38,531 [grpc-default-executor-10] INFO  server.RaftServer$Division (RaftServerImpl.java:setRole(379)) - 9d33b5cf-046b-45d3-8518-fd69107da003@group-6A927A491976: changes role from  FOLLOWER to FOLLOWER at term 1 for candidate:739b2b9a-4a10-4b30-8d82-41f2f3567ae9
2023-12-10 08:55:38,531 [grpc-default-executor-10] INFO  impl.RoleInfo (RoleInfo.java:shutdownFollowerState(110)) - 9d33b5cf-046b-45d3-8518-fd69107da003: shutdown 9d33b5cf-046b-45d3-8518-fd69107da003@group-6A927A491976-FollowerState
2023-12-10 08:55:38,532 [grpc-default-executor-4] INFO  server.RaftServer$Division (RaftServerImpl.java:setFirstElection(564)) - 1325fac8-4950-4fd4-a580-526da936db2d@group-6A927A491976: set firstElectionSinceStartup to false for candidate:739b2b9a-4a10-4b30-8d82-41f2f3567ae9
2023-12-10 08:55:38,532 [9d33b5cf-046b-45d3-8518-fd69107da003@group-6A927A491976-FollowerState] INFO  impl.FollowerState (FollowerState.java:run(152)) - 9d33b5cf-046b-45d3-8518-fd69107da003@group-6A927A491976-FollowerState was interrupted
2023-12-10 08:55:38,532 [grpc-default-executor-10] INFO  impl.RoleInfo (RoleInfo.java:updateAndGet(139)) - 9d33b5cf-046b-45d3-8518-fd69107da003: start 9d33b5cf-046b-45d3-8518-fd69107da003@group-6A927A491976-FollowerState
2023-12-10 08:55:38,535 [grpc-default-executor-4] INFO  server.RaftServer$Division (RaftServerImpl.java:requestVote(1410)) - 1325fac8-4950-4fd4-a580-526da936db2d@group-6A927A491976 replies to ELECTION vote request: 739b2b9a-4a10-4b30-8d82-41f2f3567ae9<-1325fac8-4950-4fd4-a580-526da936db2d#0:OK-t1. Peer's state: 1325fac8-4950-4fd4-a580-526da936db2d@group-6A927A491976:t1, leader=null, voted=739b2b9a-4a10-4b30-8d82-41f2f3567ae9, raftlog=Memoized:1325fac8-4950-4fd4-a580-526da936db2d@group-6A927A491976-SegmentedRaftLog:OPENED:c-1, conf=-1: peers:[739b2b9a-4a10-4b30-8d82-41f2f3567ae9|10.1.0.29:15104, 1325fac8-4950-4fd4-a580-526da936db2d|10.1.0.29:15113, 9d33b5cf-046b-45d3-8518-fd69107da003|10.1.0.29:15095]|listeners:[], old=null
2023-12-10 08:55:38,535 [grpc-default-executor-10] INFO  server.RaftServer$Division (RaftServerImpl.java:requestVote(1410)) - 9d33b5cf-046b-45d3-8518-fd69107da003@group-6A927A491976 replies to ELECTION vote request: 739b2b9a-4a10-4b30-8d82-41f2f3567ae9<-9d33b5cf-046b-45d3-8518-fd69107da003#0:OK-t1. Peer's state: 9d33b5cf-046b-45d3-8518-fd69107da003@group-6A927A491976:t1, leader=null, voted=739b2b9a-4a10-4b30-8d82-41f2f3567ae9, raftlog=Memoized:9d33b5cf-046b-45d3-8518-fd69107da003@group-6A927A491976-SegmentedRaftLog:OPENED:c-1, conf=-1: peers:[739b2b9a-4a10-4b30-8d82-41f2f3567ae9|10.1.0.29:15104, 1325fac8-4950-4fd4-a580-526da936db2d|10.1.0.29:15113, 9d33b5cf-046b-45d3-8518-fd69107da003|10.1.0.29:15095]|listeners:[], old=null
2023-12-10 08:55:38,536 [739b2b9a-4a10-4b30-8d82-41f2f3567ae9@group-6A927A491976-LeaderElection16] INFO  impl.LeaderElection (LeaderElection.java:logAndReturn(89)) - 739b2b9a-4a10-4b30-8d82-41f2f3567ae9@group-6A927A491976-LeaderElection16: ELECTION PASSED received 1 response(s) and 0 exception(s):
2023-12-10 08:55:38,536 [739b2b9a-4a10-4b30-8d82-41f2f3567ae9@group-6A927A491976-LeaderElection16] INFO  impl.LeaderElection (LeaderElection.java:logAndReturn(93)) -   Response 0: 739b2b9a-4a10-4b30-8d82-41f2f3567ae9<-1325fac8-4950-4fd4-a580-526da936db2d#0:OK-t1
2023-12-10 08:55:38,536 [739b2b9a-4a10-4b30-8d82-41f2f3567ae9@group-6A927A491976-LeaderElection16] INFO  impl.LeaderElection (LeaderElection.java:askForVotes(325)) - 739b2b9a-4a10-4b30-8d82-41f2f3567ae9@group-6A927A491976-LeaderElection16 ELECTION round 0: result PASSED
2023-12-10 08:55:38,536 [739b2b9a-4a10-4b30-8d82-41f2f3567ae9@group-6A927A491976-LeaderElection16] INFO  impl.RoleInfo (RoleInfo.java:shutdownLeaderElection(130)) - 739b2b9a-4a10-4b30-8d82-41f2f3567ae9: shutdown 739b2b9a-4a10-4b30-8d82-41f2f3567ae9@group-6A927A491976-LeaderElection16
2023-12-10 08:55:38,536 [739b2b9a-4a10-4b30-8d82-41f2f3567ae9@group-6A927A491976-LeaderElection16] INFO  server.RaftServer$Division (RaftServerImpl.java:setRole(379)) - 739b2b9a-4a10-4b30-8d82-41f2f3567ae9@group-6A927A491976: changes role from CANDIDATE to LEADER at term 1 for changeToLeader
2023-12-10 08:55:38,536 [739b2b9a-4a10-4b30-8d82-41f2f3567ae9@group-6A927A491976-LeaderElection16] INFO  server.RaftServerConfigKeys (ConfUtils.java:logGet(46)) - raft.server.staging.catchup.gap = 1000 (default)
2023-12-10 08:55:38,536 [739b2b9a-4a10-4b30-8d82-41f2f3567ae9@group-6A927A491976-LeaderElection16] INFO  server.RaftServerConfigKeys (ConfUtils.java:logGet(46)) - raft.server.write.element-limit = 1024 (custom)
2023-12-10 08:55:38,536 [739b2b9a-4a10-4b30-8d82-41f2f3567ae9@group-6A927A491976-LeaderElection16] INFO  server.RaftServerConfigKeys (ConfUtils.java:logGet(46)) - raft.server.write.byte-limit = 1024 M (=1073741824) (custom)
2023-12-10 08:55:38,537 [739b2b9a-4a10-4b30-8d82-41f2f3567ae9@group-6A927A491976-LeaderElection16] INFO  server.RaftServerConfigKeys (ConfUtils.java:logGet(46)) - raft.server.watch.timeout = 180s (custom)
2023-12-10 08:55:38,537 [739b2b9a-4a10-4b30-8d82-41f2f3567ae9@group-6A927A491976-LeaderElection16] INFO  server.RaftServerConfigKeys (ConfUtils.java:logGet(46)) - raft.server.watch.timeout.denomination = 1s (default)
2023-12-10 08:55:38,537 [739b2b9a-4a10-4b30-8d82-41f2f3567ae9@group-6A927A491976-LeaderElection16] INFO  server.RaftServerConfigKeys (ConfUtils.java:logGet(46)) - raft.server.watch.element-limit = 65536 (default)
2023-12-10 08:55:38,537 [739b2b9a-4a10-4b30-8d82-41f2f3567ae9@group-6A927A491976-LeaderElection16] INFO  server.RaftServerConfigKeys (ConfUtils.java:logGet(46)) - raft.server.read.leader.lease.enabled = false (default)
2023-12-10 08:55:38,537 [739b2b9a-4a10-4b30-8d82-41f2f3567ae9@group-6A927A491976-LeaderElection16] INFO  server.RaftServerConfigKeys (ConfUtils.java:logGet(46)) - raft.server.read.leader.lease.timeout.ratio = 0.9 (default)
2023-12-10 08:55:38,537 [739b2b9a-4a10-4b30-8d82-41f2f3567ae9@group-6A927A491976-LeaderElection16] INFO  server.RaftServerConfigKeys (ConfUtils.java:logGet(46)) - raft.server.rpc.timeout.min = 5s (custom)
2023-12-10 08:55:38,537 [739b2b9a-4a10-4b30-8d82-41f2f3567ae9@group-6A927A491976-LeaderElection16] INFO  server.RaftServerConfigKeys (ConfUtils.java:logGet(46)) - raft.server.write.element-limit = 1024 (custom)
2023-12-10 08:55:38,537 [739b2b9a-4a10-4b30-8d82-41f2f3567ae9@group-6A927A491976-LeaderElection16] INFO  server.RaftServerConfigKeys (ConfUtils.java:logGet(46)) - raft.server.write.follower.gap.ratio.max = -1.0 (default)
2023-12-10 08:55:38,538 [739b2b9a-4a10-4b30-8d82-41f2f3567ae9@group-6A927A491976-LeaderElection16] INFO  server.RaftServerConfigKeys (ConfUtils.java:logGet(46)) - raft.server.log.appender.snapshot.chunk.size.max = 16MB (=16777216) (default)
2023-12-10 08:55:38,538 [739b2b9a-4a10-4b30-8d82-41f2f3567ae9@group-6A927A491976-LeaderElection16] INFO  server.RaftServerConfigKeys (ConfUtils.java:logGet(46)) - raft.server.log.appender.buffer.byte-limit = 8388608 (custom)
2023-12-10 08:55:38,538 [739b2b9a-4a10-4b30-8d82-41f2f3567ae9@group-6A927A491976-LeaderElection16] INFO  server.RaftServerConfigKeys (ConfUtils.java:logGet(46)) - raft.server.log.appender.buffer.element-limit = 1 (custom)
2023-12-10 08:55:38,538 [739b2b9a-4a10-4b30-8d82-41f2f3567ae9@group-6A927A491976-LeaderElection16] INFO  server.RaftServerConfigKeys (ConfUtils.java:logGet(46)) - raft.server.log.appender.wait-time.min = 0μs (custom)
2023-12-10 08:55:38,538 [739b2b9a-4a10-4b30-8d82-41f2f3567ae9@group-6A927A491976-LeaderElection16] INFO  grpc.GrpcConfigKeys (ConfUtils.java:logGet(46)) - raft.grpc.server.leader.outstanding.appends.max = 8 (default)
2023-12-10 08:55:38,538 [739b2b9a-4a10-4b30-8d82-41f2f3567ae9@group-6A927A491976-LeaderElection16] INFO  server.RaftServerConfigKeys (ConfUtils.java:logGet(46)) - raft.server.rpc.request.timeout = 60s (custom)
2023-12-10 08:55:38,538 [739b2b9a-4a10-4b30-8d82-41f2f3567ae9@group-6A927A491976-LeaderElection16] INFO  grpc.GrpcConfigKeys (ConfUtils.java:logGet(46)) - raft.grpc.server.install_snapshot.request.element-limit = 8 (default)
2023-12-10 08:55:38,538 [739b2b9a-4a10-4b30-8d82-41f2f3567ae9@group-6A927A491976-LeaderElection16] INFO  grpc.GrpcConfigKeys (ConfUtils.java:logGet(46)) - raft.grpc.server.install_snapshot.request.timeout = 3000ms (default)
2023-12-10 08:55:38,538 [739b2b9a-4a10-4b30-8d82-41f2f3567ae9@group-6A927A491976-LeaderElection16] INFO  server.RaftServerConfigKeys (ConfUtils.java:logGet(46)) - raft.server.log.appender.install.snapshot.enabled = false (custom)
2023-12-10 08:55:38,539 [739b2b9a-4a10-4b30-8d82-41f2f3567ae9@group-6A927A491976-LeaderElection16] INFO  grpc.GrpcConfigKeys (ConfUtils.java:logGet(46)) - raft.grpc.server.heartbeat.channel = true (default)
2023-12-10 08:55:38,539 [739b2b9a-4a10-4b30-8d82-41f2f3567ae9@group-6A927A491976-LeaderElection16] INFO  server.RaftServerConfigKeys (ConfUtils.java:logGet(46)) - raft.server.log.appender.snapshot.chunk.size.max = 16MB (=16777216) (default)
2023-12-10 08:55:38,539 [739b2b9a-4a10-4b30-8d82-41f2f3567ae9@group-6A927A491976-LeaderElection16] INFO  server.RaftServerConfigKeys (ConfUtils.java:logGet(46)) - raft.server.log.appender.buffer.byte-limit = 8388608 (custom)
2023-12-10 08:55:38,539 [739b2b9a-4a10-4b30-8d82-41f2f3567ae9@group-6A927A491976-LeaderElection16] INFO  server.RaftServerConfigKeys (ConfUtils.java:logGet(46)) - raft.server.log.appender.buffer.element-limit = 1 (custom)
2023-12-10 08:55:38,540 [739b2b9a-4a10-4b30-8d82-41f2f3567ae9@group-6A927A491976-LeaderElection16] INFO  server.RaftServerConfigKeys (ConfUtils.java:logGet(46)) - raft.server.log.appender.wait-time.min = 0μs (custom)
2023-12-10 08:55:38,540 [739b2b9a-4a10-4b30-8d82-41f2f3567ae9@group-6A927A491976-LeaderElection16] INFO  grpc.GrpcConfigKeys (ConfUtils.java:logGet(46)) - raft.grpc.server.leader.outstanding.appends.max = 8 (default)
2023-12-10 08:55:38,540 [739b2b9a-4a10-4b30-8d82-41f2f3567ae9@group-6A927A491976-LeaderElection16] INFO  server.RaftServerConfigKeys (ConfUtils.java:logGet(46)) - raft.server.rpc.request.timeout = 60s (custom)
2023-12-10 08:55:38,540 [739b2b9a-4a10-4b30-8d82-41f2f3567ae9@group-6A927A491976-LeaderElection16] INFO  grpc.GrpcConfigKeys (ConfUtils.java:logGet(46)) - raft.grpc.server.install_snapshot.request.element-limit = 8 (default)
2023-12-10 08:55:38,540 [739b2b9a-4a10-4b30-8d82-41f2f3567ae9@group-6A927A491976-LeaderElection16] INFO  grpc.GrpcConfigKeys (ConfUtils.java:logGet(46)) - raft.grpc.server.install_snapshot.request.timeout = 3000ms (default)
2023-12-10 08:55:38,540 [739b2b9a-4a10-4b30-8d82-41f2f3567ae9@group-6A927A491976-LeaderElection16] INFO  server.RaftServerConfigKeys (ConfUtils.java:logGet(46)) - raft.server.log.appender.install.snapshot.enabled = false (custom)
2023-12-10 08:55:38,540 [739b2b9a-4a10-4b30-8d82-41f2f3567ae9@group-6A927A491976-LeaderElection16] INFO  grpc.GrpcConfigKeys (ConfUtils.java:logGet(46)) - raft.grpc.server.heartbeat.channel = true (default)
2023-12-10 08:55:38,540 [739b2b9a-4a10-4b30-8d82-41f2f3567ae9@group-6A927A491976-LeaderElection16] INFO  impl.RoleInfo (RoleInfo.java:updateAndGet(139)) - 739b2b9a-4a10-4b30-8d82-41f2f3567ae9: start 739b2b9a-4a10-4b30-8d82-41f2f3567ae9@group-6A927A491976-LeaderStateImpl
2023-12-10 08:55:38,540 [739b2b9a-4a10-4b30-8d82-41f2f3567ae9@group-6A927A491976-LeaderElection16] INFO  server.RaftServer$Division (RaftServerImpl.java:setFirstElection(564)) - 739b2b9a-4a10-4b30-8d82-41f2f3567ae9@group-6A927A491976: set firstElectionSinceStartup to false for becomeLeader
2023-12-10 08:55:38,540 [739b2b9a-4a10-4b30-8d82-41f2f3567ae9@group-6A927A491976-LeaderElection16] INFO  ratis.XceiverServerRatis (XceiverServerRatis.java:handleLeaderChangedNotification(935)) - Leader change notification received for group: group-6A927A491976 with new leaderId: 739b2b9a-4a10-4b30-8d82-41f2f3567ae9
2023-12-10 08:55:38,540 [739b2b9a-4a10-4b30-8d82-41f2f3567ae9@group-6A927A491976-LeaderElection16] INFO  server.RaftServer$Division (ServerState.java:setLeader(265)) - 739b2b9a-4a10-4b30-8d82-41f2f3567ae9@group-6A927A491976: change Leader from null to 739b2b9a-4a10-4b30-8d82-41f2f3567ae9 at term 1 for becomeLeader, leader elected after 5211ms
2023-12-10 08:55:38,541 [739b2b9a-4a10-4b30-8d82-41f2f3567ae9@group-6A927A491976-LeaderElection16] INFO  segmented.SegmentedRaftLogWorker (SegmentedRaftLogWorker.java:startLogSegment(428)) - 739b2b9a-4a10-4b30-8d82-41f2f3567ae9@group-6A927A491976-SegmentedRaftLogWorker: Starting segment from index:0
2023-12-10 08:55:38,542 [EventQueue-PipelineReportForPipelineReportHandler] INFO  pipeline.PipelineReportHandler (PipelineReportHandler.java:processPipelineReport(136)) - Opened pipeline PipelineID=c57ae688-d220-43e9-9321-6a927a491976
2023-12-10 08:55:38,544 [739b2b9a-4a10-4b30-8d82-41f2f3567ae9@group-6A927A491976-LeaderElection16] INFO  server.RaftServer$Division (ServerState.java:setRaftConf(382)) - 739b2b9a-4a10-4b30-8d82-41f2f3567ae9@group-6A927A491976: set configuration 0: peers:[739b2b9a-4a10-4b30-8d82-41f2f3567ae9|10.1.0.29:15104, 1325fac8-4950-4fd4-a580-526da936db2d|10.1.0.29:15113, 9d33b5cf-046b-45d3-8518-fd69107da003|10.1.0.29:15095]|listeners:[], old=null
2023-12-10 08:55:38,549 [739b2b9a-4a10-4b30-8d82-41f2f3567ae9@group-6A927A491976-SegmentedRaftLogWorker] INFO  segmented.SegmentedRaftLogWorker (SegmentedRaftLogWorker.java:execute(632)) - 739b2b9a-4a10-4b30-8d82-41f2f3567ae9@group-6A927A491976-SegmentedRaftLogWorker: created new log segment /home/runner/work/ozone/ozone/hadoop-ozone/integration-test/target/test-dir/MiniOzoneClusterImpl-7f66dfcd-4d84-4460-b9fe-211923c7b7bb/datanode-10/data/ratis/c57ae688-d220-43e9-9321-6a927a491976/current/log_inprogress_0
2023-12-10 08:55:38,555 [1325fac8-4950-4fd4-a580-526da936db2d-server-thread1] INFO  ratis.XceiverServerRatis (XceiverServerRatis.java:handleLeaderChangedNotification(935)) - Leader change notification received for group: group-6A927A491976 with new leaderId: 739b2b9a-4a10-4b30-8d82-41f2f3567ae9
2023-12-10 08:55:38,556 [1325fac8-4950-4fd4-a580-526da936db2d-server-thread1] INFO  server.RaftServer$Division (ServerState.java:setLeader(265)) - 1325fac8-4950-4fd4-a580-526da936db2d@group-6A927A491976: change Leader from null to 739b2b9a-4a10-4b30-8d82-41f2f3567ae9 at term 1 for appendEntries, leader elected after 5164ms
2023-12-10 08:55:38,558 [1325fac8-4950-4fd4-a580-526da936db2d-server-thread2] INFO  server.RaftServer$Division (ServerState.java:setRaftConf(382)) - 1325fac8-4950-4fd4-a580-526da936db2d@group-6A927A491976: set configuration 0: peers:[739b2b9a-4a10-4b30-8d82-41f2f3567ae9|10.1.0.29:15104, 1325fac8-4950-4fd4-a580-526da936db2d|10.1.0.29:15113, 9d33b5cf-046b-45d3-8518-fd69107da003|10.1.0.29:15095]|listeners:[], old=null
2023-12-10 08:55:38,559 [1325fac8-4950-4fd4-a580-526da936db2d-server-thread2] INFO  segmented.SegmentedRaftLogWorker (SegmentedRaftLogWorker.java:startLogSegment(428)) - 1325fac8-4950-4fd4-a580-526da936db2d@group-6A927A491976-SegmentedRaftLogWorker: Starting segment from index:0
2023-12-10 08:55:38,564 [9d33b5cf-046b-45d3-8518-fd69107da003-server-thread2] INFO  ratis.XceiverServerRatis (XceiverServerRatis.java:handleLeaderChangedNotification(935)) - Leader change notification received for group: group-6A927A491976 with new leaderId: 739b2b9a-4a10-4b30-8d82-41f2f3567ae9
2023-12-10 08:55:38,565 [9d33b5cf-046b-45d3-8518-fd69107da003-server-thread2] INFO  server.RaftServer$Division (ServerState.java:setLeader(265)) - 9d33b5cf-046b-45d3-8518-fd69107da003@group-6A927A491976: change Leader from null to 739b2b9a-4a10-4b30-8d82-41f2f3567ae9 at term 1 for appendEntries, leader elected after 5276ms
2023-12-10 08:55:38,565 [9d33b5cf-046b-45d3-8518-fd69107da003-server-thread2] INFO  server.RaftServer$Division (ServerState.java:setRaftConf(382)) - 9d33b5cf-046b-45d3-8518-fd69107da003@group-6A927A491976: set configuration 0: peers:[739b2b9a-4a10-4b30-8d82-41f2f3567ae9|10.1.0.29:15104, 1325fac8-4950-4fd4-a580-526da936db2d|10.1.0.29:15113, 9d33b5cf-046b-45d3-8518-fd69107da003|10.1.0.29:15095]|listeners:[], old=null
2023-12-10 08:55:38,565 [9d33b5cf-046b-45d3-8518-fd69107da003-server-thread2] INFO  segmented.SegmentedRaftLogWorker (SegmentedRaftLogWorker.java:startLogSegment(428)) - 9d33b5cf-046b-45d3-8518-fd69107da003@group-6A927A491976-SegmentedRaftLogWorker: Starting segment from index:0
2023-12-10 08:55:38,569 [1325fac8-4950-4fd4-a580-526da936db2d@group-6A927A491976-SegmentedRaftLogWorker] INFO  segmented.SegmentedRaftLogWorker (SegmentedRaftLogWorker.java:execute(632)) - 1325fac8-4950-4fd4-a580-526da936db2d@group-6A927A491976-SegmentedRaftLogWorker: created new log segment /home/runner/work/ozone/ozone/hadoop-ozone/integration-test/target/test-dir/MiniOzoneClusterImpl-7f66dfcd-4d84-4460-b9fe-211923c7b7bb/datanode-11/data/ratis/c57ae688-d220-43e9-9321-6a927a491976/current/log_inprogress_0
2023-12-10 08:55:38,572 [739b2b9a-4a10-4b30-8d82-41f2f3567ae9@group-6A927A491976-StateMachineUpdater] INFO  server.RaftServer$Division (LeaderStateImpl.java:isApplied(316)) - leader is ready since appliedIndex == 0 >= startIndex == 0
2023-12-10 08:55:38,576 [9d33b5cf-046b-45d3-8518-fd69107da003@group-6A927A491976-SegmentedRaftLogWorker] INFO  segmented.SegmentedRaftLogWorker (SegmentedRaftLogWorker.java:execute(632)) - 9d33b5cf-046b-45d3-8518-fd69107da003@group-6A927A491976-SegmentedRaftLogWorker: created new log segment /home/runner/work/ozone/ozone/hadoop-ozone/integration-test/target/test-dir/MiniOzoneClusterImpl-7f66dfcd-4d84-4460-b9fe-211923c7b7bb/datanode-9/data/ratis/c57ae688-d220-43e9-9321-6a927a491976/current/log_inprogress_0
2023-12-10 08:55:38,604 [main] INFO  rpc.RpcClient (RpcClient.java:createVolume(464)) - Creating Volume: 067fc7c2-ba63-4452-83fe-682d80d71415, with runner as owner and space quota set to -1 bytes, counts quota set to -1
2023-12-10 08:55:38,664 [om1-OMStateMachineApplyTransactionThread - 0] INFO  volume.OMVolumeCreateRequest (OMVolumeCreateRequest.java:validateAndUpdateCache(204)) - created volume:067fc7c2-ba63-4452-83fe-682d80d71415 for user:runner
2023-12-10 08:55:38,671 [om1-OMDoubleBufferFlushThread] INFO  helpers.OmKeyInfo (OmKeyInfo.java:getCodec(71)) - OmKeyInfo.getCodec ignorePipeline = true
2023-12-10 08:55:38,671 [om1-OMDoubleBufferFlushThread] INFO  helpers.OmKeyInfo (OmKeyInfo.java:getCodec(71)) - OmKeyInfo.getCodec ignorePipeline = true
2023-12-10 08:55:38,671 [om1-OMDoubleBufferFlushThread] INFO  helpers.OmKeyInfo (OmKeyInfo.java:getCodec(71)) - OmKeyInfo.getCodec ignorePipeline = true
2023-12-10 08:55:38,671 [om1-OMDoubleBufferFlushThread] INFO  helpers.OmKeyInfo (OmKeyInfo.java:getCodec(71)) - OmKeyInfo.getCodec ignorePipeline = true
2023-12-10 08:55:38,671 [om1-OMDoubleBufferFlushThread] INFO  helpers.OmKeyInfo (OmKeyInfo.java:getCodec(71)) - OmKeyInfo.getCodec ignorePipeline = true
2023-12-10 08:55:38,678 [main] INFO  rpc.RpcClient (RpcClient.java:createBucket(691)) - Creating Bucket: 067fc7c2-ba63-4452-83fe-682d80d71415/3b9a2af7-0718-47f9-90a4-442fe1ea64ea, with bucket layout OBJECT_STORE, runner as owner, Versioning true, Storage Type set to DISK and Encryption set to false, Replication Type set to server-side default replication type, Namespace Quota set to -1, Space Quota set to -1 
2023-12-10 08:55:38,691 [om1-OMStateMachineApplyTransactionThread - 0] INFO  bucket.OMBucketCreateRequest (OMBucketCreateRequest.java:validateAndUpdateCache(299)) - created bucket: 3b9a2af7-0718-47f9-90a4-442fe1ea64ea of layout OBJECT_STORE in volume: 067fc7c2-ba63-4452-83fe-682d80d71415
2023-12-10 08:55:38,739 [IPC Server handler 19 on default port 15001] INFO  pipeline.RatisPipelineProvider (RatisPipelineProvider.java:lambda$create$0(206)) - Sending CreatePipelineCommand for pipeline:PipelineID=0e31ffd7-807d-4cd9-9b21-880eb54c8ef0 to datanode:383c3691-e37d-4704-9b62-3f343d93bad0
2023-12-10 08:55:40,211 [383c3691-e37d-4704-9b62-3f343d93bad0-PipelineCommandHandlerThread-0] INFO  server.RaftServer (RaftServerProxy.java:addNew(100)) - 383c3691-e37d-4704-9b62-3f343d93bad0: addNew group-880EB54C8EF0:[383c3691-e37d-4704-9b62-3f343d93bad0|10.1.0.29:15068] returns group-880EB54C8EF0:java.util.concurrent.CompletableFuture@9dd3057[Not completed]
2023-12-10 08:55:40,212 [383c3691-e37d-4704-9b62-3f343d93bad0-groupManagement] INFO  server.RaftServer$Division (RaftServerImpl.java:<init>(256)) - 383c3691-e37d-4704-9b62-3f343d93bad0: new RaftServerImpl for group-880EB54C8EF0:[383c3691-e37d-4704-9b62-3f343d93bad0|10.1.0.29:15068] with ContainerStateMachine:uninitialized
2023-12-10 08:55:40,212 [383c3691-e37d-4704-9b62-3f343d93bad0-groupManagement] INFO  server.RaftServerConfigKeys (ConfUtils.java:logGet(46)) - raft.server.rpc.timeout.min = 5s (custom)
2023-12-10 08:55:40,212 [383c3691-e37d-4704-9b62-3f343d93bad0-groupManagement] INFO  server.RaftServerConfigKeys (ConfUtils.java:logGet(46)) - raft.server.rpc.timeout.max = 5200ms (custom)
2023-12-10 08:55:40,212 [383c3691-e37d-4704-9b62-3f343d93bad0-groupManagement] INFO  server.RaftServerConfigKeys (ConfUtils.java:logGet(46)) - raft.server.rpc.sleep.time = 25ms (default)
2023-12-10 08:55:40,212 [383c3691-e37d-4704-9b62-3f343d93bad0-groupManagement] INFO  server.RaftServerConfigKeys (ConfUtils.java:logGet(46)) - raft.server.rpc.slowness.timeout = 300s (custom)
2023-12-10 08:55:40,212 [383c3691-e37d-4704-9b62-3f343d93bad0-groupManagement] INFO  server.RaftServerConfigKeys (ConfUtils.java:logGet(46)) - raft.server.leaderelection.leader.step-down.wait-time = 10s (default)
2023-12-10 08:55:40,212 [383c3691-e37d-4704-9b62-3f343d93bad0-groupManagement] INFO  server.RaftServerConfigKeys (ConfUtils.java:logGet(46)) - raft.server.leaderelection.member.majority-add = false (default)
2023-12-10 08:55:40,212 [383c3691-e37d-4704-9b62-3f343d93bad0-groupManagement] INFO  server.RaftServerConfigKeys (ConfUtils.java:logGet(46)) - raft.server.sleep.deviation.threshold = 300ms (default)
2023-12-10 08:55:40,212 [383c3691-e37d-4704-9b62-3f343d93bad0-groupManagement] INFO  server.RaftServer$Division (ServerState.java:<init>(113)) - 383c3691-e37d-4704-9b62-3f343d93bad0@group-880EB54C8EF0: ConfigurationManager, init=-1: peers:[383c3691-e37d-4704-9b62-3f343d93bad0|10.1.0.29:15068]|listeners:[], old=null, confs=<EMPTY_MAP>
2023-12-10 08:55:40,212 [383c3691-e37d-4704-9b62-3f343d93bad0-groupManagement] INFO  server.RaftServerConfigKeys (ConfUtils.java:logGet(46)) - raft.server.notification.no-leader.timeout = 300s (custom)
2023-12-10 08:55:40,212 [383c3691-e37d-4704-9b62-3f343d93bad0-groupManagement] INFO  server.RaftServerConfigKeys (ConfUtils.java:logGet(46)) - raft.server.read.timeout = 10s (default)
2023-12-10 08:55:40,212 [383c3691-e37d-4704-9b62-3f343d93bad0-groupManagement] INFO  server.RaftServerConfigKeys (ConfUtils.java:logGet(46)) - raft.server.retrycache.expirytime = 600000ms (custom)
2023-12-10 08:55:40,212 [383c3691-e37d-4704-9b62-3f343d93bad0-groupManagement] INFO  server.RaftServerConfigKeys (ConfUtils.java:logGet(46)) - raft.server.retrycache.statistics.expirytime = 100ms (default)
2023-12-10 08:55:40,212 [383c3691-e37d-4704-9b62-3f343d93bad0-groupManagement] INFO  server.RaftServerConfigKeys (ConfUtils.java:logGet(46)) - raft.server.read.option = DEFAULT (default)
2023-12-10 08:55:40,213 [383c3691-e37d-4704-9b62-3f343d93bad0-groupManagement] INFO  server.RaftServerConfigKeys (ConfUtils.java:logGet(46)) - raft.server.read.read-after-write-consistent.write-index-cache.expiry-time = 60s (default)
2023-12-10 08:55:40,216 [383c3691-e37d-4704-9b62-3f343d93bad0-groupManagement] INFO  server.RaftServerConfigKeys (ConfUtils.java:logGet(46)) - raft.server.rpc.request.timeout = 60s (custom)
2023-12-10 08:55:40,216 [383c3691-e37d-4704-9b62-3f343d93bad0-groupManagement] INFO  server.RaftServerConfigKeys (ConfUtils.java:logGet(46)) - raft.server.log.appender.install.snapshot.enabled = false (custom)
2023-12-10 08:55:40,216 [383c3691-e37d-4704-9b62-3f343d93bad0-groupManagement] INFO  server.RaftServerConfigKeys (ConfUtils.java:logGet(46)) - raft.server.threadpool.server.cached = true (default)
2023-12-10 08:55:40,216 [383c3691-e37d-4704-9b62-3f343d93bad0-groupManagement] INFO  server.RaftServerConfigKeys (ConfUtils.java:logGet(46)) - raft.server.threadpool.server.size = 0 (default)
2023-12-10 08:55:40,217 [383c3691-e37d-4704-9b62-3f343d93bad0-groupManagement] INFO  server.RaftServerConfigKeys (ConfUtils.java:logGet(46)) - raft.server.threadpool.client.cached = true (default)
2023-12-10 08:55:40,217 [383c3691-e37d-4704-9b62-3f343d93bad0-groupManagement] INFO  server.RaftServerConfigKeys (ConfUtils.java:logGet(46)) - raft.server.threadpool.client.size = 0 (default)
2023-12-10 08:55:40,217 [383c3691-e37d-4704-9b62-3f343d93bad0-groupManagement] INFO  server.RaftServerConfigKeys (ConfUtils.java:logGet(46)) - raft.server.storage.free-space.min = 0MB (=0) (default)
2023-12-10 08:55:40,217 [383c3691-e37d-4704-9b62-3f343d93bad0-groupManagement] INFO  server.RaftServerConfigKeys (ConfUtils.java:logGet(46)) - raft.server.log.corruption.policy = EXCEPTION (default)
2023-12-10 08:55:40,217 [383c3691-e37d-4704-9b62-3f343d93bad0-groupManagement] INFO  server.RaftServerConfigKeys (ConfUtils.java:logGet(46)) - raft.server.storage.dir = [/home/runner/work/ozone/ozone/hadoop-ozone/integration-test/target/test-dir/MiniOzoneClusterImpl-7f66dfcd-4d84-4460-b9fe-211923c7b7bb/datanode-6/data/ratis] (custom)
2023-12-10 08:55:40,217 [383c3691-e37d-4704-9b62-3f343d93bad0-groupManagement] INFO  storage.RaftStorageDirectory (RaftStorageDirectoryImpl.java:analyzeStorage(138)) - The storage directory /home/runner/work/ozone/ozone/hadoop-ozone/integration-test/target/test-dir/MiniOzoneClusterImpl-7f66dfcd-4d84-4460-b9fe-211923c7b7bb/datanode-6/data/ratis/0e31ffd7-807d-4cd9-9b21-880eb54c8ef0 does not exist. Creating ...
2023-12-10 08:55:40,219 [383c3691-e37d-4704-9b62-3f343d93bad0-groupManagement] INFO  storage.RaftStorageDirectory (RaftStorageDirectoryImpl.java:tryLock(232)) - Lock on /home/runner/work/ozone/ozone/hadoop-ozone/integration-test/target/test-dir/MiniOzoneClusterImpl-7f66dfcd-4d84-4460-b9fe-211923c7b7bb/datanode-6/data/ratis/0e31ffd7-807d-4cd9-9b21-880eb54c8ef0/in_use.lock acquired by nodename 49456@fv-az1041-125
2023-12-10 08:55:40,220 [383c3691-e37d-4704-9b62-3f343d93bad0-groupManagement] INFO  storage.RaftStorage (RaftStorageImpl.java:format(97)) - Storage directory /home/runner/work/ozone/ozone/hadoop-ozone/integration-test/target/test-dir/MiniOzoneClusterImpl-7f66dfcd-4d84-4460-b9fe-211923c7b7bb/datanode-6/data/ratis/0e31ffd7-807d-4cd9-9b21-880eb54c8ef0 has been successfully formatted.
2023-12-10 08:55:40,220 [383c3691-e37d-4704-9b62-3f343d93bad0-groupManagement] INFO  ratis.ContainerStateMachine (ContainerStateMachine.java:loadSnapshot(269)) - group-880EB54C8EF0: The snapshot info is null. Setting the last applied indexto:(t:0, i:~)
2023-12-10 08:55:40,220 [383c3691-e37d-4704-9b62-3f343d93bad0-groupManagement] INFO  server.RaftServerConfigKeys (ConfUtils.java:logGet(46)) - raft.server.log.use.memory = false (default)
2023-12-10 08:55:40,221 [383c3691-e37d-4704-9b62-3f343d93bad0-groupManagement] INFO  server.RaftServerConfigKeys (ConfUtils.java:logGet(46)) - raft.server.log.purge.gap = 1000000 (custom)
2023-12-10 08:55:40,221 [383c3691-e37d-4704-9b62-3f343d93bad0-groupManagement] INFO  server.RaftServerConfigKeys (ConfUtils.java:logGet(46)) - raft.server.log.appender.buffer.byte-limit = 8388608 (custom)
2023-12-10 08:55:40,221 [383c3691-e37d-4704-9b62-3f343d93bad0-groupManagement] INFO  server.RaftServerConfigKeys (ConfUtils.java:logGet(46)) - raft.server.log.statemachine.data.read.timeout = 1000ms (default)
2023-12-10 08:55:40,221 [383c3691-e37d-4704-9b62-3f343d93bad0-groupManagement] INFO  server.RaftServerConfigKeys (ConfUtils.java:logGet(46)) - raft.server.log.purge.preservation.log.num = 0 (default)
2023-12-10 08:55:40,222 [EventQueue-PipelineReportForPipelineReportHandler] INFO  pipeline.PipelineReportHandler (PipelineReportHandler.java:processPipelineReport(136)) - Opened pipeline PipelineID=0e31ffd7-807d-4cd9-9b21-880eb54c8ef0
2023-12-10 08:55:40,223 [383c3691-e37d-4704-9b62-3f343d93bad0-groupManagement] INFO  server.RaftServerConfigKeys (ConfUtils.java:logGet(46)) - raft.server.log.segment.size.max = 67108864 (custom)
2023-12-10 08:55:40,223 [383c3691-e37d-4704-9b62-3f343d93bad0-groupManagement] INFO  server.RaftServerConfigKeys (ConfUtils.java:logGet(46)) - raft.server.log.segment.cache.num.max = 2 (custom)
2023-12-10 08:55:40,223 [383c3691-e37d-4704-9b62-3f343d93bad0-groupManagement] INFO  server.RaftServerConfigKeys (ConfUtils.java:logGet(46)) - raft.server.log.segment.cache.size.max = 200MB (=209715200) (default)
2023-12-10 08:55:40,224 [383c3691-e37d-4704-9b62-3f343d93bad0-groupManagement] INFO  server.RaftServerConfigKeys (ConfUtils.java:logGet(46)) - raft.server.log.appender.buffer.byte-limit = 8388608 (custom)
2023-12-10 08:55:40,224 [383c3691-e37d-4704-9b62-3f343d93bad0-groupManagement] INFO  util.AwaitToRun (AwaitToRun.java:start(81)) - Thread[383c3691-e37d-4704-9b62-3f343d93bad0@group-880EB54C8EF0-cacheEviction-AwaitToRun,5,main] started
2023-12-10 08:55:40,224 [383c3691-e37d-4704-9b62-3f343d93bad0-groupManagement] INFO  segmented.SegmentedRaftLogWorker (SegmentedRaftLogWorker.java:<init>(184)) - new 383c3691-e37d-4704-9b62-3f343d93bad0@group-880EB54C8EF0-SegmentedRaftLogWorker for RaftStorageImpl:Storage Directory /home/runner/work/ozone/ozone/hadoop-ozone/integration-test/target/test-dir/MiniOzoneClusterImpl-7f66dfcd-4d84-4460-b9fe-211923c7b7bb/datanode-6/data/ratis/0e31ffd7-807d-4cd9-9b21-880eb54c8ef0
2023-12-10 08:55:40,224 [383c3691-e37d-4704-9b62-3f343d93bad0-groupManagement] INFO  server.RaftServerConfigKeys (ConfUtils.java:logGet(46)) - raft.server.log.queue.byte-limit = 4294967296 (custom)
2023-12-10 08:55:40,224 [383c3691-e37d-4704-9b62-3f343d93bad0-groupManagement] INFO  server.RaftServerConfigKeys (ConfUtils.java:logGet(46)) - raft.server.log.queue.element-limit = 1024 (custom)
2023-12-10 08:55:40,224 [383c3691-e37d-4704-9b62-3f343d93bad0-groupManagement] INFO  server.RaftServerConfigKeys (ConfUtils.java:logGet(46)) - raft.server.log.segment.size.max = 67108864 (custom)
2023-12-10 08:55:40,224 [383c3691-e37d-4704-9b62-3f343d93bad0-groupManagement] INFO  server.RaftServerConfigKeys (ConfUtils.java:logGet(46)) - raft.server.log.preallocated.size = 4194304 (custom)
2023-12-10 08:55:40,224 [383c3691-e37d-4704-9b62-3f343d93bad0-groupManagement] INFO  server.RaftServerConfigKeys (ConfUtils.java:logGet(46)) - raft.server.log.force.sync.num = 128 (default)
2023-12-10 08:55:40,224 [383c3691-e37d-4704-9b62-3f343d93bad0-groupManagement] INFO  server.RaftServerConfigKeys (ConfUtils.java:logGet(46)) - raft.server.log.statemachine.data.sync = true (default)
2023-12-10 08:55:40,224 [383c3691-e37d-4704-9b62-3f343d93bad0-groupManagement] INFO  server.RaftServerConfigKeys (ConfUtils.java:logGet(46)) - raft.server.log.statemachine.data.sync.timeout = 10s (default)
2023-12-10 08:55:40,224 [383c3691-e37d-4704-9b62-3f343d93bad0-groupManagement] INFO  server.RaftServerConfigKeys (ConfUtils.java:logGet(46)) - raft.server.log.statemachine.data.sync.timeout.retry = 0 (custom)
2023-12-10 08:55:40,225 [383c3691-e37d-4704-9b62-3f343d93bad0-groupManagement] INFO  server.RaftServerConfigKeys (ConfUtils.java:logGet(46)) - raft.server.log.write.buffer.size = 8388616 (custom)
2023-12-10 08:55:40,227 [383c3691-e37d-4704-9b62-3f343d93bad0-groupManagement] INFO  server.RaftServerConfigKeys (ConfUtils.java:logGet(46)) - raft.server.log.appender.buffer.byte-limit = 8388608 (custom)
2023-12-10 08:55:40,228 [383c3691-e37d-4704-9b62-3f343d93bad0-groupManagement] INFO  server.RaftServerConfigKeys (ConfUtils.java:logGet(46)) - raft.server.log.unsafe-flush.enabled = false (default)
2023-12-10 08:55:40,228 [383c3691-e37d-4704-9b62-3f343d93bad0-groupManagement] INFO  server.RaftServerConfigKeys (ConfUtils.java:logGet(46)) - raft.server.log.async-flush.enabled = false (default)
2023-12-10 08:55:40,228 [383c3691-e37d-4704-9b62-3f343d93bad0-groupManagement] INFO  server.RaftServerConfigKeys (ConfUtils.java:logGet(46)) - raft.server.log.statemachine.data.caching.enabled = true (custom)
2023-12-10 08:55:40,228 [383c3691-e37d-4704-9b62-3f343d93bad0-groupManagement] INFO  segmented.SegmentedRaftLogWorker (SegmentedRaftLogWorker.java:lambda$new$0(135)) - 383c3691-e37d-4704-9b62-3f343d93bad0@group-880EB54C8EF0-SegmentedRaftLogWorker: flushIndex: setUnconditionally 0 -> -1
2023-12-10 08:55:40,228 [383c3691-e37d-4704-9b62-3f343d93bad0-groupManagement] INFO  segmented.SegmentedRaftLogWorker (SegmentedRaftLogWorker.java:lambda$new$0(135)) - 383c3691-e37d-4704-9b62-3f343d93bad0@group-880EB54C8EF0-SegmentedRaftLogWorker: safeCacheEvictIndex: setUnconditionally 0 -> -1
2023-12-10 08:55:40,230 [383c3691-e37d-4704-9b62-3f343d93bad0-groupManagement] INFO  server.RaftServer$Division (RaftServerImpl.java:start(392)) - 383c3691-e37d-4704-9b62-3f343d93bad0@group-880EB54C8EF0: start as a follower, conf=-1: peers:[383c3691-e37d-4704-9b62-3f343d93bad0|10.1.0.29:15068]|listeners:[], old=null
2023-12-10 08:55:40,234 [383c3691-e37d-4704-9b62-3f343d93bad0-groupManagement] INFO  server.RaftServer$Division (RaftServerImpl.java:setRole(379)) - 383c3691-e37d-4704-9b62-3f343d93bad0@group-880EB54C8EF0: changes role from      null to FOLLOWER at term 0 for startAsFollower
2023-12-10 08:55:40,235 [383c3691-e37d-4704-9b62-3f343d93bad0-groupManagement] INFO  impl.RoleInfo (RoleInfo.java:updateAndGet(139)) - 383c3691-e37d-4704-9b62-3f343d93bad0: start 383c3691-e37d-4704-9b62-3f343d93bad0@group-880EB54C8EF0-FollowerState
2023-12-10 08:55:40,235 [383c3691-e37d-4704-9b62-3f343d93bad0@group-880EB54C8EF0-FollowerState] INFO  server.RaftServerConfigKeys (ConfUtils.java:logFallback(53)) - raft.server.rpc.first-election.timeout.min = 5s (fallback to raft.server.rpc.timeout.min)
2023-12-10 08:55:40,235 [383c3691-e37d-4704-9b62-3f343d93bad0@group-880EB54C8EF0-FollowerState] INFO  server.RaftServerConfigKeys (ConfUtils.java:logFallback(53)) - raft.server.rpc.first-election.timeout.max = 5200ms (fallback to raft.server.rpc.timeout.max)
2023-12-10 08:55:40,235 [383c3691-e37d-4704-9b62-3f343d93bad0-groupManagement] INFO  util.JmxRegister (JmxRegister.java:tryRegister(44)) - Successfully registered JMX Bean with object name Ratis:service=RaftServer,group=group-880EB54C8EF0,id=383c3691-e37d-4704-9b62-3f343d93bad0
2023-12-10 08:55:40,236 [383c3691-e37d-4704-9b62-3f343d93bad0-groupManagement] INFO  server.RaftServerConfigKeys (ConfUtils.java:logGet(46)) - raft.server.snapshot.trigger-when-stop.enabled = true (default)
2023-12-10 08:55:40,236 [383c3691-e37d-4704-9b62-3f343d93bad0-groupManagement] INFO  server.RaftServerConfigKeys (ConfUtils.java:logGet(46)) - raft.server.snapshot.auto.trigger.enabled = true (custom)
2023-12-10 08:55:40,236 [383c3691-e37d-4704-9b62-3f343d93bad0-groupManagement] INFO  server.RaftServerConfigKeys (ConfUtils.java:logGet(46)) - raft.server.snapshot.auto.trigger.threshold = 10000 (custom)
2023-12-10 08:55:40,236 [383c3691-e37d-4704-9b62-3f343d93bad0-groupManagement] INFO  server.RaftServerConfigKeys (ConfUtils.java:logGet(46)) - raft.server.snapshot.retention.file.num = 5 (custom)
2023-12-10 08:55:40,236 [383c3691-e37d-4704-9b62-3f343d93bad0-groupManagement] INFO  server.RaftServerConfigKeys (ConfUtils.java:logGet(46)) - raft.server.log.purge.upto.snapshot.index = false (default)
2023-12-10 08:55:40,237 [383c3691-e37d-4704-9b62-3f343d93bad0-PipelineCommandHandlerThread-0] INFO  ratis.XceiverServerRatis (XceiverServerRatis.java:addGroup(837)) - Created group PipelineID=0e31ffd7-807d-4cd9-9b21-880eb54c8ef0
2023-12-10 08:55:40,237 [383c3691-e37d-4704-9b62-3f343d93bad0-PipelineCommandHandlerThread-0] INFO  commandhandler.CreatePipelineCommandHandler (CreatePipelineCommandHandler.java:lambda$handle$2(124)) - Created Pipeline RATIS ONE PipelineID=0e31ffd7-807d-4cd9-9b21-880eb54c8ef0.
2023-12-10 08:55:40,245 [IPC Server handler 19 on default port 15001] INFO  ha.SequenceIdGenerator (SequenceIdGenerator.java:getNextId(145)) - Allocate a batch for containerId, change lastId from 0 to 1000.
2023-12-10 08:55:40,251 [IPC Server handler 19 on default port 15001] WARN  ha.SequenceIdGenerator (SequenceIdGenerator.java:allocateBatch(258)) - Failed to allocate a batch for localId, expected lastId is 0, actual lastId is 111677748019200000.
2023-12-10 08:55:40,252 [IPC Server handler 19 on default port 15001] INFO  ha.SequenceIdGenerator (SequenceIdGenerator.java:getNextId(145)) - Allocate a batch for localId, change lastId from 111677748019200000 to 111677748019201000.
2023-12-10 08:55:40,253 [IPC Server handler 19 on default port 15001] WARN  node.SCMNodeManager (SCMNodeManager.java:getNodesByAddress(1374)) - address is null
2023-12-10 08:55:40,310 [main] INFO  impl.MetricsSystemImpl (MetricsSystemImpl.java:init(158)) - XceiverClientMetrics metrics system started (again)
2023-12-10 08:55:40,310 [main] INFO  lib.Interns (Interns.java:removeEldestEntry(50)) - Metrics intern cache overflow at 2011 for MetricsSystem={MetricsSystem=MetricsInfoImpl{name=MetricsSystem, description=MetricsSystem}, MetricsSystem record=MetricsInfoImpl{name=MetricsSystem, description=MetricsSystem record}}
2023-12-10 08:55:40,394 [grpc-default-executor-11] ERROR impl.OrderedAsync (OrderedAsync.java:lambda$sendRequest$9(247)) - client-A03FA7D90D06: Failed* RaftClientRequest:client-A03FA7D90D06->383c3691-e37d-4704-9b62-3f343d93bad0@group-880EB54C8EF0, cid=37, seq=1*, Watch(0), null
java.util.concurrent.CompletionException: org.apache.ratis.protocol.exceptions.NotLeaderException: Server 383c3691-e37d-4704-9b62-3f343d93bad0@group-880EB54C8EF0 is not the leader
	at java.util.concurrent.CompletableFuture.encodeThrowable(CompletableFuture.java:292)
	at java.util.concurrent.CompletableFuture.completeThrowable(CompletableFuture.java:308)
	at java.util.concurrent.CompletableFuture.uniApply(CompletableFuture.java:607)
	at java.util.concurrent.CompletableFuture$UniApply.tryFire(CompletableFuture.java:591)
	at java.util.concurrent.CompletableFuture.postComplete(CompletableFuture.java:488)
	at java.util.concurrent.CompletableFuture.completeExceptionally(CompletableFuture.java:1990)
	at org.apache.ratis.grpc.client.GrpcClientProtocolClient$AsyncStreamObservers.completeReplyExceptionally(GrpcClientProtocolClient.java:394)
	at org.apache.ratis.grpc.client.GrpcClientProtocolClient$AsyncStreamObservers.access$000(GrpcClientProtocolClient.java:300)
	at org.apache.ratis.grpc.client.GrpcClientProtocolClient$AsyncStreamObservers$1.onNext(GrpcClientProtocolClient.java:314)
	at org.apache.ratis.grpc.client.GrpcClientProtocolClient$AsyncStreamObservers$1.onNext(GrpcClientProtocolClient.java:305)
	at org.apache.ratis.thirdparty.io.grpc.stub.ClientCalls$StreamObserverToCallListenerAdapter.onMessage(ClientCalls.java:468)
	at org.apache.ratis.thirdparty.io.grpc.ForwardingClientCallListener.onMessage(ForwardingClientCallListener.java:33)
	at org.apache.ratis.thirdparty.io.grpc.internal.ClientCallImpl$ClientStreamListenerImpl$1MessagesAvailable.runInternal(ClientCallImpl.java:660)
	at org.apache.ratis.thirdparty.io.grpc.internal.ClientCallImpl$ClientStreamListenerImpl$1MessagesAvailable.runInContext(ClientCallImpl.java:647)
	at org.apache.ratis.thirdparty.io.grpc.internal.ContextRunnable.run(ContextRunnable.java:37)
	at org.apache.ratis.thirdparty.io.grpc.internal.SerializingExecutor.run(SerializingExecutor.java:133)
	at java.util.concurrent.ThreadPoolExecutor.runWorker(ThreadPoolExecutor.java:1149)
	at java.util.concurrent.ThreadPoolExecutor$Worker.run(ThreadPoolExecutor.java:624)
	at java.lang.Thread.run(Thread.java:750)
Caused by: org.apache.ratis.protocol.exceptions.NotLeaderException: Server 383c3691-e37d-4704-9b62-3f343d93bad0@group-880EB54C8EF0 is not the leader
	at org.apache.ratis.client.impl.ClientProtoUtils.toRaftClientReply(ClientProtoUtils.java:397)
	at org.apache.ratis.grpc.client.GrpcClientProtocolClient$AsyncStreamObservers$1.onNext(GrpcClientProtocolClient.java:310)
	... 10 more
2023-12-10 08:55:45,351 [383c3691-e37d-4704-9b62-3f343d93bad0@group-880EB54C8EF0-FollowerState] INFO  impl.FollowerState (FollowerState.java:run(143)) - 383c3691-e37d-4704-9b62-3f343d93bad0@group-880EB54C8EF0-FollowerState: change to CANDIDATE, lastRpcElapsedTime:5116643803ns, electionTimeout:5116ms
2023-12-10 08:55:45,351 [383c3691-e37d-4704-9b62-3f343d93bad0@group-880EB54C8EF0-FollowerState] INFO  impl.RoleInfo (RoleInfo.java:shutdownFollowerState(110)) - 383c3691-e37d-4704-9b62-3f343d93bad0: shutdown 383c3691-e37d-4704-9b62-3f343d93bad0@group-880EB54C8EF0-FollowerState
2023-12-10 08:55:45,351 [383c3691-e37d-4704-9b62-3f343d93bad0@group-880EB54C8EF0-FollowerState] INFO  server.RaftServer$Division (RaftServerImpl.java:setRole(379)) - 383c3691-e37d-4704-9b62-3f343d93bad0@group-880EB54C8EF0: changes role from  FOLLOWER to CANDIDATE at term 0 for changeToCandidate
2023-12-10 08:55:45,352 [383c3691-e37d-4704-9b62-3f343d93bad0@group-880EB54C8EF0-FollowerState] INFO  server.RaftServerConfigKeys (ConfUtils.java:logGet(46)) - raft.server.leaderelection.pre-vote = true (default)
2023-12-10 08:55:45,352 [383c3691-e37d-4704-9b62-3f343d93bad0@group-880EB54C8EF0-FollowerState] INFO  impl.RoleInfo (RoleInfo.java:updateAndGet(139)) - 383c3691-e37d-4704-9b62-3f343d93bad0: start 383c3691-e37d-4704-9b62-3f343d93bad0@group-880EB54C8EF0-LeaderElection17
2023-12-10 08:55:45,354 [383c3691-e37d-4704-9b62-3f343d93bad0@group-880EB54C8EF0-LeaderElection17] INFO  impl.LeaderElection (LeaderElection.java:askForVotes(323)) - 383c3691-e37d-4704-9b62-3f343d93bad0@group-880EB54C8EF0-LeaderElection17 PRE_VOTE round 0: submit vote requests at term 0 for -1: peers:[383c3691-e37d-4704-9b62-3f343d93bad0|10.1.0.29:15068]|listeners:[], old=null
2023-12-10 08:55:45,354 [383c3691-e37d-4704-9b62-3f343d93bad0@group-880EB54C8EF0-LeaderElection17] INFO  impl.LeaderElection (LeaderElection.java:askForVotes(325)) - 383c3691-e37d-4704-9b62-3f343d93bad0@group-880EB54C8EF0-LeaderElection17 PRE_VOTE round 0: result PASSED (term=0)
2023-12-10 08:55:45,355 [383c3691-e37d-4704-9b62-3f343d93bad0@group-880EB54C8EF0-LeaderElection17] INFO  impl.LeaderElection (LeaderElection.java:askForVotes(323)) - 383c3691-e37d-4704-9b62-3f343d93bad0@group-880EB54C8EF0-LeaderElection17 ELECTION round 0: submit vote requests at term 1 for -1: peers:[383c3691-e37d-4704-9b62-3f343d93bad0|10.1.0.29:15068]|listeners:[], old=null
2023-12-10 08:55:45,355 [383c3691-e37d-4704-9b62-3f343d93bad0@group-880EB54C8EF0-LeaderElection17] INFO  impl.LeaderElection (LeaderElection.java:askForVotes(325)) - 383c3691-e37d-4704-9b62-3f343d93bad0@group-880EB54C8EF0-LeaderElection17 ELECTION round 0: result PASSED (term=1)
2023-12-10 08:55:45,355 [383c3691-e37d-4704-9b62-3f343d93bad0@group-880EB54C8EF0-LeaderElection17] INFO  impl.RoleInfo (RoleInfo.java:shutdownLeaderElection(130)) - 383c3691-e37d-4704-9b62-3f343d93bad0: shutdown 383c3691-e37d-4704-9b62-3f343d93bad0@group-880EB54C8EF0-LeaderElection17
2023-12-10 08:55:45,355 [383c3691-e37d-4704-9b62-3f343d93bad0@group-880EB54C8EF0-LeaderElection17] INFO  server.RaftServer$Division (RaftServerImpl.java:setRole(379)) - 383c3691-e37d-4704-9b62-3f343d93bad0@group-880EB54C8EF0: changes role from CANDIDATE to LEADER at term 1 for changeToLeader
2023-12-10 08:55:45,355 [383c3691-e37d-4704-9b62-3f343d93bad0@group-880EB54C8EF0-LeaderElection17] INFO  server.RaftServerConfigKeys (ConfUtils.java:logGet(46)) - raft.server.staging.catchup.gap = 1000 (default)
2023-12-10 08:55:45,356 [383c3691-e37d-4704-9b62-3f343d93bad0@group-880EB54C8EF0-LeaderElection17] INFO  server.RaftServerConfigKeys (ConfUtils.java:logGet(46)) - raft.server.write.element-limit = 1024 (custom)
2023-12-10 08:55:45,356 [383c3691-e37d-4704-9b62-3f343d93bad0@group-880EB54C8EF0-LeaderElection17] INFO  server.RaftServerConfigKeys (ConfUtils.java:logGet(46)) - raft.server.write.byte-limit = 1024 M (=1073741824) (custom)
2023-12-10 08:55:45,356 [383c3691-e37d-4704-9b62-3f343d93bad0@group-880EB54C8EF0-LeaderElection17] INFO  server.RaftServerConfigKeys (ConfUtils.java:logGet(46)) - raft.server.watch.timeout = 180s (custom)
2023-12-10 08:55:45,356 [383c3691-e37d-4704-9b62-3f343d93bad0@group-880EB54C8EF0-LeaderElection17] INFO  server.RaftServerConfigKeys (ConfUtils.java:logGet(46)) - raft.server.watch.timeout.denomination = 1s (default)
2023-12-10 08:55:45,356 [383c3691-e37d-4704-9b62-3f343d93bad0@group-880EB54C8EF0-LeaderElection17] INFO  server.RaftServerConfigKeys (ConfUtils.java:logGet(46)) - raft.server.watch.element-limit = 65536 (default)
2023-12-10 08:55:45,356 [383c3691-e37d-4704-9b62-3f343d93bad0@group-880EB54C8EF0-LeaderElection17] INFO  server.RaftServerConfigKeys (ConfUtils.java:logGet(46)) - raft.server.read.leader.lease.enabled = false (default)
2023-12-10 08:55:45,356 [383c3691-e37d-4704-9b62-3f343d93bad0@group-880EB54C8EF0-LeaderElection17] INFO  server.RaftServerConfigKeys (ConfUtils.java:logGet(46)) - raft.server.read.leader.lease.timeout.ratio = 0.9 (default)
2023-12-10 08:55:45,356 [383c3691-e37d-4704-9b62-3f343d93bad0@group-880EB54C8EF0-LeaderElection17] INFO  server.RaftServerConfigKeys (ConfUtils.java:logGet(46)) - raft.server.rpc.timeout.min = 5s (custom)
2023-12-10 08:55:45,356 [383c3691-e37d-4704-9b62-3f343d93bad0@group-880EB54C8EF0-LeaderElection17] INFO  server.RaftServerConfigKeys (ConfUtils.java:logGet(46)) - raft.server.write.element-limit = 1024 (custom)
2023-12-10 08:55:45,357 [383c3691-e37d-4704-9b62-3f343d93bad0@group-880EB54C8EF0-LeaderElection17] INFO  server.RaftServerConfigKeys (ConfUtils.java:logGet(46)) - raft.server.write.follower.gap.ratio.max = -1.0 (default)
2023-12-10 08:55:45,357 [383c3691-e37d-4704-9b62-3f343d93bad0@group-880EB54C8EF0-LeaderElection17] INFO  impl.RoleInfo (RoleInfo.java:updateAndGet(139)) - 383c3691-e37d-4704-9b62-3f343d93bad0: start 383c3691-e37d-4704-9b62-3f343d93bad0@group-880EB54C8EF0-LeaderStateImpl
2023-12-10 08:55:45,357 [383c3691-e37d-4704-9b62-3f343d93bad0@group-880EB54C8EF0-LeaderElection17] INFO  server.RaftServer$Division (RaftServerImpl.java:setFirstElection(564)) - 383c3691-e37d-4704-9b62-3f343d93bad0@group-880EB54C8EF0: set firstElectionSinceStartup to false for becomeLeader
2023-12-10 08:55:45,357 [383c3691-e37d-4704-9b62-3f343d93bad0@group-880EB54C8EF0-LeaderElection17] INFO  ratis.XceiverServerRatis (XceiverServerRatis.java:handleLeaderChangedNotification(935)) - Leader change notification received for group: group-880EB54C8EF0 with new leaderId: 383c3691-e37d-4704-9b62-3f343d93bad0
2023-12-10 08:55:45,357 [383c3691-e37d-4704-9b62-3f343d93bad0@group-880EB54C8EF0-LeaderElection17] INFO  server.RaftServer$Division (ServerState.java:setLeader(265)) - 383c3691-e37d-4704-9b62-3f343d93bad0@group-880EB54C8EF0: change Leader from null to 383c3691-e37d-4704-9b62-3f343d93bad0 at term 1 for becomeLeader, leader elected after 5144ms
2023-12-10 08:55:45,357 [383c3691-e37d-4704-9b62-3f343d93bad0@group-880EB54C8EF0-LeaderElection17] INFO  segmented.SegmentedRaftLogWorker (SegmentedRaftLogWorker.java:startLogSegment(428)) - 383c3691-e37d-4704-9b62-3f343d93bad0@group-880EB54C8EF0-SegmentedRaftLogWorker: Starting segment from index:0
2023-12-10 08:55:45,361 [383c3691-e37d-4704-9b62-3f343d93bad0@group-880EB54C8EF0-LeaderElection17] INFO  server.RaftServer$Division (ServerState.java:setRaftConf(382)) - 383c3691-e37d-4704-9b62-3f343d93bad0@group-880EB54C8EF0: set configuration 0: peers:[383c3691-e37d-4704-9b62-3f343d93bad0|10.1.0.29:15068]|listeners:[], old=null
2023-12-10 08:55:45,364 [383c3691-e37d-4704-9b62-3f343d93bad0@group-880EB54C8EF0-SegmentedRaftLogWorker] INFO  segmented.SegmentedRaftLogWorker (SegmentedRaftLogWorker.java:execute(632)) - 383c3691-e37d-4704-9b62-3f343d93bad0@group-880EB54C8EF0-SegmentedRaftLogWorker: created new log segment /home/runner/work/ozone/ozone/hadoop-ozone/integration-test/target/test-dir/MiniOzoneClusterImpl-7f66dfcd-4d84-4460-b9fe-211923c7b7bb/datanode-6/data/ratis/0e31ffd7-807d-4cd9-9b21-880eb54c8ef0/current/log_inprogress_0
2023-12-10 08:55:45,365 [383c3691-e37d-4704-9b62-3f343d93bad0@group-880EB54C8EF0-StateMachineUpdater] INFO  server.RaftServer$Division (LeaderStateImpl.java:isApplied(316)) - leader is ready since appliedIndex == 0 >= startIndex == 0
2023-12-10 08:55:46,830 [timer7] ERROR impl.OrderedAsync (OrderedAsync.java:lambda$sendRequest$9(247)) - client-A03FA7D90D06: Failed* RaftClientRequest:client-A03FA7D90D06->383c3691-e37d-4704-9b62-3f343d93bad0@group-880EB54C8EF0, cid=37, seq=1*, Watch(0), null
java.util.concurrent.CompletionException: org.apache.ratis.protocol.exceptions.AlreadyClosedException: client-A03FA7D90D06->383c3691-e37d-4704-9b62-3f343d93bad0 is closed.
	at java.util.concurrent.CompletableFuture.encodeThrowable(CompletableFuture.java:292)
	at java.util.concurrent.CompletableFuture.completeThrowable(CompletableFuture.java:308)
	at java.util.concurrent.CompletableFuture.uniApply(CompletableFuture.java:607)
	at java.util.concurrent.CompletableFuture.uniApplyStage(CompletableFuture.java:628)
	at java.util.concurrent.CompletableFuture.thenApply(CompletableFuture.java:1996)
	at org.apache.ratis.client.impl.OrderedAsync.sendRequest(OrderedAsync.java:239)
	at org.apache.ratis.client.impl.OrderedAsync.sendRequestWithRetry(OrderedAsync.java:203)
	at org.apache.ratis.util.SlidingWindow$Client.sendOrDelayRequest(SlidingWindow.java:312)
	at org.apache.ratis.util.SlidingWindow$Client.retry(SlidingWindow.java:328)
	at org.apache.ratis.client.impl.OrderedAsync.lambda$scheduleWithTimeout$6(OrderedAsync.java:227)
	at org.apache.ratis.util.TimeoutTimer.lambda$onTimeout$2(TimeoutTimer.java:101)
	at org.apache.ratis.util.LogUtils.runAndLog(LogUtils.java:38)
	at org.apache.ratis.util.LogUtils$1.run(LogUtils.java:78)
	at org.apache.ratis.util.TimeoutTimer$Task.run(TimeoutTimer.java:55)
	at java.util.TimerThread.mainLoop(Timer.java:555)
	at java.util.TimerThread.run(Timer.java:505)
Caused by: org.apache.ratis.protocol.exceptions.AlreadyClosedException: client-A03FA7D90D06->383c3691-e37d-4704-9b62-3f343d93bad0 is closed.
	at org.apache.ratis.grpc.client.GrpcClientProtocolClient$AsyncStreamObservers.onNext(GrpcClientProtocolClient.java:349)
	at org.apache.ratis.grpc.client.GrpcClientRpc.sendRequestAsync(GrpcClientRpc.java:71)
	... 11 more
2023-12-10 08:55:51,812 [IPC Server handler 6 on default port 15001] WARN  node.SCMNodeManager (SCMNodeManager.java:getNodesByAddress(1374)) - address is null
]]></system-out>
  </testcase>
  <testcase name="bucketUsedBytesOverWrite(BucketLayout)[2]" classname="org.apache.hadoop.ozone.client.rpc.TestOzoneRpcClientWithRatis" time="0.078">
    <system-out><![CDATA[2023-12-10 08:55:51,889 [main] INFO  rpc.RpcClient (RpcClient.java:createVolume(464)) - Creating Volume: 87df97ae-4496-4d6f-b8f2-ab15a94f63f2, with runner as owner and space quota set to -1 bytes, counts quota set to -1
2023-12-10 08:55:51,893 [om1-OMStateMachineApplyTransactionThread - 0] INFO  volume.OMVolumeCreateRequest (OMVolumeCreateRequest.java:validateAndUpdateCache(204)) - created volume:87df97ae-4496-4d6f-b8f2-ab15a94f63f2 for user:runner
2023-12-10 08:55:51,896 [main] INFO  rpc.RpcClient (RpcClient.java:createBucket(691)) - Creating Bucket: 87df97ae-4496-4d6f-b8f2-ab15a94f63f2/628acfdf-e167-42df-854c-1b61f529f6f2, with bucket layout LEGACY, runner as owner, Versioning true, Storage Type set to DISK and Encryption set to false, Replication Type set to server-side default replication type, Namespace Quota set to -1, Space Quota set to -1 
2023-12-10 08:55:51,899 [om1-OMStateMachineApplyTransactionThread - 0] INFO  bucket.OMBucketCreateRequest (OMBucketCreateRequest.java:validateAndUpdateCache(299)) - created bucket: 628acfdf-e167-42df-854c-1b61f529f6f2 of layout LEGACY in volume: 87df97ae-4496-4d6f-b8f2-ab15a94f63f2
2023-12-10 08:55:51,905 [IPC Server handler 7 on default port 15001] WARN  node.SCMNodeManager (SCMNodeManager.java:getNodesByAddress(1374)) - address is null
2023-12-10 08:55:51,937 [IPC Server handler 9 on default port 15001] WARN  node.SCMNodeManager (SCMNodeManager.java:getNodesByAddress(1374)) - address is null
]]></system-out>
  </testcase>
  <testcase name="bucketUsedBytesOverWrite(BucketLayout)[3]" classname="org.apache.hadoop.ozone.client.rpc.TestOzoneRpcClientWithRatis" time="0.065">
    <system-out><![CDATA[2023-12-10 08:55:51,968 [main] INFO  rpc.RpcClient (RpcClient.java:createVolume(464)) - Creating Volume: 1942b397-0bde-44ca-9b9b-c937530d8171, with runner as owner and space quota set to -1 bytes, counts quota set to -1
2023-12-10 08:55:51,971 [om1-OMStateMachineApplyTransactionThread - 0] INFO  volume.OMVolumeCreateRequest (OMVolumeCreateRequest.java:validateAndUpdateCache(204)) - created volume:1942b397-0bde-44ca-9b9b-c937530d8171 for user:runner
2023-12-10 08:55:51,974 [main] INFO  rpc.RpcClient (RpcClient.java:createBucket(691)) - Creating Bucket: 1942b397-0bde-44ca-9b9b-c937530d8171/a11dd601-2009-4adc-8509-c342dceb9cfc, with bucket layout FILE_SYSTEM_OPTIMIZED, runner as owner, Versioning true, Storage Type set to DISK and Encryption set to false, Replication Type set to server-side default replication type, Namespace Quota set to -1, Space Quota set to -1 
2023-12-10 08:55:51,976 [om1-OMStateMachineApplyTransactionThread - 0] INFO  bucket.OMBucketCreateRequest (OMBucketCreateRequest.java:validateAndUpdateCache(299)) - created bucket: a11dd601-2009-4adc-8509-c342dceb9cfc of layout FILE_SYSTEM_OPTIMIZED in volume: 1942b397-0bde-44ca-9b9b-c937530d8171
2023-12-10 08:55:51,982 [IPC Server handler 16 on default port 15001] WARN  node.SCMNodeManager (SCMNodeManager.java:getNodesByAddress(1374)) - address is null
2023-12-10 08:55:52,012 [IPC Server handler 13 on default port 15001] WARN  node.SCMNodeManager (SCMNodeManager.java:getNodesByAddress(1374)) - address is null
]]></system-out>
  </testcase>
  <testcase name="testAbortUploadFail" classname="org.apache.hadoop.ozone.client.rpc.TestOzoneRpcClientWithRatis" time="0.028">
    <system-out><![CDATA[2023-12-10 08:55:52,034 [main] INFO  rpc.RpcClient (RpcClient.java:createVolume(464)) - Creating Volume: d5fdc3c7-43e8-448d-be84-a1f17ac0dc73, with runner as owner and space quota set to -1 bytes, counts quota set to -1
2023-12-10 08:55:52,036 [om1-OMStateMachineApplyTransactionThread - 0] INFO  volume.OMVolumeCreateRequest (OMVolumeCreateRequest.java:validateAndUpdateCache(204)) - created volume:d5fdc3c7-43e8-448d-be84-a1f17ac0dc73 for user:runner
2023-12-10 08:55:52,038 [main] INFO  rpc.RpcClient (RpcClient.java:createBucket(691)) - Creating Bucket: d5fdc3c7-43e8-448d-be84-a1f17ac0dc73/bc472bf6-3a3f-437e-a583-3f5ff42f68ec, with server-side default bucket layout, runner as owner, Versioning false, Storage Type set to DISK and Encryption set to false, Replication Type set to server-side default replication type, Namespace Quota set to -1, Space Quota set to -1 
2023-12-10 08:55:52,040 [om1-OMStateMachineApplyTransactionThread - 0] INFO  bucket.OMBucketCreateRequest (OMBucketCreateRequest.java:validateAndUpdateCache(299)) - created bucket: bc472bf6-3a3f-437e-a583-3f5ff42f68ec of layout FILE_SYSTEM_OPTIMIZED in volume: d5fdc3c7-43e8-448d-be84-a1f17ac0dc73
08:55:52.051 [om1-OMStateMachineApplyTransactionThread - 0] ERROR OMAudit - user=runner | ip=127.0.0.1 | op=ABORT_MULTIPART_UPLOAD {volume=d5fdc3c7-43e8-448d-be84-a1f17ac0dc73, bucket=bc472bf6-3a3f-437e-a583-3f5ff42f68ec, key=22fa5dd4-7086-45f4-bfe2-fd31e79404e8, dataSize=0, replicationType=NONE, replicationFactor=ZERO} | ret=FAILURE
org.apache.hadoop.ozone.om.exceptions.OMException: Abort Multipart Upload Failed: volume: d5fdc3c7-43e8-448d-be84-a1f17ac0dc73bucket: bc472bf6-3a3f-437e-a583-3f5ff42f68eckey: 22fa5dd4-7086-45f4-bfe2-fd31e79404e8
	at org.apache.hadoop.ozone.om.request.s3.multipart.S3MultipartUploadAbortRequest.validateAndUpdateCache(S3MultipartUploadAbortRequest.java:162) ~[ozone-manager-1.4.0-SNAPSHOT.jar:?]
	at org.apache.hadoop.ozone.protocolPB.OzoneManagerRequestHandler.lambda$0(OzoneManagerRequestHandler.java:395) ~[ozone-manager-1.4.0-SNAPSHOT.jar:?]
	at org.apache.hadoop.util.MetricUtil.captureLatencyNs(MetricUtil.java:39) ~[hdds-common-1.4.0-SNAPSHOT.jar:?]
	at org.apache.hadoop.ozone.protocolPB.OzoneManagerRequestHandler.handleWriteRequest(OzoneManagerRequestHandler.java:393) ~[ozone-manager-1.4.0-SNAPSHOT.jar:?]
	at org.apache.hadoop.ozone.om.ratis.OzoneManagerStateMachine.runCommand(OzoneManagerStateMachine.java:582) ~[ozone-manager-1.4.0-SNAPSHOT.jar:?]
	at org.apache.hadoop.ozone.om.ratis.OzoneManagerStateMachine.lambda$1(OzoneManagerStateMachine.java:370) ~[ozone-manager-1.4.0-SNAPSHOT.jar:?]
	at java.util.concurrent.CompletableFuture$AsyncSupply.run(CompletableFuture.java:1604) [?:1.8.0_392]
	at java.util.concurrent.ThreadPoolExecutor.runWorker(ThreadPoolExecutor.java:1149) [?:1.8.0_392]
	at java.util.concurrent.ThreadPoolExecutor$Worker.run(ThreadPoolExecutor.java:624) [?:1.8.0_392]
	at java.lang.Thread.run(Thread.java:750) [?:1.8.0_392]
2023-12-10 08:55:52,059 [om1-OMStateMachineApplyTransactionThread - 0] ERROR multipart.S3MultipartUploadAbortRequest (S3MultipartUploadAbortRequest.java:validateAndUpdateCache(224)) - Abort Multipart request is failed for KeyName 22fa5dd4-7086-45f4-bfe2-fd31e79404e8 in VolumeName/Bucket d5fdc3c7-43e8-448d-be84-a1f17ac0dc73/bc472bf6-3a3f-437e-a583-3f5ff42f68ec
NO_SUCH_MULTIPART_UPLOAD_ERROR org.apache.hadoop.ozone.om.exceptions.OMException: Abort Multipart Upload Failed: volume: d5fdc3c7-43e8-448d-be84-a1f17ac0dc73bucket: bc472bf6-3a3f-437e-a583-3f5ff42f68eckey: 22fa5dd4-7086-45f4-bfe2-fd31e79404e8
	at org.apache.hadoop.ozone.om.request.s3.multipart.S3MultipartUploadAbortRequest.validateAndUpdateCache(S3MultipartUploadAbortRequest.java:162)
	at org.apache.hadoop.ozone.protocolPB.OzoneManagerRequestHandler.lambda$0(OzoneManagerRequestHandler.java:395)
	at org.apache.hadoop.util.MetricUtil.captureLatencyNs(MetricUtil.java:39)
	at org.apache.hadoop.ozone.protocolPB.OzoneManagerRequestHandler.handleWriteRequest(OzoneManagerRequestHandler.java:393)
	at org.apache.hadoop.ozone.om.ratis.OzoneManagerStateMachine.runCommand(OzoneManagerStateMachine.java:582)
	at org.apache.hadoop.ozone.om.ratis.OzoneManagerStateMachine.lambda$1(OzoneManagerStateMachine.java:370)
	at java.util.concurrent.CompletableFuture$AsyncSupply.run(CompletableFuture.java:1604)
	at java.util.concurrent.ThreadPoolExecutor.runWorker(ThreadPoolExecutor.java:1149)
	at java.util.concurrent.ThreadPoolExecutor$Worker.run(ThreadPoolExecutor.java:624)
	at java.lang.Thread.run(Thread.java:750)
]]></system-out>
  </testcase>
  <testcase name="testAbortUploadFailWithInProgressPartUpload" classname="org.apache.hadoop.ozone.client.rpc.TestOzoneRpcClientWithRatis" time="0.078">
    <system-out><![CDATA[2023-12-10 08:55:52,063 [main] INFO  rpc.RpcClient (RpcClient.java:createVolume(464)) - Creating Volume: 70f07622-c2f8-46a9-a4ad-052088550468, with runner as owner and space quota set to -1 bytes, counts quota set to -1
2023-12-10 08:55:52,065 [om1-OMStateMachineApplyTransactionThread - 0] INFO  volume.OMVolumeCreateRequest (OMVolumeCreateRequest.java:validateAndUpdateCache(204)) - created volume:70f07622-c2f8-46a9-a4ad-052088550468 for user:runner
2023-12-10 08:55:52,067 [main] INFO  rpc.RpcClient (RpcClient.java:createBucket(691)) - Creating Bucket: 70f07622-c2f8-46a9-a4ad-052088550468/935451c3-fc88-4b3a-bd4c-54229465fd8d, with server-side default bucket layout, runner as owner, Versioning false, Storage Type set to DISK and Encryption set to false, Replication Type set to server-side default replication type, Namespace Quota set to -1, Space Quota set to -1 
2023-12-10 08:55:52,069 [om1-OMStateMachineApplyTransactionThread - 0] INFO  bucket.OMBucketCreateRequest (OMBucketCreateRequest.java:validateAndUpdateCache(299)) - created bucket: 935451c3-fc88-4b3a-bd4c-54229465fd8d of layout FILE_SYSTEM_OPTIMIZED in volume: 70f07622-c2f8-46a9-a4ad-052088550468
2023-12-10 08:55:52,099 [IPC Server handler 19 on default port 15001] WARN  node.SCMNodeManager (SCMNodeManager.java:getNodesByAddress(1374)) - address is null
08:55:52.136 [om1-OMStateMachineApplyTransactionThread - 0] ERROR OMAudit - user=runner | ip=127.0.0.1 | op=COMMIT_MULTIPART_UPLOAD_PARTKEY {volume=70f07622-c2f8-46a9-a4ad-052088550468, bucket=935451c3-fc88-4b3a-bd4c-54229465fd8d, key=72434b2c-89c9-4d4b-bbf8-03624b5d03af, dataSize=4, replicationType=NONE, replicationFactor=ZERO, partNumber=1, partName=/70f07622-c2f8-46a9-a4ad-052088550468/935451c3-fc88-4b3a-bd4c-54229465fd8d/72434b2c-89c9-4d4b-bbf8-03624b5d03af-a3ec485e-77fc-4a0b-b216-6d88760445af-111555284308918279-1} | ret=FAILURE
org.apache.hadoop.ozone.om.exceptions.OMException: No such Multipart upload is with specified uploadId a3ec485e-77fc-4a0b-b216-6d88760445af-111555284308918279
	at org.apache.hadoop.ozone.om.request.s3.multipart.S3MultipartUploadCommitPartRequest.validateAndUpdateCache(S3MultipartUploadCommitPartRequest.java:192) ~[ozone-manager-1.4.0-SNAPSHOT.jar:?]
	at org.apache.hadoop.ozone.protocolPB.OzoneManagerRequestHandler.lambda$0(OzoneManagerRequestHandler.java:395) ~[ozone-manager-1.4.0-SNAPSHOT.jar:?]
	at org.apache.hadoop.util.MetricUtil.captureLatencyNs(MetricUtil.java:39) ~[hdds-common-1.4.0-SNAPSHOT.jar:?]
	at org.apache.hadoop.ozone.protocolPB.OzoneManagerRequestHandler.handleWriteRequest(OzoneManagerRequestHandler.java:393) ~[ozone-manager-1.4.0-SNAPSHOT.jar:?]
	at org.apache.hadoop.ozone.om.ratis.OzoneManagerStateMachine.runCommand(OzoneManagerStateMachine.java:582) ~[ozone-manager-1.4.0-SNAPSHOT.jar:?]
	at org.apache.hadoop.ozone.om.ratis.OzoneManagerStateMachine.lambda$1(OzoneManagerStateMachine.java:370) ~[ozone-manager-1.4.0-SNAPSHOT.jar:?]
	at java.util.concurrent.CompletableFuture$AsyncSupply.run(CompletableFuture.java:1604) [?:1.8.0_392]
	at java.util.concurrent.ThreadPoolExecutor.runWorker(ThreadPoolExecutor.java:1149) [?:1.8.0_392]
	at java.util.concurrent.ThreadPoolExecutor$Worker.run(ThreadPoolExecutor.java:624) [?:1.8.0_392]
	at java.lang.Thread.run(Thread.java:750) [?:1.8.0_392]
2023-12-10 08:55:52,137 [om1-OMStateMachineApplyTransactionThread - 0] ERROR multipart.S3MultipartUploadCommitPartRequest (S3MultipartUploadCommitPartRequest.java:logResult(334)) - MultipartUpload Commit is failed for Key:72434b2c-89c9-4d4b-bbf8-03624b5d03af in Volume/Bucket 70f07622-c2f8-46a9-a4ad-052088550468/935451c3-fc88-4b3a-bd4c-54229465fd8d
NO_SUCH_MULTIPART_UPLOAD_ERROR org.apache.hadoop.ozone.om.exceptions.OMException: No such Multipart upload is with specified uploadId a3ec485e-77fc-4a0b-b216-6d88760445af-111555284308918279
	at org.apache.hadoop.ozone.om.request.s3.multipart.S3MultipartUploadCommitPartRequest.validateAndUpdateCache(S3MultipartUploadCommitPartRequest.java:192)
	at org.apache.hadoop.ozone.protocolPB.OzoneManagerRequestHandler.lambda$0(OzoneManagerRequestHandler.java:395)
	at org.apache.hadoop.util.MetricUtil.captureLatencyNs(MetricUtil.java:39)
	at org.apache.hadoop.ozone.protocolPB.OzoneManagerRequestHandler.handleWriteRequest(OzoneManagerRequestHandler.java:393)
	at org.apache.hadoop.ozone.om.ratis.OzoneManagerStateMachine.runCommand(OzoneManagerStateMachine.java:582)
	at org.apache.hadoop.ozone.om.ratis.OzoneManagerStateMachine.lambda$1(OzoneManagerStateMachine.java:370)
	at java.util.concurrent.CompletableFuture$AsyncSupply.run(CompletableFuture.java:1604)
	at java.util.concurrent.ThreadPoolExecutor.runWorker(ThreadPoolExecutor.java:1149)
	at java.util.concurrent.ThreadPoolExecutor$Worker.run(ThreadPoolExecutor.java:624)
	at java.lang.Thread.run(Thread.java:750)
]]></system-out>
  </testcase>
  <testcase name="testAbortUploadSuccessWithOutAnyParts" classname="org.apache.hadoop.ozone.client.rpc.TestOzoneRpcClientWithRatis" time="0.02">
    <system-out><![CDATA[2023-12-10 08:55:52,141 [main] INFO  rpc.RpcClient (RpcClient.java:createVolume(464)) - Creating Volume: dac21d1d-1386-45d8-83ab-c9be8beee497, with runner as owner and space quota set to -1 bytes, counts quota set to -1
2023-12-10 08:55:52,144 [om1-OMStateMachineApplyTransactionThread - 0] INFO  volume.OMVolumeCreateRequest (OMVolumeCreateRequest.java:validateAndUpdateCache(204)) - created volume:dac21d1d-1386-45d8-83ab-c9be8beee497 for user:runner
2023-12-10 08:55:52,147 [main] INFO  rpc.RpcClient (RpcClient.java:createBucket(691)) - Creating Bucket: dac21d1d-1386-45d8-83ab-c9be8beee497/b8719e72-93d7-4a7d-bc37-7020888e5753, with server-side default bucket layout, runner as owner, Versioning false, Storage Type set to DISK and Encryption set to false, Replication Type set to server-side default replication type, Namespace Quota set to -1, Space Quota set to -1 
2023-12-10 08:55:52,149 [om1-OMStateMachineApplyTransactionThread - 0] INFO  bucket.OMBucketCreateRequest (OMBucketCreateRequest.java:validateAndUpdateCache(299)) - created bucket: b8719e72-93d7-4a7d-bc37-7020888e5753 of layout FILE_SYSTEM_OPTIMIZED in volume: dac21d1d-1386-45d8-83ab-c9be8beee497
]]></system-out>
  </testcase>
  <testcase name="testAbortUploadSuccessWithParts" classname="org.apache.hadoop.ozone.client.rpc.TestOzoneRpcClientWithRatis" time="0.053">
    <system-out><![CDATA[2023-12-10 08:55:52,163 [main] INFO  rpc.RpcClient (RpcClient.java:createVolume(464)) - Creating Volume: eb67cca1-704a-4261-9158-6f4c8d572a54, with runner as owner and space quota set to -1 bytes, counts quota set to -1
2023-12-10 08:55:52,165 [om1-OMStateMachineApplyTransactionThread - 0] INFO  volume.OMVolumeCreateRequest (OMVolumeCreateRequest.java:validateAndUpdateCache(204)) - created volume:eb67cca1-704a-4261-9158-6f4c8d572a54 for user:runner
2023-12-10 08:55:52,167 [main] INFO  rpc.RpcClient (RpcClient.java:createBucket(691)) - Creating Bucket: eb67cca1-704a-4261-9158-6f4c8d572a54/605a4087-eebf-4e1a-8f4d-3ab87ede2cdd, with server-side default bucket layout, runner as owner, Versioning false, Storage Type set to DISK and Encryption set to false, Replication Type set to server-side default replication type, Namespace Quota set to -1, Space Quota set to -1 
2023-12-10 08:55:52,170 [om1-OMStateMachineApplyTransactionThread - 0] INFO  bucket.OMBucketCreateRequest (OMBucketCreateRequest.java:validateAndUpdateCache(299)) - created bucket: 605a4087-eebf-4e1a-8f4d-3ab87ede2cdd of layout FILE_SYSTEM_OPTIMIZED in volume: eb67cca1-704a-4261-9158-6f4c8d572a54
2023-12-10 08:55:52,183 [IPC Server handler 0 on default port 15001] WARN  node.SCMNodeManager (SCMNodeManager.java:getNodesByAddress(1374)) - address is null
]]></system-out>
  </testcase>
  <testcase name="testAclsAfterCallingSetBucketProperty" classname="org.apache.hadoop.ozone.client.rpc.TestOzoneRpcClientWithRatis" time="0.027">
    <system-out><![CDATA[2023-12-10 08:55:52,216 [main] INFO  rpc.RpcClient (RpcClient.java:createVolume(464)) - Creating Volume: 678af826-b548-42c8-a67b-3e029c2e9eec, with runner as owner and space quota set to -1 bytes, counts quota set to -1
2023-12-10 08:55:52,218 [om1-OMStateMachineApplyTransactionThread - 0] INFO  volume.OMVolumeCreateRequest (OMVolumeCreateRequest.java:validateAndUpdateCache(204)) - created volume:678af826-b548-42c8-a67b-3e029c2e9eec for user:runner
2023-12-10 08:55:52,220 [main] INFO  rpc.RpcClient (RpcClient.java:createBucket(691)) - Creating Bucket: 678af826-b548-42c8-a67b-3e029c2e9eec/934d2971-1133-41ab-add1-339c0e79f1a1, with server-side default bucket layout, runner as owner, Versioning false, Storage Type set to DISK and Encryption set to false, Replication Type set to server-side default replication type, Namespace Quota set to -1, Space Quota set to -1 
2023-12-10 08:55:52,222 [om1-OMStateMachineApplyTransactionThread - 0] INFO  bucket.OMBucketCreateRequest (OMBucketCreateRequest.java:validateAndUpdateCache(299)) - created bucket: 934d2971-1133-41ab-add1-339c0e79f1a1 of layout FILE_SYSTEM_OPTIMIZED in volume: 678af826-b548-42c8-a67b-3e029c2e9eec
]]></system-out>
  </testcase>
  <testcase name="testAddBucketAcl" classname="org.apache.hadoop.ozone.client.rpc.TestOzoneRpcClientWithRatis" time="0.019">
    <system-out><![CDATA[2023-12-10 08:55:52,244 [main] INFO  rpc.RpcClient (RpcClient.java:createVolume(464)) - Creating Volume: e351dff8-d954-4bfe-b5d6-ffe0d51f5a1d, with runner as owner and space quota set to -1 bytes, counts quota set to -1
2023-12-10 08:55:52,246 [om1-OMStateMachineApplyTransactionThread - 0] INFO  volume.OMVolumeCreateRequest (OMVolumeCreateRequest.java:validateAndUpdateCache(204)) - created volume:e351dff8-d954-4bfe-b5d6-ffe0d51f5a1d for user:runner
2023-12-10 08:55:52,248 [main] INFO  rpc.RpcClient (RpcClient.java:createBucket(691)) - Creating Bucket: e351dff8-d954-4bfe-b5d6-ffe0d51f5a1d/40a8fb9b-f4bb-4e8c-9b69-c9e87107f4c3, with server-side default bucket layout, runner as owner, Versioning false, Storage Type set to DISK and Encryption set to false, Replication Type set to server-side default replication type, Namespace Quota set to -1, Space Quota set to -1 
2023-12-10 08:55:52,250 [om1-OMStateMachineApplyTransactionThread - 0] INFO  bucket.OMBucketCreateRequest (OMBucketCreateRequest.java:validateAndUpdateCache(299)) - created bucket: 40a8fb9b-f4bb-4e8c-9b69-c9e87107f4c3 of layout FILE_SYSTEM_OPTIMIZED in volume: e351dff8-d954-4bfe-b5d6-ffe0d51f5a1d
]]></system-out>
  </testcase>
  <testcase name="testBucketQuota(ReplicationConfig)[1]" classname="org.apache.hadoop.ozone.client.rpc.TestOzoneRpcClientWithRatis" time="0.42">
    <system-out><![CDATA[2023-12-10 08:55:52,266 [main] INFO  rpc.RpcClient (RpcClient.java:createVolume(464)) - Creating Volume: bc12fcae-c024-4c1a-a135-34c5f461d501, with runner as owner and space quota set to -1 bytes, counts quota set to -1
2023-12-10 08:55:52,268 [om1-OMStateMachineApplyTransactionThread - 0] INFO  volume.OMVolumeCreateRequest (OMVolumeCreateRequest.java:validateAndUpdateCache(204)) - created volume:bc12fcae-c024-4c1a-a135-34c5f461d501 for user:runner
2023-12-10 08:55:52,271 [main] INFO  rpc.RpcClient (RpcClient.java:createBucket(691)) - Creating Bucket: bc12fcae-c024-4c1a-a135-34c5f461d501/9fe3ad50-cbdf-4b9e-9ab1-c77f666c9a51, with server-side default bucket layout, runner as owner, Versioning false, Storage Type set to DISK and Encryption set to false, Replication Type set to server-side default replication type, Namespace Quota set to -1, Space Quota set to -1 
2023-12-10 08:55:52,273 [om1-OMStateMachineApplyTransactionThread - 0] INFO  bucket.OMBucketCreateRequest (OMBucketCreateRequest.java:validateAndUpdateCache(299)) - created bucket: 9fe3ad50-cbdf-4b9e-9ab1-c77f666c9a51 of layout FILE_SYSTEM_OPTIMIZED in volume: bc12fcae-c024-4c1a-a135-34c5f461d501
2023-12-10 08:55:52,276 [IPC Server handler 6 on default port 15001] WARN  node.SCMNodeManager (SCMNodeManager.java:getNodesByAddress(1374)) - address is null
2023-12-10 08:55:52,292 [IPC Server handler 7 on default port 15001] WARN  node.SCMNodeManager (SCMNodeManager.java:getNodesByAddress(1374)) - address is null
2023-12-10 08:55:52,325 [main] INFO  rpc.RpcClient (RpcClient.java:createVolume(464)) - Creating Volume: b86a5eca-3305-4e20-83a5-0d038ea57992, with runner as owner and space quota set to -1 bytes, counts quota set to -1
2023-12-10 08:55:52,328 [om1-OMStateMachineApplyTransactionThread - 0] INFO  volume.OMVolumeCreateRequest (OMVolumeCreateRequest.java:validateAndUpdateCache(204)) - created volume:b86a5eca-3305-4e20-83a5-0d038ea57992 for user:runner
2023-12-10 08:55:52,330 [main] INFO  rpc.RpcClient (RpcClient.java:createBucket(691)) - Creating Bucket: b86a5eca-3305-4e20-83a5-0d038ea57992/3e48b53a-1ba6-4fd5-b356-4b58df20f73c, with server-side default bucket layout, runner as owner, Versioning false, Storage Type set to DISK and Encryption set to false, Replication Type set to server-side default replication type, Namespace Quota set to -1, Space Quota set to -1 
2023-12-10 08:55:52,332 [om1-OMStateMachineApplyTransactionThread - 0] INFO  bucket.OMBucketCreateRequest (OMBucketCreateRequest.java:validateAndUpdateCache(299)) - created bucket: 3e48b53a-1ba6-4fd5-b356-4b58df20f73c of layout FILE_SYSTEM_OPTIMIZED in volume: b86a5eca-3305-4e20-83a5-0d038ea57992
2023-12-10 08:55:52,336 [IPC Server handler 9 on default port 15001] WARN  node.SCMNodeManager (SCMNodeManager.java:getNodesByAddress(1374)) - address is null
2023-12-10 08:55:52,359 [IPC Server handler 16 on default port 15001] WARN  node.SCMNodeManager (SCMNodeManager.java:getNodesByAddress(1374)) - address is null
2023-12-10 08:55:52,387 [main] INFO  rpc.RpcClient (RpcClient.java:createVolume(464)) - Creating Volume: db246543-6c6a-41d9-b298-465bdf81312e, with runner as owner and space quota set to -1 bytes, counts quota set to -1
2023-12-10 08:55:52,390 [om1-OMStateMachineApplyTransactionThread - 0] INFO  volume.OMVolumeCreateRequest (OMVolumeCreateRequest.java:validateAndUpdateCache(204)) - created volume:db246543-6c6a-41d9-b298-465bdf81312e for user:runner
2023-12-10 08:55:52,393 [main] INFO  rpc.RpcClient (RpcClient.java:createBucket(691)) - Creating Bucket: db246543-6c6a-41d9-b298-465bdf81312e/71e09696-32bb-43a8-bf78-938931527fcb, with server-side default bucket layout, runner as owner, Versioning false, Storage Type set to DISK and Encryption set to false, Replication Type set to server-side default replication type, Namespace Quota set to -1, Space Quota set to -1 
2023-12-10 08:55:52,395 [om1-OMStateMachineApplyTransactionThread - 0] INFO  bucket.OMBucketCreateRequest (OMBucketCreateRequest.java:validateAndUpdateCache(299)) - created bucket: 71e09696-32bb-43a8-bf78-938931527fcb of layout FILE_SYSTEM_OPTIMIZED in volume: db246543-6c6a-41d9-b298-465bdf81312e
2023-12-10 08:55:52,399 [IPC Server handler 13 on default port 15001] WARN  node.SCMNodeManager (SCMNodeManager.java:getNodesByAddress(1374)) - address is null
2023-12-10 08:55:52,462 [IPC Server handler 4 on default port 15001] WARN  node.SCMNodeManager (SCMNodeManager.java:getNodesByAddress(1374)) - address is null
2023-12-10 08:55:52,531 [main] INFO  rpc.RpcClient (RpcClient.java:createVolume(464)) - Creating Volume: f64939df-cb15-4559-934e-7925ed17349d, with runner as owner and space quota set to -1 bytes, counts quota set to -1
2023-12-10 08:55:52,533 [om1-OMStateMachineApplyTransactionThread - 0] INFO  volume.OMVolumeCreateRequest (OMVolumeCreateRequest.java:validateAndUpdateCache(204)) - created volume:f64939df-cb15-4559-934e-7925ed17349d for user:runner
2023-12-10 08:55:52,535 [main] INFO  rpc.RpcClient (RpcClient.java:createBucket(691)) - Creating Bucket: f64939df-cb15-4559-934e-7925ed17349d/78d48aed-e627-4320-850b-087cbdbce910, with server-side default bucket layout, runner as owner, Versioning false, Storage Type set to DISK and Encryption set to false, Replication Type set to server-side default replication type, Namespace Quota set to -1, Space Quota set to -1 
2023-12-10 08:55:52,537 [om1-OMStateMachineApplyTransactionThread - 0] INFO  bucket.OMBucketCreateRequest (OMBucketCreateRequest.java:validateAndUpdateCache(299)) - created bucket: 78d48aed-e627-4320-850b-087cbdbce910 of layout FILE_SYSTEM_OPTIMIZED in volume: f64939df-cb15-4559-934e-7925ed17349d
2023-12-10 08:55:52,541 [IPC Server handler 14 on default port 15001] WARN  node.SCMNodeManager (SCMNodeManager.java:getNodesByAddress(1374)) - address is null
2023-12-10 08:55:52,541 [IPC Server handler 14 on default port 15001] WARN  node.SCMNodeManager (SCMNodeManager.java:getNodesByAddress(1374)) - address is null
2023-12-10 08:55:52,605 [IPC Server handler 5 on default port 15001] WARN  node.SCMNodeManager (SCMNodeManager.java:getNodesByAddress(1374)) - address is null
2023-12-10 08:55:52,605 [IPC Server handler 5 on default port 15001] WARN  node.SCMNodeManager (SCMNodeManager.java:getNodesByAddress(1374)) - address is null
]]></system-out>
  </testcase>
  <testcase name="testBucketQuota(ReplicationConfig)[2]" classname="org.apache.hadoop.ozone.client.rpc.TestOzoneRpcClientWithRatis" time="2.52">
    <system-out><![CDATA[2023-12-10 08:55:52,687 [main] INFO  rpc.RpcClient (RpcClient.java:createVolume(464)) - Creating Volume: 9364c71a-92e1-4031-80f1-3c4f56899910, with runner as owner and space quota set to -1 bytes, counts quota set to -1
2023-12-10 08:55:52,689 [om1-OMStateMachineApplyTransactionThread - 0] INFO  volume.OMVolumeCreateRequest (OMVolumeCreateRequest.java:validateAndUpdateCache(204)) - created volume:9364c71a-92e1-4031-80f1-3c4f56899910 for user:runner
2023-12-10 08:55:52,691 [main] INFO  rpc.RpcClient (RpcClient.java:createBucket(691)) - Creating Bucket: 9364c71a-92e1-4031-80f1-3c4f56899910/abdb6373-a3a6-4747-b607-ee8521eca958, with server-side default bucket layout, runner as owner, Versioning false, Storage Type set to DISK and Encryption set to false, Replication Type set to server-side default replication type, Namespace Quota set to -1, Space Quota set to -1 
2023-12-10 08:55:52,693 [om1-OMStateMachineApplyTransactionThread - 0] INFO  bucket.OMBucketCreateRequest (OMBucketCreateRequest.java:validateAndUpdateCache(299)) - created bucket: abdb6373-a3a6-4747-b607-ee8521eca958 of layout FILE_SYSTEM_OPTIMIZED in volume: 9364c71a-92e1-4031-80f1-3c4f56899910
2023-12-10 08:55:52,696 [IPC Server handler 10 on default port 15001] WARN  node.SCMNodeManager (SCMNodeManager.java:getNodesByAddress(1374)) - address is null
2023-12-10 08:55:52,708 [IPC Server handler 17 on default port 15001] WARN  node.SCMNodeManager (SCMNodeManager.java:getNodesByAddress(1374)) - address is null
2023-12-10 08:55:52,729 [main] INFO  rpc.RpcClient (RpcClient.java:createVolume(464)) - Creating Volume: d3921b0c-281b-44f9-b073-eb854709b3c8, with runner as owner and space quota set to -1 bytes, counts quota set to -1
2023-12-10 08:55:52,731 [om1-OMStateMachineApplyTransactionThread - 0] INFO  volume.OMVolumeCreateRequest (OMVolumeCreateRequest.java:validateAndUpdateCache(204)) - created volume:d3921b0c-281b-44f9-b073-eb854709b3c8 for user:runner
2023-12-10 08:55:52,733 [main] INFO  rpc.RpcClient (RpcClient.java:createBucket(691)) - Creating Bucket: d3921b0c-281b-44f9-b073-eb854709b3c8/8ecf442d-bfc0-4984-af27-4a06bd0fc9a2, with server-side default bucket layout, runner as owner, Versioning false, Storage Type set to DISK and Encryption set to false, Replication Type set to server-side default replication type, Namespace Quota set to -1, Space Quota set to -1 
2023-12-10 08:55:52,735 [om1-OMStateMachineApplyTransactionThread - 0] INFO  bucket.OMBucketCreateRequest (OMBucketCreateRequest.java:validateAndUpdateCache(299)) - created bucket: 8ecf442d-bfc0-4984-af27-4a06bd0fc9a2 of layout FILE_SYSTEM_OPTIMIZED in volume: d3921b0c-281b-44f9-b073-eb854709b3c8
2023-12-10 08:55:52,738 [IPC Server handler 8 on default port 15001] WARN  node.SCMNodeManager (SCMNodeManager.java:getNodesByAddress(1374)) - address is null
2023-12-10 08:55:52,809 [IPC Server handler 15 on default port 15001] WARN  node.SCMNodeManager (SCMNodeManager.java:getNodesByAddress(1374)) - address is null
2023-12-10 08:55:52,885 [main] INFO  rpc.RpcClient (RpcClient.java:createVolume(464)) - Creating Volume: 38d381b3-517f-4acc-8b6b-0fd6e875537a, with runner as owner and space quota set to -1 bytes, counts quota set to -1
2023-12-10 08:55:52,888 [om1-OMStateMachineApplyTransactionThread - 0] INFO  volume.OMVolumeCreateRequest (OMVolumeCreateRequest.java:validateAndUpdateCache(204)) - created volume:38d381b3-517f-4acc-8b6b-0fd6e875537a for user:runner
2023-12-10 08:55:52,890 [main] INFO  rpc.RpcClient (RpcClient.java:createBucket(691)) - Creating Bucket: 38d381b3-517f-4acc-8b6b-0fd6e875537a/9ddf2f93-dfed-4724-acc8-9328ca52b3c3, with server-side default bucket layout, runner as owner, Versioning false, Storage Type set to DISK and Encryption set to false, Replication Type set to server-side default replication type, Namespace Quota set to -1, Space Quota set to -1 
2023-12-10 08:55:52,892 [om1-OMStateMachineApplyTransactionThread - 0] INFO  bucket.OMBucketCreateRequest (OMBucketCreateRequest.java:validateAndUpdateCache(299)) - created bucket: 9ddf2f93-dfed-4724-acc8-9328ca52b3c3 of layout FILE_SYSTEM_OPTIMIZED in volume: 38d381b3-517f-4acc-8b6b-0fd6e875537a
2023-12-10 08:55:52,896 [IPC Server handler 11 on default port 15001] WARN  node.SCMNodeManager (SCMNodeManager.java:getNodesByAddress(1374)) - address is null
2023-12-10 08:55:53,082 [IPC Server handler 3 on default port 15001] WARN  node.SCMNodeManager (SCMNodeManager.java:getNodesByAddress(1374)) - address is null
2023-12-10 08:55:53,172 [main] INFO  rpc.RpcClient (RpcClient.java:createVolume(464)) - Creating Volume: 816321df-5eec-4414-8284-8ad263dc8225, with runner as owner and space quota set to -1 bytes, counts quota set to -1
2023-12-10 08:55:53,176 [om1-OMStateMachineApplyTransactionThread - 0] INFO  volume.OMVolumeCreateRequest (OMVolumeCreateRequest.java:validateAndUpdateCache(204)) - created volume:816321df-5eec-4414-8284-8ad263dc8225 for user:runner
2023-12-10 08:55:53,178 [main] INFO  rpc.RpcClient (RpcClient.java:createBucket(691)) - Creating Bucket: 816321df-5eec-4414-8284-8ad263dc8225/6254eed4-4577-4956-a8a9-8257732dc58d, with server-side default bucket layout, runner as owner, Versioning false, Storage Type set to DISK and Encryption set to false, Replication Type set to server-side default replication type, Namespace Quota set to -1, Space Quota set to -1 
2023-12-10 08:55:53,181 [om1-OMStateMachineApplyTransactionThread - 0] INFO  bucket.OMBucketCreateRequest (OMBucketCreateRequest.java:validateAndUpdateCache(299)) - created bucket: 6254eed4-4577-4956-a8a9-8257732dc58d of layout FILE_SYSTEM_OPTIMIZED in volume: 816321df-5eec-4414-8284-8ad263dc8225
2023-12-10 08:55:53,188 [IPC Server handler 6 on default port 15001] WARN  node.SCMNodeManager (SCMNodeManager.java:getNodesByAddress(1374)) - address is null
2023-12-10 08:55:53,189 [IPC Server handler 6 on default port 15001] WARN  node.SCMNodeManager (SCMNodeManager.java:getNodesByAddress(1374)) - address is null
2023-12-10 08:55:53,369 [IPC Server handler 13 on default port 15001] WARN  node.SCMNodeManager (SCMNodeManager.java:getNodesByAddress(1374)) - address is null
2023-12-10 08:55:53,369 [IPC Server handler 13 on default port 15001] WARN  node.SCMNodeManager (SCMNodeManager.java:getNodesByAddress(1374)) - address is null
2023-12-10 08:55:53,565 [main] INFO  rpc.RpcClient (RpcClient.java:createVolume(464)) - Creating Volume: c55a17ba-492a-499d-a8b6-76afdd1ff3af, with runner as owner and space quota set to -1 bytes, counts quota set to -1
2023-12-10 08:55:53,567 [om1-OMStateMachineApplyTransactionThread - 0] INFO  volume.OMVolumeCreateRequest (OMVolumeCreateRequest.java:validateAndUpdateCache(204)) - created volume:c55a17ba-492a-499d-a8b6-76afdd1ff3af for user:runner
2023-12-10 08:55:53,569 [main] INFO  rpc.RpcClient (RpcClient.java:createBucket(691)) - Creating Bucket: c55a17ba-492a-499d-a8b6-76afdd1ff3af/a5ca4530-59a2-4846-8799-db4bc2a290cb, with server-side default bucket layout, runner as owner, Versioning false, Storage Type set to DISK and Encryption set to false, Replication Type set to server-side default replication type, Namespace Quota set to -1, Space Quota set to -1 
2023-12-10 08:55:53,571 [om1-OMStateMachineApplyTransactionThread - 0] INFO  bucket.OMBucketCreateRequest (OMBucketCreateRequest.java:validateAndUpdateCache(299)) - created bucket: a5ca4530-59a2-4846-8799-db4bc2a290cb of layout FILE_SYSTEM_OPTIMIZED in volume: c55a17ba-492a-499d-a8b6-76afdd1ff3af
2023-12-10 08:55:53,574 [IPC Server handler 5 on default port 15001] WARN  node.SCMNodeManager (SCMNodeManager.java:getNodesByAddress(1374)) - address is null
2023-12-10 08:55:53,576 [IPC Server handler 5 on default port 15001] WARN  node.SCMNodeManager (SCMNodeManager.java:getNodesByAddress(1374)) - address is null
2023-12-10 08:55:53,817 [IPC Server handler 11 on default port 15001] WARN  node.SCMNodeManager (SCMNodeManager.java:getNodesByAddress(1374)) - address is null
2023-12-10 08:55:53,818 [IPC Server handler 11 on default port 15001] WARN  node.SCMNodeManager (SCMNodeManager.java:getNodesByAddress(1374)) - address is null
2023-12-10 08:55:54,000 [main] INFO  rpc.RpcClient (RpcClient.java:createVolume(464)) - Creating Volume: 9011c37b-4679-4d05-aacb-0435ff177a99, with runner as owner and space quota set to -1 bytes, counts quota set to -1
2023-12-10 08:55:54,002 [om1-OMStateMachineApplyTransactionThread - 0] INFO  volume.OMVolumeCreateRequest (OMVolumeCreateRequest.java:validateAndUpdateCache(204)) - created volume:9011c37b-4679-4d05-aacb-0435ff177a99 for user:runner
2023-12-10 08:55:54,004 [main] INFO  rpc.RpcClient (RpcClient.java:createBucket(691)) - Creating Bucket: 9011c37b-4679-4d05-aacb-0435ff177a99/cc88e1a1-f51b-44f7-97f2-f64e6a38b8e6, with server-side default bucket layout, runner as owner, Versioning false, Storage Type set to DISK and Encryption set to false, Replication Type set to server-side default replication type, Namespace Quota set to -1, Space Quota set to -1 
2023-12-10 08:55:54,006 [om1-OMStateMachineApplyTransactionThread - 0] INFO  bucket.OMBucketCreateRequest (OMBucketCreateRequest.java:validateAndUpdateCache(299)) - created bucket: cc88e1a1-f51b-44f7-97f2-f64e6a38b8e6 of layout FILE_SYSTEM_OPTIMIZED in volume: 9011c37b-4679-4d05-aacb-0435ff177a99
2023-12-10 08:55:54,011 [IPC Server handler 1 on default port 15001] WARN  node.SCMNodeManager (SCMNodeManager.java:getNodesByAddress(1374)) - address is null
2023-12-10 08:55:54,013 [IPC Server handler 1 on default port 15001] WARN  node.SCMNodeManager (SCMNodeManager.java:getNodesByAddress(1374)) - address is null
2023-12-10 08:55:54,013 [IPC Server handler 1 on default port 15001] WARN  node.SCMNodeManager (SCMNodeManager.java:getNodesByAddress(1374)) - address is null
2023-12-10 08:55:54,264 [IPC Server handler 7 on default port 15001] WARN  node.SCMNodeManager (SCMNodeManager.java:getNodesByAddress(1374)) - address is null
2023-12-10 08:55:54,264 [IPC Server handler 7 on default port 15001] WARN  node.SCMNodeManager (SCMNodeManager.java:getNodesByAddress(1374)) - address is null
2023-12-10 08:55:54,265 [IPC Server handler 7 on default port 15001] WARN  node.SCMNodeManager (SCMNodeManager.java:getNodesByAddress(1374)) - address is null
2023-12-10 08:55:54,430 [main] INFO  rpc.RpcClient (RpcClient.java:createVolume(464)) - Creating Volume: af64fe5b-3b63-4e37-bd0d-3cb8ccf8aeef, with runner as owner and space quota set to -1 bytes, counts quota set to -1
2023-12-10 08:55:54,432 [om1-OMStateMachineApplyTransactionThread - 0] INFO  volume.OMVolumeCreateRequest (OMVolumeCreateRequest.java:validateAndUpdateCache(204)) - created volume:af64fe5b-3b63-4e37-bd0d-3cb8ccf8aeef for user:runner
2023-12-10 08:55:54,434 [main] INFO  rpc.RpcClient (RpcClient.java:createBucket(691)) - Creating Bucket: af64fe5b-3b63-4e37-bd0d-3cb8ccf8aeef/430f34ac-fa13-4364-b7b2-a1188b9012c0, with server-side default bucket layout, runner as owner, Versioning false, Storage Type set to DISK and Encryption set to false, Replication Type set to server-side default replication type, Namespace Quota set to -1, Space Quota set to -1 
2023-12-10 08:55:54,436 [om1-OMStateMachineApplyTransactionThread - 0] INFO  bucket.OMBucketCreateRequest (OMBucketCreateRequest.java:validateAndUpdateCache(299)) - created bucket: 430f34ac-fa13-4364-b7b2-a1188b9012c0 of layout FILE_SYSTEM_OPTIMIZED in volume: af64fe5b-3b63-4e37-bd0d-3cb8ccf8aeef
2023-12-10 08:55:54,440 [IPC Server handler 4 on default port 15001] WARN  node.SCMNodeManager (SCMNodeManager.java:getNodesByAddress(1374)) - address is null
2023-12-10 08:55:54,440 [IPC Server handler 4 on default port 15001] WARN  node.SCMNodeManager (SCMNodeManager.java:getNodesByAddress(1374)) - address is null
2023-12-10 08:55:54,440 [IPC Server handler 4 on default port 15001] WARN  node.SCMNodeManager (SCMNodeManager.java:getNodesByAddress(1374)) - address is null
2023-12-10 08:55:54,629 [IPC Server handler 10 on default port 15001] WARN  node.SCMNodeManager (SCMNodeManager.java:getNodesByAddress(1374)) - address is null
2023-12-10 08:55:54,629 [IPC Server handler 10 on default port 15001] WARN  node.SCMNodeManager (SCMNodeManager.java:getNodesByAddress(1374)) - address is null
2023-12-10 08:55:54,629 [IPC Server handler 10 on default port 15001] WARN  node.SCMNodeManager (SCMNodeManager.java:getNodesByAddress(1374)) - address is null
2023-12-10 08:55:54,814 [main] INFO  rpc.RpcClient (RpcClient.java:createVolume(464)) - Creating Volume: 1344a193-d95a-4f74-8774-f7fbce80dcee, with runner as owner and space quota set to -1 bytes, counts quota set to -1
2023-12-10 08:55:54,816 [om1-OMStateMachineApplyTransactionThread - 0] INFO  volume.OMVolumeCreateRequest (OMVolumeCreateRequest.java:validateAndUpdateCache(204)) - created volume:1344a193-d95a-4f74-8774-f7fbce80dcee for user:runner
2023-12-10 08:55:54,818 [main] INFO  rpc.RpcClient (RpcClient.java:createBucket(691)) - Creating Bucket: 1344a193-d95a-4f74-8774-f7fbce80dcee/9ca1925b-6080-448a-84b1-8b6dfb1c7d2d, with server-side default bucket layout, runner as owner, Versioning false, Storage Type set to DISK and Encryption set to false, Replication Type set to server-side default replication type, Namespace Quota set to -1, Space Quota set to -1 
2023-12-10 08:55:54,820 [om1-OMStateMachineApplyTransactionThread - 0] INFO  bucket.OMBucketCreateRequest (OMBucketCreateRequest.java:validateAndUpdateCache(299)) - created bucket: 9ca1925b-6080-448a-84b1-8b6dfb1c7d2d of layout FILE_SYSTEM_OPTIMIZED in volume: 1344a193-d95a-4f74-8774-f7fbce80dcee
2023-12-10 08:55:54,823 [IPC Server handler 1 on default port 15001] WARN  node.SCMNodeManager (SCMNodeManager.java:getNodesByAddress(1374)) - address is null
2023-12-10 08:55:54,824 [IPC Server handler 1 on default port 15001] WARN  node.SCMNodeManager (SCMNodeManager.java:getNodesByAddress(1374)) - address is null
2023-12-10 08:55:54,824 [IPC Server handler 1 on default port 15001] WARN  node.SCMNodeManager (SCMNodeManager.java:getNodesByAddress(1374)) - address is null
2023-12-10 08:55:54,824 [IPC Server handler 1 on default port 15001] WARN  node.SCMNodeManager (SCMNodeManager.java:getNodesByAddress(1374)) - address is null
2023-12-10 08:55:54,996 [IPC Server handler 2 on default port 15001] WARN  node.SCMNodeManager (SCMNodeManager.java:getNodesByAddress(1374)) - address is null
2023-12-10 08:55:54,996 [IPC Server handler 2 on default port 15001] WARN  node.SCMNodeManager (SCMNodeManager.java:getNodesByAddress(1374)) - address is null
2023-12-10 08:55:54,996 [IPC Server handler 2 on default port 15001] WARN  node.SCMNodeManager (SCMNodeManager.java:getNodesByAddress(1374)) - address is null
2023-12-10 08:55:54,997 [IPC Server handler 2 on default port 15001] WARN  node.SCMNodeManager (SCMNodeManager.java:getNodesByAddress(1374)) - address is null
]]></system-out>
  </testcase>
  <testcase name="testBucketQuota(ReplicationConfig)[3]" classname="org.apache.hadoop.ozone.client.rpc.TestOzoneRpcClientWithRatis" time="3.049">
    <system-out><![CDATA[2023-12-10 08:55:55,208 [main] INFO  rpc.RpcClient (RpcClient.java:createVolume(464)) - Creating Volume: 4a222a21-3e5f-4aab-b284-c5cea419a734, with runner as owner and space quota set to -1 bytes, counts quota set to -1
2023-12-10 08:55:55,210 [om1-OMStateMachineApplyTransactionThread - 0] INFO  volume.OMVolumeCreateRequest (OMVolumeCreateRequest.java:validateAndUpdateCache(204)) - created volume:4a222a21-3e5f-4aab-b284-c5cea419a734 for user:runner
2023-12-10 08:55:55,212 [main] INFO  rpc.RpcClient (RpcClient.java:createBucket(691)) - Creating Bucket: 4a222a21-3e5f-4aab-b284-c5cea419a734/85374800-2aa2-490f-b93f-224647767d64, with server-side default bucket layout, runner as owner, Versioning false, Storage Type set to DISK and Encryption set to false, Replication Type set to server-side default replication type, Namespace Quota set to -1, Space Quota set to -1 
2023-12-10 08:55:55,214 [om1-OMStateMachineApplyTransactionThread - 0] INFO  bucket.OMBucketCreateRequest (OMBucketCreateRequest.java:validateAndUpdateCache(299)) - created bucket: 85374800-2aa2-490f-b93f-224647767d64 of layout FILE_SYSTEM_OPTIMIZED in volume: 4a222a21-3e5f-4aab-b284-c5cea419a734
2023-12-10 08:55:55,220 [IPC Server handler 7 on default port 15001] INFO  algorithms.SCMContainerPlacementRackScatter (SCMContainerPlacementRackScatter.java:chooseDatanodesInternal(370)) - Chosen nodes: [9d33b5cf-046b-45d3-8518-fd69107da003(fv-az1041-125/10.1.0.29), 383c3691-e37d-4704-9b62-3f343d93bad0(fv-az1041-125/10.1.0.29), 173e1c01-ab9b-4bd4-a1fb-1dc9b7180747(fv-az1041-125/10.1.0.29), edd7aebe-e713-4899-b982-ee5b12165735(fv-az1041-125/10.1.0.29), 739b2b9a-4a10-4b30-8d82-41f2f3567ae9(fv-az1041-125/10.1.0.29)]. isPolicySatisfied: true.
2023-12-10 08:55:55,222 [IPC Server handler 7 on default port 15001] INFO  pipeline.WritableECContainerProvider (WritableECContainerProvider.java:allocateContainer(211)) - Created and opened new pipeline Pipeline[ Id: 909084fc-78d8-403d-a3ff-f2948e2dd3c2, Nodes: 9d33b5cf-046b-45d3-8518-fd69107da003(fv-az1041-125/10.1.0.29)383c3691-e37d-4704-9b62-3f343d93bad0(fv-az1041-125/10.1.0.29)173e1c01-ab9b-4bd4-a1fb-1dc9b7180747(fv-az1041-125/10.1.0.29)edd7aebe-e713-4899-b982-ee5b12165735(fv-az1041-125/10.1.0.29)739b2b9a-4a10-4b30-8d82-41f2f3567ae9(fv-az1041-125/10.1.0.29), ReplicationConfig: EC{rs-3-2-1024k}, State:ALLOCATED, leaderId:, CreationTimestamp2023-12-10T08:55:55.220Z[Etc/UTC]]
2023-12-10 08:55:55,222 [IPC Server handler 7 on default port 15001] WARN  node.SCMNodeManager (SCMNodeManager.java:getNodesByAddress(1374)) - address is null
2023-12-10 08:55:55,258 [main] WARN  erasurecode.ErasureCodeNative (ErasureCodeNative.java:<clinit>(55)) - ISA-L support is not available in your platform... using builtin-java codec where applicable
2023-12-10 08:55:55,343 [IPC Server handler 16 on default port 15001] INFO  algorithms.SCMContainerPlacementRackScatter (SCMContainerPlacementRackScatter.java:chooseDatanodesInternal(370)) - Chosen nodes: [739b2b9a-4a10-4b30-8d82-41f2f3567ae9(fv-az1041-125/10.1.0.29), edd7aebe-e713-4899-b982-ee5b12165735(fv-az1041-125/10.1.0.29), 383c3691-e37d-4704-9b62-3f343d93bad0(fv-az1041-125/10.1.0.29), 1325fac8-4950-4fd4-a580-526da936db2d(fv-az1041-125/10.1.0.29), ceafc0c7-af9d-4de4-ae81-ea841051c606(fv-az1041-125/10.1.0.29)]. isPolicySatisfied: true.
2023-12-10 08:55:55,345 [IPC Server handler 16 on default port 15001] INFO  pipeline.WritableECContainerProvider (WritableECContainerProvider.java:allocateContainer(211)) - Created and opened new pipeline Pipeline[ Id: a2b24f6f-0422-438b-9f86-e20bc34594c3, Nodes: 739b2b9a-4a10-4b30-8d82-41f2f3567ae9(fv-az1041-125/10.1.0.29)edd7aebe-e713-4899-b982-ee5b12165735(fv-az1041-125/10.1.0.29)383c3691-e37d-4704-9b62-3f343d93bad0(fv-az1041-125/10.1.0.29)1325fac8-4950-4fd4-a580-526da936db2d(fv-az1041-125/10.1.0.29)ceafc0c7-af9d-4de4-ae81-ea841051c606(fv-az1041-125/10.1.0.29), ReplicationConfig: EC{rs-3-2-1024k}, State:ALLOCATED, leaderId:, CreationTimestamp2023-12-10T08:55:55.343Z[Etc/UTC]]
2023-12-10 08:55:55,345 [IPC Server handler 16 on default port 15001] WARN  node.SCMNodeManager (SCMNodeManager.java:getNodesByAddress(1374)) - address is null
2023-12-10 08:55:55,389 [main] INFO  rpc.RpcClient (RpcClient.java:createVolume(464)) - Creating Volume: 2ddca706-51a6-4f58-b190-c82e193f62f9, with runner as owner and space quota set to -1 bytes, counts quota set to -1
2023-12-10 08:55:55,391 [om1-OMStateMachineApplyTransactionThread - 0] INFO  volume.OMVolumeCreateRequest (OMVolumeCreateRequest.java:validateAndUpdateCache(204)) - created volume:2ddca706-51a6-4f58-b190-c82e193f62f9 for user:runner
2023-12-10 08:55:55,394 [main] INFO  rpc.RpcClient (RpcClient.java:createBucket(691)) - Creating Bucket: 2ddca706-51a6-4f58-b190-c82e193f62f9/54000a12-2017-46e4-8447-5bd027f5df69, with server-side default bucket layout, runner as owner, Versioning false, Storage Type set to DISK and Encryption set to false, Replication Type set to server-side default replication type, Namespace Quota set to -1, Space Quota set to -1 
2023-12-10 08:55:55,396 [om1-OMStateMachineApplyTransactionThread - 0] INFO  bucket.OMBucketCreateRequest (OMBucketCreateRequest.java:validateAndUpdateCache(299)) - created bucket: 54000a12-2017-46e4-8447-5bd027f5df69 of layout FILE_SYSTEM_OPTIMIZED in volume: 2ddca706-51a6-4f58-b190-c82e193f62f9
2023-12-10 08:55:55,399 [IPC Server handler 4 on default port 15001] INFO  algorithms.SCMContainerPlacementRackScatter (SCMContainerPlacementRackScatter.java:chooseDatanodesInternal(370)) - Chosen nodes: [383c3691-e37d-4704-9b62-3f343d93bad0(fv-az1041-125/10.1.0.29), ceafc0c7-af9d-4de4-ae81-ea841051c606(fv-az1041-125/10.1.0.29), 71fa9327-596e-4bfe-b86f-33f6bdf50532(fv-az1041-125/10.1.0.29), 8170aa16-323e-44de-b8c0-3f99a1184856(fv-az1041-125/10.1.0.29), 9d33b5cf-046b-45d3-8518-fd69107da003(fv-az1041-125/10.1.0.29)]. isPolicySatisfied: true.
2023-12-10 08:55:55,400 [IPC Server handler 4 on default port 15001] INFO  pipeline.WritableECContainerProvider (WritableECContainerProvider.java:allocateContainer(211)) - Created and opened new pipeline Pipeline[ Id: 9eff1314-a541-418a-a908-68f8810796b2, Nodes: 383c3691-e37d-4704-9b62-3f343d93bad0(fv-az1041-125/10.1.0.29)ceafc0c7-af9d-4de4-ae81-ea841051c606(fv-az1041-125/10.1.0.29)71fa9327-596e-4bfe-b86f-33f6bdf50532(fv-az1041-125/10.1.0.29)8170aa16-323e-44de-b8c0-3f99a1184856(fv-az1041-125/10.1.0.29)9d33b5cf-046b-45d3-8518-fd69107da003(fv-az1041-125/10.1.0.29), ReplicationConfig: EC{rs-3-2-1024k}, State:ALLOCATED, leaderId:, CreationTimestamp2023-12-10T08:55:55.399Z[Etc/UTC]]
2023-12-10 08:55:55,401 [IPC Server handler 4 on default port 15001] WARN  node.SCMNodeManager (SCMNodeManager.java:getNodesByAddress(1374)) - address is null
2023-12-10 08:55:55,521 [IPC Server handler 14 on default port 15001] INFO  algorithms.SCMContainerPlacementRackScatter (SCMContainerPlacementRackScatter.java:chooseDatanodesInternal(370)) - Chosen nodes: [1325fac8-4950-4fd4-a580-526da936db2d(fv-az1041-125/10.1.0.29), ceafc0c7-af9d-4de4-ae81-ea841051c606(fv-az1041-125/10.1.0.29), 9d33b5cf-046b-45d3-8518-fd69107da003(fv-az1041-125/10.1.0.29), edd7aebe-e713-4899-b982-ee5b12165735(fv-az1041-125/10.1.0.29), 7f393458-131e-4136-815e-5cd248d38671(fv-az1041-125/10.1.0.29)]. isPolicySatisfied: true.
2023-12-10 08:55:55,523 [IPC Server handler 14 on default port 15001] INFO  pipeline.WritableECContainerProvider (WritableECContainerProvider.java:allocateContainer(211)) - Created and opened new pipeline Pipeline[ Id: a908d851-3084-48cd-8fd2-e434781e08de, Nodes: 1325fac8-4950-4fd4-a580-526da936db2d(fv-az1041-125/10.1.0.29)ceafc0c7-af9d-4de4-ae81-ea841051c606(fv-az1041-125/10.1.0.29)9d33b5cf-046b-45d3-8518-fd69107da003(fv-az1041-125/10.1.0.29)edd7aebe-e713-4899-b982-ee5b12165735(fv-az1041-125/10.1.0.29)7f393458-131e-4136-815e-5cd248d38671(fv-az1041-125/10.1.0.29), ReplicationConfig: EC{rs-3-2-1024k}, State:ALLOCATED, leaderId:, CreationTimestamp2023-12-10T08:55:55.521Z[Etc/UTC]]
2023-12-10 08:55:55,523 [IPC Server handler 14 on default port 15001] WARN  node.SCMNodeManager (SCMNodeManager.java:getNodesByAddress(1374)) - address is null
2023-12-10 08:55:55,633 [main] INFO  rpc.RpcClient (RpcClient.java:createVolume(464)) - Creating Volume: bceb5649-50fa-435e-a122-6ae89c405d71, with runner as owner and space quota set to -1 bytes, counts quota set to -1
2023-12-10 08:55:55,635 [om1-OMStateMachineApplyTransactionThread - 0] INFO  volume.OMVolumeCreateRequest (OMVolumeCreateRequest.java:validateAndUpdateCache(204)) - created volume:bceb5649-50fa-435e-a122-6ae89c405d71 for user:runner
2023-12-10 08:55:55,636 [main] INFO  rpc.RpcClient (RpcClient.java:createBucket(691)) - Creating Bucket: bceb5649-50fa-435e-a122-6ae89c405d71/f28f7c97-65e0-4de0-b65f-8b474de07644, with server-side default bucket layout, runner as owner, Versioning false, Storage Type set to DISK and Encryption set to false, Replication Type set to server-side default replication type, Namespace Quota set to -1, Space Quota set to -1 
2023-12-10 08:55:55,638 [om1-OMStateMachineApplyTransactionThread - 0] INFO  bucket.OMBucketCreateRequest (OMBucketCreateRequest.java:validateAndUpdateCache(299)) - created bucket: f28f7c97-65e0-4de0-b65f-8b474de07644 of layout FILE_SYSTEM_OPTIMIZED in volume: bceb5649-50fa-435e-a122-6ae89c405d71
2023-12-10 08:55:55,642 [IPC Server handler 17 on default port 15001] INFO  algorithms.SCMContainerPlacementRackScatter (SCMContainerPlacementRackScatter.java:chooseDatanodesInternal(370)) - Chosen nodes: [d585e390-d9b9-49cd-b5b8-386dd9d89b96(fv-az1041-125/10.1.0.29), 1325fac8-4950-4fd4-a580-526da936db2d(fv-az1041-125/10.1.0.29), 7f393458-131e-4136-815e-5cd248d38671(fv-az1041-125/10.1.0.29), ceafc0c7-af9d-4de4-ae81-ea841051c606(fv-az1041-125/10.1.0.29), 8170aa16-323e-44de-b8c0-3f99a1184856(fv-az1041-125/10.1.0.29)]. isPolicySatisfied: true.
2023-12-10 08:55:55,644 [IPC Server handler 17 on default port 15001] INFO  pipeline.WritableECContainerProvider (WritableECContainerProvider.java:allocateContainer(211)) - Created and opened new pipeline Pipeline[ Id: 9cdf6dc6-952a-4a2b-b61c-d13cb2058a73, Nodes: d585e390-d9b9-49cd-b5b8-386dd9d89b96(fv-az1041-125/10.1.0.29)1325fac8-4950-4fd4-a580-526da936db2d(fv-az1041-125/10.1.0.29)7f393458-131e-4136-815e-5cd248d38671(fv-az1041-125/10.1.0.29)ceafc0c7-af9d-4de4-ae81-ea841051c606(fv-az1041-125/10.1.0.29)8170aa16-323e-44de-b8c0-3f99a1184856(fv-az1041-125/10.1.0.29), ReplicationConfig: EC{rs-3-2-1024k}, State:ALLOCATED, leaderId:, CreationTimestamp2023-12-10T08:55:55.643Z[Etc/UTC]]
2023-12-10 08:55:55,644 [IPC Server handler 17 on default port 15001] WARN  node.SCMNodeManager (SCMNodeManager.java:getNodesByAddress(1374)) - address is null
2023-12-10 08:55:55,821 [IPC Server handler 1 on default port 15001] WARN  node.SCMNodeManager (SCMNodeManager.java:getNodesByAddress(1374)) - address is null
2023-12-10 08:55:55,925 [main] INFO  rpc.RpcClient (RpcClient.java:createVolume(464)) - Creating Volume: 1714961f-dc3d-4730-85e9-4375a0efd967, with runner as owner and space quota set to -1 bytes, counts quota set to -1
2023-12-10 08:55:55,926 [om1-OMStateMachineApplyTransactionThread - 0] INFO  volume.OMVolumeCreateRequest (OMVolumeCreateRequest.java:validateAndUpdateCache(204)) - created volume:1714961f-dc3d-4730-85e9-4375a0efd967 for user:runner
2023-12-10 08:55:55,928 [main] INFO  rpc.RpcClient (RpcClient.java:createBucket(691)) - Creating Bucket: 1714961f-dc3d-4730-85e9-4375a0efd967/60dcc723-c4b1-41f5-868d-4a75bad1922f, with server-side default bucket layout, runner as owner, Versioning false, Storage Type set to DISK and Encryption set to false, Replication Type set to server-side default replication type, Namespace Quota set to -1, Space Quota set to -1 
2023-12-10 08:55:55,929 [om1-OMStateMachineApplyTransactionThread - 0] INFO  bucket.OMBucketCreateRequest (OMBucketCreateRequest.java:validateAndUpdateCache(299)) - created bucket: 60dcc723-c4b1-41f5-868d-4a75bad1922f of layout FILE_SYSTEM_OPTIMIZED in volume: 1714961f-dc3d-4730-85e9-4375a0efd967
2023-12-10 08:55:55,932 [IPC Server handler 2 on default port 15001] WARN  node.SCMNodeManager (SCMNodeManager.java:getNodesByAddress(1374)) - address is null
2023-12-10 08:55:56,033 [IPC Server handler 18 on default port 15001] WARN  node.SCMNodeManager (SCMNodeManager.java:getNodesByAddress(1374)) - address is null
2023-12-10 08:55:56,149 [main] INFO  rpc.RpcClient (RpcClient.java:createVolume(464)) - Creating Volume: 51056b8c-5542-4c5e-b108-48df400a5361, with runner as owner and space quota set to -1 bytes, counts quota set to -1
2023-12-10 08:55:56,150 [om1-OMStateMachineApplyTransactionThread - 0] INFO  volume.OMVolumeCreateRequest (OMVolumeCreateRequest.java:validateAndUpdateCache(204)) - created volume:51056b8c-5542-4c5e-b108-48df400a5361 for user:runner
2023-12-10 08:55:56,152 [main] INFO  rpc.RpcClient (RpcClient.java:createBucket(691)) - Creating Bucket: 51056b8c-5542-4c5e-b108-48df400a5361/1f66a2d8-45ee-412d-8e0d-df26df7181b9, with server-side default bucket layout, runner as owner, Versioning false, Storage Type set to DISK and Encryption set to false, Replication Type set to server-side default replication type, Namespace Quota set to -1, Space Quota set to -1 
2023-12-10 08:55:56,153 [om1-OMStateMachineApplyTransactionThread - 0] INFO  bucket.OMBucketCreateRequest (OMBucketCreateRequest.java:validateAndUpdateCache(299)) - created bucket: 1f66a2d8-45ee-412d-8e0d-df26df7181b9 of layout FILE_SYSTEM_OPTIMIZED in volume: 51056b8c-5542-4c5e-b108-48df400a5361
2023-12-10 08:55:56,158 [IPC Server handler 0 on default port 15001] WARN  node.SCMNodeManager (SCMNodeManager.java:getNodesByAddress(1374)) - address is null
2023-12-10 08:55:56,279 [IPC Server handler 9 on default port 15001] WARN  node.SCMNodeManager (SCMNodeManager.java:getNodesByAddress(1374)) - address is null
2023-12-10 08:55:56,405 [main] INFO  rpc.RpcClient (RpcClient.java:createVolume(464)) - Creating Volume: 156ee39b-9de4-483f-a112-5070df3fd20b, with runner as owner and space quota set to -1 bytes, counts quota set to -1
2023-12-10 08:55:56,407 [om1-OMStateMachineApplyTransactionThread - 0] INFO  volume.OMVolumeCreateRequest (OMVolumeCreateRequest.java:validateAndUpdateCache(204)) - created volume:156ee39b-9de4-483f-a112-5070df3fd20b for user:runner
2023-12-10 08:55:56,408 [main] INFO  rpc.RpcClient (RpcClient.java:createBucket(691)) - Creating Bucket: 156ee39b-9de4-483f-a112-5070df3fd20b/ce11abe2-7ddf-4170-9268-3eae51db7d73, with server-side default bucket layout, runner as owner, Versioning false, Storage Type set to DISK and Encryption set to false, Replication Type set to server-side default replication type, Namespace Quota set to -1, Space Quota set to -1 
2023-12-10 08:55:56,410 [om1-OMStateMachineApplyTransactionThread - 0] INFO  bucket.OMBucketCreateRequest (OMBucketCreateRequest.java:validateAndUpdateCache(299)) - created bucket: ce11abe2-7ddf-4170-9268-3eae51db7d73 of layout FILE_SYSTEM_OPTIMIZED in volume: 156ee39b-9de4-483f-a112-5070df3fd20b
2023-12-10 08:55:56,414 [IPC Server handler 14 on default port 15001] WARN  node.SCMNodeManager (SCMNodeManager.java:getNodesByAddress(1374)) - address is null
2023-12-10 08:55:56,523 [IPC Server handler 5 on default port 15001] WARN  node.SCMNodeManager (SCMNodeManager.java:getNodesByAddress(1374)) - address is null
2023-12-10 08:55:56,620 [main] INFO  rpc.RpcClient (RpcClient.java:createVolume(464)) - Creating Volume: ddb44b3f-529b-4799-bdc8-e1b0431ed329, with runner as owner and space quota set to -1 bytes, counts quota set to -1
2023-12-10 08:55:56,622 [om1-OMStateMachineApplyTransactionThread - 0] INFO  volume.OMVolumeCreateRequest (OMVolumeCreateRequest.java:validateAndUpdateCache(204)) - created volume:ddb44b3f-529b-4799-bdc8-e1b0431ed329 for user:runner
2023-12-10 08:55:56,624 [main] INFO  rpc.RpcClient (RpcClient.java:createBucket(691)) - Creating Bucket: ddb44b3f-529b-4799-bdc8-e1b0431ed329/8e832e7e-49b8-4f6f-8982-c1eb7a92a0d6, with server-side default bucket layout, runner as owner, Versioning false, Storage Type set to DISK and Encryption set to false, Replication Type set to server-side default replication type, Namespace Quota set to -1, Space Quota set to -1 
2023-12-10 08:55:56,626 [om1-OMStateMachineApplyTransactionThread - 0] INFO  bucket.OMBucketCreateRequest (OMBucketCreateRequest.java:validateAndUpdateCache(299)) - created bucket: 8e832e7e-49b8-4f6f-8982-c1eb7a92a0d6 of layout FILE_SYSTEM_OPTIMIZED in volume: ddb44b3f-529b-4799-bdc8-e1b0431ed329
2023-12-10 08:55:56,631 [IPC Server handler 10 on default port 15001] WARN  node.SCMNodeManager (SCMNodeManager.java:getNodesByAddress(1374)) - address is null
2023-12-10 08:55:56,748 [IPC Server handler 15 on default port 15001] WARN  node.SCMNodeManager (SCMNodeManager.java:getNodesByAddress(1374)) - address is null
2023-12-10 08:55:56,868 [main] INFO  rpc.RpcClient (RpcClient.java:createVolume(464)) - Creating Volume: 5a268be4-f623-4d34-9a9b-07c89b3e386a, with runner as owner and space quota set to -1 bytes, counts quota set to -1
2023-12-10 08:55:56,870 [om1-OMStateMachineApplyTransactionThread - 0] INFO  volume.OMVolumeCreateRequest (OMVolumeCreateRequest.java:validateAndUpdateCache(204)) - created volume:5a268be4-f623-4d34-9a9b-07c89b3e386a for user:runner
2023-12-10 08:55:56,872 [main] INFO  rpc.RpcClient (RpcClient.java:createBucket(691)) - Creating Bucket: 5a268be4-f623-4d34-9a9b-07c89b3e386a/9756d173-a33f-40b5-abd0-14322af8914d, with server-side default bucket layout, runner as owner, Versioning false, Storage Type set to DISK and Encryption set to false, Replication Type set to server-side default replication type, Namespace Quota set to -1, Space Quota set to -1 
2023-12-10 08:55:56,874 [om1-OMStateMachineApplyTransactionThread - 0] INFO  bucket.OMBucketCreateRequest (OMBucketCreateRequest.java:validateAndUpdateCache(299)) - created bucket: 9756d173-a33f-40b5-abd0-14322af8914d of layout FILE_SYSTEM_OPTIMIZED in volume: 5a268be4-f623-4d34-9a9b-07c89b3e386a
2023-12-10 08:55:56,877 [IPC Server handler 2 on default port 15001] WARN  node.SCMNodeManager (SCMNodeManager.java:getNodesByAddress(1374)) - address is null
2023-12-10 08:55:56,878 [IPC Server handler 2 on default port 15001] WARN  node.SCMNodeManager (SCMNodeManager.java:getNodesByAddress(1374)) - address is null
2023-12-10 08:55:56,997 [IPC Server handler 18 on default port 15001] WARN  node.SCMNodeManager (SCMNodeManager.java:getNodesByAddress(1374)) - address is null
2023-12-10 08:55:56,998 [IPC Server handler 18 on default port 15001] WARN  node.SCMNodeManager (SCMNodeManager.java:getNodesByAddress(1374)) - address is null
2023-12-10 08:55:57,107 [main] INFO  rpc.RpcClient (RpcClient.java:createVolume(464)) - Creating Volume: c05fc655-06ef-489b-8dcf-a4912caa75ea, with runner as owner and space quota set to -1 bytes, counts quota set to -1
2023-12-10 08:55:57,108 [om1-OMStateMachineApplyTransactionThread - 0] INFO  volume.OMVolumeCreateRequest (OMVolumeCreateRequest.java:validateAndUpdateCache(204)) - created volume:c05fc655-06ef-489b-8dcf-a4912caa75ea for user:runner
2023-12-10 08:55:57,110 [main] INFO  rpc.RpcClient (RpcClient.java:createBucket(691)) - Creating Bucket: c05fc655-06ef-489b-8dcf-a4912caa75ea/c2ddef49-2fea-431d-86f7-25390054f446, with server-side default bucket layout, runner as owner, Versioning false, Storage Type set to DISK and Encryption set to false, Replication Type set to server-side default replication type, Namespace Quota set to -1, Space Quota set to -1 
2023-12-10 08:55:57,112 [om1-OMStateMachineApplyTransactionThread - 0] INFO  bucket.OMBucketCreateRequest (OMBucketCreateRequest.java:validateAndUpdateCache(299)) - created bucket: c2ddef49-2fea-431d-86f7-25390054f446 of layout FILE_SYSTEM_OPTIMIZED in volume: c05fc655-06ef-489b-8dcf-a4912caa75ea
2023-12-10 08:55:57,116 [IPC Server handler 0 on default port 15001] WARN  node.SCMNodeManager (SCMNodeManager.java:getNodesByAddress(1374)) - address is null
2023-12-10 08:55:57,116 [IPC Server handler 0 on default port 15001] WARN  node.SCMNodeManager (SCMNodeManager.java:getNodesByAddress(1374)) - address is null
2023-12-10 08:55:57,289 [IPC Server handler 16 on default port 15001] WARN  node.SCMNodeManager (SCMNodeManager.java:getNodesByAddress(1374)) - address is null
2023-12-10 08:55:57,289 [IPC Server handler 16 on default port 15001] WARN  node.SCMNodeManager (SCMNodeManager.java:getNodesByAddress(1374)) - address is null
2023-12-10 08:55:57,423 [main] INFO  rpc.RpcClient (RpcClient.java:createVolume(464)) - Creating Volume: cb749e83-5d30-4312-aa91-f2ad26cacdb4, with runner as owner and space quota set to -1 bytes, counts quota set to -1
2023-12-10 08:55:57,425 [om1-OMStateMachineApplyTransactionThread - 0] INFO  volume.OMVolumeCreateRequest (OMVolumeCreateRequest.java:validateAndUpdateCache(204)) - created volume:cb749e83-5d30-4312-aa91-f2ad26cacdb4 for user:runner
2023-12-10 08:55:57,426 [main] INFO  rpc.RpcClient (RpcClient.java:createBucket(691)) - Creating Bucket: cb749e83-5d30-4312-aa91-f2ad26cacdb4/fad63a46-5a78-482b-99f5-b3319644cbf4, with server-side default bucket layout, runner as owner, Versioning false, Storage Type set to DISK and Encryption set to false, Replication Type set to server-side default replication type, Namespace Quota set to -1, Space Quota set to -1 
2023-12-10 08:55:57,427 [om1-OMStateMachineApplyTransactionThread - 0] INFO  bucket.OMBucketCreateRequest (OMBucketCreateRequest.java:validateAndUpdateCache(299)) - created bucket: fad63a46-5a78-482b-99f5-b3319644cbf4 of layout FILE_SYSTEM_OPTIMIZED in volume: cb749e83-5d30-4312-aa91-f2ad26cacdb4
2023-12-10 08:55:57,431 [IPC Server handler 5 on default port 15001] WARN  node.SCMNodeManager (SCMNodeManager.java:getNodesByAddress(1374)) - address is null
2023-12-10 08:55:57,431 [IPC Server handler 5 on default port 15001] WARN  node.SCMNodeManager (SCMNodeManager.java:getNodesByAddress(1374)) - address is null
2023-12-10 08:55:57,557 [IPC Server handler 10 on default port 15001] WARN  node.SCMNodeManager (SCMNodeManager.java:getNodesByAddress(1374)) - address is null
2023-12-10 08:55:57,558 [IPC Server handler 10 on default port 15001] WARN  node.SCMNodeManager (SCMNodeManager.java:getNodesByAddress(1374)) - address is null
2023-12-10 08:55:57,680 [main] INFO  rpc.RpcClient (RpcClient.java:createVolume(464)) - Creating Volume: 4fb5e081-bdb0-4bbf-9e03-e61fba14cff2, with runner as owner and space quota set to -1 bytes, counts quota set to -1
2023-12-10 08:55:57,682 [om1-OMStateMachineApplyTransactionThread - 0] INFO  volume.OMVolumeCreateRequest (OMVolumeCreateRequest.java:validateAndUpdateCache(204)) - created volume:4fb5e081-bdb0-4bbf-9e03-e61fba14cff2 for user:runner
2023-12-10 08:55:57,683 [main] INFO  rpc.RpcClient (RpcClient.java:createBucket(691)) - Creating Bucket: 4fb5e081-bdb0-4bbf-9e03-e61fba14cff2/9f622a73-d518-4e6d-8ffc-d91aafadb8c4, with server-side default bucket layout, runner as owner, Versioning false, Storage Type set to DISK and Encryption set to false, Replication Type set to server-side default replication type, Namespace Quota set to -1, Space Quota set to -1 
2023-12-10 08:55:57,685 [om1-OMStateMachineApplyTransactionThread - 0] INFO  bucket.OMBucketCreateRequest (OMBucketCreateRequest.java:validateAndUpdateCache(299)) - created bucket: 9f622a73-d518-4e6d-8ffc-d91aafadb8c4 of layout FILE_SYSTEM_OPTIMIZED in volume: 4fb5e081-bdb0-4bbf-9e03-e61fba14cff2
2023-12-10 08:55:57,688 [IPC Server handler 8 on default port 15001] WARN  node.SCMNodeManager (SCMNodeManager.java:getNodesByAddress(1374)) - address is null
2023-12-10 08:55:57,689 [IPC Server handler 8 on default port 15001] WARN  node.SCMNodeManager (SCMNodeManager.java:getNodesByAddress(1374)) - address is null
2023-12-10 08:55:57,834 [IPC Server handler 2 on default port 15001] WARN  node.SCMNodeManager (SCMNodeManager.java:getNodesByAddress(1374)) - address is null
2023-12-10 08:55:57,835 [IPC Server handler 2 on default port 15001] WARN  node.SCMNodeManager (SCMNodeManager.java:getNodesByAddress(1374)) - address is null
2023-12-10 08:55:57,964 [main] INFO  rpc.RpcClient (RpcClient.java:createVolume(464)) - Creating Volume: a1b77c45-48af-4281-9704-71a19177b813, with runner as owner and space quota set to -1 bytes, counts quota set to -1
2023-12-10 08:55:57,966 [om1-OMStateMachineApplyTransactionThread - 0] INFO  volume.OMVolumeCreateRequest (OMVolumeCreateRequest.java:validateAndUpdateCache(204)) - created volume:a1b77c45-48af-4281-9704-71a19177b813 for user:runner
2023-12-10 08:55:57,967 [main] INFO  rpc.RpcClient (RpcClient.java:createBucket(691)) - Creating Bucket: a1b77c45-48af-4281-9704-71a19177b813/4ce4b1cb-7a48-42d7-9dee-d2030378e852, with server-side default bucket layout, runner as owner, Versioning false, Storage Type set to DISK and Encryption set to false, Replication Type set to server-side default replication type, Namespace Quota set to -1, Space Quota set to -1 
2023-12-10 08:55:57,968 [om1-OMStateMachineApplyTransactionThread - 0] INFO  bucket.OMBucketCreateRequest (OMBucketCreateRequest.java:validateAndUpdateCache(299)) - created bucket: 4ce4b1cb-7a48-42d7-9dee-d2030378e852 of layout FILE_SYSTEM_OPTIMIZED in volume: a1b77c45-48af-4281-9704-71a19177b813
2023-12-10 08:55:57,972 [IPC Server handler 18 on default port 15001] WARN  node.SCMNodeManager (SCMNodeManager.java:getNodesByAddress(1374)) - address is null
2023-12-10 08:55:57,973 [IPC Server handler 18 on default port 15001] WARN  node.SCMNodeManager (SCMNodeManager.java:getNodesByAddress(1374)) - address is null
2023-12-10 08:55:58,111 [IPC Server handler 0 on default port 15001] WARN  node.SCMNodeManager (SCMNodeManager.java:getNodesByAddress(1374)) - address is null
2023-12-10 08:55:58,112 [IPC Server handler 0 on default port 15001] WARN  node.SCMNodeManager (SCMNodeManager.java:getNodesByAddress(1374)) - address is null
]]></system-out>
  </testcase>
  <testcase name="testBucketQuotaInNamespace" classname="org.apache.hadoop.ozone.client.rpc.TestOzoneRpcClientWithRatis" time="0.062">
    <system-out><![CDATA[2023-12-10 08:55:58,259 [main] INFO  rpc.RpcClient (RpcClient.java:createVolume(464)) - Creating Volume: a6754994-7eb2-48e0-97ad-1fb394666cfd, with runner as owner and space quota set to -1 bytes, counts quota set to -1
2023-12-10 08:55:58,260 [om1-OMStateMachineApplyTransactionThread - 0] INFO  volume.OMVolumeCreateRequest (OMVolumeCreateRequest.java:validateAndUpdateCache(204)) - created volume:a6754994-7eb2-48e0-97ad-1fb394666cfd for user:runner
2023-12-10 08:55:58,262 [main] INFO  rpc.RpcClient (RpcClient.java:createBucket(691)) - Creating Bucket: a6754994-7eb2-48e0-97ad-1fb394666cfd/441836d4-64f6-490a-8328-8304a187ee6a, with server-side default bucket layout, runner as owner, Versioning false, Storage Type set to DISK and Encryption set to false, Replication Type set to server-side default replication type, Namespace Quota set to -1, Space Quota set to -1 
2023-12-10 08:55:58,264 [om1-OMStateMachineApplyTransactionThread - 0] INFO  bucket.OMBucketCreateRequest (OMBucketCreateRequest.java:validateAndUpdateCache(299)) - created bucket: 441836d4-64f6-490a-8328-8304a187ee6a of layout FILE_SYSTEM_OPTIMIZED in volume: a6754994-7eb2-48e0-97ad-1fb394666cfd
2023-12-10 08:55:58,272 [IPC Server handler 9 on default port 15001] WARN  node.SCMNodeManager (SCMNodeManager.java:getNodesByAddress(1374)) - address is null
2023-12-10 08:55:58,285 [IPC Server handler 16 on default port 15001] WARN  node.SCMNodeManager (SCMNodeManager.java:getNodesByAddress(1374)) - address is null
2023-12-10 08:55:58,301 [IPC Server handler 13 on default port 15001] WARN  node.SCMNodeManager (SCMNodeManager.java:getNodesByAddress(1374)) - address is null
08:55:58.303 [om1-OMStateMachineApplyTransactionThread - 0] ERROR OMAudit - user=runner | ip=127.0.0.1 | op=ALLOCATE_KEY {volume=a6754994-7eb2-48e0-97ad-1fb394666cfd, bucket=441836d4-64f6-490a-8328-8304a187ee6a, key=c87d77a5-53bb-44ed-b0bd-70fd3cd6e7d4, dataSize=12, replicationType=RATIS, replicationFactor=ONE} | ret=FAILURE
org.apache.hadoop.ozone.om.exceptions.OMException: The namespace quota of Bucket:441836d4-64f6-490a-8328-8304a187ee6a exceeded: quotaInNamespace: 2 but namespace consumed: 3.
	at org.apache.hadoop.ozone.om.request.key.OMKeyRequest.checkBucketQuotaInNamespace(OMKeyRequest.java:613) ~[ozone-manager-1.4.0-SNAPSHOT.jar:?]
	at org.apache.hadoop.ozone.om.request.key.OMKeyCreateRequestWithFSO.validateAndUpdateCache(OMKeyCreateRequestWithFSO.java:192) ~[ozone-manager-1.4.0-SNAPSHOT.jar:?]
	at org.apache.hadoop.ozone.protocolPB.OzoneManagerRequestHandler.lambda$0(OzoneManagerRequestHandler.java:395) ~[ozone-manager-1.4.0-SNAPSHOT.jar:?]
	at org.apache.hadoop.util.MetricUtil.captureLatencyNs(MetricUtil.java:39) ~[hdds-common-1.4.0-SNAPSHOT.jar:?]
	at org.apache.hadoop.ozone.protocolPB.OzoneManagerRequestHandler.handleWriteRequest(OzoneManagerRequestHandler.java:393) ~[ozone-manager-1.4.0-SNAPSHOT.jar:?]
	at org.apache.hadoop.ozone.om.ratis.OzoneManagerStateMachine.runCommand(OzoneManagerStateMachine.java:582) ~[ozone-manager-1.4.0-SNAPSHOT.jar:?]
	at org.apache.hadoop.ozone.om.ratis.OzoneManagerStateMachine.lambda$1(OzoneManagerStateMachine.java:370) ~[ozone-manager-1.4.0-SNAPSHOT.jar:?]
	at java.util.concurrent.CompletableFuture$AsyncSupply.run(CompletableFuture.java:1604) [?:1.8.0_392]
	at java.util.concurrent.ThreadPoolExecutor.runWorker(ThreadPoolExecutor.java:1149) [?:1.8.0_392]
	at java.util.concurrent.ThreadPoolExecutor$Worker.run(ThreadPoolExecutor.java:624) [?:1.8.0_392]
	at java.lang.Thread.run(Thread.java:750) [?:1.8.0_392]
2023-12-10 08:55:58,303 [om1-OMStateMachineApplyTransactionThread - 0] ERROR key.OMKeyCreateRequest (OMKeyCreateRequest.java:logResult(388)) - Key creation failed. Volume:a6754994-7eb2-48e0-97ad-1fb394666cfd, Bucket:441836d4-64f6-490a-8328-8304a187ee6a, Key:c87d77a5-53bb-44ed-b0bd-70fd3cd6e7d4. 
QUOTA_EXCEEDED org.apache.hadoop.ozone.om.exceptions.OMException: The namespace quota of Bucket:441836d4-64f6-490a-8328-8304a187ee6a exceeded: quotaInNamespace: 2 but namespace consumed: 3.
	at org.apache.hadoop.ozone.om.request.key.OMKeyRequest.checkBucketQuotaInNamespace(OMKeyRequest.java:613)
	at org.apache.hadoop.ozone.om.request.key.OMKeyCreateRequestWithFSO.validateAndUpdateCache(OMKeyCreateRequestWithFSO.java:192)
	at org.apache.hadoop.ozone.protocolPB.OzoneManagerRequestHandler.lambda$0(OzoneManagerRequestHandler.java:395)
	at org.apache.hadoop.util.MetricUtil.captureLatencyNs(MetricUtil.java:39)
	at org.apache.hadoop.ozone.protocolPB.OzoneManagerRequestHandler.handleWriteRequest(OzoneManagerRequestHandler.java:393)
	at org.apache.hadoop.ozone.om.ratis.OzoneManagerStateMachine.runCommand(OzoneManagerStateMachine.java:582)
	at org.apache.hadoop.ozone.om.ratis.OzoneManagerStateMachine.lambda$1(OzoneManagerStateMachine.java:370)
	at java.util.concurrent.CompletableFuture$AsyncSupply.run(CompletableFuture.java:1604)
	at java.util.concurrent.ThreadPoolExecutor.runWorker(ThreadPoolExecutor.java:1149)
	at java.util.concurrent.ThreadPoolExecutor$Worker.run(ThreadPoolExecutor.java:624)
	at java.lang.Thread.run(Thread.java:750)
]]></system-out>
  </testcase>
  <testcase name="testBucketSetOwner" classname="org.apache.hadoop.ozone.client.rpc.TestOzoneRpcClientWithRatis" time="0.028">
    <system-out><![CDATA[2023-12-10 08:55:58,321 [main] INFO  rpc.RpcClient (RpcClient.java:createVolume(464)) - Creating Volume: e88ba2a9-deb5-42a5-b175-95dcf41a9631, with runner as owner and space quota set to -1 bytes, counts quota set to -1
2023-12-10 08:55:58,324 [om1-OMStateMachineApplyTransactionThread - 0] INFO  volume.OMVolumeCreateRequest (OMVolumeCreateRequest.java:validateAndUpdateCache(204)) - created volume:e88ba2a9-deb5-42a5-b175-95dcf41a9631 for user:runner
2023-12-10 08:55:58,325 [main] INFO  rpc.RpcClient (RpcClient.java:createBucket(691)) - Creating Bucket: e88ba2a9-deb5-42a5-b175-95dcf41a9631/f4bfbffa-a43a-42f1-aa7b-fe786c1ac392, with server-side default bucket layout, runner as owner, Versioning false, Storage Type set to DISK and Encryption set to false, Replication Type set to server-side default replication type, Namespace Quota set to -1, Space Quota set to -1 
2023-12-10 08:55:58,326 [om1-OMStateMachineApplyTransactionThread - 0] INFO  bucket.OMBucketCreateRequest (OMBucketCreateRequest.java:validateAndUpdateCache(299)) - created bucket: f4bfbffa-a43a-42f1-aa7b-fe786c1ac392 of layout FILE_SYSTEM_OPTIMIZED in volume: e88ba2a9-deb5-42a5-b175-95dcf41a9631
]]></system-out>
  </testcase>
  <testcase name="testBucketUsedBytes" classname="org.apache.hadoop.ozone.client.rpc.TestOzoneRpcClientWithRatis" time="0.047">
    <system-out><![CDATA[2023-12-10 08:55:58,351 [main] INFO  rpc.RpcClient (RpcClient.java:createVolume(464)) - Creating Volume: ef9c352d-5d0c-4bbf-8144-1a884805236b, with runner as owner and space quota set to -1 bytes, counts quota set to -1
2023-12-10 08:55:58,353 [om1-OMStateMachineApplyTransactionThread - 0] INFO  volume.OMVolumeCreateRequest (OMVolumeCreateRequest.java:validateAndUpdateCache(204)) - created volume:ef9c352d-5d0c-4bbf-8144-1a884805236b for user:runner
2023-12-10 08:55:58,354 [main] INFO  rpc.RpcClient (RpcClient.java:createBucket(691)) - Creating Bucket: ef9c352d-5d0c-4bbf-8144-1a884805236b/8dbf22dd-5532-40d8-94c1-a9970a8b95ca, with bucket layout OBJECT_STORE, runner as owner, Versioning false, Storage Type set to DISK and Encryption set to false, Replication Type set to server-side default replication type, Namespace Quota set to -1, Space Quota set to -1 
2023-12-10 08:55:58,356 [om1-OMStateMachineApplyTransactionThread - 0] INFO  bucket.OMBucketCreateRequest (OMBucketCreateRequest.java:validateAndUpdateCache(299)) - created bucket: 8dbf22dd-5532-40d8-94c1-a9970a8b95ca of layout OBJECT_STORE in volume: ef9c352d-5d0c-4bbf-8144-1a884805236b
2023-12-10 08:55:58,359 [IPC Server handler 4 on default port 15001] WARN  node.SCMNodeManager (SCMNodeManager.java:getNodesByAddress(1374)) - address is null
2023-12-10 08:55:58,372 [IPC Server handler 14 on default port 15001] WARN  node.SCMNodeManager (SCMNodeManager.java:getNodesByAddress(1374)) - address is null
2023-12-10 08:55:58,383 [IPC Server handler 5 on default port 15001] WARN  node.SCMNodeManager (SCMNodeManager.java:getNodesByAddress(1374)) - address is null
2023-12-10 08:55:58,383 [IPC Server handler 5 on default port 15001] WARN  node.SCMNodeManager (SCMNodeManager.java:getNodesByAddress(1374)) - address is null
]]></system-out>
  </testcase>
  <testcase name="testBucketUsedNamespace(BucketLayout)[1]" classname="org.apache.hadoop.ozone.client.rpc.TestOzoneRpcClientWithRatis" time="0.086">
    <system-out><![CDATA[2023-12-10 08:55:58,401 [main] INFO  rpc.RpcClient (RpcClient.java:createVolume(464)) - Creating Volume: 87341877-26a5-4266-9a76-8ccf07a05472, with runner as owner and space quota set to -1 bytes, counts quota set to -1
2023-12-10 08:55:58,403 [om1-OMStateMachineApplyTransactionThread - 0] INFO  volume.OMVolumeCreateRequest (OMVolumeCreateRequest.java:validateAndUpdateCache(204)) - created volume:87341877-26a5-4266-9a76-8ccf07a05472 for user:runner
2023-12-10 08:55:58,404 [main] INFO  rpc.RpcClient (RpcClient.java:createBucket(691)) - Creating Bucket: 87341877-26a5-4266-9a76-8ccf07a05472/8c610000-1bb5-4620-8bed-6ed677bf765f, with bucket layout OBJECT_STORE, runner as owner, Versioning false, Storage Type set to DISK and Encryption set to false, Replication Type set to server-side default replication type, Namespace Quota set to -1, Space Quota set to -1 
2023-12-10 08:55:58,406 [om1-OMStateMachineApplyTransactionThread - 0] INFO  bucket.OMBucketCreateRequest (OMBucketCreateRequest.java:validateAndUpdateCache(299)) - created bucket: 8c610000-1bb5-4620-8bed-6ed677bf765f of layout OBJECT_STORE in volume: 87341877-26a5-4266-9a76-8ccf07a05472
2023-12-10 08:55:58,408 [IPC Server handler 10 on default port 15001] WARN  node.SCMNodeManager (SCMNodeManager.java:getNodesByAddress(1374)) - address is null
2023-12-10 08:55:58,419 [IPC Server handler 17 on default port 15001] WARN  node.SCMNodeManager (SCMNodeManager.java:getNodesByAddress(1374)) - address is null
2023-12-10 08:55:58,429 [IPC Server handler 8 on default port 15001] WARN  node.SCMNodeManager (SCMNodeManager.java:getNodesByAddress(1374)) - address is null
]]></system-out>
  </testcase>
  <testcase name="testBucketUsedNamespace(BucketLayout)[2]" classname="org.apache.hadoop.ozone.client.rpc.TestOzoneRpcClientWithRatis" time="0.087">
    <system-out><![CDATA[2023-12-10 08:55:58,488 [main] INFO  rpc.RpcClient (RpcClient.java:createVolume(464)) - Creating Volume: 7de726fa-cc86-4e4b-8db6-bdb3316de09f, with runner as owner and space quota set to -1 bytes, counts quota set to -1
2023-12-10 08:55:58,490 [om1-OMStateMachineApplyTransactionThread - 0] INFO  volume.OMVolumeCreateRequest (OMVolumeCreateRequest.java:validateAndUpdateCache(204)) - created volume:7de726fa-cc86-4e4b-8db6-bdb3316de09f for user:runner
2023-12-10 08:55:58,492 [main] INFO  rpc.RpcClient (RpcClient.java:createBucket(691)) - Creating Bucket: 7de726fa-cc86-4e4b-8db6-bdb3316de09f/74c1ce97-db61-4d81-a01e-974bbc85236b, with bucket layout LEGACY, runner as owner, Versioning false, Storage Type set to DISK and Encryption set to false, Replication Type set to server-side default replication type, Namespace Quota set to -1, Space Quota set to -1 
2023-12-10 08:55:58,494 [om1-OMStateMachineApplyTransactionThread - 0] INFO  bucket.OMBucketCreateRequest (OMBucketCreateRequest.java:validateAndUpdateCache(299)) - created bucket: 74c1ce97-db61-4d81-a01e-974bbc85236b of layout LEGACY in volume: 7de726fa-cc86-4e4b-8db6-bdb3316de09f
2023-12-10 08:55:58,496 [IPC Server handler 15 on default port 15001] WARN  node.SCMNodeManager (SCMNodeManager.java:getNodesByAddress(1374)) - address is null
2023-12-10 08:55:58,510 [IPC Server handler 11 on default port 15001] WARN  node.SCMNodeManager (SCMNodeManager.java:getNodesByAddress(1374)) - address is null
2023-12-10 08:55:58,524 [IPC Server handler 1 on default port 15001] WARN  node.SCMNodeManager (SCMNodeManager.java:getNodesByAddress(1374)) - address is null
]]></system-out>
  </testcase>
  <testcase name="testBucketUsedNamespace(BucketLayout)[3]" classname="org.apache.hadoop.ozone.client.rpc.TestOzoneRpcClientWithRatis" time="0.087">
    <system-out><![CDATA[2023-12-10 08:55:58,577 [main] INFO  rpc.RpcClient (RpcClient.java:createVolume(464)) - Creating Volume: 3c6d2d2e-f92f-4406-a4ec-387f86d4f51f, with runner as owner and space quota set to -1 bytes, counts quota set to -1
2023-12-10 08:55:58,579 [om1-OMStateMachineApplyTransactionThread - 0] INFO  volume.OMVolumeCreateRequest (OMVolumeCreateRequest.java:validateAndUpdateCache(204)) - created volume:3c6d2d2e-f92f-4406-a4ec-387f86d4f51f for user:runner
2023-12-10 08:55:58,581 [main] INFO  rpc.RpcClient (RpcClient.java:createBucket(691)) - Creating Bucket: 3c6d2d2e-f92f-4406-a4ec-387f86d4f51f/0c1a7d95-5370-4b09-bf47-6ef7aa77261e, with bucket layout FILE_SYSTEM_OPTIMIZED, runner as owner, Versioning false, Storage Type set to DISK and Encryption set to false, Replication Type set to server-side default replication type, Namespace Quota set to -1, Space Quota set to -1 
2023-12-10 08:55:58,583 [om1-OMStateMachineApplyTransactionThread - 0] INFO  bucket.OMBucketCreateRequest (OMBucketCreateRequest.java:validateAndUpdateCache(299)) - created bucket: 0c1a7d95-5370-4b09-bf47-6ef7aa77261e of layout FILE_SYSTEM_OPTIMIZED in volume: 3c6d2d2e-f92f-4406-a4ec-387f86d4f51f
2023-12-10 08:55:58,586 [IPC Server handler 2 on default port 15001] WARN  node.SCMNodeManager (SCMNodeManager.java:getNodesByAddress(1374)) - address is null
2023-12-10 08:55:58,598 [IPC Server handler 18 on default port 15001] WARN  node.SCMNodeManager (SCMNodeManager.java:getNodesByAddress(1374)) - address is null
2023-12-10 08:55:58,608 [IPC Server handler 12 on default port 15001] WARN  node.SCMNodeManager (SCMNodeManager.java:getNodesByAddress(1374)) - address is null
]]></system-out>
  </testcase>
  <testcase name="testCheckUsedBytesQuota" classname="org.apache.hadoop.ozone.client.rpc.TestOzoneRpcClientWithRatis" time="0.497">
    <system-out><![CDATA[2023-12-10 08:55:58,665 [main] INFO  rpc.RpcClient (RpcClient.java:createVolume(464)) - Creating Volume: 86102428-5ce9-44b4-8f37-6c657b796ac2, with runner as owner and space quota set to -1 bytes, counts quota set to -1
2023-12-10 08:55:58,667 [om1-OMStateMachineApplyTransactionThread - 0] INFO  volume.OMVolumeCreateRequest (OMVolumeCreateRequest.java:validateAndUpdateCache(204)) - created volume:86102428-5ce9-44b4-8f37-6c657b796ac2 for user:runner
2023-12-10 08:55:58,668 [main] INFO  rpc.RpcClient (RpcClient.java:createBucket(691)) - Creating Bucket: 86102428-5ce9-44b4-8f37-6c657b796ac2/137d0f0d-9d2c-4715-ac49-00fcc015edb7, with server-side default bucket layout, runner as owner, Versioning false, Storage Type set to DISK and Encryption set to false, Replication Type set to server-side default replication type, Namespace Quota set to -1, Space Quota set to -1 
2023-12-10 08:55:58,669 [om1-OMStateMachineApplyTransactionThread - 0] INFO  bucket.OMBucketCreateRequest (OMBucketCreateRequest.java:validateAndUpdateCache(299)) - created bucket: 137d0f0d-9d2c-4715-ac49-00fcc015edb7 of layout FILE_SYSTEM_OPTIMIZED in volume: 86102428-5ce9-44b4-8f37-6c657b796ac2
2023-12-10 08:55:58,672 [main] INFO  rpc.RpcClient (RpcClient.java:createBucket(691)) - Creating Bucket: 86102428-5ce9-44b4-8f37-6c657b796ac2/63dedeb6-7556-4f1f-8cde-603c243dd207, with server-side default bucket layout, runner as owner, Versioning false, Storage Type set to DISK and Encryption set to false, Replication Type set to server-side default replication type, Namespace Quota set to -1, Space Quota set to -1 
2023-12-10 08:55:58,673 [om1-OMStateMachineApplyTransactionThread - 0] INFO  bucket.OMBucketCreateRequest (OMBucketCreateRequest.java:validateAndUpdateCache(299)) - created bucket: 63dedeb6-7556-4f1f-8cde-603c243dd207 of layout FILE_SYSTEM_OPTIMIZED in volume: 86102428-5ce9-44b4-8f37-6c657b796ac2
2023-12-10 08:55:58,683 [IPC Server handler 3 on default port 15001] WARN  node.SCMNodeManager (SCMNodeManager.java:getNodesByAddress(1374)) - address is null
08:55:58.684 [om1-OMStateMachineApplyTransactionThread - 0] ERROR OMAudit - user=runner | ip=127.0.0.1 | op=ALLOCATE_KEY {volume=86102428-5ce9-44b4-8f37-6c657b796ac2, bucket=63dedeb6-7556-4f1f-8cde-603c243dd207, key=3e562cd3-aac3-414a-bc58-578b0f5dd3df, dataSize=12, replicationType=RATIS, replicationFactor=ONE} | ret=FAILURE
org.apache.hadoop.ozone.om.exceptions.OMException: The DiskSpace quota of bucket:63dedeb6-7556-4f1f-8cde-603c243dd207 exceeded quotaInBytes: 1 Bytes but diskspace consumed: 4194304 Bytes.
	at org.apache.hadoop.ozone.om.request.key.OMKeyRequest.checkBucketQuotaInBytes(OMKeyRequest.java:594) ~[ozone-manager-1.4.0-SNAPSHOT.jar:?]
	at org.apache.hadoop.ozone.om.request.key.OMKeyCreateRequestWithFSO.validateAndUpdateCache(OMKeyCreateRequestWithFSO.java:190) ~[ozone-manager-1.4.0-SNAPSHOT.jar:?]
	at org.apache.hadoop.ozone.protocolPB.OzoneManagerRequestHandler.lambda$0(OzoneManagerRequestHandler.java:395) ~[ozone-manager-1.4.0-SNAPSHOT.jar:?]
	at org.apache.hadoop.util.MetricUtil.captureLatencyNs(MetricUtil.java:39) ~[hdds-common-1.4.0-SNAPSHOT.jar:?]
	at org.apache.hadoop.ozone.protocolPB.OzoneManagerRequestHandler.handleWriteRequest(OzoneManagerRequestHandler.java:393) ~[ozone-manager-1.4.0-SNAPSHOT.jar:?]
	at org.apache.hadoop.ozone.om.ratis.OzoneManagerStateMachine.runCommand(OzoneManagerStateMachine.java:582) ~[ozone-manager-1.4.0-SNAPSHOT.jar:?]
	at org.apache.hadoop.ozone.om.ratis.OzoneManagerStateMachine.lambda$1(OzoneManagerStateMachine.java:370) ~[ozone-manager-1.4.0-SNAPSHOT.jar:?]
	at java.util.concurrent.CompletableFuture$AsyncSupply.run(CompletableFuture.java:1604) [?:1.8.0_392]
	at java.util.concurrent.ThreadPoolExecutor.runWorker(ThreadPoolExecutor.java:1149) [?:1.8.0_392]
	at java.util.concurrent.ThreadPoolExecutor$Worker.run(ThreadPoolExecutor.java:624) [?:1.8.0_392]
	at java.lang.Thread.run(Thread.java:750) [?:1.8.0_392]
2023-12-10 08:55:58,685 [om1-OMStateMachineApplyTransactionThread - 0] ERROR key.OMKeyCreateRequest (OMKeyCreateRequest.java:logResult(388)) - Key creation failed. Volume:86102428-5ce9-44b4-8f37-6c657b796ac2, Bucket:63dedeb6-7556-4f1f-8cde-603c243dd207, Key:3e562cd3-aac3-414a-bc58-578b0f5dd3df. 
QUOTA_EXCEEDED org.apache.hadoop.ozone.om.exceptions.OMException: The DiskSpace quota of bucket:63dedeb6-7556-4f1f-8cde-603c243dd207 exceeded quotaInBytes: 1 Bytes but diskspace consumed: 4194304 Bytes.
	at org.apache.hadoop.ozone.om.request.key.OMKeyRequest.checkBucketQuotaInBytes(OMKeyRequest.java:594)
	at org.apache.hadoop.ozone.om.request.key.OMKeyCreateRequestWithFSO.validateAndUpdateCache(OMKeyCreateRequestWithFSO.java:190)
	at org.apache.hadoop.ozone.protocolPB.OzoneManagerRequestHandler.lambda$0(OzoneManagerRequestHandler.java:395)
	at org.apache.hadoop.util.MetricUtil.captureLatencyNs(MetricUtil.java:39)
	at org.apache.hadoop.ozone.protocolPB.OzoneManagerRequestHandler.handleWriteRequest(OzoneManagerRequestHandler.java:393)
	at org.apache.hadoop.ozone.om.ratis.OzoneManagerStateMachine.runCommand(OzoneManagerStateMachine.java:582)
	at org.apache.hadoop.ozone.om.ratis.OzoneManagerStateMachine.lambda$1(OzoneManagerStateMachine.java:370)
	at java.util.concurrent.CompletableFuture$AsyncSupply.run(CompletableFuture.java:1604)
	at java.util.concurrent.ThreadPoolExecutor.runWorker(ThreadPoolExecutor.java:1149)
	at java.util.concurrent.ThreadPoolExecutor$Worker.run(ThreadPoolExecutor.java:624)
	at java.lang.Thread.run(Thread.java:750)
2023-12-10 08:55:58,691 [IPC Server handler 19 on default port 15001] WARN  node.SCMNodeManager (SCMNodeManager.java:getNodesByAddress(1374)) - address is null
08:55:58.694 [om1-OMStateMachineApplyTransactionThread - 0] ERROR OMAudit - user=runner | ip=127.0.0.1 | op=CREATE_FILE {volume=86102428-5ce9-44b4-8f37-6c657b796ac2, bucket=63dedeb6-7556-4f1f-8cde-603c243dd207, key=b99274b4-c922-48bb-a998-4e8df849ffad, dataSize=4194304, replicationType=RATIS, replicationFactor=ONE} | ret=FAILURE
org.apache.hadoop.ozone.om.exceptions.OMException: The DiskSpace quota of bucket:63dedeb6-7556-4f1f-8cde-603c243dd207 exceeded quotaInBytes: 1 Bytes but diskspace consumed: 4194304 Bytes.
	at org.apache.hadoop.ozone.om.request.key.OMKeyRequest.checkBucketQuotaInBytes(OMKeyRequest.java:594) ~[ozone-manager-1.4.0-SNAPSHOT.jar:?]
	at org.apache.hadoop.ozone.om.request.file.OMFileCreateRequestWithFSO.validateAndUpdateCache(OMFileCreateRequestWithFSO.java:204) ~[ozone-manager-1.4.0-SNAPSHOT.jar:?]
	at org.apache.hadoop.ozone.protocolPB.OzoneManagerRequestHandler.lambda$0(OzoneManagerRequestHandler.java:395) ~[ozone-manager-1.4.0-SNAPSHOT.jar:?]
	at org.apache.hadoop.util.MetricUtil.captureLatencyNs(MetricUtil.java:39) ~[hdds-common-1.4.0-SNAPSHOT.jar:?]
	at org.apache.hadoop.ozone.protocolPB.OzoneManagerRequestHandler.handleWriteRequest(OzoneManagerRequestHandler.java:393) ~[ozone-manager-1.4.0-SNAPSHOT.jar:?]
	at org.apache.hadoop.ozone.om.ratis.OzoneManagerStateMachine.runCommand(OzoneManagerStateMachine.java:582) ~[ozone-manager-1.4.0-SNAPSHOT.jar:?]
	at org.apache.hadoop.ozone.om.ratis.OzoneManagerStateMachine.lambda$1(OzoneManagerStateMachine.java:370) ~[ozone-manager-1.4.0-SNAPSHOT.jar:?]
	at java.util.concurrent.CompletableFuture$AsyncSupply.run(CompletableFuture.java:1604) [?:1.8.0_392]
	at java.util.concurrent.ThreadPoolExecutor.runWorker(ThreadPoolExecutor.java:1149) [?:1.8.0_392]
	at java.util.concurrent.ThreadPoolExecutor$Worker.run(ThreadPoolExecutor.java:624) [?:1.8.0_392]
	at java.lang.Thread.run(Thread.java:750) [?:1.8.0_392]
2023-12-10 08:55:58,694 [om1-OMStateMachineApplyTransactionThread - 0] ERROR file.OMFileCreateRequestWithFSO (OMFileCreateRequestWithFSO.java:validateAndUpdateCache(266)) - File create failed. Volume:86102428-5ce9-44b4-8f37-6c657b796ac2, Bucket:63dedeb6-7556-4f1f-8cde-603c243dd207, Key:b99274b4-c922-48bb-a998-4e8df849ffad.
QUOTA_EXCEEDED org.apache.hadoop.ozone.om.exceptions.OMException: The DiskSpace quota of bucket:63dedeb6-7556-4f1f-8cde-603c243dd207 exceeded quotaInBytes: 1 Bytes but diskspace consumed: 4194304 Bytes.
	at org.apache.hadoop.ozone.om.request.key.OMKeyRequest.checkBucketQuotaInBytes(OMKeyRequest.java:594)
	at org.apache.hadoop.ozone.om.request.file.OMFileCreateRequestWithFSO.validateAndUpdateCache(OMFileCreateRequestWithFSO.java:204)
	at org.apache.hadoop.ozone.protocolPB.OzoneManagerRequestHandler.lambda$0(OzoneManagerRequestHandler.java:395)
	at org.apache.hadoop.util.MetricUtil.captureLatencyNs(MetricUtil.java:39)
	at org.apache.hadoop.ozone.protocolPB.OzoneManagerRequestHandler.handleWriteRequest(OzoneManagerRequestHandler.java:393)
	at org.apache.hadoop.ozone.om.ratis.OzoneManagerStateMachine.runCommand(OzoneManagerStateMachine.java:582)
	at org.apache.hadoop.ozone.om.ratis.OzoneManagerStateMachine.lambda$1(OzoneManagerStateMachine.java:370)
	at java.util.concurrent.CompletableFuture$AsyncSupply.run(CompletableFuture.java:1604)
	at java.util.concurrent.ThreadPoolExecutor.runWorker(ThreadPoolExecutor.java:1149)
	at java.util.concurrent.ThreadPoolExecutor$Worker.run(ThreadPoolExecutor.java:624)
	at java.lang.Thread.run(Thread.java:750)
2023-12-10 08:55:58,699 [IPC Server handler 0 on default port 15001] WARN  node.SCMNodeManager (SCMNodeManager.java:getNodesByAddress(1374)) - address is null
2023-12-10 08:55:58,918 [IPC Server handler 6 on default port 15001] WARN  node.SCMNodeManager (SCMNodeManager.java:getNodesByAddress(1374)) - address is null
2023-12-10 08:55:58,990 [IPC Server handler 7 on default port 15001] WARN  node.SCMNodeManager (SCMNodeManager.java:getNodesByAddress(1374)) - address is null
2023-12-10 08:55:59,056 [IPC Server handler 9 on default port 15001] WARN  node.SCMNodeManager (SCMNodeManager.java:getNodesByAddress(1374)) - address is null
2023-12-10 08:55:59,121 [IPC Server handler 16 on default port 15001] WARN  node.SCMNodeManager (SCMNodeManager.java:getNodesByAddress(1374)) - address is null
2023-12-10 08:55:59,122 [om1-OMStateMachineApplyTransactionThread - 0] ERROR key.OMAllocateBlockRequestWithFSO (OMAllocateBlockRequestWithFSO.java:validateAndUpdateCache(185)) - Allocate Block failed. Volume:86102428-5ce9-44b4-8f37-6c657b796ac2, Bucket:63dedeb6-7556-4f1f-8cde-603c243dd207, OpenKey:/-9223372036854631168/-9223372036854629632/-9223372036854629632/03bf4252-7b53-40a3-96e6-f8e89ed9c27e/111555284742897741. Exception:{}
QUOTA_EXCEEDED org.apache.hadoop.ozone.om.exceptions.OMException: The DiskSpace quota of bucket:63dedeb6-7556-4f1f-8cde-603c243dd207 exceeded quotaInBytes: 16777216 Bytes but diskspace consumed: 20971520 Bytes.
	at org.apache.hadoop.ozone.om.request.key.OMKeyRequest.checkBucketQuotaInBytes(OMKeyRequest.java:594)
	at org.apache.hadoop.ozone.om.request.key.OMAllocateBlockRequestWithFSO.validateAndUpdateCache(OMAllocateBlockRequestWithFSO.java:158)
	at org.apache.hadoop.ozone.protocolPB.OzoneManagerRequestHandler.lambda$0(OzoneManagerRequestHandler.java:395)
	at org.apache.hadoop.util.MetricUtil.captureLatencyNs(MetricUtil.java:39)
	at org.apache.hadoop.ozone.protocolPB.OzoneManagerRequestHandler.handleWriteRequest(OzoneManagerRequestHandler.java:393)
	at org.apache.hadoop.ozone.om.ratis.OzoneManagerStateMachine.runCommand(OzoneManagerStateMachine.java:582)
	at org.apache.hadoop.ozone.om.ratis.OzoneManagerStateMachine.lambda$1(OzoneManagerStateMachine.java:370)
	at java.util.concurrent.CompletableFuture$AsyncSupply.run(CompletableFuture.java:1604)
	at java.util.concurrent.ThreadPoolExecutor.runWorker(ThreadPoolExecutor.java:1149)
	at java.util.concurrent.ThreadPoolExecutor$Worker.run(ThreadPoolExecutor.java:624)
	at java.lang.Thread.run(Thread.java:750)
08:55:59.123 [om1-OMStateMachineApplyTransactionThread - 0] ERROR OMAudit - user=runner | ip=127.0.0.1 | op=ALLOCATE_BLOCK {volume=86102428-5ce9-44b4-8f37-6c657b796ac2, bucket=63dedeb6-7556-4f1f-8cde-603c243dd207, key=03bf4252-7b53-40a3-96e6-f8e89ed9c27e, dataSize=12, replicationType=RATIS, replicationFactor=ONE, clientID=111555284742897741} | ret=FAILURE
org.apache.hadoop.ozone.om.exceptions.OMException: The DiskSpace quota of bucket:63dedeb6-7556-4f1f-8cde-603c243dd207 exceeded quotaInBytes: 16777216 Bytes but diskspace consumed: 20971520 Bytes.
	at org.apache.hadoop.ozone.om.request.key.OMKeyRequest.checkBucketQuotaInBytes(OMKeyRequest.java:594) ~[ozone-manager-1.4.0-SNAPSHOT.jar:?]
	at org.apache.hadoop.ozone.om.request.key.OMAllocateBlockRequestWithFSO.validateAndUpdateCache(OMAllocateBlockRequestWithFSO.java:158) ~[ozone-manager-1.4.0-SNAPSHOT.jar:?]
	at org.apache.hadoop.ozone.protocolPB.OzoneManagerRequestHandler.lambda$0(OzoneManagerRequestHandler.java:395) ~[ozone-manager-1.4.0-SNAPSHOT.jar:?]
	at org.apache.hadoop.util.MetricUtil.captureLatencyNs(MetricUtil.java:39) ~[hdds-common-1.4.0-SNAPSHOT.jar:?]
	at org.apache.hadoop.ozone.protocolPB.OzoneManagerRequestHandler.handleWriteRequest(OzoneManagerRequestHandler.java:393) ~[ozone-manager-1.4.0-SNAPSHOT.jar:?]
	at org.apache.hadoop.ozone.om.ratis.OzoneManagerStateMachine.runCommand(OzoneManagerStateMachine.java:582) ~[ozone-manager-1.4.0-SNAPSHOT.jar:?]
	at org.apache.hadoop.ozone.om.ratis.OzoneManagerStateMachine.lambda$1(OzoneManagerStateMachine.java:370) ~[ozone-manager-1.4.0-SNAPSHOT.jar:?]
	at java.util.concurrent.CompletableFuture$AsyncSupply.run(CompletableFuture.java:1604) [?:1.8.0_392]
	at java.util.concurrent.ThreadPoolExecutor.runWorker(ThreadPoolExecutor.java:1149) [?:1.8.0_392]
	at java.util.concurrent.ThreadPoolExecutor$Worker.run(ThreadPoolExecutor.java:624) [?:1.8.0_392]
	at java.lang.Thread.run(Thread.java:750) [?:1.8.0_392]
2023-12-10 08:55:59,133 [IPC Server handler 13 on default port 15001] WARN  node.SCMNodeManager (SCMNodeManager.java:getNodesByAddress(1374)) - address is null
2023-12-10 08:55:59,146 [IPC Server handler 4 on default port 15001] WARN  node.SCMNodeManager (SCMNodeManager.java:getNodesByAddress(1374)) - address is null
]]></system-out>
  </testcase>
  <testcase name="testCommitPartAfterCompleteUpload" classname="org.apache.hadoop.ozone.client.rpc.TestOzoneRpcClientWithRatis" time="0.294">
    <system-out><![CDATA[2023-12-10 08:55:59,163 [main] INFO  rpc.RpcClient (RpcClient.java:createVolume(464)) - Creating Volume: 9cff852b-5fcb-4c30-a786-92ad1d4f8cb5, with runner as owner and space quota set to -1 bytes, counts quota set to -1
2023-12-10 08:55:59,165 [om1-OMStateMachineApplyTransactionThread - 0] INFO  volume.OMVolumeCreateRequest (OMVolumeCreateRequest.java:validateAndUpdateCache(204)) - created volume:9cff852b-5fcb-4c30-a786-92ad1d4f8cb5 for user:runner
2023-12-10 08:55:59,166 [main] INFO  rpc.RpcClient (RpcClient.java:createBucket(691)) - Creating Bucket: 9cff852b-5fcb-4c30-a786-92ad1d4f8cb5/45136850-003e-4c1d-a6fe-3c38332c5a8d, with server-side default bucket layout, runner as owner, Versioning false, Storage Type set to DISK and Encryption set to false, Replication Type set to server-side default replication type, Namespace Quota set to -1, Space Quota set to -1 
2023-12-10 08:55:59,167 [om1-OMStateMachineApplyTransactionThread - 0] INFO  bucket.OMBucketCreateRequest (OMBucketCreateRequest.java:validateAndUpdateCache(299)) - created bucket: 45136850-003e-4c1d-a6fe-3c38332c5a8d of layout FILE_SYSTEM_OPTIMIZED in volume: 9cff852b-5fcb-4c30-a786-92ad1d4f8cb5
2023-12-10 08:55:59,175 [IPC Server handler 14 on default port 15001] WARN  node.SCMNodeManager (SCMNodeManager.java:getNodesByAddress(1374)) - address is null
2023-12-10 08:55:59,193 [IPC Server handler 5 on default port 15001] WARN  node.SCMNodeManager (SCMNodeManager.java:getNodesByAddress(1374)) - address is null
2023-12-10 08:55:59,211 [IPC Server handler 10 on default port 15001] WARN  node.SCMNodeManager (SCMNodeManager.java:getNodesByAddress(1374)) - address is null
2023-12-10 08:55:59,231 [IPC Server handler 17 on default port 15001] WARN  node.SCMNodeManager (SCMNodeManager.java:getNodesByAddress(1374)) - address is null
2023-12-10 08:55:59,366 [IPC Server handler 8 on default port 15001] WARN  node.SCMNodeManager (SCMNodeManager.java:getNodesByAddress(1379)) - Cannot find node for address 127.0.0.1
08:55:59.456 [om1-OMStateMachineApplyTransactionThread - 0] ERROR OMAudit - user=runner | ip=127.0.0.1 | op=COMMIT_MULTIPART_UPLOAD_PARTKEY {volume=9cff852b-5fcb-4c30-a786-92ad1d4f8cb5, bucket=45136850-003e-4c1d-a6fe-3c38332c5a8d, key=c7b68893-bed0-4326-aa44-e8d001715577, dataSize=5242880, replicationType=NONE, replicationFactor=ZERO, partNumber=2, partName=/9cff852b-5fcb-4c30-a786-92ad1d4f8cb5/45136850-003e-4c1d-a6fe-3c38332c5a8d/c7b68893-bed0-4326-aa44-e8d001715577-e99a33d6-d200-4efa-96b8-fb41431a40dc-111555284773699664-2} | ret=FAILURE
org.apache.hadoop.ozone.om.exceptions.OMException: No such Multipart upload is with specified uploadId e99a33d6-d200-4efa-96b8-fb41431a40dc-111555284773699664
	at org.apache.hadoop.ozone.om.request.s3.multipart.S3MultipartUploadCommitPartRequest.validateAndUpdateCache(S3MultipartUploadCommitPartRequest.java:192) ~[ozone-manager-1.4.0-SNAPSHOT.jar:?]
	at org.apache.hadoop.ozone.protocolPB.OzoneManagerRequestHandler.lambda$0(OzoneManagerRequestHandler.java:395) ~[ozone-manager-1.4.0-SNAPSHOT.jar:?]
	at org.apache.hadoop.util.MetricUtil.captureLatencyNs(MetricUtil.java:39) ~[hdds-common-1.4.0-SNAPSHOT.jar:?]
	at org.apache.hadoop.ozone.protocolPB.OzoneManagerRequestHandler.handleWriteRequest(OzoneManagerRequestHandler.java:393) ~[ozone-manager-1.4.0-SNAPSHOT.jar:?]
	at org.apache.hadoop.ozone.om.ratis.OzoneManagerStateMachine.runCommand(OzoneManagerStateMachine.java:582) ~[ozone-manager-1.4.0-SNAPSHOT.jar:?]
	at org.apache.hadoop.ozone.om.ratis.OzoneManagerStateMachine.lambda$1(OzoneManagerStateMachine.java:370) ~[ozone-manager-1.4.0-SNAPSHOT.jar:?]
	at java.util.concurrent.CompletableFuture$AsyncSupply.run(CompletableFuture.java:1604) [?:1.8.0_392]
	at java.util.concurrent.ThreadPoolExecutor.runWorker(ThreadPoolExecutor.java:1149) [?:1.8.0_392]
	at java.util.concurrent.ThreadPoolExecutor$Worker.run(ThreadPoolExecutor.java:624) [?:1.8.0_392]
	at java.lang.Thread.run(Thread.java:750) [?:1.8.0_392]
2023-12-10 08:55:59,456 [om1-OMStateMachineApplyTransactionThread - 0] ERROR multipart.S3MultipartUploadCommitPartRequest (S3MultipartUploadCommitPartRequest.java:logResult(334)) - MultipartUpload Commit is failed for Key:c7b68893-bed0-4326-aa44-e8d001715577 in Volume/Bucket 9cff852b-5fcb-4c30-a786-92ad1d4f8cb5/45136850-003e-4c1d-a6fe-3c38332c5a8d
NO_SUCH_MULTIPART_UPLOAD_ERROR org.apache.hadoop.ozone.om.exceptions.OMException: No such Multipart upload is with specified uploadId e99a33d6-d200-4efa-96b8-fb41431a40dc-111555284773699664
	at org.apache.hadoop.ozone.om.request.s3.multipart.S3MultipartUploadCommitPartRequest.validateAndUpdateCache(S3MultipartUploadCommitPartRequest.java:192)
	at org.apache.hadoop.ozone.protocolPB.OzoneManagerRequestHandler.lambda$0(OzoneManagerRequestHandler.java:395)
	at org.apache.hadoop.util.MetricUtil.captureLatencyNs(MetricUtil.java:39)
	at org.apache.hadoop.ozone.protocolPB.OzoneManagerRequestHandler.handleWriteRequest(OzoneManagerRequestHandler.java:393)
	at org.apache.hadoop.ozone.om.ratis.OzoneManagerStateMachine.runCommand(OzoneManagerStateMachine.java:582)
	at org.apache.hadoop.ozone.om.ratis.OzoneManagerStateMachine.lambda$1(OzoneManagerStateMachine.java:370)
	at java.util.concurrent.CompletableFuture$AsyncSupply.run(CompletableFuture.java:1604)
	at java.util.concurrent.ThreadPoolExecutor.runWorker(ThreadPoolExecutor.java:1149)
	at java.util.concurrent.ThreadPoolExecutor$Worker.run(ThreadPoolExecutor.java:624)
	at java.lang.Thread.run(Thread.java:750)
]]></system-out>
  </testcase>
  <testcase name="testCreateBucket" classname="org.apache.hadoop.ozone.client.rpc.TestOzoneRpcClientWithRatis" time="0.007">
    <system-out><![CDATA[2023-12-10 08:55:59,459 [main] INFO  rpc.RpcClient (RpcClient.java:createVolume(464)) - Creating Volume: e39140cb-0400-46d3-9dfc-1c6832f2057b, with runner as owner and space quota set to -1 bytes, counts quota set to -1
2023-12-10 08:55:59,460 [om1-OMStateMachineApplyTransactionThread - 0] INFO  volume.OMVolumeCreateRequest (OMVolumeCreateRequest.java:validateAndUpdateCache(204)) - created volume:e39140cb-0400-46d3-9dfc-1c6832f2057b for user:runner
2023-12-10 08:55:59,462 [main] INFO  rpc.RpcClient (RpcClient.java:createBucket(691)) - Creating Bucket: e39140cb-0400-46d3-9dfc-1c6832f2057b/334761cc-fe36-4fcd-9847-e7619fd8c4f2, with server-side default bucket layout, runner as owner, Versioning false, Storage Type set to DISK and Encryption set to false, Replication Type set to server-side default replication type, Namespace Quota set to -1, Space Quota set to -1 
2023-12-10 08:55:59,463 [om1-OMStateMachineApplyTransactionThread - 0] INFO  bucket.OMBucketCreateRequest (OMBucketCreateRequest.java:validateAndUpdateCache(299)) - created bucket: 334761cc-fe36-4fcd-9847-e7619fd8c4f2 of layout FILE_SYSTEM_OPTIMIZED in volume: e39140cb-0400-46d3-9dfc-1c6832f2057b
]]></system-out>
  </testcase>
  <testcase name="testCreateBucketWithAcls" classname="org.apache.hadoop.ozone.client.rpc.TestOzoneRpcClientWithRatis" time="0.007">
    <system-out><![CDATA[2023-12-10 08:55:59,466 [main] INFO  rpc.RpcClient (RpcClient.java:createVolume(464)) - Creating Volume: 993e0a48-2746-4f2d-8c16-841bf3750eba, with runner as owner and space quota set to -1 bytes, counts quota set to -1
2023-12-10 08:55:59,468 [om1-OMStateMachineApplyTransactionThread - 0] INFO  volume.OMVolumeCreateRequest (OMVolumeCreateRequest.java:validateAndUpdateCache(204)) - created volume:993e0a48-2746-4f2d-8c16-841bf3750eba for user:runner
2023-12-10 08:55:59,469 [main] INFO  rpc.RpcClient (RpcClient.java:createBucket(691)) - Creating Bucket: 993e0a48-2746-4f2d-8c16-841bf3750eba/e9ed8e5c-b979-42b0-82f8-807b0ab5a8c1, with server-side default bucket layout, runner as owner, Versioning false, Storage Type set to DISK and Encryption set to false, Replication Type set to server-side default replication type, Namespace Quota set to -1, Space Quota set to -1 
2023-12-10 08:55:59,471 [om1-OMStateMachineApplyTransactionThread - 0] INFO  bucket.OMBucketCreateRequest (OMBucketCreateRequest.java:validateAndUpdateCache(299)) - created bucket: e9ed8e5c-b979-42b0-82f8-807b0ab5a8c1 of layout FILE_SYSTEM_OPTIMIZED in volume: 993e0a48-2746-4f2d-8c16-841bf3750eba
]]></system-out>
  </testcase>
  <testcase name="testCreateBucketWithAllArgument" classname="org.apache.hadoop.ozone.client.rpc.TestOzoneRpcClientWithRatis" time="0.012">
    <system-out><![CDATA[2023-12-10 08:55:59,474 [main] INFO  rpc.RpcClient (RpcClient.java:createVolume(464)) - Creating Volume: 5829ec8a-1e3d-45cf-b1a0-a62c5351cb5a, with runner as owner and space quota set to -1 bytes, counts quota set to -1
2023-12-10 08:55:59,476 [om1-OMStateMachineApplyTransactionThread - 0] INFO  volume.OMVolumeCreateRequest (OMVolumeCreateRequest.java:validateAndUpdateCache(204)) - created volume:5829ec8a-1e3d-45cf-b1a0-a62c5351cb5a for user:runner
2023-12-10 08:55:59,478 [main] INFO  rpc.RpcClient (RpcClient.java:createBucket(691)) - Creating Bucket: 5829ec8a-1e3d-45cf-b1a0-a62c5351cb5a/b6a18e15-7647-4947-9c66-46c535795160, with server-side default bucket layout, runner as owner, Versioning true, Storage Type set to SSD and Encryption set to false, Replication Type set to EC, Namespace Quota set to -1, Space Quota set to -1 
2023-12-10 08:55:59,483 [om1-OMStateMachineApplyTransactionThread - 0] INFO  bucket.OMBucketCreateRequest (OMBucketCreateRequest.java:validateAndUpdateCache(299)) - created bucket: b6a18e15-7647-4947-9c66-46c535795160 of layout FILE_SYSTEM_OPTIMIZED in volume: 5829ec8a-1e3d-45cf-b1a0-a62c5351cb5a
]]></system-out>
  </testcase>
  <testcase name="testCreateBucketWithMetadata" classname="org.apache.hadoop.ozone.client.rpc.TestOzoneRpcClientWithRatis" time="0.006">
    <system-out><![CDATA[2023-12-10 08:55:59,487 [main] INFO  rpc.RpcClient (RpcClient.java:createVolume(464)) - Creating Volume: cefd1eee-8e42-4b59-aa2c-5ca55f58e137, with runner as owner and space quota set to -1 bytes, counts quota set to -1
2023-12-10 08:55:59,489 [om1-OMStateMachineApplyTransactionThread - 0] INFO  volume.OMVolumeCreateRequest (OMVolumeCreateRequest.java:validateAndUpdateCache(204)) - created volume:cefd1eee-8e42-4b59-aa2c-5ca55f58e137 for user:runner
2023-12-10 08:55:59,490 [main] INFO  rpc.RpcClient (RpcClient.java:createBucket(691)) - Creating Bucket: cefd1eee-8e42-4b59-aa2c-5ca55f58e137/c9dbb12c-7107-4267-933c-acccd5a668b7, with server-side default bucket layout, runner as owner, Versioning false, Storage Type set to DISK and Encryption set to false, Replication Type set to server-side default replication type, Namespace Quota set to -1, Space Quota set to -1 
2023-12-10 08:55:59,492 [om1-OMStateMachineApplyTransactionThread - 0] INFO  bucket.OMBucketCreateRequest (OMBucketCreateRequest.java:validateAndUpdateCache(299)) - created bucket: c9dbb12c-7107-4267-933c-acccd5a668b7 of layout FILE_SYSTEM_OPTIMIZED in volume: cefd1eee-8e42-4b59-aa2c-5ca55f58e137
]]></system-out>
  </testcase>
  <testcase name="testCreateBucketWithReplicationConfig" classname="org.apache.hadoop.ozone.client.rpc.TestOzoneRpcClientWithRatis" time="0.005">
    <system-out><![CDATA[2023-12-10 08:55:59,494 [main] INFO  rpc.RpcClient (RpcClient.java:createVolume(464)) - Creating Volume: 03925c3b-3049-42a0-906d-ff672aafb1cb, with runner as owner and space quota set to -1 bytes, counts quota set to -1
2023-12-10 08:55:59,495 [om1-OMStateMachineApplyTransactionThread - 0] INFO  volume.OMVolumeCreateRequest (OMVolumeCreateRequest.java:validateAndUpdateCache(204)) - created volume:03925c3b-3049-42a0-906d-ff672aafb1cb for user:runner
2023-12-10 08:55:59,497 [main] INFO  rpc.RpcClient (RpcClient.java:createBucket(691)) - Creating Bucket: 03925c3b-3049-42a0-906d-ff672aafb1cb/bda3d407-754b-45c8-94d6-2eb3afe68ef9, with server-side default bucket layout, runner as owner, Versioning false, Storage Type set to DISK and Encryption set to false, Replication Type set to EC, Namespace Quota set to -1, Space Quota set to -1 
2023-12-10 08:55:59,498 [om1-OMStateMachineApplyTransactionThread - 0] INFO  bucket.OMBucketCreateRequest (OMBucketCreateRequest.java:validateAndUpdateCache(299)) - created bucket: bda3d407-754b-45c8-94d6-2eb3afe68ef9 of layout FILE_SYSTEM_OPTIMIZED in volume: 03925c3b-3049-42a0-906d-ff672aafb1cb
]]></system-out>
  </testcase>
  <testcase name="testCreateBucketWithStorageType" classname="org.apache.hadoop.ozone.client.rpc.TestOzoneRpcClientWithRatis" time="0.006">
    <system-out><![CDATA[2023-12-10 08:55:59,500 [main] INFO  rpc.RpcClient (RpcClient.java:createVolume(464)) - Creating Volume: c3f6dd2f-02cc-4404-b8b1-8042058c9b2e, with runner as owner and space quota set to -1 bytes, counts quota set to -1
2023-12-10 08:55:59,501 [om1-OMStateMachineApplyTransactionThread - 0] INFO  volume.OMVolumeCreateRequest (OMVolumeCreateRequest.java:validateAndUpdateCache(204)) - created volume:c3f6dd2f-02cc-4404-b8b1-8042058c9b2e for user:runner
2023-12-10 08:55:59,503 [main] INFO  rpc.RpcClient (RpcClient.java:createBucket(691)) - Creating Bucket: c3f6dd2f-02cc-4404-b8b1-8042058c9b2e/81afe4b0-d06b-4e1f-993e-60583398ed21, with server-side default bucket layout, runner as owner, Versioning false, Storage Type set to SSD and Encryption set to false, Replication Type set to server-side default replication type, Namespace Quota set to -1, Space Quota set to -1 
2023-12-10 08:55:59,504 [om1-OMStateMachineApplyTransactionThread - 0] INFO  bucket.OMBucketCreateRequest (OMBucketCreateRequest.java:validateAndUpdateCache(299)) - created bucket: 81afe4b0-d06b-4e1f-993e-60583398ed21 of layout FILE_SYSTEM_OPTIMIZED in volume: c3f6dd2f-02cc-4404-b8b1-8042058c9b2e
]]></system-out>
  </testcase>
  <testcase name="testCreateBucketWithVersioning" classname="org.apache.hadoop.ozone.client.rpc.TestOzoneRpcClientWithRatis" time="0.006">
    <system-out><![CDATA[2023-12-10 08:55:59,507 [main] INFO  rpc.RpcClient (RpcClient.java:createVolume(464)) - Creating Volume: eeb0afa2-3385-44ef-8880-f33bbd4342f0, with runner as owner and space quota set to -1 bytes, counts quota set to -1
2023-12-10 08:55:59,508 [om1-OMStateMachineApplyTransactionThread - 0] INFO  volume.OMVolumeCreateRequest (OMVolumeCreateRequest.java:validateAndUpdateCache(204)) - created volume:eeb0afa2-3385-44ef-8880-f33bbd4342f0 for user:runner
2023-12-10 08:55:59,509 [main] INFO  rpc.RpcClient (RpcClient.java:createBucket(691)) - Creating Bucket: eeb0afa2-3385-44ef-8880-f33bbd4342f0/f60bfb4c-9599-4d71-aa32-b759b647d7a0, with server-side default bucket layout, runner as owner, Versioning true, Storage Type set to DISK and Encryption set to false, Replication Type set to server-side default replication type, Namespace Quota set to -1, Space Quota set to -1 
2023-12-10 08:55:59,510 [om1-OMStateMachineApplyTransactionThread - 0] INFO  bucket.OMBucketCreateRequest (OMBucketCreateRequest.java:validateAndUpdateCache(299)) - created bucket: f60bfb4c-9599-4d71-aa32-b759b647d7a0 of layout FILE_SYSTEM_OPTIMIZED in volume: eeb0afa2-3385-44ef-8880-f33bbd4342f0
]]></system-out>
  </testcase>
  <testcase name="testCreateS3Bucket" classname="org.apache.hadoop.ozone.client.rpc.TestOzoneRpcClientWithRatis" time="0.009">
    <system-out><![CDATA[2023-12-10 08:55:59,518 [main] INFO  rpc.RpcClient (RpcClient.java:createBucket(691)) - Creating Bucket: s3v/5fb34722-8179-499b-984f-22ce974a96bd, with bucket layout OBJECT_STORE, runner as owner, Versioning false, Storage Type set to DISK and Encryption set to false, Replication Type set to server-side default replication type, Namespace Quota set to -1, Space Quota set to -1 
2023-12-10 08:55:59,519 [om1-OMStateMachineApplyTransactionThread - 0] INFO  bucket.OMBucketCreateRequest (OMBucketCreateRequest.java:validateAndUpdateCache(299)) - created bucket: 5fb34722-8179-499b-984f-22ce974a96bd of layout OBJECT_STORE in volume: s3v
]]></system-out>
  </testcase>
  <testcase name="testCreateVolumeWithMetadata" classname="org.apache.hadoop.ozone.client.rpc.TestOzoneRpcClientWithRatis" time="0.004">
    <system-out><![CDATA[2023-12-10 08:55:59,523 [main] INFO  rpc.RpcClient (RpcClient.java:createVolume(464)) - Creating Volume: daa43870-f2ff-46cd-8137-542db5afcafb, with runner as owner and space quota set to -1 bytes, counts quota set to -1
2023-12-10 08:55:59,525 [om1-OMStateMachineApplyTransactionThread - 0] INFO  volume.OMVolumeCreateRequest (OMVolumeCreateRequest.java:validateAndUpdateCache(204)) - created volume:daa43870-f2ff-46cd-8137-542db5afcafb for user:runner
]]></system-out>
  </testcase>
  <testcase name="testDefaultS3GVolumeExists" classname="org.apache.hadoop.ozone.client.rpc.TestOzoneRpcClientWithRatis" time="0.001"/>
  <testcase name="testDeleteBucket" classname="org.apache.hadoop.ozone.client.rpc.TestOzoneRpcClientWithRatis" time="0.009">
    <system-out><![CDATA[2023-12-10 08:55:59,529 [main] INFO  rpc.RpcClient (RpcClient.java:createVolume(464)) - Creating Volume: 5afb7e20-1fd5-4097-a77b-d6e0f49825e0, with runner as owner and space quota set to -1 bytes, counts quota set to -1
2023-12-10 08:55:59,530 [om1-OMStateMachineApplyTransactionThread - 0] INFO  volume.OMVolumeCreateRequest (OMVolumeCreateRequest.java:validateAndUpdateCache(204)) - created volume:5afb7e20-1fd5-4097-a77b-d6e0f49825e0 for user:runner
2023-12-10 08:55:59,532 [main] INFO  rpc.RpcClient (RpcClient.java:createBucket(691)) - Creating Bucket: 5afb7e20-1fd5-4097-a77b-d6e0f49825e0/3cdc96e3-5587-44d0-9a4d-9d67914b5bd2, with server-side default bucket layout, runner as owner, Versioning false, Storage Type set to DISK and Encryption set to false, Replication Type set to server-side default replication type, Namespace Quota set to -1, Space Quota set to -1 
2023-12-10 08:55:59,533 [om1-OMStateMachineApplyTransactionThread - 0] INFO  bucket.OMBucketCreateRequest (OMBucketCreateRequest.java:validateAndUpdateCache(299)) - created bucket: 3cdc96e3-5587-44d0-9a4d-9d67914b5bd2 of layout FILE_SYSTEM_OPTIMIZED in volume: 5afb7e20-1fd5-4097-a77b-d6e0f49825e0
08:55:59.537 [IPC Server handler 5 on default port 15004] ERROR OMAudit - user=runner | ip=127.0.0.1 | op=READ_BUCKET {volume=5afb7e20-1fd5-4097-a77b-d6e0f49825e0, bucket=3cdc96e3-5587-44d0-9a4d-9d67914b5bd2} | ret=FAILURE
org.apache.hadoop.ozone.om.exceptions.OMException: Bucket not found
	at org.apache.hadoop.ozone.om.OzoneManager.getBucketOwner(OzoneManager.java:2533) ~[ozone-manager-1.4.0-SNAPSHOT.jar:?]
	at org.apache.hadoop.ozone.om.OzoneManager.getBucketOwner(OzoneManager.java:2501) ~[ozone-manager-1.4.0-SNAPSHOT.jar:?]
	at org.apache.hadoop.ozone.om.OmMetadataReader.checkAcls(OmMetadataReader.java:452) ~[ozone-manager-1.4.0-SNAPSHOT.jar:?]
	at org.apache.hadoop.ozone.om.OzoneManager.getBucketInfo(OzoneManager.java:2791) ~[ozone-manager-1.4.0-SNAPSHOT.jar:?]
	at org.apache.hadoop.ozone.protocolPB.OzoneManagerRequestHandler.infoBucket(OzoneManagerRequestHandler.java:566) ~[ozone-manager-1.4.0-SNAPSHOT.jar:?]
	at org.apache.hadoop.ozone.protocolPB.OzoneManagerRequestHandler.handleReadRequest(OzoneManagerRequestHandler.java:207) ~[ozone-manager-1.4.0-SNAPSHOT.jar:?]
	at org.apache.hadoop.ozone.protocolPB.OzoneManagerProtocolServerSideTranslatorPB.submitReadRequestToOM(OzoneManagerProtocolServerSideTranslatorPB.java:265) ~[ozone-manager-1.4.0-SNAPSHOT.jar:?]
	at org.apache.hadoop.ozone.protocolPB.OzoneManagerProtocolServerSideTranslatorPB.internalProcessRequest(OzoneManagerProtocolServerSideTranslatorPB.java:211) ~[ozone-manager-1.4.0-SNAPSHOT.jar:?]
	at org.apache.hadoop.ozone.protocolPB.OzoneManagerProtocolServerSideTranslatorPB.processRequest(OzoneManagerProtocolServerSideTranslatorPB.java:171) ~[ozone-manager-1.4.0-SNAPSHOT.jar:?]
	at org.apache.hadoop.hdds.server.OzoneProtocolMessageDispatcher.processRequest(OzoneProtocolMessageDispatcher.java:89) [hdds-server-framework-1.4.0-SNAPSHOT.jar:?]
	at org.apache.hadoop.ozone.protocolPB.OzoneManagerProtocolServerSideTranslatorPB.submitRequest(OzoneManagerProtocolServerSideTranslatorPB.java:162) [ozone-manager-1.4.0-SNAPSHOT.jar:?]
	at org.apache.hadoop.ozone.protocol.proto.OzoneManagerProtocolProtos$OzoneManagerService$2.callBlockingMethod(OzoneManagerProtocolProtos.java) [ozone-interface-client-1.4.0-SNAPSHOT.jar:?]
	at org.apache.hadoop.ipc.ProtobufRpcEngine$Server.processCall(ProtobufRpcEngine.java:484) [hadoop-common-3.3.6.jar:?]
	at org.apache.hadoop.ipc.ProtobufRpcEngine2$Server$ProtoBufRpcInvoker.call(ProtobufRpcEngine2.java:595) [hadoop-common-3.3.6.jar:?]
	at org.apache.hadoop.ipc.ProtobufRpcEngine2$Server$ProtoBufRpcInvoker.call(ProtobufRpcEngine2.java:573) [hadoop-common-3.3.6.jar:?]
	at org.apache.hadoop.ipc.RPC$Server.call(RPC.java:1227) [hadoop-common-3.3.6.jar:?]
	at org.apache.hadoop.ipc.Server$RpcCall.run(Server.java:1094) [hadoop-common-3.3.6.jar:?]
	at org.apache.hadoop.ipc.Server$RpcCall.run(Server.java:1017) [hadoop-common-3.3.6.jar:?]
	at java.security.AccessController.doPrivileged(Native Method) ~[?:1.8.0_392]
	at javax.security.auth.Subject.doAs(Subject.java:422) [?:1.8.0_392]
	at org.apache.hadoop.security.UserGroupInformation.doAs(UserGroupInformation.java:1899) [hadoop-common-3.3.6.jar:?]
	at org.apache.hadoop.ipc.Server$Handler.run(Server.java:3048) [hadoop-common-3.3.6.jar:?]
]]></system-out>
  </testcase>
  <testcase name="testDeleteBucketWithTheSamePrefix(BucketLayout)[1]" classname="org.apache.hadoop.ozone.client.rpc.TestOzoneRpcClientWithRatis" time="0.016">
    <system-out><![CDATA[2023-12-10 08:55:59,540 [main] INFO  rpc.RpcClient (RpcClient.java:createVolume(464)) - Creating Volume: 61fee1d1-1a87-4392-8bd4-e23e6e0c5e81, with runner as owner and space quota set to -1 bytes, counts quota set to -1
2023-12-10 08:55:59,542 [om1-OMStateMachineApplyTransactionThread - 0] INFO  volume.OMVolumeCreateRequest (OMVolumeCreateRequest.java:validateAndUpdateCache(204)) - created volume:61fee1d1-1a87-4392-8bd4-e23e6e0c5e81 for user:runner
2023-12-10 08:55:59,543 [main] INFO  rpc.RpcClient (RpcClient.java:createBucket(691)) - Creating Bucket: 61fee1d1-1a87-4392-8bd4-e23e6e0c5e81/bucket1, with bucket layout OBJECT_STORE, runner as owner, Versioning false, Storage Type set to DISK and Encryption set to false, Replication Type set to server-side default replication type, Namespace Quota set to -1, Space Quota set to -1 
2023-12-10 08:55:59,544 [om1-OMStateMachineApplyTransactionThread - 0] INFO  bucket.OMBucketCreateRequest (OMBucketCreateRequest.java:validateAndUpdateCache(299)) - created bucket: bucket1 of layout OBJECT_STORE in volume: 61fee1d1-1a87-4392-8bd4-e23e6e0c5e81
2023-12-10 08:55:59,545 [main] INFO  rpc.RpcClient (RpcClient.java:createBucket(691)) - Creating Bucket: 61fee1d1-1a87-4392-8bd4-e23e6e0c5e81/bucket11, with bucket layout OBJECT_STORE, runner as owner, Versioning false, Storage Type set to DISK and Encryption set to false, Replication Type set to server-side default replication type, Namespace Quota set to -1, Space Quota set to -1 
2023-12-10 08:55:59,546 [om1-OMStateMachineApplyTransactionThread - 0] INFO  bucket.OMBucketCreateRequest (OMBucketCreateRequest.java:validateAndUpdateCache(299)) - created bucket: bucket11 of layout OBJECT_STORE in volume: 61fee1d1-1a87-4392-8bd4-e23e6e0c5e81
2023-12-10 08:55:59,548 [IPC Server handler 2 on default port 15001] WARN  node.SCMNodeManager (SCMNodeManager.java:getNodesByAddress(1374)) - address is null
08:55:59.555 [IPC Server handler 13 on default port 15004] ERROR OMAudit - user=runner | ip=127.0.0.1 | op=READ_BUCKET {volume=61fee1d1-1a87-4392-8bd4-e23e6e0c5e81, bucket=bucket1} | ret=FAILURE
org.apache.hadoop.ozone.om.exceptions.OMException: Bucket not found
	at org.apache.hadoop.ozone.om.OzoneManager.getBucketOwner(OzoneManager.java:2533) ~[ozone-manager-1.4.0-SNAPSHOT.jar:?]
	at org.apache.hadoop.ozone.om.OzoneManager.getBucketOwner(OzoneManager.java:2501) ~[ozone-manager-1.4.0-SNAPSHOT.jar:?]
	at org.apache.hadoop.ozone.om.OmMetadataReader.checkAcls(OmMetadataReader.java:452) ~[ozone-manager-1.4.0-SNAPSHOT.jar:?]
	at org.apache.hadoop.ozone.om.OzoneManager.getBucketInfo(OzoneManager.java:2791) ~[ozone-manager-1.4.0-SNAPSHOT.jar:?]
	at org.apache.hadoop.ozone.protocolPB.OzoneManagerRequestHandler.infoBucket(OzoneManagerRequestHandler.java:566) ~[ozone-manager-1.4.0-SNAPSHOT.jar:?]
	at org.apache.hadoop.ozone.protocolPB.OzoneManagerRequestHandler.handleReadRequest(OzoneManagerRequestHandler.java:207) ~[ozone-manager-1.4.0-SNAPSHOT.jar:?]
	at org.apache.hadoop.ozone.protocolPB.OzoneManagerProtocolServerSideTranslatorPB.submitReadRequestToOM(OzoneManagerProtocolServerSideTranslatorPB.java:265) ~[ozone-manager-1.4.0-SNAPSHOT.jar:?]
	at org.apache.hadoop.ozone.protocolPB.OzoneManagerProtocolServerSideTranslatorPB.internalProcessRequest(OzoneManagerProtocolServerSideTranslatorPB.java:211) ~[ozone-manager-1.4.0-SNAPSHOT.jar:?]
	at org.apache.hadoop.ozone.protocolPB.OzoneManagerProtocolServerSideTranslatorPB.processRequest(OzoneManagerProtocolServerSideTranslatorPB.java:171) ~[ozone-manager-1.4.0-SNAPSHOT.jar:?]
	at org.apache.hadoop.hdds.server.OzoneProtocolMessageDispatcher.processRequest(OzoneProtocolMessageDispatcher.java:89) [hdds-server-framework-1.4.0-SNAPSHOT.jar:?]
	at org.apache.hadoop.ozone.protocolPB.OzoneManagerProtocolServerSideTranslatorPB.submitRequest(OzoneManagerProtocolServerSideTranslatorPB.java:162) [ozone-manager-1.4.0-SNAPSHOT.jar:?]
	at org.apache.hadoop.ozone.protocol.proto.OzoneManagerProtocolProtos$OzoneManagerService$2.callBlockingMethod(OzoneManagerProtocolProtos.java) [ozone-interface-client-1.4.0-SNAPSHOT.jar:?]
	at org.apache.hadoop.ipc.ProtobufRpcEngine$Server.processCall(ProtobufRpcEngine.java:484) [hadoop-common-3.3.6.jar:?]
	at org.apache.hadoop.ipc.ProtobufRpcEngine2$Server$ProtoBufRpcInvoker.call(ProtobufRpcEngine2.java:595) [hadoop-common-3.3.6.jar:?]
	at org.apache.hadoop.ipc.ProtobufRpcEngine2$Server$ProtoBufRpcInvoker.call(ProtobufRpcEngine2.java:573) [hadoop-common-3.3.6.jar:?]
	at org.apache.hadoop.ipc.RPC$Server.call(RPC.java:1227) [hadoop-common-3.3.6.jar:?]
	at org.apache.hadoop.ipc.Server$RpcCall.run(Server.java:1094) [hadoop-common-3.3.6.jar:?]
	at org.apache.hadoop.ipc.Server$RpcCall.run(Server.java:1017) [hadoop-common-3.3.6.jar:?]
	at java.security.AccessController.doPrivileged(Native Method) ~[?:1.8.0_392]
	at javax.security.auth.Subject.doAs(Subject.java:422) [?:1.8.0_392]
	at org.apache.hadoop.security.UserGroupInformation.doAs(UserGroupInformation.java:1899) [hadoop-common-3.3.6.jar:?]
	at org.apache.hadoop.ipc.Server$Handler.run(Server.java:3048) [hadoop-common-3.3.6.jar:?]
]]></system-out>
  </testcase>
  <testcase name="testDeleteBucketWithTheSamePrefix(BucketLayout)[2]" classname="org.apache.hadoop.ozone.client.rpc.TestOzoneRpcClientWithRatis" time="0.018">
    <system-out><![CDATA[2023-12-10 08:55:59,557 [main] INFO  rpc.RpcClient (RpcClient.java:createVolume(464)) - Creating Volume: 1d0d0ab8-6365-407e-b277-3b8c744cba51, with runner as owner and space quota set to -1 bytes, counts quota set to -1
2023-12-10 08:55:59,558 [om1-OMStateMachineApplyTransactionThread - 0] INFO  volume.OMVolumeCreateRequest (OMVolumeCreateRequest.java:validateAndUpdateCache(204)) - created volume:1d0d0ab8-6365-407e-b277-3b8c744cba51 for user:runner
2023-12-10 08:55:59,559 [main] INFO  rpc.RpcClient (RpcClient.java:createBucket(691)) - Creating Bucket: 1d0d0ab8-6365-407e-b277-3b8c744cba51/bucket1, with bucket layout LEGACY, runner as owner, Versioning false, Storage Type set to DISK and Encryption set to false, Replication Type set to server-side default replication type, Namespace Quota set to -1, Space Quota set to -1 
2023-12-10 08:55:59,561 [om1-OMStateMachineApplyTransactionThread - 0] INFO  bucket.OMBucketCreateRequest (OMBucketCreateRequest.java:validateAndUpdateCache(299)) - created bucket: bucket1 of layout LEGACY in volume: 1d0d0ab8-6365-407e-b277-3b8c744cba51
2023-12-10 08:55:59,561 [main] INFO  rpc.RpcClient (RpcClient.java:createBucket(691)) - Creating Bucket: 1d0d0ab8-6365-407e-b277-3b8c744cba51/bucket11, with bucket layout LEGACY, runner as owner, Versioning false, Storage Type set to DISK and Encryption set to false, Replication Type set to server-side default replication type, Namespace Quota set to -1, Space Quota set to -1 
2023-12-10 08:55:59,562 [om1-OMStateMachineApplyTransactionThread - 0] INFO  bucket.OMBucketCreateRequest (OMBucketCreateRequest.java:validateAndUpdateCache(299)) - created bucket: bucket11 of layout LEGACY in volume: 1d0d0ab8-6365-407e-b277-3b8c744cba51
2023-12-10 08:55:59,564 [IPC Server handler 18 on default port 15001] WARN  node.SCMNodeManager (SCMNodeManager.java:getNodesByAddress(1374)) - address is null
08:55:59.572 [IPC Server handler 3 on default port 15004] ERROR OMAudit - user=runner | ip=127.0.0.1 | op=READ_BUCKET {volume=1d0d0ab8-6365-407e-b277-3b8c744cba51, bucket=bucket1} | ret=FAILURE
org.apache.hadoop.ozone.om.exceptions.OMException: Bucket not found
	at org.apache.hadoop.ozone.om.OzoneManager.getBucketOwner(OzoneManager.java:2533) ~[ozone-manager-1.4.0-SNAPSHOT.jar:?]
	at org.apache.hadoop.ozone.om.OzoneManager.getBucketOwner(OzoneManager.java:2501) ~[ozone-manager-1.4.0-SNAPSHOT.jar:?]
	at org.apache.hadoop.ozone.om.OmMetadataReader.checkAcls(OmMetadataReader.java:452) ~[ozone-manager-1.4.0-SNAPSHOT.jar:?]
	at org.apache.hadoop.ozone.om.OzoneManager.getBucketInfo(OzoneManager.java:2791) ~[ozone-manager-1.4.0-SNAPSHOT.jar:?]
	at org.apache.hadoop.ozone.protocolPB.OzoneManagerRequestHandler.infoBucket(OzoneManagerRequestHandler.java:566) ~[ozone-manager-1.4.0-SNAPSHOT.jar:?]
	at org.apache.hadoop.ozone.protocolPB.OzoneManagerRequestHandler.handleReadRequest(OzoneManagerRequestHandler.java:207) ~[ozone-manager-1.4.0-SNAPSHOT.jar:?]
	at org.apache.hadoop.ozone.protocolPB.OzoneManagerProtocolServerSideTranslatorPB.submitReadRequestToOM(OzoneManagerProtocolServerSideTranslatorPB.java:265) ~[ozone-manager-1.4.0-SNAPSHOT.jar:?]
	at org.apache.hadoop.ozone.protocolPB.OzoneManagerProtocolServerSideTranslatorPB.internalProcessRequest(OzoneManagerProtocolServerSideTranslatorPB.java:211) ~[ozone-manager-1.4.0-SNAPSHOT.jar:?]
	at org.apache.hadoop.ozone.protocolPB.OzoneManagerProtocolServerSideTranslatorPB.processRequest(OzoneManagerProtocolServerSideTranslatorPB.java:171) ~[ozone-manager-1.4.0-SNAPSHOT.jar:?]
	at org.apache.hadoop.hdds.server.OzoneProtocolMessageDispatcher.processRequest(OzoneProtocolMessageDispatcher.java:89) [hdds-server-framework-1.4.0-SNAPSHOT.jar:?]
	at org.apache.hadoop.ozone.protocolPB.OzoneManagerProtocolServerSideTranslatorPB.submitRequest(OzoneManagerProtocolServerSideTranslatorPB.java:162) [ozone-manager-1.4.0-SNAPSHOT.jar:?]
	at org.apache.hadoop.ozone.protocol.proto.OzoneManagerProtocolProtos$OzoneManagerService$2.callBlockingMethod(OzoneManagerProtocolProtos.java) [ozone-interface-client-1.4.0-SNAPSHOT.jar:?]
	at org.apache.hadoop.ipc.ProtobufRpcEngine$Server.processCall(ProtobufRpcEngine.java:484) [hadoop-common-3.3.6.jar:?]
	at org.apache.hadoop.ipc.ProtobufRpcEngine2$Server$ProtoBufRpcInvoker.call(ProtobufRpcEngine2.java:595) [hadoop-common-3.3.6.jar:?]
	at org.apache.hadoop.ipc.ProtobufRpcEngine2$Server$ProtoBufRpcInvoker.call(ProtobufRpcEngine2.java:573) [hadoop-common-3.3.6.jar:?]
	at org.apache.hadoop.ipc.RPC$Server.call(RPC.java:1227) [hadoop-common-3.3.6.jar:?]
	at org.apache.hadoop.ipc.Server$RpcCall.run(Server.java:1094) [hadoop-common-3.3.6.jar:?]
	at org.apache.hadoop.ipc.Server$RpcCall.run(Server.java:1017) [hadoop-common-3.3.6.jar:?]
	at java.security.AccessController.doPrivileged(Native Method) ~[?:1.8.0_392]
	at javax.security.auth.Subject.doAs(Subject.java:422) [?:1.8.0_392]
	at org.apache.hadoop.security.UserGroupInformation.doAs(UserGroupInformation.java:1899) [hadoop-common-3.3.6.jar:?]
	at org.apache.hadoop.ipc.Server$Handler.run(Server.java:3048) [hadoop-common-3.3.6.jar:?]
]]></system-out>
  </testcase>
  <testcase name="testDeleteBucketWithTheSamePrefix(BucketLayout)[3]" classname="org.apache.hadoop.ozone.client.rpc.TestOzoneRpcClientWithRatis" time="0.019">
    <system-out><![CDATA[2023-12-10 08:55:59,575 [main] INFO  rpc.RpcClient (RpcClient.java:createVolume(464)) - Creating Volume: 6e450a27-0fbb-464f-a932-687f1733e36a, with runner as owner and space quota set to -1 bytes, counts quota set to -1
2023-12-10 08:55:59,577 [om1-OMStateMachineApplyTransactionThread - 0] INFO  volume.OMVolumeCreateRequest (OMVolumeCreateRequest.java:validateAndUpdateCache(204)) - created volume:6e450a27-0fbb-464f-a932-687f1733e36a for user:runner
2023-12-10 08:55:59,578 [main] INFO  rpc.RpcClient (RpcClient.java:createBucket(691)) - Creating Bucket: 6e450a27-0fbb-464f-a932-687f1733e36a/bucket1, with bucket layout FILE_SYSTEM_OPTIMIZED, runner as owner, Versioning false, Storage Type set to DISK and Encryption set to false, Replication Type set to server-side default replication type, Namespace Quota set to -1, Space Quota set to -1 
2023-12-10 08:55:59,580 [om1-OMStateMachineApplyTransactionThread - 0] INFO  bucket.OMBucketCreateRequest (OMBucketCreateRequest.java:validateAndUpdateCache(299)) - created bucket: bucket1 of layout FILE_SYSTEM_OPTIMIZED in volume: 6e450a27-0fbb-464f-a932-687f1733e36a
2023-12-10 08:55:59,580 [main] INFO  rpc.RpcClient (RpcClient.java:createBucket(691)) - Creating Bucket: 6e450a27-0fbb-464f-a932-687f1733e36a/bucket11, with bucket layout FILE_SYSTEM_OPTIMIZED, runner as owner, Versioning false, Storage Type set to DISK and Encryption set to false, Replication Type set to server-side default replication type, Namespace Quota set to -1, Space Quota set to -1 
2023-12-10 08:55:59,583 [om1-OMStateMachineApplyTransactionThread - 0] INFO  bucket.OMBucketCreateRequest (OMBucketCreateRequest.java:validateAndUpdateCache(299)) - created bucket: bucket11 of layout FILE_SYSTEM_OPTIMIZED in volume: 6e450a27-0fbb-464f-a932-687f1733e36a
2023-12-10 08:55:59,585 [IPC Server handler 12 on default port 15001] WARN  node.SCMNodeManager (SCMNodeManager.java:getNodesByAddress(1374)) - address is null
08:55:59.593 [IPC Server handler 12 on default port 15004] ERROR OMAudit - user=runner | ip=127.0.0.1 | op=READ_BUCKET {volume=6e450a27-0fbb-464f-a932-687f1733e36a, bucket=bucket1} | ret=FAILURE
org.apache.hadoop.ozone.om.exceptions.OMException: Bucket not found
	at org.apache.hadoop.ozone.om.OzoneManager.getBucketOwner(OzoneManager.java:2533) ~[ozone-manager-1.4.0-SNAPSHOT.jar:?]
	at org.apache.hadoop.ozone.om.OzoneManager.getBucketOwner(OzoneManager.java:2501) ~[ozone-manager-1.4.0-SNAPSHOT.jar:?]
	at org.apache.hadoop.ozone.om.OmMetadataReader.checkAcls(OmMetadataReader.java:452) ~[ozone-manager-1.4.0-SNAPSHOT.jar:?]
	at org.apache.hadoop.ozone.om.OzoneManager.getBucketInfo(OzoneManager.java:2791) ~[ozone-manager-1.4.0-SNAPSHOT.jar:?]
	at org.apache.hadoop.ozone.protocolPB.OzoneManagerRequestHandler.infoBucket(OzoneManagerRequestHandler.java:566) ~[ozone-manager-1.4.0-SNAPSHOT.jar:?]
	at org.apache.hadoop.ozone.protocolPB.OzoneManagerRequestHandler.handleReadRequest(OzoneManagerRequestHandler.java:207) ~[ozone-manager-1.4.0-SNAPSHOT.jar:?]
	at org.apache.hadoop.ozone.protocolPB.OzoneManagerProtocolServerSideTranslatorPB.submitReadRequestToOM(OzoneManagerProtocolServerSideTranslatorPB.java:265) ~[ozone-manager-1.4.0-SNAPSHOT.jar:?]
	at org.apache.hadoop.ozone.protocolPB.OzoneManagerProtocolServerSideTranslatorPB.internalProcessRequest(OzoneManagerProtocolServerSideTranslatorPB.java:211) ~[ozone-manager-1.4.0-SNAPSHOT.jar:?]
	at org.apache.hadoop.ozone.protocolPB.OzoneManagerProtocolServerSideTranslatorPB.processRequest(OzoneManagerProtocolServerSideTranslatorPB.java:171) ~[ozone-manager-1.4.0-SNAPSHOT.jar:?]
	at org.apache.hadoop.hdds.server.OzoneProtocolMessageDispatcher.processRequest(OzoneProtocolMessageDispatcher.java:89) [hdds-server-framework-1.4.0-SNAPSHOT.jar:?]
	at org.apache.hadoop.ozone.protocolPB.OzoneManagerProtocolServerSideTranslatorPB.submitRequest(OzoneManagerProtocolServerSideTranslatorPB.java:162) [ozone-manager-1.4.0-SNAPSHOT.jar:?]
	at org.apache.hadoop.ozone.protocol.proto.OzoneManagerProtocolProtos$OzoneManagerService$2.callBlockingMethod(OzoneManagerProtocolProtos.java) [ozone-interface-client-1.4.0-SNAPSHOT.jar:?]
	at org.apache.hadoop.ipc.ProtobufRpcEngine$Server.processCall(ProtobufRpcEngine.java:484) [hadoop-common-3.3.6.jar:?]
	at org.apache.hadoop.ipc.ProtobufRpcEngine2$Server$ProtoBufRpcInvoker.call(ProtobufRpcEngine2.java:595) [hadoop-common-3.3.6.jar:?]
	at org.apache.hadoop.ipc.ProtobufRpcEngine2$Server$ProtoBufRpcInvoker.call(ProtobufRpcEngine2.java:573) [hadoop-common-3.3.6.jar:?]
	at org.apache.hadoop.ipc.RPC$Server.call(RPC.java:1227) [hadoop-common-3.3.6.jar:?]
	at org.apache.hadoop.ipc.Server$RpcCall.run(Server.java:1094) [hadoop-common-3.3.6.jar:?]
	at org.apache.hadoop.ipc.Server$RpcCall.run(Server.java:1017) [hadoop-common-3.3.6.jar:?]
	at java.security.AccessController.doPrivileged(Native Method) ~[?:1.8.0_392]
	at javax.security.auth.Subject.doAs(Subject.java:422) [?:1.8.0_392]
	at org.apache.hadoop.security.UserGroupInformation.doAs(UserGroupInformation.java:1899) [hadoop-common-3.3.6.jar:?]
	at org.apache.hadoop.ipc.Server$Handler.run(Server.java:3048) [hadoop-common-3.3.6.jar:?]
]]></system-out>
  </testcase>
  <testcase name="testDeleteKey" classname="org.apache.hadoop.ozone.client.rpc.TestOzoneRpcClientWithRatis" time="0.025">
    <system-out><![CDATA[2023-12-10 08:55:59,595 [main] INFO  rpc.RpcClient (RpcClient.java:createVolume(464)) - Creating Volume: 20242ba0-63f4-41a9-a1ff-365d03ae0a8b, with runner as owner and space quota set to -1 bytes, counts quota set to -1
2023-12-10 08:55:59,597 [om1-OMStateMachineApplyTransactionThread - 0] INFO  volume.OMVolumeCreateRequest (OMVolumeCreateRequest.java:validateAndUpdateCache(204)) - created volume:20242ba0-63f4-41a9-a1ff-365d03ae0a8b for user:runner
2023-12-10 08:55:59,599 [main] INFO  rpc.RpcClient (RpcClient.java:createBucket(691)) - Creating Bucket: 20242ba0-63f4-41a9-a1ff-365d03ae0a8b/8c6d2bbd-559c-4704-9cc5-b7fd2e23b410, with server-side default bucket layout, runner as owner, Versioning false, Storage Type set to DISK and Encryption set to false, Replication Type set to server-side default replication type, Namespace Quota set to -1, Space Quota set to -1 
2023-12-10 08:55:59,600 [om1-OMStateMachineApplyTransactionThread - 0] INFO  bucket.OMBucketCreateRequest (OMBucketCreateRequest.java:validateAndUpdateCache(299)) - created bucket: 8c6d2bbd-559c-4704-9cc5-b7fd2e23b410 of layout FILE_SYSTEM_OPTIMIZED in volume: 20242ba0-63f4-41a9-a1ff-365d03ae0a8b
2023-12-10 08:55:59,602 [IPC Server handler 3 on default port 15001] WARN  node.SCMNodeManager (SCMNodeManager.java:getNodesByAddress(1374)) - address is null
2023-12-10 08:55:59,612 [IPC Server handler 19 on default port 15001] WARN  node.SCMNodeManager (SCMNodeManager.java:getNodesByAddress(1379)) - Cannot find node for address 127.0.0.1
08:55:59.619 [IPC Server handler 2 on default port 15004] ERROR OMAudit - user=runner | ip=127.0.0.1 | op=READ_KEY {volume=20242ba0-63f4-41a9-a1ff-365d03ae0a8b, bucket=8c6d2bbd-559c-4704-9cc5-b7fd2e23b410, key=8f430839-5a1a-4879-9032-538d4e78293e, dataSize=0, replicationConfig=null} | ret=FAILURE
org.apache.hadoop.ozone.om.exceptions.OMException: Key:8f430839-5a1a-4879-9032-538d4e78293e not found
	at org.apache.hadoop.ozone.om.KeyManagerImpl.readKeyInfo(KeyManagerImpl.java:451) ~[ozone-manager-1.4.0-SNAPSHOT.jar:?]
	at org.apache.hadoop.ozone.om.KeyManagerImpl.lambda$9(KeyManagerImpl.java:2011) ~[ozone-manager-1.4.0-SNAPSHOT.jar:?]
	at org.apache.hadoop.util.MetricUtil.captureLatencyNs(MetricUtil.java:39) ~[hdds-common-1.4.0-SNAPSHOT.jar:?]
	at org.apache.hadoop.ozone.om.KeyManagerImpl.getKeyInfo(KeyManagerImpl.java:2009) ~[ozone-manager-1.4.0-SNAPSHOT.jar:?]
	at org.apache.hadoop.ozone.om.OmMetadataReader.getKeyInfo(OmMetadataReader.java:190) ~[ozone-manager-1.4.0-SNAPSHOT.jar:?]
	at org.apache.hadoop.ozone.om.OzoneManager.getKeyInfo(OzoneManager.java:2869) ~[ozone-manager-1.4.0-SNAPSHOT.jar:?]
	at org.apache.hadoop.ozone.protocolPB.OzoneManagerRequestHandler.getKeyInfo(OzoneManagerRequestHandler.java:606) ~[ozone-manager-1.4.0-SNAPSHOT.jar:?]
	at org.apache.hadoop.ozone.protocolPB.OzoneManagerRequestHandler.handleReadRequest(OzoneManagerRequestHandler.java:322) ~[ozone-manager-1.4.0-SNAPSHOT.jar:?]
	at org.apache.hadoop.ozone.protocolPB.OzoneManagerProtocolServerSideTranslatorPB.submitReadRequestToOM(OzoneManagerProtocolServerSideTranslatorPB.java:265) ~[ozone-manager-1.4.0-SNAPSHOT.jar:?]
	at org.apache.hadoop.ozone.protocolPB.OzoneManagerProtocolServerSideTranslatorPB.internalProcessRequest(OzoneManagerProtocolServerSideTranslatorPB.java:211) ~[ozone-manager-1.4.0-SNAPSHOT.jar:?]
	at org.apache.hadoop.ozone.protocolPB.OzoneManagerProtocolServerSideTranslatorPB.processRequest(OzoneManagerProtocolServerSideTranslatorPB.java:171) ~[ozone-manager-1.4.0-SNAPSHOT.jar:?]
	at org.apache.hadoop.hdds.server.OzoneProtocolMessageDispatcher.processRequest(OzoneProtocolMessageDispatcher.java:89) [hdds-server-framework-1.4.0-SNAPSHOT.jar:?]
	at org.apache.hadoop.ozone.protocolPB.OzoneManagerProtocolServerSideTranslatorPB.submitRequest(OzoneManagerProtocolServerSideTranslatorPB.java:162) [ozone-manager-1.4.0-SNAPSHOT.jar:?]
	at org.apache.hadoop.ozone.protocol.proto.OzoneManagerProtocolProtos$OzoneManagerService$2.callBlockingMethod(OzoneManagerProtocolProtos.java) [ozone-interface-client-1.4.0-SNAPSHOT.jar:?]
	at org.apache.hadoop.ipc.ProtobufRpcEngine$Server.processCall(ProtobufRpcEngine.java:484) [hadoop-common-3.3.6.jar:?]
	at org.apache.hadoop.ipc.ProtobufRpcEngine2$Server$ProtoBufRpcInvoker.call(ProtobufRpcEngine2.java:595) [hadoop-common-3.3.6.jar:?]
	at org.apache.hadoop.ipc.ProtobufRpcEngine2$Server$ProtoBufRpcInvoker.call(ProtobufRpcEngine2.java:573) [hadoop-common-3.3.6.jar:?]
	at org.apache.hadoop.ipc.RPC$Server.call(RPC.java:1227) [hadoop-common-3.3.6.jar:?]
	at org.apache.hadoop.ipc.Server$RpcCall.run(Server.java:1094) [hadoop-common-3.3.6.jar:?]
	at org.apache.hadoop.ipc.Server$RpcCall.run(Server.java:1017) [hadoop-common-3.3.6.jar:?]
	at java.security.AccessController.doPrivileged(Native Method) ~[?:1.8.0_392]
	at javax.security.auth.Subject.doAs(Subject.java:422) [?:1.8.0_392]
	at org.apache.hadoop.security.UserGroupInformation.doAs(UserGroupInformation.java:1899) [hadoop-common-3.3.6.jar:?]
	at org.apache.hadoop.ipc.Server$Handler.run(Server.java:3048) [hadoop-common-3.3.6.jar:?]
]]></system-out>
  </testcase>
  <testcase name="testDeleteLinkedBucket" classname="org.apache.hadoop.ozone.client.rpc.TestOzoneRpcClientWithRatis" time="0.019">
    <system-out><![CDATA[2023-12-10 08:55:59,621 [main] INFO  rpc.RpcClient (RpcClient.java:createVolume(464)) - Creating Volume: fc286fc0-de4e-4a24-9d57-83db98eb663e, with runner as owner and space quota set to -1 bytes, counts quota set to -1
2023-12-10 08:55:59,622 [om1-OMStateMachineApplyTransactionThread - 0] INFO  volume.OMVolumeCreateRequest (OMVolumeCreateRequest.java:validateAndUpdateCache(204)) - created volume:fc286fc0-de4e-4a24-9d57-83db98eb663e for user:runner
2023-12-10 08:55:59,623 [main] INFO  rpc.RpcClient (RpcClient.java:createBucket(691)) - Creating Bucket: fc286fc0-de4e-4a24-9d57-83db98eb663e/f5a3c474-e683-468d-ac04-b95f0bd6dfe8, with server-side default bucket layout, runner as owner, Versioning false, Storage Type set to DISK and Encryption set to false, Replication Type set to server-side default replication type, Namespace Quota set to -1, Space Quota set to -1 
2023-12-10 08:55:59,625 [om1-OMStateMachineApplyTransactionThread - 0] INFO  bucket.OMBucketCreateRequest (OMBucketCreateRequest.java:validateAndUpdateCache(299)) - created bucket: f5a3c474-e683-468d-ac04-b95f0bd6dfe8 of layout FILE_SYSTEM_OPTIMIZED in volume: fc286fc0-de4e-4a24-9d57-83db98eb663e
2023-12-10 08:55:59,626 [main] INFO  rpc.RpcClient (RpcClient.java:createBucket(691)) - Creating Bucket: fc286fc0-de4e-4a24-9d57-83db98eb663e/28828d03-eb4d-497a-847f-28a442eacf86, with server-side default bucket layout, runner as owner, Versioning false, Storage Type set to DISK and Encryption set to false, Replication Type set to server-side default replication type, Namespace Quota set to -1, Space Quota set to -1 
2023-12-10 08:55:59,628 [om1-OMStateMachineApplyTransactionThread - 0] INFO  bucket.OMBucketCreateRequest (OMBucketCreateRequest.java:validateAndUpdateCache(299)) - created bucket: 28828d03-eb4d-497a-847f-28a442eacf86 of layout FILE_SYSTEM_OPTIMIZED in volume: fc286fc0-de4e-4a24-9d57-83db98eb663e
08:55:59.633 [IPC Server handler 9 on default port 15004] ERROR OMAudit - user=runner | ip=127.0.0.1 | op=READ_BUCKET {volume=fc286fc0-de4e-4a24-9d57-83db98eb663e, bucket=f5a3c474-e683-468d-ac04-b95f0bd6dfe8} | ret=FAILURE
org.apache.hadoop.ozone.om.exceptions.OMException: Bucket not found
	at org.apache.hadoop.ozone.om.OzoneManager.getBucketOwner(OzoneManager.java:2533) ~[ozone-manager-1.4.0-SNAPSHOT.jar:?]
	at org.apache.hadoop.ozone.om.OzoneManager.getBucketOwner(OzoneManager.java:2501) ~[ozone-manager-1.4.0-SNAPSHOT.jar:?]
	at org.apache.hadoop.ozone.om.OmMetadataReader.checkAcls(OmMetadataReader.java:452) ~[ozone-manager-1.4.0-SNAPSHOT.jar:?]
	at org.apache.hadoop.ozone.om.OzoneManager.getBucketInfo(OzoneManager.java:2791) ~[ozone-manager-1.4.0-SNAPSHOT.jar:?]
	at org.apache.hadoop.ozone.protocolPB.OzoneManagerRequestHandler.infoBucket(OzoneManagerRequestHandler.java:566) ~[ozone-manager-1.4.0-SNAPSHOT.jar:?]
	at org.apache.hadoop.ozone.protocolPB.OzoneManagerRequestHandler.handleReadRequest(OzoneManagerRequestHandler.java:207) ~[ozone-manager-1.4.0-SNAPSHOT.jar:?]
	at org.apache.hadoop.ozone.protocolPB.OzoneManagerProtocolServerSideTranslatorPB.submitReadRequestToOM(OzoneManagerProtocolServerSideTranslatorPB.java:265) ~[ozone-manager-1.4.0-SNAPSHOT.jar:?]
	at org.apache.hadoop.ozone.protocolPB.OzoneManagerProtocolServerSideTranslatorPB.internalProcessRequest(OzoneManagerProtocolServerSideTranslatorPB.java:211) ~[ozone-manager-1.4.0-SNAPSHOT.jar:?]
	at org.apache.hadoop.ozone.protocolPB.OzoneManagerProtocolServerSideTranslatorPB.processRequest(OzoneManagerProtocolServerSideTranslatorPB.java:171) ~[ozone-manager-1.4.0-SNAPSHOT.jar:?]
	at org.apache.hadoop.hdds.server.OzoneProtocolMessageDispatcher.processRequest(OzoneProtocolMessageDispatcher.java:89) [hdds-server-framework-1.4.0-SNAPSHOT.jar:?]
	at org.apache.hadoop.ozone.protocolPB.OzoneManagerProtocolServerSideTranslatorPB.submitRequest(OzoneManagerProtocolServerSideTranslatorPB.java:162) [ozone-manager-1.4.0-SNAPSHOT.jar:?]
	at org.apache.hadoop.ozone.protocol.proto.OzoneManagerProtocolProtos$OzoneManagerService$2.callBlockingMethod(OzoneManagerProtocolProtos.java) [ozone-interface-client-1.4.0-SNAPSHOT.jar:?]
	at org.apache.hadoop.ipc.ProtobufRpcEngine$Server.processCall(ProtobufRpcEngine.java:484) [hadoop-common-3.3.6.jar:?]
	at org.apache.hadoop.ipc.ProtobufRpcEngine2$Server$ProtoBufRpcInvoker.call(ProtobufRpcEngine2.java:595) [hadoop-common-3.3.6.jar:?]
	at org.apache.hadoop.ipc.ProtobufRpcEngine2$Server$ProtoBufRpcInvoker.call(ProtobufRpcEngine2.java:573) [hadoop-common-3.3.6.jar:?]
	at org.apache.hadoop.ipc.RPC$Server.call(RPC.java:1227) [hadoop-common-3.3.6.jar:?]
	at org.apache.hadoop.ipc.Server$RpcCall.run(Server.java:1094) [hadoop-common-3.3.6.jar:?]
	at org.apache.hadoop.ipc.Server$RpcCall.run(Server.java:1017) [hadoop-common-3.3.6.jar:?]
	at java.security.AccessController.doPrivileged(Native Method) ~[?:1.8.0_392]
	at javax.security.auth.Subject.doAs(Subject.java:422) [?:1.8.0_392]
	at org.apache.hadoop.security.UserGroupInformation.doAs(UserGroupInformation.java:1899) [hadoop-common-3.3.6.jar:?]
	at org.apache.hadoop.ipc.Server$Handler.run(Server.java:3048) [hadoop-common-3.3.6.jar:?]
2023-12-10 08:55:59,634 [IPC Server handler 11 on default port 15004] WARN  om.OzoneManager (OzoneManager.java:resolveBucketLink(4330)) - Bucket f5a3c474-e683-468d-ac04-b95f0bd6dfe8 not found in volume fc286fc0-de4e-4a24-9d57-83db98eb663e
08:55:59.637 [IPC Server handler 12 on default port 15004] ERROR OMAudit - user=runner | ip=127.0.0.1 | op=READ_BUCKET {volume=fc286fc0-de4e-4a24-9d57-83db98eb663e, bucket=28828d03-eb4d-497a-847f-28a442eacf86} | ret=FAILURE
org.apache.hadoop.ozone.om.exceptions.OMException: Bucket not found
	at org.apache.hadoop.ozone.om.OzoneManager.getBucketOwner(OzoneManager.java:2533) ~[ozone-manager-1.4.0-SNAPSHOT.jar:?]
	at org.apache.hadoop.ozone.om.OzoneManager.getBucketOwner(OzoneManager.java:2501) ~[ozone-manager-1.4.0-SNAPSHOT.jar:?]
	at org.apache.hadoop.ozone.om.OmMetadataReader.checkAcls(OmMetadataReader.java:452) ~[ozone-manager-1.4.0-SNAPSHOT.jar:?]
	at org.apache.hadoop.ozone.om.OzoneManager.getBucketInfo(OzoneManager.java:2791) ~[ozone-manager-1.4.0-SNAPSHOT.jar:?]
	at org.apache.hadoop.ozone.protocolPB.OzoneManagerRequestHandler.infoBucket(OzoneManagerRequestHandler.java:566) ~[ozone-manager-1.4.0-SNAPSHOT.jar:?]
	at org.apache.hadoop.ozone.protocolPB.OzoneManagerRequestHandler.handleReadRequest(OzoneManagerRequestHandler.java:207) ~[ozone-manager-1.4.0-SNAPSHOT.jar:?]
	at org.apache.hadoop.ozone.protocolPB.OzoneManagerProtocolServerSideTranslatorPB.submitReadRequestToOM(OzoneManagerProtocolServerSideTranslatorPB.java:265) ~[ozone-manager-1.4.0-SNAPSHOT.jar:?]
	at org.apache.hadoop.ozone.protocolPB.OzoneManagerProtocolServerSideTranslatorPB.internalProcessRequest(OzoneManagerProtocolServerSideTranslatorPB.java:211) ~[ozone-manager-1.4.0-SNAPSHOT.jar:?]
	at org.apache.hadoop.ozone.protocolPB.OzoneManagerProtocolServerSideTranslatorPB.processRequest(OzoneManagerProtocolServerSideTranslatorPB.java:171) ~[ozone-manager-1.4.0-SNAPSHOT.jar:?]
	at org.apache.hadoop.hdds.server.OzoneProtocolMessageDispatcher.processRequest(OzoneProtocolMessageDispatcher.java:89) [hdds-server-framework-1.4.0-SNAPSHOT.jar:?]
	at org.apache.hadoop.ozone.protocolPB.OzoneManagerProtocolServerSideTranslatorPB.submitRequest(OzoneManagerProtocolServerSideTranslatorPB.java:162) [ozone-manager-1.4.0-SNAPSHOT.jar:?]
	at org.apache.hadoop.ozone.protocol.proto.OzoneManagerProtocolProtos$OzoneManagerService$2.callBlockingMethod(OzoneManagerProtocolProtos.java) [ozone-interface-client-1.4.0-SNAPSHOT.jar:?]
	at org.apache.hadoop.ipc.ProtobufRpcEngine$Server.processCall(ProtobufRpcEngine.java:484) [hadoop-common-3.3.6.jar:?]
	at org.apache.hadoop.ipc.ProtobufRpcEngine2$Server$ProtoBufRpcInvoker.call(ProtobufRpcEngine2.java:595) [hadoop-common-3.3.6.jar:?]
	at org.apache.hadoop.ipc.ProtobufRpcEngine2$Server$ProtoBufRpcInvoker.call(ProtobufRpcEngine2.java:573) [hadoop-common-3.3.6.jar:?]
	at org.apache.hadoop.ipc.RPC$Server.call(RPC.java:1227) [hadoop-common-3.3.6.jar:?]
	at org.apache.hadoop.ipc.Server$RpcCall.run(Server.java:1094) [hadoop-common-3.3.6.jar:?]
	at org.apache.hadoop.ipc.Server$RpcCall.run(Server.java:1017) [hadoop-common-3.3.6.jar:?]
	at java.security.AccessController.doPrivileged(Native Method) ~[?:1.8.0_392]
	at javax.security.auth.Subject.doAs(Subject.java:422) [?:1.8.0_392]
	at org.apache.hadoop.security.UserGroupInformation.doAs(UserGroupInformation.java:1899) [hadoop-common-3.3.6.jar:?]
	at org.apache.hadoop.ipc.Server$Handler.run(Server.java:3048) [hadoop-common-3.3.6.jar:?]
]]></system-out>
  </testcase>
  <testcase name="testDeleteS3Bucket" classname="org.apache.hadoop.ozone.client.rpc.TestOzoneRpcClientWithRatis" time="0.007">
    <system-out><![CDATA[2023-12-10 08:55:59,640 [main] INFO  rpc.RpcClient (RpcClient.java:createBucket(691)) - Creating Bucket: s3v/5df6afe0-d027-4b9b-838b-90f032f527b8, with bucket layout OBJECT_STORE, runner as owner, Versioning false, Storage Type set to DISK and Encryption set to false, Replication Type set to server-side default replication type, Namespace Quota set to -1, Space Quota set to -1 
2023-12-10 08:55:59,642 [om1-OMStateMachineApplyTransactionThread - 0] INFO  bucket.OMBucketCreateRequest (OMBucketCreateRequest.java:validateAndUpdateCache(299)) - created bucket: 5df6afe0-d027-4b9b-838b-90f032f527b8 of layout OBJECT_STORE in volume: s3v
08:55:59.646 [IPC Server handler 2 on default port 15004] ERROR OMAudit - user=runner | ip=127.0.0.1 | op=READ_BUCKET {volume=s3v, bucket=5df6afe0-d027-4b9b-838b-90f032f527b8} | ret=FAILURE
org.apache.hadoop.ozone.om.exceptions.OMException: Bucket not found
	at org.apache.hadoop.ozone.om.OzoneManager.getBucketOwner(OzoneManager.java:2533) ~[ozone-manager-1.4.0-SNAPSHOT.jar:?]
	at org.apache.hadoop.ozone.om.OzoneManager.getBucketOwner(OzoneManager.java:2501) ~[ozone-manager-1.4.0-SNAPSHOT.jar:?]
	at org.apache.hadoop.ozone.om.OmMetadataReader.checkAcls(OmMetadataReader.java:452) ~[ozone-manager-1.4.0-SNAPSHOT.jar:?]
	at org.apache.hadoop.ozone.om.OzoneManager.getBucketInfo(OzoneManager.java:2791) ~[ozone-manager-1.4.0-SNAPSHOT.jar:?]
	at org.apache.hadoop.ozone.protocolPB.OzoneManagerRequestHandler.infoBucket(OzoneManagerRequestHandler.java:566) ~[ozone-manager-1.4.0-SNAPSHOT.jar:?]
	at org.apache.hadoop.ozone.protocolPB.OzoneManagerRequestHandler.handleReadRequest(OzoneManagerRequestHandler.java:207) ~[ozone-manager-1.4.0-SNAPSHOT.jar:?]
	at org.apache.hadoop.ozone.protocolPB.OzoneManagerProtocolServerSideTranslatorPB.submitReadRequestToOM(OzoneManagerProtocolServerSideTranslatorPB.java:265) ~[ozone-manager-1.4.0-SNAPSHOT.jar:?]
	at org.apache.hadoop.ozone.protocolPB.OzoneManagerProtocolServerSideTranslatorPB.internalProcessRequest(OzoneManagerProtocolServerSideTranslatorPB.java:211) ~[ozone-manager-1.4.0-SNAPSHOT.jar:?]
	at org.apache.hadoop.ozone.protocolPB.OzoneManagerProtocolServerSideTranslatorPB.processRequest(OzoneManagerProtocolServerSideTranslatorPB.java:171) ~[ozone-manager-1.4.0-SNAPSHOT.jar:?]
	at org.apache.hadoop.hdds.server.OzoneProtocolMessageDispatcher.processRequest(OzoneProtocolMessageDispatcher.java:89) [hdds-server-framework-1.4.0-SNAPSHOT.jar:?]
	at org.apache.hadoop.ozone.protocolPB.OzoneManagerProtocolServerSideTranslatorPB.submitRequest(OzoneManagerProtocolServerSideTranslatorPB.java:162) [ozone-manager-1.4.0-SNAPSHOT.jar:?]
	at org.apache.hadoop.ozone.protocol.proto.OzoneManagerProtocolProtos$OzoneManagerService$2.callBlockingMethod(OzoneManagerProtocolProtos.java) [ozone-interface-client-1.4.0-SNAPSHOT.jar:?]
	at org.apache.hadoop.ipc.ProtobufRpcEngine$Server.processCall(ProtobufRpcEngine.java:484) [hadoop-common-3.3.6.jar:?]
	at org.apache.hadoop.ipc.ProtobufRpcEngine2$Server$ProtoBufRpcInvoker.call(ProtobufRpcEngine2.java:595) [hadoop-common-3.3.6.jar:?]
	at org.apache.hadoop.ipc.ProtobufRpcEngine2$Server$ProtoBufRpcInvoker.call(ProtobufRpcEngine2.java:573) [hadoop-common-3.3.6.jar:?]
	at org.apache.hadoop.ipc.RPC$Server.call(RPC.java:1227) [hadoop-common-3.3.6.jar:?]
	at org.apache.hadoop.ipc.Server$RpcCall.run(Server.java:1094) [hadoop-common-3.3.6.jar:?]
	at org.apache.hadoop.ipc.Server$RpcCall.run(Server.java:1017) [hadoop-common-3.3.6.jar:?]
	at java.security.AccessController.doPrivileged(Native Method) ~[?:1.8.0_392]
	at javax.security.auth.Subject.doAs(Subject.java:422) [?:1.8.0_392]
	at org.apache.hadoop.security.UserGroupInformation.doAs(UserGroupInformation.java:1899) [hadoop-common-3.3.6.jar:?]
	at org.apache.hadoop.ipc.Server$Handler.run(Server.java:3048) [hadoop-common-3.3.6.jar:?]
]]></system-out>
  </testcase>
  <testcase name="testDeleteS3NonExistingBucket" classname="org.apache.hadoop.ozone.client.rpc.TestOzoneRpcClientWithRatis" time="0.003">
    <system-out><![CDATA[08:55:59.649 [om1-OMStateMachineApplyTransactionThread - 0] ERROR OMAudit - user=runner | ip=127.0.0.1 | op=DELETE_BUCKET {volume=s3v, bucket=8cc38af0-59d5-4c05-84f3-7c010b383575} | ret=FAILURE
org.apache.hadoop.ozone.om.exceptions.OMException: Bucket not found
	at org.apache.hadoop.ozone.om.OzoneManager.getBucketOwner(OzoneManager.java:2533) ~[ozone-manager-1.4.0-SNAPSHOT.jar:?]
	at org.apache.hadoop.ozone.om.OzoneManager.getBucketOwner(OzoneManager.java:2501) ~[ozone-manager-1.4.0-SNAPSHOT.jar:?]
	at org.apache.hadoop.ozone.om.request.OMClientRequest.checkAcls(OMClientRequest.java:237) ~[ozone-manager-1.4.0-SNAPSHOT.jar:?]
	at org.apache.hadoop.ozone.om.request.bucket.OMBucketDeleteRequest.validateAndUpdateCache(OMBucketDeleteRequest.java:114) ~[ozone-manager-1.4.0-SNAPSHOT.jar:?]
	at org.apache.hadoop.ozone.protocolPB.OzoneManagerRequestHandler.lambda$0(OzoneManagerRequestHandler.java:395) ~[ozone-manager-1.4.0-SNAPSHOT.jar:?]
	at org.apache.hadoop.util.MetricUtil.captureLatencyNs(MetricUtil.java:39) ~[hdds-common-1.4.0-SNAPSHOT.jar:?]
	at org.apache.hadoop.ozone.protocolPB.OzoneManagerRequestHandler.handleWriteRequest(OzoneManagerRequestHandler.java:393) ~[ozone-manager-1.4.0-SNAPSHOT.jar:?]
	at org.apache.hadoop.ozone.om.ratis.OzoneManagerStateMachine.runCommand(OzoneManagerStateMachine.java:582) ~[ozone-manager-1.4.0-SNAPSHOT.jar:?]
	at org.apache.hadoop.ozone.om.ratis.OzoneManagerStateMachine.lambda$1(OzoneManagerStateMachine.java:370) ~[ozone-manager-1.4.0-SNAPSHOT.jar:?]
	at java.util.concurrent.CompletableFuture$AsyncSupply.run(CompletableFuture.java:1604) [?:1.8.0_392]
	at java.util.concurrent.ThreadPoolExecutor.runWorker(ThreadPoolExecutor.java:1149) [?:1.8.0_392]
	at java.util.concurrent.ThreadPoolExecutor$Worker.run(ThreadPoolExecutor.java:624) [?:1.8.0_392]
	at java.lang.Thread.run(Thread.java:750) [?:1.8.0_392]
2023-12-10 08:55:59,649 [om1-OMStateMachineApplyTransactionThread - 0] ERROR bucket.OMBucketDeleteRequest (OMBucketDeleteRequest.java:validateAndUpdateCache(230)) - Delete bucket failed for bucket:8cc38af0-59d5-4c05-84f3-7c010b383575 in volume:s3v
BUCKET_NOT_FOUND org.apache.hadoop.ozone.om.exceptions.OMException: Bucket not found
	at org.apache.hadoop.ozone.om.OzoneManager.getBucketOwner(OzoneManager.java:2533)
	at org.apache.hadoop.ozone.om.OzoneManager.getBucketOwner(OzoneManager.java:2501)
	at org.apache.hadoop.ozone.om.request.OMClientRequest.checkAcls(OMClientRequest.java:237)
	at org.apache.hadoop.ozone.om.request.bucket.OMBucketDeleteRequest.validateAndUpdateCache(OMBucketDeleteRequest.java:114)
	at org.apache.hadoop.ozone.protocolPB.OzoneManagerRequestHandler.lambda$0(OzoneManagerRequestHandler.java:395)
	at org.apache.hadoop.util.MetricUtil.captureLatencyNs(MetricUtil.java:39)
	at org.apache.hadoop.ozone.protocolPB.OzoneManagerRequestHandler.handleWriteRequest(OzoneManagerRequestHandler.java:393)
	at org.apache.hadoop.ozone.om.ratis.OzoneManagerStateMachine.runCommand(OzoneManagerStateMachine.java:582)
	at org.apache.hadoop.ozone.om.ratis.OzoneManagerStateMachine.lambda$1(OzoneManagerStateMachine.java:370)
	at java.util.concurrent.CompletableFuture$AsyncSupply.run(CompletableFuture.java:1604)
	at java.util.concurrent.ThreadPoolExecutor.runWorker(ThreadPoolExecutor.java:1149)
	at java.util.concurrent.ThreadPoolExecutor$Worker.run(ThreadPoolExecutor.java:624)
	at java.lang.Thread.run(Thread.java:750)
]]></system-out>
  </testcase>
  <testcase name="testDeleteVolume" classname="org.apache.hadoop.ozone.client.rpc.TestOzoneRpcClientWithRatis" time="0.013">
    <system-out><![CDATA[2023-12-10 08:55:59,651 [main] INFO  rpc.RpcClient (RpcClient.java:createVolume(464)) - Creating Volume: 107c26ca-1533-4e9a-af40-ca42bdc699b8, with runner as owner and space quota set to -1 bytes, counts quota set to -1
2023-12-10 08:55:59,652 [om1-OMStateMachineApplyTransactionThread - 0] INFO  volume.OMVolumeCreateRequest (OMVolumeCreateRequest.java:validateAndUpdateCache(204)) - created volume:107c26ca-1533-4e9a-af40-ca42bdc699b8 for user:runner
08:55:59.654 [IPC Server handler 7 on default port 15004] ERROR OMAudit - user=runner | ip=127.0.0.1 | op=READ_VOLUME {volume=107c26ca-1533-4e9a-af40-ca42bdc699b8} | ret=FAILURE
org.apache.hadoop.ozone.om.exceptions.OMException: Volume 107c26ca-1533-4e9a-af40-ca42bdc699b8 is not found
	at org.apache.hadoop.ozone.om.OzoneManager.getVolumeOwner(OzoneManager.java:2486) ~[ozone-manager-1.4.0-SNAPSHOT.jar:?]
	at org.apache.hadoop.ozone.om.OzoneManager.getVolumeOwner(OzoneManager.java:2458) ~[ozone-manager-1.4.0-SNAPSHOT.jar:?]
	at org.apache.hadoop.ozone.om.OmMetadataReader.checkAcls(OmMetadataReader.java:451) ~[ozone-manager-1.4.0-SNAPSHOT.jar:?]
	at org.apache.hadoop.ozone.om.OzoneManager.getVolumeInfo(OzoneManager.java:2609) ~[ozone-manager-1.4.0-SNAPSHOT.jar:?]
	at org.apache.hadoop.ozone.protocolPB.OzoneManagerRequestHandler.infoVolume(OzoneManagerRequestHandler.java:492) ~[ozone-manager-1.4.0-SNAPSHOT.jar:?]
	at org.apache.hadoop.ozone.protocolPB.OzoneManagerRequestHandler.handleReadRequest(OzoneManagerRequestHandler.java:197) ~[ozone-manager-1.4.0-SNAPSHOT.jar:?]
	at org.apache.hadoop.ozone.protocolPB.OzoneManagerProtocolServerSideTranslatorPB.submitReadRequestToOM(OzoneManagerProtocolServerSideTranslatorPB.java:265) ~[ozone-manager-1.4.0-SNAPSHOT.jar:?]
	at org.apache.hadoop.ozone.protocolPB.OzoneManagerProtocolServerSideTranslatorPB.internalProcessRequest(OzoneManagerProtocolServerSideTranslatorPB.java:211) ~[ozone-manager-1.4.0-SNAPSHOT.jar:?]
	at org.apache.hadoop.ozone.protocolPB.OzoneManagerProtocolServerSideTranslatorPB.processRequest(OzoneManagerProtocolServerSideTranslatorPB.java:171) ~[ozone-manager-1.4.0-SNAPSHOT.jar:?]
	at org.apache.hadoop.hdds.server.OzoneProtocolMessageDispatcher.processRequest(OzoneProtocolMessageDispatcher.java:89) [hdds-server-framework-1.4.0-SNAPSHOT.jar:?]
	at org.apache.hadoop.ozone.protocolPB.OzoneManagerProtocolServerSideTranslatorPB.submitRequest(OzoneManagerProtocolServerSideTranslatorPB.java:162) [ozone-manager-1.4.0-SNAPSHOT.jar:?]
	at org.apache.hadoop.ozone.protocol.proto.OzoneManagerProtocolProtos$OzoneManagerService$2.callBlockingMethod(OzoneManagerProtocolProtos.java) [ozone-interface-client-1.4.0-SNAPSHOT.jar:?]
	at org.apache.hadoop.ipc.ProtobufRpcEngine$Server.processCall(ProtobufRpcEngine.java:484) [hadoop-common-3.3.6.jar:?]
	at org.apache.hadoop.ipc.ProtobufRpcEngine2$Server$ProtoBufRpcInvoker.call(ProtobufRpcEngine2.java:595) [hadoop-common-3.3.6.jar:?]
	at org.apache.hadoop.ipc.ProtobufRpcEngine2$Server$ProtoBufRpcInvoker.call(ProtobufRpcEngine2.java:573) [hadoop-common-3.3.6.jar:?]
	at org.apache.hadoop.ipc.RPC$Server.call(RPC.java:1227) [hadoop-common-3.3.6.jar:?]
	at org.apache.hadoop.ipc.Server$RpcCall.run(Server.java:1094) [hadoop-common-3.3.6.jar:?]
	at org.apache.hadoop.ipc.Server$RpcCall.run(Server.java:1017) [hadoop-common-3.3.6.jar:?]
	at java.security.AccessController.doPrivileged(Native Method) ~[?:1.8.0_392]
	at javax.security.auth.Subject.doAs(Subject.java:422) [?:1.8.0_392]
	at org.apache.hadoop.security.UserGroupInformation.doAs(UserGroupInformation.java:1899) [hadoop-common-3.3.6.jar:?]
	at org.apache.hadoop.ipc.Server$Handler.run(Server.java:3048) [hadoop-common-3.3.6.jar:?]
]]></system-out>
  </testcase>
  <testcase name="testDeletedKeyForGDPR" classname="org.apache.hadoop.ozone.client.rpc.TestOzoneRpcClientWithRatis" time="0.074">
    <system-out><![CDATA[2023-12-10 08:55:59,664 [main] INFO  rpc.RpcClient (RpcClient.java:createVolume(464)) - Creating Volume: 9600caab-dbd3-47ec-9a5c-798b7d8cfdab, with runner as owner and space quota set to -1 bytes, counts quota set to -1
2023-12-10 08:55:59,665 [om1-OMStateMachineApplyTransactionThread - 0] INFO  volume.OMVolumeCreateRequest (OMVolumeCreateRequest.java:validateAndUpdateCache(204)) - created volume:9600caab-dbd3-47ec-9a5c-798b7d8cfdab for user:runner
2023-12-10 08:55:59,666 [main] INFO  rpc.RpcClient (RpcClient.java:createBucket(691)) - Creating Bucket: 9600caab-dbd3-47ec-9a5c-798b7d8cfdab/a127ac88-6e98-49a2-bf44-ee5ff3c80555, with server-side default bucket layout, runner as owner, Versioning false, Storage Type set to DISK and Encryption set to false, Replication Type set to server-side default replication type, Namespace Quota set to -1, Space Quota set to -1 
2023-12-10 08:55:59,667 [om1-OMStateMachineApplyTransactionThread - 0] INFO  bucket.OMBucketCreateRequest (OMBucketCreateRequest.java:validateAndUpdateCache(299)) - created bucket: a127ac88-6e98-49a2-bf44-ee5ff3c80555 of layout FILE_SYSTEM_OPTIMIZED in volume: 9600caab-dbd3-47ec-9a5c-798b7d8cfdab
2023-12-10 08:55:59,687 [IPC Server handler 0 on default port 15001] WARN  node.SCMNodeManager (SCMNodeManager.java:getNodesByAddress(1374)) - address is null
2023-12-10 08:55:59,713 [IPC Server handler 6 on default port 15001] WARN  node.SCMNodeManager (SCMNodeManager.java:getNodesByAddress(1379)) - Cannot find node for address 127.0.0.1
2023-12-10 08:55:59,716 [IPC Server handler 7 on default port 15001] WARN  node.SCMNodeManager (SCMNodeManager.java:getNodesByAddress(1379)) - Cannot find node for address 127.0.0.1
]]></system-out>
  </testcase>
  <testcase name="testFSOBucketUsedBytes" classname="org.apache.hadoop.ozone.client.rpc.TestOzoneRpcClientWithRatis" time="0.048">
    <system-out><![CDATA[2023-12-10 08:55:59,738 [main] INFO  rpc.RpcClient (RpcClient.java:createVolume(464)) - Creating Volume: ac242084-55c2-4799-82d9-2440bd344164, with runner as owner and space quota set to -1 bytes, counts quota set to -1
2023-12-10 08:55:59,739 [om1-OMStateMachineApplyTransactionThread - 0] INFO  volume.OMVolumeCreateRequest (OMVolumeCreateRequest.java:validateAndUpdateCache(204)) - created volume:ac242084-55c2-4799-82d9-2440bd344164 for user:runner
2023-12-10 08:55:59,740 [main] INFO  rpc.RpcClient (RpcClient.java:createBucket(691)) - Creating Bucket: ac242084-55c2-4799-82d9-2440bd344164/06a5d741-cd51-4f0d-909e-35b5c26cc558, with bucket layout FILE_SYSTEM_OPTIMIZED, runner as owner, Versioning false, Storage Type set to DISK and Encryption set to false, Replication Type set to server-side default replication type, Namespace Quota set to -1, Space Quota set to -1 
2023-12-10 08:55:59,742 [om1-OMStateMachineApplyTransactionThread - 0] INFO  bucket.OMBucketCreateRequest (OMBucketCreateRequest.java:validateAndUpdateCache(299)) - created bucket: 06a5d741-cd51-4f0d-909e-35b5c26cc558 of layout FILE_SYSTEM_OPTIMIZED in volume: ac242084-55c2-4799-82d9-2440bd344164
2023-12-10 08:55:59,744 [IPC Server handler 9 on default port 15001] WARN  node.SCMNodeManager (SCMNodeManager.java:getNodesByAddress(1374)) - address is null
2023-12-10 08:55:59,757 [IPC Server handler 16 on default port 15001] WARN  node.SCMNodeManager (SCMNodeManager.java:getNodesByAddress(1374)) - address is null
2023-12-10 08:55:59,771 [IPC Server handler 13 on default port 15001] WARN  node.SCMNodeManager (SCMNodeManager.java:getNodesByAddress(1374)) - address is null
2023-12-10 08:55:59,772 [IPC Server handler 13 on default port 15001] WARN  node.SCMNodeManager (SCMNodeManager.java:getNodesByAddress(1374)) - address is null
]]></system-out>
  </testcase>
  <testcase name="testGetKeyAndFileWithNetworkTopology" classname="org.apache.hadoop.ozone.client.rpc.TestOzoneRpcClientWithRatis" time="0.055">
    <system-out><![CDATA[2023-12-10 08:55:59,786 [main] INFO  rpc.RpcClient (RpcClient.java:createVolume(464)) - Creating Volume: eb9d1d03-ff69-4150-83fe-b45e5cd1076f, with runner as owner and space quota set to -1 bytes, counts quota set to -1
2023-12-10 08:55:59,788 [om1-OMStateMachineApplyTransactionThread - 0] INFO  volume.OMVolumeCreateRequest (OMVolumeCreateRequest.java:validateAndUpdateCache(204)) - created volume:eb9d1d03-ff69-4150-83fe-b45e5cd1076f for user:runner
2023-12-10 08:55:59,789 [main] INFO  rpc.RpcClient (RpcClient.java:createBucket(691)) - Creating Bucket: eb9d1d03-ff69-4150-83fe-b45e5cd1076f/4e97bae9-32aa-4828-b2b0-c003bd5e5820, with server-side default bucket layout, runner as owner, Versioning false, Storage Type set to DISK and Encryption set to false, Replication Type set to server-side default replication type, Namespace Quota set to -1, Space Quota set to -1 
2023-12-10 08:55:59,790 [om1-OMStateMachineApplyTransactionThread - 0] INFO  bucket.OMBucketCreateRequest (OMBucketCreateRequest.java:validateAndUpdateCache(299)) - created bucket: 4e97bae9-32aa-4828-b2b0-c003bd5e5820 of layout FILE_SYSTEM_OPTIMIZED in volume: eb9d1d03-ff69-4150-83fe-b45e5cd1076f
2023-12-10 08:55:59,793 [IPC Server handler 4 on default port 15001] WARN  node.SCMNodeManager (SCMNodeManager.java:getNodesByAddress(1374)) - address is null
2023-12-10 08:55:59,807 [IPC Server handler 14 on default port 15001] WARN  node.SCMNodeManager (SCMNodeManager.java:getNodesByAddress(1379)) - Cannot find node for address 127.0.0.1
2023-12-10 08:55:59,818 [IPC Server handler 5 on default port 15001] WARN  node.SCMNodeManager (SCMNodeManager.java:getNodesByAddress(1379)) - Cannot find node for address 127.0.0.1
]]></system-out>
  </testcase>
  <testcase name="testGetKeyDetails" classname="org.apache.hadoop.ozone.client.rpc.TestOzoneRpcClientWithRatis" time="0.032">
    <system-out><![CDATA[2023-12-10 08:55:59,843 [main] INFO  rpc.RpcClient (RpcClient.java:createVolume(464)) - Creating Volume: 5aceec25-4edf-45b4-b60e-270ef2401597, with runner as owner and space quota set to -1 bytes, counts quota set to -1
2023-12-10 08:55:59,845 [om1-OMStateMachineApplyTransactionThread - 0] INFO  volume.OMVolumeCreateRequest (OMVolumeCreateRequest.java:validateAndUpdateCache(204)) - created volume:5aceec25-4edf-45b4-b60e-270ef2401597 for user:runner
2023-12-10 08:55:59,846 [main] INFO  rpc.RpcClient (RpcClient.java:createBucket(691)) - Creating Bucket: 5aceec25-4edf-45b4-b60e-270ef2401597/f383d00a-05c0-4ab4-8ad2-ea2149da0a82, with server-side default bucket layout, runner as owner, Versioning false, Storage Type set to DISK and Encryption set to false, Replication Type set to server-side default replication type, Namespace Quota set to -1, Space Quota set to -1 
2023-12-10 08:55:59,848 [om1-OMStateMachineApplyTransactionThread - 0] INFO  bucket.OMBucketCreateRequest (OMBucketCreateRequest.java:validateAndUpdateCache(299)) - created bucket: f383d00a-05c0-4ab4-8ad2-ea2149da0a82 of layout FILE_SYSTEM_OPTIMIZED in volume: 5aceec25-4edf-45b4-b60e-270ef2401597
2023-12-10 08:55:59,851 [IPC Server handler 10 on default port 15001] WARN  node.SCMNodeManager (SCMNodeManager.java:getNodesByAddress(1374)) - address is null
2023-12-10 08:55:59,863 [IPC Server handler 17 on default port 15001] WARN  node.SCMNodeManager (SCMNodeManager.java:getNodesByAddress(1379)) - Cannot find node for address 127.0.0.1
]]></system-out>
  </testcase>
  <testcase name="testHeadObject" classname="org.apache.hadoop.ozone.client.rpc.TestOzoneRpcClientWithRatis" time="0.038">
    <system-out><![CDATA[2023-12-10 08:55:59,875 [main] INFO  rpc.RpcClient (RpcClient.java:createVolume(464)) - Creating Volume: d216b0c1-a5fb-4608-9d4c-32abd33b7183, with runner as owner and space quota set to -1 bytes, counts quota set to -1
2023-12-10 08:55:59,877 [om1-OMStateMachineApplyTransactionThread - 0] INFO  volume.OMVolumeCreateRequest (OMVolumeCreateRequest.java:validateAndUpdateCache(204)) - created volume:d216b0c1-a5fb-4608-9d4c-32abd33b7183 for user:runner
2023-12-10 08:55:59,878 [main] INFO  rpc.RpcClient (RpcClient.java:createBucket(691)) - Creating Bucket: d216b0c1-a5fb-4608-9d4c-32abd33b7183/2c509f13-e397-443d-85b2-65bca30bb903, with server-side default bucket layout, runner as owner, Versioning false, Storage Type set to DISK and Encryption set to false, Replication Type set to server-side default replication type, Namespace Quota set to -1, Space Quota set to -1 
2023-12-10 08:55:59,879 [om1-OMStateMachineApplyTransactionThread - 0] INFO  bucket.OMBucketCreateRequest (OMBucketCreateRequest.java:validateAndUpdateCache(299)) - created bucket: 2c509f13-e397-443d-85b2-65bca30bb903 of layout FILE_SYSTEM_OPTIMIZED in volume: d216b0c1-a5fb-4608-9d4c-32abd33b7183
2023-12-10 08:55:59,882 [IPC Server handler 8 on default port 15001] WARN  node.SCMNodeManager (SCMNodeManager.java:getNodesByAddress(1374)) - address is null
08:55:59.911 [IPC Server handler 3 on default port 15004] ERROR OMAudit - user=runner | ip=127.0.0.1 | op=READ_KEY {volume=d216b0c1-a5fb-4608-9d4c-32abd33b7183, bucket=2c509f13-e397-443d-85b2-65bca30bb903, key=300305e4-8730-4a9f-bc25-fe14efeb2329, dataSize=0, replicationConfig=null} | ret=FAILURE
org.apache.hadoop.ozone.om.exceptions.OMException: Key:300305e4-8730-4a9f-bc25-fe14efeb2329 not found
	at org.apache.hadoop.ozone.om.KeyManagerImpl.readKeyInfo(KeyManagerImpl.java:451) ~[ozone-manager-1.4.0-SNAPSHOT.jar:?]
	at org.apache.hadoop.ozone.om.KeyManagerImpl.lambda$9(KeyManagerImpl.java:2011) ~[ozone-manager-1.4.0-SNAPSHOT.jar:?]
	at org.apache.hadoop.util.MetricUtil.captureLatencyNs(MetricUtil.java:39) ~[hdds-common-1.4.0-SNAPSHOT.jar:?]
	at org.apache.hadoop.ozone.om.KeyManagerImpl.getKeyInfo(KeyManagerImpl.java:2009) ~[ozone-manager-1.4.0-SNAPSHOT.jar:?]
	at org.apache.hadoop.ozone.om.OmMetadataReader.getKeyInfo(OmMetadataReader.java:190) ~[ozone-manager-1.4.0-SNAPSHOT.jar:?]
	at org.apache.hadoop.ozone.om.OzoneManager.getKeyInfo(OzoneManager.java:2869) ~[ozone-manager-1.4.0-SNAPSHOT.jar:?]
	at org.apache.hadoop.ozone.protocolPB.OzoneManagerRequestHandler.getKeyInfo(OzoneManagerRequestHandler.java:606) ~[ozone-manager-1.4.0-SNAPSHOT.jar:?]
	at org.apache.hadoop.ozone.protocolPB.OzoneManagerRequestHandler.handleReadRequest(OzoneManagerRequestHandler.java:322) ~[ozone-manager-1.4.0-SNAPSHOT.jar:?]
	at org.apache.hadoop.ozone.protocolPB.OzoneManagerProtocolServerSideTranslatorPB.submitReadRequestToOM(OzoneManagerProtocolServerSideTranslatorPB.java:265) ~[ozone-manager-1.4.0-SNAPSHOT.jar:?]
	at org.apache.hadoop.ozone.protocolPB.OzoneManagerProtocolServerSideTranslatorPB.internalProcessRequest(OzoneManagerProtocolServerSideTranslatorPB.java:211) ~[ozone-manager-1.4.0-SNAPSHOT.jar:?]
	at org.apache.hadoop.ozone.protocolPB.OzoneManagerProtocolServerSideTranslatorPB.processRequest(OzoneManagerProtocolServerSideTranslatorPB.java:171) ~[ozone-manager-1.4.0-SNAPSHOT.jar:?]
	at org.apache.hadoop.hdds.server.OzoneProtocolMessageDispatcher.processRequest(OzoneProtocolMessageDispatcher.java:89) [hdds-server-framework-1.4.0-SNAPSHOT.jar:?]
	at org.apache.hadoop.ozone.protocolPB.OzoneManagerProtocolServerSideTranslatorPB.submitRequest(OzoneManagerProtocolServerSideTranslatorPB.java:162) [ozone-manager-1.4.0-SNAPSHOT.jar:?]
	at org.apache.hadoop.ozone.protocol.proto.OzoneManagerProtocolProtos$OzoneManagerService$2.callBlockingMethod(OzoneManagerProtocolProtos.java) [ozone-interface-client-1.4.0-SNAPSHOT.jar:?]
	at org.apache.hadoop.ipc.ProtobufRpcEngine$Server.processCall(ProtobufRpcEngine.java:484) [hadoop-common-3.3.6.jar:?]
	at org.apache.hadoop.ipc.ProtobufRpcEngine2$Server$ProtoBufRpcInvoker.call(ProtobufRpcEngine2.java:595) [hadoop-common-3.3.6.jar:?]
	at org.apache.hadoop.ipc.ProtobufRpcEngine2$Server$ProtoBufRpcInvoker.call(ProtobufRpcEngine2.java:573) [hadoop-common-3.3.6.jar:?]
	at org.apache.hadoop.ipc.RPC$Server.call(RPC.java:1227) [hadoop-common-3.3.6.jar:?]
	at org.apache.hadoop.ipc.Server$RpcCall.run(Server.java:1094) [hadoop-common-3.3.6.jar:?]
	at org.apache.hadoop.ipc.Server$RpcCall.run(Server.java:1017) [hadoop-common-3.3.6.jar:?]
	at java.security.AccessController.doPrivileged(Native Method) ~[?:1.8.0_392]
	at javax.security.auth.Subject.doAs(Subject.java:422) [?:1.8.0_392]
	at org.apache.hadoop.security.UserGroupInformation.doAs(UserGroupInformation.java:1899) [hadoop-common-3.3.6.jar:?]
	at org.apache.hadoop.ipc.Server$Handler.run(Server.java:3048) [hadoop-common-3.3.6.jar:?]
]]></system-out>
  </testcase>
  <testcase name="testInitiateMultipartUpload(ReplicationConfig)[1]" classname="org.apache.hadoop.ozone.client.rpc.TestOzoneRpcClientWithRatis" time="0.013">
    <system-out><![CDATA[2023-12-10 08:55:59,914 [main] INFO  rpc.RpcClient (RpcClient.java:createVolume(464)) - Creating Volume: c32b677a-219b-4ae7-9377-a818f93134ff, with runner as owner and space quota set to -1 bytes, counts quota set to -1
2023-12-10 08:55:59,917 [om1-OMStateMachineApplyTransactionThread - 0] INFO  volume.OMVolumeCreateRequest (OMVolumeCreateRequest.java:validateAndUpdateCache(204)) - created volume:c32b677a-219b-4ae7-9377-a818f93134ff for user:runner
2023-12-10 08:55:59,918 [main] INFO  rpc.RpcClient (RpcClient.java:createBucket(691)) - Creating Bucket: c32b677a-219b-4ae7-9377-a818f93134ff/e94e5476-019c-44cc-84e2-e5f81c3abfc7, with server-side default bucket layout, runner as owner, Versioning false, Storage Type set to DISK and Encryption set to false, Replication Type set to server-side default replication type, Namespace Quota set to -1, Space Quota set to -1 
2023-12-10 08:55:59,920 [om1-OMStateMachineApplyTransactionThread - 0] INFO  bucket.OMBucketCreateRequest (OMBucketCreateRequest.java:validateAndUpdateCache(299)) - created bucket: e94e5476-019c-44cc-84e2-e5f81c3abfc7 of layout FILE_SYSTEM_OPTIMIZED in volume: c32b677a-219b-4ae7-9377-a818f93134ff
]]></system-out>
  </testcase>
  <testcase name="testInitiateMultipartUpload(ReplicationConfig)[2]" classname="org.apache.hadoop.ozone.client.rpc.TestOzoneRpcClientWithRatis" time="0.012">
    <system-out><![CDATA[2023-12-10 08:55:59,927 [main] INFO  rpc.RpcClient (RpcClient.java:createVolume(464)) - Creating Volume: 167769c3-e453-4e0a-8a2e-79cc50295279, with runner as owner and space quota set to -1 bytes, counts quota set to -1
2023-12-10 08:55:59,930 [om1-OMStateMachineApplyTransactionThread - 0] INFO  volume.OMVolumeCreateRequest (OMVolumeCreateRequest.java:validateAndUpdateCache(204)) - created volume:167769c3-e453-4e0a-8a2e-79cc50295279 for user:runner
2023-12-10 08:55:59,931 [main] INFO  rpc.RpcClient (RpcClient.java:createBucket(691)) - Creating Bucket: 167769c3-e453-4e0a-8a2e-79cc50295279/0599d138-4bf6-43fe-a351-509ceb964ad0, with server-side default bucket layout, runner as owner, Versioning false, Storage Type set to DISK and Encryption set to false, Replication Type set to server-side default replication type, Namespace Quota set to -1, Space Quota set to -1 
2023-12-10 08:55:59,933 [om1-OMStateMachineApplyTransactionThread - 0] INFO  bucket.OMBucketCreateRequest (OMBucketCreateRequest.java:validateAndUpdateCache(299)) - created bucket: 0599d138-4bf6-43fe-a351-509ceb964ad0 of layout FILE_SYSTEM_OPTIMIZED in volume: 167769c3-e453-4e0a-8a2e-79cc50295279
]]></system-out>
  </testcase>
  <testcase name="testInitiateMultipartUpload(ReplicationConfig)[3]" classname="org.apache.hadoop.ozone.client.rpc.TestOzoneRpcClientWithRatis" time="0.014">
    <system-out><![CDATA[2023-12-10 08:55:59,940 [main] INFO  rpc.RpcClient (RpcClient.java:createVolume(464)) - Creating Volume: 8bd7e8f4-2f6c-4dc9-9882-baefcb497a39, with runner as owner and space quota set to -1 bytes, counts quota set to -1
2023-12-10 08:55:59,942 [om1-OMStateMachineApplyTransactionThread - 0] INFO  volume.OMVolumeCreateRequest (OMVolumeCreateRequest.java:validateAndUpdateCache(204)) - created volume:8bd7e8f4-2f6c-4dc9-9882-baefcb497a39 for user:runner
2023-12-10 08:55:59,946 [main] INFO  rpc.RpcClient (RpcClient.java:createBucket(691)) - Creating Bucket: 8bd7e8f4-2f6c-4dc9-9882-baefcb497a39/0b07cbab-4551-4353-b289-538760420275, with server-side default bucket layout, runner as owner, Versioning false, Storage Type set to DISK and Encryption set to false, Replication Type set to server-side default replication type, Namespace Quota set to -1, Space Quota set to -1 
2023-12-10 08:55:59,947 [om1-OMStateMachineApplyTransactionThread - 0] INFO  bucket.OMBucketCreateRequest (OMBucketCreateRequest.java:validateAndUpdateCache(299)) - created bucket: 0b07cbab-4551-4353-b289-538760420275 of layout FILE_SYSTEM_OPTIMIZED in volume: 8bd7e8f4-2f6c-4dc9-9882-baefcb497a39
]]></system-out>
  </testcase>
  <testcase name="testInitiateMultipartUploadWithDefaultReplication" classname="org.apache.hadoop.ozone.client.rpc.TestOzoneRpcClientWithRatis" time="0.009">
    <system-out><![CDATA[2023-12-10 08:55:59,955 [main] INFO  rpc.RpcClient (RpcClient.java:createVolume(464)) - Creating Volume: 806c6b25-07c5-4603-9e48-0e4b8fd037e4, with runner as owner and space quota set to -1 bytes, counts quota set to -1
2023-12-10 08:55:59,957 [om1-OMStateMachineApplyTransactionThread - 0] INFO  volume.OMVolumeCreateRequest (OMVolumeCreateRequest.java:validateAndUpdateCache(204)) - created volume:806c6b25-07c5-4603-9e48-0e4b8fd037e4 for user:runner
2023-12-10 08:55:59,958 [main] INFO  rpc.RpcClient (RpcClient.java:createBucket(691)) - Creating Bucket: 806c6b25-07c5-4603-9e48-0e4b8fd037e4/8c1b69f6-caeb-45c5-9dbe-52fc320b7d14, with server-side default bucket layout, runner as owner, Versioning false, Storage Type set to DISK and Encryption set to false, Replication Type set to server-side default replication type, Namespace Quota set to -1, Space Quota set to -1 
2023-12-10 08:55:59,959 [om1-OMStateMachineApplyTransactionThread - 0] INFO  bucket.OMBucketCreateRequest (OMBucketCreateRequest.java:validateAndUpdateCache(299)) - created bucket: 8c1b69f6-caeb-45c5-9dbe-52fc320b7d14 of layout FILE_SYSTEM_OPTIMIZED in volume: 806c6b25-07c5-4603-9e48-0e4b8fd037e4
]]></system-out>
  </testcase>
  <testcase name="testInvalidBucketCreation" classname="org.apache.hadoop.ozone.client.rpc.TestOzoneRpcClientWithRatis" time="0.003">
    <system-out><![CDATA[2023-12-10 08:55:59,965 [main] INFO  rpc.RpcClient (RpcClient.java:createVolume(464)) - Creating Volume: a5a4ac4f-9500-4239-a7cb-c674912e5d51, with runner as owner and space quota set to -1 bytes, counts quota set to -1
2023-12-10 08:55:59,967 [om1-OMStateMachineApplyTransactionThread - 0] INFO  volume.OMVolumeCreateRequest (OMVolumeCreateRequest.java:validateAndUpdateCache(204)) - created volume:a5a4ac4f-9500-4239-a7cb-c674912e5d51 for user:runner
]]></system-out>
  </testcase>
  <testcase name="testKeyReadWriteForGDPR" classname="org.apache.hadoop.ozone.client.rpc.TestOzoneRpcClientWithRatis" time="0.03">
    <system-out><![CDATA[2023-12-10 08:55:59,969 [main] INFO  rpc.RpcClient (RpcClient.java:createVolume(464)) - Creating Volume: 54a2ba99-e866-4e19-9348-63a72ecfec66, with runner as owner and space quota set to -1 bytes, counts quota set to -1
2023-12-10 08:55:59,970 [om1-OMStateMachineApplyTransactionThread - 0] INFO  volume.OMVolumeCreateRequest (OMVolumeCreateRequest.java:validateAndUpdateCache(204)) - created volume:54a2ba99-e866-4e19-9348-63a72ecfec66 for user:runner
2023-12-10 08:55:59,971 [main] INFO  rpc.RpcClient (RpcClient.java:createBucket(691)) - Creating Bucket: 54a2ba99-e866-4e19-9348-63a72ecfec66/d8f99d5a-6962-42f7-8ffc-223db16ed469, with bucket layout OBJECT_STORE, runner as owner, Versioning false, Storage Type set to DISK and Encryption set to false, Replication Type set to server-side default replication type, Namespace Quota set to -1, Space Quota set to -1 
2023-12-10 08:55:59,973 [om1-OMStateMachineApplyTransactionThread - 0] INFO  bucket.OMBucketCreateRequest (OMBucketCreateRequest.java:validateAndUpdateCache(299)) - created bucket: d8f99d5a-6962-42f7-8ffc-223db16ed469 of layout OBJECT_STORE in volume: 54a2ba99-e866-4e19-9348-63a72ecfec66
2023-12-10 08:55:59,975 [IPC Server handler 15 on default port 15001] WARN  node.SCMNodeManager (SCMNodeManager.java:getNodesByAddress(1374)) - address is null
2023-12-10 08:55:59,985 [IPC Server handler 11 on default port 15001] WARN  node.SCMNodeManager (SCMNodeManager.java:getNodesByAddress(1379)) - Cannot find node for address 127.0.0.1
2023-12-10 08:55:59,987 [IPC Server handler 1 on default port 15001] WARN  node.SCMNodeManager (SCMNodeManager.java:getNodesByAddress(1379)) - Cannot find node for address 127.0.0.1
2023-12-10 08:55:59,995 [IPC Server handler 2 on default port 15001] WARN  node.SCMNodeManager (SCMNodeManager.java:getNodesByAddress(1379)) - Cannot find node for address 127.0.0.1
2023-12-10 08:55:59,997 [IPC Server handler 18 on default port 15001] WARN  node.SCMNodeManager (SCMNodeManager.java:getNodesByAddress(1379)) - Cannot find node for address 127.0.0.1
]]></system-out>
  </testcase>
  <testcase name="testKeysRename" classname="org.apache.hadoop.ozone.client.rpc.TestOzoneRpcClientWithRatis" time="0.057">
    <system-out><![CDATA[2023-12-10 08:56:00,000 [main] INFO  rpc.RpcClient (RpcClient.java:createVolume(464)) - Creating Volume: 91d8f0e1-6ef5-427c-9ab9-befc48427dff, with runner as owner and space quota set to -1 bytes, counts quota set to -1
2023-12-10 08:56:00,001 [om1-OMStateMachineApplyTransactionThread - 0] INFO  volume.OMVolumeCreateRequest (OMVolumeCreateRequest.java:validateAndUpdateCache(204)) - created volume:91d8f0e1-6ef5-427c-9ab9-befc48427dff for user:runner
2023-12-10 08:56:00,003 [main] INFO  rpc.RpcClient (RpcClient.java:createBucket(691)) - Creating Bucket: 91d8f0e1-6ef5-427c-9ab9-befc48427dff/e1699039-0253-4747-ab97-5ddeaa1905da, with bucket layout OBJECT_STORE, runner as owner, Versioning false, Storage Type set to DISK and Encryption set to false, Replication Type set to server-side default replication type, Namespace Quota set to -1, Space Quota set to -1 
2023-12-10 08:56:00,004 [om1-OMStateMachineApplyTransactionThread - 0] INFO  bucket.OMBucketCreateRequest (OMBucketCreateRequest.java:validateAndUpdateCache(299)) - created bucket: e1699039-0253-4747-ab97-5ddeaa1905da of layout OBJECT_STORE in volume: 91d8f0e1-6ef5-427c-9ab9-befc48427dff
2023-12-10 08:56:00,006 [IPC Server handler 12 on default port 15001] WARN  node.SCMNodeManager (SCMNodeManager.java:getNodesByAddress(1374)) - address is null
2023-12-10 08:56:00,017 [IPC Server handler 3 on default port 15001] WARN  node.SCMNodeManager (SCMNodeManager.java:getNodesByAddress(1379)) - Cannot find node for address 127.0.0.1
2023-12-10 08:56:00,019 [IPC Server handler 19 on default port 15001] WARN  node.SCMNodeManager (SCMNodeManager.java:getNodesByAddress(1374)) - address is null
2023-12-10 08:56:00,033 [IPC Server handler 0 on default port 15001] WARN  node.SCMNodeManager (SCMNodeManager.java:getNodesByAddress(1379)) - Cannot find node for address 127.0.0.1
2023-12-10 08:56:00,051 [IPC Server handler 6 on default port 15001] WARN  node.SCMNodeManager (SCMNodeManager.java:getNodesByAddress(1379)) - Cannot find node for address 127.0.0.1
2023-12-10 08:56:00,052 [IPC Server handler 7 on default port 15001] WARN  node.SCMNodeManager (SCMNodeManager.java:getNodesByAddress(1379)) - Cannot find node for address 127.0.0.1
08:56:00.054 [IPC Server handler 14 on default port 15004] ERROR OMAudit - user=runner | ip=127.0.0.1 | op=READ_KEY {volume=91d8f0e1-6ef5-427c-9ab9-befc48427dff, bucket=e1699039-0253-4747-ab97-5ddeaa1905da, key=dir/file1, dataSize=0, replicationConfig=null} | ret=FAILURE
org.apache.hadoop.ozone.om.exceptions.OMException: Key:dir/file1 not found
	at org.apache.hadoop.ozone.om.KeyManagerImpl.readKeyInfo(KeyManagerImpl.java:451) ~[ozone-manager-1.4.0-SNAPSHOT.jar:?]
	at org.apache.hadoop.ozone.om.KeyManagerImpl.lambda$9(KeyManagerImpl.java:2011) ~[ozone-manager-1.4.0-SNAPSHOT.jar:?]
	at org.apache.hadoop.util.MetricUtil.captureLatencyNs(MetricUtil.java:39) ~[hdds-common-1.4.0-SNAPSHOT.jar:?]
	at org.apache.hadoop.ozone.om.KeyManagerImpl.getKeyInfo(KeyManagerImpl.java:2009) ~[ozone-manager-1.4.0-SNAPSHOT.jar:?]
	at org.apache.hadoop.ozone.om.OmMetadataReader.getKeyInfo(OmMetadataReader.java:190) ~[ozone-manager-1.4.0-SNAPSHOT.jar:?]
	at org.apache.hadoop.ozone.om.OzoneManager.getKeyInfo(OzoneManager.java:2869) ~[ozone-manager-1.4.0-SNAPSHOT.jar:?]
	at org.apache.hadoop.ozone.protocolPB.OzoneManagerRequestHandler.getKeyInfo(OzoneManagerRequestHandler.java:606) ~[ozone-manager-1.4.0-SNAPSHOT.jar:?]
	at org.apache.hadoop.ozone.protocolPB.OzoneManagerRequestHandler.handleReadRequest(OzoneManagerRequestHandler.java:322) ~[ozone-manager-1.4.0-SNAPSHOT.jar:?]
	at org.apache.hadoop.ozone.protocolPB.OzoneManagerProtocolServerSideTranslatorPB.submitReadRequestToOM(OzoneManagerProtocolServerSideTranslatorPB.java:265) ~[ozone-manager-1.4.0-SNAPSHOT.jar:?]
	at org.apache.hadoop.ozone.protocolPB.OzoneManagerProtocolServerSideTranslatorPB.internalProcessRequest(OzoneManagerProtocolServerSideTranslatorPB.java:211) ~[ozone-manager-1.4.0-SNAPSHOT.jar:?]
	at org.apache.hadoop.ozone.protocolPB.OzoneManagerProtocolServerSideTranslatorPB.processRequest(OzoneManagerProtocolServerSideTranslatorPB.java:171) ~[ozone-manager-1.4.0-SNAPSHOT.jar:?]
	at org.apache.hadoop.hdds.server.OzoneProtocolMessageDispatcher.processRequest(OzoneProtocolMessageDispatcher.java:89) [hdds-server-framework-1.4.0-SNAPSHOT.jar:?]
	at org.apache.hadoop.ozone.protocolPB.OzoneManagerProtocolServerSideTranslatorPB.submitRequest(OzoneManagerProtocolServerSideTranslatorPB.java:162) [ozone-manager-1.4.0-SNAPSHOT.jar:?]
	at org.apache.hadoop.ozone.protocol.proto.OzoneManagerProtocolProtos$OzoneManagerService$2.callBlockingMethod(OzoneManagerProtocolProtos.java) [ozone-interface-client-1.4.0-SNAPSHOT.jar:?]
	at org.apache.hadoop.ipc.ProtobufRpcEngine$Server.processCall(ProtobufRpcEngine.java:484) [hadoop-common-3.3.6.jar:?]
	at org.apache.hadoop.ipc.ProtobufRpcEngine2$Server$ProtoBufRpcInvoker.call(ProtobufRpcEngine2.java:595) [hadoop-common-3.3.6.jar:?]
	at org.apache.hadoop.ipc.ProtobufRpcEngine2$Server$ProtoBufRpcInvoker.call(ProtobufRpcEngine2.java:573) [hadoop-common-3.3.6.jar:?]
	at org.apache.hadoop.ipc.RPC$Server.call(RPC.java:1227) [hadoop-common-3.3.6.jar:?]
	at org.apache.hadoop.ipc.Server$RpcCall.run(Server.java:1094) [hadoop-common-3.3.6.jar:?]
	at org.apache.hadoop.ipc.Server$RpcCall.run(Server.java:1017) [hadoop-common-3.3.6.jar:?]
	at java.security.AccessController.doPrivileged(Native Method) ~[?:1.8.0_392]
	at javax.security.auth.Subject.doAs(Subject.java:422) [?:1.8.0_392]
	at org.apache.hadoop.security.UserGroupInformation.doAs(UserGroupInformation.java:1899) [hadoop-common-3.3.6.jar:?]
	at org.apache.hadoop.ipc.Server$Handler.run(Server.java:3048) [hadoop-common-3.3.6.jar:?]
08:56:00.055 [IPC Server handler 13 on default port 15004] ERROR OMAudit - user=runner | ip=127.0.0.1 | op=READ_KEY {volume=91d8f0e1-6ef5-427c-9ab9-befc48427dff, bucket=e1699039-0253-4747-ab97-5ddeaa1905da, key=dir/file2, dataSize=0, replicationConfig=null} | ret=FAILURE
org.apache.hadoop.ozone.om.exceptions.OMException: Key:dir/file2 not found
	at org.apache.hadoop.ozone.om.KeyManagerImpl.readKeyInfo(KeyManagerImpl.java:451) ~[ozone-manager-1.4.0-SNAPSHOT.jar:?]
	at org.apache.hadoop.ozone.om.KeyManagerImpl.lambda$9(KeyManagerImpl.java:2011) ~[ozone-manager-1.4.0-SNAPSHOT.jar:?]
	at org.apache.hadoop.util.MetricUtil.captureLatencyNs(MetricUtil.java:39) ~[hdds-common-1.4.0-SNAPSHOT.jar:?]
	at org.apache.hadoop.ozone.om.KeyManagerImpl.getKeyInfo(KeyManagerImpl.java:2009) ~[ozone-manager-1.4.0-SNAPSHOT.jar:?]
	at org.apache.hadoop.ozone.om.OmMetadataReader.getKeyInfo(OmMetadataReader.java:190) ~[ozone-manager-1.4.0-SNAPSHOT.jar:?]
	at org.apache.hadoop.ozone.om.OzoneManager.getKeyInfo(OzoneManager.java:2869) ~[ozone-manager-1.4.0-SNAPSHOT.jar:?]
	at org.apache.hadoop.ozone.protocolPB.OzoneManagerRequestHandler.getKeyInfo(OzoneManagerRequestHandler.java:606) ~[ozone-manager-1.4.0-SNAPSHOT.jar:?]
	at org.apache.hadoop.ozone.protocolPB.OzoneManagerRequestHandler.handleReadRequest(OzoneManagerRequestHandler.java:322) ~[ozone-manager-1.4.0-SNAPSHOT.jar:?]
	at org.apache.hadoop.ozone.protocolPB.OzoneManagerProtocolServerSideTranslatorPB.submitReadRequestToOM(OzoneManagerProtocolServerSideTranslatorPB.java:265) ~[ozone-manager-1.4.0-SNAPSHOT.jar:?]
	at org.apache.hadoop.ozone.protocolPB.OzoneManagerProtocolServerSideTranslatorPB.internalProcessRequest(OzoneManagerProtocolServerSideTranslatorPB.java:211) ~[ozone-manager-1.4.0-SNAPSHOT.jar:?]
	at org.apache.hadoop.ozone.protocolPB.OzoneManagerProtocolServerSideTranslatorPB.processRequest(OzoneManagerProtocolServerSideTranslatorPB.java:171) ~[ozone-manager-1.4.0-SNAPSHOT.jar:?]
	at org.apache.hadoop.hdds.server.OzoneProtocolMessageDispatcher.processRequest(OzoneProtocolMessageDispatcher.java:89) [hdds-server-framework-1.4.0-SNAPSHOT.jar:?]
	at org.apache.hadoop.ozone.protocolPB.OzoneManagerProtocolServerSideTranslatorPB.submitRequest(OzoneManagerProtocolServerSideTranslatorPB.java:162) [ozone-manager-1.4.0-SNAPSHOT.jar:?]
	at org.apache.hadoop.ozone.protocol.proto.OzoneManagerProtocolProtos$OzoneManagerService$2.callBlockingMethod(OzoneManagerProtocolProtos.java) [ozone-interface-client-1.4.0-SNAPSHOT.jar:?]
	at org.apache.hadoop.ipc.ProtobufRpcEngine$Server.processCall(ProtobufRpcEngine.java:484) [hadoop-common-3.3.6.jar:?]
	at org.apache.hadoop.ipc.ProtobufRpcEngine2$Server$ProtoBufRpcInvoker.call(ProtobufRpcEngine2.java:595) [hadoop-common-3.3.6.jar:?]
	at org.apache.hadoop.ipc.ProtobufRpcEngine2$Server$ProtoBufRpcInvoker.call(ProtobufRpcEngine2.java:573) [hadoop-common-3.3.6.jar:?]
	at org.apache.hadoop.ipc.RPC$Server.call(RPC.java:1227) [hadoop-common-3.3.6.jar:?]
	at org.apache.hadoop.ipc.Server$RpcCall.run(Server.java:1094) [hadoop-common-3.3.6.jar:?]
	at org.apache.hadoop.ipc.Server$RpcCall.run(Server.java:1017) [hadoop-common-3.3.6.jar:?]
	at java.security.AccessController.doPrivileged(Native Method) ~[?:1.8.0_392]
	at javax.security.auth.Subject.doAs(Subject.java:422) [?:1.8.0_392]
	at org.apache.hadoop.security.UserGroupInformation.doAs(UserGroupInformation.java:1899) [hadoop-common-3.3.6.jar:?]
	at org.apache.hadoop.ipc.Server$Handler.run(Server.java:3048) [hadoop-common-3.3.6.jar:?]
]]></system-out>
  </testcase>
  <testcase name="testKeysRenameFail" classname="org.apache.hadoop.ozone.client.rpc.TestOzoneRpcClientWithRatis" time="0.025">
    <system-out><![CDATA[2023-12-10 08:56:00,057 [main] INFO  rpc.RpcClient (RpcClient.java:createVolume(464)) - Creating Volume: e12ce1de-8378-4134-b81a-5271787c039b, with runner as owner and space quota set to -1 bytes, counts quota set to -1
2023-12-10 08:56:00,058 [om1-OMStateMachineApplyTransactionThread - 0] INFO  volume.OMVolumeCreateRequest (OMVolumeCreateRequest.java:validateAndUpdateCache(204)) - created volume:e12ce1de-8378-4134-b81a-5271787c039b for user:runner
2023-12-10 08:56:00,060 [main] INFO  rpc.RpcClient (RpcClient.java:createBucket(691)) - Creating Bucket: e12ce1de-8378-4134-b81a-5271787c039b/e6eefcae-80de-4940-b602-d441b4bca633, with bucket layout OBJECT_STORE, runner as owner, Versioning false, Storage Type set to DISK and Encryption set to false, Replication Type set to server-side default replication type, Namespace Quota set to -1, Space Quota set to -1 
2023-12-10 08:56:00,061 [om1-OMStateMachineApplyTransactionThread - 0] INFO  bucket.OMBucketCreateRequest (OMBucketCreateRequest.java:validateAndUpdateCache(299)) - created bucket: e6eefcae-80de-4940-b602-d441b4bca633 of layout OBJECT_STORE in volume: e12ce1de-8378-4134-b81a-5271787c039b
2023-12-10 08:56:00,064 [IPC Server handler 9 on default port 15001] WARN  node.SCMNodeManager (SCMNodeManager.java:getNodesByAddress(1374)) - address is null
2023-12-10 08:56:00,073 [IPC Server handler 16 on default port 15001] WARN  node.SCMNodeManager (SCMNodeManager.java:getNodesByAddress(1379)) - Cannot find node for address 127.0.0.1
2023-12-10 08:56:00,076 [om1-OMStateMachineApplyTransactionThread - 0] ERROR key.OMKeysRenameRequest (OMKeysRenameRequest.java:validateAndUpdateCache(192)) - Received a request to rename a Key does not exist /e12ce1de-8378-4134-b81a-5271787c039b/e6eefcae-80de-4940-b602-d441b4bca633/dir/file2
2023-12-10 08:56:00,078 [IPC Server handler 13 on default port 15001] WARN  node.SCMNodeManager (SCMNodeManager.java:getNodesByAddress(1379)) - Cannot find node for address 127.0.0.1
08:56:00.080 [IPC Server handler 4 on default port 15004] ERROR OMAudit - user=runner | ip=127.0.0.1 | op=READ_KEY {volume=e12ce1de-8378-4134-b81a-5271787c039b, bucket=e6eefcae-80de-4940-b602-d441b4bca633, key=dir/file2, dataSize=0, replicationConfig=null} | ret=FAILURE
org.apache.hadoop.ozone.om.exceptions.OMException: Key:dir/file2 not found
	at org.apache.hadoop.ozone.om.KeyManagerImpl.readKeyInfo(KeyManagerImpl.java:451) ~[ozone-manager-1.4.0-SNAPSHOT.jar:?]
	at org.apache.hadoop.ozone.om.KeyManagerImpl.lambda$9(KeyManagerImpl.java:2011) ~[ozone-manager-1.4.0-SNAPSHOT.jar:?]
	at org.apache.hadoop.util.MetricUtil.captureLatencyNs(MetricUtil.java:39) ~[hdds-common-1.4.0-SNAPSHOT.jar:?]
	at org.apache.hadoop.ozone.om.KeyManagerImpl.getKeyInfo(KeyManagerImpl.java:2009) ~[ozone-manager-1.4.0-SNAPSHOT.jar:?]
	at org.apache.hadoop.ozone.om.OmMetadataReader.getKeyInfo(OmMetadataReader.java:190) ~[ozone-manager-1.4.0-SNAPSHOT.jar:?]
	at org.apache.hadoop.ozone.om.OzoneManager.getKeyInfo(OzoneManager.java:2869) ~[ozone-manager-1.4.0-SNAPSHOT.jar:?]
	at org.apache.hadoop.ozone.protocolPB.OzoneManagerRequestHandler.getKeyInfo(OzoneManagerRequestHandler.java:606) ~[ozone-manager-1.4.0-SNAPSHOT.jar:?]
	at org.apache.hadoop.ozone.protocolPB.OzoneManagerRequestHandler.handleReadRequest(OzoneManagerRequestHandler.java:322) ~[ozone-manager-1.4.0-SNAPSHOT.jar:?]
	at org.apache.hadoop.ozone.protocolPB.OzoneManagerProtocolServerSideTranslatorPB.submitReadRequestToOM(OzoneManagerProtocolServerSideTranslatorPB.java:265) ~[ozone-manager-1.4.0-SNAPSHOT.jar:?]
	at org.apache.hadoop.ozone.protocolPB.OzoneManagerProtocolServerSideTranslatorPB.internalProcessRequest(OzoneManagerProtocolServerSideTranslatorPB.java:211) ~[ozone-manager-1.4.0-SNAPSHOT.jar:?]
	at org.apache.hadoop.ozone.protocolPB.OzoneManagerProtocolServerSideTranslatorPB.processRequest(OzoneManagerProtocolServerSideTranslatorPB.java:171) ~[ozone-manager-1.4.0-SNAPSHOT.jar:?]
	at org.apache.hadoop.hdds.server.OzoneProtocolMessageDispatcher.processRequest(OzoneProtocolMessageDispatcher.java:89) [hdds-server-framework-1.4.0-SNAPSHOT.jar:?]
	at org.apache.hadoop.ozone.protocolPB.OzoneManagerProtocolServerSideTranslatorPB.submitRequest(OzoneManagerProtocolServerSideTranslatorPB.java:162) [ozone-manager-1.4.0-SNAPSHOT.jar:?]
	at org.apache.hadoop.ozone.protocol.proto.OzoneManagerProtocolProtos$OzoneManagerService$2.callBlockingMethod(OzoneManagerProtocolProtos.java) [ozone-interface-client-1.4.0-SNAPSHOT.jar:?]
	at org.apache.hadoop.ipc.ProtobufRpcEngine$Server.processCall(ProtobufRpcEngine.java:484) [hadoop-common-3.3.6.jar:?]
	at org.apache.hadoop.ipc.ProtobufRpcEngine2$Server$ProtoBufRpcInvoker.call(ProtobufRpcEngine2.java:595) [hadoop-common-3.3.6.jar:?]
	at org.apache.hadoop.ipc.ProtobufRpcEngine2$Server$ProtoBufRpcInvoker.call(ProtobufRpcEngine2.java:573) [hadoop-common-3.3.6.jar:?]
	at org.apache.hadoop.ipc.RPC$Server.call(RPC.java:1227) [hadoop-common-3.3.6.jar:?]
	at org.apache.hadoop.ipc.Server$RpcCall.run(Server.java:1094) [hadoop-common-3.3.6.jar:?]
	at org.apache.hadoop.ipc.Server$RpcCall.run(Server.java:1017) [hadoop-common-3.3.6.jar:?]
	at java.security.AccessController.doPrivileged(Native Method) ~[?:1.8.0_392]
	at javax.security.auth.Subject.doAs(Subject.java:422) [?:1.8.0_392]
	at org.apache.hadoop.security.UserGroupInformation.doAs(UserGroupInformation.java:1899) [hadoop-common-3.3.6.jar:?]
	at org.apache.hadoop.ipc.Server$Handler.run(Server.java:3048) [hadoop-common-3.3.6.jar:?]
]]></system-out>
  </testcase>
  <testcase name="testListBucket" classname="org.apache.hadoop.ozone.client.rpc.TestOzoneRpcClientWithRatis" time="0.756">
    <system-out><![CDATA[2023-12-10 08:56:00,082 [main] INFO  rpc.RpcClient (RpcClient.java:createVolume(464)) - Creating Volume: vol-a-28914, with runner as owner and space quota set to -1 bytes, counts quota set to -1
2023-12-10 08:56:00,084 [om1-OMStateMachineApplyTransactionThread - 0] INFO  volume.OMVolumeCreateRequest (OMVolumeCreateRequest.java:validateAndUpdateCache(204)) - created volume:vol-a-28914 for user:runner
2023-12-10 08:56:00,085 [main] INFO  rpc.RpcClient (RpcClient.java:createVolume(464)) - Creating Volume: vol-b-27004, with runner as owner and space quota set to -1 bytes, counts quota set to -1
2023-12-10 08:56:00,086 [om1-OMStateMachineApplyTransactionThread - 0] INFO  volume.OMVolumeCreateRequest (OMVolumeCreateRequest.java:validateAndUpdateCache(204)) - created volume:vol-b-27004 for user:runner
2023-12-10 08:56:00,088 [main] INFO  rpc.RpcClient (RpcClient.java:createBucket(691)) - Creating Bucket: vol-a-28914/bucket-a-0-29478, with server-side default bucket layout, runner as owner, Versioning false, Storage Type set to DISK and Encryption set to false, Replication Type set to server-side default replication type, Namespace Quota set to -1, Space Quota set to -1 
2023-12-10 08:56:00,089 [om1-OMStateMachineApplyTransactionThread - 0] INFO  bucket.OMBucketCreateRequest (OMBucketCreateRequest.java:validateAndUpdateCache(299)) - created bucket: bucket-a-0-29478 of layout FILE_SYSTEM_OPTIMIZED in volume: vol-a-28914
2023-12-10 08:56:00,119 [om1-OMStateMachineApplyTransactionThread - 0] WARN  snapshot.OMSnapshotCreateRequest (OMSnapshotCreateRequest.java:estimateBucketDataSize(342)) - DefaultReplicationConfig is not correctly set in OmBucketInfo for volume 'vol-a-28914' bucket 'bucket-a-0-29478'. Falling back to config default 'RATIS/THREE'
2023-12-10 08:56:00,126 [om1-OMStateMachineApplyTransactionThread - 0] INFO  snapshot.OMSnapshotCreateRequest (OMSnapshotCreateRequest.java:validateAndUpdateCache(223)) - Created snapshot: 's20231210-085600.104' with snapshotId: 'd23a2487-ec82-4c40-9fd1-204b30efdf08' under path 'vol-a-28914/bucket-a-0-29478'
2023-12-10 08:56:00,127 [main] INFO  rpc.RpcClient (RpcClient.java:createBucket(691)) - Creating Bucket: vol-b-27004/bucket-a-0-38870, with server-side default bucket layout, runner as owner, Versioning false, Storage Type set to DISK and Encryption set to false, Replication Type set to server-side default replication type, Namespace Quota set to -1, Space Quota set to -1 
2023-12-10 08:56:00,129 [om1-OMStateMachineApplyTransactionThread - 0] INFO  bucket.OMBucketCreateRequest (OMBucketCreateRequest.java:validateAndUpdateCache(299)) - created bucket: bucket-a-0-38870 of layout FILE_SYSTEM_OPTIMIZED in volume: vol-b-27004
2023-12-10 08:56:00,149 [om1-OMStateMachineApplyTransactionThread - 0] WARN  snapshot.OMSnapshotCreateRequest (OMSnapshotCreateRequest.java:estimateBucketDataSize(342)) - DefaultReplicationConfig is not correctly set in OmBucketInfo for volume 'vol-b-27004' bucket 'bucket-a-0-38870'. Falling back to config default 'RATIS/THREE'
2023-12-10 08:56:00,150 [om1-OMStateMachineApplyTransactionThread - 0] INFO  snapshot.OMSnapshotCreateRequest (OMSnapshotCreateRequest.java:validateAndUpdateCache(223)) - Created snapshot: 's20231210-085600.131' with snapshotId: '4004feb6-d746-4c4a-8df5-9a60bd48a937' under path 'vol-b-27004/bucket-a-0-38870'
2023-12-10 08:56:00,151 [main] INFO  rpc.RpcClient (RpcClient.java:createBucket(691)) - Creating Bucket: vol-a-28914/bucket-a-1-47546, with server-side default bucket layout, runner as owner, Versioning false, Storage Type set to DISK and Encryption set to false, Replication Type set to server-side default replication type, Namespace Quota set to -1, Space Quota set to -1 
2023-12-10 08:56:00,153 [om1-OMStateMachineApplyTransactionThread - 0] INFO  bucket.OMBucketCreateRequest (OMBucketCreateRequest.java:validateAndUpdateCache(299)) - created bucket: bucket-a-1-47546 of layout FILE_SYSTEM_OPTIMIZED in volume: vol-a-28914
2023-12-10 08:56:00,170 [om1-OMStateMachineApplyTransactionThread - 0] WARN  snapshot.OMSnapshotCreateRequest (OMSnapshotCreateRequest.java:estimateBucketDataSize(342)) - DefaultReplicationConfig is not correctly set in OmBucketInfo for volume 'vol-a-28914' bucket 'bucket-a-1-47546'. Falling back to config default 'RATIS/THREE'
2023-12-10 08:56:00,170 [om1-OMDoubleBufferFlushThread] INFO  db.RDBCheckpointManager (RDBCheckpointManager.java:createCheckpoint(89)) - Created checkpoint in rocksDB at /home/runner/work/ozone/ozone/hadoop-ozone/integration-test/target/test-dir/MiniOzoneClusterImpl-7f66dfcd-4d84-4460-b9fe-211923c7b7bb/ozone-meta/db.snapshots/checkpointState/om.db-d23a2487-ec82-4c40-9fd1-204b30efdf08 in 41 milliseconds
2023-12-10 08:56:00,175 [om1-OMStateMachineApplyTransactionThread - 0] INFO  snapshot.OMSnapshotCreateRequest (OMSnapshotCreateRequest.java:validateAndUpdateCache(223)) - Created snapshot: 's20231210-085600.154' with snapshotId: 'daa714a4-2715-4fe8-9d9d-7dc40da74d0c' under path 'vol-a-28914/bucket-a-1-47546'
2023-12-10 08:56:00,176 [main] INFO  rpc.RpcClient (RpcClient.java:createBucket(691)) - Creating Bucket: vol-b-27004/bucket-a-1-27831, with server-side default bucket layout, runner as owner, Versioning false, Storage Type set to DISK and Encryption set to false, Replication Type set to server-side default replication type, Namespace Quota set to -1, Space Quota set to -1 
2023-12-10 08:56:00,183 [om1-OMStateMachineApplyTransactionThread - 0] INFO  bucket.OMBucketCreateRequest (OMBucketCreateRequest.java:validateAndUpdateCache(299)) - created bucket: bucket-a-1-27831 of layout FILE_SYSTEM_OPTIMIZED in volume: vol-b-27004
2023-12-10 08:56:00,184 [om1-OMDoubleBufferFlushThread] INFO  db.RDBCheckpointUtils (RDBCheckpointUtils.java:waitForCheckpointDirectoryExist(60)) - Waited for 13 milliseconds for checkpoint directory /home/runner/work/ozone/ozone/hadoop-ozone/integration-test/target/test-dir/MiniOzoneClusterImpl-7f66dfcd-4d84-4460-b9fe-211923c7b7bb/ozone-meta/db.snapshots/checkpointState/om.db-d23a2487-ec82-4c40-9fd1-204b30efdf08 availability.
2023-12-10 08:56:00,188 [om1-OMDoubleBufferFlushThread] INFO  om.OmSnapshotManager (OmSnapshotManager.java:createOmSnapshotCheckpoint(463)) - Created checkpoint : /home/runner/work/ozone/ozone/hadoop-ozone/integration-test/target/test-dir/MiniOzoneClusterImpl-7f66dfcd-4d84-4460-b9fe-211923c7b7bb/ozone-meta/db.snapshots/checkpointState/om.db-d23a2487-ec82-4c40-9fd1-204b30efdf08 for snapshot s20231210-085600.104
2023-12-10 08:56:00,205 [om1-OMDoubleBufferFlushThread] INFO  db.RDBCheckpointManager (RDBCheckpointManager.java:createCheckpoint(89)) - Created checkpoint in rocksDB at /home/runner/work/ozone/ozone/hadoop-ozone/integration-test/target/test-dir/MiniOzoneClusterImpl-7f66dfcd-4d84-4460-b9fe-211923c7b7bb/ozone-meta/db.snapshots/checkpointState/om.db-4004feb6-d746-4c4a-8df5-9a60bd48a937 in 14 milliseconds
2023-12-10 08:56:00,205 [om1-OMDoubleBufferFlushThread] INFO  db.RDBCheckpointUtils (RDBCheckpointUtils.java:waitForCheckpointDirectoryExist(60)) - Waited for 0 milliseconds for checkpoint directory /home/runner/work/ozone/ozone/hadoop-ozone/integration-test/target/test-dir/MiniOzoneClusterImpl-7f66dfcd-4d84-4460-b9fe-211923c7b7bb/ozone-meta/db.snapshots/checkpointState/om.db-4004feb6-d746-4c4a-8df5-9a60bd48a937 availability.
2023-12-10 08:56:00,206 [om1-OMDoubleBufferFlushThread] INFO  om.OmSnapshotManager (OmSnapshotManager.java:createOmSnapshotCheckpoint(463)) - Created checkpoint : /home/runner/work/ozone/ozone/hadoop-ozone/integration-test/target/test-dir/MiniOzoneClusterImpl-7f66dfcd-4d84-4460-b9fe-211923c7b7bb/ozone-meta/db.snapshots/checkpointState/om.db-4004feb6-d746-4c4a-8df5-9a60bd48a937 for snapshot s20231210-085600.131
2023-12-10 08:56:00,209 [om1-OMStateMachineApplyTransactionThread - 0] WARN  snapshot.OMSnapshotCreateRequest (OMSnapshotCreateRequest.java:estimateBucketDataSize(342)) - DefaultReplicationConfig is not correctly set in OmBucketInfo for volume 'vol-b-27004' bucket 'bucket-a-1-27831'. Falling back to config default 'RATIS/THREE'
2023-12-10 08:56:00,209 [om1-OMStateMachineApplyTransactionThread - 0] INFO  snapshot.OMSnapshotCreateRequest (OMSnapshotCreateRequest.java:validateAndUpdateCache(223)) - Created snapshot: 's20231210-085600.189' with snapshotId: 'db8f184e-7fab-413b-bf3c-7c7ba2c2a19e' under path 'vol-b-27004/bucket-a-1-27831'
2023-12-10 08:56:00,210 [main] INFO  rpc.RpcClient (RpcClient.java:createBucket(691)) - Creating Bucket: vol-a-28914/bucket-a-2-11543, with server-side default bucket layout, runner as owner, Versioning false, Storage Type set to DISK and Encryption set to false, Replication Type set to server-side default replication type, Namespace Quota set to -1, Space Quota set to -1 
2023-12-10 08:56:00,212 [om1-OMStateMachineApplyTransactionThread - 0] INFO  bucket.OMBucketCreateRequest (OMBucketCreateRequest.java:validateAndUpdateCache(299)) - created bucket: bucket-a-2-11543 of layout FILE_SYSTEM_OPTIMIZED in volume: vol-a-28914
2023-12-10 08:56:00,231 [om1-OMDoubleBufferFlushThread] INFO  db.RDBCheckpointManager (RDBCheckpointManager.java:createCheckpoint(89)) - Created checkpoint in rocksDB at /home/runner/work/ozone/ozone/hadoop-ozone/integration-test/target/test-dir/MiniOzoneClusterImpl-7f66dfcd-4d84-4460-b9fe-211923c7b7bb/ozone-meta/db.snapshots/checkpointState/om.db-daa714a4-2715-4fe8-9d9d-7dc40da74d0c in 23 milliseconds
2023-12-10 08:56:00,236 [om1-OMStateMachineApplyTransactionThread - 0] WARN  snapshot.OMSnapshotCreateRequest (OMSnapshotCreateRequest.java:estimateBucketDataSize(342)) - DefaultReplicationConfig is not correctly set in OmBucketInfo for volume 'vol-a-28914' bucket 'bucket-a-2-11543'. Falling back to config default 'RATIS/THREE'
2023-12-10 08:56:00,236 [om1-OMStateMachineApplyTransactionThread - 0] INFO  snapshot.OMSnapshotCreateRequest (OMSnapshotCreateRequest.java:validateAndUpdateCache(223)) - Created snapshot: 's20231210-085600.213' with snapshotId: '330f633e-f2a4-4d78-89a0-3c9bad41a190' under path 'vol-a-28914/bucket-a-2-11543'
2023-12-10 08:56:00,237 [main] INFO  rpc.RpcClient (RpcClient.java:createBucket(691)) - Creating Bucket: vol-b-27004/bucket-a-2-74729, with server-side default bucket layout, runner as owner, Versioning false, Storage Type set to DISK and Encryption set to false, Replication Type set to server-side default replication type, Namespace Quota set to -1, Space Quota set to -1 
2023-12-10 08:56:00,238 [om1-OMDoubleBufferFlushThread] INFO  db.RDBCheckpointUtils (RDBCheckpointUtils.java:waitForCheckpointDirectoryExist(60)) - Waited for 7 milliseconds for checkpoint directory /home/runner/work/ozone/ozone/hadoop-ozone/integration-test/target/test-dir/MiniOzoneClusterImpl-7f66dfcd-4d84-4460-b9fe-211923c7b7bb/ozone-meta/db.snapshots/checkpointState/om.db-daa714a4-2715-4fe8-9d9d-7dc40da74d0c availability.
2023-12-10 08:56:00,239 [om1-OMStateMachineApplyTransactionThread - 0] INFO  bucket.OMBucketCreateRequest (OMBucketCreateRequest.java:validateAndUpdateCache(299)) - created bucket: bucket-a-2-74729 of layout FILE_SYSTEM_OPTIMIZED in volume: vol-b-27004
2023-12-10 08:56:00,239 [om1-OMDoubleBufferFlushThread] INFO  om.OmSnapshotManager (OmSnapshotManager.java:createOmSnapshotCheckpoint(463)) - Created checkpoint : /home/runner/work/ozone/ozone/hadoop-ozone/integration-test/target/test-dir/MiniOzoneClusterImpl-7f66dfcd-4d84-4460-b9fe-211923c7b7bb/ozone-meta/db.snapshots/checkpointState/om.db-daa714a4-2715-4fe8-9d9d-7dc40da74d0c for snapshot s20231210-085600.154
2023-12-10 08:56:00,256 [om1-OMStateMachineApplyTransactionThread - 0] WARN  snapshot.OMSnapshotCreateRequest (OMSnapshotCreateRequest.java:estimateBucketDataSize(342)) - DefaultReplicationConfig is not correctly set in OmBucketInfo for volume 'vol-b-27004' bucket 'bucket-a-2-74729'. Falling back to config default 'RATIS/THREE'
2023-12-10 08:56:00,256 [om1-OMStateMachineApplyTransactionThread - 0] INFO  snapshot.OMSnapshotCreateRequest (OMSnapshotCreateRequest.java:validateAndUpdateCache(223)) - Created snapshot: 's20231210-085600.241' with snapshotId: 'd88734ca-51fb-41eb-998c-e08f9b936565' under path 'vol-b-27004/bucket-a-2-74729'
2023-12-10 08:56:00,258 [om1-OMDoubleBufferFlushThread] INFO  db.RDBCheckpointManager (RDBCheckpointManager.java:createCheckpoint(89)) - Created checkpoint in rocksDB at /home/runner/work/ozone/ozone/hadoop-ozone/integration-test/target/test-dir/MiniOzoneClusterImpl-7f66dfcd-4d84-4460-b9fe-211923c7b7bb/ozone-meta/db.snapshots/checkpointState/om.db-db8f184e-7fab-413b-bf3c-7c7ba2c2a19e in 17 milliseconds
2023-12-10 08:56:00,258 [main] INFO  rpc.RpcClient (RpcClient.java:createBucket(691)) - Creating Bucket: vol-a-28914/bucket-a-3-29689, with server-side default bucket layout, runner as owner, Versioning false, Storage Type set to DISK and Encryption set to false, Replication Type set to server-side default replication type, Namespace Quota set to -1, Space Quota set to -1 
2023-12-10 08:56:00,259 [om1-OMDoubleBufferFlushThread] INFO  db.RDBCheckpointUtils (RDBCheckpointUtils.java:waitForCheckpointDirectoryExist(60)) - Waited for 1 milliseconds for checkpoint directory /home/runner/work/ozone/ozone/hadoop-ozone/integration-test/target/test-dir/MiniOzoneClusterImpl-7f66dfcd-4d84-4460-b9fe-211923c7b7bb/ozone-meta/db.snapshots/checkpointState/om.db-db8f184e-7fab-413b-bf3c-7c7ba2c2a19e availability.
2023-12-10 08:56:00,259 [om1-OMStateMachineApplyTransactionThread - 0] INFO  bucket.OMBucketCreateRequest (OMBucketCreateRequest.java:validateAndUpdateCache(299)) - created bucket: bucket-a-3-29689 of layout FILE_SYSTEM_OPTIMIZED in volume: vol-a-28914
2023-12-10 08:56:00,259 [om1-OMDoubleBufferFlushThread] INFO  om.OmSnapshotManager (OmSnapshotManager.java:createOmSnapshotCheckpoint(463)) - Created checkpoint : /home/runner/work/ozone/ozone/hadoop-ozone/integration-test/target/test-dir/MiniOzoneClusterImpl-7f66dfcd-4d84-4460-b9fe-211923c7b7bb/ozone-meta/db.snapshots/checkpointState/om.db-db8f184e-7fab-413b-bf3c-7c7ba2c2a19e for snapshot s20231210-085600.189
2023-12-10 08:56:00,273 [om1-OMStateMachineApplyTransactionThread - 0] WARN  snapshot.OMSnapshotCreateRequest (OMSnapshotCreateRequest.java:estimateBucketDataSize(342)) - DefaultReplicationConfig is not correctly set in OmBucketInfo for volume 'vol-a-28914' bucket 'bucket-a-3-29689'. Falling back to config default 'RATIS/THREE'
2023-12-10 08:56:00,273 [om1-OMStateMachineApplyTransactionThread - 0] INFO  snapshot.OMSnapshotCreateRequest (OMSnapshotCreateRequest.java:validateAndUpdateCache(223)) - Created snapshot: 's20231210-085600.260' with snapshotId: '90bafee4-ada7-42c0-ad26-b690322e265e' under path 'vol-a-28914/bucket-a-3-29689'
2023-12-10 08:56:00,274 [main] INFO  rpc.RpcClient (RpcClient.java:createBucket(691)) - Creating Bucket: vol-b-27004/bucket-a-3-66591, with server-side default bucket layout, runner as owner, Versioning false, Storage Type set to DISK and Encryption set to false, Replication Type set to server-side default replication type, Namespace Quota set to -1, Space Quota set to -1 
2023-12-10 08:56:00,275 [om1-OMDoubleBufferFlushThread] INFO  db.RDBCheckpointManager (RDBCheckpointManager.java:createCheckpoint(89)) - Created checkpoint in rocksDB at /home/runner/work/ozone/ozone/hadoop-ozone/integration-test/target/test-dir/MiniOzoneClusterImpl-7f66dfcd-4d84-4460-b9fe-211923c7b7bb/ozone-meta/db.snapshots/checkpointState/om.db-330f633e-f2a4-4d78-89a0-3c9bad41a190 in 13 milliseconds
2023-12-10 08:56:00,275 [om1-OMStateMachineApplyTransactionThread - 0] INFO  bucket.OMBucketCreateRequest (OMBucketCreateRequest.java:validateAndUpdateCache(299)) - created bucket: bucket-a-3-66591 of layout FILE_SYSTEM_OPTIMIZED in volume: vol-b-27004
2023-12-10 08:56:00,275 [om1-OMDoubleBufferFlushThread] INFO  db.RDBCheckpointUtils (RDBCheckpointUtils.java:waitForCheckpointDirectoryExist(60)) - Waited for 0 milliseconds for checkpoint directory /home/runner/work/ozone/ozone/hadoop-ozone/integration-test/target/test-dir/MiniOzoneClusterImpl-7f66dfcd-4d84-4460-b9fe-211923c7b7bb/ozone-meta/db.snapshots/checkpointState/om.db-330f633e-f2a4-4d78-89a0-3c9bad41a190 availability.
2023-12-10 08:56:00,276 [om1-OMDoubleBufferFlushThread] INFO  om.OmSnapshotManager (OmSnapshotManager.java:createOmSnapshotCheckpoint(463)) - Created checkpoint : /home/runner/work/ozone/ozone/hadoop-ozone/integration-test/target/test-dir/MiniOzoneClusterImpl-7f66dfcd-4d84-4460-b9fe-211923c7b7bb/ozone-meta/db.snapshots/checkpointState/om.db-330f633e-f2a4-4d78-89a0-3c9bad41a190 for snapshot s20231210-085600.213
2023-12-10 08:56:00,306 [om1-OMDoubleBufferFlushThread] INFO  db.RDBCheckpointManager (RDBCheckpointManager.java:createCheckpoint(89)) - Created checkpoint in rocksDB at /home/runner/work/ozone/ozone/hadoop-ozone/integration-test/target/test-dir/MiniOzoneClusterImpl-7f66dfcd-4d84-4460-b9fe-211923c7b7bb/ozone-meta/db.snapshots/checkpointState/om.db-d88734ca-51fb-41eb-998c-e08f9b936565 in 29 milliseconds
2023-12-10 08:56:00,306 [om1-OMDoubleBufferFlushThread] INFO  db.RDBCheckpointUtils (RDBCheckpointUtils.java:waitForCheckpointDirectoryExist(60)) - Waited for 0 milliseconds for checkpoint directory /home/runner/work/ozone/ozone/hadoop-ozone/integration-test/target/test-dir/MiniOzoneClusterImpl-7f66dfcd-4d84-4460-b9fe-211923c7b7bb/ozone-meta/db.snapshots/checkpointState/om.db-d88734ca-51fb-41eb-998c-e08f9b936565 availability.
2023-12-10 08:56:00,307 [om1-OMDoubleBufferFlushThread] INFO  om.OmSnapshotManager (OmSnapshotManager.java:createOmSnapshotCheckpoint(463)) - Created checkpoint : /home/runner/work/ozone/ozone/hadoop-ozone/integration-test/target/test-dir/MiniOzoneClusterImpl-7f66dfcd-4d84-4460-b9fe-211923c7b7bb/ozone-meta/db.snapshots/checkpointState/om.db-d88734ca-51fb-41eb-998c-e08f9b936565 for snapshot s20231210-085600.241
2023-12-10 08:56:00,310 [om1-OMStateMachineApplyTransactionThread - 0] WARN  snapshot.OMSnapshotCreateRequest (OMSnapshotCreateRequest.java:estimateBucketDataSize(342)) - DefaultReplicationConfig is not correctly set in OmBucketInfo for volume 'vol-b-27004' bucket 'bucket-a-3-66591'. Falling back to config default 'RATIS/THREE'
2023-12-10 08:56:00,310 [om1-OMStateMachineApplyTransactionThread - 0] INFO  snapshot.OMSnapshotCreateRequest (OMSnapshotCreateRequest.java:validateAndUpdateCache(223)) - Created snapshot: 's20231210-085600.278' with snapshotId: '05c54abf-3655-4d30-9f92-ca6c6c59745e' under path 'vol-b-27004/bucket-a-3-66591'
2023-12-10 08:56:00,311 [main] INFO  rpc.RpcClient (RpcClient.java:createBucket(691)) - Creating Bucket: vol-a-28914/bucket-a-4-91975, with server-side default bucket layout, runner as owner, Versioning false, Storage Type set to DISK and Encryption set to false, Replication Type set to server-side default replication type, Namespace Quota set to -1, Space Quota set to -1 
2023-12-10 08:56:00,313 [om1-OMStateMachineApplyTransactionThread - 0] INFO  bucket.OMBucketCreateRequest (OMBucketCreateRequest.java:validateAndUpdateCache(299)) - created bucket: bucket-a-4-91975 of layout FILE_SYSTEM_OPTIMIZED in volume: vol-a-28914
2023-12-10 08:56:00,320 [om1-OMDoubleBufferFlushThread] INFO  db.RDBCheckpointManager (RDBCheckpointManager.java:createCheckpoint(89)) - Created checkpoint in rocksDB at /home/runner/work/ozone/ozone/hadoop-ozone/integration-test/target/test-dir/MiniOzoneClusterImpl-7f66dfcd-4d84-4460-b9fe-211923c7b7bb/ozone-meta/db.snapshots/checkpointState/om.db-90bafee4-ada7-42c0-ad26-b690322e265e in 12 milliseconds
2023-12-10 08:56:00,321 [om1-OMDoubleBufferFlushThread] INFO  db.RDBCheckpointUtils (RDBCheckpointUtils.java:waitForCheckpointDirectoryExist(60)) - Waited for 1 milliseconds for checkpoint directory /home/runner/work/ozone/ozone/hadoop-ozone/integration-test/target/test-dir/MiniOzoneClusterImpl-7f66dfcd-4d84-4460-b9fe-211923c7b7bb/ozone-meta/db.snapshots/checkpointState/om.db-90bafee4-ada7-42c0-ad26-b690322e265e availability.
2023-12-10 08:56:00,321 [om1-OMDoubleBufferFlushThread] INFO  om.OmSnapshotManager (OmSnapshotManager.java:createOmSnapshotCheckpoint(463)) - Created checkpoint : /home/runner/work/ozone/ozone/hadoop-ozone/integration-test/target/test-dir/MiniOzoneClusterImpl-7f66dfcd-4d84-4460-b9fe-211923c7b7bb/ozone-meta/db.snapshots/checkpointState/om.db-90bafee4-ada7-42c0-ad26-b690322e265e for snapshot s20231210-085600.260
2023-12-10 08:56:00,328 [om1-OMStateMachineApplyTransactionThread - 0] WARN  snapshot.OMSnapshotCreateRequest (OMSnapshotCreateRequest.java:estimateBucketDataSize(342)) - DefaultReplicationConfig is not correctly set in OmBucketInfo for volume 'vol-a-28914' bucket 'bucket-a-4-91975'. Falling back to config default 'RATIS/THREE'
2023-12-10 08:56:00,328 [om1-OMStateMachineApplyTransactionThread - 0] INFO  snapshot.OMSnapshotCreateRequest (OMSnapshotCreateRequest.java:validateAndUpdateCache(223)) - Created snapshot: 's20231210-085600.314' with snapshotId: '93501de5-ea84-492d-a53c-54ca37dc70cd' under path 'vol-a-28914/bucket-a-4-91975'
2023-12-10 08:56:00,328 [main] INFO  rpc.RpcClient (RpcClient.java:createBucket(691)) - Creating Bucket: vol-b-27004/bucket-a-4-68708, with server-side default bucket layout, runner as owner, Versioning false, Storage Type set to DISK and Encryption set to false, Replication Type set to server-side default replication type, Namespace Quota set to -1, Space Quota set to -1 
2023-12-10 08:56:00,330 [om1-OMStateMachineApplyTransactionThread - 0] INFO  bucket.OMBucketCreateRequest (OMBucketCreateRequest.java:validateAndUpdateCache(299)) - created bucket: bucket-a-4-68708 of layout FILE_SYSTEM_OPTIMIZED in volume: vol-b-27004
2023-12-10 08:56:00,336 [om1-OMDoubleBufferFlushThread] INFO  db.RDBCheckpointManager (RDBCheckpointManager.java:createCheckpoint(89)) - Created checkpoint in rocksDB at /home/runner/work/ozone/ozone/hadoop-ozone/integration-test/target/test-dir/MiniOzoneClusterImpl-7f66dfcd-4d84-4460-b9fe-211923c7b7bb/ozone-meta/db.snapshots/checkpointState/om.db-05c54abf-3655-4d30-9f92-ca6c6c59745e in 13 milliseconds
2023-12-10 08:56:00,337 [om1-OMDoubleBufferFlushThread] INFO  db.RDBCheckpointUtils (RDBCheckpointUtils.java:waitForCheckpointDirectoryExist(60)) - Waited for 1 milliseconds for checkpoint directory /home/runner/work/ozone/ozone/hadoop-ozone/integration-test/target/test-dir/MiniOzoneClusterImpl-7f66dfcd-4d84-4460-b9fe-211923c7b7bb/ozone-meta/db.snapshots/checkpointState/om.db-05c54abf-3655-4d30-9f92-ca6c6c59745e availability.
2023-12-10 08:56:00,338 [om1-OMDoubleBufferFlushThread] INFO  om.OmSnapshotManager (OmSnapshotManager.java:createOmSnapshotCheckpoint(463)) - Created checkpoint : /home/runner/work/ozone/ozone/hadoop-ozone/integration-test/target/test-dir/MiniOzoneClusterImpl-7f66dfcd-4d84-4460-b9fe-211923c7b7bb/ozone-meta/db.snapshots/checkpointState/om.db-05c54abf-3655-4d30-9f92-ca6c6c59745e for snapshot s20231210-085600.278
2023-12-10 08:56:00,345 [om1-OMStateMachineApplyTransactionThread - 0] WARN  snapshot.OMSnapshotCreateRequest (OMSnapshotCreateRequest.java:estimateBucketDataSize(342)) - DefaultReplicationConfig is not correctly set in OmBucketInfo for volume 'vol-b-27004' bucket 'bucket-a-4-68708'. Falling back to config default 'RATIS/THREE'
2023-12-10 08:56:00,345 [om1-OMStateMachineApplyTransactionThread - 0] INFO  snapshot.OMSnapshotCreateRequest (OMSnapshotCreateRequest.java:validateAndUpdateCache(223)) - Created snapshot: 's20231210-085600.331' with snapshotId: '00271126-001e-44e3-869d-dd2c003895a8' under path 'vol-b-27004/bucket-a-4-68708'
2023-12-10 08:56:00,346 [main] INFO  rpc.RpcClient (RpcClient.java:createBucket(691)) - Creating Bucket: vol-a-28914/bucket-a-5-73194, with server-side default bucket layout, runner as owner, Versioning false, Storage Type set to DISK and Encryption set to false, Replication Type set to server-side default replication type, Namespace Quota set to -1, Space Quota set to -1 
2023-12-10 08:56:00,347 [om1-OMStateMachineApplyTransactionThread - 0] INFO  bucket.OMBucketCreateRequest (OMBucketCreateRequest.java:validateAndUpdateCache(299)) - created bucket: bucket-a-5-73194 of layout FILE_SYSTEM_OPTIMIZED in volume: vol-a-28914
2023-12-10 08:56:00,353 [om1-OMDoubleBufferFlushThread] INFO  db.RDBCheckpointManager (RDBCheckpointManager.java:createCheckpoint(89)) - Created checkpoint in rocksDB at /home/runner/work/ozone/ozone/hadoop-ozone/integration-test/target/test-dir/MiniOzoneClusterImpl-7f66dfcd-4d84-4460-b9fe-211923c7b7bb/ozone-meta/db.snapshots/checkpointState/om.db-93501de5-ea84-492d-a53c-54ca37dc70cd in 14 milliseconds
2023-12-10 08:56:00,353 [om1-OMDoubleBufferFlushThread] INFO  db.RDBCheckpointUtils (RDBCheckpointUtils.java:waitForCheckpointDirectoryExist(60)) - Waited for 0 milliseconds for checkpoint directory /home/runner/work/ozone/ozone/hadoop-ozone/integration-test/target/test-dir/MiniOzoneClusterImpl-7f66dfcd-4d84-4460-b9fe-211923c7b7bb/ozone-meta/db.snapshots/checkpointState/om.db-93501de5-ea84-492d-a53c-54ca37dc70cd availability.
2023-12-10 08:56:00,354 [om1-OMDoubleBufferFlushThread] INFO  om.OmSnapshotManager (OmSnapshotManager.java:createOmSnapshotCheckpoint(463)) - Created checkpoint : /home/runner/work/ozone/ozone/hadoop-ozone/integration-test/target/test-dir/MiniOzoneClusterImpl-7f66dfcd-4d84-4460-b9fe-211923c7b7bb/ozone-meta/db.snapshots/checkpointState/om.db-93501de5-ea84-492d-a53c-54ca37dc70cd for snapshot s20231210-085600.314
2023-12-10 08:56:00,363 [om1-OMStateMachineApplyTransactionThread - 0] WARN  snapshot.OMSnapshotCreateRequest (OMSnapshotCreateRequest.java:estimateBucketDataSize(342)) - DefaultReplicationConfig is not correctly set in OmBucketInfo for volume 'vol-a-28914' bucket 'bucket-a-5-73194'. Falling back to config default 'RATIS/THREE'
2023-12-10 08:56:00,363 [om1-OMStateMachineApplyTransactionThread - 0] INFO  snapshot.OMSnapshotCreateRequest (OMSnapshotCreateRequest.java:validateAndUpdateCache(223)) - Created snapshot: 's20231210-085600.348' with snapshotId: '1f96a757-bb7d-4f63-b0a0-7bd14869c9bd' under path 'vol-a-28914/bucket-a-5-73194'
2023-12-10 08:56:00,363 [main] INFO  rpc.RpcClient (RpcClient.java:createBucket(691)) - Creating Bucket: vol-b-27004/bucket-a-5-39390, with server-side default bucket layout, runner as owner, Versioning false, Storage Type set to DISK and Encryption set to false, Replication Type set to server-side default replication type, Namespace Quota set to -1, Space Quota set to -1 
2023-12-10 08:56:00,366 [om1-OMStateMachineApplyTransactionThread - 0] INFO  bucket.OMBucketCreateRequest (OMBucketCreateRequest.java:validateAndUpdateCache(299)) - created bucket: bucket-a-5-39390 of layout FILE_SYSTEM_OPTIMIZED in volume: vol-b-27004
2023-12-10 08:56:00,369 [om1-OMDoubleBufferFlushThread] INFO  db.RDBCheckpointManager (RDBCheckpointManager.java:createCheckpoint(89)) - Created checkpoint in rocksDB at /home/runner/work/ozone/ozone/hadoop-ozone/integration-test/target/test-dir/MiniOzoneClusterImpl-7f66dfcd-4d84-4460-b9fe-211923c7b7bb/ozone-meta/db.snapshots/checkpointState/om.db-00271126-001e-44e3-869d-dd2c003895a8 in 13 milliseconds
2023-12-10 08:56:00,370 [om1-OMDoubleBufferFlushThread] INFO  db.RDBCheckpointUtils (RDBCheckpointUtils.java:waitForCheckpointDirectoryExist(60)) - Waited for 1 milliseconds for checkpoint directory /home/runner/work/ozone/ozone/hadoop-ozone/integration-test/target/test-dir/MiniOzoneClusterImpl-7f66dfcd-4d84-4460-b9fe-211923c7b7bb/ozone-meta/db.snapshots/checkpointState/om.db-00271126-001e-44e3-869d-dd2c003895a8 availability.
2023-12-10 08:56:00,370 [om1-OMDoubleBufferFlushThread] INFO  om.OmSnapshotManager (OmSnapshotManager.java:createOmSnapshotCheckpoint(463)) - Created checkpoint : /home/runner/work/ozone/ozone/hadoop-ozone/integration-test/target/test-dir/MiniOzoneClusterImpl-7f66dfcd-4d84-4460-b9fe-211923c7b7bb/ozone-meta/db.snapshots/checkpointState/om.db-00271126-001e-44e3-869d-dd2c003895a8 for snapshot s20231210-085600.331
2023-12-10 08:56:00,380 [om1-OMStateMachineApplyTransactionThread - 0] WARN  snapshot.OMSnapshotCreateRequest (OMSnapshotCreateRequest.java:estimateBucketDataSize(342)) - DefaultReplicationConfig is not correctly set in OmBucketInfo for volume 'vol-b-27004' bucket 'bucket-a-5-39390'. Falling back to config default 'RATIS/THREE'
2023-12-10 08:56:00,381 [om1-OMStateMachineApplyTransactionThread - 0] INFO  snapshot.OMSnapshotCreateRequest (OMSnapshotCreateRequest.java:validateAndUpdateCache(223)) - Created snapshot: 's20231210-085600.367' with snapshotId: 'acddf541-f91e-47fb-9b2f-be4a9d87cc48' under path 'vol-b-27004/bucket-a-5-39390'
2023-12-10 08:56:00,381 [main] INFO  rpc.RpcClient (RpcClient.java:createBucket(691)) - Creating Bucket: vol-a-28914/bucket-a-6-19268, with server-side default bucket layout, runner as owner, Versioning false, Storage Type set to DISK and Encryption set to false, Replication Type set to server-side default replication type, Namespace Quota set to -1, Space Quota set to -1 
2023-12-10 08:56:00,383 [om1-OMStateMachineApplyTransactionThread - 0] INFO  bucket.OMBucketCreateRequest (OMBucketCreateRequest.java:validateAndUpdateCache(299)) - created bucket: bucket-a-6-19268 of layout FILE_SYSTEM_OPTIMIZED in volume: vol-a-28914
2023-12-10 08:56:00,385 [om1-OMDoubleBufferFlushThread] INFO  db.RDBCheckpointManager (RDBCheckpointManager.java:createCheckpoint(89)) - Created checkpoint in rocksDB at /home/runner/work/ozone/ozone/hadoop-ozone/integration-test/target/test-dir/MiniOzoneClusterImpl-7f66dfcd-4d84-4460-b9fe-211923c7b7bb/ozone-meta/db.snapshots/checkpointState/om.db-1f96a757-bb7d-4f63-b0a0-7bd14869c9bd in 13 milliseconds
2023-12-10 08:56:00,385 [om1-OMDoubleBufferFlushThread] INFO  db.RDBCheckpointUtils (RDBCheckpointUtils.java:waitForCheckpointDirectoryExist(60)) - Waited for 0 milliseconds for checkpoint directory /home/runner/work/ozone/ozone/hadoop-ozone/integration-test/target/test-dir/MiniOzoneClusterImpl-7f66dfcd-4d84-4460-b9fe-211923c7b7bb/ozone-meta/db.snapshots/checkpointState/om.db-1f96a757-bb7d-4f63-b0a0-7bd14869c9bd availability.
2023-12-10 08:56:00,385 [om1-OMDoubleBufferFlushThread] INFO  om.OmSnapshotManager (OmSnapshotManager.java:createOmSnapshotCheckpoint(463)) - Created checkpoint : /home/runner/work/ozone/ozone/hadoop-ozone/integration-test/target/test-dir/MiniOzoneClusterImpl-7f66dfcd-4d84-4460-b9fe-211923c7b7bb/ozone-meta/db.snapshots/checkpointState/om.db-1f96a757-bb7d-4f63-b0a0-7bd14869c9bd for snapshot s20231210-085600.348
2023-12-10 08:56:00,398 [om1-OMStateMachineApplyTransactionThread - 0] WARN  snapshot.OMSnapshotCreateRequest (OMSnapshotCreateRequest.java:estimateBucketDataSize(342)) - DefaultReplicationConfig is not correctly set in OmBucketInfo for volume 'vol-a-28914' bucket 'bucket-a-6-19268'. Falling back to config default 'RATIS/THREE'
2023-12-10 08:56:00,398 [om1-OMStateMachineApplyTransactionThread - 0] INFO  snapshot.OMSnapshotCreateRequest (OMSnapshotCreateRequest.java:validateAndUpdateCache(223)) - Created snapshot: 's20231210-085600.384' with snapshotId: '1116e066-debe-41e9-8c33-0741cf8b9099' under path 'vol-a-28914/bucket-a-6-19268'
2023-12-10 08:56:00,399 [main] INFO  rpc.RpcClient (RpcClient.java:createBucket(691)) - Creating Bucket: vol-b-27004/bucket-a-6-59027, with server-side default bucket layout, runner as owner, Versioning false, Storage Type set to DISK and Encryption set to false, Replication Type set to server-side default replication type, Namespace Quota set to -1, Space Quota set to -1 
2023-12-10 08:56:00,403 [om1-OMDoubleBufferFlushThread] INFO  db.RDBCheckpointManager (RDBCheckpointManager.java:createCheckpoint(89)) - Created checkpoint in rocksDB at /home/runner/work/ozone/ozone/hadoop-ozone/integration-test/target/test-dir/MiniOzoneClusterImpl-7f66dfcd-4d84-4460-b9fe-211923c7b7bb/ozone-meta/db.snapshots/checkpointState/om.db-acddf541-f91e-47fb-9b2f-be4a9d87cc48 in 16 milliseconds
2023-12-10 08:56:00,403 [om1-OMDoubleBufferFlushThread] INFO  db.RDBCheckpointUtils (RDBCheckpointUtils.java:waitForCheckpointDirectoryExist(60)) - Waited for 0 milliseconds for checkpoint directory /home/runner/work/ozone/ozone/hadoop-ozone/integration-test/target/test-dir/MiniOzoneClusterImpl-7f66dfcd-4d84-4460-b9fe-211923c7b7bb/ozone-meta/db.snapshots/checkpointState/om.db-acddf541-f91e-47fb-9b2f-be4a9d87cc48 availability.
2023-12-10 08:56:00,404 [om1-OMDoubleBufferFlushThread] INFO  om.OmSnapshotManager (OmSnapshotManager.java:createOmSnapshotCheckpoint(463)) - Created checkpoint : /home/runner/work/ozone/ozone/hadoop-ozone/integration-test/target/test-dir/MiniOzoneClusterImpl-7f66dfcd-4d84-4460-b9fe-211923c7b7bb/ozone-meta/db.snapshots/checkpointState/om.db-acddf541-f91e-47fb-9b2f-be4a9d87cc48 for snapshot s20231210-085600.367
2023-12-10 08:56:00,410 [om1-OMStateMachineApplyTransactionThread - 0] INFO  bucket.OMBucketCreateRequest (OMBucketCreateRequest.java:validateAndUpdateCache(299)) - created bucket: bucket-a-6-59027 of layout FILE_SYSTEM_OPTIMIZED in volume: vol-b-27004
2023-12-10 08:56:00,419 [om1-OMDoubleBufferFlushThread] INFO  db.RDBCheckpointManager (RDBCheckpointManager.java:createCheckpoint(89)) - Created checkpoint in rocksDB at /home/runner/work/ozone/ozone/hadoop-ozone/integration-test/target/test-dir/MiniOzoneClusterImpl-7f66dfcd-4d84-4460-b9fe-211923c7b7bb/ozone-meta/db.snapshots/checkpointState/om.db-1116e066-debe-41e9-8c33-0741cf8b9099 in 13 milliseconds
2023-12-10 08:56:00,419 [om1-OMDoubleBufferFlushThread] INFO  db.RDBCheckpointUtils (RDBCheckpointUtils.java:waitForCheckpointDirectoryExist(60)) - Waited for 0 milliseconds for checkpoint directory /home/runner/work/ozone/ozone/hadoop-ozone/integration-test/target/test-dir/MiniOzoneClusterImpl-7f66dfcd-4d84-4460-b9fe-211923c7b7bb/ozone-meta/db.snapshots/checkpointState/om.db-1116e066-debe-41e9-8c33-0741cf8b9099 availability.
2023-12-10 08:56:00,420 [om1-OMDoubleBufferFlushThread] INFO  om.OmSnapshotManager (OmSnapshotManager.java:createOmSnapshotCheckpoint(463)) - Created checkpoint : /home/runner/work/ozone/ozone/hadoop-ozone/integration-test/target/test-dir/MiniOzoneClusterImpl-7f66dfcd-4d84-4460-b9fe-211923c7b7bb/ozone-meta/db.snapshots/checkpointState/om.db-1116e066-debe-41e9-8c33-0741cf8b9099 for snapshot s20231210-085600.384
2023-12-10 08:56:00,425 [om1-OMStateMachineApplyTransactionThread - 0] WARN  snapshot.OMSnapshotCreateRequest (OMSnapshotCreateRequest.java:estimateBucketDataSize(342)) - DefaultReplicationConfig is not correctly set in OmBucketInfo for volume 'vol-b-27004' bucket 'bucket-a-6-59027'. Falling back to config default 'RATIS/THREE'
2023-12-10 08:56:00,425 [om1-OMStateMachineApplyTransactionThread - 0] INFO  snapshot.OMSnapshotCreateRequest (OMSnapshotCreateRequest.java:validateAndUpdateCache(223)) - Created snapshot: 's20231210-085600.411' with snapshotId: 'ce74a76e-f1cf-4e87-a242-1b33745f7609' under path 'vol-b-27004/bucket-a-6-59027'
2023-12-10 08:56:00,426 [main] INFO  rpc.RpcClient (RpcClient.java:createBucket(691)) - Creating Bucket: vol-a-28914/bucket-a-7-29124, with server-side default bucket layout, runner as owner, Versioning false, Storage Type set to DISK and Encryption set to false, Replication Type set to server-side default replication type, Namespace Quota set to -1, Space Quota set to -1 
2023-12-10 08:56:00,427 [om1-OMStateMachineApplyTransactionThread - 0] INFO  bucket.OMBucketCreateRequest (OMBucketCreateRequest.java:validateAndUpdateCache(299)) - created bucket: bucket-a-7-29124 of layout FILE_SYSTEM_OPTIMIZED in volume: vol-a-28914
2023-12-10 08:56:00,465 [om1-OMDoubleBufferFlushThread] INFO  db.RDBCheckpointManager (RDBCheckpointManager.java:createCheckpoint(89)) - Created checkpoint in rocksDB at /home/runner/work/ozone/ozone/hadoop-ozone/integration-test/target/test-dir/MiniOzoneClusterImpl-7f66dfcd-4d84-4460-b9fe-211923c7b7bb/ozone-meta/db.snapshots/checkpointState/om.db-ce74a76e-f1cf-4e87-a242-1b33745f7609 in 39 milliseconds
2023-12-10 08:56:00,465 [om1-OMDoubleBufferFlushThread] INFO  db.RDBCheckpointUtils (RDBCheckpointUtils.java:waitForCheckpointDirectoryExist(60)) - Waited for 0 milliseconds for checkpoint directory /home/runner/work/ozone/ozone/hadoop-ozone/integration-test/target/test-dir/MiniOzoneClusterImpl-7f66dfcd-4d84-4460-b9fe-211923c7b7bb/ozone-meta/db.snapshots/checkpointState/om.db-ce74a76e-f1cf-4e87-a242-1b33745f7609 availability.
2023-12-10 08:56:00,466 [om1-OMDoubleBufferFlushThread] INFO  om.OmSnapshotManager (OmSnapshotManager.java:createOmSnapshotCheckpoint(463)) - Created checkpoint : /home/runner/work/ozone/ozone/hadoop-ozone/integration-test/target/test-dir/MiniOzoneClusterImpl-7f66dfcd-4d84-4460-b9fe-211923c7b7bb/ozone-meta/db.snapshots/checkpointState/om.db-ce74a76e-f1cf-4e87-a242-1b33745f7609 for snapshot s20231210-085600.411
2023-12-10 08:56:00,470 [om1-OMStateMachineApplyTransactionThread - 0] WARN  snapshot.OMSnapshotCreateRequest (OMSnapshotCreateRequest.java:estimateBucketDataSize(342)) - DefaultReplicationConfig is not correctly set in OmBucketInfo for volume 'vol-a-28914' bucket 'bucket-a-7-29124'. Falling back to config default 'RATIS/THREE'
2023-12-10 08:56:00,471 [om1-OMStateMachineApplyTransactionThread - 0] INFO  snapshot.OMSnapshotCreateRequest (OMSnapshotCreateRequest.java:validateAndUpdateCache(223)) - Created snapshot: 's20231210-085600.428' with snapshotId: '59098387-02c8-4002-826c-6fd5f40faaba' under path 'vol-a-28914/bucket-a-7-29124'
2023-12-10 08:56:00,471 [main] INFO  rpc.RpcClient (RpcClient.java:createBucket(691)) - Creating Bucket: vol-b-27004/bucket-a-7-24770, with server-side default bucket layout, runner as owner, Versioning false, Storage Type set to DISK and Encryption set to false, Replication Type set to server-side default replication type, Namespace Quota set to -1, Space Quota set to -1 
2023-12-10 08:56:00,473 [om1-OMStateMachineApplyTransactionThread - 0] INFO  bucket.OMBucketCreateRequest (OMBucketCreateRequest.java:validateAndUpdateCache(299)) - created bucket: bucket-a-7-24770 of layout FILE_SYSTEM_OPTIMIZED in volume: vol-b-27004
2023-12-10 08:56:00,488 [om1-OMDoubleBufferFlushThread] INFO  db.RDBCheckpointManager (RDBCheckpointManager.java:createCheckpoint(89)) - Created checkpoint in rocksDB at /home/runner/work/ozone/ozone/hadoop-ozone/integration-test/target/test-dir/MiniOzoneClusterImpl-7f66dfcd-4d84-4460-b9fe-211923c7b7bb/ozone-meta/db.snapshots/checkpointState/om.db-59098387-02c8-4002-826c-6fd5f40faaba in 17 milliseconds
2023-12-10 08:56:00,489 [om1-OMDoubleBufferFlushThread] INFO  db.RDBCheckpointUtils (RDBCheckpointUtils.java:waitForCheckpointDirectoryExist(60)) - Waited for 0 milliseconds for checkpoint directory /home/runner/work/ozone/ozone/hadoop-ozone/integration-test/target/test-dir/MiniOzoneClusterImpl-7f66dfcd-4d84-4460-b9fe-211923c7b7bb/ozone-meta/db.snapshots/checkpointState/om.db-59098387-02c8-4002-826c-6fd5f40faaba availability.
2023-12-10 08:56:00,489 [om1-OMDoubleBufferFlushThread] INFO  om.OmSnapshotManager (OmSnapshotManager.java:createOmSnapshotCheckpoint(463)) - Created checkpoint : /home/runner/work/ozone/ozone/hadoop-ozone/integration-test/target/test-dir/MiniOzoneClusterImpl-7f66dfcd-4d84-4460-b9fe-211923c7b7bb/ozone-meta/db.snapshots/checkpointState/om.db-59098387-02c8-4002-826c-6fd5f40faaba for snapshot s20231210-085600.428
2023-12-10 08:56:00,492 [om1-OMStateMachineApplyTransactionThread - 0] WARN  snapshot.OMSnapshotCreateRequest (OMSnapshotCreateRequest.java:estimateBucketDataSize(342)) - DefaultReplicationConfig is not correctly set in OmBucketInfo for volume 'vol-b-27004' bucket 'bucket-a-7-24770'. Falling back to config default 'RATIS/THREE'
2023-12-10 08:56:00,493 [om1-OMStateMachineApplyTransactionThread - 0] INFO  snapshot.OMSnapshotCreateRequest (OMSnapshotCreateRequest.java:validateAndUpdateCache(223)) - Created snapshot: 's20231210-085600.475' with snapshotId: '070c6d71-44b5-401c-9a2f-45216196cc17' under path 'vol-b-27004/bucket-a-7-24770'
2023-12-10 08:56:00,493 [main] INFO  rpc.RpcClient (RpcClient.java:createBucket(691)) - Creating Bucket: vol-a-28914/bucket-a-8-86307, with server-side default bucket layout, runner as owner, Versioning false, Storage Type set to DISK and Encryption set to false, Replication Type set to server-side default replication type, Namespace Quota set to -1, Space Quota set to -1 
2023-12-10 08:56:00,495 [om1-OMStateMachineApplyTransactionThread - 0] INFO  bucket.OMBucketCreateRequest (OMBucketCreateRequest.java:validateAndUpdateCache(299)) - created bucket: bucket-a-8-86307 of layout FILE_SYSTEM_OPTIMIZED in volume: vol-a-28914
2023-12-10 08:56:00,509 [om1-OMDoubleBufferFlushThread] INFO  db.RDBCheckpointManager (RDBCheckpointManager.java:createCheckpoint(89)) - Created checkpoint in rocksDB at /home/runner/work/ozone/ozone/hadoop-ozone/integration-test/target/test-dir/MiniOzoneClusterImpl-7f66dfcd-4d84-4460-b9fe-211923c7b7bb/ozone-meta/db.snapshots/checkpointState/om.db-070c6d71-44b5-401c-9a2f-45216196cc17 in 16 milliseconds
2023-12-10 08:56:00,510 [om1-OMDoubleBufferFlushThread] INFO  db.RDBCheckpointUtils (RDBCheckpointUtils.java:waitForCheckpointDirectoryExist(60)) - Waited for 1 milliseconds for checkpoint directory /home/runner/work/ozone/ozone/hadoop-ozone/integration-test/target/test-dir/MiniOzoneClusterImpl-7f66dfcd-4d84-4460-b9fe-211923c7b7bb/ozone-meta/db.snapshots/checkpointState/om.db-070c6d71-44b5-401c-9a2f-45216196cc17 availability.
2023-12-10 08:56:00,511 [om1-OMDoubleBufferFlushThread] INFO  om.OmSnapshotManager (OmSnapshotManager.java:createOmSnapshotCheckpoint(463)) - Created checkpoint : /home/runner/work/ozone/ozone/hadoop-ozone/integration-test/target/test-dir/MiniOzoneClusterImpl-7f66dfcd-4d84-4460-b9fe-211923c7b7bb/ozone-meta/db.snapshots/checkpointState/om.db-070c6d71-44b5-401c-9a2f-45216196cc17 for snapshot s20231210-085600.475
2023-12-10 08:56:00,511 [om1-OMStateMachineApplyTransactionThread - 0] WARN  snapshot.OMSnapshotCreateRequest (OMSnapshotCreateRequest.java:estimateBucketDataSize(342)) - DefaultReplicationConfig is not correctly set in OmBucketInfo for volume 'vol-a-28914' bucket 'bucket-a-8-86307'. Falling back to config default 'RATIS/THREE'
2023-12-10 08:56:00,512 [om1-OMStateMachineApplyTransactionThread - 0] INFO  snapshot.OMSnapshotCreateRequest (OMSnapshotCreateRequest.java:validateAndUpdateCache(223)) - Created snapshot: 's20231210-085600.496' with snapshotId: '9c2deb10-9535-4a2b-8c21-63039eb8be2d' under path 'vol-a-28914/bucket-a-8-86307'
2023-12-10 08:56:00,514 [main] INFO  rpc.RpcClient (RpcClient.java:createBucket(691)) - Creating Bucket: vol-b-27004/bucket-a-8-69173, with server-side default bucket layout, runner as owner, Versioning false, Storage Type set to DISK and Encryption set to false, Replication Type set to server-side default replication type, Namespace Quota set to -1, Space Quota set to -1 
2023-12-10 08:56:00,516 [om1-OMStateMachineApplyTransactionThread - 0] INFO  bucket.OMBucketCreateRequest (OMBucketCreateRequest.java:validateAndUpdateCache(299)) - created bucket: bucket-a-8-69173 of layout FILE_SYSTEM_OPTIMIZED in volume: vol-b-27004
2023-12-10 08:56:00,530 [om1-OMDoubleBufferFlushThread] INFO  db.RDBCheckpointManager (RDBCheckpointManager.java:createCheckpoint(89)) - Created checkpoint in rocksDB at /home/runner/work/ozone/ozone/hadoop-ozone/integration-test/target/test-dir/MiniOzoneClusterImpl-7f66dfcd-4d84-4460-b9fe-211923c7b7bb/ozone-meta/db.snapshots/checkpointState/om.db-9c2deb10-9535-4a2b-8c21-63039eb8be2d in 17 milliseconds
2023-12-10 08:56:00,537 [om1-OMStateMachineApplyTransactionThread - 0] WARN  snapshot.OMSnapshotCreateRequest (OMSnapshotCreateRequest.java:estimateBucketDataSize(342)) - DefaultReplicationConfig is not correctly set in OmBucketInfo for volume 'vol-b-27004' bucket 'bucket-a-8-69173'. Falling back to config default 'RATIS/THREE'
2023-12-10 08:56:00,537 [om1-OMStateMachineApplyTransactionThread - 0] INFO  snapshot.OMSnapshotCreateRequest (OMSnapshotCreateRequest.java:validateAndUpdateCache(223)) - Created snapshot: 's20231210-085600.517' with snapshotId: 'c45517e8-f6c9-4a1a-b194-bc0ff1d88558' under path 'vol-b-27004/bucket-a-8-69173'
2023-12-10 08:56:00,538 [om1-OMDoubleBufferFlushThread] INFO  db.RDBCheckpointUtils (RDBCheckpointUtils.java:waitForCheckpointDirectoryExist(60)) - Waited for 8 milliseconds for checkpoint directory /home/runner/work/ozone/ozone/hadoop-ozone/integration-test/target/test-dir/MiniOzoneClusterImpl-7f66dfcd-4d84-4460-b9fe-211923c7b7bb/ozone-meta/db.snapshots/checkpointState/om.db-9c2deb10-9535-4a2b-8c21-63039eb8be2d availability.
2023-12-10 08:56:00,538 [main] INFO  rpc.RpcClient (RpcClient.java:createBucket(691)) - Creating Bucket: vol-a-28914/bucket-a-9-14391, with server-side default bucket layout, runner as owner, Versioning false, Storage Type set to DISK and Encryption set to false, Replication Type set to server-side default replication type, Namespace Quota set to -1, Space Quota set to -1 
2023-12-10 08:56:00,539 [om1-OMDoubleBufferFlushThread] INFO  om.OmSnapshotManager (OmSnapshotManager.java:createOmSnapshotCheckpoint(463)) - Created checkpoint : /home/runner/work/ozone/ozone/hadoop-ozone/integration-test/target/test-dir/MiniOzoneClusterImpl-7f66dfcd-4d84-4460-b9fe-211923c7b7bb/ozone-meta/db.snapshots/checkpointState/om.db-9c2deb10-9535-4a2b-8c21-63039eb8be2d for snapshot s20231210-085600.496
2023-12-10 08:56:00,540 [om1-OMStateMachineApplyTransactionThread - 0] INFO  bucket.OMBucketCreateRequest (OMBucketCreateRequest.java:validateAndUpdateCache(299)) - created bucket: bucket-a-9-14391 of layout FILE_SYSTEM_OPTIMIZED in volume: vol-a-28914
2023-12-10 08:56:00,555 [om1-OMDoubleBufferFlushThread] INFO  db.RDBCheckpointManager (RDBCheckpointManager.java:createCheckpoint(89)) - Created checkpoint in rocksDB at /home/runner/work/ozone/ozone/hadoop-ozone/integration-test/target/test-dir/MiniOzoneClusterImpl-7f66dfcd-4d84-4460-b9fe-211923c7b7bb/ozone-meta/db.snapshots/checkpointState/om.db-c45517e8-f6c9-4a1a-b194-bc0ff1d88558 in 14 milliseconds
2023-12-10 08:56:00,555 [om1-OMDoubleBufferFlushThread] INFO  db.RDBCheckpointUtils (RDBCheckpointUtils.java:waitForCheckpointDirectoryExist(60)) - Waited for 0 milliseconds for checkpoint directory /home/runner/work/ozone/ozone/hadoop-ozone/integration-test/target/test-dir/MiniOzoneClusterImpl-7f66dfcd-4d84-4460-b9fe-211923c7b7bb/ozone-meta/db.snapshots/checkpointState/om.db-c45517e8-f6c9-4a1a-b194-bc0ff1d88558 availability.
2023-12-10 08:56:00,555 [om1-OMDoubleBufferFlushThread] INFO  om.OmSnapshotManager (OmSnapshotManager.java:createOmSnapshotCheckpoint(463)) - Created checkpoint : /home/runner/work/ozone/ozone/hadoop-ozone/integration-test/target/test-dir/MiniOzoneClusterImpl-7f66dfcd-4d84-4460-b9fe-211923c7b7bb/ozone-meta/db.snapshots/checkpointState/om.db-c45517e8-f6c9-4a1a-b194-bc0ff1d88558 for snapshot s20231210-085600.517
2023-12-10 08:56:00,560 [om1-OMStateMachineApplyTransactionThread - 0] WARN  snapshot.OMSnapshotCreateRequest (OMSnapshotCreateRequest.java:estimateBucketDataSize(342)) - DefaultReplicationConfig is not correctly set in OmBucketInfo for volume 'vol-a-28914' bucket 'bucket-a-9-14391'. Falling back to config default 'RATIS/THREE'
2023-12-10 08:56:00,560 [om1-OMStateMachineApplyTransactionThread - 0] INFO  snapshot.OMSnapshotCreateRequest (OMSnapshotCreateRequest.java:validateAndUpdateCache(223)) - Created snapshot: 's20231210-085600.541' with snapshotId: '5310a668-bf15-4dff-9783-28b26504ceae' under path 'vol-a-28914/bucket-a-9-14391'
2023-12-10 08:56:00,561 [main] INFO  rpc.RpcClient (RpcClient.java:createBucket(691)) - Creating Bucket: vol-b-27004/bucket-a-9-58482, with server-side default bucket layout, runner as owner, Versioning false, Storage Type set to DISK and Encryption set to false, Replication Type set to server-side default replication type, Namespace Quota set to -1, Space Quota set to -1 
2023-12-10 08:56:00,564 [om1-OMStateMachineApplyTransactionThread - 0] INFO  bucket.OMBucketCreateRequest (OMBucketCreateRequest.java:validateAndUpdateCache(299)) - created bucket: bucket-a-9-58482 of layout FILE_SYSTEM_OPTIMIZED in volume: vol-b-27004
2023-12-10 08:56:00,576 [om1-OMDoubleBufferFlushThread] INFO  db.RDBCheckpointManager (RDBCheckpointManager.java:createCheckpoint(89)) - Created checkpoint in rocksDB at /home/runner/work/ozone/ozone/hadoop-ozone/integration-test/target/test-dir/MiniOzoneClusterImpl-7f66dfcd-4d84-4460-b9fe-211923c7b7bb/ozone-meta/db.snapshots/checkpointState/om.db-5310a668-bf15-4dff-9783-28b26504ceae in 15 milliseconds
2023-12-10 08:56:00,577 [om1-OMDoubleBufferFlushThread] INFO  db.RDBCheckpointUtils (RDBCheckpointUtils.java:waitForCheckpointDirectoryExist(60)) - Waited for 0 milliseconds for checkpoint directory /home/runner/work/ozone/ozone/hadoop-ozone/integration-test/target/test-dir/MiniOzoneClusterImpl-7f66dfcd-4d84-4460-b9fe-211923c7b7bb/ozone-meta/db.snapshots/checkpointState/om.db-5310a668-bf15-4dff-9783-28b26504ceae availability.
2023-12-10 08:56:00,577 [om1-OMDoubleBufferFlushThread] INFO  om.OmSnapshotManager (OmSnapshotManager.java:createOmSnapshotCheckpoint(463)) - Created checkpoint : /home/runner/work/ozone/ozone/hadoop-ozone/integration-test/target/test-dir/MiniOzoneClusterImpl-7f66dfcd-4d84-4460-b9fe-211923c7b7bb/ozone-meta/db.snapshots/checkpointState/om.db-5310a668-bf15-4dff-9783-28b26504ceae for snapshot s20231210-085600.541
2023-12-10 08:56:00,584 [om1-OMStateMachineApplyTransactionThread - 0] WARN  snapshot.OMSnapshotCreateRequest (OMSnapshotCreateRequest.java:estimateBucketDataSize(342)) - DefaultReplicationConfig is not correctly set in OmBucketInfo for volume 'vol-b-27004' bucket 'bucket-a-9-58482'. Falling back to config default 'RATIS/THREE'
2023-12-10 08:56:00,584 [om1-OMStateMachineApplyTransactionThread - 0] INFO  snapshot.OMSnapshotCreateRequest (OMSnapshotCreateRequest.java:validateAndUpdateCache(223)) - Created snapshot: 's20231210-085600.565' with snapshotId: 'a8dcbc87-0366-44d4-9f5e-fdb87402e835' under path 'vol-b-27004/bucket-a-9-58482'
2023-12-10 08:56:00,585 [main] INFO  rpc.RpcClient (RpcClient.java:createBucket(691)) - Creating Bucket: vol-a-28914/bucket-b-0-77286, with server-side default bucket layout, runner as owner, Versioning false, Storage Type set to DISK and Encryption set to false, Replication Type set to server-side default replication type, Namespace Quota set to -1, Space Quota set to -1 
2023-12-10 08:56:00,587 [om1-OMStateMachineApplyTransactionThread - 0] INFO  bucket.OMBucketCreateRequest (OMBucketCreateRequest.java:validateAndUpdateCache(299)) - created bucket: bucket-b-0-77286 of layout FILE_SYSTEM_OPTIMIZED in volume: vol-a-28914
2023-12-10 08:56:00,606 [om1-OMDoubleBufferFlushThread] INFO  db.RDBCheckpointManager (RDBCheckpointManager.java:createCheckpoint(89)) - Created checkpoint in rocksDB at /home/runner/work/ozone/ozone/hadoop-ozone/integration-test/target/test-dir/MiniOzoneClusterImpl-7f66dfcd-4d84-4460-b9fe-211923c7b7bb/ozone-meta/db.snapshots/checkpointState/om.db-a8dcbc87-0366-44d4-9f5e-fdb87402e835 in 20 milliseconds
2023-12-10 08:56:00,606 [om1-OMDoubleBufferFlushThread] INFO  db.RDBCheckpointUtils (RDBCheckpointUtils.java:waitForCheckpointDirectoryExist(60)) - Waited for 0 milliseconds for checkpoint directory /home/runner/work/ozone/ozone/hadoop-ozone/integration-test/target/test-dir/MiniOzoneClusterImpl-7f66dfcd-4d84-4460-b9fe-211923c7b7bb/ozone-meta/db.snapshots/checkpointState/om.db-a8dcbc87-0366-44d4-9f5e-fdb87402e835 availability.
2023-12-10 08:56:00,607 [om1-OMStateMachineApplyTransactionThread - 0] WARN  snapshot.OMSnapshotCreateRequest (OMSnapshotCreateRequest.java:estimateBucketDataSize(342)) - DefaultReplicationConfig is not correctly set in OmBucketInfo for volume 'vol-a-28914' bucket 'bucket-b-0-77286'. Falling back to config default 'RATIS/THREE'
2023-12-10 08:56:00,607 [om1-OMStateMachineApplyTransactionThread - 0] INFO  snapshot.OMSnapshotCreateRequest (OMSnapshotCreateRequest.java:validateAndUpdateCache(223)) - Created snapshot: 's20231210-085600.588' with snapshotId: '9e69e42f-9189-42d3-a789-9794a4972a08' under path 'vol-a-28914/bucket-b-0-77286'
2023-12-10 08:56:00,607 [om1-OMDoubleBufferFlushThread] INFO  om.OmSnapshotManager (OmSnapshotManager.java:createOmSnapshotCheckpoint(463)) - Created checkpoint : /home/runner/work/ozone/ozone/hadoop-ozone/integration-test/target/test-dir/MiniOzoneClusterImpl-7f66dfcd-4d84-4460-b9fe-211923c7b7bb/ozone-meta/db.snapshots/checkpointState/om.db-a8dcbc87-0366-44d4-9f5e-fdb87402e835 for snapshot s20231210-085600.565
2023-12-10 08:56:00,608 [main] INFO  rpc.RpcClient (RpcClient.java:createBucket(691)) - Creating Bucket: vol-b-27004/bucket-b-0-01726, with server-side default bucket layout, runner as owner, Versioning false, Storage Type set to DISK and Encryption set to false, Replication Type set to server-side default replication type, Namespace Quota set to -1, Space Quota set to -1 
2023-12-10 08:56:00,610 [om1-OMStateMachineApplyTransactionThread - 0] INFO  bucket.OMBucketCreateRequest (OMBucketCreateRequest.java:validateAndUpdateCache(299)) - created bucket: bucket-b-0-01726 of layout FILE_SYSTEM_OPTIMIZED in volume: vol-b-27004
2023-12-10 08:56:00,612 [main] INFO  rpc.RpcClient (RpcClient.java:createBucket(691)) - Creating Bucket: vol-a-28914/bucket-b-1-24922, with server-side default bucket layout, runner as owner, Versioning false, Storage Type set to DISK and Encryption set to false, Replication Type set to server-side default replication type, Namespace Quota set to -1, Space Quota set to -1 
2023-12-10 08:56:00,614 [om1-OMStateMachineApplyTransactionThread - 0] INFO  bucket.OMBucketCreateRequest (OMBucketCreateRequest.java:validateAndUpdateCache(299)) - created bucket: bucket-b-1-24922 of layout FILE_SYSTEM_OPTIMIZED in volume: vol-a-28914
2023-12-10 08:56:00,627 [om1-OMDoubleBufferFlushThread] INFO  db.RDBCheckpointManager (RDBCheckpointManager.java:createCheckpoint(89)) - Created checkpoint in rocksDB at /home/runner/work/ozone/ozone/hadoop-ozone/integration-test/target/test-dir/MiniOzoneClusterImpl-7f66dfcd-4d84-4460-b9fe-211923c7b7bb/ozone-meta/db.snapshots/checkpointState/om.db-9e69e42f-9189-42d3-a789-9794a4972a08 in 17 milliseconds
2023-12-10 08:56:00,628 [om1-OMDoubleBufferFlushThread] INFO  db.RDBCheckpointUtils (RDBCheckpointUtils.java:waitForCheckpointDirectoryExist(60)) - Waited for 1 milliseconds for checkpoint directory /home/runner/work/ozone/ozone/hadoop-ozone/integration-test/target/test-dir/MiniOzoneClusterImpl-7f66dfcd-4d84-4460-b9fe-211923c7b7bb/ozone-meta/db.snapshots/checkpointState/om.db-9e69e42f-9189-42d3-a789-9794a4972a08 availability.
2023-12-10 08:56:00,628 [om1-OMDoubleBufferFlushThread] INFO  om.OmSnapshotManager (OmSnapshotManager.java:createOmSnapshotCheckpoint(463)) - Created checkpoint : /home/runner/work/ozone/ozone/hadoop-ozone/integration-test/target/test-dir/MiniOzoneClusterImpl-7f66dfcd-4d84-4460-b9fe-211923c7b7bb/ozone-meta/db.snapshots/checkpointState/om.db-9e69e42f-9189-42d3-a789-9794a4972a08 for snapshot s20231210-085600.588
2023-12-10 08:56:00,635 [om1-OMStateMachineApplyTransactionThread - 0] WARN  snapshot.OMSnapshotCreateRequest (OMSnapshotCreateRequest.java:estimateBucketDataSize(342)) - DefaultReplicationConfig is not correctly set in OmBucketInfo for volume 'vol-a-28914' bucket 'bucket-b-1-24922'. Falling back to config default 'RATIS/THREE'
2023-12-10 08:56:00,635 [om1-OMStateMachineApplyTransactionThread - 0] INFO  snapshot.OMSnapshotCreateRequest (OMSnapshotCreateRequest.java:validateAndUpdateCache(223)) - Created snapshot: 's20231210-085600.617' with snapshotId: '8e422b64-b153-4a8b-9920-1cc2aa223e9d' under path 'vol-a-28914/bucket-b-1-24922'
2023-12-10 08:56:00,636 [main] INFO  rpc.RpcClient (RpcClient.java:createBucket(691)) - Creating Bucket: vol-b-27004/bucket-b-1-43697, with server-side default bucket layout, runner as owner, Versioning false, Storage Type set to DISK and Encryption set to false, Replication Type set to server-side default replication type, Namespace Quota set to -1, Space Quota set to -1 
2023-12-10 08:56:00,637 [om1-OMStateMachineApplyTransactionThread - 0] INFO  bucket.OMBucketCreateRequest (OMBucketCreateRequest.java:validateAndUpdateCache(299)) - created bucket: bucket-b-1-43697 of layout FILE_SYSTEM_OPTIMIZED in volume: vol-b-27004
2023-12-10 08:56:00,638 [main] INFO  rpc.RpcClient (RpcClient.java:createBucket(691)) - Creating Bucket: vol-a-28914/bucket-b-2-44243, with server-side default bucket layout, runner as owner, Versioning false, Storage Type set to DISK and Encryption set to false, Replication Type set to server-side default replication type, Namespace Quota set to -1, Space Quota set to -1 
2023-12-10 08:56:00,641 [om1-OMStateMachineApplyTransactionThread - 0] INFO  bucket.OMBucketCreateRequest (OMBucketCreateRequest.java:validateAndUpdateCache(299)) - created bucket: bucket-b-2-44243 of layout FILE_SYSTEM_OPTIMIZED in volume: vol-a-28914
2023-12-10 08:56:00,651 [om1-OMDoubleBufferFlushThread] INFO  db.RDBCheckpointManager (RDBCheckpointManager.java:createCheckpoint(89)) - Created checkpoint in rocksDB at /home/runner/work/ozone/ozone/hadoop-ozone/integration-test/target/test-dir/MiniOzoneClusterImpl-7f66dfcd-4d84-4460-b9fe-211923c7b7bb/ozone-meta/db.snapshots/checkpointState/om.db-8e422b64-b153-4a8b-9920-1cc2aa223e9d in 15 milliseconds
2023-12-10 08:56:00,651 [om1-OMDoubleBufferFlushThread] INFO  db.RDBCheckpointUtils (RDBCheckpointUtils.java:waitForCheckpointDirectoryExist(60)) - Waited for 0 milliseconds for checkpoint directory /home/runner/work/ozone/ozone/hadoop-ozone/integration-test/target/test-dir/MiniOzoneClusterImpl-7f66dfcd-4d84-4460-b9fe-211923c7b7bb/ozone-meta/db.snapshots/checkpointState/om.db-8e422b64-b153-4a8b-9920-1cc2aa223e9d availability.
2023-12-10 08:56:00,651 [om1-OMDoubleBufferFlushThread] INFO  om.OmSnapshotManager (OmSnapshotManager.java:createOmSnapshotCheckpoint(463)) - Created checkpoint : /home/runner/work/ozone/ozone/hadoop-ozone/integration-test/target/test-dir/MiniOzoneClusterImpl-7f66dfcd-4d84-4460-b9fe-211923c7b7bb/ozone-meta/db.snapshots/checkpointState/om.db-8e422b64-b153-4a8b-9920-1cc2aa223e9d for snapshot s20231210-085600.617
2023-12-10 08:56:00,660 [om1-OMStateMachineApplyTransactionThread - 0] WARN  snapshot.OMSnapshotCreateRequest (OMSnapshotCreateRequest.java:estimateBucketDataSize(342)) - DefaultReplicationConfig is not correctly set in OmBucketInfo for volume 'vol-a-28914' bucket 'bucket-b-2-44243'. Falling back to config default 'RATIS/THREE'
2023-12-10 08:56:00,660 [om1-OMStateMachineApplyTransactionThread - 0] INFO  snapshot.OMSnapshotCreateRequest (OMSnapshotCreateRequest.java:validateAndUpdateCache(223)) - Created snapshot: 's20231210-085600.643' with snapshotId: 'd95adbcb-bfa9-48a9-a994-2c0e74679d9f' under path 'vol-a-28914/bucket-b-2-44243'
2023-12-10 08:56:00,661 [main] INFO  rpc.RpcClient (RpcClient.java:createBucket(691)) - Creating Bucket: vol-b-27004/bucket-b-2-93640, with server-side default bucket layout, runner as owner, Versioning false, Storage Type set to DISK and Encryption set to false, Replication Type set to server-side default replication type, Namespace Quota set to -1, Space Quota set to -1 
2023-12-10 08:56:00,662 [om1-OMStateMachineApplyTransactionThread - 0] INFO  bucket.OMBucketCreateRequest (OMBucketCreateRequest.java:validateAndUpdateCache(299)) - created bucket: bucket-b-2-93640 of layout FILE_SYSTEM_OPTIMIZED in volume: vol-b-27004
2023-12-10 08:56:00,663 [main] INFO  rpc.RpcClient (RpcClient.java:createBucket(691)) - Creating Bucket: vol-a-28914/bucket-b-3-52198, with server-side default bucket layout, runner as owner, Versioning false, Storage Type set to DISK and Encryption set to false, Replication Type set to server-side default replication type, Namespace Quota set to -1, Space Quota set to -1 
2023-12-10 08:56:00,664 [om1-OMStateMachineApplyTransactionThread - 0] INFO  bucket.OMBucketCreateRequest (OMBucketCreateRequest.java:validateAndUpdateCache(299)) - created bucket: bucket-b-3-52198 of layout FILE_SYSTEM_OPTIMIZED in volume: vol-a-28914
2023-12-10 08:56:00,676 [om1-OMDoubleBufferFlushThread] INFO  db.RDBCheckpointManager (RDBCheckpointManager.java:createCheckpoint(89)) - Created checkpoint in rocksDB at /home/runner/work/ozone/ozone/hadoop-ozone/integration-test/target/test-dir/MiniOzoneClusterImpl-7f66dfcd-4d84-4460-b9fe-211923c7b7bb/ozone-meta/db.snapshots/checkpointState/om.db-d95adbcb-bfa9-48a9-a994-2c0e74679d9f in 15 milliseconds
2023-12-10 08:56:00,676 [om1-OMDoubleBufferFlushThread] INFO  db.RDBCheckpointUtils (RDBCheckpointUtils.java:waitForCheckpointDirectoryExist(60)) - Waited for 0 milliseconds for checkpoint directory /home/runner/work/ozone/ozone/hadoop-ozone/integration-test/target/test-dir/MiniOzoneClusterImpl-7f66dfcd-4d84-4460-b9fe-211923c7b7bb/ozone-meta/db.snapshots/checkpointState/om.db-d95adbcb-bfa9-48a9-a994-2c0e74679d9f availability.
2023-12-10 08:56:00,677 [om1-OMDoubleBufferFlushThread] INFO  om.OmSnapshotManager (OmSnapshotManager.java:createOmSnapshotCheckpoint(463)) - Created checkpoint : /home/runner/work/ozone/ozone/hadoop-ozone/integration-test/target/test-dir/MiniOzoneClusterImpl-7f66dfcd-4d84-4460-b9fe-211923c7b7bb/ozone-meta/db.snapshots/checkpointState/om.db-d95adbcb-bfa9-48a9-a994-2c0e74679d9f for snapshot s20231210-085600.643
2023-12-10 08:56:00,682 [om1-OMStateMachineApplyTransactionThread - 0] WARN  snapshot.OMSnapshotCreateRequest (OMSnapshotCreateRequest.java:estimateBucketDataSize(342)) - DefaultReplicationConfig is not correctly set in OmBucketInfo for volume 'vol-a-28914' bucket 'bucket-b-3-52198'. Falling back to config default 'RATIS/THREE'
2023-12-10 08:56:00,682 [om1-OMStateMachineApplyTransactionThread - 0] INFO  snapshot.OMSnapshotCreateRequest (OMSnapshotCreateRequest.java:validateAndUpdateCache(223)) - Created snapshot: 's20231210-085600.665' with snapshotId: '8a26d356-f522-495a-9cdd-76768b2651a7' under path 'vol-a-28914/bucket-b-3-52198'
2023-12-10 08:56:00,683 [main] INFO  rpc.RpcClient (RpcClient.java:createBucket(691)) - Creating Bucket: vol-b-27004/bucket-b-3-52887, with server-side default bucket layout, runner as owner, Versioning false, Storage Type set to DISK and Encryption set to false, Replication Type set to server-side default replication type, Namespace Quota set to -1, Space Quota set to -1 
2023-12-10 08:56:00,685 [om1-OMStateMachineApplyTransactionThread - 0] INFO  bucket.OMBucketCreateRequest (OMBucketCreateRequest.java:validateAndUpdateCache(299)) - created bucket: bucket-b-3-52887 of layout FILE_SYSTEM_OPTIMIZED in volume: vol-b-27004
2023-12-10 08:56:00,686 [main] INFO  rpc.RpcClient (RpcClient.java:createBucket(691)) - Creating Bucket: vol-a-28914/bucket-b-4-49520, with server-side default bucket layout, runner as owner, Versioning false, Storage Type set to DISK and Encryption set to false, Replication Type set to server-side default replication type, Namespace Quota set to -1, Space Quota set to -1 
2023-12-10 08:56:00,687 [om1-OMStateMachineApplyTransactionThread - 0] INFO  bucket.OMBucketCreateRequest (OMBucketCreateRequest.java:validateAndUpdateCache(299)) - created bucket: bucket-b-4-49520 of layout FILE_SYSTEM_OPTIMIZED in volume: vol-a-28914
2023-12-10 08:56:00,705 [om1-OMStateMachineApplyTransactionThread - 0] WARN  snapshot.OMSnapshotCreateRequest (OMSnapshotCreateRequest.java:estimateBucketDataSize(342)) - DefaultReplicationConfig is not correctly set in OmBucketInfo for volume 'vol-a-28914' bucket 'bucket-b-4-49520'. Falling back to config default 'RATIS/THREE'
2023-12-10 08:56:00,705 [om1-OMStateMachineApplyTransactionThread - 0] INFO  snapshot.OMSnapshotCreateRequest (OMSnapshotCreateRequest.java:validateAndUpdateCache(223)) - Created snapshot: 's20231210-085600.688' with snapshotId: '3ed4b86c-0956-4e89-bce2-953651d105d4' under path 'vol-a-28914/bucket-b-4-49520'
2023-12-10 08:56:00,706 [main] INFO  rpc.RpcClient (RpcClient.java:createBucket(691)) - Creating Bucket: vol-b-27004/bucket-b-4-53491, with server-side default bucket layout, runner as owner, Versioning false, Storage Type set to DISK and Encryption set to false, Replication Type set to server-side default replication type, Namespace Quota set to -1, Space Quota set to -1 
2023-12-10 08:56:00,707 [om1-OMDoubleBufferFlushThread] INFO  db.RDBCheckpointManager (RDBCheckpointManager.java:createCheckpoint(89)) - Created checkpoint in rocksDB at /home/runner/work/ozone/ozone/hadoop-ozone/integration-test/target/test-dir/MiniOzoneClusterImpl-7f66dfcd-4d84-4460-b9fe-211923c7b7bb/ozone-meta/db.snapshots/checkpointState/om.db-8a26d356-f522-495a-9cdd-76768b2651a7 in 24 milliseconds
2023-12-10 08:56:00,708 [om1-OMStateMachineApplyTransactionThread - 0] INFO  bucket.OMBucketCreateRequest (OMBucketCreateRequest.java:validateAndUpdateCache(299)) - created bucket: bucket-b-4-53491 of layout FILE_SYSTEM_OPTIMIZED in volume: vol-b-27004
2023-12-10 08:56:00,708 [om1-OMDoubleBufferFlushThread] INFO  db.RDBCheckpointUtils (RDBCheckpointUtils.java:waitForCheckpointDirectoryExist(60)) - Waited for 1 milliseconds for checkpoint directory /home/runner/work/ozone/ozone/hadoop-ozone/integration-test/target/test-dir/MiniOzoneClusterImpl-7f66dfcd-4d84-4460-b9fe-211923c7b7bb/ozone-meta/db.snapshots/checkpointState/om.db-8a26d356-f522-495a-9cdd-76768b2651a7 availability.
2023-12-10 08:56:00,708 [main] INFO  rpc.RpcClient (RpcClient.java:createBucket(691)) - Creating Bucket: vol-a-28914/bucket-b-5-07840, with server-side default bucket layout, runner as owner, Versioning false, Storage Type set to DISK and Encryption set to false, Replication Type set to server-side default replication type, Namespace Quota set to -1, Space Quota set to -1 
2023-12-10 08:56:00,709 [om1-OMDoubleBufferFlushThread] INFO  om.OmSnapshotManager (OmSnapshotManager.java:createOmSnapshotCheckpoint(463)) - Created checkpoint : /home/runner/work/ozone/ozone/hadoop-ozone/integration-test/target/test-dir/MiniOzoneClusterImpl-7f66dfcd-4d84-4460-b9fe-211923c7b7bb/ozone-meta/db.snapshots/checkpointState/om.db-8a26d356-f522-495a-9cdd-76768b2651a7 for snapshot s20231210-085600.665
2023-12-10 08:56:00,711 [om1-OMStateMachineApplyTransactionThread - 0] INFO  bucket.OMBucketCreateRequest (OMBucketCreateRequest.java:validateAndUpdateCache(299)) - created bucket: bucket-b-5-07840 of layout FILE_SYSTEM_OPTIMIZED in volume: vol-a-28914
2023-12-10 08:56:00,729 [om1-OMStateMachineApplyTransactionThread - 0] WARN  snapshot.OMSnapshotCreateRequest (OMSnapshotCreateRequest.java:estimateBucketDataSize(342)) - DefaultReplicationConfig is not correctly set in OmBucketInfo for volume 'vol-a-28914' bucket 'bucket-b-5-07840'. Falling back to config default 'RATIS/THREE'
2023-12-10 08:56:00,729 [om1-OMStateMachineApplyTransactionThread - 0] INFO  snapshot.OMSnapshotCreateRequest (OMSnapshotCreateRequest.java:validateAndUpdateCache(223)) - Created snapshot: 's20231210-085600.712' with snapshotId: '463dd027-b6cd-4e1c-9fcd-2fd6306952af' under path 'vol-a-28914/bucket-b-5-07840'
2023-12-10 08:56:00,730 [main] INFO  rpc.RpcClient (RpcClient.java:createBucket(691)) - Creating Bucket: vol-b-27004/bucket-b-5-14627, with server-side default bucket layout, runner as owner, Versioning false, Storage Type set to DISK and Encryption set to false, Replication Type set to server-side default replication type, Namespace Quota set to -1, Space Quota set to -1 
2023-12-10 08:56:00,730 [om1-OMDoubleBufferFlushThread] INFO  db.RDBCheckpointManager (RDBCheckpointManager.java:createCheckpoint(89)) - Created checkpoint in rocksDB at /home/runner/work/ozone/ozone/hadoop-ozone/integration-test/target/test-dir/MiniOzoneClusterImpl-7f66dfcd-4d84-4460-b9fe-211923c7b7bb/ozone-meta/db.snapshots/checkpointState/om.db-3ed4b86c-0956-4e89-bce2-953651d105d4 in 19 milliseconds
2023-12-10 08:56:00,731 [om1-OMDoubleBufferFlushThread] INFO  db.RDBCheckpointUtils (RDBCheckpointUtils.java:waitForCheckpointDirectoryExist(60)) - Waited for 1 milliseconds for checkpoint directory /home/runner/work/ozone/ozone/hadoop-ozone/integration-test/target/test-dir/MiniOzoneClusterImpl-7f66dfcd-4d84-4460-b9fe-211923c7b7bb/ozone-meta/db.snapshots/checkpointState/om.db-3ed4b86c-0956-4e89-bce2-953651d105d4 availability.
2023-12-10 08:56:00,731 [om1-OMDoubleBufferFlushThread] INFO  om.OmSnapshotManager (OmSnapshotManager.java:createOmSnapshotCheckpoint(463)) - Created checkpoint : /home/runner/work/ozone/ozone/hadoop-ozone/integration-test/target/test-dir/MiniOzoneClusterImpl-7f66dfcd-4d84-4460-b9fe-211923c7b7bb/ozone-meta/db.snapshots/checkpointState/om.db-3ed4b86c-0956-4e89-bce2-953651d105d4 for snapshot s20231210-085600.688
2023-12-10 08:56:00,731 [om1-OMStateMachineApplyTransactionThread - 0] INFO  bucket.OMBucketCreateRequest (OMBucketCreateRequest.java:validateAndUpdateCache(299)) - created bucket: bucket-b-5-14627 of layout FILE_SYSTEM_OPTIMIZED in volume: vol-b-27004
2023-12-10 08:56:00,732 [main] INFO  rpc.RpcClient (RpcClient.java:createBucket(691)) - Creating Bucket: vol-a-28914/bucket-b-6-50443, with server-side default bucket layout, runner as owner, Versioning false, Storage Type set to DISK and Encryption set to false, Replication Type set to server-side default replication type, Namespace Quota set to -1, Space Quota set to -1 
2023-12-10 08:56:00,733 [om1-OMStateMachineApplyTransactionThread - 0] INFO  bucket.OMBucketCreateRequest (OMBucketCreateRequest.java:validateAndUpdateCache(299)) - created bucket: bucket-b-6-50443 of layout FILE_SYSTEM_OPTIMIZED in volume: vol-a-28914
2023-12-10 08:56:00,749 [om1-OMDoubleBufferFlushThread] INFO  db.RDBCheckpointManager (RDBCheckpointManager.java:createCheckpoint(89)) - Created checkpoint in rocksDB at /home/runner/work/ozone/ozone/hadoop-ozone/integration-test/target/test-dir/MiniOzoneClusterImpl-7f66dfcd-4d84-4460-b9fe-211923c7b7bb/ozone-meta/db.snapshots/checkpointState/om.db-463dd027-b6cd-4e1c-9fcd-2fd6306952af in 13 milliseconds
2023-12-10 08:56:00,750 [om1-OMDoubleBufferFlushThread] INFO  db.RDBCheckpointUtils (RDBCheckpointUtils.java:waitForCheckpointDirectoryExist(60)) - Waited for 0 milliseconds for checkpoint directory /home/runner/work/ozone/ozone/hadoop-ozone/integration-test/target/test-dir/MiniOzoneClusterImpl-7f66dfcd-4d84-4460-b9fe-211923c7b7bb/ozone-meta/db.snapshots/checkpointState/om.db-463dd027-b6cd-4e1c-9fcd-2fd6306952af availability.
2023-12-10 08:56:00,751 [om1-OMStateMachineApplyTransactionThread - 0] WARN  snapshot.OMSnapshotCreateRequest (OMSnapshotCreateRequest.java:estimateBucketDataSize(342)) - DefaultReplicationConfig is not correctly set in OmBucketInfo for volume 'vol-a-28914' bucket 'bucket-b-6-50443'. Falling back to config default 'RATIS/THREE'
2023-12-10 08:56:00,751 [om1-OMDoubleBufferFlushThread] INFO  om.OmSnapshotManager (OmSnapshotManager.java:createOmSnapshotCheckpoint(463)) - Created checkpoint : /home/runner/work/ozone/ozone/hadoop-ozone/integration-test/target/test-dir/MiniOzoneClusterImpl-7f66dfcd-4d84-4460-b9fe-211923c7b7bb/ozone-meta/db.snapshots/checkpointState/om.db-463dd027-b6cd-4e1c-9fcd-2fd6306952af for snapshot s20231210-085600.712
2023-12-10 08:56:00,751 [om1-OMStateMachineApplyTransactionThread - 0] INFO  snapshot.OMSnapshotCreateRequest (OMSnapshotCreateRequest.java:validateAndUpdateCache(223)) - Created snapshot: 's20231210-085600.734' with snapshotId: '2f17b5d7-9db0-4253-8c8e-392319d84278' under path 'vol-a-28914/bucket-b-6-50443'
2023-12-10 08:56:00,752 [main] INFO  rpc.RpcClient (RpcClient.java:createBucket(691)) - Creating Bucket: vol-b-27004/bucket-b-6-86107, with server-side default bucket layout, runner as owner, Versioning false, Storage Type set to DISK and Encryption set to false, Replication Type set to server-side default replication type, Namespace Quota set to -1, Space Quota set to -1 
2023-12-10 08:56:00,754 [om1-OMStateMachineApplyTransactionThread - 0] INFO  bucket.OMBucketCreateRequest (OMBucketCreateRequest.java:validateAndUpdateCache(299)) - created bucket: bucket-b-6-86107 of layout FILE_SYSTEM_OPTIMIZED in volume: vol-b-27004
2023-12-10 08:56:00,754 [main] INFO  rpc.RpcClient (RpcClient.java:createBucket(691)) - Creating Bucket: vol-a-28914/bucket-b-7-10247, with server-side default bucket layout, runner as owner, Versioning false, Storage Type set to DISK and Encryption set to false, Replication Type set to server-side default replication type, Namespace Quota set to -1, Space Quota set to -1 
2023-12-10 08:56:00,756 [om1-OMStateMachineApplyTransactionThread - 0] INFO  bucket.OMBucketCreateRequest (OMBucketCreateRequest.java:validateAndUpdateCache(299)) - created bucket: bucket-b-7-10247 of layout FILE_SYSTEM_OPTIMIZED in volume: vol-a-28914
2023-12-10 08:56:00,770 [om1-OMDoubleBufferFlushThread] INFO  db.RDBCheckpointManager (RDBCheckpointManager.java:createCheckpoint(89)) - Created checkpoint in rocksDB at /home/runner/work/ozone/ozone/hadoop-ozone/integration-test/target/test-dir/MiniOzoneClusterImpl-7f66dfcd-4d84-4460-b9fe-211923c7b7bb/ozone-meta/db.snapshots/checkpointState/om.db-2f17b5d7-9db0-4253-8c8e-392319d84278 in 14 milliseconds
2023-12-10 08:56:00,774 [om1-OMDoubleBufferFlushThread] INFO  db.RDBCheckpointUtils (RDBCheckpointUtils.java:waitForCheckpointDirectoryExist(60)) - Waited for 4 milliseconds for checkpoint directory /home/runner/work/ozone/ozone/hadoop-ozone/integration-test/target/test-dir/MiniOzoneClusterImpl-7f66dfcd-4d84-4460-b9fe-211923c7b7bb/ozone-meta/db.snapshots/checkpointState/om.db-2f17b5d7-9db0-4253-8c8e-392319d84278 availability.
2023-12-10 08:56:00,775 [om1-OMStateMachineApplyTransactionThread - 0] WARN  snapshot.OMSnapshotCreateRequest (OMSnapshotCreateRequest.java:estimateBucketDataSize(342)) - DefaultReplicationConfig is not correctly set in OmBucketInfo for volume 'vol-a-28914' bucket 'bucket-b-7-10247'. Falling back to config default 'RATIS/THREE'
2023-12-10 08:56:00,775 [om1-OMStateMachineApplyTransactionThread - 0] INFO  snapshot.OMSnapshotCreateRequest (OMSnapshotCreateRequest.java:validateAndUpdateCache(223)) - Created snapshot: 's20231210-085600.757' with snapshotId: '801ed507-3384-464e-bb30-3b7a78ba14eb' under path 'vol-a-28914/bucket-b-7-10247'
2023-12-10 08:56:00,775 [om1-OMDoubleBufferFlushThread] INFO  om.OmSnapshotManager (OmSnapshotManager.java:createOmSnapshotCheckpoint(463)) - Created checkpoint : /home/runner/work/ozone/ozone/hadoop-ozone/integration-test/target/test-dir/MiniOzoneClusterImpl-7f66dfcd-4d84-4460-b9fe-211923c7b7bb/ozone-meta/db.snapshots/checkpointState/om.db-2f17b5d7-9db0-4253-8c8e-392319d84278 for snapshot s20231210-085600.734
2023-12-10 08:56:00,775 [main] INFO  rpc.RpcClient (RpcClient.java:createBucket(691)) - Creating Bucket: vol-b-27004/bucket-b-7-72491, with server-side default bucket layout, runner as owner, Versioning false, Storage Type set to DISK and Encryption set to false, Replication Type set to server-side default replication type, Namespace Quota set to -1, Space Quota set to -1 
2023-12-10 08:56:00,777 [om1-OMStateMachineApplyTransactionThread - 0] INFO  bucket.OMBucketCreateRequest (OMBucketCreateRequest.java:validateAndUpdateCache(299)) - created bucket: bucket-b-7-72491 of layout FILE_SYSTEM_OPTIMIZED in volume: vol-b-27004
2023-12-10 08:56:00,777 [main] INFO  rpc.RpcClient (RpcClient.java:createBucket(691)) - Creating Bucket: vol-a-28914/bucket-b-8-99332, with server-side default bucket layout, runner as owner, Versioning false, Storage Type set to DISK and Encryption set to false, Replication Type set to server-side default replication type, Namespace Quota set to -1, Space Quota set to -1 
2023-12-10 08:56:00,779 [om1-OMStateMachineApplyTransactionThread - 0] INFO  bucket.OMBucketCreateRequest (OMBucketCreateRequest.java:validateAndUpdateCache(299)) - created bucket: bucket-b-8-99332 of layout FILE_SYSTEM_OPTIMIZED in volume: vol-a-28914
2023-12-10 08:56:00,792 [om1-OMStateMachineApplyTransactionThread - 0] WARN  snapshot.OMSnapshotCreateRequest (OMSnapshotCreateRequest.java:estimateBucketDataSize(342)) - DefaultReplicationConfig is not correctly set in OmBucketInfo for volume 'vol-a-28914' bucket 'bucket-b-8-99332'. Falling back to config default 'RATIS/THREE'
2023-12-10 08:56:00,792 [om1-OMStateMachineApplyTransactionThread - 0] INFO  snapshot.OMSnapshotCreateRequest (OMSnapshotCreateRequest.java:validateAndUpdateCache(223)) - Created snapshot: 's20231210-085600.779' with snapshotId: '1080dcd1-8d44-4e66-8961-263b1e013af5' under path 'vol-a-28914/bucket-b-8-99332'
2023-12-10 08:56:00,793 [main] INFO  rpc.RpcClient (RpcClient.java:createBucket(691)) - Creating Bucket: vol-b-27004/bucket-b-8-91886, with server-side default bucket layout, runner as owner, Versioning false, Storage Type set to DISK and Encryption set to false, Replication Type set to server-side default replication type, Namespace Quota set to -1, Space Quota set to -1 
2023-12-10 08:56:00,794 [om1-OMDoubleBufferFlushThread] INFO  db.RDBCheckpointManager (RDBCheckpointManager.java:createCheckpoint(89)) - Created checkpoint in rocksDB at /home/runner/work/ozone/ozone/hadoop-ozone/integration-test/target/test-dir/MiniOzoneClusterImpl-7f66dfcd-4d84-4460-b9fe-211923c7b7bb/ozone-meta/db.snapshots/checkpointState/om.db-801ed507-3384-464e-bb30-3b7a78ba14eb in 17 milliseconds
2023-12-10 08:56:00,794 [om1-OMDoubleBufferFlushThread] INFO  db.RDBCheckpointUtils (RDBCheckpointUtils.java:waitForCheckpointDirectoryExist(60)) - Waited for 0 milliseconds for checkpoint directory /home/runner/work/ozone/ozone/hadoop-ozone/integration-test/target/test-dir/MiniOzoneClusterImpl-7f66dfcd-4d84-4460-b9fe-211923c7b7bb/ozone-meta/db.snapshots/checkpointState/om.db-801ed507-3384-464e-bb30-3b7a78ba14eb availability.
2023-12-10 08:56:00,795 [om1-OMDoubleBufferFlushThread] INFO  om.OmSnapshotManager (OmSnapshotManager.java:createOmSnapshotCheckpoint(463)) - Created checkpoint : /home/runner/work/ozone/ozone/hadoop-ozone/integration-test/target/test-dir/MiniOzoneClusterImpl-7f66dfcd-4d84-4460-b9fe-211923c7b7bb/ozone-meta/db.snapshots/checkpointState/om.db-801ed507-3384-464e-bb30-3b7a78ba14eb for snapshot s20231210-085600.757
2023-12-10 08:56:00,796 [om1-OMStateMachineApplyTransactionThread - 0] INFO  bucket.OMBucketCreateRequest (OMBucketCreateRequest.java:validateAndUpdateCache(299)) - created bucket: bucket-b-8-91886 of layout FILE_SYSTEM_OPTIMIZED in volume: vol-b-27004
2023-12-10 08:56:00,796 [main] INFO  rpc.RpcClient (RpcClient.java:createBucket(691)) - Creating Bucket: vol-a-28914/bucket-b-9-17060, with server-side default bucket layout, runner as owner, Versioning false, Storage Type set to DISK and Encryption set to false, Replication Type set to server-side default replication type, Namespace Quota set to -1, Space Quota set to -1 
2023-12-10 08:56:00,797 [om1-OMStateMachineApplyTransactionThread - 0] INFO  bucket.OMBucketCreateRequest (OMBucketCreateRequest.java:validateAndUpdateCache(299)) - created bucket: bucket-b-9-17060 of layout FILE_SYSTEM_OPTIMIZED in volume: vol-a-28914
2023-12-10 08:56:00,810 [om1-OMDoubleBufferFlushThread] INFO  db.RDBCheckpointManager (RDBCheckpointManager.java:createCheckpoint(89)) - Created checkpoint in rocksDB at /home/runner/work/ozone/ozone/hadoop-ozone/integration-test/target/test-dir/MiniOzoneClusterImpl-7f66dfcd-4d84-4460-b9fe-211923c7b7bb/ozone-meta/db.snapshots/checkpointState/om.db-1080dcd1-8d44-4e66-8961-263b1e013af5 in 14 milliseconds
2023-12-10 08:56:00,810 [om1-OMDoubleBufferFlushThread] INFO  db.RDBCheckpointUtils (RDBCheckpointUtils.java:waitForCheckpointDirectoryExist(60)) - Waited for 0 milliseconds for checkpoint directory /home/runner/work/ozone/ozone/hadoop-ozone/integration-test/target/test-dir/MiniOzoneClusterImpl-7f66dfcd-4d84-4460-b9fe-211923c7b7bb/ozone-meta/db.snapshots/checkpointState/om.db-1080dcd1-8d44-4e66-8961-263b1e013af5 availability.
2023-12-10 08:56:00,811 [om1-OMDoubleBufferFlushThread] INFO  om.OmSnapshotManager (OmSnapshotManager.java:createOmSnapshotCheckpoint(463)) - Created checkpoint : /home/runner/work/ozone/ozone/hadoop-ozone/integration-test/target/test-dir/MiniOzoneClusterImpl-7f66dfcd-4d84-4460-b9fe-211923c7b7bb/ozone-meta/db.snapshots/checkpointState/om.db-1080dcd1-8d44-4e66-8961-263b1e013af5 for snapshot s20231210-085600.779
2023-12-10 08:56:00,812 [om1-OMStateMachineApplyTransactionThread - 0] WARN  snapshot.OMSnapshotCreateRequest (OMSnapshotCreateRequest.java:estimateBucketDataSize(342)) - DefaultReplicationConfig is not correctly set in OmBucketInfo for volume 'vol-a-28914' bucket 'bucket-b-9-17060'. Falling back to config default 'RATIS/THREE'
2023-12-10 08:56:00,812 [om1-OMStateMachineApplyTransactionThread - 0] INFO  snapshot.OMSnapshotCreateRequest (OMSnapshotCreateRequest.java:validateAndUpdateCache(223)) - Created snapshot: 's20231210-085600.798' with snapshotId: 'b147413e-734b-496b-ac73-7b2213423c30' under path 'vol-a-28914/bucket-b-9-17060'
2023-12-10 08:56:00,813 [main] INFO  rpc.RpcClient (RpcClient.java:createBucket(691)) - Creating Bucket: vol-b-27004/bucket-b-9-17049, with server-side default bucket layout, runner as owner, Versioning false, Storage Type set to DISK and Encryption set to false, Replication Type set to server-side default replication type, Namespace Quota set to -1, Space Quota set to -1 
2023-12-10 08:56:00,814 [om1-OMStateMachineApplyTransactionThread - 0] INFO  bucket.OMBucketCreateRequest (OMBucketCreateRequest.java:validateAndUpdateCache(299)) - created bucket: bucket-b-9-17049 of layout FILE_SYSTEM_OPTIMIZED in volume: vol-b-27004
2023-12-10 08:56:00,832 [om1-OMDoubleBufferFlushThread] INFO  db.RDBCheckpointManager (RDBCheckpointManager.java:createCheckpoint(89)) - Created checkpoint in rocksDB at /home/runner/work/ozone/ozone/hadoop-ozone/integration-test/target/test-dir/MiniOzoneClusterImpl-7f66dfcd-4d84-4460-b9fe-211923c7b7bb/ozone-meta/db.snapshots/checkpointState/om.db-b147413e-734b-496b-ac73-7b2213423c30 in 17 milliseconds
2023-12-10 08:56:00,832 [om1-OMDoubleBufferFlushThread] INFO  db.RDBCheckpointUtils (RDBCheckpointUtils.java:waitForCheckpointDirectoryExist(60)) - Waited for 0 milliseconds for checkpoint directory /home/runner/work/ozone/ozone/hadoop-ozone/integration-test/target/test-dir/MiniOzoneClusterImpl-7f66dfcd-4d84-4460-b9fe-211923c7b7bb/ozone-meta/db.snapshots/checkpointState/om.db-b147413e-734b-496b-ac73-7b2213423c30 availability.
2023-12-10 08:56:00,833 [om1-OMDoubleBufferFlushThread] INFO  om.OmSnapshotManager (OmSnapshotManager.java:createOmSnapshotCheckpoint(463)) - Created checkpoint : /home/runner/work/ozone/ozone/hadoop-ozone/integration-test/target/test-dir/MiniOzoneClusterImpl-7f66dfcd-4d84-4460-b9fe-211923c7b7bb/ozone-meta/db.snapshots/checkpointState/om.db-b147413e-734b-496b-ac73-7b2213423c30 for snapshot s20231210-085600.798
]]></system-out>
  </testcase>
  <testcase name="testListBucketsOnEmptyVolume" classname="org.apache.hadoop.ozone.client.rpc.TestOzoneRpcClientWithRatis" time="0.003">
    <system-out><![CDATA[2023-12-10 08:56:00,839 [main] INFO  rpc.RpcClient (RpcClient.java:createVolume(464)) - Creating Volume: vol-empty, with runner as owner and space quota set to -1 bytes, counts quota set to -1
2023-12-10 08:56:00,840 [om1-OMStateMachineApplyTransactionThread - 0] INFO  volume.OMVolumeCreateRequest (OMVolumeCreateRequest.java:validateAndUpdateCache(204)) - created volume:vol-empty for user:runner
]]></system-out>
  </testcase>
  <testcase name="testListBucketsReplicationConfig" classname="org.apache.hadoop.ozone.client.rpc.TestOzoneRpcClientWithRatis" time="0.01">
    <system-out><![CDATA[2023-12-10 08:56:00,842 [main] INFO  rpc.RpcClient (RpcClient.java:createVolume(464)) - Creating Volume: 6a8999de-c129-4d93-951b-f84d1004c5d8, with runner as owner and space quota set to -1 bytes, counts quota set to -1
2023-12-10 08:56:00,843 [om1-OMStateMachineApplyTransactionThread - 0] INFO  volume.OMVolumeCreateRequest (OMVolumeCreateRequest.java:validateAndUpdateCache(204)) - created volume:6a8999de-c129-4d93-951b-f84d1004c5d8 for user:runner
2023-12-10 08:56:00,845 [main] INFO  rpc.RpcClient (RpcClient.java:createBucket(691)) - Creating Bucket: 6a8999de-c129-4d93-951b-f84d1004c5d8/df24a2b3-a3f3-4c5d-84fb-27c27ab57bd6, with server-side default bucket layout, runner as owner, Versioning false, Storage Type set to DISK and Encryption set to false, Replication Type set to server-side default replication type, Namespace Quota set to -1, Space Quota set to -1 
2023-12-10 08:56:00,846 [om1-OMStateMachineApplyTransactionThread - 0] INFO  bucket.OMBucketCreateRequest (OMBucketCreateRequest.java:validateAndUpdateCache(299)) - created bucket: df24a2b3-a3f3-4c5d-84fb-27c27ab57bd6 of layout FILE_SYSTEM_OPTIMIZED in volume: 6a8999de-c129-4d93-951b-f84d1004c5d8
2023-12-10 08:56:00,847 [main] INFO  rpc.RpcClient (RpcClient.java:createBucket(691)) - Creating Bucket: 6a8999de-c129-4d93-951b-f84d1004c5d8/7f48b08b-7e35-4ed2-acca-bea0fdf1ace1, with server-side default bucket layout, runner as owner, Versioning false, Storage Type set to DISK and Encryption set to false, Replication Type set to EC, Namespace Quota set to -1, Space Quota set to -1 
2023-12-10 08:56:00,848 [om1-OMStateMachineApplyTransactionThread - 0] INFO  bucket.OMBucketCreateRequest (OMBucketCreateRequest.java:validateAndUpdateCache(299)) - created bucket: 7f48b08b-7e35-4ed2-acca-bea0fdf1ace1 of layout FILE_SYSTEM_OPTIMIZED in volume: 6a8999de-c129-4d93-951b-f84d1004c5d8
2023-12-10 08:56:00,849 [main] INFO  rpc.RpcClient (RpcClient.java:createBucket(691)) - Creating Bucket: 6a8999de-c129-4d93-951b-f84d1004c5d8/3108f7e7-9c79-49cc-8e2e-b21b59ba9626, with server-side default bucket layout, runner as owner, Versioning false, Storage Type set to DISK and Encryption set to false, Replication Type set to RATIS, Namespace Quota set to -1, Space Quota set to -1 
2023-12-10 08:56:00,851 [om1-OMStateMachineApplyTransactionThread - 0] INFO  bucket.OMBucketCreateRequest (OMBucketCreateRequest.java:validateAndUpdateCache(299)) - created bucket: 3108f7e7-9c79-49cc-8e2e-b21b59ba9626 of layout FILE_SYSTEM_OPTIMIZED in volume: 6a8999de-c129-4d93-951b-f84d1004c5d8
]]></system-out>
  </testcase>
  <testcase name="testListKey" classname="org.apache.hadoop.ozone.client.rpc.TestOzoneRpcClientWithRatis" time="0.861">
    <system-out><![CDATA[2023-12-10 08:56:00,853 [main] INFO  rpc.RpcClient (RpcClient.java:createVolume(464)) - Creating Volume: vol-a-59687, with runner as owner and space quota set to -1 bytes, counts quota set to -1
2023-12-10 08:56:00,854 [om1-OMStateMachineApplyTransactionThread - 0] INFO  volume.OMVolumeCreateRequest (OMVolumeCreateRequest.java:validateAndUpdateCache(204)) - created volume:vol-a-59687 for user:runner
2023-12-10 08:56:00,854 [main] INFO  rpc.RpcClient (RpcClient.java:createVolume(464)) - Creating Volume: vol-b-79873, with runner as owner and space quota set to -1 bytes, counts quota set to -1
2023-12-10 08:56:00,856 [om1-OMStateMachineApplyTransactionThread - 0] INFO  volume.OMVolumeCreateRequest (OMVolumeCreateRequest.java:validateAndUpdateCache(204)) - created volume:vol-b-79873 for user:runner
2023-12-10 08:56:00,862 [main] INFO  rpc.RpcClient (RpcClient.java:createBucket(691)) - Creating Bucket: vol-a-59687/buc-a-83057, with server-side default bucket layout, runner as owner, Versioning false, Storage Type set to DISK and Encryption set to false, Replication Type set to server-side default replication type, Namespace Quota set to -1, Space Quota set to -1 
2023-12-10 08:56:00,863 [om1-OMStateMachineApplyTransactionThread - 0] INFO  bucket.OMBucketCreateRequest (OMBucketCreateRequest.java:validateAndUpdateCache(299)) - created bucket: buc-a-83057 of layout FILE_SYSTEM_OPTIMIZED in volume: vol-a-59687
2023-12-10 08:56:00,863 [main] INFO  rpc.RpcClient (RpcClient.java:createBucket(691)) - Creating Bucket: vol-a-59687/buc-b-14778, with server-side default bucket layout, runner as owner, Versioning false, Storage Type set to DISK and Encryption set to false, Replication Type set to server-side default replication type, Namespace Quota set to -1, Space Quota set to -1 
2023-12-10 08:56:00,864 [om1-OMStateMachineApplyTransactionThread - 0] INFO  bucket.OMBucketCreateRequest (OMBucketCreateRequest.java:validateAndUpdateCache(299)) - created bucket: buc-b-14778 of layout FILE_SYSTEM_OPTIMIZED in volume: vol-a-59687
2023-12-10 08:56:00,865 [main] INFO  rpc.RpcClient (RpcClient.java:createBucket(691)) - Creating Bucket: vol-b-79873/buc-a-83057, with server-side default bucket layout, runner as owner, Versioning false, Storage Type set to DISK and Encryption set to false, Replication Type set to server-side default replication type, Namespace Quota set to -1, Space Quota set to -1 
2023-12-10 08:56:00,866 [om1-OMStateMachineApplyTransactionThread - 0] INFO  bucket.OMBucketCreateRequest (OMBucketCreateRequest.java:validateAndUpdateCache(299)) - created bucket: buc-a-83057 of layout FILE_SYSTEM_OPTIMIZED in volume: vol-b-79873
2023-12-10 08:56:00,866 [main] INFO  rpc.RpcClient (RpcClient.java:createBucket(691)) - Creating Bucket: vol-b-79873/buc-b-14778, with server-side default bucket layout, runner as owner, Versioning false, Storage Type set to DISK and Encryption set to false, Replication Type set to server-side default replication type, Namespace Quota set to -1, Space Quota set to -1 
2023-12-10 08:56:00,867 [om1-OMStateMachineApplyTransactionThread - 0] INFO  bucket.OMBucketCreateRequest (OMBucketCreateRequest.java:validateAndUpdateCache(299)) - created bucket: buc-b-14778 of layout FILE_SYSTEM_OPTIMIZED in volume: vol-b-79873
2023-12-10 08:56:00,873 [IPC Server handler 8 on default port 15001] WARN  node.SCMNodeManager (SCMNodeManager.java:getNodesByAddress(1374)) - address is null
2023-12-10 08:56:00,884 [IPC Server handler 15 on default port 15001] WARN  node.SCMNodeManager (SCMNodeManager.java:getNodesByAddress(1374)) - address is null
2023-12-10 08:56:00,894 [IPC Server handler 11 on default port 15001] WARN  node.SCMNodeManager (SCMNodeManager.java:getNodesByAddress(1374)) - address is null
2023-12-10 08:56:00,902 [IPC Server handler 1 on default port 15001] WARN  node.SCMNodeManager (SCMNodeManager.java:getNodesByAddress(1374)) - address is null
2023-12-10 08:56:00,913 [IPC Server handler 2 on default port 15001] WARN  node.SCMNodeManager (SCMNodeManager.java:getNodesByAddress(1374)) - address is null
2023-12-10 08:56:00,923 [IPC Server handler 18 on default port 15001] WARN  node.SCMNodeManager (SCMNodeManager.java:getNodesByAddress(1374)) - address is null
2023-12-10 08:56:00,934 [IPC Server handler 12 on default port 15001] WARN  node.SCMNodeManager (SCMNodeManager.java:getNodesByAddress(1374)) - address is null
2023-12-10 08:56:00,946 [IPC Server handler 3 on default port 15001] WARN  node.SCMNodeManager (SCMNodeManager.java:getNodesByAddress(1374)) - address is null
2023-12-10 08:56:00,960 [IPC Server handler 19 on default port 15001] WARN  node.SCMNodeManager (SCMNodeManager.java:getNodesByAddress(1374)) - address is null
2023-12-10 08:56:00,969 [IPC Server handler 0 on default port 15001] WARN  node.SCMNodeManager (SCMNodeManager.java:getNodesByAddress(1374)) - address is null
2023-12-10 08:56:00,978 [IPC Server handler 6 on default port 15001] WARN  node.SCMNodeManager (SCMNodeManager.java:getNodesByAddress(1374)) - address is null
2023-12-10 08:56:00,987 [IPC Server handler 7 on default port 15001] WARN  node.SCMNodeManager (SCMNodeManager.java:getNodesByAddress(1374)) - address is null
2023-12-10 08:56:00,996 [IPC Server handler 9 on default port 15001] WARN  node.SCMNodeManager (SCMNodeManager.java:getNodesByAddress(1374)) - address is null
2023-12-10 08:56:01,004 [IPC Server handler 16 on default port 15001] WARN  node.SCMNodeManager (SCMNodeManager.java:getNodesByAddress(1374)) - address is null
2023-12-10 08:56:01,012 [IPC Server handler 13 on default port 15001] WARN  node.SCMNodeManager (SCMNodeManager.java:getNodesByAddress(1374)) - address is null
2023-12-10 08:56:01,019 [IPC Server handler 4 on default port 15001] WARN  node.SCMNodeManager (SCMNodeManager.java:getNodesByAddress(1374)) - address is null
2023-12-10 08:56:01,028 [IPC Server handler 14 on default port 15001] WARN  node.SCMNodeManager (SCMNodeManager.java:getNodesByAddress(1374)) - address is null
2023-12-10 08:56:01,036 [IPC Server handler 5 on default port 15001] WARN  node.SCMNodeManager (SCMNodeManager.java:getNodesByAddress(1374)) - address is null
2023-12-10 08:56:01,044 [IPC Server handler 10 on default port 15001] WARN  node.SCMNodeManager (SCMNodeManager.java:getNodesByAddress(1374)) - address is null
2023-12-10 08:56:01,052 [IPC Server handler 17 on default port 15001] WARN  node.SCMNodeManager (SCMNodeManager.java:getNodesByAddress(1374)) - address is null
2023-12-10 08:56:01,060 [IPC Server handler 8 on default port 15001] WARN  node.SCMNodeManager (SCMNodeManager.java:getNodesByAddress(1374)) - address is null
2023-12-10 08:56:01,070 [IPC Server handler 15 on default port 15001] WARN  node.SCMNodeManager (SCMNodeManager.java:getNodesByAddress(1374)) - address is null
2023-12-10 08:56:01,077 [IPC Server handler 11 on default port 15001] WARN  node.SCMNodeManager (SCMNodeManager.java:getNodesByAddress(1374)) - address is null
2023-12-10 08:56:01,083 [IPC Server handler 1 on default port 15001] WARN  node.SCMNodeManager (SCMNodeManager.java:getNodesByAddress(1374)) - address is null
2023-12-10 08:56:01,092 [IPC Server handler 2 on default port 15001] WARN  node.SCMNodeManager (SCMNodeManager.java:getNodesByAddress(1374)) - address is null
2023-12-10 08:56:01,101 [IPC Server handler 18 on default port 15001] WARN  node.SCMNodeManager (SCMNodeManager.java:getNodesByAddress(1374)) - address is null
2023-12-10 08:56:01,109 [IPC Server handler 12 on default port 15001] WARN  node.SCMNodeManager (SCMNodeManager.java:getNodesByAddress(1374)) - address is null
2023-12-10 08:56:01,121 [IPC Server handler 3 on default port 15001] WARN  node.SCMNodeManager (SCMNodeManager.java:getNodesByAddress(1374)) - address is null
2023-12-10 08:56:01,129 [IPC Server handler 19 on default port 15001] WARN  node.SCMNodeManager (SCMNodeManager.java:getNodesByAddress(1374)) - address is null
2023-12-10 08:56:01,137 [IPC Server handler 0 on default port 15001] WARN  node.SCMNodeManager (SCMNodeManager.java:getNodesByAddress(1374)) - address is null
2023-12-10 08:56:01,146 [IPC Server handler 6 on default port 15001] WARN  node.SCMNodeManager (SCMNodeManager.java:getNodesByAddress(1374)) - address is null
2023-12-10 08:56:01,157 [IPC Server handler 7 on default port 15001] WARN  node.SCMNodeManager (SCMNodeManager.java:getNodesByAddress(1374)) - address is null
2023-12-10 08:56:01,172 [IPC Server handler 9 on default port 15001] WARN  node.SCMNodeManager (SCMNodeManager.java:getNodesByAddress(1374)) - address is null
2023-12-10 08:56:01,183 [IPC Server handler 16 on default port 15001] WARN  node.SCMNodeManager (SCMNodeManager.java:getNodesByAddress(1374)) - address is null
2023-12-10 08:56:01,191 [IPC Server handler 13 on default port 15001] WARN  node.SCMNodeManager (SCMNodeManager.java:getNodesByAddress(1374)) - address is null
2023-12-10 08:56:01,199 [IPC Server handler 4 on default port 15001] WARN  node.SCMNodeManager (SCMNodeManager.java:getNodesByAddress(1374)) - address is null
2023-12-10 08:56:01,210 [IPC Server handler 14 on default port 15001] WARN  node.SCMNodeManager (SCMNodeManager.java:getNodesByAddress(1374)) - address is null
2023-12-10 08:56:01,217 [IPC Server handler 5 on default port 15001] WARN  node.SCMNodeManager (SCMNodeManager.java:getNodesByAddress(1374)) - address is null
2023-12-10 08:56:01,225 [IPC Server handler 10 on default port 15001] WARN  node.SCMNodeManager (SCMNodeManager.java:getNodesByAddress(1374)) - address is null
2023-12-10 08:56:01,233 [IPC Server handler 17 on default port 15001] WARN  node.SCMNodeManager (SCMNodeManager.java:getNodesByAddress(1374)) - address is null
2023-12-10 08:56:01,242 [IPC Server handler 8 on default port 15001] WARN  node.SCMNodeManager (SCMNodeManager.java:getNodesByAddress(1374)) - address is null
2023-12-10 08:56:01,254 [IPC Server handler 15 on default port 15001] WARN  node.SCMNodeManager (SCMNodeManager.java:getNodesByAddress(1374)) - address is null
2023-12-10 08:56:01,260 [IPC Server handler 11 on default port 15001] WARN  node.SCMNodeManager (SCMNodeManager.java:getNodesByAddress(1374)) - address is null
2023-12-10 08:56:01,270 [IPC Server handler 1 on default port 15001] WARN  node.SCMNodeManager (SCMNodeManager.java:getNodesByAddress(1374)) - address is null
2023-12-10 08:56:01,281 [IPC Server handler 2 on default port 15001] WARN  node.SCMNodeManager (SCMNodeManager.java:getNodesByAddress(1374)) - address is null
2023-12-10 08:56:01,297 [IPC Server handler 18 on default port 15001] WARN  node.SCMNodeManager (SCMNodeManager.java:getNodesByAddress(1374)) - address is null
2023-12-10 08:56:01,307 [IPC Server handler 12 on default port 15001] WARN  node.SCMNodeManager (SCMNodeManager.java:getNodesByAddress(1374)) - address is null
2023-12-10 08:56:01,318 [IPC Server handler 3 on default port 15001] WARN  node.SCMNodeManager (SCMNodeManager.java:getNodesByAddress(1374)) - address is null
2023-12-10 08:56:01,328 [IPC Server handler 19 on default port 15001] WARN  node.SCMNodeManager (SCMNodeManager.java:getNodesByAddress(1374)) - address is null
2023-12-10 08:56:01,341 [IPC Server handler 0 on default port 15001] WARN  node.SCMNodeManager (SCMNodeManager.java:getNodesByAddress(1374)) - address is null
2023-12-10 08:56:01,353 [IPC Server handler 6 on default port 15001] WARN  node.SCMNodeManager (SCMNodeManager.java:getNodesByAddress(1374)) - address is null
2023-12-10 08:56:01,361 [IPC Server handler 7 on default port 15001] WARN  node.SCMNodeManager (SCMNodeManager.java:getNodesByAddress(1374)) - address is null
2023-12-10 08:56:01,368 [IPC Server handler 9 on default port 15001] WARN  node.SCMNodeManager (SCMNodeManager.java:getNodesByAddress(1374)) - address is null
2023-12-10 08:56:01,377 [IPC Server handler 16 on default port 15001] WARN  node.SCMNodeManager (SCMNodeManager.java:getNodesByAddress(1374)) - address is null
2023-12-10 08:56:01,386 [IPC Server handler 13 on default port 15001] WARN  node.SCMNodeManager (SCMNodeManager.java:getNodesByAddress(1374)) - address is null
2023-12-10 08:56:01,397 [IPC Server handler 4 on default port 15001] WARN  node.SCMNodeManager (SCMNodeManager.java:getNodesByAddress(1374)) - address is null
2023-12-10 08:56:01,407 [IPC Server handler 14 on default port 15001] WARN  node.SCMNodeManager (SCMNodeManager.java:getNodesByAddress(1374)) - address is null
2023-12-10 08:56:01,417 [IPC Server handler 5 on default port 15001] WARN  node.SCMNodeManager (SCMNodeManager.java:getNodesByAddress(1374)) - address is null
2023-12-10 08:56:01,429 [IPC Server handler 10 on default port 15001] WARN  node.SCMNodeManager (SCMNodeManager.java:getNodesByAddress(1374)) - address is null
2023-12-10 08:56:01,437 [IPC Server handler 17 on default port 15001] WARN  node.SCMNodeManager (SCMNodeManager.java:getNodesByAddress(1374)) - address is null
2023-12-10 08:56:01,446 [IPC Server handler 8 on default port 15001] WARN  node.SCMNodeManager (SCMNodeManager.java:getNodesByAddress(1374)) - address is null
2023-12-10 08:56:01,453 [IPC Server handler 15 on default port 15001] WARN  node.SCMNodeManager (SCMNodeManager.java:getNodesByAddress(1374)) - address is null
2023-12-10 08:56:01,461 [IPC Server handler 11 on default port 15001] WARN  node.SCMNodeManager (SCMNodeManager.java:getNodesByAddress(1374)) - address is null
2023-12-10 08:56:01,468 [IPC Server handler 1 on default port 15001] WARN  node.SCMNodeManager (SCMNodeManager.java:getNodesByAddress(1374)) - address is null
2023-12-10 08:56:01,476 [IPC Server handler 2 on default port 15001] WARN  node.SCMNodeManager (SCMNodeManager.java:getNodesByAddress(1374)) - address is null
2023-12-10 08:56:01,487 [IPC Server handler 18 on default port 15001] WARN  node.SCMNodeManager (SCMNodeManager.java:getNodesByAddress(1374)) - address is null
2023-12-10 08:56:01,497 [IPC Server handler 12 on default port 15001] WARN  node.SCMNodeManager (SCMNodeManager.java:getNodesByAddress(1374)) - address is null
2023-12-10 08:56:01,511 [IPC Server handler 3 on default port 15001] WARN  node.SCMNodeManager (SCMNodeManager.java:getNodesByAddress(1374)) - address is null
2023-12-10 08:56:01,521 [IPC Server handler 19 on default port 15001] WARN  node.SCMNodeManager (SCMNodeManager.java:getNodesByAddress(1374)) - address is null
2023-12-10 08:56:01,530 [IPC Server handler 0 on default port 15001] WARN  node.SCMNodeManager (SCMNodeManager.java:getNodesByAddress(1374)) - address is null
2023-12-10 08:56:01,540 [IPC Server handler 6 on default port 15001] WARN  node.SCMNodeManager (SCMNodeManager.java:getNodesByAddress(1374)) - address is null
2023-12-10 08:56:01,549 [IPC Server handler 7 on default port 15001] WARN  node.SCMNodeManager (SCMNodeManager.java:getNodesByAddress(1374)) - address is null
2023-12-10 08:56:01,558 [IPC Server handler 9 on default port 15001] WARN  node.SCMNodeManager (SCMNodeManager.java:getNodesByAddress(1374)) - address is null
2023-12-10 08:56:01,570 [IPC Server handler 16 on default port 15001] WARN  node.SCMNodeManager (SCMNodeManager.java:getNodesByAddress(1374)) - address is null
2023-12-10 08:56:01,579 [IPC Server handler 13 on default port 15001] WARN  node.SCMNodeManager (SCMNodeManager.java:getNodesByAddress(1374)) - address is null
2023-12-10 08:56:01,588 [IPC Server handler 4 on default port 15001] WARN  node.SCMNodeManager (SCMNodeManager.java:getNodesByAddress(1374)) - address is null
2023-12-10 08:56:01,599 [IPC Server handler 14 on default port 15001] WARN  node.SCMNodeManager (SCMNodeManager.java:getNodesByAddress(1374)) - address is null
2023-12-10 08:56:01,608 [IPC Server handler 5 on default port 15001] WARN  node.SCMNodeManager (SCMNodeManager.java:getNodesByAddress(1374)) - address is null
2023-12-10 08:56:01,616 [IPC Server handler 10 on default port 15001] WARN  node.SCMNodeManager (SCMNodeManager.java:getNodesByAddress(1374)) - address is null
2023-12-10 08:56:01,627 [IPC Server handler 17 on default port 15001] WARN  node.SCMNodeManager (SCMNodeManager.java:getNodesByAddress(1374)) - address is null
08:56:01.671 [IPC Server handler 6 on default port 15004] ERROR OMAudit - user=runner | ip=127.0.0.1 | op=GET_FILE_STATUS {volume=vol-a-59687, bucket=buc-a-83057, key=key-, dataSize=0, replicationConfig=null} | ret=FAILURE
org.apache.hadoop.ozone.om.exceptions.OMException: Unable to get file status: volume: vol-a-59687 bucket: buc-a-83057 key: key-
	at org.apache.hadoop.ozone.om.KeyManagerImpl.getOzoneFileStatusFSO(KeyManagerImpl.java:1356) ~[ozone-manager-1.4.0-SNAPSHOT.jar:?]
	at org.apache.hadoop.ozone.om.KeyManagerImpl.getFileStatus(KeyManagerImpl.java:1140) ~[ozone-manager-1.4.0-SNAPSHOT.jar:?]
	at org.apache.hadoop.ozone.om.OmMetadataReader.getFileStatus(OmMetadataReader.java:279) ~[ozone-manager-1.4.0-SNAPSHOT.jar:?]
	at org.apache.hadoop.ozone.om.OzoneManager.getFileStatus(OzoneManager.java:3637) ~[ozone-manager-1.4.0-SNAPSHOT.jar:?]
	at org.apache.hadoop.ozone.protocolPB.OzoneManagerRequestHandler.getOzoneFileStatus(OzoneManagerRequestHandler.java:1010) ~[ozone-manager-1.4.0-SNAPSHOT.jar:?]
	at org.apache.hadoop.ozone.protocolPB.OzoneManagerRequestHandler.handleReadRequest(OzoneManagerRequestHandler.java:262) ~[ozone-manager-1.4.0-SNAPSHOT.jar:?]
	at org.apache.hadoop.ozone.protocolPB.OzoneManagerProtocolServerSideTranslatorPB.submitReadRequestToOM(OzoneManagerProtocolServerSideTranslatorPB.java:265) ~[ozone-manager-1.4.0-SNAPSHOT.jar:?]
	at org.apache.hadoop.ozone.protocolPB.OzoneManagerProtocolServerSideTranslatorPB.internalProcessRequest(OzoneManagerProtocolServerSideTranslatorPB.java:211) ~[ozone-manager-1.4.0-SNAPSHOT.jar:?]
	at org.apache.hadoop.ozone.protocolPB.OzoneManagerProtocolServerSideTranslatorPB.processRequest(OzoneManagerProtocolServerSideTranslatorPB.java:171) ~[ozone-manager-1.4.0-SNAPSHOT.jar:?]
	at org.apache.hadoop.hdds.server.OzoneProtocolMessageDispatcher.processRequest(OzoneProtocolMessageDispatcher.java:89) [hdds-server-framework-1.4.0-SNAPSHOT.jar:?]
	at org.apache.hadoop.ozone.protocolPB.OzoneManagerProtocolServerSideTranslatorPB.submitRequest(OzoneManagerProtocolServerSideTranslatorPB.java:162) [ozone-manager-1.4.0-SNAPSHOT.jar:?]
	at org.apache.hadoop.ozone.protocol.proto.OzoneManagerProtocolProtos$OzoneManagerService$2.callBlockingMethod(OzoneManagerProtocolProtos.java) [ozone-interface-client-1.4.0-SNAPSHOT.jar:?]
	at org.apache.hadoop.ipc.ProtobufRpcEngine$Server.processCall(ProtobufRpcEngine.java:484) [hadoop-common-3.3.6.jar:?]
	at org.apache.hadoop.ipc.ProtobufRpcEngine2$Server$ProtoBufRpcInvoker.call(ProtobufRpcEngine2.java:595) [hadoop-common-3.3.6.jar:?]
	at org.apache.hadoop.ipc.ProtobufRpcEngine2$Server$ProtoBufRpcInvoker.call(ProtobufRpcEngine2.java:573) [hadoop-common-3.3.6.jar:?]
	at org.apache.hadoop.ipc.RPC$Server.call(RPC.java:1227) [hadoop-common-3.3.6.jar:?]
	at org.apache.hadoop.ipc.Server$RpcCall.run(Server.java:1094) [hadoop-common-3.3.6.jar:?]
	at org.apache.hadoop.ipc.Server$RpcCall.run(Server.java:1017) [hadoop-common-3.3.6.jar:?]
	at java.security.AccessController.doPrivileged(Native Method) ~[?:1.8.0_392]
	at javax.security.auth.Subject.doAs(Subject.java:422) [?:1.8.0_392]
	at org.apache.hadoop.security.UserGroupInformation.doAs(UserGroupInformation.java:1899) [hadoop-common-3.3.6.jar:?]
	at org.apache.hadoop.ipc.Server$Handler.run(Server.java:3048) [hadoop-common-3.3.6.jar:?]
08:56:01.679 [IPC Server handler 9 on default port 15004] ERROR OMAudit - user=runner | ip=127.0.0.1 | op=GET_FILE_STATUS {volume=vol-a-59687, bucket=buc-b-14778, key=key-, dataSize=0, replicationConfig=null} | ret=FAILURE
org.apache.hadoop.ozone.om.exceptions.OMException: Unable to get file status: volume: vol-a-59687 bucket: buc-b-14778 key: key-
	at org.apache.hadoop.ozone.om.KeyManagerImpl.getOzoneFileStatusFSO(KeyManagerImpl.java:1356) ~[ozone-manager-1.4.0-SNAPSHOT.jar:?]
	at org.apache.hadoop.ozone.om.KeyManagerImpl.getFileStatus(KeyManagerImpl.java:1140) ~[ozone-manager-1.4.0-SNAPSHOT.jar:?]
	at org.apache.hadoop.ozone.om.OmMetadataReader.getFileStatus(OmMetadataReader.java:279) ~[ozone-manager-1.4.0-SNAPSHOT.jar:?]
	at org.apache.hadoop.ozone.om.OzoneManager.getFileStatus(OzoneManager.java:3637) ~[ozone-manager-1.4.0-SNAPSHOT.jar:?]
	at org.apache.hadoop.ozone.protocolPB.OzoneManagerRequestHandler.getOzoneFileStatus(OzoneManagerRequestHandler.java:1010) ~[ozone-manager-1.4.0-SNAPSHOT.jar:?]
	at org.apache.hadoop.ozone.protocolPB.OzoneManagerRequestHandler.handleReadRequest(OzoneManagerRequestHandler.java:262) ~[ozone-manager-1.4.0-SNAPSHOT.jar:?]
	at org.apache.hadoop.ozone.protocolPB.OzoneManagerProtocolServerSideTranslatorPB.submitReadRequestToOM(OzoneManagerProtocolServerSideTranslatorPB.java:265) ~[ozone-manager-1.4.0-SNAPSHOT.jar:?]
	at org.apache.hadoop.ozone.protocolPB.OzoneManagerProtocolServerSideTranslatorPB.internalProcessRequest(OzoneManagerProtocolServerSideTranslatorPB.java:211) ~[ozone-manager-1.4.0-SNAPSHOT.jar:?]
	at org.apache.hadoop.ozone.protocolPB.OzoneManagerProtocolServerSideTranslatorPB.processRequest(OzoneManagerProtocolServerSideTranslatorPB.java:171) ~[ozone-manager-1.4.0-SNAPSHOT.jar:?]
	at org.apache.hadoop.hdds.server.OzoneProtocolMessageDispatcher.processRequest(OzoneProtocolMessageDispatcher.java:89) [hdds-server-framework-1.4.0-SNAPSHOT.jar:?]
	at org.apache.hadoop.ozone.protocolPB.OzoneManagerProtocolServerSideTranslatorPB.submitRequest(OzoneManagerProtocolServerSideTranslatorPB.java:162) [ozone-manager-1.4.0-SNAPSHOT.jar:?]
	at org.apache.hadoop.ozone.protocol.proto.OzoneManagerProtocolProtos$OzoneManagerService$2.callBlockingMethod(OzoneManagerProtocolProtos.java) [ozone-interface-client-1.4.0-SNAPSHOT.jar:?]
	at org.apache.hadoop.ipc.ProtobufRpcEngine$Server.processCall(ProtobufRpcEngine.java:484) [hadoop-common-3.3.6.jar:?]
	at org.apache.hadoop.ipc.ProtobufRpcEngine2$Server$ProtoBufRpcInvoker.call(ProtobufRpcEngine2.java:595) [hadoop-common-3.3.6.jar:?]
	at org.apache.hadoop.ipc.ProtobufRpcEngine2$Server$ProtoBufRpcInvoker.call(ProtobufRpcEngine2.java:573) [hadoop-common-3.3.6.jar:?]
	at org.apache.hadoop.ipc.RPC$Server.call(RPC.java:1227) [hadoop-common-3.3.6.jar:?]
	at org.apache.hadoop.ipc.Server$RpcCall.run(Server.java:1094) [hadoop-common-3.3.6.jar:?]
	at org.apache.hadoop.ipc.Server$RpcCall.run(Server.java:1017) [hadoop-common-3.3.6.jar:?]
	at java.security.AccessController.doPrivileged(Native Method) ~[?:1.8.0_392]
	at javax.security.auth.Subject.doAs(Subject.java:422) [?:1.8.0_392]
	at org.apache.hadoop.security.UserGroupInformation.doAs(UserGroupInformation.java:1899) [hadoop-common-3.3.6.jar:?]
	at org.apache.hadoop.ipc.Server$Handler.run(Server.java:3048) [hadoop-common-3.3.6.jar:?]
08:56:01.686 [IPC Server handler 12 on default port 15004] ERROR OMAudit - user=runner | ip=127.0.0.1 | op=GET_FILE_STATUS {volume=vol-b-79873, bucket=buc-a-83057, key=key-, dataSize=0, replicationConfig=null} | ret=FAILURE
org.apache.hadoop.ozone.om.exceptions.OMException: Unable to get file status: volume: vol-b-79873 bucket: buc-a-83057 key: key-
	at org.apache.hadoop.ozone.om.KeyManagerImpl.getOzoneFileStatusFSO(KeyManagerImpl.java:1356) ~[ozone-manager-1.4.0-SNAPSHOT.jar:?]
	at org.apache.hadoop.ozone.om.KeyManagerImpl.getFileStatus(KeyManagerImpl.java:1140) ~[ozone-manager-1.4.0-SNAPSHOT.jar:?]
	at org.apache.hadoop.ozone.om.OmMetadataReader.getFileStatus(OmMetadataReader.java:279) ~[ozone-manager-1.4.0-SNAPSHOT.jar:?]
	at org.apache.hadoop.ozone.om.OzoneManager.getFileStatus(OzoneManager.java:3637) ~[ozone-manager-1.4.0-SNAPSHOT.jar:?]
	at org.apache.hadoop.ozone.protocolPB.OzoneManagerRequestHandler.getOzoneFileStatus(OzoneManagerRequestHandler.java:1010) ~[ozone-manager-1.4.0-SNAPSHOT.jar:?]
	at org.apache.hadoop.ozone.protocolPB.OzoneManagerRequestHandler.handleReadRequest(OzoneManagerRequestHandler.java:262) ~[ozone-manager-1.4.0-SNAPSHOT.jar:?]
	at org.apache.hadoop.ozone.protocolPB.OzoneManagerProtocolServerSideTranslatorPB.submitReadRequestToOM(OzoneManagerProtocolServerSideTranslatorPB.java:265) ~[ozone-manager-1.4.0-SNAPSHOT.jar:?]
	at org.apache.hadoop.ozone.protocolPB.OzoneManagerProtocolServerSideTranslatorPB.internalProcessRequest(OzoneManagerProtocolServerSideTranslatorPB.java:211) ~[ozone-manager-1.4.0-SNAPSHOT.jar:?]
	at org.apache.hadoop.ozone.protocolPB.OzoneManagerProtocolServerSideTranslatorPB.processRequest(OzoneManagerProtocolServerSideTranslatorPB.java:171) ~[ozone-manager-1.4.0-SNAPSHOT.jar:?]
	at org.apache.hadoop.hdds.server.OzoneProtocolMessageDispatcher.processRequest(OzoneProtocolMessageDispatcher.java:89) [hdds-server-framework-1.4.0-SNAPSHOT.jar:?]
	at org.apache.hadoop.ozone.protocolPB.OzoneManagerProtocolServerSideTranslatorPB.submitRequest(OzoneManagerProtocolServerSideTranslatorPB.java:162) [ozone-manager-1.4.0-SNAPSHOT.jar:?]
	at org.apache.hadoop.ozone.protocol.proto.OzoneManagerProtocolProtos$OzoneManagerService$2.callBlockingMethod(OzoneManagerProtocolProtos.java) [ozone-interface-client-1.4.0-SNAPSHOT.jar:?]
	at org.apache.hadoop.ipc.ProtobufRpcEngine$Server.processCall(ProtobufRpcEngine.java:484) [hadoop-common-3.3.6.jar:?]
	at org.apache.hadoop.ipc.ProtobufRpcEngine2$Server$ProtoBufRpcInvoker.call(ProtobufRpcEngine2.java:595) [hadoop-common-3.3.6.jar:?]
	at org.apache.hadoop.ipc.ProtobufRpcEngine2$Server$ProtoBufRpcInvoker.call(ProtobufRpcEngine2.java:573) [hadoop-common-3.3.6.jar:?]
	at org.apache.hadoop.ipc.RPC$Server.call(RPC.java:1227) [hadoop-common-3.3.6.jar:?]
	at org.apache.hadoop.ipc.Server$RpcCall.run(Server.java:1094) [hadoop-common-3.3.6.jar:?]
	at org.apache.hadoop.ipc.Server$RpcCall.run(Server.java:1017) [hadoop-common-3.3.6.jar:?]
	at java.security.AccessController.doPrivileged(Native Method) ~[?:1.8.0_392]
	at javax.security.auth.Subject.doAs(Subject.java:422) [?:1.8.0_392]
	at org.apache.hadoop.security.UserGroupInformation.doAs(UserGroupInformation.java:1899) [hadoop-common-3.3.6.jar:?]
	at org.apache.hadoop.ipc.Server$Handler.run(Server.java:3048) [hadoop-common-3.3.6.jar:?]
08:56:01.694 [IPC Server handler 15 on default port 15004] ERROR OMAudit - user=runner | ip=127.0.0.1 | op=GET_FILE_STATUS {volume=vol-b-79873, bucket=buc-b-14778, key=key-, dataSize=0, replicationConfig=null} | ret=FAILURE
org.apache.hadoop.ozone.om.exceptions.OMException: Unable to get file status: volume: vol-b-79873 bucket: buc-b-14778 key: key-
	at org.apache.hadoop.ozone.om.KeyManagerImpl.getOzoneFileStatusFSO(KeyManagerImpl.java:1356) ~[ozone-manager-1.4.0-SNAPSHOT.jar:?]
	at org.apache.hadoop.ozone.om.KeyManagerImpl.getFileStatus(KeyManagerImpl.java:1140) ~[ozone-manager-1.4.0-SNAPSHOT.jar:?]
	at org.apache.hadoop.ozone.om.OmMetadataReader.getFileStatus(OmMetadataReader.java:279) ~[ozone-manager-1.4.0-SNAPSHOT.jar:?]
	at org.apache.hadoop.ozone.om.OzoneManager.getFileStatus(OzoneManager.java:3637) ~[ozone-manager-1.4.0-SNAPSHOT.jar:?]
	at org.apache.hadoop.ozone.protocolPB.OzoneManagerRequestHandler.getOzoneFileStatus(OzoneManagerRequestHandler.java:1010) ~[ozone-manager-1.4.0-SNAPSHOT.jar:?]
	at org.apache.hadoop.ozone.protocolPB.OzoneManagerRequestHandler.handleReadRequest(OzoneManagerRequestHandler.java:262) ~[ozone-manager-1.4.0-SNAPSHOT.jar:?]
	at org.apache.hadoop.ozone.protocolPB.OzoneManagerProtocolServerSideTranslatorPB.submitReadRequestToOM(OzoneManagerProtocolServerSideTranslatorPB.java:265) ~[ozone-manager-1.4.0-SNAPSHOT.jar:?]
	at org.apache.hadoop.ozone.protocolPB.OzoneManagerProtocolServerSideTranslatorPB.internalProcessRequest(OzoneManagerProtocolServerSideTranslatorPB.java:211) ~[ozone-manager-1.4.0-SNAPSHOT.jar:?]
	at org.apache.hadoop.ozone.protocolPB.OzoneManagerProtocolServerSideTranslatorPB.processRequest(OzoneManagerProtocolServerSideTranslatorPB.java:171) ~[ozone-manager-1.4.0-SNAPSHOT.jar:?]
	at org.apache.hadoop.hdds.server.OzoneProtocolMessageDispatcher.processRequest(OzoneProtocolMessageDispatcher.java:89) [hdds-server-framework-1.4.0-SNAPSHOT.jar:?]
	at org.apache.hadoop.ozone.protocolPB.OzoneManagerProtocolServerSideTranslatorPB.submitRequest(OzoneManagerProtocolServerSideTranslatorPB.java:162) [ozone-manager-1.4.0-SNAPSHOT.jar:?]
	at org.apache.hadoop.ozone.protocol.proto.OzoneManagerProtocolProtos$OzoneManagerService$2.callBlockingMethod(OzoneManagerProtocolProtos.java) [ozone-interface-client-1.4.0-SNAPSHOT.jar:?]
	at org.apache.hadoop.ipc.ProtobufRpcEngine$Server.processCall(ProtobufRpcEngine.java:484) [hadoop-common-3.3.6.jar:?]
	at org.apache.hadoop.ipc.ProtobufRpcEngine2$Server$ProtoBufRpcInvoker.call(ProtobufRpcEngine2.java:595) [hadoop-common-3.3.6.jar:?]
	at org.apache.hadoop.ipc.ProtobufRpcEngine2$Server$ProtoBufRpcInvoker.call(ProtobufRpcEngine2.java:573) [hadoop-common-3.3.6.jar:?]
	at org.apache.hadoop.ipc.RPC$Server.call(RPC.java:1227) [hadoop-common-3.3.6.jar:?]
	at org.apache.hadoop.ipc.Server$RpcCall.run(Server.java:1094) [hadoop-common-3.3.6.jar:?]
	at org.apache.hadoop.ipc.Server$RpcCall.run(Server.java:1017) [hadoop-common-3.3.6.jar:?]
	at java.security.AccessController.doPrivileged(Native Method) ~[?:1.8.0_392]
	at javax.security.auth.Subject.doAs(Subject.java:422) [?:1.8.0_392]
	at org.apache.hadoop.security.UserGroupInformation.doAs(UserGroupInformation.java:1899) [hadoop-common-3.3.6.jar:?]
	at org.apache.hadoop.ipc.Server$Handler.run(Server.java:3048) [hadoop-common-3.3.6.jar:?]
08:56:01.702 [IPC Server handler 18 on default port 15004] ERROR OMAudit - user=runner | ip=127.0.0.1 | op=GET_FILE_STATUS {volume=vol-a-59687, bucket=buc-a-83057, key=key-a-, dataSize=0, replicationConfig=null} | ret=FAILURE
org.apache.hadoop.ozone.om.exceptions.OMException: Unable to get file status: volume: vol-a-59687 bucket: buc-a-83057 key: key-a-
	at org.apache.hadoop.ozone.om.KeyManagerImpl.getOzoneFileStatusFSO(KeyManagerImpl.java:1356) ~[ozone-manager-1.4.0-SNAPSHOT.jar:?]
	at org.apache.hadoop.ozone.om.KeyManagerImpl.getFileStatus(KeyManagerImpl.java:1140) ~[ozone-manager-1.4.0-SNAPSHOT.jar:?]
	at org.apache.hadoop.ozone.om.OmMetadataReader.getFileStatus(OmMetadataReader.java:279) ~[ozone-manager-1.4.0-SNAPSHOT.jar:?]
	at org.apache.hadoop.ozone.om.OzoneManager.getFileStatus(OzoneManager.java:3637) ~[ozone-manager-1.4.0-SNAPSHOT.jar:?]
	at org.apache.hadoop.ozone.protocolPB.OzoneManagerRequestHandler.getOzoneFileStatus(OzoneManagerRequestHandler.java:1010) ~[ozone-manager-1.4.0-SNAPSHOT.jar:?]
	at org.apache.hadoop.ozone.protocolPB.OzoneManagerRequestHandler.handleReadRequest(OzoneManagerRequestHandler.java:262) ~[ozone-manager-1.4.0-SNAPSHOT.jar:?]
	at org.apache.hadoop.ozone.protocolPB.OzoneManagerProtocolServerSideTranslatorPB.submitReadRequestToOM(OzoneManagerProtocolServerSideTranslatorPB.java:265) ~[ozone-manager-1.4.0-SNAPSHOT.jar:?]
	at org.apache.hadoop.ozone.protocolPB.OzoneManagerProtocolServerSideTranslatorPB.internalProcessRequest(OzoneManagerProtocolServerSideTranslatorPB.java:211) ~[ozone-manager-1.4.0-SNAPSHOT.jar:?]
	at org.apache.hadoop.ozone.protocolPB.OzoneManagerProtocolServerSideTranslatorPB.processRequest(OzoneManagerProtocolServerSideTranslatorPB.java:171) ~[ozone-manager-1.4.0-SNAPSHOT.jar:?]
	at org.apache.hadoop.hdds.server.OzoneProtocolMessageDispatcher.processRequest(OzoneProtocolMessageDispatcher.java:89) [hdds-server-framework-1.4.0-SNAPSHOT.jar:?]
	at org.apache.hadoop.ozone.protocolPB.OzoneManagerProtocolServerSideTranslatorPB.submitRequest(OzoneManagerProtocolServerSideTranslatorPB.java:162) [ozone-manager-1.4.0-SNAPSHOT.jar:?]
	at org.apache.hadoop.ozone.protocol.proto.OzoneManagerProtocolProtos$OzoneManagerService$2.callBlockingMethod(OzoneManagerProtocolProtos.java) [ozone-interface-client-1.4.0-SNAPSHOT.jar:?]
	at org.apache.hadoop.ipc.ProtobufRpcEngine$Server.processCall(ProtobufRpcEngine.java:484) [hadoop-common-3.3.6.jar:?]
	at org.apache.hadoop.ipc.ProtobufRpcEngine2$Server$ProtoBufRpcInvoker.call(ProtobufRpcEngine2.java:595) [hadoop-common-3.3.6.jar:?]
	at org.apache.hadoop.ipc.ProtobufRpcEngine2$Server$ProtoBufRpcInvoker.call(ProtobufRpcEngine2.java:573) [hadoop-common-3.3.6.jar:?]
	at org.apache.hadoop.ipc.RPC$Server.call(RPC.java:1227) [hadoop-common-3.3.6.jar:?]
	at org.apache.hadoop.ipc.Server$RpcCall.run(Server.java:1094) [hadoop-common-3.3.6.jar:?]
	at org.apache.hadoop.ipc.Server$RpcCall.run(Server.java:1017) [hadoop-common-3.3.6.jar:?]
	at java.security.AccessController.doPrivileged(Native Method) ~[?:1.8.0_392]
	at javax.security.auth.Subject.doAs(Subject.java:422) [?:1.8.0_392]
	at org.apache.hadoop.security.UserGroupInformation.doAs(UserGroupInformation.java:1899) [hadoop-common-3.3.6.jar:?]
	at org.apache.hadoop.ipc.Server$Handler.run(Server.java:3048) [hadoop-common-3.3.6.jar:?]
08:56:01.710 [IPC Server handler 2 on default port 15004] ERROR OMAudit - user=runner | ip=127.0.0.1 | op=GET_FILE_STATUS {volume=vol-a-59687, bucket=buc-a-83057, key=key-b-, dataSize=0, replicationConfig=null} | ret=FAILURE
org.apache.hadoop.ozone.om.exceptions.OMException: Unable to get file status: volume: vol-a-59687 bucket: buc-a-83057 key: key-b-
	at org.apache.hadoop.ozone.om.KeyManagerImpl.getOzoneFileStatusFSO(KeyManagerImpl.java:1356) ~[ozone-manager-1.4.0-SNAPSHOT.jar:?]
	at org.apache.hadoop.ozone.om.KeyManagerImpl.getFileStatus(KeyManagerImpl.java:1140) ~[ozone-manager-1.4.0-SNAPSHOT.jar:?]
	at org.apache.hadoop.ozone.om.OmMetadataReader.getFileStatus(OmMetadataReader.java:279) ~[ozone-manager-1.4.0-SNAPSHOT.jar:?]
	at org.apache.hadoop.ozone.om.OzoneManager.getFileStatus(OzoneManager.java:3637) ~[ozone-manager-1.4.0-SNAPSHOT.jar:?]
	at org.apache.hadoop.ozone.protocolPB.OzoneManagerRequestHandler.getOzoneFileStatus(OzoneManagerRequestHandler.java:1010) ~[ozone-manager-1.4.0-SNAPSHOT.jar:?]
	at org.apache.hadoop.ozone.protocolPB.OzoneManagerRequestHandler.handleReadRequest(OzoneManagerRequestHandler.java:262) ~[ozone-manager-1.4.0-SNAPSHOT.jar:?]
	at org.apache.hadoop.ozone.protocolPB.OzoneManagerProtocolServerSideTranslatorPB.submitReadRequestToOM(OzoneManagerProtocolServerSideTranslatorPB.java:265) ~[ozone-manager-1.4.0-SNAPSHOT.jar:?]
	at org.apache.hadoop.ozone.protocolPB.OzoneManagerProtocolServerSideTranslatorPB.internalProcessRequest(OzoneManagerProtocolServerSideTranslatorPB.java:211) ~[ozone-manager-1.4.0-SNAPSHOT.jar:?]
	at org.apache.hadoop.ozone.protocolPB.OzoneManagerProtocolServerSideTranslatorPB.processRequest(OzoneManagerProtocolServerSideTranslatorPB.java:171) ~[ozone-manager-1.4.0-SNAPSHOT.jar:?]
	at org.apache.hadoop.hdds.server.OzoneProtocolMessageDispatcher.processRequest(OzoneProtocolMessageDispatcher.java:89) [hdds-server-framework-1.4.0-SNAPSHOT.jar:?]
	at org.apache.hadoop.ozone.protocolPB.OzoneManagerProtocolServerSideTranslatorPB.submitRequest(OzoneManagerProtocolServerSideTranslatorPB.java:162) [ozone-manager-1.4.0-SNAPSHOT.jar:?]
	at org.apache.hadoop.ozone.protocol.proto.OzoneManagerProtocolProtos$OzoneManagerService$2.callBlockingMethod(OzoneManagerProtocolProtos.java) [ozone-interface-client-1.4.0-SNAPSHOT.jar:?]
	at org.apache.hadoop.ipc.ProtobufRpcEngine$Server.processCall(ProtobufRpcEngine.java:484) [hadoop-common-3.3.6.jar:?]
	at org.apache.hadoop.ipc.ProtobufRpcEngine2$Server$ProtoBufRpcInvoker.call(ProtobufRpcEngine2.java:595) [hadoop-common-3.3.6.jar:?]
	at org.apache.hadoop.ipc.ProtobufRpcEngine2$Server$ProtoBufRpcInvoker.call(ProtobufRpcEngine2.java:573) [hadoop-common-3.3.6.jar:?]
	at org.apache.hadoop.ipc.RPC$Server.call(RPC.java:1227) [hadoop-common-3.3.6.jar:?]
	at org.apache.hadoop.ipc.Server$RpcCall.run(Server.java:1094) [hadoop-common-3.3.6.jar:?]
	at org.apache.hadoop.ipc.Server$RpcCall.run(Server.java:1017) [hadoop-common-3.3.6.jar:?]
	at java.security.AccessController.doPrivileged(Native Method) ~[?:1.8.0_392]
	at javax.security.auth.Subject.doAs(Subject.java:422) [?:1.8.0_392]
	at org.apache.hadoop.security.UserGroupInformation.doAs(UserGroupInformation.java:1899) [hadoop-common-3.3.6.jar:?]
	at org.apache.hadoop.ipc.Server$Handler.run(Server.java:3048) [hadoop-common-3.3.6.jar:?]
]]></system-out>
  </testcase>
  <testcase name="testListKeyOnEmptyBucket" classname="org.apache.hadoop.ozone.client.rpc.TestOzoneRpcClientWithRatis" time="0.009">
    <system-out><![CDATA[2023-12-10 08:56:01,714 [main] INFO  rpc.RpcClient (RpcClient.java:createVolume(464)) - Creating Volume: vol-64520, with runner as owner and space quota set to -1 bytes, counts quota set to -1
2023-12-10 08:56:01,715 [om1-OMStateMachineApplyTransactionThread - 0] INFO  volume.OMVolumeCreateRequest (OMVolumeCreateRequest.java:validateAndUpdateCache(204)) - created volume:vol-64520 for user:runner
2023-12-10 08:56:01,717 [main] INFO  rpc.RpcClient (RpcClient.java:createBucket(691)) - Creating Bucket: vol-64520/buc-04817, with server-side default bucket layout, runner as owner, Versioning false, Storage Type set to DISK and Encryption set to false, Replication Type set to server-side default replication type, Namespace Quota set to -1, Space Quota set to -1 
2023-12-10 08:56:01,718 [om1-OMStateMachineApplyTransactionThread - 0] INFO  bucket.OMBucketCreateRequest (OMBucketCreateRequest.java:validateAndUpdateCache(299)) - created bucket: buc-04817 of layout FILE_SYSTEM_OPTIMIZED in volume: vol-64520
]]></system-out>
  </testcase>
  <testcase name="testListMultipartUploadParts(ReplicationConfig)[1]" classname="org.apache.hadoop.ozone.client.rpc.TestOzoneRpcClientWithRatis" time="0.138">
    <system-out><![CDATA[2023-12-10 08:56:01,725 [main] INFO  rpc.RpcClient (RpcClient.java:createVolume(464)) - Creating Volume: 4422f403-ab36-4306-80ae-6631d16bd8bb, with runner as owner and space quota set to -1 bytes, counts quota set to -1
2023-12-10 08:56:01,727 [om1-OMStateMachineApplyTransactionThread - 0] INFO  volume.OMVolumeCreateRequest (OMVolumeCreateRequest.java:validateAndUpdateCache(204)) - created volume:4422f403-ab36-4306-80ae-6631d16bd8bb for user:runner
2023-12-10 08:56:01,729 [main] INFO  rpc.RpcClient (RpcClient.java:createBucket(691)) - Creating Bucket: 4422f403-ab36-4306-80ae-6631d16bd8bb/665e20af-742a-4511-8ffe-85d0693bedf4, with server-side default bucket layout, runner as owner, Versioning false, Storage Type set to DISK and Encryption set to false, Replication Type set to server-side default replication type, Namespace Quota set to -1, Space Quota set to -1 
2023-12-10 08:56:01,730 [om1-OMStateMachineApplyTransactionThread - 0] INFO  bucket.OMBucketCreateRequest (OMBucketCreateRequest.java:validateAndUpdateCache(299)) - created bucket: 665e20af-742a-4511-8ffe-85d0693bedf4 of layout FILE_SYSTEM_OPTIMIZED in volume: 4422f403-ab36-4306-80ae-6631d16bd8bb
2023-12-10 08:56:01,739 [IPC Server handler 8 on default port 15001] WARN  node.SCMNodeManager (SCMNodeManager.java:getNodesByAddress(1374)) - address is null
2023-12-10 08:56:01,761 [IPC Server handler 15 on default port 15001] WARN  node.SCMNodeManager (SCMNodeManager.java:getNodesByAddress(1374)) - address is null
2023-12-10 08:56:01,774 [IPC Server handler 11 on default port 15001] WARN  node.SCMNodeManager (SCMNodeManager.java:getNodesByAddress(1374)) - address is null
2023-12-10 08:56:01,789 [IPC Server handler 1 on default port 15001] WARN  node.SCMNodeManager (SCMNodeManager.java:getNodesByAddress(1374)) - address is null
2023-12-10 08:56:01,816 [IPC Server handler 2 on default port 15001] WARN  node.SCMNodeManager (SCMNodeManager.java:getNodesByAddress(1374)) - address is null
2023-12-10 08:56:01,839 [IPC Server handler 18 on default port 15001] WARN  node.SCMNodeManager (SCMNodeManager.java:getNodesByAddress(1374)) - address is null
2023-12-10 08:56:01,856 [IPC Server handler 5 on default port 15004] DEBUG db.CodecBuffer (CodecBuffer.java:setCapacity(328)) - setCapacity: 4096 -> 4287, max=2147483647
]]></system-out>
  </testcase>
  <testcase name="testListMultipartUploadParts(ReplicationConfig)[2]" classname="org.apache.hadoop.ozone.client.rpc.TestOzoneRpcClientWithRatis" time="0.209">
    <system-out><![CDATA[2023-12-10 08:56:01,864 [main] INFO  rpc.RpcClient (RpcClient.java:createVolume(464)) - Creating Volume: 184f129f-9bb2-4296-99a6-d6480e386dee, with runner as owner and space quota set to -1 bytes, counts quota set to -1
2023-12-10 08:56:01,867 [om1-OMStateMachineApplyTransactionThread - 0] INFO  volume.OMVolumeCreateRequest (OMVolumeCreateRequest.java:validateAndUpdateCache(204)) - created volume:184f129f-9bb2-4296-99a6-d6480e386dee for user:runner
2023-12-10 08:56:01,869 [main] INFO  rpc.RpcClient (RpcClient.java:createBucket(691)) - Creating Bucket: 184f129f-9bb2-4296-99a6-d6480e386dee/dadea288-5c58-492b-84ea-21bd2c626edc, with server-side default bucket layout, runner as owner, Versioning false, Storage Type set to DISK and Encryption set to false, Replication Type set to server-side default replication type, Namespace Quota set to -1, Space Quota set to -1 
2023-12-10 08:56:01,870 [om1-OMStateMachineApplyTransactionThread - 0] INFO  bucket.OMBucketCreateRequest (OMBucketCreateRequest.java:validateAndUpdateCache(299)) - created bucket: dadea288-5c58-492b-84ea-21bd2c626edc of layout FILE_SYSTEM_OPTIMIZED in volume: 184f129f-9bb2-4296-99a6-d6480e386dee
2023-12-10 08:56:01,878 [IPC Server handler 12 on default port 15001] WARN  node.SCMNodeManager (SCMNodeManager.java:getNodesByAddress(1374)) - address is null
2023-12-10 08:56:01,935 [IPC Server handler 3 on default port 15001] WARN  node.SCMNodeManager (SCMNodeManager.java:getNodesByAddress(1374)) - address is null
2023-12-10 08:56:01,957 [IPC Server handler 19 on default port 15001] WARN  node.SCMNodeManager (SCMNodeManager.java:getNodesByAddress(1374)) - address is null
2023-12-10 08:56:01,995 [IPC Server handler 0 on default port 15001] WARN  node.SCMNodeManager (SCMNodeManager.java:getNodesByAddress(1374)) - address is null
2023-12-10 08:56:02,015 [IPC Server handler 6 on default port 15001] WARN  node.SCMNodeManager (SCMNodeManager.java:getNodesByAddress(1374)) - address is null
2023-12-10 08:56:02,054 [IPC Server handler 7 on default port 15001] WARN  node.SCMNodeManager (SCMNodeManager.java:getNodesByAddress(1374)) - address is null
2023-12-10 08:56:02,069 [om1-OMStateMachineApplyTransactionThread - 0] DEBUG db.CodecBuffer (CodecBuffer.java:setCapacity(328)) - setCapacity: 4096 -> 5192, max=2147483647
2023-12-10 08:56:02,071 [IPC Server handler 3 on default port 15004] DEBUG db.CodecBuffer (CodecBuffer.java:setCapacity(328)) - setCapacity: 4096 -> 7742, max=2147483647
]]></system-out>
  </testcase>
  <testcase name="testListMultipartUploadParts(ReplicationConfig)[3]" classname="org.apache.hadoop.ozone.client.rpc.TestOzoneRpcClientWithRatis" time="0.221">
    <system-out><![CDATA[2023-12-10 08:56:02,073 [main] INFO  rpc.RpcClient (RpcClient.java:createVolume(464)) - Creating Volume: 39169f94-4e75-42d6-9dfd-c0f1b5b672ae, with runner as owner and space quota set to -1 bytes, counts quota set to -1
2023-12-10 08:56:02,074 [om1-OMStateMachineApplyTransactionThread - 0] INFO  volume.OMVolumeCreateRequest (OMVolumeCreateRequest.java:validateAndUpdateCache(204)) - created volume:39169f94-4e75-42d6-9dfd-c0f1b5b672ae for user:runner
2023-12-10 08:56:02,076 [main] INFO  rpc.RpcClient (RpcClient.java:createBucket(691)) - Creating Bucket: 39169f94-4e75-42d6-9dfd-c0f1b5b672ae/3da785d2-9851-4c13-a97d-ee10ae1e008b, with server-side default bucket layout, runner as owner, Versioning false, Storage Type set to DISK and Encryption set to false, Replication Type set to server-side default replication type, Namespace Quota set to -1, Space Quota set to -1 
2023-12-10 08:56:02,077 [om1-OMStateMachineApplyTransactionThread - 0] INFO  bucket.OMBucketCreateRequest (OMBucketCreateRequest.java:validateAndUpdateCache(299)) - created bucket: 3da785d2-9851-4c13-a97d-ee10ae1e008b of layout FILE_SYSTEM_OPTIMIZED in volume: 39169f94-4e75-42d6-9dfd-c0f1b5b672ae
2023-12-10 08:56:02,112 [IPC Server handler 9 on default port 15001] WARN  node.SCMNodeManager (SCMNodeManager.java:getNodesByAddress(1374)) - address is null
2023-12-10 08:56:02,186 [IPC Server handler 16 on default port 15001] WARN  node.SCMNodeManager (SCMNodeManager.java:getNodesByAddress(1374)) - address is null
2023-12-10 08:56:02,254 [IPC Server handler 13 on default port 15001] WARN  node.SCMNodeManager (SCMNodeManager.java:getNodesByAddress(1374)) - address is null
2023-12-10 08:56:02,293 [IPC Server handler 18 on default port 15004] DEBUG db.CodecBuffer (CodecBuffer.java:setCapacity(328)) - setCapacity: 4096 -> 6066, max=2147483647
]]></system-out>
  </testcase>
  <testcase name="testListMultipartUploadPartsWithContinuation(ReplicationConfig)[1]" classname="org.apache.hadoop.ozone.client.rpc.TestOzoneRpcClientWithRatis" time="0.114">
    <system-out><![CDATA[2023-12-10 08:56:02,296 [main] INFO  rpc.RpcClient (RpcClient.java:createVolume(464)) - Creating Volume: 25004f7b-478f-4d9a-9714-e9202b656cbe, with runner as owner and space quota set to -1 bytes, counts quota set to -1
2023-12-10 08:56:02,297 [om1-OMStateMachineApplyTransactionThread - 0] INFO  volume.OMVolumeCreateRequest (OMVolumeCreateRequest.java:validateAndUpdateCache(204)) - created volume:25004f7b-478f-4d9a-9714-e9202b656cbe for user:runner
2023-12-10 08:56:02,299 [main] INFO  rpc.RpcClient (RpcClient.java:createBucket(691)) - Creating Bucket: 25004f7b-478f-4d9a-9714-e9202b656cbe/d57d593a-525d-4db1-a275-eba2ed571c1d, with server-side default bucket layout, runner as owner, Versioning false, Storage Type set to DISK and Encryption set to false, Replication Type set to server-side default replication type, Namespace Quota set to -1, Space Quota set to -1 
2023-12-10 08:56:02,300 [om1-OMStateMachineApplyTransactionThread - 0] INFO  bucket.OMBucketCreateRequest (OMBucketCreateRequest.java:validateAndUpdateCache(299)) - created bucket: d57d593a-525d-4db1-a275-eba2ed571c1d of layout FILE_SYSTEM_OPTIMIZED in volume: 25004f7b-478f-4d9a-9714-e9202b656cbe
2023-12-10 08:56:02,306 [IPC Server handler 4 on default port 15001] WARN  node.SCMNodeManager (SCMNodeManager.java:getNodesByAddress(1374)) - address is null
2023-12-10 08:56:02,327 [IPC Server handler 14 on default port 15001] WARN  node.SCMNodeManager (SCMNodeManager.java:getNodesByAddress(1374)) - address is null
2023-12-10 08:56:02,339 [IPC Server handler 5 on default port 15001] WARN  node.SCMNodeManager (SCMNodeManager.java:getNodesByAddress(1374)) - address is null
2023-12-10 08:56:02,354 [IPC Server handler 10 on default port 15001] WARN  node.SCMNodeManager (SCMNodeManager.java:getNodesByAddress(1374)) - address is null
2023-12-10 08:56:02,368 [IPC Server handler 17 on default port 15001] WARN  node.SCMNodeManager (SCMNodeManager.java:getNodesByAddress(1374)) - address is null
2023-12-10 08:56:02,388 [IPC Server handler 8 on default port 15001] WARN  node.SCMNodeManager (SCMNodeManager.java:getNodesByAddress(1374)) - address is null
2023-12-10 08:56:02,406 [IPC Server handler 16 on default port 15004] DEBUG db.CodecBuffer (CodecBuffer.java:setCapacity(328)) - setCapacity: 4096 -> 4287, max=2147483647
2023-12-10 08:56:02,408 [IPC Server handler 17 on default port 15004] DEBUG db.CodecBuffer (CodecBuffer.java:setCapacity(328)) - setCapacity: 4096 -> 4287, max=2147483647
]]></system-out>
  </testcase>
  <testcase name="testListMultipartUploadPartsWithContinuation(ReplicationConfig)[2]" classname="org.apache.hadoop.ozone.client.rpc.TestOzoneRpcClientWithRatis" time="0.267">
    <system-out><![CDATA[2023-12-10 08:56:02,410 [main] INFO  rpc.RpcClient (RpcClient.java:createVolume(464)) - Creating Volume: f735f3e7-275e-42f3-98c3-71107276f648, with runner as owner and space quota set to -1 bytes, counts quota set to -1
2023-12-10 08:56:02,411 [om1-OMStateMachineApplyTransactionThread - 0] INFO  volume.OMVolumeCreateRequest (OMVolumeCreateRequest.java:validateAndUpdateCache(204)) - created volume:f735f3e7-275e-42f3-98c3-71107276f648 for user:runner
2023-12-10 08:56:02,412 [main] INFO  rpc.RpcClient (RpcClient.java:createBucket(691)) - Creating Bucket: f735f3e7-275e-42f3-98c3-71107276f648/66851e44-78d7-452c-a38a-52cfd386963f, with server-side default bucket layout, runner as owner, Versioning false, Storage Type set to DISK and Encryption set to false, Replication Type set to server-side default replication type, Namespace Quota set to -1, Space Quota set to -1 
2023-12-10 08:56:02,414 [om1-OMStateMachineApplyTransactionThread - 0] INFO  bucket.OMBucketCreateRequest (OMBucketCreateRequest.java:validateAndUpdateCache(299)) - created bucket: 66851e44-78d7-452c-a38a-52cfd386963f of layout FILE_SYSTEM_OPTIMIZED in volume: f735f3e7-275e-42f3-98c3-71107276f648
2023-12-10 08:56:02,420 [IPC Server handler 15 on default port 15001] WARN  node.SCMNodeManager (SCMNodeManager.java:getNodesByAddress(1374)) - address is null
2023-12-10 08:56:02,467 [IPC Server handler 11 on default port 15001] WARN  node.SCMNodeManager (SCMNodeManager.java:getNodesByAddress(1374)) - address is null
2023-12-10 08:56:02,490 [IPC Server handler 1 on default port 15001] WARN  node.SCMNodeManager (SCMNodeManager.java:getNodesByAddress(1374)) - address is null
2023-12-10 08:56:02,541 [IPC Server handler 2 on default port 15001] WARN  node.SCMNodeManager (SCMNodeManager.java:getNodesByAddress(1374)) - address is null
2023-12-10 08:56:02,561 [IPC Server handler 18 on default port 15001] WARN  node.SCMNodeManager (SCMNodeManager.java:getNodesByAddress(1374)) - address is null
2023-12-10 08:56:02,656 [IPC Server handler 12 on default port 15001] WARN  node.SCMNodeManager (SCMNodeManager.java:getNodesByAddress(1374)) - address is null
2023-12-10 08:56:02,672 [om1-OMStateMachineApplyTransactionThread - 0] DEBUG db.CodecBuffer (CodecBuffer.java:setCapacity(328)) - setCapacity: 4096 -> 5195, max=2147483647
2023-12-10 08:56:02,674 [IPC Server handler 15 on default port 15004] DEBUG db.CodecBuffer (CodecBuffer.java:setCapacity(328)) - setCapacity: 4096 -> 7748, max=2147483647
2023-12-10 08:56:02,675 [IPC Server handler 16 on default port 15004] DEBUG db.CodecBuffer (CodecBuffer.java:setCapacity(328)) - setCapacity: 4096 -> 7748, max=2147483647
]]></system-out>
  </testcase>
  <testcase name="testListMultipartUploadPartsWithContinuation(ReplicationConfig)[3]" classname="org.apache.hadoop.ozone.client.rpc.TestOzoneRpcClientWithRatis" time="0.174">
    <system-out><![CDATA[2023-12-10 08:56:02,677 [main] INFO  rpc.RpcClient (RpcClient.java:createVolume(464)) - Creating Volume: 3fb03781-6c52-4cc1-a0bd-564b60307625, with runner as owner and space quota set to -1 bytes, counts quota set to -1
2023-12-10 08:56:02,679 [om1-OMStateMachineApplyTransactionThread - 0] INFO  volume.OMVolumeCreateRequest (OMVolumeCreateRequest.java:validateAndUpdateCache(204)) - created volume:3fb03781-6c52-4cc1-a0bd-564b60307625 for user:runner
2023-12-10 08:56:02,680 [main] INFO  rpc.RpcClient (RpcClient.java:createBucket(691)) - Creating Bucket: 3fb03781-6c52-4cc1-a0bd-564b60307625/f9ccde64-1599-4508-b8d9-37ab14709be6, with server-side default bucket layout, runner as owner, Versioning false, Storage Type set to DISK and Encryption set to false, Replication Type set to server-side default replication type, Namespace Quota set to -1, Space Quota set to -1 
2023-12-10 08:56:02,682 [om1-OMStateMachineApplyTransactionThread - 0] INFO  bucket.OMBucketCreateRequest (OMBucketCreateRequest.java:validateAndUpdateCache(299)) - created bucket: f9ccde64-1599-4508-b8d9-37ab14709be6 of layout FILE_SYSTEM_OPTIMIZED in volume: 3fb03781-6c52-4cc1-a0bd-564b60307625
2023-12-10 08:56:02,715 [IPC Server handler 3 on default port 15001] WARN  node.SCMNodeManager (SCMNodeManager.java:getNodesByAddress(1374)) - address is null
2023-12-10 08:56:02,766 [IPC Server handler 19 on default port 15001] WARN  node.SCMNodeManager (SCMNodeManager.java:getNodesByAddress(1374)) - address is null
2023-12-10 08:56:02,815 [IPC Server handler 0 on default port 15001] WARN  node.SCMNodeManager (SCMNodeManager.java:getNodesByAddress(1374)) - address is null
2023-12-10 08:56:02,850 [IPC Server handler 10 on default port 15004] DEBUG db.CodecBuffer (CodecBuffer.java:setCapacity(328)) - setCapacity: 4096 -> 6065, max=2147483647
2023-12-10 08:56:02,851 [IPC Server handler 12 on default port 15004] DEBUG db.CodecBuffer (CodecBuffer.java:setCapacity(328)) - setCapacity: 4096 -> 6065, max=2147483647
]]></system-out>
  </testcase>
  <testcase name="testListPartsInvalidMaxParts" classname="org.apache.hadoop.ozone.client.rpc.TestOzoneRpcClientWithRatis" time="0.005">
    <system-out><![CDATA[2023-12-10 08:56:02,852 [main] INFO  rpc.RpcClient (RpcClient.java:createVolume(464)) - Creating Volume: 62ac30b9-4331-431e-82ba-a3ef9b8afd5e, with runner as owner and space quota set to -1 bytes, counts quota set to -1
2023-12-10 08:56:02,853 [om1-OMStateMachineApplyTransactionThread - 0] INFO  volume.OMVolumeCreateRequest (OMVolumeCreateRequest.java:validateAndUpdateCache(204)) - created volume:62ac30b9-4331-431e-82ba-a3ef9b8afd5e for user:runner
2023-12-10 08:56:02,855 [main] INFO  rpc.RpcClient (RpcClient.java:createBucket(691)) - Creating Bucket: 62ac30b9-4331-431e-82ba-a3ef9b8afd5e/f1d0e8f9-bce7-4380-b286-36824c27cab8, with server-side default bucket layout, runner as owner, Versioning false, Storage Type set to DISK and Encryption set to false, Replication Type set to server-side default replication type, Namespace Quota set to -1, Space Quota set to -1 
2023-12-10 08:56:02,856 [om1-OMStateMachineApplyTransactionThread - 0] INFO  bucket.OMBucketCreateRequest (OMBucketCreateRequest.java:validateAndUpdateCache(299)) - created bucket: f1d0e8f9-bce7-4380-b286-36824c27cab8 of layout FILE_SYSTEM_OPTIMIZED in volume: 62ac30b9-4331-431e-82ba-a3ef9b8afd5e
]]></system-out>
  </testcase>
  <testcase name="testListPartsInvalidPartMarker" classname="org.apache.hadoop.ozone.client.rpc.TestOzoneRpcClientWithRatis" time="0.005">
    <system-out><![CDATA[2023-12-10 08:56:02,858 [main] INFO  rpc.RpcClient (RpcClient.java:createVolume(464)) - Creating Volume: e6a5ce53-e7b2-49cf-ac5d-c83f8698c62c, with runner as owner and space quota set to -1 bytes, counts quota set to -1
2023-12-10 08:56:02,859 [om1-OMStateMachineApplyTransactionThread - 0] INFO  volume.OMVolumeCreateRequest (OMVolumeCreateRequest.java:validateAndUpdateCache(204)) - created volume:e6a5ce53-e7b2-49cf-ac5d-c83f8698c62c for user:runner
2023-12-10 08:56:02,860 [main] INFO  rpc.RpcClient (RpcClient.java:createBucket(691)) - Creating Bucket: e6a5ce53-e7b2-49cf-ac5d-c83f8698c62c/6ebc6214-3936-4b04-ab15-8a55f191482f, with server-side default bucket layout, runner as owner, Versioning false, Storage Type set to DISK and Encryption set to false, Replication Type set to server-side default replication type, Namespace Quota set to -1, Space Quota set to -1 
2023-12-10 08:56:02,861 [om1-OMStateMachineApplyTransactionThread - 0] INFO  bucket.OMBucketCreateRequest (OMBucketCreateRequest.java:validateAndUpdateCache(299)) - created bucket: 6ebc6214-3936-4b04-ab15-8a55f191482f of layout FILE_SYSTEM_OPTIMIZED in volume: e6a5ce53-e7b2-49cf-ac5d-c83f8698c62c
]]></system-out>
  </testcase>
  <testcase name="testListPartsWithInvalidUploadID" classname="org.apache.hadoop.ozone.client.rpc.TestOzoneRpcClientWithRatis" time="0.006">
    <system-out><![CDATA[2023-12-10 08:56:02,863 [main] INFO  rpc.RpcClient (RpcClient.java:createVolume(464)) - Creating Volume: 21d4bd5d-6310-4cd1-9d24-4210e9b2fcf4, with runner as owner and space quota set to -1 bytes, counts quota set to -1
2023-12-10 08:56:02,865 [om1-OMStateMachineApplyTransactionThread - 0] INFO  volume.OMVolumeCreateRequest (OMVolumeCreateRequest.java:validateAndUpdateCache(204)) - created volume:21d4bd5d-6310-4cd1-9d24-4210e9b2fcf4 for user:runner
2023-12-10 08:56:02,866 [main] INFO  rpc.RpcClient (RpcClient.java:createBucket(691)) - Creating Bucket: 21d4bd5d-6310-4cd1-9d24-4210e9b2fcf4/5ad9563b-6311-440d-a23a-66434341ca9e, with server-side default bucket layout, runner as owner, Versioning false, Storage Type set to DISK and Encryption set to false, Replication Type set to server-side default replication type, Namespace Quota set to -1, Space Quota set to -1 
2023-12-10 08:56:02,867 [om1-OMStateMachineApplyTransactionThread - 0] INFO  bucket.OMBucketCreateRequest (OMBucketCreateRequest.java:validateAndUpdateCache(299)) - created bucket: 5ad9563b-6311-440d-a23a-66434341ca9e of layout FILE_SYSTEM_OPTIMIZED in volume: 21d4bd5d-6310-4cd1-9d24-4210e9b2fcf4
08:56:02.869 [IPC Server handler 5 on default port 15004] ERROR OMAudit - user=runner | ip=127.0.0.1 | op=LIST_MULTIPART_UPLOAD_PARTS {volume=21d4bd5d-6310-4cd1-9d24-4210e9b2fcf4, bucket=5ad9563b-6311-440d-a23a-66434341ca9e, key=a1b5a6df-1709-4ae7-b441-9f36368df9f1, uploadID=random, partNumberMarker=100, maxParts=2} | ret=FAILURE
org.apache.hadoop.ozone.om.exceptions.OMException: No Such Multipart upload exists for this key.
	at org.apache.hadoop.ozone.om.KeyManagerImpl.listParts(KeyManagerImpl.java:769) ~[ozone-manager-1.4.0-SNAPSHOT.jar:?]
	at org.apache.hadoop.ozone.om.OzoneManager.listParts(OzoneManager.java:3590) ~[ozone-manager-1.4.0-SNAPSHOT.jar:?]
	at org.apache.hadoop.ozone.protocolPB.OzoneManagerRequestHandler.listParts(OzoneManagerRequestHandler.java:922) ~[ozone-manager-1.4.0-SNAPSHOT.jar:?]
	at org.apache.hadoop.ozone.protocolPB.OzoneManagerRequestHandler.handleReadRequest(OzoneManagerRequestHandler.java:238) ~[ozone-manager-1.4.0-SNAPSHOT.jar:?]
	at org.apache.hadoop.ozone.protocolPB.OzoneManagerProtocolServerSideTranslatorPB.submitReadRequestToOM(OzoneManagerProtocolServerSideTranslatorPB.java:265) ~[ozone-manager-1.4.0-SNAPSHOT.jar:?]
	at org.apache.hadoop.ozone.protocolPB.OzoneManagerProtocolServerSideTranslatorPB.internalProcessRequest(OzoneManagerProtocolServerSideTranslatorPB.java:211) ~[ozone-manager-1.4.0-SNAPSHOT.jar:?]
	at org.apache.hadoop.ozone.protocolPB.OzoneManagerProtocolServerSideTranslatorPB.processRequest(OzoneManagerProtocolServerSideTranslatorPB.java:171) ~[ozone-manager-1.4.0-SNAPSHOT.jar:?]
	at org.apache.hadoop.hdds.server.OzoneProtocolMessageDispatcher.processRequest(OzoneProtocolMessageDispatcher.java:89) [hdds-server-framework-1.4.0-SNAPSHOT.jar:?]
	at org.apache.hadoop.ozone.protocolPB.OzoneManagerProtocolServerSideTranslatorPB.submitRequest(OzoneManagerProtocolServerSideTranslatorPB.java:162) [ozone-manager-1.4.0-SNAPSHOT.jar:?]
	at org.apache.hadoop.ozone.protocol.proto.OzoneManagerProtocolProtos$OzoneManagerService$2.callBlockingMethod(OzoneManagerProtocolProtos.java) [ozone-interface-client-1.4.0-SNAPSHOT.jar:?]
	at org.apache.hadoop.ipc.ProtobufRpcEngine$Server.processCall(ProtobufRpcEngine.java:484) [hadoop-common-3.3.6.jar:?]
	at org.apache.hadoop.ipc.ProtobufRpcEngine2$Server$ProtoBufRpcInvoker.call(ProtobufRpcEngine2.java:595) [hadoop-common-3.3.6.jar:?]
	at org.apache.hadoop.ipc.ProtobufRpcEngine2$Server$ProtoBufRpcInvoker.call(ProtobufRpcEngine2.java:573) [hadoop-common-3.3.6.jar:?]
	at org.apache.hadoop.ipc.RPC$Server.call(RPC.java:1227) [hadoop-common-3.3.6.jar:?]
	at org.apache.hadoop.ipc.Server$RpcCall.run(Server.java:1094) [hadoop-common-3.3.6.jar:?]
	at org.apache.hadoop.ipc.Server$RpcCall.run(Server.java:1017) [hadoop-common-3.3.6.jar:?]
	at java.security.AccessController.doPrivileged(Native Method) ~[?:1.8.0_392]
	at javax.security.auth.Subject.doAs(Subject.java:422) [?:1.8.0_392]
	at org.apache.hadoop.security.UserGroupInformation.doAs(UserGroupInformation.java:1899) [hadoop-common-3.3.6.jar:?]
	at org.apache.hadoop.ipc.Server$Handler.run(Server.java:3048) [hadoop-common-3.3.6.jar:?]
]]></system-out>
  </testcase>
  <testcase name="testListPartsWithPartMarkerGreaterThanPartCount" classname="org.apache.hadoop.ozone.client.rpc.TestOzoneRpcClientWithRatis" time="0.043">
    <system-out><![CDATA[2023-12-10 08:56:02,870 [main] INFO  rpc.RpcClient (RpcClient.java:createVolume(464)) - Creating Volume: 61c9931b-e893-4211-85d4-30847ff70269, with runner as owner and space quota set to -1 bytes, counts quota set to -1
2023-12-10 08:56:02,871 [om1-OMStateMachineApplyTransactionThread - 0] INFO  volume.OMVolumeCreateRequest (OMVolumeCreateRequest.java:validateAndUpdateCache(204)) - created volume:61c9931b-e893-4211-85d4-30847ff70269 for user:runner
2023-12-10 08:56:02,872 [main] INFO  rpc.RpcClient (RpcClient.java:createBucket(691)) - Creating Bucket: 61c9931b-e893-4211-85d4-30847ff70269/734694a8-d0ec-4169-b9a7-2f07a445e800, with server-side default bucket layout, runner as owner, Versioning false, Storage Type set to DISK and Encryption set to false, Replication Type set to server-side default replication type, Namespace Quota set to -1, Space Quota set to -1 
2023-12-10 08:56:02,874 [om1-OMStateMachineApplyTransactionThread - 0] INFO  bucket.OMBucketCreateRequest (OMBucketCreateRequest.java:validateAndUpdateCache(299)) - created bucket: 734694a8-d0ec-4169-b9a7-2f07a445e800 of layout FILE_SYSTEM_OPTIMIZED in volume: 61c9931b-e893-4211-85d4-30847ff70269
2023-12-10 08:56:02,880 [IPC Server handler 6 on default port 15001] WARN  node.SCMNodeManager (SCMNodeManager.java:getNodesByAddress(1374)) - address is null
2023-12-10 08:56:02,896 [IPC Server handler 7 on default port 15001] WARN  node.SCMNodeManager (SCMNodeManager.java:getNodesByAddress(1374)) - address is null
]]></system-out>
  </testcase>
  <testcase name="testListSnapshot" classname="org.apache.hadoop.ozone.client.rpc.TestOzoneRpcClientWithRatis" time="1.233">
    <system-out><![CDATA[2023-12-10 08:56:02,915 [main] INFO  rpc.RpcClient (RpcClient.java:createVolume(464)) - Creating Volume: vol-a-26122, with runner as owner and space quota set to -1 bytes, counts quota set to -1
2023-12-10 08:56:02,916 [om1-OMStateMachineApplyTransactionThread - 0] INFO  volume.OMVolumeCreateRequest (OMVolumeCreateRequest.java:validateAndUpdateCache(204)) - created volume:vol-a-26122 for user:runner
2023-12-10 08:56:02,916 [main] INFO  rpc.RpcClient (RpcClient.java:createVolume(464)) - Creating Volume: vol-b-71956, with runner as owner and space quota set to -1 bytes, counts quota set to -1
2023-12-10 08:56:02,917 [om1-OMStateMachineApplyTransactionThread - 0] INFO  volume.OMVolumeCreateRequest (OMVolumeCreateRequest.java:validateAndUpdateCache(204)) - created volume:vol-b-71956 for user:runner
2023-12-10 08:56:02,919 [main] INFO  rpc.RpcClient (RpcClient.java:createBucket(691)) - Creating Bucket: vol-a-26122/buc-a-90845, with server-side default bucket layout, runner as owner, Versioning false, Storage Type set to DISK and Encryption set to false, Replication Type set to server-side default replication type, Namespace Quota set to -1, Space Quota set to -1 
2023-12-10 08:56:02,920 [om1-OMStateMachineApplyTransactionThread - 0] INFO  bucket.OMBucketCreateRequest (OMBucketCreateRequest.java:validateAndUpdateCache(299)) - created bucket: buc-a-90845 of layout FILE_SYSTEM_OPTIMIZED in volume: vol-a-26122
2023-12-10 08:56:02,920 [main] INFO  rpc.RpcClient (RpcClient.java:createBucket(691)) - Creating Bucket: vol-a-26122/buc-b-99246, with server-side default bucket layout, runner as owner, Versioning false, Storage Type set to DISK and Encryption set to false, Replication Type set to server-side default replication type, Namespace Quota set to -1, Space Quota set to -1 
2023-12-10 08:56:02,921 [om1-OMStateMachineApplyTransactionThread - 0] INFO  bucket.OMBucketCreateRequest (OMBucketCreateRequest.java:validateAndUpdateCache(299)) - created bucket: buc-b-99246 of layout FILE_SYSTEM_OPTIMIZED in volume: vol-a-26122
2023-12-10 08:56:02,922 [main] INFO  rpc.RpcClient (RpcClient.java:createBucket(691)) - Creating Bucket: vol-b-71956/buc-a-90845, with server-side default bucket layout, runner as owner, Versioning false, Storage Type set to DISK and Encryption set to false, Replication Type set to server-side default replication type, Namespace Quota set to -1, Space Quota set to -1 
2023-12-10 08:56:02,923 [om1-OMStateMachineApplyTransactionThread - 0] INFO  bucket.OMBucketCreateRequest (OMBucketCreateRequest.java:validateAndUpdateCache(299)) - created bucket: buc-a-90845 of layout FILE_SYSTEM_OPTIMIZED in volume: vol-b-71956
2023-12-10 08:56:02,923 [main] INFO  rpc.RpcClient (RpcClient.java:createBucket(691)) - Creating Bucket: vol-b-71956/buc-b-99246, with server-side default bucket layout, runner as owner, Versioning false, Storage Type set to DISK and Encryption set to false, Replication Type set to server-side default replication type, Namespace Quota set to -1, Space Quota set to -1 
2023-12-10 08:56:02,924 [om1-OMStateMachineApplyTransactionThread - 0] INFO  bucket.OMBucketCreateRequest (OMBucketCreateRequest.java:validateAndUpdateCache(299)) - created bucket: buc-b-99246 of layout FILE_SYSTEM_OPTIMIZED in volume: vol-b-71956
2023-12-10 08:56:02,936 [om1-OMStateMachineApplyTransactionThread - 0] WARN  snapshot.OMSnapshotCreateRequest (OMSnapshotCreateRequest.java:estimateBucketDataSize(342)) - DefaultReplicationConfig is not correctly set in OmBucketInfo for volume 'vol-a-26122' bucket 'buc-a-90845'. Falling back to config default 'RATIS/THREE'
2023-12-10 08:56:02,937 [om1-OMStateMachineApplyTransactionThread - 0] INFO  snapshot.OMSnapshotCreateRequest (OMSnapshotCreateRequest.java:validateAndUpdateCache(223)) - Created snapshot: 'snapshot-a-0-94522' with snapshotId: 'f3523963-82f3-4112-8423-08f44c0ce0cc' under path 'vol-a-26122/buc-a-90845'
2023-12-10 08:56:02,951 [om1-OMStateMachineApplyTransactionThread - 0] WARN  snapshot.OMSnapshotCreateRequest (OMSnapshotCreateRequest.java:estimateBucketDataSize(342)) - DefaultReplicationConfig is not correctly set in OmBucketInfo for volume 'vol-a-26122' bucket 'buc-b-99246'. Falling back to config default 'RATIS/THREE'
2023-12-10 08:56:02,951 [om1-OMStateMachineApplyTransactionThread - 0] INFO  snapshot.OMSnapshotCreateRequest (OMSnapshotCreateRequest.java:validateAndUpdateCache(223)) - Created snapshot: 'snapshot-a-0-17730' with snapshotId: '00a2df14-f1c6-46f5-90de-13fcac072a79' under path 'vol-a-26122/buc-b-99246'
2023-12-10 08:56:02,966 [om1-OMStateMachineApplyTransactionThread - 0] WARN  snapshot.OMSnapshotCreateRequest (OMSnapshotCreateRequest.java:estimateBucketDataSize(342)) - DefaultReplicationConfig is not correctly set in OmBucketInfo for volume 'vol-b-71956' bucket 'buc-a-90845'. Falling back to config default 'RATIS/THREE'
2023-12-10 08:56:02,966 [om1-OMStateMachineApplyTransactionThread - 0] INFO  snapshot.OMSnapshotCreateRequest (OMSnapshotCreateRequest.java:validateAndUpdateCache(223)) - Created snapshot: 'snapshot-a-0-04902' with snapshotId: '9f28e3a4-e3a4-4a2d-aafb-4260cdf2f425' under path 'vol-b-71956/buc-a-90845'
2023-12-10 08:56:02,977 [om1-OMDoubleBufferFlushThread] INFO  db.RDBCheckpointManager (RDBCheckpointManager.java:createCheckpoint(89)) - Created checkpoint in rocksDB at /home/runner/work/ozone/ozone/hadoop-ozone/integration-test/target/test-dir/MiniOzoneClusterImpl-7f66dfcd-4d84-4460-b9fe-211923c7b7bb/ozone-meta/db.snapshots/checkpointState/om.db-f3523963-82f3-4112-8423-08f44c0ce0cc in 38 milliseconds
2023-12-10 08:56:02,977 [om1-OMDoubleBufferFlushThread] INFO  db.RDBCheckpointUtils (RDBCheckpointUtils.java:waitForCheckpointDirectoryExist(60)) - Waited for 0 milliseconds for checkpoint directory /home/runner/work/ozone/ozone/hadoop-ozone/integration-test/target/test-dir/MiniOzoneClusterImpl-7f66dfcd-4d84-4460-b9fe-211923c7b7bb/ozone-meta/db.snapshots/checkpointState/om.db-f3523963-82f3-4112-8423-08f44c0ce0cc availability.
2023-12-10 08:56:02,978 [om1-OMDoubleBufferFlushThread] INFO  om.OmSnapshotManager (OmSnapshotManager.java:createOmSnapshotCheckpoint(463)) - Created checkpoint : /home/runner/work/ozone/ozone/hadoop-ozone/integration-test/target/test-dir/MiniOzoneClusterImpl-7f66dfcd-4d84-4460-b9fe-211923c7b7bb/ozone-meta/db.snapshots/checkpointState/om.db-f3523963-82f3-4112-8423-08f44c0ce0cc for snapshot snapshot-a-0-94522
2023-12-10 08:56:02,981 [om1-OMStateMachineApplyTransactionThread - 0] WARN  snapshot.OMSnapshotCreateRequest (OMSnapshotCreateRequest.java:estimateBucketDataSize(342)) - DefaultReplicationConfig is not correctly set in OmBucketInfo for volume 'vol-b-71956' bucket 'buc-b-99246'. Falling back to config default 'RATIS/THREE'
2023-12-10 08:56:02,982 [om1-OMStateMachineApplyTransactionThread - 0] INFO  snapshot.OMSnapshotCreateRequest (OMSnapshotCreateRequest.java:validateAndUpdateCache(223)) - Created snapshot: 'snapshot-a-0-94094' with snapshotId: '033c0ecd-a2a6-43d4-9780-52b3a96d58f2' under path 'vol-b-71956/buc-b-99246'
2023-12-10 08:56:02,989 [om1-OMDoubleBufferFlushThread] INFO  db.RDBCheckpointManager (RDBCheckpointManager.java:createCheckpoint(89)) - Created checkpoint in rocksDB at /home/runner/work/ozone/ozone/hadoop-ozone/integration-test/target/test-dir/MiniOzoneClusterImpl-7f66dfcd-4d84-4460-b9fe-211923c7b7bb/ozone-meta/db.snapshots/checkpointState/om.db-00a2df14-f1c6-46f5-90de-13fcac072a79 in 9 milliseconds
2023-12-10 08:56:02,990 [om1-OMDoubleBufferFlushThread] INFO  db.RDBCheckpointUtils (RDBCheckpointUtils.java:waitForCheckpointDirectoryExist(60)) - Waited for 1 milliseconds for checkpoint directory /home/runner/work/ozone/ozone/hadoop-ozone/integration-test/target/test-dir/MiniOzoneClusterImpl-7f66dfcd-4d84-4460-b9fe-211923c7b7bb/ozone-meta/db.snapshots/checkpointState/om.db-00a2df14-f1c6-46f5-90de-13fcac072a79 availability.
2023-12-10 08:56:02,990 [om1-OMDoubleBufferFlushThread] INFO  om.OmSnapshotManager (OmSnapshotManager.java:createOmSnapshotCheckpoint(463)) - Created checkpoint : /home/runner/work/ozone/ozone/hadoop-ozone/integration-test/target/test-dir/MiniOzoneClusterImpl-7f66dfcd-4d84-4460-b9fe-211923c7b7bb/ozone-meta/db.snapshots/checkpointState/om.db-00a2df14-f1c6-46f5-90de-13fcac072a79 for snapshot snapshot-a-0-17730
2023-12-10 08:56:02,997 [om1-OMStateMachineApplyTransactionThread - 0] WARN  snapshot.OMSnapshotCreateRequest (OMSnapshotCreateRequest.java:estimateBucketDataSize(342)) - DefaultReplicationConfig is not correctly set in OmBucketInfo for volume 'vol-a-26122' bucket 'buc-a-90845'. Falling back to config default 'RATIS/THREE'
2023-12-10 08:56:02,997 [om1-OMStateMachineApplyTransactionThread - 0] INFO  snapshot.OMSnapshotCreateRequest (OMSnapshotCreateRequest.java:validateAndUpdateCache(223)) - Created snapshot: 'snapshot-a-1-05809' with snapshotId: 'b1f0b4ea-e026-4bf7-9be3-7db1ae27c142' under path 'vol-a-26122/buc-a-90845'
2023-12-10 08:56:03,000 [om1-OMDoubleBufferFlushThread] INFO  db.RDBCheckpointManager (RDBCheckpointManager.java:createCheckpoint(89)) - Created checkpoint in rocksDB at /home/runner/work/ozone/ozone/hadoop-ozone/integration-test/target/test-dir/MiniOzoneClusterImpl-7f66dfcd-4d84-4460-b9fe-211923c7b7bb/ozone-meta/db.snapshots/checkpointState/om.db-9f28e3a4-e3a4-4a2d-aafb-4260cdf2f425 in 8 milliseconds
2023-12-10 08:56:03,000 [om1-OMDoubleBufferFlushThread] INFO  db.RDBCheckpointUtils (RDBCheckpointUtils.java:waitForCheckpointDirectoryExist(60)) - Waited for 0 milliseconds for checkpoint directory /home/runner/work/ozone/ozone/hadoop-ozone/integration-test/target/test-dir/MiniOzoneClusterImpl-7f66dfcd-4d84-4460-b9fe-211923c7b7bb/ozone-meta/db.snapshots/checkpointState/om.db-9f28e3a4-e3a4-4a2d-aafb-4260cdf2f425 availability.
2023-12-10 08:56:03,001 [om1-OMDoubleBufferFlushThread] INFO  om.OmSnapshotManager (OmSnapshotManager.java:createOmSnapshotCheckpoint(463)) - Created checkpoint : /home/runner/work/ozone/ozone/hadoop-ozone/integration-test/target/test-dir/MiniOzoneClusterImpl-7f66dfcd-4d84-4460-b9fe-211923c7b7bb/ozone-meta/db.snapshots/checkpointState/om.db-9f28e3a4-e3a4-4a2d-aafb-4260cdf2f425 for snapshot snapshot-a-0-04902
2023-12-10 08:56:03,010 [om1-OMDoubleBufferFlushThread] INFO  db.RDBCheckpointManager (RDBCheckpointManager.java:createCheckpoint(89)) - Created checkpoint in rocksDB at /home/runner/work/ozone/ozone/hadoop-ozone/integration-test/target/test-dir/MiniOzoneClusterImpl-7f66dfcd-4d84-4460-b9fe-211923c7b7bb/ozone-meta/db.snapshots/checkpointState/om.db-033c0ecd-a2a6-43d4-9780-52b3a96d58f2 in 8 milliseconds
2023-12-10 08:56:03,011 [om1-OMDoubleBufferFlushThread] INFO  db.RDBCheckpointUtils (RDBCheckpointUtils.java:waitForCheckpointDirectoryExist(60)) - Waited for 1 milliseconds for checkpoint directory /home/runner/work/ozone/ozone/hadoop-ozone/integration-test/target/test-dir/MiniOzoneClusterImpl-7f66dfcd-4d84-4460-b9fe-211923c7b7bb/ozone-meta/db.snapshots/checkpointState/om.db-033c0ecd-a2a6-43d4-9780-52b3a96d58f2 availability.
2023-12-10 08:56:03,011 [om1-OMDoubleBufferFlushThread] INFO  om.OmSnapshotManager (OmSnapshotManager.java:createOmSnapshotCheckpoint(463)) - Created checkpoint : /home/runner/work/ozone/ozone/hadoop-ozone/integration-test/target/test-dir/MiniOzoneClusterImpl-7f66dfcd-4d84-4460-b9fe-211923c7b7bb/ozone-meta/db.snapshots/checkpointState/om.db-033c0ecd-a2a6-43d4-9780-52b3a96d58f2 for snapshot snapshot-a-0-94094
2023-12-10 08:56:03,012 [om1-OMStateMachineApplyTransactionThread - 0] WARN  snapshot.OMSnapshotCreateRequest (OMSnapshotCreateRequest.java:estimateBucketDataSize(342)) - DefaultReplicationConfig is not correctly set in OmBucketInfo for volume 'vol-a-26122' bucket 'buc-b-99246'. Falling back to config default 'RATIS/THREE'
2023-12-10 08:56:03,012 [om1-OMStateMachineApplyTransactionThread - 0] INFO  snapshot.OMSnapshotCreateRequest (OMSnapshotCreateRequest.java:validateAndUpdateCache(223)) - Created snapshot: 'snapshot-a-1-68776' with snapshotId: 'a76e8378-8697-4fbd-ad40-edfd2b2d7a3e' under path 'vol-a-26122/buc-b-99246'
2023-12-10 08:56:03,023 [om1-OMDoubleBufferFlushThread] INFO  db.RDBCheckpointManager (RDBCheckpointManager.java:createCheckpoint(89)) - Created checkpoint in rocksDB at /home/runner/work/ozone/ozone/hadoop-ozone/integration-test/target/test-dir/MiniOzoneClusterImpl-7f66dfcd-4d84-4460-b9fe-211923c7b7bb/ozone-meta/db.snapshots/checkpointState/om.db-b1f0b4ea-e026-4bf7-9be3-7db1ae27c142 in 11 milliseconds
2023-12-10 08:56:03,028 [om1-OMDoubleBufferFlushThread] INFO  db.RDBCheckpointUtils (RDBCheckpointUtils.java:waitForCheckpointDirectoryExist(60)) - Waited for 5 milliseconds for checkpoint directory /home/runner/work/ozone/ozone/hadoop-ozone/integration-test/target/test-dir/MiniOzoneClusterImpl-7f66dfcd-4d84-4460-b9fe-211923c7b7bb/ozone-meta/db.snapshots/checkpointState/om.db-b1f0b4ea-e026-4bf7-9be3-7db1ae27c142 availability.
2023-12-10 08:56:03,029 [om1-OMDoubleBufferFlushThread] INFO  om.OmSnapshotManager (OmSnapshotManager.java:createOmSnapshotCheckpoint(463)) - Created checkpoint : /home/runner/work/ozone/ozone/hadoop-ozone/integration-test/target/test-dir/MiniOzoneClusterImpl-7f66dfcd-4d84-4460-b9fe-211923c7b7bb/ozone-meta/db.snapshots/checkpointState/om.db-b1f0b4ea-e026-4bf7-9be3-7db1ae27c142 for snapshot snapshot-a-1-05809
2023-12-10 08:56:03,034 [om1-OMStateMachineApplyTransactionThread - 0] WARN  snapshot.OMSnapshotCreateRequest (OMSnapshotCreateRequest.java:estimateBucketDataSize(342)) - DefaultReplicationConfig is not correctly set in OmBucketInfo for volume 'vol-b-71956' bucket 'buc-a-90845'. Falling back to config default 'RATIS/THREE'
2023-12-10 08:56:03,035 [om1-OMStateMachineApplyTransactionThread - 0] INFO  snapshot.OMSnapshotCreateRequest (OMSnapshotCreateRequest.java:validateAndUpdateCache(223)) - Created snapshot: 'snapshot-a-1-87317' with snapshotId: 'c6d2179b-4688-43b1-a4a9-3452c1d69d26' under path 'vol-b-71956/buc-a-90845'
2023-12-10 08:56:03,040 [om1-OMDoubleBufferFlushThread] INFO  db.RDBCheckpointManager (RDBCheckpointManager.java:createCheckpoint(89)) - Created checkpoint in rocksDB at /home/runner/work/ozone/ozone/hadoop-ozone/integration-test/target/test-dir/MiniOzoneClusterImpl-7f66dfcd-4d84-4460-b9fe-211923c7b7bb/ozone-meta/db.snapshots/checkpointState/om.db-a76e8378-8697-4fbd-ad40-edfd2b2d7a3e in 10 milliseconds
2023-12-10 08:56:03,041 [om1-OMDoubleBufferFlushThread] INFO  db.RDBCheckpointUtils (RDBCheckpointUtils.java:waitForCheckpointDirectoryExist(60)) - Waited for 1 milliseconds for checkpoint directory /home/runner/work/ozone/ozone/hadoop-ozone/integration-test/target/test-dir/MiniOzoneClusterImpl-7f66dfcd-4d84-4460-b9fe-211923c7b7bb/ozone-meta/db.snapshots/checkpointState/om.db-a76e8378-8697-4fbd-ad40-edfd2b2d7a3e availability.
2023-12-10 08:56:03,041 [om1-OMDoubleBufferFlushThread] INFO  om.OmSnapshotManager (OmSnapshotManager.java:createOmSnapshotCheckpoint(463)) - Created checkpoint : /home/runner/work/ozone/ozone/hadoop-ozone/integration-test/target/test-dir/MiniOzoneClusterImpl-7f66dfcd-4d84-4460-b9fe-211923c7b7bb/ozone-meta/db.snapshots/checkpointState/om.db-a76e8378-8697-4fbd-ad40-edfd2b2d7a3e for snapshot snapshot-a-1-68776
2023-12-10 08:56:03,051 [om1-OMStateMachineApplyTransactionThread - 0] WARN  snapshot.OMSnapshotCreateRequest (OMSnapshotCreateRequest.java:estimateBucketDataSize(342)) - DefaultReplicationConfig is not correctly set in OmBucketInfo for volume 'vol-b-71956' bucket 'buc-b-99246'. Falling back to config default 'RATIS/THREE'
2023-12-10 08:56:03,051 [om1-OMStateMachineApplyTransactionThread - 0] INFO  snapshot.OMSnapshotCreateRequest (OMSnapshotCreateRequest.java:validateAndUpdateCache(223)) - Created snapshot: 'snapshot-a-1-68338' with snapshotId: '766c562d-5545-49e1-97a1-0cf48035c84d' under path 'vol-b-71956/buc-b-99246'
2023-12-10 08:56:03,052 [om1-OMDoubleBufferFlushThread] INFO  db.RDBCheckpointManager (RDBCheckpointManager.java:createCheckpoint(89)) - Created checkpoint in rocksDB at /home/runner/work/ozone/ozone/hadoop-ozone/integration-test/target/test-dir/MiniOzoneClusterImpl-7f66dfcd-4d84-4460-b9fe-211923c7b7bb/ozone-meta/db.snapshots/checkpointState/om.db-c6d2179b-4688-43b1-a4a9-3452c1d69d26 in 9 milliseconds
2023-12-10 08:56:03,052 [om1-OMDoubleBufferFlushThread] INFO  db.RDBCheckpointUtils (RDBCheckpointUtils.java:waitForCheckpointDirectoryExist(60)) - Waited for 0 milliseconds for checkpoint directory /home/runner/work/ozone/ozone/hadoop-ozone/integration-test/target/test-dir/MiniOzoneClusterImpl-7f66dfcd-4d84-4460-b9fe-211923c7b7bb/ozone-meta/db.snapshots/checkpointState/om.db-c6d2179b-4688-43b1-a4a9-3452c1d69d26 availability.
2023-12-10 08:56:03,053 [om1-OMDoubleBufferFlushThread] INFO  om.OmSnapshotManager (OmSnapshotManager.java:createOmSnapshotCheckpoint(463)) - Created checkpoint : /home/runner/work/ozone/ozone/hadoop-ozone/integration-test/target/test-dir/MiniOzoneClusterImpl-7f66dfcd-4d84-4460-b9fe-211923c7b7bb/ozone-meta/db.snapshots/checkpointState/om.db-c6d2179b-4688-43b1-a4a9-3452c1d69d26 for snapshot snapshot-a-1-87317
2023-12-10 08:56:03,064 [om1-OMStateMachineApplyTransactionThread - 0] WARN  snapshot.OMSnapshotCreateRequest (OMSnapshotCreateRequest.java:estimateBucketDataSize(342)) - DefaultReplicationConfig is not correctly set in OmBucketInfo for volume 'vol-a-26122' bucket 'buc-a-90845'. Falling back to config default 'RATIS/THREE'
2023-12-10 08:56:03,065 [om1-OMStateMachineApplyTransactionThread - 0] INFO  snapshot.OMSnapshotCreateRequest (OMSnapshotCreateRequest.java:validateAndUpdateCache(223)) - Created snapshot: 'snapshot-a-2-67875' with snapshotId: '8a93c43c-cd58-4f69-9e8e-fc90bdeec539' under path 'vol-a-26122/buc-a-90845'
2023-12-10 08:56:03,066 [om1-OMDoubleBufferFlushThread] INFO  db.RDBCheckpointManager (RDBCheckpointManager.java:createCheckpoint(89)) - Created checkpoint in rocksDB at /home/runner/work/ozone/ozone/hadoop-ozone/integration-test/target/test-dir/MiniOzoneClusterImpl-7f66dfcd-4d84-4460-b9fe-211923c7b7bb/ozone-meta/db.snapshots/checkpointState/om.db-766c562d-5545-49e1-97a1-0cf48035c84d in 12 milliseconds
2023-12-10 08:56:03,067 [om1-OMDoubleBufferFlushThread] INFO  db.RDBCheckpointUtils (RDBCheckpointUtils.java:waitForCheckpointDirectoryExist(60)) - Waited for 1 milliseconds for checkpoint directory /home/runner/work/ozone/ozone/hadoop-ozone/integration-test/target/test-dir/MiniOzoneClusterImpl-7f66dfcd-4d84-4460-b9fe-211923c7b7bb/ozone-meta/db.snapshots/checkpointState/om.db-766c562d-5545-49e1-97a1-0cf48035c84d availability.
2023-12-10 08:56:03,067 [om1-OMDoubleBufferFlushThread] INFO  om.OmSnapshotManager (OmSnapshotManager.java:createOmSnapshotCheckpoint(463)) - Created checkpoint : /home/runner/work/ozone/ozone/hadoop-ozone/integration-test/target/test-dir/MiniOzoneClusterImpl-7f66dfcd-4d84-4460-b9fe-211923c7b7bb/ozone-meta/db.snapshots/checkpointState/om.db-766c562d-5545-49e1-97a1-0cf48035c84d for snapshot snapshot-a-1-68338
2023-12-10 08:56:03,079 [om1-OMDoubleBufferFlushThread] INFO  db.RDBCheckpointManager (RDBCheckpointManager.java:createCheckpoint(89)) - Created checkpoint in rocksDB at /home/runner/work/ozone/ozone/hadoop-ozone/integration-test/target/test-dir/MiniOzoneClusterImpl-7f66dfcd-4d84-4460-b9fe-211923c7b7bb/ozone-meta/db.snapshots/checkpointState/om.db-8a93c43c-cd58-4f69-9e8e-fc90bdeec539 in 11 milliseconds
2023-12-10 08:56:03,079 [om1-OMDoubleBufferFlushThread] INFO  db.RDBCheckpointUtils (RDBCheckpointUtils.java:waitForCheckpointDirectoryExist(60)) - Waited for 0 milliseconds for checkpoint directory /home/runner/work/ozone/ozone/hadoop-ozone/integration-test/target/test-dir/MiniOzoneClusterImpl-7f66dfcd-4d84-4460-b9fe-211923c7b7bb/ozone-meta/db.snapshots/checkpointState/om.db-8a93c43c-cd58-4f69-9e8e-fc90bdeec539 availability.
2023-12-10 08:56:03,080 [om1-OMStateMachineApplyTransactionThread - 0] WARN  snapshot.OMSnapshotCreateRequest (OMSnapshotCreateRequest.java:estimateBucketDataSize(342)) - DefaultReplicationConfig is not correctly set in OmBucketInfo for volume 'vol-a-26122' bucket 'buc-b-99246'. Falling back to config default 'RATIS/THREE'
2023-12-10 08:56:03,080 [om1-OMStateMachineApplyTransactionThread - 0] INFO  snapshot.OMSnapshotCreateRequest (OMSnapshotCreateRequest.java:validateAndUpdateCache(223)) - Created snapshot: 'snapshot-a-2-80666' with snapshotId: '8595cfe8-fd00-443a-9af3-04f2d5fe3053' under path 'vol-a-26122/buc-b-99246'
2023-12-10 08:56:03,080 [om1-OMDoubleBufferFlushThread] INFO  om.OmSnapshotManager (OmSnapshotManager.java:createOmSnapshotCheckpoint(463)) - Created checkpoint : /home/runner/work/ozone/ozone/hadoop-ozone/integration-test/target/test-dir/MiniOzoneClusterImpl-7f66dfcd-4d84-4460-b9fe-211923c7b7bb/ozone-meta/db.snapshots/checkpointState/om.db-8a93c43c-cd58-4f69-9e8e-fc90bdeec539 for snapshot snapshot-a-2-67875
2023-12-10 08:56:03,091 [om1-OMDoubleBufferFlushThread] INFO  db.RDBCheckpointManager (RDBCheckpointManager.java:createCheckpoint(89)) - Created checkpoint in rocksDB at /home/runner/work/ozone/ozone/hadoop-ozone/integration-test/target/test-dir/MiniOzoneClusterImpl-7f66dfcd-4d84-4460-b9fe-211923c7b7bb/ozone-meta/db.snapshots/checkpointState/om.db-8595cfe8-fd00-443a-9af3-04f2d5fe3053 in 10 milliseconds
2023-12-10 08:56:03,091 [om1-OMDoubleBufferFlushThread] INFO  db.RDBCheckpointUtils (RDBCheckpointUtils.java:waitForCheckpointDirectoryExist(60)) - Waited for 0 milliseconds for checkpoint directory /home/runner/work/ozone/ozone/hadoop-ozone/integration-test/target/test-dir/MiniOzoneClusterImpl-7f66dfcd-4d84-4460-b9fe-211923c7b7bb/ozone-meta/db.snapshots/checkpointState/om.db-8595cfe8-fd00-443a-9af3-04f2d5fe3053 availability.
2023-12-10 08:56:03,091 [om1-OMDoubleBufferFlushThread] INFO  om.OmSnapshotManager (OmSnapshotManager.java:createOmSnapshotCheckpoint(463)) - Created checkpoint : /home/runner/work/ozone/ozone/hadoop-ozone/integration-test/target/test-dir/MiniOzoneClusterImpl-7f66dfcd-4d84-4460-b9fe-211923c7b7bb/ozone-meta/db.snapshots/checkpointState/om.db-8595cfe8-fd00-443a-9af3-04f2d5fe3053 for snapshot snapshot-a-2-80666
2023-12-10 08:56:03,097 [om1-OMStateMachineApplyTransactionThread - 0] WARN  snapshot.OMSnapshotCreateRequest (OMSnapshotCreateRequest.java:estimateBucketDataSize(342)) - DefaultReplicationConfig is not correctly set in OmBucketInfo for volume 'vol-b-71956' bucket 'buc-a-90845'. Falling back to config default 'RATIS/THREE'
2023-12-10 08:56:03,097 [om1-OMStateMachineApplyTransactionThread - 0] INFO  snapshot.OMSnapshotCreateRequest (OMSnapshotCreateRequest.java:validateAndUpdateCache(223)) - Created snapshot: 'snapshot-a-2-65283' with snapshotId: '5c1aa7ff-61ae-49e2-ae56-2f90cfee91a2' under path 'vol-b-71956/buc-a-90845'
2023-12-10 08:56:03,106 [om1-OMDoubleBufferFlushThread] INFO  db.RDBCheckpointManager (RDBCheckpointManager.java:createCheckpoint(89)) - Created checkpoint in rocksDB at /home/runner/work/ozone/ozone/hadoop-ozone/integration-test/target/test-dir/MiniOzoneClusterImpl-7f66dfcd-4d84-4460-b9fe-211923c7b7bb/ozone-meta/db.snapshots/checkpointState/om.db-5c1aa7ff-61ae-49e2-ae56-2f90cfee91a2 in 8 milliseconds
2023-12-10 08:56:03,107 [om1-OMDoubleBufferFlushThread] INFO  db.RDBCheckpointUtils (RDBCheckpointUtils.java:waitForCheckpointDirectoryExist(60)) - Waited for 1 milliseconds for checkpoint directory /home/runner/work/ozone/ozone/hadoop-ozone/integration-test/target/test-dir/MiniOzoneClusterImpl-7f66dfcd-4d84-4460-b9fe-211923c7b7bb/ozone-meta/db.snapshots/checkpointState/om.db-5c1aa7ff-61ae-49e2-ae56-2f90cfee91a2 availability.
2023-12-10 08:56:03,107 [om1-OMDoubleBufferFlushThread] INFO  om.OmSnapshotManager (OmSnapshotManager.java:createOmSnapshotCheckpoint(463)) - Created checkpoint : /home/runner/work/ozone/ozone/hadoop-ozone/integration-test/target/test-dir/MiniOzoneClusterImpl-7f66dfcd-4d84-4460-b9fe-211923c7b7bb/ozone-meta/db.snapshots/checkpointState/om.db-5c1aa7ff-61ae-49e2-ae56-2f90cfee91a2 for snapshot snapshot-a-2-65283
2023-12-10 08:56:03,111 [om1-OMStateMachineApplyTransactionThread - 0] WARN  snapshot.OMSnapshotCreateRequest (OMSnapshotCreateRequest.java:estimateBucketDataSize(342)) - DefaultReplicationConfig is not correctly set in OmBucketInfo for volume 'vol-b-71956' bucket 'buc-b-99246'. Falling back to config default 'RATIS/THREE'
2023-12-10 08:56:03,112 [om1-OMStateMachineApplyTransactionThread - 0] INFO  snapshot.OMSnapshotCreateRequest (OMSnapshotCreateRequest.java:validateAndUpdateCache(223)) - Created snapshot: 'snapshot-a-2-85164' with snapshotId: '2b998dc5-d34c-485d-91e0-7809252e19c4' under path 'vol-b-71956/buc-b-99246'
2023-12-10 08:56:03,120 [om1-OMDoubleBufferFlushThread] INFO  db.RDBCheckpointManager (RDBCheckpointManager.java:createCheckpoint(89)) - Created checkpoint in rocksDB at /home/runner/work/ozone/ozone/hadoop-ozone/integration-test/target/test-dir/MiniOzoneClusterImpl-7f66dfcd-4d84-4460-b9fe-211923c7b7bb/ozone-meta/db.snapshots/checkpointState/om.db-2b998dc5-d34c-485d-91e0-7809252e19c4 in 8 milliseconds
2023-12-10 08:56:03,121 [om1-OMDoubleBufferFlushThread] INFO  db.RDBCheckpointUtils (RDBCheckpointUtils.java:waitForCheckpointDirectoryExist(60)) - Waited for 1 milliseconds for checkpoint directory /home/runner/work/ozone/ozone/hadoop-ozone/integration-test/target/test-dir/MiniOzoneClusterImpl-7f66dfcd-4d84-4460-b9fe-211923c7b7bb/ozone-meta/db.snapshots/checkpointState/om.db-2b998dc5-d34c-485d-91e0-7809252e19c4 availability.
2023-12-10 08:56:03,121 [om1-OMDoubleBufferFlushThread] INFO  om.OmSnapshotManager (OmSnapshotManager.java:createOmSnapshotCheckpoint(463)) - Created checkpoint : /home/runner/work/ozone/ozone/hadoop-ozone/integration-test/target/test-dir/MiniOzoneClusterImpl-7f66dfcd-4d84-4460-b9fe-211923c7b7bb/ozone-meta/db.snapshots/checkpointState/om.db-2b998dc5-d34c-485d-91e0-7809252e19c4 for snapshot snapshot-a-2-85164
2023-12-10 08:56:03,126 [om1-OMStateMachineApplyTransactionThread - 0] WARN  snapshot.OMSnapshotCreateRequest (OMSnapshotCreateRequest.java:estimateBucketDataSize(342)) - DefaultReplicationConfig is not correctly set in OmBucketInfo for volume 'vol-a-26122' bucket 'buc-a-90845'. Falling back to config default 'RATIS/THREE'
2023-12-10 08:56:03,126 [om1-OMStateMachineApplyTransactionThread - 0] INFO  snapshot.OMSnapshotCreateRequest (OMSnapshotCreateRequest.java:validateAndUpdateCache(223)) - Created snapshot: 'snapshot-a-3-14849' with snapshotId: 'fec080f0-0597-4462-b009-93df900b73a4' under path 'vol-a-26122/buc-a-90845'
2023-12-10 08:56:03,135 [om1-OMDoubleBufferFlushThread] INFO  db.RDBCheckpointManager (RDBCheckpointManager.java:createCheckpoint(89)) - Created checkpoint in rocksDB at /home/runner/work/ozone/ozone/hadoop-ozone/integration-test/target/test-dir/MiniOzoneClusterImpl-7f66dfcd-4d84-4460-b9fe-211923c7b7bb/ozone-meta/db.snapshots/checkpointState/om.db-fec080f0-0597-4462-b009-93df900b73a4 in 8 milliseconds
2023-12-10 08:56:03,135 [om1-OMDoubleBufferFlushThread] INFO  db.RDBCheckpointUtils (RDBCheckpointUtils.java:waitForCheckpointDirectoryExist(60)) - Waited for 0 milliseconds for checkpoint directory /home/runner/work/ozone/ozone/hadoop-ozone/integration-test/target/test-dir/MiniOzoneClusterImpl-7f66dfcd-4d84-4460-b9fe-211923c7b7bb/ozone-meta/db.snapshots/checkpointState/om.db-fec080f0-0597-4462-b009-93df900b73a4 availability.
2023-12-10 08:56:03,136 [om1-OMDoubleBufferFlushThread] INFO  om.OmSnapshotManager (OmSnapshotManager.java:createOmSnapshotCheckpoint(463)) - Created checkpoint : /home/runner/work/ozone/ozone/hadoop-ozone/integration-test/target/test-dir/MiniOzoneClusterImpl-7f66dfcd-4d84-4460-b9fe-211923c7b7bb/ozone-meta/db.snapshots/checkpointState/om.db-fec080f0-0597-4462-b009-93df900b73a4 for snapshot snapshot-a-3-14849
2023-12-10 08:56:03,140 [om1-OMStateMachineApplyTransactionThread - 0] WARN  snapshot.OMSnapshotCreateRequest (OMSnapshotCreateRequest.java:estimateBucketDataSize(342)) - DefaultReplicationConfig is not correctly set in OmBucketInfo for volume 'vol-a-26122' bucket 'buc-b-99246'. Falling back to config default 'RATIS/THREE'
2023-12-10 08:56:03,140 [om1-OMStateMachineApplyTransactionThread - 0] INFO  snapshot.OMSnapshotCreateRequest (OMSnapshotCreateRequest.java:validateAndUpdateCache(223)) - Created snapshot: 'snapshot-a-3-45667' with snapshotId: '05a4fc91-5e17-4ab2-8f1c-243894f6cc86' under path 'vol-a-26122/buc-b-99246'
2023-12-10 08:56:03,150 [om1-OMDoubleBufferFlushThread] INFO  db.RDBCheckpointManager (RDBCheckpointManager.java:createCheckpoint(89)) - Created checkpoint in rocksDB at /home/runner/work/ozone/ozone/hadoop-ozone/integration-test/target/test-dir/MiniOzoneClusterImpl-7f66dfcd-4d84-4460-b9fe-211923c7b7bb/ozone-meta/db.snapshots/checkpointState/om.db-05a4fc91-5e17-4ab2-8f1c-243894f6cc86 in 9 milliseconds
2023-12-10 08:56:03,150 [om1-OMDoubleBufferFlushThread] INFO  db.RDBCheckpointUtils (RDBCheckpointUtils.java:waitForCheckpointDirectoryExist(60)) - Waited for 0 milliseconds for checkpoint directory /home/runner/work/ozone/ozone/hadoop-ozone/integration-test/target/test-dir/MiniOzoneClusterImpl-7f66dfcd-4d84-4460-b9fe-211923c7b7bb/ozone-meta/db.snapshots/checkpointState/om.db-05a4fc91-5e17-4ab2-8f1c-243894f6cc86 availability.
2023-12-10 08:56:03,151 [om1-OMDoubleBufferFlushThread] INFO  om.OmSnapshotManager (OmSnapshotManager.java:createOmSnapshotCheckpoint(463)) - Created checkpoint : /home/runner/work/ozone/ozone/hadoop-ozone/integration-test/target/test-dir/MiniOzoneClusterImpl-7f66dfcd-4d84-4460-b9fe-211923c7b7bb/ozone-meta/db.snapshots/checkpointState/om.db-05a4fc91-5e17-4ab2-8f1c-243894f6cc86 for snapshot snapshot-a-3-45667
2023-12-10 08:56:03,154 [om1-OMStateMachineApplyTransactionThread - 0] WARN  snapshot.OMSnapshotCreateRequest (OMSnapshotCreateRequest.java:estimateBucketDataSize(342)) - DefaultReplicationConfig is not correctly set in OmBucketInfo for volume 'vol-b-71956' bucket 'buc-a-90845'. Falling back to config default 'RATIS/THREE'
2023-12-10 08:56:03,154 [om1-OMStateMachineApplyTransactionThread - 0] INFO  snapshot.OMSnapshotCreateRequest (OMSnapshotCreateRequest.java:validateAndUpdateCache(223)) - Created snapshot: 'snapshot-a-3-93221' with snapshotId: '7eae3898-d87f-4f31-86f6-0a3f2299295e' under path 'vol-b-71956/buc-a-90845'
2023-12-10 08:56:03,163 [om1-OMDoubleBufferFlushThread] INFO  db.RDBCheckpointManager (RDBCheckpointManager.java:createCheckpoint(89)) - Created checkpoint in rocksDB at /home/runner/work/ozone/ozone/hadoop-ozone/integration-test/target/test-dir/MiniOzoneClusterImpl-7f66dfcd-4d84-4460-b9fe-211923c7b7bb/ozone-meta/db.snapshots/checkpointState/om.db-7eae3898-d87f-4f31-86f6-0a3f2299295e in 8 milliseconds
2023-12-10 08:56:03,163 [om1-OMDoubleBufferFlushThread] INFO  db.RDBCheckpointUtils (RDBCheckpointUtils.java:waitForCheckpointDirectoryExist(60)) - Waited for 0 milliseconds for checkpoint directory /home/runner/work/ozone/ozone/hadoop-ozone/integration-test/target/test-dir/MiniOzoneClusterImpl-7f66dfcd-4d84-4460-b9fe-211923c7b7bb/ozone-meta/db.snapshots/checkpointState/om.db-7eae3898-d87f-4f31-86f6-0a3f2299295e availability.
2023-12-10 08:56:03,163 [om1-OMDoubleBufferFlushThread] INFO  om.OmSnapshotManager (OmSnapshotManager.java:createOmSnapshotCheckpoint(463)) - Created checkpoint : /home/runner/work/ozone/ozone/hadoop-ozone/integration-test/target/test-dir/MiniOzoneClusterImpl-7f66dfcd-4d84-4460-b9fe-211923c7b7bb/ozone-meta/db.snapshots/checkpointState/om.db-7eae3898-d87f-4f31-86f6-0a3f2299295e for snapshot snapshot-a-3-93221
2023-12-10 08:56:03,170 [om1-OMStateMachineApplyTransactionThread - 0] WARN  snapshot.OMSnapshotCreateRequest (OMSnapshotCreateRequest.java:estimateBucketDataSize(342)) - DefaultReplicationConfig is not correctly set in OmBucketInfo for volume 'vol-b-71956' bucket 'buc-b-99246'. Falling back to config default 'RATIS/THREE'
2023-12-10 08:56:03,170 [om1-OMStateMachineApplyTransactionThread - 0] INFO  snapshot.OMSnapshotCreateRequest (OMSnapshotCreateRequest.java:validateAndUpdateCache(223)) - Created snapshot: 'snapshot-a-3-25552' with snapshotId: 'f1286e2f-23f0-4f74-8c35-ee6c849eadc8' under path 'vol-b-71956/buc-b-99246'
2023-12-10 08:56:03,180 [om1-OMDoubleBufferFlushThread] INFO  db.RDBCheckpointManager (RDBCheckpointManager.java:createCheckpoint(89)) - Created checkpoint in rocksDB at /home/runner/work/ozone/ozone/hadoop-ozone/integration-test/target/test-dir/MiniOzoneClusterImpl-7f66dfcd-4d84-4460-b9fe-211923c7b7bb/ozone-meta/db.snapshots/checkpointState/om.db-f1286e2f-23f0-4f74-8c35-ee6c849eadc8 in 9 milliseconds
2023-12-10 08:56:03,181 [om1-OMDoubleBufferFlushThread] INFO  db.RDBCheckpointUtils (RDBCheckpointUtils.java:waitForCheckpointDirectoryExist(60)) - Waited for 0 milliseconds for checkpoint directory /home/runner/work/ozone/ozone/hadoop-ozone/integration-test/target/test-dir/MiniOzoneClusterImpl-7f66dfcd-4d84-4460-b9fe-211923c7b7bb/ozone-meta/db.snapshots/checkpointState/om.db-f1286e2f-23f0-4f74-8c35-ee6c849eadc8 availability.
2023-12-10 08:56:03,182 [om1-OMDoubleBufferFlushThread] INFO  om.OmSnapshotManager (OmSnapshotManager.java:createOmSnapshotCheckpoint(463)) - Created checkpoint : /home/runner/work/ozone/ozone/hadoop-ozone/integration-test/target/test-dir/MiniOzoneClusterImpl-7f66dfcd-4d84-4460-b9fe-211923c7b7bb/ozone-meta/db.snapshots/checkpointState/om.db-f1286e2f-23f0-4f74-8c35-ee6c849eadc8 for snapshot snapshot-a-3-25552
2023-12-10 08:56:03,185 [om1-OMStateMachineApplyTransactionThread - 0] WARN  snapshot.OMSnapshotCreateRequest (OMSnapshotCreateRequest.java:estimateBucketDataSize(342)) - DefaultReplicationConfig is not correctly set in OmBucketInfo for volume 'vol-a-26122' bucket 'buc-a-90845'. Falling back to config default 'RATIS/THREE'
2023-12-10 08:56:03,186 [om1-OMStateMachineApplyTransactionThread - 0] INFO  snapshot.OMSnapshotCreateRequest (OMSnapshotCreateRequest.java:validateAndUpdateCache(223)) - Created snapshot: 'snapshot-a-4-82812' with snapshotId: '21908672-256d-43b3-af42-0ebbd1d27e4e' under path 'vol-a-26122/buc-a-90845'
2023-12-10 08:56:03,195 [om1-OMDoubleBufferFlushThread] INFO  db.RDBCheckpointManager (RDBCheckpointManager.java:createCheckpoint(89)) - Created checkpoint in rocksDB at /home/runner/work/ozone/ozone/hadoop-ozone/integration-test/target/test-dir/MiniOzoneClusterImpl-7f66dfcd-4d84-4460-b9fe-211923c7b7bb/ozone-meta/db.snapshots/checkpointState/om.db-21908672-256d-43b3-af42-0ebbd1d27e4e in 9 milliseconds
2023-12-10 08:56:03,195 [om1-OMDoubleBufferFlushThread] INFO  db.RDBCheckpointUtils (RDBCheckpointUtils.java:waitForCheckpointDirectoryExist(60)) - Waited for 0 milliseconds for checkpoint directory /home/runner/work/ozone/ozone/hadoop-ozone/integration-test/target/test-dir/MiniOzoneClusterImpl-7f66dfcd-4d84-4460-b9fe-211923c7b7bb/ozone-meta/db.snapshots/checkpointState/om.db-21908672-256d-43b3-af42-0ebbd1d27e4e availability.
2023-12-10 08:56:03,195 [om1-OMDoubleBufferFlushThread] INFO  om.OmSnapshotManager (OmSnapshotManager.java:createOmSnapshotCheckpoint(463)) - Created checkpoint : /home/runner/work/ozone/ozone/hadoop-ozone/integration-test/target/test-dir/MiniOzoneClusterImpl-7f66dfcd-4d84-4460-b9fe-211923c7b7bb/ozone-meta/db.snapshots/checkpointState/om.db-21908672-256d-43b3-af42-0ebbd1d27e4e for snapshot snapshot-a-4-82812
2023-12-10 08:56:03,199 [om1-OMStateMachineApplyTransactionThread - 0] WARN  snapshot.OMSnapshotCreateRequest (OMSnapshotCreateRequest.java:estimateBucketDataSize(342)) - DefaultReplicationConfig is not correctly set in OmBucketInfo for volume 'vol-a-26122' bucket 'buc-b-99246'. Falling back to config default 'RATIS/THREE'
2023-12-10 08:56:03,199 [om1-OMStateMachineApplyTransactionThread - 0] INFO  snapshot.OMSnapshotCreateRequest (OMSnapshotCreateRequest.java:validateAndUpdateCache(223)) - Created snapshot: 'snapshot-a-4-06013' with snapshotId: '97217afb-032d-4292-a68f-a33c0009aadb' under path 'vol-a-26122/buc-b-99246'
2023-12-10 08:56:03,209 [om1-OMDoubleBufferFlushThread] INFO  db.RDBCheckpointManager (RDBCheckpointManager.java:createCheckpoint(89)) - Created checkpoint in rocksDB at /home/runner/work/ozone/ozone/hadoop-ozone/integration-test/target/test-dir/MiniOzoneClusterImpl-7f66dfcd-4d84-4460-b9fe-211923c7b7bb/ozone-meta/db.snapshots/checkpointState/om.db-97217afb-032d-4292-a68f-a33c0009aadb in 9 milliseconds
2023-12-10 08:56:03,209 [om1-OMDoubleBufferFlushThread] INFO  db.RDBCheckpointUtils (RDBCheckpointUtils.java:waitForCheckpointDirectoryExist(60)) - Waited for 0 milliseconds for checkpoint directory /home/runner/work/ozone/ozone/hadoop-ozone/integration-test/target/test-dir/MiniOzoneClusterImpl-7f66dfcd-4d84-4460-b9fe-211923c7b7bb/ozone-meta/db.snapshots/checkpointState/om.db-97217afb-032d-4292-a68f-a33c0009aadb availability.
2023-12-10 08:56:03,210 [om1-OMDoubleBufferFlushThread] INFO  om.OmSnapshotManager (OmSnapshotManager.java:createOmSnapshotCheckpoint(463)) - Created checkpoint : /home/runner/work/ozone/ozone/hadoop-ozone/integration-test/target/test-dir/MiniOzoneClusterImpl-7f66dfcd-4d84-4460-b9fe-211923c7b7bb/ozone-meta/db.snapshots/checkpointState/om.db-97217afb-032d-4292-a68f-a33c0009aadb for snapshot snapshot-a-4-06013
2023-12-10 08:56:03,215 [om1-OMStateMachineApplyTransactionThread - 0] WARN  snapshot.OMSnapshotCreateRequest (OMSnapshotCreateRequest.java:estimateBucketDataSize(342)) - DefaultReplicationConfig is not correctly set in OmBucketInfo for volume 'vol-b-71956' bucket 'buc-a-90845'. Falling back to config default 'RATIS/THREE'
2023-12-10 08:56:03,216 [om1-OMStateMachineApplyTransactionThread - 0] INFO  snapshot.OMSnapshotCreateRequest (OMSnapshotCreateRequest.java:validateAndUpdateCache(223)) - Created snapshot: 'snapshot-a-4-45391' with snapshotId: '5533919a-e170-44c9-9261-b8e2d48a014c' under path 'vol-b-71956/buc-a-90845'
2023-12-10 08:56:03,225 [om1-OMDoubleBufferFlushThread] INFO  db.RDBCheckpointManager (RDBCheckpointManager.java:createCheckpoint(89)) - Created checkpoint in rocksDB at /home/runner/work/ozone/ozone/hadoop-ozone/integration-test/target/test-dir/MiniOzoneClusterImpl-7f66dfcd-4d84-4460-b9fe-211923c7b7bb/ozone-meta/db.snapshots/checkpointState/om.db-5533919a-e170-44c9-9261-b8e2d48a014c in 8 milliseconds
2023-12-10 08:56:03,225 [om1-OMDoubleBufferFlushThread] INFO  db.RDBCheckpointUtils (RDBCheckpointUtils.java:waitForCheckpointDirectoryExist(60)) - Waited for 0 milliseconds for checkpoint directory /home/runner/work/ozone/ozone/hadoop-ozone/integration-test/target/test-dir/MiniOzoneClusterImpl-7f66dfcd-4d84-4460-b9fe-211923c7b7bb/ozone-meta/db.snapshots/checkpointState/om.db-5533919a-e170-44c9-9261-b8e2d48a014c availability.
2023-12-10 08:56:03,226 [om1-OMDoubleBufferFlushThread] INFO  om.OmSnapshotManager (OmSnapshotManager.java:createOmSnapshotCheckpoint(463)) - Created checkpoint : /home/runner/work/ozone/ozone/hadoop-ozone/integration-test/target/test-dir/MiniOzoneClusterImpl-7f66dfcd-4d84-4460-b9fe-211923c7b7bb/ozone-meta/db.snapshots/checkpointState/om.db-5533919a-e170-44c9-9261-b8e2d48a014c for snapshot snapshot-a-4-45391
2023-12-10 08:56:03,230 [om1-OMStateMachineApplyTransactionThread - 0] WARN  snapshot.OMSnapshotCreateRequest (OMSnapshotCreateRequest.java:estimateBucketDataSize(342)) - DefaultReplicationConfig is not correctly set in OmBucketInfo for volume 'vol-b-71956' bucket 'buc-b-99246'. Falling back to config default 'RATIS/THREE'
2023-12-10 08:56:03,230 [om1-OMStateMachineApplyTransactionThread - 0] INFO  snapshot.OMSnapshotCreateRequest (OMSnapshotCreateRequest.java:validateAndUpdateCache(223)) - Created snapshot: 'snapshot-a-4-58819' with snapshotId: 'e8ce776a-33d4-449f-9300-ab4791d8e056' under path 'vol-b-71956/buc-b-99246'
2023-12-10 08:56:03,240 [om1-OMDoubleBufferFlushThread] INFO  db.RDBCheckpointManager (RDBCheckpointManager.java:createCheckpoint(89)) - Created checkpoint in rocksDB at /home/runner/work/ozone/ozone/hadoop-ozone/integration-test/target/test-dir/MiniOzoneClusterImpl-7f66dfcd-4d84-4460-b9fe-211923c7b7bb/ozone-meta/db.snapshots/checkpointState/om.db-e8ce776a-33d4-449f-9300-ab4791d8e056 in 9 milliseconds
2023-12-10 08:56:03,240 [om1-OMDoubleBufferFlushThread] INFO  db.RDBCheckpointUtils (RDBCheckpointUtils.java:waitForCheckpointDirectoryExist(60)) - Waited for 0 milliseconds for checkpoint directory /home/runner/work/ozone/ozone/hadoop-ozone/integration-test/target/test-dir/MiniOzoneClusterImpl-7f66dfcd-4d84-4460-b9fe-211923c7b7bb/ozone-meta/db.snapshots/checkpointState/om.db-e8ce776a-33d4-449f-9300-ab4791d8e056 availability.
2023-12-10 08:56:03,241 [om1-OMDoubleBufferFlushThread] INFO  om.OmSnapshotManager (OmSnapshotManager.java:createOmSnapshotCheckpoint(463)) - Created checkpoint : /home/runner/work/ozone/ozone/hadoop-ozone/integration-test/target/test-dir/MiniOzoneClusterImpl-7f66dfcd-4d84-4460-b9fe-211923c7b7bb/ozone-meta/db.snapshots/checkpointState/om.db-e8ce776a-33d4-449f-9300-ab4791d8e056 for snapshot snapshot-a-4-58819
2023-12-10 08:56:03,244 [om1-OMStateMachineApplyTransactionThread - 0] WARN  snapshot.OMSnapshotCreateRequest (OMSnapshotCreateRequest.java:estimateBucketDataSize(342)) - DefaultReplicationConfig is not correctly set in OmBucketInfo for volume 'vol-a-26122' bucket 'buc-a-90845'. Falling back to config default 'RATIS/THREE'
2023-12-10 08:56:03,244 [om1-OMStateMachineApplyTransactionThread - 0] INFO  snapshot.OMSnapshotCreateRequest (OMSnapshotCreateRequest.java:validateAndUpdateCache(223)) - Created snapshot: 'snapshot-a-5-32179' with snapshotId: 'f02fcdf7-cc3d-443d-970f-26c1a0f6cf4e' under path 'vol-a-26122/buc-a-90845'
2023-12-10 08:56:03,252 [om1-OMDoubleBufferFlushThread] INFO  db.RDBCheckpointManager (RDBCheckpointManager.java:createCheckpoint(89)) - Created checkpoint in rocksDB at /home/runner/work/ozone/ozone/hadoop-ozone/integration-test/target/test-dir/MiniOzoneClusterImpl-7f66dfcd-4d84-4460-b9fe-211923c7b7bb/ozone-meta/db.snapshots/checkpointState/om.db-f02fcdf7-cc3d-443d-970f-26c1a0f6cf4e in 7 milliseconds
2023-12-10 08:56:03,252 [om1-OMDoubleBufferFlushThread] INFO  db.RDBCheckpointUtils (RDBCheckpointUtils.java:waitForCheckpointDirectoryExist(60)) - Waited for 0 milliseconds for checkpoint directory /home/runner/work/ozone/ozone/hadoop-ozone/integration-test/target/test-dir/MiniOzoneClusterImpl-7f66dfcd-4d84-4460-b9fe-211923c7b7bb/ozone-meta/db.snapshots/checkpointState/om.db-f02fcdf7-cc3d-443d-970f-26c1a0f6cf4e availability.
2023-12-10 08:56:03,253 [om1-OMDoubleBufferFlushThread] INFO  om.OmSnapshotManager (OmSnapshotManager.java:createOmSnapshotCheckpoint(463)) - Created checkpoint : /home/runner/work/ozone/ozone/hadoop-ozone/integration-test/target/test-dir/MiniOzoneClusterImpl-7f66dfcd-4d84-4460-b9fe-211923c7b7bb/ozone-meta/db.snapshots/checkpointState/om.db-f02fcdf7-cc3d-443d-970f-26c1a0f6cf4e for snapshot snapshot-a-5-32179
2023-12-10 08:56:03,257 [om1-OMStateMachineApplyTransactionThread - 0] WARN  snapshot.OMSnapshotCreateRequest (OMSnapshotCreateRequest.java:estimateBucketDataSize(342)) - DefaultReplicationConfig is not correctly set in OmBucketInfo for volume 'vol-a-26122' bucket 'buc-b-99246'. Falling back to config default 'RATIS/THREE'
2023-12-10 08:56:03,258 [om1-OMStateMachineApplyTransactionThread - 0] INFO  snapshot.OMSnapshotCreateRequest (OMSnapshotCreateRequest.java:validateAndUpdateCache(223)) - Created snapshot: 'snapshot-a-5-60987' with snapshotId: 'c7628973-d0ac-4d97-add5-42755cf7a98d' under path 'vol-a-26122/buc-b-99246'
2023-12-10 08:56:03,267 [om1-OMDoubleBufferFlushThread] INFO  db.RDBCheckpointManager (RDBCheckpointManager.java:createCheckpoint(89)) - Created checkpoint in rocksDB at /home/runner/work/ozone/ozone/hadoop-ozone/integration-test/target/test-dir/MiniOzoneClusterImpl-7f66dfcd-4d84-4460-b9fe-211923c7b7bb/ozone-meta/db.snapshots/checkpointState/om.db-c7628973-d0ac-4d97-add5-42755cf7a98d in 9 milliseconds
2023-12-10 08:56:03,268 [om1-OMDoubleBufferFlushThread] INFO  db.RDBCheckpointUtils (RDBCheckpointUtils.java:waitForCheckpointDirectoryExist(60)) - Waited for 1 milliseconds for checkpoint directory /home/runner/work/ozone/ozone/hadoop-ozone/integration-test/target/test-dir/MiniOzoneClusterImpl-7f66dfcd-4d84-4460-b9fe-211923c7b7bb/ozone-meta/db.snapshots/checkpointState/om.db-c7628973-d0ac-4d97-add5-42755cf7a98d availability.
2023-12-10 08:56:03,268 [om1-OMDoubleBufferFlushThread] INFO  om.OmSnapshotManager (OmSnapshotManager.java:createOmSnapshotCheckpoint(463)) - Created checkpoint : /home/runner/work/ozone/ozone/hadoop-ozone/integration-test/target/test-dir/MiniOzoneClusterImpl-7f66dfcd-4d84-4460-b9fe-211923c7b7bb/ozone-meta/db.snapshots/checkpointState/om.db-c7628973-d0ac-4d97-add5-42755cf7a98d for snapshot snapshot-a-5-60987
2023-12-10 08:56:03,271 [om1-OMStateMachineApplyTransactionThread - 0] WARN  snapshot.OMSnapshotCreateRequest (OMSnapshotCreateRequest.java:estimateBucketDataSize(342)) - DefaultReplicationConfig is not correctly set in OmBucketInfo for volume 'vol-b-71956' bucket 'buc-a-90845'. Falling back to config default 'RATIS/THREE'
2023-12-10 08:56:03,271 [om1-OMStateMachineApplyTransactionThread - 0] INFO  snapshot.OMSnapshotCreateRequest (OMSnapshotCreateRequest.java:validateAndUpdateCache(223)) - Created snapshot: 'snapshot-a-5-73294' with snapshotId: 'b9da2996-0ca2-464b-b146-1e6baecaf0a2' under path 'vol-b-71956/buc-a-90845'
2023-12-10 08:56:03,283 [om1-OMDoubleBufferFlushThread] INFO  db.RDBCheckpointManager (RDBCheckpointManager.java:createCheckpoint(89)) - Created checkpoint in rocksDB at /home/runner/work/ozone/ozone/hadoop-ozone/integration-test/target/test-dir/MiniOzoneClusterImpl-7f66dfcd-4d84-4460-b9fe-211923c7b7bb/ozone-meta/db.snapshots/checkpointState/om.db-b9da2996-0ca2-464b-b146-1e6baecaf0a2 in 11 milliseconds
2023-12-10 08:56:03,284 [om1-OMDoubleBufferFlushThread] INFO  db.RDBCheckpointUtils (RDBCheckpointUtils.java:waitForCheckpointDirectoryExist(60)) - Waited for 1 milliseconds for checkpoint directory /home/runner/work/ozone/ozone/hadoop-ozone/integration-test/target/test-dir/MiniOzoneClusterImpl-7f66dfcd-4d84-4460-b9fe-211923c7b7bb/ozone-meta/db.snapshots/checkpointState/om.db-b9da2996-0ca2-464b-b146-1e6baecaf0a2 availability.
2023-12-10 08:56:03,284 [om1-OMDoubleBufferFlushThread] INFO  om.OmSnapshotManager (OmSnapshotManager.java:createOmSnapshotCheckpoint(463)) - Created checkpoint : /home/runner/work/ozone/ozone/hadoop-ozone/integration-test/target/test-dir/MiniOzoneClusterImpl-7f66dfcd-4d84-4460-b9fe-211923c7b7bb/ozone-meta/db.snapshots/checkpointState/om.db-b9da2996-0ca2-464b-b146-1e6baecaf0a2 for snapshot snapshot-a-5-73294
2023-12-10 08:56:03,286 [om1-OMStateMachineApplyTransactionThread - 0] WARN  snapshot.OMSnapshotCreateRequest (OMSnapshotCreateRequest.java:estimateBucketDataSize(342)) - DefaultReplicationConfig is not correctly set in OmBucketInfo for volume 'vol-b-71956' bucket 'buc-b-99246'. Falling back to config default 'RATIS/THREE'
2023-12-10 08:56:03,286 [om1-OMStateMachineApplyTransactionThread - 0] INFO  snapshot.OMSnapshotCreateRequest (OMSnapshotCreateRequest.java:validateAndUpdateCache(223)) - Created snapshot: 'snapshot-a-5-32346' with snapshotId: '35fb535c-febf-4a93-a993-25e76f7b5642' under path 'vol-b-71956/buc-b-99246'
2023-12-10 08:56:03,295 [om1-OMDoubleBufferFlushThread] INFO  db.RDBCheckpointManager (RDBCheckpointManager.java:createCheckpoint(89)) - Created checkpoint in rocksDB at /home/runner/work/ozone/ozone/hadoop-ozone/integration-test/target/test-dir/MiniOzoneClusterImpl-7f66dfcd-4d84-4460-b9fe-211923c7b7bb/ozone-meta/db.snapshots/checkpointState/om.db-35fb535c-febf-4a93-a993-25e76f7b5642 in 8 milliseconds
2023-12-10 08:56:03,295 [om1-OMDoubleBufferFlushThread] INFO  db.RDBCheckpointUtils (RDBCheckpointUtils.java:waitForCheckpointDirectoryExist(60)) - Waited for 0 milliseconds for checkpoint directory /home/runner/work/ozone/ozone/hadoop-ozone/integration-test/target/test-dir/MiniOzoneClusterImpl-7f66dfcd-4d84-4460-b9fe-211923c7b7bb/ozone-meta/db.snapshots/checkpointState/om.db-35fb535c-febf-4a93-a993-25e76f7b5642 availability.
2023-12-10 08:56:03,295 [om1-OMDoubleBufferFlushThread] INFO  om.OmSnapshotManager (OmSnapshotManager.java:createOmSnapshotCheckpoint(463)) - Created checkpoint : /home/runner/work/ozone/ozone/hadoop-ozone/integration-test/target/test-dir/MiniOzoneClusterImpl-7f66dfcd-4d84-4460-b9fe-211923c7b7bb/ozone-meta/db.snapshots/checkpointState/om.db-35fb535c-febf-4a93-a993-25e76f7b5642 for snapshot snapshot-a-5-32346
2023-12-10 08:56:03,299 [om1-OMStateMachineApplyTransactionThread - 0] WARN  snapshot.OMSnapshotCreateRequest (OMSnapshotCreateRequest.java:estimateBucketDataSize(342)) - DefaultReplicationConfig is not correctly set in OmBucketInfo for volume 'vol-a-26122' bucket 'buc-a-90845'. Falling back to config default 'RATIS/THREE'
2023-12-10 08:56:03,299 [om1-OMStateMachineApplyTransactionThread - 0] INFO  snapshot.OMSnapshotCreateRequest (OMSnapshotCreateRequest.java:validateAndUpdateCache(223)) - Created snapshot: 'snapshot-a-6-62883' with snapshotId: '02e85886-d11d-4ca8-a636-1e6829c9c418' under path 'vol-a-26122/buc-a-90845'
2023-12-10 08:56:03,308 [om1-OMDoubleBufferFlushThread] INFO  db.RDBCheckpointManager (RDBCheckpointManager.java:createCheckpoint(89)) - Created checkpoint in rocksDB at /home/runner/work/ozone/ozone/hadoop-ozone/integration-test/target/test-dir/MiniOzoneClusterImpl-7f66dfcd-4d84-4460-b9fe-211923c7b7bb/ozone-meta/db.snapshots/checkpointState/om.db-02e85886-d11d-4ca8-a636-1e6829c9c418 in 9 milliseconds
2023-12-10 08:56:03,308 [om1-OMDoubleBufferFlushThread] INFO  db.RDBCheckpointUtils (RDBCheckpointUtils.java:waitForCheckpointDirectoryExist(60)) - Waited for 0 milliseconds for checkpoint directory /home/runner/work/ozone/ozone/hadoop-ozone/integration-test/target/test-dir/MiniOzoneClusterImpl-7f66dfcd-4d84-4460-b9fe-211923c7b7bb/ozone-meta/db.snapshots/checkpointState/om.db-02e85886-d11d-4ca8-a636-1e6829c9c418 availability.
2023-12-10 08:56:03,309 [om1-OMDoubleBufferFlushThread] INFO  om.OmSnapshotManager (OmSnapshotManager.java:createOmSnapshotCheckpoint(463)) - Created checkpoint : /home/runner/work/ozone/ozone/hadoop-ozone/integration-test/target/test-dir/MiniOzoneClusterImpl-7f66dfcd-4d84-4460-b9fe-211923c7b7bb/ozone-meta/db.snapshots/checkpointState/om.db-02e85886-d11d-4ca8-a636-1e6829c9c418 for snapshot snapshot-a-6-62883
2023-12-10 08:56:03,312 [om1-OMStateMachineApplyTransactionThread - 0] WARN  snapshot.OMSnapshotCreateRequest (OMSnapshotCreateRequest.java:estimateBucketDataSize(342)) - DefaultReplicationConfig is not correctly set in OmBucketInfo for volume 'vol-a-26122' bucket 'buc-b-99246'. Falling back to config default 'RATIS/THREE'
2023-12-10 08:56:03,313 [om1-OMStateMachineApplyTransactionThread - 0] INFO  snapshot.OMSnapshotCreateRequest (OMSnapshotCreateRequest.java:validateAndUpdateCache(223)) - Created snapshot: 'snapshot-a-6-55334' with snapshotId: '8b169e2b-2baa-44bb-992d-d1655c5528d0' under path 'vol-a-26122/buc-b-99246'
2023-12-10 08:56:03,334 [om1-OMStateMachineApplyTransactionThread - 0] WARN  snapshot.OMSnapshotCreateRequest (OMSnapshotCreateRequest.java:estimateBucketDataSize(342)) - DefaultReplicationConfig is not correctly set in OmBucketInfo for volume 'vol-b-71956' bucket 'buc-a-90845'. Falling back to config default 'RATIS/THREE'
2023-12-10 08:56:03,334 [om1-OMStateMachineApplyTransactionThread - 0] INFO  snapshot.OMSnapshotCreateRequest (OMSnapshotCreateRequest.java:validateAndUpdateCache(223)) - Created snapshot: 'snapshot-a-6-70632' with snapshotId: 'b94691ff-ddfc-4294-a667-d05d715cc810' under path 'vol-b-71956/buc-a-90845'
2023-12-10 08:56:03,338 [om1-OMDoubleBufferFlushThread] INFO  db.RDBCheckpointManager (RDBCheckpointManager.java:createCheckpoint(89)) - Created checkpoint in rocksDB at /home/runner/work/ozone/ozone/hadoop-ozone/integration-test/target/test-dir/MiniOzoneClusterImpl-7f66dfcd-4d84-4460-b9fe-211923c7b7bb/ozone-meta/db.snapshots/checkpointState/om.db-8b169e2b-2baa-44bb-992d-d1655c5528d0 in 22 milliseconds
2023-12-10 08:56:03,338 [om1-OMDoubleBufferFlushThread] INFO  db.RDBCheckpointUtils (RDBCheckpointUtils.java:waitForCheckpointDirectoryExist(60)) - Waited for 0 milliseconds for checkpoint directory /home/runner/work/ozone/ozone/hadoop-ozone/integration-test/target/test-dir/MiniOzoneClusterImpl-7f66dfcd-4d84-4460-b9fe-211923c7b7bb/ozone-meta/db.snapshots/checkpointState/om.db-8b169e2b-2baa-44bb-992d-d1655c5528d0 availability.
2023-12-10 08:56:03,339 [om1-OMDoubleBufferFlushThread] INFO  om.OmSnapshotManager (OmSnapshotManager.java:createOmSnapshotCheckpoint(463)) - Created checkpoint : /home/runner/work/ozone/ozone/hadoop-ozone/integration-test/target/test-dir/MiniOzoneClusterImpl-7f66dfcd-4d84-4460-b9fe-211923c7b7bb/ozone-meta/db.snapshots/checkpointState/om.db-8b169e2b-2baa-44bb-992d-d1655c5528d0 for snapshot snapshot-a-6-55334
2023-12-10 08:56:03,353 [om1-OMStateMachineApplyTransactionThread - 0] WARN  snapshot.OMSnapshotCreateRequest (OMSnapshotCreateRequest.java:estimateBucketDataSize(342)) - DefaultReplicationConfig is not correctly set in OmBucketInfo for volume 'vol-b-71956' bucket 'buc-b-99246'. Falling back to config default 'RATIS/THREE'
2023-12-10 08:56:03,353 [om1-OMDoubleBufferFlushThread] INFO  db.RDBCheckpointManager (RDBCheckpointManager.java:createCheckpoint(89)) - Created checkpoint in rocksDB at /home/runner/work/ozone/ozone/hadoop-ozone/integration-test/target/test-dir/MiniOzoneClusterImpl-7f66dfcd-4d84-4460-b9fe-211923c7b7bb/ozone-meta/db.snapshots/checkpointState/om.db-b94691ff-ddfc-4294-a667-d05d715cc810 in 10 milliseconds
2023-12-10 08:56:03,353 [om1-OMStateMachineApplyTransactionThread - 0] INFO  snapshot.OMSnapshotCreateRequest (OMSnapshotCreateRequest.java:validateAndUpdateCache(223)) - Created snapshot: 'snapshot-a-6-98683' with snapshotId: '5670cbf2-c5b9-435f-9f71-c2303448afb9' under path 'vol-b-71956/buc-b-99246'
2023-12-10 08:56:03,353 [om1-OMDoubleBufferFlushThread] INFO  db.RDBCheckpointUtils (RDBCheckpointUtils.java:waitForCheckpointDirectoryExist(60)) - Waited for 0 milliseconds for checkpoint directory /home/runner/work/ozone/ozone/hadoop-ozone/integration-test/target/test-dir/MiniOzoneClusterImpl-7f66dfcd-4d84-4460-b9fe-211923c7b7bb/ozone-meta/db.snapshots/checkpointState/om.db-b94691ff-ddfc-4294-a667-d05d715cc810 availability.
2023-12-10 08:56:03,354 [om1-OMDoubleBufferFlushThread] INFO  om.OmSnapshotManager (OmSnapshotManager.java:createOmSnapshotCheckpoint(463)) - Created checkpoint : /home/runner/work/ozone/ozone/hadoop-ozone/integration-test/target/test-dir/MiniOzoneClusterImpl-7f66dfcd-4d84-4460-b9fe-211923c7b7bb/ozone-meta/db.snapshots/checkpointState/om.db-b94691ff-ddfc-4294-a667-d05d715cc810 for snapshot snapshot-a-6-70632
2023-12-10 08:56:03,366 [om1-OMDoubleBufferFlushThread] INFO  db.RDBCheckpointManager (RDBCheckpointManager.java:createCheckpoint(89)) - Created checkpoint in rocksDB at /home/runner/work/ozone/ozone/hadoop-ozone/integration-test/target/test-dir/MiniOzoneClusterImpl-7f66dfcd-4d84-4460-b9fe-211923c7b7bb/ozone-meta/db.snapshots/checkpointState/om.db-5670cbf2-c5b9-435f-9f71-c2303448afb9 in 11 milliseconds
2023-12-10 08:56:03,366 [om1-OMDoubleBufferFlushThread] INFO  db.RDBCheckpointUtils (RDBCheckpointUtils.java:waitForCheckpointDirectoryExist(60)) - Waited for 0 milliseconds for checkpoint directory /home/runner/work/ozone/ozone/hadoop-ozone/integration-test/target/test-dir/MiniOzoneClusterImpl-7f66dfcd-4d84-4460-b9fe-211923c7b7bb/ozone-meta/db.snapshots/checkpointState/om.db-5670cbf2-c5b9-435f-9f71-c2303448afb9 availability.
2023-12-10 08:56:03,367 [om1-OMDoubleBufferFlushThread] INFO  om.OmSnapshotManager (OmSnapshotManager.java:createOmSnapshotCheckpoint(463)) - Created checkpoint : /home/runner/work/ozone/ozone/hadoop-ozone/integration-test/target/test-dir/MiniOzoneClusterImpl-7f66dfcd-4d84-4460-b9fe-211923c7b7bb/ozone-meta/db.snapshots/checkpointState/om.db-5670cbf2-c5b9-435f-9f71-c2303448afb9 for snapshot snapshot-a-6-98683
2023-12-10 08:56:03,371 [om1-OMStateMachineApplyTransactionThread - 0] WARN  snapshot.OMSnapshotCreateRequest (OMSnapshotCreateRequest.java:estimateBucketDataSize(342)) - DefaultReplicationConfig is not correctly set in OmBucketInfo for volume 'vol-a-26122' bucket 'buc-a-90845'. Falling back to config default 'RATIS/THREE'
2023-12-10 08:56:03,371 [om1-OMStateMachineApplyTransactionThread - 0] INFO  snapshot.OMSnapshotCreateRequest (OMSnapshotCreateRequest.java:validateAndUpdateCache(223)) - Created snapshot: 'snapshot-a-7-16180' with snapshotId: '2874905e-85be-46ea-b49a-30d3056c016f' under path 'vol-a-26122/buc-a-90845'
2023-12-10 08:56:03,382 [om1-OMDoubleBufferFlushThread] INFO  db.RDBCheckpointManager (RDBCheckpointManager.java:createCheckpoint(89)) - Created checkpoint in rocksDB at /home/runner/work/ozone/ozone/hadoop-ozone/integration-test/target/test-dir/MiniOzoneClusterImpl-7f66dfcd-4d84-4460-b9fe-211923c7b7bb/ozone-meta/db.snapshots/checkpointState/om.db-2874905e-85be-46ea-b49a-30d3056c016f in 10 milliseconds
2023-12-10 08:56:03,383 [om1-OMDoubleBufferFlushThread] INFO  db.RDBCheckpointUtils (RDBCheckpointUtils.java:waitForCheckpointDirectoryExist(60)) - Waited for 0 milliseconds for checkpoint directory /home/runner/work/ozone/ozone/hadoop-ozone/integration-test/target/test-dir/MiniOzoneClusterImpl-7f66dfcd-4d84-4460-b9fe-211923c7b7bb/ozone-meta/db.snapshots/checkpointState/om.db-2874905e-85be-46ea-b49a-30d3056c016f availability.
2023-12-10 08:56:03,384 [om1-OMDoubleBufferFlushThread] INFO  om.OmSnapshotManager (OmSnapshotManager.java:createOmSnapshotCheckpoint(463)) - Created checkpoint : /home/runner/work/ozone/ozone/hadoop-ozone/integration-test/target/test-dir/MiniOzoneClusterImpl-7f66dfcd-4d84-4460-b9fe-211923c7b7bb/ozone-meta/db.snapshots/checkpointState/om.db-2874905e-85be-46ea-b49a-30d3056c016f for snapshot snapshot-a-7-16180
2023-12-10 08:56:03,384 [om1-OMStateMachineApplyTransactionThread - 0] WARN  snapshot.OMSnapshotCreateRequest (OMSnapshotCreateRequest.java:estimateBucketDataSize(342)) - DefaultReplicationConfig is not correctly set in OmBucketInfo for volume 'vol-a-26122' bucket 'buc-b-99246'. Falling back to config default 'RATIS/THREE'
2023-12-10 08:56:03,385 [om1-OMStateMachineApplyTransactionThread - 0] INFO  snapshot.OMSnapshotCreateRequest (OMSnapshotCreateRequest.java:validateAndUpdateCache(223)) - Created snapshot: 'snapshot-a-7-62024' with snapshotId: 'bbff6183-30de-43fc-8787-9fa8f8f054fa' under path 'vol-a-26122/buc-b-99246'
2023-12-10 08:56:03,400 [om1-OMDoubleBufferFlushThread] INFO  db.RDBCheckpointManager (RDBCheckpointManager.java:createCheckpoint(89)) - Created checkpoint in rocksDB at /home/runner/work/ozone/ozone/hadoop-ozone/integration-test/target/test-dir/MiniOzoneClusterImpl-7f66dfcd-4d84-4460-b9fe-211923c7b7bb/ozone-meta/db.snapshots/checkpointState/om.db-bbff6183-30de-43fc-8787-9fa8f8f054fa in 14 milliseconds
2023-12-10 08:56:03,400 [om1-OMDoubleBufferFlushThread] INFO  db.RDBCheckpointUtils (RDBCheckpointUtils.java:waitForCheckpointDirectoryExist(60)) - Waited for 0 milliseconds for checkpoint directory /home/runner/work/ozone/ozone/hadoop-ozone/integration-test/target/test-dir/MiniOzoneClusterImpl-7f66dfcd-4d84-4460-b9fe-211923c7b7bb/ozone-meta/db.snapshots/checkpointState/om.db-bbff6183-30de-43fc-8787-9fa8f8f054fa availability.
2023-12-10 08:56:03,400 [om1-OMDoubleBufferFlushThread] INFO  om.OmSnapshotManager (OmSnapshotManager.java:createOmSnapshotCheckpoint(463)) - Created checkpoint : /home/runner/work/ozone/ozone/hadoop-ozone/integration-test/target/test-dir/MiniOzoneClusterImpl-7f66dfcd-4d84-4460-b9fe-211923c7b7bb/ozone-meta/db.snapshots/checkpointState/om.db-bbff6183-30de-43fc-8787-9fa8f8f054fa for snapshot snapshot-a-7-62024
2023-12-10 08:56:03,401 [om1-OMStateMachineApplyTransactionThread - 0] WARN  snapshot.OMSnapshotCreateRequest (OMSnapshotCreateRequest.java:estimateBucketDataSize(342)) - DefaultReplicationConfig is not correctly set in OmBucketInfo for volume 'vol-b-71956' bucket 'buc-a-90845'. Falling back to config default 'RATIS/THREE'
2023-12-10 08:56:03,401 [om1-OMStateMachineApplyTransactionThread - 0] INFO  snapshot.OMSnapshotCreateRequest (OMSnapshotCreateRequest.java:validateAndUpdateCache(223)) - Created snapshot: 'snapshot-a-7-26492' with snapshotId: '25a9a94d-24f6-4681-a304-5b9dcc31c5f4' under path 'vol-b-71956/buc-a-90845'
2023-12-10 08:56:03,412 [om1-OMDoubleBufferFlushThread] INFO  db.RDBCheckpointManager (RDBCheckpointManager.java:createCheckpoint(89)) - Created checkpoint in rocksDB at /home/runner/work/ozone/ozone/hadoop-ozone/integration-test/target/test-dir/MiniOzoneClusterImpl-7f66dfcd-4d84-4460-b9fe-211923c7b7bb/ozone-meta/db.snapshots/checkpointState/om.db-25a9a94d-24f6-4681-a304-5b9dcc31c5f4 in 10 milliseconds
2023-12-10 08:56:03,412 [om1-OMDoubleBufferFlushThread] INFO  db.RDBCheckpointUtils (RDBCheckpointUtils.java:waitForCheckpointDirectoryExist(60)) - Waited for 0 milliseconds for checkpoint directory /home/runner/work/ozone/ozone/hadoop-ozone/integration-test/target/test-dir/MiniOzoneClusterImpl-7f66dfcd-4d84-4460-b9fe-211923c7b7bb/ozone-meta/db.snapshots/checkpointState/om.db-25a9a94d-24f6-4681-a304-5b9dcc31c5f4 availability.
2023-12-10 08:56:03,413 [om1-OMDoubleBufferFlushThread] INFO  om.OmSnapshotManager (OmSnapshotManager.java:createOmSnapshotCheckpoint(463)) - Created checkpoint : /home/runner/work/ozone/ozone/hadoop-ozone/integration-test/target/test-dir/MiniOzoneClusterImpl-7f66dfcd-4d84-4460-b9fe-211923c7b7bb/ozone-meta/db.snapshots/checkpointState/om.db-25a9a94d-24f6-4681-a304-5b9dcc31c5f4 for snapshot snapshot-a-7-26492
2023-12-10 08:56:03,416 [om1-OMStateMachineApplyTransactionThread - 0] WARN  snapshot.OMSnapshotCreateRequest (OMSnapshotCreateRequest.java:estimateBucketDataSize(342)) - DefaultReplicationConfig is not correctly set in OmBucketInfo for volume 'vol-b-71956' bucket 'buc-b-99246'. Falling back to config default 'RATIS/THREE'
2023-12-10 08:56:03,416 [om1-OMStateMachineApplyTransactionThread - 0] INFO  snapshot.OMSnapshotCreateRequest (OMSnapshotCreateRequest.java:validateAndUpdateCache(223)) - Created snapshot: 'snapshot-a-7-72599' with snapshotId: '7ed85c49-aecc-410d-859d-fcebdb56dc0b' under path 'vol-b-71956/buc-b-99246'
2023-12-10 08:56:03,425 [om1-OMDoubleBufferFlushThread] INFO  db.RDBCheckpointManager (RDBCheckpointManager.java:createCheckpoint(89)) - Created checkpoint in rocksDB at /home/runner/work/ozone/ozone/hadoop-ozone/integration-test/target/test-dir/MiniOzoneClusterImpl-7f66dfcd-4d84-4460-b9fe-211923c7b7bb/ozone-meta/db.snapshots/checkpointState/om.db-7ed85c49-aecc-410d-859d-fcebdb56dc0b in 8 milliseconds
2023-12-10 08:56:03,426 [om1-OMDoubleBufferFlushThread] INFO  db.RDBCheckpointUtils (RDBCheckpointUtils.java:waitForCheckpointDirectoryExist(60)) - Waited for 1 milliseconds for checkpoint directory /home/runner/work/ozone/ozone/hadoop-ozone/integration-test/target/test-dir/MiniOzoneClusterImpl-7f66dfcd-4d84-4460-b9fe-211923c7b7bb/ozone-meta/db.snapshots/checkpointState/om.db-7ed85c49-aecc-410d-859d-fcebdb56dc0b availability.
2023-12-10 08:56:03,426 [om1-OMDoubleBufferFlushThread] INFO  om.OmSnapshotManager (OmSnapshotManager.java:createOmSnapshotCheckpoint(463)) - Created checkpoint : /home/runner/work/ozone/ozone/hadoop-ozone/integration-test/target/test-dir/MiniOzoneClusterImpl-7f66dfcd-4d84-4460-b9fe-211923c7b7bb/ozone-meta/db.snapshots/checkpointState/om.db-7ed85c49-aecc-410d-859d-fcebdb56dc0b for snapshot snapshot-a-7-72599
2023-12-10 08:56:03,431 [om1-OMStateMachineApplyTransactionThread - 0] WARN  snapshot.OMSnapshotCreateRequest (OMSnapshotCreateRequest.java:estimateBucketDataSize(342)) - DefaultReplicationConfig is not correctly set in OmBucketInfo for volume 'vol-a-26122' bucket 'buc-a-90845'. Falling back to config default 'RATIS/THREE'
2023-12-10 08:56:03,431 [om1-OMStateMachineApplyTransactionThread - 0] INFO  snapshot.OMSnapshotCreateRequest (OMSnapshotCreateRequest.java:validateAndUpdateCache(223)) - Created snapshot: 'snapshot-a-8-61902' with snapshotId: '27b7ec02-64e7-4cb9-8aa5-73e1d053f05d' under path 'vol-a-26122/buc-a-90845'
2023-12-10 08:56:03,442 [om1-OMDoubleBufferFlushThread] INFO  db.RDBCheckpointManager (RDBCheckpointManager.java:createCheckpoint(89)) - Created checkpoint in rocksDB at /home/runner/work/ozone/ozone/hadoop-ozone/integration-test/target/test-dir/MiniOzoneClusterImpl-7f66dfcd-4d84-4460-b9fe-211923c7b7bb/ozone-meta/db.snapshots/checkpointState/om.db-27b7ec02-64e7-4cb9-8aa5-73e1d053f05d in 10 milliseconds
2023-12-10 08:56:03,443 [om1-OMDoubleBufferFlushThread] INFO  db.RDBCheckpointUtils (RDBCheckpointUtils.java:waitForCheckpointDirectoryExist(60)) - Waited for 1 milliseconds for checkpoint directory /home/runner/work/ozone/ozone/hadoop-ozone/integration-test/target/test-dir/MiniOzoneClusterImpl-7f66dfcd-4d84-4460-b9fe-211923c7b7bb/ozone-meta/db.snapshots/checkpointState/om.db-27b7ec02-64e7-4cb9-8aa5-73e1d053f05d availability.
2023-12-10 08:56:03,443 [om1-OMDoubleBufferFlushThread] INFO  om.OmSnapshotManager (OmSnapshotManager.java:createOmSnapshotCheckpoint(463)) - Created checkpoint : /home/runner/work/ozone/ozone/hadoop-ozone/integration-test/target/test-dir/MiniOzoneClusterImpl-7f66dfcd-4d84-4460-b9fe-211923c7b7bb/ozone-meta/db.snapshots/checkpointState/om.db-27b7ec02-64e7-4cb9-8aa5-73e1d053f05d for snapshot snapshot-a-8-61902
2023-12-10 08:56:03,446 [om1-OMStateMachineApplyTransactionThread - 0] WARN  snapshot.OMSnapshotCreateRequest (OMSnapshotCreateRequest.java:estimateBucketDataSize(342)) - DefaultReplicationConfig is not correctly set in OmBucketInfo for volume 'vol-a-26122' bucket 'buc-b-99246'. Falling back to config default 'RATIS/THREE'
2023-12-10 08:56:03,446 [om1-OMStateMachineApplyTransactionThread - 0] INFO  snapshot.OMSnapshotCreateRequest (OMSnapshotCreateRequest.java:validateAndUpdateCache(223)) - Created snapshot: 'snapshot-a-8-84116' with snapshotId: '5c3a84cf-ddbc-4422-91c4-282525d0100f' under path 'vol-a-26122/buc-b-99246'
2023-12-10 08:56:03,457 [om1-OMDoubleBufferFlushThread] INFO  db.RDBCheckpointManager (RDBCheckpointManager.java:createCheckpoint(89)) - Created checkpoint in rocksDB at /home/runner/work/ozone/ozone/hadoop-ozone/integration-test/target/test-dir/MiniOzoneClusterImpl-7f66dfcd-4d84-4460-b9fe-211923c7b7bb/ozone-meta/db.snapshots/checkpointState/om.db-5c3a84cf-ddbc-4422-91c4-282525d0100f in 10 milliseconds
2023-12-10 08:56:03,458 [om1-OMDoubleBufferFlushThread] INFO  db.RDBCheckpointUtils (RDBCheckpointUtils.java:waitForCheckpointDirectoryExist(60)) - Waited for 1 milliseconds for checkpoint directory /home/runner/work/ozone/ozone/hadoop-ozone/integration-test/target/test-dir/MiniOzoneClusterImpl-7f66dfcd-4d84-4460-b9fe-211923c7b7bb/ozone-meta/db.snapshots/checkpointState/om.db-5c3a84cf-ddbc-4422-91c4-282525d0100f availability.
2023-12-10 08:56:03,458 [om1-OMDoubleBufferFlushThread] INFO  om.OmSnapshotManager (OmSnapshotManager.java:createOmSnapshotCheckpoint(463)) - Created checkpoint : /home/runner/work/ozone/ozone/hadoop-ozone/integration-test/target/test-dir/MiniOzoneClusterImpl-7f66dfcd-4d84-4460-b9fe-211923c7b7bb/ozone-meta/db.snapshots/checkpointState/om.db-5c3a84cf-ddbc-4422-91c4-282525d0100f for snapshot snapshot-a-8-84116
2023-12-10 08:56:03,461 [om1-OMStateMachineApplyTransactionThread - 0] WARN  snapshot.OMSnapshotCreateRequest (OMSnapshotCreateRequest.java:estimateBucketDataSize(342)) - DefaultReplicationConfig is not correctly set in OmBucketInfo for volume 'vol-b-71956' bucket 'buc-a-90845'. Falling back to config default 'RATIS/THREE'
2023-12-10 08:56:03,461 [om1-OMStateMachineApplyTransactionThread - 0] INFO  snapshot.OMSnapshotCreateRequest (OMSnapshotCreateRequest.java:validateAndUpdateCache(223)) - Created snapshot: 'snapshot-a-8-62684' with snapshotId: 'b1dba01d-b204-4730-9516-419db1179ffe' under path 'vol-b-71956/buc-a-90845'
2023-12-10 08:56:03,470 [om1-OMDoubleBufferFlushThread] INFO  db.RDBCheckpointManager (RDBCheckpointManager.java:createCheckpoint(89)) - Created checkpoint in rocksDB at /home/runner/work/ozone/ozone/hadoop-ozone/integration-test/target/test-dir/MiniOzoneClusterImpl-7f66dfcd-4d84-4460-b9fe-211923c7b7bb/ozone-meta/db.snapshots/checkpointState/om.db-b1dba01d-b204-4730-9516-419db1179ffe in 8 milliseconds
2023-12-10 08:56:03,471 [om1-OMDoubleBufferFlushThread] INFO  db.RDBCheckpointUtils (RDBCheckpointUtils.java:waitForCheckpointDirectoryExist(60)) - Waited for 0 milliseconds for checkpoint directory /home/runner/work/ozone/ozone/hadoop-ozone/integration-test/target/test-dir/MiniOzoneClusterImpl-7f66dfcd-4d84-4460-b9fe-211923c7b7bb/ozone-meta/db.snapshots/checkpointState/om.db-b1dba01d-b204-4730-9516-419db1179ffe availability.
2023-12-10 08:56:03,471 [om1-OMDoubleBufferFlushThread] INFO  om.OmSnapshotManager (OmSnapshotManager.java:createOmSnapshotCheckpoint(463)) - Created checkpoint : /home/runner/work/ozone/ozone/hadoop-ozone/integration-test/target/test-dir/MiniOzoneClusterImpl-7f66dfcd-4d84-4460-b9fe-211923c7b7bb/ozone-meta/db.snapshots/checkpointState/om.db-b1dba01d-b204-4730-9516-419db1179ffe for snapshot snapshot-a-8-62684
2023-12-10 08:56:03,475 [om1-OMStateMachineApplyTransactionThread - 0] WARN  snapshot.OMSnapshotCreateRequest (OMSnapshotCreateRequest.java:estimateBucketDataSize(342)) - DefaultReplicationConfig is not correctly set in OmBucketInfo for volume 'vol-b-71956' bucket 'buc-b-99246'. Falling back to config default 'RATIS/THREE'
2023-12-10 08:56:03,475 [om1-OMStateMachineApplyTransactionThread - 0] INFO  snapshot.OMSnapshotCreateRequest (OMSnapshotCreateRequest.java:validateAndUpdateCache(223)) - Created snapshot: 'snapshot-a-8-94837' with snapshotId: 'e8658668-7d5c-41da-b3e9-5b599cb2a5b4' under path 'vol-b-71956/buc-b-99246'
2023-12-10 08:56:03,484 [om1-OMDoubleBufferFlushThread] INFO  db.RDBCheckpointManager (RDBCheckpointManager.java:createCheckpoint(89)) - Created checkpoint in rocksDB at /home/runner/work/ozone/ozone/hadoop-ozone/integration-test/target/test-dir/MiniOzoneClusterImpl-7f66dfcd-4d84-4460-b9fe-211923c7b7bb/ozone-meta/db.snapshots/checkpointState/om.db-e8658668-7d5c-41da-b3e9-5b599cb2a5b4 in 8 milliseconds
2023-12-10 08:56:03,484 [om1-OMDoubleBufferFlushThread] INFO  db.RDBCheckpointUtils (RDBCheckpointUtils.java:waitForCheckpointDirectoryExist(60)) - Waited for 0 milliseconds for checkpoint directory /home/runner/work/ozone/ozone/hadoop-ozone/integration-test/target/test-dir/MiniOzoneClusterImpl-7f66dfcd-4d84-4460-b9fe-211923c7b7bb/ozone-meta/db.snapshots/checkpointState/om.db-e8658668-7d5c-41da-b3e9-5b599cb2a5b4 availability.
2023-12-10 08:56:03,485 [om1-OMDoubleBufferFlushThread] INFO  om.OmSnapshotManager (OmSnapshotManager.java:createOmSnapshotCheckpoint(463)) - Created checkpoint : /home/runner/work/ozone/ozone/hadoop-ozone/integration-test/target/test-dir/MiniOzoneClusterImpl-7f66dfcd-4d84-4460-b9fe-211923c7b7bb/ozone-meta/db.snapshots/checkpointState/om.db-e8658668-7d5c-41da-b3e9-5b599cb2a5b4 for snapshot snapshot-a-8-94837
2023-12-10 08:56:03,489 [om1-OMStateMachineApplyTransactionThread - 0] WARN  snapshot.OMSnapshotCreateRequest (OMSnapshotCreateRequest.java:estimateBucketDataSize(342)) - DefaultReplicationConfig is not correctly set in OmBucketInfo for volume 'vol-a-26122' bucket 'buc-a-90845'. Falling back to config default 'RATIS/THREE'
2023-12-10 08:56:03,489 [om1-OMStateMachineApplyTransactionThread - 0] INFO  snapshot.OMSnapshotCreateRequest (OMSnapshotCreateRequest.java:validateAndUpdateCache(223)) - Created snapshot: 'snapshot-a-9-90845' with snapshotId: '91b74439-ae54-47ca-933e-2c9584f380d1' under path 'vol-a-26122/buc-a-90845'
2023-12-10 08:56:03,498 [om1-OMDoubleBufferFlushThread] INFO  db.RDBCheckpointManager (RDBCheckpointManager.java:createCheckpoint(89)) - Created checkpoint in rocksDB at /home/runner/work/ozone/ozone/hadoop-ozone/integration-test/target/test-dir/MiniOzoneClusterImpl-7f66dfcd-4d84-4460-b9fe-211923c7b7bb/ozone-meta/db.snapshots/checkpointState/om.db-91b74439-ae54-47ca-933e-2c9584f380d1 in 9 milliseconds
2023-12-10 08:56:03,499 [om1-OMDoubleBufferFlushThread] INFO  db.RDBCheckpointUtils (RDBCheckpointUtils.java:waitForCheckpointDirectoryExist(60)) - Waited for 1 milliseconds for checkpoint directory /home/runner/work/ozone/ozone/hadoop-ozone/integration-test/target/test-dir/MiniOzoneClusterImpl-7f66dfcd-4d84-4460-b9fe-211923c7b7bb/ozone-meta/db.snapshots/checkpointState/om.db-91b74439-ae54-47ca-933e-2c9584f380d1 availability.
2023-12-10 08:56:03,499 [om1-OMDoubleBufferFlushThread] INFO  om.OmSnapshotManager (OmSnapshotManager.java:createOmSnapshotCheckpoint(463)) - Created checkpoint : /home/runner/work/ozone/ozone/hadoop-ozone/integration-test/target/test-dir/MiniOzoneClusterImpl-7f66dfcd-4d84-4460-b9fe-211923c7b7bb/ozone-meta/db.snapshots/checkpointState/om.db-91b74439-ae54-47ca-933e-2c9584f380d1 for snapshot snapshot-a-9-90845
2023-12-10 08:56:03,502 [om1-OMStateMachineApplyTransactionThread - 0] WARN  snapshot.OMSnapshotCreateRequest (OMSnapshotCreateRequest.java:estimateBucketDataSize(342)) - DefaultReplicationConfig is not correctly set in OmBucketInfo for volume 'vol-a-26122' bucket 'buc-b-99246'. Falling back to config default 'RATIS/THREE'
2023-12-10 08:56:03,502 [om1-OMStateMachineApplyTransactionThread - 0] INFO  snapshot.OMSnapshotCreateRequest (OMSnapshotCreateRequest.java:validateAndUpdateCache(223)) - Created snapshot: 'snapshot-a-9-63879' with snapshotId: 'c65c337b-867a-4688-bef0-3b7ad21f4e4e' under path 'vol-a-26122/buc-b-99246'
2023-12-10 08:56:03,515 [om1-OMDoubleBufferFlushThread] INFO  db.RDBCheckpointManager (RDBCheckpointManager.java:createCheckpoint(89)) - Created checkpoint in rocksDB at /home/runner/work/ozone/ozone/hadoop-ozone/integration-test/target/test-dir/MiniOzoneClusterImpl-7f66dfcd-4d84-4460-b9fe-211923c7b7bb/ozone-meta/db.snapshots/checkpointState/om.db-c65c337b-867a-4688-bef0-3b7ad21f4e4e in 12 milliseconds
2023-12-10 08:56:03,515 [om1-OMDoubleBufferFlushThread] INFO  db.RDBCheckpointUtils (RDBCheckpointUtils.java:waitForCheckpointDirectoryExist(60)) - Waited for 0 milliseconds for checkpoint directory /home/runner/work/ozone/ozone/hadoop-ozone/integration-test/target/test-dir/MiniOzoneClusterImpl-7f66dfcd-4d84-4460-b9fe-211923c7b7bb/ozone-meta/db.snapshots/checkpointState/om.db-c65c337b-867a-4688-bef0-3b7ad21f4e4e availability.
2023-12-10 08:56:03,516 [om1-OMDoubleBufferFlushThread] INFO  om.OmSnapshotManager (OmSnapshotManager.java:createOmSnapshotCheckpoint(463)) - Created checkpoint : /home/runner/work/ozone/ozone/hadoop-ozone/integration-test/target/test-dir/MiniOzoneClusterImpl-7f66dfcd-4d84-4460-b9fe-211923c7b7bb/ozone-meta/db.snapshots/checkpointState/om.db-c65c337b-867a-4688-bef0-3b7ad21f4e4e for snapshot snapshot-a-9-63879
2023-12-10 08:56:03,517 [om1-OMStateMachineApplyTransactionThread - 0] WARN  snapshot.OMSnapshotCreateRequest (OMSnapshotCreateRequest.java:estimateBucketDataSize(342)) - DefaultReplicationConfig is not correctly set in OmBucketInfo for volume 'vol-b-71956' bucket 'buc-a-90845'. Falling back to config default 'RATIS/THREE'
2023-12-10 08:56:03,517 [om1-OMStateMachineApplyTransactionThread - 0] INFO  snapshot.OMSnapshotCreateRequest (OMSnapshotCreateRequest.java:validateAndUpdateCache(223)) - Created snapshot: 'snapshot-a-9-78155' with snapshotId: '7ad34656-4a26-474f-a31e-e880facd4c98' under path 'vol-b-71956/buc-a-90845'
2023-12-10 08:56:03,527 [om1-OMDoubleBufferFlushThread] INFO  db.RDBCheckpointManager (RDBCheckpointManager.java:createCheckpoint(89)) - Created checkpoint in rocksDB at /home/runner/work/ozone/ozone/hadoop-ozone/integration-test/target/test-dir/MiniOzoneClusterImpl-7f66dfcd-4d84-4460-b9fe-211923c7b7bb/ozone-meta/db.snapshots/checkpointState/om.db-7ad34656-4a26-474f-a31e-e880facd4c98 in 9 milliseconds
2023-12-10 08:56:03,527 [om1-OMDoubleBufferFlushThread] INFO  db.RDBCheckpointUtils (RDBCheckpointUtils.java:waitForCheckpointDirectoryExist(60)) - Waited for 0 milliseconds for checkpoint directory /home/runner/work/ozone/ozone/hadoop-ozone/integration-test/target/test-dir/MiniOzoneClusterImpl-7f66dfcd-4d84-4460-b9fe-211923c7b7bb/ozone-meta/db.snapshots/checkpointState/om.db-7ad34656-4a26-474f-a31e-e880facd4c98 availability.
2023-12-10 08:56:03,527 [om1-OMDoubleBufferFlushThread] INFO  om.OmSnapshotManager (OmSnapshotManager.java:createOmSnapshotCheckpoint(463)) - Created checkpoint : /home/runner/work/ozone/ozone/hadoop-ozone/integration-test/target/test-dir/MiniOzoneClusterImpl-7f66dfcd-4d84-4460-b9fe-211923c7b7bb/ozone-meta/db.snapshots/checkpointState/om.db-7ad34656-4a26-474f-a31e-e880facd4c98 for snapshot snapshot-a-9-78155
2023-12-10 08:56:03,531 [om1-OMStateMachineApplyTransactionThread - 0] WARN  snapshot.OMSnapshotCreateRequest (OMSnapshotCreateRequest.java:estimateBucketDataSize(342)) - DefaultReplicationConfig is not correctly set in OmBucketInfo for volume 'vol-b-71956' bucket 'buc-b-99246'. Falling back to config default 'RATIS/THREE'
2023-12-10 08:56:03,531 [om1-OMStateMachineApplyTransactionThread - 0] INFO  snapshot.OMSnapshotCreateRequest (OMSnapshotCreateRequest.java:validateAndUpdateCache(223)) - Created snapshot: 'snapshot-a-9-48359' with snapshotId: '481412d7-fabc-46d3-8bad-0d56697b2fb8' under path 'vol-b-71956/buc-b-99246'
2023-12-10 08:56:03,541 [om1-OMDoubleBufferFlushThread] INFO  db.RDBCheckpointManager (RDBCheckpointManager.java:createCheckpoint(89)) - Created checkpoint in rocksDB at /home/runner/work/ozone/ozone/hadoop-ozone/integration-test/target/test-dir/MiniOzoneClusterImpl-7f66dfcd-4d84-4460-b9fe-211923c7b7bb/ozone-meta/db.snapshots/checkpointState/om.db-481412d7-fabc-46d3-8bad-0d56697b2fb8 in 9 milliseconds
2023-12-10 08:56:03,541 [om1-OMDoubleBufferFlushThread] INFO  db.RDBCheckpointUtils (RDBCheckpointUtils.java:waitForCheckpointDirectoryExist(60)) - Waited for 0 milliseconds for checkpoint directory /home/runner/work/ozone/ozone/hadoop-ozone/integration-test/target/test-dir/MiniOzoneClusterImpl-7f66dfcd-4d84-4460-b9fe-211923c7b7bb/ozone-meta/db.snapshots/checkpointState/om.db-481412d7-fabc-46d3-8bad-0d56697b2fb8 availability.
2023-12-10 08:56:03,542 [om1-OMDoubleBufferFlushThread] INFO  om.OmSnapshotManager (OmSnapshotManager.java:createOmSnapshotCheckpoint(463)) - Created checkpoint : /home/runner/work/ozone/ozone/hadoop-ozone/integration-test/target/test-dir/MiniOzoneClusterImpl-7f66dfcd-4d84-4460-b9fe-211923c7b7bb/ozone-meta/db.snapshots/checkpointState/om.db-481412d7-fabc-46d3-8bad-0d56697b2fb8 for snapshot snapshot-a-9-48359
2023-12-10 08:56:03,545 [om1-OMStateMachineApplyTransactionThread - 0] WARN  snapshot.OMSnapshotCreateRequest (OMSnapshotCreateRequest.java:estimateBucketDataSize(342)) - DefaultReplicationConfig is not correctly set in OmBucketInfo for volume 'vol-a-26122' bucket 'buc-a-90845'. Falling back to config default 'RATIS/THREE'
2023-12-10 08:56:03,545 [om1-OMStateMachineApplyTransactionThread - 0] INFO  snapshot.OMSnapshotCreateRequest (OMSnapshotCreateRequest.java:validateAndUpdateCache(223)) - Created snapshot: 'snapshot-b-0-39225' with snapshotId: 'c445c447-a4b1-4461-9500-fbfe8433f3cc' under path 'vol-a-26122/buc-a-90845'
2023-12-10 08:56:03,557 [om1-OMDoubleBufferFlushThread] INFO  db.RDBCheckpointManager (RDBCheckpointManager.java:createCheckpoint(89)) - Created checkpoint in rocksDB at /home/runner/work/ozone/ozone/hadoop-ozone/integration-test/target/test-dir/MiniOzoneClusterImpl-7f66dfcd-4d84-4460-b9fe-211923c7b7bb/ozone-meta/db.snapshots/checkpointState/om.db-c445c447-a4b1-4461-9500-fbfe8433f3cc in 10 milliseconds
2023-12-10 08:56:03,557 [om1-OMDoubleBufferFlushThread] INFO  db.RDBCheckpointUtils (RDBCheckpointUtils.java:waitForCheckpointDirectoryExist(60)) - Waited for 0 milliseconds for checkpoint directory /home/runner/work/ozone/ozone/hadoop-ozone/integration-test/target/test-dir/MiniOzoneClusterImpl-7f66dfcd-4d84-4460-b9fe-211923c7b7bb/ozone-meta/db.snapshots/checkpointState/om.db-c445c447-a4b1-4461-9500-fbfe8433f3cc availability.
2023-12-10 08:56:03,558 [om1-OMDoubleBufferFlushThread] INFO  om.OmSnapshotManager (OmSnapshotManager.java:createOmSnapshotCheckpoint(463)) - Created checkpoint : /home/runner/work/ozone/ozone/hadoop-ozone/integration-test/target/test-dir/MiniOzoneClusterImpl-7f66dfcd-4d84-4460-b9fe-211923c7b7bb/ozone-meta/db.snapshots/checkpointState/om.db-c445c447-a4b1-4461-9500-fbfe8433f3cc for snapshot snapshot-b-0-39225
2023-12-10 08:56:03,559 [om1-OMStateMachineApplyTransactionThread - 0] WARN  snapshot.OMSnapshotCreateRequest (OMSnapshotCreateRequest.java:estimateBucketDataSize(342)) - DefaultReplicationConfig is not correctly set in OmBucketInfo for volume 'vol-a-26122' bucket 'buc-b-99246'. Falling back to config default 'RATIS/THREE'
2023-12-10 08:56:03,559 [om1-OMStateMachineApplyTransactionThread - 0] INFO  snapshot.OMSnapshotCreateRequest (OMSnapshotCreateRequest.java:validateAndUpdateCache(223)) - Created snapshot: 'snapshot-b-0-89557' with snapshotId: '88b54db4-c15e-44ab-a48c-3edbc34f50f1' under path 'vol-a-26122/buc-b-99246'
2023-12-10 08:56:03,571 [om1-OMDoubleBufferFlushThread] INFO  db.RDBCheckpointManager (RDBCheckpointManager.java:createCheckpoint(89)) - Created checkpoint in rocksDB at /home/runner/work/ozone/ozone/hadoop-ozone/integration-test/target/test-dir/MiniOzoneClusterImpl-7f66dfcd-4d84-4460-b9fe-211923c7b7bb/ozone-meta/db.snapshots/checkpointState/om.db-88b54db4-c15e-44ab-a48c-3edbc34f50f1 in 11 milliseconds
2023-12-10 08:56:03,571 [om1-OMDoubleBufferFlushThread] INFO  db.RDBCheckpointUtils (RDBCheckpointUtils.java:waitForCheckpointDirectoryExist(60)) - Waited for 0 milliseconds for checkpoint directory /home/runner/work/ozone/ozone/hadoop-ozone/integration-test/target/test-dir/MiniOzoneClusterImpl-7f66dfcd-4d84-4460-b9fe-211923c7b7bb/ozone-meta/db.snapshots/checkpointState/om.db-88b54db4-c15e-44ab-a48c-3edbc34f50f1 availability.
2023-12-10 08:56:03,572 [om1-OMDoubleBufferFlushThread] INFO  om.OmSnapshotManager (OmSnapshotManager.java:createOmSnapshotCheckpoint(463)) - Created checkpoint : /home/runner/work/ozone/ozone/hadoop-ozone/integration-test/target/test-dir/MiniOzoneClusterImpl-7f66dfcd-4d84-4460-b9fe-211923c7b7bb/ozone-meta/db.snapshots/checkpointState/om.db-88b54db4-c15e-44ab-a48c-3edbc34f50f1 for snapshot snapshot-b-0-89557
2023-12-10 08:56:03,574 [om1-OMStateMachineApplyTransactionThread - 0] WARN  snapshot.OMSnapshotCreateRequest (OMSnapshotCreateRequest.java:estimateBucketDataSize(342)) - DefaultReplicationConfig is not correctly set in OmBucketInfo for volume 'vol-b-71956' bucket 'buc-a-90845'. Falling back to config default 'RATIS/THREE'
2023-12-10 08:56:03,575 [om1-OMStateMachineApplyTransactionThread - 0] INFO  snapshot.OMSnapshotCreateRequest (OMSnapshotCreateRequest.java:validateAndUpdateCache(223)) - Created snapshot: 'snapshot-b-0-50577' with snapshotId: '020e2371-36b1-4b6e-b081-a73047967f1d' under path 'vol-b-71956/buc-a-90845'
2023-12-10 08:56:03,585 [om1-OMDoubleBufferFlushThread] INFO  db.RDBCheckpointManager (RDBCheckpointManager.java:createCheckpoint(89)) - Created checkpoint in rocksDB at /home/runner/work/ozone/ozone/hadoop-ozone/integration-test/target/test-dir/MiniOzoneClusterImpl-7f66dfcd-4d84-4460-b9fe-211923c7b7bb/ozone-meta/db.snapshots/checkpointState/om.db-020e2371-36b1-4b6e-b081-a73047967f1d in 9 milliseconds
2023-12-10 08:56:03,585 [om1-OMDoubleBufferFlushThread] INFO  db.RDBCheckpointUtils (RDBCheckpointUtils.java:waitForCheckpointDirectoryExist(60)) - Waited for 0 milliseconds for checkpoint directory /home/runner/work/ozone/ozone/hadoop-ozone/integration-test/target/test-dir/MiniOzoneClusterImpl-7f66dfcd-4d84-4460-b9fe-211923c7b7bb/ozone-meta/db.snapshots/checkpointState/om.db-020e2371-36b1-4b6e-b081-a73047967f1d availability.
2023-12-10 08:56:03,585 [om1-OMDoubleBufferFlushThread] INFO  om.OmSnapshotManager (OmSnapshotManager.java:createOmSnapshotCheckpoint(463)) - Created checkpoint : /home/runner/work/ozone/ozone/hadoop-ozone/integration-test/target/test-dir/MiniOzoneClusterImpl-7f66dfcd-4d84-4460-b9fe-211923c7b7bb/ozone-meta/db.snapshots/checkpointState/om.db-020e2371-36b1-4b6e-b081-a73047967f1d for snapshot snapshot-b-0-50577
2023-12-10 08:56:03,593 [om1-OMStateMachineApplyTransactionThread - 0] WARN  snapshot.OMSnapshotCreateRequest (OMSnapshotCreateRequest.java:estimateBucketDataSize(342)) - DefaultReplicationConfig is not correctly set in OmBucketInfo for volume 'vol-b-71956' bucket 'buc-b-99246'. Falling back to config default 'RATIS/THREE'
2023-12-10 08:56:03,593 [om1-OMStateMachineApplyTransactionThread - 0] INFO  snapshot.OMSnapshotCreateRequest (OMSnapshotCreateRequest.java:validateAndUpdateCache(223)) - Created snapshot: 'snapshot-b-0-42830' with snapshotId: 'f07cf045-c507-4f30-945d-a6034480b1be' under path 'vol-b-71956/buc-b-99246'
2023-12-10 08:56:03,604 [om1-OMDoubleBufferFlushThread] INFO  db.RDBCheckpointManager (RDBCheckpointManager.java:createCheckpoint(89)) - Created checkpoint in rocksDB at /home/runner/work/ozone/ozone/hadoop-ozone/integration-test/target/test-dir/MiniOzoneClusterImpl-7f66dfcd-4d84-4460-b9fe-211923c7b7bb/ozone-meta/db.snapshots/checkpointState/om.db-f07cf045-c507-4f30-945d-a6034480b1be in 10 milliseconds
2023-12-10 08:56:03,604 [om1-OMDoubleBufferFlushThread] INFO  db.RDBCheckpointUtils (RDBCheckpointUtils.java:waitForCheckpointDirectoryExist(60)) - Waited for 0 milliseconds for checkpoint directory /home/runner/work/ozone/ozone/hadoop-ozone/integration-test/target/test-dir/MiniOzoneClusterImpl-7f66dfcd-4d84-4460-b9fe-211923c7b7bb/ozone-meta/db.snapshots/checkpointState/om.db-f07cf045-c507-4f30-945d-a6034480b1be availability.
2023-12-10 08:56:03,605 [om1-OMDoubleBufferFlushThread] INFO  om.OmSnapshotManager (OmSnapshotManager.java:createOmSnapshotCheckpoint(463)) - Created checkpoint : /home/runner/work/ozone/ozone/hadoop-ozone/integration-test/target/test-dir/MiniOzoneClusterImpl-7f66dfcd-4d84-4460-b9fe-211923c7b7bb/ozone-meta/db.snapshots/checkpointState/om.db-f07cf045-c507-4f30-945d-a6034480b1be for snapshot snapshot-b-0-42830
2023-12-10 08:56:03,607 [om1-OMStateMachineApplyTransactionThread - 0] WARN  snapshot.OMSnapshotCreateRequest (OMSnapshotCreateRequest.java:estimateBucketDataSize(342)) - DefaultReplicationConfig is not correctly set in OmBucketInfo for volume 'vol-a-26122' bucket 'buc-a-90845'. Falling back to config default 'RATIS/THREE'
2023-12-10 08:56:03,607 [om1-OMStateMachineApplyTransactionThread - 0] INFO  snapshot.OMSnapshotCreateRequest (OMSnapshotCreateRequest.java:validateAndUpdateCache(223)) - Created snapshot: 'snapshot-b-1-01333' with snapshotId: '640d0284-25a3-4761-aa6a-0667ecb95fa6' under path 'vol-a-26122/buc-a-90845'
2023-12-10 08:56:03,620 [om1-OMDoubleBufferFlushThread] INFO  db.RDBCheckpointManager (RDBCheckpointManager.java:createCheckpoint(89)) - Created checkpoint in rocksDB at /home/runner/work/ozone/ozone/hadoop-ozone/integration-test/target/test-dir/MiniOzoneClusterImpl-7f66dfcd-4d84-4460-b9fe-211923c7b7bb/ozone-meta/db.snapshots/checkpointState/om.db-640d0284-25a3-4761-aa6a-0667ecb95fa6 in 12 milliseconds
2023-12-10 08:56:03,620 [om1-OMDoubleBufferFlushThread] INFO  db.RDBCheckpointUtils (RDBCheckpointUtils.java:waitForCheckpointDirectoryExist(60)) - Waited for 0 milliseconds for checkpoint directory /home/runner/work/ozone/ozone/hadoop-ozone/integration-test/target/test-dir/MiniOzoneClusterImpl-7f66dfcd-4d84-4460-b9fe-211923c7b7bb/ozone-meta/db.snapshots/checkpointState/om.db-640d0284-25a3-4761-aa6a-0667ecb95fa6 availability.
2023-12-10 08:56:03,621 [om1-OMDoubleBufferFlushThread] INFO  om.OmSnapshotManager (OmSnapshotManager.java:createOmSnapshotCheckpoint(463)) - Created checkpoint : /home/runner/work/ozone/ozone/hadoop-ozone/integration-test/target/test-dir/MiniOzoneClusterImpl-7f66dfcd-4d84-4460-b9fe-211923c7b7bb/ozone-meta/db.snapshots/checkpointState/om.db-640d0284-25a3-4761-aa6a-0667ecb95fa6 for snapshot snapshot-b-1-01333
2023-12-10 08:56:03,622 [om1-OMStateMachineApplyTransactionThread - 0] WARN  snapshot.OMSnapshotCreateRequest (OMSnapshotCreateRequest.java:estimateBucketDataSize(342)) - DefaultReplicationConfig is not correctly set in OmBucketInfo for volume 'vol-a-26122' bucket 'buc-b-99246'. Falling back to config default 'RATIS/THREE'
2023-12-10 08:56:03,622 [om1-OMStateMachineApplyTransactionThread - 0] INFO  snapshot.OMSnapshotCreateRequest (OMSnapshotCreateRequest.java:validateAndUpdateCache(223)) - Created snapshot: 'snapshot-b-1-54969' with snapshotId: '152b3f5e-3897-46ec-8246-036d9eb52e72' under path 'vol-a-26122/buc-b-99246'
2023-12-10 08:56:03,634 [om1-OMDoubleBufferFlushThread] INFO  db.RDBCheckpointManager (RDBCheckpointManager.java:createCheckpoint(89)) - Created checkpoint in rocksDB at /home/runner/work/ozone/ozone/hadoop-ozone/integration-test/target/test-dir/MiniOzoneClusterImpl-7f66dfcd-4d84-4460-b9fe-211923c7b7bb/ozone-meta/db.snapshots/checkpointState/om.db-152b3f5e-3897-46ec-8246-036d9eb52e72 in 11 milliseconds
2023-12-10 08:56:03,634 [om1-OMDoubleBufferFlushThread] INFO  db.RDBCheckpointUtils (RDBCheckpointUtils.java:waitForCheckpointDirectoryExist(60)) - Waited for 0 milliseconds for checkpoint directory /home/runner/work/ozone/ozone/hadoop-ozone/integration-test/target/test-dir/MiniOzoneClusterImpl-7f66dfcd-4d84-4460-b9fe-211923c7b7bb/ozone-meta/db.snapshots/checkpointState/om.db-152b3f5e-3897-46ec-8246-036d9eb52e72 availability.
2023-12-10 08:56:03,635 [om1-OMDoubleBufferFlushThread] INFO  om.OmSnapshotManager (OmSnapshotManager.java:createOmSnapshotCheckpoint(463)) - Created checkpoint : /home/runner/work/ozone/ozone/hadoop-ozone/integration-test/target/test-dir/MiniOzoneClusterImpl-7f66dfcd-4d84-4460-b9fe-211923c7b7bb/ozone-meta/db.snapshots/checkpointState/om.db-152b3f5e-3897-46ec-8246-036d9eb52e72 for snapshot snapshot-b-1-54969
2023-12-10 08:56:03,638 [om1-OMStateMachineApplyTransactionThread - 0] WARN  snapshot.OMSnapshotCreateRequest (OMSnapshotCreateRequest.java:estimateBucketDataSize(342)) - DefaultReplicationConfig is not correctly set in OmBucketInfo for volume 'vol-b-71956' bucket 'buc-a-90845'. Falling back to config default 'RATIS/THREE'
2023-12-10 08:56:03,638 [om1-OMStateMachineApplyTransactionThread - 0] INFO  snapshot.OMSnapshotCreateRequest (OMSnapshotCreateRequest.java:validateAndUpdateCache(223)) - Created snapshot: 'snapshot-b-1-75488' with snapshotId: '22b0fd90-5de1-447d-9a8d-d112f6ce5094' under path 'vol-b-71956/buc-a-90845'
2023-12-10 08:56:03,648 [om1-OMDoubleBufferFlushThread] INFO  db.RDBCheckpointManager (RDBCheckpointManager.java:createCheckpoint(89)) - Created checkpoint in rocksDB at /home/runner/work/ozone/ozone/hadoop-ozone/integration-test/target/test-dir/MiniOzoneClusterImpl-7f66dfcd-4d84-4460-b9fe-211923c7b7bb/ozone-meta/db.snapshots/checkpointState/om.db-22b0fd90-5de1-447d-9a8d-d112f6ce5094 in 9 milliseconds
2023-12-10 08:56:03,649 [om1-OMDoubleBufferFlushThread] INFO  db.RDBCheckpointUtils (RDBCheckpointUtils.java:waitForCheckpointDirectoryExist(60)) - Waited for 1 milliseconds for checkpoint directory /home/runner/work/ozone/ozone/hadoop-ozone/integration-test/target/test-dir/MiniOzoneClusterImpl-7f66dfcd-4d84-4460-b9fe-211923c7b7bb/ozone-meta/db.snapshots/checkpointState/om.db-22b0fd90-5de1-447d-9a8d-d112f6ce5094 availability.
2023-12-10 08:56:03,649 [om1-OMDoubleBufferFlushThread] INFO  om.OmSnapshotManager (OmSnapshotManager.java:createOmSnapshotCheckpoint(463)) - Created checkpoint : /home/runner/work/ozone/ozone/hadoop-ozone/integration-test/target/test-dir/MiniOzoneClusterImpl-7f66dfcd-4d84-4460-b9fe-211923c7b7bb/ozone-meta/db.snapshots/checkpointState/om.db-22b0fd90-5de1-447d-9a8d-d112f6ce5094 for snapshot snapshot-b-1-75488
2023-12-10 08:56:03,653 [om1-OMStateMachineApplyTransactionThread - 0] WARN  snapshot.OMSnapshotCreateRequest (OMSnapshotCreateRequest.java:estimateBucketDataSize(342)) - DefaultReplicationConfig is not correctly set in OmBucketInfo for volume 'vol-b-71956' bucket 'buc-b-99246'. Falling back to config default 'RATIS/THREE'
2023-12-10 08:56:03,653 [om1-OMStateMachineApplyTransactionThread - 0] INFO  snapshot.OMSnapshotCreateRequest (OMSnapshotCreateRequest.java:validateAndUpdateCache(223)) - Created snapshot: 'snapshot-b-1-40813' with snapshotId: '586ec2e2-a959-4dbe-99c0-e1ba0398edf4' under path 'vol-b-71956/buc-b-99246'
2023-12-10 08:56:03,663 [om1-OMDoubleBufferFlushThread] INFO  db.RDBCheckpointManager (RDBCheckpointManager.java:createCheckpoint(89)) - Created checkpoint in rocksDB at /home/runner/work/ozone/ozone/hadoop-ozone/integration-test/target/test-dir/MiniOzoneClusterImpl-7f66dfcd-4d84-4460-b9fe-211923c7b7bb/ozone-meta/db.snapshots/checkpointState/om.db-586ec2e2-a959-4dbe-99c0-e1ba0398edf4 in 9 milliseconds
2023-12-10 08:56:03,663 [om1-OMDoubleBufferFlushThread] INFO  db.RDBCheckpointUtils (RDBCheckpointUtils.java:waitForCheckpointDirectoryExist(60)) - Waited for 0 milliseconds for checkpoint directory /home/runner/work/ozone/ozone/hadoop-ozone/integration-test/target/test-dir/MiniOzoneClusterImpl-7f66dfcd-4d84-4460-b9fe-211923c7b7bb/ozone-meta/db.snapshots/checkpointState/om.db-586ec2e2-a959-4dbe-99c0-e1ba0398edf4 availability.
2023-12-10 08:56:03,664 [om1-OMDoubleBufferFlushThread] INFO  om.OmSnapshotManager (OmSnapshotManager.java:createOmSnapshotCheckpoint(463)) - Created checkpoint : /home/runner/work/ozone/ozone/hadoop-ozone/integration-test/target/test-dir/MiniOzoneClusterImpl-7f66dfcd-4d84-4460-b9fe-211923c7b7bb/ozone-meta/db.snapshots/checkpointState/om.db-586ec2e2-a959-4dbe-99c0-e1ba0398edf4 for snapshot snapshot-b-1-40813
2023-12-10 08:56:03,666 [om1-OMStateMachineApplyTransactionThread - 0] WARN  snapshot.OMSnapshotCreateRequest (OMSnapshotCreateRequest.java:estimateBucketDataSize(342)) - DefaultReplicationConfig is not correctly set in OmBucketInfo for volume 'vol-a-26122' bucket 'buc-a-90845'. Falling back to config default 'RATIS/THREE'
2023-12-10 08:56:03,666 [om1-OMStateMachineApplyTransactionThread - 0] INFO  snapshot.OMSnapshotCreateRequest (OMSnapshotCreateRequest.java:validateAndUpdateCache(223)) - Created snapshot: 'snapshot-b-2-36369' with snapshotId: '432c61d7-2e75-46b5-b8a9-abc3173f1c6f' under path 'vol-a-26122/buc-a-90845'
2023-12-10 08:56:03,679 [om1-OMDoubleBufferFlushThread] INFO  db.RDBCheckpointManager (RDBCheckpointManager.java:createCheckpoint(89)) - Created checkpoint in rocksDB at /home/runner/work/ozone/ozone/hadoop-ozone/integration-test/target/test-dir/MiniOzoneClusterImpl-7f66dfcd-4d84-4460-b9fe-211923c7b7bb/ozone-meta/db.snapshots/checkpointState/om.db-432c61d7-2e75-46b5-b8a9-abc3173f1c6f in 12 milliseconds
2023-12-10 08:56:03,680 [om1-OMDoubleBufferFlushThread] INFO  db.RDBCheckpointUtils (RDBCheckpointUtils.java:waitForCheckpointDirectoryExist(60)) - Waited for 0 milliseconds for checkpoint directory /home/runner/work/ozone/ozone/hadoop-ozone/integration-test/target/test-dir/MiniOzoneClusterImpl-7f66dfcd-4d84-4460-b9fe-211923c7b7bb/ozone-meta/db.snapshots/checkpointState/om.db-432c61d7-2e75-46b5-b8a9-abc3173f1c6f availability.
2023-12-10 08:56:03,680 [om1-OMDoubleBufferFlushThread] INFO  om.OmSnapshotManager (OmSnapshotManager.java:createOmSnapshotCheckpoint(463)) - Created checkpoint : /home/runner/work/ozone/ozone/hadoop-ozone/integration-test/target/test-dir/MiniOzoneClusterImpl-7f66dfcd-4d84-4460-b9fe-211923c7b7bb/ozone-meta/db.snapshots/checkpointState/om.db-432c61d7-2e75-46b5-b8a9-abc3173f1c6f for snapshot snapshot-b-2-36369
2023-12-10 08:56:03,681 [om1-OMStateMachineApplyTransactionThread - 0] WARN  snapshot.OMSnapshotCreateRequest (OMSnapshotCreateRequest.java:estimateBucketDataSize(342)) - DefaultReplicationConfig is not correctly set in OmBucketInfo for volume 'vol-a-26122' bucket 'buc-b-99246'. Falling back to config default 'RATIS/THREE'
2023-12-10 08:56:03,681 [om1-OMStateMachineApplyTransactionThread - 0] INFO  snapshot.OMSnapshotCreateRequest (OMSnapshotCreateRequest.java:validateAndUpdateCache(223)) - Created snapshot: 'snapshot-b-2-68104' with snapshotId: 'feec7a1f-328e-43ee-91ef-b9fa23ca8919' under path 'vol-a-26122/buc-b-99246'
2023-12-10 08:56:03,691 [om1-OMDoubleBufferFlushThread] INFO  db.RDBCheckpointManager (RDBCheckpointManager.java:createCheckpoint(89)) - Created checkpoint in rocksDB at /home/runner/work/ozone/ozone/hadoop-ozone/integration-test/target/test-dir/MiniOzoneClusterImpl-7f66dfcd-4d84-4460-b9fe-211923c7b7bb/ozone-meta/db.snapshots/checkpointState/om.db-feec7a1f-328e-43ee-91ef-b9fa23ca8919 in 9 milliseconds
2023-12-10 08:56:03,692 [om1-OMDoubleBufferFlushThread] INFO  db.RDBCheckpointUtils (RDBCheckpointUtils.java:waitForCheckpointDirectoryExist(60)) - Waited for 1 milliseconds for checkpoint directory /home/runner/work/ozone/ozone/hadoop-ozone/integration-test/target/test-dir/MiniOzoneClusterImpl-7f66dfcd-4d84-4460-b9fe-211923c7b7bb/ozone-meta/db.snapshots/checkpointState/om.db-feec7a1f-328e-43ee-91ef-b9fa23ca8919 availability.
2023-12-10 08:56:03,692 [om1-OMDoubleBufferFlushThread] INFO  om.OmSnapshotManager (OmSnapshotManager.java:createOmSnapshotCheckpoint(463)) - Created checkpoint : /home/runner/work/ozone/ozone/hadoop-ozone/integration-test/target/test-dir/MiniOzoneClusterImpl-7f66dfcd-4d84-4460-b9fe-211923c7b7bb/ozone-meta/db.snapshots/checkpointState/om.db-feec7a1f-328e-43ee-91ef-b9fa23ca8919 for snapshot snapshot-b-2-68104
2023-12-10 08:56:03,695 [om1-OMStateMachineApplyTransactionThread - 0] WARN  snapshot.OMSnapshotCreateRequest (OMSnapshotCreateRequest.java:estimateBucketDataSize(342)) - DefaultReplicationConfig is not correctly set in OmBucketInfo for volume 'vol-b-71956' bucket 'buc-a-90845'. Falling back to config default 'RATIS/THREE'
2023-12-10 08:56:03,696 [om1-OMStateMachineApplyTransactionThread - 0] INFO  snapshot.OMSnapshotCreateRequest (OMSnapshotCreateRequest.java:validateAndUpdateCache(223)) - Created snapshot: 'snapshot-b-2-13877' with snapshotId: 'bed667bf-2fb8-4303-b367-efd76c909779' under path 'vol-b-71956/buc-a-90845'
2023-12-10 08:56:03,706 [om1-OMDoubleBufferFlushThread] INFO  db.RDBCheckpointManager (RDBCheckpointManager.java:createCheckpoint(89)) - Created checkpoint in rocksDB at /home/runner/work/ozone/ozone/hadoop-ozone/integration-test/target/test-dir/MiniOzoneClusterImpl-7f66dfcd-4d84-4460-b9fe-211923c7b7bb/ozone-meta/db.snapshots/checkpointState/om.db-bed667bf-2fb8-4303-b367-efd76c909779 in 10 milliseconds
2023-12-10 08:56:03,707 [om1-OMDoubleBufferFlushThread] INFO  db.RDBCheckpointUtils (RDBCheckpointUtils.java:waitForCheckpointDirectoryExist(60)) - Waited for 1 milliseconds for checkpoint directory /home/runner/work/ozone/ozone/hadoop-ozone/integration-test/target/test-dir/MiniOzoneClusterImpl-7f66dfcd-4d84-4460-b9fe-211923c7b7bb/ozone-meta/db.snapshots/checkpointState/om.db-bed667bf-2fb8-4303-b367-efd76c909779 availability.
2023-12-10 08:56:03,707 [om1-OMDoubleBufferFlushThread] INFO  om.OmSnapshotManager (OmSnapshotManager.java:createOmSnapshotCheckpoint(463)) - Created checkpoint : /home/runner/work/ozone/ozone/hadoop-ozone/integration-test/target/test-dir/MiniOzoneClusterImpl-7f66dfcd-4d84-4460-b9fe-211923c7b7bb/ozone-meta/db.snapshots/checkpointState/om.db-bed667bf-2fb8-4303-b367-efd76c909779 for snapshot snapshot-b-2-13877
2023-12-10 08:56:03,711 [om1-OMStateMachineApplyTransactionThread - 0] WARN  snapshot.OMSnapshotCreateRequest (OMSnapshotCreateRequest.java:estimateBucketDataSize(342)) - DefaultReplicationConfig is not correctly set in OmBucketInfo for volume 'vol-b-71956' bucket 'buc-b-99246'. Falling back to config default 'RATIS/THREE'
2023-12-10 08:56:03,711 [om1-OMStateMachineApplyTransactionThread - 0] INFO  snapshot.OMSnapshotCreateRequest (OMSnapshotCreateRequest.java:validateAndUpdateCache(223)) - Created snapshot: 'snapshot-b-2-87037' with snapshotId: 'bd96da2c-2a83-439f-b1f8-3c6a2e85daed' under path 'vol-b-71956/buc-b-99246'
2023-12-10 08:56:03,722 [om1-OMDoubleBufferFlushThread] INFO  db.RDBCheckpointManager (RDBCheckpointManager.java:createCheckpoint(89)) - Created checkpoint in rocksDB at /home/runner/work/ozone/ozone/hadoop-ozone/integration-test/target/test-dir/MiniOzoneClusterImpl-7f66dfcd-4d84-4460-b9fe-211923c7b7bb/ozone-meta/db.snapshots/checkpointState/om.db-bd96da2c-2a83-439f-b1f8-3c6a2e85daed in 10 milliseconds
2023-12-10 08:56:03,722 [om1-OMDoubleBufferFlushThread] INFO  db.RDBCheckpointUtils (RDBCheckpointUtils.java:waitForCheckpointDirectoryExist(60)) - Waited for 0 milliseconds for checkpoint directory /home/runner/work/ozone/ozone/hadoop-ozone/integration-test/target/test-dir/MiniOzoneClusterImpl-7f66dfcd-4d84-4460-b9fe-211923c7b7bb/ozone-meta/db.snapshots/checkpointState/om.db-bd96da2c-2a83-439f-b1f8-3c6a2e85daed availability.
2023-12-10 08:56:03,723 [om1-OMDoubleBufferFlushThread] INFO  om.OmSnapshotManager (OmSnapshotManager.java:createOmSnapshotCheckpoint(463)) - Created checkpoint : /home/runner/work/ozone/ozone/hadoop-ozone/integration-test/target/test-dir/MiniOzoneClusterImpl-7f66dfcd-4d84-4460-b9fe-211923c7b7bb/ozone-meta/db.snapshots/checkpointState/om.db-bd96da2c-2a83-439f-b1f8-3c6a2e85daed for snapshot snapshot-b-2-87037
2023-12-10 08:56:03,726 [om1-OMStateMachineApplyTransactionThread - 0] WARN  snapshot.OMSnapshotCreateRequest (OMSnapshotCreateRequest.java:estimateBucketDataSize(342)) - DefaultReplicationConfig is not correctly set in OmBucketInfo for volume 'vol-a-26122' bucket 'buc-a-90845'. Falling back to config default 'RATIS/THREE'
2023-12-10 08:56:03,726 [om1-OMStateMachineApplyTransactionThread - 0] INFO  snapshot.OMSnapshotCreateRequest (OMSnapshotCreateRequest.java:validateAndUpdateCache(223)) - Created snapshot: 'snapshot-b-3-40030' with snapshotId: 'd0f8bad9-4893-486f-9d65-3be623f45a58' under path 'vol-a-26122/buc-a-90845'
2023-12-10 08:56:03,740 [om1-OMDoubleBufferFlushThread] INFO  db.RDBCheckpointManager (RDBCheckpointManager.java:createCheckpoint(89)) - Created checkpoint in rocksDB at /home/runner/work/ozone/ozone/hadoop-ozone/integration-test/target/test-dir/MiniOzoneClusterImpl-7f66dfcd-4d84-4460-b9fe-211923c7b7bb/ozone-meta/db.snapshots/checkpointState/om.db-d0f8bad9-4893-486f-9d65-3be623f45a58 in 13 milliseconds
2023-12-10 08:56:03,740 [om1-OMDoubleBufferFlushThread] INFO  db.RDBCheckpointUtils (RDBCheckpointUtils.java:waitForCheckpointDirectoryExist(60)) - Waited for 0 milliseconds for checkpoint directory /home/runner/work/ozone/ozone/hadoop-ozone/integration-test/target/test-dir/MiniOzoneClusterImpl-7f66dfcd-4d84-4460-b9fe-211923c7b7bb/ozone-meta/db.snapshots/checkpointState/om.db-d0f8bad9-4893-486f-9d65-3be623f45a58 availability.
2023-12-10 08:56:03,741 [om1-OMDoubleBufferFlushThread] INFO  om.OmSnapshotManager (OmSnapshotManager.java:createOmSnapshotCheckpoint(463)) - Created checkpoint : /home/runner/work/ozone/ozone/hadoop-ozone/integration-test/target/test-dir/MiniOzoneClusterImpl-7f66dfcd-4d84-4460-b9fe-211923c7b7bb/ozone-meta/db.snapshots/checkpointState/om.db-d0f8bad9-4893-486f-9d65-3be623f45a58 for snapshot snapshot-b-3-40030
2023-12-10 08:56:03,744 [om1-OMStateMachineApplyTransactionThread - 0] WARN  snapshot.OMSnapshotCreateRequest (OMSnapshotCreateRequest.java:estimateBucketDataSize(342)) - DefaultReplicationConfig is not correctly set in OmBucketInfo for volume 'vol-a-26122' bucket 'buc-b-99246'. Falling back to config default 'RATIS/THREE'
2023-12-10 08:56:03,744 [om1-OMStateMachineApplyTransactionThread - 0] INFO  snapshot.OMSnapshotCreateRequest (OMSnapshotCreateRequest.java:validateAndUpdateCache(223)) - Created snapshot: 'snapshot-b-3-41437' with snapshotId: '272bfc2f-7543-4f9a-942a-50f3cb63a056' under path 'vol-a-26122/buc-b-99246'
2023-12-10 08:56:03,757 [om1-OMDoubleBufferFlushThread] INFO  db.RDBCheckpointManager (RDBCheckpointManager.java:createCheckpoint(89)) - Created checkpoint in rocksDB at /home/runner/work/ozone/ozone/hadoop-ozone/integration-test/target/test-dir/MiniOzoneClusterImpl-7f66dfcd-4d84-4460-b9fe-211923c7b7bb/ozone-meta/db.snapshots/checkpointState/om.db-272bfc2f-7543-4f9a-942a-50f3cb63a056 in 12 milliseconds
2023-12-10 08:56:03,757 [om1-OMDoubleBufferFlushThread] INFO  db.RDBCheckpointUtils (RDBCheckpointUtils.java:waitForCheckpointDirectoryExist(60)) - Waited for 0 milliseconds for checkpoint directory /home/runner/work/ozone/ozone/hadoop-ozone/integration-test/target/test-dir/MiniOzoneClusterImpl-7f66dfcd-4d84-4460-b9fe-211923c7b7bb/ozone-meta/db.snapshots/checkpointState/om.db-272bfc2f-7543-4f9a-942a-50f3cb63a056 availability.
2023-12-10 08:56:03,758 [om1-OMDoubleBufferFlushThread] INFO  om.OmSnapshotManager (OmSnapshotManager.java:createOmSnapshotCheckpoint(463)) - Created checkpoint : /home/runner/work/ozone/ozone/hadoop-ozone/integration-test/target/test-dir/MiniOzoneClusterImpl-7f66dfcd-4d84-4460-b9fe-211923c7b7bb/ozone-meta/db.snapshots/checkpointState/om.db-272bfc2f-7543-4f9a-942a-50f3cb63a056 for snapshot snapshot-b-3-41437
2023-12-10 08:56:03,759 [om1-OMStateMachineApplyTransactionThread - 0] WARN  snapshot.OMSnapshotCreateRequest (OMSnapshotCreateRequest.java:estimateBucketDataSize(342)) - DefaultReplicationConfig is not correctly set in OmBucketInfo for volume 'vol-b-71956' bucket 'buc-a-90845'. Falling back to config default 'RATIS/THREE'
2023-12-10 08:56:03,759 [om1-OMStateMachineApplyTransactionThread - 0] INFO  snapshot.OMSnapshotCreateRequest (OMSnapshotCreateRequest.java:validateAndUpdateCache(223)) - Created snapshot: 'snapshot-b-3-35110' with snapshotId: '8bbaf573-f017-44d5-a1ad-ec9d17e6831b' under path 'vol-b-71956/buc-a-90845'
2023-12-10 08:56:03,769 [om1-OMDoubleBufferFlushThread] INFO  db.RDBCheckpointManager (RDBCheckpointManager.java:createCheckpoint(89)) - Created checkpoint in rocksDB at /home/runner/work/ozone/ozone/hadoop-ozone/integration-test/target/test-dir/MiniOzoneClusterImpl-7f66dfcd-4d84-4460-b9fe-211923c7b7bb/ozone-meta/db.snapshots/checkpointState/om.db-8bbaf573-f017-44d5-a1ad-ec9d17e6831b in 9 milliseconds
2023-12-10 08:56:03,770 [om1-OMDoubleBufferFlushThread] INFO  db.RDBCheckpointUtils (RDBCheckpointUtils.java:waitForCheckpointDirectoryExist(60)) - Waited for 1 milliseconds for checkpoint directory /home/runner/work/ozone/ozone/hadoop-ozone/integration-test/target/test-dir/MiniOzoneClusterImpl-7f66dfcd-4d84-4460-b9fe-211923c7b7bb/ozone-meta/db.snapshots/checkpointState/om.db-8bbaf573-f017-44d5-a1ad-ec9d17e6831b availability.
2023-12-10 08:56:03,770 [om1-OMDoubleBufferFlushThread] INFO  om.OmSnapshotManager (OmSnapshotManager.java:createOmSnapshotCheckpoint(463)) - Created checkpoint : /home/runner/work/ozone/ozone/hadoop-ozone/integration-test/target/test-dir/MiniOzoneClusterImpl-7f66dfcd-4d84-4460-b9fe-211923c7b7bb/ozone-meta/db.snapshots/checkpointState/om.db-8bbaf573-f017-44d5-a1ad-ec9d17e6831b for snapshot snapshot-b-3-35110
2023-12-10 08:56:03,773 [om1-OMStateMachineApplyTransactionThread - 0] WARN  snapshot.OMSnapshotCreateRequest (OMSnapshotCreateRequest.java:estimateBucketDataSize(342)) - DefaultReplicationConfig is not correctly set in OmBucketInfo for volume 'vol-b-71956' bucket 'buc-b-99246'. Falling back to config default 'RATIS/THREE'
2023-12-10 08:56:03,773 [om1-OMStateMachineApplyTransactionThread - 0] INFO  snapshot.OMSnapshotCreateRequest (OMSnapshotCreateRequest.java:validateAndUpdateCache(223)) - Created snapshot: 'snapshot-b-3-42291' with snapshotId: '50b8265f-a327-4039-896b-313ed5f7ee18' under path 'vol-b-71956/buc-b-99246'
2023-12-10 08:56:03,782 [om1-OMDoubleBufferFlushThread] INFO  db.RDBCheckpointManager (RDBCheckpointManager.java:createCheckpoint(89)) - Created checkpoint in rocksDB at /home/runner/work/ozone/ozone/hadoop-ozone/integration-test/target/test-dir/MiniOzoneClusterImpl-7f66dfcd-4d84-4460-b9fe-211923c7b7bb/ozone-meta/db.snapshots/checkpointState/om.db-50b8265f-a327-4039-896b-313ed5f7ee18 in 9 milliseconds
2023-12-10 08:56:03,782 [om1-OMDoubleBufferFlushThread] INFO  db.RDBCheckpointUtils (RDBCheckpointUtils.java:waitForCheckpointDirectoryExist(60)) - Waited for 0 milliseconds for checkpoint directory /home/runner/work/ozone/ozone/hadoop-ozone/integration-test/target/test-dir/MiniOzoneClusterImpl-7f66dfcd-4d84-4460-b9fe-211923c7b7bb/ozone-meta/db.snapshots/checkpointState/om.db-50b8265f-a327-4039-896b-313ed5f7ee18 availability.
2023-12-10 08:56:03,783 [om1-OMDoubleBufferFlushThread] INFO  om.OmSnapshotManager (OmSnapshotManager.java:createOmSnapshotCheckpoint(463)) - Created checkpoint : /home/runner/work/ozone/ozone/hadoop-ozone/integration-test/target/test-dir/MiniOzoneClusterImpl-7f66dfcd-4d84-4460-b9fe-211923c7b7bb/ozone-meta/db.snapshots/checkpointState/om.db-50b8265f-a327-4039-896b-313ed5f7ee18 for snapshot snapshot-b-3-42291
2023-12-10 08:56:03,786 [om1-OMStateMachineApplyTransactionThread - 0] WARN  snapshot.OMSnapshotCreateRequest (OMSnapshotCreateRequest.java:estimateBucketDataSize(342)) - DefaultReplicationConfig is not correctly set in OmBucketInfo for volume 'vol-a-26122' bucket 'buc-a-90845'. Falling back to config default 'RATIS/THREE'
2023-12-10 08:56:03,786 [om1-OMStateMachineApplyTransactionThread - 0] INFO  snapshot.OMSnapshotCreateRequest (OMSnapshotCreateRequest.java:validateAndUpdateCache(223)) - Created snapshot: 'snapshot-b-4-07734' with snapshotId: '49650275-386d-4491-b707-25beb6d78e02' under path 'vol-a-26122/buc-a-90845'
2023-12-10 08:56:03,797 [om1-OMDoubleBufferFlushThread] INFO  db.RDBCheckpointManager (RDBCheckpointManager.java:createCheckpoint(89)) - Created checkpoint in rocksDB at /home/runner/work/ozone/ozone/hadoop-ozone/integration-test/target/test-dir/MiniOzoneClusterImpl-7f66dfcd-4d84-4460-b9fe-211923c7b7bb/ozone-meta/db.snapshots/checkpointState/om.db-49650275-386d-4491-b707-25beb6d78e02 in 10 milliseconds
2023-12-10 08:56:03,797 [om1-OMDoubleBufferFlushThread] INFO  db.RDBCheckpointUtils (RDBCheckpointUtils.java:waitForCheckpointDirectoryExist(60)) - Waited for 0 milliseconds for checkpoint directory /home/runner/work/ozone/ozone/hadoop-ozone/integration-test/target/test-dir/MiniOzoneClusterImpl-7f66dfcd-4d84-4460-b9fe-211923c7b7bb/ozone-meta/db.snapshots/checkpointState/om.db-49650275-386d-4491-b707-25beb6d78e02 availability.
2023-12-10 08:56:03,797 [om1-OMDoubleBufferFlushThread] INFO  om.OmSnapshotManager (OmSnapshotManager.java:createOmSnapshotCheckpoint(463)) - Created checkpoint : /home/runner/work/ozone/ozone/hadoop-ozone/integration-test/target/test-dir/MiniOzoneClusterImpl-7f66dfcd-4d84-4460-b9fe-211923c7b7bb/ozone-meta/db.snapshots/checkpointState/om.db-49650275-386d-4491-b707-25beb6d78e02 for snapshot snapshot-b-4-07734
2023-12-10 08:56:03,800 [om1-OMStateMachineApplyTransactionThread - 0] WARN  snapshot.OMSnapshotCreateRequest (OMSnapshotCreateRequest.java:estimateBucketDataSize(342)) - DefaultReplicationConfig is not correctly set in OmBucketInfo for volume 'vol-a-26122' bucket 'buc-b-99246'. Falling back to config default 'RATIS/THREE'
2023-12-10 08:56:03,800 [om1-OMStateMachineApplyTransactionThread - 0] INFO  snapshot.OMSnapshotCreateRequest (OMSnapshotCreateRequest.java:validateAndUpdateCache(223)) - Created snapshot: 'snapshot-b-4-06036' with snapshotId: '4452640a-00c2-483f-8f18-0e6459295f91' under path 'vol-a-26122/buc-b-99246'
2023-12-10 08:56:03,815 [om1-OMDoubleBufferFlushThread] INFO  db.RDBCheckpointManager (RDBCheckpointManager.java:createCheckpoint(89)) - Created checkpoint in rocksDB at /home/runner/work/ozone/ozone/hadoop-ozone/integration-test/target/test-dir/MiniOzoneClusterImpl-7f66dfcd-4d84-4460-b9fe-211923c7b7bb/ozone-meta/db.snapshots/checkpointState/om.db-4452640a-00c2-483f-8f18-0e6459295f91 in 14 milliseconds
2023-12-10 08:56:03,816 [om1-OMDoubleBufferFlushThread] INFO  db.RDBCheckpointUtils (RDBCheckpointUtils.java:waitForCheckpointDirectoryExist(60)) - Waited for 1 milliseconds for checkpoint directory /home/runner/work/ozone/ozone/hadoop-ozone/integration-test/target/test-dir/MiniOzoneClusterImpl-7f66dfcd-4d84-4460-b9fe-211923c7b7bb/ozone-meta/db.snapshots/checkpointState/om.db-4452640a-00c2-483f-8f18-0e6459295f91 availability.
2023-12-10 08:56:03,816 [om1-OMStateMachineApplyTransactionThread - 0] WARN  snapshot.OMSnapshotCreateRequest (OMSnapshotCreateRequest.java:estimateBucketDataSize(342)) - DefaultReplicationConfig is not correctly set in OmBucketInfo for volume 'vol-b-71956' bucket 'buc-a-90845'. Falling back to config default 'RATIS/THREE'
2023-12-10 08:56:03,816 [om1-OMStateMachineApplyTransactionThread - 0] INFO  snapshot.OMSnapshotCreateRequest (OMSnapshotCreateRequest.java:validateAndUpdateCache(223)) - Created snapshot: 'snapshot-b-4-55539' with snapshotId: 'bdcb3feb-2602-4c1d-bf73-08a959be1c10' under path 'vol-b-71956/buc-a-90845'
2023-12-10 08:56:03,816 [om1-OMDoubleBufferFlushThread] INFO  om.OmSnapshotManager (OmSnapshotManager.java:createOmSnapshotCheckpoint(463)) - Created checkpoint : /home/runner/work/ozone/ozone/hadoop-ozone/integration-test/target/test-dir/MiniOzoneClusterImpl-7f66dfcd-4d84-4460-b9fe-211923c7b7bb/ozone-meta/db.snapshots/checkpointState/om.db-4452640a-00c2-483f-8f18-0e6459295f91 for snapshot snapshot-b-4-06036
2023-12-10 08:56:03,828 [om1-OMDoubleBufferFlushThread] INFO  db.RDBCheckpointManager (RDBCheckpointManager.java:createCheckpoint(89)) - Created checkpoint in rocksDB at /home/runner/work/ozone/ozone/hadoop-ozone/integration-test/target/test-dir/MiniOzoneClusterImpl-7f66dfcd-4d84-4460-b9fe-211923c7b7bb/ozone-meta/db.snapshots/checkpointState/om.db-bdcb3feb-2602-4c1d-bf73-08a959be1c10 in 11 milliseconds
2023-12-10 08:56:03,828 [om1-OMDoubleBufferFlushThread] INFO  db.RDBCheckpointUtils (RDBCheckpointUtils.java:waitForCheckpointDirectoryExist(60)) - Waited for 0 milliseconds for checkpoint directory /home/runner/work/ozone/ozone/hadoop-ozone/integration-test/target/test-dir/MiniOzoneClusterImpl-7f66dfcd-4d84-4460-b9fe-211923c7b7bb/ozone-meta/db.snapshots/checkpointState/om.db-bdcb3feb-2602-4c1d-bf73-08a959be1c10 availability.
2023-12-10 08:56:03,829 [om1-OMDoubleBufferFlushThread] INFO  om.OmSnapshotManager (OmSnapshotManager.java:createOmSnapshotCheckpoint(463)) - Created checkpoint : /home/runner/work/ozone/ozone/hadoop-ozone/integration-test/target/test-dir/MiniOzoneClusterImpl-7f66dfcd-4d84-4460-b9fe-211923c7b7bb/ozone-meta/db.snapshots/checkpointState/om.db-bdcb3feb-2602-4c1d-bf73-08a959be1c10 for snapshot snapshot-b-4-55539
2023-12-10 08:56:03,832 [om1-OMStateMachineApplyTransactionThread - 0] WARN  snapshot.OMSnapshotCreateRequest (OMSnapshotCreateRequest.java:estimateBucketDataSize(342)) - DefaultReplicationConfig is not correctly set in OmBucketInfo for volume 'vol-b-71956' bucket 'buc-b-99246'. Falling back to config default 'RATIS/THREE'
2023-12-10 08:56:03,832 [om1-OMStateMachineApplyTransactionThread - 0] INFO  snapshot.OMSnapshotCreateRequest (OMSnapshotCreateRequest.java:validateAndUpdateCache(223)) - Created snapshot: 'snapshot-b-4-71519' with snapshotId: '21079d7d-b62e-4896-9fe8-de64764bf8e3' under path 'vol-b-71956/buc-b-99246'
2023-12-10 08:56:03,848 [om1-OMStateMachineApplyTransactionThread - 0] WARN  snapshot.OMSnapshotCreateRequest (OMSnapshotCreateRequest.java:estimateBucketDataSize(342)) - DefaultReplicationConfig is not correctly set in OmBucketInfo for volume 'vol-a-26122' bucket 'buc-a-90845'. Falling back to config default 'RATIS/THREE'
2023-12-10 08:56:03,848 [om1-OMStateMachineApplyTransactionThread - 0] INFO  snapshot.OMSnapshotCreateRequest (OMSnapshotCreateRequest.java:validateAndUpdateCache(223)) - Created snapshot: 'snapshot-b-5-30582' with snapshotId: 'f424fa59-bbaf-4366-8c41-21be33edaddb' under path 'vol-a-26122/buc-a-90845'
2023-12-10 08:56:03,849 [om1-OMDoubleBufferFlushThread] INFO  db.RDBCheckpointManager (RDBCheckpointManager.java:createCheckpoint(89)) - Created checkpoint in rocksDB at /home/runner/work/ozone/ozone/hadoop-ozone/integration-test/target/test-dir/MiniOzoneClusterImpl-7f66dfcd-4d84-4460-b9fe-211923c7b7bb/ozone-meta/db.snapshots/checkpointState/om.db-21079d7d-b62e-4896-9fe8-de64764bf8e3 in 15 milliseconds
2023-12-10 08:56:03,850 [om1-OMDoubleBufferFlushThread] INFO  db.RDBCheckpointUtils (RDBCheckpointUtils.java:waitForCheckpointDirectoryExist(60)) - Waited for 1 milliseconds for checkpoint directory /home/runner/work/ozone/ozone/hadoop-ozone/integration-test/target/test-dir/MiniOzoneClusterImpl-7f66dfcd-4d84-4460-b9fe-211923c7b7bb/ozone-meta/db.snapshots/checkpointState/om.db-21079d7d-b62e-4896-9fe8-de64764bf8e3 availability.
2023-12-10 08:56:03,850 [om1-OMDoubleBufferFlushThread] INFO  om.OmSnapshotManager (OmSnapshotManager.java:createOmSnapshotCheckpoint(463)) - Created checkpoint : /home/runner/work/ozone/ozone/hadoop-ozone/integration-test/target/test-dir/MiniOzoneClusterImpl-7f66dfcd-4d84-4460-b9fe-211923c7b7bb/ozone-meta/db.snapshots/checkpointState/om.db-21079d7d-b62e-4896-9fe8-de64764bf8e3 for snapshot snapshot-b-4-71519
2023-12-10 08:56:03,862 [om1-OMDoubleBufferFlushThread] INFO  db.RDBCheckpointManager (RDBCheckpointManager.java:createCheckpoint(89)) - Created checkpoint in rocksDB at /home/runner/work/ozone/ozone/hadoop-ozone/integration-test/target/test-dir/MiniOzoneClusterImpl-7f66dfcd-4d84-4460-b9fe-211923c7b7bb/ozone-meta/db.snapshots/checkpointState/om.db-f424fa59-bbaf-4366-8c41-21be33edaddb in 11 milliseconds
2023-12-10 08:56:03,862 [om1-OMDoubleBufferFlushThread] INFO  db.RDBCheckpointUtils (RDBCheckpointUtils.java:waitForCheckpointDirectoryExist(60)) - Waited for 0 milliseconds for checkpoint directory /home/runner/work/ozone/ozone/hadoop-ozone/integration-test/target/test-dir/MiniOzoneClusterImpl-7f66dfcd-4d84-4460-b9fe-211923c7b7bb/ozone-meta/db.snapshots/checkpointState/om.db-f424fa59-bbaf-4366-8c41-21be33edaddb availability.
2023-12-10 08:56:03,863 [om1-OMStateMachineApplyTransactionThread - 0] WARN  snapshot.OMSnapshotCreateRequest (OMSnapshotCreateRequest.java:estimateBucketDataSize(342)) - DefaultReplicationConfig is not correctly set in OmBucketInfo for volume 'vol-a-26122' bucket 'buc-b-99246'. Falling back to config default 'RATIS/THREE'
2023-12-10 08:56:03,863 [om1-OMStateMachineApplyTransactionThread - 0] INFO  snapshot.OMSnapshotCreateRequest (OMSnapshotCreateRequest.java:validateAndUpdateCache(223)) - Created snapshot: 'snapshot-b-5-98922' with snapshotId: 'da6699c8-b35b-4c7f-a2a8-99d601a38c84' under path 'vol-a-26122/buc-b-99246'
2023-12-10 08:56:03,863 [om1-OMDoubleBufferFlushThread] INFO  om.OmSnapshotManager (OmSnapshotManager.java:createOmSnapshotCheckpoint(463)) - Created checkpoint : /home/runner/work/ozone/ozone/hadoop-ozone/integration-test/target/test-dir/MiniOzoneClusterImpl-7f66dfcd-4d84-4460-b9fe-211923c7b7bb/ozone-meta/db.snapshots/checkpointState/om.db-f424fa59-bbaf-4366-8c41-21be33edaddb for snapshot snapshot-b-5-30582
2023-12-10 08:56:03,878 [om1-OMStateMachineApplyTransactionThread - 0] WARN  snapshot.OMSnapshotCreateRequest (OMSnapshotCreateRequest.java:estimateBucketDataSize(342)) - DefaultReplicationConfig is not correctly set in OmBucketInfo for volume 'vol-b-71956' bucket 'buc-a-90845'. Falling back to config default 'RATIS/THREE'
2023-12-10 08:56:03,878 [om1-OMStateMachineApplyTransactionThread - 0] INFO  snapshot.OMSnapshotCreateRequest (OMSnapshotCreateRequest.java:validateAndUpdateCache(223)) - Created snapshot: 'snapshot-b-5-61545' with snapshotId: '81a16d90-8264-40b3-9d1c-26989096a03f' under path 'vol-b-71956/buc-a-90845'
2023-12-10 08:56:03,880 [om1-OMDoubleBufferFlushThread] INFO  db.RDBCheckpointManager (RDBCheckpointManager.java:createCheckpoint(89)) - Created checkpoint in rocksDB at /home/runner/work/ozone/ozone/hadoop-ozone/integration-test/target/test-dir/MiniOzoneClusterImpl-7f66dfcd-4d84-4460-b9fe-211923c7b7bb/ozone-meta/db.snapshots/checkpointState/om.db-da6699c8-b35b-4c7f-a2a8-99d601a38c84 in 16 milliseconds
2023-12-10 08:56:03,880 [om1-OMDoubleBufferFlushThread] INFO  db.RDBCheckpointUtils (RDBCheckpointUtils.java:waitForCheckpointDirectoryExist(60)) - Waited for 0 milliseconds for checkpoint directory /home/runner/work/ozone/ozone/hadoop-ozone/integration-test/target/test-dir/MiniOzoneClusterImpl-7f66dfcd-4d84-4460-b9fe-211923c7b7bb/ozone-meta/db.snapshots/checkpointState/om.db-da6699c8-b35b-4c7f-a2a8-99d601a38c84 availability.
2023-12-10 08:56:03,881 [om1-OMDoubleBufferFlushThread] INFO  om.OmSnapshotManager (OmSnapshotManager.java:createOmSnapshotCheckpoint(463)) - Created checkpoint : /home/runner/work/ozone/ozone/hadoop-ozone/integration-test/target/test-dir/MiniOzoneClusterImpl-7f66dfcd-4d84-4460-b9fe-211923c7b7bb/ozone-meta/db.snapshots/checkpointState/om.db-da6699c8-b35b-4c7f-a2a8-99d601a38c84 for snapshot snapshot-b-5-98922
2023-12-10 08:56:03,891 [om1-OMDoubleBufferFlushThread] INFO  db.RDBCheckpointManager (RDBCheckpointManager.java:createCheckpoint(89)) - Created checkpoint in rocksDB at /home/runner/work/ozone/ozone/hadoop-ozone/integration-test/target/test-dir/MiniOzoneClusterImpl-7f66dfcd-4d84-4460-b9fe-211923c7b7bb/ozone-meta/db.snapshots/checkpointState/om.db-81a16d90-8264-40b3-9d1c-26989096a03f in 9 milliseconds
2023-12-10 08:56:03,891 [om1-OMDoubleBufferFlushThread] INFO  db.RDBCheckpointUtils (RDBCheckpointUtils.java:waitForCheckpointDirectoryExist(60)) - Waited for 0 milliseconds for checkpoint directory /home/runner/work/ozone/ozone/hadoop-ozone/integration-test/target/test-dir/MiniOzoneClusterImpl-7f66dfcd-4d84-4460-b9fe-211923c7b7bb/ozone-meta/db.snapshots/checkpointState/om.db-81a16d90-8264-40b3-9d1c-26989096a03f availability.
2023-12-10 08:56:03,891 [om1-OMStateMachineApplyTransactionThread - 0] WARN  snapshot.OMSnapshotCreateRequest (OMSnapshotCreateRequest.java:estimateBucketDataSize(342)) - DefaultReplicationConfig is not correctly set in OmBucketInfo for volume 'vol-b-71956' bucket 'buc-b-99246'. Falling back to config default 'RATIS/THREE'
2023-12-10 08:56:03,892 [om1-OMStateMachineApplyTransactionThread - 0] INFO  snapshot.OMSnapshotCreateRequest (OMSnapshotCreateRequest.java:validateAndUpdateCache(223)) - Created snapshot: 'snapshot-b-5-90249' with snapshotId: '45af051d-7003-4e52-ad81-e618eed57890' under path 'vol-b-71956/buc-b-99246'
2023-12-10 08:56:03,892 [om1-OMDoubleBufferFlushThread] INFO  om.OmSnapshotManager (OmSnapshotManager.java:createOmSnapshotCheckpoint(463)) - Created checkpoint : /home/runner/work/ozone/ozone/hadoop-ozone/integration-test/target/test-dir/MiniOzoneClusterImpl-7f66dfcd-4d84-4460-b9fe-211923c7b7bb/ozone-meta/db.snapshots/checkpointState/om.db-81a16d90-8264-40b3-9d1c-26989096a03f for snapshot snapshot-b-5-61545
2023-12-10 08:56:03,903 [om1-OMDoubleBufferFlushThread] INFO  db.RDBCheckpointManager (RDBCheckpointManager.java:createCheckpoint(89)) - Created checkpoint in rocksDB at /home/runner/work/ozone/ozone/hadoop-ozone/integration-test/target/test-dir/MiniOzoneClusterImpl-7f66dfcd-4d84-4460-b9fe-211923c7b7bb/ozone-meta/db.snapshots/checkpointState/om.db-45af051d-7003-4e52-ad81-e618eed57890 in 9 milliseconds
2023-12-10 08:56:03,904 [om1-OMDoubleBufferFlushThread] INFO  db.RDBCheckpointUtils (RDBCheckpointUtils.java:waitForCheckpointDirectoryExist(60)) - Waited for 0 milliseconds for checkpoint directory /home/runner/work/ozone/ozone/hadoop-ozone/integration-test/target/test-dir/MiniOzoneClusterImpl-7f66dfcd-4d84-4460-b9fe-211923c7b7bb/ozone-meta/db.snapshots/checkpointState/om.db-45af051d-7003-4e52-ad81-e618eed57890 availability.
2023-12-10 08:56:03,904 [om1-OMDoubleBufferFlushThread] INFO  om.OmSnapshotManager (OmSnapshotManager.java:createOmSnapshotCheckpoint(463)) - Created checkpoint : /home/runner/work/ozone/ozone/hadoop-ozone/integration-test/target/test-dir/MiniOzoneClusterImpl-7f66dfcd-4d84-4460-b9fe-211923c7b7bb/ozone-meta/db.snapshots/checkpointState/om.db-45af051d-7003-4e52-ad81-e618eed57890 for snapshot snapshot-b-5-90249
2023-12-10 08:56:03,905 [om1-OMStateMachineApplyTransactionThread - 0] WARN  snapshot.OMSnapshotCreateRequest (OMSnapshotCreateRequest.java:estimateBucketDataSize(342)) - DefaultReplicationConfig is not correctly set in OmBucketInfo for volume 'vol-a-26122' bucket 'buc-a-90845'. Falling back to config default 'RATIS/THREE'
2023-12-10 08:56:03,905 [om1-OMStateMachineApplyTransactionThread - 0] INFO  snapshot.OMSnapshotCreateRequest (OMSnapshotCreateRequest.java:validateAndUpdateCache(223)) - Created snapshot: 'snapshot-b-6-04944' with snapshotId: '4360d79c-9b95-4701-a143-2638df358879' under path 'vol-a-26122/buc-a-90845'
2023-12-10 08:56:03,916 [om1-OMDoubleBufferFlushThread] INFO  db.RDBCheckpointManager (RDBCheckpointManager.java:createCheckpoint(89)) - Created checkpoint in rocksDB at /home/runner/work/ozone/ozone/hadoop-ozone/integration-test/target/test-dir/MiniOzoneClusterImpl-7f66dfcd-4d84-4460-b9fe-211923c7b7bb/ozone-meta/db.snapshots/checkpointState/om.db-4360d79c-9b95-4701-a143-2638df358879 in 10 milliseconds
2023-12-10 08:56:03,916 [om1-OMDoubleBufferFlushThread] INFO  db.RDBCheckpointUtils (RDBCheckpointUtils.java:waitForCheckpointDirectoryExist(60)) - Waited for 0 milliseconds for checkpoint directory /home/runner/work/ozone/ozone/hadoop-ozone/integration-test/target/test-dir/MiniOzoneClusterImpl-7f66dfcd-4d84-4460-b9fe-211923c7b7bb/ozone-meta/db.snapshots/checkpointState/om.db-4360d79c-9b95-4701-a143-2638df358879 availability.
2023-12-10 08:56:03,916 [om1-OMDoubleBufferFlushThread] INFO  om.OmSnapshotManager (OmSnapshotManager.java:createOmSnapshotCheckpoint(463)) - Created checkpoint : /home/runner/work/ozone/ozone/hadoop-ozone/integration-test/target/test-dir/MiniOzoneClusterImpl-7f66dfcd-4d84-4460-b9fe-211923c7b7bb/ozone-meta/db.snapshots/checkpointState/om.db-4360d79c-9b95-4701-a143-2638df358879 for snapshot snapshot-b-6-04944
2023-12-10 08:56:03,919 [om1-OMStateMachineApplyTransactionThread - 0] WARN  snapshot.OMSnapshotCreateRequest (OMSnapshotCreateRequest.java:estimateBucketDataSize(342)) - DefaultReplicationConfig is not correctly set in OmBucketInfo for volume 'vol-a-26122' bucket 'buc-b-99246'. Falling back to config default 'RATIS/THREE'
2023-12-10 08:56:03,919 [om1-OMStateMachineApplyTransactionThread - 0] INFO  snapshot.OMSnapshotCreateRequest (OMSnapshotCreateRequest.java:validateAndUpdateCache(223)) - Created snapshot: 'snapshot-b-6-62940' with snapshotId: '63f47bf7-c6db-4716-bd71-af1d7bcc5337' under path 'vol-a-26122/buc-b-99246'
2023-12-10 08:56:03,931 [om1-OMDoubleBufferFlushThread] INFO  db.RDBCheckpointManager (RDBCheckpointManager.java:createCheckpoint(89)) - Created checkpoint in rocksDB at /home/runner/work/ozone/ozone/hadoop-ozone/integration-test/target/test-dir/MiniOzoneClusterImpl-7f66dfcd-4d84-4460-b9fe-211923c7b7bb/ozone-meta/db.snapshots/checkpointState/om.db-63f47bf7-c6db-4716-bd71-af1d7bcc5337 in 11 milliseconds
2023-12-10 08:56:03,932 [om1-OMDoubleBufferFlushThread] INFO  db.RDBCheckpointUtils (RDBCheckpointUtils.java:waitForCheckpointDirectoryExist(60)) - Waited for 1 milliseconds for checkpoint directory /home/runner/work/ozone/ozone/hadoop-ozone/integration-test/target/test-dir/MiniOzoneClusterImpl-7f66dfcd-4d84-4460-b9fe-211923c7b7bb/ozone-meta/db.snapshots/checkpointState/om.db-63f47bf7-c6db-4716-bd71-af1d7bcc5337 availability.
2023-12-10 08:56:03,932 [om1-OMDoubleBufferFlushThread] INFO  om.OmSnapshotManager (OmSnapshotManager.java:createOmSnapshotCheckpoint(463)) - Created checkpoint : /home/runner/work/ozone/ozone/hadoop-ozone/integration-test/target/test-dir/MiniOzoneClusterImpl-7f66dfcd-4d84-4460-b9fe-211923c7b7bb/ozone-meta/db.snapshots/checkpointState/om.db-63f47bf7-c6db-4716-bd71-af1d7bcc5337 for snapshot snapshot-b-6-62940
2023-12-10 08:56:03,933 [om1-OMStateMachineApplyTransactionThread - 0] WARN  snapshot.OMSnapshotCreateRequest (OMSnapshotCreateRequest.java:estimateBucketDataSize(342)) - DefaultReplicationConfig is not correctly set in OmBucketInfo for volume 'vol-b-71956' bucket 'buc-a-90845'. Falling back to config default 'RATIS/THREE'
2023-12-10 08:56:03,933 [om1-OMStateMachineApplyTransactionThread - 0] INFO  snapshot.OMSnapshotCreateRequest (OMSnapshotCreateRequest.java:validateAndUpdateCache(223)) - Created snapshot: 'snapshot-b-6-16746' with snapshotId: 'd2896445-7322-49e9-a19a-3623c878c36b' under path 'vol-b-71956/buc-a-90845'
2023-12-10 08:56:03,943 [om1-OMDoubleBufferFlushThread] INFO  db.RDBCheckpointManager (RDBCheckpointManager.java:createCheckpoint(89)) - Created checkpoint in rocksDB at /home/runner/work/ozone/ozone/hadoop-ozone/integration-test/target/test-dir/MiniOzoneClusterImpl-7f66dfcd-4d84-4460-b9fe-211923c7b7bb/ozone-meta/db.snapshots/checkpointState/om.db-d2896445-7322-49e9-a19a-3623c878c36b in 9 milliseconds
2023-12-10 08:56:03,943 [om1-OMDoubleBufferFlushThread] INFO  db.RDBCheckpointUtils (RDBCheckpointUtils.java:waitForCheckpointDirectoryExist(60)) - Waited for 0 milliseconds for checkpoint directory /home/runner/work/ozone/ozone/hadoop-ozone/integration-test/target/test-dir/MiniOzoneClusterImpl-7f66dfcd-4d84-4460-b9fe-211923c7b7bb/ozone-meta/db.snapshots/checkpointState/om.db-d2896445-7322-49e9-a19a-3623c878c36b availability.
2023-12-10 08:56:03,944 [om1-OMDoubleBufferFlushThread] INFO  om.OmSnapshotManager (OmSnapshotManager.java:createOmSnapshotCheckpoint(463)) - Created checkpoint : /home/runner/work/ozone/ozone/hadoop-ozone/integration-test/target/test-dir/MiniOzoneClusterImpl-7f66dfcd-4d84-4460-b9fe-211923c7b7bb/ozone-meta/db.snapshots/checkpointState/om.db-d2896445-7322-49e9-a19a-3623c878c36b for snapshot snapshot-b-6-16746
2023-12-10 08:56:03,947 [om1-OMStateMachineApplyTransactionThread - 0] WARN  snapshot.OMSnapshotCreateRequest (OMSnapshotCreateRequest.java:estimateBucketDataSize(342)) - DefaultReplicationConfig is not correctly set in OmBucketInfo for volume 'vol-b-71956' bucket 'buc-b-99246'. Falling back to config default 'RATIS/THREE'
2023-12-10 08:56:03,947 [om1-OMStateMachineApplyTransactionThread - 0] INFO  snapshot.OMSnapshotCreateRequest (OMSnapshotCreateRequest.java:validateAndUpdateCache(223)) - Created snapshot: 'snapshot-b-6-72210' with snapshotId: 'd95d642b-ffd7-4c89-8828-330d9b8fe905' under path 'vol-b-71956/buc-b-99246'
2023-12-10 08:56:03,960 [om1-OMStateMachineApplyTransactionThread - 0] WARN  snapshot.OMSnapshotCreateRequest (OMSnapshotCreateRequest.java:estimateBucketDataSize(342)) - DefaultReplicationConfig is not correctly set in OmBucketInfo for volume 'vol-a-26122' bucket 'buc-a-90845'. Falling back to config default 'RATIS/THREE'
2023-12-10 08:56:03,960 [om1-OMStateMachineApplyTransactionThread - 0] INFO  snapshot.OMSnapshotCreateRequest (OMSnapshotCreateRequest.java:validateAndUpdateCache(223)) - Created snapshot: 'snapshot-b-7-02189' with snapshotId: 'c30a3ecc-553c-49f4-aeec-a894f4f74fc9' under path 'vol-a-26122/buc-a-90845'
2023-12-10 08:56:03,961 [om1-OMDoubleBufferFlushThread] INFO  db.RDBCheckpointManager (RDBCheckpointManager.java:createCheckpoint(89)) - Created checkpoint in rocksDB at /home/runner/work/ozone/ozone/hadoop-ozone/integration-test/target/test-dir/MiniOzoneClusterImpl-7f66dfcd-4d84-4460-b9fe-211923c7b7bb/ozone-meta/db.snapshots/checkpointState/om.db-d95d642b-ffd7-4c89-8828-330d9b8fe905 in 13 milliseconds
2023-12-10 08:56:03,962 [om1-OMDoubleBufferFlushThread] INFO  db.RDBCheckpointUtils (RDBCheckpointUtils.java:waitForCheckpointDirectoryExist(60)) - Waited for 1 milliseconds for checkpoint directory /home/runner/work/ozone/ozone/hadoop-ozone/integration-test/target/test-dir/MiniOzoneClusterImpl-7f66dfcd-4d84-4460-b9fe-211923c7b7bb/ozone-meta/db.snapshots/checkpointState/om.db-d95d642b-ffd7-4c89-8828-330d9b8fe905 availability.
2023-12-10 08:56:03,962 [om1-OMDoubleBufferFlushThread] INFO  om.OmSnapshotManager (OmSnapshotManager.java:createOmSnapshotCheckpoint(463)) - Created checkpoint : /home/runner/work/ozone/ozone/hadoop-ozone/integration-test/target/test-dir/MiniOzoneClusterImpl-7f66dfcd-4d84-4460-b9fe-211923c7b7bb/ozone-meta/db.snapshots/checkpointState/om.db-d95d642b-ffd7-4c89-8828-330d9b8fe905 for snapshot snapshot-b-6-72210
2023-12-10 08:56:03,976 [om1-OMStateMachineApplyTransactionThread - 0] WARN  snapshot.OMSnapshotCreateRequest (OMSnapshotCreateRequest.java:estimateBucketDataSize(342)) - DefaultReplicationConfig is not correctly set in OmBucketInfo for volume 'vol-a-26122' bucket 'buc-b-99246'. Falling back to config default 'RATIS/THREE'
2023-12-10 08:56:03,976 [om1-OMStateMachineApplyTransactionThread - 0] INFO  snapshot.OMSnapshotCreateRequest (OMSnapshotCreateRequest.java:validateAndUpdateCache(223)) - Created snapshot: 'snapshot-b-7-28960' with snapshotId: '76e01aad-07dd-4a54-9f55-41b3c781d91e' under path 'vol-a-26122/buc-b-99246'
2023-12-10 08:56:03,979 [om1-OMDoubleBufferFlushThread] INFO  db.RDBCheckpointManager (RDBCheckpointManager.java:createCheckpoint(89)) - Created checkpoint in rocksDB at /home/runner/work/ozone/ozone/hadoop-ozone/integration-test/target/test-dir/MiniOzoneClusterImpl-7f66dfcd-4d84-4460-b9fe-211923c7b7bb/ozone-meta/db.snapshots/checkpointState/om.db-c30a3ecc-553c-49f4-aeec-a894f4f74fc9 in 15 milliseconds
2023-12-10 08:56:03,980 [om1-OMDoubleBufferFlushThread] INFO  db.RDBCheckpointUtils (RDBCheckpointUtils.java:waitForCheckpointDirectoryExist(60)) - Waited for 1 milliseconds for checkpoint directory /home/runner/work/ozone/ozone/hadoop-ozone/integration-test/target/test-dir/MiniOzoneClusterImpl-7f66dfcd-4d84-4460-b9fe-211923c7b7bb/ozone-meta/db.snapshots/checkpointState/om.db-c30a3ecc-553c-49f4-aeec-a894f4f74fc9 availability.
2023-12-10 08:56:03,982 [om1-OMDoubleBufferFlushThread] INFO  om.OmSnapshotManager (OmSnapshotManager.java:createOmSnapshotCheckpoint(463)) - Created checkpoint : /home/runner/work/ozone/ozone/hadoop-ozone/integration-test/target/test-dir/MiniOzoneClusterImpl-7f66dfcd-4d84-4460-b9fe-211923c7b7bb/ozone-meta/db.snapshots/checkpointState/om.db-c30a3ecc-553c-49f4-aeec-a894f4f74fc9 for snapshot snapshot-b-7-02189
2023-12-10 08:56:03,991 [om1-OMStateMachineApplyTransactionThread - 0] WARN  snapshot.OMSnapshotCreateRequest (OMSnapshotCreateRequest.java:estimateBucketDataSize(342)) - DefaultReplicationConfig is not correctly set in OmBucketInfo for volume 'vol-b-71956' bucket 'buc-a-90845'. Falling back to config default 'RATIS/THREE'
2023-12-10 08:56:03,991 [om1-OMStateMachineApplyTransactionThread - 0] INFO  snapshot.OMSnapshotCreateRequest (OMSnapshotCreateRequest.java:validateAndUpdateCache(223)) - Created snapshot: 'snapshot-b-7-90503' with snapshotId: 'c388ac94-26ba-44a6-a9b2-45de0026a1a0' under path 'vol-b-71956/buc-a-90845'
2023-12-10 08:56:03,996 [om1-OMDoubleBufferFlushThread] INFO  db.RDBCheckpointManager (RDBCheckpointManager.java:createCheckpoint(89)) - Created checkpoint in rocksDB at /home/runner/work/ozone/ozone/hadoop-ozone/integration-test/target/test-dir/MiniOzoneClusterImpl-7f66dfcd-4d84-4460-b9fe-211923c7b7bb/ozone-meta/db.snapshots/checkpointState/om.db-76e01aad-07dd-4a54-9f55-41b3c781d91e in 13 milliseconds
2023-12-10 08:56:03,997 [om1-OMDoubleBufferFlushThread] INFO  db.RDBCheckpointUtils (RDBCheckpointUtils.java:waitForCheckpointDirectoryExist(60)) - Waited for 1 milliseconds for checkpoint directory /home/runner/work/ozone/ozone/hadoop-ozone/integration-test/target/test-dir/MiniOzoneClusterImpl-7f66dfcd-4d84-4460-b9fe-211923c7b7bb/ozone-meta/db.snapshots/checkpointState/om.db-76e01aad-07dd-4a54-9f55-41b3c781d91e availability.
2023-12-10 08:56:03,997 [om1-OMDoubleBufferFlushThread] INFO  om.OmSnapshotManager (OmSnapshotManager.java:createOmSnapshotCheckpoint(463)) - Created checkpoint : /home/runner/work/ozone/ozone/hadoop-ozone/integration-test/target/test-dir/MiniOzoneClusterImpl-7f66dfcd-4d84-4460-b9fe-211923c7b7bb/ozone-meta/db.snapshots/checkpointState/om.db-76e01aad-07dd-4a54-9f55-41b3c781d91e for snapshot snapshot-b-7-28960
2023-12-10 08:56:04,006 [om1-OMStateMachineApplyTransactionThread - 0] WARN  snapshot.OMSnapshotCreateRequest (OMSnapshotCreateRequest.java:estimateBucketDataSize(342)) - DefaultReplicationConfig is not correctly set in OmBucketInfo for volume 'vol-b-71956' bucket 'buc-b-99246'. Falling back to config default 'RATIS/THREE'
2023-12-10 08:56:04,007 [om1-OMStateMachineApplyTransactionThread - 0] INFO  snapshot.OMSnapshotCreateRequest (OMSnapshotCreateRequest.java:validateAndUpdateCache(223)) - Created snapshot: 'snapshot-b-7-50807' with snapshotId: 'da3b854a-62b6-4078-bcef-c086f901dc6b' under path 'vol-b-71956/buc-b-99246'
2023-12-10 08:56:04,007 [om1-OMDoubleBufferFlushThread] INFO  db.RDBCheckpointManager (RDBCheckpointManager.java:createCheckpoint(89)) - Created checkpoint in rocksDB at /home/runner/work/ozone/ozone/hadoop-ozone/integration-test/target/test-dir/MiniOzoneClusterImpl-7f66dfcd-4d84-4460-b9fe-211923c7b7bb/ozone-meta/db.snapshots/checkpointState/om.db-c388ac94-26ba-44a6-a9b2-45de0026a1a0 in 9 milliseconds
2023-12-10 08:56:04,007 [om1-OMDoubleBufferFlushThread] INFO  db.RDBCheckpointUtils (RDBCheckpointUtils.java:waitForCheckpointDirectoryExist(60)) - Waited for 0 milliseconds for checkpoint directory /home/runner/work/ozone/ozone/hadoop-ozone/integration-test/target/test-dir/MiniOzoneClusterImpl-7f66dfcd-4d84-4460-b9fe-211923c7b7bb/ozone-meta/db.snapshots/checkpointState/om.db-c388ac94-26ba-44a6-a9b2-45de0026a1a0 availability.
2023-12-10 08:56:04,008 [om1-OMDoubleBufferFlushThread] INFO  om.OmSnapshotManager (OmSnapshotManager.java:createOmSnapshotCheckpoint(463)) - Created checkpoint : /home/runner/work/ozone/ozone/hadoop-ozone/integration-test/target/test-dir/MiniOzoneClusterImpl-7f66dfcd-4d84-4460-b9fe-211923c7b7bb/ozone-meta/db.snapshots/checkpointState/om.db-c388ac94-26ba-44a6-a9b2-45de0026a1a0 for snapshot snapshot-b-7-90503
2023-12-10 08:56:04,019 [om1-OMDoubleBufferFlushThread] INFO  db.RDBCheckpointManager (RDBCheckpointManager.java:createCheckpoint(89)) - Created checkpoint in rocksDB at /home/runner/work/ozone/ozone/hadoop-ozone/integration-test/target/test-dir/MiniOzoneClusterImpl-7f66dfcd-4d84-4460-b9fe-211923c7b7bb/ozone-meta/db.snapshots/checkpointState/om.db-da3b854a-62b6-4078-bcef-c086f901dc6b in 9 milliseconds
2023-12-10 08:56:04,019 [om1-OMDoubleBufferFlushThread] INFO  db.RDBCheckpointUtils (RDBCheckpointUtils.java:waitForCheckpointDirectoryExist(60)) - Waited for 0 milliseconds for checkpoint directory /home/runner/work/ozone/ozone/hadoop-ozone/integration-test/target/test-dir/MiniOzoneClusterImpl-7f66dfcd-4d84-4460-b9fe-211923c7b7bb/ozone-meta/db.snapshots/checkpointState/om.db-da3b854a-62b6-4078-bcef-c086f901dc6b availability.
2023-12-10 08:56:04,020 [om1-OMDoubleBufferFlushThread] INFO  om.OmSnapshotManager (OmSnapshotManager.java:createOmSnapshotCheckpoint(463)) - Created checkpoint : /home/runner/work/ozone/ozone/hadoop-ozone/integration-test/target/test-dir/MiniOzoneClusterImpl-7f66dfcd-4d84-4460-b9fe-211923c7b7bb/ozone-meta/db.snapshots/checkpointState/om.db-da3b854a-62b6-4078-bcef-c086f901dc6b for snapshot snapshot-b-7-50807
2023-12-10 08:56:04,020 [om1-OMStateMachineApplyTransactionThread - 0] WARN  snapshot.OMSnapshotCreateRequest (OMSnapshotCreateRequest.java:estimateBucketDataSize(342)) - DefaultReplicationConfig is not correctly set in OmBucketInfo for volume 'vol-a-26122' bucket 'buc-a-90845'. Falling back to config default 'RATIS/THREE'
2023-12-10 08:56:04,020 [om1-OMStateMachineApplyTransactionThread - 0] INFO  snapshot.OMSnapshotCreateRequest (OMSnapshotCreateRequest.java:validateAndUpdateCache(223)) - Created snapshot: 'snapshot-b-8-58130' with snapshotId: '1db560b5-02c7-446e-989c-7a7d337747b4' under path 'vol-a-26122/buc-a-90845'
2023-12-10 08:56:04,032 [om1-OMDoubleBufferFlushThread] INFO  db.RDBCheckpointManager (RDBCheckpointManager.java:createCheckpoint(89)) - Created checkpoint in rocksDB at /home/runner/work/ozone/ozone/hadoop-ozone/integration-test/target/test-dir/MiniOzoneClusterImpl-7f66dfcd-4d84-4460-b9fe-211923c7b7bb/ozone-meta/db.snapshots/checkpointState/om.db-1db560b5-02c7-446e-989c-7a7d337747b4 in 11 milliseconds
2023-12-10 08:56:04,032 [om1-OMDoubleBufferFlushThread] INFO  db.RDBCheckpointUtils (RDBCheckpointUtils.java:waitForCheckpointDirectoryExist(60)) - Waited for 0 milliseconds for checkpoint directory /home/runner/work/ozone/ozone/hadoop-ozone/integration-test/target/test-dir/MiniOzoneClusterImpl-7f66dfcd-4d84-4460-b9fe-211923c7b7bb/ozone-meta/db.snapshots/checkpointState/om.db-1db560b5-02c7-446e-989c-7a7d337747b4 availability.
2023-12-10 08:56:04,032 [om1-OMDoubleBufferFlushThread] INFO  om.OmSnapshotManager (OmSnapshotManager.java:createOmSnapshotCheckpoint(463)) - Created checkpoint : /home/runner/work/ozone/ozone/hadoop-ozone/integration-test/target/test-dir/MiniOzoneClusterImpl-7f66dfcd-4d84-4460-b9fe-211923c7b7bb/ozone-meta/db.snapshots/checkpointState/om.db-1db560b5-02c7-446e-989c-7a7d337747b4 for snapshot snapshot-b-8-58130
2023-12-10 08:56:04,036 [om1-OMStateMachineApplyTransactionThread - 0] WARN  snapshot.OMSnapshotCreateRequest (OMSnapshotCreateRequest.java:estimateBucketDataSize(342)) - DefaultReplicationConfig is not correctly set in OmBucketInfo for volume 'vol-a-26122' bucket 'buc-b-99246'. Falling back to config default 'RATIS/THREE'
2023-12-10 08:56:04,036 [om1-OMStateMachineApplyTransactionThread - 0] INFO  snapshot.OMSnapshotCreateRequest (OMSnapshotCreateRequest.java:validateAndUpdateCache(223)) - Created snapshot: 'snapshot-b-8-97690' with snapshotId: 'd537eaa3-0416-4d81-8b27-c838d0c67ce7' under path 'vol-a-26122/buc-b-99246'
2023-12-10 08:56:04,049 [om1-OMDoubleBufferFlushThread] INFO  db.RDBCheckpointManager (RDBCheckpointManager.java:createCheckpoint(89)) - Created checkpoint in rocksDB at /home/runner/work/ozone/ozone/hadoop-ozone/integration-test/target/test-dir/MiniOzoneClusterImpl-7f66dfcd-4d84-4460-b9fe-211923c7b7bb/ozone-meta/db.snapshots/checkpointState/om.db-d537eaa3-0416-4d81-8b27-c838d0c67ce7 in 12 milliseconds
2023-12-10 08:56:04,049 [om1-OMDoubleBufferFlushThread] INFO  db.RDBCheckpointUtils (RDBCheckpointUtils.java:waitForCheckpointDirectoryExist(60)) - Waited for 0 milliseconds for checkpoint directory /home/runner/work/ozone/ozone/hadoop-ozone/integration-test/target/test-dir/MiniOzoneClusterImpl-7f66dfcd-4d84-4460-b9fe-211923c7b7bb/ozone-meta/db.snapshots/checkpointState/om.db-d537eaa3-0416-4d81-8b27-c838d0c67ce7 availability.
2023-12-10 08:56:04,049 [om1-OMDoubleBufferFlushThread] INFO  om.OmSnapshotManager (OmSnapshotManager.java:createOmSnapshotCheckpoint(463)) - Created checkpoint : /home/runner/work/ozone/ozone/hadoop-ozone/integration-test/target/test-dir/MiniOzoneClusterImpl-7f66dfcd-4d84-4460-b9fe-211923c7b7bb/ozone-meta/db.snapshots/checkpointState/om.db-d537eaa3-0416-4d81-8b27-c838d0c67ce7 for snapshot snapshot-b-8-97690
2023-12-10 08:56:04,050 [om1-OMStateMachineApplyTransactionThread - 0] WARN  snapshot.OMSnapshotCreateRequest (OMSnapshotCreateRequest.java:estimateBucketDataSize(342)) - DefaultReplicationConfig is not correctly set in OmBucketInfo for volume 'vol-b-71956' bucket 'buc-a-90845'. Falling back to config default 'RATIS/THREE'
2023-12-10 08:56:04,050 [om1-OMStateMachineApplyTransactionThread - 0] INFO  snapshot.OMSnapshotCreateRequest (OMSnapshotCreateRequest.java:validateAndUpdateCache(223)) - Created snapshot: 'snapshot-b-8-61721' with snapshotId: '72db1012-195a-4180-b82e-4ca808974687' under path 'vol-b-71956/buc-a-90845'
2023-12-10 08:56:04,061 [om1-OMDoubleBufferFlushThread] INFO  db.RDBCheckpointManager (RDBCheckpointManager.java:createCheckpoint(89)) - Created checkpoint in rocksDB at /home/runner/work/ozone/ozone/hadoop-ozone/integration-test/target/test-dir/MiniOzoneClusterImpl-7f66dfcd-4d84-4460-b9fe-211923c7b7bb/ozone-meta/db.snapshots/checkpointState/om.db-72db1012-195a-4180-b82e-4ca808974687 in 9 milliseconds
2023-12-10 08:56:04,061 [om1-OMDoubleBufferFlushThread] INFO  db.RDBCheckpointUtils (RDBCheckpointUtils.java:waitForCheckpointDirectoryExist(60)) - Waited for 0 milliseconds for checkpoint directory /home/runner/work/ozone/ozone/hadoop-ozone/integration-test/target/test-dir/MiniOzoneClusterImpl-7f66dfcd-4d84-4460-b9fe-211923c7b7bb/ozone-meta/db.snapshots/checkpointState/om.db-72db1012-195a-4180-b82e-4ca808974687 availability.
2023-12-10 08:56:04,062 [om1-OMDoubleBufferFlushThread] INFO  om.OmSnapshotManager (OmSnapshotManager.java:createOmSnapshotCheckpoint(463)) - Created checkpoint : /home/runner/work/ozone/ozone/hadoop-ozone/integration-test/target/test-dir/MiniOzoneClusterImpl-7f66dfcd-4d84-4460-b9fe-211923c7b7bb/ozone-meta/db.snapshots/checkpointState/om.db-72db1012-195a-4180-b82e-4ca808974687 for snapshot snapshot-b-8-61721
2023-12-10 08:56:04,064 [om1-OMStateMachineApplyTransactionThread - 0] WARN  snapshot.OMSnapshotCreateRequest (OMSnapshotCreateRequest.java:estimateBucketDataSize(342)) - DefaultReplicationConfig is not correctly set in OmBucketInfo for volume 'vol-b-71956' bucket 'buc-b-99246'. Falling back to config default 'RATIS/THREE'
2023-12-10 08:56:04,064 [om1-OMStateMachineApplyTransactionThread - 0] INFO  snapshot.OMSnapshotCreateRequest (OMSnapshotCreateRequest.java:validateAndUpdateCache(223)) - Created snapshot: 'snapshot-b-8-92959' with snapshotId: 'f155f80e-fb99-4e4d-a419-8787cf1f9a71' under path 'vol-b-71956/buc-b-99246'
2023-12-10 08:56:04,078 [om1-OMDoubleBufferFlushThread] INFO  db.RDBCheckpointManager (RDBCheckpointManager.java:createCheckpoint(89)) - Created checkpoint in rocksDB at /home/runner/work/ozone/ozone/hadoop-ozone/integration-test/target/test-dir/MiniOzoneClusterImpl-7f66dfcd-4d84-4460-b9fe-211923c7b7bb/ozone-meta/db.snapshots/checkpointState/om.db-f155f80e-fb99-4e4d-a419-8787cf1f9a71 in 13 milliseconds
2023-12-10 08:56:04,079 [om1-OMDoubleBufferFlushThread] INFO  db.RDBCheckpointUtils (RDBCheckpointUtils.java:waitForCheckpointDirectoryExist(60)) - Waited for 1 milliseconds for checkpoint directory /home/runner/work/ozone/ozone/hadoop-ozone/integration-test/target/test-dir/MiniOzoneClusterImpl-7f66dfcd-4d84-4460-b9fe-211923c7b7bb/ozone-meta/db.snapshots/checkpointState/om.db-f155f80e-fb99-4e4d-a419-8787cf1f9a71 availability.
2023-12-10 08:56:04,079 [om1-OMDoubleBufferFlushThread] INFO  om.OmSnapshotManager (OmSnapshotManager.java:createOmSnapshotCheckpoint(463)) - Created checkpoint : /home/runner/work/ozone/ozone/hadoop-ozone/integration-test/target/test-dir/MiniOzoneClusterImpl-7f66dfcd-4d84-4460-b9fe-211923c7b7bb/ozone-meta/db.snapshots/checkpointState/om.db-f155f80e-fb99-4e4d-a419-8787cf1f9a71 for snapshot snapshot-b-8-92959
2023-12-10 08:56:04,080 [om1-OMStateMachineApplyTransactionThread - 0] WARN  snapshot.OMSnapshotCreateRequest (OMSnapshotCreateRequest.java:estimateBucketDataSize(342)) - DefaultReplicationConfig is not correctly set in OmBucketInfo for volume 'vol-a-26122' bucket 'buc-a-90845'. Falling back to config default 'RATIS/THREE'
2023-12-10 08:56:04,080 [om1-OMStateMachineApplyTransactionThread - 0] INFO  snapshot.OMSnapshotCreateRequest (OMSnapshotCreateRequest.java:validateAndUpdateCache(223)) - Created snapshot: 'snapshot-b-9-09491' with snapshotId: 'bd52403b-f7a3-46ac-ad8f-ccb22bfddf82' under path 'vol-a-26122/buc-a-90845'
2023-12-10 08:56:04,092 [om1-OMDoubleBufferFlushThread] INFO  db.RDBCheckpointManager (RDBCheckpointManager.java:createCheckpoint(89)) - Created checkpoint in rocksDB at /home/runner/work/ozone/ozone/hadoop-ozone/integration-test/target/test-dir/MiniOzoneClusterImpl-7f66dfcd-4d84-4460-b9fe-211923c7b7bb/ozone-meta/db.snapshots/checkpointState/om.db-bd52403b-f7a3-46ac-ad8f-ccb22bfddf82 in 11 milliseconds
2023-12-10 08:56:04,092 [om1-OMDoubleBufferFlushThread] INFO  db.RDBCheckpointUtils (RDBCheckpointUtils.java:waitForCheckpointDirectoryExist(60)) - Waited for 0 milliseconds for checkpoint directory /home/runner/work/ozone/ozone/hadoop-ozone/integration-test/target/test-dir/MiniOzoneClusterImpl-7f66dfcd-4d84-4460-b9fe-211923c7b7bb/ozone-meta/db.snapshots/checkpointState/om.db-bd52403b-f7a3-46ac-ad8f-ccb22bfddf82 availability.
2023-12-10 08:56:04,093 [om1-OMDoubleBufferFlushThread] INFO  om.OmSnapshotManager (OmSnapshotManager.java:createOmSnapshotCheckpoint(463)) - Created checkpoint : /home/runner/work/ozone/ozone/hadoop-ozone/integration-test/target/test-dir/MiniOzoneClusterImpl-7f66dfcd-4d84-4460-b9fe-211923c7b7bb/ozone-meta/db.snapshots/checkpointState/om.db-bd52403b-f7a3-46ac-ad8f-ccb22bfddf82 for snapshot snapshot-b-9-09491
2023-12-10 08:56:04,095 [om1-OMStateMachineApplyTransactionThread - 0] WARN  snapshot.OMSnapshotCreateRequest (OMSnapshotCreateRequest.java:estimateBucketDataSize(342)) - DefaultReplicationConfig is not correctly set in OmBucketInfo for volume 'vol-a-26122' bucket 'buc-b-99246'. Falling back to config default 'RATIS/THREE'
2023-12-10 08:56:04,095 [om1-OMStateMachineApplyTransactionThread - 0] INFO  snapshot.OMSnapshotCreateRequest (OMSnapshotCreateRequest.java:validateAndUpdateCache(223)) - Created snapshot: 'snapshot-b-9-47926' with snapshotId: 'bfa9effb-42e3-4af9-9f6e-eb2816c2be36' under path 'vol-a-26122/buc-b-99246'
2023-12-10 08:56:04,109 [om1-OMDoubleBufferFlushThread] INFO  db.RDBCheckpointManager (RDBCheckpointManager.java:createCheckpoint(89)) - Created checkpoint in rocksDB at /home/runner/work/ozone/ozone/hadoop-ozone/integration-test/target/test-dir/MiniOzoneClusterImpl-7f66dfcd-4d84-4460-b9fe-211923c7b7bb/ozone-meta/db.snapshots/checkpointState/om.db-bfa9effb-42e3-4af9-9f6e-eb2816c2be36 in 11 milliseconds
2023-12-10 08:56:04,110 [om1-OMDoubleBufferFlushThread] INFO  db.RDBCheckpointUtils (RDBCheckpointUtils.java:waitForCheckpointDirectoryExist(60)) - Waited for 1 milliseconds for checkpoint directory /home/runner/work/ozone/ozone/hadoop-ozone/integration-test/target/test-dir/MiniOzoneClusterImpl-7f66dfcd-4d84-4460-b9fe-211923c7b7bb/ozone-meta/db.snapshots/checkpointState/om.db-bfa9effb-42e3-4af9-9f6e-eb2816c2be36 availability.
2023-12-10 08:56:04,110 [om1-OMStateMachineApplyTransactionThread - 0] WARN  snapshot.OMSnapshotCreateRequest (OMSnapshotCreateRequest.java:estimateBucketDataSize(342)) - DefaultReplicationConfig is not correctly set in OmBucketInfo for volume 'vol-b-71956' bucket 'buc-a-90845'. Falling back to config default 'RATIS/THREE'
2023-12-10 08:56:04,110 [om1-OMStateMachineApplyTransactionThread - 0] INFO  snapshot.OMSnapshotCreateRequest (OMSnapshotCreateRequest.java:validateAndUpdateCache(223)) - Created snapshot: 'snapshot-b-9-96744' with snapshotId: '89a2357b-179d-40d2-ba93-f26e1042cff4' under path 'vol-b-71956/buc-a-90845'
2023-12-10 08:56:04,110 [om1-OMDoubleBufferFlushThread] INFO  om.OmSnapshotManager (OmSnapshotManager.java:createOmSnapshotCheckpoint(463)) - Created checkpoint : /home/runner/work/ozone/ozone/hadoop-ozone/integration-test/target/test-dir/MiniOzoneClusterImpl-7f66dfcd-4d84-4460-b9fe-211923c7b7bb/ozone-meta/db.snapshots/checkpointState/om.db-bfa9effb-42e3-4af9-9f6e-eb2816c2be36 for snapshot snapshot-b-9-47926
2023-12-10 08:56:04,121 [om1-OMDoubleBufferFlushThread] INFO  db.RDBCheckpointManager (RDBCheckpointManager.java:createCheckpoint(89)) - Created checkpoint in rocksDB at /home/runner/work/ozone/ozone/hadoop-ozone/integration-test/target/test-dir/MiniOzoneClusterImpl-7f66dfcd-4d84-4460-b9fe-211923c7b7bb/ozone-meta/db.snapshots/checkpointState/om.db-89a2357b-179d-40d2-ba93-f26e1042cff4 in 9 milliseconds
2023-12-10 08:56:04,121 [om1-OMDoubleBufferFlushThread] INFO  db.RDBCheckpointUtils (RDBCheckpointUtils.java:waitForCheckpointDirectoryExist(60)) - Waited for 0 milliseconds for checkpoint directory /home/runner/work/ozone/ozone/hadoop-ozone/integration-test/target/test-dir/MiniOzoneClusterImpl-7f66dfcd-4d84-4460-b9fe-211923c7b7bb/ozone-meta/db.snapshots/checkpointState/om.db-89a2357b-179d-40d2-ba93-f26e1042cff4 availability.
2023-12-10 08:56:04,122 [om1-OMDoubleBufferFlushThread] INFO  om.OmSnapshotManager (OmSnapshotManager.java:createOmSnapshotCheckpoint(463)) - Created checkpoint : /home/runner/work/ozone/ozone/hadoop-ozone/integration-test/target/test-dir/MiniOzoneClusterImpl-7f66dfcd-4d84-4460-b9fe-211923c7b7bb/ozone-meta/db.snapshots/checkpointState/om.db-89a2357b-179d-40d2-ba93-f26e1042cff4 for snapshot snapshot-b-9-96744
2023-12-10 08:56:04,124 [om1-OMStateMachineApplyTransactionThread - 0] WARN  snapshot.OMSnapshotCreateRequest (OMSnapshotCreateRequest.java:estimateBucketDataSize(342)) - DefaultReplicationConfig is not correctly set in OmBucketInfo for volume 'vol-b-71956' bucket 'buc-b-99246'. Falling back to config default 'RATIS/THREE'
2023-12-10 08:56:04,124 [om1-OMStateMachineApplyTransactionThread - 0] INFO  snapshot.OMSnapshotCreateRequest (OMSnapshotCreateRequest.java:validateAndUpdateCache(223)) - Created snapshot: 'snapshot-b-9-71984' with snapshotId: '7577b84f-2e0b-4263-84d4-1c90e76bf3c7' under path 'vol-b-71956/buc-b-99246'
2023-12-10 08:56:04,135 [om1-OMDoubleBufferFlushThread] INFO  db.RDBCheckpointManager (RDBCheckpointManager.java:createCheckpoint(89)) - Created checkpoint in rocksDB at /home/runner/work/ozone/ozone/hadoop-ozone/integration-test/target/test-dir/MiniOzoneClusterImpl-7f66dfcd-4d84-4460-b9fe-211923c7b7bb/ozone-meta/db.snapshots/checkpointState/om.db-7577b84f-2e0b-4263-84d4-1c90e76bf3c7 in 10 milliseconds
2023-12-10 08:56:04,135 [om1-OMDoubleBufferFlushThread] INFO  db.RDBCheckpointUtils (RDBCheckpointUtils.java:waitForCheckpointDirectoryExist(60)) - Waited for 0 milliseconds for checkpoint directory /home/runner/work/ozone/ozone/hadoop-ozone/integration-test/target/test-dir/MiniOzoneClusterImpl-7f66dfcd-4d84-4460-b9fe-211923c7b7bb/ozone-meta/db.snapshots/checkpointState/om.db-7577b84f-2e0b-4263-84d4-1c90e76bf3c7 availability.
2023-12-10 08:56:04,135 [om1-OMDoubleBufferFlushThread] INFO  om.OmSnapshotManager (OmSnapshotManager.java:createOmSnapshotCheckpoint(463)) - Created checkpoint : /home/runner/work/ozone/ozone/hadoop-ozone/integration-test/target/test-dir/MiniOzoneClusterImpl-7f66dfcd-4d84-4460-b9fe-211923c7b7bb/ozone-meta/db.snapshots/checkpointState/om.db-7577b84f-2e0b-4263-84d4-1c90e76bf3c7 for snapshot snapshot-b-9-71984
]]></system-out>
  </testcase>
  <testcase name="testListVolume" classname="org.apache.hadoop.ozone.client.rpc.TestOzoneRpcClientWithRatis" time="0.052">
    <system-out><![CDATA[2023-12-10 08:56:04,147 [main] INFO  rpc.RpcClient (RpcClient.java:createVolume(464)) - Creating Volume: vol-list-a-0-95257, with runner as owner and space quota set to -1 bytes, counts quota set to -1
2023-12-10 08:56:04,149 [om1-OMStateMachineApplyTransactionThread - 0] INFO  volume.OMVolumeCreateRequest (OMVolumeCreateRequest.java:validateAndUpdateCache(204)) - created volume:vol-list-a-0-95257 for user:runner
2023-12-10 08:56:04,149 [main] INFO  rpc.RpcClient (RpcClient.java:createVolume(464)) - Creating Volume: vol-list-a-1-05874, with runner as owner and space quota set to -1 bytes, counts quota set to -1
2023-12-10 08:56:04,150 [om1-OMStateMachineApplyTransactionThread - 0] INFO  volume.OMVolumeCreateRequest (OMVolumeCreateRequest.java:validateAndUpdateCache(204)) - created volume:vol-list-a-1-05874 for user:runner
2023-12-10 08:56:04,150 [main] INFO  rpc.RpcClient (RpcClient.java:createVolume(464)) - Creating Volume: vol-list-a-2-06475, with runner as owner and space quota set to -1 bytes, counts quota set to -1
2023-12-10 08:56:04,151 [om1-OMStateMachineApplyTransactionThread - 0] INFO  volume.OMVolumeCreateRequest (OMVolumeCreateRequest.java:validateAndUpdateCache(204)) - created volume:vol-list-a-2-06475 for user:runner
2023-12-10 08:56:04,152 [main] INFO  rpc.RpcClient (RpcClient.java:createVolume(464)) - Creating Volume: vol-list-a-3-19464, with runner as owner and space quota set to -1 bytes, counts quota set to -1
2023-12-10 08:56:04,153 [om1-OMStateMachineApplyTransactionThread - 0] INFO  volume.OMVolumeCreateRequest (OMVolumeCreateRequest.java:validateAndUpdateCache(204)) - created volume:vol-list-a-3-19464 for user:runner
2023-12-10 08:56:04,153 [main] INFO  rpc.RpcClient (RpcClient.java:createVolume(464)) - Creating Volume: vol-list-a-4-31313, with runner as owner and space quota set to -1 bytes, counts quota set to -1
2023-12-10 08:56:04,154 [om1-OMStateMachineApplyTransactionThread - 0] INFO  volume.OMVolumeCreateRequest (OMVolumeCreateRequest.java:validateAndUpdateCache(204)) - created volume:vol-list-a-4-31313 for user:runner
2023-12-10 08:56:04,154 [main] INFO  rpc.RpcClient (RpcClient.java:createVolume(464)) - Creating Volume: vol-list-a-5-43300, with runner as owner and space quota set to -1 bytes, counts quota set to -1
2023-12-10 08:56:04,155 [om1-OMStateMachineApplyTransactionThread - 0] INFO  volume.OMVolumeCreateRequest (OMVolumeCreateRequest.java:validateAndUpdateCache(204)) - created volume:vol-list-a-5-43300 for user:runner
2023-12-10 08:56:04,155 [main] INFO  rpc.RpcClient (RpcClient.java:createVolume(464)) - Creating Volume: vol-list-a-6-46491, with runner as owner and space quota set to -1 bytes, counts quota set to -1
2023-12-10 08:56:04,156 [om1-OMStateMachineApplyTransactionThread - 0] INFO  volume.OMVolumeCreateRequest (OMVolumeCreateRequest.java:validateAndUpdateCache(204)) - created volume:vol-list-a-6-46491 for user:runner
2023-12-10 08:56:04,157 [main] INFO  rpc.RpcClient (RpcClient.java:createVolume(464)) - Creating Volume: vol-list-a-7-37091, with runner as owner and space quota set to -1 bytes, counts quota set to -1
2023-12-10 08:56:04,158 [om1-OMStateMachineApplyTransactionThread - 0] INFO  volume.OMVolumeCreateRequest (OMVolumeCreateRequest.java:validateAndUpdateCache(204)) - created volume:vol-list-a-7-37091 for user:runner
2023-12-10 08:56:04,158 [main] INFO  rpc.RpcClient (RpcClient.java:createVolume(464)) - Creating Volume: vol-list-a-8-15352, with runner as owner and space quota set to -1 bytes, counts quota set to -1
2023-12-10 08:56:04,159 [om1-OMStateMachineApplyTransactionThread - 0] INFO  volume.OMVolumeCreateRequest (OMVolumeCreateRequest.java:validateAndUpdateCache(204)) - created volume:vol-list-a-8-15352 for user:runner
2023-12-10 08:56:04,159 [main] INFO  rpc.RpcClient (RpcClient.java:createVolume(464)) - Creating Volume: vol-list-a-9-52190, with runner as owner and space quota set to -1 bytes, counts quota set to -1
2023-12-10 08:56:04,160 [om1-OMStateMachineApplyTransactionThread - 0] INFO  volume.OMVolumeCreateRequest (OMVolumeCreateRequest.java:validateAndUpdateCache(204)) - created volume:vol-list-a-9-52190 for user:runner
2023-12-10 08:56:04,160 [main] INFO  rpc.RpcClient (RpcClient.java:createVolume(464)) - Creating Volume: vol-list-b-0-31855, with runner as owner and space quota set to -1 bytes, counts quota set to -1
2023-12-10 08:56:04,161 [om1-OMStateMachineApplyTransactionThread - 0] INFO  volume.OMVolumeCreateRequest (OMVolumeCreateRequest.java:validateAndUpdateCache(204)) - created volume:vol-list-b-0-31855 for user:runner
2023-12-10 08:56:04,162 [main] INFO  rpc.RpcClient (RpcClient.java:createVolume(464)) - Creating Volume: vol-list-b-1-79679, with runner as owner and space quota set to -1 bytes, counts quota set to -1
2023-12-10 08:56:04,163 [om1-OMStateMachineApplyTransactionThread - 0] INFO  volume.OMVolumeCreateRequest (OMVolumeCreateRequest.java:validateAndUpdateCache(204)) - created volume:vol-list-b-1-79679 for user:runner
2023-12-10 08:56:04,164 [main] INFO  rpc.RpcClient (RpcClient.java:createVolume(464)) - Creating Volume: vol-list-b-2-33228, with runner as owner and space quota set to -1 bytes, counts quota set to -1
2023-12-10 08:56:04,165 [om1-OMStateMachineApplyTransactionThread - 0] INFO  volume.OMVolumeCreateRequest (OMVolumeCreateRequest.java:validateAndUpdateCache(204)) - created volume:vol-list-b-2-33228 for user:runner
2023-12-10 08:56:04,165 [main] INFO  rpc.RpcClient (RpcClient.java:createVolume(464)) - Creating Volume: vol-list-b-3-28072, with runner as owner and space quota set to -1 bytes, counts quota set to -1
2023-12-10 08:56:04,166 [om1-OMStateMachineApplyTransactionThread - 0] INFO  volume.OMVolumeCreateRequest (OMVolumeCreateRequest.java:validateAndUpdateCache(204)) - created volume:vol-list-b-3-28072 for user:runner
2023-12-10 08:56:04,167 [main] INFO  rpc.RpcClient (RpcClient.java:createVolume(464)) - Creating Volume: vol-list-b-4-13870, with runner as owner and space quota set to -1 bytes, counts quota set to -1
2023-12-10 08:56:04,175 [om1-OMStateMachineApplyTransactionThread - 0] INFO  volume.OMVolumeCreateRequest (OMVolumeCreateRequest.java:validateAndUpdateCache(204)) - created volume:vol-list-b-4-13870 for user:runner
2023-12-10 08:56:04,176 [main] INFO  rpc.RpcClient (RpcClient.java:createVolume(464)) - Creating Volume: vol-list-b-5-67172, with runner as owner and space quota set to -1 bytes, counts quota set to -1
2023-12-10 08:56:04,179 [om1-OMStateMachineApplyTransactionThread - 0] INFO  volume.OMVolumeCreateRequest (OMVolumeCreateRequest.java:validateAndUpdateCache(204)) - created volume:vol-list-b-5-67172 for user:runner
2023-12-10 08:56:04,180 [main] INFO  rpc.RpcClient (RpcClient.java:createVolume(464)) - Creating Volume: vol-list-b-6-84997, with runner as owner and space quota set to -1 bytes, counts quota set to -1
2023-12-10 08:56:04,181 [om1-OMStateMachineApplyTransactionThread - 0] INFO  volume.OMVolumeCreateRequest (OMVolumeCreateRequest.java:validateAndUpdateCache(204)) - created volume:vol-list-b-6-84997 for user:runner
2023-12-10 08:56:04,182 [main] INFO  rpc.RpcClient (RpcClient.java:createVolume(464)) - Creating Volume: vol-list-b-7-71008, with runner as owner and space quota set to -1 bytes, counts quota set to -1
2023-12-10 08:56:04,183 [om1-OMStateMachineApplyTransactionThread - 0] INFO  volume.OMVolumeCreateRequest (OMVolumeCreateRequest.java:validateAndUpdateCache(204)) - created volume:vol-list-b-7-71008 for user:runner
2023-12-10 08:56:04,184 [main] INFO  rpc.RpcClient (RpcClient.java:createVolume(464)) - Creating Volume: vol-list-b-8-50155, with runner as owner and space quota set to -1 bytes, counts quota set to -1
2023-12-10 08:56:04,185 [om1-OMStateMachineApplyTransactionThread - 0] INFO  volume.OMVolumeCreateRequest (OMVolumeCreateRequest.java:validateAndUpdateCache(204)) - created volume:vol-list-b-8-50155 for user:runner
2023-12-10 08:56:04,186 [main] INFO  rpc.RpcClient (RpcClient.java:createVolume(464)) - Creating Volume: vol-list-b-9-28318, with runner as owner and space quota set to -1 bytes, counts quota set to -1
2023-12-10 08:56:04,187 [om1-OMStateMachineApplyTransactionThread - 0] INFO  volume.OMVolumeCreateRequest (OMVolumeCreateRequest.java:validateAndUpdateCache(204)) - created volume:vol-list-b-9-28318 for user:runner
]]></system-out>
  </testcase>
  <testcase name="testMissingParentBucketUsedNamespace(BucketLayout)[1]" classname="org.apache.hadoop.ozone.client.rpc.TestOzoneRpcClientWithRatis" time="0.016">
    <system-out><![CDATA[2023-12-10 08:56:04,202 [main] INFO  rpc.RpcClient (RpcClient.java:createVolume(464)) - Creating Volume: 2859895f-0ff6-4e32-9fda-3982ca8bce17, with runner as owner and space quota set to -1 bytes, counts quota set to -1
2023-12-10 08:56:04,204 [om1-OMStateMachineApplyTransactionThread - 0] INFO  volume.OMVolumeCreateRequest (OMVolumeCreateRequest.java:validateAndUpdateCache(204)) - created volume:2859895f-0ff6-4e32-9fda-3982ca8bce17 for user:runner
2023-12-10 08:56:04,205 [main] INFO  rpc.RpcClient (RpcClient.java:createBucket(691)) - Creating Bucket: 2859895f-0ff6-4e32-9fda-3982ca8bce17/95318936-337b-4bb0-bd7a-9238a47d2434, with bucket layout OBJECT_STORE, runner as owner, Versioning false, Storage Type set to DISK and Encryption set to false, Replication Type set to server-side default replication type, Namespace Quota set to -1, Space Quota set to -1 
2023-12-10 08:56:04,206 [om1-OMStateMachineApplyTransactionThread - 0] INFO  bucket.OMBucketCreateRequest (OMBucketCreateRequest.java:validateAndUpdateCache(299)) - created bucket: 95318936-337b-4bb0-bd7a-9238a47d2434 of layout OBJECT_STORE in volume: 2859895f-0ff6-4e32-9fda-3982ca8bce17
2023-12-10 08:56:04,208 [IPC Server handler 13 on default port 15001] WARN  node.SCMNodeManager (SCMNodeManager.java:getNodesByAddress(1374)) - address is null
]]></system-out>
  </testcase>
  <testcase name="testMissingParentBucketUsedNamespace(BucketLayout)[2]" classname="org.apache.hadoop.ozone.client.rpc.TestOzoneRpcClientWithRatis" time="0.014">
    <system-out><![CDATA[2023-12-10 08:56:04,218 [main] INFO  rpc.RpcClient (RpcClient.java:createVolume(464)) - Creating Volume: 917f60f5-cf68-4957-a122-6438373a4c15, with runner as owner and space quota set to -1 bytes, counts quota set to -1
2023-12-10 08:56:04,219 [om1-OMStateMachineApplyTransactionThread - 0] INFO  volume.OMVolumeCreateRequest (OMVolumeCreateRequest.java:validateAndUpdateCache(204)) - created volume:917f60f5-cf68-4957-a122-6438373a4c15 for user:runner
2023-12-10 08:56:04,220 [main] INFO  rpc.RpcClient (RpcClient.java:createBucket(691)) - Creating Bucket: 917f60f5-cf68-4957-a122-6438373a4c15/16c3e92e-6130-4014-8cd4-10611b42b00d, with bucket layout LEGACY, runner as owner, Versioning false, Storage Type set to DISK and Encryption set to false, Replication Type set to server-side default replication type, Namespace Quota set to -1, Space Quota set to -1 
2023-12-10 08:56:04,222 [om1-OMStateMachineApplyTransactionThread - 0] INFO  bucket.OMBucketCreateRequest (OMBucketCreateRequest.java:validateAndUpdateCache(299)) - created bucket: 16c3e92e-6130-4014-8cd4-10611b42b00d of layout LEGACY in volume: 917f60f5-cf68-4957-a122-6438373a4c15
2023-12-10 08:56:04,224 [IPC Server handler 4 on default port 15001] WARN  node.SCMNodeManager (SCMNodeManager.java:getNodesByAddress(1374)) - address is null
]]></system-out>
  </testcase>
  <testcase name="testMissingParentBucketUsedNamespace(BucketLayout)[3]" classname="org.apache.hadoop.ozone.client.rpc.TestOzoneRpcClientWithRatis" time="0.017">
    <system-out><![CDATA[2023-12-10 08:56:04,233 [main] INFO  rpc.RpcClient (RpcClient.java:createVolume(464)) - Creating Volume: 936e86bf-81e9-4935-b1e0-03be0179a307, with runner as owner and space quota set to -1 bytes, counts quota set to -1
2023-12-10 08:56:04,234 [om1-OMStateMachineApplyTransactionThread - 0] INFO  volume.OMVolumeCreateRequest (OMVolumeCreateRequest.java:validateAndUpdateCache(204)) - created volume:936e86bf-81e9-4935-b1e0-03be0179a307 for user:runner
2023-12-10 08:56:04,235 [main] INFO  rpc.RpcClient (RpcClient.java:createBucket(691)) - Creating Bucket: 936e86bf-81e9-4935-b1e0-03be0179a307/194348a3-5b21-49ca-9d32-f2f71038ff8f, with bucket layout FILE_SYSTEM_OPTIMIZED, runner as owner, Versioning false, Storage Type set to DISK and Encryption set to false, Replication Type set to server-side default replication type, Namespace Quota set to -1, Space Quota set to -1 
2023-12-10 08:56:04,236 [om1-OMStateMachineApplyTransactionThread - 0] INFO  bucket.OMBucketCreateRequest (OMBucketCreateRequest.java:validateAndUpdateCache(299)) - created bucket: 194348a3-5b21-49ca-9d32-f2f71038ff8f of layout FILE_SYSTEM_OPTIMIZED in volume: 936e86bf-81e9-4935-b1e0-03be0179a307
2023-12-10 08:56:04,238 [IPC Server handler 14 on default port 15001] WARN  node.SCMNodeManager (SCMNodeManager.java:getNodesByAddress(1374)) - address is null
]]></system-out>
  </testcase>
  <testcase name="testMultiPartUploadWithStream" classname="org.apache.hadoop.ozone.client.rpc.TestOzoneRpcClientWithRatis" time="0.163">
    <system-out><![CDATA[2023-12-10 08:56:04,251 [main] INFO  rpc.RpcClient (RpcClient.java:createVolume(464)) - Creating Volume: 51744c0b-73c6-41e9-bd3e-dd5977b084eb, with runner as owner and space quota set to -1 bytes, counts quota set to -1
2023-12-10 08:56:04,252 [om1-OMStateMachineApplyTransactionThread - 0] INFO  volume.OMVolumeCreateRequest (OMVolumeCreateRequest.java:validateAndUpdateCache(204)) - created volume:51744c0b-73c6-41e9-bd3e-dd5977b084eb for user:runner
2023-12-10 08:56:04,253 [main] INFO  rpc.RpcClient (RpcClient.java:createBucket(691)) - Creating Bucket: 51744c0b-73c6-41e9-bd3e-dd5977b084eb/6916fecc-dab7-4d6b-8de2-7f67a6dad9e1, with server-side default bucket layout, runner as owner, Versioning false, Storage Type set to DISK and Encryption set to false, Replication Type set to server-side default replication type, Namespace Quota set to -1, Space Quota set to -1 
2023-12-10 08:56:04,254 [om1-OMStateMachineApplyTransactionThread - 0] INFO  bucket.OMBucketCreateRequest (OMBucketCreateRequest.java:validateAndUpdateCache(299)) - created bucket: 6916fecc-dab7-4d6b-8de2-7f67a6dad9e1 of layout FILE_SYSTEM_OPTIMIZED in volume: 51744c0b-73c6-41e9-bd3e-dd5977b084eb
2023-12-10 08:56:04,264 [IPC Server handler 5 on default port 15001] WARN  node.SCMNodeManager (SCMNodeManager.java:getNodesByAddress(1379)) - Cannot find node for address 127.0.0.1
2023-12-10 08:56:04,272 [main] INFO  client.DataStreamClient (ConfUtils.java:logGet(46)) - raft.datastream.type = NETTY (custom)
2023-12-10 08:56:04,276 [main] INFO  netty.NettyConfigKeys$DataStream (ConfUtils.java:logGet(46)) - raft.netty.dataStream.client.tls.conf = null (default)
2023-12-10 08:56:04,279 [main] INFO  netty.NettyConfigKeys$DataStream (ConfUtils.java:logGet(46)) - raft.netty.dataStream.client.worker-group.share = true (default)
2023-12-10 08:56:04,280 [main] INFO  netty.NettyConfigKeys$DataStream (ConfUtils.java:logGet(46)) - raft.netty.dataStream.client.worker-group.size = 8 (default)
2023-12-10 08:56:04,280 [main] INFO  netty.NettyConfigKeys$DataStream (ConfUtils.java:logGet(46)) - raft.netty.dataStream.client.use-epoll = true (default)
2023-12-10 08:56:04,280 [main] INFO  netty.NettyUtils (NettyUtils.java:newEventLoopGroup(69)) - Create EpollEventLoopGroup for NettyClientStreamRpc-workerGroup; Thread size is 8.
2023-12-10 08:56:04,311 [71fa9327-596e-4bfe-b86f-33f6bdf50532-NettyServerStreamRpc-bossGroup--thread1] INFO  logging.LoggingHandler (AbstractInternalLogger.java:log(148)) - [id: 0xda906dd1, L:/0.0.0.0:15051] READ: [id: 0x15721b14, L:/10.1.0.29:15051 - R:/10.1.0.29:41326]
2023-12-10 08:56:04,311 [71fa9327-596e-4bfe-b86f-33f6bdf50532-NettyServerStreamRpc-bossGroup--thread1] INFO  logging.LoggingHandler (AbstractInternalLogger.java:log(148)) - [id: 0xda906dd1, L:/0.0.0.0:15051] READ COMPLETE
2023-12-10 08:56:04,329 [71fa9327-596e-4bfe-b86f-33f6bdf50532-NettyServerStreamRpc-workerGroup--thread1] INFO  client.DataStreamClient (ConfUtils.java:logGet(46)) - raft.datastream.type = NETTY (custom)
2023-12-10 08:56:04,331 [71fa9327-596e-4bfe-b86f-33f6bdf50532-NettyServerStreamRpc-workerGroup--thread1] INFO  netty.NettyConfigKeys$DataStream (ConfUtils.java:logGet(46)) - raft.netty.dataStream.client.tls.conf = null (default)
2023-12-10 08:56:04,332 [71fa9327-596e-4bfe-b86f-33f6bdf50532-NettyServerStreamRpc-workerGroup--thread1] INFO  netty.NettyConfigKeys$DataStream (ConfUtils.java:logGet(46)) - raft.netty.dataStream.client.worker-group.share = true (default)
2023-12-10 08:56:04,335 [8170aa16-323e-44de-b8c0-3f99a1184856-NettyServerStreamRpc-bossGroup--thread1] INFO  logging.LoggingHandler (AbstractInternalLogger.java:log(148)) - [id: 0xef70caa5, L:/0.0.0.0:15042] READ: [id: 0x1e77fffa, L:/10.1.0.29:15042 - R:/10.1.0.29:55092]
2023-12-10 08:56:04,338 [8170aa16-323e-44de-b8c0-3f99a1184856-NettyServerStreamRpc-bossGroup--thread1] INFO  logging.LoggingHandler (AbstractInternalLogger.java:log(148)) - [id: 0xef70caa5, L:/0.0.0.0:15042] READ COMPLETE
2023-12-10 08:56:04,341 [8170aa16-323e-44de-b8c0-3f99a1184856-NettyServerStreamRpc-workerGroup--thread1] INFO  client.DataStreamClient (ConfUtils.java:logGet(46)) - raft.datastream.type = NETTY (custom)
2023-12-10 08:56:04,341 [8170aa16-323e-44de-b8c0-3f99a1184856-NettyServerStreamRpc-workerGroup--thread1] INFO  netty.NettyConfigKeys$DataStream (ConfUtils.java:logGet(46)) - raft.netty.dataStream.client.tls.conf = null (default)
2023-12-10 08:56:04,341 [8170aa16-323e-44de-b8c0-3f99a1184856-NettyServerStreamRpc-workerGroup--thread1] INFO  netty.NettyConfigKeys$DataStream (ConfUtils.java:logGet(46)) - raft.netty.dataStream.client.worker-group.share = true (default)
2023-12-10 08:56:04,344 [ab6f04f4-5b2e-49ed-8ed6-18cca86f2b6f-NettyServerStreamRpc-bossGroup--thread1] INFO  logging.LoggingHandler (AbstractInternalLogger.java:log(148)) - [id: 0x75b52b7c, L:/0.0.0.0:15060] READ: [id: 0x6ae7ece5, L:/10.1.0.29:15060 - R:/10.1.0.29:43674]
2023-12-10 08:56:04,355 [ab6f04f4-5b2e-49ed-8ed6-18cca86f2b6f-NettyServerStreamRpc-bossGroup--thread1] INFO  logging.LoggingHandler (AbstractInternalLogger.java:log(148)) - [id: 0x75b52b7c, L:/0.0.0.0:15060] READ COMPLETE
]]></system-out>
  </testcase>
  <testcase name="testMultipartPartNumberExceedingAllowedRange" classname="org.apache.hadoop.ozone.client.rpc.TestOzoneRpcClientWithRatis" time="0.016">
    <system-out><![CDATA[2023-12-10 08:56:04,415 [main] INFO  rpc.RpcClient (RpcClient.java:createVolume(464)) - Creating Volume: 378a4bda-2b40-4a71-97fa-0deb6f30c100, with runner as owner and space quota set to -1 bytes, counts quota set to -1
2023-12-10 08:56:04,418 [om1-OMStateMachineApplyTransactionThread - 0] INFO  volume.OMVolumeCreateRequest (OMVolumeCreateRequest.java:validateAndUpdateCache(204)) - created volume:378a4bda-2b40-4a71-97fa-0deb6f30c100 for user:runner
2023-12-10 08:56:04,419 [main] INFO  rpc.RpcClient (RpcClient.java:createBucket(691)) - Creating Bucket: 378a4bda-2b40-4a71-97fa-0deb6f30c100/a649c402-032d-4199-a9a3-c75715368acf, with server-side default bucket layout, runner as owner, Versioning false, Storage Type set to DISK and Encryption set to false, Replication Type set to server-side default replication type, Namespace Quota set to -1, Space Quota set to -1 
2023-12-10 08:56:04,420 [om1-OMStateMachineApplyTransactionThread - 0] INFO  bucket.OMBucketCreateRequest (OMBucketCreateRequest.java:validateAndUpdateCache(299)) - created bucket: a649c402-032d-4199-a9a3-c75715368acf of layout FILE_SYSTEM_OPTIMIZED in volume: 378a4bda-2b40-4a71-97fa-0deb6f30c100
]]></system-out>
  </testcase>
  <testcase name="testMultipartUploadOverride(ReplicationConfig)[1]" classname="org.apache.hadoop.ozone.client.rpc.TestOzoneRpcClientWithRatis" time="0.328">
    <system-out><![CDATA[2023-12-10 08:56:04,433 [main] INFO  rpc.RpcClient (RpcClient.java:createVolume(464)) - Creating Volume: bb3d5d84-3b68-4796-b19a-0c6f5b9b5291, with runner as owner and space quota set to -1 bytes, counts quota set to -1
2023-12-10 08:56:04,435 [om1-OMStateMachineApplyTransactionThread - 0] INFO  volume.OMVolumeCreateRequest (OMVolumeCreateRequest.java:validateAndUpdateCache(204)) - created volume:bb3d5d84-3b68-4796-b19a-0c6f5b9b5291 for user:runner
2023-12-10 08:56:04,437 [main] INFO  rpc.RpcClient (RpcClient.java:createBucket(691)) - Creating Bucket: bb3d5d84-3b68-4796-b19a-0c6f5b9b5291/05576963-e2d4-4fab-a1fd-7eb717fb9e9b, with server-side default bucket layout, runner as owner, Versioning false, Storage Type set to DISK and Encryption set to false, Replication Type set to server-side default replication type, Namespace Quota set to -1, Space Quota set to -1 
2023-12-10 08:56:04,438 [om1-OMStateMachineApplyTransactionThread - 0] INFO  bucket.OMBucketCreateRequest (OMBucketCreateRequest.java:validateAndUpdateCache(299)) - created bucket: 05576963-e2d4-4fab-a1fd-7eb717fb9e9b of layout FILE_SYSTEM_OPTIMIZED in volume: bb3d5d84-3b68-4796-b19a-0c6f5b9b5291
2023-12-10 08:56:04,445 [IPC Server handler 11 on default port 15001] WARN  node.SCMNodeManager (SCMNodeManager.java:getNodesByAddress(1374)) - address is null
2023-12-10 08:56:04,467 [IPC Server handler 1 on default port 15001] WARN  node.SCMNodeManager (SCMNodeManager.java:getNodesByAddress(1374)) - address is null
2023-12-10 08:56:04,482 [IPC Server handler 2 on default port 15001] WARN  node.SCMNodeManager (SCMNodeManager.java:getNodesByAddress(1374)) - address is null
2023-12-10 08:56:04,501 [IPC Server handler 18 on default port 15001] WARN  node.SCMNodeManager (SCMNodeManager.java:getNodesByAddress(1374)) - address is null
2023-12-10 08:56:04,515 [IPC Server handler 12 on default port 15001] WARN  node.SCMNodeManager (SCMNodeManager.java:getNodesByAddress(1374)) - address is null
2023-12-10 08:56:04,529 [IPC Server handler 3 on default port 15001] WARN  node.SCMNodeManager (SCMNodeManager.java:getNodesByAddress(1379)) - Cannot find node for address 127.0.0.1
2023-12-10 08:56:04,632 [IPC Server handler 19 on default port 15001] WARN  node.SCMNodeManager (SCMNodeManager.java:getNodesByAddress(1374)) - address is null
2023-12-10 08:56:04,652 [IPC Server handler 0 on default port 15001] WARN  node.SCMNodeManager (SCMNodeManager.java:getNodesByAddress(1374)) - address is null
2023-12-10 08:56:04,665 [IPC Server handler 6 on default port 15001] WARN  node.SCMNodeManager (SCMNodeManager.java:getNodesByAddress(1374)) - address is null
2023-12-10 08:56:04,679 [IPC Server handler 7 on default port 15001] WARN  node.SCMNodeManager (SCMNodeManager.java:getNodesByAddress(1374)) - address is null
2023-12-10 08:56:04,691 [IPC Server handler 9 on default port 15001] WARN  node.SCMNodeManager (SCMNodeManager.java:getNodesByAddress(1374)) - address is null
2023-12-10 08:56:04,702 [IPC Server handler 16 on default port 15001] WARN  node.SCMNodeManager (SCMNodeManager.java:getNodesByAddress(1379)) - Cannot find node for address 127.0.0.1
]]></system-out>
  </testcase>
  <testcase name="testMultipartUploadOverride(ReplicationConfig)[2]" classname="org.apache.hadoop.ozone.client.rpc.TestOzoneRpcClientWithRatis" time="0.428">
    <system-out><![CDATA[2023-12-10 08:56:04,762 [main] INFO  rpc.RpcClient (RpcClient.java:createVolume(464)) - Creating Volume: cbeba2bd-4eaa-48e2-8279-c80157fbe288, with runner as owner and space quota set to -1 bytes, counts quota set to -1
2023-12-10 08:56:04,764 [om1-OMStateMachineApplyTransactionThread - 0] INFO  volume.OMVolumeCreateRequest (OMVolumeCreateRequest.java:validateAndUpdateCache(204)) - created volume:cbeba2bd-4eaa-48e2-8279-c80157fbe288 for user:runner
2023-12-10 08:56:04,765 [main] INFO  rpc.RpcClient (RpcClient.java:createBucket(691)) - Creating Bucket: cbeba2bd-4eaa-48e2-8279-c80157fbe288/6efa1493-607a-41ab-b22f-c76c619c504f, with server-side default bucket layout, runner as owner, Versioning false, Storage Type set to DISK and Encryption set to false, Replication Type set to server-side default replication type, Namespace Quota set to -1, Space Quota set to -1 
2023-12-10 08:56:04,766 [om1-OMStateMachineApplyTransactionThread - 0] INFO  bucket.OMBucketCreateRequest (OMBucketCreateRequest.java:validateAndUpdateCache(299)) - created bucket: 6efa1493-607a-41ab-b22f-c76c619c504f of layout FILE_SYSTEM_OPTIMIZED in volume: cbeba2bd-4eaa-48e2-8279-c80157fbe288
2023-12-10 08:56:04,771 [IPC Server handler 13 on default port 15001] WARN  node.SCMNodeManager (SCMNodeManager.java:getNodesByAddress(1374)) - address is null
2023-12-10 08:56:04,806 [IPC Server handler 4 on default port 15001] WARN  node.SCMNodeManager (SCMNodeManager.java:getNodesByAddress(1374)) - address is null
2023-12-10 08:56:04,826 [IPC Server handler 14 on default port 15001] WARN  node.SCMNodeManager (SCMNodeManager.java:getNodesByAddress(1374)) - address is null
2023-12-10 08:56:04,872 [IPC Server handler 5 on default port 15001] WARN  node.SCMNodeManager (SCMNodeManager.java:getNodesByAddress(1374)) - address is null
2023-12-10 08:56:04,890 [IPC Server handler 10 on default port 15001] WARN  node.SCMNodeManager (SCMNodeManager.java:getNodesByAddress(1374)) - address is null
2023-12-10 08:56:04,904 [om1-OMStateMachineApplyTransactionThread - 0] DEBUG db.CodecBuffer (CodecBuffer.java:setCapacity(328)) - setCapacity: 4096 -> 5193, max=2147483647
2023-12-10 08:56:04,906 [om1-OMStateMachineApplyTransactionThread - 0] DEBUG db.CodecBuffer (CodecBuffer.java:setCapacity(328)) - setCapacity: 4096 -> 6678, max=2147483647
2023-12-10 08:56:04,911 [IPC Server handler 17 on default port 15001] WARN  node.SCMNodeManager (SCMNodeManager.java:getNodesByAddress(1379)) - Cannot find node for address 127.0.0.1
2023-12-10 08:56:04,979 [IPC Server handler 8 on default port 15001] WARN  node.SCMNodeManager (SCMNodeManager.java:getNodesByAddress(1374)) - address is null
2023-12-10 08:56:05,013 [IPC Server handler 15 on default port 15001] WARN  node.SCMNodeManager (SCMNodeManager.java:getNodesByAddress(1374)) - address is null
2023-12-10 08:56:05,027 [IPC Server handler 11 on default port 15001] WARN  node.SCMNodeManager (SCMNodeManager.java:getNodesByAddress(1374)) - address is null
2023-12-10 08:56:05,064 [IPC Server handler 1 on default port 15001] WARN  node.SCMNodeManager (SCMNodeManager.java:getNodesByAddress(1374)) - address is null
2023-12-10 08:56:05,088 [IPC Server handler 2 on default port 15001] WARN  node.SCMNodeManager (SCMNodeManager.java:getNodesByAddress(1374)) - address is null
2023-12-10 08:56:05,100 [om1-OMStateMachineApplyTransactionThread - 0] DEBUG db.CodecBuffer (CodecBuffer.java:setCapacity(328)) - setCapacity: 4096 -> 5194, max=2147483647
2023-12-10 08:56:05,103 [om1-OMStateMachineApplyTransactionThread - 0] DEBUG db.CodecBuffer (CodecBuffer.java:setCapacity(328)) - setCapacity: 4096 -> 6676, max=2147483647
2023-12-10 08:56:05,109 [IPC Server handler 18 on default port 15001] WARN  node.SCMNodeManager (SCMNodeManager.java:getNodesByAddress(1379)) - Cannot find node for address 127.0.0.1
2023-12-10 08:56:05,109 [IPC Server handler 12 on default port 15001] WARN  node.SCMNodeManager (SCMNodeManager.java:getNodesByAddress(1379)) - Cannot find node for address 127.0.0.1
2023-12-10 08:56:05,110 [IPC Server handler 3 on default port 15001] WARN  node.SCMNodeManager (SCMNodeManager.java:getNodesByAddress(1379)) - Cannot find node for address 127.0.0.1
]]></system-out>
  </testcase>
  <testcase name="testMultipartUploadOverride(ReplicationConfig)[3]" classname="org.apache.hadoop.ozone.client.rpc.TestOzoneRpcClientWithRatis" time="0.471">
    <system-out><![CDATA[2023-12-10 08:56:05,191 [main] INFO  rpc.RpcClient (RpcClient.java:createVolume(464)) - Creating Volume: c2c47de5-5ecf-4653-951e-0624babad745, with runner as owner and space quota set to -1 bytes, counts quota set to -1
2023-12-10 08:56:05,193 [om1-OMStateMachineApplyTransactionThread - 0] INFO  volume.OMVolumeCreateRequest (OMVolumeCreateRequest.java:validateAndUpdateCache(204)) - created volume:c2c47de5-5ecf-4653-951e-0624babad745 for user:runner
2023-12-10 08:56:05,194 [main] INFO  rpc.RpcClient (RpcClient.java:createBucket(691)) - Creating Bucket: c2c47de5-5ecf-4653-951e-0624babad745/1a787dfe-3366-4e06-81e7-5399d33f7c00, with server-side default bucket layout, runner as owner, Versioning false, Storage Type set to DISK and Encryption set to false, Replication Type set to server-side default replication type, Namespace Quota set to -1, Space Quota set to -1 
2023-12-10 08:56:05,195 [om1-OMStateMachineApplyTransactionThread - 0] INFO  bucket.OMBucketCreateRequest (OMBucketCreateRequest.java:validateAndUpdateCache(299)) - created bucket: 1a787dfe-3366-4e06-81e7-5399d33f7c00 of layout FILE_SYSTEM_OPTIMIZED in volume: c2c47de5-5ecf-4653-951e-0624babad745
2023-12-10 08:56:05,223 [IPC Server handler 19 on default port 15001] WARN  node.SCMNodeManager (SCMNodeManager.java:getNodesByAddress(1374)) - address is null
2023-12-10 08:56:05,280 [IPC Server handler 0 on default port 15001] WARN  node.SCMNodeManager (SCMNodeManager.java:getNodesByAddress(1374)) - address is null
2023-12-10 08:56:05,330 [IPC Server handler 6 on default port 15001] WARN  node.SCMNodeManager (SCMNodeManager.java:getNodesByAddress(1374)) - address is null
2023-12-10 08:56:05,342 [om1-OMStateMachineApplyTransactionThread - 0] DEBUG db.CodecBuffer (CodecBuffer.java:setCapacity(328)) - setCapacity: 4096 -> 6058, max=2147483647
2023-12-10 08:56:05,347 [IPC Server handler 7 on default port 15001] WARN  node.SCMNodeManager (SCMNodeManager.java:getNodesByAddress(1379)) - Cannot find node for address 127.0.0.1
2023-12-10 08:56:05,347 [IPC Server handler 9 on default port 15001] WARN  node.SCMNodeManager (SCMNodeManager.java:getNodesByAddress(1379)) - Cannot find node for address 127.0.0.1
2023-12-10 08:56:05,348 [IPC Server handler 16 on default port 15001] WARN  node.SCMNodeManager (SCMNodeManager.java:getNodesByAddress(1379)) - Cannot find node for address 127.0.0.1
2023-12-10 08:56:05,460 [IPC Server handler 13 on default port 15001] WARN  node.SCMNodeManager (SCMNodeManager.java:getNodesByAddress(1374)) - address is null
2023-12-10 08:56:05,537 [IPC Server handler 4 on default port 15001] WARN  node.SCMNodeManager (SCMNodeManager.java:getNodesByAddress(1374)) - address is null
2023-12-10 08:56:05,593 [IPC Server handler 14 on default port 15001] WARN  node.SCMNodeManager (SCMNodeManager.java:getNodesByAddress(1374)) - address is null
2023-12-10 08:56:05,604 [om1-OMStateMachineApplyTransactionThread - 0] DEBUG db.CodecBuffer (CodecBuffer.java:setCapacity(328)) - setCapacity: 4096 -> 6059, max=2147483647
2023-12-10 08:56:05,608 [IPC Server handler 5 on default port 15001] WARN  node.SCMNodeManager (SCMNodeManager.java:getNodesByAddress(1379)) - Cannot find node for address 127.0.0.1
2023-12-10 08:56:05,609 [IPC Server handler 10 on default port 15001] WARN  node.SCMNodeManager (SCMNodeManager.java:getNodesByAddress(1379)) - Cannot find node for address 127.0.0.1
2023-12-10 08:56:05,609 [IPC Server handler 17 on default port 15001] WARN  node.SCMNodeManager (SCMNodeManager.java:getNodesByAddress(1379)) - Cannot find node for address 127.0.0.1
]]></system-out>
  </testcase>
  <testcase name="testMultipartUploadWithACL" classname="org.apache.hadoop.ozone.client.rpc.TestOzoneRpcClientWithRatis" time="0.55">
    <system-out><![CDATA[2023-12-10 08:56:05,663 [main] INFO  rpc.RpcClient (RpcClient.java:createVolume(464)) - Creating Volume: 64517d31-4077-4304-a0d4-adebad6dfeab, with runner as owner and space quota set to -1 bytes, counts quota set to -1
2023-12-10 08:56:05,665 [om1-OMStateMachineApplyTransactionThread - 0] INFO  volume.OMVolumeCreateRequest (OMVolumeCreateRequest.java:validateAndUpdateCache(204)) - created volume:64517d31-4077-4304-a0d4-adebad6dfeab for user:runner
2023-12-10 08:56:05,666 [main] INFO  rpc.RpcClient (RpcClient.java:createBucket(691)) - Creating Bucket: 64517d31-4077-4304-a0d4-adebad6dfeab/72364bff-6873-4cef-8432-cd279ffa3586, with bucket layout OBJECT_STORE, runner as owner, Versioning false, Storage Type set to DISK and Encryption set to false, Replication Type set to server-side default replication type, Namespace Quota set to -1, Space Quota set to -1 
2023-12-10 08:56:05,667 [om1-OMStateMachineApplyTransactionThread - 0] INFO  bucket.OMBucketCreateRequest (OMBucketCreateRequest.java:validateAndUpdateCache(299)) - created bucket: 72364bff-6873-4cef-8432-cd279ffa3586 of layout OBJECT_STORE in volume: 64517d31-4077-4304-a0d4-adebad6dfeab
2023-12-10 08:56:05,677 [IPC Server handler 8 on default port 15001] WARN  node.SCMNodeManager (SCMNodeManager.java:getNodesByAddress(1374)) - address is null
2023-12-10 08:56:05,691 [IPC Server handler 15 on default port 15001] WARN  node.SCMNodeManager (SCMNodeManager.java:getNodesByAddress(1374)) - address is null
2023-12-10 08:56:05,701 [IPC Server handler 11 on default port 15001] WARN  node.SCMNodeManager (SCMNodeManager.java:getNodesByAddress(1374)) - address is null
2023-12-10 08:56:05,717 [IPC Server handler 1 on default port 15001] WARN  node.SCMNodeManager (SCMNodeManager.java:getNodesByAddress(1374)) - address is null
2023-12-10 08:56:05,733 [IPC Server handler 2 on default port 15001] WARN  node.SCMNodeManager (SCMNodeManager.java:getNodesByAddress(1374)) - address is null
2023-12-10 08:56:05,744 [IPC Server handler 18 on default port 15001] WARN  node.SCMNodeManager (SCMNodeManager.java:getNodesByAddress(1379)) - Cannot find node for address 127.0.0.1
2023-12-10 08:56:05,825 [om1-OMStateMachineApplyTransactionThread - 0] WARN  om.OzoneManager (OmMetadataReader.java:checkAcls(551)) - User test-user doesn't have CREATE permission to access key Volume:64517d31-4077-4304-a0d4-adebad6dfeab Bucket:72364bff-6873-4cef-8432-cd279ffa3586 Key:b4aac40b-60d7-4bc4-9425-1bd0a29b78ce
08:56:05.825 [om1-OMStateMachineApplyTransactionThread - 0] ERROR OMAudit - user=test-user | ip=127.0.0.1 | op=INITIATE_MULTIPART_UPLOAD {volume=64517d31-4077-4304-a0d4-adebad6dfeab, bucket=72364bff-6873-4cef-8432-cd279ffa3586, key=b4aac40b-60d7-4bc4-9425-1bd0a29b78ce, dataSize=0, replicationType=RATIS, replicationFactor=ONE} | ret=FAILURE
org.apache.hadoop.ozone.om.exceptions.OMException: User test-user doesn't have CREATE permission to access key Volume:64517d31-4077-4304-a0d4-adebad6dfeab Bucket:72364bff-6873-4cef-8432-cd279ffa3586 Key:b4aac40b-60d7-4bc4-9425-1bd0a29b78ce
	at org.apache.hadoop.ozone.om.OmMetadataReader.checkAcls(OmMetadataReader.java:554) ~[ozone-manager-1.4.0-SNAPSHOT.jar:?]
	at org.apache.hadoop.ozone.om.OmMetadataReader.checkAcls(OmMetadataReader.java:529) ~[ozone-manager-1.4.0-SNAPSHOT.jar:?]
	at org.apache.hadoop.ozone.om.OzoneAclUtils.checkAllAcls(OzoneAclUtils.java:123) ~[ozone-manager-1.4.0-SNAPSHOT.jar:?]
	at org.apache.hadoop.ozone.om.request.OMClientRequest.checkAcls(OMClientRequest.java:362) ~[ozone-manager-1.4.0-SNAPSHOT.jar:?]
	at org.apache.hadoop.ozone.om.request.OMClientRequest.checkAcls(OMClientRequest.java:235) ~[ozone-manager-1.4.0-SNAPSHOT.jar:?]
	at org.apache.hadoop.ozone.om.request.key.OMKeyRequest.checkKeyAcls(OMKeyRequest.java:398) ~[ozone-manager-1.4.0-SNAPSHOT.jar:?]
	at org.apache.hadoop.ozone.om.request.s3.multipart.S3InitiateMultipartUploadRequest.validateAndUpdateCache(S3InitiateMultipartUploadRequest.java:149) ~[ozone-manager-1.4.0-SNAPSHOT.jar:?]
	at org.apache.hadoop.ozone.protocolPB.OzoneManagerRequestHandler.lambda$0(OzoneManagerRequestHandler.java:395) ~[ozone-manager-1.4.0-SNAPSHOT.jar:?]
	at org.apache.hadoop.util.MetricUtil.captureLatencyNs(MetricUtil.java:39) ~[hdds-common-1.4.0-SNAPSHOT.jar:?]
	at org.apache.hadoop.ozone.protocolPB.OzoneManagerRequestHandler.handleWriteRequest(OzoneManagerRequestHandler.java:393) ~[ozone-manager-1.4.0-SNAPSHOT.jar:?]
	at org.apache.hadoop.ozone.om.ratis.OzoneManagerStateMachine.runCommand(OzoneManagerStateMachine.java:582) ~[ozone-manager-1.4.0-SNAPSHOT.jar:?]
	at org.apache.hadoop.ozone.om.ratis.OzoneManagerStateMachine.lambda$1(OzoneManagerStateMachine.java:370) ~[ozone-manager-1.4.0-SNAPSHOT.jar:?]
	at java.util.concurrent.CompletableFuture$AsyncSupply.run(CompletableFuture.java:1604) [?:1.8.0_392]
	at java.util.concurrent.ThreadPoolExecutor.runWorker(ThreadPoolExecutor.java:1149) [?:1.8.0_392]
	at java.util.concurrent.ThreadPoolExecutor$Worker.run(ThreadPoolExecutor.java:624) [?:1.8.0_392]
	at java.lang.Thread.run(Thread.java:750) [?:1.8.0_392]
2023-12-10 08:56:05,826 [om1-OMStateMachineApplyTransactionThread - 0] ERROR multipart.S3InitiateMultipartUploadRequest (S3InitiateMultipartUploadRequest.java:logResult(283)) - S3 InitiateMultipart Upload request for Key b4aac40b-60d7-4bc4-9425-1bd0a29b78ce in Volume/Bucket 64517d31-4077-4304-a0d4-adebad6dfeab/72364bff-6873-4cef-8432-cd279ffa3586 is failed
PERMISSION_DENIED org.apache.hadoop.ozone.om.exceptions.OMException: User test-user doesn't have CREATE permission to access key Volume:64517d31-4077-4304-a0d4-adebad6dfeab Bucket:72364bff-6873-4cef-8432-cd279ffa3586 Key:b4aac40b-60d7-4bc4-9425-1bd0a29b78ce
	at org.apache.hadoop.ozone.om.OmMetadataReader.checkAcls(OmMetadataReader.java:554)
	at org.apache.hadoop.ozone.om.OmMetadataReader.checkAcls(OmMetadataReader.java:529)
	at org.apache.hadoop.ozone.om.OzoneAclUtils.checkAllAcls(OzoneAclUtils.java:123)
	at org.apache.hadoop.ozone.om.request.OMClientRequest.checkAcls(OMClientRequest.java:362)
	at org.apache.hadoop.ozone.om.request.OMClientRequest.checkAcls(OMClientRequest.java:235)
	at org.apache.hadoop.ozone.om.request.key.OMKeyRequest.checkKeyAcls(OMKeyRequest.java:398)
	at org.apache.hadoop.ozone.om.request.s3.multipart.S3InitiateMultipartUploadRequest.validateAndUpdateCache(S3InitiateMultipartUploadRequest.java:149)
	at org.apache.hadoop.ozone.protocolPB.OzoneManagerRequestHandler.lambda$0(OzoneManagerRequestHandler.java:395)
	at org.apache.hadoop.util.MetricUtil.captureLatencyNs(MetricUtil.java:39)
	at org.apache.hadoop.ozone.protocolPB.OzoneManagerRequestHandler.handleWriteRequest(OzoneManagerRequestHandler.java:393)
	at org.apache.hadoop.ozone.om.ratis.OzoneManagerStateMachine.runCommand(OzoneManagerStateMachine.java:582)
	at org.apache.hadoop.ozone.om.ratis.OzoneManagerStateMachine.lambda$1(OzoneManagerStateMachine.java:370)
	at java.util.concurrent.CompletableFuture$AsyncSupply.run(CompletableFuture.java:1604)
	at java.util.concurrent.ThreadPoolExecutor.runWorker(ThreadPoolExecutor.java:1149)
	at java.util.concurrent.ThreadPoolExecutor$Worker.run(ThreadPoolExecutor.java:624)
	at java.lang.Thread.run(Thread.java:750)
2023-12-10 08:56:05,847 [IPC Server handler 12 on default port 15001] WARN  node.SCMNodeManager (SCMNodeManager.java:getNodesByAddress(1374)) - address is null
2023-12-10 08:56:06,201 [IPC Server handler 19 on default port 15001] WARN  node.SCMNodeManager (SCMNodeManager.java:getNodesByAddress(1374)) - address is null
2023-12-10 08:56:06,212 [IPC Server handler 2 on default port 15004] WARN  om.OzoneManager (OmMetadataReader.java:checkAcls(551)) - User test-user doesn't have READ permission to access key Volume:64517d31-4077-4304-a0d4-adebad6dfeab Bucket:72364bff-6873-4cef-8432-cd279ffa3586 Key:645b845a-e6b4-43ed-b550-7065bee886a4
08:56:06.212 [IPC Server handler 2 on default port 15004] ERROR OMAudit - user=test-user | ip=127.0.0.1 | op=READ_KEY {volume=64517d31-4077-4304-a0d4-adebad6dfeab, bucket=72364bff-6873-4cef-8432-cd279ffa3586, key=645b845a-e6b4-43ed-b550-7065bee886a4, dataSize=0, replicationConfig=null} | ret=FAILURE
org.apache.hadoop.ozone.om.exceptions.OMException: User test-user doesn't have READ permission to access key Volume:64517d31-4077-4304-a0d4-adebad6dfeab Bucket:72364bff-6873-4cef-8432-cd279ffa3586 Key:645b845a-e6b4-43ed-b550-7065bee886a4
	at org.apache.hadoop.ozone.om.OmMetadataReader.checkAcls(OmMetadataReader.java:554) ~[ozone-manager-1.4.0-SNAPSHOT.jar:?]
	at org.apache.hadoop.ozone.om.OmMetadataReader.checkAcls(OmMetadataReader.java:529) ~[ozone-manager-1.4.0-SNAPSHOT.jar:?]
	at org.apache.hadoop.ozone.om.OzoneAclUtils.checkAllAcls(OzoneAclUtils.java:123) ~[ozone-manager-1.4.0-SNAPSHOT.jar:?]
	at org.apache.hadoop.ozone.om.OmMetadataReader.checkAcls(OmMetadataReader.java:491) ~[ozone-manager-1.4.0-SNAPSHOT.jar:?]
	at org.apache.hadoop.ozone.om.OmMetadataReader.lambda$3(OmMetadataReader.java:183) ~[ozone-manager-1.4.0-SNAPSHOT.jar:?]
	at org.apache.hadoop.util.MetricUtil.captureLatencyNs(MetricUtil.java:50) ~[hdds-common-1.4.0-SNAPSHOT.jar:?]
	at org.apache.hadoop.ozone.om.OmMetadataReader.getKeyInfo(OmMetadataReader.java:182) ~[ozone-manager-1.4.0-SNAPSHOT.jar:?]
	at org.apache.hadoop.ozone.om.OzoneManager.getKeyInfo(OzoneManager.java:2869) ~[ozone-manager-1.4.0-SNAPSHOT.jar:?]
	at org.apache.hadoop.ozone.protocolPB.OzoneManagerRequestHandler.getKeyInfo(OzoneManagerRequestHandler.java:606) ~[ozone-manager-1.4.0-SNAPSHOT.jar:?]
	at org.apache.hadoop.ozone.protocolPB.OzoneManagerRequestHandler.handleReadRequest(OzoneManagerRequestHandler.java:322) ~[ozone-manager-1.4.0-SNAPSHOT.jar:?]
	at org.apache.hadoop.ozone.protocolPB.OzoneManagerProtocolServerSideTranslatorPB.submitReadRequestToOM(OzoneManagerProtocolServerSideTranslatorPB.java:265) ~[ozone-manager-1.4.0-SNAPSHOT.jar:?]
	at org.apache.hadoop.ozone.protocolPB.OzoneManagerProtocolServerSideTranslatorPB.internalProcessRequest(OzoneManagerProtocolServerSideTranslatorPB.java:211) ~[ozone-manager-1.4.0-SNAPSHOT.jar:?]
	at org.apache.hadoop.ozone.protocolPB.OzoneManagerProtocolServerSideTranslatorPB.processRequest(OzoneManagerProtocolServerSideTranslatorPB.java:171) ~[ozone-manager-1.4.0-SNAPSHOT.jar:?]
	at org.apache.hadoop.hdds.server.OzoneProtocolMessageDispatcher.processRequest(OzoneProtocolMessageDispatcher.java:89) [hdds-server-framework-1.4.0-SNAPSHOT.jar:?]
	at org.apache.hadoop.ozone.protocolPB.OzoneManagerProtocolServerSideTranslatorPB.submitRequest(OzoneManagerProtocolServerSideTranslatorPB.java:162) [ozone-manager-1.4.0-SNAPSHOT.jar:?]
	at org.apache.hadoop.ozone.protocol.proto.OzoneManagerProtocolProtos$OzoneManagerService$2.callBlockingMethod(OzoneManagerProtocolProtos.java) [ozone-interface-client-1.4.0-SNAPSHOT.jar:?]
	at org.apache.hadoop.ipc.ProtobufRpcEngine$Server.processCall(ProtobufRpcEngine.java:484) [hadoop-common-3.3.6.jar:?]
	at org.apache.hadoop.ipc.ProtobufRpcEngine2$Server$ProtoBufRpcInvoker.call(ProtobufRpcEngine2.java:595) [hadoop-common-3.3.6.jar:?]
	at org.apache.hadoop.ipc.ProtobufRpcEngine2$Server$ProtoBufRpcInvoker.call(ProtobufRpcEngine2.java:573) [hadoop-common-3.3.6.jar:?]
	at org.apache.hadoop.ipc.RPC$Server.call(RPC.java:1227) [hadoop-common-3.3.6.jar:?]
	at org.apache.hadoop.ipc.Server$RpcCall.run(Server.java:1094) [hadoop-common-3.3.6.jar:?]
	at org.apache.hadoop.ipc.Server$RpcCall.run(Server.java:1017) [hadoop-common-3.3.6.jar:?]
	at java.security.AccessController.doPrivileged(Native Method) ~[?:1.8.0_392]
	at javax.security.auth.Subject.doAs(Subject.java:422) [?:1.8.0_392]
	at org.apache.hadoop.security.UserGroupInformation.doAs(UserGroupInformation.java:1899) [hadoop-common-3.3.6.jar:?]
	at org.apache.hadoop.ipc.Server$Handler.run(Server.java:3048) [hadoop-common-3.3.6.jar:?]
]]></system-out>
  </testcase>
  <testcase name="testMultipartUploadWithMissingParts" classname="org.apache.hadoop.ozone.client.rpc.TestOzoneRpcClientWithRatis" time="0.018">
    <system-out><![CDATA[2023-12-10 08:56:06,214 [main] INFO  rpc.RpcClient (RpcClient.java:createVolume(464)) - Creating Volume: b1b89639-21fb-4403-ad39-29391ff90751, with runner as owner and space quota set to -1 bytes, counts quota set to -1
2023-12-10 08:56:06,215 [om1-OMStateMachineApplyTransactionThread - 0] INFO  volume.OMVolumeCreateRequest (OMVolumeCreateRequest.java:validateAndUpdateCache(204)) - created volume:b1b89639-21fb-4403-ad39-29391ff90751 for user:runner
2023-12-10 08:56:06,216 [main] INFO  rpc.RpcClient (RpcClient.java:createBucket(691)) - Creating Bucket: b1b89639-21fb-4403-ad39-29391ff90751/ea96289c-bf09-40e7-8b49-287f96b8477c, with server-side default bucket layout, runner as owner, Versioning false, Storage Type set to DISK and Encryption set to false, Replication Type set to server-side default replication type, Namespace Quota set to -1, Space Quota set to -1 
2023-12-10 08:56:06,217 [om1-OMStateMachineApplyTransactionThread - 0] INFO  bucket.OMBucketCreateRequest (OMBucketCreateRequest.java:validateAndUpdateCache(299)) - created bucket: ea96289c-bf09-40e7-8b49-287f96b8477c of layout FILE_SYSTEM_OPTIMIZED in volume: b1b89639-21fb-4403-ad39-29391ff90751
2023-12-10 08:56:06,221 [IPC Server handler 0 on default port 15001] WARN  node.SCMNodeManager (SCMNodeManager.java:getNodesByAddress(1374)) - address is null
08:56:06.229 [om1-OMStateMachineApplyTransactionThread - 0] ERROR OMAudit - user=runner | ip=127.0.0.1 | op=COMPLETE_MULTIPART_UPLOAD {volume=b1b89639-21fb-4403-ad39-29391ff90751, bucket=ea96289c-bf09-40e7-8b49-287f96b8477c, key=8e08eb17-fc29-42a9-add2-b28a4b60afdd, dataSize=0, replicationType=NONE, replicationFactor=ZERO, multipartList=[partNumber: 3 partName: "random" ]} | ret=FAILURE
org.apache.hadoop.ozone.om.exceptions.OMException: Complete Multipart Upload Failed: volume: b1b89639-21fb-4403-ad39-29391ff90751 bucket: ea96289c-bf09-40e7-8b49-287f96b8477c key: 8e08eb17-fc29-42a9-add2-b28a4b60afdd. Provided Part info is { random, 3}, whereas OM has partName null
	at org.apache.hadoop.ozone.om.request.s3.multipart.S3MultipartUploadCompleteRequest.getMultipartDataSize(S3MultipartUploadCompleteRequest.java:515) ~[ozone-manager-1.4.0-SNAPSHOT.jar:?]
	at org.apache.hadoop.ozone.om.request.s3.multipart.S3MultipartUploadCompleteRequest.validateAndUpdateCache(S3MultipartUploadCompleteRequest.java:198) ~[ozone-manager-1.4.0-SNAPSHOT.jar:?]
	at org.apache.hadoop.ozone.protocolPB.OzoneManagerRequestHandler.lambda$0(OzoneManagerRequestHandler.java:395) ~[ozone-manager-1.4.0-SNAPSHOT.jar:?]
	at org.apache.hadoop.util.MetricUtil.captureLatencyNs(MetricUtil.java:39) ~[hdds-common-1.4.0-SNAPSHOT.jar:?]
	at org.apache.hadoop.ozone.protocolPB.OzoneManagerRequestHandler.handleWriteRequest(OzoneManagerRequestHandler.java:393) ~[ozone-manager-1.4.0-SNAPSHOT.jar:?]
	at org.apache.hadoop.ozone.om.ratis.OzoneManagerStateMachine.runCommand(OzoneManagerStateMachine.java:582) ~[ozone-manager-1.4.0-SNAPSHOT.jar:?]
	at org.apache.hadoop.ozone.om.ratis.OzoneManagerStateMachine.lambda$1(OzoneManagerStateMachine.java:370) ~[ozone-manager-1.4.0-SNAPSHOT.jar:?]
	at java.util.concurrent.CompletableFuture$AsyncSupply.run(CompletableFuture.java:1604) [?:1.8.0_392]
	at java.util.concurrent.ThreadPoolExecutor.runWorker(ThreadPoolExecutor.java:1149) [?:1.8.0_392]
	at java.util.concurrent.ThreadPoolExecutor$Worker.run(ThreadPoolExecutor.java:624) [?:1.8.0_392]
	at java.lang.Thread.run(Thread.java:750) [?:1.8.0_392]
2023-12-10 08:56:06,230 [om1-OMStateMachineApplyTransactionThread - 0] ERROR multipart.S3MultipartUploadCompleteRequest (S3MultipartUploadCompleteRequest.java:logResult(354)) - MultipartUpload Complete request failed for Key: 8e08eb17-fc29-42a9-add2-b28a4b60afdd in Volume/Bucket b1b89639-21fb-4403-ad39-29391ff90751/ea96289c-bf09-40e7-8b49-287f96b8477c
INVALID_PART org.apache.hadoop.ozone.om.exceptions.OMException: Complete Multipart Upload Failed: volume: b1b89639-21fb-4403-ad39-29391ff90751 bucket: ea96289c-bf09-40e7-8b49-287f96b8477c key: 8e08eb17-fc29-42a9-add2-b28a4b60afdd. Provided Part info is { random, 3}, whereas OM has partName null
	at org.apache.hadoop.ozone.om.request.s3.multipart.S3MultipartUploadCompleteRequest.getMultipartDataSize(S3MultipartUploadCompleteRequest.java:515)
	at org.apache.hadoop.ozone.om.request.s3.multipart.S3MultipartUploadCompleteRequest.validateAndUpdateCache(S3MultipartUploadCompleteRequest.java:198)
	at org.apache.hadoop.ozone.protocolPB.OzoneManagerRequestHandler.lambda$0(OzoneManagerRequestHandler.java:395)
	at org.apache.hadoop.util.MetricUtil.captureLatencyNs(MetricUtil.java:39)
	at org.apache.hadoop.ozone.protocolPB.OzoneManagerRequestHandler.handleWriteRequest(OzoneManagerRequestHandler.java:393)
	at org.apache.hadoop.ozone.om.ratis.OzoneManagerStateMachine.runCommand(OzoneManagerStateMachine.java:582)
	at org.apache.hadoop.ozone.om.ratis.OzoneManagerStateMachine.lambda$1(OzoneManagerStateMachine.java:370)
	at java.util.concurrent.CompletableFuture$AsyncSupply.run(CompletableFuture.java:1604)
	at java.util.concurrent.ThreadPoolExecutor.runWorker(ThreadPoolExecutor.java:1149)
	at java.util.concurrent.ThreadPoolExecutor$Worker.run(ThreadPoolExecutor.java:624)
	at java.lang.Thread.run(Thread.java:750)
]]></system-out>
  </testcase>
  <testcase name="testMultipartUploadWithPartsLessThanMinSize" classname="org.apache.hadoop.ozone.client.rpc.TestOzoneRpcClientWithRatis" time="0.03">
    <system-out><![CDATA[2023-12-10 08:56:06,232 [main] INFO  rpc.RpcClient (RpcClient.java:createVolume(464)) - Creating Volume: a73910a1-8aad-41d1-bbf2-cdcf2615ddd5, with runner as owner and space quota set to -1 bytes, counts quota set to -1
2023-12-10 08:56:06,234 [om1-OMStateMachineApplyTransactionThread - 0] INFO  volume.OMVolumeCreateRequest (OMVolumeCreateRequest.java:validateAndUpdateCache(204)) - created volume:a73910a1-8aad-41d1-bbf2-cdcf2615ddd5 for user:runner
2023-12-10 08:56:06,235 [main] INFO  rpc.RpcClient (RpcClient.java:createBucket(691)) - Creating Bucket: a73910a1-8aad-41d1-bbf2-cdcf2615ddd5/fe6a8758-f252-4dca-bf28-4f92b8ea8807, with server-side default bucket layout, runner as owner, Versioning false, Storage Type set to DISK and Encryption set to false, Replication Type set to server-side default replication type, Namespace Quota set to -1, Space Quota set to -1 
2023-12-10 08:56:06,236 [om1-OMStateMachineApplyTransactionThread - 0] INFO  bucket.OMBucketCreateRequest (OMBucketCreateRequest.java:validateAndUpdateCache(299)) - created bucket: fe6a8758-f252-4dca-bf28-4f92b8ea8807 of layout FILE_SYSTEM_OPTIMIZED in volume: a73910a1-8aad-41d1-bbf2-cdcf2615ddd5
2023-12-10 08:56:06,241 [IPC Server handler 6 on default port 15001] WARN  node.SCMNodeManager (SCMNodeManager.java:getNodesByAddress(1374)) - address is null
2023-12-10 08:56:06,250 [IPC Server handler 7 on default port 15001] WARN  node.SCMNodeManager (SCMNodeManager.java:getNodesByAddress(1374)) - address is null
2023-12-10 08:56:06,260 [om1-OMStateMachineApplyTransactionThread - 0] ERROR multipart.S3MultipartUploadCompleteRequest (S3MultipartUploadCompleteRequest.java:getMultipartDataSize(534)) - MultipartUpload: /a73910a1-8aad-41d1-bbf2-cdcf2615ddd5/fe6a8758-f252-4dca-bf28-4f92b8ea8807/256610fc-1906-4945-8ac9-5ad8b8f46293 Part number: 1 size 4  is less than minimum part size 5242880
08:56:06.261 [om1-OMStateMachineApplyTransactionThread - 0] ERROR OMAudit - user=runner | ip=127.0.0.1 | op=COMPLETE_MULTIPART_UPLOAD {volume=a73910a1-8aad-41d1-bbf2-cdcf2615ddd5, bucket=fe6a8758-f252-4dca-bf28-4f92b8ea8807, key=256610fc-1906-4945-8ac9-5ad8b8f46293, dataSize=0, replicationType=NONE, replicationFactor=ZERO, multipartList=[partNumber: 1 partName: "/a73910a1-8aad-41d1-bbf2-cdcf2615ddd5/fe6a8758-f252-4dca-bf28-4f92b8ea8807/256610fc-1906-4945-8ac9-5ad8b8f46293-3ac2c1e5-10c9-44f7-97e7-c74d854eca49-111555285236973822-1" , partNumber: 2 partName: "/a73910a1-8aad-41d1-bbf2-cdcf2615ddd5/fe6a8758-f252-4dca-bf28-4f92b8ea8807/256610fc-1906-4945-8ac9-5ad8b8f46293-3ac2c1e5-10c9-44f7-97e7-c74d854eca49-111555285236973822-2" ]} | ret=FAILURE
org.apache.hadoop.ozone.om.exceptions.OMException: Complete Multipart Upload Failed: volume: a73910a1-8aad-41d1-bbf2-cdcf2615ddd5 bucket: fe6a8758-f252-4dca-bf28-4f92b8ea8807 key: 256610fc-1906-4945-8ac9-5ad8b8f46293. Entity too small.
	at org.apache.hadoop.ozone.om.request.s3.multipart.S3MultipartUploadCompleteRequest.getMultipartDataSize(S3MultipartUploadCompleteRequest.java:538) ~[ozone-manager-1.4.0-SNAPSHOT.jar:?]
	at org.apache.hadoop.ozone.om.request.s3.multipart.S3MultipartUploadCompleteRequest.validateAndUpdateCache(S3MultipartUploadCompleteRequest.java:198) ~[ozone-manager-1.4.0-SNAPSHOT.jar:?]
	at org.apache.hadoop.ozone.protocolPB.OzoneManagerRequestHandler.lambda$0(OzoneManagerRequestHandler.java:395) ~[ozone-manager-1.4.0-SNAPSHOT.jar:?]
	at org.apache.hadoop.util.MetricUtil.captureLatencyNs(MetricUtil.java:39) ~[hdds-common-1.4.0-SNAPSHOT.jar:?]
	at org.apache.hadoop.ozone.protocolPB.OzoneManagerRequestHandler.handleWriteRequest(OzoneManagerRequestHandler.java:393) ~[ozone-manager-1.4.0-SNAPSHOT.jar:?]
	at org.apache.hadoop.ozone.om.ratis.OzoneManagerStateMachine.runCommand(OzoneManagerStateMachine.java:582) ~[ozone-manager-1.4.0-SNAPSHOT.jar:?]
	at org.apache.hadoop.ozone.om.ratis.OzoneManagerStateMachine.lambda$1(OzoneManagerStateMachine.java:370) ~[ozone-manager-1.4.0-SNAPSHOT.jar:?]
	at java.util.concurrent.CompletableFuture$AsyncSupply.run(CompletableFuture.java:1604) [?:1.8.0_392]
	at java.util.concurrent.ThreadPoolExecutor.runWorker(ThreadPoolExecutor.java:1149) [?:1.8.0_392]
	at java.util.concurrent.ThreadPoolExecutor$Worker.run(ThreadPoolExecutor.java:624) [?:1.8.0_392]
	at java.lang.Thread.run(Thread.java:750) [?:1.8.0_392]
2023-12-10 08:56:06,261 [om1-OMStateMachineApplyTransactionThread - 0] ERROR multipart.S3MultipartUploadCompleteRequest (S3MultipartUploadCompleteRequest.java:logResult(354)) - MultipartUpload Complete request failed for Key: 256610fc-1906-4945-8ac9-5ad8b8f46293 in Volume/Bucket a73910a1-8aad-41d1-bbf2-cdcf2615ddd5/fe6a8758-f252-4dca-bf28-4f92b8ea8807
ENTITY_TOO_SMALL org.apache.hadoop.ozone.om.exceptions.OMException: Complete Multipart Upload Failed: volume: a73910a1-8aad-41d1-bbf2-cdcf2615ddd5 bucket: fe6a8758-f252-4dca-bf28-4f92b8ea8807 key: 256610fc-1906-4945-8ac9-5ad8b8f46293. Entity too small.
	at org.apache.hadoop.ozone.om.request.s3.multipart.S3MultipartUploadCompleteRequest.getMultipartDataSize(S3MultipartUploadCompleteRequest.java:538)
	at org.apache.hadoop.ozone.om.request.s3.multipart.S3MultipartUploadCompleteRequest.validateAndUpdateCache(S3MultipartUploadCompleteRequest.java:198)
	at org.apache.hadoop.ozone.protocolPB.OzoneManagerRequestHandler.lambda$0(OzoneManagerRequestHandler.java:395)
	at org.apache.hadoop.util.MetricUtil.captureLatencyNs(MetricUtil.java:39)
	at org.apache.hadoop.ozone.protocolPB.OzoneManagerRequestHandler.handleWriteRequest(OzoneManagerRequestHandler.java:393)
	at org.apache.hadoop.ozone.om.ratis.OzoneManagerStateMachine.runCommand(OzoneManagerStateMachine.java:582)
	at org.apache.hadoop.ozone.om.ratis.OzoneManagerStateMachine.lambda$1(OzoneManagerStateMachine.java:370)
	at java.util.concurrent.CompletableFuture$AsyncSupply.run(CompletableFuture.java:1604)
	at java.util.concurrent.ThreadPoolExecutor.runWorker(ThreadPoolExecutor.java:1149)
	at java.util.concurrent.ThreadPoolExecutor$Worker.run(ThreadPoolExecutor.java:624)
	at java.lang.Thread.run(Thread.java:750)
]]></system-out>
  </testcase>
  <testcase name="testMultipartUploadWithPartsMisMatchWithIncorrectPartName" classname="org.apache.hadoop.ozone.client.rpc.TestOzoneRpcClientWithRatis" time="0.018">
    <system-out><![CDATA[2023-12-10 08:56:06,263 [main] INFO  rpc.RpcClient (RpcClient.java:createVolume(464)) - Creating Volume: 8dc53ee3-6e7b-4930-b6f3-d156d08bf2b0, with runner as owner and space quota set to -1 bytes, counts quota set to -1
2023-12-10 08:56:06,265 [om1-OMStateMachineApplyTransactionThread - 0] INFO  volume.OMVolumeCreateRequest (OMVolumeCreateRequest.java:validateAndUpdateCache(204)) - created volume:8dc53ee3-6e7b-4930-b6f3-d156d08bf2b0 for user:runner
2023-12-10 08:56:06,265 [main] INFO  rpc.RpcClient (RpcClient.java:createBucket(691)) - Creating Bucket: 8dc53ee3-6e7b-4930-b6f3-d156d08bf2b0/c578e872-e6b4-4080-a89c-1b0fc0e76324, with server-side default bucket layout, runner as owner, Versioning false, Storage Type set to DISK and Encryption set to false, Replication Type set to server-side default replication type, Namespace Quota set to -1, Space Quota set to -1 
2023-12-10 08:56:06,267 [om1-OMStateMachineApplyTransactionThread - 0] INFO  bucket.OMBucketCreateRequest (OMBucketCreateRequest.java:validateAndUpdateCache(299)) - created bucket: c578e872-e6b4-4080-a89c-1b0fc0e76324 of layout FILE_SYSTEM_OPTIMIZED in volume: 8dc53ee3-6e7b-4930-b6f3-d156d08bf2b0
2023-12-10 08:56:06,272 [IPC Server handler 9 on default port 15001] WARN  node.SCMNodeManager (SCMNodeManager.java:getNodesByAddress(1374)) - address is null
08:56:06.279 [om1-OMStateMachineApplyTransactionThread - 0] ERROR OMAudit - user=runner | ip=127.0.0.1 | op=COMPLETE_MULTIPART_UPLOAD {volume=8dc53ee3-6e7b-4930-b6f3-d156d08bf2b0, bucket=c578e872-e6b4-4080-a89c-1b0fc0e76324, key=f2f24ff0-e0a7-4d58-8b58-555ed4d10965, dataSize=0, replicationType=NONE, replicationFactor=ZERO, multipartList=[partNumber: 1 partName: "7eac6600-4722-444d-817e-f0513aa7b105" ]} | ret=FAILURE
org.apache.hadoop.ozone.om.exceptions.OMException: Complete Multipart Upload Failed: volume: 8dc53ee3-6e7b-4930-b6f3-d156d08bf2b0 bucket: c578e872-e6b4-4080-a89c-1b0fc0e76324 key: f2f24ff0-e0a7-4d58-8b58-555ed4d10965. Provided Part info is { 7eac6600-4722-444d-817e-f0513aa7b105, 1}, whereas OM has partName /8dc53ee3-6e7b-4930-b6f3-d156d08bf2b0/c578e872-e6b4-4080-a89c-1b0fc0e76324/f2f24ff0-e0a7-4d58-8b58-555ed4d10965-8627e2a2-7f1f-4458-9b41-926cd1ed753a-111555285238939905-1
	at org.apache.hadoop.ozone.om.request.s3.multipart.S3MultipartUploadCompleteRequest.getMultipartDataSize(S3MultipartUploadCompleteRequest.java:515) ~[ozone-manager-1.4.0-SNAPSHOT.jar:?]
	at org.apache.hadoop.ozone.om.request.s3.multipart.S3MultipartUploadCompleteRequest.validateAndUpdateCache(S3MultipartUploadCompleteRequest.java:198) ~[ozone-manager-1.4.0-SNAPSHOT.jar:?]
	at org.apache.hadoop.ozone.protocolPB.OzoneManagerRequestHandler.lambda$0(OzoneManagerRequestHandler.java:395) ~[ozone-manager-1.4.0-SNAPSHOT.jar:?]
	at org.apache.hadoop.util.MetricUtil.captureLatencyNs(MetricUtil.java:39) ~[hdds-common-1.4.0-SNAPSHOT.jar:?]
	at org.apache.hadoop.ozone.protocolPB.OzoneManagerRequestHandler.handleWriteRequest(OzoneManagerRequestHandler.java:393) ~[ozone-manager-1.4.0-SNAPSHOT.jar:?]
	at org.apache.hadoop.ozone.om.ratis.OzoneManagerStateMachine.runCommand(OzoneManagerStateMachine.java:582) ~[ozone-manager-1.4.0-SNAPSHOT.jar:?]
	at org.apache.hadoop.ozone.om.ratis.OzoneManagerStateMachine.lambda$1(OzoneManagerStateMachine.java:370) ~[ozone-manager-1.4.0-SNAPSHOT.jar:?]
	at java.util.concurrent.CompletableFuture$AsyncSupply.run(CompletableFuture.java:1604) [?:1.8.0_392]
	at java.util.concurrent.ThreadPoolExecutor.runWorker(ThreadPoolExecutor.java:1149) [?:1.8.0_392]
	at java.util.concurrent.ThreadPoolExecutor$Worker.run(ThreadPoolExecutor.java:624) [?:1.8.0_392]
	at java.lang.Thread.run(Thread.java:750) [?:1.8.0_392]
2023-12-10 08:56:06,280 [om1-OMStateMachineApplyTransactionThread - 0] ERROR multipart.S3MultipartUploadCompleteRequest (S3MultipartUploadCompleteRequest.java:logResult(354)) - MultipartUpload Complete request failed for Key: f2f24ff0-e0a7-4d58-8b58-555ed4d10965 in Volume/Bucket 8dc53ee3-6e7b-4930-b6f3-d156d08bf2b0/c578e872-e6b4-4080-a89c-1b0fc0e76324
INVALID_PART org.apache.hadoop.ozone.om.exceptions.OMException: Complete Multipart Upload Failed: volume: 8dc53ee3-6e7b-4930-b6f3-d156d08bf2b0 bucket: c578e872-e6b4-4080-a89c-1b0fc0e76324 key: f2f24ff0-e0a7-4d58-8b58-555ed4d10965. Provided Part info is { 7eac6600-4722-444d-817e-f0513aa7b105, 1}, whereas OM has partName /8dc53ee3-6e7b-4930-b6f3-d156d08bf2b0/c578e872-e6b4-4080-a89c-1b0fc0e76324/f2f24ff0-e0a7-4d58-8b58-555ed4d10965-8627e2a2-7f1f-4458-9b41-926cd1ed753a-111555285238939905-1
	at org.apache.hadoop.ozone.om.request.s3.multipart.S3MultipartUploadCompleteRequest.getMultipartDataSize(S3MultipartUploadCompleteRequest.java:515)
	at org.apache.hadoop.ozone.om.request.s3.multipart.S3MultipartUploadCompleteRequest.validateAndUpdateCache(S3MultipartUploadCompleteRequest.java:198)
	at org.apache.hadoop.ozone.protocolPB.OzoneManagerRequestHandler.lambda$0(OzoneManagerRequestHandler.java:395)
	at org.apache.hadoop.util.MetricUtil.captureLatencyNs(MetricUtil.java:39)
	at org.apache.hadoop.ozone.protocolPB.OzoneManagerRequestHandler.handleWriteRequest(OzoneManagerRequestHandler.java:393)
	at org.apache.hadoop.ozone.om.ratis.OzoneManagerStateMachine.runCommand(OzoneManagerStateMachine.java:582)
	at org.apache.hadoop.ozone.om.ratis.OzoneManagerStateMachine.lambda$1(OzoneManagerStateMachine.java:370)
	at java.util.concurrent.CompletableFuture$AsyncSupply.run(CompletableFuture.java:1604)
	at java.util.concurrent.ThreadPoolExecutor.runWorker(ThreadPoolExecutor.java:1149)
	at java.util.concurrent.ThreadPoolExecutor$Worker.run(ThreadPoolExecutor.java:624)
	at java.lang.Thread.run(Thread.java:750)
]]></system-out>
  </testcase>
  <testcase name="testMultipartUploadWithPartsMisMatchWithListSizeDifferent" classname="org.apache.hadoop.ozone.client.rpc.TestOzoneRpcClientWithRatis" time="0.009">
    <system-out><![CDATA[2023-12-10 08:56:06,281 [main] INFO  rpc.RpcClient (RpcClient.java:createVolume(464)) - Creating Volume: 83c7d1d0-1905-4952-8368-842f75cdaa51, with runner as owner and space quota set to -1 bytes, counts quota set to -1
2023-12-10 08:56:06,283 [om1-OMStateMachineApplyTransactionThread - 0] INFO  volume.OMVolumeCreateRequest (OMVolumeCreateRequest.java:validateAndUpdateCache(204)) - created volume:83c7d1d0-1905-4952-8368-842f75cdaa51 for user:runner
2023-12-10 08:56:06,283 [main] INFO  rpc.RpcClient (RpcClient.java:createBucket(691)) - Creating Bucket: 83c7d1d0-1905-4952-8368-842f75cdaa51/045e80d3-83d9-45ed-aab0-1ecc03fc9a33, with server-side default bucket layout, runner as owner, Versioning false, Storage Type set to DISK and Encryption set to false, Replication Type set to server-side default replication type, Namespace Quota set to -1, Space Quota set to -1 
2023-12-10 08:56:06,285 [om1-OMStateMachineApplyTransactionThread - 0] INFO  bucket.OMBucketCreateRequest (OMBucketCreateRequest.java:validateAndUpdateCache(299)) - created bucket: 045e80d3-83d9-45ed-aab0-1ecc03fc9a33 of layout FILE_SYSTEM_OPTIMIZED in volume: 83c7d1d0-1905-4952-8368-842f75cdaa51
2023-12-10 08:56:06,289 [om1-OMStateMachineApplyTransactionThread - 0] ERROR multipart.S3MultipartUploadCompleteRequest (S3MultipartUploadCompleteRequest.java:validateAndUpdateCache(184)) - Complete MultipartUpload failed for key /83c7d1d0-1905-4952-8368-842f75cdaa51/045e80d3-83d9-45ed-aab0-1ecc03fc9a33/f12bef96-eef9-4bc8-8810-fcb483caa6f3 , MPU Key has no parts in OM, parts given to upload are [partNumber: 1
partName: "e3282b26-7823-49f0-8e69-14945310d233"
]
08:56:06.289 [om1-OMStateMachineApplyTransactionThread - 0] ERROR OMAudit - user=runner | ip=127.0.0.1 | op=COMPLETE_MULTIPART_UPLOAD {volume=83c7d1d0-1905-4952-8368-842f75cdaa51, bucket=045e80d3-83d9-45ed-aab0-1ecc03fc9a33, key=f12bef96-eef9-4bc8-8810-fcb483caa6f3, dataSize=0, replicationType=NONE, replicationFactor=ZERO, multipartList=[partNumber: 1 partName: "e3282b26-7823-49f0-8e69-14945310d233" ]} | ret=FAILURE
org.apache.hadoop.ozone.om.exceptions.OMException: Complete Multipart Upload Failed: volume: 83c7d1d0-1905-4952-8368-842f75cdaa51 bucket: 045e80d3-83d9-45ed-aab0-1ecc03fc9a33 key: f12bef96-eef9-4bc8-8810-fcb483caa6f3
	at org.apache.hadoop.ozone.om.request.s3.multipart.S3MultipartUploadCompleteRequest.validateAndUpdateCache(S3MultipartUploadCompleteRequest.java:187) ~[ozone-manager-1.4.0-SNAPSHOT.jar:?]
	at org.apache.hadoop.ozone.protocolPB.OzoneManagerRequestHandler.lambda$0(OzoneManagerRequestHandler.java:395) ~[ozone-manager-1.4.0-SNAPSHOT.jar:?]
	at org.apache.hadoop.util.MetricUtil.captureLatencyNs(MetricUtil.java:39) ~[hdds-common-1.4.0-SNAPSHOT.jar:?]
	at org.apache.hadoop.ozone.protocolPB.OzoneManagerRequestHandler.handleWriteRequest(OzoneManagerRequestHandler.java:393) ~[ozone-manager-1.4.0-SNAPSHOT.jar:?]
	at org.apache.hadoop.ozone.om.ratis.OzoneManagerStateMachine.runCommand(OzoneManagerStateMachine.java:582) ~[ozone-manager-1.4.0-SNAPSHOT.jar:?]
	at org.apache.hadoop.ozone.om.ratis.OzoneManagerStateMachine.lambda$1(OzoneManagerStateMachine.java:370) ~[ozone-manager-1.4.0-SNAPSHOT.jar:?]
	at java.util.concurrent.CompletableFuture$AsyncSupply.run(CompletableFuture.java:1604) [?:1.8.0_392]
	at java.util.concurrent.ThreadPoolExecutor.runWorker(ThreadPoolExecutor.java:1149) [?:1.8.0_392]
	at java.util.concurrent.ThreadPoolExecutor$Worker.run(ThreadPoolExecutor.java:624) [?:1.8.0_392]
	at java.lang.Thread.run(Thread.java:750) [?:1.8.0_392]
2023-12-10 08:56:06,290 [om1-OMStateMachineApplyTransactionThread - 0] ERROR multipart.S3MultipartUploadCompleteRequest (S3MultipartUploadCompleteRequest.java:logResult(354)) - MultipartUpload Complete request failed for Key: f12bef96-eef9-4bc8-8810-fcb483caa6f3 in Volume/Bucket 83c7d1d0-1905-4952-8368-842f75cdaa51/045e80d3-83d9-45ed-aab0-1ecc03fc9a33
INVALID_PART org.apache.hadoop.ozone.om.exceptions.OMException: Complete Multipart Upload Failed: volume: 83c7d1d0-1905-4952-8368-842f75cdaa51 bucket: 045e80d3-83d9-45ed-aab0-1ecc03fc9a33 key: f12bef96-eef9-4bc8-8810-fcb483caa6f3
	at org.apache.hadoop.ozone.om.request.s3.multipart.S3MultipartUploadCompleteRequest.validateAndUpdateCache(S3MultipartUploadCompleteRequest.java:187)
	at org.apache.hadoop.ozone.protocolPB.OzoneManagerRequestHandler.lambda$0(OzoneManagerRequestHandler.java:395)
	at org.apache.hadoop.util.MetricUtil.captureLatencyNs(MetricUtil.java:39)
	at org.apache.hadoop.ozone.protocolPB.OzoneManagerRequestHandler.handleWriteRequest(OzoneManagerRequestHandler.java:393)
	at org.apache.hadoop.ozone.om.ratis.OzoneManagerStateMachine.runCommand(OzoneManagerStateMachine.java:582)
	at org.apache.hadoop.ozone.om.ratis.OzoneManagerStateMachine.lambda$1(OzoneManagerStateMachine.java:370)
	at java.util.concurrent.CompletableFuture$AsyncSupply.run(CompletableFuture.java:1604)
	at java.util.concurrent.ThreadPoolExecutor.runWorker(ThreadPoolExecutor.java:1149)
	at java.util.concurrent.ThreadPoolExecutor$Worker.run(ThreadPoolExecutor.java:624)
	at java.lang.Thread.run(Thread.java:750)
]]></system-out>
  </testcase>
  <testcase name="testNativeAclsForBucket" classname="org.apache.hadoop.ozone.client.rpc.TestOzoneRpcClientWithRatis" time="0.065">
    <system-out><![CDATA[2023-12-10 08:56:06,291 [main] INFO  rpc.RpcClient (RpcClient.java:createVolume(464)) - Creating Volume: 63dce3db-c9e8-4335-b0d1-83296876a2b7, with runner as owner and space quota set to -1 bytes, counts quota set to -1
2023-12-10 08:56:06,293 [om1-OMStateMachineApplyTransactionThread - 0] INFO  volume.OMVolumeCreateRequest (OMVolumeCreateRequest.java:validateAndUpdateCache(204)) - created volume:63dce3db-c9e8-4335-b0d1-83296876a2b7 for user:runner
2023-12-10 08:56:06,294 [main] INFO  rpc.RpcClient (RpcClient.java:createBucket(691)) - Creating Bucket: 63dce3db-c9e8-4335-b0d1-83296876a2b7/3be8de60-d29f-48a1-a1cc-d88dd6545c80, with server-side default bucket layout, runner as owner, Versioning false, Storage Type set to DISK and Encryption set to false, Replication Type set to server-side default replication type, Namespace Quota set to -1, Space Quota set to -1 
2023-12-10 08:56:06,298 [om1-OMStateMachineApplyTransactionThread - 0] INFO  bucket.OMBucketCreateRequest (OMBucketCreateRequest.java:validateAndUpdateCache(299)) - created bucket: 3be8de60-d29f-48a1-a1cc-d88dd6545c80 of layout FILE_SYSTEM_OPTIMIZED in volume: 63dce3db-c9e8-4335-b0d1-83296876a2b7
2023-12-10 08:56:06,352 [main] INFO  rpc.RpcClient (RpcClient.java:createBucket(691)) - Creating Bucket: 63dce3db-c9e8-4335-b0d1-83296876a2b7/3be8de60-d29f-48a1-a1cc-d88dd6545c80, with server-side default bucket layout, runner as owner, Versioning false, Storage Type set to DISK and Encryption set to false, Replication Type set to server-side default replication type, Namespace Quota set to -1, Space Quota set to -1 
2023-12-10 08:56:06,353 [om1-OMStateMachineApplyTransactionThread - 0] INFO  bucket.OMBucketCreateRequest (OMBucketCreateRequest.java:validateAndUpdateCache(299)) - created bucket: 3be8de60-d29f-48a1-a1cc-d88dd6545c80 of layout FILE_SYSTEM_OPTIMIZED in volume: 63dce3db-c9e8-4335-b0d1-83296876a2b7
]]></system-out>
  </testcase>
  <testcase name="testNativeAclsForKey" classname="org.apache.hadoop.ozone.client.rpc.TestOzoneRpcClientWithRatis" time="0.182">
    <system-out><![CDATA[2023-12-10 08:56:06,357 [main] INFO  rpc.RpcClient (RpcClient.java:createVolume(464)) - Creating Volume: 35dda9de-7c35-4719-b3f2-8521bcd53c0e, with runner as owner and space quota set to -1 bytes, counts quota set to -1
2023-12-10 08:56:06,358 [om1-OMStateMachineApplyTransactionThread - 0] INFO  volume.OMVolumeCreateRequest (OMVolumeCreateRequest.java:validateAndUpdateCache(204)) - created volume:35dda9de-7c35-4719-b3f2-8521bcd53c0e for user:runner
2023-12-10 08:56:06,360 [main] INFO  rpc.RpcClient (RpcClient.java:createBucket(691)) - Creating Bucket: 35dda9de-7c35-4719-b3f2-8521bcd53c0e/75ecedc6-f55c-4a76-8ca3-443f6d8ef701, with server-side default bucket layout, runner as owner, Versioning false, Storage Type set to DISK and Encryption set to false, Replication Type set to server-side default replication type, Namespace Quota set to -1, Space Quota set to -1 
2023-12-10 08:56:06,361 [om1-OMStateMachineApplyTransactionThread - 0] INFO  bucket.OMBucketCreateRequest (OMBucketCreateRequest.java:validateAndUpdateCache(299)) - created bucket: 75ecedc6-f55c-4a76-8ca3-443f6d8ef701 of layout FILE_SYSTEM_OPTIMIZED in volume: 35dda9de-7c35-4719-b3f2-8521bcd53c0e
2023-12-10 08:56:06,363 [IPC Server handler 13 on default port 15001] WARN  node.SCMNodeManager (SCMNodeManager.java:getNodesByAddress(1374)) - address is null
2023-12-10 08:56:06,389 [IPC Server handler 4 on default port 15001] WARN  node.SCMNodeManager (SCMNodeManager.java:getNodesByAddress(1374)) - address is null
2023-12-10 08:56:06,473 [IPC Server handler 14 on default port 15001] WARN  node.SCMNodeManager (SCMNodeManager.java:getNodesByAddress(1374)) - address is null
2023-12-10 08:56:06,528 [IPC Server handler 5 on default port 15001] WARN  node.SCMNodeManager (SCMNodeManager.java:getNodesByAddress(1374)) - address is null
]]></system-out>
  </testcase>
  <testcase name="testNativeAclsForPrefix" classname="org.apache.hadoop.ozone.client.rpc.TestOzoneRpcClientWithRatis" time="0.06">
    <system-out><![CDATA[2023-12-10 08:56:06,540 [main] INFO  rpc.RpcClient (RpcClient.java:createVolume(464)) - Creating Volume: 0320ebfc-801e-4f43-9487-b86077d8ff9a, with runner as owner and space quota set to -1 bytes, counts quota set to -1
2023-12-10 08:56:06,542 [om1-OMStateMachineApplyTransactionThread - 0] INFO  volume.OMVolumeCreateRequest (OMVolumeCreateRequest.java:validateAndUpdateCache(204)) - created volume:0320ebfc-801e-4f43-9487-b86077d8ff9a for user:runner
2023-12-10 08:56:06,543 [main] INFO  rpc.RpcClient (RpcClient.java:createBucket(691)) - Creating Bucket: 0320ebfc-801e-4f43-9487-b86077d8ff9a/9c208ef6-71f0-4392-babd-1d6268b44611, with server-side default bucket layout, runner as owner, Versioning false, Storage Type set to DISK and Encryption set to false, Replication Type set to server-side default replication type, Namespace Quota set to -1, Space Quota set to -1 
2023-12-10 08:56:06,545 [om1-OMStateMachineApplyTransactionThread - 0] INFO  bucket.OMBucketCreateRequest (OMBucketCreateRequest.java:validateAndUpdateCache(299)) - created bucket: 9c208ef6-71f0-4392-babd-1d6268b44611 of layout FILE_SYSTEM_OPTIMIZED in volume: 0320ebfc-801e-4f43-9487-b86077d8ff9a
2023-12-10 08:56:06,546 [IPC Server handler 10 on default port 15001] WARN  node.SCMNodeManager (SCMNodeManager.java:getNodesByAddress(1374)) - address is null
2023-12-10 08:56:06,557 [IPC Server handler 17 on default port 15001] WARN  node.SCMNodeManager (SCMNodeManager.java:getNodesByAddress(1374)) - address is null
2023-12-10 08:56:06,577 [IPC Server handler 8 on default port 15001] WARN  node.SCMNodeManager (SCMNodeManager.java:getNodesByAddress(1374)) - address is null
2023-12-10 08:56:06,592 [IPC Server handler 15 on default port 15001] WARN  node.SCMNodeManager (SCMNodeManager.java:getNodesByAddress(1374)) - address is null
]]></system-out>
  </testcase>
  <testcase name="testNativeAclsForVolume" classname="org.apache.hadoop.ozone.client.rpc.TestOzoneRpcClientWithRatis" time="0.042">
    <system-out><![CDATA[2023-12-10 08:56:06,601 [main] INFO  rpc.RpcClient (RpcClient.java:createVolume(464)) - Creating Volume: 0ca66590-ba8d-4a8d-926b-8b8ba8a7533c, with runner as owner and space quota set to -1 bytes, counts quota set to -1
2023-12-10 08:56:06,603 [om1-OMStateMachineApplyTransactionThread - 0] INFO  volume.OMVolumeCreateRequest (OMVolumeCreateRequest.java:validateAndUpdateCache(204)) - created volume:0ca66590-ba8d-4a8d-926b-8b8ba8a7533c for user:runner
]]></system-out>
  </testcase>
  <testcase name="testNoSuchUploadError" classname="org.apache.hadoop.ozone.client.rpc.TestOzoneRpcClientWithRatis" time="0.008">
    <system-out><![CDATA[2023-12-10 08:56:06,644 [main] INFO  rpc.RpcClient (RpcClient.java:createVolume(464)) - Creating Volume: b2e464e1-6cca-484b-bf04-4750a31e447d, with runner as owner and space quota set to -1 bytes, counts quota set to -1
2023-12-10 08:56:06,645 [om1-OMStateMachineApplyTransactionThread - 0] INFO  volume.OMVolumeCreateRequest (OMVolumeCreateRequest.java:validateAndUpdateCache(204)) - created volume:b2e464e1-6cca-484b-bf04-4750a31e447d for user:runner
2023-12-10 08:56:06,646 [main] INFO  rpc.RpcClient (RpcClient.java:createBucket(691)) - Creating Bucket: b2e464e1-6cca-484b-bf04-4750a31e447d/6061e84a-ae2e-4a1f-8267-cf430cfce6a6, with server-side default bucket layout, runner as owner, Versioning false, Storage Type set to DISK and Encryption set to false, Replication Type set to server-side default replication type, Namespace Quota set to -1, Space Quota set to -1 
2023-12-10 08:56:06,649 [om1-OMStateMachineApplyTransactionThread - 0] INFO  bucket.OMBucketCreateRequest (OMBucketCreateRequest.java:validateAndUpdateCache(299)) - created bucket: 6061e84a-ae2e-4a1f-8267-cf430cfce6a6 of layout FILE_SYSTEM_OPTIMIZED in volume: b2e464e1-6cca-484b-bf04-4750a31e447d
08:56:06.651 [om1-OMStateMachineApplyTransactionThread - 0] ERROR OMAudit - user=runner | ip=127.0.0.1 | op=ALLOCATE_KEY {volume=b2e464e1-6cca-484b-bf04-4750a31e447d, bucket=6061e84a-ae2e-4a1f-8267-cf430cfce6a6, key=967da86b-ab40-4f32-824a-dba5c5de9892, dataSize=12, replicationType=NONE, replicationFactor=ZERO} | ret=FAILURE
org.apache.hadoop.ozone.om.exceptions.OMException: No such Multipart upload is with specified uploadId random
	at org.apache.hadoop.ozone.om.request.key.OMKeyRequest.prepareMultipartFileInfo(OMKeyRequest.java:831) ~[ozone-manager-1.4.0-SNAPSHOT.jar:?]
	at org.apache.hadoop.ozone.om.request.key.OMKeyRequest.prepareFileInfo(OMKeyRequest.java:711) ~[ozone-manager-1.4.0-SNAPSHOT.jar:?]
	at org.apache.hadoop.ozone.om.request.key.OMKeyCreateRequestWithFSO.validateAndUpdateCache(OMKeyCreateRequestWithFSO.java:165) ~[ozone-manager-1.4.0-SNAPSHOT.jar:?]
	at org.apache.hadoop.ozone.protocolPB.OzoneManagerRequestHandler.lambda$0(OzoneManagerRequestHandler.java:395) ~[ozone-manager-1.4.0-SNAPSHOT.jar:?]
	at org.apache.hadoop.util.MetricUtil.captureLatencyNs(MetricUtil.java:39) ~[hdds-common-1.4.0-SNAPSHOT.jar:?]
	at org.apache.hadoop.ozone.protocolPB.OzoneManagerRequestHandler.handleWriteRequest(OzoneManagerRequestHandler.java:393) ~[ozone-manager-1.4.0-SNAPSHOT.jar:?]
	at org.apache.hadoop.ozone.om.ratis.OzoneManagerStateMachine.runCommand(OzoneManagerStateMachine.java:582) ~[ozone-manager-1.4.0-SNAPSHOT.jar:?]
	at org.apache.hadoop.ozone.om.ratis.OzoneManagerStateMachine.lambda$1(OzoneManagerStateMachine.java:370) ~[ozone-manager-1.4.0-SNAPSHOT.jar:?]
	at java.util.concurrent.CompletableFuture$AsyncSupply.run(CompletableFuture.java:1604) [?:1.8.0_392]
	at java.util.concurrent.ThreadPoolExecutor.runWorker(ThreadPoolExecutor.java:1149) [?:1.8.0_392]
	at java.util.concurrent.ThreadPoolExecutor$Worker.run(ThreadPoolExecutor.java:624) [?:1.8.0_392]
	at java.lang.Thread.run(Thread.java:750) [?:1.8.0_392]
2023-12-10 08:56:06,652 [om1-OMStateMachineApplyTransactionThread - 0] ERROR key.OMKeyCreateRequest (OMKeyCreateRequest.java:logResult(388)) - Key creation failed. Volume:b2e464e1-6cca-484b-bf04-4750a31e447d, Bucket:6061e84a-ae2e-4a1f-8267-cf430cfce6a6, Key:967da86b-ab40-4f32-824a-dba5c5de9892. 
NO_SUCH_MULTIPART_UPLOAD_ERROR org.apache.hadoop.ozone.om.exceptions.OMException: No such Multipart upload is with specified uploadId random
	at org.apache.hadoop.ozone.om.request.key.OMKeyRequest.prepareMultipartFileInfo(OMKeyRequest.java:831)
	at org.apache.hadoop.ozone.om.request.key.OMKeyRequest.prepareFileInfo(OMKeyRequest.java:711)
	at org.apache.hadoop.ozone.om.request.key.OMKeyCreateRequestWithFSO.validateAndUpdateCache(OMKeyCreateRequestWithFSO.java:165)
	at org.apache.hadoop.ozone.protocolPB.OzoneManagerRequestHandler.lambda$0(OzoneManagerRequestHandler.java:395)
	at org.apache.hadoop.util.MetricUtil.captureLatencyNs(MetricUtil.java:39)
	at org.apache.hadoop.ozone.protocolPB.OzoneManagerRequestHandler.handleWriteRequest(OzoneManagerRequestHandler.java:393)
	at org.apache.hadoop.ozone.om.ratis.OzoneManagerStateMachine.runCommand(OzoneManagerStateMachine.java:582)
	at org.apache.hadoop.ozone.om.ratis.OzoneManagerStateMachine.lambda$1(OzoneManagerStateMachine.java:370)
	at java.util.concurrent.CompletableFuture$AsyncSupply.run(CompletableFuture.java:1604)
	at java.util.concurrent.ThreadPoolExecutor.runWorker(ThreadPoolExecutor.java:1149)
	at java.util.concurrent.ThreadPoolExecutor$Worker.run(ThreadPoolExecutor.java:624)
	at java.lang.Thread.run(Thread.java:750)
]]></system-out>
  </testcase>
  <testcase name="testOMClientProxyProvider" classname="org.apache.hadoop.ozone.client.rpc.TestOzoneRpcClientWithRatis" time="0.001"/>
  <testcase name="testPutKey" classname="org.apache.hadoop.ozone.client.rpc.TestOzoneRpcClientWithRatis" time="0.148">
    <system-out><![CDATA[2023-12-10 08:56:06,654 [main] INFO  rpc.RpcClient (RpcClient.java:createVolume(464)) - Creating Volume: 4cfc243a-b283-44f6-a5ab-a6bd7b7ddaa5, with runner as owner and space quota set to -1 bytes, counts quota set to -1
2023-12-10 08:56:06,655 [om1-OMStateMachineApplyTransactionThread - 0] INFO  volume.OMVolumeCreateRequest (OMVolumeCreateRequest.java:validateAndUpdateCache(204)) - created volume:4cfc243a-b283-44f6-a5ab-a6bd7b7ddaa5 for user:runner
2023-12-10 08:56:06,655 [main] INFO  rpc.RpcClient (RpcClient.java:createBucket(691)) - Creating Bucket: 4cfc243a-b283-44f6-a5ab-a6bd7b7ddaa5/d1513c6f-fdc6-454e-af82-0d8baf93df97, with server-side default bucket layout, runner as owner, Versioning false, Storage Type set to DISK and Encryption set to false, Replication Type set to server-side default replication type, Namespace Quota set to -1, Space Quota set to -1 
2023-12-10 08:56:06,656 [om1-OMStateMachineApplyTransactionThread - 0] INFO  bucket.OMBucketCreateRequest (OMBucketCreateRequest.java:validateAndUpdateCache(299)) - created bucket: d1513c6f-fdc6-454e-af82-0d8baf93df97 of layout FILE_SYSTEM_OPTIMIZED in volume: 4cfc243a-b283-44f6-a5ab-a6bd7b7ddaa5
2023-12-10 08:56:06,658 [IPC Server handler 11 on default port 15001] WARN  node.SCMNodeManager (SCMNodeManager.java:getNodesByAddress(1374)) - address is null
2023-12-10 08:56:06,666 [IPC Server handler 1 on default port 15001] WARN  node.SCMNodeManager (SCMNodeManager.java:getNodesByAddress(1379)) - Cannot find node for address 127.0.0.1
2023-12-10 08:56:06,667 [IPC Server handler 2 on default port 15001] WARN  node.SCMNodeManager (SCMNodeManager.java:getNodesByAddress(1379)) - Cannot find node for address 127.0.0.1
2023-12-10 08:56:06,672 [IPC Server handler 18 on default port 15001] WARN  node.SCMNodeManager (SCMNodeManager.java:getNodesByAddress(1374)) - address is null
2023-12-10 08:56:06,679 [IPC Server handler 12 on default port 15001] WARN  node.SCMNodeManager (SCMNodeManager.java:getNodesByAddress(1379)) - Cannot find node for address 127.0.0.1
2023-12-10 08:56:06,680 [IPC Server handler 3 on default port 15001] WARN  node.SCMNodeManager (SCMNodeManager.java:getNodesByAddress(1379)) - Cannot find node for address 127.0.0.1
2023-12-10 08:56:06,685 [IPC Server handler 19 on default port 15001] WARN  node.SCMNodeManager (SCMNodeManager.java:getNodesByAddress(1374)) - address is null
2023-12-10 08:56:06,691 [IPC Server handler 0 on default port 15001] WARN  node.SCMNodeManager (SCMNodeManager.java:getNodesByAddress(1379)) - Cannot find node for address 127.0.0.1
2023-12-10 08:56:06,692 [IPC Server handler 6 on default port 15001] WARN  node.SCMNodeManager (SCMNodeManager.java:getNodesByAddress(1379)) - Cannot find node for address 127.0.0.1
2023-12-10 08:56:06,696 [IPC Server handler 7 on default port 15001] WARN  node.SCMNodeManager (SCMNodeManager.java:getNodesByAddress(1374)) - address is null
2023-12-10 08:56:06,702 [IPC Server handler 9 on default port 15001] WARN  node.SCMNodeManager (SCMNodeManager.java:getNodesByAddress(1379)) - Cannot find node for address 127.0.0.1
2023-12-10 08:56:06,704 [IPC Server handler 16 on default port 15001] WARN  node.SCMNodeManager (SCMNodeManager.java:getNodesByAddress(1379)) - Cannot find node for address 127.0.0.1
2023-12-10 08:56:06,709 [IPC Server handler 13 on default port 15001] WARN  node.SCMNodeManager (SCMNodeManager.java:getNodesByAddress(1374)) - address is null
2023-12-10 08:56:06,715 [IPC Server handler 4 on default port 15001] WARN  node.SCMNodeManager (SCMNodeManager.java:getNodesByAddress(1379)) - Cannot find node for address 127.0.0.1
2023-12-10 08:56:06,717 [IPC Server handler 14 on default port 15001] WARN  node.SCMNodeManager (SCMNodeManager.java:getNodesByAddress(1379)) - Cannot find node for address 127.0.0.1
2023-12-10 08:56:06,724 [IPC Server handler 5 on default port 15001] WARN  node.SCMNodeManager (SCMNodeManager.java:getNodesByAddress(1374)) - address is null
2023-12-10 08:56:06,733 [IPC Server handler 10 on default port 15001] WARN  node.SCMNodeManager (SCMNodeManager.java:getNodesByAddress(1379)) - Cannot find node for address 127.0.0.1
2023-12-10 08:56:06,734 [IPC Server handler 17 on default port 15001] WARN  node.SCMNodeManager (SCMNodeManager.java:getNodesByAddress(1379)) - Cannot find node for address 127.0.0.1
2023-12-10 08:56:06,739 [IPC Server handler 8 on default port 15001] WARN  node.SCMNodeManager (SCMNodeManager.java:getNodesByAddress(1374)) - address is null
2023-12-10 08:56:06,748 [IPC Server handler 15 on default port 15001] WARN  node.SCMNodeManager (SCMNodeManager.java:getNodesByAddress(1379)) - Cannot find node for address 127.0.0.1
2023-12-10 08:56:06,750 [IPC Server handler 11 on default port 15001] WARN  node.SCMNodeManager (SCMNodeManager.java:getNodesByAddress(1379)) - Cannot find node for address 127.0.0.1
2023-12-10 08:56:06,755 [IPC Server handler 1 on default port 15001] WARN  node.SCMNodeManager (SCMNodeManager.java:getNodesByAddress(1374)) - address is null
2023-12-10 08:56:06,766 [IPC Server handler 2 on default port 15001] WARN  node.SCMNodeManager (SCMNodeManager.java:getNodesByAddress(1379)) - Cannot find node for address 127.0.0.1
2023-12-10 08:56:06,768 [IPC Server handler 18 on default port 15001] WARN  node.SCMNodeManager (SCMNodeManager.java:getNodesByAddress(1379)) - Cannot find node for address 127.0.0.1
2023-12-10 08:56:06,774 [IPC Server handler 12 on default port 15001] WARN  node.SCMNodeManager (SCMNodeManager.java:getNodesByAddress(1374)) - address is null
2023-12-10 08:56:06,782 [IPC Server handler 3 on default port 15001] WARN  node.SCMNodeManager (SCMNodeManager.java:getNodesByAddress(1379)) - Cannot find node for address 127.0.0.1
2023-12-10 08:56:06,783 [IPC Server handler 19 on default port 15001] WARN  node.SCMNodeManager (SCMNodeManager.java:getNodesByAddress(1379)) - Cannot find node for address 127.0.0.1
2023-12-10 08:56:06,788 [IPC Server handler 0 on default port 15001] WARN  node.SCMNodeManager (SCMNodeManager.java:getNodesByAddress(1374)) - address is null
2023-12-10 08:56:06,795 [IPC Server handler 6 on default port 15001] WARN  node.SCMNodeManager (SCMNodeManager.java:getNodesByAddress(1379)) - Cannot find node for address 127.0.0.1
2023-12-10 08:56:06,797 [IPC Server handler 7 on default port 15001] WARN  node.SCMNodeManager (SCMNodeManager.java:getNodesByAddress(1379)) - Cannot find node for address 127.0.0.1
]]></system-out>
  </testcase>
  <testcase name="testPutKeyRatisOneNode" classname="org.apache.hadoop.ozone.client.rpc.TestOzoneRpcClientWithRatis" time="0.16">
    <system-out><![CDATA[2023-12-10 08:56:06,802 [main] INFO  rpc.RpcClient (RpcClient.java:createVolume(464)) - Creating Volume: cfd10a9a-2439-4a76-be72-7a5c7c7d6fa6, with runner as owner and space quota set to -1 bytes, counts quota set to -1
2023-12-10 08:56:06,803 [om1-OMStateMachineApplyTransactionThread - 0] INFO  volume.OMVolumeCreateRequest (OMVolumeCreateRequest.java:validateAndUpdateCache(204)) - created volume:cfd10a9a-2439-4a76-be72-7a5c7c7d6fa6 for user:runner
2023-12-10 08:56:06,804 [main] INFO  rpc.RpcClient (RpcClient.java:createBucket(691)) - Creating Bucket: cfd10a9a-2439-4a76-be72-7a5c7c7d6fa6/9016da08-8687-42ec-a7ad-794f39bbe770, with server-side default bucket layout, runner as owner, Versioning false, Storage Type set to DISK and Encryption set to false, Replication Type set to server-side default replication type, Namespace Quota set to -1, Space Quota set to -1 
2023-12-10 08:56:06,804 [om1-OMStateMachineApplyTransactionThread - 0] INFO  bucket.OMBucketCreateRequest (OMBucketCreateRequest.java:validateAndUpdateCache(299)) - created bucket: 9016da08-8687-42ec-a7ad-794f39bbe770 of layout FILE_SYSTEM_OPTIMIZED in volume: cfd10a9a-2439-4a76-be72-7a5c7c7d6fa6
2023-12-10 08:56:06,806 [IPC Server handler 9 on default port 15001] WARN  node.SCMNodeManager (SCMNodeManager.java:getNodesByAddress(1374)) - address is null
2023-12-10 08:56:06,812 [IPC Server handler 16 on default port 15001] WARN  node.SCMNodeManager (SCMNodeManager.java:getNodesByAddress(1379)) - Cannot find node for address 127.0.0.1
2023-12-10 08:56:06,814 [IPC Server handler 13 on default port 15001] WARN  node.SCMNodeManager (SCMNodeManager.java:getNodesByAddress(1379)) - Cannot find node for address 127.0.0.1
2023-12-10 08:56:06,818 [IPC Server handler 4 on default port 15001] WARN  node.SCMNodeManager (SCMNodeManager.java:getNodesByAddress(1374)) - address is null
2023-12-10 08:56:06,824 [IPC Server handler 14 on default port 15001] WARN  node.SCMNodeManager (SCMNodeManager.java:getNodesByAddress(1379)) - Cannot find node for address 127.0.0.1
2023-12-10 08:56:06,826 [IPC Server handler 5 on default port 15001] WARN  node.SCMNodeManager (SCMNodeManager.java:getNodesByAddress(1379)) - Cannot find node for address 127.0.0.1
2023-12-10 08:56:06,831 [IPC Server handler 10 on default port 15001] WARN  node.SCMNodeManager (SCMNodeManager.java:getNodesByAddress(1374)) - address is null
2023-12-10 08:56:06,837 [IPC Server handler 17 on default port 15001] WARN  node.SCMNodeManager (SCMNodeManager.java:getNodesByAddress(1379)) - Cannot find node for address 127.0.0.1
2023-12-10 08:56:06,839 [IPC Server handler 8 on default port 15001] WARN  node.SCMNodeManager (SCMNodeManager.java:getNodesByAddress(1379)) - Cannot find node for address 127.0.0.1
2023-12-10 08:56:06,843 [IPC Server handler 15 on default port 15001] WARN  node.SCMNodeManager (SCMNodeManager.java:getNodesByAddress(1374)) - address is null
2023-12-10 08:56:06,851 [IPC Server handler 11 on default port 15001] WARN  node.SCMNodeManager (SCMNodeManager.java:getNodesByAddress(1379)) - Cannot find node for address 127.0.0.1
2023-12-10 08:56:06,853 [IPC Server handler 1 on default port 15001] WARN  node.SCMNodeManager (SCMNodeManager.java:getNodesByAddress(1379)) - Cannot find node for address 127.0.0.1
2023-12-10 08:56:06,858 [IPC Server handler 2 on default port 15001] WARN  node.SCMNodeManager (SCMNodeManager.java:getNodesByAddress(1374)) - address is null
2023-12-10 08:56:06,866 [IPC Server handler 18 on default port 15001] WARN  node.SCMNodeManager (SCMNodeManager.java:getNodesByAddress(1379)) - Cannot find node for address 127.0.0.1
2023-12-10 08:56:06,868 [IPC Server handler 12 on default port 15001] WARN  node.SCMNodeManager (SCMNodeManager.java:getNodesByAddress(1379)) - Cannot find node for address 127.0.0.1
2023-12-10 08:56:06,874 [IPC Server handler 3 on default port 15001] WARN  node.SCMNodeManager (SCMNodeManager.java:getNodesByAddress(1374)) - address is null
2023-12-10 08:56:06,884 [IPC Server handler 19 on default port 15001] WARN  node.SCMNodeManager (SCMNodeManager.java:getNodesByAddress(1379)) - Cannot find node for address 127.0.0.1
2023-12-10 08:56:06,886 [IPC Server handler 0 on default port 15001] WARN  node.SCMNodeManager (SCMNodeManager.java:getNodesByAddress(1379)) - Cannot find node for address 127.0.0.1
2023-12-10 08:56:06,891 [IPC Server handler 6 on default port 15001] WARN  node.SCMNodeManager (SCMNodeManager.java:getNodesByAddress(1374)) - address is null
2023-12-10 08:56:06,898 [IPC Server handler 7 on default port 15001] WARN  node.SCMNodeManager (SCMNodeManager.java:getNodesByAddress(1379)) - Cannot find node for address 127.0.0.1
2023-12-10 08:56:06,900 [IPC Server handler 9 on default port 15001] WARN  node.SCMNodeManager (SCMNodeManager.java:getNodesByAddress(1379)) - Cannot find node for address 127.0.0.1
2023-12-10 08:56:06,905 [IPC Server handler 16 on default port 15001] WARN  node.SCMNodeManager (SCMNodeManager.java:getNodesByAddress(1374)) - address is null
2023-12-10 08:56:06,914 [IPC Server handler 13 on default port 15001] WARN  node.SCMNodeManager (SCMNodeManager.java:getNodesByAddress(1379)) - Cannot find node for address 127.0.0.1
2023-12-10 08:56:06,922 [IPC Server handler 4 on default port 15001] WARN  node.SCMNodeManager (SCMNodeManager.java:getNodesByAddress(1379)) - Cannot find node for address 127.0.0.1
2023-12-10 08:56:06,928 [IPC Server handler 14 on default port 15001] WARN  node.SCMNodeManager (SCMNodeManager.java:getNodesByAddress(1374)) - address is null
2023-12-10 08:56:06,937 [IPC Server handler 5 on default port 15001] WARN  node.SCMNodeManager (SCMNodeManager.java:getNodesByAddress(1379)) - Cannot find node for address 127.0.0.1
2023-12-10 08:56:06,939 [IPC Server handler 10 on default port 15001] WARN  node.SCMNodeManager (SCMNodeManager.java:getNodesByAddress(1379)) - Cannot find node for address 127.0.0.1
2023-12-10 08:56:06,945 [IPC Server handler 17 on default port 15001] WARN  node.SCMNodeManager (SCMNodeManager.java:getNodesByAddress(1374)) - address is null
2023-12-10 08:56:06,953 [IPC Server handler 8 on default port 15001] WARN  node.SCMNodeManager (SCMNodeManager.java:getNodesByAddress(1379)) - Cannot find node for address 127.0.0.1
2023-12-10 08:56:06,955 [IPC Server handler 15 on default port 15001] WARN  node.SCMNodeManager (SCMNodeManager.java:getNodesByAddress(1379)) - Cannot find node for address 127.0.0.1
]]></system-out>
  </testcase>
  <testcase name="testPutKeyRatisThreeNodes" classname="org.apache.hadoop.ozone.client.rpc.TestOzoneRpcClientWithRatis" time="0.26">
    <system-out><![CDATA[2023-12-10 08:56:06,961 [main] INFO  rpc.RpcClient (RpcClient.java:createVolume(464)) - Creating Volume: bc0727f5-e74a-420d-8967-7aeabf45b219, with runner as owner and space quota set to -1 bytes, counts quota set to -1
2023-12-10 08:56:06,963 [om1-OMStateMachineApplyTransactionThread - 0] INFO  volume.OMVolumeCreateRequest (OMVolumeCreateRequest.java:validateAndUpdateCache(204)) - created volume:bc0727f5-e74a-420d-8967-7aeabf45b219 for user:runner
2023-12-10 08:56:06,964 [main] INFO  rpc.RpcClient (RpcClient.java:createBucket(691)) - Creating Bucket: bc0727f5-e74a-420d-8967-7aeabf45b219/c97bea6e-0c10-4dd7-81d3-62269c21de6d, with server-side default bucket layout, runner as owner, Versioning false, Storage Type set to DISK and Encryption set to false, Replication Type set to server-side default replication type, Namespace Quota set to -1, Space Quota set to -1 
2023-12-10 08:56:06,966 [om1-OMStateMachineApplyTransactionThread - 0] INFO  bucket.OMBucketCreateRequest (OMBucketCreateRequest.java:validateAndUpdateCache(299)) - created bucket: c97bea6e-0c10-4dd7-81d3-62269c21de6d of layout FILE_SYSTEM_OPTIMIZED in volume: bc0727f5-e74a-420d-8967-7aeabf45b219
2023-12-10 08:56:06,967 [IPC Server handler 11 on default port 15001] WARN  node.SCMNodeManager (SCMNodeManager.java:getNodesByAddress(1374)) - address is null
2023-12-10 08:56:06,996 [IPC Server handler 1 on default port 15001] WARN  node.SCMNodeManager (SCMNodeManager.java:getNodesByAddress(1379)) - Cannot find node for address 127.0.0.1
2023-12-10 08:56:06,998 [IPC Server handler 2 on default port 15001] WARN  node.SCMNodeManager (SCMNodeManager.java:getNodesByAddress(1379)) - Cannot find node for address 127.0.0.1
2023-12-10 08:56:07,011 [IPC Server handler 18 on default port 15001] WARN  node.SCMNodeManager (SCMNodeManager.java:getNodesByAddress(1374)) - address is null
2023-12-10 08:56:07,027 [IPC Server handler 12 on default port 15001] WARN  node.SCMNodeManager (SCMNodeManager.java:getNodesByAddress(1379)) - Cannot find node for address 127.0.0.1
2023-12-10 08:56:07,029 [IPC Server handler 3 on default port 15001] WARN  node.SCMNodeManager (SCMNodeManager.java:getNodesByAddress(1379)) - Cannot find node for address 127.0.0.1
2023-12-10 08:56:07,040 [IPC Server handler 19 on default port 15001] WARN  node.SCMNodeManager (SCMNodeManager.java:getNodesByAddress(1374)) - address is null
2023-12-10 08:56:07,053 [IPC Server handler 0 on default port 15001] WARN  node.SCMNodeManager (SCMNodeManager.java:getNodesByAddress(1379)) - Cannot find node for address 127.0.0.1
2023-12-10 08:56:07,055 [IPC Server handler 6 on default port 15001] WARN  node.SCMNodeManager (SCMNodeManager.java:getNodesByAddress(1379)) - Cannot find node for address 127.0.0.1
2023-12-10 08:56:07,063 [IPC Server handler 7 on default port 15001] WARN  node.SCMNodeManager (SCMNodeManager.java:getNodesByAddress(1374)) - address is null
2023-12-10 08:56:07,074 [IPC Server handler 9 on default port 15001] WARN  node.SCMNodeManager (SCMNodeManager.java:getNodesByAddress(1379)) - Cannot find node for address 127.0.0.1
2023-12-10 08:56:07,076 [IPC Server handler 16 on default port 15001] WARN  node.SCMNodeManager (SCMNodeManager.java:getNodesByAddress(1379)) - Cannot find node for address 127.0.0.1
2023-12-10 08:56:07,082 [IPC Server handler 13 on default port 15001] WARN  node.SCMNodeManager (SCMNodeManager.java:getNodesByAddress(1374)) - address is null
2023-12-10 08:56:07,093 [IPC Server handler 4 on default port 15001] WARN  node.SCMNodeManager (SCMNodeManager.java:getNodesByAddress(1379)) - Cannot find node for address 127.0.0.1
2023-12-10 08:56:07,095 [IPC Server handler 14 on default port 15001] WARN  node.SCMNodeManager (SCMNodeManager.java:getNodesByAddress(1379)) - Cannot find node for address 127.0.0.1
2023-12-10 08:56:07,106 [IPC Server handler 5 on default port 15001] WARN  node.SCMNodeManager (SCMNodeManager.java:getNodesByAddress(1374)) - address is null
2023-12-10 08:56:07,120 [IPC Server handler 10 on default port 15001] WARN  node.SCMNodeManager (SCMNodeManager.java:getNodesByAddress(1379)) - Cannot find node for address 127.0.0.1
2023-12-10 08:56:07,122 [IPC Server handler 17 on default port 15001] WARN  node.SCMNodeManager (SCMNodeManager.java:getNodesByAddress(1379)) - Cannot find node for address 127.0.0.1
2023-12-10 08:56:07,132 [IPC Server handler 8 on default port 15001] WARN  node.SCMNodeManager (SCMNodeManager.java:getNodesByAddress(1374)) - address is null
2023-12-10 08:56:07,144 [IPC Server handler 15 on default port 15001] WARN  node.SCMNodeManager (SCMNodeManager.java:getNodesByAddress(1379)) - Cannot find node for address 127.0.0.1
2023-12-10 08:56:07,145 [IPC Server handler 11 on default port 15001] WARN  node.SCMNodeManager (SCMNodeManager.java:getNodesByAddress(1379)) - Cannot find node for address 127.0.0.1
2023-12-10 08:56:07,157 [IPC Server handler 1 on default port 15001] WARN  node.SCMNodeManager (SCMNodeManager.java:getNodesByAddress(1374)) - address is null
2023-12-10 08:56:07,169 [IPC Server handler 2 on default port 15001] WARN  node.SCMNodeManager (SCMNodeManager.java:getNodesByAddress(1379)) - Cannot find node for address 127.0.0.1
2023-12-10 08:56:07,171 [IPC Server handler 18 on default port 15001] WARN  node.SCMNodeManager (SCMNodeManager.java:getNodesByAddress(1379)) - Cannot find node for address 127.0.0.1
2023-12-10 08:56:07,178 [IPC Server handler 12 on default port 15001] WARN  node.SCMNodeManager (SCMNodeManager.java:getNodesByAddress(1374)) - address is null
2023-12-10 08:56:07,194 [IPC Server handler 3 on default port 15001] WARN  node.SCMNodeManager (SCMNodeManager.java:getNodesByAddress(1379)) - Cannot find node for address 127.0.0.1
2023-12-10 08:56:07,195 [IPC Server handler 19 on default port 15001] WARN  node.SCMNodeManager (SCMNodeManager.java:getNodesByAddress(1379)) - Cannot find node for address 127.0.0.1
2023-12-10 08:56:07,200 [IPC Server handler 0 on default port 15001] WARN  node.SCMNodeManager (SCMNodeManager.java:getNodesByAddress(1374)) - address is null
2023-12-10 08:56:07,210 [IPC Server handler 6 on default port 15001] WARN  node.SCMNodeManager (SCMNodeManager.java:getNodesByAddress(1379)) - Cannot find node for address 127.0.0.1
2023-12-10 08:56:07,211 [IPC Server handler 7 on default port 15001] WARN  node.SCMNodeManager (SCMNodeManager.java:getNodesByAddress(1379)) - Cannot find node for address 127.0.0.1
]]></system-out>
  </testcase>
  <testcase name="testPutKeyRatisThreeNodesParallel" classname="org.apache.hadoop.ozone.client.rpc.TestOzoneRpcClientWithRatis" time="3.805">
    <system-out><![CDATA[2023-12-10 08:56:07,221 [main] INFO  rpc.RpcClient (RpcClient.java:createVolume(464)) - Creating Volume: b97f5935-e7ee-4f5b-85a7-aec39f4cd24f, with runner as owner and space quota set to -1 bytes, counts quota set to -1
2023-12-10 08:56:07,223 [om1-OMStateMachineApplyTransactionThread - 0] INFO  volume.OMVolumeCreateRequest (OMVolumeCreateRequest.java:validateAndUpdateCache(204)) - created volume:b97f5935-e7ee-4f5b-85a7-aec39f4cd24f for user:runner
2023-12-10 08:56:07,225 [main] INFO  rpc.RpcClient (RpcClient.java:createBucket(691)) - Creating Bucket: b97f5935-e7ee-4f5b-85a7-aec39f4cd24f/739718d6-da23-4c20-9af4-6a62360e5fc5, with server-side default bucket layout, runner as owner, Versioning false, Storage Type set to DISK and Encryption set to false, Replication Type set to server-side default replication type, Namespace Quota set to -1, Space Quota set to -1 
2023-12-10 08:56:07,226 [om1-OMStateMachineApplyTransactionThread - 0] INFO  bucket.OMBucketCreateRequest (OMBucketCreateRequest.java:validateAndUpdateCache(299)) - created bucket: 739718d6-da23-4c20-9af4-6a62360e5fc5 of layout FILE_SYSTEM_OPTIMIZED in volume: b97f5935-e7ee-4f5b-85a7-aec39f4cd24f
2023-12-10 08:56:07,343 [IPC Server handler 9 on default port 15001] WARN  node.SCMNodeManager (SCMNodeManager.java:getNodesByAddress(1374)) - address is null
2023-12-10 08:56:07,343 [IPC Server handler 9 on default port 15001] WARN  node.SCMNodeManager (SCMNodeManager.java:getNodesByAddress(1374)) - address is null
2023-12-10 08:56:07,343 [IPC Server handler 9 on default port 15001] WARN  node.SCMNodeManager (SCMNodeManager.java:getNodesByAddress(1374)) - address is null
2023-12-10 08:56:07,343 [IPC Server handler 9 on default port 15001] WARN  node.SCMNodeManager (SCMNodeManager.java:getNodesByAddress(1374)) - address is null
2023-12-10 08:56:07,352 [IPC Server handler 16 on default port 15001] WARN  node.SCMNodeManager (SCMNodeManager.java:getNodesByAddress(1374)) - address is null
2023-12-10 08:56:07,352 [IPC Server handler 16 on default port 15001] WARN  node.SCMNodeManager (SCMNodeManager.java:getNodesByAddress(1374)) - address is null
2023-12-10 08:56:07,353 [IPC Server handler 16 on default port 15001] WARN  node.SCMNodeManager (SCMNodeManager.java:getNodesByAddress(1374)) - address is null
2023-12-10 08:56:07,353 [IPC Server handler 16 on default port 15001] WARN  node.SCMNodeManager (SCMNodeManager.java:getNodesByAddress(1374)) - address is null
2023-12-10 08:56:07,604 [IPC Server handler 13 on default port 15001] WARN  node.SCMNodeManager (SCMNodeManager.java:getNodesByAddress(1379)) - Cannot find node for address 127.0.0.1
2023-12-10 08:56:07,605 [IPC Server handler 4 on default port 15001] WARN  node.SCMNodeManager (SCMNodeManager.java:getNodesByAddress(1379)) - Cannot find node for address 127.0.0.1
2023-12-10 08:56:07,606 [IPC Server handler 14 on default port 15001] WARN  node.SCMNodeManager (SCMNodeManager.java:getNodesByAddress(1379)) - Cannot find node for address 127.0.0.1
2023-12-10 08:56:07,608 [IPC Server handler 5 on default port 15001] WARN  node.SCMNodeManager (SCMNodeManager.java:getNodesByAddress(1379)) - Cannot find node for address 127.0.0.1
2023-12-10 08:56:07,609 [IPC Server handler 10 on default port 15001] WARN  node.SCMNodeManager (SCMNodeManager.java:getNodesByAddress(1379)) - Cannot find node for address 127.0.0.1
2023-12-10 08:56:07,610 [IPC Server handler 17 on default port 15001] WARN  node.SCMNodeManager (SCMNodeManager.java:getNodesByAddress(1379)) - Cannot find node for address 127.0.0.1
2023-12-10 08:56:07,614 [IPC Server handler 8 on default port 15001] WARN  node.SCMNodeManager (SCMNodeManager.java:getNodesByAddress(1379)) - Cannot find node for address 127.0.0.1
2023-12-10 08:56:07,615 [IPC Server handler 15 on default port 15001] WARN  node.SCMNodeManager (SCMNodeManager.java:getNodesByAddress(1379)) - Cannot find node for address 127.0.0.1
2023-12-10 08:56:07,617 [IPC Server handler 11 on default port 15001] WARN  node.SCMNodeManager (SCMNodeManager.java:getNodesByAddress(1379)) - Cannot find node for address 127.0.0.1
2023-12-10 08:56:07,618 [IPC Server handler 1 on default port 15001] WARN  node.SCMNodeManager (SCMNodeManager.java:getNodesByAddress(1379)) - Cannot find node for address 127.0.0.1
2023-12-10 08:56:07,869 [IPC Server handler 2 on default port 15001] WARN  node.SCMNodeManager (SCMNodeManager.java:getNodesByAddress(1374)) - address is null
2023-12-10 08:56:07,869 [IPC Server handler 2 on default port 15001] WARN  node.SCMNodeManager (SCMNodeManager.java:getNodesByAddress(1374)) - address is null
2023-12-10 08:56:07,869 [IPC Server handler 2 on default port 15001] WARN  node.SCMNodeManager (SCMNodeManager.java:getNodesByAddress(1374)) - address is null
2023-12-10 08:56:07,869 [IPC Server handler 2 on default port 15001] WARN  node.SCMNodeManager (SCMNodeManager.java:getNodesByAddress(1374)) - address is null
2023-12-10 08:56:07,902 [IPC Server handler 18 on default port 15001] WARN  node.SCMNodeManager (SCMNodeManager.java:getNodesByAddress(1374)) - address is null
2023-12-10 08:56:07,903 [IPC Server handler 18 on default port 15001] WARN  node.SCMNodeManager (SCMNodeManager.java:getNodesByAddress(1374)) - address is null
2023-12-10 08:56:07,903 [IPC Server handler 18 on default port 15001] WARN  node.SCMNodeManager (SCMNodeManager.java:getNodesByAddress(1374)) - address is null
2023-12-10 08:56:07,903 [IPC Server handler 18 on default port 15001] WARN  node.SCMNodeManager (SCMNodeManager.java:getNodesByAddress(1374)) - address is null
2023-12-10 08:56:08,112 [IPC Server handler 12 on default port 15001] WARN  node.SCMNodeManager (SCMNodeManager.java:getNodesByAddress(1379)) - Cannot find node for address 127.0.0.1
2023-12-10 08:56:08,113 [IPC Server handler 3 on default port 15001] WARN  node.SCMNodeManager (SCMNodeManager.java:getNodesByAddress(1379)) - Cannot find node for address 127.0.0.1
2023-12-10 08:56:08,113 [IPC Server handler 19 on default port 15001] WARN  node.SCMNodeManager (SCMNodeManager.java:getNodesByAddress(1379)) - Cannot find node for address 127.0.0.1
2023-12-10 08:56:08,115 [IPC Server handler 0 on default port 15001] WARN  node.SCMNodeManager (SCMNodeManager.java:getNodesByAddress(1379)) - Cannot find node for address 127.0.0.1
2023-12-10 08:56:08,116 [IPC Server handler 6 on default port 15001] WARN  node.SCMNodeManager (SCMNodeManager.java:getNodesByAddress(1379)) - Cannot find node for address 127.0.0.1
2023-12-10 08:56:08,116 [IPC Server handler 7 on default port 15001] WARN  node.SCMNodeManager (SCMNodeManager.java:getNodesByAddress(1379)) - Cannot find node for address 127.0.0.1
2023-12-10 08:56:08,155 [IPC Server handler 9 on default port 15001] WARN  node.SCMNodeManager (SCMNodeManager.java:getNodesByAddress(1379)) - Cannot find node for address 127.0.0.1
2023-12-10 08:56:08,155 [IPC Server handler 16 on default port 15001] WARN  node.SCMNodeManager (SCMNodeManager.java:getNodesByAddress(1379)) - Cannot find node for address 127.0.0.1
2023-12-10 08:56:08,157 [IPC Server handler 13 on default port 15001] WARN  node.SCMNodeManager (SCMNodeManager.java:getNodesByAddress(1379)) - Cannot find node for address 127.0.0.1
2023-12-10 08:56:08,158 [IPC Server handler 4 on default port 15001] WARN  node.SCMNodeManager (SCMNodeManager.java:getNodesByAddress(1379)) - Cannot find node for address 127.0.0.1
2023-12-10 08:56:08,346 [IPC Server handler 14 on default port 15001] WARN  node.SCMNodeManager (SCMNodeManager.java:getNodesByAddress(1374)) - address is null
2023-12-10 08:56:08,346 [IPC Server handler 14 on default port 15001] WARN  node.SCMNodeManager (SCMNodeManager.java:getNodesByAddress(1374)) - address is null
2023-12-10 08:56:08,346 [IPC Server handler 14 on default port 15001] WARN  node.SCMNodeManager (SCMNodeManager.java:getNodesByAddress(1374)) - address is null
2023-12-10 08:56:08,347 [IPC Server handler 14 on default port 15001] WARN  node.SCMNodeManager (SCMNodeManager.java:getNodesByAddress(1374)) - address is null
2023-12-10 08:56:08,384 [IPC Server handler 5 on default port 15001] WARN  node.SCMNodeManager (SCMNodeManager.java:getNodesByAddress(1374)) - address is null
2023-12-10 08:56:08,384 [IPC Server handler 5 on default port 15001] WARN  node.SCMNodeManager (SCMNodeManager.java:getNodesByAddress(1374)) - address is null
2023-12-10 08:56:08,385 [IPC Server handler 5 on default port 15001] WARN  node.SCMNodeManager (SCMNodeManager.java:getNodesByAddress(1374)) - address is null
2023-12-10 08:56:08,385 [IPC Server handler 5 on default port 15001] WARN  node.SCMNodeManager (SCMNodeManager.java:getNodesByAddress(1374)) - address is null
2023-12-10 08:56:08,821 [IPC Server handler 2 on default port 15001] WARN  node.SCMNodeManager (SCMNodeManager.java:getNodesByAddress(1379)) - Cannot find node for address 127.0.0.1
2023-12-10 08:56:08,823 [IPC Server handler 18 on default port 15001] WARN  node.SCMNodeManager (SCMNodeManager.java:getNodesByAddress(1379)) - Cannot find node for address 127.0.0.1
2023-12-10 08:56:08,823 [IPC Server handler 12 on default port 15001] WARN  node.SCMNodeManager (SCMNodeManager.java:getNodesByAddress(1379)) - Cannot find node for address 127.0.0.1
2023-12-10 08:56:08,828 [IPC Server handler 3 on default port 15001] WARN  node.SCMNodeManager (SCMNodeManager.java:getNodesByAddress(1379)) - Cannot find node for address 127.0.0.1
2023-12-10 08:56:08,828 [IPC Server handler 19 on default port 15001] WARN  node.SCMNodeManager (SCMNodeManager.java:getNodesByAddress(1379)) - Cannot find node for address 127.0.0.1
2023-12-10 08:56:08,829 [IPC Server handler 0 on default port 15001] WARN  node.SCMNodeManager (SCMNodeManager.java:getNodesByAddress(1379)) - Cannot find node for address 127.0.0.1
2023-12-10 08:56:08,872 [IPC Server handler 6 on default port 15001] WARN  node.SCMNodeManager (SCMNodeManager.java:getNodesByAddress(1379)) - Cannot find node for address 127.0.0.1
2023-12-10 08:56:08,873 [IPC Server handler 7 on default port 15001] WARN  node.SCMNodeManager (SCMNodeManager.java:getNodesByAddress(1379)) - Cannot find node for address 127.0.0.1
2023-12-10 08:56:08,874 [IPC Server handler 9 on default port 15001] WARN  node.SCMNodeManager (SCMNodeManager.java:getNodesByAddress(1379)) - Cannot find node for address 127.0.0.1
2023-12-10 08:56:08,876 [IPC Server handler 16 on default port 15001] WARN  node.SCMNodeManager (SCMNodeManager.java:getNodesByAddress(1379)) - Cannot find node for address 127.0.0.1
2023-12-10 08:56:08,876 [IPC Server handler 13 on default port 15001] WARN  node.SCMNodeManager (SCMNodeManager.java:getNodesByAddress(1379)) - Cannot find node for address 127.0.0.1
2023-12-10 08:56:08,877 [IPC Server handler 4 on default port 15001] WARN  node.SCMNodeManager (SCMNodeManager.java:getNodesByAddress(1379)) - Cannot find node for address 127.0.0.1
2023-12-10 08:56:09,088 [IPC Server handler 14 on default port 15001] WARN  node.SCMNodeManager (SCMNodeManager.java:getNodesByAddress(1374)) - address is null
2023-12-10 08:56:09,088 [IPC Server handler 14 on default port 15001] WARN  node.SCMNodeManager (SCMNodeManager.java:getNodesByAddress(1374)) - address is null
2023-12-10 08:56:09,088 [IPC Server handler 14 on default port 15001] WARN  node.SCMNodeManager (SCMNodeManager.java:getNodesByAddress(1374)) - address is null
2023-12-10 08:56:09,088 [IPC Server handler 14 on default port 15001] WARN  node.SCMNodeManager (SCMNodeManager.java:getNodesByAddress(1374)) - address is null
2023-12-10 08:56:09,123 [IPC Server handler 5 on default port 15001] WARN  node.SCMNodeManager (SCMNodeManager.java:getNodesByAddress(1374)) - address is null
2023-12-10 08:56:09,123 [IPC Server handler 5 on default port 15001] WARN  node.SCMNodeManager (SCMNodeManager.java:getNodesByAddress(1374)) - address is null
2023-12-10 08:56:09,123 [IPC Server handler 5 on default port 15001] WARN  node.SCMNodeManager (SCMNodeManager.java:getNodesByAddress(1374)) - address is null
2023-12-10 08:56:09,123 [IPC Server handler 5 on default port 15001] WARN  node.SCMNodeManager (SCMNodeManager.java:getNodesByAddress(1374)) - address is null
2023-12-10 08:56:09,292 [IPC Server handler 10 on default port 15001] WARN  node.SCMNodeManager (SCMNodeManager.java:getNodesByAddress(1379)) - Cannot find node for address 127.0.0.1
2023-12-10 08:56:09,292 [IPC Server handler 17 on default port 15001] WARN  node.SCMNodeManager (SCMNodeManager.java:getNodesByAddress(1379)) - Cannot find node for address 127.0.0.1
2023-12-10 08:56:09,293 [IPC Server handler 8 on default port 15001] WARN  node.SCMNodeManager (SCMNodeManager.java:getNodesByAddress(1379)) - Cannot find node for address 127.0.0.1
2023-12-10 08:56:09,295 [IPC Server handler 15 on default port 15001] WARN  node.SCMNodeManager (SCMNodeManager.java:getNodesByAddress(1379)) - Cannot find node for address 127.0.0.1
2023-12-10 08:56:09,296 [IPC Server handler 11 on default port 15001] WARN  node.SCMNodeManager (SCMNodeManager.java:getNodesByAddress(1379)) - Cannot find node for address 127.0.0.1
2023-12-10 08:56:09,296 [IPC Server handler 1 on default port 15001] WARN  node.SCMNodeManager (SCMNodeManager.java:getNodesByAddress(1379)) - Cannot find node for address 127.0.0.1
2023-12-10 08:56:09,323 [IPC Server handler 2 on default port 15001] WARN  node.SCMNodeManager (SCMNodeManager.java:getNodesByAddress(1379)) - Cannot find node for address 127.0.0.1
2023-12-10 08:56:09,324 [IPC Server handler 18 on default port 15001] WARN  node.SCMNodeManager (SCMNodeManager.java:getNodesByAddress(1379)) - Cannot find node for address 127.0.0.1
2023-12-10 08:56:09,324 [IPC Server handler 12 on default port 15001] WARN  node.SCMNodeManager (SCMNodeManager.java:getNodesByAddress(1379)) - Cannot find node for address 127.0.0.1
2023-12-10 08:56:09,328 [IPC Server handler 3 on default port 15001] WARN  node.SCMNodeManager (SCMNodeManager.java:getNodesByAddress(1379)) - Cannot find node for address 127.0.0.1
2023-12-10 08:56:09,329 [IPC Server handler 19 on default port 15001] WARN  node.SCMNodeManager (SCMNodeManager.java:getNodesByAddress(1379)) - Cannot find node for address 127.0.0.1
2023-12-10 08:56:09,329 [IPC Server handler 0 on default port 15001] WARN  node.SCMNodeManager (SCMNodeManager.java:getNodesByAddress(1379)) - Cannot find node for address 127.0.0.1
2023-12-10 08:56:09,469 [IPC Server handler 6 on default port 15001] WARN  node.SCMNodeManager (SCMNodeManager.java:getNodesByAddress(1374)) - address is null
2023-12-10 08:56:09,469 [IPC Server handler 6 on default port 15001] WARN  node.SCMNodeManager (SCMNodeManager.java:getNodesByAddress(1374)) - address is null
2023-12-10 08:56:09,469 [IPC Server handler 6 on default port 15001] WARN  node.SCMNodeManager (SCMNodeManager.java:getNodesByAddress(1374)) - address is null
2023-12-10 08:56:09,470 [IPC Server handler 6 on default port 15001] WARN  node.SCMNodeManager (SCMNodeManager.java:getNodesByAddress(1374)) - address is null
2023-12-10 08:56:09,502 [IPC Server handler 7 on default port 15001] WARN  node.SCMNodeManager (SCMNodeManager.java:getNodesByAddress(1374)) - address is null
2023-12-10 08:56:09,502 [IPC Server handler 7 on default port 15001] WARN  node.SCMNodeManager (SCMNodeManager.java:getNodesByAddress(1374)) - address is null
2023-12-10 08:56:09,502 [IPC Server handler 7 on default port 15001] WARN  node.SCMNodeManager (SCMNodeManager.java:getNodesByAddress(1374)) - address is null
2023-12-10 08:56:09,502 [IPC Server handler 7 on default port 15001] WARN  node.SCMNodeManager (SCMNodeManager.java:getNodesByAddress(1374)) - address is null
2023-12-10 08:56:10,909 [IPC Server handler 14 on default port 15001] WARN  node.SCMNodeManager (SCMNodeManager.java:getNodesByAddress(1379)) - Cannot find node for address 127.0.0.1
2023-12-10 08:56:10,913 [IPC Server handler 5 on default port 15001] WARN  node.SCMNodeManager (SCMNodeManager.java:getNodesByAddress(1379)) - Cannot find node for address 127.0.0.1
2023-12-10 08:56:10,915 [IPC Server handler 10 on default port 15001] WARN  node.SCMNodeManager (SCMNodeManager.java:getNodesByAddress(1379)) - Cannot find node for address 127.0.0.1
2023-12-10 08:56:10,916 [IPC Server handler 17 on default port 15001] WARN  node.SCMNodeManager (SCMNodeManager.java:getNodesByAddress(1379)) - Cannot find node for address 127.0.0.1
2023-12-10 08:56:10,935 [IPC Server handler 8 on default port 15001] WARN  node.SCMNodeManager (SCMNodeManager.java:getNodesByAddress(1379)) - Cannot find node for address 127.0.0.1
2023-12-10 08:56:10,937 [IPC Server handler 15 on default port 15001] WARN  node.SCMNodeManager (SCMNodeManager.java:getNodesByAddress(1379)) - Cannot find node for address 127.0.0.1
2023-12-10 08:56:10,938 [IPC Server handler 11 on default port 15001] WARN  node.SCMNodeManager (SCMNodeManager.java:getNodesByAddress(1379)) - Cannot find node for address 127.0.0.1
2023-12-10 08:56:10,940 [IPC Server handler 1 on default port 15001] WARN  node.SCMNodeManager (SCMNodeManager.java:getNodesByAddress(1379)) - Cannot find node for address 127.0.0.1
2023-12-10 08:56:10,940 [IPC Server handler 2 on default port 15001] WARN  node.SCMNodeManager (SCMNodeManager.java:getNodesByAddress(1379)) - Cannot find node for address 127.0.0.1
2023-12-10 08:56:10,941 [IPC Server handler 18 on default port 15001] WARN  node.SCMNodeManager (SCMNodeManager.java:getNodesByAddress(1379)) - Cannot find node for address 127.0.0.1
]]></system-out>
  </testcase>
  <testcase name="testPutKeyWithReplicationConfig(String, boolean)[1]" classname="org.apache.hadoop.ozone.client.rpc.TestOzoneRpcClientWithRatis" time="0.006">
    <system-out><![CDATA[2023-12-10 08:56:11,050 [main] INFO  rpc.RpcClient (RpcClient.java:createVolume(464)) - Creating Volume: 32b8bee0-d3d5-4bfc-83e7-0e9d88a6d1cd, with runner as owner and space quota set to -1 bytes, counts quota set to -1
2023-12-10 08:56:11,052 [om1-OMStateMachineApplyTransactionThread - 0] INFO  volume.OMVolumeCreateRequest (OMVolumeCreateRequest.java:validateAndUpdateCache(204)) - created volume:32b8bee0-d3d5-4bfc-83e7-0e9d88a6d1cd for user:runner
2023-12-10 08:56:11,053 [main] INFO  rpc.RpcClient (RpcClient.java:createBucket(691)) - Creating Bucket: 32b8bee0-d3d5-4bfc-83e7-0e9d88a6d1cd/182b6c73-829c-4764-adb4-358b2e6991ef, with server-side default bucket layout, runner as owner, Versioning false, Storage Type set to DISK and Encryption set to false, Replication Type set to server-side default replication type, Namespace Quota set to -1, Space Quota set to -1 
2023-12-10 08:56:11,054 [om1-OMStateMachineApplyTransactionThread - 0] INFO  bucket.OMBucketCreateRequest (OMBucketCreateRequest.java:validateAndUpdateCache(299)) - created bucket: 182b6c73-829c-4764-adb4-358b2e6991ef of layout FILE_SYSTEM_OPTIMIZED in volume: 32b8bee0-d3d5-4bfc-83e7-0e9d88a6d1cd
]]></system-out>
  </testcase>
  <testcase name="testPutKeyWithReplicationConfig(String, boolean)[2]" classname="org.apache.hadoop.ozone.client.rpc.TestOzoneRpcClientWithRatis" time="0.006">
    <system-out><![CDATA[2023-12-10 08:56:11,056 [main] INFO  rpc.RpcClient (RpcClient.java:createVolume(464)) - Creating Volume: 787c165b-29fa-43a5-869b-bf0d9fc2d3e3, with runner as owner and space quota set to -1 bytes, counts quota set to -1
2023-12-10 08:56:11,059 [om1-OMStateMachineApplyTransactionThread - 0] INFO  volume.OMVolumeCreateRequest (OMVolumeCreateRequest.java:validateAndUpdateCache(204)) - created volume:787c165b-29fa-43a5-869b-bf0d9fc2d3e3 for user:runner
2023-12-10 08:56:11,060 [main] INFO  rpc.RpcClient (RpcClient.java:createBucket(691)) - Creating Bucket: 787c165b-29fa-43a5-869b-bf0d9fc2d3e3/935d7761-c177-49cc-b4b7-c91e03e67c55, with server-side default bucket layout, runner as owner, Versioning false, Storage Type set to DISK and Encryption set to false, Replication Type set to server-side default replication type, Namespace Quota set to -1, Space Quota set to -1 
2023-12-10 08:56:11,061 [om1-OMStateMachineApplyTransactionThread - 0] INFO  bucket.OMBucketCreateRequest (OMBucketCreateRequest.java:validateAndUpdateCache(299)) - created bucket: 935d7761-c177-49cc-b4b7-c91e03e67c55 of layout FILE_SYSTEM_OPTIMIZED in volume: 787c165b-29fa-43a5-869b-bf0d9fc2d3e3
]]></system-out>
  </testcase>
  <testcase name="testPutKeyWithReplicationConfig(String, boolean)[3]" classname="org.apache.hadoop.ozone.client.rpc.TestOzoneRpcClientWithRatis" time="0.058">
    <system-out><![CDATA[2023-12-10 08:56:11,064 [main] INFO  rpc.RpcClient (RpcClient.java:createVolume(464)) - Creating Volume: 7cfdccef-855d-4864-8dbd-48228ac9b1a8, with runner as owner and space quota set to -1 bytes, counts quota set to -1
2023-12-10 08:56:11,066 [om1-OMStateMachineApplyTransactionThread - 0] INFO  volume.OMVolumeCreateRequest (OMVolumeCreateRequest.java:validateAndUpdateCache(204)) - created volume:7cfdccef-855d-4864-8dbd-48228ac9b1a8 for user:runner
2023-12-10 08:56:11,067 [main] INFO  rpc.RpcClient (RpcClient.java:createBucket(691)) - Creating Bucket: 7cfdccef-855d-4864-8dbd-48228ac9b1a8/bdfafbdd-c07c-4d0d-b27d-c4f2de38970f, with server-side default bucket layout, runner as owner, Versioning false, Storage Type set to DISK and Encryption set to false, Replication Type set to server-side default replication type, Namespace Quota set to -1, Space Quota set to -1 
2023-12-10 08:56:11,068 [om1-OMStateMachineApplyTransactionThread - 0] INFO  bucket.OMBucketCreateRequest (OMBucketCreateRequest.java:validateAndUpdateCache(299)) - created bucket: bdfafbdd-c07c-4d0d-b27d-c4f2de38970f of layout FILE_SYSTEM_OPTIMIZED in volume: 7cfdccef-855d-4864-8dbd-48228ac9b1a8
2023-12-10 08:56:11,070 [IPC Server handler 12 on default port 15001] WARN  node.SCMNodeManager (SCMNodeManager.java:getNodesByAddress(1374)) - address is null
2023-12-10 08:56:11,117 [IPC Server handler 3 on default port 15001] WARN  node.SCMNodeManager (SCMNodeManager.java:getNodesByAddress(1379)) - Cannot find node for address 127.0.0.1
2023-12-10 08:56:11,118 [IPC Server handler 19 on default port 15001] WARN  node.SCMNodeManager (SCMNodeManager.java:getNodesByAddress(1379)) - Cannot find node for address 127.0.0.1
]]></system-out>
  </testcase>
  <testcase name="testPutKeyWithReplicationConfig(String, boolean)[4]" classname="org.apache.hadoop.ozone.client.rpc.TestOzoneRpcClientWithRatis" time="0.093">
    <system-out><![CDATA[2023-12-10 08:56:11,122 [main] INFO  rpc.RpcClient (RpcClient.java:createVolume(464)) - Creating Volume: 0348eb72-ce50-4e64-af70-524d26d834b9, with runner as owner and space quota set to -1 bytes, counts quota set to -1
2023-12-10 08:56:11,124 [om1-OMStateMachineApplyTransactionThread - 0] INFO  volume.OMVolumeCreateRequest (OMVolumeCreateRequest.java:validateAndUpdateCache(204)) - created volume:0348eb72-ce50-4e64-af70-524d26d834b9 for user:runner
2023-12-10 08:56:11,125 [main] INFO  rpc.RpcClient (RpcClient.java:createBucket(691)) - Creating Bucket: 0348eb72-ce50-4e64-af70-524d26d834b9/053b96fa-f101-475d-bde0-df2614bf43d7, with server-side default bucket layout, runner as owner, Versioning false, Storage Type set to DISK and Encryption set to false, Replication Type set to server-side default replication type, Namespace Quota set to -1, Space Quota set to -1 
2023-12-10 08:56:11,126 [om1-OMStateMachineApplyTransactionThread - 0] INFO  bucket.OMBucketCreateRequest (OMBucketCreateRequest.java:validateAndUpdateCache(299)) - created bucket: 053b96fa-f101-475d-bde0-df2614bf43d7 of layout FILE_SYSTEM_OPTIMIZED in volume: 0348eb72-ce50-4e64-af70-524d26d834b9
2023-12-10 08:56:11,128 [IPC Server handler 0 on default port 15001] INFO  algorithms.SCMContainerPlacementRackScatter (SCMContainerPlacementRackScatter.java:chooseDatanodesInternal(370)) - Chosen nodes: [ceafc0c7-af9d-4de4-ae81-ea841051c606(fv-az1041-125/10.1.0.29), 383c3691-e37d-4704-9b62-3f343d93bad0(fv-az1041-125/10.1.0.29), 8dd44b09-e567-4f6d-9d18-042062af3319(fv-az1041-125/10.1.0.29), edd7aebe-e713-4899-b982-ee5b12165735(fv-az1041-125/10.1.0.29), 173e1c01-ab9b-4bd4-a1fb-1dc9b7180747(fv-az1041-125/10.1.0.29), 1325fac8-4950-4fd4-a580-526da936db2d(fv-az1041-125/10.1.0.29), 739b2b9a-4a10-4b30-8d82-41f2f3567ae9(fv-az1041-125/10.1.0.29), 8170aa16-323e-44de-b8c0-3f99a1184856(fv-az1041-125/10.1.0.29), 7f393458-131e-4136-815e-5cd248d38671(fv-az1041-125/10.1.0.29)]. isPolicySatisfied: true.
2023-12-10 08:56:11,130 [IPC Server handler 0 on default port 15001] INFO  pipeline.WritableECContainerProvider (WritableECContainerProvider.java:allocateContainer(211)) - Created and opened new pipeline Pipeline[ Id: 04c0c15b-1f39-46db-9399-33c76e6ef9bb, Nodes: ceafc0c7-af9d-4de4-ae81-ea841051c606(fv-az1041-125/10.1.0.29)383c3691-e37d-4704-9b62-3f343d93bad0(fv-az1041-125/10.1.0.29)8dd44b09-e567-4f6d-9d18-042062af3319(fv-az1041-125/10.1.0.29)edd7aebe-e713-4899-b982-ee5b12165735(fv-az1041-125/10.1.0.29)173e1c01-ab9b-4bd4-a1fb-1dc9b7180747(fv-az1041-125/10.1.0.29)1325fac8-4950-4fd4-a580-526da936db2d(fv-az1041-125/10.1.0.29)739b2b9a-4a10-4b30-8d82-41f2f3567ae9(fv-az1041-125/10.1.0.29)8170aa16-323e-44de-b8c0-3f99a1184856(fv-az1041-125/10.1.0.29)7f393458-131e-4136-815e-5cd248d38671(fv-az1041-125/10.1.0.29), ReplicationConfig: EC{rs-6-3-1024k}, State:ALLOCATED, leaderId:, CreationTimestamp2023-12-10T08:56:11.129Z[Etc/UTC]]
2023-12-10 08:56:11,130 [IPC Server handler 0 on default port 15001] WARN  node.SCMNodeManager (SCMNodeManager.java:getNodesByAddress(1374)) - address is null
2023-12-10 08:56:11,210 [IPC Server handler 6 on default port 15001] WARN  node.SCMNodeManager (SCMNodeManager.java:getNodesByAddress(1379)) - Cannot find node for address 127.0.0.1
2023-12-10 08:56:11,212 [IPC Server handler 7 on default port 15001] WARN  node.SCMNodeManager (SCMNodeManager.java:getNodesByAddress(1379)) - Cannot find node for address 127.0.0.1
]]></system-out>
  </testcase>
  <testcase name="testPutKeyWithReplicationConfig(String, boolean)[5]" classname="org.apache.hadoop.ozone.client.rpc.TestOzoneRpcClientWithRatis" time="0.112">
    <system-out><![CDATA[2023-12-10 08:56:11,216 [main] INFO  rpc.RpcClient (RpcClient.java:createVolume(464)) - Creating Volume: e4d5a95b-df25-4519-8e3c-4926760e6169, with runner as owner and space quota set to -1 bytes, counts quota set to -1
2023-12-10 08:56:11,220 [om1-OMStateMachineApplyTransactionThread - 0] INFO  volume.OMVolumeCreateRequest (OMVolumeCreateRequest.java:validateAndUpdateCache(204)) - created volume:e4d5a95b-df25-4519-8e3c-4926760e6169 for user:runner
2023-12-10 08:56:11,221 [main] INFO  rpc.RpcClient (RpcClient.java:createBucket(691)) - Creating Bucket: e4d5a95b-df25-4519-8e3c-4926760e6169/557661e2-c281-4588-9a75-a7e20cb00722, with server-side default bucket layout, runner as owner, Versioning false, Storage Type set to DISK and Encryption set to false, Replication Type set to server-side default replication type, Namespace Quota set to -1, Space Quota set to -1 
2023-12-10 08:56:11,223 [om1-OMStateMachineApplyTransactionThread - 0] INFO  bucket.OMBucketCreateRequest (OMBucketCreateRequest.java:validateAndUpdateCache(299)) - created bucket: 557661e2-c281-4588-9a75-a7e20cb00722 of layout FILE_SYSTEM_OPTIMIZED in volume: e4d5a95b-df25-4519-8e3c-4926760e6169
2023-12-10 08:56:11,225 [IPC Server handler 9 on default port 15001] INFO  algorithms.SCMContainerPlacementRackScatter (SCMContainerPlacementRackScatter.java:chooseDatanodesInternal(370)) - Chosen nodes: [7f393458-131e-4136-815e-5cd248d38671(fv-az1041-125/10.1.0.29), ceafc0c7-af9d-4de4-ae81-ea841051c606(fv-az1041-125/10.1.0.29), 1325fac8-4950-4fd4-a580-526da936db2d(fv-az1041-125/10.1.0.29), ab6f04f4-5b2e-49ed-8ed6-18cca86f2b6f(fv-az1041-125/10.1.0.29), 69d4baa6-4398-472b-b8bb-6c5f70797a5a(fv-az1041-125/10.1.0.29), 173e1c01-ab9b-4bd4-a1fb-1dc9b7180747(fv-az1041-125/10.1.0.29), 383c3691-e37d-4704-9b62-3f343d93bad0(fv-az1041-125/10.1.0.29), 8dd44b09-e567-4f6d-9d18-042062af3319(fv-az1041-125/10.1.0.29), d585e390-d9b9-49cd-b5b8-386dd9d89b96(fv-az1041-125/10.1.0.29), edd7aebe-e713-4899-b982-ee5b12165735(fv-az1041-125/10.1.0.29), 8170aa16-323e-44de-b8c0-3f99a1184856(fv-az1041-125/10.1.0.29), 739b2b9a-4a10-4b30-8d82-41f2f3567ae9(fv-az1041-125/10.1.0.29), 9d33b5cf-046b-45d3-8518-fd69107da003(fv-az1041-125/10.1.0.29), 71fa9327-596e-4bfe-b86f-33f6bdf50532(fv-az1041-125/10.1.0.29)]. isPolicySatisfied: true.
2023-12-10 08:56:11,227 [IPC Server handler 9 on default port 15001] INFO  pipeline.WritableECContainerProvider (WritableECContainerProvider.java:allocateContainer(211)) - Created and opened new pipeline Pipeline[ Id: 4118585c-2ef3-4f36-963f-3502a8ad1dcd, Nodes: 7f393458-131e-4136-815e-5cd248d38671(fv-az1041-125/10.1.0.29)ceafc0c7-af9d-4de4-ae81-ea841051c606(fv-az1041-125/10.1.0.29)1325fac8-4950-4fd4-a580-526da936db2d(fv-az1041-125/10.1.0.29)ab6f04f4-5b2e-49ed-8ed6-18cca86f2b6f(fv-az1041-125/10.1.0.29)69d4baa6-4398-472b-b8bb-6c5f70797a5a(fv-az1041-125/10.1.0.29)173e1c01-ab9b-4bd4-a1fb-1dc9b7180747(fv-az1041-125/10.1.0.29)383c3691-e37d-4704-9b62-3f343d93bad0(fv-az1041-125/10.1.0.29)8dd44b09-e567-4f6d-9d18-042062af3319(fv-az1041-125/10.1.0.29)d585e390-d9b9-49cd-b5b8-386dd9d89b96(fv-az1041-125/10.1.0.29)edd7aebe-e713-4899-b982-ee5b12165735(fv-az1041-125/10.1.0.29)8170aa16-323e-44de-b8c0-3f99a1184856(fv-az1041-125/10.1.0.29)739b2b9a-4a10-4b30-8d82-41f2f3567ae9(fv-az1041-125/10.1.0.29)9d33b5cf-046b-45d3-8518-fd69107da003(fv-az1041-125/10.1.0.29)71fa9327-596e-4bfe-b86f-33f6bdf50532(fv-az1041-125/10.1.0.29), ReplicationConfig: EC{rs-10-4-1024k}, State:ALLOCATED, leaderId:, CreationTimestamp2023-12-10T08:56:11.225Z[Etc/UTC]]
2023-12-10 08:56:11,228 [IPC Server handler 9 on default port 15001] WARN  node.SCMNodeManager (SCMNodeManager.java:getNodesByAddress(1374)) - address is null
2023-12-10 08:56:11,320 [IPC Server handler 16 on default port 15001] WARN  node.SCMNodeManager (SCMNodeManager.java:getNodesByAddress(1379)) - Cannot find node for address 127.0.0.1
2023-12-10 08:56:11,322 [IPC Server handler 13 on default port 15001] WARN  node.SCMNodeManager (SCMNodeManager.java:getNodesByAddress(1379)) - Cannot find node for address 127.0.0.1
]]></system-out>
  </testcase>
  <testcase name="testReadKeyWithCorruptedData" classname="org.apache.hadoop.ozone.client.rpc.TestOzoneRpcClientWithRatis" time="0.068">
    <system-out><![CDATA[2023-12-10 08:56:11,330 [main] INFO  rpc.RpcClient (RpcClient.java:createVolume(464)) - Creating Volume: 59f634eb-1755-4610-9eb9-b99e9eaead56, with runner as owner and space quota set to -1 bytes, counts quota set to -1
2023-12-10 08:56:11,331 [om1-OMStateMachineApplyTransactionThread - 0] INFO  volume.OMVolumeCreateRequest (OMVolumeCreateRequest.java:validateAndUpdateCache(204)) - created volume:59f634eb-1755-4610-9eb9-b99e9eaead56 for user:runner
2023-12-10 08:56:11,332 [main] INFO  rpc.RpcClient (RpcClient.java:createBucket(691)) - Creating Bucket: 59f634eb-1755-4610-9eb9-b99e9eaead56/fd7bc788-dd44-410e-9bdf-c55bf80f4552, with server-side default bucket layout, runner as owner, Versioning false, Storage Type set to DISK and Encryption set to false, Replication Type set to server-side default replication type, Namespace Quota set to -1, Space Quota set to -1 
2023-12-10 08:56:11,333 [om1-OMStateMachineApplyTransactionThread - 0] INFO  bucket.OMBucketCreateRequest (OMBucketCreateRequest.java:validateAndUpdateCache(299)) - created bucket: fd7bc788-dd44-410e-9bdf-c55bf80f4552 of layout FILE_SYSTEM_OPTIMIZED in volume: 59f634eb-1755-4610-9eb9-b99e9eaead56
2023-12-10 08:56:11,335 [IPC Server handler 4 on default port 15001] WARN  node.SCMNodeManager (SCMNodeManager.java:getNodesByAddress(1374)) - address is null
2023-12-10 08:56:11,342 [IPC Server handler 14 on default port 15001] WARN  node.SCMNodeManager (SCMNodeManager.java:getNodesByAddress(1379)) - Cannot find node for address 127.0.0.1
2023-12-10 08:56:11,390 [IPC Server handler 5 on default port 15001] WARN  node.SCMNodeManager (SCMNodeManager.java:getNodesByAddress(1379)) - Cannot find node for address 127.0.0.1
2023-12-10 08:56:11,393 [main] ERROR scm.XceiverClientGrpc (XceiverClientGrpc.java:sendCommandWithRetry(452)) - Failed to execute command ReadChunk on the pipeline Pipeline[ Id: 0e31ffd7-807d-4cd9-9b21-880eb54c8ef0, Nodes: 383c3691-e37d-4704-9b62-3f343d93bad0(fv-az1041-125/10.1.0.29), ReplicationConfig: STANDALONE/ONE, State:OPEN, leaderId:383c3691-e37d-4704-9b62-3f343d93bad0, CreationTimestamp2023-12-10T08:55:38.739Z[Etc/UTC]].
2023-12-10 08:56:11,395 [main] ERROR scm.XceiverClientGrpc (XceiverClientGrpc.java:sendCommandWithRetry(452)) - Failed to execute command ReadChunk on the pipeline Pipeline[ Id: 0e31ffd7-807d-4cd9-9b21-880eb54c8ef0, Nodes: 383c3691-e37d-4704-9b62-3f343d93bad0(fv-az1041-125/10.1.0.29), ReplicationConfig: STANDALONE/ONE, State:OPEN, leaderId:383c3691-e37d-4704-9b62-3f343d93bad0, CreationTimestamp2023-12-10T08:55:38.739Z[Etc/UTC]].
2023-12-10 08:56:11,396 [main] ERROR scm.XceiverClientGrpc (XceiverClientGrpc.java:sendCommandWithRetry(452)) - Failed to execute command ReadChunk on the pipeline Pipeline[ Id: 0e31ffd7-807d-4cd9-9b21-880eb54c8ef0, Nodes: 383c3691-e37d-4704-9b62-3f343d93bad0(fv-az1041-125/10.1.0.29), ReplicationConfig: STANDALONE/ONE, State:OPEN, leaderId:383c3691-e37d-4704-9b62-3f343d93bad0, CreationTimestamp2023-12-10T08:55:38.739Z[Etc/UTC]].
]]></system-out>
  </testcase>
  <testcase name="testReadKeyWithCorruptedDataWithMutiNodes" classname="org.apache.hadoop.ozone.client.rpc.TestOzoneRpcClientWithRatis" time="0.083">
    <system-out><![CDATA[2023-12-10 08:56:11,397 [main] INFO  rpc.RpcClient (RpcClient.java:createVolume(464)) - Creating Volume: e71b7e18-f953-4981-8a65-0d546d0a2d59, with runner as owner and space quota set to -1 bytes, counts quota set to -1
2023-12-10 08:56:11,398 [om1-OMStateMachineApplyTransactionThread - 0] INFO  volume.OMVolumeCreateRequest (OMVolumeCreateRequest.java:validateAndUpdateCache(204)) - created volume:e71b7e18-f953-4981-8a65-0d546d0a2d59 for user:runner
2023-12-10 08:56:11,399 [main] INFO  rpc.RpcClient (RpcClient.java:createBucket(691)) - Creating Bucket: e71b7e18-f953-4981-8a65-0d546d0a2d59/6317ff1e-481d-46f9-8b50-b1241e60b864, with server-side default bucket layout, runner as owner, Versioning false, Storage Type set to DISK and Encryption set to false, Replication Type set to server-side default replication type, Namespace Quota set to -1, Space Quota set to -1 
2023-12-10 08:56:11,400 [om1-OMStateMachineApplyTransactionThread - 0] INFO  bucket.OMBucketCreateRequest (OMBucketCreateRequest.java:validateAndUpdateCache(299)) - created bucket: 6317ff1e-481d-46f9-8b50-b1241e60b864 of layout FILE_SYSTEM_OPTIMIZED in volume: e71b7e18-f953-4981-8a65-0d546d0a2d59
2023-12-10 08:56:11,402 [IPC Server handler 10 on default port 15001] WARN  node.SCMNodeManager (SCMNodeManager.java:getNodesByAddress(1374)) - address is null
2023-12-10 08:56:11,411 [IPC Server handler 17 on default port 15001] WARN  node.SCMNodeManager (SCMNodeManager.java:getNodesByAddress(1379)) - Cannot find node for address 127.0.0.1
2023-12-10 08:56:11,426 [IPC Server handler 8 on default port 15001] WARN  node.SCMNodeManager (SCMNodeManager.java:getNodesByAddress(1379)) - Cannot find node for address 127.0.0.1
2023-12-10 08:56:11,443 [IPC Server handler 15 on default port 15001] WARN  node.SCMNodeManager (SCMNodeManager.java:getNodesByAddress(1379)) - Cannot find node for address 127.0.0.1
2023-12-10 08:56:11,454 [IPC Server handler 11 on default port 15001] WARN  node.SCMNodeManager (SCMNodeManager.java:getNodesByAddress(1379)) - Cannot find node for address 127.0.0.1
2023-12-10 08:56:11,457 [main] ERROR scm.XceiverClientGrpc (XceiverClientGrpc.java:sendCommandWithRetry(452)) - Failed to execute command ReadChunk on the pipeline Pipeline[ Id: f61d75ec-e88f-4c7b-915f-8b162c13ffa2, Nodes: 1325fac8-4950-4fd4-a580-526da936db2d(fv-az1041-125/10.1.0.29)9d33b5cf-046b-45d3-8518-fd69107da003(fv-az1041-125/10.1.0.29)739b2b9a-4a10-4b30-8d82-41f2f3567ae9(fv-az1041-125/10.1.0.29), ReplicationConfig: STANDALONE/THREE, State:OPEN, leaderId:9d33b5cf-046b-45d3-8518-fd69107da003, CreationTimestamp2023-12-10T08:55:30.382Z[Etc/UTC]].
2023-12-10 08:56:11,457 [main] WARN  storage.ContainerProtocolCalls (ContainerProtocolCalls.java:tryEachDatanode(150)) - Failed to read chunk 111677748019200367_chunk_1 (len=12) conID: 4 locID: 111677748019200367 bcsId: 214 from 9d33b5cf-046b-45d3-8518-fd69107da003(fv-az1041-125/10.1.0.29); will try another datanode.
org.apache.hadoop.ozone.common.OzoneChecksumException: Checksum mismatch at index 0
	at org.apache.hadoop.ozone.common.ChecksumData.verifyChecksumDataMatches(ChecksumData.java:139)
	at org.apache.hadoop.ozone.common.Checksum.verifyChecksum(Checksum.java:300)
	at org.apache.hadoop.hdds.scm.storage.ChunkInputStream.validateChunk(ChunkInputStream.java:488)
	at org.apache.hadoop.hdds.scm.XceiverClientGrpc.sendCommandWithRetry(XceiverClientGrpc.java:409)
	at org.apache.hadoop.hdds.scm.XceiverClientGrpc.lambda$sendCommandWithTraceIDAndRetry$0(XceiverClientGrpc.java:349)
	at org.apache.hadoop.hdds.tracing.TracingUtil.executeInSpan(TracingUtil.java:169)
	at org.apache.hadoop.hdds.tracing.TracingUtil.executeInNewSpan(TracingUtil.java:149)
	at org.apache.hadoop.hdds.scm.XceiverClientGrpc.sendCommandWithTraceIDAndRetry(XceiverClientGrpc.java:344)
	at org.apache.hadoop.hdds.scm.XceiverClientGrpc.sendCommand(XceiverClientGrpc.java:325)
	at org.apache.hadoop.hdds.scm.storage.ContainerProtocolCalls.readChunk(ContainerProtocolCalls.java:356)
	at org.apache.hadoop.hdds.scm.storage.ContainerProtocolCalls.lambda$readChunk$2(ContainerProtocolCalls.java:343)
	at org.apache.hadoop.hdds.scm.storage.ContainerProtocolCalls.tryEachDatanode(ContainerProtocolCalls.java:146)
	at org.apache.hadoop.hdds.scm.storage.ContainerProtocolCalls.readChunk(ContainerProtocolCalls.java:342)
	at org.apache.hadoop.hdds.scm.storage.ChunkInputStream.readChunk(ChunkInputStream.java:425)
	at org.apache.hadoop.hdds.scm.storage.ChunkInputStream.readChunkDataIntoBuffers(ChunkInputStream.java:402)
	at org.apache.hadoop.hdds.scm.storage.ChunkInputStream.readChunkFromContainer(ChunkInputStream.java:387)
	at org.apache.hadoop.hdds.scm.storage.ChunkInputStream.prepareRead(ChunkInputStream.java:329)
	at org.apache.hadoop.hdds.scm.storage.ChunkInputStream.read(ChunkInputStream.java:173)
	at org.apache.hadoop.hdds.scm.storage.ByteArrayReader.readFromBlock(ByteArrayReader.java:54)
	at org.apache.hadoop.hdds.scm.storage.BlockInputStream.readWithStrategy(BlockInputStream.java:354)
	at org.apache.hadoop.hdds.scm.storage.ExtendedInputStream.read(ExtendedInputStream.java:56)
	at org.apache.hadoop.hdds.scm.storage.ByteArrayReader.readFromBlock(ByteArrayReader.java:54)
	at org.apache.hadoop.hdds.scm.storage.MultipartInputStream.readWithStrategy(MultipartInputStream.java:96)
	at org.apache.hadoop.hdds.scm.storage.ExtendedInputStream.read(ExtendedInputStream.java:56)
	at org.apache.hadoop.ozone.client.io.OzoneInputStream.read(OzoneInputStream.java:56)
	at java.io.InputStream.read(InputStream.java:101)
	at org.apache.hadoop.ozone.client.rpc.TestOzoneRpcClientAbstract.testReadKeyWithCorruptedDataWithMutiNodes(TestOzoneRpcClientAbstract.java:2096)
	at sun.reflect.NativeMethodAccessorImpl.invoke0(Native Method)
	at sun.reflect.NativeMethodAccessorImpl.invoke(NativeMethodAccessorImpl.java:62)
	at sun.reflect.DelegatingMethodAccessorImpl.invoke(DelegatingMethodAccessorImpl.java:43)
	at java.lang.reflect.Method.invoke(Method.java:498)
	at org.junit.platform.commons.util.ReflectionUtils.invokeMethod(ReflectionUtils.java:725)
	at org.junit.jupiter.engine.execution.MethodInvocation.proceed(MethodInvocation.java:60)
	at org.junit.jupiter.engine.execution.InvocationInterceptorChain$ValidatingInvocation.proceed(InvocationInterceptorChain.java:131)
	at org.junit.jupiter.engine.extension.TimeoutExtension.intercept(TimeoutExtension.java:149)
	at org.junit.jupiter.engine.extension.TimeoutExtension.interceptTestableMethod(TimeoutExtension.java:140)
	at org.junit.jupiter.engine.extension.TimeoutExtension.interceptTestMethod(TimeoutExtension.java:84)
	at org.junit.jupiter.engine.execution.ExecutableInvoker$ReflectiveInterceptorCall.lambda$ofVoidMethod$0(ExecutableInvoker.java:115)
	at org.junit.jupiter.engine.execution.ExecutableInvoker.lambda$invoke$0(ExecutableInvoker.java:105)
	at org.junit.jupiter.engine.execution.InvocationInterceptorChain$InterceptedInvocation.proceed(InvocationInterceptorChain.java:106)
	at org.junit.jupiter.engine.execution.InvocationInterceptorChain.proceed(InvocationInterceptorChain.java:64)
	at org.junit.jupiter.engine.execution.InvocationInterceptorChain.chainAndInvoke(InvocationInterceptorChain.java:45)
	at org.junit.jupiter.engine.execution.InvocationInterceptorChain.invoke(InvocationInterceptorChain.java:37)
	at org.junit.jupiter.engine.execution.ExecutableInvoker.invoke(ExecutableInvoker.java:104)
	at org.junit.jupiter.engine.execution.ExecutableInvoker.invoke(ExecutableInvoker.java:98)
	at org.junit.jupiter.engine.descriptor.TestMethodTestDescriptor.lambda$invokeTestMethod$7(TestMethodTestDescriptor.java:214)
	at org.junit.platform.engine.support.hierarchical.ThrowableCollector.execute(ThrowableCollector.java:73)
	at org.junit.jupiter.engine.descriptor.TestMethodTestDescriptor.invokeTestMethod(TestMethodTestDescriptor.java:210)
	at org.junit.jupiter.engine.descriptor.TestMethodTestDescriptor.execute(TestMethodTestDescriptor.java:135)
	at org.junit.jupiter.engine.descriptor.TestMethodTestDescriptor.execute(TestMethodTestDescriptor.java:66)
	at org.junit.platform.engine.support.hierarchical.NodeTestTask.lambda$executeRecursively$6(NodeTestTask.java:151)
	at org.junit.platform.engine.support.hierarchical.ThrowableCollector.execute(ThrowableCollector.java:73)
	at org.junit.platform.engine.support.hierarchical.NodeTestTask.lambda$executeRecursively$8(NodeTestTask.java:141)
	at org.junit.platform.engine.support.hierarchical.Node.around(Node.java:137)
	at org.junit.platform.engine.support.hierarchical.NodeTestTask.lambda$executeRecursively$9(NodeTestTask.java:139)
	at org.junit.platform.engine.support.hierarchical.ThrowableCollector.execute(ThrowableCollector.java:73)
	at org.junit.platform.engine.support.hierarchical.NodeTestTask.executeRecursively(NodeTestTask.java:138)
	at org.junit.platform.engine.support.hierarchical.NodeTestTask.execute(NodeTestTask.java:95)
	at java.util.ArrayList.forEach(ArrayList.java:1259)
	at org.junit.platform.engine.support.hierarchical.SameThreadHierarchicalTestExecutorService.invokeAll(SameThreadHierarchicalTestExecutorService.java:41)
	at org.junit.platform.engine.support.hierarchical.NodeTestTask.lambda$executeRecursively$6(NodeTestTask.java:155)
	at org.junit.platform.engine.support.hierarchical.ThrowableCollector.execute(ThrowableCollector.java:73)
	at org.junit.platform.engine.support.hierarchical.NodeTestTask.lambda$executeRecursively$8(NodeTestTask.java:141)
	at org.junit.platform.engine.support.hierarchical.Node.around(Node.java:137)
	at org.junit.platform.engine.support.hierarchical.NodeTestTask.lambda$executeRecursively$9(NodeTestTask.java:139)
	at org.junit.platform.engine.support.hierarchical.ThrowableCollector.execute(ThrowableCollector.java:73)
	at org.junit.platform.engine.support.hierarchical.NodeTestTask.executeRecursively(NodeTestTask.java:138)
	at org.junit.platform.engine.support.hierarchical.NodeTestTask.execute(NodeTestTask.java:95)
	at java.util.ArrayList.forEach(ArrayList.java:1259)
	at org.junit.platform.engine.support.hierarchical.SameThreadHierarchicalTestExecutorService.invokeAll(SameThreadHierarchicalTestExecutorService.java:41)
	at org.junit.platform.engine.support.hierarchical.NodeTestTask.lambda$executeRecursively$6(NodeTestTask.java:155)
	at org.junit.platform.engine.support.hierarchical.ThrowableCollector.execute(ThrowableCollector.java:73)
	at org.junit.platform.engine.support.hierarchical.NodeTestTask.lambda$executeRecursively$8(NodeTestTask.java:141)
	at org.junit.platform.engine.support.hierarchical.Node.around(Node.java:137)
	at org.junit.platform.engine.support.hierarchical.NodeTestTask.lambda$executeRecursively$9(NodeTestTask.java:139)
	at org.junit.platform.engine.support.hierarchical.ThrowableCollector.execute(ThrowableCollector.java:73)
	at org.junit.platform.engine.support.hierarchical.NodeTestTask.executeRecursively(NodeTestTask.java:138)
	at org.junit.platform.engine.support.hierarchical.NodeTestTask.execute(NodeTestTask.java:95)
	at org.junit.platform.engine.support.hierarchical.SameThreadHierarchicalTestExecutorService.submit(SameThreadHierarchicalTestExecutorService.java:35)
	at org.junit.platform.engine.support.hierarchical.HierarchicalTestExecutor.execute(HierarchicalTestExecutor.java:57)
	at org.junit.platform.engine.support.hierarchical.HierarchicalTestEngine.execute(HierarchicalTestEngine.java:54)
	at org.junit.platform.launcher.core.EngineExecutionOrchestrator.execute(EngineExecutionOrchestrator.java:107)
	at org.junit.platform.launcher.core.EngineExecutionOrchestrator.execute(EngineExecutionOrchestrator.java:88)
	at org.junit.platform.launcher.core.EngineExecutionOrchestrator.lambda$execute$0(EngineExecutionOrchestrator.java:54)
	at org.junit.platform.launcher.core.EngineExecutionOrchestrator.withInterceptedStreams(EngineExecutionOrchestrator.java:67)
	at org.junit.platform.launcher.core.EngineExecutionOrchestrator.execute(EngineExecutionOrchestrator.java:52)
	at org.junit.platform.launcher.core.DefaultLauncher.execute(DefaultLauncher.java:114)
	at org.junit.platform.launcher.core.DefaultLauncher.execute(DefaultLauncher.java:86)
	at org.junit.platform.launcher.core.DefaultLauncherSession$DelegatingLauncher.execute(DefaultLauncherSession.java:86)
	at org.apache.maven.surefire.junitplatform.LazyLauncher.execute(LazyLauncher.java:56)
	at org.apache.maven.surefire.junitplatform.JUnitPlatformProvider.execute(JUnitPlatformProvider.java:184)
	at org.apache.maven.surefire.junitplatform.JUnitPlatformProvider.invokeAllTests(JUnitPlatformProvider.java:148)
	at org.apache.maven.surefire.junitplatform.JUnitPlatformProvider.invoke(JUnitPlatformProvider.java:120)
	at org.apache.maven.surefire.booter.ForkedBooter.runSuitesInProcess(ForkedBooter.java:385)
	at org.apache.maven.surefire.booter.ForkedBooter.execute(ForkedBooter.java:162)
	at org.apache.maven.surefire.booter.ForkedBooter.run(ForkedBooter.java:507)
	at org.apache.maven.surefire.booter.ForkedBooter.main(ForkedBooter.java:495)
2023-12-10 08:56:11,461 [main] ERROR scm.XceiverClientGrpc (XceiverClientGrpc.java:sendCommandWithRetry(452)) - Failed to execute command ReadChunk on the pipeline Pipeline[ Id: f61d75ec-e88f-4c7b-915f-8b162c13ffa2, Nodes: 1325fac8-4950-4fd4-a580-526da936db2d(fv-az1041-125/10.1.0.29)9d33b5cf-046b-45d3-8518-fd69107da003(fv-az1041-125/10.1.0.29)739b2b9a-4a10-4b30-8d82-41f2f3567ae9(fv-az1041-125/10.1.0.29), ReplicationConfig: STANDALONE/THREE, State:OPEN, leaderId:9d33b5cf-046b-45d3-8518-fd69107da003, CreationTimestamp2023-12-10T08:55:30.382Z[Etc/UTC]].
2023-12-10 08:56:11,461 [main] WARN  storage.ContainerProtocolCalls (ContainerProtocolCalls.java:tryEachDatanode(150)) - Failed to read chunk 111677748019200367_chunk_1 (len=12) conID: 4 locID: 111677748019200367 bcsId: 214 from 739b2b9a-4a10-4b30-8d82-41f2f3567ae9(fv-az1041-125/10.1.0.29); will try another datanode.
org.apache.hadoop.ozone.common.OzoneChecksumException: Checksum mismatch at index 0
	at org.apache.hadoop.ozone.common.ChecksumData.verifyChecksumDataMatches(ChecksumData.java:139)
	at org.apache.hadoop.ozone.common.Checksum.verifyChecksum(Checksum.java:300)
	at org.apache.hadoop.hdds.scm.storage.ChunkInputStream.validateChunk(ChunkInputStream.java:488)
	at org.apache.hadoop.hdds.scm.XceiverClientGrpc.sendCommandWithRetry(XceiverClientGrpc.java:409)
	at org.apache.hadoop.hdds.scm.XceiverClientGrpc.lambda$sendCommandWithTraceIDAndRetry$0(XceiverClientGrpc.java:349)
	at org.apache.hadoop.hdds.tracing.TracingUtil.executeInSpan(TracingUtil.java:169)
	at org.apache.hadoop.hdds.tracing.TracingUtil.executeInNewSpan(TracingUtil.java:149)
	at org.apache.hadoop.hdds.scm.XceiverClientGrpc.sendCommandWithTraceIDAndRetry(XceiverClientGrpc.java:344)
	at org.apache.hadoop.hdds.scm.XceiverClientGrpc.sendCommand(XceiverClientGrpc.java:325)
	at org.apache.hadoop.hdds.scm.storage.ContainerProtocolCalls.readChunk(ContainerProtocolCalls.java:356)
	at org.apache.hadoop.hdds.scm.storage.ContainerProtocolCalls.lambda$readChunk$2(ContainerProtocolCalls.java:343)
	at org.apache.hadoop.hdds.scm.storage.ContainerProtocolCalls.tryEachDatanode(ContainerProtocolCalls.java:146)
	at org.apache.hadoop.hdds.scm.storage.ContainerProtocolCalls.readChunk(ContainerProtocolCalls.java:342)
	at org.apache.hadoop.hdds.scm.storage.ChunkInputStream.readChunk(ChunkInputStream.java:425)
	at org.apache.hadoop.hdds.scm.storage.ChunkInputStream.readChunkDataIntoBuffers(ChunkInputStream.java:402)
	at org.apache.hadoop.hdds.scm.storage.ChunkInputStream.readChunkFromContainer(ChunkInputStream.java:387)
	at org.apache.hadoop.hdds.scm.storage.ChunkInputStream.prepareRead(ChunkInputStream.java:329)
	at org.apache.hadoop.hdds.scm.storage.ChunkInputStream.read(ChunkInputStream.java:173)
	at org.apache.hadoop.hdds.scm.storage.ByteArrayReader.readFromBlock(ByteArrayReader.java:54)
	at org.apache.hadoop.hdds.scm.storage.BlockInputStream.readWithStrategy(BlockInputStream.java:354)
	at org.apache.hadoop.hdds.scm.storage.ExtendedInputStream.read(ExtendedInputStream.java:56)
	at org.apache.hadoop.hdds.scm.storage.ByteArrayReader.readFromBlock(ByteArrayReader.java:54)
	at org.apache.hadoop.hdds.scm.storage.MultipartInputStream.readWithStrategy(MultipartInputStream.java:96)
	at org.apache.hadoop.hdds.scm.storage.ExtendedInputStream.read(ExtendedInputStream.java:56)
	at org.apache.hadoop.ozone.client.io.OzoneInputStream.read(OzoneInputStream.java:56)
	at java.io.InputStream.read(InputStream.java:101)
	at org.apache.hadoop.ozone.client.rpc.TestOzoneRpcClientAbstract.testReadKeyWithCorruptedDataWithMutiNodes(TestOzoneRpcClientAbstract.java:2096)
	at sun.reflect.NativeMethodAccessorImpl.invoke0(Native Method)
	at sun.reflect.NativeMethodAccessorImpl.invoke(NativeMethodAccessorImpl.java:62)
	at sun.reflect.DelegatingMethodAccessorImpl.invoke(DelegatingMethodAccessorImpl.java:43)
	at java.lang.reflect.Method.invoke(Method.java:498)
	at org.junit.platform.commons.util.ReflectionUtils.invokeMethod(ReflectionUtils.java:725)
	at org.junit.jupiter.engine.execution.MethodInvocation.proceed(MethodInvocation.java:60)
	at org.junit.jupiter.engine.execution.InvocationInterceptorChain$ValidatingInvocation.proceed(InvocationInterceptorChain.java:131)
	at org.junit.jupiter.engine.extension.TimeoutExtension.intercept(TimeoutExtension.java:149)
	at org.junit.jupiter.engine.extension.TimeoutExtension.interceptTestableMethod(TimeoutExtension.java:140)
	at org.junit.jupiter.engine.extension.TimeoutExtension.interceptTestMethod(TimeoutExtension.java:84)
	at org.junit.jupiter.engine.execution.ExecutableInvoker$ReflectiveInterceptorCall.lambda$ofVoidMethod$0(ExecutableInvoker.java:115)
	at org.junit.jupiter.engine.execution.ExecutableInvoker.lambda$invoke$0(ExecutableInvoker.java:105)
	at org.junit.jupiter.engine.execution.InvocationInterceptorChain$InterceptedInvocation.proceed(InvocationInterceptorChain.java:106)
	at org.junit.jupiter.engine.execution.InvocationInterceptorChain.proceed(InvocationInterceptorChain.java:64)
	at org.junit.jupiter.engine.execution.InvocationInterceptorChain.chainAndInvoke(InvocationInterceptorChain.java:45)
	at org.junit.jupiter.engine.execution.InvocationInterceptorChain.invoke(InvocationInterceptorChain.java:37)
	at org.junit.jupiter.engine.execution.ExecutableInvoker.invoke(ExecutableInvoker.java:104)
	at org.junit.jupiter.engine.execution.ExecutableInvoker.invoke(ExecutableInvoker.java:98)
	at org.junit.jupiter.engine.descriptor.TestMethodTestDescriptor.lambda$invokeTestMethod$7(TestMethodTestDescriptor.java:214)
	at org.junit.platform.engine.support.hierarchical.ThrowableCollector.execute(ThrowableCollector.java:73)
	at org.junit.jupiter.engine.descriptor.TestMethodTestDescriptor.invokeTestMethod(TestMethodTestDescriptor.java:210)
	at org.junit.jupiter.engine.descriptor.TestMethodTestDescriptor.execute(TestMethodTestDescriptor.java:135)
	at org.junit.jupiter.engine.descriptor.TestMethodTestDescriptor.execute(TestMethodTestDescriptor.java:66)
	at org.junit.platform.engine.support.hierarchical.NodeTestTask.lambda$executeRecursively$6(NodeTestTask.java:151)
	at org.junit.platform.engine.support.hierarchical.ThrowableCollector.execute(ThrowableCollector.java:73)
	at org.junit.platform.engine.support.hierarchical.NodeTestTask.lambda$executeRecursively$8(NodeTestTask.java:141)
	at org.junit.platform.engine.support.hierarchical.Node.around(Node.java:137)
	at org.junit.platform.engine.support.hierarchical.NodeTestTask.lambda$executeRecursively$9(NodeTestTask.java:139)
	at org.junit.platform.engine.support.hierarchical.ThrowableCollector.execute(ThrowableCollector.java:73)
	at org.junit.platform.engine.support.hierarchical.NodeTestTask.executeRecursively(NodeTestTask.java:138)
	at org.junit.platform.engine.support.hierarchical.NodeTestTask.execute(NodeTestTask.java:95)
	at java.util.ArrayList.forEach(ArrayList.java:1259)
	at org.junit.platform.engine.support.hierarchical.SameThreadHierarchicalTestExecutorService.invokeAll(SameThreadHierarchicalTestExecutorService.java:41)
	at org.junit.platform.engine.support.hierarchical.NodeTestTask.lambda$executeRecursively$6(NodeTestTask.java:155)
	at org.junit.platform.engine.support.hierarchical.ThrowableCollector.execute(ThrowableCollector.java:73)
	at org.junit.platform.engine.support.hierarchical.NodeTestTask.lambda$executeRecursively$8(NodeTestTask.java:141)
	at org.junit.platform.engine.support.hierarchical.Node.around(Node.java:137)
	at org.junit.platform.engine.support.hierarchical.NodeTestTask.lambda$executeRecursively$9(NodeTestTask.java:139)
	at org.junit.platform.engine.support.hierarchical.ThrowableCollector.execute(ThrowableCollector.java:73)
	at org.junit.platform.engine.support.hierarchical.NodeTestTask.executeRecursively(NodeTestTask.java:138)
	at org.junit.platform.engine.support.hierarchical.NodeTestTask.execute(NodeTestTask.java:95)
	at java.util.ArrayList.forEach(ArrayList.java:1259)
	at org.junit.platform.engine.support.hierarchical.SameThreadHierarchicalTestExecutorService.invokeAll(SameThreadHierarchicalTestExecutorService.java:41)
	at org.junit.platform.engine.support.hierarchical.NodeTestTask.lambda$executeRecursively$6(NodeTestTask.java:155)
	at org.junit.platform.engine.support.hierarchical.ThrowableCollector.execute(ThrowableCollector.java:73)
	at org.junit.platform.engine.support.hierarchical.NodeTestTask.lambda$executeRecursively$8(NodeTestTask.java:141)
	at org.junit.platform.engine.support.hierarchical.Node.around(Node.java:137)
	at org.junit.platform.engine.support.hierarchical.NodeTestTask.lambda$executeRecursively$9(NodeTestTask.java:139)
	at org.junit.platform.engine.support.hierarchical.ThrowableCollector.execute(ThrowableCollector.java:73)
	at org.junit.platform.engine.support.hierarchical.NodeTestTask.executeRecursively(NodeTestTask.java:138)
	at org.junit.platform.engine.support.hierarchical.NodeTestTask.execute(NodeTestTask.java:95)
	at org.junit.platform.engine.support.hierarchical.SameThreadHierarchicalTestExecutorService.submit(SameThreadHierarchicalTestExecutorService.java:35)
	at org.junit.platform.engine.support.hierarchical.HierarchicalTestExecutor.execute(HierarchicalTestExecutor.java:57)
	at org.junit.platform.engine.support.hierarchical.HierarchicalTestEngine.execute(HierarchicalTestEngine.java:54)
	at org.junit.platform.launcher.core.EngineExecutionOrchestrator.execute(EngineExecutionOrchestrator.java:107)
	at org.junit.platform.launcher.core.EngineExecutionOrchestrator.execute(EngineExecutionOrchestrator.java:88)
	at org.junit.platform.launcher.core.EngineExecutionOrchestrator.lambda$execute$0(EngineExecutionOrchestrator.java:54)
	at org.junit.platform.launcher.core.EngineExecutionOrchestrator.withInterceptedStreams(EngineExecutionOrchestrator.java:67)
	at org.junit.platform.launcher.core.EngineExecutionOrchestrator.execute(EngineExecutionOrchestrator.java:52)
	at org.junit.platform.launcher.core.DefaultLauncher.execute(DefaultLauncher.java:114)
	at org.junit.platform.launcher.core.DefaultLauncher.execute(DefaultLauncher.java:86)
	at org.junit.platform.launcher.core.DefaultLauncherSession$DelegatingLauncher.execute(DefaultLauncherSession.java:86)
	at org.apache.maven.surefire.junitplatform.LazyLauncher.execute(LazyLauncher.java:56)
	at org.apache.maven.surefire.junitplatform.JUnitPlatformProvider.execute(JUnitPlatformProvider.java:184)
	at org.apache.maven.surefire.junitplatform.JUnitPlatformProvider.invokeAllTests(JUnitPlatformProvider.java:148)
	at org.apache.maven.surefire.junitplatform.JUnitPlatformProvider.invoke(JUnitPlatformProvider.java:120)
	at org.apache.maven.surefire.booter.ForkedBooter.runSuitesInProcess(ForkedBooter.java:385)
	at org.apache.maven.surefire.booter.ForkedBooter.execute(ForkedBooter.java:162)
	at org.apache.maven.surefire.booter.ForkedBooter.run(ForkedBooter.java:507)
	at org.apache.maven.surefire.booter.ForkedBooter.main(ForkedBooter.java:495)
2023-12-10 08:56:11,464 [main] ERROR scm.XceiverClientGrpc (XceiverClientGrpc.java:sendCommandWithRetry(452)) - Failed to execute command ReadChunk on the pipeline Pipeline[ Id: f61d75ec-e88f-4c7b-915f-8b162c13ffa2, Nodes: 1325fac8-4950-4fd4-a580-526da936db2d(fv-az1041-125/10.1.0.29)9d33b5cf-046b-45d3-8518-fd69107da003(fv-az1041-125/10.1.0.29)739b2b9a-4a10-4b30-8d82-41f2f3567ae9(fv-az1041-125/10.1.0.29), ReplicationConfig: STANDALONE/THREE, State:OPEN, leaderId:9d33b5cf-046b-45d3-8518-fd69107da003, CreationTimestamp2023-12-10T08:55:30.382Z[Etc/UTC]].
2023-12-10 08:56:11,466 [main] ERROR scm.XceiverClientGrpc (XceiverClientGrpc.java:sendCommandWithRetry(452)) - Failed to execute command ReadChunk on the pipeline Pipeline[ Id: f61d75ec-e88f-4c7b-915f-8b162c13ffa2, Nodes: 1325fac8-4950-4fd4-a580-526da936db2d(fv-az1041-125/10.1.0.29)9d33b5cf-046b-45d3-8518-fd69107da003(fv-az1041-125/10.1.0.29)739b2b9a-4a10-4b30-8d82-41f2f3567ae9(fv-az1041-125/10.1.0.29), ReplicationConfig: STANDALONE/THREE, State:OPEN, leaderId:9d33b5cf-046b-45d3-8518-fd69107da003, CreationTimestamp2023-12-10T08:55:30.382Z[Etc/UTC]].
2023-12-10 08:56:11,466 [main] WARN  storage.ContainerProtocolCalls (ContainerProtocolCalls.java:tryEachDatanode(150)) - Failed to read chunk 111677748019200367_chunk_1 (len=12) conID: 4 locID: 111677748019200367 bcsId: 214 from 9d33b5cf-046b-45d3-8518-fd69107da003(fv-az1041-125/10.1.0.29); will try another datanode.
org.apache.hadoop.ozone.common.OzoneChecksumException: Checksum mismatch at index 0
	at org.apache.hadoop.ozone.common.ChecksumData.verifyChecksumDataMatches(ChecksumData.java:139)
	at org.apache.hadoop.ozone.common.Checksum.verifyChecksum(Checksum.java:300)
	at org.apache.hadoop.hdds.scm.storage.ChunkInputStream.validateChunk(ChunkInputStream.java:488)
	at org.apache.hadoop.hdds.scm.XceiverClientGrpc.sendCommandWithRetry(XceiverClientGrpc.java:409)
	at org.apache.hadoop.hdds.scm.XceiverClientGrpc.lambda$sendCommandWithTraceIDAndRetry$0(XceiverClientGrpc.java:349)
	at org.apache.hadoop.hdds.tracing.TracingUtil.executeInSpan(TracingUtil.java:169)
	at org.apache.hadoop.hdds.tracing.TracingUtil.executeInNewSpan(TracingUtil.java:149)
	at org.apache.hadoop.hdds.scm.XceiverClientGrpc.sendCommandWithTraceIDAndRetry(XceiverClientGrpc.java:344)
	at org.apache.hadoop.hdds.scm.XceiverClientGrpc.sendCommand(XceiverClientGrpc.java:325)
	at org.apache.hadoop.hdds.scm.storage.ContainerProtocolCalls.readChunk(ContainerProtocolCalls.java:356)
	at org.apache.hadoop.hdds.scm.storage.ContainerProtocolCalls.lambda$readChunk$2(ContainerProtocolCalls.java:343)
	at org.apache.hadoop.hdds.scm.storage.ContainerProtocolCalls.tryEachDatanode(ContainerProtocolCalls.java:146)
	at org.apache.hadoop.hdds.scm.storage.ContainerProtocolCalls.readChunk(ContainerProtocolCalls.java:342)
	at org.apache.hadoop.hdds.scm.storage.ChunkInputStream.readChunk(ChunkInputStream.java:425)
	at org.apache.hadoop.hdds.scm.storage.ChunkInputStream.readChunkDataIntoBuffers(ChunkInputStream.java:402)
	at org.apache.hadoop.hdds.scm.storage.ChunkInputStream.readChunkFromContainer(ChunkInputStream.java:387)
	at org.apache.hadoop.hdds.scm.storage.ChunkInputStream.prepareRead(ChunkInputStream.java:319)
	at org.apache.hadoop.hdds.scm.storage.ChunkInputStream.read(ChunkInputStream.java:173)
	at org.apache.hadoop.hdds.scm.storage.ByteArrayReader.readFromBlock(ByteArrayReader.java:54)
	at org.apache.hadoop.hdds.scm.storage.BlockInputStream.readWithStrategy(BlockInputStream.java:354)
	at org.apache.hadoop.hdds.scm.storage.ExtendedInputStream.read(ExtendedInputStream.java:56)
	at org.apache.hadoop.hdds.scm.storage.ByteArrayReader.readFromBlock(ByteArrayReader.java:54)
	at org.apache.hadoop.hdds.scm.storage.MultipartInputStream.readWithStrategy(MultipartInputStream.java:96)
	at org.apache.hadoop.hdds.scm.storage.ExtendedInputStream.read(ExtendedInputStream.java:56)
	at org.apache.hadoop.ozone.client.io.OzoneInputStream.read(OzoneInputStream.java:56)
	at java.io.InputStream.read(InputStream.java:101)
	at org.apache.hadoop.ozone.client.rpc.TestOzoneRpcClientAbstract.testReadKeyWithCorruptedDataWithMutiNodes(TestOzoneRpcClientAbstract.java:2096)
	at sun.reflect.NativeMethodAccessorImpl.invoke0(Native Method)
	at sun.reflect.NativeMethodAccessorImpl.invoke(NativeMethodAccessorImpl.java:62)
	at sun.reflect.DelegatingMethodAccessorImpl.invoke(DelegatingMethodAccessorImpl.java:43)
	at java.lang.reflect.Method.invoke(Method.java:498)
	at org.junit.platform.commons.util.ReflectionUtils.invokeMethod(ReflectionUtils.java:725)
	at org.junit.jupiter.engine.execution.MethodInvocation.proceed(MethodInvocation.java:60)
	at org.junit.jupiter.engine.execution.InvocationInterceptorChain$ValidatingInvocation.proceed(InvocationInterceptorChain.java:131)
	at org.junit.jupiter.engine.extension.TimeoutExtension.intercept(TimeoutExtension.java:149)
	at org.junit.jupiter.engine.extension.TimeoutExtension.interceptTestableMethod(TimeoutExtension.java:140)
	at org.junit.jupiter.engine.extension.TimeoutExtension.interceptTestMethod(TimeoutExtension.java:84)
	at org.junit.jupiter.engine.execution.ExecutableInvoker$ReflectiveInterceptorCall.lambda$ofVoidMethod$0(ExecutableInvoker.java:115)
	at org.junit.jupiter.engine.execution.ExecutableInvoker.lambda$invoke$0(ExecutableInvoker.java:105)
	at org.junit.jupiter.engine.execution.InvocationInterceptorChain$InterceptedInvocation.proceed(InvocationInterceptorChain.java:106)
	at org.junit.jupiter.engine.execution.InvocationInterceptorChain.proceed(InvocationInterceptorChain.java:64)
	at org.junit.jupiter.engine.execution.InvocationInterceptorChain.chainAndInvoke(InvocationInterceptorChain.java:45)
	at org.junit.jupiter.engine.execution.InvocationInterceptorChain.invoke(InvocationInterceptorChain.java:37)
	at org.junit.jupiter.engine.execution.ExecutableInvoker.invoke(ExecutableInvoker.java:104)
	at org.junit.jupiter.engine.execution.ExecutableInvoker.invoke(ExecutableInvoker.java:98)
	at org.junit.jupiter.engine.descriptor.TestMethodTestDescriptor.lambda$invokeTestMethod$7(TestMethodTestDescriptor.java:214)
	at org.junit.platform.engine.support.hierarchical.ThrowableCollector.execute(ThrowableCollector.java:73)
	at org.junit.jupiter.engine.descriptor.TestMethodTestDescriptor.invokeTestMethod(TestMethodTestDescriptor.java:210)
	at org.junit.jupiter.engine.descriptor.TestMethodTestDescriptor.execute(TestMethodTestDescriptor.java:135)
	at org.junit.jupiter.engine.descriptor.TestMethodTestDescriptor.execute(TestMethodTestDescriptor.java:66)
	at org.junit.platform.engine.support.hierarchical.NodeTestTask.lambda$executeRecursively$6(NodeTestTask.java:151)
	at org.junit.platform.engine.support.hierarchical.ThrowableCollector.execute(ThrowableCollector.java:73)
	at org.junit.platform.engine.support.hierarchical.NodeTestTask.lambda$executeRecursively$8(NodeTestTask.java:141)
	at org.junit.platform.engine.support.hierarchical.Node.around(Node.java:137)
	at org.junit.platform.engine.support.hierarchical.NodeTestTask.lambda$executeRecursively$9(NodeTestTask.java:139)
	at org.junit.platform.engine.support.hierarchical.ThrowableCollector.execute(ThrowableCollector.java:73)
	at org.junit.platform.engine.support.hierarchical.NodeTestTask.executeRecursively(NodeTestTask.java:138)
	at org.junit.platform.engine.support.hierarchical.NodeTestTask.execute(NodeTestTask.java:95)
	at java.util.ArrayList.forEach(ArrayList.java:1259)
	at org.junit.platform.engine.support.hierarchical.SameThreadHierarchicalTestExecutorService.invokeAll(SameThreadHierarchicalTestExecutorService.java:41)
	at org.junit.platform.engine.support.hierarchical.NodeTestTask.lambda$executeRecursively$6(NodeTestTask.java:155)
	at org.junit.platform.engine.support.hierarchical.ThrowableCollector.execute(ThrowableCollector.java:73)
	at org.junit.platform.engine.support.hierarchical.NodeTestTask.lambda$executeRecursively$8(NodeTestTask.java:141)
	at org.junit.platform.engine.support.hierarchical.Node.around(Node.java:137)
	at org.junit.platform.engine.support.hierarchical.NodeTestTask.lambda$executeRecursively$9(NodeTestTask.java:139)
	at org.junit.platform.engine.support.hierarchical.ThrowableCollector.execute(ThrowableCollector.java:73)
	at org.junit.platform.engine.support.hierarchical.NodeTestTask.executeRecursively(NodeTestTask.java:138)
	at org.junit.platform.engine.support.hierarchical.NodeTestTask.execute(NodeTestTask.java:95)
	at java.util.ArrayList.forEach(ArrayList.java:1259)
	at org.junit.platform.engine.support.hierarchical.SameThreadHierarchicalTestExecutorService.invokeAll(SameThreadHierarchicalTestExecutorService.java:41)
	at org.junit.platform.engine.support.hierarchical.NodeTestTask.lambda$executeRecursively$6(NodeTestTask.java:155)
	at org.junit.platform.engine.support.hierarchical.ThrowableCollector.execute(ThrowableCollector.java:73)
	at org.junit.platform.engine.support.hierarchical.NodeTestTask.lambda$executeRecursively$8(NodeTestTask.java:141)
	at org.junit.platform.engine.support.hierarchical.Node.around(Node.java:137)
	at org.junit.platform.engine.support.hierarchical.NodeTestTask.lambda$executeRecursively$9(NodeTestTask.java:139)
	at org.junit.platform.engine.support.hierarchical.ThrowableCollector.execute(ThrowableCollector.java:73)
	at org.junit.platform.engine.support.hierarchical.NodeTestTask.executeRecursively(NodeTestTask.java:138)
	at org.junit.platform.engine.support.hierarchical.NodeTestTask.execute(NodeTestTask.java:95)
	at org.junit.platform.engine.support.hierarchical.SameThreadHierarchicalTestExecutorService.submit(SameThreadHierarchicalTestExecutorService.java:35)
	at org.junit.platform.engine.support.hierarchical.HierarchicalTestExecutor.execute(HierarchicalTestExecutor.java:57)
	at org.junit.platform.engine.support.hierarchical.HierarchicalTestEngine.execute(HierarchicalTestEngine.java:54)
	at org.junit.platform.launcher.core.EngineExecutionOrchestrator.execute(EngineExecutionOrchestrator.java:107)
	at org.junit.platform.launcher.core.EngineExecutionOrchestrator.execute(EngineExecutionOrchestrator.java:88)
	at org.junit.platform.launcher.core.EngineExecutionOrchestrator.lambda$execute$0(EngineExecutionOrchestrator.java:54)
	at org.junit.platform.launcher.core.EngineExecutionOrchestrator.withInterceptedStreams(EngineExecutionOrchestrator.java:67)
	at org.junit.platform.launcher.core.EngineExecutionOrchestrator.execute(EngineExecutionOrchestrator.java:52)
	at org.junit.platform.launcher.core.DefaultLauncher.execute(DefaultLauncher.java:114)
	at org.junit.platform.launcher.core.DefaultLauncher.execute(DefaultLauncher.java:86)
	at org.junit.platform.launcher.core.DefaultLauncherSession$DelegatingLauncher.execute(DefaultLauncherSession.java:86)
	at org.apache.maven.surefire.junitplatform.LazyLauncher.execute(LazyLauncher.java:56)
	at org.apache.maven.surefire.junitplatform.JUnitPlatformProvider.execute(JUnitPlatformProvider.java:184)
	at org.apache.maven.surefire.junitplatform.JUnitPlatformProvider.invokeAllTests(JUnitPlatformProvider.java:148)
	at org.apache.maven.surefire.junitplatform.JUnitPlatformProvider.invoke(JUnitPlatformProvider.java:120)
	at org.apache.maven.surefire.booter.ForkedBooter.runSuitesInProcess(ForkedBooter.java:385)
	at org.apache.maven.surefire.booter.ForkedBooter.execute(ForkedBooter.java:162)
	at org.apache.maven.surefire.booter.ForkedBooter.run(ForkedBooter.java:507)
	at org.apache.maven.surefire.booter.ForkedBooter.main(ForkedBooter.java:495)
2023-12-10 08:56:11,469 [main] ERROR scm.XceiverClientGrpc (XceiverClientGrpc.java:sendCommandWithRetry(452)) - Failed to execute command ReadChunk on the pipeline Pipeline[ Id: f61d75ec-e88f-4c7b-915f-8b162c13ffa2, Nodes: 1325fac8-4950-4fd4-a580-526da936db2d(fv-az1041-125/10.1.0.29)9d33b5cf-046b-45d3-8518-fd69107da003(fv-az1041-125/10.1.0.29)739b2b9a-4a10-4b30-8d82-41f2f3567ae9(fv-az1041-125/10.1.0.29), ReplicationConfig: STANDALONE/THREE, State:OPEN, leaderId:9d33b5cf-046b-45d3-8518-fd69107da003, CreationTimestamp2023-12-10T08:55:30.382Z[Etc/UTC]].
2023-12-10 08:56:11,469 [main] WARN  storage.ContainerProtocolCalls (ContainerProtocolCalls.java:tryEachDatanode(150)) - Failed to read chunk 111677748019200367_chunk_1 (len=12) conID: 4 locID: 111677748019200367 bcsId: 214 from 739b2b9a-4a10-4b30-8d82-41f2f3567ae9(fv-az1041-125/10.1.0.29); will try another datanode.
org.apache.hadoop.ozone.common.OzoneChecksumException: Checksum mismatch at index 0
	at org.apache.hadoop.ozone.common.ChecksumData.verifyChecksumDataMatches(ChecksumData.java:139)
	at org.apache.hadoop.ozone.common.Checksum.verifyChecksum(Checksum.java:300)
	at org.apache.hadoop.hdds.scm.storage.ChunkInputStream.validateChunk(ChunkInputStream.java:488)
	at org.apache.hadoop.hdds.scm.XceiverClientGrpc.sendCommandWithRetry(XceiverClientGrpc.java:409)
	at org.apache.hadoop.hdds.scm.XceiverClientGrpc.lambda$sendCommandWithTraceIDAndRetry$0(XceiverClientGrpc.java:349)
	at org.apache.hadoop.hdds.tracing.TracingUtil.executeInSpan(TracingUtil.java:169)
	at org.apache.hadoop.hdds.tracing.TracingUtil.executeInNewSpan(TracingUtil.java:149)
	at org.apache.hadoop.hdds.scm.XceiverClientGrpc.sendCommandWithTraceIDAndRetry(XceiverClientGrpc.java:344)
	at org.apache.hadoop.hdds.scm.XceiverClientGrpc.sendCommand(XceiverClientGrpc.java:325)
	at org.apache.hadoop.hdds.scm.storage.ContainerProtocolCalls.readChunk(ContainerProtocolCalls.java:356)
	at org.apache.hadoop.hdds.scm.storage.ContainerProtocolCalls.lambda$readChunk$2(ContainerProtocolCalls.java:343)
	at org.apache.hadoop.hdds.scm.storage.ContainerProtocolCalls.tryEachDatanode(ContainerProtocolCalls.java:146)
	at org.apache.hadoop.hdds.scm.storage.ContainerProtocolCalls.readChunk(ContainerProtocolCalls.java:342)
	at org.apache.hadoop.hdds.scm.storage.ChunkInputStream.readChunk(ChunkInputStream.java:425)
	at org.apache.hadoop.hdds.scm.storage.ChunkInputStream.readChunkDataIntoBuffers(ChunkInputStream.java:402)
	at org.apache.hadoop.hdds.scm.storage.ChunkInputStream.readChunkFromContainer(ChunkInputStream.java:387)
	at org.apache.hadoop.hdds.scm.storage.ChunkInputStream.prepareRead(ChunkInputStream.java:319)
	at org.apache.hadoop.hdds.scm.storage.ChunkInputStream.read(ChunkInputStream.java:173)
	at org.apache.hadoop.hdds.scm.storage.ByteArrayReader.readFromBlock(ByteArrayReader.java:54)
	at org.apache.hadoop.hdds.scm.storage.BlockInputStream.readWithStrategy(BlockInputStream.java:354)
	at org.apache.hadoop.hdds.scm.storage.ExtendedInputStream.read(ExtendedInputStream.java:56)
	at org.apache.hadoop.hdds.scm.storage.ByteArrayReader.readFromBlock(ByteArrayReader.java:54)
	at org.apache.hadoop.hdds.scm.storage.MultipartInputStream.readWithStrategy(MultipartInputStream.java:96)
	at org.apache.hadoop.hdds.scm.storage.ExtendedInputStream.read(ExtendedInputStream.java:56)
	at org.apache.hadoop.ozone.client.io.OzoneInputStream.read(OzoneInputStream.java:56)
	at java.io.InputStream.read(InputStream.java:101)
	at org.apache.hadoop.ozone.client.rpc.TestOzoneRpcClientAbstract.testReadKeyWithCorruptedDataWithMutiNodes(TestOzoneRpcClientAbstract.java:2096)
	at sun.reflect.NativeMethodAccessorImpl.invoke0(Native Method)
	at sun.reflect.NativeMethodAccessorImpl.invoke(NativeMethodAccessorImpl.java:62)
	at sun.reflect.DelegatingMethodAccessorImpl.invoke(DelegatingMethodAccessorImpl.java:43)
	at java.lang.reflect.Method.invoke(Method.java:498)
	at org.junit.platform.commons.util.ReflectionUtils.invokeMethod(ReflectionUtils.java:725)
	at org.junit.jupiter.engine.execution.MethodInvocation.proceed(MethodInvocation.java:60)
	at org.junit.jupiter.engine.execution.InvocationInterceptorChain$ValidatingInvocation.proceed(InvocationInterceptorChain.java:131)
	at org.junit.jupiter.engine.extension.TimeoutExtension.intercept(TimeoutExtension.java:149)
	at org.junit.jupiter.engine.extension.TimeoutExtension.interceptTestableMethod(TimeoutExtension.java:140)
	at org.junit.jupiter.engine.extension.TimeoutExtension.interceptTestMethod(TimeoutExtension.java:84)
	at org.junit.jupiter.engine.execution.ExecutableInvoker$ReflectiveInterceptorCall.lambda$ofVoidMethod$0(ExecutableInvoker.java:115)
	at org.junit.jupiter.engine.execution.ExecutableInvoker.lambda$invoke$0(ExecutableInvoker.java:105)
	at org.junit.jupiter.engine.execution.InvocationInterceptorChain$InterceptedInvocation.proceed(InvocationInterceptorChain.java:106)
	at org.junit.jupiter.engine.execution.InvocationInterceptorChain.proceed(InvocationInterceptorChain.java:64)
	at org.junit.jupiter.engine.execution.InvocationInterceptorChain.chainAndInvoke(InvocationInterceptorChain.java:45)
	at org.junit.jupiter.engine.execution.InvocationInterceptorChain.invoke(InvocationInterceptorChain.java:37)
	at org.junit.jupiter.engine.execution.ExecutableInvoker.invoke(ExecutableInvoker.java:104)
	at org.junit.jupiter.engine.execution.ExecutableInvoker.invoke(ExecutableInvoker.java:98)
	at org.junit.jupiter.engine.descriptor.TestMethodTestDescriptor.lambda$invokeTestMethod$7(TestMethodTestDescriptor.java:214)
	at org.junit.platform.engine.support.hierarchical.ThrowableCollector.execute(ThrowableCollector.java:73)
	at org.junit.jupiter.engine.descriptor.TestMethodTestDescriptor.invokeTestMethod(TestMethodTestDescriptor.java:210)
	at org.junit.jupiter.engine.descriptor.TestMethodTestDescriptor.execute(TestMethodTestDescriptor.java:135)
	at org.junit.jupiter.engine.descriptor.TestMethodTestDescriptor.execute(TestMethodTestDescriptor.java:66)
	at org.junit.platform.engine.support.hierarchical.NodeTestTask.lambda$executeRecursively$6(NodeTestTask.java:151)
	at org.junit.platform.engine.support.hierarchical.ThrowableCollector.execute(ThrowableCollector.java:73)
	at org.junit.platform.engine.support.hierarchical.NodeTestTask.lambda$executeRecursively$8(NodeTestTask.java:141)
	at org.junit.platform.engine.support.hierarchical.Node.around(Node.java:137)
	at org.junit.platform.engine.support.hierarchical.NodeTestTask.lambda$executeRecursively$9(NodeTestTask.java:139)
	at org.junit.platform.engine.support.hierarchical.ThrowableCollector.execute(ThrowableCollector.java:73)
	at org.junit.platform.engine.support.hierarchical.NodeTestTask.executeRecursively(NodeTestTask.java:138)
	at org.junit.platform.engine.support.hierarchical.NodeTestTask.execute(NodeTestTask.java:95)
	at java.util.ArrayList.forEach(ArrayList.java:1259)
	at org.junit.platform.engine.support.hierarchical.SameThreadHierarchicalTestExecutorService.invokeAll(SameThreadHierarchicalTestExecutorService.java:41)
	at org.junit.platform.engine.support.hierarchical.NodeTestTask.lambda$executeRecursively$6(NodeTestTask.java:155)
	at org.junit.platform.engine.support.hierarchical.ThrowableCollector.execute(ThrowableCollector.java:73)
	at org.junit.platform.engine.support.hierarchical.NodeTestTask.lambda$executeRecursively$8(NodeTestTask.java:141)
	at org.junit.platform.engine.support.hierarchical.Node.around(Node.java:137)
	at org.junit.platform.engine.support.hierarchical.NodeTestTask.lambda$executeRecursively$9(NodeTestTask.java:139)
	at org.junit.platform.engine.support.hierarchical.ThrowableCollector.execute(ThrowableCollector.java:73)
	at org.junit.platform.engine.support.hierarchical.NodeTestTask.executeRecursively(NodeTestTask.java:138)
	at org.junit.platform.engine.support.hierarchical.NodeTestTask.execute(NodeTestTask.java:95)
	at java.util.ArrayList.forEach(ArrayList.java:1259)
	at org.junit.platform.engine.support.hierarchical.SameThreadHierarchicalTestExecutorService.invokeAll(SameThreadHierarchicalTestExecutorService.java:41)
	at org.junit.platform.engine.support.hierarchical.NodeTestTask.lambda$executeRecursively$6(NodeTestTask.java:155)
	at org.junit.platform.engine.support.hierarchical.ThrowableCollector.execute(ThrowableCollector.java:73)
	at org.junit.platform.engine.support.hierarchical.NodeTestTask.lambda$executeRecursively$8(NodeTestTask.java:141)
	at org.junit.platform.engine.support.hierarchical.Node.around(Node.java:137)
	at org.junit.platform.engine.support.hierarchical.NodeTestTask.lambda$executeRecursively$9(NodeTestTask.java:139)
	at org.junit.platform.engine.support.hierarchical.ThrowableCollector.execute(ThrowableCollector.java:73)
	at org.junit.platform.engine.support.hierarchical.NodeTestTask.executeRecursively(NodeTestTask.java:138)
	at org.junit.platform.engine.support.hierarchical.NodeTestTask.execute(NodeTestTask.java:95)
	at org.junit.platform.engine.support.hierarchical.SameThreadHierarchicalTestExecutorService.submit(SameThreadHierarchicalTestExecutorService.java:35)
	at org.junit.platform.engine.support.hierarchical.HierarchicalTestExecutor.execute(HierarchicalTestExecutor.java:57)
	at org.junit.platform.engine.support.hierarchical.HierarchicalTestEngine.execute(HierarchicalTestEngine.java:54)
	at org.junit.platform.launcher.core.EngineExecutionOrchestrator.execute(EngineExecutionOrchestrator.java:107)
	at org.junit.platform.launcher.core.EngineExecutionOrchestrator.execute(EngineExecutionOrchestrator.java:88)
	at org.junit.platform.launcher.core.EngineExecutionOrchestrator.lambda$execute$0(EngineExecutionOrchestrator.java:54)
	at org.junit.platform.launcher.core.EngineExecutionOrchestrator.withInterceptedStreams(EngineExecutionOrchestrator.java:67)
	at org.junit.platform.launcher.core.EngineExecutionOrchestrator.execute(EngineExecutionOrchestrator.java:52)
	at org.junit.platform.launcher.core.DefaultLauncher.execute(DefaultLauncher.java:114)
	at org.junit.platform.launcher.core.DefaultLauncher.execute(DefaultLauncher.java:86)
	at org.junit.platform.launcher.core.DefaultLauncherSession$DelegatingLauncher.execute(DefaultLauncherSession.java:86)
	at org.apache.maven.surefire.junitplatform.LazyLauncher.execute(LazyLauncher.java:56)
	at org.apache.maven.surefire.junitplatform.JUnitPlatformProvider.execute(JUnitPlatformProvider.java:184)
	at org.apache.maven.surefire.junitplatform.JUnitPlatformProvider.invokeAllTests(JUnitPlatformProvider.java:148)
	at org.apache.maven.surefire.junitplatform.JUnitPlatformProvider.invoke(JUnitPlatformProvider.java:120)
	at org.apache.maven.surefire.booter.ForkedBooter.runSuitesInProcess(ForkedBooter.java:385)
	at org.apache.maven.surefire.booter.ForkedBooter.execute(ForkedBooter.java:162)
	at org.apache.maven.surefire.booter.ForkedBooter.run(ForkedBooter.java:507)
	at org.apache.maven.surefire.booter.ForkedBooter.main(ForkedBooter.java:495)
2023-12-10 08:56:11,471 [main] ERROR scm.XceiverClientGrpc (XceiverClientGrpc.java:sendCommandWithRetry(452)) - Failed to execute command ReadChunk on the pipeline Pipeline[ Id: f61d75ec-e88f-4c7b-915f-8b162c13ffa2, Nodes: 1325fac8-4950-4fd4-a580-526da936db2d(fv-az1041-125/10.1.0.29)9d33b5cf-046b-45d3-8518-fd69107da003(fv-az1041-125/10.1.0.29)739b2b9a-4a10-4b30-8d82-41f2f3567ae9(fv-az1041-125/10.1.0.29), ReplicationConfig: STANDALONE/THREE, State:OPEN, leaderId:9d33b5cf-046b-45d3-8518-fd69107da003, CreationTimestamp2023-12-10T08:55:30.382Z[Etc/UTC]].
2023-12-10 08:56:11,473 [main] ERROR scm.XceiverClientGrpc (XceiverClientGrpc.java:sendCommandWithRetry(452)) - Failed to execute command ReadChunk on the pipeline Pipeline[ Id: f61d75ec-e88f-4c7b-915f-8b162c13ffa2, Nodes: 1325fac8-4950-4fd4-a580-526da936db2d(fv-az1041-125/10.1.0.29)9d33b5cf-046b-45d3-8518-fd69107da003(fv-az1041-125/10.1.0.29)739b2b9a-4a10-4b30-8d82-41f2f3567ae9(fv-az1041-125/10.1.0.29), ReplicationConfig: STANDALONE/THREE, State:OPEN, leaderId:9d33b5cf-046b-45d3-8518-fd69107da003, CreationTimestamp2023-12-10T08:55:30.382Z[Etc/UTC]].
2023-12-10 08:56:11,474 [main] WARN  storage.ContainerProtocolCalls (ContainerProtocolCalls.java:tryEachDatanode(150)) - Failed to read chunk 111677748019200367_chunk_1 (len=12) conID: 4 locID: 111677748019200367 bcsId: 214 from 9d33b5cf-046b-45d3-8518-fd69107da003(fv-az1041-125/10.1.0.29); will try another datanode.
org.apache.hadoop.ozone.common.OzoneChecksumException: Checksum mismatch at index 0
	at org.apache.hadoop.ozone.common.ChecksumData.verifyChecksumDataMatches(ChecksumData.java:139)
	at org.apache.hadoop.ozone.common.Checksum.verifyChecksum(Checksum.java:300)
	at org.apache.hadoop.hdds.scm.storage.ChunkInputStream.validateChunk(ChunkInputStream.java:488)
	at org.apache.hadoop.hdds.scm.XceiverClientGrpc.sendCommandWithRetry(XceiverClientGrpc.java:409)
	at org.apache.hadoop.hdds.scm.XceiverClientGrpc.lambda$sendCommandWithTraceIDAndRetry$0(XceiverClientGrpc.java:349)
	at org.apache.hadoop.hdds.tracing.TracingUtil.executeInSpan(TracingUtil.java:169)
	at org.apache.hadoop.hdds.tracing.TracingUtil.executeInNewSpan(TracingUtil.java:149)
	at org.apache.hadoop.hdds.scm.XceiverClientGrpc.sendCommandWithTraceIDAndRetry(XceiverClientGrpc.java:344)
	at org.apache.hadoop.hdds.scm.XceiverClientGrpc.sendCommand(XceiverClientGrpc.java:325)
	at org.apache.hadoop.hdds.scm.storage.ContainerProtocolCalls.readChunk(ContainerProtocolCalls.java:356)
	at org.apache.hadoop.hdds.scm.storage.ContainerProtocolCalls.lambda$readChunk$2(ContainerProtocolCalls.java:343)
	at org.apache.hadoop.hdds.scm.storage.ContainerProtocolCalls.tryEachDatanode(ContainerProtocolCalls.java:146)
	at org.apache.hadoop.hdds.scm.storage.ContainerProtocolCalls.readChunk(ContainerProtocolCalls.java:342)
	at org.apache.hadoop.hdds.scm.storage.ChunkInputStream.readChunk(ChunkInputStream.java:425)
	at org.apache.hadoop.hdds.scm.storage.ChunkInputStream.readChunkDataIntoBuffers(ChunkInputStream.java:402)
	at org.apache.hadoop.hdds.scm.storage.ChunkInputStream.readChunkFromContainer(ChunkInputStream.java:387)
	at org.apache.hadoop.hdds.scm.storage.ChunkInputStream.prepareRead(ChunkInputStream.java:319)
	at org.apache.hadoop.hdds.scm.storage.ChunkInputStream.read(ChunkInputStream.java:173)
	at org.apache.hadoop.hdds.scm.storage.ByteArrayReader.readFromBlock(ByteArrayReader.java:54)
	at org.apache.hadoop.hdds.scm.storage.BlockInputStream.readWithStrategy(BlockInputStream.java:354)
	at org.apache.hadoop.hdds.scm.storage.ExtendedInputStream.read(ExtendedInputStream.java:56)
	at org.apache.hadoop.hdds.scm.storage.ByteArrayReader.readFromBlock(ByteArrayReader.java:54)
	at org.apache.hadoop.hdds.scm.storage.MultipartInputStream.readWithStrategy(MultipartInputStream.java:96)
	at org.apache.hadoop.hdds.scm.storage.ExtendedInputStream.read(ExtendedInputStream.java:56)
	at org.apache.hadoop.ozone.client.io.OzoneInputStream.read(OzoneInputStream.java:56)
	at java.io.InputStream.read(InputStream.java:101)
	at org.apache.hadoop.ozone.client.rpc.TestOzoneRpcClientAbstract.testReadKeyWithCorruptedDataWithMutiNodes(TestOzoneRpcClientAbstract.java:2096)
	at sun.reflect.NativeMethodAccessorImpl.invoke0(Native Method)
	at sun.reflect.NativeMethodAccessorImpl.invoke(NativeMethodAccessorImpl.java:62)
	at sun.reflect.DelegatingMethodAccessorImpl.invoke(DelegatingMethodAccessorImpl.java:43)
	at java.lang.reflect.Method.invoke(Method.java:498)
	at org.junit.platform.commons.util.ReflectionUtils.invokeMethod(ReflectionUtils.java:725)
	at org.junit.jupiter.engine.execution.MethodInvocation.proceed(MethodInvocation.java:60)
	at org.junit.jupiter.engine.execution.InvocationInterceptorChain$ValidatingInvocation.proceed(InvocationInterceptorChain.java:131)
	at org.junit.jupiter.engine.extension.TimeoutExtension.intercept(TimeoutExtension.java:149)
	at org.junit.jupiter.engine.extension.TimeoutExtension.interceptTestableMethod(TimeoutExtension.java:140)
	at org.junit.jupiter.engine.extension.TimeoutExtension.interceptTestMethod(TimeoutExtension.java:84)
	at org.junit.jupiter.engine.execution.ExecutableInvoker$ReflectiveInterceptorCall.lambda$ofVoidMethod$0(ExecutableInvoker.java:115)
	at org.junit.jupiter.engine.execution.ExecutableInvoker.lambda$invoke$0(ExecutableInvoker.java:105)
	at org.junit.jupiter.engine.execution.InvocationInterceptorChain$InterceptedInvocation.proceed(InvocationInterceptorChain.java:106)
	at org.junit.jupiter.engine.execution.InvocationInterceptorChain.proceed(InvocationInterceptorChain.java:64)
	at org.junit.jupiter.engine.execution.InvocationInterceptorChain.chainAndInvoke(InvocationInterceptorChain.java:45)
	at org.junit.jupiter.engine.execution.InvocationInterceptorChain.invoke(InvocationInterceptorChain.java:37)
	at org.junit.jupiter.engine.execution.ExecutableInvoker.invoke(ExecutableInvoker.java:104)
	at org.junit.jupiter.engine.execution.ExecutableInvoker.invoke(ExecutableInvoker.java:98)
	at org.junit.jupiter.engine.descriptor.TestMethodTestDescriptor.lambda$invokeTestMethod$7(TestMethodTestDescriptor.java:214)
	at org.junit.platform.engine.support.hierarchical.ThrowableCollector.execute(ThrowableCollector.java:73)
	at org.junit.jupiter.engine.descriptor.TestMethodTestDescriptor.invokeTestMethod(TestMethodTestDescriptor.java:210)
	at org.junit.jupiter.engine.descriptor.TestMethodTestDescriptor.execute(TestMethodTestDescriptor.java:135)
	at org.junit.jupiter.engine.descriptor.TestMethodTestDescriptor.execute(TestMethodTestDescriptor.java:66)
	at org.junit.platform.engine.support.hierarchical.NodeTestTask.lambda$executeRecursively$6(NodeTestTask.java:151)
	at org.junit.platform.engine.support.hierarchical.ThrowableCollector.execute(ThrowableCollector.java:73)
	at org.junit.platform.engine.support.hierarchical.NodeTestTask.lambda$executeRecursively$8(NodeTestTask.java:141)
	at org.junit.platform.engine.support.hierarchical.Node.around(Node.java:137)
	at org.junit.platform.engine.support.hierarchical.NodeTestTask.lambda$executeRecursively$9(NodeTestTask.java:139)
	at org.junit.platform.engine.support.hierarchical.ThrowableCollector.execute(ThrowableCollector.java:73)
	at org.junit.platform.engine.support.hierarchical.NodeTestTask.executeRecursively(NodeTestTask.java:138)
	at org.junit.platform.engine.support.hierarchical.NodeTestTask.execute(NodeTestTask.java:95)
	at java.util.ArrayList.forEach(ArrayList.java:1259)
	at org.junit.platform.engine.support.hierarchical.SameThreadHierarchicalTestExecutorService.invokeAll(SameThreadHierarchicalTestExecutorService.java:41)
	at org.junit.platform.engine.support.hierarchical.NodeTestTask.lambda$executeRecursively$6(NodeTestTask.java:155)
	at org.junit.platform.engine.support.hierarchical.ThrowableCollector.execute(ThrowableCollector.java:73)
	at org.junit.platform.engine.support.hierarchical.NodeTestTask.lambda$executeRecursively$8(NodeTestTask.java:141)
	at org.junit.platform.engine.support.hierarchical.Node.around(Node.java:137)
	at org.junit.platform.engine.support.hierarchical.NodeTestTask.lambda$executeRecursively$9(NodeTestTask.java:139)
	at org.junit.platform.engine.support.hierarchical.ThrowableCollector.execute(ThrowableCollector.java:73)
	at org.junit.platform.engine.support.hierarchical.NodeTestTask.executeRecursively(NodeTestTask.java:138)
	at org.junit.platform.engine.support.hierarchical.NodeTestTask.execute(NodeTestTask.java:95)
	at java.util.ArrayList.forEach(ArrayList.java:1259)
	at org.junit.platform.engine.support.hierarchical.SameThreadHierarchicalTestExecutorService.invokeAll(SameThreadHierarchicalTestExecutorService.java:41)
	at org.junit.platform.engine.support.hierarchical.NodeTestTask.lambda$executeRecursively$6(NodeTestTask.java:155)
	at org.junit.platform.engine.support.hierarchical.ThrowableCollector.execute(ThrowableCollector.java:73)
	at org.junit.platform.engine.support.hierarchical.NodeTestTask.lambda$executeRecursively$8(NodeTestTask.java:141)
	at org.junit.platform.engine.support.hierarchical.Node.around(Node.java:137)
	at org.junit.platform.engine.support.hierarchical.NodeTestTask.lambda$executeRecursively$9(NodeTestTask.java:139)
	at org.junit.platform.engine.support.hierarchical.ThrowableCollector.execute(ThrowableCollector.java:73)
	at org.junit.platform.engine.support.hierarchical.NodeTestTask.executeRecursively(NodeTestTask.java:138)
	at org.junit.platform.engine.support.hierarchical.NodeTestTask.execute(NodeTestTask.java:95)
	at org.junit.platform.engine.support.hierarchical.SameThreadHierarchicalTestExecutorService.submit(SameThreadHierarchicalTestExecutorService.java:35)
	at org.junit.platform.engine.support.hierarchical.HierarchicalTestExecutor.execute(HierarchicalTestExecutor.java:57)
	at org.junit.platform.engine.support.hierarchical.HierarchicalTestEngine.execute(HierarchicalTestEngine.java:54)
	at org.junit.platform.launcher.core.EngineExecutionOrchestrator.execute(EngineExecutionOrchestrator.java:107)
	at org.junit.platform.launcher.core.EngineExecutionOrchestrator.execute(EngineExecutionOrchestrator.java:88)
	at org.junit.platform.launcher.core.EngineExecutionOrchestrator.lambda$execute$0(EngineExecutionOrchestrator.java:54)
	at org.junit.platform.launcher.core.EngineExecutionOrchestrator.withInterceptedStreams(EngineExecutionOrchestrator.java:67)
	at org.junit.platform.launcher.core.EngineExecutionOrchestrator.execute(EngineExecutionOrchestrator.java:52)
	at org.junit.platform.launcher.core.DefaultLauncher.execute(DefaultLauncher.java:114)
	at org.junit.platform.launcher.core.DefaultLauncher.execute(DefaultLauncher.java:86)
	at org.junit.platform.launcher.core.DefaultLauncherSession$DelegatingLauncher.execute(DefaultLauncherSession.java:86)
	at org.apache.maven.surefire.junitplatform.LazyLauncher.execute(LazyLauncher.java:56)
	at org.apache.maven.surefire.junitplatform.JUnitPlatformProvider.execute(JUnitPlatformProvider.java:184)
	at org.apache.maven.surefire.junitplatform.JUnitPlatformProvider.invokeAllTests(JUnitPlatformProvider.java:148)
	at org.apache.maven.surefire.junitplatform.JUnitPlatformProvider.invoke(JUnitPlatformProvider.java:120)
	at org.apache.maven.surefire.booter.ForkedBooter.runSuitesInProcess(ForkedBooter.java:385)
	at org.apache.maven.surefire.booter.ForkedBooter.execute(ForkedBooter.java:162)
	at org.apache.maven.surefire.booter.ForkedBooter.run(ForkedBooter.java:507)
	at org.apache.maven.surefire.booter.ForkedBooter.main(ForkedBooter.java:495)
2023-12-10 08:56:11,476 [main] ERROR scm.XceiverClientGrpc (XceiverClientGrpc.java:sendCommandWithRetry(452)) - Failed to execute command ReadChunk on the pipeline Pipeline[ Id: f61d75ec-e88f-4c7b-915f-8b162c13ffa2, Nodes: 1325fac8-4950-4fd4-a580-526da936db2d(fv-az1041-125/10.1.0.29)9d33b5cf-046b-45d3-8518-fd69107da003(fv-az1041-125/10.1.0.29)739b2b9a-4a10-4b30-8d82-41f2f3567ae9(fv-az1041-125/10.1.0.29), ReplicationConfig: STANDALONE/THREE, State:OPEN, leaderId:9d33b5cf-046b-45d3-8518-fd69107da003, CreationTimestamp2023-12-10T08:55:30.382Z[Etc/UTC]].
2023-12-10 08:56:11,476 [main] WARN  storage.ContainerProtocolCalls (ContainerProtocolCalls.java:tryEachDatanode(150)) - Failed to read chunk 111677748019200367_chunk_1 (len=12) conID: 4 locID: 111677748019200367 bcsId: 214 from 739b2b9a-4a10-4b30-8d82-41f2f3567ae9(fv-az1041-125/10.1.0.29); will try another datanode.
org.apache.hadoop.ozone.common.OzoneChecksumException: Checksum mismatch at index 0
	at org.apache.hadoop.ozone.common.ChecksumData.verifyChecksumDataMatches(ChecksumData.java:139)
	at org.apache.hadoop.ozone.common.Checksum.verifyChecksum(Checksum.java:300)
	at org.apache.hadoop.hdds.scm.storage.ChunkInputStream.validateChunk(ChunkInputStream.java:488)
	at org.apache.hadoop.hdds.scm.XceiverClientGrpc.sendCommandWithRetry(XceiverClientGrpc.java:409)
	at org.apache.hadoop.hdds.scm.XceiverClientGrpc.lambda$sendCommandWithTraceIDAndRetry$0(XceiverClientGrpc.java:349)
	at org.apache.hadoop.hdds.tracing.TracingUtil.executeInSpan(TracingUtil.java:169)
	at org.apache.hadoop.hdds.tracing.TracingUtil.executeInNewSpan(TracingUtil.java:149)
	at org.apache.hadoop.hdds.scm.XceiverClientGrpc.sendCommandWithTraceIDAndRetry(XceiverClientGrpc.java:344)
	at org.apache.hadoop.hdds.scm.XceiverClientGrpc.sendCommand(XceiverClientGrpc.java:325)
	at org.apache.hadoop.hdds.scm.storage.ContainerProtocolCalls.readChunk(ContainerProtocolCalls.java:356)
	at org.apache.hadoop.hdds.scm.storage.ContainerProtocolCalls.lambda$readChunk$2(ContainerProtocolCalls.java:343)
	at org.apache.hadoop.hdds.scm.storage.ContainerProtocolCalls.tryEachDatanode(ContainerProtocolCalls.java:146)
	at org.apache.hadoop.hdds.scm.storage.ContainerProtocolCalls.readChunk(ContainerProtocolCalls.java:342)
	at org.apache.hadoop.hdds.scm.storage.ChunkInputStream.readChunk(ChunkInputStream.java:425)
	at org.apache.hadoop.hdds.scm.storage.ChunkInputStream.readChunkDataIntoBuffers(ChunkInputStream.java:402)
	at org.apache.hadoop.hdds.scm.storage.ChunkInputStream.readChunkFromContainer(ChunkInputStream.java:387)
	at org.apache.hadoop.hdds.scm.storage.ChunkInputStream.prepareRead(ChunkInputStream.java:319)
	at org.apache.hadoop.hdds.scm.storage.ChunkInputStream.read(ChunkInputStream.java:173)
	at org.apache.hadoop.hdds.scm.storage.ByteArrayReader.readFromBlock(ByteArrayReader.java:54)
	at org.apache.hadoop.hdds.scm.storage.BlockInputStream.readWithStrategy(BlockInputStream.java:354)
	at org.apache.hadoop.hdds.scm.storage.ExtendedInputStream.read(ExtendedInputStream.java:56)
	at org.apache.hadoop.hdds.scm.storage.ByteArrayReader.readFromBlock(ByteArrayReader.java:54)
	at org.apache.hadoop.hdds.scm.storage.MultipartInputStream.readWithStrategy(MultipartInputStream.java:96)
	at org.apache.hadoop.hdds.scm.storage.ExtendedInputStream.read(ExtendedInputStream.java:56)
	at org.apache.hadoop.ozone.client.io.OzoneInputStream.read(OzoneInputStream.java:56)
	at java.io.InputStream.read(InputStream.java:101)
	at org.apache.hadoop.ozone.client.rpc.TestOzoneRpcClientAbstract.testReadKeyWithCorruptedDataWithMutiNodes(TestOzoneRpcClientAbstract.java:2096)
	at sun.reflect.NativeMethodAccessorImpl.invoke0(Native Method)
	at sun.reflect.NativeMethodAccessorImpl.invoke(NativeMethodAccessorImpl.java:62)
	at sun.reflect.DelegatingMethodAccessorImpl.invoke(DelegatingMethodAccessorImpl.java:43)
	at java.lang.reflect.Method.invoke(Method.java:498)
	at org.junit.platform.commons.util.ReflectionUtils.invokeMethod(ReflectionUtils.java:725)
	at org.junit.jupiter.engine.execution.MethodInvocation.proceed(MethodInvocation.java:60)
	at org.junit.jupiter.engine.execution.InvocationInterceptorChain$ValidatingInvocation.proceed(InvocationInterceptorChain.java:131)
	at org.junit.jupiter.engine.extension.TimeoutExtension.intercept(TimeoutExtension.java:149)
	at org.junit.jupiter.engine.extension.TimeoutExtension.interceptTestableMethod(TimeoutExtension.java:140)
	at org.junit.jupiter.engine.extension.TimeoutExtension.interceptTestMethod(TimeoutExtension.java:84)
	at org.junit.jupiter.engine.execution.ExecutableInvoker$ReflectiveInterceptorCall.lambda$ofVoidMethod$0(ExecutableInvoker.java:115)
	at org.junit.jupiter.engine.execution.ExecutableInvoker.lambda$invoke$0(ExecutableInvoker.java:105)
	at org.junit.jupiter.engine.execution.InvocationInterceptorChain$InterceptedInvocation.proceed(InvocationInterceptorChain.java:106)
	at org.junit.jupiter.engine.execution.InvocationInterceptorChain.proceed(InvocationInterceptorChain.java:64)
	at org.junit.jupiter.engine.execution.InvocationInterceptorChain.chainAndInvoke(InvocationInterceptorChain.java:45)
	at org.junit.jupiter.engine.execution.InvocationInterceptorChain.invoke(InvocationInterceptorChain.java:37)
	at org.junit.jupiter.engine.execution.ExecutableInvoker.invoke(ExecutableInvoker.java:104)
	at org.junit.jupiter.engine.execution.ExecutableInvoker.invoke(ExecutableInvoker.java:98)
	at org.junit.jupiter.engine.descriptor.TestMethodTestDescriptor.lambda$invokeTestMethod$7(TestMethodTestDescriptor.java:214)
	at org.junit.platform.engine.support.hierarchical.ThrowableCollector.execute(ThrowableCollector.java:73)
	at org.junit.jupiter.engine.descriptor.TestMethodTestDescriptor.invokeTestMethod(TestMethodTestDescriptor.java:210)
	at org.junit.jupiter.engine.descriptor.TestMethodTestDescriptor.execute(TestMethodTestDescriptor.java:135)
	at org.junit.jupiter.engine.descriptor.TestMethodTestDescriptor.execute(TestMethodTestDescriptor.java:66)
	at org.junit.platform.engine.support.hierarchical.NodeTestTask.lambda$executeRecursively$6(NodeTestTask.java:151)
	at org.junit.platform.engine.support.hierarchical.ThrowableCollector.execute(ThrowableCollector.java:73)
	at org.junit.platform.engine.support.hierarchical.NodeTestTask.lambda$executeRecursively$8(NodeTestTask.java:141)
	at org.junit.platform.engine.support.hierarchical.Node.around(Node.java:137)
	at org.junit.platform.engine.support.hierarchical.NodeTestTask.lambda$executeRecursively$9(NodeTestTask.java:139)
	at org.junit.platform.engine.support.hierarchical.ThrowableCollector.execute(ThrowableCollector.java:73)
	at org.junit.platform.engine.support.hierarchical.NodeTestTask.executeRecursively(NodeTestTask.java:138)
	at org.junit.platform.engine.support.hierarchical.NodeTestTask.execute(NodeTestTask.java:95)
	at java.util.ArrayList.forEach(ArrayList.java:1259)
	at org.junit.platform.engine.support.hierarchical.SameThreadHierarchicalTestExecutorService.invokeAll(SameThreadHierarchicalTestExecutorService.java:41)
	at org.junit.platform.engine.support.hierarchical.NodeTestTask.lambda$executeRecursively$6(NodeTestTask.java:155)
	at org.junit.platform.engine.support.hierarchical.ThrowableCollector.execute(ThrowableCollector.java:73)
	at org.junit.platform.engine.support.hierarchical.NodeTestTask.lambda$executeRecursively$8(NodeTestTask.java:141)
	at org.junit.platform.engine.support.hierarchical.Node.around(Node.java:137)
	at org.junit.platform.engine.support.hierarchical.NodeTestTask.lambda$executeRecursively$9(NodeTestTask.java:139)
	at org.junit.platform.engine.support.hierarchical.ThrowableCollector.execute(ThrowableCollector.java:73)
	at org.junit.platform.engine.support.hierarchical.NodeTestTask.executeRecursively(NodeTestTask.java:138)
	at org.junit.platform.engine.support.hierarchical.NodeTestTask.execute(NodeTestTask.java:95)
	at java.util.ArrayList.forEach(ArrayList.java:1259)
	at org.junit.platform.engine.support.hierarchical.SameThreadHierarchicalTestExecutorService.invokeAll(SameThreadHierarchicalTestExecutorService.java:41)
	at org.junit.platform.engine.support.hierarchical.NodeTestTask.lambda$executeRecursively$6(NodeTestTask.java:155)
	at org.junit.platform.engine.support.hierarchical.ThrowableCollector.execute(ThrowableCollector.java:73)
	at org.junit.platform.engine.support.hierarchical.NodeTestTask.lambda$executeRecursively$8(NodeTestTask.java:141)
	at org.junit.platform.engine.support.hierarchical.Node.around(Node.java:137)
	at org.junit.platform.engine.support.hierarchical.NodeTestTask.lambda$executeRecursively$9(NodeTestTask.java:139)
	at org.junit.platform.engine.support.hierarchical.ThrowableCollector.execute(ThrowableCollector.java:73)
	at org.junit.platform.engine.support.hierarchical.NodeTestTask.executeRecursively(NodeTestTask.java:138)
	at org.junit.platform.engine.support.hierarchical.NodeTestTask.execute(NodeTestTask.java:95)
	at org.junit.platform.engine.support.hierarchical.SameThreadHierarchicalTestExecutorService.submit(SameThreadHierarchicalTestExecutorService.java:35)
	at org.junit.platform.engine.support.hierarchical.HierarchicalTestExecutor.execute(HierarchicalTestExecutor.java:57)
	at org.junit.platform.engine.support.hierarchical.HierarchicalTestEngine.execute(HierarchicalTestEngine.java:54)
	at org.junit.platform.launcher.core.EngineExecutionOrchestrator.execute(EngineExecutionOrchestrator.java:107)
	at org.junit.platform.launcher.core.EngineExecutionOrchestrator.execute(EngineExecutionOrchestrator.java:88)
	at org.junit.platform.launcher.core.EngineExecutionOrchestrator.lambda$execute$0(EngineExecutionOrchestrator.java:54)
	at org.junit.platform.launcher.core.EngineExecutionOrchestrator.withInterceptedStreams(EngineExecutionOrchestrator.java:67)
	at org.junit.platform.launcher.core.EngineExecutionOrchestrator.execute(EngineExecutionOrchestrator.java:52)
	at org.junit.platform.launcher.core.DefaultLauncher.execute(DefaultLauncher.java:114)
	at org.junit.platform.launcher.core.DefaultLauncher.execute(DefaultLauncher.java:86)
	at org.junit.platform.launcher.core.DefaultLauncherSession$DelegatingLauncher.execute(DefaultLauncherSession.java:86)
	at org.apache.maven.surefire.junitplatform.LazyLauncher.execute(LazyLauncher.java:56)
	at org.apache.maven.surefire.junitplatform.JUnitPlatformProvider.execute(JUnitPlatformProvider.java:184)
	at org.apache.maven.surefire.junitplatform.JUnitPlatformProvider.invokeAllTests(JUnitPlatformProvider.java:148)
	at org.apache.maven.surefire.junitplatform.JUnitPlatformProvider.invoke(JUnitPlatformProvider.java:120)
	at org.apache.maven.surefire.booter.ForkedBooter.runSuitesInProcess(ForkedBooter.java:385)
	at org.apache.maven.surefire.booter.ForkedBooter.execute(ForkedBooter.java:162)
	at org.apache.maven.surefire.booter.ForkedBooter.run(ForkedBooter.java:507)
	at org.apache.maven.surefire.booter.ForkedBooter.main(ForkedBooter.java:495)
2023-12-10 08:56:11,479 [main] ERROR scm.XceiverClientGrpc (XceiverClientGrpc.java:sendCommandWithRetry(452)) - Failed to execute command ReadChunk on the pipeline Pipeline[ Id: f61d75ec-e88f-4c7b-915f-8b162c13ffa2, Nodes: 1325fac8-4950-4fd4-a580-526da936db2d(fv-az1041-125/10.1.0.29)9d33b5cf-046b-45d3-8518-fd69107da003(fv-az1041-125/10.1.0.29)739b2b9a-4a10-4b30-8d82-41f2f3567ae9(fv-az1041-125/10.1.0.29), ReplicationConfig: STANDALONE/THREE, State:OPEN, leaderId:9d33b5cf-046b-45d3-8518-fd69107da003, CreationTimestamp2023-12-10T08:55:30.382Z[Etc/UTC]].
]]></system-out>
  </testcase>
  <testcase name="testReadKeyWithVerifyChecksumFlagDisable" classname="org.apache.hadoop.ozone.client.rpc.TestOzoneRpcClientWithRatis" time="0.048">
    <system-out><![CDATA[2023-12-10 08:56:11,481 [main] INFO  rpc.RpcClient (RpcClient.java:createVolume(464)) - Creating Volume: 8d369b95-5fe1-4952-b2d7-c67970cb9844, with runner as owner and space quota set to -1 bytes, counts quota set to -1
2023-12-10 08:56:11,482 [om1-OMStateMachineApplyTransactionThread - 0] INFO  volume.OMVolumeCreateRequest (OMVolumeCreateRequest.java:validateAndUpdateCache(204)) - created volume:8d369b95-5fe1-4952-b2d7-c67970cb9844 for user:runner
2023-12-10 08:56:11,484 [main] INFO  rpc.RpcClient (RpcClient.java:createBucket(691)) - Creating Bucket: 8d369b95-5fe1-4952-b2d7-c67970cb9844/df2644ae-8c29-4f36-8557-8dd69cd11da5, with server-side default bucket layout, runner as owner, Versioning false, Storage Type set to DISK and Encryption set to false, Replication Type set to server-side default replication type, Namespace Quota set to -1, Space Quota set to -1 
2023-12-10 08:56:11,485 [om1-OMStateMachineApplyTransactionThread - 0] INFO  bucket.OMBucketCreateRequest (OMBucketCreateRequest.java:validateAndUpdateCache(299)) - created bucket: df2644ae-8c29-4f36-8557-8dd69cd11da5 of layout FILE_SYSTEM_OPTIMIZED in volume: 8d369b95-5fe1-4952-b2d7-c67970cb9844
2023-12-10 08:56:11,487 [IPC Server handler 1 on default port 15001] WARN  node.SCMNodeManager (SCMNodeManager.java:getNodesByAddress(1374)) - address is null
2023-12-10 08:56:11,494 [IPC Server handler 2 on default port 15001] WARN  node.SCMNodeManager (SCMNodeManager.java:getNodesByAddress(1379)) - Cannot find node for address 127.0.0.1
]]></system-out>
  </testcase>
  <testcase name="testReadKeyWithVerifyChecksumFlagEnable" classname="org.apache.hadoop.ozone.client.rpc.TestOzoneRpcClientWithRatis" time="0.057">
    <system-out><![CDATA[2023-12-10 08:56:11,529 [main] INFO  rpc.RpcClient (RpcClient.java:createVolume(464)) - Creating Volume: ce969e5d-97c4-43dd-b424-df0b645ef6ce, with runner as owner and space quota set to -1 bytes, counts quota set to -1
2023-12-10 08:56:11,531 [om1-OMStateMachineApplyTransactionThread - 0] INFO  volume.OMVolumeCreateRequest (OMVolumeCreateRequest.java:validateAndUpdateCache(204)) - created volume:ce969e5d-97c4-43dd-b424-df0b645ef6ce for user:runner
2023-12-10 08:56:11,532 [main] INFO  rpc.RpcClient (RpcClient.java:createBucket(691)) - Creating Bucket: ce969e5d-97c4-43dd-b424-df0b645ef6ce/991b35a6-f29b-4f99-8934-dcd0843066b0, with server-side default bucket layout, runner as owner, Versioning false, Storage Type set to DISK and Encryption set to false, Replication Type set to server-side default replication type, Namespace Quota set to -1, Space Quota set to -1 
2023-12-10 08:56:11,534 [om1-OMStateMachineApplyTransactionThread - 0] INFO  bucket.OMBucketCreateRequest (OMBucketCreateRequest.java:validateAndUpdateCache(299)) - created bucket: 991b35a6-f29b-4f99-8934-dcd0843066b0 of layout FILE_SYSTEM_OPTIMIZED in volume: ce969e5d-97c4-43dd-b424-df0b645ef6ce
2023-12-10 08:56:11,535 [IPC Server handler 18 on default port 15001] WARN  node.SCMNodeManager (SCMNodeManager.java:getNodesByAddress(1374)) - address is null
2023-12-10 08:56:11,543 [IPC Server handler 12 on default port 15001] WARN  node.SCMNodeManager (SCMNodeManager.java:getNodesByAddress(1379)) - Cannot find node for address 127.0.0.1
2023-12-10 08:56:11,580 [main] ERROR scm.XceiverClientGrpc (XceiverClientGrpc.java:sendCommandWithRetry(452)) - Failed to execute command ReadChunk on the pipeline Pipeline[ Id: 0e31ffd7-807d-4cd9-9b21-880eb54c8ef0, Nodes: 383c3691-e37d-4704-9b62-3f343d93bad0(fv-az1041-125/10.1.0.29), ReplicationConfig: STANDALONE/ONE, State:OPEN, leaderId:383c3691-e37d-4704-9b62-3f343d93bad0, CreationTimestamp2023-12-10T08:55:38.739Z[Etc/UTC]].
2023-12-10 08:56:11,582 [main] ERROR scm.XceiverClientGrpc (XceiverClientGrpc.java:sendCommandWithRetry(452)) - Failed to execute command ReadChunk on the pipeline Pipeline[ Id: 0e31ffd7-807d-4cd9-9b21-880eb54c8ef0, Nodes: 383c3691-e37d-4704-9b62-3f343d93bad0(fv-az1041-125/10.1.0.29), ReplicationConfig: STANDALONE/ONE, State:OPEN, leaderId:383c3691-e37d-4704-9b62-3f343d93bad0, CreationTimestamp2023-12-10T08:55:38.739Z[Etc/UTC]].
2023-12-10 08:56:11,583 [main] ERROR scm.XceiverClientGrpc (XceiverClientGrpc.java:sendCommandWithRetry(452)) - Failed to execute command ReadChunk on the pipeline Pipeline[ Id: 0e31ffd7-807d-4cd9-9b21-880eb54c8ef0, Nodes: 383c3691-e37d-4704-9b62-3f343d93bad0(fv-az1041-125/10.1.0.29), ReplicationConfig: STANDALONE/ONE, State:OPEN, leaderId:383c3691-e37d-4704-9b62-3f343d93bad0, CreationTimestamp2023-12-10T08:55:38.739Z[Etc/UTC]].
]]></system-out>
  </testcase>
  <testcase name="testRemoveBucketAcl" classname="org.apache.hadoop.ozone.client.rpc.TestOzoneRpcClientWithRatis" time="0.008">
    <system-out><![CDATA[2023-12-10 08:56:11,586 [main] INFO  rpc.RpcClient (RpcClient.java:createVolume(464)) - Creating Volume: 17692b88-23ab-48e5-a50b-fd5fbe1e8453, with runner as owner and space quota set to -1 bytes, counts quota set to -1
2023-12-10 08:56:11,587 [om1-OMStateMachineApplyTransactionThread - 0] INFO  volume.OMVolumeCreateRequest (OMVolumeCreateRequest.java:validateAndUpdateCache(204)) - created volume:17692b88-23ab-48e5-a50b-fd5fbe1e8453 for user:runner
2023-12-10 08:56:11,589 [main] INFO  rpc.RpcClient (RpcClient.java:createBucket(691)) - Creating Bucket: 17692b88-23ab-48e5-a50b-fd5fbe1e8453/af3bea85-2f29-437d-ac4c-67b7b74029a2, with server-side default bucket layout, runner as owner, Versioning false, Storage Type set to DISK and Encryption set to false, Replication Type set to server-side default replication type, Namespace Quota set to -1, Space Quota set to -1 
2023-12-10 08:56:11,590 [om1-OMStateMachineApplyTransactionThread - 0] INFO  bucket.OMBucketCreateRequest (OMBucketCreateRequest.java:validateAndUpdateCache(299)) - created bucket: af3bea85-2f29-437d-ac4c-67b7b74029a2 of layout FILE_SYSTEM_OPTIMIZED in volume: 17692b88-23ab-48e5-a50b-fd5fbe1e8453
]]></system-out>
  </testcase>
  <testcase name="testRemoveBucketAclUsingRpcClientRemoveAcl" classname="org.apache.hadoop.ozone.client.rpc.TestOzoneRpcClientWithRatis" time="0.007">
    <system-out><![CDATA[2023-12-10 08:56:11,594 [main] INFO  rpc.RpcClient (RpcClient.java:createVolume(464)) - Creating Volume: a369d8f5-998f-431e-9ffb-3a294f66c5aa, with runner as owner and space quota set to -1 bytes, counts quota set to -1
2023-12-10 08:56:11,595 [om1-OMStateMachineApplyTransactionThread - 0] INFO  volume.OMVolumeCreateRequest (OMVolumeCreateRequest.java:validateAndUpdateCache(204)) - created volume:a369d8f5-998f-431e-9ffb-3a294f66c5aa for user:runner
2023-12-10 08:56:11,596 [main] INFO  rpc.RpcClient (RpcClient.java:createBucket(691)) - Creating Bucket: a369d8f5-998f-431e-9ffb-3a294f66c5aa/055a20b2-5825-4cd0-8878-040bd0ae3330, with server-side default bucket layout, runner as owner, Versioning false, Storage Type set to DISK and Encryption set to false, Replication Type set to server-side default replication type, Namespace Quota set to -1, Space Quota set to -1 
2023-12-10 08:56:11,597 [om1-OMStateMachineApplyTransactionThread - 0] INFO  bucket.OMBucketCreateRequest (OMBucketCreateRequest.java:validateAndUpdateCache(299)) - created bucket: 055a20b2-5825-4cd0-8878-040bd0ae3330 of layout FILE_SYSTEM_OPTIMIZED in volume: a369d8f5-998f-431e-9ffb-3a294f66c5aa
]]></system-out>
  </testcase>
  <testcase name="testRenameKey" classname="org.apache.hadoop.ozone.client.rpc.TestOzoneRpcClientWithRatis" time="0.034">
    <system-out><![CDATA[2023-12-10 08:56:11,602 [main] INFO  rpc.RpcClient (RpcClient.java:createVolume(464)) - Creating Volume: 0dab15c1-5906-4cde-8adb-c6fb58e961a6, with runner as owner and space quota set to -1 bytes, counts quota set to -1
2023-12-10 08:56:11,603 [om1-OMStateMachineApplyTransactionThread - 0] INFO  volume.OMVolumeCreateRequest (OMVolumeCreateRequest.java:validateAndUpdateCache(204)) - created volume:0dab15c1-5906-4cde-8adb-c6fb58e961a6 for user:runner
2023-12-10 08:56:11,604 [main] INFO  rpc.RpcClient (RpcClient.java:createBucket(691)) - Creating Bucket: 0dab15c1-5906-4cde-8adb-c6fb58e961a6/5c26b308-f495-4b64-8bea-bb1441f9743b, with server-side default bucket layout, runner as owner, Versioning false, Storage Type set to DISK and Encryption set to false, Replication Type set to server-side default replication type, Namespace Quota set to -1, Space Quota set to -1 
2023-12-10 08:56:11,605 [om1-OMStateMachineApplyTransactionThread - 0] INFO  bucket.OMBucketCreateRequest (OMBucketCreateRequest.java:validateAndUpdateCache(299)) - created bucket: 5c26b308-f495-4b64-8bea-bb1441f9743b of layout FILE_SYSTEM_OPTIMIZED in volume: 0dab15c1-5906-4cde-8adb-c6fb58e961a6
2023-12-10 08:56:11,607 [IPC Server handler 3 on default port 15001] WARN  node.SCMNodeManager (SCMNodeManager.java:getNodesByAddress(1374)) - address is null
2023-12-10 08:56:11,618 [IPC Server handler 19 on default port 15001] WARN  node.SCMNodeManager (SCMNodeManager.java:getNodesByAddress(1379)) - Cannot find node for address 127.0.0.1
2023-12-10 08:56:11,629 [IPC Server handler 0 on default port 15001] WARN  node.SCMNodeManager (SCMNodeManager.java:getNodesByAddress(1379)) - Cannot find node for address 127.0.0.1
08:56:11.633 [IPC Server handler 5 on default port 15004] ERROR OMAudit - user=runner | ip=127.0.0.1 | op=READ_KEY {volume=0dab15c1-5906-4cde-8adb-c6fb58e961a6, bucket=5c26b308-f495-4b64-8bea-bb1441f9743b, key=31434b34-f86c-4ac1-9887-fd31cc508b75, dataSize=0, replicationConfig=null} | ret=FAILURE
org.apache.hadoop.ozone.om.exceptions.OMException: Key:31434b34-f86c-4ac1-9887-fd31cc508b75 not found
	at org.apache.hadoop.ozone.om.KeyManagerImpl.readKeyInfo(KeyManagerImpl.java:451) ~[ozone-manager-1.4.0-SNAPSHOT.jar:?]
	at org.apache.hadoop.ozone.om.KeyManagerImpl.lambda$9(KeyManagerImpl.java:2011) ~[ozone-manager-1.4.0-SNAPSHOT.jar:?]
	at org.apache.hadoop.util.MetricUtil.captureLatencyNs(MetricUtil.java:39) ~[hdds-common-1.4.0-SNAPSHOT.jar:?]
	at org.apache.hadoop.ozone.om.KeyManagerImpl.getKeyInfo(KeyManagerImpl.java:2009) ~[ozone-manager-1.4.0-SNAPSHOT.jar:?]
	at org.apache.hadoop.ozone.om.OmMetadataReader.getKeyInfo(OmMetadataReader.java:190) ~[ozone-manager-1.4.0-SNAPSHOT.jar:?]
	at org.apache.hadoop.ozone.om.OzoneManager.getKeyInfo(OzoneManager.java:2869) ~[ozone-manager-1.4.0-SNAPSHOT.jar:?]
	at org.apache.hadoop.ozone.protocolPB.OzoneManagerRequestHandler.getKeyInfo(OzoneManagerRequestHandler.java:606) ~[ozone-manager-1.4.0-SNAPSHOT.jar:?]
	at org.apache.hadoop.ozone.protocolPB.OzoneManagerRequestHandler.handleReadRequest(OzoneManagerRequestHandler.java:322) ~[ozone-manager-1.4.0-SNAPSHOT.jar:?]
	at org.apache.hadoop.ozone.protocolPB.OzoneManagerProtocolServerSideTranslatorPB.submitReadRequestToOM(OzoneManagerProtocolServerSideTranslatorPB.java:265) ~[ozone-manager-1.4.0-SNAPSHOT.jar:?]
	at org.apache.hadoop.ozone.protocolPB.OzoneManagerProtocolServerSideTranslatorPB.internalProcessRequest(OzoneManagerProtocolServerSideTranslatorPB.java:211) ~[ozone-manager-1.4.0-SNAPSHOT.jar:?]
	at org.apache.hadoop.ozone.protocolPB.OzoneManagerProtocolServerSideTranslatorPB.processRequest(OzoneManagerProtocolServerSideTranslatorPB.java:171) ~[ozone-manager-1.4.0-SNAPSHOT.jar:?]
	at org.apache.hadoop.hdds.server.OzoneProtocolMessageDispatcher.processRequest(OzoneProtocolMessageDispatcher.java:89) [hdds-server-framework-1.4.0-SNAPSHOT.jar:?]
	at org.apache.hadoop.ozone.protocolPB.OzoneManagerProtocolServerSideTranslatorPB.submitRequest(OzoneManagerProtocolServerSideTranslatorPB.java:162) [ozone-manager-1.4.0-SNAPSHOT.jar:?]
	at org.apache.hadoop.ozone.protocol.proto.OzoneManagerProtocolProtos$OzoneManagerService$2.callBlockingMethod(OzoneManagerProtocolProtos.java) [ozone-interface-client-1.4.0-SNAPSHOT.jar:?]
	at org.apache.hadoop.ipc.ProtobufRpcEngine$Server.processCall(ProtobufRpcEngine.java:484) [hadoop-common-3.3.6.jar:?]
	at org.apache.hadoop.ipc.ProtobufRpcEngine2$Server$ProtoBufRpcInvoker.call(ProtobufRpcEngine2.java:595) [hadoop-common-3.3.6.jar:?]
	at org.apache.hadoop.ipc.ProtobufRpcEngine2$Server$ProtoBufRpcInvoker.call(ProtobufRpcEngine2.java:573) [hadoop-common-3.3.6.jar:?]
	at org.apache.hadoop.ipc.RPC$Server.call(RPC.java:1227) [hadoop-common-3.3.6.jar:?]
	at org.apache.hadoop.ipc.Server$RpcCall.run(Server.java:1094) [hadoop-common-3.3.6.jar:?]
	at org.apache.hadoop.ipc.Server$RpcCall.run(Server.java:1017) [hadoop-common-3.3.6.jar:?]
	at java.security.AccessController.doPrivileged(Native Method) ~[?:1.8.0_392]
	at javax.security.auth.Subject.doAs(Subject.java:422) [?:1.8.0_392]
	at org.apache.hadoop.security.UserGroupInformation.doAs(UserGroupInformation.java:1899) [hadoop-common-3.3.6.jar:?]
	at org.apache.hadoop.ipc.Server$Handler.run(Server.java:3048) [hadoop-common-3.3.6.jar:?]
2023-12-10 08:56:11,635 [IPC Server handler 6 on default port 15001] WARN  node.SCMNodeManager (SCMNodeManager.java:getNodesByAddress(1379)) - Cannot find node for address 127.0.0.1
]]></system-out>
  </testcase>
  <testcase name="testSetAndClrQuota" classname="org.apache.hadoop.ozone.client.rpc.TestOzoneRpcClientWithRatis" time="0.045">
    <system-out><![CDATA[2023-12-10 08:56:11,637 [main] INFO  rpc.RpcClient (RpcClient.java:createVolume(464)) - Creating Volume: 4b9ac583-44e2-4a2a-8424-60e744d8c0ad, with runner as owner and space quota set to -1 bytes, counts quota set to -1
2023-12-10 08:56:11,638 [om1-OMStateMachineApplyTransactionThread - 0] INFO  volume.OMVolumeCreateRequest (OMVolumeCreateRequest.java:validateAndUpdateCache(204)) - created volume:4b9ac583-44e2-4a2a-8424-60e744d8c0ad for user:runner
2023-12-10 08:56:11,639 [main] INFO  rpc.RpcClient (RpcClient.java:createBucket(691)) - Creating Bucket: 4b9ac583-44e2-4a2a-8424-60e744d8c0ad/376a91de-69da-4959-bc64-89fba3dfda2e, with server-side default bucket layout, runner as owner, Versioning false, Storage Type set to DISK and Encryption set to false, Replication Type set to server-side default replication type, Namespace Quota set to -1, Space Quota set to -1 
2023-12-10 08:56:11,640 [om1-OMStateMachineApplyTransactionThread - 0] INFO  bucket.OMBucketCreateRequest (OMBucketCreateRequest.java:validateAndUpdateCache(299)) - created bucket: 376a91de-69da-4959-bc64-89fba3dfda2e of layout FILE_SYSTEM_OPTIMIZED in volume: 4b9ac583-44e2-4a2a-8424-60e744d8c0ad
2023-12-10 08:56:11,646 [main] INFO  rpc.RpcClient (RpcClient.java:createBucket(691)) - Creating Bucket: 4b9ac583-44e2-4a2a-8424-60e744d8c0ad/86ea926b-eff2-4798-ad01-89e6494433b7, with server-side default bucket layout, runner as owner, Versioning false, Storage Type set to DISK and Encryption set to false, Replication Type set to server-side default replication type, Namespace Quota set to -1, Space Quota set to -1 
2023-12-10 08:56:11,647 [om1-OMStateMachineApplyTransactionThread - 0] INFO  bucket.OMBucketCreateRequest (OMBucketCreateRequest.java:validateAndUpdateCache(299)) - created bucket: 86ea926b-eff2-4798-ad01-89e6494433b7 of layout FILE_SYSTEM_OPTIMIZED in volume: 4b9ac583-44e2-4a2a-8424-60e744d8c0ad
08:56:11.656 [om1-OMStateMachineApplyTransactionThread - 0] ERROR OMAudit - user=runner | ip=127.0.0.1 | op=UPDATE_BUCKET {volume=4b9ac583-44e2-4a2a-8424-60e744d8c0ad, bucket=376a91de-69da-4959-bc64-89fba3dfda2e, gdprEnabled=null, isVersionEnabled=null} | ret=FAILURE
org.apache.hadoop.ozone.om.exceptions.OMException: Can not clear bucket spaceQuota because volume spaceQuota is not cleared.
	at org.apache.hadoop.ozone.om.request.bucket.OMBucketSetPropertyRequest.checkQuotaBytesValid(OMBucketSetPropertyRequest.java:272) ~[ozone-manager-1.4.0-SNAPSHOT.jar:?]
	at org.apache.hadoop.ozone.om.request.bucket.OMBucketSetPropertyRequest.validateAndUpdateCache(OMBucketSetPropertyRequest.java:178) ~[ozone-manager-1.4.0-SNAPSHOT.jar:?]
	at org.apache.hadoop.ozone.protocolPB.OzoneManagerRequestHandler.lambda$0(OzoneManagerRequestHandler.java:395) ~[ozone-manager-1.4.0-SNAPSHOT.jar:?]
	at org.apache.hadoop.util.MetricUtil.captureLatencyNs(MetricUtil.java:39) ~[hdds-common-1.4.0-SNAPSHOT.jar:?]
	at org.apache.hadoop.ozone.protocolPB.OzoneManagerRequestHandler.handleWriteRequest(OzoneManagerRequestHandler.java:393) ~[ozone-manager-1.4.0-SNAPSHOT.jar:?]
	at org.apache.hadoop.ozone.om.ratis.OzoneManagerStateMachine.runCommand(OzoneManagerStateMachine.java:582) ~[ozone-manager-1.4.0-SNAPSHOT.jar:?]
	at org.apache.hadoop.ozone.om.ratis.OzoneManagerStateMachine.lambda$1(OzoneManagerStateMachine.java:370) ~[ozone-manager-1.4.0-SNAPSHOT.jar:?]
	at java.util.concurrent.CompletableFuture$AsyncSupply.run(CompletableFuture.java:1604) [?:1.8.0_392]
	at java.util.concurrent.ThreadPoolExecutor.runWorker(ThreadPoolExecutor.java:1149) [?:1.8.0_392]
	at java.util.concurrent.ThreadPoolExecutor$Worker.run(ThreadPoolExecutor.java:624) [?:1.8.0_392]
	at java.lang.Thread.run(Thread.java:750) [?:1.8.0_392]
2023-12-10 08:56:11,656 [om1-OMStateMachineApplyTransactionThread - 0] ERROR bucket.OMBucketSetPropertyRequest (OMBucketSetPropertyRequest.java:validateAndUpdateCache(232)) - Setting bucket property failed for bucket:376a91de-69da-4959-bc64-89fba3dfda2e in volume:4b9ac583-44e2-4a2a-8424-60e744d8c0ad
QUOTA_ERROR org.apache.hadoop.ozone.om.exceptions.OMException: Can not clear bucket spaceQuota because volume spaceQuota is not cleared.
	at org.apache.hadoop.ozone.om.request.bucket.OMBucketSetPropertyRequest.checkQuotaBytesValid(OMBucketSetPropertyRequest.java:272)
	at org.apache.hadoop.ozone.om.request.bucket.OMBucketSetPropertyRequest.validateAndUpdateCache(OMBucketSetPropertyRequest.java:178)
	at org.apache.hadoop.ozone.protocolPB.OzoneManagerRequestHandler.lambda$0(OzoneManagerRequestHandler.java:395)
	at org.apache.hadoop.util.MetricUtil.captureLatencyNs(MetricUtil.java:39)
	at org.apache.hadoop.ozone.protocolPB.OzoneManagerRequestHandler.handleWriteRequest(OzoneManagerRequestHandler.java:393)
	at org.apache.hadoop.ozone.om.ratis.OzoneManagerStateMachine.runCommand(OzoneManagerStateMachine.java:582)
	at org.apache.hadoop.ozone.om.ratis.OzoneManagerStateMachine.lambda$1(OzoneManagerStateMachine.java:370)
	at java.util.concurrent.CompletableFuture$AsyncSupply.run(CompletableFuture.java:1604)
	at java.util.concurrent.ThreadPoolExecutor.runWorker(ThreadPoolExecutor.java:1149)
	at java.util.concurrent.ThreadPoolExecutor$Worker.run(ThreadPoolExecutor.java:624)
	at java.lang.Thread.run(Thread.java:750)
2023-12-10 08:56:11,657 [IPC Server handler 7 on default port 15001] WARN  node.SCMNodeManager (SCMNodeManager.java:getNodesByAddress(1374)) - address is null
]]></system-out>
  </testcase>
  <testcase name="testSetBucketQuotaIllegal" classname="org.apache.hadoop.ozone.client.rpc.TestOzoneRpcClientWithRatis" time="0.014">
    <system-out><![CDATA[2023-12-10 08:56:11,682 [main] INFO  rpc.RpcClient (RpcClient.java:createVolume(464)) - Creating Volume: 108af137-6583-4364-82e5-2421a934c612, with runner as owner and space quota set to -1 bytes, counts quota set to -1
2023-12-10 08:56:11,684 [om1-OMStateMachineApplyTransactionThread - 0] INFO  volume.OMVolumeCreateRequest (OMVolumeCreateRequest.java:validateAndUpdateCache(204)) - created volume:108af137-6583-4364-82e5-2421a934c612 for user:runner
2023-12-10 08:56:11,685 [main] INFO  rpc.RpcClient (RpcClient.java:createBucket(691)) - Creating Bucket: 108af137-6583-4364-82e5-2421a934c612/1b70d5e7-2cf9-441f-9839-71b732ad1206, with server-side default bucket layout, runner as owner, Versioning false, Storage Type set to DISK and Encryption set to false, Replication Type set to server-side default replication type, Namespace Quota set to -1, Space Quota set to -1 
2023-12-10 08:56:11,687 [om1-OMStateMachineApplyTransactionThread - 0] INFO  bucket.OMBucketCreateRequest (OMBucketCreateRequest.java:validateAndUpdateCache(299)) - created bucket: 1b70d5e7-2cf9-441f-9839-71b732ad1206 of layout FILE_SYSTEM_OPTIMIZED in volume: 108af137-6583-4364-82e5-2421a934c612
]]></system-out>
  </testcase>
  <testcase name="testSetBucketStorageType" classname="org.apache.hadoop.ozone.client.rpc.TestOzoneRpcClientWithRatis" time="0.008">
    <system-out><![CDATA[2023-12-10 08:56:11,697 [main] INFO  rpc.RpcClient (RpcClient.java:createVolume(464)) - Creating Volume: 7b5ada4b-e3a1-4daf-8056-52c402068e24, with runner as owner and space quota set to -1 bytes, counts quota set to -1
2023-12-10 08:56:11,698 [om1-OMStateMachineApplyTransactionThread - 0] INFO  volume.OMVolumeCreateRequest (OMVolumeCreateRequest.java:validateAndUpdateCache(204)) - created volume:7b5ada4b-e3a1-4daf-8056-52c402068e24 for user:runner
2023-12-10 08:56:11,699 [main] INFO  rpc.RpcClient (RpcClient.java:createBucket(691)) - Creating Bucket: 7b5ada4b-e3a1-4daf-8056-52c402068e24/4ddecc44-b22a-4ef6-a2e9-e187c91591d4, with server-side default bucket layout, runner as owner, Versioning false, Storage Type set to DISK and Encryption set to false, Replication Type set to server-side default replication type, Namespace Quota set to -1, Space Quota set to -1 
2023-12-10 08:56:11,701 [om1-OMStateMachineApplyTransactionThread - 0] INFO  bucket.OMBucketCreateRequest (OMBucketCreateRequest.java:validateAndUpdateCache(299)) - created bucket: 4ddecc44-b22a-4ef6-a2e9-e187c91591d4 of layout FILE_SYSTEM_OPTIMIZED in volume: 7b5ada4b-e3a1-4daf-8056-52c402068e24
]]></system-out>
  </testcase>
  <testcase name="testSetBucketVersioning" classname="org.apache.hadoop.ozone.client.rpc.TestOzoneRpcClientWithRatis" time="0.008">
    <system-out><![CDATA[2023-12-10 08:56:11,704 [main] INFO  rpc.RpcClient (RpcClient.java:createVolume(464)) - Creating Volume: 965c7596-47ad-4078-97f8-a28d4e1e8378, with runner as owner and space quota set to -1 bytes, counts quota set to -1
2023-12-10 08:56:11,706 [om1-OMStateMachineApplyTransactionThread - 0] INFO  volume.OMVolumeCreateRequest (OMVolumeCreateRequest.java:validateAndUpdateCache(204)) - created volume:965c7596-47ad-4078-97f8-a28d4e1e8378 for user:runner
2023-12-10 08:56:11,708 [main] INFO  rpc.RpcClient (RpcClient.java:createBucket(691)) - Creating Bucket: 965c7596-47ad-4078-97f8-a28d4e1e8378/c3beb879-4b39-49c7-bda4-7609e61ce297, with server-side default bucket layout, runner as owner, Versioning false, Storage Type set to DISK and Encryption set to false, Replication Type set to server-side default replication type, Namespace Quota set to -1, Space Quota set to -1 
2023-12-10 08:56:11,709 [om1-OMStateMachineApplyTransactionThread - 0] INFO  bucket.OMBucketCreateRequest (OMBucketCreateRequest.java:validateAndUpdateCache(299)) - created bucket: c3beb879-4b39-49c7-bda4-7609e61ce297 of layout FILE_SYSTEM_OPTIMIZED in volume: 965c7596-47ad-4078-97f8-a28d4e1e8378
]]></system-out>
  </testcase>
  <testcase name="testSetECReplicationConfigOnBucket" classname="org.apache.hadoop.ozone.client.rpc.TestOzoneRpcClientWithRatis" time="0.009">
    <system-out><![CDATA[2023-12-10 08:56:11,712 [main] INFO  rpc.RpcClient (RpcClient.java:createVolume(464)) - Creating Volume: d866000e-02d7-4e02-ab1e-2a71146a5a97, with runner as owner and space quota set to -1 bytes, counts quota set to -1
2023-12-10 08:56:11,714 [om1-OMStateMachineApplyTransactionThread - 0] INFO  volume.OMVolumeCreateRequest (OMVolumeCreateRequest.java:validateAndUpdateCache(204)) - created volume:d866000e-02d7-4e02-ab1e-2a71146a5a97 for user:runner
2023-12-10 08:56:11,714 [main] INFO  rpc.RpcClient (RpcClient.java:createBucket(691)) - Creating Bucket: d866000e-02d7-4e02-ab1e-2a71146a5a97/9bfb6b99-3fdc-456a-817c-69c28d223447, with server-side default bucket layout, runner as owner, Versioning true, Storage Type set to DISK and Encryption set to false, Replication Type set to STAND_ALONE, Namespace Quota set to -1, Space Quota set to -1 
2023-12-10 08:56:11,716 [om1-OMStateMachineApplyTransactionThread - 0] INFO  bucket.OMBucketCreateRequest (OMBucketCreateRequest.java:validateAndUpdateCache(299)) - created bucket: 9bfb6b99-3fdc-456a-817c-69c28d223447 of layout FILE_SYSTEM_OPTIMIZED in volume: d866000e-02d7-4e02-ab1e-2a71146a5a97
]]></system-out>
  </testcase>
  <testcase name="testSetS3VolumeAcl" classname="org.apache.hadoop.ozone.client.rpc.TestOzoneRpcClientWithRatis" time="0.002"/>
  <testcase name="testSetVolumeQuota" classname="org.apache.hadoop.ozone.client.rpc.TestOzoneRpcClientWithRatis" time="0.006">
    <system-out><![CDATA[2023-12-10 08:56:11,725 [main] INFO  rpc.RpcClient (RpcClient.java:createVolume(464)) - Creating Volume: 128c106d-6586-43a0-8519-202ee4c12acd, with runner as owner and space quota set to -1 bytes, counts quota set to -1
2023-12-10 08:56:11,726 [om1-OMStateMachineApplyTransactionThread - 0] INFO  volume.OMVolumeCreateRequest (OMVolumeCreateRequest.java:validateAndUpdateCache(204)) - created volume:128c106d-6586-43a0-8519-202ee4c12acd for user:runner
]]></system-out>
  </testcase>
  <testcase name="testSetVolumeQuotaIllegal" classname="org.apache.hadoop.ozone.client.rpc.TestOzoneRpcClientWithRatis" time="0.006">
    <system-out><![CDATA[2023-12-10 08:56:11,731 [main] INFO  rpc.RpcClient (RpcClient.java:createVolume(464)) - Creating Volume: e460ebd2-e2fb-47ce-b8a7-6307a689c41a, with runner as owner and space quota set to -1 bytes, counts quota set to -1
2023-12-10 08:56:11,732 [om1-OMStateMachineApplyTransactionThread - 0] INFO  volume.OMVolumeCreateRequest (OMVolumeCreateRequest.java:validateAndUpdateCache(204)) - created volume:e460ebd2-e2fb-47ce-b8a7-6307a689c41a for user:runner
]]></system-out>
  </testcase>
  <testcase name="testUploadPartOverride(ReplicationConfig)[1]" classname="org.apache.hadoop.ozone.client.rpc.TestOzoneRpcClientWithRatis" time="0.025">
    <system-out><![CDATA[2023-12-10 08:56:11,738 [main] INFO  rpc.RpcClient (RpcClient.java:createVolume(464)) - Creating Volume: 9775f404-2c5a-46da-984c-f51435b37005, with runner as owner and space quota set to -1 bytes, counts quota set to -1
2023-12-10 08:56:11,739 [om1-OMStateMachineApplyTransactionThread - 0] INFO  volume.OMVolumeCreateRequest (OMVolumeCreateRequest.java:validateAndUpdateCache(204)) - created volume:9775f404-2c5a-46da-984c-f51435b37005 for user:runner
2023-12-10 08:56:11,740 [main] INFO  rpc.RpcClient (RpcClient.java:createBucket(691)) - Creating Bucket: 9775f404-2c5a-46da-984c-f51435b37005/e16d6bfd-5cbe-4b63-b2a1-81398d63681d, with server-side default bucket layout, runner as owner, Versioning false, Storage Type set to DISK and Encryption set to false, Replication Type set to server-side default replication type, Namespace Quota set to -1, Space Quota set to -1 
2023-12-10 08:56:11,741 [om1-OMStateMachineApplyTransactionThread - 0] INFO  bucket.OMBucketCreateRequest (OMBucketCreateRequest.java:validateAndUpdateCache(299)) - created bucket: e16d6bfd-5cbe-4b63-b2a1-81398d63681d of layout FILE_SYSTEM_OPTIMIZED in volume: 9775f404-2c5a-46da-984c-f51435b37005
2023-12-10 08:56:11,747 [IPC Server handler 9 on default port 15001] WARN  node.SCMNodeManager (SCMNodeManager.java:getNodesByAddress(1374)) - address is null
2023-12-10 08:56:11,756 [IPC Server handler 16 on default port 15001] WARN  node.SCMNodeManager (SCMNodeManager.java:getNodesByAddress(1374)) - address is null
]]></system-out>
  </testcase>
  <testcase name="testUploadPartOverride(ReplicationConfig)[2]" classname="org.apache.hadoop.ozone.client.rpc.TestOzoneRpcClientWithRatis" time="0.03">
    <system-out><![CDATA[2023-12-10 08:56:11,763 [main] INFO  rpc.RpcClient (RpcClient.java:createVolume(464)) - Creating Volume: 630a1d78-deea-466c-979d-3be55b2bc553, with runner as owner and space quota set to -1 bytes, counts quota set to -1
2023-12-10 08:56:11,765 [om1-OMStateMachineApplyTransactionThread - 0] INFO  volume.OMVolumeCreateRequest (OMVolumeCreateRequest.java:validateAndUpdateCache(204)) - created volume:630a1d78-deea-466c-979d-3be55b2bc553 for user:runner
2023-12-10 08:56:11,766 [main] INFO  rpc.RpcClient (RpcClient.java:createBucket(691)) - Creating Bucket: 630a1d78-deea-466c-979d-3be55b2bc553/305e11c6-bc30-4afa-9911-9254fcbe2212, with server-side default bucket layout, runner as owner, Versioning false, Storage Type set to DISK and Encryption set to false, Replication Type set to server-side default replication type, Namespace Quota set to -1, Space Quota set to -1 
2023-12-10 08:56:11,767 [om1-OMStateMachineApplyTransactionThread - 0] INFO  bucket.OMBucketCreateRequest (OMBucketCreateRequest.java:validateAndUpdateCache(299)) - created bucket: 305e11c6-bc30-4afa-9911-9254fcbe2212 of layout FILE_SYSTEM_OPTIMIZED in volume: 630a1d78-deea-466c-979d-3be55b2bc553
2023-12-10 08:56:11,772 [IPC Server handler 13 on default port 15001] WARN  node.SCMNodeManager (SCMNodeManager.java:getNodesByAddress(1374)) - address is null
2023-12-10 08:56:11,783 [IPC Server handler 4 on default port 15001] WARN  node.SCMNodeManager (SCMNodeManager.java:getNodesByAddress(1374)) - address is null
]]></system-out>
  </testcase>
  <testcase name="testUploadPartOverride(ReplicationConfig)[3]" classname="org.apache.hadoop.ozone.client.rpc.TestOzoneRpcClientWithRatis" time="0.087">
    <system-out><![CDATA[2023-12-10 08:56:11,794 [main] INFO  rpc.RpcClient (RpcClient.java:createVolume(464)) - Creating Volume: fc6dfc37-a364-4cb6-b8fa-1aa75afd2186, with runner as owner and space quota set to -1 bytes, counts quota set to -1
2023-12-10 08:56:11,795 [om1-OMStateMachineApplyTransactionThread - 0] INFO  volume.OMVolumeCreateRequest (OMVolumeCreateRequest.java:validateAndUpdateCache(204)) - created volume:fc6dfc37-a364-4cb6-b8fa-1aa75afd2186 for user:runner
2023-12-10 08:56:11,796 [main] INFO  rpc.RpcClient (RpcClient.java:createBucket(691)) - Creating Bucket: fc6dfc37-a364-4cb6-b8fa-1aa75afd2186/7735fa23-20ed-4727-b06e-88b018481995, with server-side default bucket layout, runner as owner, Versioning false, Storage Type set to DISK and Encryption set to false, Replication Type set to server-side default replication type, Namespace Quota set to -1, Space Quota set to -1 
2023-12-10 08:56:11,797 [om1-OMStateMachineApplyTransactionThread - 0] INFO  bucket.OMBucketCreateRequest (OMBucketCreateRequest.java:validateAndUpdateCache(299)) - created bucket: 7735fa23-20ed-4727-b06e-88b018481995 of layout FILE_SYSTEM_OPTIMIZED in volume: fc6dfc37-a364-4cb6-b8fa-1aa75afd2186
2023-12-10 08:56:11,823 [IPC Server handler 14 on default port 15001] WARN  node.SCMNodeManager (SCMNodeManager.java:getNodesByAddress(1374)) - address is null
2023-12-10 08:56:11,862 [IPC Server handler 5 on default port 15001] WARN  node.SCMNodeManager (SCMNodeManager.java:getNodesByAddress(1374)) - address is null
]]></system-out>
  </testcase>
  <testcase name="testUploadPartWithNoOverride(ReplicationConfig)[1]" classname="org.apache.hadoop.ozone.client.rpc.TestOzoneRpcClientWithRatis" time="0.019">
    <system-out><![CDATA[2023-12-10 08:56:11,881 [main] INFO  rpc.RpcClient (RpcClient.java:createVolume(464)) - Creating Volume: 8504c67e-a16d-48a5-a4af-0c87b1a2b122, with runner as owner and space quota set to -1 bytes, counts quota set to -1
2023-12-10 08:56:11,883 [om1-OMStateMachineApplyTransactionThread - 0] INFO  volume.OMVolumeCreateRequest (OMVolumeCreateRequest.java:validateAndUpdateCache(204)) - created volume:8504c67e-a16d-48a5-a4af-0c87b1a2b122 for user:runner
2023-12-10 08:56:11,884 [main] INFO  rpc.RpcClient (RpcClient.java:createBucket(691)) - Creating Bucket: 8504c67e-a16d-48a5-a4af-0c87b1a2b122/8b2103f2-c7ed-4663-a115-0cbb3c48fe29, with server-side default bucket layout, runner as owner, Versioning false, Storage Type set to DISK and Encryption set to false, Replication Type set to server-side default replication type, Namespace Quota set to -1, Space Quota set to -1 
2023-12-10 08:56:11,884 [om1-OMStateMachineApplyTransactionThread - 0] INFO  bucket.OMBucketCreateRequest (OMBucketCreateRequest.java:validateAndUpdateCache(299)) - created bucket: 8b2103f2-c7ed-4663-a115-0cbb3c48fe29 of layout FILE_SYSTEM_OPTIMIZED in volume: 8504c67e-a16d-48a5-a4af-0c87b1a2b122
2023-12-10 08:56:11,889 [IPC Server handler 10 on default port 15001] WARN  node.SCMNodeManager (SCMNodeManager.java:getNodesByAddress(1374)) - address is null
]]></system-out>
  </testcase>
  <testcase name="testUploadPartWithNoOverride(ReplicationConfig)[2]" classname="org.apache.hadoop.ozone.client.rpc.TestOzoneRpcClientWithRatis" time="0.021">
    <system-out><![CDATA[2023-12-10 08:56:11,900 [main] INFO  rpc.RpcClient (RpcClient.java:createVolume(464)) - Creating Volume: 2647f3a7-fed9-452e-8a32-f6882124d8fe, with runner as owner and space quota set to -1 bytes, counts quota set to -1
2023-12-10 08:56:11,902 [om1-OMStateMachineApplyTransactionThread - 0] INFO  volume.OMVolumeCreateRequest (OMVolumeCreateRequest.java:validateAndUpdateCache(204)) - created volume:2647f3a7-fed9-452e-8a32-f6882124d8fe for user:runner
2023-12-10 08:56:11,902 [main] INFO  rpc.RpcClient (RpcClient.java:createBucket(691)) - Creating Bucket: 2647f3a7-fed9-452e-8a32-f6882124d8fe/1073daa1-26ba-42e1-b380-a07f49bf49c6, with server-side default bucket layout, runner as owner, Versioning false, Storage Type set to DISK and Encryption set to false, Replication Type set to server-side default replication type, Namespace Quota set to -1, Space Quota set to -1 
2023-12-10 08:56:11,903 [om1-OMStateMachineApplyTransactionThread - 0] INFO  bucket.OMBucketCreateRequest (OMBucketCreateRequest.java:validateAndUpdateCache(299)) - created bucket: 1073daa1-26ba-42e1-b380-a07f49bf49c6 of layout FILE_SYSTEM_OPTIMIZED in volume: 2647f3a7-fed9-452e-8a32-f6882124d8fe
2023-12-10 08:56:11,910 [IPC Server handler 17 on default port 15001] WARN  node.SCMNodeManager (SCMNodeManager.java:getNodesByAddress(1374)) - address is null
]]></system-out>
  </testcase>
  <testcase name="testUploadPartWithNoOverride(ReplicationConfig)[3]" classname="org.apache.hadoop.ozone.client.rpc.TestOzoneRpcClientWithRatis" time="0.039">
    <system-out><![CDATA[2023-12-10 08:56:11,922 [main] INFO  rpc.RpcClient (RpcClient.java:createVolume(464)) - Creating Volume: 757e1ae7-1be9-4fe7-b92e-9893cbe0b30c, with runner as owner and space quota set to -1 bytes, counts quota set to -1
2023-12-10 08:56:11,924 [om1-OMStateMachineApplyTransactionThread - 0] INFO  volume.OMVolumeCreateRequest (OMVolumeCreateRequest.java:validateAndUpdateCache(204)) - created volume:757e1ae7-1be9-4fe7-b92e-9893cbe0b30c for user:runner
2023-12-10 08:56:11,924 [main] INFO  rpc.RpcClient (RpcClient.java:createBucket(691)) - Creating Bucket: 757e1ae7-1be9-4fe7-b92e-9893cbe0b30c/a919c857-0c06-41f4-84e3-0708540cb2dd, with server-side default bucket layout, runner as owner, Versioning false, Storage Type set to DISK and Encryption set to false, Replication Type set to server-side default replication type, Namespace Quota set to -1, Space Quota set to -1 
2023-12-10 08:56:11,925 [om1-OMStateMachineApplyTransactionThread - 0] INFO  bucket.OMBucketCreateRequest (OMBucketCreateRequest.java:validateAndUpdateCache(299)) - created bucket: a919c857-0c06-41f4-84e3-0708540cb2dd of layout FILE_SYSTEM_OPTIMIZED in volume: 757e1ae7-1be9-4fe7-b92e-9893cbe0b30c
2023-12-10 08:56:11,945 [IPC Server handler 8 on default port 15001] WARN  node.SCMNodeManager (SCMNodeManager.java:getNodesByAddress(1374)) - address is null
]]></system-out>
  </testcase>
  <testcase name="testUploadWithStreamAndMemoryMappedBuffer" classname="org.apache.hadoop.ozone.client.rpc.TestOzoneRpcClientWithRatis" time="0.088">
    <system-out><![CDATA[2023-12-10 08:56:11,963 [main] INFO  rpc.RpcClient (RpcClient.java:createVolume(464)) - Creating Volume: vol-a31c8244-d625-460f-a7ef-20509b390bd8, with runner as owner and space quota set to -1 bytes, counts quota set to -1
2023-12-10 08:56:11,965 [om1-OMStateMachineApplyTransactionThread - 0] INFO  volume.OMVolumeCreateRequest (OMVolumeCreateRequest.java:validateAndUpdateCache(204)) - created volume:vol-a31c8244-d625-460f-a7ef-20509b390bd8 for user:runner
2023-12-10 08:56:11,966 [main] INFO  rpc.RpcClient (RpcClient.java:createBucket(691)) - Creating Bucket: vol-a31c8244-d625-460f-a7ef-20509b390bd8/buck-8319e7bc-cfa2-41fb-8d1c-6217dfb8f6e0, with server-side default bucket layout, runner as owner, Versioning false, Storage Type set to DISK and Encryption set to false, Replication Type set to RATIS, Namespace Quota set to -1, Space Quota set to -1 
2023-12-10 08:56:11,968 [om1-OMStateMachineApplyTransactionThread - 0] INFO  bucket.OMBucketCreateRequest (OMBucketCreateRequest.java:validateAndUpdateCache(299)) - created bucket: buck-8319e7bc-cfa2-41fb-8d1c-6217dfb8f6e0 of layout FILE_SYSTEM_OPTIMIZED in volume: vol-a31c8244-d625-460f-a7ef-20509b390bd8
2023-12-10 08:56:11,969 [IPC Server handler 15 on default port 15001] WARN  node.SCMNodeManager (SCMNodeManager.java:getNodesByAddress(1379)) - Cannot find node for address 127.0.0.1
2023-12-10 08:56:11,972 [main] INFO  client.DataStreamClient (ConfUtils.java:logGet(46)) - raft.datastream.type = NETTY (custom)
2023-12-10 08:56:11,973 [main] INFO  netty.NettyConfigKeys$DataStream (ConfUtils.java:logGet(46)) - raft.netty.dataStream.client.tls.conf = null (default)
2023-12-10 08:56:11,973 [main] INFO  netty.NettyConfigKeys$DataStream (ConfUtils.java:logGet(46)) - raft.netty.dataStream.client.worker-group.share = true (default)
2023-12-10 08:56:11,976 [ab6f04f4-5b2e-49ed-8ed6-18cca86f2b6f-NettyServerStreamRpc-bossGroup--thread1] INFO  logging.LoggingHandler (AbstractInternalLogger.java:log(148)) - [id: 0x75b52b7c, L:/0.0.0.0:15060] READ: [id: 0x63cabf15, L:/10.1.0.29:15060 - R:/10.1.0.29:36208]
2023-12-10 08:56:11,976 [ab6f04f4-5b2e-49ed-8ed6-18cca86f2b6f-NettyServerStreamRpc-bossGroup--thread1] INFO  logging.LoggingHandler (AbstractInternalLogger.java:log(148)) - [id: 0x75b52b7c, L:/0.0.0.0:15060] READ COMPLETE
2023-12-10 08:56:11,977 [ab6f04f4-5b2e-49ed-8ed6-18cca86f2b6f-NettyServerStreamRpc-workerGroup--thread2] INFO  client.DataStreamClient (ConfUtils.java:logGet(46)) - raft.datastream.type = NETTY (custom)
2023-12-10 08:56:11,977 [ab6f04f4-5b2e-49ed-8ed6-18cca86f2b6f-NettyServerStreamRpc-workerGroup--thread2] INFO  netty.NettyConfigKeys$DataStream (ConfUtils.java:logGet(46)) - raft.netty.dataStream.client.tls.conf = null (default)
2023-12-10 08:56:11,977 [ab6f04f4-5b2e-49ed-8ed6-18cca86f2b6f-NettyServerStreamRpc-workerGroup--thread2] INFO  netty.NettyConfigKeys$DataStream (ConfUtils.java:logGet(46)) - raft.netty.dataStream.client.worker-group.share = true (default)
2023-12-10 08:56:11,979 [8170aa16-323e-44de-b8c0-3f99a1184856-NettyServerStreamRpc-bossGroup--thread1] INFO  logging.LoggingHandler (AbstractInternalLogger.java:log(148)) - [id: 0xef70caa5, L:/0.0.0.0:15042] READ: [id: 0x9194800b, L:/10.1.0.29:15042 - R:/10.1.0.29:49700]
2023-12-10 08:56:11,980 [8170aa16-323e-44de-b8c0-3f99a1184856-NettyServerStreamRpc-bossGroup--thread1] INFO  logging.LoggingHandler (AbstractInternalLogger.java:log(148)) - [id: 0xef70caa5, L:/0.0.0.0:15042] READ COMPLETE
2023-12-10 08:56:11,987 [8170aa16-323e-44de-b8c0-3f99a1184856-NettyServerStreamRpc-workerGroup--thread2] INFO  client.DataStreamClient (ConfUtils.java:logGet(46)) - raft.datastream.type = NETTY (custom)
2023-12-10 08:56:11,987 [8170aa16-323e-44de-b8c0-3f99a1184856-NettyServerStreamRpc-workerGroup--thread2] INFO  netty.NettyConfigKeys$DataStream (ConfUtils.java:logGet(46)) - raft.netty.dataStream.client.tls.conf = null (default)
2023-12-10 08:56:11,987 [8170aa16-323e-44de-b8c0-3f99a1184856-NettyServerStreamRpc-workerGroup--thread2] INFO  netty.NettyConfigKeys$DataStream (ConfUtils.java:logGet(46)) - raft.netty.dataStream.client.worker-group.share = true (default)
2023-12-10 08:56:11,990 [71fa9327-596e-4bfe-b86f-33f6bdf50532-NettyServerStreamRpc-bossGroup--thread1] INFO  logging.LoggingHandler (AbstractInternalLogger.java:log(148)) - [id: 0xda906dd1, L:/0.0.0.0:15051] READ: [id: 0x2a6c1f8d, L:/10.1.0.29:15051 - R:/10.1.0.29:59104]
2023-12-10 08:56:11,991 [71fa9327-596e-4bfe-b86f-33f6bdf50532-NettyServerStreamRpc-bossGroup--thread1] INFO  logging.LoggingHandler (AbstractInternalLogger.java:log(148)) - [id: 0xda906dd1, L:/0.0.0.0:15051] READ COMPLETE
2023-12-10 08:56:12,042 [IPC Server handler 11 on default port 15001] WARN  node.SCMNodeManager (SCMNodeManager.java:getNodesByAddress(1379)) - Cannot find node for address 127.0.0.1
]]></system-out>
  </testcase>
  <testcase name="testUsedBytesWithUploadPart" classname="org.apache.hadoop.ozone.client.rpc.TestOzoneRpcClientWithRatis" time="0.145">
    <system-out><![CDATA[2023-12-10 08:56:12,126 [main] INFO  rpc.RpcClient (RpcClient.java:createVolume(464)) - Creating Volume: f4df901a-e352-4a9a-90c8-8500abc0e861, with runner as owner and space quota set to -1 bytes, counts quota set to -1
2023-12-10 08:56:12,127 [om1-OMStateMachineApplyTransactionThread - 0] INFO  volume.OMVolumeCreateRequest (OMVolumeCreateRequest.java:validateAndUpdateCache(204)) - created volume:f4df901a-e352-4a9a-90c8-8500abc0e861 for user:runner
2023-12-10 08:56:12,128 [main] INFO  rpc.RpcClient (RpcClient.java:createBucket(691)) - Creating Bucket: f4df901a-e352-4a9a-90c8-8500abc0e861/ed8326fb-451d-42d5-a277-6365f5f2ff68, with server-side default bucket layout, runner as owner, Versioning false, Storage Type set to DISK and Encryption set to false, Replication Type set to server-side default replication type, Namespace Quota set to -1, Space Quota set to -1 
2023-12-10 08:56:12,130 [om1-OMStateMachineApplyTransactionThread - 0] INFO  bucket.OMBucketCreateRequest (OMBucketCreateRequest.java:validateAndUpdateCache(299)) - created bucket: ed8326fb-451d-42d5-a277-6365f5f2ff68 of layout FILE_SYSTEM_OPTIMIZED in volume: f4df901a-e352-4a9a-90c8-8500abc0e861
2023-12-10 08:56:12,142 [IPC Server handler 1 on default port 15001] WARN  node.SCMNodeManager (SCMNodeManager.java:getNodesByAddress(1374)) - address is null
2023-12-10 08:56:12,158 [IPC Server handler 2 on default port 15001] WARN  node.SCMNodeManager (SCMNodeManager.java:getNodesByAddress(1374)) - address is null
2023-12-10 08:56:12,172 [IPC Server handler 18 on default port 15001] WARN  node.SCMNodeManager (SCMNodeManager.java:getNodesByAddress(1374)) - address is null
2023-12-10 08:56:12,187 [IPC Server handler 12 on default port 15001] WARN  node.SCMNodeManager (SCMNodeManager.java:getNodesByAddress(1374)) - address is null
]]></system-out>
  </testcase>
  <testcase name="testValidateBlockLengthWithCommitKey" classname="org.apache.hadoop.ozone.client.rpc.TestOzoneRpcClientWithRatis" time="0.012">
    <failure message="expected: &lt;1&gt; but was: &lt;0&gt;" type="org.opentest4j.AssertionFailedError"><![CDATA[org.opentest4j.AssertionFailedError: expected: <1> but was: <0>
	at org.junit.jupiter.api.AssertionUtils.fail(AssertionUtils.java:55)
	at org.junit.jupiter.api.AssertionUtils.failNotEqual(AssertionUtils.java:62)
	at org.junit.jupiter.api.AssertEquals.assertEquals(AssertEquals.java:150)
	at org.junit.jupiter.api.AssertEquals.assertEquals(AssertEquals.java:145)
	at org.junit.jupiter.api.Assertions.assertEquals(Assertions.java:527)
	at org.apache.hadoop.ozone.client.rpc.TestOzoneRpcClientAbstract.testValidateBlockLengthWithCommitKey(TestOzoneRpcClientAbstract.java:1551)
	at sun.reflect.NativeMethodAccessorImpl.invoke0(Native Method)
	at sun.reflect.NativeMethodAccessorImpl.invoke(NativeMethodAccessorImpl.java:62)
	at sun.reflect.DelegatingMethodAccessorImpl.invoke(DelegatingMethodAccessorImpl.java:43)
	at java.lang.reflect.Method.invoke(Method.java:498)
	at org.junit.platform.commons.util.ReflectionUtils.invokeMethod(ReflectionUtils.java:725)
	at org.junit.jupiter.engine.execution.MethodInvocation.proceed(MethodInvocation.java:60)
	at org.junit.jupiter.engine.execution.InvocationInterceptorChain$ValidatingInvocation.proceed(InvocationInterceptorChain.java:131)
	at org.junit.jupiter.engine.extension.TimeoutExtension.intercept(TimeoutExtension.java:149)
	at org.junit.jupiter.engine.extension.TimeoutExtension.interceptTestableMethod(TimeoutExtension.java:140)
	at org.junit.jupiter.engine.extension.TimeoutExtension.interceptTestMethod(TimeoutExtension.java:84)
	at org.junit.jupiter.engine.execution.ExecutableInvoker$ReflectiveInterceptorCall.lambda$ofVoidMethod$0(ExecutableInvoker.java:115)
	at org.junit.jupiter.engine.execution.ExecutableInvoker.lambda$invoke$0(ExecutableInvoker.java:105)
	at org.junit.jupiter.engine.execution.InvocationInterceptorChain$InterceptedInvocation.proceed(InvocationInterceptorChain.java:106)
	at org.junit.jupiter.engine.execution.InvocationInterceptorChain.proceed(InvocationInterceptorChain.java:64)
	at org.junit.jupiter.engine.execution.InvocationInterceptorChain.chainAndInvoke(InvocationInterceptorChain.java:45)
	at org.junit.jupiter.engine.execution.InvocationInterceptorChain.invoke(InvocationInterceptorChain.java:37)
	at org.junit.jupiter.engine.execution.ExecutableInvoker.invoke(ExecutableInvoker.java:104)
	at org.junit.jupiter.engine.execution.ExecutableInvoker.invoke(ExecutableInvoker.java:98)
	at org.junit.jupiter.engine.descriptor.TestMethodTestDescriptor.lambda$invokeTestMethod$7(TestMethodTestDescriptor.java:214)
	at org.junit.platform.engine.support.hierarchical.ThrowableCollector.execute(ThrowableCollector.java:73)
	at org.junit.jupiter.engine.descriptor.TestMethodTestDescriptor.invokeTestMethod(TestMethodTestDescriptor.java:210)
	at org.junit.jupiter.engine.descriptor.TestMethodTestDescriptor.execute(TestMethodTestDescriptor.java:135)
	at org.junit.jupiter.engine.descriptor.TestMethodTestDescriptor.execute(TestMethodTestDescriptor.java:66)
	at org.junit.platform.engine.support.hierarchical.NodeTestTask.lambda$executeRecursively$6(NodeTestTask.java:151)
	at org.junit.platform.engine.support.hierarchical.ThrowableCollector.execute(ThrowableCollector.java:73)
	at org.junit.platform.engine.support.hierarchical.NodeTestTask.lambda$executeRecursively$8(NodeTestTask.java:141)
	at org.junit.platform.engine.support.hierarchical.Node.around(Node.java:137)
	at org.junit.platform.engine.support.hierarchical.NodeTestTask.lambda$executeRecursively$9(NodeTestTask.java:139)
	at org.junit.platform.engine.support.hierarchical.ThrowableCollector.execute(ThrowableCollector.java:73)
	at org.junit.platform.engine.support.hierarchical.NodeTestTask.executeRecursively(NodeTestTask.java:138)
	at org.junit.platform.engine.support.hierarchical.NodeTestTask.execute(NodeTestTask.java:95)
	at java.util.ArrayList.forEach(ArrayList.java:1259)
	at org.junit.platform.engine.support.hierarchical.SameThreadHierarchicalTestExecutorService.invokeAll(SameThreadHierarchicalTestExecutorService.java:41)
	at org.junit.platform.engine.support.hierarchical.NodeTestTask.lambda$executeRecursively$6(NodeTestTask.java:155)
	at org.junit.platform.engine.support.hierarchical.ThrowableCollector.execute(ThrowableCollector.java:73)
	at org.junit.platform.engine.support.hierarchical.NodeTestTask.lambda$executeRecursively$8(NodeTestTask.java:141)
	at org.junit.platform.engine.support.hierarchical.Node.around(Node.java:137)
	at org.junit.platform.engine.support.hierarchical.NodeTestTask.lambda$executeRecursively$9(NodeTestTask.java:139)
	at org.junit.platform.engine.support.hierarchical.ThrowableCollector.execute(ThrowableCollector.java:73)
	at org.junit.platform.engine.support.hierarchical.NodeTestTask.executeRecursively(NodeTestTask.java:138)
	at org.junit.platform.engine.support.hierarchical.NodeTestTask.execute(NodeTestTask.java:95)
	at java.util.ArrayList.forEach(ArrayList.java:1259)
	at org.junit.platform.engine.support.hierarchical.SameThreadHierarchicalTestExecutorService.invokeAll(SameThreadHierarchicalTestExecutorService.java:41)
	at org.junit.platform.engine.support.hierarchical.NodeTestTask.lambda$executeRecursively$6(NodeTestTask.java:155)
	at org.junit.platform.engine.support.hierarchical.ThrowableCollector.execute(ThrowableCollector.java:73)
	at org.junit.platform.engine.support.hierarchical.NodeTestTask.lambda$executeRecursively$8(NodeTestTask.java:141)
	at org.junit.platform.engine.support.hierarchical.Node.around(Node.java:137)
	at org.junit.platform.engine.support.hierarchical.NodeTestTask.lambda$executeRecursively$9(NodeTestTask.java:139)
	at org.junit.platform.engine.support.hierarchical.ThrowableCollector.execute(ThrowableCollector.java:73)
	at org.junit.platform.engine.support.hierarchical.NodeTestTask.executeRecursively(NodeTestTask.java:138)
	at org.junit.platform.engine.support.hierarchical.NodeTestTask.execute(NodeTestTask.java:95)
	at org.junit.platform.engine.support.hierarchical.SameThreadHierarchicalTestExecutorService.submit(SameThreadHierarchicalTestExecutorService.java:35)
	at org.junit.platform.engine.support.hierarchical.HierarchicalTestExecutor.execute(HierarchicalTestExecutor.java:57)
	at org.junit.platform.engine.support.hierarchical.HierarchicalTestEngine.execute(HierarchicalTestEngine.java:54)
	at org.junit.platform.launcher.core.EngineExecutionOrchestrator.execute(EngineExecutionOrchestrator.java:107)
	at org.junit.platform.launcher.core.EngineExecutionOrchestrator.execute(EngineExecutionOrchestrator.java:88)
	at org.junit.platform.launcher.core.EngineExecutionOrchestrator.lambda$execute$0(EngineExecutionOrchestrator.java:54)
	at org.junit.platform.launcher.core.EngineExecutionOrchestrator.withInterceptedStreams(EngineExecutionOrchestrator.java:67)
	at org.junit.platform.launcher.core.EngineExecutionOrchestrator.execute(EngineExecutionOrchestrator.java:52)
	at org.junit.platform.launcher.core.DefaultLauncher.execute(DefaultLauncher.java:114)
	at org.junit.platform.launcher.core.DefaultLauncher.execute(DefaultLauncher.java:86)
	at org.junit.platform.launcher.core.DefaultLauncherSession$DelegatingLauncher.execute(DefaultLauncherSession.java:86)
	at org.apache.maven.surefire.junitplatform.LazyLauncher.execute(LazyLauncher.java:56)
	at org.apache.maven.surefire.junitplatform.JUnitPlatformProvider.execute(JUnitPlatformProvider.java:184)
	at org.apache.maven.surefire.junitplatform.JUnitPlatformProvider.invokeAllTests(JUnitPlatformProvider.java:148)
	at org.apache.maven.surefire.junitplatform.JUnitPlatformProvider.invoke(JUnitPlatformProvider.java:120)
	at org.apache.maven.surefire.booter.ForkedBooter.runSuitesInProcess(ForkedBooter.java:385)
	at org.apache.maven.surefire.booter.ForkedBooter.execute(ForkedBooter.java:162)
	at org.apache.maven.surefire.booter.ForkedBooter.run(ForkedBooter.java:507)
	at org.apache.maven.surefire.booter.ForkedBooter.main(ForkedBooter.java:495)
]]></failure>
    <system-out><![CDATA[2023-12-10 08:56:12,197 [main] INFO  rpc.RpcClient (RpcClient.java:createVolume(464)) - Creating Volume: 0c633908-aa3f-4d14-a905-87667a52a234, with runner as owner and space quota set to -1 bytes, counts quota set to -1
2023-12-10 08:56:12,198 [om1-OMStateMachineApplyTransactionThread - 0] INFO  volume.OMVolumeCreateRequest (OMVolumeCreateRequest.java:validateAndUpdateCache(204)) - created volume:0c633908-aa3f-4d14-a905-87667a52a234 for user:runner
2023-12-10 08:56:12,198 [main] INFO  rpc.RpcClient (RpcClient.java:createBucket(691)) - Creating Bucket: 0c633908-aa3f-4d14-a905-87667a52a234/a152f86f-5af8-4edd-8d9c-d36a22108dc6, with server-side default bucket layout, runner as owner, Versioning false, Storage Type set to DISK and Encryption set to false, Replication Type set to server-side default replication type, Namespace Quota set to -1, Space Quota set to -1 
2023-12-10 08:56:12,199 [om1-OMStateMachineApplyTransactionThread - 0] INFO  bucket.OMBucketCreateRequest (OMBucketCreateRequest.java:validateAndUpdateCache(299)) - created bucket: a152f86f-5af8-4edd-8d9c-d36a22108dc6 of layout FILE_SYSTEM_OPTIMIZED in volume: 0c633908-aa3f-4d14-a905-87667a52a234
2023-12-10 08:56:12,201 [IPC Server handler 3 on default port 15001] WARN  node.SCMNodeManager (SCMNodeManager.java:getNodesByAddress(1374)) - address is null
]]></system-out>
  </testcase>
  <testcase name="testVolumeSetOwner" classname="org.apache.hadoop.ozone.client.rpc.TestOzoneRpcClientWithRatis" time="0.009">
    <system-out><![CDATA[2023-12-10 08:56:12,210 [main] INFO  rpc.RpcClient (RpcClient.java:createVolume(464)) - Creating Volume: 920e2a14-22ff-49c3-9fec-8f38bb977508, with runner as owner and space quota set to -1 bytes, counts quota set to -1
2023-12-10 08:56:12,213 [om1-OMStateMachineApplyTransactionThread - 0] INFO  volume.OMVolumeCreateRequest (OMVolumeCreateRequest.java:validateAndUpdateCache(204)) - created volume:920e2a14-22ff-49c3-9fec-8f38bb977508 for user:runner
2023-12-10 08:56:12,218 [om1-OMStateMachineApplyTransactionThread - 0] WARN  volume.OMVolumeSetOwnerRequest (OMVolumeSetOwnerRequest.java:validateAndUpdateCache(134)) - Volume '920e2a14-22ff-49c3-9fec-8f38bb977508' owner is already user 'someRandomUser1'.
]]></system-out>
  </testcase>
  <testcase name="testVolumeUsedNamespace" classname="org.apache.hadoop.ozone.client.rpc.TestOzoneRpcClientWithRatis" time="0.021">
    <system-out><![CDATA[2023-12-10 08:56:12,219 [main] INFO  rpc.RpcClient (RpcClient.java:createVolume(464)) - Creating Volume: e3b70bbe-6288-44d9-8cb8-e6a5670418e7, with runner as owner and space quota set to -1 bytes, counts quota set to 1
2023-12-10 08:56:12,220 [om1-OMStateMachineApplyTransactionThread - 0] INFO  volume.OMVolumeCreateRequest (OMVolumeCreateRequest.java:validateAndUpdateCache(204)) - created volume:e3b70bbe-6288-44d9-8cb8-e6a5670418e7 for user:runner
2023-12-10 08:56:12,221 [main] INFO  rpc.RpcClient (RpcClient.java:createBucket(691)) - Creating Bucket: e3b70bbe-6288-44d9-8cb8-e6a5670418e7/eabff804-09fd-4401-880f-201385bbf961, with server-side default bucket layout, runner as owner, Versioning false, Storage Type set to DISK and Encryption set to false, Replication Type set to server-side default replication type, Namespace Quota set to -1, Space Quota set to -1 
2023-12-10 08:56:12,222 [om1-OMStateMachineApplyTransactionThread - 0] INFO  bucket.OMBucketCreateRequest (OMBucketCreateRequest.java:validateAndUpdateCache(299)) - created bucket: eabff804-09fd-4401-880f-201385bbf961 of layout FILE_SYSTEM_OPTIMIZED in volume: e3b70bbe-6288-44d9-8cb8-e6a5670418e7
2023-12-10 08:56:12,223 [main] INFO  rpc.RpcClient (RpcClient.java:createBucket(691)) - Creating Bucket: e3b70bbe-6288-44d9-8cb8-e6a5670418e7/7e975489-09e5-418c-b217-1025ef695ed7, with server-side default bucket layout, runner as owner, Versioning false, Storage Type set to DISK and Encryption set to false, Replication Type set to server-side default replication type, Namespace Quota set to -1, Space Quota set to -1 
08:56:12.224 [om1-OMStateMachineApplyTransactionThread - 0] ERROR OMAudit - user=runner | ip=127.0.0.1 | op=CREATE_BUCKET {volume=e3b70bbe-6288-44d9-8cb8-e6a5670418e7, bucket=7e975489-09e5-418c-b217-1025ef695ed7, bucketLayout=FILE_SYSTEM_OPTIMIZED, gdprEnabled=null, acls=[user:runner:a[ACCESS], group:docker:a[ACCESS], group:adm:a[ACCESS], group:systemd-journal:a[ACCESS]], isVersionEnabled=false, storageType=DISK, creationTime=1702198572223, bucketEncryptionKey=null, modificationTime=1702198572223, usedBytes=0, usedNamespace=0} | ret=FAILURE
org.apache.hadoop.ozone.om.exceptions.OMException: The namespace quota of Volume:e3b70bbe-6288-44d9-8cb8-e6a5670418e7 exceeded: quotaInNamespace: 1 but namespace consumed: 2.
	at org.apache.hadoop.ozone.om.request.bucket.OMBucketCreateRequest.checkQuotaInNamespace(OMBucketCreateRequest.java:386) ~[ozone-manager-1.4.0-SNAPSHOT.jar:?]
	at org.apache.hadoop.ozone.om.request.bucket.OMBucketCreateRequest.validateAndUpdateCache(OMBucketCreateRequest.java:257) ~[ozone-manager-1.4.0-SNAPSHOT.jar:?]
	at org.apache.hadoop.ozone.protocolPB.OzoneManagerRequestHandler.lambda$0(OzoneManagerRequestHandler.java:395) ~[ozone-manager-1.4.0-SNAPSHOT.jar:?]
	at org.apache.hadoop.util.MetricUtil.captureLatencyNs(MetricUtil.java:39) ~[hdds-common-1.4.0-SNAPSHOT.jar:?]
	at org.apache.hadoop.ozone.protocolPB.OzoneManagerRequestHandler.handleWriteRequest(OzoneManagerRequestHandler.java:393) ~[ozone-manager-1.4.0-SNAPSHOT.jar:?]
	at org.apache.hadoop.ozone.om.ratis.OzoneManagerStateMachine.runCommand(OzoneManagerStateMachine.java:582) ~[ozone-manager-1.4.0-SNAPSHOT.jar:?]
	at org.apache.hadoop.ozone.om.ratis.OzoneManagerStateMachine.lambda$1(OzoneManagerStateMachine.java:370) ~[ozone-manager-1.4.0-SNAPSHOT.jar:?]
	at java.util.concurrent.CompletableFuture$AsyncSupply.run(CompletableFuture.java:1604) [?:1.8.0_392]
	at java.util.concurrent.ThreadPoolExecutor.runWorker(ThreadPoolExecutor.java:1149) [?:1.8.0_392]
	at java.util.concurrent.ThreadPoolExecutor$Worker.run(ThreadPoolExecutor.java:624) [?:1.8.0_392]
	at java.lang.Thread.run(Thread.java:750) [?:1.8.0_392]
2023-12-10 08:56:12,224 [om1-OMStateMachineApplyTransactionThread - 0] ERROR bucket.OMBucketCreateRequest (OMBucketCreateRequest.java:validateAndUpdateCache(311)) - Bucket creation failed for bucket:7e975489-09e5-418c-b217-1025ef695ed7 in volume:e3b70bbe-6288-44d9-8cb8-e6a5670418e7
QUOTA_EXCEEDED org.apache.hadoop.ozone.om.exceptions.OMException: The namespace quota of Volume:e3b70bbe-6288-44d9-8cb8-e6a5670418e7 exceeded: quotaInNamespace: 1 but namespace consumed: 2.
	at org.apache.hadoop.ozone.om.request.bucket.OMBucketCreateRequest.checkQuotaInNamespace(OMBucketCreateRequest.java:386)
	at org.apache.hadoop.ozone.om.request.bucket.OMBucketCreateRequest.validateAndUpdateCache(OMBucketCreateRequest.java:257)
	at org.apache.hadoop.ozone.protocolPB.OzoneManagerRequestHandler.lambda$0(OzoneManagerRequestHandler.java:395)
	at org.apache.hadoop.util.MetricUtil.captureLatencyNs(MetricUtil.java:39)
	at org.apache.hadoop.ozone.protocolPB.OzoneManagerRequestHandler.handleWriteRequest(OzoneManagerRequestHandler.java:393)
	at org.apache.hadoop.ozone.om.ratis.OzoneManagerStateMachine.runCommand(OzoneManagerStateMachine.java:582)
	at org.apache.hadoop.ozone.om.ratis.OzoneManagerStateMachine.lambda$1(OzoneManagerStateMachine.java:370)
	at java.util.concurrent.CompletableFuture$AsyncSupply.run(CompletableFuture.java:1604)
	at java.util.concurrent.ThreadPoolExecutor.runWorker(ThreadPoolExecutor.java:1149)
	at java.util.concurrent.ThreadPoolExecutor$Worker.run(ThreadPoolExecutor.java:624)
	at java.lang.Thread.run(Thread.java:750)
2023-12-10 08:56:12,225 [main] INFO  rpc.RpcClient (RpcClient.java:createVolume(464)) - Creating Volume: afbcdef8-e946-4ace-944c-1d2572c717b6, with runner as owner and space quota set to -1 bytes, counts quota set to -1
2023-12-10 08:56:12,231 [om1-OMStateMachineApplyTransactionThread - 0] INFO  volume.OMVolumeCreateRequest (OMVolumeCreateRequest.java:validateAndUpdateCache(204)) - created volume:afbcdef8-e946-4ace-944c-1d2572c717b6 for user:runner
2023-12-10 08:56:12,232 [main] INFO  rpc.RpcClient (RpcClient.java:createBucket(691)) - Creating Bucket: afbcdef8-e946-4ace-944c-1d2572c717b6/c184ca63-20fb-4544-b4b0-70473a62266e, with server-side default bucket layout, runner as owner, Versioning false, Storage Type set to DISK and Encryption set to false, Replication Type set to server-side default replication type, Namespace Quota set to -1, Space Quota set to -1 
2023-12-10 08:56:12,233 [om1-OMStateMachineApplyTransactionThread - 0] INFO  bucket.OMBucketCreateRequest (OMBucketCreateRequest.java:validateAndUpdateCache(299)) - created bucket: c184ca63-20fb-4544-b4b0-70473a62266e of layout FILE_SYSTEM_OPTIMIZED in volume: afbcdef8-e946-4ace-944c-1d2572c717b6
2023-12-10 08:56:12,238 [om1-OMStateMachineApplyTransactionThread - 0] DEBUG db.CodecBuffer (CodecBuffer.java:setCapacity(328)) - setCapacity: 4096 -> 7748, max=2147483647
]]></system-out>
  </testcase>
</testsuite>