<?xml version="1.0" encoding="UTF-8"?>
<testsuite xmlns:xsi="http://www.w3.org/2001/XMLSchema-instance" xsi:noNamespaceSchemaLocation="https://maven.apache.org/surefire/maven-surefire-plugin/xsd/surefire-test-report-3.0.xsd" version="3.0" name="org.apache.hadoop.hdds.scm.TestSecretKeysApi" time="178.647" tests="4" errors="0" skipped="0" failures="1">
  <properties>
    <property name="awt.toolkit" value="sun.awt.X11.XToolkit"/>
    <property name="java.specification.version" value="1.8"/>
    <property name="file.encoding.pkg" value="sun.io"/>
    <property name="sun.cpu.isalist" value=""/>
    <property name="sun.jnu.encoding" value="UTF-8"/>
    <property name="gradle.enterprise.listener.surefire.forkId" value="1"/>
    <property name="java.class.path" value="/home/runner/work/ozone/ozone/hadoop-ozone/integration-test/target/test-classes:/home/runner/work/ozone/ozone/hadoop-ozone/integration-test/target/classes:/home/runner/.m2/repository/org/apache/ozone/ozone-common/1.5.0-SNAPSHOT/ozone-common-1.5.0-SNAPSHOT.jar:/home/runner/.m2/repository/io/grpc/grpc-netty/1.58.0/grpc-netty-1.58.0.jar:/home/runner/.m2/repository/io/grpc/grpc-core/1.58.0/grpc-core-1.58.0.jar:/home/runner/.m2/repository/com/google/android/annotations/4.1.1.4/annotations-4.1.1.4.jar:/home/runner/.m2/repository/org/codehaus/mojo/animal-sniffer-annotations/1.23/animal-sniffer-annotations-1.23.jar:/home/runner/.m2/repository/io/grpc/grpc-context/1.58.0/grpc-context-1.58.0.jar:/home/runner/.m2/repository/io/grpc/grpc-util/1.58.0/grpc-util-1.58.0.jar:/home/runner/.m2/repository/com/google/errorprone/error_prone_annotations/2.2.0/error_prone_annotations-2.2.0.jar:/home/runner/.m2/repository/io/perfmark/perfmark-api/0.26.0/perfmark-api-0.26.0.jar:/home/runner/.m2/repository/io/netty/netty-codec-http2/4.1.100.Final/netty-codec-http2-4.1.100.Final.jar:/home/runner/.m2/repository/io/netty/netty-common/4.1.100.Final/netty-common-4.1.100.Final.jar:/home/runner/.m2/repository/io/netty/netty-buffer/4.1.100.Final/netty-buffer-4.1.100.Final.jar:/home/runner/.m2/repository/io/netty/netty-codec-http/4.1.100.Final/netty-codec-http-4.1.100.Final.jar:/home/runner/.m2/repository/io/netty/netty-handler-proxy/4.1.100.Final/netty-handler-proxy-4.1.100.Final.jar:/home/runner/.m2/repository/io/netty/netty-codec-socks/4.1.100.Final/netty-codec-socks-4.1.100.Final.jar:/home/runner/.m2/repository/io/netty/netty-tcnative-boringssl-static/2.0.61.Final/netty-tcnative-boringssl-static-2.0.61.Final.jar:/home/runner/.m2/repository/io/netty/netty-tcnative-classes/2.0.61.Final/netty-tcnative-classes-2.0.61.Final.jar:/home/runner/.m2/repository/io/netty/netty-tcnative-boringssl-static/2.0.61.Final/netty-tcnative-boringssl-static-2.0.61.Final-linux-x86_64.jar:/home/runner/.m2/repository/io/netty/netty-tcnative-boringssl-static/2.0.61.Final/netty-tcnative-boringssl-static-2.0.61.Final-linux-aarch_64.jar:/home/runner/.m2/repository/io/netty/netty-tcnative-boringssl-static/2.0.61.Final/netty-tcnative-boringssl-static-2.0.61.Final-osx-x86_64.jar:/home/runner/.m2/repository/io/netty/netty-tcnative-boringssl-static/2.0.61.Final/netty-tcnative-boringssl-static-2.0.61.Final-osx-aarch_64.jar:/home/runner/.m2/repository/io/netty/netty-tcnative-boringssl-static/2.0.61.Final/netty-tcnative-boringssl-static-2.0.61.Final-windows-x86_64.jar:/home/runner/.m2/repository/org/apache/commons/commons-compress/1.26.0/commons-compress-1.26.0.jar:/home/runner/.m2/repository/org/apache/ozone/hdds-common/1.5.0-SNAPSHOT/hdds-common-1.5.0-SNAPSHOT.jar:/home/runner/.m2/repository/org/apache/ozone/hdds-client/1.5.0-SNAPSHOT/hdds-client-1.5.0-SNAPSHOT.jar:/home/runner/.m2/repository/org/apache/ozone/ozone-interface-client/1.5.0-SNAPSHOT/ozone-interface-client-1.5.0-SNAPSHOT.jar:/home/runner/.m2/repository/org/apache/hadoop/hadoop-hdfs-client/3.3.6/hadoop-hdfs-client-3.3.6.jar:/home/runner/.m2/repository/com/squareup/okhttp3/okhttp/4.12.0/okhttp-4.12.0.jar:/home/runner/.m2/repository/com/squareup/okio/okio/3.6.0/okio-3.6.0.jar:/home/runner/.m2/repository/com/squareup/okio/okio-jvm/3.6.0/okio-jvm-3.6.0.jar:/home/runner/.m2/repository/org/jetbrains/kotlin/kotlin-stdlib-jdk8/1.9.22/kotlin-stdlib-jdk8-1.9.22.jar:/home/runner/.m2/repository/org/jetbrains/kotlin/kotlin-stdlib-jdk7/1.9.22/kotlin-stdlib-jdk7-1.9.22.jar:/home/runner/.m2/repository/org/jetbrains/kotlin/kotlin-stdlib-common/1.9.22/kotlin-stdlib-common-1.9.22.jar:/home/runner/.m2/repository/org/apache/ozone/hdds-test-utils/1.5.0-SNAPSHOT/hdds-test-utils-1.5.0-SNAPSHOT.jar:/home/runner/.m2/repository/org/assertj/assertj-core/3.12.2/assertj-core-3.12.2.jar:/home/runner/.m2/repository/com/google/guava/guava/32.0.0-jre/guava-32.0.0-jre.jar:/home/runner/.m2/repository/com/google/guava/failureaccess/1.0.1/failureaccess-1.0.1.jar:/home/runner/.m2/repository/com/google/guava/listenablefuture/9999.0-empty-to-avoid-conflict-with-guava/listenablefuture-9999.0-empty-to-avoid-conflict-with-guava.jar:/home/runner/.m2/repository/org/checkerframework/checker-qual/3.33.0/checker-qual-3.33.0.jar:/home/runner/.m2/repository/com/google/j2objc/j2objc-annotations/2.8/j2objc-annotations-2.8.jar:/home/runner/.m2/repository/commons-io/commons-io/2.15.1/commons-io-2.15.1.jar:/home/runner/.m2/repository/commons-logging/commons-logging/1.2/commons-logging-1.2.jar:/home/runner/.m2/repository/org/junit/jupiter/junit-jupiter-api/5.10.2/junit-jupiter-api-5.10.2.jar:/home/runner/.m2/repository/org/opentest4j/opentest4j/1.3.0/opentest4j-1.3.0.jar:/home/runner/.m2/repository/org/junit/platform/junit-platform-commons/1.10.2/junit-platform-commons-1.10.2.jar:/home/runner/.m2/repository/ch/qos/reload4j/reload4j/1.2.25/reload4j-1.2.25.jar:/home/runner/.m2/repository/jakarta/annotation/jakarta.annotation-api/2.1.1/jakarta.annotation-api-2.1.1.jar:/home/runner/.m2/repository/org/slf4j/slf4j-api/2.0.12/slf4j-api-2.0.12.jar:/home/runner/.m2/repository/org/apache/logging/log4j/log4j-api/2.17.1/log4j-api-2.17.1.jar:/home/runner/.m2/repository/org/apache/ozone/hdds-server-scm/1.5.0-SNAPSHOT/hdds-server-scm-1.5.0-SNAPSHOT.jar:/home/runner/.m2/repository/com/google/protobuf/protobuf-java/2.5.0/protobuf-java-2.5.0.jar:/home/runner/.m2/repository/org/apache/ozone/hdds-container-service/1.5.0-SNAPSHOT/hdds-container-service-1.5.0-SNAPSHOT.jar:/home/runner/.m2/repository/org/apache/ozone/hdds-hadoop-dependency-server/1.5.0-SNAPSHOT/hdds-hadoop-dependency-server-1.5.0-SNAPSHOT.jar:/home/runner/.m2/repository/org/apache/hadoop/hadoop-hdfs/3.3.6/hadoop-hdfs-3.3.6.jar:/home/runner/.m2/repository/commons-daemon/commons-daemon/1.0.13/commons-daemon-1.0.13.jar:/home/runner/.m2/repository/org/xerial/snappy/snappy-java/1.1.10.5/snappy-java-1.1.10.5.jar:/home/runner/.m2/repository/org/apache/ozone/hdds-server-framework/1.5.0-SNAPSHOT/hdds-server-framework-1.5.0-SNAPSHOT.jar:/home/runner/.m2/repository/org/bouncycastle/bcprov-jdk18on/1.77/bcprov-jdk18on-1.77.jar:/home/runner/.m2/repository/io/dropwizard/metrics/metrics-core/3.2.4/metrics-core-3.2.4.jar:/home/runner/.m2/repository/org/apache/commons/commons-text/1.11.0/commons-text-1.11.0.jar:/home/runner/.m2/repository/org/apache/ozone/hdds-server-framework/1.5.0-SNAPSHOT/hdds-server-framework-1.5.0-SNAPSHOT-tests.jar:/home/runner/.m2/repository/org/apache/ozone/hdds-interface-server/1.5.0-SNAPSHOT/hdds-interface-server-1.5.0-SNAPSHOT.jar:/home/runner/.m2/repository/org/apache/ozone/hdds-interface-admin/1.5.0-SNAPSHOT/hdds-interface-admin-1.5.0-SNAPSHOT.jar:/home/runner/.m2/repository/org/apache/ozone/hdds-managed-rocksdb/1.5.0-SNAPSHOT/hdds-managed-rocksdb-1.5.0-SNAPSHOT.jar:/home/runner/.m2/repository/org/rocksdb/rocksdbjni/7.7.3/rocksdbjni-7.7.3.jar:/home/runner/.m2/repository/org/slf4j/slf4j-reload4j/2.0.12/slf4j-reload4j-2.0.12.jar:/home/runner/.m2/repository/org/apache/commons/commons-configuration2/2.8.0/commons-configuration2-2.8.0.jar:/home/runner/.m2/repository/commons-fileupload/commons-fileupload/1.5/commons-fileupload-1.5.jar:/home/runner/.m2/repository/org/apache/logging/log4j/log4j-core/2.17.1/log4j-core-2.17.1.jar:/home/runner/.m2/repository/com/lmax/disruptor/3.4.4/disruptor-3.4.4.jar:/home/runner/.m2/repository/org/eclipse/jetty/jetty-util/9.4.53.v20231009/jetty-util-9.4.53.v20231009.jar:/home/runner/.m2/repository/org/eclipse/jetty/jetty-server/9.4.53.v20231009/jetty-server-9.4.53.v20231009.jar:/home/runner/.m2/repository/org/eclipse/jetty/jetty-http/9.4.53.v20231009/jetty-http-9.4.53.v20231009.jar:/home/runner/.m2/repository/org/eclipse/jetty/jetty-io/9.4.53.v20231009/jetty-io-9.4.53.v20231009.jar:/home/runner/.m2/repository/org/eclipse/jetty/jetty-servlet/9.4.53.v20231009/jetty-servlet-9.4.53.v20231009.jar:/home/runner/.m2/repository/org/eclipse/jetty/jetty-security/9.4.53.v20231009/jetty-security-9.4.53.v20231009.jar:/home/runner/.m2/repository/org/eclipse/jetty/jetty-util-ajax/9.4.53.v20231009/jetty-util-ajax-9.4.53.v20231009.jar:/home/runner/.m2/repository/org/eclipse/jetty/jetty-webapp/9.4.53.v20231009/jetty-webapp-9.4.53.v20231009.jar:/home/runner/.m2/repository/org/eclipse/jetty/jetty-xml/9.4.53.v20231009/jetty-xml-9.4.53.v20231009.jar:/home/runner/.m2/repository/org/apache/ratis/ratis-server/3.0.1/ratis-server-3.0.1.jar:/home/runner/.m2/repository/org/apache/ratis/ratis-thirdparty-misc/1.0.5/ratis-thirdparty-misc-1.0.5.jar:/home/runner/.m2/repository/org/apache/ratis/ratis-proto/3.0.1/ratis-proto-3.0.1.jar:/home/runner/.m2/repository/org/apache/ratis/ratis-common/3.0.1/ratis-common-3.0.1.jar:/home/runner/.m2/repository/org/apache/ratis/ratis-client/3.0.1/ratis-client-3.0.1.jar:/home/runner/.m2/repository/org/apache/ratis/ratis-server-api/3.0.1/ratis-server-api-3.0.1.jar:/home/runner/.m2/repository/org/apache/ratis/ratis-metrics-api/3.0.1/ratis-metrics-api-3.0.1.jar:/home/runner/.m2/repository/org/apache/ratis/ratis-metrics-dropwizard3/3.0.1/ratis-metrics-dropwizard3-3.0.1.jar:/home/runner/.m2/repository/io/prometheus/simpleclient_dropwizard/0.16.0/simpleclient_dropwizard-0.16.0.jar:/home/runner/.m2/repository/io/prometheus/simpleclient/0.16.0/simpleclient-0.16.0.jar:/home/runner/.m2/repository/io/prometheus/simpleclient_common/0.16.0/simpleclient_common-0.16.0.jar:/home/runner/.m2/repository/com/fasterxml/jackson/datatype/jackson-datatype-jsr310/2.16.1/jackson-datatype-jsr310-2.16.1.jar:/home/runner/.m2/repository/com/fasterxml/jackson/core/jackson-core/2.16.1/jackson-core-2.16.1.jar:/home/runner/.m2/repository/org/apache/ozone/rocksdb-checkpoint-differ/1.5.0-SNAPSHOT/rocksdb-checkpoint-differ-1.5.0-SNAPSHOT.jar:/home/runner/.m2/repository/org/jgrapht/jgrapht-core/1.4.0/jgrapht-core-1.4.0.jar:/home/runner/.m2/repository/org/jheaps/jheaps/0.11/jheaps-0.11.jar:/home/runner/.m2/repository/org/jgrapht/jgrapht-ext/1.4.0/jgrapht-ext-1.4.0.jar:/home/runner/.m2/repository/com/github/vlsi/mxgraph/jgraphx/3.9.8.1/jgraphx-3.9.8.1.jar:/home/runner/.m2/repository/org/apache/ozone/ozone-manager/1.5.0-SNAPSHOT/ozone-manager-1.5.0-SNAPSHOT.jar:/home/runner/.m2/repository/org/aspectj/aspectjrt/1.9.7/aspectjrt-1.9.7.jar:/home/runner/.m2/repository/org/aspectj/aspectjweaver/1.9.7/aspectjweaver-1.9.7.jar:/home/runner/.m2/repository/org/apache/ozone/hdds-interface-client/1.5.0-SNAPSHOT/hdds-interface-client-1.5.0-SNAPSHOT.jar:/home/runner/.m2/repository/org/apache/hadoop/thirdparty/hadoop-shaded-protobuf_3_7/1.1.1/hadoop-shaded-protobuf_3_7-1.1.1.jar:/home/runner/.m2/repository/org/apache/ozone/ozone-interface-storage/1.5.0-SNAPSHOT/ozone-interface-storage-1.5.0-SNAPSHOT.jar:/home/runner/.m2/repository/org/reflections/reflections/0.9.11/reflections-0.9.11.jar:/home/runner/.m2/repository/com/sun/jersey/jersey-client/1.19.4/jersey-client-1.19.4.jar:/home/runner/.m2/repository/org/codehaus/jackson/jackson-core-asl/1.9.13/jackson-core-asl-1.9.13.jar:/home/runner/.m2/repository/org/codehaus/jackson/jackson-mapper-asl/1.9.13/jackson-mapper-asl-1.9.13.jar:/home/runner/.m2/repository/org/codehaus/jackson/jackson-jaxrs/1.9.13/jackson-jaxrs-1.9.13.jar:/home/runner/.m2/repository/org/apache/ranger/ranger-intg/2.3.0/ranger-intg-2.3.0.jar:/home/runner/.m2/repository/org/apache/ranger/ranger-plugins-common/2.3.0/ranger-plugins-common-2.3.0.jar:/home/runner/.m2/repository/commons-lang/commons-lang/2.6/commons-lang-2.6.jar:/home/runner/.m2/repository/org/apache/ranger/ranger-plugins-cred/2.3.0/ranger-plugins-cred-2.3.0.jar:/home/runner/.m2/repository/org/apache/ranger/ranger-plugins-audit/2.3.0/ranger-plugins-audit-2.3.0.jar:/home/runner/.m2/repository/org/eclipse/jetty/jetty-client/9.4.53.v20231009/jetty-client-9.4.53.v20231009.jar:/home/runner/.m2/repository/org/apache/httpcomponents/httpmime/4.5.6/httpmime-4.5.6.jar:/home/runner/.m2/repository/org/apache/httpcomponents/httpcore-nio/4.4.16/httpcore-nio-4.4.16.jar:/home/runner/.m2/repository/org/apache/httpcomponents/httpasyncclient/4.1.3/httpasyncclient-4.1.3.jar:/home/runner/.m2/repository/com/carrotsearch/hppc/0.8.0/hppc-0.8.0.jar:/home/runner/.m2/repository/org/apache/orc/orc-core/1.5.8/orc-core-1.5.8.jar:/home/runner/.m2/repository/net/java/dev/jna/jna/5.2.0/jna-5.2.0.jar:/home/runner/.m2/repository/net/java/dev/jna/jna-platform/5.2.0/jna-platform-5.2.0.jar:/home/runner/.m2/repository/com/kstruct/gethostname4j/0.0.2/gethostname4j-0.0.2.jar:/home/runner/.m2/repository/org/apache/ranger/ranger-plugin-classloader/2.3.0/ranger-plugin-classloader-2.3.0.jar:/home/runner/.m2/repository/org/apache/ozone/hdds-rocks-native/1.5.0-SNAPSHOT/hdds-rocks-native-1.5.0-SNAPSHOT.jar:/home/runner/.m2/repository/org/apache/hadoop/hadoop-minikdc/3.3.6/hadoop-minikdc-3.3.6.jar:/home/runner/.m2/repository/org/apache/kerby/kerb-simplekdc/1.0.1/kerb-simplekdc-1.0.1.jar:/home/runner/.m2/repository/org/apache/kerby/kerb-client/1.0.1/kerb-client-1.0.1.jar:/home/runner/.m2/repository/org/apache/kerby/kerby-config/1.0.1/kerby-config-1.0.1.jar:/home/runner/.m2/repository/org/apache/kerby/kerb-common/1.0.1/kerb-common-1.0.1.jar:/home/runner/.m2/repository/org/apache/kerby/kerb-crypto/1.0.1/kerb-crypto-1.0.1.jar:/home/runner/.m2/repository/org/apache/kerby/kerb-util/1.0.1/kerb-util-1.0.1.jar:/home/runner/.m2/repository/org/apache/kerby/token-provider/1.0.1/token-provider-1.0.1.jar:/home/runner/.m2/repository/org/apache/kerby/kerb-admin/1.0.1/kerb-admin-1.0.1.jar:/home/runner/.m2/repository/org/apache/kerby/kerb-server/1.0.1/kerb-server-1.0.1.jar:/home/runner/.m2/repository/org/apache/kerby/kerb-identity/1.0.1/kerb-identity-1.0.1.jar:/home/runner/.m2/repository/org/apache/kerby/kerby-xdr/1.0.1/kerby-xdr-1.0.1.jar:/home/runner/.m2/repository/junit/junit/4.13.2/junit-4.13.2.jar:/home/runner/.m2/repository/org/hamcrest/hamcrest-core/1.3/hamcrest-core-1.3.jar:/home/runner/.m2/repository/org/apache/ozone/ozone-s3gateway/1.5.0-SNAPSHOT/ozone-s3gateway-1.5.0-SNAPSHOT.jar:/home/runner/.m2/repository/org/javassist/javassist/3.21.0-GA/javassist-3.21.0-GA.jar:/home/runner/.m2/repository/org/jboss/weld/servlet/weld-servlet-shaded/3.1.9.Final/weld-servlet-shaded-3.1.9.Final.jar:/home/runner/.m2/repository/org/glassfish/jersey/containers/jersey-container-servlet-core/2.41/jersey-container-servlet-core-2.41.jar:/home/runner/.m2/repository/org/glassfish/hk2/external/jakarta.inject/2.6.1/jakarta.inject-2.6.1.jar:/home/runner/.m2/repository/org/glassfish/jersey/core/jersey-common/2.41/jersey-common-2.41.jar:/home/runner/.m2/repository/jakarta/ws/rs/jakarta.ws.rs-api/2.1.6/jakarta.ws.rs-api-2.1.6.jar:/home/runner/.m2/repository/org/glassfish/jersey/ext/cdi/jersey-cdi1x/2.41/jersey-cdi1x-2.41.jar:/home/runner/.m2/repository/org/glassfish/jersey/inject/jersey-hk2/2.41/jersey-hk2-2.41.jar:/home/runner/.m2/repository/org/glassfish/hk2/hk2-locator/2.6.1/hk2-locator-2.6.1.jar:/home/runner/.m2/repository/org/glassfish/jersey/media/jersey-media-jaxb/2.41/jersey-media-jaxb-2.41.jar:/home/runner/.m2/repository/org/glassfish/hk2/osgi-resource-locator/1.0.3/osgi-resource-locator-1.0.3.jar:/home/runner/.m2/repository/org/glassfish/hk2/hk2-api/2.6.1/hk2-api-2.6.1.jar:/home/runner/.m2/repository/org/glassfish/hk2/hk2-utils/2.6.1/hk2-utils-2.6.1.jar:/home/runner/.m2/repository/org/glassfish/hk2/external/aopalliance-repackaged/2.6.1/aopalliance-repackaged-2.6.1.jar:/home/runner/.m2/repository/com/fasterxml/jackson/dataformat/jackson-dataformat-xml/2.16.1/jackson-dataformat-xml-2.16.1.jar:/home/runner/.m2/repository/org/codehaus/woodstox/stax2-api/4.2.2/stax2-api-4.2.2.jar:/home/runner/.m2/repository/com/fasterxml/woodstox/woodstox-core/5.4.0/woodstox-core-5.4.0.jar:/home/runner/.m2/repository/com/fasterxml/jackson/module/jackson-module-jaxb-annotations/2.16.1/jackson-module-jaxb-annotations-2.16.1.jar:/home/runner/.m2/repository/javax/enterprise/cdi-api/2.0/cdi-api-2.0.jar:/home/runner/.m2/repository/javax/el/javax.el-api/3.0.0/javax.el-api-3.0.0.jar:/home/runner/.m2/repository/javax/interceptor/javax.interceptor-api/1.2/javax.interceptor-api-1.2.jar:/home/runner/.m2/repository/javax/inject/javax.inject/1/javax.inject-1.jar:/home/runner/.m2/repository/jakarta/xml/bind/jakarta.xml.bind-api/2.3.3/jakarta.xml.bind-api-2.3.3.jar:/home/runner/.m2/repository/org/glassfish/jaxb/jaxb-runtime/2.3.9/jaxb-runtime-2.3.9.jar:/home/runner/.m2/repository/org/glassfish/jaxb/txw2/2.3.9/txw2-2.3.9.jar:/home/runner/.m2/repository/com/sun/istack/istack-commons-runtime/3.0.12/istack-commons-runtime-3.0.12.jar:/home/runner/.m2/repository/com/sun/activation/jakarta.activation/1.2.2/jakarta.activation-1.2.2.jar:/home/runner/.m2/repository/jakarta/activation/jakarta.activation-api/1.2.2/jakarta.activation-api-1.2.2.jar:/home/runner/.m2/repository/io/grpc/grpc-protobuf/1.58.0/grpc-protobuf-1.58.0.jar:/home/runner/.m2/repository/com/google/api/grpc/proto-google-common-protos/2.22.0/proto-google-common-protos-2.22.0.jar:/home/runner/.m2/repository/io/grpc/grpc-protobuf-lite/1.58.0/grpc-protobuf-lite-1.58.0.jar:/home/runner/.m2/repository/io/grpc/grpc-stub/1.58.0/grpc-stub-1.58.0.jar:/home/runner/.m2/repository/io/netty/netty-transport/4.1.100.Final/netty-transport-4.1.100.Final.jar:/home/runner/.m2/repository/io/netty/netty-resolver/4.1.100.Final/netty-resolver-4.1.100.Final.jar:/home/runner/.m2/repository/org/apache/ozone/ozone-csi/1.5.0-SNAPSHOT/ozone-csi-1.5.0-SNAPSHOT.jar:/home/runner/.m2/repository/com/google/protobuf/protobuf-java-util/3.19.6/protobuf-java-util-3.19.6.jar:/home/runner/.m2/repository/com/google/code/gson/gson/2.9.0/gson-2.9.0.jar:/home/runner/.m2/repository/org/apache/ozone/hdds-config/1.5.0-SNAPSHOT/hdds-config-1.5.0-SNAPSHOT.jar:/home/runner/.m2/repository/io/netty/netty-transport-native-epoll/4.1.100.Final/netty-transport-native-epoll-4.1.100.Final-linux-x86_64.jar:/home/runner/.m2/repository/io/netty/netty-transport-classes-epoll/4.1.100.Final/netty-transport-classes-epoll-4.1.100.Final.jar:/home/runner/.m2/repository/io/netty/netty-transport-native-unix-common/4.1.100.Final/netty-transport-native-unix-common-4.1.100.Final.jar:/home/runner/.m2/repository/org/apache/ozone/ozone-recon/1.5.0-SNAPSHOT/ozone-recon-1.5.0-SNAPSHOT.jar:/home/runner/.m2/repository/org/apache/ozone/ozone-reconcodegen/1.5.0-SNAPSHOT/ozone-reconcodegen-1.5.0-SNAPSHOT.jar:/home/runner/.m2/repository/com/google/inject/guice/6.0.0/guice-6.0.0.jar:/home/runner/.m2/repository/jakarta/inject/jakarta.inject-api/2.0.1/jakarta.inject-api-2.0.1.jar:/home/runner/.m2/repository/aopalliance/aopalliance/1.0/aopalliance-1.0.jar:/home/runner/.m2/repository/com/google/inject/extensions/guice-assistedinject/6.0.0/guice-assistedinject-6.0.0.jar:/home/runner/.m2/repository/com/google/inject/extensions/guice-servlet/6.0.0/guice-servlet-6.0.0.jar:/home/runner/.m2/repository/org/glassfish/jersey/containers/jersey-container-servlet/2.41/jersey-container-servlet-2.41.jar:/home/runner/.m2/repository/org/glassfish/hk2/guice-bridge/2.6.1/guice-bridge-2.6.1.jar:/home/runner/.m2/repository/org/glassfish/jersey/core/jersey-server/2.41/jersey-server-2.41.jar:/home/runner/.m2/repository/org/glassfish/jersey/core/jersey-client/2.41/jersey-client-2.41.jar:/home/runner/.m2/repository/jakarta/validation/jakarta.validation-api/2.0.2/jakarta.validation-api-2.0.2.jar:/home/runner/.m2/repository/org/glassfish/jersey/media/jersey-media-json-jackson/2.41/jersey-media-json-jackson-2.41.jar:/home/runner/.m2/repository/org/glassfish/jersey/ext/jersey-entity-filtering/2.41/jersey-entity-filtering-2.41.jar:/home/runner/.m2/repository/org/jooq/jooq/3.11.10/jooq-3.11.10.jar:/home/runner/.m2/repository/org/jooq/jooq-meta/3.11.10/jooq-meta-3.11.10.jar:/home/runner/.m2/repository/org/jooq/jooq-codegen/3.11.10/jooq-codegen-3.11.10.jar:/home/runner/.m2/repository/com/jolbox/bonecp/0.8.0.RELEASE/bonecp-0.8.0.RELEASE.jar:/home/runner/.m2/repository/org/apache/derby/derby/10.14.2.0/derby-10.14.2.0.jar:/home/runner/.m2/repository/org/xerial/sqlite-jdbc/3.44.1.0/sqlite-jdbc-3.44.1.0.jar:/home/runner/.m2/repository/org/springframework/spring-jdbc/5.3.27/spring-jdbc-5.3.27.jar:/home/runner/.m2/repository/org/springframework/spring-beans/5.3.27/spring-beans-5.3.27.jar:/home/runner/.m2/repository/org/springframework/spring-core/5.3.27/spring-core-5.3.27.jar:/home/runner/.m2/repository/org/springframework/spring-tx/5.3.27/spring-tx-5.3.27.jar:/home/runner/.m2/repository/org/apache/ozone/ozone-client/1.5.0-SNAPSHOT/ozone-client-1.5.0-SNAPSHOT.jar:/home/runner/.m2/repository/org/apache/ozone/hdds-erasurecode/1.5.0-SNAPSHOT/hdds-erasurecode-1.5.0-SNAPSHOT.jar:/home/runner/.m2/repository/org/apache/ozone/ozone-filesystem/1.5.0-SNAPSHOT/ozone-filesystem-1.5.0-SNAPSHOT.jar:/home/runner/.m2/repository/org/apache/ozone/ozone-filesystem-common/1.5.0-SNAPSHOT/ozone-filesystem-common-1.5.0-SNAPSHOT.jar:/home/runner/.m2/repository/org/apache/ozone/ozone-tools/1.5.0-SNAPSHOT/ozone-tools-1.5.0-SNAPSHOT.jar:/home/runner/.m2/repository/com/amazonaws/aws-java-sdk-core/1.12.661/aws-java-sdk-core-1.12.661.jar:/home/runner/.m2/repository/org/apache/httpcomponents/httpclient/4.5.14/httpclient-4.5.14.jar:/home/runner/.m2/repository/org/apache/httpcomponents/httpcore/4.4.16/httpcore-4.4.16.jar:/home/runner/.m2/repository/com/fasterxml/jackson/dataformat/jackson-dataformat-cbor/2.16.1/jackson-dataformat-cbor-2.16.1.jar:/home/runner/.m2/repository/joda-time/joda-time/2.12.7/joda-time-2.12.7.jar:/home/runner/.m2/repository/com/amazonaws/aws-java-sdk-s3/1.12.661/aws-java-sdk-s3-1.12.661.jar:/home/runner/.m2/repository/com/amazonaws/aws-java-sdk-kms/1.12.661/aws-java-sdk-kms-1.12.661.jar:/home/runner/.m2/repository/com/amazonaws/jmespath-java/1.12.661/jmespath-java-1.12.661.jar:/home/runner/.m2/repository/org/kohsuke/metainf-services/metainf-services/1.11/metainf-services-1.11.jar:/home/runner/.m2/repository/org/apache/ozone/hdds-tools/1.5.0-SNAPSHOT/hdds-tools-1.5.0-SNAPSHOT.jar:/home/runner/.m2/repository/org/apache/ratis/ratis-tools/3.0.1/ratis-tools-3.0.1.jar:/home/runner/.m2/repository/commons-cli/commons-cli/1.6.0/commons-cli-1.6.0.jar:/home/runner/.m2/repository/org/apache/commons/commons-lang3/3.14.0/commons-lang3-3.14.0.jar:/home/runner/.m2/repository/org/apache/ozone/ozone-manager/1.5.0-SNAPSHOT/ozone-manager-1.5.0-SNAPSHOT-tests.jar:/home/runner/.m2/repository/org/apache/ozone/hdds-common/1.5.0-SNAPSHOT/hdds-common-1.5.0-SNAPSHOT-tests.jar:/home/runner/.m2/repository/org/apache/ozone/hdds-hadoop-dependency-client/1.5.0-SNAPSHOT/hdds-hadoop-dependency-client-1.5.0-SNAPSHOT.jar:/home/runner/.m2/repository/info/picocli/picocli/4.7.5/picocli-4.7.5.jar:/home/runner/.m2/repository/com/fasterxml/jackson/core/jackson-annotations/2.16.1/jackson-annotations-2.16.1.jar:/home/runner/.m2/repository/org/apache/ozone/hdds-annotation-processing/1.5.0-SNAPSHOT/hdds-annotation-processing-1.5.0-SNAPSHOT.jar:/home/runner/.m2/repository/javax/annotation/javax.annotation-api/1.3.2/javax.annotation-api-1.3.2.jar:/home/runner/.m2/repository/org/apache/ratis/ratis-netty/3.0.1/ratis-netty-3.0.1.jar:/home/runner/.m2/repository/org/apache/ratis/ratis-grpc/3.0.1/ratis-grpc-3.0.1.jar:/home/runner/.m2/repository/org/bouncycastle/bcpkix-jdk18on/1.77/bcpkix-jdk18on-1.77.jar:/home/runner/.m2/repository/org/bouncycastle/bcutil-jdk18on/1.77/bcutil-jdk18on-1.77.jar:/home/runner/.m2/repository/commons-validator/commons-validator/1.6/commons-validator-1.6.jar:/home/runner/.m2/repository/commons-beanutils/commons-beanutils/1.9.4/commons-beanutils-1.9.4.jar:/home/runner/.m2/repository/commons-digester/commons-digester/1.8.1/commons-digester-1.8.1.jar:/home/runner/.m2/repository/commons-collections/commons-collections/3.2.2/commons-collections-3.2.2.jar:/home/runner/.m2/repository/io/jaegertracing/jaeger-client/1.8.1/jaeger-client-1.8.1.jar:/home/runner/.m2/repository/io/jaegertracing/jaeger-thrift/1.8.1/jaeger-thrift-1.8.1.jar:/home/runner/.m2/repository/org/apache/thrift/libthrift/0.15.0/libthrift-0.15.0.jar:/home/runner/.m2/repository/io/jaegertracing/jaeger-core/1.8.1/jaeger-core-1.8.1.jar:/home/runner/.m2/repository/io/jaegertracing/jaeger-tracerresolver/1.8.1/jaeger-tracerresolver-1.8.1.jar:/home/runner/.m2/repository/io/opentracing/contrib/opentracing-tracerresolver/0.1.8/opentracing-tracerresolver-0.1.8.jar:/home/runner/.m2/repository/org/jetbrains/kotlin/kotlin-stdlib/1.9.22/kotlin-stdlib-1.9.22.jar:/home/runner/.m2/repository/org/jetbrains/annotations/13.0/annotations-13.0.jar:/home/runner/.m2/repository/io/opentracing/opentracing-util/0.33.0/opentracing-util-0.33.0.jar:/home/runner/.m2/repository/io/opentracing/opentracing-api/0.33.0/opentracing-api-0.33.0.jar:/home/runner/.m2/repository/io/opentracing/opentracing-noop/0.33.0/opentracing-noop-0.33.0.jar:/home/runner/.m2/repository/org/yaml/snakeyaml/2.0/snakeyaml-2.0.jar:/home/runner/.m2/repository/io/grpc/grpc-api/1.58.0/grpc-api-1.58.0.jar:/home/runner/.m2/repository/org/junit/platform/junit-platform-launcher/1.10.2/junit-platform-launcher-1.10.2.jar:/home/runner/.m2/repository/org/junit/platform/junit-platform-engine/1.10.2/junit-platform-engine-1.10.2.jar:/home/runner/.m2/repository/org/apiguardian/apiguardian-api/1.1.2/apiguardian-api-1.1.2.jar:/home/runner/.m2/repository/org/apache/hadoop/hadoop-kms/3.3.6/hadoop-kms-3.3.6.jar:/home/runner/.m2/repository/org/apache/hadoop/hadoop-auth/3.3.6/hadoop-auth-3.3.6.jar:/home/runner/.m2/repository/com/nimbusds/nimbus-jose-jwt/9.8.1/nimbus-jose-jwt-9.8.1.jar:/home/runner/.m2/repository/com/github/stephenc/jcip/jcip-annotations/1.0-1/jcip-annotations-1.0-1.jar:/home/runner/.m2/repository/org/apache/zookeeper/zookeeper/3.8.4/zookeeper-3.8.4.jar:/home/runner/.m2/repository/org/apache/zookeeper/zookeeper-jute/3.8.4/zookeeper-jute-3.8.4.jar:/home/runner/.m2/repository/org/apache/yetus/audience-annotations/0.12.0/audience-annotations-0.12.0.jar:/home/runner/.m2/repository/org/apache/curator/curator-framework/4.2.0/curator-framework-4.2.0.jar:/home/runner/.m2/repository/org/apache/hadoop/thirdparty/hadoop-shaded-guava/1.1.1/hadoop-shaded-guava-1.1.1.jar:/home/runner/.m2/repository/com/sun/jersey/jersey-core/1.19.4/jersey-core-1.19.4.jar:/home/runner/.m2/repository/javax/ws/rs/jsr311-api/1.1.1/jsr311-api-1.1.1.jar:/home/runner/.m2/repository/com/sun/jersey/jersey-server/1.19.4/jersey-server-1.19.4.jar:/home/runner/.m2/repository/javax/servlet/javax.servlet-api/3.1.0/javax.servlet-api-3.1.0.jar:/home/runner/.m2/repository/org/apache/hadoop/hadoop-common/3.3.6/hadoop-common-3.3.6.jar:/home/runner/.m2/repository/org/apache/commons/commons-math3/3.6.1/commons-math3-3.6.1.jar:/home/runner/.m2/repository/commons-net/commons-net/3.10.0/commons-net-3.10.0.jar:/home/runner/.m2/repository/com/sun/jersey/jersey-servlet/1.19.4/jersey-servlet-1.19.4.jar:/home/runner/.m2/repository/com/github/pjfanning/jersey-json/1.20/jersey-json-1.20.jar:/home/runner/.m2/repository/org/codehaus/jettison/jettison/1.1/jettison-1.1.jar:/home/runner/.m2/repository/com/sun/xml/bind/jaxb-impl/2.2.3-1/jaxb-impl-2.2.3-1.jar:/home/runner/.m2/repository/com/google/re2j/re2j/1.7/re2j-1.7.jar:/home/runner/.m2/repository/com/jcraft/jsch/0.1.54/jsch-0.1.54.jar:/home/runner/.m2/repository/org/apache/curator/curator-client/4.2.0/curator-client-4.2.0.jar:/home/runner/.m2/repository/org/apache/curator/curator-recipes/5.2.0/curator-recipes-5.2.0.jar:/home/runner/.m2/repository/com/google/code/findbugs/jsr305/3.0.2/jsr305-3.0.2.jar:/home/runner/.m2/repository/org/apache/kerby/kerb-core/1.0.1/kerb-core-1.0.1.jar:/home/runner/.m2/repository/org/apache/kerby/kerby-pkix/1.0.1/kerby-pkix-1.0.1.jar:/home/runner/.m2/repository/org/apache/kerby/kerby-asn1/1.0.1/kerby-asn1-1.0.1.jar:/home/runner/.m2/repository/org/apache/kerby/kerby-util/1.0.1/kerby-util-1.0.1.jar:/home/runner/.m2/repository/dnsjava/dnsjava/2.1.7/dnsjava-2.1.7.jar:/home/runner/.m2/repository/com/fasterxml/jackson/core/jackson-databind/2.16.1/jackson-databind-2.16.1.jar:/home/runner/.m2/repository/org/apache/hadoop/hadoop-kms/3.3.6/hadoop-kms-3.3.6-tests.jar:/home/runner/.m2/repository/org/apache/ozone/hdds-server-scm/1.5.0-SNAPSHOT/hdds-server-scm-1.5.0-SNAPSHOT-tests.jar:/home/runner/.m2/repository/org/apache/ozone/hdds-container-service/1.5.0-SNAPSHOT/hdds-container-service-1.5.0-SNAPSHOT-tests.jar:/home/runner/.m2/repository/com/github/luben/zstd-jni/1.5.2-5/zstd-jni-1.5.2-5.jar:/home/runner/.m2/repository/commons-codec/commons-codec/1.15/commons-codec-1.15.jar:/home/runner/.m2/repository/io/netty/netty-codec/4.1.100.Final/netty-codec-4.1.100.Final.jar:/home/runner/.m2/repository/io/netty/netty-handler/4.1.100.Final/netty-handler-4.1.100.Final.jar:/home/runner/.m2/repository/org/apache/ozone/hdds-hadoop-dependency-test/1.5.0-SNAPSHOT/hdds-hadoop-dependency-test-1.5.0-SNAPSHOT.jar:/home/runner/.m2/repository/org/apache/hadoop/hadoop-common/3.3.6/hadoop-common-3.3.6-tests.jar:/home/runner/.m2/repository/org/apache/hadoop/hadoop-hdfs/3.3.6/hadoop-hdfs-3.3.6-tests.jar:/home/runner/.m2/repository/org/junit/jupiter/junit-jupiter-engine/5.10.2/junit-jupiter-engine-5.10.2.jar:/home/runner/.m2/repository/org/junit/jupiter/junit-jupiter-params/5.10.2/junit-jupiter-params-5.10.2.jar:/home/runner/.m2/repository/org/mockito/mockito-core/4.11.0/mockito-core-4.11.0.jar:/home/runner/.m2/repository/net/bytebuddy/byte-buddy/1.12.19/byte-buddy-1.12.19.jar:/home/runner/.m2/repository/net/bytebuddy/byte-buddy-agent/1.12.19/byte-buddy-agent-1.12.19.jar:/home/runner/.m2/repository/org/objenesis/objenesis/3.3/objenesis-3.3.jar:/home/runner/.m2/repository/org/mockito/mockito-junit-jupiter/4.11.0/mockito-junit-jupiter-4.11.0.jar:/home/runner/.m2/repository/org/apache/hadoop/hadoop-distcp/3.3.6/hadoop-distcp-3.3.6.jar:/home/runner/.m2/repository/org/apache/hadoop/hadoop-mapreduce-client-jobclient/3.3.6/hadoop-mapreduce-client-jobclient-3.3.6.jar:/home/runner/.m2/repository/org/apache/hadoop/hadoop-mapreduce-client-common/3.3.6/hadoop-mapreduce-client-common-3.3.6.jar:/home/runner/.m2/repository/org/apache/hadoop/hadoop-yarn-common/3.3.6/hadoop-yarn-common-3.3.6.jar:/home/runner/.m2/repository/org/apache/hadoop/hadoop-yarn-api/3.3.6/hadoop-yarn-api-3.3.6.jar:/home/runner/.m2/repository/javax/xml/bind/jaxb-api/2.2.11/jaxb-api-2.2.11.jar:/home/runner/.m2/repository/com/sun/jersey/contribs/jersey-guice/1.19.4/jersey-guice-1.19.4.jar:/home/runner/.m2/repository/com/fasterxml/jackson/jaxrs/jackson-jaxrs-json-provider/2.16.1/jackson-jaxrs-json-provider-2.16.1.jar:/home/runner/.m2/repository/com/fasterxml/jackson/jaxrs/jackson-jaxrs-base/2.16.1/jackson-jaxrs-base-2.16.1.jar:/home/runner/.m2/repository/org/apache/hadoop/hadoop-yarn-client/3.3.6/hadoop-yarn-client-3.3.6.jar:/home/runner/.m2/repository/org/eclipse/jetty/websocket/websocket-client/9.4.51.v20230217/websocket-client-9.4.51.v20230217.jar:/home/runner/.m2/repository/org/eclipse/jetty/websocket/websocket-common/9.4.51.v20230217/websocket-common-9.4.51.v20230217.jar:/home/runner/.m2/repository/org/eclipse/jetty/websocket/websocket-api/9.4.51.v20230217/websocket-api-9.4.51.v20230217.jar:/home/runner/.m2/repository/org/jline/jline/3.9.0/jline-3.9.0.jar:/home/runner/.m2/repository/org/apache/hadoop/hadoop-mapreduce-client-core/3.3.6/hadoop-mapreduce-client-core-3.3.6.jar:/home/runner/.m2/repository/org/apache/avro/avro/1.7.7/avro-1.7.7.jar:/home/runner/.m2/repository/com/thoughtworks/paranamer/paranamer/2.3/paranamer-2.3.jar:/home/runner/.m2/repository/org/apache/hadoop/hadoop-annotations/3.3.6/hadoop-annotations-3.3.6.jar:/usr/lib/jvm/temurin-8-jdk-amd64/jre/../lib/tools.jar:/home/runner/.m2/repository/io/netty/netty/3.10.6.Final/netty-3.10.6.Final.jar:/home/runner/.m2/repository/org/apache/hadoop/hadoop-distcp/3.3.6/hadoop-distcp-3.3.6-tests.jar:/home/runner/.m2/repository/org/hamcrest/hamcrest/2.2/hamcrest-2.2.jar:/home/runner/.m2/repository/org/slf4j/jul-to-slf4j/2.0.12/jul-to-slf4j-2.0.12.jar:/home/runner/work/ozone/ozone/hadoop-ozone/integration-test/target/gradle-enterprise/test-listeners.jar:"/>
    <property name="java.vm.vendor" value="Temurin"/>
    <property name="sun.arch.data.model" value="64"/>
    <property name="test.build.dir" value="/home/runner/work/ozone/ozone/hadoop-ozone/integration-test/target/test-dir"/>
    <property name="sun.security.krb5.debug" value="false"/>
    <property name="test.cache.data" value=""/>
    <property name="java.vendor.url" value="https://adoptium.net/"/>
    <property name="user.timezone" value="Etc/UTC"/>
    <property name="maven-surefire-plugin.argLineAccessArgs" value=""/>
    <property name="os.name" value="Linux"/>
    <property name="java.vm.specification.version" value="1.8"/>
    <property name="test.build.data" value="/home/runner/work/ozone/ozone/hadoop-ozone/integration-test/target/test-dir"/>
    <property name="sun.java.launcher" value="SUN_STANDARD"/>
    <property name="sun.boot.library.path" value="/usr/lib/jvm/temurin-8-jdk-amd64/jre/lib/amd64"/>
    <property name="sun.java.command" value="/home/runner/work/ozone/ozone/hadoop-ozone/integration-test/target/surefire/surefirebooter4049834969516531421.jar /home/runner/work/ozone/ozone/hadoop-ozone/integration-test/target/surefire 2024-03-20T20-47-09_335-jvmRun1 surefire2614528050897704617tmp surefire_174316378351480973691tmp"/>
    <property name="native.lib.tmp.dir" value="/tmp"/>
    <property name="surefire.test.class.path" value="/home/runner/work/ozone/ozone/hadoop-ozone/integration-test/target/test-classes:/home/runner/work/ozone/ozone/hadoop-ozone/integration-test/target/classes:/home/runner/.m2/repository/org/apache/ozone/ozone-common/1.5.0-SNAPSHOT/ozone-common-1.5.0-SNAPSHOT.jar:/home/runner/.m2/repository/io/grpc/grpc-netty/1.58.0/grpc-netty-1.58.0.jar:/home/runner/.m2/repository/io/grpc/grpc-core/1.58.0/grpc-core-1.58.0.jar:/home/runner/.m2/repository/com/google/android/annotations/4.1.1.4/annotations-4.1.1.4.jar:/home/runner/.m2/repository/org/codehaus/mojo/animal-sniffer-annotations/1.23/animal-sniffer-annotations-1.23.jar:/home/runner/.m2/repository/io/grpc/grpc-context/1.58.0/grpc-context-1.58.0.jar:/home/runner/.m2/repository/io/grpc/grpc-util/1.58.0/grpc-util-1.58.0.jar:/home/runner/.m2/repository/com/google/errorprone/error_prone_annotations/2.2.0/error_prone_annotations-2.2.0.jar:/home/runner/.m2/repository/io/perfmark/perfmark-api/0.26.0/perfmark-api-0.26.0.jar:/home/runner/.m2/repository/io/netty/netty-codec-http2/4.1.100.Final/netty-codec-http2-4.1.100.Final.jar:/home/runner/.m2/repository/io/netty/netty-common/4.1.100.Final/netty-common-4.1.100.Final.jar:/home/runner/.m2/repository/io/netty/netty-buffer/4.1.100.Final/netty-buffer-4.1.100.Final.jar:/home/runner/.m2/repository/io/netty/netty-codec-http/4.1.100.Final/netty-codec-http-4.1.100.Final.jar:/home/runner/.m2/repository/io/netty/netty-handler-proxy/4.1.100.Final/netty-handler-proxy-4.1.100.Final.jar:/home/runner/.m2/repository/io/netty/netty-codec-socks/4.1.100.Final/netty-codec-socks-4.1.100.Final.jar:/home/runner/.m2/repository/io/netty/netty-tcnative-boringssl-static/2.0.61.Final/netty-tcnative-boringssl-static-2.0.61.Final.jar:/home/runner/.m2/repository/io/netty/netty-tcnative-classes/2.0.61.Final/netty-tcnative-classes-2.0.61.Final.jar:/home/runner/.m2/repository/io/netty/netty-tcnative-boringssl-static/2.0.61.Final/netty-tcnative-boringssl-static-2.0.61.Final-linux-x86_64.jar:/home/runner/.m2/repository/io/netty/netty-tcnative-boringssl-static/2.0.61.Final/netty-tcnative-boringssl-static-2.0.61.Final-linux-aarch_64.jar:/home/runner/.m2/repository/io/netty/netty-tcnative-boringssl-static/2.0.61.Final/netty-tcnative-boringssl-static-2.0.61.Final-osx-x86_64.jar:/home/runner/.m2/repository/io/netty/netty-tcnative-boringssl-static/2.0.61.Final/netty-tcnative-boringssl-static-2.0.61.Final-osx-aarch_64.jar:/home/runner/.m2/repository/io/netty/netty-tcnative-boringssl-static/2.0.61.Final/netty-tcnative-boringssl-static-2.0.61.Final-windows-x86_64.jar:/home/runner/.m2/repository/org/apache/commons/commons-compress/1.26.0/commons-compress-1.26.0.jar:/home/runner/.m2/repository/org/apache/ozone/hdds-common/1.5.0-SNAPSHOT/hdds-common-1.5.0-SNAPSHOT.jar:/home/runner/.m2/repository/org/apache/ozone/hdds-client/1.5.0-SNAPSHOT/hdds-client-1.5.0-SNAPSHOT.jar:/home/runner/.m2/repository/org/apache/ozone/ozone-interface-client/1.5.0-SNAPSHOT/ozone-interface-client-1.5.0-SNAPSHOT.jar:/home/runner/.m2/repository/org/apache/hadoop/hadoop-hdfs-client/3.3.6/hadoop-hdfs-client-3.3.6.jar:/home/runner/.m2/repository/com/squareup/okhttp3/okhttp/4.12.0/okhttp-4.12.0.jar:/home/runner/.m2/repository/com/squareup/okio/okio/3.6.0/okio-3.6.0.jar:/home/runner/.m2/repository/com/squareup/okio/okio-jvm/3.6.0/okio-jvm-3.6.0.jar:/home/runner/.m2/repository/org/jetbrains/kotlin/kotlin-stdlib-jdk8/1.9.22/kotlin-stdlib-jdk8-1.9.22.jar:/home/runner/.m2/repository/org/jetbrains/kotlin/kotlin-stdlib-jdk7/1.9.22/kotlin-stdlib-jdk7-1.9.22.jar:/home/runner/.m2/repository/org/jetbrains/kotlin/kotlin-stdlib-common/1.9.22/kotlin-stdlib-common-1.9.22.jar:/home/runner/.m2/repository/org/apache/ozone/hdds-test-utils/1.5.0-SNAPSHOT/hdds-test-utils-1.5.0-SNAPSHOT.jar:/home/runner/.m2/repository/org/assertj/assertj-core/3.12.2/assertj-core-3.12.2.jar:/home/runner/.m2/repository/com/google/guava/guava/32.0.0-jre/guava-32.0.0-jre.jar:/home/runner/.m2/repository/com/google/guava/failureaccess/1.0.1/failureaccess-1.0.1.jar:/home/runner/.m2/repository/com/google/guava/listenablefuture/9999.0-empty-to-avoid-conflict-with-guava/listenablefuture-9999.0-empty-to-avoid-conflict-with-guava.jar:/home/runner/.m2/repository/org/checkerframework/checker-qual/3.33.0/checker-qual-3.33.0.jar:/home/runner/.m2/repository/com/google/j2objc/j2objc-annotations/2.8/j2objc-annotations-2.8.jar:/home/runner/.m2/repository/commons-io/commons-io/2.15.1/commons-io-2.15.1.jar:/home/runner/.m2/repository/commons-logging/commons-logging/1.2/commons-logging-1.2.jar:/home/runner/.m2/repository/org/junit/jupiter/junit-jupiter-api/5.10.2/junit-jupiter-api-5.10.2.jar:/home/runner/.m2/repository/org/opentest4j/opentest4j/1.3.0/opentest4j-1.3.0.jar:/home/runner/.m2/repository/org/junit/platform/junit-platform-commons/1.10.2/junit-platform-commons-1.10.2.jar:/home/runner/.m2/repository/ch/qos/reload4j/reload4j/1.2.25/reload4j-1.2.25.jar:/home/runner/.m2/repository/jakarta/annotation/jakarta.annotation-api/2.1.1/jakarta.annotation-api-2.1.1.jar:/home/runner/.m2/repository/org/slf4j/slf4j-api/2.0.12/slf4j-api-2.0.12.jar:/home/runner/.m2/repository/org/apache/logging/log4j/log4j-api/2.17.1/log4j-api-2.17.1.jar:/home/runner/.m2/repository/org/apache/ozone/hdds-server-scm/1.5.0-SNAPSHOT/hdds-server-scm-1.5.0-SNAPSHOT.jar:/home/runner/.m2/repository/com/google/protobuf/protobuf-java/2.5.0/protobuf-java-2.5.0.jar:/home/runner/.m2/repository/org/apache/ozone/hdds-container-service/1.5.0-SNAPSHOT/hdds-container-service-1.5.0-SNAPSHOT.jar:/home/runner/.m2/repository/org/apache/ozone/hdds-hadoop-dependency-server/1.5.0-SNAPSHOT/hdds-hadoop-dependency-server-1.5.0-SNAPSHOT.jar:/home/runner/.m2/repository/org/apache/hadoop/hadoop-hdfs/3.3.6/hadoop-hdfs-3.3.6.jar:/home/runner/.m2/repository/commons-daemon/commons-daemon/1.0.13/commons-daemon-1.0.13.jar:/home/runner/.m2/repository/org/xerial/snappy/snappy-java/1.1.10.5/snappy-java-1.1.10.5.jar:/home/runner/.m2/repository/org/apache/ozone/hdds-server-framework/1.5.0-SNAPSHOT/hdds-server-framework-1.5.0-SNAPSHOT.jar:/home/runner/.m2/repository/org/bouncycastle/bcprov-jdk18on/1.77/bcprov-jdk18on-1.77.jar:/home/runner/.m2/repository/io/dropwizard/metrics/metrics-core/3.2.4/metrics-core-3.2.4.jar:/home/runner/.m2/repository/org/apache/commons/commons-text/1.11.0/commons-text-1.11.0.jar:/home/runner/.m2/repository/org/apache/ozone/hdds-server-framework/1.5.0-SNAPSHOT/hdds-server-framework-1.5.0-SNAPSHOT-tests.jar:/home/runner/.m2/repository/org/apache/ozone/hdds-interface-server/1.5.0-SNAPSHOT/hdds-interface-server-1.5.0-SNAPSHOT.jar:/home/runner/.m2/repository/org/apache/ozone/hdds-interface-admin/1.5.0-SNAPSHOT/hdds-interface-admin-1.5.0-SNAPSHOT.jar:/home/runner/.m2/repository/org/apache/ozone/hdds-managed-rocksdb/1.5.0-SNAPSHOT/hdds-managed-rocksdb-1.5.0-SNAPSHOT.jar:/home/runner/.m2/repository/org/rocksdb/rocksdbjni/7.7.3/rocksdbjni-7.7.3.jar:/home/runner/.m2/repository/org/slf4j/slf4j-reload4j/2.0.12/slf4j-reload4j-2.0.12.jar:/home/runner/.m2/repository/org/apache/commons/commons-configuration2/2.8.0/commons-configuration2-2.8.0.jar:/home/runner/.m2/repository/commons-fileupload/commons-fileupload/1.5/commons-fileupload-1.5.jar:/home/runner/.m2/repository/org/apache/logging/log4j/log4j-core/2.17.1/log4j-core-2.17.1.jar:/home/runner/.m2/repository/com/lmax/disruptor/3.4.4/disruptor-3.4.4.jar:/home/runner/.m2/repository/org/eclipse/jetty/jetty-util/9.4.53.v20231009/jetty-util-9.4.53.v20231009.jar:/home/runner/.m2/repository/org/eclipse/jetty/jetty-server/9.4.53.v20231009/jetty-server-9.4.53.v20231009.jar:/home/runner/.m2/repository/org/eclipse/jetty/jetty-http/9.4.53.v20231009/jetty-http-9.4.53.v20231009.jar:/home/runner/.m2/repository/org/eclipse/jetty/jetty-io/9.4.53.v20231009/jetty-io-9.4.53.v20231009.jar:/home/runner/.m2/repository/org/eclipse/jetty/jetty-servlet/9.4.53.v20231009/jetty-servlet-9.4.53.v20231009.jar:/home/runner/.m2/repository/org/eclipse/jetty/jetty-security/9.4.53.v20231009/jetty-security-9.4.53.v20231009.jar:/home/runner/.m2/repository/org/eclipse/jetty/jetty-util-ajax/9.4.53.v20231009/jetty-util-ajax-9.4.53.v20231009.jar:/home/runner/.m2/repository/org/eclipse/jetty/jetty-webapp/9.4.53.v20231009/jetty-webapp-9.4.53.v20231009.jar:/home/runner/.m2/repository/org/eclipse/jetty/jetty-xml/9.4.53.v20231009/jetty-xml-9.4.53.v20231009.jar:/home/runner/.m2/repository/org/apache/ratis/ratis-server/3.0.1/ratis-server-3.0.1.jar:/home/runner/.m2/repository/org/apache/ratis/ratis-thirdparty-misc/1.0.5/ratis-thirdparty-misc-1.0.5.jar:/home/runner/.m2/repository/org/apache/ratis/ratis-proto/3.0.1/ratis-proto-3.0.1.jar:/home/runner/.m2/repository/org/apache/ratis/ratis-common/3.0.1/ratis-common-3.0.1.jar:/home/runner/.m2/repository/org/apache/ratis/ratis-client/3.0.1/ratis-client-3.0.1.jar:/home/runner/.m2/repository/org/apache/ratis/ratis-server-api/3.0.1/ratis-server-api-3.0.1.jar:/home/runner/.m2/repository/org/apache/ratis/ratis-metrics-api/3.0.1/ratis-metrics-api-3.0.1.jar:/home/runner/.m2/repository/org/apache/ratis/ratis-metrics-dropwizard3/3.0.1/ratis-metrics-dropwizard3-3.0.1.jar:/home/runner/.m2/repository/io/prometheus/simpleclient_dropwizard/0.16.0/simpleclient_dropwizard-0.16.0.jar:/home/runner/.m2/repository/io/prometheus/simpleclient/0.16.0/simpleclient-0.16.0.jar:/home/runner/.m2/repository/io/prometheus/simpleclient_common/0.16.0/simpleclient_common-0.16.0.jar:/home/runner/.m2/repository/com/fasterxml/jackson/datatype/jackson-datatype-jsr310/2.16.1/jackson-datatype-jsr310-2.16.1.jar:/home/runner/.m2/repository/com/fasterxml/jackson/core/jackson-core/2.16.1/jackson-core-2.16.1.jar:/home/runner/.m2/repository/org/apache/ozone/rocksdb-checkpoint-differ/1.5.0-SNAPSHOT/rocksdb-checkpoint-differ-1.5.0-SNAPSHOT.jar:/home/runner/.m2/repository/org/jgrapht/jgrapht-core/1.4.0/jgrapht-core-1.4.0.jar:/home/runner/.m2/repository/org/jheaps/jheaps/0.11/jheaps-0.11.jar:/home/runner/.m2/repository/org/jgrapht/jgrapht-ext/1.4.0/jgrapht-ext-1.4.0.jar:/home/runner/.m2/repository/com/github/vlsi/mxgraph/jgraphx/3.9.8.1/jgraphx-3.9.8.1.jar:/home/runner/.m2/repository/org/apache/ozone/ozone-manager/1.5.0-SNAPSHOT/ozone-manager-1.5.0-SNAPSHOT.jar:/home/runner/.m2/repository/org/aspectj/aspectjrt/1.9.7/aspectjrt-1.9.7.jar:/home/runner/.m2/repository/org/aspectj/aspectjweaver/1.9.7/aspectjweaver-1.9.7.jar:/home/runner/.m2/repository/org/apache/ozone/hdds-interface-client/1.5.0-SNAPSHOT/hdds-interface-client-1.5.0-SNAPSHOT.jar:/home/runner/.m2/repository/org/apache/hadoop/thirdparty/hadoop-shaded-protobuf_3_7/1.1.1/hadoop-shaded-protobuf_3_7-1.1.1.jar:/home/runner/.m2/repository/org/apache/ozone/ozone-interface-storage/1.5.0-SNAPSHOT/ozone-interface-storage-1.5.0-SNAPSHOT.jar:/home/runner/.m2/repository/org/reflections/reflections/0.9.11/reflections-0.9.11.jar:/home/runner/.m2/repository/com/sun/jersey/jersey-client/1.19.4/jersey-client-1.19.4.jar:/home/runner/.m2/repository/org/codehaus/jackson/jackson-core-asl/1.9.13/jackson-core-asl-1.9.13.jar:/home/runner/.m2/repository/org/codehaus/jackson/jackson-mapper-asl/1.9.13/jackson-mapper-asl-1.9.13.jar:/home/runner/.m2/repository/org/codehaus/jackson/jackson-jaxrs/1.9.13/jackson-jaxrs-1.9.13.jar:/home/runner/.m2/repository/org/apache/ranger/ranger-intg/2.3.0/ranger-intg-2.3.0.jar:/home/runner/.m2/repository/org/apache/ranger/ranger-plugins-common/2.3.0/ranger-plugins-common-2.3.0.jar:/home/runner/.m2/repository/commons-lang/commons-lang/2.6/commons-lang-2.6.jar:/home/runner/.m2/repository/org/apache/ranger/ranger-plugins-cred/2.3.0/ranger-plugins-cred-2.3.0.jar:/home/runner/.m2/repository/org/apache/ranger/ranger-plugins-audit/2.3.0/ranger-plugins-audit-2.3.0.jar:/home/runner/.m2/repository/org/eclipse/jetty/jetty-client/9.4.53.v20231009/jetty-client-9.4.53.v20231009.jar:/home/runner/.m2/repository/org/apache/httpcomponents/httpmime/4.5.6/httpmime-4.5.6.jar:/home/runner/.m2/repository/org/apache/httpcomponents/httpcore-nio/4.4.16/httpcore-nio-4.4.16.jar:/home/runner/.m2/repository/org/apache/httpcomponents/httpasyncclient/4.1.3/httpasyncclient-4.1.3.jar:/home/runner/.m2/repository/com/carrotsearch/hppc/0.8.0/hppc-0.8.0.jar:/home/runner/.m2/repository/org/apache/orc/orc-core/1.5.8/orc-core-1.5.8.jar:/home/runner/.m2/repository/net/java/dev/jna/jna/5.2.0/jna-5.2.0.jar:/home/runner/.m2/repository/net/java/dev/jna/jna-platform/5.2.0/jna-platform-5.2.0.jar:/home/runner/.m2/repository/com/kstruct/gethostname4j/0.0.2/gethostname4j-0.0.2.jar:/home/runner/.m2/repository/org/apache/ranger/ranger-plugin-classloader/2.3.0/ranger-plugin-classloader-2.3.0.jar:/home/runner/.m2/repository/org/apache/ozone/hdds-rocks-native/1.5.0-SNAPSHOT/hdds-rocks-native-1.5.0-SNAPSHOT.jar:/home/runner/.m2/repository/org/apache/hadoop/hadoop-minikdc/3.3.6/hadoop-minikdc-3.3.6.jar:/home/runner/.m2/repository/org/apache/kerby/kerb-simplekdc/1.0.1/kerb-simplekdc-1.0.1.jar:/home/runner/.m2/repository/org/apache/kerby/kerb-client/1.0.1/kerb-client-1.0.1.jar:/home/runner/.m2/repository/org/apache/kerby/kerby-config/1.0.1/kerby-config-1.0.1.jar:/home/runner/.m2/repository/org/apache/kerby/kerb-common/1.0.1/kerb-common-1.0.1.jar:/home/runner/.m2/repository/org/apache/kerby/kerb-crypto/1.0.1/kerb-crypto-1.0.1.jar:/home/runner/.m2/repository/org/apache/kerby/kerb-util/1.0.1/kerb-util-1.0.1.jar:/home/runner/.m2/repository/org/apache/kerby/token-provider/1.0.1/token-provider-1.0.1.jar:/home/runner/.m2/repository/org/apache/kerby/kerb-admin/1.0.1/kerb-admin-1.0.1.jar:/home/runner/.m2/repository/org/apache/kerby/kerb-server/1.0.1/kerb-server-1.0.1.jar:/home/runner/.m2/repository/org/apache/kerby/kerb-identity/1.0.1/kerb-identity-1.0.1.jar:/home/runner/.m2/repository/org/apache/kerby/kerby-xdr/1.0.1/kerby-xdr-1.0.1.jar:/home/runner/.m2/repository/junit/junit/4.13.2/junit-4.13.2.jar:/home/runner/.m2/repository/org/hamcrest/hamcrest-core/1.3/hamcrest-core-1.3.jar:/home/runner/.m2/repository/org/apache/ozone/ozone-s3gateway/1.5.0-SNAPSHOT/ozone-s3gateway-1.5.0-SNAPSHOT.jar:/home/runner/.m2/repository/org/javassist/javassist/3.21.0-GA/javassist-3.21.0-GA.jar:/home/runner/.m2/repository/org/jboss/weld/servlet/weld-servlet-shaded/3.1.9.Final/weld-servlet-shaded-3.1.9.Final.jar:/home/runner/.m2/repository/org/glassfish/jersey/containers/jersey-container-servlet-core/2.41/jersey-container-servlet-core-2.41.jar:/home/runner/.m2/repository/org/glassfish/hk2/external/jakarta.inject/2.6.1/jakarta.inject-2.6.1.jar:/home/runner/.m2/repository/org/glassfish/jersey/core/jersey-common/2.41/jersey-common-2.41.jar:/home/runner/.m2/repository/jakarta/ws/rs/jakarta.ws.rs-api/2.1.6/jakarta.ws.rs-api-2.1.6.jar:/home/runner/.m2/repository/org/glassfish/jersey/ext/cdi/jersey-cdi1x/2.41/jersey-cdi1x-2.41.jar:/home/runner/.m2/repository/org/glassfish/jersey/inject/jersey-hk2/2.41/jersey-hk2-2.41.jar:/home/runner/.m2/repository/org/glassfish/hk2/hk2-locator/2.6.1/hk2-locator-2.6.1.jar:/home/runner/.m2/repository/org/glassfish/jersey/media/jersey-media-jaxb/2.41/jersey-media-jaxb-2.41.jar:/home/runner/.m2/repository/org/glassfish/hk2/osgi-resource-locator/1.0.3/osgi-resource-locator-1.0.3.jar:/home/runner/.m2/repository/org/glassfish/hk2/hk2-api/2.6.1/hk2-api-2.6.1.jar:/home/runner/.m2/repository/org/glassfish/hk2/hk2-utils/2.6.1/hk2-utils-2.6.1.jar:/home/runner/.m2/repository/org/glassfish/hk2/external/aopalliance-repackaged/2.6.1/aopalliance-repackaged-2.6.1.jar:/home/runner/.m2/repository/com/fasterxml/jackson/dataformat/jackson-dataformat-xml/2.16.1/jackson-dataformat-xml-2.16.1.jar:/home/runner/.m2/repository/org/codehaus/woodstox/stax2-api/4.2.2/stax2-api-4.2.2.jar:/home/runner/.m2/repository/com/fasterxml/woodstox/woodstox-core/5.4.0/woodstox-core-5.4.0.jar:/home/runner/.m2/repository/com/fasterxml/jackson/module/jackson-module-jaxb-annotations/2.16.1/jackson-module-jaxb-annotations-2.16.1.jar:/home/runner/.m2/repository/javax/enterprise/cdi-api/2.0/cdi-api-2.0.jar:/home/runner/.m2/repository/javax/el/javax.el-api/3.0.0/javax.el-api-3.0.0.jar:/home/runner/.m2/repository/javax/interceptor/javax.interceptor-api/1.2/javax.interceptor-api-1.2.jar:/home/runner/.m2/repository/javax/inject/javax.inject/1/javax.inject-1.jar:/home/runner/.m2/repository/jakarta/xml/bind/jakarta.xml.bind-api/2.3.3/jakarta.xml.bind-api-2.3.3.jar:/home/runner/.m2/repository/org/glassfish/jaxb/jaxb-runtime/2.3.9/jaxb-runtime-2.3.9.jar:/home/runner/.m2/repository/org/glassfish/jaxb/txw2/2.3.9/txw2-2.3.9.jar:/home/runner/.m2/repository/com/sun/istack/istack-commons-runtime/3.0.12/istack-commons-runtime-3.0.12.jar:/home/runner/.m2/repository/com/sun/activation/jakarta.activation/1.2.2/jakarta.activation-1.2.2.jar:/home/runner/.m2/repository/jakarta/activation/jakarta.activation-api/1.2.2/jakarta.activation-api-1.2.2.jar:/home/runner/.m2/repository/io/grpc/grpc-protobuf/1.58.0/grpc-protobuf-1.58.0.jar:/home/runner/.m2/repository/com/google/api/grpc/proto-google-common-protos/2.22.0/proto-google-common-protos-2.22.0.jar:/home/runner/.m2/repository/io/grpc/grpc-protobuf-lite/1.58.0/grpc-protobuf-lite-1.58.0.jar:/home/runner/.m2/repository/io/grpc/grpc-stub/1.58.0/grpc-stub-1.58.0.jar:/home/runner/.m2/repository/io/netty/netty-transport/4.1.100.Final/netty-transport-4.1.100.Final.jar:/home/runner/.m2/repository/io/netty/netty-resolver/4.1.100.Final/netty-resolver-4.1.100.Final.jar:/home/runner/.m2/repository/org/apache/ozone/ozone-csi/1.5.0-SNAPSHOT/ozone-csi-1.5.0-SNAPSHOT.jar:/home/runner/.m2/repository/com/google/protobuf/protobuf-java-util/3.19.6/protobuf-java-util-3.19.6.jar:/home/runner/.m2/repository/com/google/code/gson/gson/2.9.0/gson-2.9.0.jar:/home/runner/.m2/repository/org/apache/ozone/hdds-config/1.5.0-SNAPSHOT/hdds-config-1.5.0-SNAPSHOT.jar:/home/runner/.m2/repository/io/netty/netty-transport-native-epoll/4.1.100.Final/netty-transport-native-epoll-4.1.100.Final-linux-x86_64.jar:/home/runner/.m2/repository/io/netty/netty-transport-classes-epoll/4.1.100.Final/netty-transport-classes-epoll-4.1.100.Final.jar:/home/runner/.m2/repository/io/netty/netty-transport-native-unix-common/4.1.100.Final/netty-transport-native-unix-common-4.1.100.Final.jar:/home/runner/.m2/repository/org/apache/ozone/ozone-recon/1.5.0-SNAPSHOT/ozone-recon-1.5.0-SNAPSHOT.jar:/home/runner/.m2/repository/org/apache/ozone/ozone-reconcodegen/1.5.0-SNAPSHOT/ozone-reconcodegen-1.5.0-SNAPSHOT.jar:/home/runner/.m2/repository/com/google/inject/guice/6.0.0/guice-6.0.0.jar:/home/runner/.m2/repository/jakarta/inject/jakarta.inject-api/2.0.1/jakarta.inject-api-2.0.1.jar:/home/runner/.m2/repository/aopalliance/aopalliance/1.0/aopalliance-1.0.jar:/home/runner/.m2/repository/com/google/inject/extensions/guice-assistedinject/6.0.0/guice-assistedinject-6.0.0.jar:/home/runner/.m2/repository/com/google/inject/extensions/guice-servlet/6.0.0/guice-servlet-6.0.0.jar:/home/runner/.m2/repository/org/glassfish/jersey/containers/jersey-container-servlet/2.41/jersey-container-servlet-2.41.jar:/home/runner/.m2/repository/org/glassfish/hk2/guice-bridge/2.6.1/guice-bridge-2.6.1.jar:/home/runner/.m2/repository/org/glassfish/jersey/core/jersey-server/2.41/jersey-server-2.41.jar:/home/runner/.m2/repository/org/glassfish/jersey/core/jersey-client/2.41/jersey-client-2.41.jar:/home/runner/.m2/repository/jakarta/validation/jakarta.validation-api/2.0.2/jakarta.validation-api-2.0.2.jar:/home/runner/.m2/repository/org/glassfish/jersey/media/jersey-media-json-jackson/2.41/jersey-media-json-jackson-2.41.jar:/home/runner/.m2/repository/org/glassfish/jersey/ext/jersey-entity-filtering/2.41/jersey-entity-filtering-2.41.jar:/home/runner/.m2/repository/org/jooq/jooq/3.11.10/jooq-3.11.10.jar:/home/runner/.m2/repository/org/jooq/jooq-meta/3.11.10/jooq-meta-3.11.10.jar:/home/runner/.m2/repository/org/jooq/jooq-codegen/3.11.10/jooq-codegen-3.11.10.jar:/home/runner/.m2/repository/com/jolbox/bonecp/0.8.0.RELEASE/bonecp-0.8.0.RELEASE.jar:/home/runner/.m2/repository/org/apache/derby/derby/10.14.2.0/derby-10.14.2.0.jar:/home/runner/.m2/repository/org/xerial/sqlite-jdbc/3.44.1.0/sqlite-jdbc-3.44.1.0.jar:/home/runner/.m2/repository/org/springframework/spring-jdbc/5.3.27/spring-jdbc-5.3.27.jar:/home/runner/.m2/repository/org/springframework/spring-beans/5.3.27/spring-beans-5.3.27.jar:/home/runner/.m2/repository/org/springframework/spring-core/5.3.27/spring-core-5.3.27.jar:/home/runner/.m2/repository/org/springframework/spring-tx/5.3.27/spring-tx-5.3.27.jar:/home/runner/.m2/repository/org/apache/ozone/ozone-client/1.5.0-SNAPSHOT/ozone-client-1.5.0-SNAPSHOT.jar:/home/runner/.m2/repository/org/apache/ozone/hdds-erasurecode/1.5.0-SNAPSHOT/hdds-erasurecode-1.5.0-SNAPSHOT.jar:/home/runner/.m2/repository/org/apache/ozone/ozone-filesystem/1.5.0-SNAPSHOT/ozone-filesystem-1.5.0-SNAPSHOT.jar:/home/runner/.m2/repository/org/apache/ozone/ozone-filesystem-common/1.5.0-SNAPSHOT/ozone-filesystem-common-1.5.0-SNAPSHOT.jar:/home/runner/.m2/repository/org/apache/ozone/ozone-tools/1.5.0-SNAPSHOT/ozone-tools-1.5.0-SNAPSHOT.jar:/home/runner/.m2/repository/com/amazonaws/aws-java-sdk-core/1.12.661/aws-java-sdk-core-1.12.661.jar:/home/runner/.m2/repository/org/apache/httpcomponents/httpclient/4.5.14/httpclient-4.5.14.jar:/home/runner/.m2/repository/org/apache/httpcomponents/httpcore/4.4.16/httpcore-4.4.16.jar:/home/runner/.m2/repository/com/fasterxml/jackson/dataformat/jackson-dataformat-cbor/2.16.1/jackson-dataformat-cbor-2.16.1.jar:/home/runner/.m2/repository/joda-time/joda-time/2.12.7/joda-time-2.12.7.jar:/home/runner/.m2/repository/com/amazonaws/aws-java-sdk-s3/1.12.661/aws-java-sdk-s3-1.12.661.jar:/home/runner/.m2/repository/com/amazonaws/aws-java-sdk-kms/1.12.661/aws-java-sdk-kms-1.12.661.jar:/home/runner/.m2/repository/com/amazonaws/jmespath-java/1.12.661/jmespath-java-1.12.661.jar:/home/runner/.m2/repository/org/kohsuke/metainf-services/metainf-services/1.11/metainf-services-1.11.jar:/home/runner/.m2/repository/org/apache/ozone/hdds-tools/1.5.0-SNAPSHOT/hdds-tools-1.5.0-SNAPSHOT.jar:/home/runner/.m2/repository/org/apache/ratis/ratis-tools/3.0.1/ratis-tools-3.0.1.jar:/home/runner/.m2/repository/commons-cli/commons-cli/1.6.0/commons-cli-1.6.0.jar:/home/runner/.m2/repository/org/apache/commons/commons-lang3/3.14.0/commons-lang3-3.14.0.jar:/home/runner/.m2/repository/org/apache/ozone/ozone-manager/1.5.0-SNAPSHOT/ozone-manager-1.5.0-SNAPSHOT-tests.jar:/home/runner/.m2/repository/org/apache/ozone/hdds-common/1.5.0-SNAPSHOT/hdds-common-1.5.0-SNAPSHOT-tests.jar:/home/runner/.m2/repository/org/apache/ozone/hdds-hadoop-dependency-client/1.5.0-SNAPSHOT/hdds-hadoop-dependency-client-1.5.0-SNAPSHOT.jar:/home/runner/.m2/repository/info/picocli/picocli/4.7.5/picocli-4.7.5.jar:/home/runner/.m2/repository/com/fasterxml/jackson/core/jackson-annotations/2.16.1/jackson-annotations-2.16.1.jar:/home/runner/.m2/repository/org/apache/ozone/hdds-annotation-processing/1.5.0-SNAPSHOT/hdds-annotation-processing-1.5.0-SNAPSHOT.jar:/home/runner/.m2/repository/javax/annotation/javax.annotation-api/1.3.2/javax.annotation-api-1.3.2.jar:/home/runner/.m2/repository/org/apache/ratis/ratis-netty/3.0.1/ratis-netty-3.0.1.jar:/home/runner/.m2/repository/org/apache/ratis/ratis-grpc/3.0.1/ratis-grpc-3.0.1.jar:/home/runner/.m2/repository/org/bouncycastle/bcpkix-jdk18on/1.77/bcpkix-jdk18on-1.77.jar:/home/runner/.m2/repository/org/bouncycastle/bcutil-jdk18on/1.77/bcutil-jdk18on-1.77.jar:/home/runner/.m2/repository/commons-validator/commons-validator/1.6/commons-validator-1.6.jar:/home/runner/.m2/repository/commons-beanutils/commons-beanutils/1.9.4/commons-beanutils-1.9.4.jar:/home/runner/.m2/repository/commons-digester/commons-digester/1.8.1/commons-digester-1.8.1.jar:/home/runner/.m2/repository/commons-collections/commons-collections/3.2.2/commons-collections-3.2.2.jar:/home/runner/.m2/repository/io/jaegertracing/jaeger-client/1.8.1/jaeger-client-1.8.1.jar:/home/runner/.m2/repository/io/jaegertracing/jaeger-thrift/1.8.1/jaeger-thrift-1.8.1.jar:/home/runner/.m2/repository/org/apache/thrift/libthrift/0.15.0/libthrift-0.15.0.jar:/home/runner/.m2/repository/io/jaegertracing/jaeger-core/1.8.1/jaeger-core-1.8.1.jar:/home/runner/.m2/repository/io/jaegertracing/jaeger-tracerresolver/1.8.1/jaeger-tracerresolver-1.8.1.jar:/home/runner/.m2/repository/io/opentracing/contrib/opentracing-tracerresolver/0.1.8/opentracing-tracerresolver-0.1.8.jar:/home/runner/.m2/repository/org/jetbrains/kotlin/kotlin-stdlib/1.9.22/kotlin-stdlib-1.9.22.jar:/home/runner/.m2/repository/org/jetbrains/annotations/13.0/annotations-13.0.jar:/home/runner/.m2/repository/io/opentracing/opentracing-util/0.33.0/opentracing-util-0.33.0.jar:/home/runner/.m2/repository/io/opentracing/opentracing-api/0.33.0/opentracing-api-0.33.0.jar:/home/runner/.m2/repository/io/opentracing/opentracing-noop/0.33.0/opentracing-noop-0.33.0.jar:/home/runner/.m2/repository/org/yaml/snakeyaml/2.0/snakeyaml-2.0.jar:/home/runner/.m2/repository/io/grpc/grpc-api/1.58.0/grpc-api-1.58.0.jar:/home/runner/.m2/repository/org/junit/platform/junit-platform-launcher/1.10.2/junit-platform-launcher-1.10.2.jar:/home/runner/.m2/repository/org/junit/platform/junit-platform-engine/1.10.2/junit-platform-engine-1.10.2.jar:/home/runner/.m2/repository/org/apiguardian/apiguardian-api/1.1.2/apiguardian-api-1.1.2.jar:/home/runner/.m2/repository/org/apache/hadoop/hadoop-kms/3.3.6/hadoop-kms-3.3.6.jar:/home/runner/.m2/repository/org/apache/hadoop/hadoop-auth/3.3.6/hadoop-auth-3.3.6.jar:/home/runner/.m2/repository/com/nimbusds/nimbus-jose-jwt/9.8.1/nimbus-jose-jwt-9.8.1.jar:/home/runner/.m2/repository/com/github/stephenc/jcip/jcip-annotations/1.0-1/jcip-annotations-1.0-1.jar:/home/runner/.m2/repository/org/apache/zookeeper/zookeeper/3.8.4/zookeeper-3.8.4.jar:/home/runner/.m2/repository/org/apache/zookeeper/zookeeper-jute/3.8.4/zookeeper-jute-3.8.4.jar:/home/runner/.m2/repository/org/apache/yetus/audience-annotations/0.12.0/audience-annotations-0.12.0.jar:/home/runner/.m2/repository/org/apache/curator/curator-framework/4.2.0/curator-framework-4.2.0.jar:/home/runner/.m2/repository/org/apache/hadoop/thirdparty/hadoop-shaded-guava/1.1.1/hadoop-shaded-guava-1.1.1.jar:/home/runner/.m2/repository/com/sun/jersey/jersey-core/1.19.4/jersey-core-1.19.4.jar:/home/runner/.m2/repository/javax/ws/rs/jsr311-api/1.1.1/jsr311-api-1.1.1.jar:/home/runner/.m2/repository/com/sun/jersey/jersey-server/1.19.4/jersey-server-1.19.4.jar:/home/runner/.m2/repository/javax/servlet/javax.servlet-api/3.1.0/javax.servlet-api-3.1.0.jar:/home/runner/.m2/repository/org/apache/hadoop/hadoop-common/3.3.6/hadoop-common-3.3.6.jar:/home/runner/.m2/repository/org/apache/commons/commons-math3/3.6.1/commons-math3-3.6.1.jar:/home/runner/.m2/repository/commons-net/commons-net/3.10.0/commons-net-3.10.0.jar:/home/runner/.m2/repository/com/sun/jersey/jersey-servlet/1.19.4/jersey-servlet-1.19.4.jar:/home/runner/.m2/repository/com/github/pjfanning/jersey-json/1.20/jersey-json-1.20.jar:/home/runner/.m2/repository/org/codehaus/jettison/jettison/1.1/jettison-1.1.jar:/home/runner/.m2/repository/com/sun/xml/bind/jaxb-impl/2.2.3-1/jaxb-impl-2.2.3-1.jar:/home/runner/.m2/repository/com/google/re2j/re2j/1.7/re2j-1.7.jar:/home/runner/.m2/repository/com/jcraft/jsch/0.1.54/jsch-0.1.54.jar:/home/runner/.m2/repository/org/apache/curator/curator-client/4.2.0/curator-client-4.2.0.jar:/home/runner/.m2/repository/org/apache/curator/curator-recipes/5.2.0/curator-recipes-5.2.0.jar:/home/runner/.m2/repository/com/google/code/findbugs/jsr305/3.0.2/jsr305-3.0.2.jar:/home/runner/.m2/repository/org/apache/kerby/kerb-core/1.0.1/kerb-core-1.0.1.jar:/home/runner/.m2/repository/org/apache/kerby/kerby-pkix/1.0.1/kerby-pkix-1.0.1.jar:/home/runner/.m2/repository/org/apache/kerby/kerby-asn1/1.0.1/kerby-asn1-1.0.1.jar:/home/runner/.m2/repository/org/apache/kerby/kerby-util/1.0.1/kerby-util-1.0.1.jar:/home/runner/.m2/repository/dnsjava/dnsjava/2.1.7/dnsjava-2.1.7.jar:/home/runner/.m2/repository/com/fasterxml/jackson/core/jackson-databind/2.16.1/jackson-databind-2.16.1.jar:/home/runner/.m2/repository/org/apache/hadoop/hadoop-kms/3.3.6/hadoop-kms-3.3.6-tests.jar:/home/runner/.m2/repository/org/apache/ozone/hdds-server-scm/1.5.0-SNAPSHOT/hdds-server-scm-1.5.0-SNAPSHOT-tests.jar:/home/runner/.m2/repository/org/apache/ozone/hdds-container-service/1.5.0-SNAPSHOT/hdds-container-service-1.5.0-SNAPSHOT-tests.jar:/home/runner/.m2/repository/com/github/luben/zstd-jni/1.5.2-5/zstd-jni-1.5.2-5.jar:/home/runner/.m2/repository/commons-codec/commons-codec/1.15/commons-codec-1.15.jar:/home/runner/.m2/repository/io/netty/netty-codec/4.1.100.Final/netty-codec-4.1.100.Final.jar:/home/runner/.m2/repository/io/netty/netty-handler/4.1.100.Final/netty-handler-4.1.100.Final.jar:/home/runner/.m2/repository/org/apache/ozone/hdds-hadoop-dependency-test/1.5.0-SNAPSHOT/hdds-hadoop-dependency-test-1.5.0-SNAPSHOT.jar:/home/runner/.m2/repository/org/apache/hadoop/hadoop-common/3.3.6/hadoop-common-3.3.6-tests.jar:/home/runner/.m2/repository/org/apache/hadoop/hadoop-hdfs/3.3.6/hadoop-hdfs-3.3.6-tests.jar:/home/runner/.m2/repository/org/junit/jupiter/junit-jupiter-engine/5.10.2/junit-jupiter-engine-5.10.2.jar:/home/runner/.m2/repository/org/junit/jupiter/junit-jupiter-params/5.10.2/junit-jupiter-params-5.10.2.jar:/home/runner/.m2/repository/org/mockito/mockito-core/4.11.0/mockito-core-4.11.0.jar:/home/runner/.m2/repository/net/bytebuddy/byte-buddy/1.12.19/byte-buddy-1.12.19.jar:/home/runner/.m2/repository/net/bytebuddy/byte-buddy-agent/1.12.19/byte-buddy-agent-1.12.19.jar:/home/runner/.m2/repository/org/objenesis/objenesis/3.3/objenesis-3.3.jar:/home/runner/.m2/repository/org/mockito/mockito-junit-jupiter/4.11.0/mockito-junit-jupiter-4.11.0.jar:/home/runner/.m2/repository/org/apache/hadoop/hadoop-distcp/3.3.6/hadoop-distcp-3.3.6.jar:/home/runner/.m2/repository/org/apache/hadoop/hadoop-mapreduce-client-jobclient/3.3.6/hadoop-mapreduce-client-jobclient-3.3.6.jar:/home/runner/.m2/repository/org/apache/hadoop/hadoop-mapreduce-client-common/3.3.6/hadoop-mapreduce-client-common-3.3.6.jar:/home/runner/.m2/repository/org/apache/hadoop/hadoop-yarn-common/3.3.6/hadoop-yarn-common-3.3.6.jar:/home/runner/.m2/repository/org/apache/hadoop/hadoop-yarn-api/3.3.6/hadoop-yarn-api-3.3.6.jar:/home/runner/.m2/repository/javax/xml/bind/jaxb-api/2.2.11/jaxb-api-2.2.11.jar:/home/runner/.m2/repository/com/sun/jersey/contribs/jersey-guice/1.19.4/jersey-guice-1.19.4.jar:/home/runner/.m2/repository/com/fasterxml/jackson/jaxrs/jackson-jaxrs-json-provider/2.16.1/jackson-jaxrs-json-provider-2.16.1.jar:/home/runner/.m2/repository/com/fasterxml/jackson/jaxrs/jackson-jaxrs-base/2.16.1/jackson-jaxrs-base-2.16.1.jar:/home/runner/.m2/repository/org/apache/hadoop/hadoop-yarn-client/3.3.6/hadoop-yarn-client-3.3.6.jar:/home/runner/.m2/repository/org/eclipse/jetty/websocket/websocket-client/9.4.51.v20230217/websocket-client-9.4.51.v20230217.jar:/home/runner/.m2/repository/org/eclipse/jetty/websocket/websocket-common/9.4.51.v20230217/websocket-common-9.4.51.v20230217.jar:/home/runner/.m2/repository/org/eclipse/jetty/websocket/websocket-api/9.4.51.v20230217/websocket-api-9.4.51.v20230217.jar:/home/runner/.m2/repository/org/jline/jline/3.9.0/jline-3.9.0.jar:/home/runner/.m2/repository/org/apache/hadoop/hadoop-mapreduce-client-core/3.3.6/hadoop-mapreduce-client-core-3.3.6.jar:/home/runner/.m2/repository/org/apache/avro/avro/1.7.7/avro-1.7.7.jar:/home/runner/.m2/repository/com/thoughtworks/paranamer/paranamer/2.3/paranamer-2.3.jar:/home/runner/.m2/repository/org/apache/hadoop/hadoop-annotations/3.3.6/hadoop-annotations-3.3.6.jar:/usr/lib/jvm/temurin-8-jdk-amd64/jre/../lib/tools.jar:/home/runner/.m2/repository/io/netty/netty/3.10.6.Final/netty-3.10.6.Final.jar:/home/runner/.m2/repository/org/apache/hadoop/hadoop-distcp/3.3.6/hadoop-distcp-3.3.6-tests.jar:/home/runner/.m2/repository/org/hamcrest/hamcrest/2.2/hamcrest-2.2.jar:/home/runner/.m2/repository/org/slf4j/jul-to-slf4j/2.0.12/jul-to-slf4j-2.0.12.jar:/home/runner/work/ozone/ozone/hadoop-ozone/integration-test/target/gradle-enterprise/test-listeners.jar:"/>
    <property name="sun.cpu.endian" value="little"/>
    <property name="user.home" value="/home/runner"/>
    <property name="user.language" value="en"/>
    <property name="java.specification.vendor" value="Oracle Corporation"/>
    <property name="java.home" value="/usr/lib/jvm/temurin-8-jdk-amd64/jre"/>
    <property name="java.security.krb5.conf" value="/tmp/junit3399344666720871220/1710969024546/krb5.conf"/>
    <property name="file.separator" value="/"/>
    <property name="basedir" value="/home/runner/work/ozone/ozone/hadoop-ozone/integration-test"/>
    <property name="line.separator" value="&#10;"/>
    <property name="java.vm.specification.vendor" value="Oracle Corporation"/>
    <property name="java.specification.name" value="Java Platform API Specification"/>
    <property name="skip.installnpx" value="true"/>
    <property name="java.awt.graphicsenv" value="sun.awt.X11GraphicsEnvironment"/>
    <property name="surefire.real.class.path" value="/home/runner/work/ozone/ozone/hadoop-ozone/integration-test/target/surefire/surefirebooter4049834969516531421.jar:/home/runner/.m2/repository/org/jacoco/org.jacoco.agent/0.8.11/org.jacoco.agent-0.8.11-runtime.jar"/>
    <property name="sun.boot.class.path" value="/usr/lib/jvm/temurin-8-jdk-amd64/jre/lib/resources.jar:/usr/lib/jvm/temurin-8-jdk-amd64/jre/lib/rt.jar:/usr/lib/jvm/temurin-8-jdk-amd64/jre/lib/sunrsasign.jar:/usr/lib/jvm/temurin-8-jdk-amd64/jre/lib/jsse.jar:/usr/lib/jvm/temurin-8-jdk-amd64/jre/lib/jce.jar:/usr/lib/jvm/temurin-8-jdk-amd64/jre/lib/charsets.jar:/usr/lib/jvm/temurin-8-jdk-amd64/jre/lib/jfr.jar:/usr/lib/jvm/temurin-8-jdk-amd64/jre/classes"/>
    <property name="hadoop.log.dir" value="/home/runner/work/ozone/ozone/hadoop-ozone/integration-test/target/log"/>
    <property name="sun.management.compiler" value="HotSpot 64-Bit Tiered Compilers"/>
    <property name="java.runtime.version" value="1.8.0_402-b06"/>
    <property name="skip.npx" value="true"/>
    <property name="user.name" value="runner"/>
    <property name="java.net.preferIPv4Stack" value="true"/>
    <property name="path.separator" value=":"/>
    <property name="java.security.egd" value="file:///dev/urandom"/>
    <property name="os.version" value="5.15.0-1058-azure"/>
    <property name="java.endorsed.dirs" value="/usr/lib/jvm/temurin-8-jdk-amd64/jre/lib/endorsed"/>
    <property name="java.runtime.name" value="OpenJDK Runtime Environment"/>
    <property name="com.gradle.maven.scan.extension.test.listener.junitplatform.NestedExecutionSafeDelegatingTestExecutionListener" value="35d019a3"/>
    <property name="file.encoding" value="UTF-8"/>
    <property name="java.vm.name" value="OpenJDK 64-Bit Server VM"/>
    <property name="test.build.webapps" value=""/>
    <property name="localRepository" value="/home/runner/.m2/repository"/>
    <property name="gradle.enterprise.listener.port" value="43165"/>
    <property name="jetty.git.hash" value="27bde00a0b95a1d5bbee0eae7984f891d2d0f8c9"/>
    <property name="java.vendor.url.bug" value="https://github.com/adoptium/adoptium-support/issues"/>
    <property name="require.test.libhadoop" value=""/>
    <property name="java.io.tmpdir" value="/tmp"/>
    <property name="java.version" value="1.8.0_402"/>
    <property name="user.dir" value="/home/runner/work/ozone/ozone/hadoop-ozone/integration-test"/>
    <property name="os.arch" value="amd64"/>
    <property name="test.build.classes" value="/home/runner/work/ozone/ozone/hadoop-ozone/integration-test/target/test-classes"/>
    <property name="java.vm.specification.name" value="Java Virtual Machine Specification"/>
    <property name="java.awt.printerjob" value="sun.print.PSPrinterJob"/>
    <property name="sun.os.patch.level" value="unknown"/>
    <property name="org.apache.ratis.thirdparty.io.netty.allocator.useCacheForAllThreads" value="false"/>
    <property name="hadoop.tmp.dir" value="/home/runner/work/ozone/ozone/hadoop-ozone/integration-test/target/tmp"/>
    <property name="java.library.path" value="/usr/java/packages/lib/amd64:/usr/lib64:/lib64:/lib:/usr/lib"/>
    <property name="java.vendor" value="Temurin"/>
    <property name="java.vm.info" value="mixed mode"/>
    <property name="java.vm.version" value="25.402-b06"/>
    <property name="java.specification.maintenance.version" value="5"/>
    <property name="sun.io.unicode.encoding" value="UnicodeLittle"/>
    <property name="java.ext.dirs" value="/usr/lib/jvm/temurin-8-jdk-amd64/jre/lib/ext:/usr/java/packages/lib/ext"/>
    <property name="java.class.version" value="52.0"/>
  </properties>
  <testcase name="testSecretKeyApiSuccess" classname="org.apache.hadoop.hdds.scm.TestSecretKeysApi" time="70.234">
    <failure type="org.opentest4j.AssertionFailedError"><![CDATA[org.opentest4j.AssertionFailedError: expected: <SecretKey(id = b612ddda-0dae-4ac6-bafe-b505e589941f, creation at: 2024-03-20T21:08:46.272Z, expire at: 2024-03-20T21:08:49.272Z)> but was: <SecretKey(id = d17e0349-8f5e-4ce4-9c01-5f576f953aa8, creation at: 2024-03-20T21:08:47.272Z, expire at: 2024-03-20T21:08:50.272Z)>
	at org.junit.jupiter.api.AssertionFailureBuilder.build(AssertionFailureBuilder.java:151)
	at org.junit.jupiter.api.AssertionFailureBuilder.buildAndThrow(AssertionFailureBuilder.java:132)
	at org.junit.jupiter.api.AssertEquals.failNotEqual(AssertEquals.java:197)
	at org.junit.jupiter.api.AssertEquals.assertEquals(AssertEquals.java:182)
	at org.junit.jupiter.api.AssertEquals.assertEquals(AssertEquals.java:177)
	at org.junit.jupiter.api.Assertions.assertEquals(Assertions.java:1145)
	at org.apache.hadoop.hdds.scm.TestSecretKeysApi.testSecretKeyApiSuccess(TestSecretKeysApi.java:210)
	at java.lang.reflect.Method.invoke(Method.java:498)
	at java.util.ArrayList.forEach(ArrayList.java:1259)
	at java.util.ArrayList.forEach(ArrayList.java:1259)
]]></failure>
    <system-out><![CDATA[2024-03-20 21:08:10,344 [main] INFO  minikdc.MiniKdc (MiniKdc.java:<init>(225)) - Configuration:
2024-03-20 21:08:10,345 [main] INFO  minikdc.MiniKdc (MiniKdc.java:<init>(226)) - ---------------------------------------------------------------
2024-03-20 21:08:10,346 [main] INFO  minikdc.MiniKdc (MiniKdc.java:<init>(228)) -   debug: false
2024-03-20 21:08:10,346 [main] INFO  minikdc.MiniKdc (MiniKdc.java:<init>(228)) -   transport: TCP
2024-03-20 21:08:10,346 [main] INFO  minikdc.MiniKdc (MiniKdc.java:<init>(228)) -   max.ticket.lifetime: 86400000
2024-03-20 21:08:10,347 [main] INFO  minikdc.MiniKdc (MiniKdc.java:<init>(228)) -   org.name: EXAMPLE
2024-03-20 21:08:10,347 [main] INFO  minikdc.MiniKdc (MiniKdc.java:<init>(228)) -   kdc.port: 0
2024-03-20 21:08:10,347 [main] INFO  minikdc.MiniKdc (MiniKdc.java:<init>(228)) -   org.domain: COM
2024-03-20 21:08:10,348 [main] INFO  minikdc.MiniKdc (MiniKdc.java:<init>(228)) -   max.renewable.lifetime: 604800000
2024-03-20 21:08:10,348 [main] INFO  minikdc.MiniKdc (MiniKdc.java:<init>(228)) -   instance: DefaultKrbServer
2024-03-20 21:08:10,348 [main] INFO  minikdc.MiniKdc (MiniKdc.java:<init>(228)) -   kdc.bind.address: localhost
2024-03-20 21:08:10,348 [main] INFO  minikdc.MiniKdc (MiniKdc.java:<init>(230)) - ---------------------------------------------------------------
2024-03-20 21:08:10,409 [main] INFO  minikdc.MiniKdc (MiniKdc.java:start(285)) - MiniKdc started.
2024-03-20 21:08:10,991 [main] INFO  audit.AuditLogger (AuditLogger.java:refreshDebugCmdSet(135)) - Refresh DebugCmdSet for OMAudit to [].
2024-03-20 21:08:11,266 [main] WARN  server.ServerUtils (ServerUtils.java:getScmDbDir(143)) - ozone.scm.db.dirs is not configured. We recommend adding this setting. Falling back to ozone.metadata.dirs instead.
2024-03-20 21:08:11,493 [main] INFO  ha.SCMHANodeDetails (SCMHANodeDetails.java:loadSCMHAConfig(207)) - ServiceID for StorageContainerManager is TestSecretKey
2024-03-20 21:08:11,501 [main] INFO  ha.SCMHANodeDetails (SCMHANodeDetails.java:loadSCMHAConfig(218)) - ServiceID for StorageContainerManager is TestSecretKey
2024-03-20 21:08:11,531 [main] WARN  scm.ScmUtils (ScmUtils.java:logWarn(192)) - ConfigKey ozone.scm.block.client.address is deprecated, For configuring different ports for each SCM use PortConfigKey ozone.scm.block.client.port appended with serviceId and nodeId. If want to configure same port configure ozone.scm.block.client.port
2024-03-20 21:08:11,531 [main] WARN  scm.ScmUtils (ScmUtils.java:logWarn(192)) - ConfigKey ozone.scm.client.address is deprecated, For configuring different ports for each SCM use PortConfigKey ozone.scm.client.port appended with serviceId and nodeId. If want to configure same port configure ozone.scm.client.port
2024-03-20 21:08:11,532 [main] WARN  scm.ScmUtils (ScmUtils.java:logWarn(192)) - ConfigKey ozone.scm.datanode.address is deprecated, For configuring different ports for each SCM use PortConfigKey ozone.scm.datanode.port appended with serviceId and nodeId. If want to configure same port configure ozone.scm.datanode.port
2024-03-20 21:08:11,534 [main] WARN  scm.ScmUtils (ScmUtils.java:logWarn(192)) - ConfigKey ozone.scm.block.client.address is deprecated, For configuring different ports for each SCM use PortConfigKey ozone.scm.block.client.port appended with serviceId and nodeId. If want to configure same port configure ozone.scm.block.client.port
2024-03-20 21:08:11,534 [main] WARN  scm.ScmUtils (ScmUtils.java:logWarn(192)) - ConfigKey ozone.scm.client.address is deprecated, For configuring different ports for each SCM use PortConfigKey ozone.scm.client.port appended with serviceId and nodeId. If want to configure same port configure ozone.scm.client.port
2024-03-20 21:08:11,535 [main] WARN  scm.ScmUtils (ScmUtils.java:logWarn(192)) - ConfigKey ozone.scm.datanode.address is deprecated, For configuring different ports for each SCM use PortConfigKey ozone.scm.datanode.port appended with serviceId and nodeId. If want to configure same port configure ozone.scm.datanode.port
2024-03-20 21:08:11,535 [main] INFO  ha.SCMHANodeDetails (SCMHANodeDetails.java:loadSCMHAConfig(305)) - Found matching SCM address with SCMServiceId: TestSecretKey, SCMNodeId: scmNode-1, RPC Address: localhost:15003 and Ratis port: 15003
2024-03-20 21:08:11,536 [main] INFO  ha.SCMHANodeDetails (ConfUtils.java:setNodeSpecificConfigs(97)) - Setting configuration key ozone.scm.datanode.address with value of key ozone.scm.datanode.address.TestSecretKey.scmNode-1: 127.0.0.1:15004
2024-03-20 21:08:11,536 [main] INFO  ha.SCMHANodeDetails (ConfUtils.java:setNodeSpecificConfigs(97)) - Setting configuration key ozone.scm.block.client.address with value of key ozone.scm.block.client.address.TestSecretKey.scmNode-1: 127.0.0.1:15007
2024-03-20 21:08:11,536 [main] INFO  ha.SCMHANodeDetails (ConfUtils.java:setNodeSpecificConfigs(97)) - Setting configuration key ozone.scm.client.address with value of key ozone.scm.client.address.TestSecretKey.scmNode-1: 127.0.0.1:15005
2024-03-20 21:08:11,537 [main] INFO  ha.SCMHANodeDetails (ConfUtils.java:setNodeSpecificConfigs(97)) - Setting configuration key ozone.scm.security.service.address with value of key ozone.scm.security.service.address.TestSecretKey.scmNode-1: 127.0.0.1:15002
2024-03-20 21:08:11,537 [main] INFO  ha.SCMHANodeDetails (ConfUtils.java:setNodeSpecificConfigs(97)) - Setting configuration key ozone.scm.ratis.port with value of key ozone.scm.ratis.port.TestSecretKey.scmNode-1: 15003
2024-03-20 21:08:11,537 [main] INFO  ha.SCMHANodeDetails (ConfUtils.java:setNodeSpecificConfigs(97)) - Setting configuration key ozone.scm.grpc.port with value of key ozone.scm.grpc.port.TestSecretKey.scmNode-1: 15006
2024-03-20 21:08:11,537 [main] INFO  ha.SCMHANodeDetails (ConfUtils.java:setNodeSpecificConfigs(97)) - Setting configuration key ozone.scm.http-address with value of key ozone.scm.http-address.TestSecretKey.scmNode-1: 127.0.0.1:15000
2024-03-20 21:08:11,538 [main] INFO  ha.SCMHANodeDetails (ConfUtils.java:setNodeSpecificConfigs(97)) - Setting configuration key ozone.scm.https-address with value of key ozone.scm.https-address.TestSecretKey.scmNode-1: 127.0.0.1:15001
2024-03-20 21:08:11,538 [main] INFO  ha.SCMHANodeDetails (ConfUtils.java:setNodeSpecificConfigs(97)) - Setting configuration key ozone.scm.address with value of key ozone.scm.address.TestSecretKey.scmNode-1: 127.0.0.1
2024-03-20 21:08:11,538 [main] WARN  scm.ScmUtils (ScmUtils.java:logWarn(192)) - ConfigKey ozone.scm.block.client.address is deprecated, For configuring different ports for each SCM use PortConfigKey ozone.scm.block.client.port appended with serviceId and nodeId. If want to configure same port configure ozone.scm.block.client.port
2024-03-20 21:08:11,539 [main] WARN  scm.ScmUtils (ScmUtils.java:logWarn(192)) - ConfigKey ozone.scm.client.address is deprecated, For configuring different ports for each SCM use PortConfigKey ozone.scm.client.port appended with serviceId and nodeId. If want to configure same port configure ozone.scm.client.port
2024-03-20 21:08:11,539 [main] WARN  scm.ScmUtils (ScmUtils.java:logWarn(192)) - ConfigKey ozone.scm.datanode.address is deprecated, For configuring different ports for each SCM use PortConfigKey ozone.scm.datanode.port appended with serviceId and nodeId. If want to configure same port configure ozone.scm.datanode.port
2024-03-20 21:08:11,542 [main] INFO  ha.SCMNodeInfo (SCMNodeInfo.java:getPort(197)) - ConfigKey ozone.scm.client.address is deprecated, For configuring different ports for each SCM use PortConfigKey ozone.scm.client.port appended with serviceId and nodeId
2024-03-20 21:08:11,542 [main] INFO  ha.SCMNodeInfo (SCMNodeInfo.java:getPort(197)) - ConfigKey ozone.scm.block.client.address is deprecated, For configuring different ports for each SCM use PortConfigKey ozone.scm.block.client.port appended with serviceId and nodeId
2024-03-20 21:08:11,543 [main] INFO  ha.SCMNodeInfo (SCMNodeInfo.java:getPort(197)) - ConfigKey ozone.scm.security.service.address is deprecated, For configuring different ports for each SCM use PortConfigKey ozone.scm.security.service.port appended with serviceId and nodeId
2024-03-20 21:08:11,543 [main] INFO  ha.SCMNodeInfo (SCMNodeInfo.java:getPort(197)) - ConfigKey ozone.scm.datanode.address is deprecated, For configuring different ports for each SCM use PortConfigKey ozone.scm.datanode.port appended with serviceId and nodeId
2024-03-20 21:08:11,544 [main] INFO  ha.SCMNodeInfo (SCMNodeInfo.java:getPort(197)) - ConfigKey ozone.scm.client.address is deprecated, For configuring different ports for each SCM use PortConfigKey ozone.scm.client.port appended with serviceId and nodeId
2024-03-20 21:08:11,544 [main] INFO  ha.SCMNodeInfo (SCMNodeInfo.java:getPort(197)) - ConfigKey ozone.scm.block.client.address is deprecated, For configuring different ports for each SCM use PortConfigKey ozone.scm.block.client.port appended with serviceId and nodeId
2024-03-20 21:08:11,544 [main] INFO  ha.SCMNodeInfo (SCMNodeInfo.java:getPort(197)) - ConfigKey ozone.scm.security.service.address is deprecated, For configuring different ports for each SCM use PortConfigKey ozone.scm.security.service.port appended with serviceId and nodeId
2024-03-20 21:08:11,545 [main] INFO  ha.SCMNodeInfo (SCMNodeInfo.java:getPort(197)) - ConfigKey ozone.scm.datanode.address is deprecated, For configuring different ports for each SCM use PortConfigKey ozone.scm.datanode.port appended with serviceId and nodeId
2024-03-20 21:08:11,545 [main] INFO  ha.SCMNodeInfo (SCMNodeInfo.java:getPort(197)) - ConfigKey ozone.scm.client.address is deprecated, For configuring different ports for each SCM use PortConfigKey ozone.scm.client.port appended with serviceId and nodeId
2024-03-20 21:08:11,545 [main] INFO  ha.SCMNodeInfo (SCMNodeInfo.java:getPort(197)) - ConfigKey ozone.scm.block.client.address is deprecated, For configuring different ports for each SCM use PortConfigKey ozone.scm.block.client.port appended with serviceId and nodeId
2024-03-20 21:08:11,546 [main] INFO  ha.SCMNodeInfo (SCMNodeInfo.java:getPort(197)) - ConfigKey ozone.scm.security.service.address is deprecated, For configuring different ports for each SCM use PortConfigKey ozone.scm.security.service.port appended with serviceId and nodeId
2024-03-20 21:08:11,546 [main] INFO  ha.SCMNodeInfo (SCMNodeInfo.java:getPort(197)) - ConfigKey ozone.scm.datanode.address is deprecated, For configuring different ports for each SCM use PortConfigKey ozone.scm.datanode.port appended with serviceId and nodeId
2024-03-20 21:08:11,548 [main] INFO  ha.HASecurityUtils (HASecurityUtils.java:initializeSecurity(81)) - Initializing secure StorageContainerManager.
2024-03-20 21:08:11,881 [main] INFO  ha.SCMNodeInfo (SCMNodeInfo.java:getPort(197)) - ConfigKey ozone.scm.client.address is deprecated, For configuring different ports for each SCM use PortConfigKey ozone.scm.client.port appended with serviceId and nodeId
2024-03-20 21:08:11,881 [main] INFO  ha.SCMNodeInfo (SCMNodeInfo.java:getPort(197)) - ConfigKey ozone.scm.block.client.address is deprecated, For configuring different ports for each SCM use PortConfigKey ozone.scm.block.client.port appended with serviceId and nodeId
2024-03-20 21:08:11,882 [main] INFO  ha.SCMNodeInfo (SCMNodeInfo.java:getPort(197)) - ConfigKey ozone.scm.security.service.address is deprecated, For configuring different ports for each SCM use PortConfigKey ozone.scm.security.service.port appended with serviceId and nodeId
2024-03-20 21:08:11,882 [main] INFO  ha.SCMNodeInfo (SCMNodeInfo.java:getPort(197)) - ConfigKey ozone.scm.datanode.address is deprecated, For configuring different ports for each SCM use PortConfigKey ozone.scm.datanode.port appended with serviceId and nodeId
2024-03-20 21:08:11,882 [main] INFO  ha.SCMNodeInfo (SCMNodeInfo.java:getPort(197)) - ConfigKey ozone.scm.client.address is deprecated, For configuring different ports for each SCM use PortConfigKey ozone.scm.client.port appended with serviceId and nodeId
2024-03-20 21:08:11,883 [main] INFO  ha.SCMNodeInfo (SCMNodeInfo.java:getPort(197)) - ConfigKey ozone.scm.block.client.address is deprecated, For configuring different ports for each SCM use PortConfigKey ozone.scm.block.client.port appended with serviceId and nodeId
2024-03-20 21:08:11,883 [main] INFO  ha.SCMNodeInfo (SCMNodeInfo.java:getPort(197)) - ConfigKey ozone.scm.security.service.address is deprecated, For configuring different ports for each SCM use PortConfigKey ozone.scm.security.service.port appended with serviceId and nodeId
2024-03-20 21:08:11,883 [main] INFO  ha.SCMNodeInfo (SCMNodeInfo.java:getPort(197)) - ConfigKey ozone.scm.datanode.address is deprecated, For configuring different ports for each SCM use PortConfigKey ozone.scm.datanode.port appended with serviceId and nodeId
2024-03-20 21:08:11,884 [main] INFO  ha.SCMNodeInfo (SCMNodeInfo.java:getPort(197)) - ConfigKey ozone.scm.client.address is deprecated, For configuring different ports for each SCM use PortConfigKey ozone.scm.client.port appended with serviceId and nodeId
2024-03-20 21:08:11,884 [main] INFO  ha.SCMNodeInfo (SCMNodeInfo.java:getPort(197)) - ConfigKey ozone.scm.block.client.address is deprecated, For configuring different ports for each SCM use PortConfigKey ozone.scm.block.client.port appended with serviceId and nodeId
2024-03-20 21:08:11,885 [main] INFO  ha.SCMNodeInfo (SCMNodeInfo.java:getPort(197)) - ConfigKey ozone.scm.security.service.address is deprecated, For configuring different ports for each SCM use PortConfigKey ozone.scm.security.service.port appended with serviceId and nodeId
2024-03-20 21:08:11,885 [main] INFO  ha.SCMNodeInfo (SCMNodeInfo.java:getPort(197)) - ConfigKey ozone.scm.datanode.address is deprecated, For configuring different ports for each SCM use PortConfigKey ozone.scm.datanode.port appended with serviceId and nodeId
2024-03-20 21:08:12,003 [main] INFO  client.SCMCertificateClient (DefaultCertificateClient.java:updateCertSerialId(1313)) - Certificate serial ID set to null
2024-03-20 21:08:12,003 [main] ERROR client.SCMCertificateClient (DefaultCertificateClient.java:getCertPath(376)) - Default certificate serial id is not set. Can't locate the default certificate for this client.
2024-03-20 21:08:12,003 [main] INFO  client.SCMCertificateClient (DefaultCertificateClient.java:init(720)) - Certificate client init case: 0
2024-03-20 21:08:12,005 [main] INFO  client.SCMCertificateClient (DefaultCertificateClient.java:handleCase(738)) - Creating keypair for client as keypair and certificate not found.
2024-03-20 21:08:12,284 [main] INFO  client.SCMCertificateClient (SCMCertificateClient.java:recoverStateIfNeeded(285)) - Init response: GETCERT
2024-03-20 21:08:12,626 [main] INFO  ozone.OzoneSecurityUtil (OzoneSecurityUtil.java:getValidInetsForCurrentHost(119)) - ip:fe80:0:0:0:6245:bdff:feae:494f%eth0 not returned.
2024-03-20 21:08:12,626 [main] INFO  ozone.OzoneSecurityUtil (OzoneSecurityUtil.java:getValidInetsForCurrentHost(116)) - Adding ip:10.1.0.34,host:fv-az1053-74.1e55wlyavovu3ma4fylbaqc4gd.phxx.internal.cloudapp.net
2024-03-20 21:08:12,626 [main] INFO  ozone.OzoneSecurityUtil (OzoneSecurityUtil.java:getValidInetsForCurrentHost(119)) - ip:0:0:0:0:0:0:0:1%lo not returned.
2024-03-20 21:08:12,627 [main] INFO  ozone.OzoneSecurityUtil (OzoneSecurityUtil.java:getValidInetsForCurrentHost(119)) - ip:127.0.0.1 not returned.
2024-03-20 21:08:12,704 [main] INFO  utils.SelfSignedCertificate (SelfSignedCertificate.java:generateCertificate(157)) - Certificate 1 is issued by CN=scm@fv-az1053-74,OU=1ba87fbc-452a-4836-9768-c65c67837df8,O=bb4c8f07-45f9-422c-bd0c-8b04330ef271,SERIALNUMBER=1 to CN=scm@fv-az1053-74,OU=1ba87fbc-452a-4836-9768-c65c67837df8,O=bb4c8f07-45f9-422c-bd0c-8b04330ef271,SERIALNUMBER=1, valid from Wed Mar 20 21:08:12 UTC 2024 to Sat Apr 28 21:08:12 UTC 2029
2024-03-20 21:08:12,715 [main] INFO  utils.CertificateCodec (CertificateCodec.java:writeCertificate(299)) - Save certificate to /home/runner/work/ozone/ozone/hadoop-ozone/integration-test/target/test-dir/MiniOzoneClusterImpl-bb4c8f07-45f9-422c-bd0c-8b04330ef271/scmNode-1/scm/ca/certs/certificate.crt
2024-03-20 21:08:12,716 [main] INFO  utils.CertificateCodec (CertificateCodec.java:writeCertificate(300)) - Certificate -----BEGIN CERTIFICATE-----
MIID/zCCAuegAwIBAgIBATANBgkqhkiG9w0BAQsFADCBhTEZMBcGA1UEAwwQc2Nt
QGZ2LWF6MTA1My03NDEtMCsGA1UECwwkMWJhODdmYmMtNDUyYS00ODM2LTk3Njgt
YzY1YzY3ODM3ZGY4MS0wKwYDVQQKDCRiYjRjOGYwNy00NWY5LTQyMmMtYmQwYy04
YjA0MzMwZWYyNzExCjAIBgNVBAUTATEwHhcNMjQwMzIwMjEwODEyWhcNMjkwNDI4
MjEwODEyWjCBhTEZMBcGA1UEAwwQc2NtQGZ2LWF6MTA1My03NDEtMCsGA1UECwwk
MWJhODdmYmMtNDUyYS00ODM2LTk3NjgtYzY1YzY3ODM3ZGY4MS0wKwYDVQQKDCRi
YjRjOGYwNy00NWY5LTQyMmMtYmQwYy04YjA0MzMwZWYyNzExCjAIBgNVBAUTATEw
ggEiMA0GCSqGSIb3DQEBAQUAA4IBDwAwggEKAoIBAQC/m2LgdUeuFIMf11f1imlJ
ntpXNSG/DAXbhJLInVrNBk9r/+QierA29eQ4BztXjKki+snZ7xcCnCMTQ4hMzD2I
hYfquZKgsxO5OFvDykvs5PKV/kb18GODRIpXoBHiELfOvtwLW6KPy2ftAe5IUO1H
aDknb8dfAKwjZ0Rlrs8lxA0ejWJ36Ys5RcrkS6Gl25OeARPysuEF8jbU/7oQiidJ
T53Mxanb22KmCIsHcLtsQ5bhQu4YIOaqi2cvMUfeu89996AjFrWXBdSFTQFiuIn6
Z3QSCOktXhltlJaRZpTkO/lo4FDeEbQdTEoKH56HZi381mbbefJmNDWdkISPWDQ/
AgMBAAGjeDB2MA8GA1UdEwEB/wQFMAMBAf8wDgYDVR0PAQH/BAQDAgEGMFMGA1Ud
EQRMMEqHBAoBACKCQmZ2LWF6MTA1My03NC4xZTU1d2x5YXZvdnUzbWE0ZnlsYmFx
YzRnZC5waHh4LmludGVybmFsLmNsb3VkYXBwLm5ldDANBgkqhkiG9w0BAQsFAAOC
AQEAiW+KGH2yWPzDgMIJUWsJcnTrIDzIs+IZTcx38oYdVSeE+ftuG/4idvpxB7Ob
GLr33mY/gmGkhQsuOSWFb0zMdcH5UZGUrQNUJ+5u+V/2C1ldylIRsRnfWjjIQYuV
8ZWJ8rCzB2Yj9jaWc2CsNNvwHk01Q29xqSypRKUHbYPvYDPFYs1/8Aq1BzSlrevZ
peYH4cVQTFmVfnSQG3DuvN7jQ+4GRZeJBXuDJKQDNadgan185Dz9vRgzsRMoLEiL
UdFP/+HeC0S1zHXqff9UlKDfGFC24BwvM4ku/bH6nr845BaT5Gyh6KzCSAyvPV1E
HatInUC4mAqYvqZHmUFIj3ldKA==
-----END CERTIFICATE-----

2024-03-20 21:08:12,741 [main] INFO  client.SCMCertificateClient (SCMCertificateClient.java:getCSRBuilder(145)) - Creating csr for SCM->hostName:localhost,scmId:1ba87fbc-452a-4836-9768-c65c67837df8,clusterId:bb4c8f07-45f9-422c-bd0c-8b04330ef271,subject:scm-sub@localhost
2024-03-20 21:08:12,743 [main] INFO  ozone.OzoneSecurityUtil (OzoneSecurityUtil.java:getValidInetsForCurrentHost(119)) - ip:fe80:0:0:0:6245:bdff:feae:494f%eth0 not returned.
2024-03-20 21:08:12,744 [main] INFO  ozone.OzoneSecurityUtil (OzoneSecurityUtil.java:getValidInetsForCurrentHost(116)) - Adding ip:10.1.0.34,host:fv-az1053-74.1e55wlyavovu3ma4fylbaqc4gd.phxx.internal.cloudapp.net
2024-03-20 21:08:12,744 [main] INFO  ozone.OzoneSecurityUtil (OzoneSecurityUtil.java:getValidInetsForCurrentHost(119)) - ip:0:0:0:0:0:0:0:1%lo not returned.
2024-03-20 21:08:12,744 [main] INFO  ozone.OzoneSecurityUtil (OzoneSecurityUtil.java:getValidInetsForCurrentHost(119)) - ip:127.0.0.1 not returned.
2024-03-20 21:08:12,788 [main] INFO  authority.DefaultApprover (DefaultApprover.java:sign(157)) - Extensions in CSR: 2.5.29.19, 2.5.29.15, 2.5.29.17
2024-03-20 21:08:12,789 [main] INFO  authority.DefaultApprover (DefaultApprover.java:sign(161)) - Extensions to add to the certificate if they present in CSR: 2.5.29.17, 2.5.29.19, 1.3.6.1.5.5.7.1.12, 2.5.29.35, 2.5.29.37, 2.5.29.15
2024-03-20 21:08:12,806 [main] INFO  utils.CertificateCodec (CertificateCodec.java:writeCertificate(299)) - Save certificate to /home/runner/work/ozone/ozone/hadoop-ozone/integration-test/target/test-dir/MiniOzoneClusterImpl-bb4c8f07-45f9-422c-bd0c-8b04330ef271/scmNode-1/scm/sub-ca/certs/CA-1.crt
2024-03-20 21:08:12,807 [main] INFO  utils.CertificateCodec (CertificateCodec.java:writeCertificate(300)) - Certificate -----BEGIN CERTIFICATE-----
MIID/zCCAuegAwIBAgIBATANBgkqhkiG9w0BAQsFADCBhTEZMBcGA1UEAwwQc2Nt
QGZ2LWF6MTA1My03NDEtMCsGA1UECwwkMWJhODdmYmMtNDUyYS00ODM2LTk3Njgt
YzY1YzY3ODM3ZGY4MS0wKwYDVQQKDCRiYjRjOGYwNy00NWY5LTQyMmMtYmQwYy04
YjA0MzMwZWYyNzExCjAIBgNVBAUTATEwHhcNMjQwMzIwMjEwODEyWhcNMjkwNDI4
MjEwODEyWjCBhTEZMBcGA1UEAwwQc2NtQGZ2LWF6MTA1My03NDEtMCsGA1UECwwk
MWJhODdmYmMtNDUyYS00ODM2LTk3NjgtYzY1YzY3ODM3ZGY4MS0wKwYDVQQKDCRi
YjRjOGYwNy00NWY5LTQyMmMtYmQwYy04YjA0MzMwZWYyNzExCjAIBgNVBAUTATEw
ggEiMA0GCSqGSIb3DQEBAQUAA4IBDwAwggEKAoIBAQC/m2LgdUeuFIMf11f1imlJ
ntpXNSG/DAXbhJLInVrNBk9r/+QierA29eQ4BztXjKki+snZ7xcCnCMTQ4hMzD2I
hYfquZKgsxO5OFvDykvs5PKV/kb18GODRIpXoBHiELfOvtwLW6KPy2ftAe5IUO1H
aDknb8dfAKwjZ0Rlrs8lxA0ejWJ36Ys5RcrkS6Gl25OeARPysuEF8jbU/7oQiidJ
T53Mxanb22KmCIsHcLtsQ5bhQu4YIOaqi2cvMUfeu89996AjFrWXBdSFTQFiuIn6
Z3QSCOktXhltlJaRZpTkO/lo4FDeEbQdTEoKH56HZi381mbbefJmNDWdkISPWDQ/
AgMBAAGjeDB2MA8GA1UdEwEB/wQFMAMBAf8wDgYDVR0PAQH/BAQDAgEGMFMGA1Ud
EQRMMEqHBAoBACKCQmZ2LWF6MTA1My03NC4xZTU1d2x5YXZvdnUzbWE0ZnlsYmFx
YzRnZC5waHh4LmludGVybmFsLmNsb3VkYXBwLm5ldDANBgkqhkiG9w0BAQsFAAOC
AQEAiW+KGH2yWPzDgMIJUWsJcnTrIDzIs+IZTcx38oYdVSeE+ftuG/4idvpxB7Ob
GLr33mY/gmGkhQsuOSWFb0zMdcH5UZGUrQNUJ+5u+V/2C1ldylIRsRnfWjjIQYuV
8ZWJ8rCzB2Yj9jaWc2CsNNvwHk01Q29xqSypRKUHbYPvYDPFYs1/8Aq1BzSlrevZ
peYH4cVQTFmVfnSQG3DuvN7jQ+4GRZeJBXuDJKQDNadgan185Dz9vRgzsRMoLEiL
UdFP/+HeC0S1zHXqff9UlKDfGFC24BwvM4ku/bH6nr845BaT5Gyh6KzCSAyvPV1E
HatInUC4mAqYvqZHmUFIj3ldKA==
-----END CERTIFICATE-----

2024-03-20 21:08:12,809 [main] INFO  utils.CertificateCodec (CertificateCodec.java:writeCertificate(299)) - Save certificate to /home/runner/work/ozone/ozone/hadoop-ozone/integration-test/target/test-dir/MiniOzoneClusterImpl-bb4c8f07-45f9-422c-bd0c-8b04330ef271/scmNode-1/scm/sub-ca/certs/2.crt
2024-03-20 21:08:12,809 [main] INFO  utils.CertificateCodec (CertificateCodec.java:writeCertificate(300)) - Certificate -----BEGIN CERTIFICATE-----
MIIEADCCAuigAwIBAgIBAjANBgkqhkiG9w0BAQsFADCBhTEZMBcGA1UEAwwQc2Nt
QGZ2LWF6MTA1My03NDEtMCsGA1UECwwkMWJhODdmYmMtNDUyYS00ODM2LTk3Njgt
YzY1YzY3ODM3ZGY4MS0wKwYDVQQKDCRiYjRjOGYwNy00NWY5LTQyMmMtYmQwYy04
YjA0MzMwZWYyNzExCjAIBgNVBAUTATEwHhcNMjQwMzIwMjEwODEyWhcNMjkwNDI4
MjEwODEyWjCBhjEaMBgGA1UEAwwRc2NtLXN1YkBsb2NhbGhvc3QxLTArBgNVBAsM
JDFiYTg3ZmJjLTQ1MmEtNDgzNi05NzY4LWM2NWM2NzgzN2RmODEtMCsGA1UECgwk
YmI0YzhmMDctNDVmOS00MjJjLWJkMGMtOGIwNDMzMGVmMjcxMQowCAYDVQQFEwEy
MIIBIjANBgkqhkiG9w0BAQEFAAOCAQ8AMIIBCgKCAQEA0S4Oj5ZRvIrBT4rTfkNq
1T6GZ19TtIIPYGkmtebb+YlvQv0yVAua1i1y6faT/Tc5/OFe4mSkckK63rbhCvrq
TUYzWYvqXemH+hptdsjy7vz6uyodOBXiAHTTx97xSKb0qj0tdAyUkVnY+lFlZitT
aTRf/kB4DtLm0r3uaduHuEfCxJnlIBigujLytFw0iHJ9WcnQLD0DWrsQ0hWiSCr+
lNkDohB/BzlJ7eQtB2/tZi/zxFzi2IwszsqveUYrJ0H5QBgfi16dw1HrHdGmBjHR
WhYoIfOn4xNBVzi6/4SafXivum6i1zxh7qgu46EZocbTfvCHeq7mg/KZoeRFOLzZ
6QIDAQABo3gwdjBTBgNVHREETDBKhwQKAQAigkJmdi1hejEwNTMtNzQuMWU1NXds
eWF2b3Z1M21hNGZ5bGJhcWM0Z2QucGh4eC5pbnRlcm5hbC5jbG91ZGFwcC5uZXQw
DwYDVR0TAQH/BAUwAwEB/zAOBgNVHQ8BAf8EBAMCAb4wDQYJKoZIhvcNAQELBQAD
ggEBAFvNDT8Nkuadq/ZhVM6C/+8ZMWBtfeuJnmvA4h2jdQRcVt5u+fP/TR0OUcX+
U7hkZK1syvso4myGR0Y7dwoTrNiJPS5WzirxipBDIy4mKEL7uN2qr504PNj9S1DU
eKfYpW0iALsEcvy4S0eQfKG9qk46Wh01CVCL3iaBVyxO/k28sTkSM4aWdUKIeae7
Ko7ANdNPxA6QxnMPInPuPIfRYwckkzZxMgDw1xdN2+fz80bFxomE+xv2opSW7IUK
9Wwi2bVihPy2RPZ6pIUgVI65bT8Ezcb4suwSF0jBtAYz/V7TrU8sMCHauLek5bBq
3EgJVE2qTLUGXWCvckrVuVwDHms=
-----END CERTIFICATE-----

-----BEGIN CERTIFICATE-----
MIID/zCCAuegAwIBAgIBATANBgkqhkiG9w0BAQsFADCBhTEZMBcGA1UEAwwQc2Nt
QGZ2LWF6MTA1My03NDEtMCsGA1UECwwkMWJhODdmYmMtNDUyYS00ODM2LTk3Njgt
YzY1YzY3ODM3ZGY4MS0wKwYDVQQKDCRiYjRjOGYwNy00NWY5LTQyMmMtYmQwYy04
YjA0MzMwZWYyNzExCjAIBgNVBAUTATEwHhcNMjQwMzIwMjEwODEyWhcNMjkwNDI4
MjEwODEyWjCBhTEZMBcGA1UEAwwQc2NtQGZ2LWF6MTA1My03NDEtMCsGA1UECwwk
MWJhODdmYmMtNDUyYS00ODM2LTk3NjgtYzY1YzY3ODM3ZGY4MS0wKwYDVQQKDCRi
YjRjOGYwNy00NWY5LTQyMmMtYmQwYy04YjA0MzMwZWYyNzExCjAIBgNVBAUTATEw
ggEiMA0GCSqGSIb3DQEBAQUAA4IBDwAwggEKAoIBAQC/m2LgdUeuFIMf11f1imlJ
ntpXNSG/DAXbhJLInVrNBk9r/+QierA29eQ4BztXjKki+snZ7xcCnCMTQ4hMzD2I
hYfquZKgsxO5OFvDykvs5PKV/kb18GODRIpXoBHiELfOvtwLW6KPy2ftAe5IUO1H
aDknb8dfAKwjZ0Rlrs8lxA0ejWJ36Ys5RcrkS6Gl25OeARPysuEF8jbU/7oQiidJ
T53Mxanb22KmCIsHcLtsQ5bhQu4YIOaqi2cvMUfeu89996AjFrWXBdSFTQFiuIn6
Z3QSCOktXhltlJaRZpTkO/lo4FDeEbQdTEoKH56HZi381mbbefJmNDWdkISPWDQ/
AgMBAAGjeDB2MA8GA1UdEwEB/wQFMAMBAf8wDgYDVR0PAQH/BAQDAgEGMFMGA1Ud
EQRMMEqHBAoBACKCQmZ2LWF6MTA1My03NC4xZTU1d2x5YXZvdnUzbWE0ZnlsYmFx
YzRnZC5waHh4LmludGVybmFsLmNsb3VkYXBwLm5ldDANBgkqhkiG9w0BAQsFAAOC
AQEAiW+KGH2yWPzDgMIJUWsJcnTrIDzIs+IZTcx38oYdVSeE+ftuG/4idvpxB7Ob
GLr33mY/gmGkhQsuOSWFb0zMdcH5UZGUrQNUJ+5u+V/2C1ldylIRsRnfWjjIQYuV
8ZWJ8rCzB2Yj9jaWc2CsNNvwHk01Q29xqSypRKUHbYPvYDPFYs1/8Aq1BzSlrevZ
peYH4cVQTFmVfnSQG3DuvN7jQ+4GRZeJBXuDJKQDNadgan185Dz9vRgzsRMoLEiL
UdFP/+HeC0S1zHXqff9UlKDfGFC24BwvM4ku/bH6nr845BaT5Gyh6KzCSAyvPV1E
HatInUC4mAqYvqZHmUFIj3ldKA==
-----END CERTIFICATE-----

2024-03-20 21:08:12,810 [main] INFO  utils.CertificateCodec (CertificateCodec.java:writeCertificate(299)) - Save certificate to /home/runner/work/ozone/ozone/hadoop-ozone/integration-test/target/test-dir/MiniOzoneClusterImpl-bb4c8f07-45f9-422c-bd0c-8b04330ef271/scmNode-1/scm/sub-ca/certs/certificate.crt
2024-03-20 21:08:12,810 [main] INFO  utils.CertificateCodec (CertificateCodec.java:writeCertificate(300)) - Certificate -----BEGIN CERTIFICATE-----
MIIEADCCAuigAwIBAgIBAjANBgkqhkiG9w0BAQsFADCBhTEZMBcGA1UEAwwQc2Nt
QGZ2LWF6MTA1My03NDEtMCsGA1UECwwkMWJhODdmYmMtNDUyYS00ODM2LTk3Njgt
YzY1YzY3ODM3ZGY4MS0wKwYDVQQKDCRiYjRjOGYwNy00NWY5LTQyMmMtYmQwYy04
YjA0MzMwZWYyNzExCjAIBgNVBAUTATEwHhcNMjQwMzIwMjEwODEyWhcNMjkwNDI4
MjEwODEyWjCBhjEaMBgGA1UEAwwRc2NtLXN1YkBsb2NhbGhvc3QxLTArBgNVBAsM
JDFiYTg3ZmJjLTQ1MmEtNDgzNi05NzY4LWM2NWM2NzgzN2RmODEtMCsGA1UECgwk
YmI0YzhmMDctNDVmOS00MjJjLWJkMGMtOGIwNDMzMGVmMjcxMQowCAYDVQQFEwEy
MIIBIjANBgkqhkiG9w0BAQEFAAOCAQ8AMIIBCgKCAQEA0S4Oj5ZRvIrBT4rTfkNq
1T6GZ19TtIIPYGkmtebb+YlvQv0yVAua1i1y6faT/Tc5/OFe4mSkckK63rbhCvrq
TUYzWYvqXemH+hptdsjy7vz6uyodOBXiAHTTx97xSKb0qj0tdAyUkVnY+lFlZitT
aTRf/kB4DtLm0r3uaduHuEfCxJnlIBigujLytFw0iHJ9WcnQLD0DWrsQ0hWiSCr+
lNkDohB/BzlJ7eQtB2/tZi/zxFzi2IwszsqveUYrJ0H5QBgfi16dw1HrHdGmBjHR
WhYoIfOn4xNBVzi6/4SafXivum6i1zxh7qgu46EZocbTfvCHeq7mg/KZoeRFOLzZ
6QIDAQABo3gwdjBTBgNVHREETDBKhwQKAQAigkJmdi1hejEwNTMtNzQuMWU1NXds
eWF2b3Z1M21hNGZ5bGJhcWM0Z2QucGh4eC5pbnRlcm5hbC5jbG91ZGFwcC5uZXQw
DwYDVR0TAQH/BAUwAwEB/zAOBgNVHQ8BAf8EBAMCAb4wDQYJKoZIhvcNAQELBQAD
ggEBAFvNDT8Nkuadq/ZhVM6C/+8ZMWBtfeuJnmvA4h2jdQRcVt5u+fP/TR0OUcX+
U7hkZK1syvso4myGR0Y7dwoTrNiJPS5WzirxipBDIy4mKEL7uN2qr504PNj9S1DU
eKfYpW0iALsEcvy4S0eQfKG9qk46Wh01CVCL3iaBVyxO/k28sTkSM4aWdUKIeae7
Ko7ANdNPxA6QxnMPInPuPIfRYwckkzZxMgDw1xdN2+fz80bFxomE+xv2opSW7IUK
9Wwi2bVihPy2RPZ6pIUgVI65bT8Ezcb4suwSF0jBtAYz/V7TrU8sMCHauLek5bBq
3EgJVE2qTLUGXWCvckrVuVwDHms=
-----END CERTIFICATE-----

-----BEGIN CERTIFICATE-----
MIID/zCCAuegAwIBAgIBATANBgkqhkiG9w0BAQsFADCBhTEZMBcGA1UEAwwQc2Nt
QGZ2LWF6MTA1My03NDEtMCsGA1UECwwkMWJhODdmYmMtNDUyYS00ODM2LTk3Njgt
YzY1YzY3ODM3ZGY4MS0wKwYDVQQKDCRiYjRjOGYwNy00NWY5LTQyMmMtYmQwYy04
YjA0MzMwZWYyNzExCjAIBgNVBAUTATEwHhcNMjQwMzIwMjEwODEyWhcNMjkwNDI4
MjEwODEyWjCBhTEZMBcGA1UEAwwQc2NtQGZ2LWF6MTA1My03NDEtMCsGA1UECwwk
MWJhODdmYmMtNDUyYS00ODM2LTk3NjgtYzY1YzY3ODM3ZGY4MS0wKwYDVQQKDCRi
YjRjOGYwNy00NWY5LTQyMmMtYmQwYy04YjA0MzMwZWYyNzExCjAIBgNVBAUTATEw
ggEiMA0GCSqGSIb3DQEBAQUAA4IBDwAwggEKAoIBAQC/m2LgdUeuFIMf11f1imlJ
ntpXNSG/DAXbhJLInVrNBk9r/+QierA29eQ4BztXjKki+snZ7xcCnCMTQ4hMzD2I
hYfquZKgsxO5OFvDykvs5PKV/kb18GODRIpXoBHiELfOvtwLW6KPy2ftAe5IUO1H
aDknb8dfAKwjZ0Rlrs8lxA0ejWJ36Ys5RcrkS6Gl25OeARPysuEF8jbU/7oQiidJ
T53Mxanb22KmCIsHcLtsQ5bhQu4YIOaqi2cvMUfeu89996AjFrWXBdSFTQFiuIn6
Z3QSCOktXhltlJaRZpTkO/lo4FDeEbQdTEoKH56HZi381mbbefJmNDWdkISPWDQ/
AgMBAAGjeDB2MA8GA1UdEwEB/wQFMAMBAf8wDgYDVR0PAQH/BAQDAgEGMFMGA1Ud
EQRMMEqHBAoBACKCQmZ2LWF6MTA1My03NC4xZTU1d2x5YXZvdnUzbWE0ZnlsYmFx
YzRnZC5waHh4LmludGVybmFsLmNsb3VkYXBwLm5ldDANBgkqhkiG9w0BAQsFAAOC
AQEAiW+KGH2yWPzDgMIJUWsJcnTrIDzIs+IZTcx38oYdVSeE+ftuG/4idvpxB7Ob
GLr33mY/gmGkhQsuOSWFb0zMdcH5UZGUrQNUJ+5u+V/2C1ldylIRsRnfWjjIQYuV
8ZWJ8rCzB2Yj9jaWc2CsNNvwHk01Q29xqSypRKUHbYPvYDPFYs1/8Aq1BzSlrevZ
peYH4cVQTFmVfnSQG3DuvN7jQ+4GRZeJBXuDJKQDNadgan185Dz9vRgzsRMoLEiL
UdFP/+HeC0S1zHXqff9UlKDfGFC24BwvM4ku/bH6nr845BaT5Gyh6KzCSAyvPV1E
HatInUC4mAqYvqZHmUFIj3ldKA==
-----END CERTIFICATE-----

2024-03-20 21:08:12,811 [main] INFO  client.SCMCertificateClient (SCMCertificateClient.java:recoverStateIfNeeded(296)) - Successfully stored SCM signed certificate.
2024-03-20 21:08:12,910 [main] INFO  server.RaftServer (ConfUtils.java:logGet(46)) - raft.rpc.type = GRPC (default)
2024-03-20 21:08:12,974 [main] INFO  grpc.GrpcConfigKeys (ConfUtils.java:logFallback(53)) - raft.grpc.admin.host = null (fallback to raft.grpc.server.host)
2024-03-20 21:08:12,975 [main] INFO  grpc.GrpcConfigKeys (ConfUtils.java:logFallback(53)) - raft.grpc.admin.port = 15003 (fallback to raft.grpc.server.port)
2024-03-20 21:08:12,976 [main] INFO  grpc.GrpcConfigKeys (ConfUtils.java:logFallback(53)) - raft.grpc.client.host = null (fallback to raft.grpc.server.host)
2024-03-20 21:08:12,976 [main] INFO  grpc.GrpcConfigKeys (ConfUtils.java:logFallback(53)) - raft.grpc.client.port = 15003 (fallback to raft.grpc.server.port)
2024-03-20 21:08:12,977 [main] INFO  grpc.GrpcConfigKeys (ConfUtils.java:logGet(46)) - raft.grpc.server.host = null (default)
2024-03-20 21:08:12,977 [main] INFO  grpc.GrpcConfigKeys (ConfUtils.java:logGet(46)) - raft.grpc.server.port = 15003 (custom)
2024-03-20 21:08:12,978 [main] INFO  server.GrpcService (ConfUtils.java:logGet(46)) - raft.grpc.message.size.max = 32m (=33554432) (custom)
2024-03-20 21:08:12,979 [main] INFO  server.RaftServerConfigKeys (ConfUtils.java:logGet(46)) - raft.server.log.appender.buffer.byte-limit = 4194304 (custom)
2024-03-20 21:08:12,980 [main] INFO  server.GrpcService (ConfUtils.java:logGet(46)) - raft.grpc.flow.control.window = 1MB (=1048576) (default)
2024-03-20 21:08:12,981 [main] INFO  server.RaftServerConfigKeys (ConfUtils.java:logGet(46)) - raft.server.rpc.request.timeout = 30000ms (custom)
2024-03-20 21:08:12,995 [main] INFO  grpc.GrpcConfigKeys (ConfUtils.java:logGet(46)) - raft.grpc.server.heartbeat.channel = true (default)
2024-03-20 21:08:12,998 [main] INFO  grpc.GrpcConfigKeys (ConfUtils.java:logGet(46)) - raft.grpc.server.async.request.thread.pool.cached = true (default)
2024-03-20 21:08:12,999 [main] INFO  grpc.GrpcConfigKeys (ConfUtils.java:logGet(46)) - raft.grpc.server.async.request.thread.pool.size = 32 (default)
2024-03-20 21:08:13,168 [main] INFO  impl.DataStreamServerImpl (ConfUtils.java:logGet(46)) - raft.datastream.type = DISABLED (default)
2024-03-20 21:08:13,170 [main] INFO  server.RaftServerConfigKeys (ConfUtils.java:logGet(46)) - raft.server.sleep.deviation.threshold = 300ms (default)
2024-03-20 21:08:13,171 [main] INFO  server.RaftServerConfigKeys (ConfUtils.java:logGet(46)) - raft.server.close.threshold = 60s (default)
2024-03-20 21:08:13,171 [main] INFO  server.RaftServerConfigKeys (ConfUtils.java:logGet(46)) - raft.server.leaderelection.leader.step-down.wait-time = 10s (default)
2024-03-20 21:08:13,174 [main] INFO  server.RaftServerConfigKeys (ConfUtils.java:logGet(46)) - raft.server.storage.dir = [/home/runner/work/ozone/ozone/hadoop-ozone/integration-test/target/test-dir/MiniOzoneClusterImpl-bb4c8f07-45f9-422c-bd0c-8b04330ef271/scmNode-1/scm-ha] (custom)
2024-03-20 21:08:13,175 [main] INFO  server.RaftServerConfigKeys (ConfUtils.java:logGet(46)) - raft.server.threadpool.proxy.cached = true (default)
2024-03-20 21:08:13,176 [main] INFO  server.RaftServerConfigKeys (ConfUtils.java:logGet(46)) - raft.server.threadpool.proxy.size = 0 (default)
2024-03-20 21:08:13,181 [main] INFO  server.RaftServer (RaftServerProxy.java:addNew(100)) - 1ba87fbc-452a-4836-9768-c65c67837df8: addNew group-8B04330EF271:[1ba87fbc-452a-4836-9768-c65c67837df8|localhost:15003] returns group-8B04330EF271:java.util.concurrent.CompletableFuture@1136122a[Not completed]
2024-03-20 21:08:13,193 [1ba87fbc-452a-4836-9768-c65c67837df8-groupManagement] INFO  server.RaftServer$Division (RaftServerImpl.java:<init>(256)) - 1ba87fbc-452a-4836-9768-c65c67837df8: new RaftServerImpl for group-8B04330EF271:[1ba87fbc-452a-4836-9768-c65c67837df8|localhost:15003] with SCMStateMachine:uninitialized
2024-03-20 21:08:13,194 [1ba87fbc-452a-4836-9768-c65c67837df8-groupManagement] INFO  server.RaftServerConfigKeys (ConfUtils.java:logGet(46)) - raft.server.rpc.timeout.min = 5000ms (custom)
2024-03-20 21:08:13,194 [1ba87fbc-452a-4836-9768-c65c67837df8-groupManagement] INFO  server.RaftServerConfigKeys (ConfUtils.java:logGet(46)) - raft.server.rpc.timeout.max = 5200ms (custom)
2024-03-20 21:08:13,194 [1ba87fbc-452a-4836-9768-c65c67837df8-groupManagement] INFO  server.RaftServerConfigKeys (ConfUtils.java:logGet(46)) - raft.server.rpc.sleep.time = 25ms (default)
2024-03-20 21:08:13,194 [1ba87fbc-452a-4836-9768-c65c67837df8-groupManagement] INFO  server.RaftServerConfigKeys (ConfUtils.java:logGet(46)) - raft.server.rpc.slowness.timeout = 120000ms (custom)
2024-03-20 21:08:13,195 [1ba87fbc-452a-4836-9768-c65c67837df8-groupManagement] INFO  server.RaftServerConfigKeys (ConfUtils.java:logGet(46)) - raft.server.leaderelection.leader.step-down.wait-time = 10s (default)
2024-03-20 21:08:13,195 [1ba87fbc-452a-4836-9768-c65c67837df8-groupManagement] INFO  server.RaftServerConfigKeys (ConfUtils.java:logGet(46)) - raft.server.leaderelection.member.majority-add = false (default)
2024-03-20 21:08:13,195 [1ba87fbc-452a-4836-9768-c65c67837df8-groupManagement] INFO  server.RaftServerConfigKeys (ConfUtils.java:logGet(46)) - raft.server.sleep.deviation.threshold = 300ms (default)
2024-03-20 21:08:13,199 [1ba87fbc-452a-4836-9768-c65c67837df8-groupManagement] INFO  server.RaftServer$Division (ServerState.java:<init>(113)) - 1ba87fbc-452a-4836-9768-c65c67837df8@group-8B04330EF271: ConfigurationManager, init=-1: peers:[1ba87fbc-452a-4836-9768-c65c67837df8|localhost:15003]|listeners:[], old=null, confs=<EMPTY_MAP>
2024-03-20 21:08:13,204 [1ba87fbc-452a-4836-9768-c65c67837df8-groupManagement] INFO  server.RaftServerConfigKeys (ConfUtils.java:logGet(46)) - raft.server.notification.no-leader.timeout = 60s (default)
2024-03-20 21:08:13,206 [1ba87fbc-452a-4836-9768-c65c67837df8-groupManagement] INFO  server.RaftServerConfigKeys (ConfUtils.java:logGet(46)) - raft.server.read.timeout = 10s (default)
2024-03-20 21:08:13,209 [1ba87fbc-452a-4836-9768-c65c67837df8-groupManagement] INFO  server.RaftServerConfigKeys (ConfUtils.java:logGet(46)) - raft.server.retrycache.expirytime = 60000ms (default)
2024-03-20 21:08:13,209 [1ba87fbc-452a-4836-9768-c65c67837df8-groupManagement] INFO  server.RaftServerConfigKeys (ConfUtils.java:logGet(46)) - raft.server.retrycache.statistics.expirytime = 100ms (default)
2024-03-20 21:08:13,212 [1ba87fbc-452a-4836-9768-c65c67837df8-groupManagement] INFO  server.RaftServerConfigKeys (ConfUtils.java:logGet(46)) - raft.server.read.option = DEFAULT (default)
2024-03-20 21:08:13,213 [1ba87fbc-452a-4836-9768-c65c67837df8-groupManagement] INFO  server.RaftServerConfigKeys (ConfUtils.java:logGet(46)) - raft.server.read.read-after-write-consistent.write-index-cache.expiry-time = 60s (default)
2024-03-20 21:08:13,218 [1ba87fbc-452a-4836-9768-c65c67837df8-groupManagement] INFO  metrics.MetricRegistries (MetricRegistriesLoader.java:load(64)) - Loaded MetricRegistries class org.apache.ratis.metrics.dropwizard3.Dm3MetricRegistriesImpl
2024-03-20 21:08:13,241 [1ba87fbc-452a-4836-9768-c65c67837df8-groupManagement] INFO  server.RaftServerConfigKeys (ConfUtils.java:logGet(46)) - raft.server.rpc.request.timeout = 30000ms (custom)
2024-03-20 21:08:13,244 [1ba87fbc-452a-4836-9768-c65c67837df8-groupManagement] INFO  server.RaftServerConfigKeys (ConfUtils.java:logGet(46)) - raft.server.log.appender.install.snapshot.enabled = false (custom)
2024-03-20 21:08:13,244 [1ba87fbc-452a-4836-9768-c65c67837df8-groupManagement] INFO  server.RaftServerConfigKeys (ConfUtils.java:logGet(46)) - raft.server.threadpool.server.cached = true (default)
2024-03-20 21:08:13,245 [1ba87fbc-452a-4836-9768-c65c67837df8-groupManagement] INFO  server.RaftServerConfigKeys (ConfUtils.java:logGet(46)) - raft.server.threadpool.server.size = 0 (default)
2024-03-20 21:08:13,245 [1ba87fbc-452a-4836-9768-c65c67837df8-groupManagement] INFO  server.RaftServerConfigKeys (ConfUtils.java:logGet(46)) - raft.server.threadpool.client.cached = true (default)
2024-03-20 21:08:13,245 [1ba87fbc-452a-4836-9768-c65c67837df8-groupManagement] INFO  server.RaftServerConfigKeys (ConfUtils.java:logGet(46)) - raft.server.threadpool.client.size = 0 (default)
2024-03-20 21:08:13,247 [1ba87fbc-452a-4836-9768-c65c67837df8-impl-thread1] INFO  server.RaftServerConfigKeys (ConfUtils.java:logGet(46)) - raft.server.storage.free-space.min = 0MB (=0) (default)
2024-03-20 21:08:13,247 [1ba87fbc-452a-4836-9768-c65c67837df8-impl-thread1] INFO  server.RaftServerConfigKeys (ConfUtils.java:logGet(46)) - raft.server.log.corruption.policy = EXCEPTION (default)
2024-03-20 21:08:13,248 [1ba87fbc-452a-4836-9768-c65c67837df8-impl-thread1] INFO  server.RaftServerConfigKeys (ConfUtils.java:logGet(46)) - raft.server.storage.dir = [/home/runner/work/ozone/ozone/hadoop-ozone/integration-test/target/test-dir/MiniOzoneClusterImpl-bb4c8f07-45f9-422c-bd0c-8b04330ef271/scmNode-1/scm-ha] (custom)
2024-03-20 21:08:13,251 [1ba87fbc-452a-4836-9768-c65c67837df8-impl-thread1] INFO  storage.RaftStorageDirectory (RaftStorageDirectoryImpl.java:analyzeStorage(138)) - The storage directory /home/runner/work/ozone/ozone/hadoop-ozone/integration-test/target/test-dir/MiniOzoneClusterImpl-bb4c8f07-45f9-422c-bd0c-8b04330ef271/scmNode-1/scm-ha/bb4c8f07-45f9-422c-bd0c-8b04330ef271 does not exist. Creating ...
2024-03-20 21:08:13,255 [1ba87fbc-452a-4836-9768-c65c67837df8-impl-thread1] INFO  storage.RaftStorageDirectory (RaftStorageDirectoryImpl.java:tryLock(228)) - Lock on /home/runner/work/ozone/ozone/hadoop-ozone/integration-test/target/test-dir/MiniOzoneClusterImpl-bb4c8f07-45f9-422c-bd0c-8b04330ef271/scmNode-1/scm-ha/bb4c8f07-45f9-422c-bd0c-8b04330ef271/in_use.lock acquired by nodename 54244@fv-az1053-74
2024-03-20 21:08:13,260 [1ba87fbc-452a-4836-9768-c65c67837df8-impl-thread1] INFO  storage.RaftStorage (RaftStorageImpl.java:format(99)) - Storage directory /home/runner/work/ozone/ozone/hadoop-ozone/integration-test/target/test-dir/MiniOzoneClusterImpl-bb4c8f07-45f9-422c-bd0c-8b04330ef271/scmNode-1/scm-ha/bb4c8f07-45f9-422c-bd0c-8b04330ef271 has been successfully formatted.
2024-03-20 21:08:13,261 [1ba87fbc-452a-4836-9768-c65c67837df8-impl-thread1] WARN  util.FileUtils (LogUtils.java:supplyAndLog(63)) - Failed to Files.newInputStream /home/runner/work/ozone/ozone/hadoop-ozone/integration-test/target/test-dir/MiniOzoneClusterImpl-bb4c8f07-45f9-422c-bd0c-8b04330ef271/scmNode-1/scm-ha/bb4c8f07-45f9-422c-bd0c-8b04330ef271/current/raft-meta.conf with options []: java.nio.file.NoSuchFileException: /home/runner/work/ozone/ozone/hadoop-ozone/integration-test/target/test-dir/MiniOzoneClusterImpl-bb4c8f07-45f9-422c-bd0c-8b04330ef271/scmNode-1/scm-ha/bb4c8f07-45f9-422c-bd0c-8b04330ef271/current/raft-meta.conf
2024-03-20 21:08:13,263 [1ba87fbc-452a-4836-9768-c65c67837df8-impl-thread1] INFO  server.RaftServerConfigKeys (ConfUtils.java:logGet(46)) - raft.server.log.use.memory = false (default)
2024-03-20 21:08:13,269 [1ba87fbc-452a-4836-9768-c65c67837df8-impl-thread1] INFO  server.RaftServerConfigKeys (ConfUtils.java:logGet(46)) - raft.server.log.purge.gap = 1000000 (custom)
2024-03-20 21:08:13,269 [1ba87fbc-452a-4836-9768-c65c67837df8-impl-thread1] INFO  server.RaftServerConfigKeys (ConfUtils.java:logGet(46)) - raft.server.log.appender.buffer.byte-limit = 4194304 (custom)
2024-03-20 21:08:13,271 [1ba87fbc-452a-4836-9768-c65c67837df8-impl-thread1] INFO  server.RaftServerConfigKeys (ConfUtils.java:logGet(46)) - raft.server.log.statemachine.data.read.timeout = 1000ms (default)
2024-03-20 21:08:13,271 [1ba87fbc-452a-4836-9768-c65c67837df8-impl-thread1] INFO  server.RaftServerConfigKeys (ConfUtils.java:logGet(46)) - raft.server.log.purge.preservation.log.num = 0 (default)
2024-03-20 21:08:13,274 [1ba87fbc-452a-4836-9768-c65c67837df8-impl-thread1] INFO  server.RaftServerConfigKeys (ConfUtils.java:logGet(46)) - raft.server.log.segment.size.max = 4194304 (custom)
2024-03-20 21:08:13,278 [1ba87fbc-452a-4836-9768-c65c67837df8-impl-thread1] INFO  server.RaftServerConfigKeys (ConfUtils.java:logGet(46)) - raft.server.log.segment.cache.num.max = 2 (custom)
2024-03-20 21:08:13,279 [1ba87fbc-452a-4836-9768-c65c67837df8-impl-thread1] INFO  server.RaftServerConfigKeys (ConfUtils.java:logGet(46)) - raft.server.log.segment.cache.size.max = 200MB (=209715200) (default)
2024-03-20 21:08:13,279 [1ba87fbc-452a-4836-9768-c65c67837df8-impl-thread1] INFO  server.RaftServerConfigKeys (ConfUtils.java:logGet(46)) - raft.server.log.appender.buffer.byte-limit = 4194304 (custom)
2024-03-20 21:08:13,280 [1ba87fbc-452a-4836-9768-c65c67837df8-impl-thread1] INFO  util.AwaitToRun (AwaitToRun.java:start(81)) - Thread[1ba87fbc-452a-4836-9768-c65c67837df8@group-8B04330EF271-cacheEviction-AwaitToRun,5,main] started
2024-03-20 21:08:13,283 [1ba87fbc-452a-4836-9768-c65c67837df8-impl-thread1] INFO  segmented.SegmentedRaftLogWorker (SegmentedRaftLogWorker.java:<init>(182)) - new 1ba87fbc-452a-4836-9768-c65c67837df8@group-8B04330EF271-SegmentedRaftLogWorker for RaftStorageImpl:Storage Directory /home/runner/work/ozone/ozone/hadoop-ozone/integration-test/target/test-dir/MiniOzoneClusterImpl-bb4c8f07-45f9-422c-bd0c-8b04330ef271/scmNode-1/scm-ha/bb4c8f07-45f9-422c-bd0c-8b04330ef271
2024-03-20 21:08:13,284 [1ba87fbc-452a-4836-9768-c65c67837df8-impl-thread1] INFO  server.RaftServerConfigKeys (ConfUtils.java:logGet(46)) - raft.server.log.queue.byte-limit = 64MB (=67108864) (default)
2024-03-20 21:08:13,284 [1ba87fbc-452a-4836-9768-c65c67837df8-impl-thread1] INFO  server.RaftServerConfigKeys (ConfUtils.java:logGet(46)) - raft.server.log.queue.element-limit = 4096 (default)
2024-03-20 21:08:13,285 [1ba87fbc-452a-4836-9768-c65c67837df8-impl-thread1] INFO  server.RaftServerConfigKeys (ConfUtils.java:logGet(46)) - raft.server.log.segment.size.max = 4194304 (custom)
2024-03-20 21:08:13,286 [1ba87fbc-452a-4836-9768-c65c67837df8-impl-thread1] INFO  server.RaftServerConfigKeys (ConfUtils.java:logGet(46)) - raft.server.log.preallocated.size = 4194304 (custom)
2024-03-20 21:08:13,286 [1ba87fbc-452a-4836-9768-c65c67837df8-impl-thread1] INFO  server.RaftServerConfigKeys (ConfUtils.java:logGet(46)) - raft.server.log.force.sync.num = 128 (default)
2024-03-20 21:08:13,287 [1ba87fbc-452a-4836-9768-c65c67837df8-impl-thread1] INFO  server.RaftServerConfigKeys (ConfUtils.java:logGet(46)) - raft.server.log.statemachine.data.sync = true (default)
2024-03-20 21:08:13,287 [1ba87fbc-452a-4836-9768-c65c67837df8-impl-thread1] INFO  server.RaftServerConfigKeys (ConfUtils.java:logGet(46)) - raft.server.log.statemachine.data.sync.timeout = 10s (default)
2024-03-20 21:08:13,287 [1ba87fbc-452a-4836-9768-c65c67837df8-impl-thread1] INFO  server.RaftServerConfigKeys (ConfUtils.java:logGet(46)) - raft.server.log.statemachine.data.sync.timeout.retry = -1 (default)
2024-03-20 21:08:13,289 [1ba87fbc-452a-4836-9768-c65c67837df8-impl-thread1] INFO  server.RaftServerConfigKeys (ConfUtils.java:logGet(46)) - raft.server.log.write.buffer.size = 4194312 (custom)
2024-03-20 21:08:13,290 [1ba87fbc-452a-4836-9768-c65c67837df8-impl-thread1] INFO  server.RaftServerConfigKeys (ConfUtils.java:logGet(46)) - raft.server.log.appender.buffer.byte-limit = 4194304 (custom)
2024-03-20 21:08:13,290 [1ba87fbc-452a-4836-9768-c65c67837df8-impl-thread1] INFO  server.RaftServerConfigKeys (ConfUtils.java:logGet(46)) - raft.server.log.unsafe-flush.enabled = false (default)
2024-03-20 21:08:13,290 [1ba87fbc-452a-4836-9768-c65c67837df8-impl-thread1] INFO  server.RaftServerConfigKeys (ConfUtils.java:logGet(46)) - raft.server.log.async-flush.enabled = false (default)
2024-03-20 21:08:13,291 [1ba87fbc-452a-4836-9768-c65c67837df8-impl-thread1] INFO  server.RaftServerConfigKeys (ConfUtils.java:logGet(46)) - raft.server.log.statemachine.data.caching.enabled = false (default)
2024-03-20 21:08:13,295 [1ba87fbc-452a-4836-9768-c65c67837df8-impl-thread1] INFO  segmented.SegmentedRaftLogWorker (SegmentedRaftLogWorker.java:lambda$new$0(134)) - 1ba87fbc-452a-4836-9768-c65c67837df8@group-8B04330EF271-SegmentedRaftLogWorker: flushIndex: setUnconditionally 0 -> -1
2024-03-20 21:08:13,295 [1ba87fbc-452a-4836-9768-c65c67837df8-impl-thread1] INFO  segmented.SegmentedRaftLogWorker (SegmentedRaftLogWorker.java:lambda$new$0(134)) - 1ba87fbc-452a-4836-9768-c65c67837df8@group-8B04330EF271-SegmentedRaftLogWorker: safeCacheEvictIndex: setUnconditionally 0 -> -1
2024-03-20 21:08:13,297 [1ba87fbc-452a-4836-9768-c65c67837df8-impl-thread1] INFO  server.RaftServer$Division (RaftServerImpl.java:start(396)) - 1ba87fbc-452a-4836-9768-c65c67837df8@group-8B04330EF271: start as a follower, conf=-1: peers:[1ba87fbc-452a-4836-9768-c65c67837df8|localhost:15003]|listeners:[], old=null
2024-03-20 21:08:13,297 [1ba87fbc-452a-4836-9768-c65c67837df8-impl-thread1] INFO  server.RaftServer$Division (RaftServerImpl.java:setRole(383)) - 1ba87fbc-452a-4836-9768-c65c67837df8@group-8B04330EF271: changes role from      null to FOLLOWER at term 0 for startAsFollower
2024-03-20 21:08:13,298 [1ba87fbc-452a-4836-9768-c65c67837df8-impl-thread1] INFO  impl.RoleInfo (RoleInfo.java:updateAndGet(139)) - 1ba87fbc-452a-4836-9768-c65c67837df8: start 1ba87fbc-452a-4836-9768-c65c67837df8@group-8B04330EF271-FollowerState
2024-03-20 21:08:13,298 [1ba87fbc-452a-4836-9768-c65c67837df8@group-8B04330EF271-FollowerState] INFO  server.RaftServerConfigKeys (ConfUtils.java:logFallback(53)) - raft.server.rpc.first-election.timeout.min = 5000ms (fallback to raft.server.rpc.timeout.min)
2024-03-20 21:08:13,299 [1ba87fbc-452a-4836-9768-c65c67837df8@group-8B04330EF271-FollowerState] INFO  server.RaftServerConfigKeys (ConfUtils.java:logFallback(53)) - raft.server.rpc.first-election.timeout.max = 5200ms (fallback to raft.server.rpc.timeout.max)
2024-03-20 21:08:13,299 [1ba87fbc-452a-4836-9768-c65c67837df8-impl-thread1] INFO  util.JmxRegister (JmxRegister.java:tryRegister(44)) - Successfully registered JMX Bean with object name Ratis:service=RaftServer,group=group-8B04330EF271,id=1ba87fbc-452a-4836-9768-c65c67837df8
2024-03-20 21:08:13,301 [1ba87fbc-452a-4836-9768-c65c67837df8-impl-thread1] INFO  server.RaftServerConfigKeys (ConfUtils.java:logGet(46)) - raft.server.snapshot.trigger-when-stop.enabled = true (default)
2024-03-20 21:08:13,301 [1ba87fbc-452a-4836-9768-c65c67837df8-impl-thread1] INFO  server.RaftServerConfigKeys (ConfUtils.java:logGet(46)) - raft.server.snapshot.auto.trigger.enabled = true (custom)
2024-03-20 21:08:13,302 [1ba87fbc-452a-4836-9768-c65c67837df8-impl-thread1] INFO  server.RaftServerConfigKeys (ConfUtils.java:logGet(46)) - raft.server.snapshot.auto.trigger.threshold = 1000 (custom)
2024-03-20 21:08:13,302 [1ba87fbc-452a-4836-9768-c65c67837df8-impl-thread1] INFO  server.RaftServerConfigKeys (ConfUtils.java:logGet(46)) - raft.server.snapshot.retention.file.num = -1 (default)
2024-03-20 21:08:13,303 [1ba87fbc-452a-4836-9768-c65c67837df8-impl-thread1] INFO  server.RaftServerConfigKeys (ConfUtils.java:logGet(46)) - raft.server.log.purge.upto.snapshot.index = false (default)
2024-03-20 21:08:13,305 [main] INFO  server.RaftServer (RaftServerProxy.java:startImpl(406)) - 1ba87fbc-452a-4836-9768-c65c67837df8: start RPC server
2024-03-20 21:08:13,337 [main] INFO  server.GrpcService (GrpcService.java:startImpl(302)) - 1ba87fbc-452a-4836-9768-c65c67837df8: GrpcService started, listening on 15003
2024-03-20 21:08:13,338 [JvmPauseMonitor0] INFO  util.JvmPauseMonitor (JvmPauseMonitor.java:run(146)) - JvmPauseMonitor-1ba87fbc-452a-4836-9768-c65c67837df8: Started
2024-03-20 21:08:18,475 [1ba87fbc-452a-4836-9768-c65c67837df8@group-8B04330EF271-FollowerState] INFO  impl.FollowerState (FollowerState.java:run(143)) - 1ba87fbc-452a-4836-9768-c65c67837df8@group-8B04330EF271-FollowerState: change to CANDIDATE, lastRpcElapsedTime:5177797588ns, electionTimeout:5174ms
2024-03-20 21:08:18,476 [1ba87fbc-452a-4836-9768-c65c67837df8@group-8B04330EF271-FollowerState] INFO  impl.RoleInfo (RoleInfo.java:shutdownFollowerState(110)) - 1ba87fbc-452a-4836-9768-c65c67837df8: shutdown 1ba87fbc-452a-4836-9768-c65c67837df8@group-8B04330EF271-FollowerState
2024-03-20 21:08:18,476 [1ba87fbc-452a-4836-9768-c65c67837df8@group-8B04330EF271-FollowerState] INFO  server.RaftServer$Division (RaftServerImpl.java:setRole(383)) - 1ba87fbc-452a-4836-9768-c65c67837df8@group-8B04330EF271: changes role from  FOLLOWER to CANDIDATE at term 0 for changeToCandidate
2024-03-20 21:08:18,478 [1ba87fbc-452a-4836-9768-c65c67837df8@group-8B04330EF271-FollowerState] INFO  server.RaftServerConfigKeys (ConfUtils.java:logGet(46)) - raft.server.leaderelection.pre-vote = true (default)
2024-03-20 21:08:18,478 [1ba87fbc-452a-4836-9768-c65c67837df8@group-8B04330EF271-FollowerState] INFO  impl.RoleInfo (RoleInfo.java:updateAndGet(139)) - 1ba87fbc-452a-4836-9768-c65c67837df8: start 1ba87fbc-452a-4836-9768-c65c67837df8@group-8B04330EF271-LeaderElection1
2024-03-20 21:08:18,481 [1ba87fbc-452a-4836-9768-c65c67837df8@group-8B04330EF271-LeaderElection1] INFO  impl.LeaderElection (LeaderElection.java:askForVotes(321)) - 1ba87fbc-452a-4836-9768-c65c67837df8@group-8B04330EF271-LeaderElection1 PRE_VOTE round 0: submit vote requests at term 0 for -1: peers:[1ba87fbc-452a-4836-9768-c65c67837df8|localhost:15003]|listeners:[], old=null
2024-03-20 21:08:18,481 [1ba87fbc-452a-4836-9768-c65c67837df8@group-8B04330EF271-LeaderElection1] INFO  impl.LeaderElection (LeaderElection.java:askForVotes(323)) - 1ba87fbc-452a-4836-9768-c65c67837df8@group-8B04330EF271-LeaderElection1 PRE_VOTE round 0: result PASSED (term=0)
2024-03-20 21:08:18,484 [1ba87fbc-452a-4836-9768-c65c67837df8@group-8B04330EF271-LeaderElection1] INFO  impl.LeaderElection (LeaderElection.java:askForVotes(321)) - 1ba87fbc-452a-4836-9768-c65c67837df8@group-8B04330EF271-LeaderElection1 ELECTION round 0: submit vote requests at term 1 for -1: peers:[1ba87fbc-452a-4836-9768-c65c67837df8|localhost:15003]|listeners:[], old=null
2024-03-20 21:08:18,484 [1ba87fbc-452a-4836-9768-c65c67837df8@group-8B04330EF271-LeaderElection1] INFO  impl.LeaderElection (LeaderElection.java:askForVotes(323)) - 1ba87fbc-452a-4836-9768-c65c67837df8@group-8B04330EF271-LeaderElection1 ELECTION round 0: result PASSED (term=1)
2024-03-20 21:08:18,484 [1ba87fbc-452a-4836-9768-c65c67837df8@group-8B04330EF271-LeaderElection1] INFO  impl.RoleInfo (RoleInfo.java:shutdownLeaderElection(130)) - 1ba87fbc-452a-4836-9768-c65c67837df8: shutdown 1ba87fbc-452a-4836-9768-c65c67837df8@group-8B04330EF271-LeaderElection1
2024-03-20 21:08:18,484 [1ba87fbc-452a-4836-9768-c65c67837df8@group-8B04330EF271-LeaderElection1] INFO  server.RaftServer$Division (RaftServerImpl.java:setRole(383)) - 1ba87fbc-452a-4836-9768-c65c67837df8@group-8B04330EF271: changes role from CANDIDATE to LEADER at term 1 for changeToLeader
2024-03-20 21:08:18,488 [1ba87fbc-452a-4836-9768-c65c67837df8@group-8B04330EF271-LeaderElection1] INFO  server.RaftServerConfigKeys (ConfUtils.java:logGet(46)) - raft.server.staging.catchup.gap = 1000 (default)
2024-03-20 21:08:18,491 [1ba87fbc-452a-4836-9768-c65c67837df8@group-8B04330EF271-LeaderElection1] INFO  server.RaftServerConfigKeys (ConfUtils.java:logGet(46)) - raft.server.write.element-limit = 4096 (default)
2024-03-20 21:08:18,492 [1ba87fbc-452a-4836-9768-c65c67837df8@group-8B04330EF271-LeaderElection1] INFO  server.RaftServerConfigKeys (ConfUtils.java:logGet(46)) - raft.server.write.byte-limit = 64MB (=67108864) (default)
2024-03-20 21:08:18,495 [1ba87fbc-452a-4836-9768-c65c67837df8@group-8B04330EF271-LeaderElection1] INFO  server.RaftServerConfigKeys (ConfUtils.java:logGet(46)) - raft.server.watch.timeout = 10s (default)
2024-03-20 21:08:18,495 [1ba87fbc-452a-4836-9768-c65c67837df8@group-8B04330EF271-LeaderElection1] INFO  server.RaftServerConfigKeys (ConfUtils.java:logGet(46)) - raft.server.watch.timeout.denomination = 1s (default)
2024-03-20 21:08:18,495 [1ba87fbc-452a-4836-9768-c65c67837df8@group-8B04330EF271-LeaderElection1] INFO  server.RaftServerConfigKeys (ConfUtils.java:logGet(46)) - raft.server.watch.element-limit = 65536 (default)
2024-03-20 21:08:18,499 [1ba87fbc-452a-4836-9768-c65c67837df8@group-8B04330EF271-LeaderElection1] INFO  server.RaftServerConfigKeys (ConfUtils.java:logGet(46)) - raft.server.read.leader.lease.enabled = false (default)
2024-03-20 21:08:18,501 [1ba87fbc-452a-4836-9768-c65c67837df8@group-8B04330EF271-LeaderElection1] INFO  server.RaftServerConfigKeys (ConfUtils.java:logGet(46)) - raft.server.read.leader.lease.timeout.ratio = 0.9 (default)
2024-03-20 21:08:18,501 [1ba87fbc-452a-4836-9768-c65c67837df8@group-8B04330EF271-LeaderElection1] INFO  server.RaftServerConfigKeys (ConfUtils.java:logGet(46)) - raft.server.rpc.timeout.min = 5000ms (custom)
2024-03-20 21:08:18,502 [1ba87fbc-452a-4836-9768-c65c67837df8@group-8B04330EF271-LeaderElection1] INFO  server.RaftServerConfigKeys (ConfUtils.java:logGet(46)) - raft.server.write.element-limit = 4096 (default)
2024-03-20 21:08:18,502 [1ba87fbc-452a-4836-9768-c65c67837df8@group-8B04330EF271-LeaderElection1] INFO  server.RaftServerConfigKeys (ConfUtils.java:logGet(46)) - raft.server.write.follower.gap.ratio.max = -1.0 (default)
2024-03-20 21:08:18,503 [1ba87fbc-452a-4836-9768-c65c67837df8@group-8B04330EF271-LeaderElection1] INFO  impl.RoleInfo (RoleInfo.java:updateAndGet(139)) - 1ba87fbc-452a-4836-9768-c65c67837df8: start 1ba87fbc-452a-4836-9768-c65c67837df8@group-8B04330EF271-LeaderStateImpl
2024-03-20 21:08:18,504 [1ba87fbc-452a-4836-9768-c65c67837df8@group-8B04330EF271-LeaderElection1] INFO  server.RaftServer$Division (RaftServerImpl.java:setFirstElection(574)) - 1ba87fbc-452a-4836-9768-c65c67837df8@group-8B04330EF271: set firstElectionSinceStartup to false for becomeLeader
2024-03-20 21:08:18,504 [1ba87fbc-452a-4836-9768-c65c67837df8@group-8B04330EF271-LeaderElection1] INFO  server.RaftServer$Division (ServerState.java:setLeader(269)) - 1ba87fbc-452a-4836-9768-c65c67837df8@group-8B04330EF271: change Leader from null to 1ba87fbc-452a-4836-9768-c65c67837df8 at term 1 for becomeLeader, leader elected after 5300ms
2024-03-20 21:08:18,519 [1ba87fbc-452a-4836-9768-c65c67837df8@group-8B04330EF271-LeaderElection1] INFO  segmented.SegmentedRaftLogWorker (SegmentedRaftLogWorker.java:startLogSegment(430)) - 1ba87fbc-452a-4836-9768-c65c67837df8@group-8B04330EF271-SegmentedRaftLogWorker: Starting segment from index:0
2024-03-20 21:08:18,531 [1ba87fbc-452a-4836-9768-c65c67837df8@group-8B04330EF271-SegmentedRaftLogWorker] INFO  segmented.BufferedWriteChannel (BufferedWriteChannel.java:open(62)) - open log_inprogress_0 at position 0
2024-03-20 21:08:18,536 [1ba87fbc-452a-4836-9768-c65c67837df8@group-8B04330EF271-LeaderElection1] INFO  server.RaftServer$Division (ServerState.java:setRaftConf(386)) - 1ba87fbc-452a-4836-9768-c65c67837df8@group-8B04330EF271: set configuration 0: peers:[1ba87fbc-452a-4836-9768-c65c67837df8|localhost:15003]|listeners:[], old=null
2024-03-20 21:08:18,540 [1ba87fbc-452a-4836-9768-c65c67837df8@group-8B04330EF271-SegmentedRaftLogWorker] INFO  segmented.SegmentedRaftLogWorker (SegmentedRaftLogWorker.java:execute(634)) - 1ba87fbc-452a-4836-9768-c65c67837df8@group-8B04330EF271-SegmentedRaftLogWorker: created new log segment /home/runner/work/ozone/ozone/hadoop-ozone/integration-test/target/test-dir/MiniOzoneClusterImpl-bb4c8f07-45f9-422c-bd0c-8b04330ef271/scmNode-1/scm-ha/bb4c8f07-45f9-422c-bd0c-8b04330ef271/current/log_inprogress_0
2024-03-20 21:08:18,548 [1ba87fbc-452a-4836-9768-c65c67837df8@group-8B04330EF271-StateMachineUpdater] INFO  server.RaftServer$Division (LeaderStateImpl.java:isApplied(320)) - leader is ready since appliedIndex == 0 >= startIndex == 0
2024-03-20 21:08:19,339 [main] INFO  server.RaftServer (RaftServerProxy.java:lambda$close$9(416)) - 1ba87fbc-452a-4836-9768-c65c67837df8: close
2024-03-20 21:08:19,341 [1ba87fbc-452a-4836-9768-c65c67837df8-impl-thread1] INFO  server.RaftServer$Division (RaftServerImpl.java:lambda$close$3(526)) - 1ba87fbc-452a-4836-9768-c65c67837df8@group-8B04330EF271: shutdown
2024-03-20 21:08:19,341 [1ba87fbc-452a-4836-9768-c65c67837df8-impl-thread1] INFO  util.JmxRegister (JmxRegister.java:unregister(73)) - Successfully un-registered JMX Bean with object name Ratis:service=RaftServer,group=group-8B04330EF271,id=1ba87fbc-452a-4836-9768-c65c67837df8
2024-03-20 21:08:19,341 [1ba87fbc-452a-4836-9768-c65c67837df8-impl-thread1] INFO  impl.RoleInfo (RoleInfo.java:shutdownLeaderState(94)) - 1ba87fbc-452a-4836-9768-c65c67837df8: shutdown 1ba87fbc-452a-4836-9768-c65c67837df8@group-8B04330EF271-LeaderStateImpl
2024-03-20 21:08:19,341 [main] INFO  server.GrpcService (GrpcService.java:closeImpl(311)) - 1ba87fbc-452a-4836-9768-c65c67837df8: shutdown server GrpcServerProtocolService now
2024-03-20 21:08:19,345 [1ba87fbc-452a-4836-9768-c65c67837df8-impl-thread1] INFO  impl.PendingRequests (PendingRequests.java:sendNotLeaderResponses(289)) - 1ba87fbc-452a-4836-9768-c65c67837df8@group-8B04330EF271-PendingRequests: sendNotLeaderResponses
2024-03-20 21:08:19,348 [1ba87fbc-452a-4836-9768-c65c67837df8-impl-thread1] INFO  impl.StateMachineUpdater (StateMachineUpdater.java:stopAndJoin(157)) - 1ba87fbc-452a-4836-9768-c65c67837df8@group-8B04330EF271-StateMachineUpdater: set stopIndex = 0
2024-03-20 21:08:19,348 [1ba87fbc-452a-4836-9768-c65c67837df8@group-8B04330EF271-StateMachineUpdater] INFO  impl.StateMachineUpdater (StateMachineUpdater.java:takeSnapshot(295)) - 1ba87fbc-452a-4836-9768-c65c67837df8@group-8B04330EF271-StateMachineUpdater: Took a snapshot at index 0
2024-03-20 21:08:19,348 [1ba87fbc-452a-4836-9768-c65c67837df8@group-8B04330EF271-StateMachineUpdater] INFO  impl.StateMachineUpdater (StateMachineUpdater.java:lambda$new$0(98)) - 1ba87fbc-452a-4836-9768-c65c67837df8@group-8B04330EF271-StateMachineUpdater: snapshotIndex: updateIncreasingly -1 -> 0
2024-03-20 21:08:19,349 [main] INFO  server.GrpcService (GrpcService.java:closeImpl(320)) - 1ba87fbc-452a-4836-9768-c65c67837df8: shutdown server GrpcServerProtocolService successfully
2024-03-20 21:08:19,352 [1ba87fbc-452a-4836-9768-c65c67837df8-impl-thread1] INFO  server.RaftServer$Division (ServerState.java:close(427)) - 1ba87fbc-452a-4836-9768-c65c67837df8@group-8B04330EF271: applyIndex: 0
2024-03-20 21:08:19,352 [1ba87fbc-452a-4836-9768-c65c67837df8@group-8B04330EF271-cacheEviction-AwaitToRun] INFO  util.AwaitToRun (AwaitToRun.java:run(49)) - 1ba87fbc-452a-4836-9768-c65c67837df8@group-8B04330EF271-cacheEviction-AwaitToRun-AwaitForSignal is interrupted
2024-03-20 21:08:19,545 [1ba87fbc-452a-4836-9768-c65c67837df8-impl-thread1] INFO  segmented.SegmentedRaftLogWorker (SegmentedRaftLogWorker.java:close(245)) - 1ba87fbc-452a-4836-9768-c65c67837df8@group-8B04330EF271-SegmentedRaftLogWorker close()
2024-03-20 21:08:19,546 [JvmPauseMonitor0] INFO  util.JvmPauseMonitor (JvmPauseMonitor.java:run(152)) - JvmPauseMonitor-1ba87fbc-452a-4836-9768-c65c67837df8: Stopped
2024-03-20 21:08:19,546 [main] WARN  server.ServerUtils (ServerUtils.java:getScmDbDir(143)) - ozone.scm.db.dirs is not configured. We recommend adding this setting. Falling back to ozone.metadata.dirs instead.
2024-03-20 21:08:19,549 [main] INFO  server.StorageContainerManager (StorageContainerManager.java:scmInit(1319)) - SCM initialization succeeded. Current cluster id for sd=/home/runner/work/ozone/ozone/hadoop-ozone/integration-test/target/test-dir/MiniOzoneClusterImpl-bb4c8f07-45f9-422c-bd0c-8b04330ef271/scmNode-1/scm; cid=bb4c8f07-45f9-422c-bd0c-8b04330ef271; layoutVersion=7; scmId=1ba87fbc-452a-4836-9768-c65c67837df8
2024-03-20 21:08:19,561 [main] WARN  server.ServerUtils (ServerUtils.java:getScmDbDir(143)) - ozone.scm.db.dirs is not configured. We recommend adding this setting. Falling back to ozone.metadata.dirs instead.
2024-03-20 21:08:19,561 [main] INFO  ha.SCMHANodeDetails (SCMHANodeDetails.java:loadSCMHAConfig(207)) - ServiceID for StorageContainerManager is TestSecretKey
2024-03-20 21:08:19,561 [main] INFO  ha.SCMHANodeDetails (SCMHANodeDetails.java:loadSCMHAConfig(218)) - ServiceID for StorageContainerManager is TestSecretKey
2024-03-20 21:08:19,562 [main] WARN  scm.ScmUtils (ScmUtils.java:logWarn(192)) - ConfigKey ozone.scm.block.client.address is deprecated, For configuring different ports for each SCM use PortConfigKey ozone.scm.block.client.port appended with serviceId and nodeId. If want to configure same port configure ozone.scm.block.client.port
2024-03-20 21:08:19,562 [main] WARN  scm.ScmUtils (ScmUtils.java:logWarn(192)) - ConfigKey ozone.scm.client.address is deprecated, For configuring different ports for each SCM use PortConfigKey ozone.scm.client.port appended with serviceId and nodeId. If want to configure same port configure ozone.scm.client.port
2024-03-20 21:08:19,562 [main] WARN  scm.ScmUtils (ScmUtils.java:logWarn(192)) - ConfigKey ozone.scm.datanode.address is deprecated, For configuring different ports for each SCM use PortConfigKey ozone.scm.datanode.port appended with serviceId and nodeId. If want to configure same port configure ozone.scm.datanode.port
2024-03-20 21:08:19,563 [main] WARN  scm.ScmUtils (ScmUtils.java:logWarn(192)) - ConfigKey ozone.scm.block.client.address is deprecated, For configuring different ports for each SCM use PortConfigKey ozone.scm.block.client.port appended with serviceId and nodeId. If want to configure same port configure ozone.scm.block.client.port
2024-03-20 21:08:19,563 [main] WARN  scm.ScmUtils (ScmUtils.java:logWarn(192)) - ConfigKey ozone.scm.client.address is deprecated, For configuring different ports for each SCM use PortConfigKey ozone.scm.client.port appended with serviceId and nodeId. If want to configure same port configure ozone.scm.client.port
2024-03-20 21:08:19,564 [main] WARN  scm.ScmUtils (ScmUtils.java:logWarn(192)) - ConfigKey ozone.scm.datanode.address is deprecated, For configuring different ports for each SCM use PortConfigKey ozone.scm.datanode.port appended with serviceId and nodeId. If want to configure same port configure ozone.scm.datanode.port
2024-03-20 21:08:19,564 [main] INFO  ha.SCMHANodeDetails (SCMHANodeDetails.java:loadSCMHAConfig(305)) - Found matching SCM address with SCMServiceId: TestSecretKey, SCMNodeId: scmNode-1, RPC Address: localhost:15003 and Ratis port: 15003
2024-03-20 21:08:19,564 [main] INFO  ha.SCMHANodeDetails (ConfUtils.java:setNodeSpecificConfigs(97)) - Setting configuration key ozone.scm.datanode.address with value of key ozone.scm.datanode.address.TestSecretKey.scmNode-1: 127.0.0.1:15004
2024-03-20 21:08:19,565 [main] INFO  ha.SCMHANodeDetails (ConfUtils.java:setNodeSpecificConfigs(97)) - Setting configuration key ozone.scm.block.client.address with value of key ozone.scm.block.client.address.TestSecretKey.scmNode-1: 127.0.0.1:15007
2024-03-20 21:08:19,565 [main] INFO  ha.SCMHANodeDetails (ConfUtils.java:setNodeSpecificConfigs(97)) - Setting configuration key ozone.scm.client.address with value of key ozone.scm.client.address.TestSecretKey.scmNode-1: 127.0.0.1:15005
2024-03-20 21:08:19,567 [main] INFO  ha.SCMHANodeDetails (ConfUtils.java:setNodeSpecificConfigs(97)) - Setting configuration key ozone.scm.security.service.address with value of key ozone.scm.security.service.address.TestSecretKey.scmNode-1: 127.0.0.1:15002
2024-03-20 21:08:19,568 [main] INFO  ha.SCMHANodeDetails (ConfUtils.java:setNodeSpecificConfigs(97)) - Setting configuration key ozone.scm.ratis.port with value of key ozone.scm.ratis.port.TestSecretKey.scmNode-1: 15003
2024-03-20 21:08:19,568 [main] INFO  ha.SCMHANodeDetails (ConfUtils.java:setNodeSpecificConfigs(97)) - Setting configuration key ozone.scm.grpc.port with value of key ozone.scm.grpc.port.TestSecretKey.scmNode-1: 15006
2024-03-20 21:08:19,568 [main] INFO  ha.SCMHANodeDetails (ConfUtils.java:setNodeSpecificConfigs(97)) - Setting configuration key ozone.scm.http-address with value of key ozone.scm.http-address.TestSecretKey.scmNode-1: 127.0.0.1:15000
2024-03-20 21:08:19,568 [main] INFO  ha.SCMHANodeDetails (ConfUtils.java:setNodeSpecificConfigs(97)) - Setting configuration key ozone.scm.https-address with value of key ozone.scm.https-address.TestSecretKey.scmNode-1: 127.0.0.1:15001
2024-03-20 21:08:19,569 [main] INFO  ha.SCMHANodeDetails (ConfUtils.java:setNodeSpecificConfigs(97)) - Setting configuration key ozone.scm.address with value of key ozone.scm.address.TestSecretKey.scmNode-1: 127.0.0.1
2024-03-20 21:08:19,569 [main] WARN  scm.ScmUtils (ScmUtils.java:logWarn(192)) - ConfigKey ozone.scm.block.client.address is deprecated, For configuring different ports for each SCM use PortConfigKey ozone.scm.block.client.port appended with serviceId and nodeId. If want to configure same port configure ozone.scm.block.client.port
2024-03-20 21:08:19,569 [main] WARN  scm.ScmUtils (ScmUtils.java:logWarn(192)) - ConfigKey ozone.scm.client.address is deprecated, For configuring different ports for each SCM use PortConfigKey ozone.scm.client.port appended with serviceId and nodeId. If want to configure same port configure ozone.scm.client.port
2024-03-20 21:08:19,570 [main] WARN  scm.ScmUtils (ScmUtils.java:logWarn(192)) - ConfigKey ozone.scm.datanode.address is deprecated, For configuring different ports for each SCM use PortConfigKey ozone.scm.datanode.port appended with serviceId and nodeId. If want to configure same port configure ozone.scm.datanode.port
2024-03-20 21:08:19,578 [main] INFO  ha.SCMNodeInfo (SCMNodeInfo.java:getPort(197)) - ConfigKey ozone.scm.client.address is deprecated, For configuring different ports for each SCM use PortConfigKey ozone.scm.client.port appended with serviceId and nodeId
2024-03-20 21:08:19,579 [main] INFO  ha.SCMNodeInfo (SCMNodeInfo.java:getPort(197)) - ConfigKey ozone.scm.block.client.address is deprecated, For configuring different ports for each SCM use PortConfigKey ozone.scm.block.client.port appended with serviceId and nodeId
2024-03-20 21:08:19,579 [main] INFO  ha.SCMNodeInfo (SCMNodeInfo.java:getPort(197)) - ConfigKey ozone.scm.security.service.address is deprecated, For configuring different ports for each SCM use PortConfigKey ozone.scm.security.service.port appended with serviceId and nodeId
2024-03-20 21:08:19,579 [main] INFO  ha.SCMNodeInfo (SCMNodeInfo.java:getPort(197)) - ConfigKey ozone.scm.datanode.address is deprecated, For configuring different ports for each SCM use PortConfigKey ozone.scm.datanode.port appended with serviceId and nodeId
2024-03-20 21:08:19,579 [main] INFO  ha.SCMNodeInfo (SCMNodeInfo.java:getPort(197)) - ConfigKey ozone.scm.client.address is deprecated, For configuring different ports for each SCM use PortConfigKey ozone.scm.client.port appended with serviceId and nodeId
2024-03-20 21:08:19,580 [main] INFO  ha.SCMNodeInfo (SCMNodeInfo.java:getPort(197)) - ConfigKey ozone.scm.block.client.address is deprecated, For configuring different ports for each SCM use PortConfigKey ozone.scm.block.client.port appended with serviceId and nodeId
2024-03-20 21:08:19,580 [main] INFO  ha.SCMNodeInfo (SCMNodeInfo.java:getPort(197)) - ConfigKey ozone.scm.security.service.address is deprecated, For configuring different ports for each SCM use PortConfigKey ozone.scm.security.service.port appended with serviceId and nodeId
2024-03-20 21:08:19,580 [main] INFO  ha.SCMNodeInfo (SCMNodeInfo.java:getPort(197)) - ConfigKey ozone.scm.datanode.address is deprecated, For configuring different ports for each SCM use PortConfigKey ozone.scm.datanode.port appended with serviceId and nodeId
2024-03-20 21:08:19,580 [main] INFO  ha.SCMNodeInfo (SCMNodeInfo.java:getPort(197)) - ConfigKey ozone.scm.client.address is deprecated, For configuring different ports for each SCM use PortConfigKey ozone.scm.client.port appended with serviceId and nodeId
2024-03-20 21:08:19,581 [main] INFO  ha.SCMNodeInfo (SCMNodeInfo.java:getPort(197)) - ConfigKey ozone.scm.block.client.address is deprecated, For configuring different ports for each SCM use PortConfigKey ozone.scm.block.client.port appended with serviceId and nodeId
2024-03-20 21:08:19,581 [main] INFO  ha.SCMNodeInfo (SCMNodeInfo.java:getPort(197)) - ConfigKey ozone.scm.security.service.address is deprecated, For configuring different ports for each SCM use PortConfigKey ozone.scm.security.service.port appended with serviceId and nodeId
2024-03-20 21:08:19,581 [main] INFO  ha.SCMNodeInfo (SCMNodeInfo.java:getPort(197)) - ConfigKey ozone.scm.datanode.address is deprecated, For configuring different ports for each SCM use PortConfigKey ozone.scm.datanode.port appended with serviceId and nodeId
2024-03-20 21:08:19,614 [pool-1-thread-1] INFO  request.KdcRequest (KdcRequest.java:preauth(651)) - The preauth data is empty.
2024-03-20 21:08:19,618 [pool-1-thread-1] INFO  server.KdcHandler (KdcHandler.java:handleRecoverableException(177)) - KRB error occurred while processing request:Additional pre-authentication required
2024-03-20 21:08:19,647 [pool-1-thread-1] INFO  request.AsRequest (AsRequest.java:issueTicket(112)) - AS_REQ ISSUE: authtime 1710968899645,scm/fv-az1053-74.1e55wlyavovu3ma4fylbaqc4gd.phxx.internal.cloudapp.net@EXAMPLE.COM for krbtgt/EXAMPLE.COM@EXAMPLE.COM
2024-03-20 21:08:19,653 [main] INFO  security.UserGroupInformation (UserGroupInformation.java:loginUserFromKeytab(1132)) - Login successful for user scm/fv-az1053-74.1e55wlyavovu3ma4fylbaqc4gd.phxx.internal.cloudapp.net@EXAMPLE.COM using keytab file scm.keytab. Keytab auto renewal enabled : false
2024-03-20 21:08:19,653 [main] INFO  server.StorageContainerManager (StorageContainerManager.java:loginAsSCMUserIfSecurityEnabled(1075)) - SCM login successful.
2024-03-20 21:08:19,660 [main] INFO  ha.SCMNodeInfo (SCMNodeInfo.java:getPort(197)) - ConfigKey ozone.scm.client.address is deprecated, For configuring different ports for each SCM use PortConfigKey ozone.scm.client.port appended with serviceId and nodeId
2024-03-20 21:08:19,661 [main] INFO  ha.SCMNodeInfo (SCMNodeInfo.java:getPort(197)) - ConfigKey ozone.scm.block.client.address is deprecated, For configuring different ports for each SCM use PortConfigKey ozone.scm.block.client.port appended with serviceId and nodeId
2024-03-20 21:08:19,661 [main] INFO  ha.SCMNodeInfo (SCMNodeInfo.java:getPort(197)) - ConfigKey ozone.scm.security.service.address is deprecated, For configuring different ports for each SCM use PortConfigKey ozone.scm.security.service.port appended with serviceId and nodeId
2024-03-20 21:08:19,661 [main] INFO  ha.SCMNodeInfo (SCMNodeInfo.java:getPort(197)) - ConfigKey ozone.scm.datanode.address is deprecated, For configuring different ports for each SCM use PortConfigKey ozone.scm.datanode.port appended with serviceId and nodeId
2024-03-20 21:08:19,661 [main] INFO  ha.SCMNodeInfo (SCMNodeInfo.java:getPort(197)) - ConfigKey ozone.scm.client.address is deprecated, For configuring different ports for each SCM use PortConfigKey ozone.scm.client.port appended with serviceId and nodeId
2024-03-20 21:08:19,662 [main] INFO  ha.SCMNodeInfo (SCMNodeInfo.java:getPort(197)) - ConfigKey ozone.scm.block.client.address is deprecated, For configuring different ports for each SCM use PortConfigKey ozone.scm.block.client.port appended with serviceId and nodeId
2024-03-20 21:08:19,662 [main] INFO  ha.SCMNodeInfo (SCMNodeInfo.java:getPort(197)) - ConfigKey ozone.scm.security.service.address is deprecated, For configuring different ports for each SCM use PortConfigKey ozone.scm.security.service.port appended with serviceId and nodeId
2024-03-20 21:08:19,662 [main] INFO  ha.SCMNodeInfo (SCMNodeInfo.java:getPort(197)) - ConfigKey ozone.scm.datanode.address is deprecated, For configuring different ports for each SCM use PortConfigKey ozone.scm.datanode.port appended with serviceId and nodeId
2024-03-20 21:08:19,662 [main] INFO  ha.SCMNodeInfo (SCMNodeInfo.java:getPort(197)) - ConfigKey ozone.scm.client.address is deprecated, For configuring different ports for each SCM use PortConfigKey ozone.scm.client.port appended with serviceId and nodeId
2024-03-20 21:08:19,663 [main] INFO  ha.SCMNodeInfo (SCMNodeInfo.java:getPort(197)) - ConfigKey ozone.scm.block.client.address is deprecated, For configuring different ports for each SCM use PortConfigKey ozone.scm.block.client.port appended with serviceId and nodeId
2024-03-20 21:08:19,663 [main] INFO  ha.SCMNodeInfo (SCMNodeInfo.java:getPort(197)) - ConfigKey ozone.scm.security.service.address is deprecated, For configuring different ports for each SCM use PortConfigKey ozone.scm.security.service.port appended with serviceId and nodeId
2024-03-20 21:08:19,663 [main] INFO  ha.SCMNodeInfo (SCMNodeInfo.java:getPort(197)) - ConfigKey ozone.scm.datanode.address is deprecated, For configuring different ports for each SCM use PortConfigKey ozone.scm.datanode.port appended with serviceId and nodeId
2024-03-20 21:08:19,668 [main] INFO  ha.SCMNodeInfo (SCMNodeInfo.java:getPort(197)) - ConfigKey ozone.scm.client.address is deprecated, For configuring different ports for each SCM use PortConfigKey ozone.scm.client.port appended with serviceId and nodeId
2024-03-20 21:08:19,668 [main] INFO  ha.SCMNodeInfo (SCMNodeInfo.java:getPort(197)) - ConfigKey ozone.scm.block.client.address is deprecated, For configuring different ports for each SCM use PortConfigKey ozone.scm.block.client.port appended with serviceId and nodeId
2024-03-20 21:08:19,669 [main] INFO  ha.SCMNodeInfo (SCMNodeInfo.java:getPort(197)) - ConfigKey ozone.scm.security.service.address is deprecated, For configuring different ports for each SCM use PortConfigKey ozone.scm.security.service.port appended with serviceId and nodeId
2024-03-20 21:08:19,669 [main] INFO  ha.SCMNodeInfo (SCMNodeInfo.java:getPort(197)) - ConfigKey ozone.scm.datanode.address is deprecated, For configuring different ports for each SCM use PortConfigKey ozone.scm.datanode.port appended with serviceId and nodeId
2024-03-20 21:08:19,669 [main] INFO  ha.SCMNodeInfo (SCMNodeInfo.java:getPort(197)) - ConfigKey ozone.scm.client.address is deprecated, For configuring different ports for each SCM use PortConfigKey ozone.scm.client.port appended with serviceId and nodeId
2024-03-20 21:08:19,669 [main] INFO  ha.SCMNodeInfo (SCMNodeInfo.java:getPort(197)) - ConfigKey ozone.scm.block.client.address is deprecated, For configuring different ports for each SCM use PortConfigKey ozone.scm.block.client.port appended with serviceId and nodeId
2024-03-20 21:08:19,670 [main] INFO  ha.SCMNodeInfo (SCMNodeInfo.java:getPort(197)) - ConfigKey ozone.scm.security.service.address is deprecated, For configuring different ports for each SCM use PortConfigKey ozone.scm.security.service.port appended with serviceId and nodeId
2024-03-20 21:08:19,670 [main] INFO  ha.SCMNodeInfo (SCMNodeInfo.java:getPort(197)) - ConfigKey ozone.scm.datanode.address is deprecated, For configuring different ports for each SCM use PortConfigKey ozone.scm.datanode.port appended with serviceId and nodeId
2024-03-20 21:08:19,670 [main] INFO  ha.SCMNodeInfo (SCMNodeInfo.java:getPort(197)) - ConfigKey ozone.scm.client.address is deprecated, For configuring different ports for each SCM use PortConfigKey ozone.scm.client.port appended with serviceId and nodeId
2024-03-20 21:08:19,670 [main] INFO  ha.SCMNodeInfo (SCMNodeInfo.java:getPort(197)) - ConfigKey ozone.scm.block.client.address is deprecated, For configuring different ports for each SCM use PortConfigKey ozone.scm.block.client.port appended with serviceId and nodeId
2024-03-20 21:08:19,671 [main] INFO  ha.SCMNodeInfo (SCMNodeInfo.java:getPort(197)) - ConfigKey ozone.scm.security.service.address is deprecated, For configuring different ports for each SCM use PortConfigKey ozone.scm.security.service.port appended with serviceId and nodeId
2024-03-20 21:08:19,671 [main] INFO  ha.SCMNodeInfo (SCMNodeInfo.java:getPort(197)) - ConfigKey ozone.scm.datanode.address is deprecated, For configuring different ports for each SCM use PortConfigKey ozone.scm.datanode.port appended with serviceId and nodeId
2024-03-20 21:08:19,671 [main] INFO  client.SCMCertificateClient (DefaultCertificateClient.java:updateCertSerialId(1313)) - Certificate serial ID set to 2
2024-03-20 21:08:19,674 [main] INFO  client.SCMCertificateClient (DefaultCertificateClient.java:readCertificateFile(248)) - Added certificate 1 from file: /home/runner/work/ozone/ozone/hadoop-ozone/integration-test/target/test-dir/MiniOzoneClusterImpl-bb4c8f07-45f9-422c-bd0c-8b04330ef271/scmNode-1/scm/sub-ca/certs/CA-1.crt.
2024-03-20 21:08:19,675 [main] INFO  client.SCMCertificateClient (DefaultCertificateClient.java:readCertificateFile(248)) - Added certificate 2 from file: /home/runner/work/ozone/ozone/hadoop-ozone/integration-test/target/test-dir/MiniOzoneClusterImpl-bb4c8f07-45f9-422c-bd0c-8b04330ef271/scmNode-1/scm/sub-ca/certs/2.crt.
2024-03-20 21:08:19,677 [main] INFO  client.SCMCertificateClient (DefaultCertificateClient.java:readCertificateFile(248)) - Added certificate 2 from file: /home/runner/work/ozone/ozone/hadoop-ozone/integration-test/target/test-dir/MiniOzoneClusterImpl-bb4c8f07-45f9-422c-bd0c-8b04330ef271/scmNode-1/scm/sub-ca/certs/certificate.crt.
2024-03-20 21:08:19,677 [main] INFO  client.SCMCertificateClient (DefaultCertificateClient.java:loadAllCertificates(197)) - CertificateRenewerService and root ca rotation polling is disabled for scm/sub-ca
2024-03-20 21:08:19,733 [main] WARN  utils.HAUtils (HAUtils.java:getMetaDir(339)) - ozone.scm.db.dirs is not configured. We recommend adding this setting. Falling back to ozone.metadata.dirs instead.
2024-03-20 21:08:19,830 [main] WARN  db.DBStoreBuilder (DBStoreBuilder.java:applyDBDefinition(171)) - ozone.scm.db.dirs is not configured. We recommend adding this setting. Falling back to ozone.metadata.dirs instead.
2024-03-20 21:08:19,838 [main] INFO  utils.LeakDetector (LeakDetector.java:start(73)) - Starting leak detector thread ManagedRocksObject0.
2024-03-20 21:08:20,064 [main] INFO  net.NodeSchemaLoader (NodeSchemaLoader.java:loadSchemaFromFile(129)) - Loading schema from [jar:file:/home/runner/.m2/repository/org/apache/ozone/hdds-common/1.5.0-SNAPSHOT/hdds-common-1.5.0-SNAPSHOT.jar!/network-topology-default.xml]
2024-03-20 21:08:20,065 [main] INFO  net.NodeSchemaLoader (NodeSchemaLoader.java:loadSchema(176)) - Loading network topology layer schema file
2024-03-20 21:08:20,158 [main] INFO  ha.SCMRatisServerImpl (SCMRatisServerImpl.java:<init>(99)) - starting Raft server for scm:1ba87fbc-452a-4836-9768-c65c67837df8
2024-03-20 21:08:20,161 [main] INFO  server.RaftServer (ConfUtils.java:logGet(46)) - raft.rpc.type = GRPC (default)
2024-03-20 21:08:20,162 [main] INFO  grpc.GrpcConfigKeys (ConfUtils.java:logFallback(53)) - raft.grpc.admin.host = null (fallback to raft.grpc.server.host)
2024-03-20 21:08:20,162 [main] INFO  grpc.GrpcConfigKeys (ConfUtils.java:logFallback(53)) - raft.grpc.admin.port = 15003 (fallback to raft.grpc.server.port)
2024-03-20 21:08:20,163 [main] INFO  grpc.GrpcConfigKeys (ConfUtils.java:logFallback(53)) - raft.grpc.client.host = null (fallback to raft.grpc.server.host)
2024-03-20 21:08:20,163 [main] INFO  grpc.GrpcConfigKeys (ConfUtils.java:logFallback(53)) - raft.grpc.client.port = 15003 (fallback to raft.grpc.server.port)
2024-03-20 21:08:20,163 [main] INFO  grpc.GrpcConfigKeys (ConfUtils.java:logGet(46)) - raft.grpc.server.host = null (default)
2024-03-20 21:08:20,163 [main] INFO  grpc.GrpcConfigKeys (ConfUtils.java:logGet(46)) - raft.grpc.server.port = 15003 (custom)
2024-03-20 21:08:20,164 [main] INFO  server.GrpcService (ConfUtils.java:logGet(46)) - raft.grpc.message.size.max = 32m (=33554432) (custom)
2024-03-20 21:08:20,164 [main] INFO  server.RaftServerConfigKeys (ConfUtils.java:logGet(46)) - raft.server.log.appender.buffer.byte-limit = 4194304 (custom)
2024-03-20 21:08:20,164 [main] INFO  server.GrpcService (ConfUtils.java:logGet(46)) - raft.grpc.flow.control.window = 1MB (=1048576) (default)
2024-03-20 21:08:20,164 [main] INFO  server.RaftServerConfigKeys (ConfUtils.java:logGet(46)) - raft.server.rpc.request.timeout = 30000ms (custom)
2024-03-20 21:08:20,165 [main] INFO  grpc.GrpcConfigKeys (ConfUtils.java:logGet(46)) - raft.grpc.server.heartbeat.channel = true (default)
2024-03-20 21:08:20,165 [main] INFO  grpc.GrpcConfigKeys (ConfUtils.java:logGet(46)) - raft.grpc.server.async.request.thread.pool.cached = true (default)
2024-03-20 21:08:20,165 [main] INFO  grpc.GrpcConfigKeys (ConfUtils.java:logGet(46)) - raft.grpc.server.async.request.thread.pool.size = 32 (default)
2024-03-20 21:08:20,167 [main] INFO  impl.DataStreamServerImpl (ConfUtils.java:logGet(46)) - raft.datastream.type = DISABLED (default)
2024-03-20 21:08:20,167 [main] INFO  server.RaftServerConfigKeys (ConfUtils.java:logGet(46)) - raft.server.sleep.deviation.threshold = 300ms (default)
2024-03-20 21:08:20,167 [main] INFO  server.RaftServerConfigKeys (ConfUtils.java:logGet(46)) - raft.server.close.threshold = 60s (default)
2024-03-20 21:08:20,168 [main] INFO  server.RaftServerConfigKeys (ConfUtils.java:logGet(46)) - raft.server.leaderelection.leader.step-down.wait-time = 10s (default)
2024-03-20 21:08:20,168 [main] INFO  server.RaftServerConfigKeys (ConfUtils.java:logGet(46)) - raft.server.storage.dir = [/home/runner/work/ozone/ozone/hadoop-ozone/integration-test/target/test-dir/MiniOzoneClusterImpl-bb4c8f07-45f9-422c-bd0c-8b04330ef271/scmNode-1/scm-ha] (custom)
2024-03-20 21:08:20,168 [main] INFO  server.RaftServerConfigKeys (ConfUtils.java:logGet(46)) - raft.server.threadpool.proxy.cached = true (default)
2024-03-20 21:08:20,169 [main] INFO  server.RaftServerConfigKeys (ConfUtils.java:logGet(46)) - raft.server.threadpool.proxy.size = 0 (default)
2024-03-20 21:08:20,170 [1ba87fbc-452a-4836-9768-c65c67837df8-impl-thread1] INFO  server.RaftServer (RaftServerProxy.java:initGroupDir(264)) - 1ba87fbc-452a-4836-9768-c65c67837df8: found a subdirectory /home/runner/work/ozone/ozone/hadoop-ozone/integration-test/target/test-dir/MiniOzoneClusterImpl-bb4c8f07-45f9-422c-bd0c-8b04330ef271/scmNode-1/scm-ha/bb4c8f07-45f9-422c-bd0c-8b04330ef271
2024-03-20 21:08:20,171 [main] INFO  server.RaftServer (RaftServerProxy.java:addNew(100)) - 1ba87fbc-452a-4836-9768-c65c67837df8: addNew group-8B04330EF271:[] returns group-8B04330EF271:java.util.concurrent.CompletableFuture@5eadc347[Not completed]
2024-03-20 21:08:20,174 [1ba87fbc-452a-4836-9768-c65c67837df8-groupManagement] INFO  server.RaftServer$Division (RaftServerImpl.java:<init>(256)) - 1ba87fbc-452a-4836-9768-c65c67837df8: new RaftServerImpl for group-8B04330EF271:[] with SCMStateMachine:uninitialized
2024-03-20 21:08:20,175 [1ba87fbc-452a-4836-9768-c65c67837df8-groupManagement] INFO  server.RaftServerConfigKeys (ConfUtils.java:logGet(46)) - raft.server.rpc.timeout.min = 5000ms (custom)
2024-03-20 21:08:20,175 [1ba87fbc-452a-4836-9768-c65c67837df8-groupManagement] INFO  server.RaftServerConfigKeys (ConfUtils.java:logGet(46)) - raft.server.rpc.timeout.max = 5200ms (custom)
2024-03-20 21:08:20,176 [1ba87fbc-452a-4836-9768-c65c67837df8-groupManagement] INFO  server.RaftServerConfigKeys (ConfUtils.java:logGet(46)) - raft.server.rpc.sleep.time = 25ms (default)
2024-03-20 21:08:20,176 [1ba87fbc-452a-4836-9768-c65c67837df8-groupManagement] INFO  server.RaftServerConfigKeys (ConfUtils.java:logGet(46)) - raft.server.rpc.slowness.timeout = 120000ms (custom)
2024-03-20 21:08:20,177 [1ba87fbc-452a-4836-9768-c65c67837df8-groupManagement] INFO  server.RaftServerConfigKeys (ConfUtils.java:logGet(46)) - raft.server.leaderelection.leader.step-down.wait-time = 10s (default)
2024-03-20 21:08:20,177 [1ba87fbc-452a-4836-9768-c65c67837df8-groupManagement] INFO  server.RaftServerConfigKeys (ConfUtils.java:logGet(46)) - raft.server.leaderelection.member.majority-add = false (default)
2024-03-20 21:08:20,178 [1ba87fbc-452a-4836-9768-c65c67837df8-groupManagement] INFO  server.RaftServerConfigKeys (ConfUtils.java:logGet(46)) - raft.server.sleep.deviation.threshold = 300ms (default)
2024-03-20 21:08:20,178 [1ba87fbc-452a-4836-9768-c65c67837df8-groupManagement] INFO  server.RaftServer$Division (ServerState.java:<init>(113)) - 1ba87fbc-452a-4836-9768-c65c67837df8@group-8B04330EF271: ConfigurationManager, init=-1: peers:[]|listeners:[], old=null, confs=<EMPTY_MAP>
2024-03-20 21:08:20,178 [1ba87fbc-452a-4836-9768-c65c67837df8-groupManagement] INFO  server.RaftServerConfigKeys (ConfUtils.java:logGet(46)) - raft.server.notification.no-leader.timeout = 60s (default)
2024-03-20 21:08:20,179 [1ba87fbc-452a-4836-9768-c65c67837df8-groupManagement] INFO  server.RaftServerConfigKeys (ConfUtils.java:logGet(46)) - raft.server.read.timeout = 10s (default)
2024-03-20 21:08:20,181 [1ba87fbc-452a-4836-9768-c65c67837df8-groupManagement] INFO  server.RaftServerConfigKeys (ConfUtils.java:logGet(46)) - raft.server.retrycache.expirytime = 60000ms (default)
2024-03-20 21:08:20,181 [1ba87fbc-452a-4836-9768-c65c67837df8-groupManagement] INFO  server.RaftServerConfigKeys (ConfUtils.java:logGet(46)) - raft.server.retrycache.statistics.expirytime = 100ms (default)
2024-03-20 21:08:20,182 [1ba87fbc-452a-4836-9768-c65c67837df8-groupManagement] INFO  server.RaftServerConfigKeys (ConfUtils.java:logGet(46)) - raft.server.read.option = DEFAULT (default)
2024-03-20 21:08:20,182 [1ba87fbc-452a-4836-9768-c65c67837df8-groupManagement] INFO  server.RaftServerConfigKeys (ConfUtils.java:logGet(46)) - raft.server.read.read-after-write-consistent.write-index-cache.expiry-time = 60s (default)
2024-03-20 21:08:20,191 [1ba87fbc-452a-4836-9768-c65c67837df8-groupManagement] INFO  server.RaftServerConfigKeys (ConfUtils.java:logGet(46)) - raft.server.rpc.request.timeout = 30000ms (custom)
2024-03-20 21:08:20,191 [1ba87fbc-452a-4836-9768-c65c67837df8-groupManagement] INFO  server.RaftServerConfigKeys (ConfUtils.java:logGet(46)) - raft.server.log.appender.install.snapshot.enabled = false (custom)
2024-03-20 21:08:20,192 [1ba87fbc-452a-4836-9768-c65c67837df8-groupManagement] INFO  server.RaftServerConfigKeys (ConfUtils.java:logGet(46)) - raft.server.threadpool.server.cached = true (default)
2024-03-20 21:08:20,192 [1ba87fbc-452a-4836-9768-c65c67837df8-groupManagement] INFO  server.RaftServerConfigKeys (ConfUtils.java:logGet(46)) - raft.server.threadpool.server.size = 0 (default)
2024-03-20 21:08:20,193 [1ba87fbc-452a-4836-9768-c65c67837df8-groupManagement] INFO  server.RaftServerConfigKeys (ConfUtils.java:logGet(46)) - raft.server.threadpool.client.cached = true (default)
2024-03-20 21:08:20,193 [1ba87fbc-452a-4836-9768-c65c67837df8-groupManagement] INFO  server.RaftServerConfigKeys (ConfUtils.java:logGet(46)) - raft.server.threadpool.client.size = 0 (default)
2024-03-20 21:08:20,195 [main] INFO  ha.SCMSnapshotProvider (SCMSnapshotProvider.java:<init>(66)) - Initializing SCM Snapshot Provider
2024-03-20 21:08:20,195 [main] WARN  server.ServerUtils (ServerUtils.java:getDefaultRatisDirectory(311)) - Storage directory for Ratis is not configured. It is a good idea to map this to an SSD disk. Falling back to ozone.metadata.dirs
2024-03-20 21:08:20,196 [main] WARN  ha.SCMHAUtils (SCMHAUtils.java:getSCMRatisSnapshotDirectory(158)) - SCM snapshot dir is not configured. Falling back to ozone.metadata.dirs config
2024-03-20 21:08:20,219 [main] INFO  upgrade.AbstractLayoutVersionManager (AbstractLayoutVersionManager.java:init(83)) - Initializing Layout version manager with metadata layout = HADOOP_PRC_PORTS_IN_DATANODEDETAILS (version = 7), software layout = HADOOP_PRC_PORTS_IN_DATANODEDETAILS (version = 7)
2024-03-20 21:08:20,252 [main] INFO  ha.SequenceIdGenerator (SequenceIdGenerator.java:upgradeToSequenceId(370)) - upgrade localId to 113750153625600000
2024-03-20 21:08:20,254 [main] INFO  ha.SequenceIdGenerator (SequenceIdGenerator.java:upgradeToSequenceId(380)) - upgrade delTxnId to 0
2024-03-20 21:08:20,261 [main] INFO  ha.SequenceIdGenerator (SequenceIdGenerator.java:upgradeToSequenceId(397)) - upgrade containerId to 0
2024-03-20 21:08:20,267 [main] INFO  ha.SequenceIdGenerator (SequenceIdGenerator.java:upgradeToCertificateSequenceId(444)) - upgrade CertificateId to 2
2024-03-20 21:08:20,270 [main] INFO  ha.SequenceIdGenerator (SequenceIdGenerator.java:<init>(241)) - Init the HA SequenceIdGenerator.
2024-03-20 21:08:20,323 [main] WARN  server.ServerUtils (ServerUtils.java:sanitizeUserArgs(79)) - ozone.scm.stale.node.interval value = 300000 is larger than max = 100000 based on the key value of ozone.scm.heartbeat.thread.interval, reset to the max value 100000.
2024-03-20 21:08:20,324 [main] WARN  server.ServerUtils (ServerUtils.java:sanitizeUserArgs(79)) - ozone.scm.stale.node.interval value = 300000 is larger than max = 100000 based on the key value of ozone.scm.heartbeat.thread.interval, reset to the max value 100000.
2024-03-20 21:08:20,329 [main] INFO  node.SCMNodeManager (SCMNodeManager.java:<init>(177)) - Entering startup safe mode.
2024-03-20 21:08:20,342 [main] INFO  algorithms.ContainerPlacementPolicyFactory (ContainerPlacementPolicyFactory.java:getPolicyInternal(86)) - Create container placement policy of type org.apache.hadoop.hdds.scm.container.placement.algorithms.SCMContainerPlacementRackAware
2024-03-20 21:08:20,344 [main] INFO  algorithms.ContainerPlacementPolicyFactory (ContainerPlacementPolicyFactory.java:getPolicyInternal(86)) - Create container placement policy of type org.apache.hadoop.hdds.scm.container.placement.algorithms.SCMContainerPlacementRackScatter
2024-03-20 21:08:20,353 [main] INFO  pipeline.PipelineStateManagerImpl (PipelineStateManagerImpl.java:initialize(78)) - No pipeline exists in current db
2024-03-20 21:08:20,366 [main] INFO  algorithms.LeaderChoosePolicyFactory (LeaderChoosePolicyFactory.java:getPolicy(57)) - Create leader choose policy of type org.apache.hadoop.hdds.scm.pipeline.leader.choose.algorithms.MinLeaderCountChoosePolicy
2024-03-20 21:08:20,366 [main] INFO  algorithms.ContainerPlacementPolicyFactory (ContainerPlacementPolicyFactory.java:getPolicyInternal(86)) - Create container placement policy of type org.apache.hadoop.hdds.scm.container.placement.algorithms.SCMContainerPlacementRackScatter
2024-03-20 21:08:20,372 [main] INFO  ha.SCMServiceManager (SCMServiceManager.java:register(42)) - Registering service BackgroundPipelineCreator.
2024-03-20 21:08:20,372 [main] INFO  pipeline.BackgroundPipelineCreator (BackgroundPipelineCreator.java:start(127)) - Starting scmNode-1-RatisPipelineUtilsThread.
2024-03-20 21:08:20,375 [main] INFO  BackgroundPipelineScrubber (BackgroundSCMService.java:start(65)) - Starting BackgroundPipelineScrubber Service.
2024-03-20 21:08:20,375 [main] INFO  ha.SCMServiceManager (SCMServiceManager.java:register(42)) - Registering service BackgroundPipelineScrubber.
2024-03-20 21:08:20,382 [main] INFO  ExpiredContainerReplicaOpScrubber (BackgroundSCMService.java:start(65)) - Starting ExpiredContainerReplicaOpScrubber Service.
2024-03-20 21:08:20,382 [main] INFO  ha.SCMServiceManager (SCMServiceManager.java:register(42)) - Registering service ExpiredContainerReplicaOpScrubber.
2024-03-20 21:08:20,405 [main] INFO  algorithms.PipelineChoosePolicyFactory (PipelineChoosePolicyFactory.java:createPipelineChoosePolicyFromClass(80)) - Create pipeline choose policy of type org.apache.hadoop.hdds.scm.pipeline.choose.algorithms.RandomPipelineChoosePolicy
2024-03-20 21:08:20,406 [main] INFO  algorithms.PipelineChoosePolicyFactory (PipelineChoosePolicyFactory.java:createPipelineChoosePolicyFromClass(80)) - Create pipeline choose policy of type org.apache.hadoop.hdds.scm.pipeline.choose.algorithms.RandomPipelineChoosePolicy
2024-03-20 21:08:20,432 [main] INFO  ha.SCMServiceManager (SCMServiceManager.java:register(42)) - Registering service SCMBlockDeletingService.
2024-03-20 21:08:20,498 [main] INFO  replication.ReplicationManager (ReplicationManager.java:start(295)) - Starting Replication Monitor Thread.
2024-03-20 21:08:20,500 [scmNode-1-ReplicationMonitor] INFO  replication.ReplicationManager (ReplicationManager.java:processAll(371)) - Replication Manager is not ready to run until 300000ms after safemode exit
2024-03-20 21:08:20,502 [main] INFO  ha.SCMServiceManager (SCMServiceManager.java:register(42)) - Registering service ReplicationManager.
2024-03-20 21:08:20,514 [main] INFO  safemode.ContainerSafeModeRule (ContainerSafeModeRule.java:<init>(91)) - containers with one replica threshold count 0
2024-03-20 21:08:20,518 [main] INFO  safemode.HealthyPipelineSafeModeRule (HealthyPipelineSafeModeRule.java:initializeRule(176)) - Total pipeline count is 0, healthy pipeline threshold count is 1
2024-03-20 21:08:20,520 [main] INFO  safemode.OneReplicaPipelineSafeModeRule (OneReplicaPipelineSafeModeRule.java:initializeRule(193)) - Total pipeline count is 0, pipeline's with at least one datanode reported threshold count is 0
2024-03-20 21:08:20,572 [main] INFO  security.SecretKeyManagerService (SecretKeyManagerService.java:start(144)) - Scheduling rotation checker with interval PT0.1S
2024-03-20 21:08:20,572 [main] INFO  ha.SCMServiceManager (SCMServiceManager.java:register(42)) - Registering service SecretKeyManagerService.
2024-03-20 21:08:20,579 [main] INFO  authority.DefaultCAServer (DefaultCAServer.java:lambda$processVerificationStatus$0(467)) - CertificateServer validation is successful
2024-03-20 21:08:20,580 [main] INFO  authority.DefaultCAServer (DefaultCAServer.java:lambda$processVerificationStatus$0(467)) - CertificateServer validation is successful
2024-03-20 21:08:20,581 [main] INFO  server.StorageContainerManager (StorageContainerManager.java:persistPrimarySCMCerts(962)) - Storing sub-ca certificate serialId 2 on primary SCM
2024-03-20 21:08:20,592 [main] INFO  server.SCMCertStore (SCMCertStore.java:storeValidScmCertificate(122)) - Scm certificate 2 for CN=scm-sub@localhost,OU=1ba87fbc-452a-4836-9768-c65c67837df8,O=bb4c8f07-45f9-422c-bd0c-8b04330ef271,SERIALNUMBER=2 is stored
2024-03-20 21:08:20,593 [main] INFO  server.StorageContainerManager (StorageContainerManager.java:persistPrimarySCMCerts(970)) - Storing root certificate serialId 1
2024-03-20 21:08:20,595 [main] INFO  server.SCMCertStore (SCMCertStore.java:storeValidScmCertificate(122)) - Scm certificate 1 for CN=scm@fv-az1053-74,OU=1ba87fbc-452a-4836-9768-c65c67837df8,O=bb4c8f07-45f9-422c-bd0c-8b04330ef271,SERIALNUMBER=1 is stored
2024-03-20 21:08:20,600 [main] INFO  ha.SequenceIdGenerator (SequenceIdGenerator.java:upgradeToCertificateSequenceId(444)) - upgrade CertificateId to 2
2024-03-20 21:08:20,617 [main] INFO  ipc.CallQueueManager (CallQueueManager.java:<init>(90)) - Using callQueue: class java.util.concurrent.LinkedBlockingQueue, queueCapacity: 200, scheduler: class org.apache.hadoop.ipc.DefaultRpcScheduler, ipcBackoff: false.
2024-03-20 21:08:20,644 [main] INFO  ipc.Server (Server.java:<init>(1287)) - Listener at 0.0.0.0:15002
2024-03-20 21:08:20,645 [Socket Reader #1 for port 15002] INFO  ipc.Server (Server.java:run(1323)) - Starting Socket Reader #1 for port 15002
2024-03-20 21:08:20,756 [main] INFO  server.StorageContainerManager (StorageContainerManager.java:<init>(440)) - SCM start with adminUsers: [runner, scm]
2024-03-20 21:08:20,780 [main] INFO  audit.AuditLogger (AuditLogger.java:refreshDebugCmdSet(135)) - Refresh DebugCmdSet for SCMAudit to [].
2024-03-20 21:08:20,785 [main] INFO  ipc.CallQueueManager (CallQueueManager.java:<init>(90)) - Using callQueue: class java.util.concurrent.LinkedBlockingQueue, queueCapacity: 10000, scheduler: class org.apache.hadoop.ipc.DefaultRpcScheduler, ipcBackoff: false.
2024-03-20 21:08:20,786 [main] INFO  ipc.Server (Server.java:<init>(1287)) - Listener at 0.0.0.0:15004
2024-03-20 21:08:20,786 [Socket Reader #1 for port 15004] INFO  ipc.Server (Server.java:run(1323)) - Starting Socket Reader #1 for port 15004
2024-03-20 21:08:20,806 [main] INFO  audit.AuditLogger (AuditLogger.java:refreshDebugCmdSet(135)) - Refresh DebugCmdSet for SCMAudit to [].
2024-03-20 21:08:20,810 [main] INFO  ipc.CallQueueManager (CallQueueManager.java:<init>(90)) - Using callQueue: class java.util.concurrent.LinkedBlockingQueue, queueCapacity: 10000, scheduler: class org.apache.hadoop.ipc.DefaultRpcScheduler, ipcBackoff: false.
2024-03-20 21:08:20,810 [main] INFO  ipc.Server (Server.java:<init>(1287)) - Listener at 0.0.0.0:15007
2024-03-20 21:08:20,811 [Socket Reader #1 for port 15007] INFO  ipc.Server (Server.java:run(1323)) - Starting Socket Reader #1 for port 15007
2024-03-20 21:08:20,834 [main] INFO  audit.AuditLogger (AuditLogger.java:refreshDebugCmdSet(135)) - Refresh DebugCmdSet for SCMAudit to [].
2024-03-20 21:08:20,843 [main] INFO  ipc.CallQueueManager (CallQueueManager.java:<init>(90)) - Using callQueue: class java.util.concurrent.LinkedBlockingQueue, queueCapacity: 10000, scheduler: class org.apache.hadoop.ipc.DefaultRpcScheduler, ipcBackoff: false.
2024-03-20 21:08:20,844 [main] INFO  ipc.Server (Server.java:<init>(1287)) - Listener at 0.0.0.0:15005
2024-03-20 21:08:20,844 [Socket Reader #1 for port 15005] INFO  ipc.Server (Server.java:run(1323)) - Starting Socket Reader #1 for port 15005
2024-03-20 21:08:20,893 [main] INFO  ha.SCMServiceManager (SCMServiceManager.java:register(42)) - Registering service ContainerBalancer.
2024-03-20 21:08:20,893 [main] INFO  ha.SCMContext (SCMContext.java:updateSafeModeStatus(225)) - Update SafeModeStatus from SafeModeStatus{safeModeStatus=true, preCheckPassed=false} to SafeModeStatus{safeModeStatus=true, preCheckPassed=false}.
2024-03-20 21:08:20,896 [main] INFO  server.StorageContainerManager (StorageContainerManager.java:start(1545)) - StorageContainerLocationProtocol RPC server is listening at /0.0.0.0:15005
2024-03-20 21:08:20,897 [main] INFO  ha.SCMRatisServerImpl (SCMRatisServerImpl.java:start(192)) - starting ratis server 0.0.0.0:15003
2024-03-20 21:08:20,898 [1ba87fbc-452a-4836-9768-c65c67837df8-impl-thread1] INFO  server.RaftServerConfigKeys (ConfUtils.java:logGet(46)) - raft.server.storage.free-space.min = 0MB (=0) (default)
2024-03-20 21:08:20,898 [1ba87fbc-452a-4836-9768-c65c67837df8-impl-thread1] INFO  server.RaftServerConfigKeys (ConfUtils.java:logGet(46)) - raft.server.log.corruption.policy = EXCEPTION (default)
2024-03-20 21:08:20,898 [1ba87fbc-452a-4836-9768-c65c67837df8-impl-thread1] INFO  server.RaftServerConfigKeys (ConfUtils.java:logGet(46)) - raft.server.storage.dir = [/home/runner/work/ozone/ozone/hadoop-ozone/integration-test/target/test-dir/MiniOzoneClusterImpl-bb4c8f07-45f9-422c-bd0c-8b04330ef271/scmNode-1/scm-ha] (custom)
2024-03-20 21:08:20,900 [1ba87fbc-452a-4836-9768-c65c67837df8-impl-thread1] INFO  storage.RaftStorageDirectory (RaftStorageDirectoryImpl.java:tryLock(228)) - Lock on /home/runner/work/ozone/ozone/hadoop-ozone/integration-test/target/test-dir/MiniOzoneClusterImpl-bb4c8f07-45f9-422c-bd0c-8b04330ef271/scmNode-1/scm-ha/bb4c8f07-45f9-422c-bd0c-8b04330ef271/in_use.lock acquired by nodename 54244@fv-az1053-74
2024-03-20 21:08:20,901 [1ba87fbc-452a-4836-9768-c65c67837df8-impl-thread1] INFO  storage.RaftStorage (RaftStorageImpl.java:analyzeAndRecoverStorage(119)) - Read RaftStorageMetadata{term=1, votedFor=1ba87fbc-452a-4836-9768-c65c67837df8} from /home/runner/work/ozone/ozone/hadoop-ozone/integration-test/target/test-dir/MiniOzoneClusterImpl-bb4c8f07-45f9-422c-bd0c-8b04330ef271/scmNode-1/scm-ha/bb4c8f07-45f9-422c-bd0c-8b04330ef271/current/raft-meta
2024-03-20 21:08:20,904 [1ba87fbc-452a-4836-9768-c65c67837df8-impl-thread1] INFO  server.RaftServer$Division (ServerState.java:setRaftConf(386)) - 1ba87fbc-452a-4836-9768-c65c67837df8@group-8B04330EF271: set configuration 0: peers:[1ba87fbc-452a-4836-9768-c65c67837df8|localhost:15003]|listeners:[], old=null
2024-03-20 21:08:20,905 [1ba87fbc-452a-4836-9768-c65c67837df8-impl-thread1] INFO  server.RaftServerConfigKeys (ConfUtils.java:logGet(46)) - raft.server.log.use.memory = false (default)
2024-03-20 21:08:20,905 [1ba87fbc-452a-4836-9768-c65c67837df8-impl-thread1] INFO  server.RaftServerConfigKeys (ConfUtils.java:logGet(46)) - raft.server.log.purge.gap = 1000000 (custom)
2024-03-20 21:08:20,906 [1ba87fbc-452a-4836-9768-c65c67837df8-impl-thread1] INFO  server.RaftServerConfigKeys (ConfUtils.java:logGet(46)) - raft.server.log.appender.buffer.byte-limit = 4194304 (custom)
2024-03-20 21:08:20,906 [1ba87fbc-452a-4836-9768-c65c67837df8-impl-thread1] INFO  server.RaftServerConfigKeys (ConfUtils.java:logGet(46)) - raft.server.log.statemachine.data.read.timeout = 1000ms (default)
2024-03-20 21:08:20,907 [1ba87fbc-452a-4836-9768-c65c67837df8-impl-thread1] INFO  server.RaftServerConfigKeys (ConfUtils.java:logGet(46)) - raft.server.log.purge.preservation.log.num = 0 (default)
2024-03-20 21:08:20,910 [1ba87fbc-452a-4836-9768-c65c67837df8-impl-thread1] INFO  server.RaftServerConfigKeys (ConfUtils.java:logGet(46)) - raft.server.log.segment.size.max = 4194304 (custom)
2024-03-20 21:08:20,911 [1ba87fbc-452a-4836-9768-c65c67837df8-impl-thread1] INFO  server.RaftServerConfigKeys (ConfUtils.java:logGet(46)) - raft.server.log.segment.cache.num.max = 2 (custom)
2024-03-20 21:08:20,911 [1ba87fbc-452a-4836-9768-c65c67837df8-impl-thread1] INFO  server.RaftServerConfigKeys (ConfUtils.java:logGet(46)) - raft.server.log.segment.cache.size.max = 200MB (=209715200) (default)
2024-03-20 21:08:20,911 [1ba87fbc-452a-4836-9768-c65c67837df8-impl-thread1] INFO  server.RaftServerConfigKeys (ConfUtils.java:logGet(46)) - raft.server.log.appender.buffer.byte-limit = 4194304 (custom)
2024-03-20 21:08:20,912 [1ba87fbc-452a-4836-9768-c65c67837df8-impl-thread1] INFO  util.AwaitToRun (AwaitToRun.java:start(81)) - Thread[1ba87fbc-452a-4836-9768-c65c67837df8@group-8B04330EF271-cacheEviction-AwaitToRun,5,main] started
2024-03-20 21:08:20,912 [1ba87fbc-452a-4836-9768-c65c67837df8-impl-thread1] INFO  segmented.SegmentedRaftLogWorker (SegmentedRaftLogWorker.java:<init>(182)) - new 1ba87fbc-452a-4836-9768-c65c67837df8@group-8B04330EF271-SegmentedRaftLogWorker for RaftStorageImpl:Storage Directory /home/runner/work/ozone/ozone/hadoop-ozone/integration-test/target/test-dir/MiniOzoneClusterImpl-bb4c8f07-45f9-422c-bd0c-8b04330ef271/scmNode-1/scm-ha/bb4c8f07-45f9-422c-bd0c-8b04330ef271
2024-03-20 21:08:20,912 [1ba87fbc-452a-4836-9768-c65c67837df8-impl-thread1] INFO  server.RaftServerConfigKeys (ConfUtils.java:logGet(46)) - raft.server.log.queue.byte-limit = 64MB (=67108864) (default)
2024-03-20 21:08:20,912 [1ba87fbc-452a-4836-9768-c65c67837df8-impl-thread1] INFO  server.RaftServerConfigKeys (ConfUtils.java:logGet(46)) - raft.server.log.queue.element-limit = 4096 (default)
2024-03-20 21:08:20,912 [1ba87fbc-452a-4836-9768-c65c67837df8-impl-thread1] INFO  server.RaftServerConfigKeys (ConfUtils.java:logGet(46)) - raft.server.log.segment.size.max = 4194304 (custom)
2024-03-20 21:08:20,913 [1ba87fbc-452a-4836-9768-c65c67837df8-impl-thread1] INFO  server.RaftServerConfigKeys (ConfUtils.java:logGet(46)) - raft.server.log.preallocated.size = 4194304 (custom)
2024-03-20 21:08:20,913 [1ba87fbc-452a-4836-9768-c65c67837df8-impl-thread1] INFO  server.RaftServerConfigKeys (ConfUtils.java:logGet(46)) - raft.server.log.force.sync.num = 128 (default)
2024-03-20 21:08:20,913 [1ba87fbc-452a-4836-9768-c65c67837df8-impl-thread1] INFO  server.RaftServerConfigKeys (ConfUtils.java:logGet(46)) - raft.server.log.statemachine.data.sync = true (default)
2024-03-20 21:08:20,913 [1ba87fbc-452a-4836-9768-c65c67837df8-impl-thread1] INFO  server.RaftServerConfigKeys (ConfUtils.java:logGet(46)) - raft.server.log.statemachine.data.sync.timeout = 10s (default)
2024-03-20 21:08:20,913 [1ba87fbc-452a-4836-9768-c65c67837df8-impl-thread1] INFO  server.RaftServerConfigKeys (ConfUtils.java:logGet(46)) - raft.server.log.statemachine.data.sync.timeout.retry = -1 (default)
2024-03-20 21:08:20,916 [1ba87fbc-452a-4836-9768-c65c67837df8-impl-thread1] INFO  server.RaftServerConfigKeys (ConfUtils.java:logGet(46)) - raft.server.log.write.buffer.size = 4194312 (custom)
2024-03-20 21:08:20,917 [1ba87fbc-452a-4836-9768-c65c67837df8-impl-thread1] INFO  server.RaftServerConfigKeys (ConfUtils.java:logGet(46)) - raft.server.log.appender.buffer.byte-limit = 4194304 (custom)
2024-03-20 21:08:20,917 [1ba87fbc-452a-4836-9768-c65c67837df8-impl-thread1] INFO  server.RaftServerConfigKeys (ConfUtils.java:logGet(46)) - raft.server.log.unsafe-flush.enabled = false (default)
2024-03-20 21:08:20,918 [1ba87fbc-452a-4836-9768-c65c67837df8-impl-thread1] INFO  server.RaftServerConfigKeys (ConfUtils.java:logGet(46)) - raft.server.log.async-flush.enabled = false (default)
2024-03-20 21:08:20,918 [1ba87fbc-452a-4836-9768-c65c67837df8-impl-thread1] INFO  server.RaftServerConfigKeys (ConfUtils.java:logGet(46)) - raft.server.log.statemachine.data.caching.enabled = false (default)
2024-03-20 21:08:20,924 [1ba87fbc-452a-4836-9768-c65c67837df8-impl-thread1] INFO  server.RaftServer$Division (ServerState.java:setRaftConf(386)) - 1ba87fbc-452a-4836-9768-c65c67837df8@group-8B04330EF271: set configuration 0: peers:[1ba87fbc-452a-4836-9768-c65c67837df8|localhost:15003]|listeners:[], old=null
2024-03-20 21:08:20,925 [1ba87fbc-452a-4836-9768-c65c67837df8-impl-thread1] INFO  segmented.LogSegment (LogSegment.java:loadSegment(170)) - Successfully read 1 entries from segment file /home/runner/work/ozone/ozone/hadoop-ozone/integration-test/target/test-dir/MiniOzoneClusterImpl-bb4c8f07-45f9-422c-bd0c-8b04330ef271/scmNode-1/scm-ha/bb4c8f07-45f9-422c-bd0c-8b04330ef271/current/log_inprogress_0
2024-03-20 21:08:20,925 [1ba87fbc-452a-4836-9768-c65c67837df8-impl-thread1] INFO  segmented.SegmentedRaftLogWorker (SegmentedRaftLogWorker.java:lambda$new$0(134)) - 1ba87fbc-452a-4836-9768-c65c67837df8@group-8B04330EF271-SegmentedRaftLogWorker: safeCacheEvictIndex: setUnconditionally 0 -> -1
2024-03-20 21:08:20,926 [1ba87fbc-452a-4836-9768-c65c67837df8-impl-thread1] INFO  segmented.BufferedWriteChannel (BufferedWriteChannel.java:open(62)) - open log_inprogress_0 (append) at position 76
2024-03-20 21:08:20,926 [1ba87fbc-452a-4836-9768-c65c67837df8-impl-thread1] INFO  server.RaftServer$Division (RaftServerImpl.java:start(396)) - 1ba87fbc-452a-4836-9768-c65c67837df8@group-8B04330EF271: start as a follower, conf=0: peers:[1ba87fbc-452a-4836-9768-c65c67837df8|localhost:15003]|listeners:[], old=null
2024-03-20 21:08:20,926 [1ba87fbc-452a-4836-9768-c65c67837df8-impl-thread1] INFO  server.RaftServer$Division (RaftServerImpl.java:setRole(383)) - 1ba87fbc-452a-4836-9768-c65c67837df8@group-8B04330EF271: changes role from      null to FOLLOWER at term 1 for startAsFollower
2024-03-20 21:08:20,926 [1ba87fbc-452a-4836-9768-c65c67837df8-impl-thread1] INFO  impl.RoleInfo (RoleInfo.java:updateAndGet(139)) - 1ba87fbc-452a-4836-9768-c65c67837df8: start 1ba87fbc-452a-4836-9768-c65c67837df8@group-8B04330EF271-FollowerState
2024-03-20 21:08:20,927 [1ba87fbc-452a-4836-9768-c65c67837df8@group-8B04330EF271-FollowerState] INFO  server.RaftServerConfigKeys (ConfUtils.java:logFallback(53)) - raft.server.rpc.first-election.timeout.min = 5000ms (fallback to raft.server.rpc.timeout.min)
2024-03-20 21:08:20,927 [1ba87fbc-452a-4836-9768-c65c67837df8@group-8B04330EF271-FollowerState] INFO  server.RaftServerConfigKeys (ConfUtils.java:logFallback(53)) - raft.server.rpc.first-election.timeout.max = 5200ms (fallback to raft.server.rpc.timeout.max)
2024-03-20 21:08:20,928 [1ba87fbc-452a-4836-9768-c65c67837df8-impl-thread1] INFO  util.JmxRegister (JmxRegister.java:tryRegister(44)) - Successfully registered JMX Bean with object name Ratis:service=RaftServer,group=group-8B04330EF271,id=1ba87fbc-452a-4836-9768-c65c67837df8
2024-03-20 21:08:20,929 [1ba87fbc-452a-4836-9768-c65c67837df8-impl-thread1] INFO  server.RaftServerConfigKeys (ConfUtils.java:logGet(46)) - raft.server.snapshot.trigger-when-stop.enabled = true (default)
2024-03-20 21:08:20,929 [1ba87fbc-452a-4836-9768-c65c67837df8-impl-thread1] INFO  server.RaftServerConfigKeys (ConfUtils.java:logGet(46)) - raft.server.snapshot.auto.trigger.enabled = true (custom)
2024-03-20 21:08:20,930 [1ba87fbc-452a-4836-9768-c65c67837df8-impl-thread1] INFO  server.RaftServerConfigKeys (ConfUtils.java:logGet(46)) - raft.server.snapshot.auto.trigger.threshold = 1000 (custom)
2024-03-20 21:08:20,930 [1ba87fbc-452a-4836-9768-c65c67837df8-impl-thread1] INFO  server.RaftServerConfigKeys (ConfUtils.java:logGet(46)) - raft.server.snapshot.retention.file.num = -1 (default)
2024-03-20 21:08:20,930 [1ba87fbc-452a-4836-9768-c65c67837df8-impl-thread1] INFO  server.RaftServerConfigKeys (ConfUtils.java:logGet(46)) - raft.server.log.purge.upto.snapshot.index = false (default)
2024-03-20 21:08:20,932 [main] INFO  server.RaftServer (RaftServerProxy.java:startImpl(406)) - 1ba87fbc-452a-4836-9768-c65c67837df8: start RPC server
2024-03-20 21:08:20,933 [main] INFO  server.GrpcService (GrpcService.java:startImpl(302)) - 1ba87fbc-452a-4836-9768-c65c67837df8: GrpcService started, listening on 15003
2024-03-20 21:08:20,933 [JvmPauseMonitor1] INFO  util.JvmPauseMonitor (JvmPauseMonitor.java:run(146)) - JvmPauseMonitor-1ba87fbc-452a-4836-9768-c65c67837df8: Started
2024-03-20 21:08:20,942 [main] INFO  ha.SCMHAManagerImpl (SCMHAManagerImpl.java:start(139)) -  scm role is FOLLOWER peers [1ba87fbc-452a-4836-9768-c65c67837df8|localhost:15003]
2024-03-20 21:08:20,942 [main] INFO  ha.InterSCMGrpcService (InterSCMGrpcProtocolService.java:start(101)) - Starting SCM Grpc Service at port 15006
2024-03-20 21:08:20,944 [main] INFO  SCMHATransactionMonitor (BackgroundSCMService.java:start(65)) - Starting SCMHATransactionMonitor Service.
2024-03-20 21:08:20,944 [main] INFO  ha.SCMServiceManager (SCMServiceManager.java:register(42)) - Registering service SCMHATransactionMonitor.
2024-03-20 21:08:20,944 [main] INFO  SCMHATransactionMonitor (BackgroundSCMService.java:start(62)) - SCMHATransactionMonitor Service is already running, skip start.
2024-03-20 21:08:21,006 [main] WARN  impl.MetricsConfig (MetricsConfig.java:loadFirst(136)) - Cannot locate configuration: tried hadoop-metrics2-storagecontainermanager.properties,hadoop-metrics2.properties
2024-03-20 21:08:21,021 [main] INFO  impl.MetricsSystemImpl (MetricsSystemImpl.java:startTimer(378)) - Scheduled Metric snapshot period at 10 second(s).
2024-03-20 21:08:21,021 [main] INFO  impl.MetricsSystemImpl (MetricsSystemImpl.java:start(191)) - StorageContainerManager metrics system started
2024-03-20 21:08:21,078 [main] INFO  server.SCMClientProtocolServer (SCMClientProtocolServer.java:start(204)) - RPC server for Client  is listening at /0.0.0.0:15005
2024-03-20 21:08:21,079 [IPC Server Responder] INFO  ipc.Server (Server.java:run(1562)) - IPC Server Responder: starting
2024-03-20 21:08:21,080 [IPC Server listener on 15005] INFO  ipc.Server (Server.java:run(1402)) - IPC Server listener on 15005: starting
2024-03-20 21:08:21,091 [main] INFO  server.StorageContainerManager (StorageContainerManager.java:start(1558)) - ScmBlockLocationProtocol RPC server is listening at /0.0.0.0:15007
2024-03-20 21:08:21,092 [main] INFO  server.SCMBlockProtocolServer (SCMBlockProtocolServer.java:start(162)) - RPC server for Block Protocol is listening at /0.0.0.0:15007
2024-03-20 21:08:21,093 [IPC Server Responder] INFO  ipc.Server (Server.java:run(1562)) - IPC Server Responder: starting
2024-03-20 21:08:21,095 [IPC Server listener on 15007] INFO  ipc.Server (Server.java:run(1402)) - IPC Server listener on 15007: starting
2024-03-20 21:08:21,108 [main] INFO  server.SCMSecurityProtocolServer (SCMSecurityProtocolServer.java:start(558)) - Starting RPC server for SCMSecurityProtocolServer. is listening at /0.0.0.0:15002
2024-03-20 21:08:21,109 [IPC Server Responder] INFO  ipc.Server (Server.java:run(1562)) - IPC Server Responder: starting
2024-03-20 21:08:21,109 [main] INFO  server.SCMUpdateServiceGrpcServer (SCMUpdateServiceGrpcServer.java:start(58)) - SCMUpdateService starting
2024-03-20 21:08:21,109 [IPC Server listener on 15002] INFO  ipc.Server (Server.java:run(1402)) - IPC Server listener on 15002: starting
2024-03-20 21:08:21,150 [main] INFO  http.BaseHttpServer (BaseHttpServer.java:newHttpServer2BuilderForOzone(223)) - Starting Web-server for scm at: http://0.0.0.0:15000
2024-03-20 21:08:21,150 [main] INFO  http.BaseHttpServer (BaseHttpServer.java:<init>(110)) - Hadoop Security Enabled: true Ozone Security Enabled: true Ozone HTTP Security Enabled: false 
2024-03-20 21:08:21,173 [main] INFO  util.log (Log.java:initialized(170)) - Logging initialized @11933ms to org.eclipse.jetty.util.log.Slf4jLog
2024-03-20 21:08:21,256 [main] WARN  server.AuthenticationFilter (AuthenticationFilter.java:constructSecretProvider(240)) - Unable to initialize FileSignerSecretProvider, falling back to use random secrets. Reason: Could not read signature secret file: /home/runner/hadoop-http-auth-signature-secret
2024-03-20 21:08:21,261 [main] INFO  http.HttpRequestLog (HttpRequestLog.java:getRequestLog(86)) - Http request log for http.requests.scm is not defined
2024-03-20 21:08:21,266 [main] INFO  http.HttpServer2 (HttpServer2.java:addGlobalFilter(1036)) - Added global filter 'safety' (class=org.apache.hadoop.hdds.server.http.HttpServer2$QuotingInputFilter)
2024-03-20 21:08:21,268 [main] INFO  http.HttpServer2 (HttpServer2.java:addFilter(1012)) - Added filter static_user_filter (class=org.apache.hadoop.http.lib.StaticUserWebFilter$StaticUserFilter) to context scm
2024-03-20 21:08:21,269 [main] INFO  http.HttpServer2 (HttpServer2.java:addFilter(1020)) - Added filter static_user_filter (class=org.apache.hadoop.http.lib.StaticUserWebFilter$StaticUserFilter) to context logs
2024-03-20 21:08:21,269 [main] INFO  http.HttpServer2 (HttpServer2.java:addFilter(1020)) - Added filter static_user_filter (class=org.apache.hadoop.http.lib.StaticUserWebFilter$StaticUserFilter) to context static
2024-03-20 21:08:21,296 [main] INFO  http.BaseHttpServer (BaseHttpServer.java:<init>(189)) - HTTP server of scm uses base directory /home/runner/work/ozone/ozone/hadoop-ozone/integration-test/target/test-dir/MiniOzoneClusterImpl-bb4c8f07-45f9-422c-bd0c-8b04330ef271/scmNode-1/webserver
2024-03-20 21:08:21,296 [main] INFO  http.HttpServer2 (HttpServer2.java:bindListener(1236)) - Jetty bound to port 15000
2024-03-20 21:08:21,297 [main] INFO  server.Server (Server.java:doStart(375)) - jetty-9.4.53.v20231009; built: 2023-10-09T12:29:09.265Z; git: 27bde00a0b95a1d5bbee0eae7984f891d2d0f8c9; jvm 1.8.0_402-b06
2024-03-20 21:08:21,315 [main] INFO  server.session (DefaultSessionIdManager.java:doStart(334)) - DefaultSessionIdManager workerName=node0
2024-03-20 21:08:21,315 [main] INFO  server.session (DefaultSessionIdManager.java:doStart(339)) - No SessionScavenger set, using defaults
2024-03-20 21:08:21,316 [main] INFO  server.session (HouseKeeper.java:startScavenging(132)) - node0 Scavenging every 660000ms
2024-03-20 21:08:21,325 [main] INFO  handler.ContextHandler (ContextHandler.java:doStart(921)) - Started o.e.j.s.ServletContextHandler@4b91ac30{logs,/logs,file:///home/runner/work/ozone/ozone/hadoop-ozone/integration-test/target/log,AVAILABLE}
2024-03-20 21:08:21,326 [main] INFO  handler.ContextHandler (ContextHandler.java:doStart(921)) - Started o.e.j.s.ServletContextHandler@6d487f2b{static,/static,file:///home/runner/work/ozone/ozone/hadoop-ozone/integration-test/target/test-classes/webapps/static,AVAILABLE}
2024-03-20 21:08:21,352 [main] INFO  handler.ContextHandler (ContextHandler.java:doStart(921)) - Started o.e.j.w.WebAppContext@6e82feeb{scm,/,file:///home/runner/work/ozone/ozone/hadoop-ozone/integration-test/target/test-classes/webapps/scm/,AVAILABLE}{file:/home/runner/work/ozone/ozone/hadoop-ozone/integration-test/target/test-classes/webapps/scm}
2024-03-20 21:08:21,360 [main] INFO  server.AbstractConnector (AbstractConnector.java:doStart(333)) - Started ServerConnector@4fb5adb8{HTTP/1.1, (http/1.1)}{0.0.0.0:15000}
2024-03-20 21:08:21,360 [main] INFO  server.Server (Server.java:doStart(415)) - Started @12120ms
2024-03-20 21:08:21,362 [main] INFO  impl.MetricsSinkAdapter (MetricsSinkAdapter.java:start(204)) - Sink prometheus started
2024-03-20 21:08:21,362 [main] INFO  impl.MetricsSystemImpl (MetricsSystemImpl.java:registerSink(305)) - Registered sink prometheus
2024-03-20 21:08:21,363 [main] INFO  http.BaseHttpServer (BaseHttpServer.java:updateConnectorAddress(354)) - HTTP server of scm listening at http://0.0.0.0:15000
2024-03-20 21:08:21,368 [main] INFO  db.CodecBuffer (CodecBuffer.java:set(63)) - Successfully set constructor to org.apache.hadoop.hdds.utils.db.CodecBuffer$$Lambda$1100/404693896@64079186
2024-03-20 21:08:21,368 [main] INFO  ozone.MiniOzoneHAClusterImpl (MiniOzoneHAClusterImpl.java:createSCMService(590)) - Started SCM RPC server at /0.0.0.0:15005
2024-03-20 21:08:21,369 [main] WARN  server.ServerUtils (ServerUtils.java:getScmDbDir(143)) - ozone.scm.db.dirs is not configured. We recommend adding this setting. Falling back to ozone.metadata.dirs instead.
2024-03-20 21:08:21,369 [main] INFO  ha.SCMHANodeDetails (SCMHANodeDetails.java:loadSCMHAConfig(207)) - ServiceID for StorageContainerManager is TestSecretKey
2024-03-20 21:08:21,369 [main] INFO  ha.SCMHANodeDetails (SCMHANodeDetails.java:loadSCMHAConfig(218)) - ServiceID for StorageContainerManager is TestSecretKey
2024-03-20 21:08:21,373 [main] WARN  scm.ScmUtils (ScmUtils.java:logWarn(192)) - ConfigKey ozone.scm.block.client.address is deprecated, For configuring different ports for each SCM use PortConfigKey ozone.scm.block.client.port appended with serviceId and nodeId. If want to configure same port configure ozone.scm.block.client.port
2024-03-20 21:08:21,374 [main] WARN  scm.ScmUtils (ScmUtils.java:logWarn(192)) - ConfigKey ozone.scm.client.address is deprecated, For configuring different ports for each SCM use PortConfigKey ozone.scm.client.port appended with serviceId and nodeId. If want to configure same port configure ozone.scm.client.port
2024-03-20 21:08:21,375 [main] WARN  scm.ScmUtils (ScmUtils.java:logWarn(192)) - ConfigKey ozone.scm.datanode.address is deprecated, For configuring different ports for each SCM use PortConfigKey ozone.scm.datanode.port appended with serviceId and nodeId. If want to configure same port configure ozone.scm.datanode.port
2024-03-20 21:08:21,375 [main] WARN  scm.ScmUtils (ScmUtils.java:logWarn(192)) - ConfigKey ozone.scm.block.client.address is deprecated, For configuring different ports for each SCM use PortConfigKey ozone.scm.block.client.port appended with serviceId and nodeId. If want to configure same port configure ozone.scm.block.client.port
2024-03-20 21:08:21,375 [main] WARN  scm.ScmUtils (ScmUtils.java:logWarn(192)) - ConfigKey ozone.scm.client.address is deprecated, For configuring different ports for each SCM use PortConfigKey ozone.scm.client.port appended with serviceId and nodeId. If want to configure same port configure ozone.scm.client.port
2024-03-20 21:08:21,376 [main] WARN  scm.ScmUtils (ScmUtils.java:logWarn(192)) - ConfigKey ozone.scm.datanode.address is deprecated, For configuring different ports for each SCM use PortConfigKey ozone.scm.datanode.port appended with serviceId and nodeId. If want to configure same port configure ozone.scm.datanode.port
2024-03-20 21:08:21,376 [main] INFO  ha.SCMHANodeDetails (SCMHANodeDetails.java:loadSCMHAConfig(305)) - Found matching SCM address with SCMServiceId: TestSecretKey, SCMNodeId: scmNode-2, RPC Address: localhost:15011 and Ratis port: 15011
2024-03-20 21:08:21,376 [main] INFO  ha.SCMHANodeDetails (ConfUtils.java:setNodeSpecificConfigs(97)) - Setting configuration key ozone.scm.datanode.address with value of key ozone.scm.datanode.address.TestSecretKey.scmNode-2: 127.0.0.1:15012
2024-03-20 21:08:21,377 [main] INFO  ha.SCMHANodeDetails (ConfUtils.java:setNodeSpecificConfigs(97)) - Setting configuration key ozone.scm.block.client.address with value of key ozone.scm.block.client.address.TestSecretKey.scmNode-2: 127.0.0.1:15015
2024-03-20 21:08:21,377 [main] INFO  ha.SCMHANodeDetails (ConfUtils.java:setNodeSpecificConfigs(97)) - Setting configuration key ozone.scm.client.address with value of key ozone.scm.client.address.TestSecretKey.scmNode-2: 127.0.0.1:15013
2024-03-20 21:08:21,377 [main] INFO  ha.SCMHANodeDetails (ConfUtils.java:setNodeSpecificConfigs(97)) - Setting configuration key ozone.scm.security.service.address with value of key ozone.scm.security.service.address.TestSecretKey.scmNode-2: 127.0.0.1:15010
2024-03-20 21:08:21,377 [main] INFO  ha.SCMHANodeDetails (ConfUtils.java:setNodeSpecificConfigs(97)) - Setting configuration key ozone.scm.ratis.port with value of key ozone.scm.ratis.port.TestSecretKey.scmNode-2: 15011
2024-03-20 21:08:21,378 [main] INFO  ha.SCMHANodeDetails (ConfUtils.java:setNodeSpecificConfigs(97)) - Setting configuration key ozone.scm.grpc.port with value of key ozone.scm.grpc.port.TestSecretKey.scmNode-2: 15014
2024-03-20 21:08:21,378 [main] INFO  ha.SCMHANodeDetails (ConfUtils.java:setNodeSpecificConfigs(97)) - Setting configuration key ozone.scm.http-address with value of key ozone.scm.http-address.TestSecretKey.scmNode-2: 127.0.0.1:15008
2024-03-20 21:08:21,378 [main] INFO  ha.SCMHANodeDetails (ConfUtils.java:setNodeSpecificConfigs(97)) - Setting configuration key ozone.scm.https-address with value of key ozone.scm.https-address.TestSecretKey.scmNode-2: 127.0.0.1:15009
2024-03-20 21:08:21,378 [main] INFO  ha.SCMHANodeDetails (ConfUtils.java:setNodeSpecificConfigs(97)) - Setting configuration key ozone.scm.address with value of key ozone.scm.address.TestSecretKey.scmNode-2: 127.0.0.1
2024-03-20 21:08:21,379 [main] WARN  scm.ScmUtils (ScmUtils.java:logWarn(192)) - ConfigKey ozone.scm.block.client.address is deprecated, For configuring different ports for each SCM use PortConfigKey ozone.scm.block.client.port appended with serviceId and nodeId. If want to configure same port configure ozone.scm.block.client.port
2024-03-20 21:08:21,379 [main] WARN  scm.ScmUtils (ScmUtils.java:logWarn(192)) - ConfigKey ozone.scm.client.address is deprecated, For configuring different ports for each SCM use PortConfigKey ozone.scm.client.port appended with serviceId and nodeId. If want to configure same port configure ozone.scm.client.port
2024-03-20 21:08:21,379 [main] WARN  scm.ScmUtils (ScmUtils.java:logWarn(192)) - ConfigKey ozone.scm.datanode.address is deprecated, For configuring different ports for each SCM use PortConfigKey ozone.scm.datanode.port appended with serviceId and nodeId. If want to configure same port configure ozone.scm.datanode.port
2024-03-20 21:08:21,380 [main] INFO  ha.SCMNodeInfo (SCMNodeInfo.java:getPort(197)) - ConfigKey ozone.scm.client.address is deprecated, For configuring different ports for each SCM use PortConfigKey ozone.scm.client.port appended with serviceId and nodeId
2024-03-20 21:08:21,380 [main] INFO  ha.SCMNodeInfo (SCMNodeInfo.java:getPort(197)) - ConfigKey ozone.scm.block.client.address is deprecated, For configuring different ports for each SCM use PortConfigKey ozone.scm.block.client.port appended with serviceId and nodeId
2024-03-20 21:08:21,380 [main] INFO  ha.SCMNodeInfo (SCMNodeInfo.java:getPort(197)) - ConfigKey ozone.scm.security.service.address is deprecated, For configuring different ports for each SCM use PortConfigKey ozone.scm.security.service.port appended with serviceId and nodeId
2024-03-20 21:08:21,381 [main] INFO  ha.SCMNodeInfo (SCMNodeInfo.java:getPort(197)) - ConfigKey ozone.scm.datanode.address is deprecated, For configuring different ports for each SCM use PortConfigKey ozone.scm.datanode.port appended with serviceId and nodeId
2024-03-20 21:08:21,381 [main] INFO  ha.SCMNodeInfo (SCMNodeInfo.java:getPort(197)) - ConfigKey ozone.scm.client.address is deprecated, For configuring different ports for each SCM use PortConfigKey ozone.scm.client.port appended with serviceId and nodeId
2024-03-20 21:08:21,381 [main] INFO  ha.SCMNodeInfo (SCMNodeInfo.java:getPort(197)) - ConfigKey ozone.scm.block.client.address is deprecated, For configuring different ports for each SCM use PortConfigKey ozone.scm.block.client.port appended with serviceId and nodeId
2024-03-20 21:08:21,382 [main] INFO  ha.SCMNodeInfo (SCMNodeInfo.java:getPort(197)) - ConfigKey ozone.scm.security.service.address is deprecated, For configuring different ports for each SCM use PortConfigKey ozone.scm.security.service.port appended with serviceId and nodeId
2024-03-20 21:08:21,383 [main] INFO  ha.SCMNodeInfo (SCMNodeInfo.java:getPort(197)) - ConfigKey ozone.scm.datanode.address is deprecated, For configuring different ports for each SCM use PortConfigKey ozone.scm.datanode.port appended with serviceId and nodeId
2024-03-20 21:08:21,383 [main] INFO  ha.SCMNodeInfo (SCMNodeInfo.java:getPort(197)) - ConfigKey ozone.scm.client.address is deprecated, For configuring different ports for each SCM use PortConfigKey ozone.scm.client.port appended with serviceId and nodeId
2024-03-20 21:08:21,383 [main] INFO  ha.SCMNodeInfo (SCMNodeInfo.java:getPort(197)) - ConfigKey ozone.scm.block.client.address is deprecated, For configuring different ports for each SCM use PortConfigKey ozone.scm.block.client.port appended with serviceId and nodeId
2024-03-20 21:08:21,383 [main] INFO  ha.SCMNodeInfo (SCMNodeInfo.java:getPort(197)) - ConfigKey ozone.scm.security.service.address is deprecated, For configuring different ports for each SCM use PortConfigKey ozone.scm.security.service.port appended with serviceId and nodeId
2024-03-20 21:08:21,383 [main] INFO  ha.SCMNodeInfo (SCMNodeInfo.java:getPort(197)) - ConfigKey ozone.scm.datanode.address is deprecated, For configuring different ports for each SCM use PortConfigKey ozone.scm.datanode.port appended with serviceId and nodeId
2024-03-20 21:08:21,387 [pool-1-thread-1] INFO  request.KdcRequest (KdcRequest.java:preauth(651)) - The preauth data is empty.
2024-03-20 21:08:21,387 [pool-1-thread-1] INFO  server.KdcHandler (KdcHandler.java:handleRecoverableException(177)) - KRB error occurred while processing request:Additional pre-authentication required
2024-03-20 21:08:21,393 [pool-1-thread-1] INFO  request.AsRequest (AsRequest.java:issueTicket(112)) - AS_REQ ISSUE: authtime 1710968901392,scm/fv-az1053-74.1e55wlyavovu3ma4fylbaqc4gd.phxx.internal.cloudapp.net@EXAMPLE.COM for krbtgt/EXAMPLE.COM@EXAMPLE.COM
2024-03-20 21:08:21,395 [main] INFO  security.UserGroupInformation (UserGroupInformation.java:loginUserFromKeytab(1132)) - Login successful for user scm/fv-az1053-74.1e55wlyavovu3ma4fylbaqc4gd.phxx.internal.cloudapp.net@EXAMPLE.COM using keytab file scm.keytab. Keytab auto renewal enabled : false
2024-03-20 21:08:21,395 [main] INFO  server.StorageContainerManager (StorageContainerManager.java:loginAsSCMUserIfSecurityEnabled(1075)) - SCM login successful.
2024-03-20 21:08:21,403 [main] INFO  ha.SCMNodeInfo (SCMNodeInfo.java:getPort(197)) - ConfigKey ozone.scm.client.address is deprecated, For configuring different ports for each SCM use PortConfigKey ozone.scm.client.port appended with serviceId and nodeId
2024-03-20 21:08:21,403 [main] INFO  ha.SCMNodeInfo (SCMNodeInfo.java:getPort(197)) - ConfigKey ozone.scm.block.client.address is deprecated, For configuring different ports for each SCM use PortConfigKey ozone.scm.block.client.port appended with serviceId and nodeId
2024-03-20 21:08:21,403 [main] INFO  ha.SCMNodeInfo (SCMNodeInfo.java:getPort(197)) - ConfigKey ozone.scm.security.service.address is deprecated, For configuring different ports for each SCM use PortConfigKey ozone.scm.security.service.port appended with serviceId and nodeId
2024-03-20 21:08:21,403 [main] INFO  ha.SCMNodeInfo (SCMNodeInfo.java:getPort(197)) - ConfigKey ozone.scm.datanode.address is deprecated, For configuring different ports for each SCM use PortConfigKey ozone.scm.datanode.port appended with serviceId and nodeId
2024-03-20 21:08:21,404 [main] INFO  ha.SCMNodeInfo (SCMNodeInfo.java:getPort(197)) - ConfigKey ozone.scm.client.address is deprecated, For configuring different ports for each SCM use PortConfigKey ozone.scm.client.port appended with serviceId and nodeId
2024-03-20 21:08:21,404 [main] INFO  ha.SCMNodeInfo (SCMNodeInfo.java:getPort(197)) - ConfigKey ozone.scm.block.client.address is deprecated, For configuring different ports for each SCM use PortConfigKey ozone.scm.block.client.port appended with serviceId and nodeId
2024-03-20 21:08:21,404 [main] INFO  ha.SCMNodeInfo (SCMNodeInfo.java:getPort(197)) - ConfigKey ozone.scm.security.service.address is deprecated, For configuring different ports for each SCM use PortConfigKey ozone.scm.security.service.port appended with serviceId and nodeId
2024-03-20 21:08:21,404 [main] INFO  ha.SCMNodeInfo (SCMNodeInfo.java:getPort(197)) - ConfigKey ozone.scm.datanode.address is deprecated, For configuring different ports for each SCM use PortConfigKey ozone.scm.datanode.port appended with serviceId and nodeId
2024-03-20 21:08:21,405 [main] INFO  proxy.SCMBlockLocationFailoverProxyProvider (SCMBlockLocationFailoverProxyProvider.java:<init>(115)) - Created block location fail-over proxy with 2 nodes: [nodeId=scmNode-3,nodeAddress=/127.0.0.1:15023, nodeId=scmNode-1,nodeAddress=/127.0.0.1:15007]
2024-03-20 21:08:21,497 [pool-1-thread-1] INFO  request.TgsRequest (TgsRequest.java:issueTicket(115)) - TGS_REQ ISSUE: authtime 1710968901496,scm/fv-az1053-74.1e55wlyavovu3ma4fylbaqc4gd.phxx.internal.cloudapp.net for scm/fv-az1053-74.1e55wlyavovu3ma4fylbaqc4gd.phxx.internal.cloudapp.net@EXAMPLE.COM
2024-03-20 21:08:21,502 [pool-1-thread-2] INFO  request.TgsRequest (TgsRequest.java:issueTicket(115)) - TGS_REQ ISSUE: authtime 1710968901500,scm/fv-az1053-74.1e55wlyavovu3ma4fylbaqc4gd.phxx.internal.cloudapp.net for scm/fv-az1053-74.1e55wlyavovu3ma4fylbaqc4gd.phxx.internal.cloudapp.net@EXAMPLE.COM
2024-03-20 21:08:21,515 [Socket Reader #1 for port 15002] INFO  ipc.Server (Server.java:saslProcess(2139)) - Auth successful for scm/fv-az1053-74.1e55wlyavovu3ma4fylbaqc4gd.phxx.internal.cloudapp.net@EXAMPLE.COM (auth:KERBEROS) from fv-az1053-74.1e55wlyavovu3ma4fylbaqc4gd.phxx.internal.cloudapp.net:34641 / 10.1.0.34:34641
2024-03-20 21:08:21,515 [Socket Reader #1 for port 15007] INFO  ipc.Server (Server.java:saslProcess(2139)) - Auth successful for scm/fv-az1053-74.1e55wlyavovu3ma4fylbaqc4gd.phxx.internal.cloudapp.net@EXAMPLE.COM (auth:KERBEROS) from fv-az1053-74.1e55wlyavovu3ma4fylbaqc4gd.phxx.internal.cloudapp.net:45495 / 10.1.0.34:45495
2024-03-20 21:08:21,527 [Socket Reader #1 for port 15007] INFO  authorize.ServiceAuthorizationManager (ServiceAuthorizationManager.java:authorize(137)) - Authorization successful for scm/fv-az1053-74.1e55wlyavovu3ma4fylbaqc4gd.phxx.internal.cloudapp.net@EXAMPLE.COM (auth:KERBEROS) for protocol=interface org.apache.hadoop.hdds.scm.protocol.ScmBlockLocationProtocol
2024-03-20 21:08:21,527 [Socket Reader #1 for port 15002] INFO  authorize.ServiceAuthorizationManager (ServiceAuthorizationManager.java:authorize(137)) - Authorization successful for scm/fv-az1053-74.1e55wlyavovu3ma4fylbaqc4gd.phxx.internal.cloudapp.net@EXAMPLE.COM (auth:KERBEROS) for protocol=interface org.apache.hadoop.hdds.protocol.SCMSecurityProtocol
2024-03-20 21:08:21,601 [IPC Server handler 0 on default port 15002] INFO  ipc.Server (Server.java:logException(3109)) - IPC Server handler 0 on default port 15002, call Call#0 Retry#0 org.apache.hadoop.hdds.protocol.SCMSecurityProtocol.submitRequest from fv-az1053-74.1e55wlyavovu3ma4fylbaqc4gd.phxx.internal.cloudapp.net:34641 / 10.1.0.34:34641
org.apache.hadoop.hdds.ratis.ServerNotLeaderException: Server:1ba87fbc-452a-4836-9768-c65c67837df8 is not the leader. Could not determine the leader node.
	at org.apache.hadoop.hdds.ratis.ServerNotLeaderException.convertToNotLeaderException(ServerNotLeaderException.java:105)
	at org.apache.hadoop.hdds.scm.ha.RatisUtil.checkRatisException(RatisUtil.java:246)
	at org.apache.hadoop.hdds.scm.protocol.SCMSecurityProtocolServerSideTranslatorPB.submitRequest(SCMSecurityProtocolServerSideTranslatorPB.java:90)
	at org.apache.hadoop.hdds.protocol.proto.SCMSecurityProtocolProtos$SCMSecurityProtocolService$2.callBlockingMethod(SCMSecurityProtocolProtos.java:18732)
	at org.apache.hadoop.ipc.ProtobufRpcEngine$Server.processCall(ProtobufRpcEngine.java:484)
	at org.apache.hadoop.ipc.ProtobufRpcEngine2$Server$ProtoBufRpcInvoker.call(ProtobufRpcEngine2.java:595)
	at org.apache.hadoop.ipc.ProtobufRpcEngine2$Server$ProtoBufRpcInvoker.call(ProtobufRpcEngine2.java:573)
	at org.apache.hadoop.ipc.RPC$Server.call(RPC.java:1227)
	at org.apache.hadoop.ipc.Server$RpcCall.run(Server.java:1094)
	at org.apache.hadoop.ipc.Server$RpcCall.run(Server.java:1017)
	at java.security.AccessController.doPrivileged(Native Method)
	at javax.security.auth.Subject.doAs(Subject.java:422)
	at org.apache.hadoop.security.UserGroupInformation.doAs(UserGroupInformation.java:1899)
	at org.apache.hadoop.ipc.Server$Handler.run(Server.java:3048)
2024-03-20 21:08:25,613 [main] INFO  retry.RetryInvocationHandler (RetryInvocationHandler.java:log(422)) - com.google.protobuf.ServiceException: org.apache.hadoop.ipc.RemoteException(org.apache.hadoop.hdds.ratis.ServerNotLeaderException): Server:1ba87fbc-452a-4836-9768-c65c67837df8 is not the leader. Could not determine the leader node.
	at org.apache.hadoop.hdds.ratis.ServerNotLeaderException.convertToNotLeaderException(ServerNotLeaderException.java:105)
	at org.apache.hadoop.hdds.scm.ha.RatisUtil.checkRatisException(RatisUtil.java:246)
	at org.apache.hadoop.hdds.scm.protocol.ScmBlockLocationProtocolServerSideTranslatorPB.send(ScmBlockLocationProtocolServerSideTranslatorPB.java:111)
	at org.apache.hadoop.hdds.protocol.proto.ScmBlockLocationProtocolProtos$ScmBlockLocationProtocolService$2.callBlockingMethod(ScmBlockLocationProtocolProtos.java:15752)
	at org.apache.hadoop.ipc.ProtobufRpcEngine$Server.processCall(ProtobufRpcEngine.java:484)
	at org.apache.hadoop.ipc.ProtobufRpcEngine2$Server$ProtoBufRpcInvoker.call(ProtobufRpcEngine2.java:595)
	at org.apache.hadoop.ipc.ProtobufRpcEngine2$Server$ProtoBufRpcInvoker.call(ProtobufRpcEngine2.java:573)
	at org.apache.hadoop.ipc.RPC$Server.call(RPC.java:1227)
	at org.apache.hadoop.ipc.Server$RpcCall.run(Server.java:1094)
	at org.apache.hadoop.ipc.Server$RpcCall.run(Server.java:1017)
	at java.security.AccessController.doPrivileged(Native Method)
	at javax.security.auth.Subject.doAs(Subject.java:422)
	at org.apache.hadoop.security.UserGroupInformation.doAs(UserGroupInformation.java:1899)
	at org.apache.hadoop.ipc.Server$Handler.run(Server.java:3048)
, while invoking $Proxy49.send over nodeId=scmNode-1,nodeAddress=/127.0.0.1:15007 after 2 failover attempts. Trying to failover after sleeping for 2000ms. Current retry count: 2.
2024-03-20 21:08:26,107 [1ba87fbc-452a-4836-9768-c65c67837df8@group-8B04330EF271-FollowerState] INFO  impl.FollowerState (FollowerState.java:run(143)) - 1ba87fbc-452a-4836-9768-c65c67837df8@group-8B04330EF271-FollowerState: change to CANDIDATE, lastRpcElapsedTime:5180186691ns, electionTimeout:5179ms
2024-03-20 21:08:26,107 [1ba87fbc-452a-4836-9768-c65c67837df8@group-8B04330EF271-FollowerState] INFO  impl.RoleInfo (RoleInfo.java:shutdownFollowerState(110)) - 1ba87fbc-452a-4836-9768-c65c67837df8: shutdown 1ba87fbc-452a-4836-9768-c65c67837df8@group-8B04330EF271-FollowerState
2024-03-20 21:08:26,107 [1ba87fbc-452a-4836-9768-c65c67837df8@group-8B04330EF271-FollowerState] INFO  server.RaftServer$Division (RaftServerImpl.java:setRole(383)) - 1ba87fbc-452a-4836-9768-c65c67837df8@group-8B04330EF271: changes role from  FOLLOWER to CANDIDATE at term 1 for changeToCandidate
2024-03-20 21:08:26,107 [1ba87fbc-452a-4836-9768-c65c67837df8@group-8B04330EF271-FollowerState] INFO  server.RaftServerConfigKeys (ConfUtils.java:logGet(46)) - raft.server.leaderelection.pre-vote = true (default)
2024-03-20 21:08:26,107 [1ba87fbc-452a-4836-9768-c65c67837df8@group-8B04330EF271-FollowerState] INFO  impl.RoleInfo (RoleInfo.java:updateAndGet(139)) - 1ba87fbc-452a-4836-9768-c65c67837df8: start 1ba87fbc-452a-4836-9768-c65c67837df8@group-8B04330EF271-LeaderElection2
2024-03-20 21:08:26,108 [1ba87fbc-452a-4836-9768-c65c67837df8@group-8B04330EF271-LeaderElection2] INFO  impl.LeaderElection (LeaderElection.java:askForVotes(321)) - 1ba87fbc-452a-4836-9768-c65c67837df8@group-8B04330EF271-LeaderElection2 PRE_VOTE round 0: submit vote requests at term 1 for 0: peers:[1ba87fbc-452a-4836-9768-c65c67837df8|localhost:15003]|listeners:[], old=null
2024-03-20 21:08:26,109 [1ba87fbc-452a-4836-9768-c65c67837df8@group-8B04330EF271-LeaderElection2] INFO  impl.LeaderElection (LeaderElection.java:askForVotes(323)) - 1ba87fbc-452a-4836-9768-c65c67837df8@group-8B04330EF271-LeaderElection2 PRE_VOTE round 0: result PASSED (term=1)
2024-03-20 21:08:26,110 [1ba87fbc-452a-4836-9768-c65c67837df8@group-8B04330EF271-LeaderElection2] INFO  impl.LeaderElection (LeaderElection.java:askForVotes(321)) - 1ba87fbc-452a-4836-9768-c65c67837df8@group-8B04330EF271-LeaderElection2 ELECTION round 0: submit vote requests at term 2 for 0: peers:[1ba87fbc-452a-4836-9768-c65c67837df8|localhost:15003]|listeners:[], old=null
2024-03-20 21:08:26,110 [1ba87fbc-452a-4836-9768-c65c67837df8@group-8B04330EF271-LeaderElection2] INFO  impl.LeaderElection (LeaderElection.java:askForVotes(323)) - 1ba87fbc-452a-4836-9768-c65c67837df8@group-8B04330EF271-LeaderElection2 ELECTION round 0: result PASSED (term=2)
2024-03-20 21:08:26,110 [1ba87fbc-452a-4836-9768-c65c67837df8@group-8B04330EF271-LeaderElection2] INFO  impl.RoleInfo (RoleInfo.java:shutdownLeaderElection(130)) - 1ba87fbc-452a-4836-9768-c65c67837df8: shutdown 1ba87fbc-452a-4836-9768-c65c67837df8@group-8B04330EF271-LeaderElection2
2024-03-20 21:08:26,110 [1ba87fbc-452a-4836-9768-c65c67837df8@group-8B04330EF271-LeaderElection2] INFO  server.RaftServer$Division (RaftServerImpl.java:setRole(383)) - 1ba87fbc-452a-4836-9768-c65c67837df8@group-8B04330EF271: changes role from CANDIDATE to LEADER at term 2 for changeToLeader
2024-03-20 21:08:26,110 [1ba87fbc-452a-4836-9768-c65c67837df8@group-8B04330EF271-LeaderElection2] INFO  server.RaftServerConfigKeys (ConfUtils.java:logGet(46)) - raft.server.staging.catchup.gap = 1000 (default)
2024-03-20 21:08:26,111 [1ba87fbc-452a-4836-9768-c65c67837df8@group-8B04330EF271-LeaderElection2] INFO  server.RaftServerConfigKeys (ConfUtils.java:logGet(46)) - raft.server.write.element-limit = 4096 (default)
2024-03-20 21:08:26,111 [1ba87fbc-452a-4836-9768-c65c67837df8@group-8B04330EF271-LeaderElection2] INFO  server.RaftServerConfigKeys (ConfUtils.java:logGet(46)) - raft.server.write.byte-limit = 64MB (=67108864) (default)
2024-03-20 21:08:26,111 [1ba87fbc-452a-4836-9768-c65c67837df8@group-8B04330EF271-LeaderElection2] INFO  server.RaftServerConfigKeys (ConfUtils.java:logGet(46)) - raft.server.watch.timeout = 10s (default)
2024-03-20 21:08:26,111 [1ba87fbc-452a-4836-9768-c65c67837df8@group-8B04330EF271-LeaderElection2] INFO  server.RaftServerConfigKeys (ConfUtils.java:logGet(46)) - raft.server.watch.timeout.denomination = 1s (default)
2024-03-20 21:08:26,111 [1ba87fbc-452a-4836-9768-c65c67837df8@group-8B04330EF271-LeaderElection2] INFO  server.RaftServerConfigKeys (ConfUtils.java:logGet(46)) - raft.server.watch.element-limit = 65536 (default)
2024-03-20 21:08:26,112 [1ba87fbc-452a-4836-9768-c65c67837df8@group-8B04330EF271-LeaderElection2] INFO  server.RaftServerConfigKeys (ConfUtils.java:logGet(46)) - raft.server.read.leader.lease.enabled = false (default)
2024-03-20 21:08:26,112 [1ba87fbc-452a-4836-9768-c65c67837df8@group-8B04330EF271-LeaderElection2] INFO  server.RaftServerConfigKeys (ConfUtils.java:logGet(46)) - raft.server.read.leader.lease.timeout.ratio = 0.9 (default)
2024-03-20 21:08:26,112 [1ba87fbc-452a-4836-9768-c65c67837df8@group-8B04330EF271-LeaderElection2] INFO  server.RaftServerConfigKeys (ConfUtils.java:logGet(46)) - raft.server.rpc.timeout.min = 5000ms (custom)
2024-03-20 21:08:26,112 [1ba87fbc-452a-4836-9768-c65c67837df8@group-8B04330EF271-LeaderElection2] INFO  server.RaftServerConfigKeys (ConfUtils.java:logGet(46)) - raft.server.write.element-limit = 4096 (default)
2024-03-20 21:08:26,112 [1ba87fbc-452a-4836-9768-c65c67837df8@group-8B04330EF271-LeaderElection2] INFO  server.RaftServerConfigKeys (ConfUtils.java:logGet(46)) - raft.server.write.follower.gap.ratio.max = -1.0 (default)
2024-03-20 21:08:26,112 [1ba87fbc-452a-4836-9768-c65c67837df8@group-8B04330EF271-LeaderElection2] INFO  impl.RoleInfo (RoleInfo.java:updateAndGet(139)) - 1ba87fbc-452a-4836-9768-c65c67837df8: start 1ba87fbc-452a-4836-9768-c65c67837df8@group-8B04330EF271-LeaderStateImpl
2024-03-20 21:08:26,112 [1ba87fbc-452a-4836-9768-c65c67837df8@group-8B04330EF271-LeaderElection2] INFO  server.RaftServer$Division (RaftServerImpl.java:setFirstElection(574)) - 1ba87fbc-452a-4836-9768-c65c67837df8@group-8B04330EF271: set firstElectionSinceStartup to false for becomeLeader
2024-03-20 21:08:26,113 [1ba87fbc-452a-4836-9768-c65c67837df8@group-8B04330EF271-LeaderElection2] INFO  ha.SCMStateMachine (SCMStateMachine.java:notifyLeaderChanged(292)) - current SCM becomes leader of term 2.
2024-03-20 21:08:26,113 [1ba87fbc-452a-4836-9768-c65c67837df8@group-8B04330EF271-LeaderElection2] INFO  ha.SCMContext (SCMContext.java:updateLeaderAndTerm(96)) - update <isLeader,term> from <false,0> to <true,2>
2024-03-20 21:08:26,116 [1ba87fbc-452a-4836-9768-c65c67837df8@group-8B04330EF271-LeaderElection2] INFO  server.RaftServer$Division (ServerState.java:setLeader(269)) - 1ba87fbc-452a-4836-9768-c65c67837df8@group-8B04330EF271: change Leader from null to 1ba87fbc-452a-4836-9768-c65c67837df8 at term 2 for becomeLeader, leader elected after 5933ms
2024-03-20 21:08:26,116 [1ba87fbc-452a-4836-9768-c65c67837df8@group-8B04330EF271-LeaderElection2] INFO  segmented.SegmentedRaftLogWorker (SegmentedRaftLogWorker.java:rollLogSegment(435)) - 1ba87fbc-452a-4836-9768-c65c67837df8@group-8B04330EF271-SegmentedRaftLogWorker: Rolling segment log-0_0 to index:0
2024-03-20 21:08:26,117 [1ba87fbc-452a-4836-9768-c65c67837df8@group-8B04330EF271-LeaderElection2] INFO  server.RaftServer$Division (ServerState.java:setRaftConf(386)) - 1ba87fbc-452a-4836-9768-c65c67837df8@group-8B04330EF271: set configuration 1: peers:[1ba87fbc-452a-4836-9768-c65c67837df8|localhost:15003]|listeners:[], old=null
2024-03-20 21:08:26,118 [1ba87fbc-452a-4836-9768-c65c67837df8@group-8B04330EF271-SegmentedRaftLogWorker] INFO  segmented.SegmentedRaftLogWorker (SegmentedRaftLogWorker.java:execute(591)) - 1ba87fbc-452a-4836-9768-c65c67837df8@group-8B04330EF271-SegmentedRaftLogWorker: Rolled log segment from /home/runner/work/ozone/ozone/hadoop-ozone/integration-test/target/test-dir/MiniOzoneClusterImpl-bb4c8f07-45f9-422c-bd0c-8b04330ef271/scmNode-1/scm-ha/bb4c8f07-45f9-422c-bd0c-8b04330ef271/current/log_inprogress_0 to /home/runner/work/ozone/ozone/hadoop-ozone/integration-test/target/test-dir/MiniOzoneClusterImpl-bb4c8f07-45f9-422c-bd0c-8b04330ef271/scmNode-1/scm-ha/bb4c8f07-45f9-422c-bd0c-8b04330ef271/current/log_0-0
2024-03-20 21:08:26,119 [1ba87fbc-452a-4836-9768-c65c67837df8@group-8B04330EF271-SegmentedRaftLogWorker] INFO  segmented.BufferedWriteChannel (BufferedWriteChannel.java:open(62)) - open log_inprogress_1 at position 0
2024-03-20 21:08:26,128 [1ba87fbc-452a-4836-9768-c65c67837df8@group-8B04330EF271-SegmentedRaftLogWorker] INFO  segmented.SegmentedRaftLogWorker (SegmentedRaftLogWorker.java:execute(634)) - 1ba87fbc-452a-4836-9768-c65c67837df8@group-8B04330EF271-SegmentedRaftLogWorker: created new log segment /home/runner/work/ozone/ozone/hadoop-ozone/integration-test/target/test-dir/MiniOzoneClusterImpl-bb4c8f07-45f9-422c-bd0c-8b04330ef271/scmNode-1/scm-ha/bb4c8f07-45f9-422c-bd0c-8b04330ef271/current/log_inprogress_1
2024-03-20 21:08:26,131 [1ba87fbc-452a-4836-9768-c65c67837df8@group-8B04330EF271-StateMachineUpdater] INFO  server.RaftServer$Division (LeaderStateImpl.java:isApplied(320)) - leader is ready since appliedIndex == 1 >= startIndex == 1
2024-03-20 21:08:26,131 [1ba87fbc-452a-4836-9768-c65c67837df8@group-8B04330EF271-StateMachineUpdater] INFO  ha.SCMContext (SCMContext.java:setLeaderReady(123)) - update <isLeaderReady> from <false> to <true>
2024-03-20 21:08:26,131 [1ba87fbc-452a-4836-9768-c65c67837df8@group-8B04330EF271-StateMachineUpdater] INFO  pipeline.BackgroundPipelineCreator (BackgroundPipelineCreator.java:notifyStatusChanged(258)) - Service BackgroundPipelineCreator transitions to RUNNING.
2024-03-20 21:08:26,132 [scmNode-1-SecretKeyManagerService] INFO  symmetric.SecretKeyManager (SecretKeyManager.java:checkAndInitialize(80)) - Initializing SecretKeys.
2024-03-20 21:08:26,133 [1ba87fbc-452a-4836-9768-c65c67837df8@group-8B04330EF271-StateMachineUpdater] INFO  safemode.HealthyPipelineSafeModeRule (HealthyPipelineSafeModeRule.java:initializeRule(172)) - Refreshed total pipeline count is 0, healthy pipeline threshold count is 1
2024-03-20 21:08:26,134 [scmNode-1-SecretKeyManagerService] INFO  symmetric.SecretKeyManager (SecretKeyManager.java:checkAndInitialize(94)) - No valid key has been loaded. A new key is generated: SecretKey(id = 9d01b0d8-d90e-4073-a910-f7970baec0af, creation at: 2024-03-20T21:08:26.133Z, expire at: 2024-03-20T21:08:29.133Z)
2024-03-20 21:08:26,134 [1ba87fbc-452a-4836-9768-c65c67837df8@group-8B04330EF271-StateMachineUpdater] INFO  safemode.ContainerSafeModeRule (ContainerSafeModeRule.java:reInitializeRule(191)) - Refreshed one replica container threshold 0, currentThreshold 0
2024-03-20 21:08:26,135 [1ba87fbc-452a-4836-9768-c65c67837df8@group-8B04330EF271-StateMachineUpdater] INFO  safemode.OneReplicaPipelineSafeModeRule (OneReplicaPipelineSafeModeRule.java:initializeRule(189)) - Refreshed Total pipeline count is 0, pipeline's with at least one datanode reported threshold count is 0
2024-03-20 21:08:26,135 [1ba87fbc-452a-4836-9768-c65c67837df8@group-8B04330EF271-StateMachineUpdater] INFO  server.SCMDatanodeProtocolServer (SCMDatanodeProtocolServer.java:start(194)) - ScmDatanodeProtocol RPC server for DataNodes is listening at /0.0.0.0:15004
2024-03-20 21:08:26,143 [IPC Server listener on 15004] INFO  ipc.Server (Server.java:run(1402)) - IPC Server listener on 15004: starting
2024-03-20 21:08:26,143 [IPC Server Responder] INFO  ipc.Server (Server.java:run(1562)) - IPC Server Responder: starting
2024-03-20 21:08:26,197 [1ba87fbc-452a-4836-9768-c65c67837df8@group-8B04330EF271-StateMachineUpdater] INFO  symmetric.SecretKeyStateImpl (SecretKeyStateImpl.java:updateKeysInternal(113)) - Updating keys with [SecretKey(id = 9d01b0d8-d90e-4073-a910-f7970baec0af, creation at: 2024-03-20T21:08:26.133Z, expire at: 2024-03-20T21:08:29.133Z)]
2024-03-20 21:08:26,198 [1ba87fbc-452a-4836-9768-c65c67837df8@group-8B04330EF271-StateMachineUpdater] INFO  symmetric.SecretKeyStateImpl (SecretKeyStateImpl.java:updateKeysInternal(128)) - Current key updated SecretKey(id = 9d01b0d8-d90e-4073-a910-f7970baec0af, creation at: 2024-03-20T21:08:26.133Z, expire at: 2024-03-20T21:08:29.133Z)
2024-03-20 21:08:26,217 [1ba87fbc-452a-4836-9768-c65c67837df8@group-8B04330EF271-StateMachineUpdater] INFO  symmetric.LocalSecretKeyStore (LocalSecretKeyStore.java:save(109)) - Saved [SecretKey(id = 9d01b0d8-d90e-4073-a910-f7970baec0af, creation at: 2024-03-20T21:08:26.133Z, expire at: 2024-03-20T21:08:29.133Z)] to file /home/runner/work/ozone/ozone/hadoop-ozone/integration-test/target/test-dir/MiniOzoneClusterImpl-bb4c8f07-45f9-422c-bd0c-8b04330ef271/scmNode-1/scm/keys/secret_keys.json
2024-03-20 21:08:26,218 [1ba87fbc-452a-4836-9768-c65c67837df8@group-8B04330EF271-StateMachineUpdater] INFO  safemode.HealthyPipelineSafeModeRule (HealthyPipelineSafeModeRule.java:initializeRule(172)) - Refreshed total pipeline count is 0, healthy pipeline threshold count is 1
2024-03-20 21:08:26,218 [1ba87fbc-452a-4836-9768-c65c67837df8@group-8B04330EF271-StateMachineUpdater] INFO  safemode.SCMSafeModeManager (SCMSafeModeManager.java:validateSafeModeExitRules(200)) - ContainerSafeModeRule rule is successfully validated
2024-03-20 21:08:26,218 [1ba87fbc-452a-4836-9768-c65c67837df8@group-8B04330EF271-StateMachineUpdater] INFO  safemode.SCMSafeModeManager (SCMSafeModeManager.java:validateSafeModeExitRules(200)) - AtleastOneDatanodeReportedRule rule is successfully validated
2024-03-20 21:08:27,173 [scmNode-1-SecretKeyManagerService] INFO  symmetric.SecretKeyManager (SecretKeyManager.java:checkAndRotate(125)) - SecretKey rotation is happening, new key generated SecretKey(id = c21ae4fa-8f3b-41ea-8041-760a9eac3a65, creation at: 2024-03-20T21:08:27.172Z, expire at: 2024-03-20T21:08:30.172Z)
2024-03-20 21:08:27,175 [1ba87fbc-452a-4836-9768-c65c67837df8@group-8B04330EF271-StateMachineUpdater] INFO  symmetric.SecretKeyStateImpl (SecretKeyStateImpl.java:updateKeysInternal(113)) - Updating keys with [SecretKey(id = 9d01b0d8-d90e-4073-a910-f7970baec0af, creation at: 2024-03-20T21:08:26.133Z, expire at: 2024-03-20T21:08:29.133Z), SecretKey(id = c21ae4fa-8f3b-41ea-8041-760a9eac3a65, creation at: 2024-03-20T21:08:27.172Z, expire at: 2024-03-20T21:08:30.172Z)]
2024-03-20 21:08:27,175 [1ba87fbc-452a-4836-9768-c65c67837df8@group-8B04330EF271-StateMachineUpdater] INFO  symmetric.SecretKeyStateImpl (SecretKeyStateImpl.java:updateKeysInternal(128)) - Current key updated SecretKey(id = c21ae4fa-8f3b-41ea-8041-760a9eac3a65, creation at: 2024-03-20T21:08:27.172Z, expire at: 2024-03-20T21:08:30.172Z)
2024-03-20 21:08:27,177 [1ba87fbc-452a-4836-9768-c65c67837df8@group-8B04330EF271-StateMachineUpdater] INFO  symmetric.LocalSecretKeyStore (LocalSecretKeyStore.java:save(109)) - Saved [SecretKey(id = c21ae4fa-8f3b-41ea-8041-760a9eac3a65, creation at: 2024-03-20T21:08:27.172Z, expire at: 2024-03-20T21:08:30.172Z), SecretKey(id = 9d01b0d8-d90e-4073-a910-f7970baec0af, creation at: 2024-03-20T21:08:26.133Z, expire at: 2024-03-20T21:08:29.133Z)] to file /home/runner/work/ozone/ozone/hadoop-ozone/integration-test/target/test-dir/MiniOzoneClusterImpl-bb4c8f07-45f9-422c-bd0c-8b04330ef271/scmNode-1/scm/keys/secret_keys.json
2024-03-20 21:08:27,177 [1ba87fbc-452a-4836-9768-c65c67837df8@group-8B04330EF271-StateMachineUpdater] INFO  safemode.HealthyPipelineSafeModeRule (HealthyPipelineSafeModeRule.java:initializeRule(172)) - Refreshed total pipeline count is 0, healthy pipeline threshold count is 1
2024-03-20 21:08:27,614 [main] INFO  retry.RetryInvocationHandler (RetryInvocationHandler.java:log(422)) - com.google.protobuf.ServiceException: java.net.ConnectException: Call From fv-az1053-74/10.1.0.34 to localhost:15023 failed on connection exception: java.net.ConnectException: Connection refused; For more details see:  http://wiki.apache.org/hadoop/ConnectionRefused, while invoking $Proxy49.send over nodeId=scmNode-3,nodeAddress=/127.0.0.1:15023 after 3 failover attempts. Trying to failover after sleeping for 2000ms. Current retry count: 3.
2024-03-20 21:08:27,634 [IPC Server handler 1 on default port 15002] INFO  client.SCMCertificateClient (DefaultCertificateClient.java:getAllRootCaCerts(973)) - scm/sub-ca has 0 Root CA certificates
2024-03-20 21:08:27,634 [IPC Server handler 1 on default port 15002] INFO  client.SCMCertificateClient (DefaultCertificateClient.java:getAllCaCerts(981)) - scm/sub-ca has 1 CA certificates
2024-03-20 21:08:27,636 [1ba87fbc-452a-4836-9768-c65c67837df8-scm/sub-ca-refreshCACertificates] INFO  client.SCMCertificateClient (DefaultCertificateClient.java:getAllRootCaCerts(973)) - scm/sub-ca has 0 Root CA certificates
2024-03-20 21:08:27,636 [1ba87fbc-452a-4836-9768-c65c67837df8-scm/sub-ca-refreshCACertificates] INFO  client.SCMCertificateClient (DefaultCertificateClient.java:getAllCaCerts(981)) - scm/sub-ca has 1 CA certificates
2024-03-20 21:08:27,637 [1ba87fbc-452a-4836-9768-c65c67837df8-scm/sub-ca-refreshCACertificates] INFO  client.SCMCertificateClient (SCMCertificateClient.java:run(256)) - CA certificates are not changed.
2024-03-20 21:08:28,172 [scmNode-1-SecretKeyManagerService] INFO  symmetric.SecretKeyManager (SecretKeyManager.java:checkAndRotate(125)) - SecretKey rotation is happening, new key generated SecretKey(id = cfe7e27d-1a8e-48dc-a082-484c57858646, creation at: 2024-03-20T21:08:28.172Z, expire at: 2024-03-20T21:08:31.172Z)
2024-03-20 21:08:28,175 [1ba87fbc-452a-4836-9768-c65c67837df8@group-8B04330EF271-StateMachineUpdater] INFO  symmetric.SecretKeyStateImpl (SecretKeyStateImpl.java:updateKeysInternal(113)) - Updating keys with [SecretKey(id = c21ae4fa-8f3b-41ea-8041-760a9eac3a65, creation at: 2024-03-20T21:08:27.172Z, expire at: 2024-03-20T21:08:30.172Z), SecretKey(id = 9d01b0d8-d90e-4073-a910-f7970baec0af, creation at: 2024-03-20T21:08:26.133Z, expire at: 2024-03-20T21:08:29.133Z), SecretKey(id = cfe7e27d-1a8e-48dc-a082-484c57858646, creation at: 2024-03-20T21:08:28.172Z, expire at: 2024-03-20T21:08:31.172Z)]
2024-03-20 21:08:28,175 [1ba87fbc-452a-4836-9768-c65c67837df8@group-8B04330EF271-StateMachineUpdater] INFO  symmetric.SecretKeyStateImpl (SecretKeyStateImpl.java:updateKeysInternal(128)) - Current key updated SecretKey(id = cfe7e27d-1a8e-48dc-a082-484c57858646, creation at: 2024-03-20T21:08:28.172Z, expire at: 2024-03-20T21:08:31.172Z)
2024-03-20 21:08:28,176 [1ba87fbc-452a-4836-9768-c65c67837df8@group-8B04330EF271-StateMachineUpdater] INFO  symmetric.LocalSecretKeyStore (LocalSecretKeyStore.java:save(109)) - Saved [SecretKey(id = cfe7e27d-1a8e-48dc-a082-484c57858646, creation at: 2024-03-20T21:08:28.172Z, expire at: 2024-03-20T21:08:31.172Z), SecretKey(id = c21ae4fa-8f3b-41ea-8041-760a9eac3a65, creation at: 2024-03-20T21:08:27.172Z, expire at: 2024-03-20T21:08:30.172Z), SecretKey(id = 9d01b0d8-d90e-4073-a910-f7970baec0af, creation at: 2024-03-20T21:08:26.133Z, expire at: 2024-03-20T21:08:29.133Z)] to file /home/runner/work/ozone/ozone/hadoop-ozone/integration-test/target/test-dir/MiniOzoneClusterImpl-bb4c8f07-45f9-422c-bd0c-8b04330ef271/scmNode-1/scm/keys/secret_keys.json
2024-03-20 21:08:28,176 [1ba87fbc-452a-4836-9768-c65c67837df8@group-8B04330EF271-StateMachineUpdater] INFO  safemode.HealthyPipelineSafeModeRule (HealthyPipelineSafeModeRule.java:initializeRule(172)) - Refreshed total pipeline count is 0, healthy pipeline threshold count is 1
2024-03-20 21:08:29,172 [scmNode-1-SecretKeyManagerService] INFO  symmetric.SecretKeyManager (SecretKeyManager.java:checkAndRotate(125)) - SecretKey rotation is happening, new key generated SecretKey(id = 61470185-16b8-4b45-8157-4ea89e2423b7, creation at: 2024-03-20T21:08:29.172Z, expire at: 2024-03-20T21:08:32.172Z)
2024-03-20 21:08:29,175 [1ba87fbc-452a-4836-9768-c65c67837df8@group-8B04330EF271-StateMachineUpdater] INFO  symmetric.SecretKeyStateImpl (SecretKeyStateImpl.java:updateKeysInternal(113)) - Updating keys with [SecretKey(id = cfe7e27d-1a8e-48dc-a082-484c57858646, creation at: 2024-03-20T21:08:28.172Z, expire at: 2024-03-20T21:08:31.172Z), SecretKey(id = c21ae4fa-8f3b-41ea-8041-760a9eac3a65, creation at: 2024-03-20T21:08:27.172Z, expire at: 2024-03-20T21:08:30.172Z), SecretKey(id = 61470185-16b8-4b45-8157-4ea89e2423b7, creation at: 2024-03-20T21:08:29.172Z, expire at: 2024-03-20T21:08:32.172Z)]
2024-03-20 21:08:29,175 [1ba87fbc-452a-4836-9768-c65c67837df8@group-8B04330EF271-StateMachineUpdater] INFO  symmetric.SecretKeyStateImpl (SecretKeyStateImpl.java:updateKeysInternal(128)) - Current key updated SecretKey(id = 61470185-16b8-4b45-8157-4ea89e2423b7, creation at: 2024-03-20T21:08:29.172Z, expire at: 2024-03-20T21:08:32.172Z)
2024-03-20 21:08:29,176 [1ba87fbc-452a-4836-9768-c65c67837df8@group-8B04330EF271-StateMachineUpdater] INFO  symmetric.LocalSecretKeyStore (LocalSecretKeyStore.java:save(109)) - Saved [SecretKey(id = 61470185-16b8-4b45-8157-4ea89e2423b7, creation at: 2024-03-20T21:08:29.172Z, expire at: 2024-03-20T21:08:32.172Z), SecretKey(id = cfe7e27d-1a8e-48dc-a082-484c57858646, creation at: 2024-03-20T21:08:28.172Z, expire at: 2024-03-20T21:08:31.172Z), SecretKey(id = c21ae4fa-8f3b-41ea-8041-760a9eac3a65, creation at: 2024-03-20T21:08:27.172Z, expire at: 2024-03-20T21:08:30.172Z)] to file /home/runner/work/ozone/ozone/hadoop-ozone/integration-test/target/test-dir/MiniOzoneClusterImpl-bb4c8f07-45f9-422c-bd0c-8b04330ef271/scmNode-1/scm/keys/secret_keys.json
2024-03-20 21:08:29,176 [1ba87fbc-452a-4836-9768-c65c67837df8@group-8B04330EF271-StateMachineUpdater] INFO  safemode.HealthyPipelineSafeModeRule (HealthyPipelineSafeModeRule.java:initializeRule(172)) - Refreshed total pipeline count is 0, healthy pipeline threshold count is 1
2024-03-20 21:08:29,640 [main] INFO  ha.HASecurityUtils (HASecurityUtils.java:initializeSecurity(81)) - Initializing secure StorageContainerManager.
2024-03-20 21:08:29,641 [main] INFO  ha.SCMNodeInfo (SCMNodeInfo.java:getPort(197)) - ConfigKey ozone.scm.client.address is deprecated, For configuring different ports for each SCM use PortConfigKey ozone.scm.client.port appended with serviceId and nodeId
2024-03-20 21:08:29,641 [main] INFO  ha.SCMNodeInfo (SCMNodeInfo.java:getPort(197)) - ConfigKey ozone.scm.block.client.address is deprecated, For configuring different ports for each SCM use PortConfigKey ozone.scm.block.client.port appended with serviceId and nodeId
2024-03-20 21:08:29,641 [main] INFO  ha.SCMNodeInfo (SCMNodeInfo.java:getPort(197)) - ConfigKey ozone.scm.security.service.address is deprecated, For configuring different ports for each SCM use PortConfigKey ozone.scm.security.service.port appended with serviceId and nodeId
2024-03-20 21:08:29,642 [main] INFO  ha.SCMNodeInfo (SCMNodeInfo.java:getPort(197)) - ConfigKey ozone.scm.datanode.address is deprecated, For configuring different ports for each SCM use PortConfigKey ozone.scm.datanode.port appended with serviceId and nodeId
2024-03-20 21:08:29,642 [main] INFO  ha.SCMNodeInfo (SCMNodeInfo.java:getPort(197)) - ConfigKey ozone.scm.client.address is deprecated, For configuring different ports for each SCM use PortConfigKey ozone.scm.client.port appended with serviceId and nodeId
2024-03-20 21:08:29,642 [main] INFO  ha.SCMNodeInfo (SCMNodeInfo.java:getPort(197)) - ConfigKey ozone.scm.block.client.address is deprecated, For configuring different ports for each SCM use PortConfigKey ozone.scm.block.client.port appended with serviceId and nodeId
2024-03-20 21:08:29,642 [main] INFO  ha.SCMNodeInfo (SCMNodeInfo.java:getPort(197)) - ConfigKey ozone.scm.security.service.address is deprecated, For configuring different ports for each SCM use PortConfigKey ozone.scm.security.service.port appended with serviceId and nodeId
2024-03-20 21:08:29,642 [main] INFO  ha.SCMNodeInfo (SCMNodeInfo.java:getPort(197)) - ConfigKey ozone.scm.datanode.address is deprecated, For configuring different ports for each SCM use PortConfigKey ozone.scm.datanode.port appended with serviceId and nodeId
2024-03-20 21:08:29,643 [main] INFO  client.SCMCertificateClient (DefaultCertificateClient.java:updateCertSerialId(1313)) - Certificate serial ID set to null
2024-03-20 21:08:29,643 [main] ERROR client.SCMCertificateClient (DefaultCertificateClient.java:getCertPath(376)) - Default certificate serial id is not set. Can't locate the default certificate for this client.
2024-03-20 21:08:29,643 [main] INFO  client.SCMCertificateClient (DefaultCertificateClient.java:init(720)) - Certificate client init case: 0
2024-03-20 21:08:29,643 [main] INFO  client.SCMCertificateClient (DefaultCertificateClient.java:handleCase(738)) - Creating keypair for client as keypair and certificate not found.
2024-03-20 21:08:29,813 [main] INFO  client.SCMCertificateClient (SCMCertificateClient.java:recoverStateIfNeeded(285)) - Init response: GETCERT
2024-03-20 21:08:29,813 [main] INFO  client.SCMCertificateClient (SCMCertificateClient.java:getCSRBuilder(145)) - Creating csr for SCM->hostName:localhost,scmId:be2411e5-a42d-476f-b25b-d7f87790d2c1,clusterId:bb4c8f07-45f9-422c-bd0c-8b04330ef271,subject:scm-sub@localhost
2024-03-20 21:08:29,813 [main] INFO  ozone.OzoneSecurityUtil (OzoneSecurityUtil.java:getValidInetsForCurrentHost(119)) - ip:fe80:0:0:0:6245:bdff:feae:494f%eth0 not returned.
2024-03-20 21:08:29,814 [main] INFO  ozone.OzoneSecurityUtil (OzoneSecurityUtil.java:getValidInetsForCurrentHost(116)) - Adding ip:10.1.0.34,host:fv-az1053-74.1e55wlyavovu3ma4fylbaqc4gd.phxx.internal.cloudapp.net
2024-03-20 21:08:29,814 [main] INFO  ozone.OzoneSecurityUtil (OzoneSecurityUtil.java:getValidInetsForCurrentHost(119)) - ip:0:0:0:0:0:0:0:1%lo not returned.
2024-03-20 21:08:29,814 [main] INFO  ozone.OzoneSecurityUtil (OzoneSecurityUtil.java:getValidInetsForCurrentHost(119)) - ip:127.0.0.1 not returned.
2024-03-20 21:08:29,830 [Socket Reader #1 for port 15002] INFO  ipc.Server (Server.java:saslProcess(2139)) - Auth successful for scm/fv-az1053-74.1e55wlyavovu3ma4fylbaqc4gd.phxx.internal.cloudapp.net@EXAMPLE.COM (auth:KERBEROS) from fv-az1053-74.1e55wlyavovu3ma4fylbaqc4gd.phxx.internal.cloudapp.net:46497 / 10.1.0.34:46497
2024-03-20 21:08:29,838 [Socket Reader #1 for port 15002] INFO  authorize.ServiceAuthorizationManager (ServiceAuthorizationManager.java:authorize(137)) - Authorization successful for scm/fv-az1053-74.1e55wlyavovu3ma4fylbaqc4gd.phxx.internal.cloudapp.net@EXAMPLE.COM (auth:KERBEROS) for protocol=interface org.apache.hadoop.hdds.protocol.SCMSecurityProtocol
2024-03-20 21:08:29,838 [IPC Server handler 0 on default port 15002] INFO  server.SCMSecurityProtocolServer (SCMSecurityProtocolServer.java:getSCMCertificate(341)) - Processing CSR for scm localhost, nodeId: be2411e5-a42d-476f-b25b-d7f87790d2c1
2024-03-20 21:08:29,843 [1ba87fbc-452a-4836-9768-c65c67837df8@group-8B04330EF271-StateMachineUpdater] WARN  ha.SequenceIdGenerator (SequenceIdGenerator.java:allocateBatch(258)) - Failed to allocate a batch for CertificateId, expected lastId is 0, actual lastId is 2.
2024-03-20 21:08:29,846 [1ba87fbc-452a-4836-9768-c65c67837df8@group-8B04330EF271-StateMachineUpdater] INFO  safemode.HealthyPipelineSafeModeRule (HealthyPipelineSafeModeRule.java:initializeRule(172)) - Refreshed total pipeline count is 0, healthy pipeline threshold count is 1
2024-03-20 21:08:29,849 [1ba87fbc-452a-4836-9768-c65c67837df8@group-8B04330EF271-StateMachineUpdater] INFO  safemode.HealthyPipelineSafeModeRule (HealthyPipelineSafeModeRule.java:initializeRule(172)) - Refreshed total pipeline count is 0, healthy pipeline threshold count is 1
2024-03-20 21:08:29,849 [IPC Server handler 0 on default port 15002] INFO  ha.SequenceIdGenerator (SequenceIdGenerator.java:getNextId(145)) - Allocate a batch for CertificateId, change lastId from 2 to 3.
2024-03-20 21:08:29,852 [IPC Server handler 0 on default port 15002] INFO  authority.DefaultApprover (DefaultApprover.java:sign(157)) - Extensions in CSR: 2.5.29.19, 2.5.29.15, 2.5.29.17
2024-03-20 21:08:29,853 [IPC Server handler 0 on default port 15002] INFO  authority.DefaultApprover (DefaultApprover.java:sign(161)) - Extensions to add to the certificate if they present in CSR: 2.5.29.17, 2.5.29.19, 1.3.6.1.5.5.7.1.12, 2.5.29.35, 2.5.29.37, 2.5.29.15
2024-03-20 21:08:30,110 [1ba87fbc-452a-4836-9768-c65c67837df8@group-8B04330EF271-StateMachineUpdater] INFO  server.SCMCertStore (SCMCertStore.java:storeValidScmCertificate(122)) - Scm certificate 3 for CN=scm-sub@localhost,OU=be2411e5-a42d-476f-b25b-d7f87790d2c1,O=bb4c8f07-45f9-422c-bd0c-8b04330ef271,SERIALNUMBER=3 is stored
2024-03-20 21:08:30,111 [1ba87fbc-452a-4836-9768-c65c67837df8@group-8B04330EF271-StateMachineUpdater] INFO  safemode.HealthyPipelineSafeModeRule (HealthyPipelineSafeModeRule.java:initializeRule(172)) - Refreshed total pipeline count is 0, healthy pipeline threshold count is 1
2024-03-20 21:08:30,129 [main] INFO  utils.CertificateCodec (CertificateCodec.java:writeCertificate(299)) - Save certificate to /home/runner/work/ozone/ozone/hadoop-ozone/integration-test/target/test-dir/MiniOzoneClusterImpl-bb4c8f07-45f9-422c-bd0c-8b04330ef271/scmNode-2/scm/sub-ca/certs/CA-1.crt
2024-03-20 21:08:30,129 [main] INFO  utils.CertificateCodec (CertificateCodec.java:writeCertificate(300)) - Certificate -----BEGIN CERTIFICATE-----
MIID/zCCAuegAwIBAgIBATANBgkqhkiG9w0BAQsFADCBhTEZMBcGA1UEAwwQc2Nt
QGZ2LWF6MTA1My03NDEtMCsGA1UECwwkMWJhODdmYmMtNDUyYS00ODM2LTk3Njgt
YzY1YzY3ODM3ZGY4MS0wKwYDVQQKDCRiYjRjOGYwNy00NWY5LTQyMmMtYmQwYy04
YjA0MzMwZWYyNzExCjAIBgNVBAUTATEwHhcNMjQwMzIwMjEwODEyWhcNMjkwNDI4
MjEwODEyWjCBhTEZMBcGA1UEAwwQc2NtQGZ2LWF6MTA1My03NDEtMCsGA1UECwwk
MWJhODdmYmMtNDUyYS00ODM2LTk3NjgtYzY1YzY3ODM3ZGY4MS0wKwYDVQQKDCRi
YjRjOGYwNy00NWY5LTQyMmMtYmQwYy04YjA0MzMwZWYyNzExCjAIBgNVBAUTATEw
ggEiMA0GCSqGSIb3DQEBAQUAA4IBDwAwggEKAoIBAQC/m2LgdUeuFIMf11f1imlJ
ntpXNSG/DAXbhJLInVrNBk9r/+QierA29eQ4BztXjKki+snZ7xcCnCMTQ4hMzD2I
hYfquZKgsxO5OFvDykvs5PKV/kb18GODRIpXoBHiELfOvtwLW6KPy2ftAe5IUO1H
aDknb8dfAKwjZ0Rlrs8lxA0ejWJ36Ys5RcrkS6Gl25OeARPysuEF8jbU/7oQiidJ
T53Mxanb22KmCIsHcLtsQ5bhQu4YIOaqi2cvMUfeu89996AjFrWXBdSFTQFiuIn6
Z3QSCOktXhltlJaRZpTkO/lo4FDeEbQdTEoKH56HZi381mbbefJmNDWdkISPWDQ/
AgMBAAGjeDB2MA8GA1UdEwEB/wQFMAMBAf8wDgYDVR0PAQH/BAQDAgEGMFMGA1Ud
EQRMMEqHBAoBACKCQmZ2LWF6MTA1My03NC4xZTU1d2x5YXZvdnUzbWE0ZnlsYmFx
YzRnZC5waHh4LmludGVybmFsLmNsb3VkYXBwLm5ldDANBgkqhkiG9w0BAQsFAAOC
AQEAiW+KGH2yWPzDgMIJUWsJcnTrIDzIs+IZTcx38oYdVSeE+ftuG/4idvpxB7Ob
GLr33mY/gmGkhQsuOSWFb0zMdcH5UZGUrQNUJ+5u+V/2C1ldylIRsRnfWjjIQYuV
8ZWJ8rCzB2Yj9jaWc2CsNNvwHk01Q29xqSypRKUHbYPvYDPFYs1/8Aq1BzSlrevZ
peYH4cVQTFmVfnSQG3DuvN7jQ+4GRZeJBXuDJKQDNadgan185Dz9vRgzsRMoLEiL
UdFP/+HeC0S1zHXqff9UlKDfGFC24BwvM4ku/bH6nr845BaT5Gyh6KzCSAyvPV1E
HatInUC4mAqYvqZHmUFIj3ldKA==
-----END CERTIFICATE-----

2024-03-20 21:08:30,130 [main] INFO  utils.CertificateCodec (CertificateCodec.java:writeCertificate(299)) - Save certificate to /home/runner/work/ozone/ozone/hadoop-ozone/integration-test/target/test-dir/MiniOzoneClusterImpl-bb4c8f07-45f9-422c-bd0c-8b04330ef271/scmNode-2/scm/sub-ca/certs/3.crt
2024-03-20 21:08:30,130 [main] INFO  utils.CertificateCodec (CertificateCodec.java:writeCertificate(300)) - Certificate -----BEGIN CERTIFICATE-----
MIIEADCCAuigAwIBAgIBAzANBgkqhkiG9w0BAQsFADCBhTEZMBcGA1UEAwwQc2Nt
QGZ2LWF6MTA1My03NDEtMCsGA1UECwwkMWJhODdmYmMtNDUyYS00ODM2LTk3Njgt
YzY1YzY3ODM3ZGY4MS0wKwYDVQQKDCRiYjRjOGYwNy00NWY5LTQyMmMtYmQwYy04
YjA0MzMwZWYyNzExCjAIBgNVBAUTATEwHhcNMjQwMzIwMjEwODI5WhcNMjkwNDI4
MjEwODI5WjCBhjEaMBgGA1UEAwwRc2NtLXN1YkBsb2NhbGhvc3QxLTArBgNVBAsM
JGJlMjQxMWU1LWE0MmQtNDc2Zi1iMjViLWQ3Zjg3NzkwZDJjMTEtMCsGA1UECgwk
YmI0YzhmMDctNDVmOS00MjJjLWJkMGMtOGIwNDMzMGVmMjcxMQowCAYDVQQFEwEz
MIIBIjANBgkqhkiG9w0BAQEFAAOCAQ8AMIIBCgKCAQEAkJVFybmspBU2Gtkrc7g3
+bTAlonNtvQqHG5/1eMUt1ODS/mx9yCX1LgbTb8o7srTSLZBdF9i5Gszs8HNdd1n
mJWm4i1gXAfd8a8XZNjPTiA70AX1IkPvrJBqgjbTSJQITBePTN9aJJxADS1Awy/Q
rzujQI+HKFfBxRV/WDL93kGA0tv69FOGzlodMfvnviayhpiQJvwNoqsFKBWK3xA3
G6Qva/brTDnq2BqLk+nTGXlmAIg4TMev596oIqOkhBFlx2ZWAnfSKt3DzlnksjU8
wUjO3fM0Idrkf1YW+6icK4610swOHNQPAFSlJ+Ej2wDKkXelGvYh08d6uKf7yYqu
xwIDAQABo3gwdjBTBgNVHREETDBKhwQKAQAigkJmdi1hejEwNTMtNzQuMWU1NXds
eWF2b3Z1M21hNGZ5bGJhcWM0Z2QucGh4eC5pbnRlcm5hbC5jbG91ZGFwcC5uZXQw
DwYDVR0TAQH/BAUwAwEB/zAOBgNVHQ8BAf8EBAMCAb4wDQYJKoZIhvcNAQELBQAD
ggEBAHZyl7iImpczL9Eh0xBs59z0VcyEzuYfvC77ydrVl0sNziN5J3pelpJikl+L
O2kjGathLDv8956hEcfhH8zySYtusP8gCi2+lFA34Qla7S2bKbijnoi8gOXFH/Fx
r1Y8CmkghzCqIaYYYukQ+7uVdBgAEtVLM6zKSLnaOiVX+f60czG/WHZtRcihTAIt
F9LGanmEx6B2eaz9jEsA7KyP8bmRhZsSMQfnt5CQQbKYMP5DKjHUlG/fPPRCY2zx
/qd7+Oo2nNqBbDYVCxgFkgGn02EbVD+W6cPokXy/MVWBMlwi7pvxYkChDsr0yTty
tDOolRwg8p+2zDJUe8HCS2dzTzg=
-----END CERTIFICATE-----

-----BEGIN CERTIFICATE-----
MIID/zCCAuegAwIBAgIBATANBgkqhkiG9w0BAQsFADCBhTEZMBcGA1UEAwwQc2Nt
QGZ2LWF6MTA1My03NDEtMCsGA1UECwwkMWJhODdmYmMtNDUyYS00ODM2LTk3Njgt
YzY1YzY3ODM3ZGY4MS0wKwYDVQQKDCRiYjRjOGYwNy00NWY5LTQyMmMtYmQwYy04
YjA0MzMwZWYyNzExCjAIBgNVBAUTATEwHhcNMjQwMzIwMjEwODEyWhcNMjkwNDI4
MjEwODEyWjCBhTEZMBcGA1UEAwwQc2NtQGZ2LWF6MTA1My03NDEtMCsGA1UECwwk
MWJhODdmYmMtNDUyYS00ODM2LTk3NjgtYzY1YzY3ODM3ZGY4MS0wKwYDVQQKDCRi
YjRjOGYwNy00NWY5LTQyMmMtYmQwYy04YjA0MzMwZWYyNzExCjAIBgNVBAUTATEw
ggEiMA0GCSqGSIb3DQEBAQUAA4IBDwAwggEKAoIBAQC/m2LgdUeuFIMf11f1imlJ
ntpXNSG/DAXbhJLInVrNBk9r/+QierA29eQ4BztXjKki+snZ7xcCnCMTQ4hMzD2I
hYfquZKgsxO5OFvDykvs5PKV/kb18GODRIpXoBHiELfOvtwLW6KPy2ftAe5IUO1H
aDknb8dfAKwjZ0Rlrs8lxA0ejWJ36Ys5RcrkS6Gl25OeARPysuEF8jbU/7oQiidJ
T53Mxanb22KmCIsHcLtsQ5bhQu4YIOaqi2cvMUfeu89996AjFrWXBdSFTQFiuIn6
Z3QSCOktXhltlJaRZpTkO/lo4FDeEbQdTEoKH56HZi381mbbefJmNDWdkISPWDQ/
AgMBAAGjeDB2MA8GA1UdEwEB/wQFMAMBAf8wDgYDVR0PAQH/BAQDAgEGMFMGA1Ud
EQRMMEqHBAoBACKCQmZ2LWF6MTA1My03NC4xZTU1d2x5YXZvdnUzbWE0ZnlsYmFx
YzRnZC5waHh4LmludGVybmFsLmNsb3VkYXBwLm5ldDANBgkqhkiG9w0BAQsFAAOC
AQEAiW+KGH2yWPzDgMIJUWsJcnTrIDzIs+IZTcx38oYdVSeE+ftuG/4idvpxB7Ob
GLr33mY/gmGkhQsuOSWFb0zMdcH5UZGUrQNUJ+5u+V/2C1ldylIRsRnfWjjIQYuV
8ZWJ8rCzB2Yj9jaWc2CsNNvwHk01Q29xqSypRKUHbYPvYDPFYs1/8Aq1BzSlrevZ
peYH4cVQTFmVfnSQG3DuvN7jQ+4GRZeJBXuDJKQDNadgan185Dz9vRgzsRMoLEiL
UdFP/+HeC0S1zHXqff9UlKDfGFC24BwvM4ku/bH6nr845BaT5Gyh6KzCSAyvPV1E
HatInUC4mAqYvqZHmUFIj3ldKA==
-----END CERTIFICATE-----

2024-03-20 21:08:30,131 [main] INFO  utils.CertificateCodec (CertificateCodec.java:writeCertificate(299)) - Save certificate to /home/runner/work/ozone/ozone/hadoop-ozone/integration-test/target/test-dir/MiniOzoneClusterImpl-bb4c8f07-45f9-422c-bd0c-8b04330ef271/scmNode-2/scm/sub-ca/certs/certificate.crt
2024-03-20 21:08:30,131 [main] INFO  utils.CertificateCodec (CertificateCodec.java:writeCertificate(300)) - Certificate -----BEGIN CERTIFICATE-----
MIIEADCCAuigAwIBAgIBAzANBgkqhkiG9w0BAQsFADCBhTEZMBcGA1UEAwwQc2Nt
QGZ2LWF6MTA1My03NDEtMCsGA1UECwwkMWJhODdmYmMtNDUyYS00ODM2LTk3Njgt
YzY1YzY3ODM3ZGY4MS0wKwYDVQQKDCRiYjRjOGYwNy00NWY5LTQyMmMtYmQwYy04
YjA0MzMwZWYyNzExCjAIBgNVBAUTATEwHhcNMjQwMzIwMjEwODI5WhcNMjkwNDI4
MjEwODI5WjCBhjEaMBgGA1UEAwwRc2NtLXN1YkBsb2NhbGhvc3QxLTArBgNVBAsM
JGJlMjQxMWU1LWE0MmQtNDc2Zi1iMjViLWQ3Zjg3NzkwZDJjMTEtMCsGA1UECgwk
YmI0YzhmMDctNDVmOS00MjJjLWJkMGMtOGIwNDMzMGVmMjcxMQowCAYDVQQFEwEz
MIIBIjANBgkqhkiG9w0BAQEFAAOCAQ8AMIIBCgKCAQEAkJVFybmspBU2Gtkrc7g3
+bTAlonNtvQqHG5/1eMUt1ODS/mx9yCX1LgbTb8o7srTSLZBdF9i5Gszs8HNdd1n
mJWm4i1gXAfd8a8XZNjPTiA70AX1IkPvrJBqgjbTSJQITBePTN9aJJxADS1Awy/Q
rzujQI+HKFfBxRV/WDL93kGA0tv69FOGzlodMfvnviayhpiQJvwNoqsFKBWK3xA3
G6Qva/brTDnq2BqLk+nTGXlmAIg4TMev596oIqOkhBFlx2ZWAnfSKt3DzlnksjU8
wUjO3fM0Idrkf1YW+6icK4610swOHNQPAFSlJ+Ej2wDKkXelGvYh08d6uKf7yYqu
xwIDAQABo3gwdjBTBgNVHREETDBKhwQKAQAigkJmdi1hejEwNTMtNzQuMWU1NXds
eWF2b3Z1M21hNGZ5bGJhcWM0Z2QucGh4eC5pbnRlcm5hbC5jbG91ZGFwcC5uZXQw
DwYDVR0TAQH/BAUwAwEB/zAOBgNVHQ8BAf8EBAMCAb4wDQYJKoZIhvcNAQELBQAD
ggEBAHZyl7iImpczL9Eh0xBs59z0VcyEzuYfvC77ydrVl0sNziN5J3pelpJikl+L
O2kjGathLDv8956hEcfhH8zySYtusP8gCi2+lFA34Qla7S2bKbijnoi8gOXFH/Fx
r1Y8CmkghzCqIaYYYukQ+7uVdBgAEtVLM6zKSLnaOiVX+f60czG/WHZtRcihTAIt
F9LGanmEx6B2eaz9jEsA7KyP8bmRhZsSMQfnt5CQQbKYMP5DKjHUlG/fPPRCY2zx
/qd7+Oo2nNqBbDYVCxgFkgGn02EbVD+W6cPokXy/MVWBMlwi7pvxYkChDsr0yTty
tDOolRwg8p+2zDJUe8HCS2dzTzg=
-----END CERTIFICATE-----

-----BEGIN CERTIFICATE-----
MIID/zCCAuegAwIBAgIBATANBgkqhkiG9w0BAQsFADCBhTEZMBcGA1UEAwwQc2Nt
QGZ2LWF6MTA1My03NDEtMCsGA1UECwwkMWJhODdmYmMtNDUyYS00ODM2LTk3Njgt
YzY1YzY3ODM3ZGY4MS0wKwYDVQQKDCRiYjRjOGYwNy00NWY5LTQyMmMtYmQwYy04
YjA0MzMwZWYyNzExCjAIBgNVBAUTATEwHhcNMjQwMzIwMjEwODEyWhcNMjkwNDI4
MjEwODEyWjCBhTEZMBcGA1UEAwwQc2NtQGZ2LWF6MTA1My03NDEtMCsGA1UECwwk
MWJhODdmYmMtNDUyYS00ODM2LTk3NjgtYzY1YzY3ODM3ZGY4MS0wKwYDVQQKDCRi
YjRjOGYwNy00NWY5LTQyMmMtYmQwYy04YjA0MzMwZWYyNzExCjAIBgNVBAUTATEw
ggEiMA0GCSqGSIb3DQEBAQUAA4IBDwAwggEKAoIBAQC/m2LgdUeuFIMf11f1imlJ
ntpXNSG/DAXbhJLInVrNBk9r/+QierA29eQ4BztXjKki+snZ7xcCnCMTQ4hMzD2I
hYfquZKgsxO5OFvDykvs5PKV/kb18GODRIpXoBHiELfOvtwLW6KPy2ftAe5IUO1H
aDknb8dfAKwjZ0Rlrs8lxA0ejWJ36Ys5RcrkS6Gl25OeARPysuEF8jbU/7oQiidJ
T53Mxanb22KmCIsHcLtsQ5bhQu4YIOaqi2cvMUfeu89996AjFrWXBdSFTQFiuIn6
Z3QSCOktXhltlJaRZpTkO/lo4FDeEbQdTEoKH56HZi381mbbefJmNDWdkISPWDQ/
AgMBAAGjeDB2MA8GA1UdEwEB/wQFMAMBAf8wDgYDVR0PAQH/BAQDAgEGMFMGA1Ud
EQRMMEqHBAoBACKCQmZ2LWF6MTA1My03NC4xZTU1d2x5YXZvdnUzbWE0ZnlsYmFx
YzRnZC5waHh4LmludGVybmFsLmNsb3VkYXBwLm5ldDANBgkqhkiG9w0BAQsFAAOC
AQEAiW+KGH2yWPzDgMIJUWsJcnTrIDzIs+IZTcx38oYdVSeE+ftuG/4idvpxB7Ob
GLr33mY/gmGkhQsuOSWFb0zMdcH5UZGUrQNUJ+5u+V/2C1ldylIRsRnfWjjIQYuV
8ZWJ8rCzB2Yj9jaWc2CsNNvwHk01Q29xqSypRKUHbYPvYDPFYs1/8Aq1BzSlrevZ
peYH4cVQTFmVfnSQG3DuvN7jQ+4GRZeJBXuDJKQDNadgan185Dz9vRgzsRMoLEiL
UdFP/+HeC0S1zHXqff9UlKDfGFC24BwvM4ku/bH6nr845BaT5Gyh6KzCSAyvPV1E
HatInUC4mAqYvqZHmUFIj3ldKA==
-----END CERTIFICATE-----

2024-03-20 21:08:30,131 [main] INFO  client.SCMCertificateClient (SCMCertificateClient.java:recoverStateIfNeeded(296)) - Successfully stored SCM signed certificate.
2024-03-20 21:08:30,132 [main] INFO  server.StorageContainerManager (StorageContainerManager.java:scmBootstrap(1226)) - SCM BootStrap  is successful for ClusterID bb4c8f07-45f9-422c-bd0c-8b04330ef271, SCMID be2411e5-a42d-476f-b25b-d7f87790d2c1
2024-03-20 21:08:30,133 [main] INFO  server.StorageContainerManager (StorageContainerManager.java:scmBootstrap(1228)) - Primary SCM Node ID 1ba87fbc-452a-4836-9768-c65c67837df8
2024-03-20 21:08:30,133 [main] WARN  server.ServerUtils (ServerUtils.java:getScmDbDir(143)) - ozone.scm.db.dirs is not configured. We recommend adding this setting. Falling back to ozone.metadata.dirs instead.
2024-03-20 21:08:30,133 [main] INFO  ha.SCMHANodeDetails (SCMHANodeDetails.java:loadSCMHAConfig(207)) - ServiceID for StorageContainerManager is TestSecretKey
2024-03-20 21:08:30,133 [main] INFO  ha.SCMHANodeDetails (SCMHANodeDetails.java:loadSCMHAConfig(218)) - ServiceID for StorageContainerManager is TestSecretKey
2024-03-20 21:08:30,134 [main] WARN  scm.ScmUtils (ScmUtils.java:logWarn(192)) - ConfigKey ozone.scm.block.client.address is deprecated, For configuring different ports for each SCM use PortConfigKey ozone.scm.block.client.port appended with serviceId and nodeId. If want to configure same port configure ozone.scm.block.client.port
2024-03-20 21:08:30,134 [main] WARN  scm.ScmUtils (ScmUtils.java:logWarn(192)) - ConfigKey ozone.scm.client.address is deprecated, For configuring different ports for each SCM use PortConfigKey ozone.scm.client.port appended with serviceId and nodeId. If want to configure same port configure ozone.scm.client.port
2024-03-20 21:08:30,134 [main] WARN  scm.ScmUtils (ScmUtils.java:logWarn(192)) - ConfigKey ozone.scm.datanode.address is deprecated, For configuring different ports for each SCM use PortConfigKey ozone.scm.datanode.port appended with serviceId and nodeId. If want to configure same port configure ozone.scm.datanode.port
2024-03-20 21:08:30,134 [main] WARN  scm.ScmUtils (ScmUtils.java:logWarn(192)) - ConfigKey ozone.scm.block.client.address is deprecated, For configuring different ports for each SCM use PortConfigKey ozone.scm.block.client.port appended with serviceId and nodeId. If want to configure same port configure ozone.scm.block.client.port
2024-03-20 21:08:30,135 [main] WARN  scm.ScmUtils (ScmUtils.java:logWarn(192)) - ConfigKey ozone.scm.client.address is deprecated, For configuring different ports for each SCM use PortConfigKey ozone.scm.client.port appended with serviceId and nodeId. If want to configure same port configure ozone.scm.client.port
2024-03-20 21:08:30,135 [main] WARN  scm.ScmUtils (ScmUtils.java:logWarn(192)) - ConfigKey ozone.scm.datanode.address is deprecated, For configuring different ports for each SCM use PortConfigKey ozone.scm.datanode.port appended with serviceId and nodeId. If want to configure same port configure ozone.scm.datanode.port
2024-03-20 21:08:30,135 [main] INFO  ha.SCMHANodeDetails (SCMHANodeDetails.java:loadSCMHAConfig(305)) - Found matching SCM address with SCMServiceId: TestSecretKey, SCMNodeId: scmNode-2, RPC Address: localhost:15011 and Ratis port: 15011
2024-03-20 21:08:30,136 [main] INFO  ha.SCMHANodeDetails (ConfUtils.java:setNodeSpecificConfigs(97)) - Setting configuration key ozone.scm.datanode.address with value of key ozone.scm.datanode.address.TestSecretKey.scmNode-2: 127.0.0.1:15012
2024-03-20 21:08:30,136 [main] INFO  ha.SCMHANodeDetails (ConfUtils.java:setNodeSpecificConfigs(97)) - Setting configuration key ozone.scm.block.client.address with value of key ozone.scm.block.client.address.TestSecretKey.scmNode-2: 127.0.0.1:15015
2024-03-20 21:08:30,136 [main] INFO  ha.SCMHANodeDetails (ConfUtils.java:setNodeSpecificConfigs(97)) - Setting configuration key ozone.scm.client.address with value of key ozone.scm.client.address.TestSecretKey.scmNode-2: 127.0.0.1:15013
2024-03-20 21:08:30,136 [main] INFO  ha.SCMHANodeDetails (ConfUtils.java:setNodeSpecificConfigs(97)) - Setting configuration key ozone.scm.security.service.address with value of key ozone.scm.security.service.address.TestSecretKey.scmNode-2: 127.0.0.1:15010
2024-03-20 21:08:30,136 [main] INFO  ha.SCMHANodeDetails (ConfUtils.java:setNodeSpecificConfigs(97)) - Setting configuration key ozone.scm.ratis.port with value of key ozone.scm.ratis.port.TestSecretKey.scmNode-2: 15011
2024-03-20 21:08:30,137 [main] INFO  ha.SCMHANodeDetails (ConfUtils.java:setNodeSpecificConfigs(97)) - Setting configuration key ozone.scm.grpc.port with value of key ozone.scm.grpc.port.TestSecretKey.scmNode-2: 15014
2024-03-20 21:08:30,137 [main] INFO  ha.SCMHANodeDetails (ConfUtils.java:setNodeSpecificConfigs(97)) - Setting configuration key ozone.scm.http-address with value of key ozone.scm.http-address.TestSecretKey.scmNode-2: 127.0.0.1:15008
2024-03-20 21:08:30,137 [main] INFO  ha.SCMHANodeDetails (ConfUtils.java:setNodeSpecificConfigs(97)) - Setting configuration key ozone.scm.https-address with value of key ozone.scm.https-address.TestSecretKey.scmNode-2: 127.0.0.1:15009
2024-03-20 21:08:30,137 [main] INFO  ha.SCMHANodeDetails (ConfUtils.java:setNodeSpecificConfigs(97)) - Setting configuration key ozone.scm.address with value of key ozone.scm.address.TestSecretKey.scmNode-2: 127.0.0.1
2024-03-20 21:08:30,138 [main] WARN  scm.ScmUtils (ScmUtils.java:logWarn(192)) - ConfigKey ozone.scm.block.client.address is deprecated, For configuring different ports for each SCM use PortConfigKey ozone.scm.block.client.port appended with serviceId and nodeId. If want to configure same port configure ozone.scm.block.client.port
2024-03-20 21:08:30,138 [main] WARN  scm.ScmUtils (ScmUtils.java:logWarn(192)) - ConfigKey ozone.scm.client.address is deprecated, For configuring different ports for each SCM use PortConfigKey ozone.scm.client.port appended with serviceId and nodeId. If want to configure same port configure ozone.scm.client.port
2024-03-20 21:08:30,138 [main] WARN  scm.ScmUtils (ScmUtils.java:logWarn(192)) - ConfigKey ozone.scm.datanode.address is deprecated, For configuring different ports for each SCM use PortConfigKey ozone.scm.datanode.port appended with serviceId and nodeId. If want to configure same port configure ozone.scm.datanode.port
2024-03-20 21:08:30,140 [main] INFO  ha.SCMNodeInfo (SCMNodeInfo.java:getPort(197)) - ConfigKey ozone.scm.client.address is deprecated, For configuring different ports for each SCM use PortConfigKey ozone.scm.client.port appended with serviceId and nodeId
2024-03-20 21:08:30,140 [main] INFO  ha.SCMNodeInfo (SCMNodeInfo.java:getPort(197)) - ConfigKey ozone.scm.block.client.address is deprecated, For configuring different ports for each SCM use PortConfigKey ozone.scm.block.client.port appended with serviceId and nodeId
2024-03-20 21:08:30,140 [main] INFO  ha.SCMNodeInfo (SCMNodeInfo.java:getPort(197)) - ConfigKey ozone.scm.security.service.address is deprecated, For configuring different ports for each SCM use PortConfigKey ozone.scm.security.service.port appended with serviceId and nodeId
2024-03-20 21:08:30,141 [main] INFO  ha.SCMNodeInfo (SCMNodeInfo.java:getPort(197)) - ConfigKey ozone.scm.datanode.address is deprecated, For configuring different ports for each SCM use PortConfigKey ozone.scm.datanode.port appended with serviceId and nodeId
2024-03-20 21:08:30,141 [main] INFO  ha.SCMNodeInfo (SCMNodeInfo.java:getPort(197)) - ConfigKey ozone.scm.client.address is deprecated, For configuring different ports for each SCM use PortConfigKey ozone.scm.client.port appended with serviceId and nodeId
2024-03-20 21:08:30,141 [main] INFO  ha.SCMNodeInfo (SCMNodeInfo.java:getPort(197)) - ConfigKey ozone.scm.block.client.address is deprecated, For configuring different ports for each SCM use PortConfigKey ozone.scm.block.client.port appended with serviceId and nodeId
2024-03-20 21:08:30,141 [main] INFO  ha.SCMNodeInfo (SCMNodeInfo.java:getPort(197)) - ConfigKey ozone.scm.security.service.address is deprecated, For configuring different ports for each SCM use PortConfigKey ozone.scm.security.service.port appended with serviceId and nodeId
2024-03-20 21:08:30,142 [main] INFO  ha.SCMNodeInfo (SCMNodeInfo.java:getPort(197)) - ConfigKey ozone.scm.datanode.address is deprecated, For configuring different ports for each SCM use PortConfigKey ozone.scm.datanode.port appended with serviceId and nodeId
2024-03-20 21:08:30,142 [main] INFO  ha.SCMNodeInfo (SCMNodeInfo.java:getPort(197)) - ConfigKey ozone.scm.client.address is deprecated, For configuring different ports for each SCM use PortConfigKey ozone.scm.client.port appended with serviceId and nodeId
2024-03-20 21:08:30,142 [main] INFO  ha.SCMNodeInfo (SCMNodeInfo.java:getPort(197)) - ConfigKey ozone.scm.block.client.address is deprecated, For configuring different ports for each SCM use PortConfigKey ozone.scm.block.client.port appended with serviceId and nodeId
2024-03-20 21:08:30,142 [main] INFO  ha.SCMNodeInfo (SCMNodeInfo.java:getPort(197)) - ConfigKey ozone.scm.security.service.address is deprecated, For configuring different ports for each SCM use PortConfigKey ozone.scm.security.service.port appended with serviceId and nodeId
2024-03-20 21:08:30,142 [main] INFO  ha.SCMNodeInfo (SCMNodeInfo.java:getPort(197)) - ConfigKey ozone.scm.datanode.address is deprecated, For configuring different ports for each SCM use PortConfigKey ozone.scm.datanode.port appended with serviceId and nodeId
2024-03-20 21:08:30,145 [pool-1-thread-2] INFO  request.KdcRequest (KdcRequest.java:preauth(651)) - The preauth data is empty.
2024-03-20 21:08:30,146 [pool-1-thread-2] INFO  server.KdcHandler (KdcHandler.java:handleRecoverableException(177)) - KRB error occurred while processing request:Additional pre-authentication required
2024-03-20 21:08:30,151 [pool-1-thread-2] INFO  request.AsRequest (AsRequest.java:issueTicket(112)) - AS_REQ ISSUE: authtime 1710968910150,scm/fv-az1053-74.1e55wlyavovu3ma4fylbaqc4gd.phxx.internal.cloudapp.net@EXAMPLE.COM for krbtgt/EXAMPLE.COM@EXAMPLE.COM
2024-03-20 21:08:30,153 [main] INFO  security.UserGroupInformation (UserGroupInformation.java:loginUserFromKeytab(1132)) - Login successful for user scm/fv-az1053-74.1e55wlyavovu3ma4fylbaqc4gd.phxx.internal.cloudapp.net@EXAMPLE.COM using keytab file scm.keytab. Keytab auto renewal enabled : false
2024-03-20 21:08:30,153 [main] INFO  server.StorageContainerManager (StorageContainerManager.java:loginAsSCMUserIfSecurityEnabled(1075)) - SCM login successful.
2024-03-20 21:08:30,155 [main] INFO  ha.SCMNodeInfo (SCMNodeInfo.java:getPort(197)) - ConfigKey ozone.scm.client.address is deprecated, For configuring different ports for each SCM use PortConfigKey ozone.scm.client.port appended with serviceId and nodeId
2024-03-20 21:08:30,155 [main] INFO  ha.SCMNodeInfo (SCMNodeInfo.java:getPort(197)) - ConfigKey ozone.scm.block.client.address is deprecated, For configuring different ports for each SCM use PortConfigKey ozone.scm.block.client.port appended with serviceId and nodeId
2024-03-20 21:08:30,155 [main] INFO  ha.SCMNodeInfo (SCMNodeInfo.java:getPort(197)) - ConfigKey ozone.scm.security.service.address is deprecated, For configuring different ports for each SCM use PortConfigKey ozone.scm.security.service.port appended with serviceId and nodeId
2024-03-20 21:08:30,155 [main] INFO  ha.SCMNodeInfo (SCMNodeInfo.java:getPort(197)) - ConfigKey ozone.scm.datanode.address is deprecated, For configuring different ports for each SCM use PortConfigKey ozone.scm.datanode.port appended with serviceId and nodeId
2024-03-20 21:08:30,156 [main] INFO  ha.SCMNodeInfo (SCMNodeInfo.java:getPort(197)) - ConfigKey ozone.scm.client.address is deprecated, For configuring different ports for each SCM use PortConfigKey ozone.scm.client.port appended with serviceId and nodeId
2024-03-20 21:08:30,156 [main] INFO  ha.SCMNodeInfo (SCMNodeInfo.java:getPort(197)) - ConfigKey ozone.scm.block.client.address is deprecated, For configuring different ports for each SCM use PortConfigKey ozone.scm.block.client.port appended with serviceId and nodeId
2024-03-20 21:08:30,156 [main] INFO  ha.SCMNodeInfo (SCMNodeInfo.java:getPort(197)) - ConfigKey ozone.scm.security.service.address is deprecated, For configuring different ports for each SCM use PortConfigKey ozone.scm.security.service.port appended with serviceId and nodeId
2024-03-20 21:08:30,156 [main] INFO  ha.SCMNodeInfo (SCMNodeInfo.java:getPort(197)) - ConfigKey ozone.scm.datanode.address is deprecated, For configuring different ports for each SCM use PortConfigKey ozone.scm.datanode.port appended with serviceId and nodeId
2024-03-20 21:08:30,157 [main] INFO  ha.SCMNodeInfo (SCMNodeInfo.java:getPort(197)) - ConfigKey ozone.scm.client.address is deprecated, For configuring different ports for each SCM use PortConfigKey ozone.scm.client.port appended with serviceId and nodeId
2024-03-20 21:08:30,157 [main] INFO  ha.SCMNodeInfo (SCMNodeInfo.java:getPort(197)) - ConfigKey ozone.scm.block.client.address is deprecated, For configuring different ports for each SCM use PortConfigKey ozone.scm.block.client.port appended with serviceId and nodeId
2024-03-20 21:08:30,157 [main] INFO  ha.SCMNodeInfo (SCMNodeInfo.java:getPort(197)) - ConfigKey ozone.scm.security.service.address is deprecated, For configuring different ports for each SCM use PortConfigKey ozone.scm.security.service.port appended with serviceId and nodeId
2024-03-20 21:08:30,157 [main] INFO  ha.SCMNodeInfo (SCMNodeInfo.java:getPort(197)) - ConfigKey ozone.scm.datanode.address is deprecated, For configuring different ports for each SCM use PortConfigKey ozone.scm.datanode.port appended with serviceId and nodeId
2024-03-20 21:08:30,158 [main] INFO  ha.SCMNodeInfo (SCMNodeInfo.java:getPort(197)) - ConfigKey ozone.scm.client.address is deprecated, For configuring different ports for each SCM use PortConfigKey ozone.scm.client.port appended with serviceId and nodeId
2024-03-20 21:08:30,158 [main] INFO  ha.SCMNodeInfo (SCMNodeInfo.java:getPort(197)) - ConfigKey ozone.scm.block.client.address is deprecated, For configuring different ports for each SCM use PortConfigKey ozone.scm.block.client.port appended with serviceId and nodeId
2024-03-20 21:08:30,158 [main] INFO  ha.SCMNodeInfo (SCMNodeInfo.java:getPort(197)) - ConfigKey ozone.scm.security.service.address is deprecated, For configuring different ports for each SCM use PortConfigKey ozone.scm.security.service.port appended with serviceId and nodeId
2024-03-20 21:08:30,158 [main] INFO  ha.SCMNodeInfo (SCMNodeInfo.java:getPort(197)) - ConfigKey ozone.scm.datanode.address is deprecated, For configuring different ports for each SCM use PortConfigKey ozone.scm.datanode.port appended with serviceId and nodeId
2024-03-20 21:08:30,158 [main] INFO  ha.SCMNodeInfo (SCMNodeInfo.java:getPort(197)) - ConfigKey ozone.scm.client.address is deprecated, For configuring different ports for each SCM use PortConfigKey ozone.scm.client.port appended with serviceId and nodeId
2024-03-20 21:08:30,158 [main] INFO  ha.SCMNodeInfo (SCMNodeInfo.java:getPort(197)) - ConfigKey ozone.scm.block.client.address is deprecated, For configuring different ports for each SCM use PortConfigKey ozone.scm.block.client.port appended with serviceId and nodeId
2024-03-20 21:08:30,158 [main] INFO  ha.SCMNodeInfo (SCMNodeInfo.java:getPort(197)) - ConfigKey ozone.scm.security.service.address is deprecated, For configuring different ports for each SCM use PortConfigKey ozone.scm.security.service.port appended with serviceId and nodeId
2024-03-20 21:08:30,159 [main] INFO  ha.SCMNodeInfo (SCMNodeInfo.java:getPort(197)) - ConfigKey ozone.scm.datanode.address is deprecated, For configuring different ports for each SCM use PortConfigKey ozone.scm.datanode.port appended with serviceId and nodeId
2024-03-20 21:08:30,159 [main] INFO  ha.SCMNodeInfo (SCMNodeInfo.java:getPort(197)) - ConfigKey ozone.scm.client.address is deprecated, For configuring different ports for each SCM use PortConfigKey ozone.scm.client.port appended with serviceId and nodeId
2024-03-20 21:08:30,159 [main] INFO  ha.SCMNodeInfo (SCMNodeInfo.java:getPort(197)) - ConfigKey ozone.scm.block.client.address is deprecated, For configuring different ports for each SCM use PortConfigKey ozone.scm.block.client.port appended with serviceId and nodeId
2024-03-20 21:08:30,159 [main] INFO  ha.SCMNodeInfo (SCMNodeInfo.java:getPort(197)) - ConfigKey ozone.scm.security.service.address is deprecated, For configuring different ports for each SCM use PortConfigKey ozone.scm.security.service.port appended with serviceId and nodeId
2024-03-20 21:08:30,159 [main] INFO  ha.SCMNodeInfo (SCMNodeInfo.java:getPort(197)) - ConfigKey ozone.scm.datanode.address is deprecated, For configuring different ports for each SCM use PortConfigKey ozone.scm.datanode.port appended with serviceId and nodeId
2024-03-20 21:08:30,159 [main] INFO  client.SCMCertificateClient (DefaultCertificateClient.java:updateCertSerialId(1313)) - Certificate serial ID set to 3
2024-03-20 21:08:30,160 [main] INFO  client.SCMCertificateClient (DefaultCertificateClient.java:readCertificateFile(248)) - Added certificate 1 from file: /home/runner/work/ozone/ozone/hadoop-ozone/integration-test/target/test-dir/MiniOzoneClusterImpl-bb4c8f07-45f9-422c-bd0c-8b04330ef271/scmNode-2/scm/sub-ca/certs/CA-1.crt.
2024-03-20 21:08:30,162 [main] INFO  client.SCMCertificateClient (DefaultCertificateClient.java:readCertificateFile(248)) - Added certificate 3 from file: /home/runner/work/ozone/ozone/hadoop-ozone/integration-test/target/test-dir/MiniOzoneClusterImpl-bb4c8f07-45f9-422c-bd0c-8b04330ef271/scmNode-2/scm/sub-ca/certs/3.crt.
2024-03-20 21:08:30,163 [main] INFO  client.SCMCertificateClient (DefaultCertificateClient.java:readCertificateFile(248)) - Added certificate 3 from file: /home/runner/work/ozone/ozone/hadoop-ozone/integration-test/target/test-dir/MiniOzoneClusterImpl-bb4c8f07-45f9-422c-bd0c-8b04330ef271/scmNode-2/scm/sub-ca/certs/certificate.crt.
2024-03-20 21:08:30,163 [main] INFO  client.SCMCertificateClient (DefaultCertificateClient.java:loadAllCertificates(197)) - CertificateRenewerService and root ca rotation polling is disabled for scm/sub-ca
2024-03-20 21:08:30,163 [main] WARN  utils.HAUtils (HAUtils.java:getMetaDir(339)) - ozone.scm.db.dirs is not configured. We recommend adding this setting. Falling back to ozone.metadata.dirs instead.
2024-03-20 21:08:30,164 [main] WARN  db.DBStoreBuilder (DBStoreBuilder.java:applyDBDefinition(171)) - ozone.scm.db.dirs is not configured. We recommend adding this setting. Falling back to ozone.metadata.dirs instead.
2024-03-20 21:08:30,172 [scmNode-1-SecretKeyManagerService] INFO  symmetric.SecretKeyManager (SecretKeyManager.java:checkAndRotate(125)) - SecretKey rotation is happening, new key generated SecretKey(id = 7902a007-3ec8-4a47-910f-e08d066eea9f, creation at: 2024-03-20T21:08:30.172Z, expire at: 2024-03-20T21:08:33.172Z)
2024-03-20 21:08:30,175 [1ba87fbc-452a-4836-9768-c65c67837df8@group-8B04330EF271-StateMachineUpdater] INFO  symmetric.SecretKeyStateImpl (SecretKeyStateImpl.java:updateKeysInternal(113)) - Updating keys with [SecretKey(id = 61470185-16b8-4b45-8157-4ea89e2423b7, creation at: 2024-03-20T21:08:29.172Z, expire at: 2024-03-20T21:08:32.172Z), SecretKey(id = cfe7e27d-1a8e-48dc-a082-484c57858646, creation at: 2024-03-20T21:08:28.172Z, expire at: 2024-03-20T21:08:31.172Z), SecretKey(id = c21ae4fa-8f3b-41ea-8041-760a9eac3a65, creation at: 2024-03-20T21:08:27.172Z, expire at: 2024-03-20T21:08:30.172Z), SecretKey(id = 7902a007-3ec8-4a47-910f-e08d066eea9f, creation at: 2024-03-20T21:08:30.172Z, expire at: 2024-03-20T21:08:33.172Z)]
2024-03-20 21:08:30,175 [1ba87fbc-452a-4836-9768-c65c67837df8@group-8B04330EF271-StateMachineUpdater] INFO  symmetric.SecretKeyStateImpl (SecretKeyStateImpl.java:updateKeysInternal(128)) - Current key updated SecretKey(id = 7902a007-3ec8-4a47-910f-e08d066eea9f, creation at: 2024-03-20T21:08:30.172Z, expire at: 2024-03-20T21:08:33.172Z)
2024-03-20 21:08:30,176 [1ba87fbc-452a-4836-9768-c65c67837df8@group-8B04330EF271-StateMachineUpdater] INFO  symmetric.LocalSecretKeyStore (LocalSecretKeyStore.java:save(109)) - Saved [SecretKey(id = 7902a007-3ec8-4a47-910f-e08d066eea9f, creation at: 2024-03-20T21:08:30.172Z, expire at: 2024-03-20T21:08:33.172Z), SecretKey(id = 61470185-16b8-4b45-8157-4ea89e2423b7, creation at: 2024-03-20T21:08:29.172Z, expire at: 2024-03-20T21:08:32.172Z), SecretKey(id = cfe7e27d-1a8e-48dc-a082-484c57858646, creation at: 2024-03-20T21:08:28.172Z, expire at: 2024-03-20T21:08:31.172Z), SecretKey(id = c21ae4fa-8f3b-41ea-8041-760a9eac3a65, creation at: 2024-03-20T21:08:27.172Z, expire at: 2024-03-20T21:08:30.172Z)] to file /home/runner/work/ozone/ozone/hadoop-ozone/integration-test/target/test-dir/MiniOzoneClusterImpl-bb4c8f07-45f9-422c-bd0c-8b04330ef271/scmNode-1/scm/keys/secret_keys.json
2024-03-20 21:08:30,176 [1ba87fbc-452a-4836-9768-c65c67837df8@group-8B04330EF271-StateMachineUpdater] INFO  safemode.HealthyPipelineSafeModeRule (HealthyPipelineSafeModeRule.java:initializeRule(172)) - Refreshed total pipeline count is 0, healthy pipeline threshold count is 1
2024-03-20 21:08:30,248 [main] INFO  net.NodeSchemaLoader (NodeSchemaLoader.java:loadSchemaFromFile(129)) - Loading schema from [jar:file:/home/runner/.m2/repository/org/apache/ozone/hdds-common/1.5.0-SNAPSHOT/hdds-common-1.5.0-SNAPSHOT.jar!/network-topology-default.xml]
2024-03-20 21:08:30,248 [main] INFO  net.NodeSchemaLoader (NodeSchemaLoader.java:loadSchema(176)) - Loading network topology layer schema file
2024-03-20 21:08:30,251 [main] WARN  dropwizard3.Dm3MetricRegistriesImpl (Dm3MetricRegistriesImpl.java:addReporterRegistration(113)) - New reporters are added after registries were created. Some metrics will be missing from the reporter. Please add reporter before adding any new registry.
2024-03-20 21:08:30,251 [main] WARN  dropwizard3.Dm3MetricRegistriesImpl (Dm3MetricRegistriesImpl.java:addReporterRegistration(113)) - New reporters are added after registries were created. Some metrics will be missing from the reporter. Please add reporter before adding any new registry.
2024-03-20 21:08:30,265 [main] INFO  ha.SCMRatisServerImpl (SCMRatisServerImpl.java:<init>(99)) - starting Raft server for scm:be2411e5-a42d-476f-b25b-d7f87790d2c1
2024-03-20 21:08:30,267 [main] INFO  server.RaftServer (ConfUtils.java:logGet(46)) - raft.rpc.type = GRPC (default)
2024-03-20 21:08:30,267 [main] INFO  grpc.GrpcConfigKeys (ConfUtils.java:logFallback(53)) - raft.grpc.admin.host = null (fallback to raft.grpc.server.host)
2024-03-20 21:08:30,267 [main] INFO  grpc.GrpcConfigKeys (ConfUtils.java:logFallback(53)) - raft.grpc.admin.port = 15011 (fallback to raft.grpc.server.port)
2024-03-20 21:08:30,267 [main] INFO  grpc.GrpcConfigKeys (ConfUtils.java:logFallback(53)) - raft.grpc.client.host = null (fallback to raft.grpc.server.host)
2024-03-20 21:08:30,268 [main] INFO  grpc.GrpcConfigKeys (ConfUtils.java:logFallback(53)) - raft.grpc.client.port = 15011 (fallback to raft.grpc.server.port)
2024-03-20 21:08:30,268 [main] INFO  grpc.GrpcConfigKeys (ConfUtils.java:logGet(46)) - raft.grpc.server.host = null (default)
2024-03-20 21:08:30,268 [main] INFO  grpc.GrpcConfigKeys (ConfUtils.java:logGet(46)) - raft.grpc.server.port = 15011 (custom)
2024-03-20 21:08:30,268 [main] INFO  server.GrpcService (ConfUtils.java:logGet(46)) - raft.grpc.message.size.max = 32m (=33554432) (custom)
2024-03-20 21:08:30,268 [main] INFO  server.RaftServerConfigKeys (ConfUtils.java:logGet(46)) - raft.server.log.appender.buffer.byte-limit = 4194304 (custom)
2024-03-20 21:08:30,268 [main] INFO  server.GrpcService (ConfUtils.java:logGet(46)) - raft.grpc.flow.control.window = 1MB (=1048576) (default)
2024-03-20 21:08:30,269 [main] INFO  server.RaftServerConfigKeys (ConfUtils.java:logGet(46)) - raft.server.rpc.request.timeout = 30000ms (custom)
2024-03-20 21:08:30,269 [main] INFO  grpc.GrpcConfigKeys (ConfUtils.java:logGet(46)) - raft.grpc.server.heartbeat.channel = true (default)
2024-03-20 21:08:30,269 [main] INFO  grpc.GrpcConfigKeys (ConfUtils.java:logGet(46)) - raft.grpc.server.async.request.thread.pool.cached = true (default)
2024-03-20 21:08:30,269 [main] INFO  grpc.GrpcConfigKeys (ConfUtils.java:logGet(46)) - raft.grpc.server.async.request.thread.pool.size = 32 (default)
2024-03-20 21:08:30,271 [main] INFO  impl.DataStreamServerImpl (ConfUtils.java:logGet(46)) - raft.datastream.type = DISABLED (default)
2024-03-20 21:08:30,271 [main] INFO  server.RaftServerConfigKeys (ConfUtils.java:logGet(46)) - raft.server.sleep.deviation.threshold = 300ms (default)
2024-03-20 21:08:30,271 [main] INFO  server.RaftServerConfigKeys (ConfUtils.java:logGet(46)) - raft.server.close.threshold = 60s (default)
2024-03-20 21:08:30,271 [main] INFO  server.RaftServerConfigKeys (ConfUtils.java:logGet(46)) - raft.server.leaderelection.leader.step-down.wait-time = 10s (default)
2024-03-20 21:08:30,272 [main] INFO  server.RaftServerConfigKeys (ConfUtils.java:logGet(46)) - raft.server.storage.dir = [/home/runner/work/ozone/ozone/hadoop-ozone/integration-test/target/test-dir/MiniOzoneClusterImpl-bb4c8f07-45f9-422c-bd0c-8b04330ef271/scmNode-2/scm-ha] (custom)
2024-03-20 21:08:30,272 [main] INFO  server.RaftServerConfigKeys (ConfUtils.java:logGet(46)) - raft.server.threadpool.proxy.cached = true (default)
2024-03-20 21:08:30,272 [main] INFO  server.RaftServerConfigKeys (ConfUtils.java:logGet(46)) - raft.server.threadpool.proxy.size = 0 (default)
2024-03-20 21:08:30,273 [main] INFO  server.RaftServer (RaftServerProxy.java:addNew(100)) - be2411e5-a42d-476f-b25b-d7f87790d2c1: addNew group-8B04330EF271:[] returns group-8B04330EF271:java.util.concurrent.CompletableFuture@48ac2da4[Not completed]
2024-03-20 21:08:30,273 [be2411e5-a42d-476f-b25b-d7f87790d2c1-groupManagement] INFO  server.RaftServer$Division (RaftServerImpl.java:<init>(256)) - be2411e5-a42d-476f-b25b-d7f87790d2c1: new RaftServerImpl for group-8B04330EF271:[] with SCMStateMachine:uninitialized
2024-03-20 21:08:30,274 [be2411e5-a42d-476f-b25b-d7f87790d2c1-groupManagement] INFO  server.RaftServerConfigKeys (ConfUtils.java:logGet(46)) - raft.server.rpc.timeout.min = 5000ms (custom)
2024-03-20 21:08:30,274 [be2411e5-a42d-476f-b25b-d7f87790d2c1-groupManagement] INFO  server.RaftServerConfigKeys (ConfUtils.java:logGet(46)) - raft.server.rpc.timeout.max = 5200ms (custom)
2024-03-20 21:08:30,274 [be2411e5-a42d-476f-b25b-d7f87790d2c1-groupManagement] INFO  server.RaftServerConfigKeys (ConfUtils.java:logGet(46)) - raft.server.rpc.sleep.time = 25ms (default)
2024-03-20 21:08:30,274 [be2411e5-a42d-476f-b25b-d7f87790d2c1-groupManagement] INFO  server.RaftServerConfigKeys (ConfUtils.java:logGet(46)) - raft.server.rpc.slowness.timeout = 120000ms (custom)
2024-03-20 21:08:30,274 [be2411e5-a42d-476f-b25b-d7f87790d2c1-groupManagement] INFO  server.RaftServerConfigKeys (ConfUtils.java:logGet(46)) - raft.server.leaderelection.leader.step-down.wait-time = 10s (default)
2024-03-20 21:08:30,274 [be2411e5-a42d-476f-b25b-d7f87790d2c1-groupManagement] INFO  server.RaftServerConfigKeys (ConfUtils.java:logGet(46)) - raft.server.leaderelection.member.majority-add = false (default)
2024-03-20 21:08:30,274 [be2411e5-a42d-476f-b25b-d7f87790d2c1-groupManagement] INFO  server.RaftServerConfigKeys (ConfUtils.java:logGet(46)) - raft.server.sleep.deviation.threshold = 300ms (default)
2024-03-20 21:08:30,275 [be2411e5-a42d-476f-b25b-d7f87790d2c1-groupManagement] INFO  server.RaftServer$Division (ServerState.java:<init>(113)) - be2411e5-a42d-476f-b25b-d7f87790d2c1@group-8B04330EF271: ConfigurationManager, init=-1: peers:[]|listeners:[], old=null, confs=<EMPTY_MAP>
2024-03-20 21:08:30,275 [be2411e5-a42d-476f-b25b-d7f87790d2c1-groupManagement] INFO  server.RaftServerConfigKeys (ConfUtils.java:logGet(46)) - raft.server.notification.no-leader.timeout = 60s (default)
2024-03-20 21:08:30,275 [be2411e5-a42d-476f-b25b-d7f87790d2c1-groupManagement] INFO  server.RaftServerConfigKeys (ConfUtils.java:logGet(46)) - raft.server.read.timeout = 10s (default)
2024-03-20 21:08:30,275 [be2411e5-a42d-476f-b25b-d7f87790d2c1-groupManagement] INFO  server.RaftServerConfigKeys (ConfUtils.java:logGet(46)) - raft.server.retrycache.expirytime = 60000ms (default)
2024-03-20 21:08:30,275 [be2411e5-a42d-476f-b25b-d7f87790d2c1-groupManagement] INFO  server.RaftServerConfigKeys (ConfUtils.java:logGet(46)) - raft.server.retrycache.statistics.expirytime = 100ms (default)
2024-03-20 21:08:30,275 [be2411e5-a42d-476f-b25b-d7f87790d2c1-groupManagement] INFO  server.RaftServerConfigKeys (ConfUtils.java:logGet(46)) - raft.server.read.option = DEFAULT (default)
2024-03-20 21:08:30,275 [be2411e5-a42d-476f-b25b-d7f87790d2c1-groupManagement] INFO  server.RaftServerConfigKeys (ConfUtils.java:logGet(46)) - raft.server.read.read-after-write-consistent.write-index-cache.expiry-time = 60s (default)
2024-03-20 21:08:30,280 [be2411e5-a42d-476f-b25b-d7f87790d2c1-groupManagement] INFO  server.RaftServerConfigKeys (ConfUtils.java:logGet(46)) - raft.server.rpc.request.timeout = 30000ms (custom)
2024-03-20 21:08:30,280 [be2411e5-a42d-476f-b25b-d7f87790d2c1-groupManagement] INFO  server.RaftServerConfigKeys (ConfUtils.java:logGet(46)) - raft.server.log.appender.install.snapshot.enabled = false (custom)
2024-03-20 21:08:30,280 [be2411e5-a42d-476f-b25b-d7f87790d2c1-groupManagement] INFO  server.RaftServerConfigKeys (ConfUtils.java:logGet(46)) - raft.server.threadpool.server.cached = true (default)
2024-03-20 21:08:30,280 [be2411e5-a42d-476f-b25b-d7f87790d2c1-groupManagement] INFO  server.RaftServerConfigKeys (ConfUtils.java:logGet(46)) - raft.server.threadpool.server.size = 0 (default)
2024-03-20 21:08:30,280 [be2411e5-a42d-476f-b25b-d7f87790d2c1-groupManagement] INFO  server.RaftServerConfigKeys (ConfUtils.java:logGet(46)) - raft.server.threadpool.client.cached = true (default)
2024-03-20 21:08:30,280 [be2411e5-a42d-476f-b25b-d7f87790d2c1-groupManagement] INFO  server.RaftServerConfigKeys (ConfUtils.java:logGet(46)) - raft.server.threadpool.client.size = 0 (default)
2024-03-20 21:08:30,281 [main] INFO  ha.SCMSnapshotProvider (SCMSnapshotProvider.java:<init>(66)) - Initializing SCM Snapshot Provider
2024-03-20 21:08:30,281 [main] WARN  server.ServerUtils (ServerUtils.java:getDefaultRatisDirectory(311)) - Storage directory for Ratis is not configured. It is a good idea to map this to an SSD disk. Falling back to ozone.metadata.dirs
2024-03-20 21:08:30,281 [main] WARN  ha.SCMHAUtils (SCMHAUtils.java:getSCMRatisSnapshotDirectory(158)) - SCM snapshot dir is not configured. Falling back to ozone.metadata.dirs config
2024-03-20 21:08:30,282 [main] INFO  upgrade.AbstractLayoutVersionManager (AbstractLayoutVersionManager.java:init(83)) - Initializing Layout version manager with metadata layout = HADOOP_PRC_PORTS_IN_DATANODEDETAILS (version = 7), software layout = HADOOP_PRC_PORTS_IN_DATANODEDETAILS (version = 7)
2024-03-20 21:08:30,285 [main] INFO  ha.SequenceIdGenerator (SequenceIdGenerator.java:upgradeToSequenceId(370)) - upgrade localId to 113750153625600000
2024-03-20 21:08:30,287 [main] INFO  ha.SequenceIdGenerator (SequenceIdGenerator.java:upgradeToSequenceId(380)) - upgrade delTxnId to 0
2024-03-20 21:08:30,289 [main] INFO  ha.SequenceIdGenerator (SequenceIdGenerator.java:upgradeToSequenceId(397)) - upgrade containerId to 0
2024-03-20 21:08:30,291 [main] INFO  ha.SequenceIdGenerator (SequenceIdGenerator.java:upgradeToCertificateSequenceId(444)) - upgrade CertificateId to 2
2024-03-20 21:08:30,291 [main] INFO  ha.SequenceIdGenerator (SequenceIdGenerator.java:<init>(241)) - Init the HA SequenceIdGenerator.
2024-03-20 21:08:30,292 [main] WARN  server.ServerUtils (ServerUtils.java:sanitizeUserArgs(79)) - ozone.scm.stale.node.interval value = 300000 is larger than max = 100000 based on the key value of ozone.scm.heartbeat.thread.interval, reset to the max value 100000.
2024-03-20 21:08:30,292 [main] WARN  server.ServerUtils (ServerUtils.java:sanitizeUserArgs(79)) - ozone.scm.stale.node.interval value = 300000 is larger than max = 100000 based on the key value of ozone.scm.heartbeat.thread.interval, reset to the max value 100000.
2024-03-20 21:08:30,293 [main] INFO  node.SCMNodeManager (SCMNodeManager.java:<init>(177)) - Entering startup safe mode.
2024-03-20 21:08:30,294 [main] INFO  algorithms.ContainerPlacementPolicyFactory (ContainerPlacementPolicyFactory.java:getPolicyInternal(86)) - Create container placement policy of type org.apache.hadoop.hdds.scm.container.placement.algorithms.SCMContainerPlacementRackAware
2024-03-20 21:08:30,294 [main] INFO  algorithms.ContainerPlacementPolicyFactory (ContainerPlacementPolicyFactory.java:getPolicyInternal(86)) - Create container placement policy of type org.apache.hadoop.hdds.scm.container.placement.algorithms.SCMContainerPlacementRackScatter
2024-03-20 21:08:30,294 [main] INFO  pipeline.PipelineStateManagerImpl (PipelineStateManagerImpl.java:initialize(78)) - No pipeline exists in current db
2024-03-20 21:08:30,295 [main] INFO  algorithms.LeaderChoosePolicyFactory (LeaderChoosePolicyFactory.java:getPolicy(57)) - Create leader choose policy of type org.apache.hadoop.hdds.scm.pipeline.leader.choose.algorithms.MinLeaderCountChoosePolicy
2024-03-20 21:08:30,295 [main] INFO  algorithms.ContainerPlacementPolicyFactory (ContainerPlacementPolicyFactory.java:getPolicyInternal(86)) - Create container placement policy of type org.apache.hadoop.hdds.scm.container.placement.algorithms.SCMContainerPlacementRackScatter
2024-03-20 21:08:30,295 [main] INFO  ha.SCMServiceManager (SCMServiceManager.java:register(42)) - Registering service BackgroundPipelineCreator.
2024-03-20 21:08:30,296 [main] INFO  pipeline.BackgroundPipelineCreator (BackgroundPipelineCreator.java:start(127)) - Starting scmNode-2-RatisPipelineUtilsThread.
2024-03-20 21:08:30,296 [main] INFO  BackgroundPipelineScrubber (BackgroundSCMService.java:start(65)) - Starting BackgroundPipelineScrubber Service.
2024-03-20 21:08:30,296 [main] INFO  ha.SCMServiceManager (SCMServiceManager.java:register(42)) - Registering service BackgroundPipelineScrubber.
2024-03-20 21:08:30,297 [main] INFO  ExpiredContainerReplicaOpScrubber (BackgroundSCMService.java:start(65)) - Starting ExpiredContainerReplicaOpScrubber Service.
2024-03-20 21:08:30,300 [main] INFO  ha.SCMServiceManager (SCMServiceManager.java:register(42)) - Registering service ExpiredContainerReplicaOpScrubber.
2024-03-20 21:08:30,303 [main] INFO  algorithms.PipelineChoosePolicyFactory (PipelineChoosePolicyFactory.java:createPipelineChoosePolicyFromClass(80)) - Create pipeline choose policy of type org.apache.hadoop.hdds.scm.pipeline.choose.algorithms.RandomPipelineChoosePolicy
2024-03-20 21:08:30,303 [main] INFO  algorithms.PipelineChoosePolicyFactory (PipelineChoosePolicyFactory.java:createPipelineChoosePolicyFromClass(80)) - Create pipeline choose policy of type org.apache.hadoop.hdds.scm.pipeline.choose.algorithms.RandomPipelineChoosePolicy
2024-03-20 21:08:30,304 [main] INFO  ha.SCMServiceManager (SCMServiceManager.java:register(42)) - Registering service SCMBlockDeletingService.
2024-03-20 21:08:30,306 [main] INFO  replication.ReplicationManager (ReplicationManager.java:start(295)) - Starting Replication Monitor Thread.
2024-03-20 21:08:30,313 [scmNode-2-ReplicationMonitor] INFO  replication.ReplicationManager (ReplicationManager.java:processAll(371)) - Replication Manager is not ready to run until 3000ms after safemode exit
2024-03-20 21:08:30,313 [main] INFO  ha.SCMServiceManager (SCMServiceManager.java:register(42)) - Registering service ReplicationManager.
2024-03-20 21:08:30,317 [main] INFO  safemode.ContainerSafeModeRule (ContainerSafeModeRule.java:<init>(91)) - containers with one replica threshold count 0
2024-03-20 21:08:30,318 [main] INFO  safemode.HealthyPipelineSafeModeRule (HealthyPipelineSafeModeRule.java:initializeRule(176)) - Total pipeline count is 0, healthy pipeline threshold count is 1
2024-03-20 21:08:30,318 [main] INFO  safemode.OneReplicaPipelineSafeModeRule (OneReplicaPipelineSafeModeRule.java:initializeRule(193)) - Total pipeline count is 0, pipeline's with at least one datanode reported threshold count is 0
2024-03-20 21:08:30,319 [main] INFO  security.SecretKeyManagerService (SecretKeyManagerService.java:start(144)) - Scheduling rotation checker with interval PT0.1S
2024-03-20 21:08:30,320 [main] INFO  ha.SCMServiceManager (SCMServiceManager.java:register(42)) - Registering service SecretKeyManagerService.
2024-03-20 21:08:30,321 [main] INFO  authority.DefaultCAServer (DefaultCAServer.java:lambda$processVerificationStatus$0(467)) - CertificateServer validation is successful
2024-03-20 21:08:30,322 [main] INFO  ipc.CallQueueManager (CallQueueManager.java:<init>(90)) - Using callQueue: class java.util.concurrent.LinkedBlockingQueue, queueCapacity: 200, scheduler: class org.apache.hadoop.ipc.DefaultRpcScheduler, ipcBackoff: false.
2024-03-20 21:08:30,322 [main] INFO  ipc.Server (Server.java:<init>(1287)) - Listener at 0.0.0.0:15010
2024-03-20 21:08:30,323 [Socket Reader #1 for port 15010] INFO  ipc.Server (Server.java:run(1323)) - Starting Socket Reader #1 for port 15010
2024-03-20 21:08:30,333 [main] INFO  server.StorageContainerManager (StorageContainerManager.java:<init>(440)) - SCM start with adminUsers: [runner, scm]
2024-03-20 21:08:30,334 [main] INFO  ipc.CallQueueManager (CallQueueManager.java:<init>(90)) - Using callQueue: class java.util.concurrent.LinkedBlockingQueue, queueCapacity: 10000, scheduler: class org.apache.hadoop.ipc.DefaultRpcScheduler, ipcBackoff: false.
2024-03-20 21:08:30,334 [main] INFO  ipc.Server (Server.java:<init>(1287)) - Listener at 0.0.0.0:15012
2024-03-20 21:08:30,335 [Socket Reader #1 for port 15012] INFO  ipc.Server (Server.java:run(1323)) - Starting Socket Reader #1 for port 15012
2024-03-20 21:08:30,339 [main] INFO  ipc.CallQueueManager (CallQueueManager.java:<init>(90)) - Using callQueue: class java.util.concurrent.LinkedBlockingQueue, queueCapacity: 10000, scheduler: class org.apache.hadoop.ipc.DefaultRpcScheduler, ipcBackoff: false.
2024-03-20 21:08:30,339 [main] INFO  ipc.Server (Server.java:<init>(1287)) - Listener at 0.0.0.0:15015
2024-03-20 21:08:30,339 [Socket Reader #1 for port 15015] INFO  ipc.Server (Server.java:run(1323)) - Starting Socket Reader #1 for port 15015
2024-03-20 21:08:30,347 [main] INFO  ipc.CallQueueManager (CallQueueManager.java:<init>(90)) - Using callQueue: class java.util.concurrent.LinkedBlockingQueue, queueCapacity: 10000, scheduler: class org.apache.hadoop.ipc.DefaultRpcScheduler, ipcBackoff: false.
2024-03-20 21:08:30,347 [main] INFO  ipc.Server (Server.java:<init>(1287)) - Listener at 0.0.0.0:15013
2024-03-20 21:08:30,348 [Socket Reader #1 for port 15013] INFO  ipc.Server (Server.java:run(1323)) - Starting Socket Reader #1 for port 15013
2024-03-20 21:08:30,376 [main] INFO  ha.SCMServiceManager (SCMServiceManager.java:register(42)) - Registering service ContainerBalancer.
2024-03-20 21:08:30,377 [main] INFO  ha.SCMContext (SCMContext.java:updateSafeModeStatus(225)) - Update SafeModeStatus from SafeModeStatus{safeModeStatus=true, preCheckPassed=false} to SafeModeStatus{safeModeStatus=true, preCheckPassed=false}.
2024-03-20 21:08:30,377 [main] INFO  server.StorageContainerManager (StorageContainerManager.java:start(1545)) - StorageContainerLocationProtocol RPC server is listening at /0.0.0.0:15013
2024-03-20 21:08:30,378 [main] INFO  ha.SCMRatisServerImpl (SCMRatisServerImpl.java:start(192)) - starting ratis server 0.0.0.0:15011
2024-03-20 21:08:30,378 [be2411e5-a42d-476f-b25b-d7f87790d2c1-impl-thread1] INFO  server.RaftServerConfigKeys (ConfUtils.java:logGet(46)) - raft.server.storage.free-space.min = 0MB (=0) (default)
2024-03-20 21:08:30,378 [be2411e5-a42d-476f-b25b-d7f87790d2c1-impl-thread1] INFO  server.RaftServerConfigKeys (ConfUtils.java:logGet(46)) - raft.server.log.corruption.policy = EXCEPTION (default)
2024-03-20 21:08:30,378 [be2411e5-a42d-476f-b25b-d7f87790d2c1-impl-thread1] INFO  server.RaftServerConfigKeys (ConfUtils.java:logGet(46)) - raft.server.storage.dir = [/home/runner/work/ozone/ozone/hadoop-ozone/integration-test/target/test-dir/MiniOzoneClusterImpl-bb4c8f07-45f9-422c-bd0c-8b04330ef271/scmNode-2/scm-ha] (custom)
2024-03-20 21:08:30,378 [be2411e5-a42d-476f-b25b-d7f87790d2c1-impl-thread1] INFO  storage.RaftStorageDirectory (RaftStorageDirectoryImpl.java:analyzeStorage(138)) - The storage directory /home/runner/work/ozone/ozone/hadoop-ozone/integration-test/target/test-dir/MiniOzoneClusterImpl-bb4c8f07-45f9-422c-bd0c-8b04330ef271/scmNode-2/scm-ha/bb4c8f07-45f9-422c-bd0c-8b04330ef271 does not exist. Creating ...
2024-03-20 21:08:30,380 [be2411e5-a42d-476f-b25b-d7f87790d2c1-impl-thread1] INFO  storage.RaftStorageDirectory (RaftStorageDirectoryImpl.java:tryLock(228)) - Lock on /home/runner/work/ozone/ozone/hadoop-ozone/integration-test/target/test-dir/MiniOzoneClusterImpl-bb4c8f07-45f9-422c-bd0c-8b04330ef271/scmNode-2/scm-ha/bb4c8f07-45f9-422c-bd0c-8b04330ef271/in_use.lock acquired by nodename 54244@fv-az1053-74
2024-03-20 21:08:30,381 [be2411e5-a42d-476f-b25b-d7f87790d2c1-impl-thread1] INFO  storage.RaftStorage (RaftStorageImpl.java:format(99)) - Storage directory /home/runner/work/ozone/ozone/hadoop-ozone/integration-test/target/test-dir/MiniOzoneClusterImpl-bb4c8f07-45f9-422c-bd0c-8b04330ef271/scmNode-2/scm-ha/bb4c8f07-45f9-422c-bd0c-8b04330ef271 has been successfully formatted.
2024-03-20 21:08:30,381 [be2411e5-a42d-476f-b25b-d7f87790d2c1-impl-thread1] WARN  util.FileUtils (LogUtils.java:supplyAndLog(63)) - Failed to Files.newInputStream /home/runner/work/ozone/ozone/hadoop-ozone/integration-test/target/test-dir/MiniOzoneClusterImpl-bb4c8f07-45f9-422c-bd0c-8b04330ef271/scmNode-2/scm-ha/bb4c8f07-45f9-422c-bd0c-8b04330ef271/current/raft-meta.conf with options []: java.nio.file.NoSuchFileException: /home/runner/work/ozone/ozone/hadoop-ozone/integration-test/target/test-dir/MiniOzoneClusterImpl-bb4c8f07-45f9-422c-bd0c-8b04330ef271/scmNode-2/scm-ha/bb4c8f07-45f9-422c-bd0c-8b04330ef271/current/raft-meta.conf
2024-03-20 21:08:30,381 [be2411e5-a42d-476f-b25b-d7f87790d2c1-impl-thread1] INFO  server.RaftServerConfigKeys (ConfUtils.java:logGet(46)) - raft.server.log.use.memory = false (default)
2024-03-20 21:08:30,381 [be2411e5-a42d-476f-b25b-d7f87790d2c1-impl-thread1] INFO  server.RaftServerConfigKeys (ConfUtils.java:logGet(46)) - raft.server.log.purge.gap = 1000000 (custom)
2024-03-20 21:08:30,382 [be2411e5-a42d-476f-b25b-d7f87790d2c1-impl-thread1] INFO  server.RaftServerConfigKeys (ConfUtils.java:logGet(46)) - raft.server.log.appender.buffer.byte-limit = 4194304 (custom)
2024-03-20 21:08:30,382 [be2411e5-a42d-476f-b25b-d7f87790d2c1-impl-thread1] INFO  server.RaftServerConfigKeys (ConfUtils.java:logGet(46)) - raft.server.log.statemachine.data.read.timeout = 1000ms (default)
2024-03-20 21:08:30,382 [be2411e5-a42d-476f-b25b-d7f87790d2c1-impl-thread1] INFO  server.RaftServerConfigKeys (ConfUtils.java:logGet(46)) - raft.server.log.purge.preservation.log.num = 0 (default)
2024-03-20 21:08:30,384 [be2411e5-a42d-476f-b25b-d7f87790d2c1-impl-thread1] INFO  server.RaftServerConfigKeys (ConfUtils.java:logGet(46)) - raft.server.log.segment.size.max = 4194304 (custom)
2024-03-20 21:08:30,384 [be2411e5-a42d-476f-b25b-d7f87790d2c1-impl-thread1] INFO  server.RaftServerConfigKeys (ConfUtils.java:logGet(46)) - raft.server.log.segment.cache.num.max = 2 (custom)
2024-03-20 21:08:30,384 [be2411e5-a42d-476f-b25b-d7f87790d2c1-impl-thread1] INFO  server.RaftServerConfigKeys (ConfUtils.java:logGet(46)) - raft.server.log.segment.cache.size.max = 200MB (=209715200) (default)
2024-03-20 21:08:30,385 [be2411e5-a42d-476f-b25b-d7f87790d2c1-impl-thread1] INFO  server.RaftServerConfigKeys (ConfUtils.java:logGet(46)) - raft.server.log.appender.buffer.byte-limit = 4194304 (custom)
2024-03-20 21:08:30,385 [be2411e5-a42d-476f-b25b-d7f87790d2c1-impl-thread1] INFO  util.AwaitToRun (AwaitToRun.java:start(81)) - Thread[be2411e5-a42d-476f-b25b-d7f87790d2c1@group-8B04330EF271-cacheEviction-AwaitToRun,5,main] started
2024-03-20 21:08:30,385 [be2411e5-a42d-476f-b25b-d7f87790d2c1-impl-thread1] INFO  segmented.SegmentedRaftLogWorker (SegmentedRaftLogWorker.java:<init>(182)) - new be2411e5-a42d-476f-b25b-d7f87790d2c1@group-8B04330EF271-SegmentedRaftLogWorker for RaftStorageImpl:Storage Directory /home/runner/work/ozone/ozone/hadoop-ozone/integration-test/target/test-dir/MiniOzoneClusterImpl-bb4c8f07-45f9-422c-bd0c-8b04330ef271/scmNode-2/scm-ha/bb4c8f07-45f9-422c-bd0c-8b04330ef271
2024-03-20 21:08:30,385 [be2411e5-a42d-476f-b25b-d7f87790d2c1-impl-thread1] INFO  server.RaftServerConfigKeys (ConfUtils.java:logGet(46)) - raft.server.log.queue.byte-limit = 64MB (=67108864) (default)
2024-03-20 21:08:30,385 [be2411e5-a42d-476f-b25b-d7f87790d2c1-impl-thread1] INFO  server.RaftServerConfigKeys (ConfUtils.java:logGet(46)) - raft.server.log.queue.element-limit = 4096 (default)
2024-03-20 21:08:30,385 [be2411e5-a42d-476f-b25b-d7f87790d2c1-impl-thread1] INFO  server.RaftServerConfigKeys (ConfUtils.java:logGet(46)) - raft.server.log.segment.size.max = 4194304 (custom)
2024-03-20 21:08:30,385 [be2411e5-a42d-476f-b25b-d7f87790d2c1-impl-thread1] INFO  server.RaftServerConfigKeys (ConfUtils.java:logGet(46)) - raft.server.log.preallocated.size = 4194304 (custom)
2024-03-20 21:08:30,385 [be2411e5-a42d-476f-b25b-d7f87790d2c1-impl-thread1] INFO  server.RaftServerConfigKeys (ConfUtils.java:logGet(46)) - raft.server.log.force.sync.num = 128 (default)
2024-03-20 21:08:30,385 [be2411e5-a42d-476f-b25b-d7f87790d2c1-impl-thread1] INFO  server.RaftServerConfigKeys (ConfUtils.java:logGet(46)) - raft.server.log.statemachine.data.sync = true (default)
2024-03-20 21:08:30,385 [be2411e5-a42d-476f-b25b-d7f87790d2c1-impl-thread1] INFO  server.RaftServerConfigKeys (ConfUtils.java:logGet(46)) - raft.server.log.statemachine.data.sync.timeout = 10s (default)
2024-03-20 21:08:30,385 [be2411e5-a42d-476f-b25b-d7f87790d2c1-impl-thread1] INFO  server.RaftServerConfigKeys (ConfUtils.java:logGet(46)) - raft.server.log.statemachine.data.sync.timeout.retry = -1 (default)
2024-03-20 21:08:30,386 [be2411e5-a42d-476f-b25b-d7f87790d2c1-impl-thread1] INFO  server.RaftServerConfigKeys (ConfUtils.java:logGet(46)) - raft.server.log.write.buffer.size = 4194312 (custom)
2024-03-20 21:08:30,387 [be2411e5-a42d-476f-b25b-d7f87790d2c1-impl-thread1] INFO  server.RaftServerConfigKeys (ConfUtils.java:logGet(46)) - raft.server.log.appender.buffer.byte-limit = 4194304 (custom)
2024-03-20 21:08:30,387 [be2411e5-a42d-476f-b25b-d7f87790d2c1-impl-thread1] INFO  server.RaftServerConfigKeys (ConfUtils.java:logGet(46)) - raft.server.log.unsafe-flush.enabled = false (default)
2024-03-20 21:08:30,387 [be2411e5-a42d-476f-b25b-d7f87790d2c1-impl-thread1] INFO  server.RaftServerConfigKeys (ConfUtils.java:logGet(46)) - raft.server.log.async-flush.enabled = false (default)
2024-03-20 21:08:30,387 [be2411e5-a42d-476f-b25b-d7f87790d2c1-impl-thread1] INFO  server.RaftServerConfigKeys (ConfUtils.java:logGet(46)) - raft.server.log.statemachine.data.caching.enabled = false (default)
2024-03-20 21:08:30,387 [be2411e5-a42d-476f-b25b-d7f87790d2c1-impl-thread1] INFO  segmented.SegmentedRaftLogWorker (SegmentedRaftLogWorker.java:lambda$new$0(134)) - be2411e5-a42d-476f-b25b-d7f87790d2c1@group-8B04330EF271-SegmentedRaftLogWorker: flushIndex: setUnconditionally 0 -> -1
2024-03-20 21:08:30,387 [be2411e5-a42d-476f-b25b-d7f87790d2c1-impl-thread1] INFO  segmented.SegmentedRaftLogWorker (SegmentedRaftLogWorker.java:lambda$new$0(134)) - be2411e5-a42d-476f-b25b-d7f87790d2c1@group-8B04330EF271-SegmentedRaftLogWorker: safeCacheEvictIndex: setUnconditionally 0 -> -1
2024-03-20 21:08:30,388 [be2411e5-a42d-476f-b25b-d7f87790d2c1-impl-thread1] INFO  server.RaftServer$Division (RaftServerImpl.java:start(402)) - be2411e5-a42d-476f-b25b-d7f87790d2c1@group-8B04330EF271: start with initializing state, conf=-1: peers:[]|listeners:[], old=null
2024-03-20 21:08:30,388 [be2411e5-a42d-476f-b25b-d7f87790d2c1-impl-thread1] INFO  server.RaftServer$Division (RaftServerImpl.java:setRole(383)) - be2411e5-a42d-476f-b25b-d7f87790d2c1@group-8B04330EF271: changes role from      null to FOLLOWER at term 0 for startInitializing
2024-03-20 21:08:30,388 [be2411e5-a42d-476f-b25b-d7f87790d2c1-impl-thread1] INFO  util.JmxRegister (JmxRegister.java:tryRegister(44)) - Successfully registered JMX Bean with object name Ratis:service=RaftServer,group=group-8B04330EF271,id=be2411e5-a42d-476f-b25b-d7f87790d2c1
2024-03-20 21:08:30,388 [be2411e5-a42d-476f-b25b-d7f87790d2c1-impl-thread1] INFO  server.RaftServerConfigKeys (ConfUtils.java:logGet(46)) - raft.server.snapshot.trigger-when-stop.enabled = true (default)
2024-03-20 21:08:30,388 [be2411e5-a42d-476f-b25b-d7f87790d2c1-impl-thread1] INFO  server.RaftServerConfigKeys (ConfUtils.java:logGet(46)) - raft.server.snapshot.auto.trigger.enabled = true (custom)
2024-03-20 21:08:30,388 [be2411e5-a42d-476f-b25b-d7f87790d2c1-impl-thread1] INFO  server.RaftServerConfigKeys (ConfUtils.java:logGet(46)) - raft.server.snapshot.auto.trigger.threshold = 1000 (custom)
2024-03-20 21:08:30,388 [be2411e5-a42d-476f-b25b-d7f87790d2c1-impl-thread1] INFO  server.RaftServerConfigKeys (ConfUtils.java:logGet(46)) - raft.server.snapshot.retention.file.num = -1 (default)
2024-03-20 21:08:30,388 [be2411e5-a42d-476f-b25b-d7f87790d2c1-impl-thread1] INFO  server.RaftServerConfigKeys (ConfUtils.java:logGet(46)) - raft.server.log.purge.upto.snapshot.index = false (default)
2024-03-20 21:08:30,391 [main] INFO  server.RaftServer (RaftServerProxy.java:startImpl(406)) - be2411e5-a42d-476f-b25b-d7f87790d2c1: start RPC server
2024-03-20 21:08:30,393 [main] INFO  server.GrpcService (GrpcService.java:startImpl(302)) - be2411e5-a42d-476f-b25b-d7f87790d2c1: GrpcService started, listening on 15011
2024-03-20 21:08:30,395 [main] INFO  ha.SCMNodeInfo (SCMNodeInfo.java:getPort(197)) - ConfigKey ozone.scm.client.address is deprecated, For configuring different ports for each SCM use PortConfigKey ozone.scm.client.port appended with serviceId and nodeId
2024-03-20 21:08:30,395 [main] INFO  ha.SCMNodeInfo (SCMNodeInfo.java:getPort(197)) - ConfigKey ozone.scm.block.client.address is deprecated, For configuring different ports for each SCM use PortConfigKey ozone.scm.block.client.port appended with serviceId and nodeId
2024-03-20 21:08:30,395 [main] INFO  ha.SCMNodeInfo (SCMNodeInfo.java:getPort(197)) - ConfigKey ozone.scm.security.service.address is deprecated, For configuring different ports for each SCM use PortConfigKey ozone.scm.security.service.port appended with serviceId and nodeId
2024-03-20 21:08:30,395 [main] INFO  ha.SCMNodeInfo (SCMNodeInfo.java:getPort(197)) - ConfigKey ozone.scm.datanode.address is deprecated, For configuring different ports for each SCM use PortConfigKey ozone.scm.datanode.port appended with serviceId and nodeId
2024-03-20 21:08:30,396 [main] INFO  ha.SCMNodeInfo (SCMNodeInfo.java:getPort(197)) - ConfigKey ozone.scm.client.address is deprecated, For configuring different ports for each SCM use PortConfigKey ozone.scm.client.port appended with serviceId and nodeId
2024-03-20 21:08:30,396 [main] INFO  ha.SCMNodeInfo (SCMNodeInfo.java:getPort(197)) - ConfigKey ozone.scm.block.client.address is deprecated, For configuring different ports for each SCM use PortConfigKey ozone.scm.block.client.port appended with serviceId and nodeId
2024-03-20 21:08:30,396 [main] INFO  ha.SCMNodeInfo (SCMNodeInfo.java:getPort(197)) - ConfigKey ozone.scm.security.service.address is deprecated, For configuring different ports for each SCM use PortConfigKey ozone.scm.security.service.port appended with serviceId and nodeId
2024-03-20 21:08:30,396 [main] INFO  ha.SCMNodeInfo (SCMNodeInfo.java:getPort(197)) - ConfigKey ozone.scm.datanode.address is deprecated, For configuring different ports for each SCM use PortConfigKey ozone.scm.datanode.port appended with serviceId and nodeId
2024-03-20 21:08:30,397 [main] INFO  proxy.SCMBlockLocationFailoverProxyProvider (SCMBlockLocationFailoverProxyProvider.java:<init>(115)) - Created block location fail-over proxy with 2 nodes: [nodeId=scmNode-3,nodeAddress=/127.0.0.1:15023, nodeId=scmNode-1,nodeAddress=/127.0.0.1:15007]
2024-03-20 21:08:30,400 [JvmPauseMonitor2] INFO  util.JvmPauseMonitor (JvmPauseMonitor.java:run(146)) - JvmPauseMonitor-be2411e5-a42d-476f-b25b-d7f87790d2c1: Started
2024-03-20 21:08:30,406 [pool-1-thread-2] INFO  request.TgsRequest (TgsRequest.java:issueTicket(115)) - TGS_REQ ISSUE: authtime 1710968910406,scm/fv-az1053-74.1e55wlyavovu3ma4fylbaqc4gd.phxx.internal.cloudapp.net for scm/fv-az1053-74.1e55wlyavovu3ma4fylbaqc4gd.phxx.internal.cloudapp.net@EXAMPLE.COM
2024-03-20 21:08:30,415 [Socket Reader #1 for port 15007] INFO  ipc.Server (Server.java:saslProcess(2139)) - Auth successful for scm/fv-az1053-74.1e55wlyavovu3ma4fylbaqc4gd.phxx.internal.cloudapp.net@EXAMPLE.COM (auth:KERBEROS) from fv-az1053-74.1e55wlyavovu3ma4fylbaqc4gd.phxx.internal.cloudapp.net:46151 / 10.1.0.34:46151
2024-03-20 21:08:30,418 [Socket Reader #1 for port 15007] INFO  authorize.ServiceAuthorizationManager (ServiceAuthorizationManager.java:authorize(137)) - Authorization successful for scm/fv-az1053-74.1e55wlyavovu3ma4fylbaqc4gd.phxx.internal.cloudapp.net@EXAMPLE.COM (auth:KERBEROS) for protocol=interface org.apache.hadoop.hdds.scm.protocol.ScmBlockLocationProtocol
2024-03-20 21:08:30,419 [IPC Server handler 0 on default port 15007] INFO  ha.SCMRatisServerImpl (SCMRatisServerImpl.java:addSCM(319)) - 1ba87fbc-452a-4836-9768-c65c67837df8: Submitting SetConfiguration request to Ratis server with new SCM peers list: [1ba87fbc-452a-4836-9768-c65c67837df8|localhost:15003, be2411e5-a42d-476f-b25b-d7f87790d2c1|localhost:15011]
2024-03-20 21:08:30,421 [IPC Server handler 0 on default port 15007] INFO  server.RaftServer$Division (RaftServerImpl.java:setConfigurationAsync(1276)) - 1ba87fbc-452a-4836-9768-c65c67837df8@group-8B04330EF271: receive setConfiguration SetConfigurationRequest:client-E2BB2ADAB084->1ba87fbc-452a-4836-9768-c65c67837df8@group-8B04330EF271, cid=7, seq=null, RW, null, SET_UNCONDITIONALLY, servers:[1ba87fbc-452a-4836-9768-c65c67837df8|localhost:15003, be2411e5-a42d-476f-b25b-d7f87790d2c1|localhost:15011], listeners:[]
2024-03-20 21:08:30,423 [IPC Server handler 0 on default port 15007] INFO  server.RaftServer$Division (LeaderStateImpl.java:startSetConfiguration(488)) - 1ba87fbc-452a-4836-9768-c65c67837df8@group-8B04330EF271-LeaderStateImpl: startSetConfiguration SetConfigurationRequest:client-E2BB2ADAB084->1ba87fbc-452a-4836-9768-c65c67837df8@group-8B04330EF271, cid=7, seq=null, RW, null, SET_UNCONDITIONALLY, servers:[1ba87fbc-452a-4836-9768-c65c67837df8|localhost:15003, be2411e5-a42d-476f-b25b-d7f87790d2c1|localhost:15011], listeners:[]
2024-03-20 21:08:30,432 [IPC Server handler 0 on default port 15007] INFO  server.RaftServerConfigKeys (ConfUtils.java:logGet(46)) - raft.server.log.appender.snapshot.chunk.size.max = 16MB (=16777216) (default)
2024-03-20 21:08:30,432 [IPC Server handler 0 on default port 15007] INFO  server.RaftServerConfigKeys (ConfUtils.java:logGet(46)) - raft.server.log.appender.buffer.byte-limit = 4194304 (custom)
2024-03-20 21:08:30,433 [IPC Server handler 0 on default port 15007] INFO  server.RaftServerConfigKeys (ConfUtils.java:logGet(46)) - raft.server.log.appender.buffer.element-limit = 1024 (custom)
2024-03-20 21:08:30,435 [IPC Server handler 0 on default port 15007] INFO  server.RaftServerConfigKeys (ConfUtils.java:logGet(46)) - raft.server.log.appender.wait-time.min = 0ms (custom)
2024-03-20 21:08:30,438 [IPC Server handler 0 on default port 15007] INFO  grpc.GrpcConfigKeys (ConfUtils.java:logGet(46)) - raft.grpc.server.leader.outstanding.appends.max = 8 (default)
2024-03-20 21:08:30,438 [IPC Server handler 0 on default port 15007] INFO  server.RaftServerConfigKeys (ConfUtils.java:logGet(46)) - raft.server.rpc.request.timeout = 30000ms (custom)
2024-03-20 21:08:30,439 [IPC Server handler 0 on default port 15007] INFO  grpc.GrpcConfigKeys (ConfUtils.java:logGet(46)) - raft.grpc.server.install_snapshot.request.element-limit = 8 (default)
2024-03-20 21:08:30,439 [IPC Server handler 0 on default port 15007] INFO  grpc.GrpcConfigKeys (ConfUtils.java:logGet(46)) - raft.grpc.server.install_snapshot.request.timeout = 3000ms (default)
2024-03-20 21:08:30,439 [IPC Server handler 0 on default port 15007] INFO  grpc.GrpcConfigKeys (ConfUtils.java:logGet(46)) - raft.grpc.server.log-message.batch.duration = 5s (default)
2024-03-20 21:08:30,440 [IPC Server handler 0 on default port 15007] INFO  server.RaftServerConfigKeys (ConfUtils.java:logGet(46)) - raft.server.log.appender.install.snapshot.enabled = false (custom)
2024-03-20 21:08:30,440 [IPC Server handler 0 on default port 15007] INFO  grpc.GrpcConfigKeys (ConfUtils.java:logGet(46)) - raft.grpc.server.heartbeat.channel = true (default)
2024-03-20 21:08:30,446 [1ba87fbc-452a-4836-9768-c65c67837df8@group-8B04330EF271->be2411e5-a42d-476f-b25b-d7f87790d2c1-GrpcLogAppender-LogAppenderDaemon] INFO  server.GrpcLogAppender (GrpcLogAppender.java:notifyInstallSnapshot(766)) - 1ba87fbc-452a-4836-9768-c65c67837df8@group-8B04330EF271->be2411e5-a42d-476f-b25b-d7f87790d2c1-GrpcLogAppender: notifyInstallSnapshot with firstAvailable=(t:1, i:0), followerNextIndex=0
2024-03-20 21:08:30,454 [1ba87fbc-452a-4836-9768-c65c67837df8@group-8B04330EF271->be2411e5-a42d-476f-b25b-d7f87790d2c1-GrpcLogAppender-LogAppenderDaemon] INFO  server.GrpcLogAppender (GrpcLogAppender.java:notifyInstallSnapshot(774)) - 1ba87fbc-452a-4836-9768-c65c67837df8@group-8B04330EF271->be2411e5-a42d-476f-b25b-d7f87790d2c1-GrpcLogAppender: send 1ba87fbc-452a-4836-9768-c65c67837df8->be2411e5-a42d-476f-b25b-d7f87790d2c1#0-t2,notify:(t:1, i:0)
2024-03-20 21:08:30,454 [1ba87fbc-452a-4836-9768-c65c67837df8@group-8B04330EF271->be2411e5-a42d-476f-b25b-d7f87790d2c1-GrpcLogAppender-LogAppenderDaemon] INFO  server.GrpcServerProtocolClient (GrpcServerProtocolClient.java:<init>(65)) - Build channel for be2411e5-a42d-476f-b25b-d7f87790d2c1|localhost:15011
2024-03-20 21:08:30,470 [grpc-default-executor-0] INFO  impl.SnapshotInstallationHandler (SnapshotInstallationHandler.java:installSnapshot(89)) - be2411e5-a42d-476f-b25b-d7f87790d2c1@group-8B04330EF271: receive installSnapshot: 1ba87fbc-452a-4836-9768-c65c67837df8->be2411e5-a42d-476f-b25b-d7f87790d2c1#0-t2,notify:(t:1, i:0)
2024-03-20 21:08:30,472 [grpc-default-executor-0] INFO  server.RaftServer$Division (RaftServerImpl.java:setFirstElection(574)) - be2411e5-a42d-476f-b25b-d7f87790d2c1@group-8B04330EF271: set firstElectionSinceStartup to false for installSnapshot
2024-03-20 21:08:30,472 [grpc-default-executor-0] INFO  ha.SCMStateMachine (SCMStateMachine.java:notifyLeaderChanged(288)) - leader changed, yet current SCM is still follower.
2024-03-20 21:08:30,472 [grpc-default-executor-0] INFO  server.RaftServer$Division (ServerState.java:setLeader(269)) - be2411e5-a42d-476f-b25b-d7f87790d2c1@group-8B04330EF271: change Leader from null to 1ba87fbc-452a-4836-9768-c65c67837df8 at term 2 for installSnapshot, leader elected after 196ms
2024-03-20 21:08:30,473 [grpc-default-executor-0] INFO  impl.SnapshotInstallationHandler (SnapshotInstallationHandler.java:notifyStateMachineToInstallSnapshot(221)) - be2411e5-a42d-476f-b25b-d7f87790d2c1@group-8B04330EF271: Received notification to install snapshot at index 0
2024-03-20 21:08:30,473 [grpc-default-executor-0] INFO  impl.SnapshotInstallationHandler (SnapshotInstallationHandler.java:notifyStateMachineToInstallSnapshot(230)) - be2411e5-a42d-476f-b25b-d7f87790d2c1@group-8B04330EF271: InstallSnapshot notification result: ALREADY_INSTALLED, current snapshot index: -1
2024-03-20 21:08:30,543 [grpc-default-executor-0] INFO  impl.SnapshotInstallationHandler (SnapshotInstallationHandler.java:installSnapshotImpl(134)) - be2411e5-a42d-476f-b25b-d7f87790d2c1@group-8B04330EF271: set new configuration index: 1
configurationEntry {
  peers {
    id: "1ba87fbc-452a-4836-9768-c65c67837df8"
    address: "localhost:15003"
    startupRole: FOLLOWER
  }
}
 from snapshot
2024-03-20 21:08:30,544 [grpc-default-executor-0] INFO  server.RaftServer$Division (ServerState.java:setRaftConf(386)) - be2411e5-a42d-476f-b25b-d7f87790d2c1@group-8B04330EF271: set configuration 1: peers:[1ba87fbc-452a-4836-9768-c65c67837df8|localhost:15003]|listeners:[], old=null
2024-03-20 21:08:30,545 [grpc-default-executor-0] INFO  impl.SnapshotInstallationHandler (SnapshotInstallationHandler.java:installSnapshot(100)) - be2411e5-a42d-476f-b25b-d7f87790d2c1@group-8B04330EF271: reply installSnapshot: 1ba87fbc-452a-4836-9768-c65c67837df8<-be2411e5-a42d-476f-b25b-d7f87790d2c1#0:OK-t0,ALREADY_INSTALLED,snapshotIndex=0
2024-03-20 21:08:30,547 [grpc-default-executor-0] INFO  server.GrpcServerProtocolService (GrpcServerProtocolService.java:onCompleted(157)) - be2411e5-a42d-476f-b25b-d7f87790d2c1: Completed INSTALL_SNAPSHOT, lastRequest: 1ba87fbc-452a-4836-9768-c65c67837df8->be2411e5-a42d-476f-b25b-d7f87790d2c1#0-t2,notify:(t:1, i:0)
2024-03-20 21:08:30,547 [grpc-default-executor-0] INFO  server.GrpcServerProtocolService (GrpcServerProtocolService.java:lambda$onCompleted$5(159)) - be2411e5-a42d-476f-b25b-d7f87790d2c1: Completed INSTALL_SNAPSHOT, lastReply: null
2024-03-20 21:08:30,548 [grpc-default-executor-1] INFO  server.GrpcLogAppender (GrpcLogAppender.java:onNext(625)) - 1ba87fbc-452a-4836-9768-c65c67837df8@group-8B04330EF271->be2411e5-a42d-476f-b25b-d7f87790d2c1-InstallSnapshotResponseHandler: received the first reply 1ba87fbc-452a-4836-9768-c65c67837df8<-be2411e5-a42d-476f-b25b-d7f87790d2c1#0:OK-t0,ALREADY_INSTALLED,snapshotIndex=0
2024-03-20 21:08:30,550 [grpc-default-executor-1] INFO  server.GrpcLogAppender (GrpcLogAppender.java:onNext(646)) - 1ba87fbc-452a-4836-9768-c65c67837df8@group-8B04330EF271->be2411e5-a42d-476f-b25b-d7f87790d2c1-InstallSnapshotResponseHandler: Follower snapshot is already at index 0.
2024-03-20 21:08:30,551 [grpc-default-executor-1] INFO  leader.FollowerInfo (FollowerInfoImpl.java:info(64)) - 1ba87fbc-452a-4836-9768-c65c67837df8@group-8B04330EF271->be2411e5-a42d-476f-b25b-d7f87790d2c1: matchIndex: setUnconditionally -1 -> 0
2024-03-20 21:08:30,551 [grpc-default-executor-1] INFO  leader.FollowerInfo (FollowerInfoImpl.java:info(64)) - 1ba87fbc-452a-4836-9768-c65c67837df8@group-8B04330EF271->be2411e5-a42d-476f-b25b-d7f87790d2c1: nextIndex: setUnconditionally 0 -> 1
2024-03-20 21:08:30,551 [grpc-default-executor-1] INFO  leader.FollowerInfo (FollowerInfoImpl.java:setAttemptedToInstallSnapshot(154)) - Follower 1ba87fbc-452a-4836-9768-c65c67837df8@group-8B04330EF271->be2411e5-a42d-476f-b25b-d7f87790d2c1 acknowledged installing snapshot
2024-03-20 21:08:30,552 [grpc-default-executor-1] INFO  server.GrpcLogAppender (GrpcLogAppender.java:increaseNextIndex(453)) - 1ba87fbc-452a-4836-9768-c65c67837df8@group-8B04330EF271->be2411e5-a42d-476f-b25b-d7f87790d2c1-GrpcLogAppender: updateNextIndex 1 for ALREADY_INSTALLED
2024-03-20 21:08:30,573 [be2411e5-a42d-476f-b25b-d7f87790d2c1-server-thread1] INFO  server.RaftServer$Division (RaftServerImpl.java:checkInconsistentAppendEntries(1700)) - be2411e5-a42d-476f-b25b-d7f87790d2c1@group-8B04330EF271: Failed appendEntries as previous log entry ((t:1, i:0)) is not found
2024-03-20 21:08:30,574 [be2411e5-a42d-476f-b25b-d7f87790d2c1-server-thread1] INFO  server.RaftServer$Division (RaftServerImpl.java:checkInconsistentAppendEntries(1670)) - be2411e5-a42d-476f-b25b-d7f87790d2c1@group-8B04330EF271: inconsistency entries. Reply:1ba87fbc-452a-4836-9768-c65c67837df8<-be2411e5-a42d-476f-b25b-d7f87790d2c1#0:FAIL-t2,INCONSISTENCY,nextIndex=0,followerCommit=-1,matchIndex=-1
2024-03-20 21:08:30,576 [be2411e5-a42d-476f-b25b-d7f87790d2c1-server-thread1] INFO  server.RaftServer$Division (RaftServerImpl.java:checkInconsistentAppendEntries(1700)) - be2411e5-a42d-476f-b25b-d7f87790d2c1@group-8B04330EF271: Failed appendEntries as previous log entry ((t:1, i:0)) is not found
2024-03-20 21:08:30,577 [be2411e5-a42d-476f-b25b-d7f87790d2c1-server-thread1] INFO  server.RaftServer$Division (RaftServerImpl.java:checkInconsistentAppendEntries(1670)) - be2411e5-a42d-476f-b25b-d7f87790d2c1@group-8B04330EF271: inconsistency entries. Reply:1ba87fbc-452a-4836-9768-c65c67837df8<-be2411e5-a42d-476f-b25b-d7f87790d2c1#1:FAIL-t2,INCONSISTENCY,nextIndex=0,followerCommit=-1,matchIndex=-1
2024-03-20 21:08:30,577 [grpc-default-executor-1] WARN  server.GrpcLogAppender (GrpcLogAppender.java:onNextImpl(515)) - 1ba87fbc-452a-4836-9768-c65c67837df8@group-8B04330EF271->be2411e5-a42d-476f-b25b-d7f87790d2c1-AppendLogResponseHandler: received INCONSISTENCY reply with nextIndex 0, errorCount=1, request=AppendEntriesRequest:cid=0,entriesCount=0
2024-03-20 21:08:30,578 [grpc-default-executor-0] WARN  server.GrpcLogAppender (GrpcLogAppender.java:onNextImpl(515)) - 1ba87fbc-452a-4836-9768-c65c67837df8@group-8B04330EF271->be2411e5-a42d-476f-b25b-d7f87790d2c1-AppendLogResponseHandler: received INCONSISTENCY reply with nextIndex 0, errorCount=2, request=null
2024-03-20 21:08:30,579 [grpc-default-executor-1] INFO  leader.FollowerInfo (FollowerInfoImpl.java:info(70)) - 1ba87fbc-452a-4836-9768-c65c67837df8@group-8B04330EF271->be2411e5-a42d-476f-b25b-d7f87790d2c1: setNextIndex nextIndex: updateUnconditionally 19 -> 1
2024-03-20 21:08:30,581 [be2411e5-a42d-476f-b25b-d7f87790d2c1-server-thread1] INFO  server.RaftServer$Division (RaftServerImpl.java:checkInconsistentAppendEntries(1700)) - be2411e5-a42d-476f-b25b-d7f87790d2c1@group-8B04330EF271: Failed appendEntries as previous log entry ((t:1, i:0)) is not found
2024-03-20 21:08:30,581 [be2411e5-a42d-476f-b25b-d7f87790d2c1-server-thread1] INFO  server.RaftServer$Division (RaftServerImpl.java:checkInconsistentAppendEntries(1670)) - be2411e5-a42d-476f-b25b-d7f87790d2c1@group-8B04330EF271: inconsistency entries. Reply:1ba87fbc-452a-4836-9768-c65c67837df8<-be2411e5-a42d-476f-b25b-d7f87790d2c1#2:FAIL-t2,INCONSISTENCY,nextIndex=0,followerCommit=-1,matchIndex=-1
2024-03-20 21:08:30,584 [grpc-default-executor-0] WARN  server.GrpcLogAppender (GrpcLogAppender.java:onNextImpl(515)) - 1ba87fbc-452a-4836-9768-c65c67837df8@group-8B04330EF271->be2411e5-a42d-476f-b25b-d7f87790d2c1-AppendLogResponseHandler: received INCONSISTENCY reply with nextIndex 0, errorCount=3, request=AppendEntriesRequest:cid=2,entriesCount=18,entries=(t:2, i:1)...(t:2, i:18)
2024-03-20 21:08:30,584 [grpc-default-executor-0] INFO  leader.FollowerInfo (FollowerInfoImpl.java:info(70)) - 1ba87fbc-452a-4836-9768-c65c67837df8@group-8B04330EF271->be2411e5-a42d-476f-b25b-d7f87790d2c1: setNextIndex nextIndex: updateUnconditionally 19 -> 0
2024-03-20 21:08:30,589 [be2411e5-a42d-476f-b25b-d7f87790d2c1-server-thread1] INFO  server.RaftServer$Division (ServerState.java:setRaftConf(386)) - be2411e5-a42d-476f-b25b-d7f87790d2c1@group-8B04330EF271: set configuration 0: peers:[1ba87fbc-452a-4836-9768-c65c67837df8|localhost:15003]|listeners:[], old=null
2024-03-20 21:08:30,589 [be2411e5-a42d-476f-b25b-d7f87790d2c1-server-thread1] INFO  server.RaftServer$Division (ServerState.java:setRaftConf(386)) - be2411e5-a42d-476f-b25b-d7f87790d2c1@group-8B04330EF271: set configuration 1: peers:[1ba87fbc-452a-4836-9768-c65c67837df8|localhost:15003]|listeners:[], old=null
2024-03-20 21:08:30,591 [be2411e5-a42d-476f-b25b-d7f87790d2c1-server-thread1] INFO  segmented.SegmentedRaftLogWorker (SegmentedRaftLogWorker.java:startLogSegment(430)) - be2411e5-a42d-476f-b25b-d7f87790d2c1@group-8B04330EF271-SegmentedRaftLogWorker: Starting segment from index:0
2024-03-20 21:08:30,591 [be2411e5-a42d-476f-b25b-d7f87790d2c1-server-thread1] INFO  segmented.SegmentedRaftLogWorker (SegmentedRaftLogWorker.java:rollLogSegment(435)) - be2411e5-a42d-476f-b25b-d7f87790d2c1@group-8B04330EF271-SegmentedRaftLogWorker: Rolling segment log-0_0 to index:0
2024-03-20 21:08:30,591 [be2411e5-a42d-476f-b25b-d7f87790d2c1@group-8B04330EF271-SegmentedRaftLogWorker] INFO  segmented.BufferedWriteChannel (BufferedWriteChannel.java:open(62)) - open log_inprogress_0 at position 0
2024-03-20 21:08:30,600 [be2411e5-a42d-476f-b25b-d7f87790d2c1@group-8B04330EF271-SegmentedRaftLogWorker] INFO  segmented.SegmentedRaftLogWorker (SegmentedRaftLogWorker.java:execute(634)) - be2411e5-a42d-476f-b25b-d7f87790d2c1@group-8B04330EF271-SegmentedRaftLogWorker: created new log segment /home/runner/work/ozone/ozone/hadoop-ozone/integration-test/target/test-dir/MiniOzoneClusterImpl-bb4c8f07-45f9-422c-bd0c-8b04330ef271/scmNode-2/scm-ha/bb4c8f07-45f9-422c-bd0c-8b04330ef271/current/log_inprogress_0
2024-03-20 21:08:30,602 [be2411e5-a42d-476f-b25b-d7f87790d2c1@group-8B04330EF271-SegmentedRaftLogWorker] INFO  segmented.SegmentedRaftLogWorker (SegmentedRaftLogWorker.java:execute(591)) - be2411e5-a42d-476f-b25b-d7f87790d2c1@group-8B04330EF271-SegmentedRaftLogWorker: Rolled log segment from /home/runner/work/ozone/ozone/hadoop-ozone/integration-test/target/test-dir/MiniOzoneClusterImpl-bb4c8f07-45f9-422c-bd0c-8b04330ef271/scmNode-2/scm-ha/bb4c8f07-45f9-422c-bd0c-8b04330ef271/current/log_inprogress_0 to /home/runner/work/ozone/ozone/hadoop-ozone/integration-test/target/test-dir/MiniOzoneClusterImpl-bb4c8f07-45f9-422c-bd0c-8b04330ef271/scmNode-2/scm-ha/bb4c8f07-45f9-422c-bd0c-8b04330ef271/current/log_0-0
2024-03-20 21:08:30,602 [be2411e5-a42d-476f-b25b-d7f87790d2c1@group-8B04330EF271-SegmentedRaftLogWorker] INFO  segmented.BufferedWriteChannel (BufferedWriteChannel.java:open(62)) - open log_inprogress_1 at position 0
2024-03-20 21:08:30,610 [be2411e5-a42d-476f-b25b-d7f87790d2c1@group-8B04330EF271-SegmentedRaftLogWorker] INFO  segmented.SegmentedRaftLogWorker (SegmentedRaftLogWorker.java:execute(634)) - be2411e5-a42d-476f-b25b-d7f87790d2c1@group-8B04330EF271-SegmentedRaftLogWorker: created new log segment /home/runner/work/ozone/ozone/hadoop-ozone/integration-test/target/test-dir/MiniOzoneClusterImpl-bb4c8f07-45f9-422c-bd0c-8b04330ef271/scmNode-2/scm-ha/bb4c8f07-45f9-422c-bd0c-8b04330ef271/current/log_inprogress_1
2024-03-20 21:08:30,614 [be2411e5-a42d-476f-b25b-d7f87790d2c1@group-8B04330EF271-StateMachineUpdater] INFO  safemode.HealthyPipelineSafeModeRule (HealthyPipelineSafeModeRule.java:initializeRule(172)) - Refreshed total pipeline count is 0, healthy pipeline threshold count is 1
2024-03-20 21:08:30,614 [be2411e5-a42d-476f-b25b-d7f87790d2c1@group-8B04330EF271-StateMachineUpdater] INFO  safemode.ContainerSafeModeRule (ContainerSafeModeRule.java:reInitializeRule(191)) - Refreshed one replica container threshold 0, currentThreshold 0
2024-03-20 21:08:30,615 [be2411e5-a42d-476f-b25b-d7f87790d2c1@group-8B04330EF271-StateMachineUpdater] INFO  safemode.OneReplicaPipelineSafeModeRule (OneReplicaPipelineSafeModeRule.java:initializeRule(189)) - Refreshed Total pipeline count is 0, pipeline's with at least one datanode reported threshold count is 0
2024-03-20 21:08:30,615 [be2411e5-a42d-476f-b25b-d7f87790d2c1@group-8B04330EF271-StateMachineUpdater] INFO  server.SCMDatanodeProtocolServer (SCMDatanodeProtocolServer.java:start(194)) - ScmDatanodeProtocol RPC server for DataNodes is listening at /0.0.0.0:15012
2024-03-20 21:08:30,617 [IPC Server Responder] INFO  ipc.Server (Server.java:run(1562)) - IPC Server Responder: starting
2024-03-20 21:08:30,617 [IPC Server listener on 15012] INFO  ipc.Server (Server.java:run(1402)) - IPC Server listener on 15012: starting
2024-03-20 21:08:30,638 [1ba87fbc-452a-4836-9768-c65c67837df8@group-8B04330EF271-LeaderStateImpl] INFO  server.RaftServer$Division (ServerState.java:setRaftConf(386)) - 1ba87fbc-452a-4836-9768-c65c67837df8@group-8B04330EF271: set configuration 19: peers:[1ba87fbc-452a-4836-9768-c65c67837df8|localhost:15003, be2411e5-a42d-476f-b25b-d7f87790d2c1|localhost:15011]|listeners:[], old=peers:[1ba87fbc-452a-4836-9768-c65c67837df8|localhost:15003]|listeners:[]
2024-03-20 21:08:30,640 [be2411e5-a42d-476f-b25b-d7f87790d2c1-server-thread1] INFO  impl.RoleInfo (RoleInfo.java:updateAndGet(139)) - be2411e5-a42d-476f-b25b-d7f87790d2c1: start be2411e5-a42d-476f-b25b-d7f87790d2c1@group-8B04330EF271-FollowerState
2024-03-20 21:08:30,644 [be2411e5-a42d-476f-b25b-d7f87790d2c1-server-thread1] INFO  server.RaftServer$Division (ServerState.java:setRaftConf(386)) - be2411e5-a42d-476f-b25b-d7f87790d2c1@group-8B04330EF271: set configuration 19: peers:[1ba87fbc-452a-4836-9768-c65c67837df8|localhost:15003, be2411e5-a42d-476f-b25b-d7f87790d2c1|localhost:15011]|listeners:[], old=peers:[1ba87fbc-452a-4836-9768-c65c67837df8|localhost:15003]|listeners:[]
2024-03-20 21:08:30,647 [1ba87fbc-452a-4836-9768-c65c67837df8@group-8B04330EF271-LeaderStateImpl] INFO  server.RaftServer$Division (ServerState.java:setRaftConf(386)) - 1ba87fbc-452a-4836-9768-c65c67837df8@group-8B04330EF271: set configuration 21: peers:[1ba87fbc-452a-4836-9768-c65c67837df8|localhost:15003, be2411e5-a42d-476f-b25b-d7f87790d2c1|localhost:15011]|listeners:[], old=null
2024-03-20 21:08:30,663 [be2411e5-a42d-476f-b25b-d7f87790d2c1-server-thread1] INFO  server.RaftServer$Division (ServerState.java:setRaftConf(386)) - be2411e5-a42d-476f-b25b-d7f87790d2c1@group-8B04330EF271: set configuration 21: peers:[1ba87fbc-452a-4836-9768-c65c67837df8|localhost:15003, be2411e5-a42d-476f-b25b-d7f87790d2c1|localhost:15011]|listeners:[], old=null
2024-03-20 21:08:30,667 [IPC Server handler 0 on default port 15007] INFO  ha.SCMRatisServerImpl (SCMRatisServerImpl.java:addSCM(330)) - Successfully added new SCM: be2411e5-a42d-476f-b25b-d7f87790d2c1.
2024-03-20 21:08:30,670 [main] INFO  ha.SCMHAManagerImpl (SCMHAManagerImpl.java:start(135)) - Successfully added SCM scmNode-2 to group group-8B04330EF271:[1ba87fbc-452a-4836-9768-c65c67837df8|localhost:15003, be2411e5-a42d-476f-b25b-d7f87790d2c1|localhost:15011]
2024-03-20 21:08:30,670 [main] INFO  ha.InterSCMGrpcService (InterSCMGrpcProtocolService.java:start(101)) - Starting SCM Grpc Service at port 15014
2024-03-20 21:08:30,673 [main] INFO  SCMHATransactionMonitor (BackgroundSCMService.java:start(65)) - Starting SCMHATransactionMonitor Service.
2024-03-20 21:08:30,673 [main] INFO  ha.SCMServiceManager (SCMServiceManager.java:register(42)) - Registering service SCMHATransactionMonitor.
2024-03-20 21:08:30,674 [main] INFO  SCMHATransactionMonitor (BackgroundSCMService.java:start(62)) - SCMHATransactionMonitor Service is already running, skip start.
2024-03-20 21:08:30,674 [main] INFO  impl.MetricsSystemImpl (MetricsSystemImpl.java:init(158)) - StorageContainerManager metrics system started (again)
2024-03-20 21:08:30,676 [be2411e5-a42d-476f-b25b-d7f87790d2c1@group-8B04330EF271-StateMachineUpdater] INFO  symmetric.SecretKeyStateImpl (SecretKeyStateImpl.java:updateKeysInternal(113)) - Updating keys with [SecretKey(id = 9d01b0d8-d90e-4073-a910-f7970baec0af, creation at: 2024-03-20T21:08:26.133Z, expire at: 2024-03-20T21:08:29.133Z)]
2024-03-20 21:08:30,678 [be2411e5-a42d-476f-b25b-d7f87790d2c1@group-8B04330EF271-StateMachineUpdater] INFO  symmetric.SecretKeyStateImpl (SecretKeyStateImpl.java:updateKeysInternal(128)) - Current key updated SecretKey(id = 9d01b0d8-d90e-4073-a910-f7970baec0af, creation at: 2024-03-20T21:08:26.133Z, expire at: 2024-03-20T21:08:29.133Z)
2024-03-20 21:08:30,680 [be2411e5-a42d-476f-b25b-d7f87790d2c1@group-8B04330EF271-StateMachineUpdater] INFO  symmetric.LocalSecretKeyStore (LocalSecretKeyStore.java:save(109)) - Saved [SecretKey(id = 9d01b0d8-d90e-4073-a910-f7970baec0af, creation at: 2024-03-20T21:08:26.133Z, expire at: 2024-03-20T21:08:29.133Z)] to file /home/runner/work/ozone/ozone/hadoop-ozone/integration-test/target/test-dir/MiniOzoneClusterImpl-bb4c8f07-45f9-422c-bd0c-8b04330ef271/scmNode-2/scm/keys/secret_keys.json
2024-03-20 21:08:30,680 [be2411e5-a42d-476f-b25b-d7f87790d2c1@group-8B04330EF271-StateMachineUpdater] INFO  safemode.HealthyPipelineSafeModeRule (HealthyPipelineSafeModeRule.java:initializeRule(172)) - Refreshed total pipeline count is 0, healthy pipeline threshold count is 1
2024-03-20 21:08:30,680 [be2411e5-a42d-476f-b25b-d7f87790d2c1@group-8B04330EF271-StateMachineUpdater] INFO  safemode.SCMSafeModeManager (SCMSafeModeManager.java:validateSafeModeExitRules(200)) - ContainerSafeModeRule rule is successfully validated
2024-03-20 21:08:30,680 [be2411e5-a42d-476f-b25b-d7f87790d2c1@group-8B04330EF271-StateMachineUpdater] INFO  safemode.SCMSafeModeManager (SCMSafeModeManager.java:validateSafeModeExitRules(200)) - AtleastOneDatanodeReportedRule rule is successfully validated
2024-03-20 21:08:30,681 [be2411e5-a42d-476f-b25b-d7f87790d2c1@group-8B04330EF271-StateMachineUpdater] INFO  symmetric.SecretKeyStateImpl (SecretKeyStateImpl.java:updateKeysInternal(113)) - Updating keys with [SecretKey(id = 9d01b0d8-d90e-4073-a910-f7970baec0af, creation at: 2024-03-20T21:08:26.133Z, expire at: 2024-03-20T21:08:29.133Z), SecretKey(id = c21ae4fa-8f3b-41ea-8041-760a9eac3a65, creation at: 2024-03-20T21:08:27.172Z, expire at: 2024-03-20T21:08:30.172Z)]
2024-03-20 21:08:30,682 [be2411e5-a42d-476f-b25b-d7f87790d2c1@group-8B04330EF271-StateMachineUpdater] INFO  symmetric.SecretKeyStateImpl (SecretKeyStateImpl.java:updateKeysInternal(128)) - Current key updated SecretKey(id = c21ae4fa-8f3b-41ea-8041-760a9eac3a65, creation at: 2024-03-20T21:08:27.172Z, expire at: 2024-03-20T21:08:30.172Z)
2024-03-20 21:08:30,683 [be2411e5-a42d-476f-b25b-d7f87790d2c1@group-8B04330EF271-StateMachineUpdater] INFO  symmetric.LocalSecretKeyStore (LocalSecretKeyStore.java:save(109)) - Saved [SecretKey(id = c21ae4fa-8f3b-41ea-8041-760a9eac3a65, creation at: 2024-03-20T21:08:27.172Z, expire at: 2024-03-20T21:08:30.172Z), SecretKey(id = 9d01b0d8-d90e-4073-a910-f7970baec0af, creation at: 2024-03-20T21:08:26.133Z, expire at: 2024-03-20T21:08:29.133Z)] to file /home/runner/work/ozone/ozone/hadoop-ozone/integration-test/target/test-dir/MiniOzoneClusterImpl-bb4c8f07-45f9-422c-bd0c-8b04330ef271/scmNode-2/scm/keys/secret_keys.json
2024-03-20 21:08:30,683 [be2411e5-a42d-476f-b25b-d7f87790d2c1@group-8B04330EF271-StateMachineUpdater] INFO  safemode.HealthyPipelineSafeModeRule (HealthyPipelineSafeModeRule.java:initializeRule(172)) - Refreshed total pipeline count is 0, healthy pipeline threshold count is 1
2024-03-20 21:08:30,683 [be2411e5-a42d-476f-b25b-d7f87790d2c1@group-8B04330EF271-StateMachineUpdater] INFO  symmetric.SecretKeyStateImpl (SecretKeyStateImpl.java:updateKeysInternal(113)) - Updating keys with [SecretKey(id = c21ae4fa-8f3b-41ea-8041-760a9eac3a65, creation at: 2024-03-20T21:08:27.172Z, expire at: 2024-03-20T21:08:30.172Z), SecretKey(id = 9d01b0d8-d90e-4073-a910-f7970baec0af, creation at: 2024-03-20T21:08:26.133Z, expire at: 2024-03-20T21:08:29.133Z), SecretKey(id = cfe7e27d-1a8e-48dc-a082-484c57858646, creation at: 2024-03-20T21:08:28.172Z, expire at: 2024-03-20T21:08:31.172Z)]
2024-03-20 21:08:30,683 [be2411e5-a42d-476f-b25b-d7f87790d2c1@group-8B04330EF271-StateMachineUpdater] INFO  symmetric.SecretKeyStateImpl (SecretKeyStateImpl.java:updateKeysInternal(128)) - Current key updated SecretKey(id = cfe7e27d-1a8e-48dc-a082-484c57858646, creation at: 2024-03-20T21:08:28.172Z, expire at: 2024-03-20T21:08:31.172Z)
2024-03-20 21:08:30,684 [be2411e5-a42d-476f-b25b-d7f87790d2c1@group-8B04330EF271-StateMachineUpdater] INFO  symmetric.LocalSecretKeyStore (LocalSecretKeyStore.java:save(109)) - Saved [SecretKey(id = cfe7e27d-1a8e-48dc-a082-484c57858646, creation at: 2024-03-20T21:08:28.172Z, expire at: 2024-03-20T21:08:31.172Z), SecretKey(id = c21ae4fa-8f3b-41ea-8041-760a9eac3a65, creation at: 2024-03-20T21:08:27.172Z, expire at: 2024-03-20T21:08:30.172Z), SecretKey(id = 9d01b0d8-d90e-4073-a910-f7970baec0af, creation at: 2024-03-20T21:08:26.133Z, expire at: 2024-03-20T21:08:29.133Z)] to file /home/runner/work/ozone/ozone/hadoop-ozone/integration-test/target/test-dir/MiniOzoneClusterImpl-bb4c8f07-45f9-422c-bd0c-8b04330ef271/scmNode-2/scm/keys/secret_keys.json
2024-03-20 21:08:30,684 [be2411e5-a42d-476f-b25b-d7f87790d2c1@group-8B04330EF271-StateMachineUpdater] INFO  safemode.HealthyPipelineSafeModeRule (HealthyPipelineSafeModeRule.java:initializeRule(172)) - Refreshed total pipeline count is 0, healthy pipeline threshold count is 1
2024-03-20 21:08:30,685 [be2411e5-a42d-476f-b25b-d7f87790d2c1@group-8B04330EF271-StateMachineUpdater] INFO  symmetric.SecretKeyStateImpl (SecretKeyStateImpl.java:updateKeysInternal(113)) - Updating keys with [SecretKey(id = cfe7e27d-1a8e-48dc-a082-484c57858646, creation at: 2024-03-20T21:08:28.172Z, expire at: 2024-03-20T21:08:31.172Z), SecretKey(id = c21ae4fa-8f3b-41ea-8041-760a9eac3a65, creation at: 2024-03-20T21:08:27.172Z, expire at: 2024-03-20T21:08:30.172Z), SecretKey(id = 61470185-16b8-4b45-8157-4ea89e2423b7, creation at: 2024-03-20T21:08:29.172Z, expire at: 2024-03-20T21:08:32.172Z)]
2024-03-20 21:08:30,685 [be2411e5-a42d-476f-b25b-d7f87790d2c1@group-8B04330EF271-StateMachineUpdater] INFO  symmetric.SecretKeyStateImpl (SecretKeyStateImpl.java:updateKeysInternal(128)) - Current key updated SecretKey(id = 61470185-16b8-4b45-8157-4ea89e2423b7, creation at: 2024-03-20T21:08:29.172Z, expire at: 2024-03-20T21:08:32.172Z)
2024-03-20 21:08:30,685 [be2411e5-a42d-476f-b25b-d7f87790d2c1@group-8B04330EF271-StateMachineUpdater] INFO  symmetric.LocalSecretKeyStore (LocalSecretKeyStore.java:save(109)) - Saved [SecretKey(id = 61470185-16b8-4b45-8157-4ea89e2423b7, creation at: 2024-03-20T21:08:29.172Z, expire at: 2024-03-20T21:08:32.172Z), SecretKey(id = cfe7e27d-1a8e-48dc-a082-484c57858646, creation at: 2024-03-20T21:08:28.172Z, expire at: 2024-03-20T21:08:31.172Z), SecretKey(id = c21ae4fa-8f3b-41ea-8041-760a9eac3a65, creation at: 2024-03-20T21:08:27.172Z, expire at: 2024-03-20T21:08:30.172Z)] to file /home/runner/work/ozone/ozone/hadoop-ozone/integration-test/target/test-dir/MiniOzoneClusterImpl-bb4c8f07-45f9-422c-bd0c-8b04330ef271/scmNode-2/scm/keys/secret_keys.json
2024-03-20 21:08:30,686 [be2411e5-a42d-476f-b25b-d7f87790d2c1@group-8B04330EF271-StateMachineUpdater] INFO  safemode.HealthyPipelineSafeModeRule (HealthyPipelineSafeModeRule.java:initializeRule(172)) - Refreshed total pipeline count is 0, healthy pipeline threshold count is 1
2024-03-20 21:08:30,687 [be2411e5-a42d-476f-b25b-d7f87790d2c1@group-8B04330EF271-StateMachineUpdater] WARN  ha.SequenceIdGenerator (SequenceIdGenerator.java:allocateBatch(258)) - Failed to allocate a batch for CertificateId, expected lastId is 0, actual lastId is 2.
2024-03-20 21:08:30,687 [be2411e5-a42d-476f-b25b-d7f87790d2c1@group-8B04330EF271-StateMachineUpdater] INFO  safemode.HealthyPipelineSafeModeRule (HealthyPipelineSafeModeRule.java:initializeRule(172)) - Refreshed total pipeline count is 0, healthy pipeline threshold count is 1
2024-03-20 21:08:30,688 [be2411e5-a42d-476f-b25b-d7f87790d2c1@group-8B04330EF271-StateMachineUpdater] INFO  safemode.HealthyPipelineSafeModeRule (HealthyPipelineSafeModeRule.java:initializeRule(172)) - Refreshed total pipeline count is 0, healthy pipeline threshold count is 1
2024-03-20 21:08:30,690 [be2411e5-a42d-476f-b25b-d7f87790d2c1@group-8B04330EF271-StateMachineUpdater] INFO  server.SCMCertStore (SCMCertStore.java:storeValidScmCertificate(122)) - Scm certificate 3 for CN=scm-sub@localhost,OU=be2411e5-a42d-476f-b25b-d7f87790d2c1,O=bb4c8f07-45f9-422c-bd0c-8b04330ef271,SERIALNUMBER=3 is stored
2024-03-20 21:08:30,690 [be2411e5-a42d-476f-b25b-d7f87790d2c1@group-8B04330EF271-StateMachineUpdater] INFO  safemode.HealthyPipelineSafeModeRule (HealthyPipelineSafeModeRule.java:initializeRule(172)) - Refreshed total pipeline count is 0, healthy pipeline threshold count is 1
2024-03-20 21:08:30,691 [be2411e5-a42d-476f-b25b-d7f87790d2c1@group-8B04330EF271-StateMachineUpdater] INFO  symmetric.SecretKeyStateImpl (SecretKeyStateImpl.java:updateKeysInternal(113)) - Updating keys with [SecretKey(id = 61470185-16b8-4b45-8157-4ea89e2423b7, creation at: 2024-03-20T21:08:29.172Z, expire at: 2024-03-20T21:08:32.172Z), SecretKey(id = cfe7e27d-1a8e-48dc-a082-484c57858646, creation at: 2024-03-20T21:08:28.172Z, expire at: 2024-03-20T21:08:31.172Z), SecretKey(id = c21ae4fa-8f3b-41ea-8041-760a9eac3a65, creation at: 2024-03-20T21:08:27.172Z, expire at: 2024-03-20T21:08:30.172Z), SecretKey(id = 7902a007-3ec8-4a47-910f-e08d066eea9f, creation at: 2024-03-20T21:08:30.172Z, expire at: 2024-03-20T21:08:33.172Z)]
2024-03-20 21:08:30,691 [be2411e5-a42d-476f-b25b-d7f87790d2c1@group-8B04330EF271-StateMachineUpdater] INFO  symmetric.SecretKeyStateImpl (SecretKeyStateImpl.java:updateKeysInternal(128)) - Current key updated SecretKey(id = 7902a007-3ec8-4a47-910f-e08d066eea9f, creation at: 2024-03-20T21:08:30.172Z, expire at: 2024-03-20T21:08:33.172Z)
2024-03-20 21:08:30,692 [be2411e5-a42d-476f-b25b-d7f87790d2c1@group-8B04330EF271-StateMachineUpdater] INFO  symmetric.LocalSecretKeyStore (LocalSecretKeyStore.java:save(109)) - Saved [SecretKey(id = 7902a007-3ec8-4a47-910f-e08d066eea9f, creation at: 2024-03-20T21:08:30.172Z, expire at: 2024-03-20T21:08:33.172Z), SecretKey(id = 61470185-16b8-4b45-8157-4ea89e2423b7, creation at: 2024-03-20T21:08:29.172Z, expire at: 2024-03-20T21:08:32.172Z), SecretKey(id = cfe7e27d-1a8e-48dc-a082-484c57858646, creation at: 2024-03-20T21:08:28.172Z, expire at: 2024-03-20T21:08:31.172Z), SecretKey(id = c21ae4fa-8f3b-41ea-8041-760a9eac3a65, creation at: 2024-03-20T21:08:27.172Z, expire at: 2024-03-20T21:08:30.172Z)] to file /home/runner/work/ozone/ozone/hadoop-ozone/integration-test/target/test-dir/MiniOzoneClusterImpl-bb4c8f07-45f9-422c-bd0c-8b04330ef271/scmNode-2/scm/keys/secret_keys.json
2024-03-20 21:08:30,692 [be2411e5-a42d-476f-b25b-d7f87790d2c1@group-8B04330EF271-StateMachineUpdater] INFO  safemode.HealthyPipelineSafeModeRule (HealthyPipelineSafeModeRule.java:initializeRule(172)) - Refreshed total pipeline count is 0, healthy pipeline threshold count is 1
2024-03-20 21:08:30,695 [main] INFO  server.SCMClientProtocolServer (SCMClientProtocolServer.java:start(204)) - RPC server for Client  is listening at /0.0.0.0:15013
2024-03-20 21:08:30,696 [IPC Server Responder] INFO  ipc.Server (Server.java:run(1562)) - IPC Server Responder: starting
2024-03-20 21:08:30,696 [IPC Server listener on 15013] INFO  ipc.Server (Server.java:run(1402)) - IPC Server listener on 15013: starting
2024-03-20 21:08:30,707 [main] INFO  server.StorageContainerManager (StorageContainerManager.java:start(1558)) - ScmBlockLocationProtocol RPC server is listening at /0.0.0.0:15015
2024-03-20 21:08:30,708 [main] INFO  server.SCMBlockProtocolServer (SCMBlockProtocolServer.java:start(162)) - RPC server for Block Protocol is listening at /0.0.0.0:15015
2024-03-20 21:08:30,708 [IPC Server Responder] INFO  ipc.Server (Server.java:run(1562)) - IPC Server Responder: starting
2024-03-20 21:08:30,708 [IPC Server listener on 15015] INFO  ipc.Server (Server.java:run(1402)) - IPC Server listener on 15015: starting
2024-03-20 21:08:30,715 [main] INFO  server.SCMSecurityProtocolServer (SCMSecurityProtocolServer.java:start(558)) - Starting RPC server for SCMSecurityProtocolServer. is listening at /0.0.0.0:15010
2024-03-20 21:08:30,716 [IPC Server Responder] INFO  ipc.Server (Server.java:run(1562)) - IPC Server Responder: starting
2024-03-20 21:08:30,717 [IPC Server listener on 15010] INFO  ipc.Server (Server.java:run(1402)) - IPC Server listener on 15010: starting
2024-03-20 21:08:30,717 [main] INFO  server.SCMUpdateServiceGrpcServer (SCMUpdateServiceGrpcServer.java:start(58)) - SCMUpdateService starting
2024-03-20 21:08:30,729 [Socket Reader #1 for port 15002] INFO  ipc.Server (Server.java:saslProcess(2139)) - Auth successful for scm/fv-az1053-74.1e55wlyavovu3ma4fylbaqc4gd.phxx.internal.cloudapp.net@EXAMPLE.COM (auth:KERBEROS) from fv-az1053-74.1e55wlyavovu3ma4fylbaqc4gd.phxx.internal.cloudapp.net:36287 / 10.1.0.34:36287
2024-03-20 21:08:30,734 [Socket Reader #1 for port 15002] INFO  authorize.ServiceAuthorizationManager (ServiceAuthorizationManager.java:authorize(137)) - Authorization successful for scm/fv-az1053-74.1e55wlyavovu3ma4fylbaqc4gd.phxx.internal.cloudapp.net@EXAMPLE.COM (auth:KERBEROS) for protocol=interface org.apache.hadoop.hdds.protocol.SCMSecurityProtocol
2024-03-20 21:08:30,740 [main] INFO  server.StorageContainerManager (StorageContainerManager.java:persistSCMCertificates(1626)) - Persist certificate serialId 1 on Scm Bootstrap Node be2411e5-a42d-476f-b25b-d7f87790d2c1
2024-03-20 21:08:30,742 [main] INFO  server.SCMCertStore (SCMCertStore.java:storeValidScmCertificate(122)) - Scm certificate 1 for CN=scm@fv-az1053-74,OU=1ba87fbc-452a-4836-9768-c65c67837df8,O=bb4c8f07-45f9-422c-bd0c-8b04330ef271,SERIALNUMBER=1 is stored
2024-03-20 21:08:30,742 [main] INFO  server.StorageContainerManager (StorageContainerManager.java:persistSCMCertificates(1626)) - Persist certificate serialId 2 on Scm Bootstrap Node be2411e5-a42d-476f-b25b-d7f87790d2c1
2024-03-20 21:08:30,743 [main] INFO  server.SCMCertStore (SCMCertStore.java:storeValidScmCertificate(122)) - Scm certificate 2 for CN=scm-sub@localhost,OU=1ba87fbc-452a-4836-9768-c65c67837df8,O=bb4c8f07-45f9-422c-bd0c-8b04330ef271,SERIALNUMBER=2 is stored
2024-03-20 21:08:30,745 [main] INFO  http.BaseHttpServer (BaseHttpServer.java:newHttpServer2BuilderForOzone(223)) - Starting Web-server for scm at: http://0.0.0.0:15008
2024-03-20 21:08:30,745 [main] INFO  http.BaseHttpServer (BaseHttpServer.java:<init>(110)) - Hadoop Security Enabled: true Ozone Security Enabled: true Ozone HTTP Security Enabled: false 
2024-03-20 21:08:30,747 [main] WARN  server.AuthenticationFilter (AuthenticationFilter.java:constructSecretProvider(240)) - Unable to initialize FileSignerSecretProvider, falling back to use random secrets. Reason: Could not read signature secret file: /home/runner/hadoop-http-auth-signature-secret
2024-03-20 21:08:30,747 [main] INFO  http.HttpRequestLog (HttpRequestLog.java:getRequestLog(86)) - Http request log for http.requests.scm is not defined
2024-03-20 21:08:30,749 [main] INFO  http.HttpServer2 (HttpServer2.java:addGlobalFilter(1036)) - Added global filter 'safety' (class=org.apache.hadoop.hdds.server.http.HttpServer2$QuotingInputFilter)
2024-03-20 21:08:30,749 [main] INFO  http.HttpServer2 (HttpServer2.java:addFilter(1012)) - Added filter static_user_filter (class=org.apache.hadoop.http.lib.StaticUserWebFilter$StaticUserFilter) to context scm
2024-03-20 21:08:30,749 [main] INFO  http.HttpServer2 (HttpServer2.java:addFilter(1020)) - Added filter static_user_filter (class=org.apache.hadoop.http.lib.StaticUserWebFilter$StaticUserFilter) to context logs
2024-03-20 21:08:30,750 [main] INFO  http.HttpServer2 (HttpServer2.java:addFilter(1020)) - Added filter static_user_filter (class=org.apache.hadoop.http.lib.StaticUserWebFilter$StaticUserFilter) to context static
2024-03-20 21:08:30,751 [main] INFO  http.BaseHttpServer (BaseHttpServer.java:<init>(189)) - HTTP server of scm uses base directory /home/runner/work/ozone/ozone/hadoop-ozone/integration-test/target/test-dir/MiniOzoneClusterImpl-bb4c8f07-45f9-422c-bd0c-8b04330ef271/scmNode-2/webserver
2024-03-20 21:08:30,751 [main] INFO  http.HttpServer2 (HttpServer2.java:bindListener(1236)) - Jetty bound to port 15008
2024-03-20 21:08:30,751 [main] INFO  server.Server (Server.java:doStart(375)) - jetty-9.4.53.v20231009; built: 2023-10-09T12:29:09.265Z; git: 27bde00a0b95a1d5bbee0eae7984f891d2d0f8c9; jvm 1.8.0_402-b06
2024-03-20 21:08:30,753 [main] INFO  server.session (DefaultSessionIdManager.java:doStart(334)) - DefaultSessionIdManager workerName=node0
2024-03-20 21:08:30,753 [main] INFO  server.session (DefaultSessionIdManager.java:doStart(339)) - No SessionScavenger set, using defaults
2024-03-20 21:08:30,753 [main] INFO  server.session (HouseKeeper.java:startScavenging(132)) - node0 Scavenging every 600000ms
2024-03-20 21:08:30,754 [main] INFO  handler.ContextHandler (ContextHandler.java:doStart(921)) - Started o.e.j.s.ServletContextHandler@391aee9{logs,/logs,file:///home/runner/work/ozone/ozone/hadoop-ozone/integration-test/target/log,AVAILABLE}
2024-03-20 21:08:30,754 [main] INFO  handler.ContextHandler (ContextHandler.java:doStart(921)) - Started o.e.j.s.ServletContextHandler@3f19ac42{static,/static,file:///home/runner/work/ozone/ozone/hadoop-ozone/integration-test/target/test-classes/webapps/static,AVAILABLE}
2024-03-20 21:08:30,758 [main] INFO  handler.ContextHandler (ContextHandler.java:doStart(921)) - Started o.e.j.w.WebAppContext@69b783ea{scm,/,file:///home/runner/work/ozone/ozone/hadoop-ozone/integration-test/target/test-classes/webapps/scm/,AVAILABLE}{file:/home/runner/work/ozone/ozone/hadoop-ozone/integration-test/target/test-classes/webapps/scm}
2024-03-20 21:08:30,760 [main] INFO  server.AbstractConnector (AbstractConnector.java:doStart(333)) - Started ServerConnector@20e27a41{HTTP/1.1, (http/1.1)}{0.0.0.0:15008}
2024-03-20 21:08:30,760 [main] INFO  server.Server (Server.java:doStart(415)) - Started @21520ms
2024-03-20 21:08:30,760 [main] WARN  impl.MetricsSystemImpl (MetricsSystemImpl.java:register(279)) - Sink prometheus already exists!
2024-03-20 21:08:30,761 [main] INFO  http.BaseHttpServer (BaseHttpServer.java:updateConnectorAddress(354)) - HTTP server of scm listening at http://0.0.0.0:15008
2024-03-20 21:08:30,762 [main] INFO  ozone.MiniOzoneHAClusterImpl (MiniOzoneHAClusterImpl.java:createSCMService(590)) - Started SCM RPC server at /0.0.0.0:15013
2024-03-20 21:08:30,765 [IPC Server handler 1 on default port 15002] INFO  client.SCMCertificateClient (DefaultCertificateClient.java:getAllRootCaCerts(973)) - scm/sub-ca has 0 Root CA certificates
2024-03-20 21:08:30,765 [IPC Server handler 1 on default port 15002] INFO  client.SCMCertificateClient (DefaultCertificateClient.java:getAllCaCerts(981)) - scm/sub-ca has 1 CA certificates
2024-03-20 21:08:30,765 [main] WARN  server.ServerUtils (ServerUtils.java:getScmDbDir(143)) - ozone.scm.db.dirs is not configured. We recommend adding this setting. Falling back to ozone.metadata.dirs instead.
2024-03-20 21:08:30,766 [main] INFO  ha.SCMHANodeDetails (SCMHANodeDetails.java:loadSCMHAConfig(207)) - ServiceID for StorageContainerManager is TestSecretKey
2024-03-20 21:08:30,766 [main] INFO  ha.SCMHANodeDetails (SCMHANodeDetails.java:loadSCMHAConfig(218)) - ServiceID for StorageContainerManager is TestSecretKey
2024-03-20 21:08:30,766 [main] WARN  scm.ScmUtils (ScmUtils.java:logWarn(192)) - ConfigKey ozone.scm.block.client.address is deprecated, For configuring different ports for each SCM use PortConfigKey ozone.scm.block.client.port appended with serviceId and nodeId. If want to configure same port configure ozone.scm.block.client.port
2024-03-20 21:08:30,766 [main] WARN  scm.ScmUtils (ScmUtils.java:logWarn(192)) - ConfigKey ozone.scm.client.address is deprecated, For configuring different ports for each SCM use PortConfigKey ozone.scm.client.port appended with serviceId and nodeId. If want to configure same port configure ozone.scm.client.port
2024-03-20 21:08:30,766 [be2411e5-a42d-476f-b25b-d7f87790d2c1-scm/sub-ca-refreshCACertificates] INFO  client.SCMCertificateClient (DefaultCertificateClient.java:getAllRootCaCerts(973)) - scm/sub-ca has 0 Root CA certificates
2024-03-20 21:08:30,767 [main] WARN  scm.ScmUtils (ScmUtils.java:logWarn(192)) - ConfigKey ozone.scm.datanode.address is deprecated, For configuring different ports for each SCM use PortConfigKey ozone.scm.datanode.port appended with serviceId and nodeId. If want to configure same port configure ozone.scm.datanode.port
2024-03-20 21:08:30,767 [be2411e5-a42d-476f-b25b-d7f87790d2c1-scm/sub-ca-refreshCACertificates] INFO  client.SCMCertificateClient (DefaultCertificateClient.java:getAllCaCerts(981)) - scm/sub-ca has 1 CA certificates
2024-03-20 21:08:30,767 [main] WARN  scm.ScmUtils (ScmUtils.java:logWarn(192)) - ConfigKey ozone.scm.block.client.address is deprecated, For configuring different ports for each SCM use PortConfigKey ozone.scm.block.client.port appended with serviceId and nodeId. If want to configure same port configure ozone.scm.block.client.port
2024-03-20 21:08:30,767 [main] WARN  scm.ScmUtils (ScmUtils.java:logWarn(192)) - ConfigKey ozone.scm.client.address is deprecated, For configuring different ports for each SCM use PortConfigKey ozone.scm.client.port appended with serviceId and nodeId. If want to configure same port configure ozone.scm.client.port
2024-03-20 21:08:30,767 [main] WARN  scm.ScmUtils (ScmUtils.java:logWarn(192)) - ConfigKey ozone.scm.datanode.address is deprecated, For configuring different ports for each SCM use PortConfigKey ozone.scm.datanode.port appended with serviceId and nodeId. If want to configure same port configure ozone.scm.datanode.port
2024-03-20 21:08:30,768 [main] INFO  ha.SCMHANodeDetails (SCMHANodeDetails.java:loadSCMHAConfig(305)) - Found matching SCM address with SCMServiceId: TestSecretKey, SCMNodeId: scmNode-3, RPC Address: localhost:15019 and Ratis port: 15019
2024-03-20 21:08:30,768 [main] INFO  ha.SCMHANodeDetails (ConfUtils.java:setNodeSpecificConfigs(97)) - Setting configuration key ozone.scm.datanode.address with value of key ozone.scm.datanode.address.TestSecretKey.scmNode-3: 127.0.0.1:15020
2024-03-20 21:08:30,768 [main] INFO  ha.SCMHANodeDetails (ConfUtils.java:setNodeSpecificConfigs(97)) - Setting configuration key ozone.scm.block.client.address with value of key ozone.scm.block.client.address.TestSecretKey.scmNode-3: 127.0.0.1:15023
2024-03-20 21:08:30,768 [main] INFO  ha.SCMHANodeDetails (ConfUtils.java:setNodeSpecificConfigs(97)) - Setting configuration key ozone.scm.client.address with value of key ozone.scm.client.address.TestSecretKey.scmNode-3: 127.0.0.1:15021
2024-03-20 21:08:30,769 [main] INFO  ha.SCMHANodeDetails (ConfUtils.java:setNodeSpecificConfigs(97)) - Setting configuration key ozone.scm.security.service.address with value of key ozone.scm.security.service.address.TestSecretKey.scmNode-3: 127.0.0.1:15018
2024-03-20 21:08:30,769 [main] INFO  ha.SCMHANodeDetails (ConfUtils.java:setNodeSpecificConfigs(97)) - Setting configuration key ozone.scm.ratis.port with value of key ozone.scm.ratis.port.TestSecretKey.scmNode-3: 15019
2024-03-20 21:08:30,769 [be2411e5-a42d-476f-b25b-d7f87790d2c1-scm/sub-ca-refreshCACertificates] INFO  client.SCMCertificateClient (SCMCertificateClient.java:run(256)) - CA certificates are not changed.
2024-03-20 21:08:30,769 [main] INFO  ha.SCMHANodeDetails (ConfUtils.java:setNodeSpecificConfigs(97)) - Setting configuration key ozone.scm.grpc.port with value of key ozone.scm.grpc.port.TestSecretKey.scmNode-3: 15022
2024-03-20 21:08:30,769 [main] INFO  ha.SCMHANodeDetails (ConfUtils.java:setNodeSpecificConfigs(97)) - Setting configuration key ozone.scm.http-address with value of key ozone.scm.http-address.TestSecretKey.scmNode-3: 127.0.0.1:15016
2024-03-20 21:08:30,769 [main] INFO  ha.SCMHANodeDetails (ConfUtils.java:setNodeSpecificConfigs(97)) - Setting configuration key ozone.scm.https-address with value of key ozone.scm.https-address.TestSecretKey.scmNode-3: 127.0.0.1:15017
2024-03-20 21:08:30,769 [main] INFO  ha.SCMHANodeDetails (ConfUtils.java:setNodeSpecificConfigs(97)) - Setting configuration key ozone.scm.address with value of key ozone.scm.address.TestSecretKey.scmNode-3: 127.0.0.1
2024-03-20 21:08:30,769 [main] WARN  scm.ScmUtils (ScmUtils.java:logWarn(192)) - ConfigKey ozone.scm.block.client.address is deprecated, For configuring different ports for each SCM use PortConfigKey ozone.scm.block.client.port appended with serviceId and nodeId. If want to configure same port configure ozone.scm.block.client.port
2024-03-20 21:08:30,770 [main] WARN  scm.ScmUtils (ScmUtils.java:logWarn(192)) - ConfigKey ozone.scm.client.address is deprecated, For configuring different ports for each SCM use PortConfigKey ozone.scm.client.port appended with serviceId and nodeId. If want to configure same port configure ozone.scm.client.port
2024-03-20 21:08:30,770 [main] WARN  scm.ScmUtils (ScmUtils.java:logWarn(192)) - ConfigKey ozone.scm.datanode.address is deprecated, For configuring different ports for each SCM use PortConfigKey ozone.scm.datanode.port appended with serviceId and nodeId. If want to configure same port configure ozone.scm.datanode.port
2024-03-20 21:08:30,770 [main] INFO  ha.SCMNodeInfo (SCMNodeInfo.java:getPort(197)) - ConfigKey ozone.scm.client.address is deprecated, For configuring different ports for each SCM use PortConfigKey ozone.scm.client.port appended with serviceId and nodeId
2024-03-20 21:08:30,770 [main] INFO  ha.SCMNodeInfo (SCMNodeInfo.java:getPort(197)) - ConfigKey ozone.scm.block.client.address is deprecated, For configuring different ports for each SCM use PortConfigKey ozone.scm.block.client.port appended with serviceId and nodeId
2024-03-20 21:08:30,770 [main] INFO  ha.SCMNodeInfo (SCMNodeInfo.java:getPort(197)) - ConfigKey ozone.scm.security.service.address is deprecated, For configuring different ports for each SCM use PortConfigKey ozone.scm.security.service.port appended with serviceId and nodeId
2024-03-20 21:08:30,770 [main] INFO  ha.SCMNodeInfo (SCMNodeInfo.java:getPort(197)) - ConfigKey ozone.scm.datanode.address is deprecated, For configuring different ports for each SCM use PortConfigKey ozone.scm.datanode.port appended with serviceId and nodeId
2024-03-20 21:08:30,770 [main] INFO  ha.SCMNodeInfo (SCMNodeInfo.java:getPort(197)) - ConfigKey ozone.scm.client.address is deprecated, For configuring different ports for each SCM use PortConfigKey ozone.scm.client.port appended with serviceId and nodeId
2024-03-20 21:08:30,770 [main] INFO  ha.SCMNodeInfo (SCMNodeInfo.java:getPort(197)) - ConfigKey ozone.scm.block.client.address is deprecated, For configuring different ports for each SCM use PortConfigKey ozone.scm.block.client.port appended with serviceId and nodeId
2024-03-20 21:08:30,770 [main] INFO  ha.SCMNodeInfo (SCMNodeInfo.java:getPort(197)) - ConfigKey ozone.scm.security.service.address is deprecated, For configuring different ports for each SCM use PortConfigKey ozone.scm.security.service.port appended with serviceId and nodeId
2024-03-20 21:08:30,771 [main] INFO  ha.SCMNodeInfo (SCMNodeInfo.java:getPort(197)) - ConfigKey ozone.scm.datanode.address is deprecated, For configuring different ports for each SCM use PortConfigKey ozone.scm.datanode.port appended with serviceId and nodeId
2024-03-20 21:08:30,771 [main] INFO  ha.SCMNodeInfo (SCMNodeInfo.java:getPort(197)) - ConfigKey ozone.scm.client.address is deprecated, For configuring different ports for each SCM use PortConfigKey ozone.scm.client.port appended with serviceId and nodeId
2024-03-20 21:08:30,771 [main] INFO  ha.SCMNodeInfo (SCMNodeInfo.java:getPort(197)) - ConfigKey ozone.scm.block.client.address is deprecated, For configuring different ports for each SCM use PortConfigKey ozone.scm.block.client.port appended with serviceId and nodeId
2024-03-20 21:08:30,771 [main] INFO  ha.SCMNodeInfo (SCMNodeInfo.java:getPort(197)) - ConfigKey ozone.scm.security.service.address is deprecated, For configuring different ports for each SCM use PortConfigKey ozone.scm.security.service.port appended with serviceId and nodeId
2024-03-20 21:08:30,771 [main] INFO  ha.SCMNodeInfo (SCMNodeInfo.java:getPort(197)) - ConfigKey ozone.scm.datanode.address is deprecated, For configuring different ports for each SCM use PortConfigKey ozone.scm.datanode.port appended with serviceId and nodeId
2024-03-20 21:08:30,773 [pool-1-thread-2] INFO  request.KdcRequest (KdcRequest.java:preauth(651)) - The preauth data is empty.
2024-03-20 21:08:30,773 [pool-1-thread-2] INFO  server.KdcHandler (KdcHandler.java:handleRecoverableException(177)) - KRB error occurred while processing request:Additional pre-authentication required
2024-03-20 21:08:30,777 [pool-1-thread-1] INFO  request.AsRequest (AsRequest.java:issueTicket(112)) - AS_REQ ISSUE: authtime 1710968910777,scm/fv-az1053-74.1e55wlyavovu3ma4fylbaqc4gd.phxx.internal.cloudapp.net@EXAMPLE.COM for krbtgt/EXAMPLE.COM@EXAMPLE.COM
2024-03-20 21:08:30,778 [main] INFO  security.UserGroupInformation (UserGroupInformation.java:loginUserFromKeytab(1132)) - Login successful for user scm/fv-az1053-74.1e55wlyavovu3ma4fylbaqc4gd.phxx.internal.cloudapp.net@EXAMPLE.COM using keytab file scm.keytab. Keytab auto renewal enabled : false
2024-03-20 21:08:30,779 [main] INFO  server.StorageContainerManager (StorageContainerManager.java:loginAsSCMUserIfSecurityEnabled(1075)) - SCM login successful.
2024-03-20 21:08:30,780 [main] INFO  ha.SCMNodeInfo (SCMNodeInfo.java:getPort(197)) - ConfigKey ozone.scm.client.address is deprecated, For configuring different ports for each SCM use PortConfigKey ozone.scm.client.port appended with serviceId and nodeId
2024-03-20 21:08:30,780 [main] INFO  ha.SCMNodeInfo (SCMNodeInfo.java:getPort(197)) - ConfigKey ozone.scm.block.client.address is deprecated, For configuring different ports for each SCM use PortConfigKey ozone.scm.block.client.port appended with serviceId and nodeId
2024-03-20 21:08:30,781 [main] INFO  ha.SCMNodeInfo (SCMNodeInfo.java:getPort(197)) - ConfigKey ozone.scm.security.service.address is deprecated, For configuring different ports for each SCM use PortConfigKey ozone.scm.security.service.port appended with serviceId and nodeId
2024-03-20 21:08:30,781 [main] INFO  ha.SCMNodeInfo (SCMNodeInfo.java:getPort(197)) - ConfigKey ozone.scm.datanode.address is deprecated, For configuring different ports for each SCM use PortConfigKey ozone.scm.datanode.port appended with serviceId and nodeId
2024-03-20 21:08:30,781 [main] INFO  ha.SCMNodeInfo (SCMNodeInfo.java:getPort(197)) - ConfigKey ozone.scm.client.address is deprecated, For configuring different ports for each SCM use PortConfigKey ozone.scm.client.port appended with serviceId and nodeId
2024-03-20 21:08:30,781 [main] INFO  ha.SCMNodeInfo (SCMNodeInfo.java:getPort(197)) - ConfigKey ozone.scm.block.client.address is deprecated, For configuring different ports for each SCM use PortConfigKey ozone.scm.block.client.port appended with serviceId and nodeId
2024-03-20 21:08:30,781 [main] INFO  ha.SCMNodeInfo (SCMNodeInfo.java:getPort(197)) - ConfigKey ozone.scm.security.service.address is deprecated, For configuring different ports for each SCM use PortConfigKey ozone.scm.security.service.port appended with serviceId and nodeId
2024-03-20 21:08:30,782 [main] INFO  ha.SCMNodeInfo (SCMNodeInfo.java:getPort(197)) - ConfigKey ozone.scm.datanode.address is deprecated, For configuring different ports for each SCM use PortConfigKey ozone.scm.datanode.port appended with serviceId and nodeId
2024-03-20 21:08:30,782 [main] INFO  proxy.SCMBlockLocationFailoverProxyProvider (SCMBlockLocationFailoverProxyProvider.java:<init>(115)) - Created block location fail-over proxy with 2 nodes: [nodeId=scmNode-2,nodeAddress=/127.0.0.1:15015, nodeId=scmNode-1,nodeAddress=/127.0.0.1:15007]
2024-03-20 21:08:30,790 [pool-1-thread-1] INFO  request.TgsRequest (TgsRequest.java:issueTicket(115)) - TGS_REQ ISSUE: authtime 1710968910789,scm/fv-az1053-74.1e55wlyavovu3ma4fylbaqc4gd.phxx.internal.cloudapp.net for scm/fv-az1053-74.1e55wlyavovu3ma4fylbaqc4gd.phxx.internal.cloudapp.net@EXAMPLE.COM
2024-03-20 21:08:30,800 [Socket Reader #1 for port 15007] INFO  ipc.Server (Server.java:saslProcess(2139)) - Auth successful for scm/fv-az1053-74.1e55wlyavovu3ma4fylbaqc4gd.phxx.internal.cloudapp.net@EXAMPLE.COM (auth:KERBEROS) from fv-az1053-74.1e55wlyavovu3ma4fylbaqc4gd.phxx.internal.cloudapp.net:36645 / 10.1.0.34:36645
2024-03-20 21:08:30,807 [Socket Reader #1 for port 15007] INFO  authorize.ServiceAuthorizationManager (ServiceAuthorizationManager.java:authorize(137)) - Authorization successful for scm/fv-az1053-74.1e55wlyavovu3ma4fylbaqc4gd.phxx.internal.cloudapp.net@EXAMPLE.COM (auth:KERBEROS) for protocol=interface org.apache.hadoop.hdds.scm.protocol.ScmBlockLocationProtocol
2024-03-20 21:08:30,808 [main] INFO  ha.HASecurityUtils (HASecurityUtils.java:initializeSecurity(81)) - Initializing secure StorageContainerManager.
2024-03-20 21:08:30,809 [main] INFO  ha.SCMNodeInfo (SCMNodeInfo.java:getPort(197)) - ConfigKey ozone.scm.client.address is deprecated, For configuring different ports for each SCM use PortConfigKey ozone.scm.client.port appended with serviceId and nodeId
2024-03-20 21:08:30,809 [main] INFO  ha.SCMNodeInfo (SCMNodeInfo.java:getPort(197)) - ConfigKey ozone.scm.block.client.address is deprecated, For configuring different ports for each SCM use PortConfigKey ozone.scm.block.client.port appended with serviceId and nodeId
2024-03-20 21:08:30,809 [main] INFO  ha.SCMNodeInfo (SCMNodeInfo.java:getPort(197)) - ConfigKey ozone.scm.security.service.address is deprecated, For configuring different ports for each SCM use PortConfigKey ozone.scm.security.service.port appended with serviceId and nodeId
2024-03-20 21:08:30,809 [main] INFO  ha.SCMNodeInfo (SCMNodeInfo.java:getPort(197)) - ConfigKey ozone.scm.datanode.address is deprecated, For configuring different ports for each SCM use PortConfigKey ozone.scm.datanode.port appended with serviceId and nodeId
2024-03-20 21:08:30,809 [main] INFO  ha.SCMNodeInfo (SCMNodeInfo.java:getPort(197)) - ConfigKey ozone.scm.client.address is deprecated, For configuring different ports for each SCM use PortConfigKey ozone.scm.client.port appended with serviceId and nodeId
2024-03-20 21:08:30,810 [main] INFO  ha.SCMNodeInfo (SCMNodeInfo.java:getPort(197)) - ConfigKey ozone.scm.block.client.address is deprecated, For configuring different ports for each SCM use PortConfigKey ozone.scm.block.client.port appended with serviceId and nodeId
2024-03-20 21:08:30,810 [main] INFO  ha.SCMNodeInfo (SCMNodeInfo.java:getPort(197)) - ConfigKey ozone.scm.security.service.address is deprecated, For configuring different ports for each SCM use PortConfigKey ozone.scm.security.service.port appended with serviceId and nodeId
2024-03-20 21:08:30,810 [main] INFO  ha.SCMNodeInfo (SCMNodeInfo.java:getPort(197)) - ConfigKey ozone.scm.datanode.address is deprecated, For configuring different ports for each SCM use PortConfigKey ozone.scm.datanode.port appended with serviceId and nodeId
2024-03-20 21:08:30,811 [main] INFO  client.SCMCertificateClient (DefaultCertificateClient.java:updateCertSerialId(1313)) - Certificate serial ID set to null
2024-03-20 21:08:30,811 [main] ERROR client.SCMCertificateClient (DefaultCertificateClient.java:getCertPath(376)) - Default certificate serial id is not set. Can't locate the default certificate for this client.
2024-03-20 21:08:30,811 [main] INFO  client.SCMCertificateClient (DefaultCertificateClient.java:init(720)) - Certificate client init case: 0
2024-03-20 21:08:30,811 [main] INFO  client.SCMCertificateClient (DefaultCertificateClient.java:handleCase(738)) - Creating keypair for client as keypair and certificate not found.
2024-03-20 21:08:31,105 [main] INFO  client.SCMCertificateClient (SCMCertificateClient.java:recoverStateIfNeeded(285)) - Init response: GETCERT
2024-03-20 21:08:31,106 [main] INFO  client.SCMCertificateClient (SCMCertificateClient.java:getCSRBuilder(145)) - Creating csr for SCM->hostName:localhost,scmId:b12aa423-edbe-43b9-9e95-c7a538dfc443,clusterId:bb4c8f07-45f9-422c-bd0c-8b04330ef271,subject:scm-sub@localhost
2024-03-20 21:08:31,106 [main] INFO  ozone.OzoneSecurityUtil (OzoneSecurityUtil.java:getValidInetsForCurrentHost(119)) - ip:fe80:0:0:0:6245:bdff:feae:494f%eth0 not returned.
2024-03-20 21:08:31,106 [main] INFO  ozone.OzoneSecurityUtil (OzoneSecurityUtil.java:getValidInetsForCurrentHost(116)) - Adding ip:10.1.0.34,host:fv-az1053-74.1e55wlyavovu3ma4fylbaqc4gd.phxx.internal.cloudapp.net
2024-03-20 21:08:31,107 [main] INFO  ozone.OzoneSecurityUtil (OzoneSecurityUtil.java:getValidInetsForCurrentHost(119)) - ip:0:0:0:0:0:0:0:1%lo not returned.
2024-03-20 21:08:31,107 [main] INFO  ozone.OzoneSecurityUtil (OzoneSecurityUtil.java:getValidInetsForCurrentHost(119)) - ip:127.0.0.1 not returned.
2024-03-20 21:08:31,116 [Socket Reader #1 for port 15002] INFO  ipc.Server (Server.java:saslProcess(2139)) - Auth successful for scm/fv-az1053-74.1e55wlyavovu3ma4fylbaqc4gd.phxx.internal.cloudapp.net@EXAMPLE.COM (auth:KERBEROS) from fv-az1053-74.1e55wlyavovu3ma4fylbaqc4gd.phxx.internal.cloudapp.net:42399 / 10.1.0.34:42399
2024-03-20 21:08:31,125 [Socket Reader #1 for port 15002] INFO  authorize.ServiceAuthorizationManager (ServiceAuthorizationManager.java:authorize(137)) - Authorization successful for scm/fv-az1053-74.1e55wlyavovu3ma4fylbaqc4gd.phxx.internal.cloudapp.net@EXAMPLE.COM (auth:KERBEROS) for protocol=interface org.apache.hadoop.hdds.protocol.SCMSecurityProtocol
2024-03-20 21:08:31,125 [IPC Server handler 0 on default port 15002] INFO  server.SCMSecurityProtocolServer (SCMSecurityProtocolServer.java:getSCMCertificate(341)) - Processing CSR for scm localhost, nodeId: b12aa423-edbe-43b9-9e95-c7a538dfc443
2024-03-20 21:08:31,134 [1ba87fbc-452a-4836-9768-c65c67837df8@group-8B04330EF271-StateMachineUpdater] INFO  safemode.HealthyPipelineSafeModeRule (HealthyPipelineSafeModeRule.java:initializeRule(172)) - Refreshed total pipeline count is 0, healthy pipeline threshold count is 1
2024-03-20 21:08:31,135 [IPC Server handler 0 on default port 15002] INFO  ha.SequenceIdGenerator (SequenceIdGenerator.java:getNextId(145)) - Allocate a batch for CertificateId, change lastId from 3 to 4.
2024-03-20 21:08:31,137 [be2411e5-a42d-476f-b25b-d7f87790d2c1@group-8B04330EF271-StateMachineUpdater] INFO  safemode.HealthyPipelineSafeModeRule (HealthyPipelineSafeModeRule.java:initializeRule(172)) - Refreshed total pipeline count is 0, healthy pipeline threshold count is 1
2024-03-20 21:08:31,138 [IPC Server handler 0 on default port 15002] INFO  authority.DefaultApprover (DefaultApprover.java:sign(157)) - Extensions in CSR: 2.5.29.19, 2.5.29.15, 2.5.29.17
2024-03-20 21:08:31,139 [IPC Server handler 0 on default port 15002] INFO  authority.DefaultApprover (DefaultApprover.java:sign(161)) - Extensions to add to the certificate if they present in CSR: 2.5.29.17, 2.5.29.19, 1.3.6.1.5.5.7.1.12, 2.5.29.35, 2.5.29.37, 2.5.29.15
2024-03-20 21:08:31,164 [1ba87fbc-452a-4836-9768-c65c67837df8@group-8B04330EF271-StateMachineUpdater] INFO  server.SCMCertStore (SCMCertStore.java:storeValidScmCertificate(122)) - Scm certificate 4 for CN=scm-sub@localhost,OU=b12aa423-edbe-43b9-9e95-c7a538dfc443,O=bb4c8f07-45f9-422c-bd0c-8b04330ef271,SERIALNUMBER=4 is stored
2024-03-20 21:08:31,164 [1ba87fbc-452a-4836-9768-c65c67837df8@group-8B04330EF271-StateMachineUpdater] INFO  safemode.HealthyPipelineSafeModeRule (HealthyPipelineSafeModeRule.java:initializeRule(172)) - Refreshed total pipeline count is 0, healthy pipeline threshold count is 1
2024-03-20 21:08:31,167 [be2411e5-a42d-476f-b25b-d7f87790d2c1@group-8B04330EF271-StateMachineUpdater] INFO  server.SCMCertStore (SCMCertStore.java:storeValidScmCertificate(122)) - Scm certificate 4 for CN=scm-sub@localhost,OU=b12aa423-edbe-43b9-9e95-c7a538dfc443,O=bb4c8f07-45f9-422c-bd0c-8b04330ef271,SERIALNUMBER=4 is stored
2024-03-20 21:08:31,167 [be2411e5-a42d-476f-b25b-d7f87790d2c1@group-8B04330EF271-StateMachineUpdater] INFO  safemode.HealthyPipelineSafeModeRule (HealthyPipelineSafeModeRule.java:initializeRule(172)) - Refreshed total pipeline count is 0, healthy pipeline threshold count is 1
2024-03-20 21:08:31,173 [scmNode-1-SecretKeyManagerService] INFO  symmetric.SecretKeyManager (SecretKeyManager.java:checkAndRotate(125)) - SecretKey rotation is happening, new key generated SecretKey(id = 7bec84c1-3dad-4d62-baa5-39646f790b5d, creation at: 2024-03-20T21:08:31.173Z, expire at: 2024-03-20T21:08:34.173Z)
2024-03-20 21:08:31,181 [main] INFO  utils.CertificateCodec (CertificateCodec.java:writeCertificate(299)) - Save certificate to /home/runner/work/ozone/ozone/hadoop-ozone/integration-test/target/test-dir/MiniOzoneClusterImpl-bb4c8f07-45f9-422c-bd0c-8b04330ef271/scmNode-3/scm/sub-ca/certs/CA-1.crt
2024-03-20 21:08:31,181 [main] INFO  utils.CertificateCodec (CertificateCodec.java:writeCertificate(300)) - Certificate -----BEGIN CERTIFICATE-----
MIID/zCCAuegAwIBAgIBATANBgkqhkiG9w0BAQsFADCBhTEZMBcGA1UEAwwQc2Nt
QGZ2LWF6MTA1My03NDEtMCsGA1UECwwkMWJhODdmYmMtNDUyYS00ODM2LTk3Njgt
YzY1YzY3ODM3ZGY4MS0wKwYDVQQKDCRiYjRjOGYwNy00NWY5LTQyMmMtYmQwYy04
YjA0MzMwZWYyNzExCjAIBgNVBAUTATEwHhcNMjQwMzIwMjEwODEyWhcNMjkwNDI4
MjEwODEyWjCBhTEZMBcGA1UEAwwQc2NtQGZ2LWF6MTA1My03NDEtMCsGA1UECwwk
MWJhODdmYmMtNDUyYS00ODM2LTk3NjgtYzY1YzY3ODM3ZGY4MS0wKwYDVQQKDCRi
YjRjOGYwNy00NWY5LTQyMmMtYmQwYy04YjA0MzMwZWYyNzExCjAIBgNVBAUTATEw
ggEiMA0GCSqGSIb3DQEBAQUAA4IBDwAwggEKAoIBAQC/m2LgdUeuFIMf11f1imlJ
ntpXNSG/DAXbhJLInVrNBk9r/+QierA29eQ4BztXjKki+snZ7xcCnCMTQ4hMzD2I
hYfquZKgsxO5OFvDykvs5PKV/kb18GODRIpXoBHiELfOvtwLW6KPy2ftAe5IUO1H
aDknb8dfAKwjZ0Rlrs8lxA0ejWJ36Ys5RcrkS6Gl25OeARPysuEF8jbU/7oQiidJ
T53Mxanb22KmCIsHcLtsQ5bhQu4YIOaqi2cvMUfeu89996AjFrWXBdSFTQFiuIn6
Z3QSCOktXhltlJaRZpTkO/lo4FDeEbQdTEoKH56HZi381mbbefJmNDWdkISPWDQ/
AgMBAAGjeDB2MA8GA1UdEwEB/wQFMAMBAf8wDgYDVR0PAQH/BAQDAgEGMFMGA1Ud
EQRMMEqHBAoBACKCQmZ2LWF6MTA1My03NC4xZTU1d2x5YXZvdnUzbWE0ZnlsYmFx
YzRnZC5waHh4LmludGVybmFsLmNsb3VkYXBwLm5ldDANBgkqhkiG9w0BAQsFAAOC
AQEAiW+KGH2yWPzDgMIJUWsJcnTrIDzIs+IZTcx38oYdVSeE+ftuG/4idvpxB7Ob
GLr33mY/gmGkhQsuOSWFb0zMdcH5UZGUrQNUJ+5u+V/2C1ldylIRsRnfWjjIQYuV
8ZWJ8rCzB2Yj9jaWc2CsNNvwHk01Q29xqSypRKUHbYPvYDPFYs1/8Aq1BzSlrevZ
peYH4cVQTFmVfnSQG3DuvN7jQ+4GRZeJBXuDJKQDNadgan185Dz9vRgzsRMoLEiL
UdFP/+HeC0S1zHXqff9UlKDfGFC24BwvM4ku/bH6nr845BaT5Gyh6KzCSAyvPV1E
HatInUC4mAqYvqZHmUFIj3ldKA==
-----END CERTIFICATE-----

2024-03-20 21:08:31,182 [main] INFO  utils.CertificateCodec (CertificateCodec.java:writeCertificate(299)) - Save certificate to /home/runner/work/ozone/ozone/hadoop-ozone/integration-test/target/test-dir/MiniOzoneClusterImpl-bb4c8f07-45f9-422c-bd0c-8b04330ef271/scmNode-3/scm/sub-ca/certs/4.crt
2024-03-20 21:08:31,183 [main] INFO  utils.CertificateCodec (CertificateCodec.java:writeCertificate(300)) - Certificate -----BEGIN CERTIFICATE-----
MIIEADCCAuigAwIBAgIBBDANBgkqhkiG9w0BAQsFADCBhTEZMBcGA1UEAwwQc2Nt
QGZ2LWF6MTA1My03NDEtMCsGA1UECwwkMWJhODdmYmMtNDUyYS00ODM2LTk3Njgt
YzY1YzY3ODM3ZGY4MS0wKwYDVQQKDCRiYjRjOGYwNy00NWY5LTQyMmMtYmQwYy04
YjA0MzMwZWYyNzExCjAIBgNVBAUTATEwHhcNMjQwMzIwMjEwODMxWhcNMjkwNDI4
MjEwODMxWjCBhjEaMBgGA1UEAwwRc2NtLXN1YkBsb2NhbGhvc3QxLTArBgNVBAsM
JGIxMmFhNDIzLWVkYmUtNDNiOS05ZTk1LWM3YTUzOGRmYzQ0MzEtMCsGA1UECgwk
YmI0YzhmMDctNDVmOS00MjJjLWJkMGMtOGIwNDMzMGVmMjcxMQowCAYDVQQFEwE0
MIIBIjANBgkqhkiG9w0BAQEFAAOCAQ8AMIIBCgKCAQEAneXSDWTc5COaVgQyW1l9
UnepLk4oU7G2i65qOgUZxDynd+ufhkjDmCm9jdX9aeJF8brPZwMQpUdwEp3oyf2z
diLYwxFwg55uKzOJSl6XgHU+WXECX9wTo1vJ8/uSg1wyP3sw6Et8y2xO2L2S+xEZ
wxxAxJuGDvQWLI6merT+oeF4lPEuz0aNM/ZdxBOyRAoHUcEn8SxIrfXxhCQB0jMf
OkQ40sRGdl0Hb7Hm4jTYdEUetnJ7v9o0xasW9wrSsTvDYa665RoUKWaZzAKys+ww
3RQijqI7D0954/H/OfjBB/pCoFzhhciRjqLt+wekP/6jYYCSy7CUztoH67h3C5Pb
qwIDAQABo3gwdjBTBgNVHREETDBKhwQKAQAigkJmdi1hejEwNTMtNzQuMWU1NXds
eWF2b3Z1M21hNGZ5bGJhcWM0Z2QucGh4eC5pbnRlcm5hbC5jbG91ZGFwcC5uZXQw
DwYDVR0TAQH/BAUwAwEB/zAOBgNVHQ8BAf8EBAMCAb4wDQYJKoZIhvcNAQELBQAD
ggEBAD3luowRzWSFM6IyypT0dmDtrOIMOR7bSfo7sqGJnMD8PqiRiCGQsq9aUfJ2
w5kpBeksWOIF0T9rzcjaqPSnhyNVEGrIUBTMPgGiH/uvIbuD3LZKakr12IMHf3I7
djoB85//Ihq70pznz1OcV62cGktgl+RukZItRFF1Zjlun7fldv2OkXD4t1+UxCvO
br5XeQFtSjoorORGf85vfiVvkn/Tbqsdpz9VcNeJOK5mGXH01iB0vkzEFD8YHL/7
U+IpSgrkaYryzpp3auCnA2S2OJDRtRZppfPaT0iQXwr6YPcz3wg0Sze6+1i9dWId
LbcwDi9QtQ+ZE3QlenfvMYv1q+Y=
-----END CERTIFICATE-----

-----BEGIN CERTIFICATE-----
MIID/zCCAuegAwIBAgIBATANBgkqhkiG9w0BAQsFADCBhTEZMBcGA1UEAwwQc2Nt
QGZ2LWF6MTA1My03NDEtMCsGA1UECwwkMWJhODdmYmMtNDUyYS00ODM2LTk3Njgt
YzY1YzY3ODM3ZGY4MS0wKwYDVQQKDCRiYjRjOGYwNy00NWY5LTQyMmMtYmQwYy04
YjA0MzMwZWYyNzExCjAIBgNVBAUTATEwHhcNMjQwMzIwMjEwODEyWhcNMjkwNDI4
MjEwODEyWjCBhTEZMBcGA1UEAwwQc2NtQGZ2LWF6MTA1My03NDEtMCsGA1UECwwk
MWJhODdmYmMtNDUyYS00ODM2LTk3NjgtYzY1YzY3ODM3ZGY4MS0wKwYDVQQKDCRi
YjRjOGYwNy00NWY5LTQyMmMtYmQwYy04YjA0MzMwZWYyNzExCjAIBgNVBAUTATEw
ggEiMA0GCSqGSIb3DQEBAQUAA4IBDwAwggEKAoIBAQC/m2LgdUeuFIMf11f1imlJ
ntpXNSG/DAXbhJLInVrNBk9r/+QierA29eQ4BztXjKki+snZ7xcCnCMTQ4hMzD2I
hYfquZKgsxO5OFvDykvs5PKV/kb18GODRIpXoBHiELfOvtwLW6KPy2ftAe5IUO1H
aDknb8dfAKwjZ0Rlrs8lxA0ejWJ36Ys5RcrkS6Gl25OeARPysuEF8jbU/7oQiidJ
T53Mxanb22KmCIsHcLtsQ5bhQu4YIOaqi2cvMUfeu89996AjFrWXBdSFTQFiuIn6
Z3QSCOktXhltlJaRZpTkO/lo4FDeEbQdTEoKH56HZi381mbbefJmNDWdkISPWDQ/
AgMBAAGjeDB2MA8GA1UdEwEB/wQFMAMBAf8wDgYDVR0PAQH/BAQDAgEGMFMGA1Ud
EQRMMEqHBAoBACKCQmZ2LWF6MTA1My03NC4xZTU1d2x5YXZvdnUzbWE0ZnlsYmFx
YzRnZC5waHh4LmludGVybmFsLmNsb3VkYXBwLm5ldDANBgkqhkiG9w0BAQsFAAOC
AQEAiW+KGH2yWPzDgMIJUWsJcnTrIDzIs+IZTcx38oYdVSeE+ftuG/4idvpxB7Ob
GLr33mY/gmGkhQsuOSWFb0zMdcH5UZGUrQNUJ+5u+V/2C1ldylIRsRnfWjjIQYuV
8ZWJ8rCzB2Yj9jaWc2CsNNvwHk01Q29xqSypRKUHbYPvYDPFYs1/8Aq1BzSlrevZ
peYH4cVQTFmVfnSQG3DuvN7jQ+4GRZeJBXuDJKQDNadgan185Dz9vRgzsRMoLEiL
UdFP/+HeC0S1zHXqff9UlKDfGFC24BwvM4ku/bH6nr845BaT5Gyh6KzCSAyvPV1E
HatInUC4mAqYvqZHmUFIj3ldKA==
-----END CERTIFICATE-----

2024-03-20 21:08:31,183 [main] INFO  utils.CertificateCodec (CertificateCodec.java:writeCertificate(299)) - Save certificate to /home/runner/work/ozone/ozone/hadoop-ozone/integration-test/target/test-dir/MiniOzoneClusterImpl-bb4c8f07-45f9-422c-bd0c-8b04330ef271/scmNode-3/scm/sub-ca/certs/certificate.crt
2024-03-20 21:08:31,183 [main] INFO  utils.CertificateCodec (CertificateCodec.java:writeCertificate(300)) - Certificate -----BEGIN CERTIFICATE-----
MIIEADCCAuigAwIBAgIBBDANBgkqhkiG9w0BAQsFADCBhTEZMBcGA1UEAwwQc2Nt
QGZ2LWF6MTA1My03NDEtMCsGA1UECwwkMWJhODdmYmMtNDUyYS00ODM2LTk3Njgt
YzY1YzY3ODM3ZGY4MS0wKwYDVQQKDCRiYjRjOGYwNy00NWY5LTQyMmMtYmQwYy04
YjA0MzMwZWYyNzExCjAIBgNVBAUTATEwHhcNMjQwMzIwMjEwODMxWhcNMjkwNDI4
MjEwODMxWjCBhjEaMBgGA1UEAwwRc2NtLXN1YkBsb2NhbGhvc3QxLTArBgNVBAsM
JGIxMmFhNDIzLWVkYmUtNDNiOS05ZTk1LWM3YTUzOGRmYzQ0MzEtMCsGA1UECgwk
YmI0YzhmMDctNDVmOS00MjJjLWJkMGMtOGIwNDMzMGVmMjcxMQowCAYDVQQFEwE0
MIIBIjANBgkqhkiG9w0BAQEFAAOCAQ8AMIIBCgKCAQEAneXSDWTc5COaVgQyW1l9
UnepLk4oU7G2i65qOgUZxDynd+ufhkjDmCm9jdX9aeJF8brPZwMQpUdwEp3oyf2z
diLYwxFwg55uKzOJSl6XgHU+WXECX9wTo1vJ8/uSg1wyP3sw6Et8y2xO2L2S+xEZ
wxxAxJuGDvQWLI6merT+oeF4lPEuz0aNM/ZdxBOyRAoHUcEn8SxIrfXxhCQB0jMf
OkQ40sRGdl0Hb7Hm4jTYdEUetnJ7v9o0xasW9wrSsTvDYa665RoUKWaZzAKys+ww
3RQijqI7D0954/H/OfjBB/pCoFzhhciRjqLt+wekP/6jYYCSy7CUztoH67h3C5Pb
qwIDAQABo3gwdjBTBgNVHREETDBKhwQKAQAigkJmdi1hejEwNTMtNzQuMWU1NXds
eWF2b3Z1M21hNGZ5bGJhcWM0Z2QucGh4eC5pbnRlcm5hbC5jbG91ZGFwcC5uZXQw
DwYDVR0TAQH/BAUwAwEB/zAOBgNVHQ8BAf8EBAMCAb4wDQYJKoZIhvcNAQELBQAD
ggEBAD3luowRzWSFM6IyypT0dmDtrOIMOR7bSfo7sqGJnMD8PqiRiCGQsq9aUfJ2
w5kpBeksWOIF0T9rzcjaqPSnhyNVEGrIUBTMPgGiH/uvIbuD3LZKakr12IMHf3I7
djoB85//Ihq70pznz1OcV62cGktgl+RukZItRFF1Zjlun7fldv2OkXD4t1+UxCvO
br5XeQFtSjoorORGf85vfiVvkn/Tbqsdpz9VcNeJOK5mGXH01iB0vkzEFD8YHL/7
U+IpSgrkaYryzpp3auCnA2S2OJDRtRZppfPaT0iQXwr6YPcz3wg0Sze6+1i9dWId
LbcwDi9QtQ+ZE3QlenfvMYv1q+Y=
-----END CERTIFICATE-----

-----BEGIN CERTIFICATE-----
MIID/zCCAuegAwIBAgIBATANBgkqhkiG9w0BAQsFADCBhTEZMBcGA1UEAwwQc2Nt
QGZ2LWF6MTA1My03NDEtMCsGA1UECwwkMWJhODdmYmMtNDUyYS00ODM2LTk3Njgt
YzY1YzY3ODM3ZGY4MS0wKwYDVQQKDCRiYjRjOGYwNy00NWY5LTQyMmMtYmQwYy04
YjA0MzMwZWYyNzExCjAIBgNVBAUTATEwHhcNMjQwMzIwMjEwODEyWhcNMjkwNDI4
MjEwODEyWjCBhTEZMBcGA1UEAwwQc2NtQGZ2LWF6MTA1My03NDEtMCsGA1UECwwk
MWJhODdmYmMtNDUyYS00ODM2LTk3NjgtYzY1YzY3ODM3ZGY4MS0wKwYDVQQKDCRi
YjRjOGYwNy00NWY5LTQyMmMtYmQwYy04YjA0MzMwZWYyNzExCjAIBgNVBAUTATEw
ggEiMA0GCSqGSIb3DQEBAQUAA4IBDwAwggEKAoIBAQC/m2LgdUeuFIMf11f1imlJ
ntpXNSG/DAXbhJLInVrNBk9r/+QierA29eQ4BztXjKki+snZ7xcCnCMTQ4hMzD2I
hYfquZKgsxO5OFvDykvs5PKV/kb18GODRIpXoBHiELfOvtwLW6KPy2ftAe5IUO1H
aDknb8dfAKwjZ0Rlrs8lxA0ejWJ36Ys5RcrkS6Gl25OeARPysuEF8jbU/7oQiidJ
T53Mxanb22KmCIsHcLtsQ5bhQu4YIOaqi2cvMUfeu89996AjFrWXBdSFTQFiuIn6
Z3QSCOktXhltlJaRZpTkO/lo4FDeEbQdTEoKH56HZi381mbbefJmNDWdkISPWDQ/
AgMBAAGjeDB2MA8GA1UdEwEB/wQFMAMBAf8wDgYDVR0PAQH/BAQDAgEGMFMGA1Ud
EQRMMEqHBAoBACKCQmZ2LWF6MTA1My03NC4xZTU1d2x5YXZvdnUzbWE0ZnlsYmFx
YzRnZC5waHh4LmludGVybmFsLmNsb3VkYXBwLm5ldDANBgkqhkiG9w0BAQsFAAOC
AQEAiW+KGH2yWPzDgMIJUWsJcnTrIDzIs+IZTcx38oYdVSeE+ftuG/4idvpxB7Ob
GLr33mY/gmGkhQsuOSWFb0zMdcH5UZGUrQNUJ+5u+V/2C1ldylIRsRnfWjjIQYuV
8ZWJ8rCzB2Yj9jaWc2CsNNvwHk01Q29xqSypRKUHbYPvYDPFYs1/8Aq1BzSlrevZ
peYH4cVQTFmVfnSQG3DuvN7jQ+4GRZeJBXuDJKQDNadgan185Dz9vRgzsRMoLEiL
UdFP/+HeC0S1zHXqff9UlKDfGFC24BwvM4ku/bH6nr845BaT5Gyh6KzCSAyvPV1E
HatInUC4mAqYvqZHmUFIj3ldKA==
-----END CERTIFICATE-----

2024-03-20 21:08:31,184 [main] INFO  client.SCMCertificateClient (SCMCertificateClient.java:recoverStateIfNeeded(296)) - Successfully stored SCM signed certificate.
2024-03-20 21:08:31,185 [main] INFO  server.StorageContainerManager (StorageContainerManager.java:scmBootstrap(1226)) - SCM BootStrap  is successful for ClusterID bb4c8f07-45f9-422c-bd0c-8b04330ef271, SCMID b12aa423-edbe-43b9-9e95-c7a538dfc443
2024-03-20 21:08:31,186 [main] INFO  server.StorageContainerManager (StorageContainerManager.java:scmBootstrap(1228)) - Primary SCM Node ID 1ba87fbc-452a-4836-9768-c65c67837df8
2024-03-20 21:08:31,186 [main] WARN  server.ServerUtils (ServerUtils.java:getScmDbDir(143)) - ozone.scm.db.dirs is not configured. We recommend adding this setting. Falling back to ozone.metadata.dirs instead.
2024-03-20 21:08:31,186 [main] INFO  ha.SCMHANodeDetails (SCMHANodeDetails.java:loadSCMHAConfig(207)) - ServiceID for StorageContainerManager is TestSecretKey
2024-03-20 21:08:31,186 [main] INFO  ha.SCMHANodeDetails (SCMHANodeDetails.java:loadSCMHAConfig(218)) - ServiceID for StorageContainerManager is TestSecretKey
2024-03-20 21:08:31,187 [main] WARN  scm.ScmUtils (ScmUtils.java:logWarn(192)) - ConfigKey ozone.scm.block.client.address is deprecated, For configuring different ports for each SCM use PortConfigKey ozone.scm.block.client.port appended with serviceId and nodeId. If want to configure same port configure ozone.scm.block.client.port
2024-03-20 21:08:31,187 [main] WARN  scm.ScmUtils (ScmUtils.java:logWarn(192)) - ConfigKey ozone.scm.client.address is deprecated, For configuring different ports for each SCM use PortConfigKey ozone.scm.client.port appended with serviceId and nodeId. If want to configure same port configure ozone.scm.client.port
2024-03-20 21:08:31,187 [main] WARN  scm.ScmUtils (ScmUtils.java:logWarn(192)) - ConfigKey ozone.scm.datanode.address is deprecated, For configuring different ports for each SCM use PortConfigKey ozone.scm.datanode.port appended with serviceId and nodeId. If want to configure same port configure ozone.scm.datanode.port
2024-03-20 21:08:31,187 [be2411e5-a42d-476f-b25b-d7f87790d2c1@group-8B04330EF271-StateMachineUpdater] INFO  symmetric.SecretKeyStateImpl (SecretKeyStateImpl.java:updateKeysInternal(113)) - Updating keys with [SecretKey(id = 7902a007-3ec8-4a47-910f-e08d066eea9f, creation at: 2024-03-20T21:08:30.172Z, expire at: 2024-03-20T21:08:33.172Z), SecretKey(id = 61470185-16b8-4b45-8157-4ea89e2423b7, creation at: 2024-03-20T21:08:29.172Z, expire at: 2024-03-20T21:08:32.172Z), SecretKey(id = 7bec84c1-3dad-4d62-baa5-39646f790b5d, creation at: 2024-03-20T21:08:31.173Z, expire at: 2024-03-20T21:08:34.173Z)]
2024-03-20 21:08:31,185 [1ba87fbc-452a-4836-9768-c65c67837df8@group-8B04330EF271-StateMachineUpdater] INFO  symmetric.SecretKeyStateImpl (SecretKeyStateImpl.java:updateKeysInternal(113)) - Updating keys with [SecretKey(id = 7902a007-3ec8-4a47-910f-e08d066eea9f, creation at: 2024-03-20T21:08:30.172Z, expire at: 2024-03-20T21:08:33.172Z), SecretKey(id = 61470185-16b8-4b45-8157-4ea89e2423b7, creation at: 2024-03-20T21:08:29.172Z, expire at: 2024-03-20T21:08:32.172Z), SecretKey(id = 7bec84c1-3dad-4d62-baa5-39646f790b5d, creation at: 2024-03-20T21:08:31.173Z, expire at: 2024-03-20T21:08:34.173Z)]
2024-03-20 21:08:31,189 [be2411e5-a42d-476f-b25b-d7f87790d2c1@group-8B04330EF271-StateMachineUpdater] INFO  symmetric.SecretKeyStateImpl (SecretKeyStateImpl.java:updateKeysInternal(128)) - Current key updated SecretKey(id = 7bec84c1-3dad-4d62-baa5-39646f790b5d, creation at: 2024-03-20T21:08:31.173Z, expire at: 2024-03-20T21:08:34.173Z)
2024-03-20 21:08:31,190 [be2411e5-a42d-476f-b25b-d7f87790d2c1@group-8B04330EF271-StateMachineUpdater] INFO  symmetric.LocalSecretKeyStore (LocalSecretKeyStore.java:save(109)) - Saved [SecretKey(id = 7bec84c1-3dad-4d62-baa5-39646f790b5d, creation at: 2024-03-20T21:08:31.173Z, expire at: 2024-03-20T21:08:34.173Z), SecretKey(id = 7902a007-3ec8-4a47-910f-e08d066eea9f, creation at: 2024-03-20T21:08:30.172Z, expire at: 2024-03-20T21:08:33.172Z), SecretKey(id = 61470185-16b8-4b45-8157-4ea89e2423b7, creation at: 2024-03-20T21:08:29.172Z, expire at: 2024-03-20T21:08:32.172Z)] to file /home/runner/work/ozone/ozone/hadoop-ozone/integration-test/target/test-dir/MiniOzoneClusterImpl-bb4c8f07-45f9-422c-bd0c-8b04330ef271/scmNode-2/scm/keys/secret_keys.json
2024-03-20 21:08:31,190 [be2411e5-a42d-476f-b25b-d7f87790d2c1@group-8B04330EF271-StateMachineUpdater] INFO  safemode.HealthyPipelineSafeModeRule (HealthyPipelineSafeModeRule.java:initializeRule(172)) - Refreshed total pipeline count is 0, healthy pipeline threshold count is 1
2024-03-20 21:08:31,191 [1ba87fbc-452a-4836-9768-c65c67837df8@group-8B04330EF271-StateMachineUpdater] INFO  symmetric.SecretKeyStateImpl (SecretKeyStateImpl.java:updateKeysInternal(128)) - Current key updated SecretKey(id = 7bec84c1-3dad-4d62-baa5-39646f790b5d, creation at: 2024-03-20T21:08:31.173Z, expire at: 2024-03-20T21:08:34.173Z)
2024-03-20 21:08:31,188 [main] WARN  scm.ScmUtils (ScmUtils.java:logWarn(192)) - ConfigKey ozone.scm.block.client.address is deprecated, For configuring different ports for each SCM use PortConfigKey ozone.scm.block.client.port appended with serviceId and nodeId. If want to configure same port configure ozone.scm.block.client.port
2024-03-20 21:08:31,193 [main] WARN  scm.ScmUtils (ScmUtils.java:logWarn(192)) - ConfigKey ozone.scm.client.address is deprecated, For configuring different ports for each SCM use PortConfigKey ozone.scm.client.port appended with serviceId and nodeId. If want to configure same port configure ozone.scm.client.port
2024-03-20 21:08:31,193 [main] WARN  scm.ScmUtils (ScmUtils.java:logWarn(192)) - ConfigKey ozone.scm.datanode.address is deprecated, For configuring different ports for each SCM use PortConfigKey ozone.scm.datanode.port appended with serviceId and nodeId. If want to configure same port configure ozone.scm.datanode.port
2024-03-20 21:08:31,192 [1ba87fbc-452a-4836-9768-c65c67837df8@group-8B04330EF271-StateMachineUpdater] INFO  symmetric.LocalSecretKeyStore (LocalSecretKeyStore.java:save(109)) - Saved [SecretKey(id = 7bec84c1-3dad-4d62-baa5-39646f790b5d, creation at: 2024-03-20T21:08:31.173Z, expire at: 2024-03-20T21:08:34.173Z), SecretKey(id = 7902a007-3ec8-4a47-910f-e08d066eea9f, creation at: 2024-03-20T21:08:30.172Z, expire at: 2024-03-20T21:08:33.172Z), SecretKey(id = 61470185-16b8-4b45-8157-4ea89e2423b7, creation at: 2024-03-20T21:08:29.172Z, expire at: 2024-03-20T21:08:32.172Z)] to file /home/runner/work/ozone/ozone/hadoop-ozone/integration-test/target/test-dir/MiniOzoneClusterImpl-bb4c8f07-45f9-422c-bd0c-8b04330ef271/scmNode-1/scm/keys/secret_keys.json
2024-03-20 21:08:31,193 [main] INFO  ha.SCMHANodeDetails (SCMHANodeDetails.java:loadSCMHAConfig(305)) - Found matching SCM address with SCMServiceId: TestSecretKey, SCMNodeId: scmNode-3, RPC Address: localhost:15019 and Ratis port: 15019
2024-03-20 21:08:31,193 [main] INFO  ha.SCMHANodeDetails (ConfUtils.java:setNodeSpecificConfigs(97)) - Setting configuration key ozone.scm.datanode.address with value of key ozone.scm.datanode.address.TestSecretKey.scmNode-3: 127.0.0.1:15020
2024-03-20 21:08:31,194 [main] INFO  ha.SCMHANodeDetails (ConfUtils.java:setNodeSpecificConfigs(97)) - Setting configuration key ozone.scm.block.client.address with value of key ozone.scm.block.client.address.TestSecretKey.scmNode-3: 127.0.0.1:15023
2024-03-20 21:08:31,194 [main] INFO  ha.SCMHANodeDetails (ConfUtils.java:setNodeSpecificConfigs(97)) - Setting configuration key ozone.scm.client.address with value of key ozone.scm.client.address.TestSecretKey.scmNode-3: 127.0.0.1:15021
2024-03-20 21:08:31,194 [main] INFO  ha.SCMHANodeDetails (ConfUtils.java:setNodeSpecificConfigs(97)) - Setting configuration key ozone.scm.security.service.address with value of key ozone.scm.security.service.address.TestSecretKey.scmNode-3: 127.0.0.1:15018
2024-03-20 21:08:31,193 [1ba87fbc-452a-4836-9768-c65c67837df8@group-8B04330EF271-StateMachineUpdater] INFO  safemode.HealthyPipelineSafeModeRule (HealthyPipelineSafeModeRule.java:initializeRule(172)) - Refreshed total pipeline count is 0, healthy pipeline threshold count is 1
2024-03-20 21:08:31,194 [main] INFO  ha.SCMHANodeDetails (ConfUtils.java:setNodeSpecificConfigs(97)) - Setting configuration key ozone.scm.ratis.port with value of key ozone.scm.ratis.port.TestSecretKey.scmNode-3: 15019
2024-03-20 21:08:31,195 [main] INFO  ha.SCMHANodeDetails (ConfUtils.java:setNodeSpecificConfigs(97)) - Setting configuration key ozone.scm.grpc.port with value of key ozone.scm.grpc.port.TestSecretKey.scmNode-3: 15022
2024-03-20 21:08:31,195 [main] INFO  ha.SCMHANodeDetails (ConfUtils.java:setNodeSpecificConfigs(97)) - Setting configuration key ozone.scm.http-address with value of key ozone.scm.http-address.TestSecretKey.scmNode-3: 127.0.0.1:15016
2024-03-20 21:08:31,195 [main] INFO  ha.SCMHANodeDetails (ConfUtils.java:setNodeSpecificConfigs(97)) - Setting configuration key ozone.scm.https-address with value of key ozone.scm.https-address.TestSecretKey.scmNode-3: 127.0.0.1:15017
2024-03-20 21:08:31,196 [main] INFO  ha.SCMHANodeDetails (ConfUtils.java:setNodeSpecificConfigs(97)) - Setting configuration key ozone.scm.address with value of key ozone.scm.address.TestSecretKey.scmNode-3: 127.0.0.1
2024-03-20 21:08:31,196 [main] WARN  scm.ScmUtils (ScmUtils.java:logWarn(192)) - ConfigKey ozone.scm.block.client.address is deprecated, For configuring different ports for each SCM use PortConfigKey ozone.scm.block.client.port appended with serviceId and nodeId. If want to configure same port configure ozone.scm.block.client.port
2024-03-20 21:08:31,196 [main] WARN  scm.ScmUtils (ScmUtils.java:logWarn(192)) - ConfigKey ozone.scm.client.address is deprecated, For configuring different ports for each SCM use PortConfigKey ozone.scm.client.port appended with serviceId and nodeId. If want to configure same port configure ozone.scm.client.port
2024-03-20 21:08:31,196 [main] WARN  scm.ScmUtils (ScmUtils.java:logWarn(192)) - ConfigKey ozone.scm.datanode.address is deprecated, For configuring different ports for each SCM use PortConfigKey ozone.scm.datanode.port appended with serviceId and nodeId. If want to configure same port configure ozone.scm.datanode.port
2024-03-20 21:08:31,197 [main] INFO  ha.SCMNodeInfo (SCMNodeInfo.java:getPort(197)) - ConfigKey ozone.scm.client.address is deprecated, For configuring different ports for each SCM use PortConfigKey ozone.scm.client.port appended with serviceId and nodeId
2024-03-20 21:08:31,197 [main] INFO  ha.SCMNodeInfo (SCMNodeInfo.java:getPort(197)) - ConfigKey ozone.scm.block.client.address is deprecated, For configuring different ports for each SCM use PortConfigKey ozone.scm.block.client.port appended with serviceId and nodeId
2024-03-20 21:08:31,197 [main] INFO  ha.SCMNodeInfo (SCMNodeInfo.java:getPort(197)) - ConfigKey ozone.scm.security.service.address is deprecated, For configuring different ports for each SCM use PortConfigKey ozone.scm.security.service.port appended with serviceId and nodeId
2024-03-20 21:08:31,197 [main] INFO  ha.SCMNodeInfo (SCMNodeInfo.java:getPort(197)) - ConfigKey ozone.scm.datanode.address is deprecated, For configuring different ports for each SCM use PortConfigKey ozone.scm.datanode.port appended with serviceId and nodeId
2024-03-20 21:08:31,198 [main] INFO  ha.SCMNodeInfo (SCMNodeInfo.java:getPort(197)) - ConfigKey ozone.scm.client.address is deprecated, For configuring different ports for each SCM use PortConfigKey ozone.scm.client.port appended with serviceId and nodeId
2024-03-20 21:08:31,198 [main] INFO  ha.SCMNodeInfo (SCMNodeInfo.java:getPort(197)) - ConfigKey ozone.scm.block.client.address is deprecated, For configuring different ports for each SCM use PortConfigKey ozone.scm.block.client.port appended with serviceId and nodeId
2024-03-20 21:08:31,198 [main] INFO  ha.SCMNodeInfo (SCMNodeInfo.java:getPort(197)) - ConfigKey ozone.scm.security.service.address is deprecated, For configuring different ports for each SCM use PortConfigKey ozone.scm.security.service.port appended with serviceId and nodeId
2024-03-20 21:08:31,198 [main] INFO  ha.SCMNodeInfo (SCMNodeInfo.java:getPort(197)) - ConfigKey ozone.scm.datanode.address is deprecated, For configuring different ports for each SCM use PortConfigKey ozone.scm.datanode.port appended with serviceId and nodeId
2024-03-20 21:08:31,198 [main] INFO  ha.SCMNodeInfo (SCMNodeInfo.java:getPort(197)) - ConfigKey ozone.scm.client.address is deprecated, For configuring different ports for each SCM use PortConfigKey ozone.scm.client.port appended with serviceId and nodeId
2024-03-20 21:08:31,198 [main] INFO  ha.SCMNodeInfo (SCMNodeInfo.java:getPort(197)) - ConfigKey ozone.scm.block.client.address is deprecated, For configuring different ports for each SCM use PortConfigKey ozone.scm.block.client.port appended with serviceId and nodeId
2024-03-20 21:08:31,198 [main] INFO  ha.SCMNodeInfo (SCMNodeInfo.java:getPort(197)) - ConfigKey ozone.scm.security.service.address is deprecated, For configuring different ports for each SCM use PortConfigKey ozone.scm.security.service.port appended with serviceId and nodeId
2024-03-20 21:08:31,198 [main] INFO  ha.SCMNodeInfo (SCMNodeInfo.java:getPort(197)) - ConfigKey ozone.scm.datanode.address is deprecated, For configuring different ports for each SCM use PortConfigKey ozone.scm.datanode.port appended with serviceId and nodeId
2024-03-20 21:08:31,200 [pool-1-thread-1] INFO  request.KdcRequest (KdcRequest.java:preauth(651)) - The preauth data is empty.
2024-03-20 21:08:31,201 [pool-1-thread-1] INFO  server.KdcHandler (KdcHandler.java:handleRecoverableException(177)) - KRB error occurred while processing request:Additional pre-authentication required
2024-03-20 21:08:31,205 [pool-1-thread-1] INFO  request.AsRequest (AsRequest.java:issueTicket(112)) - AS_REQ ISSUE: authtime 1710968911204,scm/fv-az1053-74.1e55wlyavovu3ma4fylbaqc4gd.phxx.internal.cloudapp.net@EXAMPLE.COM for krbtgt/EXAMPLE.COM@EXAMPLE.COM
2024-03-20 21:08:31,206 [main] INFO  security.UserGroupInformation (UserGroupInformation.java:loginUserFromKeytab(1132)) - Login successful for user scm/fv-az1053-74.1e55wlyavovu3ma4fylbaqc4gd.phxx.internal.cloudapp.net@EXAMPLE.COM using keytab file scm.keytab. Keytab auto renewal enabled : false
2024-03-20 21:08:31,207 [main] INFO  server.StorageContainerManager (StorageContainerManager.java:loginAsSCMUserIfSecurityEnabled(1075)) - SCM login successful.
2024-03-20 21:08:31,209 [main] INFO  ha.SCMNodeInfo (SCMNodeInfo.java:getPort(197)) - ConfigKey ozone.scm.client.address is deprecated, For configuring different ports for each SCM use PortConfigKey ozone.scm.client.port appended with serviceId and nodeId
2024-03-20 21:08:31,210 [main] INFO  ha.SCMNodeInfo (SCMNodeInfo.java:getPort(197)) - ConfigKey ozone.scm.block.client.address is deprecated, For configuring different ports for each SCM use PortConfigKey ozone.scm.block.client.port appended with serviceId and nodeId
2024-03-20 21:08:31,210 [main] INFO  ha.SCMNodeInfo (SCMNodeInfo.java:getPort(197)) - ConfigKey ozone.scm.security.service.address is deprecated, For configuring different ports for each SCM use PortConfigKey ozone.scm.security.service.port appended with serviceId and nodeId
2024-03-20 21:08:31,211 [main] INFO  ha.SCMNodeInfo (SCMNodeInfo.java:getPort(197)) - ConfigKey ozone.scm.datanode.address is deprecated, For configuring different ports for each SCM use PortConfigKey ozone.scm.datanode.port appended with serviceId and nodeId
2024-03-20 21:08:31,211 [main] INFO  ha.SCMNodeInfo (SCMNodeInfo.java:getPort(197)) - ConfigKey ozone.scm.client.address is deprecated, For configuring different ports for each SCM use PortConfigKey ozone.scm.client.port appended with serviceId and nodeId
2024-03-20 21:08:31,211 [main] INFO  ha.SCMNodeInfo (SCMNodeInfo.java:getPort(197)) - ConfigKey ozone.scm.block.client.address is deprecated, For configuring different ports for each SCM use PortConfigKey ozone.scm.block.client.port appended with serviceId and nodeId
2024-03-20 21:08:31,211 [main] INFO  ha.SCMNodeInfo (SCMNodeInfo.java:getPort(197)) - ConfigKey ozone.scm.security.service.address is deprecated, For configuring different ports for each SCM use PortConfigKey ozone.scm.security.service.port appended with serviceId and nodeId
2024-03-20 21:08:31,211 [main] INFO  ha.SCMNodeInfo (SCMNodeInfo.java:getPort(197)) - ConfigKey ozone.scm.datanode.address is deprecated, For configuring different ports for each SCM use PortConfigKey ozone.scm.datanode.port appended with serviceId and nodeId
2024-03-20 21:08:31,212 [main] INFO  ha.SCMNodeInfo (SCMNodeInfo.java:getPort(197)) - ConfigKey ozone.scm.client.address is deprecated, For configuring different ports for each SCM use PortConfigKey ozone.scm.client.port appended with serviceId and nodeId
2024-03-20 21:08:31,213 [main] INFO  ha.SCMNodeInfo (SCMNodeInfo.java:getPort(197)) - ConfigKey ozone.scm.block.client.address is deprecated, For configuring different ports for each SCM use PortConfigKey ozone.scm.block.client.port appended with serviceId and nodeId
2024-03-20 21:08:31,213 [main] INFO  ha.SCMNodeInfo (SCMNodeInfo.java:getPort(197)) - ConfigKey ozone.scm.security.service.address is deprecated, For configuring different ports for each SCM use PortConfigKey ozone.scm.security.service.port appended with serviceId and nodeId
2024-03-20 21:08:31,213 [main] INFO  ha.SCMNodeInfo (SCMNodeInfo.java:getPort(197)) - ConfigKey ozone.scm.datanode.address is deprecated, For configuring different ports for each SCM use PortConfigKey ozone.scm.datanode.port appended with serviceId and nodeId
2024-03-20 21:08:31,214 [main] INFO  ha.SCMNodeInfo (SCMNodeInfo.java:getPort(197)) - ConfigKey ozone.scm.client.address is deprecated, For configuring different ports for each SCM use PortConfigKey ozone.scm.client.port appended with serviceId and nodeId
2024-03-20 21:08:31,214 [main] INFO  ha.SCMNodeInfo (SCMNodeInfo.java:getPort(197)) - ConfigKey ozone.scm.block.client.address is deprecated, For configuring different ports for each SCM use PortConfigKey ozone.scm.block.client.port appended with serviceId and nodeId
2024-03-20 21:08:31,214 [main] INFO  ha.SCMNodeInfo (SCMNodeInfo.java:getPort(197)) - ConfigKey ozone.scm.security.service.address is deprecated, For configuring different ports for each SCM use PortConfigKey ozone.scm.security.service.port appended with serviceId and nodeId
2024-03-20 21:08:31,215 [main] INFO  ha.SCMNodeInfo (SCMNodeInfo.java:getPort(197)) - ConfigKey ozone.scm.datanode.address is deprecated, For configuring different ports for each SCM use PortConfigKey ozone.scm.datanode.port appended with serviceId and nodeId
2024-03-20 21:08:31,215 [main] INFO  ha.SCMNodeInfo (SCMNodeInfo.java:getPort(197)) - ConfigKey ozone.scm.client.address is deprecated, For configuring different ports for each SCM use PortConfigKey ozone.scm.client.port appended with serviceId and nodeId
2024-03-20 21:08:31,215 [main] INFO  ha.SCMNodeInfo (SCMNodeInfo.java:getPort(197)) - ConfigKey ozone.scm.block.client.address is deprecated, For configuring different ports for each SCM use PortConfigKey ozone.scm.block.client.port appended with serviceId and nodeId
2024-03-20 21:08:31,215 [main] INFO  ha.SCMNodeInfo (SCMNodeInfo.java:getPort(197)) - ConfigKey ozone.scm.security.service.address is deprecated, For configuring different ports for each SCM use PortConfigKey ozone.scm.security.service.port appended with serviceId and nodeId
2024-03-20 21:08:31,216 [main] INFO  ha.SCMNodeInfo (SCMNodeInfo.java:getPort(197)) - ConfigKey ozone.scm.datanode.address is deprecated, For configuring different ports for each SCM use PortConfigKey ozone.scm.datanode.port appended with serviceId and nodeId
2024-03-20 21:08:31,216 [main] INFO  ha.SCMNodeInfo (SCMNodeInfo.java:getPort(197)) - ConfigKey ozone.scm.client.address is deprecated, For configuring different ports for each SCM use PortConfigKey ozone.scm.client.port appended with serviceId and nodeId
2024-03-20 21:08:31,216 [main] INFO  ha.SCMNodeInfo (SCMNodeInfo.java:getPort(197)) - ConfigKey ozone.scm.block.client.address is deprecated, For configuring different ports for each SCM use PortConfigKey ozone.scm.block.client.port appended with serviceId and nodeId
2024-03-20 21:08:31,216 [main] INFO  ha.SCMNodeInfo (SCMNodeInfo.java:getPort(197)) - ConfigKey ozone.scm.security.service.address is deprecated, For configuring different ports for each SCM use PortConfigKey ozone.scm.security.service.port appended with serviceId and nodeId
2024-03-20 21:08:31,216 [main] INFO  ha.SCMNodeInfo (SCMNodeInfo.java:getPort(197)) - ConfigKey ozone.scm.datanode.address is deprecated, For configuring different ports for each SCM use PortConfigKey ozone.scm.datanode.port appended with serviceId and nodeId
2024-03-20 21:08:31,216 [main] INFO  client.SCMCertificateClient (DefaultCertificateClient.java:updateCertSerialId(1313)) - Certificate serial ID set to 4
2024-03-20 21:08:31,218 [main] INFO  client.SCMCertificateClient (DefaultCertificateClient.java:readCertificateFile(248)) - Added certificate 4 from file: /home/runner/work/ozone/ozone/hadoop-ozone/integration-test/target/test-dir/MiniOzoneClusterImpl-bb4c8f07-45f9-422c-bd0c-8b04330ef271/scmNode-3/scm/sub-ca/certs/4.crt.
2024-03-20 21:08:31,218 [main] INFO  client.SCMCertificateClient (DefaultCertificateClient.java:readCertificateFile(248)) - Added certificate 1 from file: /home/runner/work/ozone/ozone/hadoop-ozone/integration-test/target/test-dir/MiniOzoneClusterImpl-bb4c8f07-45f9-422c-bd0c-8b04330ef271/scmNode-3/scm/sub-ca/certs/CA-1.crt.
2024-03-20 21:08:31,219 [main] INFO  client.SCMCertificateClient (DefaultCertificateClient.java:readCertificateFile(248)) - Added certificate 4 from file: /home/runner/work/ozone/ozone/hadoop-ozone/integration-test/target/test-dir/MiniOzoneClusterImpl-bb4c8f07-45f9-422c-bd0c-8b04330ef271/scmNode-3/scm/sub-ca/certs/certificate.crt.
2024-03-20 21:08:31,220 [main] INFO  client.SCMCertificateClient (DefaultCertificateClient.java:loadAllCertificates(197)) - CertificateRenewerService and root ca rotation polling is disabled for scm/sub-ca
2024-03-20 21:08:31,220 [main] WARN  utils.HAUtils (HAUtils.java:getMetaDir(339)) - ozone.scm.db.dirs is not configured. We recommend adding this setting. Falling back to ozone.metadata.dirs instead.
2024-03-20 21:08:31,220 [main] WARN  db.DBStoreBuilder (DBStoreBuilder.java:applyDBDefinition(171)) - ozone.scm.db.dirs is not configured. We recommend adding this setting. Falling back to ozone.metadata.dirs instead.
2024-03-20 21:08:31,314 [main] INFO  net.NodeSchemaLoader (NodeSchemaLoader.java:loadSchemaFromFile(129)) - Loading schema from [jar:file:/home/runner/.m2/repository/org/apache/ozone/hdds-common/1.5.0-SNAPSHOT/hdds-common-1.5.0-SNAPSHOT.jar!/network-topology-default.xml]
2024-03-20 21:08:31,315 [main] INFO  net.NodeSchemaLoader (NodeSchemaLoader.java:loadSchema(176)) - Loading network topology layer schema file
2024-03-20 21:08:31,318 [main] WARN  dropwizard3.Dm3MetricRegistriesImpl (Dm3MetricRegistriesImpl.java:addReporterRegistration(113)) - New reporters are added after registries were created. Some metrics will be missing from the reporter. Please add reporter before adding any new registry.
2024-03-20 21:08:31,318 [main] WARN  dropwizard3.Dm3MetricRegistriesImpl (Dm3MetricRegistriesImpl.java:addReporterRegistration(113)) - New reporters are added after registries were created. Some metrics will be missing from the reporter. Please add reporter before adding any new registry.
2024-03-20 21:08:31,334 [main] INFO  ha.SCMRatisServerImpl (SCMRatisServerImpl.java:<init>(99)) - starting Raft server for scm:b12aa423-edbe-43b9-9e95-c7a538dfc443
2024-03-20 21:08:31,335 [main] INFO  server.RaftServer (ConfUtils.java:logGet(46)) - raft.rpc.type = GRPC (default)
2024-03-20 21:08:31,335 [main] INFO  grpc.GrpcConfigKeys (ConfUtils.java:logFallback(53)) - raft.grpc.admin.host = null (fallback to raft.grpc.server.host)
2024-03-20 21:08:31,335 [main] INFO  grpc.GrpcConfigKeys (ConfUtils.java:logFallback(53)) - raft.grpc.admin.port = 15019 (fallback to raft.grpc.server.port)
2024-03-20 21:08:31,336 [main] INFO  grpc.GrpcConfigKeys (ConfUtils.java:logFallback(53)) - raft.grpc.client.host = null (fallback to raft.grpc.server.host)
2024-03-20 21:08:31,336 [main] INFO  grpc.GrpcConfigKeys (ConfUtils.java:logFallback(53)) - raft.grpc.client.port = 15019 (fallback to raft.grpc.server.port)
2024-03-20 21:08:31,336 [main] INFO  grpc.GrpcConfigKeys (ConfUtils.java:logGet(46)) - raft.grpc.server.host = null (default)
2024-03-20 21:08:31,336 [main] INFO  grpc.GrpcConfigKeys (ConfUtils.java:logGet(46)) - raft.grpc.server.port = 15019 (custom)
2024-03-20 21:08:31,336 [main] INFO  server.GrpcService (ConfUtils.java:logGet(46)) - raft.grpc.message.size.max = 32m (=33554432) (custom)
2024-03-20 21:08:31,337 [main] INFO  server.RaftServerConfigKeys (ConfUtils.java:logGet(46)) - raft.server.log.appender.buffer.byte-limit = 4194304 (custom)
2024-03-20 21:08:31,337 [main] INFO  server.GrpcService (ConfUtils.java:logGet(46)) - raft.grpc.flow.control.window = 1MB (=1048576) (default)
2024-03-20 21:08:31,337 [main] INFO  server.RaftServerConfigKeys (ConfUtils.java:logGet(46)) - raft.server.rpc.request.timeout = 30000ms (custom)
2024-03-20 21:08:31,337 [main] INFO  grpc.GrpcConfigKeys (ConfUtils.java:logGet(46)) - raft.grpc.server.heartbeat.channel = true (default)
2024-03-20 21:08:31,337 [main] INFO  grpc.GrpcConfigKeys (ConfUtils.java:logGet(46)) - raft.grpc.server.async.request.thread.pool.cached = true (default)
2024-03-20 21:08:31,338 [main] INFO  grpc.GrpcConfigKeys (ConfUtils.java:logGet(46)) - raft.grpc.server.async.request.thread.pool.size = 32 (default)
2024-03-20 21:08:31,339 [main] INFO  impl.DataStreamServerImpl (ConfUtils.java:logGet(46)) - raft.datastream.type = DISABLED (default)
2024-03-20 21:08:31,339 [main] INFO  server.RaftServerConfigKeys (ConfUtils.java:logGet(46)) - raft.server.sleep.deviation.threshold = 300ms (default)
2024-03-20 21:08:31,339 [main] INFO  server.RaftServerConfigKeys (ConfUtils.java:logGet(46)) - raft.server.close.threshold = 60s (default)
2024-03-20 21:08:31,339 [main] INFO  server.RaftServerConfigKeys (ConfUtils.java:logGet(46)) - raft.server.leaderelection.leader.step-down.wait-time = 10s (default)
2024-03-20 21:08:31,339 [main] INFO  server.RaftServerConfigKeys (ConfUtils.java:logGet(46)) - raft.server.storage.dir = [/home/runner/work/ozone/ozone/hadoop-ozone/integration-test/target/test-dir/MiniOzoneClusterImpl-bb4c8f07-45f9-422c-bd0c-8b04330ef271/scmNode-3/scm-ha] (custom)
2024-03-20 21:08:31,340 [main] INFO  server.RaftServerConfigKeys (ConfUtils.java:logGet(46)) - raft.server.threadpool.proxy.cached = true (default)
2024-03-20 21:08:31,340 [main] INFO  server.RaftServerConfigKeys (ConfUtils.java:logGet(46)) - raft.server.threadpool.proxy.size = 0 (default)
2024-03-20 21:08:31,356 [main] INFO  server.RaftServer (RaftServerProxy.java:addNew(100)) - b12aa423-edbe-43b9-9e95-c7a538dfc443: addNew group-8B04330EF271:[] returns group-8B04330EF271:java.util.concurrent.CompletableFuture@24ab86eb[Not completed]
2024-03-20 21:08:31,356 [b12aa423-edbe-43b9-9e95-c7a538dfc443-groupManagement] INFO  server.RaftServer$Division (RaftServerImpl.java:<init>(256)) - b12aa423-edbe-43b9-9e95-c7a538dfc443: new RaftServerImpl for group-8B04330EF271:[] with SCMStateMachine:uninitialized
2024-03-20 21:08:31,356 [b12aa423-edbe-43b9-9e95-c7a538dfc443-groupManagement] INFO  server.RaftServerConfigKeys (ConfUtils.java:logGet(46)) - raft.server.rpc.timeout.min = 5000ms (custom)
2024-03-20 21:08:31,357 [b12aa423-edbe-43b9-9e95-c7a538dfc443-groupManagement] INFO  server.RaftServerConfigKeys (ConfUtils.java:logGet(46)) - raft.server.rpc.timeout.max = 5200ms (custom)
2024-03-20 21:08:31,357 [b12aa423-edbe-43b9-9e95-c7a538dfc443-groupManagement] INFO  server.RaftServerConfigKeys (ConfUtils.java:logGet(46)) - raft.server.rpc.sleep.time = 25ms (default)
2024-03-20 21:08:31,357 [b12aa423-edbe-43b9-9e95-c7a538dfc443-groupManagement] INFO  server.RaftServerConfigKeys (ConfUtils.java:logGet(46)) - raft.server.rpc.slowness.timeout = 120000ms (custom)
2024-03-20 21:08:31,357 [b12aa423-edbe-43b9-9e95-c7a538dfc443-groupManagement] INFO  server.RaftServerConfigKeys (ConfUtils.java:logGet(46)) - raft.server.leaderelection.leader.step-down.wait-time = 10s (default)
2024-03-20 21:08:31,357 [b12aa423-edbe-43b9-9e95-c7a538dfc443-groupManagement] INFO  server.RaftServerConfigKeys (ConfUtils.java:logGet(46)) - raft.server.leaderelection.member.majority-add = false (default)
2024-03-20 21:08:31,357 [b12aa423-edbe-43b9-9e95-c7a538dfc443-groupManagement] INFO  server.RaftServerConfigKeys (ConfUtils.java:logGet(46)) - raft.server.sleep.deviation.threshold = 300ms (default)
2024-03-20 21:08:31,357 [b12aa423-edbe-43b9-9e95-c7a538dfc443-groupManagement] INFO  server.RaftServer$Division (ServerState.java:<init>(113)) - b12aa423-edbe-43b9-9e95-c7a538dfc443@group-8B04330EF271: ConfigurationManager, init=-1: peers:[]|listeners:[], old=null, confs=<EMPTY_MAP>
2024-03-20 21:08:31,357 [b12aa423-edbe-43b9-9e95-c7a538dfc443-groupManagement] INFO  server.RaftServerConfigKeys (ConfUtils.java:logGet(46)) - raft.server.notification.no-leader.timeout = 60s (default)
2024-03-20 21:08:31,357 [b12aa423-edbe-43b9-9e95-c7a538dfc443-groupManagement] INFO  server.RaftServerConfigKeys (ConfUtils.java:logGet(46)) - raft.server.read.timeout = 10s (default)
2024-03-20 21:08:31,357 [b12aa423-edbe-43b9-9e95-c7a538dfc443-groupManagement] INFO  server.RaftServerConfigKeys (ConfUtils.java:logGet(46)) - raft.server.retrycache.expirytime = 60000ms (default)
2024-03-20 21:08:31,357 [b12aa423-edbe-43b9-9e95-c7a538dfc443-groupManagement] INFO  server.RaftServerConfigKeys (ConfUtils.java:logGet(46)) - raft.server.retrycache.statistics.expirytime = 100ms (default)
2024-03-20 21:08:31,358 [b12aa423-edbe-43b9-9e95-c7a538dfc443-groupManagement] INFO  server.RaftServerConfigKeys (ConfUtils.java:logGet(46)) - raft.server.read.option = DEFAULT (default)
2024-03-20 21:08:31,358 [b12aa423-edbe-43b9-9e95-c7a538dfc443-groupManagement] INFO  server.RaftServerConfigKeys (ConfUtils.java:logGet(46)) - raft.server.read.read-after-write-consistent.write-index-cache.expiry-time = 60s (default)
2024-03-20 21:08:31,361 [b12aa423-edbe-43b9-9e95-c7a538dfc443-groupManagement] INFO  server.RaftServerConfigKeys (ConfUtils.java:logGet(46)) - raft.server.rpc.request.timeout = 30000ms (custom)
2024-03-20 21:08:31,361 [b12aa423-edbe-43b9-9e95-c7a538dfc443-groupManagement] INFO  server.RaftServerConfigKeys (ConfUtils.java:logGet(46)) - raft.server.log.appender.install.snapshot.enabled = false (custom)
2024-03-20 21:08:31,361 [b12aa423-edbe-43b9-9e95-c7a538dfc443-groupManagement] INFO  server.RaftServerConfigKeys (ConfUtils.java:logGet(46)) - raft.server.threadpool.server.cached = true (default)
2024-03-20 21:08:31,361 [b12aa423-edbe-43b9-9e95-c7a538dfc443-groupManagement] INFO  server.RaftServerConfigKeys (ConfUtils.java:logGet(46)) - raft.server.threadpool.server.size = 0 (default)
2024-03-20 21:08:31,361 [b12aa423-edbe-43b9-9e95-c7a538dfc443-groupManagement] INFO  server.RaftServerConfigKeys (ConfUtils.java:logGet(46)) - raft.server.threadpool.client.cached = true (default)
2024-03-20 21:08:31,361 [b12aa423-edbe-43b9-9e95-c7a538dfc443-groupManagement] INFO  server.RaftServerConfigKeys (ConfUtils.java:logGet(46)) - raft.server.threadpool.client.size = 0 (default)
2024-03-20 21:08:31,361 [main] INFO  ha.SCMSnapshotProvider (SCMSnapshotProvider.java:<init>(66)) - Initializing SCM Snapshot Provider
2024-03-20 21:08:31,362 [main] WARN  server.ServerUtils (ServerUtils.java:getDefaultRatisDirectory(311)) - Storage directory for Ratis is not configured. It is a good idea to map this to an SSD disk. Falling back to ozone.metadata.dirs
2024-03-20 21:08:31,362 [main] WARN  ha.SCMHAUtils (SCMHAUtils.java:getSCMRatisSnapshotDirectory(158)) - SCM snapshot dir is not configured. Falling back to ozone.metadata.dirs config
2024-03-20 21:08:31,363 [main] INFO  upgrade.AbstractLayoutVersionManager (AbstractLayoutVersionManager.java:init(83)) - Initializing Layout version manager with metadata layout = HADOOP_PRC_PORTS_IN_DATANODEDETAILS (version = 7), software layout = HADOOP_PRC_PORTS_IN_DATANODEDETAILS (version = 7)
2024-03-20 21:08:31,365 [main] INFO  ha.SequenceIdGenerator (SequenceIdGenerator.java:upgradeToSequenceId(370)) - upgrade localId to 113750153625600000
2024-03-20 21:08:31,366 [main] INFO  ha.SequenceIdGenerator (SequenceIdGenerator.java:upgradeToSequenceId(380)) - upgrade delTxnId to 0
2024-03-20 21:08:31,367 [main] INFO  ha.SequenceIdGenerator (SequenceIdGenerator.java:upgradeToSequenceId(397)) - upgrade containerId to 0
2024-03-20 21:08:31,369 [main] INFO  ha.SequenceIdGenerator (SequenceIdGenerator.java:upgradeToCertificateSequenceId(444)) - upgrade CertificateId to 2
2024-03-20 21:08:31,369 [main] INFO  ha.SequenceIdGenerator (SequenceIdGenerator.java:<init>(241)) - Init the HA SequenceIdGenerator.
2024-03-20 21:08:31,370 [main] WARN  server.ServerUtils (ServerUtils.java:sanitizeUserArgs(79)) - ozone.scm.stale.node.interval value = 300000 is larger than max = 100000 based on the key value of ozone.scm.heartbeat.thread.interval, reset to the max value 100000.
2024-03-20 21:08:31,370 [main] WARN  server.ServerUtils (ServerUtils.java:sanitizeUserArgs(79)) - ozone.scm.stale.node.interval value = 300000 is larger than max = 100000 based on the key value of ozone.scm.heartbeat.thread.interval, reset to the max value 100000.
2024-03-20 21:08:31,370 [main] INFO  node.SCMNodeManager (SCMNodeManager.java:<init>(177)) - Entering startup safe mode.
2024-03-20 21:08:31,371 [main] INFO  algorithms.ContainerPlacementPolicyFactory (ContainerPlacementPolicyFactory.java:getPolicyInternal(86)) - Create container placement policy of type org.apache.hadoop.hdds.scm.container.placement.algorithms.SCMContainerPlacementRackAware
2024-03-20 21:08:31,371 [main] INFO  algorithms.ContainerPlacementPolicyFactory (ContainerPlacementPolicyFactory.java:getPolicyInternal(86)) - Create container placement policy of type org.apache.hadoop.hdds.scm.container.placement.algorithms.SCMContainerPlacementRackScatter
2024-03-20 21:08:31,371 [main] INFO  pipeline.PipelineStateManagerImpl (PipelineStateManagerImpl.java:initialize(78)) - No pipeline exists in current db
2024-03-20 21:08:31,372 [main] INFO  algorithms.LeaderChoosePolicyFactory (LeaderChoosePolicyFactory.java:getPolicy(57)) - Create leader choose policy of type org.apache.hadoop.hdds.scm.pipeline.leader.choose.algorithms.MinLeaderCountChoosePolicy
2024-03-20 21:08:31,372 [main] INFO  algorithms.ContainerPlacementPolicyFactory (ContainerPlacementPolicyFactory.java:getPolicyInternal(86)) - Create container placement policy of type org.apache.hadoop.hdds.scm.container.placement.algorithms.SCMContainerPlacementRackScatter
2024-03-20 21:08:31,372 [main] INFO  ha.SCMServiceManager (SCMServiceManager.java:register(42)) - Registering service BackgroundPipelineCreator.
2024-03-20 21:08:31,372 [main] INFO  pipeline.BackgroundPipelineCreator (BackgroundPipelineCreator.java:start(127)) - Starting scmNode-3-RatisPipelineUtilsThread.
2024-03-20 21:08:31,373 [main] INFO  BackgroundPipelineScrubber (BackgroundSCMService.java:start(65)) - Starting BackgroundPipelineScrubber Service.
2024-03-20 21:08:31,373 [main] INFO  ha.SCMServiceManager (SCMServiceManager.java:register(42)) - Registering service BackgroundPipelineScrubber.
2024-03-20 21:08:31,373 [main] INFO  ExpiredContainerReplicaOpScrubber (BackgroundSCMService.java:start(65)) - Starting ExpiredContainerReplicaOpScrubber Service.
2024-03-20 21:08:31,373 [main] INFO  ha.SCMServiceManager (SCMServiceManager.java:register(42)) - Registering service ExpiredContainerReplicaOpScrubber.
2024-03-20 21:08:31,374 [main] INFO  algorithms.PipelineChoosePolicyFactory (PipelineChoosePolicyFactory.java:createPipelineChoosePolicyFromClass(80)) - Create pipeline choose policy of type org.apache.hadoop.hdds.scm.pipeline.choose.algorithms.RandomPipelineChoosePolicy
2024-03-20 21:08:31,374 [main] INFO  algorithms.PipelineChoosePolicyFactory (PipelineChoosePolicyFactory.java:createPipelineChoosePolicyFromClass(80)) - Create pipeline choose policy of type org.apache.hadoop.hdds.scm.pipeline.choose.algorithms.RandomPipelineChoosePolicy
2024-03-20 21:08:31,376 [main] INFO  ha.SCMServiceManager (SCMServiceManager.java:register(42)) - Registering service SCMBlockDeletingService.
2024-03-20 21:08:31,380 [main] INFO  replication.ReplicationManager (ReplicationManager.java:start(295)) - Starting Replication Monitor Thread.
2024-03-20 21:08:31,382 [main] INFO  ha.SCMServiceManager (SCMServiceManager.java:register(42)) - Registering service ReplicationManager.
2024-03-20 21:08:31,382 [main] INFO  safemode.ContainerSafeModeRule (ContainerSafeModeRule.java:<init>(91)) - containers with one replica threshold count 0
2024-03-20 21:08:31,383 [main] INFO  safemode.HealthyPipelineSafeModeRule (HealthyPipelineSafeModeRule.java:initializeRule(176)) - Total pipeline count is 0, healthy pipeline threshold count is 1
2024-03-20 21:08:31,384 [main] INFO  safemode.OneReplicaPipelineSafeModeRule (OneReplicaPipelineSafeModeRule.java:initializeRule(193)) - Total pipeline count is 0, pipeline's with at least one datanode reported threshold count is 0
2024-03-20 21:08:31,385 [scmNode-3-ReplicationMonitor] INFO  replication.ReplicationManager (ReplicationManager.java:processAll(371)) - Replication Manager is not ready to run until 3000ms after safemode exit
2024-03-20 21:08:31,386 [main] INFO  security.SecretKeyManagerService (SecretKeyManagerService.java:start(144)) - Scheduling rotation checker with interval PT0.1S
2024-03-20 21:08:31,386 [main] INFO  ha.SCMServiceManager (SCMServiceManager.java:register(42)) - Registering service SecretKeyManagerService.
2024-03-20 21:08:31,387 [main] INFO  authority.DefaultCAServer (DefaultCAServer.java:lambda$processVerificationStatus$0(467)) - CertificateServer validation is successful
2024-03-20 21:08:31,388 [main] INFO  ipc.CallQueueManager (CallQueueManager.java:<init>(90)) - Using callQueue: class java.util.concurrent.LinkedBlockingQueue, queueCapacity: 200, scheduler: class org.apache.hadoop.ipc.DefaultRpcScheduler, ipcBackoff: false.
2024-03-20 21:08:31,389 [main] INFO  ipc.Server (Server.java:<init>(1287)) - Listener at 0.0.0.0:15018
2024-03-20 21:08:31,389 [Socket Reader #1 for port 15018] INFO  ipc.Server (Server.java:run(1323)) - Starting Socket Reader #1 for port 15018
2024-03-20 21:08:31,399 [main] INFO  server.StorageContainerManager (StorageContainerManager.java:<init>(440)) - SCM start with adminUsers: [runner, scm]
2024-03-20 21:08:31,400 [main] INFO  ipc.CallQueueManager (CallQueueManager.java:<init>(90)) - Using callQueue: class java.util.concurrent.LinkedBlockingQueue, queueCapacity: 10000, scheduler: class org.apache.hadoop.ipc.DefaultRpcScheduler, ipcBackoff: false.
2024-03-20 21:08:31,400 [main] INFO  ipc.Server (Server.java:<init>(1287)) - Listener at 0.0.0.0:15020
2024-03-20 21:08:31,401 [Socket Reader #1 for port 15020] INFO  ipc.Server (Server.java:run(1323)) - Starting Socket Reader #1 for port 15020
2024-03-20 21:08:31,405 [main] INFO  ipc.CallQueueManager (CallQueueManager.java:<init>(90)) - Using callQueue: class java.util.concurrent.LinkedBlockingQueue, queueCapacity: 10000, scheduler: class org.apache.hadoop.ipc.DefaultRpcScheduler, ipcBackoff: false.
2024-03-20 21:08:31,405 [main] INFO  ipc.Server (Server.java:<init>(1287)) - Listener at 0.0.0.0:15023
2024-03-20 21:08:31,405 [Socket Reader #1 for port 15023] INFO  ipc.Server (Server.java:run(1323)) - Starting Socket Reader #1 for port 15023
2024-03-20 21:08:31,411 [main] INFO  ipc.CallQueueManager (CallQueueManager.java:<init>(90)) - Using callQueue: class java.util.concurrent.LinkedBlockingQueue, queueCapacity: 10000, scheduler: class org.apache.hadoop.ipc.DefaultRpcScheduler, ipcBackoff: false.
2024-03-20 21:08:31,411 [main] INFO  ipc.Server (Server.java:<init>(1287)) - Listener at 0.0.0.0:15021
2024-03-20 21:08:31,412 [Socket Reader #1 for port 15021] INFO  ipc.Server (Server.java:run(1323)) - Starting Socket Reader #1 for port 15021
2024-03-20 21:08:31,430 [main] INFO  ha.SCMServiceManager (SCMServiceManager.java:register(42)) - Registering service ContainerBalancer.
2024-03-20 21:08:31,430 [main] INFO  ha.SCMContext (SCMContext.java:updateSafeModeStatus(225)) - Update SafeModeStatus from SafeModeStatus{safeModeStatus=true, preCheckPassed=false} to SafeModeStatus{safeModeStatus=true, preCheckPassed=false}.
2024-03-20 21:08:31,430 [main] INFO  server.StorageContainerManager (StorageContainerManager.java:start(1545)) - StorageContainerLocationProtocol RPC server is listening at /0.0.0.0:15021
2024-03-20 21:08:31,431 [main] INFO  ha.SCMRatisServerImpl (SCMRatisServerImpl.java:start(192)) - starting ratis server 0.0.0.0:15019
2024-03-20 21:08:31,431 [b12aa423-edbe-43b9-9e95-c7a538dfc443-impl-thread1] INFO  server.RaftServerConfigKeys (ConfUtils.java:logGet(46)) - raft.server.storage.free-space.min = 0MB (=0) (default)
2024-03-20 21:08:31,431 [b12aa423-edbe-43b9-9e95-c7a538dfc443-impl-thread1] INFO  server.RaftServerConfigKeys (ConfUtils.java:logGet(46)) - raft.server.log.corruption.policy = EXCEPTION (default)
2024-03-20 21:08:31,431 [b12aa423-edbe-43b9-9e95-c7a538dfc443-impl-thread1] INFO  server.RaftServerConfigKeys (ConfUtils.java:logGet(46)) - raft.server.storage.dir = [/home/runner/work/ozone/ozone/hadoop-ozone/integration-test/target/test-dir/MiniOzoneClusterImpl-bb4c8f07-45f9-422c-bd0c-8b04330ef271/scmNode-3/scm-ha] (custom)
2024-03-20 21:08:31,431 [b12aa423-edbe-43b9-9e95-c7a538dfc443-impl-thread1] INFO  storage.RaftStorageDirectory (RaftStorageDirectoryImpl.java:analyzeStorage(138)) - The storage directory /home/runner/work/ozone/ozone/hadoop-ozone/integration-test/target/test-dir/MiniOzoneClusterImpl-bb4c8f07-45f9-422c-bd0c-8b04330ef271/scmNode-3/scm-ha/bb4c8f07-45f9-422c-bd0c-8b04330ef271 does not exist. Creating ...
2024-03-20 21:08:31,433 [b12aa423-edbe-43b9-9e95-c7a538dfc443-impl-thread1] INFO  storage.RaftStorageDirectory (RaftStorageDirectoryImpl.java:tryLock(228)) - Lock on /home/runner/work/ozone/ozone/hadoop-ozone/integration-test/target/test-dir/MiniOzoneClusterImpl-bb4c8f07-45f9-422c-bd0c-8b04330ef271/scmNode-3/scm-ha/bb4c8f07-45f9-422c-bd0c-8b04330ef271/in_use.lock acquired by nodename 54244@fv-az1053-74
2024-03-20 21:08:31,434 [b12aa423-edbe-43b9-9e95-c7a538dfc443-impl-thread1] INFO  storage.RaftStorage (RaftStorageImpl.java:format(99)) - Storage directory /home/runner/work/ozone/ozone/hadoop-ozone/integration-test/target/test-dir/MiniOzoneClusterImpl-bb4c8f07-45f9-422c-bd0c-8b04330ef271/scmNode-3/scm-ha/bb4c8f07-45f9-422c-bd0c-8b04330ef271 has been successfully formatted.
2024-03-20 21:08:31,434 [b12aa423-edbe-43b9-9e95-c7a538dfc443-impl-thread1] WARN  util.FileUtils (LogUtils.java:supplyAndLog(63)) - Failed to Files.newInputStream /home/runner/work/ozone/ozone/hadoop-ozone/integration-test/target/test-dir/MiniOzoneClusterImpl-bb4c8f07-45f9-422c-bd0c-8b04330ef271/scmNode-3/scm-ha/bb4c8f07-45f9-422c-bd0c-8b04330ef271/current/raft-meta.conf with options []: java.nio.file.NoSuchFileException: /home/runner/work/ozone/ozone/hadoop-ozone/integration-test/target/test-dir/MiniOzoneClusterImpl-bb4c8f07-45f9-422c-bd0c-8b04330ef271/scmNode-3/scm-ha/bb4c8f07-45f9-422c-bd0c-8b04330ef271/current/raft-meta.conf
2024-03-20 21:08:31,435 [b12aa423-edbe-43b9-9e95-c7a538dfc443-impl-thread1] INFO  server.RaftServerConfigKeys (ConfUtils.java:logGet(46)) - raft.server.log.use.memory = false (default)
2024-03-20 21:08:31,435 [b12aa423-edbe-43b9-9e95-c7a538dfc443-impl-thread1] INFO  server.RaftServerConfigKeys (ConfUtils.java:logGet(46)) - raft.server.log.purge.gap = 1000000 (custom)
2024-03-20 21:08:31,435 [b12aa423-edbe-43b9-9e95-c7a538dfc443-impl-thread1] INFO  server.RaftServerConfigKeys (ConfUtils.java:logGet(46)) - raft.server.log.appender.buffer.byte-limit = 4194304 (custom)
2024-03-20 21:08:31,435 [b12aa423-edbe-43b9-9e95-c7a538dfc443-impl-thread1] INFO  server.RaftServerConfigKeys (ConfUtils.java:logGet(46)) - raft.server.log.statemachine.data.read.timeout = 1000ms (default)
2024-03-20 21:08:31,435 [b12aa423-edbe-43b9-9e95-c7a538dfc443-impl-thread1] INFO  server.RaftServerConfigKeys (ConfUtils.java:logGet(46)) - raft.server.log.purge.preservation.log.num = 0 (default)
2024-03-20 21:08:31,437 [b12aa423-edbe-43b9-9e95-c7a538dfc443-impl-thread1] INFO  server.RaftServerConfigKeys (ConfUtils.java:logGet(46)) - raft.server.log.segment.size.max = 4194304 (custom)
2024-03-20 21:08:31,437 [b12aa423-edbe-43b9-9e95-c7a538dfc443-impl-thread1] INFO  server.RaftServerConfigKeys (ConfUtils.java:logGet(46)) - raft.server.log.segment.cache.num.max = 2 (custom)
2024-03-20 21:08:31,437 [b12aa423-edbe-43b9-9e95-c7a538dfc443-impl-thread1] INFO  server.RaftServerConfigKeys (ConfUtils.java:logGet(46)) - raft.server.log.segment.cache.size.max = 200MB (=209715200) (default)
2024-03-20 21:08:31,437 [b12aa423-edbe-43b9-9e95-c7a538dfc443-impl-thread1] INFO  server.RaftServerConfigKeys (ConfUtils.java:logGet(46)) - raft.server.log.appender.buffer.byte-limit = 4194304 (custom)
2024-03-20 21:08:31,438 [b12aa423-edbe-43b9-9e95-c7a538dfc443-impl-thread1] INFO  util.AwaitToRun (AwaitToRun.java:start(81)) - Thread[b12aa423-edbe-43b9-9e95-c7a538dfc443@group-8B04330EF271-cacheEviction-AwaitToRun,5,main] started
2024-03-20 21:08:31,438 [b12aa423-edbe-43b9-9e95-c7a538dfc443-impl-thread1] INFO  segmented.SegmentedRaftLogWorker (SegmentedRaftLogWorker.java:<init>(182)) - new b12aa423-edbe-43b9-9e95-c7a538dfc443@group-8B04330EF271-SegmentedRaftLogWorker for RaftStorageImpl:Storage Directory /home/runner/work/ozone/ozone/hadoop-ozone/integration-test/target/test-dir/MiniOzoneClusterImpl-bb4c8f07-45f9-422c-bd0c-8b04330ef271/scmNode-3/scm-ha/bb4c8f07-45f9-422c-bd0c-8b04330ef271
2024-03-20 21:08:31,438 [b12aa423-edbe-43b9-9e95-c7a538dfc443-impl-thread1] INFO  server.RaftServerConfigKeys (ConfUtils.java:logGet(46)) - raft.server.log.queue.byte-limit = 64MB (=67108864) (default)
2024-03-20 21:08:31,438 [b12aa423-edbe-43b9-9e95-c7a538dfc443-impl-thread1] INFO  server.RaftServerConfigKeys (ConfUtils.java:logGet(46)) - raft.server.log.queue.element-limit = 4096 (default)
2024-03-20 21:08:31,438 [b12aa423-edbe-43b9-9e95-c7a538dfc443-impl-thread1] INFO  server.RaftServerConfigKeys (ConfUtils.java:logGet(46)) - raft.server.log.segment.size.max = 4194304 (custom)
2024-03-20 21:08:31,438 [b12aa423-edbe-43b9-9e95-c7a538dfc443-impl-thread1] INFO  server.RaftServerConfigKeys (ConfUtils.java:logGet(46)) - raft.server.log.preallocated.size = 4194304 (custom)
2024-03-20 21:08:31,438 [b12aa423-edbe-43b9-9e95-c7a538dfc443-impl-thread1] INFO  server.RaftServerConfigKeys (ConfUtils.java:logGet(46)) - raft.server.log.force.sync.num = 128 (default)
2024-03-20 21:08:31,438 [b12aa423-edbe-43b9-9e95-c7a538dfc443-impl-thread1] INFO  server.RaftServerConfigKeys (ConfUtils.java:logGet(46)) - raft.server.log.statemachine.data.sync = true (default)
2024-03-20 21:08:31,438 [b12aa423-edbe-43b9-9e95-c7a538dfc443-impl-thread1] INFO  server.RaftServerConfigKeys (ConfUtils.java:logGet(46)) - raft.server.log.statemachine.data.sync.timeout = 10s (default)
2024-03-20 21:08:31,438 [b12aa423-edbe-43b9-9e95-c7a538dfc443-impl-thread1] INFO  server.RaftServerConfigKeys (ConfUtils.java:logGet(46)) - raft.server.log.statemachine.data.sync.timeout.retry = -1 (default)
2024-03-20 21:08:31,438 [b12aa423-edbe-43b9-9e95-c7a538dfc443-impl-thread1] INFO  server.RaftServerConfigKeys (ConfUtils.java:logGet(46)) - raft.server.log.write.buffer.size = 4194312 (custom)
2024-03-20 21:08:31,439 [b12aa423-edbe-43b9-9e95-c7a538dfc443-impl-thread1] INFO  server.RaftServerConfigKeys (ConfUtils.java:logGet(46)) - raft.server.log.appender.buffer.byte-limit = 4194304 (custom)
2024-03-20 21:08:31,439 [b12aa423-edbe-43b9-9e95-c7a538dfc443-impl-thread1] INFO  server.RaftServerConfigKeys (ConfUtils.java:logGet(46)) - raft.server.log.unsafe-flush.enabled = false (default)
2024-03-20 21:08:31,439 [b12aa423-edbe-43b9-9e95-c7a538dfc443-impl-thread1] INFO  server.RaftServerConfigKeys (ConfUtils.java:logGet(46)) - raft.server.log.async-flush.enabled = false (default)
2024-03-20 21:08:31,439 [b12aa423-edbe-43b9-9e95-c7a538dfc443-impl-thread1] INFO  server.RaftServerConfigKeys (ConfUtils.java:logGet(46)) - raft.server.log.statemachine.data.caching.enabled = false (default)
2024-03-20 21:08:31,439 [b12aa423-edbe-43b9-9e95-c7a538dfc443-impl-thread1] INFO  segmented.SegmentedRaftLogWorker (SegmentedRaftLogWorker.java:lambda$new$0(134)) - b12aa423-edbe-43b9-9e95-c7a538dfc443@group-8B04330EF271-SegmentedRaftLogWorker: flushIndex: setUnconditionally 0 -> -1
2024-03-20 21:08:31,440 [b12aa423-edbe-43b9-9e95-c7a538dfc443-impl-thread1] INFO  segmented.SegmentedRaftLogWorker (SegmentedRaftLogWorker.java:lambda$new$0(134)) - b12aa423-edbe-43b9-9e95-c7a538dfc443@group-8B04330EF271-SegmentedRaftLogWorker: safeCacheEvictIndex: setUnconditionally 0 -> -1
2024-03-20 21:08:31,440 [b12aa423-edbe-43b9-9e95-c7a538dfc443-impl-thread1] INFO  server.RaftServer$Division (RaftServerImpl.java:start(402)) - b12aa423-edbe-43b9-9e95-c7a538dfc443@group-8B04330EF271: start with initializing state, conf=-1: peers:[]|listeners:[], old=null
2024-03-20 21:08:31,440 [b12aa423-edbe-43b9-9e95-c7a538dfc443-impl-thread1] INFO  server.RaftServer$Division (RaftServerImpl.java:setRole(383)) - b12aa423-edbe-43b9-9e95-c7a538dfc443@group-8B04330EF271: changes role from      null to FOLLOWER at term 0 for startInitializing
2024-03-20 21:08:31,440 [b12aa423-edbe-43b9-9e95-c7a538dfc443-impl-thread1] INFO  util.JmxRegister (JmxRegister.java:tryRegister(44)) - Successfully registered JMX Bean with object name Ratis:service=RaftServer,group=group-8B04330EF271,id=b12aa423-edbe-43b9-9e95-c7a538dfc443
2024-03-20 21:08:31,440 [b12aa423-edbe-43b9-9e95-c7a538dfc443-impl-thread1] INFO  server.RaftServerConfigKeys (ConfUtils.java:logGet(46)) - raft.server.snapshot.trigger-when-stop.enabled = true (default)
2024-03-20 21:08:31,440 [b12aa423-edbe-43b9-9e95-c7a538dfc443-impl-thread1] INFO  server.RaftServerConfigKeys (ConfUtils.java:logGet(46)) - raft.server.snapshot.auto.trigger.enabled = true (custom)
2024-03-20 21:08:31,440 [b12aa423-edbe-43b9-9e95-c7a538dfc443-impl-thread1] INFO  server.RaftServerConfigKeys (ConfUtils.java:logGet(46)) - raft.server.snapshot.auto.trigger.threshold = 1000 (custom)
2024-03-20 21:08:31,440 [b12aa423-edbe-43b9-9e95-c7a538dfc443-impl-thread1] INFO  server.RaftServerConfigKeys (ConfUtils.java:logGet(46)) - raft.server.snapshot.retention.file.num = -1 (default)
2024-03-20 21:08:31,440 [b12aa423-edbe-43b9-9e95-c7a538dfc443-impl-thread1] INFO  server.RaftServerConfigKeys (ConfUtils.java:logGet(46)) - raft.server.log.purge.upto.snapshot.index = false (default)
2024-03-20 21:08:31,444 [main] INFO  server.RaftServer (RaftServerProxy.java:startImpl(406)) - b12aa423-edbe-43b9-9e95-c7a538dfc443: start RPC server
2024-03-20 21:08:31,447 [main] INFO  server.GrpcService (GrpcService.java:startImpl(302)) - b12aa423-edbe-43b9-9e95-c7a538dfc443: GrpcService started, listening on 15019
2024-03-20 21:08:31,448 [JvmPauseMonitor3] INFO  util.JvmPauseMonitor (JvmPauseMonitor.java:run(146)) - JvmPauseMonitor-b12aa423-edbe-43b9-9e95-c7a538dfc443: Started
2024-03-20 21:08:31,448 [main] INFO  ha.SCMNodeInfo (SCMNodeInfo.java:getPort(197)) - ConfigKey ozone.scm.client.address is deprecated, For configuring different ports for each SCM use PortConfigKey ozone.scm.client.port appended with serviceId and nodeId
2024-03-20 21:08:31,448 [main] INFO  ha.SCMNodeInfo (SCMNodeInfo.java:getPort(197)) - ConfigKey ozone.scm.block.client.address is deprecated, For configuring different ports for each SCM use PortConfigKey ozone.scm.block.client.port appended with serviceId and nodeId
2024-03-20 21:08:31,449 [main] INFO  ha.SCMNodeInfo (SCMNodeInfo.java:getPort(197)) - ConfigKey ozone.scm.security.service.address is deprecated, For configuring different ports for each SCM use PortConfigKey ozone.scm.security.service.port appended with serviceId and nodeId
2024-03-20 21:08:31,449 [main] INFO  ha.SCMNodeInfo (SCMNodeInfo.java:getPort(197)) - ConfigKey ozone.scm.datanode.address is deprecated, For configuring different ports for each SCM use PortConfigKey ozone.scm.datanode.port appended with serviceId and nodeId
2024-03-20 21:08:31,449 [main] INFO  ha.SCMNodeInfo (SCMNodeInfo.java:getPort(197)) - ConfigKey ozone.scm.client.address is deprecated, For configuring different ports for each SCM use PortConfigKey ozone.scm.client.port appended with serviceId and nodeId
2024-03-20 21:08:31,449 [main] INFO  ha.SCMNodeInfo (SCMNodeInfo.java:getPort(197)) - ConfigKey ozone.scm.block.client.address is deprecated, For configuring different ports for each SCM use PortConfigKey ozone.scm.block.client.port appended with serviceId and nodeId
2024-03-20 21:08:31,449 [main] INFO  ha.SCMNodeInfo (SCMNodeInfo.java:getPort(197)) - ConfigKey ozone.scm.security.service.address is deprecated, For configuring different ports for each SCM use PortConfigKey ozone.scm.security.service.port appended with serviceId and nodeId
2024-03-20 21:08:31,449 [main] INFO  ha.SCMNodeInfo (SCMNodeInfo.java:getPort(197)) - ConfigKey ozone.scm.datanode.address is deprecated, For configuring different ports for each SCM use PortConfigKey ozone.scm.datanode.port appended with serviceId and nodeId
2024-03-20 21:08:31,449 [main] INFO  proxy.SCMBlockLocationFailoverProxyProvider (SCMBlockLocationFailoverProxyProvider.java:<init>(115)) - Created block location fail-over proxy with 2 nodes: [nodeId=scmNode-2,nodeAddress=/127.0.0.1:15015, nodeId=scmNode-1,nodeAddress=/127.0.0.1:15007]
2024-03-20 21:08:31,455 [pool-1-thread-1] INFO  request.TgsRequest (TgsRequest.java:issueTicket(115)) - TGS_REQ ISSUE: authtime 1710968911454,scm/fv-az1053-74.1e55wlyavovu3ma4fylbaqc4gd.phxx.internal.cloudapp.net for scm/fv-az1053-74.1e55wlyavovu3ma4fylbaqc4gd.phxx.internal.cloudapp.net@EXAMPLE.COM
2024-03-20 21:08:31,462 [Socket Reader #1 for port 15007] INFO  ipc.Server (Server.java:saslProcess(2139)) - Auth successful for scm/fv-az1053-74.1e55wlyavovu3ma4fylbaqc4gd.phxx.internal.cloudapp.net@EXAMPLE.COM (auth:KERBEROS) from fv-az1053-74.1e55wlyavovu3ma4fylbaqc4gd.phxx.internal.cloudapp.net:34867 / 10.1.0.34:34867
2024-03-20 21:08:31,467 [Socket Reader #1 for port 15007] INFO  authorize.ServiceAuthorizationManager (ServiceAuthorizationManager.java:authorize(137)) - Authorization successful for scm/fv-az1053-74.1e55wlyavovu3ma4fylbaqc4gd.phxx.internal.cloudapp.net@EXAMPLE.COM (auth:KERBEROS) for protocol=interface org.apache.hadoop.hdds.scm.protocol.ScmBlockLocationProtocol
2024-03-20 21:08:31,468 [IPC Server handler 1 on default port 15007] INFO  ha.SCMRatisServerImpl (SCMRatisServerImpl.java:addSCM(319)) - 1ba87fbc-452a-4836-9768-c65c67837df8: Submitting SetConfiguration request to Ratis server with new SCM peers list: [1ba87fbc-452a-4836-9768-c65c67837df8|localhost:15003, be2411e5-a42d-476f-b25b-d7f87790d2c1|localhost:15011, b12aa423-edbe-43b9-9e95-c7a538dfc443|localhost:15019]
2024-03-20 21:08:31,468 [IPC Server handler 1 on default port 15007] INFO  server.RaftServer$Division (RaftServerImpl.java:setConfigurationAsync(1276)) - 1ba87fbc-452a-4836-9768-c65c67837df8@group-8B04330EF271: receive setConfiguration SetConfigurationRequest:client-E2BB2ADAB084->1ba87fbc-452a-4836-9768-c65c67837df8@group-8B04330EF271, cid=10, seq=null, RW, null, SET_UNCONDITIONALLY, servers:[1ba87fbc-452a-4836-9768-c65c67837df8|localhost:15003, be2411e5-a42d-476f-b25b-d7f87790d2c1|localhost:15011, b12aa423-edbe-43b9-9e95-c7a538dfc443|localhost:15019], listeners:[]
2024-03-20 21:08:31,468 [IPC Server handler 1 on default port 15007] INFO  server.RaftServer$Division (LeaderStateImpl.java:startSetConfiguration(488)) - 1ba87fbc-452a-4836-9768-c65c67837df8@group-8B04330EF271-LeaderStateImpl: startSetConfiguration SetConfigurationRequest:client-E2BB2ADAB084->1ba87fbc-452a-4836-9768-c65c67837df8@group-8B04330EF271, cid=10, seq=null, RW, null, SET_UNCONDITIONALLY, servers:[1ba87fbc-452a-4836-9768-c65c67837df8|localhost:15003, be2411e5-a42d-476f-b25b-d7f87790d2c1|localhost:15011, b12aa423-edbe-43b9-9e95-c7a538dfc443|localhost:15019], listeners:[]
2024-03-20 21:08:31,469 [IPC Server handler 1 on default port 15007] INFO  server.RaftServerConfigKeys (ConfUtils.java:logGet(46)) - raft.server.log.appender.snapshot.chunk.size.max = 16MB (=16777216) (default)
2024-03-20 21:08:31,469 [IPC Server handler 1 on default port 15007] INFO  server.RaftServerConfigKeys (ConfUtils.java:logGet(46)) - raft.server.log.appender.buffer.byte-limit = 4194304 (custom)
2024-03-20 21:08:31,469 [IPC Server handler 1 on default port 15007] INFO  server.RaftServerConfigKeys (ConfUtils.java:logGet(46)) - raft.server.log.appender.buffer.element-limit = 1024 (custom)
2024-03-20 21:08:31,471 [IPC Server handler 1 on default port 15007] INFO  server.RaftServerConfigKeys (ConfUtils.java:logGet(46)) - raft.server.log.appender.wait-time.min = 0ms (custom)
2024-03-20 21:08:31,471 [IPC Server handler 1 on default port 15007] INFO  grpc.GrpcConfigKeys (ConfUtils.java:logGet(46)) - raft.grpc.server.leader.outstanding.appends.max = 8 (default)
2024-03-20 21:08:31,471 [IPC Server handler 1 on default port 15007] INFO  server.RaftServerConfigKeys (ConfUtils.java:logGet(46)) - raft.server.rpc.request.timeout = 30000ms (custom)
2024-03-20 21:08:31,471 [IPC Server handler 1 on default port 15007] INFO  grpc.GrpcConfigKeys (ConfUtils.java:logGet(46)) - raft.grpc.server.install_snapshot.request.element-limit = 8 (default)
2024-03-20 21:08:31,471 [IPC Server handler 1 on default port 15007] INFO  grpc.GrpcConfigKeys (ConfUtils.java:logGet(46)) - raft.grpc.server.install_snapshot.request.timeout = 3000ms (default)
2024-03-20 21:08:31,471 [IPC Server handler 1 on default port 15007] INFO  grpc.GrpcConfigKeys (ConfUtils.java:logGet(46)) - raft.grpc.server.log-message.batch.duration = 5s (default)
2024-03-20 21:08:31,471 [IPC Server handler 1 on default port 15007] INFO  server.RaftServerConfigKeys (ConfUtils.java:logGet(46)) - raft.server.log.appender.install.snapshot.enabled = false (custom)
2024-03-20 21:08:31,472 [IPC Server handler 1 on default port 15007] INFO  grpc.GrpcConfigKeys (ConfUtils.java:logGet(46)) - raft.grpc.server.heartbeat.channel = true (default)
2024-03-20 21:08:31,472 [1ba87fbc-452a-4836-9768-c65c67837df8@group-8B04330EF271->b12aa423-edbe-43b9-9e95-c7a538dfc443-GrpcLogAppender-LogAppenderDaemon] INFO  server.GrpcLogAppender (GrpcLogAppender.java:notifyInstallSnapshot(766)) - 1ba87fbc-452a-4836-9768-c65c67837df8@group-8B04330EF271->b12aa423-edbe-43b9-9e95-c7a538dfc443-GrpcLogAppender: notifyInstallSnapshot with firstAvailable=(t:1, i:0), followerNextIndex=0
2024-03-20 21:08:31,473 [1ba87fbc-452a-4836-9768-c65c67837df8@group-8B04330EF271->b12aa423-edbe-43b9-9e95-c7a538dfc443-GrpcLogAppender-LogAppenderDaemon] INFO  server.GrpcLogAppender (GrpcLogAppender.java:notifyInstallSnapshot(774)) - 1ba87fbc-452a-4836-9768-c65c67837df8@group-8B04330EF271->b12aa423-edbe-43b9-9e95-c7a538dfc443-GrpcLogAppender: send 1ba87fbc-452a-4836-9768-c65c67837df8->b12aa423-edbe-43b9-9e95-c7a538dfc443#0-t2,notify:(t:1, i:0)
2024-03-20 21:08:31,474 [1ba87fbc-452a-4836-9768-c65c67837df8@group-8B04330EF271->b12aa423-edbe-43b9-9e95-c7a538dfc443-GrpcLogAppender-LogAppenderDaemon] INFO  server.GrpcServerProtocolClient (GrpcServerProtocolClient.java:<init>(65)) - Build channel for b12aa423-edbe-43b9-9e95-c7a538dfc443|localhost:15019
2024-03-20 21:08:31,490 [grpc-default-executor-2] INFO  impl.SnapshotInstallationHandler (SnapshotInstallationHandler.java:installSnapshot(89)) - b12aa423-edbe-43b9-9e95-c7a538dfc443@group-8B04330EF271: receive installSnapshot: 1ba87fbc-452a-4836-9768-c65c67837df8->b12aa423-edbe-43b9-9e95-c7a538dfc443#0-t2,notify:(t:1, i:0)
2024-03-20 21:08:31,492 [grpc-default-executor-2] INFO  server.RaftServer$Division (RaftServerImpl.java:setFirstElection(574)) - b12aa423-edbe-43b9-9e95-c7a538dfc443@group-8B04330EF271: set firstElectionSinceStartup to false for installSnapshot
2024-03-20 21:08:31,492 [grpc-default-executor-2] INFO  ha.SCMStateMachine (SCMStateMachine.java:notifyLeaderChanged(288)) - leader changed, yet current SCM is still follower.
2024-03-20 21:08:31,492 [grpc-default-executor-2] INFO  server.RaftServer$Division (ServerState.java:setLeader(269)) - b12aa423-edbe-43b9-9e95-c7a538dfc443@group-8B04330EF271: change Leader from null to 1ba87fbc-452a-4836-9768-c65c67837df8 at term 2 for installSnapshot, leader elected after 134ms
2024-03-20 21:08:31,492 [grpc-default-executor-2] INFO  impl.SnapshotInstallationHandler (SnapshotInstallationHandler.java:notifyStateMachineToInstallSnapshot(221)) - b12aa423-edbe-43b9-9e95-c7a538dfc443@group-8B04330EF271: Received notification to install snapshot at index 0
2024-03-20 21:08:31,492 [grpc-default-executor-2] INFO  impl.SnapshotInstallationHandler (SnapshotInstallationHandler.java:notifyStateMachineToInstallSnapshot(230)) - b12aa423-edbe-43b9-9e95-c7a538dfc443@group-8B04330EF271: InstallSnapshot notification result: ALREADY_INSTALLED, current snapshot index: -1
2024-03-20 21:08:31,493 [grpc-default-executor-2] INFO  impl.SnapshotInstallationHandler (SnapshotInstallationHandler.java:installSnapshotImpl(134)) - b12aa423-edbe-43b9-9e95-c7a538dfc443@group-8B04330EF271: set new configuration index: 21
configurationEntry {
  peers {
    id: "1ba87fbc-452a-4836-9768-c65c67837df8"
    address: "localhost:15003"
    startupRole: FOLLOWER
  }
  peers {
    id: "be2411e5-a42d-476f-b25b-d7f87790d2c1"
    address: "localhost:15011"
    startupRole: FOLLOWER
  }
}
 from snapshot
2024-03-20 21:08:31,493 [grpc-default-executor-2] INFO  server.RaftServer$Division (ServerState.java:setRaftConf(386)) - b12aa423-edbe-43b9-9e95-c7a538dfc443@group-8B04330EF271: set configuration 21: peers:[1ba87fbc-452a-4836-9768-c65c67837df8|localhost:15003, be2411e5-a42d-476f-b25b-d7f87790d2c1|localhost:15011]|listeners:[], old=null
2024-03-20 21:08:31,495 [grpc-default-executor-2] INFO  impl.SnapshotInstallationHandler (SnapshotInstallationHandler.java:installSnapshot(100)) - b12aa423-edbe-43b9-9e95-c7a538dfc443@group-8B04330EF271: reply installSnapshot: 1ba87fbc-452a-4836-9768-c65c67837df8<-b12aa423-edbe-43b9-9e95-c7a538dfc443#0:OK-t0,ALREADY_INSTALLED,snapshotIndex=0
2024-03-20 21:08:31,495 [grpc-default-executor-2] INFO  server.GrpcServerProtocolService (GrpcServerProtocolService.java:onCompleted(157)) - b12aa423-edbe-43b9-9e95-c7a538dfc443: Completed INSTALL_SNAPSHOT, lastRequest: 1ba87fbc-452a-4836-9768-c65c67837df8->b12aa423-edbe-43b9-9e95-c7a538dfc443#0-t2,notify:(t:1, i:0)
2024-03-20 21:08:31,495 [grpc-default-executor-2] INFO  server.GrpcServerProtocolService (GrpcServerProtocolService.java:lambda$onCompleted$5(159)) - b12aa423-edbe-43b9-9e95-c7a538dfc443: Completed INSTALL_SNAPSHOT, lastReply: null
2024-03-20 21:08:31,497 [grpc-default-executor-2] INFO  server.GrpcLogAppender (GrpcLogAppender.java:onNext(625)) - 1ba87fbc-452a-4836-9768-c65c67837df8@group-8B04330EF271->b12aa423-edbe-43b9-9e95-c7a538dfc443-InstallSnapshotResponseHandler: received the first reply 1ba87fbc-452a-4836-9768-c65c67837df8<-b12aa423-edbe-43b9-9e95-c7a538dfc443#0:OK-t0,ALREADY_INSTALLED,snapshotIndex=0
2024-03-20 21:08:31,497 [grpc-default-executor-2] INFO  server.GrpcLogAppender (GrpcLogAppender.java:onNext(646)) - 1ba87fbc-452a-4836-9768-c65c67837df8@group-8B04330EF271->b12aa423-edbe-43b9-9e95-c7a538dfc443-InstallSnapshotResponseHandler: Follower snapshot is already at index 0.
2024-03-20 21:08:31,497 [grpc-default-executor-2] INFO  leader.FollowerInfo (FollowerInfoImpl.java:info(64)) - 1ba87fbc-452a-4836-9768-c65c67837df8@group-8B04330EF271->b12aa423-edbe-43b9-9e95-c7a538dfc443: matchIndex: setUnconditionally -1 -> 0
2024-03-20 21:08:31,497 [grpc-default-executor-2] INFO  leader.FollowerInfo (FollowerInfoImpl.java:info(64)) - 1ba87fbc-452a-4836-9768-c65c67837df8@group-8B04330EF271->b12aa423-edbe-43b9-9e95-c7a538dfc443: nextIndex: setUnconditionally 0 -> 1
2024-03-20 21:08:31,497 [grpc-default-executor-2] INFO  leader.FollowerInfo (FollowerInfoImpl.java:setAttemptedToInstallSnapshot(154)) - Follower 1ba87fbc-452a-4836-9768-c65c67837df8@group-8B04330EF271->b12aa423-edbe-43b9-9e95-c7a538dfc443 acknowledged installing snapshot
2024-03-20 21:08:31,497 [grpc-default-executor-2] INFO  server.GrpcLogAppender (GrpcLogAppender.java:increaseNextIndex(453)) - 1ba87fbc-452a-4836-9768-c65c67837df8@group-8B04330EF271->b12aa423-edbe-43b9-9e95-c7a538dfc443-GrpcLogAppender: updateNextIndex 1 for ALREADY_INSTALLED
2024-03-20 21:08:31,506 [b12aa423-edbe-43b9-9e95-c7a538dfc443-server-thread1] INFO  server.RaftServer$Division (RaftServerImpl.java:checkInconsistentAppendEntries(1700)) - b12aa423-edbe-43b9-9e95-c7a538dfc443@group-8B04330EF271: Failed appendEntries as previous log entry ((t:1, i:0)) is not found
2024-03-20 21:08:31,506 [b12aa423-edbe-43b9-9e95-c7a538dfc443-server-thread1] INFO  server.RaftServer$Division (RaftServerImpl.java:checkInconsistentAppendEntries(1670)) - b12aa423-edbe-43b9-9e95-c7a538dfc443@group-8B04330EF271: inconsistency entries. Reply:1ba87fbc-452a-4836-9768-c65c67837df8<-b12aa423-edbe-43b9-9e95-c7a538dfc443#0:FAIL-t2,INCONSISTENCY,nextIndex=0,followerCommit=-1,matchIndex=-1
2024-03-20 21:08:31,508 [grpc-default-executor-2] WARN  server.GrpcLogAppender (GrpcLogAppender.java:onNextImpl(515)) - 1ba87fbc-452a-4836-9768-c65c67837df8@group-8B04330EF271->b12aa423-edbe-43b9-9e95-c7a538dfc443-AppendLogResponseHandler: received INCONSISTENCY reply with nextIndex 0, errorCount=1, request=AppendEntriesRequest:cid=0,entriesCount=0
2024-03-20 21:08:31,508 [grpc-default-executor-2] INFO  leader.FollowerInfo (FollowerInfoImpl.java:info(70)) - 1ba87fbc-452a-4836-9768-c65c67837df8@group-8B04330EF271->b12aa423-edbe-43b9-9e95-c7a538dfc443: setNextIndex nextIndex: updateUnconditionally 29 -> 1
2024-03-20 21:08:31,510 [b12aa423-edbe-43b9-9e95-c7a538dfc443-server-thread1] INFO  server.RaftServer$Division (RaftServerImpl.java:checkInconsistentAppendEntries(1700)) - b12aa423-edbe-43b9-9e95-c7a538dfc443@group-8B04330EF271: Failed appendEntries as previous log entry ((t:1, i:0)) is not found
2024-03-20 21:08:31,510 [b12aa423-edbe-43b9-9e95-c7a538dfc443-server-thread1] INFO  server.RaftServer$Division (RaftServerImpl.java:checkInconsistentAppendEntries(1670)) - b12aa423-edbe-43b9-9e95-c7a538dfc443@group-8B04330EF271: inconsistency entries. Reply:1ba87fbc-452a-4836-9768-c65c67837df8<-b12aa423-edbe-43b9-9e95-c7a538dfc443#1:FAIL-t2,INCONSISTENCY,nextIndex=0,followerCommit=-1,matchIndex=-1
2024-03-20 21:08:31,511 [grpc-default-executor-1] WARN  server.GrpcLogAppender (GrpcLogAppender.java:onNextImpl(515)) - 1ba87fbc-452a-4836-9768-c65c67837df8@group-8B04330EF271->b12aa423-edbe-43b9-9e95-c7a538dfc443-AppendLogResponseHandler: received INCONSISTENCY reply with nextIndex 0, errorCount=2, request=null
2024-03-20 21:08:31,511 [grpc-default-executor-1] INFO  leader.FollowerInfo (FollowerInfoImpl.java:info(70)) - 1ba87fbc-452a-4836-9768-c65c67837df8@group-8B04330EF271->b12aa423-edbe-43b9-9e95-c7a538dfc443: setNextIndex nextIndex: updateUnconditionally 29 -> 1
2024-03-20 21:08:31,512 [b12aa423-edbe-43b9-9e95-c7a538dfc443-server-thread1] INFO  server.RaftServer$Division (RaftServerImpl.java:checkInconsistentAppendEntries(1700)) - b12aa423-edbe-43b9-9e95-c7a538dfc443@group-8B04330EF271: Failed appendEntries as previous log entry ((t:1, i:0)) is not found
2024-03-20 21:08:31,512 [b12aa423-edbe-43b9-9e95-c7a538dfc443-server-thread1] INFO  server.RaftServer$Division (RaftServerImpl.java:checkInconsistentAppendEntries(1670)) - b12aa423-edbe-43b9-9e95-c7a538dfc443@group-8B04330EF271: inconsistency entries. Reply:1ba87fbc-452a-4836-9768-c65c67837df8<-b12aa423-edbe-43b9-9e95-c7a538dfc443#2:FAIL-t2,INCONSISTENCY,nextIndex=0,followerCommit=-1,matchIndex=-1
2024-03-20 21:08:31,513 [grpc-default-executor-1] WARN  server.GrpcLogAppender (GrpcLogAppender.java:onNextImpl(515)) - 1ba87fbc-452a-4836-9768-c65c67837df8@group-8B04330EF271->b12aa423-edbe-43b9-9e95-c7a538dfc443-AppendLogResponseHandler: received INCONSISTENCY reply with nextIndex 0, errorCount=3, request=null
2024-03-20 21:08:31,513 [grpc-default-executor-1] INFO  leader.FollowerInfo (FollowerInfoImpl.java:info(70)) - 1ba87fbc-452a-4836-9768-c65c67837df8@group-8B04330EF271->b12aa423-edbe-43b9-9e95-c7a538dfc443: setNextIndex nextIndex: updateUnconditionally 29 -> 1
2024-03-20 21:08:31,516 [b12aa423-edbe-43b9-9e95-c7a538dfc443-server-thread1] INFO  server.RaftServer$Division (RaftServerImpl.java:checkInconsistentAppendEntries(1700)) - b12aa423-edbe-43b9-9e95-c7a538dfc443@group-8B04330EF271: Failed appendEntries as previous log entry ((t:1, i:0)) is not found
2024-03-20 21:08:31,516 [b12aa423-edbe-43b9-9e95-c7a538dfc443-server-thread1] INFO  server.RaftServer$Division (RaftServerImpl.java:checkInconsistentAppendEntries(1670)) - b12aa423-edbe-43b9-9e95-c7a538dfc443@group-8B04330EF271: inconsistency entries. Reply:1ba87fbc-452a-4836-9768-c65c67837df8<-b12aa423-edbe-43b9-9e95-c7a538dfc443#3:FAIL-t2,INCONSISTENCY,nextIndex=0,followerCommit=-1,matchIndex=-1
2024-03-20 21:08:31,517 [grpc-default-executor-2] WARN  server.GrpcLogAppender (GrpcLogAppender.java:onNextImpl(515)) - 1ba87fbc-452a-4836-9768-c65c67837df8@group-8B04330EF271->b12aa423-edbe-43b9-9e95-c7a538dfc443-AppendLogResponseHandler: received INCONSISTENCY reply with nextIndex 0, errorCount=4, request=null
2024-03-20 21:08:31,517 [grpc-default-executor-2] INFO  leader.FollowerInfo (FollowerInfoImpl.java:info(70)) - 1ba87fbc-452a-4836-9768-c65c67837df8@group-8B04330EF271->b12aa423-edbe-43b9-9e95-c7a538dfc443: setNextIndex nextIndex: updateUnconditionally 29 -> 1
2024-03-20 21:08:31,517 [b12aa423-edbe-43b9-9e95-c7a538dfc443-server-thread1] INFO  server.RaftServer$Division (RaftServerImpl.java:checkInconsistentAppendEntries(1700)) - b12aa423-edbe-43b9-9e95-c7a538dfc443@group-8B04330EF271: Failed appendEntries as previous log entry ((t:1, i:0)) is not found
2024-03-20 21:08:31,517 [b12aa423-edbe-43b9-9e95-c7a538dfc443-server-thread1] INFO  server.RaftServer$Division (RaftServerImpl.java:checkInconsistentAppendEntries(1670)) - b12aa423-edbe-43b9-9e95-c7a538dfc443@group-8B04330EF271: inconsistency entries. Reply:1ba87fbc-452a-4836-9768-c65c67837df8<-b12aa423-edbe-43b9-9e95-c7a538dfc443#4:FAIL-t2,INCONSISTENCY,nextIndex=0,followerCommit=-1,matchIndex=-1
2024-03-20 21:08:31,518 [grpc-default-executor-1] WARN  server.GrpcLogAppender (GrpcLogAppender.java:onNextImpl(515)) - 1ba87fbc-452a-4836-9768-c65c67837df8@group-8B04330EF271->b12aa423-edbe-43b9-9e95-c7a538dfc443-AppendLogResponseHandler: received INCONSISTENCY reply with nextIndex 0, errorCount=5, request=null
2024-03-20 21:08:31,518 [grpc-default-executor-1] INFO  leader.FollowerInfo (FollowerInfoImpl.java:info(70)) - 1ba87fbc-452a-4836-9768-c65c67837df8@group-8B04330EF271->b12aa423-edbe-43b9-9e95-c7a538dfc443: setNextIndex nextIndex: updateUnconditionally 29 -> 1
2024-03-20 21:08:31,520 [b12aa423-edbe-43b9-9e95-c7a538dfc443-server-thread1] INFO  server.RaftServer$Division (RaftServerImpl.java:checkInconsistentAppendEntries(1700)) - b12aa423-edbe-43b9-9e95-c7a538dfc443@group-8B04330EF271: Failed appendEntries as previous log entry ((t:1, i:0)) is not found
2024-03-20 21:08:31,520 [b12aa423-edbe-43b9-9e95-c7a538dfc443-server-thread1] INFO  server.RaftServer$Division (RaftServerImpl.java:checkInconsistentAppendEntries(1670)) - b12aa423-edbe-43b9-9e95-c7a538dfc443@group-8B04330EF271: inconsistency entries. Reply:1ba87fbc-452a-4836-9768-c65c67837df8<-b12aa423-edbe-43b9-9e95-c7a538dfc443#5:FAIL-t2,INCONSISTENCY,nextIndex=0,followerCommit=-1,matchIndex=-1
2024-03-20 21:08:31,520 [grpc-default-executor-2] WARN  server.GrpcLogAppender (GrpcLogAppender.java:onNextImpl(515)) - 1ba87fbc-452a-4836-9768-c65c67837df8@group-8B04330EF271->b12aa423-edbe-43b9-9e95-c7a538dfc443-AppendLogResponseHandler: received INCONSISTENCY reply with nextIndex 0, errorCount=6, request=null
2024-03-20 21:08:31,521 [grpc-default-executor-2] INFO  leader.FollowerInfo (FollowerInfoImpl.java:info(70)) - 1ba87fbc-452a-4836-9768-c65c67837df8@group-8B04330EF271->b12aa423-edbe-43b9-9e95-c7a538dfc443: setNextIndex nextIndex: updateUnconditionally 29 -> 1
2024-03-20 21:08:31,521 [b12aa423-edbe-43b9-9e95-c7a538dfc443-server-thread1] INFO  server.RaftServer$Division (RaftServerImpl.java:checkInconsistentAppendEntries(1700)) - b12aa423-edbe-43b9-9e95-c7a538dfc443@group-8B04330EF271: Failed appendEntries as previous log entry ((t:1, i:0)) is not found
2024-03-20 21:08:31,521 [b12aa423-edbe-43b9-9e95-c7a538dfc443-server-thread1] INFO  server.RaftServer$Division (RaftServerImpl.java:checkInconsistentAppendEntries(1670)) - b12aa423-edbe-43b9-9e95-c7a538dfc443@group-8B04330EF271: inconsistency entries. Reply:1ba87fbc-452a-4836-9768-c65c67837df8<-b12aa423-edbe-43b9-9e95-c7a538dfc443#6:FAIL-t2,INCONSISTENCY,nextIndex=0,followerCommit=-1,matchIndex=-1
2024-03-20 21:08:31,522 [grpc-default-executor-1] WARN  server.GrpcLogAppender (GrpcLogAppender.java:onNextImpl(515)) - 1ba87fbc-452a-4836-9768-c65c67837df8@group-8B04330EF271->b12aa423-edbe-43b9-9e95-c7a538dfc443-AppendLogResponseHandler: received INCONSISTENCY reply with nextIndex 0, errorCount=7, request=null
2024-03-20 21:08:31,522 [grpc-default-executor-1] INFO  leader.FollowerInfo (FollowerInfoImpl.java:info(70)) - 1ba87fbc-452a-4836-9768-c65c67837df8@group-8B04330EF271->b12aa423-edbe-43b9-9e95-c7a538dfc443: setNextIndex nextIndex: updateUnconditionally 29 -> 1
2024-03-20 21:08:31,523 [b12aa423-edbe-43b9-9e95-c7a538dfc443-server-thread1] INFO  server.RaftServer$Division (RaftServerImpl.java:checkInconsistentAppendEntries(1700)) - b12aa423-edbe-43b9-9e95-c7a538dfc443@group-8B04330EF271: Failed appendEntries as previous log entry ((t:1, i:0)) is not found
2024-03-20 21:08:31,523 [b12aa423-edbe-43b9-9e95-c7a538dfc443-server-thread1] INFO  server.RaftServer$Division (RaftServerImpl.java:checkInconsistentAppendEntries(1670)) - b12aa423-edbe-43b9-9e95-c7a538dfc443@group-8B04330EF271: inconsistency entries. Reply:1ba87fbc-452a-4836-9768-c65c67837df8<-b12aa423-edbe-43b9-9e95-c7a538dfc443#7:FAIL-t2,INCONSISTENCY,nextIndex=0,followerCommit=-1,matchIndex=-1
2024-03-20 21:08:31,525 [grpc-default-executor-1] WARN  server.GrpcLogAppender (GrpcLogAppender.java:onNextImpl(515)) - 1ba87fbc-452a-4836-9768-c65c67837df8@group-8B04330EF271->b12aa423-edbe-43b9-9e95-c7a538dfc443-AppendLogResponseHandler: received INCONSISTENCY reply with nextIndex 0, errorCount=8, request=null
2024-03-20 21:08:31,525 [grpc-default-executor-1] INFO  leader.FollowerInfo (FollowerInfoImpl.java:info(70)) - 1ba87fbc-452a-4836-9768-c65c67837df8@group-8B04330EF271->b12aa423-edbe-43b9-9e95-c7a538dfc443: setNextIndex nextIndex: updateUnconditionally 29 -> 1
2024-03-20 21:08:31,527 [b12aa423-edbe-43b9-9e95-c7a538dfc443-server-thread1] INFO  server.RaftServer$Division (RaftServerImpl.java:checkInconsistentAppendEntries(1700)) - b12aa423-edbe-43b9-9e95-c7a538dfc443@group-8B04330EF271: Failed appendEntries as previous log entry ((t:1, i:0)) is not found
2024-03-20 21:08:31,527 [b12aa423-edbe-43b9-9e95-c7a538dfc443-server-thread1] INFO  server.RaftServer$Division (RaftServerImpl.java:checkInconsistentAppendEntries(1670)) - b12aa423-edbe-43b9-9e95-c7a538dfc443@group-8B04330EF271: inconsistency entries. Reply:1ba87fbc-452a-4836-9768-c65c67837df8<-b12aa423-edbe-43b9-9e95-c7a538dfc443#8:FAIL-t2,INCONSISTENCY,nextIndex=0,followerCommit=-1,matchIndex=-1
2024-03-20 21:08:31,528 [grpc-default-executor-1] WARN  server.GrpcLogAppender (GrpcLogAppender.java:onNextImpl(515)) - 1ba87fbc-452a-4836-9768-c65c67837df8@group-8B04330EF271->b12aa423-edbe-43b9-9e95-c7a538dfc443-AppendLogResponseHandler: received INCONSISTENCY reply with nextIndex 0, errorCount=9, request=null
2024-03-20 21:08:31,528 [grpc-default-executor-1] INFO  leader.FollowerInfo (FollowerInfoImpl.java:info(70)) - 1ba87fbc-452a-4836-9768-c65c67837df8@group-8B04330EF271->b12aa423-edbe-43b9-9e95-c7a538dfc443: setNextIndex nextIndex: updateUnconditionally 29 -> 1
2024-03-20 21:08:31,528 [b12aa423-edbe-43b9-9e95-c7a538dfc443-server-thread1] INFO  server.RaftServer$Division (RaftServerImpl.java:checkInconsistentAppendEntries(1700)) - b12aa423-edbe-43b9-9e95-c7a538dfc443@group-8B04330EF271: Failed appendEntries as previous log entry ((t:1, i:0)) is not found
2024-03-20 21:08:31,529 [b12aa423-edbe-43b9-9e95-c7a538dfc443-server-thread1] INFO  server.RaftServer$Division (RaftServerImpl.java:checkInconsistentAppendEntries(1670)) - b12aa423-edbe-43b9-9e95-c7a538dfc443@group-8B04330EF271: inconsistency entries. Reply:1ba87fbc-452a-4836-9768-c65c67837df8<-b12aa423-edbe-43b9-9e95-c7a538dfc443#9:FAIL-t2,INCONSISTENCY,nextIndex=0,followerCommit=-1,matchIndex=-1
2024-03-20 21:08:31,529 [grpc-default-executor-2] WARN  server.GrpcLogAppender (GrpcLogAppender.java:onNextImpl(515)) - 1ba87fbc-452a-4836-9768-c65c67837df8@group-8B04330EF271->b12aa423-edbe-43b9-9e95-c7a538dfc443-AppendLogResponseHandler: received INCONSISTENCY reply with nextIndex 0, errorCount=10, request=null
2024-03-20 21:08:31,530 [grpc-default-executor-2] INFO  leader.FollowerInfo (FollowerInfoImpl.java:info(70)) - 1ba87fbc-452a-4836-9768-c65c67837df8@group-8B04330EF271->b12aa423-edbe-43b9-9e95-c7a538dfc443: setNextIndex nextIndex: updateUnconditionally 29 -> 1
2024-03-20 21:08:31,530 [b12aa423-edbe-43b9-9e95-c7a538dfc443-server-thread1] INFO  server.RaftServer$Division (RaftServerImpl.java:checkInconsistentAppendEntries(1700)) - b12aa423-edbe-43b9-9e95-c7a538dfc443@group-8B04330EF271: Failed appendEntries as previous log entry ((t:1, i:0)) is not found
2024-03-20 21:08:31,530 [b12aa423-edbe-43b9-9e95-c7a538dfc443-server-thread1] INFO  server.RaftServer$Division (RaftServerImpl.java:checkInconsistentAppendEntries(1670)) - b12aa423-edbe-43b9-9e95-c7a538dfc443@group-8B04330EF271: inconsistency entries. Reply:1ba87fbc-452a-4836-9768-c65c67837df8<-b12aa423-edbe-43b9-9e95-c7a538dfc443#10:FAIL-t2,INCONSISTENCY,nextIndex=0,followerCommit=-1,matchIndex=-1
2024-03-20 21:08:31,531 [grpc-default-executor-1] WARN  server.GrpcLogAppender (GrpcLogAppender.java:onNextImpl(515)) - 1ba87fbc-452a-4836-9768-c65c67837df8@group-8B04330EF271->b12aa423-edbe-43b9-9e95-c7a538dfc443-AppendLogResponseHandler: received INCONSISTENCY reply with nextIndex 0, errorCount=11, request=null
2024-03-20 21:08:31,531 [grpc-default-executor-1] INFO  leader.FollowerInfo (FollowerInfoImpl.java:info(70)) - 1ba87fbc-452a-4836-9768-c65c67837df8@group-8B04330EF271->b12aa423-edbe-43b9-9e95-c7a538dfc443: setNextIndex nextIndex: updateUnconditionally 29 -> 1
2024-03-20 21:08:31,533 [b12aa423-edbe-43b9-9e95-c7a538dfc443-server-thread1] INFO  server.RaftServer$Division (RaftServerImpl.java:checkInconsistentAppendEntries(1700)) - b12aa423-edbe-43b9-9e95-c7a538dfc443@group-8B04330EF271: Failed appendEntries as previous log entry ((t:1, i:0)) is not found
2024-03-20 21:08:31,533 [b12aa423-edbe-43b9-9e95-c7a538dfc443-server-thread1] INFO  server.RaftServer$Division (RaftServerImpl.java:checkInconsistentAppendEntries(1670)) - b12aa423-edbe-43b9-9e95-c7a538dfc443@group-8B04330EF271: inconsistency entries. Reply:1ba87fbc-452a-4836-9768-c65c67837df8<-b12aa423-edbe-43b9-9e95-c7a538dfc443#11:FAIL-t2,INCONSISTENCY,nextIndex=0,followerCommit=-1,matchIndex=-1
2024-03-20 21:08:31,534 [grpc-default-executor-1] WARN  server.GrpcLogAppender (GrpcLogAppender.java:onNextImpl(515)) - 1ba87fbc-452a-4836-9768-c65c67837df8@group-8B04330EF271->b12aa423-edbe-43b9-9e95-c7a538dfc443-AppendLogResponseHandler: received INCONSISTENCY reply with nextIndex 0, errorCount=12, request=null
2024-03-20 21:08:31,536 [b12aa423-edbe-43b9-9e95-c7a538dfc443-server-thread1] INFO  server.RaftServer$Division (RaftServerImpl.java:checkInconsistentAppendEntries(1700)) - b12aa423-edbe-43b9-9e95-c7a538dfc443@group-8B04330EF271: Failed appendEntries as previous log entry ((t:1, i:0)) is not found
2024-03-20 21:08:31,536 [b12aa423-edbe-43b9-9e95-c7a538dfc443-server-thread1] INFO  server.RaftServer$Division (RaftServerImpl.java:checkInconsistentAppendEntries(1670)) - b12aa423-edbe-43b9-9e95-c7a538dfc443@group-8B04330EF271: inconsistency entries. Reply:1ba87fbc-452a-4836-9768-c65c67837df8<-b12aa423-edbe-43b9-9e95-c7a538dfc443#12:FAIL-t2,INCONSISTENCY,nextIndex=0,followerCommit=-1,matchIndex=-1
2024-03-20 21:08:31,537 [grpc-default-executor-1] WARN  server.GrpcLogAppender (GrpcLogAppender.java:onNextImpl(515)) - 1ba87fbc-452a-4836-9768-c65c67837df8@group-8B04330EF271->b12aa423-edbe-43b9-9e95-c7a538dfc443-AppendLogResponseHandler: received INCONSISTENCY reply with nextIndex 0, errorCount=13, request=AppendEntriesRequest:cid=12,entriesCount=28,entries=(t:2, i:1)...(t:2, i:28)
2024-03-20 21:08:31,537 [grpc-default-executor-1] INFO  leader.FollowerInfo (FollowerInfoImpl.java:info(70)) - 1ba87fbc-452a-4836-9768-c65c67837df8@group-8B04330EF271->b12aa423-edbe-43b9-9e95-c7a538dfc443: setNextIndex nextIndex: updateUnconditionally 29 -> 0
2024-03-20 21:08:31,538 [b12aa423-edbe-43b9-9e95-c7a538dfc443-server-thread1] INFO  server.RaftServer$Division (ServerState.java:setRaftConf(386)) - b12aa423-edbe-43b9-9e95-c7a538dfc443@group-8B04330EF271: set configuration 0: peers:[1ba87fbc-452a-4836-9768-c65c67837df8|localhost:15003]|listeners:[], old=null
2024-03-20 21:08:31,539 [b12aa423-edbe-43b9-9e95-c7a538dfc443-server-thread1] INFO  server.RaftServer$Division (ServerState.java:setRaftConf(386)) - b12aa423-edbe-43b9-9e95-c7a538dfc443@group-8B04330EF271: set configuration 1: peers:[1ba87fbc-452a-4836-9768-c65c67837df8|localhost:15003]|listeners:[], old=null
2024-03-20 21:08:31,539 [b12aa423-edbe-43b9-9e95-c7a538dfc443-server-thread1] INFO  server.RaftServer$Division (ServerState.java:setRaftConf(386)) - b12aa423-edbe-43b9-9e95-c7a538dfc443@group-8B04330EF271: set configuration 19: peers:[1ba87fbc-452a-4836-9768-c65c67837df8|localhost:15003, be2411e5-a42d-476f-b25b-d7f87790d2c1|localhost:15011]|listeners:[], old=peers:[1ba87fbc-452a-4836-9768-c65c67837df8|localhost:15003]|listeners:[]
2024-03-20 21:08:31,539 [b12aa423-edbe-43b9-9e95-c7a538dfc443-server-thread1] INFO  server.RaftServer$Division (ServerState.java:setRaftConf(386)) - b12aa423-edbe-43b9-9e95-c7a538dfc443@group-8B04330EF271: set configuration 21: peers:[1ba87fbc-452a-4836-9768-c65c67837df8|localhost:15003, be2411e5-a42d-476f-b25b-d7f87790d2c1|localhost:15011]|listeners:[], old=null
2024-03-20 21:08:31,539 [b12aa423-edbe-43b9-9e95-c7a538dfc443-server-thread1] INFO  segmented.SegmentedRaftLogWorker (SegmentedRaftLogWorker.java:startLogSegment(430)) - b12aa423-edbe-43b9-9e95-c7a538dfc443@group-8B04330EF271-SegmentedRaftLogWorker: Starting segment from index:0
2024-03-20 21:08:31,539 [b12aa423-edbe-43b9-9e95-c7a538dfc443-server-thread1] INFO  segmented.SegmentedRaftLogWorker (SegmentedRaftLogWorker.java:rollLogSegment(435)) - b12aa423-edbe-43b9-9e95-c7a538dfc443@group-8B04330EF271-SegmentedRaftLogWorker: Rolling segment log-0_0 to index:0
2024-03-20 21:08:31,540 [b12aa423-edbe-43b9-9e95-c7a538dfc443@group-8B04330EF271-SegmentedRaftLogWorker] INFO  segmented.BufferedWriteChannel (BufferedWriteChannel.java:open(62)) - open log_inprogress_0 at position 0
2024-03-20 21:08:31,547 [b12aa423-edbe-43b9-9e95-c7a538dfc443@group-8B04330EF271-SegmentedRaftLogWorker] INFO  segmented.SegmentedRaftLogWorker (SegmentedRaftLogWorker.java:execute(634)) - b12aa423-edbe-43b9-9e95-c7a538dfc443@group-8B04330EF271-SegmentedRaftLogWorker: created new log segment /home/runner/work/ozone/ozone/hadoop-ozone/integration-test/target/test-dir/MiniOzoneClusterImpl-bb4c8f07-45f9-422c-bd0c-8b04330ef271/scmNode-3/scm-ha/bb4c8f07-45f9-422c-bd0c-8b04330ef271/current/log_inprogress_0
2024-03-20 21:08:31,548 [b12aa423-edbe-43b9-9e95-c7a538dfc443@group-8B04330EF271-SegmentedRaftLogWorker] INFO  segmented.SegmentedRaftLogWorker (SegmentedRaftLogWorker.java:execute(591)) - b12aa423-edbe-43b9-9e95-c7a538dfc443@group-8B04330EF271-SegmentedRaftLogWorker: Rolled log segment from /home/runner/work/ozone/ozone/hadoop-ozone/integration-test/target/test-dir/MiniOzoneClusterImpl-bb4c8f07-45f9-422c-bd0c-8b04330ef271/scmNode-3/scm-ha/bb4c8f07-45f9-422c-bd0c-8b04330ef271/current/log_inprogress_0 to /home/runner/work/ozone/ozone/hadoop-ozone/integration-test/target/test-dir/MiniOzoneClusterImpl-bb4c8f07-45f9-422c-bd0c-8b04330ef271/scmNode-3/scm-ha/bb4c8f07-45f9-422c-bd0c-8b04330ef271/current/log_0-0
2024-03-20 21:08:31,549 [b12aa423-edbe-43b9-9e95-c7a538dfc443@group-8B04330EF271-SegmentedRaftLogWorker] INFO  segmented.BufferedWriteChannel (BufferedWriteChannel.java:open(62)) - open log_inprogress_1 at position 0
2024-03-20 21:08:31,556 [b12aa423-edbe-43b9-9e95-c7a538dfc443@group-8B04330EF271-SegmentedRaftLogWorker] INFO  segmented.SegmentedRaftLogWorker (SegmentedRaftLogWorker.java:execute(634)) - b12aa423-edbe-43b9-9e95-c7a538dfc443@group-8B04330EF271-SegmentedRaftLogWorker: created new log segment /home/runner/work/ozone/ozone/hadoop-ozone/integration-test/target/test-dir/MiniOzoneClusterImpl-bb4c8f07-45f9-422c-bd0c-8b04330ef271/scmNode-3/scm-ha/bb4c8f07-45f9-422c-bd0c-8b04330ef271/current/log_inprogress_1
2024-03-20 21:08:31,561 [b12aa423-edbe-43b9-9e95-c7a538dfc443@group-8B04330EF271-StateMachineUpdater] INFO  safemode.HealthyPipelineSafeModeRule (HealthyPipelineSafeModeRule.java:initializeRule(172)) - Refreshed total pipeline count is 0, healthy pipeline threshold count is 1
2024-03-20 21:08:31,563 [b12aa423-edbe-43b9-9e95-c7a538dfc443@group-8B04330EF271-StateMachineUpdater] INFO  safemode.ContainerSafeModeRule (ContainerSafeModeRule.java:reInitializeRule(191)) - Refreshed one replica container threshold 0, currentThreshold 0
2024-03-20 21:08:31,563 [b12aa423-edbe-43b9-9e95-c7a538dfc443@group-8B04330EF271-StateMachineUpdater] INFO  safemode.OneReplicaPipelineSafeModeRule (OneReplicaPipelineSafeModeRule.java:initializeRule(189)) - Refreshed Total pipeline count is 0, pipeline's with at least one datanode reported threshold count is 0
2024-03-20 21:08:31,563 [b12aa423-edbe-43b9-9e95-c7a538dfc443@group-8B04330EF271-StateMachineUpdater] INFO  server.SCMDatanodeProtocolServer (SCMDatanodeProtocolServer.java:start(194)) - ScmDatanodeProtocol RPC server for DataNodes is listening at /0.0.0.0:15020
2024-03-20 21:08:31,567 [1ba87fbc-452a-4836-9768-c65c67837df8@group-8B04330EF271-LeaderStateImpl] INFO  server.RaftServer$Division (ServerState.java:setRaftConf(386)) - 1ba87fbc-452a-4836-9768-c65c67837df8@group-8B04330EF271: set configuration 29: peers:[b12aa423-edbe-43b9-9e95-c7a538dfc443|localhost:15019, 1ba87fbc-452a-4836-9768-c65c67837df8|localhost:15003, be2411e5-a42d-476f-b25b-d7f87790d2c1|localhost:15011]|listeners:[], old=peers:[1ba87fbc-452a-4836-9768-c65c67837df8|localhost:15003, be2411e5-a42d-476f-b25b-d7f87790d2c1|localhost:15011]|listeners:[]
2024-03-20 21:08:31,569 [IPC Server Responder] INFO  ipc.Server (Server.java:run(1562)) - IPC Server Responder: starting
2024-03-20 21:08:31,569 [IPC Server listener on 15020] INFO  ipc.Server (Server.java:run(1402)) - IPC Server listener on 15020: starting
2024-03-20 21:08:31,569 [b12aa423-edbe-43b9-9e95-c7a538dfc443-server-thread1] INFO  server.RaftServer$Division (ServerState.java:setRaftConf(386)) - b12aa423-edbe-43b9-9e95-c7a538dfc443@group-8B04330EF271: set configuration 29: peers:[b12aa423-edbe-43b9-9e95-c7a538dfc443|localhost:15019, 1ba87fbc-452a-4836-9768-c65c67837df8|localhost:15003, be2411e5-a42d-476f-b25b-d7f87790d2c1|localhost:15011]|listeners:[], old=peers:[1ba87fbc-452a-4836-9768-c65c67837df8|localhost:15003, be2411e5-a42d-476f-b25b-d7f87790d2c1|localhost:15011]|listeners:[]
2024-03-20 21:08:31,572 [be2411e5-a42d-476f-b25b-d7f87790d2c1-server-thread1] INFO  server.RaftServer$Division (ServerState.java:setRaftConf(386)) - be2411e5-a42d-476f-b25b-d7f87790d2c1@group-8B04330EF271: set configuration 29: peers:[b12aa423-edbe-43b9-9e95-c7a538dfc443|localhost:15019, 1ba87fbc-452a-4836-9768-c65c67837df8|localhost:15003, be2411e5-a42d-476f-b25b-d7f87790d2c1|localhost:15011]|listeners:[], old=peers:[1ba87fbc-452a-4836-9768-c65c67837df8|localhost:15003, be2411e5-a42d-476f-b25b-d7f87790d2c1|localhost:15011]|listeners:[]
2024-03-20 21:08:31,585 [b12aa423-edbe-43b9-9e95-c7a538dfc443@group-8B04330EF271-StateMachineUpdater] INFO  symmetric.SecretKeyStateImpl (SecretKeyStateImpl.java:updateKeysInternal(113)) - Updating keys with [SecretKey(id = 9d01b0d8-d90e-4073-a910-f7970baec0af, creation at: 2024-03-20T21:08:26.133Z, expire at: 2024-03-20T21:08:29.133Z)]
2024-03-20 21:08:31,586 [1ba87fbc-452a-4836-9768-c65c67837df8@group-8B04330EF271-LeaderStateImpl] INFO  server.RaftServer$Division (ServerState.java:setRaftConf(386)) - 1ba87fbc-452a-4836-9768-c65c67837df8@group-8B04330EF271: set configuration 31: peers:[b12aa423-edbe-43b9-9e95-c7a538dfc443|localhost:15019, 1ba87fbc-452a-4836-9768-c65c67837df8|localhost:15003, be2411e5-a42d-476f-b25b-d7f87790d2c1|localhost:15011]|listeners:[], old=null
2024-03-20 21:08:31,594 [b12aa423-edbe-43b9-9e95-c7a538dfc443@group-8B04330EF271-StateMachineUpdater] INFO  symmetric.SecretKeyStateImpl (SecretKeyStateImpl.java:updateKeysInternal(128)) - Current key updated SecretKey(id = 9d01b0d8-d90e-4073-a910-f7970baec0af, creation at: 2024-03-20T21:08:26.133Z, expire at: 2024-03-20T21:08:29.133Z)
2024-03-20 21:08:31,595 [be2411e5-a42d-476f-b25b-d7f87790d2c1-server-thread1] INFO  server.RaftServer$Division (ServerState.java:setRaftConf(386)) - be2411e5-a42d-476f-b25b-d7f87790d2c1@group-8B04330EF271: set configuration 31: peers:[b12aa423-edbe-43b9-9e95-c7a538dfc443|localhost:15019, 1ba87fbc-452a-4836-9768-c65c67837df8|localhost:15003, be2411e5-a42d-476f-b25b-d7f87790d2c1|localhost:15011]|listeners:[], old=null
2024-03-20 21:08:31,596 [b12aa423-edbe-43b9-9e95-c7a538dfc443@group-8B04330EF271-StateMachineUpdater] INFO  symmetric.LocalSecretKeyStore (LocalSecretKeyStore.java:save(109)) - Saved [SecretKey(id = 9d01b0d8-d90e-4073-a910-f7970baec0af, creation at: 2024-03-20T21:08:26.133Z, expire at: 2024-03-20T21:08:29.133Z)] to file /home/runner/work/ozone/ozone/hadoop-ozone/integration-test/target/test-dir/MiniOzoneClusterImpl-bb4c8f07-45f9-422c-bd0c-8b04330ef271/scmNode-3/scm/keys/secret_keys.json
2024-03-20 21:08:31,596 [b12aa423-edbe-43b9-9e95-c7a538dfc443@group-8B04330EF271-StateMachineUpdater] INFO  safemode.HealthyPipelineSafeModeRule (HealthyPipelineSafeModeRule.java:initializeRule(172)) - Refreshed total pipeline count is 0, healthy pipeline threshold count is 1
2024-03-20 21:08:31,597 [b12aa423-edbe-43b9-9e95-c7a538dfc443@group-8B04330EF271-StateMachineUpdater] INFO  safemode.SCMSafeModeManager (SCMSafeModeManager.java:validateSafeModeExitRules(200)) - ContainerSafeModeRule rule is successfully validated
2024-03-20 21:08:31,597 [b12aa423-edbe-43b9-9e95-c7a538dfc443@group-8B04330EF271-StateMachineUpdater] INFO  safemode.SCMSafeModeManager (SCMSafeModeManager.java:validateSafeModeExitRules(200)) - AtleastOneDatanodeReportedRule rule is successfully validated
2024-03-20 21:08:31,598 [b12aa423-edbe-43b9-9e95-c7a538dfc443-server-thread2] INFO  impl.RoleInfo (RoleInfo.java:updateAndGet(139)) - b12aa423-edbe-43b9-9e95-c7a538dfc443: start b12aa423-edbe-43b9-9e95-c7a538dfc443@group-8B04330EF271-FollowerState
2024-03-20 21:08:31,598 [IPC Server handler 1 on default port 15007] INFO  ha.SCMRatisServerImpl (SCMRatisServerImpl.java:addSCM(330)) - Successfully added new SCM: b12aa423-edbe-43b9-9e95-c7a538dfc443.
2024-03-20 21:08:31,600 [b12aa423-edbe-43b9-9e95-c7a538dfc443@group-8B04330EF271-StateMachineUpdater] INFO  symmetric.SecretKeyStateImpl (SecretKeyStateImpl.java:updateKeysInternal(113)) - Updating keys with [SecretKey(id = 9d01b0d8-d90e-4073-a910-f7970baec0af, creation at: 2024-03-20T21:08:26.133Z, expire at: 2024-03-20T21:08:29.133Z), SecretKey(id = c21ae4fa-8f3b-41ea-8041-760a9eac3a65, creation at: 2024-03-20T21:08:27.172Z, expire at: 2024-03-20T21:08:30.172Z)]
2024-03-20 21:08:31,600 [b12aa423-edbe-43b9-9e95-c7a538dfc443@group-8B04330EF271-StateMachineUpdater] INFO  symmetric.SecretKeyStateImpl (SecretKeyStateImpl.java:updateKeysInternal(128)) - Current key updated SecretKey(id = c21ae4fa-8f3b-41ea-8041-760a9eac3a65, creation at: 2024-03-20T21:08:27.172Z, expire at: 2024-03-20T21:08:30.172Z)
2024-03-20 21:08:31,602 [b12aa423-edbe-43b9-9e95-c7a538dfc443-server-thread2] INFO  server.RaftServer$Division (ServerState.java:setRaftConf(386)) - b12aa423-edbe-43b9-9e95-c7a538dfc443@group-8B04330EF271: set configuration 31: peers:[b12aa423-edbe-43b9-9e95-c7a538dfc443|localhost:15019, 1ba87fbc-452a-4836-9768-c65c67837df8|localhost:15003, be2411e5-a42d-476f-b25b-d7f87790d2c1|localhost:15011]|listeners:[], old=null
2024-03-20 21:08:31,602 [b12aa423-edbe-43b9-9e95-c7a538dfc443@group-8B04330EF271-StateMachineUpdater] INFO  symmetric.LocalSecretKeyStore (LocalSecretKeyStore.java:save(109)) - Saved [SecretKey(id = c21ae4fa-8f3b-41ea-8041-760a9eac3a65, creation at: 2024-03-20T21:08:27.172Z, expire at: 2024-03-20T21:08:30.172Z), SecretKey(id = 9d01b0d8-d90e-4073-a910-f7970baec0af, creation at: 2024-03-20T21:08:26.133Z, expire at: 2024-03-20T21:08:29.133Z)] to file /home/runner/work/ozone/ozone/hadoop-ozone/integration-test/target/test-dir/MiniOzoneClusterImpl-bb4c8f07-45f9-422c-bd0c-8b04330ef271/scmNode-3/scm/keys/secret_keys.json
2024-03-20 21:08:31,602 [b12aa423-edbe-43b9-9e95-c7a538dfc443@group-8B04330EF271-StateMachineUpdater] INFO  safemode.HealthyPipelineSafeModeRule (HealthyPipelineSafeModeRule.java:initializeRule(172)) - Refreshed total pipeline count is 0, healthy pipeline threshold count is 1
2024-03-20 21:08:31,603 [main] INFO  ha.SCMHAManagerImpl (SCMHAManagerImpl.java:start(135)) - Successfully added SCM scmNode-3 to group group-8B04330EF271:[b12aa423-edbe-43b9-9e95-c7a538dfc443|localhost:15019, 1ba87fbc-452a-4836-9768-c65c67837df8|localhost:15003, be2411e5-a42d-476f-b25b-d7f87790d2c1|localhost:15011]
2024-03-20 21:08:31,604 [main] INFO  ha.InterSCMGrpcService (InterSCMGrpcProtocolService.java:start(101)) - Starting SCM Grpc Service at port 15022
2024-03-20 21:08:31,603 [b12aa423-edbe-43b9-9e95-c7a538dfc443@group-8B04330EF271-StateMachineUpdater] INFO  symmetric.SecretKeyStateImpl (SecretKeyStateImpl.java:updateKeysInternal(113)) - Updating keys with [SecretKey(id = c21ae4fa-8f3b-41ea-8041-760a9eac3a65, creation at: 2024-03-20T21:08:27.172Z, expire at: 2024-03-20T21:08:30.172Z), SecretKey(id = 9d01b0d8-d90e-4073-a910-f7970baec0af, creation at: 2024-03-20T21:08:26.133Z, expire at: 2024-03-20T21:08:29.133Z), SecretKey(id = cfe7e27d-1a8e-48dc-a082-484c57858646, creation at: 2024-03-20T21:08:28.172Z, expire at: 2024-03-20T21:08:31.172Z)]
2024-03-20 21:08:31,604 [b12aa423-edbe-43b9-9e95-c7a538dfc443@group-8B04330EF271-StateMachineUpdater] INFO  symmetric.SecretKeyStateImpl (SecretKeyStateImpl.java:updateKeysInternal(128)) - Current key updated SecretKey(id = cfe7e27d-1a8e-48dc-a082-484c57858646, creation at: 2024-03-20T21:08:28.172Z, expire at: 2024-03-20T21:08:31.172Z)
2024-03-20 21:08:31,605 [b12aa423-edbe-43b9-9e95-c7a538dfc443@group-8B04330EF271-StateMachineUpdater] INFO  symmetric.LocalSecretKeyStore (LocalSecretKeyStore.java:save(109)) - Saved [SecretKey(id = cfe7e27d-1a8e-48dc-a082-484c57858646, creation at: 2024-03-20T21:08:28.172Z, expire at: 2024-03-20T21:08:31.172Z), SecretKey(id = c21ae4fa-8f3b-41ea-8041-760a9eac3a65, creation at: 2024-03-20T21:08:27.172Z, expire at: 2024-03-20T21:08:30.172Z), SecretKey(id = 9d01b0d8-d90e-4073-a910-f7970baec0af, creation at: 2024-03-20T21:08:26.133Z, expire at: 2024-03-20T21:08:29.133Z)] to file /home/runner/work/ozone/ozone/hadoop-ozone/integration-test/target/test-dir/MiniOzoneClusterImpl-bb4c8f07-45f9-422c-bd0c-8b04330ef271/scmNode-3/scm/keys/secret_keys.json
2024-03-20 21:08:31,605 [b12aa423-edbe-43b9-9e95-c7a538dfc443@group-8B04330EF271-StateMachineUpdater] INFO  safemode.HealthyPipelineSafeModeRule (HealthyPipelineSafeModeRule.java:initializeRule(172)) - Refreshed total pipeline count is 0, healthy pipeline threshold count is 1
2024-03-20 21:08:31,609 [main] INFO  SCMHATransactionMonitor (BackgroundSCMService.java:start(65)) - Starting SCMHATransactionMonitor Service.
2024-03-20 21:08:31,611 [b12aa423-edbe-43b9-9e95-c7a538dfc443@group-8B04330EF271-StateMachineUpdater] INFO  symmetric.SecretKeyStateImpl (SecretKeyStateImpl.java:updateKeysInternal(113)) - Updating keys with [SecretKey(id = cfe7e27d-1a8e-48dc-a082-484c57858646, creation at: 2024-03-20T21:08:28.172Z, expire at: 2024-03-20T21:08:31.172Z), SecretKey(id = c21ae4fa-8f3b-41ea-8041-760a9eac3a65, creation at: 2024-03-20T21:08:27.172Z, expire at: 2024-03-20T21:08:30.172Z), SecretKey(id = 61470185-16b8-4b45-8157-4ea89e2423b7, creation at: 2024-03-20T21:08:29.172Z, expire at: 2024-03-20T21:08:32.172Z)]
2024-03-20 21:08:31,612 [b12aa423-edbe-43b9-9e95-c7a538dfc443@group-8B04330EF271-StateMachineUpdater] INFO  symmetric.SecretKeyStateImpl (SecretKeyStateImpl.java:updateKeysInternal(128)) - Current key updated SecretKey(id = 61470185-16b8-4b45-8157-4ea89e2423b7, creation at: 2024-03-20T21:08:29.172Z, expire at: 2024-03-20T21:08:32.172Z)
2024-03-20 21:08:31,612 [b12aa423-edbe-43b9-9e95-c7a538dfc443@group-8B04330EF271-StateMachineUpdater] INFO  symmetric.LocalSecretKeyStore (LocalSecretKeyStore.java:save(109)) - Saved [SecretKey(id = 61470185-16b8-4b45-8157-4ea89e2423b7, creation at: 2024-03-20T21:08:29.172Z, expire at: 2024-03-20T21:08:32.172Z), SecretKey(id = cfe7e27d-1a8e-48dc-a082-484c57858646, creation at: 2024-03-20T21:08:28.172Z, expire at: 2024-03-20T21:08:31.172Z), SecretKey(id = c21ae4fa-8f3b-41ea-8041-760a9eac3a65, creation at: 2024-03-20T21:08:27.172Z, expire at: 2024-03-20T21:08:30.172Z)] to file /home/runner/work/ozone/ozone/hadoop-ozone/integration-test/target/test-dir/MiniOzoneClusterImpl-bb4c8f07-45f9-422c-bd0c-8b04330ef271/scmNode-3/scm/keys/secret_keys.json
2024-03-20 21:08:31,612 [main] INFO  ha.SCMServiceManager (SCMServiceManager.java:register(42)) - Registering service SCMHATransactionMonitor.
2024-03-20 21:08:31,617 [main] INFO  SCMHATransactionMonitor (BackgroundSCMService.java:start(62)) - SCMHATransactionMonitor Service is already running, skip start.
2024-03-20 21:08:31,617 [main] INFO  impl.MetricsSystemImpl (MetricsSystemImpl.java:init(158)) - StorageContainerManager metrics system started (again)
2024-03-20 21:08:31,617 [b12aa423-edbe-43b9-9e95-c7a538dfc443@group-8B04330EF271-StateMachineUpdater] INFO  safemode.HealthyPipelineSafeModeRule (HealthyPipelineSafeModeRule.java:initializeRule(172)) - Refreshed total pipeline count is 0, healthy pipeline threshold count is 1
2024-03-20 21:08:31,619 [b12aa423-edbe-43b9-9e95-c7a538dfc443@group-8B04330EF271-StateMachineUpdater] WARN  ha.SequenceIdGenerator (SequenceIdGenerator.java:allocateBatch(258)) - Failed to allocate a batch for CertificateId, expected lastId is 0, actual lastId is 2.
2024-03-20 21:08:31,619 [b12aa423-edbe-43b9-9e95-c7a538dfc443@group-8B04330EF271-StateMachineUpdater] INFO  safemode.HealthyPipelineSafeModeRule (HealthyPipelineSafeModeRule.java:initializeRule(172)) - Refreshed total pipeline count is 0, healthy pipeline threshold count is 1
2024-03-20 21:08:31,620 [b12aa423-edbe-43b9-9e95-c7a538dfc443@group-8B04330EF271-StateMachineUpdater] INFO  safemode.HealthyPipelineSafeModeRule (HealthyPipelineSafeModeRule.java:initializeRule(172)) - Refreshed total pipeline count is 0, healthy pipeline threshold count is 1
2024-03-20 21:08:31,622 [b12aa423-edbe-43b9-9e95-c7a538dfc443@group-8B04330EF271-StateMachineUpdater] INFO  server.SCMCertStore (SCMCertStore.java:storeValidScmCertificate(122)) - Scm certificate 3 for CN=scm-sub@localhost,OU=be2411e5-a42d-476f-b25b-d7f87790d2c1,O=bb4c8f07-45f9-422c-bd0c-8b04330ef271,SERIALNUMBER=3 is stored
2024-03-20 21:08:31,622 [b12aa423-edbe-43b9-9e95-c7a538dfc443@group-8B04330EF271-StateMachineUpdater] INFO  safemode.HealthyPipelineSafeModeRule (HealthyPipelineSafeModeRule.java:initializeRule(172)) - Refreshed total pipeline count is 0, healthy pipeline threshold count is 1
2024-03-20 21:08:31,623 [b12aa423-edbe-43b9-9e95-c7a538dfc443@group-8B04330EF271-StateMachineUpdater] INFO  symmetric.SecretKeyStateImpl (SecretKeyStateImpl.java:updateKeysInternal(113)) - Updating keys with [SecretKey(id = 61470185-16b8-4b45-8157-4ea89e2423b7, creation at: 2024-03-20T21:08:29.172Z, expire at: 2024-03-20T21:08:32.172Z), SecretKey(id = cfe7e27d-1a8e-48dc-a082-484c57858646, creation at: 2024-03-20T21:08:28.172Z, expire at: 2024-03-20T21:08:31.172Z), SecretKey(id = c21ae4fa-8f3b-41ea-8041-760a9eac3a65, creation at: 2024-03-20T21:08:27.172Z, expire at: 2024-03-20T21:08:30.172Z), SecretKey(id = 7902a007-3ec8-4a47-910f-e08d066eea9f, creation at: 2024-03-20T21:08:30.172Z, expire at: 2024-03-20T21:08:33.172Z)]
2024-03-20 21:08:31,623 [b12aa423-edbe-43b9-9e95-c7a538dfc443@group-8B04330EF271-StateMachineUpdater] INFO  symmetric.SecretKeyStateImpl (SecretKeyStateImpl.java:updateKeysInternal(128)) - Current key updated SecretKey(id = 7902a007-3ec8-4a47-910f-e08d066eea9f, creation at: 2024-03-20T21:08:30.172Z, expire at: 2024-03-20T21:08:33.172Z)
2024-03-20 21:08:31,624 [b12aa423-edbe-43b9-9e95-c7a538dfc443@group-8B04330EF271-StateMachineUpdater] INFO  symmetric.LocalSecretKeyStore (LocalSecretKeyStore.java:save(109)) - Saved [SecretKey(id = 7902a007-3ec8-4a47-910f-e08d066eea9f, creation at: 2024-03-20T21:08:30.172Z, expire at: 2024-03-20T21:08:33.172Z), SecretKey(id = 61470185-16b8-4b45-8157-4ea89e2423b7, creation at: 2024-03-20T21:08:29.172Z, expire at: 2024-03-20T21:08:32.172Z), SecretKey(id = cfe7e27d-1a8e-48dc-a082-484c57858646, creation at: 2024-03-20T21:08:28.172Z, expire at: 2024-03-20T21:08:31.172Z), SecretKey(id = c21ae4fa-8f3b-41ea-8041-760a9eac3a65, creation at: 2024-03-20T21:08:27.172Z, expire at: 2024-03-20T21:08:30.172Z)] to file /home/runner/work/ozone/ozone/hadoop-ozone/integration-test/target/test-dir/MiniOzoneClusterImpl-bb4c8f07-45f9-422c-bd0c-8b04330ef271/scmNode-3/scm/keys/secret_keys.json
2024-03-20 21:08:31,624 [b12aa423-edbe-43b9-9e95-c7a538dfc443@group-8B04330EF271-StateMachineUpdater] INFO  safemode.HealthyPipelineSafeModeRule (HealthyPipelineSafeModeRule.java:initializeRule(172)) - Refreshed total pipeline count is 0, healthy pipeline threshold count is 1
2024-03-20 21:08:31,627 [b12aa423-edbe-43b9-9e95-c7a538dfc443@group-8B04330EF271-StateMachineUpdater] INFO  safemode.HealthyPipelineSafeModeRule (HealthyPipelineSafeModeRule.java:initializeRule(172)) - Refreshed total pipeline count is 0, healthy pipeline threshold count is 1
2024-03-20 21:08:31,629 [b12aa423-edbe-43b9-9e95-c7a538dfc443@group-8B04330EF271-StateMachineUpdater] INFO  server.SCMCertStore (SCMCertStore.java:storeValidScmCertificate(122)) - Scm certificate 4 for CN=scm-sub@localhost,OU=b12aa423-edbe-43b9-9e95-c7a538dfc443,O=bb4c8f07-45f9-422c-bd0c-8b04330ef271,SERIALNUMBER=4 is stored
2024-03-20 21:08:31,629 [b12aa423-edbe-43b9-9e95-c7a538dfc443@group-8B04330EF271-StateMachineUpdater] INFO  safemode.HealthyPipelineSafeModeRule (HealthyPipelineSafeModeRule.java:initializeRule(172)) - Refreshed total pipeline count is 0, healthy pipeline threshold count is 1
2024-03-20 21:08:31,630 [b12aa423-edbe-43b9-9e95-c7a538dfc443@group-8B04330EF271-StateMachineUpdater] INFO  symmetric.SecretKeyStateImpl (SecretKeyStateImpl.java:updateKeysInternal(113)) - Updating keys with [SecretKey(id = 7902a007-3ec8-4a47-910f-e08d066eea9f, creation at: 2024-03-20T21:08:30.172Z, expire at: 2024-03-20T21:08:33.172Z), SecretKey(id = 61470185-16b8-4b45-8157-4ea89e2423b7, creation at: 2024-03-20T21:08:29.172Z, expire at: 2024-03-20T21:08:32.172Z), SecretKey(id = 7bec84c1-3dad-4d62-baa5-39646f790b5d, creation at: 2024-03-20T21:08:31.173Z, expire at: 2024-03-20T21:08:34.173Z)]
2024-03-20 21:08:31,631 [b12aa423-edbe-43b9-9e95-c7a538dfc443@group-8B04330EF271-StateMachineUpdater] INFO  symmetric.SecretKeyStateImpl (SecretKeyStateImpl.java:updateKeysInternal(128)) - Current key updated SecretKey(id = 7bec84c1-3dad-4d62-baa5-39646f790b5d, creation at: 2024-03-20T21:08:31.173Z, expire at: 2024-03-20T21:08:34.173Z)
2024-03-20 21:08:31,631 [main] INFO  server.SCMClientProtocolServer (SCMClientProtocolServer.java:start(204)) - RPC server for Client  is listening at /0.0.0.0:15021
2024-03-20 21:08:31,632 [IPC Server Responder] INFO  ipc.Server (Server.java:run(1562)) - IPC Server Responder: starting
2024-03-20 21:08:31,633 [b12aa423-edbe-43b9-9e95-c7a538dfc443@group-8B04330EF271-StateMachineUpdater] INFO  symmetric.LocalSecretKeyStore (LocalSecretKeyStore.java:save(109)) - Saved [SecretKey(id = 7bec84c1-3dad-4d62-baa5-39646f790b5d, creation at: 2024-03-20T21:08:31.173Z, expire at: 2024-03-20T21:08:34.173Z), SecretKey(id = 7902a007-3ec8-4a47-910f-e08d066eea9f, creation at: 2024-03-20T21:08:30.172Z, expire at: 2024-03-20T21:08:33.172Z), SecretKey(id = 61470185-16b8-4b45-8157-4ea89e2423b7, creation at: 2024-03-20T21:08:29.172Z, expire at: 2024-03-20T21:08:32.172Z)] to file /home/runner/work/ozone/ozone/hadoop-ozone/integration-test/target/test-dir/MiniOzoneClusterImpl-bb4c8f07-45f9-422c-bd0c-8b04330ef271/scmNode-3/scm/keys/secret_keys.json
2024-03-20 21:08:31,633 [b12aa423-edbe-43b9-9e95-c7a538dfc443@group-8B04330EF271-StateMachineUpdater] INFO  safemode.HealthyPipelineSafeModeRule (HealthyPipelineSafeModeRule.java:initializeRule(172)) - Refreshed total pipeline count is 0, healthy pipeline threshold count is 1
2024-03-20 21:08:31,649 [IPC Server listener on 15021] INFO  ipc.Server (Server.java:run(1402)) - IPC Server listener on 15021: starting
2024-03-20 21:08:31,659 [main] INFO  server.StorageContainerManager (StorageContainerManager.java:start(1558)) - ScmBlockLocationProtocol RPC server is listening at /0.0.0.0:15023
2024-03-20 21:08:31,660 [main] INFO  server.SCMBlockProtocolServer (SCMBlockProtocolServer.java:start(162)) - RPC server for Block Protocol is listening at /0.0.0.0:15023
2024-03-20 21:08:31,660 [IPC Server Responder] INFO  ipc.Server (Server.java:run(1562)) - IPC Server Responder: starting
2024-03-20 21:08:31,660 [IPC Server listener on 15023] INFO  ipc.Server (Server.java:run(1402)) - IPC Server listener on 15023: starting
2024-03-20 21:08:31,676 [main] INFO  server.SCMSecurityProtocolServer (SCMSecurityProtocolServer.java:start(558)) - Starting RPC server for SCMSecurityProtocolServer. is listening at /0.0.0.0:15018
2024-03-20 21:08:31,676 [IPC Server Responder] INFO  ipc.Server (Server.java:run(1562)) - IPC Server Responder: starting
2024-03-20 21:08:31,676 [IPC Server listener on 15018] INFO  ipc.Server (Server.java:run(1402)) - IPC Server listener on 15018: starting
2024-03-20 21:08:31,677 [main] INFO  server.SCMUpdateServiceGrpcServer (SCMUpdateServiceGrpcServer.java:start(58)) - SCMUpdateService starting
2024-03-20 21:08:31,691 [Socket Reader #1 for port 15002] INFO  ipc.Server (Server.java:saslProcess(2139)) - Auth successful for scm/fv-az1053-74.1e55wlyavovu3ma4fylbaqc4gd.phxx.internal.cloudapp.net@EXAMPLE.COM (auth:KERBEROS) from fv-az1053-74.1e55wlyavovu3ma4fylbaqc4gd.phxx.internal.cloudapp.net:39215 / 10.1.0.34:39215
2024-03-20 21:08:31,697 [Socket Reader #1 for port 15002] INFO  authorize.ServiceAuthorizationManager (ServiceAuthorizationManager.java:authorize(137)) - Authorization successful for scm/fv-az1053-74.1e55wlyavovu3ma4fylbaqc4gd.phxx.internal.cloudapp.net@EXAMPLE.COM (auth:KERBEROS) for protocol=interface org.apache.hadoop.hdds.protocol.SCMSecurityProtocol
2024-03-20 21:08:31,702 [main] INFO  server.StorageContainerManager (StorageContainerManager.java:persistSCMCertificates(1626)) - Persist certificate serialId 1 on Scm Bootstrap Node b12aa423-edbe-43b9-9e95-c7a538dfc443
2024-03-20 21:08:31,703 [main] INFO  server.SCMCertStore (SCMCertStore.java:storeValidScmCertificate(122)) - Scm certificate 1 for CN=scm@fv-az1053-74,OU=1ba87fbc-452a-4836-9768-c65c67837df8,O=bb4c8f07-45f9-422c-bd0c-8b04330ef271,SERIALNUMBER=1 is stored
2024-03-20 21:08:31,707 [main] INFO  server.StorageContainerManager (StorageContainerManager.java:persistSCMCertificates(1626)) - Persist certificate serialId 2 on Scm Bootstrap Node b12aa423-edbe-43b9-9e95-c7a538dfc443
2024-03-20 21:08:31,708 [main] INFO  server.SCMCertStore (SCMCertStore.java:storeValidScmCertificate(122)) - Scm certificate 2 for CN=scm-sub@localhost,OU=1ba87fbc-452a-4836-9768-c65c67837df8,O=bb4c8f07-45f9-422c-bd0c-8b04330ef271,SERIALNUMBER=2 is stored
2024-03-20 21:08:31,715 [main] INFO  http.BaseHttpServer (BaseHttpServer.java:newHttpServer2BuilderForOzone(223)) - Starting Web-server for scm at: http://0.0.0.0:15016
2024-03-20 21:08:31,716 [main] INFO  http.BaseHttpServer (BaseHttpServer.java:<init>(110)) - Hadoop Security Enabled: true Ozone Security Enabled: true Ozone HTTP Security Enabled: false 
2024-03-20 21:08:31,717 [main] WARN  server.AuthenticationFilter (AuthenticationFilter.java:constructSecretProvider(240)) - Unable to initialize FileSignerSecretProvider, falling back to use random secrets. Reason: Could not read signature secret file: /home/runner/hadoop-http-auth-signature-secret
2024-03-20 21:08:31,718 [main] INFO  http.HttpRequestLog (HttpRequestLog.java:getRequestLog(86)) - Http request log for http.requests.scm is not defined
2024-03-20 21:08:31,721 [main] INFO  http.HttpServer2 (HttpServer2.java:addGlobalFilter(1036)) - Added global filter 'safety' (class=org.apache.hadoop.hdds.server.http.HttpServer2$QuotingInputFilter)
2024-03-20 21:08:31,722 [main] INFO  http.HttpServer2 (HttpServer2.java:addFilter(1012)) - Added filter static_user_filter (class=org.apache.hadoop.http.lib.StaticUserWebFilter$StaticUserFilter) to context scm
2024-03-20 21:08:31,722 [main] INFO  http.HttpServer2 (HttpServer2.java:addFilter(1020)) - Added filter static_user_filter (class=org.apache.hadoop.http.lib.StaticUserWebFilter$StaticUserFilter) to context logs
2024-03-20 21:08:31,722 [main] INFO  http.HttpServer2 (HttpServer2.java:addFilter(1020)) - Added filter static_user_filter (class=org.apache.hadoop.http.lib.StaticUserWebFilter$StaticUserFilter) to context static
2024-03-20 21:08:31,723 [main] INFO  http.BaseHttpServer (BaseHttpServer.java:<init>(189)) - HTTP server of scm uses base directory /home/runner/work/ozone/ozone/hadoop-ozone/integration-test/target/test-dir/MiniOzoneClusterImpl-bb4c8f07-45f9-422c-bd0c-8b04330ef271/scmNode-3/webserver
2024-03-20 21:08:31,724 [main] INFO  http.HttpServer2 (HttpServer2.java:bindListener(1236)) - Jetty bound to port 15016
2024-03-20 21:08:31,724 [main] INFO  server.Server (Server.java:doStart(375)) - jetty-9.4.53.v20231009; built: 2023-10-09T12:29:09.265Z; git: 27bde00a0b95a1d5bbee0eae7984f891d2d0f8c9; jvm 1.8.0_402-b06
2024-03-20 21:08:31,727 [main] INFO  server.session (DefaultSessionIdManager.java:doStart(334)) - DefaultSessionIdManager workerName=node0
2024-03-20 21:08:31,727 [main] INFO  server.session (DefaultSessionIdManager.java:doStart(339)) - No SessionScavenger set, using defaults
2024-03-20 21:08:31,727 [main] INFO  server.session (HouseKeeper.java:startScavenging(132)) - node0 Scavenging every 600000ms
2024-03-20 21:08:31,728 [main] INFO  handler.ContextHandler (ContextHandler.java:doStart(921)) - Started o.e.j.s.ServletContextHandler@7b4b2dcd{logs,/logs,file:///home/runner/work/ozone/ozone/hadoop-ozone/integration-test/target/log,AVAILABLE}
2024-03-20 21:08:31,729 [main] INFO  handler.ContextHandler (ContextHandler.java:doStart(921)) - Started o.e.j.s.ServletContextHandler@445ec339{static,/static,file:///home/runner/work/ozone/ozone/hadoop-ozone/integration-test/target/test-classes/webapps/static,AVAILABLE}
2024-03-20 21:08:31,733 [main] INFO  handler.ContextHandler (ContextHandler.java:doStart(921)) - Started o.e.j.w.WebAppContext@2aa43751{scm,/,file:///home/runner/work/ozone/ozone/hadoop-ozone/integration-test/target/test-classes/webapps/scm/,AVAILABLE}{file:/home/runner/work/ozone/ozone/hadoop-ozone/integration-test/target/test-classes/webapps/scm}
2024-03-20 21:08:31,736 [main] INFO  server.AbstractConnector (AbstractConnector.java:doStart(333)) - Started ServerConnector@229e9280{HTTP/1.1, (http/1.1)}{0.0.0.0:15016}
2024-03-20 21:08:31,736 [main] INFO  server.Server (Server.java:doStart(415)) - Started @22496ms
2024-03-20 21:08:31,736 [main] WARN  impl.MetricsSystemImpl (MetricsSystemImpl.java:register(279)) - Sink prometheus already exists!
2024-03-20 21:08:31,737 [main] INFO  http.BaseHttpServer (BaseHttpServer.java:updateConnectorAddress(354)) - HTTP server of scm listening at http://0.0.0.0:15016
2024-03-20 21:08:31,737 [main] INFO  ozone.MiniOzoneHAClusterImpl (MiniOzoneHAClusterImpl.java:createSCMService(590)) - Started SCM RPC server at /0.0.0.0:15021
2024-03-20 21:08:31,740 [IPC Server handler 0 on default port 15002] INFO  client.SCMCertificateClient (DefaultCertificateClient.java:getAllRootCaCerts(973)) - scm/sub-ca has 0 Root CA certificates
2024-03-20 21:08:31,740 [IPC Server handler 0 on default port 15002] INFO  client.SCMCertificateClient (DefaultCertificateClient.java:getAllCaCerts(981)) - scm/sub-ca has 1 CA certificates
2024-03-20 21:08:31,741 [main] WARN  server.ServerUtils (ServerUtils.java:getDBPath(299)) - ozone.om.db.dirs is not configured. We recommend adding this setting. Falling back to ozone.metadata.dirs instead.
2024-03-20 21:08:31,741 [b12aa423-edbe-43b9-9e95-c7a538dfc443-scm/sub-ca-refreshCACertificates] INFO  client.SCMCertificateClient (DefaultCertificateClient.java:getAllRootCaCerts(973)) - scm/sub-ca has 0 Root CA certificates
2024-03-20 21:08:31,741 [b12aa423-edbe-43b9-9e95-c7a538dfc443-scm/sub-ca-refreshCACertificates] INFO  client.SCMCertificateClient (DefaultCertificateClient.java:getAllCaCerts(981)) - scm/sub-ca has 1 CA certificates
2024-03-20 21:08:31,742 [b12aa423-edbe-43b9-9e95-c7a538dfc443-scm/sub-ca-refreshCACertificates] INFO  client.SCMCertificateClient (SCMCertificateClient.java:run(256)) - CA certificates are not changed.
2024-03-20 21:08:31,744 [main] INFO  om.OzoneManager (OzoneManager.java:initializeSecurity(1426)) - Initializing secure OzoneManager.
2024-03-20 21:08:31,752 [main] INFO  om.OzoneManager (OzoneManager.java:getOmDetailsProto(4737)) - OzoneManager ports added:[name: "RPC"
value: 15036
]
2024-03-20 21:08:31,753 [main] INFO  ha.SCMNodeInfo (SCMNodeInfo.java:getPort(197)) - ConfigKey ozone.scm.client.address is deprecated, For configuring different ports for each SCM use PortConfigKey ozone.scm.client.port appended with serviceId and nodeId
2024-03-20 21:08:31,753 [main] INFO  ha.SCMNodeInfo (SCMNodeInfo.java:getPort(197)) - ConfigKey ozone.scm.block.client.address is deprecated, For configuring different ports for each SCM use PortConfigKey ozone.scm.block.client.port appended with serviceId and nodeId
2024-03-20 21:08:31,753 [main] INFO  ha.SCMNodeInfo (SCMNodeInfo.java:getPort(197)) - ConfigKey ozone.scm.security.service.address is deprecated, For configuring different ports for each SCM use PortConfigKey ozone.scm.security.service.port appended with serviceId and nodeId
2024-03-20 21:08:31,753 [main] INFO  ha.SCMNodeInfo (SCMNodeInfo.java:getPort(197)) - ConfigKey ozone.scm.datanode.address is deprecated, For configuring different ports for each SCM use PortConfigKey ozone.scm.datanode.port appended with serviceId and nodeId
2024-03-20 21:08:31,753 [main] INFO  ha.SCMNodeInfo (SCMNodeInfo.java:getPort(197)) - ConfigKey ozone.scm.client.address is deprecated, For configuring different ports for each SCM use PortConfigKey ozone.scm.client.port appended with serviceId and nodeId
2024-03-20 21:08:31,754 [main] INFO  ha.SCMNodeInfo (SCMNodeInfo.java:getPort(197)) - ConfigKey ozone.scm.block.client.address is deprecated, For configuring different ports for each SCM use PortConfigKey ozone.scm.block.client.port appended with serviceId and nodeId
2024-03-20 21:08:31,754 [main] INFO  ha.SCMNodeInfo (SCMNodeInfo.java:getPort(197)) - ConfigKey ozone.scm.security.service.address is deprecated, For configuring different ports for each SCM use PortConfigKey ozone.scm.security.service.port appended with serviceId and nodeId
2024-03-20 21:08:31,754 [main] INFO  ha.SCMNodeInfo (SCMNodeInfo.java:getPort(197)) - ConfigKey ozone.scm.datanode.address is deprecated, For configuring different ports for each SCM use PortConfigKey ozone.scm.datanode.port appended with serviceId and nodeId
2024-03-20 21:08:31,754 [main] INFO  ha.SCMNodeInfo (SCMNodeInfo.java:getPort(197)) - ConfigKey ozone.scm.client.address is deprecated, For configuring different ports for each SCM use PortConfigKey ozone.scm.client.port appended with serviceId and nodeId
2024-03-20 21:08:31,754 [main] INFO  ha.SCMNodeInfo (SCMNodeInfo.java:getPort(197)) - ConfigKey ozone.scm.block.client.address is deprecated, For configuring different ports for each SCM use PortConfigKey ozone.scm.block.client.port appended with serviceId and nodeId
2024-03-20 21:08:31,754 [main] INFO  ha.SCMNodeInfo (SCMNodeInfo.java:getPort(197)) - ConfigKey ozone.scm.security.service.address is deprecated, For configuring different ports for each SCM use PortConfigKey ozone.scm.security.service.port appended with serviceId and nodeId
2024-03-20 21:08:31,754 [main] INFO  ha.SCMNodeInfo (SCMNodeInfo.java:getPort(197)) - ConfigKey ozone.scm.datanode.address is deprecated, For configuring different ports for each SCM use PortConfigKey ozone.scm.datanode.port appended with serviceId and nodeId
2024-03-20 21:08:31,756 [main] INFO  security.OMCertificateClient (DefaultCertificateClient.java:updateCertSerialId(1313)) - Certificate serial ID set to null
2024-03-20 21:08:31,756 [main] ERROR security.OMCertificateClient (DefaultCertificateClient.java:getCertPath(376)) - Default certificate serial id is not set. Can't locate the default certificate for this client.
2024-03-20 21:08:31,756 [main] INFO  security.OMCertificateClient (DefaultCertificateClient.java:init(720)) - Certificate client init case: 0
2024-03-20 21:08:31,756 [main] INFO  security.OMCertificateClient (DefaultCertificateClient.java:handleCase(738)) - Creating keypair for client as keypair and certificate not found.
2024-03-20 21:08:31,822 [main] INFO  security.OMCertificateClient (DefaultCertificateClient.java:recoverStateIfNeeded(800)) - Init response: GETCERT
2024-03-20 21:08:31,822 [main] INFO  ozone.OzoneSecurityUtil (OzoneSecurityUtil.java:getValidInetsForCurrentHost(119)) - ip:fe80:0:0:0:6245:bdff:feae:494f%eth0 not returned.
2024-03-20 21:08:31,822 [main] INFO  ozone.OzoneSecurityUtil (OzoneSecurityUtil.java:getValidInetsForCurrentHost(116)) - Adding ip:10.1.0.34,host:fv-az1053-74.1e55wlyavovu3ma4fylbaqc4gd.phxx.internal.cloudapp.net
2024-03-20 21:08:31,822 [main] INFO  ozone.OzoneSecurityUtil (OzoneSecurityUtil.java:getValidInetsForCurrentHost(119)) - ip:0:0:0:0:0:0:0:1%lo not returned.
2024-03-20 21:08:31,823 [main] INFO  ozone.OzoneSecurityUtil (OzoneSecurityUtil.java:getValidInetsForCurrentHost(119)) - ip:127.0.0.1 not returned.
2024-03-20 21:08:31,823 [main] INFO  security.OMCertificateClient (OMCertificateClient.java:getCSRBuilder(114)) - Creating csr for OM->dns:localhost,ip:127.0.0.1,scmId:e3882b60-74d7-4ece-8c00-ee9695ed53ea,clusterId:bb4c8f07-45f9-422c-bd0c-8b04330ef271,subject:scm@localhost
2024-03-20 21:08:31,833 [Socket Reader #1 for port 15002] INFO  ipc.Server (Server.java:saslProcess(2139)) - Auth successful for scm/fv-az1053-74.1e55wlyavovu3ma4fylbaqc4gd.phxx.internal.cloudapp.net@EXAMPLE.COM (auth:KERBEROS) from fv-az1053-74.1e55wlyavovu3ma4fylbaqc4gd.phxx.internal.cloudapp.net:44447 / 10.1.0.34:44447
2024-03-20 21:08:31,840 [Socket Reader #1 for port 15002] INFO  authorize.ServiceAuthorizationManager (ServiceAuthorizationManager.java:authorize(137)) - Authorization successful for scm/fv-az1053-74.1e55wlyavovu3ma4fylbaqc4gd.phxx.internal.cloudapp.net@EXAMPLE.COM (auth:KERBEROS) for protocol=interface org.apache.hadoop.hdds.protocol.SCMSecurityProtocol
2024-03-20 21:08:31,840 [IPC Server handler 1 on default port 15002] INFO  server.SCMSecurityProtocolServer (SCMSecurityProtocolServer.java:getOMCertificate(293)) - Processing CSR for om localhost, UUID: ca0d6c7f-bac5-4803-896c-7c5916b148d8
2024-03-20 21:08:31,845 [1ba87fbc-452a-4836-9768-c65c67837df8@group-8B04330EF271-StateMachineUpdater] INFO  safemode.HealthyPipelineSafeModeRule (HealthyPipelineSafeModeRule.java:initializeRule(172)) - Refreshed total pipeline count is 0, healthy pipeline threshold count is 1
2024-03-20 21:08:31,845 [IPC Server handler 1 on default port 15002] INFO  ha.SequenceIdGenerator (SequenceIdGenerator.java:getNextId(145)) - Allocate a batch for CertificateId, change lastId from 4 to 5.
2024-03-20 21:08:31,847 [b12aa423-edbe-43b9-9e95-c7a538dfc443@group-8B04330EF271-StateMachineUpdater] INFO  safemode.HealthyPipelineSafeModeRule (HealthyPipelineSafeModeRule.java:initializeRule(172)) - Refreshed total pipeline count is 0, healthy pipeline threshold count is 1
2024-03-20 21:08:31,849 [IPC Server handler 1 on default port 15002] INFO  authority.DefaultApprover (DefaultApprover.java:sign(157)) - Extensions in CSR: 2.5.29.15, 2.5.29.17
2024-03-20 21:08:31,849 [IPC Server handler 1 on default port 15002] INFO  authority.DefaultApprover (DefaultApprover.java:sign(161)) - Extensions to add to the certificate if they present in CSR: 2.5.29.17, 2.5.29.19, 1.3.6.1.5.5.7.1.12, 2.5.29.35, 2.5.29.37, 2.5.29.15
2024-03-20 21:08:31,849 [be2411e5-a42d-476f-b25b-d7f87790d2c1@group-8B04330EF271-StateMachineUpdater] INFO  safemode.HealthyPipelineSafeModeRule (HealthyPipelineSafeModeRule.java:initializeRule(172)) - Refreshed total pipeline count is 0, healthy pipeline threshold count is 1
2024-03-20 21:08:31,870 [1ba87fbc-452a-4836-9768-c65c67837df8@group-8B04330EF271-StateMachineUpdater] INFO  safemode.HealthyPipelineSafeModeRule (HealthyPipelineSafeModeRule.java:initializeRule(172)) - Refreshed total pipeline count is 0, healthy pipeline threshold count is 1
2024-03-20 21:08:31,877 [b12aa423-edbe-43b9-9e95-c7a538dfc443@group-8B04330EF271-StateMachineUpdater] INFO  safemode.HealthyPipelineSafeModeRule (HealthyPipelineSafeModeRule.java:initializeRule(172)) - Refreshed total pipeline count is 0, healthy pipeline threshold count is 1
2024-03-20 21:08:31,879 [be2411e5-a42d-476f-b25b-d7f87790d2c1@group-8B04330EF271-StateMachineUpdater] INFO  safemode.HealthyPipelineSafeModeRule (HealthyPipelineSafeModeRule.java:initializeRule(172)) - Refreshed total pipeline count is 0, healthy pipeline threshold count is 1
2024-03-20 21:08:31,902 [main] INFO  utils.CertificateCodec (CertificateCodec.java:writeCertificate(299)) - Save certificate to /home/runner/work/ozone/ozone/hadoop-ozone/integration-test/target/test-dir/MiniOzoneClusterImpl-bb4c8f07-45f9-422c-bd0c-8b04330ef271/ozone-meta/om/certs/5.crt
2024-03-20 21:08:31,903 [main] INFO  utils.CertificateCodec (CertificateCodec.java:writeCertificate(300)) - Certificate -----BEGIN CERTIFICATE-----
MIID7DCCAtSgAwIBAgIBBTANBgkqhkiG9w0BAQsFADCBhjEaMBgGA1UEAwwRc2Nt
LXN1YkBsb2NhbGhvc3QxLTArBgNVBAsMJDFiYTg3ZmJjLTQ1MmEtNDgzNi05NzY4
LWM2NWM2NzgzN2RmODEtMCsGA1UECgwkYmI0YzhmMDctNDVmOS00MjJjLWJkMGMt
OGIwNDMzMGVmMjcxMQowCAYDVQQFEwEyMB4XDTI0MDMyMDIxMDgzMVoXDTI1MDMy
MDIxMDgzMVowgYIxFjAUBgNVBAMMDXNjbUBsb2NhbGhvc3QxLTArBgNVBAsMJGUz
ODgyYjYwLTc0ZDctNGVjZS04YzAwLWVlOTY5NWVkNTNlYTEtMCsGA1UECgwkYmI0
YzhmMDctNDVmOS00MjJjLWJkMGMtOGIwNDMzMGVmMjcxMQowCAYDVQQFEwE1MIIB
IjANBgkqhkiG9w0BAQEFAAOCAQ8AMIIBCgKCAQEAv4w2uXcI9xsaKWKjA2H5QCSV
1c85WYLRAeICvdHnixc6n3/hfq+kHIOmHb31/TJPO4KMDc0SPtELBIy1oKtV0tRK
+C+y6gkO1Hiu+8n542Tupeu2GxsblEKKbbOVv6ThitmddMjyghSmLCTiwSr/OZqX
TaPkNi1yzNPhAD+xOaYsYVRkp3w7OQXuZuysFOUlRulj7FDA1+qFB2cxba7KPB2l
rReMOXdolfa/fMrbhgsRePAWVCMloeVJmYvgB0+yqDlfo3/cylh9f0Eu6bINs/BL
hQhwiOT3Xi3MUqHYMaZSRl/zG5DdH6ZcfaJyobhylXmv49PDGeuWsvn6J8qFLwID
AQABo2cwZTBTBgNVHREETDBKhwQKAQAigkJmdi1hejEwNTMtNzQuMWU1NXdseWF2
b3Z1M21hNGZ5bGJhcWM0Z2QucGh4eC5pbnRlcm5hbC5jbG91ZGFwcC5uZXQwDgYD
VR0PAQH/BAQDAgO4MA0GCSqGSIb3DQEBCwUAA4IBAQATpKFwg01crDeUn7I6daj7
7C/FkTakoVLTliGkAr3ZbIeyGvhBXhO9OhwY63bQrEP3d6C+q/83qaDPCcL0ysZB
Kc+hAFht9VNK3h7kSXSD+FA7s9Z2lkhvTejduwmi6hhVkRspmbsKk7BolK7Nsfva
4DIyKEIHLmYnKXk+zN1YiLBqLeJ4PAjQKtvfnIGtGM9NYbRClkqJoeJZQnXGNLqb
xA5Yv7dHo8i15evWn8pkh6IgmNnf7f2usfdzUfaezEVl+DCfSNFAMd5Xcixgis3C
QoA6V36HuPPMIOsUU8snvskJyd9Pl7NP7+MV2OTopMR3fFCThQ25xrw6ThrV2ehf
-----END CERTIFICATE-----

-----BEGIN CERTIFICATE-----
MIIEADCCAuigAwIBAgIBAjANBgkqhkiG9w0BAQsFADCBhTEZMBcGA1UEAwwQc2Nt
QGZ2LWF6MTA1My03NDEtMCsGA1UECwwkMWJhODdmYmMtNDUyYS00ODM2LTk3Njgt
YzY1YzY3ODM3ZGY4MS0wKwYDVQQKDCRiYjRjOGYwNy00NWY5LTQyMmMtYmQwYy04
YjA0MzMwZWYyNzExCjAIBgNVBAUTATEwHhcNMjQwMzIwMjEwODEyWhcNMjkwNDI4
MjEwODEyWjCBhjEaMBgGA1UEAwwRc2NtLXN1YkBsb2NhbGhvc3QxLTArBgNVBAsM
JDFiYTg3ZmJjLTQ1MmEtNDgzNi05NzY4LWM2NWM2NzgzN2RmODEtMCsGA1UECgwk
YmI0YzhmMDctNDVmOS00MjJjLWJkMGMtOGIwNDMzMGVmMjcxMQowCAYDVQQFEwEy
MIIBIjANBgkqhkiG9w0BAQEFAAOCAQ8AMIIBCgKCAQEA0S4Oj5ZRvIrBT4rTfkNq
1T6GZ19TtIIPYGkmtebb+YlvQv0yVAua1i1y6faT/Tc5/OFe4mSkckK63rbhCvrq
TUYzWYvqXemH+hptdsjy7vz6uyodOBXiAHTTx97xSKb0qj0tdAyUkVnY+lFlZitT
aTRf/kB4DtLm0r3uaduHuEfCxJnlIBigujLytFw0iHJ9WcnQLD0DWrsQ0hWiSCr+
lNkDohB/BzlJ7eQtB2/tZi/zxFzi2IwszsqveUYrJ0H5QBgfi16dw1HrHdGmBjHR
WhYoIfOn4xNBVzi6/4SafXivum6i1zxh7qgu46EZocbTfvCHeq7mg/KZoeRFOLzZ
6QIDAQABo3gwdjBTBgNVHREETDBKhwQKAQAigkJmdi1hejEwNTMtNzQuMWU1NXds
eWF2b3Z1M21hNGZ5bGJhcWM0Z2QucGh4eC5pbnRlcm5hbC5jbG91ZGFwcC5uZXQw
DwYDVR0TAQH/BAUwAwEB/zAOBgNVHQ8BAf8EBAMCAb4wDQYJKoZIhvcNAQELBQAD
ggEBAFvNDT8Nkuadq/ZhVM6C/+8ZMWBtfeuJnmvA4h2jdQRcVt5u+fP/TR0OUcX+
U7hkZK1syvso4myGR0Y7dwoTrNiJPS5WzirxipBDIy4mKEL7uN2qr504PNj9S1DU
eKfYpW0iALsEcvy4S0eQfKG9qk46Wh01CVCL3iaBVyxO/k28sTkSM4aWdUKIeae7
Ko7ANdNPxA6QxnMPInPuPIfRYwckkzZxMgDw1xdN2+fz80bFxomE+xv2opSW7IUK
9Wwi2bVihPy2RPZ6pIUgVI65bT8Ezcb4suwSF0jBtAYz/V7TrU8sMCHauLek5bBq
3EgJVE2qTLUGXWCvckrVuVwDHms=
-----END CERTIFICATE-----

-----BEGIN CERTIFICATE-----
MIID/zCCAuegAwIBAgIBATANBgkqhkiG9w0BAQsFADCBhTEZMBcGA1UEAwwQc2Nt
QGZ2LWF6MTA1My03NDEtMCsGA1UECwwkMWJhODdmYmMtNDUyYS00ODM2LTk3Njgt
YzY1YzY3ODM3ZGY4MS0wKwYDVQQKDCRiYjRjOGYwNy00NWY5LTQyMmMtYmQwYy04
YjA0MzMwZWYyNzExCjAIBgNVBAUTATEwHhcNMjQwMzIwMjEwODEyWhcNMjkwNDI4
MjEwODEyWjCBhTEZMBcGA1UEAwwQc2NtQGZ2LWF6MTA1My03NDEtMCsGA1UECwwk
MWJhODdmYmMtNDUyYS00ODM2LTk3NjgtYzY1YzY3ODM3ZGY4MS0wKwYDVQQKDCRi
YjRjOGYwNy00NWY5LTQyMmMtYmQwYy04YjA0MzMwZWYyNzExCjAIBgNVBAUTATEw
ggEiMA0GCSqGSIb3DQEBAQUAA4IBDwAwggEKAoIBAQC/m2LgdUeuFIMf11f1imlJ
ntpXNSG/DAXbhJLInVrNBk9r/+QierA29eQ4BztXjKki+snZ7xcCnCMTQ4hMzD2I
hYfquZKgsxO5OFvDykvs5PKV/kb18GODRIpXoBHiELfOvtwLW6KPy2ftAe5IUO1H
aDknb8dfAKwjZ0Rlrs8lxA0ejWJ36Ys5RcrkS6Gl25OeARPysuEF8jbU/7oQiidJ
T53Mxanb22KmCIsHcLtsQ5bhQu4YIOaqi2cvMUfeu89996AjFrWXBdSFTQFiuIn6
Z3QSCOktXhltlJaRZpTkO/lo4FDeEbQdTEoKH56HZi381mbbefJmNDWdkISPWDQ/
AgMBAAGjeDB2MA8GA1UdEwEB/wQFMAMBAf8wDgYDVR0PAQH/BAQDAgEGMFMGA1Ud
EQRMMEqHBAoBACKCQmZ2LWF6MTA1My03NC4xZTU1d2x5YXZvdnUzbWE0ZnlsYmFx
YzRnZC5waHh4LmludGVybmFsLmNsb3VkYXBwLm5ldDANBgkqhkiG9w0BAQsFAAOC
AQEAiW+KGH2yWPzDgMIJUWsJcnTrIDzIs+IZTcx38oYdVSeE+ftuG/4idvpxB7Ob
GLr33mY/gmGkhQsuOSWFb0zMdcH5UZGUrQNUJ+5u+V/2C1ldylIRsRnfWjjIQYuV
8ZWJ8rCzB2Yj9jaWc2CsNNvwHk01Q29xqSypRKUHbYPvYDPFYs1/8Aq1BzSlrevZ
peYH4cVQTFmVfnSQG3DuvN7jQ+4GRZeJBXuDJKQDNadgan185Dz9vRgzsRMoLEiL
UdFP/+HeC0S1zHXqff9UlKDfGFC24BwvM4ku/bH6nr845BaT5Gyh6KzCSAyvPV1E
HatInUC4mAqYvqZHmUFIj3ldKA==
-----END CERTIFICATE-----

2024-03-20 21:08:31,904 [main] INFO  utils.CertificateCodec (CertificateCodec.java:writeCertificate(299)) - Save certificate to /home/runner/work/ozone/ozone/hadoop-ozone/integration-test/target/test-dir/MiniOzoneClusterImpl-bb4c8f07-45f9-422c-bd0c-8b04330ef271/ozone-meta/om/certs/CA-2.crt
2024-03-20 21:08:31,904 [main] INFO  utils.CertificateCodec (CertificateCodec.java:writeCertificate(300)) - Certificate -----BEGIN CERTIFICATE-----
MIIEADCCAuigAwIBAgIBAjANBgkqhkiG9w0BAQsFADCBhTEZMBcGA1UEAwwQc2Nt
QGZ2LWF6MTA1My03NDEtMCsGA1UECwwkMWJhODdmYmMtNDUyYS00ODM2LTk3Njgt
YzY1YzY3ODM3ZGY4MS0wKwYDVQQKDCRiYjRjOGYwNy00NWY5LTQyMmMtYmQwYy04
YjA0MzMwZWYyNzExCjAIBgNVBAUTATEwHhcNMjQwMzIwMjEwODEyWhcNMjkwNDI4
MjEwODEyWjCBhjEaMBgGA1UEAwwRc2NtLXN1YkBsb2NhbGhvc3QxLTArBgNVBAsM
JDFiYTg3ZmJjLTQ1MmEtNDgzNi05NzY4LWM2NWM2NzgzN2RmODEtMCsGA1UECgwk
YmI0YzhmMDctNDVmOS00MjJjLWJkMGMtOGIwNDMzMGVmMjcxMQowCAYDVQQFEwEy
MIIBIjANBgkqhkiG9w0BAQEFAAOCAQ8AMIIBCgKCAQEA0S4Oj5ZRvIrBT4rTfkNq
1T6GZ19TtIIPYGkmtebb+YlvQv0yVAua1i1y6faT/Tc5/OFe4mSkckK63rbhCvrq
TUYzWYvqXemH+hptdsjy7vz6uyodOBXiAHTTx97xSKb0qj0tdAyUkVnY+lFlZitT
aTRf/kB4DtLm0r3uaduHuEfCxJnlIBigujLytFw0iHJ9WcnQLD0DWrsQ0hWiSCr+
lNkDohB/BzlJ7eQtB2/tZi/zxFzi2IwszsqveUYrJ0H5QBgfi16dw1HrHdGmBjHR
WhYoIfOn4xNBVzi6/4SafXivum6i1zxh7qgu46EZocbTfvCHeq7mg/KZoeRFOLzZ
6QIDAQABo3gwdjBTBgNVHREETDBKhwQKAQAigkJmdi1hejEwNTMtNzQuMWU1NXds
eWF2b3Z1M21hNGZ5bGJhcWM0Z2QucGh4eC5pbnRlcm5hbC5jbG91ZGFwcC5uZXQw
DwYDVR0TAQH/BAUwAwEB/zAOBgNVHQ8BAf8EBAMCAb4wDQYJKoZIhvcNAQELBQAD
ggEBAFvNDT8Nkuadq/ZhVM6C/+8ZMWBtfeuJnmvA4h2jdQRcVt5u+fP/TR0OUcX+
U7hkZK1syvso4myGR0Y7dwoTrNiJPS5WzirxipBDIy4mKEL7uN2qr504PNj9S1DU
eKfYpW0iALsEcvy4S0eQfKG9qk46Wh01CVCL3iaBVyxO/k28sTkSM4aWdUKIeae7
Ko7ANdNPxA6QxnMPInPuPIfRYwckkzZxMgDw1xdN2+fz80bFxomE+xv2opSW7IUK
9Wwi2bVihPy2RPZ6pIUgVI65bT8Ezcb4suwSF0jBtAYz/V7TrU8sMCHauLek5bBq
3EgJVE2qTLUGXWCvckrVuVwDHms=
-----END CERTIFICATE-----

-----BEGIN CERTIFICATE-----
MIID/zCCAuegAwIBAgIBATANBgkqhkiG9w0BAQsFADCBhTEZMBcGA1UEAwwQc2Nt
QGZ2LWF6MTA1My03NDEtMCsGA1UECwwkMWJhODdmYmMtNDUyYS00ODM2LTk3Njgt
YzY1YzY3ODM3ZGY4MS0wKwYDVQQKDCRiYjRjOGYwNy00NWY5LTQyMmMtYmQwYy04
YjA0MzMwZWYyNzExCjAIBgNVBAUTATEwHhcNMjQwMzIwMjEwODEyWhcNMjkwNDI4
MjEwODEyWjCBhTEZMBcGA1UEAwwQc2NtQGZ2LWF6MTA1My03NDEtMCsGA1UECwwk
MWJhODdmYmMtNDUyYS00ODM2LTk3NjgtYzY1YzY3ODM3ZGY4MS0wKwYDVQQKDCRi
YjRjOGYwNy00NWY5LTQyMmMtYmQwYy04YjA0MzMwZWYyNzExCjAIBgNVBAUTATEw
ggEiMA0GCSqGSIb3DQEBAQUAA4IBDwAwggEKAoIBAQC/m2LgdUeuFIMf11f1imlJ
ntpXNSG/DAXbhJLInVrNBk9r/+QierA29eQ4BztXjKki+snZ7xcCnCMTQ4hMzD2I
hYfquZKgsxO5OFvDykvs5PKV/kb18GODRIpXoBHiELfOvtwLW6KPy2ftAe5IUO1H
aDknb8dfAKwjZ0Rlrs8lxA0ejWJ36Ys5RcrkS6Gl25OeARPysuEF8jbU/7oQiidJ
T53Mxanb22KmCIsHcLtsQ5bhQu4YIOaqi2cvMUfeu89996AjFrWXBdSFTQFiuIn6
Z3QSCOktXhltlJaRZpTkO/lo4FDeEbQdTEoKH56HZi381mbbefJmNDWdkISPWDQ/
AgMBAAGjeDB2MA8GA1UdEwEB/wQFMAMBAf8wDgYDVR0PAQH/BAQDAgEGMFMGA1Ud
EQRMMEqHBAoBACKCQmZ2LWF6MTA1My03NC4xZTU1d2x5YXZvdnUzbWE0ZnlsYmFx
YzRnZC5waHh4LmludGVybmFsLmNsb3VkYXBwLm5ldDANBgkqhkiG9w0BAQsFAAOC
AQEAiW+KGH2yWPzDgMIJUWsJcnTrIDzIs+IZTcx38oYdVSeE+ftuG/4idvpxB7Ob
GLr33mY/gmGkhQsuOSWFb0zMdcH5UZGUrQNUJ+5u+V/2C1ldylIRsRnfWjjIQYuV
8ZWJ8rCzB2Yj9jaWc2CsNNvwHk01Q29xqSypRKUHbYPvYDPFYs1/8Aq1BzSlrevZ
peYH4cVQTFmVfnSQG3DuvN7jQ+4GRZeJBXuDJKQDNadgan185Dz9vRgzsRMoLEiL
UdFP/+HeC0S1zHXqff9UlKDfGFC24BwvM4ku/bH6nr845BaT5Gyh6KzCSAyvPV1E
HatInUC4mAqYvqZHmUFIj3ldKA==
-----END CERTIFICATE-----

2024-03-20 21:08:31,908 [IPC Server handler 0 on default port 15002] INFO  client.SCMCertificateClient (DefaultCertificateClient.java:getAllRootCaCerts(973)) - scm/sub-ca has 0 Root CA certificates
2024-03-20 21:08:31,909 [IPC Server handler 0 on default port 15002] INFO  client.SCMCertificateClient (DefaultCertificateClient.java:getAllCaCerts(981)) - scm/sub-ca has 1 CA certificates
2024-03-20 21:08:31,910 [main] INFO  utils.CertificateCodec (CertificateCodec.java:writeCertificate(299)) - Save certificate to /home/runner/work/ozone/ozone/hadoop-ozone/integration-test/target/test-dir/MiniOzoneClusterImpl-bb4c8f07-45f9-422c-bd0c-8b04330ef271/ozone-meta/om/certs/ROOTCA-1.crt
2024-03-20 21:08:31,911 [main] INFO  utils.CertificateCodec (CertificateCodec.java:writeCertificate(300)) - Certificate -----BEGIN CERTIFICATE-----
MIID/zCCAuegAwIBAgIBATANBgkqhkiG9w0BAQsFADCBhTEZMBcGA1UEAwwQc2Nt
QGZ2LWF6MTA1My03NDEtMCsGA1UECwwkMWJhODdmYmMtNDUyYS00ODM2LTk3Njgt
YzY1YzY3ODM3ZGY4MS0wKwYDVQQKDCRiYjRjOGYwNy00NWY5LTQyMmMtYmQwYy04
YjA0MzMwZWYyNzExCjAIBgNVBAUTATEwHhcNMjQwMzIwMjEwODEyWhcNMjkwNDI4
MjEwODEyWjCBhTEZMBcGA1UEAwwQc2NtQGZ2LWF6MTA1My03NDEtMCsGA1UECwwk
MWJhODdmYmMtNDUyYS00ODM2LTk3NjgtYzY1YzY3ODM3ZGY4MS0wKwYDVQQKDCRi
YjRjOGYwNy00NWY5LTQyMmMtYmQwYy04YjA0MzMwZWYyNzExCjAIBgNVBAUTATEw
ggEiMA0GCSqGSIb3DQEBAQUAA4IBDwAwggEKAoIBAQC/m2LgdUeuFIMf11f1imlJ
ntpXNSG/DAXbhJLInVrNBk9r/+QierA29eQ4BztXjKki+snZ7xcCnCMTQ4hMzD2I
hYfquZKgsxO5OFvDykvs5PKV/kb18GODRIpXoBHiELfOvtwLW6KPy2ftAe5IUO1H
aDknb8dfAKwjZ0Rlrs8lxA0ejWJ36Ys5RcrkS6Gl25OeARPysuEF8jbU/7oQiidJ
T53Mxanb22KmCIsHcLtsQ5bhQu4YIOaqi2cvMUfeu89996AjFrWXBdSFTQFiuIn6
Z3QSCOktXhltlJaRZpTkO/lo4FDeEbQdTEoKH56HZi381mbbefJmNDWdkISPWDQ/
AgMBAAGjeDB2MA8GA1UdEwEB/wQFMAMBAf8wDgYDVR0PAQH/BAQDAgEGMFMGA1Ud
EQRMMEqHBAoBACKCQmZ2LWF6MTA1My03NC4xZTU1d2x5YXZvdnUzbWE0ZnlsYmFx
YzRnZC5waHh4LmludGVybmFsLmNsb3VkYXBwLm5ldDANBgkqhkiG9w0BAQsFAAOC
AQEAiW+KGH2yWPzDgMIJUWsJcnTrIDzIs+IZTcx38oYdVSeE+ftuG/4idvpxB7Ob
GLr33mY/gmGkhQsuOSWFb0zMdcH5UZGUrQNUJ+5u+V/2C1ldylIRsRnfWjjIQYuV
8ZWJ8rCzB2Yj9jaWc2CsNNvwHk01Q29xqSypRKUHbYPvYDPFYs1/8Aq1BzSlrevZ
peYH4cVQTFmVfnSQG3DuvN7jQ+4GRZeJBXuDJKQDNadgan185Dz9vRgzsRMoLEiL
UdFP/+HeC0S1zHXqff9UlKDfGFC24BwvM4ku/bH6nr845BaT5Gyh6KzCSAyvPV1E
HatInUC4mAqYvqZHmUFIj3ldKA==
-----END CERTIFICATE-----

2024-03-20 21:08:31,911 [main] INFO  security.OMCertificateClient (DefaultCertificateClient.java:updateCertSerialId(1313)) - Certificate serial ID set to 5
2024-03-20 21:08:31,912 [main] INFO  security.OMCertificateClient (DefaultCertificateClient.java:readCertificateFile(248)) - Added certificate 1 from file: /home/runner/work/ozone/ozone/hadoop-ozone/integration-test/target/test-dir/MiniOzoneClusterImpl-bb4c8f07-45f9-422c-bd0c-8b04330ef271/ozone-meta/om/certs/ROOTCA-1.crt.
2024-03-20 21:08:31,913 [main] INFO  security.OMCertificateClient (DefaultCertificateClient.java:readCertificateFile(248)) - Added certificate 5 from file: /home/runner/work/ozone/ozone/hadoop-ozone/integration-test/target/test-dir/MiniOzoneClusterImpl-bb4c8f07-45f9-422c-bd0c-8b04330ef271/ozone-meta/om/certs/5.crt.
2024-03-20 21:08:31,914 [main] INFO  security.OMCertificateClient (DefaultCertificateClient.java:readCertificateFile(248)) - Added certificate 2 from file: /home/runner/work/ozone/ozone/hadoop-ozone/integration-test/target/test-dir/MiniOzoneClusterImpl-bb4c8f07-45f9-422c-bd0c-8b04330ef271/ozone-meta/om/certs/CA-2.crt.
2024-03-20 21:08:31,916 [main] INFO  security.OMCertificateClient (DefaultCertificateClient.java:startCertificateRenewerService(1418)) - CertificateRenewerService for om is started with first delay 29116799086 ms and interval 86400000 ms.
2024-03-20 21:08:31,916 [main] INFO  security.OMCertificateClient (DefaultCertificateClient.java:updateCertSerialId(1313)) - Certificate serial ID set to 5
2024-03-20 21:08:31,917 [main] INFO  security.OMCertificateClient (DefaultCertificateClient.java:readCertificateFile(248)) - Added certificate 1 from file: /home/runner/work/ozone/ozone/hadoop-ozone/integration-test/target/test-dir/MiniOzoneClusterImpl-bb4c8f07-45f9-422c-bd0c-8b04330ef271/ozone-meta/om/certs/ROOTCA-1.crt.
2024-03-20 21:08:31,918 [main] INFO  security.OMCertificateClient (DefaultCertificateClient.java:readCertificateFile(248)) - Added certificate 5 from file: /home/runner/work/ozone/ozone/hadoop-ozone/integration-test/target/test-dir/MiniOzoneClusterImpl-bb4c8f07-45f9-422c-bd0c-8b04330ef271/ozone-meta/om/certs/5.crt.
2024-03-20 21:08:31,919 [main] INFO  security.OMCertificateClient (DefaultCertificateClient.java:readCertificateFile(248)) - Added certificate 2 from file: /home/runner/work/ozone/ozone/hadoop-ozone/integration-test/target/test-dir/MiniOzoneClusterImpl-bb4c8f07-45f9-422c-bd0c-8b04330ef271/ozone-meta/om/certs/CA-2.crt.
2024-03-20 21:08:31,919 [main] INFO  security.OMCertificateClient (DefaultCertificateClient.java:recoverStateIfNeeded(815)) - Successfully stored OM signed certificate, case:GETCERT.
2024-03-20 21:08:31,925 [main] INFO  ha.OMHANodeDetails (OMHANodeDetails.java:loadOMHAConfig(115)) - ozone.om.internal.service.id is not defined, falling back to ozone.om.service.ids to find serviceID for OzoneManager if it is HA enabled cluster
2024-03-20 21:08:31,925 [main] INFO  ha.OMHANodeDetails (OMHANodeDetails.java:loadOMHAConfig(226)) - Configuration does not have ozone.om.address set. Falling back to the default OM address /127.0.0.1:15036
2024-03-20 21:08:31,925 [main] INFO  ha.OMHANodeDetails (OMHANodeDetails.java:getOMNodeDetailsForNonHA(254)) - OM Service ID is not set. Setting it to the default ID: omServiceIdDefault
2024-03-20 21:08:31,925 [main] INFO  ha.OMHANodeDetails (OMHANodeDetails.java:getOMNodeDetailsForNonHA(261)) - OM Node ID is not set. Setting it to the default ID: om1
2024-03-20 21:08:31,927 [main] WARN  server.ServerUtils (ServerUtils.java:getDBPath(299)) - ozone.om.db.dirs is not configured. We recommend adding this setting. Falling back to ozone.metadata.dirs instead.
2024-03-20 21:08:31,929 [main] INFO  upgrade.AbstractLayoutVersionManager (AbstractLayoutVersionManager.java:init(83)) - Initializing Layout version manager with metadata layout = QUOTA (version = 6), software layout = QUOTA (version = 6)
2024-03-20 21:08:32,015 [main] INFO  upgrade.OMLayoutVersionManager (OMLayoutVersionManager.java:lambda$0(113)) - Skipping Upgrade Action QuotaRepairUpgradeAction since it has been finalized.
2024-03-20 21:08:32,017 [main] INFO  upgrade.OMLayoutVersionManager (OMLayoutVersionManager.java:lambda$0(113)) - Skipping Upgrade Action MockOmUpgradeAction since it has been finalized.
2024-03-20 21:08:32,021 [pool-1-thread-1] INFO  request.KdcRequest (KdcRequest.java:preauth(651)) - The preauth data is empty.
2024-03-20 21:08:32,023 [pool-1-thread-1] INFO  server.KdcHandler (KdcHandler.java:handleRecoverableException(177)) - KRB error occurred while processing request:Additional pre-authentication required
2024-03-20 21:08:32,027 [pool-1-thread-1] INFO  request.AsRequest (AsRequest.java:issueTicket(112)) - AS_REQ ISSUE: authtime 1710968912027,scm/fv-az1053-74.1e55wlyavovu3ma4fylbaqc4gd.phxx.internal.cloudapp.net@EXAMPLE.COM for krbtgt/EXAMPLE.COM@EXAMPLE.COM
2024-03-20 21:08:32,030 [main] INFO  security.UserGroupInformation (UserGroupInformation.java:loginUserFromKeytab(1132)) - Login successful for user scm/fv-az1053-74.1e55wlyavovu3ma4fylbaqc4gd.phxx.internal.cloudapp.net@EXAMPLE.COM using keytab file scm.keytab. Keytab auto renewal enabled : false
2024-03-20 21:08:32,031 [main] INFO  om.OzoneManager (OzoneManager.java:loginOMUser(1201)) - Ozone Manager login successful.
2024-03-20 21:08:32,031 [main] WARN  server.ServerUtils (ServerUtils.java:getDBPath(299)) - ozone.om.db.dirs is not configured. We recommend adding this setting. Falling back to ozone.metadata.dirs instead.
2024-03-20 21:08:32,040 [main] INFO  ha.SCMNodeInfo (SCMNodeInfo.java:getPort(197)) - ConfigKey ozone.scm.client.address is deprecated, For configuring different ports for each SCM use PortConfigKey ozone.scm.client.port appended with serviceId and nodeId
2024-03-20 21:08:32,040 [main] INFO  ha.SCMNodeInfo (SCMNodeInfo.java:getPort(197)) - ConfigKey ozone.scm.block.client.address is deprecated, For configuring different ports for each SCM use PortConfigKey ozone.scm.block.client.port appended with serviceId and nodeId
2024-03-20 21:08:32,040 [main] INFO  ha.SCMNodeInfo (SCMNodeInfo.java:getPort(197)) - ConfigKey ozone.scm.security.service.address is deprecated, For configuring different ports for each SCM use PortConfigKey ozone.scm.security.service.port appended with serviceId and nodeId
2024-03-20 21:08:32,041 [main] INFO  ha.SCMNodeInfo (SCMNodeInfo.java:getPort(197)) - ConfigKey ozone.scm.datanode.address is deprecated, For configuring different ports for each SCM use PortConfigKey ozone.scm.datanode.port appended with serviceId and nodeId
2024-03-20 21:08:32,041 [main] INFO  ha.SCMNodeInfo (SCMNodeInfo.java:getPort(197)) - ConfigKey ozone.scm.client.address is deprecated, For configuring different ports for each SCM use PortConfigKey ozone.scm.client.port appended with serviceId and nodeId
2024-03-20 21:08:32,041 [main] INFO  ha.SCMNodeInfo (SCMNodeInfo.java:getPort(197)) - ConfigKey ozone.scm.block.client.address is deprecated, For configuring different ports for each SCM use PortConfigKey ozone.scm.block.client.port appended with serviceId and nodeId
2024-03-20 21:08:32,041 [main] INFO  ha.SCMNodeInfo (SCMNodeInfo.java:getPort(197)) - ConfigKey ozone.scm.security.service.address is deprecated, For configuring different ports for each SCM use PortConfigKey ozone.scm.security.service.port appended with serviceId and nodeId
2024-03-20 21:08:32,041 [main] INFO  ha.SCMNodeInfo (SCMNodeInfo.java:getPort(197)) - ConfigKey ozone.scm.datanode.address is deprecated, For configuring different ports for each SCM use PortConfigKey ozone.scm.datanode.port appended with serviceId and nodeId
2024-03-20 21:08:32,042 [main] INFO  ha.SCMNodeInfo (SCMNodeInfo.java:getPort(197)) - ConfigKey ozone.scm.client.address is deprecated, For configuring different ports for each SCM use PortConfigKey ozone.scm.client.port appended with serviceId and nodeId
2024-03-20 21:08:32,042 [main] INFO  ha.SCMNodeInfo (SCMNodeInfo.java:getPort(197)) - ConfigKey ozone.scm.block.client.address is deprecated, For configuring different ports for each SCM use PortConfigKey ozone.scm.block.client.port appended with serviceId and nodeId
2024-03-20 21:08:32,042 [main] INFO  ha.SCMNodeInfo (SCMNodeInfo.java:getPort(197)) - ConfigKey ozone.scm.security.service.address is deprecated, For configuring different ports for each SCM use PortConfigKey ozone.scm.security.service.port appended with serviceId and nodeId
2024-03-20 21:08:32,042 [main] INFO  ha.SCMNodeInfo (SCMNodeInfo.java:getPort(197)) - ConfigKey ozone.scm.datanode.address is deprecated, For configuring different ports for each SCM use PortConfigKey ozone.scm.datanode.port appended with serviceId and nodeId
2024-03-20 21:08:32,144 [main] INFO  ha.SCMNodeInfo (SCMNodeInfo.java:getPort(197)) - ConfigKey ozone.scm.client.address is deprecated, For configuring different ports for each SCM use PortConfigKey ozone.scm.client.port appended with serviceId and nodeId
2024-03-20 21:08:32,145 [main] INFO  ha.SCMNodeInfo (SCMNodeInfo.java:getPort(197)) - ConfigKey ozone.scm.block.client.address is deprecated, For configuring different ports for each SCM use PortConfigKey ozone.scm.block.client.port appended with serviceId and nodeId
2024-03-20 21:08:32,145 [main] INFO  ha.SCMNodeInfo (SCMNodeInfo.java:getPort(197)) - ConfigKey ozone.scm.security.service.address is deprecated, For configuring different ports for each SCM use PortConfigKey ozone.scm.security.service.port appended with serviceId and nodeId
2024-03-20 21:08:32,145 [main] INFO  ha.SCMNodeInfo (SCMNodeInfo.java:getPort(197)) - ConfigKey ozone.scm.datanode.address is deprecated, For configuring different ports for each SCM use PortConfigKey ozone.scm.datanode.port appended with serviceId and nodeId
2024-03-20 21:08:32,145 [main] INFO  ha.SCMNodeInfo (SCMNodeInfo.java:getPort(197)) - ConfigKey ozone.scm.client.address is deprecated, For configuring different ports for each SCM use PortConfigKey ozone.scm.client.port appended with serviceId and nodeId
2024-03-20 21:08:32,145 [main] INFO  ha.SCMNodeInfo (SCMNodeInfo.java:getPort(197)) - ConfigKey ozone.scm.block.client.address is deprecated, For configuring different ports for each SCM use PortConfigKey ozone.scm.block.client.port appended with serviceId and nodeId
2024-03-20 21:08:32,145 [main] INFO  ha.SCMNodeInfo (SCMNodeInfo.java:getPort(197)) - ConfigKey ozone.scm.security.service.address is deprecated, For configuring different ports for each SCM use PortConfigKey ozone.scm.security.service.port appended with serviceId and nodeId
2024-03-20 21:08:32,146 [main] INFO  ha.SCMNodeInfo (SCMNodeInfo.java:getPort(197)) - ConfigKey ozone.scm.datanode.address is deprecated, For configuring different ports for each SCM use PortConfigKey ozone.scm.datanode.port appended with serviceId and nodeId
2024-03-20 21:08:32,146 [main] INFO  ha.SCMNodeInfo (SCMNodeInfo.java:getPort(197)) - ConfigKey ozone.scm.client.address is deprecated, For configuring different ports for each SCM use PortConfigKey ozone.scm.client.port appended with serviceId and nodeId
2024-03-20 21:08:32,146 [main] INFO  ha.SCMNodeInfo (SCMNodeInfo.java:getPort(197)) - ConfigKey ozone.scm.block.client.address is deprecated, For configuring different ports for each SCM use PortConfigKey ozone.scm.block.client.port appended with serviceId and nodeId
2024-03-20 21:08:32,146 [main] INFO  ha.SCMNodeInfo (SCMNodeInfo.java:getPort(197)) - ConfigKey ozone.scm.security.service.address is deprecated, For configuring different ports for each SCM use PortConfigKey ozone.scm.security.service.port appended with serviceId and nodeId
2024-03-20 21:08:32,146 [main] INFO  ha.SCMNodeInfo (SCMNodeInfo.java:getPort(197)) - ConfigKey ozone.scm.datanode.address is deprecated, For configuring different ports for each SCM use PortConfigKey ozone.scm.datanode.port appended with serviceId and nodeId
2024-03-20 21:08:32,146 [main] INFO  proxy.SCMBlockLocationFailoverProxyProvider (SCMBlockLocationFailoverProxyProvider.java:<init>(115)) - Created block location fail-over proxy with 3 nodes: [nodeId=scmNode-2,nodeAddress=/127.0.0.1:15015, nodeId=scmNode-3,nodeAddress=/127.0.0.1:15023, nodeId=scmNode-1,nodeAddress=/127.0.0.1:15007]
2024-03-20 21:08:32,158 [main] INFO  om.OzoneManager (OzoneManager.java:getOmDetailsProto(4737)) - OzoneManager ports added:[name: "RPC"
value: 15036
]
2024-03-20 21:08:32,158 [main] INFO  ha.SCMNodeInfo (SCMNodeInfo.java:getPort(197)) - ConfigKey ozone.scm.client.address is deprecated, For configuring different ports for each SCM use PortConfigKey ozone.scm.client.port appended with serviceId and nodeId
2024-03-20 21:08:32,158 [main] INFO  ha.SCMNodeInfo (SCMNodeInfo.java:getPort(197)) - ConfigKey ozone.scm.block.client.address is deprecated, For configuring different ports for each SCM use PortConfigKey ozone.scm.block.client.port appended with serviceId and nodeId
2024-03-20 21:08:32,159 [main] INFO  ha.SCMNodeInfo (SCMNodeInfo.java:getPort(197)) - ConfigKey ozone.scm.security.service.address is deprecated, For configuring different ports for each SCM use PortConfigKey ozone.scm.security.service.port appended with serviceId and nodeId
2024-03-20 21:08:32,159 [main] INFO  ha.SCMNodeInfo (SCMNodeInfo.java:getPort(197)) - ConfigKey ozone.scm.datanode.address is deprecated, For configuring different ports for each SCM use PortConfigKey ozone.scm.datanode.port appended with serviceId and nodeId
2024-03-20 21:08:32,159 [main] INFO  ha.SCMNodeInfo (SCMNodeInfo.java:getPort(197)) - ConfigKey ozone.scm.client.address is deprecated, For configuring different ports for each SCM use PortConfigKey ozone.scm.client.port appended with serviceId and nodeId
2024-03-20 21:08:32,159 [main] INFO  ha.SCMNodeInfo (SCMNodeInfo.java:getPort(197)) - ConfigKey ozone.scm.block.client.address is deprecated, For configuring different ports for each SCM use PortConfigKey ozone.scm.block.client.port appended with serviceId and nodeId
2024-03-20 21:08:32,159 [main] INFO  ha.SCMNodeInfo (SCMNodeInfo.java:getPort(197)) - ConfigKey ozone.scm.security.service.address is deprecated, For configuring different ports for each SCM use PortConfigKey ozone.scm.security.service.port appended with serviceId and nodeId
2024-03-20 21:08:32,159 [main] INFO  ha.SCMNodeInfo (SCMNodeInfo.java:getPort(197)) - ConfigKey ozone.scm.datanode.address is deprecated, For configuring different ports for each SCM use PortConfigKey ozone.scm.datanode.port appended with serviceId and nodeId
2024-03-20 21:08:32,160 [main] INFO  ha.SCMNodeInfo (SCMNodeInfo.java:getPort(197)) - ConfigKey ozone.scm.client.address is deprecated, For configuring different ports for each SCM use PortConfigKey ozone.scm.client.port appended with serviceId and nodeId
2024-03-20 21:08:32,160 [main] INFO  ha.SCMNodeInfo (SCMNodeInfo.java:getPort(197)) - ConfigKey ozone.scm.block.client.address is deprecated, For configuring different ports for each SCM use PortConfigKey ozone.scm.block.client.port appended with serviceId and nodeId
2024-03-20 21:08:32,160 [main] INFO  ha.SCMNodeInfo (SCMNodeInfo.java:getPort(197)) - ConfigKey ozone.scm.security.service.address is deprecated, For configuring different ports for each SCM use PortConfigKey ozone.scm.security.service.port appended with serviceId and nodeId
2024-03-20 21:08:32,160 [main] INFO  ha.SCMNodeInfo (SCMNodeInfo.java:getPort(197)) - ConfigKey ozone.scm.datanode.address is deprecated, For configuring different ports for each SCM use PortConfigKey ozone.scm.datanode.port appended with serviceId and nodeId
2024-03-20 21:08:32,161 [main] INFO  security.OMCertificateClient (DefaultCertificateClient.java:updateCertSerialId(1313)) - Certificate serial ID set to 5
2024-03-20 21:08:32,161 [main] INFO  security.OMCertificateClient (DefaultCertificateClient.java:readCertificateFile(248)) - Added certificate 1 from file: /home/runner/work/ozone/ozone/hadoop-ozone/integration-test/target/test-dir/MiniOzoneClusterImpl-bb4c8f07-45f9-422c-bd0c-8b04330ef271/ozone-meta/om/certs/ROOTCA-1.crt.
2024-03-20 21:08:32,162 [main] INFO  security.OMCertificateClient (DefaultCertificateClient.java:readCertificateFile(248)) - Added certificate 5 from file: /home/runner/work/ozone/ozone/hadoop-ozone/integration-test/target/test-dir/MiniOzoneClusterImpl-bb4c8f07-45f9-422c-bd0c-8b04330ef271/ozone-meta/om/certs/5.crt.
2024-03-20 21:08:32,163 [main] INFO  security.OMCertificateClient (DefaultCertificateClient.java:readCertificateFile(248)) - Added certificate 2 from file: /home/runner/work/ozone/ozone/hadoop-ozone/integration-test/target/test-dir/MiniOzoneClusterImpl-bb4c8f07-45f9-422c-bd0c-8b04330ef271/ozone-meta/om/certs/CA-2.crt.
2024-03-20 21:08:32,164 [main] INFO  security.OMCertificateClient (DefaultCertificateClient.java:startCertificateRenewerService(1418)) - CertificateRenewerService for om is started with first delay 29116798837 ms and interval 86400000 ms.
2024-03-20 21:08:32,165 [main] INFO  ha.SCMNodeInfo (SCMNodeInfo.java:getPort(197)) - ConfigKey ozone.scm.client.address is deprecated, For configuring different ports for each SCM use PortConfigKey ozone.scm.client.port appended with serviceId and nodeId
2024-03-20 21:08:32,165 [main] INFO  ha.SCMNodeInfo (SCMNodeInfo.java:getPort(197)) - ConfigKey ozone.scm.block.client.address is deprecated, For configuring different ports for each SCM use PortConfigKey ozone.scm.block.client.port appended with serviceId and nodeId
2024-03-20 21:08:32,165 [main] INFO  ha.SCMNodeInfo (SCMNodeInfo.java:getPort(197)) - ConfigKey ozone.scm.security.service.address is deprecated, For configuring different ports for each SCM use PortConfigKey ozone.scm.security.service.port appended with serviceId and nodeId
2024-03-20 21:08:32,166 [main] INFO  ha.SCMNodeInfo (SCMNodeInfo.java:getPort(197)) - ConfigKey ozone.scm.datanode.address is deprecated, For configuring different ports for each SCM use PortConfigKey ozone.scm.datanode.port appended with serviceId and nodeId
2024-03-20 21:08:32,166 [main] INFO  ha.SCMNodeInfo (SCMNodeInfo.java:getPort(197)) - ConfigKey ozone.scm.client.address is deprecated, For configuring different ports for each SCM use PortConfigKey ozone.scm.client.port appended with serviceId and nodeId
2024-03-20 21:08:32,166 [main] INFO  ha.SCMNodeInfo (SCMNodeInfo.java:getPort(197)) - ConfigKey ozone.scm.block.client.address is deprecated, For configuring different ports for each SCM use PortConfigKey ozone.scm.block.client.port appended with serviceId and nodeId
2024-03-20 21:08:32,166 [main] INFO  ha.SCMNodeInfo (SCMNodeInfo.java:getPort(197)) - ConfigKey ozone.scm.security.service.address is deprecated, For configuring different ports for each SCM use PortConfigKey ozone.scm.security.service.port appended with serviceId and nodeId
2024-03-20 21:08:32,166 [main] INFO  ha.SCMNodeInfo (SCMNodeInfo.java:getPort(197)) - ConfigKey ozone.scm.datanode.address is deprecated, For configuring different ports for each SCM use PortConfigKey ozone.scm.datanode.port appended with serviceId and nodeId
2024-03-20 21:08:32,166 [main] INFO  ha.SCMNodeInfo (SCMNodeInfo.java:getPort(197)) - ConfigKey ozone.scm.client.address is deprecated, For configuring different ports for each SCM use PortConfigKey ozone.scm.client.port appended with serviceId and nodeId
2024-03-20 21:08:32,167 [main] INFO  ha.SCMNodeInfo (SCMNodeInfo.java:getPort(197)) - ConfigKey ozone.scm.block.client.address is deprecated, For configuring different ports for each SCM use PortConfigKey ozone.scm.block.client.port appended with serviceId and nodeId
2024-03-20 21:08:32,167 [main] INFO  ha.SCMNodeInfo (SCMNodeInfo.java:getPort(197)) - ConfigKey ozone.scm.security.service.address is deprecated, For configuring different ports for each SCM use PortConfigKey ozone.scm.security.service.port appended with serviceId and nodeId
2024-03-20 21:08:32,167 [main] INFO  ha.SCMNodeInfo (SCMNodeInfo.java:getPort(197)) - ConfigKey ozone.scm.datanode.address is deprecated, For configuring different ports for each SCM use PortConfigKey ozone.scm.datanode.port appended with serviceId and nodeId
2024-03-20 21:08:32,188 [main] INFO  om.OzoneManager (OzoneManager.java:<init>(679)) - OM start with adminUsers: [runner, scm]
2024-03-20 21:08:32,201 [main] WARN  server.ServerUtils (ServerUtils.java:getDBPath(299)) - ozone.om.db.dirs is not configured. We recommend adding this setting. Falling back to ozone.metadata.dirs instead.
2024-03-20 21:08:32,219 [main] INFO  helpers.OmKeyInfo (OmKeyInfo.java:getCodec(71)) - OmKeyInfo.getCodec ignorePipeline = true
2024-03-20 21:08:32,272 [scmNode-1-SecretKeyManagerService] INFO  symmetric.SecretKeyManager (SecretKeyManager.java:checkAndRotate(125)) - SecretKey rotation is happening, new key generated SecretKey(id = f137fd3b-35b1-4657-9c9c-4f11f41b3bed, creation at: 2024-03-20T21:08:32.272Z, expire at: 2024-03-20T21:08:35.272Z)
2024-03-20 21:08:32,277 [1ba87fbc-452a-4836-9768-c65c67837df8@group-8B04330EF271-StateMachineUpdater] INFO  symmetric.SecretKeyStateImpl (SecretKeyStateImpl.java:updateKeysInternal(113)) - Updating keys with [SecretKey(id = 7bec84c1-3dad-4d62-baa5-39646f790b5d, creation at: 2024-03-20T21:08:31.173Z, expire at: 2024-03-20T21:08:34.173Z), SecretKey(id = 7902a007-3ec8-4a47-910f-e08d066eea9f, creation at: 2024-03-20T21:08:30.172Z, expire at: 2024-03-20T21:08:33.172Z), SecretKey(id = f137fd3b-35b1-4657-9c9c-4f11f41b3bed, creation at: 2024-03-20T21:08:32.272Z, expire at: 2024-03-20T21:08:35.272Z)]
2024-03-20 21:08:32,278 [1ba87fbc-452a-4836-9768-c65c67837df8@group-8B04330EF271-StateMachineUpdater] INFO  symmetric.SecretKeyStateImpl (SecretKeyStateImpl.java:updateKeysInternal(128)) - Current key updated SecretKey(id = f137fd3b-35b1-4657-9c9c-4f11f41b3bed, creation at: 2024-03-20T21:08:32.272Z, expire at: 2024-03-20T21:08:35.272Z)
2024-03-20 21:08:32,278 [1ba87fbc-452a-4836-9768-c65c67837df8@group-8B04330EF271-StateMachineUpdater] INFO  symmetric.LocalSecretKeyStore (LocalSecretKeyStore.java:save(109)) - Saved [SecretKey(id = f137fd3b-35b1-4657-9c9c-4f11f41b3bed, creation at: 2024-03-20T21:08:32.272Z, expire at: 2024-03-20T21:08:35.272Z), SecretKey(id = 7bec84c1-3dad-4d62-baa5-39646f790b5d, creation at: 2024-03-20T21:08:31.173Z, expire at: 2024-03-20T21:08:34.173Z), SecretKey(id = 7902a007-3ec8-4a47-910f-e08d066eea9f, creation at: 2024-03-20T21:08:30.172Z, expire at: 2024-03-20T21:08:33.172Z)] to file /home/runner/work/ozone/ozone/hadoop-ozone/integration-test/target/test-dir/MiniOzoneClusterImpl-bb4c8f07-45f9-422c-bd0c-8b04330ef271/scmNode-1/scm/keys/secret_keys.json
2024-03-20 21:08:32,278 [1ba87fbc-452a-4836-9768-c65c67837df8@group-8B04330EF271-StateMachineUpdater] INFO  safemode.HealthyPipelineSafeModeRule (HealthyPipelineSafeModeRule.java:initializeRule(172)) - Refreshed total pipeline count is 0, healthy pipeline threshold count is 1
2024-03-20 21:08:32,279 [be2411e5-a42d-476f-b25b-d7f87790d2c1@group-8B04330EF271-StateMachineUpdater] INFO  symmetric.SecretKeyStateImpl (SecretKeyStateImpl.java:updateKeysInternal(113)) - Updating keys with [SecretKey(id = 7bec84c1-3dad-4d62-baa5-39646f790b5d, creation at: 2024-03-20T21:08:31.173Z, expire at: 2024-03-20T21:08:34.173Z), SecretKey(id = 7902a007-3ec8-4a47-910f-e08d066eea9f, creation at: 2024-03-20T21:08:30.172Z, expire at: 2024-03-20T21:08:33.172Z), SecretKey(id = f137fd3b-35b1-4657-9c9c-4f11f41b3bed, creation at: 2024-03-20T21:08:32.272Z, expire at: 2024-03-20T21:08:35.272Z)]
2024-03-20 21:08:32,281 [be2411e5-a42d-476f-b25b-d7f87790d2c1@group-8B04330EF271-StateMachineUpdater] INFO  symmetric.SecretKeyStateImpl (SecretKeyStateImpl.java:updateKeysInternal(128)) - Current key updated SecretKey(id = f137fd3b-35b1-4657-9c9c-4f11f41b3bed, creation at: 2024-03-20T21:08:32.272Z, expire at: 2024-03-20T21:08:35.272Z)
2024-03-20 21:08:32,281 [be2411e5-a42d-476f-b25b-d7f87790d2c1@group-8B04330EF271-StateMachineUpdater] INFO  symmetric.LocalSecretKeyStore (LocalSecretKeyStore.java:save(109)) - Saved [SecretKey(id = f137fd3b-35b1-4657-9c9c-4f11f41b3bed, creation at: 2024-03-20T21:08:32.272Z, expire at: 2024-03-20T21:08:35.272Z), SecretKey(id = 7bec84c1-3dad-4d62-baa5-39646f790b5d, creation at: 2024-03-20T21:08:31.173Z, expire at: 2024-03-20T21:08:34.173Z), SecretKey(id = 7902a007-3ec8-4a47-910f-e08d066eea9f, creation at: 2024-03-20T21:08:30.172Z, expire at: 2024-03-20T21:08:33.172Z)] to file /home/runner/work/ozone/ozone/hadoop-ozone/integration-test/target/test-dir/MiniOzoneClusterImpl-bb4c8f07-45f9-422c-bd0c-8b04330ef271/scmNode-2/scm/keys/secret_keys.json
2024-03-20 21:08:32,281 [be2411e5-a42d-476f-b25b-d7f87790d2c1@group-8B04330EF271-StateMachineUpdater] INFO  safemode.HealthyPipelineSafeModeRule (HealthyPipelineSafeModeRule.java:initializeRule(172)) - Refreshed total pipeline count is 0, healthy pipeline threshold count is 1
2024-03-20 21:08:32,283 [b12aa423-edbe-43b9-9e95-c7a538dfc443@group-8B04330EF271-StateMachineUpdater] INFO  symmetric.SecretKeyStateImpl (SecretKeyStateImpl.java:updateKeysInternal(113)) - Updating keys with [SecretKey(id = 7bec84c1-3dad-4d62-baa5-39646f790b5d, creation at: 2024-03-20T21:08:31.173Z, expire at: 2024-03-20T21:08:34.173Z), SecretKey(id = 7902a007-3ec8-4a47-910f-e08d066eea9f, creation at: 2024-03-20T21:08:30.172Z, expire at: 2024-03-20T21:08:33.172Z), SecretKey(id = f137fd3b-35b1-4657-9c9c-4f11f41b3bed, creation at: 2024-03-20T21:08:32.272Z, expire at: 2024-03-20T21:08:35.272Z)]
2024-03-20 21:08:32,284 [b12aa423-edbe-43b9-9e95-c7a538dfc443@group-8B04330EF271-StateMachineUpdater] INFO  symmetric.SecretKeyStateImpl (SecretKeyStateImpl.java:updateKeysInternal(128)) - Current key updated SecretKey(id = f137fd3b-35b1-4657-9c9c-4f11f41b3bed, creation at: 2024-03-20T21:08:32.272Z, expire at: 2024-03-20T21:08:35.272Z)
2024-03-20 21:08:32,285 [b12aa423-edbe-43b9-9e95-c7a538dfc443@group-8B04330EF271-StateMachineUpdater] INFO  symmetric.LocalSecretKeyStore (LocalSecretKeyStore.java:save(109)) - Saved [SecretKey(id = f137fd3b-35b1-4657-9c9c-4f11f41b3bed, creation at: 2024-03-20T21:08:32.272Z, expire at: 2024-03-20T21:08:35.272Z), SecretKey(id = 7bec84c1-3dad-4d62-baa5-39646f790b5d, creation at: 2024-03-20T21:08:31.173Z, expire at: 2024-03-20T21:08:34.173Z), SecretKey(id = 7902a007-3ec8-4a47-910f-e08d066eea9f, creation at: 2024-03-20T21:08:30.172Z, expire at: 2024-03-20T21:08:33.172Z)] to file /home/runner/work/ozone/ozone/hadoop-ozone/integration-test/target/test-dir/MiniOzoneClusterImpl-bb4c8f07-45f9-422c-bd0c-8b04330ef271/scmNode-3/scm/keys/secret_keys.json
2024-03-20 21:08:32,285 [b12aa423-edbe-43b9-9e95-c7a538dfc443@group-8B04330EF271-StateMachineUpdater] INFO  safemode.HealthyPipelineSafeModeRule (HealthyPipelineSafeModeRule.java:initializeRule(172)) - Refreshed total pipeline count is 0, healthy pipeline threshold count is 1
2024-03-20 21:08:32,444 [main] INFO  om.OzoneManager (OzoneManager.java:instantiateServices(813)) - S3 Multi-Tenancy is disabled
2024-03-20 21:08:32,454 [main] INFO  security.OzoneSecretStore (OzoneSecretStore.java:loadState(69)) - Loaded 0 tokens
2024-03-20 21:08:32,454 [main] INFO  security.OzoneDelegationTokenSecretManager (OzoneDelegationTokenSecretManager.java:loadTokenSecretState(514)) - Loading token state into token manager.
2024-03-20 21:08:32,475 [main] INFO  om.OmSnapshotManager (OmSnapshotManager.java:<init>(177)) - Ozone filesystem snapshot feature is enabled.
2024-03-20 21:08:32,481 [main] WARN  server.ServerUtils (ServerUtils.java:getDBPath(299)) - ozone.om.snapshot.diff.db.dir is not configured. We recommend adding this setting. Falling back to ozone.metadata.dirs instead.
2024-03-20 21:08:32,515 [main] INFO  utils.NativeLibraryLoader (NativeLibraryLoader.java:loadLibrary(108)) - Loading Library: ozone_rocksdb_tools
2024-03-20 21:08:32,515 [main] ERROR snapshot.SnapshotDiffManager (SnapshotDiffManager.java:initNativeLibraryForEfficientDiff(287)) - Native Library for raw sst file reading loading failed.
org.apache.hadoop.hdds.utils.NativeLibraryNotLoadedException: Unable to load library ozone_rocksdb_tools from both java.library.path & resource file libozone_rocksdb_tools.so from jar.
	at org.apache.hadoop.hdds.utils.db.managed.ManagedRawSSTFileReader.loadLibrary(ManagedRawSSTFileReader.java:38)
	at org.apache.hadoop.ozone.om.snapshot.SnapshotDiffManager.initNativeLibraryForEfficientDiff(SnapshotDiffManager.java:285)
	at org.apache.hadoop.ozone.om.snapshot.SnapshotDiffManager.<init>(SnapshotDiffManager.java:259)
	at org.apache.hadoop.ozone.om.OmSnapshotManager.<init>(OmSnapshotManager.java:279)
	at org.apache.hadoop.ozone.om.OzoneManager.instantiateServices(OzoneManager.java:865)
	at org.apache.hadoop.ozone.om.OzoneManager.<init>(OzoneManager.java:689)
	at org.apache.hadoop.ozone.om.OzoneManager.createOm(OzoneManager.java:776)
	at org.apache.hadoop.ozone.MiniOzoneClusterImpl$Builder.createOM(MiniOzoneClusterImpl.java:689)
	at org.apache.hadoop.ozone.MiniOzoneClusterImpl$Builder.createAndStartSingleOM(MiniOzoneClusterImpl.java:673)
	at org.apache.hadoop.ozone.MiniOzoneHAClusterImpl$Builder.createOMService(MiniOzoneHAClusterImpl.java:483)
	at org.apache.hadoop.ozone.MiniOzoneHAClusterImpl$Builder.build(MiniOzoneHAClusterImpl.java:425)
	at org.apache.hadoop.hdds.scm.TestSecretKeysApi.startCluster(TestSecretKeysApi.java:334)
	at org.apache.hadoop.hdds.scm.TestSecretKeysApi.testSecretKeyApiSuccess(TestSecretKeysApi.java:195)
	at sun.reflect.NativeMethodAccessorImpl.invoke0(Native Method)
	at sun.reflect.NativeMethodAccessorImpl.invoke(NativeMethodAccessorImpl.java:62)
	at sun.reflect.DelegatingMethodAccessorImpl.invoke(DelegatingMethodAccessorImpl.java:43)
	at java.lang.reflect.Method.invoke(Method.java:498)
	at org.junit.platform.commons.util.ReflectionUtils.invokeMethod(ReflectionUtils.java:728)
	at org.junit.jupiter.engine.execution.MethodInvocation.proceed(MethodInvocation.java:60)
	at org.junit.jupiter.engine.execution.InvocationInterceptorChain$ValidatingInvocation.proceed(InvocationInterceptorChain.java:131)
	at org.junit.jupiter.engine.extension.SameThreadTimeoutInvocation.proceed(SameThreadTimeoutInvocation.java:45)
	at org.junit.jupiter.engine.extension.TimeoutExtension.intercept(TimeoutExtension.java:156)
	at org.junit.jupiter.engine.extension.TimeoutExtension.interceptTestableMethod(TimeoutExtension.java:147)
	at org.junit.jupiter.engine.extension.TimeoutExtension.interceptTestMethod(TimeoutExtension.java:86)
	at org.junit.jupiter.engine.execution.InterceptingExecutableInvoker$ReflectiveInterceptorCall.lambda$ofVoidMethod$0(InterceptingExecutableInvoker.java:103)
	at org.junit.jupiter.engine.execution.InterceptingExecutableInvoker.lambda$invoke$0(InterceptingExecutableInvoker.java:93)
	at org.junit.jupiter.engine.execution.InvocationInterceptorChain$InterceptedInvocation.proceed(InvocationInterceptorChain.java:106)
	at org.junit.jupiter.engine.execution.InvocationInterceptorChain.proceed(InvocationInterceptorChain.java:64)
	at org.junit.jupiter.engine.execution.InvocationInterceptorChain.chainAndInvoke(InvocationInterceptorChain.java:45)
	at org.junit.jupiter.engine.execution.InvocationInterceptorChain.invoke(InvocationInterceptorChain.java:37)
	at org.junit.jupiter.engine.execution.InterceptingExecutableInvoker.invoke(InterceptingExecutableInvoker.java:92)
	at org.junit.jupiter.engine.execution.InterceptingExecutableInvoker.invoke(InterceptingExecutableInvoker.java:86)
	at org.junit.jupiter.engine.descriptor.TestMethodTestDescriptor.lambda$invokeTestMethod$7(TestMethodTestDescriptor.java:218)
	at org.junit.platform.engine.support.hierarchical.ThrowableCollector.execute(ThrowableCollector.java:73)
	at org.junit.jupiter.engine.descriptor.TestMethodTestDescriptor.invokeTestMethod(TestMethodTestDescriptor.java:214)
	at org.junit.jupiter.engine.descriptor.TestMethodTestDescriptor.execute(TestMethodTestDescriptor.java:139)
	at org.junit.jupiter.engine.descriptor.TestMethodTestDescriptor.execute(TestMethodTestDescriptor.java:69)
	at org.junit.platform.engine.support.hierarchical.NodeTestTask.lambda$executeRecursively$6(NodeTestTask.java:151)
	at org.junit.platform.engine.support.hierarchical.ThrowableCollector.execute(ThrowableCollector.java:73)
	at org.junit.platform.engine.support.hierarchical.NodeTestTask.lambda$executeRecursively$8(NodeTestTask.java:141)
	at org.junit.platform.engine.support.hierarchical.Node.around(Node.java:137)
	at org.junit.platform.engine.support.hierarchical.NodeTestTask.lambda$executeRecursively$9(NodeTestTask.java:139)
	at org.junit.platform.engine.support.hierarchical.ThrowableCollector.execute(ThrowableCollector.java:73)
	at org.junit.platform.engine.support.hierarchical.NodeTestTask.executeRecursively(NodeTestTask.java:138)
	at org.junit.platform.engine.support.hierarchical.NodeTestTask.execute(NodeTestTask.java:95)
	at java.util.ArrayList.forEach(ArrayList.java:1259)
	at org.junit.platform.engine.support.hierarchical.SameThreadHierarchicalTestExecutorService.invokeAll(SameThreadHierarchicalTestExecutorService.java:41)
	at org.junit.platform.engine.support.hierarchical.NodeTestTask.lambda$executeRecursively$6(NodeTestTask.java:155)
	at org.junit.platform.engine.support.hierarchical.ThrowableCollector.execute(ThrowableCollector.java:73)
	at org.junit.platform.engine.support.hierarchical.NodeTestTask.lambda$executeRecursively$8(NodeTestTask.java:141)
	at org.junit.platform.engine.support.hierarchical.Node.around(Node.java:137)
	at org.junit.platform.engine.support.hierarchical.NodeTestTask.lambda$executeRecursively$9(NodeTestTask.java:139)
	at org.junit.platform.engine.support.hierarchical.ThrowableCollector.execute(ThrowableCollector.java:73)
	at org.junit.platform.engine.support.hierarchical.NodeTestTask.executeRecursively(NodeTestTask.java:138)
	at org.junit.platform.engine.support.hierarchical.NodeTestTask.execute(NodeTestTask.java:95)
	at java.util.ArrayList.forEach(ArrayList.java:1259)
	at org.junit.platform.engine.support.hierarchical.SameThreadHierarchicalTestExecutorService.invokeAll(SameThreadHierarchicalTestExecutorService.java:41)
	at org.junit.platform.engine.support.hierarchical.NodeTestTask.lambda$executeRecursively$6(NodeTestTask.java:155)
	at org.junit.platform.engine.support.hierarchical.ThrowableCollector.execute(ThrowableCollector.java:73)
	at org.junit.platform.engine.support.hierarchical.NodeTestTask.lambda$executeRecursively$8(NodeTestTask.java:141)
	at org.junit.platform.engine.support.hierarchical.Node.around(Node.java:137)
	at org.junit.platform.engine.support.hierarchical.NodeTestTask.lambda$executeRecursively$9(NodeTestTask.java:139)
	at org.junit.platform.engine.support.hierarchical.ThrowableCollector.execute(ThrowableCollector.java:73)
	at org.junit.platform.engine.support.hierarchical.NodeTestTask.executeRecursively(NodeTestTask.java:138)
	at org.junit.platform.engine.support.hierarchical.NodeTestTask.execute(NodeTestTask.java:95)
	at org.junit.platform.engine.support.hierarchical.SameThreadHierarchicalTestExecutorService.submit(SameThreadHierarchicalTestExecutorService.java:35)
	at org.junit.platform.engine.support.hierarchical.HierarchicalTestExecutor.execute(HierarchicalTestExecutor.java:57)
	at org.junit.platform.engine.support.hierarchical.HierarchicalTestEngine.execute(HierarchicalTestEngine.java:54)
	at org.junit.platform.launcher.core.EngineExecutionOrchestrator.execute(EngineExecutionOrchestrator.java:198)
	at org.junit.platform.launcher.core.EngineExecutionOrchestrator.execute(EngineExecutionOrchestrator.java:169)
	at org.junit.platform.launcher.core.EngineExecutionOrchestrator.execute(EngineExecutionOrchestrator.java:93)
	at org.junit.platform.launcher.core.EngineExecutionOrchestrator.lambda$execute$0(EngineExecutionOrchestrator.java:58)
	at org.junit.platform.launcher.core.EngineExecutionOrchestrator.withInterceptedStreams(EngineExecutionOrchestrator.java:141)
	at org.junit.platform.launcher.core.EngineExecutionOrchestrator.execute(EngineExecutionOrchestrator.java:57)
	at org.junit.platform.launcher.core.DefaultLauncher.execute(DefaultLauncher.java:103)
	at org.junit.platform.launcher.core.DefaultLauncher.execute(DefaultLauncher.java:85)
	at org.junit.platform.launcher.core.DelegatingLauncher.execute(DelegatingLauncher.java:47)
	at org.junit.platform.launcher.core.SessionPerRequestLauncher.execute(SessionPerRequestLauncher.java:63)
	at org.apache.maven.surefire.junitplatform.JUnitPlatformProvider.invokeAllTests(JUnitPlatformProvider.java:154)
	at org.apache.maven.surefire.junitplatform.JUnitPlatformProvider.invoke(JUnitPlatformProvider.java:123)
	at org.apache.maven.surefire.booter.ForkedBooter.runSuitesInProcess(ForkedBooter.java:377)
	at org.apache.maven.surefire.booter.ForkedBooter.execute(ForkedBooter.java:138)
	at org.apache.maven.surefire.booter.ForkedBooter.run(ForkedBooter.java:465)
	at org.apache.maven.surefire.booter.ForkedBooter.main(ForkedBooter.java:451)
2024-03-20 21:08:32,566 [main] INFO  om.OzoneManager (OzoneManager.java:addS3GVolumeToDB(4469)) - Created Volume s3v With Owner scm required for S3Gateway operations.
2024-03-20 21:08:32,616 [main] WARN  server.ServerUtils (ServerUtils.java:getDefaultRatisDirectory(311)) - Storage directory for Ratis is not configured. It is a good idea to map this to an SSD disk. Falling back to ozone.metadata.dirs
2024-03-20 21:08:32,616 [main] WARN  utils.OzoneManagerRatisUtils (OzoneManagerRatisUtils.java:getOMRatisSnapshotDirectory(476)) - ozone.om.ratis.snapshot.dir is not configured. Falling back to ozone.metadata.dirs config
2024-03-20 21:08:32,620 [main] WARN  dropwizard3.Dm3MetricRegistriesImpl (Dm3MetricRegistriesImpl.java:addReporterRegistration(113)) - New reporters are added after registries were created. Some metrics will be missing from the reporter. Please add reporter before adding any new registry.
2024-03-20 21:08:32,621 [main] WARN  dropwizard3.Dm3MetricRegistriesImpl (Dm3MetricRegistriesImpl.java:addReporterRegistration(113)) - New reporters are added after registries were created. Some metrics will be missing from the reporter. Please add reporter before adding any new registry.
2024-03-20 21:08:32,621 [main] WARN  server.ServerUtils (ServerUtils.java:getDefaultRatisDirectory(311)) - Storage directory for Ratis is not configured. It is a good idea to map this to an SSD disk. Falling back to ozone.metadata.dirs
2024-03-20 21:08:32,623 [main] INFO  ratis.OzoneManagerRatisServer (OzoneManagerRatisServer.java:<init>(167)) - Instantiating OM Ratis server with groupID: omServiceIdDefault and peers: localhost:15039
2024-03-20 21:08:32,627 [main] INFO  ratis.OzoneManagerStateMachine (OzoneManagerStateMachine.java:loadSnapshotInfoFromDB(589)) - TransactionInfo not found in OM DB.
2024-03-20 21:08:32,662 [main] INFO  server.RaftServer (ConfUtils.java:logGet(46)) - raft.rpc.type = GRPC (default)
2024-03-20 21:08:32,663 [main] INFO  grpc.GrpcConfigKeys (ConfUtils.java:logFallback(53)) - raft.grpc.admin.host = null (fallback to raft.grpc.server.host)
2024-03-20 21:08:32,663 [main] INFO  grpc.GrpcConfigKeys (ConfUtils.java:logFallback(53)) - raft.grpc.admin.port = 15039 (fallback to raft.grpc.server.port)
2024-03-20 21:08:32,663 [main] INFO  grpc.GrpcConfigKeys (ConfUtils.java:logFallback(53)) - raft.grpc.client.host = null (fallback to raft.grpc.server.host)
2024-03-20 21:08:32,663 [main] INFO  grpc.GrpcConfigKeys (ConfUtils.java:logFallback(53)) - raft.grpc.client.port = 15039 (fallback to raft.grpc.server.port)
2024-03-20 21:08:32,663 [main] INFO  grpc.GrpcConfigKeys (ConfUtils.java:logGet(46)) - raft.grpc.server.host = null (default)
2024-03-20 21:08:32,664 [main] INFO  grpc.GrpcConfigKeys (ConfUtils.java:logGet(46)) - raft.grpc.server.port = 15039 (custom)
2024-03-20 21:08:32,664 [main] INFO  server.GrpcService (ConfUtils.java:logGet(46)) - raft.grpc.message.size.max = 4194304 (custom)
2024-03-20 21:08:32,664 [main] INFO  server.RaftServerConfigKeys (ConfUtils.java:logGet(46)) - raft.server.log.appender.buffer.byte-limit = 4194304 (custom)
2024-03-20 21:08:32,665 [main] INFO  server.GrpcService (ConfUtils.java:logGet(46)) - raft.grpc.flow.control.window = 1MB (=1048576) (default)
2024-03-20 21:08:32,665 [main] INFO  server.RaftServerConfigKeys (ConfUtils.java:logGet(46)) - raft.server.rpc.request.timeout = 3000ms (default)
2024-03-20 21:08:32,665 [main] INFO  grpc.GrpcConfigKeys (ConfUtils.java:logGet(46)) - raft.grpc.server.heartbeat.channel = true (default)
2024-03-20 21:08:32,666 [main] INFO  grpc.GrpcConfigKeys (ConfUtils.java:logGet(46)) - raft.grpc.server.async.request.thread.pool.cached = true (default)
2024-03-20 21:08:32,666 [main] INFO  grpc.GrpcConfigKeys (ConfUtils.java:logGet(46)) - raft.grpc.server.async.request.thread.pool.size = 32 (default)
2024-03-20 21:08:32,667 [main] INFO  impl.DataStreamServerImpl (ConfUtils.java:logGet(46)) - raft.datastream.type = DISABLED (default)
2024-03-20 21:08:32,667 [main] INFO  server.RaftServerConfigKeys (ConfUtils.java:logGet(46)) - raft.server.sleep.deviation.threshold = 300ms (default)
2024-03-20 21:08:32,667 [main] INFO  server.RaftServerConfigKeys (ConfUtils.java:logGet(46)) - raft.server.close.threshold = 60s (default)
2024-03-20 21:08:32,668 [main] INFO  server.RaftServerConfigKeys (ConfUtils.java:logGet(46)) - raft.server.leaderelection.leader.step-down.wait-time = 10s (default)
2024-03-20 21:08:32,668 [main] INFO  server.RaftServerConfigKeys (ConfUtils.java:logGet(46)) - raft.server.storage.dir = [/home/runner/work/ozone/ozone/hadoop-ozone/integration-test/target/test-dir/MiniOzoneClusterImpl-bb4c8f07-45f9-422c-bd0c-8b04330ef271/ozone-meta/ratis] (custom)
2024-03-20 21:08:32,668 [main] INFO  server.RaftServerConfigKeys (ConfUtils.java:logGet(46)) - raft.server.threadpool.proxy.cached = true (default)
2024-03-20 21:08:32,668 [main] INFO  server.RaftServerConfigKeys (ConfUtils.java:logGet(46)) - raft.server.threadpool.proxy.size = 0 (default)
2024-03-20 21:08:32,669 [main] INFO  server.RaftServer (RaftServerProxy.java:addNew(100)) - om1: addNew group-C5BA1605619E:[om1|localhost:15039] returns group-C5BA1605619E:java.util.concurrent.CompletableFuture@1d4d84fb[Not completed]
2024-03-20 21:08:32,669 [om1-groupManagement] INFO  server.RaftServer$Division (RaftServerImpl.java:<init>(256)) - om1: new RaftServerImpl for group-C5BA1605619E:[om1|localhost:15039] with OzoneManagerStateMachine:uninitialized
2024-03-20 21:08:32,669 [main] INFO  om.OzoneManager (OzoneManager.java:initializeRatisServer(2174)) - OzoneManager Ratis server initialized at port 15039
2024-03-20 21:08:32,669 [om1-groupManagement] INFO  server.RaftServerConfigKeys (ConfUtils.java:logGet(46)) - raft.server.rpc.timeout.min = 1s (custom)
2024-03-20 21:08:32,670 [om1-groupManagement] INFO  server.RaftServerConfigKeys (ConfUtils.java:logGet(46)) - raft.server.rpc.timeout.max = 1200ms (custom)
2024-03-20 21:08:32,670 [om1-groupManagement] INFO  server.RaftServerConfigKeys (ConfUtils.java:logGet(46)) - raft.server.rpc.sleep.time = 25ms (default)
2024-03-20 21:08:32,670 [om1-groupManagement] INFO  server.RaftServerConfigKeys (ConfUtils.java:logGet(46)) - raft.server.rpc.slowness.timeout = 2s (custom)
2024-03-20 21:08:32,670 [om1-groupManagement] INFO  server.RaftServerConfigKeys (ConfUtils.java:logGet(46)) - raft.server.leaderelection.leader.step-down.wait-time = 10s (default)
2024-03-20 21:08:32,670 [om1-groupManagement] INFO  server.RaftServerConfigKeys (ConfUtils.java:logGet(46)) - raft.server.leaderelection.member.majority-add = false (default)
2024-03-20 21:08:32,670 [om1-groupManagement] INFO  server.RaftServerConfigKeys (ConfUtils.java:logGet(46)) - raft.server.sleep.deviation.threshold = 300ms (default)
2024-03-20 21:08:32,670 [om1-groupManagement] INFO  server.RaftServer$Division (ServerState.java:<init>(113)) - om1@group-C5BA1605619E: ConfigurationManager, init=-1: peers:[om1|localhost:15039]|listeners:[], old=null, confs=<EMPTY_MAP>
2024-03-20 21:08:32,671 [om1-groupManagement] INFO  server.RaftServerConfigKeys (ConfUtils.java:logGet(46)) - raft.server.notification.no-leader.timeout = 2s (custom)
2024-03-20 21:08:32,671 [om1-groupManagement] INFO  server.RaftServerConfigKeys (ConfUtils.java:logGet(46)) - raft.server.read.timeout = 10s (default)
2024-03-20 21:08:32,671 [om1-groupManagement] INFO  server.RaftServerConfigKeys (ConfUtils.java:logGet(46)) - raft.server.retrycache.expirytime = 300s (custom)
2024-03-20 21:08:32,671 [om1-groupManagement] INFO  server.RaftServerConfigKeys (ConfUtils.java:logGet(46)) - raft.server.retrycache.statistics.expirytime = 100ms (default)
2024-03-20 21:08:32,671 [om1-groupManagement] INFO  server.RaftServerConfigKeys (ConfUtils.java:logGet(46)) - raft.server.read.option = DEFAULT (default)
2024-03-20 21:08:32,671 [om1-groupManagement] INFO  server.RaftServerConfigKeys (ConfUtils.java:logGet(46)) - raft.server.read.read-after-write-consistent.write-index-cache.expiry-time = 60s (default)
2024-03-20 21:08:32,672 [main] INFO  om.OzoneManager (OzoneManager.java:getRpcServer(1233)) - Creating RPC Server
2024-03-20 21:08:32,676 [om1-groupManagement] INFO  server.RaftServerConfigKeys (ConfUtils.java:logGet(46)) - raft.server.rpc.request.timeout = 3000ms (default)
2024-03-20 21:08:32,676 [om1-groupManagement] INFO  server.RaftServerConfigKeys (ConfUtils.java:logGet(46)) - raft.server.log.appender.install.snapshot.enabled = false (custom)
2024-03-20 21:08:32,676 [om1-groupManagement] INFO  server.RaftServerConfigKeys (ConfUtils.java:logGet(46)) - raft.server.threadpool.server.cached = true (default)
2024-03-20 21:08:32,676 [om1-groupManagement] INFO  server.RaftServerConfigKeys (ConfUtils.java:logGet(46)) - raft.server.threadpool.server.size = 0 (default)
2024-03-20 21:08:32,676 [om1-groupManagement] INFO  server.RaftServerConfigKeys (ConfUtils.java:logGet(46)) - raft.server.threadpool.client.cached = true (default)
2024-03-20 21:08:32,676 [om1-groupManagement] INFO  server.RaftServerConfigKeys (ConfUtils.java:logGet(46)) - raft.server.threadpool.client.size = 0 (default)
2024-03-20 21:08:33,197 [main] INFO  ipc.CallQueueManager (CallQueueManager.java:<init>(90)) - Using callQueue: class java.util.concurrent.LinkedBlockingQueue, queueCapacity: 2000, scheduler: class org.apache.hadoop.ipc.DefaultRpcScheduler, ipcBackoff: false.
2024-03-20 21:08:33,198 [main] INFO  ipc.Server (Server.java:<init>(1287)) - Listener at 127.0.0.1:15036
2024-03-20 21:08:33,198 [Socket Reader #1 for port 15036] INFO  ipc.Server (Server.java:run(1323)) - Starting Socket Reader #1 for port 15036
2024-03-20 21:08:33,232 [main] INFO  impl.MetricsSystemImpl (MetricsSystemImpl.java:init(158)) - OzoneManager metrics system started (again)
2024-03-20 21:08:33,244 [main] INFO  om.OzoneManager (OzoneManager.java:start(1655)) - OzoneManager RPC server is listening at localhost/127.0.0.1:15036
2024-03-20 21:08:33,244 [main] INFO  ratis.OzoneManagerRatisServer (OzoneManagerRatisServer.java:start(588)) - Starting OzoneManagerRatisServer om1 at port 15039
2024-03-20 21:08:33,245 [om1-impl-thread1] INFO  server.RaftServerConfigKeys (ConfUtils.java:logGet(46)) - raft.server.storage.free-space.min = 0MB (=0) (default)
2024-03-20 21:08:33,245 [om1-impl-thread1] INFO  server.RaftServerConfigKeys (ConfUtils.java:logGet(46)) - raft.server.log.corruption.policy = EXCEPTION (default)
2024-03-20 21:08:33,245 [om1-impl-thread1] INFO  server.RaftServerConfigKeys (ConfUtils.java:logGet(46)) - raft.server.storage.dir = [/home/runner/work/ozone/ozone/hadoop-ozone/integration-test/target/test-dir/MiniOzoneClusterImpl-bb4c8f07-45f9-422c-bd0c-8b04330ef271/ozone-meta/ratis] (custom)
2024-03-20 21:08:33,246 [om1-impl-thread1] INFO  storage.RaftStorageDirectory (RaftStorageDirectoryImpl.java:analyzeStorage(138)) - The storage directory /home/runner/work/ozone/ozone/hadoop-ozone/integration-test/target/test-dir/MiniOzoneClusterImpl-bb4c8f07-45f9-422c-bd0c-8b04330ef271/ozone-meta/ratis/bf265839-605b-3f16-9796-c5ba1605619e does not exist. Creating ...
2024-03-20 21:08:33,247 [om1-impl-thread1] INFO  storage.RaftStorageDirectory (RaftStorageDirectoryImpl.java:tryLock(228)) - Lock on /home/runner/work/ozone/ozone/hadoop-ozone/integration-test/target/test-dir/MiniOzoneClusterImpl-bb4c8f07-45f9-422c-bd0c-8b04330ef271/ozone-meta/ratis/bf265839-605b-3f16-9796-c5ba1605619e/in_use.lock acquired by nodename 54244@fv-az1053-74
2024-03-20 21:08:33,248 [om1-impl-thread1] INFO  storage.RaftStorage (RaftStorageImpl.java:format(99)) - Storage directory /home/runner/work/ozone/ozone/hadoop-ozone/integration-test/target/test-dir/MiniOzoneClusterImpl-bb4c8f07-45f9-422c-bd0c-8b04330ef271/ozone-meta/ratis/bf265839-605b-3f16-9796-c5ba1605619e has been successfully formatted.
2024-03-20 21:08:33,248 [om1-impl-thread1] WARN  util.FileUtils (LogUtils.java:supplyAndLog(63)) - Failed to Files.newInputStream /home/runner/work/ozone/ozone/hadoop-ozone/integration-test/target/test-dir/MiniOzoneClusterImpl-bb4c8f07-45f9-422c-bd0c-8b04330ef271/ozone-meta/ratis/bf265839-605b-3f16-9796-c5ba1605619e/current/raft-meta.conf with options []: java.nio.file.NoSuchFileException: /home/runner/work/ozone/ozone/hadoop-ozone/integration-test/target/test-dir/MiniOzoneClusterImpl-bb4c8f07-45f9-422c-bd0c-8b04330ef271/ozone-meta/ratis/bf265839-605b-3f16-9796-c5ba1605619e/current/raft-meta.conf
2024-03-20 21:08:33,249 [om1-impl-thread1] INFO  server.RaftServerConfigKeys (ConfUtils.java:logGet(46)) - raft.server.log.use.memory = false (default)
2024-03-20 21:08:33,249 [om1-impl-thread1] INFO  server.RaftServerConfigKeys (ConfUtils.java:logGet(46)) - raft.server.log.purge.gap = 1000000 (custom)
2024-03-20 21:08:33,249 [om1-impl-thread1] INFO  server.RaftServerConfigKeys (ConfUtils.java:logGet(46)) - raft.server.log.appender.buffer.byte-limit = 4194304 (custom)
2024-03-20 21:08:33,249 [om1-impl-thread1] INFO  server.RaftServerConfigKeys (ConfUtils.java:logGet(46)) - raft.server.log.statemachine.data.read.timeout = 1000ms (default)
2024-03-20 21:08:33,249 [om1-impl-thread1] INFO  server.RaftServerConfigKeys (ConfUtils.java:logGet(46)) - raft.server.log.purge.preservation.log.num = 0 (default)
2024-03-20 21:08:33,251 [om1-impl-thread1] INFO  server.RaftServerConfigKeys (ConfUtils.java:logGet(46)) - raft.server.log.segment.size.max = 4194304 (custom)
2024-03-20 21:08:33,251 [om1-impl-thread1] INFO  server.RaftServerConfigKeys (ConfUtils.java:logGet(46)) - raft.server.log.segment.cache.num.max = 2 (custom)
2024-03-20 21:08:33,251 [om1-impl-thread1] INFO  server.RaftServerConfigKeys (ConfUtils.java:logGet(46)) - raft.server.log.segment.cache.size.max = 200MB (=209715200) (default)
2024-03-20 21:08:33,251 [om1-impl-thread1] INFO  server.RaftServerConfigKeys (ConfUtils.java:logGet(46)) - raft.server.log.appender.buffer.byte-limit = 4194304 (custom)
2024-03-20 21:08:33,252 [om1-impl-thread1] INFO  util.AwaitToRun (AwaitToRun.java:start(81)) - Thread[om1@group-C5BA1605619E-cacheEviction-AwaitToRun,5,main] started
2024-03-20 21:08:33,252 [om1-impl-thread1] INFO  segmented.SegmentedRaftLogWorker (SegmentedRaftLogWorker.java:<init>(182)) - new om1@group-C5BA1605619E-SegmentedRaftLogWorker for RaftStorageImpl:Storage Directory /home/runner/work/ozone/ozone/hadoop-ozone/integration-test/target/test-dir/MiniOzoneClusterImpl-bb4c8f07-45f9-422c-bd0c-8b04330ef271/ozone-meta/ratis/bf265839-605b-3f16-9796-c5ba1605619e
2024-03-20 21:08:33,252 [om1-impl-thread1] INFO  server.RaftServerConfigKeys (ConfUtils.java:logGet(46)) - raft.server.log.queue.byte-limit = 64MB (=67108864) (default)
2024-03-20 21:08:33,252 [om1-impl-thread1] INFO  server.RaftServerConfigKeys (ConfUtils.java:logGet(46)) - raft.server.log.queue.element-limit = 4096 (default)
2024-03-20 21:08:33,252 [om1-impl-thread1] INFO  server.RaftServerConfigKeys (ConfUtils.java:logGet(46)) - raft.server.log.segment.size.max = 4194304 (custom)
2024-03-20 21:08:33,252 [om1-impl-thread1] INFO  server.RaftServerConfigKeys (ConfUtils.java:logGet(46)) - raft.server.log.preallocated.size = 4194304 (custom)
2024-03-20 21:08:33,252 [om1-impl-thread1] INFO  server.RaftServerConfigKeys (ConfUtils.java:logGet(46)) - raft.server.log.force.sync.num = 128 (default)
2024-03-20 21:08:33,252 [om1-impl-thread1] INFO  server.RaftServerConfigKeys (ConfUtils.java:logGet(46)) - raft.server.log.statemachine.data.sync = true (default)
2024-03-20 21:08:33,252 [om1-impl-thread1] INFO  server.RaftServerConfigKeys (ConfUtils.java:logGet(46)) - raft.server.log.statemachine.data.sync.timeout = 10s (default)
2024-03-20 21:08:33,252 [om1-impl-thread1] INFO  server.RaftServerConfigKeys (ConfUtils.java:logGet(46)) - raft.server.log.statemachine.data.sync.timeout.retry = -1 (default)
2024-03-20 21:08:33,253 [om1-impl-thread1] INFO  server.RaftServerConfigKeys (ConfUtils.java:logGet(46)) - raft.server.log.write.buffer.size = 4194312 (custom)
2024-03-20 21:08:33,254 [om1-impl-thread1] INFO  server.RaftServerConfigKeys (ConfUtils.java:logGet(46)) - raft.server.log.appender.buffer.byte-limit = 4194304 (custom)
2024-03-20 21:08:33,254 [om1-impl-thread1] INFO  server.RaftServerConfigKeys (ConfUtils.java:logGet(46)) - raft.server.log.unsafe-flush.enabled = false (default)
2024-03-20 21:08:33,254 [om1-impl-thread1] INFO  server.RaftServerConfigKeys (ConfUtils.java:logGet(46)) - raft.server.log.async-flush.enabled = false (default)
2024-03-20 21:08:33,254 [om1-impl-thread1] INFO  server.RaftServerConfigKeys (ConfUtils.java:logGet(46)) - raft.server.log.statemachine.data.caching.enabled = false (default)
2024-03-20 21:08:33,254 [om1-impl-thread1] INFO  segmented.SegmentedRaftLogWorker (SegmentedRaftLogWorker.java:lambda$new$0(134)) - om1@group-C5BA1605619E-SegmentedRaftLogWorker: flushIndex: setUnconditionally 0 -> -1
2024-03-20 21:08:33,255 [om1-impl-thread1] INFO  segmented.SegmentedRaftLogWorker (SegmentedRaftLogWorker.java:lambda$new$0(134)) - om1@group-C5BA1605619E-SegmentedRaftLogWorker: safeCacheEvictIndex: setUnconditionally 0 -> -1
2024-03-20 21:08:33,255 [om1-impl-thread1] INFO  server.RaftServer$Division (RaftServerImpl.java:start(396)) - om1@group-C5BA1605619E: start as a follower, conf=-1: peers:[om1|localhost:15039]|listeners:[], old=null
2024-03-20 21:08:33,255 [om1-impl-thread1] INFO  server.RaftServer$Division (RaftServerImpl.java:setRole(383)) - om1@group-C5BA1605619E: changes role from      null to FOLLOWER at term 0 for startAsFollower
2024-03-20 21:08:33,257 [om1-impl-thread1] INFO  impl.RoleInfo (RoleInfo.java:updateAndGet(139)) - om1: start om1@group-C5BA1605619E-FollowerState
2024-03-20 21:08:33,257 [om1-impl-thread1] INFO  util.JmxRegister (JmxRegister.java:tryRegister(44)) - Successfully registered JMX Bean with object name Ratis:service=RaftServer,group=group-C5BA1605619E,id=om1
2024-03-20 21:08:33,257 [om1-impl-thread1] INFO  server.RaftServerConfigKeys (ConfUtils.java:logGet(46)) - raft.server.snapshot.trigger-when-stop.enabled = true (default)
2024-03-20 21:08:33,257 [om1-impl-thread1] INFO  server.RaftServerConfigKeys (ConfUtils.java:logGet(46)) - raft.server.snapshot.auto.trigger.enabled = true (custom)
2024-03-20 21:08:33,258 [om1-impl-thread1] INFO  server.RaftServerConfigKeys (ConfUtils.java:logGet(46)) - raft.server.snapshot.auto.trigger.threshold = 400000 (default)
2024-03-20 21:08:33,258 [om1-impl-thread1] INFO  server.RaftServerConfigKeys (ConfUtils.java:logGet(46)) - raft.server.snapshot.retention.file.num = -1 (default)
2024-03-20 21:08:33,258 [om1-impl-thread1] INFO  server.RaftServerConfigKeys (ConfUtils.java:logGet(46)) - raft.server.log.purge.upto.snapshot.index = true (custom)
2024-03-20 21:08:33,258 [om1@group-C5BA1605619E-FollowerState] INFO  server.RaftServerConfigKeys (ConfUtils.java:logFallback(53)) - raft.server.rpc.first-election.timeout.min = 1s (fallback to raft.server.rpc.timeout.min)
2024-03-20 21:08:33,260 [om1@group-C5BA1605619E-FollowerState] INFO  server.RaftServerConfigKeys (ConfUtils.java:logFallback(53)) - raft.server.rpc.first-election.timeout.max = 1200ms (fallback to raft.server.rpc.timeout.max)
2024-03-20 21:08:33,260 [main] INFO  server.RaftServer (RaftServerProxy.java:startImpl(406)) - om1: start RPC server
2024-03-20 21:08:33,269 [main] INFO  server.GrpcService (GrpcService.java:startImpl(302)) - om1: GrpcService started, listening on 15039
2024-03-20 21:08:33,270 [main] INFO  om.OzoneManager (OzoneManager.java:startSecretManager(1114)) - Starting secret key client.
2024-03-20 21:08:33,272 [scmNode-1-SecretKeyManagerService] INFO  symmetric.SecretKeyManager (SecretKeyManager.java:checkAndRotate(125)) - SecretKey rotation is happening, new key generated SecretKey(id = 6212e3bb-d7af-4548-9cc5-e8acc18af7ff, creation at: 2024-03-20T21:08:33.272Z, expire at: 2024-03-20T21:08:36.272Z)
2024-03-20 21:08:33,273 [JvmPauseMonitor4] INFO  util.JvmPauseMonitor (JvmPauseMonitor.java:run(146)) - JvmPauseMonitor-om1: Started
2024-03-20 21:08:33,281 [1ba87fbc-452a-4836-9768-c65c67837df8@group-8B04330EF271-StateMachineUpdater] INFO  symmetric.SecretKeyStateImpl (SecretKeyStateImpl.java:updateKeysInternal(113)) - Updating keys with [SecretKey(id = f137fd3b-35b1-4657-9c9c-4f11f41b3bed, creation at: 2024-03-20T21:08:32.272Z, expire at: 2024-03-20T21:08:35.272Z), SecretKey(id = 7bec84c1-3dad-4d62-baa5-39646f790b5d, creation at: 2024-03-20T21:08:31.173Z, expire at: 2024-03-20T21:08:34.173Z), SecretKey(id = 6212e3bb-d7af-4548-9cc5-e8acc18af7ff, creation at: 2024-03-20T21:08:33.272Z, expire at: 2024-03-20T21:08:36.272Z)]
2024-03-20 21:08:33,281 [1ba87fbc-452a-4836-9768-c65c67837df8@group-8B04330EF271-StateMachineUpdater] INFO  symmetric.SecretKeyStateImpl (SecretKeyStateImpl.java:updateKeysInternal(128)) - Current key updated SecretKey(id = 6212e3bb-d7af-4548-9cc5-e8acc18af7ff, creation at: 2024-03-20T21:08:33.272Z, expire at: 2024-03-20T21:08:36.272Z)
2024-03-20 21:08:33,282 [1ba87fbc-452a-4836-9768-c65c67837df8@group-8B04330EF271-StateMachineUpdater] INFO  symmetric.LocalSecretKeyStore (LocalSecretKeyStore.java:save(109)) - Saved [SecretKey(id = 6212e3bb-d7af-4548-9cc5-e8acc18af7ff, creation at: 2024-03-20T21:08:33.272Z, expire at: 2024-03-20T21:08:36.272Z), SecretKey(id = f137fd3b-35b1-4657-9c9c-4f11f41b3bed, creation at: 2024-03-20T21:08:32.272Z, expire at: 2024-03-20T21:08:35.272Z), SecretKey(id = 7bec84c1-3dad-4d62-baa5-39646f790b5d, creation at: 2024-03-20T21:08:31.173Z, expire at: 2024-03-20T21:08:34.173Z)] to file /home/runner/work/ozone/ozone/hadoop-ozone/integration-test/target/test-dir/MiniOzoneClusterImpl-bb4c8f07-45f9-422c-bd0c-8b04330ef271/scmNode-1/scm/keys/secret_keys.json
2024-03-20 21:08:33,282 [1ba87fbc-452a-4836-9768-c65c67837df8@group-8B04330EF271-StateMachineUpdater] INFO  safemode.HealthyPipelineSafeModeRule (HealthyPipelineSafeModeRule.java:initializeRule(172)) - Refreshed total pipeline count is 0, healthy pipeline threshold count is 1
2024-03-20 21:08:33,284 [b12aa423-edbe-43b9-9e95-c7a538dfc443@group-8B04330EF271-StateMachineUpdater] INFO  symmetric.SecretKeyStateImpl (SecretKeyStateImpl.java:updateKeysInternal(113)) - Updating keys with [SecretKey(id = f137fd3b-35b1-4657-9c9c-4f11f41b3bed, creation at: 2024-03-20T21:08:32.272Z, expire at: 2024-03-20T21:08:35.272Z), SecretKey(id = 7bec84c1-3dad-4d62-baa5-39646f790b5d, creation at: 2024-03-20T21:08:31.173Z, expire at: 2024-03-20T21:08:34.173Z), SecretKey(id = 6212e3bb-d7af-4548-9cc5-e8acc18af7ff, creation at: 2024-03-20T21:08:33.272Z, expire at: 2024-03-20T21:08:36.272Z)]
2024-03-20 21:08:33,286 [b12aa423-edbe-43b9-9e95-c7a538dfc443@group-8B04330EF271-StateMachineUpdater] INFO  symmetric.SecretKeyStateImpl (SecretKeyStateImpl.java:updateKeysInternal(128)) - Current key updated SecretKey(id = 6212e3bb-d7af-4548-9cc5-e8acc18af7ff, creation at: 2024-03-20T21:08:33.272Z, expire at: 2024-03-20T21:08:36.272Z)
2024-03-20 21:08:33,287 [b12aa423-edbe-43b9-9e95-c7a538dfc443@group-8B04330EF271-StateMachineUpdater] INFO  symmetric.LocalSecretKeyStore (LocalSecretKeyStore.java:save(109)) - Saved [SecretKey(id = 6212e3bb-d7af-4548-9cc5-e8acc18af7ff, creation at: 2024-03-20T21:08:33.272Z, expire at: 2024-03-20T21:08:36.272Z), SecretKey(id = f137fd3b-35b1-4657-9c9c-4f11f41b3bed, creation at: 2024-03-20T21:08:32.272Z, expire at: 2024-03-20T21:08:35.272Z), SecretKey(id = 7bec84c1-3dad-4d62-baa5-39646f790b5d, creation at: 2024-03-20T21:08:31.173Z, expire at: 2024-03-20T21:08:34.173Z)] to file /home/runner/work/ozone/ozone/hadoop-ozone/integration-test/target/test-dir/MiniOzoneClusterImpl-bb4c8f07-45f9-422c-bd0c-8b04330ef271/scmNode-3/scm/keys/secret_keys.json
2024-03-20 21:08:33,287 [b12aa423-edbe-43b9-9e95-c7a538dfc443@group-8B04330EF271-StateMachineUpdater] INFO  safemode.HealthyPipelineSafeModeRule (HealthyPipelineSafeModeRule.java:initializeRule(172)) - Refreshed total pipeline count is 0, healthy pipeline threshold count is 1
2024-03-20 21:08:33,285 [be2411e5-a42d-476f-b25b-d7f87790d2c1@group-8B04330EF271-StateMachineUpdater] INFO  symmetric.SecretKeyStateImpl (SecretKeyStateImpl.java:updateKeysInternal(113)) - Updating keys with [SecretKey(id = f137fd3b-35b1-4657-9c9c-4f11f41b3bed, creation at: 2024-03-20T21:08:32.272Z, expire at: 2024-03-20T21:08:35.272Z), SecretKey(id = 7bec84c1-3dad-4d62-baa5-39646f790b5d, creation at: 2024-03-20T21:08:31.173Z, expire at: 2024-03-20T21:08:34.173Z), SecretKey(id = 6212e3bb-d7af-4548-9cc5-e8acc18af7ff, creation at: 2024-03-20T21:08:33.272Z, expire at: 2024-03-20T21:08:36.272Z)]
2024-03-20 21:08:33,291 [be2411e5-a42d-476f-b25b-d7f87790d2c1@group-8B04330EF271-StateMachineUpdater] INFO  symmetric.SecretKeyStateImpl (SecretKeyStateImpl.java:updateKeysInternal(128)) - Current key updated SecretKey(id = 6212e3bb-d7af-4548-9cc5-e8acc18af7ff, creation at: 2024-03-20T21:08:33.272Z, expire at: 2024-03-20T21:08:36.272Z)
2024-03-20 21:08:33,291 [be2411e5-a42d-476f-b25b-d7f87790d2c1@group-8B04330EF271-StateMachineUpdater] INFO  symmetric.LocalSecretKeyStore (LocalSecretKeyStore.java:save(109)) - Saved [SecretKey(id = 6212e3bb-d7af-4548-9cc5-e8acc18af7ff, creation at: 2024-03-20T21:08:33.272Z, expire at: 2024-03-20T21:08:36.272Z), SecretKey(id = f137fd3b-35b1-4657-9c9c-4f11f41b3bed, creation at: 2024-03-20T21:08:32.272Z, expire at: 2024-03-20T21:08:35.272Z), SecretKey(id = 7bec84c1-3dad-4d62-baa5-39646f790b5d, creation at: 2024-03-20T21:08:31.173Z, expire at: 2024-03-20T21:08:34.173Z)] to file /home/runner/work/ozone/ozone/hadoop-ozone/integration-test/target/test-dir/MiniOzoneClusterImpl-bb4c8f07-45f9-422c-bd0c-8b04330ef271/scmNode-2/scm/keys/secret_keys.json
2024-03-20 21:08:33,291 [be2411e5-a42d-476f-b25b-d7f87790d2c1@group-8B04330EF271-StateMachineUpdater] INFO  safemode.HealthyPipelineSafeModeRule (HealthyPipelineSafeModeRule.java:initializeRule(172)) - Refreshed total pipeline count is 0, healthy pipeline threshold count is 1
2024-03-20 21:08:33,295 [pool-1-thread-1] INFO  request.TgsRequest (TgsRequest.java:issueTicket(115)) - TGS_REQ ISSUE: authtime 1710968913294,scm/fv-az1053-74.1e55wlyavovu3ma4fylbaqc4gd.phxx.internal.cloudapp.net for scm/fv-az1053-74.1e55wlyavovu3ma4fylbaqc4gd.phxx.internal.cloudapp.net@EXAMPLE.COM
2024-03-20 21:08:33,305 [Socket Reader #1 for port 15002] INFO  ipc.Server (Server.java:saslProcess(2139)) - Auth successful for scm/fv-az1053-74.1e55wlyavovu3ma4fylbaqc4gd.phxx.internal.cloudapp.net@EXAMPLE.COM (auth:KERBEROS) from fv-az1053-74.1e55wlyavovu3ma4fylbaqc4gd.phxx.internal.cloudapp.net:45561 / 10.1.0.34:45561
2024-03-20 21:08:33,312 [Socket Reader #1 for port 15002] INFO  authorize.ServiceAuthorizationManager (ServiceAuthorizationManager.java:authorize(137)) - Authorization successful for scm/fv-az1053-74.1e55wlyavovu3ma4fylbaqc4gd.phxx.internal.cloudapp.net@EXAMPLE.COM (auth:KERBEROS) for protocol=interface org.apache.hadoop.hdds.protocol.SecretKeyProtocolOm
2024-03-20 21:08:33,329 [main] INFO  symmetric.DefaultSecretKeySignerClient (DefaultSecretKeySignerClient.java:start(84)) - Initial secret key fetched from SCM: SecretKey(id = 6212e3bb-d7af-4548-9cc5-e8acc18af7ff, creation at: 2024-03-20T21:08:33.272Z, expire at: 2024-03-20T21:08:36.272Z).
2024-03-20 21:08:33,329 [main] INFO  symmetric.DefaultSecretKeySignerClient (DefaultSecretKeySignerClient.java:scheduleSecretKeyPoller(150)) - Scheduling SecretKeyPoller with initial delay of PT0.943S and interval of PT0.1S
2024-03-20 21:08:33,330 [main] INFO  om.OzoneManager (OzoneManager.java:startSecretManager(1125)) - Starting OM delegation token secret manager
2024-03-20 21:08:33,330 [main] INFO  security.OzoneDelegationTokenSecretManager (OzoneSecretManager.java:updateCurrentKey(175)) - Updating current master key for generating tokens. Cert id 5
2024-03-20 21:08:33,333 [om1-ExpiredTokenRemover] INFO  security.OzoneDelegationTokenSecretManager (OzoneDelegationTokenSecretManager.java:run(621)) - Starting expired delegation token remover thread, tokenRemoverScanInterval=60 min(s)
2024-03-20 21:08:33,334 [main] INFO  om.OzoneManager (OzoneManager.java:start(1671)) - Version File has different layout version (6) than OM DB (null). That is expected if this OM has never been finalized to a newer layout version.
2024-03-20 21:08:33,347 [Socket Reader #1 for port 15007] INFO  ipc.Server (Server.java:saslProcess(2139)) - Auth successful for scm/fv-az1053-74.1e55wlyavovu3ma4fylbaqc4gd.phxx.internal.cloudapp.net@EXAMPLE.COM (auth:KERBEROS) from fv-az1053-74.1e55wlyavovu3ma4fylbaqc4gd.phxx.internal.cloudapp.net:40787 / 10.1.0.34:40787
2024-03-20 21:08:33,356 [Socket Reader #1 for port 15007] INFO  authorize.ServiceAuthorizationManager (ServiceAuthorizationManager.java:authorize(137)) - Authorization successful for scm/fv-az1053-74.1e55wlyavovu3ma4fylbaqc4gd.phxx.internal.cloudapp.net@EXAMPLE.COM (auth:KERBEROS) for protocol=interface org.apache.hadoop.hdds.scm.protocol.ScmBlockLocationProtocol
2024-03-20 21:08:33,370 [main] INFO  client.ScmTopologyClient (ScmTopologyClient.java:start(67)) - Initial network topology fetched from SCM: /.
2024-03-20 21:08:33,385 [main] INFO  http.BaseHttpServer (BaseHttpServer.java:newHttpServer2BuilderForOzone(223)) - Starting Web-server for ozoneManager at: http://0.0.0.0:15037
2024-03-20 21:08:33,386 [main] INFO  http.BaseHttpServer (BaseHttpServer.java:<init>(110)) - Hadoop Security Enabled: true Ozone Security Enabled: true Ozone HTTP Security Enabled: false 
2024-03-20 21:08:33,387 [main] WARN  server.AuthenticationFilter (AuthenticationFilter.java:constructSecretProvider(240)) - Unable to initialize FileSignerSecretProvider, falling back to use random secrets. Reason: Could not read signature secret file: /home/runner/hadoop-http-auth-signature-secret
2024-03-20 21:08:33,388 [main] INFO  http.HttpRequestLog (HttpRequestLog.java:getRequestLog(86)) - Http request log for http.requests.ozoneManager is not defined
2024-03-20 21:08:33,390 [main] INFO  http.HttpServer2 (HttpServer2.java:addGlobalFilter(1036)) - Added global filter 'safety' (class=org.apache.hadoop.hdds.server.http.HttpServer2$QuotingInputFilter)
2024-03-20 21:08:33,391 [main] INFO  http.HttpServer2 (HttpServer2.java:addFilter(1012)) - Added filter static_user_filter (class=org.apache.hadoop.http.lib.StaticUserWebFilter$StaticUserFilter) to context ozoneManager
2024-03-20 21:08:33,391 [main] INFO  http.HttpServer2 (HttpServer2.java:addFilter(1020)) - Added filter static_user_filter (class=org.apache.hadoop.http.lib.StaticUserWebFilter$StaticUserFilter) to context logs
2024-03-20 21:08:33,391 [main] INFO  http.HttpServer2 (HttpServer2.java:addFilter(1020)) - Added filter static_user_filter (class=org.apache.hadoop.http.lib.StaticUserWebFilter$StaticUserFilter) to context static
2024-03-20 21:08:33,392 [main] INFO  http.BaseHttpServer (BaseHttpServer.java:<init>(189)) - HTTP server of ozoneManager uses base directory /home/runner/work/ozone/ozone/hadoop-ozone/integration-test/target/test-dir/MiniOzoneClusterImpl-bb4c8f07-45f9-422c-bd0c-8b04330ef271/ozone-meta/webserver
2024-03-20 21:08:33,395 [main] INFO  http.HttpServer2 (HttpServer2.java:bindListener(1236)) - Jetty bound to port 15037
2024-03-20 21:08:33,395 [main] INFO  server.Server (Server.java:doStart(375)) - jetty-9.4.53.v20231009; built: 2023-10-09T12:29:09.265Z; git: 27bde00a0b95a1d5bbee0eae7984f891d2d0f8c9; jvm 1.8.0_402-b06
2024-03-20 21:08:33,402 [main] INFO  server.session (DefaultSessionIdManager.java:doStart(334)) - DefaultSessionIdManager workerName=node0
2024-03-20 21:08:33,402 [main] INFO  server.session (DefaultSessionIdManager.java:doStart(339)) - No SessionScavenger set, using defaults
2024-03-20 21:08:33,402 [main] INFO  server.session (HouseKeeper.java:startScavenging(132)) - node0 Scavenging every 660000ms
2024-03-20 21:08:33,405 [main] INFO  handler.ContextHandler (ContextHandler.java:doStart(921)) - Started o.e.j.s.ServletContextHandler@21698165{logs,/logs,file:///home/runner/work/ozone/ozone/hadoop-ozone/integration-test/target/log,AVAILABLE}
2024-03-20 21:08:33,405 [main] INFO  handler.ContextHandler (ContextHandler.java:doStart(921)) - Started o.e.j.s.ServletContextHandler@4913d4{static,/static,file:///home/runner/work/ozone/ozone/hadoop-ozone/integration-test/target/test-classes/webapps/static,AVAILABLE}
2024-03-20 21:08:33,414 [main] INFO  handler.ContextHandler (ContextHandler.java:doStart(921)) - Started o.e.j.w.WebAppContext@70a548ee{ozoneManager,/,file:///home/runner/work/ozone/ozone/hadoop-ozone/integration-test/target/test-classes/webapps/ozoneManager/,AVAILABLE}{file:/home/runner/work/ozone/ozone/hadoop-ozone/integration-test/target/test-classes/webapps/ozoneManager}
2024-03-20 21:08:33,419 [main] INFO  server.AbstractConnector (AbstractConnector.java:doStart(333)) - Started ServerConnector@3bd7ff1f{HTTP/1.1, (http/1.1)}{0.0.0.0:15037}
2024-03-20 21:08:33,419 [main] INFO  server.Server (Server.java:doStart(415)) - Started @24179ms
2024-03-20 21:08:33,419 [main] WARN  impl.MetricsSystemImpl (MetricsSystemImpl.java:register(279)) - Sink prometheus already exists!
2024-03-20 21:08:33,420 [main] INFO  http.BaseHttpServer (BaseHttpServer.java:updateConnectorAddress(354)) - HTTP server of ozoneManager listening at http://0.0.0.0:15037
2024-03-20 21:08:33,420 [IPC Server listener on 15036] INFO  ipc.Server (Server.java:run(1402)) - IPC Server listener on 15036: starting
2024-03-20 21:08:33,422 [IPC Server Responder] INFO  ipc.Server (Server.java:run(1562)) - IPC Server Responder: starting
2024-03-20 21:08:33,429 [main] INFO  om.OzoneManager (OzoneManager.java:startTrashEmptier(2127)) - Trash Interval set to 0. Files deleted won't move to trash
2024-03-20 21:08:33,544 [main] WARN  dropwizard3.Dm3MetricRegistriesImpl (Dm3MetricRegistriesImpl.java:addReporterRegistration(113)) - New reporters are added after registries were created. Some metrics will be missing from the reporter. Please add reporter before adding any new registry.
2024-03-20 21:08:33,544 [main] WARN  dropwizard3.Dm3MetricRegistriesImpl (Dm3MetricRegistriesImpl.java:addReporterRegistration(113)) - New reporters are added after registries were created. Some metrics will be missing from the reporter. Please add reporter before adding any new registry.
2024-03-20 21:08:33,544 [main] INFO  impl.MetricsSystemImpl (MetricsSystemImpl.java:init(158)) - HddsDatanode metrics system started (again)
2024-03-20 21:08:33,566 [main] INFO  ozone.HddsDatanodeService (HddsDatanodeService.java:start(240)) - HddsDatanodeService host:fv-az1053-74.1e55wlyavovu3ma4fylbaqc4gd.phxx.internal.cloudapp.net ip:10.1.0.34
2024-03-20 21:08:33,566 [main] INFO  ozone.HddsDatanodeService (HddsDatanodeService.java:start(248)) - Ozone security is enabled. Attempting login for Hdds Datanode user. Principal: scm/fv-az1053-74.1e55wlyavovu3ma4fylbaqc4gd.phxx.internal.cloudapp.net@EXAMPLE.COM,keytab: /tmp/junit9154778437432145906/scm.keytab
2024-03-20 21:08:33,570 [pool-1-thread-1] INFO  request.KdcRequest (KdcRequest.java:preauth(651)) - The preauth data is empty.
2024-03-20 21:08:33,570 [pool-1-thread-1] INFO  server.KdcHandler (KdcHandler.java:handleRecoverableException(177)) - KRB error occurred while processing request:Additional pre-authentication required
2024-03-20 21:08:33,575 [pool-1-thread-1] INFO  request.AsRequest (AsRequest.java:issueTicket(112)) - AS_REQ ISSUE: authtime 1710968913574,scm/fv-az1053-74.1e55wlyavovu3ma4fylbaqc4gd.phxx.internal.cloudapp.net@EXAMPLE.COM for krbtgt/EXAMPLE.COM@EXAMPLE.COM
2024-03-20 21:08:33,581 [main] INFO  security.UserGroupInformation (UserGroupInformation.java:loginUserFromKeytab(1132)) - Login successful for user scm/fv-az1053-74.1e55wlyavovu3ma4fylbaqc4gd.phxx.internal.cloudapp.net@EXAMPLE.COM using keytab file scm.keytab. Keytab auto renewal enabled : false
2024-03-20 21:08:33,582 [main] INFO  ozone.HddsDatanodeService (HddsDatanodeService.java:start(266)) - Hdds Datanode login successful.
2024-03-20 21:08:33,603 [main] INFO  ozone.HddsDatanodeService (HddsDatanodeService.java:initializeCertificateClient(388)) - Initializing secure Datanode.
2024-03-20 21:08:33,605 [main] INFO  ha.SCMNodeInfo (SCMNodeInfo.java:getPort(197)) - ConfigKey ozone.scm.client.address is deprecated, For configuring different ports for each SCM use PortConfigKey ozone.scm.client.port appended with serviceId and nodeId
2024-03-20 21:08:33,606 [main] INFO  ha.SCMNodeInfo (SCMNodeInfo.java:getPort(197)) - ConfigKey ozone.scm.block.client.address is deprecated, For configuring different ports for each SCM use PortConfigKey ozone.scm.block.client.port appended with serviceId and nodeId
2024-03-20 21:08:33,606 [main] INFO  ha.SCMNodeInfo (SCMNodeInfo.java:getPort(197)) - ConfigKey ozone.scm.security.service.address is deprecated, For configuring different ports for each SCM use PortConfigKey ozone.scm.security.service.port appended with serviceId and nodeId
2024-03-20 21:08:33,606 [main] INFO  ha.SCMNodeInfo (SCMNodeInfo.java:getPort(197)) - ConfigKey ozone.scm.datanode.address is deprecated, For configuring different ports for each SCM use PortConfigKey ozone.scm.datanode.port appended with serviceId and nodeId
2024-03-20 21:08:33,606 [main] INFO  ha.SCMNodeInfo (SCMNodeInfo.java:getPort(197)) - ConfigKey ozone.scm.client.address is deprecated, For configuring different ports for each SCM use PortConfigKey ozone.scm.client.port appended with serviceId and nodeId
2024-03-20 21:08:33,606 [main] INFO  ha.SCMNodeInfo (SCMNodeInfo.java:getPort(197)) - ConfigKey ozone.scm.block.client.address is deprecated, For configuring different ports for each SCM use PortConfigKey ozone.scm.block.client.port appended with serviceId and nodeId
2024-03-20 21:08:33,606 [main] INFO  ha.SCMNodeInfo (SCMNodeInfo.java:getPort(197)) - ConfigKey ozone.scm.security.service.address is deprecated, For configuring different ports for each SCM use PortConfigKey ozone.scm.security.service.port appended with serviceId and nodeId
2024-03-20 21:08:33,607 [main] INFO  ha.SCMNodeInfo (SCMNodeInfo.java:getPort(197)) - ConfigKey ozone.scm.datanode.address is deprecated, For configuring different ports for each SCM use PortConfigKey ozone.scm.datanode.port appended with serviceId and nodeId
2024-03-20 21:08:33,607 [main] INFO  ha.SCMNodeInfo (SCMNodeInfo.java:getPort(197)) - ConfigKey ozone.scm.client.address is deprecated, For configuring different ports for each SCM use PortConfigKey ozone.scm.client.port appended with serviceId and nodeId
2024-03-20 21:08:33,607 [main] INFO  ha.SCMNodeInfo (SCMNodeInfo.java:getPort(197)) - ConfigKey ozone.scm.block.client.address is deprecated, For configuring different ports for each SCM use PortConfigKey ozone.scm.block.client.port appended with serviceId and nodeId
2024-03-20 21:08:33,607 [main] INFO  ha.SCMNodeInfo (SCMNodeInfo.java:getPort(197)) - ConfigKey ozone.scm.security.service.address is deprecated, For configuring different ports for each SCM use PortConfigKey ozone.scm.security.service.port appended with serviceId and nodeId
2024-03-20 21:08:33,607 [main] INFO  ha.SCMNodeInfo (SCMNodeInfo.java:getPort(197)) - ConfigKey ozone.scm.datanode.address is deprecated, For configuring different ports for each SCM use PortConfigKey ozone.scm.datanode.port appended with serviceId and nodeId
2024-03-20 21:08:33,608 [main] INFO  client.DNCertificateClient (DefaultCertificateClient.java:updateCertSerialId(1313)) - Certificate serial ID set to null
2024-03-20 21:08:33,609 [main] ERROR client.DNCertificateClient (DefaultCertificateClient.java:getCertPath(376)) - Default certificate serial id is not set. Can't locate the default certificate for this client.
2024-03-20 21:08:33,609 [main] INFO  client.DNCertificateClient (DefaultCertificateClient.java:init(720)) - Certificate client init case: 0
2024-03-20 21:08:33,609 [main] INFO  client.DNCertificateClient (DefaultCertificateClient.java:handleCase(738)) - Creating keypair for client as keypair and certificate not found.
2024-03-20 21:08:33,726 [main] INFO  client.DNCertificateClient (DefaultCertificateClient.java:recoverStateIfNeeded(800)) - Init response: GETCERT
2024-03-20 21:08:33,726 [main] INFO  ozone.OzoneSecurityUtil (OzoneSecurityUtil.java:getValidInetsForCurrentHost(119)) - ip:fe80:0:0:0:6245:bdff:feae:494f%eth0 not returned.
2024-03-20 21:08:33,727 [main] INFO  ozone.OzoneSecurityUtil (OzoneSecurityUtil.java:getValidInetsForCurrentHost(116)) - Adding ip:10.1.0.34,host:fv-az1053-74.1e55wlyavovu3ma4fylbaqc4gd.phxx.internal.cloudapp.net
2024-03-20 21:08:33,727 [main] INFO  ozone.OzoneSecurityUtil (OzoneSecurityUtil.java:getValidInetsForCurrentHost(119)) - ip:0:0:0:0:0:0:0:1%lo not returned.
2024-03-20 21:08:33,727 [main] INFO  ozone.OzoneSecurityUtil (OzoneSecurityUtil.java:getValidInetsForCurrentHost(119)) - ip:127.0.0.1 not returned.
2024-03-20 21:08:33,728 [main] INFO  client.DNCertificateClient (DNCertificateClient.java:getCSRBuilder(86)) - Created csr for DN-> subject:scm@fv-az1053-74.1e55wlyavovu3ma4fylbaqc4gd.phxx.internal.cloudapp.net
2024-03-20 21:08:33,744 [pool-1-thread-1] INFO  request.TgsRequest (TgsRequest.java:issueTicket(115)) - TGS_REQ ISSUE: authtime 1710968913743,scm/fv-az1053-74.1e55wlyavovu3ma4fylbaqc4gd.phxx.internal.cloudapp.net for scm/fv-az1053-74.1e55wlyavovu3ma4fylbaqc4gd.phxx.internal.cloudapp.net@EXAMPLE.COM
2024-03-20 21:08:33,756 [Socket Reader #1 for port 15002] INFO  ipc.Server (Server.java:saslProcess(2139)) - Auth successful for scm/fv-az1053-74.1e55wlyavovu3ma4fylbaqc4gd.phxx.internal.cloudapp.net@EXAMPLE.COM (auth:KERBEROS) from fv-az1053-74.1e55wlyavovu3ma4fylbaqc4gd.phxx.internal.cloudapp.net:39229 / 10.1.0.34:39229
2024-03-20 21:08:33,764 [Socket Reader #1 for port 15002] INFO  authorize.ServiceAuthorizationManager (ServiceAuthorizationManager.java:authorize(137)) - Authorization successful for scm/fv-az1053-74.1e55wlyavovu3ma4fylbaqc4gd.phxx.internal.cloudapp.net@EXAMPLE.COM (auth:KERBEROS) for protocol=interface org.apache.hadoop.hdds.protocol.SCMSecurityProtocol
2024-03-20 21:08:33,764 [IPC Server handler 0 on default port 15002] INFO  server.SCMSecurityProtocolServer (SCMSecurityProtocolServer.java:getDataNodeCertificate(198)) - Processing CSR for dn fv-az1053-74.1e55wlyavovu3ma4fylbaqc4gd.phxx.internal.cloudapp.net, UUID: bf0d52d7-dce2-4f08-b148-c0add6164c5c
2024-03-20 21:08:33,770 [1ba87fbc-452a-4836-9768-c65c67837df8@group-8B04330EF271-StateMachineUpdater] INFO  safemode.HealthyPipelineSafeModeRule (HealthyPipelineSafeModeRule.java:initializeRule(172)) - Refreshed total pipeline count is 0, healthy pipeline threshold count is 1
2024-03-20 21:08:33,771 [IPC Server handler 0 on default port 15002] INFO  ha.SequenceIdGenerator (SequenceIdGenerator.java:getNextId(145)) - Allocate a batch for CertificateId, change lastId from 5 to 6.
2024-03-20 21:08:33,771 [b12aa423-edbe-43b9-9e95-c7a538dfc443@group-8B04330EF271-StateMachineUpdater] INFO  safemode.HealthyPipelineSafeModeRule (HealthyPipelineSafeModeRule.java:initializeRule(172)) - Refreshed total pipeline count is 0, healthy pipeline threshold count is 1
2024-03-20 21:08:33,774 [be2411e5-a42d-476f-b25b-d7f87790d2c1@group-8B04330EF271-StateMachineUpdater] INFO  safemode.HealthyPipelineSafeModeRule (HealthyPipelineSafeModeRule.java:initializeRule(172)) - Refreshed total pipeline count is 0, healthy pipeline threshold count is 1
2024-03-20 21:08:33,776 [IPC Server handler 0 on default port 15002] INFO  authority.DefaultApprover (DefaultApprover.java:sign(157)) - Extensions in CSR: 2.5.29.15, 2.5.29.17
2024-03-20 21:08:33,777 [IPC Server handler 0 on default port 15002] INFO  authority.DefaultApprover (DefaultApprover.java:sign(161)) - Extensions to add to the certificate if they present in CSR: 2.5.29.17, 2.5.29.19, 1.3.6.1.5.5.7.1.12, 2.5.29.35, 2.5.29.37, 2.5.29.15
2024-03-20 21:08:33,806 [1ba87fbc-452a-4836-9768-c65c67837df8@group-8B04330EF271-StateMachineUpdater] INFO  safemode.HealthyPipelineSafeModeRule (HealthyPipelineSafeModeRule.java:initializeRule(172)) - Refreshed total pipeline count is 0, healthy pipeline threshold count is 1
2024-03-20 21:08:33,809 [be2411e5-a42d-476f-b25b-d7f87790d2c1@group-8B04330EF271-StateMachineUpdater] INFO  safemode.HealthyPipelineSafeModeRule (HealthyPipelineSafeModeRule.java:initializeRule(172)) - Refreshed total pipeline count is 0, healthy pipeline threshold count is 1
2024-03-20 21:08:33,810 [b12aa423-edbe-43b9-9e95-c7a538dfc443@group-8B04330EF271-StateMachineUpdater] INFO  safemode.HealthyPipelineSafeModeRule (HealthyPipelineSafeModeRule.java:initializeRule(172)) - Refreshed total pipeline count is 0, healthy pipeline threshold count is 1
2024-03-20 21:08:33,827 [main] INFO  utils.CertificateCodec (CertificateCodec.java:writeCertificate(299)) - Save certificate to /home/runner/work/ozone/ozone/hadoop-ozone/integration-test/target/test-dir/MiniOzoneClusterImpl-bb4c8f07-45f9-422c-bd0c-8b04330ef271/ozone-meta/datanode-1/meta/dn/certs/6.crt
2024-03-20 21:08:33,827 [main] INFO  utils.CertificateCodec (CertificateCodec.java:writeCertificate(300)) - Certificate -----BEGIN CERTIFICATE-----
MIIEJTCCAw2gAwIBAgIBBjANBgkqhkiG9w0BAQsFADCBhjEaMBgGA1UEAwwRc2Nt
LXN1YkBsb2NhbGhvc3QxLTArBgNVBAsMJDFiYTg3ZmJjLTQ1MmEtNDgzNi05NzY4
LWM2NWM2NzgzN2RmODEtMCsGA1UECgwkYmI0YzhmMDctNDVmOS00MjJjLWJkMGMt
OGIwNDMzMGVmMjcxMQowCAYDVQQFEwEyMB4XDTI0MDMyMDIxMDgzM1oXDTI1MDMy
MDIxMDgzM1owgbsxTzBNBgNVBAMMRnNjbUBmdi1hejEwNTMtNzQuMWU1NXdseWF2
b3Z1M21hNGZ5bGJhcWM0Z2QucGh4eC5pbnRlcm5hbC5jbG91ZGFwcC5uZXQxLTAr
BgNVBAsMJDFiYTg3ZmJjLTQ1MmEtNDgzNi05NzY4LWM2NWM2NzgzN2RmODEtMCsG
A1UECgwkYmI0YzhmMDctNDVmOS00MjJjLWJkMGMtOGIwNDMzMGVmMjcxMQowCAYD
VQQFEwE2MIIBIjANBgkqhkiG9w0BAQEFAAOCAQ8AMIIBCgKCAQEAwlDA0+gigUtD
AfVP2COkPO+ao3Eqfz8gJEHftpwmyrMGZLtDOZ2d8EebRO5X90ZkCutEpZ6zHR7q
7sIUopBSyB3JHyQk1x6ukpgGOpbIMxZJ4smgTtU2M0CsbmHlTE4ICVKOl/y8tbd/
dr+cuyR7/fb8fOiDZ8r2Rd0FQtyMBvhz/cHjXqGnXCt7OtgVYp3l0Pg5l8CWkQ3T
A/map+3OlcF6+LqNs1h6Kxj56MswGCjxxoofR+9ZYIQDDsuKOpJGc2XU442677Ay
swScKOqY6kF0yCIomxntq/rLHcI4cUKeK+tIwyqDeCjWaC80vjPLVqJF81DWKs3p
if/1ZqbBCwIDAQABo2cwZTBTBgNVHREETDBKhwQKAQAigkJmdi1hejEwNTMtNzQu
MWU1NXdseWF2b3Z1M21hNGZ5bGJhcWM0Z2QucGh4eC5pbnRlcm5hbC5jbG91ZGFw
cC5uZXQwDgYDVR0PAQH/BAQDAgO4MA0GCSqGSIb3DQEBCwUAA4IBAQB2lKhsbyDC
CoMzIPTlAhhrkyd2QNu00oyVDi0o8BkvbuMMXdLBLEwJHcrDKOCR3xXp2zEzagXg
JuLKq/nakRvee7ImhYeH5D+l0hBBRLiw2BKAM715CQUOZ42XkfrjiPS9j/DX16Q6
Q8NQ31D/+45hMCmDF601yoeIUkODPd25AhmC04/a1hQO+VqYWTIIifW4hOfZe6DC
YSwmfFaBwJVR/ADGMqKY8iTvkmUEXN7/wDKfFxGsdyIqW2ezdkU+AeJydGEpZu0U
GlJvz4HH6tfey7KfnPvJeIXttwmZFywC3YGQVmTZDMglnnE1cwd5Sq32ZRwF0tRD
aaM/FLW0E5Ru
-----END CERTIFICATE-----

-----BEGIN CERTIFICATE-----
MIIEADCCAuigAwIBAgIBAjANBgkqhkiG9w0BAQsFADCBhTEZMBcGA1UEAwwQc2Nt
QGZ2LWF6MTA1My03NDEtMCsGA1UECwwkMWJhODdmYmMtNDUyYS00ODM2LTk3Njgt
YzY1YzY3ODM3ZGY4MS0wKwYDVQQKDCRiYjRjOGYwNy00NWY5LTQyMmMtYmQwYy04
YjA0MzMwZWYyNzExCjAIBgNVBAUTATEwHhcNMjQwMzIwMjEwODEyWhcNMjkwNDI4
MjEwODEyWjCBhjEaMBgGA1UEAwwRc2NtLXN1YkBsb2NhbGhvc3QxLTArBgNVBAsM
JDFiYTg3ZmJjLTQ1MmEtNDgzNi05NzY4LWM2NWM2NzgzN2RmODEtMCsGA1UECgwk
YmI0YzhmMDctNDVmOS00MjJjLWJkMGMtOGIwNDMzMGVmMjcxMQowCAYDVQQFEwEy
MIIBIjANBgkqhkiG9w0BAQEFAAOCAQ8AMIIBCgKCAQEA0S4Oj5ZRvIrBT4rTfkNq
1T6GZ19TtIIPYGkmtebb+YlvQv0yVAua1i1y6faT/Tc5/OFe4mSkckK63rbhCvrq
TUYzWYvqXemH+hptdsjy7vz6uyodOBXiAHTTx97xSKb0qj0tdAyUkVnY+lFlZitT
aTRf/kB4DtLm0r3uaduHuEfCxJnlIBigujLytFw0iHJ9WcnQLD0DWrsQ0hWiSCr+
lNkDohB/BzlJ7eQtB2/tZi/zxFzi2IwszsqveUYrJ0H5QBgfi16dw1HrHdGmBjHR
WhYoIfOn4xNBVzi6/4SafXivum6i1zxh7qgu46EZocbTfvCHeq7mg/KZoeRFOLzZ
6QIDAQABo3gwdjBTBgNVHREETDBKhwQKAQAigkJmdi1hejEwNTMtNzQuMWU1NXds
eWF2b3Z1M21hNGZ5bGJhcWM0Z2QucGh4eC5pbnRlcm5hbC5jbG91ZGFwcC5uZXQw
DwYDVR0TAQH/BAUwAwEB/zAOBgNVHQ8BAf8EBAMCAb4wDQYJKoZIhvcNAQELBQAD
ggEBAFvNDT8Nkuadq/ZhVM6C/+8ZMWBtfeuJnmvA4h2jdQRcVt5u+fP/TR0OUcX+
U7hkZK1syvso4myGR0Y7dwoTrNiJPS5WzirxipBDIy4mKEL7uN2qr504PNj9S1DU
eKfYpW0iALsEcvy4S0eQfKG9qk46Wh01CVCL3iaBVyxO/k28sTkSM4aWdUKIeae7
Ko7ANdNPxA6QxnMPInPuPIfRYwckkzZxMgDw1xdN2+fz80bFxomE+xv2opSW7IUK
9Wwi2bVihPy2RPZ6pIUgVI65bT8Ezcb4suwSF0jBtAYz/V7TrU8sMCHauLek5bBq
3EgJVE2qTLUGXWCvckrVuVwDHms=
-----END CERTIFICATE-----

-----BEGIN CERTIFICATE-----
MIID/zCCAuegAwIBAgIBATANBgkqhkiG9w0BAQsFADCBhTEZMBcGA1UEAwwQc2Nt
QGZ2LWF6MTA1My03NDEtMCsGA1UECwwkMWJhODdmYmMtNDUyYS00ODM2LTk3Njgt
YzY1YzY3ODM3ZGY4MS0wKwYDVQQKDCRiYjRjOGYwNy00NWY5LTQyMmMtYmQwYy04
YjA0MzMwZWYyNzExCjAIBgNVBAUTATEwHhcNMjQwMzIwMjEwODEyWhcNMjkwNDI4
MjEwODEyWjCBhTEZMBcGA1UEAwwQc2NtQGZ2LWF6MTA1My03NDEtMCsGA1UECwwk
MWJhODdmYmMtNDUyYS00ODM2LTk3NjgtYzY1YzY3ODM3ZGY4MS0wKwYDVQQKDCRi
YjRjOGYwNy00NWY5LTQyMmMtYmQwYy04YjA0MzMwZWYyNzExCjAIBgNVBAUTATEw
ggEiMA0GCSqGSIb3DQEBAQUAA4IBDwAwggEKAoIBAQC/m2LgdUeuFIMf11f1imlJ
ntpXNSG/DAXbhJLInVrNBk9r/+QierA29eQ4BztXjKki+snZ7xcCnCMTQ4hMzD2I
hYfquZKgsxO5OFvDykvs5PKV/kb18GODRIpXoBHiELfOvtwLW6KPy2ftAe5IUO1H
aDknb8dfAKwjZ0Rlrs8lxA0ejWJ36Ys5RcrkS6Gl25OeARPysuEF8jbU/7oQiidJ
T53Mxanb22KmCIsHcLtsQ5bhQu4YIOaqi2cvMUfeu89996AjFrWXBdSFTQFiuIn6
Z3QSCOktXhltlJaRZpTkO/lo4FDeEbQdTEoKH56HZi381mbbefJmNDWdkISPWDQ/
AgMBAAGjeDB2MA8GA1UdEwEB/wQFMAMBAf8wDgYDVR0PAQH/BAQDAgEGMFMGA1Ud
EQRMMEqHBAoBACKCQmZ2LWF6MTA1My03NC4xZTU1d2x5YXZvdnUzbWE0ZnlsYmFx
YzRnZC5waHh4LmludGVybmFsLmNsb3VkYXBwLm5ldDANBgkqhkiG9w0BAQsFAAOC
AQEAiW+KGH2yWPzDgMIJUWsJcnTrIDzIs+IZTcx38oYdVSeE+ftuG/4idvpxB7Ob
GLr33mY/gmGkhQsuOSWFb0zMdcH5UZGUrQNUJ+5u+V/2C1ldylIRsRnfWjjIQYuV
8ZWJ8rCzB2Yj9jaWc2CsNNvwHk01Q29xqSypRKUHbYPvYDPFYs1/8Aq1BzSlrevZ
peYH4cVQTFmVfnSQG3DuvN7jQ+4GRZeJBXuDJKQDNadgan185Dz9vRgzsRMoLEiL
UdFP/+HeC0S1zHXqff9UlKDfGFC24BwvM4ku/bH6nr845BaT5Gyh6KzCSAyvPV1E
HatInUC4mAqYvqZHmUFIj3ldKA==
-----END CERTIFICATE-----

2024-03-20 21:08:33,833 [main] INFO  utils.CertificateCodec (CertificateCodec.java:writeCertificate(299)) - Save certificate to /home/runner/work/ozone/ozone/hadoop-ozone/integration-test/target/test-dir/MiniOzoneClusterImpl-bb4c8f07-45f9-422c-bd0c-8b04330ef271/ozone-meta/datanode-1/meta/dn/certs/CA-2.crt
2024-03-20 21:08:33,833 [main] INFO  utils.CertificateCodec (CertificateCodec.java:writeCertificate(300)) - Certificate -----BEGIN CERTIFICATE-----
MIIEADCCAuigAwIBAgIBAjANBgkqhkiG9w0BAQsFADCBhTEZMBcGA1UEAwwQc2Nt
QGZ2LWF6MTA1My03NDEtMCsGA1UECwwkMWJhODdmYmMtNDUyYS00ODM2LTk3Njgt
YzY1YzY3ODM3ZGY4MS0wKwYDVQQKDCRiYjRjOGYwNy00NWY5LTQyMmMtYmQwYy04
YjA0MzMwZWYyNzExCjAIBgNVBAUTATEwHhcNMjQwMzIwMjEwODEyWhcNMjkwNDI4
MjEwODEyWjCBhjEaMBgGA1UEAwwRc2NtLXN1YkBsb2NhbGhvc3QxLTArBgNVBAsM
JDFiYTg3ZmJjLTQ1MmEtNDgzNi05NzY4LWM2NWM2NzgzN2RmODEtMCsGA1UECgwk
YmI0YzhmMDctNDVmOS00MjJjLWJkMGMtOGIwNDMzMGVmMjcxMQowCAYDVQQFEwEy
MIIBIjANBgkqhkiG9w0BAQEFAAOCAQ8AMIIBCgKCAQEA0S4Oj5ZRvIrBT4rTfkNq
1T6GZ19TtIIPYGkmtebb+YlvQv0yVAua1i1y6faT/Tc5/OFe4mSkckK63rbhCvrq
TUYzWYvqXemH+hptdsjy7vz6uyodOBXiAHTTx97xSKb0qj0tdAyUkVnY+lFlZitT
aTRf/kB4DtLm0r3uaduHuEfCxJnlIBigujLytFw0iHJ9WcnQLD0DWrsQ0hWiSCr+
lNkDohB/BzlJ7eQtB2/tZi/zxFzi2IwszsqveUYrJ0H5QBgfi16dw1HrHdGmBjHR
WhYoIfOn4xNBVzi6/4SafXivum6i1zxh7qgu46EZocbTfvCHeq7mg/KZoeRFOLzZ
6QIDAQABo3gwdjBTBgNVHREETDBKhwQKAQAigkJmdi1hejEwNTMtNzQuMWU1NXds
eWF2b3Z1M21hNGZ5bGJhcWM0Z2QucGh4eC5pbnRlcm5hbC5jbG91ZGFwcC5uZXQw
DwYDVR0TAQH/BAUwAwEB/zAOBgNVHQ8BAf8EBAMCAb4wDQYJKoZIhvcNAQELBQAD
ggEBAFvNDT8Nkuadq/ZhVM6C/+8ZMWBtfeuJnmvA4h2jdQRcVt5u+fP/TR0OUcX+
U7hkZK1syvso4myGR0Y7dwoTrNiJPS5WzirxipBDIy4mKEL7uN2qr504PNj9S1DU
eKfYpW0iALsEcvy4S0eQfKG9qk46Wh01CVCL3iaBVyxO/k28sTkSM4aWdUKIeae7
Ko7ANdNPxA6QxnMPInPuPIfRYwckkzZxMgDw1xdN2+fz80bFxomE+xv2opSW7IUK
9Wwi2bVihPy2RPZ6pIUgVI65bT8Ezcb4suwSF0jBtAYz/V7TrU8sMCHauLek5bBq
3EgJVE2qTLUGXWCvckrVuVwDHms=
-----END CERTIFICATE-----

-----BEGIN CERTIFICATE-----
MIID/zCCAuegAwIBAgIBATANBgkqhkiG9w0BAQsFADCBhTEZMBcGA1UEAwwQc2Nt
QGZ2LWF6MTA1My03NDEtMCsGA1UECwwkMWJhODdmYmMtNDUyYS00ODM2LTk3Njgt
YzY1YzY3ODM3ZGY4MS0wKwYDVQQKDCRiYjRjOGYwNy00NWY5LTQyMmMtYmQwYy04
YjA0MzMwZWYyNzExCjAIBgNVBAUTATEwHhcNMjQwMzIwMjEwODEyWhcNMjkwNDI4
MjEwODEyWjCBhTEZMBcGA1UEAwwQc2NtQGZ2LWF6MTA1My03NDEtMCsGA1UECwwk
MWJhODdmYmMtNDUyYS00ODM2LTk3NjgtYzY1YzY3ODM3ZGY4MS0wKwYDVQQKDCRi
YjRjOGYwNy00NWY5LTQyMmMtYmQwYy04YjA0MzMwZWYyNzExCjAIBgNVBAUTATEw
ggEiMA0GCSqGSIb3DQEBAQUAA4IBDwAwggEKAoIBAQC/m2LgdUeuFIMf11f1imlJ
ntpXNSG/DAXbhJLInVrNBk9r/+QierA29eQ4BztXjKki+snZ7xcCnCMTQ4hMzD2I
hYfquZKgsxO5OFvDykvs5PKV/kb18GODRIpXoBHiELfOvtwLW6KPy2ftAe5IUO1H
aDknb8dfAKwjZ0Rlrs8lxA0ejWJ36Ys5RcrkS6Gl25OeARPysuEF8jbU/7oQiidJ
T53Mxanb22KmCIsHcLtsQ5bhQu4YIOaqi2cvMUfeu89996AjFrWXBdSFTQFiuIn6
Z3QSCOktXhltlJaRZpTkO/lo4FDeEbQdTEoKH56HZi381mbbefJmNDWdkISPWDQ/
AgMBAAGjeDB2MA8GA1UdEwEB/wQFMAMBAf8wDgYDVR0PAQH/BAQDAgEGMFMGA1Ud
EQRMMEqHBAoBACKCQmZ2LWF6MTA1My03NC4xZTU1d2x5YXZvdnUzbWE0ZnlsYmFx
YzRnZC5waHh4LmludGVybmFsLmNsb3VkYXBwLm5ldDANBgkqhkiG9w0BAQsFAAOC
AQEAiW+KGH2yWPzDgMIJUWsJcnTrIDzIs+IZTcx38oYdVSeE+ftuG/4idvpxB7Ob
GLr33mY/gmGkhQsuOSWFb0zMdcH5UZGUrQNUJ+5u+V/2C1ldylIRsRnfWjjIQYuV
8ZWJ8rCzB2Yj9jaWc2CsNNvwHk01Q29xqSypRKUHbYPvYDPFYs1/8Aq1BzSlrevZ
peYH4cVQTFmVfnSQG3DuvN7jQ+4GRZeJBXuDJKQDNadgan185Dz9vRgzsRMoLEiL
UdFP/+HeC0S1zHXqff9UlKDfGFC24BwvM4ku/bH6nr845BaT5Gyh6KzCSAyvPV1E
HatInUC4mAqYvqZHmUFIj3ldKA==
-----END CERTIFICATE-----

2024-03-20 21:08:33,838 [IPC Server handler 1 on default port 15002] INFO  client.SCMCertificateClient (DefaultCertificateClient.java:getAllRootCaCerts(973)) - scm/sub-ca has 0 Root CA certificates
2024-03-20 21:08:33,838 [IPC Server handler 1 on default port 15002] INFO  client.SCMCertificateClient (DefaultCertificateClient.java:getAllCaCerts(981)) - scm/sub-ca has 1 CA certificates
2024-03-20 21:08:33,839 [main] INFO  utils.CertificateCodec (CertificateCodec.java:writeCertificate(299)) - Save certificate to /home/runner/work/ozone/ozone/hadoop-ozone/integration-test/target/test-dir/MiniOzoneClusterImpl-bb4c8f07-45f9-422c-bd0c-8b04330ef271/ozone-meta/datanode-1/meta/dn/certs/ROOTCA-1.crt
2024-03-20 21:08:33,839 [main] INFO  utils.CertificateCodec (CertificateCodec.java:writeCertificate(300)) - Certificate -----BEGIN CERTIFICATE-----
MIID/zCCAuegAwIBAgIBATANBgkqhkiG9w0BAQsFADCBhTEZMBcGA1UEAwwQc2Nt
QGZ2LWF6MTA1My03NDEtMCsGA1UECwwkMWJhODdmYmMtNDUyYS00ODM2LTk3Njgt
YzY1YzY3ODM3ZGY4MS0wKwYDVQQKDCRiYjRjOGYwNy00NWY5LTQyMmMtYmQwYy04
YjA0MzMwZWYyNzExCjAIBgNVBAUTATEwHhcNMjQwMzIwMjEwODEyWhcNMjkwNDI4
MjEwODEyWjCBhTEZMBcGA1UEAwwQc2NtQGZ2LWF6MTA1My03NDEtMCsGA1UECwwk
MWJhODdmYmMtNDUyYS00ODM2LTk3NjgtYzY1YzY3ODM3ZGY4MS0wKwYDVQQKDCRi
YjRjOGYwNy00NWY5LTQyMmMtYmQwYy04YjA0MzMwZWYyNzExCjAIBgNVBAUTATEw
ggEiMA0GCSqGSIb3DQEBAQUAA4IBDwAwggEKAoIBAQC/m2LgdUeuFIMf11f1imlJ
ntpXNSG/DAXbhJLInVrNBk9r/+QierA29eQ4BztXjKki+snZ7xcCnCMTQ4hMzD2I
hYfquZKgsxO5OFvDykvs5PKV/kb18GODRIpXoBHiELfOvtwLW6KPy2ftAe5IUO1H
aDknb8dfAKwjZ0Rlrs8lxA0ejWJ36Ys5RcrkS6Gl25OeARPysuEF8jbU/7oQiidJ
T53Mxanb22KmCIsHcLtsQ5bhQu4YIOaqi2cvMUfeu89996AjFrWXBdSFTQFiuIn6
Z3QSCOktXhltlJaRZpTkO/lo4FDeEbQdTEoKH56HZi381mbbefJmNDWdkISPWDQ/
AgMBAAGjeDB2MA8GA1UdEwEB/wQFMAMBAf8wDgYDVR0PAQH/BAQDAgEGMFMGA1Ud
EQRMMEqHBAoBACKCQmZ2LWF6MTA1My03NC4xZTU1d2x5YXZvdnUzbWE0ZnlsYmFx
YzRnZC5waHh4LmludGVybmFsLmNsb3VkYXBwLm5ldDANBgkqhkiG9w0BAQsFAAOC
AQEAiW+KGH2yWPzDgMIJUWsJcnTrIDzIs+IZTcx38oYdVSeE+ftuG/4idvpxB7Ob
GLr33mY/gmGkhQsuOSWFb0zMdcH5UZGUrQNUJ+5u+V/2C1ldylIRsRnfWjjIQYuV
8ZWJ8rCzB2Yj9jaWc2CsNNvwHk01Q29xqSypRKUHbYPvYDPFYs1/8Aq1BzSlrevZ
peYH4cVQTFmVfnSQG3DuvN7jQ+4GRZeJBXuDJKQDNadgan185Dz9vRgzsRMoLEiL
UdFP/+HeC0S1zHXqff9UlKDfGFC24BwvM4ku/bH6nr845BaT5Gyh6KzCSAyvPV1E
HatInUC4mAqYvqZHmUFIj3ldKA==
-----END CERTIFICATE-----

2024-03-20 21:08:33,840 [main] INFO  client.DNCertificateClient (DefaultCertificateClient.java:updateCertSerialId(1313)) - Certificate serial ID set to 6
2024-03-20 21:08:33,840 [main] INFO  client.DNCertificateClient (DefaultCertificateClient.java:readCertificateFile(248)) - Added certificate 6 from file: /home/runner/work/ozone/ozone/hadoop-ozone/integration-test/target/test-dir/MiniOzoneClusterImpl-bb4c8f07-45f9-422c-bd0c-8b04330ef271/ozone-meta/datanode-1/meta/dn/certs/6.crt.
2024-03-20 21:08:33,841 [main] INFO  client.DNCertificateClient (DefaultCertificateClient.java:readCertificateFile(248)) - Added certificate 1 from file: /home/runner/work/ozone/ozone/hadoop-ozone/integration-test/target/test-dir/MiniOzoneClusterImpl-bb4c8f07-45f9-422c-bd0c-8b04330ef271/ozone-meta/datanode-1/meta/dn/certs/ROOTCA-1.crt.
2024-03-20 21:08:33,842 [main] INFO  client.DNCertificateClient (DefaultCertificateClient.java:readCertificateFile(248)) - Added certificate 2 from file: /home/runner/work/ozone/ozone/hadoop-ozone/integration-test/target/test-dir/MiniOzoneClusterImpl-bb4c8f07-45f9-422c-bd0c-8b04330ef271/ozone-meta/datanode-1/meta/dn/certs/CA-2.crt.
2024-03-20 21:08:33,844 [main] INFO  client.DNCertificateClient (DefaultCertificateClient.java:startCertificateRenewerService(1418)) - CertificateRenewerService for dn is started with first delay 29116799158 ms and interval 86400000 ms.
2024-03-20 21:08:33,844 [main] INFO  client.DNCertificateClient (DefaultCertificateClient.java:updateCertSerialId(1313)) - Certificate serial ID set to 6
2024-03-20 21:08:33,845 [main] INFO  client.DNCertificateClient (DefaultCertificateClient.java:readCertificateFile(248)) - Added certificate 6 from file: /home/runner/work/ozone/ozone/hadoop-ozone/integration-test/target/test-dir/MiniOzoneClusterImpl-bb4c8f07-45f9-422c-bd0c-8b04330ef271/ozone-meta/datanode-1/meta/dn/certs/6.crt.
2024-03-20 21:08:33,845 [main] INFO  client.DNCertificateClient (DefaultCertificateClient.java:readCertificateFile(248)) - Added certificate 1 from file: /home/runner/work/ozone/ozone/hadoop-ozone/integration-test/target/test-dir/MiniOzoneClusterImpl-bb4c8f07-45f9-422c-bd0c-8b04330ef271/ozone-meta/datanode-1/meta/dn/certs/ROOTCA-1.crt.
2024-03-20 21:08:33,848 [main] INFO  client.DNCertificateClient (DefaultCertificateClient.java:readCertificateFile(248)) - Added certificate 2 from file: /home/runner/work/ozone/ozone/hadoop-ozone/integration-test/target/test-dir/MiniOzoneClusterImpl-bb4c8f07-45f9-422c-bd0c-8b04330ef271/ozone-meta/datanode-1/meta/dn/certs/CA-2.crt.
2024-03-20 21:08:33,908 [main] INFO  client.DNCertificateClient (DefaultCertificateClient.java:recoverStateIfNeeded(815)) - Successfully stored DN signed certificate, case:GETCERT.
2024-03-20 21:08:33,909 [main] INFO  ha.SCMNodeInfo (SCMNodeInfo.java:getPort(197)) - ConfigKey ozone.scm.client.address is deprecated, For configuring different ports for each SCM use PortConfigKey ozone.scm.client.port appended with serviceId and nodeId
2024-03-20 21:08:33,909 [main] INFO  ha.SCMNodeInfo (SCMNodeInfo.java:getPort(197)) - ConfigKey ozone.scm.block.client.address is deprecated, For configuring different ports for each SCM use PortConfigKey ozone.scm.block.client.port appended with serviceId and nodeId
2024-03-20 21:08:33,909 [main] INFO  ha.SCMNodeInfo (SCMNodeInfo.java:getPort(197)) - ConfigKey ozone.scm.security.service.address is deprecated, For configuring different ports for each SCM use PortConfigKey ozone.scm.security.service.port appended with serviceId and nodeId
2024-03-20 21:08:33,909 [main] INFO  ha.SCMNodeInfo (SCMNodeInfo.java:getPort(197)) - ConfigKey ozone.scm.datanode.address is deprecated, For configuring different ports for each SCM use PortConfigKey ozone.scm.datanode.port appended with serviceId and nodeId
2024-03-20 21:08:33,909 [main] INFO  ha.SCMNodeInfo (SCMNodeInfo.java:getPort(197)) - ConfigKey ozone.scm.client.address is deprecated, For configuring different ports for each SCM use PortConfigKey ozone.scm.client.port appended with serviceId and nodeId
2024-03-20 21:08:33,909 [main] INFO  ha.SCMNodeInfo (SCMNodeInfo.java:getPort(197)) - ConfigKey ozone.scm.block.client.address is deprecated, For configuring different ports for each SCM use PortConfigKey ozone.scm.block.client.port appended with serviceId and nodeId
2024-03-20 21:08:33,909 [main] INFO  ha.SCMNodeInfo (SCMNodeInfo.java:getPort(197)) - ConfigKey ozone.scm.security.service.address is deprecated, For configuring different ports for each SCM use PortConfigKey ozone.scm.security.service.port appended with serviceId and nodeId
2024-03-20 21:08:33,910 [main] INFO  ha.SCMNodeInfo (SCMNodeInfo.java:getPort(197)) - ConfigKey ozone.scm.datanode.address is deprecated, For configuring different ports for each SCM use PortConfigKey ozone.scm.datanode.port appended with serviceId and nodeId
2024-03-20 21:08:33,910 [main] INFO  ha.SCMNodeInfo (SCMNodeInfo.java:getPort(197)) - ConfigKey ozone.scm.client.address is deprecated, For configuring different ports for each SCM use PortConfigKey ozone.scm.client.port appended with serviceId and nodeId
2024-03-20 21:08:33,910 [main] INFO  ha.SCMNodeInfo (SCMNodeInfo.java:getPort(197)) - ConfigKey ozone.scm.block.client.address is deprecated, For configuring different ports for each SCM use PortConfigKey ozone.scm.block.client.port appended with serviceId and nodeId
2024-03-20 21:08:33,910 [main] INFO  ha.SCMNodeInfo (SCMNodeInfo.java:getPort(197)) - ConfigKey ozone.scm.security.service.address is deprecated, For configuring different ports for each SCM use PortConfigKey ozone.scm.security.service.port appended with serviceId and nodeId
2024-03-20 21:08:33,910 [main] INFO  ha.SCMNodeInfo (SCMNodeInfo.java:getPort(197)) - ConfigKey ozone.scm.datanode.address is deprecated, For configuring different ports for each SCM use PortConfigKey ozone.scm.datanode.port appended with serviceId and nodeId
2024-03-20 21:08:33,913 [main] INFO  symmetric.DefaultSecretKeyVerifierClient (DefaultSecretKeyVerifierClient.java:<init>(77)) - Initializing secret key cache with size 8, TTL PT3S
2024-03-20 21:08:33,918 [Socket Reader #1 for port 15002] INFO  ipc.Server (Server.java:saslProcess(2139)) - Auth successful for scm/fv-az1053-74.1e55wlyavovu3ma4fylbaqc4gd.phxx.internal.cloudapp.net@EXAMPLE.COM (auth:KERBEROS) from fv-az1053-74.1e55wlyavovu3ma4fylbaqc4gd.phxx.internal.cloudapp.net:37165 / 10.1.0.34:37165
2024-03-20 21:08:33,924 [Socket Reader #1 for port 15002] INFO  authorize.ServiceAuthorizationManager (ServiceAuthorizationManager.java:authorize(137)) - Authorization successful for scm/fv-az1053-74.1e55wlyavovu3ma4fylbaqc4gd.phxx.internal.cloudapp.net@EXAMPLE.COM (auth:KERBEROS) for protocol=interface org.apache.hadoop.hdds.protocol.SecretKeyProtocolDatanode
2024-03-20 21:08:33,926 [main] INFO  symmetric.DefaultSecretKeySignerClient (DefaultSecretKeySignerClient.java:start(84)) - Initial secret key fetched from SCM: SecretKey(id = 6212e3bb-d7af-4548-9cc5-e8acc18af7ff, creation at: 2024-03-20T21:08:33.272Z, expire at: 2024-03-20T21:08:36.272Z).
2024-03-20 21:08:33,926 [main] INFO  symmetric.DefaultSecretKeySignerClient (DefaultSecretKeySignerClient.java:scheduleSecretKeyPoller(150)) - Scheduling SecretKeyPoller with initial delay of PT0.346S and interval of PT0.1S
2024-03-20 21:08:33,931 [main] INFO  upgrade.AbstractLayoutVersionManager (AbstractLayoutVersionManager.java:init(83)) - Initializing Layout version manager with metadata layout = HADOOP_PRC_PORTS_IN_DATANODEDETAILS (version = 7), software layout = HADOOP_PRC_PORTS_IN_DATANODEDETAILS (version = 7)
2024-03-20 21:08:33,933 [main] INFO  ha.SCMNodeInfo (SCMNodeInfo.java:getPort(197)) - ConfigKey ozone.scm.client.address is deprecated, For configuring different ports for each SCM use PortConfigKey ozone.scm.client.port appended with serviceId and nodeId
2024-03-20 21:08:33,934 [main] INFO  ha.SCMNodeInfo (SCMNodeInfo.java:getPort(197)) - ConfigKey ozone.scm.block.client.address is deprecated, For configuring different ports for each SCM use PortConfigKey ozone.scm.block.client.port appended with serviceId and nodeId
2024-03-20 21:08:33,934 [main] INFO  ha.SCMNodeInfo (SCMNodeInfo.java:getPort(197)) - ConfigKey ozone.scm.security.service.address is deprecated, For configuring different ports for each SCM use PortConfigKey ozone.scm.security.service.port appended with serviceId and nodeId
2024-03-20 21:08:33,934 [main] INFO  ha.SCMNodeInfo (SCMNodeInfo.java:getPort(197)) - ConfigKey ozone.scm.datanode.address is deprecated, For configuring different ports for each SCM use PortConfigKey ozone.scm.datanode.port appended with serviceId and nodeId
2024-03-20 21:08:33,934 [main] INFO  ha.SCMNodeInfo (SCMNodeInfo.java:getPort(197)) - ConfigKey ozone.scm.client.address is deprecated, For configuring different ports for each SCM use PortConfigKey ozone.scm.client.port appended with serviceId and nodeId
2024-03-20 21:08:33,934 [main] INFO  ha.SCMNodeInfo (SCMNodeInfo.java:getPort(197)) - ConfigKey ozone.scm.block.client.address is deprecated, For configuring different ports for each SCM use PortConfigKey ozone.scm.block.client.port appended with serviceId and nodeId
2024-03-20 21:08:33,934 [main] INFO  ha.SCMNodeInfo (SCMNodeInfo.java:getPort(197)) - ConfigKey ozone.scm.security.service.address is deprecated, For configuring different ports for each SCM use PortConfigKey ozone.scm.security.service.port appended with serviceId and nodeId
2024-03-20 21:08:33,934 [main] INFO  ha.SCMNodeInfo (SCMNodeInfo.java:getPort(197)) - ConfigKey ozone.scm.datanode.address is deprecated, For configuring different ports for each SCM use PortConfigKey ozone.scm.datanode.port appended with serviceId and nodeId
2024-03-20 21:08:33,935 [main] INFO  ha.SCMNodeInfo (SCMNodeInfo.java:getPort(197)) - ConfigKey ozone.scm.client.address is deprecated, For configuring different ports for each SCM use PortConfigKey ozone.scm.client.port appended with serviceId and nodeId
2024-03-20 21:08:33,935 [main] INFO  ha.SCMNodeInfo (SCMNodeInfo.java:getPort(197)) - ConfigKey ozone.scm.block.client.address is deprecated, For configuring different ports for each SCM use PortConfigKey ozone.scm.block.client.port appended with serviceId and nodeId
2024-03-20 21:08:33,935 [main] INFO  ha.SCMNodeInfo (SCMNodeInfo.java:getPort(197)) - ConfigKey ozone.scm.security.service.address is deprecated, For configuring different ports for each SCM use PortConfigKey ozone.scm.security.service.port appended with serviceId and nodeId
2024-03-20 21:08:33,935 [main] INFO  ha.SCMNodeInfo (SCMNodeInfo.java:getPort(197)) - ConfigKey ozone.scm.datanode.address is deprecated, For configuring different ports for each SCM use PortConfigKey ozone.scm.datanode.port appended with serviceId and nodeId
2024-03-20 21:08:33,935 [main] INFO  statemachine.DatanodeStateMachine (DatanodeStateMachine.java:getEndPointTaskThreadPoolSize(299)) - Datanode State Machine Task Thread Pool size 4
2024-03-20 21:08:33,985 [main] INFO  volume.HddsVolume (HddsVolume.java:<init>(125)) - Creating HddsVolume: /home/runner/work/ozone/ozone/hadoop-ozone/integration-test/target/test-dir/MiniOzoneClusterImpl-bb4c8f07-45f9-422c-bd0c-8b04330ef271/ozone-meta/datanode-1/data-0/hdds of storage type : DISK capacity : 9223372036854775807
2024-03-20 21:08:33,987 [main] INFO  volume.MutableVolumeSet (MutableVolumeSet.java:initializeVolumeSet(173)) - Added Volume : /home/runner/work/ozone/ozone/hadoop-ozone/integration-test/target/test-dir/MiniOzoneClusterImpl-bb4c8f07-45f9-422c-bd0c-8b04330ef271/ozone-meta/datanode-1/data-0/hdds to VolumeSet
2024-03-20 21:08:33,990 [main] INFO  volume.MutableVolumeSet (MutableVolumeSet.java:initializeVolumeSet(173)) - Added Volume : /home/runner/work/ozone/ozone/hadoop-ozone/integration-test/target/test-dir/MiniOzoneClusterImpl-bb4c8f07-45f9-422c-bd0c-8b04330ef271/ozone-meta/datanode-1/ratis to VolumeSet
2024-03-20 21:08:33,995 [main] INFO  ozoneimpl.OzoneContainer (HddsVolumeUtil.java:loadAllHddsVolumeDbStore(103)) - Load 1 volumes DbStore cost: 2ms
2024-03-20 21:08:34,040 [main] INFO  audit.AuditLogger (AuditLogger.java:refreshDebugCmdSet(135)) - Refresh DebugCmdSet for DNAudit to [].
2024-03-20 21:08:34,067 [main] INFO  server.RaftServer (ConfUtils.java:logGet(46)) - raft.rpc.type = GRPC (default)
2024-03-20 21:08:34,068 [main] INFO  grpc.GrpcConfigKeys (ConfUtils.java:logFallback(53)) - raft.grpc.admin.host = null (fallback to raft.grpc.server.host)
2024-03-20 21:08:34,068 [main] INFO  grpc.GrpcConfigKeys (ConfUtils.java:logGet(46)) - raft.grpc.admin.port = 15045 (custom)
2024-03-20 21:08:34,068 [main] INFO  grpc.GrpcConfigKeys (ConfUtils.java:logFallback(53)) - raft.grpc.client.host = null (fallback to raft.grpc.server.host)
2024-03-20 21:08:34,068 [main] INFO  grpc.GrpcConfigKeys (ConfUtils.java:logGet(46)) - raft.grpc.client.port = 15044 (custom)
2024-03-20 21:08:34,069 [main] INFO  grpc.GrpcConfigKeys (ConfUtils.java:logGet(46)) - raft.grpc.server.host = null (default)
2024-03-20 21:08:34,069 [main] INFO  grpc.GrpcConfigKeys (ConfUtils.java:logGet(46)) - raft.grpc.server.port = 15046 (custom)
2024-03-20 21:08:34,069 [main] INFO  server.GrpcService (ConfUtils.java:logGet(46)) - raft.grpc.message.size.max = 32MB (=33554432) (custom)
2024-03-20 21:08:34,069 [main] INFO  server.RaftServerConfigKeys (ConfUtils.java:logGet(46)) - raft.server.log.appender.buffer.byte-limit = 8388608 (custom)
2024-03-20 21:08:34,069 [main] INFO  server.GrpcService (ConfUtils.java:logGet(46)) - raft.grpc.flow.control.window = 5MB (=5242880) (custom)
2024-03-20 21:08:34,069 [main] INFO  server.RaftServerConfigKeys (ConfUtils.java:logGet(46)) - raft.server.rpc.request.timeout = 60s (custom)
2024-03-20 21:08:34,070 [main] INFO  grpc.GrpcConfigKeys (ConfUtils.java:logGet(46)) - raft.grpc.server.heartbeat.channel = true (default)
2024-03-20 21:08:34,070 [main] INFO  grpc.GrpcConfigKeys (ConfUtils.java:logGet(46)) - raft.grpc.server.async.request.thread.pool.cached = true (default)
2024-03-20 21:08:34,070 [main] INFO  grpc.GrpcConfigKeys (ConfUtils.java:logGet(46)) - raft.grpc.server.async.request.thread.pool.size = 32 (default)
2024-03-20 21:08:34,072 [main] INFO  impl.DataStreamServerImpl (ConfUtils.java:logGet(46)) - raft.datastream.type = NETTY (custom)
2024-03-20 21:08:34,082 [main] INFO  server.RaftServerConfigKeys (ConfUtils.java:logGet(46)) - raft.server.data-stream.async.request.thread.pool.cached = false (default)
2024-03-20 21:08:34,082 [main] INFO  server.RaftServerConfigKeys (ConfUtils.java:logGet(46)) - raft.server.data-stream.async.request.thread.pool.size = 20 (custom)
2024-03-20 21:08:34,082 [main] INFO  server.RaftServerConfigKeys (ConfUtils.java:logGet(46)) - raft.server.data-stream.async.write.thread.pool.size = 16 (default)
2024-03-20 21:08:34,083 [main] INFO  netty.NettyConfigKeys$DataStream (ConfUtils.java:logGet(46)) - raft.netty.dataStream.server.channel.inactive.grace-period = 10min (default)
2024-03-20 21:08:34,084 [main] INFO  server.RaftServerConfigKeys (ConfUtils.java:logGet(46)) - raft.server.data-stream.client.pool.size = 10 (default)
2024-03-20 21:08:34,085 [main] INFO  netty.NettyConfigKeys$DataStream (ConfUtils.java:logGet(46)) - raft.netty.dataStream.server.use-epoll = true (default)
2024-03-20 21:08:34,086 [main] INFO  netty.NettyConfigKeys$DataStream (ConfUtils.java:logGet(46)) - raft.netty.dataStream.server.boss-group.size = 0 (default)
2024-03-20 21:08:34,087 [main] INFO  netty.NettyUtils (NettyUtils.java:newEventLoopGroup(69)) - Create EpollEventLoopGroup for bf0d52d7-dce2-4f08-b148-c0add6164c5c-NettyServerStreamRpc-bossGroup; Thread size is 0.
2024-03-20 21:08:34,087 [main] INFO  netty.NettyConfigKeys$DataStream (ConfUtils.java:logGet(46)) - raft.netty.dataStream.server.worker-group.size = 0 (default)
2024-03-20 21:08:34,088 [main] INFO  netty.NettyUtils (NettyUtils.java:newEventLoopGroup(69)) - Create EpollEventLoopGroup for bf0d52d7-dce2-4f08-b148-c0add6164c5c-NettyServerStreamRpc-workerGroup; Thread size is 0.
2024-03-20 21:08:34,088 [main] INFO  netty.NettyConfigKeys$DataStream (ConfUtils.java:logGet(46)) - raft.netty.dataStream.server.tls.conf = null (default)
2024-03-20 21:08:34,090 [main] INFO  netty.NettyConfigKeys$DataStream (ConfUtils.java:logGet(46)) - raft.netty.dataStream.host = null (default)
2024-03-20 21:08:34,090 [main] INFO  netty.NettyConfigKeys$DataStream (ConfUtils.java:logGet(46)) - raft.netty.dataStream.port = 15047 (custom)
2024-03-20 21:08:34,095 [main] INFO  server.RaftServerConfigKeys (ConfUtils.java:logGet(46)) - raft.server.sleep.deviation.threshold = 300ms (default)
2024-03-20 21:08:34,095 [main] INFO  server.RaftServerConfigKeys (ConfUtils.java:logGet(46)) - raft.server.close.threshold = 60s (default)
2024-03-20 21:08:34,095 [main] INFO  server.RaftServerConfigKeys (ConfUtils.java:logGet(46)) - raft.server.leaderelection.leader.step-down.wait-time = 10s (default)
2024-03-20 21:08:34,095 [main] INFO  server.RaftServerConfigKeys (ConfUtils.java:logGet(46)) - raft.server.storage.dir = [/home/runner/work/ozone/ozone/hadoop-ozone/integration-test/target/test-dir/MiniOzoneClusterImpl-bb4c8f07-45f9-422c-bd0c-8b04330ef271/ozone-meta/datanode-1/ratis] (custom)
2024-03-20 21:08:34,095 [main] INFO  server.RaftServerConfigKeys (ConfUtils.java:logGet(46)) - raft.server.threadpool.proxy.cached = true (default)
2024-03-20 21:08:34,096 [main] INFO  server.RaftServerConfigKeys (ConfUtils.java:logGet(46)) - raft.server.threadpool.proxy.size = 0 (default)
2024-03-20 21:08:34,096 [bf0d52d7-dce2-4f08-b148-c0add6164c5c-impl-thread1] INFO  server.RaftServer (RaftServerProxy.java:initGroupDir(264)) - bf0d52d7-dce2-4f08-b148-c0add6164c5c: found a subdirectory /home/runner/work/ozone/ozone/hadoop-ozone/integration-test/target/test-dir/MiniOzoneClusterImpl-bb4c8f07-45f9-422c-bd0c-8b04330ef271/ozone-meta/datanode-1/ratis/tmp
2024-03-20 21:08:34,097 [bf0d52d7-dce2-4f08-b148-c0add6164c5c-impl-thread1] INFO  server.RaftServer (RaftServerProxy.java:initGroupDir(269)) - bf0d52d7-dce2-4f08-b148-c0add6164c5c: The directory /home/runner/work/ozone/ozone/hadoop-ozone/integration-test/target/test-dir/MiniOzoneClusterImpl-bb4c8f07-45f9-422c-bd0c-8b04330ef271/ozone-meta/datanode-1/ratis/tmp is not a group directory; ignoring it. 
2024-03-20 21:08:34,101 [main] INFO  replication.ReplicationServer (ReplicationServer.java:<init>(86)) - Initializing replication server with thread count = 10 queue length = 4096
2024-03-20 21:08:34,102 [bf0d52d7-dce2-4f08-b148-c0add6164c5c-NettyServerStreamRpc-bossGroup--thread1] INFO  logging.LoggingHandler (AbstractInternalLogger.java:log(148)) - [id: 0x261f1751] REGISTERED
2024-03-20 21:08:34,102 [bf0d52d7-dce2-4f08-b148-c0add6164c5c-NettyServerStreamRpc-bossGroup--thread1] INFO  logging.LoggingHandler (AbstractInternalLogger.java:log(148)) - [id: 0x261f1751] BIND: 0.0.0.0/0.0.0.0:15047
2024-03-20 21:08:34,102 [bf0d52d7-dce2-4f08-b148-c0add6164c5c-NettyServerStreamRpc-bossGroup--thread1] INFO  logging.LoggingHandler (AbstractInternalLogger.java:log(148)) - [id: 0x261f1751, L:/0.0.0.0:15047] ACTIVE
2024-03-20 21:08:34,122 [main] INFO  server.XceiverServerGrpc (XceiverServerGrpc.java:<init>(141)) - GrpcServer channel type EpollServerSocketChannel
2024-03-20 21:08:34,226 [main] INFO  replication.ReplicationSupervisor (ReplicationSupervisor.java:build(163)) - Initializing replication supervisor with thread count = 10
2024-03-20 21:08:34,227 [main] INFO  replication.ReplicationSupervisor (ReplicationSupervisor.java:nodeStateUpdated(317)) - Node state updated to IN_SERVICE, scaling executor pool size to 10
2024-03-20 21:08:34,234 [main] INFO  client.ClientTrustManager (ClientTrustManager.java:loadCerts(148)) - Loading certificates for client.
2024-03-20 21:08:34,272 [scmNode-1-SecretKeyManagerService] INFO  symmetric.SecretKeyManager (SecretKeyManager.java:checkAndRotate(125)) - SecretKey rotation is happening, new key generated SecretKey(id = 76586aaa-b579-4887-b3f3-f14dd5ee78ac, creation at: 2024-03-20T21:08:34.272Z, expire at: 2024-03-20T21:08:37.272Z)
2024-03-20 21:08:34,281 [1ba87fbc-452a-4836-9768-c65c67837df8@group-8B04330EF271-StateMachineUpdater] INFO  symmetric.SecretKeyStateImpl (SecretKeyStateImpl.java:updateKeysInternal(113)) - Updating keys with [SecretKey(id = 6212e3bb-d7af-4548-9cc5-e8acc18af7ff, creation at: 2024-03-20T21:08:33.272Z, expire at: 2024-03-20T21:08:36.272Z), SecretKey(id = f137fd3b-35b1-4657-9c9c-4f11f41b3bed, creation at: 2024-03-20T21:08:32.272Z, expire at: 2024-03-20T21:08:35.272Z), SecretKey(id = 76586aaa-b579-4887-b3f3-f14dd5ee78ac, creation at: 2024-03-20T21:08:34.272Z, expire at: 2024-03-20T21:08:37.272Z)]
2024-03-20 21:08:34,281 [1ba87fbc-452a-4836-9768-c65c67837df8@group-8B04330EF271-StateMachineUpdater] INFO  symmetric.SecretKeyStateImpl (SecretKeyStateImpl.java:updateKeysInternal(128)) - Current key updated SecretKey(id = 76586aaa-b579-4887-b3f3-f14dd5ee78ac, creation at: 2024-03-20T21:08:34.272Z, expire at: 2024-03-20T21:08:37.272Z)
2024-03-20 21:08:34,282 [1ba87fbc-452a-4836-9768-c65c67837df8@group-8B04330EF271-StateMachineUpdater] INFO  symmetric.LocalSecretKeyStore (LocalSecretKeyStore.java:save(109)) - Saved [SecretKey(id = 76586aaa-b579-4887-b3f3-f14dd5ee78ac, creation at: 2024-03-20T21:08:34.272Z, expire at: 2024-03-20T21:08:37.272Z), SecretKey(id = 6212e3bb-d7af-4548-9cc5-e8acc18af7ff, creation at: 2024-03-20T21:08:33.272Z, expire at: 2024-03-20T21:08:36.272Z), SecretKey(id = f137fd3b-35b1-4657-9c9c-4f11f41b3bed, creation at: 2024-03-20T21:08:32.272Z, expire at: 2024-03-20T21:08:35.272Z)] to file /home/runner/work/ozone/ozone/hadoop-ozone/integration-test/target/test-dir/MiniOzoneClusterImpl-bb4c8f07-45f9-422c-bd0c-8b04330ef271/scmNode-1/scm/keys/secret_keys.json
2024-03-20 21:08:34,282 [1ba87fbc-452a-4836-9768-c65c67837df8@group-8B04330EF271-StateMachineUpdater] INFO  safemode.HealthyPipelineSafeModeRule (HealthyPipelineSafeModeRule.java:initializeRule(172)) - Refreshed total pipeline count is 0, healthy pipeline threshold count is 1
2024-03-20 21:08:34,285 [b12aa423-edbe-43b9-9e95-c7a538dfc443@group-8B04330EF271-StateMachineUpdater] INFO  symmetric.SecretKeyStateImpl (SecretKeyStateImpl.java:updateKeysInternal(113)) - Updating keys with [SecretKey(id = 6212e3bb-d7af-4548-9cc5-e8acc18af7ff, creation at: 2024-03-20T21:08:33.272Z, expire at: 2024-03-20T21:08:36.272Z), SecretKey(id = f137fd3b-35b1-4657-9c9c-4f11f41b3bed, creation at: 2024-03-20T21:08:32.272Z, expire at: 2024-03-20T21:08:35.272Z), SecretKey(id = 76586aaa-b579-4887-b3f3-f14dd5ee78ac, creation at: 2024-03-20T21:08:34.272Z, expire at: 2024-03-20T21:08:37.272Z)]
2024-03-20 21:08:34,285 [b12aa423-edbe-43b9-9e95-c7a538dfc443@group-8B04330EF271-StateMachineUpdater] INFO  symmetric.SecretKeyStateImpl (SecretKeyStateImpl.java:updateKeysInternal(128)) - Current key updated SecretKey(id = 76586aaa-b579-4887-b3f3-f14dd5ee78ac, creation at: 2024-03-20T21:08:34.272Z, expire at: 2024-03-20T21:08:37.272Z)
2024-03-20 21:08:34,286 [b12aa423-edbe-43b9-9e95-c7a538dfc443@group-8B04330EF271-StateMachineUpdater] INFO  symmetric.LocalSecretKeyStore (LocalSecretKeyStore.java:save(109)) - Saved [SecretKey(id = 76586aaa-b579-4887-b3f3-f14dd5ee78ac, creation at: 2024-03-20T21:08:34.272Z, expire at: 2024-03-20T21:08:37.272Z), SecretKey(id = 6212e3bb-d7af-4548-9cc5-e8acc18af7ff, creation at: 2024-03-20T21:08:33.272Z, expire at: 2024-03-20T21:08:36.272Z), SecretKey(id = f137fd3b-35b1-4657-9c9c-4f11f41b3bed, creation at: 2024-03-20T21:08:32.272Z, expire at: 2024-03-20T21:08:35.272Z)] to file /home/runner/work/ozone/ozone/hadoop-ozone/integration-test/target/test-dir/MiniOzoneClusterImpl-bb4c8f07-45f9-422c-bd0c-8b04330ef271/scmNode-3/scm/keys/secret_keys.json
2024-03-20 21:08:34,286 [b12aa423-edbe-43b9-9e95-c7a538dfc443@group-8B04330EF271-StateMachineUpdater] INFO  safemode.HealthyPipelineSafeModeRule (HealthyPipelineSafeModeRule.java:initializeRule(172)) - Refreshed total pipeline count is 0, healthy pipeline threshold count is 1
2024-03-20 21:08:34,287 [be2411e5-a42d-476f-b25b-d7f87790d2c1@group-8B04330EF271-StateMachineUpdater] INFO  symmetric.SecretKeyStateImpl (SecretKeyStateImpl.java:updateKeysInternal(113)) - Updating keys with [SecretKey(id = 6212e3bb-d7af-4548-9cc5-e8acc18af7ff, creation at: 2024-03-20T21:08:33.272Z, expire at: 2024-03-20T21:08:36.272Z), SecretKey(id = f137fd3b-35b1-4657-9c9c-4f11f41b3bed, creation at: 2024-03-20T21:08:32.272Z, expire at: 2024-03-20T21:08:35.272Z), SecretKey(id = 76586aaa-b579-4887-b3f3-f14dd5ee78ac, creation at: 2024-03-20T21:08:34.272Z, expire at: 2024-03-20T21:08:37.272Z)]
2024-03-20 21:08:34,287 [be2411e5-a42d-476f-b25b-d7f87790d2c1@group-8B04330EF271-StateMachineUpdater] INFO  symmetric.SecretKeyStateImpl (SecretKeyStateImpl.java:updateKeysInternal(128)) - Current key updated SecretKey(id = 76586aaa-b579-4887-b3f3-f14dd5ee78ac, creation at: 2024-03-20T21:08:34.272Z, expire at: 2024-03-20T21:08:37.272Z)
2024-03-20 21:08:34,288 [be2411e5-a42d-476f-b25b-d7f87790d2c1@group-8B04330EF271-StateMachineUpdater] INFO  symmetric.LocalSecretKeyStore (LocalSecretKeyStore.java:save(109)) - Saved [SecretKey(id = 76586aaa-b579-4887-b3f3-f14dd5ee78ac, creation at: 2024-03-20T21:08:34.272Z, expire at: 2024-03-20T21:08:37.272Z), SecretKey(id = 6212e3bb-d7af-4548-9cc5-e8acc18af7ff, creation at: 2024-03-20T21:08:33.272Z, expire at: 2024-03-20T21:08:36.272Z), SecretKey(id = f137fd3b-35b1-4657-9c9c-4f11f41b3bed, creation at: 2024-03-20T21:08:32.272Z, expire at: 2024-03-20T21:08:35.272Z)] to file /home/runner/work/ozone/ozone/hadoop-ozone/integration-test/target/test-dir/MiniOzoneClusterImpl-bb4c8f07-45f9-422c-bd0c-8b04330ef271/scmNode-2/scm/keys/secret_keys.json
2024-03-20 21:08:34,288 [be2411e5-a42d-476f-b25b-d7f87790d2c1@group-8B04330EF271-StateMachineUpdater] INFO  safemode.HealthyPipelineSafeModeRule (HealthyPipelineSafeModeRule.java:initializeRule(172)) - Refreshed total pipeline count is 0, healthy pipeline threshold count is 1
2024-03-20 21:08:34,302 [om1-SecretKeyPoller] INFO  symmetric.DefaultSecretKeySignerClient (DefaultSecretKeySignerClient.java:checkAndRefresh(167)) - New secret key fetched from SCM: SecretKey(id = 76586aaa-b579-4887-b3f3-f14dd5ee78ac, creation at: 2024-03-20T21:08:34.272Z, expire at: 2024-03-20T21:08:37.272Z).
2024-03-20 21:08:34,317 [om1@group-C5BA1605619E-FollowerState] INFO  impl.FollowerState (FollowerState.java:run(143)) - om1@group-C5BA1605619E-FollowerState: change to CANDIDATE, lastRpcElapsedTime:1060349780ns, electionTimeout:1057ms
2024-03-20 21:08:34,317 [om1@group-C5BA1605619E-FollowerState] INFO  impl.RoleInfo (RoleInfo.java:shutdownFollowerState(110)) - om1: shutdown om1@group-C5BA1605619E-FollowerState
2024-03-20 21:08:34,317 [om1@group-C5BA1605619E-FollowerState] INFO  server.RaftServer$Division (RaftServerImpl.java:setRole(383)) - om1@group-C5BA1605619E: changes role from  FOLLOWER to CANDIDATE at term 0 for changeToCandidate
2024-03-20 21:08:34,317 [om1@group-C5BA1605619E-FollowerState] INFO  server.RaftServerConfigKeys (ConfUtils.java:logGet(46)) - raft.server.leaderelection.pre-vote = true (default)
2024-03-20 21:08:34,317 [om1@group-C5BA1605619E-FollowerState] INFO  impl.RoleInfo (RoleInfo.java:updateAndGet(139)) - om1: start om1@group-C5BA1605619E-LeaderElection3
2024-03-20 21:08:34,319 [om1@group-C5BA1605619E-LeaderElection3] INFO  impl.LeaderElection (LeaderElection.java:askForVotes(321)) - om1@group-C5BA1605619E-LeaderElection3 PRE_VOTE round 0: submit vote requests at term 0 for -1: peers:[om1|localhost:15039]|listeners:[], old=null
2024-03-20 21:08:34,320 [om1@group-C5BA1605619E-LeaderElection3] INFO  impl.LeaderElection (LeaderElection.java:askForVotes(323)) - om1@group-C5BA1605619E-LeaderElection3 PRE_VOTE round 0: result PASSED (term=0)
2024-03-20 21:08:34,321 [main] INFO  http.BaseHttpServer (BaseHttpServer.java:newHttpServer2BuilderForOzone(223)) - Starting Web-server for hddsDatanode at: http://0.0.0.0:15041
2024-03-20 21:08:34,321 [main] INFO  http.BaseHttpServer (BaseHttpServer.java:<init>(110)) - Hadoop Security Enabled: true Ozone Security Enabled: true Ozone HTTP Security Enabled: false 
2024-03-20 21:08:34,322 [main] WARN  server.AuthenticationFilter (AuthenticationFilter.java:constructSecretProvider(240)) - Unable to initialize FileSignerSecretProvider, falling back to use random secrets. Reason: Could not read signature secret file: /home/runner/hadoop-http-auth-signature-secret
2024-03-20 21:08:34,323 [om1@group-C5BA1605619E-LeaderElection3] INFO  impl.LeaderElection (LeaderElection.java:askForVotes(321)) - om1@group-C5BA1605619E-LeaderElection3 ELECTION round 0: submit vote requests at term 1 for -1: peers:[om1|localhost:15039]|listeners:[], old=null
2024-03-20 21:08:34,323 [om1@group-C5BA1605619E-LeaderElection3] INFO  impl.LeaderElection (LeaderElection.java:askForVotes(323)) - om1@group-C5BA1605619E-LeaderElection3 ELECTION round 0: result PASSED (term=1)
2024-03-20 21:08:34,323 [om1@group-C5BA1605619E-LeaderElection3] INFO  impl.RoleInfo (RoleInfo.java:shutdownLeaderElection(130)) - om1: shutdown om1@group-C5BA1605619E-LeaderElection3
2024-03-20 21:08:34,323 [om1@group-C5BA1605619E-LeaderElection3] INFO  server.RaftServer$Division (RaftServerImpl.java:setRole(383)) - om1@group-C5BA1605619E: changes role from CANDIDATE to LEADER at term 1 for changeToLeader
2024-03-20 21:08:34,323 [om1@group-C5BA1605619E-LeaderElection3] INFO  server.RaftServerConfigKeys (ConfUtils.java:logGet(46)) - raft.server.staging.catchup.gap = 1000 (default)
2024-03-20 21:08:34,324 [main] INFO  http.HttpRequestLog (HttpRequestLog.java:getRequestLog(86)) - Http request log for http.requests.hddsDatanode is not defined
2024-03-20 21:08:34,324 [om1@group-C5BA1605619E-LeaderElection3] INFO  server.RaftServerConfigKeys (ConfUtils.java:logGet(46)) - raft.server.write.element-limit = 4096 (default)
2024-03-20 21:08:34,325 [om1@group-C5BA1605619E-LeaderElection3] INFO  server.RaftServerConfigKeys (ConfUtils.java:logGet(46)) - raft.server.write.byte-limit = 64MB (=67108864) (default)
2024-03-20 21:08:34,325 [om1@group-C5BA1605619E-LeaderElection3] INFO  server.RaftServerConfigKeys (ConfUtils.java:logGet(46)) - raft.server.watch.timeout = 10s (default)
2024-03-20 21:08:34,325 [om1@group-C5BA1605619E-LeaderElection3] INFO  server.RaftServerConfigKeys (ConfUtils.java:logGet(46)) - raft.server.watch.timeout.denomination = 1s (default)
2024-03-20 21:08:34,325 [om1@group-C5BA1605619E-LeaderElection3] INFO  server.RaftServerConfigKeys (ConfUtils.java:logGet(46)) - raft.server.watch.element-limit = 65536 (default)
2024-03-20 21:08:34,325 [om1@group-C5BA1605619E-LeaderElection3] INFO  server.RaftServerConfigKeys (ConfUtils.java:logGet(46)) - raft.server.read.leader.lease.enabled = false (default)
2024-03-20 21:08:34,325 [om1@group-C5BA1605619E-LeaderElection3] INFO  server.RaftServerConfigKeys (ConfUtils.java:logGet(46)) - raft.server.read.leader.lease.timeout.ratio = 0.9 (default)
2024-03-20 21:08:34,325 [om1@group-C5BA1605619E-LeaderElection3] INFO  server.RaftServerConfigKeys (ConfUtils.java:logGet(46)) - raft.server.rpc.timeout.min = 1s (custom)
2024-03-20 21:08:34,325 [om1@group-C5BA1605619E-LeaderElection3] INFO  server.RaftServerConfigKeys (ConfUtils.java:logGet(46)) - raft.server.write.element-limit = 4096 (default)
2024-03-20 21:08:34,325 [om1@group-C5BA1605619E-LeaderElection3] INFO  server.RaftServerConfigKeys (ConfUtils.java:logGet(46)) - raft.server.write.follower.gap.ratio.max = -1.0 (default)
2024-03-20 21:08:34,325 [om1@group-C5BA1605619E-LeaderElection3] INFO  impl.RoleInfo (RoleInfo.java:updateAndGet(139)) - om1: start om1@group-C5BA1605619E-LeaderStateImpl
2024-03-20 21:08:34,325 [om1@group-C5BA1605619E-LeaderElection3] INFO  server.RaftServer$Division (RaftServerImpl.java:setFirstElection(574)) - om1@group-C5BA1605619E: set firstElectionSinceStartup to false for becomeLeader
2024-03-20 21:08:34,327 [main] INFO  http.HttpServer2 (HttpServer2.java:addGlobalFilter(1036)) - Added global filter 'safety' (class=org.apache.hadoop.hdds.server.http.HttpServer2$QuotingInputFilter)
2024-03-20 21:08:34,329 [main] INFO  http.HttpServer2 (HttpServer2.java:addFilter(1012)) - Added filter static_user_filter (class=org.apache.hadoop.http.lib.StaticUserWebFilter$StaticUserFilter) to context hddsDatanode
2024-03-20 21:08:34,329 [main] INFO  http.HttpServer2 (HttpServer2.java:addFilter(1020)) - Added filter static_user_filter (class=org.apache.hadoop.http.lib.StaticUserWebFilter$StaticUserFilter) to context logs
2024-03-20 21:08:34,329 [main] INFO  http.HttpServer2 (HttpServer2.java:addFilter(1020)) - Added filter static_user_filter (class=org.apache.hadoop.http.lib.StaticUserWebFilter$StaticUserFilter) to context static
2024-03-20 21:08:34,329 [om1@group-C5BA1605619E-LeaderElection3] INFO  server.RaftServer$Division (ServerState.java:setLeader(269)) - om1@group-C5BA1605619E: change Leader from null to om1 at term 1 for becomeLeader, leader elected after 1654ms
2024-03-20 21:08:34,329 [om1@group-C5BA1605619E-LeaderElection3] INFO  segmented.SegmentedRaftLogWorker (SegmentedRaftLogWorker.java:startLogSegment(430)) - om1@group-C5BA1605619E-SegmentedRaftLogWorker: Starting segment from index:0
2024-03-20 21:08:34,330 [om1@group-C5BA1605619E-SegmentedRaftLogWorker] INFO  segmented.BufferedWriteChannel (BufferedWriteChannel.java:open(62)) - open log_inprogress_0 at position 0
2024-03-20 21:08:34,331 [main] INFO  http.BaseHttpServer (BaseHttpServer.java:<init>(189)) - HTTP server of hddsDatanode uses base directory /home/runner/work/ozone/ozone/hadoop-ozone/integration-test/target/test-dir/MiniOzoneClusterImpl-bb4c8f07-45f9-422c-bd0c-8b04330ef271/ozone-meta/datanode-1/meta/webserver
2024-03-20 21:08:34,331 [main] INFO  http.HttpServer2 (HttpServer2.java:bindListener(1236)) - Jetty bound to port 15041
2024-03-20 21:08:34,332 [main] INFO  server.Server (Server.java:doStart(375)) - jetty-9.4.53.v20231009; built: 2023-10-09T12:29:09.265Z; git: 27bde00a0b95a1d5bbee0eae7984f891d2d0f8c9; jvm 1.8.0_402-b06
2024-03-20 21:08:34,337 [om1@group-C5BA1605619E-LeaderElection3] INFO  server.RaftServer$Division (ServerState.java:setRaftConf(386)) - om1@group-C5BA1605619E: set configuration 0: peers:[om1|localhost:15039]|listeners:[], old=null
2024-03-20 21:08:34,340 [om1@group-C5BA1605619E-SegmentedRaftLogWorker] INFO  segmented.SegmentedRaftLogWorker (SegmentedRaftLogWorker.java:execute(634)) - om1@group-C5BA1605619E-SegmentedRaftLogWorker: created new log segment /home/runner/work/ozone/ozone/hadoop-ozone/integration-test/target/test-dir/MiniOzoneClusterImpl-bb4c8f07-45f9-422c-bd0c-8b04330ef271/ozone-meta/ratis/bf265839-605b-3f16-9796-c5ba1605619e/current/log_inprogress_0
2024-03-20 21:08:34,340 [main] INFO  server.session (DefaultSessionIdManager.java:doStart(334)) - DefaultSessionIdManager workerName=node0
2024-03-20 21:08:34,340 [main] INFO  server.session (DefaultSessionIdManager.java:doStart(339)) - No SessionScavenger set, using defaults
2024-03-20 21:08:34,340 [main] INFO  server.session (HouseKeeper.java:startScavenging(132)) - node0 Scavenging every 660000ms
2024-03-20 21:08:34,345 [main] INFO  handler.ContextHandler (ContextHandler.java:doStart(921)) - Started o.e.j.s.ServletContextHandler@2cc48bf{logs,/logs,file:///home/runner/work/ozone/ozone/hadoop-ozone/integration-test/target/log,AVAILABLE}
2024-03-20 21:08:34,346 [main] INFO  handler.ContextHandler (ContextHandler.java:doStart(921)) - Started o.e.j.s.ServletContextHandler@468581d2{static,/static,jar:file:/home/runner/.m2/repository/org/apache/ozone/hdds-container-service/1.5.0-SNAPSHOT/hdds-container-service-1.5.0-SNAPSHOT.jar!/webapps/static,AVAILABLE}
2024-03-20 21:08:34,346 [om1@group-C5BA1605619E-StateMachineUpdater] INFO  ratis.OzoneManagerStateMachine (OzoneManagerStateMachine.java:notifyConfigurationChanged(212)) - Received Configuration change notification from Ratis. New Peer list:
[id: "om1"
address: "localhost:15039"
startupRole: FOLLOWER
]
2024-03-20 21:08:34,351 [om1@group-C5BA1605619E-StateMachineUpdater] INFO  server.RaftServer$Division (LeaderStateImpl.java:isApplied(320)) - leader is ready since appliedIndex == 0 >= startIndex == 0
2024-03-20 21:08:34,375 [SecretKeyPoller] INFO  symmetric.DefaultSecretKeySignerClient (DefaultSecretKeySignerClient.java:checkAndRefresh(167)) - New secret key fetched from SCM: SecretKey(id = 76586aaa-b579-4887-b3f3-f14dd5ee78ac, creation at: 2024-03-20T21:08:34.272Z, expire at: 2024-03-20T21:08:37.272Z).
2024-03-20 21:08:34,404 [main] INFO  handler.ContextHandler (ContextHandler.java:doStart(921)) - Started o.e.j.w.WebAppContext@7d31fa20{hddsDatanode,/,file:///home/runner/work/ozone/ozone/hadoop-ozone/integration-test/target/test-dir/MiniOzoneClusterImpl-bb4c8f07-45f9-422c-bd0c-8b04330ef271/ozone-meta/datanode-1/meta/webserver/jetty-0_0_0_0-15041-hdds-container-service-1_5_0-SNAPSHOT_jar-_-any-1388017143867533109/webapp/,AVAILABLE}{jar:file:/home/runner/.m2/repository/org/apache/ozone/hdds-container-service/1.5.0-SNAPSHOT/hdds-container-service-1.5.0-SNAPSHOT.jar!/webapps/hddsDatanode}
2024-03-20 21:08:34,407 [main] INFO  server.AbstractConnector (AbstractConnector.java:doStart(333)) - Started ServerConnector@2ef70cb4{HTTP/1.1, (http/1.1)}{0.0.0.0:15041}
2024-03-20 21:08:34,407 [main] INFO  server.Server (Server.java:doStart(415)) - Started @25168ms
2024-03-20 21:08:34,407 [main] WARN  impl.MetricsSystemImpl (MetricsSystemImpl.java:register(279)) - Sink prometheus already exists!
2024-03-20 21:08:34,408 [main] INFO  http.BaseHttpServer (BaseHttpServer.java:updateConnectorAddress(354)) - HTTP server of hddsDatanode listening at http://0.0.0.0:15041
2024-03-20 21:08:34,411 [main] INFO  ipc.CallQueueManager (CallQueueManager.java:<init>(90)) - Using callQueue: class java.util.concurrent.LinkedBlockingQueue, queueCapacity: 100, scheduler: class org.apache.hadoop.ipc.DefaultRpcScheduler, ipcBackoff: false.
2024-03-20 21:08:34,411 [main] INFO  ipc.Server (Server.java:<init>(1287)) - Listener at 0.0.0.0:15042
2024-03-20 21:08:34,412 [Socket Reader #1 for port 15042] INFO  ipc.Server (Server.java:run(1323)) - Starting Socket Reader #1 for port 15042
2024-03-20 21:08:34,416 [main] INFO  ozone.HddsDatanodeService (HddsDatanodeService.java:start(327)) - Datanode start with admins: [runner, scm]
2024-03-20 21:08:34,416 [main] INFO  ozone.HddsDatanodeClientProtocolServer (HddsDatanodeClientProtocolServer.java:start(77)) - RPC server for Client /0.0.0.0:15042
2024-03-20 21:08:34,417 [IPC Server Responder] INFO  ipc.Server (Server.java:run(1562)) - IPC Server Responder: starting
2024-03-20 21:08:34,418 [IPC Server listener on 15042] INFO  ipc.Server (Server.java:run(1402)) - IPC Server listener on 15042: starting
2024-03-20 21:08:34,420 [bf0d52d7-dce2-4f08-b148-c0add6164c5c-DatanodeStateMachineDaemonThread] INFO  statemachine.DatanodeStateMachine (DatanodeStateMachine.java:lambda$startDaemon$1(555)) - Ozone container server started.
2024-03-20 21:08:34,423 [main] WARN  dropwizard3.Dm3MetricRegistriesImpl (Dm3MetricRegistriesImpl.java:addReporterRegistration(113)) - New reporters are added after registries were created. Some metrics will be missing from the reporter. Please add reporter before adding any new registry.
2024-03-20 21:08:34,423 [main] WARN  dropwizard3.Dm3MetricRegistriesImpl (Dm3MetricRegistriesImpl.java:addReporterRegistration(113)) - New reporters are added after registries were created. Some metrics will be missing from the reporter. Please add reporter before adding any new registry.
2024-03-20 21:08:34,423 [main] INFO  impl.MetricsSystemImpl (MetricsSystemImpl.java:init(158)) - HddsDatanode metrics system started (again)
2024-03-20 21:08:34,427 [bf0d52d7-dce2-4f08-b148-c0add6164c5c-DatanodeStateMachineTaskThread-0] INFO  ha.SCMNodeInfo (SCMNodeInfo.java:getPort(197)) - ConfigKey ozone.scm.client.address is deprecated, For configuring different ports for each SCM use PortConfigKey ozone.scm.client.port appended with serviceId and nodeId
2024-03-20 21:08:34,427 [bf0d52d7-dce2-4f08-b148-c0add6164c5c-DatanodeStateMachineTaskThread-0] INFO  ha.SCMNodeInfo (SCMNodeInfo.java:getPort(197)) - ConfigKey ozone.scm.block.client.address is deprecated, For configuring different ports for each SCM use PortConfigKey ozone.scm.block.client.port appended with serviceId and nodeId
2024-03-20 21:08:34,427 [bf0d52d7-dce2-4f08-b148-c0add6164c5c-DatanodeStateMachineTaskThread-0] INFO  ha.SCMNodeInfo (SCMNodeInfo.java:getPort(197)) - ConfigKey ozone.scm.security.service.address is deprecated, For configuring different ports for each SCM use PortConfigKey ozone.scm.security.service.port appended with serviceId and nodeId
2024-03-20 21:08:34,427 [bf0d52d7-dce2-4f08-b148-c0add6164c5c-DatanodeStateMachineTaskThread-0] INFO  ha.SCMNodeInfo (SCMNodeInfo.java:getPort(197)) - ConfigKey ozone.scm.datanode.address is deprecated, For configuring different ports for each SCM use PortConfigKey ozone.scm.datanode.port appended with serviceId and nodeId
2024-03-20 21:08:34,427 [bf0d52d7-dce2-4f08-b148-c0add6164c5c-DatanodeStateMachineTaskThread-0] INFO  ha.SCMNodeInfo (SCMNodeInfo.java:getPort(197)) - ConfigKey ozone.scm.client.address is deprecated, For configuring different ports for each SCM use PortConfigKey ozone.scm.client.port appended with serviceId and nodeId
2024-03-20 21:08:34,427 [bf0d52d7-dce2-4f08-b148-c0add6164c5c-DatanodeStateMachineTaskThread-0] INFO  ha.SCMNodeInfo (SCMNodeInfo.java:getPort(197)) - ConfigKey ozone.scm.block.client.address is deprecated, For configuring different ports for each SCM use PortConfigKey ozone.scm.block.client.port appended with serviceId and nodeId
2024-03-20 21:08:34,427 [bf0d52d7-dce2-4f08-b148-c0add6164c5c-DatanodeStateMachineTaskThread-0] INFO  ha.SCMNodeInfo (SCMNodeInfo.java:getPort(197)) - ConfigKey ozone.scm.security.service.address is deprecated, For configuring different ports for each SCM use PortConfigKey ozone.scm.security.service.port appended with serviceId and nodeId
2024-03-20 21:08:34,428 [bf0d52d7-dce2-4f08-b148-c0add6164c5c-DatanodeStateMachineTaskThread-0] INFO  ha.SCMNodeInfo (SCMNodeInfo.java:getPort(197)) - ConfigKey ozone.scm.datanode.address is deprecated, For configuring different ports for each SCM use PortConfigKey ozone.scm.datanode.port appended with serviceId and nodeId
2024-03-20 21:08:34,428 [bf0d52d7-dce2-4f08-b148-c0add6164c5c-DatanodeStateMachineTaskThread-0] INFO  ha.SCMNodeInfo (SCMNodeInfo.java:getPort(197)) - ConfigKey ozone.scm.client.address is deprecated, For configuring different ports for each SCM use PortConfigKey ozone.scm.client.port appended with serviceId and nodeId
2024-03-20 21:08:34,428 [bf0d52d7-dce2-4f08-b148-c0add6164c5c-DatanodeStateMachineTaskThread-0] INFO  ha.SCMNodeInfo (SCMNodeInfo.java:getPort(197)) - ConfigKey ozone.scm.block.client.address is deprecated, For configuring different ports for each SCM use PortConfigKey ozone.scm.block.client.port appended with serviceId and nodeId
2024-03-20 21:08:34,428 [bf0d52d7-dce2-4f08-b148-c0add6164c5c-DatanodeStateMachineTaskThread-0] INFO  ha.SCMNodeInfo (SCMNodeInfo.java:getPort(197)) - ConfigKey ozone.scm.security.service.address is deprecated, For configuring different ports for each SCM use PortConfigKey ozone.scm.security.service.port appended with serviceId and nodeId
2024-03-20 21:08:34,428 [bf0d52d7-dce2-4f08-b148-c0add6164c5c-DatanodeStateMachineTaskThread-0] INFO  ha.SCMNodeInfo (SCMNodeInfo.java:getPort(197)) - ConfigKey ozone.scm.datanode.address is deprecated, For configuring different ports for each SCM use PortConfigKey ozone.scm.datanode.port appended with serviceId and nodeId
2024-03-20 21:08:34,433 [main] INFO  ozone.HddsDatanodeService (HddsDatanodeService.java:start(240)) - HddsDatanodeService host:fv-az1053-74.1e55wlyavovu3ma4fylbaqc4gd.phxx.internal.cloudapp.net ip:10.1.0.34
2024-03-20 21:08:34,433 [main] INFO  ozone.HddsDatanodeService (HddsDatanodeService.java:start(248)) - Ozone security is enabled. Attempting login for Hdds Datanode user. Principal: scm/fv-az1053-74.1e55wlyavovu3ma4fylbaqc4gd.phxx.internal.cloudapp.net@EXAMPLE.COM,keytab: /tmp/junit9154778437432145906/scm.keytab
2024-03-20 21:08:34,435 [pool-1-thread-1] INFO  request.KdcRequest (KdcRequest.java:preauth(651)) - The preauth data is empty.
2024-03-20 21:08:34,435 [pool-1-thread-1] INFO  server.KdcHandler (KdcHandler.java:handleRecoverableException(177)) - KRB error occurred while processing request:Additional pre-authentication required
2024-03-20 21:08:34,440 [pool-1-thread-1] INFO  request.AsRequest (AsRequest.java:issueTicket(112)) - AS_REQ ISSUE: authtime 1710968914439,scm/fv-az1053-74.1e55wlyavovu3ma4fylbaqc4gd.phxx.internal.cloudapp.net@EXAMPLE.COM for krbtgt/EXAMPLE.COM@EXAMPLE.COM
2024-03-20 21:08:34,442 [main] INFO  security.UserGroupInformation (UserGroupInformation.java:loginUserFromKeytab(1132)) - Login successful for user scm/fv-az1053-74.1e55wlyavovu3ma4fylbaqc4gd.phxx.internal.cloudapp.net@EXAMPLE.COM using keytab file scm.keytab. Keytab auto renewal enabled : false
2024-03-20 21:08:34,442 [main] INFO  ozone.HddsDatanodeService (HddsDatanodeService.java:start(266)) - Hdds Datanode login successful.
2024-03-20 21:08:34,463 [main] INFO  ozone.HddsDatanodeService (HddsDatanodeService.java:initializeCertificateClient(388)) - Initializing secure Datanode.
2024-03-20 21:08:34,467 [main] INFO  ha.SCMNodeInfo (SCMNodeInfo.java:getPort(197)) - ConfigKey ozone.scm.client.address is deprecated, For configuring different ports for each SCM use PortConfigKey ozone.scm.client.port appended with serviceId and nodeId
2024-03-20 21:08:34,468 [main] INFO  ha.SCMNodeInfo (SCMNodeInfo.java:getPort(197)) - ConfigKey ozone.scm.block.client.address is deprecated, For configuring different ports for each SCM use PortConfigKey ozone.scm.block.client.port appended with serviceId and nodeId
2024-03-20 21:08:34,468 [bf0d52d7-dce2-4f08-b148-c0add6164c5c-DatanodeStateMachineTaskThread-0] INFO  datanode.InitDatanodeState (InitDatanodeState.java:persistContainerDatanodeDetails(139)) - DatanodeDetails is persisted to /home/runner/work/ozone/ozone/hadoop-ozone/integration-test/target/test-dir/MiniOzoneClusterImpl-bb4c8f07-45f9-422c-bd0c-8b04330ef271/ozone-meta/datanode-1/meta/datanode.id
2024-03-20 21:08:34,468 [main] INFO  ha.SCMNodeInfo (SCMNodeInfo.java:getPort(197)) - ConfigKey ozone.scm.security.service.address is deprecated, For configuring different ports for each SCM use PortConfigKey ozone.scm.security.service.port appended with serviceId and nodeId
2024-03-20 21:08:34,468 [main] INFO  ha.SCMNodeInfo (SCMNodeInfo.java:getPort(197)) - ConfigKey ozone.scm.datanode.address is deprecated, For configuring different ports for each SCM use PortConfigKey ozone.scm.datanode.port appended with serviceId and nodeId
2024-03-20 21:08:34,468 [main] INFO  ha.SCMNodeInfo (SCMNodeInfo.java:getPort(197)) - ConfigKey ozone.scm.client.address is deprecated, For configuring different ports for each SCM use PortConfigKey ozone.scm.client.port appended with serviceId and nodeId
2024-03-20 21:08:34,469 [main] INFO  ha.SCMNodeInfo (SCMNodeInfo.java:getPort(197)) - ConfigKey ozone.scm.block.client.address is deprecated, For configuring different ports for each SCM use PortConfigKey ozone.scm.block.client.port appended with serviceId and nodeId
2024-03-20 21:08:34,469 [main] INFO  ha.SCMNodeInfo (SCMNodeInfo.java:getPort(197)) - ConfigKey ozone.scm.security.service.address is deprecated, For configuring different ports for each SCM use PortConfigKey ozone.scm.security.service.port appended with serviceId and nodeId
2024-03-20 21:08:34,469 [main] INFO  ha.SCMNodeInfo (SCMNodeInfo.java:getPort(197)) - ConfigKey ozone.scm.datanode.address is deprecated, For configuring different ports for each SCM use PortConfigKey ozone.scm.datanode.port appended with serviceId and nodeId
2024-03-20 21:08:34,469 [main] INFO  ha.SCMNodeInfo (SCMNodeInfo.java:getPort(197)) - ConfigKey ozone.scm.client.address is deprecated, For configuring different ports for each SCM use PortConfigKey ozone.scm.client.port appended with serviceId and nodeId
2024-03-20 21:08:34,469 [main] INFO  ha.SCMNodeInfo (SCMNodeInfo.java:getPort(197)) - ConfigKey ozone.scm.block.client.address is deprecated, For configuring different ports for each SCM use PortConfigKey ozone.scm.block.client.port appended with serviceId and nodeId
2024-03-20 21:08:34,470 [main] INFO  ha.SCMNodeInfo (SCMNodeInfo.java:getPort(197)) - ConfigKey ozone.scm.security.service.address is deprecated, For configuring different ports for each SCM use PortConfigKey ozone.scm.security.service.port appended with serviceId and nodeId
2024-03-20 21:08:34,470 [main] INFO  ha.SCMNodeInfo (SCMNodeInfo.java:getPort(197)) - ConfigKey ozone.scm.datanode.address is deprecated, For configuring different ports for each SCM use PortConfigKey ozone.scm.datanode.port appended with serviceId and nodeId
2024-03-20 21:08:34,470 [main] INFO  client.DNCertificateClient (DefaultCertificateClient.java:updateCertSerialId(1313)) - Certificate serial ID set to null
2024-03-20 21:08:34,471 [main] ERROR client.DNCertificateClient (DefaultCertificateClient.java:getCertPath(376)) - Default certificate serial id is not set. Can't locate the default certificate for this client.
2024-03-20 21:08:34,471 [main] INFO  client.DNCertificateClient (DefaultCertificateClient.java:init(720)) - Certificate client init case: 0
2024-03-20 21:08:34,471 [main] INFO  client.DNCertificateClient (DefaultCertificateClient.java:handleCase(738)) - Creating keypair for client as keypair and certificate not found.
2024-03-20 21:08:34,567 [main] INFO  client.DNCertificateClient (DefaultCertificateClient.java:recoverStateIfNeeded(800)) - Init response: GETCERT
2024-03-20 21:08:34,568 [main] INFO  ozone.OzoneSecurityUtil (OzoneSecurityUtil.java:getValidInetsForCurrentHost(119)) - ip:fe80:0:0:0:6245:bdff:feae:494f%eth0 not returned.
2024-03-20 21:08:34,568 [main] INFO  ozone.OzoneSecurityUtil (OzoneSecurityUtil.java:getValidInetsForCurrentHost(116)) - Adding ip:10.1.0.34,host:fv-az1053-74.1e55wlyavovu3ma4fylbaqc4gd.phxx.internal.cloudapp.net
2024-03-20 21:08:34,568 [main] INFO  ozone.OzoneSecurityUtil (OzoneSecurityUtil.java:getValidInetsForCurrentHost(119)) - ip:0:0:0:0:0:0:0:1%lo not returned.
2024-03-20 21:08:34,568 [main] INFO  ozone.OzoneSecurityUtil (OzoneSecurityUtil.java:getValidInetsForCurrentHost(119)) - ip:127.0.0.1 not returned.
2024-03-20 21:08:34,569 [main] INFO  client.DNCertificateClient (DNCertificateClient.java:getCSRBuilder(86)) - Created csr for DN-> subject:scm@fv-az1053-74.1e55wlyavovu3ma4fylbaqc4gd.phxx.internal.cloudapp.net
2024-03-20 21:08:34,577 [pool-1-thread-1] INFO  request.TgsRequest (TgsRequest.java:issueTicket(115)) - TGS_REQ ISSUE: authtime 1710968914576,scm/fv-az1053-74.1e55wlyavovu3ma4fylbaqc4gd.phxx.internal.cloudapp.net for scm/fv-az1053-74.1e55wlyavovu3ma4fylbaqc4gd.phxx.internal.cloudapp.net@EXAMPLE.COM
2024-03-20 21:08:34,587 [Socket Reader #1 for port 15002] INFO  ipc.Server (Server.java:saslProcess(2139)) - Auth successful for scm/fv-az1053-74.1e55wlyavovu3ma4fylbaqc4gd.phxx.internal.cloudapp.net@EXAMPLE.COM (auth:KERBEROS) from fv-az1053-74.1e55wlyavovu3ma4fylbaqc4gd.phxx.internal.cloudapp.net:34519 / 10.1.0.34:34519
2024-03-20 21:08:34,592 [Socket Reader #1 for port 15002] INFO  authorize.ServiceAuthorizationManager (ServiceAuthorizationManager.java:authorize(137)) - Authorization successful for scm/fv-az1053-74.1e55wlyavovu3ma4fylbaqc4gd.phxx.internal.cloudapp.net@EXAMPLE.COM (auth:KERBEROS) for protocol=interface org.apache.hadoop.hdds.protocol.SCMSecurityProtocol
2024-03-20 21:08:34,592 [IPC Server handler 1 on default port 15002] INFO  server.SCMSecurityProtocolServer (SCMSecurityProtocolServer.java:getDataNodeCertificate(198)) - Processing CSR for dn fv-az1053-74.1e55wlyavovu3ma4fylbaqc4gd.phxx.internal.cloudapp.net, UUID: dcffae99-659e-451a-8106-d35894ce685d
2024-03-20 21:08:34,597 [1ba87fbc-452a-4836-9768-c65c67837df8@group-8B04330EF271-StateMachineUpdater] INFO  safemode.HealthyPipelineSafeModeRule (HealthyPipelineSafeModeRule.java:initializeRule(172)) - Refreshed total pipeline count is 0, healthy pipeline threshold count is 1
2024-03-20 21:08:34,597 [IPC Server handler 1 on default port 15002] INFO  ha.SequenceIdGenerator (SequenceIdGenerator.java:getNextId(145)) - Allocate a batch for CertificateId, change lastId from 6 to 7.
2024-03-20 21:08:34,598 [be2411e5-a42d-476f-b25b-d7f87790d2c1@group-8B04330EF271-StateMachineUpdater] INFO  safemode.HealthyPipelineSafeModeRule (HealthyPipelineSafeModeRule.java:initializeRule(172)) - Refreshed total pipeline count is 0, healthy pipeline threshold count is 1
2024-03-20 21:08:34,600 [IPC Server handler 1 on default port 15002] INFO  authority.DefaultApprover (DefaultApprover.java:sign(157)) - Extensions in CSR: 2.5.29.15, 2.5.29.17
2024-03-20 21:08:34,600 [IPC Server handler 1 on default port 15002] INFO  authority.DefaultApprover (DefaultApprover.java:sign(161)) - Extensions to add to the certificate if they present in CSR: 2.5.29.17, 2.5.29.19, 1.3.6.1.5.5.7.1.12, 2.5.29.35, 2.5.29.37, 2.5.29.15
2024-03-20 21:08:34,601 [b12aa423-edbe-43b9-9e95-c7a538dfc443@group-8B04330EF271-StateMachineUpdater] INFO  safemode.HealthyPipelineSafeModeRule (HealthyPipelineSafeModeRule.java:initializeRule(172)) - Refreshed total pipeline count is 0, healthy pipeline threshold count is 1
2024-03-20 21:08:34,630 [1ba87fbc-452a-4836-9768-c65c67837df8@group-8B04330EF271-StateMachineUpdater] INFO  safemode.HealthyPipelineSafeModeRule (HealthyPipelineSafeModeRule.java:initializeRule(172)) - Refreshed total pipeline count is 0, healthy pipeline threshold count is 1
2024-03-20 21:08:34,631 [b12aa423-edbe-43b9-9e95-c7a538dfc443@group-8B04330EF271-StateMachineUpdater] INFO  safemode.HealthyPipelineSafeModeRule (HealthyPipelineSafeModeRule.java:initializeRule(172)) - Refreshed total pipeline count is 0, healthy pipeline threshold count is 1
2024-03-20 21:08:34,633 [be2411e5-a42d-476f-b25b-d7f87790d2c1@group-8B04330EF271-StateMachineUpdater] INFO  safemode.HealthyPipelineSafeModeRule (HealthyPipelineSafeModeRule.java:initializeRule(172)) - Refreshed total pipeline count is 0, healthy pipeline threshold count is 1
2024-03-20 21:08:34,647 [main] INFO  utils.CertificateCodec (CertificateCodec.java:writeCertificate(299)) - Save certificate to /home/runner/work/ozone/ozone/hadoop-ozone/integration-test/target/test-dir/MiniOzoneClusterImpl-bb4c8f07-45f9-422c-bd0c-8b04330ef271/ozone-meta/datanode-2/meta/dn/certs/7.crt
2024-03-20 21:08:34,647 [main] INFO  utils.CertificateCodec (CertificateCodec.java:writeCertificate(300)) - Certificate -----BEGIN CERTIFICATE-----
MIIEJTCCAw2gAwIBAgIBBzANBgkqhkiG9w0BAQsFADCBhjEaMBgGA1UEAwwRc2Nt
LXN1YkBsb2NhbGhvc3QxLTArBgNVBAsMJDFiYTg3ZmJjLTQ1MmEtNDgzNi05NzY4
LWM2NWM2NzgzN2RmODEtMCsGA1UECgwkYmI0YzhmMDctNDVmOS00MjJjLWJkMGMt
OGIwNDMzMGVmMjcxMQowCAYDVQQFEwEyMB4XDTI0MDMyMDIxMDgzNFoXDTI1MDMy
MDIxMDgzNFowgbsxTzBNBgNVBAMMRnNjbUBmdi1hejEwNTMtNzQuMWU1NXdseWF2
b3Z1M21hNGZ5bGJhcWM0Z2QucGh4eC5pbnRlcm5hbC5jbG91ZGFwcC5uZXQxLTAr
BgNVBAsMJDFiYTg3ZmJjLTQ1MmEtNDgzNi05NzY4LWM2NWM2NzgzN2RmODEtMCsG
A1UECgwkYmI0YzhmMDctNDVmOS00MjJjLWJkMGMtOGIwNDMzMGVmMjcxMQowCAYD
VQQFEwE3MIIBIjANBgkqhkiG9w0BAQEFAAOCAQ8AMIIBCgKCAQEAvzohm5SquDrc
3EdOYbJ9DMA1RqAtpG5CgMVN54Lez35mwSSZerLLySoiqJHTymxjO2TqAUuTpGZG
FGdKbkguwGa6zUElSNFEDwq7MTbHyFYqboo++EAlm0jwrQJy2/nismENygep8MCo
hh3T5SwA6mwlbm1IqVgDS7J0TFznzEMk5cEc7o8wZAowtHPxzFGD8vQE1ISfJks6
NMlqJ8JDkZdE4DyAyInhtSfi4V8bSebwLXbnxPrQYb6YukELdf0t9gRk1B+XJJeh
i1UVggHEe8nIj0MpbaZPoPBtr+oF9vwcm+uA0qhe76j+j7JexXuPS6KkC3/YMO4u
WibcXEguyQIDAQABo2cwZTBTBgNVHREETDBKhwQKAQAigkJmdi1hejEwNTMtNzQu
MWU1NXdseWF2b3Z1M21hNGZ5bGJhcWM0Z2QucGh4eC5pbnRlcm5hbC5jbG91ZGFw
cC5uZXQwDgYDVR0PAQH/BAQDAgO4MA0GCSqGSIb3DQEBCwUAA4IBAQADx7u4RBwz
ISSLGwQgbd7GkjBWQEoopfQyOxJlxbEH8axEWpeSMb51FduPm6MHiv8ujyQafmnf
S670Jdb7HQ6102unO10T7EcUQ2zuJFQFao4GA8CbKYSiJhjUqfb78qUtBE7pjDRl
rzzZNqCDP0EJOnDu+UD3d2haUyi4R5q4wqgcsxqeKp0OlYwUBLCbstV12z906+t3
X2fVDLXCHIKRGj1+PpSf5I2/un3yOfWkHhMMyiFIMzw+NfAG4sDHiqkkShYQDhXi
DpKQkibLWwKJPp67GEH964VqIbFYV5SxAfuNJL5o6n7jhDaXJi1evwJ1Ev1/tG3j
EFBi8Mwf1XkH
-----END CERTIFICATE-----

-----BEGIN CERTIFICATE-----
MIIEADCCAuigAwIBAgIBAjANBgkqhkiG9w0BAQsFADCBhTEZMBcGA1UEAwwQc2Nt
QGZ2LWF6MTA1My03NDEtMCsGA1UECwwkMWJhODdmYmMtNDUyYS00ODM2LTk3Njgt
YzY1YzY3ODM3ZGY4MS0wKwYDVQQKDCRiYjRjOGYwNy00NWY5LTQyMmMtYmQwYy04
YjA0MzMwZWYyNzExCjAIBgNVBAUTATEwHhcNMjQwMzIwMjEwODEyWhcNMjkwNDI4
MjEwODEyWjCBhjEaMBgGA1UEAwwRc2NtLXN1YkBsb2NhbGhvc3QxLTArBgNVBAsM
JDFiYTg3ZmJjLTQ1MmEtNDgzNi05NzY4LWM2NWM2NzgzN2RmODEtMCsGA1UECgwk
YmI0YzhmMDctNDVmOS00MjJjLWJkMGMtOGIwNDMzMGVmMjcxMQowCAYDVQQFEwEy
MIIBIjANBgkqhkiG9w0BAQEFAAOCAQ8AMIIBCgKCAQEA0S4Oj5ZRvIrBT4rTfkNq
1T6GZ19TtIIPYGkmtebb+YlvQv0yVAua1i1y6faT/Tc5/OFe4mSkckK63rbhCvrq
TUYzWYvqXemH+hptdsjy7vz6uyodOBXiAHTTx97xSKb0qj0tdAyUkVnY+lFlZitT
aTRf/kB4DtLm0r3uaduHuEfCxJnlIBigujLytFw0iHJ9WcnQLD0DWrsQ0hWiSCr+
lNkDohB/BzlJ7eQtB2/tZi/zxFzi2IwszsqveUYrJ0H5QBgfi16dw1HrHdGmBjHR
WhYoIfOn4xNBVzi6/4SafXivum6i1zxh7qgu46EZocbTfvCHeq7mg/KZoeRFOLzZ
6QIDAQABo3gwdjBTBgNVHREETDBKhwQKAQAigkJmdi1hejEwNTMtNzQuMWU1NXds
eWF2b3Z1M21hNGZ5bGJhcWM0Z2QucGh4eC5pbnRlcm5hbC5jbG91ZGFwcC5uZXQw
DwYDVR0TAQH/BAUwAwEB/zAOBgNVHQ8BAf8EBAMCAb4wDQYJKoZIhvcNAQELBQAD
ggEBAFvNDT8Nkuadq/ZhVM6C/+8ZMWBtfeuJnmvA4h2jdQRcVt5u+fP/TR0OUcX+
U7hkZK1syvso4myGR0Y7dwoTrNiJPS5WzirxipBDIy4mKEL7uN2qr504PNj9S1DU
eKfYpW0iALsEcvy4S0eQfKG9qk46Wh01CVCL3iaBVyxO/k28sTkSM4aWdUKIeae7
Ko7ANdNPxA6QxnMPInPuPIfRYwckkzZxMgDw1xdN2+fz80bFxomE+xv2opSW7IUK
9Wwi2bVihPy2RPZ6pIUgVI65bT8Ezcb4suwSF0jBtAYz/V7TrU8sMCHauLek5bBq
3EgJVE2qTLUGXWCvckrVuVwDHms=
-----END CERTIFICATE-----

-----BEGIN CERTIFICATE-----
MIID/zCCAuegAwIBAgIBATANBgkqhkiG9w0BAQsFADCBhTEZMBcGA1UEAwwQc2Nt
QGZ2LWF6MTA1My03NDEtMCsGA1UECwwkMWJhODdmYmMtNDUyYS00ODM2LTk3Njgt
YzY1YzY3ODM3ZGY4MS0wKwYDVQQKDCRiYjRjOGYwNy00NWY5LTQyMmMtYmQwYy04
YjA0MzMwZWYyNzExCjAIBgNVBAUTATEwHhcNMjQwMzIwMjEwODEyWhcNMjkwNDI4
MjEwODEyWjCBhTEZMBcGA1UEAwwQc2NtQGZ2LWF6MTA1My03NDEtMCsGA1UECwwk
MWJhODdmYmMtNDUyYS00ODM2LTk3NjgtYzY1YzY3ODM3ZGY4MS0wKwYDVQQKDCRi
YjRjOGYwNy00NWY5LTQyMmMtYmQwYy04YjA0MzMwZWYyNzExCjAIBgNVBAUTATEw
ggEiMA0GCSqGSIb3DQEBAQUAA4IBDwAwggEKAoIBAQC/m2LgdUeuFIMf11f1imlJ
ntpXNSG/DAXbhJLInVrNBk9r/+QierA29eQ4BztXjKki+snZ7xcCnCMTQ4hMzD2I
hYfquZKgsxO5OFvDykvs5PKV/kb18GODRIpXoBHiELfOvtwLW6KPy2ftAe5IUO1H
aDknb8dfAKwjZ0Rlrs8lxA0ejWJ36Ys5RcrkS6Gl25OeARPysuEF8jbU/7oQiidJ
T53Mxanb22KmCIsHcLtsQ5bhQu4YIOaqi2cvMUfeu89996AjFrWXBdSFTQFiuIn6
Z3QSCOktXhltlJaRZpTkO/lo4FDeEbQdTEoKH56HZi381mbbefJmNDWdkISPWDQ/
AgMBAAGjeDB2MA8GA1UdEwEB/wQFMAMBAf8wDgYDVR0PAQH/BAQDAgEGMFMGA1Ud
EQRMMEqHBAoBACKCQmZ2LWF6MTA1My03NC4xZTU1d2x5YXZvdnUzbWE0ZnlsYmFx
YzRnZC5waHh4LmludGVybmFsLmNsb3VkYXBwLm5ldDANBgkqhkiG9w0BAQsFAAOC
AQEAiW+KGH2yWPzDgMIJUWsJcnTrIDzIs+IZTcx38oYdVSeE+ftuG/4idvpxB7Ob
GLr33mY/gmGkhQsuOSWFb0zMdcH5UZGUrQNUJ+5u+V/2C1ldylIRsRnfWjjIQYuV
8ZWJ8rCzB2Yj9jaWc2CsNNvwHk01Q29xqSypRKUHbYPvYDPFYs1/8Aq1BzSlrevZ
peYH4cVQTFmVfnSQG3DuvN7jQ+4GRZeJBXuDJKQDNadgan185Dz9vRgzsRMoLEiL
UdFP/+HeC0S1zHXqff9UlKDfGFC24BwvM4ku/bH6nr845BaT5Gyh6KzCSAyvPV1E
HatInUC4mAqYvqZHmUFIj3ldKA==
-----END CERTIFICATE-----

2024-03-20 21:08:34,648 [main] INFO  utils.CertificateCodec (CertificateCodec.java:writeCertificate(299)) - Save certificate to /home/runner/work/ozone/ozone/hadoop-ozone/integration-test/target/test-dir/MiniOzoneClusterImpl-bb4c8f07-45f9-422c-bd0c-8b04330ef271/ozone-meta/datanode-2/meta/dn/certs/CA-2.crt
2024-03-20 21:08:34,648 [main] INFO  utils.CertificateCodec (CertificateCodec.java:writeCertificate(300)) - Certificate -----BEGIN CERTIFICATE-----
MIIEADCCAuigAwIBAgIBAjANBgkqhkiG9w0BAQsFADCBhTEZMBcGA1UEAwwQc2Nt
QGZ2LWF6MTA1My03NDEtMCsGA1UECwwkMWJhODdmYmMtNDUyYS00ODM2LTk3Njgt
YzY1YzY3ODM3ZGY4MS0wKwYDVQQKDCRiYjRjOGYwNy00NWY5LTQyMmMtYmQwYy04
YjA0MzMwZWYyNzExCjAIBgNVBAUTATEwHhcNMjQwMzIwMjEwODEyWhcNMjkwNDI4
MjEwODEyWjCBhjEaMBgGA1UEAwwRc2NtLXN1YkBsb2NhbGhvc3QxLTArBgNVBAsM
JDFiYTg3ZmJjLTQ1MmEtNDgzNi05NzY4LWM2NWM2NzgzN2RmODEtMCsGA1UECgwk
YmI0YzhmMDctNDVmOS00MjJjLWJkMGMtOGIwNDMzMGVmMjcxMQowCAYDVQQFEwEy
MIIBIjANBgkqhkiG9w0BAQEFAAOCAQ8AMIIBCgKCAQEA0S4Oj5ZRvIrBT4rTfkNq
1T6GZ19TtIIPYGkmtebb+YlvQv0yVAua1i1y6faT/Tc5/OFe4mSkckK63rbhCvrq
TUYzWYvqXemH+hptdsjy7vz6uyodOBXiAHTTx97xSKb0qj0tdAyUkVnY+lFlZitT
aTRf/kB4DtLm0r3uaduHuEfCxJnlIBigujLytFw0iHJ9WcnQLD0DWrsQ0hWiSCr+
lNkDohB/BzlJ7eQtB2/tZi/zxFzi2IwszsqveUYrJ0H5QBgfi16dw1HrHdGmBjHR
WhYoIfOn4xNBVzi6/4SafXivum6i1zxh7qgu46EZocbTfvCHeq7mg/KZoeRFOLzZ
6QIDAQABo3gwdjBTBgNVHREETDBKhwQKAQAigkJmdi1hejEwNTMtNzQuMWU1NXds
eWF2b3Z1M21hNGZ5bGJhcWM0Z2QucGh4eC5pbnRlcm5hbC5jbG91ZGFwcC5uZXQw
DwYDVR0TAQH/BAUwAwEB/zAOBgNVHQ8BAf8EBAMCAb4wDQYJKoZIhvcNAQELBQAD
ggEBAFvNDT8Nkuadq/ZhVM6C/+8ZMWBtfeuJnmvA4h2jdQRcVt5u+fP/TR0OUcX+
U7hkZK1syvso4myGR0Y7dwoTrNiJPS5WzirxipBDIy4mKEL7uN2qr504PNj9S1DU
eKfYpW0iALsEcvy4S0eQfKG9qk46Wh01CVCL3iaBVyxO/k28sTkSM4aWdUKIeae7
Ko7ANdNPxA6QxnMPInPuPIfRYwckkzZxMgDw1xdN2+fz80bFxomE+xv2opSW7IUK
9Wwi2bVihPy2RPZ6pIUgVI65bT8Ezcb4suwSF0jBtAYz/V7TrU8sMCHauLek5bBq
3EgJVE2qTLUGXWCvckrVuVwDHms=
-----END CERTIFICATE-----

-----BEGIN CERTIFICATE-----
MIID/zCCAuegAwIBAgIBATANBgkqhkiG9w0BAQsFADCBhTEZMBcGA1UEAwwQc2Nt
QGZ2LWF6MTA1My03NDEtMCsGA1UECwwkMWJhODdmYmMtNDUyYS00ODM2LTk3Njgt
YzY1YzY3ODM3ZGY4MS0wKwYDVQQKDCRiYjRjOGYwNy00NWY5LTQyMmMtYmQwYy04
YjA0MzMwZWYyNzExCjAIBgNVBAUTATEwHhcNMjQwMzIwMjEwODEyWhcNMjkwNDI4
MjEwODEyWjCBhTEZMBcGA1UEAwwQc2NtQGZ2LWF6MTA1My03NDEtMCsGA1UECwwk
MWJhODdmYmMtNDUyYS00ODM2LTk3NjgtYzY1YzY3ODM3ZGY4MS0wKwYDVQQKDCRi
YjRjOGYwNy00NWY5LTQyMmMtYmQwYy04YjA0MzMwZWYyNzExCjAIBgNVBAUTATEw
ggEiMA0GCSqGSIb3DQEBAQUAA4IBDwAwggEKAoIBAQC/m2LgdUeuFIMf11f1imlJ
ntpXNSG/DAXbhJLInVrNBk9r/+QierA29eQ4BztXjKki+snZ7xcCnCMTQ4hMzD2I
hYfquZKgsxO5OFvDykvs5PKV/kb18GODRIpXoBHiELfOvtwLW6KPy2ftAe5IUO1H
aDknb8dfAKwjZ0Rlrs8lxA0ejWJ36Ys5RcrkS6Gl25OeARPysuEF8jbU/7oQiidJ
T53Mxanb22KmCIsHcLtsQ5bhQu4YIOaqi2cvMUfeu89996AjFrWXBdSFTQFiuIn6
Z3QSCOktXhltlJaRZpTkO/lo4FDeEbQdTEoKH56HZi381mbbefJmNDWdkISPWDQ/
AgMBAAGjeDB2MA8GA1UdEwEB/wQFMAMBAf8wDgYDVR0PAQH/BAQDAgEGMFMGA1Ud
EQRMMEqHBAoBACKCQmZ2LWF6MTA1My03NC4xZTU1d2x5YXZvdnUzbWE0ZnlsYmFx
YzRnZC5waHh4LmludGVybmFsLmNsb3VkYXBwLm5ldDANBgkqhkiG9w0BAQsFAAOC
AQEAiW+KGH2yWPzDgMIJUWsJcnTrIDzIs+IZTcx38oYdVSeE+ftuG/4idvpxB7Ob
GLr33mY/gmGkhQsuOSWFb0zMdcH5UZGUrQNUJ+5u+V/2C1ldylIRsRnfWjjIQYuV
8ZWJ8rCzB2Yj9jaWc2CsNNvwHk01Q29xqSypRKUHbYPvYDPFYs1/8Aq1BzSlrevZ
peYH4cVQTFmVfnSQG3DuvN7jQ+4GRZeJBXuDJKQDNadgan185Dz9vRgzsRMoLEiL
UdFP/+HeC0S1zHXqff9UlKDfGFC24BwvM4ku/bH6nr845BaT5Gyh6KzCSAyvPV1E
HatInUC4mAqYvqZHmUFIj3ldKA==
-----END CERTIFICATE-----

2024-03-20 21:08:34,650 [IPC Server handler 0 on default port 15002] INFO  client.SCMCertificateClient (DefaultCertificateClient.java:getAllRootCaCerts(973)) - scm/sub-ca has 0 Root CA certificates
2024-03-20 21:08:34,650 [IPC Server handler 0 on default port 15002] INFO  client.SCMCertificateClient (DefaultCertificateClient.java:getAllCaCerts(981)) - scm/sub-ca has 1 CA certificates
2024-03-20 21:08:34,651 [main] INFO  utils.CertificateCodec (CertificateCodec.java:writeCertificate(299)) - Save certificate to /home/runner/work/ozone/ozone/hadoop-ozone/integration-test/target/test-dir/MiniOzoneClusterImpl-bb4c8f07-45f9-422c-bd0c-8b04330ef271/ozone-meta/datanode-2/meta/dn/certs/ROOTCA-1.crt
2024-03-20 21:08:34,651 [main] INFO  utils.CertificateCodec (CertificateCodec.java:writeCertificate(300)) - Certificate -----BEGIN CERTIFICATE-----
MIID/zCCAuegAwIBAgIBATANBgkqhkiG9w0BAQsFADCBhTEZMBcGA1UEAwwQc2Nt
QGZ2LWF6MTA1My03NDEtMCsGA1UECwwkMWJhODdmYmMtNDUyYS00ODM2LTk3Njgt
YzY1YzY3ODM3ZGY4MS0wKwYDVQQKDCRiYjRjOGYwNy00NWY5LTQyMmMtYmQwYy04
YjA0MzMwZWYyNzExCjAIBgNVBAUTATEwHhcNMjQwMzIwMjEwODEyWhcNMjkwNDI4
MjEwODEyWjCBhTEZMBcGA1UEAwwQc2NtQGZ2LWF6MTA1My03NDEtMCsGA1UECwwk
MWJhODdmYmMtNDUyYS00ODM2LTk3NjgtYzY1YzY3ODM3ZGY4MS0wKwYDVQQKDCRi
YjRjOGYwNy00NWY5LTQyMmMtYmQwYy04YjA0MzMwZWYyNzExCjAIBgNVBAUTATEw
ggEiMA0GCSqGSIb3DQEBAQUAA4IBDwAwggEKAoIBAQC/m2LgdUeuFIMf11f1imlJ
ntpXNSG/DAXbhJLInVrNBk9r/+QierA29eQ4BztXjKki+snZ7xcCnCMTQ4hMzD2I
hYfquZKgsxO5OFvDykvs5PKV/kb18GODRIpXoBHiELfOvtwLW6KPy2ftAe5IUO1H
aDknb8dfAKwjZ0Rlrs8lxA0ejWJ36Ys5RcrkS6Gl25OeARPysuEF8jbU/7oQiidJ
T53Mxanb22KmCIsHcLtsQ5bhQu4YIOaqi2cvMUfeu89996AjFrWXBdSFTQFiuIn6
Z3QSCOktXhltlJaRZpTkO/lo4FDeEbQdTEoKH56HZi381mbbefJmNDWdkISPWDQ/
AgMBAAGjeDB2MA8GA1UdEwEB/wQFMAMBAf8wDgYDVR0PAQH/BAQDAgEGMFMGA1Ud
EQRMMEqHBAoBACKCQmZ2LWF6MTA1My03NC4xZTU1d2x5YXZvdnUzbWE0ZnlsYmFx
YzRnZC5waHh4LmludGVybmFsLmNsb3VkYXBwLm5ldDANBgkqhkiG9w0BAQsFAAOC
AQEAiW+KGH2yWPzDgMIJUWsJcnTrIDzIs+IZTcx38oYdVSeE+ftuG/4idvpxB7Ob
GLr33mY/gmGkhQsuOSWFb0zMdcH5UZGUrQNUJ+5u+V/2C1ldylIRsRnfWjjIQYuV
8ZWJ8rCzB2Yj9jaWc2CsNNvwHk01Q29xqSypRKUHbYPvYDPFYs1/8Aq1BzSlrevZ
peYH4cVQTFmVfnSQG3DuvN7jQ+4GRZeJBXuDJKQDNadgan185Dz9vRgzsRMoLEiL
UdFP/+HeC0S1zHXqff9UlKDfGFC24BwvM4ku/bH6nr845BaT5Gyh6KzCSAyvPV1E
HatInUC4mAqYvqZHmUFIj3ldKA==
-----END CERTIFICATE-----

2024-03-20 21:08:34,651 [main] INFO  client.DNCertificateClient (DefaultCertificateClient.java:updateCertSerialId(1313)) - Certificate serial ID set to 7
2024-03-20 21:08:34,652 [main] INFO  client.DNCertificateClient (DefaultCertificateClient.java:readCertificateFile(248)) - Added certificate 1 from file: /home/runner/work/ozone/ozone/hadoop-ozone/integration-test/target/test-dir/MiniOzoneClusterImpl-bb4c8f07-45f9-422c-bd0c-8b04330ef271/ozone-meta/datanode-2/meta/dn/certs/ROOTCA-1.crt.
2024-03-20 21:08:34,653 [main] INFO  client.DNCertificateClient (DefaultCertificateClient.java:readCertificateFile(248)) - Added certificate 7 from file: /home/runner/work/ozone/ozone/hadoop-ozone/integration-test/target/test-dir/MiniOzoneClusterImpl-bb4c8f07-45f9-422c-bd0c-8b04330ef271/ozone-meta/datanode-2/meta/dn/certs/7.crt.
2024-03-20 21:08:34,653 [main] INFO  client.DNCertificateClient (DefaultCertificateClient.java:readCertificateFile(248)) - Added certificate 2 from file: /home/runner/work/ozone/ozone/hadoop-ozone/integration-test/target/test-dir/MiniOzoneClusterImpl-bb4c8f07-45f9-422c-bd0c-8b04330ef271/ozone-meta/datanode-2/meta/dn/certs/CA-2.crt.
2024-03-20 21:08:34,654 [main] INFO  client.DNCertificateClient (DefaultCertificateClient.java:startCertificateRenewerService(1418)) - CertificateRenewerService for dn is started with first delay 29116799346 ms and interval 86400000 ms.
2024-03-20 21:08:34,654 [main] INFO  client.DNCertificateClient (DefaultCertificateClient.java:updateCertSerialId(1313)) - Certificate serial ID set to 7
2024-03-20 21:08:34,655 [main] INFO  client.DNCertificateClient (DefaultCertificateClient.java:readCertificateFile(248)) - Added certificate 1 from file: /home/runner/work/ozone/ozone/hadoop-ozone/integration-test/target/test-dir/MiniOzoneClusterImpl-bb4c8f07-45f9-422c-bd0c-8b04330ef271/ozone-meta/datanode-2/meta/dn/certs/ROOTCA-1.crt.
2024-03-20 21:08:34,656 [main] INFO  client.DNCertificateClient (DefaultCertificateClient.java:readCertificateFile(248)) - Added certificate 7 from file: /home/runner/work/ozone/ozone/hadoop-ozone/integration-test/target/test-dir/MiniOzoneClusterImpl-bb4c8f07-45f9-422c-bd0c-8b04330ef271/ozone-meta/datanode-2/meta/dn/certs/7.crt.
2024-03-20 21:08:34,656 [main] INFO  client.DNCertificateClient (DefaultCertificateClient.java:readCertificateFile(248)) - Added certificate 2 from file: /home/runner/work/ozone/ozone/hadoop-ozone/integration-test/target/test-dir/MiniOzoneClusterImpl-bb4c8f07-45f9-422c-bd0c-8b04330ef271/ozone-meta/datanode-2/meta/dn/certs/CA-2.crt.
2024-03-20 21:08:34,658 [main] INFO  client.DNCertificateClient (DefaultCertificateClient.java:recoverStateIfNeeded(815)) - Successfully stored DN signed certificate, case:GETCERT.
2024-03-20 21:08:34,659 [main] INFO  ha.SCMNodeInfo (SCMNodeInfo.java:getPort(197)) - ConfigKey ozone.scm.client.address is deprecated, For configuring different ports for each SCM use PortConfigKey ozone.scm.client.port appended with serviceId and nodeId
2024-03-20 21:08:34,659 [main] INFO  ha.SCMNodeInfo (SCMNodeInfo.java:getPort(197)) - ConfigKey ozone.scm.block.client.address is deprecated, For configuring different ports for each SCM use PortConfigKey ozone.scm.block.client.port appended with serviceId and nodeId
2024-03-20 21:08:34,659 [main] INFO  ha.SCMNodeInfo (SCMNodeInfo.java:getPort(197)) - ConfigKey ozone.scm.security.service.address is deprecated, For configuring different ports for each SCM use PortConfigKey ozone.scm.security.service.port appended with serviceId and nodeId
2024-03-20 21:08:34,659 [main] INFO  ha.SCMNodeInfo (SCMNodeInfo.java:getPort(197)) - ConfigKey ozone.scm.datanode.address is deprecated, For configuring different ports for each SCM use PortConfigKey ozone.scm.datanode.port appended with serviceId and nodeId
2024-03-20 21:08:34,659 [main] INFO  ha.SCMNodeInfo (SCMNodeInfo.java:getPort(197)) - ConfigKey ozone.scm.client.address is deprecated, For configuring different ports for each SCM use PortConfigKey ozone.scm.client.port appended with serviceId and nodeId
2024-03-20 21:08:34,659 [main] INFO  ha.SCMNodeInfo (SCMNodeInfo.java:getPort(197)) - ConfigKey ozone.scm.block.client.address is deprecated, For configuring different ports for each SCM use PortConfigKey ozone.scm.block.client.port appended with serviceId and nodeId
2024-03-20 21:08:34,660 [main] INFO  ha.SCMNodeInfo (SCMNodeInfo.java:getPort(197)) - ConfigKey ozone.scm.security.service.address is deprecated, For configuring different ports for each SCM use PortConfigKey ozone.scm.security.service.port appended with serviceId and nodeId
2024-03-20 21:08:34,660 [main] INFO  ha.SCMNodeInfo (SCMNodeInfo.java:getPort(197)) - ConfigKey ozone.scm.datanode.address is deprecated, For configuring different ports for each SCM use PortConfigKey ozone.scm.datanode.port appended with serviceId and nodeId
2024-03-20 21:08:34,660 [main] INFO  ha.SCMNodeInfo (SCMNodeInfo.java:getPort(197)) - ConfigKey ozone.scm.client.address is deprecated, For configuring different ports for each SCM use PortConfigKey ozone.scm.client.port appended with serviceId and nodeId
2024-03-20 21:08:34,660 [main] INFO  ha.SCMNodeInfo (SCMNodeInfo.java:getPort(197)) - ConfigKey ozone.scm.block.client.address is deprecated, For configuring different ports for each SCM use PortConfigKey ozone.scm.block.client.port appended with serviceId and nodeId
2024-03-20 21:08:34,660 [main] INFO  ha.SCMNodeInfo (SCMNodeInfo.java:getPort(197)) - ConfigKey ozone.scm.security.service.address is deprecated, For configuring different ports for each SCM use PortConfigKey ozone.scm.security.service.port appended with serviceId and nodeId
2024-03-20 21:08:34,660 [main] INFO  ha.SCMNodeInfo (SCMNodeInfo.java:getPort(197)) - ConfigKey ozone.scm.datanode.address is deprecated, For configuring different ports for each SCM use PortConfigKey ozone.scm.datanode.port appended with serviceId and nodeId
2024-03-20 21:08:34,661 [main] INFO  symmetric.DefaultSecretKeyVerifierClient (DefaultSecretKeyVerifierClient.java:<init>(77)) - Initializing secret key cache with size 8, TTL PT3S
2024-03-20 21:08:34,670 [Socket Reader #1 for port 15002] INFO  ipc.Server (Server.java:saslProcess(2139)) - Auth successful for scm/fv-az1053-74.1e55wlyavovu3ma4fylbaqc4gd.phxx.internal.cloudapp.net@EXAMPLE.COM (auth:KERBEROS) from fv-az1053-74.1e55wlyavovu3ma4fylbaqc4gd.phxx.internal.cloudapp.net:41749 / 10.1.0.34:41749
2024-03-20 21:08:34,675 [Socket Reader #1 for port 15002] INFO  authorize.ServiceAuthorizationManager (ServiceAuthorizationManager.java:authorize(137)) - Authorization successful for scm/fv-az1053-74.1e55wlyavovu3ma4fylbaqc4gd.phxx.internal.cloudapp.net@EXAMPLE.COM (auth:KERBEROS) for protocol=interface org.apache.hadoop.hdds.protocol.SecretKeyProtocolDatanode
2024-03-20 21:08:34,677 [main] INFO  symmetric.DefaultSecretKeySignerClient (DefaultSecretKeySignerClient.java:start(84)) - Initial secret key fetched from SCM: SecretKey(id = 76586aaa-b579-4887-b3f3-f14dd5ee78ac, creation at: 2024-03-20T21:08:34.272Z, expire at: 2024-03-20T21:08:37.272Z).
2024-03-20 21:08:34,677 [main] INFO  symmetric.DefaultSecretKeySignerClient (DefaultSecretKeySignerClient.java:scheduleSecretKeyPoller(150)) - Scheduling SecretKeyPoller with initial delay of PT0.595S and interval of PT0.1S
2024-03-20 21:08:34,678 [main] INFO  upgrade.AbstractLayoutVersionManager (AbstractLayoutVersionManager.java:init(83)) - Initializing Layout version manager with metadata layout = HADOOP_PRC_PORTS_IN_DATANODEDETAILS (version = 7), software layout = HADOOP_PRC_PORTS_IN_DATANODEDETAILS (version = 7)
2024-03-20 21:08:34,680 [main] INFO  ha.SCMNodeInfo (SCMNodeInfo.java:getPort(197)) - ConfigKey ozone.scm.client.address is deprecated, For configuring different ports for each SCM use PortConfigKey ozone.scm.client.port appended with serviceId and nodeId
2024-03-20 21:08:34,680 [main] INFO  ha.SCMNodeInfo (SCMNodeInfo.java:getPort(197)) - ConfigKey ozone.scm.block.client.address is deprecated, For configuring different ports for each SCM use PortConfigKey ozone.scm.block.client.port appended with serviceId and nodeId
2024-03-20 21:08:34,681 [main] INFO  ha.SCMNodeInfo (SCMNodeInfo.java:getPort(197)) - ConfigKey ozone.scm.security.service.address is deprecated, For configuring different ports for each SCM use PortConfigKey ozone.scm.security.service.port appended with serviceId and nodeId
2024-03-20 21:08:34,681 [main] INFO  ha.SCMNodeInfo (SCMNodeInfo.java:getPort(197)) - ConfigKey ozone.scm.datanode.address is deprecated, For configuring different ports for each SCM use PortConfigKey ozone.scm.datanode.port appended with serviceId and nodeId
2024-03-20 21:08:34,681 [main] INFO  ha.SCMNodeInfo (SCMNodeInfo.java:getPort(197)) - ConfigKey ozone.scm.client.address is deprecated, For configuring different ports for each SCM use PortConfigKey ozone.scm.client.port appended with serviceId and nodeId
2024-03-20 21:08:34,681 [main] INFO  ha.SCMNodeInfo (SCMNodeInfo.java:getPort(197)) - ConfigKey ozone.scm.block.client.address is deprecated, For configuring different ports for each SCM use PortConfigKey ozone.scm.block.client.port appended with serviceId and nodeId
2024-03-20 21:08:34,681 [main] INFO  ha.SCMNodeInfo (SCMNodeInfo.java:getPort(197)) - ConfigKey ozone.scm.security.service.address is deprecated, For configuring different ports for each SCM use PortConfigKey ozone.scm.security.service.port appended with serviceId and nodeId
2024-03-20 21:08:34,681 [main] INFO  ha.SCMNodeInfo (SCMNodeInfo.java:getPort(197)) - ConfigKey ozone.scm.datanode.address is deprecated, For configuring different ports for each SCM use PortConfigKey ozone.scm.datanode.port appended with serviceId and nodeId
2024-03-20 21:08:34,682 [main] INFO  ha.SCMNodeInfo (SCMNodeInfo.java:getPort(197)) - ConfigKey ozone.scm.client.address is deprecated, For configuring different ports for each SCM use PortConfigKey ozone.scm.client.port appended with serviceId and nodeId
2024-03-20 21:08:34,682 [main] INFO  ha.SCMNodeInfo (SCMNodeInfo.java:getPort(197)) - ConfigKey ozone.scm.block.client.address is deprecated, For configuring different ports for each SCM use PortConfigKey ozone.scm.block.client.port appended with serviceId and nodeId
2024-03-20 21:08:34,682 [main] INFO  ha.SCMNodeInfo (SCMNodeInfo.java:getPort(197)) - ConfigKey ozone.scm.security.service.address is deprecated, For configuring different ports for each SCM use PortConfigKey ozone.scm.security.service.port appended with serviceId and nodeId
2024-03-20 21:08:34,682 [main] INFO  ha.SCMNodeInfo (SCMNodeInfo.java:getPort(197)) - ConfigKey ozone.scm.datanode.address is deprecated, For configuring different ports for each SCM use PortConfigKey ozone.scm.datanode.port appended with serviceId and nodeId
2024-03-20 21:08:34,682 [main] INFO  statemachine.DatanodeStateMachine (DatanodeStateMachine.java:getEndPointTaskThreadPoolSize(299)) - Datanode State Machine Task Thread Pool size 4
2024-03-20 21:08:34,685 [main] INFO  volume.HddsVolume (HddsVolume.java:<init>(125)) - Creating HddsVolume: /home/runner/work/ozone/ozone/hadoop-ozone/integration-test/target/test-dir/MiniOzoneClusterImpl-bb4c8f07-45f9-422c-bd0c-8b04330ef271/ozone-meta/datanode-2/data-0/hdds of storage type : DISK capacity : 9223372036854775807
2024-03-20 21:08:34,685 [main] INFO  volume.MutableVolumeSet (MutableVolumeSet.java:initializeVolumeSet(173)) - Added Volume : /home/runner/work/ozone/ozone/hadoop-ozone/integration-test/target/test-dir/MiniOzoneClusterImpl-bb4c8f07-45f9-422c-bd0c-8b04330ef271/ozone-meta/datanode-2/data-0/hdds to VolumeSet
2024-03-20 21:08:34,686 [main] INFO  volume.MutableVolumeSet (MutableVolumeSet.java:initializeVolumeSet(173)) - Added Volume : /home/runner/work/ozone/ozone/hadoop-ozone/integration-test/target/test-dir/MiniOzoneClusterImpl-bb4c8f07-45f9-422c-bd0c-8b04330ef271/ozone-meta/datanode-2/ratis to VolumeSet
2024-03-20 21:08:34,687 [main] INFO  ozoneimpl.OzoneContainer (HddsVolumeUtil.java:loadAllHddsVolumeDbStore(103)) - Load 1 volumes DbStore cost: 0ms
2024-03-20 21:08:34,690 [main] INFO  server.RaftServer (ConfUtils.java:logGet(46)) - raft.rpc.type = GRPC (default)
2024-03-20 21:08:34,691 [main] INFO  grpc.GrpcConfigKeys (ConfUtils.java:logFallback(53)) - raft.grpc.admin.host = null (fallback to raft.grpc.server.host)
2024-03-20 21:08:34,691 [main] INFO  grpc.GrpcConfigKeys (ConfUtils.java:logGet(46)) - raft.grpc.admin.port = 15054 (custom)
2024-03-20 21:08:34,691 [main] INFO  grpc.GrpcConfigKeys (ConfUtils.java:logFallback(53)) - raft.grpc.client.host = null (fallback to raft.grpc.server.host)
2024-03-20 21:08:34,692 [main] INFO  grpc.GrpcConfigKeys (ConfUtils.java:logGet(46)) - raft.grpc.client.port = 15053 (custom)
2024-03-20 21:08:34,692 [main] INFO  grpc.GrpcConfigKeys (ConfUtils.java:logGet(46)) - raft.grpc.server.host = null (default)
2024-03-20 21:08:34,692 [main] INFO  grpc.GrpcConfigKeys (ConfUtils.java:logGet(46)) - raft.grpc.server.port = 15055 (custom)
2024-03-20 21:08:34,692 [main] INFO  server.GrpcService (ConfUtils.java:logGet(46)) - raft.grpc.message.size.max = 32MB (=33554432) (custom)
2024-03-20 21:08:34,692 [main] INFO  server.RaftServerConfigKeys (ConfUtils.java:logGet(46)) - raft.server.log.appender.buffer.byte-limit = 8388608 (custom)
2024-03-20 21:08:34,693 [main] INFO  server.GrpcService (ConfUtils.java:logGet(46)) - raft.grpc.flow.control.window = 5MB (=5242880) (custom)
2024-03-20 21:08:34,693 [main] INFO  server.RaftServerConfigKeys (ConfUtils.java:logGet(46)) - raft.server.rpc.request.timeout = 60s (custom)
2024-03-20 21:08:34,693 [main] INFO  grpc.GrpcConfigKeys (ConfUtils.java:logGet(46)) - raft.grpc.server.heartbeat.channel = true (default)
2024-03-20 21:08:34,693 [main] INFO  grpc.GrpcConfigKeys (ConfUtils.java:logGet(46)) - raft.grpc.server.async.request.thread.pool.cached = true (default)
2024-03-20 21:08:34,693 [main] INFO  grpc.GrpcConfigKeys (ConfUtils.java:logGet(46)) - raft.grpc.server.async.request.thread.pool.size = 32 (default)
2024-03-20 21:08:34,695 [main] INFO  impl.DataStreamServerImpl (ConfUtils.java:logGet(46)) - raft.datastream.type = NETTY (custom)
2024-03-20 21:08:34,696 [main] INFO  server.RaftServerConfigKeys (ConfUtils.java:logGet(46)) - raft.server.data-stream.async.request.thread.pool.cached = false (default)
2024-03-20 21:08:34,696 [main] INFO  server.RaftServerConfigKeys (ConfUtils.java:logGet(46)) - raft.server.data-stream.async.request.thread.pool.size = 20 (custom)
2024-03-20 21:08:34,696 [main] INFO  server.RaftServerConfigKeys (ConfUtils.java:logGet(46)) - raft.server.data-stream.async.write.thread.pool.size = 16 (default)
2024-03-20 21:08:34,696 [main] INFO  netty.NettyConfigKeys$DataStream (ConfUtils.java:logGet(46)) - raft.netty.dataStream.server.channel.inactive.grace-period = 10min (default)
2024-03-20 21:08:34,696 [main] INFO  server.RaftServerConfigKeys (ConfUtils.java:logGet(46)) - raft.server.data-stream.client.pool.size = 10 (default)
2024-03-20 21:08:34,697 [main] INFO  netty.NettyConfigKeys$DataStream (ConfUtils.java:logGet(46)) - raft.netty.dataStream.server.use-epoll = true (default)
2024-03-20 21:08:34,697 [main] INFO  netty.NettyConfigKeys$DataStream (ConfUtils.java:logGet(46)) - raft.netty.dataStream.server.boss-group.size = 0 (default)
2024-03-20 21:08:34,697 [main] INFO  netty.NettyUtils (NettyUtils.java:newEventLoopGroup(69)) - Create EpollEventLoopGroup for dcffae99-659e-451a-8106-d35894ce685d-NettyServerStreamRpc-bossGroup; Thread size is 0.
2024-03-20 21:08:34,697 [main] INFO  netty.NettyConfigKeys$DataStream (ConfUtils.java:logGet(46)) - raft.netty.dataStream.server.worker-group.size = 0 (default)
2024-03-20 21:08:34,698 [main] INFO  netty.NettyUtils (NettyUtils.java:newEventLoopGroup(69)) - Create EpollEventLoopGroup for dcffae99-659e-451a-8106-d35894ce685d-NettyServerStreamRpc-workerGroup; Thread size is 0.
2024-03-20 21:08:34,698 [main] INFO  netty.NettyConfigKeys$DataStream (ConfUtils.java:logGet(46)) - raft.netty.dataStream.server.tls.conf = null (default)
2024-03-20 21:08:34,698 [main] INFO  netty.NettyConfigKeys$DataStream (ConfUtils.java:logGet(46)) - raft.netty.dataStream.host = null (default)
2024-03-20 21:08:34,699 [main] INFO  netty.NettyConfigKeys$DataStream (ConfUtils.java:logGet(46)) - raft.netty.dataStream.port = 15056 (custom)
2024-03-20 21:08:34,699 [main] INFO  server.RaftServerConfigKeys (ConfUtils.java:logGet(46)) - raft.server.sleep.deviation.threshold = 300ms (default)
2024-03-20 21:08:34,699 [main] INFO  server.RaftServerConfigKeys (ConfUtils.java:logGet(46)) - raft.server.close.threshold = 60s (default)
2024-03-20 21:08:34,699 [main] INFO  server.RaftServerConfigKeys (ConfUtils.java:logGet(46)) - raft.server.leaderelection.leader.step-down.wait-time = 10s (default)
2024-03-20 21:08:34,700 [main] INFO  server.RaftServerConfigKeys (ConfUtils.java:logGet(46)) - raft.server.storage.dir = [/home/runner/work/ozone/ozone/hadoop-ozone/integration-test/target/test-dir/MiniOzoneClusterImpl-bb4c8f07-45f9-422c-bd0c-8b04330ef271/ozone-meta/datanode-2/ratis] (custom)
2024-03-20 21:08:34,700 [main] INFO  server.RaftServerConfigKeys (ConfUtils.java:logGet(46)) - raft.server.threadpool.proxy.cached = true (default)
2024-03-20 21:08:34,700 [main] INFO  server.RaftServerConfigKeys (ConfUtils.java:logGet(46)) - raft.server.threadpool.proxy.size = 0 (default)
2024-03-20 21:08:34,705 [dcffae99-659e-451a-8106-d35894ce685d-NettyServerStreamRpc-bossGroup--thread1] INFO  logging.LoggingHandler (AbstractInternalLogger.java:log(148)) - [id: 0xd29e6233] REGISTERED
2024-03-20 21:08:34,706 [dcffae99-659e-451a-8106-d35894ce685d-NettyServerStreamRpc-bossGroup--thread1] INFO  logging.LoggingHandler (AbstractInternalLogger.java:log(148)) - [id: 0xd29e6233] BIND: 0.0.0.0/0.0.0.0:15056
2024-03-20 21:08:34,706 [dcffae99-659e-451a-8106-d35894ce685d-NettyServerStreamRpc-bossGroup--thread1] INFO  logging.LoggingHandler (AbstractInternalLogger.java:log(148)) - [id: 0xd29e6233, L:/0.0.0.0:15056] ACTIVE
2024-03-20 21:08:34,706 [dcffae99-659e-451a-8106-d35894ce685d-impl-thread1] INFO  server.RaftServer (RaftServerProxy.java:initGroupDir(264)) - dcffae99-659e-451a-8106-d35894ce685d: found a subdirectory /home/runner/work/ozone/ozone/hadoop-ozone/integration-test/target/test-dir/MiniOzoneClusterImpl-bb4c8f07-45f9-422c-bd0c-8b04330ef271/ozone-meta/datanode-2/ratis/tmp
2024-03-20 21:08:34,706 [dcffae99-659e-451a-8106-d35894ce685d-impl-thread1] INFO  server.RaftServer (RaftServerProxy.java:initGroupDir(269)) - dcffae99-659e-451a-8106-d35894ce685d: The directory /home/runner/work/ozone/ozone/hadoop-ozone/integration-test/target/test-dir/MiniOzoneClusterImpl-bb4c8f07-45f9-422c-bd0c-8b04330ef271/ozone-meta/datanode-2/ratis/tmp is not a group directory; ignoring it. 
2024-03-20 21:08:34,707 [main] INFO  replication.ReplicationServer (ReplicationServer.java:<init>(86)) - Initializing replication server with thread count = 10 queue length = 4096
2024-03-20 21:08:34,709 [main] INFO  server.XceiverServerGrpc (XceiverServerGrpc.java:<init>(141)) - GrpcServer channel type EpollServerSocketChannel
2024-03-20 21:08:34,711 [main] INFO  replication.ReplicationSupervisor (ReplicationSupervisor.java:build(163)) - Initializing replication supervisor with thread count = 10
2024-03-20 21:08:34,711 [main] INFO  replication.ReplicationSupervisor (ReplicationSupervisor.java:nodeStateUpdated(317)) - Node state updated to IN_SERVICE, scaling executor pool size to 10
2024-03-20 21:08:34,712 [main] INFO  client.ClientTrustManager (ClientTrustManager.java:loadCerts(148)) - Loading certificates for client.
2024-03-20 21:08:34,718 [main] INFO  http.BaseHttpServer (BaseHttpServer.java:newHttpServer2BuilderForOzone(223)) - Starting Web-server for hddsDatanode at: http://0.0.0.0:15050
2024-03-20 21:08:34,719 [main] INFO  http.BaseHttpServer (BaseHttpServer.java:<init>(110)) - Hadoop Security Enabled: true Ozone Security Enabled: true Ozone HTTP Security Enabled: false 
2024-03-20 21:08:34,720 [main] WARN  server.AuthenticationFilter (AuthenticationFilter.java:constructSecretProvider(240)) - Unable to initialize FileSignerSecretProvider, falling back to use random secrets. Reason: Could not read signature secret file: /home/runner/hadoop-http-auth-signature-secret
2024-03-20 21:08:34,721 [main] INFO  http.HttpRequestLog (HttpRequestLog.java:getRequestLog(86)) - Http request log for http.requests.hddsDatanode is not defined
2024-03-20 21:08:34,723 [main] INFO  http.HttpServer2 (HttpServer2.java:addGlobalFilter(1036)) - Added global filter 'safety' (class=org.apache.hadoop.hdds.server.http.HttpServer2$QuotingInputFilter)
2024-03-20 21:08:34,724 [main] INFO  http.HttpServer2 (HttpServer2.java:addFilter(1012)) - Added filter static_user_filter (class=org.apache.hadoop.http.lib.StaticUserWebFilter$StaticUserFilter) to context hddsDatanode
2024-03-20 21:08:34,724 [main] INFO  http.HttpServer2 (HttpServer2.java:addFilter(1020)) - Added filter static_user_filter (class=org.apache.hadoop.http.lib.StaticUserWebFilter$StaticUserFilter) to context static
2024-03-20 21:08:34,724 [main] INFO  http.HttpServer2 (HttpServer2.java:addFilter(1020)) - Added filter static_user_filter (class=org.apache.hadoop.http.lib.StaticUserWebFilter$StaticUserFilter) to context logs
2024-03-20 21:08:34,725 [main] INFO  http.BaseHttpServer (BaseHttpServer.java:<init>(189)) - HTTP server of hddsDatanode uses base directory /home/runner/work/ozone/ozone/hadoop-ozone/integration-test/target/test-dir/MiniOzoneClusterImpl-bb4c8f07-45f9-422c-bd0c-8b04330ef271/ozone-meta/datanode-2/meta/webserver
2024-03-20 21:08:34,725 [main] INFO  http.HttpServer2 (HttpServer2.java:bindListener(1236)) - Jetty bound to port 15050
2024-03-20 21:08:34,725 [main] INFO  server.Server (Server.java:doStart(375)) - jetty-9.4.53.v20231009; built: 2023-10-09T12:29:09.265Z; git: 27bde00a0b95a1d5bbee0eae7984f891d2d0f8c9; jvm 1.8.0_402-b06
2024-03-20 21:08:34,740 [main] INFO  server.session (DefaultSessionIdManager.java:doStart(334)) - DefaultSessionIdManager workerName=node0
2024-03-20 21:08:34,740 [main] INFO  server.session (DefaultSessionIdManager.java:doStart(339)) - No SessionScavenger set, using defaults
2024-03-20 21:08:34,740 [main] INFO  server.session (HouseKeeper.java:startScavenging(132)) - node0 Scavenging every 660000ms
2024-03-20 21:08:34,741 [main] INFO  handler.ContextHandler (ContextHandler.java:doStart(921)) - Started o.e.j.s.ServletContextHandler@521dd061{logs,/logs,file:///home/runner/work/ozone/ozone/hadoop-ozone/integration-test/target/log,AVAILABLE}
2024-03-20 21:08:34,742 [main] INFO  handler.ContextHandler (ContextHandler.java:doStart(921)) - Started o.e.j.s.ServletContextHandler@321a6778{static,/static,jar:file:/home/runner/.m2/repository/org/apache/ozone/hdds-container-service/1.5.0-SNAPSHOT/hdds-container-service-1.5.0-SNAPSHOT.jar!/webapps/static,AVAILABLE}
2024-03-20 21:08:34,779 [main] INFO  handler.ContextHandler (ContextHandler.java:doStart(921)) - Started o.e.j.w.WebAppContext@35cc54a7{hddsDatanode,/,file:///home/runner/work/ozone/ozone/hadoop-ozone/integration-test/target/test-dir/MiniOzoneClusterImpl-bb4c8f07-45f9-422c-bd0c-8b04330ef271/ozone-meta/datanode-2/meta/webserver/jetty-0_0_0_0-15050-hdds-container-service-1_5_0-SNAPSHOT_jar-_-any-523800463597669406/webapp/,AVAILABLE}{jar:file:/home/runner/.m2/repository/org/apache/ozone/hdds-container-service/1.5.0-SNAPSHOT/hdds-container-service-1.5.0-SNAPSHOT.jar!/webapps/hddsDatanode}
2024-03-20 21:08:34,782 [main] INFO  server.AbstractConnector (AbstractConnector.java:doStart(333)) - Started ServerConnector@5a83f945{HTTP/1.1, (http/1.1)}{0.0.0.0:15050}
2024-03-20 21:08:34,782 [main] INFO  server.Server (Server.java:doStart(415)) - Started @25543ms
2024-03-20 21:08:34,782 [main] WARN  impl.MetricsSystemImpl (MetricsSystemImpl.java:register(279)) - Sink prometheus already exists!
2024-03-20 21:08:34,783 [main] INFO  http.BaseHttpServer (BaseHttpServer.java:updateConnectorAddress(354)) - HTTP server of hddsDatanode listening at http://0.0.0.0:15050
2024-03-20 21:08:34,783 [main] INFO  ipc.CallQueueManager (CallQueueManager.java:<init>(90)) - Using callQueue: class java.util.concurrent.LinkedBlockingQueue, queueCapacity: 100, scheduler: class org.apache.hadoop.ipc.DefaultRpcScheduler, ipcBackoff: false.
2024-03-20 21:08:34,784 [main] INFO  ipc.Server (Server.java:<init>(1287)) - Listener at 0.0.0.0:15051
2024-03-20 21:08:34,784 [Socket Reader #1 for port 15051] INFO  ipc.Server (Server.java:run(1323)) - Starting Socket Reader #1 for port 15051
2024-03-20 21:08:34,788 [main] INFO  ozone.HddsDatanodeService (HddsDatanodeService.java:start(327)) - Datanode start with admins: [runner, scm]
2024-03-20 21:08:34,788 [main] INFO  ozone.HddsDatanodeClientProtocolServer (HddsDatanodeClientProtocolServer.java:start(77)) - RPC server for Client /0.0.0.0:15051
2024-03-20 21:08:34,788 [IPC Server Responder] INFO  ipc.Server (Server.java:run(1562)) - IPC Server Responder: starting
2024-03-20 21:08:34,789 [IPC Server listener on 15051] INFO  ipc.Server (Server.java:run(1402)) - IPC Server listener on 15051: starting
2024-03-20 21:08:34,791 [dcffae99-659e-451a-8106-d35894ce685d-DatanodeStateMachineDaemonThread] INFO  statemachine.DatanodeStateMachine (DatanodeStateMachine.java:lambda$startDaemon$1(555)) - Ozone container server started.
2024-03-20 21:08:34,791 [main] WARN  dropwizard3.Dm3MetricRegistriesImpl (Dm3MetricRegistriesImpl.java:addReporterRegistration(113)) - New reporters are added after registries were created. Some metrics will be missing from the reporter. Please add reporter before adding any new registry.
2024-03-20 21:08:34,793 [main] WARN  dropwizard3.Dm3MetricRegistriesImpl (Dm3MetricRegistriesImpl.java:addReporterRegistration(113)) - New reporters are added after registries were created. Some metrics will be missing from the reporter. Please add reporter before adding any new registry.
2024-03-20 21:08:34,793 [main] INFO  impl.MetricsSystemImpl (MetricsSystemImpl.java:init(158)) - HddsDatanode metrics system started (again)
2024-03-20 21:08:34,796 [dcffae99-659e-451a-8106-d35894ce685d-DatanodeStateMachineTaskThread-0] INFO  ha.SCMNodeInfo (SCMNodeInfo.java:getPort(197)) - ConfigKey ozone.scm.client.address is deprecated, For configuring different ports for each SCM use PortConfigKey ozone.scm.client.port appended with serviceId and nodeId
2024-03-20 21:08:34,796 [dcffae99-659e-451a-8106-d35894ce685d-DatanodeStateMachineTaskThread-0] INFO  ha.SCMNodeInfo (SCMNodeInfo.java:getPort(197)) - ConfigKey ozone.scm.block.client.address is deprecated, For configuring different ports for each SCM use PortConfigKey ozone.scm.block.client.port appended with serviceId and nodeId
2024-03-20 21:08:34,796 [dcffae99-659e-451a-8106-d35894ce685d-DatanodeStateMachineTaskThread-0] INFO  ha.SCMNodeInfo (SCMNodeInfo.java:getPort(197)) - ConfigKey ozone.scm.security.service.address is deprecated, For configuring different ports for each SCM use PortConfigKey ozone.scm.security.service.port appended with serviceId and nodeId
2024-03-20 21:08:34,796 [dcffae99-659e-451a-8106-d35894ce685d-DatanodeStateMachineTaskThread-0] INFO  ha.SCMNodeInfo (SCMNodeInfo.java:getPort(197)) - ConfigKey ozone.scm.datanode.address is deprecated, For configuring different ports for each SCM use PortConfigKey ozone.scm.datanode.port appended with serviceId and nodeId
2024-03-20 21:08:34,796 [dcffae99-659e-451a-8106-d35894ce685d-DatanodeStateMachineTaskThread-0] INFO  ha.SCMNodeInfo (SCMNodeInfo.java:getPort(197)) - ConfigKey ozone.scm.client.address is deprecated, For configuring different ports for each SCM use PortConfigKey ozone.scm.client.port appended with serviceId and nodeId
2024-03-20 21:08:34,796 [dcffae99-659e-451a-8106-d35894ce685d-DatanodeStateMachineTaskThread-0] INFO  ha.SCMNodeInfo (SCMNodeInfo.java:getPort(197)) - ConfigKey ozone.scm.block.client.address is deprecated, For configuring different ports for each SCM use PortConfigKey ozone.scm.block.client.port appended with serviceId and nodeId
2024-03-20 21:08:34,796 [dcffae99-659e-451a-8106-d35894ce685d-DatanodeStateMachineTaskThread-0] INFO  ha.SCMNodeInfo (SCMNodeInfo.java:getPort(197)) - ConfigKey ozone.scm.security.service.address is deprecated, For configuring different ports for each SCM use PortConfigKey ozone.scm.security.service.port appended with serviceId and nodeId
2024-03-20 21:08:34,796 [dcffae99-659e-451a-8106-d35894ce685d-DatanodeStateMachineTaskThread-0] INFO  ha.SCMNodeInfo (SCMNodeInfo.java:getPort(197)) - ConfigKey ozone.scm.datanode.address is deprecated, For configuring different ports for each SCM use PortConfigKey ozone.scm.datanode.port appended with serviceId and nodeId
2024-03-20 21:08:34,796 [dcffae99-659e-451a-8106-d35894ce685d-DatanodeStateMachineTaskThread-0] INFO  ha.SCMNodeInfo (SCMNodeInfo.java:getPort(197)) - ConfigKey ozone.scm.client.address is deprecated, For configuring different ports for each SCM use PortConfigKey ozone.scm.client.port appended with serviceId and nodeId
2024-03-20 21:08:34,796 [dcffae99-659e-451a-8106-d35894ce685d-DatanodeStateMachineTaskThread-0] INFO  ha.SCMNodeInfo (SCMNodeInfo.java:getPort(197)) - ConfigKey ozone.scm.block.client.address is deprecated, For configuring different ports for each SCM use PortConfigKey ozone.scm.block.client.port appended with serviceId and nodeId
2024-03-20 21:08:34,796 [dcffae99-659e-451a-8106-d35894ce685d-DatanodeStateMachineTaskThread-0] INFO  ha.SCMNodeInfo (SCMNodeInfo.java:getPort(197)) - ConfigKey ozone.scm.security.service.address is deprecated, For configuring different ports for each SCM use PortConfigKey ozone.scm.security.service.port appended with serviceId and nodeId
2024-03-20 21:08:34,796 [dcffae99-659e-451a-8106-d35894ce685d-DatanodeStateMachineTaskThread-0] INFO  ha.SCMNodeInfo (SCMNodeInfo.java:getPort(197)) - ConfigKey ozone.scm.datanode.address is deprecated, For configuring different ports for each SCM use PortConfigKey ozone.scm.datanode.port appended with serviceId and nodeId
2024-03-20 21:08:34,799 [dcffae99-659e-451a-8106-d35894ce685d-DatanodeStateMachineTaskThread-0] INFO  datanode.InitDatanodeState (InitDatanodeState.java:persistContainerDatanodeDetails(139)) - DatanodeDetails is persisted to /home/runner/work/ozone/ozone/hadoop-ozone/integration-test/target/test-dir/MiniOzoneClusterImpl-bb4c8f07-45f9-422c-bd0c-8b04330ef271/ozone-meta/datanode-2/meta/datanode.id
2024-03-20 21:08:34,805 [main] INFO  ozone.HddsDatanodeService (HddsDatanodeService.java:start(240)) - HddsDatanodeService host:fv-az1053-74.1e55wlyavovu3ma4fylbaqc4gd.phxx.internal.cloudapp.net ip:10.1.0.34
2024-03-20 21:08:34,805 [main] INFO  ozone.HddsDatanodeService (HddsDatanodeService.java:start(248)) - Ozone security is enabled. Attempting login for Hdds Datanode user. Principal: scm/fv-az1053-74.1e55wlyavovu3ma4fylbaqc4gd.phxx.internal.cloudapp.net@EXAMPLE.COM,keytab: /tmp/junit9154778437432145906/scm.keytab
2024-03-20 21:08:34,807 [pool-1-thread-1] INFO  request.KdcRequest (KdcRequest.java:preauth(651)) - The preauth data is empty.
2024-03-20 21:08:34,807 [pool-1-thread-1] INFO  server.KdcHandler (KdcHandler.java:handleRecoverableException(177)) - KRB error occurred while processing request:Additional pre-authentication required
2024-03-20 21:08:34,811 [pool-1-thread-1] INFO  request.AsRequest (AsRequest.java:issueTicket(112)) - AS_REQ ISSUE: authtime 1710968914810,scm/fv-az1053-74.1e55wlyavovu3ma4fylbaqc4gd.phxx.internal.cloudapp.net@EXAMPLE.COM for krbtgt/EXAMPLE.COM@EXAMPLE.COM
2024-03-20 21:08:34,812 [main] INFO  security.UserGroupInformation (UserGroupInformation.java:loginUserFromKeytab(1132)) - Login successful for user scm/fv-az1053-74.1e55wlyavovu3ma4fylbaqc4gd.phxx.internal.cloudapp.net@EXAMPLE.COM using keytab file scm.keytab. Keytab auto renewal enabled : false
2024-03-20 21:08:34,812 [main] INFO  ozone.HddsDatanodeService (HddsDatanodeService.java:start(266)) - Hdds Datanode login successful.
2024-03-20 21:08:34,832 [main] INFO  ozone.HddsDatanodeService (HddsDatanodeService.java:initializeCertificateClient(388)) - Initializing secure Datanode.
2024-03-20 21:08:34,833 [main] INFO  ha.SCMNodeInfo (SCMNodeInfo.java:getPort(197)) - ConfigKey ozone.scm.client.address is deprecated, For configuring different ports for each SCM use PortConfigKey ozone.scm.client.port appended with serviceId and nodeId
2024-03-20 21:08:34,833 [main] INFO  ha.SCMNodeInfo (SCMNodeInfo.java:getPort(197)) - ConfigKey ozone.scm.block.client.address is deprecated, For configuring different ports for each SCM use PortConfigKey ozone.scm.block.client.port appended with serviceId and nodeId
2024-03-20 21:08:34,834 [main] INFO  ha.SCMNodeInfo (SCMNodeInfo.java:getPort(197)) - ConfigKey ozone.scm.security.service.address is deprecated, For configuring different ports for each SCM use PortConfigKey ozone.scm.security.service.port appended with serviceId and nodeId
2024-03-20 21:08:34,834 [main] INFO  ha.SCMNodeInfo (SCMNodeInfo.java:getPort(197)) - ConfigKey ozone.scm.datanode.address is deprecated, For configuring different ports for each SCM use PortConfigKey ozone.scm.datanode.port appended with serviceId and nodeId
2024-03-20 21:08:34,834 [main] INFO  ha.SCMNodeInfo (SCMNodeInfo.java:getPort(197)) - ConfigKey ozone.scm.client.address is deprecated, For configuring different ports for each SCM use PortConfigKey ozone.scm.client.port appended with serviceId and nodeId
2024-03-20 21:08:34,834 [main] INFO  ha.SCMNodeInfo (SCMNodeInfo.java:getPort(197)) - ConfigKey ozone.scm.block.client.address is deprecated, For configuring different ports for each SCM use PortConfigKey ozone.scm.block.client.port appended with serviceId and nodeId
2024-03-20 21:08:34,834 [main] INFO  ha.SCMNodeInfo (SCMNodeInfo.java:getPort(197)) - ConfigKey ozone.scm.security.service.address is deprecated, For configuring different ports for each SCM use PortConfigKey ozone.scm.security.service.port appended with serviceId and nodeId
2024-03-20 21:08:34,834 [main] INFO  ha.SCMNodeInfo (SCMNodeInfo.java:getPort(197)) - ConfigKey ozone.scm.datanode.address is deprecated, For configuring different ports for each SCM use PortConfigKey ozone.scm.datanode.port appended with serviceId and nodeId
2024-03-20 21:08:34,834 [main] INFO  ha.SCMNodeInfo (SCMNodeInfo.java:getPort(197)) - ConfigKey ozone.scm.client.address is deprecated, For configuring different ports for each SCM use PortConfigKey ozone.scm.client.port appended with serviceId and nodeId
2024-03-20 21:08:34,834 [main] INFO  ha.SCMNodeInfo (SCMNodeInfo.java:getPort(197)) - ConfigKey ozone.scm.block.client.address is deprecated, For configuring different ports for each SCM use PortConfigKey ozone.scm.block.client.port appended with serviceId and nodeId
2024-03-20 21:08:34,835 [main] INFO  ha.SCMNodeInfo (SCMNodeInfo.java:getPort(197)) - ConfigKey ozone.scm.security.service.address is deprecated, For configuring different ports for each SCM use PortConfigKey ozone.scm.security.service.port appended with serviceId and nodeId
2024-03-20 21:08:34,835 [main] INFO  ha.SCMNodeInfo (SCMNodeInfo.java:getPort(197)) - ConfigKey ozone.scm.datanode.address is deprecated, For configuring different ports for each SCM use PortConfigKey ozone.scm.datanode.port appended with serviceId and nodeId
2024-03-20 21:08:34,835 [main] INFO  client.DNCertificateClient (DefaultCertificateClient.java:updateCertSerialId(1313)) - Certificate serial ID set to null
2024-03-20 21:08:34,835 [main] ERROR client.DNCertificateClient (DefaultCertificateClient.java:getCertPath(376)) - Default certificate serial id is not set. Can't locate the default certificate for this client.
2024-03-20 21:08:34,835 [main] INFO  client.DNCertificateClient (DefaultCertificateClient.java:init(720)) - Certificate client init case: 0
2024-03-20 21:08:34,836 [main] INFO  client.DNCertificateClient (DefaultCertificateClient.java:handleCase(738)) - Creating keypair for client as keypair and certificate not found.
2024-03-20 21:08:35,020 [main] INFO  client.DNCertificateClient (DefaultCertificateClient.java:recoverStateIfNeeded(800)) - Init response: GETCERT
2024-03-20 21:08:35,020 [main] INFO  ozone.OzoneSecurityUtil (OzoneSecurityUtil.java:getValidInetsForCurrentHost(119)) - ip:fe80:0:0:0:6245:bdff:feae:494f%eth0 not returned.
2024-03-20 21:08:35,021 [main] INFO  ozone.OzoneSecurityUtil (OzoneSecurityUtil.java:getValidInetsForCurrentHost(116)) - Adding ip:10.1.0.34,host:fv-az1053-74.1e55wlyavovu3ma4fylbaqc4gd.phxx.internal.cloudapp.net
2024-03-20 21:08:35,021 [main] INFO  ozone.OzoneSecurityUtil (OzoneSecurityUtil.java:getValidInetsForCurrentHost(119)) - ip:0:0:0:0:0:0:0:1%lo not returned.
2024-03-20 21:08:35,021 [main] INFO  ozone.OzoneSecurityUtil (OzoneSecurityUtil.java:getValidInetsForCurrentHost(119)) - ip:127.0.0.1 not returned.
2024-03-20 21:08:35,021 [main] INFO  client.DNCertificateClient (DNCertificateClient.java:getCSRBuilder(86)) - Created csr for DN-> subject:scm@fv-az1053-74.1e55wlyavovu3ma4fylbaqc4gd.phxx.internal.cloudapp.net
2024-03-20 21:08:35,028 [pool-1-thread-1] INFO  request.TgsRequest (TgsRequest.java:issueTicket(115)) - TGS_REQ ISSUE: authtime 1710968915028,scm/fv-az1053-74.1e55wlyavovu3ma4fylbaqc4gd.phxx.internal.cloudapp.net for scm/fv-az1053-74.1e55wlyavovu3ma4fylbaqc4gd.phxx.internal.cloudapp.net@EXAMPLE.COM
2024-03-20 21:08:35,040 [Socket Reader #1 for port 15002] INFO  ipc.Server (Server.java:saslProcess(2139)) - Auth successful for scm/fv-az1053-74.1e55wlyavovu3ma4fylbaqc4gd.phxx.internal.cloudapp.net@EXAMPLE.COM (auth:KERBEROS) from fv-az1053-74.1e55wlyavovu3ma4fylbaqc4gd.phxx.internal.cloudapp.net:34247 / 10.1.0.34:34247
2024-03-20 21:08:35,046 [Socket Reader #1 for port 15002] INFO  authorize.ServiceAuthorizationManager (ServiceAuthorizationManager.java:authorize(137)) - Authorization successful for scm/fv-az1053-74.1e55wlyavovu3ma4fylbaqc4gd.phxx.internal.cloudapp.net@EXAMPLE.COM (auth:KERBEROS) for protocol=interface org.apache.hadoop.hdds.protocol.SCMSecurityProtocol
2024-03-20 21:08:35,047 [IPC Server handler 1 on default port 15002] INFO  server.SCMSecurityProtocolServer (SCMSecurityProtocolServer.java:getDataNodeCertificate(198)) - Processing CSR for dn fv-az1053-74.1e55wlyavovu3ma4fylbaqc4gd.phxx.internal.cloudapp.net, UUID: 98cad3d9-1aaa-47a5-be17-9665075729ab
2024-03-20 21:08:35,051 [1ba87fbc-452a-4836-9768-c65c67837df8@group-8B04330EF271-StateMachineUpdater] INFO  safemode.HealthyPipelineSafeModeRule (HealthyPipelineSafeModeRule.java:initializeRule(172)) - Refreshed total pipeline count is 0, healthy pipeline threshold count is 1
2024-03-20 21:08:35,052 [IPC Server handler 1 on default port 15002] INFO  ha.SequenceIdGenerator (SequenceIdGenerator.java:getNextId(145)) - Allocate a batch for CertificateId, change lastId from 7 to 8.
2024-03-20 21:08:35,060 [be2411e5-a42d-476f-b25b-d7f87790d2c1@group-8B04330EF271-StateMachineUpdater] INFO  safemode.HealthyPipelineSafeModeRule (HealthyPipelineSafeModeRule.java:initializeRule(172)) - Refreshed total pipeline count is 0, healthy pipeline threshold count is 1
2024-03-20 21:08:35,063 [IPC Server handler 1 on default port 15002] INFO  authority.DefaultApprover (DefaultApprover.java:sign(157)) - Extensions in CSR: 2.5.29.15, 2.5.29.17
2024-03-20 21:08:35,063 [IPC Server handler 1 on default port 15002] INFO  authority.DefaultApprover (DefaultApprover.java:sign(161)) - Extensions to add to the certificate if they present in CSR: 2.5.29.17, 2.5.29.19, 1.3.6.1.5.5.7.1.12, 2.5.29.35, 2.5.29.37, 2.5.29.15
2024-03-20 21:08:35,064 [b12aa423-edbe-43b9-9e95-c7a538dfc443@group-8B04330EF271-StateMachineUpdater] INFO  safemode.HealthyPipelineSafeModeRule (HealthyPipelineSafeModeRule.java:initializeRule(172)) - Refreshed total pipeline count is 0, healthy pipeline threshold count is 1
2024-03-20 21:08:35,087 [1ba87fbc-452a-4836-9768-c65c67837df8@group-8B04330EF271-StateMachineUpdater] INFO  safemode.HealthyPipelineSafeModeRule (HealthyPipelineSafeModeRule.java:initializeRule(172)) - Refreshed total pipeline count is 0, healthy pipeline threshold count is 1
2024-03-20 21:08:35,087 [be2411e5-a42d-476f-b25b-d7f87790d2c1@group-8B04330EF271-StateMachineUpdater] INFO  safemode.HealthyPipelineSafeModeRule (HealthyPipelineSafeModeRule.java:initializeRule(172)) - Refreshed total pipeline count is 0, healthy pipeline threshold count is 1
2024-03-20 21:08:35,099 [b12aa423-edbe-43b9-9e95-c7a538dfc443@group-8B04330EF271-StateMachineUpdater] INFO  safemode.HealthyPipelineSafeModeRule (HealthyPipelineSafeModeRule.java:initializeRule(172)) - Refreshed total pipeline count is 0, healthy pipeline threshold count is 1
2024-03-20 21:08:35,102 [main] INFO  utils.CertificateCodec (CertificateCodec.java:writeCertificate(299)) - Save certificate to /home/runner/work/ozone/ozone/hadoop-ozone/integration-test/target/test-dir/MiniOzoneClusterImpl-bb4c8f07-45f9-422c-bd0c-8b04330ef271/ozone-meta/datanode-3/meta/dn/certs/8.crt
2024-03-20 21:08:35,102 [main] INFO  utils.CertificateCodec (CertificateCodec.java:writeCertificate(300)) - Certificate -----BEGIN CERTIFICATE-----
MIIEJTCCAw2gAwIBAgIBCDANBgkqhkiG9w0BAQsFADCBhjEaMBgGA1UEAwwRc2Nt
LXN1YkBsb2NhbGhvc3QxLTArBgNVBAsMJDFiYTg3ZmJjLTQ1MmEtNDgzNi05NzY4
LWM2NWM2NzgzN2RmODEtMCsGA1UECgwkYmI0YzhmMDctNDVmOS00MjJjLWJkMGMt
OGIwNDMzMGVmMjcxMQowCAYDVQQFEwEyMB4XDTI0MDMyMDIxMDgzNVoXDTI1MDMy
MDIxMDgzNVowgbsxTzBNBgNVBAMMRnNjbUBmdi1hejEwNTMtNzQuMWU1NXdseWF2
b3Z1M21hNGZ5bGJhcWM0Z2QucGh4eC5pbnRlcm5hbC5jbG91ZGFwcC5uZXQxLTAr
BgNVBAsMJDFiYTg3ZmJjLTQ1MmEtNDgzNi05NzY4LWM2NWM2NzgzN2RmODEtMCsG
A1UECgwkYmI0YzhmMDctNDVmOS00MjJjLWJkMGMtOGIwNDMzMGVmMjcxMQowCAYD
VQQFEwE4MIIBIjANBgkqhkiG9w0BAQEFAAOCAQ8AMIIBCgKCAQEA1Gn6ECoW86kq
YDUuucaF3fGx9ucPjXQjebHfTNlv+Hz1DNt67t2Mc0+P1GwUzeorZKdjj1VCy0wm
+w3f8JdmrkM/0v1rxUdh0LuUht7Iy0fiI1tr0tICHDVKlideT9hBoS0QXpOQgaE8
aX2YzTIj2gktftHurUZN1iqe/i31pLMntzFrkQKkQFKeXqS26GkgVWpB6/4D0WYv
JYWAPH8XNO5Rqe/4K8gCLr+BiWe6OQmkM9oagJcSdZ+cEB2uP/gOcyRtslxUs6vm
KGTXuz7maYGe6ZY9AtoklUoG+0BmaU1JLfR28+gm5BkyKxRKm18zyxO28bObXODG
msbBTp7J1wIDAQABo2cwZTBTBgNVHREETDBKhwQKAQAigkJmdi1hejEwNTMtNzQu
MWU1NXdseWF2b3Z1M21hNGZ5bGJhcWM0Z2QucGh4eC5pbnRlcm5hbC5jbG91ZGFw
cC5uZXQwDgYDVR0PAQH/BAQDAgO4MA0GCSqGSIb3DQEBCwUAA4IBAQC1uoQ7K7WQ
9LYFLj/dG+PJzsG/7hGTMVSS8CO+oyvjqd/ofPZeMMys1y4o+KU8YktXRasPEGcq
EDWtuG/KGLme5Auac5N4N2z7rLMpeFijnY76tcY12Nigd8ys1mPLbvsNR8vV7DUK
WD3opT3nCSqooJOBZkOaMLzj7Sl+GcCKxqmpg0Zq0UzbGaF9dHTrzAvbnksEWDkv
4TA32OQsnYgVu8uYKZZgR/ZJFpgS7oCruyhQD62frVLCpmxzcD0/btrsJzIJ1Bxs
ncXCx57utEMg8WeKedmHcaNtjsP+8SPLur+GPVDfp026N/CTvWAQYNMtZZ/KzCP+
xRHE+Vtd4dwl
-----END CERTIFICATE-----

-----BEGIN CERTIFICATE-----
MIIEADCCAuigAwIBAgIBAjANBgkqhkiG9w0BAQsFADCBhTEZMBcGA1UEAwwQc2Nt
QGZ2LWF6MTA1My03NDEtMCsGA1UECwwkMWJhODdmYmMtNDUyYS00ODM2LTk3Njgt
YzY1YzY3ODM3ZGY4MS0wKwYDVQQKDCRiYjRjOGYwNy00NWY5LTQyMmMtYmQwYy04
YjA0MzMwZWYyNzExCjAIBgNVBAUTATEwHhcNMjQwMzIwMjEwODEyWhcNMjkwNDI4
MjEwODEyWjCBhjEaMBgGA1UEAwwRc2NtLXN1YkBsb2NhbGhvc3QxLTArBgNVBAsM
JDFiYTg3ZmJjLTQ1MmEtNDgzNi05NzY4LWM2NWM2NzgzN2RmODEtMCsGA1UECgwk
YmI0YzhmMDctNDVmOS00MjJjLWJkMGMtOGIwNDMzMGVmMjcxMQowCAYDVQQFEwEy
MIIBIjANBgkqhkiG9w0BAQEFAAOCAQ8AMIIBCgKCAQEA0S4Oj5ZRvIrBT4rTfkNq
1T6GZ19TtIIPYGkmtebb+YlvQv0yVAua1i1y6faT/Tc5/OFe4mSkckK63rbhCvrq
TUYzWYvqXemH+hptdsjy7vz6uyodOBXiAHTTx97xSKb0qj0tdAyUkVnY+lFlZitT
aTRf/kB4DtLm0r3uaduHuEfCxJnlIBigujLytFw0iHJ9WcnQLD0DWrsQ0hWiSCr+
lNkDohB/BzlJ7eQtB2/tZi/zxFzi2IwszsqveUYrJ0H5QBgfi16dw1HrHdGmBjHR
WhYoIfOn4xNBVzi6/4SafXivum6i1zxh7qgu46EZocbTfvCHeq7mg/KZoeRFOLzZ
6QIDAQABo3gwdjBTBgNVHREETDBKhwQKAQAigkJmdi1hejEwNTMtNzQuMWU1NXds
eWF2b3Z1M21hNGZ5bGJhcWM0Z2QucGh4eC5pbnRlcm5hbC5jbG91ZGFwcC5uZXQw
DwYDVR0TAQH/BAUwAwEB/zAOBgNVHQ8BAf8EBAMCAb4wDQYJKoZIhvcNAQELBQAD
ggEBAFvNDT8Nkuadq/ZhVM6C/+8ZMWBtfeuJnmvA4h2jdQRcVt5u+fP/TR0OUcX+
U7hkZK1syvso4myGR0Y7dwoTrNiJPS5WzirxipBDIy4mKEL7uN2qr504PNj9S1DU
eKfYpW0iALsEcvy4S0eQfKG9qk46Wh01CVCL3iaBVyxO/k28sTkSM4aWdUKIeae7
Ko7ANdNPxA6QxnMPInPuPIfRYwckkzZxMgDw1xdN2+fz80bFxomE+xv2opSW7IUK
9Wwi2bVihPy2RPZ6pIUgVI65bT8Ezcb4suwSF0jBtAYz/V7TrU8sMCHauLek5bBq
3EgJVE2qTLUGXWCvckrVuVwDHms=
-----END CERTIFICATE-----

-----BEGIN CERTIFICATE-----
MIID/zCCAuegAwIBAgIBATANBgkqhkiG9w0BAQsFADCBhTEZMBcGA1UEAwwQc2Nt
QGZ2LWF6MTA1My03NDEtMCsGA1UECwwkMWJhODdmYmMtNDUyYS00ODM2LTk3Njgt
YzY1YzY3ODM3ZGY4MS0wKwYDVQQKDCRiYjRjOGYwNy00NWY5LTQyMmMtYmQwYy04
YjA0MzMwZWYyNzExCjAIBgNVBAUTATEwHhcNMjQwMzIwMjEwODEyWhcNMjkwNDI4
MjEwODEyWjCBhTEZMBcGA1UEAwwQc2NtQGZ2LWF6MTA1My03NDEtMCsGA1UECwwk
MWJhODdmYmMtNDUyYS00ODM2LTk3NjgtYzY1YzY3ODM3ZGY4MS0wKwYDVQQKDCRi
YjRjOGYwNy00NWY5LTQyMmMtYmQwYy04YjA0MzMwZWYyNzExCjAIBgNVBAUTATEw
ggEiMA0GCSqGSIb3DQEBAQUAA4IBDwAwggEKAoIBAQC/m2LgdUeuFIMf11f1imlJ
ntpXNSG/DAXbhJLInVrNBk9r/+QierA29eQ4BztXjKki+snZ7xcCnCMTQ4hMzD2I
hYfquZKgsxO5OFvDykvs5PKV/kb18GODRIpXoBHiELfOvtwLW6KPy2ftAe5IUO1H
aDknb8dfAKwjZ0Rlrs8lxA0ejWJ36Ys5RcrkS6Gl25OeARPysuEF8jbU/7oQiidJ
T53Mxanb22KmCIsHcLtsQ5bhQu4YIOaqi2cvMUfeu89996AjFrWXBdSFTQFiuIn6
Z3QSCOktXhltlJaRZpTkO/lo4FDeEbQdTEoKH56HZi381mbbefJmNDWdkISPWDQ/
AgMBAAGjeDB2MA8GA1UdEwEB/wQFMAMBAf8wDgYDVR0PAQH/BAQDAgEGMFMGA1Ud
EQRMMEqHBAoBACKCQmZ2LWF6MTA1My03NC4xZTU1d2x5YXZvdnUzbWE0ZnlsYmFx
YzRnZC5waHh4LmludGVybmFsLmNsb3VkYXBwLm5ldDANBgkqhkiG9w0BAQsFAAOC
AQEAiW+KGH2yWPzDgMIJUWsJcnTrIDzIs+IZTcx38oYdVSeE+ftuG/4idvpxB7Ob
GLr33mY/gmGkhQsuOSWFb0zMdcH5UZGUrQNUJ+5u+V/2C1ldylIRsRnfWjjIQYuV
8ZWJ8rCzB2Yj9jaWc2CsNNvwHk01Q29xqSypRKUHbYPvYDPFYs1/8Aq1BzSlrevZ
peYH4cVQTFmVfnSQG3DuvN7jQ+4GRZeJBXuDJKQDNadgan185Dz9vRgzsRMoLEiL
UdFP/+HeC0S1zHXqff9UlKDfGFC24BwvM4ku/bH6nr845BaT5Gyh6KzCSAyvPV1E
HatInUC4mAqYvqZHmUFIj3ldKA==
-----END CERTIFICATE-----

2024-03-20 21:08:35,103 [main] INFO  utils.CertificateCodec (CertificateCodec.java:writeCertificate(299)) - Save certificate to /home/runner/work/ozone/ozone/hadoop-ozone/integration-test/target/test-dir/MiniOzoneClusterImpl-bb4c8f07-45f9-422c-bd0c-8b04330ef271/ozone-meta/datanode-3/meta/dn/certs/CA-2.crt
2024-03-20 21:08:35,103 [main] INFO  utils.CertificateCodec (CertificateCodec.java:writeCertificate(300)) - Certificate -----BEGIN CERTIFICATE-----
MIIEADCCAuigAwIBAgIBAjANBgkqhkiG9w0BAQsFADCBhTEZMBcGA1UEAwwQc2Nt
QGZ2LWF6MTA1My03NDEtMCsGA1UECwwkMWJhODdmYmMtNDUyYS00ODM2LTk3Njgt
YzY1YzY3ODM3ZGY4MS0wKwYDVQQKDCRiYjRjOGYwNy00NWY5LTQyMmMtYmQwYy04
YjA0MzMwZWYyNzExCjAIBgNVBAUTATEwHhcNMjQwMzIwMjEwODEyWhcNMjkwNDI4
MjEwODEyWjCBhjEaMBgGA1UEAwwRc2NtLXN1YkBsb2NhbGhvc3QxLTArBgNVBAsM
JDFiYTg3ZmJjLTQ1MmEtNDgzNi05NzY4LWM2NWM2NzgzN2RmODEtMCsGA1UECgwk
YmI0YzhmMDctNDVmOS00MjJjLWJkMGMtOGIwNDMzMGVmMjcxMQowCAYDVQQFEwEy
MIIBIjANBgkqhkiG9w0BAQEFAAOCAQ8AMIIBCgKCAQEA0S4Oj5ZRvIrBT4rTfkNq
1T6GZ19TtIIPYGkmtebb+YlvQv0yVAua1i1y6faT/Tc5/OFe4mSkckK63rbhCvrq
TUYzWYvqXemH+hptdsjy7vz6uyodOBXiAHTTx97xSKb0qj0tdAyUkVnY+lFlZitT
aTRf/kB4DtLm0r3uaduHuEfCxJnlIBigujLytFw0iHJ9WcnQLD0DWrsQ0hWiSCr+
lNkDohB/BzlJ7eQtB2/tZi/zxFzi2IwszsqveUYrJ0H5QBgfi16dw1HrHdGmBjHR
WhYoIfOn4xNBVzi6/4SafXivum6i1zxh7qgu46EZocbTfvCHeq7mg/KZoeRFOLzZ
6QIDAQABo3gwdjBTBgNVHREETDBKhwQKAQAigkJmdi1hejEwNTMtNzQuMWU1NXds
eWF2b3Z1M21hNGZ5bGJhcWM0Z2QucGh4eC5pbnRlcm5hbC5jbG91ZGFwcC5uZXQw
DwYDVR0TAQH/BAUwAwEB/zAOBgNVHQ8BAf8EBAMCAb4wDQYJKoZIhvcNAQELBQAD
ggEBAFvNDT8Nkuadq/ZhVM6C/+8ZMWBtfeuJnmvA4h2jdQRcVt5u+fP/TR0OUcX+
U7hkZK1syvso4myGR0Y7dwoTrNiJPS5WzirxipBDIy4mKEL7uN2qr504PNj9S1DU
eKfYpW0iALsEcvy4S0eQfKG9qk46Wh01CVCL3iaBVyxO/k28sTkSM4aWdUKIeae7
Ko7ANdNPxA6QxnMPInPuPIfRYwckkzZxMgDw1xdN2+fz80bFxomE+xv2opSW7IUK
9Wwi2bVihPy2RPZ6pIUgVI65bT8Ezcb4suwSF0jBtAYz/V7TrU8sMCHauLek5bBq
3EgJVE2qTLUGXWCvckrVuVwDHms=
-----END CERTIFICATE-----

-----BEGIN CERTIFICATE-----
MIID/zCCAuegAwIBAgIBATANBgkqhkiG9w0BAQsFADCBhTEZMBcGA1UEAwwQc2Nt
QGZ2LWF6MTA1My03NDEtMCsGA1UECwwkMWJhODdmYmMtNDUyYS00ODM2LTk3Njgt
YzY1YzY3ODM3ZGY4MS0wKwYDVQQKDCRiYjRjOGYwNy00NWY5LTQyMmMtYmQwYy04
YjA0MzMwZWYyNzExCjAIBgNVBAUTATEwHhcNMjQwMzIwMjEwODEyWhcNMjkwNDI4
MjEwODEyWjCBhTEZMBcGA1UEAwwQc2NtQGZ2LWF6MTA1My03NDEtMCsGA1UECwwk
MWJhODdmYmMtNDUyYS00ODM2LTk3NjgtYzY1YzY3ODM3ZGY4MS0wKwYDVQQKDCRi
YjRjOGYwNy00NWY5LTQyMmMtYmQwYy04YjA0MzMwZWYyNzExCjAIBgNVBAUTATEw
ggEiMA0GCSqGSIb3DQEBAQUAA4IBDwAwggEKAoIBAQC/m2LgdUeuFIMf11f1imlJ
ntpXNSG/DAXbhJLInVrNBk9r/+QierA29eQ4BztXjKki+snZ7xcCnCMTQ4hMzD2I
hYfquZKgsxO5OFvDykvs5PKV/kb18GODRIpXoBHiELfOvtwLW6KPy2ftAe5IUO1H
aDknb8dfAKwjZ0Rlrs8lxA0ejWJ36Ys5RcrkS6Gl25OeARPysuEF8jbU/7oQiidJ
T53Mxanb22KmCIsHcLtsQ5bhQu4YIOaqi2cvMUfeu89996AjFrWXBdSFTQFiuIn6
Z3QSCOktXhltlJaRZpTkO/lo4FDeEbQdTEoKH56HZi381mbbefJmNDWdkISPWDQ/
AgMBAAGjeDB2MA8GA1UdEwEB/wQFMAMBAf8wDgYDVR0PAQH/BAQDAgEGMFMGA1Ud
EQRMMEqHBAoBACKCQmZ2LWF6MTA1My03NC4xZTU1d2x5YXZvdnUzbWE0ZnlsYmFx
YzRnZC5waHh4LmludGVybmFsLmNsb3VkYXBwLm5ldDANBgkqhkiG9w0BAQsFAAOC
AQEAiW+KGH2yWPzDgMIJUWsJcnTrIDzIs+IZTcx38oYdVSeE+ftuG/4idvpxB7Ob
GLr33mY/gmGkhQsuOSWFb0zMdcH5UZGUrQNUJ+5u+V/2C1ldylIRsRnfWjjIQYuV
8ZWJ8rCzB2Yj9jaWc2CsNNvwHk01Q29xqSypRKUHbYPvYDPFYs1/8Aq1BzSlrevZ
peYH4cVQTFmVfnSQG3DuvN7jQ+4GRZeJBXuDJKQDNadgan185Dz9vRgzsRMoLEiL
UdFP/+HeC0S1zHXqff9UlKDfGFC24BwvM4ku/bH6nr845BaT5Gyh6KzCSAyvPV1E
HatInUC4mAqYvqZHmUFIj3ldKA==
-----END CERTIFICATE-----

2024-03-20 21:08:35,105 [IPC Server handler 0 on default port 15002] INFO  client.SCMCertificateClient (DefaultCertificateClient.java:getAllRootCaCerts(973)) - scm/sub-ca has 0 Root CA certificates
2024-03-20 21:08:35,105 [IPC Server handler 0 on default port 15002] INFO  client.SCMCertificateClient (DefaultCertificateClient.java:getAllCaCerts(981)) - scm/sub-ca has 1 CA certificates
2024-03-20 21:08:35,106 [main] INFO  utils.CertificateCodec (CertificateCodec.java:writeCertificate(299)) - Save certificate to /home/runner/work/ozone/ozone/hadoop-ozone/integration-test/target/test-dir/MiniOzoneClusterImpl-bb4c8f07-45f9-422c-bd0c-8b04330ef271/ozone-meta/datanode-3/meta/dn/certs/ROOTCA-1.crt
2024-03-20 21:08:35,106 [main] INFO  utils.CertificateCodec (CertificateCodec.java:writeCertificate(300)) - Certificate -----BEGIN CERTIFICATE-----
MIID/zCCAuegAwIBAgIBATANBgkqhkiG9w0BAQsFADCBhTEZMBcGA1UEAwwQc2Nt
QGZ2LWF6MTA1My03NDEtMCsGA1UECwwkMWJhODdmYmMtNDUyYS00ODM2LTk3Njgt
YzY1YzY3ODM3ZGY4MS0wKwYDVQQKDCRiYjRjOGYwNy00NWY5LTQyMmMtYmQwYy04
YjA0MzMwZWYyNzExCjAIBgNVBAUTATEwHhcNMjQwMzIwMjEwODEyWhcNMjkwNDI4
MjEwODEyWjCBhTEZMBcGA1UEAwwQc2NtQGZ2LWF6MTA1My03NDEtMCsGA1UECwwk
MWJhODdmYmMtNDUyYS00ODM2LTk3NjgtYzY1YzY3ODM3ZGY4MS0wKwYDVQQKDCRi
YjRjOGYwNy00NWY5LTQyMmMtYmQwYy04YjA0MzMwZWYyNzExCjAIBgNVBAUTATEw
ggEiMA0GCSqGSIb3DQEBAQUAA4IBDwAwggEKAoIBAQC/m2LgdUeuFIMf11f1imlJ
ntpXNSG/DAXbhJLInVrNBk9r/+QierA29eQ4BztXjKki+snZ7xcCnCMTQ4hMzD2I
hYfquZKgsxO5OFvDykvs5PKV/kb18GODRIpXoBHiELfOvtwLW6KPy2ftAe5IUO1H
aDknb8dfAKwjZ0Rlrs8lxA0ejWJ36Ys5RcrkS6Gl25OeARPysuEF8jbU/7oQiidJ
T53Mxanb22KmCIsHcLtsQ5bhQu4YIOaqi2cvMUfeu89996AjFrWXBdSFTQFiuIn6
Z3QSCOktXhltlJaRZpTkO/lo4FDeEbQdTEoKH56HZi381mbbefJmNDWdkISPWDQ/
AgMBAAGjeDB2MA8GA1UdEwEB/wQFMAMBAf8wDgYDVR0PAQH/BAQDAgEGMFMGA1Ud
EQRMMEqHBAoBACKCQmZ2LWF6MTA1My03NC4xZTU1d2x5YXZvdnUzbWE0ZnlsYmFx
YzRnZC5waHh4LmludGVybmFsLmNsb3VkYXBwLm5ldDANBgkqhkiG9w0BAQsFAAOC
AQEAiW+KGH2yWPzDgMIJUWsJcnTrIDzIs+IZTcx38oYdVSeE+ftuG/4idvpxB7Ob
GLr33mY/gmGkhQsuOSWFb0zMdcH5UZGUrQNUJ+5u+V/2C1ldylIRsRnfWjjIQYuV
8ZWJ8rCzB2Yj9jaWc2CsNNvwHk01Q29xqSypRKUHbYPvYDPFYs1/8Aq1BzSlrevZ
peYH4cVQTFmVfnSQG3DuvN7jQ+4GRZeJBXuDJKQDNadgan185Dz9vRgzsRMoLEiL
UdFP/+HeC0S1zHXqff9UlKDfGFC24BwvM4ku/bH6nr845BaT5Gyh6KzCSAyvPV1E
HatInUC4mAqYvqZHmUFIj3ldKA==
-----END CERTIFICATE-----

2024-03-20 21:08:35,107 [main] INFO  client.DNCertificateClient (DefaultCertificateClient.java:updateCertSerialId(1313)) - Certificate serial ID set to 8
2024-03-20 21:08:35,107 [main] INFO  client.DNCertificateClient (DefaultCertificateClient.java:readCertificateFile(248)) - Added certificate 1 from file: /home/runner/work/ozone/ozone/hadoop-ozone/integration-test/target/test-dir/MiniOzoneClusterImpl-bb4c8f07-45f9-422c-bd0c-8b04330ef271/ozone-meta/datanode-3/meta/dn/certs/ROOTCA-1.crt.
2024-03-20 21:08:35,108 [main] INFO  client.DNCertificateClient (DefaultCertificateClient.java:readCertificateFile(248)) - Added certificate 2 from file: /home/runner/work/ozone/ozone/hadoop-ozone/integration-test/target/test-dir/MiniOzoneClusterImpl-bb4c8f07-45f9-422c-bd0c-8b04330ef271/ozone-meta/datanode-3/meta/dn/certs/CA-2.crt.
2024-03-20 21:08:35,109 [main] INFO  client.DNCertificateClient (DefaultCertificateClient.java:readCertificateFile(248)) - Added certificate 8 from file: /home/runner/work/ozone/ozone/hadoop-ozone/integration-test/target/test-dir/MiniOzoneClusterImpl-bb4c8f07-45f9-422c-bd0c-8b04330ef271/ozone-meta/datanode-3/meta/dn/certs/8.crt.
2024-03-20 21:08:35,110 [main] INFO  client.DNCertificateClient (DefaultCertificateClient.java:startCertificateRenewerService(1418)) - CertificateRenewerService for dn is started with first delay 29116799891 ms and interval 86400000 ms.
2024-03-20 21:08:35,110 [main] INFO  client.DNCertificateClient (DefaultCertificateClient.java:updateCertSerialId(1313)) - Certificate serial ID set to 8
2024-03-20 21:08:35,111 [main] INFO  client.DNCertificateClient (DefaultCertificateClient.java:readCertificateFile(248)) - Added certificate 1 from file: /home/runner/work/ozone/ozone/hadoop-ozone/integration-test/target/test-dir/MiniOzoneClusterImpl-bb4c8f07-45f9-422c-bd0c-8b04330ef271/ozone-meta/datanode-3/meta/dn/certs/ROOTCA-1.crt.
2024-03-20 21:08:35,112 [main] INFO  client.DNCertificateClient (DefaultCertificateClient.java:readCertificateFile(248)) - Added certificate 2 from file: /home/runner/work/ozone/ozone/hadoop-ozone/integration-test/target/test-dir/MiniOzoneClusterImpl-bb4c8f07-45f9-422c-bd0c-8b04330ef271/ozone-meta/datanode-3/meta/dn/certs/CA-2.crt.
2024-03-20 21:08:35,113 [main] INFO  client.DNCertificateClient (DefaultCertificateClient.java:readCertificateFile(248)) - Added certificate 8 from file: /home/runner/work/ozone/ozone/hadoop-ozone/integration-test/target/test-dir/MiniOzoneClusterImpl-bb4c8f07-45f9-422c-bd0c-8b04330ef271/ozone-meta/datanode-3/meta/dn/certs/8.crt.
2024-03-20 21:08:35,115 [main] INFO  client.DNCertificateClient (DefaultCertificateClient.java:recoverStateIfNeeded(815)) - Successfully stored DN signed certificate, case:GETCERT.
2024-03-20 21:08:35,115 [main] INFO  ha.SCMNodeInfo (SCMNodeInfo.java:getPort(197)) - ConfigKey ozone.scm.client.address is deprecated, For configuring different ports for each SCM use PortConfigKey ozone.scm.client.port appended with serviceId and nodeId
2024-03-20 21:08:35,115 [main] INFO  ha.SCMNodeInfo (SCMNodeInfo.java:getPort(197)) - ConfigKey ozone.scm.block.client.address is deprecated, For configuring different ports for each SCM use PortConfigKey ozone.scm.block.client.port appended with serviceId and nodeId
2024-03-20 21:08:35,115 [main] INFO  ha.SCMNodeInfo (SCMNodeInfo.java:getPort(197)) - ConfigKey ozone.scm.security.service.address is deprecated, For configuring different ports for each SCM use PortConfigKey ozone.scm.security.service.port appended with serviceId and nodeId
2024-03-20 21:08:35,116 [main] INFO  ha.SCMNodeInfo (SCMNodeInfo.java:getPort(197)) - ConfigKey ozone.scm.datanode.address is deprecated, For configuring different ports for each SCM use PortConfigKey ozone.scm.datanode.port appended with serviceId and nodeId
2024-03-20 21:08:35,116 [main] INFO  ha.SCMNodeInfo (SCMNodeInfo.java:getPort(197)) - ConfigKey ozone.scm.client.address is deprecated, For configuring different ports for each SCM use PortConfigKey ozone.scm.client.port appended with serviceId and nodeId
2024-03-20 21:08:35,116 [main] INFO  ha.SCMNodeInfo (SCMNodeInfo.java:getPort(197)) - ConfigKey ozone.scm.block.client.address is deprecated, For configuring different ports for each SCM use PortConfigKey ozone.scm.block.client.port appended with serviceId and nodeId
2024-03-20 21:08:35,116 [main] INFO  ha.SCMNodeInfo (SCMNodeInfo.java:getPort(197)) - ConfigKey ozone.scm.security.service.address is deprecated, For configuring different ports for each SCM use PortConfigKey ozone.scm.security.service.port appended with serviceId and nodeId
2024-03-20 21:08:35,116 [main] INFO  ha.SCMNodeInfo (SCMNodeInfo.java:getPort(197)) - ConfigKey ozone.scm.datanode.address is deprecated, For configuring different ports for each SCM use PortConfigKey ozone.scm.datanode.port appended with serviceId and nodeId
2024-03-20 21:08:35,116 [main] INFO  ha.SCMNodeInfo (SCMNodeInfo.java:getPort(197)) - ConfigKey ozone.scm.client.address is deprecated, For configuring different ports for each SCM use PortConfigKey ozone.scm.client.port appended with serviceId and nodeId
2024-03-20 21:08:35,117 [main] INFO  ha.SCMNodeInfo (SCMNodeInfo.java:getPort(197)) - ConfigKey ozone.scm.block.client.address is deprecated, For configuring different ports for each SCM use PortConfigKey ozone.scm.block.client.port appended with serviceId and nodeId
2024-03-20 21:08:35,117 [main] INFO  ha.SCMNodeInfo (SCMNodeInfo.java:getPort(197)) - ConfigKey ozone.scm.security.service.address is deprecated, For configuring different ports for each SCM use PortConfigKey ozone.scm.security.service.port appended with serviceId and nodeId
2024-03-20 21:08:35,117 [main] INFO  ha.SCMNodeInfo (SCMNodeInfo.java:getPort(197)) - ConfigKey ozone.scm.datanode.address is deprecated, For configuring different ports for each SCM use PortConfigKey ozone.scm.datanode.port appended with serviceId and nodeId
2024-03-20 21:08:35,117 [main] INFO  symmetric.DefaultSecretKeyVerifierClient (DefaultSecretKeyVerifierClient.java:<init>(77)) - Initializing secret key cache with size 8, TTL PT3S
2024-03-20 21:08:35,127 [Socket Reader #1 for port 15002] INFO  ipc.Server (Server.java:saslProcess(2139)) - Auth successful for scm/fv-az1053-74.1e55wlyavovu3ma4fylbaqc4gd.phxx.internal.cloudapp.net@EXAMPLE.COM (auth:KERBEROS) from fv-az1053-74.1e55wlyavovu3ma4fylbaqc4gd.phxx.internal.cloudapp.net:33279 / 10.1.0.34:33279
2024-03-20 21:08:35,134 [Socket Reader #1 for port 15002] INFO  authorize.ServiceAuthorizationManager (ServiceAuthorizationManager.java:authorize(137)) - Authorization successful for scm/fv-az1053-74.1e55wlyavovu3ma4fylbaqc4gd.phxx.internal.cloudapp.net@EXAMPLE.COM (auth:KERBEROS) for protocol=interface org.apache.hadoop.hdds.protocol.SecretKeyProtocolDatanode
2024-03-20 21:08:35,136 [main] INFO  symmetric.DefaultSecretKeySignerClient (DefaultSecretKeySignerClient.java:start(84)) - Initial secret key fetched from SCM: SecretKey(id = 76586aaa-b579-4887-b3f3-f14dd5ee78ac, creation at: 2024-03-20T21:08:34.272Z, expire at: 2024-03-20T21:08:37.272Z).
2024-03-20 21:08:35,136 [main] INFO  symmetric.DefaultSecretKeySignerClient (DefaultSecretKeySignerClient.java:scheduleSecretKeyPoller(150)) - Scheduling SecretKeyPoller with initial delay of PT0.136S and interval of PT0.1S
2024-03-20 21:08:35,137 [main] INFO  upgrade.AbstractLayoutVersionManager (AbstractLayoutVersionManager.java:init(83)) - Initializing Layout version manager with metadata layout = HADOOP_PRC_PORTS_IN_DATANODEDETAILS (version = 7), software layout = HADOOP_PRC_PORTS_IN_DATANODEDETAILS (version = 7)
2024-03-20 21:08:35,138 [main] INFO  ha.SCMNodeInfo (SCMNodeInfo.java:getPort(197)) - ConfigKey ozone.scm.client.address is deprecated, For configuring different ports for each SCM use PortConfigKey ozone.scm.client.port appended with serviceId and nodeId
2024-03-20 21:08:35,138 [main] INFO  ha.SCMNodeInfo (SCMNodeInfo.java:getPort(197)) - ConfigKey ozone.scm.block.client.address is deprecated, For configuring different ports for each SCM use PortConfigKey ozone.scm.block.client.port appended with serviceId and nodeId
2024-03-20 21:08:35,139 [main] INFO  ha.SCMNodeInfo (SCMNodeInfo.java:getPort(197)) - ConfigKey ozone.scm.security.service.address is deprecated, For configuring different ports for each SCM use PortConfigKey ozone.scm.security.service.port appended with serviceId and nodeId
2024-03-20 21:08:35,139 [main] INFO  ha.SCMNodeInfo (SCMNodeInfo.java:getPort(197)) - ConfigKey ozone.scm.datanode.address is deprecated, For configuring different ports for each SCM use PortConfigKey ozone.scm.datanode.port appended with serviceId and nodeId
2024-03-20 21:08:35,139 [main] INFO  ha.SCMNodeInfo (SCMNodeInfo.java:getPort(197)) - ConfigKey ozone.scm.client.address is deprecated, For configuring different ports for each SCM use PortConfigKey ozone.scm.client.port appended with serviceId and nodeId
2024-03-20 21:08:35,139 [main] INFO  ha.SCMNodeInfo (SCMNodeInfo.java:getPort(197)) - ConfigKey ozone.scm.block.client.address is deprecated, For configuring different ports for each SCM use PortConfigKey ozone.scm.block.client.port appended with serviceId and nodeId
2024-03-20 21:08:35,139 [main] INFO  ha.SCMNodeInfo (SCMNodeInfo.java:getPort(197)) - ConfigKey ozone.scm.security.service.address is deprecated, For configuring different ports for each SCM use PortConfigKey ozone.scm.security.service.port appended with serviceId and nodeId
2024-03-20 21:08:35,139 [main] INFO  ha.SCMNodeInfo (SCMNodeInfo.java:getPort(197)) - ConfigKey ozone.scm.datanode.address is deprecated, For configuring different ports for each SCM use PortConfigKey ozone.scm.datanode.port appended with serviceId and nodeId
2024-03-20 21:08:35,140 [main] INFO  ha.SCMNodeInfo (SCMNodeInfo.java:getPort(197)) - ConfigKey ozone.scm.client.address is deprecated, For configuring different ports for each SCM use PortConfigKey ozone.scm.client.port appended with serviceId and nodeId
2024-03-20 21:08:35,140 [main] INFO  ha.SCMNodeInfo (SCMNodeInfo.java:getPort(197)) - ConfigKey ozone.scm.block.client.address is deprecated, For configuring different ports for each SCM use PortConfigKey ozone.scm.block.client.port appended with serviceId and nodeId
2024-03-20 21:08:35,140 [main] INFO  ha.SCMNodeInfo (SCMNodeInfo.java:getPort(197)) - ConfigKey ozone.scm.security.service.address is deprecated, For configuring different ports for each SCM use PortConfigKey ozone.scm.security.service.port appended with serviceId and nodeId
2024-03-20 21:08:35,140 [main] INFO  ha.SCMNodeInfo (SCMNodeInfo.java:getPort(197)) - ConfigKey ozone.scm.datanode.address is deprecated, For configuring different ports for each SCM use PortConfigKey ozone.scm.datanode.port appended with serviceId and nodeId
2024-03-20 21:08:35,140 [main] INFO  statemachine.DatanodeStateMachine (DatanodeStateMachine.java:getEndPointTaskThreadPoolSize(299)) - Datanode State Machine Task Thread Pool size 4
2024-03-20 21:08:35,143 [main] INFO  volume.HddsVolume (HddsVolume.java:<init>(125)) - Creating HddsVolume: /home/runner/work/ozone/ozone/hadoop-ozone/integration-test/target/test-dir/MiniOzoneClusterImpl-bb4c8f07-45f9-422c-bd0c-8b04330ef271/ozone-meta/datanode-3/data-0/hdds of storage type : DISK capacity : 9223372036854775807
2024-03-20 21:08:35,143 [main] INFO  volume.MutableVolumeSet (MutableVolumeSet.java:initializeVolumeSet(173)) - Added Volume : /home/runner/work/ozone/ozone/hadoop-ozone/integration-test/target/test-dir/MiniOzoneClusterImpl-bb4c8f07-45f9-422c-bd0c-8b04330ef271/ozone-meta/datanode-3/data-0/hdds to VolumeSet
2024-03-20 21:08:35,145 [main] INFO  volume.MutableVolumeSet (MutableVolumeSet.java:initializeVolumeSet(173)) - Added Volume : /home/runner/work/ozone/ozone/hadoop-ozone/integration-test/target/test-dir/MiniOzoneClusterImpl-bb4c8f07-45f9-422c-bd0c-8b04330ef271/ozone-meta/datanode-3/ratis to VolumeSet
2024-03-20 21:08:35,145 [main] INFO  ozoneimpl.OzoneContainer (HddsVolumeUtil.java:loadAllHddsVolumeDbStore(103)) - Load 1 volumes DbStore cost: 0ms
2024-03-20 21:08:35,148 [main] INFO  server.RaftServer (ConfUtils.java:logGet(46)) - raft.rpc.type = GRPC (default)
2024-03-20 21:08:35,149 [main] INFO  grpc.GrpcConfigKeys (ConfUtils.java:logFallback(53)) - raft.grpc.admin.host = null (fallback to raft.grpc.server.host)
2024-03-20 21:08:35,149 [main] INFO  grpc.GrpcConfigKeys (ConfUtils.java:logGet(46)) - raft.grpc.admin.port = 15063 (custom)
2024-03-20 21:08:35,149 [main] INFO  grpc.GrpcConfigKeys (ConfUtils.java:logFallback(53)) - raft.grpc.client.host = null (fallback to raft.grpc.server.host)
2024-03-20 21:08:35,150 [main] INFO  grpc.GrpcConfigKeys (ConfUtils.java:logGet(46)) - raft.grpc.client.port = 15062 (custom)
2024-03-20 21:08:35,150 [main] INFO  grpc.GrpcConfigKeys (ConfUtils.java:logGet(46)) - raft.grpc.server.host = null (default)
2024-03-20 21:08:35,150 [main] INFO  grpc.GrpcConfigKeys (ConfUtils.java:logGet(46)) - raft.grpc.server.port = 15064 (custom)
2024-03-20 21:08:35,150 [main] INFO  server.GrpcService (ConfUtils.java:logGet(46)) - raft.grpc.message.size.max = 32MB (=33554432) (custom)
2024-03-20 21:08:35,150 [main] INFO  server.RaftServerConfigKeys (ConfUtils.java:logGet(46)) - raft.server.log.appender.buffer.byte-limit = 8388608 (custom)
2024-03-20 21:08:35,151 [main] INFO  server.GrpcService (ConfUtils.java:logGet(46)) - raft.grpc.flow.control.window = 5MB (=5242880) (custom)
2024-03-20 21:08:35,151 [main] INFO  server.RaftServerConfigKeys (ConfUtils.java:logGet(46)) - raft.server.rpc.request.timeout = 60s (custom)
2024-03-20 21:08:35,151 [main] INFO  grpc.GrpcConfigKeys (ConfUtils.java:logGet(46)) - raft.grpc.server.heartbeat.channel = true (default)
2024-03-20 21:08:35,151 [main] INFO  grpc.GrpcConfigKeys (ConfUtils.java:logGet(46)) - raft.grpc.server.async.request.thread.pool.cached = true (default)
2024-03-20 21:08:35,152 [main] INFO  grpc.GrpcConfigKeys (ConfUtils.java:logGet(46)) - raft.grpc.server.async.request.thread.pool.size = 32 (default)
2024-03-20 21:08:35,154 [main] INFO  impl.DataStreamServerImpl (ConfUtils.java:logGet(46)) - raft.datastream.type = NETTY (custom)
2024-03-20 21:08:35,155 [main] INFO  server.RaftServerConfigKeys (ConfUtils.java:logGet(46)) - raft.server.data-stream.async.request.thread.pool.cached = false (default)
2024-03-20 21:08:35,155 [main] INFO  server.RaftServerConfigKeys (ConfUtils.java:logGet(46)) - raft.server.data-stream.async.request.thread.pool.size = 20 (custom)
2024-03-20 21:08:35,155 [main] INFO  server.RaftServerConfigKeys (ConfUtils.java:logGet(46)) - raft.server.data-stream.async.write.thread.pool.size = 16 (default)
2024-03-20 21:08:35,155 [main] INFO  netty.NettyConfigKeys$DataStream (ConfUtils.java:logGet(46)) - raft.netty.dataStream.server.channel.inactive.grace-period = 10min (default)
2024-03-20 21:08:35,156 [main] INFO  server.RaftServerConfigKeys (ConfUtils.java:logGet(46)) - raft.server.data-stream.client.pool.size = 10 (default)
2024-03-20 21:08:35,156 [main] INFO  netty.NettyConfigKeys$DataStream (ConfUtils.java:logGet(46)) - raft.netty.dataStream.server.use-epoll = true (default)
2024-03-20 21:08:35,156 [main] INFO  netty.NettyConfigKeys$DataStream (ConfUtils.java:logGet(46)) - raft.netty.dataStream.server.boss-group.size = 0 (default)
2024-03-20 21:08:35,156 [main] INFO  netty.NettyUtils (NettyUtils.java:newEventLoopGroup(69)) - Create EpollEventLoopGroup for 98cad3d9-1aaa-47a5-be17-9665075729ab-NettyServerStreamRpc-bossGroup; Thread size is 0.
2024-03-20 21:08:35,157 [main] INFO  netty.NettyConfigKeys$DataStream (ConfUtils.java:logGet(46)) - raft.netty.dataStream.server.worker-group.size = 0 (default)
2024-03-20 21:08:35,157 [main] INFO  netty.NettyUtils (NettyUtils.java:newEventLoopGroup(69)) - Create EpollEventLoopGroup for 98cad3d9-1aaa-47a5-be17-9665075729ab-NettyServerStreamRpc-workerGroup; Thread size is 0.
2024-03-20 21:08:35,158 [main] INFO  netty.NettyConfigKeys$DataStream (ConfUtils.java:logGet(46)) - raft.netty.dataStream.server.tls.conf = null (default)
2024-03-20 21:08:35,158 [main] INFO  netty.NettyConfigKeys$DataStream (ConfUtils.java:logGet(46)) - raft.netty.dataStream.host = null (default)
2024-03-20 21:08:35,158 [main] INFO  netty.NettyConfigKeys$DataStream (ConfUtils.java:logGet(46)) - raft.netty.dataStream.port = 15065 (custom)
2024-03-20 21:08:35,159 [main] INFO  server.RaftServerConfigKeys (ConfUtils.java:logGet(46)) - raft.server.sleep.deviation.threshold = 300ms (default)
2024-03-20 21:08:35,161 [98cad3d9-1aaa-47a5-be17-9665075729ab-NettyServerStreamRpc-bossGroup--thread1] INFO  logging.LoggingHandler (AbstractInternalLogger.java:log(148)) - [id: 0x6c9d6c3a] REGISTERED
2024-03-20 21:08:35,161 [98cad3d9-1aaa-47a5-be17-9665075729ab-NettyServerStreamRpc-bossGroup--thread1] INFO  logging.LoggingHandler (AbstractInternalLogger.java:log(148)) - [id: 0x6c9d6c3a] BIND: 0.0.0.0/0.0.0.0:15065
2024-03-20 21:08:35,161 [98cad3d9-1aaa-47a5-be17-9665075729ab-NettyServerStreamRpc-bossGroup--thread1] INFO  logging.LoggingHandler (AbstractInternalLogger.java:log(148)) - [id: 0x6c9d6c3a, L:/0.0.0.0:15065] ACTIVE
2024-03-20 21:08:35,161 [main] INFO  server.RaftServerConfigKeys (ConfUtils.java:logGet(46)) - raft.server.close.threshold = 60s (default)
2024-03-20 21:08:35,161 [main] INFO  server.RaftServerConfigKeys (ConfUtils.java:logGet(46)) - raft.server.leaderelection.leader.step-down.wait-time = 10s (default)
2024-03-20 21:08:35,162 [main] INFO  server.RaftServerConfigKeys (ConfUtils.java:logGet(46)) - raft.server.storage.dir = [/home/runner/work/ozone/ozone/hadoop-ozone/integration-test/target/test-dir/MiniOzoneClusterImpl-bb4c8f07-45f9-422c-bd0c-8b04330ef271/ozone-meta/datanode-3/ratis] (custom)
2024-03-20 21:08:35,162 [main] INFO  server.RaftServerConfigKeys (ConfUtils.java:logGet(46)) - raft.server.threadpool.proxy.cached = true (default)
2024-03-20 21:08:35,162 [main] INFO  server.RaftServerConfigKeys (ConfUtils.java:logGet(46)) - raft.server.threadpool.proxy.size = 0 (default)
2024-03-20 21:08:35,163 [98cad3d9-1aaa-47a5-be17-9665075729ab-impl-thread1] INFO  server.RaftServer (RaftServerProxy.java:initGroupDir(264)) - 98cad3d9-1aaa-47a5-be17-9665075729ab: found a subdirectory /home/runner/work/ozone/ozone/hadoop-ozone/integration-test/target/test-dir/MiniOzoneClusterImpl-bb4c8f07-45f9-422c-bd0c-8b04330ef271/ozone-meta/datanode-3/ratis/tmp
2024-03-20 21:08:35,163 [98cad3d9-1aaa-47a5-be17-9665075729ab-impl-thread1] INFO  server.RaftServer (RaftServerProxy.java:initGroupDir(269)) - 98cad3d9-1aaa-47a5-be17-9665075729ab: The directory /home/runner/work/ozone/ozone/hadoop-ozone/integration-test/target/test-dir/MiniOzoneClusterImpl-bb4c8f07-45f9-422c-bd0c-8b04330ef271/ozone-meta/datanode-3/ratis/tmp is not a group directory; ignoring it. 
2024-03-20 21:08:35,163 [main] INFO  replication.ReplicationServer (ReplicationServer.java:<init>(86)) - Initializing replication server with thread count = 10 queue length = 4096
2024-03-20 21:08:35,164 [main] INFO  server.XceiverServerGrpc (XceiverServerGrpc.java:<init>(141)) - GrpcServer channel type EpollServerSocketChannel
2024-03-20 21:08:35,166 [main] INFO  replication.ReplicationSupervisor (ReplicationSupervisor.java:build(163)) - Initializing replication supervisor with thread count = 10
2024-03-20 21:08:35,166 [main] INFO  replication.ReplicationSupervisor (ReplicationSupervisor.java:nodeStateUpdated(317)) - Node state updated to IN_SERVICE, scaling executor pool size to 10
2024-03-20 21:08:35,167 [main] INFO  client.ClientTrustManager (ClientTrustManager.java:loadCerts(148)) - Loading certificates for client.
2024-03-20 21:08:35,173 [main] INFO  http.BaseHttpServer (BaseHttpServer.java:newHttpServer2BuilderForOzone(223)) - Starting Web-server for hddsDatanode at: http://0.0.0.0:15059
2024-03-20 21:08:35,173 [main] INFO  http.BaseHttpServer (BaseHttpServer.java:<init>(110)) - Hadoop Security Enabled: true Ozone Security Enabled: true Ozone HTTP Security Enabled: false 
2024-03-20 21:08:35,175 [main] WARN  server.AuthenticationFilter (AuthenticationFilter.java:constructSecretProvider(240)) - Unable to initialize FileSignerSecretProvider, falling back to use random secrets. Reason: Could not read signature secret file: /home/runner/hadoop-http-auth-signature-secret
2024-03-20 21:08:35,175 [main] INFO  http.HttpRequestLog (HttpRequestLog.java:getRequestLog(86)) - Http request log for http.requests.hddsDatanode is not defined
2024-03-20 21:08:35,179 [main] INFO  http.HttpServer2 (HttpServer2.java:addGlobalFilter(1036)) - Added global filter 'safety' (class=org.apache.hadoop.hdds.server.http.HttpServer2$QuotingInputFilter)
2024-03-20 21:08:35,180 [main] INFO  http.HttpServer2 (HttpServer2.java:addFilter(1012)) - Added filter static_user_filter (class=org.apache.hadoop.http.lib.StaticUserWebFilter$StaticUserFilter) to context hddsDatanode
2024-03-20 21:08:35,180 [main] INFO  http.HttpServer2 (HttpServer2.java:addFilter(1020)) - Added filter static_user_filter (class=org.apache.hadoop.http.lib.StaticUserWebFilter$StaticUserFilter) to context static
2024-03-20 21:08:35,180 [main] INFO  http.HttpServer2 (HttpServer2.java:addFilter(1020)) - Added filter static_user_filter (class=org.apache.hadoop.http.lib.StaticUserWebFilter$StaticUserFilter) to context logs
2024-03-20 21:08:35,181 [main] INFO  http.BaseHttpServer (BaseHttpServer.java:<init>(189)) - HTTP server of hddsDatanode uses base directory /home/runner/work/ozone/ozone/hadoop-ozone/integration-test/target/test-dir/MiniOzoneClusterImpl-bb4c8f07-45f9-422c-bd0c-8b04330ef271/ozone-meta/datanode-3/meta/webserver
2024-03-20 21:08:35,181 [main] INFO  http.HttpServer2 (HttpServer2.java:bindListener(1236)) - Jetty bound to port 15059
2024-03-20 21:08:35,181 [main] INFO  server.Server (Server.java:doStart(375)) - jetty-9.4.53.v20231009; built: 2023-10-09T12:29:09.265Z; git: 27bde00a0b95a1d5bbee0eae7984f891d2d0f8c9; jvm 1.8.0_402-b06
2024-03-20 21:08:35,182 [main] INFO  server.session (DefaultSessionIdManager.java:doStart(334)) - DefaultSessionIdManager workerName=node0
2024-03-20 21:08:35,183 [main] INFO  server.session (DefaultSessionIdManager.java:doStart(339)) - No SessionScavenger set, using defaults
2024-03-20 21:08:35,183 [main] INFO  server.session (HouseKeeper.java:startScavenging(132)) - node0 Scavenging every 600000ms
2024-03-20 21:08:35,184 [main] INFO  handler.ContextHandler (ContextHandler.java:doStart(921)) - Started o.e.j.s.ServletContextHandler@73b0c606{logs,/logs,file:///home/runner/work/ozone/ozone/hadoop-ozone/integration-test/target/log,AVAILABLE}
2024-03-20 21:08:35,184 [main] INFO  handler.ContextHandler (ContextHandler.java:doStart(921)) - Started o.e.j.s.ServletContextHandler@904ccf7{static,/static,jar:file:/home/runner/.m2/repository/org/apache/ozone/hdds-container-service/1.5.0-SNAPSHOT/hdds-container-service-1.5.0-SNAPSHOT.jar!/webapps/static,AVAILABLE}
2024-03-20 21:08:35,219 [main] INFO  handler.ContextHandler (ContextHandler.java:doStart(921)) - Started o.e.j.w.WebAppContext@11d5c69f{hddsDatanode,/,file:///home/runner/work/ozone/ozone/hadoop-ozone/integration-test/target/test-dir/MiniOzoneClusterImpl-bb4c8f07-45f9-422c-bd0c-8b04330ef271/ozone-meta/datanode-3/meta/webserver/jetty-0_0_0_0-15059-hdds-container-service-1_5_0-SNAPSHOT_jar-_-any-8589862134381228107/webapp/,AVAILABLE}{jar:file:/home/runner/.m2/repository/org/apache/ozone/hdds-container-service/1.5.0-SNAPSHOT/hdds-container-service-1.5.0-SNAPSHOT.jar!/webapps/hddsDatanode}
2024-03-20 21:08:35,222 [main] INFO  server.AbstractConnector (AbstractConnector.java:doStart(333)) - Started ServerConnector@55f7ee10{HTTP/1.1, (http/1.1)}{0.0.0.0:15059}
2024-03-20 21:08:35,222 [main] INFO  server.Server (Server.java:doStart(415)) - Started @25983ms
2024-03-20 21:08:35,222 [main] WARN  impl.MetricsSystemImpl (MetricsSystemImpl.java:register(279)) - Sink prometheus already exists!
2024-03-20 21:08:35,223 [main] INFO  http.BaseHttpServer (BaseHttpServer.java:updateConnectorAddress(354)) - HTTP server of hddsDatanode listening at http://0.0.0.0:15059
2024-03-20 21:08:35,224 [main] INFO  ipc.CallQueueManager (CallQueueManager.java:<init>(90)) - Using callQueue: class java.util.concurrent.LinkedBlockingQueue, queueCapacity: 100, scheduler: class org.apache.hadoop.ipc.DefaultRpcScheduler, ipcBackoff: false.
2024-03-20 21:08:35,224 [main] INFO  ipc.Server (Server.java:<init>(1287)) - Listener at 0.0.0.0:15060
2024-03-20 21:08:35,225 [Socket Reader #1 for port 15060] INFO  ipc.Server (Server.java:run(1323)) - Starting Socket Reader #1 for port 15060
2024-03-20 21:08:35,233 [main] INFO  ozone.HddsDatanodeService (HddsDatanodeService.java:start(327)) - Datanode start with admins: [runner, scm]
2024-03-20 21:08:35,234 [main] INFO  ozone.HddsDatanodeClientProtocolServer (HddsDatanodeClientProtocolServer.java:start(77)) - RPC server for Client /0.0.0.0:15060
2024-03-20 21:08:35,234 [IPC Server Responder] INFO  ipc.Server (Server.java:run(1562)) - IPC Server Responder: starting
2024-03-20 21:08:35,234 [IPC Server listener on 15060] INFO  ipc.Server (Server.java:run(1402)) - IPC Server listener on 15060: starting
2024-03-20 21:08:35,235 [98cad3d9-1aaa-47a5-be17-9665075729ab-DatanodeStateMachineDaemonThread] INFO  statemachine.DatanodeStateMachine (DatanodeStateMachine.java:lambda$startDaemon$1(555)) - Ozone container server started.
2024-03-20 21:08:35,239 [98cad3d9-1aaa-47a5-be17-9665075729ab-DatanodeStateMachineTaskThread-0] INFO  ha.SCMNodeInfo (SCMNodeInfo.java:getPort(197)) - ConfigKey ozone.scm.client.address is deprecated, For configuring different ports for each SCM use PortConfigKey ozone.scm.client.port appended with serviceId and nodeId
2024-03-20 21:08:35,239 [main] INFO  ozone.MiniOzoneClusterImpl (MiniOzoneClusterImpl.java:lambda$waitForClusterToBeReady$0(194)) - Waiting for nodes to be ready. Got 0 of 3 DN Heartbeats.
2024-03-20 21:08:35,239 [main] INFO  ozone.MiniOzoneClusterImpl (MiniOzoneClusterImpl.java:lambda$waitForClusterToBeReady$0(197)) - Waiting for cluster to exit safe mode
2024-03-20 21:08:35,239 [main] INFO  ozone.MiniOzoneClusterImpl (MiniOzoneClusterImpl.java:lambda$waitForClusterToBeReady$0(199)) - SCM became leader
2024-03-20 21:08:35,239 [98cad3d9-1aaa-47a5-be17-9665075729ab-DatanodeStateMachineTaskThread-0] INFO  ha.SCMNodeInfo (SCMNodeInfo.java:getPort(197)) - ConfigKey ozone.scm.block.client.address is deprecated, For configuring different ports for each SCM use PortConfigKey ozone.scm.block.client.port appended with serviceId and nodeId
2024-03-20 21:08:35,240 [98cad3d9-1aaa-47a5-be17-9665075729ab-DatanodeStateMachineTaskThread-0] INFO  ha.SCMNodeInfo (SCMNodeInfo.java:getPort(197)) - ConfigKey ozone.scm.security.service.address is deprecated, For configuring different ports for each SCM use PortConfigKey ozone.scm.security.service.port appended with serviceId and nodeId
2024-03-20 21:08:35,240 [98cad3d9-1aaa-47a5-be17-9665075729ab-DatanodeStateMachineTaskThread-0] INFO  ha.SCMNodeInfo (SCMNodeInfo.java:getPort(197)) - ConfigKey ozone.scm.datanode.address is deprecated, For configuring different ports for each SCM use PortConfigKey ozone.scm.datanode.port appended with serviceId and nodeId
2024-03-20 21:08:35,240 [98cad3d9-1aaa-47a5-be17-9665075729ab-DatanodeStateMachineTaskThread-0] INFO  ha.SCMNodeInfo (SCMNodeInfo.java:getPort(197)) - ConfigKey ozone.scm.client.address is deprecated, For configuring different ports for each SCM use PortConfigKey ozone.scm.client.port appended with serviceId and nodeId
2024-03-20 21:08:35,240 [98cad3d9-1aaa-47a5-be17-9665075729ab-DatanodeStateMachineTaskThread-0] INFO  ha.SCMNodeInfo (SCMNodeInfo.java:getPort(197)) - ConfigKey ozone.scm.block.client.address is deprecated, For configuring different ports for each SCM use PortConfigKey ozone.scm.block.client.port appended with serviceId and nodeId
2024-03-20 21:08:35,240 [98cad3d9-1aaa-47a5-be17-9665075729ab-DatanodeStateMachineTaskThread-0] INFO  ha.SCMNodeInfo (SCMNodeInfo.java:getPort(197)) - ConfigKey ozone.scm.security.service.address is deprecated, For configuring different ports for each SCM use PortConfigKey ozone.scm.security.service.port appended with serviceId and nodeId
2024-03-20 21:08:35,240 [98cad3d9-1aaa-47a5-be17-9665075729ab-DatanodeStateMachineTaskThread-0] INFO  ha.SCMNodeInfo (SCMNodeInfo.java:getPort(197)) - ConfigKey ozone.scm.datanode.address is deprecated, For configuring different ports for each SCM use PortConfigKey ozone.scm.datanode.port appended with serviceId and nodeId
2024-03-20 21:08:35,240 [98cad3d9-1aaa-47a5-be17-9665075729ab-DatanodeStateMachineTaskThread-0] INFO  ha.SCMNodeInfo (SCMNodeInfo.java:getPort(197)) - ConfigKey ozone.scm.client.address is deprecated, For configuring different ports for each SCM use PortConfigKey ozone.scm.client.port appended with serviceId and nodeId
2024-03-20 21:08:35,240 [98cad3d9-1aaa-47a5-be17-9665075729ab-DatanodeStateMachineTaskThread-0] INFO  ha.SCMNodeInfo (SCMNodeInfo.java:getPort(197)) - ConfigKey ozone.scm.block.client.address is deprecated, For configuring different ports for each SCM use PortConfigKey ozone.scm.block.client.port appended with serviceId and nodeId
2024-03-20 21:08:35,240 [98cad3d9-1aaa-47a5-be17-9665075729ab-DatanodeStateMachineTaskThread-0] INFO  ha.SCMNodeInfo (SCMNodeInfo.java:getPort(197)) - ConfigKey ozone.scm.security.service.address is deprecated, For configuring different ports for each SCM use PortConfigKey ozone.scm.security.service.port appended with serviceId and nodeId
2024-03-20 21:08:35,240 [98cad3d9-1aaa-47a5-be17-9665075729ab-DatanodeStateMachineTaskThread-0] INFO  ha.SCMNodeInfo (SCMNodeInfo.java:getPort(197)) - ConfigKey ozone.scm.datanode.address is deprecated, For configuring different ports for each SCM use PortConfigKey ozone.scm.datanode.port appended with serviceId and nodeId
2024-03-20 21:08:35,244 [98cad3d9-1aaa-47a5-be17-9665075729ab-DatanodeStateMachineTaskThread-0] INFO  datanode.InitDatanodeState (InitDatanodeState.java:persistContainerDatanodeDetails(139)) - DatanodeDetails is persisted to /home/runner/work/ozone/ozone/hadoop-ozone/integration-test/target/test-dir/MiniOzoneClusterImpl-bb4c8f07-45f9-422c-bd0c-8b04330ef271/ozone-meta/datanode-3/meta/datanode.id
2024-03-20 21:08:35,272 [scmNode-1-SecretKeyManagerService] INFO  symmetric.SecretKeyManager (SecretKeyManager.java:checkAndRotate(125)) - SecretKey rotation is happening, new key generated SecretKey(id = a2bb4459-6b9e-474d-a1e3-39b0977d1a31, creation at: 2024-03-20T21:08:35.272Z, expire at: 2024-03-20T21:08:38.272Z)
2024-03-20 21:08:35,282 [1ba87fbc-452a-4836-9768-c65c67837df8@group-8B04330EF271-StateMachineUpdater] INFO  symmetric.SecretKeyStateImpl (SecretKeyStateImpl.java:updateKeysInternal(113)) - Updating keys with [SecretKey(id = 76586aaa-b579-4887-b3f3-f14dd5ee78ac, creation at: 2024-03-20T21:08:34.272Z, expire at: 2024-03-20T21:08:37.272Z), SecretKey(id = 6212e3bb-d7af-4548-9cc5-e8acc18af7ff, creation at: 2024-03-20T21:08:33.272Z, expire at: 2024-03-20T21:08:36.272Z), SecretKey(id = f137fd3b-35b1-4657-9c9c-4f11f41b3bed, creation at: 2024-03-20T21:08:32.272Z, expire at: 2024-03-20T21:08:35.272Z), SecretKey(id = a2bb4459-6b9e-474d-a1e3-39b0977d1a31, creation at: 2024-03-20T21:08:35.272Z, expire at: 2024-03-20T21:08:38.272Z)]
2024-03-20 21:08:35,283 [1ba87fbc-452a-4836-9768-c65c67837df8@group-8B04330EF271-StateMachineUpdater] INFO  symmetric.SecretKeyStateImpl (SecretKeyStateImpl.java:updateKeysInternal(128)) - Current key updated SecretKey(id = a2bb4459-6b9e-474d-a1e3-39b0977d1a31, creation at: 2024-03-20T21:08:35.272Z, expire at: 2024-03-20T21:08:38.272Z)
2024-03-20 21:08:35,285 [1ba87fbc-452a-4836-9768-c65c67837df8@group-8B04330EF271-StateMachineUpdater] INFO  symmetric.LocalSecretKeyStore (LocalSecretKeyStore.java:save(109)) - Saved [SecretKey(id = a2bb4459-6b9e-474d-a1e3-39b0977d1a31, creation at: 2024-03-20T21:08:35.272Z, expire at: 2024-03-20T21:08:38.272Z), SecretKey(id = 76586aaa-b579-4887-b3f3-f14dd5ee78ac, creation at: 2024-03-20T21:08:34.272Z, expire at: 2024-03-20T21:08:37.272Z), SecretKey(id = 6212e3bb-d7af-4548-9cc5-e8acc18af7ff, creation at: 2024-03-20T21:08:33.272Z, expire at: 2024-03-20T21:08:36.272Z), SecretKey(id = f137fd3b-35b1-4657-9c9c-4f11f41b3bed, creation at: 2024-03-20T21:08:32.272Z, expire at: 2024-03-20T21:08:35.272Z)] to file /home/runner/work/ozone/ozone/hadoop-ozone/integration-test/target/test-dir/MiniOzoneClusterImpl-bb4c8f07-45f9-422c-bd0c-8b04330ef271/scmNode-1/scm/keys/secret_keys.json
2024-03-20 21:08:35,285 [1ba87fbc-452a-4836-9768-c65c67837df8@group-8B04330EF271-StateMachineUpdater] INFO  safemode.HealthyPipelineSafeModeRule (HealthyPipelineSafeModeRule.java:initializeRule(172)) - Refreshed total pipeline count is 0, healthy pipeline threshold count is 1
2024-03-20 21:08:35,286 [b12aa423-edbe-43b9-9e95-c7a538dfc443@group-8B04330EF271-StateMachineUpdater] INFO  symmetric.SecretKeyStateImpl (SecretKeyStateImpl.java:updateKeysInternal(113)) - Updating keys with [SecretKey(id = 76586aaa-b579-4887-b3f3-f14dd5ee78ac, creation at: 2024-03-20T21:08:34.272Z, expire at: 2024-03-20T21:08:37.272Z), SecretKey(id = 6212e3bb-d7af-4548-9cc5-e8acc18af7ff, creation at: 2024-03-20T21:08:33.272Z, expire at: 2024-03-20T21:08:36.272Z), SecretKey(id = f137fd3b-35b1-4657-9c9c-4f11f41b3bed, creation at: 2024-03-20T21:08:32.272Z, expire at: 2024-03-20T21:08:35.272Z), SecretKey(id = a2bb4459-6b9e-474d-a1e3-39b0977d1a31, creation at: 2024-03-20T21:08:35.272Z, expire at: 2024-03-20T21:08:38.272Z)]
2024-03-20 21:08:35,286 [b12aa423-edbe-43b9-9e95-c7a538dfc443@group-8B04330EF271-StateMachineUpdater] INFO  symmetric.SecretKeyStateImpl (SecretKeyStateImpl.java:updateKeysInternal(128)) - Current key updated SecretKey(id = a2bb4459-6b9e-474d-a1e3-39b0977d1a31, creation at: 2024-03-20T21:08:35.272Z, expire at: 2024-03-20T21:08:38.272Z)
2024-03-20 21:08:35,286 [be2411e5-a42d-476f-b25b-d7f87790d2c1@group-8B04330EF271-StateMachineUpdater] INFO  symmetric.SecretKeyStateImpl (SecretKeyStateImpl.java:updateKeysInternal(113)) - Updating keys with [SecretKey(id = 76586aaa-b579-4887-b3f3-f14dd5ee78ac, creation at: 2024-03-20T21:08:34.272Z, expire at: 2024-03-20T21:08:37.272Z), SecretKey(id = 6212e3bb-d7af-4548-9cc5-e8acc18af7ff, creation at: 2024-03-20T21:08:33.272Z, expire at: 2024-03-20T21:08:36.272Z), SecretKey(id = f137fd3b-35b1-4657-9c9c-4f11f41b3bed, creation at: 2024-03-20T21:08:32.272Z, expire at: 2024-03-20T21:08:35.272Z), SecretKey(id = a2bb4459-6b9e-474d-a1e3-39b0977d1a31, creation at: 2024-03-20T21:08:35.272Z, expire at: 2024-03-20T21:08:38.272Z)]
2024-03-20 21:08:35,286 [b12aa423-edbe-43b9-9e95-c7a538dfc443@group-8B04330EF271-StateMachineUpdater] INFO  symmetric.LocalSecretKeyStore (LocalSecretKeyStore.java:save(109)) - Saved [SecretKey(id = a2bb4459-6b9e-474d-a1e3-39b0977d1a31, creation at: 2024-03-20T21:08:35.272Z, expire at: 2024-03-20T21:08:38.272Z), SecretKey(id = 76586aaa-b579-4887-b3f3-f14dd5ee78ac, creation at: 2024-03-20T21:08:34.272Z, expire at: 2024-03-20T21:08:37.272Z), SecretKey(id = 6212e3bb-d7af-4548-9cc5-e8acc18af7ff, creation at: 2024-03-20T21:08:33.272Z, expire at: 2024-03-20T21:08:36.272Z), SecretKey(id = f137fd3b-35b1-4657-9c9c-4f11f41b3bed, creation at: 2024-03-20T21:08:32.272Z, expire at: 2024-03-20T21:08:35.272Z)] to file /home/runner/work/ozone/ozone/hadoop-ozone/integration-test/target/test-dir/MiniOzoneClusterImpl-bb4c8f07-45f9-422c-bd0c-8b04330ef271/scmNode-3/scm/keys/secret_keys.json
2024-03-20 21:08:35,287 [b12aa423-edbe-43b9-9e95-c7a538dfc443@group-8B04330EF271-StateMachineUpdater] INFO  safemode.HealthyPipelineSafeModeRule (HealthyPipelineSafeModeRule.java:initializeRule(172)) - Refreshed total pipeline count is 0, healthy pipeline threshold count is 1
2024-03-20 21:08:35,286 [be2411e5-a42d-476f-b25b-d7f87790d2c1@group-8B04330EF271-StateMachineUpdater] INFO  symmetric.SecretKeyStateImpl (SecretKeyStateImpl.java:updateKeysInternal(128)) - Current key updated SecretKey(id = a2bb4459-6b9e-474d-a1e3-39b0977d1a31, creation at: 2024-03-20T21:08:35.272Z, expire at: 2024-03-20T21:08:38.272Z)
2024-03-20 21:08:35,287 [SecretKeyPoller] INFO  symmetric.DefaultSecretKeySignerClient (DefaultSecretKeySignerClient.java:checkAndRefresh(167)) - New secret key fetched from SCM: SecretKey(id = a2bb4459-6b9e-474d-a1e3-39b0977d1a31, creation at: 2024-03-20T21:08:35.272Z, expire at: 2024-03-20T21:08:38.272Z).
2024-03-20 21:08:35,287 [be2411e5-a42d-476f-b25b-d7f87790d2c1@group-8B04330EF271-StateMachineUpdater] INFO  symmetric.LocalSecretKeyStore (LocalSecretKeyStore.java:save(109)) - Saved [SecretKey(id = a2bb4459-6b9e-474d-a1e3-39b0977d1a31, creation at: 2024-03-20T21:08:35.272Z, expire at: 2024-03-20T21:08:38.272Z), SecretKey(id = 76586aaa-b579-4887-b3f3-f14dd5ee78ac, creation at: 2024-03-20T21:08:34.272Z, expire at: 2024-03-20T21:08:37.272Z), SecretKey(id = 6212e3bb-d7af-4548-9cc5-e8acc18af7ff, creation at: 2024-03-20T21:08:33.272Z, expire at: 2024-03-20T21:08:36.272Z), SecretKey(id = f137fd3b-35b1-4657-9c9c-4f11f41b3bed, creation at: 2024-03-20T21:08:32.272Z, expire at: 2024-03-20T21:08:35.272Z)] to file /home/runner/work/ozone/ozone/hadoop-ozone/integration-test/target/test-dir/MiniOzoneClusterImpl-bb4c8f07-45f9-422c-bd0c-8b04330ef271/scmNode-2/scm/keys/secret_keys.json
2024-03-20 21:08:35,287 [be2411e5-a42d-476f-b25b-d7f87790d2c1@group-8B04330EF271-StateMachineUpdater] INFO  safemode.HealthyPipelineSafeModeRule (HealthyPipelineSafeModeRule.java:initializeRule(172)) - Refreshed total pipeline count is 0, healthy pipeline threshold count is 1
2024-03-20 21:08:35,378 [SecretKeyPoller] INFO  symmetric.DefaultSecretKeySignerClient (DefaultSecretKeySignerClient.java:checkAndRefresh(167)) - New secret key fetched from SCM: SecretKey(id = a2bb4459-6b9e-474d-a1e3-39b0977d1a31, creation at: 2024-03-20T21:08:35.272Z, expire at: 2024-03-20T21:08:38.272Z).
2024-03-20 21:08:35,379 [om1-SecretKeyPoller] INFO  symmetric.DefaultSecretKeySignerClient (DefaultSecretKeySignerClient.java:checkAndRefresh(167)) - New secret key fetched from SCM: SecretKey(id = a2bb4459-6b9e-474d-a1e3-39b0977d1a31, creation at: 2024-03-20T21:08:35.272Z, expire at: 2024-03-20T21:08:38.272Z).
2024-03-20 21:08:35,378 [SecretKeyPoller] INFO  symmetric.DefaultSecretKeySignerClient (DefaultSecretKeySignerClient.java:checkAndRefresh(167)) - New secret key fetched from SCM: SecretKey(id = a2bb4459-6b9e-474d-a1e3-39b0977d1a31, creation at: 2024-03-20T21:08:35.272Z, expire at: 2024-03-20T21:08:38.272Z).
2024-03-20 21:08:36,240 [main] INFO  ozone.MiniOzoneClusterImpl (MiniOzoneClusterImpl.java:lambda$waitForClusterToBeReady$0(194)) - Waiting for nodes to be ready. Got 0 of 3 DN Heartbeats.
2024-03-20 21:08:36,240 [main] INFO  ozone.MiniOzoneClusterImpl (MiniOzoneClusterImpl.java:lambda$waitForClusterToBeReady$0(197)) - Waiting for cluster to exit safe mode
2024-03-20 21:08:36,240 [main] INFO  ozone.MiniOzoneClusterImpl (MiniOzoneClusterImpl.java:lambda$waitForClusterToBeReady$0(199)) - SCM became leader
2024-03-20 21:08:36,272 [scmNode-1-SecretKeyManagerService] INFO  symmetric.SecretKeyManager (SecretKeyManager.java:checkAndRotate(125)) - SecretKey rotation is happening, new key generated SecretKey(id = d7e4c2db-fa5e-4911-a816-461dfcba1108, creation at: 2024-03-20T21:08:36.272Z, expire at: 2024-03-20T21:08:39.272Z)
2024-03-20 21:08:36,283 [1ba87fbc-452a-4836-9768-c65c67837df8@group-8B04330EF271-StateMachineUpdater] INFO  symmetric.SecretKeyStateImpl (SecretKeyStateImpl.java:updateKeysInternal(113)) - Updating keys with [SecretKey(id = a2bb4459-6b9e-474d-a1e3-39b0977d1a31, creation at: 2024-03-20T21:08:35.272Z, expire at: 2024-03-20T21:08:38.272Z), SecretKey(id = 76586aaa-b579-4887-b3f3-f14dd5ee78ac, creation at: 2024-03-20T21:08:34.272Z, expire at: 2024-03-20T21:08:37.272Z), SecretKey(id = 6212e3bb-d7af-4548-9cc5-e8acc18af7ff, creation at: 2024-03-20T21:08:33.272Z, expire at: 2024-03-20T21:08:36.272Z), SecretKey(id = d7e4c2db-fa5e-4911-a816-461dfcba1108, creation at: 2024-03-20T21:08:36.272Z, expire at: 2024-03-20T21:08:39.272Z)]
2024-03-20 21:08:36,283 [1ba87fbc-452a-4836-9768-c65c67837df8@group-8B04330EF271-StateMachineUpdater] INFO  symmetric.SecretKeyStateImpl (SecretKeyStateImpl.java:updateKeysInternal(128)) - Current key updated SecretKey(id = d7e4c2db-fa5e-4911-a816-461dfcba1108, creation at: 2024-03-20T21:08:36.272Z, expire at: 2024-03-20T21:08:39.272Z)
2024-03-20 21:08:36,284 [1ba87fbc-452a-4836-9768-c65c67837df8@group-8B04330EF271-StateMachineUpdater] INFO  symmetric.LocalSecretKeyStore (LocalSecretKeyStore.java:save(109)) - Saved [SecretKey(id = d7e4c2db-fa5e-4911-a816-461dfcba1108, creation at: 2024-03-20T21:08:36.272Z, expire at: 2024-03-20T21:08:39.272Z), SecretKey(id = a2bb4459-6b9e-474d-a1e3-39b0977d1a31, creation at: 2024-03-20T21:08:35.272Z, expire at: 2024-03-20T21:08:38.272Z), SecretKey(id = 76586aaa-b579-4887-b3f3-f14dd5ee78ac, creation at: 2024-03-20T21:08:34.272Z, expire at: 2024-03-20T21:08:37.272Z), SecretKey(id = 6212e3bb-d7af-4548-9cc5-e8acc18af7ff, creation at: 2024-03-20T21:08:33.272Z, expire at: 2024-03-20T21:08:36.272Z)] to file /home/runner/work/ozone/ozone/hadoop-ozone/integration-test/target/test-dir/MiniOzoneClusterImpl-bb4c8f07-45f9-422c-bd0c-8b04330ef271/scmNode-1/scm/keys/secret_keys.json
2024-03-20 21:08:36,284 [1ba87fbc-452a-4836-9768-c65c67837df8@group-8B04330EF271-StateMachineUpdater] INFO  safemode.HealthyPipelineSafeModeRule (HealthyPipelineSafeModeRule.java:initializeRule(172)) - Refreshed total pipeline count is 0, healthy pipeline threshold count is 1
2024-03-20 21:08:36,285 [om1-SecretKeyPoller] INFO  symmetric.DefaultSecretKeySignerClient (DefaultSecretKeySignerClient.java:checkAndRefresh(167)) - New secret key fetched from SCM: SecretKey(id = d7e4c2db-fa5e-4911-a816-461dfcba1108, creation at: 2024-03-20T21:08:36.272Z, expire at: 2024-03-20T21:08:39.272Z).
2024-03-20 21:08:36,286 [be2411e5-a42d-476f-b25b-d7f87790d2c1@group-8B04330EF271-StateMachineUpdater] INFO  symmetric.SecretKeyStateImpl (SecretKeyStateImpl.java:updateKeysInternal(113)) - Updating keys with [SecretKey(id = a2bb4459-6b9e-474d-a1e3-39b0977d1a31, creation at: 2024-03-20T21:08:35.272Z, expire at: 2024-03-20T21:08:38.272Z), SecretKey(id = 76586aaa-b579-4887-b3f3-f14dd5ee78ac, creation at: 2024-03-20T21:08:34.272Z, expire at: 2024-03-20T21:08:37.272Z), SecretKey(id = 6212e3bb-d7af-4548-9cc5-e8acc18af7ff, creation at: 2024-03-20T21:08:33.272Z, expire at: 2024-03-20T21:08:36.272Z), SecretKey(id = d7e4c2db-fa5e-4911-a816-461dfcba1108, creation at: 2024-03-20T21:08:36.272Z, expire at: 2024-03-20T21:08:39.272Z)]
2024-03-20 21:08:36,286 [be2411e5-a42d-476f-b25b-d7f87790d2c1@group-8B04330EF271-StateMachineUpdater] INFO  symmetric.SecretKeyStateImpl (SecretKeyStateImpl.java:updateKeysInternal(128)) - Current key updated SecretKey(id = d7e4c2db-fa5e-4911-a816-461dfcba1108, creation at: 2024-03-20T21:08:36.272Z, expire at: 2024-03-20T21:08:39.272Z)
2024-03-20 21:08:36,287 [be2411e5-a42d-476f-b25b-d7f87790d2c1@group-8B04330EF271-StateMachineUpdater] INFO  symmetric.LocalSecretKeyStore (LocalSecretKeyStore.java:save(109)) - Saved [SecretKey(id = d7e4c2db-fa5e-4911-a816-461dfcba1108, creation at: 2024-03-20T21:08:36.272Z, expire at: 2024-03-20T21:08:39.272Z), SecretKey(id = a2bb4459-6b9e-474d-a1e3-39b0977d1a31, creation at: 2024-03-20T21:08:35.272Z, expire at: 2024-03-20T21:08:38.272Z), SecretKey(id = 76586aaa-b579-4887-b3f3-f14dd5ee78ac, creation at: 2024-03-20T21:08:34.272Z, expire at: 2024-03-20T21:08:37.272Z), SecretKey(id = 6212e3bb-d7af-4548-9cc5-e8acc18af7ff, creation at: 2024-03-20T21:08:33.272Z, expire at: 2024-03-20T21:08:36.272Z)] to file /home/runner/work/ozone/ozone/hadoop-ozone/integration-test/target/test-dir/MiniOzoneClusterImpl-bb4c8f07-45f9-422c-bd0c-8b04330ef271/scmNode-2/scm/keys/secret_keys.json
2024-03-20 21:08:36,287 [be2411e5-a42d-476f-b25b-d7f87790d2c1@group-8B04330EF271-StateMachineUpdater] INFO  safemode.HealthyPipelineSafeModeRule (HealthyPipelineSafeModeRule.java:initializeRule(172)) - Refreshed total pipeline count is 0, healthy pipeline threshold count is 1
2024-03-20 21:08:36,288 [b12aa423-edbe-43b9-9e95-c7a538dfc443@group-8B04330EF271-StateMachineUpdater] INFO  symmetric.SecretKeyStateImpl (SecretKeyStateImpl.java:updateKeysInternal(113)) - Updating keys with [SecretKey(id = a2bb4459-6b9e-474d-a1e3-39b0977d1a31, creation at: 2024-03-20T21:08:35.272Z, expire at: 2024-03-20T21:08:38.272Z), SecretKey(id = 76586aaa-b579-4887-b3f3-f14dd5ee78ac, creation at: 2024-03-20T21:08:34.272Z, expire at: 2024-03-20T21:08:37.272Z), SecretKey(id = 6212e3bb-d7af-4548-9cc5-e8acc18af7ff, creation at: 2024-03-20T21:08:33.272Z, expire at: 2024-03-20T21:08:36.272Z), SecretKey(id = d7e4c2db-fa5e-4911-a816-461dfcba1108, creation at: 2024-03-20T21:08:36.272Z, expire at: 2024-03-20T21:08:39.272Z)]
2024-03-20 21:08:36,288 [b12aa423-edbe-43b9-9e95-c7a538dfc443@group-8B04330EF271-StateMachineUpdater] INFO  symmetric.SecretKeyStateImpl (SecretKeyStateImpl.java:updateKeysInternal(128)) - Current key updated SecretKey(id = d7e4c2db-fa5e-4911-a816-461dfcba1108, creation at: 2024-03-20T21:08:36.272Z, expire at: 2024-03-20T21:08:39.272Z)
2024-03-20 21:08:36,289 [b12aa423-edbe-43b9-9e95-c7a538dfc443@group-8B04330EF271-StateMachineUpdater] INFO  symmetric.LocalSecretKeyStore (LocalSecretKeyStore.java:save(109)) - Saved [SecretKey(id = d7e4c2db-fa5e-4911-a816-461dfcba1108, creation at: 2024-03-20T21:08:36.272Z, expire at: 2024-03-20T21:08:39.272Z), SecretKey(id = a2bb4459-6b9e-474d-a1e3-39b0977d1a31, creation at: 2024-03-20T21:08:35.272Z, expire at: 2024-03-20T21:08:38.272Z), SecretKey(id = 76586aaa-b579-4887-b3f3-f14dd5ee78ac, creation at: 2024-03-20T21:08:34.272Z, expire at: 2024-03-20T21:08:37.272Z), SecretKey(id = 6212e3bb-d7af-4548-9cc5-e8acc18af7ff, creation at: 2024-03-20T21:08:33.272Z, expire at: 2024-03-20T21:08:36.272Z)] to file /home/runner/work/ozone/ozone/hadoop-ozone/integration-test/target/test-dir/MiniOzoneClusterImpl-bb4c8f07-45f9-422c-bd0c-8b04330ef271/scmNode-3/scm/keys/secret_keys.json
2024-03-20 21:08:36,289 [b12aa423-edbe-43b9-9e95-c7a538dfc443@group-8B04330EF271-StateMachineUpdater] INFO  safemode.HealthyPipelineSafeModeRule (HealthyPipelineSafeModeRule.java:initializeRule(172)) - Refreshed total pipeline count is 0, healthy pipeline threshold count is 1
2024-03-20 21:08:36,374 [SecretKeyPoller] INFO  symmetric.DefaultSecretKeySignerClient (DefaultSecretKeySignerClient.java:checkAndRefresh(167)) - New secret key fetched from SCM: SecretKey(id = d7e4c2db-fa5e-4911-a816-461dfcba1108, creation at: 2024-03-20T21:08:36.272Z, expire at: 2024-03-20T21:08:39.272Z).
2024-03-20 21:08:36,374 [SecretKeyPoller] INFO  symmetric.DefaultSecretKeySignerClient (DefaultSecretKeySignerClient.java:checkAndRefresh(167)) - New secret key fetched from SCM: SecretKey(id = d7e4c2db-fa5e-4911-a816-461dfcba1108, creation at: 2024-03-20T21:08:36.272Z, expire at: 2024-03-20T21:08:39.272Z).
2024-03-20 21:08:36,374 [SecretKeyPoller] INFO  symmetric.DefaultSecretKeySignerClient (DefaultSecretKeySignerClient.java:checkAndRefresh(167)) - New secret key fetched from SCM: SecretKey(id = d7e4c2db-fa5e-4911-a816-461dfcba1108, creation at: 2024-03-20T21:08:36.272Z, expire at: 2024-03-20T21:08:39.272Z).
2024-03-20 21:08:36,445 [Socket Reader #1 for port 15020] INFO  ipc.Server (Server.java:saslProcess(2139)) - Auth successful for scm/fv-az1053-74.1e55wlyavovu3ma4fylbaqc4gd.phxx.internal.cloudapp.net@EXAMPLE.COM (auth:KERBEROS) from fv-az1053-74.1e55wlyavovu3ma4fylbaqc4gd.phxx.internal.cloudapp.net:36579 / 10.1.0.34:36579
2024-03-20 21:08:36,448 [Socket Reader #1 for port 15004] INFO  ipc.Server (Server.java:saslProcess(2139)) - Auth successful for scm/fv-az1053-74.1e55wlyavovu3ma4fylbaqc4gd.phxx.internal.cloudapp.net@EXAMPLE.COM (auth:KERBEROS) from fv-az1053-74.1e55wlyavovu3ma4fylbaqc4gd.phxx.internal.cloudapp.net:38739 / 10.1.0.34:38739
2024-03-20 21:08:36,465 [Socket Reader #1 for port 15004] INFO  authorize.ServiceAuthorizationManager (ServiceAuthorizationManager.java:authorize(137)) - Authorization successful for scm/fv-az1053-74.1e55wlyavovu3ma4fylbaqc4gd.phxx.internal.cloudapp.net@EXAMPLE.COM (auth:KERBEROS) for protocol=interface org.apache.hadoop.ozone.protocol.StorageContainerDatanodeProtocol
2024-03-20 21:08:36,465 [Socket Reader #1 for port 15020] INFO  authorize.ServiceAuthorizationManager (ServiceAuthorizationManager.java:authorize(137)) - Authorization successful for scm/fv-az1053-74.1e55wlyavovu3ma4fylbaqc4gd.phxx.internal.cloudapp.net@EXAMPLE.COM (auth:KERBEROS) for protocol=interface org.apache.hadoop.ozone.protocol.StorageContainerDatanodeProtocol
2024-03-20 21:08:36,477 [Socket Reader #1 for port 15012] INFO  ipc.Server (Server.java:saslProcess(2139)) - Auth successful for scm/fv-az1053-74.1e55wlyavovu3ma4fylbaqc4gd.phxx.internal.cloudapp.net@EXAMPLE.COM (auth:KERBEROS) from fv-az1053-74.1e55wlyavovu3ma4fylbaqc4gd.phxx.internal.cloudapp.net:42865 / 10.1.0.34:42865
2024-03-20 21:08:36,485 [Socket Reader #1 for port 15012] INFO  authorize.ServiceAuthorizationManager (ServiceAuthorizationManager.java:authorize(137)) - Authorization successful for scm/fv-az1053-74.1e55wlyavovu3ma4fylbaqc4gd.phxx.internal.cloudapp.net@EXAMPLE.COM (auth:KERBEROS) for protocol=interface org.apache.hadoop.ozone.protocol.StorageContainerDatanodeProtocol
2024-03-20 21:08:36,536 [bf0d52d7-dce2-4f08-b148-c0add6164c5c-EndpointStateMachineTaskThread-/127.0.0.1:15020-0 ] INFO  utils.DatanodeStoreCache (DatanodeStoreCache.java:addDB(72)) - Added db /home/runner/work/ozone/ozone/hadoop-ozone/integration-test/target/test-dir/MiniOzoneClusterImpl-bb4c8f07-45f9-422c-bd0c-8b04330ef271/ozone-meta/datanode-1/data-0/hdds/bb4c8f07-45f9-422c-bd0c-8b04330ef271/DS-4d6921c5-10b9-476b-b1b8-1cebe3fef184/container.db to cache
2024-03-20 21:08:36,536 [bf0d52d7-dce2-4f08-b148-c0add6164c5c-EndpointStateMachineTaskThread-/127.0.0.1:15020-0 ] INFO  volume.HddsVolume (HddsVolume.java:createDbStore(420)) - SchemaV3 db is created and loaded at /home/runner/work/ozone/ozone/hadoop-ozone/integration-test/target/test-dir/MiniOzoneClusterImpl-bb4c8f07-45f9-422c-bd0c-8b04330ef271/ozone-meta/datanode-1/data-0/hdds/bb4c8f07-45f9-422c-bd0c-8b04330ef271/DS-4d6921c5-10b9-476b-b1b8-1cebe3fef184/container.db for volume DS-4d6921c5-10b9-476b-b1b8-1cebe3fef184
2024-03-20 21:08:36,546 [bf0d52d7-dce2-4f08-b148-c0add6164c5c-ContainerReader-0] INFO  ozoneimpl.ContainerReader (ContainerReader.java:readVolume(148)) - Start to verify containers on volume /home/runner/work/ozone/ozone/hadoop-ozone/integration-test/target/test-dir/MiniOzoneClusterImpl-bb4c8f07-45f9-422c-bd0c-8b04330ef271/ozone-meta/datanode-1/data-0/hdds
2024-03-20 21:08:36,546 [bf0d52d7-dce2-4f08-b148-c0add6164c5c-ContainerReader-0] INFO  ozoneimpl.ContainerReader (ContainerReader.java:readVolume(178)) - Finish verifying containers on volume /home/runner/work/ozone/ozone/hadoop-ozone/integration-test/target/test-dir/MiniOzoneClusterImpl-bb4c8f07-45f9-422c-bd0c-8b04330ef271/ozone-meta/datanode-1/data-0/hdds
2024-03-20 21:08:36,546 [bf0d52d7-dce2-4f08-b148-c0add6164c5c-EndpointStateMachineTaskThread-/127.0.0.1:15020-0 ] INFO  ozoneimpl.OzoneContainer (OzoneContainer.java:buildContainerSet(328)) - Build ContainerSet costs 0s
2024-03-20 21:08:36,547 [bf0d52d7-dce2-4f08-b148-c0add6164c5c-EndpointStateMachineTaskThread-/127.0.0.1:15020-0 ] INFO  volume.ThrottledAsyncChecker (ThrottledAsyncChecker.java:schedule(141)) - Scheduling a check for /home/runner/work/ozone/ozone/hadoop-ozone/integration-test/target/test-dir/MiniOzoneClusterImpl-bb4c8f07-45f9-422c-bd0c-8b04330ef271/ozone-meta/datanode-1/data-0/hdds
2024-03-20 21:08:36,559 [bf0d52d7-dce2-4f08-b148-c0add6164c5c-EndpointStateMachineTaskThread-/127.0.0.1:15020-0 ] INFO  volume.StorageVolumeChecker (StorageVolumeChecker.java:checkAllVolumes(218)) - Scheduled health check for volume /home/runner/work/ozone/ozone/hadoop-ozone/integration-test/target/test-dir/MiniOzoneClusterImpl-bb4c8f07-45f9-422c-bd0c-8b04330ef271/ozone-meta/datanode-1/data-0/hdds
2024-03-20 21:08:36,561 [bf0d52d7-dce2-4f08-b148-c0add6164c5c-EndpointStateMachineTaskThread-/127.0.0.1:15020-0 ] INFO  volume.ThrottledAsyncChecker (ThrottledAsyncChecker.java:schedule(141)) - Scheduling a check for /home/runner/work/ozone/ozone/hadoop-ozone/integration-test/target/test-dir/MiniOzoneClusterImpl-bb4c8f07-45f9-422c-bd0c-8b04330ef271/ozone-meta/datanode-1/ratis
2024-03-20 21:08:36,561 [bf0d52d7-dce2-4f08-b148-c0add6164c5c-EndpointStateMachineTaskThread-/127.0.0.1:15020-0 ] INFO  volume.StorageVolumeChecker (StorageVolumeChecker.java:checkAllVolumes(218)) - Scheduled health check for volume /home/runner/work/ozone/ozone/hadoop-ozone/integration-test/target/test-dir/MiniOzoneClusterImpl-bb4c8f07-45f9-422c-bd0c-8b04330ef271/ozone-meta/datanode-1/ratis
2024-03-20 21:08:36,563 [bf0d52d7-dce2-4f08-b148-c0add6164c5c-EndpointStateMachineTaskThread-/127.0.0.1:15020-0 ] INFO  ozoneimpl.OzoneContainer (OzoneContainer.java:start(459)) - Attempting to start container services.
2024-03-20 21:08:36,568 [ContainerMetadataScanner] INFO  ozoneimpl.AbstractBackgroundContainerScanner (AbstractBackgroundContainerScanner.java:runIteration(87)) - Completed an iteration in 0 minutes. Number of iterations (since the data-node restart) : 1, Number of containers scanned in this iteration : 0, Number of unhealthy containers found in this iteration : 0
2024-03-20 21:08:36,572 [bf0d52d7-dce2-4f08-b148-c0add6164c5c-EndpointStateMachineTaskThread-/127.0.0.1:15020-0 ] INFO  replication.ReplicationServer (ReplicationServer.java:start(142)) - ReplicationServer is started using port 15048
2024-03-20 21:08:36,573 [bf0d52d7-dce2-4f08-b148-c0add6164c5c-EndpointStateMachineTaskThread-/127.0.0.1:15020-0 ] INFO  ratis.XceiverServerRatis (XceiverServerRatis.java:start(566)) - Starting XceiverServerRatis bf0d52d7-dce2-4f08-b148-c0add6164c5c
2024-03-20 21:08:36,574 [bf0d52d7-dce2-4f08-b148-c0add6164c5c-EndpointStateMachineTaskThread-/127.0.0.1:15020-0 ] INFO  server.RaftServer (RaftServerProxy.java:startImpl(406)) - bf0d52d7-dce2-4f08-b148-c0add6164c5c: start RPC server
2024-03-20 21:08:36,574 [ContainerDataScanner(/home/runner/work/ozone/ozone/hadoop-ozone/integration-test/target/test-dir/MiniOzoneClusterImpl-bb4c8f07-45f9-422c-bd0c-8b04330ef271/ozone-meta/datanode-1/data-0/hdds)] INFO  ozoneimpl.AbstractBackgroundContainerScanner (AbstractBackgroundContainerScanner.java:runIteration(87)) - Completed an iteration in 0 minutes. Number of iterations (since the data-node restart) : 1, Number of containers scanned in this iteration : 0, Number of unhealthy containers found in this iteration : 0
2024-03-20 21:08:36,577 [bf0d52d7-dce2-4f08-b148-c0add6164c5c-EndpointStateMachineTaskThread-/127.0.0.1:15020-0 ] INFO  server.GrpcService (GrpcService.java:startImpl(302)) - bf0d52d7-dce2-4f08-b148-c0add6164c5c: GrpcService started, listening on 15044
2024-03-20 21:08:36,581 [bf0d52d7-dce2-4f08-b148-c0add6164c5c-EndpointStateMachineTaskThread-/127.0.0.1:15020-0 ] INFO  server.GrpcService (GrpcService.java:startImpl(302)) - bf0d52d7-dce2-4f08-b148-c0add6164c5c: GrpcService started, listening on 15046
2024-03-20 21:08:36,583 [bf0d52d7-dce2-4f08-b148-c0add6164c5c-EndpointStateMachineTaskThread-/127.0.0.1:15020-0 ] INFO  server.GrpcService (GrpcService.java:startImpl(302)) - bf0d52d7-dce2-4f08-b148-c0add6164c5c: GrpcService started, listening on 15045
2024-03-20 21:08:36,583 [JvmPauseMonitor5] INFO  util.JvmPauseMonitor (JvmPauseMonitor.java:run(146)) - JvmPauseMonitor-bf0d52d7-dce2-4f08-b148-c0add6164c5c: Started
2024-03-20 21:08:36,583 [bf0d52d7-dce2-4f08-b148-c0add6164c5c-EndpointStateMachineTaskThread-/127.0.0.1:15020-0 ] INFO  ratis.XceiverServerRatis (XceiverServerRatis.java:getRealPort(592)) - XceiverServerRatis bf0d52d7-dce2-4f08-b148-c0add6164c5c is started using port 15044 for RATIS
2024-03-20 21:08:36,584 [bf0d52d7-dce2-4f08-b148-c0add6164c5c-EndpointStateMachineTaskThread-/127.0.0.1:15020-0 ] INFO  ratis.XceiverServerRatis (XceiverServerRatis.java:getRealPort(592)) - XceiverServerRatis bf0d52d7-dce2-4f08-b148-c0add6164c5c is started using port 15045 for RATIS_ADMIN
2024-03-20 21:08:36,584 [bf0d52d7-dce2-4f08-b148-c0add6164c5c-EndpointStateMachineTaskThread-/127.0.0.1:15020-0 ] INFO  ratis.XceiverServerRatis (XceiverServerRatis.java:getRealPort(592)) - XceiverServerRatis bf0d52d7-dce2-4f08-b148-c0add6164c5c is started using port 15046 for RATIS_SERVER
2024-03-20 21:08:36,584 [bf0d52d7-dce2-4f08-b148-c0add6164c5c-EndpointStateMachineTaskThread-/127.0.0.1:15020-0 ] INFO  ratis.XceiverServerRatis (XceiverServerRatis.java:getRealPort(592)) - XceiverServerRatis bf0d52d7-dce2-4f08-b148-c0add6164c5c is started using port 15047 for RATIS_DATASTREAM
2024-03-20 21:08:36,589 [bf0d52d7-dce2-4f08-b148-c0add6164c5c-EndpointStateMachineTaskThread-/127.0.0.1:15004-0 ] INFO  ozoneimpl.OzoneContainer (OzoneContainer.java:start(441)) - Ignore. OzoneContainer already started.
2024-03-20 21:08:36,589 [bf0d52d7-dce2-4f08-b148-c0add6164c5c-EndpointStateMachineTaskThread-/127.0.0.1:15012-0 ] INFO  ozoneimpl.OzoneContainer (OzoneContainer.java:start(441)) - Ignore. OzoneContainer already started.
2024-03-20 21:08:36,591 [bf0d52d7-dce2-4f08-b148-c0add6164c5c-BlockDeletingService#0] INFO  interfaces.ContainerDeletionChoosingPolicyTemplate (ContainerDeletionChoosingPolicyTemplate.java:chooseContainerForBlockDeletion(85)) - Chosen 0/5000 blocks from 0 candidate containers.
2024-03-20 21:08:36,802 [Socket Reader #1 for port 15004] INFO  ipc.Server (Server.java:saslProcess(2139)) - Auth successful for scm/fv-az1053-74.1e55wlyavovu3ma4fylbaqc4gd.phxx.internal.cloudapp.net@EXAMPLE.COM (auth:KERBEROS) from fv-az1053-74.1e55wlyavovu3ma4fylbaqc4gd.phxx.internal.cloudapp.net:41685 / 10.1.0.34:41685
2024-03-20 21:08:36,806 [Socket Reader #1 for port 15004] INFO  authorize.ServiceAuthorizationManager (ServiceAuthorizationManager.java:authorize(137)) - Authorization successful for scm/fv-az1053-74.1e55wlyavovu3ma4fylbaqc4gd.phxx.internal.cloudapp.net@EXAMPLE.COM (auth:KERBEROS) for protocol=interface org.apache.hadoop.ozone.protocol.StorageContainerDatanodeProtocol
2024-03-20 21:08:36,818 [dcffae99-659e-451a-8106-d35894ce685d-EndpointStateMachineTaskThread-/127.0.0.1:15020-0 ] INFO  utils.DatanodeStoreCache (DatanodeStoreCache.java:addDB(72)) - Added db /home/runner/work/ozone/ozone/hadoop-ozone/integration-test/target/test-dir/MiniOzoneClusterImpl-bb4c8f07-45f9-422c-bd0c-8b04330ef271/ozone-meta/datanode-2/data-0/hdds/bb4c8f07-45f9-422c-bd0c-8b04330ef271/DS-9d197009-63e7-4d9d-907b-7577aa32e07d/container.db to cache
2024-03-20 21:08:36,818 [dcffae99-659e-451a-8106-d35894ce685d-EndpointStateMachineTaskThread-/127.0.0.1:15020-0 ] INFO  volume.HddsVolume (HddsVolume.java:createDbStore(420)) - SchemaV3 db is created and loaded at /home/runner/work/ozone/ozone/hadoop-ozone/integration-test/target/test-dir/MiniOzoneClusterImpl-bb4c8f07-45f9-422c-bd0c-8b04330ef271/ozone-meta/datanode-2/data-0/hdds/bb4c8f07-45f9-422c-bd0c-8b04330ef271/DS-9d197009-63e7-4d9d-907b-7577aa32e07d/container.db for volume DS-9d197009-63e7-4d9d-907b-7577aa32e07d
2024-03-20 21:08:36,820 [dcffae99-659e-451a-8106-d35894ce685d-ContainerReader-0] INFO  ozoneimpl.ContainerReader (ContainerReader.java:readVolume(148)) - Start to verify containers on volume /home/runner/work/ozone/ozone/hadoop-ozone/integration-test/target/test-dir/MiniOzoneClusterImpl-bb4c8f07-45f9-422c-bd0c-8b04330ef271/ozone-meta/datanode-2/data-0/hdds
2024-03-20 21:08:36,822 [dcffae99-659e-451a-8106-d35894ce685d-ContainerReader-0] INFO  ozoneimpl.ContainerReader (ContainerReader.java:readVolume(178)) - Finish verifying containers on volume /home/runner/work/ozone/ozone/hadoop-ozone/integration-test/target/test-dir/MiniOzoneClusterImpl-bb4c8f07-45f9-422c-bd0c-8b04330ef271/ozone-meta/datanode-2/data-0/hdds
2024-03-20 21:08:36,822 [dcffae99-659e-451a-8106-d35894ce685d-EndpointStateMachineTaskThread-/127.0.0.1:15020-0 ] INFO  ozoneimpl.OzoneContainer (OzoneContainer.java:buildContainerSet(328)) - Build ContainerSet costs 0s
2024-03-20 21:08:36,822 [dcffae99-659e-451a-8106-d35894ce685d-EndpointStateMachineTaskThread-/127.0.0.1:15020-0 ] INFO  volume.ThrottledAsyncChecker (ThrottledAsyncChecker.java:schedule(141)) - Scheduling a check for /home/runner/work/ozone/ozone/hadoop-ozone/integration-test/target/test-dir/MiniOzoneClusterImpl-bb4c8f07-45f9-422c-bd0c-8b04330ef271/ozone-meta/datanode-2/data-0/hdds
2024-03-20 21:08:36,825 [dcffae99-659e-451a-8106-d35894ce685d-EndpointStateMachineTaskThread-/127.0.0.1:15020-0 ] INFO  volume.StorageVolumeChecker (StorageVolumeChecker.java:checkAllVolumes(218)) - Scheduled health check for volume /home/runner/work/ozone/ozone/hadoop-ozone/integration-test/target/test-dir/MiniOzoneClusterImpl-bb4c8f07-45f9-422c-bd0c-8b04330ef271/ozone-meta/datanode-2/data-0/hdds
2024-03-20 21:08:36,829 [dcffae99-659e-451a-8106-d35894ce685d-EndpointStateMachineTaskThread-/127.0.0.1:15020-0 ] INFO  volume.ThrottledAsyncChecker (ThrottledAsyncChecker.java:schedule(141)) - Scheduling a check for /home/runner/work/ozone/ozone/hadoop-ozone/integration-test/target/test-dir/MiniOzoneClusterImpl-bb4c8f07-45f9-422c-bd0c-8b04330ef271/ozone-meta/datanode-2/ratis
2024-03-20 21:08:36,829 [dcffae99-659e-451a-8106-d35894ce685d-EndpointStateMachineTaskThread-/127.0.0.1:15020-0 ] INFO  volume.StorageVolumeChecker (StorageVolumeChecker.java:checkAllVolumes(218)) - Scheduled health check for volume /home/runner/work/ozone/ozone/hadoop-ozone/integration-test/target/test-dir/MiniOzoneClusterImpl-bb4c8f07-45f9-422c-bd0c-8b04330ef271/ozone-meta/datanode-2/ratis
2024-03-20 21:08:36,830 [dcffae99-659e-451a-8106-d35894ce685d-EndpointStateMachineTaskThread-/127.0.0.1:15020-0 ] INFO  ozoneimpl.OzoneContainer (OzoneContainer.java:start(459)) - Attempting to start container services.
2024-03-20 21:08:36,831 [dcffae99-659e-451a-8106-d35894ce685d-EndpointStateMachineTaskThread-/127.0.0.1:15020-0 ] WARN  ozoneimpl.OnDemandContainerDataScanner (OnDemandContainerDataScanner.java:init(75)) - Trying to initialize on demand scanner a second time on a datanode.
2024-03-20 21:08:36,832 [ContainerDataScanner(/home/runner/work/ozone/ozone/hadoop-ozone/integration-test/target/test-dir/MiniOzoneClusterImpl-bb4c8f07-45f9-422c-bd0c-8b04330ef271/ozone-meta/datanode-2/data-0/hdds)] INFO  ozoneimpl.AbstractBackgroundContainerScanner (AbstractBackgroundContainerScanner.java:runIteration(87)) - Completed an iteration in 0 minutes. Number of iterations (since the data-node restart) : 1, Number of containers scanned in this iteration : 0, Number of unhealthy containers found in this iteration : 0
2024-03-20 21:08:36,835 [ContainerMetadataScanner] INFO  ozoneimpl.AbstractBackgroundContainerScanner (AbstractBackgroundContainerScanner.java:runIteration(87)) - Completed an iteration in 0 minutes. Number of iterations (since the data-node restart) : 1, Number of containers scanned in this iteration : 0, Number of unhealthy containers found in this iteration : 0
2024-03-20 21:08:36,834 [dcffae99-659e-451a-8106-d35894ce685d-EndpointStateMachineTaskThread-/127.0.0.1:15020-0 ] INFO  replication.ReplicationServer (ReplicationServer.java:start(142)) - ReplicationServer is started using port 15057
2024-03-20 21:08:36,835 [dcffae99-659e-451a-8106-d35894ce685d-EndpointStateMachineTaskThread-/127.0.0.1:15020-0 ] INFO  ratis.XceiverServerRatis (XceiverServerRatis.java:start(566)) - Starting XceiverServerRatis dcffae99-659e-451a-8106-d35894ce685d
2024-03-20 21:08:36,837 [dcffae99-659e-451a-8106-d35894ce685d-EndpointStateMachineTaskThread-/127.0.0.1:15020-0 ] INFO  server.RaftServer (RaftServerProxy.java:startImpl(406)) - dcffae99-659e-451a-8106-d35894ce685d: start RPC server
2024-03-20 21:08:36,840 [dcffae99-659e-451a-8106-d35894ce685d-EndpointStateMachineTaskThread-/127.0.0.1:15020-0 ] INFO  server.GrpcService (GrpcService.java:startImpl(302)) - dcffae99-659e-451a-8106-d35894ce685d: GrpcService started, listening on 15053
2024-03-20 21:08:36,845 [dcffae99-659e-451a-8106-d35894ce685d-EndpointStateMachineTaskThread-/127.0.0.1:15020-0 ] INFO  server.GrpcService (GrpcService.java:startImpl(302)) - dcffae99-659e-451a-8106-d35894ce685d: GrpcService started, listening on 15055
2024-03-20 21:08:36,847 [dcffae99-659e-451a-8106-d35894ce685d-EndpointStateMachineTaskThread-/127.0.0.1:15020-0 ] INFO  server.GrpcService (GrpcService.java:startImpl(302)) - dcffae99-659e-451a-8106-d35894ce685d: GrpcService started, listening on 15054
2024-03-20 21:08:36,849 [dcffae99-659e-451a-8106-d35894ce685d-EndpointStateMachineTaskThread-/127.0.0.1:15020-0 ] INFO  ratis.XceiverServerRatis (XceiverServerRatis.java:getRealPort(592)) - XceiverServerRatis dcffae99-659e-451a-8106-d35894ce685d is started using port 15053 for RATIS
2024-03-20 21:08:36,849 [dcffae99-659e-451a-8106-d35894ce685d-EndpointStateMachineTaskThread-/127.0.0.1:15020-0 ] INFO  ratis.XceiverServerRatis (XceiverServerRatis.java:getRealPort(592)) - XceiverServerRatis dcffae99-659e-451a-8106-d35894ce685d is started using port 15054 for RATIS_ADMIN
2024-03-20 21:08:36,849 [dcffae99-659e-451a-8106-d35894ce685d-EndpointStateMachineTaskThread-/127.0.0.1:15020-0 ] INFO  ratis.XceiverServerRatis (XceiverServerRatis.java:getRealPort(592)) - XceiverServerRatis dcffae99-659e-451a-8106-d35894ce685d is started using port 15055 for RATIS_SERVER
2024-03-20 21:08:36,849 [dcffae99-659e-451a-8106-d35894ce685d-EndpointStateMachineTaskThread-/127.0.0.1:15020-0 ] INFO  ratis.XceiverServerRatis (XceiverServerRatis.java:getRealPort(592)) - XceiverServerRatis dcffae99-659e-451a-8106-d35894ce685d is started using port 15056 for RATIS_DATASTREAM
2024-03-20 21:08:36,849 [JvmPauseMonitor6] INFO  util.JvmPauseMonitor (JvmPauseMonitor.java:run(146)) - JvmPauseMonitor-dcffae99-659e-451a-8106-d35894ce685d: Started
2024-03-20 21:08:36,859 [dcffae99-659e-451a-8106-d35894ce685d-EndpointStateMachineTaskThread-/127.0.0.1:15012-0 ] INFO  ozoneimpl.OzoneContainer (OzoneContainer.java:start(441)) - Ignore. OzoneContainer already started.
2024-03-20 21:08:36,859 [dcffae99-659e-451a-8106-d35894ce685d-EndpointStateMachineTaskThread-/127.0.0.1:15004-0 ] INFO  ozoneimpl.OzoneContainer (OzoneContainer.java:start(441)) - Ignore. OzoneContainer already started.
2024-03-20 21:08:36,861 [dcffae99-659e-451a-8106-d35894ce685d-BlockDeletingService#0] INFO  interfaces.ContainerDeletionChoosingPolicyTemplate (ContainerDeletionChoosingPolicyTemplate.java:chooseContainerForBlockDeletion(85)) - Chosen 0/5000 blocks from 0 candidate containers.
2024-03-20 21:08:37,241 [main] INFO  ozone.MiniOzoneClusterImpl (MiniOzoneClusterImpl.java:lambda$waitForClusterToBeReady$0(194)) - Waiting for nodes to be ready. Got 0 of 3 DN Heartbeats.
2024-03-20 21:08:37,242 [main] INFO  ozone.MiniOzoneClusterImpl (MiniOzoneClusterImpl.java:lambda$waitForClusterToBeReady$0(197)) - Waiting for cluster to exit safe mode
2024-03-20 21:08:37,243 [main] INFO  ozone.MiniOzoneClusterImpl (MiniOzoneClusterImpl.java:lambda$waitForClusterToBeReady$0(199)) - SCM became leader
2024-03-20 21:08:37,246 [Socket Reader #1 for port 15012] INFO  ipc.Server (Server.java:saslProcess(2139)) - Auth successful for scm/fv-az1053-74.1e55wlyavovu3ma4fylbaqc4gd.phxx.internal.cloudapp.net@EXAMPLE.COM (auth:KERBEROS) from fv-az1053-74.1e55wlyavovu3ma4fylbaqc4gd.phxx.internal.cloudapp.net:38903 / 10.1.0.34:38903
2024-03-20 21:08:37,246 [Socket Reader #1 for port 15020] INFO  ipc.Server (Server.java:saslProcess(2139)) - Auth successful for scm/fv-az1053-74.1e55wlyavovu3ma4fylbaqc4gd.phxx.internal.cloudapp.net@EXAMPLE.COM (auth:KERBEROS) from fv-az1053-74.1e55wlyavovu3ma4fylbaqc4gd.phxx.internal.cloudapp.net:38395 / 10.1.0.34:38395
2024-03-20 21:08:37,250 [Socket Reader #1 for port 15004] INFO  ipc.Server (Server.java:saslProcess(2139)) - Auth successful for scm/fv-az1053-74.1e55wlyavovu3ma4fylbaqc4gd.phxx.internal.cloudapp.net@EXAMPLE.COM (auth:KERBEROS) from fv-az1053-74.1e55wlyavovu3ma4fylbaqc4gd.phxx.internal.cloudapp.net:41341 / 10.1.0.34:41341
2024-03-20 21:08:37,259 [Socket Reader #1 for port 15004] INFO  authorize.ServiceAuthorizationManager (ServiceAuthorizationManager.java:authorize(137)) - Authorization successful for scm/fv-az1053-74.1e55wlyavovu3ma4fylbaqc4gd.phxx.internal.cloudapp.net@EXAMPLE.COM (auth:KERBEROS) for protocol=interface org.apache.hadoop.ozone.protocol.StorageContainerDatanodeProtocol
2024-03-20 21:08:37,259 [Socket Reader #1 for port 15020] INFO  authorize.ServiceAuthorizationManager (ServiceAuthorizationManager.java:authorize(137)) - Authorization successful for scm/fv-az1053-74.1e55wlyavovu3ma4fylbaqc4gd.phxx.internal.cloudapp.net@EXAMPLE.COM (auth:KERBEROS) for protocol=interface org.apache.hadoop.ozone.protocol.StorageContainerDatanodeProtocol
2024-03-20 21:08:37,260 [Socket Reader #1 for port 15012] INFO  authorize.ServiceAuthorizationManager (ServiceAuthorizationManager.java:authorize(137)) - Authorization successful for scm/fv-az1053-74.1e55wlyavovu3ma4fylbaqc4gd.phxx.internal.cloudapp.net@EXAMPLE.COM (auth:KERBEROS) for protocol=interface org.apache.hadoop.ozone.protocol.StorageContainerDatanodeProtocol
2024-03-20 21:08:37,272 [scmNode-1-SecretKeyManagerService] INFO  symmetric.SecretKeyManager (SecretKeyManager.java:checkAndRotate(125)) - SecretKey rotation is happening, new key generated SecretKey(id = 13ddf816-4f09-4e2a-a2a9-0a0c12ea955e, creation at: 2024-03-20T21:08:37.272Z, expire at: 2024-03-20T21:08:40.272Z)
2024-03-20 21:08:37,278 [1ba87fbc-452a-4836-9768-c65c67837df8@group-8B04330EF271-StateMachineUpdater] INFO  symmetric.SecretKeyStateImpl (SecretKeyStateImpl.java:updateKeysInternal(113)) - Updating keys with [SecretKey(id = d7e4c2db-fa5e-4911-a816-461dfcba1108, creation at: 2024-03-20T21:08:36.272Z, expire at: 2024-03-20T21:08:39.272Z), SecretKey(id = a2bb4459-6b9e-474d-a1e3-39b0977d1a31, creation at: 2024-03-20T21:08:35.272Z, expire at: 2024-03-20T21:08:38.272Z), SecretKey(id = 76586aaa-b579-4887-b3f3-f14dd5ee78ac, creation at: 2024-03-20T21:08:34.272Z, expire at: 2024-03-20T21:08:37.272Z), SecretKey(id = 13ddf816-4f09-4e2a-a2a9-0a0c12ea955e, creation at: 2024-03-20T21:08:37.272Z, expire at: 2024-03-20T21:08:40.272Z)]
2024-03-20 21:08:37,278 [1ba87fbc-452a-4836-9768-c65c67837df8@group-8B04330EF271-StateMachineUpdater] INFO  symmetric.SecretKeyStateImpl (SecretKeyStateImpl.java:updateKeysInternal(128)) - Current key updated SecretKey(id = 13ddf816-4f09-4e2a-a2a9-0a0c12ea955e, creation at: 2024-03-20T21:08:37.272Z, expire at: 2024-03-20T21:08:40.272Z)
2024-03-20 21:08:37,279 [1ba87fbc-452a-4836-9768-c65c67837df8@group-8B04330EF271-StateMachineUpdater] INFO  symmetric.LocalSecretKeyStore (LocalSecretKeyStore.java:save(109)) - Saved [SecretKey(id = 13ddf816-4f09-4e2a-a2a9-0a0c12ea955e, creation at: 2024-03-20T21:08:37.272Z, expire at: 2024-03-20T21:08:40.272Z), SecretKey(id = d7e4c2db-fa5e-4911-a816-461dfcba1108, creation at: 2024-03-20T21:08:36.272Z, expire at: 2024-03-20T21:08:39.272Z), SecretKey(id = a2bb4459-6b9e-474d-a1e3-39b0977d1a31, creation at: 2024-03-20T21:08:35.272Z, expire at: 2024-03-20T21:08:38.272Z), SecretKey(id = 76586aaa-b579-4887-b3f3-f14dd5ee78ac, creation at: 2024-03-20T21:08:34.272Z, expire at: 2024-03-20T21:08:37.272Z)] to file /home/runner/work/ozone/ozone/hadoop-ozone/integration-test/target/test-dir/MiniOzoneClusterImpl-bb4c8f07-45f9-422c-bd0c-8b04330ef271/scmNode-1/scm/keys/secret_keys.json
2024-03-20 21:08:37,279 [1ba87fbc-452a-4836-9768-c65c67837df8@group-8B04330EF271-StateMachineUpdater] INFO  safemode.HealthyPipelineSafeModeRule (HealthyPipelineSafeModeRule.java:initializeRule(172)) - Refreshed total pipeline count is 0, healthy pipeline threshold count is 1
2024-03-20 21:08:37,279 [be2411e5-a42d-476f-b25b-d7f87790d2c1@group-8B04330EF271-StateMachineUpdater] INFO  symmetric.SecretKeyStateImpl (SecretKeyStateImpl.java:updateKeysInternal(113)) - Updating keys with [SecretKey(id = d7e4c2db-fa5e-4911-a816-461dfcba1108, creation at: 2024-03-20T21:08:36.272Z, expire at: 2024-03-20T21:08:39.272Z), SecretKey(id = a2bb4459-6b9e-474d-a1e3-39b0977d1a31, creation at: 2024-03-20T21:08:35.272Z, expire at: 2024-03-20T21:08:38.272Z), SecretKey(id = 76586aaa-b579-4887-b3f3-f14dd5ee78ac, creation at: 2024-03-20T21:08:34.272Z, expire at: 2024-03-20T21:08:37.272Z), SecretKey(id = 13ddf816-4f09-4e2a-a2a9-0a0c12ea955e, creation at: 2024-03-20T21:08:37.272Z, expire at: 2024-03-20T21:08:40.272Z)]
2024-03-20 21:08:37,279 [b12aa423-edbe-43b9-9e95-c7a538dfc443@group-8B04330EF271-StateMachineUpdater] INFO  symmetric.SecretKeyStateImpl (SecretKeyStateImpl.java:updateKeysInternal(113)) - Updating keys with [SecretKey(id = d7e4c2db-fa5e-4911-a816-461dfcba1108, creation at: 2024-03-20T21:08:36.272Z, expire at: 2024-03-20T21:08:39.272Z), SecretKey(id = a2bb4459-6b9e-474d-a1e3-39b0977d1a31, creation at: 2024-03-20T21:08:35.272Z, expire at: 2024-03-20T21:08:38.272Z), SecretKey(id = 76586aaa-b579-4887-b3f3-f14dd5ee78ac, creation at: 2024-03-20T21:08:34.272Z, expire at: 2024-03-20T21:08:37.272Z), SecretKey(id = 13ddf816-4f09-4e2a-a2a9-0a0c12ea955e, creation at: 2024-03-20T21:08:37.272Z, expire at: 2024-03-20T21:08:40.272Z)]
2024-03-20 21:08:37,279 [be2411e5-a42d-476f-b25b-d7f87790d2c1@group-8B04330EF271-StateMachineUpdater] INFO  symmetric.SecretKeyStateImpl (SecretKeyStateImpl.java:updateKeysInternal(128)) - Current key updated SecretKey(id = 13ddf816-4f09-4e2a-a2a9-0a0c12ea955e, creation at: 2024-03-20T21:08:37.272Z, expire at: 2024-03-20T21:08:40.272Z)
2024-03-20 21:08:37,280 [be2411e5-a42d-476f-b25b-d7f87790d2c1@group-8B04330EF271-StateMachineUpdater] INFO  symmetric.LocalSecretKeyStore (LocalSecretKeyStore.java:save(109)) - Saved [SecretKey(id = 13ddf816-4f09-4e2a-a2a9-0a0c12ea955e, creation at: 2024-03-20T21:08:37.272Z, expire at: 2024-03-20T21:08:40.272Z), SecretKey(id = d7e4c2db-fa5e-4911-a816-461dfcba1108, creation at: 2024-03-20T21:08:36.272Z, expire at: 2024-03-20T21:08:39.272Z), SecretKey(id = a2bb4459-6b9e-474d-a1e3-39b0977d1a31, creation at: 2024-03-20T21:08:35.272Z, expire at: 2024-03-20T21:08:38.272Z), SecretKey(id = 76586aaa-b579-4887-b3f3-f14dd5ee78ac, creation at: 2024-03-20T21:08:34.272Z, expire at: 2024-03-20T21:08:37.272Z)] to file /home/runner/work/ozone/ozone/hadoop-ozone/integration-test/target/test-dir/MiniOzoneClusterImpl-bb4c8f07-45f9-422c-bd0c-8b04330ef271/scmNode-2/scm/keys/secret_keys.json
2024-03-20 21:08:37,280 [be2411e5-a42d-476f-b25b-d7f87790d2c1@group-8B04330EF271-StateMachineUpdater] INFO  safemode.HealthyPipelineSafeModeRule (HealthyPipelineSafeModeRule.java:initializeRule(172)) - Refreshed total pipeline count is 0, healthy pipeline threshold count is 1
2024-03-20 21:08:37,280 [b12aa423-edbe-43b9-9e95-c7a538dfc443@group-8B04330EF271-StateMachineUpdater] INFO  symmetric.SecretKeyStateImpl (SecretKeyStateImpl.java:updateKeysInternal(128)) - Current key updated SecretKey(id = 13ddf816-4f09-4e2a-a2a9-0a0c12ea955e, creation at: 2024-03-20T21:08:37.272Z, expire at: 2024-03-20T21:08:40.272Z)
2024-03-20 21:08:37,281 [b12aa423-edbe-43b9-9e95-c7a538dfc443@group-8B04330EF271-StateMachineUpdater] INFO  symmetric.LocalSecretKeyStore (LocalSecretKeyStore.java:save(109)) - Saved [SecretKey(id = 13ddf816-4f09-4e2a-a2a9-0a0c12ea955e, creation at: 2024-03-20T21:08:37.272Z, expire at: 2024-03-20T21:08:40.272Z), SecretKey(id = d7e4c2db-fa5e-4911-a816-461dfcba1108, creation at: 2024-03-20T21:08:36.272Z, expire at: 2024-03-20T21:08:39.272Z), SecretKey(id = a2bb4459-6b9e-474d-a1e3-39b0977d1a31, creation at: 2024-03-20T21:08:35.272Z, expire at: 2024-03-20T21:08:38.272Z), SecretKey(id = 76586aaa-b579-4887-b3f3-f14dd5ee78ac, creation at: 2024-03-20T21:08:34.272Z, expire at: 2024-03-20T21:08:37.272Z)] to file /home/runner/work/ozone/ozone/hadoop-ozone/integration-test/target/test-dir/MiniOzoneClusterImpl-bb4c8f07-45f9-422c-bd0c-8b04330ef271/scmNode-3/scm/keys/secret_keys.json
2024-03-20 21:08:37,281 [b12aa423-edbe-43b9-9e95-c7a538dfc443@group-8B04330EF271-StateMachineUpdater] INFO  safemode.HealthyPipelineSafeModeRule (HealthyPipelineSafeModeRule.java:initializeRule(172)) - Refreshed total pipeline count is 0, healthy pipeline threshold count is 1
2024-03-20 21:08:37,287 [98cad3d9-1aaa-47a5-be17-9665075729ab-EndpointStateMachineTaskThread-/127.0.0.1:15004-0 ] INFO  utils.DatanodeStoreCache (DatanodeStoreCache.java:addDB(72)) - Added db /home/runner/work/ozone/ozone/hadoop-ozone/integration-test/target/test-dir/MiniOzoneClusterImpl-bb4c8f07-45f9-422c-bd0c-8b04330ef271/ozone-meta/datanode-3/data-0/hdds/bb4c8f07-45f9-422c-bd0c-8b04330ef271/DS-54b5c78b-3e06-42c7-8792-b71bfdbadeb9/container.db to cache
2024-03-20 21:08:37,287 [98cad3d9-1aaa-47a5-be17-9665075729ab-EndpointStateMachineTaskThread-/127.0.0.1:15004-0 ] INFO  volume.HddsVolume (HddsVolume.java:createDbStore(420)) - SchemaV3 db is created and loaded at /home/runner/work/ozone/ozone/hadoop-ozone/integration-test/target/test-dir/MiniOzoneClusterImpl-bb4c8f07-45f9-422c-bd0c-8b04330ef271/ozone-meta/datanode-3/data-0/hdds/bb4c8f07-45f9-422c-bd0c-8b04330ef271/DS-54b5c78b-3e06-42c7-8792-b71bfdbadeb9/container.db for volume DS-54b5c78b-3e06-42c7-8792-b71bfdbadeb9
2024-03-20 21:08:37,290 [98cad3d9-1aaa-47a5-be17-9665075729ab-ContainerReader-0] INFO  ozoneimpl.ContainerReader (ContainerReader.java:readVolume(148)) - Start to verify containers on volume /home/runner/work/ozone/ozone/hadoop-ozone/integration-test/target/test-dir/MiniOzoneClusterImpl-bb4c8f07-45f9-422c-bd0c-8b04330ef271/ozone-meta/datanode-3/data-0/hdds
2024-03-20 21:08:37,290 [98cad3d9-1aaa-47a5-be17-9665075729ab-ContainerReader-0] INFO  ozoneimpl.ContainerReader (ContainerReader.java:readVolume(178)) - Finish verifying containers on volume /home/runner/work/ozone/ozone/hadoop-ozone/integration-test/target/test-dir/MiniOzoneClusterImpl-bb4c8f07-45f9-422c-bd0c-8b04330ef271/ozone-meta/datanode-3/data-0/hdds
2024-03-20 21:08:37,290 [98cad3d9-1aaa-47a5-be17-9665075729ab-EndpointStateMachineTaskThread-/127.0.0.1:15004-0 ] INFO  ozoneimpl.OzoneContainer (OzoneContainer.java:buildContainerSet(328)) - Build ContainerSet costs 0s
2024-03-20 21:08:37,292 [98cad3d9-1aaa-47a5-be17-9665075729ab-EndpointStateMachineTaskThread-/127.0.0.1:15004-0 ] INFO  volume.ThrottledAsyncChecker (ThrottledAsyncChecker.java:schedule(141)) - Scheduling a check for /home/runner/work/ozone/ozone/hadoop-ozone/integration-test/target/test-dir/MiniOzoneClusterImpl-bb4c8f07-45f9-422c-bd0c-8b04330ef271/ozone-meta/datanode-3/data-0/hdds
2024-03-20 21:08:37,293 [98cad3d9-1aaa-47a5-be17-9665075729ab-EndpointStateMachineTaskThread-/127.0.0.1:15004-0 ] INFO  volume.StorageVolumeChecker (StorageVolumeChecker.java:checkAllVolumes(218)) - Scheduled health check for volume /home/runner/work/ozone/ozone/hadoop-ozone/integration-test/target/test-dir/MiniOzoneClusterImpl-bb4c8f07-45f9-422c-bd0c-8b04330ef271/ozone-meta/datanode-3/data-0/hdds
2024-03-20 21:08:37,297 [98cad3d9-1aaa-47a5-be17-9665075729ab-EndpointStateMachineTaskThread-/127.0.0.1:15004-0 ] INFO  volume.ThrottledAsyncChecker (ThrottledAsyncChecker.java:schedule(141)) - Scheduling a check for /home/runner/work/ozone/ozone/hadoop-ozone/integration-test/target/test-dir/MiniOzoneClusterImpl-bb4c8f07-45f9-422c-bd0c-8b04330ef271/ozone-meta/datanode-3/ratis
2024-03-20 21:08:37,297 [98cad3d9-1aaa-47a5-be17-9665075729ab-EndpointStateMachineTaskThread-/127.0.0.1:15004-0 ] INFO  volume.StorageVolumeChecker (StorageVolumeChecker.java:checkAllVolumes(218)) - Scheduled health check for volume /home/runner/work/ozone/ozone/hadoop-ozone/integration-test/target/test-dir/MiniOzoneClusterImpl-bb4c8f07-45f9-422c-bd0c-8b04330ef271/ozone-meta/datanode-3/ratis
2024-03-20 21:08:37,298 [98cad3d9-1aaa-47a5-be17-9665075729ab-EndpointStateMachineTaskThread-/127.0.0.1:15004-0 ] INFO  ozoneimpl.OzoneContainer (OzoneContainer.java:start(459)) - Attempting to start container services.
2024-03-20 21:08:37,298 [98cad3d9-1aaa-47a5-be17-9665075729ab-EndpointStateMachineTaskThread-/127.0.0.1:15004-0 ] WARN  ozoneimpl.OnDemandContainerDataScanner (OnDemandContainerDataScanner.java:init(75)) - Trying to initialize on demand scanner a second time on a datanode.
2024-03-20 21:08:37,299 [ContainerMetadataScanner] INFO  ozoneimpl.AbstractBackgroundContainerScanner (AbstractBackgroundContainerScanner.java:runIteration(87)) - Completed an iteration in 0 minutes. Number of iterations (since the data-node restart) : 1, Number of containers scanned in this iteration : 0, Number of unhealthy containers found in this iteration : 0
2024-03-20 21:08:37,299 [ContainerDataScanner(/home/runner/work/ozone/ozone/hadoop-ozone/integration-test/target/test-dir/MiniOzoneClusterImpl-bb4c8f07-45f9-422c-bd0c-8b04330ef271/ozone-meta/datanode-3/data-0/hdds)] INFO  ozoneimpl.AbstractBackgroundContainerScanner (AbstractBackgroundContainerScanner.java:runIteration(87)) - Completed an iteration in 0 minutes. Number of iterations (since the data-node restart) : 1, Number of containers scanned in this iteration : 0, Number of unhealthy containers found in this iteration : 0
2024-03-20 21:08:37,304 [98cad3d9-1aaa-47a5-be17-9665075729ab-EndpointStateMachineTaskThread-/127.0.0.1:15004-0 ] INFO  replication.ReplicationServer (ReplicationServer.java:start(142)) - ReplicationServer is started using port 15066
2024-03-20 21:08:37,304 [98cad3d9-1aaa-47a5-be17-9665075729ab-EndpointStateMachineTaskThread-/127.0.0.1:15004-0 ] INFO  ratis.XceiverServerRatis (XceiverServerRatis.java:start(566)) - Starting XceiverServerRatis 98cad3d9-1aaa-47a5-be17-9665075729ab
2024-03-20 21:08:37,305 [98cad3d9-1aaa-47a5-be17-9665075729ab-EndpointStateMachineTaskThread-/127.0.0.1:15004-0 ] INFO  server.RaftServer (RaftServerProxy.java:startImpl(406)) - 98cad3d9-1aaa-47a5-be17-9665075729ab: start RPC server
2024-03-20 21:08:37,306 [98cad3d9-1aaa-47a5-be17-9665075729ab-EndpointStateMachineTaskThread-/127.0.0.1:15004-0 ] INFO  server.GrpcService (GrpcService.java:startImpl(302)) - 98cad3d9-1aaa-47a5-be17-9665075729ab: GrpcService started, listening on 15062
2024-03-20 21:08:37,307 [98cad3d9-1aaa-47a5-be17-9665075729ab-EndpointStateMachineTaskThread-/127.0.0.1:15004-0 ] INFO  server.GrpcService (GrpcService.java:startImpl(302)) - 98cad3d9-1aaa-47a5-be17-9665075729ab: GrpcService started, listening on 15064
2024-03-20 21:08:37,308 [98cad3d9-1aaa-47a5-be17-9665075729ab-EndpointStateMachineTaskThread-/127.0.0.1:15004-0 ] INFO  server.GrpcService (GrpcService.java:startImpl(302)) - 98cad3d9-1aaa-47a5-be17-9665075729ab: GrpcService started, listening on 15063
2024-03-20 21:08:37,308 [98cad3d9-1aaa-47a5-be17-9665075729ab-EndpointStateMachineTaskThread-/127.0.0.1:15004-0 ] INFO  ratis.XceiverServerRatis (XceiverServerRatis.java:getRealPort(592)) - XceiverServerRatis 98cad3d9-1aaa-47a5-be17-9665075729ab is started using port 15062 for RATIS
2024-03-20 21:08:37,308 [98cad3d9-1aaa-47a5-be17-9665075729ab-EndpointStateMachineTaskThread-/127.0.0.1:15004-0 ] INFO  ratis.XceiverServerRatis (XceiverServerRatis.java:getRealPort(592)) - XceiverServerRatis 98cad3d9-1aaa-47a5-be17-9665075729ab is started using port 15063 for RATIS_ADMIN
2024-03-20 21:08:37,308 [98cad3d9-1aaa-47a5-be17-9665075729ab-EndpointStateMachineTaskThread-/127.0.0.1:15004-0 ] INFO  ratis.XceiverServerRatis (XceiverServerRatis.java:getRealPort(592)) - XceiverServerRatis 98cad3d9-1aaa-47a5-be17-9665075729ab is started using port 15064 for RATIS_SERVER
2024-03-20 21:08:37,308 [98cad3d9-1aaa-47a5-be17-9665075729ab-EndpointStateMachineTaskThread-/127.0.0.1:15004-0 ] INFO  ratis.XceiverServerRatis (XceiverServerRatis.java:getRealPort(592)) - XceiverServerRatis 98cad3d9-1aaa-47a5-be17-9665075729ab is started using port 15065 for RATIS_DATASTREAM
2024-03-20 21:08:37,308 [JvmPauseMonitor7] INFO  util.JvmPauseMonitor (JvmPauseMonitor.java:run(146)) - JvmPauseMonitor-98cad3d9-1aaa-47a5-be17-9665075729ab: Started
2024-03-20 21:08:37,311 [98cad3d9-1aaa-47a5-be17-9665075729ab-EndpointStateMachineTaskThread-/127.0.0.1:15020-0 ] INFO  ozoneimpl.OzoneContainer (OzoneContainer.java:start(441)) - Ignore. OzoneContainer already started.
2024-03-20 21:08:37,310 [98cad3d9-1aaa-47a5-be17-9665075729ab-EndpointStateMachineTaskThread-/127.0.0.1:15012-0 ] INFO  ozoneimpl.OzoneContainer (OzoneContainer.java:start(441)) - Ignore. OzoneContainer already started.
2024-03-20 21:08:37,310 [98cad3d9-1aaa-47a5-be17-9665075729ab-BlockDeletingService#0] INFO  interfaces.ContainerDeletionChoosingPolicyTemplate (ContainerDeletionChoosingPolicyTemplate.java:chooseContainerForBlockDeletion(85)) - Chosen 0/5000 blocks from 0 candidate containers.
2024-03-20 21:08:37,374 [SecretKeyPoller] INFO  symmetric.DefaultSecretKeySignerClient (DefaultSecretKeySignerClient.java:checkAndRefresh(167)) - New secret key fetched from SCM: SecretKey(id = 13ddf816-4f09-4e2a-a2a9-0a0c12ea955e, creation at: 2024-03-20T21:08:37.272Z, expire at: 2024-03-20T21:08:40.272Z).
2024-03-20 21:08:37,374 [om1-SecretKeyPoller] INFO  symmetric.DefaultSecretKeySignerClient (DefaultSecretKeySignerClient.java:checkAndRefresh(167)) - New secret key fetched from SCM: SecretKey(id = 13ddf816-4f09-4e2a-a2a9-0a0c12ea955e, creation at: 2024-03-20T21:08:37.272Z, expire at: 2024-03-20T21:08:40.272Z).
2024-03-20 21:08:37,374 [SecretKeyPoller] INFO  symmetric.DefaultSecretKeySignerClient (DefaultSecretKeySignerClient.java:checkAndRefresh(167)) - New secret key fetched from SCM: SecretKey(id = 13ddf816-4f09-4e2a-a2a9-0a0c12ea955e, creation at: 2024-03-20T21:08:37.272Z, expire at: 2024-03-20T21:08:40.272Z).
2024-03-20 21:08:37,375 [SecretKeyPoller] INFO  symmetric.DefaultSecretKeySignerClient (DefaultSecretKeySignerClient.java:checkAndRefresh(167)) - New secret key fetched from SCM: SecretKey(id = 13ddf816-4f09-4e2a-a2a9-0a0c12ea955e, creation at: 2024-03-20T21:08:37.272Z, expire at: 2024-03-20T21:08:40.272Z).
2024-03-20 21:08:38,243 [main] INFO  ozone.MiniOzoneClusterImpl (MiniOzoneClusterImpl.java:lambda$waitForClusterToBeReady$0(194)) - Waiting for nodes to be ready. Got 0 of 3 DN Heartbeats.
2024-03-20 21:08:38,243 [main] INFO  ozone.MiniOzoneClusterImpl (MiniOzoneClusterImpl.java:lambda$waitForClusterToBeReady$0(197)) - Waiting for cluster to exit safe mode
2024-03-20 21:08:38,243 [main] INFO  ozone.MiniOzoneClusterImpl (MiniOzoneClusterImpl.java:lambda$waitForClusterToBeReady$0(199)) - SCM became leader
2024-03-20 21:08:38,272 [scmNode-1-SecretKeyManagerService] INFO  symmetric.SecretKeyManager (SecretKeyManager.java:checkAndRotate(125)) - SecretKey rotation is happening, new key generated SecretKey(id = 1823c211-9ec8-41a8-95b9-24d1b9491086, creation at: 2024-03-20T21:08:38.272Z, expire at: 2024-03-20T21:08:41.272Z)
2024-03-20 21:08:38,284 [1ba87fbc-452a-4836-9768-c65c67837df8@group-8B04330EF271-StateMachineUpdater] INFO  symmetric.SecretKeyStateImpl (SecretKeyStateImpl.java:updateKeysInternal(113)) - Updating keys with [SecretKey(id = 13ddf816-4f09-4e2a-a2a9-0a0c12ea955e, creation at: 2024-03-20T21:08:37.272Z, expire at: 2024-03-20T21:08:40.272Z), SecretKey(id = d7e4c2db-fa5e-4911-a816-461dfcba1108, creation at: 2024-03-20T21:08:36.272Z, expire at: 2024-03-20T21:08:39.272Z), SecretKey(id = a2bb4459-6b9e-474d-a1e3-39b0977d1a31, creation at: 2024-03-20T21:08:35.272Z, expire at: 2024-03-20T21:08:38.272Z), SecretKey(id = 1823c211-9ec8-41a8-95b9-24d1b9491086, creation at: 2024-03-20T21:08:38.272Z, expire at: 2024-03-20T21:08:41.272Z)]
2024-03-20 21:08:38,284 [1ba87fbc-452a-4836-9768-c65c67837df8@group-8B04330EF271-StateMachineUpdater] INFO  symmetric.SecretKeyStateImpl (SecretKeyStateImpl.java:updateKeysInternal(128)) - Current key updated SecretKey(id = 1823c211-9ec8-41a8-95b9-24d1b9491086, creation at: 2024-03-20T21:08:38.272Z, expire at: 2024-03-20T21:08:41.272Z)
2024-03-20 21:08:38,285 [1ba87fbc-452a-4836-9768-c65c67837df8@group-8B04330EF271-StateMachineUpdater] INFO  symmetric.LocalSecretKeyStore (LocalSecretKeyStore.java:save(109)) - Saved [SecretKey(id = 1823c211-9ec8-41a8-95b9-24d1b9491086, creation at: 2024-03-20T21:08:38.272Z, expire at: 2024-03-20T21:08:41.272Z), SecretKey(id = 13ddf816-4f09-4e2a-a2a9-0a0c12ea955e, creation at: 2024-03-20T21:08:37.272Z, expire at: 2024-03-20T21:08:40.272Z), SecretKey(id = d7e4c2db-fa5e-4911-a816-461dfcba1108, creation at: 2024-03-20T21:08:36.272Z, expire at: 2024-03-20T21:08:39.272Z), SecretKey(id = a2bb4459-6b9e-474d-a1e3-39b0977d1a31, creation at: 2024-03-20T21:08:35.272Z, expire at: 2024-03-20T21:08:38.272Z)] to file /home/runner/work/ozone/ozone/hadoop-ozone/integration-test/target/test-dir/MiniOzoneClusterImpl-bb4c8f07-45f9-422c-bd0c-8b04330ef271/scmNode-1/scm/keys/secret_keys.json
2024-03-20 21:08:38,285 [1ba87fbc-452a-4836-9768-c65c67837df8@group-8B04330EF271-StateMachineUpdater] INFO  safemode.HealthyPipelineSafeModeRule (HealthyPipelineSafeModeRule.java:initializeRule(172)) - Refreshed total pipeline count is 0, healthy pipeline threshold count is 1
2024-03-20 21:08:38,285 [b12aa423-edbe-43b9-9e95-c7a538dfc443@group-8B04330EF271-StateMachineUpdater] INFO  symmetric.SecretKeyStateImpl (SecretKeyStateImpl.java:updateKeysInternal(113)) - Updating keys with [SecretKey(id = 13ddf816-4f09-4e2a-a2a9-0a0c12ea955e, creation at: 2024-03-20T21:08:37.272Z, expire at: 2024-03-20T21:08:40.272Z), SecretKey(id = d7e4c2db-fa5e-4911-a816-461dfcba1108, creation at: 2024-03-20T21:08:36.272Z, expire at: 2024-03-20T21:08:39.272Z), SecretKey(id = a2bb4459-6b9e-474d-a1e3-39b0977d1a31, creation at: 2024-03-20T21:08:35.272Z, expire at: 2024-03-20T21:08:38.272Z), SecretKey(id = 1823c211-9ec8-41a8-95b9-24d1b9491086, creation at: 2024-03-20T21:08:38.272Z, expire at: 2024-03-20T21:08:41.272Z)]
2024-03-20 21:08:38,285 [b12aa423-edbe-43b9-9e95-c7a538dfc443@group-8B04330EF271-StateMachineUpdater] INFO  symmetric.SecretKeyStateImpl (SecretKeyStateImpl.java:updateKeysInternal(128)) - Current key updated SecretKey(id = 1823c211-9ec8-41a8-95b9-24d1b9491086, creation at: 2024-03-20T21:08:38.272Z, expire at: 2024-03-20T21:08:41.272Z)
2024-03-20 21:08:38,286 [b12aa423-edbe-43b9-9e95-c7a538dfc443@group-8B04330EF271-StateMachineUpdater] INFO  symmetric.LocalSecretKeyStore (LocalSecretKeyStore.java:save(109)) - Saved [SecretKey(id = 1823c211-9ec8-41a8-95b9-24d1b9491086, creation at: 2024-03-20T21:08:38.272Z, expire at: 2024-03-20T21:08:41.272Z), SecretKey(id = 13ddf816-4f09-4e2a-a2a9-0a0c12ea955e, creation at: 2024-03-20T21:08:37.272Z, expire at: 2024-03-20T21:08:40.272Z), SecretKey(id = d7e4c2db-fa5e-4911-a816-461dfcba1108, creation at: 2024-03-20T21:08:36.272Z, expire at: 2024-03-20T21:08:39.272Z), SecretKey(id = a2bb4459-6b9e-474d-a1e3-39b0977d1a31, creation at: 2024-03-20T21:08:35.272Z, expire at: 2024-03-20T21:08:38.272Z)] to file /home/runner/work/ozone/ozone/hadoop-ozone/integration-test/target/test-dir/MiniOzoneClusterImpl-bb4c8f07-45f9-422c-bd0c-8b04330ef271/scmNode-3/scm/keys/secret_keys.json
2024-03-20 21:08:38,286 [b12aa423-edbe-43b9-9e95-c7a538dfc443@group-8B04330EF271-StateMachineUpdater] INFO  safemode.HealthyPipelineSafeModeRule (HealthyPipelineSafeModeRule.java:initializeRule(172)) - Refreshed total pipeline count is 0, healthy pipeline threshold count is 1
2024-03-20 21:08:38,287 [be2411e5-a42d-476f-b25b-d7f87790d2c1@group-8B04330EF271-StateMachineUpdater] INFO  symmetric.SecretKeyStateImpl (SecretKeyStateImpl.java:updateKeysInternal(113)) - Updating keys with [SecretKey(id = 13ddf816-4f09-4e2a-a2a9-0a0c12ea955e, creation at: 2024-03-20T21:08:37.272Z, expire at: 2024-03-20T21:08:40.272Z), SecretKey(id = d7e4c2db-fa5e-4911-a816-461dfcba1108, creation at: 2024-03-20T21:08:36.272Z, expire at: 2024-03-20T21:08:39.272Z), SecretKey(id = a2bb4459-6b9e-474d-a1e3-39b0977d1a31, creation at: 2024-03-20T21:08:35.272Z, expire at: 2024-03-20T21:08:38.272Z), SecretKey(id = 1823c211-9ec8-41a8-95b9-24d1b9491086, creation at: 2024-03-20T21:08:38.272Z, expire at: 2024-03-20T21:08:41.272Z)]
2024-03-20 21:08:38,287 [be2411e5-a42d-476f-b25b-d7f87790d2c1@group-8B04330EF271-StateMachineUpdater] INFO  symmetric.SecretKeyStateImpl (SecretKeyStateImpl.java:updateKeysInternal(128)) - Current key updated SecretKey(id = 1823c211-9ec8-41a8-95b9-24d1b9491086, creation at: 2024-03-20T21:08:38.272Z, expire at: 2024-03-20T21:08:41.272Z)
2024-03-20 21:08:38,287 [be2411e5-a42d-476f-b25b-d7f87790d2c1@group-8B04330EF271-StateMachineUpdater] INFO  symmetric.LocalSecretKeyStore (LocalSecretKeyStore.java:save(109)) - Saved [SecretKey(id = 1823c211-9ec8-41a8-95b9-24d1b9491086, creation at: 2024-03-20T21:08:38.272Z, expire at: 2024-03-20T21:08:41.272Z), SecretKey(id = 13ddf816-4f09-4e2a-a2a9-0a0c12ea955e, creation at: 2024-03-20T21:08:37.272Z, expire at: 2024-03-20T21:08:40.272Z), SecretKey(id = d7e4c2db-fa5e-4911-a816-461dfcba1108, creation at: 2024-03-20T21:08:36.272Z, expire at: 2024-03-20T21:08:39.272Z), SecretKey(id = a2bb4459-6b9e-474d-a1e3-39b0977d1a31, creation at: 2024-03-20T21:08:35.272Z, expire at: 2024-03-20T21:08:38.272Z)] to file /home/runner/work/ozone/ozone/hadoop-ozone/integration-test/target/test-dir/MiniOzoneClusterImpl-bb4c8f07-45f9-422c-bd0c-8b04330ef271/scmNode-2/scm/keys/secret_keys.json
2024-03-20 21:08:38,287 [be2411e5-a42d-476f-b25b-d7f87790d2c1@group-8B04330EF271-StateMachineUpdater] INFO  safemode.HealthyPipelineSafeModeRule (HealthyPipelineSafeModeRule.java:initializeRule(172)) - Refreshed total pipeline count is 0, healthy pipeline threshold count is 1
2024-03-20 21:08:38,375 [SecretKeyPoller] INFO  symmetric.DefaultSecretKeySignerClient (DefaultSecretKeySignerClient.java:checkAndRefresh(167)) - New secret key fetched from SCM: SecretKey(id = 1823c211-9ec8-41a8-95b9-24d1b9491086, creation at: 2024-03-20T21:08:38.272Z, expire at: 2024-03-20T21:08:41.272Z).
2024-03-20 21:08:38,375 [om1-SecretKeyPoller] INFO  symmetric.DefaultSecretKeySignerClient (DefaultSecretKeySignerClient.java:checkAndRefresh(167)) - New secret key fetched from SCM: SecretKey(id = 1823c211-9ec8-41a8-95b9-24d1b9491086, creation at: 2024-03-20T21:08:38.272Z, expire at: 2024-03-20T21:08:41.272Z).
2024-03-20 21:08:38,375 [SecretKeyPoller] INFO  symmetric.DefaultSecretKeySignerClient (DefaultSecretKeySignerClient.java:checkAndRefresh(167)) - New secret key fetched from SCM: SecretKey(id = 1823c211-9ec8-41a8-95b9-24d1b9491086, creation at: 2024-03-20T21:08:38.272Z, expire at: 2024-03-20T21:08:41.272Z).
2024-03-20 21:08:38,375 [SecretKeyPoller] INFO  symmetric.DefaultSecretKeySignerClient (DefaultSecretKeySignerClient.java:checkAndRefresh(167)) - New secret key fetched from SCM: SecretKey(id = 1823c211-9ec8-41a8-95b9-24d1b9491086, creation at: 2024-03-20T21:08:38.272Z, expire at: 2024-03-20T21:08:41.272Z).
2024-03-20 21:08:38,455 [IPC Server handler 2 on default port 15012] INFO  net.NetworkTopologyImpl (NetworkTopologyImpl.java:add(133)) - Added a new node: /default-rack/bf0d52d7-dce2-4f08-b148-c0add6164c5c
2024-03-20 21:08:38,455 [IPC Server handler 1 on default port 15004] INFO  net.NetworkTopologyImpl (NetworkTopologyImpl.java:add(133)) - Added a new node: /default-rack/bf0d52d7-dce2-4f08-b148-c0add6164c5c
2024-03-20 21:08:38,455 [IPC Server handler 3 on default port 15020] INFO  net.NetworkTopologyImpl (NetworkTopologyImpl.java:add(133)) - Added a new node: /default-rack/bf0d52d7-dce2-4f08-b148-c0add6164c5c
2024-03-20 21:08:38,463 [IPC Server handler 3 on default port 15020] INFO  node.SCMNodeManager (SCMNodeManager.java:register(421)) - Registered datanode: bf0d52d7-dce2-4f08-b148-c0add6164c5c{ip: 10.1.0.34, host: fv-az1053-74.1e55wlyavovu3ma4fylbaqc4gd.phxx.internal.cloudapp.net, ports: [HTTP=15041, CLIENT_RPC=15042, REPLICATION=15048, RATIS=15044, RATIS_ADMIN=15045, RATIS_SERVER=15046, RATIS_DATASTREAM=15047, STANDALONE=15043], networkLocation: /default-rack, certSerialId: 6, persistedOpState: null, persistedOpStateExpiryEpochSec: 0}
2024-03-20 21:08:38,463 [IPC Server handler 2 on default port 15012] INFO  node.SCMNodeManager (SCMNodeManager.java:register(421)) - Registered datanode: bf0d52d7-dce2-4f08-b148-c0add6164c5c{ip: 10.1.0.34, host: fv-az1053-74.1e55wlyavovu3ma4fylbaqc4gd.phxx.internal.cloudapp.net, ports: [HTTP=15041, CLIENT_RPC=15042, REPLICATION=15048, RATIS=15044, RATIS_ADMIN=15045, RATIS_SERVER=15046, RATIS_DATASTREAM=15047, STANDALONE=15043], networkLocation: /default-rack, certSerialId: 6, persistedOpState: null, persistedOpStateExpiryEpochSec: 0}
2024-03-20 21:08:38,463 [IPC Server handler 1 on default port 15004] INFO  node.SCMNodeManager (SCMNodeManager.java:register(421)) - Registered datanode: bf0d52d7-dce2-4f08-b148-c0add6164c5c{ip: 10.1.0.34, host: fv-az1053-74.1e55wlyavovu3ma4fylbaqc4gd.phxx.internal.cloudapp.net, ports: [HTTP=15041, CLIENT_RPC=15042, REPLICATION=15048, RATIS=15044, RATIS_ADMIN=15045, RATIS_SERVER=15046, RATIS_DATASTREAM=15047, STANDALONE=15043], networkLocation: /default-rack, certSerialId: 6, persistedOpState: null, persistedOpStateExpiryEpochSec: 0}
2024-03-20 21:08:38,467 [scmNode-1-EventQueue-NewNodeForNewNodeHandler] INFO  pipeline.BackgroundPipelineCreator (BackgroundPipelineCreator.java:notifyEventTriggered(280)) - trigger a one-shot run on scmNode-1-RatisPipelineUtilsThread.
2024-03-20 21:08:38,468 [scmNode-3-EventQueue-NewNodeForNewNodeHandler] INFO  pipeline.BackgroundPipelineCreator (BackgroundPipelineCreator.java:notifyEventTriggered(273)) - ignore, not leader SCM.
2024-03-20 21:08:38,468 [scmNode-2-EventQueue-NewNodeForNewNodeHandler] INFO  pipeline.BackgroundPipelineCreator (BackgroundPipelineCreator.java:notifyEventTriggered(273)) - ignore, not leader SCM.
2024-03-20 21:08:38,469 [scmNode-2-EventQueue-NodeRegistrationContainerReportForDataNodeSafeModeRule] INFO  safemode.SCMSafeModeManager (DataNodeSafeModeRule.java:process(71)) - SCM in safe mode. 1 DataNodes registered, 3 required.
2024-03-20 21:08:38,478 [scmNode-1-RatisPipelineUtilsThread-0] INFO  pipeline.RatisPipelineProvider (RatisPipelineProvider.java:lambda$create$0(205)) - Sending CreatePipelineCommand for pipeline:PipelineID=32562dfb-1478-47de-bd5f-bbf491953644 to datanode:bf0d52d7-dce2-4f08-b148-c0add6164c5c
2024-03-20 21:08:38,480 [scmNode-1-EventQueue-NodeRegistrationContainerReportForDataNodeSafeModeRule] INFO  safemode.SCMSafeModeManager (DataNodeSafeModeRule.java:process(71)) - SCM in safe mode. 1 DataNodes registered, 3 required.
2024-03-20 21:08:38,487 [scmNode-3-EventQueue-NodeRegistrationContainerReportForDataNodeSafeModeRule] INFO  safemode.SCMSafeModeManager (DataNodeSafeModeRule.java:process(71)) - SCM in safe mode. 1 DataNodes registered, 3 required.
2024-03-20 21:08:38,505 [1ba87fbc-452a-4836-9768-c65c67837df8@group-8B04330EF271-StateMachineUpdater] INFO  safemode.HealthyPipelineSafeModeRule (HealthyPipelineSafeModeRule.java:initializeRule(172)) - Refreshed total pipeline count is 0, healthy pipeline threshold count is 1
2024-03-20 21:08:38,507 [be2411e5-a42d-476f-b25b-d7f87790d2c1@group-8B04330EF271-StateMachineUpdater] INFO  safemode.HealthyPipelineSafeModeRule (HealthyPipelineSafeModeRule.java:initializeRule(172)) - Refreshed total pipeline count is 0, healthy pipeline threshold count is 1
2024-03-20 21:08:38,507 [b12aa423-edbe-43b9-9e95-c7a538dfc443@group-8B04330EF271-StateMachineUpdater] INFO  safemode.HealthyPipelineSafeModeRule (HealthyPipelineSafeModeRule.java:initializeRule(172)) - Refreshed total pipeline count is 0, healthy pipeline threshold count is 1
2024-03-20 21:08:38,510 [scmNode-1-RatisPipelineUtilsThread-0] INFO  pipeline.BackgroundPipelineCreator (BackgroundPipelineCreator.java:createPipelines(236)) - Created new pipeline Pipeline[ Id: 32562dfb-1478-47de-bd5f-bbf491953644, Nodes: bf0d52d7-dce2-4f08-b148-c0add6164c5c(fv-az1053-74.1e55wlyavovu3ma4fylbaqc4gd.phxx.internal.cloudapp.net/10.1.0.34), ReplicationConfig: RATIS/ONE, State:ALLOCATED, leaderId:, CreationTimestamp2024-03-20T21:08:38.477Z[Etc/UTC]]
2024-03-20 21:08:38,800 [IPC Server handler 1 on default port 15012] INFO  net.NetworkTopologyImpl (NetworkTopologyImpl.java:add(133)) - Added a new node: /default-rack/dcffae99-659e-451a-8106-d35894ce685d
2024-03-20 21:08:38,800 [IPC Server handler 1 on default port 15020] INFO  net.NetworkTopologyImpl (NetworkTopologyImpl.java:add(133)) - Added a new node: /default-rack/dcffae99-659e-451a-8106-d35894ce685d
2024-03-20 21:08:38,800 [IPC Server handler 1 on default port 15012] INFO  node.SCMNodeManager (SCMNodeManager.java:register(421)) - Registered datanode: dcffae99-659e-451a-8106-d35894ce685d{ip: 10.1.0.34, host: fv-az1053-74.1e55wlyavovu3ma4fylbaqc4gd.phxx.internal.cloudapp.net, ports: [HTTP=15050, CLIENT_RPC=15051, REPLICATION=15057, RATIS=15053, RATIS_ADMIN=15054, RATIS_SERVER=15055, RATIS_DATASTREAM=15056, STANDALONE=15052], networkLocation: /default-rack, certSerialId: 7, persistedOpState: null, persistedOpStateExpiryEpochSec: 0}
2024-03-20 21:08:38,800 [IPC Server handler 2 on default port 15004] INFO  net.NetworkTopologyImpl (NetworkTopologyImpl.java:add(133)) - Added a new node: /default-rack/dcffae99-659e-451a-8106-d35894ce685d
2024-03-20 21:08:38,800 [IPC Server handler 2 on default port 15004] INFO  node.SCMNodeManager (SCMNodeManager.java:register(421)) - Registered datanode: dcffae99-659e-451a-8106-d35894ce685d{ip: 10.1.0.34, host: fv-az1053-74.1e55wlyavovu3ma4fylbaqc4gd.phxx.internal.cloudapp.net, ports: [HTTP=15050, CLIENT_RPC=15051, REPLICATION=15057, RATIS=15053, RATIS_ADMIN=15054, RATIS_SERVER=15055, RATIS_DATASTREAM=15056, STANDALONE=15052], networkLocation: /default-rack, certSerialId: 7, persistedOpState: null, persistedOpStateExpiryEpochSec: 0}
2024-03-20 21:08:38,800 [IPC Server handler 1 on default port 15020] INFO  node.SCMNodeManager (SCMNodeManager.java:register(421)) - Registered datanode: dcffae99-659e-451a-8106-d35894ce685d{ip: 10.1.0.34, host: fv-az1053-74.1e55wlyavovu3ma4fylbaqc4gd.phxx.internal.cloudapp.net, ports: [HTTP=15050, CLIENT_RPC=15051, REPLICATION=15057, RATIS=15053, RATIS_ADMIN=15054, RATIS_SERVER=15055, RATIS_DATASTREAM=15056, STANDALONE=15052], networkLocation: /default-rack, certSerialId: 7, persistedOpState: null, persistedOpStateExpiryEpochSec: 0}
2024-03-20 21:08:38,801 [scmNode-2-EventQueue-NewNodeForNewNodeHandler] INFO  pipeline.BackgroundPipelineCreator (BackgroundPipelineCreator.java:notifyEventTriggered(273)) - ignore, not leader SCM.
2024-03-20 21:08:38,801 [scmNode-3-EventQueue-NewNodeForNewNodeHandler] INFO  pipeline.BackgroundPipelineCreator (BackgroundPipelineCreator.java:notifyEventTriggered(273)) - ignore, not leader SCM.
2024-03-20 21:08:38,801 [scmNode-1-EventQueue-NewNodeForNewNodeHandler] INFO  pipeline.BackgroundPipelineCreator (BackgroundPipelineCreator.java:notifyEventTriggered(280)) - trigger a one-shot run on scmNode-1-RatisPipelineUtilsThread.
2024-03-20 21:08:38,803 [scmNode-3-EventQueue-NodeRegistrationContainerReportForDataNodeSafeModeRule] INFO  safemode.SCMSafeModeManager (DataNodeSafeModeRule.java:process(71)) - SCM in safe mode. 2 DataNodes registered, 3 required.
2024-03-20 21:08:38,803 [scmNode-2-EventQueue-NodeRegistrationContainerReportForDataNodeSafeModeRule] INFO  safemode.SCMSafeModeManager (DataNodeSafeModeRule.java:process(71)) - SCM in safe mode. 2 DataNodes registered, 3 required.
2024-03-20 21:08:38,803 [scmNode-1-EventQueue-NodeRegistrationContainerReportForDataNodeSafeModeRule] INFO  safemode.SCMSafeModeManager (DataNodeSafeModeRule.java:process(71)) - SCM in safe mode. 2 DataNodes registered, 3 required.
2024-03-20 21:08:38,804 [scmNode-1-RatisPipelineUtilsThread-0] INFO  pipeline.RatisPipelineProvider (RatisPipelineProvider.java:lambda$create$0(205)) - Sending CreatePipelineCommand for pipeline:PipelineID=e61e95d5-bd41-4202-9183-741cadf3ada5 to datanode:dcffae99-659e-451a-8106-d35894ce685d
2024-03-20 21:08:38,809 [1ba87fbc-452a-4836-9768-c65c67837df8@group-8B04330EF271-StateMachineUpdater] INFO  safemode.HealthyPipelineSafeModeRule (HealthyPipelineSafeModeRule.java:initializeRule(172)) - Refreshed total pipeline count is 0, healthy pipeline threshold count is 1
2024-03-20 21:08:38,809 [scmNode-1-RatisPipelineUtilsThread-0] INFO  pipeline.BackgroundPipelineCreator (BackgroundPipelineCreator.java:createPipelines(236)) - Created new pipeline Pipeline[ Id: e61e95d5-bd41-4202-9183-741cadf3ada5, Nodes: dcffae99-659e-451a-8106-d35894ce685d(fv-az1053-74.1e55wlyavovu3ma4fylbaqc4gd.phxx.internal.cloudapp.net/10.1.0.34), ReplicationConfig: RATIS/ONE, State:ALLOCATED, leaderId:, CreationTimestamp2024-03-20T21:08:38.804Z[Etc/UTC]]
2024-03-20 21:08:38,811 [be2411e5-a42d-476f-b25b-d7f87790d2c1@group-8B04330EF271-StateMachineUpdater] INFO  safemode.HealthyPipelineSafeModeRule (HealthyPipelineSafeModeRule.java:initializeRule(172)) - Refreshed total pipeline count is 0, healthy pipeline threshold count is 1
2024-03-20 21:08:38,812 [b12aa423-edbe-43b9-9e95-c7a538dfc443@group-8B04330EF271-StateMachineUpdater] INFO  safemode.HealthyPipelineSafeModeRule (HealthyPipelineSafeModeRule.java:initializeRule(172)) - Refreshed total pipeline count is 0, healthy pipeline threshold count is 1
2024-03-20 21:08:39,242 [IPC Server handler 3 on default port 15020] INFO  net.NetworkTopologyImpl (NetworkTopologyImpl.java:add(133)) - Added a new node: /default-rack/98cad3d9-1aaa-47a5-be17-9665075729ab
2024-03-20 21:08:39,242 [IPC Server handler 0 on default port 15004] INFO  net.NetworkTopologyImpl (NetworkTopologyImpl.java:add(133)) - Added a new node: /default-rack/98cad3d9-1aaa-47a5-be17-9665075729ab
2024-03-20 21:08:39,242 [IPC Server handler 3 on default port 15020] INFO  node.SCMNodeManager (SCMNodeManager.java:register(421)) - Registered datanode: 98cad3d9-1aaa-47a5-be17-9665075729ab{ip: 10.1.0.34, host: fv-az1053-74.1e55wlyavovu3ma4fylbaqc4gd.phxx.internal.cloudapp.net, ports: [HTTP=15059, CLIENT_RPC=15060, REPLICATION=15066, RATIS=15062, RATIS_ADMIN=15063, RATIS_SERVER=15064, RATIS_DATASTREAM=15065, STANDALONE=15061], networkLocation: /default-rack, certSerialId: 8, persistedOpState: null, persistedOpStateExpiryEpochSec: 0}
2024-03-20 21:08:39,243 [IPC Server handler 0 on default port 15004] INFO  node.SCMNodeManager (SCMNodeManager.java:register(421)) - Registered datanode: 98cad3d9-1aaa-47a5-be17-9665075729ab{ip: 10.1.0.34, host: fv-az1053-74.1e55wlyavovu3ma4fylbaqc4gd.phxx.internal.cloudapp.net, ports: [HTTP=15059, CLIENT_RPC=15060, REPLICATION=15066, RATIS=15062, RATIS_ADMIN=15063, RATIS_SERVER=15064, RATIS_DATASTREAM=15065, STANDALONE=15061], networkLocation: /default-rack, certSerialId: 8, persistedOpState: null, persistedOpStateExpiryEpochSec: 0}
2024-03-20 21:08:39,243 [scmNode-3-EventQueue-NewNodeForNewNodeHandler] INFO  pipeline.BackgroundPipelineCreator (BackgroundPipelineCreator.java:notifyEventTriggered(273)) - ignore, not leader SCM.
2024-03-20 21:08:39,243 [scmNode-3-EventQueue-NodeRegistrationContainerReportForDataNodeSafeModeRule] INFO  safemode.SCMSafeModeManager (DataNodeSafeModeRule.java:process(71)) - SCM in safe mode. 3 DataNodes registered, 3 required.
2024-03-20 21:08:39,243 [scmNode-3-EventQueue-NodeRegistrationContainerReportForDataNodeSafeModeRule] INFO  safemode.SCMSafeModeManager (SCMSafeModeManager.java:validateSafeModeExitRules(200)) - DataNodeSafeModeRule rule is successfully validated
2024-03-20 21:08:39,243 [scmNode-1-EventQueue-NewNodeForNewNodeHandler] INFO  pipeline.BackgroundPipelineCreator (BackgroundPipelineCreator.java:notifyEventTriggered(280)) - trigger a one-shot run on scmNode-1-RatisPipelineUtilsThread.
2024-03-20 21:08:39,243 [scmNode-1-EventQueue-NodeRegistrationContainerReportForDataNodeSafeModeRule] INFO  safemode.SCMSafeModeManager (DataNodeSafeModeRule.java:process(71)) - SCM in safe mode. 3 DataNodes registered, 3 required.
2024-03-20 21:08:39,243 [scmNode-1-EventQueue-NodeRegistrationContainerReportForDataNodeSafeModeRule] INFO  safemode.SCMSafeModeManager (SCMSafeModeManager.java:validateSafeModeExitRules(200)) - DataNodeSafeModeRule rule is successfully validated
2024-03-20 21:08:39,243 [scmNode-1-EventQueue-NodeRegistrationContainerReportForDataNodeSafeModeRule] INFO  safemode.SCMSafeModeManager (SCMSafeModeManager.java:completePreCheck(229)) - All SCM safe mode pre check rules have passed
2024-03-20 21:08:39,243 [scmNode-3-EventQueue-NodeRegistrationContainerReportForDataNodeSafeModeRule] INFO  safemode.SCMSafeModeManager (SCMSafeModeManager.java:completePreCheck(229)) - All SCM safe mode pre check rules have passed
2024-03-20 21:08:39,244 [scmNode-3-EventQueue-NodeRegistrationContainerReportForDataNodeSafeModeRule] INFO  ha.SCMContext (SCMContext.java:updateSafeModeStatus(225)) - Update SafeModeStatus from SafeModeStatus{safeModeStatus=true, preCheckPassed=false} to SafeModeStatus{safeModeStatus=true, preCheckPassed=true}.
2024-03-20 21:08:39,244 [scmNode-3-EventQueue-NodeRegistrationContainerReportForDataNodeSafeModeRule] INFO  pipeline.BackgroundPipelineCreator (BackgroundPipelineCreator.java:notifyEventTriggered(273)) - ignore, not leader SCM.
2024-03-20 21:08:39,244 [main] INFO  ozone.MiniOzoneClusterImpl (MiniOzoneClusterImpl.java:lambda$waitForClusterToBeReady$0(194)) - Nodes are ready. Got 3 of 3 DN Heartbeats.
2024-03-20 21:08:39,244 [main] INFO  ozone.MiniOzoneClusterImpl (MiniOzoneClusterImpl.java:lambda$waitForClusterToBeReady$0(197)) - Waiting for cluster to exit safe mode
2024-03-20 21:08:39,244 [main] INFO  ozone.MiniOzoneClusterImpl (MiniOzoneClusterImpl.java:lambda$waitForClusterToBeReady$0(199)) - SCM became leader
2024-03-20 21:08:39,243 [scmNode-1-EventQueue-NodeRegistrationContainerReportForDataNodeSafeModeRule] INFO  ha.SCMContext (SCMContext.java:updateSafeModeStatus(225)) - Update SafeModeStatus from SafeModeStatus{safeModeStatus=true, preCheckPassed=false} to SafeModeStatus{safeModeStatus=true, preCheckPassed=true}.
2024-03-20 21:08:39,244 [IPC Server handler 2 on default port 15012] INFO  net.NetworkTopologyImpl (NetworkTopologyImpl.java:add(133)) - Added a new node: /default-rack/98cad3d9-1aaa-47a5-be17-9665075729ab
2024-03-20 21:08:39,245 [scmNode-1-RatisPipelineUtilsThread-0] INFO  pipeline.RatisPipelineProvider (RatisPipelineProvider.java:lambda$create$0(205)) - Sending CreatePipelineCommand for pipeline:PipelineID=df96a643-c626-49e9-8926-c82c6f4b1089 to datanode:98cad3d9-1aaa-47a5-be17-9665075729ab
2024-03-20 21:08:39,245 [IPC Server handler 2 on default port 15012] INFO  node.SCMNodeManager (SCMNodeManager.java:register(421)) - Registered datanode: 98cad3d9-1aaa-47a5-be17-9665075729ab{ip: 10.1.0.34, host: fv-az1053-74.1e55wlyavovu3ma4fylbaqc4gd.phxx.internal.cloudapp.net, ports: [HTTP=15059, CLIENT_RPC=15060, REPLICATION=15066, RATIS=15062, RATIS_ADMIN=15063, RATIS_SERVER=15064, RATIS_DATASTREAM=15065, STANDALONE=15061], networkLocation: /default-rack, certSerialId: 8, persistedOpState: null, persistedOpStateExpiryEpochSec: 0}
2024-03-20 21:08:39,245 [scmNode-2-EventQueue-NewNodeForNewNodeHandler] INFO  pipeline.BackgroundPipelineCreator (BackgroundPipelineCreator.java:notifyEventTriggered(273)) - ignore, not leader SCM.
2024-03-20 21:08:39,245 [scmNode-2-EventQueue-NodeRegistrationContainerReportForDataNodeSafeModeRule] INFO  safemode.SCMSafeModeManager (DataNodeSafeModeRule.java:process(71)) - SCM in safe mode. 3 DataNodes registered, 3 required.
2024-03-20 21:08:39,245 [scmNode-2-EventQueue-NodeRegistrationContainerReportForDataNodeSafeModeRule] INFO  safemode.SCMSafeModeManager (SCMSafeModeManager.java:validateSafeModeExitRules(200)) - DataNodeSafeModeRule rule is successfully validated
2024-03-20 21:08:39,245 [scmNode-2-EventQueue-NodeRegistrationContainerReportForDataNodeSafeModeRule] INFO  safemode.SCMSafeModeManager (SCMSafeModeManager.java:completePreCheck(229)) - All SCM safe mode pre check rules have passed
2024-03-20 21:08:39,244 [scmNode-1-EventQueue-NodeRegistrationContainerReportForDataNodeSafeModeRule] INFO  pipeline.BackgroundPipelineCreator (BackgroundPipelineCreator.java:notifyEventTriggered(280)) - trigger a one-shot run on scmNode-1-RatisPipelineUtilsThread.
2024-03-20 21:08:39,245 [scmNode-2-EventQueue-NodeRegistrationContainerReportForDataNodeSafeModeRule] INFO  ha.SCMContext (SCMContext.java:updateSafeModeStatus(225)) - Update SafeModeStatus from SafeModeStatus{safeModeStatus=true, preCheckPassed=false} to SafeModeStatus{safeModeStatus=true, preCheckPassed=true}.
2024-03-20 21:08:39,246 [scmNode-2-EventQueue-NodeRegistrationContainerReportForDataNodeSafeModeRule] INFO  pipeline.BackgroundPipelineCreator (BackgroundPipelineCreator.java:notifyEventTriggered(273)) - ignore, not leader SCM.
2024-03-20 21:08:39,249 [1ba87fbc-452a-4836-9768-c65c67837df8@group-8B04330EF271-StateMachineUpdater] INFO  safemode.HealthyPipelineSafeModeRule (HealthyPipelineSafeModeRule.java:initializeRule(172)) - Refreshed total pipeline count is 0, healthy pipeline threshold count is 1
2024-03-20 21:08:39,250 [b12aa423-edbe-43b9-9e95-c7a538dfc443@group-8B04330EF271-StateMachineUpdater] INFO  safemode.HealthyPipelineSafeModeRule (HealthyPipelineSafeModeRule.java:initializeRule(172)) - Refreshed total pipeline count is 0, healthy pipeline threshold count is 1
2024-03-20 21:08:39,251 [be2411e5-a42d-476f-b25b-d7f87790d2c1@group-8B04330EF271-StateMachineUpdater] INFO  safemode.HealthyPipelineSafeModeRule (HealthyPipelineSafeModeRule.java:initializeRule(172)) - Refreshed total pipeline count is 0, healthy pipeline threshold count is 1
2024-03-20 21:08:39,252 [scmNode-1-RatisPipelineUtilsThread-0] INFO  pipeline.BackgroundPipelineCreator (BackgroundPipelineCreator.java:createPipelines(236)) - Created new pipeline Pipeline[ Id: df96a643-c626-49e9-8926-c82c6f4b1089, Nodes: 98cad3d9-1aaa-47a5-be17-9665075729ab(fv-az1053-74.1e55wlyavovu3ma4fylbaqc4gd.phxx.internal.cloudapp.net/10.1.0.34), ReplicationConfig: RATIS/ONE, State:ALLOCATED, leaderId:, CreationTimestamp2024-03-20T21:08:39.244Z[Etc/UTC]]
2024-03-20 21:08:39,257 [scmNode-1-RatisPipelineUtilsThread-0] INFO  pipeline.RatisPipelineProvider (RatisPipelineProvider.java:lambda$create$0(205)) - Sending CreatePipelineCommand for pipeline:PipelineID=e99019a7-6291-4484-a6e6-6aeceb9247ef to datanode:98cad3d9-1aaa-47a5-be17-9665075729ab
2024-03-20 21:08:39,257 [scmNode-1-RatisPipelineUtilsThread-0] INFO  pipeline.RatisPipelineProvider (RatisPipelineProvider.java:lambda$create$0(205)) - Sending CreatePipelineCommand for pipeline:PipelineID=e99019a7-6291-4484-a6e6-6aeceb9247ef to datanode:bf0d52d7-dce2-4f08-b148-c0add6164c5c
2024-03-20 21:08:39,257 [scmNode-1-RatisPipelineUtilsThread-0] INFO  pipeline.RatisPipelineProvider (RatisPipelineProvider.java:lambda$create$0(205)) - Sending CreatePipelineCommand for pipeline:PipelineID=e99019a7-6291-4484-a6e6-6aeceb9247ef to datanode:dcffae99-659e-451a-8106-d35894ce685d
2024-03-20 21:08:39,262 [1ba87fbc-452a-4836-9768-c65c67837df8@group-8B04330EF271-StateMachineUpdater] INFO  safemode.HealthyPipelineSafeModeRule (HealthyPipelineSafeModeRule.java:initializeRule(172)) - Refreshed total pipeline count is 0, healthy pipeline threshold count is 1
2024-03-20 21:08:39,263 [be2411e5-a42d-476f-b25b-d7f87790d2c1@group-8B04330EF271-StateMachineUpdater] INFO  safemode.HealthyPipelineSafeModeRule (HealthyPipelineSafeModeRule.java:initializeRule(172)) - Refreshed total pipeline count is 0, healthy pipeline threshold count is 1
2024-03-20 21:08:39,263 [scmNode-1-RatisPipelineUtilsThread-0] INFO  pipeline.BackgroundPipelineCreator (BackgroundPipelineCreator.java:createPipelines(236)) - Created new pipeline Pipeline[ Id: e99019a7-6291-4484-a6e6-6aeceb9247ef, Nodes: 98cad3d9-1aaa-47a5-be17-9665075729ab(fv-az1053-74.1e55wlyavovu3ma4fylbaqc4gd.phxx.internal.cloudapp.net/10.1.0.34)bf0d52d7-dce2-4f08-b148-c0add6164c5c(fv-az1053-74.1e55wlyavovu3ma4fylbaqc4gd.phxx.internal.cloudapp.net/10.1.0.34)dcffae99-659e-451a-8106-d35894ce685d(fv-az1053-74.1e55wlyavovu3ma4fylbaqc4gd.phxx.internal.cloudapp.net/10.1.0.34), ReplicationConfig: RATIS/THREE, State:ALLOCATED, leaderId:, CreationTimestamp2024-03-20T21:08:39.257Z[Etc/UTC]]
2024-03-20 21:08:39,265 [scmNode-1-RatisPipelineUtilsThread-0] INFO  pipeline.RatisPipelineProvider (RatisPipelineProvider.java:lambda$create$0(205)) - Sending CreatePipelineCommand for pipeline:PipelineID=5f814283-c64a-4149-912a-a427ea6fc389 to datanode:bf0d52d7-dce2-4f08-b148-c0add6164c5c
2024-03-20 21:08:39,265 [scmNode-1-RatisPipelineUtilsThread-0] INFO  pipeline.RatisPipelineProvider (RatisPipelineProvider.java:lambda$create$0(205)) - Sending CreatePipelineCommand for pipeline:PipelineID=5f814283-c64a-4149-912a-a427ea6fc389 to datanode:98cad3d9-1aaa-47a5-be17-9665075729ab
2024-03-20 21:08:39,265 [scmNode-1-RatisPipelineUtilsThread-0] INFO  pipeline.RatisPipelineProvider (RatisPipelineProvider.java:lambda$create$0(205)) - Sending CreatePipelineCommand for pipeline:PipelineID=5f814283-c64a-4149-912a-a427ea6fc389 to datanode:dcffae99-659e-451a-8106-d35894ce685d
2024-03-20 21:08:39,266 [b12aa423-edbe-43b9-9e95-c7a538dfc443@group-8B04330EF271-StateMachineUpdater] INFO  safemode.HealthyPipelineSafeModeRule (HealthyPipelineSafeModeRule.java:initializeRule(172)) - Refreshed total pipeline count is 0, healthy pipeline threshold count is 1
2024-03-20 21:08:39,272 [1ba87fbc-452a-4836-9768-c65c67837df8@group-8B04330EF271-StateMachineUpdater] INFO  safemode.HealthyPipelineSafeModeRule (HealthyPipelineSafeModeRule.java:initializeRule(172)) - Refreshed total pipeline count is 0, healthy pipeline threshold count is 1
2024-03-20 21:08:39,272 [b12aa423-edbe-43b9-9e95-c7a538dfc443@group-8B04330EF271-StateMachineUpdater] INFO  safemode.HealthyPipelineSafeModeRule (HealthyPipelineSafeModeRule.java:initializeRule(172)) - Refreshed total pipeline count is 0, healthy pipeline threshold count is 1
2024-03-20 21:08:39,272 [be2411e5-a42d-476f-b25b-d7f87790d2c1@group-8B04330EF271-StateMachineUpdater] INFO  safemode.HealthyPipelineSafeModeRule (HealthyPipelineSafeModeRule.java:initializeRule(172)) - Refreshed total pipeline count is 0, healthy pipeline threshold count is 1
2024-03-20 21:08:39,272 [scmNode-1-SecretKeyManagerService] INFO  symmetric.SecretKeyManager (SecretKeyManager.java:checkAndRotate(125)) - SecretKey rotation is happening, new key generated SecretKey(id = 04431dbd-3701-4b4e-af8e-e0e8686223eb, creation at: 2024-03-20T21:08:39.272Z, expire at: 2024-03-20T21:08:42.272Z)
2024-03-20 21:08:39,275 [scmNode-1-RatisPipelineUtilsThread-0] INFO  pipeline.PipelineManagerImpl (PipelineManagerImpl.java:recordMetricsForPipeline(916)) - Pipeline: PipelineID=5f814283-c64a-4149-912a-a427ea6fc389 contains same datanodes as previous pipelines: PipelineID=e99019a7-6291-4484-a6e6-6aeceb9247ef nodeIds: bf0d52d7-dce2-4f08-b148-c0add6164c5c, 98cad3d9-1aaa-47a5-be17-9665075729ab, dcffae99-659e-451a-8106-d35894ce685d
2024-03-20 21:08:39,275 [scmNode-1-RatisPipelineUtilsThread-0] INFO  pipeline.BackgroundPipelineCreator (BackgroundPipelineCreator.java:createPipelines(236)) - Created new pipeline Pipeline[ Id: 5f814283-c64a-4149-912a-a427ea6fc389, Nodes: bf0d52d7-dce2-4f08-b148-c0add6164c5c(fv-az1053-74.1e55wlyavovu3ma4fylbaqc4gd.phxx.internal.cloudapp.net/10.1.0.34)98cad3d9-1aaa-47a5-be17-9665075729ab(fv-az1053-74.1e55wlyavovu3ma4fylbaqc4gd.phxx.internal.cloudapp.net/10.1.0.34)dcffae99-659e-451a-8106-d35894ce685d(fv-az1053-74.1e55wlyavovu3ma4fylbaqc4gd.phxx.internal.cloudapp.net/10.1.0.34), ReplicationConfig: RATIS/THREE, State:ALLOCATED, leaderId:, CreationTimestamp2024-03-20T21:08:39.265Z[Etc/UTC]]
2024-03-20 21:08:39,279 [1ba87fbc-452a-4836-9768-c65c67837df8@group-8B04330EF271-StateMachineUpdater] INFO  symmetric.SecretKeyStateImpl (SecretKeyStateImpl.java:updateKeysInternal(113)) - Updating keys with [SecretKey(id = 1823c211-9ec8-41a8-95b9-24d1b9491086, creation at: 2024-03-20T21:08:38.272Z, expire at: 2024-03-20T21:08:41.272Z), SecretKey(id = 13ddf816-4f09-4e2a-a2a9-0a0c12ea955e, creation at: 2024-03-20T21:08:37.272Z, expire at: 2024-03-20T21:08:40.272Z), SecretKey(id = d7e4c2db-fa5e-4911-a816-461dfcba1108, creation at: 2024-03-20T21:08:36.272Z, expire at: 2024-03-20T21:08:39.272Z), SecretKey(id = 04431dbd-3701-4b4e-af8e-e0e8686223eb, creation at: 2024-03-20T21:08:39.272Z, expire at: 2024-03-20T21:08:42.272Z)]
2024-03-20 21:08:39,279 [1ba87fbc-452a-4836-9768-c65c67837df8@group-8B04330EF271-StateMachineUpdater] INFO  symmetric.SecretKeyStateImpl (SecretKeyStateImpl.java:updateKeysInternal(128)) - Current key updated SecretKey(id = 04431dbd-3701-4b4e-af8e-e0e8686223eb, creation at: 2024-03-20T21:08:39.272Z, expire at: 2024-03-20T21:08:42.272Z)
2024-03-20 21:08:39,281 [1ba87fbc-452a-4836-9768-c65c67837df8@group-8B04330EF271-StateMachineUpdater] INFO  symmetric.LocalSecretKeyStore (LocalSecretKeyStore.java:save(109)) - Saved [SecretKey(id = 04431dbd-3701-4b4e-af8e-e0e8686223eb, creation at: 2024-03-20T21:08:39.272Z, expire at: 2024-03-20T21:08:42.272Z), SecretKey(id = 1823c211-9ec8-41a8-95b9-24d1b9491086, creation at: 2024-03-20T21:08:38.272Z, expire at: 2024-03-20T21:08:41.272Z), SecretKey(id = 13ddf816-4f09-4e2a-a2a9-0a0c12ea955e, creation at: 2024-03-20T21:08:37.272Z, expire at: 2024-03-20T21:08:40.272Z), SecretKey(id = d7e4c2db-fa5e-4911-a816-461dfcba1108, creation at: 2024-03-20T21:08:36.272Z, expire at: 2024-03-20T21:08:39.272Z)] to file /home/runner/work/ozone/ozone/hadoop-ozone/integration-test/target/test-dir/MiniOzoneClusterImpl-bb4c8f07-45f9-422c-bd0c-8b04330ef271/scmNode-1/scm/keys/secret_keys.json
2024-03-20 21:08:39,281 [1ba87fbc-452a-4836-9768-c65c67837df8@group-8B04330EF271-StateMachineUpdater] INFO  safemode.HealthyPipelineSafeModeRule (HealthyPipelineSafeModeRule.java:initializeRule(172)) - Refreshed total pipeline count is 0, healthy pipeline threshold count is 1
2024-03-20 21:08:39,281 [b12aa423-edbe-43b9-9e95-c7a538dfc443@group-8B04330EF271-StateMachineUpdater] INFO  symmetric.SecretKeyStateImpl (SecretKeyStateImpl.java:updateKeysInternal(113)) - Updating keys with [SecretKey(id = 1823c211-9ec8-41a8-95b9-24d1b9491086, creation at: 2024-03-20T21:08:38.272Z, expire at: 2024-03-20T21:08:41.272Z), SecretKey(id = 13ddf816-4f09-4e2a-a2a9-0a0c12ea955e, creation at: 2024-03-20T21:08:37.272Z, expire at: 2024-03-20T21:08:40.272Z), SecretKey(id = d7e4c2db-fa5e-4911-a816-461dfcba1108, creation at: 2024-03-20T21:08:36.272Z, expire at: 2024-03-20T21:08:39.272Z), SecretKey(id = 04431dbd-3701-4b4e-af8e-e0e8686223eb, creation at: 2024-03-20T21:08:39.272Z, expire at: 2024-03-20T21:08:42.272Z)]
2024-03-20 21:08:39,281 [b12aa423-edbe-43b9-9e95-c7a538dfc443@group-8B04330EF271-StateMachineUpdater] INFO  symmetric.SecretKeyStateImpl (SecretKeyStateImpl.java:updateKeysInternal(128)) - Current key updated SecretKey(id = 04431dbd-3701-4b4e-af8e-e0e8686223eb, creation at: 2024-03-20T21:08:39.272Z, expire at: 2024-03-20T21:08:42.272Z)
2024-03-20 21:08:39,282 [b12aa423-edbe-43b9-9e95-c7a538dfc443@group-8B04330EF271-StateMachineUpdater] INFO  symmetric.LocalSecretKeyStore (LocalSecretKeyStore.java:save(109)) - Saved [SecretKey(id = 04431dbd-3701-4b4e-af8e-e0e8686223eb, creation at: 2024-03-20T21:08:39.272Z, expire at: 2024-03-20T21:08:42.272Z), SecretKey(id = 1823c211-9ec8-41a8-95b9-24d1b9491086, creation at: 2024-03-20T21:08:38.272Z, expire at: 2024-03-20T21:08:41.272Z), SecretKey(id = 13ddf816-4f09-4e2a-a2a9-0a0c12ea955e, creation at: 2024-03-20T21:08:37.272Z, expire at: 2024-03-20T21:08:40.272Z), SecretKey(id = d7e4c2db-fa5e-4911-a816-461dfcba1108, creation at: 2024-03-20T21:08:36.272Z, expire at: 2024-03-20T21:08:39.272Z)] to file /home/runner/work/ozone/ozone/hadoop-ozone/integration-test/target/test-dir/MiniOzoneClusterImpl-bb4c8f07-45f9-422c-bd0c-8b04330ef271/scmNode-3/scm/keys/secret_keys.json
2024-03-20 21:08:39,282 [b12aa423-edbe-43b9-9e95-c7a538dfc443@group-8B04330EF271-StateMachineUpdater] INFO  safemode.HealthyPipelineSafeModeRule (HealthyPipelineSafeModeRule.java:initializeRule(172)) - Refreshed total pipeline count is 0, healthy pipeline threshold count is 1
2024-03-20 21:08:39,283 [be2411e5-a42d-476f-b25b-d7f87790d2c1@group-8B04330EF271-StateMachineUpdater] INFO  symmetric.SecretKeyStateImpl (SecretKeyStateImpl.java:updateKeysInternal(113)) - Updating keys with [SecretKey(id = 1823c211-9ec8-41a8-95b9-24d1b9491086, creation at: 2024-03-20T21:08:38.272Z, expire at: 2024-03-20T21:08:41.272Z), SecretKey(id = 13ddf816-4f09-4e2a-a2a9-0a0c12ea955e, creation at: 2024-03-20T21:08:37.272Z, expire at: 2024-03-20T21:08:40.272Z), SecretKey(id = d7e4c2db-fa5e-4911-a816-461dfcba1108, creation at: 2024-03-20T21:08:36.272Z, expire at: 2024-03-20T21:08:39.272Z), SecretKey(id = 04431dbd-3701-4b4e-af8e-e0e8686223eb, creation at: 2024-03-20T21:08:39.272Z, expire at: 2024-03-20T21:08:42.272Z)]
2024-03-20 21:08:39,284 [be2411e5-a42d-476f-b25b-d7f87790d2c1@group-8B04330EF271-StateMachineUpdater] INFO  symmetric.SecretKeyStateImpl (SecretKeyStateImpl.java:updateKeysInternal(128)) - Current key updated SecretKey(id = 04431dbd-3701-4b4e-af8e-e0e8686223eb, creation at: 2024-03-20T21:08:39.272Z, expire at: 2024-03-20T21:08:42.272Z)
2024-03-20 21:08:39,284 [be2411e5-a42d-476f-b25b-d7f87790d2c1@group-8B04330EF271-StateMachineUpdater] INFO  symmetric.LocalSecretKeyStore (LocalSecretKeyStore.java:save(109)) - Saved [SecretKey(id = 04431dbd-3701-4b4e-af8e-e0e8686223eb, creation at: 2024-03-20T21:08:39.272Z, expire at: 2024-03-20T21:08:42.272Z), SecretKey(id = 1823c211-9ec8-41a8-95b9-24d1b9491086, creation at: 2024-03-20T21:08:38.272Z, expire at: 2024-03-20T21:08:41.272Z), SecretKey(id = 13ddf816-4f09-4e2a-a2a9-0a0c12ea955e, creation at: 2024-03-20T21:08:37.272Z, expire at: 2024-03-20T21:08:40.272Z), SecretKey(id = d7e4c2db-fa5e-4911-a816-461dfcba1108, creation at: 2024-03-20T21:08:36.272Z, expire at: 2024-03-20T21:08:39.272Z)] to file /home/runner/work/ozone/ozone/hadoop-ozone/integration-test/target/test-dir/MiniOzoneClusterImpl-bb4c8f07-45f9-422c-bd0c-8b04330ef271/scmNode-2/scm/keys/secret_keys.json
2024-03-20 21:08:39,284 [be2411e5-a42d-476f-b25b-d7f87790d2c1@group-8B04330EF271-StateMachineUpdater] INFO  safemode.HealthyPipelineSafeModeRule (HealthyPipelineSafeModeRule.java:initializeRule(172)) - Refreshed total pipeline count is 0, healthy pipeline threshold count is 1
2024-03-20 21:08:39,373 [SecretKeyPoller] INFO  symmetric.DefaultSecretKeySignerClient (DefaultSecretKeySignerClient.java:checkAndRefresh(167)) - New secret key fetched from SCM: SecretKey(id = 04431dbd-3701-4b4e-af8e-e0e8686223eb, creation at: 2024-03-20T21:08:39.272Z, expire at: 2024-03-20T21:08:42.272Z).
2024-03-20 21:08:39,373 [SecretKeyPoller] INFO  symmetric.DefaultSecretKeySignerClient (DefaultSecretKeySignerClient.java:checkAndRefresh(167)) - New secret key fetched from SCM: SecretKey(id = 04431dbd-3701-4b4e-af8e-e0e8686223eb, creation at: 2024-03-20T21:08:39.272Z, expire at: 2024-03-20T21:08:42.272Z).
2024-03-20 21:08:39,375 [SecretKeyPoller] INFO  symmetric.DefaultSecretKeySignerClient (DefaultSecretKeySignerClient.java:checkAndRefresh(167)) - New secret key fetched from SCM: SecretKey(id = 04431dbd-3701-4b4e-af8e-e0e8686223eb, creation at: 2024-03-20T21:08:39.272Z, expire at: 2024-03-20T21:08:42.272Z).
2024-03-20 21:08:39,375 [om1-SecretKeyPoller] INFO  symmetric.DefaultSecretKeySignerClient (DefaultSecretKeySignerClient.java:checkAndRefresh(167)) - New secret key fetched from SCM: SecretKey(id = 04431dbd-3701-4b4e-af8e-e0e8686223eb, creation at: 2024-03-20T21:08:39.272Z, expire at: 2024-03-20T21:08:42.272Z).
2024-03-20 21:08:40,244 [main] INFO  ozone.MiniOzoneClusterImpl (MiniOzoneClusterImpl.java:lambda$waitForClusterToBeReady$0(194)) - Nodes are ready. Got 3 of 3 DN Heartbeats.
2024-03-20 21:08:40,245 [main] INFO  ozone.MiniOzoneClusterImpl (MiniOzoneClusterImpl.java:lambda$waitForClusterToBeReady$0(197)) - Waiting for cluster to exit safe mode
2024-03-20 21:08:40,245 [main] INFO  ozone.MiniOzoneClusterImpl (MiniOzoneClusterImpl.java:lambda$waitForClusterToBeReady$0(199)) - SCM became leader
2024-03-20 21:08:40,272 [scmNode-1-SecretKeyManagerService] INFO  symmetric.SecretKeyManager (SecretKeyManager.java:checkAndRotate(125)) - SecretKey rotation is happening, new key generated SecretKey(id = e71b8c53-71b5-4165-845d-fa0639de1b4b, creation at: 2024-03-20T21:08:40.272Z, expire at: 2024-03-20T21:08:43.272Z)
2024-03-20 21:08:40,276 [1ba87fbc-452a-4836-9768-c65c67837df8@group-8B04330EF271-StateMachineUpdater] INFO  symmetric.SecretKeyStateImpl (SecretKeyStateImpl.java:updateKeysInternal(113)) - Updating keys with [SecretKey(id = 04431dbd-3701-4b4e-af8e-e0e8686223eb, creation at: 2024-03-20T21:08:39.272Z, expire at: 2024-03-20T21:08:42.272Z), SecretKey(id = 1823c211-9ec8-41a8-95b9-24d1b9491086, creation at: 2024-03-20T21:08:38.272Z, expire at: 2024-03-20T21:08:41.272Z), SecretKey(id = 13ddf816-4f09-4e2a-a2a9-0a0c12ea955e, creation at: 2024-03-20T21:08:37.272Z, expire at: 2024-03-20T21:08:40.272Z), SecretKey(id = e71b8c53-71b5-4165-845d-fa0639de1b4b, creation at: 2024-03-20T21:08:40.272Z, expire at: 2024-03-20T21:08:43.272Z)]
2024-03-20 21:08:40,277 [1ba87fbc-452a-4836-9768-c65c67837df8@group-8B04330EF271-StateMachineUpdater] INFO  symmetric.SecretKeyStateImpl (SecretKeyStateImpl.java:updateKeysInternal(128)) - Current key updated SecretKey(id = e71b8c53-71b5-4165-845d-fa0639de1b4b, creation at: 2024-03-20T21:08:40.272Z, expire at: 2024-03-20T21:08:43.272Z)
2024-03-20 21:08:40,277 [b12aa423-edbe-43b9-9e95-c7a538dfc443@group-8B04330EF271-StateMachineUpdater] INFO  symmetric.SecretKeyStateImpl (SecretKeyStateImpl.java:updateKeysInternal(113)) - Updating keys with [SecretKey(id = 04431dbd-3701-4b4e-af8e-e0e8686223eb, creation at: 2024-03-20T21:08:39.272Z, expire at: 2024-03-20T21:08:42.272Z), SecretKey(id = 1823c211-9ec8-41a8-95b9-24d1b9491086, creation at: 2024-03-20T21:08:38.272Z, expire at: 2024-03-20T21:08:41.272Z), SecretKey(id = 13ddf816-4f09-4e2a-a2a9-0a0c12ea955e, creation at: 2024-03-20T21:08:37.272Z, expire at: 2024-03-20T21:08:40.272Z), SecretKey(id = e71b8c53-71b5-4165-845d-fa0639de1b4b, creation at: 2024-03-20T21:08:40.272Z, expire at: 2024-03-20T21:08:43.272Z)]
2024-03-20 21:08:40,278 [b12aa423-edbe-43b9-9e95-c7a538dfc443@group-8B04330EF271-StateMachineUpdater] INFO  symmetric.SecretKeyStateImpl (SecretKeyStateImpl.java:updateKeysInternal(128)) - Current key updated SecretKey(id = e71b8c53-71b5-4165-845d-fa0639de1b4b, creation at: 2024-03-20T21:08:40.272Z, expire at: 2024-03-20T21:08:43.272Z)
2024-03-20 21:08:40,278 [1ba87fbc-452a-4836-9768-c65c67837df8@group-8B04330EF271-StateMachineUpdater] INFO  symmetric.LocalSecretKeyStore (LocalSecretKeyStore.java:save(109)) - Saved [SecretKey(id = e71b8c53-71b5-4165-845d-fa0639de1b4b, creation at: 2024-03-20T21:08:40.272Z, expire at: 2024-03-20T21:08:43.272Z), SecretKey(id = 04431dbd-3701-4b4e-af8e-e0e8686223eb, creation at: 2024-03-20T21:08:39.272Z, expire at: 2024-03-20T21:08:42.272Z), SecretKey(id = 1823c211-9ec8-41a8-95b9-24d1b9491086, creation at: 2024-03-20T21:08:38.272Z, expire at: 2024-03-20T21:08:41.272Z), SecretKey(id = 13ddf816-4f09-4e2a-a2a9-0a0c12ea955e, creation at: 2024-03-20T21:08:37.272Z, expire at: 2024-03-20T21:08:40.272Z)] to file /home/runner/work/ozone/ozone/hadoop-ozone/integration-test/target/test-dir/MiniOzoneClusterImpl-bb4c8f07-45f9-422c-bd0c-8b04330ef271/scmNode-1/scm/keys/secret_keys.json
2024-03-20 21:08:40,278 [1ba87fbc-452a-4836-9768-c65c67837df8@group-8B04330EF271-StateMachineUpdater] INFO  safemode.HealthyPipelineSafeModeRule (HealthyPipelineSafeModeRule.java:initializeRule(172)) - Refreshed total pipeline count is 0, healthy pipeline threshold count is 1
2024-03-20 21:08:40,278 [b12aa423-edbe-43b9-9e95-c7a538dfc443@group-8B04330EF271-StateMachineUpdater] INFO  symmetric.LocalSecretKeyStore (LocalSecretKeyStore.java:save(109)) - Saved [SecretKey(id = e71b8c53-71b5-4165-845d-fa0639de1b4b, creation at: 2024-03-20T21:08:40.272Z, expire at: 2024-03-20T21:08:43.272Z), SecretKey(id = 04431dbd-3701-4b4e-af8e-e0e8686223eb, creation at: 2024-03-20T21:08:39.272Z, expire at: 2024-03-20T21:08:42.272Z), SecretKey(id = 1823c211-9ec8-41a8-95b9-24d1b9491086, creation at: 2024-03-20T21:08:38.272Z, expire at: 2024-03-20T21:08:41.272Z), SecretKey(id = 13ddf816-4f09-4e2a-a2a9-0a0c12ea955e, creation at: 2024-03-20T21:08:37.272Z, expire at: 2024-03-20T21:08:40.272Z)] to file /home/runner/work/ozone/ozone/hadoop-ozone/integration-test/target/test-dir/MiniOzoneClusterImpl-bb4c8f07-45f9-422c-bd0c-8b04330ef271/scmNode-3/scm/keys/secret_keys.json
2024-03-20 21:08:40,278 [b12aa423-edbe-43b9-9e95-c7a538dfc443@group-8B04330EF271-StateMachineUpdater] INFO  safemode.HealthyPipelineSafeModeRule (HealthyPipelineSafeModeRule.java:initializeRule(172)) - Refreshed total pipeline count is 0, healthy pipeline threshold count is 1
2024-03-20 21:08:40,279 [be2411e5-a42d-476f-b25b-d7f87790d2c1@group-8B04330EF271-StateMachineUpdater] INFO  symmetric.SecretKeyStateImpl (SecretKeyStateImpl.java:updateKeysInternal(113)) - Updating keys with [SecretKey(id = 04431dbd-3701-4b4e-af8e-e0e8686223eb, creation at: 2024-03-20T21:08:39.272Z, expire at: 2024-03-20T21:08:42.272Z), SecretKey(id = 1823c211-9ec8-41a8-95b9-24d1b9491086, creation at: 2024-03-20T21:08:38.272Z, expire at: 2024-03-20T21:08:41.272Z), SecretKey(id = 13ddf816-4f09-4e2a-a2a9-0a0c12ea955e, creation at: 2024-03-20T21:08:37.272Z, expire at: 2024-03-20T21:08:40.272Z), SecretKey(id = e71b8c53-71b5-4165-845d-fa0639de1b4b, creation at: 2024-03-20T21:08:40.272Z, expire at: 2024-03-20T21:08:43.272Z)]
2024-03-20 21:08:40,279 [be2411e5-a42d-476f-b25b-d7f87790d2c1@group-8B04330EF271-StateMachineUpdater] INFO  symmetric.SecretKeyStateImpl (SecretKeyStateImpl.java:updateKeysInternal(128)) - Current key updated SecretKey(id = e71b8c53-71b5-4165-845d-fa0639de1b4b, creation at: 2024-03-20T21:08:40.272Z, expire at: 2024-03-20T21:08:43.272Z)
2024-03-20 21:08:40,279 [be2411e5-a42d-476f-b25b-d7f87790d2c1@group-8B04330EF271-StateMachineUpdater] INFO  symmetric.LocalSecretKeyStore (LocalSecretKeyStore.java:save(109)) - Saved [SecretKey(id = e71b8c53-71b5-4165-845d-fa0639de1b4b, creation at: 2024-03-20T21:08:40.272Z, expire at: 2024-03-20T21:08:43.272Z), SecretKey(id = 04431dbd-3701-4b4e-af8e-e0e8686223eb, creation at: 2024-03-20T21:08:39.272Z, expire at: 2024-03-20T21:08:42.272Z), SecretKey(id = 1823c211-9ec8-41a8-95b9-24d1b9491086, creation at: 2024-03-20T21:08:38.272Z, expire at: 2024-03-20T21:08:41.272Z), SecretKey(id = 13ddf816-4f09-4e2a-a2a9-0a0c12ea955e, creation at: 2024-03-20T21:08:37.272Z, expire at: 2024-03-20T21:08:40.272Z)] to file /home/runner/work/ozone/ozone/hadoop-ozone/integration-test/target/test-dir/MiniOzoneClusterImpl-bb4c8f07-45f9-422c-bd0c-8b04330ef271/scmNode-2/scm/keys/secret_keys.json
2024-03-20 21:08:40,279 [be2411e5-a42d-476f-b25b-d7f87790d2c1@group-8B04330EF271-StateMachineUpdater] INFO  safemode.HealthyPipelineSafeModeRule (HealthyPipelineSafeModeRule.java:initializeRule(172)) - Refreshed total pipeline count is 0, healthy pipeline threshold count is 1
2024-03-20 21:08:40,373 [SecretKeyPoller] INFO  symmetric.DefaultSecretKeySignerClient (DefaultSecretKeySignerClient.java:checkAndRefresh(167)) - New secret key fetched from SCM: SecretKey(id = e71b8c53-71b5-4165-845d-fa0639de1b4b, creation at: 2024-03-20T21:08:40.272Z, expire at: 2024-03-20T21:08:43.272Z).
2024-03-20 21:08:40,374 [SecretKeyPoller] INFO  symmetric.DefaultSecretKeySignerClient (DefaultSecretKeySignerClient.java:checkAndRefresh(167)) - New secret key fetched from SCM: SecretKey(id = e71b8c53-71b5-4165-845d-fa0639de1b4b, creation at: 2024-03-20T21:08:40.272Z, expire at: 2024-03-20T21:08:43.272Z).
2024-03-20 21:08:40,374 [SecretKeyPoller] INFO  symmetric.DefaultSecretKeySignerClient (DefaultSecretKeySignerClient.java:checkAndRefresh(167)) - New secret key fetched from SCM: SecretKey(id = e71b8c53-71b5-4165-845d-fa0639de1b4b, creation at: 2024-03-20T21:08:40.272Z, expire at: 2024-03-20T21:08:43.272Z).
2024-03-20 21:08:40,374 [om1-SecretKeyPoller] INFO  symmetric.DefaultSecretKeySignerClient (DefaultSecretKeySignerClient.java:checkAndRefresh(167)) - New secret key fetched from SCM: SecretKey(id = e71b8c53-71b5-4165-845d-fa0639de1b4b, creation at: 2024-03-20T21:08:40.272Z, expire at: 2024-03-20T21:08:43.272Z).
2024-03-20 21:08:41,246 [main] INFO  ozone.MiniOzoneClusterImpl (MiniOzoneClusterImpl.java:lambda$waitForClusterToBeReady$0(194)) - Nodes are ready. Got 3 of 3 DN Heartbeats.
2024-03-20 21:08:41,246 [main] INFO  ozone.MiniOzoneClusterImpl (MiniOzoneClusterImpl.java:lambda$waitForClusterToBeReady$0(197)) - Waiting for cluster to exit safe mode
2024-03-20 21:08:41,246 [main] INFO  ozone.MiniOzoneClusterImpl (MiniOzoneClusterImpl.java:lambda$waitForClusterToBeReady$0(199)) - SCM became leader
2024-03-20 21:08:41,272 [scmNode-1-SecretKeyManagerService] INFO  symmetric.SecretKeyManager (SecretKeyManager.java:checkAndRotate(125)) - SecretKey rotation is happening, new key generated SecretKey(id = d5b7004e-2b3c-4891-a75b-d9c5c59b0451, creation at: 2024-03-20T21:08:41.272Z, expire at: 2024-03-20T21:08:44.272Z)
2024-03-20 21:08:41,277 [1ba87fbc-452a-4836-9768-c65c67837df8@group-8B04330EF271-StateMachineUpdater] INFO  symmetric.SecretKeyStateImpl (SecretKeyStateImpl.java:updateKeysInternal(113)) - Updating keys with [SecretKey(id = e71b8c53-71b5-4165-845d-fa0639de1b4b, creation at: 2024-03-20T21:08:40.272Z, expire at: 2024-03-20T21:08:43.272Z), SecretKey(id = 04431dbd-3701-4b4e-af8e-e0e8686223eb, creation at: 2024-03-20T21:08:39.272Z, expire at: 2024-03-20T21:08:42.272Z), SecretKey(id = 1823c211-9ec8-41a8-95b9-24d1b9491086, creation at: 2024-03-20T21:08:38.272Z, expire at: 2024-03-20T21:08:41.272Z), SecretKey(id = d5b7004e-2b3c-4891-a75b-d9c5c59b0451, creation at: 2024-03-20T21:08:41.272Z, expire at: 2024-03-20T21:08:44.272Z)]
2024-03-20 21:08:41,277 [1ba87fbc-452a-4836-9768-c65c67837df8@group-8B04330EF271-StateMachineUpdater] INFO  symmetric.SecretKeyStateImpl (SecretKeyStateImpl.java:updateKeysInternal(128)) - Current key updated SecretKey(id = d5b7004e-2b3c-4891-a75b-d9c5c59b0451, creation at: 2024-03-20T21:08:41.272Z, expire at: 2024-03-20T21:08:44.272Z)
2024-03-20 21:08:41,278 [1ba87fbc-452a-4836-9768-c65c67837df8@group-8B04330EF271-StateMachineUpdater] INFO  symmetric.LocalSecretKeyStore (LocalSecretKeyStore.java:save(109)) - Saved [SecretKey(id = d5b7004e-2b3c-4891-a75b-d9c5c59b0451, creation at: 2024-03-20T21:08:41.272Z, expire at: 2024-03-20T21:08:44.272Z), SecretKey(id = e71b8c53-71b5-4165-845d-fa0639de1b4b, creation at: 2024-03-20T21:08:40.272Z, expire at: 2024-03-20T21:08:43.272Z), SecretKey(id = 04431dbd-3701-4b4e-af8e-e0e8686223eb, creation at: 2024-03-20T21:08:39.272Z, expire at: 2024-03-20T21:08:42.272Z), SecretKey(id = 1823c211-9ec8-41a8-95b9-24d1b9491086, creation at: 2024-03-20T21:08:38.272Z, expire at: 2024-03-20T21:08:41.272Z)] to file /home/runner/work/ozone/ozone/hadoop-ozone/integration-test/target/test-dir/MiniOzoneClusterImpl-bb4c8f07-45f9-422c-bd0c-8b04330ef271/scmNode-1/scm/keys/secret_keys.json
2024-03-20 21:08:41,280 [1ba87fbc-452a-4836-9768-c65c67837df8@group-8B04330EF271-StateMachineUpdater] INFO  safemode.HealthyPipelineSafeModeRule (HealthyPipelineSafeModeRule.java:initializeRule(172)) - Refreshed total pipeline count is 0, healthy pipeline threshold count is 1
2024-03-20 21:08:41,281 [be2411e5-a42d-476f-b25b-d7f87790d2c1@group-8B04330EF271-StateMachineUpdater] INFO  symmetric.SecretKeyStateImpl (SecretKeyStateImpl.java:updateKeysInternal(113)) - Updating keys with [SecretKey(id = e71b8c53-71b5-4165-845d-fa0639de1b4b, creation at: 2024-03-20T21:08:40.272Z, expire at: 2024-03-20T21:08:43.272Z), SecretKey(id = 04431dbd-3701-4b4e-af8e-e0e8686223eb, creation at: 2024-03-20T21:08:39.272Z, expire at: 2024-03-20T21:08:42.272Z), SecretKey(id = 1823c211-9ec8-41a8-95b9-24d1b9491086, creation at: 2024-03-20T21:08:38.272Z, expire at: 2024-03-20T21:08:41.272Z), SecretKey(id = d5b7004e-2b3c-4891-a75b-d9c5c59b0451, creation at: 2024-03-20T21:08:41.272Z, expire at: 2024-03-20T21:08:44.272Z)]
2024-03-20 21:08:41,281 [be2411e5-a42d-476f-b25b-d7f87790d2c1@group-8B04330EF271-StateMachineUpdater] INFO  symmetric.SecretKeyStateImpl (SecretKeyStateImpl.java:updateKeysInternal(128)) - Current key updated SecretKey(id = d5b7004e-2b3c-4891-a75b-d9c5c59b0451, creation at: 2024-03-20T21:08:41.272Z, expire at: 2024-03-20T21:08:44.272Z)
2024-03-20 21:08:41,281 [b12aa423-edbe-43b9-9e95-c7a538dfc443@group-8B04330EF271-StateMachineUpdater] INFO  symmetric.SecretKeyStateImpl (SecretKeyStateImpl.java:updateKeysInternal(113)) - Updating keys with [SecretKey(id = e71b8c53-71b5-4165-845d-fa0639de1b4b, creation at: 2024-03-20T21:08:40.272Z, expire at: 2024-03-20T21:08:43.272Z), SecretKey(id = 04431dbd-3701-4b4e-af8e-e0e8686223eb, creation at: 2024-03-20T21:08:39.272Z, expire at: 2024-03-20T21:08:42.272Z), SecretKey(id = 1823c211-9ec8-41a8-95b9-24d1b9491086, creation at: 2024-03-20T21:08:38.272Z, expire at: 2024-03-20T21:08:41.272Z), SecretKey(id = d5b7004e-2b3c-4891-a75b-d9c5c59b0451, creation at: 2024-03-20T21:08:41.272Z, expire at: 2024-03-20T21:08:44.272Z)]
2024-03-20 21:08:41,281 [b12aa423-edbe-43b9-9e95-c7a538dfc443@group-8B04330EF271-StateMachineUpdater] INFO  symmetric.SecretKeyStateImpl (SecretKeyStateImpl.java:updateKeysInternal(128)) - Current key updated SecretKey(id = d5b7004e-2b3c-4891-a75b-d9c5c59b0451, creation at: 2024-03-20T21:08:41.272Z, expire at: 2024-03-20T21:08:44.272Z)
2024-03-20 21:08:41,281 [be2411e5-a42d-476f-b25b-d7f87790d2c1@group-8B04330EF271-StateMachineUpdater] INFO  symmetric.LocalSecretKeyStore (LocalSecretKeyStore.java:save(109)) - Saved [SecretKey(id = d5b7004e-2b3c-4891-a75b-d9c5c59b0451, creation at: 2024-03-20T21:08:41.272Z, expire at: 2024-03-20T21:08:44.272Z), SecretKey(id = e71b8c53-71b5-4165-845d-fa0639de1b4b, creation at: 2024-03-20T21:08:40.272Z, expire at: 2024-03-20T21:08:43.272Z), SecretKey(id = 04431dbd-3701-4b4e-af8e-e0e8686223eb, creation at: 2024-03-20T21:08:39.272Z, expire at: 2024-03-20T21:08:42.272Z), SecretKey(id = 1823c211-9ec8-41a8-95b9-24d1b9491086, creation at: 2024-03-20T21:08:38.272Z, expire at: 2024-03-20T21:08:41.272Z)] to file /home/runner/work/ozone/ozone/hadoop-ozone/integration-test/target/test-dir/MiniOzoneClusterImpl-bb4c8f07-45f9-422c-bd0c-8b04330ef271/scmNode-2/scm/keys/secret_keys.json
2024-03-20 21:08:41,282 [be2411e5-a42d-476f-b25b-d7f87790d2c1@group-8B04330EF271-StateMachineUpdater] INFO  safemode.HealthyPipelineSafeModeRule (HealthyPipelineSafeModeRule.java:initializeRule(172)) - Refreshed total pipeline count is 0, healthy pipeline threshold count is 1
2024-03-20 21:08:41,282 [b12aa423-edbe-43b9-9e95-c7a538dfc443@group-8B04330EF271-StateMachineUpdater] INFO  symmetric.LocalSecretKeyStore (LocalSecretKeyStore.java:save(109)) - Saved [SecretKey(id = d5b7004e-2b3c-4891-a75b-d9c5c59b0451, creation at: 2024-03-20T21:08:41.272Z, expire at: 2024-03-20T21:08:44.272Z), SecretKey(id = e71b8c53-71b5-4165-845d-fa0639de1b4b, creation at: 2024-03-20T21:08:40.272Z, expire at: 2024-03-20T21:08:43.272Z), SecretKey(id = 04431dbd-3701-4b4e-af8e-e0e8686223eb, creation at: 2024-03-20T21:08:39.272Z, expire at: 2024-03-20T21:08:42.272Z), SecretKey(id = 1823c211-9ec8-41a8-95b9-24d1b9491086, creation at: 2024-03-20T21:08:38.272Z, expire at: 2024-03-20T21:08:41.272Z)] to file /home/runner/work/ozone/ozone/hadoop-ozone/integration-test/target/test-dir/MiniOzoneClusterImpl-bb4c8f07-45f9-422c-bd0c-8b04330ef271/scmNode-3/scm/keys/secret_keys.json
2024-03-20 21:08:41,283 [b12aa423-edbe-43b9-9e95-c7a538dfc443@group-8B04330EF271-StateMachineUpdater] INFO  safemode.HealthyPipelineSafeModeRule (HealthyPipelineSafeModeRule.java:initializeRule(172)) - Refreshed total pipeline count is 0, healthy pipeline threshold count is 1
2024-03-20 21:08:41,373 [SecretKeyPoller] INFO  symmetric.DefaultSecretKeySignerClient (DefaultSecretKeySignerClient.java:checkAndRefresh(167)) - New secret key fetched from SCM: SecretKey(id = d5b7004e-2b3c-4891-a75b-d9c5c59b0451, creation at: 2024-03-20T21:08:41.272Z, expire at: 2024-03-20T21:08:44.272Z).
2024-03-20 21:08:41,374 [SecretKeyPoller] INFO  symmetric.DefaultSecretKeySignerClient (DefaultSecretKeySignerClient.java:checkAndRefresh(167)) - New secret key fetched from SCM: SecretKey(id = d5b7004e-2b3c-4891-a75b-d9c5c59b0451, creation at: 2024-03-20T21:08:41.272Z, expire at: 2024-03-20T21:08:44.272Z).
2024-03-20 21:08:41,374 [om1-SecretKeyPoller] INFO  symmetric.DefaultSecretKeySignerClient (DefaultSecretKeySignerClient.java:checkAndRefresh(167)) - New secret key fetched from SCM: SecretKey(id = d5b7004e-2b3c-4891-a75b-d9c5c59b0451, creation at: 2024-03-20T21:08:41.272Z, expire at: 2024-03-20T21:08:44.272Z).
2024-03-20 21:08:41,374 [SecretKeyPoller] INFO  symmetric.DefaultSecretKeySignerClient (DefaultSecretKeySignerClient.java:checkAndRefresh(167)) - New secret key fetched from SCM: SecretKey(id = d5b7004e-2b3c-4891-a75b-d9c5c59b0451, creation at: 2024-03-20T21:08:41.272Z, expire at: 2024-03-20T21:08:44.272Z).
2024-03-20 21:08:41,442 [bf0d52d7-dce2-4f08-b148-c0add6164c5c-PipelineCommandHandlerThread-0] INFO  server.RaftServer (RaftServerProxy.java:addNew(100)) - bf0d52d7-dce2-4f08-b148-c0add6164c5c: addNew group-BBF491953644:[bf0d52d7-dce2-4f08-b148-c0add6164c5c|10.1.0.34:15046] returns group-BBF491953644:java.util.concurrent.CompletableFuture@670136c3[Not completed]
2024-03-20 21:08:41,451 [bf0d52d7-dce2-4f08-b148-c0add6164c5c-groupManagement] INFO  server.RaftServer$Division (RaftServerImpl.java:<init>(256)) - bf0d52d7-dce2-4f08-b148-c0add6164c5c: new RaftServerImpl for group-BBF491953644:[bf0d52d7-dce2-4f08-b148-c0add6164c5c|10.1.0.34:15046] with ContainerStateMachine:uninitialized
2024-03-20 21:08:41,451 [bf0d52d7-dce2-4f08-b148-c0add6164c5c-groupManagement] INFO  server.RaftServerConfigKeys (ConfUtils.java:logGet(46)) - raft.server.rpc.timeout.min = 5s (custom)
2024-03-20 21:08:41,451 [bf0d52d7-dce2-4f08-b148-c0add6164c5c-groupManagement] INFO  server.RaftServerConfigKeys (ConfUtils.java:logGet(46)) - raft.server.rpc.timeout.max = 5200ms (custom)
2024-03-20 21:08:41,451 [bf0d52d7-dce2-4f08-b148-c0add6164c5c-groupManagement] INFO  server.RaftServerConfigKeys (ConfUtils.java:logGet(46)) - raft.server.rpc.sleep.time = 25ms (default)
2024-03-20 21:08:41,451 [bf0d52d7-dce2-4f08-b148-c0add6164c5c-groupManagement] INFO  server.RaftServerConfigKeys (ConfUtils.java:logGet(46)) - raft.server.rpc.slowness.timeout = 300s (custom)
2024-03-20 21:08:41,452 [bf0d52d7-dce2-4f08-b148-c0add6164c5c-groupManagement] INFO  server.RaftServerConfigKeys (ConfUtils.java:logGet(46)) - raft.server.leaderelection.leader.step-down.wait-time = 10s (default)
2024-03-20 21:08:41,452 [bf0d52d7-dce2-4f08-b148-c0add6164c5c-groupManagement] INFO  server.RaftServerConfigKeys (ConfUtils.java:logGet(46)) - raft.server.leaderelection.member.majority-add = false (default)
2024-03-20 21:08:41,452 [bf0d52d7-dce2-4f08-b148-c0add6164c5c-groupManagement] INFO  server.RaftServerConfigKeys (ConfUtils.java:logGet(46)) - raft.server.sleep.deviation.threshold = 300ms (default)
2024-03-20 21:08:41,452 [bf0d52d7-dce2-4f08-b148-c0add6164c5c-groupManagement] INFO  server.RaftServer$Division (ServerState.java:<init>(113)) - bf0d52d7-dce2-4f08-b148-c0add6164c5c@group-BBF491953644: ConfigurationManager, init=-1: peers:[bf0d52d7-dce2-4f08-b148-c0add6164c5c|10.1.0.34:15046]|listeners:[], old=null, confs=<EMPTY_MAP>
2024-03-20 21:08:41,452 [bf0d52d7-dce2-4f08-b148-c0add6164c5c-groupManagement] INFO  server.RaftServerConfigKeys (ConfUtils.java:logGet(46)) - raft.server.notification.no-leader.timeout = 300s (custom)
2024-03-20 21:08:41,452 [bf0d52d7-dce2-4f08-b148-c0add6164c5c-groupManagement] INFO  server.RaftServerConfigKeys (ConfUtils.java:logGet(46)) - raft.server.read.timeout = 10s (default)
2024-03-20 21:08:41,452 [bf0d52d7-dce2-4f08-b148-c0add6164c5c-groupManagement] INFO  server.RaftServerConfigKeys (ConfUtils.java:logGet(46)) - raft.server.retrycache.expirytime = 600000ms (custom)
2024-03-20 21:08:41,452 [bf0d52d7-dce2-4f08-b148-c0add6164c5c-groupManagement] INFO  server.RaftServerConfigKeys (ConfUtils.java:logGet(46)) - raft.server.retrycache.statistics.expirytime = 100ms (default)
2024-03-20 21:08:41,452 [bf0d52d7-dce2-4f08-b148-c0add6164c5c-groupManagement] INFO  server.RaftServerConfigKeys (ConfUtils.java:logGet(46)) - raft.server.read.option = DEFAULT (default)
2024-03-20 21:08:41,452 [bf0d52d7-dce2-4f08-b148-c0add6164c5c-groupManagement] INFO  server.RaftServerConfigKeys (ConfUtils.java:logGet(46)) - raft.server.read.read-after-write-consistent.write-index-cache.expiry-time = 60s (default)
2024-03-20 21:08:41,459 [bf0d52d7-dce2-4f08-b148-c0add6164c5c-groupManagement] INFO  server.RaftServerConfigKeys (ConfUtils.java:logGet(46)) - raft.server.rpc.request.timeout = 60s (custom)
2024-03-20 21:08:41,459 [bf0d52d7-dce2-4f08-b148-c0add6164c5c-groupManagement] INFO  server.RaftServerConfigKeys (ConfUtils.java:logGet(46)) - raft.server.log.appender.install.snapshot.enabled = false (custom)
2024-03-20 21:08:41,459 [bf0d52d7-dce2-4f08-b148-c0add6164c5c-groupManagement] INFO  server.RaftServerConfigKeys (ConfUtils.java:logGet(46)) - raft.server.threadpool.server.cached = true (default)
2024-03-20 21:08:41,459 [bf0d52d7-dce2-4f08-b148-c0add6164c5c-groupManagement] INFO  server.RaftServerConfigKeys (ConfUtils.java:logGet(46)) - raft.server.threadpool.server.size = 0 (default)
2024-03-20 21:08:41,459 [bf0d52d7-dce2-4f08-b148-c0add6164c5c-groupManagement] INFO  server.RaftServerConfigKeys (ConfUtils.java:logGet(46)) - raft.server.threadpool.client.cached = true (default)
2024-03-20 21:08:41,459 [bf0d52d7-dce2-4f08-b148-c0add6164c5c-groupManagement] INFO  server.RaftServerConfigKeys (ConfUtils.java:logGet(46)) - raft.server.threadpool.client.size = 0 (default)
2024-03-20 21:08:41,459 [bf0d52d7-dce2-4f08-b148-c0add6164c5c-groupManagement] INFO  server.RaftServerConfigKeys (ConfUtils.java:logGet(46)) - raft.server.storage.free-space.min = 0MB (=0) (default)
2024-03-20 21:08:41,459 [bf0d52d7-dce2-4f08-b148-c0add6164c5c-groupManagement] INFO  server.RaftServerConfigKeys (ConfUtils.java:logGet(46)) - raft.server.log.corruption.policy = EXCEPTION (default)
2024-03-20 21:08:41,460 [bf0d52d7-dce2-4f08-b148-c0add6164c5c-groupManagement] INFO  server.RaftServerConfigKeys (ConfUtils.java:logGet(46)) - raft.server.storage.dir = [/home/runner/work/ozone/ozone/hadoop-ozone/integration-test/target/test-dir/MiniOzoneClusterImpl-bb4c8f07-45f9-422c-bd0c-8b04330ef271/ozone-meta/datanode-1/ratis] (custom)
2024-03-20 21:08:41,460 [bf0d52d7-dce2-4f08-b148-c0add6164c5c-groupManagement] INFO  storage.RaftStorageDirectory (RaftStorageDirectoryImpl.java:analyzeStorage(138)) - The storage directory /home/runner/work/ozone/ozone/hadoop-ozone/integration-test/target/test-dir/MiniOzoneClusterImpl-bb4c8f07-45f9-422c-bd0c-8b04330ef271/ozone-meta/datanode-1/ratis/32562dfb-1478-47de-bd5f-bbf491953644 does not exist. Creating ...
2024-03-20 21:08:41,461 [bf0d52d7-dce2-4f08-b148-c0add6164c5c-groupManagement] INFO  storage.RaftStorageDirectory (RaftStorageDirectoryImpl.java:tryLock(228)) - Lock on /home/runner/work/ozone/ozone/hadoop-ozone/integration-test/target/test-dir/MiniOzoneClusterImpl-bb4c8f07-45f9-422c-bd0c-8b04330ef271/ozone-meta/datanode-1/ratis/32562dfb-1478-47de-bd5f-bbf491953644/in_use.lock acquired by nodename 54244@fv-az1053-74
2024-03-20 21:08:41,462 [bf0d52d7-dce2-4f08-b148-c0add6164c5c-groupManagement] INFO  storage.RaftStorage (RaftStorageImpl.java:format(99)) - Storage directory /home/runner/work/ozone/ozone/hadoop-ozone/integration-test/target/test-dir/MiniOzoneClusterImpl-bb4c8f07-45f9-422c-bd0c-8b04330ef271/ozone-meta/datanode-1/ratis/32562dfb-1478-47de-bd5f-bbf491953644 has been successfully formatted.
2024-03-20 21:08:41,462 [bf0d52d7-dce2-4f08-b148-c0add6164c5c-groupManagement] WARN  util.FileUtils (LogUtils.java:supplyAndLog(63)) - Failed to Files.newInputStream /home/runner/work/ozone/ozone/hadoop-ozone/integration-test/target/test-dir/MiniOzoneClusterImpl-bb4c8f07-45f9-422c-bd0c-8b04330ef271/ozone-meta/datanode-1/ratis/32562dfb-1478-47de-bd5f-bbf491953644/current/raft-meta.conf with options []: java.nio.file.NoSuchFileException: /home/runner/work/ozone/ozone/hadoop-ozone/integration-test/target/test-dir/MiniOzoneClusterImpl-bb4c8f07-45f9-422c-bd0c-8b04330ef271/ozone-meta/datanode-1/ratis/32562dfb-1478-47de-bd5f-bbf491953644/current/raft-meta.conf
2024-03-20 21:08:41,465 [bf0d52d7-dce2-4f08-b148-c0add6164c5c-groupManagement] INFO  ratis.ContainerStateMachine (ContainerStateMachine.java:loadSnapshot(287)) - group-BBF491953644: The snapshot info is null. Setting the last applied index to:(t:0, i:~)
2024-03-20 21:08:41,465 [bf0d52d7-dce2-4f08-b148-c0add6164c5c-groupManagement] INFO  server.RaftServerConfigKeys (ConfUtils.java:logGet(46)) - raft.server.log.use.memory = false (default)
2024-03-20 21:08:41,466 [bf0d52d7-dce2-4f08-b148-c0add6164c5c-groupManagement] INFO  server.RaftServerConfigKeys (ConfUtils.java:logGet(46)) - raft.server.log.purge.gap = 1000000 (custom)
2024-03-20 21:08:41,466 [bf0d52d7-dce2-4f08-b148-c0add6164c5c-groupManagement] INFO  server.RaftServerConfigKeys (ConfUtils.java:logGet(46)) - raft.server.log.appender.buffer.byte-limit = 8388608 (custom)
2024-03-20 21:08:41,466 [bf0d52d7-dce2-4f08-b148-c0add6164c5c-groupManagement] INFO  server.RaftServerConfigKeys (ConfUtils.java:logGet(46)) - raft.server.log.statemachine.data.read.timeout = 1000ms (default)
2024-03-20 21:08:41,466 [bf0d52d7-dce2-4f08-b148-c0add6164c5c-groupManagement] INFO  server.RaftServerConfigKeys (ConfUtils.java:logGet(46)) - raft.server.log.purge.preservation.log.num = 0 (default)
2024-03-20 21:08:41,472 [bf0d52d7-dce2-4f08-b148-c0add6164c5c-groupManagement] INFO  server.RaftServerConfigKeys (ConfUtils.java:logGet(46)) - raft.server.log.segment.size.max = 67108864 (custom)
2024-03-20 21:08:41,472 [bf0d52d7-dce2-4f08-b148-c0add6164c5c-groupManagement] INFO  server.RaftServerConfigKeys (ConfUtils.java:logGet(46)) - raft.server.log.segment.cache.num.max = 2 (custom)
2024-03-20 21:08:41,472 [bf0d52d7-dce2-4f08-b148-c0add6164c5c-groupManagement] INFO  server.RaftServerConfigKeys (ConfUtils.java:logGet(46)) - raft.server.log.segment.cache.size.max = 200MB (=209715200) (default)
2024-03-20 21:08:41,473 [bf0d52d7-dce2-4f08-b148-c0add6164c5c-groupManagement] INFO  server.RaftServerConfigKeys (ConfUtils.java:logGet(46)) - raft.server.log.appender.buffer.byte-limit = 8388608 (custom)
2024-03-20 21:08:41,473 [bf0d52d7-dce2-4f08-b148-c0add6164c5c-groupManagement] INFO  util.AwaitToRun (AwaitToRun.java:start(81)) - Thread[bf0d52d7-dce2-4f08-b148-c0add6164c5c@group-BBF491953644-cacheEviction-AwaitToRun,5,main] started
2024-03-20 21:08:41,473 [bf0d52d7-dce2-4f08-b148-c0add6164c5c-groupManagement] INFO  segmented.SegmentedRaftLogWorker (SegmentedRaftLogWorker.java:<init>(182)) - new bf0d52d7-dce2-4f08-b148-c0add6164c5c@group-BBF491953644-SegmentedRaftLogWorker for RaftStorageImpl:Storage Directory /home/runner/work/ozone/ozone/hadoop-ozone/integration-test/target/test-dir/MiniOzoneClusterImpl-bb4c8f07-45f9-422c-bd0c-8b04330ef271/ozone-meta/datanode-1/ratis/32562dfb-1478-47de-bd5f-bbf491953644
2024-03-20 21:08:41,473 [bf0d52d7-dce2-4f08-b148-c0add6164c5c-groupManagement] INFO  server.RaftServerConfigKeys (ConfUtils.java:logGet(46)) - raft.server.log.queue.byte-limit = 4294967296 (custom)
2024-03-20 21:08:41,473 [bf0d52d7-dce2-4f08-b148-c0add6164c5c-groupManagement] INFO  server.RaftServerConfigKeys (ConfUtils.java:logGet(46)) - raft.server.log.queue.element-limit = 1024 (custom)
2024-03-20 21:08:41,473 [bf0d52d7-dce2-4f08-b148-c0add6164c5c-groupManagement] INFO  server.RaftServerConfigKeys (ConfUtils.java:logGet(46)) - raft.server.log.segment.size.max = 67108864 (custom)
2024-03-20 21:08:41,473 [bf0d52d7-dce2-4f08-b148-c0add6164c5c-groupManagement] INFO  server.RaftServerConfigKeys (ConfUtils.java:logGet(46)) - raft.server.log.preallocated.size = 4194304 (custom)
2024-03-20 21:08:41,473 [bf0d52d7-dce2-4f08-b148-c0add6164c5c-groupManagement] INFO  server.RaftServerConfigKeys (ConfUtils.java:logGet(46)) - raft.server.log.force.sync.num = 128 (default)
2024-03-20 21:08:41,474 [bf0d52d7-dce2-4f08-b148-c0add6164c5c-groupManagement] INFO  server.RaftServerConfigKeys (ConfUtils.java:logGet(46)) - raft.server.log.statemachine.data.sync = true (default)
2024-03-20 21:08:41,474 [bf0d52d7-dce2-4f08-b148-c0add6164c5c-groupManagement] INFO  server.RaftServerConfigKeys (ConfUtils.java:logGet(46)) - raft.server.log.statemachine.data.sync.timeout = 10s (default)
2024-03-20 21:08:41,474 [bf0d52d7-dce2-4f08-b148-c0add6164c5c-groupManagement] INFO  server.RaftServerConfigKeys (ConfUtils.java:logGet(46)) - raft.server.log.statemachine.data.sync.timeout.retry = 0 (custom)
2024-03-20 21:08:41,474 [bf0d52d7-dce2-4f08-b148-c0add6164c5c-groupManagement] INFO  server.RaftServerConfigKeys (ConfUtils.java:logGet(46)) - raft.server.log.write.buffer.size = 8388616 (custom)
2024-03-20 21:08:41,476 [bf0d52d7-dce2-4f08-b148-c0add6164c5c-groupManagement] INFO  server.RaftServerConfigKeys (ConfUtils.java:logGet(46)) - raft.server.log.appender.buffer.byte-limit = 8388608 (custom)
2024-03-20 21:08:41,476 [bf0d52d7-dce2-4f08-b148-c0add6164c5c-groupManagement] INFO  server.RaftServerConfigKeys (ConfUtils.java:logGet(46)) - raft.server.log.unsafe-flush.enabled = false (default)
2024-03-20 21:08:41,476 [bf0d52d7-dce2-4f08-b148-c0add6164c5c-groupManagement] INFO  server.RaftServerConfigKeys (ConfUtils.java:logGet(46)) - raft.server.log.async-flush.enabled = false (default)
2024-03-20 21:08:41,476 [bf0d52d7-dce2-4f08-b148-c0add6164c5c-groupManagement] INFO  server.RaftServerConfigKeys (ConfUtils.java:logGet(46)) - raft.server.log.statemachine.data.caching.enabled = true (custom)
2024-03-20 21:08:41,476 [bf0d52d7-dce2-4f08-b148-c0add6164c5c-groupManagement] INFO  segmented.SegmentedRaftLogWorker (SegmentedRaftLogWorker.java:lambda$new$0(134)) - bf0d52d7-dce2-4f08-b148-c0add6164c5c@group-BBF491953644-SegmentedRaftLogWorker: flushIndex: setUnconditionally 0 -> -1
2024-03-20 21:08:41,477 [bf0d52d7-dce2-4f08-b148-c0add6164c5c-groupManagement] INFO  segmented.SegmentedRaftLogWorker (SegmentedRaftLogWorker.java:lambda$new$0(134)) - bf0d52d7-dce2-4f08-b148-c0add6164c5c@group-BBF491953644-SegmentedRaftLogWorker: safeCacheEvictIndex: setUnconditionally 0 -> -1
2024-03-20 21:08:41,477 [bf0d52d7-dce2-4f08-b148-c0add6164c5c-groupManagement] INFO  server.RaftServer$Division (RaftServerImpl.java:start(396)) - bf0d52d7-dce2-4f08-b148-c0add6164c5c@group-BBF491953644: start as a follower, conf=-1: peers:[bf0d52d7-dce2-4f08-b148-c0add6164c5c|10.1.0.34:15046]|listeners:[], old=null
2024-03-20 21:08:41,477 [bf0d52d7-dce2-4f08-b148-c0add6164c5c-groupManagement] INFO  server.RaftServer$Division (RaftServerImpl.java:setRole(383)) - bf0d52d7-dce2-4f08-b148-c0add6164c5c@group-BBF491953644: changes role from      null to FOLLOWER at term 0 for startAsFollower
2024-03-20 21:08:41,477 [bf0d52d7-dce2-4f08-b148-c0add6164c5c-groupManagement] INFO  impl.RoleInfo (RoleInfo.java:updateAndGet(139)) - bf0d52d7-dce2-4f08-b148-c0add6164c5c: start bf0d52d7-dce2-4f08-b148-c0add6164c5c@group-BBF491953644-FollowerState
2024-03-20 21:08:41,478 [bf0d52d7-dce2-4f08-b148-c0add6164c5c@group-BBF491953644-FollowerState] INFO  server.RaftServerConfigKeys (ConfUtils.java:logFallback(53)) - raft.server.rpc.first-election.timeout.min = 5s (fallback to raft.server.rpc.timeout.min)
2024-03-20 21:08:41,478 [bf0d52d7-dce2-4f08-b148-c0add6164c5c-groupManagement] INFO  util.JmxRegister (JmxRegister.java:tryRegister(44)) - Successfully registered JMX Bean with object name Ratis:service=RaftServer,group=group-BBF491953644,id=bf0d52d7-dce2-4f08-b148-c0add6164c5c
2024-03-20 21:08:41,478 [bf0d52d7-dce2-4f08-b148-c0add6164c5c@group-BBF491953644-FollowerState] INFO  server.RaftServerConfigKeys (ConfUtils.java:logFallback(53)) - raft.server.rpc.first-election.timeout.max = 5200ms (fallback to raft.server.rpc.timeout.max)
2024-03-20 21:08:41,478 [bf0d52d7-dce2-4f08-b148-c0add6164c5c-groupManagement] INFO  server.RaftServerConfigKeys (ConfUtils.java:logGet(46)) - raft.server.snapshot.trigger-when-stop.enabled = true (default)
2024-03-20 21:08:41,479 [bf0d52d7-dce2-4f08-b148-c0add6164c5c-groupManagement] INFO  server.RaftServerConfigKeys (ConfUtils.java:logGet(46)) - raft.server.snapshot.auto.trigger.enabled = true (custom)
2024-03-20 21:08:41,479 [bf0d52d7-dce2-4f08-b148-c0add6164c5c-groupManagement] INFO  server.RaftServerConfigKeys (ConfUtils.java:logGet(46)) - raft.server.snapshot.auto.trigger.threshold = 10000 (custom)
2024-03-20 21:08:41,479 [bf0d52d7-dce2-4f08-b148-c0add6164c5c-groupManagement] INFO  server.RaftServerConfigKeys (ConfUtils.java:logGet(46)) - raft.server.snapshot.retention.file.num = 5 (custom)
2024-03-20 21:08:41,479 [bf0d52d7-dce2-4f08-b148-c0add6164c5c-groupManagement] INFO  server.RaftServerConfigKeys (ConfUtils.java:logGet(46)) - raft.server.log.purge.upto.snapshot.index = false (default)
2024-03-20 21:08:41,483 [scmNode-3-EventQueue-PipelineReportForPipelineReportHandler] ERROR pipeline.PipelineReportHandler (PipelineReportHandler.java:onMessage(100)) - Could not process pipeline report=pipelineID {
  id: "32562dfb-1478-47de-bd5f-bbf491953644"
  uuid128 {
    mostSigBits: 3627137106296981470
    leastSigBits: -4800912018664769980
  }
}
isLeader: false
bytesWritten: 0
 from dn=bf0d52d7-dce2-4f08-b148-c0add6164c5c(fv-az1053-74.1e55wlyavovu3ma4fylbaqc4gd.phxx.internal.cloudapp.net/10.1.0.34).
org.apache.hadoop.hdds.scm.exceptions.SCMException: org.apache.ratis.protocol.exceptions.NotLeaderException: Server b12aa423-edbe-43b9-9e95-c7a538dfc443@group-8B04330EF271 is not the leader 1ba87fbc-452a-4836-9768-c65c67837df8|localhost:15003
	at org.apache.hadoop.hdds.scm.ha.SCMHAInvocationHandler.translateException(SCMHAInvocationHandler.java:165)
	at org.apache.hadoop.hdds.scm.ha.SCMHAInvocationHandler.invokeRatis(SCMHAInvocationHandler.java:115)
	at org.apache.hadoop.hdds.scm.ha.SCMHAInvocationHandler.invoke(SCMHAInvocationHandler.java:74)
	at com.sun.proxy.$Proxy34.updatePipelineState(Unknown Source)
	at org.apache.hadoop.hdds.scm.pipeline.PipelineManagerImpl.openPipeline(PipelineManagerImpl.java:430)
	at org.apache.hadoop.hdds.scm.pipeline.PipelineReportHandler.processPipelineReport(PipelineReportHandler.java:135)
	at org.apache.hadoop.hdds.scm.pipeline.PipelineReportHandler.onMessage(PipelineReportHandler.java:93)
	at org.apache.hadoop.hdds.scm.pipeline.PipelineReportHandler.onMessage(PipelineReportHandler.java:52)
	at org.apache.hadoop.hdds.server.events.SingleThreadExecutor.lambda$onMessage$1(SingleThreadExecutor.java:86)
	at java.util.concurrent.ThreadPoolExecutor.runWorker(ThreadPoolExecutor.java:1149)
	at java.util.concurrent.ThreadPoolExecutor$Worker.run(ThreadPoolExecutor.java:624)
	at java.lang.Thread.run(Thread.java:750)
Caused by: org.apache.ratis.protocol.exceptions.NotLeaderException: Server b12aa423-edbe-43b9-9e95-c7a538dfc443@group-8B04330EF271 is not the leader 1ba87fbc-452a-4836-9768-c65c67837df8|localhost:15003
	at org.apache.ratis.server.impl.RaftServerImpl.generateNotLeaderException(RaftServerImpl.java:807)
	at org.apache.ratis.server.impl.RaftServerImpl.checkLeaderState(RaftServerImpl.java:772)
	at org.apache.ratis.server.impl.RaftServerImpl.checkLeaderState(RaftServerImpl.java:758)
	at org.apache.ratis.server.impl.RaftServerImpl.writeAsync(RaftServerImpl.java:938)
	at org.apache.ratis.server.impl.RaftServerImpl.replyFuture(RaftServerImpl.java:931)
	at org.apache.ratis.server.impl.RaftServerImpl.submitClientRequestAsync(RaftServerImpl.java:908)
	at org.apache.ratis.server.impl.RaftServerImpl.lambda$null$13(RaftServerImpl.java:897)
	at org.apache.ratis.util.JavaUtils.callAsUnchecked(JavaUtils.java:118)
	at org.apache.ratis.server.impl.RaftServerImpl.lambda$executeSubmitClientRequestAsync$14(RaftServerImpl.java:897)
	at java.util.concurrent.CompletableFuture$AsyncSupply.run(CompletableFuture.java:1604)
	... 3 more
2024-03-20 21:08:41,485 [scmNode-2-EventQueue-PipelineReportForPipelineReportHandler] ERROR pipeline.PipelineReportHandler (PipelineReportHandler.java:onMessage(100)) - Could not process pipeline report=pipelineID {
  id: "32562dfb-1478-47de-bd5f-bbf491953644"
  uuid128 {
    mostSigBits: 3627137106296981470
    leastSigBits: -4800912018664769980
  }
}
isLeader: false
bytesWritten: 0
 from dn=bf0d52d7-dce2-4f08-b148-c0add6164c5c(fv-az1053-74.1e55wlyavovu3ma4fylbaqc4gd.phxx.internal.cloudapp.net/10.1.0.34).
org.apache.hadoop.hdds.scm.exceptions.SCMException: org.apache.ratis.protocol.exceptions.NotLeaderException: Server be2411e5-a42d-476f-b25b-d7f87790d2c1@group-8B04330EF271 is not the leader 1ba87fbc-452a-4836-9768-c65c67837df8|localhost:15003
	at org.apache.hadoop.hdds.scm.ha.SCMHAInvocationHandler.translateException(SCMHAInvocationHandler.java:165)
	at org.apache.hadoop.hdds.scm.ha.SCMHAInvocationHandler.invokeRatis(SCMHAInvocationHandler.java:115)
	at org.apache.hadoop.hdds.scm.ha.SCMHAInvocationHandler.invoke(SCMHAInvocationHandler.java:74)
	at com.sun.proxy.$Proxy34.updatePipelineState(Unknown Source)
	at org.apache.hadoop.hdds.scm.pipeline.PipelineManagerImpl.openPipeline(PipelineManagerImpl.java:430)
	at org.apache.hadoop.hdds.scm.pipeline.PipelineReportHandler.processPipelineReport(PipelineReportHandler.java:135)
	at org.apache.hadoop.hdds.scm.pipeline.PipelineReportHandler.onMessage(PipelineReportHandler.java:93)
	at org.apache.hadoop.hdds.scm.pipeline.PipelineReportHandler.onMessage(PipelineReportHandler.java:52)
	at org.apache.hadoop.hdds.server.events.SingleThreadExecutor.lambda$onMessage$1(SingleThreadExecutor.java:86)
	at java.util.concurrent.ThreadPoolExecutor.runWorker(ThreadPoolExecutor.java:1149)
	at java.util.concurrent.ThreadPoolExecutor$Worker.run(ThreadPoolExecutor.java:624)
	at java.lang.Thread.run(Thread.java:750)
Caused by: org.apache.ratis.protocol.exceptions.NotLeaderException: Server be2411e5-a42d-476f-b25b-d7f87790d2c1@group-8B04330EF271 is not the leader 1ba87fbc-452a-4836-9768-c65c67837df8|localhost:15003
	at org.apache.ratis.server.impl.RaftServerImpl.generateNotLeaderException(RaftServerImpl.java:807)
	at org.apache.ratis.server.impl.RaftServerImpl.checkLeaderState(RaftServerImpl.java:772)
	at org.apache.ratis.server.impl.RaftServerImpl.checkLeaderState(RaftServerImpl.java:758)
	at org.apache.ratis.server.impl.RaftServerImpl.writeAsync(RaftServerImpl.java:938)
	at org.apache.ratis.server.impl.RaftServerImpl.replyFuture(RaftServerImpl.java:931)
	at org.apache.ratis.server.impl.RaftServerImpl.submitClientRequestAsync(RaftServerImpl.java:908)
	at org.apache.ratis.server.impl.RaftServerImpl.lambda$null$13(RaftServerImpl.java:897)
	at org.apache.ratis.util.JavaUtils.callAsUnchecked(JavaUtils.java:118)
	at org.apache.ratis.server.impl.RaftServerImpl.lambda$executeSubmitClientRequestAsync$14(RaftServerImpl.java:897)
	at java.util.concurrent.CompletableFuture$AsyncSupply.run(CompletableFuture.java:1604)
	... 3 more
2024-03-20 21:08:41,485 [bf0d52d7-dce2-4f08-b148-c0add6164c5c-PipelineCommandHandlerThread-0] INFO  ratis.XceiverServerRatis (XceiverServerRatis.java:addGroup(864)) - Created group PipelineID=32562dfb-1478-47de-bd5f-bbf491953644
2024-03-20 21:08:41,487 [bf0d52d7-dce2-4f08-b148-c0add6164c5c-PipelineCommandHandlerThread-0] INFO  commandhandler.CreatePipelineCommandHandler (CreatePipelineCommandHandler.java:lambda$handle$2(124)) - Created Pipeline RATIS ONE PipelineID=32562dfb-1478-47de-bd5f-bbf491953644.
2024-03-20 21:08:41,488 [bf0d52d7-dce2-4f08-b148-c0add6164c5c-PipelineCommandHandlerThread-0] INFO  server.RaftServer (RaftServerProxy.java:addNew(100)) - bf0d52d7-dce2-4f08-b148-c0add6164c5c: addNew group-6AECEB9247EF:[98cad3d9-1aaa-47a5-be17-9665075729ab|10.1.0.34:15064, bf0d52d7-dce2-4f08-b148-c0add6164c5c|10.1.0.34:15046, dcffae99-659e-451a-8106-d35894ce685d|10.1.0.34:15055] returns group-6AECEB9247EF:java.util.concurrent.CompletableFuture@6a97821d[Not completed]
2024-03-20 21:08:41,488 [1ba87fbc-452a-4836-9768-c65c67837df8@group-8B04330EF271-StateMachineUpdater] INFO  safemode.HealthyPipelineSafeModeRule (HealthyPipelineSafeModeRule.java:initializeRule(172)) - Refreshed total pipeline count is 0, healthy pipeline threshold count is 1
2024-03-20 21:08:41,489 [scmNode-1-EventQueue-PipelineReportForPipelineReportHandler] INFO  pipeline.PipelineReportHandler (PipelineReportHandler.java:processPipelineReport(136)) - Opened pipeline PipelineID=32562dfb-1478-47de-bd5f-bbf491953644
2024-03-20 21:08:41,490 [bf0d52d7-dce2-4f08-b148-c0add6164c5c-groupManagement] INFO  server.RaftServer$Division (RaftServerImpl.java:<init>(256)) - bf0d52d7-dce2-4f08-b148-c0add6164c5c: new RaftServerImpl for group-6AECEB9247EF:[98cad3d9-1aaa-47a5-be17-9665075729ab|10.1.0.34:15064, bf0d52d7-dce2-4f08-b148-c0add6164c5c|10.1.0.34:15046, dcffae99-659e-451a-8106-d35894ce685d|10.1.0.34:15055] with ContainerStateMachine:uninitialized
2024-03-20 21:08:41,492 [bf0d52d7-dce2-4f08-b148-c0add6164c5c-groupManagement] INFO  server.RaftServerConfigKeys (ConfUtils.java:logGet(46)) - raft.server.rpc.timeout.min = 5s (custom)
2024-03-20 21:08:41,492 [scmNode-1-EventQueue-OpenPipelineForHealthyPipelineSafeModeRule] INFO  safemode.SCMSafeModeManager (HealthyPipelineSafeModeRule.java:process(140)) - SCM in safe mode. Healthy pipelines reported count is 0, required healthy pipeline reported count is 1
2024-03-20 21:08:41,492 [be2411e5-a42d-476f-b25b-d7f87790d2c1@group-8B04330EF271-StateMachineUpdater] INFO  safemode.HealthyPipelineSafeModeRule (HealthyPipelineSafeModeRule.java:initializeRule(172)) - Refreshed total pipeline count is 0, healthy pipeline threshold count is 1
2024-03-20 21:08:41,492 [bf0d52d7-dce2-4f08-b148-c0add6164c5c-groupManagement] INFO  server.RaftServerConfigKeys (ConfUtils.java:logGet(46)) - raft.server.rpc.timeout.max = 5200ms (custom)
2024-03-20 21:08:41,492 [bf0d52d7-dce2-4f08-b148-c0add6164c5c-groupManagement] INFO  server.RaftServerConfigKeys (ConfUtils.java:logGet(46)) - raft.server.rpc.sleep.time = 25ms (default)
2024-03-20 21:08:41,493 [bf0d52d7-dce2-4f08-b148-c0add6164c5c-groupManagement] INFO  server.RaftServerConfigKeys (ConfUtils.java:logGet(46)) - raft.server.rpc.slowness.timeout = 300s (custom)
2024-03-20 21:08:41,493 [bf0d52d7-dce2-4f08-b148-c0add6164c5c-groupManagement] INFO  server.RaftServerConfigKeys (ConfUtils.java:logGet(46)) - raft.server.leaderelection.leader.step-down.wait-time = 10s (default)
2024-03-20 21:08:41,493 [bf0d52d7-dce2-4f08-b148-c0add6164c5c-groupManagement] INFO  server.RaftServerConfigKeys (ConfUtils.java:logGet(46)) - raft.server.leaderelection.member.majority-add = false (default)
2024-03-20 21:08:41,493 [bf0d52d7-dce2-4f08-b148-c0add6164c5c-groupManagement] INFO  server.RaftServerConfigKeys (ConfUtils.java:logGet(46)) - raft.server.sleep.deviation.threshold = 300ms (default)
2024-03-20 21:08:41,493 [bf0d52d7-dce2-4f08-b148-c0add6164c5c-groupManagement] INFO  server.RaftServer$Division (ServerState.java:<init>(113)) - bf0d52d7-dce2-4f08-b148-c0add6164c5c@group-6AECEB9247EF: ConfigurationManager, init=-1: peers:[98cad3d9-1aaa-47a5-be17-9665075729ab|10.1.0.34:15064, bf0d52d7-dce2-4f08-b148-c0add6164c5c|10.1.0.34:15046, dcffae99-659e-451a-8106-d35894ce685d|10.1.0.34:15055]|listeners:[], old=null, confs=<EMPTY_MAP>
2024-03-20 21:08:41,493 [bf0d52d7-dce2-4f08-b148-c0add6164c5c-groupManagement] INFO  server.RaftServerConfigKeys (ConfUtils.java:logGet(46)) - raft.server.notification.no-leader.timeout = 300s (custom)
2024-03-20 21:08:41,493 [bf0d52d7-dce2-4f08-b148-c0add6164c5c-groupManagement] INFO  server.RaftServerConfigKeys (ConfUtils.java:logGet(46)) - raft.server.read.timeout = 10s (default)
2024-03-20 21:08:41,493 [bf0d52d7-dce2-4f08-b148-c0add6164c5c-groupManagement] INFO  server.RaftServerConfigKeys (ConfUtils.java:logGet(46)) - raft.server.retrycache.expirytime = 600000ms (custom)
2024-03-20 21:08:41,493 [bf0d52d7-dce2-4f08-b148-c0add6164c5c-groupManagement] INFO  server.RaftServerConfigKeys (ConfUtils.java:logGet(46)) - raft.server.retrycache.statistics.expirytime = 100ms (default)
2024-03-20 21:08:41,493 [bf0d52d7-dce2-4f08-b148-c0add6164c5c-groupManagement] INFO  server.RaftServerConfigKeys (ConfUtils.java:logGet(46)) - raft.server.read.option = DEFAULT (default)
2024-03-20 21:08:41,493 [bf0d52d7-dce2-4f08-b148-c0add6164c5c-groupManagement] INFO  server.RaftServerConfigKeys (ConfUtils.java:logGet(46)) - raft.server.read.read-after-write-consistent.write-index-cache.expiry-time = 60s (default)
2024-03-20 21:08:41,494 [b12aa423-edbe-43b9-9e95-c7a538dfc443@group-8B04330EF271-StateMachineUpdater] INFO  safemode.HealthyPipelineSafeModeRule (HealthyPipelineSafeModeRule.java:initializeRule(172)) - Refreshed total pipeline count is 0, healthy pipeline threshold count is 1
2024-03-20 21:08:41,502 [bf0d52d7-dce2-4f08-b148-c0add6164c5c-groupManagement] INFO  server.RaftServerConfigKeys (ConfUtils.java:logGet(46)) - raft.server.rpc.request.timeout = 60s (custom)
2024-03-20 21:08:41,502 [bf0d52d7-dce2-4f08-b148-c0add6164c5c-groupManagement] INFO  server.RaftServerConfigKeys (ConfUtils.java:logGet(46)) - raft.server.log.appender.install.snapshot.enabled = false (custom)
2024-03-20 21:08:41,503 [bf0d52d7-dce2-4f08-b148-c0add6164c5c-groupManagement] INFO  server.RaftServerConfigKeys (ConfUtils.java:logGet(46)) - raft.server.threadpool.server.cached = true (default)
2024-03-20 21:08:41,503 [bf0d52d7-dce2-4f08-b148-c0add6164c5c-groupManagement] INFO  server.RaftServerConfigKeys (ConfUtils.java:logGet(46)) - raft.server.threadpool.server.size = 0 (default)
2024-03-20 21:08:41,503 [bf0d52d7-dce2-4f08-b148-c0add6164c5c-groupManagement] INFO  server.RaftServerConfigKeys (ConfUtils.java:logGet(46)) - raft.server.threadpool.client.cached = true (default)
2024-03-20 21:08:41,503 [bf0d52d7-dce2-4f08-b148-c0add6164c5c-groupManagement] INFO  server.RaftServerConfigKeys (ConfUtils.java:logGet(46)) - raft.server.threadpool.client.size = 0 (default)
2024-03-20 21:08:41,503 [bf0d52d7-dce2-4f08-b148-c0add6164c5c-groupManagement] INFO  server.RaftServerConfigKeys (ConfUtils.java:logGet(46)) - raft.server.storage.free-space.min = 0MB (=0) (default)
2024-03-20 21:08:41,503 [bf0d52d7-dce2-4f08-b148-c0add6164c5c-groupManagement] INFO  server.RaftServerConfigKeys (ConfUtils.java:logGet(46)) - raft.server.log.corruption.policy = EXCEPTION (default)
2024-03-20 21:08:41,503 [bf0d52d7-dce2-4f08-b148-c0add6164c5c-groupManagement] INFO  server.RaftServerConfigKeys (ConfUtils.java:logGet(46)) - raft.server.storage.dir = [/home/runner/work/ozone/ozone/hadoop-ozone/integration-test/target/test-dir/MiniOzoneClusterImpl-bb4c8f07-45f9-422c-bd0c-8b04330ef271/ozone-meta/datanode-1/ratis] (custom)
2024-03-20 21:08:41,504 [bf0d52d7-dce2-4f08-b148-c0add6164c5c-groupManagement] INFO  storage.RaftStorageDirectory (RaftStorageDirectoryImpl.java:analyzeStorage(138)) - The storage directory /home/runner/work/ozone/ozone/hadoop-ozone/integration-test/target/test-dir/MiniOzoneClusterImpl-bb4c8f07-45f9-422c-bd0c-8b04330ef271/ozone-meta/datanode-1/ratis/e99019a7-6291-4484-a6e6-6aeceb9247ef does not exist. Creating ...
2024-03-20 21:08:41,505 [bf0d52d7-dce2-4f08-b148-c0add6164c5c-groupManagement] INFO  storage.RaftStorageDirectory (RaftStorageDirectoryImpl.java:tryLock(228)) - Lock on /home/runner/work/ozone/ozone/hadoop-ozone/integration-test/target/test-dir/MiniOzoneClusterImpl-bb4c8f07-45f9-422c-bd0c-8b04330ef271/ozone-meta/datanode-1/ratis/e99019a7-6291-4484-a6e6-6aeceb9247ef/in_use.lock acquired by nodename 54244@fv-az1053-74
2024-03-20 21:08:41,507 [bf0d52d7-dce2-4f08-b148-c0add6164c5c-groupManagement] INFO  storage.RaftStorage (RaftStorageImpl.java:format(99)) - Storage directory /home/runner/work/ozone/ozone/hadoop-ozone/integration-test/target/test-dir/MiniOzoneClusterImpl-bb4c8f07-45f9-422c-bd0c-8b04330ef271/ozone-meta/datanode-1/ratis/e99019a7-6291-4484-a6e6-6aeceb9247ef has been successfully formatted.
2024-03-20 21:08:41,507 [bf0d52d7-dce2-4f08-b148-c0add6164c5c-groupManagement] WARN  util.FileUtils (LogUtils.java:supplyAndLog(63)) - Failed to Files.newInputStream /home/runner/work/ozone/ozone/hadoop-ozone/integration-test/target/test-dir/MiniOzoneClusterImpl-bb4c8f07-45f9-422c-bd0c-8b04330ef271/ozone-meta/datanode-1/ratis/e99019a7-6291-4484-a6e6-6aeceb9247ef/current/raft-meta.conf with options []: java.nio.file.NoSuchFileException: /home/runner/work/ozone/ozone/hadoop-ozone/integration-test/target/test-dir/MiniOzoneClusterImpl-bb4c8f07-45f9-422c-bd0c-8b04330ef271/ozone-meta/datanode-1/ratis/e99019a7-6291-4484-a6e6-6aeceb9247ef/current/raft-meta.conf
2024-03-20 21:08:41,507 [bf0d52d7-dce2-4f08-b148-c0add6164c5c-groupManagement] INFO  ratis.ContainerStateMachine (ContainerStateMachine.java:loadSnapshot(287)) - group-6AECEB9247EF: The snapshot info is null. Setting the last applied index to:(t:0, i:~)
2024-03-20 21:08:41,507 [bf0d52d7-dce2-4f08-b148-c0add6164c5c-groupManagement] INFO  server.RaftServerConfigKeys (ConfUtils.java:logGet(46)) - raft.server.log.use.memory = false (default)
2024-03-20 21:08:41,508 [bf0d52d7-dce2-4f08-b148-c0add6164c5c-groupManagement] INFO  server.RaftServerConfigKeys (ConfUtils.java:logGet(46)) - raft.server.log.purge.gap = 1000000 (custom)
2024-03-20 21:08:41,508 [bf0d52d7-dce2-4f08-b148-c0add6164c5c-groupManagement] INFO  server.RaftServerConfigKeys (ConfUtils.java:logGet(46)) - raft.server.log.appender.buffer.byte-limit = 8388608 (custom)
2024-03-20 21:08:41,508 [bf0d52d7-dce2-4f08-b148-c0add6164c5c-groupManagement] INFO  server.RaftServerConfigKeys (ConfUtils.java:logGet(46)) - raft.server.log.statemachine.data.read.timeout = 1000ms (default)
2024-03-20 21:08:41,508 [bf0d52d7-dce2-4f08-b148-c0add6164c5c-groupManagement] INFO  server.RaftServerConfigKeys (ConfUtils.java:logGet(46)) - raft.server.log.purge.preservation.log.num = 0 (default)
2024-03-20 21:08:41,510 [bf0d52d7-dce2-4f08-b148-c0add6164c5c-groupManagement] INFO  server.RaftServerConfigKeys (ConfUtils.java:logGet(46)) - raft.server.log.segment.size.max = 67108864 (custom)
2024-03-20 21:08:41,511 [bf0d52d7-dce2-4f08-b148-c0add6164c5c-groupManagement] INFO  server.RaftServerConfigKeys (ConfUtils.java:logGet(46)) - raft.server.log.segment.cache.num.max = 2 (custom)
2024-03-20 21:08:41,511 [bf0d52d7-dce2-4f08-b148-c0add6164c5c-groupManagement] INFO  server.RaftServerConfigKeys (ConfUtils.java:logGet(46)) - raft.server.log.segment.cache.size.max = 200MB (=209715200) (default)
2024-03-20 21:08:41,511 [bf0d52d7-dce2-4f08-b148-c0add6164c5c-groupManagement] INFO  server.RaftServerConfigKeys (ConfUtils.java:logGet(46)) - raft.server.log.appender.buffer.byte-limit = 8388608 (custom)
2024-03-20 21:08:41,516 [scmNode-2-EventQueue-OpenPipelineForHealthyPipelineSafeModeRule] INFO  safemode.SCMSafeModeManager (HealthyPipelineSafeModeRule.java:process(140)) - SCM in safe mode. Healthy pipelines reported count is 0, required healthy pipeline reported count is 1
2024-03-20 21:08:41,516 [bf0d52d7-dce2-4f08-b148-c0add6164c5c-groupManagement] INFO  util.AwaitToRun (AwaitToRun.java:start(81)) - Thread[bf0d52d7-dce2-4f08-b148-c0add6164c5c@group-6AECEB9247EF-cacheEviction-AwaitToRun,5,main] started
2024-03-20 21:08:41,516 [scmNode-1-EventQueue-OpenPipelineForHealthyPipelineSafeModeRule] INFO  safemode.SCMSafeModeManager (HealthyPipelineSafeModeRule.java:process(140)) - SCM in safe mode. Healthy pipelines reported count is 0, required healthy pipeline reported count is 1
2024-03-20 21:08:41,516 [bf0d52d7-dce2-4f08-b148-c0add6164c5c-groupManagement] INFO  segmented.SegmentedRaftLogWorker (SegmentedRaftLogWorker.java:<init>(182)) - new bf0d52d7-dce2-4f08-b148-c0add6164c5c@group-6AECEB9247EF-SegmentedRaftLogWorker for RaftStorageImpl:Storage Directory /home/runner/work/ozone/ozone/hadoop-ozone/integration-test/target/test-dir/MiniOzoneClusterImpl-bb4c8f07-45f9-422c-bd0c-8b04330ef271/ozone-meta/datanode-1/ratis/e99019a7-6291-4484-a6e6-6aeceb9247ef
2024-03-20 21:08:41,517 [bf0d52d7-dce2-4f08-b148-c0add6164c5c-groupManagement] INFO  server.RaftServerConfigKeys (ConfUtils.java:logGet(46)) - raft.server.log.queue.byte-limit = 4294967296 (custom)
2024-03-20 21:08:41,517 [bf0d52d7-dce2-4f08-b148-c0add6164c5c-groupManagement] INFO  server.RaftServerConfigKeys (ConfUtils.java:logGet(46)) - raft.server.log.queue.element-limit = 1024 (custom)
2024-03-20 21:08:41,517 [bf0d52d7-dce2-4f08-b148-c0add6164c5c-groupManagement] INFO  server.RaftServerConfigKeys (ConfUtils.java:logGet(46)) - raft.server.log.segment.size.max = 67108864 (custom)
2024-03-20 21:08:41,517 [bf0d52d7-dce2-4f08-b148-c0add6164c5c-groupManagement] INFO  server.RaftServerConfigKeys (ConfUtils.java:logGet(46)) - raft.server.log.preallocated.size = 4194304 (custom)
2024-03-20 21:08:41,517 [bf0d52d7-dce2-4f08-b148-c0add6164c5c-groupManagement] INFO  server.RaftServerConfigKeys (ConfUtils.java:logGet(46)) - raft.server.log.force.sync.num = 128 (default)
2024-03-20 21:08:41,517 [bf0d52d7-dce2-4f08-b148-c0add6164c5c-groupManagement] INFO  server.RaftServerConfigKeys (ConfUtils.java:logGet(46)) - raft.server.log.statemachine.data.sync = true (default)
2024-03-20 21:08:41,517 [bf0d52d7-dce2-4f08-b148-c0add6164c5c-groupManagement] INFO  server.RaftServerConfigKeys (ConfUtils.java:logGet(46)) - raft.server.log.statemachine.data.sync.timeout = 10s (default)
2024-03-20 21:08:41,518 [bf0d52d7-dce2-4f08-b148-c0add6164c5c-groupManagement] INFO  server.RaftServerConfigKeys (ConfUtils.java:logGet(46)) - raft.server.log.statemachine.data.sync.timeout.retry = 0 (custom)
2024-03-20 21:08:41,518 [bf0d52d7-dce2-4f08-b148-c0add6164c5c-groupManagement] INFO  server.RaftServerConfigKeys (ConfUtils.java:logGet(46)) - raft.server.log.write.buffer.size = 8388616 (custom)
2024-03-20 21:08:41,519 [bf0d52d7-dce2-4f08-b148-c0add6164c5c-groupManagement] INFO  server.RaftServerConfigKeys (ConfUtils.java:logGet(46)) - raft.server.log.appender.buffer.byte-limit = 8388608 (custom)
2024-03-20 21:08:41,519 [bf0d52d7-dce2-4f08-b148-c0add6164c5c-groupManagement] INFO  server.RaftServerConfigKeys (ConfUtils.java:logGet(46)) - raft.server.log.unsafe-flush.enabled = false (default)
2024-03-20 21:08:41,520 [bf0d52d7-dce2-4f08-b148-c0add6164c5c-groupManagement] INFO  server.RaftServerConfigKeys (ConfUtils.java:logGet(46)) - raft.server.log.async-flush.enabled = false (default)
2024-03-20 21:08:41,520 [bf0d52d7-dce2-4f08-b148-c0add6164c5c-groupManagement] INFO  server.RaftServerConfigKeys (ConfUtils.java:logGet(46)) - raft.server.log.statemachine.data.caching.enabled = true (custom)
2024-03-20 21:08:41,520 [bf0d52d7-dce2-4f08-b148-c0add6164c5c-groupManagement] INFO  segmented.SegmentedRaftLogWorker (SegmentedRaftLogWorker.java:lambda$new$0(134)) - bf0d52d7-dce2-4f08-b148-c0add6164c5c@group-6AECEB9247EF-SegmentedRaftLogWorker: flushIndex: setUnconditionally 0 -> -1
2024-03-20 21:08:41,520 [bf0d52d7-dce2-4f08-b148-c0add6164c5c-groupManagement] INFO  segmented.SegmentedRaftLogWorker (SegmentedRaftLogWorker.java:lambda$new$0(134)) - bf0d52d7-dce2-4f08-b148-c0add6164c5c@group-6AECEB9247EF-SegmentedRaftLogWorker: safeCacheEvictIndex: setUnconditionally 0 -> -1
2024-03-20 21:08:41,520 [scmNode-3-EventQueue-OpenPipelineForHealthyPipelineSafeModeRule] INFO  safemode.SCMSafeModeManager (HealthyPipelineSafeModeRule.java:process(140)) - SCM in safe mode. Healthy pipelines reported count is 0, required healthy pipeline reported count is 1
2024-03-20 21:08:41,520 [bf0d52d7-dce2-4f08-b148-c0add6164c5c-groupManagement] INFO  server.RaftServer$Division (RaftServerImpl.java:start(396)) - bf0d52d7-dce2-4f08-b148-c0add6164c5c@group-6AECEB9247EF: start as a follower, conf=-1: peers:[98cad3d9-1aaa-47a5-be17-9665075729ab|10.1.0.34:15064, bf0d52d7-dce2-4f08-b148-c0add6164c5c|10.1.0.34:15046, dcffae99-659e-451a-8106-d35894ce685d|10.1.0.34:15055]|listeners:[], old=null
2024-03-20 21:08:41,521 [bf0d52d7-dce2-4f08-b148-c0add6164c5c-groupManagement] INFO  server.RaftServer$Division (RaftServerImpl.java:setRole(383)) - bf0d52d7-dce2-4f08-b148-c0add6164c5c@group-6AECEB9247EF: changes role from      null to FOLLOWER at term 0 for startAsFollower
2024-03-20 21:08:41,521 [bf0d52d7-dce2-4f08-b148-c0add6164c5c-groupManagement] INFO  impl.RoleInfo (RoleInfo.java:updateAndGet(139)) - bf0d52d7-dce2-4f08-b148-c0add6164c5c: start bf0d52d7-dce2-4f08-b148-c0add6164c5c@group-6AECEB9247EF-FollowerState
2024-03-20 21:08:41,521 [bf0d52d7-dce2-4f08-b148-c0add6164c5c@group-6AECEB9247EF-FollowerState] INFO  server.RaftServerConfigKeys (ConfUtils.java:logFallback(53)) - raft.server.rpc.first-election.timeout.min = 5s (fallback to raft.server.rpc.timeout.min)
2024-03-20 21:08:41,521 [bf0d52d7-dce2-4f08-b148-c0add6164c5c@group-6AECEB9247EF-FollowerState] INFO  server.RaftServerConfigKeys (ConfUtils.java:logFallback(53)) - raft.server.rpc.first-election.timeout.max = 5200ms (fallback to raft.server.rpc.timeout.max)
2024-03-20 21:08:41,521 [bf0d52d7-dce2-4f08-b148-c0add6164c5c-groupManagement] INFO  util.JmxRegister (JmxRegister.java:tryRegister(44)) - Successfully registered JMX Bean with object name Ratis:service=RaftServer,group=group-6AECEB9247EF,id=bf0d52d7-dce2-4f08-b148-c0add6164c5c
2024-03-20 21:08:41,521 [bf0d52d7-dce2-4f08-b148-c0add6164c5c-groupManagement] INFO  server.RaftServerConfigKeys (ConfUtils.java:logGet(46)) - raft.server.snapshot.trigger-when-stop.enabled = true (default)
2024-03-20 21:08:41,521 [bf0d52d7-dce2-4f08-b148-c0add6164c5c-groupManagement] INFO  server.RaftServerConfigKeys (ConfUtils.java:logGet(46)) - raft.server.snapshot.auto.trigger.enabled = true (custom)
2024-03-20 21:08:41,521 [bf0d52d7-dce2-4f08-b148-c0add6164c5c-groupManagement] INFO  server.RaftServerConfigKeys (ConfUtils.java:logGet(46)) - raft.server.snapshot.auto.trigger.threshold = 10000 (custom)
2024-03-20 21:08:41,521 [bf0d52d7-dce2-4f08-b148-c0add6164c5c-groupManagement] INFO  server.RaftServerConfigKeys (ConfUtils.java:logGet(46)) - raft.server.snapshot.retention.file.num = 5 (custom)
2024-03-20 21:08:41,521 [bf0d52d7-dce2-4f08-b148-c0add6164c5c-groupManagement] INFO  server.RaftServerConfigKeys (ConfUtils.java:logGet(46)) - raft.server.log.purge.upto.snapshot.index = false (default)
2024-03-20 21:08:41,522 [bf0d52d7-dce2-4f08-b148-c0add6164c5c-PipelineCommandHandlerThread-0] INFO  ratis.XceiverServerRatis (XceiverServerRatis.java:addGroup(864)) - Created group PipelineID=e99019a7-6291-4484-a6e6-6aeceb9247ef
2024-03-20 21:08:41,553 [grpc-default-executor-2] INFO  server.RaftServer (RaftServerProxy.java:addNew(100)) - 98cad3d9-1aaa-47a5-be17-9665075729ab: addNew group-6AECEB9247EF:[98cad3d9-1aaa-47a5-be17-9665075729ab|10.1.0.34:15064, bf0d52d7-dce2-4f08-b148-c0add6164c5c|10.1.0.34:15046, dcffae99-659e-451a-8106-d35894ce685d|10.1.0.34:15055] returns group-6AECEB9247EF:java.util.concurrent.CompletableFuture@2c16c72[Not completed]
2024-03-20 21:08:41,554 [98cad3d9-1aaa-47a5-be17-9665075729ab-groupManagement] INFO  server.RaftServer$Division (RaftServerImpl.java:<init>(256)) - 98cad3d9-1aaa-47a5-be17-9665075729ab: new RaftServerImpl for group-6AECEB9247EF:[98cad3d9-1aaa-47a5-be17-9665075729ab|10.1.0.34:15064, bf0d52d7-dce2-4f08-b148-c0add6164c5c|10.1.0.34:15046, dcffae99-659e-451a-8106-d35894ce685d|10.1.0.34:15055] with ContainerStateMachine:uninitialized
2024-03-20 21:08:41,554 [98cad3d9-1aaa-47a5-be17-9665075729ab-groupManagement] INFO  server.RaftServerConfigKeys (ConfUtils.java:logGet(46)) - raft.server.rpc.timeout.min = 5s (custom)
2024-03-20 21:08:41,554 [98cad3d9-1aaa-47a5-be17-9665075729ab-groupManagement] INFO  server.RaftServerConfigKeys (ConfUtils.java:logGet(46)) - raft.server.rpc.timeout.max = 5200ms (custom)
2024-03-20 21:08:41,555 [98cad3d9-1aaa-47a5-be17-9665075729ab-groupManagement] INFO  server.RaftServerConfigKeys (ConfUtils.java:logGet(46)) - raft.server.rpc.sleep.time = 25ms (default)
2024-03-20 21:08:41,555 [98cad3d9-1aaa-47a5-be17-9665075729ab-groupManagement] INFO  server.RaftServerConfigKeys (ConfUtils.java:logGet(46)) - raft.server.rpc.slowness.timeout = 300s (custom)
2024-03-20 21:08:41,555 [98cad3d9-1aaa-47a5-be17-9665075729ab-groupManagement] INFO  server.RaftServerConfigKeys (ConfUtils.java:logGet(46)) - raft.server.leaderelection.leader.step-down.wait-time = 10s (default)
2024-03-20 21:08:41,555 [98cad3d9-1aaa-47a5-be17-9665075729ab-groupManagement] INFO  server.RaftServerConfigKeys (ConfUtils.java:logGet(46)) - raft.server.leaderelection.member.majority-add = false (default)
2024-03-20 21:08:41,555 [98cad3d9-1aaa-47a5-be17-9665075729ab-groupManagement] INFO  server.RaftServerConfigKeys (ConfUtils.java:logGet(46)) - raft.server.sleep.deviation.threshold = 300ms (default)
2024-03-20 21:08:41,555 [98cad3d9-1aaa-47a5-be17-9665075729ab-groupManagement] INFO  server.RaftServer$Division (ServerState.java:<init>(113)) - 98cad3d9-1aaa-47a5-be17-9665075729ab@group-6AECEB9247EF: ConfigurationManager, init=-1: peers:[98cad3d9-1aaa-47a5-be17-9665075729ab|10.1.0.34:15064, bf0d52d7-dce2-4f08-b148-c0add6164c5c|10.1.0.34:15046, dcffae99-659e-451a-8106-d35894ce685d|10.1.0.34:15055]|listeners:[], old=null, confs=<EMPTY_MAP>
2024-03-20 21:08:41,555 [98cad3d9-1aaa-47a5-be17-9665075729ab-groupManagement] INFO  server.RaftServerConfigKeys (ConfUtils.java:logGet(46)) - raft.server.notification.no-leader.timeout = 300s (custom)
2024-03-20 21:08:41,555 [98cad3d9-1aaa-47a5-be17-9665075729ab-groupManagement] INFO  server.RaftServerConfigKeys (ConfUtils.java:logGet(46)) - raft.server.read.timeout = 10s (default)
2024-03-20 21:08:41,555 [98cad3d9-1aaa-47a5-be17-9665075729ab-groupManagement] INFO  server.RaftServerConfigKeys (ConfUtils.java:logGet(46)) - raft.server.retrycache.expirytime = 600000ms (custom)
2024-03-20 21:08:41,556 [98cad3d9-1aaa-47a5-be17-9665075729ab-groupManagement] INFO  server.RaftServerConfigKeys (ConfUtils.java:logGet(46)) - raft.server.retrycache.statistics.expirytime = 100ms (default)
2024-03-20 21:08:41,556 [98cad3d9-1aaa-47a5-be17-9665075729ab-groupManagement] INFO  server.RaftServerConfigKeys (ConfUtils.java:logGet(46)) - raft.server.read.option = DEFAULT (default)
2024-03-20 21:08:41,556 [98cad3d9-1aaa-47a5-be17-9665075729ab-groupManagement] INFO  server.RaftServerConfigKeys (ConfUtils.java:logGet(46)) - raft.server.read.read-after-write-consistent.write-index-cache.expiry-time = 60s (default)
2024-03-20 21:08:41,559 [98cad3d9-1aaa-47a5-be17-9665075729ab-groupManagement] INFO  server.RaftServerConfigKeys (ConfUtils.java:logGet(46)) - raft.server.rpc.request.timeout = 60s (custom)
2024-03-20 21:08:41,559 [98cad3d9-1aaa-47a5-be17-9665075729ab-groupManagement] INFO  server.RaftServerConfigKeys (ConfUtils.java:logGet(46)) - raft.server.log.appender.install.snapshot.enabled = false (custom)
2024-03-20 21:08:41,559 [98cad3d9-1aaa-47a5-be17-9665075729ab-groupManagement] INFO  server.RaftServerConfigKeys (ConfUtils.java:logGet(46)) - raft.server.threadpool.server.cached = true (default)
2024-03-20 21:08:41,559 [98cad3d9-1aaa-47a5-be17-9665075729ab-groupManagement] INFO  server.RaftServerConfigKeys (ConfUtils.java:logGet(46)) - raft.server.threadpool.server.size = 0 (default)
2024-03-20 21:08:41,560 [98cad3d9-1aaa-47a5-be17-9665075729ab-groupManagement] INFO  server.RaftServerConfigKeys (ConfUtils.java:logGet(46)) - raft.server.threadpool.client.cached = true (default)
2024-03-20 21:08:41,560 [98cad3d9-1aaa-47a5-be17-9665075729ab-groupManagement] INFO  server.RaftServerConfigKeys (ConfUtils.java:logGet(46)) - raft.server.threadpool.client.size = 0 (default)
2024-03-20 21:08:41,560 [98cad3d9-1aaa-47a5-be17-9665075729ab-groupManagement] INFO  server.RaftServerConfigKeys (ConfUtils.java:logGet(46)) - raft.server.storage.free-space.min = 0MB (=0) (default)
2024-03-20 21:08:41,560 [98cad3d9-1aaa-47a5-be17-9665075729ab-groupManagement] INFO  server.RaftServerConfigKeys (ConfUtils.java:logGet(46)) - raft.server.log.corruption.policy = EXCEPTION (default)
2024-03-20 21:08:41,560 [98cad3d9-1aaa-47a5-be17-9665075729ab-groupManagement] INFO  server.RaftServerConfigKeys (ConfUtils.java:logGet(46)) - raft.server.storage.dir = [/home/runner/work/ozone/ozone/hadoop-ozone/integration-test/target/test-dir/MiniOzoneClusterImpl-bb4c8f07-45f9-422c-bd0c-8b04330ef271/ozone-meta/datanode-3/ratis] (custom)
2024-03-20 21:08:41,560 [98cad3d9-1aaa-47a5-be17-9665075729ab-groupManagement] INFO  storage.RaftStorageDirectory (RaftStorageDirectoryImpl.java:analyzeStorage(138)) - The storage directory /home/runner/work/ozone/ozone/hadoop-ozone/integration-test/target/test-dir/MiniOzoneClusterImpl-bb4c8f07-45f9-422c-bd0c-8b04330ef271/ozone-meta/datanode-3/ratis/e99019a7-6291-4484-a6e6-6aeceb9247ef does not exist. Creating ...
2024-03-20 21:08:41,561 [98cad3d9-1aaa-47a5-be17-9665075729ab-groupManagement] INFO  storage.RaftStorageDirectory (RaftStorageDirectoryImpl.java:tryLock(228)) - Lock on /home/runner/work/ozone/ozone/hadoop-ozone/integration-test/target/test-dir/MiniOzoneClusterImpl-bb4c8f07-45f9-422c-bd0c-8b04330ef271/ozone-meta/datanode-3/ratis/e99019a7-6291-4484-a6e6-6aeceb9247ef/in_use.lock acquired by nodename 54244@fv-az1053-74
2024-03-20 21:08:41,562 [98cad3d9-1aaa-47a5-be17-9665075729ab-groupManagement] INFO  storage.RaftStorage (RaftStorageImpl.java:format(99)) - Storage directory /home/runner/work/ozone/ozone/hadoop-ozone/integration-test/target/test-dir/MiniOzoneClusterImpl-bb4c8f07-45f9-422c-bd0c-8b04330ef271/ozone-meta/datanode-3/ratis/e99019a7-6291-4484-a6e6-6aeceb9247ef has been successfully formatted.
2024-03-20 21:08:41,563 [98cad3d9-1aaa-47a5-be17-9665075729ab-groupManagement] WARN  util.FileUtils (LogUtils.java:supplyAndLog(63)) - Failed to Files.newInputStream /home/runner/work/ozone/ozone/hadoop-ozone/integration-test/target/test-dir/MiniOzoneClusterImpl-bb4c8f07-45f9-422c-bd0c-8b04330ef271/ozone-meta/datanode-3/ratis/e99019a7-6291-4484-a6e6-6aeceb9247ef/current/raft-meta.conf with options []: java.nio.file.NoSuchFileException: /home/runner/work/ozone/ozone/hadoop-ozone/integration-test/target/test-dir/MiniOzoneClusterImpl-bb4c8f07-45f9-422c-bd0c-8b04330ef271/ozone-meta/datanode-3/ratis/e99019a7-6291-4484-a6e6-6aeceb9247ef/current/raft-meta.conf
2024-03-20 21:08:41,563 [98cad3d9-1aaa-47a5-be17-9665075729ab-groupManagement] INFO  ratis.ContainerStateMachine (ContainerStateMachine.java:loadSnapshot(287)) - group-6AECEB9247EF: The snapshot info is null. Setting the last applied index to:(t:0, i:~)
2024-03-20 21:08:41,563 [98cad3d9-1aaa-47a5-be17-9665075729ab-groupManagement] INFO  server.RaftServerConfigKeys (ConfUtils.java:logGet(46)) - raft.server.log.use.memory = false (default)
2024-03-20 21:08:41,563 [98cad3d9-1aaa-47a5-be17-9665075729ab-groupManagement] INFO  server.RaftServerConfigKeys (ConfUtils.java:logGet(46)) - raft.server.log.purge.gap = 1000000 (custom)
2024-03-20 21:08:41,563 [98cad3d9-1aaa-47a5-be17-9665075729ab-groupManagement] INFO  server.RaftServerConfigKeys (ConfUtils.java:logGet(46)) - raft.server.log.appender.buffer.byte-limit = 8388608 (custom)
2024-03-20 21:08:41,563 [98cad3d9-1aaa-47a5-be17-9665075729ab-groupManagement] INFO  server.RaftServerConfigKeys (ConfUtils.java:logGet(46)) - raft.server.log.statemachine.data.read.timeout = 1000ms (default)
2024-03-20 21:08:41,563 [98cad3d9-1aaa-47a5-be17-9665075729ab-groupManagement] INFO  server.RaftServerConfigKeys (ConfUtils.java:logGet(46)) - raft.server.log.purge.preservation.log.num = 0 (default)
2024-03-20 21:08:41,566 [98cad3d9-1aaa-47a5-be17-9665075729ab-groupManagement] INFO  server.RaftServerConfigKeys (ConfUtils.java:logGet(46)) - raft.server.log.segment.size.max = 67108864 (custom)
2024-03-20 21:08:41,566 [98cad3d9-1aaa-47a5-be17-9665075729ab-groupManagement] INFO  server.RaftServerConfigKeys (ConfUtils.java:logGet(46)) - raft.server.log.segment.cache.num.max = 2 (custom)
2024-03-20 21:08:41,566 [98cad3d9-1aaa-47a5-be17-9665075729ab-groupManagement] INFO  server.RaftServerConfigKeys (ConfUtils.java:logGet(46)) - raft.server.log.segment.cache.size.max = 200MB (=209715200) (default)
2024-03-20 21:08:41,566 [98cad3d9-1aaa-47a5-be17-9665075729ab-groupManagement] INFO  server.RaftServerConfigKeys (ConfUtils.java:logGet(46)) - raft.server.log.appender.buffer.byte-limit = 8388608 (custom)
2024-03-20 21:08:41,566 [98cad3d9-1aaa-47a5-be17-9665075729ab-groupManagement] INFO  util.AwaitToRun (AwaitToRun.java:start(81)) - Thread[98cad3d9-1aaa-47a5-be17-9665075729ab@group-6AECEB9247EF-cacheEviction-AwaitToRun,5,main] started
2024-03-20 21:08:41,566 [98cad3d9-1aaa-47a5-be17-9665075729ab-groupManagement] INFO  segmented.SegmentedRaftLogWorker (SegmentedRaftLogWorker.java:<init>(182)) - new 98cad3d9-1aaa-47a5-be17-9665075729ab@group-6AECEB9247EF-SegmentedRaftLogWorker for RaftStorageImpl:Storage Directory /home/runner/work/ozone/ozone/hadoop-ozone/integration-test/target/test-dir/MiniOzoneClusterImpl-bb4c8f07-45f9-422c-bd0c-8b04330ef271/ozone-meta/datanode-3/ratis/e99019a7-6291-4484-a6e6-6aeceb9247ef
2024-03-20 21:08:41,566 [98cad3d9-1aaa-47a5-be17-9665075729ab-groupManagement] INFO  server.RaftServerConfigKeys (ConfUtils.java:logGet(46)) - raft.server.log.queue.byte-limit = 4294967296 (custom)
2024-03-20 21:08:41,567 [98cad3d9-1aaa-47a5-be17-9665075729ab-groupManagement] INFO  server.RaftServerConfigKeys (ConfUtils.java:logGet(46)) - raft.server.log.queue.element-limit = 1024 (custom)
2024-03-20 21:08:41,567 [98cad3d9-1aaa-47a5-be17-9665075729ab-groupManagement] INFO  server.RaftServerConfigKeys (ConfUtils.java:logGet(46)) - raft.server.log.segment.size.max = 67108864 (custom)
2024-03-20 21:08:41,567 [98cad3d9-1aaa-47a5-be17-9665075729ab-groupManagement] INFO  server.RaftServerConfigKeys (ConfUtils.java:logGet(46)) - raft.server.log.preallocated.size = 4194304 (custom)
2024-03-20 21:08:41,567 [98cad3d9-1aaa-47a5-be17-9665075729ab-groupManagement] INFO  server.RaftServerConfigKeys (ConfUtils.java:logGet(46)) - raft.server.log.force.sync.num = 128 (default)
2024-03-20 21:08:41,567 [98cad3d9-1aaa-47a5-be17-9665075729ab-groupManagement] INFO  server.RaftServerConfigKeys (ConfUtils.java:logGet(46)) - raft.server.log.statemachine.data.sync = true (default)
2024-03-20 21:08:41,567 [98cad3d9-1aaa-47a5-be17-9665075729ab-groupManagement] INFO  server.RaftServerConfigKeys (ConfUtils.java:logGet(46)) - raft.server.log.statemachine.data.sync.timeout = 10s (default)
2024-03-20 21:08:41,567 [98cad3d9-1aaa-47a5-be17-9665075729ab-groupManagement] INFO  server.RaftServerConfigKeys (ConfUtils.java:logGet(46)) - raft.server.log.statemachine.data.sync.timeout.retry = 0 (custom)
2024-03-20 21:08:41,567 [98cad3d9-1aaa-47a5-be17-9665075729ab-groupManagement] INFO  server.RaftServerConfigKeys (ConfUtils.java:logGet(46)) - raft.server.log.write.buffer.size = 8388616 (custom)
2024-03-20 21:08:41,569 [98cad3d9-1aaa-47a5-be17-9665075729ab-groupManagement] INFO  server.RaftServerConfigKeys (ConfUtils.java:logGet(46)) - raft.server.log.appender.buffer.byte-limit = 8388608 (custom)
2024-03-20 21:08:41,569 [98cad3d9-1aaa-47a5-be17-9665075729ab-groupManagement] INFO  server.RaftServerConfigKeys (ConfUtils.java:logGet(46)) - raft.server.log.unsafe-flush.enabled = false (default)
2024-03-20 21:08:41,569 [98cad3d9-1aaa-47a5-be17-9665075729ab-groupManagement] INFO  server.RaftServerConfigKeys (ConfUtils.java:logGet(46)) - raft.server.log.async-flush.enabled = false (default)
2024-03-20 21:08:41,569 [98cad3d9-1aaa-47a5-be17-9665075729ab-groupManagement] INFO  server.RaftServerConfigKeys (ConfUtils.java:logGet(46)) - raft.server.log.statemachine.data.caching.enabled = true (custom)
2024-03-20 21:08:41,569 [98cad3d9-1aaa-47a5-be17-9665075729ab-groupManagement] INFO  segmented.SegmentedRaftLogWorker (SegmentedRaftLogWorker.java:lambda$new$0(134)) - 98cad3d9-1aaa-47a5-be17-9665075729ab@group-6AECEB9247EF-SegmentedRaftLogWorker: flushIndex: setUnconditionally 0 -> -1
2024-03-20 21:08:41,569 [98cad3d9-1aaa-47a5-be17-9665075729ab-groupManagement] INFO  segmented.SegmentedRaftLogWorker (SegmentedRaftLogWorker.java:lambda$new$0(134)) - 98cad3d9-1aaa-47a5-be17-9665075729ab@group-6AECEB9247EF-SegmentedRaftLogWorker: safeCacheEvictIndex: setUnconditionally 0 -> -1
2024-03-20 21:08:41,569 [98cad3d9-1aaa-47a5-be17-9665075729ab-groupManagement] INFO  server.RaftServer$Division (RaftServerImpl.java:start(396)) - 98cad3d9-1aaa-47a5-be17-9665075729ab@group-6AECEB9247EF: start as a follower, conf=-1: peers:[98cad3d9-1aaa-47a5-be17-9665075729ab|10.1.0.34:15064, bf0d52d7-dce2-4f08-b148-c0add6164c5c|10.1.0.34:15046, dcffae99-659e-451a-8106-d35894ce685d|10.1.0.34:15055]|listeners:[], old=null
2024-03-20 21:08:41,569 [98cad3d9-1aaa-47a5-be17-9665075729ab-groupManagement] INFO  server.RaftServer$Division (RaftServerImpl.java:setRole(383)) - 98cad3d9-1aaa-47a5-be17-9665075729ab@group-6AECEB9247EF: changes role from      null to FOLLOWER at term 0 for startAsFollower
2024-03-20 21:08:41,569 [98cad3d9-1aaa-47a5-be17-9665075729ab-groupManagement] INFO  impl.RoleInfo (RoleInfo.java:updateAndGet(139)) - 98cad3d9-1aaa-47a5-be17-9665075729ab: start 98cad3d9-1aaa-47a5-be17-9665075729ab@group-6AECEB9247EF-FollowerState
2024-03-20 21:08:41,570 [98cad3d9-1aaa-47a5-be17-9665075729ab@group-6AECEB9247EF-FollowerState] INFO  server.RaftServerConfigKeys (ConfUtils.java:logFallback(53)) - raft.server.rpc.first-election.timeout.min = 5s (fallback to raft.server.rpc.timeout.min)
2024-03-20 21:08:41,570 [98cad3d9-1aaa-47a5-be17-9665075729ab-groupManagement] INFO  util.JmxRegister (JmxRegister.java:tryRegister(44)) - Successfully registered JMX Bean with object name Ratis:service=RaftServer,group=group-6AECEB9247EF,id=98cad3d9-1aaa-47a5-be17-9665075729ab
2024-03-20 21:08:41,570 [98cad3d9-1aaa-47a5-be17-9665075729ab@group-6AECEB9247EF-FollowerState] INFO  server.RaftServerConfigKeys (ConfUtils.java:logFallback(53)) - raft.server.rpc.first-election.timeout.max = 5200ms (fallback to raft.server.rpc.timeout.max)
2024-03-20 21:08:41,570 [98cad3d9-1aaa-47a5-be17-9665075729ab-groupManagement] INFO  server.RaftServerConfigKeys (ConfUtils.java:logGet(46)) - raft.server.snapshot.trigger-when-stop.enabled = true (default)
2024-03-20 21:08:41,570 [98cad3d9-1aaa-47a5-be17-9665075729ab-groupManagement] INFO  server.RaftServerConfigKeys (ConfUtils.java:logGet(46)) - raft.server.snapshot.auto.trigger.enabled = true (custom)
2024-03-20 21:08:41,570 [98cad3d9-1aaa-47a5-be17-9665075729ab-groupManagement] INFO  server.RaftServerConfigKeys (ConfUtils.java:logGet(46)) - raft.server.snapshot.auto.trigger.threshold = 10000 (custom)
2024-03-20 21:08:41,570 [98cad3d9-1aaa-47a5-be17-9665075729ab-groupManagement] INFO  server.RaftServerConfigKeys (ConfUtils.java:logGet(46)) - raft.server.snapshot.retention.file.num = 5 (custom)
2024-03-20 21:08:41,570 [98cad3d9-1aaa-47a5-be17-9665075729ab-groupManagement] INFO  server.RaftServerConfigKeys (ConfUtils.java:logGet(46)) - raft.server.log.purge.upto.snapshot.index = false (default)
2024-03-20 21:08:41,604 [grpc-default-executor-2] INFO  server.RaftServer (RaftServerProxy.java:addNew(100)) - dcffae99-659e-451a-8106-d35894ce685d: addNew group-6AECEB9247EF:[98cad3d9-1aaa-47a5-be17-9665075729ab|10.1.0.34:15064, bf0d52d7-dce2-4f08-b148-c0add6164c5c|10.1.0.34:15046, dcffae99-659e-451a-8106-d35894ce685d|10.1.0.34:15055] returns group-6AECEB9247EF:java.util.concurrent.CompletableFuture@7887779[Not completed]
2024-03-20 21:08:41,605 [dcffae99-659e-451a-8106-d35894ce685d-groupManagement] INFO  server.RaftServer$Division (RaftServerImpl.java:<init>(256)) - dcffae99-659e-451a-8106-d35894ce685d: new RaftServerImpl for group-6AECEB9247EF:[98cad3d9-1aaa-47a5-be17-9665075729ab|10.1.0.34:15064, bf0d52d7-dce2-4f08-b148-c0add6164c5c|10.1.0.34:15046, dcffae99-659e-451a-8106-d35894ce685d|10.1.0.34:15055] with ContainerStateMachine:uninitialized
2024-03-20 21:08:41,605 [dcffae99-659e-451a-8106-d35894ce685d-groupManagement] INFO  server.RaftServerConfigKeys (ConfUtils.java:logGet(46)) - raft.server.rpc.timeout.min = 5s (custom)
2024-03-20 21:08:41,606 [dcffae99-659e-451a-8106-d35894ce685d-groupManagement] INFO  server.RaftServerConfigKeys (ConfUtils.java:logGet(46)) - raft.server.rpc.timeout.max = 5200ms (custom)
2024-03-20 21:08:41,606 [dcffae99-659e-451a-8106-d35894ce685d-groupManagement] INFO  server.RaftServerConfigKeys (ConfUtils.java:logGet(46)) - raft.server.rpc.sleep.time = 25ms (default)
2024-03-20 21:08:41,606 [dcffae99-659e-451a-8106-d35894ce685d-groupManagement] INFO  server.RaftServerConfigKeys (ConfUtils.java:logGet(46)) - raft.server.rpc.slowness.timeout = 300s (custom)
2024-03-20 21:08:41,606 [dcffae99-659e-451a-8106-d35894ce685d-groupManagement] INFO  server.RaftServerConfigKeys (ConfUtils.java:logGet(46)) - raft.server.leaderelection.leader.step-down.wait-time = 10s (default)
2024-03-20 21:08:41,606 [dcffae99-659e-451a-8106-d35894ce685d-groupManagement] INFO  server.RaftServerConfigKeys (ConfUtils.java:logGet(46)) - raft.server.leaderelection.member.majority-add = false (default)
2024-03-20 21:08:41,606 [dcffae99-659e-451a-8106-d35894ce685d-groupManagement] INFO  server.RaftServerConfigKeys (ConfUtils.java:logGet(46)) - raft.server.sleep.deviation.threshold = 300ms (default)
2024-03-20 21:08:41,606 [dcffae99-659e-451a-8106-d35894ce685d-groupManagement] INFO  server.RaftServer$Division (ServerState.java:<init>(113)) - dcffae99-659e-451a-8106-d35894ce685d@group-6AECEB9247EF: ConfigurationManager, init=-1: peers:[98cad3d9-1aaa-47a5-be17-9665075729ab|10.1.0.34:15064, bf0d52d7-dce2-4f08-b148-c0add6164c5c|10.1.0.34:15046, dcffae99-659e-451a-8106-d35894ce685d|10.1.0.34:15055]|listeners:[], old=null, confs=<EMPTY_MAP>
2024-03-20 21:08:41,606 [dcffae99-659e-451a-8106-d35894ce685d-groupManagement] INFO  server.RaftServerConfigKeys (ConfUtils.java:logGet(46)) - raft.server.notification.no-leader.timeout = 300s (custom)
2024-03-20 21:08:41,606 [dcffae99-659e-451a-8106-d35894ce685d-groupManagement] INFO  server.RaftServerConfigKeys (ConfUtils.java:logGet(46)) - raft.server.read.timeout = 10s (default)
2024-03-20 21:08:41,607 [dcffae99-659e-451a-8106-d35894ce685d-groupManagement] INFO  server.RaftServerConfigKeys (ConfUtils.java:logGet(46)) - raft.server.retrycache.expirytime = 600000ms (custom)
2024-03-20 21:08:41,607 [dcffae99-659e-451a-8106-d35894ce685d-groupManagement] INFO  server.RaftServerConfigKeys (ConfUtils.java:logGet(46)) - raft.server.retrycache.statistics.expirytime = 100ms (default)
2024-03-20 21:08:41,607 [dcffae99-659e-451a-8106-d35894ce685d-groupManagement] INFO  server.RaftServerConfigKeys (ConfUtils.java:logGet(46)) - raft.server.read.option = DEFAULT (default)
2024-03-20 21:08:41,607 [dcffae99-659e-451a-8106-d35894ce685d-groupManagement] INFO  server.RaftServerConfigKeys (ConfUtils.java:logGet(46)) - raft.server.read.read-after-write-consistent.write-index-cache.expiry-time = 60s (default)
2024-03-20 21:08:41,611 [dcffae99-659e-451a-8106-d35894ce685d-groupManagement] INFO  server.RaftServerConfigKeys (ConfUtils.java:logGet(46)) - raft.server.rpc.request.timeout = 60s (custom)
2024-03-20 21:08:41,611 [dcffae99-659e-451a-8106-d35894ce685d-groupManagement] INFO  server.RaftServerConfigKeys (ConfUtils.java:logGet(46)) - raft.server.log.appender.install.snapshot.enabled = false (custom)
2024-03-20 21:08:41,612 [dcffae99-659e-451a-8106-d35894ce685d-groupManagement] INFO  server.RaftServerConfigKeys (ConfUtils.java:logGet(46)) - raft.server.threadpool.server.cached = true (default)
2024-03-20 21:08:41,612 [dcffae99-659e-451a-8106-d35894ce685d-groupManagement] INFO  server.RaftServerConfigKeys (ConfUtils.java:logGet(46)) - raft.server.threadpool.server.size = 0 (default)
2024-03-20 21:08:41,612 [dcffae99-659e-451a-8106-d35894ce685d-groupManagement] INFO  server.RaftServerConfigKeys (ConfUtils.java:logGet(46)) - raft.server.threadpool.client.cached = true (default)
2024-03-20 21:08:41,612 [dcffae99-659e-451a-8106-d35894ce685d-groupManagement] INFO  server.RaftServerConfigKeys (ConfUtils.java:logGet(46)) - raft.server.threadpool.client.size = 0 (default)
2024-03-20 21:08:41,612 [dcffae99-659e-451a-8106-d35894ce685d-groupManagement] INFO  server.RaftServerConfigKeys (ConfUtils.java:logGet(46)) - raft.server.storage.free-space.min = 0MB (=0) (default)
2024-03-20 21:08:41,612 [dcffae99-659e-451a-8106-d35894ce685d-groupManagement] INFO  server.RaftServerConfigKeys (ConfUtils.java:logGet(46)) - raft.server.log.corruption.policy = EXCEPTION (default)
2024-03-20 21:08:41,612 [dcffae99-659e-451a-8106-d35894ce685d-groupManagement] INFO  server.RaftServerConfigKeys (ConfUtils.java:logGet(46)) - raft.server.storage.dir = [/home/runner/work/ozone/ozone/hadoop-ozone/integration-test/target/test-dir/MiniOzoneClusterImpl-bb4c8f07-45f9-422c-bd0c-8b04330ef271/ozone-meta/datanode-2/ratis] (custom)
2024-03-20 21:08:41,613 [dcffae99-659e-451a-8106-d35894ce685d-groupManagement] INFO  storage.RaftStorageDirectory (RaftStorageDirectoryImpl.java:analyzeStorage(138)) - The storage directory /home/runner/work/ozone/ozone/hadoop-ozone/integration-test/target/test-dir/MiniOzoneClusterImpl-bb4c8f07-45f9-422c-bd0c-8b04330ef271/ozone-meta/datanode-2/ratis/e99019a7-6291-4484-a6e6-6aeceb9247ef does not exist. Creating ...
2024-03-20 21:08:41,614 [dcffae99-659e-451a-8106-d35894ce685d-groupManagement] INFO  storage.RaftStorageDirectory (RaftStorageDirectoryImpl.java:tryLock(228)) - Lock on /home/runner/work/ozone/ozone/hadoop-ozone/integration-test/target/test-dir/MiniOzoneClusterImpl-bb4c8f07-45f9-422c-bd0c-8b04330ef271/ozone-meta/datanode-2/ratis/e99019a7-6291-4484-a6e6-6aeceb9247ef/in_use.lock acquired by nodename 54244@fv-az1053-74
2024-03-20 21:08:41,615 [dcffae99-659e-451a-8106-d35894ce685d-groupManagement] INFO  storage.RaftStorage (RaftStorageImpl.java:format(99)) - Storage directory /home/runner/work/ozone/ozone/hadoop-ozone/integration-test/target/test-dir/MiniOzoneClusterImpl-bb4c8f07-45f9-422c-bd0c-8b04330ef271/ozone-meta/datanode-2/ratis/e99019a7-6291-4484-a6e6-6aeceb9247ef has been successfully formatted.
2024-03-20 21:08:41,616 [dcffae99-659e-451a-8106-d35894ce685d-groupManagement] WARN  util.FileUtils (LogUtils.java:supplyAndLog(63)) - Failed to Files.newInputStream /home/runner/work/ozone/ozone/hadoop-ozone/integration-test/target/test-dir/MiniOzoneClusterImpl-bb4c8f07-45f9-422c-bd0c-8b04330ef271/ozone-meta/datanode-2/ratis/e99019a7-6291-4484-a6e6-6aeceb9247ef/current/raft-meta.conf with options []: java.nio.file.NoSuchFileException: /home/runner/work/ozone/ozone/hadoop-ozone/integration-test/target/test-dir/MiniOzoneClusterImpl-bb4c8f07-45f9-422c-bd0c-8b04330ef271/ozone-meta/datanode-2/ratis/e99019a7-6291-4484-a6e6-6aeceb9247ef/current/raft-meta.conf
2024-03-20 21:08:41,616 [dcffae99-659e-451a-8106-d35894ce685d-groupManagement] INFO  ratis.ContainerStateMachine (ContainerStateMachine.java:loadSnapshot(287)) - group-6AECEB9247EF: The snapshot info is null. Setting the last applied index to:(t:0, i:~)
2024-03-20 21:08:41,616 [dcffae99-659e-451a-8106-d35894ce685d-groupManagement] INFO  server.RaftServerConfigKeys (ConfUtils.java:logGet(46)) - raft.server.log.use.memory = false (default)
2024-03-20 21:08:41,617 [dcffae99-659e-451a-8106-d35894ce685d-groupManagement] INFO  server.RaftServerConfigKeys (ConfUtils.java:logGet(46)) - raft.server.log.purge.gap = 1000000 (custom)
2024-03-20 21:08:41,617 [dcffae99-659e-451a-8106-d35894ce685d-groupManagement] INFO  server.RaftServerConfigKeys (ConfUtils.java:logGet(46)) - raft.server.log.appender.buffer.byte-limit = 8388608 (custom)
2024-03-20 21:08:41,617 [dcffae99-659e-451a-8106-d35894ce685d-groupManagement] INFO  server.RaftServerConfigKeys (ConfUtils.java:logGet(46)) - raft.server.log.statemachine.data.read.timeout = 1000ms (default)
2024-03-20 21:08:41,617 [dcffae99-659e-451a-8106-d35894ce685d-groupManagement] INFO  server.RaftServerConfigKeys (ConfUtils.java:logGet(46)) - raft.server.log.purge.preservation.log.num = 0 (default)
2024-03-20 21:08:41,620 [dcffae99-659e-451a-8106-d35894ce685d-groupManagement] INFO  server.RaftServerConfigKeys (ConfUtils.java:logGet(46)) - raft.server.log.segment.size.max = 67108864 (custom)
2024-03-20 21:08:41,620 [dcffae99-659e-451a-8106-d35894ce685d-groupManagement] INFO  server.RaftServerConfigKeys (ConfUtils.java:logGet(46)) - raft.server.log.segment.cache.num.max = 2 (custom)
2024-03-20 21:08:41,621 [dcffae99-659e-451a-8106-d35894ce685d-groupManagement] INFO  server.RaftServerConfigKeys (ConfUtils.java:logGet(46)) - raft.server.log.segment.cache.size.max = 200MB (=209715200) (default)
2024-03-20 21:08:41,621 [dcffae99-659e-451a-8106-d35894ce685d-groupManagement] INFO  server.RaftServerConfigKeys (ConfUtils.java:logGet(46)) - raft.server.log.appender.buffer.byte-limit = 8388608 (custom)
2024-03-20 21:08:41,624 [dcffae99-659e-451a-8106-d35894ce685d-groupManagement] INFO  util.AwaitToRun (AwaitToRun.java:start(81)) - Thread[dcffae99-659e-451a-8106-d35894ce685d@group-6AECEB9247EF-cacheEviction-AwaitToRun,5,main] started
2024-03-20 21:08:41,624 [dcffae99-659e-451a-8106-d35894ce685d-groupManagement] INFO  segmented.SegmentedRaftLogWorker (SegmentedRaftLogWorker.java:<init>(182)) - new dcffae99-659e-451a-8106-d35894ce685d@group-6AECEB9247EF-SegmentedRaftLogWorker for RaftStorageImpl:Storage Directory /home/runner/work/ozone/ozone/hadoop-ozone/integration-test/target/test-dir/MiniOzoneClusterImpl-bb4c8f07-45f9-422c-bd0c-8b04330ef271/ozone-meta/datanode-2/ratis/e99019a7-6291-4484-a6e6-6aeceb9247ef
2024-03-20 21:08:41,624 [dcffae99-659e-451a-8106-d35894ce685d-groupManagement] INFO  server.RaftServerConfigKeys (ConfUtils.java:logGet(46)) - raft.server.log.queue.byte-limit = 4294967296 (custom)
2024-03-20 21:08:41,625 [dcffae99-659e-451a-8106-d35894ce685d-groupManagement] INFO  server.RaftServerConfigKeys (ConfUtils.java:logGet(46)) - raft.server.log.queue.element-limit = 1024 (custom)
2024-03-20 21:08:41,625 [dcffae99-659e-451a-8106-d35894ce685d-groupManagement] INFO  server.RaftServerConfigKeys (ConfUtils.java:logGet(46)) - raft.server.log.segment.size.max = 67108864 (custom)
2024-03-20 21:08:41,625 [dcffae99-659e-451a-8106-d35894ce685d-groupManagement] INFO  server.RaftServerConfigKeys (ConfUtils.java:logGet(46)) - raft.server.log.preallocated.size = 4194304 (custom)
2024-03-20 21:08:41,625 [dcffae99-659e-451a-8106-d35894ce685d-groupManagement] INFO  server.RaftServerConfigKeys (ConfUtils.java:logGet(46)) - raft.server.log.force.sync.num = 128 (default)
2024-03-20 21:08:41,625 [dcffae99-659e-451a-8106-d35894ce685d-groupManagement] INFO  server.RaftServerConfigKeys (ConfUtils.java:logGet(46)) - raft.server.log.statemachine.data.sync = true (default)
2024-03-20 21:08:41,626 [dcffae99-659e-451a-8106-d35894ce685d-groupManagement] INFO  server.RaftServerConfigKeys (ConfUtils.java:logGet(46)) - raft.server.log.statemachine.data.sync.timeout = 10s (default)
2024-03-20 21:08:41,626 [dcffae99-659e-451a-8106-d35894ce685d-groupManagement] INFO  server.RaftServerConfigKeys (ConfUtils.java:logGet(46)) - raft.server.log.statemachine.data.sync.timeout.retry = 0 (custom)
2024-03-20 21:08:41,626 [dcffae99-659e-451a-8106-d35894ce685d-groupManagement] INFO  server.RaftServerConfigKeys (ConfUtils.java:logGet(46)) - raft.server.log.write.buffer.size = 8388616 (custom)
2024-03-20 21:08:41,628 [dcffae99-659e-451a-8106-d35894ce685d-groupManagement] INFO  server.RaftServerConfigKeys (ConfUtils.java:logGet(46)) - raft.server.log.appender.buffer.byte-limit = 8388608 (custom)
2024-03-20 21:08:41,628 [dcffae99-659e-451a-8106-d35894ce685d-groupManagement] INFO  server.RaftServerConfigKeys (ConfUtils.java:logGet(46)) - raft.server.log.unsafe-flush.enabled = false (default)
2024-03-20 21:08:41,629 [dcffae99-659e-451a-8106-d35894ce685d-groupManagement] INFO  server.RaftServerConfigKeys (ConfUtils.java:logGet(46)) - raft.server.log.async-flush.enabled = false (default)
2024-03-20 21:08:41,629 [dcffae99-659e-451a-8106-d35894ce685d-groupManagement] INFO  server.RaftServerConfigKeys (ConfUtils.java:logGet(46)) - raft.server.log.statemachine.data.caching.enabled = true (custom)
2024-03-20 21:08:41,629 [dcffae99-659e-451a-8106-d35894ce685d-groupManagement] INFO  segmented.SegmentedRaftLogWorker (SegmentedRaftLogWorker.java:lambda$new$0(134)) - dcffae99-659e-451a-8106-d35894ce685d@group-6AECEB9247EF-SegmentedRaftLogWorker: flushIndex: setUnconditionally 0 -> -1
2024-03-20 21:08:41,629 [dcffae99-659e-451a-8106-d35894ce685d-groupManagement] INFO  segmented.SegmentedRaftLogWorker (SegmentedRaftLogWorker.java:lambda$new$0(134)) - dcffae99-659e-451a-8106-d35894ce685d@group-6AECEB9247EF-SegmentedRaftLogWorker: safeCacheEvictIndex: setUnconditionally 0 -> -1
2024-03-20 21:08:41,632 [dcffae99-659e-451a-8106-d35894ce685d-groupManagement] INFO  server.RaftServer$Division (RaftServerImpl.java:start(396)) - dcffae99-659e-451a-8106-d35894ce685d@group-6AECEB9247EF: start as a follower, conf=-1: peers:[98cad3d9-1aaa-47a5-be17-9665075729ab|10.1.0.34:15064, bf0d52d7-dce2-4f08-b148-c0add6164c5c|10.1.0.34:15046, dcffae99-659e-451a-8106-d35894ce685d|10.1.0.34:15055]|listeners:[], old=null
2024-03-20 21:08:41,632 [dcffae99-659e-451a-8106-d35894ce685d-groupManagement] INFO  server.RaftServer$Division (RaftServerImpl.java:setRole(383)) - dcffae99-659e-451a-8106-d35894ce685d@group-6AECEB9247EF: changes role from      null to FOLLOWER at term 0 for startAsFollower
2024-03-20 21:08:41,633 [dcffae99-659e-451a-8106-d35894ce685d-groupManagement] INFO  impl.RoleInfo (RoleInfo.java:updateAndGet(139)) - dcffae99-659e-451a-8106-d35894ce685d: start dcffae99-659e-451a-8106-d35894ce685d@group-6AECEB9247EF-FollowerState
2024-03-20 21:08:41,633 [dcffae99-659e-451a-8106-d35894ce685d@group-6AECEB9247EF-FollowerState] INFO  server.RaftServerConfigKeys (ConfUtils.java:logFallback(53)) - raft.server.rpc.first-election.timeout.min = 5s (fallback to raft.server.rpc.timeout.min)
2024-03-20 21:08:41,633 [dcffae99-659e-451a-8106-d35894ce685d@group-6AECEB9247EF-FollowerState] INFO  server.RaftServerConfigKeys (ConfUtils.java:logFallback(53)) - raft.server.rpc.first-election.timeout.max = 5200ms (fallback to raft.server.rpc.timeout.max)
2024-03-20 21:08:41,633 [dcffae99-659e-451a-8106-d35894ce685d-groupManagement] INFO  util.JmxRegister (JmxRegister.java:tryRegister(44)) - Successfully registered JMX Bean with object name Ratis:service=RaftServer,group=group-6AECEB9247EF,id=dcffae99-659e-451a-8106-d35894ce685d
2024-03-20 21:08:41,634 [dcffae99-659e-451a-8106-d35894ce685d-groupManagement] INFO  server.RaftServerConfigKeys (ConfUtils.java:logGet(46)) - raft.server.snapshot.trigger-when-stop.enabled = true (default)
2024-03-20 21:08:41,635 [dcffae99-659e-451a-8106-d35894ce685d-groupManagement] INFO  server.RaftServerConfigKeys (ConfUtils.java:logGet(46)) - raft.server.snapshot.auto.trigger.enabled = true (custom)
2024-03-20 21:08:41,635 [dcffae99-659e-451a-8106-d35894ce685d-groupManagement] INFO  server.RaftServerConfigKeys (ConfUtils.java:logGet(46)) - raft.server.snapshot.auto.trigger.threshold = 10000 (custom)
2024-03-20 21:08:41,635 [dcffae99-659e-451a-8106-d35894ce685d-groupManagement] INFO  server.RaftServerConfigKeys (ConfUtils.java:logGet(46)) - raft.server.snapshot.retention.file.num = 5 (custom)
2024-03-20 21:08:41,636 [dcffae99-659e-451a-8106-d35894ce685d-groupManagement] INFO  server.RaftServerConfigKeys (ConfUtils.java:logGet(46)) - raft.server.log.purge.upto.snapshot.index = false (default)
2024-03-20 21:08:41,647 [bf0d52d7-dce2-4f08-b148-c0add6164c5c-PipelineCommandHandlerThread-0] INFO  commandhandler.CreatePipelineCommandHandler (CreatePipelineCommandHandler.java:lambda$handle$2(124)) - Created Pipeline RATIS THREE PipelineID=e99019a7-6291-4484-a6e6-6aeceb9247ef.
2024-03-20 21:08:41,648 [bf0d52d7-dce2-4f08-b148-c0add6164c5c-PipelineCommandHandlerThread-0] INFO  server.RaftServer (RaftServerProxy.java:addNew(100)) - bf0d52d7-dce2-4f08-b148-c0add6164c5c: addNew group-A427EA6FC389:[98cad3d9-1aaa-47a5-be17-9665075729ab|10.1.0.34:15064, bf0d52d7-dce2-4f08-b148-c0add6164c5c|10.1.0.34:15046, dcffae99-659e-451a-8106-d35894ce685d|10.1.0.34:15055] returns group-A427EA6FC389:java.util.concurrent.CompletableFuture@1b063dc4[Not completed]
2024-03-20 21:08:41,649 [bf0d52d7-dce2-4f08-b148-c0add6164c5c-groupManagement] INFO  server.RaftServer$Division (RaftServerImpl.java:<init>(256)) - bf0d52d7-dce2-4f08-b148-c0add6164c5c: new RaftServerImpl for group-A427EA6FC389:[98cad3d9-1aaa-47a5-be17-9665075729ab|10.1.0.34:15064, bf0d52d7-dce2-4f08-b148-c0add6164c5c|10.1.0.34:15046, dcffae99-659e-451a-8106-d35894ce685d|10.1.0.34:15055] with ContainerStateMachine:uninitialized
2024-03-20 21:08:41,649 [bf0d52d7-dce2-4f08-b148-c0add6164c5c-groupManagement] INFO  server.RaftServerConfigKeys (ConfUtils.java:logGet(46)) - raft.server.rpc.timeout.min = 5s (custom)
2024-03-20 21:08:41,649 [bf0d52d7-dce2-4f08-b148-c0add6164c5c-groupManagement] INFO  server.RaftServerConfigKeys (ConfUtils.java:logGet(46)) - raft.server.rpc.timeout.max = 5200ms (custom)
2024-03-20 21:08:41,649 [bf0d52d7-dce2-4f08-b148-c0add6164c5c-groupManagement] INFO  server.RaftServerConfigKeys (ConfUtils.java:logGet(46)) - raft.server.rpc.sleep.time = 25ms (default)
2024-03-20 21:08:41,649 [bf0d52d7-dce2-4f08-b148-c0add6164c5c-groupManagement] INFO  server.RaftServerConfigKeys (ConfUtils.java:logGet(46)) - raft.server.rpc.slowness.timeout = 300s (custom)
2024-03-20 21:08:41,649 [bf0d52d7-dce2-4f08-b148-c0add6164c5c-groupManagement] INFO  server.RaftServerConfigKeys (ConfUtils.java:logGet(46)) - raft.server.leaderelection.leader.step-down.wait-time = 10s (default)
2024-03-20 21:08:41,649 [bf0d52d7-dce2-4f08-b148-c0add6164c5c-groupManagement] INFO  server.RaftServerConfigKeys (ConfUtils.java:logGet(46)) - raft.server.leaderelection.member.majority-add = false (default)
2024-03-20 21:08:41,650 [bf0d52d7-dce2-4f08-b148-c0add6164c5c-groupManagement] INFO  server.RaftServerConfigKeys (ConfUtils.java:logGet(46)) - raft.server.sleep.deviation.threshold = 300ms (default)
2024-03-20 21:08:41,650 [bf0d52d7-dce2-4f08-b148-c0add6164c5c-groupManagement] INFO  server.RaftServer$Division (ServerState.java:<init>(113)) - bf0d52d7-dce2-4f08-b148-c0add6164c5c@group-A427EA6FC389: ConfigurationManager, init=-1: peers:[98cad3d9-1aaa-47a5-be17-9665075729ab|10.1.0.34:15064, bf0d52d7-dce2-4f08-b148-c0add6164c5c|10.1.0.34:15046, dcffae99-659e-451a-8106-d35894ce685d|10.1.0.34:15055]|listeners:[], old=null, confs=<EMPTY_MAP>
2024-03-20 21:08:41,650 [bf0d52d7-dce2-4f08-b148-c0add6164c5c-groupManagement] INFO  server.RaftServerConfigKeys (ConfUtils.java:logGet(46)) - raft.server.notification.no-leader.timeout = 300s (custom)
2024-03-20 21:08:41,650 [bf0d52d7-dce2-4f08-b148-c0add6164c5c-groupManagement] INFO  server.RaftServerConfigKeys (ConfUtils.java:logGet(46)) - raft.server.read.timeout = 10s (default)
2024-03-20 21:08:41,650 [bf0d52d7-dce2-4f08-b148-c0add6164c5c-groupManagement] INFO  server.RaftServerConfigKeys (ConfUtils.java:logGet(46)) - raft.server.retrycache.expirytime = 600000ms (custom)
2024-03-20 21:08:41,650 [bf0d52d7-dce2-4f08-b148-c0add6164c5c-groupManagement] INFO  server.RaftServerConfigKeys (ConfUtils.java:logGet(46)) - raft.server.retrycache.statistics.expirytime = 100ms (default)
2024-03-20 21:08:41,650 [bf0d52d7-dce2-4f08-b148-c0add6164c5c-groupManagement] INFO  server.RaftServerConfigKeys (ConfUtils.java:logGet(46)) - raft.server.read.option = DEFAULT (default)
2024-03-20 21:08:41,650 [bf0d52d7-dce2-4f08-b148-c0add6164c5c-groupManagement] INFO  server.RaftServerConfigKeys (ConfUtils.java:logGet(46)) - raft.server.read.read-after-write-consistent.write-index-cache.expiry-time = 60s (default)
2024-03-20 21:08:41,657 [bf0d52d7-dce2-4f08-b148-c0add6164c5c-groupManagement] INFO  server.RaftServerConfigKeys (ConfUtils.java:logGet(46)) - raft.server.rpc.request.timeout = 60s (custom)
2024-03-20 21:08:41,657 [bf0d52d7-dce2-4f08-b148-c0add6164c5c-groupManagement] INFO  server.RaftServerConfigKeys (ConfUtils.java:logGet(46)) - raft.server.log.appender.install.snapshot.enabled = false (custom)
2024-03-20 21:08:41,657 [bf0d52d7-dce2-4f08-b148-c0add6164c5c-groupManagement] INFO  server.RaftServerConfigKeys (ConfUtils.java:logGet(46)) - raft.server.threadpool.server.cached = true (default)
2024-03-20 21:08:41,657 [bf0d52d7-dce2-4f08-b148-c0add6164c5c-groupManagement] INFO  server.RaftServerConfigKeys (ConfUtils.java:logGet(46)) - raft.server.threadpool.server.size = 0 (default)
2024-03-20 21:08:41,657 [bf0d52d7-dce2-4f08-b148-c0add6164c5c-groupManagement] INFO  server.RaftServerConfigKeys (ConfUtils.java:logGet(46)) - raft.server.threadpool.client.cached = true (default)
2024-03-20 21:08:41,657 [bf0d52d7-dce2-4f08-b148-c0add6164c5c-groupManagement] INFO  server.RaftServerConfigKeys (ConfUtils.java:logGet(46)) - raft.server.threadpool.client.size = 0 (default)
2024-03-20 21:08:41,657 [bf0d52d7-dce2-4f08-b148-c0add6164c5c-groupManagement] INFO  server.RaftServerConfigKeys (ConfUtils.java:logGet(46)) - raft.server.storage.free-space.min = 0MB (=0) (default)
2024-03-20 21:08:41,657 [bf0d52d7-dce2-4f08-b148-c0add6164c5c-groupManagement] INFO  server.RaftServerConfigKeys (ConfUtils.java:logGet(46)) - raft.server.log.corruption.policy = EXCEPTION (default)
2024-03-20 21:08:41,657 [bf0d52d7-dce2-4f08-b148-c0add6164c5c-groupManagement] INFO  server.RaftServerConfigKeys (ConfUtils.java:logGet(46)) - raft.server.storage.dir = [/home/runner/work/ozone/ozone/hadoop-ozone/integration-test/target/test-dir/MiniOzoneClusterImpl-bb4c8f07-45f9-422c-bd0c-8b04330ef271/ozone-meta/datanode-1/ratis] (custom)
2024-03-20 21:08:41,658 [bf0d52d7-dce2-4f08-b148-c0add6164c5c-groupManagement] INFO  storage.RaftStorageDirectory (RaftStorageDirectoryImpl.java:analyzeStorage(138)) - The storage directory /home/runner/work/ozone/ozone/hadoop-ozone/integration-test/target/test-dir/MiniOzoneClusterImpl-bb4c8f07-45f9-422c-bd0c-8b04330ef271/ozone-meta/datanode-1/ratis/5f814283-c64a-4149-912a-a427ea6fc389 does not exist. Creating ...
2024-03-20 21:08:41,659 [bf0d52d7-dce2-4f08-b148-c0add6164c5c-groupManagement] INFO  storage.RaftStorageDirectory (RaftStorageDirectoryImpl.java:tryLock(228)) - Lock on /home/runner/work/ozone/ozone/hadoop-ozone/integration-test/target/test-dir/MiniOzoneClusterImpl-bb4c8f07-45f9-422c-bd0c-8b04330ef271/ozone-meta/datanode-1/ratis/5f814283-c64a-4149-912a-a427ea6fc389/in_use.lock acquired by nodename 54244@fv-az1053-74
2024-03-20 21:08:41,659 [bf0d52d7-dce2-4f08-b148-c0add6164c5c-groupManagement] INFO  storage.RaftStorage (RaftStorageImpl.java:format(99)) - Storage directory /home/runner/work/ozone/ozone/hadoop-ozone/integration-test/target/test-dir/MiniOzoneClusterImpl-bb4c8f07-45f9-422c-bd0c-8b04330ef271/ozone-meta/datanode-1/ratis/5f814283-c64a-4149-912a-a427ea6fc389 has been successfully formatted.
2024-03-20 21:08:41,660 [bf0d52d7-dce2-4f08-b148-c0add6164c5c-groupManagement] WARN  util.FileUtils (LogUtils.java:supplyAndLog(63)) - Failed to Files.newInputStream /home/runner/work/ozone/ozone/hadoop-ozone/integration-test/target/test-dir/MiniOzoneClusterImpl-bb4c8f07-45f9-422c-bd0c-8b04330ef271/ozone-meta/datanode-1/ratis/5f814283-c64a-4149-912a-a427ea6fc389/current/raft-meta.conf with options []: java.nio.file.NoSuchFileException: /home/runner/work/ozone/ozone/hadoop-ozone/integration-test/target/test-dir/MiniOzoneClusterImpl-bb4c8f07-45f9-422c-bd0c-8b04330ef271/ozone-meta/datanode-1/ratis/5f814283-c64a-4149-912a-a427ea6fc389/current/raft-meta.conf
2024-03-20 21:08:41,660 [bf0d52d7-dce2-4f08-b148-c0add6164c5c-groupManagement] INFO  ratis.ContainerStateMachine (ContainerStateMachine.java:loadSnapshot(287)) - group-A427EA6FC389: The snapshot info is null. Setting the last applied index to:(t:0, i:~)
2024-03-20 21:08:41,660 [bf0d52d7-dce2-4f08-b148-c0add6164c5c-groupManagement] INFO  server.RaftServerConfigKeys (ConfUtils.java:logGet(46)) - raft.server.log.use.memory = false (default)
2024-03-20 21:08:41,660 [bf0d52d7-dce2-4f08-b148-c0add6164c5c-groupManagement] INFO  server.RaftServerConfigKeys (ConfUtils.java:logGet(46)) - raft.server.log.purge.gap = 1000000 (custom)
2024-03-20 21:08:41,660 [bf0d52d7-dce2-4f08-b148-c0add6164c5c-groupManagement] INFO  server.RaftServerConfigKeys (ConfUtils.java:logGet(46)) - raft.server.log.appender.buffer.byte-limit = 8388608 (custom)
2024-03-20 21:08:41,660 [bf0d52d7-dce2-4f08-b148-c0add6164c5c-groupManagement] INFO  server.RaftServerConfigKeys (ConfUtils.java:logGet(46)) - raft.server.log.statemachine.data.read.timeout = 1000ms (default)
2024-03-20 21:08:41,660 [bf0d52d7-dce2-4f08-b148-c0add6164c5c-groupManagement] INFO  server.RaftServerConfigKeys (ConfUtils.java:logGet(46)) - raft.server.log.purge.preservation.log.num = 0 (default)
2024-03-20 21:08:41,662 [bf0d52d7-dce2-4f08-b148-c0add6164c5c-groupManagement] INFO  server.RaftServerConfigKeys (ConfUtils.java:logGet(46)) - raft.server.log.segment.size.max = 67108864 (custom)
2024-03-20 21:08:41,662 [scmNode-3-EventQueue-OpenPipelineForHealthyPipelineSafeModeRule] INFO  safemode.SCMSafeModeManager (HealthyPipelineSafeModeRule.java:process(140)) - SCM in safe mode. Healthy pipelines reported count is 0, required healthy pipeline reported count is 1
2024-03-20 21:08:41,662 [scmNode-2-EventQueue-OpenPipelineForHealthyPipelineSafeModeRule] INFO  safemode.SCMSafeModeManager (HealthyPipelineSafeModeRule.java:process(140)) - SCM in safe mode. Healthy pipelines reported count is 0, required healthy pipeline reported count is 1
2024-03-20 21:08:41,663 [scmNode-1-EventQueue-OpenPipelineForHealthyPipelineSafeModeRule] INFO  safemode.SCMSafeModeManager (HealthyPipelineSafeModeRule.java:process(140)) - SCM in safe mode. Healthy pipelines reported count is 0, required healthy pipeline reported count is 1
2024-03-20 21:08:41,663 [bf0d52d7-dce2-4f08-b148-c0add6164c5c-groupManagement] INFO  server.RaftServerConfigKeys (ConfUtils.java:logGet(46)) - raft.server.log.segment.cache.num.max = 2 (custom)
2024-03-20 21:08:41,663 [bf0d52d7-dce2-4f08-b148-c0add6164c5c-groupManagement] INFO  server.RaftServerConfigKeys (ConfUtils.java:logGet(46)) - raft.server.log.segment.cache.size.max = 200MB (=209715200) (default)
2024-03-20 21:08:41,663 [bf0d52d7-dce2-4f08-b148-c0add6164c5c-groupManagement] INFO  server.RaftServerConfigKeys (ConfUtils.java:logGet(46)) - raft.server.log.appender.buffer.byte-limit = 8388608 (custom)
2024-03-20 21:08:41,663 [bf0d52d7-dce2-4f08-b148-c0add6164c5c-groupManagement] INFO  util.AwaitToRun (AwaitToRun.java:start(81)) - Thread[bf0d52d7-dce2-4f08-b148-c0add6164c5c@group-A427EA6FC389-cacheEviction-AwaitToRun,5,main] started
2024-03-20 21:08:41,663 [bf0d52d7-dce2-4f08-b148-c0add6164c5c-groupManagement] INFO  segmented.SegmentedRaftLogWorker (SegmentedRaftLogWorker.java:<init>(182)) - new bf0d52d7-dce2-4f08-b148-c0add6164c5c@group-A427EA6FC389-SegmentedRaftLogWorker for RaftStorageImpl:Storage Directory /home/runner/work/ozone/ozone/hadoop-ozone/integration-test/target/test-dir/MiniOzoneClusterImpl-bb4c8f07-45f9-422c-bd0c-8b04330ef271/ozone-meta/datanode-1/ratis/5f814283-c64a-4149-912a-a427ea6fc389
2024-03-20 21:08:41,663 [bf0d52d7-dce2-4f08-b148-c0add6164c5c-groupManagement] INFO  server.RaftServerConfigKeys (ConfUtils.java:logGet(46)) - raft.server.log.queue.byte-limit = 4294967296 (custom)
2024-03-20 21:08:41,663 [bf0d52d7-dce2-4f08-b148-c0add6164c5c-groupManagement] INFO  server.RaftServerConfigKeys (ConfUtils.java:logGet(46)) - raft.server.log.queue.element-limit = 1024 (custom)
2024-03-20 21:08:41,663 [bf0d52d7-dce2-4f08-b148-c0add6164c5c-groupManagement] INFO  server.RaftServerConfigKeys (ConfUtils.java:logGet(46)) - raft.server.log.segment.size.max = 67108864 (custom)
2024-03-20 21:08:41,663 [bf0d52d7-dce2-4f08-b148-c0add6164c5c-groupManagement] INFO  server.RaftServerConfigKeys (ConfUtils.java:logGet(46)) - raft.server.log.preallocated.size = 4194304 (custom)
2024-03-20 21:08:41,663 [bf0d52d7-dce2-4f08-b148-c0add6164c5c-groupManagement] INFO  server.RaftServerConfigKeys (ConfUtils.java:logGet(46)) - raft.server.log.force.sync.num = 128 (default)
2024-03-20 21:08:41,663 [bf0d52d7-dce2-4f08-b148-c0add6164c5c-groupManagement] INFO  server.RaftServerConfigKeys (ConfUtils.java:logGet(46)) - raft.server.log.statemachine.data.sync = true (default)
2024-03-20 21:08:41,663 [bf0d52d7-dce2-4f08-b148-c0add6164c5c-groupManagement] INFO  server.RaftServerConfigKeys (ConfUtils.java:logGet(46)) - raft.server.log.statemachine.data.sync.timeout = 10s (default)
2024-03-20 21:08:41,664 [bf0d52d7-dce2-4f08-b148-c0add6164c5c-groupManagement] INFO  server.RaftServerConfigKeys (ConfUtils.java:logGet(46)) - raft.server.log.statemachine.data.sync.timeout.retry = 0 (custom)
2024-03-20 21:08:41,664 [bf0d52d7-dce2-4f08-b148-c0add6164c5c-groupManagement] INFO  server.RaftServerConfigKeys (ConfUtils.java:logGet(46)) - raft.server.log.write.buffer.size = 8388616 (custom)
2024-03-20 21:08:41,665 [bf0d52d7-dce2-4f08-b148-c0add6164c5c-groupManagement] INFO  server.RaftServerConfigKeys (ConfUtils.java:logGet(46)) - raft.server.log.appender.buffer.byte-limit = 8388608 (custom)
2024-03-20 21:08:41,665 [bf0d52d7-dce2-4f08-b148-c0add6164c5c-groupManagement] INFO  server.RaftServerConfigKeys (ConfUtils.java:logGet(46)) - raft.server.log.unsafe-flush.enabled = false (default)
2024-03-20 21:08:41,665 [bf0d52d7-dce2-4f08-b148-c0add6164c5c-groupManagement] INFO  server.RaftServerConfigKeys (ConfUtils.java:logGet(46)) - raft.server.log.async-flush.enabled = false (default)
2024-03-20 21:08:41,665 [bf0d52d7-dce2-4f08-b148-c0add6164c5c-groupManagement] INFO  server.RaftServerConfigKeys (ConfUtils.java:logGet(46)) - raft.server.log.statemachine.data.caching.enabled = true (custom)
2024-03-20 21:08:41,666 [bf0d52d7-dce2-4f08-b148-c0add6164c5c-groupManagement] INFO  segmented.SegmentedRaftLogWorker (SegmentedRaftLogWorker.java:lambda$new$0(134)) - bf0d52d7-dce2-4f08-b148-c0add6164c5c@group-A427EA6FC389-SegmentedRaftLogWorker: flushIndex: setUnconditionally 0 -> -1
2024-03-20 21:08:41,666 [bf0d52d7-dce2-4f08-b148-c0add6164c5c-groupManagement] INFO  segmented.SegmentedRaftLogWorker (SegmentedRaftLogWorker.java:lambda$new$0(134)) - bf0d52d7-dce2-4f08-b148-c0add6164c5c@group-A427EA6FC389-SegmentedRaftLogWorker: safeCacheEvictIndex: setUnconditionally 0 -> -1
2024-03-20 21:08:41,666 [bf0d52d7-dce2-4f08-b148-c0add6164c5c-groupManagement] INFO  server.RaftServer$Division (RaftServerImpl.java:start(396)) - bf0d52d7-dce2-4f08-b148-c0add6164c5c@group-A427EA6FC389: start as a follower, conf=-1: peers:[98cad3d9-1aaa-47a5-be17-9665075729ab|10.1.0.34:15064, bf0d52d7-dce2-4f08-b148-c0add6164c5c|10.1.0.34:15046, dcffae99-659e-451a-8106-d35894ce685d|10.1.0.34:15055]|listeners:[], old=null
2024-03-20 21:08:41,666 [bf0d52d7-dce2-4f08-b148-c0add6164c5c-groupManagement] INFO  server.RaftServer$Division (RaftServerImpl.java:setRole(383)) - bf0d52d7-dce2-4f08-b148-c0add6164c5c@group-A427EA6FC389: changes role from      null to FOLLOWER at term 0 for startAsFollower
2024-03-20 21:08:41,666 [bf0d52d7-dce2-4f08-b148-c0add6164c5c-groupManagement] INFO  impl.RoleInfo (RoleInfo.java:updateAndGet(139)) - bf0d52d7-dce2-4f08-b148-c0add6164c5c: start bf0d52d7-dce2-4f08-b148-c0add6164c5c@group-A427EA6FC389-FollowerState
2024-03-20 21:08:41,666 [bf0d52d7-dce2-4f08-b148-c0add6164c5c-groupManagement] INFO  util.JmxRegister (JmxRegister.java:tryRegister(44)) - Successfully registered JMX Bean with object name Ratis:service=RaftServer,group=group-A427EA6FC389,id=bf0d52d7-dce2-4f08-b148-c0add6164c5c
2024-03-20 21:08:41,666 [bf0d52d7-dce2-4f08-b148-c0add6164c5c-groupManagement] INFO  server.RaftServerConfigKeys (ConfUtils.java:logGet(46)) - raft.server.snapshot.trigger-when-stop.enabled = true (default)
2024-03-20 21:08:41,667 [bf0d52d7-dce2-4f08-b148-c0add6164c5c-groupManagement] INFO  server.RaftServerConfigKeys (ConfUtils.java:logGet(46)) - raft.server.snapshot.auto.trigger.enabled = true (custom)
2024-03-20 21:08:41,667 [bf0d52d7-dce2-4f08-b148-c0add6164c5c-groupManagement] INFO  server.RaftServerConfigKeys (ConfUtils.java:logGet(46)) - raft.server.snapshot.auto.trigger.threshold = 10000 (custom)
2024-03-20 21:08:41,667 [bf0d52d7-dce2-4f08-b148-c0add6164c5c-groupManagement] INFO  server.RaftServerConfigKeys (ConfUtils.java:logGet(46)) - raft.server.snapshot.retention.file.num = 5 (custom)
2024-03-20 21:08:41,667 [bf0d52d7-dce2-4f08-b148-c0add6164c5c-groupManagement] INFO  server.RaftServerConfigKeys (ConfUtils.java:logGet(46)) - raft.server.log.purge.upto.snapshot.index = false (default)
2024-03-20 21:08:41,667 [bf0d52d7-dce2-4f08-b148-c0add6164c5c-PipelineCommandHandlerThread-0] INFO  ratis.XceiverServerRatis (XceiverServerRatis.java:addGroup(864)) - Created group PipelineID=5f814283-c64a-4149-912a-a427ea6fc389
2024-03-20 21:08:41,667 [bf0d52d7-dce2-4f08-b148-c0add6164c5c@group-A427EA6FC389-FollowerState] INFO  server.RaftServerConfigKeys (ConfUtils.java:logFallback(53)) - raft.server.rpc.first-election.timeout.min = 5s (fallback to raft.server.rpc.timeout.min)
2024-03-20 21:08:41,668 [bf0d52d7-dce2-4f08-b148-c0add6164c5c@group-A427EA6FC389-FollowerState] INFO  server.RaftServerConfigKeys (ConfUtils.java:logFallback(53)) - raft.server.rpc.first-election.timeout.max = 5200ms (fallback to raft.server.rpc.timeout.max)
2024-03-20 21:08:41,677 [grpc-default-executor-2] INFO  server.RaftServer (RaftServerProxy.java:addNew(100)) - 98cad3d9-1aaa-47a5-be17-9665075729ab: addNew group-A427EA6FC389:[98cad3d9-1aaa-47a5-be17-9665075729ab|10.1.0.34:15064, bf0d52d7-dce2-4f08-b148-c0add6164c5c|10.1.0.34:15046, dcffae99-659e-451a-8106-d35894ce685d|10.1.0.34:15055] returns group-A427EA6FC389:java.util.concurrent.CompletableFuture@496cbe18[Not completed]
2024-03-20 21:08:41,678 [98cad3d9-1aaa-47a5-be17-9665075729ab-groupManagement] INFO  server.RaftServer$Division (RaftServerImpl.java:<init>(256)) - 98cad3d9-1aaa-47a5-be17-9665075729ab: new RaftServerImpl for group-A427EA6FC389:[98cad3d9-1aaa-47a5-be17-9665075729ab|10.1.0.34:15064, bf0d52d7-dce2-4f08-b148-c0add6164c5c|10.1.0.34:15046, dcffae99-659e-451a-8106-d35894ce685d|10.1.0.34:15055] with ContainerStateMachine:uninitialized
2024-03-20 21:08:41,678 [98cad3d9-1aaa-47a5-be17-9665075729ab-groupManagement] INFO  server.RaftServerConfigKeys (ConfUtils.java:logGet(46)) - raft.server.rpc.timeout.min = 5s (custom)
2024-03-20 21:08:41,679 [98cad3d9-1aaa-47a5-be17-9665075729ab-groupManagement] INFO  server.RaftServerConfigKeys (ConfUtils.java:logGet(46)) - raft.server.rpc.timeout.max = 5200ms (custom)
2024-03-20 21:08:41,679 [98cad3d9-1aaa-47a5-be17-9665075729ab-groupManagement] INFO  server.RaftServerConfigKeys (ConfUtils.java:logGet(46)) - raft.server.rpc.sleep.time = 25ms (default)
2024-03-20 21:08:41,679 [98cad3d9-1aaa-47a5-be17-9665075729ab-groupManagement] INFO  server.RaftServerConfigKeys (ConfUtils.java:logGet(46)) - raft.server.rpc.slowness.timeout = 300s (custom)
2024-03-20 21:08:41,679 [98cad3d9-1aaa-47a5-be17-9665075729ab-groupManagement] INFO  server.RaftServerConfigKeys (ConfUtils.java:logGet(46)) - raft.server.leaderelection.leader.step-down.wait-time = 10s (default)
2024-03-20 21:08:41,679 [98cad3d9-1aaa-47a5-be17-9665075729ab-groupManagement] INFO  server.RaftServerConfigKeys (ConfUtils.java:logGet(46)) - raft.server.leaderelection.member.majority-add = false (default)
2024-03-20 21:08:41,680 [98cad3d9-1aaa-47a5-be17-9665075729ab-groupManagement] INFO  server.RaftServerConfigKeys (ConfUtils.java:logGet(46)) - raft.server.sleep.deviation.threshold = 300ms (default)
2024-03-20 21:08:41,680 [98cad3d9-1aaa-47a5-be17-9665075729ab-groupManagement] INFO  server.RaftServer$Division (ServerState.java:<init>(113)) - 98cad3d9-1aaa-47a5-be17-9665075729ab@group-A427EA6FC389: ConfigurationManager, init=-1: peers:[98cad3d9-1aaa-47a5-be17-9665075729ab|10.1.0.34:15064, bf0d52d7-dce2-4f08-b148-c0add6164c5c|10.1.0.34:15046, dcffae99-659e-451a-8106-d35894ce685d|10.1.0.34:15055]|listeners:[], old=null, confs=<EMPTY_MAP>
2024-03-20 21:08:41,680 [98cad3d9-1aaa-47a5-be17-9665075729ab-groupManagement] INFO  server.RaftServerConfigKeys (ConfUtils.java:logGet(46)) - raft.server.notification.no-leader.timeout = 300s (custom)
2024-03-20 21:08:41,680 [98cad3d9-1aaa-47a5-be17-9665075729ab-groupManagement] INFO  server.RaftServerConfigKeys (ConfUtils.java:logGet(46)) - raft.server.read.timeout = 10s (default)
2024-03-20 21:08:41,680 [98cad3d9-1aaa-47a5-be17-9665075729ab-groupManagement] INFO  server.RaftServerConfigKeys (ConfUtils.java:logGet(46)) - raft.server.retrycache.expirytime = 600000ms (custom)
2024-03-20 21:08:41,680 [98cad3d9-1aaa-47a5-be17-9665075729ab-groupManagement] INFO  server.RaftServerConfigKeys (ConfUtils.java:logGet(46)) - raft.server.retrycache.statistics.expirytime = 100ms (default)
2024-03-20 21:08:41,680 [98cad3d9-1aaa-47a5-be17-9665075729ab-groupManagement] INFO  server.RaftServerConfigKeys (ConfUtils.java:logGet(46)) - raft.server.read.option = DEFAULT (default)
2024-03-20 21:08:41,680 [98cad3d9-1aaa-47a5-be17-9665075729ab-groupManagement] INFO  server.RaftServerConfigKeys (ConfUtils.java:logGet(46)) - raft.server.read.read-after-write-consistent.write-index-cache.expiry-time = 60s (default)
2024-03-20 21:08:41,683 [98cad3d9-1aaa-47a5-be17-9665075729ab-groupManagement] INFO  server.RaftServerConfigKeys (ConfUtils.java:logGet(46)) - raft.server.rpc.request.timeout = 60s (custom)
2024-03-20 21:08:41,684 [98cad3d9-1aaa-47a5-be17-9665075729ab-groupManagement] INFO  server.RaftServerConfigKeys (ConfUtils.java:logGet(46)) - raft.server.log.appender.install.snapshot.enabled = false (custom)
2024-03-20 21:08:41,684 [98cad3d9-1aaa-47a5-be17-9665075729ab-groupManagement] INFO  server.RaftServerConfigKeys (ConfUtils.java:logGet(46)) - raft.server.threadpool.server.cached = true (default)
2024-03-20 21:08:41,684 [98cad3d9-1aaa-47a5-be17-9665075729ab-groupManagement] INFO  server.RaftServerConfigKeys (ConfUtils.java:logGet(46)) - raft.server.threadpool.server.size = 0 (default)
2024-03-20 21:08:41,684 [98cad3d9-1aaa-47a5-be17-9665075729ab-groupManagement] INFO  server.RaftServerConfigKeys (ConfUtils.java:logGet(46)) - raft.server.threadpool.client.cached = true (default)
2024-03-20 21:08:41,684 [98cad3d9-1aaa-47a5-be17-9665075729ab-groupManagement] INFO  server.RaftServerConfigKeys (ConfUtils.java:logGet(46)) - raft.server.threadpool.client.size = 0 (default)
2024-03-20 21:08:41,684 [98cad3d9-1aaa-47a5-be17-9665075729ab-groupManagement] INFO  server.RaftServerConfigKeys (ConfUtils.java:logGet(46)) - raft.server.storage.free-space.min = 0MB (=0) (default)
2024-03-20 21:08:41,684 [98cad3d9-1aaa-47a5-be17-9665075729ab-groupManagement] INFO  server.RaftServerConfigKeys (ConfUtils.java:logGet(46)) - raft.server.log.corruption.policy = EXCEPTION (default)
2024-03-20 21:08:41,684 [98cad3d9-1aaa-47a5-be17-9665075729ab-groupManagement] INFO  server.RaftServerConfigKeys (ConfUtils.java:logGet(46)) - raft.server.storage.dir = [/home/runner/work/ozone/ozone/hadoop-ozone/integration-test/target/test-dir/MiniOzoneClusterImpl-bb4c8f07-45f9-422c-bd0c-8b04330ef271/ozone-meta/datanode-3/ratis] (custom)
2024-03-20 21:08:41,685 [98cad3d9-1aaa-47a5-be17-9665075729ab-groupManagement] INFO  storage.RaftStorageDirectory (RaftStorageDirectoryImpl.java:analyzeStorage(138)) - The storage directory /home/runner/work/ozone/ozone/hadoop-ozone/integration-test/target/test-dir/MiniOzoneClusterImpl-bb4c8f07-45f9-422c-bd0c-8b04330ef271/ozone-meta/datanode-3/ratis/5f814283-c64a-4149-912a-a427ea6fc389 does not exist. Creating ...
2024-03-20 21:08:41,686 [98cad3d9-1aaa-47a5-be17-9665075729ab-groupManagement] INFO  storage.RaftStorageDirectory (RaftStorageDirectoryImpl.java:tryLock(228)) - Lock on /home/runner/work/ozone/ozone/hadoop-ozone/integration-test/target/test-dir/MiniOzoneClusterImpl-bb4c8f07-45f9-422c-bd0c-8b04330ef271/ozone-meta/datanode-3/ratis/5f814283-c64a-4149-912a-a427ea6fc389/in_use.lock acquired by nodename 54244@fv-az1053-74
2024-03-20 21:08:41,688 [98cad3d9-1aaa-47a5-be17-9665075729ab-groupManagement] INFO  storage.RaftStorage (RaftStorageImpl.java:format(99)) - Storage directory /home/runner/work/ozone/ozone/hadoop-ozone/integration-test/target/test-dir/MiniOzoneClusterImpl-bb4c8f07-45f9-422c-bd0c-8b04330ef271/ozone-meta/datanode-3/ratis/5f814283-c64a-4149-912a-a427ea6fc389 has been successfully formatted.
2024-03-20 21:08:41,688 [98cad3d9-1aaa-47a5-be17-9665075729ab-groupManagement] WARN  util.FileUtils (LogUtils.java:supplyAndLog(63)) - Failed to Files.newInputStream /home/runner/work/ozone/ozone/hadoop-ozone/integration-test/target/test-dir/MiniOzoneClusterImpl-bb4c8f07-45f9-422c-bd0c-8b04330ef271/ozone-meta/datanode-3/ratis/5f814283-c64a-4149-912a-a427ea6fc389/current/raft-meta.conf with options []: java.nio.file.NoSuchFileException: /home/runner/work/ozone/ozone/hadoop-ozone/integration-test/target/test-dir/MiniOzoneClusterImpl-bb4c8f07-45f9-422c-bd0c-8b04330ef271/ozone-meta/datanode-3/ratis/5f814283-c64a-4149-912a-a427ea6fc389/current/raft-meta.conf
2024-03-20 21:08:41,690 [98cad3d9-1aaa-47a5-be17-9665075729ab-groupManagement] INFO  ratis.ContainerStateMachine (ContainerStateMachine.java:loadSnapshot(287)) - group-A427EA6FC389: The snapshot info is null. Setting the last applied index to:(t:0, i:~)
2024-03-20 21:08:41,690 [98cad3d9-1aaa-47a5-be17-9665075729ab-groupManagement] INFO  server.RaftServerConfigKeys (ConfUtils.java:logGet(46)) - raft.server.log.use.memory = false (default)
2024-03-20 21:08:41,690 [98cad3d9-1aaa-47a5-be17-9665075729ab-groupManagement] INFO  server.RaftServerConfigKeys (ConfUtils.java:logGet(46)) - raft.server.log.purge.gap = 1000000 (custom)
2024-03-20 21:08:41,690 [98cad3d9-1aaa-47a5-be17-9665075729ab-groupManagement] INFO  server.RaftServerConfigKeys (ConfUtils.java:logGet(46)) - raft.server.log.appender.buffer.byte-limit = 8388608 (custom)
2024-03-20 21:08:41,690 [98cad3d9-1aaa-47a5-be17-9665075729ab-groupManagement] INFO  server.RaftServerConfigKeys (ConfUtils.java:logGet(46)) - raft.server.log.statemachine.data.read.timeout = 1000ms (default)
2024-03-20 21:08:41,690 [98cad3d9-1aaa-47a5-be17-9665075729ab-groupManagement] INFO  server.RaftServerConfigKeys (ConfUtils.java:logGet(46)) - raft.server.log.purge.preservation.log.num = 0 (default)
2024-03-20 21:08:41,692 [98cad3d9-1aaa-47a5-be17-9665075729ab-groupManagement] INFO  server.RaftServerConfigKeys (ConfUtils.java:logGet(46)) - raft.server.log.segment.size.max = 67108864 (custom)
2024-03-20 21:08:41,693 [98cad3d9-1aaa-47a5-be17-9665075729ab-groupManagement] INFO  server.RaftServerConfigKeys (ConfUtils.java:logGet(46)) - raft.server.log.segment.cache.num.max = 2 (custom)
2024-03-20 21:08:41,693 [98cad3d9-1aaa-47a5-be17-9665075729ab-groupManagement] INFO  server.RaftServerConfigKeys (ConfUtils.java:logGet(46)) - raft.server.log.segment.cache.size.max = 200MB (=209715200) (default)
2024-03-20 21:08:41,693 [98cad3d9-1aaa-47a5-be17-9665075729ab-groupManagement] INFO  server.RaftServerConfigKeys (ConfUtils.java:logGet(46)) - raft.server.log.appender.buffer.byte-limit = 8388608 (custom)
2024-03-20 21:08:41,694 [98cad3d9-1aaa-47a5-be17-9665075729ab-groupManagement] INFO  util.AwaitToRun (AwaitToRun.java:start(81)) - Thread[98cad3d9-1aaa-47a5-be17-9665075729ab@group-A427EA6FC389-cacheEviction-AwaitToRun,5,main] started
2024-03-20 21:08:41,694 [98cad3d9-1aaa-47a5-be17-9665075729ab-groupManagement] INFO  segmented.SegmentedRaftLogWorker (SegmentedRaftLogWorker.java:<init>(182)) - new 98cad3d9-1aaa-47a5-be17-9665075729ab@group-A427EA6FC389-SegmentedRaftLogWorker for RaftStorageImpl:Storage Directory /home/runner/work/ozone/ozone/hadoop-ozone/integration-test/target/test-dir/MiniOzoneClusterImpl-bb4c8f07-45f9-422c-bd0c-8b04330ef271/ozone-meta/datanode-3/ratis/5f814283-c64a-4149-912a-a427ea6fc389
2024-03-20 21:08:41,694 [98cad3d9-1aaa-47a5-be17-9665075729ab-groupManagement] INFO  server.RaftServerConfigKeys (ConfUtils.java:logGet(46)) - raft.server.log.queue.byte-limit = 4294967296 (custom)
2024-03-20 21:08:41,694 [98cad3d9-1aaa-47a5-be17-9665075729ab-groupManagement] INFO  server.RaftServerConfigKeys (ConfUtils.java:logGet(46)) - raft.server.log.queue.element-limit = 1024 (custom)
2024-03-20 21:08:41,694 [98cad3d9-1aaa-47a5-be17-9665075729ab-groupManagement] INFO  server.RaftServerConfigKeys (ConfUtils.java:logGet(46)) - raft.server.log.segment.size.max = 67108864 (custom)
2024-03-20 21:08:41,694 [98cad3d9-1aaa-47a5-be17-9665075729ab-groupManagement] INFO  server.RaftServerConfigKeys (ConfUtils.java:logGet(46)) - raft.server.log.preallocated.size = 4194304 (custom)
2024-03-20 21:08:41,694 [98cad3d9-1aaa-47a5-be17-9665075729ab-groupManagement] INFO  server.RaftServerConfigKeys (ConfUtils.java:logGet(46)) - raft.server.log.force.sync.num = 128 (default)
2024-03-20 21:08:41,694 [98cad3d9-1aaa-47a5-be17-9665075729ab-groupManagement] INFO  server.RaftServerConfigKeys (ConfUtils.java:logGet(46)) - raft.server.log.statemachine.data.sync = true (default)
2024-03-20 21:08:41,694 [98cad3d9-1aaa-47a5-be17-9665075729ab-groupManagement] INFO  server.RaftServerConfigKeys (ConfUtils.java:logGet(46)) - raft.server.log.statemachine.data.sync.timeout = 10s (default)
2024-03-20 21:08:41,695 [98cad3d9-1aaa-47a5-be17-9665075729ab-groupManagement] INFO  server.RaftServerConfigKeys (ConfUtils.java:logGet(46)) - raft.server.log.statemachine.data.sync.timeout.retry = 0 (custom)
2024-03-20 21:08:41,695 [98cad3d9-1aaa-47a5-be17-9665075729ab-groupManagement] INFO  server.RaftServerConfigKeys (ConfUtils.java:logGet(46)) - raft.server.log.write.buffer.size = 8388616 (custom)
2024-03-20 21:08:41,696 [98cad3d9-1aaa-47a5-be17-9665075729ab-groupManagement] INFO  server.RaftServerConfigKeys (ConfUtils.java:logGet(46)) - raft.server.log.appender.buffer.byte-limit = 8388608 (custom)
2024-03-20 21:08:41,697 [98cad3d9-1aaa-47a5-be17-9665075729ab-groupManagement] INFO  server.RaftServerConfigKeys (ConfUtils.java:logGet(46)) - raft.server.log.unsafe-flush.enabled = false (default)
2024-03-20 21:08:41,697 [98cad3d9-1aaa-47a5-be17-9665075729ab-groupManagement] INFO  server.RaftServerConfigKeys (ConfUtils.java:logGet(46)) - raft.server.log.async-flush.enabled = false (default)
2024-03-20 21:08:41,697 [98cad3d9-1aaa-47a5-be17-9665075729ab-groupManagement] INFO  server.RaftServerConfigKeys (ConfUtils.java:logGet(46)) - raft.server.log.statemachine.data.caching.enabled = true (custom)
2024-03-20 21:08:41,697 [98cad3d9-1aaa-47a5-be17-9665075729ab-groupManagement] INFO  segmented.SegmentedRaftLogWorker (SegmentedRaftLogWorker.java:lambda$new$0(134)) - 98cad3d9-1aaa-47a5-be17-9665075729ab@group-A427EA6FC389-SegmentedRaftLogWorker: flushIndex: setUnconditionally 0 -> -1
2024-03-20 21:08:41,697 [98cad3d9-1aaa-47a5-be17-9665075729ab-groupManagement] INFO  segmented.SegmentedRaftLogWorker (SegmentedRaftLogWorker.java:lambda$new$0(134)) - 98cad3d9-1aaa-47a5-be17-9665075729ab@group-A427EA6FC389-SegmentedRaftLogWorker: safeCacheEvictIndex: setUnconditionally 0 -> -1
2024-03-20 21:08:41,697 [98cad3d9-1aaa-47a5-be17-9665075729ab-groupManagement] INFO  server.RaftServer$Division (RaftServerImpl.java:start(396)) - 98cad3d9-1aaa-47a5-be17-9665075729ab@group-A427EA6FC389: start as a follower, conf=-1: peers:[98cad3d9-1aaa-47a5-be17-9665075729ab|10.1.0.34:15064, bf0d52d7-dce2-4f08-b148-c0add6164c5c|10.1.0.34:15046, dcffae99-659e-451a-8106-d35894ce685d|10.1.0.34:15055]|listeners:[], old=null
2024-03-20 21:08:41,698 [98cad3d9-1aaa-47a5-be17-9665075729ab-groupManagement] INFO  server.RaftServer$Division (RaftServerImpl.java:setRole(383)) - 98cad3d9-1aaa-47a5-be17-9665075729ab@group-A427EA6FC389: changes role from      null to FOLLOWER at term 0 for startAsFollower
2024-03-20 21:08:41,698 [98cad3d9-1aaa-47a5-be17-9665075729ab-groupManagement] INFO  impl.RoleInfo (RoleInfo.java:updateAndGet(139)) - 98cad3d9-1aaa-47a5-be17-9665075729ab: start 98cad3d9-1aaa-47a5-be17-9665075729ab@group-A427EA6FC389-FollowerState
2024-03-20 21:08:41,698 [98cad3d9-1aaa-47a5-be17-9665075729ab-groupManagement] INFO  util.JmxRegister (JmxRegister.java:tryRegister(44)) - Successfully registered JMX Bean with object name Ratis:service=RaftServer,group=group-A427EA6FC389,id=98cad3d9-1aaa-47a5-be17-9665075729ab
2024-03-20 21:08:41,698 [98cad3d9-1aaa-47a5-be17-9665075729ab@group-A427EA6FC389-FollowerState] INFO  server.RaftServerConfigKeys (ConfUtils.java:logFallback(53)) - raft.server.rpc.first-election.timeout.min = 5s (fallback to raft.server.rpc.timeout.min)
2024-03-20 21:08:41,699 [98cad3d9-1aaa-47a5-be17-9665075729ab@group-A427EA6FC389-FollowerState] INFO  server.RaftServerConfigKeys (ConfUtils.java:logFallback(53)) - raft.server.rpc.first-election.timeout.max = 5200ms (fallback to raft.server.rpc.timeout.max)
2024-03-20 21:08:41,699 [98cad3d9-1aaa-47a5-be17-9665075729ab-groupManagement] INFO  server.RaftServerConfigKeys (ConfUtils.java:logGet(46)) - raft.server.snapshot.trigger-when-stop.enabled = true (default)
2024-03-20 21:08:41,699 [98cad3d9-1aaa-47a5-be17-9665075729ab-groupManagement] INFO  server.RaftServerConfigKeys (ConfUtils.java:logGet(46)) - raft.server.snapshot.auto.trigger.enabled = true (custom)
2024-03-20 21:08:41,699 [98cad3d9-1aaa-47a5-be17-9665075729ab-groupManagement] INFO  server.RaftServerConfigKeys (ConfUtils.java:logGet(46)) - raft.server.snapshot.auto.trigger.threshold = 10000 (custom)
2024-03-20 21:08:41,700 [98cad3d9-1aaa-47a5-be17-9665075729ab-groupManagement] INFO  server.RaftServerConfigKeys (ConfUtils.java:logGet(46)) - raft.server.snapshot.retention.file.num = 5 (custom)
2024-03-20 21:08:41,700 [98cad3d9-1aaa-47a5-be17-9665075729ab-groupManagement] INFO  server.RaftServerConfigKeys (ConfUtils.java:logGet(46)) - raft.server.log.purge.upto.snapshot.index = false (default)
2024-03-20 21:08:41,721 [grpc-default-executor-2] INFO  server.RaftServer (RaftServerProxy.java:addNew(100)) - dcffae99-659e-451a-8106-d35894ce685d: addNew group-A427EA6FC389:[98cad3d9-1aaa-47a5-be17-9665075729ab|10.1.0.34:15064, bf0d52d7-dce2-4f08-b148-c0add6164c5c|10.1.0.34:15046, dcffae99-659e-451a-8106-d35894ce685d|10.1.0.34:15055] returns group-A427EA6FC389:java.util.concurrent.CompletableFuture@48b2a5be[Not completed]
2024-03-20 21:08:41,722 [dcffae99-659e-451a-8106-d35894ce685d-groupManagement] INFO  server.RaftServer$Division (RaftServerImpl.java:<init>(256)) - dcffae99-659e-451a-8106-d35894ce685d: new RaftServerImpl for group-A427EA6FC389:[98cad3d9-1aaa-47a5-be17-9665075729ab|10.1.0.34:15064, bf0d52d7-dce2-4f08-b148-c0add6164c5c|10.1.0.34:15046, dcffae99-659e-451a-8106-d35894ce685d|10.1.0.34:15055] with ContainerStateMachine:uninitialized
2024-03-20 21:08:41,723 [dcffae99-659e-451a-8106-d35894ce685d-groupManagement] INFO  server.RaftServerConfigKeys (ConfUtils.java:logGet(46)) - raft.server.rpc.timeout.min = 5s (custom)
2024-03-20 21:08:41,723 [dcffae99-659e-451a-8106-d35894ce685d-groupManagement] INFO  server.RaftServerConfigKeys (ConfUtils.java:logGet(46)) - raft.server.rpc.timeout.max = 5200ms (custom)
2024-03-20 21:08:41,723 [dcffae99-659e-451a-8106-d35894ce685d-groupManagement] INFO  server.RaftServerConfigKeys (ConfUtils.java:logGet(46)) - raft.server.rpc.sleep.time = 25ms (default)
2024-03-20 21:08:41,723 [dcffae99-659e-451a-8106-d35894ce685d-groupManagement] INFO  server.RaftServerConfigKeys (ConfUtils.java:logGet(46)) - raft.server.rpc.slowness.timeout = 300s (custom)
2024-03-20 21:08:41,723 [dcffae99-659e-451a-8106-d35894ce685d-groupManagement] INFO  server.RaftServerConfigKeys (ConfUtils.java:logGet(46)) - raft.server.leaderelection.leader.step-down.wait-time = 10s (default)
2024-03-20 21:08:41,723 [dcffae99-659e-451a-8106-d35894ce685d-groupManagement] INFO  server.RaftServerConfigKeys (ConfUtils.java:logGet(46)) - raft.server.leaderelection.member.majority-add = false (default)
2024-03-20 21:08:41,723 [dcffae99-659e-451a-8106-d35894ce685d-groupManagement] INFO  server.RaftServerConfigKeys (ConfUtils.java:logGet(46)) - raft.server.sleep.deviation.threshold = 300ms (default)
2024-03-20 21:08:41,723 [dcffae99-659e-451a-8106-d35894ce685d-groupManagement] INFO  server.RaftServer$Division (ServerState.java:<init>(113)) - dcffae99-659e-451a-8106-d35894ce685d@group-A427EA6FC389: ConfigurationManager, init=-1: peers:[98cad3d9-1aaa-47a5-be17-9665075729ab|10.1.0.34:15064, bf0d52d7-dce2-4f08-b148-c0add6164c5c|10.1.0.34:15046, dcffae99-659e-451a-8106-d35894ce685d|10.1.0.34:15055]|listeners:[], old=null, confs=<EMPTY_MAP>
2024-03-20 21:08:41,723 [dcffae99-659e-451a-8106-d35894ce685d-groupManagement] INFO  server.RaftServerConfigKeys (ConfUtils.java:logGet(46)) - raft.server.notification.no-leader.timeout = 300s (custom)
2024-03-20 21:08:41,723 [dcffae99-659e-451a-8106-d35894ce685d-groupManagement] INFO  server.RaftServerConfigKeys (ConfUtils.java:logGet(46)) - raft.server.read.timeout = 10s (default)
2024-03-20 21:08:41,723 [dcffae99-659e-451a-8106-d35894ce685d-groupManagement] INFO  server.RaftServerConfigKeys (ConfUtils.java:logGet(46)) - raft.server.retrycache.expirytime = 600000ms (custom)
2024-03-20 21:08:41,723 [dcffae99-659e-451a-8106-d35894ce685d-groupManagement] INFO  server.RaftServerConfigKeys (ConfUtils.java:logGet(46)) - raft.server.retrycache.statistics.expirytime = 100ms (default)
2024-03-20 21:08:41,723 [dcffae99-659e-451a-8106-d35894ce685d-groupManagement] INFO  server.RaftServerConfigKeys (ConfUtils.java:logGet(46)) - raft.server.read.option = DEFAULT (default)
2024-03-20 21:08:41,724 [dcffae99-659e-451a-8106-d35894ce685d-groupManagement] INFO  server.RaftServerConfigKeys (ConfUtils.java:logGet(46)) - raft.server.read.read-after-write-consistent.write-index-cache.expiry-time = 60s (default)
2024-03-20 21:08:41,726 [dcffae99-659e-451a-8106-d35894ce685d-groupManagement] INFO  server.RaftServerConfigKeys (ConfUtils.java:logGet(46)) - raft.server.rpc.request.timeout = 60s (custom)
2024-03-20 21:08:41,726 [dcffae99-659e-451a-8106-d35894ce685d-groupManagement] INFO  server.RaftServerConfigKeys (ConfUtils.java:logGet(46)) - raft.server.log.appender.install.snapshot.enabled = false (custom)
2024-03-20 21:08:41,726 [dcffae99-659e-451a-8106-d35894ce685d-groupManagement] INFO  server.RaftServerConfigKeys (ConfUtils.java:logGet(46)) - raft.server.threadpool.server.cached = true (default)
2024-03-20 21:08:41,726 [dcffae99-659e-451a-8106-d35894ce685d-groupManagement] INFO  server.RaftServerConfigKeys (ConfUtils.java:logGet(46)) - raft.server.threadpool.server.size = 0 (default)
2024-03-20 21:08:41,726 [dcffae99-659e-451a-8106-d35894ce685d-groupManagement] INFO  server.RaftServerConfigKeys (ConfUtils.java:logGet(46)) - raft.server.threadpool.client.cached = true (default)
2024-03-20 21:08:41,726 [dcffae99-659e-451a-8106-d35894ce685d-groupManagement] INFO  server.RaftServerConfigKeys (ConfUtils.java:logGet(46)) - raft.server.threadpool.client.size = 0 (default)
2024-03-20 21:08:41,726 [dcffae99-659e-451a-8106-d35894ce685d-groupManagement] INFO  server.RaftServerConfigKeys (ConfUtils.java:logGet(46)) - raft.server.storage.free-space.min = 0MB (=0) (default)
2024-03-20 21:08:41,726 [dcffae99-659e-451a-8106-d35894ce685d-groupManagement] INFO  server.RaftServerConfigKeys (ConfUtils.java:logGet(46)) - raft.server.log.corruption.policy = EXCEPTION (default)
2024-03-20 21:08:41,726 [dcffae99-659e-451a-8106-d35894ce685d-groupManagement] INFO  server.RaftServerConfigKeys (ConfUtils.java:logGet(46)) - raft.server.storage.dir = [/home/runner/work/ozone/ozone/hadoop-ozone/integration-test/target/test-dir/MiniOzoneClusterImpl-bb4c8f07-45f9-422c-bd0c-8b04330ef271/ozone-meta/datanode-2/ratis] (custom)
2024-03-20 21:08:41,726 [dcffae99-659e-451a-8106-d35894ce685d-groupManagement] INFO  storage.RaftStorageDirectory (RaftStorageDirectoryImpl.java:analyzeStorage(138)) - The storage directory /home/runner/work/ozone/ozone/hadoop-ozone/integration-test/target/test-dir/MiniOzoneClusterImpl-bb4c8f07-45f9-422c-bd0c-8b04330ef271/ozone-meta/datanode-2/ratis/5f814283-c64a-4149-912a-a427ea6fc389 does not exist. Creating ...
2024-03-20 21:08:41,727 [dcffae99-659e-451a-8106-d35894ce685d-groupManagement] INFO  storage.RaftStorageDirectory (RaftStorageDirectoryImpl.java:tryLock(228)) - Lock on /home/runner/work/ozone/ozone/hadoop-ozone/integration-test/target/test-dir/MiniOzoneClusterImpl-bb4c8f07-45f9-422c-bd0c-8b04330ef271/ozone-meta/datanode-2/ratis/5f814283-c64a-4149-912a-a427ea6fc389/in_use.lock acquired by nodename 54244@fv-az1053-74
2024-03-20 21:08:41,729 [dcffae99-659e-451a-8106-d35894ce685d-groupManagement] INFO  storage.RaftStorage (RaftStorageImpl.java:format(99)) - Storage directory /home/runner/work/ozone/ozone/hadoop-ozone/integration-test/target/test-dir/MiniOzoneClusterImpl-bb4c8f07-45f9-422c-bd0c-8b04330ef271/ozone-meta/datanode-2/ratis/5f814283-c64a-4149-912a-a427ea6fc389 has been successfully formatted.
2024-03-20 21:08:41,729 [dcffae99-659e-451a-8106-d35894ce685d-groupManagement] WARN  util.FileUtils (LogUtils.java:supplyAndLog(63)) - Failed to Files.newInputStream /home/runner/work/ozone/ozone/hadoop-ozone/integration-test/target/test-dir/MiniOzoneClusterImpl-bb4c8f07-45f9-422c-bd0c-8b04330ef271/ozone-meta/datanode-2/ratis/5f814283-c64a-4149-912a-a427ea6fc389/current/raft-meta.conf with options []: java.nio.file.NoSuchFileException: /home/runner/work/ozone/ozone/hadoop-ozone/integration-test/target/test-dir/MiniOzoneClusterImpl-bb4c8f07-45f9-422c-bd0c-8b04330ef271/ozone-meta/datanode-2/ratis/5f814283-c64a-4149-912a-a427ea6fc389/current/raft-meta.conf
2024-03-20 21:08:41,729 [dcffae99-659e-451a-8106-d35894ce685d-groupManagement] INFO  ratis.ContainerStateMachine (ContainerStateMachine.java:loadSnapshot(287)) - group-A427EA6FC389: The snapshot info is null. Setting the last applied index to:(t:0, i:~)
2024-03-20 21:08:41,729 [dcffae99-659e-451a-8106-d35894ce685d-groupManagement] INFO  server.RaftServerConfigKeys (ConfUtils.java:logGet(46)) - raft.server.log.use.memory = false (default)
2024-03-20 21:08:41,729 [dcffae99-659e-451a-8106-d35894ce685d-groupManagement] INFO  server.RaftServerConfigKeys (ConfUtils.java:logGet(46)) - raft.server.log.purge.gap = 1000000 (custom)
2024-03-20 21:08:41,730 [dcffae99-659e-451a-8106-d35894ce685d-groupManagement] INFO  server.RaftServerConfigKeys (ConfUtils.java:logGet(46)) - raft.server.log.appender.buffer.byte-limit = 8388608 (custom)
2024-03-20 21:08:41,730 [dcffae99-659e-451a-8106-d35894ce685d-groupManagement] INFO  server.RaftServerConfigKeys (ConfUtils.java:logGet(46)) - raft.server.log.statemachine.data.read.timeout = 1000ms (default)
2024-03-20 21:08:41,730 [dcffae99-659e-451a-8106-d35894ce685d-groupManagement] INFO  server.RaftServerConfigKeys (ConfUtils.java:logGet(46)) - raft.server.log.purge.preservation.log.num = 0 (default)
2024-03-20 21:08:41,732 [dcffae99-659e-451a-8106-d35894ce685d-groupManagement] INFO  server.RaftServerConfigKeys (ConfUtils.java:logGet(46)) - raft.server.log.segment.size.max = 67108864 (custom)
2024-03-20 21:08:41,732 [dcffae99-659e-451a-8106-d35894ce685d-groupManagement] INFO  server.RaftServerConfigKeys (ConfUtils.java:logGet(46)) - raft.server.log.segment.cache.num.max = 2 (custom)
2024-03-20 21:08:41,733 [dcffae99-659e-451a-8106-d35894ce685d-groupManagement] INFO  server.RaftServerConfigKeys (ConfUtils.java:logGet(46)) - raft.server.log.segment.cache.size.max = 200MB (=209715200) (default)
2024-03-20 21:08:41,733 [dcffae99-659e-451a-8106-d35894ce685d-groupManagement] INFO  server.RaftServerConfigKeys (ConfUtils.java:logGet(46)) - raft.server.log.appender.buffer.byte-limit = 8388608 (custom)
2024-03-20 21:08:41,733 [dcffae99-659e-451a-8106-d35894ce685d-groupManagement] INFO  util.AwaitToRun (AwaitToRun.java:start(81)) - Thread[dcffae99-659e-451a-8106-d35894ce685d@group-A427EA6FC389-cacheEviction-AwaitToRun,5,main] started
2024-03-20 21:08:41,733 [dcffae99-659e-451a-8106-d35894ce685d-groupManagement] INFO  segmented.SegmentedRaftLogWorker (SegmentedRaftLogWorker.java:<init>(182)) - new dcffae99-659e-451a-8106-d35894ce685d@group-A427EA6FC389-SegmentedRaftLogWorker for RaftStorageImpl:Storage Directory /home/runner/work/ozone/ozone/hadoop-ozone/integration-test/target/test-dir/MiniOzoneClusterImpl-bb4c8f07-45f9-422c-bd0c-8b04330ef271/ozone-meta/datanode-2/ratis/5f814283-c64a-4149-912a-a427ea6fc389
2024-03-20 21:08:41,733 [dcffae99-659e-451a-8106-d35894ce685d-groupManagement] INFO  server.RaftServerConfigKeys (ConfUtils.java:logGet(46)) - raft.server.log.queue.byte-limit = 4294967296 (custom)
2024-03-20 21:08:41,733 [dcffae99-659e-451a-8106-d35894ce685d-groupManagement] INFO  server.RaftServerConfigKeys (ConfUtils.java:logGet(46)) - raft.server.log.queue.element-limit = 1024 (custom)
2024-03-20 21:08:41,733 [dcffae99-659e-451a-8106-d35894ce685d-groupManagement] INFO  server.RaftServerConfigKeys (ConfUtils.java:logGet(46)) - raft.server.log.segment.size.max = 67108864 (custom)
2024-03-20 21:08:41,733 [dcffae99-659e-451a-8106-d35894ce685d-groupManagement] INFO  server.RaftServerConfigKeys (ConfUtils.java:logGet(46)) - raft.server.log.preallocated.size = 4194304 (custom)
2024-03-20 21:08:41,733 [dcffae99-659e-451a-8106-d35894ce685d-groupManagement] INFO  server.RaftServerConfigKeys (ConfUtils.java:logGet(46)) - raft.server.log.force.sync.num = 128 (default)
2024-03-20 21:08:41,733 [dcffae99-659e-451a-8106-d35894ce685d-groupManagement] INFO  server.RaftServerConfigKeys (ConfUtils.java:logGet(46)) - raft.server.log.statemachine.data.sync = true (default)
2024-03-20 21:08:41,733 [dcffae99-659e-451a-8106-d35894ce685d-groupManagement] INFO  server.RaftServerConfigKeys (ConfUtils.java:logGet(46)) - raft.server.log.statemachine.data.sync.timeout = 10s (default)
2024-03-20 21:08:41,734 [dcffae99-659e-451a-8106-d35894ce685d-groupManagement] INFO  server.RaftServerConfigKeys (ConfUtils.java:logGet(46)) - raft.server.log.statemachine.data.sync.timeout.retry = 0 (custom)
2024-03-20 21:08:41,734 [dcffae99-659e-451a-8106-d35894ce685d-groupManagement] INFO  server.RaftServerConfigKeys (ConfUtils.java:logGet(46)) - raft.server.log.write.buffer.size = 8388616 (custom)
2024-03-20 21:08:41,735 [dcffae99-659e-451a-8106-d35894ce685d-groupManagement] INFO  server.RaftServerConfigKeys (ConfUtils.java:logGet(46)) - raft.server.log.appender.buffer.byte-limit = 8388608 (custom)
2024-03-20 21:08:41,735 [dcffae99-659e-451a-8106-d35894ce685d-groupManagement] INFO  server.RaftServerConfigKeys (ConfUtils.java:logGet(46)) - raft.server.log.unsafe-flush.enabled = false (default)
2024-03-20 21:08:41,735 [dcffae99-659e-451a-8106-d35894ce685d-groupManagement] INFO  server.RaftServerConfigKeys (ConfUtils.java:logGet(46)) - raft.server.log.async-flush.enabled = false (default)
2024-03-20 21:08:41,735 [dcffae99-659e-451a-8106-d35894ce685d-groupManagement] INFO  server.RaftServerConfigKeys (ConfUtils.java:logGet(46)) - raft.server.log.statemachine.data.caching.enabled = true (custom)
2024-03-20 21:08:41,736 [dcffae99-659e-451a-8106-d35894ce685d-groupManagement] INFO  segmented.SegmentedRaftLogWorker (SegmentedRaftLogWorker.java:lambda$new$0(134)) - dcffae99-659e-451a-8106-d35894ce685d@group-A427EA6FC389-SegmentedRaftLogWorker: flushIndex: setUnconditionally 0 -> -1
2024-03-20 21:08:41,736 [dcffae99-659e-451a-8106-d35894ce685d-groupManagement] INFO  segmented.SegmentedRaftLogWorker (SegmentedRaftLogWorker.java:lambda$new$0(134)) - dcffae99-659e-451a-8106-d35894ce685d@group-A427EA6FC389-SegmentedRaftLogWorker: safeCacheEvictIndex: setUnconditionally 0 -> -1
2024-03-20 21:08:41,736 [dcffae99-659e-451a-8106-d35894ce685d-groupManagement] INFO  server.RaftServer$Division (RaftServerImpl.java:start(396)) - dcffae99-659e-451a-8106-d35894ce685d@group-A427EA6FC389: start as a follower, conf=-1: peers:[98cad3d9-1aaa-47a5-be17-9665075729ab|10.1.0.34:15064, bf0d52d7-dce2-4f08-b148-c0add6164c5c|10.1.0.34:15046, dcffae99-659e-451a-8106-d35894ce685d|10.1.0.34:15055]|listeners:[], old=null
2024-03-20 21:08:41,736 [dcffae99-659e-451a-8106-d35894ce685d-groupManagement] INFO  server.RaftServer$Division (RaftServerImpl.java:setRole(383)) - dcffae99-659e-451a-8106-d35894ce685d@group-A427EA6FC389: changes role from      null to FOLLOWER at term 0 for startAsFollower
2024-03-20 21:08:41,736 [dcffae99-659e-451a-8106-d35894ce685d-groupManagement] INFO  impl.RoleInfo (RoleInfo.java:updateAndGet(139)) - dcffae99-659e-451a-8106-d35894ce685d: start dcffae99-659e-451a-8106-d35894ce685d@group-A427EA6FC389-FollowerState
2024-03-20 21:08:41,736 [dcffae99-659e-451a-8106-d35894ce685d@group-A427EA6FC389-FollowerState] INFO  server.RaftServerConfigKeys (ConfUtils.java:logFallback(53)) - raft.server.rpc.first-election.timeout.min = 5s (fallback to raft.server.rpc.timeout.min)
2024-03-20 21:08:41,736 [dcffae99-659e-451a-8106-d35894ce685d@group-A427EA6FC389-FollowerState] INFO  server.RaftServerConfigKeys (ConfUtils.java:logFallback(53)) - raft.server.rpc.first-election.timeout.max = 5200ms (fallback to raft.server.rpc.timeout.max)
2024-03-20 21:08:41,736 [dcffae99-659e-451a-8106-d35894ce685d-groupManagement] INFO  util.JmxRegister (JmxRegister.java:tryRegister(44)) - Successfully registered JMX Bean with object name Ratis:service=RaftServer,group=group-A427EA6FC389,id=dcffae99-659e-451a-8106-d35894ce685d
2024-03-20 21:08:41,737 [dcffae99-659e-451a-8106-d35894ce685d-groupManagement] INFO  server.RaftServerConfigKeys (ConfUtils.java:logGet(46)) - raft.server.snapshot.trigger-when-stop.enabled = true (default)
2024-03-20 21:08:41,737 [dcffae99-659e-451a-8106-d35894ce685d-groupManagement] INFO  server.RaftServerConfigKeys (ConfUtils.java:logGet(46)) - raft.server.snapshot.auto.trigger.enabled = true (custom)
2024-03-20 21:08:41,737 [dcffae99-659e-451a-8106-d35894ce685d-groupManagement] INFO  server.RaftServerConfigKeys (ConfUtils.java:logGet(46)) - raft.server.snapshot.auto.trigger.threshold = 10000 (custom)
2024-03-20 21:08:41,737 [dcffae99-659e-451a-8106-d35894ce685d-groupManagement] INFO  server.RaftServerConfigKeys (ConfUtils.java:logGet(46)) - raft.server.snapshot.retention.file.num = 5 (custom)
2024-03-20 21:08:41,737 [dcffae99-659e-451a-8106-d35894ce685d-groupManagement] INFO  server.RaftServerConfigKeys (ConfUtils.java:logGet(46)) - raft.server.log.purge.upto.snapshot.index = false (default)
2024-03-20 21:08:41,743 [bf0d52d7-dce2-4f08-b148-c0add6164c5c-PipelineCommandHandlerThread-0] INFO  commandhandler.CreatePipelineCommandHandler (CreatePipelineCommandHandler.java:lambda$handle$2(124)) - Created Pipeline RATIS THREE PipelineID=5f814283-c64a-4149-912a-a427ea6fc389.
2024-03-20 21:08:41,798 [dcffae99-659e-451a-8106-d35894ce685d-PipelineCommandHandlerThread-0] INFO  server.RaftServer (RaftServerProxy.java:addNew(100)) - dcffae99-659e-451a-8106-d35894ce685d: addNew group-741CADF3ADA5:[dcffae99-659e-451a-8106-d35894ce685d|10.1.0.34:15055] returns group-741CADF3ADA5:java.util.concurrent.CompletableFuture@2417090d[Not completed]
2024-03-20 21:08:41,799 [dcffae99-659e-451a-8106-d35894ce685d-groupManagement] INFO  server.RaftServer$Division (RaftServerImpl.java:<init>(256)) - dcffae99-659e-451a-8106-d35894ce685d: new RaftServerImpl for group-741CADF3ADA5:[dcffae99-659e-451a-8106-d35894ce685d|10.1.0.34:15055] with ContainerStateMachine:uninitialized
2024-03-20 21:08:41,799 [dcffae99-659e-451a-8106-d35894ce685d-groupManagement] INFO  server.RaftServerConfigKeys (ConfUtils.java:logGet(46)) - raft.server.rpc.timeout.min = 5s (custom)
2024-03-20 21:08:41,800 [dcffae99-659e-451a-8106-d35894ce685d-groupManagement] INFO  server.RaftServerConfigKeys (ConfUtils.java:logGet(46)) - raft.server.rpc.timeout.max = 5200ms (custom)
2024-03-20 21:08:41,800 [dcffae99-659e-451a-8106-d35894ce685d-groupManagement] INFO  server.RaftServerConfigKeys (ConfUtils.java:logGet(46)) - raft.server.rpc.sleep.time = 25ms (default)
2024-03-20 21:08:41,800 [dcffae99-659e-451a-8106-d35894ce685d-groupManagement] INFO  server.RaftServerConfigKeys (ConfUtils.java:logGet(46)) - raft.server.rpc.slowness.timeout = 300s (custom)
2024-03-20 21:08:41,800 [dcffae99-659e-451a-8106-d35894ce685d-groupManagement] INFO  server.RaftServerConfigKeys (ConfUtils.java:logGet(46)) - raft.server.leaderelection.leader.step-down.wait-time = 10s (default)
2024-03-20 21:08:41,800 [dcffae99-659e-451a-8106-d35894ce685d-groupManagement] INFO  server.RaftServerConfigKeys (ConfUtils.java:logGet(46)) - raft.server.leaderelection.member.majority-add = false (default)
2024-03-20 21:08:41,800 [dcffae99-659e-451a-8106-d35894ce685d-groupManagement] INFO  server.RaftServerConfigKeys (ConfUtils.java:logGet(46)) - raft.server.sleep.deviation.threshold = 300ms (default)
2024-03-20 21:08:41,800 [dcffae99-659e-451a-8106-d35894ce685d-groupManagement] INFO  server.RaftServer$Division (ServerState.java:<init>(113)) - dcffae99-659e-451a-8106-d35894ce685d@group-741CADF3ADA5: ConfigurationManager, init=-1: peers:[dcffae99-659e-451a-8106-d35894ce685d|10.1.0.34:15055]|listeners:[], old=null, confs=<EMPTY_MAP>
2024-03-20 21:08:41,800 [dcffae99-659e-451a-8106-d35894ce685d-groupManagement] INFO  server.RaftServerConfigKeys (ConfUtils.java:logGet(46)) - raft.server.notification.no-leader.timeout = 300s (custom)
2024-03-20 21:08:41,800 [dcffae99-659e-451a-8106-d35894ce685d-groupManagement] INFO  server.RaftServerConfigKeys (ConfUtils.java:logGet(46)) - raft.server.read.timeout = 10s (default)
2024-03-20 21:08:41,800 [dcffae99-659e-451a-8106-d35894ce685d-groupManagement] INFO  server.RaftServerConfigKeys (ConfUtils.java:logGet(46)) - raft.server.retrycache.expirytime = 600000ms (custom)
2024-03-20 21:08:41,800 [dcffae99-659e-451a-8106-d35894ce685d-groupManagement] INFO  server.RaftServerConfigKeys (ConfUtils.java:logGet(46)) - raft.server.retrycache.statistics.expirytime = 100ms (default)
2024-03-20 21:08:41,801 [dcffae99-659e-451a-8106-d35894ce685d-groupManagement] INFO  server.RaftServerConfigKeys (ConfUtils.java:logGet(46)) - raft.server.read.option = DEFAULT (default)
2024-03-20 21:08:41,801 [dcffae99-659e-451a-8106-d35894ce685d-groupManagement] INFO  server.RaftServerConfigKeys (ConfUtils.java:logGet(46)) - raft.server.read.read-after-write-consistent.write-index-cache.expiry-time = 60s (default)
2024-03-20 21:08:41,804 [dcffae99-659e-451a-8106-d35894ce685d-groupManagement] INFO  server.RaftServerConfigKeys (ConfUtils.java:logGet(46)) - raft.server.rpc.request.timeout = 60s (custom)
2024-03-20 21:08:41,804 [dcffae99-659e-451a-8106-d35894ce685d-groupManagement] INFO  server.RaftServerConfigKeys (ConfUtils.java:logGet(46)) - raft.server.log.appender.install.snapshot.enabled = false (custom)
2024-03-20 21:08:41,804 [dcffae99-659e-451a-8106-d35894ce685d-groupManagement] INFO  server.RaftServerConfigKeys (ConfUtils.java:logGet(46)) - raft.server.threadpool.server.cached = true (default)
2024-03-20 21:08:41,804 [dcffae99-659e-451a-8106-d35894ce685d-groupManagement] INFO  server.RaftServerConfigKeys (ConfUtils.java:logGet(46)) - raft.server.threadpool.server.size = 0 (default)
2024-03-20 21:08:41,804 [dcffae99-659e-451a-8106-d35894ce685d-groupManagement] INFO  server.RaftServerConfigKeys (ConfUtils.java:logGet(46)) - raft.server.threadpool.client.cached = true (default)
2024-03-20 21:08:41,804 [dcffae99-659e-451a-8106-d35894ce685d-groupManagement] INFO  server.RaftServerConfigKeys (ConfUtils.java:logGet(46)) - raft.server.threadpool.client.size = 0 (default)
2024-03-20 21:08:41,804 [dcffae99-659e-451a-8106-d35894ce685d-groupManagement] INFO  server.RaftServerConfigKeys (ConfUtils.java:logGet(46)) - raft.server.storage.free-space.min = 0MB (=0) (default)
2024-03-20 21:08:41,804 [dcffae99-659e-451a-8106-d35894ce685d-groupManagement] INFO  server.RaftServerConfigKeys (ConfUtils.java:logGet(46)) - raft.server.log.corruption.policy = EXCEPTION (default)
2024-03-20 21:08:41,804 [dcffae99-659e-451a-8106-d35894ce685d-groupManagement] INFO  server.RaftServerConfigKeys (ConfUtils.java:logGet(46)) - raft.server.storage.dir = [/home/runner/work/ozone/ozone/hadoop-ozone/integration-test/target/test-dir/MiniOzoneClusterImpl-bb4c8f07-45f9-422c-bd0c-8b04330ef271/ozone-meta/datanode-2/ratis] (custom)
2024-03-20 21:08:41,805 [dcffae99-659e-451a-8106-d35894ce685d-groupManagement] INFO  storage.RaftStorageDirectory (RaftStorageDirectoryImpl.java:analyzeStorage(138)) - The storage directory /home/runner/work/ozone/ozone/hadoop-ozone/integration-test/target/test-dir/MiniOzoneClusterImpl-bb4c8f07-45f9-422c-bd0c-8b04330ef271/ozone-meta/datanode-2/ratis/e61e95d5-bd41-4202-9183-741cadf3ada5 does not exist. Creating ...
2024-03-20 21:08:41,806 [dcffae99-659e-451a-8106-d35894ce685d-groupManagement] INFO  storage.RaftStorageDirectory (RaftStorageDirectoryImpl.java:tryLock(228)) - Lock on /home/runner/work/ozone/ozone/hadoop-ozone/integration-test/target/test-dir/MiniOzoneClusterImpl-bb4c8f07-45f9-422c-bd0c-8b04330ef271/ozone-meta/datanode-2/ratis/e61e95d5-bd41-4202-9183-741cadf3ada5/in_use.lock acquired by nodename 54244@fv-az1053-74
2024-03-20 21:08:41,806 [dcffae99-659e-451a-8106-d35894ce685d-groupManagement] INFO  storage.RaftStorage (RaftStorageImpl.java:format(99)) - Storage directory /home/runner/work/ozone/ozone/hadoop-ozone/integration-test/target/test-dir/MiniOzoneClusterImpl-bb4c8f07-45f9-422c-bd0c-8b04330ef271/ozone-meta/datanode-2/ratis/e61e95d5-bd41-4202-9183-741cadf3ada5 has been successfully formatted.
2024-03-20 21:08:41,807 [dcffae99-659e-451a-8106-d35894ce685d-groupManagement] WARN  util.FileUtils (LogUtils.java:supplyAndLog(63)) - Failed to Files.newInputStream /home/runner/work/ozone/ozone/hadoop-ozone/integration-test/target/test-dir/MiniOzoneClusterImpl-bb4c8f07-45f9-422c-bd0c-8b04330ef271/ozone-meta/datanode-2/ratis/e61e95d5-bd41-4202-9183-741cadf3ada5/current/raft-meta.conf with options []: java.nio.file.NoSuchFileException: /home/runner/work/ozone/ozone/hadoop-ozone/integration-test/target/test-dir/MiniOzoneClusterImpl-bb4c8f07-45f9-422c-bd0c-8b04330ef271/ozone-meta/datanode-2/ratis/e61e95d5-bd41-4202-9183-741cadf3ada5/current/raft-meta.conf
2024-03-20 21:08:41,807 [dcffae99-659e-451a-8106-d35894ce685d-groupManagement] INFO  ratis.ContainerStateMachine (ContainerStateMachine.java:loadSnapshot(287)) - group-741CADF3ADA5: The snapshot info is null. Setting the last applied index to:(t:0, i:~)
2024-03-20 21:08:41,807 [dcffae99-659e-451a-8106-d35894ce685d-groupManagement] INFO  server.RaftServerConfigKeys (ConfUtils.java:logGet(46)) - raft.server.log.use.memory = false (default)
2024-03-20 21:08:41,807 [dcffae99-659e-451a-8106-d35894ce685d-groupManagement] INFO  server.RaftServerConfigKeys (ConfUtils.java:logGet(46)) - raft.server.log.purge.gap = 1000000 (custom)
2024-03-20 21:08:41,808 [dcffae99-659e-451a-8106-d35894ce685d-groupManagement] INFO  server.RaftServerConfigKeys (ConfUtils.java:logGet(46)) - raft.server.log.appender.buffer.byte-limit = 8388608 (custom)
2024-03-20 21:08:41,808 [dcffae99-659e-451a-8106-d35894ce685d-groupManagement] INFO  server.RaftServerConfigKeys (ConfUtils.java:logGet(46)) - raft.server.log.statemachine.data.read.timeout = 1000ms (default)
2024-03-20 21:08:41,808 [dcffae99-659e-451a-8106-d35894ce685d-groupManagement] INFO  server.RaftServerConfigKeys (ConfUtils.java:logGet(46)) - raft.server.log.purge.preservation.log.num = 0 (default)
2024-03-20 21:08:41,811 [dcffae99-659e-451a-8106-d35894ce685d-groupManagement] INFO  server.RaftServerConfigKeys (ConfUtils.java:logGet(46)) - raft.server.log.segment.size.max = 67108864 (custom)
2024-03-20 21:08:41,811 [dcffae99-659e-451a-8106-d35894ce685d-groupManagement] INFO  server.RaftServerConfigKeys (ConfUtils.java:logGet(46)) - raft.server.log.segment.cache.num.max = 2 (custom)
2024-03-20 21:08:41,812 [dcffae99-659e-451a-8106-d35894ce685d-groupManagement] INFO  server.RaftServerConfigKeys (ConfUtils.java:logGet(46)) - raft.server.log.segment.cache.size.max = 200MB (=209715200) (default)
2024-03-20 21:08:41,812 [dcffae99-659e-451a-8106-d35894ce685d-groupManagement] INFO  server.RaftServerConfigKeys (ConfUtils.java:logGet(46)) - raft.server.log.appender.buffer.byte-limit = 8388608 (custom)
2024-03-20 21:08:41,813 [scmNode-3-EventQueue-PipelineReportForPipelineReportHandler] ERROR pipeline.PipelineReportHandler (PipelineReportHandler.java:onMessage(100)) - Could not process pipeline report=pipelineID {
  id: "e61e95d5-bd41-4202-9183-741cadf3ada5"
  uuid128 {
    mostSigBits: -1864888450449063422
    leastSigBits: -7961392049734570587
  }
}
isLeader: false
bytesWritten: 0
 from dn=dcffae99-659e-451a-8106-d35894ce685d(fv-az1053-74.1e55wlyavovu3ma4fylbaqc4gd.phxx.internal.cloudapp.net/10.1.0.34).
org.apache.hadoop.hdds.scm.exceptions.SCMException: org.apache.ratis.protocol.exceptions.NotLeaderException: Server b12aa423-edbe-43b9-9e95-c7a538dfc443@group-8B04330EF271 is not the leader 1ba87fbc-452a-4836-9768-c65c67837df8|localhost:15003
	at org.apache.hadoop.hdds.scm.ha.SCMHAInvocationHandler.translateException(SCMHAInvocationHandler.java:165)
	at org.apache.hadoop.hdds.scm.ha.SCMHAInvocationHandler.invokeRatis(SCMHAInvocationHandler.java:115)
	at org.apache.hadoop.hdds.scm.ha.SCMHAInvocationHandler.invoke(SCMHAInvocationHandler.java:74)
	at com.sun.proxy.$Proxy34.updatePipelineState(Unknown Source)
	at org.apache.hadoop.hdds.scm.pipeline.PipelineManagerImpl.openPipeline(PipelineManagerImpl.java:430)
	at org.apache.hadoop.hdds.scm.pipeline.PipelineReportHandler.processPipelineReport(PipelineReportHandler.java:135)
	at org.apache.hadoop.hdds.scm.pipeline.PipelineReportHandler.onMessage(PipelineReportHandler.java:93)
	at org.apache.hadoop.hdds.scm.pipeline.PipelineReportHandler.onMessage(PipelineReportHandler.java:52)
	at org.apache.hadoop.hdds.server.events.SingleThreadExecutor.lambda$onMessage$1(SingleThreadExecutor.java:86)
	at java.util.concurrent.ThreadPoolExecutor.runWorker(ThreadPoolExecutor.java:1149)
	at java.util.concurrent.ThreadPoolExecutor$Worker.run(ThreadPoolExecutor.java:624)
	at java.lang.Thread.run(Thread.java:750)
Caused by: org.apache.ratis.protocol.exceptions.NotLeaderException: Server b12aa423-edbe-43b9-9e95-c7a538dfc443@group-8B04330EF271 is not the leader 1ba87fbc-452a-4836-9768-c65c67837df8|localhost:15003
	at org.apache.ratis.server.impl.RaftServerImpl.generateNotLeaderException(RaftServerImpl.java:807)
	at org.apache.ratis.server.impl.RaftServerImpl.checkLeaderState(RaftServerImpl.java:772)
	at org.apache.ratis.server.impl.RaftServerImpl.checkLeaderState(RaftServerImpl.java:758)
	at org.apache.ratis.server.impl.RaftServerImpl.writeAsync(RaftServerImpl.java:938)
	at org.apache.ratis.server.impl.RaftServerImpl.replyFuture(RaftServerImpl.java:931)
	at org.apache.ratis.server.impl.RaftServerImpl.submitClientRequestAsync(RaftServerImpl.java:908)
	at org.apache.ratis.server.impl.RaftServerImpl.lambda$null$13(RaftServerImpl.java:897)
	at org.apache.ratis.util.JavaUtils.callAsUnchecked(JavaUtils.java:118)
	at org.apache.ratis.server.impl.RaftServerImpl.lambda$executeSubmitClientRequestAsync$14(RaftServerImpl.java:897)
	at java.util.concurrent.CompletableFuture$AsyncSupply.run(CompletableFuture.java:1604)
	... 3 more
2024-03-20 21:08:41,813 [scmNode-2-EventQueue-PipelineReportForPipelineReportHandler] ERROR pipeline.PipelineReportHandler (PipelineReportHandler.java:onMessage(100)) - Could not process pipeline report=pipelineID {
  id: "e61e95d5-bd41-4202-9183-741cadf3ada5"
  uuid128 {
    mostSigBits: -1864888450449063422
    leastSigBits: -7961392049734570587
  }
}
isLeader: false
bytesWritten: 0
 from dn=dcffae99-659e-451a-8106-d35894ce685d(fv-az1053-74.1e55wlyavovu3ma4fylbaqc4gd.phxx.internal.cloudapp.net/10.1.0.34).
org.apache.hadoop.hdds.scm.exceptions.SCMException: org.apache.ratis.protocol.exceptions.NotLeaderException: Server be2411e5-a42d-476f-b25b-d7f87790d2c1@group-8B04330EF271 is not the leader 1ba87fbc-452a-4836-9768-c65c67837df8|localhost:15003
	at org.apache.hadoop.hdds.scm.ha.SCMHAInvocationHandler.translateException(SCMHAInvocationHandler.java:165)
	at org.apache.hadoop.hdds.scm.ha.SCMHAInvocationHandler.invokeRatis(SCMHAInvocationHandler.java:115)
	at org.apache.hadoop.hdds.scm.ha.SCMHAInvocationHandler.invoke(SCMHAInvocationHandler.java:74)
	at com.sun.proxy.$Proxy34.updatePipelineState(Unknown Source)
	at org.apache.hadoop.hdds.scm.pipeline.PipelineManagerImpl.openPipeline(PipelineManagerImpl.java:430)
	at org.apache.hadoop.hdds.scm.pipeline.PipelineReportHandler.processPipelineReport(PipelineReportHandler.java:135)
	at org.apache.hadoop.hdds.scm.pipeline.PipelineReportHandler.onMessage(PipelineReportHandler.java:93)
	at org.apache.hadoop.hdds.scm.pipeline.PipelineReportHandler.onMessage(PipelineReportHandler.java:52)
	at org.apache.hadoop.hdds.server.events.SingleThreadExecutor.lambda$onMessage$1(SingleThreadExecutor.java:86)
	at java.util.concurrent.ThreadPoolExecutor.runWorker(ThreadPoolExecutor.java:1149)
	at java.util.concurrent.ThreadPoolExecutor$Worker.run(ThreadPoolExecutor.java:624)
	at java.lang.Thread.run(Thread.java:750)
Caused by: org.apache.ratis.protocol.exceptions.NotLeaderException: Server be2411e5-a42d-476f-b25b-d7f87790d2c1@group-8B04330EF271 is not the leader 1ba87fbc-452a-4836-9768-c65c67837df8|localhost:15003
	at org.apache.ratis.server.impl.RaftServerImpl.generateNotLeaderException(RaftServerImpl.java:807)
	at org.apache.ratis.server.impl.RaftServerImpl.checkLeaderState(RaftServerImpl.java:772)
	at org.apache.ratis.server.impl.RaftServerImpl.checkLeaderState(RaftServerImpl.java:758)
	at org.apache.ratis.server.impl.RaftServerImpl.writeAsync(RaftServerImpl.java:938)
	at org.apache.ratis.server.impl.RaftServerImpl.replyFuture(RaftServerImpl.java:931)
	at org.apache.ratis.server.impl.RaftServerImpl.submitClientRequestAsync(RaftServerImpl.java:908)
	at org.apache.ratis.server.impl.RaftServerImpl.lambda$null$13(RaftServerImpl.java:897)
	at org.apache.ratis.util.JavaUtils.callAsUnchecked(JavaUtils.java:118)
	at org.apache.ratis.server.impl.RaftServerImpl.lambda$executeSubmitClientRequestAsync$14(RaftServerImpl.java:897)
	at java.util.concurrent.CompletableFuture$AsyncSupply.run(CompletableFuture.java:1604)
	... 3 more
2024-03-20 21:08:41,817 [1ba87fbc-452a-4836-9768-c65c67837df8@group-8B04330EF271-StateMachineUpdater] INFO  safemode.HealthyPipelineSafeModeRule (HealthyPipelineSafeModeRule.java:initializeRule(172)) - Refreshed total pipeline count is 0, healthy pipeline threshold count is 1
2024-03-20 21:08:41,817 [scmNode-1-EventQueue-PipelineReportForPipelineReportHandler] INFO  pipeline.PipelineReportHandler (PipelineReportHandler.java:processPipelineReport(136)) - Opened pipeline PipelineID=e61e95d5-bd41-4202-9183-741cadf3ada5
2024-03-20 21:08:41,818 [scmNode-1-EventQueue-OpenPipelineForHealthyPipelineSafeModeRule] INFO  safemode.SCMSafeModeManager (HealthyPipelineSafeModeRule.java:process(140)) - SCM in safe mode. Healthy pipelines reported count is 0, required healthy pipeline reported count is 1
2024-03-20 21:08:41,819 [dcffae99-659e-451a-8106-d35894ce685d-groupManagement] INFO  util.AwaitToRun (AwaitToRun.java:start(81)) - Thread[dcffae99-659e-451a-8106-d35894ce685d@group-741CADF3ADA5-cacheEviction-AwaitToRun,5,main] started
2024-03-20 21:08:41,819 [dcffae99-659e-451a-8106-d35894ce685d-groupManagement] INFO  segmented.SegmentedRaftLogWorker (SegmentedRaftLogWorker.java:<init>(182)) - new dcffae99-659e-451a-8106-d35894ce685d@group-741CADF3ADA5-SegmentedRaftLogWorker for RaftStorageImpl:Storage Directory /home/runner/work/ozone/ozone/hadoop-ozone/integration-test/target/test-dir/MiniOzoneClusterImpl-bb4c8f07-45f9-422c-bd0c-8b04330ef271/ozone-meta/datanode-2/ratis/e61e95d5-bd41-4202-9183-741cadf3ada5
2024-03-20 21:08:41,819 [dcffae99-659e-451a-8106-d35894ce685d-groupManagement] INFO  server.RaftServerConfigKeys (ConfUtils.java:logGet(46)) - raft.server.log.queue.byte-limit = 4294967296 (custom)
2024-03-20 21:08:41,819 [dcffae99-659e-451a-8106-d35894ce685d-groupManagement] INFO  server.RaftServerConfigKeys (ConfUtils.java:logGet(46)) - raft.server.log.queue.element-limit = 1024 (custom)
2024-03-20 21:08:41,819 [dcffae99-659e-451a-8106-d35894ce685d-groupManagement] INFO  server.RaftServerConfigKeys (ConfUtils.java:logGet(46)) - raft.server.log.segment.size.max = 67108864 (custom)
2024-03-20 21:08:41,819 [be2411e5-a42d-476f-b25b-d7f87790d2c1@group-8B04330EF271-StateMachineUpdater] INFO  safemode.HealthyPipelineSafeModeRule (HealthyPipelineSafeModeRule.java:initializeRule(172)) - Refreshed total pipeline count is 0, healthy pipeline threshold count is 1
2024-03-20 21:08:41,819 [dcffae99-659e-451a-8106-d35894ce685d-groupManagement] INFO  server.RaftServerConfigKeys (ConfUtils.java:logGet(46)) - raft.server.log.preallocated.size = 4194304 (custom)
2024-03-20 21:08:41,819 [dcffae99-659e-451a-8106-d35894ce685d-groupManagement] INFO  server.RaftServerConfigKeys (ConfUtils.java:logGet(46)) - raft.server.log.force.sync.num = 128 (default)
2024-03-20 21:08:41,820 [dcffae99-659e-451a-8106-d35894ce685d-groupManagement] INFO  server.RaftServerConfigKeys (ConfUtils.java:logGet(46)) - raft.server.log.statemachine.data.sync = true (default)
2024-03-20 21:08:41,820 [dcffae99-659e-451a-8106-d35894ce685d-groupManagement] INFO  server.RaftServerConfigKeys (ConfUtils.java:logGet(46)) - raft.server.log.statemachine.data.sync.timeout = 10s (default)
2024-03-20 21:08:41,820 [dcffae99-659e-451a-8106-d35894ce685d-groupManagement] INFO  server.RaftServerConfigKeys (ConfUtils.java:logGet(46)) - raft.server.log.statemachine.data.sync.timeout.retry = 0 (custom)
2024-03-20 21:08:41,820 [dcffae99-659e-451a-8106-d35894ce685d-groupManagement] INFO  server.RaftServerConfigKeys (ConfUtils.java:logGet(46)) - raft.server.log.write.buffer.size = 8388616 (custom)
2024-03-20 21:08:41,820 [b12aa423-edbe-43b9-9e95-c7a538dfc443@group-8B04330EF271-StateMachineUpdater] INFO  safemode.HealthyPipelineSafeModeRule (HealthyPipelineSafeModeRule.java:initializeRule(172)) - Refreshed total pipeline count is 0, healthy pipeline threshold count is 1
2024-03-20 21:08:41,822 [dcffae99-659e-451a-8106-d35894ce685d-groupManagement] INFO  server.RaftServerConfigKeys (ConfUtils.java:logGet(46)) - raft.server.log.appender.buffer.byte-limit = 8388608 (custom)
2024-03-20 21:08:41,822 [dcffae99-659e-451a-8106-d35894ce685d-groupManagement] INFO  server.RaftServerConfigKeys (ConfUtils.java:logGet(46)) - raft.server.log.unsafe-flush.enabled = false (default)
2024-03-20 21:08:41,822 [dcffae99-659e-451a-8106-d35894ce685d-groupManagement] INFO  server.RaftServerConfigKeys (ConfUtils.java:logGet(46)) - raft.server.log.async-flush.enabled = false (default)
2024-03-20 21:08:41,822 [dcffae99-659e-451a-8106-d35894ce685d-groupManagement] INFO  server.RaftServerConfigKeys (ConfUtils.java:logGet(46)) - raft.server.log.statemachine.data.caching.enabled = true (custom)
2024-03-20 21:08:41,822 [dcffae99-659e-451a-8106-d35894ce685d-groupManagement] INFO  segmented.SegmentedRaftLogWorker (SegmentedRaftLogWorker.java:lambda$new$0(134)) - dcffae99-659e-451a-8106-d35894ce685d@group-741CADF3ADA5-SegmentedRaftLogWorker: flushIndex: setUnconditionally 0 -> -1
2024-03-20 21:08:41,822 [dcffae99-659e-451a-8106-d35894ce685d-groupManagement] INFO  segmented.SegmentedRaftLogWorker (SegmentedRaftLogWorker.java:lambda$new$0(134)) - dcffae99-659e-451a-8106-d35894ce685d@group-741CADF3ADA5-SegmentedRaftLogWorker: safeCacheEvictIndex: setUnconditionally 0 -> -1
2024-03-20 21:08:41,823 [dcffae99-659e-451a-8106-d35894ce685d-groupManagement] INFO  server.RaftServer$Division (RaftServerImpl.java:start(396)) - dcffae99-659e-451a-8106-d35894ce685d@group-741CADF3ADA5: start as a follower, conf=-1: peers:[dcffae99-659e-451a-8106-d35894ce685d|10.1.0.34:15055]|listeners:[], old=null
2024-03-20 21:08:41,823 [dcffae99-659e-451a-8106-d35894ce685d-groupManagement] INFO  server.RaftServer$Division (RaftServerImpl.java:setRole(383)) - dcffae99-659e-451a-8106-d35894ce685d@group-741CADF3ADA5: changes role from      null to FOLLOWER at term 0 for startAsFollower
2024-03-20 21:08:41,823 [dcffae99-659e-451a-8106-d35894ce685d-groupManagement] INFO  impl.RoleInfo (RoleInfo.java:updateAndGet(139)) - dcffae99-659e-451a-8106-d35894ce685d: start dcffae99-659e-451a-8106-d35894ce685d@group-741CADF3ADA5-FollowerState
2024-03-20 21:08:41,824 [dcffae99-659e-451a-8106-d35894ce685d-groupManagement] INFO  util.JmxRegister (JmxRegister.java:tryRegister(44)) - Successfully registered JMX Bean with object name Ratis:service=RaftServer,group=group-741CADF3ADA5,id=dcffae99-659e-451a-8106-d35894ce685d
2024-03-20 21:08:41,824 [dcffae99-659e-451a-8106-d35894ce685d@group-741CADF3ADA5-FollowerState] INFO  server.RaftServerConfigKeys (ConfUtils.java:logFallback(53)) - raft.server.rpc.first-election.timeout.min = 5s (fallback to raft.server.rpc.timeout.min)
2024-03-20 21:08:41,824 [dcffae99-659e-451a-8106-d35894ce685d-groupManagement] INFO  server.RaftServerConfigKeys (ConfUtils.java:logGet(46)) - raft.server.snapshot.trigger-when-stop.enabled = true (default)
2024-03-20 21:08:41,825 [dcffae99-659e-451a-8106-d35894ce685d@group-741CADF3ADA5-FollowerState] INFO  server.RaftServerConfigKeys (ConfUtils.java:logFallback(53)) - raft.server.rpc.first-election.timeout.max = 5200ms (fallback to raft.server.rpc.timeout.max)
2024-03-20 21:08:41,825 [dcffae99-659e-451a-8106-d35894ce685d-groupManagement] INFO  server.RaftServerConfigKeys (ConfUtils.java:logGet(46)) - raft.server.snapshot.auto.trigger.enabled = true (custom)
2024-03-20 21:08:41,825 [dcffae99-659e-451a-8106-d35894ce685d-groupManagement] INFO  server.RaftServerConfigKeys (ConfUtils.java:logGet(46)) - raft.server.snapshot.auto.trigger.threshold = 10000 (custom)
2024-03-20 21:08:41,825 [dcffae99-659e-451a-8106-d35894ce685d-groupManagement] INFO  server.RaftServerConfigKeys (ConfUtils.java:logGet(46)) - raft.server.snapshot.retention.file.num = 5 (custom)
2024-03-20 21:08:41,825 [dcffae99-659e-451a-8106-d35894ce685d-groupManagement] INFO  server.RaftServerConfigKeys (ConfUtils.java:logGet(46)) - raft.server.log.purge.upto.snapshot.index = false (default)
2024-03-20 21:08:41,826 [dcffae99-659e-451a-8106-d35894ce685d-PipelineCommandHandlerThread-0] INFO  ratis.XceiverServerRatis (XceiverServerRatis.java:addGroup(864)) - Created group PipelineID=e61e95d5-bd41-4202-9183-741cadf3ada5
2024-03-20 21:08:41,826 [dcffae99-659e-451a-8106-d35894ce685d-PipelineCommandHandlerThread-0] INFO  commandhandler.CreatePipelineCommandHandler (CreatePipelineCommandHandler.java:lambda$handle$2(124)) - Created Pipeline RATIS ONE PipelineID=e61e95d5-bd41-4202-9183-741cadf3ada5.
2024-03-20 21:08:42,240 [98cad3d9-1aaa-47a5-be17-9665075729ab-PipelineCommandHandlerThread-0] INFO  server.RaftServer (RaftServerProxy.java:addNew(100)) - 98cad3d9-1aaa-47a5-be17-9665075729ab: addNew group-C82C6F4B1089:[98cad3d9-1aaa-47a5-be17-9665075729ab|10.1.0.34:15064] returns group-C82C6F4B1089:java.util.concurrent.CompletableFuture@486d2904[Not completed]
2024-03-20 21:08:42,241 [98cad3d9-1aaa-47a5-be17-9665075729ab-groupManagement] INFO  server.RaftServer$Division (RaftServerImpl.java:<init>(256)) - 98cad3d9-1aaa-47a5-be17-9665075729ab: new RaftServerImpl for group-C82C6F4B1089:[98cad3d9-1aaa-47a5-be17-9665075729ab|10.1.0.34:15064] with ContainerStateMachine:uninitialized
2024-03-20 21:08:42,241 [98cad3d9-1aaa-47a5-be17-9665075729ab-groupManagement] INFO  server.RaftServerConfigKeys (ConfUtils.java:logGet(46)) - raft.server.rpc.timeout.min = 5s (custom)
2024-03-20 21:08:42,241 [98cad3d9-1aaa-47a5-be17-9665075729ab-groupManagement] INFO  server.RaftServerConfigKeys (ConfUtils.java:logGet(46)) - raft.server.rpc.timeout.max = 5200ms (custom)
2024-03-20 21:08:42,241 [98cad3d9-1aaa-47a5-be17-9665075729ab-groupManagement] INFO  server.RaftServerConfigKeys (ConfUtils.java:logGet(46)) - raft.server.rpc.sleep.time = 25ms (default)
2024-03-20 21:08:42,241 [98cad3d9-1aaa-47a5-be17-9665075729ab-groupManagement] INFO  server.RaftServerConfigKeys (ConfUtils.java:logGet(46)) - raft.server.rpc.slowness.timeout = 300s (custom)
2024-03-20 21:08:42,241 [98cad3d9-1aaa-47a5-be17-9665075729ab-groupManagement] INFO  server.RaftServerConfigKeys (ConfUtils.java:logGet(46)) - raft.server.leaderelection.leader.step-down.wait-time = 10s (default)
2024-03-20 21:08:42,241 [98cad3d9-1aaa-47a5-be17-9665075729ab-groupManagement] INFO  server.RaftServerConfigKeys (ConfUtils.java:logGet(46)) - raft.server.leaderelection.member.majority-add = false (default)
2024-03-20 21:08:42,242 [98cad3d9-1aaa-47a5-be17-9665075729ab-groupManagement] INFO  server.RaftServerConfigKeys (ConfUtils.java:logGet(46)) - raft.server.sleep.deviation.threshold = 300ms (default)
2024-03-20 21:08:42,242 [98cad3d9-1aaa-47a5-be17-9665075729ab-groupManagement] INFO  server.RaftServer$Division (ServerState.java:<init>(113)) - 98cad3d9-1aaa-47a5-be17-9665075729ab@group-C82C6F4B1089: ConfigurationManager, init=-1: peers:[98cad3d9-1aaa-47a5-be17-9665075729ab|10.1.0.34:15064]|listeners:[], old=null, confs=<EMPTY_MAP>
2024-03-20 21:08:42,242 [98cad3d9-1aaa-47a5-be17-9665075729ab-groupManagement] INFO  server.RaftServerConfigKeys (ConfUtils.java:logGet(46)) - raft.server.notification.no-leader.timeout = 300s (custom)
2024-03-20 21:08:42,242 [98cad3d9-1aaa-47a5-be17-9665075729ab-groupManagement] INFO  server.RaftServerConfigKeys (ConfUtils.java:logGet(46)) - raft.server.read.timeout = 10s (default)
2024-03-20 21:08:42,242 [98cad3d9-1aaa-47a5-be17-9665075729ab-groupManagement] INFO  server.RaftServerConfigKeys (ConfUtils.java:logGet(46)) - raft.server.retrycache.expirytime = 600000ms (custom)
2024-03-20 21:08:42,242 [98cad3d9-1aaa-47a5-be17-9665075729ab-groupManagement] INFO  server.RaftServerConfigKeys (ConfUtils.java:logGet(46)) - raft.server.retrycache.statistics.expirytime = 100ms (default)
2024-03-20 21:08:42,242 [98cad3d9-1aaa-47a5-be17-9665075729ab-groupManagement] INFO  server.RaftServerConfigKeys (ConfUtils.java:logGet(46)) - raft.server.read.option = DEFAULT (default)
2024-03-20 21:08:42,242 [98cad3d9-1aaa-47a5-be17-9665075729ab-groupManagement] INFO  server.RaftServerConfigKeys (ConfUtils.java:logGet(46)) - raft.server.read.read-after-write-consistent.write-index-cache.expiry-time = 60s (default)
2024-03-20 21:08:42,244 [98cad3d9-1aaa-47a5-be17-9665075729ab-groupManagement] INFO  server.RaftServerConfigKeys (ConfUtils.java:logGet(46)) - raft.server.rpc.request.timeout = 60s (custom)
2024-03-20 21:08:42,245 [98cad3d9-1aaa-47a5-be17-9665075729ab-groupManagement] INFO  server.RaftServerConfigKeys (ConfUtils.java:logGet(46)) - raft.server.log.appender.install.snapshot.enabled = false (custom)
2024-03-20 21:08:42,245 [98cad3d9-1aaa-47a5-be17-9665075729ab-groupManagement] INFO  server.RaftServerConfigKeys (ConfUtils.java:logGet(46)) - raft.server.threadpool.server.cached = true (default)
2024-03-20 21:08:42,245 [98cad3d9-1aaa-47a5-be17-9665075729ab-groupManagement] INFO  server.RaftServerConfigKeys (ConfUtils.java:logGet(46)) - raft.server.threadpool.server.size = 0 (default)
2024-03-20 21:08:42,245 [98cad3d9-1aaa-47a5-be17-9665075729ab-groupManagement] INFO  server.RaftServerConfigKeys (ConfUtils.java:logGet(46)) - raft.server.threadpool.client.cached = true (default)
2024-03-20 21:08:42,245 [98cad3d9-1aaa-47a5-be17-9665075729ab-groupManagement] INFO  server.RaftServerConfigKeys (ConfUtils.java:logGet(46)) - raft.server.threadpool.client.size = 0 (default)
2024-03-20 21:08:42,245 [98cad3d9-1aaa-47a5-be17-9665075729ab-groupManagement] INFO  server.RaftServerConfigKeys (ConfUtils.java:logGet(46)) - raft.server.storage.free-space.min = 0MB (=0) (default)
2024-03-20 21:08:42,245 [98cad3d9-1aaa-47a5-be17-9665075729ab-groupManagement] INFO  server.RaftServerConfigKeys (ConfUtils.java:logGet(46)) - raft.server.log.corruption.policy = EXCEPTION (default)
2024-03-20 21:08:42,245 [98cad3d9-1aaa-47a5-be17-9665075729ab-groupManagement] INFO  server.RaftServerConfigKeys (ConfUtils.java:logGet(46)) - raft.server.storage.dir = [/home/runner/work/ozone/ozone/hadoop-ozone/integration-test/target/test-dir/MiniOzoneClusterImpl-bb4c8f07-45f9-422c-bd0c-8b04330ef271/ozone-meta/datanode-3/ratis] (custom)
2024-03-20 21:08:42,246 [98cad3d9-1aaa-47a5-be17-9665075729ab-groupManagement] INFO  storage.RaftStorageDirectory (RaftStorageDirectoryImpl.java:analyzeStorage(138)) - The storage directory /home/runner/work/ozone/ozone/hadoop-ozone/integration-test/target/test-dir/MiniOzoneClusterImpl-bb4c8f07-45f9-422c-bd0c-8b04330ef271/ozone-meta/datanode-3/ratis/df96a643-c626-49e9-8926-c82c6f4b1089 does not exist. Creating ...
2024-03-20 21:08:42,246 [main] INFO  ozone.MiniOzoneClusterImpl (MiniOzoneClusterImpl.java:lambda$waitForClusterToBeReady$0(194)) - Nodes are ready. Got 3 of 3 DN Heartbeats.
2024-03-20 21:08:42,247 [main] INFO  ozone.MiniOzoneClusterImpl (MiniOzoneClusterImpl.java:lambda$waitForClusterToBeReady$0(197)) - Waiting for cluster to exit safe mode
2024-03-20 21:08:42,247 [main] INFO  ozone.MiniOzoneClusterImpl (MiniOzoneClusterImpl.java:lambda$waitForClusterToBeReady$0(199)) - SCM became leader
2024-03-20 21:08:42,246 [98cad3d9-1aaa-47a5-be17-9665075729ab-groupManagement] INFO  storage.RaftStorageDirectory (RaftStorageDirectoryImpl.java:tryLock(228)) - Lock on /home/runner/work/ozone/ozone/hadoop-ozone/integration-test/target/test-dir/MiniOzoneClusterImpl-bb4c8f07-45f9-422c-bd0c-8b04330ef271/ozone-meta/datanode-3/ratis/df96a643-c626-49e9-8926-c82c6f4b1089/in_use.lock acquired by nodename 54244@fv-az1053-74
2024-03-20 21:08:42,248 [98cad3d9-1aaa-47a5-be17-9665075729ab-groupManagement] INFO  storage.RaftStorage (RaftStorageImpl.java:format(99)) - Storage directory /home/runner/work/ozone/ozone/hadoop-ozone/integration-test/target/test-dir/MiniOzoneClusterImpl-bb4c8f07-45f9-422c-bd0c-8b04330ef271/ozone-meta/datanode-3/ratis/df96a643-c626-49e9-8926-c82c6f4b1089 has been successfully formatted.
2024-03-20 21:08:42,249 [98cad3d9-1aaa-47a5-be17-9665075729ab-groupManagement] WARN  util.FileUtils (LogUtils.java:supplyAndLog(63)) - Failed to Files.newInputStream /home/runner/work/ozone/ozone/hadoop-ozone/integration-test/target/test-dir/MiniOzoneClusterImpl-bb4c8f07-45f9-422c-bd0c-8b04330ef271/ozone-meta/datanode-3/ratis/df96a643-c626-49e9-8926-c82c6f4b1089/current/raft-meta.conf with options []: java.nio.file.NoSuchFileException: /home/runner/work/ozone/ozone/hadoop-ozone/integration-test/target/test-dir/MiniOzoneClusterImpl-bb4c8f07-45f9-422c-bd0c-8b04330ef271/ozone-meta/datanode-3/ratis/df96a643-c626-49e9-8926-c82c6f4b1089/current/raft-meta.conf
2024-03-20 21:08:42,249 [98cad3d9-1aaa-47a5-be17-9665075729ab-groupManagement] INFO  ratis.ContainerStateMachine (ContainerStateMachine.java:loadSnapshot(287)) - group-C82C6F4B1089: The snapshot info is null. Setting the last applied index to:(t:0, i:~)
2024-03-20 21:08:42,249 [98cad3d9-1aaa-47a5-be17-9665075729ab-groupManagement] INFO  server.RaftServerConfigKeys (ConfUtils.java:logGet(46)) - raft.server.log.use.memory = false (default)
2024-03-20 21:08:42,249 [98cad3d9-1aaa-47a5-be17-9665075729ab-groupManagement] INFO  server.RaftServerConfigKeys (ConfUtils.java:logGet(46)) - raft.server.log.purge.gap = 1000000 (custom)
2024-03-20 21:08:42,250 [98cad3d9-1aaa-47a5-be17-9665075729ab-groupManagement] INFO  server.RaftServerConfigKeys (ConfUtils.java:logGet(46)) - raft.server.log.appender.buffer.byte-limit = 8388608 (custom)
2024-03-20 21:08:42,250 [98cad3d9-1aaa-47a5-be17-9665075729ab-groupManagement] INFO  server.RaftServerConfigKeys (ConfUtils.java:logGet(46)) - raft.server.log.statemachine.data.read.timeout = 1000ms (default)
2024-03-20 21:08:42,250 [98cad3d9-1aaa-47a5-be17-9665075729ab-groupManagement] INFO  server.RaftServerConfigKeys (ConfUtils.java:logGet(46)) - raft.server.log.purge.preservation.log.num = 0 (default)
2024-03-20 21:08:42,253 [scmNode-2-EventQueue-PipelineReportForPipelineReportHandler] ERROR pipeline.PipelineReportHandler (PipelineReportHandler.java:onMessage(100)) - Could not process pipeline report=pipelineID {
  id: "df96a643-c626-49e9-8926-c82c6f4b1089"
  uuid128 {
    mostSigBits: -2335496546727605783
    leastSigBits: -8563937548227112823
  }
}
isLeader: false
bytesWritten: 0
 from dn=98cad3d9-1aaa-47a5-be17-9665075729ab(fv-az1053-74.1e55wlyavovu3ma4fylbaqc4gd.phxx.internal.cloudapp.net/10.1.0.34).
org.apache.hadoop.hdds.scm.exceptions.SCMException: org.apache.ratis.protocol.exceptions.NotLeaderException: Server be2411e5-a42d-476f-b25b-d7f87790d2c1@group-8B04330EF271 is not the leader 1ba87fbc-452a-4836-9768-c65c67837df8|localhost:15003
	at org.apache.hadoop.hdds.scm.ha.SCMHAInvocationHandler.translateException(SCMHAInvocationHandler.java:165)
	at org.apache.hadoop.hdds.scm.ha.SCMHAInvocationHandler.invokeRatis(SCMHAInvocationHandler.java:115)
	at org.apache.hadoop.hdds.scm.ha.SCMHAInvocationHandler.invoke(SCMHAInvocationHandler.java:74)
	at com.sun.proxy.$Proxy34.updatePipelineState(Unknown Source)
	at org.apache.hadoop.hdds.scm.pipeline.PipelineManagerImpl.openPipeline(PipelineManagerImpl.java:430)
	at org.apache.hadoop.hdds.scm.pipeline.PipelineReportHandler.processPipelineReport(PipelineReportHandler.java:135)
	at org.apache.hadoop.hdds.scm.pipeline.PipelineReportHandler.onMessage(PipelineReportHandler.java:93)
	at org.apache.hadoop.hdds.scm.pipeline.PipelineReportHandler.onMessage(PipelineReportHandler.java:52)
	at org.apache.hadoop.hdds.server.events.SingleThreadExecutor.lambda$onMessage$1(SingleThreadExecutor.java:86)
	at java.util.concurrent.ThreadPoolExecutor.runWorker(ThreadPoolExecutor.java:1149)
	at java.util.concurrent.ThreadPoolExecutor$Worker.run(ThreadPoolExecutor.java:624)
	at java.lang.Thread.run(Thread.java:750)
Caused by: org.apache.ratis.protocol.exceptions.NotLeaderException: Server be2411e5-a42d-476f-b25b-d7f87790d2c1@group-8B04330EF271 is not the leader 1ba87fbc-452a-4836-9768-c65c67837df8|localhost:15003
	at org.apache.ratis.server.impl.RaftServerImpl.generateNotLeaderException(RaftServerImpl.java:807)
	at org.apache.ratis.server.impl.RaftServerImpl.checkLeaderState(RaftServerImpl.java:772)
	at org.apache.ratis.server.impl.RaftServerImpl.checkLeaderState(RaftServerImpl.java:758)
	at org.apache.ratis.server.impl.RaftServerImpl.writeAsync(RaftServerImpl.java:938)
	at org.apache.ratis.server.impl.RaftServerImpl.replyFuture(RaftServerImpl.java:931)
	at org.apache.ratis.server.impl.RaftServerImpl.submitClientRequestAsync(RaftServerImpl.java:908)
	at org.apache.ratis.server.impl.RaftServerImpl.lambda$null$13(RaftServerImpl.java:897)
	at org.apache.ratis.util.JavaUtils.callAsUnchecked(JavaUtils.java:118)
	at org.apache.ratis.server.impl.RaftServerImpl.lambda$executeSubmitClientRequestAsync$14(RaftServerImpl.java:897)
	at java.util.concurrent.CompletableFuture$AsyncSupply.run(CompletableFuture.java:1604)
	... 3 more
2024-03-20 21:08:42,256 [1ba87fbc-452a-4836-9768-c65c67837df8@group-8B04330EF271-StateMachineUpdater] INFO  safemode.HealthyPipelineSafeModeRule (HealthyPipelineSafeModeRule.java:initializeRule(172)) - Refreshed total pipeline count is 0, healthy pipeline threshold count is 1
2024-03-20 21:08:42,255 [98cad3d9-1aaa-47a5-be17-9665075729ab-groupManagement] INFO  server.RaftServerConfigKeys (ConfUtils.java:logGet(46)) - raft.server.log.segment.size.max = 67108864 (custom)
2024-03-20 21:08:42,253 [scmNode-3-EventQueue-PipelineReportForPipelineReportHandler] ERROR pipeline.PipelineReportHandler (PipelineReportHandler.java:onMessage(100)) - Could not process pipeline report=pipelineID {
  id: "df96a643-c626-49e9-8926-c82c6f4b1089"
  uuid128 {
    mostSigBits: -2335496546727605783
    leastSigBits: -8563937548227112823
  }
}
isLeader: false
bytesWritten: 0
 from dn=98cad3d9-1aaa-47a5-be17-9665075729ab(fv-az1053-74.1e55wlyavovu3ma4fylbaqc4gd.phxx.internal.cloudapp.net/10.1.0.34).
org.apache.hadoop.hdds.scm.exceptions.SCMException: org.apache.ratis.protocol.exceptions.NotLeaderException: Server b12aa423-edbe-43b9-9e95-c7a538dfc443@group-8B04330EF271 is not the leader 1ba87fbc-452a-4836-9768-c65c67837df8|localhost:15003
	at org.apache.hadoop.hdds.scm.ha.SCMHAInvocationHandler.translateException(SCMHAInvocationHandler.java:165)
	at org.apache.hadoop.hdds.scm.ha.SCMHAInvocationHandler.invokeRatis(SCMHAInvocationHandler.java:115)
	at org.apache.hadoop.hdds.scm.ha.SCMHAInvocationHandler.invoke(SCMHAInvocationHandler.java:74)
	at com.sun.proxy.$Proxy34.updatePipelineState(Unknown Source)
	at org.apache.hadoop.hdds.scm.pipeline.PipelineManagerImpl.openPipeline(PipelineManagerImpl.java:430)
	at org.apache.hadoop.hdds.scm.pipeline.PipelineReportHandler.processPipelineReport(PipelineReportHandler.java:135)
	at org.apache.hadoop.hdds.scm.pipeline.PipelineReportHandler.onMessage(PipelineReportHandler.java:93)
	at org.apache.hadoop.hdds.scm.pipeline.PipelineReportHandler.onMessage(PipelineReportHandler.java:52)
	at org.apache.hadoop.hdds.server.events.SingleThreadExecutor.lambda$onMessage$1(SingleThreadExecutor.java:86)
	at java.util.concurrent.ThreadPoolExecutor.runWorker(ThreadPoolExecutor.java:1149)
	at java.util.concurrent.ThreadPoolExecutor$Worker.run(ThreadPoolExecutor.java:624)
	at java.lang.Thread.run(Thread.java:750)
Caused by: org.apache.ratis.protocol.exceptions.NotLeaderException: Server b12aa423-edbe-43b9-9e95-c7a538dfc443@group-8B04330EF271 is not the leader 1ba87fbc-452a-4836-9768-c65c67837df8|localhost:15003
	at org.apache.ratis.server.impl.RaftServerImpl.generateNotLeaderException(RaftServerImpl.java:807)
	at org.apache.ratis.server.impl.RaftServerImpl.checkLeaderState(RaftServerImpl.java:772)
	at org.apache.ratis.server.impl.RaftServerImpl.checkLeaderState(RaftServerImpl.java:758)
	at org.apache.ratis.server.impl.RaftServerImpl.writeAsync(RaftServerImpl.java:938)
	at org.apache.ratis.server.impl.RaftServerImpl.replyFuture(RaftServerImpl.java:931)
	at org.apache.ratis.server.impl.RaftServerImpl.submitClientRequestAsync(RaftServerImpl.java:908)
	at org.apache.ratis.server.impl.RaftServerImpl.lambda$null$13(RaftServerImpl.java:897)
	at org.apache.ratis.util.JavaUtils.callAsUnchecked(JavaUtils.java:118)
	at org.apache.ratis.server.impl.RaftServerImpl.lambda$executeSubmitClientRequestAsync$14(RaftServerImpl.java:897)
	at java.util.concurrent.CompletableFuture$AsyncSupply.run(CompletableFuture.java:1604)
	... 3 more
2024-03-20 21:08:42,258 [98cad3d9-1aaa-47a5-be17-9665075729ab-groupManagement] INFO  server.RaftServerConfigKeys (ConfUtils.java:logGet(46)) - raft.server.log.segment.cache.num.max = 2 (custom)
2024-03-20 21:08:42,258 [scmNode-1-EventQueue-PipelineReportForPipelineReportHandler] INFO  pipeline.PipelineReportHandler (PipelineReportHandler.java:processPipelineReport(136)) - Opened pipeline PipelineID=df96a643-c626-49e9-8926-c82c6f4b1089
2024-03-20 21:08:42,260 [scmNode-1-EventQueue-OpenPipelineForHealthyPipelineSafeModeRule] INFO  safemode.SCMSafeModeManager (HealthyPipelineSafeModeRule.java:process(140)) - SCM in safe mode. Healthy pipelines reported count is 0, required healthy pipeline reported count is 1
2024-03-20 21:08:42,261 [be2411e5-a42d-476f-b25b-d7f87790d2c1@group-8B04330EF271-StateMachineUpdater] INFO  safemode.HealthyPipelineSafeModeRule (HealthyPipelineSafeModeRule.java:initializeRule(172)) - Refreshed total pipeline count is 0, healthy pipeline threshold count is 1
2024-03-20 21:08:42,261 [b12aa423-edbe-43b9-9e95-c7a538dfc443@group-8B04330EF271-StateMachineUpdater] INFO  safemode.HealthyPipelineSafeModeRule (HealthyPipelineSafeModeRule.java:initializeRule(172)) - Refreshed total pipeline count is 0, healthy pipeline threshold count is 1
2024-03-20 21:08:42,268 [98cad3d9-1aaa-47a5-be17-9665075729ab-groupManagement] INFO  server.RaftServerConfigKeys (ConfUtils.java:logGet(46)) - raft.server.log.segment.cache.size.max = 200MB (=209715200) (default)
2024-03-20 21:08:42,268 [98cad3d9-1aaa-47a5-be17-9665075729ab-groupManagement] INFO  server.RaftServerConfigKeys (ConfUtils.java:logGet(46)) - raft.server.log.appender.buffer.byte-limit = 8388608 (custom)
2024-03-20 21:08:42,269 [98cad3d9-1aaa-47a5-be17-9665075729ab-groupManagement] INFO  util.AwaitToRun (AwaitToRun.java:start(81)) - Thread[98cad3d9-1aaa-47a5-be17-9665075729ab@group-C82C6F4B1089-cacheEviction-AwaitToRun,5,main] started
2024-03-20 21:08:42,269 [98cad3d9-1aaa-47a5-be17-9665075729ab-groupManagement] INFO  segmented.SegmentedRaftLogWorker (SegmentedRaftLogWorker.java:<init>(182)) - new 98cad3d9-1aaa-47a5-be17-9665075729ab@group-C82C6F4B1089-SegmentedRaftLogWorker for RaftStorageImpl:Storage Directory /home/runner/work/ozone/ozone/hadoop-ozone/integration-test/target/test-dir/MiniOzoneClusterImpl-bb4c8f07-45f9-422c-bd0c-8b04330ef271/ozone-meta/datanode-3/ratis/df96a643-c626-49e9-8926-c82c6f4b1089
2024-03-20 21:08:42,270 [98cad3d9-1aaa-47a5-be17-9665075729ab-groupManagement] INFO  server.RaftServerConfigKeys (ConfUtils.java:logGet(46)) - raft.server.log.queue.byte-limit = 4294967296 (custom)
2024-03-20 21:08:42,270 [98cad3d9-1aaa-47a5-be17-9665075729ab-groupManagement] INFO  server.RaftServerConfigKeys (ConfUtils.java:logGet(46)) - raft.server.log.queue.element-limit = 1024 (custom)
2024-03-20 21:08:42,270 [98cad3d9-1aaa-47a5-be17-9665075729ab-groupManagement] INFO  server.RaftServerConfigKeys (ConfUtils.java:logGet(46)) - raft.server.log.segment.size.max = 67108864 (custom)
2024-03-20 21:08:42,270 [98cad3d9-1aaa-47a5-be17-9665075729ab-groupManagement] INFO  server.RaftServerConfigKeys (ConfUtils.java:logGet(46)) - raft.server.log.preallocated.size = 4194304 (custom)
2024-03-20 21:08:42,270 [98cad3d9-1aaa-47a5-be17-9665075729ab-groupManagement] INFO  server.RaftServerConfigKeys (ConfUtils.java:logGet(46)) - raft.server.log.force.sync.num = 128 (default)
2024-03-20 21:08:42,270 [98cad3d9-1aaa-47a5-be17-9665075729ab-groupManagement] INFO  server.RaftServerConfigKeys (ConfUtils.java:logGet(46)) - raft.server.log.statemachine.data.sync = true (default)
2024-03-20 21:08:42,270 [98cad3d9-1aaa-47a5-be17-9665075729ab-groupManagement] INFO  server.RaftServerConfigKeys (ConfUtils.java:logGet(46)) - raft.server.log.statemachine.data.sync.timeout = 10s (default)
2024-03-20 21:08:42,270 [98cad3d9-1aaa-47a5-be17-9665075729ab-groupManagement] INFO  server.RaftServerConfigKeys (ConfUtils.java:logGet(46)) - raft.server.log.statemachine.data.sync.timeout.retry = 0 (custom)
2024-03-20 21:08:42,271 [98cad3d9-1aaa-47a5-be17-9665075729ab-groupManagement] INFO  server.RaftServerConfigKeys (ConfUtils.java:logGet(46)) - raft.server.log.write.buffer.size = 8388616 (custom)
2024-03-20 21:08:42,272 [98cad3d9-1aaa-47a5-be17-9665075729ab-groupManagement] INFO  server.RaftServerConfigKeys (ConfUtils.java:logGet(46)) - raft.server.log.appender.buffer.byte-limit = 8388608 (custom)
2024-03-20 21:08:42,273 [98cad3d9-1aaa-47a5-be17-9665075729ab-groupManagement] INFO  server.RaftServerConfigKeys (ConfUtils.java:logGet(46)) - raft.server.log.unsafe-flush.enabled = false (default)
2024-03-20 21:08:42,273 [98cad3d9-1aaa-47a5-be17-9665075729ab-groupManagement] INFO  server.RaftServerConfigKeys (ConfUtils.java:logGet(46)) - raft.server.log.async-flush.enabled = false (default)
2024-03-20 21:08:42,273 [98cad3d9-1aaa-47a5-be17-9665075729ab-groupManagement] INFO  server.RaftServerConfigKeys (ConfUtils.java:logGet(46)) - raft.server.log.statemachine.data.caching.enabled = true (custom)
2024-03-20 21:08:42,273 [98cad3d9-1aaa-47a5-be17-9665075729ab-groupManagement] INFO  segmented.SegmentedRaftLogWorker (SegmentedRaftLogWorker.java:lambda$new$0(134)) - 98cad3d9-1aaa-47a5-be17-9665075729ab@group-C82C6F4B1089-SegmentedRaftLogWorker: flushIndex: setUnconditionally 0 -> -1
2024-03-20 21:08:42,273 [98cad3d9-1aaa-47a5-be17-9665075729ab-groupManagement] INFO  segmented.SegmentedRaftLogWorker (SegmentedRaftLogWorker.java:lambda$new$0(134)) - 98cad3d9-1aaa-47a5-be17-9665075729ab@group-C82C6F4B1089-SegmentedRaftLogWorker: safeCacheEvictIndex: setUnconditionally 0 -> -1
2024-03-20 21:08:42,273 [scmNode-1-SecretKeyManagerService] INFO  symmetric.SecretKeyManager (SecretKeyManager.java:checkAndRotate(125)) - SecretKey rotation is happening, new key generated SecretKey(id = e70bca35-6931-4f5e-a90e-56afd3799607, creation at: 2024-03-20T21:08:42.272Z, expire at: 2024-03-20T21:08:45.272Z)
2024-03-20 21:08:42,279 [1ba87fbc-452a-4836-9768-c65c67837df8@group-8B04330EF271-StateMachineUpdater] INFO  symmetric.SecretKeyStateImpl (SecretKeyStateImpl.java:updateKeysInternal(113)) - Updating keys with [SecretKey(id = d5b7004e-2b3c-4891-a75b-d9c5c59b0451, creation at: 2024-03-20T21:08:41.272Z, expire at: 2024-03-20T21:08:44.272Z), SecretKey(id = e71b8c53-71b5-4165-845d-fa0639de1b4b, creation at: 2024-03-20T21:08:40.272Z, expire at: 2024-03-20T21:08:43.272Z), SecretKey(id = e70bca35-6931-4f5e-a90e-56afd3799607, creation at: 2024-03-20T21:08:42.272Z, expire at: 2024-03-20T21:08:45.272Z)]
2024-03-20 21:08:42,279 [1ba87fbc-452a-4836-9768-c65c67837df8@group-8B04330EF271-StateMachineUpdater] INFO  symmetric.SecretKeyStateImpl (SecretKeyStateImpl.java:updateKeysInternal(128)) - Current key updated SecretKey(id = e70bca35-6931-4f5e-a90e-56afd3799607, creation at: 2024-03-20T21:08:42.272Z, expire at: 2024-03-20T21:08:45.272Z)
2024-03-20 21:08:42,279 [1ba87fbc-452a-4836-9768-c65c67837df8@group-8B04330EF271-StateMachineUpdater] INFO  symmetric.LocalSecretKeyStore (LocalSecretKeyStore.java:save(109)) - Saved [SecretKey(id = e70bca35-6931-4f5e-a90e-56afd3799607, creation at: 2024-03-20T21:08:42.272Z, expire at: 2024-03-20T21:08:45.272Z), SecretKey(id = d5b7004e-2b3c-4891-a75b-d9c5c59b0451, creation at: 2024-03-20T21:08:41.272Z, expire at: 2024-03-20T21:08:44.272Z), SecretKey(id = e71b8c53-71b5-4165-845d-fa0639de1b4b, creation at: 2024-03-20T21:08:40.272Z, expire at: 2024-03-20T21:08:43.272Z)] to file /home/runner/work/ozone/ozone/hadoop-ozone/integration-test/target/test-dir/MiniOzoneClusterImpl-bb4c8f07-45f9-422c-bd0c-8b04330ef271/scmNode-1/scm/keys/secret_keys.json
2024-03-20 21:08:42,280 [1ba87fbc-452a-4836-9768-c65c67837df8@group-8B04330EF271-StateMachineUpdater] INFO  safemode.HealthyPipelineSafeModeRule (HealthyPipelineSafeModeRule.java:initializeRule(172)) - Refreshed total pipeline count is 0, healthy pipeline threshold count is 1
2024-03-20 21:08:42,280 [b12aa423-edbe-43b9-9e95-c7a538dfc443@group-8B04330EF271-StateMachineUpdater] INFO  symmetric.SecretKeyStateImpl (SecretKeyStateImpl.java:updateKeysInternal(113)) - Updating keys with [SecretKey(id = d5b7004e-2b3c-4891-a75b-d9c5c59b0451, creation at: 2024-03-20T21:08:41.272Z, expire at: 2024-03-20T21:08:44.272Z), SecretKey(id = e71b8c53-71b5-4165-845d-fa0639de1b4b, creation at: 2024-03-20T21:08:40.272Z, expire at: 2024-03-20T21:08:43.272Z), SecretKey(id = e70bca35-6931-4f5e-a90e-56afd3799607, creation at: 2024-03-20T21:08:42.272Z, expire at: 2024-03-20T21:08:45.272Z)]
2024-03-20 21:08:42,280 [b12aa423-edbe-43b9-9e95-c7a538dfc443@group-8B04330EF271-StateMachineUpdater] INFO  symmetric.SecretKeyStateImpl (SecretKeyStateImpl.java:updateKeysInternal(128)) - Current key updated SecretKey(id = e70bca35-6931-4f5e-a90e-56afd3799607, creation at: 2024-03-20T21:08:42.272Z, expire at: 2024-03-20T21:08:45.272Z)
2024-03-20 21:08:42,281 [b12aa423-edbe-43b9-9e95-c7a538dfc443@group-8B04330EF271-StateMachineUpdater] INFO  symmetric.LocalSecretKeyStore (LocalSecretKeyStore.java:save(109)) - Saved [SecretKey(id = e70bca35-6931-4f5e-a90e-56afd3799607, creation at: 2024-03-20T21:08:42.272Z, expire at: 2024-03-20T21:08:45.272Z), SecretKey(id = d5b7004e-2b3c-4891-a75b-d9c5c59b0451, creation at: 2024-03-20T21:08:41.272Z, expire at: 2024-03-20T21:08:44.272Z), SecretKey(id = e71b8c53-71b5-4165-845d-fa0639de1b4b, creation at: 2024-03-20T21:08:40.272Z, expire at: 2024-03-20T21:08:43.272Z)] to file /home/runner/work/ozone/ozone/hadoop-ozone/integration-test/target/test-dir/MiniOzoneClusterImpl-bb4c8f07-45f9-422c-bd0c-8b04330ef271/scmNode-3/scm/keys/secret_keys.json
2024-03-20 21:08:42,281 [b12aa423-edbe-43b9-9e95-c7a538dfc443@group-8B04330EF271-StateMachineUpdater] INFO  safemode.HealthyPipelineSafeModeRule (HealthyPipelineSafeModeRule.java:initializeRule(172)) - Refreshed total pipeline count is 0, healthy pipeline threshold count is 1
2024-03-20 21:08:42,282 [be2411e5-a42d-476f-b25b-d7f87790d2c1@group-8B04330EF271-StateMachineUpdater] INFO  symmetric.SecretKeyStateImpl (SecretKeyStateImpl.java:updateKeysInternal(113)) - Updating keys with [SecretKey(id = d5b7004e-2b3c-4891-a75b-d9c5c59b0451, creation at: 2024-03-20T21:08:41.272Z, expire at: 2024-03-20T21:08:44.272Z), SecretKey(id = e71b8c53-71b5-4165-845d-fa0639de1b4b, creation at: 2024-03-20T21:08:40.272Z, expire at: 2024-03-20T21:08:43.272Z), SecretKey(id = e70bca35-6931-4f5e-a90e-56afd3799607, creation at: 2024-03-20T21:08:42.272Z, expire at: 2024-03-20T21:08:45.272Z)]
2024-03-20 21:08:42,282 [be2411e5-a42d-476f-b25b-d7f87790d2c1@group-8B04330EF271-StateMachineUpdater] INFO  symmetric.SecretKeyStateImpl (SecretKeyStateImpl.java:updateKeysInternal(128)) - Current key updated SecretKey(id = e70bca35-6931-4f5e-a90e-56afd3799607, creation at: 2024-03-20T21:08:42.272Z, expire at: 2024-03-20T21:08:45.272Z)
2024-03-20 21:08:42,283 [be2411e5-a42d-476f-b25b-d7f87790d2c1@group-8B04330EF271-StateMachineUpdater] INFO  symmetric.LocalSecretKeyStore (LocalSecretKeyStore.java:save(109)) - Saved [SecretKey(id = e70bca35-6931-4f5e-a90e-56afd3799607, creation at: 2024-03-20T21:08:42.272Z, expire at: 2024-03-20T21:08:45.272Z), SecretKey(id = d5b7004e-2b3c-4891-a75b-d9c5c59b0451, creation at: 2024-03-20T21:08:41.272Z, expire at: 2024-03-20T21:08:44.272Z), SecretKey(id = e71b8c53-71b5-4165-845d-fa0639de1b4b, creation at: 2024-03-20T21:08:40.272Z, expire at: 2024-03-20T21:08:43.272Z)] to file /home/runner/work/ozone/ozone/hadoop-ozone/integration-test/target/test-dir/MiniOzoneClusterImpl-bb4c8f07-45f9-422c-bd0c-8b04330ef271/scmNode-2/scm/keys/secret_keys.json
2024-03-20 21:08:42,283 [be2411e5-a42d-476f-b25b-d7f87790d2c1@group-8B04330EF271-StateMachineUpdater] INFO  safemode.HealthyPipelineSafeModeRule (HealthyPipelineSafeModeRule.java:initializeRule(172)) - Refreshed total pipeline count is 0, healthy pipeline threshold count is 1
2024-03-20 21:08:42,284 [98cad3d9-1aaa-47a5-be17-9665075729ab-groupManagement] INFO  server.RaftServer$Division (RaftServerImpl.java:start(396)) - 98cad3d9-1aaa-47a5-be17-9665075729ab@group-C82C6F4B1089: start as a follower, conf=-1: peers:[98cad3d9-1aaa-47a5-be17-9665075729ab|10.1.0.34:15064]|listeners:[], old=null
2024-03-20 21:08:42,284 [98cad3d9-1aaa-47a5-be17-9665075729ab-groupManagement] INFO  server.RaftServer$Division (RaftServerImpl.java:setRole(383)) - 98cad3d9-1aaa-47a5-be17-9665075729ab@group-C82C6F4B1089: changes role from      null to FOLLOWER at term 0 for startAsFollower
2024-03-20 21:08:42,285 [98cad3d9-1aaa-47a5-be17-9665075729ab-groupManagement] INFO  impl.RoleInfo (RoleInfo.java:updateAndGet(139)) - 98cad3d9-1aaa-47a5-be17-9665075729ab: start 98cad3d9-1aaa-47a5-be17-9665075729ab@group-C82C6F4B1089-FollowerState
2024-03-20 21:08:42,285 [98cad3d9-1aaa-47a5-be17-9665075729ab-groupManagement] INFO  util.JmxRegister (JmxRegister.java:tryRegister(44)) - Successfully registered JMX Bean with object name Ratis:service=RaftServer,group=group-C82C6F4B1089,id=98cad3d9-1aaa-47a5-be17-9665075729ab
2024-03-20 21:08:42,286 [98cad3d9-1aaa-47a5-be17-9665075729ab-groupManagement] INFO  server.RaftServerConfigKeys (ConfUtils.java:logGet(46)) - raft.server.snapshot.trigger-when-stop.enabled = true (default)
2024-03-20 21:08:42,286 [98cad3d9-1aaa-47a5-be17-9665075729ab-groupManagement] INFO  server.RaftServerConfigKeys (ConfUtils.java:logGet(46)) - raft.server.snapshot.auto.trigger.enabled = true (custom)
2024-03-20 21:08:42,286 [98cad3d9-1aaa-47a5-be17-9665075729ab-groupManagement] INFO  server.RaftServerConfigKeys (ConfUtils.java:logGet(46)) - raft.server.snapshot.auto.trigger.threshold = 10000 (custom)
2024-03-20 21:08:42,286 [98cad3d9-1aaa-47a5-be17-9665075729ab-groupManagement] INFO  server.RaftServerConfigKeys (ConfUtils.java:logGet(46)) - raft.server.snapshot.retention.file.num = 5 (custom)
2024-03-20 21:08:42,286 [98cad3d9-1aaa-47a5-be17-9665075729ab-groupManagement] INFO  server.RaftServerConfigKeys (ConfUtils.java:logGet(46)) - raft.server.log.purge.upto.snapshot.index = false (default)
2024-03-20 21:08:42,286 [98cad3d9-1aaa-47a5-be17-9665075729ab@group-C82C6F4B1089-FollowerState] INFO  server.RaftServerConfigKeys (ConfUtils.java:logFallback(53)) - raft.server.rpc.first-election.timeout.min = 5s (fallback to raft.server.rpc.timeout.min)
2024-03-20 21:08:42,287 [98cad3d9-1aaa-47a5-be17-9665075729ab@group-C82C6F4B1089-FollowerState] INFO  server.RaftServerConfigKeys (ConfUtils.java:logFallback(53)) - raft.server.rpc.first-election.timeout.max = 5200ms (fallback to raft.server.rpc.timeout.max)
2024-03-20 21:08:42,290 [98cad3d9-1aaa-47a5-be17-9665075729ab-PipelineCommandHandlerThread-0] INFO  ratis.XceiverServerRatis (XceiverServerRatis.java:addGroup(864)) - Created group PipelineID=df96a643-c626-49e9-8926-c82c6f4b1089
2024-03-20 21:08:42,290 [98cad3d9-1aaa-47a5-be17-9665075729ab-PipelineCommandHandlerThread-0] INFO  commandhandler.CreatePipelineCommandHandler (CreatePipelineCommandHandler.java:lambda$handle$2(124)) - Created Pipeline RATIS ONE PipelineID=df96a643-c626-49e9-8926-c82c6f4b1089.
2024-03-20 21:08:42,373 [SecretKeyPoller] INFO  symmetric.DefaultSecretKeySignerClient (DefaultSecretKeySignerClient.java:checkAndRefresh(167)) - New secret key fetched from SCM: SecretKey(id = e70bca35-6931-4f5e-a90e-56afd3799607, creation at: 2024-03-20T21:08:42.272Z, expire at: 2024-03-20T21:08:45.272Z).
2024-03-20 21:08:42,373 [SecretKeyPoller] INFO  symmetric.DefaultSecretKeySignerClient (DefaultSecretKeySignerClient.java:checkAndRefresh(167)) - New secret key fetched from SCM: SecretKey(id = e70bca35-6931-4f5e-a90e-56afd3799607, creation at: 2024-03-20T21:08:42.272Z, expire at: 2024-03-20T21:08:45.272Z).
2024-03-20 21:08:42,373 [SecretKeyPoller] INFO  symmetric.DefaultSecretKeySignerClient (DefaultSecretKeySignerClient.java:checkAndRefresh(167)) - New secret key fetched from SCM: SecretKey(id = e70bca35-6931-4f5e-a90e-56afd3799607, creation at: 2024-03-20T21:08:42.272Z, expire at: 2024-03-20T21:08:45.272Z).
2024-03-20 21:08:42,375 [om1-SecretKeyPoller] INFO  symmetric.DefaultSecretKeySignerClient (DefaultSecretKeySignerClient.java:checkAndRefresh(167)) - New secret key fetched from SCM: SecretKey(id = e70bca35-6931-4f5e-a90e-56afd3799607, creation at: 2024-03-20T21:08:42.272Z, expire at: 2024-03-20T21:08:45.272Z).
2024-03-20 21:08:43,247 [main] INFO  ozone.MiniOzoneClusterImpl (MiniOzoneClusterImpl.java:lambda$waitForClusterToBeReady$0(194)) - Nodes are ready. Got 3 of 3 DN Heartbeats.
2024-03-20 21:08:43,248 [main] INFO  ozone.MiniOzoneClusterImpl (MiniOzoneClusterImpl.java:lambda$waitForClusterToBeReady$0(197)) - Waiting for cluster to exit safe mode
2024-03-20 21:08:43,248 [main] INFO  ozone.MiniOzoneClusterImpl (MiniOzoneClusterImpl.java:lambda$waitForClusterToBeReady$0(199)) - SCM became leader
2024-03-20 21:08:43,272 [scmNode-1-SecretKeyManagerService] INFO  symmetric.SecretKeyManager (SecretKeyManager.java:checkAndRotate(125)) - SecretKey rotation is happening, new key generated SecretKey(id = ba202c57-4d03-4410-9db2-2446d9440871, creation at: 2024-03-20T21:08:43.272Z, expire at: 2024-03-20T21:08:46.272Z)
2024-03-20 21:08:43,277 [1ba87fbc-452a-4836-9768-c65c67837df8@group-8B04330EF271-StateMachineUpdater] INFO  symmetric.SecretKeyStateImpl (SecretKeyStateImpl.java:updateKeysInternal(113)) - Updating keys with [SecretKey(id = e70bca35-6931-4f5e-a90e-56afd3799607, creation at: 2024-03-20T21:08:42.272Z, expire at: 2024-03-20T21:08:45.272Z), SecretKey(id = d5b7004e-2b3c-4891-a75b-d9c5c59b0451, creation at: 2024-03-20T21:08:41.272Z, expire at: 2024-03-20T21:08:44.272Z), SecretKey(id = e71b8c53-71b5-4165-845d-fa0639de1b4b, creation at: 2024-03-20T21:08:40.272Z, expire at: 2024-03-20T21:08:43.272Z), SecretKey(id = ba202c57-4d03-4410-9db2-2446d9440871, creation at: 2024-03-20T21:08:43.272Z, expire at: 2024-03-20T21:08:46.272Z)]
2024-03-20 21:08:43,277 [1ba87fbc-452a-4836-9768-c65c67837df8@group-8B04330EF271-StateMachineUpdater] INFO  symmetric.SecretKeyStateImpl (SecretKeyStateImpl.java:updateKeysInternal(128)) - Current key updated SecretKey(id = ba202c57-4d03-4410-9db2-2446d9440871, creation at: 2024-03-20T21:08:43.272Z, expire at: 2024-03-20T21:08:46.272Z)
2024-03-20 21:08:43,278 [1ba87fbc-452a-4836-9768-c65c67837df8@group-8B04330EF271-StateMachineUpdater] INFO  symmetric.LocalSecretKeyStore (LocalSecretKeyStore.java:save(109)) - Saved [SecretKey(id = ba202c57-4d03-4410-9db2-2446d9440871, creation at: 2024-03-20T21:08:43.272Z, expire at: 2024-03-20T21:08:46.272Z), SecretKey(id = e70bca35-6931-4f5e-a90e-56afd3799607, creation at: 2024-03-20T21:08:42.272Z, expire at: 2024-03-20T21:08:45.272Z), SecretKey(id = d5b7004e-2b3c-4891-a75b-d9c5c59b0451, creation at: 2024-03-20T21:08:41.272Z, expire at: 2024-03-20T21:08:44.272Z), SecretKey(id = e71b8c53-71b5-4165-845d-fa0639de1b4b, creation at: 2024-03-20T21:08:40.272Z, expire at: 2024-03-20T21:08:43.272Z)] to file /home/runner/work/ozone/ozone/hadoop-ozone/integration-test/target/test-dir/MiniOzoneClusterImpl-bb4c8f07-45f9-422c-bd0c-8b04330ef271/scmNode-1/scm/keys/secret_keys.json
2024-03-20 21:08:43,278 [1ba87fbc-452a-4836-9768-c65c67837df8@group-8B04330EF271-StateMachineUpdater] INFO  safemode.HealthyPipelineSafeModeRule (HealthyPipelineSafeModeRule.java:initializeRule(172)) - Refreshed total pipeline count is 0, healthy pipeline threshold count is 1
2024-03-20 21:08:43,280 [b12aa423-edbe-43b9-9e95-c7a538dfc443@group-8B04330EF271-StateMachineUpdater] INFO  symmetric.SecretKeyStateImpl (SecretKeyStateImpl.java:updateKeysInternal(113)) - Updating keys with [SecretKey(id = e70bca35-6931-4f5e-a90e-56afd3799607, creation at: 2024-03-20T21:08:42.272Z, expire at: 2024-03-20T21:08:45.272Z), SecretKey(id = d5b7004e-2b3c-4891-a75b-d9c5c59b0451, creation at: 2024-03-20T21:08:41.272Z, expire at: 2024-03-20T21:08:44.272Z), SecretKey(id = e71b8c53-71b5-4165-845d-fa0639de1b4b, creation at: 2024-03-20T21:08:40.272Z, expire at: 2024-03-20T21:08:43.272Z), SecretKey(id = ba202c57-4d03-4410-9db2-2446d9440871, creation at: 2024-03-20T21:08:43.272Z, expire at: 2024-03-20T21:08:46.272Z)]
2024-03-20 21:08:43,280 [be2411e5-a42d-476f-b25b-d7f87790d2c1@group-8B04330EF271-StateMachineUpdater] INFO  symmetric.SecretKeyStateImpl (SecretKeyStateImpl.java:updateKeysInternal(113)) - Updating keys with [SecretKey(id = e70bca35-6931-4f5e-a90e-56afd3799607, creation at: 2024-03-20T21:08:42.272Z, expire at: 2024-03-20T21:08:45.272Z), SecretKey(id = d5b7004e-2b3c-4891-a75b-d9c5c59b0451, creation at: 2024-03-20T21:08:41.272Z, expire at: 2024-03-20T21:08:44.272Z), SecretKey(id = e71b8c53-71b5-4165-845d-fa0639de1b4b, creation at: 2024-03-20T21:08:40.272Z, expire at: 2024-03-20T21:08:43.272Z), SecretKey(id = ba202c57-4d03-4410-9db2-2446d9440871, creation at: 2024-03-20T21:08:43.272Z, expire at: 2024-03-20T21:08:46.272Z)]
2024-03-20 21:08:43,280 [be2411e5-a42d-476f-b25b-d7f87790d2c1@group-8B04330EF271-StateMachineUpdater] INFO  symmetric.SecretKeyStateImpl (SecretKeyStateImpl.java:updateKeysInternal(128)) - Current key updated SecretKey(id = ba202c57-4d03-4410-9db2-2446d9440871, creation at: 2024-03-20T21:08:43.272Z, expire at: 2024-03-20T21:08:46.272Z)
2024-03-20 21:08:43,280 [b12aa423-edbe-43b9-9e95-c7a538dfc443@group-8B04330EF271-StateMachineUpdater] INFO  symmetric.SecretKeyStateImpl (SecretKeyStateImpl.java:updateKeysInternal(128)) - Current key updated SecretKey(id = ba202c57-4d03-4410-9db2-2446d9440871, creation at: 2024-03-20T21:08:43.272Z, expire at: 2024-03-20T21:08:46.272Z)
2024-03-20 21:08:43,280 [be2411e5-a42d-476f-b25b-d7f87790d2c1@group-8B04330EF271-StateMachineUpdater] INFO  symmetric.LocalSecretKeyStore (LocalSecretKeyStore.java:save(109)) - Saved [SecretKey(id = ba202c57-4d03-4410-9db2-2446d9440871, creation at: 2024-03-20T21:08:43.272Z, expire at: 2024-03-20T21:08:46.272Z), SecretKey(id = e70bca35-6931-4f5e-a90e-56afd3799607, creation at: 2024-03-20T21:08:42.272Z, expire at: 2024-03-20T21:08:45.272Z), SecretKey(id = d5b7004e-2b3c-4891-a75b-d9c5c59b0451, creation at: 2024-03-20T21:08:41.272Z, expire at: 2024-03-20T21:08:44.272Z), SecretKey(id = e71b8c53-71b5-4165-845d-fa0639de1b4b, creation at: 2024-03-20T21:08:40.272Z, expire at: 2024-03-20T21:08:43.272Z)] to file /home/runner/work/ozone/ozone/hadoop-ozone/integration-test/target/test-dir/MiniOzoneClusterImpl-bb4c8f07-45f9-422c-bd0c-8b04330ef271/scmNode-2/scm/keys/secret_keys.json
2024-03-20 21:08:43,280 [be2411e5-a42d-476f-b25b-d7f87790d2c1@group-8B04330EF271-StateMachineUpdater] INFO  safemode.HealthyPipelineSafeModeRule (HealthyPipelineSafeModeRule.java:initializeRule(172)) - Refreshed total pipeline count is 0, healthy pipeline threshold count is 1
2024-03-20 21:08:43,281 [b12aa423-edbe-43b9-9e95-c7a538dfc443@group-8B04330EF271-StateMachineUpdater] INFO  symmetric.LocalSecretKeyStore (LocalSecretKeyStore.java:save(109)) - Saved [SecretKey(id = ba202c57-4d03-4410-9db2-2446d9440871, creation at: 2024-03-20T21:08:43.272Z, expire at: 2024-03-20T21:08:46.272Z), SecretKey(id = e70bca35-6931-4f5e-a90e-56afd3799607, creation at: 2024-03-20T21:08:42.272Z, expire at: 2024-03-20T21:08:45.272Z), SecretKey(id = d5b7004e-2b3c-4891-a75b-d9c5c59b0451, creation at: 2024-03-20T21:08:41.272Z, expire at: 2024-03-20T21:08:44.272Z), SecretKey(id = e71b8c53-71b5-4165-845d-fa0639de1b4b, creation at: 2024-03-20T21:08:40.272Z, expire at: 2024-03-20T21:08:43.272Z)] to file /home/runner/work/ozone/ozone/hadoop-ozone/integration-test/target/test-dir/MiniOzoneClusterImpl-bb4c8f07-45f9-422c-bd0c-8b04330ef271/scmNode-3/scm/keys/secret_keys.json
2024-03-20 21:08:43,281 [b12aa423-edbe-43b9-9e95-c7a538dfc443@group-8B04330EF271-StateMachineUpdater] INFO  safemode.HealthyPipelineSafeModeRule (HealthyPipelineSafeModeRule.java:initializeRule(172)) - Refreshed total pipeline count is 0, healthy pipeline threshold count is 1
2024-03-20 21:08:43,373 [SecretKeyPoller] INFO  symmetric.DefaultSecretKeySignerClient (DefaultSecretKeySignerClient.java:checkAndRefresh(167)) - New secret key fetched from SCM: SecretKey(id = ba202c57-4d03-4410-9db2-2446d9440871, creation at: 2024-03-20T21:08:43.272Z, expire at: 2024-03-20T21:08:46.272Z).
2024-03-20 21:08:43,373 [SecretKeyPoller] INFO  symmetric.DefaultSecretKeySignerClient (DefaultSecretKeySignerClient.java:checkAndRefresh(167)) - New secret key fetched from SCM: SecretKey(id = ba202c57-4d03-4410-9db2-2446d9440871, creation at: 2024-03-20T21:08:43.272Z, expire at: 2024-03-20T21:08:46.272Z).
2024-03-20 21:08:43,374 [SecretKeyPoller] INFO  symmetric.DefaultSecretKeySignerClient (DefaultSecretKeySignerClient.java:checkAndRefresh(167)) - New secret key fetched from SCM: SecretKey(id = ba202c57-4d03-4410-9db2-2446d9440871, creation at: 2024-03-20T21:08:43.272Z, expire at: 2024-03-20T21:08:46.272Z).
2024-03-20 21:08:43,374 [om1-SecretKeyPoller] INFO  symmetric.DefaultSecretKeySignerClient (DefaultSecretKeySignerClient.java:checkAndRefresh(167)) - New secret key fetched from SCM: SecretKey(id = ba202c57-4d03-4410-9db2-2446d9440871, creation at: 2024-03-20T21:08:43.272Z, expire at: 2024-03-20T21:08:46.272Z).
2024-03-20 21:08:44,248 [main] INFO  ozone.MiniOzoneClusterImpl (MiniOzoneClusterImpl.java:lambda$waitForClusterToBeReady$0(194)) - Nodes are ready. Got 3 of 3 DN Heartbeats.
2024-03-20 21:08:44,248 [main] INFO  ozone.MiniOzoneClusterImpl (MiniOzoneClusterImpl.java:lambda$waitForClusterToBeReady$0(197)) - Waiting for cluster to exit safe mode
2024-03-20 21:08:44,248 [main] INFO  ozone.MiniOzoneClusterImpl (MiniOzoneClusterImpl.java:lambda$waitForClusterToBeReady$0(199)) - SCM became leader
2024-03-20 21:08:44,272 [scmNode-1-SecretKeyManagerService] INFO  symmetric.SecretKeyManager (SecretKeyManager.java:checkAndRotate(125)) - SecretKey rotation is happening, new key generated SecretKey(id = a0a2ef21-d7ba-4b16-9833-9a15d5938521, creation at: 2024-03-20T21:08:44.272Z, expire at: 2024-03-20T21:08:47.272Z)
2024-03-20 21:08:44,276 [1ba87fbc-452a-4836-9768-c65c67837df8@group-8B04330EF271-StateMachineUpdater] INFO  symmetric.SecretKeyStateImpl (SecretKeyStateImpl.java:updateKeysInternal(113)) - Updating keys with [SecretKey(id = ba202c57-4d03-4410-9db2-2446d9440871, creation at: 2024-03-20T21:08:43.272Z, expire at: 2024-03-20T21:08:46.272Z), SecretKey(id = e70bca35-6931-4f5e-a90e-56afd3799607, creation at: 2024-03-20T21:08:42.272Z, expire at: 2024-03-20T21:08:45.272Z), SecretKey(id = d5b7004e-2b3c-4891-a75b-d9c5c59b0451, creation at: 2024-03-20T21:08:41.272Z, expire at: 2024-03-20T21:08:44.272Z), SecretKey(id = a0a2ef21-d7ba-4b16-9833-9a15d5938521, creation at: 2024-03-20T21:08:44.272Z, expire at: 2024-03-20T21:08:47.272Z)]
2024-03-20 21:08:44,277 [1ba87fbc-452a-4836-9768-c65c67837df8@group-8B04330EF271-StateMachineUpdater] INFO  symmetric.SecretKeyStateImpl (SecretKeyStateImpl.java:updateKeysInternal(128)) - Current key updated SecretKey(id = a0a2ef21-d7ba-4b16-9833-9a15d5938521, creation at: 2024-03-20T21:08:44.272Z, expire at: 2024-03-20T21:08:47.272Z)
2024-03-20 21:08:44,277 [1ba87fbc-452a-4836-9768-c65c67837df8@group-8B04330EF271-StateMachineUpdater] INFO  symmetric.LocalSecretKeyStore (LocalSecretKeyStore.java:save(109)) - Saved [SecretKey(id = a0a2ef21-d7ba-4b16-9833-9a15d5938521, creation at: 2024-03-20T21:08:44.272Z, expire at: 2024-03-20T21:08:47.272Z), SecretKey(id = ba202c57-4d03-4410-9db2-2446d9440871, creation at: 2024-03-20T21:08:43.272Z, expire at: 2024-03-20T21:08:46.272Z), SecretKey(id = e70bca35-6931-4f5e-a90e-56afd3799607, creation at: 2024-03-20T21:08:42.272Z, expire at: 2024-03-20T21:08:45.272Z), SecretKey(id = d5b7004e-2b3c-4891-a75b-d9c5c59b0451, creation at: 2024-03-20T21:08:41.272Z, expire at: 2024-03-20T21:08:44.272Z)] to file /home/runner/work/ozone/ozone/hadoop-ozone/integration-test/target/test-dir/MiniOzoneClusterImpl-bb4c8f07-45f9-422c-bd0c-8b04330ef271/scmNode-1/scm/keys/secret_keys.json
2024-03-20 21:08:44,277 [1ba87fbc-452a-4836-9768-c65c67837df8@group-8B04330EF271-StateMachineUpdater] INFO  safemode.HealthyPipelineSafeModeRule (HealthyPipelineSafeModeRule.java:initializeRule(172)) - Refreshed total pipeline count is 0, healthy pipeline threshold count is 1
2024-03-20 21:08:44,280 [b12aa423-edbe-43b9-9e95-c7a538dfc443@group-8B04330EF271-StateMachineUpdater] INFO  symmetric.SecretKeyStateImpl (SecretKeyStateImpl.java:updateKeysInternal(113)) - Updating keys with [SecretKey(id = ba202c57-4d03-4410-9db2-2446d9440871, creation at: 2024-03-20T21:08:43.272Z, expire at: 2024-03-20T21:08:46.272Z), SecretKey(id = e70bca35-6931-4f5e-a90e-56afd3799607, creation at: 2024-03-20T21:08:42.272Z, expire at: 2024-03-20T21:08:45.272Z), SecretKey(id = d5b7004e-2b3c-4891-a75b-d9c5c59b0451, creation at: 2024-03-20T21:08:41.272Z, expire at: 2024-03-20T21:08:44.272Z), SecretKey(id = a0a2ef21-d7ba-4b16-9833-9a15d5938521, creation at: 2024-03-20T21:08:44.272Z, expire at: 2024-03-20T21:08:47.272Z)]
2024-03-20 21:08:44,280 [b12aa423-edbe-43b9-9e95-c7a538dfc443@group-8B04330EF271-StateMachineUpdater] INFO  symmetric.SecretKeyStateImpl (SecretKeyStateImpl.java:updateKeysInternal(128)) - Current key updated SecretKey(id = a0a2ef21-d7ba-4b16-9833-9a15d5938521, creation at: 2024-03-20T21:08:44.272Z, expire at: 2024-03-20T21:08:47.272Z)
2024-03-20 21:08:44,280 [b12aa423-edbe-43b9-9e95-c7a538dfc443@group-8B04330EF271-StateMachineUpdater] INFO  symmetric.LocalSecretKeyStore (LocalSecretKeyStore.java:save(109)) - Saved [SecretKey(id = a0a2ef21-d7ba-4b16-9833-9a15d5938521, creation at: 2024-03-20T21:08:44.272Z, expire at: 2024-03-20T21:08:47.272Z), SecretKey(id = ba202c57-4d03-4410-9db2-2446d9440871, creation at: 2024-03-20T21:08:43.272Z, expire at: 2024-03-20T21:08:46.272Z), SecretKey(id = e70bca35-6931-4f5e-a90e-56afd3799607, creation at: 2024-03-20T21:08:42.272Z, expire at: 2024-03-20T21:08:45.272Z), SecretKey(id = d5b7004e-2b3c-4891-a75b-d9c5c59b0451, creation at: 2024-03-20T21:08:41.272Z, expire at: 2024-03-20T21:08:44.272Z)] to file /home/runner/work/ozone/ozone/hadoop-ozone/integration-test/target/test-dir/MiniOzoneClusterImpl-bb4c8f07-45f9-422c-bd0c-8b04330ef271/scmNode-3/scm/keys/secret_keys.json
2024-03-20 21:08:44,280 [b12aa423-edbe-43b9-9e95-c7a538dfc443@group-8B04330EF271-StateMachineUpdater] INFO  safemode.HealthyPipelineSafeModeRule (HealthyPipelineSafeModeRule.java:initializeRule(172)) - Refreshed total pipeline count is 0, healthy pipeline threshold count is 1
2024-03-20 21:08:44,281 [be2411e5-a42d-476f-b25b-d7f87790d2c1@group-8B04330EF271-StateMachineUpdater] INFO  symmetric.SecretKeyStateImpl (SecretKeyStateImpl.java:updateKeysInternal(113)) - Updating keys with [SecretKey(id = ba202c57-4d03-4410-9db2-2446d9440871, creation at: 2024-03-20T21:08:43.272Z, expire at: 2024-03-20T21:08:46.272Z), SecretKey(id = e70bca35-6931-4f5e-a90e-56afd3799607, creation at: 2024-03-20T21:08:42.272Z, expire at: 2024-03-20T21:08:45.272Z), SecretKey(id = d5b7004e-2b3c-4891-a75b-d9c5c59b0451, creation at: 2024-03-20T21:08:41.272Z, expire at: 2024-03-20T21:08:44.272Z), SecretKey(id = a0a2ef21-d7ba-4b16-9833-9a15d5938521, creation at: 2024-03-20T21:08:44.272Z, expire at: 2024-03-20T21:08:47.272Z)]
2024-03-20 21:08:44,281 [be2411e5-a42d-476f-b25b-d7f87790d2c1@group-8B04330EF271-StateMachineUpdater] INFO  symmetric.SecretKeyStateImpl (SecretKeyStateImpl.java:updateKeysInternal(128)) - Current key updated SecretKey(id = a0a2ef21-d7ba-4b16-9833-9a15d5938521, creation at: 2024-03-20T21:08:44.272Z, expire at: 2024-03-20T21:08:47.272Z)
2024-03-20 21:08:44,281 [be2411e5-a42d-476f-b25b-d7f87790d2c1@group-8B04330EF271-StateMachineUpdater] INFO  symmetric.LocalSecretKeyStore (LocalSecretKeyStore.java:save(109)) - Saved [SecretKey(id = a0a2ef21-d7ba-4b16-9833-9a15d5938521, creation at: 2024-03-20T21:08:44.272Z, expire at: 2024-03-20T21:08:47.272Z), SecretKey(id = ba202c57-4d03-4410-9db2-2446d9440871, creation at: 2024-03-20T21:08:43.272Z, expire at: 2024-03-20T21:08:46.272Z), SecretKey(id = e70bca35-6931-4f5e-a90e-56afd3799607, creation at: 2024-03-20T21:08:42.272Z, expire at: 2024-03-20T21:08:45.272Z), SecretKey(id = d5b7004e-2b3c-4891-a75b-d9c5c59b0451, creation at: 2024-03-20T21:08:41.272Z, expire at: 2024-03-20T21:08:44.272Z)] to file /home/runner/work/ozone/ozone/hadoop-ozone/integration-test/target/test-dir/MiniOzoneClusterImpl-bb4c8f07-45f9-422c-bd0c-8b04330ef271/scmNode-2/scm/keys/secret_keys.json
2024-03-20 21:08:44,282 [be2411e5-a42d-476f-b25b-d7f87790d2c1@group-8B04330EF271-StateMachineUpdater] INFO  safemode.HealthyPipelineSafeModeRule (HealthyPipelineSafeModeRule.java:initializeRule(172)) - Refreshed total pipeline count is 0, healthy pipeline threshold count is 1
2024-03-20 21:08:44,373 [SecretKeyPoller] INFO  symmetric.DefaultSecretKeySignerClient (DefaultSecretKeySignerClient.java:checkAndRefresh(167)) - New secret key fetched from SCM: SecretKey(id = a0a2ef21-d7ba-4b16-9833-9a15d5938521, creation at: 2024-03-20T21:08:44.272Z, expire at: 2024-03-20T21:08:47.272Z).
2024-03-20 21:08:44,374 [SecretKeyPoller] INFO  symmetric.DefaultSecretKeySignerClient (DefaultSecretKeySignerClient.java:checkAndRefresh(167)) - New secret key fetched from SCM: SecretKey(id = a0a2ef21-d7ba-4b16-9833-9a15d5938521, creation at: 2024-03-20T21:08:44.272Z, expire at: 2024-03-20T21:08:47.272Z).
2024-03-20 21:08:44,373 [SecretKeyPoller] INFO  symmetric.DefaultSecretKeySignerClient (DefaultSecretKeySignerClient.java:checkAndRefresh(167)) - New secret key fetched from SCM: SecretKey(id = a0a2ef21-d7ba-4b16-9833-9a15d5938521, creation at: 2024-03-20T21:08:44.272Z, expire at: 2024-03-20T21:08:47.272Z).
2024-03-20 21:08:44,374 [om1-SecretKeyPoller] INFO  symmetric.DefaultSecretKeySignerClient (DefaultSecretKeySignerClient.java:checkAndRefresh(167)) - New secret key fetched from SCM: SecretKey(id = a0a2ef21-d7ba-4b16-9833-9a15d5938521, creation at: 2024-03-20T21:08:44.272Z, expire at: 2024-03-20T21:08:47.272Z).
2024-03-20 21:08:45,249 [main] INFO  ozone.MiniOzoneClusterImpl (MiniOzoneClusterImpl.java:lambda$waitForClusterToBeReady$0(194)) - Nodes are ready. Got 3 of 3 DN Heartbeats.
2024-03-20 21:08:45,249 [main] INFO  ozone.MiniOzoneClusterImpl (MiniOzoneClusterImpl.java:lambda$waitForClusterToBeReady$0(197)) - Waiting for cluster to exit safe mode
2024-03-20 21:08:45,249 [main] INFO  ozone.MiniOzoneClusterImpl (MiniOzoneClusterImpl.java:lambda$waitForClusterToBeReady$0(199)) - SCM became leader
2024-03-20 21:08:45,272 [scmNode-1-SecretKeyManagerService] INFO  symmetric.SecretKeyManager (SecretKeyManager.java:checkAndRotate(125)) - SecretKey rotation is happening, new key generated SecretKey(id = 52e7e8ac-a84a-4802-bd52-2b4baaabd34e, creation at: 2024-03-20T21:08:45.272Z, expire at: 2024-03-20T21:08:48.272Z)
2024-03-20 21:08:45,276 [1ba87fbc-452a-4836-9768-c65c67837df8@group-8B04330EF271-StateMachineUpdater] INFO  symmetric.SecretKeyStateImpl (SecretKeyStateImpl.java:updateKeysInternal(113)) - Updating keys with [SecretKey(id = a0a2ef21-d7ba-4b16-9833-9a15d5938521, creation at: 2024-03-20T21:08:44.272Z, expire at: 2024-03-20T21:08:47.272Z), SecretKey(id = ba202c57-4d03-4410-9db2-2446d9440871, creation at: 2024-03-20T21:08:43.272Z, expire at: 2024-03-20T21:08:46.272Z), SecretKey(id = e70bca35-6931-4f5e-a90e-56afd3799607, creation at: 2024-03-20T21:08:42.272Z, expire at: 2024-03-20T21:08:45.272Z), SecretKey(id = 52e7e8ac-a84a-4802-bd52-2b4baaabd34e, creation at: 2024-03-20T21:08:45.272Z, expire at: 2024-03-20T21:08:48.272Z)]
2024-03-20 21:08:45,277 [1ba87fbc-452a-4836-9768-c65c67837df8@group-8B04330EF271-StateMachineUpdater] INFO  symmetric.SecretKeyStateImpl (SecretKeyStateImpl.java:updateKeysInternal(128)) - Current key updated SecretKey(id = 52e7e8ac-a84a-4802-bd52-2b4baaabd34e, creation at: 2024-03-20T21:08:45.272Z, expire at: 2024-03-20T21:08:48.272Z)
2024-03-20 21:08:45,277 [1ba87fbc-452a-4836-9768-c65c67837df8@group-8B04330EF271-StateMachineUpdater] INFO  symmetric.LocalSecretKeyStore (LocalSecretKeyStore.java:save(109)) - Saved [SecretKey(id = 52e7e8ac-a84a-4802-bd52-2b4baaabd34e, creation at: 2024-03-20T21:08:45.272Z, expire at: 2024-03-20T21:08:48.272Z), SecretKey(id = a0a2ef21-d7ba-4b16-9833-9a15d5938521, creation at: 2024-03-20T21:08:44.272Z, expire at: 2024-03-20T21:08:47.272Z), SecretKey(id = ba202c57-4d03-4410-9db2-2446d9440871, creation at: 2024-03-20T21:08:43.272Z, expire at: 2024-03-20T21:08:46.272Z), SecretKey(id = e70bca35-6931-4f5e-a90e-56afd3799607, creation at: 2024-03-20T21:08:42.272Z, expire at: 2024-03-20T21:08:45.272Z)] to file /home/runner/work/ozone/ozone/hadoop-ozone/integration-test/target/test-dir/MiniOzoneClusterImpl-bb4c8f07-45f9-422c-bd0c-8b04330ef271/scmNode-1/scm/keys/secret_keys.json
2024-03-20 21:08:45,277 [b12aa423-edbe-43b9-9e95-c7a538dfc443@group-8B04330EF271-StateMachineUpdater] INFO  symmetric.SecretKeyStateImpl (SecretKeyStateImpl.java:updateKeysInternal(113)) - Updating keys with [SecretKey(id = a0a2ef21-d7ba-4b16-9833-9a15d5938521, creation at: 2024-03-20T21:08:44.272Z, expire at: 2024-03-20T21:08:47.272Z), SecretKey(id = ba202c57-4d03-4410-9db2-2446d9440871, creation at: 2024-03-20T21:08:43.272Z, expire at: 2024-03-20T21:08:46.272Z), SecretKey(id = e70bca35-6931-4f5e-a90e-56afd3799607, creation at: 2024-03-20T21:08:42.272Z, expire at: 2024-03-20T21:08:45.272Z), SecretKey(id = 52e7e8ac-a84a-4802-bd52-2b4baaabd34e, creation at: 2024-03-20T21:08:45.272Z, expire at: 2024-03-20T21:08:48.272Z)]
2024-03-20 21:08:45,277 [1ba87fbc-452a-4836-9768-c65c67837df8@group-8B04330EF271-StateMachineUpdater] INFO  safemode.HealthyPipelineSafeModeRule (HealthyPipelineSafeModeRule.java:initializeRule(172)) - Refreshed total pipeline count is 0, healthy pipeline threshold count is 1
2024-03-20 21:08:45,277 [b12aa423-edbe-43b9-9e95-c7a538dfc443@group-8B04330EF271-StateMachineUpdater] INFO  symmetric.SecretKeyStateImpl (SecretKeyStateImpl.java:updateKeysInternal(128)) - Current key updated SecretKey(id = 52e7e8ac-a84a-4802-bd52-2b4baaabd34e, creation at: 2024-03-20T21:08:45.272Z, expire at: 2024-03-20T21:08:48.272Z)
2024-03-20 21:08:45,280 [b12aa423-edbe-43b9-9e95-c7a538dfc443@group-8B04330EF271-StateMachineUpdater] INFO  symmetric.LocalSecretKeyStore (LocalSecretKeyStore.java:save(109)) - Saved [SecretKey(id = 52e7e8ac-a84a-4802-bd52-2b4baaabd34e, creation at: 2024-03-20T21:08:45.272Z, expire at: 2024-03-20T21:08:48.272Z), SecretKey(id = a0a2ef21-d7ba-4b16-9833-9a15d5938521, creation at: 2024-03-20T21:08:44.272Z, expire at: 2024-03-20T21:08:47.272Z), SecretKey(id = ba202c57-4d03-4410-9db2-2446d9440871, creation at: 2024-03-20T21:08:43.272Z, expire at: 2024-03-20T21:08:46.272Z), SecretKey(id = e70bca35-6931-4f5e-a90e-56afd3799607, creation at: 2024-03-20T21:08:42.272Z, expire at: 2024-03-20T21:08:45.272Z)] to file /home/runner/work/ozone/ozone/hadoop-ozone/integration-test/target/test-dir/MiniOzoneClusterImpl-bb4c8f07-45f9-422c-bd0c-8b04330ef271/scmNode-3/scm/keys/secret_keys.json
2024-03-20 21:08:45,280 [b12aa423-edbe-43b9-9e95-c7a538dfc443@group-8B04330EF271-StateMachineUpdater] INFO  safemode.HealthyPipelineSafeModeRule (HealthyPipelineSafeModeRule.java:initializeRule(172)) - Refreshed total pipeline count is 0, healthy pipeline threshold count is 1
2024-03-20 21:08:45,280 [be2411e5-a42d-476f-b25b-d7f87790d2c1@group-8B04330EF271-StateMachineUpdater] INFO  symmetric.SecretKeyStateImpl (SecretKeyStateImpl.java:updateKeysInternal(113)) - Updating keys with [SecretKey(id = a0a2ef21-d7ba-4b16-9833-9a15d5938521, creation at: 2024-03-20T21:08:44.272Z, expire at: 2024-03-20T21:08:47.272Z), SecretKey(id = ba202c57-4d03-4410-9db2-2446d9440871, creation at: 2024-03-20T21:08:43.272Z, expire at: 2024-03-20T21:08:46.272Z), SecretKey(id = e70bca35-6931-4f5e-a90e-56afd3799607, creation at: 2024-03-20T21:08:42.272Z, expire at: 2024-03-20T21:08:45.272Z), SecretKey(id = 52e7e8ac-a84a-4802-bd52-2b4baaabd34e, creation at: 2024-03-20T21:08:45.272Z, expire at: 2024-03-20T21:08:48.272Z)]
2024-03-20 21:08:45,280 [be2411e5-a42d-476f-b25b-d7f87790d2c1@group-8B04330EF271-StateMachineUpdater] INFO  symmetric.SecretKeyStateImpl (SecretKeyStateImpl.java:updateKeysInternal(128)) - Current key updated SecretKey(id = 52e7e8ac-a84a-4802-bd52-2b4baaabd34e, creation at: 2024-03-20T21:08:45.272Z, expire at: 2024-03-20T21:08:48.272Z)
2024-03-20 21:08:45,281 [be2411e5-a42d-476f-b25b-d7f87790d2c1@group-8B04330EF271-StateMachineUpdater] INFO  symmetric.LocalSecretKeyStore (LocalSecretKeyStore.java:save(109)) - Saved [SecretKey(id = 52e7e8ac-a84a-4802-bd52-2b4baaabd34e, creation at: 2024-03-20T21:08:45.272Z, expire at: 2024-03-20T21:08:48.272Z), SecretKey(id = a0a2ef21-d7ba-4b16-9833-9a15d5938521, creation at: 2024-03-20T21:08:44.272Z, expire at: 2024-03-20T21:08:47.272Z), SecretKey(id = ba202c57-4d03-4410-9db2-2446d9440871, creation at: 2024-03-20T21:08:43.272Z, expire at: 2024-03-20T21:08:46.272Z), SecretKey(id = e70bca35-6931-4f5e-a90e-56afd3799607, creation at: 2024-03-20T21:08:42.272Z, expire at: 2024-03-20T21:08:45.272Z)] to file /home/runner/work/ozone/ozone/hadoop-ozone/integration-test/target/test-dir/MiniOzoneClusterImpl-bb4c8f07-45f9-422c-bd0c-8b04330ef271/scmNode-2/scm/keys/secret_keys.json
2024-03-20 21:08:45,281 [be2411e5-a42d-476f-b25b-d7f87790d2c1@group-8B04330EF271-StateMachineUpdater] INFO  safemode.HealthyPipelineSafeModeRule (HealthyPipelineSafeModeRule.java:initializeRule(172)) - Refreshed total pipeline count is 0, healthy pipeline threshold count is 1
2024-03-20 21:08:45,373 [SecretKeyPoller] INFO  symmetric.DefaultSecretKeySignerClient (DefaultSecretKeySignerClient.java:checkAndRefresh(167)) - New secret key fetched from SCM: SecretKey(id = 52e7e8ac-a84a-4802-bd52-2b4baaabd34e, creation at: 2024-03-20T21:08:45.272Z, expire at: 2024-03-20T21:08:48.272Z).
2024-03-20 21:08:45,373 [om1-SecretKeyPoller] INFO  symmetric.DefaultSecretKeySignerClient (DefaultSecretKeySignerClient.java:checkAndRefresh(167)) - New secret key fetched from SCM: SecretKey(id = 52e7e8ac-a84a-4802-bd52-2b4baaabd34e, creation at: 2024-03-20T21:08:45.272Z, expire at: 2024-03-20T21:08:48.272Z).
2024-03-20 21:08:45,373 [SecretKeyPoller] INFO  symmetric.DefaultSecretKeySignerClient (DefaultSecretKeySignerClient.java:checkAndRefresh(167)) - New secret key fetched from SCM: SecretKey(id = 52e7e8ac-a84a-4802-bd52-2b4baaabd34e, creation at: 2024-03-20T21:08:45.272Z, expire at: 2024-03-20T21:08:48.272Z).
2024-03-20 21:08:45,377 [SecretKeyPoller] INFO  symmetric.DefaultSecretKeySignerClient (DefaultSecretKeySignerClient.java:checkAndRefresh(167)) - New secret key fetched from SCM: SecretKey(id = 52e7e8ac-a84a-4802-bd52-2b4baaabd34e, creation at: 2024-03-20T21:08:45.272Z, expire at: 2024-03-20T21:08:48.272Z).
2024-03-20 21:08:46,250 [main] INFO  ozone.MiniOzoneClusterImpl (MiniOzoneClusterImpl.java:lambda$waitForClusterToBeReady$0(194)) - Nodes are ready. Got 3 of 3 DN Heartbeats.
2024-03-20 21:08:46,250 [main] INFO  ozone.MiniOzoneClusterImpl (MiniOzoneClusterImpl.java:lambda$waitForClusterToBeReady$0(197)) - Waiting for cluster to exit safe mode
2024-03-20 21:08:46,250 [main] INFO  ozone.MiniOzoneClusterImpl (MiniOzoneClusterImpl.java:lambda$waitForClusterToBeReady$0(199)) - SCM became leader
2024-03-20 21:08:46,272 [scmNode-1-SecretKeyManagerService] INFO  symmetric.SecretKeyManager (SecretKeyManager.java:checkAndRotate(125)) - SecretKey rotation is happening, new key generated SecretKey(id = b612ddda-0dae-4ac6-bafe-b505e589941f, creation at: 2024-03-20T21:08:46.272Z, expire at: 2024-03-20T21:08:49.272Z)
2024-03-20 21:08:46,276 [1ba87fbc-452a-4836-9768-c65c67837df8@group-8B04330EF271-StateMachineUpdater] INFO  symmetric.SecretKeyStateImpl (SecretKeyStateImpl.java:updateKeysInternal(113)) - Updating keys with [SecretKey(id = 52e7e8ac-a84a-4802-bd52-2b4baaabd34e, creation at: 2024-03-20T21:08:45.272Z, expire at: 2024-03-20T21:08:48.272Z), SecretKey(id = a0a2ef21-d7ba-4b16-9833-9a15d5938521, creation at: 2024-03-20T21:08:44.272Z, expire at: 2024-03-20T21:08:47.272Z), SecretKey(id = ba202c57-4d03-4410-9db2-2446d9440871, creation at: 2024-03-20T21:08:43.272Z, expire at: 2024-03-20T21:08:46.272Z), SecretKey(id = b612ddda-0dae-4ac6-bafe-b505e589941f, creation at: 2024-03-20T21:08:46.272Z, expire at: 2024-03-20T21:08:49.272Z)]
2024-03-20 21:08:46,276 [1ba87fbc-452a-4836-9768-c65c67837df8@group-8B04330EF271-StateMachineUpdater] INFO  symmetric.SecretKeyStateImpl (SecretKeyStateImpl.java:updateKeysInternal(128)) - Current key updated SecretKey(id = b612ddda-0dae-4ac6-bafe-b505e589941f, creation at: 2024-03-20T21:08:46.272Z, expire at: 2024-03-20T21:08:49.272Z)
2024-03-20 21:08:46,277 [1ba87fbc-452a-4836-9768-c65c67837df8@group-8B04330EF271-StateMachineUpdater] INFO  symmetric.LocalSecretKeyStore (LocalSecretKeyStore.java:save(109)) - Saved [SecretKey(id = b612ddda-0dae-4ac6-bafe-b505e589941f, creation at: 2024-03-20T21:08:46.272Z, expire at: 2024-03-20T21:08:49.272Z), SecretKey(id = 52e7e8ac-a84a-4802-bd52-2b4baaabd34e, creation at: 2024-03-20T21:08:45.272Z, expire at: 2024-03-20T21:08:48.272Z), SecretKey(id = a0a2ef21-d7ba-4b16-9833-9a15d5938521, creation at: 2024-03-20T21:08:44.272Z, expire at: 2024-03-20T21:08:47.272Z), SecretKey(id = ba202c57-4d03-4410-9db2-2446d9440871, creation at: 2024-03-20T21:08:43.272Z, expire at: 2024-03-20T21:08:46.272Z)] to file /home/runner/work/ozone/ozone/hadoop-ozone/integration-test/target/test-dir/MiniOzoneClusterImpl-bb4c8f07-45f9-422c-bd0c-8b04330ef271/scmNode-1/scm/keys/secret_keys.json
2024-03-20 21:08:46,277 [1ba87fbc-452a-4836-9768-c65c67837df8@group-8B04330EF271-StateMachineUpdater] INFO  safemode.HealthyPipelineSafeModeRule (HealthyPipelineSafeModeRule.java:initializeRule(172)) - Refreshed total pipeline count is 0, healthy pipeline threshold count is 1
2024-03-20 21:08:46,278 [b12aa423-edbe-43b9-9e95-c7a538dfc443@group-8B04330EF271-StateMachineUpdater] INFO  symmetric.SecretKeyStateImpl (SecretKeyStateImpl.java:updateKeysInternal(113)) - Updating keys with [SecretKey(id = 52e7e8ac-a84a-4802-bd52-2b4baaabd34e, creation at: 2024-03-20T21:08:45.272Z, expire at: 2024-03-20T21:08:48.272Z), SecretKey(id = a0a2ef21-d7ba-4b16-9833-9a15d5938521, creation at: 2024-03-20T21:08:44.272Z, expire at: 2024-03-20T21:08:47.272Z), SecretKey(id = ba202c57-4d03-4410-9db2-2446d9440871, creation at: 2024-03-20T21:08:43.272Z, expire at: 2024-03-20T21:08:46.272Z), SecretKey(id = b612ddda-0dae-4ac6-bafe-b505e589941f, creation at: 2024-03-20T21:08:46.272Z, expire at: 2024-03-20T21:08:49.272Z)]
2024-03-20 21:08:46,278 [b12aa423-edbe-43b9-9e95-c7a538dfc443@group-8B04330EF271-StateMachineUpdater] INFO  symmetric.SecretKeyStateImpl (SecretKeyStateImpl.java:updateKeysInternal(128)) - Current key updated SecretKey(id = b612ddda-0dae-4ac6-bafe-b505e589941f, creation at: 2024-03-20T21:08:46.272Z, expire at: 2024-03-20T21:08:49.272Z)
2024-03-20 21:08:46,278 [b12aa423-edbe-43b9-9e95-c7a538dfc443@group-8B04330EF271-StateMachineUpdater] INFO  symmetric.LocalSecretKeyStore (LocalSecretKeyStore.java:save(109)) - Saved [SecretKey(id = b612ddda-0dae-4ac6-bafe-b505e589941f, creation at: 2024-03-20T21:08:46.272Z, expire at: 2024-03-20T21:08:49.272Z), SecretKey(id = 52e7e8ac-a84a-4802-bd52-2b4baaabd34e, creation at: 2024-03-20T21:08:45.272Z, expire at: 2024-03-20T21:08:48.272Z), SecretKey(id = a0a2ef21-d7ba-4b16-9833-9a15d5938521, creation at: 2024-03-20T21:08:44.272Z, expire at: 2024-03-20T21:08:47.272Z), SecretKey(id = ba202c57-4d03-4410-9db2-2446d9440871, creation at: 2024-03-20T21:08:43.272Z, expire at: 2024-03-20T21:08:46.272Z)] to file /home/runner/work/ozone/ozone/hadoop-ozone/integration-test/target/test-dir/MiniOzoneClusterImpl-bb4c8f07-45f9-422c-bd0c-8b04330ef271/scmNode-3/scm/keys/secret_keys.json
2024-03-20 21:08:46,278 [b12aa423-edbe-43b9-9e95-c7a538dfc443@group-8B04330EF271-StateMachineUpdater] INFO  safemode.HealthyPipelineSafeModeRule (HealthyPipelineSafeModeRule.java:initializeRule(172)) - Refreshed total pipeline count is 0, healthy pipeline threshold count is 1
2024-03-20 21:08:46,279 [be2411e5-a42d-476f-b25b-d7f87790d2c1@group-8B04330EF271-StateMachineUpdater] INFO  symmetric.SecretKeyStateImpl (SecretKeyStateImpl.java:updateKeysInternal(113)) - Updating keys with [SecretKey(id = 52e7e8ac-a84a-4802-bd52-2b4baaabd34e, creation at: 2024-03-20T21:08:45.272Z, expire at: 2024-03-20T21:08:48.272Z), SecretKey(id = a0a2ef21-d7ba-4b16-9833-9a15d5938521, creation at: 2024-03-20T21:08:44.272Z, expire at: 2024-03-20T21:08:47.272Z), SecretKey(id = ba202c57-4d03-4410-9db2-2446d9440871, creation at: 2024-03-20T21:08:43.272Z, expire at: 2024-03-20T21:08:46.272Z), SecretKey(id = b612ddda-0dae-4ac6-bafe-b505e589941f, creation at: 2024-03-20T21:08:46.272Z, expire at: 2024-03-20T21:08:49.272Z)]
2024-03-20 21:08:46,279 [be2411e5-a42d-476f-b25b-d7f87790d2c1@group-8B04330EF271-StateMachineUpdater] INFO  symmetric.SecretKeyStateImpl (SecretKeyStateImpl.java:updateKeysInternal(128)) - Current key updated SecretKey(id = b612ddda-0dae-4ac6-bafe-b505e589941f, creation at: 2024-03-20T21:08:46.272Z, expire at: 2024-03-20T21:08:49.272Z)
2024-03-20 21:08:46,280 [be2411e5-a42d-476f-b25b-d7f87790d2c1@group-8B04330EF271-StateMachineUpdater] INFO  symmetric.LocalSecretKeyStore (LocalSecretKeyStore.java:save(109)) - Saved [SecretKey(id = b612ddda-0dae-4ac6-bafe-b505e589941f, creation at: 2024-03-20T21:08:46.272Z, expire at: 2024-03-20T21:08:49.272Z), SecretKey(id = 52e7e8ac-a84a-4802-bd52-2b4baaabd34e, creation at: 2024-03-20T21:08:45.272Z, expire at: 2024-03-20T21:08:48.272Z), SecretKey(id = a0a2ef21-d7ba-4b16-9833-9a15d5938521, creation at: 2024-03-20T21:08:44.272Z, expire at: 2024-03-20T21:08:47.272Z), SecretKey(id = ba202c57-4d03-4410-9db2-2446d9440871, creation at: 2024-03-20T21:08:43.272Z, expire at: 2024-03-20T21:08:46.272Z)] to file /home/runner/work/ozone/ozone/hadoop-ozone/integration-test/target/test-dir/MiniOzoneClusterImpl-bb4c8f07-45f9-422c-bd0c-8b04330ef271/scmNode-2/scm/keys/secret_keys.json
2024-03-20 21:08:46,280 [be2411e5-a42d-476f-b25b-d7f87790d2c1@group-8B04330EF271-StateMachineUpdater] INFO  safemode.HealthyPipelineSafeModeRule (HealthyPipelineSafeModeRule.java:initializeRule(172)) - Refreshed total pipeline count is 0, healthy pipeline threshold count is 1
2024-03-20 21:08:46,373 [SecretKeyPoller] INFO  symmetric.DefaultSecretKeySignerClient (DefaultSecretKeySignerClient.java:checkAndRefresh(167)) - New secret key fetched from SCM: SecretKey(id = b612ddda-0dae-4ac6-bafe-b505e589941f, creation at: 2024-03-20T21:08:46.272Z, expire at: 2024-03-20T21:08:49.272Z).
2024-03-20 21:08:46,373 [SecretKeyPoller] INFO  symmetric.DefaultSecretKeySignerClient (DefaultSecretKeySignerClient.java:checkAndRefresh(167)) - New secret key fetched from SCM: SecretKey(id = b612ddda-0dae-4ac6-bafe-b505e589941f, creation at: 2024-03-20T21:08:46.272Z, expire at: 2024-03-20T21:08:49.272Z).
2024-03-20 21:08:46,374 [SecretKeyPoller] INFO  symmetric.DefaultSecretKeySignerClient (DefaultSecretKeySignerClient.java:checkAndRefresh(167)) - New secret key fetched from SCM: SecretKey(id = b612ddda-0dae-4ac6-bafe-b505e589941f, creation at: 2024-03-20T21:08:46.272Z, expire at: 2024-03-20T21:08:49.272Z).
2024-03-20 21:08:46,374 [om1-SecretKeyPoller] INFO  symmetric.DefaultSecretKeySignerClient (DefaultSecretKeySignerClient.java:checkAndRefresh(167)) - New secret key fetched from SCM: SecretKey(id = b612ddda-0dae-4ac6-bafe-b505e589941f, creation at: 2024-03-20T21:08:46.272Z, expire at: 2024-03-20T21:08:49.272Z).
2024-03-20 21:08:46,620 [bf0d52d7-dce2-4f08-b148-c0add6164c5c@group-BBF491953644-FollowerState] INFO  impl.FollowerState (FollowerState.java:run(143)) - bf0d52d7-dce2-4f08-b148-c0add6164c5c@group-BBF491953644-FollowerState: change to CANDIDATE, lastRpcElapsedTime:5143541030ns, electionTimeout:5142ms
2024-03-20 21:08:46,621 [bf0d52d7-dce2-4f08-b148-c0add6164c5c@group-BBF491953644-FollowerState] INFO  impl.RoleInfo (RoleInfo.java:shutdownFollowerState(110)) - bf0d52d7-dce2-4f08-b148-c0add6164c5c: shutdown bf0d52d7-dce2-4f08-b148-c0add6164c5c@group-BBF491953644-FollowerState
2024-03-20 21:08:46,621 [bf0d52d7-dce2-4f08-b148-c0add6164c5c@group-BBF491953644-FollowerState] INFO  server.RaftServer$Division (RaftServerImpl.java:setRole(383)) - bf0d52d7-dce2-4f08-b148-c0add6164c5c@group-BBF491953644: changes role from  FOLLOWER to CANDIDATE at term 0 for changeToCandidate
2024-03-20 21:08:46,622 [bf0d52d7-dce2-4f08-b148-c0add6164c5c@group-BBF491953644-FollowerState] INFO  server.RaftServerConfigKeys (ConfUtils.java:logGet(46)) - raft.server.leaderelection.pre-vote = true (default)
2024-03-20 21:08:46,622 [bf0d52d7-dce2-4f08-b148-c0add6164c5c@group-BBF491953644-FollowerState] INFO  impl.RoleInfo (RoleInfo.java:updateAndGet(139)) - bf0d52d7-dce2-4f08-b148-c0add6164c5c: start bf0d52d7-dce2-4f08-b148-c0add6164c5c@group-BBF491953644-LeaderElection4
2024-03-20 21:08:46,624 [bf0d52d7-dce2-4f08-b148-c0add6164c5c@group-BBF491953644-LeaderElection4] INFO  impl.LeaderElection (LeaderElection.java:askForVotes(321)) - bf0d52d7-dce2-4f08-b148-c0add6164c5c@group-BBF491953644-LeaderElection4 PRE_VOTE round 0: submit vote requests at term 0 for -1: peers:[bf0d52d7-dce2-4f08-b148-c0add6164c5c|10.1.0.34:15046]|listeners:[], old=null
2024-03-20 21:08:46,624 [bf0d52d7-dce2-4f08-b148-c0add6164c5c@group-BBF491953644-LeaderElection4] INFO  impl.LeaderElection (LeaderElection.java:askForVotes(323)) - bf0d52d7-dce2-4f08-b148-c0add6164c5c@group-BBF491953644-LeaderElection4 PRE_VOTE round 0: result PASSED (term=0)
2024-03-20 21:08:46,625 [98cad3d9-1aaa-47a5-be17-9665075729ab@group-6AECEB9247EF-FollowerState] INFO  impl.FollowerState (FollowerState.java:run(143)) - 98cad3d9-1aaa-47a5-be17-9665075729ab@group-6AECEB9247EF-FollowerState: change to CANDIDATE, lastRpcElapsedTime:5055624181ns, electionTimeout:5055ms
2024-03-20 21:08:46,625 [bf0d52d7-dce2-4f08-b148-c0add6164c5c@group-BBF491953644-LeaderElection4] INFO  impl.LeaderElection (LeaderElection.java:askForVotes(321)) - bf0d52d7-dce2-4f08-b148-c0add6164c5c@group-BBF491953644-LeaderElection4 ELECTION round 0: submit vote requests at term 1 for -1: peers:[bf0d52d7-dce2-4f08-b148-c0add6164c5c|10.1.0.34:15046]|listeners:[], old=null
2024-03-20 21:08:46,625 [bf0d52d7-dce2-4f08-b148-c0add6164c5c@group-BBF491953644-LeaderElection4] INFO  impl.LeaderElection (LeaderElection.java:askForVotes(323)) - bf0d52d7-dce2-4f08-b148-c0add6164c5c@group-BBF491953644-LeaderElection4 ELECTION round 0: result PASSED (term=1)
2024-03-20 21:08:46,625 [bf0d52d7-dce2-4f08-b148-c0add6164c5c@group-BBF491953644-LeaderElection4] INFO  impl.RoleInfo (RoleInfo.java:shutdownLeaderElection(130)) - bf0d52d7-dce2-4f08-b148-c0add6164c5c: shutdown bf0d52d7-dce2-4f08-b148-c0add6164c5c@group-BBF491953644-LeaderElection4
2024-03-20 21:08:46,625 [bf0d52d7-dce2-4f08-b148-c0add6164c5c@group-BBF491953644-LeaderElection4] INFO  server.RaftServer$Division (RaftServerImpl.java:setRole(383)) - bf0d52d7-dce2-4f08-b148-c0add6164c5c@group-BBF491953644: changes role from CANDIDATE to LEADER at term 1 for changeToLeader
2024-03-20 21:08:46,625 [98cad3d9-1aaa-47a5-be17-9665075729ab@group-6AECEB9247EF-FollowerState] INFO  impl.RoleInfo (RoleInfo.java:shutdownFollowerState(110)) - 98cad3d9-1aaa-47a5-be17-9665075729ab: shutdown 98cad3d9-1aaa-47a5-be17-9665075729ab@group-6AECEB9247EF-FollowerState
2024-03-20 21:08:46,626 [98cad3d9-1aaa-47a5-be17-9665075729ab@group-6AECEB9247EF-FollowerState] INFO  server.RaftServer$Division (RaftServerImpl.java:setRole(383)) - 98cad3d9-1aaa-47a5-be17-9665075729ab@group-6AECEB9247EF: changes role from  FOLLOWER to CANDIDATE at term 0 for changeToCandidate
2024-03-20 21:08:46,626 [bf0d52d7-dce2-4f08-b148-c0add6164c5c@group-BBF491953644-LeaderElection4] INFO  server.RaftServerConfigKeys (ConfUtils.java:logGet(46)) - raft.server.staging.catchup.gap = 1000 (default)
2024-03-20 21:08:46,626 [bf0d52d7-dce2-4f08-b148-c0add6164c5c@group-BBF491953644-LeaderElection4] INFO  server.RaftServerConfigKeys (ConfUtils.java:logGet(46)) - raft.server.write.element-limit = 1024 (custom)
2024-03-20 21:08:46,626 [bf0d52d7-dce2-4f08-b148-c0add6164c5c@group-BBF491953644-LeaderElection4] INFO  server.RaftServerConfigKeys (ConfUtils.java:logGet(46)) - raft.server.write.byte-limit = 1024 M (=1073741824) (custom)
2024-03-20 21:08:46,627 [98cad3d9-1aaa-47a5-be17-9665075729ab@group-6AECEB9247EF-FollowerState] INFO  server.RaftServerConfigKeys (ConfUtils.java:logGet(46)) - raft.server.leaderelection.pre-vote = true (default)
2024-03-20 21:08:46,628 [98cad3d9-1aaa-47a5-be17-9665075729ab@group-6AECEB9247EF-FollowerState] INFO  impl.RoleInfo (RoleInfo.java:updateAndGet(139)) - 98cad3d9-1aaa-47a5-be17-9665075729ab: start 98cad3d9-1aaa-47a5-be17-9665075729ab@group-6AECEB9247EF-LeaderElection5
2024-03-20 21:08:46,629 [bf0d52d7-dce2-4f08-b148-c0add6164c5c@group-BBF491953644-LeaderElection4] INFO  server.RaftServerConfigKeys (ConfUtils.java:logGet(46)) - raft.server.watch.timeout = 180s (custom)
2024-03-20 21:08:46,629 [bf0d52d7-dce2-4f08-b148-c0add6164c5c@group-BBF491953644-LeaderElection4] INFO  server.RaftServerConfigKeys (ConfUtils.java:logGet(46)) - raft.server.watch.timeout.denomination = 1s (default)
2024-03-20 21:08:46,629 [bf0d52d7-dce2-4f08-b148-c0add6164c5c@group-BBF491953644-LeaderElection4] INFO  server.RaftServerConfigKeys (ConfUtils.java:logGet(46)) - raft.server.watch.element-limit = 65536 (default)
2024-03-20 21:08:46,630 [98cad3d9-1aaa-47a5-be17-9665075729ab@group-6AECEB9247EF-LeaderElection5] INFO  impl.LeaderElection (LeaderElection.java:askForVotes(321)) - 98cad3d9-1aaa-47a5-be17-9665075729ab@group-6AECEB9247EF-LeaderElection5 PRE_VOTE round 0: submit vote requests at term 0 for -1: peers:[98cad3d9-1aaa-47a5-be17-9665075729ab|10.1.0.34:15064, bf0d52d7-dce2-4f08-b148-c0add6164c5c|10.1.0.34:15046, dcffae99-659e-451a-8106-d35894ce685d|10.1.0.34:15055]|listeners:[], old=null
2024-03-20 21:08:46,630 [bf0d52d7-dce2-4f08-b148-c0add6164c5c@group-BBF491953644-LeaderElection4] INFO  server.RaftServerConfigKeys (ConfUtils.java:logGet(46)) - raft.server.read.leader.lease.enabled = false (default)
2024-03-20 21:08:46,630 [bf0d52d7-dce2-4f08-b148-c0add6164c5c@group-BBF491953644-LeaderElection4] INFO  server.RaftServerConfigKeys (ConfUtils.java:logGet(46)) - raft.server.read.leader.lease.timeout.ratio = 0.9 (default)
2024-03-20 21:08:46,630 [bf0d52d7-dce2-4f08-b148-c0add6164c5c@group-BBF491953644-LeaderElection4] INFO  server.RaftServerConfigKeys (ConfUtils.java:logGet(46)) - raft.server.rpc.timeout.min = 5s (custom)
2024-03-20 21:08:46,630 [bf0d52d7-dce2-4f08-b148-c0add6164c5c@group-BBF491953644-LeaderElection4] INFO  server.RaftServerConfigKeys (ConfUtils.java:logGet(46)) - raft.server.write.element-limit = 1024 (custom)
2024-03-20 21:08:46,630 [bf0d52d7-dce2-4f08-b148-c0add6164c5c@group-BBF491953644-LeaderElection4] INFO  server.RaftServerConfigKeys (ConfUtils.java:logGet(46)) - raft.server.write.follower.gap.ratio.max = -1.0 (default)
2024-03-20 21:08:46,630 [bf0d52d7-dce2-4f08-b148-c0add6164c5c@group-BBF491953644-LeaderElection4] INFO  impl.RoleInfo (RoleInfo.java:updateAndGet(139)) - bf0d52d7-dce2-4f08-b148-c0add6164c5c: start bf0d52d7-dce2-4f08-b148-c0add6164c5c@group-BBF491953644-LeaderStateImpl
2024-03-20 21:08:46,630 [bf0d52d7-dce2-4f08-b148-c0add6164c5c@group-BBF491953644-LeaderElection4] INFO  server.RaftServer$Division (RaftServerImpl.java:setFirstElection(574)) - bf0d52d7-dce2-4f08-b148-c0add6164c5c@group-BBF491953644: set firstElectionSinceStartup to false for becomeLeader
2024-03-20 21:08:46,630 [bf0d52d7-dce2-4f08-b148-c0add6164c5c@group-BBF491953644-LeaderElection4] INFO  ratis.XceiverServerRatis (XceiverServerRatis.java:handleLeaderChangedNotification(966)) - Leader change notification received for group: group-BBF491953644 with new leaderId: bf0d52d7-dce2-4f08-b148-c0add6164c5c
2024-03-20 21:08:46,631 [bf0d52d7-dce2-4f08-b148-c0add6164c5c@group-BBF491953644-LeaderElection4] INFO  server.RaftServer$Division (ServerState.java:setLeader(269)) - bf0d52d7-dce2-4f08-b148-c0add6164c5c@group-BBF491953644: change Leader from null to bf0d52d7-dce2-4f08-b148-c0add6164c5c at term 1 for becomeLeader, leader elected after 5178ms
2024-03-20 21:08:46,631 [bf0d52d7-dce2-4f08-b148-c0add6164c5c@group-BBF491953644-LeaderElection4] INFO  segmented.SegmentedRaftLogWorker (SegmentedRaftLogWorker.java:startLogSegment(430)) - bf0d52d7-dce2-4f08-b148-c0add6164c5c@group-BBF491953644-SegmentedRaftLogWorker: Starting segment from index:0
2024-03-20 21:08:46,633 [bf0d52d7-dce2-4f08-b148-c0add6164c5c@group-BBF491953644-SegmentedRaftLogWorker] INFO  segmented.BufferedWriteChannel (BufferedWriteChannel.java:open(62)) - open log_inprogress_0 at position 0
2024-03-20 21:08:46,634 [scmNode-1-EventQueue-OpenPipelineForHealthyPipelineSafeModeRule] INFO  safemode.SCMSafeModeManager (HealthyPipelineSafeModeRule.java:process(140)) - SCM in safe mode. Healthy pipelines reported count is 0, required healthy pipeline reported count is 1
2024-03-20 21:08:46,634 [scmNode-2-EventQueue-OpenPipelineForHealthyPipelineSafeModeRule] INFO  safemode.SCMSafeModeManager (HealthyPipelineSafeModeRule.java:process(140)) - SCM in safe mode. Healthy pipelines reported count is 0, required healthy pipeline reported count is 1
2024-03-20 21:08:46,635 [bf0d52d7-dce2-4f08-b148-c0add6164c5c@group-BBF491953644-LeaderElection4] INFO  server.RaftServer$Division (ServerState.java:setRaftConf(386)) - bf0d52d7-dce2-4f08-b148-c0add6164c5c@group-BBF491953644: set configuration 0: peers:[bf0d52d7-dce2-4f08-b148-c0add6164c5c|10.1.0.34:15046]|listeners:[], old=null
2024-03-20 21:08:46,638 [scmNode-3-EventQueue-OpenPipelineForHealthyPipelineSafeModeRule] INFO  safemode.SCMSafeModeManager (HealthyPipelineSafeModeRule.java:process(140)) - SCM in safe mode. Healthy pipelines reported count is 0, required healthy pipeline reported count is 1
2024-03-20 21:08:46,638 [98cad3d9-1aaa-47a5-be17-9665075729ab@group-6AECEB9247EF-LeaderElection5-1] INFO  server.GrpcServerProtocolClient (GrpcServerProtocolClient.java:<init>(65)) - Build channel for bf0d52d7-dce2-4f08-b148-c0add6164c5c|10.1.0.34:15046
2024-03-20 21:08:46,640 [98cad3d9-1aaa-47a5-be17-9665075729ab@group-6AECEB9247EF-LeaderElection5] INFO  server.RaftServerConfigKeys (ConfUtils.java:logFallback(53)) - raft.server.rpc.first-election.timeout.min = 5s (fallback to raft.server.rpc.timeout.min)
2024-03-20 21:08:46,640 [98cad3d9-1aaa-47a5-be17-9665075729ab@group-6AECEB9247EF-LeaderElection5] INFO  server.RaftServerConfigKeys (ConfUtils.java:logFallback(53)) - raft.server.rpc.first-election.timeout.max = 5200ms (fallback to raft.server.rpc.timeout.max)
2024-03-20 21:08:46,640 [98cad3d9-1aaa-47a5-be17-9665075729ab@group-6AECEB9247EF-LeaderElection5-2] INFO  server.GrpcServerProtocolClient (GrpcServerProtocolClient.java:<init>(65)) - Build channel for dcffae99-659e-451a-8106-d35894ce685d|10.1.0.34:15055
2024-03-20 21:08:46,644 [bf0d52d7-dce2-4f08-b148-c0add6164c5c@group-BBF491953644-SegmentedRaftLogWorker] INFO  segmented.SegmentedRaftLogWorker (SegmentedRaftLogWorker.java:execute(634)) - bf0d52d7-dce2-4f08-b148-c0add6164c5c@group-BBF491953644-SegmentedRaftLogWorker: created new log segment /home/runner/work/ozone/ozone/hadoop-ozone/integration-test/target/test-dir/MiniOzoneClusterImpl-bb4c8f07-45f9-422c-bd0c-8b04330ef271/ozone-meta/datanode-1/ratis/32562dfb-1478-47de-bd5f-bbf491953644/current/log_inprogress_0
2024-03-20 21:08:46,649 [grpc-default-executor-1] INFO  server.RaftServer$Division (RaftServerImpl.java:requestVote(1389)) - bf0d52d7-dce2-4f08-b148-c0add6164c5c@group-6AECEB9247EF: receive requestVote(PRE_VOTE, 98cad3d9-1aaa-47a5-be17-9665075729ab, group-6AECEB9247EF, 0, (t:0, i:0))
2024-03-20 21:08:46,650 [grpc-default-executor-1] INFO  impl.VoteContext (VoteContext.java:log(49)) - bf0d52d7-dce2-4f08-b148-c0add6164c5c@group-6AECEB9247EF-FOLLOWER: accept PRE_VOTE from 98cad3d9-1aaa-47a5-be17-9665075729ab: our priority 0 <= candidate's priority 1
2024-03-20 21:08:46,653 [grpc-default-executor-1] INFO  server.RaftServer$Division (RaftServerImpl.java:requestVote(1422)) - bf0d52d7-dce2-4f08-b148-c0add6164c5c@group-6AECEB9247EF replies to PRE_VOTE vote request: 98cad3d9-1aaa-47a5-be17-9665075729ab<-bf0d52d7-dce2-4f08-b148-c0add6164c5c#0:OK-t0. Peer's state: bf0d52d7-dce2-4f08-b148-c0add6164c5c@group-6AECEB9247EF:t0, leader=null, voted=, raftlog=Memoized:bf0d52d7-dce2-4f08-b148-c0add6164c5c@group-6AECEB9247EF-SegmentedRaftLog:OPENED:c-1, conf=-1: peers:[98cad3d9-1aaa-47a5-be17-9665075729ab|10.1.0.34:15064, bf0d52d7-dce2-4f08-b148-c0add6164c5c|10.1.0.34:15046, dcffae99-659e-451a-8106-d35894ce685d|10.1.0.34:15055]|listeners:[], old=null
2024-03-20 21:08:46,655 [grpc-default-executor-2] INFO  server.RaftServer$Division (RaftServerImpl.java:requestVote(1389)) - dcffae99-659e-451a-8106-d35894ce685d@group-6AECEB9247EF: receive requestVote(PRE_VOTE, 98cad3d9-1aaa-47a5-be17-9665075729ab, group-6AECEB9247EF, 0, (t:0, i:0))
2024-03-20 21:08:46,655 [grpc-default-executor-2] INFO  impl.VoteContext (VoteContext.java:log(49)) - dcffae99-659e-451a-8106-d35894ce685d@group-6AECEB9247EF-FOLLOWER: accept PRE_VOTE from 98cad3d9-1aaa-47a5-be17-9665075729ab: our priority 0 <= candidate's priority 1
2024-03-20 21:08:46,656 [grpc-default-executor-2] INFO  server.RaftServer$Division (RaftServerImpl.java:requestVote(1422)) - dcffae99-659e-451a-8106-d35894ce685d@group-6AECEB9247EF replies to PRE_VOTE vote request: 98cad3d9-1aaa-47a5-be17-9665075729ab<-dcffae99-659e-451a-8106-d35894ce685d#0:OK-t0. Peer's state: dcffae99-659e-451a-8106-d35894ce685d@group-6AECEB9247EF:t0, leader=null, voted=, raftlog=Memoized:dcffae99-659e-451a-8106-d35894ce685d@group-6AECEB9247EF-SegmentedRaftLog:OPENED:c-1, conf=-1: peers:[98cad3d9-1aaa-47a5-be17-9665075729ab|10.1.0.34:15064, bf0d52d7-dce2-4f08-b148-c0add6164c5c|10.1.0.34:15046, dcffae99-659e-451a-8106-d35894ce685d|10.1.0.34:15055]|listeners:[], old=null
2024-03-20 21:08:46,657 [98cad3d9-1aaa-47a5-be17-9665075729ab@group-6AECEB9247EF-LeaderElection5] INFO  impl.LeaderElection (LeaderElection.java:logAndReturn(89)) - 98cad3d9-1aaa-47a5-be17-9665075729ab@group-6AECEB9247EF-LeaderElection5: PRE_VOTE PASSED received 1 response(s) and 0 exception(s):
2024-03-20 21:08:46,657 [98cad3d9-1aaa-47a5-be17-9665075729ab@group-6AECEB9247EF-LeaderElection5] INFO  impl.LeaderElection (LeaderElection.java:logAndReturn(93)) -   Response 0: 98cad3d9-1aaa-47a5-be17-9665075729ab<-bf0d52d7-dce2-4f08-b148-c0add6164c5c#0:OK-t0
2024-03-20 21:08:46,657 [bf0d52d7-dce2-4f08-b148-c0add6164c5c@group-BBF491953644-StateMachineUpdater] INFO  server.RaftServer$Division (LeaderStateImpl.java:isApplied(320)) - leader is ready since appliedIndex == 0 >= startIndex == 0
2024-03-20 21:08:46,657 [98cad3d9-1aaa-47a5-be17-9665075729ab@group-6AECEB9247EF-LeaderElection5] INFO  impl.LeaderElection (LeaderElection.java:askForVotes(323)) - 98cad3d9-1aaa-47a5-be17-9665075729ab@group-6AECEB9247EF-LeaderElection5 PRE_VOTE round 0: result PASSED
2024-03-20 21:08:46,658 [98cad3d9-1aaa-47a5-be17-9665075729ab@group-6AECEB9247EF-LeaderElection5] INFO  impl.LeaderElection (LeaderElection.java:askForVotes(321)) - 98cad3d9-1aaa-47a5-be17-9665075729ab@group-6AECEB9247EF-LeaderElection5 ELECTION round 0: submit vote requests at term 1 for -1: peers:[98cad3d9-1aaa-47a5-be17-9665075729ab|10.1.0.34:15064, bf0d52d7-dce2-4f08-b148-c0add6164c5c|10.1.0.34:15046, dcffae99-659e-451a-8106-d35894ce685d|10.1.0.34:15055]|listeners:[], old=null
2024-03-20 21:08:46,669 [grpc-default-executor-1] INFO  server.RaftServer$Division (RaftServerImpl.java:requestVote(1389)) - bf0d52d7-dce2-4f08-b148-c0add6164c5c@group-6AECEB9247EF: receive requestVote(ELECTION, 98cad3d9-1aaa-47a5-be17-9665075729ab, group-6AECEB9247EF, 1, (t:0, i:0))
2024-03-20 21:08:46,669 [98cad3d9-1aaa-47a5-be17-9665075729ab@group-6AECEB9247EF-LeaderElection5] INFO  server.RaftServerConfigKeys (ConfUtils.java:logFallback(53)) - raft.server.rpc.first-election.timeout.min = 5s (fallback to raft.server.rpc.timeout.min)
2024-03-20 21:08:46,669 [98cad3d9-1aaa-47a5-be17-9665075729ab@group-6AECEB9247EF-LeaderElection5] INFO  server.RaftServerConfigKeys (ConfUtils.java:logFallback(53)) - raft.server.rpc.first-election.timeout.max = 5200ms (fallback to raft.server.rpc.timeout.max)
2024-03-20 21:08:46,669 [grpc-default-executor-1] INFO  impl.VoteContext (VoteContext.java:log(49)) - bf0d52d7-dce2-4f08-b148-c0add6164c5c@group-6AECEB9247EF-FOLLOWER: accept ELECTION from 98cad3d9-1aaa-47a5-be17-9665075729ab: our priority 0 <= candidate's priority 1
2024-03-20 21:08:46,671 [grpc-default-executor-2] INFO  server.RaftServer$Division (RaftServerImpl.java:requestVote(1389)) - dcffae99-659e-451a-8106-d35894ce685d@group-6AECEB9247EF: receive requestVote(ELECTION, 98cad3d9-1aaa-47a5-be17-9665075729ab, group-6AECEB9247EF, 1, (t:0, i:0))
2024-03-20 21:08:46,671 [grpc-default-executor-2] INFO  impl.VoteContext (VoteContext.java:log(49)) - dcffae99-659e-451a-8106-d35894ce685d@group-6AECEB9247EF-FOLLOWER: accept ELECTION from 98cad3d9-1aaa-47a5-be17-9665075729ab: our priority 0 <= candidate's priority 1
2024-03-20 21:08:46,671 [grpc-default-executor-2] INFO  server.RaftServer$Division (RaftServerImpl.java:setRole(383)) - dcffae99-659e-451a-8106-d35894ce685d@group-6AECEB9247EF: changes role from  FOLLOWER to FOLLOWER at term 1 for candidate:98cad3d9-1aaa-47a5-be17-9665075729ab
2024-03-20 21:08:46,671 [grpc-default-executor-2] INFO  impl.RoleInfo (RoleInfo.java:shutdownFollowerState(110)) - dcffae99-659e-451a-8106-d35894ce685d: shutdown dcffae99-659e-451a-8106-d35894ce685d@group-6AECEB9247EF-FollowerState
2024-03-20 21:08:46,671 [grpc-default-executor-1] INFO  server.RaftServer$Division (RaftServerImpl.java:setRole(383)) - bf0d52d7-dce2-4f08-b148-c0add6164c5c@group-6AECEB9247EF: changes role from  FOLLOWER to FOLLOWER at term 1 for candidate:98cad3d9-1aaa-47a5-be17-9665075729ab
2024-03-20 21:08:46,672 [dcffae99-659e-451a-8106-d35894ce685d@group-6AECEB9247EF-FollowerState] INFO  impl.FollowerState (FollowerState.java:run(152)) - dcffae99-659e-451a-8106-d35894ce685d@group-6AECEB9247EF-FollowerState was interrupted
2024-03-20 21:08:46,672 [grpc-default-executor-2] INFO  impl.RoleInfo (RoleInfo.java:updateAndGet(139)) - dcffae99-659e-451a-8106-d35894ce685d: start dcffae99-659e-451a-8106-d35894ce685d@group-6AECEB9247EF-FollowerState
2024-03-20 21:08:46,673 [grpc-default-executor-1] INFO  impl.RoleInfo (RoleInfo.java:shutdownFollowerState(110)) - bf0d52d7-dce2-4f08-b148-c0add6164c5c: shutdown bf0d52d7-dce2-4f08-b148-c0add6164c5c@group-6AECEB9247EF-FollowerState
2024-03-20 21:08:46,674 [grpc-default-executor-2] INFO  server.RaftServer$Division (RaftServerImpl.java:setFirstElection(574)) - dcffae99-659e-451a-8106-d35894ce685d@group-6AECEB9247EF: set firstElectionSinceStartup to false for candidate:98cad3d9-1aaa-47a5-be17-9665075729ab
2024-03-20 21:08:46,675 [grpc-default-executor-1] INFO  impl.RoleInfo (RoleInfo.java:updateAndGet(139)) - bf0d52d7-dce2-4f08-b148-c0add6164c5c: start bf0d52d7-dce2-4f08-b148-c0add6164c5c@group-6AECEB9247EF-FollowerState
2024-03-20 21:08:46,675 [grpc-default-executor-2] INFO  server.RaftServer$Division (RaftServerImpl.java:requestVote(1422)) - dcffae99-659e-451a-8106-d35894ce685d@group-6AECEB9247EF replies to ELECTION vote request: 98cad3d9-1aaa-47a5-be17-9665075729ab<-dcffae99-659e-451a-8106-d35894ce685d#0:OK-t1. Peer's state: dcffae99-659e-451a-8106-d35894ce685d@group-6AECEB9247EF:t1, leader=null, voted=98cad3d9-1aaa-47a5-be17-9665075729ab, raftlog=Memoized:dcffae99-659e-451a-8106-d35894ce685d@group-6AECEB9247EF-SegmentedRaftLog:OPENED:c-1, conf=-1: peers:[98cad3d9-1aaa-47a5-be17-9665075729ab|10.1.0.34:15064, bf0d52d7-dce2-4f08-b148-c0add6164c5c|10.1.0.34:15046, dcffae99-659e-451a-8106-d35894ce685d|10.1.0.34:15055]|listeners:[], old=null
2024-03-20 21:08:46,675 [grpc-default-executor-1] INFO  server.RaftServer$Division (RaftServerImpl.java:setFirstElection(574)) - bf0d52d7-dce2-4f08-b148-c0add6164c5c@group-6AECEB9247EF: set firstElectionSinceStartup to false for candidate:98cad3d9-1aaa-47a5-be17-9665075729ab
2024-03-20 21:08:46,676 [bf0d52d7-dce2-4f08-b148-c0add6164c5c@group-6AECEB9247EF-FollowerState] INFO  impl.FollowerState (FollowerState.java:run(152)) - bf0d52d7-dce2-4f08-b148-c0add6164c5c@group-6AECEB9247EF-FollowerState was interrupted
2024-03-20 21:08:46,681 [98cad3d9-1aaa-47a5-be17-9665075729ab@group-6AECEB9247EF-LeaderElection5] INFO  impl.LeaderElection (LeaderElection.java:logAndReturn(89)) - 98cad3d9-1aaa-47a5-be17-9665075729ab@group-6AECEB9247EF-LeaderElection5: ELECTION PASSED received 1 response(s) and 0 exception(s):
2024-03-20 21:08:46,681 [98cad3d9-1aaa-47a5-be17-9665075729ab@group-6AECEB9247EF-LeaderElection5] INFO  impl.LeaderElection (LeaderElection.java:logAndReturn(93)) -   Response 0: 98cad3d9-1aaa-47a5-be17-9665075729ab<-dcffae99-659e-451a-8106-d35894ce685d#0:OK-t1
2024-03-20 21:08:46,681 [98cad3d9-1aaa-47a5-be17-9665075729ab@group-6AECEB9247EF-LeaderElection5] INFO  impl.LeaderElection (LeaderElection.java:askForVotes(323)) - 98cad3d9-1aaa-47a5-be17-9665075729ab@group-6AECEB9247EF-LeaderElection5 ELECTION round 0: result PASSED
2024-03-20 21:08:46,681 [bf0d52d7-dce2-4f08-b148-c0add6164c5c@group-A427EA6FC389-FollowerState] INFO  impl.FollowerState (FollowerState.java:run(143)) - bf0d52d7-dce2-4f08-b148-c0add6164c5c@group-A427EA6FC389-FollowerState: change to CANDIDATE, lastRpcElapsedTime:5015278905ns, electionTimeout:5009ms
2024-03-20 21:08:46,681 [98cad3d9-1aaa-47a5-be17-9665075729ab@group-6AECEB9247EF-LeaderElection5] INFO  impl.RoleInfo (RoleInfo.java:shutdownLeaderElection(130)) - 98cad3d9-1aaa-47a5-be17-9665075729ab: shutdown 98cad3d9-1aaa-47a5-be17-9665075729ab@group-6AECEB9247EF-LeaderElection5
2024-03-20 21:08:46,682 [bf0d52d7-dce2-4f08-b148-c0add6164c5c@group-A427EA6FC389-FollowerState] INFO  impl.RoleInfo (RoleInfo.java:shutdownFollowerState(110)) - bf0d52d7-dce2-4f08-b148-c0add6164c5c: shutdown bf0d52d7-dce2-4f08-b148-c0add6164c5c@group-A427EA6FC389-FollowerState
2024-03-20 21:08:46,682 [grpc-default-executor-1] INFO  server.RaftServer$Division (RaftServerImpl.java:requestVote(1422)) - bf0d52d7-dce2-4f08-b148-c0add6164c5c@group-6AECEB9247EF replies to ELECTION vote request: 98cad3d9-1aaa-47a5-be17-9665075729ab<-bf0d52d7-dce2-4f08-b148-c0add6164c5c#0:OK-t1. Peer's state: bf0d52d7-dce2-4f08-b148-c0add6164c5c@group-6AECEB9247EF:t1, leader=null, voted=98cad3d9-1aaa-47a5-be17-9665075729ab, raftlog=Memoized:bf0d52d7-dce2-4f08-b148-c0add6164c5c@group-6AECEB9247EF-SegmentedRaftLog:OPENED:c-1, conf=-1: peers:[98cad3d9-1aaa-47a5-be17-9665075729ab|10.1.0.34:15064, bf0d52d7-dce2-4f08-b148-c0add6164c5c|10.1.0.34:15046, dcffae99-659e-451a-8106-d35894ce685d|10.1.0.34:15055]|listeners:[], old=null
2024-03-20 21:08:46,683 [98cad3d9-1aaa-47a5-be17-9665075729ab@group-6AECEB9247EF-LeaderElection5] INFO  server.RaftServer$Division (RaftServerImpl.java:setRole(383)) - 98cad3d9-1aaa-47a5-be17-9665075729ab@group-6AECEB9247EF: changes role from CANDIDATE to LEADER at term 1 for changeToLeader
2024-03-20 21:08:46,683 [bf0d52d7-dce2-4f08-b148-c0add6164c5c@group-A427EA6FC389-FollowerState] INFO  server.RaftServer$Division (RaftServerImpl.java:setRole(383)) - bf0d52d7-dce2-4f08-b148-c0add6164c5c@group-A427EA6FC389: changes role from  FOLLOWER to CANDIDATE at term 0 for changeToCandidate
2024-03-20 21:08:46,685 [98cad3d9-1aaa-47a5-be17-9665075729ab@group-6AECEB9247EF-LeaderElection5] INFO  server.RaftServerConfigKeys (ConfUtils.java:logGet(46)) - raft.server.staging.catchup.gap = 1000 (default)
2024-03-20 21:08:46,685 [98cad3d9-1aaa-47a5-be17-9665075729ab@group-6AECEB9247EF-LeaderElection5] INFO  server.RaftServerConfigKeys (ConfUtils.java:logGet(46)) - raft.server.write.element-limit = 1024 (custom)
2024-03-20 21:08:46,685 [98cad3d9-1aaa-47a5-be17-9665075729ab@group-6AECEB9247EF-LeaderElection5] INFO  server.RaftServerConfigKeys (ConfUtils.java:logGet(46)) - raft.server.write.byte-limit = 1024 M (=1073741824) (custom)
2024-03-20 21:08:46,685 [98cad3d9-1aaa-47a5-be17-9665075729ab@group-6AECEB9247EF-LeaderElection5] INFO  server.RaftServerConfigKeys (ConfUtils.java:logGet(46)) - raft.server.watch.timeout = 180s (custom)
2024-03-20 21:08:46,686 [bf0d52d7-dce2-4f08-b148-c0add6164c5c@group-A427EA6FC389-FollowerState] INFO  server.RaftServerConfigKeys (ConfUtils.java:logGet(46)) - raft.server.leaderelection.pre-vote = true (default)
2024-03-20 21:08:46,687 [bf0d52d7-dce2-4f08-b148-c0add6164c5c@group-A427EA6FC389-FollowerState] INFO  impl.RoleInfo (RoleInfo.java:updateAndGet(139)) - bf0d52d7-dce2-4f08-b148-c0add6164c5c: start bf0d52d7-dce2-4f08-b148-c0add6164c5c@group-A427EA6FC389-LeaderElection6
2024-03-20 21:08:46,687 [98cad3d9-1aaa-47a5-be17-9665075729ab@group-6AECEB9247EF-LeaderElection5] INFO  server.RaftServerConfigKeys (ConfUtils.java:logGet(46)) - raft.server.watch.timeout.denomination = 1s (default)
2024-03-20 21:08:46,689 [bf0d52d7-dce2-4f08-b148-c0add6164c5c@group-A427EA6FC389-LeaderElection6] INFO  impl.LeaderElection (LeaderElection.java:askForVotes(321)) - bf0d52d7-dce2-4f08-b148-c0add6164c5c@group-A427EA6FC389-LeaderElection6 PRE_VOTE round 0: submit vote requests at term 0 for -1: peers:[98cad3d9-1aaa-47a5-be17-9665075729ab|10.1.0.34:15064, bf0d52d7-dce2-4f08-b148-c0add6164c5c|10.1.0.34:15046, dcffae99-659e-451a-8106-d35894ce685d|10.1.0.34:15055]|listeners:[], old=null
2024-03-20 21:08:46,689 [98cad3d9-1aaa-47a5-be17-9665075729ab@group-6AECEB9247EF-LeaderElection5] INFO  server.RaftServerConfigKeys (ConfUtils.java:logGet(46)) - raft.server.watch.element-limit = 65536 (default)
2024-03-20 21:08:46,690 [bf0d52d7-dce2-4f08-b148-c0add6164c5c@group-A427EA6FC389-LeaderElection6] INFO  server.RaftServerConfigKeys (ConfUtils.java:logFallback(53)) - raft.server.rpc.first-election.timeout.min = 5s (fallback to raft.server.rpc.timeout.min)
2024-03-20 21:08:46,690 [bf0d52d7-dce2-4f08-b148-c0add6164c5c@group-A427EA6FC389-LeaderElection6-1] INFO  server.GrpcServerProtocolClient (GrpcServerProtocolClient.java:<init>(65)) - Build channel for 98cad3d9-1aaa-47a5-be17-9665075729ab|10.1.0.34:15064
2024-03-20 21:08:46,690 [bf0d52d7-dce2-4f08-b148-c0add6164c5c@group-A427EA6FC389-LeaderElection6] INFO  server.RaftServerConfigKeys (ConfUtils.java:logFallback(53)) - raft.server.rpc.first-election.timeout.max = 5200ms (fallback to raft.server.rpc.timeout.max)
2024-03-20 21:08:46,691 [98cad3d9-1aaa-47a5-be17-9665075729ab@group-6AECEB9247EF-LeaderElection5] INFO  server.RaftServerConfigKeys (ConfUtils.java:logGet(46)) - raft.server.read.leader.lease.enabled = false (default)
2024-03-20 21:08:46,691 [98cad3d9-1aaa-47a5-be17-9665075729ab@group-6AECEB9247EF-LeaderElection5] INFO  server.RaftServerConfigKeys (ConfUtils.java:logGet(46)) - raft.server.read.leader.lease.timeout.ratio = 0.9 (default)
2024-03-20 21:08:46,691 [98cad3d9-1aaa-47a5-be17-9665075729ab@group-6AECEB9247EF-LeaderElection5] INFO  server.RaftServerConfigKeys (ConfUtils.java:logGet(46)) - raft.server.rpc.timeout.min = 5s (custom)
2024-03-20 21:08:46,692 [98cad3d9-1aaa-47a5-be17-9665075729ab@group-6AECEB9247EF-LeaderElection5] INFO  server.RaftServerConfigKeys (ConfUtils.java:logGet(46)) - raft.server.write.element-limit = 1024 (custom)
2024-03-20 21:08:46,692 [98cad3d9-1aaa-47a5-be17-9665075729ab@group-6AECEB9247EF-LeaderElection5] INFO  server.RaftServerConfigKeys (ConfUtils.java:logGet(46)) - raft.server.write.follower.gap.ratio.max = -1.0 (default)
2024-03-20 21:08:46,690 [bf0d52d7-dce2-4f08-b148-c0add6164c5c@group-A427EA6FC389-LeaderElection6-2] INFO  server.GrpcServerProtocolClient (GrpcServerProtocolClient.java:<init>(65)) - Build channel for dcffae99-659e-451a-8106-d35894ce685d|10.1.0.34:15055
2024-03-20 21:08:46,697 [98cad3d9-1aaa-47a5-be17-9665075729ab@group-6AECEB9247EF-LeaderElection5] INFO  server.RaftServerConfigKeys (ConfUtils.java:logGet(46)) - raft.server.log.appender.snapshot.chunk.size.max = 16MB (=16777216) (default)
2024-03-20 21:08:46,697 [98cad3d9-1aaa-47a5-be17-9665075729ab@group-6AECEB9247EF-LeaderElection5] INFO  server.RaftServerConfigKeys (ConfUtils.java:logGet(46)) - raft.server.log.appender.buffer.byte-limit = 8388608 (custom)
2024-03-20 21:08:46,697 [98cad3d9-1aaa-47a5-be17-9665075729ab@group-6AECEB9247EF-LeaderElection5] INFO  server.RaftServerConfigKeys (ConfUtils.java:logGet(46)) - raft.server.log.appender.buffer.element-limit = 1 (custom)
2024-03-20 21:08:46,700 [98cad3d9-1aaa-47a5-be17-9665075729ab@group-6AECEB9247EF-LeaderElection5] INFO  server.RaftServerConfigKeys (ConfUtils.java:logGet(46)) - raft.server.log.appender.wait-time.min = 0μs (custom)
2024-03-20 21:08:46,700 [98cad3d9-1aaa-47a5-be17-9665075729ab@group-6AECEB9247EF-LeaderElection5] INFO  grpc.GrpcConfigKeys (ConfUtils.java:logGet(46)) - raft.grpc.server.leader.outstanding.appends.max = 8 (default)
2024-03-20 21:08:46,700 [98cad3d9-1aaa-47a5-be17-9665075729ab@group-6AECEB9247EF-LeaderElection5] INFO  server.RaftServerConfigKeys (ConfUtils.java:logGet(46)) - raft.server.rpc.request.timeout = 60s (custom)
2024-03-20 21:08:46,701 [98cad3d9-1aaa-47a5-be17-9665075729ab@group-6AECEB9247EF-LeaderElection5] INFO  grpc.GrpcConfigKeys (ConfUtils.java:logGet(46)) - raft.grpc.server.install_snapshot.request.element-limit = 8 (default)
2024-03-20 21:08:46,701 [98cad3d9-1aaa-47a5-be17-9665075729ab@group-6AECEB9247EF-LeaderElection5] INFO  grpc.GrpcConfigKeys (ConfUtils.java:logGet(46)) - raft.grpc.server.install_snapshot.request.timeout = 3000ms (default)
2024-03-20 21:08:46,701 [98cad3d9-1aaa-47a5-be17-9665075729ab@group-6AECEB9247EF-LeaderElection5] INFO  grpc.GrpcConfigKeys (ConfUtils.java:logGet(46)) - raft.grpc.server.log-message.batch.duration = 5s (default)
2024-03-20 21:08:46,701 [98cad3d9-1aaa-47a5-be17-9665075729ab@group-6AECEB9247EF-LeaderElection5] INFO  server.RaftServerConfigKeys (ConfUtils.java:logGet(46)) - raft.server.log.appender.install.snapshot.enabled = false (custom)
2024-03-20 21:08:46,702 [98cad3d9-1aaa-47a5-be17-9665075729ab@group-6AECEB9247EF-LeaderElection5] INFO  grpc.GrpcConfigKeys (ConfUtils.java:logGet(46)) - raft.grpc.server.heartbeat.channel = true (default)
2024-03-20 21:08:46,704 [grpc-default-executor-1] INFO  server.RaftServer$Division (RaftServerImpl.java:requestVote(1389)) - 98cad3d9-1aaa-47a5-be17-9665075729ab@group-A427EA6FC389: receive requestVote(PRE_VOTE, bf0d52d7-dce2-4f08-b148-c0add6164c5c, group-A427EA6FC389, 0, (t:0, i:0))
2024-03-20 21:08:46,704 [grpc-default-executor-1] INFO  impl.VoteContext (VoteContext.java:log(49)) - 98cad3d9-1aaa-47a5-be17-9665075729ab@group-A427EA6FC389-FOLLOWER: accept PRE_VOTE from bf0d52d7-dce2-4f08-b148-c0add6164c5c: our priority 0 <= candidate's priority 1
2024-03-20 21:08:46,704 [grpc-default-executor-1] INFO  server.RaftServer$Division (RaftServerImpl.java:requestVote(1422)) - 98cad3d9-1aaa-47a5-be17-9665075729ab@group-A427EA6FC389 replies to PRE_VOTE vote request: bf0d52d7-dce2-4f08-b148-c0add6164c5c<-98cad3d9-1aaa-47a5-be17-9665075729ab#0:OK-t0. Peer's state: 98cad3d9-1aaa-47a5-be17-9665075729ab@group-A427EA6FC389:t0, leader=null, voted=, raftlog=Memoized:98cad3d9-1aaa-47a5-be17-9665075729ab@group-A427EA6FC389-SegmentedRaftLog:OPENED:c-1, conf=-1: peers:[98cad3d9-1aaa-47a5-be17-9665075729ab|10.1.0.34:15064, bf0d52d7-dce2-4f08-b148-c0add6164c5c|10.1.0.34:15046, dcffae99-659e-451a-8106-d35894ce685d|10.1.0.34:15055]|listeners:[], old=null
2024-03-20 21:08:46,709 [98cad3d9-1aaa-47a5-be17-9665075729ab@group-6AECEB9247EF-LeaderElection5] INFO  server.RaftServerConfigKeys (ConfUtils.java:logGet(46)) - raft.server.log.appender.snapshot.chunk.size.max = 16MB (=16777216) (default)
2024-03-20 21:08:46,711 [98cad3d9-1aaa-47a5-be17-9665075729ab@group-6AECEB9247EF-LeaderElection5] INFO  server.RaftServerConfigKeys (ConfUtils.java:logGet(46)) - raft.server.log.appender.buffer.byte-limit = 8388608 (custom)
2024-03-20 21:08:46,712 [98cad3d9-1aaa-47a5-be17-9665075729ab@group-6AECEB9247EF-LeaderElection5] INFO  server.RaftServerConfigKeys (ConfUtils.java:logGet(46)) - raft.server.log.appender.buffer.element-limit = 1 (custom)
2024-03-20 21:08:46,711 [bf0d52d7-dce2-4f08-b148-c0add6164c5c@group-A427EA6FC389-LeaderElection6] INFO  impl.LeaderElection (LeaderElection.java:logAndReturn(89)) - bf0d52d7-dce2-4f08-b148-c0add6164c5c@group-A427EA6FC389-LeaderElection6: PRE_VOTE PASSED received 1 response(s) and 0 exception(s):
2024-03-20 21:08:46,712 [bf0d52d7-dce2-4f08-b148-c0add6164c5c@group-A427EA6FC389-LeaderElection6] INFO  impl.LeaderElection (LeaderElection.java:logAndReturn(93)) -   Response 0: bf0d52d7-dce2-4f08-b148-c0add6164c5c<-98cad3d9-1aaa-47a5-be17-9665075729ab#0:OK-t0
2024-03-20 21:08:46,714 [bf0d52d7-dce2-4f08-b148-c0add6164c5c@group-A427EA6FC389-LeaderElection6] INFO  impl.LeaderElection (LeaderElection.java:askForVotes(323)) - bf0d52d7-dce2-4f08-b148-c0add6164c5c@group-A427EA6FC389-LeaderElection6 PRE_VOTE round 0: result PASSED
2024-03-20 21:08:46,712 [98cad3d9-1aaa-47a5-be17-9665075729ab@group-6AECEB9247EF-LeaderElection5] INFO  server.RaftServerConfigKeys (ConfUtils.java:logGet(46)) - raft.server.log.appender.wait-time.min = 0μs (custom)
2024-03-20 21:08:46,714 [grpc-default-executor-1] INFO  server.RaftServer$Division (RaftServerImpl.java:requestVote(1389)) - dcffae99-659e-451a-8106-d35894ce685d@group-A427EA6FC389: receive requestVote(PRE_VOTE, bf0d52d7-dce2-4f08-b148-c0add6164c5c, group-A427EA6FC389, 0, (t:0, i:0))
2024-03-20 21:08:46,716 [grpc-default-executor-1] INFO  impl.VoteContext (VoteContext.java:log(49)) - dcffae99-659e-451a-8106-d35894ce685d@group-A427EA6FC389-FOLLOWER: accept PRE_VOTE from bf0d52d7-dce2-4f08-b148-c0add6164c5c: our priority 0 <= candidate's priority 1
2024-03-20 21:08:46,716 [grpc-default-executor-1] INFO  server.RaftServer$Division (RaftServerImpl.java:requestVote(1422)) - dcffae99-659e-451a-8106-d35894ce685d@group-A427EA6FC389 replies to PRE_VOTE vote request: bf0d52d7-dce2-4f08-b148-c0add6164c5c<-dcffae99-659e-451a-8106-d35894ce685d#0:OK-t0. Peer's state: dcffae99-659e-451a-8106-d35894ce685d@group-A427EA6FC389:t0, leader=null, voted=, raftlog=Memoized:dcffae99-659e-451a-8106-d35894ce685d@group-A427EA6FC389-SegmentedRaftLog:OPENED:c-1, conf=-1: peers:[98cad3d9-1aaa-47a5-be17-9665075729ab|10.1.0.34:15064, bf0d52d7-dce2-4f08-b148-c0add6164c5c|10.1.0.34:15046, dcffae99-659e-451a-8106-d35894ce685d|10.1.0.34:15055]|listeners:[], old=null
2024-03-20 21:08:46,716 [bf0d52d7-dce2-4f08-b148-c0add6164c5c@group-A427EA6FC389-LeaderElection6] INFO  impl.LeaderElection (LeaderElection.java:askForVotes(321)) - bf0d52d7-dce2-4f08-b148-c0add6164c5c@group-A427EA6FC389-LeaderElection6 ELECTION round 0: submit vote requests at term 1 for -1: peers:[98cad3d9-1aaa-47a5-be17-9665075729ab|10.1.0.34:15064, bf0d52d7-dce2-4f08-b148-c0add6164c5c|10.1.0.34:15046, dcffae99-659e-451a-8106-d35894ce685d|10.1.0.34:15055]|listeners:[], old=null
2024-03-20 21:08:46,717 [98cad3d9-1aaa-47a5-be17-9665075729ab@group-6AECEB9247EF-LeaderElection5] INFO  grpc.GrpcConfigKeys (ConfUtils.java:logGet(46)) - raft.grpc.server.leader.outstanding.appends.max = 8 (default)
2024-03-20 21:08:46,717 [98cad3d9-1aaa-47a5-be17-9665075729ab@group-6AECEB9247EF-LeaderElection5] INFO  server.RaftServerConfigKeys (ConfUtils.java:logGet(46)) - raft.server.rpc.request.timeout = 60s (custom)
2024-03-20 21:08:46,717 [98cad3d9-1aaa-47a5-be17-9665075729ab@group-6AECEB9247EF-LeaderElection5] INFO  grpc.GrpcConfigKeys (ConfUtils.java:logGet(46)) - raft.grpc.server.install_snapshot.request.element-limit = 8 (default)
2024-03-20 21:08:46,718 [98cad3d9-1aaa-47a5-be17-9665075729ab@group-6AECEB9247EF-LeaderElection5] INFO  grpc.GrpcConfigKeys (ConfUtils.java:logGet(46)) - raft.grpc.server.install_snapshot.request.timeout = 3000ms (default)
2024-03-20 21:08:46,718 [98cad3d9-1aaa-47a5-be17-9665075729ab@group-6AECEB9247EF-LeaderElection5] INFO  grpc.GrpcConfigKeys (ConfUtils.java:logGet(46)) - raft.grpc.server.log-message.batch.duration = 5s (default)
2024-03-20 21:08:46,718 [98cad3d9-1aaa-47a5-be17-9665075729ab@group-6AECEB9247EF-LeaderElection5] INFO  server.RaftServerConfigKeys (ConfUtils.java:logGet(46)) - raft.server.log.appender.install.snapshot.enabled = false (custom)
2024-03-20 21:08:46,718 [98cad3d9-1aaa-47a5-be17-9665075729ab@group-6AECEB9247EF-LeaderElection5] INFO  grpc.GrpcConfigKeys (ConfUtils.java:logGet(46)) - raft.grpc.server.heartbeat.channel = true (default)
2024-03-20 21:08:46,719 [98cad3d9-1aaa-47a5-be17-9665075729ab@group-6AECEB9247EF-LeaderElection5] INFO  impl.RoleInfo (RoleInfo.java:updateAndGet(139)) - 98cad3d9-1aaa-47a5-be17-9665075729ab: start 98cad3d9-1aaa-47a5-be17-9665075729ab@group-6AECEB9247EF-LeaderStateImpl
2024-03-20 21:08:46,719 [98cad3d9-1aaa-47a5-be17-9665075729ab@group-6AECEB9247EF-LeaderElection5] INFO  server.RaftServer$Division (RaftServerImpl.java:setFirstElection(574)) - 98cad3d9-1aaa-47a5-be17-9665075729ab@group-6AECEB9247EF: set firstElectionSinceStartup to false for becomeLeader
2024-03-20 21:08:46,719 [98cad3d9-1aaa-47a5-be17-9665075729ab@group-6AECEB9247EF-LeaderElection5] INFO  ratis.XceiverServerRatis (XceiverServerRatis.java:handleLeaderChangedNotification(966)) - Leader change notification received for group: group-6AECEB9247EF with new leaderId: 98cad3d9-1aaa-47a5-be17-9665075729ab
2024-03-20 21:08:46,721 [bf0d52d7-dce2-4f08-b148-c0add6164c5c@group-A427EA6FC389-LeaderElection6] INFO  server.RaftServerConfigKeys (ConfUtils.java:logFallback(53)) - raft.server.rpc.first-election.timeout.min = 5s (fallback to raft.server.rpc.timeout.min)
2024-03-20 21:08:46,723 [bf0d52d7-dce2-4f08-b148-c0add6164c5c@group-A427EA6FC389-LeaderElection6] INFO  server.RaftServerConfigKeys (ConfUtils.java:logFallback(53)) - raft.server.rpc.first-election.timeout.max = 5200ms (fallback to raft.server.rpc.timeout.max)
2024-03-20 21:08:46,722 [98cad3d9-1aaa-47a5-be17-9665075729ab@group-6AECEB9247EF-LeaderElection5] INFO  server.RaftServer$Division (ServerState.java:setLeader(269)) - 98cad3d9-1aaa-47a5-be17-9665075729ab@group-6AECEB9247EF: change Leader from null to 98cad3d9-1aaa-47a5-be17-9665075729ab at term 1 for becomeLeader, leader elected after 5163ms
2024-03-20 21:08:46,729 [scmNode-3-EventQueue-PipelineReportForPipelineReportHandler] ERROR pipeline.PipelineReportHandler (PipelineReportHandler.java:onMessage(100)) - Could not process pipeline report=pipelineID {
  id: "e99019a7-6291-4484-a6e6-6aeceb9247ef"
  uuid128 {
    mostSigBits: -1616764059522087804
    leastSigBits: -6420326652973004817
  }
}
isLeader: true
bytesWritten: 0
 from dn=98cad3d9-1aaa-47a5-be17-9665075729ab(fv-az1053-74.1e55wlyavovu3ma4fylbaqc4gd.phxx.internal.cloudapp.net/10.1.0.34).
org.apache.hadoop.hdds.scm.exceptions.SCMException: org.apache.ratis.protocol.exceptions.NotLeaderException: Server b12aa423-edbe-43b9-9e95-c7a538dfc443@group-8B04330EF271 is not the leader 1ba87fbc-452a-4836-9768-c65c67837df8|localhost:15003
	at org.apache.hadoop.hdds.scm.ha.SCMHAInvocationHandler.translateException(SCMHAInvocationHandler.java:165)
	at org.apache.hadoop.hdds.scm.ha.SCMHAInvocationHandler.invokeRatis(SCMHAInvocationHandler.java:115)
	at org.apache.hadoop.hdds.scm.ha.SCMHAInvocationHandler.invoke(SCMHAInvocationHandler.java:74)
	at com.sun.proxy.$Proxy34.updatePipelineState(Unknown Source)
	at org.apache.hadoop.hdds.scm.pipeline.PipelineManagerImpl.openPipeline(PipelineManagerImpl.java:430)
	at org.apache.hadoop.hdds.scm.pipeline.PipelineReportHandler.processPipelineReport(PipelineReportHandler.java:135)
	at org.apache.hadoop.hdds.scm.pipeline.PipelineReportHandler.onMessage(PipelineReportHandler.java:93)
	at org.apache.hadoop.hdds.scm.pipeline.PipelineReportHandler.onMessage(PipelineReportHandler.java:52)
	at org.apache.hadoop.hdds.server.events.SingleThreadExecutor.lambda$onMessage$1(SingleThreadExecutor.java:86)
	at java.util.concurrent.ThreadPoolExecutor.runWorker(ThreadPoolExecutor.java:1149)
	at java.util.concurrent.ThreadPoolExecutor$Worker.run(ThreadPoolExecutor.java:624)
	at java.lang.Thread.run(Thread.java:750)
Caused by: org.apache.ratis.protocol.exceptions.NotLeaderException: Server b12aa423-edbe-43b9-9e95-c7a538dfc443@group-8B04330EF271 is not the leader 1ba87fbc-452a-4836-9768-c65c67837df8|localhost:15003
	at org.apache.ratis.server.impl.RaftServerImpl.generateNotLeaderException(RaftServerImpl.java:807)
	at org.apache.ratis.server.impl.RaftServerImpl.checkLeaderState(RaftServerImpl.java:772)
	at org.apache.ratis.server.impl.RaftServerImpl.checkLeaderState(RaftServerImpl.java:758)
	at org.apache.ratis.server.impl.RaftServerImpl.writeAsync(RaftServerImpl.java:938)
	at org.apache.ratis.server.impl.RaftServerImpl.replyFuture(RaftServerImpl.java:931)
	at org.apache.ratis.server.impl.RaftServerImpl.submitClientRequestAsync(RaftServerImpl.java:908)
	at org.apache.ratis.server.impl.RaftServerImpl.lambda$null$13(RaftServerImpl.java:897)
	at org.apache.ratis.util.JavaUtils.callAsUnchecked(JavaUtils.java:118)
	at org.apache.ratis.server.impl.RaftServerImpl.lambda$executeSubmitClientRequestAsync$14(RaftServerImpl.java:897)
	at java.util.concurrent.CompletableFuture$AsyncSupply.run(CompletableFuture.java:1604)
	... 3 more
2024-03-20 21:08:46,728 [scmNode-3-EventQueue-OpenPipelineForHealthyPipelineSafeModeRule] INFO  safemode.SCMSafeModeManager (HealthyPipelineSafeModeRule.java:process(140)) - SCM in safe mode. Healthy pipelines reported count is 0, required healthy pipeline reported count is 1
2024-03-20 21:08:46,727 [scmNode-2-EventQueue-PipelineReportForPipelineReportHandler] ERROR pipeline.PipelineReportHandler (PipelineReportHandler.java:onMessage(100)) - Could not process pipeline report=pipelineID {
  id: "e99019a7-6291-4484-a6e6-6aeceb9247ef"
  uuid128 {
    mostSigBits: -1616764059522087804
    leastSigBits: -6420326652973004817
  }
}
isLeader: true
bytesWritten: 0
 from dn=98cad3d9-1aaa-47a5-be17-9665075729ab(fv-az1053-74.1e55wlyavovu3ma4fylbaqc4gd.phxx.internal.cloudapp.net/10.1.0.34).
org.apache.hadoop.hdds.scm.exceptions.SCMException: org.apache.ratis.protocol.exceptions.NotLeaderException: Server be2411e5-a42d-476f-b25b-d7f87790d2c1@group-8B04330EF271 is not the leader 1ba87fbc-452a-4836-9768-c65c67837df8|localhost:15003
	at org.apache.hadoop.hdds.scm.ha.SCMHAInvocationHandler.translateException(SCMHAInvocationHandler.java:165)
	at org.apache.hadoop.hdds.scm.ha.SCMHAInvocationHandler.invokeRatis(SCMHAInvocationHandler.java:115)
	at org.apache.hadoop.hdds.scm.ha.SCMHAInvocationHandler.invoke(SCMHAInvocationHandler.java:74)
	at com.sun.proxy.$Proxy34.updatePipelineState(Unknown Source)
	at org.apache.hadoop.hdds.scm.pipeline.PipelineManagerImpl.openPipeline(PipelineManagerImpl.java:430)
	at org.apache.hadoop.hdds.scm.pipeline.PipelineReportHandler.processPipelineReport(PipelineReportHandler.java:135)
	at org.apache.hadoop.hdds.scm.pipeline.PipelineReportHandler.onMessage(PipelineReportHandler.java:93)
	at org.apache.hadoop.hdds.scm.pipeline.PipelineReportHandler.onMessage(PipelineReportHandler.java:52)
	at org.apache.hadoop.hdds.server.events.SingleThreadExecutor.lambda$onMessage$1(SingleThreadExecutor.java:86)
	at java.util.concurrent.ThreadPoolExecutor.runWorker(ThreadPoolExecutor.java:1149)
	at java.util.concurrent.ThreadPoolExecutor$Worker.run(ThreadPoolExecutor.java:624)
	at java.lang.Thread.run(Thread.java:750)
Caused by: org.apache.ratis.protocol.exceptions.NotLeaderException: Server be2411e5-a42d-476f-b25b-d7f87790d2c1@group-8B04330EF271 is not the leader 1ba87fbc-452a-4836-9768-c65c67837df8|localhost:15003
	at org.apache.ratis.server.impl.RaftServerImpl.generateNotLeaderException(RaftServerImpl.java:807)
	at org.apache.ratis.server.impl.RaftServerImpl.checkLeaderState(RaftServerImpl.java:772)
	at org.apache.ratis.server.impl.RaftServerImpl.checkLeaderState(RaftServerImpl.java:758)
	at org.apache.ratis.server.impl.RaftServerImpl.writeAsync(RaftServerImpl.java:938)
	at org.apache.ratis.server.impl.RaftServerImpl.replyFuture(RaftServerImpl.java:931)
	at org.apache.ratis.server.impl.RaftServerImpl.submitClientRequestAsync(RaftServerImpl.java:908)
	at org.apache.ratis.server.impl.RaftServerImpl.lambda$null$13(RaftServerImpl.java:897)
	at org.apache.ratis.util.JavaUtils.callAsUnchecked(JavaUtils.java:118)
	at org.apache.ratis.server.impl.RaftServerImpl.lambda$executeSubmitClientRequestAsync$14(RaftServerImpl.java:897)
	at java.util.concurrent.CompletableFuture$AsyncSupply.run(CompletableFuture.java:1604)
	... 3 more
2024-03-20 21:08:46,725 [scmNode-2-EventQueue-OpenPipelineForHealthyPipelineSafeModeRule] INFO  safemode.SCMSafeModeManager (HealthyPipelineSafeModeRule.java:process(140)) - SCM in safe mode. Healthy pipelines reported count is 0, required healthy pipeline reported count is 1
2024-03-20 21:08:46,725 [scmNode-1-EventQueue-OpenPipelineForHealthyPipelineSafeModeRule] INFO  safemode.SCMSafeModeManager (HealthyPipelineSafeModeRule.java:process(140)) - SCM in safe mode. Healthy pipelines reported count is 0, required healthy pipeline reported count is 1
2024-03-20 21:08:46,724 [grpc-default-executor-2] INFO  server.RaftServer$Division (RaftServerImpl.java:requestVote(1389)) - dcffae99-659e-451a-8106-d35894ce685d@group-A427EA6FC389: receive requestVote(ELECTION, bf0d52d7-dce2-4f08-b148-c0add6164c5c, group-A427EA6FC389, 1, (t:0, i:0))
2024-03-20 21:08:46,724 [grpc-default-executor-1] INFO  server.RaftServer$Division (RaftServerImpl.java:requestVote(1389)) - 98cad3d9-1aaa-47a5-be17-9665075729ab@group-A427EA6FC389: receive requestVote(ELECTION, bf0d52d7-dce2-4f08-b148-c0add6164c5c, group-A427EA6FC389, 1, (t:0, i:0))
2024-03-20 21:08:46,738 [grpc-default-executor-1] INFO  impl.VoteContext (VoteContext.java:log(49)) - 98cad3d9-1aaa-47a5-be17-9665075729ab@group-A427EA6FC389-FOLLOWER: accept ELECTION from bf0d52d7-dce2-4f08-b148-c0add6164c5c: our priority 0 <= candidate's priority 1
2024-03-20 21:08:46,738 [grpc-default-executor-1] INFO  server.RaftServer$Division (RaftServerImpl.java:setRole(383)) - 98cad3d9-1aaa-47a5-be17-9665075729ab@group-A427EA6FC389: changes role from  FOLLOWER to FOLLOWER at term 1 for candidate:bf0d52d7-dce2-4f08-b148-c0add6164c5c
2024-03-20 21:08:46,738 [grpc-default-executor-1] INFO  impl.RoleInfo (RoleInfo.java:shutdownFollowerState(110)) - 98cad3d9-1aaa-47a5-be17-9665075729ab: shutdown 98cad3d9-1aaa-47a5-be17-9665075729ab@group-A427EA6FC389-FollowerState
2024-03-20 21:08:46,737 [1ba87fbc-452a-4836-9768-c65c67837df8@group-8B04330EF271-StateMachineUpdater] INFO  safemode.HealthyPipelineSafeModeRule (HealthyPipelineSafeModeRule.java:initializeRule(172)) - Refreshed total pipeline count is 1, healthy pipeline threshold count is 1
2024-03-20 21:08:46,737 [be2411e5-a42d-476f-b25b-d7f87790d2c1@group-8B04330EF271-StateMachineUpdater] INFO  safemode.HealthyPipelineSafeModeRule (HealthyPipelineSafeModeRule.java:initializeRule(172)) - Refreshed total pipeline count is 1, healthy pipeline threshold count is 1
2024-03-20 21:08:46,740 [scmNode-1-EventQueue-PipelineReportForPipelineReportHandler] INFO  pipeline.PipelineReportHandler (PipelineReportHandler.java:processPipelineReport(136)) - Opened pipeline PipelineID=e99019a7-6291-4484-a6e6-6aeceb9247ef
2024-03-20 21:08:46,736 [b12aa423-edbe-43b9-9e95-c7a538dfc443@group-8B04330EF271-StateMachineUpdater] INFO  safemode.HealthyPipelineSafeModeRule (HealthyPipelineSafeModeRule.java:initializeRule(172)) - Refreshed total pipeline count is 1, healthy pipeline threshold count is 1
2024-03-20 21:08:46,740 [scmNode-1-EventQueue-OpenPipelineForHealthyPipelineSafeModeRule] INFO  safemode.SCMSafeModeManager (HealthyPipelineSafeModeRule.java:process(140)) - SCM in safe mode. Healthy pipelines reported count is 1, required healthy pipeline reported count is 1
2024-03-20 21:08:46,740 [scmNode-1-EventQueue-OpenPipelineForHealthyPipelineSafeModeRule] INFO  safemode.SCMSafeModeManager (SCMSafeModeManager.java:validateSafeModeExitRules(200)) - HealthyPipelineSafeModeRule rule is successfully validated
2024-03-20 21:08:46,740 [scmNode-1-EventQueue-OpenPipelineForHealthyPipelineSafeModeRule] INFO  safemode.SCMSafeModeManager (SCMSafeModeManager.java:validateSafeModeExitRules(215)) - ScmSafeModeManager, all rules are successfully validated
2024-03-20 21:08:46,740 [scmNode-1-EventQueue-OpenPipelineForHealthyPipelineSafeModeRule] INFO  safemode.SCMSafeModeManager (SCMSafeModeManager.java:exitSafeMode(244)) - SCM exiting safe mode.
2024-03-20 21:08:46,740 [scmNode-1-EventQueue-OpenPipelineForHealthyPipelineSafeModeRule] INFO  ha.SCMContext (SCMContext.java:updateSafeModeStatus(225)) - Update SafeModeStatus from SafeModeStatus{safeModeStatus=true, preCheckPassed=true} to SafeModeStatus{safeModeStatus=false, preCheckPassed=true}.
2024-03-20 21:08:46,740 [scmNode-1-EventQueue-OpenPipelineForHealthyPipelineSafeModeRule] INFO  BackgroundPipelineScrubber (BackgroundSCMService.java:notifyStatusChanged(79)) - Service BackgroundPipelineScrubber transitions to RUNNING.
2024-03-20 21:08:46,740 [scmNode-1-EventQueue-OpenPipelineForHealthyPipelineSafeModeRule] INFO  ExpiredContainerReplicaOpScrubber (BackgroundSCMService.java:notifyStatusChanged(79)) - Service ExpiredContainerReplicaOpScrubber transitions to RUNNING.
2024-03-20 21:08:46,740 [scmNode-1-EventQueue-OpenPipelineForHealthyPipelineSafeModeRule] INFO  block.SCMBlockDeletingService (SCMBlockDeletingService.java:notifyStatusChanged(247)) - notifyStatusChanged:RUNNING
2024-03-20 21:08:46,741 [scmNode-1-EventQueue-OpenPipelineForHealthyPipelineSafeModeRule] INFO  replication.ReplicationManager (ReplicationManager.java:notifyStatusChanged(1403)) - Service ReplicationManager transitions to RUNNING.
2024-03-20 21:08:46,744 [scmNode-1-EventQueue-OpenPipelineForHealthyPipelineSafeModeRule] WARN  balancer.ContainerBalancer (ContainerBalancer.java:shouldRun(134)) - Could not find persisted configuration for ContainerBalancer when checking if ContainerBalancer should run. ContainerBalancer should not run now.
2024-03-20 21:08:46,744 [scmNode-1-EventQueue-OpenPipelineForHealthyPipelineSafeModeRule] INFO  SCMHATransactionMonitor (BackgroundSCMService.java:notifyStatusChanged(79)) - Service SCMHATransactionMonitor transitions to RUNNING.
2024-03-20 21:08:46,734 [98cad3d9-1aaa-47a5-be17-9665075729ab@group-6AECEB9247EF-LeaderElection5] INFO  segmented.SegmentedRaftLogWorker (SegmentedRaftLogWorker.java:startLogSegment(430)) - 98cad3d9-1aaa-47a5-be17-9665075729ab@group-6AECEB9247EF-SegmentedRaftLogWorker: Starting segment from index:0
2024-03-20 21:08:46,739 [grpc-default-executor-2] INFO  impl.VoteContext (VoteContext.java:log(49)) - dcffae99-659e-451a-8106-d35894ce685d@group-A427EA6FC389-FOLLOWER: accept ELECTION from bf0d52d7-dce2-4f08-b148-c0add6164c5c: our priority 0 <= candidate's priority 1
2024-03-20 21:08:46,739 [98cad3d9-1aaa-47a5-be17-9665075729ab@group-A427EA6FC389-FollowerState] INFO  impl.FollowerState (FollowerState.java:run(152)) - 98cad3d9-1aaa-47a5-be17-9665075729ab@group-A427EA6FC389-FollowerState was interrupted
2024-03-20 21:08:46,739 [grpc-default-executor-1] INFO  impl.RoleInfo (RoleInfo.java:updateAndGet(139)) - 98cad3d9-1aaa-47a5-be17-9665075729ab: start 98cad3d9-1aaa-47a5-be17-9665075729ab@group-A427EA6FC389-FollowerState
2024-03-20 21:08:46,746 [98cad3d9-1aaa-47a5-be17-9665075729ab@group-6AECEB9247EF-SegmentedRaftLogWorker] INFO  segmented.BufferedWriteChannel (BufferedWriteChannel.java:open(62)) - open log_inprogress_0 at position 0
2024-03-20 21:08:46,745 [grpc-default-executor-2] INFO  server.RaftServer$Division (RaftServerImpl.java:setRole(383)) - dcffae99-659e-451a-8106-d35894ce685d@group-A427EA6FC389: changes role from  FOLLOWER to FOLLOWER at term 1 for candidate:bf0d52d7-dce2-4f08-b148-c0add6164c5c
2024-03-20 21:08:46,747 [grpc-default-executor-2] INFO  impl.RoleInfo (RoleInfo.java:shutdownFollowerState(110)) - dcffae99-659e-451a-8106-d35894ce685d: shutdown dcffae99-659e-451a-8106-d35894ce685d@group-A427EA6FC389-FollowerState
2024-03-20 21:08:46,745 [98cad3d9-1aaa-47a5-be17-9665075729ab@group-6AECEB9247EF-LeaderElection5] INFO  server.RaftServer$Division (ServerState.java:setRaftConf(386)) - 98cad3d9-1aaa-47a5-be17-9665075729ab@group-6AECEB9247EF: set configuration 0: peers:[98cad3d9-1aaa-47a5-be17-9665075729ab|10.1.0.34:15064, bf0d52d7-dce2-4f08-b148-c0add6164c5c|10.1.0.34:15046, dcffae99-659e-451a-8106-d35894ce685d|10.1.0.34:15055]|listeners:[], old=null
2024-03-20 21:08:46,752 [grpc-default-executor-1] INFO  server.RaftServer$Division (RaftServerImpl.java:setFirstElection(574)) - 98cad3d9-1aaa-47a5-be17-9665075729ab@group-A427EA6FC389: set firstElectionSinceStartup to false for candidate:bf0d52d7-dce2-4f08-b148-c0add6164c5c
2024-03-20 21:08:46,753 [dcffae99-659e-451a-8106-d35894ce685d@group-A427EA6FC389-FollowerState] INFO  impl.FollowerState (FollowerState.java:run(152)) - dcffae99-659e-451a-8106-d35894ce685d@group-A427EA6FC389-FollowerState was interrupted
2024-03-20 21:08:46,754 [grpc-default-executor-1] INFO  server.RaftServer$Division (RaftServerImpl.java:requestVote(1422)) - 98cad3d9-1aaa-47a5-be17-9665075729ab@group-A427EA6FC389 replies to ELECTION vote request: bf0d52d7-dce2-4f08-b148-c0add6164c5c<-98cad3d9-1aaa-47a5-be17-9665075729ab#0:OK-t1. Peer's state: 98cad3d9-1aaa-47a5-be17-9665075729ab@group-A427EA6FC389:t1, leader=null, voted=bf0d52d7-dce2-4f08-b148-c0add6164c5c, raftlog=Memoized:98cad3d9-1aaa-47a5-be17-9665075729ab@group-A427EA6FC389-SegmentedRaftLog:OPENED:c-1, conf=-1: peers:[98cad3d9-1aaa-47a5-be17-9665075729ab|10.1.0.34:15064, bf0d52d7-dce2-4f08-b148-c0add6164c5c|10.1.0.34:15046, dcffae99-659e-451a-8106-d35894ce685d|10.1.0.34:15055]|listeners:[], old=null
2024-03-20 21:08:46,754 [98cad3d9-1aaa-47a5-be17-9665075729ab@group-6AECEB9247EF-SegmentedRaftLogWorker] INFO  segmented.SegmentedRaftLogWorker (SegmentedRaftLogWorker.java:execute(634)) - 98cad3d9-1aaa-47a5-be17-9665075729ab@group-6AECEB9247EF-SegmentedRaftLogWorker: created new log segment /home/runner/work/ozone/ozone/hadoop-ozone/integration-test/target/test-dir/MiniOzoneClusterImpl-bb4c8f07-45f9-422c-bd0c-8b04330ef271/ozone-meta/datanode-3/ratis/e99019a7-6291-4484-a6e6-6aeceb9247ef/current/log_inprogress_0
2024-03-20 21:08:46,767 [grpc-default-executor-2] INFO  impl.RoleInfo (RoleInfo.java:updateAndGet(139)) - dcffae99-659e-451a-8106-d35894ce685d: start dcffae99-659e-451a-8106-d35894ce685d@group-A427EA6FC389-FollowerState
2024-03-20 21:08:46,768 [grpc-default-executor-2] INFO  server.RaftServer$Division (RaftServerImpl.java:setFirstElection(574)) - dcffae99-659e-451a-8106-d35894ce685d@group-A427EA6FC389: set firstElectionSinceStartup to false for candidate:bf0d52d7-dce2-4f08-b148-c0add6164c5c
2024-03-20 21:08:46,769 [bf0d52d7-dce2-4f08-b148-c0add6164c5c@group-A427EA6FC389-LeaderElection6] INFO  impl.LeaderElection (LeaderElection.java:logAndReturn(89)) - bf0d52d7-dce2-4f08-b148-c0add6164c5c@group-A427EA6FC389-LeaderElection6: ELECTION PASSED received 1 response(s) and 0 exception(s):
2024-03-20 21:08:46,769 [bf0d52d7-dce2-4f08-b148-c0add6164c5c@group-A427EA6FC389-LeaderElection6] INFO  impl.LeaderElection (LeaderElection.java:logAndReturn(93)) -   Response 0: bf0d52d7-dce2-4f08-b148-c0add6164c5c<-98cad3d9-1aaa-47a5-be17-9665075729ab#0:OK-t1
2024-03-20 21:08:46,769 [bf0d52d7-dce2-4f08-b148-c0add6164c5c@group-A427EA6FC389-LeaderElection6] INFO  impl.LeaderElection (LeaderElection.java:askForVotes(323)) - bf0d52d7-dce2-4f08-b148-c0add6164c5c@group-A427EA6FC389-LeaderElection6 ELECTION round 0: result PASSED
2024-03-20 21:08:46,769 [bf0d52d7-dce2-4f08-b148-c0add6164c5c@group-A427EA6FC389-LeaderElection6] INFO  impl.RoleInfo (RoleInfo.java:shutdownLeaderElection(130)) - bf0d52d7-dce2-4f08-b148-c0add6164c5c: shutdown bf0d52d7-dce2-4f08-b148-c0add6164c5c@group-A427EA6FC389-LeaderElection6
2024-03-20 21:08:46,770 [bf0d52d7-dce2-4f08-b148-c0add6164c5c@group-A427EA6FC389-LeaderElection6] INFO  server.RaftServer$Division (RaftServerImpl.java:setRole(383)) - bf0d52d7-dce2-4f08-b148-c0add6164c5c@group-A427EA6FC389: changes role from CANDIDATE to LEADER at term 1 for changeToLeader
2024-03-20 21:08:46,770 [bf0d52d7-dce2-4f08-b148-c0add6164c5c@group-A427EA6FC389-LeaderElection6] INFO  server.RaftServerConfigKeys (ConfUtils.java:logGet(46)) - raft.server.staging.catchup.gap = 1000 (default)
2024-03-20 21:08:46,771 [bf0d52d7-dce2-4f08-b148-c0add6164c5c@group-A427EA6FC389-LeaderElection6] INFO  server.RaftServerConfigKeys (ConfUtils.java:logGet(46)) - raft.server.write.element-limit = 1024 (custom)
2024-03-20 21:08:46,771 [bf0d52d7-dce2-4f08-b148-c0add6164c5c@group-A427EA6FC389-LeaderElection6] INFO  server.RaftServerConfigKeys (ConfUtils.java:logGet(46)) - raft.server.write.byte-limit = 1024 M (=1073741824) (custom)
2024-03-20 21:08:46,771 [grpc-default-executor-2] INFO  server.RaftServer$Division (RaftServerImpl.java:requestVote(1422)) - dcffae99-659e-451a-8106-d35894ce685d@group-A427EA6FC389 replies to ELECTION vote request: bf0d52d7-dce2-4f08-b148-c0add6164c5c<-dcffae99-659e-451a-8106-d35894ce685d#0:OK-t1. Peer's state: dcffae99-659e-451a-8106-d35894ce685d@group-A427EA6FC389:t1, leader=null, voted=bf0d52d7-dce2-4f08-b148-c0add6164c5c, raftlog=Memoized:dcffae99-659e-451a-8106-d35894ce685d@group-A427EA6FC389-SegmentedRaftLog:OPENED:c-1, conf=-1: peers:[98cad3d9-1aaa-47a5-be17-9665075729ab|10.1.0.34:15064, bf0d52d7-dce2-4f08-b148-c0add6164c5c|10.1.0.34:15046, dcffae99-659e-451a-8106-d35894ce685d|10.1.0.34:15055]|listeners:[], old=null
2024-03-20 21:08:46,771 [bf0d52d7-dce2-4f08-b148-c0add6164c5c@group-A427EA6FC389-LeaderElection6] INFO  server.RaftServerConfigKeys (ConfUtils.java:logGet(46)) - raft.server.watch.timeout = 180s (custom)
2024-03-20 21:08:46,771 [bf0d52d7-dce2-4f08-b148-c0add6164c5c@group-A427EA6FC389-LeaderElection6] INFO  server.RaftServerConfigKeys (ConfUtils.java:logGet(46)) - raft.server.watch.timeout.denomination = 1s (default)
2024-03-20 21:08:46,771 [bf0d52d7-dce2-4f08-b148-c0add6164c5c@group-A427EA6FC389-LeaderElection6] INFO  server.RaftServerConfigKeys (ConfUtils.java:logGet(46)) - raft.server.watch.element-limit = 65536 (default)
2024-03-20 21:08:46,772 [bf0d52d7-dce2-4f08-b148-c0add6164c5c@group-A427EA6FC389-LeaderElection6] INFO  server.RaftServerConfigKeys (ConfUtils.java:logGet(46)) - raft.server.read.leader.lease.enabled = false (default)
2024-03-20 21:08:46,772 [bf0d52d7-dce2-4f08-b148-c0add6164c5c@group-A427EA6FC389-LeaderElection6] INFO  server.RaftServerConfigKeys (ConfUtils.java:logGet(46)) - raft.server.read.leader.lease.timeout.ratio = 0.9 (default)
2024-03-20 21:08:46,772 [bf0d52d7-dce2-4f08-b148-c0add6164c5c@group-A427EA6FC389-LeaderElection6] INFO  server.RaftServerConfigKeys (ConfUtils.java:logGet(46)) - raft.server.rpc.timeout.min = 5s (custom)
2024-03-20 21:08:46,772 [bf0d52d7-dce2-4f08-b148-c0add6164c5c@group-A427EA6FC389-LeaderElection6] INFO  server.RaftServerConfigKeys (ConfUtils.java:logGet(46)) - raft.server.write.element-limit = 1024 (custom)
2024-03-20 21:08:46,772 [bf0d52d7-dce2-4f08-b148-c0add6164c5c@group-A427EA6FC389-LeaderElection6] INFO  server.RaftServerConfigKeys (ConfUtils.java:logGet(46)) - raft.server.write.follower.gap.ratio.max = -1.0 (default)
2024-03-20 21:08:46,773 [bf0d52d7-dce2-4f08-b148-c0add6164c5c@group-A427EA6FC389-LeaderElection6] INFO  server.RaftServerConfigKeys (ConfUtils.java:logGet(46)) - raft.server.log.appender.snapshot.chunk.size.max = 16MB (=16777216) (default)
2024-03-20 21:08:46,773 [bf0d52d7-dce2-4f08-b148-c0add6164c5c@group-A427EA6FC389-LeaderElection6] INFO  server.RaftServerConfigKeys (ConfUtils.java:logGet(46)) - raft.server.log.appender.buffer.byte-limit = 8388608 (custom)
2024-03-20 21:08:46,774 [bf0d52d7-dce2-4f08-b148-c0add6164c5c@group-A427EA6FC389-LeaderElection6] INFO  server.RaftServerConfigKeys (ConfUtils.java:logGet(46)) - raft.server.log.appender.buffer.element-limit = 1 (custom)
2024-03-20 21:08:46,774 [bf0d52d7-dce2-4f08-b148-c0add6164c5c@group-A427EA6FC389-LeaderElection6] INFO  server.RaftServerConfigKeys (ConfUtils.java:logGet(46)) - raft.server.log.appender.wait-time.min = 0μs (custom)
2024-03-20 21:08:46,774 [bf0d52d7-dce2-4f08-b148-c0add6164c5c@group-A427EA6FC389-LeaderElection6] INFO  grpc.GrpcConfigKeys (ConfUtils.java:logGet(46)) - raft.grpc.server.leader.outstanding.appends.max = 8 (default)
2024-03-20 21:08:46,774 [bf0d52d7-dce2-4f08-b148-c0add6164c5c@group-A427EA6FC389-LeaderElection6] INFO  server.RaftServerConfigKeys (ConfUtils.java:logGet(46)) - raft.server.rpc.request.timeout = 60s (custom)
2024-03-20 21:08:46,774 [bf0d52d7-dce2-4f08-b148-c0add6164c5c@group-A427EA6FC389-LeaderElection6] INFO  grpc.GrpcConfigKeys (ConfUtils.java:logGet(46)) - raft.grpc.server.install_snapshot.request.element-limit = 8 (default)
2024-03-20 21:08:46,774 [bf0d52d7-dce2-4f08-b148-c0add6164c5c@group-A427EA6FC389-LeaderElection6] INFO  grpc.GrpcConfigKeys (ConfUtils.java:logGet(46)) - raft.grpc.server.install_snapshot.request.timeout = 3000ms (default)
2024-03-20 21:08:46,774 [bf0d52d7-dce2-4f08-b148-c0add6164c5c@group-A427EA6FC389-LeaderElection6] INFO  grpc.GrpcConfigKeys (ConfUtils.java:logGet(46)) - raft.grpc.server.log-message.batch.duration = 5s (default)
2024-03-20 21:08:46,774 [bf0d52d7-dce2-4f08-b148-c0add6164c5c@group-A427EA6FC389-LeaderElection6] INFO  server.RaftServerConfigKeys (ConfUtils.java:logGet(46)) - raft.server.log.appender.install.snapshot.enabled = false (custom)
2024-03-20 21:08:46,774 [bf0d52d7-dce2-4f08-b148-c0add6164c5c@group-A427EA6FC389-LeaderElection6] INFO  grpc.GrpcConfigKeys (ConfUtils.java:logGet(46)) - raft.grpc.server.heartbeat.channel = true (default)
2024-03-20 21:08:46,775 [bf0d52d7-dce2-4f08-b148-c0add6164c5c@group-A427EA6FC389-LeaderElection6] INFO  server.RaftServerConfigKeys (ConfUtils.java:logGet(46)) - raft.server.log.appender.snapshot.chunk.size.max = 16MB (=16777216) (default)
2024-03-20 21:08:46,775 [bf0d52d7-dce2-4f08-b148-c0add6164c5c@group-A427EA6FC389-LeaderElection6] INFO  server.RaftServerConfigKeys (ConfUtils.java:logGet(46)) - raft.server.log.appender.buffer.byte-limit = 8388608 (custom)
2024-03-20 21:08:46,775 [bf0d52d7-dce2-4f08-b148-c0add6164c5c@group-A427EA6FC389-LeaderElection6] INFO  server.RaftServerConfigKeys (ConfUtils.java:logGet(46)) - raft.server.log.appender.buffer.element-limit = 1 (custom)
2024-03-20 21:08:46,775 [bf0d52d7-dce2-4f08-b148-c0add6164c5c@group-A427EA6FC389-LeaderElection6] INFO  server.RaftServerConfigKeys (ConfUtils.java:logGet(46)) - raft.server.log.appender.wait-time.min = 0μs (custom)
2024-03-20 21:08:46,775 [bf0d52d7-dce2-4f08-b148-c0add6164c5c@group-A427EA6FC389-LeaderElection6] INFO  grpc.GrpcConfigKeys (ConfUtils.java:logGet(46)) - raft.grpc.server.leader.outstanding.appends.max = 8 (default)
2024-03-20 21:08:46,775 [bf0d52d7-dce2-4f08-b148-c0add6164c5c@group-A427EA6FC389-LeaderElection6] INFO  server.RaftServerConfigKeys (ConfUtils.java:logGet(46)) - raft.server.rpc.request.timeout = 60s (custom)
2024-03-20 21:08:46,775 [bf0d52d7-dce2-4f08-b148-c0add6164c5c@group-A427EA6FC389-LeaderElection6] INFO  grpc.GrpcConfigKeys (ConfUtils.java:logGet(46)) - raft.grpc.server.install_snapshot.request.element-limit = 8 (default)
2024-03-20 21:08:46,775 [bf0d52d7-dce2-4f08-b148-c0add6164c5c@group-A427EA6FC389-LeaderElection6] INFO  grpc.GrpcConfigKeys (ConfUtils.java:logGet(46)) - raft.grpc.server.install_snapshot.request.timeout = 3000ms (default)
2024-03-20 21:08:46,776 [bf0d52d7-dce2-4f08-b148-c0add6164c5c@group-A427EA6FC389-LeaderElection6] INFO  grpc.GrpcConfigKeys (ConfUtils.java:logGet(46)) - raft.grpc.server.log-message.batch.duration = 5s (default)
2024-03-20 21:08:46,776 [bf0d52d7-dce2-4f08-b148-c0add6164c5c@group-A427EA6FC389-LeaderElection6] INFO  server.RaftServerConfigKeys (ConfUtils.java:logGet(46)) - raft.server.log.appender.install.snapshot.enabled = false (custom)
2024-03-20 21:08:46,776 [bf0d52d7-dce2-4f08-b148-c0add6164c5c@group-A427EA6FC389-LeaderElection6] INFO  grpc.GrpcConfigKeys (ConfUtils.java:logGet(46)) - raft.grpc.server.heartbeat.channel = true (default)
2024-03-20 21:08:46,776 [bf0d52d7-dce2-4f08-b148-c0add6164c5c@group-A427EA6FC389-LeaderElection6] INFO  impl.RoleInfo (RoleInfo.java:updateAndGet(139)) - bf0d52d7-dce2-4f08-b148-c0add6164c5c: start bf0d52d7-dce2-4f08-b148-c0add6164c5c@group-A427EA6FC389-LeaderStateImpl
2024-03-20 21:08:46,776 [bf0d52d7-dce2-4f08-b148-c0add6164c5c@group-A427EA6FC389-LeaderElection6] INFO  server.RaftServer$Division (RaftServerImpl.java:setFirstElection(574)) - bf0d52d7-dce2-4f08-b148-c0add6164c5c@group-A427EA6FC389: set firstElectionSinceStartup to false for becomeLeader
2024-03-20 21:08:46,776 [bf0d52d7-dce2-4f08-b148-c0add6164c5c@group-A427EA6FC389-LeaderElection6] INFO  ratis.XceiverServerRatis (XceiverServerRatis.java:handleLeaderChangedNotification(966)) - Leader change notification received for group: group-A427EA6FC389 with new leaderId: bf0d52d7-dce2-4f08-b148-c0add6164c5c
2024-03-20 21:08:46,776 [bf0d52d7-dce2-4f08-b148-c0add6164c5c@group-A427EA6FC389-LeaderElection6] INFO  server.RaftServer$Division (ServerState.java:setLeader(269)) - bf0d52d7-dce2-4f08-b148-c0add6164c5c@group-A427EA6FC389: change Leader from null to bf0d52d7-dce2-4f08-b148-c0add6164c5c at term 1 for becomeLeader, leader elected after 5126ms
2024-03-20 21:08:46,776 [bf0d52d7-dce2-4f08-b148-c0add6164c5c@group-A427EA6FC389-LeaderElection6] INFO  segmented.SegmentedRaftLogWorker (SegmentedRaftLogWorker.java:startLogSegment(430)) - bf0d52d7-dce2-4f08-b148-c0add6164c5c@group-A427EA6FC389-SegmentedRaftLogWorker: Starting segment from index:0
2024-03-20 21:08:46,777 [bf0d52d7-dce2-4f08-b148-c0add6164c5c@group-A427EA6FC389-SegmentedRaftLogWorker] INFO  segmented.BufferedWriteChannel (BufferedWriteChannel.java:open(62)) - open log_inprogress_0 at position 0
2024-03-20 21:08:46,779 [scmNode-2-EventQueue-OpenPipelineForHealthyPipelineSafeModeRule] INFO  safemode.SCMSafeModeManager (HealthyPipelineSafeModeRule.java:process(140)) - SCM in safe mode. Healthy pipelines reported count is 0, required healthy pipeline reported count is 1
2024-03-20 21:08:46,779 [scmNode-2-EventQueue-OpenPipelineForHealthyPipelineSafeModeRule] INFO  safemode.SCMSafeModeManager (HealthyPipelineSafeModeRule.java:process(140)) - SCM in safe mode. Healthy pipelines reported count is 1, required healthy pipeline reported count is 1
2024-03-20 21:08:46,779 [scmNode-2-EventQueue-OpenPipelineForHealthyPipelineSafeModeRule] INFO  safemode.SCMSafeModeManager (SCMSafeModeManager.java:validateSafeModeExitRules(200)) - HealthyPipelineSafeModeRule rule is successfully validated
2024-03-20 21:08:46,779 [scmNode-2-EventQueue-OpenPipelineForHealthyPipelineSafeModeRule] INFO  safemode.SCMSafeModeManager (SCMSafeModeManager.java:validateSafeModeExitRules(215)) - ScmSafeModeManager, all rules are successfully validated
2024-03-20 21:08:46,779 [scmNode-2-EventQueue-OpenPipelineForHealthyPipelineSafeModeRule] INFO  safemode.SCMSafeModeManager (SCMSafeModeManager.java:exitSafeMode(244)) - SCM exiting safe mode.
2024-03-20 21:08:46,779 [scmNode-2-EventQueue-OpenPipelineForHealthyPipelineSafeModeRule] INFO  ha.SCMContext (SCMContext.java:updateSafeModeStatus(225)) - Update SafeModeStatus from SafeModeStatus{safeModeStatus=true, preCheckPassed=true} to SafeModeStatus{safeModeStatus=false, preCheckPassed=true}.
2024-03-20 21:08:46,780 [scmNode-3-EventQueue-OpenPipelineForHealthyPipelineSafeModeRule] INFO  safemode.SCMSafeModeManager (HealthyPipelineSafeModeRule.java:process(140)) - SCM in safe mode. Healthy pipelines reported count is 0, required healthy pipeline reported count is 1
2024-03-20 21:08:46,780 [scmNode-3-EventQueue-OpenPipelineForHealthyPipelineSafeModeRule] INFO  safemode.SCMSafeModeManager (HealthyPipelineSafeModeRule.java:process(140)) - SCM in safe mode. Healthy pipelines reported count is 1, required healthy pipeline reported count is 1
2024-03-20 21:08:46,780 [scmNode-3-EventQueue-OpenPipelineForHealthyPipelineSafeModeRule] INFO  safemode.SCMSafeModeManager (SCMSafeModeManager.java:validateSafeModeExitRules(200)) - HealthyPipelineSafeModeRule rule is successfully validated
2024-03-20 21:08:46,780 [scmNode-3-EventQueue-OpenPipelineForHealthyPipelineSafeModeRule] INFO  safemode.SCMSafeModeManager (SCMSafeModeManager.java:validateSafeModeExitRules(215)) - ScmSafeModeManager, all rules are successfully validated
2024-03-20 21:08:46,780 [scmNode-3-EventQueue-OpenPipelineForHealthyPipelineSafeModeRule] INFO  safemode.SCMSafeModeManager (SCMSafeModeManager.java:exitSafeMode(244)) - SCM exiting safe mode.
2024-03-20 21:08:46,780 [scmNode-3-EventQueue-OpenPipelineForHealthyPipelineSafeModeRule] INFO  ha.SCMContext (SCMContext.java:updateSafeModeStatus(225)) - Update SafeModeStatus from SafeModeStatus{safeModeStatus=true, preCheckPassed=true} to SafeModeStatus{safeModeStatus=false, preCheckPassed=true}.
2024-03-20 21:08:46,781 [scmNode-3-EventQueue-PipelineReportForPipelineReportHandler] ERROR pipeline.PipelineReportHandler (PipelineReportHandler.java:onMessage(100)) - Could not process pipeline report=pipelineID {
  id: "5f814283-c64a-4149-912a-a427ea6fc389"
  uuid128 {
    mostSigBits: 6881854839333732681
    leastSigBits: -7986390497844280439
  }
}
isLeader: true
bytesWritten: 0
 from dn=bf0d52d7-dce2-4f08-b148-c0add6164c5c(fv-az1053-74.1e55wlyavovu3ma4fylbaqc4gd.phxx.internal.cloudapp.net/10.1.0.34).
org.apache.hadoop.hdds.scm.exceptions.SCMException: org.apache.ratis.protocol.exceptions.NotLeaderException: Server b12aa423-edbe-43b9-9e95-c7a538dfc443@group-8B04330EF271 is not the leader 1ba87fbc-452a-4836-9768-c65c67837df8|localhost:15003
	at org.apache.hadoop.hdds.scm.ha.SCMHAInvocationHandler.translateException(SCMHAInvocationHandler.java:165)
	at org.apache.hadoop.hdds.scm.ha.SCMHAInvocationHandler.invokeRatis(SCMHAInvocationHandler.java:115)
	at org.apache.hadoop.hdds.scm.ha.SCMHAInvocationHandler.invoke(SCMHAInvocationHandler.java:74)
	at com.sun.proxy.$Proxy34.updatePipelineState(Unknown Source)
	at org.apache.hadoop.hdds.scm.pipeline.PipelineManagerImpl.openPipeline(PipelineManagerImpl.java:430)
	at org.apache.hadoop.hdds.scm.pipeline.PipelineReportHandler.processPipelineReport(PipelineReportHandler.java:135)
	at org.apache.hadoop.hdds.scm.pipeline.PipelineReportHandler.onMessage(PipelineReportHandler.java:93)
	at org.apache.hadoop.hdds.scm.pipeline.PipelineReportHandler.onMessage(PipelineReportHandler.java:52)
	at org.apache.hadoop.hdds.server.events.SingleThreadExecutor.lambda$onMessage$1(SingleThreadExecutor.java:86)
	at java.util.concurrent.ThreadPoolExecutor.runWorker(ThreadPoolExecutor.java:1149)
	at java.util.concurrent.ThreadPoolExecutor$Worker.run(ThreadPoolExecutor.java:624)
	at java.lang.Thread.run(Thread.java:750)
Caused by: org.apache.ratis.protocol.exceptions.NotLeaderException: Server b12aa423-edbe-43b9-9e95-c7a538dfc443@group-8B04330EF271 is not the leader 1ba87fbc-452a-4836-9768-c65c67837df8|localhost:15003
	at org.apache.ratis.server.impl.RaftServerImpl.generateNotLeaderException(RaftServerImpl.java:807)
	at org.apache.ratis.server.impl.RaftServerImpl.checkLeaderState(RaftServerImpl.java:772)
	at org.apache.ratis.server.impl.RaftServerImpl.checkLeaderState(RaftServerImpl.java:758)
	at org.apache.ratis.server.impl.RaftServerImpl.writeAsync(RaftServerImpl.java:938)
	at org.apache.ratis.server.impl.RaftServerImpl.replyFuture(RaftServerImpl.java:931)
	at org.apache.ratis.server.impl.RaftServerImpl.submitClientRequestAsync(RaftServerImpl.java:908)
	at org.apache.ratis.server.impl.RaftServerImpl.lambda$null$13(RaftServerImpl.java:897)
	at org.apache.ratis.util.JavaUtils.callAsUnchecked(JavaUtils.java:118)
	at org.apache.ratis.server.impl.RaftServerImpl.lambda$executeSubmitClientRequestAsync$14(RaftServerImpl.java:897)
	at java.util.concurrent.CompletableFuture$AsyncSupply.run(CompletableFuture.java:1604)
	... 3 more
2024-03-20 21:08:46,781 [scmNode-2-EventQueue-PipelineReportForPipelineReportHandler] ERROR pipeline.PipelineReportHandler (PipelineReportHandler.java:onMessage(100)) - Could not process pipeline report=pipelineID {
  id: "5f814283-c64a-4149-912a-a427ea6fc389"
  uuid128 {
    mostSigBits: 6881854839333732681
    leastSigBits: -7986390497844280439
  }
}
isLeader: true
bytesWritten: 0
 from dn=bf0d52d7-dce2-4f08-b148-c0add6164c5c(fv-az1053-74.1e55wlyavovu3ma4fylbaqc4gd.phxx.internal.cloudapp.net/10.1.0.34).
org.apache.hadoop.hdds.scm.exceptions.SCMException: org.apache.ratis.protocol.exceptions.NotLeaderException: Server be2411e5-a42d-476f-b25b-d7f87790d2c1@group-8B04330EF271 is not the leader 1ba87fbc-452a-4836-9768-c65c67837df8|localhost:15003
	at org.apache.hadoop.hdds.scm.ha.SCMHAInvocationHandler.translateException(SCMHAInvocationHandler.java:165)
	at org.apache.hadoop.hdds.scm.ha.SCMHAInvocationHandler.invokeRatis(SCMHAInvocationHandler.java:115)
	at org.apache.hadoop.hdds.scm.ha.SCMHAInvocationHandler.invoke(SCMHAInvocationHandler.java:74)
	at com.sun.proxy.$Proxy34.updatePipelineState(Unknown Source)
	at org.apache.hadoop.hdds.scm.pipeline.PipelineManagerImpl.openPipeline(PipelineManagerImpl.java:430)
	at org.apache.hadoop.hdds.scm.pipeline.PipelineReportHandler.processPipelineReport(PipelineReportHandler.java:135)
	at org.apache.hadoop.hdds.scm.pipeline.PipelineReportHandler.onMessage(PipelineReportHandler.java:93)
	at org.apache.hadoop.hdds.scm.pipeline.PipelineReportHandler.onMessage(PipelineReportHandler.java:52)
	at org.apache.hadoop.hdds.server.events.SingleThreadExecutor.lambda$onMessage$1(SingleThreadExecutor.java:86)
	at java.util.concurrent.ThreadPoolExecutor.runWorker(ThreadPoolExecutor.java:1149)
	at java.util.concurrent.ThreadPoolExecutor$Worker.run(ThreadPoolExecutor.java:624)
	at java.lang.Thread.run(Thread.java:750)
Caused by: org.apache.ratis.protocol.exceptions.NotLeaderException: Server be2411e5-a42d-476f-b25b-d7f87790d2c1@group-8B04330EF271 is not the leader 1ba87fbc-452a-4836-9768-c65c67837df8|localhost:15003
	at org.apache.ratis.server.impl.RaftServerImpl.generateNotLeaderException(RaftServerImpl.java:807)
	at org.apache.ratis.server.impl.RaftServerImpl.checkLeaderState(RaftServerImpl.java:772)
	at org.apache.ratis.server.impl.RaftServerImpl.checkLeaderState(RaftServerImpl.java:758)
	at org.apache.ratis.server.impl.RaftServerImpl.writeAsync(RaftServerImpl.java:938)
	at org.apache.ratis.server.impl.RaftServerImpl.replyFuture(RaftServerImpl.java:931)
	at org.apache.ratis.server.impl.RaftServerImpl.submitClientRequestAsync(RaftServerImpl.java:908)
	at org.apache.ratis.server.impl.RaftServerImpl.lambda$null$13(RaftServerImpl.java:897)
	at org.apache.ratis.util.JavaUtils.callAsUnchecked(JavaUtils.java:118)
	at org.apache.ratis.server.impl.RaftServerImpl.lambda$executeSubmitClientRequestAsync$14(RaftServerImpl.java:897)
	at java.util.concurrent.CompletableFuture$AsyncSupply.run(CompletableFuture.java:1604)
	... 3 more
2024-03-20 21:08:46,781 [scmNode-2-EventQueue-PipelineReportForOneReplicaPipelineSafeModeRule] INFO  safemode.SCMSafeModeManager (SCMSafeModeManager.java:validateSafeModeExitRules(215)) - ScmSafeModeManager, all rules are successfully validated
2024-03-20 21:08:46,797 [scmNode-2-EventQueue-PipelineReportForOneReplicaPipelineSafeModeRule] INFO  safemode.SCMSafeModeManager (SCMSafeModeManager.java:exitSafeMode(244)) - SCM exiting safe mode.
2024-03-20 21:08:46,785 [bf0d52d7-dce2-4f08-b148-c0add6164c5c@group-A427EA6FC389-SegmentedRaftLogWorker] INFO  segmented.SegmentedRaftLogWorker (SegmentedRaftLogWorker.java:execute(634)) - bf0d52d7-dce2-4f08-b148-c0add6164c5c@group-A427EA6FC389-SegmentedRaftLogWorker: created new log segment /home/runner/work/ozone/ozone/hadoop-ozone/integration-test/target/test-dir/MiniOzoneClusterImpl-bb4c8f07-45f9-422c-bd0c-8b04330ef271/ozone-meta/datanode-1/ratis/5f814283-c64a-4149-912a-a427ea6fc389/current/log_inprogress_0
2024-03-20 21:08:46,785 [bf0d52d7-dce2-4f08-b148-c0add6164c5c@group-A427EA6FC389-LeaderElection6] INFO  server.RaftServer$Division (ServerState.java:setRaftConf(386)) - bf0d52d7-dce2-4f08-b148-c0add6164c5c@group-A427EA6FC389: set configuration 0: peers:[98cad3d9-1aaa-47a5-be17-9665075729ab|10.1.0.34:15064, bf0d52d7-dce2-4f08-b148-c0add6164c5c|10.1.0.34:15046, dcffae99-659e-451a-8106-d35894ce685d|10.1.0.34:15055]|listeners:[], old=null
2024-03-20 21:08:46,797 [scmNode-2-EventQueue-PipelineReportForOneReplicaPipelineSafeModeRule] INFO  ha.SCMContext (SCMContext.java:updateSafeModeStatus(225)) - Update SafeModeStatus from SafeModeStatus{safeModeStatus=false, preCheckPassed=true} to SafeModeStatus{safeModeStatus=false, preCheckPassed=true}.
2024-03-20 21:08:46,798 [scmNode-1-EventQueue-PipelineReportForPipelineReportHandler] INFO  pipeline.PipelineReportHandler (PipelineReportHandler.java:processPipelineReport(136)) - Opened pipeline PipelineID=5f814283-c64a-4149-912a-a427ea6fc389
2024-03-20 21:08:46,804 [dcffae99-659e-451a-8106-d35894ce685d-server-thread2] INFO  ratis.XceiverServerRatis (XceiverServerRatis.java:handleLeaderChangedNotification(966)) - Leader change notification received for group: group-6AECEB9247EF with new leaderId: 98cad3d9-1aaa-47a5-be17-9665075729ab
2024-03-20 21:08:46,804 [bf0d52d7-dce2-4f08-b148-c0add6164c5c-server-thread2] INFO  ratis.XceiverServerRatis (XceiverServerRatis.java:handleLeaderChangedNotification(966)) - Leader change notification received for group: group-6AECEB9247EF with new leaderId: 98cad3d9-1aaa-47a5-be17-9665075729ab
2024-03-20 21:08:46,805 [bf0d52d7-dce2-4f08-b148-c0add6164c5c-server-thread2] INFO  server.RaftServer$Division (ServerState.java:setLeader(269)) - bf0d52d7-dce2-4f08-b148-c0add6164c5c@group-6AECEB9247EF: change Leader from null to 98cad3d9-1aaa-47a5-be17-9665075729ab at term 1 for appendEntries, leader elected after 5311ms
2024-03-20 21:08:46,804 [dcffae99-659e-451a-8106-d35894ce685d-server-thread2] INFO  server.RaftServer$Division (ServerState.java:setLeader(269)) - dcffae99-659e-451a-8106-d35894ce685d@group-6AECEB9247EF: change Leader from null to 98cad3d9-1aaa-47a5-be17-9665075729ab at term 1 for appendEntries, leader elected after 5197ms
2024-03-20 21:08:46,815 [bf0d52d7-dce2-4f08-b148-c0add6164c5c-server-thread1] INFO  server.RaftServer$Division (ServerState.java:setRaftConf(386)) - bf0d52d7-dce2-4f08-b148-c0add6164c5c@group-6AECEB9247EF: set configuration 0: peers:[98cad3d9-1aaa-47a5-be17-9665075729ab|10.1.0.34:15064, bf0d52d7-dce2-4f08-b148-c0add6164c5c|10.1.0.34:15046, dcffae99-659e-451a-8106-d35894ce685d|10.1.0.34:15055]|listeners:[], old=null
2024-03-20 21:08:46,815 [dcffae99-659e-451a-8106-d35894ce685d-server-thread2] INFO  server.RaftServer$Division (ServerState.java:setRaftConf(386)) - dcffae99-659e-451a-8106-d35894ce685d@group-6AECEB9247EF: set configuration 0: peers:[98cad3d9-1aaa-47a5-be17-9665075729ab|10.1.0.34:15064, bf0d52d7-dce2-4f08-b148-c0add6164c5c|10.1.0.34:15046, dcffae99-659e-451a-8106-d35894ce685d|10.1.0.34:15055]|listeners:[], old=null
2024-03-20 21:08:46,816 [dcffae99-659e-451a-8106-d35894ce685d-server-thread2] INFO  segmented.SegmentedRaftLogWorker (SegmentedRaftLogWorker.java:startLogSegment(430)) - dcffae99-659e-451a-8106-d35894ce685d@group-6AECEB9247EF-SegmentedRaftLogWorker: Starting segment from index:0
2024-03-20 21:08:46,816 [dcffae99-659e-451a-8106-d35894ce685d@group-6AECEB9247EF-SegmentedRaftLogWorker] INFO  segmented.BufferedWriteChannel (BufferedWriteChannel.java:open(62)) - open log_inprogress_0 at position 0
2024-03-20 21:08:46,821 [bf0d52d7-dce2-4f08-b148-c0add6164c5c-server-thread1] INFO  segmented.SegmentedRaftLogWorker (SegmentedRaftLogWorker.java:startLogSegment(430)) - bf0d52d7-dce2-4f08-b148-c0add6164c5c@group-6AECEB9247EF-SegmentedRaftLogWorker: Starting segment from index:0
2024-03-20 21:08:46,821 [bf0d52d7-dce2-4f08-b148-c0add6164c5c@group-6AECEB9247EF-SegmentedRaftLogWorker] INFO  segmented.BufferedWriteChannel (BufferedWriteChannel.java:open(62)) - open log_inprogress_0 at position 0
2024-03-20 21:08:46,825 [dcffae99-659e-451a-8106-d35894ce685d@group-6AECEB9247EF-SegmentedRaftLogWorker] INFO  segmented.SegmentedRaftLogWorker (SegmentedRaftLogWorker.java:execute(634)) - dcffae99-659e-451a-8106-d35894ce685d@group-6AECEB9247EF-SegmentedRaftLogWorker: created new log segment /home/runner/work/ozone/ozone/hadoop-ozone/integration-test/target/test-dir/MiniOzoneClusterImpl-bb4c8f07-45f9-422c-bd0c-8b04330ef271/ozone-meta/datanode-2/ratis/e99019a7-6291-4484-a6e6-6aeceb9247ef/current/log_inprogress_0
2024-03-20 21:08:46,832 [bf0d52d7-dce2-4f08-b148-c0add6164c5c@group-6AECEB9247EF-SegmentedRaftLogWorker] INFO  segmented.SegmentedRaftLogWorker (SegmentedRaftLogWorker.java:execute(634)) - bf0d52d7-dce2-4f08-b148-c0add6164c5c@group-6AECEB9247EF-SegmentedRaftLogWorker: created new log segment /home/runner/work/ozone/ozone/hadoop-ozone/integration-test/target/test-dir/MiniOzoneClusterImpl-bb4c8f07-45f9-422c-bd0c-8b04330ef271/ozone-meta/datanode-1/ratis/e99019a7-6291-4484-a6e6-6aeceb9247ef/current/log_inprogress_0
2024-03-20 21:08:46,841 [98cad3d9-1aaa-47a5-be17-9665075729ab-server-thread2] INFO  ratis.XceiverServerRatis (XceiverServerRatis.java:handleLeaderChangedNotification(966)) - Leader change notification received for group: group-A427EA6FC389 with new leaderId: bf0d52d7-dce2-4f08-b148-c0add6164c5c
2024-03-20 21:08:46,843 [98cad3d9-1aaa-47a5-be17-9665075729ab-server-thread2] INFO  server.RaftServer$Division (ServerState.java:setLeader(269)) - 98cad3d9-1aaa-47a5-be17-9665075729ab@group-A427EA6FC389: change Leader from null to bf0d52d7-dce2-4f08-b148-c0add6164c5c at term 1 for appendEntries, leader elected after 5161ms
2024-03-20 21:08:46,843 [dcffae99-659e-451a-8106-d35894ce685d-server-thread1] INFO  ratis.XceiverServerRatis (XceiverServerRatis.java:handleLeaderChangedNotification(966)) - Leader change notification received for group: group-A427EA6FC389 with new leaderId: bf0d52d7-dce2-4f08-b148-c0add6164c5c
2024-03-20 21:08:46,847 [98cad3d9-1aaa-47a5-be17-9665075729ab-server-thread2] INFO  server.RaftServer$Division (ServerState.java:setRaftConf(386)) - 98cad3d9-1aaa-47a5-be17-9665075729ab@group-A427EA6FC389: set configuration 0: peers:[98cad3d9-1aaa-47a5-be17-9665075729ab|10.1.0.34:15064, bf0d52d7-dce2-4f08-b148-c0add6164c5c|10.1.0.34:15046, dcffae99-659e-451a-8106-d35894ce685d|10.1.0.34:15055]|listeners:[], old=null
2024-03-20 21:08:46,847 [98cad3d9-1aaa-47a5-be17-9665075729ab-server-thread2] INFO  segmented.SegmentedRaftLogWorker (SegmentedRaftLogWorker.java:startLogSegment(430)) - 98cad3d9-1aaa-47a5-be17-9665075729ab@group-A427EA6FC389-SegmentedRaftLogWorker: Starting segment from index:0
2024-03-20 21:08:46,847 [dcffae99-659e-451a-8106-d35894ce685d-server-thread1] INFO  server.RaftServer$Division (ServerState.java:setLeader(269)) - dcffae99-659e-451a-8106-d35894ce685d@group-A427EA6FC389: change Leader from null to bf0d52d7-dce2-4f08-b148-c0add6164c5c at term 1 for appendEntries, leader elected after 5119ms
2024-03-20 21:08:46,848 [98cad3d9-1aaa-47a5-be17-9665075729ab@group-A427EA6FC389-SegmentedRaftLogWorker] INFO  segmented.BufferedWriteChannel (BufferedWriteChannel.java:open(62)) - open log_inprogress_0 at position 0
2024-03-20 21:08:46,850 [98cad3d9-1aaa-47a5-be17-9665075729ab@group-6AECEB9247EF-StateMachineUpdater] INFO  server.RaftServer$Division (LeaderStateImpl.java:isApplied(320)) - leader is ready since appliedIndex == 0 >= startIndex == 0
2024-03-20 21:08:46,850 [dcffae99-659e-451a-8106-d35894ce685d-server-thread2] INFO  server.RaftServer$Division (ServerState.java:setRaftConf(386)) - dcffae99-659e-451a-8106-d35894ce685d@group-A427EA6FC389: set configuration 0: peers:[98cad3d9-1aaa-47a5-be17-9665075729ab|10.1.0.34:15064, bf0d52d7-dce2-4f08-b148-c0add6164c5c|10.1.0.34:15046, dcffae99-659e-451a-8106-d35894ce685d|10.1.0.34:15055]|listeners:[], old=null
2024-03-20 21:08:46,851 [dcffae99-659e-451a-8106-d35894ce685d-server-thread2] INFO  segmented.SegmentedRaftLogWorker (SegmentedRaftLogWorker.java:startLogSegment(430)) - dcffae99-659e-451a-8106-d35894ce685d@group-A427EA6FC389-SegmentedRaftLogWorker: Starting segment from index:0
2024-03-20 21:08:46,852 [dcffae99-659e-451a-8106-d35894ce685d@group-A427EA6FC389-SegmentedRaftLogWorker] INFO  segmented.BufferedWriteChannel (BufferedWriteChannel.java:open(62)) - open log_inprogress_0 at position 0
2024-03-20 21:08:46,857 [98cad3d9-1aaa-47a5-be17-9665075729ab@group-A427EA6FC389-SegmentedRaftLogWorker] INFO  segmented.SegmentedRaftLogWorker (SegmentedRaftLogWorker.java:execute(634)) - 98cad3d9-1aaa-47a5-be17-9665075729ab@group-A427EA6FC389-SegmentedRaftLogWorker: created new log segment /home/runner/work/ozone/ozone/hadoop-ozone/integration-test/target/test-dir/MiniOzoneClusterImpl-bb4c8f07-45f9-422c-bd0c-8b04330ef271/ozone-meta/datanode-3/ratis/5f814283-c64a-4149-912a-a427ea6fc389/current/log_inprogress_0
2024-03-20 21:08:46,866 [dcffae99-659e-451a-8106-d35894ce685d@group-A427EA6FC389-SegmentedRaftLogWorker] INFO  segmented.SegmentedRaftLogWorker (SegmentedRaftLogWorker.java:execute(634)) - dcffae99-659e-451a-8106-d35894ce685d@group-A427EA6FC389-SegmentedRaftLogWorker: created new log segment /home/runner/work/ozone/ozone/hadoop-ozone/integration-test/target/test-dir/MiniOzoneClusterImpl-bb4c8f07-45f9-422c-bd0c-8b04330ef271/ozone-meta/datanode-2/ratis/5f814283-c64a-4149-912a-a427ea6fc389/current/log_inprogress_0
2024-03-20 21:08:46,866 [bf0d52d7-dce2-4f08-b148-c0add6164c5c@group-A427EA6FC389-StateMachineUpdater] INFO  server.RaftServer$Division (LeaderStateImpl.java:isApplied(320)) - leader is ready since appliedIndex == 0 >= startIndex == 0
2024-03-20 21:08:47,008 [dcffae99-659e-451a-8106-d35894ce685d@group-741CADF3ADA5-FollowerState] INFO  impl.FollowerState (FollowerState.java:run(143)) - dcffae99-659e-451a-8106-d35894ce685d@group-741CADF3ADA5-FollowerState: change to CANDIDATE, lastRpcElapsedTime:5185055073ns, electionTimeout:5183ms
2024-03-20 21:08:47,008 [dcffae99-659e-451a-8106-d35894ce685d@group-741CADF3ADA5-FollowerState] INFO  impl.RoleInfo (RoleInfo.java:shutdownFollowerState(110)) - dcffae99-659e-451a-8106-d35894ce685d: shutdown dcffae99-659e-451a-8106-d35894ce685d@group-741CADF3ADA5-FollowerState
2024-03-20 21:08:47,008 [dcffae99-659e-451a-8106-d35894ce685d@group-741CADF3ADA5-FollowerState] INFO  server.RaftServer$Division (RaftServerImpl.java:setRole(383)) - dcffae99-659e-451a-8106-d35894ce685d@group-741CADF3ADA5: changes role from  FOLLOWER to CANDIDATE at term 0 for changeToCandidate
2024-03-20 21:08:47,010 [dcffae99-659e-451a-8106-d35894ce685d@group-741CADF3ADA5-FollowerState] INFO  server.RaftServerConfigKeys (ConfUtils.java:logGet(46)) - raft.server.leaderelection.pre-vote = true (default)
2024-03-20 21:08:47,010 [dcffae99-659e-451a-8106-d35894ce685d@group-741CADF3ADA5-FollowerState] INFO  impl.RoleInfo (RoleInfo.java:updateAndGet(139)) - dcffae99-659e-451a-8106-d35894ce685d: start dcffae99-659e-451a-8106-d35894ce685d@group-741CADF3ADA5-LeaderElection7
2024-03-20 21:08:47,012 [dcffae99-659e-451a-8106-d35894ce685d@group-741CADF3ADA5-LeaderElection7] INFO  impl.LeaderElection (LeaderElection.java:askForVotes(321)) - dcffae99-659e-451a-8106-d35894ce685d@group-741CADF3ADA5-LeaderElection7 PRE_VOTE round 0: submit vote requests at term 0 for -1: peers:[dcffae99-659e-451a-8106-d35894ce685d|10.1.0.34:15055]|listeners:[], old=null
2024-03-20 21:08:47,012 [dcffae99-659e-451a-8106-d35894ce685d@group-741CADF3ADA5-LeaderElection7] INFO  impl.LeaderElection (LeaderElection.java:askForVotes(323)) - dcffae99-659e-451a-8106-d35894ce685d@group-741CADF3ADA5-LeaderElection7 PRE_VOTE round 0: result PASSED (term=0)
2024-03-20 21:08:47,013 [dcffae99-659e-451a-8106-d35894ce685d@group-741CADF3ADA5-LeaderElection7] INFO  impl.LeaderElection (LeaderElection.java:askForVotes(321)) - dcffae99-659e-451a-8106-d35894ce685d@group-741CADF3ADA5-LeaderElection7 ELECTION round 0: submit vote requests at term 1 for -1: peers:[dcffae99-659e-451a-8106-d35894ce685d|10.1.0.34:15055]|listeners:[], old=null
2024-03-20 21:08:47,013 [dcffae99-659e-451a-8106-d35894ce685d@group-741CADF3ADA5-LeaderElection7] INFO  impl.LeaderElection (LeaderElection.java:askForVotes(323)) - dcffae99-659e-451a-8106-d35894ce685d@group-741CADF3ADA5-LeaderElection7 ELECTION round 0: result PASSED (term=1)
2024-03-20 21:08:47,014 [dcffae99-659e-451a-8106-d35894ce685d@group-741CADF3ADA5-LeaderElection7] INFO  impl.RoleInfo (RoleInfo.java:shutdownLeaderElection(130)) - dcffae99-659e-451a-8106-d35894ce685d: shutdown dcffae99-659e-451a-8106-d35894ce685d@group-741CADF3ADA5-LeaderElection7
2024-03-20 21:08:47,014 [dcffae99-659e-451a-8106-d35894ce685d@group-741CADF3ADA5-LeaderElection7] INFO  server.RaftServer$Division (RaftServerImpl.java:setRole(383)) - dcffae99-659e-451a-8106-d35894ce685d@group-741CADF3ADA5: changes role from CANDIDATE to LEADER at term 1 for changeToLeader
2024-03-20 21:08:47,014 [dcffae99-659e-451a-8106-d35894ce685d@group-741CADF3ADA5-LeaderElection7] INFO  server.RaftServerConfigKeys (ConfUtils.java:logGet(46)) - raft.server.staging.catchup.gap = 1000 (default)
2024-03-20 21:08:47,014 [dcffae99-659e-451a-8106-d35894ce685d@group-741CADF3ADA5-LeaderElection7] INFO  server.RaftServerConfigKeys (ConfUtils.java:logGet(46)) - raft.server.write.element-limit = 1024 (custom)
2024-03-20 21:08:47,014 [dcffae99-659e-451a-8106-d35894ce685d@group-741CADF3ADA5-LeaderElection7] INFO  server.RaftServerConfigKeys (ConfUtils.java:logGet(46)) - raft.server.write.byte-limit = 1024 M (=1073741824) (custom)
2024-03-20 21:08:47,015 [dcffae99-659e-451a-8106-d35894ce685d@group-741CADF3ADA5-LeaderElection7] INFO  server.RaftServerConfigKeys (ConfUtils.java:logGet(46)) - raft.server.watch.timeout = 180s (custom)
2024-03-20 21:08:47,015 [dcffae99-659e-451a-8106-d35894ce685d@group-741CADF3ADA5-LeaderElection7] INFO  server.RaftServerConfigKeys (ConfUtils.java:logGet(46)) - raft.server.watch.timeout.denomination = 1s (default)
2024-03-20 21:08:47,015 [dcffae99-659e-451a-8106-d35894ce685d@group-741CADF3ADA5-LeaderElection7] INFO  server.RaftServerConfigKeys (ConfUtils.java:logGet(46)) - raft.server.watch.element-limit = 65536 (default)
2024-03-20 21:08:47,015 [dcffae99-659e-451a-8106-d35894ce685d@group-741CADF3ADA5-LeaderElection7] INFO  server.RaftServerConfigKeys (ConfUtils.java:logGet(46)) - raft.server.read.leader.lease.enabled = false (default)
2024-03-20 21:08:47,015 [dcffae99-659e-451a-8106-d35894ce685d@group-741CADF3ADA5-LeaderElection7] INFO  server.RaftServerConfigKeys (ConfUtils.java:logGet(46)) - raft.server.read.leader.lease.timeout.ratio = 0.9 (default)
2024-03-20 21:08:47,015 [dcffae99-659e-451a-8106-d35894ce685d@group-741CADF3ADA5-LeaderElection7] INFO  server.RaftServerConfigKeys (ConfUtils.java:logGet(46)) - raft.server.rpc.timeout.min = 5s (custom)
2024-03-20 21:08:47,015 [dcffae99-659e-451a-8106-d35894ce685d@group-741CADF3ADA5-LeaderElection7] INFO  server.RaftServerConfigKeys (ConfUtils.java:logGet(46)) - raft.server.write.element-limit = 1024 (custom)
2024-03-20 21:08:47,016 [dcffae99-659e-451a-8106-d35894ce685d@group-741CADF3ADA5-LeaderElection7] INFO  server.RaftServerConfigKeys (ConfUtils.java:logGet(46)) - raft.server.write.follower.gap.ratio.max = -1.0 (default)
2024-03-20 21:08:47,016 [dcffae99-659e-451a-8106-d35894ce685d@group-741CADF3ADA5-LeaderElection7] INFO  impl.RoleInfo (RoleInfo.java:updateAndGet(139)) - dcffae99-659e-451a-8106-d35894ce685d: start dcffae99-659e-451a-8106-d35894ce685d@group-741CADF3ADA5-LeaderStateImpl
2024-03-20 21:08:47,016 [dcffae99-659e-451a-8106-d35894ce685d@group-741CADF3ADA5-LeaderElection7] INFO  server.RaftServer$Division (RaftServerImpl.java:setFirstElection(574)) - dcffae99-659e-451a-8106-d35894ce685d@group-741CADF3ADA5: set firstElectionSinceStartup to false for becomeLeader
2024-03-20 21:08:47,016 [dcffae99-659e-451a-8106-d35894ce685d@group-741CADF3ADA5-LeaderElection7] INFO  ratis.XceiverServerRatis (XceiverServerRatis.java:handleLeaderChangedNotification(966)) - Leader change notification received for group: group-741CADF3ADA5 with new leaderId: dcffae99-659e-451a-8106-d35894ce685d
2024-03-20 21:08:47,016 [dcffae99-659e-451a-8106-d35894ce685d@group-741CADF3ADA5-LeaderElection7] INFO  server.RaftServer$Division (ServerState.java:setLeader(269)) - dcffae99-659e-451a-8106-d35894ce685d@group-741CADF3ADA5: change Leader from null to dcffae99-659e-451a-8106-d35894ce685d at term 1 for becomeLeader, leader elected after 5215ms
2024-03-20 21:08:47,016 [dcffae99-659e-451a-8106-d35894ce685d@group-741CADF3ADA5-LeaderElection7] INFO  segmented.SegmentedRaftLogWorker (SegmentedRaftLogWorker.java:startLogSegment(430)) - dcffae99-659e-451a-8106-d35894ce685d@group-741CADF3ADA5-SegmentedRaftLogWorker: Starting segment from index:0
2024-03-20 21:08:47,017 [dcffae99-659e-451a-8106-d35894ce685d@group-741CADF3ADA5-LeaderElection7] INFO  server.RaftServer$Division (ServerState.java:setRaftConf(386)) - dcffae99-659e-451a-8106-d35894ce685d@group-741CADF3ADA5: set configuration 0: peers:[dcffae99-659e-451a-8106-d35894ce685d|10.1.0.34:15055]|listeners:[], old=null
2024-03-20 21:08:47,019 [dcffae99-659e-451a-8106-d35894ce685d@group-741CADF3ADA5-SegmentedRaftLogWorker] INFO  segmented.BufferedWriteChannel (BufferedWriteChannel.java:open(62)) - open log_inprogress_0 at position 0
2024-03-20 21:08:47,027 [dcffae99-659e-451a-8106-d35894ce685d@group-741CADF3ADA5-SegmentedRaftLogWorker] INFO  segmented.SegmentedRaftLogWorker (SegmentedRaftLogWorker.java:execute(634)) - dcffae99-659e-451a-8106-d35894ce685d@group-741CADF3ADA5-SegmentedRaftLogWorker: created new log segment /home/runner/work/ozone/ozone/hadoop-ozone/integration-test/target/test-dir/MiniOzoneClusterImpl-bb4c8f07-45f9-422c-bd0c-8b04330ef271/ozone-meta/datanode-2/ratis/e61e95d5-bd41-4202-9183-741cadf3ada5/current/log_inprogress_0
2024-03-20 21:08:47,028 [dcffae99-659e-451a-8106-d35894ce685d@group-741CADF3ADA5-StateMachineUpdater] INFO  server.RaftServer$Division (LeaderStateImpl.java:isApplied(320)) - leader is ready since appliedIndex == 0 >= startIndex == 0
2024-03-20 21:08:47,250 [main] INFO  ozone.MiniOzoneClusterImpl (MiniOzoneClusterImpl.java:lambda$waitForClusterToBeReady$0(194)) - Nodes are ready. Got 3 of 3 DN Heartbeats.
2024-03-20 21:08:47,251 [main] INFO  ozone.MiniOzoneClusterImpl (MiniOzoneClusterImpl.java:lambda$waitForClusterToBeReady$0(197)) - Cluster exits safe mode
2024-03-20 21:08:47,251 [main] INFO  ozone.MiniOzoneClusterImpl (MiniOzoneClusterImpl.java:lambda$waitForClusterToBeReady$0(199)) - SCM became leader
2024-03-20 21:08:47,253 [pool-1-thread-1] INFO  request.KdcRequest (KdcRequest.java:preauth(651)) - The preauth data is empty.
2024-03-20 21:08:47,253 [pool-1-thread-1] INFO  server.KdcHandler (KdcHandler.java:handleRecoverableException(177)) - KRB error occurred while processing request:Additional pre-authentication required
2024-03-20 21:08:47,257 [pool-1-thread-1] INFO  request.AsRequest (AsRequest.java:issueTicket(112)) - AS_REQ ISSUE: authtime 1710968927257,scm/fv-az1053-74.1e55wlyavovu3ma4fylbaqc4gd.phxx.internal.cloudapp.net@EXAMPLE.COM for krbtgt/EXAMPLE.COM@EXAMPLE.COM
2024-03-20 21:08:47,259 [main] INFO  ha.SCMNodeInfo (SCMNodeInfo.java:getPort(197)) - ConfigKey ozone.scm.client.address is deprecated, For configuring different ports for each SCM use PortConfigKey ozone.scm.client.port appended with serviceId and nodeId
2024-03-20 21:08:47,259 [main] INFO  ha.SCMNodeInfo (SCMNodeInfo.java:getPort(197)) - ConfigKey ozone.scm.block.client.address is deprecated, For configuring different ports for each SCM use PortConfigKey ozone.scm.block.client.port appended with serviceId and nodeId
2024-03-20 21:08:47,260 [main] INFO  ha.SCMNodeInfo (SCMNodeInfo.java:getPort(197)) - ConfigKey ozone.scm.security.service.address is deprecated, For configuring different ports for each SCM use PortConfigKey ozone.scm.security.service.port appended with serviceId and nodeId
2024-03-20 21:08:47,260 [main] INFO  ha.SCMNodeInfo (SCMNodeInfo.java:getPort(197)) - ConfigKey ozone.scm.datanode.address is deprecated, For configuring different ports for each SCM use PortConfigKey ozone.scm.datanode.port appended with serviceId and nodeId
2024-03-20 21:08:47,260 [main] INFO  ha.SCMNodeInfo (SCMNodeInfo.java:getPort(197)) - ConfigKey ozone.scm.client.address is deprecated, For configuring different ports for each SCM use PortConfigKey ozone.scm.client.port appended with serviceId and nodeId
2024-03-20 21:08:47,260 [main] INFO  ha.SCMNodeInfo (SCMNodeInfo.java:getPort(197)) - ConfigKey ozone.scm.block.client.address is deprecated, For configuring different ports for each SCM use PortConfigKey ozone.scm.block.client.port appended with serviceId and nodeId
2024-03-20 21:08:47,260 [main] INFO  ha.SCMNodeInfo (SCMNodeInfo.java:getPort(197)) - ConfigKey ozone.scm.security.service.address is deprecated, For configuring different ports for each SCM use PortConfigKey ozone.scm.security.service.port appended with serviceId and nodeId
2024-03-20 21:08:47,260 [main] INFO  ha.SCMNodeInfo (SCMNodeInfo.java:getPort(197)) - ConfigKey ozone.scm.datanode.address is deprecated, For configuring different ports for each SCM use PortConfigKey ozone.scm.datanode.port appended with serviceId and nodeId
2024-03-20 21:08:47,260 [main] INFO  ha.SCMNodeInfo (SCMNodeInfo.java:getPort(197)) - ConfigKey ozone.scm.client.address is deprecated, For configuring different ports for each SCM use PortConfigKey ozone.scm.client.port appended with serviceId and nodeId
2024-03-20 21:08:47,261 [main] INFO  ha.SCMNodeInfo (SCMNodeInfo.java:getPort(197)) - ConfigKey ozone.scm.block.client.address is deprecated, For configuring different ports for each SCM use PortConfigKey ozone.scm.block.client.port appended with serviceId and nodeId
2024-03-20 21:08:47,261 [main] INFO  ha.SCMNodeInfo (SCMNodeInfo.java:getPort(197)) - ConfigKey ozone.scm.security.service.address is deprecated, For configuring different ports for each SCM use PortConfigKey ozone.scm.security.service.port appended with serviceId and nodeId
2024-03-20 21:08:47,261 [main] INFO  ha.SCMNodeInfo (SCMNodeInfo.java:getPort(197)) - ConfigKey ozone.scm.datanode.address is deprecated, For configuring different ports for each SCM use PortConfigKey ozone.scm.datanode.port appended with serviceId and nodeId
2024-03-20 21:08:47,265 [pool-1-thread-1] INFO  request.TgsRequest (TgsRequest.java:issueTicket(115)) - TGS_REQ ISSUE: authtime 1710968927265,scm/fv-az1053-74.1e55wlyavovu3ma4fylbaqc4gd.phxx.internal.cloudapp.net for scm/fv-az1053-74.1e55wlyavovu3ma4fylbaqc4gd.phxx.internal.cloudapp.net@EXAMPLE.COM
2024-03-20 21:08:47,270 [Socket Reader #1 for port 15002] INFO  ipc.Server (Server.java:saslProcess(2139)) - Auth successful for scm/fv-az1053-74.1e55wlyavovu3ma4fylbaqc4gd.phxx.internal.cloudapp.net@EXAMPLE.COM (auth:KERBEROS) from fv-az1053-74.1e55wlyavovu3ma4fylbaqc4gd.phxx.internal.cloudapp.net:34319 / 10.1.0.34:34319
2024-03-20 21:08:47,272 [scmNode-1-SecretKeyManagerService] INFO  symmetric.SecretKeyManager (SecretKeyManager.java:checkAndRotate(125)) - SecretKey rotation is happening, new key generated SecretKey(id = d17e0349-8f5e-4ce4-9c01-5f576f953aa8, creation at: 2024-03-20T21:08:47.272Z, expire at: 2024-03-20T21:08:50.272Z)
2024-03-20 21:08:47,274 [Socket Reader #1 for port 15002] INFO  authorize.ServiceAuthorizationManager (ServiceAuthorizationManager.java:authorize(137)) - Authorization successful for scm/fv-az1053-74.1e55wlyavovu3ma4fylbaqc4gd.phxx.internal.cloudapp.net@EXAMPLE.COM (auth:KERBEROS) for protocol=interface org.apache.hadoop.hdds.protocol.SecretKeyProtocolDatanode
2024-03-20 21:08:47,280 [1ba87fbc-452a-4836-9768-c65c67837df8@group-8B04330EF271-StateMachineUpdater] INFO  symmetric.SecretKeyStateImpl (SecretKeyStateImpl.java:updateKeysInternal(113)) - Updating keys with [SecretKey(id = b612ddda-0dae-4ac6-bafe-b505e589941f, creation at: 2024-03-20T21:08:46.272Z, expire at: 2024-03-20T21:08:49.272Z), SecretKey(id = 52e7e8ac-a84a-4802-bd52-2b4baaabd34e, creation at: 2024-03-20T21:08:45.272Z, expire at: 2024-03-20T21:08:48.272Z), SecretKey(id = a0a2ef21-d7ba-4b16-9833-9a15d5938521, creation at: 2024-03-20T21:08:44.272Z, expire at: 2024-03-20T21:08:47.272Z), SecretKey(id = d17e0349-8f5e-4ce4-9c01-5f576f953aa8, creation at: 2024-03-20T21:08:47.272Z, expire at: 2024-03-20T21:08:50.272Z)]
2024-03-20 21:08:47,280 [1ba87fbc-452a-4836-9768-c65c67837df8@group-8B04330EF271-StateMachineUpdater] INFO  symmetric.SecretKeyStateImpl (SecretKeyStateImpl.java:updateKeysInternal(128)) - Current key updated SecretKey(id = d17e0349-8f5e-4ce4-9c01-5f576f953aa8, creation at: 2024-03-20T21:08:47.272Z, expire at: 2024-03-20T21:08:50.272Z)
2024-03-20 21:08:47,281 [1ba87fbc-452a-4836-9768-c65c67837df8@group-8B04330EF271-StateMachineUpdater] INFO  symmetric.LocalSecretKeyStore (LocalSecretKeyStore.java:save(109)) - Saved [SecretKey(id = d17e0349-8f5e-4ce4-9c01-5f576f953aa8, creation at: 2024-03-20T21:08:47.272Z, expire at: 2024-03-20T21:08:50.272Z), SecretKey(id = b612ddda-0dae-4ac6-bafe-b505e589941f, creation at: 2024-03-20T21:08:46.272Z, expire at: 2024-03-20T21:08:49.272Z), SecretKey(id = 52e7e8ac-a84a-4802-bd52-2b4baaabd34e, creation at: 2024-03-20T21:08:45.272Z, expire at: 2024-03-20T21:08:48.272Z), SecretKey(id = a0a2ef21-d7ba-4b16-9833-9a15d5938521, creation at: 2024-03-20T21:08:44.272Z, expire at: 2024-03-20T21:08:47.272Z)] to file /home/runner/work/ozone/ozone/hadoop-ozone/integration-test/target/test-dir/MiniOzoneClusterImpl-bb4c8f07-45f9-422c-bd0c-8b04330ef271/scmNode-1/scm/keys/secret_keys.json
2024-03-20 21:08:47,283 [be2411e5-a42d-476f-b25b-d7f87790d2c1@group-8B04330EF271-StateMachineUpdater] INFO  symmetric.SecretKeyStateImpl (SecretKeyStateImpl.java:updateKeysInternal(113)) - Updating keys with [SecretKey(id = b612ddda-0dae-4ac6-bafe-b505e589941f, creation at: 2024-03-20T21:08:46.272Z, expire at: 2024-03-20T21:08:49.272Z), SecretKey(id = 52e7e8ac-a84a-4802-bd52-2b4baaabd34e, creation at: 2024-03-20T21:08:45.272Z, expire at: 2024-03-20T21:08:48.272Z), SecretKey(id = a0a2ef21-d7ba-4b16-9833-9a15d5938521, creation at: 2024-03-20T21:08:44.272Z, expire at: 2024-03-20T21:08:47.272Z), SecretKey(id = d17e0349-8f5e-4ce4-9c01-5f576f953aa8, creation at: 2024-03-20T21:08:47.272Z, expire at: 2024-03-20T21:08:50.272Z)]
2024-03-20 21:08:47,284 [be2411e5-a42d-476f-b25b-d7f87790d2c1@group-8B04330EF271-StateMachineUpdater] INFO  symmetric.SecretKeyStateImpl (SecretKeyStateImpl.java:updateKeysInternal(128)) - Current key updated SecretKey(id = d17e0349-8f5e-4ce4-9c01-5f576f953aa8, creation at: 2024-03-20T21:08:47.272Z, expire at: 2024-03-20T21:08:50.272Z)
2024-03-20 21:08:47,284 [be2411e5-a42d-476f-b25b-d7f87790d2c1@group-8B04330EF271-StateMachineUpdater] INFO  symmetric.LocalSecretKeyStore (LocalSecretKeyStore.java:save(109)) - Saved [SecretKey(id = d17e0349-8f5e-4ce4-9c01-5f576f953aa8, creation at: 2024-03-20T21:08:47.272Z, expire at: 2024-03-20T21:08:50.272Z), SecretKey(id = b612ddda-0dae-4ac6-bafe-b505e589941f, creation at: 2024-03-20T21:08:46.272Z, expire at: 2024-03-20T21:08:49.272Z), SecretKey(id = 52e7e8ac-a84a-4802-bd52-2b4baaabd34e, creation at: 2024-03-20T21:08:45.272Z, expire at: 2024-03-20T21:08:48.272Z), SecretKey(id = a0a2ef21-d7ba-4b16-9833-9a15d5938521, creation at: 2024-03-20T21:08:44.272Z, expire at: 2024-03-20T21:08:47.272Z)] to file /home/runner/work/ozone/ozone/hadoop-ozone/integration-test/target/test-dir/MiniOzoneClusterImpl-bb4c8f07-45f9-422c-bd0c-8b04330ef271/scmNode-2/scm/keys/secret_keys.json
2024-03-20 21:08:47,285 [b12aa423-edbe-43b9-9e95-c7a538dfc443@group-8B04330EF271-StateMachineUpdater] INFO  symmetric.SecretKeyStateImpl (SecretKeyStateImpl.java:updateKeysInternal(113)) - Updating keys with [SecretKey(id = b612ddda-0dae-4ac6-bafe-b505e589941f, creation at: 2024-03-20T21:08:46.272Z, expire at: 2024-03-20T21:08:49.272Z), SecretKey(id = 52e7e8ac-a84a-4802-bd52-2b4baaabd34e, creation at: 2024-03-20T21:08:45.272Z, expire at: 2024-03-20T21:08:48.272Z), SecretKey(id = a0a2ef21-d7ba-4b16-9833-9a15d5938521, creation at: 2024-03-20T21:08:44.272Z, expire at: 2024-03-20T21:08:47.272Z), SecretKey(id = d17e0349-8f5e-4ce4-9c01-5f576f953aa8, creation at: 2024-03-20T21:08:47.272Z, expire at: 2024-03-20T21:08:50.272Z)]
2024-03-20 21:08:47,285 [b12aa423-edbe-43b9-9e95-c7a538dfc443@group-8B04330EF271-StateMachineUpdater] INFO  symmetric.SecretKeyStateImpl (SecretKeyStateImpl.java:updateKeysInternal(128)) - Current key updated SecretKey(id = d17e0349-8f5e-4ce4-9c01-5f576f953aa8, creation at: 2024-03-20T21:08:47.272Z, expire at: 2024-03-20T21:08:50.272Z)
2024-03-20 21:08:47,285 [b12aa423-edbe-43b9-9e95-c7a538dfc443@group-8B04330EF271-StateMachineUpdater] INFO  symmetric.LocalSecretKeyStore (LocalSecretKeyStore.java:save(109)) - Saved [SecretKey(id = d17e0349-8f5e-4ce4-9c01-5f576f953aa8, creation at: 2024-03-20T21:08:47.272Z, expire at: 2024-03-20T21:08:50.272Z), SecretKey(id = b612ddda-0dae-4ac6-bafe-b505e589941f, creation at: 2024-03-20T21:08:46.272Z, expire at: 2024-03-20T21:08:49.272Z), SecretKey(id = 52e7e8ac-a84a-4802-bd52-2b4baaabd34e, creation at: 2024-03-20T21:08:45.272Z, expire at: 2024-03-20T21:08:48.272Z), SecretKey(id = a0a2ef21-d7ba-4b16-9833-9a15d5938521, creation at: 2024-03-20T21:08:44.272Z, expire at: 2024-03-20T21:08:47.272Z)] to file /home/runner/work/ozone/ozone/hadoop-ozone/integration-test/target/test-dir/MiniOzoneClusterImpl-bb4c8f07-45f9-422c-bd0c-8b04330ef271/scmNode-3/scm/keys/secret_keys.json
2024-03-20 21:08:47,292 [main] INFO  impl.DefaultInternalKdcServerImpl (DefaultInternalKdcServerImpl.java:doStop(102)) - Default Internal kdc server stopped.
2024-03-20 21:08:47,368 [98cad3d9-1aaa-47a5-be17-9665075729ab@group-C82C6F4B1089-FollowerState] INFO  impl.FollowerState (FollowerState.java:run(143)) - 98cad3d9-1aaa-47a5-be17-9665075729ab@group-C82C6F4B1089-FollowerState: change to CANDIDATE, lastRpcElapsedTime:5083239458ns, electionTimeout:5081ms
2024-03-20 21:08:47,368 [98cad3d9-1aaa-47a5-be17-9665075729ab@group-C82C6F4B1089-FollowerState] INFO  impl.RoleInfo (RoleInfo.java:shutdownFollowerState(110)) - 98cad3d9-1aaa-47a5-be17-9665075729ab: shutdown 98cad3d9-1aaa-47a5-be17-9665075729ab@group-C82C6F4B1089-FollowerState
2024-03-20 21:08:47,368 [98cad3d9-1aaa-47a5-be17-9665075729ab@group-C82C6F4B1089-FollowerState] INFO  server.RaftServer$Division (RaftServerImpl.java:setRole(383)) - 98cad3d9-1aaa-47a5-be17-9665075729ab@group-C82C6F4B1089: changes role from  FOLLOWER to CANDIDATE at term 0 for changeToCandidate
2024-03-20 21:08:47,370 [98cad3d9-1aaa-47a5-be17-9665075729ab@group-C82C6F4B1089-FollowerState] INFO  server.RaftServerConfigKeys (ConfUtils.java:logGet(46)) - raft.server.leaderelection.pre-vote = true (default)
2024-03-20 21:08:47,370 [98cad3d9-1aaa-47a5-be17-9665075729ab@group-C82C6F4B1089-FollowerState] INFO  impl.RoleInfo (RoleInfo.java:updateAndGet(139)) - 98cad3d9-1aaa-47a5-be17-9665075729ab: start 98cad3d9-1aaa-47a5-be17-9665075729ab@group-C82C6F4B1089-LeaderElection8
2024-03-20 21:08:47,372 [98cad3d9-1aaa-47a5-be17-9665075729ab@group-C82C6F4B1089-LeaderElection8] INFO  impl.LeaderElection (LeaderElection.java:askForVotes(321)) - 98cad3d9-1aaa-47a5-be17-9665075729ab@group-C82C6F4B1089-LeaderElection8 PRE_VOTE round 0: submit vote requests at term 0 for -1: peers:[98cad3d9-1aaa-47a5-be17-9665075729ab|10.1.0.34:15064]|listeners:[], old=null
2024-03-20 21:08:47,372 [98cad3d9-1aaa-47a5-be17-9665075729ab@group-C82C6F4B1089-LeaderElection8] INFO  impl.LeaderElection (LeaderElection.java:askForVotes(323)) - 98cad3d9-1aaa-47a5-be17-9665075729ab@group-C82C6F4B1089-LeaderElection8 PRE_VOTE round 0: result PASSED (term=0)
2024-03-20 21:08:47,373 [98cad3d9-1aaa-47a5-be17-9665075729ab@group-C82C6F4B1089-LeaderElection8] INFO  impl.LeaderElection (LeaderElection.java:askForVotes(321)) - 98cad3d9-1aaa-47a5-be17-9665075729ab@group-C82C6F4B1089-LeaderElection8 ELECTION round 0: submit vote requests at term 1 for -1: peers:[98cad3d9-1aaa-47a5-be17-9665075729ab|10.1.0.34:15064]|listeners:[], old=null
2024-03-20 21:08:47,373 [98cad3d9-1aaa-47a5-be17-9665075729ab@group-C82C6F4B1089-LeaderElection8] INFO  impl.LeaderElection (LeaderElection.java:askForVotes(323)) - 98cad3d9-1aaa-47a5-be17-9665075729ab@group-C82C6F4B1089-LeaderElection8 ELECTION round 0: result PASSED (term=1)
2024-03-20 21:08:47,374 [98cad3d9-1aaa-47a5-be17-9665075729ab@group-C82C6F4B1089-LeaderElection8] INFO  impl.RoleInfo (RoleInfo.java:shutdownLeaderElection(130)) - 98cad3d9-1aaa-47a5-be17-9665075729ab: shutdown 98cad3d9-1aaa-47a5-be17-9665075729ab@group-C82C6F4B1089-LeaderElection8
2024-03-20 21:08:47,374 [98cad3d9-1aaa-47a5-be17-9665075729ab@group-C82C6F4B1089-LeaderElection8] INFO  server.RaftServer$Division (RaftServerImpl.java:setRole(383)) - 98cad3d9-1aaa-47a5-be17-9665075729ab@group-C82C6F4B1089: changes role from CANDIDATE to LEADER at term 1 for changeToLeader
2024-03-20 21:08:47,374 [98cad3d9-1aaa-47a5-be17-9665075729ab@group-C82C6F4B1089-LeaderElection8] INFO  server.RaftServerConfigKeys (ConfUtils.java:logGet(46)) - raft.server.staging.catchup.gap = 1000 (default)
2024-03-20 21:08:47,374 [SecretKeyPoller] INFO  symmetric.DefaultSecretKeySignerClient (DefaultSecretKeySignerClient.java:checkAndRefresh(167)) - New secret key fetched from SCM: SecretKey(id = d17e0349-8f5e-4ce4-9c01-5f576f953aa8, creation at: 2024-03-20T21:08:47.272Z, expire at: 2024-03-20T21:08:50.272Z).
2024-03-20 21:08:47,374 [98cad3d9-1aaa-47a5-be17-9665075729ab@group-C82C6F4B1089-LeaderElection8] INFO  server.RaftServerConfigKeys (ConfUtils.java:logGet(46)) - raft.server.write.element-limit = 1024 (custom)
2024-03-20 21:08:47,374 [98cad3d9-1aaa-47a5-be17-9665075729ab@group-C82C6F4B1089-LeaderElection8] INFO  server.RaftServerConfigKeys (ConfUtils.java:logGet(46)) - raft.server.write.byte-limit = 1024 M (=1073741824) (custom)
2024-03-20 21:08:47,374 [om1-SecretKeyPoller] INFO  symmetric.DefaultSecretKeySignerClient (DefaultSecretKeySignerClient.java:checkAndRefresh(167)) - New secret key fetched from SCM: SecretKey(id = d17e0349-8f5e-4ce4-9c01-5f576f953aa8, creation at: 2024-03-20T21:08:47.272Z, expire at: 2024-03-20T21:08:50.272Z).
2024-03-20 21:08:47,375 [98cad3d9-1aaa-47a5-be17-9665075729ab@group-C82C6F4B1089-LeaderElection8] INFO  server.RaftServerConfigKeys (ConfUtils.java:logGet(46)) - raft.server.watch.timeout = 180s (custom)
2024-03-20 21:08:47,375 [98cad3d9-1aaa-47a5-be17-9665075729ab@group-C82C6F4B1089-LeaderElection8] INFO  server.RaftServerConfigKeys (ConfUtils.java:logGet(46)) - raft.server.watch.timeout.denomination = 1s (default)
2024-03-20 21:08:47,375 [98cad3d9-1aaa-47a5-be17-9665075729ab@group-C82C6F4B1089-LeaderElection8] INFO  server.RaftServerConfigKeys (ConfUtils.java:logGet(46)) - raft.server.watch.element-limit = 65536 (default)
2024-03-20 21:08:47,375 [SecretKeyPoller] INFO  symmetric.DefaultSecretKeySignerClient (DefaultSecretKeySignerClient.java:checkAndRefresh(167)) - New secret key fetched from SCM: SecretKey(id = d17e0349-8f5e-4ce4-9c01-5f576f953aa8, creation at: 2024-03-20T21:08:47.272Z, expire at: 2024-03-20T21:08:50.272Z).
2024-03-20 21:08:47,375 [98cad3d9-1aaa-47a5-be17-9665075729ab@group-C82C6F4B1089-LeaderElection8] INFO  server.RaftServerConfigKeys (ConfUtils.java:logGet(46)) - raft.server.read.leader.lease.enabled = false (default)
2024-03-20 21:08:47,375 [SecretKeyPoller] INFO  symmetric.DefaultSecretKeySignerClient (DefaultSecretKeySignerClient.java:checkAndRefresh(167)) - New secret key fetched from SCM: SecretKey(id = d17e0349-8f5e-4ce4-9c01-5f576f953aa8, creation at: 2024-03-20T21:08:47.272Z, expire at: 2024-03-20T21:08:50.272Z).
2024-03-20 21:08:47,375 [98cad3d9-1aaa-47a5-be17-9665075729ab@group-C82C6F4B1089-LeaderElection8] INFO  server.RaftServerConfigKeys (ConfUtils.java:logGet(46)) - raft.server.read.leader.lease.timeout.ratio = 0.9 (default)
2024-03-20 21:08:47,375 [98cad3d9-1aaa-47a5-be17-9665075729ab@group-C82C6F4B1089-LeaderElection8] INFO  server.RaftServerConfigKeys (ConfUtils.java:logGet(46)) - raft.server.rpc.timeout.min = 5s (custom)
2024-03-20 21:08:47,376 [98cad3d9-1aaa-47a5-be17-9665075729ab@group-C82C6F4B1089-LeaderElection8] INFO  server.RaftServerConfigKeys (ConfUtils.java:logGet(46)) - raft.server.write.element-limit = 1024 (custom)
2024-03-20 21:08:47,376 [98cad3d9-1aaa-47a5-be17-9665075729ab@group-C82C6F4B1089-LeaderElection8] INFO  server.RaftServerConfigKeys (ConfUtils.java:logGet(46)) - raft.server.write.follower.gap.ratio.max = -1.0 (default)
2024-03-20 21:08:47,376 [98cad3d9-1aaa-47a5-be17-9665075729ab@group-C82C6F4B1089-LeaderElection8] INFO  impl.RoleInfo (RoleInfo.java:updateAndGet(139)) - 98cad3d9-1aaa-47a5-be17-9665075729ab: start 98cad3d9-1aaa-47a5-be17-9665075729ab@group-C82C6F4B1089-LeaderStateImpl
2024-03-20 21:08:47,376 [98cad3d9-1aaa-47a5-be17-9665075729ab@group-C82C6F4B1089-LeaderElection8] INFO  server.RaftServer$Division (RaftServerImpl.java:setFirstElection(574)) - 98cad3d9-1aaa-47a5-be17-9665075729ab@group-C82C6F4B1089: set firstElectionSinceStartup to false for becomeLeader
2024-03-20 21:08:47,377 [98cad3d9-1aaa-47a5-be17-9665075729ab@group-C82C6F4B1089-LeaderElection8] INFO  ratis.XceiverServerRatis (XceiverServerRatis.java:handleLeaderChangedNotification(966)) - Leader change notification received for group: group-C82C6F4B1089 with new leaderId: 98cad3d9-1aaa-47a5-be17-9665075729ab
2024-03-20 21:08:47,377 [98cad3d9-1aaa-47a5-be17-9665075729ab@group-C82C6F4B1089-LeaderElection8] INFO  server.RaftServer$Division (ServerState.java:setLeader(269)) - 98cad3d9-1aaa-47a5-be17-9665075729ab@group-C82C6F4B1089: change Leader from null to 98cad3d9-1aaa-47a5-be17-9665075729ab at term 1 for becomeLeader, leader elected after 5134ms
2024-03-20 21:08:47,377 [98cad3d9-1aaa-47a5-be17-9665075729ab@group-C82C6F4B1089-LeaderElection8] INFO  segmented.SegmentedRaftLogWorker (SegmentedRaftLogWorker.java:startLogSegment(430)) - 98cad3d9-1aaa-47a5-be17-9665075729ab@group-C82C6F4B1089-SegmentedRaftLogWorker: Starting segment from index:0
2024-03-20 21:08:47,378 [98cad3d9-1aaa-47a5-be17-9665075729ab@group-C82C6F4B1089-LeaderElection8] INFO  server.RaftServer$Division (ServerState.java:setRaftConf(386)) - 98cad3d9-1aaa-47a5-be17-9665075729ab@group-C82C6F4B1089: set configuration 0: peers:[98cad3d9-1aaa-47a5-be17-9665075729ab|10.1.0.34:15064]|listeners:[], old=null
2024-03-20 21:08:47,382 [98cad3d9-1aaa-47a5-be17-9665075729ab@group-C82C6F4B1089-SegmentedRaftLogWorker] INFO  segmented.BufferedWriteChannel (BufferedWriteChannel.java:open(62)) - open log_inprogress_0 at position 0
2024-03-20 21:08:47,389 [98cad3d9-1aaa-47a5-be17-9665075729ab@group-C82C6F4B1089-SegmentedRaftLogWorker] INFO  segmented.SegmentedRaftLogWorker (SegmentedRaftLogWorker.java:execute(634)) - 98cad3d9-1aaa-47a5-be17-9665075729ab@group-C82C6F4B1089-SegmentedRaftLogWorker: created new log segment /home/runner/work/ozone/ozone/hadoop-ozone/integration-test/target/test-dir/MiniOzoneClusterImpl-bb4c8f07-45f9-422c-bd0c-8b04330ef271/ozone-meta/datanode-3/ratis/df96a643-c626-49e9-8926-c82c6f4b1089/current/log_inprogress_0
2024-03-20 21:08:47,391 [98cad3d9-1aaa-47a5-be17-9665075729ab@group-C82C6F4B1089-StateMachineUpdater] INFO  server.RaftServer$Division (LeaderStateImpl.java:isApplied(320)) - leader is ready since appliedIndex == 0 >= startIndex == 0
2024-03-20 21:08:48,272 [scmNode-1-SecretKeyManagerService] INFO  symmetric.SecretKeyManager (SecretKeyManager.java:checkAndRotate(125)) - SecretKey rotation is happening, new key generated SecretKey(id = c19fbb9c-fc0c-4d6c-b3e8-b8665369b251, creation at: 2024-03-20T21:08:48.272Z, expire at: 2024-03-20T21:08:51.272Z)
2024-03-20 21:08:48,276 [1ba87fbc-452a-4836-9768-c65c67837df8@group-8B04330EF271-StateMachineUpdater] INFO  symmetric.SecretKeyStateImpl (SecretKeyStateImpl.java:updateKeysInternal(113)) - Updating keys with [SecretKey(id = d17e0349-8f5e-4ce4-9c01-5f576f953aa8, creation at: 2024-03-20T21:08:47.272Z, expire at: 2024-03-20T21:08:50.272Z), SecretKey(id = b612ddda-0dae-4ac6-bafe-b505e589941f, creation at: 2024-03-20T21:08:46.272Z, expire at: 2024-03-20T21:08:49.272Z), SecretKey(id = 52e7e8ac-a84a-4802-bd52-2b4baaabd34e, creation at: 2024-03-20T21:08:45.272Z, expire at: 2024-03-20T21:08:48.272Z), SecretKey(id = c19fbb9c-fc0c-4d6c-b3e8-b8665369b251, creation at: 2024-03-20T21:08:48.272Z, expire at: 2024-03-20T21:08:51.272Z)]
2024-03-20 21:08:48,277 [1ba87fbc-452a-4836-9768-c65c67837df8@group-8B04330EF271-StateMachineUpdater] INFO  symmetric.SecretKeyStateImpl (SecretKeyStateImpl.java:updateKeysInternal(128)) - Current key updated SecretKey(id = c19fbb9c-fc0c-4d6c-b3e8-b8665369b251, creation at: 2024-03-20T21:08:48.272Z, expire at: 2024-03-20T21:08:51.272Z)
2024-03-20 21:08:48,277 [1ba87fbc-452a-4836-9768-c65c67837df8@group-8B04330EF271-StateMachineUpdater] INFO  symmetric.LocalSecretKeyStore (LocalSecretKeyStore.java:save(109)) - Saved [SecretKey(id = c19fbb9c-fc0c-4d6c-b3e8-b8665369b251, creation at: 2024-03-20T21:08:48.272Z, expire at: 2024-03-20T21:08:51.272Z), SecretKey(id = d17e0349-8f5e-4ce4-9c01-5f576f953aa8, creation at: 2024-03-20T21:08:47.272Z, expire at: 2024-03-20T21:08:50.272Z), SecretKey(id = b612ddda-0dae-4ac6-bafe-b505e589941f, creation at: 2024-03-20T21:08:46.272Z, expire at: 2024-03-20T21:08:49.272Z), SecretKey(id = 52e7e8ac-a84a-4802-bd52-2b4baaabd34e, creation at: 2024-03-20T21:08:45.272Z, expire at: 2024-03-20T21:08:48.272Z)] to file /home/runner/work/ozone/ozone/hadoop-ozone/integration-test/target/test-dir/MiniOzoneClusterImpl-bb4c8f07-45f9-422c-bd0c-8b04330ef271/scmNode-1/scm/keys/secret_keys.json
2024-03-20 21:08:48,279 [be2411e5-a42d-476f-b25b-d7f87790d2c1@group-8B04330EF271-StateMachineUpdater] INFO  symmetric.SecretKeyStateImpl (SecretKeyStateImpl.java:updateKeysInternal(113)) - Updating keys with [SecretKey(id = d17e0349-8f5e-4ce4-9c01-5f576f953aa8, creation at: 2024-03-20T21:08:47.272Z, expire at: 2024-03-20T21:08:50.272Z), SecretKey(id = b612ddda-0dae-4ac6-bafe-b505e589941f, creation at: 2024-03-20T21:08:46.272Z, expire at: 2024-03-20T21:08:49.272Z), SecretKey(id = 52e7e8ac-a84a-4802-bd52-2b4baaabd34e, creation at: 2024-03-20T21:08:45.272Z, expire at: 2024-03-20T21:08:48.272Z), SecretKey(id = c19fbb9c-fc0c-4d6c-b3e8-b8665369b251, creation at: 2024-03-20T21:08:48.272Z, expire at: 2024-03-20T21:08:51.272Z)]
2024-03-20 21:08:48,279 [be2411e5-a42d-476f-b25b-d7f87790d2c1@group-8B04330EF271-StateMachineUpdater] INFO  symmetric.SecretKeyStateImpl (SecretKeyStateImpl.java:updateKeysInternal(128)) - Current key updated SecretKey(id = c19fbb9c-fc0c-4d6c-b3e8-b8665369b251, creation at: 2024-03-20T21:08:48.272Z, expire at: 2024-03-20T21:08:51.272Z)
2024-03-20 21:08:48,279 [be2411e5-a42d-476f-b25b-d7f87790d2c1@group-8B04330EF271-StateMachineUpdater] INFO  symmetric.LocalSecretKeyStore (LocalSecretKeyStore.java:save(109)) - Saved [SecretKey(id = c19fbb9c-fc0c-4d6c-b3e8-b8665369b251, creation at: 2024-03-20T21:08:48.272Z, expire at: 2024-03-20T21:08:51.272Z), SecretKey(id = d17e0349-8f5e-4ce4-9c01-5f576f953aa8, creation at: 2024-03-20T21:08:47.272Z, expire at: 2024-03-20T21:08:50.272Z), SecretKey(id = b612ddda-0dae-4ac6-bafe-b505e589941f, creation at: 2024-03-20T21:08:46.272Z, expire at: 2024-03-20T21:08:49.272Z), SecretKey(id = 52e7e8ac-a84a-4802-bd52-2b4baaabd34e, creation at: 2024-03-20T21:08:45.272Z, expire at: 2024-03-20T21:08:48.272Z)] to file /home/runner/work/ozone/ozone/hadoop-ozone/integration-test/target/test-dir/MiniOzoneClusterImpl-bb4c8f07-45f9-422c-bd0c-8b04330ef271/scmNode-2/scm/keys/secret_keys.json
2024-03-20 21:08:48,279 [b12aa423-edbe-43b9-9e95-c7a538dfc443@group-8B04330EF271-StateMachineUpdater] INFO  symmetric.SecretKeyStateImpl (SecretKeyStateImpl.java:updateKeysInternal(113)) - Updating keys with [SecretKey(id = d17e0349-8f5e-4ce4-9c01-5f576f953aa8, creation at: 2024-03-20T21:08:47.272Z, expire at: 2024-03-20T21:08:50.272Z), SecretKey(id = b612ddda-0dae-4ac6-bafe-b505e589941f, creation at: 2024-03-20T21:08:46.272Z, expire at: 2024-03-20T21:08:49.272Z), SecretKey(id = 52e7e8ac-a84a-4802-bd52-2b4baaabd34e, creation at: 2024-03-20T21:08:45.272Z, expire at: 2024-03-20T21:08:48.272Z), SecretKey(id = c19fbb9c-fc0c-4d6c-b3e8-b8665369b251, creation at: 2024-03-20T21:08:48.272Z, expire at: 2024-03-20T21:08:51.272Z)]
2024-03-20 21:08:48,280 [b12aa423-edbe-43b9-9e95-c7a538dfc443@group-8B04330EF271-StateMachineUpdater] INFO  symmetric.SecretKeyStateImpl (SecretKeyStateImpl.java:updateKeysInternal(128)) - Current key updated SecretKey(id = c19fbb9c-fc0c-4d6c-b3e8-b8665369b251, creation at: 2024-03-20T21:08:48.272Z, expire at: 2024-03-20T21:08:51.272Z)
2024-03-20 21:08:48,280 [b12aa423-edbe-43b9-9e95-c7a538dfc443@group-8B04330EF271-StateMachineUpdater] INFO  symmetric.LocalSecretKeyStore (LocalSecretKeyStore.java:save(109)) - Saved [SecretKey(id = c19fbb9c-fc0c-4d6c-b3e8-b8665369b251, creation at: 2024-03-20T21:08:48.272Z, expire at: 2024-03-20T21:08:51.272Z), SecretKey(id = d17e0349-8f5e-4ce4-9c01-5f576f953aa8, creation at: 2024-03-20T21:08:47.272Z, expire at: 2024-03-20T21:08:50.272Z), SecretKey(id = b612ddda-0dae-4ac6-bafe-b505e589941f, creation at: 2024-03-20T21:08:46.272Z, expire at: 2024-03-20T21:08:49.272Z), SecretKey(id = 52e7e8ac-a84a-4802-bd52-2b4baaabd34e, creation at: 2024-03-20T21:08:45.272Z, expire at: 2024-03-20T21:08:48.272Z)] to file /home/runner/work/ozone/ozone/hadoop-ozone/integration-test/target/test-dir/MiniOzoneClusterImpl-bb4c8f07-45f9-422c-bd0c-8b04330ef271/scmNode-3/scm/keys/secret_keys.json
2024-03-20 21:08:48,293 [main] INFO  minikdc.MiniKdc (MiniKdc.java:stop(359)) - MiniKdc stopped.
2024-03-20 21:08:48,293 [main] INFO  ozone.MiniOzoneHAClusterImpl (MiniOzoneHAClusterImpl.java:stop(288)) - Stopping the OzoneManager om1
2024-03-20 21:08:48,293 [main] INFO  om.OzoneManager (OzoneManager.java:stop(2238)) - om1[localhost:15036]: Stopping Ozone Manager
2024-03-20 21:08:48,293 [main] INFO  ipc.Server (Server.java:stop(3523)) - Stopping server on 15036
2024-03-20 21:08:48,296 [IPC Server listener on 15036] INFO  ipc.Server (Server.java:run(1434)) - Stopping IPC Server listener on 15036
2024-03-20 21:08:48,299 [IPC Server Responder] INFO  ipc.Server (Server.java:run(1567)) - Stopping IPC Server Responder
2024-03-20 21:08:48,300 [main] INFO  ratis.OzoneManagerRatisServer (OzoneManagerRatisServer.java:stop(594)) - Stopping org.apache.hadoop.ozone.om.ratis.OzoneManagerRatisServer@2fb04869 at port 15039
2024-03-20 21:08:48,304 [main] INFO  server.RaftServer (RaftServerProxy.java:lambda$close$9(416)) - om1: close
2024-03-20 21:08:48,305 [main] INFO  server.GrpcService (GrpcService.java:closeImpl(311)) - om1: shutdown server GrpcServerProtocolService now
2024-03-20 21:08:48,305 [om1-impl-thread1] INFO  server.RaftServer$Division (RaftServerImpl.java:lambda$close$3(526)) - om1@group-C5BA1605619E: shutdown
2024-03-20 21:08:48,306 [om1-impl-thread1] INFO  util.JmxRegister (JmxRegister.java:unregister(73)) - Successfully un-registered JMX Bean with object name Ratis:service=RaftServer,group=group-C5BA1605619E,id=om1
2024-03-20 21:08:48,307 [om1-impl-thread1] INFO  impl.RoleInfo (RoleInfo.java:shutdownLeaderState(94)) - om1: shutdown om1@group-C5BA1605619E-LeaderStateImpl
2024-03-20 21:08:48,307 [om1-impl-thread1] INFO  impl.PendingRequests (PendingRequests.java:sendNotLeaderResponses(289)) - om1@group-C5BA1605619E-PendingRequests: sendNotLeaderResponses
2024-03-20 21:08:48,308 [om1-impl-thread1] INFO  impl.StateMachineUpdater (StateMachineUpdater.java:stopAndJoin(157)) - om1@group-C5BA1605619E-StateMachineUpdater: set stopIndex = 0
2024-03-20 21:08:48,308 [om1@group-C5BA1605619E-StateMachineUpdater] INFO  ratis.OzoneManagerStateMachine (OzoneManagerStateMachine.java:takeSnapshotImpl(481)) -  applied = (t:1, i:0)
2024-03-20 21:08:48,309 [om1@group-C5BA1605619E-StateMachineUpdater] INFO  ratis.OzoneManagerStateMachine (OzoneManagerStateMachine.java:takeSnapshotImpl(482)) -  skipped = -1
2024-03-20 21:08:48,309 [om1@group-C5BA1605619E-StateMachineUpdater] INFO  ratis.OzoneManagerStateMachine (OzoneManagerStateMachine.java:takeSnapshotImpl(483)) - notified = (t:1, i:0)
2024-03-20 21:08:48,309 [om1@group-C5BA1605619E-StateMachineUpdater] INFO  ratis.OzoneManagerStateMachine (OzoneManagerStateMachine.java:takeSnapshotImpl(484)) - snapshot = (t:1, i:0)
2024-03-20 21:08:48,310 [main] INFO  server.GrpcService (GrpcService.java:closeImpl(320)) - om1: shutdown server GrpcServerProtocolService successfully
2024-03-20 21:08:48,328 [om1@group-C5BA1605619E-StateMachineUpdater] INFO  impl.StateMachineUpdater (StateMachineUpdater.java:takeSnapshot(295)) - om1@group-C5BA1605619E-StateMachineUpdater: Took a snapshot at index 0
2024-03-20 21:08:48,328 [om1@group-C5BA1605619E-StateMachineUpdater] INFO  impl.StateMachineUpdater (StateMachineUpdater.java:lambda$new$0(98)) - om1@group-C5BA1605619E-StateMachineUpdater: snapshotIndex: updateIncreasingly -1 -> 0
2024-03-20 21:08:48,328 [om1@group-C5BA1605619E-StateMachineUpdater] INFO  ratis.OzoneManagerStateMachine (OzoneManagerStateMachine.java:close(527)) - Stopping OzoneManagerStateMachine:om1:group-C5BA1605619E.
2024-03-20 21:08:48,328 [om1@group-C5BA1605619E-StateMachineUpdater] INFO  ratis.OzoneManagerDoubleBuffer (OzoneManagerDoubleBuffer.java:stopDaemon(517)) - Stopping OMDoubleBuffer flush thread
2024-03-20 21:08:48,330 [om1-OMDoubleBufferFlushThread] INFO  ratis.OzoneManagerDoubleBuffer (OzoneManagerDoubleBuffer.java:canFlush(581)) - OMDoubleBuffer flush thread om1-OMDoubleBufferFlushThread is interrupted and will exit.
2024-03-20 21:08:48,331 [om1-impl-thread1] INFO  server.RaftServer$Division (ServerState.java:close(427)) - om1@group-C5BA1605619E: applyIndex: 0
2024-03-20 21:08:48,331 [om1@group-C5BA1605619E-cacheEviction-AwaitToRun] INFO  util.AwaitToRun (AwaitToRun.java:run(49)) - om1@group-C5BA1605619E-cacheEviction-AwaitToRun-AwaitForSignal is interrupted
2024-03-20 21:08:48,347 [om1-impl-thread1] INFO  segmented.SegmentedRaftLogWorker (SegmentedRaftLogWorker.java:close(245)) - om1@group-C5BA1605619E-SegmentedRaftLogWorker close()
2024-03-20 21:08:48,347 [JvmPauseMonitor4] INFO  util.JvmPauseMonitor (JvmPauseMonitor.java:run(152)) - JvmPauseMonitor-om1: Stopped
2024-03-20 21:08:48,348 [main] INFO  utils.BackgroundService (BackgroundService.java:shutdown(160)) - Shutting down service KeyDeletingService
2024-03-20 21:08:48,349 [main] INFO  utils.BackgroundService (BackgroundService.java:shutdown(160)) - Shutting down service DirectoryDeletingService
2024-03-20 21:08:48,350 [main] INFO  utils.BackgroundService (BackgroundService.java:shutdown(160)) - Shutting down service OpenKeyCleanupService
2024-03-20 21:08:48,351 [main] INFO  utils.BackgroundService (BackgroundService.java:shutdown(160)) - Shutting down service SstFilteringService
2024-03-20 21:08:48,352 [main] INFO  utils.BackgroundService (BackgroundService.java:shutdown(160)) - Shutting down service SnapshotDeletingService
2024-03-20 21:08:48,356 [main] INFO  utils.BackgroundService (BackgroundService.java:shutdown(160)) - Shutting down service MultipartUploadCleanupService
2024-03-20 21:08:48,356 [main] INFO  utils.BackgroundService (BackgroundService.java:shutdown(160)) - Shutting down service SnapshotDirectoryCleaningService
2024-03-20 21:08:48,357 [main] INFO  om.OzoneManager (OzoneManager.java:stopSecretManager(1085)) - Stopping secret key client.
2024-03-20 21:08:48,357 [main] INFO  om.OzoneManager (OzoneManager.java:stopSecretManager(1090)) - Stopping OM delegation token secret manager.
2024-03-20 21:08:48,358 [om1-ExpiredTokenRemover] INFO  security.OzoneDelegationTokenSecretManager (OzoneDelegationTokenSecretManager.java:run(638)) - ExpiredTokenRemover was interrupted.
java.lang.InterruptedException: sleep interrupted
	at java.lang.Thread.sleep(Native Method)
	at org.apache.hadoop.ozone.security.OzoneDelegationTokenSecretManager$ExpiredTokenRemover.run(OzoneDelegationTokenSecretManager.java:634)
	at java.lang.Thread.run(Thread.java:750)
2024-03-20 21:08:48,359 [main] INFO  handler.ContextHandler (ContextHandler.java:doStop(1159)) - Stopped o.e.j.w.WebAppContext@70a548ee{ozoneManager,/,null,STOPPED}{file:/home/runner/work/ozone/ozone/hadoop-ozone/integration-test/target/test-classes/webapps/ozoneManager}
2024-03-20 21:08:48,362 [main] INFO  server.AbstractConnector (AbstractConnector.java:doStop(383)) - Stopped ServerConnector@3bd7ff1f{HTTP/1.1, (http/1.1)}{0.0.0.0:15037}
2024-03-20 21:08:48,362 [main] INFO  server.session (HouseKeeper.java:stopScavenging(149)) - node0 Stopped scavenging
2024-03-20 21:08:48,363 [main] INFO  handler.ContextHandler (ContextHandler.java:doStop(1159)) - Stopped o.e.j.s.ServletContextHandler@4913d4{static,/static,file:///home/runner/work/ozone/ozone/hadoop-ozone/integration-test/target/test-classes/webapps/static,STOPPED}
2024-03-20 21:08:48,363 [main] INFO  handler.ContextHandler (ContextHandler.java:doStop(1159)) - Stopped o.e.j.s.ServletContextHandler@21698165{logs,/logs,file:///home/runner/work/ozone/ozone/hadoop-ozone/integration-test/target/log,STOPPED}
2024-03-20 21:08:48,365 [main] INFO  rocksdiff.RocksDBCheckpointDiffer (RocksDBCheckpointDiffer.java:close(310)) - Shutting down CompactionDagPruningService.
2024-03-20 21:08:48,369 [main] INFO  snapshot.SnapshotDiffManager (SnapshotDiffManager.java:closeExecutorService(1657)) - Shutting down executorService: 'SnapDiffExecutor'
2024-03-20 21:08:48,369 [main] INFO  utils.BackgroundService (BackgroundService.java:shutdown(160)) - Shutting down service SnapshotDiffCleanupService
2024-03-20 21:08:48,371 [main] INFO  ozone.MiniOzoneHAClusterImpl (MiniOzoneHAClusterImpl.java:stop(295)) - Stopping the StorageContainerManager be2411e5-a42d-476f-b25b-d7f87790d2c1
2024-03-20 21:08:48,371 [main] INFO  server.StorageContainerManager (StorageContainerManager.java:stop(1653)) - Container Balancer is not running.
2024-03-20 21:08:48,372 [main] INFO  server.StorageContainerManager (StorageContainerManager.java:stopReplicationManager(1786)) - Stopping Replication Manager Service.
2024-03-20 21:08:48,372 [main] INFO  replication.ReplicationManager (ReplicationManager.java:stop(328)) - Stopping Replication Monitor Thread.
2024-03-20 21:08:48,372 [scmNode-2-UnderReplicatedProcessor] WARN  replication.UnhealthyReplicationProcessor (UnhealthyReplicationProcessor.java:run(180)) - scmNode-2-UnderReplicatedProcessor interrupted. Exiting...
2024-03-20 21:08:48,372 [scmNode-2-ReplicationMonitor] INFO  replication.ReplicationManager (ReplicationManager.java:run(935)) - Replication Monitor Thread is stopped
2024-03-20 21:08:48,372 [main] INFO  server.StorageContainerManager (StorageContainerManager.java:stop(1662)) - Stopping the Datanode Admin Monitor.
2024-03-20 21:08:48,372 [scmNode-2-OverReplicatedProcessor] WARN  replication.UnhealthyReplicationProcessor (UnhealthyReplicationProcessor.java:run(180)) - scmNode-2-OverReplicatedProcessor interrupted. Exiting...
2024-03-20 21:08:48,373 [main] INFO  server.StorageContainerManager (StorageContainerManager.java:stop(1669)) - Stopping datanode service RPC server
2024-03-20 21:08:48,373 [main] INFO  server.SCMDatanodeProtocolServer (SCMDatanodeProtocolServer.java:stop(425)) - Stopping the RPC server for DataNodes
2024-03-20 21:08:48,373 [main] INFO  ipc.Server (Server.java:stop(3523)) - Stopping server on 15012
2024-03-20 21:08:48,374 [SecretKeyPoller] INFO  symmetric.DefaultSecretKeySignerClient (DefaultSecretKeySignerClient.java:checkAndRefresh(167)) - New secret key fetched from SCM: SecretKey(id = c19fbb9c-fc0c-4d6c-b3e8-b8665369b251, creation at: 2024-03-20T21:08:48.272Z, expire at: 2024-03-20T21:08:51.272Z).
2024-03-20 21:08:48,374 [SecretKeyPoller] INFO  symmetric.DefaultSecretKeySignerClient (DefaultSecretKeySignerClient.java:checkAndRefresh(167)) - New secret key fetched from SCM: SecretKey(id = c19fbb9c-fc0c-4d6c-b3e8-b8665369b251, creation at: 2024-03-20T21:08:48.272Z, expire at: 2024-03-20T21:08:51.272Z).
2024-03-20 21:08:48,375 [SecretKeyPoller] INFO  symmetric.DefaultSecretKeySignerClient (DefaultSecretKeySignerClient.java:checkAndRefresh(167)) - New secret key fetched from SCM: SecretKey(id = c19fbb9c-fc0c-4d6c-b3e8-b8665369b251, creation at: 2024-03-20T21:08:48.272Z, expire at: 2024-03-20T21:08:51.272Z).
2024-03-20 21:08:48,378 [IPC Server listener on 15012] INFO  ipc.Server (Server.java:run(1434)) - Stopping IPC Server listener on 15012
2024-03-20 21:08:48,381 [98cad3d9-1aaa-47a5-be17-9665075729ab-EndpointStateMachineTaskThread-/127.0.0.1:15012-0 ] WARN  statemachine.EndpointStateMachine (EndpointStateMachine.java:logIfNeeded(242)) - Unable to communicate to SCM server at localhost:15012 for past 0 seconds.
java.io.EOFException: End of File Exception between local host is: "fv-az1053-74/10.1.0.34"; destination host is: "localhost":15012; : java.io.EOFException; For more details see:  http://wiki.apache.org/hadoop/EOFException
	at sun.reflect.NativeConstructorAccessorImpl.newInstance0(Native Method)
	at sun.reflect.NativeConstructorAccessorImpl.newInstance(NativeConstructorAccessorImpl.java:62)
	at sun.reflect.DelegatingConstructorAccessorImpl.newInstance(DelegatingConstructorAccessorImpl.java:45)
	at java.lang.reflect.Constructor.newInstance(Constructor.java:423)
	at org.apache.hadoop.net.NetUtils.wrapWithMessage(NetUtils.java:930)
	at org.apache.hadoop.net.NetUtils.wrapException(NetUtils.java:879)
	at org.apache.hadoop.ipc.Client.getRpcResponse(Client.java:1571)
	at org.apache.hadoop.ipc.Client.call(Client.java:1513)
	at org.apache.hadoop.ipc.Client.call(Client.java:1410)
	at org.apache.hadoop.ipc.ProtobufRpcEngine$Invoker.invoke(ProtobufRpcEngine.java:250)
	at org.apache.hadoop.ipc.ProtobufRpcEngine$Invoker.invoke(ProtobufRpcEngine.java:132)
	at com.sun.proxy.$Proxy59.submitRequest(Unknown Source)
	at org.apache.hadoop.ozone.protocolPB.StorageContainerDatanodeProtocolClientSideTranslatorPB.submitRequest(StorageContainerDatanodeProtocolClientSideTranslatorPB.java:117)
	at org.apache.hadoop.ozone.protocolPB.StorageContainerDatanodeProtocolClientSideTranslatorPB.sendHeartbeat(StorageContainerDatanodeProtocolClientSideTranslatorPB.java:149)
	at org.apache.hadoop.ozone.container.common.states.endpoint.HeartbeatEndpointTask.call(HeartbeatEndpointTask.java:183)
	at org.apache.hadoop.ozone.container.common.states.endpoint.HeartbeatEndpointTask.call(HeartbeatEndpointTask.java:87)
	at java.util.concurrent.FutureTask.run(FutureTask.java:266)
	at java.util.concurrent.ThreadPoolExecutor.runWorker(ThreadPoolExecutor.java:1149)
	at java.util.concurrent.ThreadPoolExecutor$Worker.run(ThreadPoolExecutor.java:624)
	at java.lang.Thread.run(Thread.java:750)
Caused by: java.io.EOFException
	at java.io.DataInputStream.readInt(DataInputStream.java:392)
	at org.apache.hadoop.ipc.Client$IpcStreams.readResponse(Client.java:1906)
	at org.apache.hadoop.ipc.Client$Connection.receiveRpcResponse(Client.java:1187)
	at org.apache.hadoop.ipc.Client$Connection.run(Client.java:1078)
2024-03-20 21:08:48,382 [IPC Server Responder] INFO  ipc.Server (Server.java:run(1567)) - Stopping IPC Server Responder
2024-03-20 21:08:48,387 [IPC Server handler 99 on default port 15012] INFO  ipc.Server (Server.java:run(1085)) - IPC Server handler 99 on default port 15012: skipped Call#241 Retry#0 org.apache.hadoop.ozone.protocol.StorageContainerDatanodeProtocol.submitRequest from fv-az1053-74.1e55wlyavovu3ma4fylbaqc4gd.phxx.internal.cloudapp.net:38903 / 10.1.0.34:38903
2024-03-20 21:08:48,403 [scmNode-2-SCMHeartbeatProcessor-0] WARN  node.NodeStateManager (NodeStateManager.java:scheduleNextHealthCheck(878)) - Current Thread is interrupted, shutting down HB processing thread for Node Manager.
2024-03-20 21:08:48,405 [main] INFO  server.StorageContainerManager (StorageContainerManager.java:stop(1677)) - Stopping block service RPC server
2024-03-20 21:08:48,405 [main] INFO  server.SCMBlockProtocolServer (SCMBlockProtocolServer.java:stop(171)) - Stopping the RPC server for Block Protocol
2024-03-20 21:08:48,405 [main] INFO  ipc.Server (Server.java:stop(3523)) - Stopping server on 15015
2024-03-20 21:08:48,410 [IPC Server listener on 15015] INFO  ipc.Server (Server.java:run(1434)) - Stopping IPC Server listener on 15015
2024-03-20 21:08:48,410 [IPC Server Responder] INFO  ipc.Server (Server.java:run(1567)) - Stopping IPC Server Responder
2024-03-20 21:08:48,413 [main] INFO  server.StorageContainerManager (StorageContainerManager.java:stop(1684)) - Stopping the StorageContainerLocationProtocol RPC server
2024-03-20 21:08:48,413 [main] INFO  server.SCMClientProtocolServer (SCMClientProtocolServer.java:stop(213)) - Stopping the RPC server for Client Protocol
2024-03-20 21:08:48,413 [main] INFO  ipc.Server (Server.java:stop(3523)) - Stopping server on 15013
2024-03-20 21:08:48,419 [IPC Server listener on 15013] INFO  ipc.Server (Server.java:run(1434)) - Stopping IPC Server listener on 15013
2024-03-20 21:08:48,419 [main] INFO  server.StorageContainerManager (StorageContainerManager.java:stop(1691)) - Stopping Storage Container Manager HTTP server.
2024-03-20 21:08:48,423 [main] INFO  handler.ContextHandler (ContextHandler.java:doStop(1159)) - Stopped o.e.j.w.WebAppContext@69b783ea{scm,/,null,STOPPED}{file:/home/runner/work/ozone/ozone/hadoop-ozone/integration-test/target/test-classes/webapps/scm}
2024-03-20 21:08:48,423 [IPC Server Responder] INFO  ipc.Server (Server.java:run(1567)) - Stopping IPC Server Responder
2024-03-20 21:08:48,424 [main] INFO  server.AbstractConnector (AbstractConnector.java:doStop(383)) - Stopped ServerConnector@20e27a41{HTTP/1.1, (http/1.1)}{0.0.0.0:15008}
2024-03-20 21:08:48,424 [main] INFO  server.session (HouseKeeper.java:stopScavenging(149)) - node0 Stopped scavenging
2024-03-20 21:08:48,425 [main] INFO  handler.ContextHandler (ContextHandler.java:doStop(1159)) - Stopped o.e.j.s.ServletContextHandler@3f19ac42{static,/static,file:///home/runner/work/ozone/ozone/hadoop-ozone/integration-test/target/test-classes/webapps/static,STOPPED}
2024-03-20 21:08:48,425 [main] INFO  handler.ContextHandler (ContextHandler.java:doStop(1159)) - Stopped o.e.j.s.ServletContextHandler@391aee9{logs,/logs,file:///home/runner/work/ozone/ozone/hadoop-ozone/integration-test/target/log,STOPPED}
2024-03-20 21:08:48,426 [main] INFO  server.StorageContainerManager (StorageContainerManager.java:stop(1699)) - Stopping SCM LayoutVersionManager Service.
2024-03-20 21:08:48,426 [main] INFO  server.SCMSecurityProtocolServer (SCMSecurityProtocolServer.java:stop(566)) - Stopping the SCMSecurityProtocolServer.
2024-03-20 21:08:48,426 [main] INFO  ipc.Server (Server.java:stop(3523)) - Stopping server on 15010
2024-03-20 21:08:48,428 [IPC Server listener on 15010] INFO  ipc.Server (Server.java:run(1434)) - Stopping IPC Server listener on 15010
2024-03-20 21:08:48,430 [IPC Server Responder] INFO  ipc.Server (Server.java:run(1567)) - Stopping IPC Server Responder
2024-03-20 21:08:48,430 [main] INFO  server.SCMUpdateServiceGrpcServer (SCMUpdateServiceGrpcServer.java:stop(73)) - SCMUpdateService stopping
2024-03-20 21:08:48,430 [main] INFO  server.SCMUpdateServiceGrpcServer (SCMUpdateServiceGrpcServer.java:stop(85)) - SCMUpdateService stopped!
2024-03-20 21:08:48,431 [main] INFO  server.StorageContainerManager (StorageContainerManager.java:stop(1711)) - Stopping Block Manager Service.
2024-03-20 21:08:48,431 [main] INFO  utils.BackgroundService (BackgroundService.java:shutdown(160)) - Shutting down service SCMBlockDeletingService
2024-03-20 21:08:48,431 [main] INFO  utils.BackgroundService (BackgroundService.java:shutdown(160)) - Shutting down service SCMBlockDeletingService
2024-03-20 21:08:48,432 [main] INFO  server.StorageContainerManager (StorageContainerManager.java:stop(1731)) - Stopping SCM Event Queue.
2024-03-20 21:08:48,433 [main] INFO  server.StorageContainerManager (StorageContainerManager.java:stop(1742)) - Stopping SCM HA services.
2024-03-20 21:08:48,434 [main] INFO  ha.SCMRatisServerImpl (SCMRatisServerImpl.java:stop(257)) - stopping ratis server 0.0.0.0:15011
2024-03-20 21:08:48,434 [main] INFO  server.RaftServer (RaftServerProxy.java:lambda$close$9(416)) - be2411e5-a42d-476f-b25b-d7f87790d2c1: close
2024-03-20 21:08:48,434 [main] INFO  server.GrpcService (GrpcService.java:closeImpl(311)) - be2411e5-a42d-476f-b25b-d7f87790d2c1: shutdown server GrpcServerProtocolService now
2024-03-20 21:08:48,434 [be2411e5-a42d-476f-b25b-d7f87790d2c1-impl-thread1] INFO  server.RaftServer$Division (RaftServerImpl.java:lambda$close$3(526)) - be2411e5-a42d-476f-b25b-d7f87790d2c1@group-8B04330EF271: shutdown
2024-03-20 21:08:48,435 [be2411e5-a42d-476f-b25b-d7f87790d2c1-impl-thread1] INFO  util.JmxRegister (JmxRegister.java:unregister(73)) - Successfully un-registered JMX Bean with object name Ratis:service=RaftServer,group=group-8B04330EF271,id=be2411e5-a42d-476f-b25b-d7f87790d2c1
2024-03-20 21:08:48,436 [be2411e5-a42d-476f-b25b-d7f87790d2c1-impl-thread1] INFO  impl.RoleInfo (RoleInfo.java:shutdownFollowerState(110)) - be2411e5-a42d-476f-b25b-d7f87790d2c1: shutdown be2411e5-a42d-476f-b25b-d7f87790d2c1@group-8B04330EF271-FollowerState
2024-03-20 21:08:48,436 [be2411e5-a42d-476f-b25b-d7f87790d2c1-impl-thread1] INFO  impl.StateMachineUpdater (StateMachineUpdater.java:stopAndJoin(157)) - be2411e5-a42d-476f-b25b-d7f87790d2c1@group-8B04330EF271-StateMachineUpdater: set stopIndex = 101
2024-03-20 21:08:48,437 [be2411e5-a42d-476f-b25b-d7f87790d2c1@group-8B04330EF271-FollowerState] INFO  impl.FollowerState (FollowerState.java:run(152)) - be2411e5-a42d-476f-b25b-d7f87790d2c1@group-8B04330EF271-FollowerState was interrupted
2024-03-20 21:08:48,437 [be2411e5-a42d-476f-b25b-d7f87790d2c1@group-8B04330EF271-StateMachineUpdater] INFO  ha.SCMStateMachine (SCMStateMachine.java:takeSnapshot(331)) - Current Snapshot Index 101, takeSnapshot took 1 ms
2024-03-20 21:08:48,437 [be2411e5-a42d-476f-b25b-d7f87790d2c1@group-8B04330EF271-StateMachineUpdater] INFO  impl.StateMachineUpdater (StateMachineUpdater.java:takeSnapshot(295)) - be2411e5-a42d-476f-b25b-d7f87790d2c1@group-8B04330EF271-StateMachineUpdater: Took a snapshot at index 101
2024-03-20 21:08:48,437 [be2411e5-a42d-476f-b25b-d7f87790d2c1@group-8B04330EF271-StateMachineUpdater] INFO  impl.StateMachineUpdater (StateMachineUpdater.java:lambda$new$0(98)) - be2411e5-a42d-476f-b25b-d7f87790d2c1@group-8B04330EF271-StateMachineUpdater: snapshotIndex: updateIncreasingly -1 -> 101
2024-03-20 21:08:48,438 [be2411e5-a42d-476f-b25b-d7f87790d2c1@group-8B04330EF271-StateMachineUpdater] INFO  server.StorageContainerManager (StorageContainerManager.java:stop(1642)) - Storage Container Manager is not running.
2024-03-20 21:08:48,438 [be2411e5-a42d-476f-b25b-d7f87790d2c1@group-8B04330EF271-StateMachineUpdater] INFO  server.StorageContainerManager (StorageContainerManager.java:stopReplicationManager(1786)) - Stopping Replication Manager Service.
2024-03-20 21:08:48,438 [be2411e5-a42d-476f-b25b-d7f87790d2c1@group-8B04330EF271-StateMachineUpdater] INFO  replication.ReplicationManager (ReplicationManager.java:stop(338)) - Replication Monitor Thread is not running.
2024-03-20 21:08:48,438 [be2411e5-a42d-476f-b25b-d7f87790d2c1@group-8B04330EF271-StateMachineUpdater] INFO  server.StorageContainerManager (ExitUtils.java:terminate(131)) - Terminating with exit status 0: scm statemachine is closed by ratis, terminate SCM
2024-03-20 21:08:48,438 [be2411e5-a42d-476f-b25b-d7f87790d2c1@group-8B04330EF271-StateMachineUpdater] WARN  impl.StateMachineUpdater (StateMachineUpdater.java:stop(141)) - be2411e5-a42d-476f-b25b-d7f87790d2c1@group-8B04330EF271-StateMachineUpdater: Failed to close SCMStateMachine SCMStateMachine:be2411e5-a42d-476f-b25b-d7f87790d2c1:group-8B04330EF271
org.apache.ratis.util.ExitUtils$ExitException: scm statemachine is closed by ratis, terminate SCM
	at org.apache.ratis.util.ExitUtils.terminate(ExitUtils.java:141)
	at org.apache.ratis.util.ExitUtils.terminate(ExitUtils.java:151)
	at org.apache.ratis.util.ExitUtils.terminate(ExitUtils.java:155)
	at org.apache.hadoop.hdds.scm.server.StorageContainerManager.shutDown(StorageContainerManager.java:1796)
	at org.apache.hadoop.hdds.scm.ha.SCMStateMachine.close(SCMStateMachine.java:444)
	at org.apache.ratis.server.impl.StateMachineUpdater.stop(StateMachineUpdater.java:136)
	at org.apache.ratis.server.impl.StateMachineUpdater.run(StateMachineUpdater.java:191)
	at java.lang.Thread.run(Thread.java:750)
2024-03-20 21:08:48,441 [be2411e5-a42d-476f-b25b-d7f87790d2c1-impl-thread1] INFO  server.RaftServer$Division (ServerState.java:close(427)) - be2411e5-a42d-476f-b25b-d7f87790d2c1@group-8B04330EF271: applyIndex: 100
2024-03-20 21:08:48,442 [be2411e5-a42d-476f-b25b-d7f87790d2c1@group-8B04330EF271-cacheEviction-AwaitToRun] INFO  util.AwaitToRun (AwaitToRun.java:run(49)) - be2411e5-a42d-476f-b25b-d7f87790d2c1@group-8B04330EF271-cacheEviction-AwaitToRun-AwaitForSignal is interrupted
2024-03-20 21:08:48,443 [grpc-default-executor-4] WARN  server.GrpcServerProtocolService (LogUtils.java:warn(121)) - be2411e5-a42d-476f-b25b-d7f87790d2c1: APPEND_ENTRIES onError, lastRequest: null: org.apache.ratis.thirdparty.io.grpc.StatusRuntimeException: CANCELLED: client cancelled
2024-03-20 21:08:48,443 [main] INFO  server.GrpcService (GrpcService.java:closeImpl(320)) - be2411e5-a42d-476f-b25b-d7f87790d2c1: shutdown server GrpcServerProtocolService successfully
2024-03-20 21:08:48,443 [grpc-default-executor-1] WARN  server.GrpcServerProtocolService (LogUtils.java:warn(121)) - be2411e5-a42d-476f-b25b-d7f87790d2c1: APPEND_ENTRIES onError, lastRequest: 1ba87fbc-452a-4836-9768-c65c67837df8->be2411e5-a42d-476f-b25b-d7f87790d2c1#190-t2,previous=(t:2, i:101),leaderCommit=101,initializing? false,entries: size=1, first=(t:2, i:102), METADATAENTRY(c:101): org.apache.ratis.thirdparty.io.grpc.StatusRuntimeException: CANCELLED: client cancelled
2024-03-20 21:08:48,450 [grpc-default-executor-1] WARN  server.GrpcLogAppender (LogUtils.java:warn(121)) - 1ba87fbc-452a-4836-9768-c65c67837df8@group-8B04330EF271->be2411e5-a42d-476f-b25b-d7f87790d2c1-AppendLogResponseHandler: Failed appendEntries: org.apache.ratis.thirdparty.io.grpc.StatusRuntimeException: CANCELLED: RST_STREAM closed stream. HTTP/2 error code: CANCEL
2024-03-20 21:08:48,452 [grpc-default-executor-4] WARN  server.GrpcLogAppender (GrpcLogAppender.java:lambda$resetClient$1(217)) - 1ba87fbc-452a-4836-9768-c65c67837df8@group-8B04330EF271->be2411e5-a42d-476f-b25b-d7f87790d2c1-GrpcLogAppender: Follower failed (request=null, errorCount=1); keep nextIndex (103) unchanged and retry.
2024-03-20 21:08:48,778 [bf0d52d7-dce2-4f08-b148-c0add6164c5c-EndpointStateMachineTaskThread-/127.0.0.1:15012-0 ] WARN  statemachine.EndpointStateMachine (EndpointStateMachine.java:logIfNeeded(242)) - Unable to communicate to SCM server at localhost:15012 for past 0 seconds.
java.io.EOFException: End of File Exception between local host is: "fv-az1053-74/10.1.0.34"; destination host is: "localhost":15012; : java.io.EOFException; For more details see:  http://wiki.apache.org/hadoop/EOFException
	at sun.reflect.NativeConstructorAccessorImpl.newInstance0(Native Method)
	at sun.reflect.NativeConstructorAccessorImpl.newInstance(NativeConstructorAccessorImpl.java:62)
	at sun.reflect.DelegatingConstructorAccessorImpl.newInstance(DelegatingConstructorAccessorImpl.java:45)
	at java.lang.reflect.Constructor.newInstance(Constructor.java:423)
	at org.apache.hadoop.net.NetUtils.wrapWithMessage(NetUtils.java:930)
	at org.apache.hadoop.net.NetUtils.wrapException(NetUtils.java:879)
	at org.apache.hadoop.ipc.Client.getRpcResponse(Client.java:1571)
	at org.apache.hadoop.ipc.Client.call(Client.java:1513)
	at org.apache.hadoop.ipc.Client.call(Client.java:1410)
	at org.apache.hadoop.ipc.ProtobufRpcEngine$Invoker.invoke(ProtobufRpcEngine.java:250)
	at org.apache.hadoop.ipc.ProtobufRpcEngine$Invoker.invoke(ProtobufRpcEngine.java:132)
	at com.sun.proxy.$Proxy59.submitRequest(Unknown Source)
	at org.apache.hadoop.ozone.protocolPB.StorageContainerDatanodeProtocolClientSideTranslatorPB.submitRequest(StorageContainerDatanodeProtocolClientSideTranslatorPB.java:117)
	at org.apache.hadoop.ozone.protocolPB.StorageContainerDatanodeProtocolClientSideTranslatorPB.sendHeartbeat(StorageContainerDatanodeProtocolClientSideTranslatorPB.java:149)
	at org.apache.hadoop.ozone.container.common.states.endpoint.HeartbeatEndpointTask.call(HeartbeatEndpointTask.java:183)
	at org.apache.hadoop.ozone.container.common.states.endpoint.HeartbeatEndpointTask.call(HeartbeatEndpointTask.java:87)
	at java.util.concurrent.FutureTask.run(FutureTask.java:266)
	at java.util.concurrent.ThreadPoolExecutor.runWorker(ThreadPoolExecutor.java:1149)
	at java.util.concurrent.ThreadPoolExecutor$Worker.run(ThreadPoolExecutor.java:624)
	at java.lang.Thread.run(Thread.java:750)
Caused by: java.io.EOFException
	at java.io.DataInputStream.readInt(DataInputStream.java:392)
	at org.apache.hadoop.ipc.Client$IpcStreams.readResponse(Client.java:1906)
	at org.apache.hadoop.ipc.Client$Connection.receiveRpcResponse(Client.java:1187)
	at org.apache.hadoop.ipc.Client$Connection.run(Client.java:1078)
2024-03-20 21:08:49,273 [scmNode-1-SecretKeyManagerService] INFO  symmetric.SecretKeyManager (SecretKeyManager.java:checkAndRotate(125)) - SecretKey rotation is happening, new key generated SecretKey(id = 360a75b4-d25a-4b72-b0b0-f1b916f8ebf6, creation at: 2024-03-20T21:08:49.272Z, expire at: 2024-03-20T21:08:52.272Z)
2024-03-20 21:08:49,277 [1ba87fbc-452a-4836-9768-c65c67837df8@group-8B04330EF271-StateMachineUpdater] INFO  symmetric.SecretKeyStateImpl (SecretKeyStateImpl.java:updateKeysInternal(113)) - Updating keys with [SecretKey(id = c19fbb9c-fc0c-4d6c-b3e8-b8665369b251, creation at: 2024-03-20T21:08:48.272Z, expire at: 2024-03-20T21:08:51.272Z), SecretKey(id = d17e0349-8f5e-4ce4-9c01-5f576f953aa8, creation at: 2024-03-20T21:08:47.272Z, expire at: 2024-03-20T21:08:50.272Z), SecretKey(id = b612ddda-0dae-4ac6-bafe-b505e589941f, creation at: 2024-03-20T21:08:46.272Z, expire at: 2024-03-20T21:08:49.272Z), SecretKey(id = 360a75b4-d25a-4b72-b0b0-f1b916f8ebf6, creation at: 2024-03-20T21:08:49.272Z, expire at: 2024-03-20T21:08:52.272Z)]
2024-03-20 21:08:49,278 [1ba87fbc-452a-4836-9768-c65c67837df8@group-8B04330EF271-StateMachineUpdater] INFO  symmetric.SecretKeyStateImpl (SecretKeyStateImpl.java:updateKeysInternal(128)) - Current key updated SecretKey(id = 360a75b4-d25a-4b72-b0b0-f1b916f8ebf6, creation at: 2024-03-20T21:08:49.272Z, expire at: 2024-03-20T21:08:52.272Z)
2024-03-20 21:08:49,278 [1ba87fbc-452a-4836-9768-c65c67837df8@group-8B04330EF271-StateMachineUpdater] INFO  symmetric.LocalSecretKeyStore (LocalSecretKeyStore.java:save(109)) - Saved [SecretKey(id = 360a75b4-d25a-4b72-b0b0-f1b916f8ebf6, creation at: 2024-03-20T21:08:49.272Z, expire at: 2024-03-20T21:08:52.272Z), SecretKey(id = c19fbb9c-fc0c-4d6c-b3e8-b8665369b251, creation at: 2024-03-20T21:08:48.272Z, expire at: 2024-03-20T21:08:51.272Z), SecretKey(id = d17e0349-8f5e-4ce4-9c01-5f576f953aa8, creation at: 2024-03-20T21:08:47.272Z, expire at: 2024-03-20T21:08:50.272Z), SecretKey(id = b612ddda-0dae-4ac6-bafe-b505e589941f, creation at: 2024-03-20T21:08:46.272Z, expire at: 2024-03-20T21:08:49.272Z)] to file /home/runner/work/ozone/ozone/hadoop-ozone/integration-test/target/test-dir/MiniOzoneClusterImpl-bb4c8f07-45f9-422c-bd0c-8b04330ef271/scmNode-1/scm/keys/secret_keys.json
2024-03-20 21:08:49,280 [be2411e5-a42d-476f-b25b-d7f87790d2c1-impl-thread1] INFO  segmented.SegmentedRaftLogWorker (SegmentedRaftLogWorker.java:close(245)) - be2411e5-a42d-476f-b25b-d7f87790d2c1@group-8B04330EF271-SegmentedRaftLogWorker close()
2024-03-20 21:08:49,280 [JvmPauseMonitor2] INFO  util.JvmPauseMonitor (JvmPauseMonitor.java:run(152)) - JvmPauseMonitor-be2411e5-a42d-476f-b25b-d7f87790d2c1: Stopped
2024-03-20 21:08:49,281 [b12aa423-edbe-43b9-9e95-c7a538dfc443@group-8B04330EF271-StateMachineUpdater] INFO  symmetric.SecretKeyStateImpl (SecretKeyStateImpl.java:updateKeysInternal(113)) - Updating keys with [SecretKey(id = c19fbb9c-fc0c-4d6c-b3e8-b8665369b251, creation at: 2024-03-20T21:08:48.272Z, expire at: 2024-03-20T21:08:51.272Z), SecretKey(id = d17e0349-8f5e-4ce4-9c01-5f576f953aa8, creation at: 2024-03-20T21:08:47.272Z, expire at: 2024-03-20T21:08:50.272Z), SecretKey(id = b612ddda-0dae-4ac6-bafe-b505e589941f, creation at: 2024-03-20T21:08:46.272Z, expire at: 2024-03-20T21:08:49.272Z), SecretKey(id = 360a75b4-d25a-4b72-b0b0-f1b916f8ebf6, creation at: 2024-03-20T21:08:49.272Z, expire at: 2024-03-20T21:08:52.272Z)]
2024-03-20 21:08:49,281 [b12aa423-edbe-43b9-9e95-c7a538dfc443@group-8B04330EF271-StateMachineUpdater] INFO  symmetric.SecretKeyStateImpl (SecretKeyStateImpl.java:updateKeysInternal(128)) - Current key updated SecretKey(id = 360a75b4-d25a-4b72-b0b0-f1b916f8ebf6, creation at: 2024-03-20T21:08:49.272Z, expire at: 2024-03-20T21:08:52.272Z)
2024-03-20 21:08:49,282 [b12aa423-edbe-43b9-9e95-c7a538dfc443@group-8B04330EF271-StateMachineUpdater] INFO  symmetric.LocalSecretKeyStore (LocalSecretKeyStore.java:save(109)) - Saved [SecretKey(id = 360a75b4-d25a-4b72-b0b0-f1b916f8ebf6, creation at: 2024-03-20T21:08:49.272Z, expire at: 2024-03-20T21:08:52.272Z), SecretKey(id = c19fbb9c-fc0c-4d6c-b3e8-b8665369b251, creation at: 2024-03-20T21:08:48.272Z, expire at: 2024-03-20T21:08:51.272Z), SecretKey(id = d17e0349-8f5e-4ce4-9c01-5f576f953aa8, creation at: 2024-03-20T21:08:47.272Z, expire at: 2024-03-20T21:08:50.272Z), SecretKey(id = b612ddda-0dae-4ac6-bafe-b505e589941f, creation at: 2024-03-20T21:08:46.272Z, expire at: 2024-03-20T21:08:49.272Z)] to file /home/runner/work/ozone/ozone/hadoop-ozone/integration-test/target/test-dir/MiniOzoneClusterImpl-bb4c8f07-45f9-422c-bd0c-8b04330ef271/scmNode-3/scm/keys/secret_keys.json
2024-03-20 21:08:49,284 [main] INFO  SCMHATransactionMonitor (BackgroundSCMService.java:stop(128)) - Stopping SCMHATransactionMonitor Service.
2024-03-20 21:08:49,285 [main] INFO  pipeline.BackgroundPipelineCreator (BackgroundPipelineCreator.java:stop(152)) - Stopping scmNode-2-RatisPipelineUtilsThread.
2024-03-20 21:08:49,284 [scmNode-2-SCMHATransactionMonitor] WARN  SCMHATransactionMonitor (BackgroundSCMService.java:run(112)) - SCMHATransactionMonitor is interrupted, exit
2024-03-20 21:08:49,285 [scmNode-2-RatisPipelineUtilsThread-0] WARN  pipeline.BackgroundPipelineCreator (BackgroundPipelineCreator.java:run(183)) - scmNode-2-RatisPipelineUtilsThread is interrupted.
2024-03-20 21:08:49,285 [main] INFO  BackgroundPipelineScrubber (BackgroundSCMService.java:stop(128)) - Stopping BackgroundPipelineScrubber Service.
2024-03-20 21:08:49,286 [main] INFO  impl.MetricsSystemImpl (MetricsSystemImpl.java:stop(210)) - Stopping HddsDatanode metrics system...
2024-03-20 21:08:49,287 [scmNode-2-BackgroundPipelineScrubber] WARN  BackgroundPipelineScrubber (BackgroundSCMService.java:run(112)) - BackgroundPipelineScrubber is interrupted, exit
2024-03-20 21:08:49,292 [grpc-default-executor-2] WARN  server.GrpcLogAppender (GrpcLogAppender.java:lambda$resetClient$1(217)) - 1ba87fbc-452a-4836-9768-c65c67837df8@group-8B04330EF271->be2411e5-a42d-476f-b25b-d7f87790d2c1-GrpcLogAppender: Follower failed (request=null, errorCount=3); keep nextIndex (104) unchanged and retry.
2024-03-20 21:08:49,303 [prometheus] INFO  impl.MetricsSinkAdapter (MetricsSinkAdapter.java:publishMetricsFromQueue(141)) - prometheus thread interrupted.
2024-03-20 21:08:49,304 [main] INFO  impl.MetricsSystemImpl (MetricsSystemImpl.java:stop(216)) - HddsDatanode metrics system stopped.
2024-03-20 21:08:49,304 [grpc-default-executor-2] WARN  server.GrpcLogAppender (GrpcLogAppender.java:lambda$resetClient$1(217)) - 1ba87fbc-452a-4836-9768-c65c67837df8@group-8B04330EF271->be2411e5-a42d-476f-b25b-d7f87790d2c1-GrpcLogAppender: Follower failed (request=null, errorCount=5); keep nextIndex (105) unchanged and retry.
2024-03-20 21:08:49,304 [main] WARN  pipeline.BackgroundPipelineCreator (BackgroundPipelineCreator.java:stop(148)) - scmNode-2-RatisPipelineUtilsThread is not running, just ignore.
2024-03-20 21:08:49,305 [main] INFO  BackgroundPipelineScrubber (BackgroundSCMService.java:stop(123)) - BackgroundPipelineScrubber Service is not running, skip stop.
2024-03-20 21:08:49,305 [main] INFO  ExpiredContainerReplicaOpScrubber (BackgroundSCMService.java:stop(128)) - Stopping ExpiredContainerReplicaOpScrubber Service.
2024-03-20 21:08:49,305 [main] INFO  utils.BackgroundService (BackgroundService.java:shutdown(160)) - Shutting down service SCMBlockDeletingService
2024-03-20 21:08:49,305 [main] INFO  replication.ReplicationManager (ReplicationManager.java:stop(338)) - Replication Monitor Thread is not running.
2024-03-20 21:08:49,305 [main] WARN  balancer.ContainerBalancer (ContainerBalancer.java:stop(327)) - Cannot stop Container Balancer because it's not running or stopping
2024-03-20 21:08:49,306 [main] INFO  SCMHATransactionMonitor (BackgroundSCMService.java:stop(123)) - SCMHATransactionMonitor Service is not running, skip stop.
2024-03-20 21:08:49,306 [main] INFO  server.StorageContainerManager (StorageContainerManager.java:stop(1777)) - Stopping SCM MetadataStore.
2024-03-20 21:08:49,306 [scmNode-2-LeaseManager#LeaseMonitor] WARN  lease.LeaseManager (LeaseManager.java:run(287)) - Lease manager is interrupted. Shutting down...
java.lang.InterruptedException
	at java.util.concurrent.locks.AbstractQueuedSynchronizer.doAcquireSharedNanos(AbstractQueuedSynchronizer.java:1039)
	at java.util.concurrent.locks.AbstractQueuedSynchronizer.tryAcquireSharedNanos(AbstractQueuedSynchronizer.java:1328)
	at java.util.concurrent.Semaphore.tryAcquire(Semaphore.java:409)
	at org.apache.hadoop.ozone.lease.LeaseManager$LeaseMonitor.run(LeaseManager.java:285)
	at java.lang.Thread.run(Thread.java:750)
2024-03-20 21:08:49,308 [scmNode-2-ExpiredContainerReplicaOpScrubber] WARN  ExpiredContainerReplicaOpScrubber (BackgroundSCMService.java:run(112)) - ExpiredContainerReplicaOpScrubber is interrupted, exit
2024-03-20 21:08:49,308 [main] INFO  server.SCMSecurityProtocolServer (SCMSecurityProtocolServer.java:join(576)) - Join RPC server for SCMSecurityProtocolServer.
2024-03-20 21:08:49,308 [main] INFO  server.SCMSecurityProtocolServer (SCMSecurityProtocolServer.java:join(578)) - Join gRPC server for SCMSecurityProtocolServer.
2024-03-20 21:08:49,309 [main] INFO  ozone.MiniOzoneHAClusterImpl (MiniOzoneHAClusterImpl.java:stop(295)) - Stopping the StorageContainerManager b12aa423-edbe-43b9-9e95-c7a538dfc443
2024-03-20 21:08:49,309 [main] INFO  server.StorageContainerManager (StorageContainerManager.java:stop(1653)) - Container Balancer is not running.
2024-03-20 21:08:49,310 [main] INFO  server.StorageContainerManager (StorageContainerManager.java:stopReplicationManager(1786)) - Stopping Replication Manager Service.
2024-03-20 21:08:49,310 [main] INFO  replication.ReplicationManager (ReplicationManager.java:stop(328)) - Stopping Replication Monitor Thread.
2024-03-20 21:08:49,310 [scmNode-3-UnderReplicatedProcessor] WARN  replication.UnhealthyReplicationProcessor (UnhealthyReplicationProcessor.java:run(180)) - scmNode-3-UnderReplicatedProcessor interrupted. Exiting...
2024-03-20 21:08:49,310 [scmNode-3-OverReplicatedProcessor] WARN  replication.UnhealthyReplicationProcessor (UnhealthyReplicationProcessor.java:run(180)) - scmNode-3-OverReplicatedProcessor interrupted. Exiting...
2024-03-20 21:08:49,310 [main] INFO  server.StorageContainerManager (StorageContainerManager.java:stop(1662)) - Stopping the Datanode Admin Monitor.
2024-03-20 21:08:49,310 [scmNode-3-ReplicationMonitor] INFO  replication.ReplicationManager (ReplicationManager.java:run(935)) - Replication Monitor Thread is stopped
2024-03-20 21:08:49,311 [main] INFO  server.StorageContainerManager (StorageContainerManager.java:stop(1669)) - Stopping datanode service RPC server
2024-03-20 21:08:49,311 [main] INFO  server.SCMDatanodeProtocolServer (SCMDatanodeProtocolServer.java:stop(425)) - Stopping the RPC server for DataNodes
2024-03-20 21:08:49,311 [main] INFO  ipc.Server (Server.java:stop(3523)) - Stopping server on 15020
2024-03-20 21:08:49,316 [IPC Server listener on 15020] INFO  ipc.Server (Server.java:run(1434)) - Stopping IPC Server listener on 15020
2024-03-20 21:08:49,318 [IPC Server Responder] INFO  ipc.Server (Server.java:run(1567)) - Stopping IPC Server Responder
2024-03-20 21:08:49,373 [SecretKeyPoller] INFO  symmetric.DefaultSecretKeySignerClient (DefaultSecretKeySignerClient.java:checkAndRefresh(167)) - New secret key fetched from SCM: SecretKey(id = 360a75b4-d25a-4b72-b0b0-f1b916f8ebf6, creation at: 2024-03-20T21:08:49.272Z, expire at: 2024-03-20T21:08:52.272Z).
2024-03-20 21:08:49,374 [SecretKeyPoller] INFO  symmetric.DefaultSecretKeySignerClient (DefaultSecretKeySignerClient.java:checkAndRefresh(167)) - New secret key fetched from SCM: SecretKey(id = 360a75b4-d25a-4b72-b0b0-f1b916f8ebf6, creation at: 2024-03-20T21:08:49.272Z, expire at: 2024-03-20T21:08:52.272Z).
2024-03-20 21:08:49,374 [SecretKeyPoller] INFO  symmetric.DefaultSecretKeySignerClient (DefaultSecretKeySignerClient.java:checkAndRefresh(167)) - New secret key fetched from SCM: SecretKey(id = 360a75b4-d25a-4b72-b0b0-f1b916f8ebf6, creation at: 2024-03-20T21:08:49.272Z, expire at: 2024-03-20T21:08:52.272Z).
2024-03-20 21:08:49,378 [98cad3d9-1aaa-47a5-be17-9665075729ab-EndpointStateMachineTaskThread-/127.0.0.1:15020-0 ] WARN  statemachine.EndpointStateMachine (EndpointStateMachine.java:logIfNeeded(242)) - Unable to communicate to SCM server at localhost:15020 for past 0 seconds.
java.io.EOFException: End of File Exception between local host is: "fv-az1053-74/10.1.0.34"; destination host is: "localhost":15020; : java.io.EOFException; For more details see:  http://wiki.apache.org/hadoop/EOFException
	at sun.reflect.NativeConstructorAccessorImpl.newInstance0(Native Method)
	at sun.reflect.NativeConstructorAccessorImpl.newInstance(NativeConstructorAccessorImpl.java:62)
	at sun.reflect.DelegatingConstructorAccessorImpl.newInstance(DelegatingConstructorAccessorImpl.java:45)
	at java.lang.reflect.Constructor.newInstance(Constructor.java:423)
	at org.apache.hadoop.net.NetUtils.wrapWithMessage(NetUtils.java:930)
	at org.apache.hadoop.net.NetUtils.wrapException(NetUtils.java:879)
	at org.apache.hadoop.ipc.Client.getRpcResponse(Client.java:1571)
	at org.apache.hadoop.ipc.Client.call(Client.java:1513)
	at org.apache.hadoop.ipc.Client.call(Client.java:1410)
	at org.apache.hadoop.ipc.ProtobufRpcEngine$Invoker.invoke(ProtobufRpcEngine.java:250)
	at org.apache.hadoop.ipc.ProtobufRpcEngine$Invoker.invoke(ProtobufRpcEngine.java:132)
	at com.sun.proxy.$Proxy59.submitRequest(Unknown Source)
	at org.apache.hadoop.ozone.protocolPB.StorageContainerDatanodeProtocolClientSideTranslatorPB.submitRequest(StorageContainerDatanodeProtocolClientSideTranslatorPB.java:117)
	at org.apache.hadoop.ozone.protocolPB.StorageContainerDatanodeProtocolClientSideTranslatorPB.sendHeartbeat(StorageContainerDatanodeProtocolClientSideTranslatorPB.java:149)
	at org.apache.hadoop.ozone.container.common.states.endpoint.HeartbeatEndpointTask.call(HeartbeatEndpointTask.java:183)
	at org.apache.hadoop.ozone.container.common.states.endpoint.HeartbeatEndpointTask.call(HeartbeatEndpointTask.java:87)
	at java.util.concurrent.FutureTask.run(FutureTask.java:266)
	at java.util.concurrent.ThreadPoolExecutor.runWorker(ThreadPoolExecutor.java:1149)
	at java.util.concurrent.ThreadPoolExecutor$Worker.run(ThreadPoolExecutor.java:624)
	at java.lang.Thread.run(Thread.java:750)
Caused by: java.io.EOFException
	at java.io.DataInputStream.readInt(DataInputStream.java:392)
	at org.apache.hadoop.ipc.Client$IpcStreams.readResponse(Client.java:1906)
	at org.apache.hadoop.ipc.Client$Connection.receiveRpcResponse(Client.java:1187)
	at org.apache.hadoop.ipc.Client$Connection.run(Client.java:1078)
2024-03-20 21:08:49,406 [scmNode-3-SCMHeartbeatProcessor-0] WARN  node.NodeStateManager (NodeStateManager.java:scheduleNextHealthCheck(878)) - Current Thread is interrupted, shutting down HB processing thread for Node Manager.
2024-03-20 21:08:49,406 [main] INFO  server.StorageContainerManager (StorageContainerManager.java:stop(1677)) - Stopping block service RPC server
2024-03-20 21:08:49,406 [main] INFO  server.SCMBlockProtocolServer (SCMBlockProtocolServer.java:stop(171)) - Stopping the RPC server for Block Protocol
2024-03-20 21:08:49,406 [main] INFO  ipc.Server (Server.java:stop(3523)) - Stopping server on 15023
2024-03-20 21:08:49,408 [IPC Server listener on 15023] INFO  ipc.Server (Server.java:run(1434)) - Stopping IPC Server listener on 15023
2024-03-20 21:08:49,408 [IPC Server Responder] INFO  ipc.Server (Server.java:run(1567)) - Stopping IPC Server Responder
2024-03-20 21:08:49,409 [main] INFO  server.StorageContainerManager (StorageContainerManager.java:stop(1684)) - Stopping the StorageContainerLocationProtocol RPC server
2024-03-20 21:08:49,410 [main] INFO  server.SCMClientProtocolServer (SCMClientProtocolServer.java:stop(213)) - Stopping the RPC server for Client Protocol
2024-03-20 21:08:49,411 [main] INFO  ipc.Server (Server.java:stop(3523)) - Stopping server on 15021
2024-03-20 21:08:49,415 [IPC Server listener on 15021] INFO  ipc.Server (Server.java:run(1434)) - Stopping IPC Server listener on 15021
2024-03-20 21:08:49,416 [IPC Server Responder] INFO  ipc.Server (Server.java:run(1567)) - Stopping IPC Server Responder
2024-03-20 21:08:49,417 [main] INFO  server.StorageContainerManager (StorageContainerManager.java:stop(1691)) - Stopping Storage Container Manager HTTP server.
2024-03-20 21:08:49,417 [main] INFO  handler.ContextHandler (ContextHandler.java:doStop(1159)) - Stopped o.e.j.w.WebAppContext@2aa43751{scm,/,null,STOPPED}{file:/home/runner/work/ozone/ozone/hadoop-ozone/integration-test/target/test-classes/webapps/scm}
2024-03-20 21:08:49,418 [main] INFO  server.AbstractConnector (AbstractConnector.java:doStop(383)) - Stopped ServerConnector@229e9280{HTTP/1.1, (http/1.1)}{0.0.0.0:15016}
2024-03-20 21:08:49,419 [main] INFO  server.session (HouseKeeper.java:stopScavenging(149)) - node0 Stopped scavenging
2024-03-20 21:08:49,419 [main] INFO  handler.ContextHandler (ContextHandler.java:doStop(1159)) - Stopped o.e.j.s.ServletContextHandler@445ec339{static,/static,file:///home/runner/work/ozone/ozone/hadoop-ozone/integration-test/target/test-classes/webapps/static,STOPPED}
2024-03-20 21:08:49,419 [main] INFO  handler.ContextHandler (ContextHandler.java:doStop(1159)) - Stopped o.e.j.s.ServletContextHandler@7b4b2dcd{logs,/logs,file:///home/runner/work/ozone/ozone/hadoop-ozone/integration-test/target/log,STOPPED}
2024-03-20 21:08:49,420 [main] INFO  server.StorageContainerManager (StorageContainerManager.java:stop(1699)) - Stopping SCM LayoutVersionManager Service.
2024-03-20 21:08:49,420 [main] INFO  server.SCMSecurityProtocolServer (SCMSecurityProtocolServer.java:stop(566)) - Stopping the SCMSecurityProtocolServer.
2024-03-20 21:08:49,420 [main] INFO  ipc.Server (Server.java:stop(3523)) - Stopping server on 15018
2024-03-20 21:08:49,422 [IPC Server listener on 15018] INFO  ipc.Server (Server.java:run(1434)) - Stopping IPC Server listener on 15018
2024-03-20 21:08:49,424 [main] INFO  server.SCMUpdateServiceGrpcServer (SCMUpdateServiceGrpcServer.java:stop(73)) - SCMUpdateService stopping
2024-03-20 21:08:49,424 [IPC Server Responder] INFO  ipc.Server (Server.java:run(1567)) - Stopping IPC Server Responder
2024-03-20 21:08:49,424 [main] INFO  server.SCMUpdateServiceGrpcServer (SCMUpdateServiceGrpcServer.java:stop(85)) - SCMUpdateService stopped!
2024-03-20 21:08:49,424 [main] INFO  server.StorageContainerManager (StorageContainerManager.java:stop(1711)) - Stopping Block Manager Service.
2024-03-20 21:08:49,425 [main] INFO  utils.BackgroundService (BackgroundService.java:shutdown(160)) - Shutting down service SCMBlockDeletingService
2024-03-20 21:08:49,425 [main] INFO  utils.BackgroundService (BackgroundService.java:shutdown(160)) - Shutting down service SCMBlockDeletingService
2024-03-20 21:08:49,425 [main] INFO  server.StorageContainerManager (StorageContainerManager.java:stop(1731)) - Stopping SCM Event Queue.
2024-03-20 21:08:49,426 [main] INFO  server.StorageContainerManager (StorageContainerManager.java:stop(1742)) - Stopping SCM HA services.
2024-03-20 21:08:49,426 [main] INFO  ha.SCMRatisServerImpl (SCMRatisServerImpl.java:stop(257)) - stopping ratis server 0.0.0.0:15019
2024-03-20 21:08:49,427 [main] INFO  server.RaftServer (RaftServerProxy.java:lambda$close$9(416)) - b12aa423-edbe-43b9-9e95-c7a538dfc443: close
2024-03-20 21:08:49,427 [main] INFO  server.GrpcService (GrpcService.java:closeImpl(311)) - b12aa423-edbe-43b9-9e95-c7a538dfc443: shutdown server GrpcServerProtocolService now
2024-03-20 21:08:49,427 [b12aa423-edbe-43b9-9e95-c7a538dfc443-impl-thread1] INFO  server.RaftServer$Division (RaftServerImpl.java:lambda$close$3(526)) - b12aa423-edbe-43b9-9e95-c7a538dfc443@group-8B04330EF271: shutdown
2024-03-20 21:08:49,428 [b12aa423-edbe-43b9-9e95-c7a538dfc443-impl-thread1] INFO  util.JmxRegister (JmxRegister.java:unregister(73)) - Successfully un-registered JMX Bean with object name Ratis:service=RaftServer,group=group-8B04330EF271,id=b12aa423-edbe-43b9-9e95-c7a538dfc443
2024-03-20 21:08:49,428 [b12aa423-edbe-43b9-9e95-c7a538dfc443-impl-thread1] INFO  impl.RoleInfo (RoleInfo.java:shutdownFollowerState(110)) - b12aa423-edbe-43b9-9e95-c7a538dfc443: shutdown b12aa423-edbe-43b9-9e95-c7a538dfc443@group-8B04330EF271-FollowerState
2024-03-20 21:08:49,428 [b12aa423-edbe-43b9-9e95-c7a538dfc443-impl-thread1] INFO  impl.StateMachineUpdater (StateMachineUpdater.java:stopAndJoin(157)) - b12aa423-edbe-43b9-9e95-c7a538dfc443@group-8B04330EF271-StateMachineUpdater: set stopIndex = 103
2024-03-20 21:08:49,428 [b12aa423-edbe-43b9-9e95-c7a538dfc443@group-8B04330EF271-FollowerState] INFO  impl.FollowerState (FollowerState.java:run(152)) - b12aa423-edbe-43b9-9e95-c7a538dfc443@group-8B04330EF271-FollowerState was interrupted
2024-03-20 21:08:49,432 [grpc-default-executor-2] WARN  server.GrpcServerProtocolService (LogUtils.java:warn(121)) - b12aa423-edbe-43b9-9e95-c7a538dfc443: APPEND_ENTRIES onError, lastRequest: null: org.apache.ratis.thirdparty.io.grpc.StatusRuntimeException: CANCELLED: client cancelled
2024-03-20 21:08:49,430 [grpc-default-executor-7] WARN  server.GrpcServerProtocolService (LogUtils.java:warn(121)) - b12aa423-edbe-43b9-9e95-c7a538dfc443: APPEND_ENTRIES onError, lastRequest: 1ba87fbc-452a-4836-9768-c65c67837df8->b12aa423-edbe-43b9-9e95-c7a538dfc443#175-t2,previous=(t:2, i:103),leaderCommit=103,initializing? false,entries: size=1, first=(t:2, i:104), METADATAENTRY(c:103): org.apache.ratis.thirdparty.io.grpc.StatusRuntimeException: CANCELLED: client cancelled
2024-03-20 21:08:49,430 [grpc-default-executor-5] WARN  server.GrpcLogAppender (LogUtils.java:warn(121)) - 1ba87fbc-452a-4836-9768-c65c67837df8@group-8B04330EF271->b12aa423-edbe-43b9-9e95-c7a538dfc443-AppendLogResponseHandler: Failed appendEntries: org.apache.ratis.thirdparty.io.grpc.StatusRuntimeException: CANCELLED: RST_STREAM closed stream. HTTP/2 error code: CANCEL
2024-03-20 21:08:49,436 [b12aa423-edbe-43b9-9e95-c7a538dfc443@group-8B04330EF271-StateMachineUpdater] INFO  ha.SCMStateMachine (SCMStateMachine.java:takeSnapshot(331)) - Current Snapshot Index 103, takeSnapshot took 9 ms
2024-03-20 21:08:49,436 [main] INFO  server.GrpcService (GrpcService.java:closeImpl(320)) - b12aa423-edbe-43b9-9e95-c7a538dfc443: shutdown server GrpcServerProtocolService successfully
2024-03-20 21:08:49,437 [b12aa423-edbe-43b9-9e95-c7a538dfc443@group-8B04330EF271-StateMachineUpdater] INFO  impl.StateMachineUpdater (StateMachineUpdater.java:takeSnapshot(295)) - b12aa423-edbe-43b9-9e95-c7a538dfc443@group-8B04330EF271-StateMachineUpdater: Took a snapshot at index 103
2024-03-20 21:08:49,437 [b12aa423-edbe-43b9-9e95-c7a538dfc443@group-8B04330EF271-StateMachineUpdater] INFO  impl.StateMachineUpdater (StateMachineUpdater.java:lambda$new$0(98)) - b12aa423-edbe-43b9-9e95-c7a538dfc443@group-8B04330EF271-StateMachineUpdater: snapshotIndex: updateIncreasingly -1 -> 103
2024-03-20 21:08:49,437 [b12aa423-edbe-43b9-9e95-c7a538dfc443@group-8B04330EF271-StateMachineUpdater] INFO  server.StorageContainerManager (StorageContainerManager.java:stop(1642)) - Storage Container Manager is not running.
2024-03-20 21:08:49,437 [b12aa423-edbe-43b9-9e95-c7a538dfc443@group-8B04330EF271-StateMachineUpdater] INFO  server.StorageContainerManager (StorageContainerManager.java:stopReplicationManager(1786)) - Stopping Replication Manager Service.
2024-03-20 21:08:49,437 [b12aa423-edbe-43b9-9e95-c7a538dfc443@group-8B04330EF271-StateMachineUpdater] INFO  replication.ReplicationManager (ReplicationManager.java:stop(338)) - Replication Monitor Thread is not running.
2024-03-20 21:08:49,437 [b12aa423-edbe-43b9-9e95-c7a538dfc443@group-8B04330EF271-StateMachineUpdater] INFO  server.StorageContainerManager (ExitUtils.java:terminate(131)) - Terminating with exit status 0: scm statemachine is closed by ratis, terminate SCM
2024-03-20 21:08:49,438 [b12aa423-edbe-43b9-9e95-c7a538dfc443@group-8B04330EF271-StateMachineUpdater] WARN  impl.StateMachineUpdater (StateMachineUpdater.java:stop(141)) - b12aa423-edbe-43b9-9e95-c7a538dfc443@group-8B04330EF271-StateMachineUpdater: Failed to close SCMStateMachine SCMStateMachine:b12aa423-edbe-43b9-9e95-c7a538dfc443:group-8B04330EF271
org.apache.ratis.util.ExitUtils$ExitException: scm statemachine is closed by ratis, terminate SCM
	at org.apache.ratis.util.ExitUtils.terminate(ExitUtils.java:141)
	at org.apache.ratis.util.ExitUtils.terminate(ExitUtils.java:151)
	at org.apache.ratis.util.ExitUtils.terminate(ExitUtils.java:155)
	at org.apache.hadoop.hdds.scm.server.StorageContainerManager.shutDown(StorageContainerManager.java:1796)
	at org.apache.hadoop.hdds.scm.ha.SCMStateMachine.close(SCMStateMachine.java:444)
	at org.apache.ratis.server.impl.StateMachineUpdater.stop(StateMachineUpdater.java:136)
	at org.apache.ratis.server.impl.StateMachineUpdater.run(StateMachineUpdater.java:191)
	at java.lang.Thread.run(Thread.java:750)
2024-03-20 21:08:49,438 [b12aa423-edbe-43b9-9e95-c7a538dfc443-impl-thread1] INFO  server.RaftServer$Division (ServerState.java:close(427)) - b12aa423-edbe-43b9-9e95-c7a538dfc443@group-8B04330EF271: applyIndex: 102
2024-03-20 21:08:49,437 [grpc-default-executor-5] WARN  server.GrpcLogAppender (GrpcLogAppender.java:lambda$resetClient$1(217)) - 1ba87fbc-452a-4836-9768-c65c67837df8@group-8B04330EF271->b12aa423-edbe-43b9-9e95-c7a538dfc443-GrpcLogAppender: Follower failed (request=null, errorCount=1); keep nextIndex (105) unchanged and retry.
2024-03-20 21:08:49,438 [b12aa423-edbe-43b9-9e95-c7a538dfc443@group-8B04330EF271-cacheEviction-AwaitToRun] INFO  util.AwaitToRun (AwaitToRun.java:run(49)) - b12aa423-edbe-43b9-9e95-c7a538dfc443@group-8B04330EF271-cacheEviction-AwaitToRun-AwaitForSignal is interrupted
2024-03-20 21:08:49,777 [bf0d52d7-dce2-4f08-b148-c0add6164c5c-EndpointStateMachineTaskThread-/127.0.0.1:15020-0 ] WARN  statemachine.EndpointStateMachine (EndpointStateMachine.java:logIfNeeded(242)) - Unable to communicate to SCM server at localhost:15020 for past 0 seconds.
java.io.EOFException: End of File Exception between local host is: "fv-az1053-74/10.1.0.34"; destination host is: "localhost":15020; : java.io.EOFException; For more details see:  http://wiki.apache.org/hadoop/EOFException
	at sun.reflect.NativeConstructorAccessorImpl.newInstance0(Native Method)
	at sun.reflect.NativeConstructorAccessorImpl.newInstance(NativeConstructorAccessorImpl.java:62)
	at sun.reflect.DelegatingConstructorAccessorImpl.newInstance(DelegatingConstructorAccessorImpl.java:45)
	at java.lang.reflect.Constructor.newInstance(Constructor.java:423)
	at org.apache.hadoop.net.NetUtils.wrapWithMessage(NetUtils.java:930)
	at org.apache.hadoop.net.NetUtils.wrapException(NetUtils.java:879)
	at org.apache.hadoop.ipc.Client.getRpcResponse(Client.java:1571)
	at org.apache.hadoop.ipc.Client.call(Client.java:1513)
	at org.apache.hadoop.ipc.Client.call(Client.java:1410)
	at org.apache.hadoop.ipc.ProtobufRpcEngine$Invoker.invoke(ProtobufRpcEngine.java:250)
	at org.apache.hadoop.ipc.ProtobufRpcEngine$Invoker.invoke(ProtobufRpcEngine.java:132)
	at com.sun.proxy.$Proxy59.submitRequest(Unknown Source)
	at org.apache.hadoop.ozone.protocolPB.StorageContainerDatanodeProtocolClientSideTranslatorPB.submitRequest(StorageContainerDatanodeProtocolClientSideTranslatorPB.java:117)
	at org.apache.hadoop.ozone.protocolPB.StorageContainerDatanodeProtocolClientSideTranslatorPB.sendHeartbeat(StorageContainerDatanodeProtocolClientSideTranslatorPB.java:149)
	at org.apache.hadoop.ozone.container.common.states.endpoint.HeartbeatEndpointTask.call(HeartbeatEndpointTask.java:183)
	at org.apache.hadoop.ozone.container.common.states.endpoint.HeartbeatEndpointTask.call(HeartbeatEndpointTask.java:87)
	at java.util.concurrent.FutureTask.run(FutureTask.java:266)
	at java.util.concurrent.ThreadPoolExecutor.runWorker(ThreadPoolExecutor.java:1149)
	at java.util.concurrent.ThreadPoolExecutor$Worker.run(ThreadPoolExecutor.java:624)
	at java.lang.Thread.run(Thread.java:750)
Caused by: java.io.EOFException
	at java.io.DataInputStream.readInt(DataInputStream.java:392)
	at org.apache.hadoop.ipc.Client$IpcStreams.readResponse(Client.java:1906)
	at org.apache.hadoop.ipc.Client$Connection.receiveRpcResponse(Client.java:1187)
	at org.apache.hadoop.ipc.Client$Connection.run(Client.java:1078)
2024-03-20 21:08:50,016 [dcffae99-659e-451a-8106-d35894ce685d-DatanodeStateMachineDaemonThread] ERROR datanode.RunningDatanodeState (RunningDatanodeState.java:computeNextContainerState(207)) - Error in executing end point task.
java.util.concurrent.ExecutionException: java.util.concurrent.TimeoutException
	at java.util.concurrent.FutureTask.report(FutureTask.java:122)
	at java.util.concurrent.FutureTask.get(FutureTask.java:192)
	at org.apache.hadoop.ozone.container.common.states.datanode.RunningDatanodeState.computeNextContainerState(RunningDatanodeState.java:199)
	at org.apache.hadoop.ozone.container.common.states.datanode.RunningDatanodeState.await(RunningDatanodeState.java:239)
	at org.apache.hadoop.ozone.container.common.states.datanode.RunningDatanodeState.await(RunningDatanodeState.java:50)
	at org.apache.hadoop.ozone.container.common.statemachine.StateContext.execute(StateContext.java:682)
	at org.apache.hadoop.ozone.container.common.statemachine.DatanodeStateMachine.startStateMachineThread(DatanodeStateMachine.java:354)
	at org.apache.hadoop.ozone.container.common.statemachine.DatanodeStateMachine.lambda$startDaemon$1(DatanodeStateMachine.java:556)
	at java.lang.Thread.run(Thread.java:750)
Caused by: java.util.concurrent.TimeoutException
	at java.util.concurrent.FutureTask.get(FutureTask.java:205)
	at org.apache.hadoop.ozone.container.common.states.datanode.RunningDatanodeState.lambda$execute$0(RunningDatanodeState.java:157)
	at java.util.concurrent.FutureTask.run(FutureTask.java:266)
	at java.util.concurrent.Executors$RunnableAdapter.call(Executors.java:511)
	at java.util.concurrent.FutureTask.run(FutureTask.java:266)
	at java.util.concurrent.ThreadPoolExecutor.runWorker(ThreadPoolExecutor.java:1149)
	at java.util.concurrent.ThreadPoolExecutor$Worker.run(ThreadPoolExecutor.java:624)
	... 1 more
2024-03-20 21:08:50,017 [dcffae99-659e-451a-8106-d35894ce685d-EndpointStateMachineTaskThread-/127.0.0.1:15012-0 ] INFO  ipc.Client (Client.java:handleConnectionFailure(950)) - Retrying connect to server: localhost/127.0.0.1:15012. Already tried 0 time(s); retry policy is RetryUpToMaximumCountWithFixedSleep(maxRetries=15, sleepTime=1000 MILLISECONDS)
2024-03-20 21:08:50,272 [scmNode-1-SecretKeyManagerService] INFO  symmetric.SecretKeyManager (SecretKeyManager.java:checkAndRotate(125)) - SecretKey rotation is happening, new key generated SecretKey(id = 468db572-3750-4e4e-8153-dc6374fee563, creation at: 2024-03-20T21:08:50.272Z, expire at: 2024-03-20T21:08:53.272Z)
2024-03-20 21:08:50,274 [grpc-default-executor-4] WARN  server.GrpcLogAppender (GrpcLogAppender.java:lambda$resetClient$1(217)) - 1ba87fbc-452a-4836-9768-c65c67837df8@group-8B04330EF271->be2411e5-a42d-476f-b25b-d7f87790d2c1-GrpcLogAppender: Follower failed (request=null, errorCount=7); keep nextIndex (106) unchanged and retry.
2024-03-20 21:08:50,277 [grpc-default-executor-5] WARN  server.GrpcLogAppender (GrpcLogAppender.java:lambda$resetClient$1(217)) - 1ba87fbc-452a-4836-9768-c65c67837df8@group-8B04330EF271->b12aa423-edbe-43b9-9e95-c7a538dfc443-GrpcLogAppender: Follower failed (request=null, errorCount=3); keep nextIndex (106) unchanged and retry.
2024-03-20 21:08:50,282 [b12aa423-edbe-43b9-9e95-c7a538dfc443-impl-thread1] INFO  segmented.SegmentedRaftLogWorker (SegmentedRaftLogWorker.java:close(245)) - b12aa423-edbe-43b9-9e95-c7a538dfc443@group-8B04330EF271-SegmentedRaftLogWorker close()
2024-03-20 21:08:50,283 [JvmPauseMonitor3] INFO  util.JvmPauseMonitor (JvmPauseMonitor.java:run(152)) - JvmPauseMonitor-b12aa423-edbe-43b9-9e95-c7a538dfc443: Stopped
2024-03-20 21:08:50,283 [main] INFO  SCMHATransactionMonitor (BackgroundSCMService.java:stop(128)) - Stopping SCMHATransactionMonitor Service.
2024-03-20 21:08:50,283 [scmNode-3-SCMHATransactionMonitor] WARN  SCMHATransactionMonitor (BackgroundSCMService.java:run(112)) - SCMHATransactionMonitor is interrupted, exit
2024-03-20 21:08:50,283 [main] INFO  pipeline.BackgroundPipelineCreator (BackgroundPipelineCreator.java:stop(152)) - Stopping scmNode-3-RatisPipelineUtilsThread.
2024-03-20 21:08:50,284 [scmNode-3-RatisPipelineUtilsThread-0] WARN  pipeline.BackgroundPipelineCreator (BackgroundPipelineCreator.java:run(183)) - scmNode-3-RatisPipelineUtilsThread is interrupted.
2024-03-20 21:08:50,284 [main] INFO  BackgroundPipelineScrubber (BackgroundSCMService.java:stop(128)) - Stopping BackgroundPipelineScrubber Service.
2024-03-20 21:08:50,284 [scmNode-3-BackgroundPipelineScrubber] WARN  BackgroundPipelineScrubber (BackgroundSCMService.java:run(112)) - BackgroundPipelineScrubber is interrupted, exit
2024-03-20 21:08:50,284 [main] INFO  impl.MetricsSystemImpl (MetricsSystemImpl.java:stop(205)) - HddsDatanode metrics system stopped (again)
2024-03-20 21:08:50,284 [main] WARN  pipeline.BackgroundPipelineCreator (BackgroundPipelineCreator.java:stop(148)) - scmNode-3-RatisPipelineUtilsThread is not running, just ignore.
2024-03-20 21:08:50,285 [main] INFO  BackgroundPipelineScrubber (BackgroundSCMService.java:stop(123)) - BackgroundPipelineScrubber Service is not running, skip stop.
2024-03-20 21:08:50,285 [main] INFO  ExpiredContainerReplicaOpScrubber (BackgroundSCMService.java:stop(128)) - Stopping ExpiredContainerReplicaOpScrubber Service.
2024-03-20 21:08:50,285 [scmNode-3-ExpiredContainerReplicaOpScrubber] WARN  ExpiredContainerReplicaOpScrubber (BackgroundSCMService.java:run(112)) - ExpiredContainerReplicaOpScrubber is interrupted, exit
2024-03-20 21:08:50,285 [main] INFO  utils.BackgroundService (BackgroundService.java:shutdown(160)) - Shutting down service SCMBlockDeletingService
2024-03-20 21:08:50,285 [main] INFO  replication.ReplicationManager (ReplicationManager.java:stop(338)) - Replication Monitor Thread is not running.
2024-03-20 21:08:50,285 [main] WARN  balancer.ContainerBalancer (ContainerBalancer.java:stop(327)) - Cannot stop Container Balancer because it's not running or stopping
2024-03-20 21:08:50,285 [main] INFO  SCMHATransactionMonitor (BackgroundSCMService.java:stop(123)) - SCMHATransactionMonitor Service is not running, skip stop.
2024-03-20 21:08:50,286 [scmNode-3-LeaseManager#LeaseMonitor] WARN  lease.LeaseManager (LeaseManager.java:run(287)) - Lease manager is interrupted. Shutting down...
java.lang.InterruptedException
	at java.util.concurrent.locks.AbstractQueuedSynchronizer.doAcquireSharedNanos(AbstractQueuedSynchronizer.java:1039)
	at java.util.concurrent.locks.AbstractQueuedSynchronizer.tryAcquireSharedNanos(AbstractQueuedSynchronizer.java:1328)
	at java.util.concurrent.Semaphore.tryAcquire(Semaphore.java:409)
	at org.apache.hadoop.ozone.lease.LeaseManager$LeaseMonitor.run(LeaseManager.java:285)
	at java.lang.Thread.run(Thread.java:750)
2024-03-20 21:08:50,286 [main] INFO  server.StorageContainerManager (StorageContainerManager.java:stop(1777)) - Stopping SCM MetadataStore.
2024-03-20 21:08:50,287 [main] INFO  server.SCMSecurityProtocolServer (SCMSecurityProtocolServer.java:join(576)) - Join RPC server for SCMSecurityProtocolServer.
2024-03-20 21:08:50,287 [main] INFO  server.SCMSecurityProtocolServer (SCMSecurityProtocolServer.java:join(578)) - Join gRPC server for SCMSecurityProtocolServer.
2024-03-20 21:08:50,287 [main] INFO  ozone.MiniOzoneHAClusterImpl (MiniOzoneHAClusterImpl.java:stop(295)) - Stopping the StorageContainerManager 1ba87fbc-452a-4836-9768-c65c67837df8
2024-03-20 21:08:50,287 [main] INFO  server.StorageContainerManager (StorageContainerManager.java:stop(1653)) - Container Balancer is not running.
2024-03-20 21:08:50,287 [main] INFO  server.StorageContainerManager (StorageContainerManager.java:stopReplicationManager(1786)) - Stopping Replication Manager Service.
2024-03-20 21:08:50,287 [main] INFO  replication.ReplicationManager (ReplicationManager.java:stop(328)) - Stopping Replication Monitor Thread.
2024-03-20 21:08:50,288 [scmNode-1-UnderReplicatedProcessor] WARN  replication.UnhealthyReplicationProcessor (UnhealthyReplicationProcessor.java:run(180)) - scmNode-1-UnderReplicatedProcessor interrupted. Exiting...
2024-03-20 21:08:50,288 [scmNode-1-ReplicationMonitor] INFO  replication.ReplicationManager (ReplicationManager.java:run(935)) - Replication Monitor Thread is stopped
2024-03-20 21:08:50,288 [scmNode-1-OverReplicatedProcessor] WARN  replication.UnhealthyReplicationProcessor (UnhealthyReplicationProcessor.java:run(180)) - scmNode-1-OverReplicatedProcessor interrupted. Exiting...
2024-03-20 21:08:50,288 [main] INFO  server.StorageContainerManager (StorageContainerManager.java:stop(1662)) - Stopping the Datanode Admin Monitor.
2024-03-20 21:08:50,288 [main] INFO  server.StorageContainerManager (StorageContainerManager.java:stop(1669)) - Stopping datanode service RPC server
2024-03-20 21:08:50,288 [main] INFO  server.SCMDatanodeProtocolServer (SCMDatanodeProtocolServer.java:stop(425)) - Stopping the RPC server for DataNodes
2024-03-20 21:08:50,288 [main] INFO  ipc.Server (Server.java:stop(3523)) - Stopping server on 15004
2024-03-20 21:08:50,292 [IPC Server listener on 15004] INFO  ipc.Server (Server.java:run(1434)) - Stopping IPC Server listener on 15004
2024-03-20 21:08:50,292 [IPC Server Responder] INFO  ipc.Server (Server.java:run(1567)) - Stopping IPC Server Responder
2024-03-20 21:08:50,305 [scmNode-1-SCMHeartbeatProcessor-0] WARN  node.NodeStateManager (NodeStateManager.java:scheduleNextHealthCheck(878)) - Current Thread is interrupted, shutting down HB processing thread for Node Manager.
2024-03-20 21:08:50,305 [main] INFO  server.StorageContainerManager (StorageContainerManager.java:stop(1677)) - Stopping block service RPC server
2024-03-20 21:08:50,305 [main] INFO  server.SCMBlockProtocolServer (SCMBlockProtocolServer.java:stop(171)) - Stopping the RPC server for Block Protocol
2024-03-20 21:08:50,305 [main] INFO  ipc.Server (Server.java:stop(3523)) - Stopping server on 15007
2024-03-20 21:08:50,308 [IPC Server listener on 15007] INFO  ipc.Server (Server.java:run(1434)) - Stopping IPC Server listener on 15007
2024-03-20 21:08:50,308 [IPC Server Responder] INFO  ipc.Server (Server.java:run(1567)) - Stopping IPC Server Responder
2024-03-20 21:08:50,308 [main] INFO  server.StorageContainerManager (StorageContainerManager.java:stop(1684)) - Stopping the StorageContainerLocationProtocol RPC server
2024-03-20 21:08:50,309 [main] INFO  server.SCMClientProtocolServer (SCMClientProtocolServer.java:stop(213)) - Stopping the RPC server for Client Protocol
2024-03-20 21:08:50,309 [main] INFO  ipc.Server (Server.java:stop(3523)) - Stopping server on 15005
2024-03-20 21:08:50,313 [IPC Server listener on 15005] INFO  ipc.Server (Server.java:run(1434)) - Stopping IPC Server listener on 15005
2024-03-20 21:08:50,317 [IPC Server Responder] INFO  ipc.Server (Server.java:run(1567)) - Stopping IPC Server Responder
2024-03-20 21:08:50,317 [main] INFO  server.StorageContainerManager (StorageContainerManager.java:stop(1691)) - Stopping Storage Container Manager HTTP server.
2024-03-20 21:08:50,318 [main] INFO  handler.ContextHandler (ContextHandler.java:doStop(1159)) - Stopped o.e.j.w.WebAppContext@6e82feeb{scm,/,null,STOPPED}{file:/home/runner/work/ozone/ozone/hadoop-ozone/integration-test/target/test-classes/webapps/scm}
2024-03-20 21:08:50,319 [main] INFO  server.AbstractConnector (AbstractConnector.java:doStop(383)) - Stopped ServerConnector@4fb5adb8{HTTP/1.1, (http/1.1)}{0.0.0.0:15000}
2024-03-20 21:08:50,319 [main] INFO  server.session (HouseKeeper.java:stopScavenging(149)) - node0 Stopped scavenging
2024-03-20 21:08:50,320 [main] INFO  handler.ContextHandler (ContextHandler.java:doStop(1159)) - Stopped o.e.j.s.ServletContextHandler@6d487f2b{static,/static,file:///home/runner/work/ozone/ozone/hadoop-ozone/integration-test/target/test-classes/webapps/static,STOPPED}
2024-03-20 21:08:50,320 [main] INFO  handler.ContextHandler (ContextHandler.java:doStop(1159)) - Stopped o.e.j.s.ServletContextHandler@4b91ac30{logs,/logs,file:///home/runner/work/ozone/ozone/hadoop-ozone/integration-test/target/log,STOPPED}
2024-03-20 21:08:50,321 [main] INFO  server.StorageContainerManager (StorageContainerManager.java:stop(1699)) - Stopping SCM LayoutVersionManager Service.
2024-03-20 21:08:50,321 [main] INFO  server.SCMSecurityProtocolServer (SCMSecurityProtocolServer.java:stop(566)) - Stopping the SCMSecurityProtocolServer.
2024-03-20 21:08:50,321 [main] INFO  ipc.Server (Server.java:stop(3523)) - Stopping server on 15002
2024-03-20 21:08:50,321 [IPC Server listener on 15002] INFO  ipc.Server (Server.java:run(1434)) - Stopping IPC Server listener on 15002
2024-03-20 21:08:50,322 [IPC Server Responder] INFO  ipc.Server (Server.java:run(1567)) - Stopping IPC Server Responder
2024-03-20 21:08:50,323 [main] INFO  server.SCMUpdateServiceGrpcServer (SCMUpdateServiceGrpcServer.java:stop(73)) - SCMUpdateService stopping
2024-03-20 21:08:50,323 [main] INFO  server.SCMUpdateServiceGrpcServer (SCMUpdateServiceGrpcServer.java:stop(85)) - SCMUpdateService stopped!
2024-03-20 21:08:50,323 [main] INFO  server.StorageContainerManager (StorageContainerManager.java:stop(1711)) - Stopping Block Manager Service.
2024-03-20 21:08:50,323 [main] INFO  utils.BackgroundService (BackgroundService.java:shutdown(160)) - Shutting down service SCMBlockDeletingService
2024-03-20 21:08:50,323 [main] INFO  utils.BackgroundService (BackgroundService.java:shutdown(160)) - Shutting down service SCMBlockDeletingService
2024-03-20 21:08:50,324 [main] INFO  server.StorageContainerManager (StorageContainerManager.java:stop(1731)) - Stopping SCM Event Queue.
2024-03-20 21:08:50,324 [main] INFO  server.StorageContainerManager (StorageContainerManager.java:stop(1742)) - Stopping SCM HA services.
2024-03-20 21:08:50,325 [main] INFO  ha.SCMRatisServerImpl (SCMRatisServerImpl.java:stop(257)) - stopping ratis server 0.0.0.0:15003
2024-03-20 21:08:50,325 [main] INFO  server.RaftServer (RaftServerProxy.java:lambda$close$9(416)) - 1ba87fbc-452a-4836-9768-c65c67837df8: close
2024-03-20 21:08:50,325 [1ba87fbc-452a-4836-9768-c65c67837df8-impl-thread1] INFO  server.RaftServer$Division (RaftServerImpl.java:lambda$close$3(526)) - 1ba87fbc-452a-4836-9768-c65c67837df8@group-8B04330EF271: shutdown
2024-03-20 21:08:50,325 [main] INFO  server.GrpcService (GrpcService.java:closeImpl(311)) - 1ba87fbc-452a-4836-9768-c65c67837df8: shutdown server GrpcServerProtocolService now
2024-03-20 21:08:50,325 [1ba87fbc-452a-4836-9768-c65c67837df8-impl-thread1] INFO  util.JmxRegister (JmxRegister.java:unregister(73)) - Successfully un-registered JMX Bean with object name Ratis:service=RaftServer,group=group-8B04330EF271,id=1ba87fbc-452a-4836-9768-c65c67837df8
2024-03-20 21:08:50,325 [1ba87fbc-452a-4836-9768-c65c67837df8-impl-thread1] INFO  impl.RoleInfo (RoleInfo.java:shutdownLeaderState(94)) - 1ba87fbc-452a-4836-9768-c65c67837df8: shutdown 1ba87fbc-452a-4836-9768-c65c67837df8@group-8B04330EF271-LeaderStateImpl
2024-03-20 21:08:50,325 [1ba87fbc-452a-4836-9768-c65c67837df8-impl-thread1] INFO  impl.PendingRequests (PendingRequests.java:sendNotLeaderResponses(289)) - 1ba87fbc-452a-4836-9768-c65c67837df8@group-8B04330EF271-PendingRequests: sendNotLeaderResponses
2024-03-20 21:08:50,325 [1ba87fbc-452a-4836-9768-c65c67837df8@group-8B04330EF271->b12aa423-edbe-43b9-9e95-c7a538dfc443-GrpcLogAppender-LogAppenderDaemon] WARN  server.GrpcLogAppender (GrpcLogAppender.java:mayWait(289)) - 1ba87fbc-452a-4836-9768-c65c67837df8@group-8B04330EF271->b12aa423-edbe-43b9-9e95-c7a538dfc443-GrpcLogAppender: Wait interrupted by java.lang.InterruptedException
2024-03-20 21:08:50,325 [1ba87fbc-452a-4836-9768-c65c67837df8@group-8B04330EF271->be2411e5-a42d-476f-b25b-d7f87790d2c1-GrpcLogAppender-LogAppenderDaemon] WARN  server.GrpcLogAppender (GrpcLogAppender.java:mayWait(289)) - 1ba87fbc-452a-4836-9768-c65c67837df8@group-8B04330EF271->be2411e5-a42d-476f-b25b-d7f87790d2c1-GrpcLogAppender: Wait interrupted by java.lang.InterruptedException
2024-03-20 21:08:50,327 [1ba87fbc-452a-4836-9768-c65c67837df8-impl-thread1] INFO  ha.SCMStateMachine (SCMStateMachine.java:notifyNotLeader(212)) - current leader SCM steps down.
2024-03-20 21:08:50,327 [1ba87fbc-452a-4836-9768-c65c67837df8-impl-thread1] INFO  ha.SCMContext (SCMContext.java:updateLeaderAndTerm(96)) - update <isLeader,term> from <true,2> to <false,0>
2024-03-20 21:08:50,327 [1ba87fbc-452a-4836-9768-c65c67837df8-impl-thread1] INFO  ha.SCMContext (SCMContext.java:updateLeaderAndTerm(102)) - update <isLeaderReady> from <true> to <false>
2024-03-20 21:08:50,327 [1ba87fbc-452a-4836-9768-c65c67837df8-impl-thread1] INFO  BackgroundPipelineScrubber (BackgroundSCMService.java:notifyStatusChanged(85)) - Service BackgroundPipelineScrubber transitions to PAUSING.
2024-03-20 21:08:50,327 [Thread-1375] INFO  server.GrpcServerProtocolClient (GrpcServerProtocolClient.java:close(103)) - b12aa423-edbe-43b9-9e95-c7a538dfc443 Close channels
2024-03-20 21:08:50,327 [Thread-1377] INFO  server.GrpcServerProtocolClient (GrpcServerProtocolClient.java:close(103)) - be2411e5-a42d-476f-b25b-d7f87790d2c1 Close channels
2024-03-20 21:08:50,327 [1ba87fbc-452a-4836-9768-c65c67837df8-impl-thread1] INFO  ExpiredContainerReplicaOpScrubber (BackgroundSCMService.java:notifyStatusChanged(85)) - Service ExpiredContainerReplicaOpScrubber transitions to PAUSING.
2024-03-20 21:08:50,327 [scmNode-1-SecretKeyManagerService] ERROR security.SecretKeyManagerService (SecretKeyManagerService.java:run(133)) - Error occurred when updating SecretKeys.
org.apache.hadoop.hdds.scm.exceptions.SCMException: org.apache.ratis.protocol.exceptions.NotLeaderException: Server 1ba87fbc-452a-4836-9768-c65c67837df8@group-8B04330EF271 is not the leader
	at org.apache.hadoop.hdds.scm.ha.SCMHAInvocationHandler.translateException(SCMHAInvocationHandler.java:165)
	at org.apache.hadoop.hdds.scm.ha.SCMHAInvocationHandler.invokeRatis(SCMHAInvocationHandler.java:115)
	at org.apache.hadoop.hdds.scm.ha.SCMHAInvocationHandler.invoke(SCMHAInvocationHandler.java:74)
	at com.sun.proxy.$Proxy40.updateKeys(Unknown Source)
	at org.apache.hadoop.hdds.security.symmetric.SecretKeyManager.checkAndRotate(SecretKeyManager.java:128)
	at org.apache.hadoop.hdds.scm.security.SecretKeyManagerService.run(SecretKeyManagerService.java:131)
	at java.util.concurrent.Executors$RunnableAdapter.call(Executors.java:511)
	at java.util.concurrent.FutureTask.runAndReset(FutureTask.java:308)
	at java.util.concurrent.ScheduledThreadPoolExecutor$ScheduledFutureTask.access$301(ScheduledThreadPoolExecutor.java:180)
	at java.util.concurrent.ScheduledThreadPoolExecutor$ScheduledFutureTask.run(ScheduledThreadPoolExecutor.java:294)
	at java.util.concurrent.ThreadPoolExecutor.runWorker(ThreadPoolExecutor.java:1149)
	at java.util.concurrent.ThreadPoolExecutor$Worker.run(ThreadPoolExecutor.java:624)
	at java.lang.Thread.run(Thread.java:750)
Caused by: org.apache.ratis.protocol.exceptions.NotLeaderException: Server 1ba87fbc-452a-4836-9768-c65c67837df8@group-8B04330EF271 is not the leader
	at org.apache.ratis.server.impl.RaftServerImpl.generateNotLeaderException(RaftServerImpl.java:797)
	at org.apache.ratis.server.impl.LeaderStateImpl.stop(LeaderStateImpl.java:441)
	at org.apache.ratis.server.impl.RoleInfo.shutdownLeaderState(RoleInfo.java:95)
	at org.apache.ratis.server.impl.RaftServerImpl.lambda$close$3(RaftServerImpl.java:543)
	at org.apache.ratis.util.LifeCycle.lambda$checkStateAndClose$7(LifeCycle.java:306)
	at org.apache.ratis.util.LifeCycle.checkStateAndClose(LifeCycle.java:326)
	at org.apache.ratis.util.LifeCycle.checkStateAndClose(LifeCycle.java:304)
	at org.apache.ratis.server.impl.RaftServerImpl.close(RaftServerImpl.java:525)
	at org.apache.ratis.server.impl.RaftServerProxy$ImplMap.close(RaftServerProxy.java:136)
	at org.apache.ratis.server.impl.RaftServerProxy$ImplMap.lambda$close$0(RaftServerProxy.java:123)
	at org.apache.ratis.util.ConcurrentUtils.accept(ConcurrentUtils.java:203)
	at org.apache.ratis.util.ConcurrentUtils.lambda$null$4(ConcurrentUtils.java:182)
	... 3 more
2024-03-20 21:08:50,330 [main] INFO  server.GrpcService (GrpcService.java:closeImpl(320)) - 1ba87fbc-452a-4836-9768-c65c67837df8: shutdown server GrpcServerProtocolService successfully
2024-03-20 21:08:50,328 [1ba87fbc-452a-4836-9768-c65c67837df8-impl-thread1] INFO  SCMHATransactionMonitor (BackgroundSCMService.java:notifyStatusChanged(85)) - Service SCMHATransactionMonitor transitions to PAUSING.
2024-03-20 21:08:50,331 [1ba87fbc-452a-4836-9768-c65c67837df8-impl-thread1] INFO  impl.StateMachineUpdater (StateMachineUpdater.java:stopAndJoin(157)) - 1ba87fbc-452a-4836-9768-c65c67837df8@group-8B04330EF271-StateMachineUpdater: set stopIndex = 104
2024-03-20 21:08:50,332 [1ba87fbc-452a-4836-9768-c65c67837df8@group-8B04330EF271-StateMachineUpdater] INFO  ha.SCMStateMachine (SCMStateMachine.java:takeSnapshot(331)) - Current Snapshot Index 104, takeSnapshot took 0 ms
2024-03-20 21:08:50,332 [1ba87fbc-452a-4836-9768-c65c67837df8@group-8B04330EF271-StateMachineUpdater] INFO  impl.StateMachineUpdater (StateMachineUpdater.java:takeSnapshot(295)) - 1ba87fbc-452a-4836-9768-c65c67837df8@group-8B04330EF271-StateMachineUpdater: Took a snapshot at index 104
2024-03-20 21:08:50,332 [1ba87fbc-452a-4836-9768-c65c67837df8@group-8B04330EF271-StateMachineUpdater] INFO  impl.StateMachineUpdater (StateMachineUpdater.java:lambda$new$0(98)) - 1ba87fbc-452a-4836-9768-c65c67837df8@group-8B04330EF271-StateMachineUpdater: snapshotIndex: updateIncreasingly -1 -> 104
2024-03-20 21:08:50,332 [1ba87fbc-452a-4836-9768-c65c67837df8@group-8B04330EF271-StateMachineUpdater] INFO  server.StorageContainerManager (StorageContainerManager.java:stop(1642)) - Storage Container Manager is not running.
2024-03-20 21:08:50,332 [1ba87fbc-452a-4836-9768-c65c67837df8@group-8B04330EF271-StateMachineUpdater] INFO  server.StorageContainerManager (StorageContainerManager.java:stopReplicationManager(1786)) - Stopping Replication Manager Service.
2024-03-20 21:08:50,332 [1ba87fbc-452a-4836-9768-c65c67837df8@group-8B04330EF271-StateMachineUpdater] INFO  replication.ReplicationManager (ReplicationManager.java:stop(338)) - Replication Monitor Thread is not running.
2024-03-20 21:08:50,332 [1ba87fbc-452a-4836-9768-c65c67837df8@group-8B04330EF271-StateMachineUpdater] INFO  server.StorageContainerManager (ExitUtils.java:terminate(131)) - Terminating with exit status 0: scm statemachine is closed by ratis, terminate SCM
2024-03-20 21:08:50,332 [1ba87fbc-452a-4836-9768-c65c67837df8@group-8B04330EF271-StateMachineUpdater] WARN  impl.StateMachineUpdater (StateMachineUpdater.java:stop(141)) - 1ba87fbc-452a-4836-9768-c65c67837df8@group-8B04330EF271-StateMachineUpdater: Failed to close SCMStateMachine SCMStateMachine:1ba87fbc-452a-4836-9768-c65c67837df8:group-8B04330EF271
org.apache.ratis.util.ExitUtils$ExitException: scm statemachine is closed by ratis, terminate SCM
	at org.apache.ratis.util.ExitUtils.terminate(ExitUtils.java:141)
	at org.apache.ratis.util.ExitUtils.terminate(ExitUtils.java:151)
	at org.apache.ratis.util.ExitUtils.terminate(ExitUtils.java:155)
	at org.apache.hadoop.hdds.scm.server.StorageContainerManager.shutDown(StorageContainerManager.java:1796)
	at org.apache.hadoop.hdds.scm.ha.SCMStateMachine.close(SCMStateMachine.java:444)
	at org.apache.ratis.server.impl.StateMachineUpdater.stop(StateMachineUpdater.java:136)
	at org.apache.ratis.server.impl.StateMachineUpdater.run(StateMachineUpdater.java:191)
	at java.lang.Thread.run(Thread.java:750)
2024-03-20 21:08:50,333 [1ba87fbc-452a-4836-9768-c65c67837df8-impl-thread1] INFO  server.RaftServer$Division (ServerState.java:close(427)) - 1ba87fbc-452a-4836-9768-c65c67837df8@group-8B04330EF271: applyIndex: 104
2024-03-20 21:08:50,333 [1ba87fbc-452a-4836-9768-c65c67837df8@group-8B04330EF271-cacheEviction-AwaitToRun] INFO  util.AwaitToRun (AwaitToRun.java:run(49)) - 1ba87fbc-452a-4836-9768-c65c67837df8@group-8B04330EF271-cacheEviction-AwaitToRun-AwaitForSignal is interrupted
2024-03-20 21:08:50,373 [SecretKeyPoller] INFO  retry.RetryInvocationHandler (RetryInvocationHandler.java:log(422)) - com.google.protobuf.ServiceException: java.io.EOFException: End of File Exception between local host is: "fv-az1053-74/10.1.0.34"; destination host is: "localhost":15002; : java.io.EOFException; For more details see:  http://wiki.apache.org/hadoop/EOFException, while invoking $Proxy58.submitRequest over nodeId=scmNode-1,nodeAddress=/127.0.0.1:15002. Trying to failover after sleeping for 2000ms. Current retry count: 0.
2024-03-20 21:08:50,374 [SecretKeyPoller] INFO  retry.RetryInvocationHandler (RetryInvocationHandler.java:log(422)) - com.google.protobuf.ServiceException: java.io.EOFException: End of File Exception between local host is: "fv-az1053-74/10.1.0.34"; destination host is: "localhost":15002; : java.io.EOFException; For more details see:  http://wiki.apache.org/hadoop/EOFException, while invoking $Proxy58.submitRequest over nodeId=scmNode-1,nodeAddress=/127.0.0.1:15002. Trying to failover after sleeping for 2000ms. Current retry count: 0.
2024-03-20 21:08:50,375 [SecretKeyPoller] INFO  retry.RetryInvocationHandler (RetryInvocationHandler.java:log(422)) - com.google.protobuf.ServiceException: java.io.EOFException: End of File Exception between local host is: "fv-az1053-74/10.1.0.34"; destination host is: "localhost":15002; : java.io.EOFException; For more details see:  http://wiki.apache.org/hadoop/EOFException, while invoking $Proxy58.submitRequest over nodeId=scmNode-1,nodeAddress=/127.0.0.1:15002. Trying to failover after sleeping for 2000ms. Current retry count: 0.
2024-03-20 21:08:50,377 [98cad3d9-1aaa-47a5-be17-9665075729ab-DatanodeStateMachineDaemonThread] ERROR datanode.RunningDatanodeState (RunningDatanodeState.java:computeNextContainerState(207)) - Error in executing end point task.
java.util.concurrent.ExecutionException: java.util.concurrent.TimeoutException
	at java.util.concurrent.FutureTask.report(FutureTask.java:122)
	at java.util.concurrent.FutureTask.get(FutureTask.java:192)
	at org.apache.hadoop.ozone.container.common.states.datanode.RunningDatanodeState.computeNextContainerState(RunningDatanodeState.java:199)
	at org.apache.hadoop.ozone.container.common.states.datanode.RunningDatanodeState.await(RunningDatanodeState.java:239)
	at org.apache.hadoop.ozone.container.common.states.datanode.RunningDatanodeState.await(RunningDatanodeState.java:50)
	at org.apache.hadoop.ozone.container.common.statemachine.StateContext.execute(StateContext.java:682)
	at org.apache.hadoop.ozone.container.common.statemachine.DatanodeStateMachine.startStateMachineThread(DatanodeStateMachine.java:354)
	at org.apache.hadoop.ozone.container.common.statemachine.DatanodeStateMachine.lambda$startDaemon$1(DatanodeStateMachine.java:556)
	at java.lang.Thread.run(Thread.java:750)
Caused by: java.util.concurrent.TimeoutException
	at java.util.concurrent.FutureTask.get(FutureTask.java:205)
	at org.apache.hadoop.ozone.container.common.states.datanode.RunningDatanodeState.lambda$execute$0(RunningDatanodeState.java:157)
	at java.util.concurrent.FutureTask.run(FutureTask.java:266)
	at java.util.concurrent.Executors$RunnableAdapter.call(Executors.java:511)
	at java.util.concurrent.FutureTask.run(FutureTask.java:266)
	at java.util.concurrent.ThreadPoolExecutor.runWorker(ThreadPoolExecutor.java:1149)
	at java.util.concurrent.ThreadPoolExecutor$Worker.run(ThreadPoolExecutor.java:624)
	... 1 more
2024-03-20 21:08:50,378 [98cad3d9-1aaa-47a5-be17-9665075729ab-EndpointStateMachineTaskThread-/127.0.0.1:15012-0 ] INFO  ipc.Client (Client.java:handleConnectionFailure(950)) - Retrying connect to server: localhost/127.0.0.1:15012. Already tried 0 time(s); retry policy is RetryUpToMaximumCountWithFixedSleep(maxRetries=15, sleepTime=1000 MILLISECONDS)
2024-03-20 21:08:50,379 [98cad3d9-1aaa-47a5-be17-9665075729ab-EndpointStateMachineTaskThread-/127.0.0.1:15004-0 ] WARN  statemachine.EndpointStateMachine (EndpointStateMachine.java:logIfNeeded(242)) - Unable to communicate to SCM server at localhost:15004 for past 0 seconds.
java.io.EOFException: End of File Exception between local host is: "fv-az1053-74/10.1.0.34"; destination host is: "localhost":15004; : java.io.EOFException; For more details see:  http://wiki.apache.org/hadoop/EOFException
	at sun.reflect.NativeConstructorAccessorImpl.newInstance0(Native Method)
	at sun.reflect.NativeConstructorAccessorImpl.newInstance(NativeConstructorAccessorImpl.java:62)
	at sun.reflect.DelegatingConstructorAccessorImpl.newInstance(DelegatingConstructorAccessorImpl.java:45)
	at java.lang.reflect.Constructor.newInstance(Constructor.java:423)
	at org.apache.hadoop.net.NetUtils.wrapWithMessage(NetUtils.java:930)
	at org.apache.hadoop.net.NetUtils.wrapException(NetUtils.java:879)
	at org.apache.hadoop.ipc.Client.getRpcResponse(Client.java:1571)
	at org.apache.hadoop.ipc.Client.call(Client.java:1513)
	at org.apache.hadoop.ipc.Client.call(Client.java:1410)
	at org.apache.hadoop.ipc.ProtobufRpcEngine$Invoker.invoke(ProtobufRpcEngine.java:250)
	at org.apache.hadoop.ipc.ProtobufRpcEngine$Invoker.invoke(ProtobufRpcEngine.java:132)
	at com.sun.proxy.$Proxy59.submitRequest(Unknown Source)
	at org.apache.hadoop.ozone.protocolPB.StorageContainerDatanodeProtocolClientSideTranslatorPB.submitRequest(StorageContainerDatanodeProtocolClientSideTranslatorPB.java:117)
	at org.apache.hadoop.ozone.protocolPB.StorageContainerDatanodeProtocolClientSideTranslatorPB.sendHeartbeat(StorageContainerDatanodeProtocolClientSideTranslatorPB.java:149)
	at org.apache.hadoop.ozone.container.common.states.endpoint.HeartbeatEndpointTask.call(HeartbeatEndpointTask.java:183)
	at org.apache.hadoop.ozone.container.common.states.endpoint.HeartbeatEndpointTask.call(HeartbeatEndpointTask.java:87)
	at java.util.concurrent.FutureTask.run(FutureTask.java:266)
	at java.util.concurrent.ThreadPoolExecutor.runWorker(ThreadPoolExecutor.java:1149)
	at java.util.concurrent.ThreadPoolExecutor$Worker.run(ThreadPoolExecutor.java:624)
	at java.lang.Thread.run(Thread.java:750)
Caused by: java.io.EOFException
	at java.io.DataInputStream.readInt(DataInputStream.java:392)
	at org.apache.hadoop.ipc.Client$IpcStreams.readResponse(Client.java:1906)
	at org.apache.hadoop.ipc.Client$Connection.receiveRpcResponse(Client.java:1187)
	at org.apache.hadoop.ipc.Client$Connection.run(Client.java:1078)
2024-03-20 21:08:50,777 [bf0d52d7-dce2-4f08-b148-c0add6164c5c-DatanodeStateMachineDaemonThread] ERROR datanode.RunningDatanodeState (RunningDatanodeState.java:computeNextContainerState(207)) - Error in executing end point task.
java.util.concurrent.ExecutionException: java.util.concurrent.TimeoutException
	at java.util.concurrent.FutureTask.report(FutureTask.java:122)
	at java.util.concurrent.FutureTask.get(FutureTask.java:192)
	at org.apache.hadoop.ozone.container.common.states.datanode.RunningDatanodeState.computeNextContainerState(RunningDatanodeState.java:199)
	at org.apache.hadoop.ozone.container.common.states.datanode.RunningDatanodeState.await(RunningDatanodeState.java:239)
	at org.apache.hadoop.ozone.container.common.states.datanode.RunningDatanodeState.await(RunningDatanodeState.java:50)
	at org.apache.hadoop.ozone.container.common.statemachine.StateContext.execute(StateContext.java:682)
	at org.apache.hadoop.ozone.container.common.statemachine.DatanodeStateMachine.startStateMachineThread(DatanodeStateMachine.java:354)
	at org.apache.hadoop.ozone.container.common.statemachine.DatanodeStateMachine.lambda$startDaemon$1(DatanodeStateMachine.java:556)
	at java.lang.Thread.run(Thread.java:750)
Caused by: java.util.concurrent.TimeoutException
	at java.util.concurrent.FutureTask.get(FutureTask.java:205)
	at org.apache.hadoop.ozone.container.common.states.datanode.RunningDatanodeState.lambda$execute$0(RunningDatanodeState.java:157)
	at java.util.concurrent.FutureTask.run(FutureTask.java:266)
	at java.util.concurrent.Executors$RunnableAdapter.call(Executors.java:511)
	at java.util.concurrent.FutureTask.run(FutureTask.java:266)
	at java.util.concurrent.ThreadPoolExecutor.runWorker(ThreadPoolExecutor.java:1149)
	at java.util.concurrent.ThreadPoolExecutor$Worker.run(ThreadPoolExecutor.java:624)
	... 1 more
2024-03-20 21:08:50,778 [bf0d52d7-dce2-4f08-b148-c0add6164c5c-EndpointStateMachineTaskThread-/127.0.0.1:15004-0 ] WARN  statemachine.EndpointStateMachine (EndpointStateMachine.java:logIfNeeded(242)) - Unable to communicate to SCM server at localhost:15004 for past 0 seconds.
java.io.EOFException: End of File Exception between local host is: "fv-az1053-74/10.1.0.34"; destination host is: "localhost":15004; : java.io.EOFException; For more details see:  http://wiki.apache.org/hadoop/EOFException
	at sun.reflect.NativeConstructorAccessorImpl.newInstance0(Native Method)
	at sun.reflect.NativeConstructorAccessorImpl.newInstance(NativeConstructorAccessorImpl.java:62)
	at sun.reflect.DelegatingConstructorAccessorImpl.newInstance(DelegatingConstructorAccessorImpl.java:45)
	at java.lang.reflect.Constructor.newInstance(Constructor.java:423)
	at org.apache.hadoop.net.NetUtils.wrapWithMessage(NetUtils.java:930)
	at org.apache.hadoop.net.NetUtils.wrapException(NetUtils.java:879)
	at org.apache.hadoop.ipc.Client.getRpcResponse(Client.java:1571)
	at org.apache.hadoop.ipc.Client.call(Client.java:1513)
	at org.apache.hadoop.ipc.Client.call(Client.java:1410)
	at org.apache.hadoop.ipc.ProtobufRpcEngine$Invoker.invoke(ProtobufRpcEngine.java:250)
	at org.apache.hadoop.ipc.ProtobufRpcEngine$Invoker.invoke(ProtobufRpcEngine.java:132)
	at com.sun.proxy.$Proxy59.submitRequest(Unknown Source)
	at org.apache.hadoop.ozone.protocolPB.StorageContainerDatanodeProtocolClientSideTranslatorPB.submitRequest(StorageContainerDatanodeProtocolClientSideTranslatorPB.java:117)
	at org.apache.hadoop.ozone.protocolPB.StorageContainerDatanodeProtocolClientSideTranslatorPB.sendHeartbeat(StorageContainerDatanodeProtocolClientSideTranslatorPB.java:149)
	at org.apache.hadoop.ozone.container.common.states.endpoint.HeartbeatEndpointTask.call(HeartbeatEndpointTask.java:183)
	at org.apache.hadoop.ozone.container.common.states.endpoint.HeartbeatEndpointTask.call(HeartbeatEndpointTask.java:87)
	at java.util.concurrent.FutureTask.run(FutureTask.java:266)
	at java.util.concurrent.ThreadPoolExecutor.runWorker(ThreadPoolExecutor.java:1149)
	at java.util.concurrent.ThreadPoolExecutor$Worker.run(ThreadPoolExecutor.java:624)
	at java.lang.Thread.run(Thread.java:750)
Caused by: java.io.EOFException
	at java.io.DataInputStream.readInt(DataInputStream.java:392)
	at org.apache.hadoop.ipc.Client$IpcStreams.readResponse(Client.java:1906)
	at org.apache.hadoop.ipc.Client$Connection.receiveRpcResponse(Client.java:1187)
	at org.apache.hadoop.ipc.Client$Connection.run(Client.java:1078)
2024-03-20 21:08:51,018 [dcffae99-659e-451a-8106-d35894ce685d-EndpointStateMachineTaskThread-/127.0.0.1:15004-0 ] WARN  statemachine.EndpointStateMachine (EndpointStateMachine.java:logIfNeeded(242)) - Unable to communicate to SCM server at localhost:15004 for past 0 seconds.
java.io.EOFException: End of File Exception between local host is: "fv-az1053-74/10.1.0.34"; destination host is: "localhost":15004; : java.io.EOFException; For more details see:  http://wiki.apache.org/hadoop/EOFException
	at sun.reflect.NativeConstructorAccessorImpl.newInstance0(Native Method)
	at sun.reflect.NativeConstructorAccessorImpl.newInstance(NativeConstructorAccessorImpl.java:62)
	at sun.reflect.DelegatingConstructorAccessorImpl.newInstance(DelegatingConstructorAccessorImpl.java:45)
	at java.lang.reflect.Constructor.newInstance(Constructor.java:423)
	at org.apache.hadoop.net.NetUtils.wrapWithMessage(NetUtils.java:930)
	at org.apache.hadoop.net.NetUtils.wrapException(NetUtils.java:879)
	at org.apache.hadoop.ipc.Client.getRpcResponse(Client.java:1571)
	at org.apache.hadoop.ipc.Client.call(Client.java:1513)
	at org.apache.hadoop.ipc.Client.call(Client.java:1410)
	at org.apache.hadoop.ipc.ProtobufRpcEngine$Invoker.invoke(ProtobufRpcEngine.java:250)
	at org.apache.hadoop.ipc.ProtobufRpcEngine$Invoker.invoke(ProtobufRpcEngine.java:132)
	at com.sun.proxy.$Proxy59.submitRequest(Unknown Source)
	at org.apache.hadoop.ozone.protocolPB.StorageContainerDatanodeProtocolClientSideTranslatorPB.submitRequest(StorageContainerDatanodeProtocolClientSideTranslatorPB.java:117)
	at org.apache.hadoop.ozone.protocolPB.StorageContainerDatanodeProtocolClientSideTranslatorPB.sendHeartbeat(StorageContainerDatanodeProtocolClientSideTranslatorPB.java:149)
	at org.apache.hadoop.ozone.container.common.states.endpoint.HeartbeatEndpointTask.call(HeartbeatEndpointTask.java:183)
	at org.apache.hadoop.ozone.container.common.states.endpoint.HeartbeatEndpointTask.call(HeartbeatEndpointTask.java:87)
	at java.util.concurrent.FutureTask.run(FutureTask.java:266)
	at java.util.concurrent.ThreadPoolExecutor.runWorker(ThreadPoolExecutor.java:1149)
	at java.util.concurrent.ThreadPoolExecutor$Worker.run(ThreadPoolExecutor.java:624)
	at java.lang.Thread.run(Thread.java:750)
Caused by: java.io.EOFException
	at java.io.DataInputStream.readInt(DataInputStream.java:392)
	at org.apache.hadoop.ipc.Client$IpcStreams.readResponse(Client.java:1906)
	at org.apache.hadoop.ipc.Client$Connection.receiveRpcResponse(Client.java:1187)
	at org.apache.hadoop.ipc.Client$Connection.run(Client.java:1078)
2024-03-20 21:08:51,018 [dcffae99-659e-451a-8106-d35894ce685d-EndpointStateMachineTaskThread-/127.0.0.1:15012-0 ] INFO  ipc.Client (Client.java:handleConnectionFailure(950)) - Retrying connect to server: localhost/127.0.0.1:15012. Already tried 1 time(s); retry policy is RetryUpToMaximumCountWithFixedSleep(maxRetries=15, sleepTime=1000 MILLISECONDS)
2024-03-20 21:08:51,018 [dcffae99-659e-451a-8106-d35894ce685d-EndpointStateMachineTaskThread-/127.0.0.1:15020-0 ] INFO  ipc.Client (Client.java:handleConnectionFailure(950)) - Retrying connect to server: localhost/127.0.0.1:15020. Already tried 0 time(s); retry policy is RetryUpToMaximumCountWithFixedSleep(maxRetries=15, sleepTime=1000 MILLISECONDS)
2024-03-20 21:08:51,275 [1ba87fbc-452a-4836-9768-c65c67837df8-impl-thread1] INFO  segmented.SegmentedRaftLogWorker (SegmentedRaftLogWorker.java:close(245)) - 1ba87fbc-452a-4836-9768-c65c67837df8@group-8B04330EF271-SegmentedRaftLogWorker close()
2024-03-20 21:08:51,275 [JvmPauseMonitor1] INFO  util.JvmPauseMonitor (JvmPauseMonitor.java:run(152)) - JvmPauseMonitor-1ba87fbc-452a-4836-9768-c65c67837df8: Stopped
2024-03-20 21:08:51,276 [main] INFO  SCMHATransactionMonitor (BackgroundSCMService.java:stop(128)) - Stopping SCMHATransactionMonitor Service.
2024-03-20 21:08:51,276 [scmNode-1-SCMHATransactionMonitor] WARN  SCMHATransactionMonitor (BackgroundSCMService.java:run(112)) - SCMHATransactionMonitor is interrupted, exit
2024-03-20 21:08:51,276 [main] INFO  pipeline.BackgroundPipelineCreator (BackgroundPipelineCreator.java:stop(152)) - Stopping scmNode-1-RatisPipelineUtilsThread.
2024-03-20 21:08:51,276 [scmNode-1-RatisPipelineUtilsThread-0] WARN  pipeline.BackgroundPipelineCreator (BackgroundPipelineCreator.java:run(183)) - scmNode-1-RatisPipelineUtilsThread is interrupted.
2024-03-20 21:08:51,277 [main] INFO  BackgroundPipelineScrubber (BackgroundSCMService.java:stop(128)) - Stopping BackgroundPipelineScrubber Service.
2024-03-20 21:08:51,277 [scmNode-1-BackgroundPipelineScrubber] WARN  BackgroundPipelineScrubber (BackgroundSCMService.java:run(112)) - BackgroundPipelineScrubber is interrupted, exit
2024-03-20 21:08:51,277 [main] INFO  impl.MetricsSystemImpl (MetricsSystemImpl.java:stop(205)) - HddsDatanode metrics system stopped (again)
2024-03-20 21:08:51,277 [main] WARN  pipeline.BackgroundPipelineCreator (BackgroundPipelineCreator.java:stop(148)) - scmNode-1-RatisPipelineUtilsThread is not running, just ignore.
2024-03-20 21:08:51,277 [main] INFO  BackgroundPipelineScrubber (BackgroundSCMService.java:stop(123)) - BackgroundPipelineScrubber Service is not running, skip stop.
2024-03-20 21:08:51,277 [main] INFO  ExpiredContainerReplicaOpScrubber (BackgroundSCMService.java:stop(128)) - Stopping ExpiredContainerReplicaOpScrubber Service.
2024-03-20 21:08:51,277 [main] INFO  utils.BackgroundService (BackgroundService.java:shutdown(160)) - Shutting down service SCMBlockDeletingService
2024-03-20 21:08:51,278 [main] INFO  replication.ReplicationManager (ReplicationManager.java:stop(338)) - Replication Monitor Thread is not running.
2024-03-20 21:08:51,278 [scmNode-1-ExpiredContainerReplicaOpScrubber] WARN  ExpiredContainerReplicaOpScrubber (BackgroundSCMService.java:run(112)) - ExpiredContainerReplicaOpScrubber is interrupted, exit
2024-03-20 21:08:51,278 [main] WARN  balancer.ContainerBalancer (ContainerBalancer.java:stop(327)) - Cannot stop Container Balancer because it's not running or stopping
2024-03-20 21:08:51,278 [main] INFO  SCMHATransactionMonitor (BackgroundSCMService.java:stop(123)) - SCMHATransactionMonitor Service is not running, skip stop.
2024-03-20 21:08:51,278 [scmNode-1-LeaseManager#LeaseMonitor] WARN  lease.LeaseManager (LeaseManager.java:run(287)) - Lease manager is interrupted. Shutting down...
java.lang.InterruptedException
	at java.util.concurrent.locks.AbstractQueuedSynchronizer.doAcquireSharedNanos(AbstractQueuedSynchronizer.java:1039)
	at java.util.concurrent.locks.AbstractQueuedSynchronizer.tryAcquireSharedNanos(AbstractQueuedSynchronizer.java:1328)
	at java.util.concurrent.Semaphore.tryAcquire(Semaphore.java:409)
	at org.apache.hadoop.ozone.lease.LeaseManager$LeaseMonitor.run(LeaseManager.java:285)
	at java.lang.Thread.run(Thread.java:750)
2024-03-20 21:08:51,279 [main] INFO  server.StorageContainerManager (StorageContainerManager.java:stop(1777)) - Stopping SCM MetadataStore.
2024-03-20 21:08:51,280 [main] INFO  server.SCMSecurityProtocolServer (SCMSecurityProtocolServer.java:join(576)) - Join RPC server for SCMSecurityProtocolServer.
2024-03-20 21:08:51,280 [main] INFO  server.SCMSecurityProtocolServer (SCMSecurityProtocolServer.java:join(578)) - Join gRPC server for SCMSecurityProtocolServer.
2024-03-20 21:08:51,280 [main] INFO  ozone.MiniOzoneClusterImpl (MiniOzoneClusterImpl.java:stop(412)) - Stopping the Mini Ozone Cluster
2024-03-20 21:08:51,280 [main] INFO  ozone.MiniOzoneClusterImpl (MiniOzoneClusterImpl.java:stopDatanodes(471)) - Stopping the HddsDatanodes
2024-03-20 21:08:51,378 [98cad3d9-1aaa-47a5-be17-9665075729ab-EndpointStateMachineTaskThread-/127.0.0.1:15012-0 ] INFO  ipc.Client (Client.java:handleConnectionFailure(950)) - Retrying connect to server: localhost/127.0.0.1:15012. Already tried 1 time(s); retry policy is RetryUpToMaximumCountWithFixedSleep(maxRetries=15, sleepTime=1000 MILLISECONDS)
2024-03-20 21:08:51,379 [98cad3d9-1aaa-47a5-be17-9665075729ab-EndpointStateMachineTaskThread-/127.0.0.1:15020-0 ] INFO  ipc.Client (Client.java:handleConnectionFailure(950)) - Retrying connect to server: localhost/127.0.0.1:15020. Already tried 0 time(s); retry policy is RetryUpToMaximumCountWithFixedSleep(maxRetries=15, sleepTime=1000 MILLISECONDS)
2024-03-20 21:08:51,379 [ForkJoinPool.commonPool-worker-1] INFO  ozoneimpl.OzoneContainer (OzoneContainer.java:stop(481)) - Attempting to stop container services.
2024-03-20 21:08:51,380 [ContainerMetadataScanner] WARN  ozoneimpl.AbstractBackgroundContainerScanner (AbstractBackgroundContainerScanner.java:handleRemainingSleep(134)) - Background container scan was interrupted.
2024-03-20 21:08:51,380 [ContainerMetadataScanner] INFO  ozoneimpl.AbstractBackgroundContainerScanner (AbstractBackgroundContainerScanner.java:run(61)) - Thread[ContainerMetadataScanner,5,main] exiting.
2024-03-20 21:08:51,381 [ForkJoinPool.commonPool-worker-1] INFO  ozoneimpl.BackgroundContainerDataScanner (BackgroundContainerDataScanner.java:shutdown(141)) - ContainerDataScanner(/home/runner/work/ozone/ozone/hadoop-ozone/integration-test/target/test-dir/MiniOzoneClusterImpl-bb4c8f07-45f9-422c-bd0c-8b04330ef271/ozone-meta/datanode-3/data-0/hdds) is shutting down. 
2024-03-20 21:08:51,381 [ContainerDataScanner(/home/runner/work/ozone/ozone/hadoop-ozone/integration-test/target/test-dir/MiniOzoneClusterImpl-bb4c8f07-45f9-422c-bd0c-8b04330ef271/ozone-meta/datanode-3/data-0/hdds)] WARN  ozoneimpl.AbstractBackgroundContainerScanner (AbstractBackgroundContainerScanner.java:handleRemainingSleep(134)) - Background container scan was interrupted.
2024-03-20 21:08:51,381 [ContainerDataScanner(/home/runner/work/ozone/ozone/hadoop-ozone/integration-test/target/test-dir/MiniOzoneClusterImpl-bb4c8f07-45f9-422c-bd0c-8b04330ef271/ozone-meta/datanode-3/data-0/hdds)] INFO  ozoneimpl.AbstractBackgroundContainerScanner (AbstractBackgroundContainerScanner.java:run(61)) - ContainerDataScanner(/home/runner/work/ozone/ozone/hadoop-ozone/integration-test/target/test-dir/MiniOzoneClusterImpl-bb4c8f07-45f9-422c-bd0c-8b04330ef271/ozone-meta/datanode-3/data-0/hdds, DS-54b5c78b-3e06-42c7-8792-b71bfdbadeb9) exiting.
2024-03-20 21:08:51,381 [ForkJoinPool.commonPool-worker-1] INFO  ozoneimpl.OnDemandContainerDataScanner (OnDemandContainerDataScanner.java:shutdownScanner(206)) - On-demand container scanner is shutting down.
2024-03-20 21:08:51,382 [ForkJoinPool.commonPool-worker-1] INFO  server.RaftServer (RaftServerProxy.java:lambda$close$9(416)) - 98cad3d9-1aaa-47a5-be17-9665075729ab: close
2024-03-20 21:08:51,382 [98cad3d9-1aaa-47a5-be17-9665075729ab-impl-thread1] INFO  server.RaftServer$Division (RaftServerImpl.java:lambda$close$3(526)) - 98cad3d9-1aaa-47a5-be17-9665075729ab@group-C82C6F4B1089: shutdown
2024-03-20 21:08:51,382 [98cad3d9-1aaa-47a5-be17-9665075729ab-impl-thread1] INFO  util.JmxRegister (JmxRegister.java:unregister(73)) - Successfully un-registered JMX Bean with object name Ratis:service=RaftServer,group=group-C82C6F4B1089,id=98cad3d9-1aaa-47a5-be17-9665075729ab
2024-03-20 21:08:51,382 [ForkJoinPool.commonPool-worker-1] INFO  server.GrpcService (GrpcService.java:closeImpl(311)) - 98cad3d9-1aaa-47a5-be17-9665075729ab: shutdown server org.apache.ratis.grpc.server.GrpcClientProtocolService now
2024-03-20 21:08:51,382 [98cad3d9-1aaa-47a5-be17-9665075729ab-impl-thread2] INFO  server.RaftServer$Division (RaftServerImpl.java:lambda$close$3(526)) - 98cad3d9-1aaa-47a5-be17-9665075729ab@group-6AECEB9247EF: shutdown
2024-03-20 21:08:51,382 [98cad3d9-1aaa-47a5-be17-9665075729ab-impl-thread1] INFO  impl.RoleInfo (RoleInfo.java:shutdownLeaderState(94)) - 98cad3d9-1aaa-47a5-be17-9665075729ab: shutdown 98cad3d9-1aaa-47a5-be17-9665075729ab@group-C82C6F4B1089-LeaderStateImpl
2024-03-20 21:08:51,382 [98cad3d9-1aaa-47a5-be17-9665075729ab-impl-thread3] INFO  server.RaftServer$Division (RaftServerImpl.java:lambda$close$3(526)) - 98cad3d9-1aaa-47a5-be17-9665075729ab@group-A427EA6FC389: shutdown
2024-03-20 21:08:51,383 [98cad3d9-1aaa-47a5-be17-9665075729ab-impl-thread3] INFO  util.JmxRegister (JmxRegister.java:unregister(73)) - Successfully un-registered JMX Bean with object name Ratis:service=RaftServer,group=group-A427EA6FC389,id=98cad3d9-1aaa-47a5-be17-9665075729ab
2024-03-20 21:08:51,383 [98cad3d9-1aaa-47a5-be17-9665075729ab-impl-thread2] INFO  util.JmxRegister (JmxRegister.java:unregister(73)) - Successfully un-registered JMX Bean with object name Ratis:service=RaftServer,group=group-6AECEB9247EF,id=98cad3d9-1aaa-47a5-be17-9665075729ab
2024-03-20 21:08:51,383 [98cad3d9-1aaa-47a5-be17-9665075729ab-impl-thread2] INFO  impl.RoleInfo (RoleInfo.java:shutdownLeaderState(94)) - 98cad3d9-1aaa-47a5-be17-9665075729ab: shutdown 98cad3d9-1aaa-47a5-be17-9665075729ab@group-6AECEB9247EF-LeaderStateImpl
2024-03-20 21:08:51,382 [98cad3d9-1aaa-47a5-be17-9665075729ab-impl-thread1] INFO  impl.PendingRequests (PendingRequests.java:sendNotLeaderResponses(289)) - 98cad3d9-1aaa-47a5-be17-9665075729ab@group-C82C6F4B1089-PendingRequests: sendNotLeaderResponses
2024-03-20 21:08:51,383 [98cad3d9-1aaa-47a5-be17-9665075729ab@group-6AECEB9247EF->dcffae99-659e-451a-8106-d35894ce685d-GrpcLogAppender-LogAppenderDaemon] WARN  server.GrpcLogAppender (GrpcLogAppender.java:mayWait(289)) - 98cad3d9-1aaa-47a5-be17-9665075729ab@group-6AECEB9247EF->dcffae99-659e-451a-8106-d35894ce685d-GrpcLogAppender: Wait interrupted by java.lang.InterruptedException
2024-03-20 21:08:51,383 [98cad3d9-1aaa-47a5-be17-9665075729ab@group-6AECEB9247EF->bf0d52d7-dce2-4f08-b148-c0add6164c5c-GrpcLogAppender-LogAppenderDaemon] WARN  server.GrpcLogAppender (GrpcLogAppender.java:mayWait(289)) - 98cad3d9-1aaa-47a5-be17-9665075729ab@group-6AECEB9247EF->bf0d52d7-dce2-4f08-b148-c0add6164c5c-GrpcLogAppender: Wait interrupted by java.lang.InterruptedException
2024-03-20 21:08:51,384 [98cad3d9-1aaa-47a5-be17-9665075729ab-impl-thread2] INFO  impl.PendingRequests (PendingRequests.java:sendNotLeaderResponses(289)) - 98cad3d9-1aaa-47a5-be17-9665075729ab@group-6AECEB9247EF-PendingRequests: sendNotLeaderResponses
2024-03-20 21:08:51,384 [98cad3d9-1aaa-47a5-be17-9665075729ab-impl-thread1] INFO  impl.StateMachineUpdater (StateMachineUpdater.java:stopAndJoin(157)) - 98cad3d9-1aaa-47a5-be17-9665075729ab@group-C82C6F4B1089-StateMachineUpdater: set stopIndex = 0
2024-03-20 21:08:51,385 [grpc-default-executor-5] INFO  server.GrpcServerProtocolService (GrpcServerProtocolService.java:onCompleted(157)) - bf0d52d7-dce2-4f08-b148-c0add6164c5c: Completed APPEND_ENTRIES, lastRequest: 98cad3d9-1aaa-47a5-be17-9665075729ab->bf0d52d7-dce2-4f08-b148-c0add6164c5c#1-t1,previous=(t:0, i:0),leaderCommit=-1,initializing? false,entries: size=1, first=(t:1, i:0), CONFIGURATIONENTRY(current:id: "98cad3d9-1aaa-47a5-be17-9665075729ab"
address: "10.1.0.34:15064"
priority: 1
dataStreamAddress: "10.1.0.34:15065"
clientAddress: "10.1.0.34:15062"
adminAddress: "10.1.0.34:15063"
startupRole: FOLLOWER
,id: "bf0d52d7-dce2-4f08-b148-c0add6164c5c"
address: "10.1.0.34:15046"
dataStreamAddress: "10.1.0.34:15047"
clientAddress: "10.1.0.34:15044"
adminAddress: "10.1.0.34:15045"
startupRole: FOLLOWER
,id: "dcffae99-659e-451a-8106-d35894ce685d"
address: "10.1.0.34:15055"
dataStreamAddress: "10.1.0.34:15056"
clientAddress: "10.1.0.34:15053"
adminAddress: "10.1.0.34:15054"
startupRole: FOLLOWER
, old:)
2024-03-20 21:08:51,385 [grpc-default-executor-5] INFO  server.GrpcServerProtocolService (GrpcServerProtocolService.java:lambda$onCompleted$5(159)) - bf0d52d7-dce2-4f08-b148-c0add6164c5c: Completed APPEND_ENTRIES, lastReply: null
2024-03-20 21:08:51,386 [grpc-default-executor-4] INFO  server.GrpcServerProtocolService (GrpcServerProtocolService.java:onCompleted(157)) - bf0d52d7-dce2-4f08-b148-c0add6164c5c: Completed APPEND_ENTRIES, lastRequest: null
2024-03-20 21:08:51,387 [grpc-default-executor-4] INFO  server.GrpcServerProtocolService (GrpcServerProtocolService.java:lambda$onCompleted$5(159)) - bf0d52d7-dce2-4f08-b148-c0add6164c5c: Completed APPEND_ENTRIES, lastReply: serverReply {
  requestorId: "98cad3d9-1aaa-47a5-be17-9665075729ab"
  replyId: "bf0d52d7-dce2-4f08-b148-c0add6164c5c"
  raftGroupId {
    id: "\351\220\031\247b\221D\204\246\346j\354\353\222G\357"
  }
  callId: 3
  success: true
}
term: 1
nextIndex: 1
matchIndex: 18446744073709551615
isHearbeat: true

2024-03-20 21:08:51,387 [98cad3d9-1aaa-47a5-be17-9665075729ab@group-C82C6F4B1089-StateMachineUpdater] INFO  ratis.ContainerStateMachine (ContainerStateMachine.java:takeSnapshot(355)) - group-C82C6F4B1089: Taking a snapshot at:(t:1, i:0) file /home/runner/work/ozone/ozone/hadoop-ozone/integration-test/target/test-dir/MiniOzoneClusterImpl-bb4c8f07-45f9-422c-bd0c-8b04330ef271/ozone-meta/datanode-3/ratis/df96a643-c626-49e9-8926-c82c6f4b1089/sm/snapshot.1_0
2024-03-20 21:08:51,383 [Thread-1382] INFO  server.GrpcServerProtocolClient (GrpcServerProtocolClient.java:close(103)) - bf0d52d7-dce2-4f08-b148-c0add6164c5c Close channels
2024-03-20 21:08:51,383 [98cad3d9-1aaa-47a5-be17-9665075729ab-impl-thread3] INFO  impl.RoleInfo (RoleInfo.java:shutdownFollowerState(110)) - 98cad3d9-1aaa-47a5-be17-9665075729ab: shutdown 98cad3d9-1aaa-47a5-be17-9665075729ab@group-A427EA6FC389-FollowerState
2024-03-20 21:08:51,393 [98cad3d9-1aaa-47a5-be17-9665075729ab-impl-thread3] INFO  impl.StateMachineUpdater (StateMachineUpdater.java:stopAndJoin(157)) - 98cad3d9-1aaa-47a5-be17-9665075729ab@group-A427EA6FC389-StateMachineUpdater: set stopIndex = 0
2024-03-20 21:08:51,383 [Thread-1383] INFO  server.GrpcServerProtocolClient (GrpcServerProtocolClient.java:close(103)) - dcffae99-659e-451a-8106-d35894ce685d Close channels
2024-03-20 21:08:51,393 [98cad3d9-1aaa-47a5-be17-9665075729ab@group-A427EA6FC389-FollowerState] INFO  impl.FollowerState (FollowerState.java:run(152)) - 98cad3d9-1aaa-47a5-be17-9665075729ab@group-A427EA6FC389-FollowerState was interrupted
2024-03-20 21:08:51,389 [98cad3d9-1aaa-47a5-be17-9665075729ab@group-6AECEB9247EF-StateMachineUpdater] INFO  ratis.ContainerStateMachine (ContainerStateMachine.java:takeSnapshot(355)) - group-6AECEB9247EF: Taking a snapshot at:(t:1, i:0) file /home/runner/work/ozone/ozone/hadoop-ozone/integration-test/target/test-dir/MiniOzoneClusterImpl-bb4c8f07-45f9-422c-bd0c-8b04330ef271/ozone-meta/datanode-3/ratis/e99019a7-6291-4484-a6e6-6aeceb9247ef/sm/snapshot.1_0
2024-03-20 21:08:51,389 [grpc-default-executor-5] INFO  server.GrpcServerProtocolService (GrpcServerProtocolService.java:onCompleted(157)) - dcffae99-659e-451a-8106-d35894ce685d: Completed APPEND_ENTRIES, lastRequest: null
2024-03-20 21:08:51,389 [98cad3d9-1aaa-47a5-be17-9665075729ab-impl-thread2] INFO  impl.StateMachineUpdater (StateMachineUpdater.java:stopAndJoin(157)) - 98cad3d9-1aaa-47a5-be17-9665075729ab@group-6AECEB9247EF-StateMachineUpdater: set stopIndex = 0
2024-03-20 21:08:51,388 [grpc-default-executor-0] INFO  server.GrpcLogAppender (GrpcLogAppender.java:onCompleted(546)) - 98cad3d9-1aaa-47a5-be17-9665075729ab@group-6AECEB9247EF->bf0d52d7-dce2-4f08-b148-c0add6164c5c-AppendLogResponseHandler: follower responses appendEntries COMPLETED
2024-03-20 21:08:51,396 [grpc-default-executor-0] WARN  server.GrpcLogAppender (GrpcLogAppender.java:resetClient(226)) - 98cad3d9-1aaa-47a5-be17-9665075729ab@group-6AECEB9247EF->bf0d52d7-dce2-4f08-b148-c0add6164c5c-GrpcLogAppender: Failed to getClient for bf0d52d7-dce2-4f08-b148-c0add6164c5c
org.apache.ratis.protocol.exceptions.AlreadyClosedException: 98cad3d9-1aaa-47a5-be17-9665075729ab is already CLOSED
	at org.apache.ratis.util.PeerProxyMap$PeerAndProxy.getProxy(PeerProxyMap.java:65)
	at org.apache.ratis.util.PeerProxyMap.getProxy(PeerProxyMap.java:114)
	at org.apache.ratis.grpc.server.GrpcLogAppender.getClient(GrpcLogAppender.java:196)
	at org.apache.ratis.grpc.server.GrpcLogAppender.resetClient(GrpcLogAppender.java:201)
	at org.apache.ratis.grpc.server.GrpcLogAppender.access$800(GrpcLogAppender.java:62)
	at org.apache.ratis.grpc.server.GrpcLogAppender$AppendLogResponseHandler.onCompleted(GrpcLogAppender.java:547)
	at org.apache.ratis.thirdparty.io.grpc.stub.ClientCalls$StreamObserverToCallListenerAdapter.onClose(ClientCalls.java:479)
	at org.apache.ratis.thirdparty.io.grpc.internal.DelayedClientCall$DelayedListener$3.run(DelayedClientCall.java:489)
	at org.apache.ratis.thirdparty.io.grpc.internal.DelayedClientCall$DelayedListener.delayOrExecute(DelayedClientCall.java:453)
	at org.apache.ratis.thirdparty.io.grpc.internal.DelayedClientCall$DelayedListener.onClose(DelayedClientCall.java:486)
	at org.apache.ratis.thirdparty.io.grpc.internal.ClientCallImpl.closeObserver(ClientCallImpl.java:567)
	at org.apache.ratis.thirdparty.io.grpc.internal.ClientCallImpl.access$300(ClientCallImpl.java:71)
	at org.apache.ratis.thirdparty.io.grpc.internal.ClientCallImpl$ClientStreamListenerImpl$1StreamClosed.runInternal(ClientCallImpl.java:735)
	at org.apache.ratis.thirdparty.io.grpc.internal.ClientCallImpl$ClientStreamListenerImpl$1StreamClosed.runInContext(ClientCallImpl.java:716)
	at org.apache.ratis.thirdparty.io.grpc.internal.ContextRunnable.run(ContextRunnable.java:37)
	at org.apache.ratis.thirdparty.io.grpc.internal.SerializingExecutor.run(SerializingExecutor.java:133)
	at java.util.concurrent.ThreadPoolExecutor.runWorker(ThreadPoolExecutor.java:1149)
	at java.util.concurrent.ThreadPoolExecutor$Worker.run(ThreadPoolExecutor.java:624)
	at java.lang.Thread.run(Thread.java:750)
2024-03-20 21:08:51,387 [grpc-default-executor-2] INFO  server.GrpcLogAppender (GrpcLogAppender.java:onCompleted(546)) - 98cad3d9-1aaa-47a5-be17-9665075729ab@group-6AECEB9247EF->bf0d52d7-dce2-4f08-b148-c0add6164c5c-AppendLogResponseHandler: follower responses appendEntries COMPLETED
2024-03-20 21:08:51,397 [grpc-default-executor-2] WARN  server.GrpcLogAppender (GrpcLogAppender.java:resetClient(226)) - 98cad3d9-1aaa-47a5-be17-9665075729ab@group-6AECEB9247EF->bf0d52d7-dce2-4f08-b148-c0add6164c5c-GrpcLogAppender: Failed to getClient for bf0d52d7-dce2-4f08-b148-c0add6164c5c
org.apache.ratis.protocol.exceptions.AlreadyClosedException: 98cad3d9-1aaa-47a5-be17-9665075729ab is already CLOSED
	at org.apache.ratis.util.PeerProxyMap$PeerAndProxy.getProxy(PeerProxyMap.java:65)
	at org.apache.ratis.util.PeerProxyMap.getProxy(PeerProxyMap.java:114)
	at org.apache.ratis.grpc.server.GrpcLogAppender.getClient(GrpcLogAppender.java:196)
	at org.apache.ratis.grpc.server.GrpcLogAppender.resetClient(GrpcLogAppender.java:201)
	at org.apache.ratis.grpc.server.GrpcLogAppender.access$800(GrpcLogAppender.java:62)
	at org.apache.ratis.grpc.server.GrpcLogAppender$AppendLogResponseHandler.onCompleted(GrpcLogAppender.java:547)
	at org.apache.ratis.thirdparty.io.grpc.stub.ClientCalls$StreamObserverToCallListenerAdapter.onClose(ClientCalls.java:479)
	at org.apache.ratis.thirdparty.io.grpc.internal.ClientCallImpl.closeObserver(ClientCallImpl.java:567)
	at org.apache.ratis.thirdparty.io.grpc.internal.ClientCallImpl.access$300(ClientCallImpl.java:71)
	at org.apache.ratis.thirdparty.io.grpc.internal.ClientCallImpl$ClientStreamListenerImpl$1StreamClosed.runInternal(ClientCallImpl.java:735)
	at org.apache.ratis.thirdparty.io.grpc.internal.ClientCallImpl$ClientStreamListenerImpl$1StreamClosed.runInContext(ClientCallImpl.java:716)
	at org.apache.ratis.thirdparty.io.grpc.internal.ContextRunnable.run(ContextRunnable.java:37)
	at org.apache.ratis.thirdparty.io.grpc.internal.SerializingExecutor.run(SerializingExecutor.java:133)
	at java.util.concurrent.ThreadPoolExecutor.runWorker(ThreadPoolExecutor.java:1149)
	at java.util.concurrent.ThreadPoolExecutor$Worker.run(ThreadPoolExecutor.java:624)
	at java.lang.Thread.run(Thread.java:750)
2024-03-20 21:08:51,396 [grpc-default-executor-5] INFO  server.GrpcServerProtocolService (GrpcServerProtocolService.java:lambda$onCompleted$5(159)) - dcffae99-659e-451a-8106-d35894ce685d: Completed APPEND_ENTRIES, lastReply: serverReply {
  requestorId: "98cad3d9-1aaa-47a5-be17-9665075729ab"
  replyId: "dcffae99-659e-451a-8106-d35894ce685d"
  raftGroupId {
    id: "\351\220\031\247b\221D\204\246\346j\354\353\222G\357"
  }
  callId: 4
  success: true
}
term: 1
nextIndex: 1
matchIndex: 18446744073709551615
isHearbeat: true

2024-03-20 21:08:51,395 [grpc-default-executor-7] INFO  server.GrpcServerProtocolService (GrpcServerProtocolService.java:onCompleted(157)) - dcffae99-659e-451a-8106-d35894ce685d: Completed APPEND_ENTRIES, lastRequest: 98cad3d9-1aaa-47a5-be17-9665075729ab->dcffae99-659e-451a-8106-d35894ce685d#1-t1,previous=(t:0, i:0),leaderCommit=-1,initializing? false,entries: size=1, first=(t:1, i:0), CONFIGURATIONENTRY(current:id: "98cad3d9-1aaa-47a5-be17-9665075729ab"
address: "10.1.0.34:15064"
priority: 1
dataStreamAddress: "10.1.0.34:15065"
clientAddress: "10.1.0.34:15062"
adminAddress: "10.1.0.34:15063"
startupRole: FOLLOWER
,id: "bf0d52d7-dce2-4f08-b148-c0add6164c5c"
address: "10.1.0.34:15046"
dataStreamAddress: "10.1.0.34:15047"
clientAddress: "10.1.0.34:15044"
adminAddress: "10.1.0.34:15045"
startupRole: FOLLOWER
,id: "dcffae99-659e-451a-8106-d35894ce685d"
address: "10.1.0.34:15055"
dataStreamAddress: "10.1.0.34:15056"
clientAddress: "10.1.0.34:15053"
adminAddress: "10.1.0.34:15054"
startupRole: FOLLOWER
, old:)
2024-03-20 21:08:51,399 [grpc-default-executor-7] INFO  server.GrpcServerProtocolService (GrpcServerProtocolService.java:lambda$onCompleted$5(159)) - dcffae99-659e-451a-8106-d35894ce685d: Completed APPEND_ENTRIES, lastReply: null
2024-03-20 21:08:51,394 [98cad3d9-1aaa-47a5-be17-9665075729ab@group-A427EA6FC389-StateMachineUpdater] INFO  ratis.ContainerStateMachine (ContainerStateMachine.java:takeSnapshot(355)) - group-A427EA6FC389: Taking a snapshot at:(t:1, i:0) file /home/runner/work/ozone/ozone/hadoop-ozone/integration-test/target/test-dir/MiniOzoneClusterImpl-bb4c8f07-45f9-422c-bd0c-8b04330ef271/ozone-meta/datanode-3/ratis/5f814283-c64a-4149-912a-a427ea6fc389/sm/snapshot.1_0
2024-03-20 21:08:51,400 [grpc-default-executor-2] INFO  server.GrpcLogAppender (GrpcLogAppender.java:onCompleted(546)) - 98cad3d9-1aaa-47a5-be17-9665075729ab@group-6AECEB9247EF->dcffae99-659e-451a-8106-d35894ce685d-AppendLogResponseHandler: follower responses appendEntries COMPLETED
2024-03-20 21:08:51,400 [grpc-default-executor-2] WARN  server.GrpcLogAppender (GrpcLogAppender.java:resetClient(226)) - 98cad3d9-1aaa-47a5-be17-9665075729ab@group-6AECEB9247EF->dcffae99-659e-451a-8106-d35894ce685d-GrpcLogAppender: Failed to getClient for dcffae99-659e-451a-8106-d35894ce685d
org.apache.ratis.protocol.exceptions.AlreadyClosedException: 98cad3d9-1aaa-47a5-be17-9665075729ab is already CLOSED
	at org.apache.ratis.util.PeerProxyMap$PeerAndProxy.getProxy(PeerProxyMap.java:65)
	at org.apache.ratis.util.PeerProxyMap.getProxy(PeerProxyMap.java:114)
	at org.apache.ratis.grpc.server.GrpcLogAppender.getClient(GrpcLogAppender.java:196)
	at org.apache.ratis.grpc.server.GrpcLogAppender.resetClient(GrpcLogAppender.java:201)
	at org.apache.ratis.grpc.server.GrpcLogAppender.access$800(GrpcLogAppender.java:62)
	at org.apache.ratis.grpc.server.GrpcLogAppender$AppendLogResponseHandler.onCompleted(GrpcLogAppender.java:547)
	at org.apache.ratis.thirdparty.io.grpc.stub.ClientCalls$StreamObserverToCallListenerAdapter.onClose(ClientCalls.java:479)
	at org.apache.ratis.thirdparty.io.grpc.internal.DelayedClientCall$DelayedListener$3.run(DelayedClientCall.java:489)
	at org.apache.ratis.thirdparty.io.grpc.internal.DelayedClientCall$DelayedListener.delayOrExecute(DelayedClientCall.java:453)
	at org.apache.ratis.thirdparty.io.grpc.internal.DelayedClientCall$DelayedListener.onClose(DelayedClientCall.java:486)
	at org.apache.ratis.thirdparty.io.grpc.internal.ClientCallImpl.closeObserver(ClientCallImpl.java:567)
	at org.apache.ratis.thirdparty.io.grpc.internal.ClientCallImpl.access$300(ClientCallImpl.java:71)
	at org.apache.ratis.thirdparty.io.grpc.internal.ClientCallImpl$ClientStreamListenerImpl$1StreamClosed.runInternal(ClientCallImpl.java:735)
	at org.apache.ratis.thirdparty.io.grpc.internal.ClientCallImpl$ClientStreamListenerImpl$1StreamClosed.runInContext(ClientCallImpl.java:716)
	at org.apache.ratis.thirdparty.io.grpc.internal.ContextRunnable.run(ContextRunnable.java:37)
	at org.apache.ratis.thirdparty.io.grpc.internal.SerializingExecutor.run(SerializingExecutor.java:133)
	at java.util.concurrent.ThreadPoolExecutor.runWorker(ThreadPoolExecutor.java:1149)
	at java.util.concurrent.ThreadPoolExecutor$Worker.run(ThreadPoolExecutor.java:624)
	at java.lang.Thread.run(Thread.java:750)
2024-03-20 21:08:51,401 [ForkJoinPool.commonPool-worker-1] INFO  server.GrpcService (GrpcService.java:closeImpl(320)) - 98cad3d9-1aaa-47a5-be17-9665075729ab: shutdown server org.apache.ratis.grpc.server.GrpcClientProtocolService successfully
2024-03-20 21:08:51,402 [ForkJoinPool.commonPool-worker-1] INFO  server.GrpcService (GrpcService.java:closeImpl(311)) - 98cad3d9-1aaa-47a5-be17-9665075729ab: shutdown server GrpcServerProtocolService now
2024-03-20 21:08:51,402 [grpc-default-executor-7] INFO  server.GrpcLogAppender (GrpcLogAppender.java:onCompleted(546)) - 98cad3d9-1aaa-47a5-be17-9665075729ab@group-6AECEB9247EF->dcffae99-659e-451a-8106-d35894ce685d-AppendLogResponseHandler: follower responses appendEntries COMPLETED
2024-03-20 21:08:51,402 [grpc-default-executor-7] WARN  server.GrpcLogAppender (GrpcLogAppender.java:resetClient(226)) - 98cad3d9-1aaa-47a5-be17-9665075729ab@group-6AECEB9247EF->dcffae99-659e-451a-8106-d35894ce685d-GrpcLogAppender: Failed to getClient for dcffae99-659e-451a-8106-d35894ce685d
org.apache.ratis.protocol.exceptions.AlreadyClosedException: 98cad3d9-1aaa-47a5-be17-9665075729ab is already CLOSED
	at org.apache.ratis.util.PeerProxyMap$PeerAndProxy.getProxy(PeerProxyMap.java:65)
	at org.apache.ratis.util.PeerProxyMap.getProxy(PeerProxyMap.java:114)
	at org.apache.ratis.grpc.server.GrpcLogAppender.getClient(GrpcLogAppender.java:196)
	at org.apache.ratis.grpc.server.GrpcLogAppender.resetClient(GrpcLogAppender.java:201)
	at org.apache.ratis.grpc.server.GrpcLogAppender.access$800(GrpcLogAppender.java:62)
	at org.apache.ratis.grpc.server.GrpcLogAppender$AppendLogResponseHandler.onCompleted(GrpcLogAppender.java:547)
	at org.apache.ratis.thirdparty.io.grpc.stub.ClientCalls$StreamObserverToCallListenerAdapter.onClose(ClientCalls.java:479)
	at org.apache.ratis.thirdparty.io.grpc.internal.ClientCallImpl.closeObserver(ClientCallImpl.java:567)
	at org.apache.ratis.thirdparty.io.grpc.internal.ClientCallImpl.access$300(ClientCallImpl.java:71)
	at org.apache.ratis.thirdparty.io.grpc.internal.ClientCallImpl$ClientStreamListenerImpl$1StreamClosed.runInternal(ClientCallImpl.java:735)
	at org.apache.ratis.thirdparty.io.grpc.internal.ClientCallImpl$ClientStreamListenerImpl$1StreamClosed.runInContext(ClientCallImpl.java:716)
	at org.apache.ratis.thirdparty.io.grpc.internal.ContextRunnable.run(ContextRunnable.java:37)
	at org.apache.ratis.thirdparty.io.grpc.internal.SerializingExecutor.run(SerializingExecutor.java:133)
	at java.util.concurrent.ThreadPoolExecutor.runWorker(ThreadPoolExecutor.java:1149)
	at java.util.concurrent.ThreadPoolExecutor$Worker.run(ThreadPoolExecutor.java:624)
	at java.lang.Thread.run(Thread.java:750)
2024-03-20 21:08:51,404 [grpc-default-executor-7] WARN  server.GrpcLogAppender (LogUtils.java:warn(121)) - bf0d52d7-dce2-4f08-b148-c0add6164c5c@group-A427EA6FC389->98cad3d9-1aaa-47a5-be17-9665075729ab-AppendLogResponseHandler: Failed appendEntries: org.apache.ratis.thirdparty.io.grpc.StatusRuntimeException: CANCELLED: RST_STREAM closed stream. HTTP/2 error code: CANCEL
2024-03-20 21:08:51,404 [grpc-default-executor-7] WARN  server.GrpcLogAppender (GrpcLogAppender.java:lambda$resetClient$1(217)) - bf0d52d7-dce2-4f08-b148-c0add6164c5c@group-A427EA6FC389->98cad3d9-1aaa-47a5-be17-9665075729ab-GrpcLogAppender: Follower failed (request=null, errorCount=1); keep nextIndex (1) unchanged and retry.
2024-03-20 21:08:51,404 [ForkJoinPool.commonPool-worker-1] INFO  server.GrpcService (GrpcService.java:closeImpl(320)) - 98cad3d9-1aaa-47a5-be17-9665075729ab: shutdown server GrpcServerProtocolService successfully
2024-03-20 21:08:51,404 [ForkJoinPool.commonPool-worker-1] INFO  server.GrpcService (GrpcService.java:closeImpl(311)) - 98cad3d9-1aaa-47a5-be17-9665075729ab: shutdown server org.apache.ratis.grpc.server.GrpcAdminProtocolService now
2024-03-20 21:08:51,404 [grpc-default-executor-5] WARN  server.GrpcServerProtocolService (LogUtils.java:warn(121)) - 98cad3d9-1aaa-47a5-be17-9665075729ab: APPEND_ENTRIES onError, lastRequest: null: org.apache.ratis.thirdparty.io.grpc.StatusRuntimeException: CANCELLED: client cancelled
2024-03-20 21:08:51,406 [ForkJoinPool.commonPool-worker-1] INFO  server.GrpcService (GrpcService.java:closeImpl(320)) - 98cad3d9-1aaa-47a5-be17-9665075729ab: shutdown server org.apache.ratis.grpc.server.GrpcAdminProtocolService successfully
2024-03-20 21:08:51,406 [grpc-default-executor-7] WARN  server.GrpcServerProtocolService (LogUtils.java:warn(121)) - 98cad3d9-1aaa-47a5-be17-9665075729ab: APPEND_ENTRIES onError, lastRequest: bf0d52d7-dce2-4f08-b148-c0add6164c5c->98cad3d9-1aaa-47a5-be17-9665075729ab#1-t1,previous=(t:0, i:0),leaderCommit=-1,initializing? false,entries: size=1, first=(t:1, i:0), CONFIGURATIONENTRY(current:id: "98cad3d9-1aaa-47a5-be17-9665075729ab"
address: "10.1.0.34:15064"
dataStreamAddress: "10.1.0.34:15065"
clientAddress: "10.1.0.34:15062"
adminAddress: "10.1.0.34:15063"
startupRole: FOLLOWER
,id: "bf0d52d7-dce2-4f08-b148-c0add6164c5c"
address: "10.1.0.34:15046"
priority: 1
dataStreamAddress: "10.1.0.34:15047"
clientAddress: "10.1.0.34:15044"
adminAddress: "10.1.0.34:15045"
startupRole: FOLLOWER
,id: "dcffae99-659e-451a-8106-d35894ce685d"
address: "10.1.0.34:15055"
dataStreamAddress: "10.1.0.34:15056"
clientAddress: "10.1.0.34:15053"
adminAddress: "10.1.0.34:15054"
startupRole: FOLLOWER
, old:): org.apache.ratis.thirdparty.io.grpc.StatusRuntimeException: CANCELLED: client cancelled
2024-03-20 21:08:51,409 [98cad3d9-1aaa-47a5-be17-9665075729ab-NettyServerStreamRpc-bossGroup--thread1] INFO  logging.LoggingHandler (AbstractInternalLogger.java:log(148)) - [id: 0x6c9d6c3a, L:/0.0.0.0:15065] CLOSE
2024-03-20 21:08:51,409 [98cad3d9-1aaa-47a5-be17-9665075729ab-NettyServerStreamRpc-bossGroup--thread1] INFO  logging.LoggingHandler (AbstractInternalLogger.java:log(148)) - [id: 0x6c9d6c3a, L:/0.0.0.0:15065] INACTIVE
2024-03-20 21:08:51,409 [98cad3d9-1aaa-47a5-be17-9665075729ab-NettyServerStreamRpc-bossGroup--thread1] INFO  logging.LoggingHandler (AbstractInternalLogger.java:log(148)) - [id: 0x6c9d6c3a, L:/0.0.0.0:15065] UNREGISTERED
2024-03-20 21:08:51,428 [98cad3d9-1aaa-47a5-be17-9665075729ab@group-6AECEB9247EF-StateMachineUpdater] INFO  ratis.ContainerStateMachine (ContainerStateMachine.java:takeSnapshot(366)) - group-6AECEB9247EF: Finished taking a snapshot at:(t:1, i:0) file:/home/runner/work/ozone/ozone/hadoop-ozone/integration-test/target/test-dir/MiniOzoneClusterImpl-bb4c8f07-45f9-422c-bd0c-8b04330ef271/ozone-meta/datanode-3/ratis/e99019a7-6291-4484-a6e6-6aeceb9247ef/sm/snapshot.1_0 took: 38 ms
2024-03-20 21:08:51,428 [98cad3d9-1aaa-47a5-be17-9665075729ab@group-C82C6F4B1089-StateMachineUpdater] INFO  ratis.ContainerStateMachine (ContainerStateMachine.java:takeSnapshot(366)) - group-C82C6F4B1089: Finished taking a snapshot at:(t:1, i:0) file:/home/runner/work/ozone/ozone/hadoop-ozone/integration-test/target/test-dir/MiniOzoneClusterImpl-bb4c8f07-45f9-422c-bd0c-8b04330ef271/ozone-meta/datanode-3/ratis/df96a643-c626-49e9-8926-c82c6f4b1089/sm/snapshot.1_0 took: 40 ms
2024-03-20 21:08:51,428 [98cad3d9-1aaa-47a5-be17-9665075729ab@group-A427EA6FC389-StateMachineUpdater] INFO  ratis.ContainerStateMachine (ContainerStateMachine.java:takeSnapshot(366)) - group-A427EA6FC389: Finished taking a snapshot at:(t:1, i:0) file:/home/runner/work/ozone/ozone/hadoop-ozone/integration-test/target/test-dir/MiniOzoneClusterImpl-bb4c8f07-45f9-422c-bd0c-8b04330ef271/ozone-meta/datanode-3/ratis/5f814283-c64a-4149-912a-a427ea6fc389/sm/snapshot.1_0 took: 34 ms
2024-03-20 21:08:51,429 [98cad3d9-1aaa-47a5-be17-9665075729ab@group-C82C6F4B1089-StateMachineUpdater] INFO  impl.StateMachineUpdater (StateMachineUpdater.java:takeSnapshot(295)) - 98cad3d9-1aaa-47a5-be17-9665075729ab@group-C82C6F4B1089-StateMachineUpdater: Took a snapshot at index 0
2024-03-20 21:08:51,429 [98cad3d9-1aaa-47a5-be17-9665075729ab@group-A427EA6FC389-StateMachineUpdater] INFO  impl.StateMachineUpdater (StateMachineUpdater.java:takeSnapshot(295)) - 98cad3d9-1aaa-47a5-be17-9665075729ab@group-A427EA6FC389-StateMachineUpdater: Took a snapshot at index 0
2024-03-20 21:08:51,429 [98cad3d9-1aaa-47a5-be17-9665075729ab@group-A427EA6FC389-StateMachineUpdater] INFO  impl.StateMachineUpdater (StateMachineUpdater.java:lambda$new$0(98)) - 98cad3d9-1aaa-47a5-be17-9665075729ab@group-A427EA6FC389-StateMachineUpdater: snapshotIndex: updateIncreasingly -1 -> 0
2024-03-20 21:08:51,429 [98cad3d9-1aaa-47a5-be17-9665075729ab@group-6AECEB9247EF-StateMachineUpdater] INFO  impl.StateMachineUpdater (StateMachineUpdater.java:takeSnapshot(295)) - 98cad3d9-1aaa-47a5-be17-9665075729ab@group-6AECEB9247EF-StateMachineUpdater: Took a snapshot at index 0
2024-03-20 21:08:51,429 [98cad3d9-1aaa-47a5-be17-9665075729ab@group-6AECEB9247EF-StateMachineUpdater] INFO  impl.StateMachineUpdater (StateMachineUpdater.java:lambda$new$0(98)) - 98cad3d9-1aaa-47a5-be17-9665075729ab@group-6AECEB9247EF-StateMachineUpdater: snapshotIndex: updateIncreasingly -1 -> 0
2024-03-20 21:08:51,429 [98cad3d9-1aaa-47a5-be17-9665075729ab-impl-thread3] INFO  server.RaftServer$Division (ServerState.java:close(427)) - 98cad3d9-1aaa-47a5-be17-9665075729ab@group-A427EA6FC389: applyIndex: 0
2024-03-20 21:08:51,429 [98cad3d9-1aaa-47a5-be17-9665075729ab@group-C82C6F4B1089-StateMachineUpdater] INFO  impl.StateMachineUpdater (StateMachineUpdater.java:lambda$new$0(98)) - 98cad3d9-1aaa-47a5-be17-9665075729ab@group-C82C6F4B1089-StateMachineUpdater: snapshotIndex: updateIncreasingly -1 -> 0
2024-03-20 21:08:51,429 [98cad3d9-1aaa-47a5-be17-9665075729ab@group-A427EA6FC389-cacheEviction-AwaitToRun] INFO  util.AwaitToRun (AwaitToRun.java:run(49)) - 98cad3d9-1aaa-47a5-be17-9665075729ab@group-A427EA6FC389-cacheEviction-AwaitToRun-AwaitForSignal is interrupted
2024-03-20 21:08:51,429 [98cad3d9-1aaa-47a5-be17-9665075729ab-impl-thread2] INFO  server.RaftServer$Division (ServerState.java:close(427)) - 98cad3d9-1aaa-47a5-be17-9665075729ab@group-6AECEB9247EF: applyIndex: 0
2024-03-20 21:08:51,429 [98cad3d9-1aaa-47a5-be17-9665075729ab-impl-thread1] INFO  server.RaftServer$Division (ServerState.java:close(427)) - 98cad3d9-1aaa-47a5-be17-9665075729ab@group-C82C6F4B1089: applyIndex: 0
2024-03-20 21:08:51,430 [98cad3d9-1aaa-47a5-be17-9665075729ab@group-6AECEB9247EF-cacheEviction-AwaitToRun] INFO  util.AwaitToRun (AwaitToRun.java:run(49)) - 98cad3d9-1aaa-47a5-be17-9665075729ab@group-6AECEB9247EF-cacheEviction-AwaitToRun-AwaitForSignal is interrupted
2024-03-20 21:08:51,430 [98cad3d9-1aaa-47a5-be17-9665075729ab@group-C82C6F4B1089-cacheEviction-AwaitToRun] INFO  util.AwaitToRun (AwaitToRun.java:run(49)) - 98cad3d9-1aaa-47a5-be17-9665075729ab@group-C82C6F4B1089-cacheEviction-AwaitToRun-AwaitForSignal is interrupted
2024-03-20 21:08:51,756 [98cad3d9-1aaa-47a5-be17-9665075729ab-impl-thread2] INFO  segmented.SegmentedRaftLogWorker (SegmentedRaftLogWorker.java:close(245)) - 98cad3d9-1aaa-47a5-be17-9665075729ab@group-6AECEB9247EF-SegmentedRaftLogWorker close()
2024-03-20 21:08:51,778 [ForkJoinPool.commonPool-worker-0] INFO  ozoneimpl.OzoneContainer (OzoneContainer.java:stop(481)) - Attempting to stop container services.
2024-03-20 21:08:51,779 [ContainerMetadataScanner] WARN  ozoneimpl.AbstractBackgroundContainerScanner (AbstractBackgroundContainerScanner.java:handleRemainingSleep(134)) - Background container scan was interrupted.
2024-03-20 21:08:51,779 [ContainerMetadataScanner] INFO  ozoneimpl.AbstractBackgroundContainerScanner (AbstractBackgroundContainerScanner.java:run(61)) - Thread[ContainerMetadataScanner,5,main] exiting.
2024-03-20 21:08:51,779 [ForkJoinPool.commonPool-worker-0] INFO  ozoneimpl.BackgroundContainerDataScanner (BackgroundContainerDataScanner.java:shutdown(141)) - ContainerDataScanner(/home/runner/work/ozone/ozone/hadoop-ozone/integration-test/target/test-dir/MiniOzoneClusterImpl-bb4c8f07-45f9-422c-bd0c-8b04330ef271/ozone-meta/datanode-1/data-0/hdds) is shutting down. 
2024-03-20 21:08:51,779 [ContainerDataScanner(/home/runner/work/ozone/ozone/hadoop-ozone/integration-test/target/test-dir/MiniOzoneClusterImpl-bb4c8f07-45f9-422c-bd0c-8b04330ef271/ozone-meta/datanode-1/data-0/hdds)] WARN  ozoneimpl.AbstractBackgroundContainerScanner (AbstractBackgroundContainerScanner.java:handleRemainingSleep(134)) - Background container scan was interrupted.
2024-03-20 21:08:51,779 [ContainerDataScanner(/home/runner/work/ozone/ozone/hadoop-ozone/integration-test/target/test-dir/MiniOzoneClusterImpl-bb4c8f07-45f9-422c-bd0c-8b04330ef271/ozone-meta/datanode-1/data-0/hdds)] INFO  ozoneimpl.AbstractBackgroundContainerScanner (AbstractBackgroundContainerScanner.java:run(61)) - ContainerDataScanner(/home/runner/work/ozone/ozone/hadoop-ozone/integration-test/target/test-dir/MiniOzoneClusterImpl-bb4c8f07-45f9-422c-bd0c-8b04330ef271/ozone-meta/datanode-1/data-0/hdds, DS-4d6921c5-10b9-476b-b1b8-1cebe3fef184) exiting.
2024-03-20 21:08:51,780 [ForkJoinPool.commonPool-worker-0] INFO  server.RaftServer (RaftServerProxy.java:lambda$close$9(416)) - bf0d52d7-dce2-4f08-b148-c0add6164c5c: close
2024-03-20 21:08:51,780 [bf0d52d7-dce2-4f08-b148-c0add6164c5c-impl-thread1] INFO  server.RaftServer$Division (RaftServerImpl.java:lambda$close$3(526)) - bf0d52d7-dce2-4f08-b148-c0add6164c5c@group-BBF491953644: shutdown
2024-03-20 21:08:51,780 [bf0d52d7-dce2-4f08-b148-c0add6164c5c-impl-thread1] INFO  util.JmxRegister (JmxRegister.java:unregister(73)) - Successfully un-registered JMX Bean with object name Ratis:service=RaftServer,group=group-BBF491953644,id=bf0d52d7-dce2-4f08-b148-c0add6164c5c
2024-03-20 21:08:51,780 [bf0d52d7-dce2-4f08-b148-c0add6164c5c-impl-thread1] INFO  impl.RoleInfo (RoleInfo.java:shutdownLeaderState(94)) - bf0d52d7-dce2-4f08-b148-c0add6164c5c: shutdown bf0d52d7-dce2-4f08-b148-c0add6164c5c@group-BBF491953644-LeaderStateImpl
2024-03-20 21:08:51,780 [ForkJoinPool.commonPool-worker-0] INFO  server.GrpcService (GrpcService.java:closeImpl(311)) - bf0d52d7-dce2-4f08-b148-c0add6164c5c: shutdown server org.apache.ratis.grpc.server.GrpcClientProtocolService now
2024-03-20 21:08:51,780 [bf0d52d7-dce2-4f08-b148-c0add6164c5c-impl-thread1] INFO  impl.PendingRequests (PendingRequests.java:sendNotLeaderResponses(289)) - bf0d52d7-dce2-4f08-b148-c0add6164c5c@group-BBF491953644-PendingRequests: sendNotLeaderResponses
2024-03-20 21:08:51,780 [bf0d52d7-dce2-4f08-b148-c0add6164c5c-impl-thread2] INFO  server.RaftServer$Division (RaftServerImpl.java:lambda$close$3(526)) - bf0d52d7-dce2-4f08-b148-c0add6164c5c@group-6AECEB9247EF: shutdown
2024-03-20 21:08:51,781 [bf0d52d7-dce2-4f08-b148-c0add6164c5c-impl-thread2] INFO  util.JmxRegister (JmxRegister.java:unregister(73)) - Successfully un-registered JMX Bean with object name Ratis:service=RaftServer,group=group-6AECEB9247EF,id=bf0d52d7-dce2-4f08-b148-c0add6164c5c
2024-03-20 21:08:51,781 [bf0d52d7-dce2-4f08-b148-c0add6164c5c-impl-thread2] INFO  impl.RoleInfo (RoleInfo.java:shutdownFollowerState(110)) - bf0d52d7-dce2-4f08-b148-c0add6164c5c: shutdown bf0d52d7-dce2-4f08-b148-c0add6164c5c@group-6AECEB9247EF-FollowerState
2024-03-20 21:08:51,781 [bf0d52d7-dce2-4f08-b148-c0add6164c5c-impl-thread1] INFO  impl.StateMachineUpdater (StateMachineUpdater.java:stopAndJoin(157)) - bf0d52d7-dce2-4f08-b148-c0add6164c5c@group-BBF491953644-StateMachineUpdater: set stopIndex = 0
2024-03-20 21:08:51,781 [bf0d52d7-dce2-4f08-b148-c0add6164c5c@group-BBF491953644-StateMachineUpdater] INFO  ratis.ContainerStateMachine (ContainerStateMachine.java:takeSnapshot(355)) - group-BBF491953644: Taking a snapshot at:(t:1, i:0) file /home/runner/work/ozone/ozone/hadoop-ozone/integration-test/target/test-dir/MiniOzoneClusterImpl-bb4c8f07-45f9-422c-bd0c-8b04330ef271/ozone-meta/datanode-1/ratis/32562dfb-1478-47de-bd5f-bbf491953644/sm/snapshot.1_0
2024-03-20 21:08:51,781 [bf0d52d7-dce2-4f08-b148-c0add6164c5c@group-6AECEB9247EF-FollowerState] INFO  impl.FollowerState (FollowerState.java:run(152)) - bf0d52d7-dce2-4f08-b148-c0add6164c5c@group-6AECEB9247EF-FollowerState was interrupted
2024-03-20 21:08:51,781 [bf0d52d7-dce2-4f08-b148-c0add6164c5c-impl-thread3] INFO  server.RaftServer$Division (RaftServerImpl.java:lambda$close$3(526)) - bf0d52d7-dce2-4f08-b148-c0add6164c5c@group-A427EA6FC389: shutdown
2024-03-20 21:08:51,781 [bf0d52d7-dce2-4f08-b148-c0add6164c5c@group-6AECEB9247EF-StateMachineUpdater] INFO  ratis.ContainerStateMachine (ContainerStateMachine.java:takeSnapshot(355)) - group-6AECEB9247EF: Taking a snapshot at:(t:1, i:0) file /home/runner/work/ozone/ozone/hadoop-ozone/integration-test/target/test-dir/MiniOzoneClusterImpl-bb4c8f07-45f9-422c-bd0c-8b04330ef271/ozone-meta/datanode-1/ratis/e99019a7-6291-4484-a6e6-6aeceb9247ef/sm/snapshot.1_0
2024-03-20 21:08:51,781 [bf0d52d7-dce2-4f08-b148-c0add6164c5c-impl-thread3] INFO  util.JmxRegister (JmxRegister.java:unregister(73)) - Successfully un-registered JMX Bean with object name Ratis:service=RaftServer,group=group-A427EA6FC389,id=bf0d52d7-dce2-4f08-b148-c0add6164c5c
2024-03-20 21:08:51,781 [bf0d52d7-dce2-4f08-b148-c0add6164c5c-impl-thread3] INFO  impl.RoleInfo (RoleInfo.java:shutdownLeaderState(94)) - bf0d52d7-dce2-4f08-b148-c0add6164c5c: shutdown bf0d52d7-dce2-4f08-b148-c0add6164c5c@group-A427EA6FC389-LeaderStateImpl
2024-03-20 21:08:51,782 [bf0d52d7-dce2-4f08-b148-c0add6164c5c@group-BBF491953644-StateMachineUpdater] INFO  ratis.ContainerStateMachine (ContainerStateMachine.java:takeSnapshot(366)) - group-BBF491953644: Finished taking a snapshot at:(t:1, i:0) file:/home/runner/work/ozone/ozone/hadoop-ozone/integration-test/target/test-dir/MiniOzoneClusterImpl-bb4c8f07-45f9-422c-bd0c-8b04330ef271/ozone-meta/datanode-1/ratis/32562dfb-1478-47de-bd5f-bbf491953644/sm/snapshot.1_0 took: 1 ms
2024-03-20 21:08:51,782 [bf0d52d7-dce2-4f08-b148-c0add6164c5c@group-A427EA6FC389->dcffae99-659e-451a-8106-d35894ce685d-GrpcLogAppender-LogAppenderDaemon] WARN  server.GrpcLogAppender (GrpcLogAppender.java:mayWait(289)) - bf0d52d7-dce2-4f08-b148-c0add6164c5c@group-A427EA6FC389->dcffae99-659e-451a-8106-d35894ce685d-GrpcLogAppender: Wait interrupted by java.lang.InterruptedException
2024-03-20 21:08:51,782 [bf0d52d7-dce2-4f08-b148-c0add6164c5c@group-BBF491953644-StateMachineUpdater] INFO  impl.StateMachineUpdater (StateMachineUpdater.java:takeSnapshot(295)) - bf0d52d7-dce2-4f08-b148-c0add6164c5c@group-BBF491953644-StateMachineUpdater: Took a snapshot at index 0
2024-03-20 21:08:51,782 [bf0d52d7-dce2-4f08-b148-c0add6164c5c@group-BBF491953644-StateMachineUpdater] INFO  impl.StateMachineUpdater (StateMachineUpdater.java:lambda$new$0(98)) - bf0d52d7-dce2-4f08-b148-c0add6164c5c@group-BBF491953644-StateMachineUpdater: snapshotIndex: updateIncreasingly -1 -> 0
2024-03-20 21:08:51,782 [bf0d52d7-dce2-4f08-b148-c0add6164c5c@group-A427EA6FC389->98cad3d9-1aaa-47a5-be17-9665075729ab-GrpcLogAppender-LogAppenderDaemon] WARN  server.GrpcLogAppender (GrpcLogAppender.java:mayWait(289)) - bf0d52d7-dce2-4f08-b148-c0add6164c5c@group-A427EA6FC389->98cad3d9-1aaa-47a5-be17-9665075729ab-GrpcLogAppender: Wait interrupted by java.lang.InterruptedException
2024-03-20 21:08:51,782 [Thread-1429] INFO  server.GrpcServerProtocolClient (GrpcServerProtocolClient.java:close(103)) - dcffae99-659e-451a-8106-d35894ce685d Close channels
2024-03-20 21:08:51,782 [Thread-1427] INFO  server.GrpcServerProtocolClient (GrpcServerProtocolClient.java:close(103)) - 98cad3d9-1aaa-47a5-be17-9665075729ab Close channels
2024-03-20 21:08:51,783 [bf0d52d7-dce2-4f08-b148-c0add6164c5c-impl-thread2] INFO  impl.StateMachineUpdater (StateMachineUpdater.java:stopAndJoin(157)) - bf0d52d7-dce2-4f08-b148-c0add6164c5c@group-6AECEB9247EF-StateMachineUpdater: set stopIndex = 0
2024-03-20 21:08:51,783 [bf0d52d7-dce2-4f08-b148-c0add6164c5c-impl-thread1] INFO  server.RaftServer$Division (ServerState.java:close(427)) - bf0d52d7-dce2-4f08-b148-c0add6164c5c@group-BBF491953644: applyIndex: 0
2024-03-20 21:08:51,783 [grpc-default-executor-5] INFO  server.GrpcServerProtocolService (GrpcServerProtocolService.java:onCompleted(157)) - dcffae99-659e-451a-8106-d35894ce685d: Completed APPEND_ENTRIES, lastRequest: null
2024-03-20 21:08:51,783 [bf0d52d7-dce2-4f08-b148-c0add6164c5c@group-6AECEB9247EF-StateMachineUpdater] INFO  ratis.ContainerStateMachine (ContainerStateMachine.java:takeSnapshot(366)) - group-6AECEB9247EF: Finished taking a snapshot at:(t:1, i:0) file:/home/runner/work/ozone/ozone/hadoop-ozone/integration-test/target/test-dir/MiniOzoneClusterImpl-bb4c8f07-45f9-422c-bd0c-8b04330ef271/ozone-meta/datanode-1/ratis/e99019a7-6291-4484-a6e6-6aeceb9247ef/sm/snapshot.1_0 took: 1 ms
2024-03-20 21:08:51,785 [grpc-default-executor-7] INFO  server.GrpcServerProtocolService (GrpcServerProtocolService.java:onCompleted(157)) - dcffae99-659e-451a-8106-d35894ce685d: Completed APPEND_ENTRIES, lastRequest: bf0d52d7-dce2-4f08-b148-c0add6164c5c->dcffae99-659e-451a-8106-d35894ce685d#1-t1,previous=(t:0, i:0),leaderCommit=-1,initializing? false,entries: size=1, first=(t:1, i:0), CONFIGURATIONENTRY(current:id: "98cad3d9-1aaa-47a5-be17-9665075729ab"
address: "10.1.0.34:15064"
dataStreamAddress: "10.1.0.34:15065"
clientAddress: "10.1.0.34:15062"
adminAddress: "10.1.0.34:15063"
startupRole: FOLLOWER
,id: "bf0d52d7-dce2-4f08-b148-c0add6164c5c"
address: "10.1.0.34:15046"
priority: 1
dataStreamAddress: "10.1.0.34:15047"
clientAddress: "10.1.0.34:15044"
adminAddress: "10.1.0.34:15045"
startupRole: FOLLOWER
,id: "dcffae99-659e-451a-8106-d35894ce685d"
address: "10.1.0.34:15055"
dataStreamAddress: "10.1.0.34:15056"
clientAddress: "10.1.0.34:15053"
adminAddress: "10.1.0.34:15054"
startupRole: FOLLOWER
, old:)
2024-03-20 21:08:51,785 [grpc-default-executor-7] INFO  server.GrpcServerProtocolService (GrpcServerProtocolService.java:lambda$onCompleted$5(159)) - dcffae99-659e-451a-8106-d35894ce685d: Completed APPEND_ENTRIES, lastReply: null
2024-03-20 21:08:51,785 [bf0d52d7-dce2-4f08-b148-c0add6164c5c@group-6AECEB9247EF-StateMachineUpdater] INFO  impl.StateMachineUpdater (StateMachineUpdater.java:takeSnapshot(295)) - bf0d52d7-dce2-4f08-b148-c0add6164c5c@group-6AECEB9247EF-StateMachineUpdater: Took a snapshot at index 0
2024-03-20 21:08:51,785 [bf0d52d7-dce2-4f08-b148-c0add6164c5c@group-6AECEB9247EF-StateMachineUpdater] INFO  impl.StateMachineUpdater (StateMachineUpdater.java:lambda$new$0(98)) - bf0d52d7-dce2-4f08-b148-c0add6164c5c@group-6AECEB9247EF-StateMachineUpdater: snapshotIndex: updateIncreasingly -1 -> 0
2024-03-20 21:08:51,782 [bf0d52d7-dce2-4f08-b148-c0add6164c5c-impl-thread3] INFO  impl.PendingRequests (PendingRequests.java:sendNotLeaderResponses(289)) - bf0d52d7-dce2-4f08-b148-c0add6164c5c@group-A427EA6FC389-PendingRequests: sendNotLeaderResponses
2024-03-20 21:08:51,785 [bf0d52d7-dce2-4f08-b148-c0add6164c5c-impl-thread2] INFO  server.RaftServer$Division (ServerState.java:close(427)) - bf0d52d7-dce2-4f08-b148-c0add6164c5c@group-6AECEB9247EF: applyIndex: 0
2024-03-20 21:08:51,785 [grpc-default-executor-7] INFO  server.GrpcLogAppender (GrpcLogAppender.java:onCompleted(546)) - bf0d52d7-dce2-4f08-b148-c0add6164c5c@group-A427EA6FC389->dcffae99-659e-451a-8106-d35894ce685d-AppendLogResponseHandler: follower responses appendEntries COMPLETED
2024-03-20 21:08:51,785 [grpc-default-executor-7] WARN  server.GrpcLogAppender (GrpcLogAppender.java:resetClient(226)) - bf0d52d7-dce2-4f08-b148-c0add6164c5c@group-A427EA6FC389->dcffae99-659e-451a-8106-d35894ce685d-GrpcLogAppender: Failed to getClient for dcffae99-659e-451a-8106-d35894ce685d
org.apache.ratis.protocol.exceptions.AlreadyClosedException: bf0d52d7-dce2-4f08-b148-c0add6164c5c is already CLOSED
	at org.apache.ratis.util.PeerProxyMap$PeerAndProxy.getProxy(PeerProxyMap.java:65)
	at org.apache.ratis.util.PeerProxyMap.getProxy(PeerProxyMap.java:114)
	at org.apache.ratis.grpc.server.GrpcLogAppender.getClient(GrpcLogAppender.java:196)
	at org.apache.ratis.grpc.server.GrpcLogAppender.resetClient(GrpcLogAppender.java:201)
	at org.apache.ratis.grpc.server.GrpcLogAppender.access$800(GrpcLogAppender.java:62)
	at org.apache.ratis.grpc.server.GrpcLogAppender$AppendLogResponseHandler.onCompleted(GrpcLogAppender.java:547)
	at org.apache.ratis.thirdparty.io.grpc.stub.ClientCalls$StreamObserverToCallListenerAdapter.onClose(ClientCalls.java:479)
	at org.apache.ratis.thirdparty.io.grpc.internal.ClientCallImpl.closeObserver(ClientCallImpl.java:567)
	at org.apache.ratis.thirdparty.io.grpc.internal.ClientCallImpl.access$300(ClientCallImpl.java:71)
	at org.apache.ratis.thirdparty.io.grpc.internal.ClientCallImpl$ClientStreamListenerImpl$1StreamClosed.runInternal(ClientCallImpl.java:735)
	at org.apache.ratis.thirdparty.io.grpc.internal.ClientCallImpl$ClientStreamListenerImpl$1StreamClosed.runInContext(ClientCallImpl.java:716)
	at org.apache.ratis.thirdparty.io.grpc.internal.ContextRunnable.run(ContextRunnable.java:37)
	at org.apache.ratis.thirdparty.io.grpc.internal.SerializingExecutor.run(SerializingExecutor.java:133)
	at java.util.concurrent.ThreadPoolExecutor.runWorker(ThreadPoolExecutor.java:1149)
	at java.util.concurrent.ThreadPoolExecutor$Worker.run(ThreadPoolExecutor.java:624)
	at java.lang.Thread.run(Thread.java:750)
2024-03-20 21:08:51,785 [grpc-default-executor-5] INFO  server.GrpcServerProtocolService (GrpcServerProtocolService.java:lambda$onCompleted$5(159)) - dcffae99-659e-451a-8106-d35894ce685d: Completed APPEND_ENTRIES, lastReply: serverReply {
  requestorId: "bf0d52d7-dce2-4f08-b148-c0add6164c5c"
  replyId: "dcffae99-659e-451a-8106-d35894ce685d"
  raftGroupId {
    id: "_\201B\203\306JAI\221*\244\'\352o\303\211"
  }
  callId: 5
  success: true
}
term: 1
nextIndex: 1
matchIndex: 18446744073709551615
isHearbeat: true

2024-03-20 21:08:51,784 [bf0d52d7-dce2-4f08-b148-c0add6164c5c@group-BBF491953644-cacheEviction-AwaitToRun] INFO  util.AwaitToRun (AwaitToRun.java:run(49)) - bf0d52d7-dce2-4f08-b148-c0add6164c5c@group-BBF491953644-cacheEviction-AwaitToRun-AwaitForSignal is interrupted
2024-03-20 21:08:51,786 [bf0d52d7-dce2-4f08-b148-c0add6164c5c@group-A427EA6FC389-StateMachineUpdater] INFO  ratis.ContainerStateMachine (ContainerStateMachine.java:takeSnapshot(355)) - group-A427EA6FC389: Taking a snapshot at:(t:1, i:0) file /home/runner/work/ozone/ozone/hadoop-ozone/integration-test/target/test-dir/MiniOzoneClusterImpl-bb4c8f07-45f9-422c-bd0c-8b04330ef271/ozone-meta/datanode-1/ratis/5f814283-c64a-4149-912a-a427ea6fc389/sm/snapshot.1_0
2024-03-20 21:08:51,786 [bf0d52d7-dce2-4f08-b148-c0add6164c5c-impl-thread3] INFO  impl.StateMachineUpdater (StateMachineUpdater.java:stopAndJoin(157)) - bf0d52d7-dce2-4f08-b148-c0add6164c5c@group-A427EA6FC389-StateMachineUpdater: set stopIndex = 0
2024-03-20 21:08:51,785 [bf0d52d7-dce2-4f08-b148-c0add6164c5c@group-6AECEB9247EF-cacheEviction-AwaitToRun] INFO  util.AwaitToRun (AwaitToRun.java:run(49)) - bf0d52d7-dce2-4f08-b148-c0add6164c5c@group-6AECEB9247EF-cacheEviction-AwaitToRun-AwaitForSignal is interrupted
2024-03-20 21:08:51,787 [bf0d52d7-dce2-4f08-b148-c0add6164c5c@group-A427EA6FC389-StateMachineUpdater] INFO  ratis.ContainerStateMachine (ContainerStateMachine.java:takeSnapshot(366)) - group-A427EA6FC389: Finished taking a snapshot at:(t:1, i:0) file:/home/runner/work/ozone/ozone/hadoop-ozone/integration-test/target/test-dir/MiniOzoneClusterImpl-bb4c8f07-45f9-422c-bd0c-8b04330ef271/ozone-meta/datanode-1/ratis/5f814283-c64a-4149-912a-a427ea6fc389/sm/snapshot.1_0 took: 2 ms
2024-03-20 21:08:51,788 [grpc-default-executor-5] INFO  server.GrpcLogAppender (GrpcLogAppender.java:onCompleted(546)) - bf0d52d7-dce2-4f08-b148-c0add6164c5c@group-A427EA6FC389->dcffae99-659e-451a-8106-d35894ce685d-AppendLogResponseHandler: follower responses appendEntries COMPLETED
2024-03-20 21:08:51,788 [grpc-default-executor-5] WARN  server.GrpcLogAppender (GrpcLogAppender.java:resetClient(226)) - bf0d52d7-dce2-4f08-b148-c0add6164c5c@group-A427EA6FC389->dcffae99-659e-451a-8106-d35894ce685d-GrpcLogAppender: Failed to getClient for dcffae99-659e-451a-8106-d35894ce685d
org.apache.ratis.protocol.exceptions.AlreadyClosedException: bf0d52d7-dce2-4f08-b148-c0add6164c5c is already CLOSED
	at org.apache.ratis.util.PeerProxyMap$PeerAndProxy.getProxy(PeerProxyMap.java:65)
	at org.apache.ratis.util.PeerProxyMap.getProxy(PeerProxyMap.java:114)
	at org.apache.ratis.grpc.server.GrpcLogAppender.getClient(GrpcLogAppender.java:196)
	at org.apache.ratis.grpc.server.GrpcLogAppender.resetClient(GrpcLogAppender.java:201)
	at org.apache.ratis.grpc.server.GrpcLogAppender.access$800(GrpcLogAppender.java:62)
	at org.apache.ratis.grpc.server.GrpcLogAppender$AppendLogResponseHandler.onCompleted(GrpcLogAppender.java:547)
	at org.apache.ratis.thirdparty.io.grpc.stub.ClientCalls$StreamObserverToCallListenerAdapter.onClose(ClientCalls.java:479)
	at org.apache.ratis.thirdparty.io.grpc.internal.ClientCallImpl.closeObserver(ClientCallImpl.java:567)
	at org.apache.ratis.thirdparty.io.grpc.internal.ClientCallImpl.access$300(ClientCallImpl.java:71)
	at org.apache.ratis.thirdparty.io.grpc.internal.ClientCallImpl$ClientStreamListenerImpl$1StreamClosed.runInternal(ClientCallImpl.java:735)
	at org.apache.ratis.thirdparty.io.grpc.internal.ClientCallImpl$ClientStreamListenerImpl$1StreamClosed.runInContext(ClientCallImpl.java:716)
	at org.apache.ratis.thirdparty.io.grpc.internal.ContextRunnable.run(ContextRunnable.java:37)
	at org.apache.ratis.thirdparty.io.grpc.internal.SerializingExecutor.run(SerializingExecutor.java:133)
	at java.util.concurrent.ThreadPoolExecutor.runWorker(ThreadPoolExecutor.java:1149)
	at java.util.concurrent.ThreadPoolExecutor$Worker.run(ThreadPoolExecutor.java:624)
	at java.lang.Thread.run(Thread.java:750)
2024-03-20 21:08:51,788 [bf0d52d7-dce2-4f08-b148-c0add6164c5c@group-A427EA6FC389-StateMachineUpdater] INFO  impl.StateMachineUpdater (StateMachineUpdater.java:takeSnapshot(295)) - bf0d52d7-dce2-4f08-b148-c0add6164c5c@group-A427EA6FC389-StateMachineUpdater: Took a snapshot at index 0
2024-03-20 21:08:51,788 [bf0d52d7-dce2-4f08-b148-c0add6164c5c@group-A427EA6FC389-StateMachineUpdater] INFO  impl.StateMachineUpdater (StateMachineUpdater.java:lambda$new$0(98)) - bf0d52d7-dce2-4f08-b148-c0add6164c5c@group-A427EA6FC389-StateMachineUpdater: snapshotIndex: updateIncreasingly -1 -> 0
2024-03-20 21:08:51,788 [bf0d52d7-dce2-4f08-b148-c0add6164c5c-impl-thread3] INFO  server.RaftServer$Division (ServerState.java:close(427)) - bf0d52d7-dce2-4f08-b148-c0add6164c5c@group-A427EA6FC389: applyIndex: 0
2024-03-20 21:08:51,788 [bf0d52d7-dce2-4f08-b148-c0add6164c5c@group-A427EA6FC389-cacheEviction-AwaitToRun] INFO  util.AwaitToRun (AwaitToRun.java:run(49)) - bf0d52d7-dce2-4f08-b148-c0add6164c5c@group-A427EA6FC389-cacheEviction-AwaitToRun-AwaitForSignal is interrupted
2024-03-20 21:08:51,789 [ForkJoinPool.commonPool-worker-0] INFO  server.GrpcService (GrpcService.java:closeImpl(320)) - bf0d52d7-dce2-4f08-b148-c0add6164c5c: shutdown server org.apache.ratis.grpc.server.GrpcClientProtocolService successfully
2024-03-20 21:08:51,789 [ForkJoinPool.commonPool-worker-0] INFO  server.GrpcService (GrpcService.java:closeImpl(311)) - bf0d52d7-dce2-4f08-b148-c0add6164c5c: shutdown server GrpcServerProtocolService now
2024-03-20 21:08:51,792 [ForkJoinPool.commonPool-worker-0] INFO  server.GrpcService (GrpcService.java:closeImpl(320)) - bf0d52d7-dce2-4f08-b148-c0add6164c5c: shutdown server GrpcServerProtocolService successfully
2024-03-20 21:08:51,792 [ForkJoinPool.commonPool-worker-0] INFO  server.GrpcService (GrpcService.java:closeImpl(311)) - bf0d52d7-dce2-4f08-b148-c0add6164c5c: shutdown server org.apache.ratis.grpc.server.GrpcAdminProtocolService now
2024-03-20 21:08:51,796 [ForkJoinPool.commonPool-worker-0] INFO  server.GrpcService (GrpcService.java:closeImpl(320)) - bf0d52d7-dce2-4f08-b148-c0add6164c5c: shutdown server org.apache.ratis.grpc.server.GrpcAdminProtocolService successfully
2024-03-20 21:08:51,801 [bf0d52d7-dce2-4f08-b148-c0add6164c5c-NettyServerStreamRpc-bossGroup--thread1] INFO  logging.LoggingHandler (AbstractInternalLogger.java:log(148)) - [id: 0x261f1751, L:/0.0.0.0:15047] CLOSE
2024-03-20 21:08:51,801 [bf0d52d7-dce2-4f08-b148-c0add6164c5c-NettyServerStreamRpc-bossGroup--thread1] INFO  logging.LoggingHandler (AbstractInternalLogger.java:log(148)) - [id: 0x261f1751, L:/0.0.0.0:15047] INACTIVE
2024-03-20 21:08:51,801 [bf0d52d7-dce2-4f08-b148-c0add6164c5c-NettyServerStreamRpc-bossGroup--thread1] INFO  logging.LoggingHandler (AbstractInternalLogger.java:log(148)) - [id: 0x261f1751, L:/0.0.0.0:15047] UNREGISTERED
2024-03-20 21:08:51,801 [bf0d52d7-dce2-4f08-b148-c0add6164c5c-impl-thread3] INFO  segmented.SegmentedRaftLogWorker (SegmentedRaftLogWorker.java:close(245)) - bf0d52d7-dce2-4f08-b148-c0add6164c5c@group-A427EA6FC389-SegmentedRaftLogWorker close()
2024-03-20 21:08:51,834 [bf0d52d7-dce2-4f08-b148-c0add6164c5c-impl-thread2] INFO  segmented.SegmentedRaftLogWorker (SegmentedRaftLogWorker.java:close(245)) - bf0d52d7-dce2-4f08-b148-c0add6164c5c@group-6AECEB9247EF-SegmentedRaftLogWorker close()
2024-03-20 21:08:51,860 [98cad3d9-1aaa-47a5-be17-9665075729ab-impl-thread3] INFO  segmented.SegmentedRaftLogWorker (SegmentedRaftLogWorker.java:close(245)) - 98cad3d9-1aaa-47a5-be17-9665075729ab@group-A427EA6FC389-SegmentedRaftLogWorker close()
2024-03-20 21:08:52,018 [main] INFO  ozoneimpl.OzoneContainer (OzoneContainer.java:stop(481)) - Attempting to stop container services.
2024-03-20 21:08:52,019 [ContainerMetadataScanner] WARN  ozoneimpl.AbstractBackgroundContainerScanner (AbstractBackgroundContainerScanner.java:handleRemainingSleep(134)) - Background container scan was interrupted.
2024-03-20 21:08:52,019 [ContainerMetadataScanner] INFO  ozoneimpl.AbstractBackgroundContainerScanner (AbstractBackgroundContainerScanner.java:run(61)) - Thread[ContainerMetadataScanner,5,main] exiting.
2024-03-20 21:08:52,019 [main] INFO  ozoneimpl.BackgroundContainerDataScanner (BackgroundContainerDataScanner.java:shutdown(141)) - ContainerDataScanner(/home/runner/work/ozone/ozone/hadoop-ozone/integration-test/target/test-dir/MiniOzoneClusterImpl-bb4c8f07-45f9-422c-bd0c-8b04330ef271/ozone-meta/datanode-2/data-0/hdds) is shutting down. 
2024-03-20 21:08:52,019 [ContainerDataScanner(/home/runner/work/ozone/ozone/hadoop-ozone/integration-test/target/test-dir/MiniOzoneClusterImpl-bb4c8f07-45f9-422c-bd0c-8b04330ef271/ozone-meta/datanode-2/data-0/hdds)] WARN  ozoneimpl.AbstractBackgroundContainerScanner (AbstractBackgroundContainerScanner.java:handleRemainingSleep(134)) - Background container scan was interrupted.
2024-03-20 21:08:52,019 [ContainerDataScanner(/home/runner/work/ozone/ozone/hadoop-ozone/integration-test/target/test-dir/MiniOzoneClusterImpl-bb4c8f07-45f9-422c-bd0c-8b04330ef271/ozone-meta/datanode-2/data-0/hdds)] INFO  ozoneimpl.AbstractBackgroundContainerScanner (AbstractBackgroundContainerScanner.java:run(61)) - ContainerDataScanner(/home/runner/work/ozone/ozone/hadoop-ozone/integration-test/target/test-dir/MiniOzoneClusterImpl-bb4c8f07-45f9-422c-bd0c-8b04330ef271/ozone-meta/datanode-2/data-0/hdds, DS-9d197009-63e7-4d9d-907b-7577aa32e07d) exiting.
2024-03-20 21:08:52,020 [dcffae99-659e-451a-8106-d35894ce685d-EndpointStateMachineTaskThread-/127.0.0.1:15012-0 ] INFO  ipc.Client (Client.java:handleConnectionFailure(950)) - Retrying connect to server: localhost/127.0.0.1:15012. Already tried 2 time(s); retry policy is RetryUpToMaximumCountWithFixedSleep(maxRetries=15, sleepTime=1000 MILLISECONDS)
2024-03-20 21:08:52,021 [main] INFO  server.RaftServer (RaftServerProxy.java:lambda$close$9(416)) - dcffae99-659e-451a-8106-d35894ce685d: close
2024-03-20 21:08:52,021 [dcffae99-659e-451a-8106-d35894ce685d-impl-thread1] INFO  server.RaftServer$Division (RaftServerImpl.java:lambda$close$3(526)) - dcffae99-659e-451a-8106-d35894ce685d@group-741CADF3ADA5: shutdown
2024-03-20 21:08:52,021 [dcffae99-659e-451a-8106-d35894ce685d-impl-thread1] INFO  util.JmxRegister (JmxRegister.java:unregister(73)) - Successfully un-registered JMX Bean with object name Ratis:service=RaftServer,group=group-741CADF3ADA5,id=dcffae99-659e-451a-8106-d35894ce685d
2024-03-20 21:08:52,020 [dcffae99-659e-451a-8106-d35894ce685d-EndpointStateMachineTaskThread-/127.0.0.1:15020-0 ] INFO  ipc.Client (Client.java:handleConnectionFailure(950)) - Retrying connect to server: localhost/127.0.0.1:15020. Already tried 1 time(s); retry policy is RetryUpToMaximumCountWithFixedSleep(maxRetries=15, sleepTime=1000 MILLISECONDS)
2024-03-20 21:08:52,021 [main] INFO  server.GrpcService (GrpcService.java:closeImpl(311)) - dcffae99-659e-451a-8106-d35894ce685d: shutdown server org.apache.ratis.grpc.server.GrpcClientProtocolService now
2024-03-20 21:08:52,021 [dcffae99-659e-451a-8106-d35894ce685d-impl-thread2] INFO  server.RaftServer$Division (RaftServerImpl.java:lambda$close$3(526)) - dcffae99-659e-451a-8106-d35894ce685d@group-6AECEB9247EF: shutdown
2024-03-20 21:08:52,021 [dcffae99-659e-451a-8106-d35894ce685d-impl-thread2] INFO  util.JmxRegister (JmxRegister.java:unregister(73)) - Successfully un-registered JMX Bean with object name Ratis:service=RaftServer,group=group-6AECEB9247EF,id=dcffae99-659e-451a-8106-d35894ce685d
2024-03-20 21:08:52,021 [dcffae99-659e-451a-8106-d35894ce685d-impl-thread2] INFO  impl.RoleInfo (RoleInfo.java:shutdownFollowerState(110)) - dcffae99-659e-451a-8106-d35894ce685d: shutdown dcffae99-659e-451a-8106-d35894ce685d@group-6AECEB9247EF-FollowerState
2024-03-20 21:08:52,021 [dcffae99-659e-451a-8106-d35894ce685d-impl-thread1] INFO  impl.RoleInfo (RoleInfo.java:shutdownLeaderState(94)) - dcffae99-659e-451a-8106-d35894ce685d: shutdown dcffae99-659e-451a-8106-d35894ce685d@group-741CADF3ADA5-LeaderStateImpl
2024-03-20 21:08:52,022 [dcffae99-659e-451a-8106-d35894ce685d-impl-thread3] INFO  server.RaftServer$Division (RaftServerImpl.java:lambda$close$3(526)) - dcffae99-659e-451a-8106-d35894ce685d@group-A427EA6FC389: shutdown
2024-03-20 21:08:52,022 [dcffae99-659e-451a-8106-d35894ce685d-impl-thread1] INFO  impl.PendingRequests (PendingRequests.java:sendNotLeaderResponses(289)) - dcffae99-659e-451a-8106-d35894ce685d@group-741CADF3ADA5-PendingRequests: sendNotLeaderResponses
2024-03-20 21:08:52,022 [dcffae99-659e-451a-8106-d35894ce685d-impl-thread1] INFO  impl.StateMachineUpdater (StateMachineUpdater.java:stopAndJoin(157)) - dcffae99-659e-451a-8106-d35894ce685d@group-741CADF3ADA5-StateMachineUpdater: set stopIndex = 0
2024-03-20 21:08:52,022 [dcffae99-659e-451a-8106-d35894ce685d-impl-thread3] INFO  util.JmxRegister (JmxRegister.java:unregister(73)) - Successfully un-registered JMX Bean with object name Ratis:service=RaftServer,group=group-A427EA6FC389,id=dcffae99-659e-451a-8106-d35894ce685d
2024-03-20 21:08:52,022 [dcffae99-659e-451a-8106-d35894ce685d-impl-thread3] INFO  impl.RoleInfo (RoleInfo.java:shutdownFollowerState(110)) - dcffae99-659e-451a-8106-d35894ce685d: shutdown dcffae99-659e-451a-8106-d35894ce685d@group-A427EA6FC389-FollowerState
2024-03-20 21:08:52,022 [dcffae99-659e-451a-8106-d35894ce685d-impl-thread3] INFO  impl.StateMachineUpdater (StateMachineUpdater.java:stopAndJoin(157)) - dcffae99-659e-451a-8106-d35894ce685d@group-A427EA6FC389-StateMachineUpdater: set stopIndex = 0
2024-03-20 21:08:52,022 [dcffae99-659e-451a-8106-d35894ce685d@group-A427EA6FC389-StateMachineUpdater] INFO  ratis.ContainerStateMachine (ContainerStateMachine.java:takeSnapshot(355)) - group-A427EA6FC389: Taking a snapshot at:(t:1, i:0) file /home/runner/work/ozone/ozone/hadoop-ozone/integration-test/target/test-dir/MiniOzoneClusterImpl-bb4c8f07-45f9-422c-bd0c-8b04330ef271/ozone-meta/datanode-2/ratis/5f814283-c64a-4149-912a-a427ea6fc389/sm/snapshot.1_0
2024-03-20 21:08:52,022 [dcffae99-659e-451a-8106-d35894ce685d@group-741CADF3ADA5-StateMachineUpdater] INFO  ratis.ContainerStateMachine (ContainerStateMachine.java:takeSnapshot(355)) - group-741CADF3ADA5: Taking a snapshot at:(t:1, i:0) file /home/runner/work/ozone/ozone/hadoop-ozone/integration-test/target/test-dir/MiniOzoneClusterImpl-bb4c8f07-45f9-422c-bd0c-8b04330ef271/ozone-meta/datanode-2/ratis/e61e95d5-bd41-4202-9183-741cadf3ada5/sm/snapshot.1_0
2024-03-20 21:08:52,023 [main] INFO  server.GrpcService (GrpcService.java:closeImpl(320)) - dcffae99-659e-451a-8106-d35894ce685d: shutdown server org.apache.ratis.grpc.server.GrpcClientProtocolService successfully
2024-03-20 21:08:52,023 [main] INFO  server.GrpcService (GrpcService.java:closeImpl(311)) - dcffae99-659e-451a-8106-d35894ce685d: shutdown server GrpcServerProtocolService now
2024-03-20 21:08:52,022 [dcffae99-659e-451a-8106-d35894ce685d@group-A427EA6FC389-FollowerState] INFO  impl.FollowerState (FollowerState.java:run(152)) - dcffae99-659e-451a-8106-d35894ce685d@group-A427EA6FC389-FollowerState was interrupted
2024-03-20 21:08:52,024 [dcffae99-659e-451a-8106-d35894ce685d@group-741CADF3ADA5-StateMachineUpdater] INFO  ratis.ContainerStateMachine (ContainerStateMachine.java:takeSnapshot(366)) - group-741CADF3ADA5: Finished taking a snapshot at:(t:1, i:0) file:/home/runner/work/ozone/ozone/hadoop-ozone/integration-test/target/test-dir/MiniOzoneClusterImpl-bb4c8f07-45f9-422c-bd0c-8b04330ef271/ozone-meta/datanode-2/ratis/e61e95d5-bd41-4202-9183-741cadf3ada5/sm/snapshot.1_0 took: 2 ms
2024-03-20 21:08:52,023 [dcffae99-659e-451a-8106-d35894ce685d@group-A427EA6FC389-StateMachineUpdater] INFO  ratis.ContainerStateMachine (ContainerStateMachine.java:takeSnapshot(366)) - group-A427EA6FC389: Finished taking a snapshot at:(t:1, i:0) file:/home/runner/work/ozone/ozone/hadoop-ozone/integration-test/target/test-dir/MiniOzoneClusterImpl-bb4c8f07-45f9-422c-bd0c-8b04330ef271/ozone-meta/datanode-2/ratis/5f814283-c64a-4149-912a-a427ea6fc389/sm/snapshot.1_0 took: 1 ms
2024-03-20 21:08:52,024 [dcffae99-659e-451a-8106-d35894ce685d@group-6AECEB9247EF-StateMachineUpdater] INFO  ratis.ContainerStateMachine (ContainerStateMachine.java:takeSnapshot(355)) - group-6AECEB9247EF: Taking a snapshot at:(t:1, i:0) file /home/runner/work/ozone/ozone/hadoop-ozone/integration-test/target/test-dir/MiniOzoneClusterImpl-bb4c8f07-45f9-422c-bd0c-8b04330ef271/ozone-meta/datanode-2/ratis/e99019a7-6291-4484-a6e6-6aeceb9247ef/sm/snapshot.1_0
2024-03-20 21:08:52,024 [dcffae99-659e-451a-8106-d35894ce685d@group-6AECEB9247EF-FollowerState] INFO  impl.FollowerState (FollowerState.java:run(152)) - dcffae99-659e-451a-8106-d35894ce685d@group-6AECEB9247EF-FollowerState was interrupted
2024-03-20 21:08:52,024 [dcffae99-659e-451a-8106-d35894ce685d-impl-thread2] INFO  impl.StateMachineUpdater (StateMachineUpdater.java:stopAndJoin(157)) - dcffae99-659e-451a-8106-d35894ce685d@group-6AECEB9247EF-StateMachineUpdater: set stopIndex = 0
2024-03-20 21:08:52,024 [dcffae99-659e-451a-8106-d35894ce685d@group-741CADF3ADA5-StateMachineUpdater] INFO  impl.StateMachineUpdater (StateMachineUpdater.java:takeSnapshot(295)) - dcffae99-659e-451a-8106-d35894ce685d@group-741CADF3ADA5-StateMachineUpdater: Took a snapshot at index 0
2024-03-20 21:08:52,025 [dcffae99-659e-451a-8106-d35894ce685d@group-741CADF3ADA5-StateMachineUpdater] INFO  impl.StateMachineUpdater (StateMachineUpdater.java:lambda$new$0(98)) - dcffae99-659e-451a-8106-d35894ce685d@group-741CADF3ADA5-StateMachineUpdater: snapshotIndex: updateIncreasingly -1 -> 0
2024-03-20 21:08:52,025 [dcffae99-659e-451a-8106-d35894ce685d@group-6AECEB9247EF-StateMachineUpdater] INFO  ratis.ContainerStateMachine (ContainerStateMachine.java:takeSnapshot(366)) - group-6AECEB9247EF: Finished taking a snapshot at:(t:1, i:0) file:/home/runner/work/ozone/ozone/hadoop-ozone/integration-test/target/test-dir/MiniOzoneClusterImpl-bb4c8f07-45f9-422c-bd0c-8b04330ef271/ozone-meta/datanode-2/ratis/e99019a7-6291-4484-a6e6-6aeceb9247ef/sm/snapshot.1_0 took: 1 ms
2024-03-20 21:08:52,024 [dcffae99-659e-451a-8106-d35894ce685d@group-A427EA6FC389-StateMachineUpdater] INFO  impl.StateMachineUpdater (StateMachineUpdater.java:takeSnapshot(295)) - dcffae99-659e-451a-8106-d35894ce685d@group-A427EA6FC389-StateMachineUpdater: Took a snapshot at index 0
2024-03-20 21:08:52,025 [dcffae99-659e-451a-8106-d35894ce685d@group-A427EA6FC389-StateMachineUpdater] INFO  impl.StateMachineUpdater (StateMachineUpdater.java:lambda$new$0(98)) - dcffae99-659e-451a-8106-d35894ce685d@group-A427EA6FC389-StateMachineUpdater: snapshotIndex: updateIncreasingly -1 -> 0
2024-03-20 21:08:52,025 [dcffae99-659e-451a-8106-d35894ce685d-impl-thread1] INFO  server.RaftServer$Division (ServerState.java:close(427)) - dcffae99-659e-451a-8106-d35894ce685d@group-741CADF3ADA5: applyIndex: 0
2024-03-20 21:08:52,026 [dcffae99-659e-451a-8106-d35894ce685d@group-741CADF3ADA5-cacheEviction-AwaitToRun] INFO  util.AwaitToRun (AwaitToRun.java:run(49)) - dcffae99-659e-451a-8106-d35894ce685d@group-741CADF3ADA5-cacheEviction-AwaitToRun-AwaitForSignal is interrupted
2024-03-20 21:08:52,026 [dcffae99-659e-451a-8106-d35894ce685d-impl-thread3] INFO  server.RaftServer$Division (ServerState.java:close(427)) - dcffae99-659e-451a-8106-d35894ce685d@group-A427EA6FC389: applyIndex: 0
2024-03-20 21:08:52,026 [dcffae99-659e-451a-8106-d35894ce685d@group-A427EA6FC389-cacheEviction-AwaitToRun] INFO  util.AwaitToRun (AwaitToRun.java:run(49)) - dcffae99-659e-451a-8106-d35894ce685d@group-A427EA6FC389-cacheEviction-AwaitToRun-AwaitForSignal is interrupted
2024-03-20 21:08:52,025 [dcffae99-659e-451a-8106-d35894ce685d@group-6AECEB9247EF-StateMachineUpdater] INFO  impl.StateMachineUpdater (StateMachineUpdater.java:takeSnapshot(295)) - dcffae99-659e-451a-8106-d35894ce685d@group-6AECEB9247EF-StateMachineUpdater: Took a snapshot at index 0
2024-03-20 21:08:52,029 [dcffae99-659e-451a-8106-d35894ce685d@group-6AECEB9247EF-StateMachineUpdater] INFO  impl.StateMachineUpdater (StateMachineUpdater.java:lambda$new$0(98)) - dcffae99-659e-451a-8106-d35894ce685d@group-6AECEB9247EF-StateMachineUpdater: snapshotIndex: updateIncreasingly -1 -> 0
2024-03-20 21:08:52,029 [main] INFO  server.GrpcService (GrpcService.java:closeImpl(320)) - dcffae99-659e-451a-8106-d35894ce685d: shutdown server GrpcServerProtocolService successfully
2024-03-20 21:08:52,029 [main] INFO  server.GrpcService (GrpcService.java:closeImpl(311)) - dcffae99-659e-451a-8106-d35894ce685d: shutdown server org.apache.ratis.grpc.server.GrpcAdminProtocolService now
2024-03-20 21:08:52,029 [dcffae99-659e-451a-8106-d35894ce685d-impl-thread2] INFO  server.RaftServer$Division (ServerState.java:close(427)) - dcffae99-659e-451a-8106-d35894ce685d@group-6AECEB9247EF: applyIndex: 0
2024-03-20 21:08:52,030 [dcffae99-659e-451a-8106-d35894ce685d@group-6AECEB9247EF-cacheEviction-AwaitToRun] INFO  util.AwaitToRun (AwaitToRun.java:run(49)) - dcffae99-659e-451a-8106-d35894ce685d@group-6AECEB9247EF-cacheEviction-AwaitToRun-AwaitForSignal is interrupted
2024-03-20 21:08:52,030 [dcffae99-659e-451a-8106-d35894ce685d-impl-thread1] INFO  segmented.SegmentedRaftLogWorker (SegmentedRaftLogWorker.java:close(245)) - dcffae99-659e-451a-8106-d35894ce685d@group-741CADF3ADA5-SegmentedRaftLogWorker close()
2024-03-20 21:08:52,032 [main] INFO  server.GrpcService (GrpcService.java:closeImpl(320)) - dcffae99-659e-451a-8106-d35894ce685d: shutdown server org.apache.ratis.grpc.server.GrpcAdminProtocolService successfully
2024-03-20 21:08:52,036 [dcffae99-659e-451a-8106-d35894ce685d-NettyServerStreamRpc-bossGroup--thread1] INFO  logging.LoggingHandler (AbstractInternalLogger.java:log(148)) - [id: 0xd29e6233, L:/0.0.0.0:15056] CLOSE
2024-03-20 21:08:52,036 [dcffae99-659e-451a-8106-d35894ce685d-NettyServerStreamRpc-bossGroup--thread1] INFO  logging.LoggingHandler (AbstractInternalLogger.java:log(148)) - [id: 0xd29e6233, L:/0.0.0.0:15056] INACTIVE
2024-03-20 21:08:52,036 [dcffae99-659e-451a-8106-d35894ce685d-NettyServerStreamRpc-bossGroup--thread1] INFO  logging.LoggingHandler (AbstractInternalLogger.java:log(148)) - [id: 0xd29e6233, L:/0.0.0.0:15056] UNREGISTERED
2024-03-20 21:08:52,375 [SecretKeyPoller] INFO  retry.RetryInvocationHandler (RetryInvocationHandler.java:log(422)) - com.google.protobuf.ServiceException: java.net.ConnectException: Call From fv-az1053-74/10.1.0.34 to localhost:15010 failed on connection exception: java.net.ConnectException: Connection refused; For more details see:  http://wiki.apache.org/hadoop/ConnectionRefused, while invoking $Proxy58.submitRequest over nodeId=scmNode-2,nodeAddress=/127.0.0.1:15010 after 1 failover attempts. Trying to failover after sleeping for 2000ms. Current retry count: 1.
2024-03-20 21:08:52,375 [SecretKeyPoller] INFO  retry.RetryInvocationHandler (RetryInvocationHandler.java:log(422)) - com.google.protobuf.ServiceException: java.net.ConnectException: Call From fv-az1053-74/10.1.0.34 to localhost:15010 failed on connection exception: java.net.ConnectException: Connection refused; For more details see:  http://wiki.apache.org/hadoop/ConnectionRefused, while invoking $Proxy58.submitRequest over nodeId=scmNode-2,nodeAddress=/127.0.0.1:15010 after 1 failover attempts. Trying to failover after sleeping for 2000ms. Current retry count: 1.
2024-03-20 21:08:52,376 [SecretKeyPoller] INFO  retry.RetryInvocationHandler (RetryInvocationHandler.java:log(422)) - com.google.protobuf.ServiceException: java.net.ConnectException: Call From fv-az1053-74/10.1.0.34 to localhost:15010 failed on connection exception: java.net.ConnectException: Connection refused; For more details see:  http://wiki.apache.org/hadoop/ConnectionRefused, while invoking $Proxy58.submitRequest over nodeId=scmNode-2,nodeAddress=/127.0.0.1:15010 after 1 failover attempts. Trying to failover after sleeping for 2000ms. Current retry count: 1.
2024-03-20 21:08:52,379 [98cad3d9-1aaa-47a5-be17-9665075729ab-EndpointStateMachineTaskThread-/127.0.0.1:15012-0 ] INFO  ipc.Client (Client.java:handleConnectionFailure(950)) - Retrying connect to server: localhost/127.0.0.1:15012. Already tried 2 time(s); retry policy is RetryUpToMaximumCountWithFixedSleep(maxRetries=15, sleepTime=1000 MILLISECONDS)
2024-03-20 21:08:52,379 [98cad3d9-1aaa-47a5-be17-9665075729ab-EndpointStateMachineTaskThread-/127.0.0.1:15020-0 ] INFO  ipc.Client (Client.java:handleConnectionFailure(950)) - Retrying connect to server: localhost/127.0.0.1:15020. Already tried 1 time(s); retry policy is RetryUpToMaximumCountWithFixedSleep(maxRetries=15, sleepTime=1000 MILLISECONDS)
2024-03-20 21:08:52,390 [98cad3d9-1aaa-47a5-be17-9665075729ab-impl-thread1] INFO  segmented.SegmentedRaftLogWorker (SegmentedRaftLogWorker.java:close(245)) - 98cad3d9-1aaa-47a5-be17-9665075729ab@group-C82C6F4B1089-SegmentedRaftLogWorker close()
2024-03-20 21:08:52,391 [JvmPauseMonitor7] INFO  util.JvmPauseMonitor (JvmPauseMonitor.java:run(152)) - JvmPauseMonitor-98cad3d9-1aaa-47a5-be17-9665075729ab: Stopped
2024-03-20 21:08:52,651 [bf0d52d7-dce2-4f08-b148-c0add6164c5c-impl-thread1] INFO  segmented.SegmentedRaftLogWorker (SegmentedRaftLogWorker.java:close(245)) - bf0d52d7-dce2-4f08-b148-c0add6164c5c@group-BBF491953644-SegmentedRaftLogWorker close()
2024-03-20 21:08:52,653 [JvmPauseMonitor5] INFO  util.JvmPauseMonitor (JvmPauseMonitor.java:run(152)) - JvmPauseMonitor-bf0d52d7-dce2-4f08-b148-c0add6164c5c: Stopped
2024-03-20 21:08:52,827 [dcffae99-659e-451a-8106-d35894ce685d-impl-thread2] INFO  segmented.SegmentedRaftLogWorker (SegmentedRaftLogWorker.java:close(245)) - dcffae99-659e-451a-8106-d35894ce685d@group-6AECEB9247EF-SegmentedRaftLogWorker close()
2024-03-20 21:08:52,869 [dcffae99-659e-451a-8106-d35894ce685d-impl-thread3] INFO  segmented.SegmentedRaftLogWorker (SegmentedRaftLogWorker.java:close(245)) - dcffae99-659e-451a-8106-d35894ce685d@group-A427EA6FC389-SegmentedRaftLogWorker close()
2024-03-20 21:08:52,869 [JvmPauseMonitor6] INFO  util.JvmPauseMonitor (JvmPauseMonitor.java:run(152)) - JvmPauseMonitor-dcffae99-659e-451a-8106-d35894ce685d: Stopped
2024-03-20 21:08:53,021 [dcffae99-659e-451a-8106-d35894ce685d-EndpointStateMachineTaskThread-/127.0.0.1:15012-0 ] INFO  ipc.Client (Client.java:handleConnectionFailure(950)) - Retrying connect to server: localhost/127.0.0.1:15012. Already tried 3 time(s); retry policy is RetryUpToMaximumCountWithFixedSleep(maxRetries=15, sleepTime=1000 MILLISECONDS)
2024-03-20 21:08:53,021 [dcffae99-659e-451a-8106-d35894ce685d-EndpointStateMachineTaskThread-/127.0.0.1:15020-0 ] INFO  ipc.Client (Client.java:handleConnectionFailure(950)) - Retrying connect to server: localhost/127.0.0.1:15020. Already tried 2 time(s); retry policy is RetryUpToMaximumCountWithFixedSleep(maxRetries=15, sleepTime=1000 MILLISECONDS)
2024-03-20 21:08:53,379 [98cad3d9-1aaa-47a5-be17-9665075729ab-EndpointStateMachineTaskThread-/127.0.0.1:15012-0 ] INFO  ipc.Client (Client.java:handleConnectionFailure(950)) - Retrying connect to server: localhost/127.0.0.1:15012. Already tried 3 time(s); retry policy is RetryUpToMaximumCountWithFixedSleep(maxRetries=15, sleepTime=1000 MILLISECONDS)
2024-03-20 21:08:53,380 [98cad3d9-1aaa-47a5-be17-9665075729ab-EndpointStateMachineTaskThread-/127.0.0.1:15020-0 ] INFO  ipc.Client (Client.java:handleConnectionFailure(950)) - Retrying connect to server: localhost/127.0.0.1:15020. Already tried 2 time(s); retry policy is RetryUpToMaximumCountWithFixedSleep(maxRetries=15, sleepTime=1000 MILLISECONDS)
2024-03-20 21:08:53,451 [timer1] WARN  server.GrpcLogAppender (LogUtils.java:warn(121)) - 1ba87fbc-452a-4836-9768-c65c67837df8@group-8B04330EF271->be2411e5-a42d-476f-b25b-d7f87790d2c1-AppendLogResponseHandler: Failed appendEntries (Repeated 8 times in the last 5.002s): org.apache.ratis.thirdparty.io.grpc.StatusRuntimeException: UNAVAILABLE: io exception
2024-03-20 21:08:53,452 [timer2] WARN  server.GrpcLogAppender (GrpcLogAppender.java:lambda$resetClient$1(217)) - 1ba87fbc-452a-4836-9768-c65c67837df8@group-8B04330EF271->be2411e5-a42d-476f-b25b-d7f87790d2c1-GrpcLogAppender: Follower failed (request=null, errorCount=2); keep nextIndex (103) unchanged and retry. (Repeated 2 times in the last 5.000s)
2024-03-20 21:08:54,022 [dcffae99-659e-451a-8106-d35894ce685d-EndpointStateMachineTaskThread-/127.0.0.1:15012-0 ] INFO  ipc.Client (Client.java:handleConnectionFailure(950)) - Retrying connect to server: localhost/127.0.0.1:15012. Already tried 4 time(s); retry policy is RetryUpToMaximumCountWithFixedSleep(maxRetries=15, sleepTime=1000 MILLISECONDS)
2024-03-20 21:08:54,022 [dcffae99-659e-451a-8106-d35894ce685d-EndpointStateMachineTaskThread-/127.0.0.1:15020-0 ] INFO  ipc.Client (Client.java:handleConnectionFailure(950)) - Retrying connect to server: localhost/127.0.0.1:15020. Already tried 3 time(s); retry policy is RetryUpToMaximumCountWithFixedSleep(maxRetries=15, sleepTime=1000 MILLISECONDS)
2024-03-20 21:08:54,293 [timer5] WARN  server.GrpcLogAppender (GrpcLogAppender.java:lambda$resetClient$1(217)) - 1ba87fbc-452a-4836-9768-c65c67837df8@group-8B04330EF271->be2411e5-a42d-476f-b25b-d7f87790d2c1-GrpcLogAppender: Follower failed (request=null, errorCount=4); keep nextIndex (104) unchanged and retry. (Repeated 2 times in the last 5.000s)
2024-03-20 21:08:54,305 [timer7] WARN  server.GrpcLogAppender (GrpcLogAppender.java:lambda$resetClient$1(217)) - 1ba87fbc-452a-4836-9768-c65c67837df8@group-8B04330EF271->be2411e5-a42d-476f-b25b-d7f87790d2c1-GrpcLogAppender: Follower failed (request=null, errorCount=6); keep nextIndex (105) unchanged and retry. (Repeated 2 times in the last 5.000s)
2024-03-20 21:08:54,378 [SecretKeyPoller] INFO  retry.RetryInvocationHandler (RetryInvocationHandler.java:log(422)) - com.google.protobuf.ServiceException: java.net.ConnectException: Call From fv-az1053-74/10.1.0.34 to localhost:15018 failed on connection exception: java.net.ConnectException: Connection refused; For more details see:  http://wiki.apache.org/hadoop/ConnectionRefused, while invoking $Proxy58.submitRequest over nodeId=scmNode-3,nodeAddress=/127.0.0.1:15018 after 2 failover attempts. Trying to failover after sleeping for 2000ms. Current retry count: 2.
2024-03-20 21:08:54,378 [SecretKeyPoller] INFO  retry.RetryInvocationHandler (RetryInvocationHandler.java:log(422)) - com.google.protobuf.ServiceException: java.net.ConnectException: Call From fv-az1053-74/10.1.0.34 to localhost:15018 failed on connection exception: java.net.ConnectException: Connection refused; For more details see:  http://wiki.apache.org/hadoop/ConnectionRefused, while invoking $Proxy58.submitRequest over nodeId=scmNode-3,nodeAddress=/127.0.0.1:15018 after 2 failover attempts. Trying to failover after sleeping for 2000ms. Current retry count: 2.
2024-03-20 21:08:54,378 [SecretKeyPoller] INFO  retry.RetryInvocationHandler (RetryInvocationHandler.java:log(422)) - com.google.protobuf.ServiceException: java.net.ConnectException: Call From fv-az1053-74/10.1.0.34 to localhost:15018 failed on connection exception: java.net.ConnectException: Connection refused; For more details see:  http://wiki.apache.org/hadoop/ConnectionRefused, while invoking $Proxy58.submitRequest over nodeId=scmNode-3,nodeAddress=/127.0.0.1:15018 after 2 failover attempts. Trying to failover after sleeping for 2000ms. Current retry count: 2.
2024-03-20 21:08:54,380 [98cad3d9-1aaa-47a5-be17-9665075729ab-EndpointStateMachineTaskThread-/127.0.0.1:15020-0 ] INFO  ipc.Client (Client.java:handleConnectionFailure(950)) - Retrying connect to server: localhost/127.0.0.1:15020. Already tried 3 time(s); retry policy is RetryUpToMaximumCountWithFixedSleep(maxRetries=15, sleepTime=1000 MILLISECONDS)
2024-03-20 21:08:54,380 [98cad3d9-1aaa-47a5-be17-9665075729ab-EndpointStateMachineTaskThread-/127.0.0.1:15012-0 ] INFO  ipc.Client (Client.java:handleConnectionFailure(950)) - Retrying connect to server: localhost/127.0.0.1:15012. Already tried 4 time(s); retry policy is RetryUpToMaximumCountWithFixedSleep(maxRetries=15, sleepTime=1000 MILLISECONDS)
2024-03-20 21:08:54,403 [ForkJoinPool.commonPool-worker-1] INFO  utils.DatanodeStoreCache (DatanodeStoreCache.java:shutdownCache(116)) - Skip clearing cache in mini cluster mode. Entries left: [/home/runner/work/ozone/ozone/hadoop-ozone/integration-test/target/test-dir/MiniOzoneClusterImpl-bb4c8f07-45f9-422c-bd0c-8b04330ef271/ozone-meta/datanode-1/data-0/hdds/bb4c8f07-45f9-422c-bd0c-8b04330ef271/DS-4d6921c5-10b9-476b-b1b8-1cebe3fef184/container.db, /home/runner/work/ozone/ozone/hadoop-ozone/integration-test/target/test-dir/MiniOzoneClusterImpl-bb4c8f07-45f9-422c-bd0c-8b04330ef271/ozone-meta/datanode-2/data-0/hdds/bb4c8f07-45f9-422c-bd0c-8b04330ef271/DS-9d197009-63e7-4d9d-907b-7577aa32e07d/container.db, /home/runner/work/ozone/ozone/hadoop-ozone/integration-test/target/test-dir/MiniOzoneClusterImpl-bb4c8f07-45f9-422c-bd0c-8b04330ef271/ozone-meta/datanode-3/data-0/hdds/bb4c8f07-45f9-422c-bd0c-8b04330ef271/DS-54b5c78b-3e06-42c7-8792-b71bfdbadeb9/container.db]
2024-03-20 21:08:54,404 [ForkJoinPool.commonPool-worker-1] INFO  utils.DatanodeStoreCache (DatanodeStoreCache.java:removeDB(110)) - Removed db /home/runner/work/ozone/ozone/hadoop-ozone/integration-test/target/test-dir/MiniOzoneClusterImpl-bb4c8f07-45f9-422c-bd0c-8b04330ef271/ozone-meta/datanode-3/data-0/hdds/bb4c8f07-45f9-422c-bd0c-8b04330ef271/DS-54b5c78b-3e06-42c7-8792-b71bfdbadeb9/container.db from cache
2024-03-20 21:08:54,404 [ForkJoinPool.commonPool-worker-1] INFO  volume.HddsVolume (HddsVolume.java:closeDbStore(451)) - SchemaV3 db is stopped at /home/runner/work/ozone/ozone/hadoop-ozone/integration-test/target/test-dir/MiniOzoneClusterImpl-bb4c8f07-45f9-422c-bd0c-8b04330ef271/ozone-meta/datanode-3/data-0/hdds/bb4c8f07-45f9-422c-bd0c-8b04330ef271/DS-54b5c78b-3e06-42c7-8792-b71bfdbadeb9/container.db for volume DS-54b5c78b-3e06-42c7-8792-b71bfdbadeb9
2024-03-20 21:08:54,405 [ForkJoinPool.commonPool-worker-1] INFO  utils.BackgroundService (BackgroundService.java:shutdown(160)) - Shutting down service BlockDeletingService
2024-03-20 21:08:54,405 [ForkJoinPool.commonPool-worker-1] INFO  utils.BackgroundService (BackgroundService.java:shutdown(160)) - Shutting down service StaleRecoveringContainerScrubbingService
2024-03-20 21:08:54,406 [ForkJoinPool.commonPool-worker-1] INFO  statemachine.DatanodeStateMachine (DatanodeStateMachine.java:stopDaemon(638)) - Ozone container server stopped.
2024-03-20 21:08:54,408 [ForkJoinPool.commonPool-worker-1] INFO  handler.ContextHandler (ContextHandler.java:doStop(1159)) - Stopped o.e.j.w.WebAppContext@11d5c69f{hddsDatanode,/,null,STOPPED}{jar:file:/home/runner/.m2/repository/org/apache/ozone/hdds-container-service/1.5.0-SNAPSHOT/hdds-container-service-1.5.0-SNAPSHOT.jar!/webapps/hddsDatanode}
2024-03-20 21:08:54,409 [ForkJoinPool.commonPool-worker-1] INFO  server.AbstractConnector (AbstractConnector.java:doStop(383)) - Stopped ServerConnector@55f7ee10{HTTP/1.1, (http/1.1)}{0.0.0.0:15059}
2024-03-20 21:08:54,409 [ForkJoinPool.commonPool-worker-1] INFO  server.session (HouseKeeper.java:stopScavenging(149)) - node0 Stopped scavenging
2024-03-20 21:08:54,409 [ForkJoinPool.commonPool-worker-1] INFO  handler.ContextHandler (ContextHandler.java:doStop(1159)) - Stopped o.e.j.s.ServletContextHandler@904ccf7{static,/static,jar:file:/home/runner/.m2/repository/org/apache/ozone/hdds-container-service/1.5.0-SNAPSHOT/hdds-container-service-1.5.0-SNAPSHOT.jar!/webapps/static,STOPPED}
2024-03-20 21:08:54,410 [ForkJoinPool.commonPool-worker-1] INFO  handler.ContextHandler (ContextHandler.java:doStop(1159)) - Stopped o.e.j.s.ServletContextHandler@73b0c606{logs,/logs,file:///home/runner/work/ozone/ozone/hadoop-ozone/integration-test/target/log,STOPPED}
2024-03-20 21:08:54,410 [ForkJoinPool.commonPool-worker-1] INFO  ozone.HddsDatanodeClientProtocolServer (HddsDatanodeClientProtocolServer.java:stop(83)) - Stopping the RPC server for Client Protocol
2024-03-20 21:08:54,411 [ForkJoinPool.commonPool-worker-1] INFO  ipc.Server (Server.java:stop(3523)) - Stopping server on 15060
2024-03-20 21:08:54,411 [IPC Server listener on 15060] INFO  ipc.Server (Server.java:run(1434)) - Stopping IPC Server listener on 15060
2024-03-20 21:08:54,411 [IPC Server Responder] INFO  ipc.Server (Server.java:run(1567)) - Stopping IPC Server Responder
2024-03-20 21:08:54,437 [timer5] WARN  server.GrpcLogAppender (LogUtils.java:warn(121)) - 1ba87fbc-452a-4836-9768-c65c67837df8@group-8B04330EF271->b12aa423-edbe-43b9-9e95-c7a538dfc443-AppendLogResponseHandler: Failed appendEntries (Repeated 4 times in the last 5.007s): org.apache.ratis.thirdparty.io.grpc.StatusRuntimeException: UNAVAILABLE: io exception
2024-03-20 21:08:54,438 [timer6] WARN  server.GrpcLogAppender (GrpcLogAppender.java:lambda$resetClient$1(217)) - 1ba87fbc-452a-4836-9768-c65c67837df8@group-8B04330EF271->b12aa423-edbe-43b9-9e95-c7a538dfc443-GrpcLogAppender: Follower failed (request=null, errorCount=2); keep nextIndex (105) unchanged and retry. (Repeated 2 times in the last 5.001s)
2024-03-20 21:08:54,656 [ForkJoinPool.commonPool-worker-0] INFO  utils.DatanodeStoreCache (DatanodeStoreCache.java:shutdownCache(116)) - Skip clearing cache in mini cluster mode. Entries left: [/home/runner/work/ozone/ozone/hadoop-ozone/integration-test/target/test-dir/MiniOzoneClusterImpl-bb4c8f07-45f9-422c-bd0c-8b04330ef271/ozone-meta/datanode-1/data-0/hdds/bb4c8f07-45f9-422c-bd0c-8b04330ef271/DS-4d6921c5-10b9-476b-b1b8-1cebe3fef184/container.db, /home/runner/work/ozone/ozone/hadoop-ozone/integration-test/target/test-dir/MiniOzoneClusterImpl-bb4c8f07-45f9-422c-bd0c-8b04330ef271/ozone-meta/datanode-2/data-0/hdds/bb4c8f07-45f9-422c-bd0c-8b04330ef271/DS-9d197009-63e7-4d9d-907b-7577aa32e07d/container.db]
2024-03-20 21:08:54,658 [ForkJoinPool.commonPool-worker-0] INFO  utils.DatanodeStoreCache (DatanodeStoreCache.java:removeDB(110)) - Removed db /home/runner/work/ozone/ozone/hadoop-ozone/integration-test/target/test-dir/MiniOzoneClusterImpl-bb4c8f07-45f9-422c-bd0c-8b04330ef271/ozone-meta/datanode-1/data-0/hdds/bb4c8f07-45f9-422c-bd0c-8b04330ef271/DS-4d6921c5-10b9-476b-b1b8-1cebe3fef184/container.db from cache
2024-03-20 21:08:54,658 [ForkJoinPool.commonPool-worker-0] INFO  volume.HddsVolume (HddsVolume.java:closeDbStore(451)) - SchemaV3 db is stopped at /home/runner/work/ozone/ozone/hadoop-ozone/integration-test/target/test-dir/MiniOzoneClusterImpl-bb4c8f07-45f9-422c-bd0c-8b04330ef271/ozone-meta/datanode-1/data-0/hdds/bb4c8f07-45f9-422c-bd0c-8b04330ef271/DS-4d6921c5-10b9-476b-b1b8-1cebe3fef184/container.db for volume DS-4d6921c5-10b9-476b-b1b8-1cebe3fef184
2024-03-20 21:08:54,658 [ForkJoinPool.commonPool-worker-0] INFO  utils.BackgroundService (BackgroundService.java:shutdown(160)) - Shutting down service BlockDeletingService
2024-03-20 21:08:54,659 [ForkJoinPool.commonPool-worker-0] INFO  utils.BackgroundService (BackgroundService.java:shutdown(160)) - Shutting down service StaleRecoveringContainerScrubbingService
2024-03-20 21:08:54,659 [ForkJoinPool.commonPool-worker-0] INFO  statemachine.DatanodeStateMachine (DatanodeStateMachine.java:stopDaemon(638)) - Ozone container server stopped.
2024-03-20 21:08:54,661 [ForkJoinPool.commonPool-worker-0] INFO  handler.ContextHandler (ContextHandler.java:doStop(1159)) - Stopped o.e.j.w.WebAppContext@7d31fa20{hddsDatanode,/,null,STOPPED}{jar:file:/home/runner/.m2/repository/org/apache/ozone/hdds-container-service/1.5.0-SNAPSHOT/hdds-container-service-1.5.0-SNAPSHOT.jar!/webapps/hddsDatanode}
2024-03-20 21:08:54,661 [ForkJoinPool.commonPool-worker-0] INFO  server.AbstractConnector (AbstractConnector.java:doStop(383)) - Stopped ServerConnector@2ef70cb4{HTTP/1.1, (http/1.1)}{0.0.0.0:15041}
2024-03-20 21:08:54,661 [ForkJoinPool.commonPool-worker-0] INFO  server.session (HouseKeeper.java:stopScavenging(149)) - node0 Stopped scavenging
2024-03-20 21:08:54,662 [ForkJoinPool.commonPool-worker-0] INFO  handler.ContextHandler (ContextHandler.java:doStop(1159)) - Stopped o.e.j.s.ServletContextHandler@468581d2{static,/static,jar:file:/home/runner/.m2/repository/org/apache/ozone/hdds-container-service/1.5.0-SNAPSHOT/hdds-container-service-1.5.0-SNAPSHOT.jar!/webapps/static,STOPPED}
2024-03-20 21:08:54,662 [ForkJoinPool.commonPool-worker-0] INFO  handler.ContextHandler (ContextHandler.java:doStop(1159)) - Stopped o.e.j.s.ServletContextHandler@2cc48bf{logs,/logs,file:///home/runner/work/ozone/ozone/hadoop-ozone/integration-test/target/log,STOPPED}
2024-03-20 21:08:54,663 [ForkJoinPool.commonPool-worker-0] INFO  ozone.HddsDatanodeClientProtocolServer (HddsDatanodeClientProtocolServer.java:stop(83)) - Stopping the RPC server for Client Protocol
2024-03-20 21:08:54,663 [ForkJoinPool.commonPool-worker-0] INFO  ipc.Server (Server.java:stop(3523)) - Stopping server on 15042
2024-03-20 21:08:54,663 [IPC Server listener on 15042] INFO  ipc.Server (Server.java:run(1434)) - Stopping IPC Server listener on 15042
2024-03-20 21:08:54,663 [IPC Server Responder] INFO  ipc.Server (Server.java:run(1567)) - Stopping IPC Server Responder
2024-03-20 21:08:54,873 [main] INFO  utils.DatanodeStoreCache (DatanodeStoreCache.java:shutdownCache(116)) - Skip clearing cache in mini cluster mode. Entries left: [/home/runner/work/ozone/ozone/hadoop-ozone/integration-test/target/test-dir/MiniOzoneClusterImpl-bb4c8f07-45f9-422c-bd0c-8b04330ef271/ozone-meta/datanode-2/data-0/hdds/bb4c8f07-45f9-422c-bd0c-8b04330ef271/DS-9d197009-63e7-4d9d-907b-7577aa32e07d/container.db]
2024-03-20 21:08:54,874 [main] INFO  utils.DatanodeStoreCache (DatanodeStoreCache.java:removeDB(110)) - Removed db /home/runner/work/ozone/ozone/hadoop-ozone/integration-test/target/test-dir/MiniOzoneClusterImpl-bb4c8f07-45f9-422c-bd0c-8b04330ef271/ozone-meta/datanode-2/data-0/hdds/bb4c8f07-45f9-422c-bd0c-8b04330ef271/DS-9d197009-63e7-4d9d-907b-7577aa32e07d/container.db from cache
2024-03-20 21:08:54,874 [main] INFO  volume.HddsVolume (HddsVolume.java:closeDbStore(451)) - SchemaV3 db is stopped at /home/runner/work/ozone/ozone/hadoop-ozone/integration-test/target/test-dir/MiniOzoneClusterImpl-bb4c8f07-45f9-422c-bd0c-8b04330ef271/ozone-meta/datanode-2/data-0/hdds/bb4c8f07-45f9-422c-bd0c-8b04330ef271/DS-9d197009-63e7-4d9d-907b-7577aa32e07d/container.db for volume DS-9d197009-63e7-4d9d-907b-7577aa32e07d
2024-03-20 21:08:54,874 [main] INFO  utils.BackgroundService (BackgroundService.java:shutdown(160)) - Shutting down service BlockDeletingService
2024-03-20 21:08:54,874 [main] INFO  utils.BackgroundService (BackgroundService.java:shutdown(160)) - Shutting down service StaleRecoveringContainerScrubbingService
2024-03-20 21:08:54,875 [main] INFO  statemachine.DatanodeStateMachine (DatanodeStateMachine.java:stopDaemon(638)) - Ozone container server stopped.
2024-03-20 21:08:54,876 [main] INFO  handler.ContextHandler (ContextHandler.java:doStop(1159)) - Stopped o.e.j.w.WebAppContext@35cc54a7{hddsDatanode,/,null,STOPPED}{jar:file:/home/runner/.m2/repository/org/apache/ozone/hdds-container-service/1.5.0-SNAPSHOT/hdds-container-service-1.5.0-SNAPSHOT.jar!/webapps/hddsDatanode}
2024-03-20 21:08:54,876 [main] INFO  server.AbstractConnector (AbstractConnector.java:doStop(383)) - Stopped ServerConnector@5a83f945{HTTP/1.1, (http/1.1)}{0.0.0.0:15050}
2024-03-20 21:08:54,877 [main] INFO  server.session (HouseKeeper.java:stopScavenging(149)) - node0 Stopped scavenging
2024-03-20 21:08:54,877 [main] INFO  handler.ContextHandler (ContextHandler.java:doStop(1159)) - Stopped o.e.j.s.ServletContextHandler@321a6778{static,/static,jar:file:/home/runner/.m2/repository/org/apache/ozone/hdds-container-service/1.5.0-SNAPSHOT/hdds-container-service-1.5.0-SNAPSHOT.jar!/webapps/static,STOPPED}
2024-03-20 21:08:54,877 [main] INFO  handler.ContextHandler (ContextHandler.java:doStop(1159)) - Stopped o.e.j.s.ServletContextHandler@521dd061{logs,/logs,file:///home/runner/work/ozone/ozone/hadoop-ozone/integration-test/target/log,STOPPED}
2024-03-20 21:08:54,878 [main] INFO  ozone.HddsDatanodeClientProtocolServer (HddsDatanodeClientProtocolServer.java:stop(83)) - Stopping the RPC server for Client Protocol
2024-03-20 21:08:54,878 [main] INFO  ipc.Server (Server.java:stop(3523)) - Stopping server on 15051
2024-03-20 21:08:54,879 [IPC Server listener on 15051] INFO  ipc.Server (Server.java:run(1434)) - Stopping IPC Server listener on 15051
2024-03-20 21:08:54,879 [IPC Server Responder] INFO  ipc.Server (Server.java:run(1567)) - Stopping IPC Server Responder
2024-03-20 21:08:55,023 [dcffae99-659e-451a-8106-d35894ce685d-EndpointStateMachineTaskThread-/127.0.0.1:15020-0 ] INFO  ipc.Client (Client.java:handleConnectionFailure(950)) - Retrying connect to server: localhost/127.0.0.1:15020. Already tried 4 time(s); retry policy is RetryUpToMaximumCountWithFixedSleep(maxRetries=15, sleepTime=1000 MILLISECONDS)
2024-03-20 21:08:55,023 [dcffae99-659e-451a-8106-d35894ce685d-EndpointStateMachineTaskThread-/127.0.0.1:15012-0 ] INFO  ipc.Client (Client.java:handleConnectionFailure(950)) - Retrying connect to server: localhost/127.0.0.1:15012. Already tried 5 time(s); retry policy is RetryUpToMaximumCountWithFixedSleep(maxRetries=15, sleepTime=1000 MILLISECONDS)
2024-03-20 21:08:55,275 [timer7] WARN  server.GrpcLogAppender (GrpcLogAppender.java:lambda$resetClient$1(217)) - 1ba87fbc-452a-4836-9768-c65c67837df8@group-8B04330EF271->be2411e5-a42d-476f-b25b-d7f87790d2c1-GrpcLogAppender: Follower failed (request=null, errorCount=8); keep nextIndex (106) unchanged and retry. (Repeated 2 times in the last 5.000s)
2024-03-20 21:08:55,280 [timer2] WARN  server.GrpcLogAppender (GrpcLogAppender.java:lambda$resetClient$1(217)) - 1ba87fbc-452a-4836-9768-c65c67837df8@group-8B04330EF271->b12aa423-edbe-43b9-9e95-c7a538dfc443-GrpcLogAppender: Follower failed (request=null, errorCount=4); keep nextIndex (106) unchanged and retry. (Repeated 2 times in the last 5.002s)
2024-03-20 21:08:55,381 [98cad3d9-1aaa-47a5-be17-9665075729ab-EndpointStateMachineTaskThread-/127.0.0.1:15020-0 ] INFO  ipc.Client (Client.java:handleConnectionFailure(950)) - Retrying connect to server: localhost/127.0.0.1:15020. Already tried 4 time(s); retry policy is RetryUpToMaximumCountWithFixedSleep(maxRetries=15, sleepTime=1000 MILLISECONDS)
2024-03-20 21:08:55,381 [98cad3d9-1aaa-47a5-be17-9665075729ab-EndpointStateMachineTaskThread-/127.0.0.1:15012-0 ] INFO  ipc.Client (Client.java:handleConnectionFailure(950)) - Retrying connect to server: localhost/127.0.0.1:15012. Already tried 5 time(s); retry policy is RetryUpToMaximumCountWithFixedSleep(maxRetries=15, sleepTime=1000 MILLISECONDS)
2024-03-20 21:08:56,024 [dcffae99-659e-451a-8106-d35894ce685d-EndpointStateMachineTaskThread-/127.0.0.1:15012-0 ] INFO  ipc.Client (Client.java:handleConnectionFailure(950)) - Retrying connect to server: localhost/127.0.0.1:15012. Already tried 6 time(s); retry policy is RetryUpToMaximumCountWithFixedSleep(maxRetries=15, sleepTime=1000 MILLISECONDS)
2024-03-20 21:08:56,024 [dcffae99-659e-451a-8106-d35894ce685d-EndpointStateMachineTaskThread-/127.0.0.1:15020-0 ] INFO  ipc.Client (Client.java:handleConnectionFailure(950)) - Retrying connect to server: localhost/127.0.0.1:15020. Already tried 5 time(s); retry policy is RetryUpToMaximumCountWithFixedSleep(maxRetries=15, sleepTime=1000 MILLISECONDS)
2024-03-20 21:08:56,379 [SecretKeyPoller] INFO  retry.RetryInvocationHandler (RetryInvocationHandler.java:log(422)) - com.google.protobuf.ServiceException: java.net.ConnectException: Call From fv-az1053-74/10.1.0.34 to localhost:15002 failed on connection exception: java.net.ConnectException: Connection refused; For more details see:  http://wiki.apache.org/hadoop/ConnectionRefused, while invoking $Proxy58.submitRequest over nodeId=scmNode-1,nodeAddress=/127.0.0.1:15002 after 3 failover attempts. Trying to failover after sleeping for 2000ms. Current retry count: 3.
2024-03-20 21:08:56,379 [SecretKeyPoller] INFO  retry.RetryInvocationHandler (RetryInvocationHandler.java:log(422)) - com.google.protobuf.ServiceException: java.net.ConnectException: Call From fv-az1053-74/10.1.0.34 to localhost:15002 failed on connection exception: java.net.ConnectException: Connection refused; For more details see:  http://wiki.apache.org/hadoop/ConnectionRefused, while invoking $Proxy58.submitRequest over nodeId=scmNode-1,nodeAddress=/127.0.0.1:15002 after 3 failover attempts. Trying to failover after sleeping for 2000ms. Current retry count: 3.
2024-03-20 21:08:56,379 [SecretKeyPoller] INFO  retry.RetryInvocationHandler (RetryInvocationHandler.java:log(422)) - com.google.protobuf.ServiceException: java.net.ConnectException: Call From fv-az1053-74/10.1.0.34 to localhost:15002 failed on connection exception: java.net.ConnectException: Connection refused; For more details see:  http://wiki.apache.org/hadoop/ConnectionRefused, while invoking $Proxy58.submitRequest over nodeId=scmNode-1,nodeAddress=/127.0.0.1:15002 after 3 failover attempts. Trying to failover after sleeping for 2000ms. Current retry count: 3.
2024-03-20 21:08:56,382 [98cad3d9-1aaa-47a5-be17-9665075729ab-EndpointStateMachineTaskThread-/127.0.0.1:15020-0 ] INFO  ipc.Client (Client.java:handleConnectionFailure(950)) - Retrying connect to server: localhost/127.0.0.1:15020. Already tried 5 time(s); retry policy is RetryUpToMaximumCountWithFixedSleep(maxRetries=15, sleepTime=1000 MILLISECONDS)
2024-03-20 21:08:56,382 [98cad3d9-1aaa-47a5-be17-9665075729ab-EndpointStateMachineTaskThread-/127.0.0.1:15012-0 ] INFO  ipc.Client (Client.java:handleConnectionFailure(950)) - Retrying connect to server: localhost/127.0.0.1:15012. Already tried 6 time(s); retry policy is RetryUpToMaximumCountWithFixedSleep(maxRetries=15, sleepTime=1000 MILLISECONDS)
2024-03-20 21:08:56,404 [timer3] WARN  server.GrpcLogAppender (LogUtils.java:warn(121)) - bf0d52d7-dce2-4f08-b148-c0add6164c5c@group-A427EA6FC389->98cad3d9-1aaa-47a5-be17-9665075729ab-AppendLogResponseHandler: Failed appendEntries (Repeated 2 times in the last 5.000s): org.apache.ratis.thirdparty.io.grpc.StatusRuntimeException: CANCELLED: RST_STREAM closed stream. HTTP/2 error code: CANCEL
2024-03-20 21:08:56,404 [timer4] WARN  server.GrpcLogAppender (GrpcLogAppender.java:lambda$resetClient$1(217)) - bf0d52d7-dce2-4f08-b148-c0add6164c5c@group-A427EA6FC389->98cad3d9-1aaa-47a5-be17-9665075729ab-GrpcLogAppender: Follower failed (request=null, errorCount=2); keep nextIndex (1) unchanged and retry. (Repeated 2 times in the last 5.000s)
2024-03-20 21:08:57,025 [dcffae99-659e-451a-8106-d35894ce685d-EndpointStateMachineTaskThread-/127.0.0.1:15020-0 ] INFO  ipc.Client (Client.java:handleConnectionFailure(950)) - Retrying connect to server: localhost/127.0.0.1:15020. Already tried 6 time(s); retry policy is RetryUpToMaximumCountWithFixedSleep(maxRetries=15, sleepTime=1000 MILLISECONDS)
2024-03-20 21:08:57,025 [dcffae99-659e-451a-8106-d35894ce685d-EndpointStateMachineTaskThread-/127.0.0.1:15012-0 ] INFO  ipc.Client (Client.java:handleConnectionFailure(950)) - Retrying connect to server: localhost/127.0.0.1:15012. Already tried 7 time(s); retry policy is RetryUpToMaximumCountWithFixedSleep(maxRetries=15, sleepTime=1000 MILLISECONDS)
2024-03-20 21:08:57,382 [98cad3d9-1aaa-47a5-be17-9665075729ab-EndpointStateMachineTaskThread-/127.0.0.1:15020-0 ] INFO  ipc.Client (Client.java:handleConnectionFailure(950)) - Retrying connect to server: localhost/127.0.0.1:15020. Already tried 6 time(s); retry policy is RetryUpToMaximumCountWithFixedSleep(maxRetries=15, sleepTime=1000 MILLISECONDS)
2024-03-20 21:08:57,382 [98cad3d9-1aaa-47a5-be17-9665075729ab-EndpointStateMachineTaskThread-/127.0.0.1:15012-0 ] INFO  ipc.Client (Client.java:handleConnectionFailure(950)) - Retrying connect to server: localhost/127.0.0.1:15012. Already tried 7 time(s); retry policy is RetryUpToMaximumCountWithFixedSleep(maxRetries=15, sleepTime=1000 MILLISECONDS)
2024-03-20 21:08:58,026 [dcffae99-659e-451a-8106-d35894ce685d-EndpointStateMachineTaskThread-/127.0.0.1:15012-0 ] INFO  ipc.Client (Client.java:handleConnectionFailure(950)) - Retrying connect to server: localhost/127.0.0.1:15012. Already tried 8 time(s); retry policy is RetryUpToMaximumCountWithFixedSleep(maxRetries=15, sleepTime=1000 MILLISECONDS)
2024-03-20 21:08:58,026 [dcffae99-659e-451a-8106-d35894ce685d-EndpointStateMachineTaskThread-/127.0.0.1:15020-0 ] INFO  ipc.Client (Client.java:handleConnectionFailure(950)) - Retrying connect to server: localhost/127.0.0.1:15020. Already tried 7 time(s); retry policy is RetryUpToMaximumCountWithFixedSleep(maxRetries=15, sleepTime=1000 MILLISECONDS)
2024-03-20 21:08:58,380 [SecretKeyPoller] INFO  retry.RetryInvocationHandler (RetryInvocationHandler.java:log(422)) - com.google.protobuf.ServiceException: java.net.ConnectException: Call From fv-az1053-74/10.1.0.34 to localhost:15010 failed on connection exception: java.net.ConnectException: Connection refused; For more details see:  http://wiki.apache.org/hadoop/ConnectionRefused, while invoking $Proxy58.submitRequest over nodeId=scmNode-2,nodeAddress=/127.0.0.1:15010 after 4 failover attempts. Trying to failover after sleeping for 2000ms. Current retry count: 4.
2024-03-20 21:08:58,380 [SecretKeyPoller] INFO  retry.RetryInvocationHandler (RetryInvocationHandler.java:log(422)) - com.google.protobuf.ServiceException: java.net.ConnectException: Call From fv-az1053-74/10.1.0.34 to localhost:15010 failed on connection exception: java.net.ConnectException: Connection refused; For more details see:  http://wiki.apache.org/hadoop/ConnectionRefused, while invoking $Proxy58.submitRequest over nodeId=scmNode-2,nodeAddress=/127.0.0.1:15010 after 4 failover attempts. Trying to failover after sleeping for 2000ms. Current retry count: 4.
2024-03-20 21:08:58,380 [SecretKeyPoller] INFO  retry.RetryInvocationHandler (RetryInvocationHandler.java:log(422)) - com.google.protobuf.ServiceException: java.net.ConnectException: Call From fv-az1053-74/10.1.0.34 to localhost:15010 failed on connection exception: java.net.ConnectException: Connection refused; For more details see:  http://wiki.apache.org/hadoop/ConnectionRefused, while invoking $Proxy58.submitRequest over nodeId=scmNode-2,nodeAddress=/127.0.0.1:15010 after 4 failover attempts. Trying to failover after sleeping for 2000ms. Current retry count: 4.
2024-03-20 21:08:58,383 [98cad3d9-1aaa-47a5-be17-9665075729ab-EndpointStateMachineTaskThread-/127.0.0.1:15012-0 ] INFO  ipc.Client (Client.java:handleConnectionFailure(950)) - Retrying connect to server: localhost/127.0.0.1:15012. Already tried 8 time(s); retry policy is RetryUpToMaximumCountWithFixedSleep(maxRetries=15, sleepTime=1000 MILLISECONDS)
2024-03-20 21:08:58,383 [98cad3d9-1aaa-47a5-be17-9665075729ab-EndpointStateMachineTaskThread-/127.0.0.1:15020-0 ] INFO  ipc.Client (Client.java:handleConnectionFailure(950)) - Retrying connect to server: localhost/127.0.0.1:15020. Already tried 7 time(s); retry policy is RetryUpToMaximumCountWithFixedSleep(maxRetries=15, sleepTime=1000 MILLISECONDS)
2024-03-20 21:08:59,026 [dcffae99-659e-451a-8106-d35894ce685d-EndpointStateMachineTaskThread-/127.0.0.1:15020-0 ] INFO  ipc.Client (Client.java:handleConnectionFailure(950)) - Retrying connect to server: localhost/127.0.0.1:15020. Already tried 8 time(s); retry policy is RetryUpToMaximumCountWithFixedSleep(maxRetries=15, sleepTime=1000 MILLISECONDS)
2024-03-20 21:08:59,026 [dcffae99-659e-451a-8106-d35894ce685d-EndpointStateMachineTaskThread-/127.0.0.1:15012-0 ] INFO  ipc.Client (Client.java:handleConnectionFailure(950)) - Retrying connect to server: localhost/127.0.0.1:15012. Already tried 9 time(s); retry policy is RetryUpToMaximumCountWithFixedSleep(maxRetries=15, sleepTime=1000 MILLISECONDS)
2024-03-20 21:08:59,384 [98cad3d9-1aaa-47a5-be17-9665075729ab-EndpointStateMachineTaskThread-/127.0.0.1:15012-0 ] INFO  ipc.Client (Client.java:handleConnectionFailure(950)) - Retrying connect to server: localhost/127.0.0.1:15012. Already tried 9 time(s); retry policy is RetryUpToMaximumCountWithFixedSleep(maxRetries=15, sleepTime=1000 MILLISECONDS)
2024-03-20 21:08:59,384 [98cad3d9-1aaa-47a5-be17-9665075729ab-EndpointStateMachineTaskThread-/127.0.0.1:15020-0 ] INFO  ipc.Client (Client.java:handleConnectionFailure(950)) - Retrying connect to server: localhost/127.0.0.1:15020. Already tried 8 time(s); retry policy is RetryUpToMaximumCountWithFixedSleep(maxRetries=15, sleepTime=1000 MILLISECONDS)
2024-03-20 21:09:00,027 [dcffae99-659e-451a-8106-d35894ce685d-EndpointStateMachineTaskThread-/127.0.0.1:15020-0 ] INFO  ipc.Client (Client.java:handleConnectionFailure(950)) - Retrying connect to server: localhost/127.0.0.1:15020. Already tried 9 time(s); retry policy is RetryUpToMaximumCountWithFixedSleep(maxRetries=15, sleepTime=1000 MILLISECONDS)
2024-03-20 21:09:00,027 [dcffae99-659e-451a-8106-d35894ce685d-EndpointStateMachineTaskThread-/127.0.0.1:15012-0 ] INFO  ipc.Client (Client.java:handleConnectionFailure(950)) - Retrying connect to server: localhost/127.0.0.1:15012. Already tried 10 time(s); retry policy is RetryUpToMaximumCountWithFixedSleep(maxRetries=15, sleepTime=1000 MILLISECONDS)
2024-03-20 21:09:00,381 [SecretKeyPoller] INFO  retry.RetryInvocationHandler (RetryInvocationHandler.java:log(422)) - com.google.protobuf.ServiceException: java.net.ConnectException: Call From fv-az1053-74/10.1.0.34 to localhost:15018 failed on connection exception: java.net.ConnectException: Connection refused; For more details see:  http://wiki.apache.org/hadoop/ConnectionRefused, while invoking $Proxy58.submitRequest over nodeId=scmNode-3,nodeAddress=/127.0.0.1:15018 after 5 failover attempts. Trying to failover after sleeping for 2000ms. Current retry count: 5.
2024-03-20 21:09:00,381 [SecretKeyPoller] INFO  retry.RetryInvocationHandler (RetryInvocationHandler.java:log(422)) - com.google.protobuf.ServiceException: java.net.ConnectException: Call From fv-az1053-74/10.1.0.34 to localhost:15018 failed on connection exception: java.net.ConnectException: Connection refused; For more details see:  http://wiki.apache.org/hadoop/ConnectionRefused, while invoking $Proxy58.submitRequest over nodeId=scmNode-3,nodeAddress=/127.0.0.1:15018 after 5 failover attempts. Trying to failover after sleeping for 2000ms. Current retry count: 5.
2024-03-20 21:09:00,381 [SecretKeyPoller] INFO  retry.RetryInvocationHandler (RetryInvocationHandler.java:log(422)) - com.google.protobuf.ServiceException: java.net.ConnectException: Call From fv-az1053-74/10.1.0.34 to localhost:15018 failed on connection exception: java.net.ConnectException: Connection refused; For more details see:  http://wiki.apache.org/hadoop/ConnectionRefused, while invoking $Proxy58.submitRequest over nodeId=scmNode-3,nodeAddress=/127.0.0.1:15018 after 5 failover attempts. Trying to failover after sleeping for 2000ms. Current retry count: 5.
2024-03-20 21:09:00,384 [98cad3d9-1aaa-47a5-be17-9665075729ab-EndpointStateMachineTaskThread-/127.0.0.1:15012-0 ] INFO  ipc.Client (Client.java:handleConnectionFailure(950)) - Retrying connect to server: localhost/127.0.0.1:15012. Already tried 10 time(s); retry policy is RetryUpToMaximumCountWithFixedSleep(maxRetries=15, sleepTime=1000 MILLISECONDS)
2024-03-20 21:09:00,384 [98cad3d9-1aaa-47a5-be17-9665075729ab-EndpointStateMachineTaskThread-/127.0.0.1:15020-0 ] INFO  ipc.Client (Client.java:handleConnectionFailure(950)) - Retrying connect to server: localhost/127.0.0.1:15020. Already tried 9 time(s); retry policy is RetryUpToMaximumCountWithFixedSleep(maxRetries=15, sleepTime=1000 MILLISECONDS)
2024-03-20 21:09:01,028 [dcffae99-659e-451a-8106-d35894ce685d-EndpointStateMachineTaskThread-/127.0.0.1:15020-0 ] INFO  ipc.Client (Client.java:handleConnectionFailure(950)) - Retrying connect to server: localhost/127.0.0.1:15020. Already tried 10 time(s); retry policy is RetryUpToMaximumCountWithFixedSleep(maxRetries=15, sleepTime=1000 MILLISECONDS)
2024-03-20 21:09:01,028 [dcffae99-659e-451a-8106-d35894ce685d-EndpointStateMachineTaskThread-/127.0.0.1:15012-0 ] INFO  ipc.Client (Client.java:handleConnectionFailure(950)) - Retrying connect to server: localhost/127.0.0.1:15012. Already tried 11 time(s); retry policy is RetryUpToMaximumCountWithFixedSleep(maxRetries=15, sleepTime=1000 MILLISECONDS)
2024-03-20 21:09:01,385 [98cad3d9-1aaa-47a5-be17-9665075729ab-EndpointStateMachineTaskThread-/127.0.0.1:15012-0 ] INFO  ipc.Client (Client.java:handleConnectionFailure(950)) - Retrying connect to server: localhost/127.0.0.1:15012. Already tried 11 time(s); retry policy is RetryUpToMaximumCountWithFixedSleep(maxRetries=15, sleepTime=1000 MILLISECONDS)
2024-03-20 21:09:01,385 [98cad3d9-1aaa-47a5-be17-9665075729ab-EndpointStateMachineTaskThread-/127.0.0.1:15020-0 ] INFO  ipc.Client (Client.java:handleConnectionFailure(950)) - Retrying connect to server: localhost/127.0.0.1:15020. Already tried 10 time(s); retry policy is RetryUpToMaximumCountWithFixedSleep(maxRetries=15, sleepTime=1000 MILLISECONDS)
2024-03-20 21:09:02,029 [dcffae99-659e-451a-8106-d35894ce685d-EndpointStateMachineTaskThread-/127.0.0.1:15020-0 ] INFO  ipc.Client (Client.java:handleConnectionFailure(950)) - Retrying connect to server: localhost/127.0.0.1:15020. Already tried 11 time(s); retry policy is RetryUpToMaximumCountWithFixedSleep(maxRetries=15, sleepTime=1000 MILLISECONDS)
2024-03-20 21:09:02,029 [dcffae99-659e-451a-8106-d35894ce685d-EndpointStateMachineTaskThread-/127.0.0.1:15012-0 ] INFO  ipc.Client (Client.java:handleConnectionFailure(950)) - Retrying connect to server: localhost/127.0.0.1:15012. Already tried 12 time(s); retry policy is RetryUpToMaximumCountWithFixedSleep(maxRetries=15, sleepTime=1000 MILLISECONDS)
2024-03-20 21:09:02,383 [SecretKeyPoller] INFO  retry.RetryInvocationHandler (RetryInvocationHandler.java:log(422)) - com.google.protobuf.ServiceException: java.net.ConnectException: Call From fv-az1053-74/10.1.0.34 to localhost:15002 failed on connection exception: java.net.ConnectException: Connection refused; For more details see:  http://wiki.apache.org/hadoop/ConnectionRefused, while invoking $Proxy58.submitRequest over nodeId=scmNode-1,nodeAddress=/127.0.0.1:15002 after 6 failover attempts. Trying to failover after sleeping for 2000ms. Current retry count: 6.
2024-03-20 21:09:02,383 [SecretKeyPoller] INFO  retry.RetryInvocationHandler (RetryInvocationHandler.java:log(422)) - com.google.protobuf.ServiceException: java.net.ConnectException: Call From fv-az1053-74/10.1.0.34 to localhost:15002 failed on connection exception: java.net.ConnectException: Connection refused; For more details see:  http://wiki.apache.org/hadoop/ConnectionRefused, while invoking $Proxy58.submitRequest over nodeId=scmNode-1,nodeAddress=/127.0.0.1:15002 after 6 failover attempts. Trying to failover after sleeping for 2000ms. Current retry count: 6.
2024-03-20 21:09:02,383 [SecretKeyPoller] INFO  retry.RetryInvocationHandler (RetryInvocationHandler.java:log(422)) - com.google.protobuf.ServiceException: java.net.ConnectException: Call From fv-az1053-74/10.1.0.34 to localhost:15002 failed on connection exception: java.net.ConnectException: Connection refused; For more details see:  http://wiki.apache.org/hadoop/ConnectionRefused, while invoking $Proxy58.submitRequest over nodeId=scmNode-1,nodeAddress=/127.0.0.1:15002 after 6 failover attempts. Trying to failover after sleeping for 2000ms. Current retry count: 6.
2024-03-20 21:09:02,386 [98cad3d9-1aaa-47a5-be17-9665075729ab-EndpointStateMachineTaskThread-/127.0.0.1:15020-0 ] INFO  ipc.Client (Client.java:handleConnectionFailure(950)) - Retrying connect to server: localhost/127.0.0.1:15020. Already tried 11 time(s); retry policy is RetryUpToMaximumCountWithFixedSleep(maxRetries=15, sleepTime=1000 MILLISECONDS)
2024-03-20 21:09:02,386 [98cad3d9-1aaa-47a5-be17-9665075729ab-EndpointStateMachineTaskThread-/127.0.0.1:15012-0 ] INFO  ipc.Client (Client.java:handleConnectionFailure(950)) - Retrying connect to server: localhost/127.0.0.1:15012. Already tried 12 time(s); retry policy is RetryUpToMaximumCountWithFixedSleep(maxRetries=15, sleepTime=1000 MILLISECONDS)
2024-03-20 21:09:03,030 [dcffae99-659e-451a-8106-d35894ce685d-EndpointStateMachineTaskThread-/127.0.0.1:15020-0 ] INFO  ipc.Client (Client.java:handleConnectionFailure(950)) - Retrying connect to server: localhost/127.0.0.1:15020. Already tried 12 time(s); retry policy is RetryUpToMaximumCountWithFixedSleep(maxRetries=15, sleepTime=1000 MILLISECONDS)
2024-03-20 21:09:03,030 [dcffae99-659e-451a-8106-d35894ce685d-EndpointStateMachineTaskThread-/127.0.0.1:15012-0 ] INFO  ipc.Client (Client.java:handleConnectionFailure(950)) - Retrying connect to server: localhost/127.0.0.1:15012. Already tried 13 time(s); retry policy is RetryUpToMaximumCountWithFixedSleep(maxRetries=15, sleepTime=1000 MILLISECONDS)
2024-03-20 21:09:03,386 [98cad3d9-1aaa-47a5-be17-9665075729ab-EndpointStateMachineTaskThread-/127.0.0.1:15020-0 ] INFO  ipc.Client (Client.java:handleConnectionFailure(950)) - Retrying connect to server: localhost/127.0.0.1:15020. Already tried 12 time(s); retry policy is RetryUpToMaximumCountWithFixedSleep(maxRetries=15, sleepTime=1000 MILLISECONDS)
2024-03-20 21:09:03,386 [98cad3d9-1aaa-47a5-be17-9665075729ab-EndpointStateMachineTaskThread-/127.0.0.1:15012-0 ] INFO  ipc.Client (Client.java:handleConnectionFailure(950)) - Retrying connect to server: localhost/127.0.0.1:15012. Already tried 13 time(s); retry policy is RetryUpToMaximumCountWithFixedSleep(maxRetries=15, sleepTime=1000 MILLISECONDS)
2024-03-20 21:09:04,031 [dcffae99-659e-451a-8106-d35894ce685d-EndpointStateMachineTaskThread-/127.0.0.1:15020-0 ] INFO  ipc.Client (Client.java:handleConnectionFailure(950)) - Retrying connect to server: localhost/127.0.0.1:15020. Already tried 13 time(s); retry policy is RetryUpToMaximumCountWithFixedSleep(maxRetries=15, sleepTime=1000 MILLISECONDS)
2024-03-20 21:09:04,031 [dcffae99-659e-451a-8106-d35894ce685d-EndpointStateMachineTaskThread-/127.0.0.1:15012-0 ] INFO  ipc.Client (Client.java:handleConnectionFailure(950)) - Retrying connect to server: localhost/127.0.0.1:15012. Already tried 14 time(s); retry policy is RetryUpToMaximumCountWithFixedSleep(maxRetries=15, sleepTime=1000 MILLISECONDS)
2024-03-20 21:09:04,032 [dcffae99-659e-451a-8106-d35894ce685d-EndpointStateMachineTaskThread-/127.0.0.1:15012-0 ] WARN  statemachine.EndpointStateMachine (EndpointStateMachine.java:logIfNeeded(242)) - Unable to communicate to SCM server at localhost:15012 for past 0 seconds.
java.net.ConnectException: Call From fv-az1053-74/10.1.0.34 to localhost:15012 failed on connection exception: java.net.ConnectException: Connection refused; For more details see:  http://wiki.apache.org/hadoop/ConnectionRefused
	at sun.reflect.NativeConstructorAccessorImpl.newInstance0(Native Method)
	at sun.reflect.NativeConstructorAccessorImpl.newInstance(NativeConstructorAccessorImpl.java:62)
	at sun.reflect.DelegatingConstructorAccessorImpl.newInstance(DelegatingConstructorAccessorImpl.java:45)
	at java.lang.reflect.Constructor.newInstance(Constructor.java:423)
	at org.apache.hadoop.net.NetUtils.wrapWithMessage(NetUtils.java:930)
	at org.apache.hadoop.net.NetUtils.wrapException(NetUtils.java:845)
	at org.apache.hadoop.ipc.Client.getRpcResponse(Client.java:1571)
	at org.apache.hadoop.ipc.Client.call(Client.java:1513)
	at org.apache.hadoop.ipc.Client.call(Client.java:1410)
	at org.apache.hadoop.ipc.ProtobufRpcEngine$Invoker.invoke(ProtobufRpcEngine.java:250)
	at org.apache.hadoop.ipc.ProtobufRpcEngine$Invoker.invoke(ProtobufRpcEngine.java:132)
	at com.sun.proxy.$Proxy59.submitRequest(Unknown Source)
	at org.apache.hadoop.ozone.protocolPB.StorageContainerDatanodeProtocolClientSideTranslatorPB.submitRequest(StorageContainerDatanodeProtocolClientSideTranslatorPB.java:117)
	at org.apache.hadoop.ozone.protocolPB.StorageContainerDatanodeProtocolClientSideTranslatorPB.sendHeartbeat(StorageContainerDatanodeProtocolClientSideTranslatorPB.java:149)
	at org.apache.hadoop.ozone.container.common.states.endpoint.HeartbeatEndpointTask.call(HeartbeatEndpointTask.java:183)
	at org.apache.hadoop.ozone.container.common.states.endpoint.HeartbeatEndpointTask.call(HeartbeatEndpointTask.java:87)
	at java.util.concurrent.FutureTask.run(FutureTask.java:266)
	at java.util.concurrent.ThreadPoolExecutor.runWorker(ThreadPoolExecutor.java:1149)
	at java.util.concurrent.ThreadPoolExecutor$Worker.run(ThreadPoolExecutor.java:624)
	at java.lang.Thread.run(Thread.java:750)
Caused by: java.net.ConnectException: Connection refused
	at sun.nio.ch.SocketChannelImpl.checkConnect(Native Method)
	at sun.nio.ch.SocketChannelImpl.finishConnect(SocketChannelImpl.java:716)
	at org.apache.hadoop.net.SocketIOWithTimeout.connect(SocketIOWithTimeout.java:205)
	at org.apache.hadoop.net.NetUtils.connect(NetUtils.java:600)
	at org.apache.hadoop.ipc.Client$Connection.setupConnection(Client.java:652)
	at org.apache.hadoop.ipc.Client$Connection.setupIOstreams(Client.java:773)
	at org.apache.hadoop.ipc.Client$Connection.access$3800(Client.java:347)
	at org.apache.hadoop.ipc.Client.getConnection(Client.java:1632)
	at org.apache.hadoop.ipc.Client.call(Client.java:1457)
	... 12 more
2024-03-20 21:09:04,384 [SecretKeyPoller] INFO  retry.RetryInvocationHandler (RetryInvocationHandler.java:log(422)) - com.google.protobuf.ServiceException: java.net.ConnectException: Call From fv-az1053-74/10.1.0.34 to localhost:15010 failed on connection exception: java.net.ConnectException: Connection refused; For more details see:  http://wiki.apache.org/hadoop/ConnectionRefused, while invoking $Proxy58.submitRequest over nodeId=scmNode-2,nodeAddress=/127.0.0.1:15010 after 7 failover attempts. Trying to failover after sleeping for 2000ms. Current retry count: 7.
2024-03-20 21:09:04,384 [SecretKeyPoller] INFO  retry.RetryInvocationHandler (RetryInvocationHandler.java:log(422)) - com.google.protobuf.ServiceException: java.net.ConnectException: Call From fv-az1053-74/10.1.0.34 to localhost:15010 failed on connection exception: java.net.ConnectException: Connection refused; For more details see:  http://wiki.apache.org/hadoop/ConnectionRefused, while invoking $Proxy58.submitRequest over nodeId=scmNode-2,nodeAddress=/127.0.0.1:15010 after 7 failover attempts. Trying to failover after sleeping for 2000ms. Current retry count: 7.
2024-03-20 21:09:04,384 [SecretKeyPoller] INFO  retry.RetryInvocationHandler (RetryInvocationHandler.java:log(422)) - com.google.protobuf.ServiceException: java.net.ConnectException: Call From fv-az1053-74/10.1.0.34 to localhost:15010 failed on connection exception: java.net.ConnectException: Connection refused; For more details see:  http://wiki.apache.org/hadoop/ConnectionRefused, while invoking $Proxy58.submitRequest over nodeId=scmNode-2,nodeAddress=/127.0.0.1:15010 after 7 failover attempts. Trying to failover after sleeping for 2000ms. Current retry count: 7.
2024-03-20 21:09:04,387 [98cad3d9-1aaa-47a5-be17-9665075729ab-EndpointStateMachineTaskThread-/127.0.0.1:15020-0 ] INFO  ipc.Client (Client.java:handleConnectionFailure(950)) - Retrying connect to server: localhost/127.0.0.1:15020. Already tried 13 time(s); retry policy is RetryUpToMaximumCountWithFixedSleep(maxRetries=15, sleepTime=1000 MILLISECONDS)
2024-03-20 21:09:04,387 [98cad3d9-1aaa-47a5-be17-9665075729ab-EndpointStateMachineTaskThread-/127.0.0.1:15012-0 ] INFO  ipc.Client (Client.java:handleConnectionFailure(950)) - Retrying connect to server: localhost/127.0.0.1:15012. Already tried 14 time(s); retry policy is RetryUpToMaximumCountWithFixedSleep(maxRetries=15, sleepTime=1000 MILLISECONDS)
2024-03-20 21:09:05,032 [dcffae99-659e-451a-8106-d35894ce685d-EndpointStateMachineTaskThread-/127.0.0.1:15020-0 ] INFO  ipc.Client (Client.java:handleConnectionFailure(950)) - Retrying connect to server: localhost/127.0.0.1:15020. Already tried 14 time(s); retry policy is RetryUpToMaximumCountWithFixedSleep(maxRetries=15, sleepTime=1000 MILLISECONDS)
2024-03-20 21:09:05,032 [bf0d52d7-dce2-4f08-b148-c0add6164c5c-EndpointStateMachineTaskThread-/127.0.0.1:15012-0 ] INFO  ipc.Client (Client.java:handleConnectionFailure(950)) - Retrying connect to server: localhost/127.0.0.1:15012. Already tried 0 time(s); retry policy is RetryUpToMaximumCountWithFixedSleep(maxRetries=15, sleepTime=1000 MILLISECONDS)
2024-03-20 21:09:05,033 [dcffae99-659e-451a-8106-d35894ce685d-EndpointStateMachineTaskThread-/127.0.0.1:15020-0 ] WARN  statemachine.EndpointStateMachine (EndpointStateMachine.java:logIfNeeded(242)) - Unable to communicate to SCM server at localhost:15020 for past 0 seconds.
java.net.ConnectException: Call From fv-az1053-74/10.1.0.34 to localhost:15020 failed on connection exception: java.net.ConnectException: Connection refused; For more details see:  http://wiki.apache.org/hadoop/ConnectionRefused
	at sun.reflect.GeneratedConstructorAccessor59.newInstance(Unknown Source)
	at sun.reflect.DelegatingConstructorAccessorImpl.newInstance(DelegatingConstructorAccessorImpl.java:45)
	at java.lang.reflect.Constructor.newInstance(Constructor.java:423)
	at org.apache.hadoop.net.NetUtils.wrapWithMessage(NetUtils.java:930)
	at org.apache.hadoop.net.NetUtils.wrapException(NetUtils.java:845)
	at org.apache.hadoop.ipc.Client.getRpcResponse(Client.java:1571)
	at org.apache.hadoop.ipc.Client.call(Client.java:1513)
	at org.apache.hadoop.ipc.Client.call(Client.java:1410)
	at org.apache.hadoop.ipc.ProtobufRpcEngine$Invoker.invoke(ProtobufRpcEngine.java:250)
	at org.apache.hadoop.ipc.ProtobufRpcEngine$Invoker.invoke(ProtobufRpcEngine.java:132)
	at com.sun.proxy.$Proxy59.submitRequest(Unknown Source)
	at org.apache.hadoop.ozone.protocolPB.StorageContainerDatanodeProtocolClientSideTranslatorPB.submitRequest(StorageContainerDatanodeProtocolClientSideTranslatorPB.java:117)
	at org.apache.hadoop.ozone.protocolPB.StorageContainerDatanodeProtocolClientSideTranslatorPB.sendHeartbeat(StorageContainerDatanodeProtocolClientSideTranslatorPB.java:149)
	at org.apache.hadoop.ozone.container.common.states.endpoint.HeartbeatEndpointTask.call(HeartbeatEndpointTask.java:183)
	at org.apache.hadoop.ozone.container.common.states.endpoint.HeartbeatEndpointTask.call(HeartbeatEndpointTask.java:87)
	at java.util.concurrent.FutureTask.run(FutureTask.java:266)
	at java.util.concurrent.ThreadPoolExecutor.runWorker(ThreadPoolExecutor.java:1149)
	at java.util.concurrent.ThreadPoolExecutor$Worker.run(ThreadPoolExecutor.java:624)
	at java.lang.Thread.run(Thread.java:750)
Caused by: java.net.ConnectException: Connection refused
	at sun.nio.ch.SocketChannelImpl.checkConnect(Native Method)
	at sun.nio.ch.SocketChannelImpl.finishConnect(SocketChannelImpl.java:716)
	at org.apache.hadoop.net.SocketIOWithTimeout.connect(SocketIOWithTimeout.java:205)
	at org.apache.hadoop.net.NetUtils.connect(NetUtils.java:600)
	at org.apache.hadoop.ipc.Client$Connection.setupConnection(Client.java:652)
	at org.apache.hadoop.ipc.Client$Connection.setupIOstreams(Client.java:773)
	at org.apache.hadoop.ipc.Client$Connection.access$3800(Client.java:347)
	at org.apache.hadoop.ipc.Client.getConnection(Client.java:1632)
	at org.apache.hadoop.ipc.Client.call(Client.java:1457)
	... 12 more
2024-03-20 21:09:05,387 [98cad3d9-1aaa-47a5-be17-9665075729ab-EndpointStateMachineTaskThread-/127.0.0.1:15020-0 ] INFO  ipc.Client (Client.java:handleConnectionFailure(950)) - Retrying connect to server: localhost/127.0.0.1:15020. Already tried 14 time(s); retry policy is RetryUpToMaximumCountWithFixedSleep(maxRetries=15, sleepTime=1000 MILLISECONDS)
2024-03-20 21:09:05,388 [98cad3d9-1aaa-47a5-be17-9665075729ab-EndpointStateMachineTaskThread-/127.0.0.1:15012-0 ] INFO  ipc.Client (Client.java:handleConnectionFailure(950)) - Retrying connect to server: localhost/127.0.0.1:15012. Already tried 0 time(s); retry policy is RetryUpToMaximumCountWithFixedSleep(maxRetries=15, sleepTime=1000 MILLISECONDS)
2024-03-20 21:09:06,033 [bf0d52d7-dce2-4f08-b148-c0add6164c5c-EndpointStateMachineTaskThread-/127.0.0.1:15012-0 ] INFO  ipc.Client (Client.java:handleConnectionFailure(950)) - Retrying connect to server: localhost/127.0.0.1:15012. Already tried 1 time(s); retry policy is RetryUpToMaximumCountWithFixedSleep(maxRetries=15, sleepTime=1000 MILLISECONDS)
2024-03-20 21:09:06,033 [bf0d52d7-dce2-4f08-b148-c0add6164c5c-EndpointStateMachineTaskThread-/127.0.0.1:15020-0 ] INFO  ipc.Client (Client.java:handleConnectionFailure(950)) - Retrying connect to server: localhost/127.0.0.1:15020. Already tried 0 time(s); retry policy is RetryUpToMaximumCountWithFixedSleep(maxRetries=15, sleepTime=1000 MILLISECONDS)
2024-03-20 21:09:06,385 [SecretKeyPoller] INFO  retry.RetryInvocationHandler (RetryInvocationHandler.java:log(422)) - com.google.protobuf.ServiceException: java.net.ConnectException: Call From fv-az1053-74/10.1.0.34 to localhost:15018 failed on connection exception: java.net.ConnectException: Connection refused; For more details see:  http://wiki.apache.org/hadoop/ConnectionRefused, while invoking $Proxy58.submitRequest over nodeId=scmNode-3,nodeAddress=/127.0.0.1:15018 after 8 failover attempts. Trying to failover after sleeping for 2000ms. Current retry count: 8.
2024-03-20 21:09:06,385 [SecretKeyPoller] INFO  retry.RetryInvocationHandler (RetryInvocationHandler.java:log(422)) - com.google.protobuf.ServiceException: java.net.ConnectException: Call From fv-az1053-74/10.1.0.34 to localhost:15018 failed on connection exception: java.net.ConnectException: Connection refused; For more details see:  http://wiki.apache.org/hadoop/ConnectionRefused, while invoking $Proxy58.submitRequest over nodeId=scmNode-3,nodeAddress=/127.0.0.1:15018 after 8 failover attempts. Trying to failover after sleeping for 2000ms. Current retry count: 8.
2024-03-20 21:09:06,385 [SecretKeyPoller] INFO  retry.RetryInvocationHandler (RetryInvocationHandler.java:log(422)) - com.google.protobuf.ServiceException: java.net.ConnectException: Call From fv-az1053-74/10.1.0.34 to localhost:15018 failed on connection exception: java.net.ConnectException: Connection refused; For more details see:  http://wiki.apache.org/hadoop/ConnectionRefused, while invoking $Proxy58.submitRequest over nodeId=scmNode-3,nodeAddress=/127.0.0.1:15018 after 8 failover attempts. Trying to failover after sleeping for 2000ms. Current retry count: 8.
2024-03-20 21:09:06,389 [98cad3d9-1aaa-47a5-be17-9665075729ab-EndpointStateMachineTaskThread-/127.0.0.1:15012-0 ] INFO  ipc.Client (Client.java:handleConnectionFailure(950)) - Retrying connect to server: localhost/127.0.0.1:15012. Already tried 1 time(s); retry policy is RetryUpToMaximumCountWithFixedSleep(maxRetries=15, sleepTime=1000 MILLISECONDS)
2024-03-20 21:09:07,033 [bf0d52d7-dce2-4f08-b148-c0add6164c5c-EndpointStateMachineTaskThread-/127.0.0.1:15012-0 ] INFO  ipc.Client (Client.java:handleConnectionFailure(950)) - Retrying connect to server: localhost/127.0.0.1:15012. Already tried 2 time(s); retry policy is RetryUpToMaximumCountWithFixedSleep(maxRetries=15, sleepTime=1000 MILLISECONDS)
2024-03-20 21:09:07,033 [bf0d52d7-dce2-4f08-b148-c0add6164c5c-EndpointStateMachineTaskThread-/127.0.0.1:15020-0 ] INFO  ipc.Client (Client.java:handleConnectionFailure(950)) - Retrying connect to server: localhost/127.0.0.1:15020. Already tried 1 time(s); retry policy is RetryUpToMaximumCountWithFixedSleep(maxRetries=15, sleepTime=1000 MILLISECONDS)
2024-03-20 21:09:07,389 [98cad3d9-1aaa-47a5-be17-9665075729ab-EndpointStateMachineTaskThread-/127.0.0.1:15012-0 ] INFO  ipc.Client (Client.java:handleConnectionFailure(950)) - Retrying connect to server: localhost/127.0.0.1:15012. Already tried 2 time(s); retry policy is RetryUpToMaximumCountWithFixedSleep(maxRetries=15, sleepTime=1000 MILLISECONDS)
2024-03-20 21:09:08,034 [bf0d52d7-dce2-4f08-b148-c0add6164c5c-EndpointStateMachineTaskThread-/127.0.0.1:15012-0 ] INFO  ipc.Client (Client.java:handleConnectionFailure(950)) - Retrying connect to server: localhost/127.0.0.1:15012. Already tried 3 time(s); retry policy is RetryUpToMaximumCountWithFixedSleep(maxRetries=15, sleepTime=1000 MILLISECONDS)
2024-03-20 21:09:08,034 [bf0d52d7-dce2-4f08-b148-c0add6164c5c-EndpointStateMachineTaskThread-/127.0.0.1:15020-0 ] INFO  ipc.Client (Client.java:handleConnectionFailure(950)) - Retrying connect to server: localhost/127.0.0.1:15020. Already tried 2 time(s); retry policy is RetryUpToMaximumCountWithFixedSleep(maxRetries=15, sleepTime=1000 MILLISECONDS)
2024-03-20 21:09:08,386 [SecretKeyPoller] INFO  retry.RetryInvocationHandler (RetryInvocationHandler.java:log(422)) - com.google.protobuf.ServiceException: java.net.ConnectException: Call From fv-az1053-74/10.1.0.34 to localhost:15002 failed on connection exception: java.net.ConnectException: Connection refused; For more details see:  http://wiki.apache.org/hadoop/ConnectionRefused, while invoking $Proxy58.submitRequest over nodeId=scmNode-1,nodeAddress=/127.0.0.1:15002 after 9 failover attempts. Trying to failover after sleeping for 2000ms. Current retry count: 9.
2024-03-20 21:09:08,386 [SecretKeyPoller] INFO  retry.RetryInvocationHandler (RetryInvocationHandler.java:log(422)) - com.google.protobuf.ServiceException: java.net.ConnectException: Call From fv-az1053-74/10.1.0.34 to localhost:15002 failed on connection exception: java.net.ConnectException: Connection refused; For more details see:  http://wiki.apache.org/hadoop/ConnectionRefused, while invoking $Proxy58.submitRequest over nodeId=scmNode-1,nodeAddress=/127.0.0.1:15002 after 9 failover attempts. Trying to failover after sleeping for 2000ms. Current retry count: 9.
2024-03-20 21:09:08,386 [SecretKeyPoller] INFO  retry.RetryInvocationHandler (RetryInvocationHandler.java:log(422)) - com.google.protobuf.ServiceException: java.net.ConnectException: Call From fv-az1053-74/10.1.0.34 to localhost:15002 failed on connection exception: java.net.ConnectException: Connection refused; For more details see:  http://wiki.apache.org/hadoop/ConnectionRefused, while invoking $Proxy58.submitRequest over nodeId=scmNode-1,nodeAddress=/127.0.0.1:15002 after 9 failover attempts. Trying to failover after sleeping for 2000ms. Current retry count: 9.
2024-03-20 21:09:08,390 [98cad3d9-1aaa-47a5-be17-9665075729ab-EndpointStateMachineTaskThread-/127.0.0.1:15012-0 ] INFO  ipc.Client (Client.java:handleConnectionFailure(950)) - Retrying connect to server: localhost/127.0.0.1:15012. Already tried 3 time(s); retry policy is RetryUpToMaximumCountWithFixedSleep(maxRetries=15, sleepTime=1000 MILLISECONDS)
2024-03-20 21:09:09,035 [bf0d52d7-dce2-4f08-b148-c0add6164c5c-EndpointStateMachineTaskThread-/127.0.0.1:15020-0 ] INFO  ipc.Client (Client.java:handleConnectionFailure(950)) - Retrying connect to server: localhost/127.0.0.1:15020. Already tried 3 time(s); retry policy is RetryUpToMaximumCountWithFixedSleep(maxRetries=15, sleepTime=1000 MILLISECONDS)
2024-03-20 21:09:09,035 [bf0d52d7-dce2-4f08-b148-c0add6164c5c-EndpointStateMachineTaskThread-/127.0.0.1:15012-0 ] INFO  ipc.Client (Client.java:handleConnectionFailure(950)) - Retrying connect to server: localhost/127.0.0.1:15012. Already tried 4 time(s); retry policy is RetryUpToMaximumCountWithFixedSleep(maxRetries=15, sleepTime=1000 MILLISECONDS)
2024-03-20 21:09:09,390 [98cad3d9-1aaa-47a5-be17-9665075729ab-EndpointStateMachineTaskThread-/127.0.0.1:15012-0 ] INFO  ipc.Client (Client.java:handleConnectionFailure(950)) - Retrying connect to server: localhost/127.0.0.1:15012. Already tried 4 time(s); retry policy is RetryUpToMaximumCountWithFixedSleep(maxRetries=15, sleepTime=1000 MILLISECONDS)
2024-03-20 21:09:10,036 [bf0d52d7-dce2-4f08-b148-c0add6164c5c-EndpointStateMachineTaskThread-/127.0.0.1:15012-0 ] INFO  ipc.Client (Client.java:handleConnectionFailure(950)) - Retrying connect to server: localhost/127.0.0.1:15012. Already tried 5 time(s); retry policy is RetryUpToMaximumCountWithFixedSleep(maxRetries=15, sleepTime=1000 MILLISECONDS)
2024-03-20 21:09:10,036 [bf0d52d7-dce2-4f08-b148-c0add6164c5c-EndpointStateMachineTaskThread-/127.0.0.1:15020-0 ] INFO  ipc.Client (Client.java:handleConnectionFailure(950)) - Retrying connect to server: localhost/127.0.0.1:15020. Already tried 4 time(s); retry policy is RetryUpToMaximumCountWithFixedSleep(maxRetries=15, sleepTime=1000 MILLISECONDS)
2024-03-20 21:09:10,387 [SecretKeyPoller] INFO  retry.RetryInvocationHandler (RetryInvocationHandler.java:log(422)) - com.google.protobuf.ServiceException: java.net.ConnectException: Call From fv-az1053-74/10.1.0.34 to localhost:15010 failed on connection exception: java.net.ConnectException: Connection refused; For more details see:  http://wiki.apache.org/hadoop/ConnectionRefused, while invoking $Proxy58.submitRequest over nodeId=scmNode-2,nodeAddress=/127.0.0.1:15010 after 10 failover attempts. Trying to failover after sleeping for 2000ms. Current retry count: 10.
2024-03-20 21:09:10,387 [SecretKeyPoller] INFO  retry.RetryInvocationHandler (RetryInvocationHandler.java:log(422)) - com.google.protobuf.ServiceException: java.net.ConnectException: Call From fv-az1053-74/10.1.0.34 to localhost:15010 failed on connection exception: java.net.ConnectException: Connection refused; For more details see:  http://wiki.apache.org/hadoop/ConnectionRefused, while invoking $Proxy58.submitRequest over nodeId=scmNode-2,nodeAddress=/127.0.0.1:15010 after 10 failover attempts. Trying to failover after sleeping for 2000ms. Current retry count: 10.
2024-03-20 21:09:10,387 [SecretKeyPoller] INFO  retry.RetryInvocationHandler (RetryInvocationHandler.java:log(422)) - com.google.protobuf.ServiceException: java.net.ConnectException: Call From fv-az1053-74/10.1.0.34 to localhost:15010 failed on connection exception: java.net.ConnectException: Connection refused; For more details see:  http://wiki.apache.org/hadoop/ConnectionRefused, while invoking $Proxy58.submitRequest over nodeId=scmNode-2,nodeAddress=/127.0.0.1:15010 after 10 failover attempts. Trying to failover after sleeping for 2000ms. Current retry count: 10.
2024-03-20 21:09:10,391 [98cad3d9-1aaa-47a5-be17-9665075729ab-EndpointStateMachineTaskThread-/127.0.0.1:15012-0 ] INFO  ipc.Client (Client.java:handleConnectionFailure(950)) - Retrying connect to server: localhost/127.0.0.1:15012. Already tried 5 time(s); retry policy is RetryUpToMaximumCountWithFixedSleep(maxRetries=15, sleepTime=1000 MILLISECONDS)
2024-03-20 21:09:11,037 [bf0d52d7-dce2-4f08-b148-c0add6164c5c-EndpointStateMachineTaskThread-/127.0.0.1:15020-0 ] INFO  ipc.Client (Client.java:handleConnectionFailure(950)) - Retrying connect to server: localhost/127.0.0.1:15020. Already tried 5 time(s); retry policy is RetryUpToMaximumCountWithFixedSleep(maxRetries=15, sleepTime=1000 MILLISECONDS)
2024-03-20 21:09:11,037 [bf0d52d7-dce2-4f08-b148-c0add6164c5c-EndpointStateMachineTaskThread-/127.0.0.1:15012-0 ] INFO  ipc.Client (Client.java:handleConnectionFailure(950)) - Retrying connect to server: localhost/127.0.0.1:15012. Already tried 6 time(s); retry policy is RetryUpToMaximumCountWithFixedSleep(maxRetries=15, sleepTime=1000 MILLISECONDS)
2024-03-20 21:09:11,391 [98cad3d9-1aaa-47a5-be17-9665075729ab-EndpointStateMachineTaskThread-/127.0.0.1:15012-0 ] INFO  ipc.Client (Client.java:handleConnectionFailure(950)) - Retrying connect to server: localhost/127.0.0.1:15012. Already tried 6 time(s); retry policy is RetryUpToMaximumCountWithFixedSleep(maxRetries=15, sleepTime=1000 MILLISECONDS)
2024-03-20 21:09:12,038 [bf0d52d7-dce2-4f08-b148-c0add6164c5c-EndpointStateMachineTaskThread-/127.0.0.1:15012-0 ] INFO  ipc.Client (Client.java:handleConnectionFailure(950)) - Retrying connect to server: localhost/127.0.0.1:15012. Already tried 7 time(s); retry policy is RetryUpToMaximumCountWithFixedSleep(maxRetries=15, sleepTime=1000 MILLISECONDS)
2024-03-20 21:09:12,038 [bf0d52d7-dce2-4f08-b148-c0add6164c5c-EndpointStateMachineTaskThread-/127.0.0.1:15020-0 ] INFO  ipc.Client (Client.java:handleConnectionFailure(950)) - Retrying connect to server: localhost/127.0.0.1:15020. Already tried 6 time(s); retry policy is RetryUpToMaximumCountWithFixedSleep(maxRetries=15, sleepTime=1000 MILLISECONDS)
2024-03-20 21:09:12,389 [SecretKeyPoller] INFO  retry.RetryInvocationHandler (RetryInvocationHandler.java:log(422)) - com.google.protobuf.ServiceException: java.net.ConnectException: Call From fv-az1053-74/10.1.0.34 to localhost:15018 failed on connection exception: java.net.ConnectException: Connection refused; For more details see:  http://wiki.apache.org/hadoop/ConnectionRefused, while invoking $Proxy58.submitRequest over nodeId=scmNode-3,nodeAddress=/127.0.0.1:15018 after 11 failover attempts. Trying to failover after sleeping for 2000ms. Current retry count: 11.
2024-03-20 21:09:12,389 [SecretKeyPoller] INFO  retry.RetryInvocationHandler (RetryInvocationHandler.java:log(422)) - com.google.protobuf.ServiceException: java.net.ConnectException: Call From fv-az1053-74/10.1.0.34 to localhost:15018 failed on connection exception: java.net.ConnectException: Connection refused; For more details see:  http://wiki.apache.org/hadoop/ConnectionRefused, while invoking $Proxy58.submitRequest over nodeId=scmNode-3,nodeAddress=/127.0.0.1:15018 after 11 failover attempts. Trying to failover after sleeping for 2000ms. Current retry count: 11.
2024-03-20 21:09:12,389 [SecretKeyPoller] INFO  retry.RetryInvocationHandler (RetryInvocationHandler.java:log(422)) - com.google.protobuf.ServiceException: java.net.ConnectException: Call From fv-az1053-74/10.1.0.34 to localhost:15018 failed on connection exception: java.net.ConnectException: Connection refused; For more details see:  http://wiki.apache.org/hadoop/ConnectionRefused, while invoking $Proxy58.submitRequest over nodeId=scmNode-3,nodeAddress=/127.0.0.1:15018 after 11 failover attempts. Trying to failover after sleeping for 2000ms. Current retry count: 11.
2024-03-20 21:09:12,392 [98cad3d9-1aaa-47a5-be17-9665075729ab-EndpointStateMachineTaskThread-/127.0.0.1:15012-0 ] INFO  ipc.Client (Client.java:handleConnectionFailure(950)) - Retrying connect to server: localhost/127.0.0.1:15012. Already tried 7 time(s); retry policy is RetryUpToMaximumCountWithFixedSleep(maxRetries=15, sleepTime=1000 MILLISECONDS)
2024-03-20 21:09:13,039 [bf0d52d7-dce2-4f08-b148-c0add6164c5c-EndpointStateMachineTaskThread-/127.0.0.1:15012-0 ] INFO  ipc.Client (Client.java:handleConnectionFailure(950)) - Retrying connect to server: localhost/127.0.0.1:15012. Already tried 8 time(s); retry policy is RetryUpToMaximumCountWithFixedSleep(maxRetries=15, sleepTime=1000 MILLISECONDS)
2024-03-20 21:09:13,039 [bf0d52d7-dce2-4f08-b148-c0add6164c5c-EndpointStateMachineTaskThread-/127.0.0.1:15020-0 ] INFO  ipc.Client (Client.java:handleConnectionFailure(950)) - Retrying connect to server: localhost/127.0.0.1:15020. Already tried 7 time(s); retry policy is RetryUpToMaximumCountWithFixedSleep(maxRetries=15, sleepTime=1000 MILLISECONDS)
2024-03-20 21:09:13,393 [98cad3d9-1aaa-47a5-be17-9665075729ab-EndpointStateMachineTaskThread-/127.0.0.1:15012-0 ] INFO  ipc.Client (Client.java:handleConnectionFailure(950)) - Retrying connect to server: localhost/127.0.0.1:15012. Already tried 8 time(s); retry policy is RetryUpToMaximumCountWithFixedSleep(maxRetries=15, sleepTime=1000 MILLISECONDS)
2024-03-20 21:09:14,040 [bf0d52d7-dce2-4f08-b148-c0add6164c5c-EndpointStateMachineTaskThread-/127.0.0.1:15012-0 ] INFO  ipc.Client (Client.java:handleConnectionFailure(950)) - Retrying connect to server: localhost/127.0.0.1:15012. Already tried 9 time(s); retry policy is RetryUpToMaximumCountWithFixedSleep(maxRetries=15, sleepTime=1000 MILLISECONDS)
2024-03-20 21:09:14,040 [bf0d52d7-dce2-4f08-b148-c0add6164c5c-EndpointStateMachineTaskThread-/127.0.0.1:15020-0 ] INFO  ipc.Client (Client.java:handleConnectionFailure(950)) - Retrying connect to server: localhost/127.0.0.1:15020. Already tried 8 time(s); retry policy is RetryUpToMaximumCountWithFixedSleep(maxRetries=15, sleepTime=1000 MILLISECONDS)
2024-03-20 21:09:14,390 [SecretKeyPoller] INFO  retry.RetryInvocationHandler (RetryInvocationHandler.java:log(422)) - com.google.protobuf.ServiceException: java.net.ConnectException: Call From fv-az1053-74/10.1.0.34 to localhost:15002 failed on connection exception: java.net.ConnectException: Connection refused; For more details see:  http://wiki.apache.org/hadoop/ConnectionRefused, while invoking $Proxy58.submitRequest over nodeId=scmNode-1,nodeAddress=/127.0.0.1:15002 after 12 failover attempts. Trying to failover after sleeping for 2000ms. Current retry count: 12.
2024-03-20 21:09:14,390 [SecretKeyPoller] INFO  retry.RetryInvocationHandler (RetryInvocationHandler.java:log(422)) - com.google.protobuf.ServiceException: java.net.ConnectException: Call From fv-az1053-74/10.1.0.34 to localhost:15002 failed on connection exception: java.net.ConnectException: Connection refused; For more details see:  http://wiki.apache.org/hadoop/ConnectionRefused, while invoking $Proxy58.submitRequest over nodeId=scmNode-1,nodeAddress=/127.0.0.1:15002 after 12 failover attempts. Trying to failover after sleeping for 2000ms. Current retry count: 12.
2024-03-20 21:09:14,390 [SecretKeyPoller] INFO  retry.RetryInvocationHandler (RetryInvocationHandler.java:log(422)) - com.google.protobuf.ServiceException: java.net.ConnectException: Call From fv-az1053-74/10.1.0.34 to localhost:15002 failed on connection exception: java.net.ConnectException: Connection refused; For more details see:  http://wiki.apache.org/hadoop/ConnectionRefused, while invoking $Proxy58.submitRequest over nodeId=scmNode-1,nodeAddress=/127.0.0.1:15002 after 12 failover attempts. Trying to failover after sleeping for 2000ms. Current retry count: 12.
2024-03-20 21:09:14,394 [98cad3d9-1aaa-47a5-be17-9665075729ab-EndpointStateMachineTaskThread-/127.0.0.1:15012-0 ] INFO  ipc.Client (Client.java:handleConnectionFailure(950)) - Retrying connect to server: localhost/127.0.0.1:15012. Already tried 9 time(s); retry policy is RetryUpToMaximumCountWithFixedSleep(maxRetries=15, sleepTime=1000 MILLISECONDS)
2024-03-20 21:09:15,041 [bf0d52d7-dce2-4f08-b148-c0add6164c5c-EndpointStateMachineTaskThread-/127.0.0.1:15012-0 ] INFO  ipc.Client (Client.java:handleConnectionFailure(950)) - Retrying connect to server: localhost/127.0.0.1:15012. Already tried 10 time(s); retry policy is RetryUpToMaximumCountWithFixedSleep(maxRetries=15, sleepTime=1000 MILLISECONDS)
2024-03-20 21:09:15,041 [bf0d52d7-dce2-4f08-b148-c0add6164c5c-EndpointStateMachineTaskThread-/127.0.0.1:15020-0 ] INFO  ipc.Client (Client.java:handleConnectionFailure(950)) - Retrying connect to server: localhost/127.0.0.1:15020. Already tried 9 time(s); retry policy is RetryUpToMaximumCountWithFixedSleep(maxRetries=15, sleepTime=1000 MILLISECONDS)
2024-03-20 21:09:15,394 [98cad3d9-1aaa-47a5-be17-9665075729ab-EndpointStateMachineTaskThread-/127.0.0.1:15012-0 ] INFO  ipc.Client (Client.java:handleConnectionFailure(950)) - Retrying connect to server: localhost/127.0.0.1:15012. Already tried 10 time(s); retry policy is RetryUpToMaximumCountWithFixedSleep(maxRetries=15, sleepTime=1000 MILLISECONDS)
2024-03-20 21:09:16,042 [bf0d52d7-dce2-4f08-b148-c0add6164c5c-EndpointStateMachineTaskThread-/127.0.0.1:15020-0 ] INFO  ipc.Client (Client.java:handleConnectionFailure(950)) - Retrying connect to server: localhost/127.0.0.1:15020. Already tried 10 time(s); retry policy is RetryUpToMaximumCountWithFixedSleep(maxRetries=15, sleepTime=1000 MILLISECONDS)
2024-03-20 21:09:16,042 [bf0d52d7-dce2-4f08-b148-c0add6164c5c-EndpointStateMachineTaskThread-/127.0.0.1:15012-0 ] INFO  ipc.Client (Client.java:handleConnectionFailure(950)) - Retrying connect to server: localhost/127.0.0.1:15012. Already tried 11 time(s); retry policy is RetryUpToMaximumCountWithFixedSleep(maxRetries=15, sleepTime=1000 MILLISECONDS)
2024-03-20 21:09:16,391 [SecretKeyPoller] INFO  retry.RetryInvocationHandler (RetryInvocationHandler.java:log(422)) - com.google.protobuf.ServiceException: java.net.ConnectException: Call From fv-az1053-74/10.1.0.34 to localhost:15010 failed on connection exception: java.net.ConnectException: Connection refused; For more details see:  http://wiki.apache.org/hadoop/ConnectionRefused, while invoking $Proxy58.submitRequest over nodeId=scmNode-2,nodeAddress=/127.0.0.1:15010 after 13 failover attempts. Trying to failover after sleeping for 2000ms. Current retry count: 13.
2024-03-20 21:09:16,391 [SecretKeyPoller] INFO  retry.RetryInvocationHandler (RetryInvocationHandler.java:log(422)) - com.google.protobuf.ServiceException: java.net.ConnectException: Call From fv-az1053-74/10.1.0.34 to localhost:15010 failed on connection exception: java.net.ConnectException: Connection refused; For more details see:  http://wiki.apache.org/hadoop/ConnectionRefused, while invoking $Proxy58.submitRequest over nodeId=scmNode-2,nodeAddress=/127.0.0.1:15010 after 13 failover attempts. Trying to failover after sleeping for 2000ms. Current retry count: 13.
2024-03-20 21:09:16,391 [SecretKeyPoller] INFO  retry.RetryInvocationHandler (RetryInvocationHandler.java:log(422)) - com.google.protobuf.ServiceException: java.net.ConnectException: Call From fv-az1053-74/10.1.0.34 to localhost:15010 failed on connection exception: java.net.ConnectException: Connection refused; For more details see:  http://wiki.apache.org/hadoop/ConnectionRefused, while invoking $Proxy58.submitRequest over nodeId=scmNode-2,nodeAddress=/127.0.0.1:15010 after 13 failover attempts. Trying to failover after sleeping for 2000ms. Current retry count: 13.
2024-03-20 21:09:16,395 [98cad3d9-1aaa-47a5-be17-9665075729ab-EndpointStateMachineTaskThread-/127.0.0.1:15012-0 ] INFO  ipc.Client (Client.java:handleConnectionFailure(950)) - Retrying connect to server: localhost/127.0.0.1:15012. Already tried 11 time(s); retry policy is RetryUpToMaximumCountWithFixedSleep(maxRetries=15, sleepTime=1000 MILLISECONDS)
2024-03-20 21:09:17,042 [bf0d52d7-dce2-4f08-b148-c0add6164c5c-EndpointStateMachineTaskThread-/127.0.0.1:15012-0 ] INFO  ipc.Client (Client.java:handleConnectionFailure(950)) - Retrying connect to server: localhost/127.0.0.1:15012. Already tried 12 time(s); retry policy is RetryUpToMaximumCountWithFixedSleep(maxRetries=15, sleepTime=1000 MILLISECONDS)
2024-03-20 21:09:17,042 [bf0d52d7-dce2-4f08-b148-c0add6164c5c-EndpointStateMachineTaskThread-/127.0.0.1:15020-0 ] INFO  ipc.Client (Client.java:handleConnectionFailure(950)) - Retrying connect to server: localhost/127.0.0.1:15020. Already tried 11 time(s); retry policy is RetryUpToMaximumCountWithFixedSleep(maxRetries=15, sleepTime=1000 MILLISECONDS)
2024-03-20 21:09:17,395 [98cad3d9-1aaa-47a5-be17-9665075729ab-EndpointStateMachineTaskThread-/127.0.0.1:15012-0 ] INFO  ipc.Client (Client.java:handleConnectionFailure(950)) - Retrying connect to server: localhost/127.0.0.1:15012. Already tried 12 time(s); retry policy is RetryUpToMaximumCountWithFixedSleep(maxRetries=15, sleepTime=1000 MILLISECONDS)
2024-03-20 21:09:18,043 [bf0d52d7-dce2-4f08-b148-c0add6164c5c-EndpointStateMachineTaskThread-/127.0.0.1:15020-0 ] INFO  ipc.Client (Client.java:handleConnectionFailure(950)) - Retrying connect to server: localhost/127.0.0.1:15020. Already tried 12 time(s); retry policy is RetryUpToMaximumCountWithFixedSleep(maxRetries=15, sleepTime=1000 MILLISECONDS)
2024-03-20 21:09:18,043 [bf0d52d7-dce2-4f08-b148-c0add6164c5c-EndpointStateMachineTaskThread-/127.0.0.1:15012-0 ] INFO  ipc.Client (Client.java:handleConnectionFailure(950)) - Retrying connect to server: localhost/127.0.0.1:15012. Already tried 13 time(s); retry policy is RetryUpToMaximumCountWithFixedSleep(maxRetries=15, sleepTime=1000 MILLISECONDS)
2024-03-20 21:09:18,392 [SecretKeyPoller] INFO  retry.RetryInvocationHandler (RetryInvocationHandler.java:log(422)) - com.google.protobuf.ServiceException: java.net.ConnectException: Call From fv-az1053-74/10.1.0.34 to localhost:15018 failed on connection exception: java.net.ConnectException: Connection refused; For more details see:  http://wiki.apache.org/hadoop/ConnectionRefused, while invoking $Proxy58.submitRequest over nodeId=scmNode-3,nodeAddress=/127.0.0.1:15018 after 14 failover attempts. Trying to failover after sleeping for 2000ms. Current retry count: 14.
2024-03-20 21:09:18,392 [SecretKeyPoller] INFO  retry.RetryInvocationHandler (RetryInvocationHandler.java:log(422)) - com.google.protobuf.ServiceException: java.net.ConnectException: Call From fv-az1053-74/10.1.0.34 to localhost:15018 failed on connection exception: java.net.ConnectException: Connection refused; For more details see:  http://wiki.apache.org/hadoop/ConnectionRefused, while invoking $Proxy58.submitRequest over nodeId=scmNode-3,nodeAddress=/127.0.0.1:15018 after 14 failover attempts. Trying to failover after sleeping for 2000ms. Current retry count: 14.
2024-03-20 21:09:18,392 [SecretKeyPoller] INFO  retry.RetryInvocationHandler (RetryInvocationHandler.java:log(422)) - com.google.protobuf.ServiceException: java.net.ConnectException: Call From fv-az1053-74/10.1.0.34 to localhost:15018 failed on connection exception: java.net.ConnectException: Connection refused; For more details see:  http://wiki.apache.org/hadoop/ConnectionRefused, while invoking $Proxy58.submitRequest over nodeId=scmNode-3,nodeAddress=/127.0.0.1:15018 after 14 failover attempts. Trying to failover after sleeping for 2000ms. Current retry count: 14.
2024-03-20 21:09:18,396 [98cad3d9-1aaa-47a5-be17-9665075729ab-EndpointStateMachineTaskThread-/127.0.0.1:15012-0 ] INFO  ipc.Client (Client.java:handleConnectionFailure(950)) - Retrying connect to server: localhost/127.0.0.1:15012. Already tried 13 time(s); retry policy is RetryUpToMaximumCountWithFixedSleep(maxRetries=15, sleepTime=1000 MILLISECONDS)
2024-03-20 21:09:19,044 [bf0d52d7-dce2-4f08-b148-c0add6164c5c-EndpointStateMachineTaskThread-/127.0.0.1:15020-0 ] INFO  ipc.Client (Client.java:handleConnectionFailure(950)) - Retrying connect to server: localhost/127.0.0.1:15020. Already tried 13 time(s); retry policy is RetryUpToMaximumCountWithFixedSleep(maxRetries=15, sleepTime=1000 MILLISECONDS)
2024-03-20 21:09:19,044 [bf0d52d7-dce2-4f08-b148-c0add6164c5c-EndpointStateMachineTaskThread-/127.0.0.1:15012-0 ] INFO  ipc.Client (Client.java:handleConnectionFailure(950)) - Retrying connect to server: localhost/127.0.0.1:15012. Already tried 14 time(s); retry policy is RetryUpToMaximumCountWithFixedSleep(maxRetries=15, sleepTime=1000 MILLISECONDS)
2024-03-20 21:09:19,396 [98cad3d9-1aaa-47a5-be17-9665075729ab-EndpointStateMachineTaskThread-/127.0.0.1:15012-0 ] INFO  ipc.Client (Client.java:handleConnectionFailure(950)) - Retrying connect to server: localhost/127.0.0.1:15012. Already tried 14 time(s); retry policy is RetryUpToMaximumCountWithFixedSleep(maxRetries=15, sleepTime=1000 MILLISECONDS)
2024-03-20 21:09:20,045 [bf0d52d7-dce2-4f08-b148-c0add6164c5c-EndpointStateMachineTaskThread-/127.0.0.1:15020-0 ] INFO  ipc.Client (Client.java:handleConnectionFailure(950)) - Retrying connect to server: localhost/127.0.0.1:15020. Already tried 14 time(s); retry policy is RetryUpToMaximumCountWithFixedSleep(maxRetries=15, sleepTime=1000 MILLISECONDS)
2024-03-20 21:09:20,046 [dcffae99-659e-451a-8106-d35894ce685d-EndpointStateMachineTaskThread-/127.0.0.1:15012-0 ] INFO  ipc.Client (Client.java:handleConnectionFailure(950)) - Retrying connect to server: localhost/127.0.0.1:15012. Already tried 0 time(s); retry policy is RetryUpToMaximumCountWithFixedSleep(maxRetries=15, sleepTime=1000 MILLISECONDS)
]]></system-out>
  </testcase>
  <testcase name="testSecretKeyApiNotEnabled" classname="org.apache.hadoop.hdds.scm.TestSecretKeysApi" time="32.562"/>
  <testcase name="testSecretKeyWithoutAuthorization" classname="org.apache.hadoop.hdds.scm.TestSecretKeysApi" time="31.557"/>
  <testcase name="testSecretKeyAfterSCMFailover" classname="org.apache.hadoop.hdds.scm.TestSecretKeysApi" time="44.228"/>
</testsuite>