<?xml version="1.0" encoding="UTF-8"?>
<testsuite xmlns:xsi="http://www.w3.org/2001/XMLSchema-instance" xsi:noNamespaceSchemaLocation="https://maven.apache.org/surefire/maven-surefire-plugin/xsd/surefire-test-report.xsd" name="org.apache.hadoop.ozone.client.rpc.TestCloseContainerHandlingByClient" time="204.949" tests="7" errors="1" skipped="0" failures="0">
  <properties>
    <property name="awt.toolkit" value="sun.awt.X11.XToolkit"/>
    <property name="file.encoding.pkg" value="sun.io"/>
    <property name="java.specification.version" value="1.8"/>
    <property name="sun.cpu.isalist" value=""/>
    <property name="sun.jnu.encoding" value="ANSI_X3.4-1968"/>
    <property name="java.class.path" value="/github/workspace/mnt/ozone/hadoop-ozone/integration-test/target/test-classes:/github/workspace/mnt/ozone/hadoop-ozone/integration-test/target/classes:/home/user/.m2/repository/org/apache/hadoop/hadoop-ozone-common/1.1.0-SNAPSHOT/hadoop-ozone-common-1.1.0-SNAPSHOT.jar:/home/user/.m2/repository/org/apache/commons/commons-compress/1.4.1/commons-compress-1.4.1.jar:/home/user/.m2/repository/org/tukaani/xz/1.0/xz-1.0.jar:/home/user/.m2/repository/org/apache/hadoop/hadoop-hdds-common/1.1.0-SNAPSHOT/hadoop-hdds-common-1.1.0-SNAPSHOT.jar:/home/user/.m2/repository/org/apache/hadoop/hadoop-hdds-client/1.1.0-SNAPSHOT/hadoop-hdds-client-1.1.0-SNAPSHOT.jar:/home/user/.m2/repository/org/apache/hadoop/hadoop-ozone-interface-client/1.1.0-SNAPSHOT/hadoop-ozone-interface-client-1.1.0-SNAPSHOT.jar:/home/user/.m2/repository/org/apache/hadoop/hadoop-hdds-test-utils/1.1.0-SNAPSHOT/hadoop-hdds-test-utils-1.1.0-SNAPSHOT.jar:/home/user/.m2/repository/com/google/guava/guava/28.2-jre/guava-28.2-jre.jar:/home/user/.m2/repository/com/google/guava/failureaccess/1.0.1/failureaccess-1.0.1.jar:/home/user/.m2/repository/com/google/guava/listenablefuture/9999.0-empty-to-avoid-conflict-with-guava/listenablefuture-9999.0-empty-to-avoid-conflict-with-guava.jar:/home/user/.m2/repository/com/google/code/findbugs/jsr305/3.0.0/jsr305-3.0.0.jar:/home/user/.m2/repository/org/checkerframework/checker-qual/2.10.0/checker-qual-2.10.0.jar:/home/user/.m2/repository/com/google/errorprone/error_prone_annotations/2.2.0/error_prone_annotations-2.2.0.jar:/home/user/.m2/repository/com/google/j2objc/j2objc-annotations/1.3/j2objc-annotations-1.3.jar:/home/user/.m2/repository/commons-io/commons-io/2.5/commons-io-2.5.jar:/home/user/.m2/repository/commons-logging/commons-logging/1.2/commons-logging-1.2.jar:/home/user/.m2/repository/log4j/log4j/1.2.17/log4j-1.2.17.jar:/home/user/.m2/repository/org/slf4j/slf4j-api/1.7.30/slf4j-api-1.7.30.jar:/home/user/.m2/repository/org/apache/hadoop/hadoop-hdds-server-scm/1.1.0-SNAPSHOT/hadoop-hdds-server-scm-1.1.0-SNAPSHOT.jar:/home/user/.m2/repository/org/apache/hadoop/hadoop-hdds-container-service/1.1.0-SNAPSHOT/hadoop-hdds-container-service-1.1.0-SNAPSHOT.jar:/home/user/.m2/repository/org/apache/hadoop/hadoop-hdds-hadoop-dependency-server/1.1.0-SNAPSHOT/hadoop-hdds-hadoop-dependency-server-1.1.0-SNAPSHOT.jar:/home/user/.m2/repository/org/apache/hadoop/hadoop-hdfs/3.2.2/hadoop-hdfs-3.2.2.jar:/home/user/.m2/repository/org/apache/hadoop/hadoop-hdds-server-framework/1.1.0-SNAPSHOT/hadoop-hdds-server-framework-1.1.0-SNAPSHOT.jar:/home/user/.m2/repository/org/apache/hadoop/hadoop-hdds-interface-server/1.1.0-SNAPSHOT/hadoop-hdds-interface-server-1.1.0-SNAPSHOT.jar:/home/user/.m2/repository/org/apache/hadoop/hadoop-hdds-interface-admin/1.1.0-SNAPSHOT/hadoop-hdds-interface-admin-1.1.0-SNAPSHOT.jar:/home/user/.m2/repository/org/eclipse/jetty/jetty-servlet/9.4.34.v20201102/jetty-servlet-9.4.34.v20201102.jar:/home/user/.m2/repository/org/eclipse/jetty/jetty-security/9.4.34.v20201102/jetty-security-9.4.34.v20201102.jar:/home/user/.m2/repository/org/rocksdb/rocksdbjni/6.8.1/rocksdbjni-6.8.1.jar:/home/user/.m2/repository/io/prometheus/simpleclient_dropwizard/0.7.0/simpleclient_dropwizard-0.7.0.jar:/home/user/.m2/repository/io/prometheus/simpleclient/0.7.0/simpleclient-0.7.0.jar:/home/user/.m2/repository/io/prometheus/simpleclient_common/0.7.0/simpleclient_common-0.7.0.jar:/home/user/.m2/repository/com/fasterxml/jackson/datatype/jackson-datatype-jsr310/2.10.3/jackson-datatype-jsr310-2.10.3.jar:/home/user/.m2/repository/io/dropwizard/metrics/metrics-core/3.2.4/metrics-core-3.2.4.jar:/home/user/.m2/repository/org/apache/hadoop/hadoop-hdfs-client/3.2.2/hadoop-hdfs-client-3.2.2.jar:/home/user/.m2/repository/org/bouncycastle/bcprov-jdk15on/1.67/bcprov-jdk15on-1.67.jar:/home/user/.m2/repository/org/apache/hadoop/hadoop-ozone-ozone-manager/1.1.0-SNAPSHOT/hadoop-ozone-ozone-manager-1.1.0-SNAPSHOT.jar:/home/user/.m2/repository/org/apache/hadoop/hadoop-hdds-interface-client/1.1.0-SNAPSHOT/hadoop-hdds-interface-client-1.1.0-SNAPSHOT.jar:/home/user/.m2/repository/org/apache/ratis/ratis-thirdparty-misc/0.6.0-SNAPSHOT/ratis-thirdparty-misc-0.6.0-SNAPSHOT.jar:/home/user/.m2/repository/org/apache/hadoop/hadoop-ozone-interface-storage/1.1.0-SNAPSHOT/hadoop-ozone-interface-storage-1.1.0-SNAPSHOT.jar:/home/user/.m2/repository/org/apache/hadoop/hadoop-minikdc/3.2.2/hadoop-minikdc-3.2.2.jar:/home/user/.m2/repository/org/apache/kerby/kerb-simplekdc/1.0.1/kerb-simplekdc-1.0.1.jar:/home/user/.m2/repository/org/apache/kerby/kerb-client/1.0.1/kerb-client-1.0.1.jar:/home/user/.m2/repository/org/apache/kerby/kerby-config/1.0.1/kerby-config-1.0.1.jar:/home/user/.m2/repository/org/apache/kerby/kerb-core/1.0.1/kerb-core-1.0.1.jar:/home/user/.m2/repository/org/apache/kerby/kerby-pkix/1.0.1/kerby-pkix-1.0.1.jar:/home/user/.m2/repository/org/apache/kerby/kerby-asn1/1.0.1/kerby-asn1-1.0.1.jar:/home/user/.m2/repository/org/apache/kerby/kerby-util/1.0.1/kerby-util-1.0.1.jar:/home/user/.m2/repository/org/apache/kerby/kerb-common/1.0.1/kerb-common-1.0.1.jar:/home/user/.m2/repository/org/apache/kerby/kerb-crypto/1.0.1/kerb-crypto-1.0.1.jar:/home/user/.m2/repository/org/apache/kerby/kerb-util/1.0.1/kerb-util-1.0.1.jar:/home/user/.m2/repository/org/apache/kerby/token-provider/1.0.1/token-provider-1.0.1.jar:/home/user/.m2/repository/org/apache/kerby/kerb-admin/1.0.1/kerb-admin-1.0.1.jar:/home/user/.m2/repository/org/apache/kerby/kerb-server/1.0.1/kerb-server-1.0.1.jar:/home/user/.m2/repository/org/apache/kerby/kerb-identity/1.0.1/kerb-identity-1.0.1.jar:/home/user/.m2/repository/org/apache/kerby/kerby-xdr/1.0.1/kerby-xdr-1.0.1.jar:/home/user/.m2/repository/org/slf4j/slf4j-log4j12/1.7.30/slf4j-log4j12-1.7.30.jar:/home/user/.m2/repository/org/apache/hadoop/hadoop-ozone-s3gateway/1.1.0-SNAPSHOT/hadoop-ozone-s3gateway-1.1.0-SNAPSHOT.jar:/home/user/.m2/repository/org/jboss/weld/servlet/weld-servlet/2.4.7.Final/weld-servlet-2.4.7.Final.jar:/home/user/.m2/repository/org/glassfish/jersey/containers/jersey-container-servlet-core/2.27/jersey-container-servlet-core-2.27.jar:/home/user/.m2/repository/org/glassfish/hk2/external/javax.inject/2.5.0-b42/javax.inject-2.5.0-b42.jar:/home/user/.m2/repository/org/glassfish/jersey/core/jersey-common/2.27/jersey-common-2.27.jar:/home/user/.m2/repository/org/glassfish/hk2/osgi-resource-locator/1.0.1/osgi-resource-locator-1.0.1.jar:/home/user/.m2/repository/javax/ws/rs/javax.ws.rs-api/2.1/javax.ws.rs-api-2.1.jar:/home/user/.m2/repository/org/glassfish/jersey/ext/cdi/jersey-cdi1x/2.27/jersey-cdi1x-2.27.jar:/home/user/.m2/repository/org/glassfish/jersey/inject/jersey-hk2/2.27/jersey-hk2-2.27.jar:/home/user/.m2/repository/org/glassfish/hk2/hk2-locator/2.5.0-b42/hk2-locator-2.5.0-b42.jar:/home/user/.m2/repository/org/javassist/javassist/3.22.0-CR2/javassist-3.22.0-CR2.jar:/home/user/.m2/repository/org/glassfish/hk2/hk2-api/2.5.0/hk2-api-2.5.0.jar:/home/user/.m2/repository/org/glassfish/hk2/external/jakarta.inject/2.5.0/jakarta.inject-2.5.0.jar:/home/user/.m2/repository/org/glassfish/hk2/hk2-utils/2.5.0/hk2-utils-2.5.0.jar:/home/user/.m2/repository/jakarta/annotation/jakarta.annotation-api/1.3.4/jakarta.annotation-api-1.3.4.jar:/home/user/.m2/repository/org/glassfish/hk2/external/aopalliance-repackaged/2.5.0/aopalliance-repackaged-2.5.0.jar:/home/user/.m2/repository/com/fasterxml/jackson/dataformat/jackson-dataformat-xml/2.10.3/jackson-dataformat-xml-2.10.3.jar:/home/user/.m2/repository/com/fasterxml/jackson/core/jackson-core/2.10.3/jackson-core-2.10.3.jar:/home/user/.m2/repository/com/fasterxml/jackson/module/jackson-module-jaxb-annotations/2.10.3/jackson-module-jaxb-annotations-2.10.3.jar:/home/user/.m2/repository/jakarta/xml/bind/jakarta.xml.bind-api/2.3.2/jakarta.xml.bind-api-2.3.2.jar:/home/user/.m2/repository/jakarta/activation/jakarta.activation-api/1.2.1/jakarta.activation-api-1.2.1.jar:/home/user/.m2/repository/org/codehaus/woodstox/stax2-api/3.1.4/stax2-api-3.1.4.jar:/home/user/.m2/repository/com/fasterxml/woodstox/woodstox-core/5.0.3/woodstox-core-5.0.3.jar:/home/user/.m2/repository/javax/enterprise/cdi-api/1.2/cdi-api-1.2.jar:/home/user/.m2/repository/javax/el/javax.el-api/3.0.0/javax.el-api-3.0.0.jar:/home/user/.m2/repository/javax/interceptor/javax.interceptor-api/1.2/javax.interceptor-api-1.2.jar:/home/user/.m2/repository/javax/inject/javax.inject/1/javax.inject-1.jar:/home/user/.m2/repository/com/sun/xml/bind/jaxb-impl/2.3.0.1/jaxb-impl-2.3.0.1.jar:/home/user/.m2/repository/com/sun/xml/bind/jaxb-core/2.3.0.1/jaxb-core-2.3.0.1.jar:/home/user/.m2/repository/javax/xml/bind/jaxb-api/2.3.0/jaxb-api-2.3.0.jar:/home/user/.m2/repository/javax/activation/activation/1.1.1/activation-1.1.1.jar:/home/user/.m2/repository/org/apache/hadoop/hadoop-ozone-csi/1.1.0-SNAPSHOT/hadoop-ozone-csi-1.1.0-SNAPSHOT.jar:/home/user/.m2/repository/com/google/protobuf/protobuf-java-util/3.11.0/protobuf-java-util-3.11.0.jar:/home/user/.m2/repository/com/google/code/gson/gson/2.2.4/gson-2.2.4.jar:/home/user/.m2/repository/org/apache/hadoop/hadoop-hdds-config/1.1.0-SNAPSHOT/hadoop-hdds-config-1.1.0-SNAPSHOT.jar:/home/user/.m2/repository/com/google/protobuf/protobuf-java/2.5.0/protobuf-java-2.5.0.jar:/home/user/.m2/repository/io/grpc/grpc-netty/1.29.0/grpc-netty-1.29.0.jar:/home/user/.m2/repository/io/grpc/grpc-core/1.29.0/grpc-core-1.29.0.jar:/home/user/.m2/repository/com/google/android/annotations/4.1.1.4/annotations-4.1.1.4.jar:/home/user/.m2/repository/io/perfmark/perfmark-api/0.19.0/perfmark-api-0.19.0.jar:/home/user/.m2/repository/io/netty/netty-codec-http2/4.1.48.Final/netty-codec-http2-4.1.48.Final.jar:/home/user/.m2/repository/io/netty/netty-codec/4.1.48.Final/netty-codec-4.1.48.Final.jar:/home/user/.m2/repository/io/netty/netty-handler/4.1.48.Final/netty-handler-4.1.48.Final.jar:/home/user/.m2/repository/io/netty/netty-codec-http/4.1.48.Final/netty-codec-http-4.1.48.Final.jar:/home/user/.m2/repository/io/netty/netty-handler-proxy/4.1.48.Final/netty-handler-proxy-4.1.48.Final.jar:/home/user/.m2/repository/io/netty/netty-codec-socks/4.1.48.Final/netty-codec-socks-4.1.48.Final.jar:/home/user/.m2/repository/io/netty/netty-transport-native-epoll/4.1.48.Final/netty-transport-native-epoll-4.1.48.Final.jar:/home/user/.m2/repository/io/netty/netty-common/4.1.48.Final/netty-common-4.1.48.Final.jar:/home/user/.m2/repository/io/netty/netty-buffer/4.1.48.Final/netty-buffer-4.1.48.Final.jar:/home/user/.m2/repository/io/netty/netty-transport/4.1.48.Final/netty-transport-4.1.48.Final.jar:/home/user/.m2/repository/io/netty/netty-resolver/4.1.48.Final/netty-resolver-4.1.48.Final.jar:/home/user/.m2/repository/io/netty/netty-transport-native-unix-common/4.1.48.Final/netty-transport-native-unix-common-4.1.48.Final.jar:/home/user/.m2/repository/io/grpc/grpc-protobuf/1.29.0/grpc-protobuf-1.29.0.jar:/home/user/.m2/repository/io/grpc/grpc-api/1.29.0/grpc-api-1.29.0.jar:/home/user/.m2/repository/io/grpc/grpc-context/1.29.0/grpc-context-1.29.0.jar:/home/user/.m2/repository/org/codehaus/mojo/animal-sniffer-annotations/1.18/animal-sniffer-annotations-1.18.jar:/home/user/.m2/repository/com/google/api/grpc/proto-google-common-protos/1.17.0/proto-google-common-protos-1.17.0.jar:/home/user/.m2/repository/io/grpc/grpc-protobuf-lite/1.29.0/grpc-protobuf-lite-1.29.0.jar:/home/user/.m2/repository/io/grpc/grpc-stub/1.29.0/grpc-stub-1.29.0.jar:/home/user/.m2/repository/org/apache/hadoop/hadoop-ozone-recon/1.1.0-SNAPSHOT/hadoop-ozone-recon-1.1.0-SNAPSHOT.jar:/home/user/.m2/repository/org/apache/hadoop/hadoop-ozone-reconcodegen/1.1.0-SNAPSHOT/hadoop-ozone-reconcodegen-1.1.0-SNAPSHOT.jar:/home/user/.m2/repository/com/google/inject/extensions/guice-multibindings/4.0/guice-multibindings-4.0.jar:/home/user/.m2/repository/com/google/inject/guice/4.0/guice-4.0.jar:/home/user/.m2/repository/aopalliance/aopalliance/1.0/aopalliance-1.0.jar:/home/user/.m2/repository/com/google/inject/extensions/guice-assistedinject/4.0/guice-assistedinject-4.0.jar:/home/user/.m2/repository/com/google/inject/extensions/guice-servlet/4.0/guice-servlet-4.0.jar:/home/user/.m2/repository/org/glassfish/jersey/containers/jersey-container-servlet/2.27/jersey-container-servlet-2.27.jar:/home/user/.m2/repository/org/glassfish/hk2/guice-bridge/2.5.0/guice-bridge-2.5.0.jar:/home/user/.m2/repository/org/glassfish/jersey/core/jersey-server/2.27/jersey-server-2.27.jar:/home/user/.m2/repository/org/glassfish/jersey/core/jersey-client/2.27/jersey-client-2.27.jar:/home/user/.m2/repository/org/glassfish/jersey/media/jersey-media-jaxb/2.27/jersey-media-jaxb-2.27.jar:/home/user/.m2/repository/javax/validation/validation-api/1.1.0.Final/validation-api-1.1.0.Final.jar:/home/user/.m2/repository/org/glassfish/jersey/media/jersey-media-json-jackson/2.27/jersey-media-json-jackson-2.27.jar:/home/user/.m2/repository/org/glassfish/jersey/ext/jersey-entity-filtering/2.27/jersey-entity-filtering-2.27.jar:/home/user/.m2/repository/org/jooq/jooq/3.11.10/jooq-3.11.10.jar:/home/user/.m2/repository/org/jooq/jooq-meta/3.11.10/jooq-meta-3.11.10.jar:/home/user/.m2/repository/org/jooq/jooq-codegen/3.11.10/jooq-codegen-3.11.10.jar:/home/user/.m2/repository/com/jolbox/bonecp/0.8.0.RELEASE/bonecp-0.8.0.RELEASE.jar:/home/user/.m2/repository/org/apache/derby/derby/10.14.2.0/derby-10.14.2.0.jar:/home/user/.m2/repository/org/xerial/sqlite-jdbc/3.25.2/sqlite-jdbc-3.25.2.jar:/home/user/.m2/repository/org/springframework/spring-jdbc/5.2.11.RELEASE/spring-jdbc-5.2.11.RELEASE.jar:/home/user/.m2/repository/org/springframework/spring-beans/5.2.11.RELEASE/spring-beans-5.2.11.RELEASE.jar:/home/user/.m2/repository/org/springframework/spring-core/5.2.11.RELEASE/spring-core-5.2.11.RELEASE.jar:/home/user/.m2/repository/org/springframework/spring-jcl/5.2.11.RELEASE/spring-jcl-5.2.11.RELEASE.jar:/home/user/.m2/repository/org/springframework/spring-tx/5.2.11.RELEASE/spring-tx-5.2.11.RELEASE.jar:/home/user/.m2/repository/org/apache/hadoop/hadoop-ozone-client/1.1.0-SNAPSHOT/hadoop-ozone-client-1.1.0-SNAPSHOT.jar:/home/user/.m2/repository/org/apache/hadoop/hadoop-ozone-filesystem/1.1.0-SNAPSHOT/hadoop-ozone-filesystem-1.1.0-SNAPSHOT.jar:/home/user/.m2/repository/org/apache/hadoop/hadoop-ozone-filesystem-common/1.1.0-SNAPSHOT/hadoop-ozone-filesystem-common-1.1.0-SNAPSHOT.jar:/home/user/.m2/repository/org/apache/hadoop/hadoop-ozone-tools/1.1.0-SNAPSHOT/hadoop-ozone-tools-1.1.0-SNAPSHOT.jar:/home/user/.m2/repository/org/apache/ratis/ratis-tools/1.1.0-eb66796d-SNAPSHOT/ratis-tools-1.1.0-eb66796d-SNAPSHOT.jar:/home/user/.m2/repository/org/apache/ratis/ratis-proto/1.1.0-eb66796d-SNAPSHOT/ratis-proto-1.1.0-eb66796d-SNAPSHOT.jar:/home/user/.m2/repository/org/apache/ratis/ratis-common/1.1.0-eb66796d-SNAPSHOT/ratis-common-1.1.0-eb66796d-SNAPSHOT.jar:/home/user/.m2/repository/com/amazonaws/aws-java-sdk-core/1.11.901/aws-java-sdk-core-1.11.901.jar:/home/user/.m2/repository/org/apache/httpcomponents/httpclient/4.5.13/httpclient-4.5.13.jar:/home/user/.m2/repository/org/apache/httpcomponents/httpcore/4.4.13/httpcore-4.4.13.jar:/home/user/.m2/repository/software/amazon/ion/ion-java/1.0.2/ion-java-1.0.2.jar:/home/user/.m2/repository/com/fasterxml/jackson/dataformat/jackson-dataformat-cbor/2.10.3/jackson-dataformat-cbor-2.10.3.jar:/home/user/.m2/repository/joda-time/joda-time/2.8.1/joda-time-2.8.1.jar:/home/user/.m2/repository/com/amazonaws/aws-java-sdk-s3/1.11.901/aws-java-sdk-s3-1.11.901.jar:/home/user/.m2/repository/com/amazonaws/aws-java-sdk-kms/1.11.901/aws-java-sdk-kms-1.11.901.jar:/home/user/.m2/repository/com/amazonaws/jmespath-java/1.11.901/jmespath-java-1.11.901.jar:/home/user/.m2/repository/org/kohsuke/metainf-services/metainf-services/1.8/metainf-services-1.8.jar:/home/user/.m2/repository/org/apache/hadoop/hadoop-hdds-tools/1.1.0-SNAPSHOT/hadoop-hdds-tools-1.1.0-SNAPSHOT.jar:/home/user/.m2/repository/commons-cli/commons-cli/1.2/commons-cli-1.2.jar:/home/user/.m2/repository/org/apache/commons/commons-lang3/3.7/commons-lang3-3.7.jar:/home/user/.m2/repository/org/apache/hadoop/hadoop-ozone-ozone-manager/1.1.0-SNAPSHOT/hadoop-ozone-ozone-manager-1.1.0-SNAPSHOT-tests.jar:/home/user/.m2/repository/org/apache/hadoop/hadoop-hdds-common/1.1.0-SNAPSHOT/hadoop-hdds-common-1.1.0-SNAPSHOT-tests.jar:/home/user/.m2/repository/org/apache/hadoop/hadoop-hdds-hadoop-dependency-client/1.1.0-SNAPSHOT/hadoop-hdds-hadoop-dependency-client-1.1.0-SNAPSHOT.jar:/home/user/.m2/repository/info/picocli/picocli/4.4.0/picocli-4.4.0.jar:/home/user/.m2/repository/com/fasterxml/jackson/core/jackson-annotations/2.10.3/jackson-annotations-2.10.3.jar:/home/user/.m2/repository/javax/annotation/javax.annotation-api/1.2/javax.annotation-api-1.2.jar:/home/user/.m2/repository/org/fusesource/leveldbjni/leveldbjni-all/1.8/leveldbjni-all-1.8.jar:/home/user/.m2/repository/org/apache/ratis/ratis-server/1.1.0-eb66796d-SNAPSHOT/ratis-server-1.1.0-eb66796d-SNAPSHOT.jar:/home/user/.m2/repository/org/apache/ratis/ratis-client/1.1.0-eb66796d-SNAPSHOT/ratis-client-1.1.0-eb66796d-SNAPSHOT.jar:/home/user/.m2/repository/org/apache/ratis/ratis-server-api/1.1.0-eb66796d-SNAPSHOT/ratis-server-api-1.1.0-eb66796d-SNAPSHOT.jar:/home/user/.m2/repository/org/apache/ratis/ratis-metrics/1.1.0-eb66796d-SNAPSHOT/ratis-metrics-1.1.0-eb66796d-SNAPSHOT.jar:/home/user/.m2/repository/org/apache/ratis/ratis-netty/1.1.0-eb66796d-SNAPSHOT/ratis-netty-1.1.0-eb66796d-SNAPSHOT.jar:/home/user/.m2/repository/org/apache/ratis/ratis-grpc/1.1.0-eb66796d-SNAPSHOT/ratis-grpc-1.1.0-eb66796d-SNAPSHOT.jar:/home/user/.m2/repository/org/apache/logging/log4j/log4j-api/2.13.3/log4j-api-2.13.3.jar:/home/user/.m2/repository/org/apache/logging/log4j/log4j-core/2.13.3/log4j-core-2.13.3.jar:/home/user/.m2/repository/com/lmax/disruptor/3.4.2/disruptor-3.4.2.jar:/home/user/.m2/repository/org/apache/commons/commons-pool2/2.6.0/commons-pool2-2.6.0.jar:/home/user/.m2/repository/org/bouncycastle/bcpkix-jdk15on/1.67/bcpkix-jdk15on-1.67.jar:/home/user/.m2/repository/commons-validator/commons-validator/1.6/commons-validator-1.6.jar:/home/user/.m2/repository/commons-beanutils/commons-beanutils/1.9.4/commons-beanutils-1.9.4.jar:/home/user/.m2/repository/commons-digester/commons-digester/1.8.1/commons-digester-1.8.1.jar:/home/user/.m2/repository/commons-collections/commons-collections/3.2.2/commons-collections-3.2.2.jar:/home/user/.m2/repository/io/jaegertracing/jaeger-client/1.2.0/jaeger-client-1.2.0.jar:/home/user/.m2/repository/io/jaegertracing/jaeger-thrift/1.2.0/jaeger-thrift-1.2.0.jar:/home/user/.m2/repository/org/apache/thrift/libthrift/0.13.0/libthrift-0.13.0.jar:/home/user/.m2/repository/com/squareup/okhttp3/okhttp/4.2.2/okhttp-4.2.2.jar:/home/user/.m2/repository/com/squareup/okio/okio/2.2.2/okio-2.2.2.jar:/home/user/.m2/repository/org/jetbrains/kotlin/kotlin-stdlib/1.3.50/kotlin-stdlib-1.3.50.jar:/home/user/.m2/repository/org/jetbrains/kotlin/kotlin-stdlib-common/1.3.50/kotlin-stdlib-common-1.3.50.jar:/home/user/.m2/repository/org/jetbrains/annotations/13.0/annotations-13.0.jar:/home/user/.m2/repository/io/jaegertracing/jaeger-core/1.2.0/jaeger-core-1.2.0.jar:/home/user/.m2/repository/io/jaegertracing/jaeger-tracerresolver/1.2.0/jaeger-tracerresolver-1.2.0.jar:/home/user/.m2/repository/io/opentracing/contrib/opentracing-tracerresolver/0.1.8/opentracing-tracerresolver-0.1.8.jar:/home/user/.m2/repository/io/opentracing/opentracing-util/0.33.0/opentracing-util-0.33.0.jar:/home/user/.m2/repository/io/opentracing/opentracing-api/0.33.0/opentracing-api-0.33.0.jar:/home/user/.m2/repository/io/opentracing/opentracing-noop/0.33.0/opentracing-noop-0.33.0.jar:/home/user/.m2/repository/org/yaml/snakeyaml/1.26/snakeyaml-1.26.jar:/home/user/.m2/repository/junit/junit/4.11/junit-4.11.jar:/home/user/.m2/repository/org/hamcrest/hamcrest-core/1.3/hamcrest-core-1.3.jar:/home/user/.m2/repository/org/openjdk/jmh/jmh-core/1.19/jmh-core-1.19.jar:/home/user/.m2/repository/net/sf/jopt-simple/jopt-simple/4.6/jopt-simple-4.6.jar:/home/user/.m2/repository/org/apache/commons/commons-math3/3.1.1/commons-math3-3.1.1.jar:/home/user/.m2/repository/org/openjdk/jmh/jmh-generator-annprocess/1.19/jmh-generator-annprocess-1.19.jar:/home/user/.m2/repository/org/mockito/mockito-all/1.8.5/mockito-all-1.8.5.jar:/home/user/.m2/repository/org/apache/hadoop/hadoop-kms/3.2.2/hadoop-kms-3.2.2.jar:/home/user/.m2/repository/org/apache/hadoop/hadoop-auth/3.2.2/hadoop-auth-3.2.2.jar:/home/user/.m2/repository/com/nimbusds/nimbus-jose-jwt/7.9/nimbus-jose-jwt-7.9.jar:/home/user/.m2/repository/com/github/stephenc/jcip/jcip-annotations/1.0-1/jcip-annotations-1.0-1.jar:/home/user/.m2/repository/net/minidev/json-smart/2.3/json-smart-2.3.jar:/home/user/.m2/repository/net/minidev/accessors-smart/1.2/accessors-smart-1.2.jar:/home/user/.m2/repository/org/ow2/asm/asm/5.0.4/asm-5.0.4.jar:/home/user/.m2/repository/org/apache/zookeeper/zookeeper/3.4.13/zookeeper-3.4.13.jar:/home/user/.m2/repository/org/apache/yetus/audience-annotations/0.5.0/audience-annotations-0.5.0.jar:/home/user/.m2/repository/org/apache/curator/curator-framework/2.13.0/curator-framework-2.13.0.jar:/home/user/.m2/repository/com/sun/jersey/jersey-core/1.19/jersey-core-1.19.jar:/home/user/.m2/repository/javax/ws/rs/jsr311-api/1.1.1/jsr311-api-1.1.1.jar:/home/user/.m2/repository/com/sun/jersey/jersey-server/1.19/jersey-server-1.19.jar:/home/user/.m2/repository/javax/servlet/javax.servlet-api/3.1.0/javax.servlet-api-3.1.0.jar:/home/user/.m2/repository/org/eclipse/jetty/jetty-server/9.4.34.v20201102/jetty-server-9.4.34.v20201102.jar:/home/user/.m2/repository/org/eclipse/jetty/jetty-http/9.4.34.v20201102/jetty-http-9.4.34.v20201102.jar:/home/user/.m2/repository/org/eclipse/jetty/jetty-io/9.4.34.v20201102/jetty-io-9.4.34.v20201102.jar:/home/user/.m2/repository/org/eclipse/jetty/jetty-webapp/9.4.34.v20201102/jetty-webapp-9.4.34.v20201102.jar:/home/user/.m2/repository/org/eclipse/jetty/jetty-xml/9.4.34.v20201102/jetty-xml-9.4.34.v20201102.jar:/home/user/.m2/repository/org/apache/hadoop/hadoop-common/3.2.2/hadoop-common-3.2.2.jar:/home/user/.m2/repository/commons-net/commons-net/3.6/commons-net-3.6.jar:/home/user/.m2/repository/javax/activation/javax.activation-api/1.2.0/javax.activation-api-1.2.0.jar:/home/user/.m2/repository/com/sun/jersey/jersey-servlet/1.19/jersey-servlet-1.19.jar:/home/user/.m2/repository/com/sun/jersey/jersey-json/1.19/jersey-json-1.19.jar:/home/user/.m2/repository/org/codehaus/jettison/jettison/1.1/jettison-1.1.jar:/home/user/.m2/repository/org/codehaus/jackson/jackson-jaxrs/1.9.2/jackson-jaxrs-1.9.2.jar:/home/user/.m2/repository/org/codehaus/jackson/jackson-xc/1.9.2/jackson-xc-1.9.2.jar:/home/user/.m2/repository/org/apache/commons/commons-configuration2/2.1.1/commons-configuration2-2.1.1.jar:/home/user/.m2/repository/org/apache/commons/commons-text/1.4/commons-text-1.4.jar:/home/user/.m2/repository/com/google/re2j/re2j/1.1/re2j-1.1.jar:/home/user/.m2/repository/com/jcraft/jsch/0.1.54/jsch-0.1.54.jar:/home/user/.m2/repository/org/apache/curator/curator-client/2.13.0/curator-client-2.13.0.jar:/home/user/.m2/repository/org/apache/curator/curator-recipes/2.13.0/curator-recipes-2.13.0.jar:/home/user/.m2/repository/dnsjava/dnsjava/2.1.7/dnsjava-2.1.7.jar:/home/user/.m2/repository/org/slf4j/jul-to-slf4j/1.7.30/jul-to-slf4j-1.7.30.jar:/home/user/.m2/repository/org/eclipse/jetty/jetty-util/9.4.34.v20201102/jetty-util-9.4.34.v20201102.jar:/home/user/.m2/repository/com/fasterxml/jackson/core/jackson-databind/2.10.3/jackson-databind-2.10.3.jar:/home/user/.m2/repository/org/apache/hadoop/hadoop-kms/3.2.2/hadoop-kms-3.2.2-tests.jar:/home/user/.m2/repository/org/apache/hadoop/hadoop-hdds-server-scm/1.1.0-SNAPSHOT/hadoop-hdds-server-scm-1.1.0-SNAPSHOT-tests.jar:/home/user/.m2/repository/org/apache/hadoop/hadoop-hdds-container-service/1.1.0-SNAPSHOT/hadoop-hdds-container-service-1.1.0-SNAPSHOT-tests.jar:/home/user/.m2/repository/commons-codec/commons-codec/1.11/commons-codec-1.11.jar:/home/user/.m2/repository/org/apache/hadoop/hadoop-hdds-hadoop-dependency-test/1.1.0-SNAPSHOT/hadoop-hdds-hadoop-dependency-test-1.1.0-SNAPSHOT.jar:/home/user/.m2/repository/org/apache/hadoop/hadoop-common/3.2.2/hadoop-common-3.2.2-tests.jar:/home/user/.m2/repository/org/apache/hadoop/hadoop-hdfs/3.2.2/hadoop-hdfs-3.2.2-tests.jar:/home/user/.m2/repository/org/eclipse/jetty/jetty-util-ajax/9.4.34.v20201102/jetty-util-ajax-9.4.34.v20201102.jar:/home/user/.m2/repository/commons-daemon/commons-daemon/1.0.13/commons-daemon-1.0.13.jar:/home/user/.m2/repository/io/netty/netty/3.10.6.Final/netty-3.10.6.Final.jar:/home/user/.m2/repository/io/netty/netty-all/4.1.48.Final/netty-all-4.1.48.Final.jar:/home/user/.m2/repository/org/apache/htrace/htrace-core4/4.1.0-incubating/htrace-core4-4.1.0-incubating.jar:/home/user/.m2/repository/org/apache/hadoop/hadoop-distcp/3.2.2/hadoop-distcp-3.2.2.jar:/home/user/.m2/repository/org/apache/hadoop/hadoop-mapreduce-client-jobclient/3.2.2/hadoop-mapreduce-client-jobclient-3.2.2.jar:/home/user/.m2/repository/org/apache/hadoop/hadoop-mapreduce-client-common/3.2.2/hadoop-mapreduce-client-common-3.2.2.jar:/home/user/.m2/repository/org/apache/hadoop/hadoop-yarn-common/3.2.2/hadoop-yarn-common-3.2.2.jar:/home/user/.m2/repository/org/apache/hadoop/hadoop-yarn-api/3.2.2/hadoop-yarn-api-3.2.2.jar:/home/user/.m2/repository/com/sun/jersey/jersey-client/1.19/jersey-client-1.19.jar:/home/user/.m2/repository/com/sun/jersey/contribs/jersey-guice/1.19/jersey-guice-1.19.jar:/home/user/.m2/repository/com/fasterxml/jackson/jaxrs/jackson-jaxrs-json-provider/2.10.3/jackson-jaxrs-json-provider-2.10.3.jar:/home/user/.m2/repository/com/fasterxml/jackson/jaxrs/jackson-jaxrs-base/2.10.3/jackson-jaxrs-base-2.10.3.jar:/home/user/.m2/repository/org/apache/hadoop/hadoop-yarn-client/3.2.2/hadoop-yarn-client-3.2.2.jar:/home/user/.m2/repository/org/apache/hadoop/hadoop-mapreduce-client-core/3.2.2/hadoop-mapreduce-client-core-3.2.2.jar:/home/user/.m2/repository/org/apache/avro/avro/1.7.7/avro-1.7.7.jar:/home/user/.m2/repository/org/codehaus/jackson/jackson-core-asl/1.9.13/jackson-core-asl-1.9.13.jar:/home/user/.m2/repository/org/codehaus/jackson/jackson-mapper-asl/1.9.13/jackson-mapper-asl-1.9.13.jar:/home/user/.m2/repository/com/thoughtworks/paranamer/paranamer/2.3/paranamer-2.3.jar:/home/user/.m2/repository/org/xerial/snappy/snappy-java/1.0.5/snappy-java-1.0.5.jar:/home/user/.m2/repository/org/apache/hadoop/hadoop-annotations/3.2.2/hadoop-annotations-3.2.2.jar:/usr/lib/jvm/java-1.8.0-openjdk-1.8.0.232.b09-0.el7_7.x86_64/jre/../lib/tools.jar:/home/user/.m2/repository/org/apache/hadoop/hadoop-distcp/3.2.2/hadoop-distcp-3.2.2-tests.jar:"/>
    <property name="java.vm.vendor" value="Oracle Corporation"/>
    <property name="sun.arch.data.model" value="64"/>
    <property name="test.build.dir" value="/github/workspace/mnt/ozone/hadoop-ozone/integration-test/target/test-dir"/>
    <property name="test.cache.data" value=""/>
    <property name="java.vendor.url" value="http://java.oracle.com/"/>
    <property name="user.timezone" value=""/>
    <property name="java.vm.specification.version" value="1.8"/>
    <property name="os.name" value="Linux"/>
    <property name="test.build.data" value="/github/workspace/mnt/ozone/hadoop-ozone/integration-test/target/test-dir"/>
    <property name="user.country" value="US"/>
    <property name="sun.java.launcher" value="SUN_STANDARD"/>
    <property name="sun.boot.library.path" value="/usr/lib/jvm/java-1.8.0-openjdk-1.8.0.232.b09-0.el7_7.x86_64/jre/lib/amd64"/>
    <property name="sun.java.command" value="/github/workspace/mnt/ozone/hadoop-ozone/integration-test/target/surefire/surefirebooter8418985302816735229.jar /github/workspace/mnt/ozone/hadoop-ozone/integration-test/target/surefire 2021-01-29T14-31-34_871-jvmRun1 surefire8293744046061134752tmp surefire_273239089517499300083tmp"/>
    <property name="surefire.test.class.path" value="/github/workspace/mnt/ozone/hadoop-ozone/integration-test/target/test-classes:/github/workspace/mnt/ozone/hadoop-ozone/integration-test/target/classes:/home/user/.m2/repository/org/apache/hadoop/hadoop-ozone-common/1.1.0-SNAPSHOT/hadoop-ozone-common-1.1.0-SNAPSHOT.jar:/home/user/.m2/repository/org/apache/commons/commons-compress/1.4.1/commons-compress-1.4.1.jar:/home/user/.m2/repository/org/tukaani/xz/1.0/xz-1.0.jar:/home/user/.m2/repository/org/apache/hadoop/hadoop-hdds-common/1.1.0-SNAPSHOT/hadoop-hdds-common-1.1.0-SNAPSHOT.jar:/home/user/.m2/repository/org/apache/hadoop/hadoop-hdds-client/1.1.0-SNAPSHOT/hadoop-hdds-client-1.1.0-SNAPSHOT.jar:/home/user/.m2/repository/org/apache/hadoop/hadoop-ozone-interface-client/1.1.0-SNAPSHOT/hadoop-ozone-interface-client-1.1.0-SNAPSHOT.jar:/home/user/.m2/repository/org/apache/hadoop/hadoop-hdds-test-utils/1.1.0-SNAPSHOT/hadoop-hdds-test-utils-1.1.0-SNAPSHOT.jar:/home/user/.m2/repository/com/google/guava/guava/28.2-jre/guava-28.2-jre.jar:/home/user/.m2/repository/com/google/guava/failureaccess/1.0.1/failureaccess-1.0.1.jar:/home/user/.m2/repository/com/google/guava/listenablefuture/9999.0-empty-to-avoid-conflict-with-guava/listenablefuture-9999.0-empty-to-avoid-conflict-with-guava.jar:/home/user/.m2/repository/com/google/code/findbugs/jsr305/3.0.0/jsr305-3.0.0.jar:/home/user/.m2/repository/org/checkerframework/checker-qual/2.10.0/checker-qual-2.10.0.jar:/home/user/.m2/repository/com/google/errorprone/error_prone_annotations/2.2.0/error_prone_annotations-2.2.0.jar:/home/user/.m2/repository/com/google/j2objc/j2objc-annotations/1.3/j2objc-annotations-1.3.jar:/home/user/.m2/repository/commons-io/commons-io/2.5/commons-io-2.5.jar:/home/user/.m2/repository/commons-logging/commons-logging/1.2/commons-logging-1.2.jar:/home/user/.m2/repository/log4j/log4j/1.2.17/log4j-1.2.17.jar:/home/user/.m2/repository/org/slf4j/slf4j-api/1.7.30/slf4j-api-1.7.30.jar:/home/user/.m2/repository/org/apache/hadoop/hadoop-hdds-server-scm/1.1.0-SNAPSHOT/hadoop-hdds-server-scm-1.1.0-SNAPSHOT.jar:/home/user/.m2/repository/org/apache/hadoop/hadoop-hdds-container-service/1.1.0-SNAPSHOT/hadoop-hdds-container-service-1.1.0-SNAPSHOT.jar:/home/user/.m2/repository/org/apache/hadoop/hadoop-hdds-hadoop-dependency-server/1.1.0-SNAPSHOT/hadoop-hdds-hadoop-dependency-server-1.1.0-SNAPSHOT.jar:/home/user/.m2/repository/org/apache/hadoop/hadoop-hdfs/3.2.2/hadoop-hdfs-3.2.2.jar:/home/user/.m2/repository/org/apache/hadoop/hadoop-hdds-server-framework/1.1.0-SNAPSHOT/hadoop-hdds-server-framework-1.1.0-SNAPSHOT.jar:/home/user/.m2/repository/org/apache/hadoop/hadoop-hdds-interface-server/1.1.0-SNAPSHOT/hadoop-hdds-interface-server-1.1.0-SNAPSHOT.jar:/home/user/.m2/repository/org/apache/hadoop/hadoop-hdds-interface-admin/1.1.0-SNAPSHOT/hadoop-hdds-interface-admin-1.1.0-SNAPSHOT.jar:/home/user/.m2/repository/org/eclipse/jetty/jetty-servlet/9.4.34.v20201102/jetty-servlet-9.4.34.v20201102.jar:/home/user/.m2/repository/org/eclipse/jetty/jetty-security/9.4.34.v20201102/jetty-security-9.4.34.v20201102.jar:/home/user/.m2/repository/org/rocksdb/rocksdbjni/6.8.1/rocksdbjni-6.8.1.jar:/home/user/.m2/repository/io/prometheus/simpleclient_dropwizard/0.7.0/simpleclient_dropwizard-0.7.0.jar:/home/user/.m2/repository/io/prometheus/simpleclient/0.7.0/simpleclient-0.7.0.jar:/home/user/.m2/repository/io/prometheus/simpleclient_common/0.7.0/simpleclient_common-0.7.0.jar:/home/user/.m2/repository/com/fasterxml/jackson/datatype/jackson-datatype-jsr310/2.10.3/jackson-datatype-jsr310-2.10.3.jar:/home/user/.m2/repository/io/dropwizard/metrics/metrics-core/3.2.4/metrics-core-3.2.4.jar:/home/user/.m2/repository/org/apache/hadoop/hadoop-hdfs-client/3.2.2/hadoop-hdfs-client-3.2.2.jar:/home/user/.m2/repository/org/bouncycastle/bcprov-jdk15on/1.67/bcprov-jdk15on-1.67.jar:/home/user/.m2/repository/org/apache/hadoop/hadoop-ozone-ozone-manager/1.1.0-SNAPSHOT/hadoop-ozone-ozone-manager-1.1.0-SNAPSHOT.jar:/home/user/.m2/repository/org/apache/hadoop/hadoop-hdds-interface-client/1.1.0-SNAPSHOT/hadoop-hdds-interface-client-1.1.0-SNAPSHOT.jar:/home/user/.m2/repository/org/apache/ratis/ratis-thirdparty-misc/0.6.0-SNAPSHOT/ratis-thirdparty-misc-0.6.0-SNAPSHOT.jar:/home/user/.m2/repository/org/apache/hadoop/hadoop-ozone-interface-storage/1.1.0-SNAPSHOT/hadoop-ozone-interface-storage-1.1.0-SNAPSHOT.jar:/home/user/.m2/repository/org/apache/hadoop/hadoop-minikdc/3.2.2/hadoop-minikdc-3.2.2.jar:/home/user/.m2/repository/org/apache/kerby/kerb-simplekdc/1.0.1/kerb-simplekdc-1.0.1.jar:/home/user/.m2/repository/org/apache/kerby/kerb-client/1.0.1/kerb-client-1.0.1.jar:/home/user/.m2/repository/org/apache/kerby/kerby-config/1.0.1/kerby-config-1.0.1.jar:/home/user/.m2/repository/org/apache/kerby/kerb-core/1.0.1/kerb-core-1.0.1.jar:/home/user/.m2/repository/org/apache/kerby/kerby-pkix/1.0.1/kerby-pkix-1.0.1.jar:/home/user/.m2/repository/org/apache/kerby/kerby-asn1/1.0.1/kerby-asn1-1.0.1.jar:/home/user/.m2/repository/org/apache/kerby/kerby-util/1.0.1/kerby-util-1.0.1.jar:/home/user/.m2/repository/org/apache/kerby/kerb-common/1.0.1/kerb-common-1.0.1.jar:/home/user/.m2/repository/org/apache/kerby/kerb-crypto/1.0.1/kerb-crypto-1.0.1.jar:/home/user/.m2/repository/org/apache/kerby/kerb-util/1.0.1/kerb-util-1.0.1.jar:/home/user/.m2/repository/org/apache/kerby/token-provider/1.0.1/token-provider-1.0.1.jar:/home/user/.m2/repository/org/apache/kerby/kerb-admin/1.0.1/kerb-admin-1.0.1.jar:/home/user/.m2/repository/org/apache/kerby/kerb-server/1.0.1/kerb-server-1.0.1.jar:/home/user/.m2/repository/org/apache/kerby/kerb-identity/1.0.1/kerb-identity-1.0.1.jar:/home/user/.m2/repository/org/apache/kerby/kerby-xdr/1.0.1/kerby-xdr-1.0.1.jar:/home/user/.m2/repository/org/slf4j/slf4j-log4j12/1.7.30/slf4j-log4j12-1.7.30.jar:/home/user/.m2/repository/org/apache/hadoop/hadoop-ozone-s3gateway/1.1.0-SNAPSHOT/hadoop-ozone-s3gateway-1.1.0-SNAPSHOT.jar:/home/user/.m2/repository/org/jboss/weld/servlet/weld-servlet/2.4.7.Final/weld-servlet-2.4.7.Final.jar:/home/user/.m2/repository/org/glassfish/jersey/containers/jersey-container-servlet-core/2.27/jersey-container-servlet-core-2.27.jar:/home/user/.m2/repository/org/glassfish/hk2/external/javax.inject/2.5.0-b42/javax.inject-2.5.0-b42.jar:/home/user/.m2/repository/org/glassfish/jersey/core/jersey-common/2.27/jersey-common-2.27.jar:/home/user/.m2/repository/org/glassfish/hk2/osgi-resource-locator/1.0.1/osgi-resource-locator-1.0.1.jar:/home/user/.m2/repository/javax/ws/rs/javax.ws.rs-api/2.1/javax.ws.rs-api-2.1.jar:/home/user/.m2/repository/org/glassfish/jersey/ext/cdi/jersey-cdi1x/2.27/jersey-cdi1x-2.27.jar:/home/user/.m2/repository/org/glassfish/jersey/inject/jersey-hk2/2.27/jersey-hk2-2.27.jar:/home/user/.m2/repository/org/glassfish/hk2/hk2-locator/2.5.0-b42/hk2-locator-2.5.0-b42.jar:/home/user/.m2/repository/org/javassist/javassist/3.22.0-CR2/javassist-3.22.0-CR2.jar:/home/user/.m2/repository/org/glassfish/hk2/hk2-api/2.5.0/hk2-api-2.5.0.jar:/home/user/.m2/repository/org/glassfish/hk2/external/jakarta.inject/2.5.0/jakarta.inject-2.5.0.jar:/home/user/.m2/repository/org/glassfish/hk2/hk2-utils/2.5.0/hk2-utils-2.5.0.jar:/home/user/.m2/repository/jakarta/annotation/jakarta.annotation-api/1.3.4/jakarta.annotation-api-1.3.4.jar:/home/user/.m2/repository/org/glassfish/hk2/external/aopalliance-repackaged/2.5.0/aopalliance-repackaged-2.5.0.jar:/home/user/.m2/repository/com/fasterxml/jackson/dataformat/jackson-dataformat-xml/2.10.3/jackson-dataformat-xml-2.10.3.jar:/home/user/.m2/repository/com/fasterxml/jackson/core/jackson-core/2.10.3/jackson-core-2.10.3.jar:/home/user/.m2/repository/com/fasterxml/jackson/module/jackson-module-jaxb-annotations/2.10.3/jackson-module-jaxb-annotations-2.10.3.jar:/home/user/.m2/repository/jakarta/xml/bind/jakarta.xml.bind-api/2.3.2/jakarta.xml.bind-api-2.3.2.jar:/home/user/.m2/repository/jakarta/activation/jakarta.activation-api/1.2.1/jakarta.activation-api-1.2.1.jar:/home/user/.m2/repository/org/codehaus/woodstox/stax2-api/3.1.4/stax2-api-3.1.4.jar:/home/user/.m2/repository/com/fasterxml/woodstox/woodstox-core/5.0.3/woodstox-core-5.0.3.jar:/home/user/.m2/repository/javax/enterprise/cdi-api/1.2/cdi-api-1.2.jar:/home/user/.m2/repository/javax/el/javax.el-api/3.0.0/javax.el-api-3.0.0.jar:/home/user/.m2/repository/javax/interceptor/javax.interceptor-api/1.2/javax.interceptor-api-1.2.jar:/home/user/.m2/repository/javax/inject/javax.inject/1/javax.inject-1.jar:/home/user/.m2/repository/com/sun/xml/bind/jaxb-impl/2.3.0.1/jaxb-impl-2.3.0.1.jar:/home/user/.m2/repository/com/sun/xml/bind/jaxb-core/2.3.0.1/jaxb-core-2.3.0.1.jar:/home/user/.m2/repository/javax/xml/bind/jaxb-api/2.3.0/jaxb-api-2.3.0.jar:/home/user/.m2/repository/javax/activation/activation/1.1.1/activation-1.1.1.jar:/home/user/.m2/repository/org/apache/hadoop/hadoop-ozone-csi/1.1.0-SNAPSHOT/hadoop-ozone-csi-1.1.0-SNAPSHOT.jar:/home/user/.m2/repository/com/google/protobuf/protobuf-java-util/3.11.0/protobuf-java-util-3.11.0.jar:/home/user/.m2/repository/com/google/code/gson/gson/2.2.4/gson-2.2.4.jar:/home/user/.m2/repository/org/apache/hadoop/hadoop-hdds-config/1.1.0-SNAPSHOT/hadoop-hdds-config-1.1.0-SNAPSHOT.jar:/home/user/.m2/repository/com/google/protobuf/protobuf-java/2.5.0/protobuf-java-2.5.0.jar:/home/user/.m2/repository/io/grpc/grpc-netty/1.29.0/grpc-netty-1.29.0.jar:/home/user/.m2/repository/io/grpc/grpc-core/1.29.0/grpc-core-1.29.0.jar:/home/user/.m2/repository/com/google/android/annotations/4.1.1.4/annotations-4.1.1.4.jar:/home/user/.m2/repository/io/perfmark/perfmark-api/0.19.0/perfmark-api-0.19.0.jar:/home/user/.m2/repository/io/netty/netty-codec-http2/4.1.48.Final/netty-codec-http2-4.1.48.Final.jar:/home/user/.m2/repository/io/netty/netty-codec/4.1.48.Final/netty-codec-4.1.48.Final.jar:/home/user/.m2/repository/io/netty/netty-handler/4.1.48.Final/netty-handler-4.1.48.Final.jar:/home/user/.m2/repository/io/netty/netty-codec-http/4.1.48.Final/netty-codec-http-4.1.48.Final.jar:/home/user/.m2/repository/io/netty/netty-handler-proxy/4.1.48.Final/netty-handler-proxy-4.1.48.Final.jar:/home/user/.m2/repository/io/netty/netty-codec-socks/4.1.48.Final/netty-codec-socks-4.1.48.Final.jar:/home/user/.m2/repository/io/netty/netty-transport-native-epoll/4.1.48.Final/netty-transport-native-epoll-4.1.48.Final.jar:/home/user/.m2/repository/io/netty/netty-common/4.1.48.Final/netty-common-4.1.48.Final.jar:/home/user/.m2/repository/io/netty/netty-buffer/4.1.48.Final/netty-buffer-4.1.48.Final.jar:/home/user/.m2/repository/io/netty/netty-transport/4.1.48.Final/netty-transport-4.1.48.Final.jar:/home/user/.m2/repository/io/netty/netty-resolver/4.1.48.Final/netty-resolver-4.1.48.Final.jar:/home/user/.m2/repository/io/netty/netty-transport-native-unix-common/4.1.48.Final/netty-transport-native-unix-common-4.1.48.Final.jar:/home/user/.m2/repository/io/grpc/grpc-protobuf/1.29.0/grpc-protobuf-1.29.0.jar:/home/user/.m2/repository/io/grpc/grpc-api/1.29.0/grpc-api-1.29.0.jar:/home/user/.m2/repository/io/grpc/grpc-context/1.29.0/grpc-context-1.29.0.jar:/home/user/.m2/repository/org/codehaus/mojo/animal-sniffer-annotations/1.18/animal-sniffer-annotations-1.18.jar:/home/user/.m2/repository/com/google/api/grpc/proto-google-common-protos/1.17.0/proto-google-common-protos-1.17.0.jar:/home/user/.m2/repository/io/grpc/grpc-protobuf-lite/1.29.0/grpc-protobuf-lite-1.29.0.jar:/home/user/.m2/repository/io/grpc/grpc-stub/1.29.0/grpc-stub-1.29.0.jar:/home/user/.m2/repository/org/apache/hadoop/hadoop-ozone-recon/1.1.0-SNAPSHOT/hadoop-ozone-recon-1.1.0-SNAPSHOT.jar:/home/user/.m2/repository/org/apache/hadoop/hadoop-ozone-reconcodegen/1.1.0-SNAPSHOT/hadoop-ozone-reconcodegen-1.1.0-SNAPSHOT.jar:/home/user/.m2/repository/com/google/inject/extensions/guice-multibindings/4.0/guice-multibindings-4.0.jar:/home/user/.m2/repository/com/google/inject/guice/4.0/guice-4.0.jar:/home/user/.m2/repository/aopalliance/aopalliance/1.0/aopalliance-1.0.jar:/home/user/.m2/repository/com/google/inject/extensions/guice-assistedinject/4.0/guice-assistedinject-4.0.jar:/home/user/.m2/repository/com/google/inject/extensions/guice-servlet/4.0/guice-servlet-4.0.jar:/home/user/.m2/repository/org/glassfish/jersey/containers/jersey-container-servlet/2.27/jersey-container-servlet-2.27.jar:/home/user/.m2/repository/org/glassfish/hk2/guice-bridge/2.5.0/guice-bridge-2.5.0.jar:/home/user/.m2/repository/org/glassfish/jersey/core/jersey-server/2.27/jersey-server-2.27.jar:/home/user/.m2/repository/org/glassfish/jersey/core/jersey-client/2.27/jersey-client-2.27.jar:/home/user/.m2/repository/org/glassfish/jersey/media/jersey-media-jaxb/2.27/jersey-media-jaxb-2.27.jar:/home/user/.m2/repository/javax/validation/validation-api/1.1.0.Final/validation-api-1.1.0.Final.jar:/home/user/.m2/repository/org/glassfish/jersey/media/jersey-media-json-jackson/2.27/jersey-media-json-jackson-2.27.jar:/home/user/.m2/repository/org/glassfish/jersey/ext/jersey-entity-filtering/2.27/jersey-entity-filtering-2.27.jar:/home/user/.m2/repository/org/jooq/jooq/3.11.10/jooq-3.11.10.jar:/home/user/.m2/repository/org/jooq/jooq-meta/3.11.10/jooq-meta-3.11.10.jar:/home/user/.m2/repository/org/jooq/jooq-codegen/3.11.10/jooq-codegen-3.11.10.jar:/home/user/.m2/repository/com/jolbox/bonecp/0.8.0.RELEASE/bonecp-0.8.0.RELEASE.jar:/home/user/.m2/repository/org/apache/derby/derby/10.14.2.0/derby-10.14.2.0.jar:/home/user/.m2/repository/org/xerial/sqlite-jdbc/3.25.2/sqlite-jdbc-3.25.2.jar:/home/user/.m2/repository/org/springframework/spring-jdbc/5.2.11.RELEASE/spring-jdbc-5.2.11.RELEASE.jar:/home/user/.m2/repository/org/springframework/spring-beans/5.2.11.RELEASE/spring-beans-5.2.11.RELEASE.jar:/home/user/.m2/repository/org/springframework/spring-core/5.2.11.RELEASE/spring-core-5.2.11.RELEASE.jar:/home/user/.m2/repository/org/springframework/spring-jcl/5.2.11.RELEASE/spring-jcl-5.2.11.RELEASE.jar:/home/user/.m2/repository/org/springframework/spring-tx/5.2.11.RELEASE/spring-tx-5.2.11.RELEASE.jar:/home/user/.m2/repository/org/apache/hadoop/hadoop-ozone-client/1.1.0-SNAPSHOT/hadoop-ozone-client-1.1.0-SNAPSHOT.jar:/home/user/.m2/repository/org/apache/hadoop/hadoop-ozone-filesystem/1.1.0-SNAPSHOT/hadoop-ozone-filesystem-1.1.0-SNAPSHOT.jar:/home/user/.m2/repository/org/apache/hadoop/hadoop-ozone-filesystem-common/1.1.0-SNAPSHOT/hadoop-ozone-filesystem-common-1.1.0-SNAPSHOT.jar:/home/user/.m2/repository/org/apache/hadoop/hadoop-ozone-tools/1.1.0-SNAPSHOT/hadoop-ozone-tools-1.1.0-SNAPSHOT.jar:/home/user/.m2/repository/org/apache/ratis/ratis-tools/1.1.0-eb66796d-SNAPSHOT/ratis-tools-1.1.0-eb66796d-SNAPSHOT.jar:/home/user/.m2/repository/org/apache/ratis/ratis-proto/1.1.0-eb66796d-SNAPSHOT/ratis-proto-1.1.0-eb66796d-SNAPSHOT.jar:/home/user/.m2/repository/org/apache/ratis/ratis-common/1.1.0-eb66796d-SNAPSHOT/ratis-common-1.1.0-eb66796d-SNAPSHOT.jar:/home/user/.m2/repository/com/amazonaws/aws-java-sdk-core/1.11.901/aws-java-sdk-core-1.11.901.jar:/home/user/.m2/repository/org/apache/httpcomponents/httpclient/4.5.13/httpclient-4.5.13.jar:/home/user/.m2/repository/org/apache/httpcomponents/httpcore/4.4.13/httpcore-4.4.13.jar:/home/user/.m2/repository/software/amazon/ion/ion-java/1.0.2/ion-java-1.0.2.jar:/home/user/.m2/repository/com/fasterxml/jackson/dataformat/jackson-dataformat-cbor/2.10.3/jackson-dataformat-cbor-2.10.3.jar:/home/user/.m2/repository/joda-time/joda-time/2.8.1/joda-time-2.8.1.jar:/home/user/.m2/repository/com/amazonaws/aws-java-sdk-s3/1.11.901/aws-java-sdk-s3-1.11.901.jar:/home/user/.m2/repository/com/amazonaws/aws-java-sdk-kms/1.11.901/aws-java-sdk-kms-1.11.901.jar:/home/user/.m2/repository/com/amazonaws/jmespath-java/1.11.901/jmespath-java-1.11.901.jar:/home/user/.m2/repository/org/kohsuke/metainf-services/metainf-services/1.8/metainf-services-1.8.jar:/home/user/.m2/repository/org/apache/hadoop/hadoop-hdds-tools/1.1.0-SNAPSHOT/hadoop-hdds-tools-1.1.0-SNAPSHOT.jar:/home/user/.m2/repository/commons-cli/commons-cli/1.2/commons-cli-1.2.jar:/home/user/.m2/repository/org/apache/commons/commons-lang3/3.7/commons-lang3-3.7.jar:/home/user/.m2/repository/org/apache/hadoop/hadoop-ozone-ozone-manager/1.1.0-SNAPSHOT/hadoop-ozone-ozone-manager-1.1.0-SNAPSHOT-tests.jar:/home/user/.m2/repository/org/apache/hadoop/hadoop-hdds-common/1.1.0-SNAPSHOT/hadoop-hdds-common-1.1.0-SNAPSHOT-tests.jar:/home/user/.m2/repository/org/apache/hadoop/hadoop-hdds-hadoop-dependency-client/1.1.0-SNAPSHOT/hadoop-hdds-hadoop-dependency-client-1.1.0-SNAPSHOT.jar:/home/user/.m2/repository/info/picocli/picocli/4.4.0/picocli-4.4.0.jar:/home/user/.m2/repository/com/fasterxml/jackson/core/jackson-annotations/2.10.3/jackson-annotations-2.10.3.jar:/home/user/.m2/repository/javax/annotation/javax.annotation-api/1.2/javax.annotation-api-1.2.jar:/home/user/.m2/repository/org/fusesource/leveldbjni/leveldbjni-all/1.8/leveldbjni-all-1.8.jar:/home/user/.m2/repository/org/apache/ratis/ratis-server/1.1.0-eb66796d-SNAPSHOT/ratis-server-1.1.0-eb66796d-SNAPSHOT.jar:/home/user/.m2/repository/org/apache/ratis/ratis-client/1.1.0-eb66796d-SNAPSHOT/ratis-client-1.1.0-eb66796d-SNAPSHOT.jar:/home/user/.m2/repository/org/apache/ratis/ratis-server-api/1.1.0-eb66796d-SNAPSHOT/ratis-server-api-1.1.0-eb66796d-SNAPSHOT.jar:/home/user/.m2/repository/org/apache/ratis/ratis-metrics/1.1.0-eb66796d-SNAPSHOT/ratis-metrics-1.1.0-eb66796d-SNAPSHOT.jar:/home/user/.m2/repository/org/apache/ratis/ratis-netty/1.1.0-eb66796d-SNAPSHOT/ratis-netty-1.1.0-eb66796d-SNAPSHOT.jar:/home/user/.m2/repository/org/apache/ratis/ratis-grpc/1.1.0-eb66796d-SNAPSHOT/ratis-grpc-1.1.0-eb66796d-SNAPSHOT.jar:/home/user/.m2/repository/org/apache/logging/log4j/log4j-api/2.13.3/log4j-api-2.13.3.jar:/home/user/.m2/repository/org/apache/logging/log4j/log4j-core/2.13.3/log4j-core-2.13.3.jar:/home/user/.m2/repository/com/lmax/disruptor/3.4.2/disruptor-3.4.2.jar:/home/user/.m2/repository/org/apache/commons/commons-pool2/2.6.0/commons-pool2-2.6.0.jar:/home/user/.m2/repository/org/bouncycastle/bcpkix-jdk15on/1.67/bcpkix-jdk15on-1.67.jar:/home/user/.m2/repository/commons-validator/commons-validator/1.6/commons-validator-1.6.jar:/home/user/.m2/repository/commons-beanutils/commons-beanutils/1.9.4/commons-beanutils-1.9.4.jar:/home/user/.m2/repository/commons-digester/commons-digester/1.8.1/commons-digester-1.8.1.jar:/home/user/.m2/repository/commons-collections/commons-collections/3.2.2/commons-collections-3.2.2.jar:/home/user/.m2/repository/io/jaegertracing/jaeger-client/1.2.0/jaeger-client-1.2.0.jar:/home/user/.m2/repository/io/jaegertracing/jaeger-thrift/1.2.0/jaeger-thrift-1.2.0.jar:/home/user/.m2/repository/org/apache/thrift/libthrift/0.13.0/libthrift-0.13.0.jar:/home/user/.m2/repository/com/squareup/okhttp3/okhttp/4.2.2/okhttp-4.2.2.jar:/home/user/.m2/repository/com/squareup/okio/okio/2.2.2/okio-2.2.2.jar:/home/user/.m2/repository/org/jetbrains/kotlin/kotlin-stdlib/1.3.50/kotlin-stdlib-1.3.50.jar:/home/user/.m2/repository/org/jetbrains/kotlin/kotlin-stdlib-common/1.3.50/kotlin-stdlib-common-1.3.50.jar:/home/user/.m2/repository/org/jetbrains/annotations/13.0/annotations-13.0.jar:/home/user/.m2/repository/io/jaegertracing/jaeger-core/1.2.0/jaeger-core-1.2.0.jar:/home/user/.m2/repository/io/jaegertracing/jaeger-tracerresolver/1.2.0/jaeger-tracerresolver-1.2.0.jar:/home/user/.m2/repository/io/opentracing/contrib/opentracing-tracerresolver/0.1.8/opentracing-tracerresolver-0.1.8.jar:/home/user/.m2/repository/io/opentracing/opentracing-util/0.33.0/opentracing-util-0.33.0.jar:/home/user/.m2/repository/io/opentracing/opentracing-api/0.33.0/opentracing-api-0.33.0.jar:/home/user/.m2/repository/io/opentracing/opentracing-noop/0.33.0/opentracing-noop-0.33.0.jar:/home/user/.m2/repository/org/yaml/snakeyaml/1.26/snakeyaml-1.26.jar:/home/user/.m2/repository/junit/junit/4.11/junit-4.11.jar:/home/user/.m2/repository/org/hamcrest/hamcrest-core/1.3/hamcrest-core-1.3.jar:/home/user/.m2/repository/org/openjdk/jmh/jmh-core/1.19/jmh-core-1.19.jar:/home/user/.m2/repository/net/sf/jopt-simple/jopt-simple/4.6/jopt-simple-4.6.jar:/home/user/.m2/repository/org/apache/commons/commons-math3/3.1.1/commons-math3-3.1.1.jar:/home/user/.m2/repository/org/openjdk/jmh/jmh-generator-annprocess/1.19/jmh-generator-annprocess-1.19.jar:/home/user/.m2/repository/org/mockito/mockito-all/1.8.5/mockito-all-1.8.5.jar:/home/user/.m2/repository/org/apache/hadoop/hadoop-kms/3.2.2/hadoop-kms-3.2.2.jar:/home/user/.m2/repository/org/apache/hadoop/hadoop-auth/3.2.2/hadoop-auth-3.2.2.jar:/home/user/.m2/repository/com/nimbusds/nimbus-jose-jwt/7.9/nimbus-jose-jwt-7.9.jar:/home/user/.m2/repository/com/github/stephenc/jcip/jcip-annotations/1.0-1/jcip-annotations-1.0-1.jar:/home/user/.m2/repository/net/minidev/json-smart/2.3/json-smart-2.3.jar:/home/user/.m2/repository/net/minidev/accessors-smart/1.2/accessors-smart-1.2.jar:/home/user/.m2/repository/org/ow2/asm/asm/5.0.4/asm-5.0.4.jar:/home/user/.m2/repository/org/apache/zookeeper/zookeeper/3.4.13/zookeeper-3.4.13.jar:/home/user/.m2/repository/org/apache/yetus/audience-annotations/0.5.0/audience-annotations-0.5.0.jar:/home/user/.m2/repository/org/apache/curator/curator-framework/2.13.0/curator-framework-2.13.0.jar:/home/user/.m2/repository/com/sun/jersey/jersey-core/1.19/jersey-core-1.19.jar:/home/user/.m2/repository/javax/ws/rs/jsr311-api/1.1.1/jsr311-api-1.1.1.jar:/home/user/.m2/repository/com/sun/jersey/jersey-server/1.19/jersey-server-1.19.jar:/home/user/.m2/repository/javax/servlet/javax.servlet-api/3.1.0/javax.servlet-api-3.1.0.jar:/home/user/.m2/repository/org/eclipse/jetty/jetty-server/9.4.34.v20201102/jetty-server-9.4.34.v20201102.jar:/home/user/.m2/repository/org/eclipse/jetty/jetty-http/9.4.34.v20201102/jetty-http-9.4.34.v20201102.jar:/home/user/.m2/repository/org/eclipse/jetty/jetty-io/9.4.34.v20201102/jetty-io-9.4.34.v20201102.jar:/home/user/.m2/repository/org/eclipse/jetty/jetty-webapp/9.4.34.v20201102/jetty-webapp-9.4.34.v20201102.jar:/home/user/.m2/repository/org/eclipse/jetty/jetty-xml/9.4.34.v20201102/jetty-xml-9.4.34.v20201102.jar:/home/user/.m2/repository/org/apache/hadoop/hadoop-common/3.2.2/hadoop-common-3.2.2.jar:/home/user/.m2/repository/commons-net/commons-net/3.6/commons-net-3.6.jar:/home/user/.m2/repository/javax/activation/javax.activation-api/1.2.0/javax.activation-api-1.2.0.jar:/home/user/.m2/repository/com/sun/jersey/jersey-servlet/1.19/jersey-servlet-1.19.jar:/home/user/.m2/repository/com/sun/jersey/jersey-json/1.19/jersey-json-1.19.jar:/home/user/.m2/repository/org/codehaus/jettison/jettison/1.1/jettison-1.1.jar:/home/user/.m2/repository/org/codehaus/jackson/jackson-jaxrs/1.9.2/jackson-jaxrs-1.9.2.jar:/home/user/.m2/repository/org/codehaus/jackson/jackson-xc/1.9.2/jackson-xc-1.9.2.jar:/home/user/.m2/repository/org/apache/commons/commons-configuration2/2.1.1/commons-configuration2-2.1.1.jar:/home/user/.m2/repository/org/apache/commons/commons-text/1.4/commons-text-1.4.jar:/home/user/.m2/repository/com/google/re2j/re2j/1.1/re2j-1.1.jar:/home/user/.m2/repository/com/jcraft/jsch/0.1.54/jsch-0.1.54.jar:/home/user/.m2/repository/org/apache/curator/curator-client/2.13.0/curator-client-2.13.0.jar:/home/user/.m2/repository/org/apache/curator/curator-recipes/2.13.0/curator-recipes-2.13.0.jar:/home/user/.m2/repository/dnsjava/dnsjava/2.1.7/dnsjava-2.1.7.jar:/home/user/.m2/repository/org/slf4j/jul-to-slf4j/1.7.30/jul-to-slf4j-1.7.30.jar:/home/user/.m2/repository/org/eclipse/jetty/jetty-util/9.4.34.v20201102/jetty-util-9.4.34.v20201102.jar:/home/user/.m2/repository/com/fasterxml/jackson/core/jackson-databind/2.10.3/jackson-databind-2.10.3.jar:/home/user/.m2/repository/org/apache/hadoop/hadoop-kms/3.2.2/hadoop-kms-3.2.2-tests.jar:/home/user/.m2/repository/org/apache/hadoop/hadoop-hdds-server-scm/1.1.0-SNAPSHOT/hadoop-hdds-server-scm-1.1.0-SNAPSHOT-tests.jar:/home/user/.m2/repository/org/apache/hadoop/hadoop-hdds-container-service/1.1.0-SNAPSHOT/hadoop-hdds-container-service-1.1.0-SNAPSHOT-tests.jar:/home/user/.m2/repository/commons-codec/commons-codec/1.11/commons-codec-1.11.jar:/home/user/.m2/repository/org/apache/hadoop/hadoop-hdds-hadoop-dependency-test/1.1.0-SNAPSHOT/hadoop-hdds-hadoop-dependency-test-1.1.0-SNAPSHOT.jar:/home/user/.m2/repository/org/apache/hadoop/hadoop-common/3.2.2/hadoop-common-3.2.2-tests.jar:/home/user/.m2/repository/org/apache/hadoop/hadoop-hdfs/3.2.2/hadoop-hdfs-3.2.2-tests.jar:/home/user/.m2/repository/org/eclipse/jetty/jetty-util-ajax/9.4.34.v20201102/jetty-util-ajax-9.4.34.v20201102.jar:/home/user/.m2/repository/commons-daemon/commons-daemon/1.0.13/commons-daemon-1.0.13.jar:/home/user/.m2/repository/io/netty/netty/3.10.6.Final/netty-3.10.6.Final.jar:/home/user/.m2/repository/io/netty/netty-all/4.1.48.Final/netty-all-4.1.48.Final.jar:/home/user/.m2/repository/org/apache/htrace/htrace-core4/4.1.0-incubating/htrace-core4-4.1.0-incubating.jar:/home/user/.m2/repository/org/apache/hadoop/hadoop-distcp/3.2.2/hadoop-distcp-3.2.2.jar:/home/user/.m2/repository/org/apache/hadoop/hadoop-mapreduce-client-jobclient/3.2.2/hadoop-mapreduce-client-jobclient-3.2.2.jar:/home/user/.m2/repository/org/apache/hadoop/hadoop-mapreduce-client-common/3.2.2/hadoop-mapreduce-client-common-3.2.2.jar:/home/user/.m2/repository/org/apache/hadoop/hadoop-yarn-common/3.2.2/hadoop-yarn-common-3.2.2.jar:/home/user/.m2/repository/org/apache/hadoop/hadoop-yarn-api/3.2.2/hadoop-yarn-api-3.2.2.jar:/home/user/.m2/repository/com/sun/jersey/jersey-client/1.19/jersey-client-1.19.jar:/home/user/.m2/repository/com/sun/jersey/contribs/jersey-guice/1.19/jersey-guice-1.19.jar:/home/user/.m2/repository/com/fasterxml/jackson/jaxrs/jackson-jaxrs-json-provider/2.10.3/jackson-jaxrs-json-provider-2.10.3.jar:/home/user/.m2/repository/com/fasterxml/jackson/jaxrs/jackson-jaxrs-base/2.10.3/jackson-jaxrs-base-2.10.3.jar:/home/user/.m2/repository/org/apache/hadoop/hadoop-yarn-client/3.2.2/hadoop-yarn-client-3.2.2.jar:/home/user/.m2/repository/org/apache/hadoop/hadoop-mapreduce-client-core/3.2.2/hadoop-mapreduce-client-core-3.2.2.jar:/home/user/.m2/repository/org/apache/avro/avro/1.7.7/avro-1.7.7.jar:/home/user/.m2/repository/org/codehaus/jackson/jackson-core-asl/1.9.13/jackson-core-asl-1.9.13.jar:/home/user/.m2/repository/org/codehaus/jackson/jackson-mapper-asl/1.9.13/jackson-mapper-asl-1.9.13.jar:/home/user/.m2/repository/com/thoughtworks/paranamer/paranamer/2.3/paranamer-2.3.jar:/home/user/.m2/repository/org/xerial/snappy/snappy-java/1.0.5/snappy-java-1.0.5.jar:/home/user/.m2/repository/org/apache/hadoop/hadoop-annotations/3.2.2/hadoop-annotations-3.2.2.jar:/usr/lib/jvm/java-1.8.0-openjdk-1.8.0.232.b09-0.el7_7.x86_64/jre/../lib/tools.jar:/home/user/.m2/repository/org/apache/hadoop/hadoop-distcp/3.2.2/hadoop-distcp-3.2.2-tests.jar:"/>
    <property name="sun.cpu.endian" value="little"/>
    <property name="user.home" value="/home/user"/>
    <property name="user.language" value="en"/>
    <property name="java.specification.vendor" value="Oracle Corporation"/>
    <property name="java.home" value="/usr/lib/jvm/java-1.8.0-openjdk-1.8.0.232.b09-0.el7_7.x86_64/jre"/>
    <property name="java.security.krb5.conf" value="/github/workspace/mnt/ozone/hadoop-ozone/integration-test/target/test-classes/krb5.conf"/>
    <property name="basedir" value="/github/workspace/mnt/ozone/hadoop-ozone/integration-test"/>
    <property name="file.separator" value="/"/>
    <property name="line.separator" value="&#10;"/>
    <property name="java.vm.specification.vendor" value="Oracle Corporation"/>
    <property name="java.specification.name" value="Java Platform API Specification"/>
    <property name="java.awt.graphicsenv" value="sun.awt.X11GraphicsEnvironment"/>
    <property name="skip.installnpx" value="true"/>
    <property name="surefire.real.class.path" value="/github/workspace/mnt/ozone/hadoop-ozone/integration-test/target/surefire/surefirebooter8418985302816735229.jar:/home/user/.m2/repository/org/jacoco/org.jacoco.agent/0.8.5/org.jacoco.agent-0.8.5-runtime.jar"/>
    <property name="hadoop.log.dir" value="/github/workspace/mnt/ozone/hadoop-ozone/integration-test/target/log"/>
    <property name="sun.boot.class.path" value="/usr/lib/jvm/java-1.8.0-openjdk-1.8.0.232.b09-0.el7_7.x86_64/jre/lib/resources.jar:/usr/lib/jvm/java-1.8.0-openjdk-1.8.0.232.b09-0.el7_7.x86_64/jre/lib/rt.jar:/usr/lib/jvm/java-1.8.0-openjdk-1.8.0.232.b09-0.el7_7.x86_64/jre/lib/sunrsasign.jar:/usr/lib/jvm/java-1.8.0-openjdk-1.8.0.232.b09-0.el7_7.x86_64/jre/lib/jsse.jar:/usr/lib/jvm/java-1.8.0-openjdk-1.8.0.232.b09-0.el7_7.x86_64/jre/lib/jce.jar:/usr/lib/jvm/java-1.8.0-openjdk-1.8.0.232.b09-0.el7_7.x86_64/jre/lib/charsets.jar:/usr/lib/jvm/java-1.8.0-openjdk-1.8.0.232.b09-0.el7_7.x86_64/jre/lib/jfr.jar:/usr/lib/jvm/java-1.8.0-openjdk-1.8.0.232.b09-0.el7_7.x86_64/jre/classes"/>
    <property name="sun.management.compiler" value="HotSpot 64-Bit Tiered Compilers"/>
    <property name="skip.npx" value="true"/>
    <property name="java.runtime.version" value="1.8.0_232-b09"/>
    <property name="java.net.preferIPv4Stack" value="true"/>
    <property name="user.name" value="jenkins1001"/>
    <property name="path.separator" value=":"/>
    <property name="java.security.egd" value="file:///dev/urandom"/>
    <property name="os.version" value="5.4.0-1036-azure"/>
    <property name="java.endorsed.dirs" value="/usr/lib/jvm/java-1.8.0-openjdk-1.8.0.232.b09-0.el7_7.x86_64/jre/lib/endorsed"/>
    <property name="java.runtime.name" value="OpenJDK Runtime Environment"/>
    <property name="file.encoding" value="ANSI_X3.4-1968"/>
    <property name="java.vm.name" value="OpenJDK 64-Bit Server VM"/>
    <property name="test.build.webapps" value=""/>
    <property name="localRepository" value="/home/user/.m2/repository"/>
    <property name="java.vendor.url.bug" value="http://bugreport.sun.com/bugreport/"/>
    <property name="java.io.tmpdir" value="/tmp"/>
    <property name="require.test.libhadoop" value=""/>
    <property name="java.version" value="1.8.0_232"/>
    <property name="user.dir" value="/github/workspace/mnt/ozone/hadoop-ozone/integration-test"/>
    <property name="os.arch" value="amd64"/>
    <property name="java.vm.specification.name" value="Java Virtual Machine Specification"/>
    <property name="test.build.classes" value="/github/workspace/mnt/ozone/hadoop-ozone/integration-test/target/test-classes"/>
    <property name="java.awt.printerjob" value="sun.print.PSPrinterJob"/>
    <property name="sun.os.patch.level" value="unknown"/>
    <property name="hadoop.tmp.dir" value="/github/workspace/mnt/ozone/hadoop-ozone/integration-test/target/tmp"/>
    <property name="java.library.path" value="/usr/lib:/usr/java/packages/lib/amd64:/usr/lib64:/lib64:/lib:/usr/lib"/>
    <property name="java.vm.info" value="mixed mode"/>
    <property name="java.vendor" value="Oracle Corporation"/>
    <property name="java.vm.version" value="25.232-b09"/>
    <property name="java.ext.dirs" value="/usr/lib/jvm/java-1.8.0-openjdk-1.8.0.232.b09-0.el7_7.x86_64/jre/lib/ext:/usr/java/packages/lib/ext"/>
    <property name="sun.io.unicode.encoding" value="UnicodeLittle"/>
    <property name="java.class.version" value="52.0"/>
  </properties>
  <testcase name="testBlockWriteViaRatis" classname="org.apache.hadoop.ozone.client.rpc.TestCloseContainerHandlingByClient" time="3.444"/>
  <testcase name="testBlockWritesWithFlushAndClose" classname="org.apache.hadoop.ozone.client.rpc.TestCloseContainerHandlingByClient" time="2.892"/>
  <testcase name="testBlockWritesCloseConsistency" classname="org.apache.hadoop.ozone.client.rpc.TestCloseContainerHandlingByClient" time="2.724"/>
  <testcase name="testMultiBlockWrites" classname="org.apache.hadoop.ozone.client.rpc.TestCloseContainerHandlingByClient" time="2.521"/>
  <testcase name="testBlockWrites" classname="org.apache.hadoop.ozone.client.rpc.TestCloseContainerHandlingByClient" time="2.154"/>
  <testcase name="testMultiBlockWrites2" classname="org.apache.hadoop.ozone.client.rpc.TestCloseContainerHandlingByClient" time="2.685"/>
  <testcase name="testMultiBlockWrites3" classname="org.apache.hadoop.ozone.client.rpc.TestCloseContainerHandlingByClient" time="148.475">
    <error message="java.io.IOException: java.io.IOException: INTERNAL_ERROR org.apache.hadoop.ozone.om.exceptions.OMException: Allocated 0 blocks. Requested 1 blocks" type="java.io.IOException">java.io.IOException: java.io.IOException: java.io.IOException: INTERNAL_ERROR org.apache.hadoop.ozone.om.exceptions.OMException: Allocated 0 blocks. Requested 1 blocks
	at org.apache.hadoop.ozone.client.io.KeyOutputStream.handleWrite(KeyOutputStream.java:244)
	at org.apache.hadoop.ozone.client.io.KeyOutputStream.write(KeyOutputStream.java:214)
	at org.apache.hadoop.ozone.client.io.OzoneOutputStream.write(OzoneOutputStream.java:49)
	at java.io.OutputStream.write(OutputStream.java:75)
	at org.apache.hadoop.ozone.client.rpc.TestCloseContainerHandlingByClient.testMultiBlockWrites3(TestCloseContainerHandlingByClient.java:309)
	at sun.reflect.NativeMethodAccessorImpl.invoke0(Native Method)
	at sun.reflect.NativeMethodAccessorImpl.invoke(NativeMethodAccessorImpl.java:62)
	at sun.reflect.DelegatingMethodAccessorImpl.invoke(DelegatingMethodAccessorImpl.java:43)
	at java.lang.reflect.Method.invoke(Method.java:498)
	at org.junit.runners.model.FrameworkMethod$1.runReflectiveCall(FrameworkMethod.java:47)
	at org.junit.internal.runners.model.ReflectiveCallable.run(ReflectiveCallable.java:12)
	at org.junit.runners.model.FrameworkMethod.invokeExplosively(FrameworkMethod.java:44)
	at org.junit.internal.runners.statements.InvokeMethod.evaluate(InvokeMethod.java:17)
	at org.junit.internal.runners.statements.FailOnTimeout$StatementThread.run(FailOnTimeout.java:74)
Caused by: java.io.IOException: java.io.IOException: INTERNAL_ERROR org.apache.hadoop.ozone.om.exceptions.OMException: Allocated 0 blocks. Requested 1 blocks
	at org.apache.hadoop.ozone.client.io.KeyOutputStream.handleWrite(KeyOutputStream.java:244)
	at org.apache.hadoop.ozone.client.io.KeyOutputStream.handleRetry(KeyOutputStream.java:417)
	at org.apache.hadoop.ozone.client.io.KeyOutputStream.handleException(KeyOutputStream.java:362)
	at org.apache.hadoop.ozone.client.io.KeyOutputStream.writeToOutputStream(KeyOutputStream.java:276)
	at org.apache.hadoop.ozone.client.io.KeyOutputStream.handleWrite(KeyOutputStream.java:234)
	... 13 more
Caused by: java.io.IOException: INTERNAL_ERROR org.apache.hadoop.ozone.om.exceptions.OMException: Allocated 0 blocks. Requested 1 blocks
	at org.apache.hadoop.ozone.client.io.KeyOutputStream.handleWrite(KeyOutputStream.java:244)
	at org.apache.hadoop.ozone.client.io.KeyOutputStream.handleRetry(KeyOutputStream.java:417)
	at org.apache.hadoop.ozone.client.io.KeyOutputStream.handleException(KeyOutputStream.java:362)
	at org.apache.hadoop.ozone.client.io.KeyOutputStream.writeToOutputStream(KeyOutputStream.java:276)
	at org.apache.hadoop.ozone.client.io.KeyOutputStream.handleWrite(KeyOutputStream.java:234)
	... 17 more
Caused by: INTERNAL_ERROR org.apache.hadoop.ozone.om.exceptions.OMException: Allocated 0 blocks. Requested 1 blocks
	at org.apache.hadoop.ozone.om.protocolPB.OzoneManagerProtocolClientSideTranslatorPB.handleError(OzoneManagerProtocolClientSideTranslatorPB.java:602)
	at org.apache.hadoop.ozone.om.protocolPB.OzoneManagerProtocolClientSideTranslatorPB.allocateBlock(OzoneManagerProtocolClientSideTranslatorPB.java:634)
	at org.apache.hadoop.ozone.client.io.BlockOutputStreamEntryPool.allocateNewBlock(BlockOutputStreamEntryPool.java:244)
	at org.apache.hadoop.ozone.client.io.BlockOutputStreamEntryPool.allocateBlockIfNeeded(BlockOutputStreamEntryPool.java:290)
	at org.apache.hadoop.ozone.client.io.KeyOutputStream.handleWrite(KeyOutputStream.java:223)
	... 21 more
</error>
    <system-out><![CDATA[2021-01-29 15:26:34,533 [ChunkWriter-3-0] ERROR helpers.KeyValueContainerUtil (KeyValueContainerUtil.java:createContainerMetaData(90)) - Unable to create directory for metadata storage. Path: /github/workspace/mnt/ozone/hadoop-ozone/integration-test/target/test-dir/MiniOzoneClusterImpl-8ad1afbb-033f-482b-8239-ec8ce0281bc6/datanode-1/data-0/containers/hdds/0d4ea101-e9d0-4fa5-a81e-49d693c0e39a/current/containerDir0/15/metadata
2021-01-29 15:26:34,533 [ChunkWriter-3-0] INFO  keyvalue.KeyValueHandler (ContainerUtils.java:logAndReturnError(89)) - Operation: CreateContainer , Trace ID:  , Message: Container creation failed. Unable to create directory for metadata storage. Path: /github/workspace/mnt/ozone/hadoop-ozone/integration-test/target/test-dir/MiniOzoneClusterImpl-8ad1afbb-033f-482b-8239-ec8ce0281bc6/datanode-1/data-0/containers/hdds/0d4ea101-e9d0-4fa5-a81e-49d693c0e39a/current/containerDir0/15/metadata , Result: CONTAINER_INTERNAL_ERROR , StorageContainerException Occurred.
org.apache.hadoop.hdds.scm.container.common.helpers.StorageContainerException: Container creation failed. Unable to create directory for metadata storage. Path: /github/workspace/mnt/ozone/hadoop-ozone/integration-test/target/test-dir/MiniOzoneClusterImpl-8ad1afbb-033f-482b-8239-ec8ce0281bc6/datanode-1/data-0/containers/hdds/0d4ea101-e9d0-4fa5-a81e-49d693c0e39a/current/containerDir0/15/metadata
	at org.apache.hadoop.ozone.container.keyvalue.KeyValueContainer.create(KeyValueContainer.java:165)
	at org.apache.hadoop.ozone.container.keyvalue.KeyValueHandler.handleCreateContainer(KeyValueHandler.java:258)
	at org.apache.hadoop.ozone.container.keyvalue.KeyValueHandler.dispatchRequest(KeyValueHandler.java:175)
	at org.apache.hadoop.ozone.container.keyvalue.KeyValueHandler.handle(KeyValueHandler.java:163)
	at org.apache.hadoop.ozone.container.common.impl.HddsDispatcher.createContainer(HddsDispatcher.java:425)
	at org.apache.hadoop.ozone.container.common.impl.HddsDispatcher.dispatchRequest(HddsDispatcher.java:260)
	at org.apache.hadoop.ozone.container.common.impl.HddsDispatcher.lambda$dispatch$0(HddsDispatcher.java:171)
	at org.apache.hadoop.hdds.server.OzoneProtocolMessageDispatcher.processRequest(OzoneProtocolMessageDispatcher.java:87)
	at org.apache.hadoop.ozone.container.common.impl.HddsDispatcher.dispatch(HddsDispatcher.java:170)
	at org.apache.hadoop.ozone.container.common.transport.server.ratis.ContainerStateMachine.dispatchCommand(ContainerStateMachine.java:398)
	at org.apache.hadoop.ozone.container.common.transport.server.ratis.ContainerStateMachine.runCommand(ContainerStateMachine.java:408)
	at org.apache.hadoop.ozone.container.common.transport.server.ratis.ContainerStateMachine.lambda$handleWriteChunk$2(ContainerStateMachine.java:445)
	at java.util.concurrent.CompletableFuture$AsyncSupply.run(CompletableFuture.java:1604)
	at java.util.concurrent.ThreadPoolExecutor.runWorker(ThreadPoolExecutor.java:1149)
	at java.util.concurrent.ThreadPoolExecutor$Worker.run(ThreadPoolExecutor.java:624)
	at java.lang.Thread.run(Thread.java:748)
Caused by: java.io.IOException: Unable to create directory for metadata storage. Path: /github/workspace/mnt/ozone/hadoop-ozone/integration-test/target/test-dir/MiniOzoneClusterImpl-8ad1afbb-033f-482b-8239-ec8ce0281bc6/datanode-1/data-0/containers/hdds/0d4ea101-e9d0-4fa5-a81e-49d693c0e39a/current/containerDir0/15/metadata
	at org.apache.hadoop.ozone.container.keyvalue.helpers.KeyValueContainerUtil.createContainerMetaData(KeyValueContainerUtil.java:92)
	at org.apache.hadoop.ozone.container.keyvalue.KeyValueContainer.create(KeyValueContainer.java:133)
	... 15 more
15:26:34.534 [ChunkWriter-3-0] ERROR DNAudit - user=null | ip=null | op=WRITE_CHUNK {blockData=conID: 15 locID: 105639706255622166 bcsId: 0} | ret=FAILURE
org.apache.hadoop.hdds.scm.container.common.helpers.StorageContainerException: ContainerID 15 creation failed
	at org.apache.hadoop.ozone.container.common.impl.HddsDispatcher.dispatchRequest(HddsDispatcher.java:264) ~[hadoop-hdds-container-service-1.1.0-SNAPSHOT.jar:?]
	at org.apache.hadoop.ozone.container.common.impl.HddsDispatcher.lambda$dispatch$0(HddsDispatcher.java:171) ~[hadoop-hdds-container-service-1.1.0-SNAPSHOT.jar:?]
	at org.apache.hadoop.hdds.server.OzoneProtocolMessageDispatcher.processRequest(OzoneProtocolMessageDispatcher.java:87) ~[hadoop-hdds-server-framework-1.1.0-SNAPSHOT.jar:?]
	at org.apache.hadoop.ozone.container.common.impl.HddsDispatcher.dispatch(HddsDispatcher.java:170) ~[hadoop-hdds-container-service-1.1.0-SNAPSHOT.jar:?]
	at org.apache.hadoop.ozone.container.common.transport.server.ratis.ContainerStateMachine.dispatchCommand(ContainerStateMachine.java:398) ~[hadoop-hdds-container-service-1.1.0-SNAPSHOT.jar:?]
	at org.apache.hadoop.ozone.container.common.transport.server.ratis.ContainerStateMachine.runCommand(ContainerStateMachine.java:408) ~[hadoop-hdds-container-service-1.1.0-SNAPSHOT.jar:?]
	at org.apache.hadoop.ozone.container.common.transport.server.ratis.ContainerStateMachine.lambda$handleWriteChunk$2(ContainerStateMachine.java:445) ~[hadoop-hdds-container-service-1.1.0-SNAPSHOT.jar:?]
	at java.util.concurrent.CompletableFuture$AsyncSupply.run(CompletableFuture.java:1604) [?:1.8.0_232]
	at java.util.concurrent.ThreadPoolExecutor.runWorker(ThreadPoolExecutor.java:1149) [?:1.8.0_232]
	at java.util.concurrent.ThreadPoolExecutor$Worker.run(ThreadPoolExecutor.java:624) [?:1.8.0_232]
	at java.lang.Thread.run(Thread.java:748) [?:1.8.0_232]
2021-01-29 15:26:34,535 [ChunkWriter-3-0] INFO  impl.HddsDispatcher (ContainerUtils.java:logAndReturnError(89)) - Operation: WriteChunk , Trace ID:  , Message: ContainerID 15 creation failed , Result: CONTAINER_INTERNAL_ERROR , StorageContainerException Occurred.
org.apache.hadoop.hdds.scm.container.common.helpers.StorageContainerException: ContainerID 15 creation failed
	at org.apache.hadoop.ozone.container.common.impl.HddsDispatcher.dispatchRequest(HddsDispatcher.java:264)
	at org.apache.hadoop.ozone.container.common.impl.HddsDispatcher.lambda$dispatch$0(HddsDispatcher.java:171)
	at org.apache.hadoop.hdds.server.OzoneProtocolMessageDispatcher.processRequest(OzoneProtocolMessageDispatcher.java:87)
	at org.apache.hadoop.ozone.container.common.impl.HddsDispatcher.dispatch(HddsDispatcher.java:170)
	at org.apache.hadoop.ozone.container.common.transport.server.ratis.ContainerStateMachine.dispatchCommand(ContainerStateMachine.java:398)
	at org.apache.hadoop.ozone.container.common.transport.server.ratis.ContainerStateMachine.runCommand(ContainerStateMachine.java:408)
	at org.apache.hadoop.ozone.container.common.transport.server.ratis.ContainerStateMachine.lambda$handleWriteChunk$2(ContainerStateMachine.java:445)
	at java.util.concurrent.CompletableFuture$AsyncSupply.run(CompletableFuture.java:1604)
	at java.util.concurrent.ThreadPoolExecutor.runWorker(ThreadPoolExecutor.java:1149)
	at java.util.concurrent.ThreadPoolExecutor$Worker.run(ThreadPoolExecutor.java:624)
	at java.lang.Thread.run(Thread.java:748)
2021-01-29 15:26:34,550 [ChunkWriter-3-0] ERROR helpers.KeyValueContainerUtil (KeyValueContainerUtil.java:createContainerMetaData(90)) - Unable to create directory for metadata storage. Path: /github/workspace/mnt/ozone/hadoop-ozone/integration-test/target/test-dir/MiniOzoneClusterImpl-8ad1afbb-033f-482b-8239-ec8ce0281bc6/datanode-0/data-0/containers/hdds/0d4ea101-e9d0-4fa5-a81e-49d693c0e39a/current/containerDir0/15/metadata
2021-01-29 15:26:34,551 [ChunkWriter-3-0] INFO  keyvalue.KeyValueHandler (ContainerUtils.java:logAndReturnError(89)) - Operation: CreateContainer , Trace ID:  , Message: Container creation failed. Unable to create directory for metadata storage. Path: /github/workspace/mnt/ozone/hadoop-ozone/integration-test/target/test-dir/MiniOzoneClusterImpl-8ad1afbb-033f-482b-8239-ec8ce0281bc6/datanode-0/data-0/containers/hdds/0d4ea101-e9d0-4fa5-a81e-49d693c0e39a/current/containerDir0/15/metadata , Result: CONTAINER_INTERNAL_ERROR , StorageContainerException Occurred.
org.apache.hadoop.hdds.scm.container.common.helpers.StorageContainerException: Container creation failed. Unable to create directory for metadata storage. Path: /github/workspace/mnt/ozone/hadoop-ozone/integration-test/target/test-dir/MiniOzoneClusterImpl-8ad1afbb-033f-482b-8239-ec8ce0281bc6/datanode-0/data-0/containers/hdds/0d4ea101-e9d0-4fa5-a81e-49d693c0e39a/current/containerDir0/15/metadata
	at org.apache.hadoop.ozone.container.keyvalue.KeyValueContainer.create(KeyValueContainer.java:165)
	at org.apache.hadoop.ozone.container.keyvalue.KeyValueHandler.handleCreateContainer(KeyValueHandler.java:258)
	at org.apache.hadoop.ozone.container.keyvalue.KeyValueHandler.dispatchRequest(KeyValueHandler.java:175)
	at org.apache.hadoop.ozone.container.keyvalue.KeyValueHandler.handle(KeyValueHandler.java:163)
	at org.apache.hadoop.ozone.container.common.impl.HddsDispatcher.createContainer(HddsDispatcher.java:425)
	at org.apache.hadoop.ozone.container.common.impl.HddsDispatcher.dispatchRequest(HddsDispatcher.java:260)
	at org.apache.hadoop.ozone.container.common.impl.HddsDispatcher.lambda$dispatch$0(HddsDispatcher.java:171)
	at org.apache.hadoop.hdds.server.OzoneProtocolMessageDispatcher.processRequest(OzoneProtocolMessageDispatcher.java:87)
	at org.apache.hadoop.ozone.container.common.impl.HddsDispatcher.dispatch(HddsDispatcher.java:170)
	at org.apache.hadoop.ozone.container.common.transport.server.ratis.ContainerStateMachine.dispatchCommand(ContainerStateMachine.java:398)
	at org.apache.hadoop.ozone.container.common.transport.server.ratis.ContainerStateMachine.runCommand(ContainerStateMachine.java:408)
	at org.apache.hadoop.ozone.container.common.transport.server.ratis.ContainerStateMachine.lambda$handleWriteChunk$2(ContainerStateMachine.java:445)
	at java.util.concurrent.CompletableFuture$AsyncSupply.run(CompletableFuture.java:1604)
	at java.util.concurrent.ThreadPoolExecutor.runWorker(ThreadPoolExecutor.java:1149)
	at java.util.concurrent.ThreadPoolExecutor$Worker.run(ThreadPoolExecutor.java:624)
	at java.lang.Thread.run(Thread.java:748)
Caused by: java.io.IOException: Unable to create directory for metadata storage. Path: /github/workspace/mnt/ozone/hadoop-ozone/integration-test/target/test-dir/MiniOzoneClusterImpl-8ad1afbb-033f-482b-8239-ec8ce0281bc6/datanode-0/data-0/containers/hdds/0d4ea101-e9d0-4fa5-a81e-49d693c0e39a/current/containerDir0/15/metadata
	at org.apache.hadoop.ozone.container.keyvalue.helpers.KeyValueContainerUtil.createContainerMetaData(KeyValueContainerUtil.java:92)
	at org.apache.hadoop.ozone.container.keyvalue.KeyValueContainer.create(KeyValueContainer.java:133)
	... 15 more
15:26:34.552 [ChunkWriter-3-0] ERROR DNAudit - user=null | ip=null | op=WRITE_CHUNK {blockData=conID: 15 locID: 105639706255622166 bcsId: 0} | ret=FAILURE
org.apache.hadoop.hdds.scm.container.common.helpers.StorageContainerException: ContainerID 15 creation failed
	at org.apache.hadoop.ozone.container.common.impl.HddsDispatcher.dispatchRequest(HddsDispatcher.java:264) ~[hadoop-hdds-container-service-1.1.0-SNAPSHOT.jar:?]
	at org.apache.hadoop.ozone.container.common.impl.HddsDispatcher.lambda$dispatch$0(HddsDispatcher.java:171) ~[hadoop-hdds-container-service-1.1.0-SNAPSHOT.jar:?]
	at org.apache.hadoop.hdds.server.OzoneProtocolMessageDispatcher.processRequest(OzoneProtocolMessageDispatcher.java:87) ~[hadoop-hdds-server-framework-1.1.0-SNAPSHOT.jar:?]
	at org.apache.hadoop.ozone.container.common.impl.HddsDispatcher.dispatch(HddsDispatcher.java:170) ~[hadoop-hdds-container-service-1.1.0-SNAPSHOT.jar:?]
	at org.apache.hadoop.ozone.container.common.transport.server.ratis.ContainerStateMachine.dispatchCommand(ContainerStateMachine.java:398) ~[hadoop-hdds-container-service-1.1.0-SNAPSHOT.jar:?]
	at org.apache.hadoop.ozone.container.common.transport.server.ratis.ContainerStateMachine.runCommand(ContainerStateMachine.java:408) ~[hadoop-hdds-container-service-1.1.0-SNAPSHOT.jar:?]
	at org.apache.hadoop.ozone.container.common.transport.server.ratis.ContainerStateMachine.lambda$handleWriteChunk$2(ContainerStateMachine.java:445) ~[hadoop-hdds-container-service-1.1.0-SNAPSHOT.jar:?]
	at java.util.concurrent.CompletableFuture$AsyncSupply.run(CompletableFuture.java:1604) [?:1.8.0_232]
	at java.util.concurrent.ThreadPoolExecutor.runWorker(ThreadPoolExecutor.java:1149) [?:1.8.0_232]
	at java.util.concurrent.ThreadPoolExecutor$Worker.run(ThreadPoolExecutor.java:624) [?:1.8.0_232]
	at java.lang.Thread.run(Thread.java:748) [?:1.8.0_232]
2021-01-29 15:26:34,558 [ChunkWriter-3-0] ERROR helpers.KeyValueContainerUtil (KeyValueContainerUtil.java:createContainerMetaData(90)) - Unable to create directory for metadata storage. Path: /github/workspace/mnt/ozone/hadoop-ozone/integration-test/target/test-dir/MiniOzoneClusterImpl-8ad1afbb-033f-482b-8239-ec8ce0281bc6/datanode-2/data-0/containers/hdds/0d4ea101-e9d0-4fa5-a81e-49d693c0e39a/current/containerDir0/15/metadata
2021-01-29 15:26:34,558 [ChunkWriter-3-0] INFO  keyvalue.KeyValueHandler (ContainerUtils.java:logAndReturnError(89)) - Operation: CreateContainer , Trace ID:  , Message: Container creation failed. Unable to create directory for metadata storage. Path: /github/workspace/mnt/ozone/hadoop-ozone/integration-test/target/test-dir/MiniOzoneClusterImpl-8ad1afbb-033f-482b-8239-ec8ce0281bc6/datanode-2/data-0/containers/hdds/0d4ea101-e9d0-4fa5-a81e-49d693c0e39a/current/containerDir0/15/metadata , Result: CONTAINER_INTERNAL_ERROR , StorageContainerException Occurred.
org.apache.hadoop.hdds.scm.container.common.helpers.StorageContainerException: Container creation failed. Unable to create directory for metadata storage. Path: /github/workspace/mnt/ozone/hadoop-ozone/integration-test/target/test-dir/MiniOzoneClusterImpl-8ad1afbb-033f-482b-8239-ec8ce0281bc6/datanode-2/data-0/containers/hdds/0d4ea101-e9d0-4fa5-a81e-49d693c0e39a/current/containerDir0/15/metadata
	at org.apache.hadoop.ozone.container.keyvalue.KeyValueContainer.create(KeyValueContainer.java:165)
	at org.apache.hadoop.ozone.container.keyvalue.KeyValueHandler.handleCreateContainer(KeyValueHandler.java:258)
	at org.apache.hadoop.ozone.container.keyvalue.KeyValueHandler.dispatchRequest(KeyValueHandler.java:175)
	at org.apache.hadoop.ozone.container.keyvalue.KeyValueHandler.handle(KeyValueHandler.java:163)
	at org.apache.hadoop.ozone.container.common.impl.HddsDispatcher.createContainer(HddsDispatcher.java:425)
	at org.apache.hadoop.ozone.container.common.impl.HddsDispatcher.dispatchRequest(HddsDispatcher.java:260)
	at org.apache.hadoop.ozone.container.common.impl.HddsDispatcher.lambda$dispatch$0(HddsDispatcher.java:171)
	at org.apache.hadoop.hdds.server.OzoneProtocolMessageDispatcher.processRequest(OzoneProtocolMessageDispatcher.java:87)
	at org.apache.hadoop.ozone.container.common.impl.HddsDispatcher.dispatch(HddsDispatcher.java:170)
	at org.apache.hadoop.ozone.container.common.transport.server.ratis.ContainerStateMachine.dispatchCommand(ContainerStateMachine.java:398)
	at org.apache.hadoop.ozone.container.common.transport.server.ratis.ContainerStateMachine.runCommand(ContainerStateMachine.java:408)
	at org.apache.hadoop.ozone.container.common.transport.server.ratis.ContainerStateMachine.lambda$handleWriteChunk$2(ContainerStateMachine.java:445)
	at java.util.concurrent.CompletableFuture$AsyncSupply.run(CompletableFuture.java:1604)
	at java.util.concurrent.ThreadPoolExecutor.runWorker(ThreadPoolExecutor.java:1149)
	at java.util.concurrent.ThreadPoolExecutor$Worker.run(ThreadPoolExecutor.java:624)
	at java.lang.Thread.run(Thread.java:748)
Caused by: java.io.IOException: Unable to create directory for metadata storage. Path: /github/workspace/mnt/ozone/hadoop-ozone/integration-test/target/test-dir/MiniOzoneClusterImpl-8ad1afbb-033f-482b-8239-ec8ce0281bc6/datanode-2/data-0/containers/hdds/0d4ea101-e9d0-4fa5-a81e-49d693c0e39a/current/containerDir0/15/metadata
	at org.apache.hadoop.ozone.container.keyvalue.helpers.KeyValueContainerUtil.createContainerMetaData(KeyValueContainerUtil.java:92)
	at org.apache.hadoop.ozone.container.keyvalue.KeyValueContainer.create(KeyValueContainer.java:133)
	... 15 more
15:26:34.558 [ChunkWriter-3-0] ERROR DNAudit - user=null | ip=null | op=WRITE_CHUNK {blockData=conID: 15 locID: 105639706255622166 bcsId: 0} | ret=FAILURE
org.apache.hadoop.hdds.scm.container.common.helpers.StorageContainerException: ContainerID 15 creation failed
	at org.apache.hadoop.ozone.container.common.impl.HddsDispatcher.dispatchRequest(HddsDispatcher.java:264) ~[hadoop-hdds-container-service-1.1.0-SNAPSHOT.jar:?]
	at org.apache.hadoop.ozone.container.common.impl.HddsDispatcher.lambda$dispatch$0(HddsDispatcher.java:171) ~[hadoop-hdds-container-service-1.1.0-SNAPSHOT.jar:?]
	at org.apache.hadoop.hdds.server.OzoneProtocolMessageDispatcher.processRequest(OzoneProtocolMessageDispatcher.java:87) ~[hadoop-hdds-server-framework-1.1.0-SNAPSHOT.jar:?]
	at org.apache.hadoop.ozone.container.common.impl.HddsDispatcher.dispatch(HddsDispatcher.java:170) ~[hadoop-hdds-container-service-1.1.0-SNAPSHOT.jar:?]
	at org.apache.hadoop.ozone.container.common.transport.server.ratis.ContainerStateMachine.dispatchCommand(ContainerStateMachine.java:398) ~[hadoop-hdds-container-service-1.1.0-SNAPSHOT.jar:?]
	at org.apache.hadoop.ozone.container.common.transport.server.ratis.ContainerStateMachine.runCommand(ContainerStateMachine.java:408) ~[hadoop-hdds-container-service-1.1.0-SNAPSHOT.jar:?]
	at org.apache.hadoop.ozone.container.common.transport.server.ratis.ContainerStateMachine.lambda$handleWriteChunk$2(ContainerStateMachine.java:445) ~[hadoop-hdds-container-service-1.1.0-SNAPSHOT.jar:?]
	at java.util.concurrent.CompletableFuture$AsyncSupply.run(CompletableFuture.java:1604) [?:1.8.0_232]
	at java.util.concurrent.ThreadPoolExecutor.runWorker(ThreadPoolExecutor.java:1149) [?:1.8.0_232]
	at java.util.concurrent.ThreadPoolExecutor$Worker.run(ThreadPoolExecutor.java:624) [?:1.8.0_232]
	at java.lang.Thread.run(Thread.java:748) [?:1.8.0_232]
2021-01-29 15:26:34,553 [ChunkWriter-3-0] INFO  impl.HddsDispatcher (ContainerUtils.java:logAndReturnError(89)) - Operation: WriteChunk , Trace ID:  , Message: ContainerID 15 creation failed , Result: CONTAINER_INTERNAL_ERROR , StorageContainerException Occurred.
org.apache.hadoop.hdds.scm.container.common.helpers.StorageContainerException: ContainerID 15 creation failed
	at org.apache.hadoop.ozone.container.common.impl.HddsDispatcher.dispatchRequest(HddsDispatcher.java:264)
	at org.apache.hadoop.ozone.container.common.impl.HddsDispatcher.lambda$dispatch$0(HddsDispatcher.java:171)
	at org.apache.hadoop.hdds.server.OzoneProtocolMessageDispatcher.processRequest(OzoneProtocolMessageDispatcher.java:87)
	at org.apache.hadoop.ozone.container.common.impl.HddsDispatcher.dispatch(HddsDispatcher.java:170)
	at org.apache.hadoop.ozone.container.common.transport.server.ratis.ContainerStateMachine.dispatchCommand(ContainerStateMachine.java:398)
	at org.apache.hadoop.ozone.container.common.transport.server.ratis.ContainerStateMachine.runCommand(ContainerStateMachine.java:408)
	at org.apache.hadoop.ozone.container.common.transport.server.ratis.ContainerStateMachine.lambda$handleWriteChunk$2(ContainerStateMachine.java:445)
	at java.util.concurrent.CompletableFuture$AsyncSupply.run(CompletableFuture.java:1604)
	at java.util.concurrent.ThreadPoolExecutor.runWorker(ThreadPoolExecutor.java:1149)
	at java.util.concurrent.ThreadPoolExecutor$Worker.run(ThreadPoolExecutor.java:624)
	at java.lang.Thread.run(Thread.java:748)
2021-01-29 15:26:34,558 [ChunkWriter-3-0] INFO  impl.HddsDispatcher (ContainerUtils.java:logAndReturnError(89)) - Operation: WriteChunk , Trace ID:  , Message: ContainerID 15 creation failed , Result: CONTAINER_INTERNAL_ERROR , StorageContainerException Occurred.
org.apache.hadoop.hdds.scm.container.common.helpers.StorageContainerException: ContainerID 15 creation failed
	at org.apache.hadoop.ozone.container.common.impl.HddsDispatcher.dispatchRequest(HddsDispatcher.java:264)
	at org.apache.hadoop.ozone.container.common.impl.HddsDispatcher.lambda$dispatch$0(HddsDispatcher.java:171)
	at org.apache.hadoop.hdds.server.OzoneProtocolMessageDispatcher.processRequest(OzoneProtocolMessageDispatcher.java:87)
	at org.apache.hadoop.ozone.container.common.impl.HddsDispatcher.dispatch(HddsDispatcher.java:170)
	at org.apache.hadoop.ozone.container.common.transport.server.ratis.ContainerStateMachine.dispatchCommand(ContainerStateMachine.java:398)
	at org.apache.hadoop.ozone.container.common.transport.server.ratis.ContainerStateMachine.runCommand(ContainerStateMachine.java:408)
	at org.apache.hadoop.ozone.container.common.transport.server.ratis.ContainerStateMachine.lambda$handleWriteChunk$2(ContainerStateMachine.java:445)
	at java.util.concurrent.CompletableFuture$AsyncSupply.run(CompletableFuture.java:1604)
	at java.util.concurrent.ThreadPoolExecutor.runWorker(ThreadPoolExecutor.java:1149)
	at java.util.concurrent.ThreadPoolExecutor$Worker.run(ThreadPoolExecutor.java:624)
	at java.lang.Thread.run(Thread.java:748)
2021-01-29 15:26:34,564 [ChunkWriter-3-0] ERROR ratis.ContainerStateMachine (ContainerStateMachine.java:lambda$handleWriteChunk$3(473)) - group-82FE8DDC79AF: writeChunk writeStateMachineData failed: blockIdcontainerID: 15
localID: 105639706255622166
blockCommitSequenceId: 0
 logIndex 66 chunkName 105639706255622166_chunk_1 Error message: ContainerID 15 creation failed Container Result: CONTAINER_INTERNAL_ERROR
2021-01-29 15:26:34,564 [ChunkWriter-3-0] ERROR helpers.KeyValueContainerUtil (KeyValueContainerUtil.java:createContainerMetaData(90)) - Unable to create directory for metadata storage. Path: /github/workspace/mnt/ozone/hadoop-ozone/integration-test/target/test-dir/MiniOzoneClusterImpl-8ad1afbb-033f-482b-8239-ec8ce0281bc6/datanode-1/data-0/containers/hdds/0d4ea101-e9d0-4fa5-a81e-49d693c0e39a/current/containerDir0/15/metadata
2021-01-29 15:26:34,565 [ChunkWriter-3-0] INFO  keyvalue.KeyValueHandler (ContainerUtils.java:logAndReturnError(89)) - Operation: CreateContainer , Trace ID:  , Message: Container creation failed. Unable to create directory for metadata storage. Path: /github/workspace/mnt/ozone/hadoop-ozone/integration-test/target/test-dir/MiniOzoneClusterImpl-8ad1afbb-033f-482b-8239-ec8ce0281bc6/datanode-1/data-0/containers/hdds/0d4ea101-e9d0-4fa5-a81e-49d693c0e39a/current/containerDir0/15/metadata , Result: CONTAINER_INTERNAL_ERROR , StorageContainerException Occurred.
org.apache.hadoop.hdds.scm.container.common.helpers.StorageContainerException: Container creation failed. Unable to create directory for metadata storage. Path: /github/workspace/mnt/ozone/hadoop-ozone/integration-test/target/test-dir/MiniOzoneClusterImpl-8ad1afbb-033f-482b-8239-ec8ce0281bc6/datanode-1/data-0/containers/hdds/0d4ea101-e9d0-4fa5-a81e-49d693c0e39a/current/containerDir0/15/metadata
	at org.apache.hadoop.ozone.container.keyvalue.KeyValueContainer.create(KeyValueContainer.java:165)
	at org.apache.hadoop.ozone.container.keyvalue.KeyValueHandler.handleCreateContainer(KeyValueHandler.java:258)
	at org.apache.hadoop.ozone.container.keyvalue.KeyValueHandler.dispatchRequest(KeyValueHandler.java:175)
	at org.apache.hadoop.ozone.container.keyvalue.KeyValueHandler.handle(KeyValueHandler.java:163)
	at org.apache.hadoop.ozone.container.common.impl.HddsDispatcher.createContainer(HddsDispatcher.java:425)
	at org.apache.hadoop.ozone.container.common.impl.HddsDispatcher.dispatchRequest(HddsDispatcher.java:260)
	at org.apache.hadoop.ozone.container.common.impl.HddsDispatcher.lambda$dispatch$0(HddsDispatcher.java:171)
	at org.apache.hadoop.hdds.server.OzoneProtocolMessageDispatcher.processRequest(OzoneProtocolMessageDispatcher.java:87)
	at org.apache.hadoop.ozone.container.common.impl.HddsDispatcher.dispatch(HddsDispatcher.java:170)
	at org.apache.hadoop.ozone.container.common.transport.server.ratis.ContainerStateMachine.dispatchCommand(ContainerStateMachine.java:398)
	at org.apache.hadoop.ozone.container.common.transport.server.ratis.ContainerStateMachine.runCommand(ContainerStateMachine.java:408)
	at org.apache.hadoop.ozone.container.common.transport.server.ratis.ContainerStateMachine.lambda$handleWriteChunk$2(ContainerStateMachine.java:445)
	at java.util.concurrent.CompletableFuture$AsyncSupply.run(CompletableFuture.java:1604)
	at java.util.concurrent.ThreadPoolExecutor.runWorker(ThreadPoolExecutor.java:1149)
	at java.util.concurrent.ThreadPoolExecutor$Worker.run(ThreadPoolExecutor.java:624)
	at java.lang.Thread.run(Thread.java:748)
Caused by: java.io.IOException: Unable to create directory for metadata storage. Path: /github/workspace/mnt/ozone/hadoop-ozone/integration-test/target/test-dir/MiniOzoneClusterImpl-8ad1afbb-033f-482b-8239-ec8ce0281bc6/datanode-1/data-0/containers/hdds/0d4ea101-e9d0-4fa5-a81e-49d693c0e39a/current/containerDir0/15/metadata
	at org.apache.hadoop.ozone.container.keyvalue.helpers.KeyValueContainerUtil.createContainerMetaData(KeyValueContainerUtil.java:92)
	at org.apache.hadoop.ozone.container.keyvalue.KeyValueContainer.create(KeyValueContainer.java:133)
	... 15 more
15:26:34.570 [ChunkWriter-3-0] ERROR DNAudit - user=null | ip=null | op=WRITE_CHUNK {blockData=conID: 15 locID: 105639706255622166 bcsId: 0} | ret=FAILURE
org.apache.hadoop.hdds.scm.container.common.helpers.StorageContainerException: ContainerID 15 creation failed
	at org.apache.hadoop.ozone.container.common.impl.HddsDispatcher.dispatchRequest(HddsDispatcher.java:264) ~[hadoop-hdds-container-service-1.1.0-SNAPSHOT.jar:?]
	at org.apache.hadoop.ozone.container.common.impl.HddsDispatcher.lambda$dispatch$0(HddsDispatcher.java:171) ~[hadoop-hdds-container-service-1.1.0-SNAPSHOT.jar:?]
	at org.apache.hadoop.hdds.server.OzoneProtocolMessageDispatcher.processRequest(OzoneProtocolMessageDispatcher.java:87) ~[hadoop-hdds-server-framework-1.1.0-SNAPSHOT.jar:?]
	at org.apache.hadoop.ozone.container.common.impl.HddsDispatcher.dispatch(HddsDispatcher.java:170) ~[hadoop-hdds-container-service-1.1.0-SNAPSHOT.jar:?]
	at org.apache.hadoop.ozone.container.common.transport.server.ratis.ContainerStateMachine.dispatchCommand(ContainerStateMachine.java:398) ~[hadoop-hdds-container-service-1.1.0-SNAPSHOT.jar:?]
	at org.apache.hadoop.ozone.container.common.transport.server.ratis.ContainerStateMachine.runCommand(ContainerStateMachine.java:408) ~[hadoop-hdds-container-service-1.1.0-SNAPSHOT.jar:?]
	at org.apache.hadoop.ozone.container.common.transport.server.ratis.ContainerStateMachine.lambda$handleWriteChunk$2(ContainerStateMachine.java:445) ~[hadoop-hdds-container-service-1.1.0-SNAPSHOT.jar:?]
	at java.util.concurrent.CompletableFuture$AsyncSupply.run(CompletableFuture.java:1604) [?:1.8.0_232]
	at java.util.concurrent.ThreadPoolExecutor.runWorker(ThreadPoolExecutor.java:1149) [?:1.8.0_232]
	at java.util.concurrent.ThreadPoolExecutor$Worker.run(ThreadPoolExecutor.java:624) [?:1.8.0_232]
	at java.lang.Thread.run(Thread.java:748) [?:1.8.0_232]
2021-01-29 15:26:34,570 [ChunkWriter-3-0] INFO  impl.HddsDispatcher (ContainerUtils.java:logAndReturnError(89)) - Operation: WriteChunk , Trace ID:  , Message: ContainerID 15 creation failed , Result: CONTAINER_INTERNAL_ERROR , StorageContainerException Occurred.
org.apache.hadoop.hdds.scm.container.common.helpers.StorageContainerException: ContainerID 15 creation failed
	at org.apache.hadoop.ozone.container.common.impl.HddsDispatcher.dispatchRequest(HddsDispatcher.java:264)
	at org.apache.hadoop.ozone.container.common.impl.HddsDispatcher.lambda$dispatch$0(HddsDispatcher.java:171)
	at org.apache.hadoop.hdds.server.OzoneProtocolMessageDispatcher.processRequest(OzoneProtocolMessageDispatcher.java:87)
	at org.apache.hadoop.ozone.container.common.impl.HddsDispatcher.dispatch(HddsDispatcher.java:170)
	at org.apache.hadoop.ozone.container.common.transport.server.ratis.ContainerStateMachine.dispatchCommand(ContainerStateMachine.java:398)
	at org.apache.hadoop.ozone.container.common.transport.server.ratis.ContainerStateMachine.runCommand(ContainerStateMachine.java:408)
	at org.apache.hadoop.ozone.container.common.transport.server.ratis.ContainerStateMachine.lambda$handleWriteChunk$2(ContainerStateMachine.java:445)
	at java.util.concurrent.CompletableFuture$AsyncSupply.run(CompletableFuture.java:1604)
	at java.util.concurrent.ThreadPoolExecutor.runWorker(ThreadPoolExecutor.java:1149)
	at java.util.concurrent.ThreadPoolExecutor$Worker.run(ThreadPoolExecutor.java:624)
	at java.lang.Thread.run(Thread.java:748)
2021-01-29 15:26:34,571 [ChunkWriter-3-0] ERROR ratis.ContainerStateMachine (ContainerStateMachine.java:lambda$handleWriteChunk$3(473)) - group-82FE8DDC79AF: writeChunk writeStateMachineData failed: blockIdcontainerID: 15
localID: 105639706255622166
blockCommitSequenceId: 0
 logIndex 68 chunkName 105639706255622166_chunk_2 Error message: ContainerID 15 creation failed Container Result: CONTAINER_INTERNAL_ERROR
2021-01-29 15:26:34,567 [ChunkWriter-3-0] ERROR ratis.ContainerStateMachine (ContainerStateMachine.java:lambda$handleWriteChunk$3(473)) - group-82FE8DDC79AF: writeChunk writeStateMachineData failed: blockIdcontainerID: 15
localID: 105639706255622166
blockCommitSequenceId: 0
 logIndex 66 chunkName 105639706255622166_chunk_1 Error message: ContainerID 15 creation failed Container Result: CONTAINER_INTERNAL_ERROR
2021-01-29 15:26:34,567 [ChunkWriter-3-0] ERROR ratis.ContainerStateMachine (ContainerStateMachine.java:lambda$handleWriteChunk$3(473)) - group-82FE8DDC79AF: writeChunk writeStateMachineData failed: blockIdcontainerID: 15
localID: 105639706255622166
blockCommitSequenceId: 0
 logIndex 66 chunkName 105639706255622166_chunk_1 Error message: ContainerID 15 creation failed Container Result: CONTAINER_INTERNAL_ERROR
2021-01-29 15:26:34,580 [ChunkWriter-3-0] ERROR helpers.KeyValueContainerUtil (KeyValueContainerUtil.java:createContainerMetaData(90)) - Unable to create directory for metadata storage. Path: /github/workspace/mnt/ozone/hadoop-ozone/integration-test/target/test-dir/MiniOzoneClusterImpl-8ad1afbb-033f-482b-8239-ec8ce0281bc6/datanode-2/data-0/containers/hdds/0d4ea101-e9d0-4fa5-a81e-49d693c0e39a/current/containerDir0/15/metadata
2021-01-29 15:26:34,580 [ChunkWriter-3-0] INFO  keyvalue.KeyValueHandler (ContainerUtils.java:logAndReturnError(89)) - Operation: CreateContainer , Trace ID:  , Message: Container creation failed. Unable to create directory for metadata storage. Path: /github/workspace/mnt/ozone/hadoop-ozone/integration-test/target/test-dir/MiniOzoneClusterImpl-8ad1afbb-033f-482b-8239-ec8ce0281bc6/datanode-2/data-0/containers/hdds/0d4ea101-e9d0-4fa5-a81e-49d693c0e39a/current/containerDir0/15/metadata , Result: CONTAINER_INTERNAL_ERROR , StorageContainerException Occurred.
org.apache.hadoop.hdds.scm.container.common.helpers.StorageContainerException: Container creation failed. Unable to create directory for metadata storage. Path: /github/workspace/mnt/ozone/hadoop-ozone/integration-test/target/test-dir/MiniOzoneClusterImpl-8ad1afbb-033f-482b-8239-ec8ce0281bc6/datanode-2/data-0/containers/hdds/0d4ea101-e9d0-4fa5-a81e-49d693c0e39a/current/containerDir0/15/metadata
	at org.apache.hadoop.ozone.container.keyvalue.KeyValueContainer.create(KeyValueContainer.java:165)
	at org.apache.hadoop.ozone.container.keyvalue.KeyValueHandler.handleCreateContainer(KeyValueHandler.java:258)
	at org.apache.hadoop.ozone.container.keyvalue.KeyValueHandler.dispatchRequest(KeyValueHandler.java:175)
	at org.apache.hadoop.ozone.container.keyvalue.KeyValueHandler.handle(KeyValueHandler.java:163)
	at org.apache.hadoop.ozone.container.common.impl.HddsDispatcher.createContainer(HddsDispatcher.java:425)
	at org.apache.hadoop.ozone.container.common.impl.HddsDispatcher.dispatchRequest(HddsDispatcher.java:260)
	at org.apache.hadoop.ozone.container.common.impl.HddsDispatcher.lambda$dispatch$0(HddsDispatcher.java:171)
	at org.apache.hadoop.hdds.server.OzoneProtocolMessageDispatcher.processRequest(OzoneProtocolMessageDispatcher.java:87)
	at org.apache.hadoop.ozone.container.common.impl.HddsDispatcher.dispatch(HddsDispatcher.java:170)
	at org.apache.hadoop.ozone.container.common.transport.server.ratis.ContainerStateMachine.dispatchCommand(ContainerStateMachine.java:398)
	at org.apache.hadoop.ozone.container.common.transport.server.ratis.ContainerStateMachine.runCommand(ContainerStateMachine.java:408)
	at org.apache.hadoop.ozone.container.common.transport.server.ratis.ContainerStateMachine.lambda$handleWriteChunk$2(ContainerStateMachine.java:445)
	at java.util.concurrent.CompletableFuture$AsyncSupply.run(CompletableFuture.java:1604)
	at java.util.concurrent.ThreadPoolExecutor.runWorker(ThreadPoolExecutor.java:1149)
	at java.util.concurrent.ThreadPoolExecutor$Worker.run(ThreadPoolExecutor.java:624)
	at java.lang.Thread.run(Thread.java:748)
Caused by: java.io.IOException: Unable to create directory for metadata storage. Path: /github/workspace/mnt/ozone/hadoop-ozone/integration-test/target/test-dir/MiniOzoneClusterImpl-8ad1afbb-033f-482b-8239-ec8ce0281bc6/datanode-2/data-0/containers/hdds/0d4ea101-e9d0-4fa5-a81e-49d693c0e39a/current/containerDir0/15/metadata
	at org.apache.hadoop.ozone.container.keyvalue.helpers.KeyValueContainerUtil.createContainerMetaData(KeyValueContainerUtil.java:92)
	at org.apache.hadoop.ozone.container.keyvalue.KeyValueContainer.create(KeyValueContainer.java:133)
	... 15 more
15:26:34.580 [ChunkWriter-3-0] ERROR DNAudit - user=null | ip=null | op=WRITE_CHUNK {blockData=conID: 15 locID: 105639706255622166 bcsId: 0} | ret=FAILURE
org.apache.hadoop.hdds.scm.container.common.helpers.StorageContainerException: ContainerID 15 creation failed
	at org.apache.hadoop.ozone.container.common.impl.HddsDispatcher.dispatchRequest(HddsDispatcher.java:264) ~[hadoop-hdds-container-service-1.1.0-SNAPSHOT.jar:?]
	at org.apache.hadoop.ozone.container.common.impl.HddsDispatcher.lambda$dispatch$0(HddsDispatcher.java:171) ~[hadoop-hdds-container-service-1.1.0-SNAPSHOT.jar:?]
	at org.apache.hadoop.hdds.server.OzoneProtocolMessageDispatcher.processRequest(OzoneProtocolMessageDispatcher.java:87) ~[hadoop-hdds-server-framework-1.1.0-SNAPSHOT.jar:?]
	at org.apache.hadoop.ozone.container.common.impl.HddsDispatcher.dispatch(HddsDispatcher.java:170) ~[hadoop-hdds-container-service-1.1.0-SNAPSHOT.jar:?]
	at org.apache.hadoop.ozone.container.common.transport.server.ratis.ContainerStateMachine.dispatchCommand(ContainerStateMachine.java:398) ~[hadoop-hdds-container-service-1.1.0-SNAPSHOT.jar:?]
	at org.apache.hadoop.ozone.container.common.transport.server.ratis.ContainerStateMachine.runCommand(ContainerStateMachine.java:408) ~[hadoop-hdds-container-service-1.1.0-SNAPSHOT.jar:?]
	at org.apache.hadoop.ozone.container.common.transport.server.ratis.ContainerStateMachine.lambda$handleWriteChunk$2(ContainerStateMachine.java:445) ~[hadoop-hdds-container-service-1.1.0-SNAPSHOT.jar:?]
	at java.util.concurrent.CompletableFuture$AsyncSupply.run(CompletableFuture.java:1604) [?:1.8.0_232]
	at java.util.concurrent.ThreadPoolExecutor.runWorker(ThreadPoolExecutor.java:1149) [?:1.8.0_232]
	at java.util.concurrent.ThreadPoolExecutor$Worker.run(ThreadPoolExecutor.java:624) [?:1.8.0_232]
	at java.lang.Thread.run(Thread.java:748) [?:1.8.0_232]
2021-01-29 15:26:34,580 [ChunkWriter-3-0] INFO  impl.HddsDispatcher (ContainerUtils.java:logAndReturnError(89)) - Operation: WriteChunk , Trace ID:  , Message: ContainerID 15 creation failed , Result: CONTAINER_INTERNAL_ERROR , StorageContainerException Occurred.
org.apache.hadoop.hdds.scm.container.common.helpers.StorageContainerException: ContainerID 15 creation failed
	at org.apache.hadoop.ozone.container.common.impl.HddsDispatcher.dispatchRequest(HddsDispatcher.java:264)
	at org.apache.hadoop.ozone.container.common.impl.HddsDispatcher.lambda$dispatch$0(HddsDispatcher.java:171)
	at org.apache.hadoop.hdds.server.OzoneProtocolMessageDispatcher.processRequest(OzoneProtocolMessageDispatcher.java:87)
	at org.apache.hadoop.ozone.container.common.impl.HddsDispatcher.dispatch(HddsDispatcher.java:170)
	at org.apache.hadoop.ozone.container.common.transport.server.ratis.ContainerStateMachine.dispatchCommand(ContainerStateMachine.java:398)
	at org.apache.hadoop.ozone.container.common.transport.server.ratis.ContainerStateMachine.runCommand(ContainerStateMachine.java:408)
	at org.apache.hadoop.ozone.container.common.transport.server.ratis.ContainerStateMachine.lambda$handleWriteChunk$2(ContainerStateMachine.java:445)
	at java.util.concurrent.CompletableFuture$AsyncSupply.run(CompletableFuture.java:1604)
	at java.util.concurrent.ThreadPoolExecutor.runWorker(ThreadPoolExecutor.java:1149)
	at java.util.concurrent.ThreadPoolExecutor$Worker.run(ThreadPoolExecutor.java:624)
	at java.lang.Thread.run(Thread.java:748)
2021-01-29 15:26:34,581 [ChunkWriter-3-0] ERROR ratis.ContainerStateMachine (ContainerStateMachine.java:lambda$handleWriteChunk$3(473)) - group-82FE8DDC79AF: writeChunk writeStateMachineData failed: blockIdcontainerID: 15
localID: 105639706255622166
blockCommitSequenceId: 0
 logIndex 68 chunkName 105639706255622166_chunk_2 Error message: ContainerID 15 creation failed Container Result: CONTAINER_INTERNAL_ERROR
2021-01-29 15:26:34,580 [ChunkWriter-3-0] ERROR helpers.KeyValueContainerUtil (KeyValueContainerUtil.java:createContainerMetaData(90)) - Unable to create directory for metadata storage. Path: /github/workspace/mnt/ozone/hadoop-ozone/integration-test/target/test-dir/MiniOzoneClusterImpl-8ad1afbb-033f-482b-8239-ec8ce0281bc6/datanode-0/data-0/containers/hdds/0d4ea101-e9d0-4fa5-a81e-49d693c0e39a/current/containerDir0/15/metadata
2021-01-29 15:26:34,596 [ChunkWriter-3-0] INFO  keyvalue.KeyValueHandler (ContainerUtils.java:logAndReturnError(89)) - Operation: CreateContainer , Trace ID:  , Message: Container creation failed. Unable to create directory for metadata storage. Path: /github/workspace/mnt/ozone/hadoop-ozone/integration-test/target/test-dir/MiniOzoneClusterImpl-8ad1afbb-033f-482b-8239-ec8ce0281bc6/datanode-0/data-0/containers/hdds/0d4ea101-e9d0-4fa5-a81e-49d693c0e39a/current/containerDir0/15/metadata , Result: CONTAINER_INTERNAL_ERROR , StorageContainerException Occurred.
org.apache.hadoop.hdds.scm.container.common.helpers.StorageContainerException: Container creation failed. Unable to create directory for metadata storage. Path: /github/workspace/mnt/ozone/hadoop-ozone/integration-test/target/test-dir/MiniOzoneClusterImpl-8ad1afbb-033f-482b-8239-ec8ce0281bc6/datanode-0/data-0/containers/hdds/0d4ea101-e9d0-4fa5-a81e-49d693c0e39a/current/containerDir0/15/metadata
	at org.apache.hadoop.ozone.container.keyvalue.KeyValueContainer.create(KeyValueContainer.java:165)
	at org.apache.hadoop.ozone.container.keyvalue.KeyValueHandler.handleCreateContainer(KeyValueHandler.java:258)
	at org.apache.hadoop.ozone.container.keyvalue.KeyValueHandler.dispatchRequest(KeyValueHandler.java:175)
	at org.apache.hadoop.ozone.container.keyvalue.KeyValueHandler.handle(KeyValueHandler.java:163)
	at org.apache.hadoop.ozone.container.common.impl.HddsDispatcher.createContainer(HddsDispatcher.java:425)
	at org.apache.hadoop.ozone.container.common.impl.HddsDispatcher.dispatchRequest(HddsDispatcher.java:260)
	at org.apache.hadoop.ozone.container.common.impl.HddsDispatcher.lambda$dispatch$0(HddsDispatcher.java:171)
	at org.apache.hadoop.hdds.server.OzoneProtocolMessageDispatcher.processRequest(OzoneProtocolMessageDispatcher.java:87)
	at org.apache.hadoop.ozone.container.common.impl.HddsDispatcher.dispatch(HddsDispatcher.java:170)
	at org.apache.hadoop.ozone.container.common.transport.server.ratis.ContainerStateMachine.dispatchCommand(ContainerStateMachine.java:398)
	at org.apache.hadoop.ozone.container.common.transport.server.ratis.ContainerStateMachine.runCommand(ContainerStateMachine.java:408)
	at org.apache.hadoop.ozone.container.common.transport.server.ratis.ContainerStateMachine.lambda$handleWriteChunk$2(ContainerStateMachine.java:445)
	at java.util.concurrent.CompletableFuture$AsyncSupply.run(CompletableFuture.java:1604)
	at java.util.concurrent.ThreadPoolExecutor.runWorker(ThreadPoolExecutor.java:1149)
	at java.util.concurrent.ThreadPoolExecutor$Worker.run(ThreadPoolExecutor.java:624)
	at java.lang.Thread.run(Thread.java:748)
Caused by: java.io.IOException: Unable to create directory for metadata storage. Path: /github/workspace/mnt/ozone/hadoop-ozone/integration-test/target/test-dir/MiniOzoneClusterImpl-8ad1afbb-033f-482b-8239-ec8ce0281bc6/datanode-0/data-0/containers/hdds/0d4ea101-e9d0-4fa5-a81e-49d693c0e39a/current/containerDir0/15/metadata
	at org.apache.hadoop.ozone.container.keyvalue.helpers.KeyValueContainerUtil.createContainerMetaData(KeyValueContainerUtil.java:92)
	at org.apache.hadoop.ozone.container.keyvalue.KeyValueContainer.create(KeyValueContainer.java:133)
	... 15 more
15:26:34.597 [ChunkWriter-3-0] ERROR DNAudit - user=null | ip=null | op=WRITE_CHUNK {blockData=conID: 15 locID: 105639706255622166 bcsId: 0} | ret=FAILURE
org.apache.hadoop.hdds.scm.container.common.helpers.StorageContainerException: ContainerID 15 creation failed
	at org.apache.hadoop.ozone.container.common.impl.HddsDispatcher.dispatchRequest(HddsDispatcher.java:264) ~[hadoop-hdds-container-service-1.1.0-SNAPSHOT.jar:?]
	at org.apache.hadoop.ozone.container.common.impl.HddsDispatcher.lambda$dispatch$0(HddsDispatcher.java:171) ~[hadoop-hdds-container-service-1.1.0-SNAPSHOT.jar:?]
	at org.apache.hadoop.hdds.server.OzoneProtocolMessageDispatcher.processRequest(OzoneProtocolMessageDispatcher.java:87) ~[hadoop-hdds-server-framework-1.1.0-SNAPSHOT.jar:?]
	at org.apache.hadoop.ozone.container.common.impl.HddsDispatcher.dispatch(HddsDispatcher.java:170) ~[hadoop-hdds-container-service-1.1.0-SNAPSHOT.jar:?]
	at org.apache.hadoop.ozone.container.common.transport.server.ratis.ContainerStateMachine.dispatchCommand(ContainerStateMachine.java:398) ~[hadoop-hdds-container-service-1.1.0-SNAPSHOT.jar:?]
	at org.apache.hadoop.ozone.container.common.transport.server.ratis.ContainerStateMachine.runCommand(ContainerStateMachine.java:408) ~[hadoop-hdds-container-service-1.1.0-SNAPSHOT.jar:?]
	at org.apache.hadoop.ozone.container.common.transport.server.ratis.ContainerStateMachine.lambda$handleWriteChunk$2(ContainerStateMachine.java:445) ~[hadoop-hdds-container-service-1.1.0-SNAPSHOT.jar:?]
	at java.util.concurrent.CompletableFuture$AsyncSupply.run(CompletableFuture.java:1604) [?:1.8.0_232]
	at java.util.concurrent.ThreadPoolExecutor.runWorker(ThreadPoolExecutor.java:1149) [?:1.8.0_232]
	at java.util.concurrent.ThreadPoolExecutor$Worker.run(ThreadPoolExecutor.java:624) [?:1.8.0_232]
	at java.lang.Thread.run(Thread.java:748) [?:1.8.0_232]
2021-01-29 15:26:34,597 [ChunkWriter-3-0] INFO  impl.HddsDispatcher (ContainerUtils.java:logAndReturnError(89)) - Operation: WriteChunk , Trace ID:  , Message: ContainerID 15 creation failed , Result: CONTAINER_INTERNAL_ERROR , StorageContainerException Occurred.
org.apache.hadoop.hdds.scm.container.common.helpers.StorageContainerException: ContainerID 15 creation failed
	at org.apache.hadoop.ozone.container.common.impl.HddsDispatcher.dispatchRequest(HddsDispatcher.java:264)
	at org.apache.hadoop.ozone.container.common.impl.HddsDispatcher.lambda$dispatch$0(HddsDispatcher.java:171)
	at org.apache.hadoop.hdds.server.OzoneProtocolMessageDispatcher.processRequest(OzoneProtocolMessageDispatcher.java:87)
	at org.apache.hadoop.ozone.container.common.impl.HddsDispatcher.dispatch(HddsDispatcher.java:170)
	at org.apache.hadoop.ozone.container.common.transport.server.ratis.ContainerStateMachine.dispatchCommand(ContainerStateMachine.java:398)
	at org.apache.hadoop.ozone.container.common.transport.server.ratis.ContainerStateMachine.runCommand(ContainerStateMachine.java:408)
	at org.apache.hadoop.ozone.container.common.transport.server.ratis.ContainerStateMachine.lambda$handleWriteChunk$2(ContainerStateMachine.java:445)
	at java.util.concurrent.CompletableFuture$AsyncSupply.run(CompletableFuture.java:1604)
	at java.util.concurrent.ThreadPoolExecutor.runWorker(ThreadPoolExecutor.java:1149)
	at java.util.concurrent.ThreadPoolExecutor$Worker.run(ThreadPoolExecutor.java:624)
	at java.lang.Thread.run(Thread.java:748)
2021-01-29 15:26:34,597 [ChunkWriter-3-0] ERROR ratis.ContainerStateMachine (ContainerStateMachine.java:lambda$handleWriteChunk$3(473)) - group-82FE8DDC79AF: writeChunk writeStateMachineData failed: blockIdcontainerID: 15
localID: 105639706255622166
blockCommitSequenceId: 0
 logIndex 68 chunkName 105639706255622166_chunk_2 Error message: ContainerID 15 creation failed Container Result: CONTAINER_INTERNAL_ERROR
2021-01-29 15:26:34,600 [917eb864-1739-4fd5-ac14-ff1ecb8c1d24@group-82FE8DDC79AF-SegmentedRaftLogWorker] ERROR ratis.XceiverServerRatis (XceiverServerRatis.java:triggerPipelineClose(686)) - pipeline Action CLOSE on pipeline PipelineID=ada21374-47fd-4d92-9ee3-82fe8ddc79af.Reason : ContainerID 15 creation failed
2021-01-29 15:26:34,604 [d5d7cc10-80c6-421e-a2cb-6e4e9e0bf9f8@group-82FE8DDC79AF-SegmentedRaftLogWorker] ERROR ratis.XceiverServerRatis (XceiverServerRatis.java:triggerPipelineClose(686)) - pipeline Action CLOSE on pipeline PipelineID=ada21374-47fd-4d92-9ee3-82fe8ddc79af.Reason : ContainerID 15 creation failed
2021-01-29 15:26:34,612 [093cbee5-fb37-48c5-a334-037ab050c5a4@group-82FE8DDC79AF-SegmentedRaftLogWorker] ERROR ratis.XceiverServerRatis (XceiverServerRatis.java:triggerPipelineClose(686)) - pipeline Action CLOSE on pipeline PipelineID=ada21374-47fd-4d92-9ee3-82fe8ddc79af.Reason : ContainerID 15 creation failed
2021-01-29 15:26:34,625 [EventQueue-PipelineActionsForPipelineActionHandler] INFO  pipeline.PipelineActionHandler (PipelineActionHandler.java:processPipelineAction(77)) - Received pipeline action CLOSE for PipelineID=ada21374-47fd-4d92-9ee3-82fe8ddc79af from datanode 917eb864-1739-4fd5-ac14-ff1ecb8c1d24. Reason : ContainerID 15 creation failed
2021-01-29 15:26:34,626 [EventQueue-PipelineActionsForPipelineActionHandler] INFO  pipeline.SCMPipelineManager (SCMPipelineManager.java:finalizeAndDestroyPipeline(482)) - Destroying pipeline:Pipeline[ Id: ada21374-47fd-4d92-9ee3-82fe8ddc79af, Nodes: 093cbee5-fb37-48c5-a334-037ab050c5a4{ip: 172.17.0.2, host: 6dba130846a4, networkLocation: /default-rack, certSerialId: null, persistedOpState: IN_SERVICE, persistedOpStateExpiryEpochSec: 0}917eb864-1739-4fd5-ac14-ff1ecb8c1d24{ip: 172.17.0.2, host: 6dba130846a4, networkLocation: /default-rack, certSerialId: null, persistedOpState: IN_SERVICE, persistedOpStateExpiryEpochSec: 0}d5d7cc10-80c6-421e-a2cb-6e4e9e0bf9f8{ip: 172.17.0.2, host: 6dba130846a4, networkLocation: /default-rack, certSerialId: null, persistedOpState: IN_SERVICE, persistedOpStateExpiryEpochSec: 0}, Type:RATIS, Factor:THREE, State:OPEN, leaderId:093cbee5-fb37-48c5-a334-037ab050c5a4, CreationTimestamp2021-01-29T15:26:09.180Z]
2021-01-29 15:26:34,626 [EventQueue-PipelineActionsForPipelineActionHandler] INFO  pipeline.PipelineStateManager (PipelineStateManager.java:finalizePipeline(121)) - Pipeline Pipeline[ Id: ada21374-47fd-4d92-9ee3-82fe8ddc79af, Nodes: 093cbee5-fb37-48c5-a334-037ab050c5a4{ip: 172.17.0.2, host: 6dba130846a4, networkLocation: /default-rack, certSerialId: null, persistedOpState: IN_SERVICE, persistedOpStateExpiryEpochSec: 0}917eb864-1739-4fd5-ac14-ff1ecb8c1d24{ip: 172.17.0.2, host: 6dba130846a4, networkLocation: /default-rack, certSerialId: null, persistedOpState: IN_SERVICE, persistedOpStateExpiryEpochSec: 0}d5d7cc10-80c6-421e-a2cb-6e4e9e0bf9f8{ip: 172.17.0.2, host: 6dba130846a4, networkLocation: /default-rack, certSerialId: null, persistedOpState: IN_SERVICE, persistedOpStateExpiryEpochSec: 0}, Type:RATIS, Factor:THREE, State:CLOSED, leaderId:093cbee5-fb37-48c5-a334-037ab050c5a4, CreationTimestamp2021-01-29T15:26:09.180Z] moved to CLOSED state
2021-01-29 15:26:34,627 [EventQueue-CloseContainerForCloseContainerEventHandler] INFO  container.CloseContainerEventHandler (CloseContainerEventHandler.java:onMessage(61)) - Close container Event triggered for container : #6
2021-01-29 15:26:34,628 [EventQueue-CloseContainerForCloseContainerEventHandler] INFO  container.CloseContainerEventHandler (CloseContainerEventHandler.java:onMessage(61)) - Close container Event triggered for container : #11
2021-01-29 15:26:34,628 [EventQueue-CloseContainerForCloseContainerEventHandler] INFO  container.CloseContainerEventHandler (CloseContainerEventHandler.java:onMessage(61)) - Close container Event triggered for container : #15
2021-01-29 15:26:34,630 [EventQueue-PipelineActionsForPipelineActionHandler] INFO  pipeline.PipelineActionHandler (PipelineActionHandler.java:processPipelineAction(77)) - Received pipeline action CLOSE for PipelineID=ada21374-47fd-4d92-9ee3-82fe8ddc79af from datanode d5d7cc10-80c6-421e-a2cb-6e4e9e0bf9f8. Reason : ContainerID 15 creation failed
2021-01-29 15:26:34,630 [EventQueue-PipelineActionsForPipelineActionHandler] INFO  pipeline.SCMPipelineManager (SCMPipelineManager.java:finalizeAndDestroyPipeline(482)) - Destroying pipeline:Pipeline[ Id: ada21374-47fd-4d92-9ee3-82fe8ddc79af, Nodes: 093cbee5-fb37-48c5-a334-037ab050c5a4{ip: 172.17.0.2, host: 6dba130846a4, networkLocation: /default-rack, certSerialId: null, persistedOpState: IN_SERVICE, persistedOpStateExpiryEpochSec: 0}917eb864-1739-4fd5-ac14-ff1ecb8c1d24{ip: 172.17.0.2, host: 6dba130846a4, networkLocation: /default-rack, certSerialId: null, persistedOpState: IN_SERVICE, persistedOpStateExpiryEpochSec: 0}d5d7cc10-80c6-421e-a2cb-6e4e9e0bf9f8{ip: 172.17.0.2, host: 6dba130846a4, networkLocation: /default-rack, certSerialId: null, persistedOpState: IN_SERVICE, persistedOpStateExpiryEpochSec: 0}, Type:RATIS, Factor:THREE, State:CLOSED, leaderId:093cbee5-fb37-48c5-a334-037ab050c5a4, CreationTimestamp2021-01-29T15:26:09.180Z]
2021-01-29 15:26:34,631 [EventQueue-PipelineActionsForPipelineActionHandler] INFO  pipeline.PipelineActionHandler (PipelineActionHandler.java:processPipelineAction(77)) - Received pipeline action CLOSE for PipelineID=ada21374-47fd-4d92-9ee3-82fe8ddc79af from datanode 093cbee5-fb37-48c5-a334-037ab050c5a4. Reason : ContainerID 15 creation failed
2021-01-29 15:26:34,631 [EventQueue-PipelineActionsForPipelineActionHandler] INFO  pipeline.SCMPipelineManager (SCMPipelineManager.java:finalizeAndDestroyPipeline(482)) - Destroying pipeline:Pipeline[ Id: ada21374-47fd-4d92-9ee3-82fe8ddc79af, Nodes: 093cbee5-fb37-48c5-a334-037ab050c5a4{ip: 172.17.0.2, host: 6dba130846a4, networkLocation: /default-rack, certSerialId: null, persistedOpState: IN_SERVICE, persistedOpStateExpiryEpochSec: 0}917eb864-1739-4fd5-ac14-ff1ecb8c1d24{ip: 172.17.0.2, host: 6dba130846a4, networkLocation: /default-rack, certSerialId: null, persistedOpState: IN_SERVICE, persistedOpStateExpiryEpochSec: 0}d5d7cc10-80c6-421e-a2cb-6e4e9e0bf9f8{ip: 172.17.0.2, host: 6dba130846a4, networkLocation: /default-rack, certSerialId: null, persistedOpState: IN_SERVICE, persistedOpStateExpiryEpochSec: 0}, Type:RATIS, Factor:THREE, State:CLOSED, leaderId:093cbee5-fb37-48c5-a334-037ab050c5a4, CreationTimestamp2021-01-29T15:26:09.180Z]
2021-01-29 15:26:34,652 [093cbee5-fb37-48c5-a334-037ab050c5a4@group-82FE8DDC79AF-SegmentedRaftLogWorker] ERROR ratis.XceiverServerRatis (XceiverServerRatis.java:triggerPipelineClose(686)) - pipeline Action CLOSE on pipeline PipelineID=ada21374-47fd-4d92-9ee3-82fe8ddc79af.Reason : Log already failed at index 66 for task WriteLog:66: (t:1, i:66), STATEMACHINELOGENTRY, cmdType: WriteChunk traceID: "" containerID: 15 datanodeUuid: "093cbee5-fb37-48c5-a334-037ab050c5a4" pipelineID: "ada21374-47fd-4d92-9ee3-82fe8ddc79af" writeChunk { blockID { containerID: 15 localID: 105639706255622166 blockCommitSequenceId: 0 } chunkData { chunkName: "105639706255622166_chunk_1" offset: 0 len: 1048576 checksumData { type: NONE bytesPerChecksum: 1048576 } } }, container path=nonexistent
2021-01-29 15:26:34,654 [EventQueue-PipelineActionsForPipelineActionHandler] INFO  pipeline.PipelineActionHandler (PipelineActionHandler.java:processPipelineAction(77)) - Received pipeline action CLOSE for PipelineID=ada21374-47fd-4d92-9ee3-82fe8ddc79af from datanode 093cbee5-fb37-48c5-a334-037ab050c5a4. Reason : Log already failed at index 66 for task WriteLog:66: (t:1, i:66), STATEMACHINELOGENTRY, cmdType: WriteChunk traceID: "" containerID: 15 datanodeUuid: "093cbee5-fb37-48c5-a334-037ab050c5a4" pipelineID: "ada21374-47fd-4d92-9ee3-82fe8ddc79af" writeChunk { blockID { containerID: 15 localID: 105639706255622166 blockCommitSequenceId: 0 } chunkData { chunkName: "105639706255622166_chunk_1" offset: 0 len: 1048576 checksumData { type: NONE bytesPerChecksum: 1048576 } } }, container path=nonexistent
2021-01-29 15:26:34,654 [EventQueue-PipelineActionsForPipelineActionHandler] INFO  pipeline.SCMPipelineManager (SCMPipelineManager.java:finalizeAndDestroyPipeline(482)) - Destroying pipeline:Pipeline[ Id: ada21374-47fd-4d92-9ee3-82fe8ddc79af, Nodes: 093cbee5-fb37-48c5-a334-037ab050c5a4{ip: 172.17.0.2, host: 6dba130846a4, networkLocation: /default-rack, certSerialId: null, persistedOpState: IN_SERVICE, persistedOpStateExpiryEpochSec: 0}917eb864-1739-4fd5-ac14-ff1ecb8c1d24{ip: 172.17.0.2, host: 6dba130846a4, networkLocation: /default-rack, certSerialId: null, persistedOpState: IN_SERVICE, persistedOpStateExpiryEpochSec: 0}d5d7cc10-80c6-421e-a2cb-6e4e9e0bf9f8{ip: 172.17.0.2, host: 6dba130846a4, networkLocation: /default-rack, certSerialId: null, persistedOpState: IN_SERVICE, persistedOpStateExpiryEpochSec: 0}, Type:RATIS, Factor:THREE, State:CLOSED, leaderId:093cbee5-fb37-48c5-a334-037ab050c5a4, CreationTimestamp2021-01-29T15:26:09.180Z]
2021-01-29 15:26:34,656 [EventQueue-PipelineActionsForPipelineActionHandler] INFO  pipeline.PipelineActionHandler (PipelineActionHandler.java:processPipelineAction(77)) - Received pipeline action CLOSE for PipelineID=ada21374-47fd-4d92-9ee3-82fe8ddc79af from datanode 093cbee5-fb37-48c5-a334-037ab050c5a4. Reason : Log already failed at index 66 for task WriteLog:66: (t:1, i:66), STATEMACHINELOGENTRY, cmdType: WriteChunk traceID: "" containerID: 15 datanodeUuid: "093cbee5-fb37-48c5-a334-037ab050c5a4" pipelineID: "ada21374-47fd-4d92-9ee3-82fe8ddc79af" writeChunk { blockID { containerID: 15 localID: 105639706255622166 blockCommitSequenceId: 0 } chunkData { chunkName: "105639706255622166_chunk_1" offset: 0 len: 1048576 checksumData { type: NONE bytesPerChecksum: 1048576 } } }, container path=nonexistent
2021-01-29 15:26:34,656 [EventQueue-PipelineActionsForPipelineActionHandler] INFO  pipeline.SCMPipelineManager (SCMPipelineManager.java:finalizeAndDestroyPipeline(482)) - Destroying pipeline:Pipeline[ Id: ada21374-47fd-4d92-9ee3-82fe8ddc79af, Nodes: 093cbee5-fb37-48c5-a334-037ab050c5a4{ip: 172.17.0.2, host: 6dba130846a4, networkLocation: /default-rack, certSerialId: null, persistedOpState: IN_SERVICE, persistedOpStateExpiryEpochSec: 0}917eb864-1739-4fd5-ac14-ff1ecb8c1d24{ip: 172.17.0.2, host: 6dba130846a4, networkLocation: /default-rack, certSerialId: null, persistedOpState: IN_SERVICE, persistedOpStateExpiryEpochSec: 0}d5d7cc10-80c6-421e-a2cb-6e4e9e0bf9f8{ip: 172.17.0.2, host: 6dba130846a4, networkLocation: /default-rack, certSerialId: null, persistedOpState: IN_SERVICE, persistedOpStateExpiryEpochSec: 0}, Type:RATIS, Factor:THREE, State:CLOSED, leaderId:093cbee5-fb37-48c5-a334-037ab050c5a4, CreationTimestamp2021-01-29T15:26:09.180Z]
2021-01-29 15:26:34,657 [093cbee5-fb37-48c5-a334-037ab050c5a4@group-82FE8DDC79AF-SegmentedRaftLogWorker] ERROR ratis.XceiverServerRatis (XceiverServerRatis.java:triggerPipelineClose(686)) - pipeline Action CLOSE on pipeline PipelineID=ada21374-47fd-4d92-9ee3-82fe8ddc79af.Reason : Log already failed at index 66 for task WriteLog:66: (t:1, i:66), STATEMACHINELOGENTRY, cmdType: WriteChunk traceID: "" containerID: 15 datanodeUuid: "093cbee5-fb37-48c5-a334-037ab050c5a4" pipelineID: "ada21374-47fd-4d92-9ee3-82fe8ddc79af" writeChunk { blockID { containerID: 15 localID: 105639706255622166 blockCommitSequenceId: 0 } chunkData { chunkName: "105639706255622166_chunk_1" offset: 0 len: 1048576 checksumData { type: NONE bytesPerChecksum: 1048576 } } }, container path=nonexistent
2021-01-29 15:26:34,657 [093cbee5-fb37-48c5-a334-037ab050c5a4@group-82FE8DDC79AF-SegmentedRaftLogWorker] ERROR ratis.XceiverServerRatis (XceiverServerRatis.java:triggerPipelineClose(686)) - pipeline Action CLOSE on pipeline PipelineID=ada21374-47fd-4d92-9ee3-82fe8ddc79af.Reason : Log already failed at index 66 for task WriteLog:66: (t:1, i:66), STATEMACHINELOGENTRY, cmdType: WriteChunk traceID: "" containerID: 15 datanodeUuid: "093cbee5-fb37-48c5-a334-037ab050c5a4" pipelineID: "ada21374-47fd-4d92-9ee3-82fe8ddc79af" writeChunk { blockID { containerID: 15 localID: 105639706255622166 blockCommitSequenceId: 0 } chunkData { chunkName: "105639706255622166_chunk_1" offset: 0 len: 1048576 checksumData { type: NONE bytesPerChecksum: 1048576 } } }, container path=nonexistent
2021-01-29 15:26:34,658 [EventQueue-PipelineActionsForPipelineActionHandler] INFO  pipeline.PipelineActionHandler (PipelineActionHandler.java:processPipelineAction(77)) - Received pipeline action CLOSE for PipelineID=ada21374-47fd-4d92-9ee3-82fe8ddc79af from datanode 093cbee5-fb37-48c5-a334-037ab050c5a4. Reason : Log already failed at index 66 for task WriteLog:66: (t:1, i:66), STATEMACHINELOGENTRY, cmdType: WriteChunk traceID: "" containerID: 15 datanodeUuid: "093cbee5-fb37-48c5-a334-037ab050c5a4" pipelineID: "ada21374-47fd-4d92-9ee3-82fe8ddc79af" writeChunk { blockID { containerID: 15 localID: 105639706255622166 blockCommitSequenceId: 0 } chunkData { chunkName: "105639706255622166_chunk_1" offset: 0 len: 1048576 checksumData { type: NONE bytesPerChecksum: 1048576 } } }, container path=nonexistent
2021-01-29 15:26:34,659 [EventQueue-PipelineActionsForPipelineActionHandler] INFO  pipeline.SCMPipelineManager (SCMPipelineManager.java:finalizeAndDestroyPipeline(482)) - Destroying pipeline:Pipeline[ Id: ada21374-47fd-4d92-9ee3-82fe8ddc79af, Nodes: 093cbee5-fb37-48c5-a334-037ab050c5a4{ip: 172.17.0.2, host: 6dba130846a4, networkLocation: /default-rack, certSerialId: null, persistedOpState: IN_SERVICE, persistedOpStateExpiryEpochSec: 0}917eb864-1739-4fd5-ac14-ff1ecb8c1d24{ip: 172.17.0.2, host: 6dba130846a4, networkLocation: /default-rack, certSerialId: null, persistedOpState: IN_SERVICE, persistedOpStateExpiryEpochSec: 0}d5d7cc10-80c6-421e-a2cb-6e4e9e0bf9f8{ip: 172.17.0.2, host: 6dba130846a4, networkLocation: /default-rack, certSerialId: null, persistedOpState: IN_SERVICE, persistedOpStateExpiryEpochSec: 0}, Type:RATIS, Factor:THREE, State:CLOSED, leaderId:093cbee5-fb37-48c5-a334-037ab050c5a4, CreationTimestamp2021-01-29T15:26:09.180Z]
2021-01-29 15:26:34,659 [d5d7cc10-80c6-421e-a2cb-6e4e9e0bf9f8@group-82FE8DDC79AF-SegmentedRaftLogWorker] ERROR ratis.XceiverServerRatis (XceiverServerRatis.java:triggerPipelineClose(686)) - pipeline Action CLOSE on pipeline PipelineID=ada21374-47fd-4d92-9ee3-82fe8ddc79af.Reason : Log already failed at index 66 for task WriteLog:66: (t:1, i:66), STATEMACHINELOGENTRY, cmdType: WriteChunk traceID: "" containerID: 15 datanodeUuid: "093cbee5-fb37-48c5-a334-037ab050c5a4" pipelineID: "ada21374-47fd-4d92-9ee3-82fe8ddc79af" writeChunk { blockID { containerID: 15 localID: 105639706255622166 blockCommitSequenceId: 0 } chunkData { chunkName: "105639706255622166_chunk_1" offset: 0 len: 1048576 checksumData { type: NONE bytesPerChecksum: 1048576 } } }, container path=nonexistent
2021-01-29 15:26:34,662 [EventQueue-PipelineActionsForPipelineActionHandler] INFO  pipeline.PipelineActionHandler (PipelineActionHandler.java:processPipelineAction(77)) - Received pipeline action CLOSE for PipelineID=ada21374-47fd-4d92-9ee3-82fe8ddc79af from datanode d5d7cc10-80c6-421e-a2cb-6e4e9e0bf9f8. Reason : Log already failed at index 66 for task WriteLog:66: (t:1, i:66), STATEMACHINELOGENTRY, cmdType: WriteChunk traceID: "" containerID: 15 datanodeUuid: "093cbee5-fb37-48c5-a334-037ab050c5a4" pipelineID: "ada21374-47fd-4d92-9ee3-82fe8ddc79af" writeChunk { blockID { containerID: 15 localID: 105639706255622166 blockCommitSequenceId: 0 } chunkData { chunkName: "105639706255622166_chunk_1" offset: 0 len: 1048576 checksumData { type: NONE bytesPerChecksum: 1048576 } } }, container path=nonexistent
2021-01-29 15:26:34,662 [EventQueue-PipelineActionsForPipelineActionHandler] INFO  pipeline.SCMPipelineManager (SCMPipelineManager.java:finalizeAndDestroyPipeline(482)) - Destroying pipeline:Pipeline[ Id: ada21374-47fd-4d92-9ee3-82fe8ddc79af, Nodes: 093cbee5-fb37-48c5-a334-037ab050c5a4{ip: 172.17.0.2, host: 6dba130846a4, networkLocation: /default-rack, certSerialId: null, persistedOpState: IN_SERVICE, persistedOpStateExpiryEpochSec: 0}917eb864-1739-4fd5-ac14-ff1ecb8c1d24{ip: 172.17.0.2, host: 6dba130846a4, networkLocation: /default-rack, certSerialId: null, persistedOpState: IN_SERVICE, persistedOpStateExpiryEpochSec: 0}d5d7cc10-80c6-421e-a2cb-6e4e9e0bf9f8{ip: 172.17.0.2, host: 6dba130846a4, networkLocation: /default-rack, certSerialId: null, persistedOpState: IN_SERVICE, persistedOpStateExpiryEpochSec: 0}, Type:RATIS, Factor:THREE, State:CLOSED, leaderId:093cbee5-fb37-48c5-a334-037ab050c5a4, CreationTimestamp2021-01-29T15:26:09.180Z]
2021-01-29 15:26:34,665 [d5d7cc10-80c6-421e-a2cb-6e4e9e0bf9f8@group-82FE8DDC79AF-SegmentedRaftLogWorker] ERROR ratis.XceiverServerRatis (XceiverServerRatis.java:triggerPipelineClose(686)) - pipeline Action CLOSE on pipeline PipelineID=ada21374-47fd-4d92-9ee3-82fe8ddc79af.Reason : Log already failed at index 66 for task WriteLog:66: (t:1, i:66), STATEMACHINELOGENTRY, cmdType: WriteChunk traceID: "" containerID: 15 datanodeUuid: "093cbee5-fb37-48c5-a334-037ab050c5a4" pipelineID: "ada21374-47fd-4d92-9ee3-82fe8ddc79af" writeChunk { blockID { containerID: 15 localID: 105639706255622166 blockCommitSequenceId: 0 } chunkData { chunkName: "105639706255622166_chunk_1" offset: 0 len: 1048576 checksumData { type: NONE bytesPerChecksum: 1048576 } } }, container path=nonexistent
2021-01-29 15:26:34,667 [EventQueue-PipelineActionsForPipelineActionHandler] INFO  pipeline.PipelineActionHandler (PipelineActionHandler.java:processPipelineAction(77)) - Received pipeline action CLOSE for PipelineID=ada21374-47fd-4d92-9ee3-82fe8ddc79af from datanode d5d7cc10-80c6-421e-a2cb-6e4e9e0bf9f8. Reason : Log already failed at index 66 for task WriteLog:66: (t:1, i:66), STATEMACHINELOGENTRY, cmdType: WriteChunk traceID: "" containerID: 15 datanodeUuid: "093cbee5-fb37-48c5-a334-037ab050c5a4" pipelineID: "ada21374-47fd-4d92-9ee3-82fe8ddc79af" writeChunk { blockID { containerID: 15 localID: 105639706255622166 blockCommitSequenceId: 0 } chunkData { chunkName: "105639706255622166_chunk_1" offset: 0 len: 1048576 checksumData { type: NONE bytesPerChecksum: 1048576 } } }, container path=nonexistent
2021-01-29 15:26:34,667 [EventQueue-PipelineActionsForPipelineActionHandler] INFO  pipeline.SCMPipelineManager (SCMPipelineManager.java:finalizeAndDestroyPipeline(482)) - Destroying pipeline:Pipeline[ Id: ada21374-47fd-4d92-9ee3-82fe8ddc79af, Nodes: 093cbee5-fb37-48c5-a334-037ab050c5a4{ip: 172.17.0.2, host: 6dba130846a4, networkLocation: /default-rack, certSerialId: null, persistedOpState: IN_SERVICE, persistedOpStateExpiryEpochSec: 0}917eb864-1739-4fd5-ac14-ff1ecb8c1d24{ip: 172.17.0.2, host: 6dba130846a4, networkLocation: /default-rack, certSerialId: null, persistedOpState: IN_SERVICE, persistedOpStateExpiryEpochSec: 0}d5d7cc10-80c6-421e-a2cb-6e4e9e0bf9f8{ip: 172.17.0.2, host: 6dba130846a4, networkLocation: /default-rack, certSerialId: null, persistedOpState: IN_SERVICE, persistedOpStateExpiryEpochSec: 0}, Type:RATIS, Factor:THREE, State:CLOSED, leaderId:093cbee5-fb37-48c5-a334-037ab050c5a4, CreationTimestamp2021-01-29T15:26:09.180Z]
2021-01-29 15:26:34,669 [d5d7cc10-80c6-421e-a2cb-6e4e9e0bf9f8@group-82FE8DDC79AF-SegmentedRaftLogWorker] ERROR ratis.XceiverServerRatis (XceiverServerRatis.java:triggerPipelineClose(686)) - pipeline Action CLOSE on pipeline PipelineID=ada21374-47fd-4d92-9ee3-82fe8ddc79af.Reason : Log already failed at index 66 for task WriteLog:66: (t:1, i:66), STATEMACHINELOGENTRY, cmdType: WriteChunk traceID: "" containerID: 15 datanodeUuid: "093cbee5-fb37-48c5-a334-037ab050c5a4" pipelineID: "ada21374-47fd-4d92-9ee3-82fe8ddc79af" writeChunk { blockID { containerID: 15 localID: 105639706255622166 blockCommitSequenceId: 0 } chunkData { chunkName: "105639706255622166_chunk_1" offset: 0 len: 1048576 checksumData { type: NONE bytesPerChecksum: 1048576 } } }, container path=nonexistent
2021-01-29 15:26:34,670 [EventQueue-PipelineActionsForPipelineActionHandler] INFO  pipeline.PipelineActionHandler (PipelineActionHandler.java:processPipelineAction(77)) - Received pipeline action CLOSE for PipelineID=ada21374-47fd-4d92-9ee3-82fe8ddc79af from datanode d5d7cc10-80c6-421e-a2cb-6e4e9e0bf9f8. Reason : Log already failed at index 66 for task WriteLog:66: (t:1, i:66), STATEMACHINELOGENTRY, cmdType: WriteChunk traceID: "" containerID: 15 datanodeUuid: "093cbee5-fb37-48c5-a334-037ab050c5a4" pipelineID: "ada21374-47fd-4d92-9ee3-82fe8ddc79af" writeChunk { blockID { containerID: 15 localID: 105639706255622166 blockCommitSequenceId: 0 } chunkData { chunkName: "105639706255622166_chunk_1" offset: 0 len: 1048576 checksumData { type: NONE bytesPerChecksum: 1048576 } } }, container path=nonexistent
2021-01-29 15:26:34,670 [EventQueue-PipelineActionsForPipelineActionHandler] INFO  pipeline.SCMPipelineManager (SCMPipelineManager.java:finalizeAndDestroyPipeline(482)) - Destroying pipeline:Pipeline[ Id: ada21374-47fd-4d92-9ee3-82fe8ddc79af, Nodes: 093cbee5-fb37-48c5-a334-037ab050c5a4{ip: 172.17.0.2, host: 6dba130846a4, networkLocation: /default-rack, certSerialId: null, persistedOpState: IN_SERVICE, persistedOpStateExpiryEpochSec: 0}917eb864-1739-4fd5-ac14-ff1ecb8c1d24{ip: 172.17.0.2, host: 6dba130846a4, networkLocation: /default-rack, certSerialId: null, persistedOpState: IN_SERVICE, persistedOpStateExpiryEpochSec: 0}d5d7cc10-80c6-421e-a2cb-6e4e9e0bf9f8{ip: 172.17.0.2, host: 6dba130846a4, networkLocation: /default-rack, certSerialId: null, persistedOpState: IN_SERVICE, persistedOpStateExpiryEpochSec: 0}, Type:RATIS, Factor:THREE, State:CLOSED, leaderId:093cbee5-fb37-48c5-a334-037ab050c5a4, CreationTimestamp2021-01-29T15:26:09.180Z]
2021-01-29 15:26:34,673 [EventQueue-PipelineActionsForPipelineActionHandler] INFO  pipeline.PipelineActionHandler (PipelineActionHandler.java:processPipelineAction(77)) - Received pipeline action CLOSE for PipelineID=ada21374-47fd-4d92-9ee3-82fe8ddc79af from datanode 917eb864-1739-4fd5-ac14-ff1ecb8c1d24. Reason : Log already failed at index 66 for task WriteLog:66: (t:1, i:66), STATEMACHINELOGENTRY, cmdType: WriteChunk traceID: "" containerID: 15 datanodeUuid: "093cbee5-fb37-48c5-a334-037ab050c5a4" pipelineID: "ada21374-47fd-4d92-9ee3-82fe8ddc79af" writeChunk { blockID { containerID: 15 localID: 105639706255622166 blockCommitSequenceId: 0 } chunkData { chunkName: "105639706255622166_chunk_1" offset: 0 len: 1048576 checksumData { type: NONE bytesPerChecksum: 1048576 } } }, container path=nonexistent
2021-01-29 15:26:34,673 [EventQueue-PipelineActionsForPipelineActionHandler] INFO  pipeline.SCMPipelineManager (SCMPipelineManager.java:finalizeAndDestroyPipeline(482)) - Destroying pipeline:Pipeline[ Id: ada21374-47fd-4d92-9ee3-82fe8ddc79af, Nodes: 093cbee5-fb37-48c5-a334-037ab050c5a4{ip: 172.17.0.2, host: 6dba130846a4, networkLocation: /default-rack, certSerialId: null, persistedOpState: IN_SERVICE, persistedOpStateExpiryEpochSec: 0}917eb864-1739-4fd5-ac14-ff1ecb8c1d24{ip: 172.17.0.2, host: 6dba130846a4, networkLocation: /default-rack, certSerialId: null, persistedOpState: IN_SERVICE, persistedOpStateExpiryEpochSec: 0}d5d7cc10-80c6-421e-a2cb-6e4e9e0bf9f8{ip: 172.17.0.2, host: 6dba130846a4, networkLocation: /default-rack, certSerialId: null, persistedOpState: IN_SERVICE, persistedOpStateExpiryEpochSec: 0}, Type:RATIS, Factor:THREE, State:CLOSED, leaderId:093cbee5-fb37-48c5-a334-037ab050c5a4, CreationTimestamp2021-01-29T15:26:09.180Z]
2021-01-29 15:26:34,673 [917eb864-1739-4fd5-ac14-ff1ecb8c1d24@group-82FE8DDC79AF-SegmentedRaftLogWorker] ERROR ratis.XceiverServerRatis (XceiverServerRatis.java:triggerPipelineClose(686)) - pipeline Action CLOSE on pipeline PipelineID=ada21374-47fd-4d92-9ee3-82fe8ddc79af.Reason : Log already failed at index 66 for task WriteLog:66: (t:1, i:66), STATEMACHINELOGENTRY, cmdType: WriteChunk traceID: "" containerID: 15 datanodeUuid: "093cbee5-fb37-48c5-a334-037ab050c5a4" pipelineID: "ada21374-47fd-4d92-9ee3-82fe8ddc79af" writeChunk { blockID { containerID: 15 localID: 105639706255622166 blockCommitSequenceId: 0 } chunkData { chunkName: "105639706255622166_chunk_1" offset: 0 len: 1048576 checksumData { type: NONE bytesPerChecksum: 1048576 } } }, container path=nonexistent
2021-01-29 15:26:34,675 [917eb864-1739-4fd5-ac14-ff1ecb8c1d24@group-82FE8DDC79AF-SegmentedRaftLogWorker] ERROR ratis.XceiverServerRatis (XceiverServerRatis.java:triggerPipelineClose(686)) - pipeline Action CLOSE on pipeline PipelineID=ada21374-47fd-4d92-9ee3-82fe8ddc79af.Reason : Log already failed at index 66 for task WriteLog:66: (t:1, i:66), STATEMACHINELOGENTRY, cmdType: WriteChunk traceID: "" containerID: 15 datanodeUuid: "093cbee5-fb37-48c5-a334-037ab050c5a4" pipelineID: "ada21374-47fd-4d92-9ee3-82fe8ddc79af" writeChunk { blockID { containerID: 15 localID: 105639706255622166 blockCommitSequenceId: 0 } chunkData { chunkName: "105639706255622166_chunk_1" offset: 0 len: 1048576 checksumData { type: NONE bytesPerChecksum: 1048576 } } }, container path=nonexistent
2021-01-29 15:26:34,675 [EventQueue-PipelineActionsForPipelineActionHandler] INFO  pipeline.PipelineActionHandler (PipelineActionHandler.java:processPipelineAction(77)) - Received pipeline action CLOSE for PipelineID=ada21374-47fd-4d92-9ee3-82fe8ddc79af from datanode 917eb864-1739-4fd5-ac14-ff1ecb8c1d24. Reason : Log already failed at index 66 for task WriteLog:66: (t:1, i:66), STATEMACHINELOGENTRY, cmdType: WriteChunk traceID: "" containerID: 15 datanodeUuid: "093cbee5-fb37-48c5-a334-037ab050c5a4" pipelineID: "ada21374-47fd-4d92-9ee3-82fe8ddc79af" writeChunk { blockID { containerID: 15 localID: 105639706255622166 blockCommitSequenceId: 0 } chunkData { chunkName: "105639706255622166_chunk_1" offset: 0 len: 1048576 checksumData { type: NONE bytesPerChecksum: 1048576 } } }, container path=nonexistent
2021-01-29 15:26:34,675 [EventQueue-PipelineActionsForPipelineActionHandler] INFO  pipeline.SCMPipelineManager (SCMPipelineManager.java:finalizeAndDestroyPipeline(482)) - Destroying pipeline:Pipeline[ Id: ada21374-47fd-4d92-9ee3-82fe8ddc79af, Nodes: 093cbee5-fb37-48c5-a334-037ab050c5a4{ip: 172.17.0.2, host: 6dba130846a4, networkLocation: /default-rack, certSerialId: null, persistedOpState: IN_SERVICE, persistedOpStateExpiryEpochSec: 0}917eb864-1739-4fd5-ac14-ff1ecb8c1d24{ip: 172.17.0.2, host: 6dba130846a4, networkLocation: /default-rack, certSerialId: null, persistedOpState: IN_SERVICE, persistedOpStateExpiryEpochSec: 0}d5d7cc10-80c6-421e-a2cb-6e4e9e0bf9f8{ip: 172.17.0.2, host: 6dba130846a4, networkLocation: /default-rack, certSerialId: null, persistedOpState: IN_SERVICE, persistedOpStateExpiryEpochSec: 0}, Type:RATIS, Factor:THREE, State:CLOSED, leaderId:093cbee5-fb37-48c5-a334-037ab050c5a4, CreationTimestamp2021-01-29T15:26:09.180Z]
2021-01-29 15:26:34,678 [917eb864-1739-4fd5-ac14-ff1ecb8c1d24@group-82FE8DDC79AF-SegmentedRaftLogWorker] ERROR ratis.XceiverServerRatis (XceiverServerRatis.java:triggerPipelineClose(686)) - pipeline Action CLOSE on pipeline PipelineID=ada21374-47fd-4d92-9ee3-82fe8ddc79af.Reason : Log already failed at index 66 for task WriteLog:66: (t:1, i:66), STATEMACHINELOGENTRY, cmdType: WriteChunk traceID: "" containerID: 15 datanodeUuid: "093cbee5-fb37-48c5-a334-037ab050c5a4" pipelineID: "ada21374-47fd-4d92-9ee3-82fe8ddc79af" writeChunk { blockID { containerID: 15 localID: 105639706255622166 blockCommitSequenceId: 0 } chunkData { chunkName: "105639706255622166_chunk_1" offset: 0 len: 1048576 checksumData { type: NONE bytesPerChecksum: 1048576 } } }, container path=nonexistent
2021-01-29 15:26:34,679 [EventQueue-PipelineActionsForPipelineActionHandler] INFO  pipeline.PipelineActionHandler (PipelineActionHandler.java:processPipelineAction(77)) - Received pipeline action CLOSE for PipelineID=ada21374-47fd-4d92-9ee3-82fe8ddc79af from datanode 917eb864-1739-4fd5-ac14-ff1ecb8c1d24. Reason : Log already failed at index 66 for task WriteLog:66: (t:1, i:66), STATEMACHINELOGENTRY, cmdType: WriteChunk traceID: "" containerID: 15 datanodeUuid: "093cbee5-fb37-48c5-a334-037ab050c5a4" pipelineID: "ada21374-47fd-4d92-9ee3-82fe8ddc79af" writeChunk { blockID { containerID: 15 localID: 105639706255622166 blockCommitSequenceId: 0 } chunkData { chunkName: "105639706255622166_chunk_1" offset: 0 len: 1048576 checksumData { type: NONE bytesPerChecksum: 1048576 } } }, container path=nonexistent
2021-01-29 15:26:34,679 [EventQueue-PipelineActionsForPipelineActionHandler] INFO  pipeline.SCMPipelineManager (SCMPipelineManager.java:finalizeAndDestroyPipeline(482)) - Destroying pipeline:Pipeline[ Id: ada21374-47fd-4d92-9ee3-82fe8ddc79af, Nodes: 093cbee5-fb37-48c5-a334-037ab050c5a4{ip: 172.17.0.2, host: 6dba130846a4, networkLocation: /default-rack, certSerialId: null, persistedOpState: IN_SERVICE, persistedOpStateExpiryEpochSec: 0}917eb864-1739-4fd5-ac14-ff1ecb8c1d24{ip: 172.17.0.2, host: 6dba130846a4, networkLocation: /default-rack, certSerialId: null, persistedOpState: IN_SERVICE, persistedOpStateExpiryEpochSec: 0}d5d7cc10-80c6-421e-a2cb-6e4e9e0bf9f8{ip: 172.17.0.2, host: 6dba130846a4, networkLocation: /default-rack, certSerialId: null, persistedOpState: IN_SERVICE, persistedOpStateExpiryEpochSec: 0}, Type:RATIS, Factor:THREE, State:CLOSED, leaderId:093cbee5-fb37-48c5-a334-037ab050c5a4, CreationTimestamp2021-01-29T15:26:09.180Z]
2021-01-29 15:26:35,332 [Command processor thread] ERROR statemachine.DatanodeStateMachine (DatanodeStateMachine.java:lambda$getCommandHandlerThread$3(526)) - Critical Error : Command processor thread encountered an error. Thread: Thread[Command processor thread,5,main]
org.yaml.snakeyaml.error.YAMLException: java.io.IOException: No space left on device
	at org.yaml.snakeyaml.Yaml.dumpAll(Yaml.java:280)
	at org.yaml.snakeyaml.Yaml.dump(Yaml.java:256)
	at org.apache.hadoop.ozone.container.common.impl.ContainerDataYaml.createContainerFile(ContainerDataYaml.java:96)
	at org.apache.hadoop.ozone.container.keyvalue.KeyValueContainer.writeToContainerFile(KeyValueContainer.java:214)
	at org.apache.hadoop.ozone.container.keyvalue.KeyValueContainer.updateContainerFile(KeyValueContainer.java:248)
	at org.apache.hadoop.ozone.container.keyvalue.KeyValueContainer.updateContainerData(KeyValueContainer.java:358)
	at org.apache.hadoop.ozone.container.keyvalue.KeyValueContainer.markContainerForClose(KeyValueContainer.java:278)
	at org.apache.hadoop.ozone.container.keyvalue.KeyValueHandler.markContainerForClose(KeyValueHandler.java:947)
	at org.apache.hadoop.ozone.container.ozoneimpl.ContainerController.markContainerForClose(ContainerController.java:84)
	at org.apache.hadoop.ozone.container.common.statemachine.commandhandler.CloseContainerCommandHandler.handle(CloseContainerCommandHandler.java:91)
	at org.apache.hadoop.ozone.container.common.statemachine.commandhandler.CommandDispatcher.handle(CommandDispatcher.java:99)
	at org.apache.hadoop.ozone.container.common.statemachine.DatanodeStateMachine.lambda$initCommandHandlerThread$2(DatanodeStateMachine.java:498)
	at java.lang.Thread.run(Thread.java:748)
Caused by: java.io.IOException: No space left on device
	at java.io.FileOutputStream.writeBytes(Native Method)
	at java.io.FileOutputStream.write(FileOutputStream.java:326)
	at sun.nio.cs.StreamEncoder.writeBytes(StreamEncoder.java:221)
	at sun.nio.cs.StreamEncoder.implFlushBuffer(StreamEncoder.java:291)
	at sun.nio.cs.StreamEncoder.implFlush(StreamEncoder.java:295)
	at sun.nio.cs.StreamEncoder.flush(StreamEncoder.java:141)
	at java.io.OutputStreamWriter.flush(OutputStreamWriter.java:229)
	at org.yaml.snakeyaml.emitter.Emitter.flushStream(Emitter.java:1078)
	at org.yaml.snakeyaml.emitter.Emitter$ExpectDocumentEnd.expect(Emitter.java:368)
	at org.yaml.snakeyaml.emitter.Emitter.emit(Emitter.java:220)
	at org.yaml.snakeyaml.serializer.Serializer.serialize(Serializer.java:115)
	at org.yaml.snakeyaml.Yaml.dumpAll(Yaml.java:276)
	... 12 more
2021-01-29 15:26:35,336 [Command processor thread] ERROR statemachine.DatanodeStateMachine (DatanodeStateMachine.java:lambda$getCommandHandlerThread$3(526)) - Critical Error : Command processor thread encountered an error. Thread: Thread[Command processor thread,5,main]
org.yaml.snakeyaml.error.YAMLException: java.io.IOException: No space left on device
	at org.yaml.snakeyaml.Yaml.dumpAll(Yaml.java:280)
	at org.yaml.snakeyaml.Yaml.dump(Yaml.java:256)
	at org.apache.hadoop.ozone.container.common.impl.ContainerDataYaml.createContainerFile(ContainerDataYaml.java:96)
	at org.apache.hadoop.ozone.container.keyvalue.KeyValueContainer.writeToContainerFile(KeyValueContainer.java:214)
	at org.apache.hadoop.ozone.container.keyvalue.KeyValueContainer.updateContainerFile(KeyValueContainer.java:248)
	at org.apache.hadoop.ozone.container.keyvalue.KeyValueContainer.updateContainerData(KeyValueContainer.java:358)
	at org.apache.hadoop.ozone.container.keyvalue.KeyValueContainer.markContainerForClose(KeyValueContainer.java:278)
	at org.apache.hadoop.ozone.container.keyvalue.KeyValueHandler.markContainerForClose(KeyValueHandler.java:947)
	at org.apache.hadoop.ozone.container.ozoneimpl.ContainerController.markContainerForClose(ContainerController.java:84)
	at org.apache.hadoop.ozone.container.common.statemachine.commandhandler.CloseContainerCommandHandler.handle(CloseContainerCommandHandler.java:91)
	at org.apache.hadoop.ozone.container.common.statemachine.commandhandler.CommandDispatcher.handle(CommandDispatcher.java:99)
	at org.apache.hadoop.ozone.container.common.statemachine.DatanodeStateMachine.lambda$initCommandHandlerThread$2(DatanodeStateMachine.java:498)
	at java.lang.Thread.run(Thread.java:748)
Caused by: java.io.IOException: No space left on device
	at java.io.FileOutputStream.writeBytes(Native Method)
	at java.io.FileOutputStream.write(FileOutputStream.java:326)
	at sun.nio.cs.StreamEncoder.writeBytes(StreamEncoder.java:221)
	at sun.nio.cs.StreamEncoder.implFlushBuffer(StreamEncoder.java:291)
	at sun.nio.cs.StreamEncoder.implFlush(StreamEncoder.java:295)
	at sun.nio.cs.StreamEncoder.flush(StreamEncoder.java:141)
	at java.io.OutputStreamWriter.flush(OutputStreamWriter.java:229)
	at org.yaml.snakeyaml.emitter.Emitter.flushStream(Emitter.java:1078)
	at org.yaml.snakeyaml.emitter.Emitter$ExpectDocumentEnd.expect(Emitter.java:368)
	at org.yaml.snakeyaml.emitter.Emitter.emit(Emitter.java:220)
	at org.yaml.snakeyaml.serializer.Serializer.serialize(Serializer.java:115)
	at org.yaml.snakeyaml.Yaml.dumpAll(Yaml.java:276)
	... 12 more
2021-01-29 15:26:35,345 [Command processor thread] ERROR statemachine.DatanodeStateMachine (DatanodeStateMachine.java:lambda$getCommandHandlerThread$3(526)) - Critical Error : Command processor thread encountered an error. Thread: Thread[Command processor thread,5,main]
org.yaml.snakeyaml.error.YAMLException: java.io.IOException: No space left on device
	at org.yaml.snakeyaml.Yaml.dumpAll(Yaml.java:280)
	at org.yaml.snakeyaml.Yaml.dump(Yaml.java:256)
	at org.apache.hadoop.ozone.container.common.impl.ContainerDataYaml.createContainerFile(ContainerDataYaml.java:96)
	at org.apache.hadoop.ozone.container.keyvalue.KeyValueContainer.writeToContainerFile(KeyValueContainer.java:214)
	at org.apache.hadoop.ozone.container.keyvalue.KeyValueContainer.updateContainerFile(KeyValueContainer.java:248)
	at org.apache.hadoop.ozone.container.keyvalue.KeyValueContainer.updateContainerData(KeyValueContainer.java:358)
	at org.apache.hadoop.ozone.container.keyvalue.KeyValueContainer.markContainerForClose(KeyValueContainer.java:278)
	at org.apache.hadoop.ozone.container.keyvalue.KeyValueHandler.markContainerForClose(KeyValueHandler.java:947)
	at org.apache.hadoop.ozone.container.ozoneimpl.ContainerController.markContainerForClose(ContainerController.java:84)
	at org.apache.hadoop.ozone.container.common.statemachine.commandhandler.CloseContainerCommandHandler.handle(CloseContainerCommandHandler.java:91)
	at org.apache.hadoop.ozone.container.common.statemachine.commandhandler.CommandDispatcher.handle(CommandDispatcher.java:99)
	at org.apache.hadoop.ozone.container.common.statemachine.DatanodeStateMachine.lambda$initCommandHandlerThread$2(DatanodeStateMachine.java:498)
	at java.lang.Thread.run(Thread.java:748)
Caused by: java.io.IOException: No space left on device
	at java.io.FileOutputStream.writeBytes(Native Method)
	at java.io.FileOutputStream.write(FileOutputStream.java:326)
	at sun.nio.cs.StreamEncoder.writeBytes(StreamEncoder.java:221)
	at sun.nio.cs.StreamEncoder.implFlushBuffer(StreamEncoder.java:291)
	at sun.nio.cs.StreamEncoder.implFlush(StreamEncoder.java:295)
	at sun.nio.cs.StreamEncoder.flush(StreamEncoder.java:141)
	at java.io.OutputStreamWriter.flush(OutputStreamWriter.java:229)
	at org.yaml.snakeyaml.emitter.Emitter.flushStream(Emitter.java:1078)
	at org.yaml.snakeyaml.emitter.Emitter$ExpectDocumentEnd.expect(Emitter.java:368)
	at org.yaml.snakeyaml.emitter.Emitter.emit(Emitter.java:220)
	at org.yaml.snakeyaml.serializer.Serializer.serialize(Serializer.java:115)
	at org.yaml.snakeyaml.Yaml.dumpAll(Yaml.java:276)
	... 12 more
2021-01-29 15:26:35,345 [Command processor thread] ERROR statemachine.DatanodeStateMachine (DatanodeStateMachine.java:lambda$getCommandHandlerThread$3(526)) - Critical Error : Command processor thread encountered an error. Thread: Thread[Command processor thread,5,main]
org.yaml.snakeyaml.error.YAMLException: java.io.IOException: No space left on device
	at org.yaml.snakeyaml.Yaml.dumpAll(Yaml.java:280)
	at org.yaml.snakeyaml.Yaml.dump(Yaml.java:256)
	at org.apache.hadoop.ozone.container.common.impl.ContainerDataYaml.createContainerFile(ContainerDataYaml.java:96)
	at org.apache.hadoop.ozone.container.keyvalue.KeyValueContainer.writeToContainerFile(KeyValueContainer.java:214)
	at org.apache.hadoop.ozone.container.keyvalue.KeyValueContainer.updateContainerFile(KeyValueContainer.java:248)
	at org.apache.hadoop.ozone.container.keyvalue.KeyValueContainer.updateContainerData(KeyValueContainer.java:358)
	at org.apache.hadoop.ozone.container.keyvalue.KeyValueContainer.markContainerForClose(KeyValueContainer.java:278)
	at org.apache.hadoop.ozone.container.keyvalue.KeyValueHandler.markContainerForClose(KeyValueHandler.java:947)
	at org.apache.hadoop.ozone.container.ozoneimpl.ContainerController.markContainerForClose(ContainerController.java:84)
	at org.apache.hadoop.ozone.container.common.statemachine.commandhandler.CloseContainerCommandHandler.handle(CloseContainerCommandHandler.java:91)
	at org.apache.hadoop.ozone.container.common.statemachine.commandhandler.CommandDispatcher.handle(CommandDispatcher.java:99)
	at org.apache.hadoop.ozone.container.common.statemachine.DatanodeStateMachine.lambda$initCommandHandlerThread$2(DatanodeStateMachine.java:498)
	at java.lang.Thread.run(Thread.java:748)
Caused by: java.io.IOException: No space left on device
	at java.io.FileOutputStream.writeBytes(Native Method)
	at java.io.FileOutputStream.write(FileOutputStream.java:326)
	at sun.nio.cs.StreamEncoder.writeBytes(StreamEncoder.java:221)
	at sun.nio.cs.StreamEncoder.implFlushBuffer(StreamEncoder.java:291)
	at sun.nio.cs.StreamEncoder.implFlush(StreamEncoder.java:295)
	at sun.nio.cs.StreamEncoder.flush(StreamEncoder.java:141)
	at java.io.OutputStreamWriter.flush(OutputStreamWriter.java:229)
	at org.yaml.snakeyaml.emitter.Emitter.flushStream(Emitter.java:1078)
	at org.yaml.snakeyaml.emitter.Emitter$ExpectDocumentEnd.expect(Emitter.java:368)
	at org.yaml.snakeyaml.emitter.Emitter.emit(Emitter.java:220)
	at org.yaml.snakeyaml.serializer.Serializer.serialize(Serializer.java:115)
	at org.yaml.snakeyaml.Yaml.dumpAll(Yaml.java:276)
	... 12 more
2021-01-29 15:26:35,348 [Command processor thread] ERROR commandhandler.CloseContainerCommandHandler (CloseContainerCommandHandler.java:handle(85)) - Container #15 does not exist in datanode. Container close failed.
2021-01-29 15:26:35,349 [Command processor thread] ERROR statemachine.DatanodeStateMachine (DatanodeStateMachine.java:lambda$getCommandHandlerThread$3(526)) - Critical Error : Command processor thread encountered an error. Thread: Thread[Command processor thread,5,main]
org.yaml.snakeyaml.error.YAMLException: java.io.IOException: No space left on device
	at org.yaml.snakeyaml.Yaml.dumpAll(Yaml.java:280)
	at org.yaml.snakeyaml.Yaml.dump(Yaml.java:256)
	at org.apache.hadoop.ozone.container.common.impl.ContainerDataYaml.createContainerFile(ContainerDataYaml.java:96)
	at org.apache.hadoop.ozone.container.keyvalue.KeyValueContainer.writeToContainerFile(KeyValueContainer.java:214)
	at org.apache.hadoop.ozone.container.keyvalue.KeyValueContainer.updateContainerFile(KeyValueContainer.java:248)
	at org.apache.hadoop.ozone.container.keyvalue.KeyValueContainer.updateContainerData(KeyValueContainer.java:358)
	at org.apache.hadoop.ozone.container.keyvalue.KeyValueContainer.markContainerForClose(KeyValueContainer.java:278)
	at org.apache.hadoop.ozone.container.keyvalue.KeyValueHandler.markContainerForClose(KeyValueHandler.java:947)
	at org.apache.hadoop.ozone.container.ozoneimpl.ContainerController.markContainerForClose(ContainerController.java:84)
	at org.apache.hadoop.ozone.container.common.statemachine.commandhandler.CloseContainerCommandHandler.handle(CloseContainerCommandHandler.java:91)
	at org.apache.hadoop.ozone.container.common.statemachine.commandhandler.CommandDispatcher.handle(CommandDispatcher.java:99)
	at org.apache.hadoop.ozone.container.common.statemachine.DatanodeStateMachine.lambda$initCommandHandlerThread$2(DatanodeStateMachine.java:498)
	at java.lang.Thread.run(Thread.java:748)
Caused by: java.io.IOException: No space left on device
	at java.io.FileOutputStream.writeBytes(Native Method)
	at java.io.FileOutputStream.write(FileOutputStream.java:326)
	at sun.nio.cs.StreamEncoder.writeBytes(StreamEncoder.java:221)
	at sun.nio.cs.StreamEncoder.implFlushBuffer(StreamEncoder.java:291)
	at sun.nio.cs.StreamEncoder.implFlush(StreamEncoder.java:295)
	at sun.nio.cs.StreamEncoder.flush(StreamEncoder.java:141)
	at java.io.OutputStreamWriter.flush(OutputStreamWriter.java:229)
	at org.yaml.snakeyaml.emitter.Emitter.flushStream(Emitter.java:1078)
	at org.yaml.snakeyaml.emitter.Emitter$ExpectDocumentEnd.expect(Emitter.java:368)
	at org.yaml.snakeyaml.emitter.Emitter.emit(Emitter.java:220)
	at org.yaml.snakeyaml.serializer.Serializer.serialize(Serializer.java:115)
	at org.yaml.snakeyaml.Yaml.dumpAll(Yaml.java:276)
	... 12 more
2021-01-29 15:26:35,351 [Command processor thread] ERROR statemachine.DatanodeStateMachine (DatanodeStateMachine.java:lambda$getCommandHandlerThread$3(526)) - Critical Error : Command processor thread encountered an error. Thread: Thread[Command processor thread,5,main]
org.yaml.snakeyaml.error.YAMLException: java.io.IOException: No space left on device
	at org.yaml.snakeyaml.Yaml.dumpAll(Yaml.java:280)
	at org.yaml.snakeyaml.Yaml.dump(Yaml.java:256)
	at org.apache.hadoop.ozone.container.common.impl.ContainerDataYaml.createContainerFile(ContainerDataYaml.java:96)
	at org.apache.hadoop.ozone.container.keyvalue.KeyValueContainer.writeToContainerFile(KeyValueContainer.java:214)
	at org.apache.hadoop.ozone.container.keyvalue.KeyValueContainer.updateContainerFile(KeyValueContainer.java:248)
	at org.apache.hadoop.ozone.container.keyvalue.KeyValueContainer.updateContainerData(KeyValueContainer.java:358)
	at org.apache.hadoop.ozone.container.keyvalue.KeyValueContainer.markContainerForClose(KeyValueContainer.java:278)
	at org.apache.hadoop.ozone.container.keyvalue.KeyValueHandler.markContainerForClose(KeyValueHandler.java:947)
	at org.apache.hadoop.ozone.container.ozoneimpl.ContainerController.markContainerForClose(ContainerController.java:84)
	at org.apache.hadoop.ozone.container.common.statemachine.commandhandler.CloseContainerCommandHandler.handle(CloseContainerCommandHandler.java:91)
	at org.apache.hadoop.ozone.container.common.statemachine.commandhandler.CommandDispatcher.handle(CommandDispatcher.java:99)
	at org.apache.hadoop.ozone.container.common.statemachine.DatanodeStateMachine.lambda$initCommandHandlerThread$2(DatanodeStateMachine.java:498)
	at java.lang.Thread.run(Thread.java:748)
Caused by: java.io.IOException: No space left on device
	at java.io.FileOutputStream.writeBytes(Native Method)
	at java.io.FileOutputStream.write(FileOutputStream.java:326)
	at sun.nio.cs.StreamEncoder.writeBytes(StreamEncoder.java:221)
	at sun.nio.cs.StreamEncoder.implFlushBuffer(StreamEncoder.java:291)
	at sun.nio.cs.StreamEncoder.implFlush(StreamEncoder.java:295)
	at sun.nio.cs.StreamEncoder.flush(StreamEncoder.java:141)
	at java.io.OutputStreamWriter.flush(OutputStreamWriter.java:229)
	at org.yaml.snakeyaml.emitter.Emitter.flushStream(Emitter.java:1078)
	at org.yaml.snakeyaml.emitter.Emitter$ExpectDocumentEnd.expect(Emitter.java:368)
	at org.yaml.snakeyaml.emitter.Emitter.emit(Emitter.java:220)
	at org.yaml.snakeyaml.serializer.Serializer.serialize(Serializer.java:115)
	at org.yaml.snakeyaml.Yaml.dumpAll(Yaml.java:276)
	... 12 more
2021-01-29 15:26:35,355 [Command processor thread] ERROR commandhandler.CloseContainerCommandHandler (CloseContainerCommandHandler.java:handle(85)) - Container #15 does not exist in datanode. Container close failed.
2021-01-29 15:26:35,360 [Command processor thread] ERROR commandhandler.CloseContainerCommandHandler (CloseContainerCommandHandler.java:handle(85)) - Container #15 does not exist in datanode. Container close failed.
2021-01-29 15:27:37,538 [java.util.concurrent.ThreadPoolExecutor$Worker@ba978ee[State = -1, empty queue]] WARN  grpc.GrpcUtil (GrpcUtil.java:shutdownManagedChannel(216)) - Timed out gracefully shutting down connection: ManagedChannelOrphanWrapper{delegate=ManagedChannelImpl{logId=127, target=172.17.0.2:43895}}. 
2021-01-29 15:27:37,545 [java.util.concurrent.ThreadPoolExecutor$Worker@ba978ee[State = -1, empty queue]] WARN  server.GrpcLogAppender (GrpcLogAppender.java:timeoutAppendRequest(244)) - 093cbee5-fb37-48c5-a334-037ab050c5a4@group-82FE8DDC79AF->917eb864-1739-4fd5-ac14-ff1ecb8c1d24-GrpcLogAppender:  appendEntries Timeout, request=AppendEntriesRequest:cid=1483,entriesCount=1,lastEntry=(t:1, i:66)
2021-01-29 15:27:37,545 [java.util.concurrent.ThreadPoolExecutor$Worker@ba978ee[State = -1, empty queue]] WARN  server.GrpcLogAppender (GrpcLogAppender.java:timeoutAppendRequest(244)) - 093cbee5-fb37-48c5-a334-037ab050c5a4@group-82FE8DDC79AF->d5d7cc10-80c6-421e-a2cb-6e4e9e0bf9f8-GrpcLogAppender:  appendEntries Timeout, request=AppendEntriesRequest:cid=1489,entriesCount=1,lastEntry=(t:1, i:66)
2021-01-29 15:27:37,546 [java.util.concurrent.ThreadPoolExecutor$Worker@ba978ee[State = -1, empty queue]] WARN  server.GrpcLogAppender (GrpcLogAppender.java:timeoutAppendRequest(244)) - 093cbee5-fb37-48c5-a334-037ab050c5a4@group-82FE8DDC79AF->d5d7cc10-80c6-421e-a2cb-6e4e9e0bf9f8-GrpcLogAppender:  appendEntries Timeout, request=AppendEntriesRequest:cid=1490,entriesCount=1,lastEntry=(t:1, i:67)
2021-01-29 15:27:37,546 [java.util.concurrent.ThreadPoolExecutor$Worker@ba978ee[State = -1, empty queue]] WARN  server.GrpcLogAppender (GrpcLogAppender.java:timeoutAppendRequest(244)) - 093cbee5-fb37-48c5-a334-037ab050c5a4@group-82FE8DDC79AF->917eb864-1739-4fd5-ac14-ff1ecb8c1d24-GrpcLogAppender:  appendEntries Timeout, request=AppendEntriesRequest:cid=1484,entriesCount=1,lastEntry=(t:1, i:67)
2021-01-29 15:27:37,546 [java.util.concurrent.ThreadPoolExecutor$Worker@ba978ee[State = -1, empty queue]] WARN  server.GrpcLogAppender (GrpcLogAppender.java:timeoutAppendRequest(244)) - 093cbee5-fb37-48c5-a334-037ab050c5a4@group-82FE8DDC79AF->d5d7cc10-80c6-421e-a2cb-6e4e9e0bf9f8-GrpcLogAppender:  appendEntries Timeout, request=AppendEntriesRequest:cid=1491,entriesCount=1,lastEntry=(t:1, i:68)
2021-01-29 15:27:37,546 [java.util.concurrent.ThreadPoolExecutor$Worker@ba978ee[State = -1, empty queue]] WARN  server.GrpcLogAppender (GrpcLogAppender.java:timeoutAppendRequest(244)) - 093cbee5-fb37-48c5-a334-037ab050c5a4@group-82FE8DDC79AF->917eb864-1739-4fd5-ac14-ff1ecb8c1d24-GrpcLogAppender:  appendEntries Timeout, request=AppendEntriesRequest:cid=1485,entriesCount=1,lastEntry=(t:1, i:68)
2021-01-29 15:27:37,546 [java.util.concurrent.ThreadPoolExecutor$Worker@ba978ee[State = -1, empty queue]] WARN  server.GrpcLogAppender (GrpcLogAppender.java:timeoutAppendRequest(244)) - 093cbee5-fb37-48c5-a334-037ab050c5a4@group-82FE8DDC79AF->917eb864-1739-4fd5-ac14-ff1ecb8c1d24-GrpcLogAppender:  appendEntries Timeout, request=AppendEntriesRequest:cid=1486,entriesCount=1,lastEntry=(t:1, i:69)
2021-01-29 15:27:37,546 [java.util.concurrent.ThreadPoolExecutor$Worker@ba978ee[State = -1, empty queue]] WARN  server.GrpcLogAppender (GrpcLogAppender.java:timeoutAppendRequest(244)) - 093cbee5-fb37-48c5-a334-037ab050c5a4@group-82FE8DDC79AF->d5d7cc10-80c6-421e-a2cb-6e4e9e0bf9f8-GrpcLogAppender:  appendEntries Timeout, request=AppendEntriesRequest:cid=1492,entriesCount=1,lastEntry=(t:1, i:69)
2021-01-29 15:27:40,631 [RatisPipelineUtilsThread] INFO  pipeline.RatisPipelineProvider (RatisPipelineProvider.java:lambda$close$1(199)) - Send pipeline:PipelineID=ada21374-47fd-4d92-9ee3-82fe8ddc79af close command to datanode 093cbee5-fb37-48c5-a334-037ab050c5a4
2021-01-29 15:27:40,631 [RatisPipelineUtilsThread] INFO  pipeline.RatisPipelineProvider (RatisPipelineProvider.java:lambda$close$1(199)) - Send pipeline:PipelineID=ada21374-47fd-4d92-9ee3-82fe8ddc79af close command to datanode 917eb864-1739-4fd5-ac14-ff1ecb8c1d24
2021-01-29 15:27:40,631 [RatisPipelineUtilsThread] INFO  pipeline.RatisPipelineProvider (RatisPipelineProvider.java:lambda$close$1(199)) - Send pipeline:PipelineID=ada21374-47fd-4d92-9ee3-82fe8ddc79af close command to datanode d5d7cc10-80c6-421e-a2cb-6e4e9e0bf9f8
2021-01-29 15:27:40,632 [RatisPipelineUtilsThread] INFO  pipeline.PipelineStateManager (PipelineStateManager.java:removePipeline(106)) - Pipeline Pipeline[ Id: ada21374-47fd-4d92-9ee3-82fe8ddc79af, Nodes: 093cbee5-fb37-48c5-a334-037ab050c5a4{ip: 172.17.0.2, host: 6dba130846a4, networkLocation: /default-rack, certSerialId: null, persistedOpState: IN_SERVICE, persistedOpStateExpiryEpochSec: 0}917eb864-1739-4fd5-ac14-ff1ecb8c1d24{ip: 172.17.0.2, host: 6dba130846a4, networkLocation: /default-rack, certSerialId: null, persistedOpState: IN_SERVICE, persistedOpStateExpiryEpochSec: 0}d5d7cc10-80c6-421e-a2cb-6e4e9e0bf9f8{ip: 172.17.0.2, host: 6dba130846a4, networkLocation: /default-rack, certSerialId: null, persistedOpState: IN_SERVICE, persistedOpStateExpiryEpochSec: 0}, Type:RATIS, Factor:THREE, State:CLOSED, leaderId:093cbee5-fb37-48c5-a334-037ab050c5a4, CreationTimestamp2021-01-29T15:26:09.180Z] removed from db
2021-01-29 15:27:40,632 [RatisPipelineUtilsThread] INFO  pipeline.RatisPipelineProvider (RatisPipelineProvider.java:lambda$close$1(199)) - Send pipeline:PipelineID=ada21374-47fd-4d92-9ee3-82fe8ddc79af close command to datanode 093cbee5-fb37-48c5-a334-037ab050c5a4
2021-01-29 15:27:40,633 [RatisPipelineUtilsThread] INFO  pipeline.RatisPipelineProvider (RatisPipelineProvider.java:lambda$close$1(199)) - Send pipeline:PipelineID=ada21374-47fd-4d92-9ee3-82fe8ddc79af close command to datanode 917eb864-1739-4fd5-ac14-ff1ecb8c1d24
2021-01-29 15:27:40,633 [RatisPipelineUtilsThread] INFO  pipeline.RatisPipelineProvider (RatisPipelineProvider.java:lambda$close$1(199)) - Send pipeline:PipelineID=ada21374-47fd-4d92-9ee3-82fe8ddc79af close command to datanode d5d7cc10-80c6-421e-a2cb-6e4e9e0bf9f8
2021-01-29 15:27:40,633 [RatisPipelineUtilsThread] ERROR pipeline.SCMPipelineManager (Scheduler.java:lambda$schedule$1(72)) - Destroy pipeline failed for pipeline:Pipeline[ Id: ada21374-47fd-4d92-9ee3-82fe8ddc79af, Nodes: 093cbee5-fb37-48c5-a334-037ab050c5a4{ip: 172.17.0.2, host: 6dba130846a4, networkLocation: /default-rack, certSerialId: null, persistedOpState: IN_SERVICE, persistedOpStateExpiryEpochSec: 0}917eb864-1739-4fd5-ac14-ff1ecb8c1d24{ip: 172.17.0.2, host: 6dba130846a4, networkLocation: /default-rack, certSerialId: null, persistedOpState: IN_SERVICE, persistedOpStateExpiryEpochSec: 0}d5d7cc10-80c6-421e-a2cb-6e4e9e0bf9f8{ip: 172.17.0.2, host: 6dba130846a4, networkLocation: /default-rack, certSerialId: null, persistedOpState: IN_SERVICE, persistedOpStateExpiryEpochSec: 0}, Type:RATIS, Factor:THREE, State:CLOSED, leaderId:093cbee5-fb37-48c5-a334-037ab050c5a4, CreationTimestamp2021-01-29T15:26:09.180Z]
org.apache.hadoop.hdds.scm.pipeline.PipelineNotFoundException: PipelineID=ada21374-47fd-4d92-9ee3-82fe8ddc79af not found
	at org.apache.hadoop.hdds.scm.pipeline.PipelineStateMap.getPipeline(PipelineStateMap.java:131)
	at org.apache.hadoop.hdds.scm.pipeline.PipelineStateMap.removePipeline(PipelineStateMap.java:343)
	at org.apache.hadoop.hdds.scm.pipeline.PipelineStateManager.removePipeline(PipelineStateManager.java:105)
	at org.apache.hadoop.hdds.scm.pipeline.SCMPipelineManager.removePipeline(SCMPipelineManager.java:670)
	at org.apache.hadoop.hdds.scm.pipeline.SCMPipelineManager.destroyPipeline(SCMPipelineManager.java:655)
	at org.apache.hadoop.hdds.scm.pipeline.SCMPipelineManager.lambda$finalizeAndDestroyPipeline$0(SCMPipelineManager.java:489)
	at org.apache.hadoop.hdds.utils.Scheduler.lambda$schedule$1(Scheduler.java:70)
	at java.util.concurrent.Executors$RunnableAdapter.call(Executors.java:511)
	at java.util.concurrent.FutureTask.run(FutureTask.java:266)
	at java.util.concurrent.ScheduledThreadPoolExecutor$ScheduledFutureTask.access$201(ScheduledThreadPoolExecutor.java:180)
	at java.util.concurrent.ScheduledThreadPoolExecutor$ScheduledFutureTask.run(ScheduledThreadPoolExecutor.java:293)
	at java.util.concurrent.ThreadPoolExecutor.runWorker(ThreadPoolExecutor.java:1149)
	at java.util.concurrent.ThreadPoolExecutor$Worker.run(ThreadPoolExecutor.java:624)
	at java.lang.Thread.run(Thread.java:748)
2021-01-29 15:27:40,634 [RatisPipelineUtilsThread] INFO  pipeline.RatisPipelineProvider (RatisPipelineProvider.java:lambda$close$1(199)) - Send pipeline:PipelineID=ada21374-47fd-4d92-9ee3-82fe8ddc79af close command to datanode 093cbee5-fb37-48c5-a334-037ab050c5a4
2021-01-29 15:27:40,634 [RatisPipelineUtilsThread] INFO  pipeline.RatisPipelineProvider (RatisPipelineProvider.java:lambda$close$1(199)) - Send pipeline:PipelineID=ada21374-47fd-4d92-9ee3-82fe8ddc79af close command to datanode 917eb864-1739-4fd5-ac14-ff1ecb8c1d24
2021-01-29 15:27:40,634 [RatisPipelineUtilsThread] INFO  pipeline.RatisPipelineProvider (RatisPipelineProvider.java:lambda$close$1(199)) - Send pipeline:PipelineID=ada21374-47fd-4d92-9ee3-82fe8ddc79af close command to datanode d5d7cc10-80c6-421e-a2cb-6e4e9e0bf9f8
2021-01-29 15:27:40,635 [RatisPipelineUtilsThread] ERROR pipeline.SCMPipelineManager (Scheduler.java:lambda$schedule$1(72)) - Destroy pipeline failed for pipeline:Pipeline[ Id: ada21374-47fd-4d92-9ee3-82fe8ddc79af, Nodes: 093cbee5-fb37-48c5-a334-037ab050c5a4{ip: 172.17.0.2, host: 6dba130846a4, networkLocation: /default-rack, certSerialId: null, persistedOpState: IN_SERVICE, persistedOpStateExpiryEpochSec: 0}917eb864-1739-4fd5-ac14-ff1ecb8c1d24{ip: 172.17.0.2, host: 6dba130846a4, networkLocation: /default-rack, certSerialId: null, persistedOpState: IN_SERVICE, persistedOpStateExpiryEpochSec: 0}d5d7cc10-80c6-421e-a2cb-6e4e9e0bf9f8{ip: 172.17.0.2, host: 6dba130846a4, networkLocation: /default-rack, certSerialId: null, persistedOpState: IN_SERVICE, persistedOpStateExpiryEpochSec: 0}, Type:RATIS, Factor:THREE, State:CLOSED, leaderId:093cbee5-fb37-48c5-a334-037ab050c5a4, CreationTimestamp2021-01-29T15:26:09.180Z]
org.apache.hadoop.hdds.scm.pipeline.PipelineNotFoundException: PipelineID=ada21374-47fd-4d92-9ee3-82fe8ddc79af not found
	at org.apache.hadoop.hdds.scm.pipeline.PipelineStateMap.getPipeline(PipelineStateMap.java:131)
	at org.apache.hadoop.hdds.scm.pipeline.PipelineStateMap.removePipeline(PipelineStateMap.java:343)
	at org.apache.hadoop.hdds.scm.pipeline.PipelineStateManager.removePipeline(PipelineStateManager.java:105)
	at org.apache.hadoop.hdds.scm.pipeline.SCMPipelineManager.removePipeline(SCMPipelineManager.java:670)
	at org.apache.hadoop.hdds.scm.pipeline.SCMPipelineManager.destroyPipeline(SCMPipelineManager.java:655)
	at org.apache.hadoop.hdds.scm.pipeline.SCMPipelineManager.lambda$finalizeAndDestroyPipeline$0(SCMPipelineManager.java:489)
	at org.apache.hadoop.hdds.utils.Scheduler.lambda$schedule$1(Scheduler.java:70)
	at java.util.concurrent.Executors$RunnableAdapter.call(Executors.java:511)
	at java.util.concurrent.FutureTask.run(FutureTask.java:266)
	at java.util.concurrent.ScheduledThreadPoolExecutor$ScheduledFutureTask.access$201(ScheduledThreadPoolExecutor.java:180)
	at java.util.concurrent.ScheduledThreadPoolExecutor$ScheduledFutureTask.run(ScheduledThreadPoolExecutor.java:293)
	at java.util.concurrent.ThreadPoolExecutor.runWorker(ThreadPoolExecutor.java:1149)
	at java.util.concurrent.ThreadPoolExecutor$Worker.run(ThreadPoolExecutor.java:624)
	at java.lang.Thread.run(Thread.java:748)
2021-01-29 15:27:40,639 [RatisPipelineUtilsThread] INFO  pipeline.RatisPipelineProvider (RatisPipelineProvider.java:lambda$create$0(161)) - Sending CreatePipelineCommand for pipeline:PipelineID=24b3543a-e9cd-4817-9e85-2b6e843caa4b to datanode:093cbee5-fb37-48c5-a334-037ab050c5a4
2021-01-29 15:27:40,640 [RatisPipelineUtilsThread] INFO  pipeline.RatisPipelineProvider (RatisPipelineProvider.java:lambda$create$0(161)) - Sending CreatePipelineCommand for pipeline:PipelineID=24b3543a-e9cd-4817-9e85-2b6e843caa4b to datanode:917eb864-1739-4fd5-ac14-ff1ecb8c1d24
2021-01-29 15:27:40,641 [RatisPipelineUtilsThread] INFO  pipeline.RatisPipelineProvider (RatisPipelineProvider.java:lambda$create$0(161)) - Sending CreatePipelineCommand for pipeline:PipelineID=24b3543a-e9cd-4817-9e85-2b6e843caa4b to datanode:3c3654b1-0b5a-47d6-bc1d-707c0ba10370
2021-01-29 15:27:40,644 [RatisPipelineUtilsThread] INFO  pipeline.PipelineStateManager (PipelineStateManager.java:addPipeline(54)) - Created pipeline Pipeline[ Id: 24b3543a-e9cd-4817-9e85-2b6e843caa4b, Nodes: 093cbee5-fb37-48c5-a334-037ab050c5a4{ip: 172.17.0.2, host: 6dba130846a4, networkLocation: /default-rack, certSerialId: null, persistedOpState: IN_SERVICE, persistedOpStateExpiryEpochSec: 0}917eb864-1739-4fd5-ac14-ff1ecb8c1d24{ip: 172.17.0.2, host: 6dba130846a4, networkLocation: /default-rack, certSerialId: null, persistedOpState: IN_SERVICE, persistedOpStateExpiryEpochSec: 0}3c3654b1-0b5a-47d6-bc1d-707c0ba10370{ip: 172.17.0.2, host: 6dba130846a4, networkLocation: /default-rack, certSerialId: null, persistedOpState: IN_SERVICE, persistedOpStateExpiryEpochSec: 0}, Type:RATIS, Factor:THREE, State:ALLOCATED, leaderId:, CreationTimestamp2021-01-29T15:27:40.639Z]
2021-01-29 15:27:40,654 [RatisPipelineUtilsThread] INFO  pipeline.RatisPipelineProvider (RatisPipelineProvider.java:lambda$close$1(199)) - Send pipeline:PipelineID=ada21374-47fd-4d92-9ee3-82fe8ddc79af close command to datanode 093cbee5-fb37-48c5-a334-037ab050c5a4
2021-01-29 15:27:40,655 [RatisPipelineUtilsThread] INFO  pipeline.RatisPipelineProvider (RatisPipelineProvider.java:lambda$close$1(199)) - Send pipeline:PipelineID=ada21374-47fd-4d92-9ee3-82fe8ddc79af close command to datanode 917eb864-1739-4fd5-ac14-ff1ecb8c1d24
2021-01-29 15:27:40,655 [RatisPipelineUtilsThread] INFO  pipeline.RatisPipelineProvider (RatisPipelineProvider.java:lambda$close$1(199)) - Send pipeline:PipelineID=ada21374-47fd-4d92-9ee3-82fe8ddc79af close command to datanode d5d7cc10-80c6-421e-a2cb-6e4e9e0bf9f8
2021-01-29 15:27:40,656 [RatisPipelineUtilsThread] ERROR pipeline.SCMPipelineManager (Scheduler.java:lambda$schedule$1(72)) - Destroy pipeline failed for pipeline:Pipeline[ Id: ada21374-47fd-4d92-9ee3-82fe8ddc79af, Nodes: 093cbee5-fb37-48c5-a334-037ab050c5a4{ip: 172.17.0.2, host: 6dba130846a4, networkLocation: /default-rack, certSerialId: null, persistedOpState: IN_SERVICE, persistedOpStateExpiryEpochSec: 0}917eb864-1739-4fd5-ac14-ff1ecb8c1d24{ip: 172.17.0.2, host: 6dba130846a4, networkLocation: /default-rack, certSerialId: null, persistedOpState: IN_SERVICE, persistedOpStateExpiryEpochSec: 0}d5d7cc10-80c6-421e-a2cb-6e4e9e0bf9f8{ip: 172.17.0.2, host: 6dba130846a4, networkLocation: /default-rack, certSerialId: null, persistedOpState: IN_SERVICE, persistedOpStateExpiryEpochSec: 0}, Type:RATIS, Factor:THREE, State:CLOSED, leaderId:093cbee5-fb37-48c5-a334-037ab050c5a4, CreationTimestamp2021-01-29T15:26:09.180Z]
org.apache.hadoop.hdds.scm.pipeline.PipelineNotFoundException: PipelineID=ada21374-47fd-4d92-9ee3-82fe8ddc79af not found
	at org.apache.hadoop.hdds.scm.pipeline.PipelineStateMap.getPipeline(PipelineStateMap.java:131)
	at org.apache.hadoop.hdds.scm.pipeline.PipelineStateMap.removePipeline(PipelineStateMap.java:343)
	at org.apache.hadoop.hdds.scm.pipeline.PipelineStateManager.removePipeline(PipelineStateManager.java:105)
	at org.apache.hadoop.hdds.scm.pipeline.SCMPipelineManager.removePipeline(SCMPipelineManager.java:670)
	at org.apache.hadoop.hdds.scm.pipeline.SCMPipelineManager.destroyPipeline(SCMPipelineManager.java:655)
	at org.apache.hadoop.hdds.scm.pipeline.SCMPipelineManager.lambda$finalizeAndDestroyPipeline$0(SCMPipelineManager.java:489)
	at org.apache.hadoop.hdds.utils.Scheduler.lambda$schedule$1(Scheduler.java:70)
	at java.util.concurrent.Executors$RunnableAdapter.call(Executors.java:511)
	at java.util.concurrent.FutureTask.run(FutureTask.java:266)
	at java.util.concurrent.ScheduledThreadPoolExecutor$ScheduledFutureTask.access$201(ScheduledThreadPoolExecutor.java:180)
	at java.util.concurrent.ScheduledThreadPoolExecutor$ScheduledFutureTask.run(ScheduledThreadPoolExecutor.java:293)
	at java.util.concurrent.ThreadPoolExecutor.runWorker(ThreadPoolExecutor.java:1149)
	at java.util.concurrent.ThreadPoolExecutor$Worker.run(ThreadPoolExecutor.java:624)
	at java.lang.Thread.run(Thread.java:748)
2021-01-29 15:27:40,656 [RatisPipelineUtilsThread] INFO  pipeline.RatisPipelineProvider (RatisPipelineProvider.java:lambda$close$1(199)) - Send pipeline:PipelineID=ada21374-47fd-4d92-9ee3-82fe8ddc79af close command to datanode 093cbee5-fb37-48c5-a334-037ab050c5a4
2021-01-29 15:27:40,657 [RatisPipelineUtilsThread] INFO  pipeline.RatisPipelineProvider (RatisPipelineProvider.java:lambda$close$1(199)) - Send pipeline:PipelineID=ada21374-47fd-4d92-9ee3-82fe8ddc79af close command to datanode 917eb864-1739-4fd5-ac14-ff1ecb8c1d24
2021-01-29 15:27:40,657 [RatisPipelineUtilsThread] INFO  pipeline.RatisPipelineProvider (RatisPipelineProvider.java:lambda$close$1(199)) - Send pipeline:PipelineID=ada21374-47fd-4d92-9ee3-82fe8ddc79af close command to datanode d5d7cc10-80c6-421e-a2cb-6e4e9e0bf9f8
2021-01-29 15:27:40,658 [RatisPipelineUtilsThread] ERROR pipeline.SCMPipelineManager (Scheduler.java:lambda$schedule$1(72)) - Destroy pipeline failed for pipeline:Pipeline[ Id: ada21374-47fd-4d92-9ee3-82fe8ddc79af, Nodes: 093cbee5-fb37-48c5-a334-037ab050c5a4{ip: 172.17.0.2, host: 6dba130846a4, networkLocation: /default-rack, certSerialId: null, persistedOpState: IN_SERVICE, persistedOpStateExpiryEpochSec: 0}917eb864-1739-4fd5-ac14-ff1ecb8c1d24{ip: 172.17.0.2, host: 6dba130846a4, networkLocation: /default-rack, certSerialId: null, persistedOpState: IN_SERVICE, persistedOpStateExpiryEpochSec: 0}d5d7cc10-80c6-421e-a2cb-6e4e9e0bf9f8{ip: 172.17.0.2, host: 6dba130846a4, networkLocation: /default-rack, certSerialId: null, persistedOpState: IN_SERVICE, persistedOpStateExpiryEpochSec: 0}, Type:RATIS, Factor:THREE, State:CLOSED, leaderId:093cbee5-fb37-48c5-a334-037ab050c5a4, CreationTimestamp2021-01-29T15:26:09.180Z]
org.apache.hadoop.hdds.scm.pipeline.PipelineNotFoundException: PipelineID=ada21374-47fd-4d92-9ee3-82fe8ddc79af not found
	at org.apache.hadoop.hdds.scm.pipeline.PipelineStateMap.getPipeline(PipelineStateMap.java:131)
	at org.apache.hadoop.hdds.scm.pipeline.PipelineStateMap.removePipeline(PipelineStateMap.java:343)
	at org.apache.hadoop.hdds.scm.pipeline.PipelineStateManager.removePipeline(PipelineStateManager.java:105)
	at org.apache.hadoop.hdds.scm.pipeline.SCMPipelineManager.removePipeline(SCMPipelineManager.java:670)
	at org.apache.hadoop.hdds.scm.pipeline.SCMPipelineManager.destroyPipeline(SCMPipelineManager.java:655)
	at org.apache.hadoop.hdds.scm.pipeline.SCMPipelineManager.lambda$finalizeAndDestroyPipeline$0(SCMPipelineManager.java:489)
	at org.apache.hadoop.hdds.utils.Scheduler.lambda$schedule$1(Scheduler.java:70)
	at java.util.concurrent.Executors$RunnableAdapter.call(Executors.java:511)
	at java.util.concurrent.FutureTask.run(FutureTask.java:266)
	at java.util.concurrent.ScheduledThreadPoolExecutor$ScheduledFutureTask.access$201(ScheduledThreadPoolExecutor.java:180)
	at java.util.concurrent.ScheduledThreadPoolExecutor$ScheduledFutureTask.run(ScheduledThreadPoolExecutor.java:293)
	at java.util.concurrent.ThreadPoolExecutor.runWorker(ThreadPoolExecutor.java:1149)
	at java.util.concurrent.ThreadPoolExecutor$Worker.run(ThreadPoolExecutor.java:624)
	at java.lang.Thread.run(Thread.java:748)
2021-01-29 15:27:40,659 [RatisPipelineUtilsThread] INFO  pipeline.RatisPipelineProvider (RatisPipelineProvider.java:lambda$close$1(199)) - Send pipeline:PipelineID=ada21374-47fd-4d92-9ee3-82fe8ddc79af close command to datanode 093cbee5-fb37-48c5-a334-037ab050c5a4
2021-01-29 15:27:40,659 [RatisPipelineUtilsThread] INFO  pipeline.RatisPipelineProvider (RatisPipelineProvider.java:lambda$close$1(199)) - Send pipeline:PipelineID=ada21374-47fd-4d92-9ee3-82fe8ddc79af close command to datanode 917eb864-1739-4fd5-ac14-ff1ecb8c1d24
2021-01-29 15:27:40,660 [RatisPipelineUtilsThread] INFO  pipeline.RatisPipelineProvider (RatisPipelineProvider.java:lambda$close$1(199)) - Send pipeline:PipelineID=ada21374-47fd-4d92-9ee3-82fe8ddc79af close command to datanode d5d7cc10-80c6-421e-a2cb-6e4e9e0bf9f8
2021-01-29 15:27:40,660 [RatisPipelineUtilsThread] ERROR pipeline.SCMPipelineManager (Scheduler.java:lambda$schedule$1(72)) - Destroy pipeline failed for pipeline:Pipeline[ Id: ada21374-47fd-4d92-9ee3-82fe8ddc79af, Nodes: 093cbee5-fb37-48c5-a334-037ab050c5a4{ip: 172.17.0.2, host: 6dba130846a4, networkLocation: /default-rack, certSerialId: null, persistedOpState: IN_SERVICE, persistedOpStateExpiryEpochSec: 0}917eb864-1739-4fd5-ac14-ff1ecb8c1d24{ip: 172.17.0.2, host: 6dba130846a4, networkLocation: /default-rack, certSerialId: null, persistedOpState: IN_SERVICE, persistedOpStateExpiryEpochSec: 0}d5d7cc10-80c6-421e-a2cb-6e4e9e0bf9f8{ip: 172.17.0.2, host: 6dba130846a4, networkLocation: /default-rack, certSerialId: null, persistedOpState: IN_SERVICE, persistedOpStateExpiryEpochSec: 0}, Type:RATIS, Factor:THREE, State:CLOSED, leaderId:093cbee5-fb37-48c5-a334-037ab050c5a4, CreationTimestamp2021-01-29T15:26:09.180Z]
org.apache.hadoop.hdds.scm.pipeline.PipelineNotFoundException: PipelineID=ada21374-47fd-4d92-9ee3-82fe8ddc79af not found
	at org.apache.hadoop.hdds.scm.pipeline.PipelineStateMap.getPipeline(PipelineStateMap.java:131)
	at org.apache.hadoop.hdds.scm.pipeline.PipelineStateMap.removePipeline(PipelineStateMap.java:343)
	at org.apache.hadoop.hdds.scm.pipeline.PipelineStateManager.removePipeline(PipelineStateManager.java:105)
	at org.apache.hadoop.hdds.scm.pipeline.SCMPipelineManager.removePipeline(SCMPipelineManager.java:670)
	at org.apache.hadoop.hdds.scm.pipeline.SCMPipelineManager.destroyPipeline(SCMPipelineManager.java:655)
	at org.apache.hadoop.hdds.scm.pipeline.SCMPipelineManager.lambda$finalizeAndDestroyPipeline$0(SCMPipelineManager.java:489)
	at org.apache.hadoop.hdds.utils.Scheduler.lambda$schedule$1(Scheduler.java:70)
	at java.util.concurrent.Executors$RunnableAdapter.call(Executors.java:511)
	at java.util.concurrent.FutureTask.run(FutureTask.java:266)
	at java.util.concurrent.ScheduledThreadPoolExecutor$ScheduledFutureTask.access$201(ScheduledThreadPoolExecutor.java:180)
	at java.util.concurrent.ScheduledThreadPoolExecutor$ScheduledFutureTask.run(ScheduledThreadPoolExecutor.java:293)
	at java.util.concurrent.ThreadPoolExecutor.runWorker(ThreadPoolExecutor.java:1149)
	at java.util.concurrent.ThreadPoolExecutor$Worker.run(ThreadPoolExecutor.java:624)
	at java.lang.Thread.run(Thread.java:748)
2021-01-29 15:27:40,663 [RatisPipelineUtilsThread] INFO  pipeline.RatisPipelineProvider (RatisPipelineProvider.java:lambda$close$1(199)) - Send pipeline:PipelineID=ada21374-47fd-4d92-9ee3-82fe8ddc79af close command to datanode 093cbee5-fb37-48c5-a334-037ab050c5a4
2021-01-29 15:27:40,664 [RatisPipelineUtilsThread] INFO  pipeline.RatisPipelineProvider (RatisPipelineProvider.java:lambda$close$1(199)) - Send pipeline:PipelineID=ada21374-47fd-4d92-9ee3-82fe8ddc79af close command to datanode 917eb864-1739-4fd5-ac14-ff1ecb8c1d24
2021-01-29 15:27:40,664 [RatisPipelineUtilsThread] INFO  pipeline.RatisPipelineProvider (RatisPipelineProvider.java:lambda$close$1(199)) - Send pipeline:PipelineID=ada21374-47fd-4d92-9ee3-82fe8ddc79af close command to datanode d5d7cc10-80c6-421e-a2cb-6e4e9e0bf9f8
2021-01-29 15:27:40,664 [RatisPipelineUtilsThread] ERROR pipeline.SCMPipelineManager (Scheduler.java:lambda$schedule$1(72)) - Destroy pipeline failed for pipeline:Pipeline[ Id: ada21374-47fd-4d92-9ee3-82fe8ddc79af, Nodes: 093cbee5-fb37-48c5-a334-037ab050c5a4{ip: 172.17.0.2, host: 6dba130846a4, networkLocation: /default-rack, certSerialId: null, persistedOpState: IN_SERVICE, persistedOpStateExpiryEpochSec: 0}917eb864-1739-4fd5-ac14-ff1ecb8c1d24{ip: 172.17.0.2, host: 6dba130846a4, networkLocation: /default-rack, certSerialId: null, persistedOpState: IN_SERVICE, persistedOpStateExpiryEpochSec: 0}d5d7cc10-80c6-421e-a2cb-6e4e9e0bf9f8{ip: 172.17.0.2, host: 6dba130846a4, networkLocation: /default-rack, certSerialId: null, persistedOpState: IN_SERVICE, persistedOpStateExpiryEpochSec: 0}, Type:RATIS, Factor:THREE, State:CLOSED, leaderId:093cbee5-fb37-48c5-a334-037ab050c5a4, CreationTimestamp2021-01-29T15:26:09.180Z]
org.apache.hadoop.hdds.scm.pipeline.PipelineNotFoundException: PipelineID=ada21374-47fd-4d92-9ee3-82fe8ddc79af not found
	at org.apache.hadoop.hdds.scm.pipeline.PipelineStateMap.getPipeline(PipelineStateMap.java:131)
	at org.apache.hadoop.hdds.scm.pipeline.PipelineStateMap.removePipeline(PipelineStateMap.java:343)
	at org.apache.hadoop.hdds.scm.pipeline.PipelineStateManager.removePipeline(PipelineStateManager.java:105)
	at org.apache.hadoop.hdds.scm.pipeline.SCMPipelineManager.removePipeline(SCMPipelineManager.java:670)
	at org.apache.hadoop.hdds.scm.pipeline.SCMPipelineManager.destroyPipeline(SCMPipelineManager.java:655)
	at org.apache.hadoop.hdds.scm.pipeline.SCMPipelineManager.lambda$finalizeAndDestroyPipeline$0(SCMPipelineManager.java:489)
	at org.apache.hadoop.hdds.utils.Scheduler.lambda$schedule$1(Scheduler.java:70)
	at java.util.concurrent.Executors$RunnableAdapter.call(Executors.java:511)
	at java.util.concurrent.FutureTask.run(FutureTask.java:266)
	at java.util.concurrent.ScheduledThreadPoolExecutor$ScheduledFutureTask.access$201(ScheduledThreadPoolExecutor.java:180)
	at java.util.concurrent.ScheduledThreadPoolExecutor$ScheduledFutureTask.run(ScheduledThreadPoolExecutor.java:293)
	at java.util.concurrent.ThreadPoolExecutor.runWorker(ThreadPoolExecutor.java:1149)
	at java.util.concurrent.ThreadPoolExecutor$Worker.run(ThreadPoolExecutor.java:624)
	at java.lang.Thread.run(Thread.java:748)
2021-01-29 15:27:40,671 [RatisPipelineUtilsThread] INFO  pipeline.RatisPipelineProvider (RatisPipelineProvider.java:lambda$close$1(199)) - Send pipeline:PipelineID=ada21374-47fd-4d92-9ee3-82fe8ddc79af close command to datanode 093cbee5-fb37-48c5-a334-037ab050c5a4
2021-01-29 15:27:40,671 [RatisPipelineUtilsThread] INFO  pipeline.RatisPipelineProvider (RatisPipelineProvider.java:lambda$close$1(199)) - Send pipeline:PipelineID=ada21374-47fd-4d92-9ee3-82fe8ddc79af close command to datanode 917eb864-1739-4fd5-ac14-ff1ecb8c1d24
2021-01-29 15:27:40,671 [RatisPipelineUtilsThread] INFO  pipeline.RatisPipelineProvider (RatisPipelineProvider.java:lambda$close$1(199)) - Send pipeline:PipelineID=ada21374-47fd-4d92-9ee3-82fe8ddc79af close command to datanode d5d7cc10-80c6-421e-a2cb-6e4e9e0bf9f8
2021-01-29 15:27:40,672 [RatisPipelineUtilsThread] ERROR pipeline.SCMPipelineManager (Scheduler.java:lambda$schedule$1(72)) - Destroy pipeline failed for pipeline:Pipeline[ Id: ada21374-47fd-4d92-9ee3-82fe8ddc79af, Nodes: 093cbee5-fb37-48c5-a334-037ab050c5a4{ip: 172.17.0.2, host: 6dba130846a4, networkLocation: /default-rack, certSerialId: null, persistedOpState: IN_SERVICE, persistedOpStateExpiryEpochSec: 0}917eb864-1739-4fd5-ac14-ff1ecb8c1d24{ip: 172.17.0.2, host: 6dba130846a4, networkLocation: /default-rack, certSerialId: null, persistedOpState: IN_SERVICE, persistedOpStateExpiryEpochSec: 0}d5d7cc10-80c6-421e-a2cb-6e4e9e0bf9f8{ip: 172.17.0.2, host: 6dba130846a4, networkLocation: /default-rack, certSerialId: null, persistedOpState: IN_SERVICE, persistedOpStateExpiryEpochSec: 0}, Type:RATIS, Factor:THREE, State:CLOSED, leaderId:093cbee5-fb37-48c5-a334-037ab050c5a4, CreationTimestamp2021-01-29T15:26:09.180Z]
org.apache.hadoop.hdds.scm.pipeline.PipelineNotFoundException: PipelineID=ada21374-47fd-4d92-9ee3-82fe8ddc79af not found
	at org.apache.hadoop.hdds.scm.pipeline.PipelineStateMap.getPipeline(PipelineStateMap.java:131)
	at org.apache.hadoop.hdds.scm.pipeline.PipelineStateMap.removePipeline(PipelineStateMap.java:343)
	at org.apache.hadoop.hdds.scm.pipeline.PipelineStateManager.removePipeline(PipelineStateManager.java:105)
	at org.apache.hadoop.hdds.scm.pipeline.SCMPipelineManager.removePipeline(SCMPipelineManager.java:670)
	at org.apache.hadoop.hdds.scm.pipeline.SCMPipelineManager.destroyPipeline(SCMPipelineManager.java:655)
	at org.apache.hadoop.hdds.scm.pipeline.SCMPipelineManager.lambda$finalizeAndDestroyPipeline$0(SCMPipelineManager.java:489)
	at org.apache.hadoop.hdds.utils.Scheduler.lambda$schedule$1(Scheduler.java:70)
	at java.util.concurrent.Executors$RunnableAdapter.call(Executors.java:511)
	at java.util.concurrent.FutureTask.run(FutureTask.java:266)
	at java.util.concurrent.ScheduledThreadPoolExecutor$ScheduledFutureTask.access$201(ScheduledThreadPoolExecutor.java:180)
	at java.util.concurrent.ScheduledThreadPoolExecutor$ScheduledFutureTask.run(ScheduledThreadPoolExecutor.java:293)
	at java.util.concurrent.ThreadPoolExecutor.runWorker(ThreadPoolExecutor.java:1149)
	at java.util.concurrent.ThreadPoolExecutor$Worker.run(ThreadPoolExecutor.java:624)
	at java.lang.Thread.run(Thread.java:748)
2021-01-29 15:27:40,672 [RatisPipelineUtilsThread] INFO  pipeline.RatisPipelineProvider (RatisPipelineProvider.java:lambda$close$1(199)) - Send pipeline:PipelineID=ada21374-47fd-4d92-9ee3-82fe8ddc79af close command to datanode 093cbee5-fb37-48c5-a334-037ab050c5a4
2021-01-29 15:27:40,672 [RatisPipelineUtilsThread] INFO  pipeline.RatisPipelineProvider (RatisPipelineProvider.java:lambda$close$1(199)) - Send pipeline:PipelineID=ada21374-47fd-4d92-9ee3-82fe8ddc79af close command to datanode 917eb864-1739-4fd5-ac14-ff1ecb8c1d24
2021-01-29 15:27:40,672 [RatisPipelineUtilsThread] INFO  pipeline.RatisPipelineProvider (RatisPipelineProvider.java:lambda$close$1(199)) - Send pipeline:PipelineID=ada21374-47fd-4d92-9ee3-82fe8ddc79af close command to datanode d5d7cc10-80c6-421e-a2cb-6e4e9e0bf9f8
2021-01-29 15:27:40,673 [RatisPipelineUtilsThread] ERROR pipeline.SCMPipelineManager (Scheduler.java:lambda$schedule$1(72)) - Destroy pipeline failed for pipeline:Pipeline[ Id: ada21374-47fd-4d92-9ee3-82fe8ddc79af, Nodes: 093cbee5-fb37-48c5-a334-037ab050c5a4{ip: 172.17.0.2, host: 6dba130846a4, networkLocation: /default-rack, certSerialId: null, persistedOpState: IN_SERVICE, persistedOpStateExpiryEpochSec: 0}917eb864-1739-4fd5-ac14-ff1ecb8c1d24{ip: 172.17.0.2, host: 6dba130846a4, networkLocation: /default-rack, certSerialId: null, persistedOpState: IN_SERVICE, persistedOpStateExpiryEpochSec: 0}d5d7cc10-80c6-421e-a2cb-6e4e9e0bf9f8{ip: 172.17.0.2, host: 6dba130846a4, networkLocation: /default-rack, certSerialId: null, persistedOpState: IN_SERVICE, persistedOpStateExpiryEpochSec: 0}, Type:RATIS, Factor:THREE, State:CLOSED, leaderId:093cbee5-fb37-48c5-a334-037ab050c5a4, CreationTimestamp2021-01-29T15:26:09.180Z]
org.apache.hadoop.hdds.scm.pipeline.PipelineNotFoundException: PipelineID=ada21374-47fd-4d92-9ee3-82fe8ddc79af not found
	at org.apache.hadoop.hdds.scm.pipeline.PipelineStateMap.getPipeline(PipelineStateMap.java:131)
	at org.apache.hadoop.hdds.scm.pipeline.PipelineStateMap.removePipeline(PipelineStateMap.java:343)
	at org.apache.hadoop.hdds.scm.pipeline.PipelineStateManager.removePipeline(PipelineStateManager.java:105)
	at org.apache.hadoop.hdds.scm.pipeline.SCMPipelineManager.removePipeline(SCMPipelineManager.java:670)
	at org.apache.hadoop.hdds.scm.pipeline.SCMPipelineManager.destroyPipeline(SCMPipelineManager.java:655)
	at org.apache.hadoop.hdds.scm.pipeline.SCMPipelineManager.lambda$finalizeAndDestroyPipeline$0(SCMPipelineManager.java:489)
	at org.apache.hadoop.hdds.utils.Scheduler.lambda$schedule$1(Scheduler.java:70)
	at java.util.concurrent.Executors$RunnableAdapter.call(Executors.java:511)
	at java.util.concurrent.FutureTask.run(FutureTask.java:266)
	at java.util.concurrent.ScheduledThreadPoolExecutor$ScheduledFutureTask.access$201(ScheduledThreadPoolExecutor.java:180)
	at java.util.concurrent.ScheduledThreadPoolExecutor$ScheduledFutureTask.run(ScheduledThreadPoolExecutor.java:293)
	at java.util.concurrent.ThreadPoolExecutor.runWorker(ThreadPoolExecutor.java:1149)
	at java.util.concurrent.ThreadPoolExecutor$Worker.run(ThreadPoolExecutor.java:624)
	at java.lang.Thread.run(Thread.java:748)
2021-01-29 15:27:40,674 [RatisPipelineUtilsThread] INFO  pipeline.RatisPipelineProvider (RatisPipelineProvider.java:lambda$close$1(199)) - Send pipeline:PipelineID=ada21374-47fd-4d92-9ee3-82fe8ddc79af close command to datanode 093cbee5-fb37-48c5-a334-037ab050c5a4
2021-01-29 15:27:40,674 [RatisPipelineUtilsThread] INFO  pipeline.RatisPipelineProvider (RatisPipelineProvider.java:lambda$close$1(199)) - Send pipeline:PipelineID=ada21374-47fd-4d92-9ee3-82fe8ddc79af close command to datanode 917eb864-1739-4fd5-ac14-ff1ecb8c1d24
2021-01-29 15:27:40,674 [RatisPipelineUtilsThread] INFO  pipeline.RatisPipelineProvider (RatisPipelineProvider.java:lambda$close$1(199)) - Send pipeline:PipelineID=ada21374-47fd-4d92-9ee3-82fe8ddc79af close command to datanode d5d7cc10-80c6-421e-a2cb-6e4e9e0bf9f8
2021-01-29 15:27:40,674 [RatisPipelineUtilsThread] ERROR pipeline.SCMPipelineManager (Scheduler.java:lambda$schedule$1(72)) - Destroy pipeline failed for pipeline:Pipeline[ Id: ada21374-47fd-4d92-9ee3-82fe8ddc79af, Nodes: 093cbee5-fb37-48c5-a334-037ab050c5a4{ip: 172.17.0.2, host: 6dba130846a4, networkLocation: /default-rack, certSerialId: null, persistedOpState: IN_SERVICE, persistedOpStateExpiryEpochSec: 0}917eb864-1739-4fd5-ac14-ff1ecb8c1d24{ip: 172.17.0.2, host: 6dba130846a4, networkLocation: /default-rack, certSerialId: null, persistedOpState: IN_SERVICE, persistedOpStateExpiryEpochSec: 0}d5d7cc10-80c6-421e-a2cb-6e4e9e0bf9f8{ip: 172.17.0.2, host: 6dba130846a4, networkLocation: /default-rack, certSerialId: null, persistedOpState: IN_SERVICE, persistedOpStateExpiryEpochSec: 0}, Type:RATIS, Factor:THREE, State:CLOSED, leaderId:093cbee5-fb37-48c5-a334-037ab050c5a4, CreationTimestamp2021-01-29T15:26:09.180Z]
org.apache.hadoop.hdds.scm.pipeline.PipelineNotFoundException: PipelineID=ada21374-47fd-4d92-9ee3-82fe8ddc79af not found
	at org.apache.hadoop.hdds.scm.pipeline.PipelineStateMap.getPipeline(PipelineStateMap.java:131)
	at org.apache.hadoop.hdds.scm.pipeline.PipelineStateMap.removePipeline(PipelineStateMap.java:343)
	at org.apache.hadoop.hdds.scm.pipeline.PipelineStateManager.removePipeline(PipelineStateManager.java:105)
	at org.apache.hadoop.hdds.scm.pipeline.SCMPipelineManager.removePipeline(SCMPipelineManager.java:670)
	at org.apache.hadoop.hdds.scm.pipeline.SCMPipelineManager.destroyPipeline(SCMPipelineManager.java:655)
	at org.apache.hadoop.hdds.scm.pipeline.SCMPipelineManager.lambda$finalizeAndDestroyPipeline$0(SCMPipelineManager.java:489)
	at org.apache.hadoop.hdds.utils.Scheduler.lambda$schedule$1(Scheduler.java:70)
	at java.util.concurrent.Executors$RunnableAdapter.call(Executors.java:511)
	at java.util.concurrent.FutureTask.run(FutureTask.java:266)
	at java.util.concurrent.ScheduledThreadPoolExecutor$ScheduledFutureTask.access$201(ScheduledThreadPoolExecutor.java:180)
	at java.util.concurrent.ScheduledThreadPoolExecutor$ScheduledFutureTask.run(ScheduledThreadPoolExecutor.java:293)
	at java.util.concurrent.ThreadPoolExecutor.runWorker(ThreadPoolExecutor.java:1149)
	at java.util.concurrent.ThreadPoolExecutor$Worker.run(ThreadPoolExecutor.java:624)
	at java.lang.Thread.run(Thread.java:748)
2021-01-29 15:27:40,676 [RatisPipelineUtilsThread] INFO  pipeline.RatisPipelineProvider (RatisPipelineProvider.java:lambda$close$1(199)) - Send pipeline:PipelineID=ada21374-47fd-4d92-9ee3-82fe8ddc79af close command to datanode 093cbee5-fb37-48c5-a334-037ab050c5a4
2021-01-29 15:27:40,676 [RatisPipelineUtilsThread] INFO  pipeline.RatisPipelineProvider (RatisPipelineProvider.java:lambda$close$1(199)) - Send pipeline:PipelineID=ada21374-47fd-4d92-9ee3-82fe8ddc79af close command to datanode 917eb864-1739-4fd5-ac14-ff1ecb8c1d24
2021-01-29 15:27:40,676 [RatisPipelineUtilsThread] INFO  pipeline.RatisPipelineProvider (RatisPipelineProvider.java:lambda$close$1(199)) - Send pipeline:PipelineID=ada21374-47fd-4d92-9ee3-82fe8ddc79af close command to datanode d5d7cc10-80c6-421e-a2cb-6e4e9e0bf9f8
2021-01-29 15:27:40,676 [RatisPipelineUtilsThread] ERROR pipeline.SCMPipelineManager (Scheduler.java:lambda$schedule$1(72)) - Destroy pipeline failed for pipeline:Pipeline[ Id: ada21374-47fd-4d92-9ee3-82fe8ddc79af, Nodes: 093cbee5-fb37-48c5-a334-037ab050c5a4{ip: 172.17.0.2, host: 6dba130846a4, networkLocation: /default-rack, certSerialId: null, persistedOpState: IN_SERVICE, persistedOpStateExpiryEpochSec: 0}917eb864-1739-4fd5-ac14-ff1ecb8c1d24{ip: 172.17.0.2, host: 6dba130846a4, networkLocation: /default-rack, certSerialId: null, persistedOpState: IN_SERVICE, persistedOpStateExpiryEpochSec: 0}d5d7cc10-80c6-421e-a2cb-6e4e9e0bf9f8{ip: 172.17.0.2, host: 6dba130846a4, networkLocation: /default-rack, certSerialId: null, persistedOpState: IN_SERVICE, persistedOpStateExpiryEpochSec: 0}, Type:RATIS, Factor:THREE, State:CLOSED, leaderId:093cbee5-fb37-48c5-a334-037ab050c5a4, CreationTimestamp2021-01-29T15:26:09.180Z]
org.apache.hadoop.hdds.scm.pipeline.PipelineNotFoundException: PipelineID=ada21374-47fd-4d92-9ee3-82fe8ddc79af not found
	at org.apache.hadoop.hdds.scm.pipeline.PipelineStateMap.getPipeline(PipelineStateMap.java:131)
	at org.apache.hadoop.hdds.scm.pipeline.PipelineStateMap.removePipeline(PipelineStateMap.java:343)
	at org.apache.hadoop.hdds.scm.pipeline.PipelineStateManager.removePipeline(PipelineStateManager.java:105)
	at org.apache.hadoop.hdds.scm.pipeline.SCMPipelineManager.removePipeline(SCMPipelineManager.java:670)
	at org.apache.hadoop.hdds.scm.pipeline.SCMPipelineManager.destroyPipeline(SCMPipelineManager.java:655)
	at org.apache.hadoop.hdds.scm.pipeline.SCMPipelineManager.lambda$finalizeAndDestroyPipeline$0(SCMPipelineManager.java:489)
	at org.apache.hadoop.hdds.utils.Scheduler.lambda$schedule$1(Scheduler.java:70)
	at java.util.concurrent.Executors$RunnableAdapter.call(Executors.java:511)
	at java.util.concurrent.FutureTask.run(FutureTask.java:266)
	at java.util.concurrent.ScheduledThreadPoolExecutor$ScheduledFutureTask.access$201(ScheduledThreadPoolExecutor.java:180)
	at java.util.concurrent.ScheduledThreadPoolExecutor$ScheduledFutureTask.run(ScheduledThreadPoolExecutor.java:293)
	at java.util.concurrent.ThreadPoolExecutor.runWorker(ThreadPoolExecutor.java:1149)
	at java.util.concurrent.ThreadPoolExecutor$Worker.run(ThreadPoolExecutor.java:624)
	at java.lang.Thread.run(Thread.java:748)
2021-01-29 15:27:40,681 [RatisPipelineUtilsThread] INFO  pipeline.RatisPipelineProvider (RatisPipelineProvider.java:lambda$close$1(199)) - Send pipeline:PipelineID=ada21374-47fd-4d92-9ee3-82fe8ddc79af close command to datanode 093cbee5-fb37-48c5-a334-037ab050c5a4
2021-01-29 15:27:40,681 [RatisPipelineUtilsThread] INFO  pipeline.RatisPipelineProvider (RatisPipelineProvider.java:lambda$close$1(199)) - Send pipeline:PipelineID=ada21374-47fd-4d92-9ee3-82fe8ddc79af close command to datanode 917eb864-1739-4fd5-ac14-ff1ecb8c1d24
2021-01-29 15:27:40,682 [RatisPipelineUtilsThread] INFO  pipeline.RatisPipelineProvider (RatisPipelineProvider.java:lambda$close$1(199)) - Send pipeline:PipelineID=ada21374-47fd-4d92-9ee3-82fe8ddc79af close command to datanode d5d7cc10-80c6-421e-a2cb-6e4e9e0bf9f8
2021-01-29 15:27:40,682 [RatisPipelineUtilsThread] ERROR pipeline.SCMPipelineManager (Scheduler.java:lambda$schedule$1(72)) - Destroy pipeline failed for pipeline:Pipeline[ Id: ada21374-47fd-4d92-9ee3-82fe8ddc79af, Nodes: 093cbee5-fb37-48c5-a334-037ab050c5a4{ip: 172.17.0.2, host: 6dba130846a4, networkLocation: /default-rack, certSerialId: null, persistedOpState: IN_SERVICE, persistedOpStateExpiryEpochSec: 0}917eb864-1739-4fd5-ac14-ff1ecb8c1d24{ip: 172.17.0.2, host: 6dba130846a4, networkLocation: /default-rack, certSerialId: null, persistedOpState: IN_SERVICE, persistedOpStateExpiryEpochSec: 0}d5d7cc10-80c6-421e-a2cb-6e4e9e0bf9f8{ip: 172.17.0.2, host: 6dba130846a4, networkLocation: /default-rack, certSerialId: null, persistedOpState: IN_SERVICE, persistedOpStateExpiryEpochSec: 0}, Type:RATIS, Factor:THREE, State:CLOSED, leaderId:093cbee5-fb37-48c5-a334-037ab050c5a4, CreationTimestamp2021-01-29T15:26:09.180Z]
org.apache.hadoop.hdds.scm.pipeline.PipelineNotFoundException: PipelineID=ada21374-47fd-4d92-9ee3-82fe8ddc79af not found
	at org.apache.hadoop.hdds.scm.pipeline.PipelineStateMap.getPipeline(PipelineStateMap.java:131)
	at org.apache.hadoop.hdds.scm.pipeline.PipelineStateMap.removePipeline(PipelineStateMap.java:343)
	at org.apache.hadoop.hdds.scm.pipeline.PipelineStateManager.removePipeline(PipelineStateManager.java:105)
	at org.apache.hadoop.hdds.scm.pipeline.SCMPipelineManager.removePipeline(SCMPipelineManager.java:670)
	at org.apache.hadoop.hdds.scm.pipeline.SCMPipelineManager.destroyPipeline(SCMPipelineManager.java:655)
	at org.apache.hadoop.hdds.scm.pipeline.SCMPipelineManager.lambda$finalizeAndDestroyPipeline$0(SCMPipelineManager.java:489)
	at org.apache.hadoop.hdds.utils.Scheduler.lambda$schedule$1(Scheduler.java:70)
	at java.util.concurrent.Executors$RunnableAdapter.call(Executors.java:511)
	at java.util.concurrent.FutureTask.run(FutureTask.java:266)
	at java.util.concurrent.ScheduledThreadPoolExecutor$ScheduledFutureTask.access$201(ScheduledThreadPoolExecutor.java:180)
	at java.util.concurrent.ScheduledThreadPoolExecutor$ScheduledFutureTask.run(ScheduledThreadPoolExecutor.java:293)
	at java.util.concurrent.ThreadPoolExecutor.runWorker(ThreadPoolExecutor.java:1149)
	at java.util.concurrent.ThreadPoolExecutor$Worker.run(ThreadPoolExecutor.java:624)
	at java.lang.Thread.run(Thread.java:748)
2021-01-29 15:27:41,679 [Command processor thread] INFO  server.RaftServer (RaftServerProxy.java:remove(106)) - d5d7cc10-80c6-421e-a2cb-6e4e9e0bf9f8: remove  FOLLOWER d5d7cc10-80c6-421e-a2cb-6e4e9e0bf9f8@group-82FE8DDC79AF:t1, leader=093cbee5-fb37-48c5-a334-037ab050c5a4, voted=093cbee5-fb37-48c5-a334-037ab050c5a4, raftlog=d5d7cc10-80c6-421e-a2cb-6e4e9e0bf9f8@group-82FE8DDC79AF-SegmentedRaftLog:OPENED:c65,f65,i69, conf=0: [917eb864-1739-4fd5-ac14-ff1ecb8c1d24|rpc:172.17.0.2:34275|admin:|client:|dataStream:|priority:0, 093cbee5-fb37-48c5-a334-037ab050c5a4|rpc:172.17.0.2:43895|admin:|client:|dataStream:|priority:1, d5d7cc10-80c6-421e-a2cb-6e4e9e0bf9f8|rpc:172.17.0.2:42587|admin:|client:|dataStream:|priority:0], old=null RUNNING
2021-01-29 15:27:41,680 [Command processor thread] INFO  server.RaftServer$Division (RaftServerImpl.java:lambda$close$4(406)) - d5d7cc10-80c6-421e-a2cb-6e4e9e0bf9f8@group-82FE8DDC79AF: shutdown
2021-01-29 15:27:41,681 [Command processor thread] INFO  util.JmxRegister (JmxRegister.java:unregister(73)) - Successfully un-registered JMX Bean with object name Ratis:service=RaftServer,group=group-82FE8DDC79AF,id=d5d7cc10-80c6-421e-a2cb-6e4e9e0bf9f8
2021-01-29 15:27:41,681 [Command processor thread] INFO  impl.RoleInfo (RoleInfo.java:shutdownFollowerState(108)) - d5d7cc10-80c6-421e-a2cb-6e4e9e0bf9f8: shutdown d5d7cc10-80c6-421e-a2cb-6e4e9e0bf9f8@group-82FE8DDC79AF-FollowerState
2021-01-29 15:27:41,681 [Thread-286] INFO  impl.FollowerState (FollowerState.java:run(142)) - d5d7cc10-80c6-421e-a2cb-6e4e9e0bf9f8@group-82FE8DDC79AF-FollowerState was interrupted: {}
java.lang.InterruptedException: sleep interrupted
	at java.lang.Thread.sleep(Native Method)
	at java.lang.Thread.sleep(Thread.java:340)
	at java.util.concurrent.TimeUnit.sleep(TimeUnit.java:386)
	at org.apache.ratis.util.TimeDuration.sleep(TimeDuration.java:324)
	at org.apache.ratis.util.TimeDuration.sleep(TimeDuration.java:309)
	at org.apache.ratis.server.impl.FollowerState.run(FollowerState.java:117)
2021-01-29 15:27:41,683 [Command processor thread] INFO  impl.StateMachineUpdater (StateMachineUpdater.java:stopAndJoin(148)) - d5d7cc10-80c6-421e-a2cb-6e4e9e0bf9f8@group-82FE8DDC79AF-StateMachineUpdater: set stopIndex = 65
2021-01-29 15:27:41,683 [d5d7cc10-80c6-421e-a2cb-6e4e9e0bf9f8@group-82FE8DDC79AF-StateMachineUpdater] ERROR ratis.ContainerStateMachine (ContainerStateMachine.java:takeSnapshot(285)) - Failed to take snapshot  for group-82FE8DDC79AF as the stateMachine is unhealthy. The last applied index is at (t:1, i:65)
2021-01-29 15:27:41,683 [d5d7cc10-80c6-421e-a2cb-6e4e9e0bf9f8@group-82FE8DDC79AF-StateMachineUpdater] ERROR impl.StateMachineUpdater (StateMachineUpdater.java:takeSnapshot(274)) - d5d7cc10-80c6-421e-a2cb-6e4e9e0bf9f8@group-82FE8DDC79AF-StateMachineUpdater: Failed to take snapshot
org.apache.ratis.protocol.exceptions.StateMachineException: Failed to take snapshot  for group-82FE8DDC79AF as the stateMachine is unhealthy. The last applied index is at (t:1, i:65)
	at org.apache.hadoop.ozone.container.common.transport.server.ratis.ContainerStateMachine.takeSnapshot(ContainerStateMachine.java:284)
	at org.apache.ratis.server.impl.StateMachineUpdater.takeSnapshot(StateMachineUpdater.java:263)
	at org.apache.ratis.server.impl.StateMachineUpdater.checkAndTakeSnapshot(StateMachineUpdater.java:255)
	at org.apache.ratis.server.impl.StateMachineUpdater.run(StateMachineUpdater.java:178)
	at java.lang.Thread.run(Thread.java:748)
2021-01-29 15:27:41,685 [d5d7cc10-80c6-421e-a2cb-6e4e9e0bf9f8@group-82FE8DDC79AF-StateMachineUpdater] ERROR ratis.ContainerStateMachine (ContainerStateMachine.java:takeSnapshot(285)) - Failed to take snapshot  for group-82FE8DDC79AF as the stateMachine is unhealthy. The last applied index is at (t:1, i:65)
2021-01-29 15:27:41,685 [d5d7cc10-80c6-421e-a2cb-6e4e9e0bf9f8@group-82FE8DDC79AF-StateMachineUpdater] ERROR impl.StateMachineUpdater (StateMachineUpdater.java:takeSnapshot(274)) - d5d7cc10-80c6-421e-a2cb-6e4e9e0bf9f8@group-82FE8DDC79AF-StateMachineUpdater: Failed to take snapshot
org.apache.ratis.protocol.exceptions.StateMachineException: Failed to take snapshot  for group-82FE8DDC79AF as the stateMachine is unhealthy. The last applied index is at (t:1, i:65)
	at org.apache.hadoop.ozone.container.common.transport.server.ratis.ContainerStateMachine.takeSnapshot(ContainerStateMachine.java:284)
	at org.apache.ratis.server.impl.StateMachineUpdater.takeSnapshot(StateMachineUpdater.java:263)
	at org.apache.ratis.server.impl.StateMachineUpdater.checkAndTakeSnapshot(StateMachineUpdater.java:255)
	at org.apache.ratis.server.impl.StateMachineUpdater.run(StateMachineUpdater.java:181)
	at java.lang.Thread.run(Thread.java:748)
2021-01-29 15:27:41,685 [d5d7cc10-80c6-421e-a2cb-6e4e9e0bf9f8@group-82FE8DDC79AF-StateMachineUpdater] INFO  metrics.RatisMetrics (RatisMetrics.java:unregister(43)) - Unregistering Metrics Registry : ratis.state_machine.d5d7cc10-80c6-421e-a2cb-6e4e9e0bf9f8@group-82FE8DDC79AF
2021-01-29 15:27:41,686 [Command processor thread] INFO  server.RaftServer$Division (ServerState.java:close(405)) - d5d7cc10-80c6-421e-a2cb-6e4e9e0bf9f8@group-82FE8DDC79AF: closes. applyIndex: 65
2021-01-29 15:27:41,687 [d5d7cc10-80c6-421e-a2cb-6e4e9e0bf9f8@group-82FE8DDC79AF-SegmentedRaftLogWorker] INFO  segmented.SegmentedRaftLogWorker (SegmentedRaftLogWorker.java:run(326)) - d5d7cc10-80c6-421e-a2cb-6e4e9e0bf9f8@group-82FE8DDC79AF-SegmentedRaftLogWorker was interrupted, exiting. There are 0 tasks remaining in the queue.
2021-01-29 15:27:41,689 [Command processor thread] INFO  server.RaftServer (RaftServerProxy.java:remove(106)) - 917eb864-1739-4fd5-ac14-ff1ecb8c1d24: remove  FOLLOWER 917eb864-1739-4fd5-ac14-ff1ecb8c1d24@group-82FE8DDC79AF:t1, leader=093cbee5-fb37-48c5-a334-037ab050c5a4, voted=093cbee5-fb37-48c5-a334-037ab050c5a4, raftlog=917eb864-1739-4fd5-ac14-ff1ecb8c1d24@group-82FE8DDC79AF-SegmentedRaftLog:OPENED:c65,f65,i69, conf=0: [917eb864-1739-4fd5-ac14-ff1ecb8c1d24|rpc:172.17.0.2:34275|admin:|client:|dataStream:|priority:0, 093cbee5-fb37-48c5-a334-037ab050c5a4|rpc:172.17.0.2:43895|admin:|client:|dataStream:|priority:1, d5d7cc10-80c6-421e-a2cb-6e4e9e0bf9f8|rpc:172.17.0.2:42587|admin:|client:|dataStream:|priority:0], old=null RUNNING
2021-01-29 15:27:41,689 [Command processor thread] INFO  server.RaftServer$Division (RaftServerImpl.java:lambda$close$4(406)) - 917eb864-1739-4fd5-ac14-ff1ecb8c1d24@group-82FE8DDC79AF: shutdown
2021-01-29 15:27:41,689 [Command processor thread] INFO  util.JmxRegister (JmxRegister.java:unregister(73)) - Successfully un-registered JMX Bean with object name Ratis:service=RaftServer,group=group-82FE8DDC79AF,id=917eb864-1739-4fd5-ac14-ff1ecb8c1d24
2021-01-29 15:27:41,689 [Command processor thread] INFO  impl.RoleInfo (RoleInfo.java:shutdownFollowerState(108)) - 917eb864-1739-4fd5-ac14-ff1ecb8c1d24: shutdown 917eb864-1739-4fd5-ac14-ff1ecb8c1d24@group-82FE8DDC79AF-FollowerState
2021-01-29 15:27:41,689 [Command processor thread] INFO  impl.StateMachineUpdater (StateMachineUpdater.java:stopAndJoin(148)) - 917eb864-1739-4fd5-ac14-ff1ecb8c1d24@group-82FE8DDC79AF-StateMachineUpdater: set stopIndex = 65
2021-01-29 15:27:41,689 [Thread-285] INFO  impl.FollowerState (FollowerState.java:run(142)) - 917eb864-1739-4fd5-ac14-ff1ecb8c1d24@group-82FE8DDC79AF-FollowerState was interrupted: {}
java.lang.InterruptedException: sleep interrupted
	at java.lang.Thread.sleep(Native Method)
	at java.lang.Thread.sleep(Thread.java:340)
	at java.util.concurrent.TimeUnit.sleep(TimeUnit.java:386)
	at org.apache.ratis.util.TimeDuration.sleep(TimeDuration.java:324)
	at org.apache.ratis.util.TimeDuration.sleep(TimeDuration.java:309)
	at org.apache.ratis.server.impl.FollowerState.run(FollowerState.java:117)
2021-01-29 15:27:41,689 [917eb864-1739-4fd5-ac14-ff1ecb8c1d24@group-82FE8DDC79AF-StateMachineUpdater] ERROR ratis.ContainerStateMachine (ContainerStateMachine.java:takeSnapshot(285)) - Failed to take snapshot  for group-82FE8DDC79AF as the stateMachine is unhealthy. The last applied index is at (t:1, i:65)
2021-01-29 15:27:41,690 [917eb864-1739-4fd5-ac14-ff1ecb8c1d24@group-82FE8DDC79AF-StateMachineUpdater] ERROR impl.StateMachineUpdater (StateMachineUpdater.java:takeSnapshot(274)) - 917eb864-1739-4fd5-ac14-ff1ecb8c1d24@group-82FE8DDC79AF-StateMachineUpdater: Failed to take snapshot
org.apache.ratis.protocol.exceptions.StateMachineException: Failed to take snapshot  for group-82FE8DDC79AF as the stateMachine is unhealthy. The last applied index is at (t:1, i:65)
	at org.apache.hadoop.ozone.container.common.transport.server.ratis.ContainerStateMachine.takeSnapshot(ContainerStateMachine.java:284)
	at org.apache.ratis.server.impl.StateMachineUpdater.takeSnapshot(StateMachineUpdater.java:263)
	at org.apache.ratis.server.impl.StateMachineUpdater.checkAndTakeSnapshot(StateMachineUpdater.java:255)
	at org.apache.ratis.server.impl.StateMachineUpdater.run(StateMachineUpdater.java:178)
	at java.lang.Thread.run(Thread.java:748)
2021-01-29 15:27:41,690 [917eb864-1739-4fd5-ac14-ff1ecb8c1d24@group-82FE8DDC79AF-StateMachineUpdater] ERROR ratis.ContainerStateMachine (ContainerStateMachine.java:takeSnapshot(285)) - Failed to take snapshot  for group-82FE8DDC79AF as the stateMachine is unhealthy. The last applied index is at (t:1, i:65)
2021-01-29 15:27:41,690 [917eb864-1739-4fd5-ac14-ff1ecb8c1d24@group-82FE8DDC79AF-StateMachineUpdater] ERROR impl.StateMachineUpdater (StateMachineUpdater.java:takeSnapshot(274)) - 917eb864-1739-4fd5-ac14-ff1ecb8c1d24@group-82FE8DDC79AF-StateMachineUpdater: Failed to take snapshot
org.apache.ratis.protocol.exceptions.StateMachineException: Failed to take snapshot  for group-82FE8DDC79AF as the stateMachine is unhealthy. The last applied index is at (t:1, i:65)
	at org.apache.hadoop.ozone.container.common.transport.server.ratis.ContainerStateMachine.takeSnapshot(ContainerStateMachine.java:284)
	at org.apache.ratis.server.impl.StateMachineUpdater.takeSnapshot(StateMachineUpdater.java:263)
	at org.apache.ratis.server.impl.StateMachineUpdater.checkAndTakeSnapshot(StateMachineUpdater.java:255)
	at org.apache.ratis.server.impl.StateMachineUpdater.run(StateMachineUpdater.java:181)
	at java.lang.Thread.run(Thread.java:748)
2021-01-29 15:27:41,694 [917eb864-1739-4fd5-ac14-ff1ecb8c1d24@group-82FE8DDC79AF-StateMachineUpdater] INFO  metrics.RatisMetrics (RatisMetrics.java:unregister(43)) - Unregistering Metrics Registry : ratis.state_machine.917eb864-1739-4fd5-ac14-ff1ecb8c1d24@group-82FE8DDC79AF
2021-01-29 15:27:41,694 [Command processor thread] INFO  server.RaftServer$Division (ServerState.java:close(405)) - 917eb864-1739-4fd5-ac14-ff1ecb8c1d24@group-82FE8DDC79AF: closes. applyIndex: 65
2021-01-29 15:27:41,694 [917eb864-1739-4fd5-ac14-ff1ecb8c1d24@group-82FE8DDC79AF-SegmentedRaftLogWorker] INFO  segmented.SegmentedRaftLogWorker (SegmentedRaftLogWorker.java:run(326)) - 917eb864-1739-4fd5-ac14-ff1ecb8c1d24@group-82FE8DDC79AF-SegmentedRaftLogWorker was interrupted, exiting. There are 0 tasks remaining in the queue.
2021-01-29 15:27:41,696 [Command processor thread] INFO  segmented.SegmentedRaftLogWorker (SegmentedRaftLogWorker.java:close(236)) - 917eb864-1739-4fd5-ac14-ff1ecb8c1d24@group-82FE8DDC79AF-SegmentedRaftLogWorker close()
2021-01-29 15:27:41,696 [Command processor thread] INFO  metrics.RatisMetrics (RatisMetrics.java:unregister(43)) - Unregistering Metrics Registry : ratis.log_worker.917eb864-1739-4fd5-ac14-ff1ecb8c1d24@group-82FE8DDC79AF
2021-01-29 15:27:41,697 [Command processor thread] INFO  metrics.RatisMetrics (RatisMetrics.java:unregister(43)) - Unregistering Metrics Registry : ratis.leader_election.917eb864-1739-4fd5-ac14-ff1ecb8c1d24@group-82FE8DDC79AF
2021-01-29 15:27:41,697 [Command processor thread] INFO  metrics.RatisMetrics (RatisMetrics.java:unregister(43)) - Unregistering Metrics Registry : ratis.server.917eb864-1739-4fd5-ac14-ff1ecb8c1d24@group-82FE8DDC79AF
2021-01-29 15:27:41,697 [Command processor thread] INFO  segmented.SegmentedRaftLogWorker (SegmentedRaftLogWorker.java:close(236)) - d5d7cc10-80c6-421e-a2cb-6e4e9e0bf9f8@group-82FE8DDC79AF-SegmentedRaftLogWorker close()
2021-01-29 15:27:41,698 [Command processor thread] INFO  metrics.RatisMetrics (RatisMetrics.java:unregister(43)) - Unregistering Metrics Registry : ratis.log_worker.d5d7cc10-80c6-421e-a2cb-6e4e9e0bf9f8@group-82FE8DDC79AF
2021-01-29 15:27:41,699 [Command processor thread] INFO  metrics.RatisMetrics (RatisMetrics.java:unregister(43)) - Unregistering Metrics Registry : ratis.leader_election.d5d7cc10-80c6-421e-a2cb-6e4e9e0bf9f8@group-82FE8DDC79AF
2021-01-29 15:27:41,699 [Command processor thread] INFO  metrics.RatisMetrics (RatisMetrics.java:unregister(43)) - Unregistering Metrics Registry : ratis.server.d5d7cc10-80c6-421e-a2cb-6e4e9e0bf9f8@group-82FE8DDC79AF
2021-01-29 15:27:41,700 [Command processor thread] INFO  keyvalue.KeyValueContainer (KeyValueContainer.java:flushAndSyncDB(388)) - Container 6 is synced with bcsId 16.
2021-01-29 15:27:41,700 [Command processor thread] INFO  keyvalue.KeyValueContainer (KeyValueContainer.java:flushAndSyncDB(388)) - Container 6 is synced with bcsId 16.
2021-01-29 15:27:41,701 [Command processor thread] INFO  keyvalue.KeyValueContainer (KeyValueContainer.java:flushAndSyncDB(388)) - Container 6 is synced with bcsId 16.
2021-01-29 15:27:41,701 [Command processor thread] INFO  keyvalue.KeyValueContainer (KeyValueContainer.java:flushAndSyncDB(388)) - Container 6 is synced with bcsId 16.
2021-01-29 15:27:41,703 [Command processor thread] ERROR commandhandler.ClosePipelineCommandHandler (ClosePipelineCommandHandler.java:handle(78)) - Can't close pipeline PipelineID=ada21374-47fd-4d92-9ee3-82fe8ddc79af
java.io.IOException: org.yaml.snakeyaml.error.YAMLException: java.io.IOException: No space left on device
	at org.apache.hadoop.ozone.container.common.transport.server.ratis.XceiverServerRatis.removeGroup(XceiverServerRatis.java:788)
	at org.apache.hadoop.ozone.container.common.statemachine.commandhandler.ClosePipelineCommandHandler.handle(ClosePipelineCommandHandler.java:74)
	at org.apache.hadoop.ozone.container.common.statemachine.commandhandler.CommandDispatcher.handle(CommandDispatcher.java:99)
	at org.apache.hadoop.ozone.container.common.statemachine.DatanodeStateMachine.lambda$initCommandHandlerThread$2(DatanodeStateMachine.java:498)
	at java.lang.Thread.run(Thread.java:748)
Caused by: java.io.IOException: org.yaml.snakeyaml.error.YAMLException: java.io.IOException: No space left on device
	at org.apache.ratis.util.IOUtils.asIOException(IOUtils.java:54)
	at org.apache.ratis.server.impl.RaftServerImpl.waitForReply(RaftServerImpl.java:880)
	at org.apache.ratis.server.impl.RaftServerProxy.groupManagement(RaftServerProxy.java:440)
	at org.apache.hadoop.ozone.container.common.transport.server.ratis.XceiverServerRatis.removeGroup(XceiverServerRatis.java:786)
	... 4 more
Caused by: org.yaml.snakeyaml.error.YAMLException: java.io.IOException: No space left on device
	at org.yaml.snakeyaml.Yaml.dumpAll(Yaml.java:280)
	at org.yaml.snakeyaml.Yaml.dump(Yaml.java:256)
	at org.apache.hadoop.ozone.container.common.impl.ContainerDataYaml.createContainerFile(ContainerDataYaml.java:96)
	at org.apache.hadoop.ozone.container.keyvalue.KeyValueContainer.writeToContainerFile(KeyValueContainer.java:214)
	at org.apache.hadoop.ozone.container.keyvalue.KeyValueContainer.updateContainerFile(KeyValueContainer.java:248)
	at org.apache.hadoop.ozone.container.keyvalue.KeyValueContainer.updateContainerData(KeyValueContainer.java:358)
	at org.apache.hadoop.ozone.container.keyvalue.KeyValueContainer.quasiClose(KeyValueContainer.java:306)
	at org.apache.hadoop.ozone.container.keyvalue.KeyValueHandler.quasiCloseContainer(KeyValueHandler.java:997)
	at org.apache.hadoop.ozone.container.ozoneimpl.ContainerController.quasiCloseContainer(ContainerController.java:119)
	at org.apache.hadoop.ozone.container.common.transport.server.ratis.ContainerStateMachine.notifyGroupRemove(ContainerStateMachine.java:884)
	at org.apache.ratis.server.impl.RaftServerImpl.groupRemove(RaftServerImpl.java:371)
	at org.apache.ratis.server.impl.RaftServerProxy.lambda$groupRemoveAsync$14(RaftServerProxy.java:507)
	at java.util.concurrent.CompletableFuture.uniApply(CompletableFuture.java:616)
	at java.util.concurrent.CompletableFuture.uniApplyStage(CompletableFuture.java:628)
	at java.util.concurrent.CompletableFuture.thenApply(CompletableFuture.java:1996)
	at org.apache.ratis.server.impl.RaftServerProxy.groupRemoveAsync(RaftServerProxy.java:506)
	at org.apache.ratis.server.impl.RaftServerProxy.groupManagementAsync(RaftServerProxy.java:460)
	... 6 more
Caused by: java.io.IOException: No space left on device
	at java.io.FileOutputStream.writeBytes(Native Method)
	at java.io.FileOutputStream.write(FileOutputStream.java:326)
	at sun.nio.cs.StreamEncoder.writeBytes(StreamEncoder.java:221)
	at sun.nio.cs.StreamEncoder.implFlushBuffer(StreamEncoder.java:291)
	at sun.nio.cs.StreamEncoder.implFlush(StreamEncoder.java:295)
	at sun.nio.cs.StreamEncoder.flush(StreamEncoder.java:141)
	at java.io.OutputStreamWriter.flush(OutputStreamWriter.java:229)
	at org.yaml.snakeyaml.emitter.Emitter.flushStream(Emitter.java:1078)
	at org.yaml.snakeyaml.emitter.Emitter$ExpectDocumentEnd.expect(Emitter.java:368)
	at org.yaml.snakeyaml.emitter.Emitter.emit(Emitter.java:220)
	at org.yaml.snakeyaml.serializer.Serializer.serialize(Serializer.java:115)
	at org.yaml.snakeyaml.Yaml.dumpAll(Yaml.java:276)
	... 22 more
2021-01-29 15:27:41,705 [Command processor thread] WARN  server.RaftServer (RaftServerProxy.java:remove(101)) - 917eb864-1739-4fd5-ac14-ff1ecb8c1d24: does not contain group: group-82FE8DDC79AF
2021-01-29 15:27:41,705 [Command processor thread] ERROR commandhandler.ClosePipelineCommandHandler (ClosePipelineCommandHandler.java:handle(78)) - Can't close pipeline PipelineID=ada21374-47fd-4d92-9ee3-82fe8ddc79af
java.io.IOException: 917eb864-1739-4fd5-ac14-ff1ecb8c1d24: Group group-82FE8DDC79AF not found.
	at org.apache.hadoop.ozone.container.common.transport.server.ratis.XceiverServerRatis.removeGroup(XceiverServerRatis.java:788)
	at org.apache.hadoop.ozone.container.common.statemachine.commandhandler.ClosePipelineCommandHandler.handle(ClosePipelineCommandHandler.java:74)
	at org.apache.hadoop.ozone.container.common.statemachine.commandhandler.CommandDispatcher.handle(CommandDispatcher.java:99)
	at org.apache.hadoop.ozone.container.common.statemachine.DatanodeStateMachine.lambda$initCommandHandlerThread$2(DatanodeStateMachine.java:498)
	at java.lang.Thread.run(Thread.java:748)
Caused by: org.apache.ratis.protocol.exceptions.GroupMismatchException: 917eb864-1739-4fd5-ac14-ff1ecb8c1d24: Group group-82FE8DDC79AF not found.
	at org.apache.ratis.server.impl.RaftServerProxy.groupRemoveAsync(RaftServerProxy.java:504)
	at org.apache.ratis.server.impl.RaftServerProxy.groupManagementAsync(RaftServerProxy.java:460)
	at org.apache.ratis.server.impl.RaftServerProxy.groupManagement(RaftServerProxy.java:440)
	at org.apache.hadoop.ozone.container.common.transport.server.ratis.XceiverServerRatis.removeGroup(XceiverServerRatis.java:786)
	... 4 more
2021-01-29 15:27:41,705 [Command processor thread] WARN  server.RaftServer (RaftServerProxy.java:remove(101)) - 917eb864-1739-4fd5-ac14-ff1ecb8c1d24: does not contain group: group-82FE8DDC79AF
2021-01-29 15:27:41,705 [Command processor thread] ERROR commandhandler.ClosePipelineCommandHandler (ClosePipelineCommandHandler.java:handle(78)) - Can't close pipeline PipelineID=ada21374-47fd-4d92-9ee3-82fe8ddc79af
java.io.IOException: 917eb864-1739-4fd5-ac14-ff1ecb8c1d24: Group group-82FE8DDC79AF not found.
	at org.apache.hadoop.ozone.container.common.transport.server.ratis.XceiverServerRatis.removeGroup(XceiverServerRatis.java:788)
	at org.apache.hadoop.ozone.container.common.statemachine.commandhandler.ClosePipelineCommandHandler.handle(ClosePipelineCommandHandler.java:74)
	at org.apache.hadoop.ozone.container.common.statemachine.commandhandler.CommandDispatcher.handle(CommandDispatcher.java:99)
	at org.apache.hadoop.ozone.container.common.statemachine.DatanodeStateMachine.lambda$initCommandHandlerThread$2(DatanodeStateMachine.java:498)
	at java.lang.Thread.run(Thread.java:748)
Caused by: org.apache.ratis.protocol.exceptions.GroupMismatchException: 917eb864-1739-4fd5-ac14-ff1ecb8c1d24: Group group-82FE8DDC79AF not found.
	at org.apache.ratis.server.impl.RaftServerProxy.groupRemoveAsync(RaftServerProxy.java:504)
	at org.apache.ratis.server.impl.RaftServerProxy.groupManagementAsync(RaftServerProxy.java:460)
	at org.apache.ratis.server.impl.RaftServerProxy.groupManagement(RaftServerProxy.java:440)
	at org.apache.hadoop.ozone.container.common.transport.server.ratis.XceiverServerRatis.removeGroup(XceiverServerRatis.java:786)
	... 4 more
2021-01-29 15:27:41,706 [Command processor thread] INFO  server.RaftServer (RaftServerProxy.java:addNew(95)) - 917eb864-1739-4fd5-ac14-ff1ecb8c1d24: addNew group-2B6E843CAA4B:[917eb864-1739-4fd5-ac14-ff1ecb8c1d24|rpc:172.17.0.2:34275|priority:0, 093cbee5-fb37-48c5-a334-037ab050c5a4|rpc:172.17.0.2:43895|priority:1, 3c3654b1-0b5a-47d6-bc1d-707c0ba10370|rpc:172.17.0.2:33849|priority:0] returns group-2B6E843CAA4B:java.util.concurrent.CompletableFuture@2cac39f8[Not completed]
2021-01-29 15:27:41,706 [Command processor thread] ERROR commandhandler.ClosePipelineCommandHandler (ClosePipelineCommandHandler.java:handle(78)) - Can't close pipeline PipelineID=ada21374-47fd-4d92-9ee3-82fe8ddc79af
java.io.IOException: org.yaml.snakeyaml.error.YAMLException: java.io.IOException: No space left on device
	at org.apache.hadoop.ozone.container.common.transport.server.ratis.XceiverServerRatis.removeGroup(XceiverServerRatis.java:788)
	at org.apache.hadoop.ozone.container.common.statemachine.commandhandler.ClosePipelineCommandHandler.handle(ClosePipelineCommandHandler.java:74)
	at org.apache.hadoop.ozone.container.common.statemachine.commandhandler.CommandDispatcher.handle(CommandDispatcher.java:99)
	at org.apache.hadoop.ozone.container.common.statemachine.DatanodeStateMachine.lambda$initCommandHandlerThread$2(DatanodeStateMachine.java:498)
	at java.lang.Thread.run(Thread.java:748)
Caused by: java.io.IOException: org.yaml.snakeyaml.error.YAMLException: java.io.IOException: No space left on device
	at org.apache.ratis.util.IOUtils.asIOException(IOUtils.java:54)
	at org.apache.ratis.server.impl.RaftServerImpl.waitForReply(RaftServerImpl.java:880)
	at org.apache.ratis.server.impl.RaftServerProxy.groupManagement(RaftServerProxy.java:440)
	at org.apache.hadoop.ozone.container.common.transport.server.ratis.XceiverServerRatis.removeGroup(XceiverServerRatis.java:786)
	... 4 more
Caused by: org.yaml.snakeyaml.error.YAMLException: java.io.IOException: No space left on device
	at org.yaml.snakeyaml.Yaml.dumpAll(Yaml.java:280)
	at org.yaml.snakeyaml.Yaml.dump(Yaml.java:256)
	at org.apache.hadoop.ozone.container.common.impl.ContainerDataYaml.createContainerFile(ContainerDataYaml.java:96)
	at org.apache.hadoop.ozone.container.keyvalue.KeyValueContainer.writeToContainerFile(KeyValueContainer.java:214)
	at org.apache.hadoop.ozone.container.keyvalue.KeyValueContainer.updateContainerFile(KeyValueContainer.java:248)
	at org.apache.hadoop.ozone.container.keyvalue.KeyValueContainer.updateContainerData(KeyValueContainer.java:358)
	at org.apache.hadoop.ozone.container.keyvalue.KeyValueContainer.quasiClose(KeyValueContainer.java:306)
	at org.apache.hadoop.ozone.container.keyvalue.KeyValueHandler.quasiCloseContainer(KeyValueHandler.java:997)
	at org.apache.hadoop.ozone.container.ozoneimpl.ContainerController.quasiCloseContainer(ContainerController.java:119)
	at org.apache.hadoop.ozone.container.common.transport.server.ratis.ContainerStateMachine.notifyGroupRemove(ContainerStateMachine.java:884)
	at org.apache.ratis.server.impl.RaftServerImpl.groupRemove(RaftServerImpl.java:371)
	at org.apache.ratis.server.impl.RaftServerProxy.lambda$groupRemoveAsync$14(RaftServerProxy.java:507)
	at java.util.concurrent.CompletableFuture.uniApply(CompletableFuture.java:616)
	at java.util.concurrent.CompletableFuture.uniApplyStage(CompletableFuture.java:628)
	at java.util.concurrent.CompletableFuture.thenApply(CompletableFuture.java:1996)
	at org.apache.ratis.server.impl.RaftServerProxy.groupRemoveAsync(RaftServerProxy.java:506)
	at org.apache.ratis.server.impl.RaftServerProxy.groupManagementAsync(RaftServerProxy.java:460)
	... 6 more
Caused by: java.io.IOException: No space left on device
	at java.io.FileOutputStream.writeBytes(Native Method)
	at java.io.FileOutputStream.write(FileOutputStream.java:326)
	at sun.nio.cs.StreamEncoder.writeBytes(StreamEncoder.java:221)
	at sun.nio.cs.StreamEncoder.implFlushBuffer(StreamEncoder.java:291)
	at sun.nio.cs.StreamEncoder.implFlush(StreamEncoder.java:295)
	at sun.nio.cs.StreamEncoder.flush(StreamEncoder.java:141)
	at java.io.OutputStreamWriter.flush(OutputStreamWriter.java:229)
	at org.yaml.snakeyaml.emitter.Emitter.flushStream(Emitter.java:1078)
	at org.yaml.snakeyaml.emitter.Emitter$ExpectDocumentEnd.expect(Emitter.java:368)
	at org.yaml.snakeyaml.emitter.Emitter.emit(Emitter.java:220)
	at org.yaml.snakeyaml.serializer.Serializer.serialize(Serializer.java:115)
	at org.yaml.snakeyaml.Yaml.dumpAll(Yaml.java:276)
	... 22 more
2021-01-29 15:27:41,707 [Command processor thread] WARN  server.RaftServer (RaftServerProxy.java:remove(101)) - d5d7cc10-80c6-421e-a2cb-6e4e9e0bf9f8: does not contain group: group-82FE8DDC79AF
2021-01-29 15:27:41,707 [Command processor thread] ERROR commandhandler.ClosePipelineCommandHandler (ClosePipelineCommandHandler.java:handle(78)) - Can't close pipeline PipelineID=ada21374-47fd-4d92-9ee3-82fe8ddc79af
java.io.IOException: d5d7cc10-80c6-421e-a2cb-6e4e9e0bf9f8: Group group-82FE8DDC79AF not found.
	at org.apache.hadoop.ozone.container.common.transport.server.ratis.XceiverServerRatis.removeGroup(XceiverServerRatis.java:788)
	at org.apache.hadoop.ozone.container.common.statemachine.commandhandler.ClosePipelineCommandHandler.handle(ClosePipelineCommandHandler.java:74)
	at org.apache.hadoop.ozone.container.common.statemachine.commandhandler.CommandDispatcher.handle(CommandDispatcher.java:99)
	at org.apache.hadoop.ozone.container.common.statemachine.DatanodeStateMachine.lambda$initCommandHandlerThread$2(DatanodeStateMachine.java:498)
	at java.lang.Thread.run(Thread.java:748)
Caused by: org.apache.ratis.protocol.exceptions.GroupMismatchException: d5d7cc10-80c6-421e-a2cb-6e4e9e0bf9f8: Group group-82FE8DDC79AF not found.
	at org.apache.ratis.server.impl.RaftServerProxy.groupRemoveAsync(RaftServerProxy.java:504)
	at org.apache.ratis.server.impl.RaftServerProxy.groupManagementAsync(RaftServerProxy.java:460)
	at org.apache.ratis.server.impl.RaftServerProxy.groupManagement(RaftServerProxy.java:440)
	at org.apache.hadoop.ozone.container.common.transport.server.ratis.XceiverServerRatis.removeGroup(XceiverServerRatis.java:786)
	... 4 more
2021-01-29 15:27:41,707 [Command processor thread] WARN  server.RaftServer (RaftServerProxy.java:remove(101)) - d5d7cc10-80c6-421e-a2cb-6e4e9e0bf9f8: does not contain group: group-82FE8DDC79AF
2021-01-29 15:27:41,708 [Command processor thread] ERROR commandhandler.ClosePipelineCommandHandler (ClosePipelineCommandHandler.java:handle(78)) - Can't close pipeline PipelineID=ada21374-47fd-4d92-9ee3-82fe8ddc79af
java.io.IOException: d5d7cc10-80c6-421e-a2cb-6e4e9e0bf9f8: Group group-82FE8DDC79AF not found.
	at org.apache.hadoop.ozone.container.common.transport.server.ratis.XceiverServerRatis.removeGroup(XceiverServerRatis.java:788)
	at org.apache.hadoop.ozone.container.common.statemachine.commandhandler.ClosePipelineCommandHandler.handle(ClosePipelineCommandHandler.java:74)
	at org.apache.hadoop.ozone.container.common.statemachine.commandhandler.CommandDispatcher.handle(CommandDispatcher.java:99)
	at org.apache.hadoop.ozone.container.common.statemachine.DatanodeStateMachine.lambda$initCommandHandlerThread$2(DatanodeStateMachine.java:498)
	at java.lang.Thread.run(Thread.java:748)
Caused by: org.apache.ratis.protocol.exceptions.GroupMismatchException: d5d7cc10-80c6-421e-a2cb-6e4e9e0bf9f8: Group group-82FE8DDC79AF not found.
	at org.apache.ratis.server.impl.RaftServerProxy.groupRemoveAsync(RaftServerProxy.java:504)
	at org.apache.ratis.server.impl.RaftServerProxy.groupManagementAsync(RaftServerProxy.java:460)
	at org.apache.ratis.server.impl.RaftServerProxy.groupManagement(RaftServerProxy.java:440)
	at org.apache.hadoop.ozone.container.common.transport.server.ratis.XceiverServerRatis.removeGroup(XceiverServerRatis.java:786)
	... 4 more
2021-01-29 15:27:41,709 [Command processor thread] WARN  server.RaftServer (RaftServerProxy.java:remove(101)) - d5d7cc10-80c6-421e-a2cb-6e4e9e0bf9f8: does not contain group: group-82FE8DDC79AF
2021-01-29 15:27:41,709 [Command processor thread] ERROR commandhandler.ClosePipelineCommandHandler (ClosePipelineCommandHandler.java:handle(78)) - Can't close pipeline PipelineID=ada21374-47fd-4d92-9ee3-82fe8ddc79af
java.io.IOException: d5d7cc10-80c6-421e-a2cb-6e4e9e0bf9f8: Group group-82FE8DDC79AF not found.
	at org.apache.hadoop.ozone.container.common.transport.server.ratis.XceiverServerRatis.removeGroup(XceiverServerRatis.java:788)
	at org.apache.hadoop.ozone.container.common.statemachine.commandhandler.ClosePipelineCommandHandler.handle(ClosePipelineCommandHandler.java:74)
	at org.apache.hadoop.ozone.container.common.statemachine.commandhandler.CommandDispatcher.handle(CommandDispatcher.java:99)
	at org.apache.hadoop.ozone.container.common.statemachine.DatanodeStateMachine.lambda$initCommandHandlerThread$2(DatanodeStateMachine.java:498)
	at java.lang.Thread.run(Thread.java:748)
Caused by: org.apache.ratis.protocol.exceptions.GroupMismatchException: d5d7cc10-80c6-421e-a2cb-6e4e9e0bf9f8: Group group-82FE8DDC79AF not found.
	at org.apache.ratis.server.impl.RaftServerProxy.groupRemoveAsync(RaftServerProxy.java:504)
	at org.apache.ratis.server.impl.RaftServerProxy.groupManagementAsync(RaftServerProxy.java:460)
	at org.apache.ratis.server.impl.RaftServerProxy.groupManagement(RaftServerProxy.java:440)
	at org.apache.hadoop.ozone.container.common.transport.server.ratis.XceiverServerRatis.removeGroup(XceiverServerRatis.java:786)
	... 4 more
2021-01-29 15:27:41,709 [Command processor thread] WARN  server.RaftServer (RaftServerProxy.java:remove(101)) - d5d7cc10-80c6-421e-a2cb-6e4e9e0bf9f8: does not contain group: group-82FE8DDC79AF
2021-01-29 15:27:41,709 [Command processor thread] ERROR commandhandler.ClosePipelineCommandHandler (ClosePipelineCommandHandler.java:handle(78)) - Can't close pipeline PipelineID=ada21374-47fd-4d92-9ee3-82fe8ddc79af
java.io.IOException: d5d7cc10-80c6-421e-a2cb-6e4e9e0bf9f8: Group group-82FE8DDC79AF not found.
	at org.apache.hadoop.ozone.container.common.transport.server.ratis.XceiverServerRatis.removeGroup(XceiverServerRatis.java:788)
	at org.apache.hadoop.ozone.container.common.statemachine.commandhandler.ClosePipelineCommandHandler.handle(ClosePipelineCommandHandler.java:74)
	at org.apache.hadoop.ozone.container.common.statemachine.commandhandler.CommandDispatcher.handle(CommandDispatcher.java:99)
	at org.apache.hadoop.ozone.container.common.statemachine.DatanodeStateMachine.lambda$initCommandHandlerThread$2(DatanodeStateMachine.java:498)
	at java.lang.Thread.run(Thread.java:748)
Caused by: org.apache.ratis.protocol.exceptions.GroupMismatchException: d5d7cc10-80c6-421e-a2cb-6e4e9e0bf9f8: Group group-82FE8DDC79AF not found.
	at org.apache.ratis.server.impl.RaftServerProxy.groupRemoveAsync(RaftServerProxy.java:504)
	at org.apache.ratis.server.impl.RaftServerProxy.groupManagementAsync(RaftServerProxy.java:460)
	at org.apache.ratis.server.impl.RaftServerProxy.groupManagement(RaftServerProxy.java:440)
	at org.apache.hadoop.ozone.container.common.transport.server.ratis.XceiverServerRatis.removeGroup(XceiverServerRatis.java:786)
	... 4 more
2021-01-29 15:27:41,709 [Command processor thread] WARN  server.RaftServer (RaftServerProxy.java:remove(101)) - d5d7cc10-80c6-421e-a2cb-6e4e9e0bf9f8: does not contain group: group-82FE8DDC79AF
2021-01-29 15:27:41,709 [Command processor thread] ERROR commandhandler.ClosePipelineCommandHandler (ClosePipelineCommandHandler.java:handle(78)) - Can't close pipeline PipelineID=ada21374-47fd-4d92-9ee3-82fe8ddc79af
java.io.IOException: d5d7cc10-80c6-421e-a2cb-6e4e9e0bf9f8: Group group-82FE8DDC79AF not found.
	at org.apache.hadoop.ozone.container.common.transport.server.ratis.XceiverServerRatis.removeGroup(XceiverServerRatis.java:788)
	at org.apache.hadoop.ozone.container.common.statemachine.commandhandler.ClosePipelineCommandHandler.handle(ClosePipelineCommandHandler.java:74)
	at org.apache.hadoop.ozone.container.common.statemachine.commandhandler.CommandDispatcher.handle(CommandDispatcher.java:99)
	at org.apache.hadoop.ozone.container.common.statemachine.DatanodeStateMachine.lambda$initCommandHandlerThread$2(DatanodeStateMachine.java:498)
	at java.lang.Thread.run(Thread.java:748)
Caused by: org.apache.ratis.protocol.exceptions.GroupMismatchException: d5d7cc10-80c6-421e-a2cb-6e4e9e0bf9f8: Group group-82FE8DDC79AF not found.
	at org.apache.ratis.server.impl.RaftServerProxy.groupRemoveAsync(RaftServerProxy.java:504)
	at org.apache.ratis.server.impl.RaftServerProxy.groupManagementAsync(RaftServerProxy.java:460)
	at org.apache.ratis.server.impl.RaftServerProxy.groupManagement(RaftServerProxy.java:440)
	at org.apache.hadoop.ozone.container.common.transport.server.ratis.XceiverServerRatis.removeGroup(XceiverServerRatis.java:786)
	... 4 more
2021-01-29 15:27:41,709 [Command processor thread] WARN  server.RaftServer (RaftServerProxy.java:remove(101)) - d5d7cc10-80c6-421e-a2cb-6e4e9e0bf9f8: does not contain group: group-82FE8DDC79AF
2021-01-29 15:27:41,709 [Command processor thread] ERROR commandhandler.ClosePipelineCommandHandler (ClosePipelineCommandHandler.java:handle(78)) - Can't close pipeline PipelineID=ada21374-47fd-4d92-9ee3-82fe8ddc79af
java.io.IOException: d5d7cc10-80c6-421e-a2cb-6e4e9e0bf9f8: Group group-82FE8DDC79AF not found.
	at org.apache.hadoop.ozone.container.common.transport.server.ratis.XceiverServerRatis.removeGroup(XceiverServerRatis.java:788)
	at org.apache.hadoop.ozone.container.common.statemachine.commandhandler.ClosePipelineCommandHandler.handle(ClosePipelineCommandHandler.java:74)
	at org.apache.hadoop.ozone.container.common.statemachine.commandhandler.CommandDispatcher.handle(CommandDispatcher.java:99)
	at org.apache.hadoop.ozone.container.common.statemachine.DatanodeStateMachine.lambda$initCommandHandlerThread$2(DatanodeStateMachine.java:498)
	at java.lang.Thread.run(Thread.java:748)
Caused by: org.apache.ratis.protocol.exceptions.GroupMismatchException: d5d7cc10-80c6-421e-a2cb-6e4e9e0bf9f8: Group group-82FE8DDC79AF not found.
	at org.apache.ratis.server.impl.RaftServerProxy.groupRemoveAsync(RaftServerProxy.java:504)
	at org.apache.ratis.server.impl.RaftServerProxy.groupManagementAsync(RaftServerProxy.java:460)
	at org.apache.ratis.server.impl.RaftServerProxy.groupManagement(RaftServerProxy.java:440)
	at org.apache.hadoop.ozone.container.common.transport.server.ratis.XceiverServerRatis.removeGroup(XceiverServerRatis.java:786)
	... 4 more
2021-01-29 15:27:41,712 [Command processor thread] WARN  server.RaftServer (RaftServerProxy.java:remove(101)) - d5d7cc10-80c6-421e-a2cb-6e4e9e0bf9f8: does not contain group: group-82FE8DDC79AF
2021-01-29 15:27:41,712 [Command processor thread] ERROR commandhandler.ClosePipelineCommandHandler (ClosePipelineCommandHandler.java:handle(78)) - Can't close pipeline PipelineID=ada21374-47fd-4d92-9ee3-82fe8ddc79af
java.io.IOException: d5d7cc10-80c6-421e-a2cb-6e4e9e0bf9f8: Group group-82FE8DDC79AF not found.
	at org.apache.hadoop.ozone.container.common.transport.server.ratis.XceiverServerRatis.removeGroup(XceiverServerRatis.java:788)
	at org.apache.hadoop.ozone.container.common.statemachine.commandhandler.ClosePipelineCommandHandler.handle(ClosePipelineCommandHandler.java:74)
	at org.apache.hadoop.ozone.container.common.statemachine.commandhandler.CommandDispatcher.handle(CommandDispatcher.java:99)
	at org.apache.hadoop.ozone.container.common.statemachine.DatanodeStateMachine.lambda$initCommandHandlerThread$2(DatanodeStateMachine.java:498)
	at java.lang.Thread.run(Thread.java:748)
Caused by: org.apache.ratis.protocol.exceptions.GroupMismatchException: d5d7cc10-80c6-421e-a2cb-6e4e9e0bf9f8: Group group-82FE8DDC79AF not found.
	at org.apache.ratis.server.impl.RaftServerProxy.groupRemoveAsync(RaftServerProxy.java:504)
	at org.apache.ratis.server.impl.RaftServerProxy.groupManagementAsync(RaftServerProxy.java:460)
	at org.apache.ratis.server.impl.RaftServerProxy.groupManagement(RaftServerProxy.java:440)
	at org.apache.hadoop.ozone.container.common.transport.server.ratis.XceiverServerRatis.removeGroup(XceiverServerRatis.java:786)
	... 4 more
2021-01-29 15:27:41,712 [Command processor thread] WARN  server.RaftServer (RaftServerProxy.java:remove(101)) - d5d7cc10-80c6-421e-a2cb-6e4e9e0bf9f8: does not contain group: group-82FE8DDC79AF
2021-01-29 15:27:41,712 [Command processor thread] ERROR commandhandler.ClosePipelineCommandHandler (ClosePipelineCommandHandler.java:handle(78)) - Can't close pipeline PipelineID=ada21374-47fd-4d92-9ee3-82fe8ddc79af
java.io.IOException: d5d7cc10-80c6-421e-a2cb-6e4e9e0bf9f8: Group group-82FE8DDC79AF not found.
	at org.apache.hadoop.ozone.container.common.transport.server.ratis.XceiverServerRatis.removeGroup(XceiverServerRatis.java:788)
	at org.apache.hadoop.ozone.container.common.statemachine.commandhandler.ClosePipelineCommandHandler.handle(ClosePipelineCommandHandler.java:74)
	at org.apache.hadoop.ozone.container.common.statemachine.commandhandler.CommandDispatcher.handle(CommandDispatcher.java:99)
	at org.apache.hadoop.ozone.container.common.statemachine.DatanodeStateMachine.lambda$initCommandHandlerThread$2(DatanodeStateMachine.java:498)
	at java.lang.Thread.run(Thread.java:748)
Caused by: org.apache.ratis.protocol.exceptions.GroupMismatchException: d5d7cc10-80c6-421e-a2cb-6e4e9e0bf9f8: Group group-82FE8DDC79AF not found.
	at org.apache.ratis.server.impl.RaftServerProxy.groupRemoveAsync(RaftServerProxy.java:504)
	at org.apache.ratis.server.impl.RaftServerProxy.groupManagementAsync(RaftServerProxy.java:460)
	at org.apache.ratis.server.impl.RaftServerProxy.groupManagement(RaftServerProxy.java:440)
	at org.apache.hadoop.ozone.container.common.transport.server.ratis.XceiverServerRatis.removeGroup(XceiverServerRatis.java:786)
	... 4 more
2021-01-29 15:27:41,712 [Command processor thread] WARN  server.RaftServer (RaftServerProxy.java:remove(101)) - d5d7cc10-80c6-421e-a2cb-6e4e9e0bf9f8: does not contain group: group-82FE8DDC79AF
2021-01-29 15:27:41,712 [Command processor thread] ERROR commandhandler.ClosePipelineCommandHandler (ClosePipelineCommandHandler.java:handle(78)) - Can't close pipeline PipelineID=ada21374-47fd-4d92-9ee3-82fe8ddc79af
java.io.IOException: d5d7cc10-80c6-421e-a2cb-6e4e9e0bf9f8: Group group-82FE8DDC79AF not found.
	at org.apache.hadoop.ozone.container.common.transport.server.ratis.XceiverServerRatis.removeGroup(XceiverServerRatis.java:788)
	at org.apache.hadoop.ozone.container.common.statemachine.commandhandler.ClosePipelineCommandHandler.handle(ClosePipelineCommandHandler.java:74)
	at org.apache.hadoop.ozone.container.common.statemachine.commandhandler.CommandDispatcher.handle(CommandDispatcher.java:99)
	at org.apache.hadoop.ozone.container.common.statemachine.DatanodeStateMachine.lambda$initCommandHandlerThread$2(DatanodeStateMachine.java:498)
	at java.lang.Thread.run(Thread.java:748)
Caused by: org.apache.ratis.protocol.exceptions.GroupMismatchException: d5d7cc10-80c6-421e-a2cb-6e4e9e0bf9f8: Group group-82FE8DDC79AF not found.
	at org.apache.ratis.server.impl.RaftServerProxy.groupRemoveAsync(RaftServerProxy.java:504)
	at org.apache.ratis.server.impl.RaftServerProxy.groupManagementAsync(RaftServerProxy.java:460)
	at org.apache.ratis.server.impl.RaftServerProxy.groupManagement(RaftServerProxy.java:440)
	at org.apache.hadoop.ozone.container.common.transport.server.ratis.XceiverServerRatis.removeGroup(XceiverServerRatis.java:786)
	... 4 more
2021-01-29 15:27:41,712 [Command processor thread] WARN  server.RaftServer (RaftServerProxy.java:remove(101)) - d5d7cc10-80c6-421e-a2cb-6e4e9e0bf9f8: does not contain group: group-82FE8DDC79AF
2021-01-29 15:27:41,712 [Command processor thread] ERROR commandhandler.ClosePipelineCommandHandler (ClosePipelineCommandHandler.java:handle(78)) - Can't close pipeline PipelineID=ada21374-47fd-4d92-9ee3-82fe8ddc79af
java.io.IOException: d5d7cc10-80c6-421e-a2cb-6e4e9e0bf9f8: Group group-82FE8DDC79AF not found.
	at org.apache.hadoop.ozone.container.common.transport.server.ratis.XceiverServerRatis.removeGroup(XceiverServerRatis.java:788)
	at org.apache.hadoop.ozone.container.common.statemachine.commandhandler.ClosePipelineCommandHandler.handle(ClosePipelineCommandHandler.java:74)
	at org.apache.hadoop.ozone.container.common.statemachine.commandhandler.CommandDispatcher.handle(CommandDispatcher.java:99)
	at org.apache.hadoop.ozone.container.common.statemachine.DatanodeStateMachine.lambda$initCommandHandlerThread$2(DatanodeStateMachine.java:498)
	at java.lang.Thread.run(Thread.java:748)
Caused by: org.apache.ratis.protocol.exceptions.GroupMismatchException: d5d7cc10-80c6-421e-a2cb-6e4e9e0bf9f8: Group group-82FE8DDC79AF not found.
	at org.apache.ratis.server.impl.RaftServerProxy.groupRemoveAsync(RaftServerProxy.java:504)
	at org.apache.ratis.server.impl.RaftServerProxy.groupManagementAsync(RaftServerProxy.java:460)
	at org.apache.ratis.server.impl.RaftServerProxy.groupManagement(RaftServerProxy.java:440)
	at org.apache.hadoop.ozone.container.common.transport.server.ratis.XceiverServerRatis.removeGroup(XceiverServerRatis.java:786)
	... 4 more
2021-01-29 15:27:41,713 [Command processor thread] WARN  server.RaftServer (RaftServerProxy.java:remove(101)) - d5d7cc10-80c6-421e-a2cb-6e4e9e0bf9f8: does not contain group: group-82FE8DDC79AF
2021-01-29 15:27:41,713 [Command processor thread] ERROR commandhandler.ClosePipelineCommandHandler (ClosePipelineCommandHandler.java:handle(78)) - Can't close pipeline PipelineID=ada21374-47fd-4d92-9ee3-82fe8ddc79af
java.io.IOException: d5d7cc10-80c6-421e-a2cb-6e4e9e0bf9f8: Group group-82FE8DDC79AF not found.
	at org.apache.hadoop.ozone.container.common.transport.server.ratis.XceiverServerRatis.removeGroup(XceiverServerRatis.java:788)
	at org.apache.hadoop.ozone.container.common.statemachine.commandhandler.ClosePipelineCommandHandler.handle(ClosePipelineCommandHandler.java:74)
	at org.apache.hadoop.ozone.container.common.statemachine.commandhandler.CommandDispatcher.handle(CommandDispatcher.java:99)
	at org.apache.hadoop.ozone.container.common.statemachine.DatanodeStateMachine.lambda$initCommandHandlerThread$2(DatanodeStateMachine.java:498)
	at java.lang.Thread.run(Thread.java:748)
Caused by: org.apache.ratis.protocol.exceptions.GroupMismatchException: d5d7cc10-80c6-421e-a2cb-6e4e9e0bf9f8: Group group-82FE8DDC79AF not found.
	at org.apache.ratis.server.impl.RaftServerProxy.groupRemoveAsync(RaftServerProxy.java:504)
	at org.apache.ratis.server.impl.RaftServerProxy.groupManagementAsync(RaftServerProxy.java:460)
	at org.apache.ratis.server.impl.RaftServerProxy.groupManagement(RaftServerProxy.java:440)
	at org.apache.hadoop.ozone.container.common.transport.server.ratis.XceiverServerRatis.removeGroup(XceiverServerRatis.java:786)
	... 4 more
2021-01-29 15:27:41,713 [Command processor thread] WARN  server.RaftServer (RaftServerProxy.java:remove(101)) - d5d7cc10-80c6-421e-a2cb-6e4e9e0bf9f8: does not contain group: group-82FE8DDC79AF
2021-01-29 15:27:41,713 [Command processor thread] ERROR commandhandler.ClosePipelineCommandHandler (ClosePipelineCommandHandler.java:handle(78)) - Can't close pipeline PipelineID=ada21374-47fd-4d92-9ee3-82fe8ddc79af
java.io.IOException: d5d7cc10-80c6-421e-a2cb-6e4e9e0bf9f8: Group group-82FE8DDC79AF not found.
	at org.apache.hadoop.ozone.container.common.transport.server.ratis.XceiverServerRatis.removeGroup(XceiverServerRatis.java:788)
	at org.apache.hadoop.ozone.container.common.statemachine.commandhandler.ClosePipelineCommandHandler.handle(ClosePipelineCommandHandler.java:74)
	at org.apache.hadoop.ozone.container.common.statemachine.commandhandler.CommandDispatcher.handle(CommandDispatcher.java:99)
	at org.apache.hadoop.ozone.container.common.statemachine.DatanodeStateMachine.lambda$initCommandHandlerThread$2(DatanodeStateMachine.java:498)
	at java.lang.Thread.run(Thread.java:748)
Caused by: org.apache.ratis.protocol.exceptions.GroupMismatchException: d5d7cc10-80c6-421e-a2cb-6e4e9e0bf9f8: Group group-82FE8DDC79AF not found.
	at org.apache.ratis.server.impl.RaftServerProxy.groupRemoveAsync(RaftServerProxy.java:504)
	at org.apache.ratis.server.impl.RaftServerProxy.groupManagementAsync(RaftServerProxy.java:460)
	at org.apache.ratis.server.impl.RaftServerProxy.groupManagement(RaftServerProxy.java:440)
	at org.apache.hadoop.ozone.container.common.transport.server.ratis.XceiverServerRatis.removeGroup(XceiverServerRatis.java:786)
	... 4 more
2021-01-29 15:27:41,708 [pool-38-thread-1] INFO  server.RaftServer$Division (RaftServerImpl.java:<init>(180)) - 917eb864-1739-4fd5-ac14-ff1ecb8c1d24: new RaftServerImpl for group-2B6E843CAA4B:[917eb864-1739-4fd5-ac14-ff1ecb8c1d24|rpc:172.17.0.2:34275|priority:0, 093cbee5-fb37-48c5-a334-037ab050c5a4|rpc:172.17.0.2:43895|priority:1, 3c3654b1-0b5a-47d6-bc1d-707c0ba10370|rpc:172.17.0.2:33849|priority:0] with ContainerStateMachine:uninitialized
2021-01-29 15:27:41,713 [pool-38-thread-1] INFO  server.RaftServerConfigKeys (ConfUtils.java:logGet(44)) - raft.server.rpc.timeout.min = 5s (custom)
2021-01-29 15:27:41,714 [pool-38-thread-1] INFO  server.RaftServerConfigKeys (ConfUtils.java:logGet(44)) - raft.server.rpc.timeout.max = 5200ms (custom)
2021-01-29 15:27:41,714 [pool-38-thread-1] INFO  server.RaftServerConfigKeys (ConfUtils.java:logGet(44)) - raft.server.rpc.sleep.time = 25ms (default)
2021-01-29 15:27:41,714 [pool-38-thread-1] INFO  server.RaftServerConfigKeys (ConfUtils.java:logGet(44)) - raft.server.rpc.slowness.timeout = 300s (custom)
2021-01-29 15:27:41,714 [pool-38-thread-1] INFO  server.RaftServerConfigKeys (ConfUtils.java:logGet(44)) - raft.server.leaderelection.leader.step-down.wait-time = 10s (default)
2021-01-29 15:27:41,714 [pool-38-thread-1] INFO  server.RaftServerConfigKeys (ConfUtils.java:logGet(44)) - raft.server.sleep.deviation.threshold = 300ms (default)
2021-01-29 15:27:41,714 [pool-38-thread-1] INFO  server.RaftServerConfigKeys (ConfUtils.java:logGet(44)) - raft.server.log.appender.install.snapshot.enabled = false (custom)
2021-01-29 15:27:41,714 [pool-38-thread-1] INFO  server.RaftServer$Division (ServerState.java:<init>(105)) - 917eb864-1739-4fd5-ac14-ff1ecb8c1d24@group-2B6E843CAA4B: ConfigurationManager, init=-1: [917eb864-1739-4fd5-ac14-ff1ecb8c1d24|rpc:172.17.0.2:34275|priority:0, 093cbee5-fb37-48c5-a334-037ab050c5a4|rpc:172.17.0.2:43895|priority:1, 3c3654b1-0b5a-47d6-bc1d-707c0ba10370|rpc:172.17.0.2:33849|priority:0], old=null, confs=<EMPTY_MAP>
2021-01-29 15:27:41,714 [pool-38-thread-1] INFO  server.RaftServerConfigKeys (ConfUtils.java:logGet(44)) - raft.server.storage.dir = [/github/workspace/mnt/ozone/hadoop-ozone/integration-test/target/test-dir/MiniOzoneClusterImpl-8ad1afbb-033f-482b-8239-ec8ce0281bc6/datanode-0/data/ratis] (custom)
2021-01-29 15:27:41,714 [pool-38-thread-1] INFO  server.RaftServerConfigKeys (ConfUtils.java:logGet(44)) - raft.server.log.corruption.policy = EXCEPTION (default)
2021-01-29 15:27:41,714 [pool-38-thread-1] INFO  storage.RaftStorageDirectory (RaftStorageDirectoryImpl.java:analyzeStorage(132)) - The storage directory /github/workspace/mnt/ozone/hadoop-ozone/integration-test/target/test-dir/MiniOzoneClusterImpl-8ad1afbb-033f-482b-8239-ec8ce0281bc6/datanode-0/data/ratis/24b3543a-e9cd-4817-9e85-2b6e843caa4b does not exist. Creating ...
2021-01-29 15:27:41,715 [pool-38-thread-1] WARN  util.FileUtils (LogUtils.java:runAndLog(43)) - Failed to Files.createDirectories /github/workspace/mnt/ozone/hadoop-ozone/integration-test/target/test-dir/MiniOzoneClusterImpl-8ad1afbb-033f-482b-8239-ec8ce0281bc6/datanode-0/data/ratis/24b3543a-e9cd-4817-9e85-2b6e843caa4b: java.nio.file.FileSystemException: /github/workspace/mnt/ozone/hadoop-ozone/integration-test/target/test-dir/MiniOzoneClusterImpl-8ad1afbb-033f-482b-8239-ec8ce0281bc6/datanode-0/data/ratis/24b3543a-e9cd-4817-9e85-2b6e843caa4b: No space left on device
2021-01-29 15:27:41,716 [Command processor thread] ERROR commandhandler.CreatePipelineCommandHandler (CreatePipelineCommandHandler.java:handle(111)) - Can't create pipeline RATIS THREE PipelineID=24b3543a-e9cd-4817-9e85-2b6e843caa4b
java.io.IOException: /github/workspace/mnt/ozone/hadoop-ozone/integration-test/target/test-dir/MiniOzoneClusterImpl-8ad1afbb-033f-482b-8239-ec8ce0281bc6/datanode-0/data/ratis/24b3543a-e9cd-4817-9e85-2b6e843caa4b: No space left on device
	at org.apache.hadoop.ozone.container.common.transport.server.ratis.XceiverServerRatis.addGroup(XceiverServerRatis.java:768)
	at org.apache.hadoop.ozone.container.common.statemachine.commandhandler.CreatePipelineCommandHandler.handle(CreatePipelineCommandHandler.java:92)
	at org.apache.hadoop.ozone.container.common.statemachine.commandhandler.CommandDispatcher.handle(CommandDispatcher.java:99)
	at org.apache.hadoop.ozone.container.common.statemachine.DatanodeStateMachine.lambda$initCommandHandlerThread$2(DatanodeStateMachine.java:498)
	at java.lang.Thread.run(Thread.java:748)
Caused by: java.nio.file.FileSystemException: /github/workspace/mnt/ozone/hadoop-ozone/integration-test/target/test-dir/MiniOzoneClusterImpl-8ad1afbb-033f-482b-8239-ec8ce0281bc6/datanode-0/data/ratis/24b3543a-e9cd-4817-9e85-2b6e843caa4b: No space left on device
	at sun.nio.fs.UnixException.translateToIOException(UnixException.java:91)
	at sun.nio.fs.UnixException.rethrowAsIOException(UnixException.java:102)
	at sun.nio.fs.UnixException.rethrowAsIOException(UnixException.java:107)
	at sun.nio.fs.UnixFileSystemProvider.createDirectory(UnixFileSystemProvider.java:384)
	at java.nio.file.Files.createDirectory(Files.java:674)
	at java.nio.file.Files.createAndCheckIsDirectory(Files.java:781)
	at java.nio.file.Files.createDirectories(Files.java:767)
	at org.apache.ratis.util.FileUtils.lambda$createDirectories$4(FileUtils.java:70)
	at org.apache.ratis.util.LogUtils.runAndLog(LogUtils.java:38)
	at org.apache.ratis.util.FileUtils.createDirectories(FileUtils.java:69)
	at org.apache.ratis.util.FileUtils.createDirectories(FileUtils.java:65)
	at org.apache.ratis.server.storage.RaftStorageDirectoryImpl.analyzeStorage(RaftStorageDirectoryImpl.java:133)
	at org.apache.ratis.server.storage.RaftStorageImpl.analyzeAndRecoverStorage(RaftStorageImpl.java:95)
	at org.apache.ratis.server.storage.RaftStorageImpl.<init>(RaftStorageImpl.java:65)
	at org.apache.ratis.server.storage.RaftStorageImpl.<init>(RaftStorageImpl.java:51)
	at org.apache.ratis.server.impl.ServerState.<init>(ServerState.java:112)
	at org.apache.ratis.server.impl.RaftServerImpl.<init>(RaftServerImpl.java:193)
	at org.apache.ratis.server.impl.RaftServerProxy.lambda$newRaftServerImpl$4(RaftServerProxy.java:266)
	at java.util.concurrent.CompletableFuture$AsyncSupply.run(CompletableFuture.java:1604)
	at java.util.concurrent.ThreadPoolExecutor.runWorker(ThreadPoolExecutor.java:1149)
	at java.util.concurrent.ThreadPoolExecutor$Worker.run(ThreadPoolExecutor.java:624)
	... 1 more
2021-01-29 15:27:41,716 [Command processor thread] WARN  server.RaftServer (RaftServerProxy.java:remove(101)) - 917eb864-1739-4fd5-ac14-ff1ecb8c1d24: does not contain group: group-82FE8DDC79AF
2021-01-29 15:27:41,716 [Command processor thread] ERROR commandhandler.ClosePipelineCommandHandler (ClosePipelineCommandHandler.java:handle(78)) - Can't close pipeline PipelineID=ada21374-47fd-4d92-9ee3-82fe8ddc79af
java.io.IOException: 917eb864-1739-4fd5-ac14-ff1ecb8c1d24: Group group-82FE8DDC79AF not found.
	at org.apache.hadoop.ozone.container.common.transport.server.ratis.XceiverServerRatis.removeGroup(XceiverServerRatis.java:788)
	at org.apache.hadoop.ozone.container.common.statemachine.commandhandler.ClosePipelineCommandHandler.handle(ClosePipelineCommandHandler.java:74)
	at org.apache.hadoop.ozone.container.common.statemachine.commandhandler.CommandDispatcher.handle(CommandDispatcher.java:99)
	at org.apache.hadoop.ozone.container.common.statemachine.DatanodeStateMachine.lambda$initCommandHandlerThread$2(DatanodeStateMachine.java:498)
	at java.lang.Thread.run(Thread.java:748)
Caused by: org.apache.ratis.protocol.exceptions.GroupMismatchException: 917eb864-1739-4fd5-ac14-ff1ecb8c1d24: Group group-82FE8DDC79AF not found.
	at org.apache.ratis.server.impl.RaftServerProxy.groupRemoveAsync(RaftServerProxy.java:504)
	at org.apache.ratis.server.impl.RaftServerProxy.groupManagementAsync(RaftServerProxy.java:460)
	at org.apache.ratis.server.impl.RaftServerProxy.groupManagement(RaftServerProxy.java:440)
	at org.apache.hadoop.ozone.container.common.transport.server.ratis.XceiverServerRatis.removeGroup(XceiverServerRatis.java:786)
	... 4 more
2021-01-29 15:27:41,717 [Command processor thread] WARN  server.RaftServer (RaftServerProxy.java:remove(101)) - 917eb864-1739-4fd5-ac14-ff1ecb8c1d24: does not contain group: group-82FE8DDC79AF
2021-01-29 15:27:41,717 [Command processor thread] ERROR commandhandler.ClosePipelineCommandHandler (ClosePipelineCommandHandler.java:handle(78)) - Can't close pipeline PipelineID=ada21374-47fd-4d92-9ee3-82fe8ddc79af
java.io.IOException: 917eb864-1739-4fd5-ac14-ff1ecb8c1d24: Group group-82FE8DDC79AF not found.
	at org.apache.hadoop.ozone.container.common.transport.server.ratis.XceiverServerRatis.removeGroup(XceiverServerRatis.java:788)
	at org.apache.hadoop.ozone.container.common.statemachine.commandhandler.ClosePipelineCommandHandler.handle(ClosePipelineCommandHandler.java:74)
	at org.apache.hadoop.ozone.container.common.statemachine.commandhandler.CommandDispatcher.handle(CommandDispatcher.java:99)
	at org.apache.hadoop.ozone.container.common.statemachine.DatanodeStateMachine.lambda$initCommandHandlerThread$2(DatanodeStateMachine.java:498)
	at java.lang.Thread.run(Thread.java:748)
Caused by: org.apache.ratis.protocol.exceptions.GroupMismatchException: 917eb864-1739-4fd5-ac14-ff1ecb8c1d24: Group group-82FE8DDC79AF not found.
	at org.apache.ratis.server.impl.RaftServerProxy.groupRemoveAsync(RaftServerProxy.java:504)
	at org.apache.ratis.server.impl.RaftServerProxy.groupManagementAsync(RaftServerProxy.java:460)
	at org.apache.ratis.server.impl.RaftServerProxy.groupManagement(RaftServerProxy.java:440)
	at org.apache.hadoop.ozone.container.common.transport.server.ratis.XceiverServerRatis.removeGroup(XceiverServerRatis.java:786)
	... 4 more
2021-01-29 15:27:41,717 [Command processor thread] WARN  server.RaftServer (RaftServerProxy.java:remove(101)) - 917eb864-1739-4fd5-ac14-ff1ecb8c1d24: does not contain group: group-82FE8DDC79AF
2021-01-29 15:27:41,717 [Command processor thread] ERROR commandhandler.ClosePipelineCommandHandler (ClosePipelineCommandHandler.java:handle(78)) - Can't close pipeline PipelineID=ada21374-47fd-4d92-9ee3-82fe8ddc79af
java.io.IOException: 917eb864-1739-4fd5-ac14-ff1ecb8c1d24: Group group-82FE8DDC79AF not found.
	at org.apache.hadoop.ozone.container.common.transport.server.ratis.XceiverServerRatis.removeGroup(XceiverServerRatis.java:788)
	at org.apache.hadoop.ozone.container.common.statemachine.commandhandler.ClosePipelineCommandHandler.handle(ClosePipelineCommandHandler.java:74)
	at org.apache.hadoop.ozone.container.common.statemachine.commandhandler.CommandDispatcher.handle(CommandDispatcher.java:99)
	at org.apache.hadoop.ozone.container.common.statemachine.DatanodeStateMachine.lambda$initCommandHandlerThread$2(DatanodeStateMachine.java:498)
	at java.lang.Thread.run(Thread.java:748)
Caused by: org.apache.ratis.protocol.exceptions.GroupMismatchException: 917eb864-1739-4fd5-ac14-ff1ecb8c1d24: Group group-82FE8DDC79AF not found.
	at org.apache.ratis.server.impl.RaftServerProxy.groupRemoveAsync(RaftServerProxy.java:504)
	at org.apache.ratis.server.impl.RaftServerProxy.groupManagementAsync(RaftServerProxy.java:460)
	at org.apache.ratis.server.impl.RaftServerProxy.groupManagement(RaftServerProxy.java:440)
	at org.apache.hadoop.ozone.container.common.transport.server.ratis.XceiverServerRatis.removeGroup(XceiverServerRatis.java:786)
	... 4 more
2021-01-29 15:27:41,717 [Command processor thread] WARN  server.RaftServer (RaftServerProxy.java:remove(101)) - 917eb864-1739-4fd5-ac14-ff1ecb8c1d24: does not contain group: group-82FE8DDC79AF
2021-01-29 15:27:41,717 [Command processor thread] ERROR commandhandler.ClosePipelineCommandHandler (ClosePipelineCommandHandler.java:handle(78)) - Can't close pipeline PipelineID=ada21374-47fd-4d92-9ee3-82fe8ddc79af
java.io.IOException: 917eb864-1739-4fd5-ac14-ff1ecb8c1d24: Group group-82FE8DDC79AF not found.
	at org.apache.hadoop.ozone.container.common.transport.server.ratis.XceiverServerRatis.removeGroup(XceiverServerRatis.java:788)
	at org.apache.hadoop.ozone.container.common.statemachine.commandhandler.ClosePipelineCommandHandler.handle(ClosePipelineCommandHandler.java:74)
	at org.apache.hadoop.ozone.container.common.statemachine.commandhandler.CommandDispatcher.handle(CommandDispatcher.java:99)
	at org.apache.hadoop.ozone.container.common.statemachine.DatanodeStateMachine.lambda$initCommandHandlerThread$2(DatanodeStateMachine.java:498)
	at java.lang.Thread.run(Thread.java:748)
Caused by: org.apache.ratis.protocol.exceptions.GroupMismatchException: 917eb864-1739-4fd5-ac14-ff1ecb8c1d24: Group group-82FE8DDC79AF not found.
	at org.apache.ratis.server.impl.RaftServerProxy.groupRemoveAsync(RaftServerProxy.java:504)
	at org.apache.ratis.server.impl.RaftServerProxy.groupManagementAsync(RaftServerProxy.java:460)
	at org.apache.ratis.server.impl.RaftServerProxy.groupManagement(RaftServerProxy.java:440)
	at org.apache.hadoop.ozone.container.common.transport.server.ratis.XceiverServerRatis.removeGroup(XceiverServerRatis.java:786)
	... 4 more
2021-01-29 15:27:41,717 [Command processor thread] WARN  server.RaftServer (RaftServerProxy.java:remove(101)) - 917eb864-1739-4fd5-ac14-ff1ecb8c1d24: does not contain group: group-82FE8DDC79AF
2021-01-29 15:27:41,717 [Command processor thread] ERROR commandhandler.ClosePipelineCommandHandler (ClosePipelineCommandHandler.java:handle(78)) - Can't close pipeline PipelineID=ada21374-47fd-4d92-9ee3-82fe8ddc79af
java.io.IOException: 917eb864-1739-4fd5-ac14-ff1ecb8c1d24: Group group-82FE8DDC79AF not found.
	at org.apache.hadoop.ozone.container.common.transport.server.ratis.XceiverServerRatis.removeGroup(XceiverServerRatis.java:788)
	at org.apache.hadoop.ozone.container.common.statemachine.commandhandler.ClosePipelineCommandHandler.handle(ClosePipelineCommandHandler.java:74)
	at org.apache.hadoop.ozone.container.common.statemachine.commandhandler.CommandDispatcher.handle(CommandDispatcher.java:99)
	at org.apache.hadoop.ozone.container.common.statemachine.DatanodeStateMachine.lambda$initCommandHandlerThread$2(DatanodeStateMachine.java:498)
	at java.lang.Thread.run(Thread.java:748)
Caused by: org.apache.ratis.protocol.exceptions.GroupMismatchException: 917eb864-1739-4fd5-ac14-ff1ecb8c1d24: Group group-82FE8DDC79AF not found.
	at org.apache.ratis.server.impl.RaftServerProxy.groupRemoveAsync(RaftServerProxy.java:504)
	at org.apache.ratis.server.impl.RaftServerProxy.groupManagementAsync(RaftServerProxy.java:460)
	at org.apache.ratis.server.impl.RaftServerProxy.groupManagement(RaftServerProxy.java:440)
	at org.apache.hadoop.ozone.container.common.transport.server.ratis.XceiverServerRatis.removeGroup(XceiverServerRatis.java:786)
	... 4 more
2021-01-29 15:27:41,719 [Command processor thread] WARN  server.RaftServer (RaftServerProxy.java:remove(101)) - 917eb864-1739-4fd5-ac14-ff1ecb8c1d24: does not contain group: group-82FE8DDC79AF
2021-01-29 15:27:41,719 [Command processor thread] ERROR commandhandler.ClosePipelineCommandHandler (ClosePipelineCommandHandler.java:handle(78)) - Can't close pipeline PipelineID=ada21374-47fd-4d92-9ee3-82fe8ddc79af
java.io.IOException: 917eb864-1739-4fd5-ac14-ff1ecb8c1d24: Group group-82FE8DDC79AF not found.
	at org.apache.hadoop.ozone.container.common.transport.server.ratis.XceiverServerRatis.removeGroup(XceiverServerRatis.java:788)
	at org.apache.hadoop.ozone.container.common.statemachine.commandhandler.ClosePipelineCommandHandler.handle(ClosePipelineCommandHandler.java:74)
	at org.apache.hadoop.ozone.container.common.statemachine.commandhandler.CommandDispatcher.handle(CommandDispatcher.java:99)
	at org.apache.hadoop.ozone.container.common.statemachine.DatanodeStateMachine.lambda$initCommandHandlerThread$2(DatanodeStateMachine.java:498)
	at java.lang.Thread.run(Thread.java:748)
Caused by: org.apache.ratis.protocol.exceptions.GroupMismatchException: 917eb864-1739-4fd5-ac14-ff1ecb8c1d24: Group group-82FE8DDC79AF not found.
	at org.apache.ratis.server.impl.RaftServerProxy.groupRemoveAsync(RaftServerProxy.java:504)
	at org.apache.ratis.server.impl.RaftServerProxy.groupManagementAsync(RaftServerProxy.java:460)
	at org.apache.ratis.server.impl.RaftServerProxy.groupManagement(RaftServerProxy.java:440)
	at org.apache.hadoop.ozone.container.common.transport.server.ratis.XceiverServerRatis.removeGroup(XceiverServerRatis.java:786)
	... 4 more
2021-01-29 15:27:41,721 [Command processor thread] WARN  server.RaftServer (RaftServerProxy.java:remove(101)) - 917eb864-1739-4fd5-ac14-ff1ecb8c1d24: does not contain group: group-82FE8DDC79AF
2021-01-29 15:27:41,721 [Command processor thread] ERROR commandhandler.ClosePipelineCommandHandler (ClosePipelineCommandHandler.java:handle(78)) - Can't close pipeline PipelineID=ada21374-47fd-4d92-9ee3-82fe8ddc79af
java.io.IOException: 917eb864-1739-4fd5-ac14-ff1ecb8c1d24: Group group-82FE8DDC79AF not found.
	at org.apache.hadoop.ozone.container.common.transport.server.ratis.XceiverServerRatis.removeGroup(XceiverServerRatis.java:788)
	at org.apache.hadoop.ozone.container.common.statemachine.commandhandler.ClosePipelineCommandHandler.handle(ClosePipelineCommandHandler.java:74)
	at org.apache.hadoop.ozone.container.common.statemachine.commandhandler.CommandDispatcher.handle(CommandDispatcher.java:99)
	at org.apache.hadoop.ozone.container.common.statemachine.DatanodeStateMachine.lambda$initCommandHandlerThread$2(DatanodeStateMachine.java:498)
	at java.lang.Thread.run(Thread.java:748)
Caused by: org.apache.ratis.protocol.exceptions.GroupMismatchException: 917eb864-1739-4fd5-ac14-ff1ecb8c1d24: Group group-82FE8DDC79AF not found.
	at org.apache.ratis.server.impl.RaftServerProxy.groupRemoveAsync(RaftServerProxy.java:504)
	at org.apache.ratis.server.impl.RaftServerProxy.groupManagementAsync(RaftServerProxy.java:460)
	at org.apache.ratis.server.impl.RaftServerProxy.groupManagement(RaftServerProxy.java:440)
	at org.apache.hadoop.ozone.container.common.transport.server.ratis.XceiverServerRatis.removeGroup(XceiverServerRatis.java:786)
	... 4 more
2021-01-29 15:27:41,721 [Command processor thread] WARN  server.RaftServer (RaftServerProxy.java:remove(101)) - 917eb864-1739-4fd5-ac14-ff1ecb8c1d24: does not contain group: group-82FE8DDC79AF
2021-01-29 15:27:41,721 [Command processor thread] ERROR commandhandler.ClosePipelineCommandHandler (ClosePipelineCommandHandler.java:handle(78)) - Can't close pipeline PipelineID=ada21374-47fd-4d92-9ee3-82fe8ddc79af
java.io.IOException: 917eb864-1739-4fd5-ac14-ff1ecb8c1d24: Group group-82FE8DDC79AF not found.
	at org.apache.hadoop.ozone.container.common.transport.server.ratis.XceiverServerRatis.removeGroup(XceiverServerRatis.java:788)
	at org.apache.hadoop.ozone.container.common.statemachine.commandhandler.ClosePipelineCommandHandler.handle(ClosePipelineCommandHandler.java:74)
	at org.apache.hadoop.ozone.container.common.statemachine.commandhandler.CommandDispatcher.handle(CommandDispatcher.java:99)
	at org.apache.hadoop.ozone.container.common.statemachine.DatanodeStateMachine.lambda$initCommandHandlerThread$2(DatanodeStateMachine.java:498)
	at java.lang.Thread.run(Thread.java:748)
Caused by: org.apache.ratis.protocol.exceptions.GroupMismatchException: 917eb864-1739-4fd5-ac14-ff1ecb8c1d24: Group group-82FE8DDC79AF not found.
	at org.apache.ratis.server.impl.RaftServerProxy.groupRemoveAsync(RaftServerProxy.java:504)
	at org.apache.ratis.server.impl.RaftServerProxy.groupManagementAsync(RaftServerProxy.java:460)
	at org.apache.ratis.server.impl.RaftServerProxy.groupManagement(RaftServerProxy.java:440)
	at org.apache.hadoop.ozone.container.common.transport.server.ratis.XceiverServerRatis.removeGroup(XceiverServerRatis.java:786)
	... 4 more
2021-01-29 15:27:41,721 [Command processor thread] WARN  server.RaftServer (RaftServerProxy.java:remove(101)) - 917eb864-1739-4fd5-ac14-ff1ecb8c1d24: does not contain group: group-82FE8DDC79AF
2021-01-29 15:27:41,721 [Command processor thread] ERROR commandhandler.ClosePipelineCommandHandler (ClosePipelineCommandHandler.java:handle(78)) - Can't close pipeline PipelineID=ada21374-47fd-4d92-9ee3-82fe8ddc79af
java.io.IOException: 917eb864-1739-4fd5-ac14-ff1ecb8c1d24: Group group-82FE8DDC79AF not found.
	at org.apache.hadoop.ozone.container.common.transport.server.ratis.XceiverServerRatis.removeGroup(XceiverServerRatis.java:788)
	at org.apache.hadoop.ozone.container.common.statemachine.commandhandler.ClosePipelineCommandHandler.handle(ClosePipelineCommandHandler.java:74)
	at org.apache.hadoop.ozone.container.common.statemachine.commandhandler.CommandDispatcher.handle(CommandDispatcher.java:99)
	at org.apache.hadoop.ozone.container.common.statemachine.DatanodeStateMachine.lambda$initCommandHandlerThread$2(DatanodeStateMachine.java:498)
	at java.lang.Thread.run(Thread.java:748)
Caused by: org.apache.ratis.protocol.exceptions.GroupMismatchException: 917eb864-1739-4fd5-ac14-ff1ecb8c1d24: Group group-82FE8DDC79AF not found.
	at org.apache.ratis.server.impl.RaftServerProxy.groupRemoveAsync(RaftServerProxy.java:504)
	at org.apache.ratis.server.impl.RaftServerProxy.groupManagementAsync(RaftServerProxy.java:460)
	at org.apache.ratis.server.impl.RaftServerProxy.groupManagement(RaftServerProxy.java:440)
	at org.apache.hadoop.ozone.container.common.transport.server.ratis.XceiverServerRatis.removeGroup(XceiverServerRatis.java:786)
	... 4 more
2021-01-29 15:27:41,722 [Command processor thread] WARN  server.RaftServer (RaftServerProxy.java:remove(101)) - 917eb864-1739-4fd5-ac14-ff1ecb8c1d24: does not contain group: group-82FE8DDC79AF
2021-01-29 15:27:41,722 [Command processor thread] ERROR commandhandler.ClosePipelineCommandHandler (ClosePipelineCommandHandler.java:handle(78)) - Can't close pipeline PipelineID=ada21374-47fd-4d92-9ee3-82fe8ddc79af
java.io.IOException: 917eb864-1739-4fd5-ac14-ff1ecb8c1d24: Group group-82FE8DDC79AF not found.
	at org.apache.hadoop.ozone.container.common.transport.server.ratis.XceiverServerRatis.removeGroup(XceiverServerRatis.java:788)
	at org.apache.hadoop.ozone.container.common.statemachine.commandhandler.ClosePipelineCommandHandler.handle(ClosePipelineCommandHandler.java:74)
	at org.apache.hadoop.ozone.container.common.statemachine.commandhandler.CommandDispatcher.handle(CommandDispatcher.java:99)
	at org.apache.hadoop.ozone.container.common.statemachine.DatanodeStateMachine.lambda$initCommandHandlerThread$2(DatanodeStateMachine.java:498)
	at java.lang.Thread.run(Thread.java:748)
Caused by: org.apache.ratis.protocol.exceptions.GroupMismatchException: 917eb864-1739-4fd5-ac14-ff1ecb8c1d24: Group group-82FE8DDC79AF not found.
	at org.apache.ratis.server.impl.RaftServerProxy.groupRemoveAsync(RaftServerProxy.java:504)
	at org.apache.ratis.server.impl.RaftServerProxy.groupManagementAsync(RaftServerProxy.java:460)
	at org.apache.ratis.server.impl.RaftServerProxy.groupManagement(RaftServerProxy.java:440)
	at org.apache.hadoop.ozone.container.common.transport.server.ratis.XceiverServerRatis.removeGroup(XceiverServerRatis.java:786)
	... 4 more
2021-01-29 15:27:42,292 [Command processor thread] INFO  server.RaftServer (RaftServerProxy.java:addNew(95)) - 3c3654b1-0b5a-47d6-bc1d-707c0ba10370: addNew group-2B6E843CAA4B:[917eb864-1739-4fd5-ac14-ff1ecb8c1d24|rpc:172.17.0.2:34275|priority:0, 093cbee5-fb37-48c5-a334-037ab050c5a4|rpc:172.17.0.2:43895|priority:1, 3c3654b1-0b5a-47d6-bc1d-707c0ba10370|rpc:172.17.0.2:33849|priority:0] returns group-2B6E843CAA4B:java.util.concurrent.CompletableFuture@3d14d1c4[Not completed]
2021-01-29 15:27:42,293 [pool-134-thread-1] INFO  server.RaftServer$Division (RaftServerImpl.java:<init>(180)) - 3c3654b1-0b5a-47d6-bc1d-707c0ba10370: new RaftServerImpl for group-2B6E843CAA4B:[917eb864-1739-4fd5-ac14-ff1ecb8c1d24|rpc:172.17.0.2:34275|priority:0, 093cbee5-fb37-48c5-a334-037ab050c5a4|rpc:172.17.0.2:43895|priority:1, 3c3654b1-0b5a-47d6-bc1d-707c0ba10370|rpc:172.17.0.2:33849|priority:0] with ContainerStateMachine:uninitialized
2021-01-29 15:27:42,293 [pool-134-thread-1] INFO  server.RaftServerConfigKeys (ConfUtils.java:logGet(44)) - raft.server.rpc.timeout.min = 5s (custom)
2021-01-29 15:27:42,293 [pool-134-thread-1] INFO  server.RaftServerConfigKeys (ConfUtils.java:logGet(44)) - raft.server.rpc.timeout.max = 5200ms (custom)
2021-01-29 15:27:42,294 [pool-134-thread-1] INFO  server.RaftServerConfigKeys (ConfUtils.java:logGet(44)) - raft.server.rpc.sleep.time = 25ms (default)
2021-01-29 15:27:42,294 [pool-134-thread-1] INFO  server.RaftServerConfigKeys (ConfUtils.java:logGet(44)) - raft.server.rpc.slowness.timeout = 300s (custom)
2021-01-29 15:27:42,294 [pool-134-thread-1] INFO  server.RaftServerConfigKeys (ConfUtils.java:logGet(44)) - raft.server.leaderelection.leader.step-down.wait-time = 10s (default)
2021-01-29 15:27:42,294 [pool-134-thread-1] INFO  server.RaftServerConfigKeys (ConfUtils.java:logGet(44)) - raft.server.sleep.deviation.threshold = 300ms (default)
2021-01-29 15:27:42,294 [pool-134-thread-1] INFO  server.RaftServerConfigKeys (ConfUtils.java:logGet(44)) - raft.server.log.appender.install.snapshot.enabled = false (custom)
2021-01-29 15:27:42,294 [pool-134-thread-1] INFO  server.RaftServer$Division (ServerState.java:<init>(105)) - 3c3654b1-0b5a-47d6-bc1d-707c0ba10370@group-2B6E843CAA4B: ConfigurationManager, init=-1: [917eb864-1739-4fd5-ac14-ff1ecb8c1d24|rpc:172.17.0.2:34275|priority:0, 093cbee5-fb37-48c5-a334-037ab050c5a4|rpc:172.17.0.2:43895|priority:1, 3c3654b1-0b5a-47d6-bc1d-707c0ba10370|rpc:172.17.0.2:33849|priority:0], old=null, confs=<EMPTY_MAP>
2021-01-29 15:27:42,294 [pool-134-thread-1] INFO  server.RaftServerConfigKeys (ConfUtils.java:logGet(44)) - raft.server.storage.dir = [/github/workspace/mnt/ozone/hadoop-ozone/integration-test/target/test-dir/MiniOzoneClusterImpl-8ad1afbb-033f-482b-8239-ec8ce0281bc6/datanode-6/data/ratis] (custom)
2021-01-29 15:27:42,294 [pool-134-thread-1] INFO  server.RaftServerConfigKeys (ConfUtils.java:logGet(44)) - raft.server.log.corruption.policy = EXCEPTION (default)
2021-01-29 15:27:42,295 [pool-134-thread-1] INFO  storage.RaftStorageDirectory (RaftStorageDirectoryImpl.java:analyzeStorage(132)) - The storage directory /github/workspace/mnt/ozone/hadoop-ozone/integration-test/target/test-dir/MiniOzoneClusterImpl-8ad1afbb-033f-482b-8239-ec8ce0281bc6/datanode-6/data/ratis/24b3543a-e9cd-4817-9e85-2b6e843caa4b does not exist. Creating ...
2021-01-29 15:27:42,296 [pool-134-thread-1] WARN  util.FileUtils (LogUtils.java:runAndLog(43)) - Failed to Files.createDirectories /github/workspace/mnt/ozone/hadoop-ozone/integration-test/target/test-dir/MiniOzoneClusterImpl-8ad1afbb-033f-482b-8239-ec8ce0281bc6/datanode-6/data/ratis/24b3543a-e9cd-4817-9e85-2b6e843caa4b: java.nio.file.FileSystemException: /github/workspace/mnt/ozone/hadoop-ozone/integration-test/target/test-dir/MiniOzoneClusterImpl-8ad1afbb-033f-482b-8239-ec8ce0281bc6/datanode-6/data/ratis/24b3543a-e9cd-4817-9e85-2b6e843caa4b: No space left on device
2021-01-29 15:27:42,300 [Command processor thread] ERROR commandhandler.CreatePipelineCommandHandler (CreatePipelineCommandHandler.java:handle(111)) - Can't create pipeline RATIS THREE PipelineID=24b3543a-e9cd-4817-9e85-2b6e843caa4b
java.io.IOException: /github/workspace/mnt/ozone/hadoop-ozone/integration-test/target/test-dir/MiniOzoneClusterImpl-8ad1afbb-033f-482b-8239-ec8ce0281bc6/datanode-6/data/ratis/24b3543a-e9cd-4817-9e85-2b6e843caa4b: No space left on device
	at org.apache.hadoop.ozone.container.common.transport.server.ratis.XceiverServerRatis.addGroup(XceiverServerRatis.java:768)
	at org.apache.hadoop.ozone.container.common.statemachine.commandhandler.CreatePipelineCommandHandler.handle(CreatePipelineCommandHandler.java:92)
	at org.apache.hadoop.ozone.container.common.statemachine.commandhandler.CommandDispatcher.handle(CommandDispatcher.java:99)
	at org.apache.hadoop.ozone.container.common.statemachine.DatanodeStateMachine.lambda$initCommandHandlerThread$2(DatanodeStateMachine.java:498)
	at java.lang.Thread.run(Thread.java:748)
Caused by: java.nio.file.FileSystemException: /github/workspace/mnt/ozone/hadoop-ozone/integration-test/target/test-dir/MiniOzoneClusterImpl-8ad1afbb-033f-482b-8239-ec8ce0281bc6/datanode-6/data/ratis/24b3543a-e9cd-4817-9e85-2b6e843caa4b: No space left on device
	at sun.nio.fs.UnixException.translateToIOException(UnixException.java:91)
	at sun.nio.fs.UnixException.rethrowAsIOException(UnixException.java:102)
	at sun.nio.fs.UnixException.rethrowAsIOException(UnixException.java:107)
	at sun.nio.fs.UnixFileSystemProvider.createDirectory(UnixFileSystemProvider.java:384)
	at java.nio.file.Files.createDirectory(Files.java:674)
	at java.nio.file.Files.createAndCheckIsDirectory(Files.java:781)
	at java.nio.file.Files.createDirectories(Files.java:767)
	at org.apache.ratis.util.FileUtils.lambda$createDirectories$4(FileUtils.java:70)
	at org.apache.ratis.util.LogUtils.runAndLog(LogUtils.java:38)
	at org.apache.ratis.util.FileUtils.createDirectories(FileUtils.java:69)
	at org.apache.ratis.util.FileUtils.createDirectories(FileUtils.java:65)
	at org.apache.ratis.server.storage.RaftStorageDirectoryImpl.analyzeStorage(RaftStorageDirectoryImpl.java:133)
	at org.apache.ratis.server.storage.RaftStorageImpl.analyzeAndRecoverStorage(RaftStorageImpl.java:95)
	at org.apache.ratis.server.storage.RaftStorageImpl.<init>(RaftStorageImpl.java:65)
	at org.apache.ratis.server.storage.RaftStorageImpl.<init>(RaftStorageImpl.java:51)
	at org.apache.ratis.server.impl.ServerState.<init>(ServerState.java:112)
	at org.apache.ratis.server.impl.RaftServerImpl.<init>(RaftServerImpl.java:193)
	at org.apache.ratis.server.impl.RaftServerProxy.lambda$newRaftServerImpl$4(RaftServerProxy.java:266)
	at java.util.concurrent.CompletableFuture$AsyncSupply.run(CompletableFuture.java:1604)
	at java.util.concurrent.ThreadPoolExecutor.runWorker(ThreadPoolExecutor.java:1149)
	at java.util.concurrent.ThreadPoolExecutor$Worker.run(ThreadPoolExecutor.java:624)
	... 1 more
2021-01-29 15:27:42,666 [Command processor thread] INFO  server.RaftServer (RaftServerProxy.java:remove(106)) - 093cbee5-fb37-48c5-a334-037ab050c5a4: remove    LEADER 093cbee5-fb37-48c5-a334-037ab050c5a4@group-82FE8DDC79AF:t1, leader=093cbee5-fb37-48c5-a334-037ab050c5a4, voted=093cbee5-fb37-48c5-a334-037ab050c5a4, raftlog=093cbee5-fb37-48c5-a334-037ab050c5a4@group-82FE8DDC79AF-SegmentedRaftLog:OPENED:c65,f65,i69, conf=0: [917eb864-1739-4fd5-ac14-ff1ecb8c1d24|rpc:172.17.0.2:34275|admin:|client:|dataStream:|priority:0, 093cbee5-fb37-48c5-a334-037ab050c5a4|rpc:172.17.0.2:43895|admin:|client:|dataStream:|priority:1, d5d7cc10-80c6-421e-a2cb-6e4e9e0bf9f8|rpc:172.17.0.2:42587|admin:|client:|dataStream:|priority:0], old=null RUNNING
2021-01-29 15:27:42,666 [Command processor thread] INFO  server.RaftServer$Division (RaftServerImpl.java:lambda$close$4(406)) - 093cbee5-fb37-48c5-a334-037ab050c5a4@group-82FE8DDC79AF: shutdown
2021-01-29 15:27:42,666 [Command processor thread] INFO  util.JmxRegister (JmxRegister.java:unregister(73)) - Successfully un-registered JMX Bean with object name Ratis:service=RaftServer,group=group-82FE8DDC79AF,id=093cbee5-fb37-48c5-a334-037ab050c5a4
2021-01-29 15:27:42,666 [Command processor thread] INFO  impl.RoleInfo (RoleInfo.java:shutdownLeaderState(91)) - 093cbee5-fb37-48c5-a334-037ab050c5a4: shutdown 093cbee5-fb37-48c5-a334-037ab050c5a4@group-82FE8DDC79AF-LeaderStateImpl
2021-01-29 15:27:42,667 [Command processor thread] INFO  metrics.RatisMetrics (RatisMetrics.java:unregister(43)) - Unregistering Metrics Registry : ratis_grpc.log_appender.093cbee5-fb37-48c5-a334-037ab050c5a4@group-82FE8DDC79AF
2021-01-29 15:27:42,667 [Command processor thread] INFO  metrics.RatisMetrics (RatisMetrics.java:unregister(43)) - Unregistering Metrics Registry : ratis_grpc.log_appender.093cbee5-fb37-48c5-a334-037ab050c5a4@group-82FE8DDC79AF
2021-01-29 15:27:42,667 [Command processor thread] INFO  impl.PendingRequests (PendingRequests.java:sendNotLeaderResponses(249)) - 093cbee5-fb37-48c5-a334-037ab050c5a4@group-82FE8DDC79AF-PendingRequests: sendNotLeaderResponses
2021-01-29 15:27:42,668 [093cbee5-fb37-48c5-a334-037ab050c5a4@group-82FE8DDC79AF->917eb864-1739-4fd5-ac14-ff1ecb8c1d24-GrpcLogAppender-LogAppenderDaemon] WARN  server.GrpcLogAppender (GrpcLogAppender.java:mayWait(175)) - 093cbee5-fb37-48c5-a334-037ab050c5a4@group-82FE8DDC79AF->917eb864-1739-4fd5-ac14-ff1ecb8c1d24-GrpcLogAppender: Wait interrupted by java.lang.InterruptedException
2021-01-29 15:27:42,668 [093cbee5-fb37-48c5-a334-037ab050c5a4@group-82FE8DDC79AF->d5d7cc10-80c6-421e-a2cb-6e4e9e0bf9f8-GrpcLogAppender-LogAppenderDaemon] WARN  server.GrpcLogAppender (GrpcLogAppender.java:mayWait(175)) - 093cbee5-fb37-48c5-a334-037ab050c5a4@group-82FE8DDC79AF->d5d7cc10-80c6-421e-a2cb-6e4e9e0bf9f8-GrpcLogAppender: Wait interrupted by java.lang.InterruptedException
2021-01-29 15:27:42,673 [grpc-default-executor-0] INFO  server.GrpcServerProtocolService (GrpcServerProtocolService.java:onCompleted(138)) - 917eb864-1739-4fd5-ac14-ff1ecb8c1d24: Completed APPEND_ENTRIES, lastRequest: 093cbee5-fb37-48c5-a334-037ab050c5a4->917eb864-1739-4fd5-ac14-ff1ecb8c1d24#1486-t1,previous=(t:1, i:68),leaderCommit=65,initializing? true,entries: size=1, first=(t:1, i:69), STATEMACHINELOGENTRY, 127@client-4A8E4CDB17E0
2021-01-29 15:27:42,674 [grpc-default-executor-0] INFO  server.GrpcLogAppender (GrpcLogAppender.java:onCompleted(344)) - 093cbee5-fb37-48c5-a334-037ab050c5a4@group-82FE8DDC79AF->917eb864-1739-4fd5-ac14-ff1ecb8c1d24-AppendLogResponseHandler: follower responses appendEntries COMPLETED
2021-01-29 15:27:42,677 [grpc-default-executor-0] INFO  leader.FollowerInfo (FollowerInfoImpl.java:lambda$new$0(46)) - 093cbee5-fb37-48c5-a334-037ab050c5a4@group-82FE8DDC79AF->917eb864-1739-4fd5-ac14-ff1ecb8c1d24: nextIndex: updateUnconditionally 70 -> 66
2021-01-29 15:27:42,673 [grpc-default-executor-3] INFO  server.GrpcServerProtocolService (GrpcServerProtocolService.java:onCompleted(138)) - d5d7cc10-80c6-421e-a2cb-6e4e9e0bf9f8: Completed APPEND_ENTRIES, lastRequest: 093cbee5-fb37-48c5-a334-037ab050c5a4->d5d7cc10-80c6-421e-a2cb-6e4e9e0bf9f8#1492-t1,previous=(t:1, i:68),leaderCommit=65,initializing? true,entries: size=1, first=(t:1, i:69), STATEMACHINELOGENTRY, 127@client-4A8E4CDB17E0
2021-01-29 15:27:42,681 [Command processor thread] INFO  metrics.RatisMetrics (RatisMetrics.java:unregister(43)) - Unregistering Metrics Registry : ratis.log_appender.093cbee5-fb37-48c5-a334-037ab050c5a4@group-82FE8DDC79AF
2021-01-29 15:27:42,681 [Command processor thread] INFO  metrics.RatisMetrics (RatisMetrics.java:unregister(43)) - Unregistering Metrics Registry : ratis.server.093cbee5-fb37-48c5-a334-037ab050c5a4@group-82FE8DDC79AF
2021-01-29 15:27:42,682 [Command processor thread] INFO  impl.StateMachineUpdater (StateMachineUpdater.java:stopAndJoin(148)) - 093cbee5-fb37-48c5-a334-037ab050c5a4@group-82FE8DDC79AF-StateMachineUpdater: set stopIndex = 65
2021-01-29 15:27:42,682 [093cbee5-fb37-48c5-a334-037ab050c5a4@group-82FE8DDC79AF-StateMachineUpdater] ERROR ratis.ContainerStateMachine (ContainerStateMachine.java:takeSnapshot(285)) - Failed to take snapshot  for group-82FE8DDC79AF as the stateMachine is unhealthy. The last applied index is at (t:1, i:65)
2021-01-29 15:27:42,682 [093cbee5-fb37-48c5-a334-037ab050c5a4@group-82FE8DDC79AF-StateMachineUpdater] ERROR impl.StateMachineUpdater (StateMachineUpdater.java:takeSnapshot(274)) - 093cbee5-fb37-48c5-a334-037ab050c5a4@group-82FE8DDC79AF-StateMachineUpdater: Failed to take snapshot
org.apache.ratis.protocol.exceptions.StateMachineException: Failed to take snapshot  for group-82FE8DDC79AF as the stateMachine is unhealthy. The last applied index is at (t:1, i:65)
	at org.apache.hadoop.ozone.container.common.transport.server.ratis.ContainerStateMachine.takeSnapshot(ContainerStateMachine.java:284)
	at org.apache.ratis.server.impl.StateMachineUpdater.takeSnapshot(StateMachineUpdater.java:263)
	at org.apache.ratis.server.impl.StateMachineUpdater.checkAndTakeSnapshot(StateMachineUpdater.java:255)
	at org.apache.ratis.server.impl.StateMachineUpdater.run(StateMachineUpdater.java:178)
	at java.lang.Thread.run(Thread.java:748)
2021-01-29 15:27:42,685 [093cbee5-fb37-48c5-a334-037ab050c5a4@group-82FE8DDC79AF-StateMachineUpdater] ERROR ratis.ContainerStateMachine (ContainerStateMachine.java:takeSnapshot(285)) - Failed to take snapshot  for group-82FE8DDC79AF as the stateMachine is unhealthy. The last applied index is at (t:1, i:65)
2021-01-29 15:27:42,685 [093cbee5-fb37-48c5-a334-037ab050c5a4@group-82FE8DDC79AF-StateMachineUpdater] ERROR impl.StateMachineUpdater (StateMachineUpdater.java:takeSnapshot(274)) - 093cbee5-fb37-48c5-a334-037ab050c5a4@group-82FE8DDC79AF-StateMachineUpdater: Failed to take snapshot
org.apache.ratis.protocol.exceptions.StateMachineException: Failed to take snapshot  for group-82FE8DDC79AF as the stateMachine is unhealthy. The last applied index is at (t:1, i:65)
	at org.apache.hadoop.ozone.container.common.transport.server.ratis.ContainerStateMachine.takeSnapshot(ContainerStateMachine.java:284)
	at org.apache.ratis.server.impl.StateMachineUpdater.takeSnapshot(StateMachineUpdater.java:263)
	at org.apache.ratis.server.impl.StateMachineUpdater.checkAndTakeSnapshot(StateMachineUpdater.java:255)
	at org.apache.ratis.server.impl.StateMachineUpdater.run(StateMachineUpdater.java:181)
	at java.lang.Thread.run(Thread.java:748)
2021-01-29 15:27:42,685 [093cbee5-fb37-48c5-a334-037ab050c5a4@group-82FE8DDC79AF-StateMachineUpdater] INFO  metrics.RatisMetrics (RatisMetrics.java:unregister(43)) - Unregistering Metrics Registry : ratis.state_machine.093cbee5-fb37-48c5-a334-037ab050c5a4@group-82FE8DDC79AF
2021-01-29 15:27:42,686 [Command processor thread] INFO  server.RaftServer$Division (ServerState.java:close(405)) - 093cbee5-fb37-48c5-a334-037ab050c5a4@group-82FE8DDC79AF: closes. applyIndex: 65
2021-01-29 15:27:42,686 [grpc-default-executor-0] INFO  server.GrpcLogAppender (GrpcLogAppender.java:onCompleted(344)) - 093cbee5-fb37-48c5-a334-037ab050c5a4@group-82FE8DDC79AF->d5d7cc10-80c6-421e-a2cb-6e4e9e0bf9f8-AppendLogResponseHandler: follower responses appendEntries COMPLETED
2021-01-29 15:27:42,686 [093cbee5-fb37-48c5-a334-037ab050c5a4@group-82FE8DDC79AF-SegmentedRaftLogWorker] INFO  segmented.SegmentedRaftLogWorker (SegmentedRaftLogWorker.java:run(326)) - 093cbee5-fb37-48c5-a334-037ab050c5a4@group-82FE8DDC79AF-SegmentedRaftLogWorker was interrupted, exiting. There are 0 tasks remaining in the queue.
2021-01-29 15:27:42,686 [grpc-default-executor-0] INFO  leader.FollowerInfo (FollowerInfoImpl.java:lambda$new$0(46)) - 093cbee5-fb37-48c5-a334-037ab050c5a4@group-82FE8DDC79AF->d5d7cc10-80c6-421e-a2cb-6e4e9e0bf9f8: nextIndex: updateUnconditionally 70 -> 66
2021-01-29 15:27:42,690 [Command processor thread] INFO  segmented.SegmentedRaftLogWorker (SegmentedRaftLogWorker.java:close(236)) - 093cbee5-fb37-48c5-a334-037ab050c5a4@group-82FE8DDC79AF-SegmentedRaftLogWorker close()
2021-01-29 15:27:42,691 [Command processor thread] INFO  metrics.RatisMetrics (RatisMetrics.java:unregister(43)) - Unregistering Metrics Registry : ratis.log_worker.093cbee5-fb37-48c5-a334-037ab050c5a4@group-82FE8DDC79AF
2021-01-29 15:27:42,691 [Command processor thread] INFO  metrics.RatisMetrics (RatisMetrics.java:unregister(43)) - Unregistering Metrics Registry : ratis.leader_election.093cbee5-fb37-48c5-a334-037ab050c5a4@group-82FE8DDC79AF
2021-01-29 15:27:42,691 [Command processor thread] INFO  metrics.RatisMetrics (RatisMetrics.java:unregister(43)) - Unregistering Metrics Registry : ratis.server.093cbee5-fb37-48c5-a334-037ab050c5a4@group-82FE8DDC79AF
2021-01-29 15:27:42,693 [Command processor thread] INFO  keyvalue.KeyValueContainer (KeyValueContainer.java:flushAndSyncDB(388)) - Container 6 is synced with bcsId 16.
2021-01-29 15:27:42,693 [Command processor thread] INFO  keyvalue.KeyValueContainer (KeyValueContainer.java:flushAndSyncDB(388)) - Container 6 is synced with bcsId 16.
2021-01-29 15:27:42,695 [Command processor thread] ERROR commandhandler.ClosePipelineCommandHandler (ClosePipelineCommandHandler.java:handle(78)) - Can't close pipeline PipelineID=ada21374-47fd-4d92-9ee3-82fe8ddc79af
java.io.IOException: org.yaml.snakeyaml.error.YAMLException: java.io.IOException: No space left on device
	at org.apache.hadoop.ozone.container.common.transport.server.ratis.XceiverServerRatis.removeGroup(XceiverServerRatis.java:788)
	at org.apache.hadoop.ozone.container.common.statemachine.commandhandler.ClosePipelineCommandHandler.handle(ClosePipelineCommandHandler.java:74)
	at org.apache.hadoop.ozone.container.common.statemachine.commandhandler.CommandDispatcher.handle(CommandDispatcher.java:99)
	at org.apache.hadoop.ozone.container.common.statemachine.DatanodeStateMachine.lambda$initCommandHandlerThread$2(DatanodeStateMachine.java:498)
	at java.lang.Thread.run(Thread.java:748)
Caused by: java.io.IOException: org.yaml.snakeyaml.error.YAMLException: java.io.IOException: No space left on device
	at org.apache.ratis.util.IOUtils.asIOException(IOUtils.java:54)
	at org.apache.ratis.server.impl.RaftServerImpl.waitForReply(RaftServerImpl.java:880)
	at org.apache.ratis.server.impl.RaftServerProxy.groupManagement(RaftServerProxy.java:440)
	at org.apache.hadoop.ozone.container.common.transport.server.ratis.XceiverServerRatis.removeGroup(XceiverServerRatis.java:786)
	... 4 more
Caused by: org.yaml.snakeyaml.error.YAMLException: java.io.IOException: No space left on device
	at org.yaml.snakeyaml.Yaml.dumpAll(Yaml.java:280)
	at org.yaml.snakeyaml.Yaml.dump(Yaml.java:256)
	at org.apache.hadoop.ozone.container.common.impl.ContainerDataYaml.createContainerFile(ContainerDataYaml.java:96)
	at org.apache.hadoop.ozone.container.keyvalue.KeyValueContainer.writeToContainerFile(KeyValueContainer.java:214)
	at org.apache.hadoop.ozone.container.keyvalue.KeyValueContainer.updateContainerFile(KeyValueContainer.java:248)
	at org.apache.hadoop.ozone.container.keyvalue.KeyValueContainer.updateContainerData(KeyValueContainer.java:358)
	at org.apache.hadoop.ozone.container.keyvalue.KeyValueContainer.quasiClose(KeyValueContainer.java:306)
	at org.apache.hadoop.ozone.container.keyvalue.KeyValueHandler.quasiCloseContainer(KeyValueHandler.java:997)
	at org.apache.hadoop.ozone.container.ozoneimpl.ContainerController.quasiCloseContainer(ContainerController.java:119)
	at org.apache.hadoop.ozone.container.common.transport.server.ratis.ContainerStateMachine.notifyGroupRemove(ContainerStateMachine.java:884)
	at org.apache.ratis.server.impl.RaftServerImpl.groupRemove(RaftServerImpl.java:371)
	at org.apache.ratis.server.impl.RaftServerProxy.lambda$groupRemoveAsync$14(RaftServerProxy.java:507)
	at java.util.concurrent.CompletableFuture.uniApply(CompletableFuture.java:616)
	at java.util.concurrent.CompletableFuture.uniApplyStage(CompletableFuture.java:628)
	at java.util.concurrent.CompletableFuture.thenApply(CompletableFuture.java:1996)
	at org.apache.ratis.server.impl.RaftServerProxy.groupRemoveAsync(RaftServerProxy.java:506)
	at org.apache.ratis.server.impl.RaftServerProxy.groupManagementAsync(RaftServerProxy.java:460)
	... 6 more
Caused by: java.io.IOException: No space left on device
	at java.io.FileOutputStream.writeBytes(Native Method)
	at java.io.FileOutputStream.write(FileOutputStream.java:326)
	at sun.nio.cs.StreamEncoder.writeBytes(StreamEncoder.java:221)
	at sun.nio.cs.StreamEncoder.implFlushBuffer(StreamEncoder.java:291)
	at sun.nio.cs.StreamEncoder.implFlush(StreamEncoder.java:295)
	at sun.nio.cs.StreamEncoder.flush(StreamEncoder.java:141)
	at java.io.OutputStreamWriter.flush(OutputStreamWriter.java:229)
	at org.yaml.snakeyaml.emitter.Emitter.flushStream(Emitter.java:1078)
	at org.yaml.snakeyaml.emitter.Emitter$ExpectDocumentEnd.expect(Emitter.java:368)
	at org.yaml.snakeyaml.emitter.Emitter.emit(Emitter.java:220)
	at org.yaml.snakeyaml.serializer.Serializer.serialize(Serializer.java:115)
	at org.yaml.snakeyaml.Yaml.dumpAll(Yaml.java:276)
	... 22 more
2021-01-29 15:27:42,696 [Command processor thread] WARN  server.RaftServer (RaftServerProxy.java:remove(101)) - 093cbee5-fb37-48c5-a334-037ab050c5a4: does not contain group: group-82FE8DDC79AF
2021-01-29 15:27:42,696 [Command processor thread] ERROR commandhandler.ClosePipelineCommandHandler (ClosePipelineCommandHandler.java:handle(78)) - Can't close pipeline PipelineID=ada21374-47fd-4d92-9ee3-82fe8ddc79af
java.io.IOException: 093cbee5-fb37-48c5-a334-037ab050c5a4: Group group-82FE8DDC79AF not found.
	at org.apache.hadoop.ozone.container.common.transport.server.ratis.XceiverServerRatis.removeGroup(XceiverServerRatis.java:788)
	at org.apache.hadoop.ozone.container.common.statemachine.commandhandler.ClosePipelineCommandHandler.handle(ClosePipelineCommandHandler.java:74)
	at org.apache.hadoop.ozone.container.common.statemachine.commandhandler.CommandDispatcher.handle(CommandDispatcher.java:99)
	at org.apache.hadoop.ozone.container.common.statemachine.DatanodeStateMachine.lambda$initCommandHandlerThread$2(DatanodeStateMachine.java:498)
	at java.lang.Thread.run(Thread.java:748)
Caused by: org.apache.ratis.protocol.exceptions.GroupMismatchException: 093cbee5-fb37-48c5-a334-037ab050c5a4: Group group-82FE8DDC79AF not found.
	at org.apache.ratis.server.impl.RaftServerProxy.groupRemoveAsync(RaftServerProxy.java:504)
	at org.apache.ratis.server.impl.RaftServerProxy.groupManagementAsync(RaftServerProxy.java:460)
	at org.apache.ratis.server.impl.RaftServerProxy.groupManagement(RaftServerProxy.java:440)
	at org.apache.hadoop.ozone.container.common.transport.server.ratis.XceiverServerRatis.removeGroup(XceiverServerRatis.java:786)
	... 4 more
2021-01-29 15:27:42,696 [Command processor thread] WARN  server.RaftServer (RaftServerProxy.java:remove(101)) - 093cbee5-fb37-48c5-a334-037ab050c5a4: does not contain group: group-82FE8DDC79AF
2021-01-29 15:27:42,696 [Command processor thread] ERROR commandhandler.ClosePipelineCommandHandler (ClosePipelineCommandHandler.java:handle(78)) - Can't close pipeline PipelineID=ada21374-47fd-4d92-9ee3-82fe8ddc79af
java.io.IOException: 093cbee5-fb37-48c5-a334-037ab050c5a4: Group group-82FE8DDC79AF not found.
	at org.apache.hadoop.ozone.container.common.transport.server.ratis.XceiverServerRatis.removeGroup(XceiverServerRatis.java:788)
	at org.apache.hadoop.ozone.container.common.statemachine.commandhandler.ClosePipelineCommandHandler.handle(ClosePipelineCommandHandler.java:74)
	at org.apache.hadoop.ozone.container.common.statemachine.commandhandler.CommandDispatcher.handle(CommandDispatcher.java:99)
	at org.apache.hadoop.ozone.container.common.statemachine.DatanodeStateMachine.lambda$initCommandHandlerThread$2(DatanodeStateMachine.java:498)
	at java.lang.Thread.run(Thread.java:748)
Caused by: org.apache.ratis.protocol.exceptions.GroupMismatchException: 093cbee5-fb37-48c5-a334-037ab050c5a4: Group group-82FE8DDC79AF not found.
	at org.apache.ratis.server.impl.RaftServerProxy.groupRemoveAsync(RaftServerProxy.java:504)
	at org.apache.ratis.server.impl.RaftServerProxy.groupManagementAsync(RaftServerProxy.java:460)
	at org.apache.ratis.server.impl.RaftServerProxy.groupManagement(RaftServerProxy.java:440)
	at org.apache.hadoop.ozone.container.common.transport.server.ratis.XceiverServerRatis.removeGroup(XceiverServerRatis.java:786)
	... 4 more
2021-01-29 15:27:42,697 [pool-54-thread-1] INFO  server.RaftServer$Division (RaftServerImpl.java:<init>(180)) - 093cbee5-fb37-48c5-a334-037ab050c5a4: new RaftServerImpl for group-2B6E843CAA4B:[917eb864-1739-4fd5-ac14-ff1ecb8c1d24|rpc:172.17.0.2:34275|priority:0, 093cbee5-fb37-48c5-a334-037ab050c5a4|rpc:172.17.0.2:43895|priority:1, 3c3654b1-0b5a-47d6-bc1d-707c0ba10370|rpc:172.17.0.2:33849|priority:0] with ContainerStateMachine:uninitialized
2021-01-29 15:27:42,697 [pool-54-thread-1] INFO  server.RaftServerConfigKeys (ConfUtils.java:logGet(44)) - raft.server.rpc.timeout.min = 5s (custom)
2021-01-29 15:27:42,697 [pool-54-thread-1] INFO  server.RaftServerConfigKeys (ConfUtils.java:logGet(44)) - raft.server.rpc.timeout.max = 5200ms (custom)
2021-01-29 15:27:42,697 [pool-54-thread-1] INFO  server.RaftServerConfigKeys (ConfUtils.java:logGet(44)) - raft.server.rpc.sleep.time = 25ms (default)
2021-01-29 15:27:42,697 [pool-54-thread-1] INFO  server.RaftServerConfigKeys (ConfUtils.java:logGet(44)) - raft.server.rpc.slowness.timeout = 300s (custom)
2021-01-29 15:27:42,697 [pool-54-thread-1] INFO  server.RaftServerConfigKeys (ConfUtils.java:logGet(44)) - raft.server.leaderelection.leader.step-down.wait-time = 10s (default)
2021-01-29 15:27:42,697 [pool-54-thread-1] INFO  server.RaftServerConfigKeys (ConfUtils.java:logGet(44)) - raft.server.sleep.deviation.threshold = 300ms (default)
2021-01-29 15:27:42,697 [pool-54-thread-1] INFO  server.RaftServerConfigKeys (ConfUtils.java:logGet(44)) - raft.server.log.appender.install.snapshot.enabled = false (custom)
2021-01-29 15:27:42,697 [pool-54-thread-1] INFO  server.RaftServer$Division (ServerState.java:<init>(105)) - 093cbee5-fb37-48c5-a334-037ab050c5a4@group-2B6E843CAA4B: ConfigurationManager, init=-1: [917eb864-1739-4fd5-ac14-ff1ecb8c1d24|rpc:172.17.0.2:34275|priority:0, 093cbee5-fb37-48c5-a334-037ab050c5a4|rpc:172.17.0.2:43895|priority:1, 3c3654b1-0b5a-47d6-bc1d-707c0ba10370|rpc:172.17.0.2:33849|priority:0], old=null, confs=<EMPTY_MAP>
2021-01-29 15:27:42,697 [pool-54-thread-1] INFO  server.RaftServerConfigKeys (ConfUtils.java:logGet(44)) - raft.server.storage.dir = [/github/workspace/mnt/ozone/hadoop-ozone/integration-test/target/test-dir/MiniOzoneClusterImpl-8ad1afbb-033f-482b-8239-ec8ce0281bc6/datanode-1/data/ratis] (custom)
2021-01-29 15:27:42,698 [pool-54-thread-1] INFO  server.RaftServerConfigKeys (ConfUtils.java:logGet(44)) - raft.server.log.corruption.policy = EXCEPTION (default)
2021-01-29 15:27:42,698 [pool-54-thread-1] INFO  storage.RaftStorageDirectory (RaftStorageDirectoryImpl.java:analyzeStorage(132)) - The storage directory /github/workspace/mnt/ozone/hadoop-ozone/integration-test/target/test-dir/MiniOzoneClusterImpl-8ad1afbb-033f-482b-8239-ec8ce0281bc6/datanode-1/data/ratis/24b3543a-e9cd-4817-9e85-2b6e843caa4b does not exist. Creating ...
2021-01-29 15:27:42,698 [pool-54-thread-1] WARN  util.FileUtils (LogUtils.java:runAndLog(43)) - Failed to Files.createDirectories /github/workspace/mnt/ozone/hadoop-ozone/integration-test/target/test-dir/MiniOzoneClusterImpl-8ad1afbb-033f-482b-8239-ec8ce0281bc6/datanode-1/data/ratis/24b3543a-e9cd-4817-9e85-2b6e843caa4b: java.nio.file.FileSystemException: /github/workspace/mnt/ozone/hadoop-ozone/integration-test/target/test-dir/MiniOzoneClusterImpl-8ad1afbb-033f-482b-8239-ec8ce0281bc6/datanode-1/data/ratis/24b3543a-e9cd-4817-9e85-2b6e843caa4b: No space left on device
2021-01-29 15:27:42,698 [Command processor thread] ERROR commandhandler.CreatePipelineCommandHandler (CreatePipelineCommandHandler.java:handle(111)) - Can't create pipeline RATIS THREE PipelineID=24b3543a-e9cd-4817-9e85-2b6e843caa4b
java.io.IOException: 093cbee5-fb37-48c5-a334-037ab050c5a4: Failed to initialize server for group-2B6E843CAA4B:[917eb864-1739-4fd5-ac14-ff1ecb8c1d24|rpc:172.17.0.2:34275|priority:0, 093cbee5-fb37-48c5-a334-037ab050c5a4|rpc:172.17.0.2:43895|priority:1, 3c3654b1-0b5a-47d6-bc1d-707c0ba10370|rpc:172.17.0.2:33849|priority:0]
	at org.apache.hadoop.ozone.container.common.transport.server.ratis.XceiverServerRatis.addGroup(XceiverServerRatis.java:768)
	at org.apache.hadoop.ozone.container.common.statemachine.commandhandler.CreatePipelineCommandHandler.handle(CreatePipelineCommandHandler.java:92)
	at org.apache.hadoop.ozone.container.common.statemachine.commandhandler.CommandDispatcher.handle(CommandDispatcher.java:99)
	at org.apache.hadoop.ozone.container.common.statemachine.DatanodeStateMachine.lambda$initCommandHandlerThread$2(DatanodeStateMachine.java:498)
	at java.lang.Thread.run(Thread.java:748)
Caused by: java.util.concurrent.CompletionException: 093cbee5-fb37-48c5-a334-037ab050c5a4: Failed to initialize server for group-2B6E843CAA4B:[917eb864-1739-4fd5-ac14-ff1ecb8c1d24|rpc:172.17.0.2:34275|priority:0, 093cbee5-fb37-48c5-a334-037ab050c5a4|rpc:172.17.0.2:43895|priority:1, 3c3654b1-0b5a-47d6-bc1d-707c0ba10370|rpc:172.17.0.2:33849|priority:0]
	at org.apache.ratis.server.impl.RaftServerProxy.lambda$newRaftServerImpl$4(RaftServerProxy.java:268)
	at java.util.concurrent.CompletableFuture$AsyncSupply.run(CompletableFuture.java:1604)
	at java.util.concurrent.ThreadPoolExecutor.runWorker(ThreadPoolExecutor.java:1149)
	at java.util.concurrent.ThreadPoolExecutor$Worker.run(ThreadPoolExecutor.java:624)
	... 1 more
Caused by: java.nio.file.FileSystemException: /github/workspace/mnt/ozone/hadoop-ozone/integration-test/target/test-dir/MiniOzoneClusterImpl-8ad1afbb-033f-482b-8239-ec8ce0281bc6/datanode-1/data/ratis/24b3543a-e9cd-4817-9e85-2b6e843caa4b: No space left on device
	at sun.nio.fs.UnixException.translateToIOException(UnixException.java:91)
	at sun.nio.fs.UnixException.rethrowAsIOException(UnixException.java:102)
	at sun.nio.fs.UnixException.rethrowAsIOException(UnixException.java:107)
	at sun.nio.fs.UnixFileSystemProvider.createDirectory(UnixFileSystemProvider.java:384)
	at java.nio.file.Files.createDirectory(Files.java:674)
	at java.nio.file.Files.createAndCheckIsDirectory(Files.java:781)
	at java.nio.file.Files.createDirectories(Files.java:767)
	at org.apache.ratis.util.FileUtils.lambda$createDirectories$4(FileUtils.java:70)
	at org.apache.ratis.util.LogUtils.runAndLog(LogUtils.java:38)
	at org.apache.ratis.util.FileUtils.createDirectories(FileUtils.java:69)
	at org.apache.ratis.util.FileUtils.createDirectories(FileUtils.java:65)
	at org.apache.ratis.server.storage.RaftStorageDirectoryImpl.analyzeStorage(RaftStorageDirectoryImpl.java:133)
	at org.apache.ratis.server.storage.RaftStorageImpl.analyzeAndRecoverStorage(RaftStorageImpl.java:95)
	at org.apache.ratis.server.storage.RaftStorageImpl.<init>(RaftStorageImpl.java:65)
	at org.apache.ratis.server.storage.RaftStorageImpl.<init>(RaftStorageImpl.java:51)
	at org.apache.ratis.server.impl.ServerState.<init>(ServerState.java:112)
	at org.apache.ratis.server.impl.RaftServerImpl.<init>(RaftServerImpl.java:193)
	at org.apache.ratis.server.impl.RaftServerProxy.lambda$newRaftServerImpl$4(RaftServerProxy.java:266)
	... 4 more
2021-01-29 15:27:42,699 [Command processor thread] WARN  server.RaftServer (RaftServerProxy.java:remove(101)) - 093cbee5-fb37-48c5-a334-037ab050c5a4: does not contain group: group-82FE8DDC79AF
2021-01-29 15:27:42,699 [Command processor thread] ERROR commandhandler.ClosePipelineCommandHandler (ClosePipelineCommandHandler.java:handle(78)) - Can't close pipeline PipelineID=ada21374-47fd-4d92-9ee3-82fe8ddc79af
java.io.IOException: 093cbee5-fb37-48c5-a334-037ab050c5a4: Group group-82FE8DDC79AF not found.
	at org.apache.hadoop.ozone.container.common.transport.server.ratis.XceiverServerRatis.removeGroup(XceiverServerRatis.java:788)
	at org.apache.hadoop.ozone.container.common.statemachine.commandhandler.ClosePipelineCommandHandler.handle(ClosePipelineCommandHandler.java:74)
	at org.apache.hadoop.ozone.container.common.statemachine.commandhandler.CommandDispatcher.handle(CommandDispatcher.java:99)
	at org.apache.hadoop.ozone.container.common.statemachine.DatanodeStateMachine.lambda$initCommandHandlerThread$2(DatanodeStateMachine.java:498)
	at java.lang.Thread.run(Thread.java:748)
Caused by: org.apache.ratis.protocol.exceptions.GroupMismatchException: 093cbee5-fb37-48c5-a334-037ab050c5a4: Group group-82FE8DDC79AF not found.
	at org.apache.ratis.server.impl.RaftServerProxy.groupRemoveAsync(RaftServerProxy.java:504)
	at org.apache.ratis.server.impl.RaftServerProxy.groupManagementAsync(RaftServerProxy.java:460)
	at org.apache.ratis.server.impl.RaftServerProxy.groupManagement(RaftServerProxy.java:440)
	at org.apache.hadoop.ozone.container.common.transport.server.ratis.XceiverServerRatis.removeGroup(XceiverServerRatis.java:786)
	... 4 more
2021-01-29 15:27:42,703 [Command processor thread] WARN  server.RaftServer (RaftServerProxy.java:remove(101)) - 093cbee5-fb37-48c5-a334-037ab050c5a4: does not contain group: group-82FE8DDC79AF
2021-01-29 15:27:42,703 [Command processor thread] ERROR commandhandler.ClosePipelineCommandHandler (ClosePipelineCommandHandler.java:handle(78)) - Can't close pipeline PipelineID=ada21374-47fd-4d92-9ee3-82fe8ddc79af
java.io.IOException: 093cbee5-fb37-48c5-a334-037ab050c5a4: Group group-82FE8DDC79AF not found.
	at org.apache.hadoop.ozone.container.common.transport.server.ratis.XceiverServerRatis.removeGroup(XceiverServerRatis.java:788)
	at org.apache.hadoop.ozone.container.common.statemachine.commandhandler.ClosePipelineCommandHandler.handle(ClosePipelineCommandHandler.java:74)
	at org.apache.hadoop.ozone.container.common.statemachine.commandhandler.CommandDispatcher.handle(CommandDispatcher.java:99)
	at org.apache.hadoop.ozone.container.common.statemachine.DatanodeStateMachine.lambda$initCommandHandlerThread$2(DatanodeStateMachine.java:498)
	at java.lang.Thread.run(Thread.java:748)
Caused by: org.apache.ratis.protocol.exceptions.GroupMismatchException: 093cbee5-fb37-48c5-a334-037ab050c5a4: Group group-82FE8DDC79AF not found.
	at org.apache.ratis.server.impl.RaftServerProxy.groupRemoveAsync(RaftServerProxy.java:504)
	at org.apache.ratis.server.impl.RaftServerProxy.groupManagementAsync(RaftServerProxy.java:460)
	at org.apache.ratis.server.impl.RaftServerProxy.groupManagement(RaftServerProxy.java:440)
	at org.apache.hadoop.ozone.container.common.transport.server.ratis.XceiverServerRatis.removeGroup(XceiverServerRatis.java:786)
	... 4 more
2021-01-29 15:27:42,704 [Command processor thread] WARN  server.RaftServer (RaftServerProxy.java:remove(101)) - 093cbee5-fb37-48c5-a334-037ab050c5a4: does not contain group: group-82FE8DDC79AF
2021-01-29 15:27:42,704 [Command processor thread] ERROR commandhandler.ClosePipelineCommandHandler (ClosePipelineCommandHandler.java:handle(78)) - Can't close pipeline PipelineID=ada21374-47fd-4d92-9ee3-82fe8ddc79af
java.io.IOException: 093cbee5-fb37-48c5-a334-037ab050c5a4: Group group-82FE8DDC79AF not found.
	at org.apache.hadoop.ozone.container.common.transport.server.ratis.XceiverServerRatis.removeGroup(XceiverServerRatis.java:788)
	at org.apache.hadoop.ozone.container.common.statemachine.commandhandler.ClosePipelineCommandHandler.handle(ClosePipelineCommandHandler.java:74)
	at org.apache.hadoop.ozone.container.common.statemachine.commandhandler.CommandDispatcher.handle(CommandDispatcher.java:99)
	at org.apache.hadoop.ozone.container.common.statemachine.DatanodeStateMachine.lambda$initCommandHandlerThread$2(DatanodeStateMachine.java:498)
	at java.lang.Thread.run(Thread.java:748)
Caused by: org.apache.ratis.protocol.exceptions.GroupMismatchException: 093cbee5-fb37-48c5-a334-037ab050c5a4: Group group-82FE8DDC79AF not found.
	at org.apache.ratis.server.impl.RaftServerProxy.groupRemoveAsync(RaftServerProxy.java:504)
	at org.apache.ratis.server.impl.RaftServerProxy.groupManagementAsync(RaftServerProxy.java:460)
	at org.apache.ratis.server.impl.RaftServerProxy.groupManagement(RaftServerProxy.java:440)
	at org.apache.hadoop.ozone.container.common.transport.server.ratis.XceiverServerRatis.removeGroup(XceiverServerRatis.java:786)
	... 4 more
2021-01-29 15:27:42,704 [Command processor thread] WARN  server.RaftServer (RaftServerProxy.java:remove(101)) - 093cbee5-fb37-48c5-a334-037ab050c5a4: does not contain group: group-82FE8DDC79AF
2021-01-29 15:27:42,704 [Command processor thread] ERROR commandhandler.ClosePipelineCommandHandler (ClosePipelineCommandHandler.java:handle(78)) - Can't close pipeline PipelineID=ada21374-47fd-4d92-9ee3-82fe8ddc79af
java.io.IOException: 093cbee5-fb37-48c5-a334-037ab050c5a4: Group group-82FE8DDC79AF not found.
	at org.apache.hadoop.ozone.container.common.transport.server.ratis.XceiverServerRatis.removeGroup(XceiverServerRatis.java:788)
	at org.apache.hadoop.ozone.container.common.statemachine.commandhandler.ClosePipelineCommandHandler.handle(ClosePipelineCommandHandler.java:74)
	at org.apache.hadoop.ozone.container.common.statemachine.commandhandler.CommandDispatcher.handle(CommandDispatcher.java:99)
	at org.apache.hadoop.ozone.container.common.statemachine.DatanodeStateMachine.lambda$initCommandHandlerThread$2(DatanodeStateMachine.java:498)
	at java.lang.Thread.run(Thread.java:748)
Caused by: org.apache.ratis.protocol.exceptions.GroupMismatchException: 093cbee5-fb37-48c5-a334-037ab050c5a4: Group group-82FE8DDC79AF not found.
	at org.apache.ratis.server.impl.RaftServerProxy.groupRemoveAsync(RaftServerProxy.java:504)
	at org.apache.ratis.server.impl.RaftServerProxy.groupManagementAsync(RaftServerProxy.java:460)
	at org.apache.ratis.server.impl.RaftServerProxy.groupManagement(RaftServerProxy.java:440)
	at org.apache.hadoop.ozone.container.common.transport.server.ratis.XceiverServerRatis.removeGroup(XceiverServerRatis.java:786)
	... 4 more
2021-01-29 15:27:42,704 [Command processor thread] WARN  server.RaftServer (RaftServerProxy.java:remove(101)) - 093cbee5-fb37-48c5-a334-037ab050c5a4: does not contain group: group-82FE8DDC79AF
2021-01-29 15:27:42,704 [Command processor thread] ERROR commandhandler.ClosePipelineCommandHandler (ClosePipelineCommandHandler.java:handle(78)) - Can't close pipeline PipelineID=ada21374-47fd-4d92-9ee3-82fe8ddc79af
java.io.IOException: 093cbee5-fb37-48c5-a334-037ab050c5a4: Group group-82FE8DDC79AF not found.
	at org.apache.hadoop.ozone.container.common.transport.server.ratis.XceiverServerRatis.removeGroup(XceiverServerRatis.java:788)
	at org.apache.hadoop.ozone.container.common.statemachine.commandhandler.ClosePipelineCommandHandler.handle(ClosePipelineCommandHandler.java:74)
	at org.apache.hadoop.ozone.container.common.statemachine.commandhandler.CommandDispatcher.handle(CommandDispatcher.java:99)
	at org.apache.hadoop.ozone.container.common.statemachine.DatanodeStateMachine.lambda$initCommandHandlerThread$2(DatanodeStateMachine.java:498)
	at java.lang.Thread.run(Thread.java:748)
Caused by: org.apache.ratis.protocol.exceptions.GroupMismatchException: 093cbee5-fb37-48c5-a334-037ab050c5a4: Group group-82FE8DDC79AF not found.
	at org.apache.ratis.server.impl.RaftServerProxy.groupRemoveAsync(RaftServerProxy.java:504)
	at org.apache.ratis.server.impl.RaftServerProxy.groupManagementAsync(RaftServerProxy.java:460)
	at org.apache.ratis.server.impl.RaftServerProxy.groupManagement(RaftServerProxy.java:440)
	at org.apache.hadoop.ozone.container.common.transport.server.ratis.XceiverServerRatis.removeGroup(XceiverServerRatis.java:786)
	... 4 more
2021-01-29 15:27:42,704 [Command processor thread] WARN  server.RaftServer (RaftServerProxy.java:remove(101)) - 093cbee5-fb37-48c5-a334-037ab050c5a4: does not contain group: group-82FE8DDC79AF
2021-01-29 15:27:42,704 [Command processor thread] ERROR commandhandler.ClosePipelineCommandHandler (ClosePipelineCommandHandler.java:handle(78)) - Can't close pipeline PipelineID=ada21374-47fd-4d92-9ee3-82fe8ddc79af
java.io.IOException: 093cbee5-fb37-48c5-a334-037ab050c5a4: Group group-82FE8DDC79AF not found.
	at org.apache.hadoop.ozone.container.common.transport.server.ratis.XceiverServerRatis.removeGroup(XceiverServerRatis.java:788)
	at org.apache.hadoop.ozone.container.common.statemachine.commandhandler.ClosePipelineCommandHandler.handle(ClosePipelineCommandHandler.java:74)
	at org.apache.hadoop.ozone.container.common.statemachine.commandhandler.CommandDispatcher.handle(CommandDispatcher.java:99)
	at org.apache.hadoop.ozone.container.common.statemachine.DatanodeStateMachine.lambda$initCommandHandlerThread$2(DatanodeStateMachine.java:498)
	at java.lang.Thread.run(Thread.java:748)
Caused by: org.apache.ratis.protocol.exceptions.GroupMismatchException: 093cbee5-fb37-48c5-a334-037ab050c5a4: Group group-82FE8DDC79AF not found.
	at org.apache.ratis.server.impl.RaftServerProxy.groupRemoveAsync(RaftServerProxy.java:504)
	at org.apache.ratis.server.impl.RaftServerProxy.groupManagementAsync(RaftServerProxy.java:460)
	at org.apache.ratis.server.impl.RaftServerProxy.groupManagement(RaftServerProxy.java:440)
	at org.apache.hadoop.ozone.container.common.transport.server.ratis.XceiverServerRatis.removeGroup(XceiverServerRatis.java:786)
	... 4 more
2021-01-29 15:27:42,704 [Command processor thread] WARN  server.RaftServer (RaftServerProxy.java:remove(101)) - 093cbee5-fb37-48c5-a334-037ab050c5a4: does not contain group: group-82FE8DDC79AF
2021-01-29 15:27:42,704 [Command processor thread] ERROR commandhandler.ClosePipelineCommandHandler (ClosePipelineCommandHandler.java:handle(78)) - Can't close pipeline PipelineID=ada21374-47fd-4d92-9ee3-82fe8ddc79af
java.io.IOException: 093cbee5-fb37-48c5-a334-037ab050c5a4: Group group-82FE8DDC79AF not found.
	at org.apache.hadoop.ozone.container.common.transport.server.ratis.XceiverServerRatis.removeGroup(XceiverServerRatis.java:788)
	at org.apache.hadoop.ozone.container.common.statemachine.commandhandler.ClosePipelineCommandHandler.handle(ClosePipelineCommandHandler.java:74)
	at org.apache.hadoop.ozone.container.common.statemachine.commandhandler.CommandDispatcher.handle(CommandDispatcher.java:99)
	at org.apache.hadoop.ozone.container.common.statemachine.DatanodeStateMachine.lambda$initCommandHandlerThread$2(DatanodeStateMachine.java:498)
	at java.lang.Thread.run(Thread.java:748)
Caused by: org.apache.ratis.protocol.exceptions.GroupMismatchException: 093cbee5-fb37-48c5-a334-037ab050c5a4: Group group-82FE8DDC79AF not found.
	at org.apache.ratis.server.impl.RaftServerProxy.groupRemoveAsync(RaftServerProxy.java:504)
	at org.apache.ratis.server.impl.RaftServerProxy.groupManagementAsync(RaftServerProxy.java:460)
	at org.apache.ratis.server.impl.RaftServerProxy.groupManagement(RaftServerProxy.java:440)
	at org.apache.hadoop.ozone.container.common.transport.server.ratis.XceiverServerRatis.removeGroup(XceiverServerRatis.java:786)
	... 4 more
2021-01-29 15:27:42,705 [Command processor thread] WARN  server.RaftServer (RaftServerProxy.java:remove(101)) - 093cbee5-fb37-48c5-a334-037ab050c5a4: does not contain group: group-82FE8DDC79AF
2021-01-29 15:27:42,705 [Command processor thread] ERROR commandhandler.ClosePipelineCommandHandler (ClosePipelineCommandHandler.java:handle(78)) - Can't close pipeline PipelineID=ada21374-47fd-4d92-9ee3-82fe8ddc79af
java.io.IOException: 093cbee5-fb37-48c5-a334-037ab050c5a4: Group group-82FE8DDC79AF not found.
	at org.apache.hadoop.ozone.container.common.transport.server.ratis.XceiverServerRatis.removeGroup(XceiverServerRatis.java:788)
	at org.apache.hadoop.ozone.container.common.statemachine.commandhandler.ClosePipelineCommandHandler.handle(ClosePipelineCommandHandler.java:74)
	at org.apache.hadoop.ozone.container.common.statemachine.commandhandler.CommandDispatcher.handle(CommandDispatcher.java:99)
	at org.apache.hadoop.ozone.container.common.statemachine.DatanodeStateMachine.lambda$initCommandHandlerThread$2(DatanodeStateMachine.java:498)
	at java.lang.Thread.run(Thread.java:748)
Caused by: org.apache.ratis.protocol.exceptions.GroupMismatchException: 093cbee5-fb37-48c5-a334-037ab050c5a4: Group group-82FE8DDC79AF not found.
	at org.apache.ratis.server.impl.RaftServerProxy.groupRemoveAsync(RaftServerProxy.java:504)
	at org.apache.ratis.server.impl.RaftServerProxy.groupManagementAsync(RaftServerProxy.java:460)
	at org.apache.ratis.server.impl.RaftServerProxy.groupManagement(RaftServerProxy.java:440)
	at org.apache.hadoop.ozone.container.common.transport.server.ratis.XceiverServerRatis.removeGroup(XceiverServerRatis.java:786)
	... 4 more
2021-01-29 15:27:42,708 [Command processor thread] WARN  server.RaftServer (RaftServerProxy.java:remove(101)) - 093cbee5-fb37-48c5-a334-037ab050c5a4: does not contain group: group-82FE8DDC79AF
2021-01-29 15:27:42,708 [Command processor thread] ERROR commandhandler.ClosePipelineCommandHandler (ClosePipelineCommandHandler.java:handle(78)) - Can't close pipeline PipelineID=ada21374-47fd-4d92-9ee3-82fe8ddc79af
java.io.IOException: 093cbee5-fb37-48c5-a334-037ab050c5a4: Group group-82FE8DDC79AF not found.
	at org.apache.hadoop.ozone.container.common.transport.server.ratis.XceiverServerRatis.removeGroup(XceiverServerRatis.java:788)
	at org.apache.hadoop.ozone.container.common.statemachine.commandhandler.ClosePipelineCommandHandler.handle(ClosePipelineCommandHandler.java:74)
	at org.apache.hadoop.ozone.container.common.statemachine.commandhandler.CommandDispatcher.handle(CommandDispatcher.java:99)
	at org.apache.hadoop.ozone.container.common.statemachine.DatanodeStateMachine.lambda$initCommandHandlerThread$2(DatanodeStateMachine.java:498)
	at java.lang.Thread.run(Thread.java:748)
Caused by: org.apache.ratis.protocol.exceptions.GroupMismatchException: 093cbee5-fb37-48c5-a334-037ab050c5a4: Group group-82FE8DDC79AF not found.
	at org.apache.ratis.server.impl.RaftServerProxy.groupRemoveAsync(RaftServerProxy.java:504)
	at org.apache.ratis.server.impl.RaftServerProxy.groupManagementAsync(RaftServerProxy.java:460)
	at org.apache.ratis.server.impl.RaftServerProxy.groupManagement(RaftServerProxy.java:440)
	at org.apache.hadoop.ozone.container.common.transport.server.ratis.XceiverServerRatis.removeGroup(XceiverServerRatis.java:786)
	... 4 more
2021-01-29 15:27:42,708 [Command processor thread] WARN  server.RaftServer (RaftServerProxy.java:remove(101)) - 093cbee5-fb37-48c5-a334-037ab050c5a4: does not contain group: group-82FE8DDC79AF
2021-01-29 15:27:42,708 [Command processor thread] ERROR commandhandler.ClosePipelineCommandHandler (ClosePipelineCommandHandler.java:handle(78)) - Can't close pipeline PipelineID=ada21374-47fd-4d92-9ee3-82fe8ddc79af
java.io.IOException: 093cbee5-fb37-48c5-a334-037ab050c5a4: Group group-82FE8DDC79AF not found.
	at org.apache.hadoop.ozone.container.common.transport.server.ratis.XceiverServerRatis.removeGroup(XceiverServerRatis.java:788)
	at org.apache.hadoop.ozone.container.common.statemachine.commandhandler.ClosePipelineCommandHandler.handle(ClosePipelineCommandHandler.java:74)
	at org.apache.hadoop.ozone.container.common.statemachine.commandhandler.CommandDispatcher.handle(CommandDispatcher.java:99)
	at org.apache.hadoop.ozone.container.common.statemachine.DatanodeStateMachine.lambda$initCommandHandlerThread$2(DatanodeStateMachine.java:498)
	at java.lang.Thread.run(Thread.java:748)
Caused by: org.apache.ratis.protocol.exceptions.GroupMismatchException: 093cbee5-fb37-48c5-a334-037ab050c5a4: Group group-82FE8DDC79AF not found.
	at org.apache.ratis.server.impl.RaftServerProxy.groupRemoveAsync(RaftServerProxy.java:504)
	at org.apache.ratis.server.impl.RaftServerProxy.groupManagementAsync(RaftServerProxy.java:460)
	at org.apache.ratis.server.impl.RaftServerProxy.groupManagement(RaftServerProxy.java:440)
	at org.apache.hadoop.ozone.container.common.transport.server.ratis.XceiverServerRatis.removeGroup(XceiverServerRatis.java:786)
	... 4 more
2021-01-29 15:27:42,708 [Command processor thread] WARN  server.RaftServer (RaftServerProxy.java:remove(101)) - 093cbee5-fb37-48c5-a334-037ab050c5a4: does not contain group: group-82FE8DDC79AF
2021-01-29 15:27:42,708 [Command processor thread] ERROR commandhandler.ClosePipelineCommandHandler (ClosePipelineCommandHandler.java:handle(78)) - Can't close pipeline PipelineID=ada21374-47fd-4d92-9ee3-82fe8ddc79af
java.io.IOException: 093cbee5-fb37-48c5-a334-037ab050c5a4: Group group-82FE8DDC79AF not found.
	at org.apache.hadoop.ozone.container.common.transport.server.ratis.XceiverServerRatis.removeGroup(XceiverServerRatis.java:788)
	at org.apache.hadoop.ozone.container.common.statemachine.commandhandler.ClosePipelineCommandHandler.handle(ClosePipelineCommandHandler.java:74)
	at org.apache.hadoop.ozone.container.common.statemachine.commandhandler.CommandDispatcher.handle(CommandDispatcher.java:99)
	at org.apache.hadoop.ozone.container.common.statemachine.DatanodeStateMachine.lambda$initCommandHandlerThread$2(DatanodeStateMachine.java:498)
	at java.lang.Thread.run(Thread.java:748)
Caused by: org.apache.ratis.protocol.exceptions.GroupMismatchException: 093cbee5-fb37-48c5-a334-037ab050c5a4: Group group-82FE8DDC79AF not found.
	at org.apache.ratis.server.impl.RaftServerProxy.groupRemoveAsync(RaftServerProxy.java:504)
	at org.apache.ratis.server.impl.RaftServerProxy.groupManagementAsync(RaftServerProxy.java:460)
	at org.apache.ratis.server.impl.RaftServerProxy.groupManagement(RaftServerProxy.java:440)
	at org.apache.hadoop.ozone.container.common.transport.server.ratis.XceiverServerRatis.removeGroup(XceiverServerRatis.java:786)
	... 4 more
2021-01-29 15:27:43,679 [Command processor thread] WARN  server.RaftServer (RaftServerProxy.java:remove(101)) - d5d7cc10-80c6-421e-a2cb-6e4e9e0bf9f8: does not contain group: group-82FE8DDC79AF
2021-01-29 15:27:43,679 [Command processor thread] ERROR commandhandler.ClosePipelineCommandHandler (ClosePipelineCommandHandler.java:handle(78)) - Can't close pipeline PipelineID=ada21374-47fd-4d92-9ee3-82fe8ddc79af
java.io.IOException: d5d7cc10-80c6-421e-a2cb-6e4e9e0bf9f8: Group group-82FE8DDC79AF not found.
	at org.apache.hadoop.ozone.container.common.transport.server.ratis.XceiverServerRatis.removeGroup(XceiverServerRatis.java:788)
	at org.apache.hadoop.ozone.container.common.statemachine.commandhandler.ClosePipelineCommandHandler.handle(ClosePipelineCommandHandler.java:74)
	at org.apache.hadoop.ozone.container.common.statemachine.commandhandler.CommandDispatcher.handle(CommandDispatcher.java:99)
	at org.apache.hadoop.ozone.container.common.statemachine.DatanodeStateMachine.lambda$initCommandHandlerThread$2(DatanodeStateMachine.java:498)
	at java.lang.Thread.run(Thread.java:748)
Caused by: org.apache.ratis.protocol.exceptions.GroupMismatchException: d5d7cc10-80c6-421e-a2cb-6e4e9e0bf9f8: Group group-82FE8DDC79AF not found.
	at org.apache.ratis.server.impl.RaftServerProxy.groupRemoveAsync(RaftServerProxy.java:504)
	at org.apache.ratis.server.impl.RaftServerProxy.groupManagementAsync(RaftServerProxy.java:460)
	at org.apache.ratis.server.impl.RaftServerProxy.groupManagement(RaftServerProxy.java:440)
	at org.apache.hadoop.ozone.container.common.transport.server.ratis.XceiverServerRatis.removeGroup(XceiverServerRatis.java:786)
	... 4 more
2021-01-29 15:27:43,689 [Command processor thread] WARN  server.RaftServer (RaftServerProxy.java:remove(101)) - 917eb864-1739-4fd5-ac14-ff1ecb8c1d24: does not contain group: group-82FE8DDC79AF
2021-01-29 15:27:43,689 [Command processor thread] ERROR commandhandler.ClosePipelineCommandHandler (ClosePipelineCommandHandler.java:handle(78)) - Can't close pipeline PipelineID=ada21374-47fd-4d92-9ee3-82fe8ddc79af
java.io.IOException: 917eb864-1739-4fd5-ac14-ff1ecb8c1d24: Group group-82FE8DDC79AF not found.
	at org.apache.hadoop.ozone.container.common.transport.server.ratis.XceiverServerRatis.removeGroup(XceiverServerRatis.java:788)
	at org.apache.hadoop.ozone.container.common.statemachine.commandhandler.ClosePipelineCommandHandler.handle(ClosePipelineCommandHandler.java:74)
	at org.apache.hadoop.ozone.container.common.statemachine.commandhandler.CommandDispatcher.handle(CommandDispatcher.java:99)
	at org.apache.hadoop.ozone.container.common.statemachine.DatanodeStateMachine.lambda$initCommandHandlerThread$2(DatanodeStateMachine.java:498)
	at java.lang.Thread.run(Thread.java:748)
Caused by: org.apache.ratis.protocol.exceptions.GroupMismatchException: 917eb864-1739-4fd5-ac14-ff1ecb8c1d24: Group group-82FE8DDC79AF not found.
	at org.apache.ratis.server.impl.RaftServerProxy.groupRemoveAsync(RaftServerProxy.java:504)
	at org.apache.ratis.server.impl.RaftServerProxy.groupManagementAsync(RaftServerProxy.java:460)
	at org.apache.ratis.server.impl.RaftServerProxy.groupManagement(RaftServerProxy.java:440)
	at org.apache.hadoop.ozone.container.common.transport.server.ratis.XceiverServerRatis.removeGroup(XceiverServerRatis.java:786)
	... 4 more
2021-01-29 15:27:44,666 [Command processor thread] WARN  server.RaftServer (RaftServerProxy.java:remove(101)) - 093cbee5-fb37-48c5-a334-037ab050c5a4: does not contain group: group-82FE8DDC79AF
2021-01-29 15:27:44,666 [Command processor thread] ERROR commandhandler.ClosePipelineCommandHandler (ClosePipelineCommandHandler.java:handle(78)) - Can't close pipeline PipelineID=ada21374-47fd-4d92-9ee3-82fe8ddc79af
java.io.IOException: 093cbee5-fb37-48c5-a334-037ab050c5a4: Group group-82FE8DDC79AF not found.
	at org.apache.hadoop.ozone.container.common.transport.server.ratis.XceiverServerRatis.removeGroup(XceiverServerRatis.java:788)
	at org.apache.hadoop.ozone.container.common.statemachine.commandhandler.ClosePipelineCommandHandler.handle(ClosePipelineCommandHandler.java:74)
	at org.apache.hadoop.ozone.container.common.statemachine.commandhandler.CommandDispatcher.handle(CommandDispatcher.java:99)
	at org.apache.hadoop.ozone.container.common.statemachine.DatanodeStateMachine.lambda$initCommandHandlerThread$2(DatanodeStateMachine.java:498)
	at java.lang.Thread.run(Thread.java:748)
Caused by: org.apache.ratis.protocol.exceptions.GroupMismatchException: 093cbee5-fb37-48c5-a334-037ab050c5a4: Group group-82FE8DDC79AF not found.
	at org.apache.ratis.server.impl.RaftServerProxy.groupRemoveAsync(RaftServerProxy.java:504)
	at org.apache.ratis.server.impl.RaftServerProxy.groupManagementAsync(RaftServerProxy.java:460)
	at org.apache.ratis.server.impl.RaftServerProxy.groupManagement(RaftServerProxy.java:440)
	at org.apache.hadoop.ozone.container.common.transport.server.ratis.XceiverServerRatis.removeGroup(XceiverServerRatis.java:786)
	... 4 more
2021-01-29 15:27:44,691 [Command processor thread] WARN  server.RaftServer (RaftServerProxy.java:remove(101)) - 917eb864-1739-4fd5-ac14-ff1ecb8c1d24: does not contain group: group-82FE8DDC79AF
2021-01-29 15:27:44,692 [Command processor thread] ERROR commandhandler.ClosePipelineCommandHandler (ClosePipelineCommandHandler.java:handle(78)) - Can't close pipeline PipelineID=ada21374-47fd-4d92-9ee3-82fe8ddc79af
java.io.IOException: 917eb864-1739-4fd5-ac14-ff1ecb8c1d24: Group group-82FE8DDC79AF not found.
	at org.apache.hadoop.ozone.container.common.transport.server.ratis.XceiverServerRatis.removeGroup(XceiverServerRatis.java:788)
	at org.apache.hadoop.ozone.container.common.statemachine.commandhandler.ClosePipelineCommandHandler.handle(ClosePipelineCommandHandler.java:74)
	at org.apache.hadoop.ozone.container.common.statemachine.commandhandler.CommandDispatcher.handle(CommandDispatcher.java:99)
	at org.apache.hadoop.ozone.container.common.statemachine.DatanodeStateMachine.lambda$initCommandHandlerThread$2(DatanodeStateMachine.java:498)
	at java.lang.Thread.run(Thread.java:748)
Caused by: org.apache.ratis.protocol.exceptions.GroupMismatchException: 917eb864-1739-4fd5-ac14-ff1ecb8c1d24: Group group-82FE8DDC79AF not found.
	at org.apache.ratis.server.impl.RaftServerProxy.groupRemoveAsync(RaftServerProxy.java:504)
	at org.apache.ratis.server.impl.RaftServerProxy.groupManagementAsync(RaftServerProxy.java:460)
	at org.apache.ratis.server.impl.RaftServerProxy.groupManagement(RaftServerProxy.java:440)
	at org.apache.hadoop.ozone.container.common.transport.server.ratis.XceiverServerRatis.removeGroup(XceiverServerRatis.java:786)
	... 4 more
2021-01-29 15:27:45,679 [Command processor thread] WARN  server.RaftServer (RaftServerProxy.java:remove(101)) - d5d7cc10-80c6-421e-a2cb-6e4e9e0bf9f8: does not contain group: group-82FE8DDC79AF
2021-01-29 15:27:45,679 [Command processor thread] ERROR commandhandler.ClosePipelineCommandHandler (ClosePipelineCommandHandler.java:handle(78)) - Can't close pipeline PipelineID=ada21374-47fd-4d92-9ee3-82fe8ddc79af
java.io.IOException: d5d7cc10-80c6-421e-a2cb-6e4e9e0bf9f8: Group group-82FE8DDC79AF not found.
	at org.apache.hadoop.ozone.container.common.transport.server.ratis.XceiverServerRatis.removeGroup(XceiverServerRatis.java:788)
	at org.apache.hadoop.ozone.container.common.statemachine.commandhandler.ClosePipelineCommandHandler.handle(ClosePipelineCommandHandler.java:74)
	at org.apache.hadoop.ozone.container.common.statemachine.commandhandler.CommandDispatcher.handle(CommandDispatcher.java:99)
	at org.apache.hadoop.ozone.container.common.statemachine.DatanodeStateMachine.lambda$initCommandHandlerThread$2(DatanodeStateMachine.java:498)
	at java.lang.Thread.run(Thread.java:748)
Caused by: org.apache.ratis.protocol.exceptions.GroupMismatchException: d5d7cc10-80c6-421e-a2cb-6e4e9e0bf9f8: Group group-82FE8DDC79AF not found.
	at org.apache.ratis.server.impl.RaftServerProxy.groupRemoveAsync(RaftServerProxy.java:504)
	at org.apache.ratis.server.impl.RaftServerProxy.groupManagementAsync(RaftServerProxy.java:460)
	at org.apache.ratis.server.impl.RaftServerProxy.groupManagement(RaftServerProxy.java:440)
	at org.apache.hadoop.ozone.container.common.transport.server.ratis.XceiverServerRatis.removeGroup(XceiverServerRatis.java:786)
	... 4 more
2021-01-29 15:27:45,679 [Command processor thread] WARN  server.RaftServer (RaftServerProxy.java:remove(101)) - d5d7cc10-80c6-421e-a2cb-6e4e9e0bf9f8: does not contain group: group-82FE8DDC79AF
2021-01-29 15:27:45,679 [Command processor thread] ERROR commandhandler.ClosePipelineCommandHandler (ClosePipelineCommandHandler.java:handle(78)) - Can't close pipeline PipelineID=ada21374-47fd-4d92-9ee3-82fe8ddc79af
java.io.IOException: d5d7cc10-80c6-421e-a2cb-6e4e9e0bf9f8: Group group-82FE8DDC79AF not found.
	at org.apache.hadoop.ozone.container.common.transport.server.ratis.XceiverServerRatis.removeGroup(XceiverServerRatis.java:788)
	at org.apache.hadoop.ozone.container.common.statemachine.commandhandler.ClosePipelineCommandHandler.handle(ClosePipelineCommandHandler.java:74)
	at org.apache.hadoop.ozone.container.common.statemachine.commandhandler.CommandDispatcher.handle(CommandDispatcher.java:99)
	at org.apache.hadoop.ozone.container.common.statemachine.DatanodeStateMachine.lambda$initCommandHandlerThread$2(DatanodeStateMachine.java:498)
	at java.lang.Thread.run(Thread.java:748)
Caused by: org.apache.ratis.protocol.exceptions.GroupMismatchException: d5d7cc10-80c6-421e-a2cb-6e4e9e0bf9f8: Group group-82FE8DDC79AF not found.
	at org.apache.ratis.server.impl.RaftServerProxy.groupRemoveAsync(RaftServerProxy.java:504)
	at org.apache.ratis.server.impl.RaftServerProxy.groupManagementAsync(RaftServerProxy.java:460)
	at org.apache.ratis.server.impl.RaftServerProxy.groupManagement(RaftServerProxy.java:440)
	at org.apache.hadoop.ozone.container.common.transport.server.ratis.XceiverServerRatis.removeGroup(XceiverServerRatis.java:786)
	... 4 more
2021-01-29 15:27:46,666 [Command processor thread] WARN  server.RaftServer (RaftServerProxy.java:remove(101)) - 093cbee5-fb37-48c5-a334-037ab050c5a4: does not contain group: group-82FE8DDC79AF
2021-01-29 15:27:46,667 [Command processor thread] ERROR commandhandler.ClosePipelineCommandHandler (ClosePipelineCommandHandler.java:handle(78)) - Can't close pipeline PipelineID=ada21374-47fd-4d92-9ee3-82fe8ddc79af
java.io.IOException: 093cbee5-fb37-48c5-a334-037ab050c5a4: Group group-82FE8DDC79AF not found.
	at org.apache.hadoop.ozone.container.common.transport.server.ratis.XceiverServerRatis.removeGroup(XceiverServerRatis.java:788)
	at org.apache.hadoop.ozone.container.common.statemachine.commandhandler.ClosePipelineCommandHandler.handle(ClosePipelineCommandHandler.java:74)
	at org.apache.hadoop.ozone.container.common.statemachine.commandhandler.CommandDispatcher.handle(CommandDispatcher.java:99)
	at org.apache.hadoop.ozone.container.common.statemachine.DatanodeStateMachine.lambda$initCommandHandlerThread$2(DatanodeStateMachine.java:498)
	at java.lang.Thread.run(Thread.java:748)
Caused by: org.apache.ratis.protocol.exceptions.GroupMismatchException: 093cbee5-fb37-48c5-a334-037ab050c5a4: Group group-82FE8DDC79AF not found.
	at org.apache.ratis.server.impl.RaftServerProxy.groupRemoveAsync(RaftServerProxy.java:504)
	at org.apache.ratis.server.impl.RaftServerProxy.groupManagementAsync(RaftServerProxy.java:460)
	at org.apache.ratis.server.impl.RaftServerProxy.groupManagement(RaftServerProxy.java:440)
	at org.apache.hadoop.ozone.container.common.transport.server.ratis.XceiverServerRatis.removeGroup(XceiverServerRatis.java:786)
	... 4 more
2021-01-29 15:27:46,667 [Command processor thread] WARN  server.RaftServer (RaftServerProxy.java:remove(101)) - 093cbee5-fb37-48c5-a334-037ab050c5a4: does not contain group: group-82FE8DDC79AF
2021-01-29 15:27:46,667 [Command processor thread] ERROR commandhandler.ClosePipelineCommandHandler (ClosePipelineCommandHandler.java:handle(78)) - Can't close pipeline PipelineID=ada21374-47fd-4d92-9ee3-82fe8ddc79af
java.io.IOException: 093cbee5-fb37-48c5-a334-037ab050c5a4: Group group-82FE8DDC79AF not found.
	at org.apache.hadoop.ozone.container.common.transport.server.ratis.XceiverServerRatis.removeGroup(XceiverServerRatis.java:788)
	at org.apache.hadoop.ozone.container.common.statemachine.commandhandler.ClosePipelineCommandHandler.handle(ClosePipelineCommandHandler.java:74)
	at org.apache.hadoop.ozone.container.common.statemachine.commandhandler.CommandDispatcher.handle(CommandDispatcher.java:99)
	at org.apache.hadoop.ozone.container.common.statemachine.DatanodeStateMachine.lambda$initCommandHandlerThread$2(DatanodeStateMachine.java:498)
	at java.lang.Thread.run(Thread.java:748)
Caused by: org.apache.ratis.protocol.exceptions.GroupMismatchException: 093cbee5-fb37-48c5-a334-037ab050c5a4: Group group-82FE8DDC79AF not found.
	at org.apache.ratis.server.impl.RaftServerProxy.groupRemoveAsync(RaftServerProxy.java:504)
	at org.apache.ratis.server.impl.RaftServerProxy.groupManagementAsync(RaftServerProxy.java:460)
	at org.apache.ratis.server.impl.RaftServerProxy.groupManagement(RaftServerProxy.java:440)
	at org.apache.hadoop.ozone.container.common.transport.server.ratis.XceiverServerRatis.removeGroup(XceiverServerRatis.java:786)
	... 4 more
2021-01-29 15:27:46,691 [Command processor thread] WARN  server.RaftServer (RaftServerProxy.java:remove(101)) - 917eb864-1739-4fd5-ac14-ff1ecb8c1d24: does not contain group: group-82FE8DDC79AF
2021-01-29 15:27:46,691 [Command processor thread] ERROR commandhandler.ClosePipelineCommandHandler (ClosePipelineCommandHandler.java:handle(78)) - Can't close pipeline PipelineID=ada21374-47fd-4d92-9ee3-82fe8ddc79af
java.io.IOException: 917eb864-1739-4fd5-ac14-ff1ecb8c1d24: Group group-82FE8DDC79AF not found.
	at org.apache.hadoop.ozone.container.common.transport.server.ratis.XceiverServerRatis.removeGroup(XceiverServerRatis.java:788)
	at org.apache.hadoop.ozone.container.common.statemachine.commandhandler.ClosePipelineCommandHandler.handle(ClosePipelineCommandHandler.java:74)
	at org.apache.hadoop.ozone.container.common.statemachine.commandhandler.CommandDispatcher.handle(CommandDispatcher.java:99)
	at org.apache.hadoop.ozone.container.common.statemachine.DatanodeStateMachine.lambda$initCommandHandlerThread$2(DatanodeStateMachine.java:498)
	at java.lang.Thread.run(Thread.java:748)
Caused by: org.apache.ratis.protocol.exceptions.GroupMismatchException: 917eb864-1739-4fd5-ac14-ff1ecb8c1d24: Group group-82FE8DDC79AF not found.
	at org.apache.ratis.server.impl.RaftServerProxy.groupRemoveAsync(RaftServerProxy.java:504)
	at org.apache.ratis.server.impl.RaftServerProxy.groupManagementAsync(RaftServerProxy.java:460)
	at org.apache.ratis.server.impl.RaftServerProxy.groupManagement(RaftServerProxy.java:440)
	at org.apache.hadoop.ozone.container.common.transport.server.ratis.XceiverServerRatis.removeGroup(XceiverServerRatis.java:786)
	... 4 more
2021-01-29 15:27:46,691 [Command processor thread] WARN  server.RaftServer (RaftServerProxy.java:remove(101)) - 917eb864-1739-4fd5-ac14-ff1ecb8c1d24: does not contain group: group-82FE8DDC79AF
2021-01-29 15:27:46,691 [Command processor thread] ERROR commandhandler.ClosePipelineCommandHandler (ClosePipelineCommandHandler.java:handle(78)) - Can't close pipeline PipelineID=ada21374-47fd-4d92-9ee3-82fe8ddc79af
java.io.IOException: 917eb864-1739-4fd5-ac14-ff1ecb8c1d24: Group group-82FE8DDC79AF not found.
	at org.apache.hadoop.ozone.container.common.transport.server.ratis.XceiverServerRatis.removeGroup(XceiverServerRatis.java:788)
	at org.apache.hadoop.ozone.container.common.statemachine.commandhandler.ClosePipelineCommandHandler.handle(ClosePipelineCommandHandler.java:74)
	at org.apache.hadoop.ozone.container.common.statemachine.commandhandler.CommandDispatcher.handle(CommandDispatcher.java:99)
	at org.apache.hadoop.ozone.container.common.statemachine.DatanodeStateMachine.lambda$initCommandHandlerThread$2(DatanodeStateMachine.java:498)
	at java.lang.Thread.run(Thread.java:748)
Caused by: org.apache.ratis.protocol.exceptions.GroupMismatchException: 917eb864-1739-4fd5-ac14-ff1ecb8c1d24: Group group-82FE8DDC79AF not found.
	at org.apache.ratis.server.impl.RaftServerProxy.groupRemoveAsync(RaftServerProxy.java:504)
	at org.apache.ratis.server.impl.RaftServerProxy.groupManagementAsync(RaftServerProxy.java:460)
	at org.apache.ratis.server.impl.RaftServerProxy.groupManagement(RaftServerProxy.java:440)
	at org.apache.hadoop.ozone.container.common.transport.server.ratis.XceiverServerRatis.removeGroup(XceiverServerRatis.java:786)
	... 4 more
2021-01-29 15:27:47,679 [Command processor thread] WARN  server.RaftServer (RaftServerProxy.java:remove(101)) - d5d7cc10-80c6-421e-a2cb-6e4e9e0bf9f8: does not contain group: group-82FE8DDC79AF
2021-01-29 15:27:47,679 [Command processor thread] ERROR commandhandler.ClosePipelineCommandHandler (ClosePipelineCommandHandler.java:handle(78)) - Can't close pipeline PipelineID=ada21374-47fd-4d92-9ee3-82fe8ddc79af
java.io.IOException: d5d7cc10-80c6-421e-a2cb-6e4e9e0bf9f8: Group group-82FE8DDC79AF not found.
	at org.apache.hadoop.ozone.container.common.transport.server.ratis.XceiverServerRatis.removeGroup(XceiverServerRatis.java:788)
	at org.apache.hadoop.ozone.container.common.statemachine.commandhandler.ClosePipelineCommandHandler.handle(ClosePipelineCommandHandler.java:74)
	at org.apache.hadoop.ozone.container.common.statemachine.commandhandler.CommandDispatcher.handle(CommandDispatcher.java:99)
	at org.apache.hadoop.ozone.container.common.statemachine.DatanodeStateMachine.lambda$initCommandHandlerThread$2(DatanodeStateMachine.java:498)
	at java.lang.Thread.run(Thread.java:748)
Caused by: org.apache.ratis.protocol.exceptions.GroupMismatchException: d5d7cc10-80c6-421e-a2cb-6e4e9e0bf9f8: Group group-82FE8DDC79AF not found.
	at org.apache.ratis.server.impl.RaftServerProxy.groupRemoveAsync(RaftServerProxy.java:504)
	at org.apache.ratis.server.impl.RaftServerProxy.groupManagementAsync(RaftServerProxy.java:460)
	at org.apache.ratis.server.impl.RaftServerProxy.groupManagement(RaftServerProxy.java:440)
	at org.apache.hadoop.ozone.container.common.transport.server.ratis.XceiverServerRatis.removeGroup(XceiverServerRatis.java:786)
	... 4 more
2021-01-29 15:27:47,679 [Command processor thread] WARN  server.RaftServer (RaftServerProxy.java:remove(101)) - d5d7cc10-80c6-421e-a2cb-6e4e9e0bf9f8: does not contain group: group-82FE8DDC79AF
2021-01-29 15:27:47,679 [Command processor thread] ERROR commandhandler.ClosePipelineCommandHandler (ClosePipelineCommandHandler.java:handle(78)) - Can't close pipeline PipelineID=ada21374-47fd-4d92-9ee3-82fe8ddc79af
java.io.IOException: d5d7cc10-80c6-421e-a2cb-6e4e9e0bf9f8: Group group-82FE8DDC79AF not found.
	at org.apache.hadoop.ozone.container.common.transport.server.ratis.XceiverServerRatis.removeGroup(XceiverServerRatis.java:788)
	at org.apache.hadoop.ozone.container.common.statemachine.commandhandler.ClosePipelineCommandHandler.handle(ClosePipelineCommandHandler.java:74)
	at org.apache.hadoop.ozone.container.common.statemachine.commandhandler.CommandDispatcher.handle(CommandDispatcher.java:99)
	at org.apache.hadoop.ozone.container.common.statemachine.DatanodeStateMachine.lambda$initCommandHandlerThread$2(DatanodeStateMachine.java:498)
	at java.lang.Thread.run(Thread.java:748)
Caused by: org.apache.ratis.protocol.exceptions.GroupMismatchException: d5d7cc10-80c6-421e-a2cb-6e4e9e0bf9f8: Group group-82FE8DDC79AF not found.
	at org.apache.ratis.server.impl.RaftServerProxy.groupRemoveAsync(RaftServerProxy.java:504)
	at org.apache.ratis.server.impl.RaftServerProxy.groupManagementAsync(RaftServerProxy.java:460)
	at org.apache.ratis.server.impl.RaftServerProxy.groupManagement(RaftServerProxy.java:440)
	at org.apache.hadoop.ozone.container.common.transport.server.ratis.XceiverServerRatis.removeGroup(XceiverServerRatis.java:786)
	... 4 more
2021-01-29 15:27:48,401 [java.util.concurrent.ThreadPoolExecutor$Worker@36dedc60[State = -1, empty queue]] INFO  metrics.RatisMetrics (RatisMetrics.java:lambda$create$0(36)) - Creating Metrics Registry : ratis.client_message_metrics.client-4A8E4CDB17E0->917eb864-1739-4fd5-ac14-ff1ecb8c1d24
2021-01-29 15:27:48,415 [grpc-default-executor-3] ERROR storage.BlockOutputStream (BlockOutputStream.java:lambda$writeChunkToContainer$3(676)) - writing chunk failed 105639706255622166_chunk_1 blockID conID: 15 locID: 105639706255622166 bcsId: 0 with exception org.apache.ratis.protocol.exceptions.GroupMismatchException: 917eb864-1739-4fd5-ac14-ff1ecb8c1d24: group-82FE8DDC79AF not found.
2021-01-29 15:27:48,415 [grpc-default-executor-3] ERROR storage.BlockOutputStream (BlockOutputStream.java:lambda$writeChunkToContainer$3(676)) - writing chunk failed 105639706255622166_chunk_2 blockID conID: 15 locID: 105639706255622166 bcsId: 0 with exception org.apache.ratis.protocol.exceptions.AlreadyClosedException: SlidingWindow$Client:client-4A8E4CDB17E0->RAFT is closed.
2021-01-29 15:27:48,417 [Thread-875] WARN  io.KeyOutputStream (KeyOutputStream.java:handleException(312)) - Encountered exception java.io.IOException: Unexpected Storage Container Exception: java.util.concurrent.CompletionException: java.util.concurrent.CompletionException: org.apache.ratis.protocol.exceptions.GroupMismatchException: 917eb864-1739-4fd5-ac14-ff1ecb8c1d24: group-82FE8DDC79AF not found. on the pipeline Pipeline[ Id: ada21374-47fd-4d92-9ee3-82fe8ddc79af, Nodes: 093cbee5-fb37-48c5-a334-037ab050c5a4{ip: 172.17.0.2, host: 6dba130846a4, networkLocation: /default-rack, certSerialId: null, persistedOpState: IN_SERVICE, persistedOpStateExpiryEpochSec: 0}917eb864-1739-4fd5-ac14-ff1ecb8c1d24{ip: 172.17.0.2, host: 6dba130846a4, networkLocation: /default-rack, certSerialId: null, persistedOpState: IN_SERVICE, persistedOpStateExpiryEpochSec: 0}d5d7cc10-80c6-421e-a2cb-6e4e9e0bf9f8{ip: 172.17.0.2, host: 6dba130846a4, networkLocation: /default-rack, certSerialId: null, persistedOpState: IN_SERVICE, persistedOpStateExpiryEpochSec: 0}, Type:RATIS, Factor:THREE, State:OPEN, leaderId:093cbee5-fb37-48c5-a334-037ab050c5a4, CreationTimestamp2021-01-29T15:26:09.180Z]. The last committed block length is 0, uncommitted data length is 2097152 retry count 0
2021-01-29 15:27:48,426 [Thread-875] INFO  metrics.RatisMetrics (RatisMetrics.java:lambda$create$0(36)) - Creating Metrics Registry : ratis.client_message_metrics.client-3DEFA16E1898->abd5dbec-f275-43c0-9ba5-e9315d47b38d
2021-01-29 15:27:48,444 [ChunkWriter-1-0] ERROR helpers.KeyValueContainerUtil (KeyValueContainerUtil.java:createContainerMetaData(90)) - Unable to create directory for metadata storage. Path: /github/workspace/mnt/ozone/hadoop-ozone/integration-test/target/test-dir/MiniOzoneClusterImpl-8ad1afbb-033f-482b-8239-ec8ce0281bc6/datanode-4/data-0/containers/hdds/0d4ea101-e9d0-4fa5-a81e-49d693c0e39a/current/containerDir0/16/metadata
2021-01-29 15:27:48,445 [ChunkWriter-1-0] INFO  keyvalue.KeyValueHandler (ContainerUtils.java:logAndReturnError(89)) - Operation: CreateContainer , Trace ID:  , Message: Container creation failed. Unable to create directory for metadata storage. Path: /github/workspace/mnt/ozone/hadoop-ozone/integration-test/target/test-dir/MiniOzoneClusterImpl-8ad1afbb-033f-482b-8239-ec8ce0281bc6/datanode-4/data-0/containers/hdds/0d4ea101-e9d0-4fa5-a81e-49d693c0e39a/current/containerDir0/16/metadata , Result: CONTAINER_INTERNAL_ERROR , StorageContainerException Occurred.
org.apache.hadoop.hdds.scm.container.common.helpers.StorageContainerException: Container creation failed. Unable to create directory for metadata storage. Path: /github/workspace/mnt/ozone/hadoop-ozone/integration-test/target/test-dir/MiniOzoneClusterImpl-8ad1afbb-033f-482b-8239-ec8ce0281bc6/datanode-4/data-0/containers/hdds/0d4ea101-e9d0-4fa5-a81e-49d693c0e39a/current/containerDir0/16/metadata
	at org.apache.hadoop.ozone.container.keyvalue.KeyValueContainer.create(KeyValueContainer.java:165)
	at org.apache.hadoop.ozone.container.keyvalue.KeyValueHandler.handleCreateContainer(KeyValueHandler.java:258)
	at org.apache.hadoop.ozone.container.keyvalue.KeyValueHandler.dispatchRequest(KeyValueHandler.java:175)
	at org.apache.hadoop.ozone.container.keyvalue.KeyValueHandler.handle(KeyValueHandler.java:163)
	at org.apache.hadoop.ozone.container.common.impl.HddsDispatcher.createContainer(HddsDispatcher.java:425)
	at org.apache.hadoop.ozone.container.common.impl.HddsDispatcher.dispatchRequest(HddsDispatcher.java:260)
	at org.apache.hadoop.ozone.container.common.impl.HddsDispatcher.lambda$dispatch$0(HddsDispatcher.java:171)
	at org.apache.hadoop.hdds.server.OzoneProtocolMessageDispatcher.processRequest(OzoneProtocolMessageDispatcher.java:87)
	at org.apache.hadoop.ozone.container.common.impl.HddsDispatcher.dispatch(HddsDispatcher.java:170)
	at org.apache.hadoop.ozone.container.common.transport.server.ratis.ContainerStateMachine.dispatchCommand(ContainerStateMachine.java:398)
	at org.apache.hadoop.ozone.container.common.transport.server.ratis.ContainerStateMachine.runCommand(ContainerStateMachine.java:408)
	at org.apache.hadoop.ozone.container.common.transport.server.ratis.ContainerStateMachine.lambda$handleWriteChunk$2(ContainerStateMachine.java:445)
	at java.util.concurrent.CompletableFuture$AsyncSupply.run(CompletableFuture.java:1604)
	at java.util.concurrent.ThreadPoolExecutor.runWorker(ThreadPoolExecutor.java:1149)
	at java.util.concurrent.ThreadPoolExecutor$Worker.run(ThreadPoolExecutor.java:624)
	at java.lang.Thread.run(Thread.java:748)
Caused by: java.io.IOException: Unable to create directory for metadata storage. Path: /github/workspace/mnt/ozone/hadoop-ozone/integration-test/target/test-dir/MiniOzoneClusterImpl-8ad1afbb-033f-482b-8239-ec8ce0281bc6/datanode-4/data-0/containers/hdds/0d4ea101-e9d0-4fa5-a81e-49d693c0e39a/current/containerDir0/16/metadata
	at org.apache.hadoop.ozone.container.keyvalue.helpers.KeyValueContainerUtil.createContainerMetaData(KeyValueContainerUtil.java:92)
	at org.apache.hadoop.ozone.container.keyvalue.KeyValueContainer.create(KeyValueContainer.java:133)
	... 15 more
15:27:48.445 [ChunkWriter-1-0] ERROR DNAudit - user=null | ip=null | op=WRITE_CHUNK {blockData=conID: 16 locID: 105639706255622167 bcsId: 0} | ret=FAILURE
org.apache.hadoop.hdds.scm.container.common.helpers.StorageContainerException: ContainerID 16 creation failed
	at org.apache.hadoop.ozone.container.common.impl.HddsDispatcher.dispatchRequest(HddsDispatcher.java:264) ~[hadoop-hdds-container-service-1.1.0-SNAPSHOT.jar:?]
	at org.apache.hadoop.ozone.container.common.impl.HddsDispatcher.lambda$dispatch$0(HddsDispatcher.java:171) ~[hadoop-hdds-container-service-1.1.0-SNAPSHOT.jar:?]
	at org.apache.hadoop.hdds.server.OzoneProtocolMessageDispatcher.processRequest(OzoneProtocolMessageDispatcher.java:87) ~[hadoop-hdds-server-framework-1.1.0-SNAPSHOT.jar:?]
	at org.apache.hadoop.ozone.container.common.impl.HddsDispatcher.dispatch(HddsDispatcher.java:170) ~[hadoop-hdds-container-service-1.1.0-SNAPSHOT.jar:?]
	at org.apache.hadoop.ozone.container.common.transport.server.ratis.ContainerStateMachine.dispatchCommand(ContainerStateMachine.java:398) ~[hadoop-hdds-container-service-1.1.0-SNAPSHOT.jar:?]
	at org.apache.hadoop.ozone.container.common.transport.server.ratis.ContainerStateMachine.runCommand(ContainerStateMachine.java:408) ~[hadoop-hdds-container-service-1.1.0-SNAPSHOT.jar:?]
	at org.apache.hadoop.ozone.container.common.transport.server.ratis.ContainerStateMachine.lambda$handleWriteChunk$2(ContainerStateMachine.java:445) ~[hadoop-hdds-container-service-1.1.0-SNAPSHOT.jar:?]
	at java.util.concurrent.CompletableFuture$AsyncSupply.run(CompletableFuture.java:1604) [?:1.8.0_232]
	at java.util.concurrent.ThreadPoolExecutor.runWorker(ThreadPoolExecutor.java:1149) [?:1.8.0_232]
	at java.util.concurrent.ThreadPoolExecutor$Worker.run(ThreadPoolExecutor.java:624) [?:1.8.0_232]
	at java.lang.Thread.run(Thread.java:748) [?:1.8.0_232]
2021-01-29 15:27:48,445 [ChunkWriter-1-0] INFO  impl.HddsDispatcher (ContainerUtils.java:logAndReturnError(89)) - Operation: WriteChunk , Trace ID:  , Message: ContainerID 16 creation failed , Result: CONTAINER_INTERNAL_ERROR , StorageContainerException Occurred.
org.apache.hadoop.hdds.scm.container.common.helpers.StorageContainerException: ContainerID 16 creation failed
	at org.apache.hadoop.ozone.container.common.impl.HddsDispatcher.dispatchRequest(HddsDispatcher.java:264)
	at org.apache.hadoop.ozone.container.common.impl.HddsDispatcher.lambda$dispatch$0(HddsDispatcher.java:171)
	at org.apache.hadoop.hdds.server.OzoneProtocolMessageDispatcher.processRequest(OzoneProtocolMessageDispatcher.java:87)
	at org.apache.hadoop.ozone.container.common.impl.HddsDispatcher.dispatch(HddsDispatcher.java:170)
	at org.apache.hadoop.ozone.container.common.transport.server.ratis.ContainerStateMachine.dispatchCommand(ContainerStateMachine.java:398)
	at org.apache.hadoop.ozone.container.common.transport.server.ratis.ContainerStateMachine.runCommand(ContainerStateMachine.java:408)
	at org.apache.hadoop.ozone.container.common.transport.server.ratis.ContainerStateMachine.lambda$handleWriteChunk$2(ContainerStateMachine.java:445)
	at java.util.concurrent.CompletableFuture$AsyncSupply.run(CompletableFuture.java:1604)
	at java.util.concurrent.ThreadPoolExecutor.runWorker(ThreadPoolExecutor.java:1149)
	at java.util.concurrent.ThreadPoolExecutor$Worker.run(ThreadPoolExecutor.java:624)
	at java.lang.Thread.run(Thread.java:748)
2021-01-29 15:27:48,445 [ChunkWriter-1-0] ERROR ratis.ContainerStateMachine (ContainerStateMachine.java:lambda$handleWriteChunk$3(473)) - group-C890AF39A67A: writeChunk writeStateMachineData failed: blockIdcontainerID: 16
localID: 105639706255622167
blockCommitSequenceId: 0
 logIndex 122 chunkName 105639706255622167_chunk_1 Error message: ContainerID 16 creation failed Container Result: CONTAINER_INTERNAL_ERROR
2021-01-29 15:27:48,447 [ChunkWriter-1-0] ERROR helpers.KeyValueContainerUtil (KeyValueContainerUtil.java:createContainerMetaData(90)) - Unable to create directory for metadata storage. Path: /github/workspace/mnt/ozone/hadoop-ozone/integration-test/target/test-dir/MiniOzoneClusterImpl-8ad1afbb-033f-482b-8239-ec8ce0281bc6/datanode-4/data-0/containers/hdds/0d4ea101-e9d0-4fa5-a81e-49d693c0e39a/current/containerDir0/16/metadata
2021-01-29 15:27:48,447 [ChunkWriter-1-0] INFO  keyvalue.KeyValueHandler (ContainerUtils.java:logAndReturnError(89)) - Operation: CreateContainer , Trace ID:  , Message: Container creation failed. Unable to create directory for metadata storage. Path: /github/workspace/mnt/ozone/hadoop-ozone/integration-test/target/test-dir/MiniOzoneClusterImpl-8ad1afbb-033f-482b-8239-ec8ce0281bc6/datanode-4/data-0/containers/hdds/0d4ea101-e9d0-4fa5-a81e-49d693c0e39a/current/containerDir0/16/metadata , Result: CONTAINER_INTERNAL_ERROR , StorageContainerException Occurred.
org.apache.hadoop.hdds.scm.container.common.helpers.StorageContainerException: Container creation failed. Unable to create directory for metadata storage. Path: /github/workspace/mnt/ozone/hadoop-ozone/integration-test/target/test-dir/MiniOzoneClusterImpl-8ad1afbb-033f-482b-8239-ec8ce0281bc6/datanode-4/data-0/containers/hdds/0d4ea101-e9d0-4fa5-a81e-49d693c0e39a/current/containerDir0/16/metadata
	at org.apache.hadoop.ozone.container.keyvalue.KeyValueContainer.create(KeyValueContainer.java:165)
	at org.apache.hadoop.ozone.container.keyvalue.KeyValueHandler.handleCreateContainer(KeyValueHandler.java:258)
	at org.apache.hadoop.ozone.container.keyvalue.KeyValueHandler.dispatchRequest(KeyValueHandler.java:175)
	at org.apache.hadoop.ozone.container.keyvalue.KeyValueHandler.handle(KeyValueHandler.java:163)
	at org.apache.hadoop.ozone.container.common.impl.HddsDispatcher.createContainer(HddsDispatcher.java:425)
	at org.apache.hadoop.ozone.container.common.impl.HddsDispatcher.dispatchRequest(HddsDispatcher.java:260)
	at org.apache.hadoop.ozone.container.common.impl.HddsDispatcher.lambda$dispatch$0(HddsDispatcher.java:171)
	at org.apache.hadoop.hdds.server.OzoneProtocolMessageDispatcher.processRequest(OzoneProtocolMessageDispatcher.java:87)
	at org.apache.hadoop.ozone.container.common.impl.HddsDispatcher.dispatch(HddsDispatcher.java:170)
	at org.apache.hadoop.ozone.container.common.transport.server.ratis.ContainerStateMachine.dispatchCommand(ContainerStateMachine.java:398)
	at org.apache.hadoop.ozone.container.common.transport.server.ratis.ContainerStateMachine.runCommand(ContainerStateMachine.java:408)
	at org.apache.hadoop.ozone.container.common.transport.server.ratis.ContainerStateMachine.lambda$handleWriteChunk$2(ContainerStateMachine.java:445)
	at java.util.concurrent.CompletableFuture$AsyncSupply.run(CompletableFuture.java:1604)
	at java.util.concurrent.ThreadPoolExecutor.runWorker(ThreadPoolExecutor.java:1149)
	at java.util.concurrent.ThreadPoolExecutor$Worker.run(ThreadPoolExecutor.java:624)
	at java.lang.Thread.run(Thread.java:748)
Caused by: java.io.IOException: Unable to create directory for metadata storage. Path: /github/workspace/mnt/ozone/hadoop-ozone/integration-test/target/test-dir/MiniOzoneClusterImpl-8ad1afbb-033f-482b-8239-ec8ce0281bc6/datanode-4/data-0/containers/hdds/0d4ea101-e9d0-4fa5-a81e-49d693c0e39a/current/containerDir0/16/metadata
	at org.apache.hadoop.ozone.container.keyvalue.helpers.KeyValueContainerUtil.createContainerMetaData(KeyValueContainerUtil.java:92)
	at org.apache.hadoop.ozone.container.keyvalue.KeyValueContainer.create(KeyValueContainer.java:133)
	... 15 more
15:27:48.448 [ChunkWriter-1-0] ERROR DNAudit - user=null | ip=null | op=WRITE_CHUNK {blockData=conID: 16 locID: 105639706255622167 bcsId: 0} | ret=FAILURE
org.apache.hadoop.hdds.scm.container.common.helpers.StorageContainerException: ContainerID 16 creation failed
	at org.apache.hadoop.ozone.container.common.impl.HddsDispatcher.dispatchRequest(HddsDispatcher.java:264) ~[hadoop-hdds-container-service-1.1.0-SNAPSHOT.jar:?]
	at org.apache.hadoop.ozone.container.common.impl.HddsDispatcher.lambda$dispatch$0(HddsDispatcher.java:171) ~[hadoop-hdds-container-service-1.1.0-SNAPSHOT.jar:?]
	at org.apache.hadoop.hdds.server.OzoneProtocolMessageDispatcher.processRequest(OzoneProtocolMessageDispatcher.java:87) ~[hadoop-hdds-server-framework-1.1.0-SNAPSHOT.jar:?]
	at org.apache.hadoop.ozone.container.common.impl.HddsDispatcher.dispatch(HddsDispatcher.java:170) ~[hadoop-hdds-container-service-1.1.0-SNAPSHOT.jar:?]
	at org.apache.hadoop.ozone.container.common.transport.server.ratis.ContainerStateMachine.dispatchCommand(ContainerStateMachine.java:398) ~[hadoop-hdds-container-service-1.1.0-SNAPSHOT.jar:?]
	at org.apache.hadoop.ozone.container.common.transport.server.ratis.ContainerStateMachine.runCommand(ContainerStateMachine.java:408) ~[hadoop-hdds-container-service-1.1.0-SNAPSHOT.jar:?]
	at org.apache.hadoop.ozone.container.common.transport.server.ratis.ContainerStateMachine.lambda$handleWriteChunk$2(ContainerStateMachine.java:445) ~[hadoop-hdds-container-service-1.1.0-SNAPSHOT.jar:?]
	at java.util.concurrent.CompletableFuture$AsyncSupply.run(CompletableFuture.java:1604) [?:1.8.0_232]
	at java.util.concurrent.ThreadPoolExecutor.runWorker(ThreadPoolExecutor.java:1149) [?:1.8.0_232]
	at java.util.concurrent.ThreadPoolExecutor$Worker.run(ThreadPoolExecutor.java:624) [?:1.8.0_232]
	at java.lang.Thread.run(Thread.java:748) [?:1.8.0_232]
2021-01-29 15:27:48,448 [ChunkWriter-1-0] INFO  impl.HddsDispatcher (ContainerUtils.java:logAndReturnError(89)) - Operation: WriteChunk , Trace ID:  , Message: ContainerID 16 creation failed , Result: CONTAINER_INTERNAL_ERROR , StorageContainerException Occurred.
org.apache.hadoop.hdds.scm.container.common.helpers.StorageContainerException: ContainerID 16 creation failed
	at org.apache.hadoop.ozone.container.common.impl.HddsDispatcher.dispatchRequest(HddsDispatcher.java:264)
	at org.apache.hadoop.ozone.container.common.impl.HddsDispatcher.lambda$dispatch$0(HddsDispatcher.java:171)
	at org.apache.hadoop.hdds.server.OzoneProtocolMessageDispatcher.processRequest(OzoneProtocolMessageDispatcher.java:87)
	at org.apache.hadoop.ozone.container.common.impl.HddsDispatcher.dispatch(HddsDispatcher.java:170)
	at org.apache.hadoop.ozone.container.common.transport.server.ratis.ContainerStateMachine.dispatchCommand(ContainerStateMachine.java:398)
	at org.apache.hadoop.ozone.container.common.transport.server.ratis.ContainerStateMachine.runCommand(ContainerStateMachine.java:408)
	at org.apache.hadoop.ozone.container.common.transport.server.ratis.ContainerStateMachine.lambda$handleWriteChunk$2(ContainerStateMachine.java:445)
	at java.util.concurrent.CompletableFuture$AsyncSupply.run(CompletableFuture.java:1604)
	at java.util.concurrent.ThreadPoolExecutor.runWorker(ThreadPoolExecutor.java:1149)
	at java.util.concurrent.ThreadPoolExecutor$Worker.run(ThreadPoolExecutor.java:624)
	at java.lang.Thread.run(Thread.java:748)
2021-01-29 15:27:48,448 [ChunkWriter-1-0] ERROR ratis.ContainerStateMachine (ContainerStateMachine.java:lambda$handleWriteChunk$3(473)) - group-C890AF39A67A: writeChunk writeStateMachineData failed: blockIdcontainerID: 16
localID: 105639706255622167
blockCommitSequenceId: 0
 logIndex 124 chunkName 105639706255622167_chunk_2 Error message: ContainerID 16 creation failed Container Result: CONTAINER_INTERNAL_ERROR
2021-01-29 15:27:48,452 [ChunkWriter-1-0] ERROR helpers.KeyValueContainerUtil (KeyValueContainerUtil.java:createContainerMetaData(90)) - Unable to create directory for metadata storage. Path: /github/workspace/mnt/ozone/hadoop-ozone/integration-test/target/test-dir/MiniOzoneClusterImpl-8ad1afbb-033f-482b-8239-ec8ce0281bc6/datanode-3/data-0/containers/hdds/0d4ea101-e9d0-4fa5-a81e-49d693c0e39a/current/containerDir0/16/metadata
2021-01-29 15:27:48,452 [ChunkWriter-1-0] INFO  keyvalue.KeyValueHandler (ContainerUtils.java:logAndReturnError(89)) - Operation: CreateContainer , Trace ID:  , Message: Container creation failed. Unable to create directory for metadata storage. Path: /github/workspace/mnt/ozone/hadoop-ozone/integration-test/target/test-dir/MiniOzoneClusterImpl-8ad1afbb-033f-482b-8239-ec8ce0281bc6/datanode-3/data-0/containers/hdds/0d4ea101-e9d0-4fa5-a81e-49d693c0e39a/current/containerDir0/16/metadata , Result: CONTAINER_INTERNAL_ERROR , StorageContainerException Occurred.
org.apache.hadoop.hdds.scm.container.common.helpers.StorageContainerException: Container creation failed. Unable to create directory for metadata storage. Path: /github/workspace/mnt/ozone/hadoop-ozone/integration-test/target/test-dir/MiniOzoneClusterImpl-8ad1afbb-033f-482b-8239-ec8ce0281bc6/datanode-3/data-0/containers/hdds/0d4ea101-e9d0-4fa5-a81e-49d693c0e39a/current/containerDir0/16/metadata
	at org.apache.hadoop.ozone.container.keyvalue.KeyValueContainer.create(KeyValueContainer.java:165)
	at org.apache.hadoop.ozone.container.keyvalue.KeyValueHandler.handleCreateContainer(KeyValueHandler.java:258)
	at org.apache.hadoop.ozone.container.keyvalue.KeyValueHandler.dispatchRequest(KeyValueHandler.java:175)
	at org.apache.hadoop.ozone.container.keyvalue.KeyValueHandler.handle(KeyValueHandler.java:163)
	at org.apache.hadoop.ozone.container.common.impl.HddsDispatcher.createContainer(HddsDispatcher.java:425)
	at org.apache.hadoop.ozone.container.common.impl.HddsDispatcher.dispatchRequest(HddsDispatcher.java:260)
	at org.apache.hadoop.ozone.container.common.impl.HddsDispatcher.lambda$dispatch$0(HddsDispatcher.java:171)
	at org.apache.hadoop.hdds.server.OzoneProtocolMessageDispatcher.processRequest(OzoneProtocolMessageDispatcher.java:87)
	at org.apache.hadoop.ozone.container.common.impl.HddsDispatcher.dispatch(HddsDispatcher.java:170)
	at org.apache.hadoop.ozone.container.common.transport.server.ratis.ContainerStateMachine.dispatchCommand(ContainerStateMachine.java:398)
	at org.apache.hadoop.ozone.container.common.transport.server.ratis.ContainerStateMachine.runCommand(ContainerStateMachine.java:408)
	at org.apache.hadoop.ozone.container.common.transport.server.ratis.ContainerStateMachine.lambda$handleWriteChunk$2(ContainerStateMachine.java:445)
	at java.util.concurrent.CompletableFuture$AsyncSupply.run(CompletableFuture.java:1604)
	at java.util.concurrent.ThreadPoolExecutor.runWorker(ThreadPoolExecutor.java:1149)
	at java.util.concurrent.ThreadPoolExecutor$Worker.run(ThreadPoolExecutor.java:624)
	at java.lang.Thread.run(Thread.java:748)
Caused by: java.io.IOException: Unable to create directory for metadata storage. Path: /github/workspace/mnt/ozone/hadoop-ozone/integration-test/target/test-dir/MiniOzoneClusterImpl-8ad1afbb-033f-482b-8239-ec8ce0281bc6/datanode-3/data-0/containers/hdds/0d4ea101-e9d0-4fa5-a81e-49d693c0e39a/current/containerDir0/16/metadata
	at org.apache.hadoop.ozone.container.keyvalue.helpers.KeyValueContainerUtil.createContainerMetaData(KeyValueContainerUtil.java:92)
	at org.apache.hadoop.ozone.container.keyvalue.KeyValueContainer.create(KeyValueContainer.java:133)
	... 15 more
15:27:48.452 [ChunkWriter-1-0] ERROR DNAudit - user=null | ip=null | op=WRITE_CHUNK {blockData=conID: 16 locID: 105639706255622167 bcsId: 0} | ret=FAILURE
org.apache.hadoop.hdds.scm.container.common.helpers.StorageContainerException: ContainerID 16 creation failed
	at org.apache.hadoop.ozone.container.common.impl.HddsDispatcher.dispatchRequest(HddsDispatcher.java:264) ~[hadoop-hdds-container-service-1.1.0-SNAPSHOT.jar:?]
	at org.apache.hadoop.ozone.container.common.impl.HddsDispatcher.lambda$dispatch$0(HddsDispatcher.java:171) ~[hadoop-hdds-container-service-1.1.0-SNAPSHOT.jar:?]
	at org.apache.hadoop.hdds.server.OzoneProtocolMessageDispatcher.processRequest(OzoneProtocolMessageDispatcher.java:87) ~[hadoop-hdds-server-framework-1.1.0-SNAPSHOT.jar:?]
	at org.apache.hadoop.ozone.container.common.impl.HddsDispatcher.dispatch(HddsDispatcher.java:170) ~[hadoop-hdds-container-service-1.1.0-SNAPSHOT.jar:?]
	at org.apache.hadoop.ozone.container.common.transport.server.ratis.ContainerStateMachine.dispatchCommand(ContainerStateMachine.java:398) ~[hadoop-hdds-container-service-1.1.0-SNAPSHOT.jar:?]
	at org.apache.hadoop.ozone.container.common.transport.server.ratis.ContainerStateMachine.runCommand(ContainerStateMachine.java:408) ~[hadoop-hdds-container-service-1.1.0-SNAPSHOT.jar:?]
	at org.apache.hadoop.ozone.container.common.transport.server.ratis.ContainerStateMachine.lambda$handleWriteChunk$2(ContainerStateMachine.java:445) ~[hadoop-hdds-container-service-1.1.0-SNAPSHOT.jar:?]
	at java.util.concurrent.CompletableFuture$AsyncSupply.run(CompletableFuture.java:1604) [?:1.8.0_232]
	at java.util.concurrent.ThreadPoolExecutor.runWorker(ThreadPoolExecutor.java:1149) [?:1.8.0_232]
	at java.util.concurrent.ThreadPoolExecutor$Worker.run(ThreadPoolExecutor.java:624) [?:1.8.0_232]
	at java.lang.Thread.run(Thread.java:748) [?:1.8.0_232]
2021-01-29 15:27:48,453 [ChunkWriter-1-0] INFO  impl.HddsDispatcher (ContainerUtils.java:logAndReturnError(89)) - Operation: WriteChunk , Trace ID:  , Message: ContainerID 16 creation failed , Result: CONTAINER_INTERNAL_ERROR , StorageContainerException Occurred.
org.apache.hadoop.hdds.scm.container.common.helpers.StorageContainerException: ContainerID 16 creation failed
	at org.apache.hadoop.ozone.container.common.impl.HddsDispatcher.dispatchRequest(HddsDispatcher.java:264)
	at org.apache.hadoop.ozone.container.common.impl.HddsDispatcher.lambda$dispatch$0(HddsDispatcher.java:171)
	at org.apache.hadoop.hdds.server.OzoneProtocolMessageDispatcher.processRequest(OzoneProtocolMessageDispatcher.java:87)
	at org.apache.hadoop.ozone.container.common.impl.HddsDispatcher.dispatch(HddsDispatcher.java:170)
	at org.apache.hadoop.ozone.container.common.transport.server.ratis.ContainerStateMachine.dispatchCommand(ContainerStateMachine.java:398)
	at org.apache.hadoop.ozone.container.common.transport.server.ratis.ContainerStateMachine.runCommand(ContainerStateMachine.java:408)
	at org.apache.hadoop.ozone.container.common.transport.server.ratis.ContainerStateMachine.lambda$handleWriteChunk$2(ContainerStateMachine.java:445)
	at java.util.concurrent.CompletableFuture$AsyncSupply.run(CompletableFuture.java:1604)
	at java.util.concurrent.ThreadPoolExecutor.runWorker(ThreadPoolExecutor.java:1149)
	at java.util.concurrent.ThreadPoolExecutor$Worker.run(ThreadPoolExecutor.java:624)
	at java.lang.Thread.run(Thread.java:748)
2021-01-29 15:27:48,453 [ChunkWriter-1-0] ERROR ratis.ContainerStateMachine (ContainerStateMachine.java:lambda$handleWriteChunk$3(473)) - group-C890AF39A67A: writeChunk writeStateMachineData failed: blockIdcontainerID: 16
localID: 105639706255622167
blockCommitSequenceId: 0
 logIndex 122 chunkName 105639706255622167_chunk_1 Error message: ContainerID 16 creation failed Container Result: CONTAINER_INTERNAL_ERROR
2021-01-29 15:27:48,462 [abd5dbec-f275-43c0-9ba5-e9315d47b38d@group-C890AF39A67A-SegmentedRaftLogWorker] ERROR ratis.XceiverServerRatis (XceiverServerRatis.java:triggerPipelineClose(686)) - pipeline Action CLOSE on pipeline PipelineID=06dd217f-3d6a-4fac-81df-c890af39a67a.Reason : ContainerID 16 creation failed
2021-01-29 15:27:48,462 [e9b6cb55-ded4-4b6d-beb1-e0e1d0ea549d@group-C890AF39A67A-SegmentedRaftLogWorker] ERROR ratis.XceiverServerRatis (XceiverServerRatis.java:triggerPipelineClose(686)) - pipeline Action CLOSE on pipeline PipelineID=06dd217f-3d6a-4fac-81df-c890af39a67a.Reason : ContainerID 16 creation failed
2021-01-29 15:27:48,464 [EventQueue-PipelineActionsForPipelineActionHandler] INFO  pipeline.PipelineActionHandler (PipelineActionHandler.java:processPipelineAction(77)) - Received pipeline action CLOSE for PipelineID=06dd217f-3d6a-4fac-81df-c890af39a67a from datanode e9b6cb55-ded4-4b6d-beb1-e0e1d0ea549d. Reason : ContainerID 16 creation failed
2021-01-29 15:27:48,464 [EventQueue-PipelineActionsForPipelineActionHandler] INFO  pipeline.SCMPipelineManager (SCMPipelineManager.java:finalizeAndDestroyPipeline(482)) - Destroying pipeline:Pipeline[ Id: 06dd217f-3d6a-4fac-81df-c890af39a67a, Nodes: e29fa1fa-05e1-4a0c-9aa8-f5147e66917e{ip: 172.17.0.2, host: 6dba130846a4, networkLocation: /default-rack, certSerialId: null, persistedOpState: IN_SERVICE, persistedOpStateExpiryEpochSec: 0}e9b6cb55-ded4-4b6d-beb1-e0e1d0ea549d{ip: 172.17.0.2, host: 6dba130846a4, networkLocation: /default-rack, certSerialId: null, persistedOpState: IN_SERVICE, persistedOpStateExpiryEpochSec: 0}abd5dbec-f275-43c0-9ba5-e9315d47b38d{ip: 172.17.0.2, host: 6dba130846a4, networkLocation: /default-rack, certSerialId: null, persistedOpState: IN_SERVICE, persistedOpStateExpiryEpochSec: 0}, Type:RATIS, Factor:THREE, State:OPEN, leaderId:abd5dbec-f275-43c0-9ba5-e9315d47b38d, CreationTimestamp2021-01-29T15:26:10.733Z]
2021-01-29 15:27:48,464 [EventQueue-PipelineActionsForPipelineActionHandler] INFO  pipeline.PipelineStateManager (PipelineStateManager.java:finalizePipeline(121)) - Pipeline Pipeline[ Id: 06dd217f-3d6a-4fac-81df-c890af39a67a, Nodes: e29fa1fa-05e1-4a0c-9aa8-f5147e66917e{ip: 172.17.0.2, host: 6dba130846a4, networkLocation: /default-rack, certSerialId: null, persistedOpState: IN_SERVICE, persistedOpStateExpiryEpochSec: 0}e9b6cb55-ded4-4b6d-beb1-e0e1d0ea549d{ip: 172.17.0.2, host: 6dba130846a4, networkLocation: /default-rack, certSerialId: null, persistedOpState: IN_SERVICE, persistedOpStateExpiryEpochSec: 0}abd5dbec-f275-43c0-9ba5-e9315d47b38d{ip: 172.17.0.2, host: 6dba130846a4, networkLocation: /default-rack, certSerialId: null, persistedOpState: IN_SERVICE, persistedOpStateExpiryEpochSec: 0}, Type:RATIS, Factor:THREE, State:CLOSED, leaderId:abd5dbec-f275-43c0-9ba5-e9315d47b38d, CreationTimestamp2021-01-29T15:26:10.733Z] moved to CLOSED state
2021-01-29 15:27:48,465 [EventQueue-CloseContainerForCloseContainerEventHandler] INFO  container.CloseContainerEventHandler (CloseContainerEventHandler.java:onMessage(61)) - Close container Event triggered for container : #9
2021-01-29 15:27:48,465 [EventQueue-CloseContainerForCloseContainerEventHandler] INFO  container.CloseContainerEventHandler (CloseContainerEventHandler.java:onMessage(61)) - Close container Event triggered for container : #14
2021-01-29 15:27:48,465 [EventQueue-CloseContainerForCloseContainerEventHandler] INFO  container.CloseContainerEventHandler (CloseContainerEventHandler.java:onMessage(61)) - Close container Event triggered for container : #16
2021-01-29 15:27:48,467 [EventQueue-PipelineActionsForPipelineActionHandler] INFO  pipeline.PipelineActionHandler (PipelineActionHandler.java:processPipelineAction(77)) - Received pipeline action CLOSE for PipelineID=06dd217f-3d6a-4fac-81df-c890af39a67a from datanode abd5dbec-f275-43c0-9ba5-e9315d47b38d. Reason : ContainerID 16 creation failed
2021-01-29 15:27:48,467 [EventQueue-PipelineActionsForPipelineActionHandler] INFO  pipeline.SCMPipelineManager (SCMPipelineManager.java:finalizeAndDestroyPipeline(482)) - Destroying pipeline:Pipeline[ Id: 06dd217f-3d6a-4fac-81df-c890af39a67a, Nodes: e29fa1fa-05e1-4a0c-9aa8-f5147e66917e{ip: 172.17.0.2, host: 6dba130846a4, networkLocation: /default-rack, certSerialId: null, persistedOpState: IN_SERVICE, persistedOpStateExpiryEpochSec: 0}e9b6cb55-ded4-4b6d-beb1-e0e1d0ea549d{ip: 172.17.0.2, host: 6dba130846a4, networkLocation: /default-rack, certSerialId: null, persistedOpState: IN_SERVICE, persistedOpStateExpiryEpochSec: 0}abd5dbec-f275-43c0-9ba5-e9315d47b38d{ip: 172.17.0.2, host: 6dba130846a4, networkLocation: /default-rack, certSerialId: null, persistedOpState: IN_SERVICE, persistedOpStateExpiryEpochSec: 0}, Type:RATIS, Factor:THREE, State:CLOSED, leaderId:abd5dbec-f275-43c0-9ba5-e9315d47b38d, CreationTimestamp2021-01-29T15:26:10.733Z]
2021-01-29 15:27:48,467 [EventQueue-PipelineActionsForPipelineActionHandler] INFO  pipeline.PipelineActionHandler (PipelineActionHandler.java:processPipelineAction(77)) - Received pipeline action CLOSE for PipelineID=06dd217f-3d6a-4fac-81df-c890af39a67a from datanode abd5dbec-f275-43c0-9ba5-e9315d47b38d. Reason : Log already failed at index 122 for task WriteLog:122: (t:1, i:122), STATEMACHINELOGENTRY, cmdType: WriteChunk traceID: "" containerID: 16 datanodeUuid: "e29fa1fa-05e1-4a0c-9aa8-f5147e66917e" pipelineID: "06dd217f-3d6a-4fac-81df-c890af39a67a" writeChunk { blockID { containerID: 16 localID: 105639706255622167 blockCommitSequenceId: 0 } chunkData { chunkName: "105639706255622167_chunk_1" offset: 0 len: 1048576 checksumData { type: NONE bytesPerChecksum: 1048576 } } }, container path=nonexistent
2021-01-29 15:27:48,467 [EventQueue-PipelineActionsForPipelineActionHandler] INFO  pipeline.SCMPipelineManager (SCMPipelineManager.java:finalizeAndDestroyPipeline(482)) - Destroying pipeline:Pipeline[ Id: 06dd217f-3d6a-4fac-81df-c890af39a67a, Nodes: e29fa1fa-05e1-4a0c-9aa8-f5147e66917e{ip: 172.17.0.2, host: 6dba130846a4, networkLocation: /default-rack, certSerialId: null, persistedOpState: IN_SERVICE, persistedOpStateExpiryEpochSec: 0}e9b6cb55-ded4-4b6d-beb1-e0e1d0ea549d{ip: 172.17.0.2, host: 6dba130846a4, networkLocation: /default-rack, certSerialId: null, persistedOpState: IN_SERVICE, persistedOpStateExpiryEpochSec: 0}abd5dbec-f275-43c0-9ba5-e9315d47b38d{ip: 172.17.0.2, host: 6dba130846a4, networkLocation: /default-rack, certSerialId: null, persistedOpState: IN_SERVICE, persistedOpStateExpiryEpochSec: 0}, Type:RATIS, Factor:THREE, State:CLOSED, leaderId:abd5dbec-f275-43c0-9ba5-e9315d47b38d, CreationTimestamp2021-01-29T15:26:10.733Z]
2021-01-29 15:27:48,470 [e9b6cb55-ded4-4b6d-beb1-e0e1d0ea549d@group-C890AF39A67A-SegmentedRaftLogWorker] ERROR ratis.XceiverServerRatis (XceiverServerRatis.java:triggerPipelineClose(686)) - pipeline Action CLOSE on pipeline PipelineID=06dd217f-3d6a-4fac-81df-c890af39a67a.Reason : Log already failed at index 122 for task WriteLog:122: (t:1, i:122), STATEMACHINELOGENTRY, cmdType: WriteChunk traceID: "" containerID: 16 datanodeUuid: "e29fa1fa-05e1-4a0c-9aa8-f5147e66917e" pipelineID: "06dd217f-3d6a-4fac-81df-c890af39a67a" writeChunk { blockID { containerID: 16 localID: 105639706255622167 blockCommitSequenceId: 0 } chunkData { chunkName: "105639706255622167_chunk_1" offset: 0 len: 1048576 checksumData { type: NONE bytesPerChecksum: 1048576 } } }, container path=nonexistent
2021-01-29 15:27:48,471 [EventQueue-PipelineActionsForPipelineActionHandler] INFO  pipeline.PipelineActionHandler (PipelineActionHandler.java:processPipelineAction(77)) - Received pipeline action CLOSE for PipelineID=06dd217f-3d6a-4fac-81df-c890af39a67a from datanode e9b6cb55-ded4-4b6d-beb1-e0e1d0ea549d. Reason : Log already failed at index 122 for task WriteLog:122: (t:1, i:122), STATEMACHINELOGENTRY, cmdType: WriteChunk traceID: "" containerID: 16 datanodeUuid: "e29fa1fa-05e1-4a0c-9aa8-f5147e66917e" pipelineID: "06dd217f-3d6a-4fac-81df-c890af39a67a" writeChunk { blockID { containerID: 16 localID: 105639706255622167 blockCommitSequenceId: 0 } chunkData { chunkName: "105639706255622167_chunk_1" offset: 0 len: 1048576 checksumData { type: NONE bytesPerChecksum: 1048576 } } }, container path=nonexistent
2021-01-29 15:27:48,472 [EventQueue-PipelineActionsForPipelineActionHandler] INFO  pipeline.SCMPipelineManager (SCMPipelineManager.java:finalizeAndDestroyPipeline(482)) - Destroying pipeline:Pipeline[ Id: 06dd217f-3d6a-4fac-81df-c890af39a67a, Nodes: e29fa1fa-05e1-4a0c-9aa8-f5147e66917e{ip: 172.17.0.2, host: 6dba130846a4, networkLocation: /default-rack, certSerialId: null, persistedOpState: IN_SERVICE, persistedOpStateExpiryEpochSec: 0}e9b6cb55-ded4-4b6d-beb1-e0e1d0ea549d{ip: 172.17.0.2, host: 6dba130846a4, networkLocation: /default-rack, certSerialId: null, persistedOpState: IN_SERVICE, persistedOpStateExpiryEpochSec: 0}abd5dbec-f275-43c0-9ba5-e9315d47b38d{ip: 172.17.0.2, host: 6dba130846a4, networkLocation: /default-rack, certSerialId: null, persistedOpState: IN_SERVICE, persistedOpStateExpiryEpochSec: 0}, Type:RATIS, Factor:THREE, State:CLOSED, leaderId:abd5dbec-f275-43c0-9ba5-e9315d47b38d, CreationTimestamp2021-01-29T15:26:10.733Z]
2021-01-29 15:27:48,472 [ChunkWriter-1-0] ERROR helpers.KeyValueContainerUtil (KeyValueContainerUtil.java:createContainerMetaData(90)) - Unable to create directory for metadata storage. Path: /github/workspace/mnt/ozone/hadoop-ozone/integration-test/target/test-dir/MiniOzoneClusterImpl-8ad1afbb-033f-482b-8239-ec8ce0281bc6/datanode-3/data-0/containers/hdds/0d4ea101-e9d0-4fa5-a81e-49d693c0e39a/current/containerDir0/16/metadata
2021-01-29 15:27:48,472 [ChunkWriter-1-0] INFO  keyvalue.KeyValueHandler (ContainerUtils.java:logAndReturnError(89)) - Operation: CreateContainer , Trace ID:  , Message: Container creation failed. Unable to create directory for metadata storage. Path: /github/workspace/mnt/ozone/hadoop-ozone/integration-test/target/test-dir/MiniOzoneClusterImpl-8ad1afbb-033f-482b-8239-ec8ce0281bc6/datanode-3/data-0/containers/hdds/0d4ea101-e9d0-4fa5-a81e-49d693c0e39a/current/containerDir0/16/metadata , Result: CONTAINER_INTERNAL_ERROR , StorageContainerException Occurred.
org.apache.hadoop.hdds.scm.container.common.helpers.StorageContainerException: Container creation failed. Unable to create directory for metadata storage. Path: /github/workspace/mnt/ozone/hadoop-ozone/integration-test/target/test-dir/MiniOzoneClusterImpl-8ad1afbb-033f-482b-8239-ec8ce0281bc6/datanode-3/data-0/containers/hdds/0d4ea101-e9d0-4fa5-a81e-49d693c0e39a/current/containerDir0/16/metadata
	at org.apache.hadoop.ozone.container.keyvalue.KeyValueContainer.create(KeyValueContainer.java:165)
	at org.apache.hadoop.ozone.container.keyvalue.KeyValueHandler.handleCreateContainer(KeyValueHandler.java:258)
	at org.apache.hadoop.ozone.container.keyvalue.KeyValueHandler.dispatchRequest(KeyValueHandler.java:175)
	at org.apache.hadoop.ozone.container.keyvalue.KeyValueHandler.handle(KeyValueHandler.java:163)
	at org.apache.hadoop.ozone.container.common.impl.HddsDispatcher.createContainer(HddsDispatcher.java:425)
	at org.apache.hadoop.ozone.container.common.impl.HddsDispatcher.dispatchRequest(HddsDispatcher.java:260)
	at org.apache.hadoop.ozone.container.common.impl.HddsDispatcher.lambda$dispatch$0(HddsDispatcher.java:171)
	at org.apache.hadoop.hdds.server.OzoneProtocolMessageDispatcher.processRequest(OzoneProtocolMessageDispatcher.java:87)
	at org.apache.hadoop.ozone.container.common.impl.HddsDispatcher.dispatch(HddsDispatcher.java:170)
	at org.apache.hadoop.ozone.container.common.transport.server.ratis.ContainerStateMachine.dispatchCommand(ContainerStateMachine.java:398)
	at org.apache.hadoop.ozone.container.common.transport.server.ratis.ContainerStateMachine.runCommand(ContainerStateMachine.java:408)
	at org.apache.hadoop.ozone.container.common.transport.server.ratis.ContainerStateMachine.lambda$handleWriteChunk$2(ContainerStateMachine.java:445)
	at java.util.concurrent.CompletableFuture$AsyncSupply.run(CompletableFuture.java:1604)
	at java.util.concurrent.ThreadPoolExecutor.runWorker(ThreadPoolExecutor.java:1149)
	at java.util.concurrent.ThreadPoolExecutor$Worker.run(ThreadPoolExecutor.java:624)
	at java.lang.Thread.run(Thread.java:748)
Caused by: java.io.IOException: Unable to create directory for metadata storage. Path: /github/workspace/mnt/ozone/hadoop-ozone/integration-test/target/test-dir/MiniOzoneClusterImpl-8ad1afbb-033f-482b-8239-ec8ce0281bc6/datanode-3/data-0/containers/hdds/0d4ea101-e9d0-4fa5-a81e-49d693c0e39a/current/containerDir0/16/metadata
	at org.apache.hadoop.ozone.container.keyvalue.helpers.KeyValueContainerUtil.createContainerMetaData(KeyValueContainerUtil.java:92)
	at org.apache.hadoop.ozone.container.keyvalue.KeyValueContainer.create(KeyValueContainer.java:133)
	... 15 more
15:27:48.472 [ChunkWriter-1-0] ERROR DNAudit - user=null | ip=null | op=WRITE_CHUNK {blockData=conID: 16 locID: 105639706255622167 bcsId: 0} | ret=FAILURE
org.apache.hadoop.hdds.scm.container.common.helpers.StorageContainerException: ContainerID 16 creation failed
	at org.apache.hadoop.ozone.container.common.impl.HddsDispatcher.dispatchRequest(HddsDispatcher.java:264) ~[hadoop-hdds-container-service-1.1.0-SNAPSHOT.jar:?]
	at org.apache.hadoop.ozone.container.common.impl.HddsDispatcher.lambda$dispatch$0(HddsDispatcher.java:171) ~[hadoop-hdds-container-service-1.1.0-SNAPSHOT.jar:?]
	at org.apache.hadoop.hdds.server.OzoneProtocolMessageDispatcher.processRequest(OzoneProtocolMessageDispatcher.java:87) ~[hadoop-hdds-server-framework-1.1.0-SNAPSHOT.jar:?]
	at org.apache.hadoop.ozone.container.common.impl.HddsDispatcher.dispatch(HddsDispatcher.java:170) ~[hadoop-hdds-container-service-1.1.0-SNAPSHOT.jar:?]
	at org.apache.hadoop.ozone.container.common.transport.server.ratis.ContainerStateMachine.dispatchCommand(ContainerStateMachine.java:398) ~[hadoop-hdds-container-service-1.1.0-SNAPSHOT.jar:?]
	at org.apache.hadoop.ozone.container.common.transport.server.ratis.ContainerStateMachine.runCommand(ContainerStateMachine.java:408) ~[hadoop-hdds-container-service-1.1.0-SNAPSHOT.jar:?]
	at org.apache.hadoop.ozone.container.common.transport.server.ratis.ContainerStateMachine.lambda$handleWriteChunk$2(ContainerStateMachine.java:445) ~[hadoop-hdds-container-service-1.1.0-SNAPSHOT.jar:?]
	at java.util.concurrent.CompletableFuture$AsyncSupply.run(CompletableFuture.java:1604) [?:1.8.0_232]
	at java.util.concurrent.ThreadPoolExecutor.runWorker(ThreadPoolExecutor.java:1149) [?:1.8.0_232]
	at java.util.concurrent.ThreadPoolExecutor$Worker.run(ThreadPoolExecutor.java:624) [?:1.8.0_232]
	at java.lang.Thread.run(Thread.java:748) [?:1.8.0_232]
2021-01-29 15:27:48,473 [ChunkWriter-1-0] INFO  impl.HddsDispatcher (ContainerUtils.java:logAndReturnError(89)) - Operation: WriteChunk , Trace ID:  , Message: ContainerID 16 creation failed , Result: CONTAINER_INTERNAL_ERROR , StorageContainerException Occurred.
org.apache.hadoop.hdds.scm.container.common.helpers.StorageContainerException: ContainerID 16 creation failed
	at org.apache.hadoop.ozone.container.common.impl.HddsDispatcher.dispatchRequest(HddsDispatcher.java:264)
	at org.apache.hadoop.ozone.container.common.impl.HddsDispatcher.lambda$dispatch$0(HddsDispatcher.java:171)
	at org.apache.hadoop.hdds.server.OzoneProtocolMessageDispatcher.processRequest(OzoneProtocolMessageDispatcher.java:87)
	at org.apache.hadoop.ozone.container.common.impl.HddsDispatcher.dispatch(HddsDispatcher.java:170)
	at org.apache.hadoop.ozone.container.common.transport.server.ratis.ContainerStateMachine.dispatchCommand(ContainerStateMachine.java:398)
	at org.apache.hadoop.ozone.container.common.transport.server.ratis.ContainerStateMachine.runCommand(ContainerStateMachine.java:408)
	at org.apache.hadoop.ozone.container.common.transport.server.ratis.ContainerStateMachine.lambda$handleWriteChunk$2(ContainerStateMachine.java:445)
	at java.util.concurrent.CompletableFuture$AsyncSupply.run(CompletableFuture.java:1604)
	at java.util.concurrent.ThreadPoolExecutor.runWorker(ThreadPoolExecutor.java:1149)
	at java.util.concurrent.ThreadPoolExecutor$Worker.run(ThreadPoolExecutor.java:624)
	at java.lang.Thread.run(Thread.java:748)
2021-01-29 15:27:48,481 [ChunkWriter-1-0] ERROR ratis.ContainerStateMachine (ContainerStateMachine.java:lambda$handleWriteChunk$3(473)) - group-C890AF39A67A: writeChunk writeStateMachineData failed: blockIdcontainerID: 16
localID: 105639706255622167
blockCommitSequenceId: 0
 logIndex 124 chunkName 105639706255622167_chunk_2 Error message: ContainerID 16 creation failed Container Result: CONTAINER_INTERNAL_ERROR
2021-01-29 15:27:48,475 [e9b6cb55-ded4-4b6d-beb1-e0e1d0ea549d@group-C890AF39A67A-SegmentedRaftLogWorker] ERROR ratis.XceiverServerRatis (XceiverServerRatis.java:triggerPipelineClose(686)) - pipeline Action CLOSE on pipeline PipelineID=06dd217f-3d6a-4fac-81df-c890af39a67a.Reason : Log already failed at index 122 for task WriteLog:122: (t:1, i:122), STATEMACHINELOGENTRY, cmdType: WriteChunk traceID: "" containerID: 16 datanodeUuid: "e29fa1fa-05e1-4a0c-9aa8-f5147e66917e" pipelineID: "06dd217f-3d6a-4fac-81df-c890af39a67a" writeChunk { blockID { containerID: 16 localID: 105639706255622167 blockCommitSequenceId: 0 } chunkData { chunkName: "105639706255622167_chunk_1" offset: 0 len: 1048576 checksumData { type: NONE bytesPerChecksum: 1048576 } } }, container path=nonexistent
2021-01-29 15:27:48,484 [e9b6cb55-ded4-4b6d-beb1-e0e1d0ea549d@group-C890AF39A67A-SegmentedRaftLogWorker] ERROR ratis.XceiverServerRatis (XceiverServerRatis.java:triggerPipelineClose(686)) - pipeline Action CLOSE on pipeline PipelineID=06dd217f-3d6a-4fac-81df-c890af39a67a.Reason : Log already failed at index 122 for task WriteLog:122: (t:1, i:122), STATEMACHINELOGENTRY, cmdType: WriteChunk traceID: "" containerID: 16 datanodeUuid: "e29fa1fa-05e1-4a0c-9aa8-f5147e66917e" pipelineID: "06dd217f-3d6a-4fac-81df-c890af39a67a" writeChunk { blockID { containerID: 16 localID: 105639706255622167 blockCommitSequenceId: 0 } chunkData { chunkName: "105639706255622167_chunk_1" offset: 0 len: 1048576 checksumData { type: NONE bytesPerChecksum: 1048576 } } }, container path=nonexistent
2021-01-29 15:27:48,485 [EventQueue-PipelineActionsForPipelineActionHandler] INFO  pipeline.PipelineActionHandler (PipelineActionHandler.java:processPipelineAction(77)) - Received pipeline action CLOSE for PipelineID=06dd217f-3d6a-4fac-81df-c890af39a67a from datanode e9b6cb55-ded4-4b6d-beb1-e0e1d0ea549d. Reason : Log already failed at index 122 for task WriteLog:122: (t:1, i:122), STATEMACHINELOGENTRY, cmdType: WriteChunk traceID: "" containerID: 16 datanodeUuid: "e29fa1fa-05e1-4a0c-9aa8-f5147e66917e" pipelineID: "06dd217f-3d6a-4fac-81df-c890af39a67a" writeChunk { blockID { containerID: 16 localID: 105639706255622167 blockCommitSequenceId: 0 } chunkData { chunkName: "105639706255622167_chunk_1" offset: 0 len: 1048576 checksumData { type: NONE bytesPerChecksum: 1048576 } } }, container path=nonexistent
2021-01-29 15:27:48,485 [EventQueue-PipelineActionsForPipelineActionHandler] INFO  pipeline.SCMPipelineManager (SCMPipelineManager.java:finalizeAndDestroyPipeline(482)) - Destroying pipeline:Pipeline[ Id: 06dd217f-3d6a-4fac-81df-c890af39a67a, Nodes: e29fa1fa-05e1-4a0c-9aa8-f5147e66917e{ip: 172.17.0.2, host: 6dba130846a4, networkLocation: /default-rack, certSerialId: null, persistedOpState: IN_SERVICE, persistedOpStateExpiryEpochSec: 0}e9b6cb55-ded4-4b6d-beb1-e0e1d0ea549d{ip: 172.17.0.2, host: 6dba130846a4, networkLocation: /default-rack, certSerialId: null, persistedOpState: IN_SERVICE, persistedOpStateExpiryEpochSec: 0}abd5dbec-f275-43c0-9ba5-e9315d47b38d{ip: 172.17.0.2, host: 6dba130846a4, networkLocation: /default-rack, certSerialId: null, persistedOpState: IN_SERVICE, persistedOpStateExpiryEpochSec: 0}, Type:RATIS, Factor:THREE, State:CLOSED, leaderId:abd5dbec-f275-43c0-9ba5-e9315d47b38d, CreationTimestamp2021-01-29T15:26:10.733Z]
2021-01-29 15:27:48,485 [abd5dbec-f275-43c0-9ba5-e9315d47b38d@group-C890AF39A67A-SegmentedRaftLogWorker] ERROR ratis.XceiverServerRatis (XceiverServerRatis.java:triggerPipelineClose(686)) - pipeline Action CLOSE on pipeline PipelineID=06dd217f-3d6a-4fac-81df-c890af39a67a.Reason : Log already failed at index 122 for task WriteLog:122: (t:1, i:122), STATEMACHINELOGENTRY, cmdType: WriteChunk traceID: "" containerID: 16 datanodeUuid: "e29fa1fa-05e1-4a0c-9aa8-f5147e66917e" pipelineID: "06dd217f-3d6a-4fac-81df-c890af39a67a" writeChunk { blockID { containerID: 16 localID: 105639706255622167 blockCommitSequenceId: 0 } chunkData { chunkName: "105639706255622167_chunk_1" offset: 0 len: 1048576 checksumData { type: NONE bytesPerChecksum: 1048576 } } }, container path=nonexistent
2021-01-29 15:27:48,485 [abd5dbec-f275-43c0-9ba5-e9315d47b38d@group-C890AF39A67A-SegmentedRaftLogWorker] ERROR ratis.XceiverServerRatis (XceiverServerRatis.java:triggerPipelineClose(686)) - pipeline Action CLOSE on pipeline PipelineID=06dd217f-3d6a-4fac-81df-c890af39a67a.Reason : Log already failed at index 122 for task WriteLog:122: (t:1, i:122), STATEMACHINELOGENTRY, cmdType: WriteChunk traceID: "" containerID: 16 datanodeUuid: "e29fa1fa-05e1-4a0c-9aa8-f5147e66917e" pipelineID: "06dd217f-3d6a-4fac-81df-c890af39a67a" writeChunk { blockID { containerID: 16 localID: 105639706255622167 blockCommitSequenceId: 0 } chunkData { chunkName: "105639706255622167_chunk_1" offset: 0 len: 1048576 checksumData { type: NONE bytesPerChecksum: 1048576 } } }, container path=nonexistent
2021-01-29 15:27:48,486 [abd5dbec-f275-43c0-9ba5-e9315d47b38d@group-C890AF39A67A-SegmentedRaftLogWorker] ERROR ratis.XceiverServerRatis (XceiverServerRatis.java:triggerPipelineClose(686)) - pipeline Action CLOSE on pipeline PipelineID=06dd217f-3d6a-4fac-81df-c890af39a67a.Reason : Log already failed at index 122 for task WriteLog:122: (t:1, i:122), STATEMACHINELOGENTRY, cmdType: WriteChunk traceID: "" containerID: 16 datanodeUuid: "e29fa1fa-05e1-4a0c-9aa8-f5147e66917e" pipelineID: "06dd217f-3d6a-4fac-81df-c890af39a67a" writeChunk { blockID { containerID: 16 localID: 105639706255622167 blockCommitSequenceId: 0 } chunkData { chunkName: "105639706255622167_chunk_1" offset: 0 len: 1048576 checksumData { type: NONE bytesPerChecksum: 1048576 } } }, container path=nonexistent
2021-01-29 15:27:48,487 [EventQueue-PipelineActionsForPipelineActionHandler] INFO  pipeline.PipelineActionHandler (PipelineActionHandler.java:processPipelineAction(77)) - Received pipeline action CLOSE for PipelineID=06dd217f-3d6a-4fac-81df-c890af39a67a from datanode e9b6cb55-ded4-4b6d-beb1-e0e1d0ea549d. Reason : Log already failed at index 122 for task WriteLog:122: (t:1, i:122), STATEMACHINELOGENTRY, cmdType: WriteChunk traceID: "" containerID: 16 datanodeUuid: "e29fa1fa-05e1-4a0c-9aa8-f5147e66917e" pipelineID: "06dd217f-3d6a-4fac-81df-c890af39a67a" writeChunk { blockID { containerID: 16 localID: 105639706255622167 blockCommitSequenceId: 0 } chunkData { chunkName: "105639706255622167_chunk_1" offset: 0 len: 1048576 checksumData { type: NONE bytesPerChecksum: 1048576 } } }, container path=nonexistent
2021-01-29 15:27:48,487 [EventQueue-PipelineActionsForPipelineActionHandler] INFO  pipeline.SCMPipelineManager (SCMPipelineManager.java:finalizeAndDestroyPipeline(482)) - Destroying pipeline:Pipeline[ Id: 06dd217f-3d6a-4fac-81df-c890af39a67a, Nodes: e29fa1fa-05e1-4a0c-9aa8-f5147e66917e{ip: 172.17.0.2, host: 6dba130846a4, networkLocation: /default-rack, certSerialId: null, persistedOpState: IN_SERVICE, persistedOpStateExpiryEpochSec: 0}e9b6cb55-ded4-4b6d-beb1-e0e1d0ea549d{ip: 172.17.0.2, host: 6dba130846a4, networkLocation: /default-rack, certSerialId: null, persistedOpState: IN_SERVICE, persistedOpStateExpiryEpochSec: 0}abd5dbec-f275-43c0-9ba5-e9315d47b38d{ip: 172.17.0.2, host: 6dba130846a4, networkLocation: /default-rack, certSerialId: null, persistedOpState: IN_SERVICE, persistedOpStateExpiryEpochSec: 0}, Type:RATIS, Factor:THREE, State:CLOSED, leaderId:abd5dbec-f275-43c0-9ba5-e9315d47b38d, CreationTimestamp2021-01-29T15:26:10.733Z]
2021-01-29 15:27:48,487 [EventQueue-PipelineActionsForPipelineActionHandler] INFO  pipeline.PipelineActionHandler (PipelineActionHandler.java:processPipelineAction(77)) - Received pipeline action CLOSE for PipelineID=06dd217f-3d6a-4fac-81df-c890af39a67a from datanode abd5dbec-f275-43c0-9ba5-e9315d47b38d. Reason : Log already failed at index 122 for task WriteLog:122: (t:1, i:122), STATEMACHINELOGENTRY, cmdType: WriteChunk traceID: "" containerID: 16 datanodeUuid: "e29fa1fa-05e1-4a0c-9aa8-f5147e66917e" pipelineID: "06dd217f-3d6a-4fac-81df-c890af39a67a" writeChunk { blockID { containerID: 16 localID: 105639706255622167 blockCommitSequenceId: 0 } chunkData { chunkName: "105639706255622167_chunk_1" offset: 0 len: 1048576 checksumData { type: NONE bytesPerChecksum: 1048576 } } }, container path=nonexistent
2021-01-29 15:27:48,488 [EventQueue-PipelineActionsForPipelineActionHandler] INFO  pipeline.SCMPipelineManager (SCMPipelineManager.java:finalizeAndDestroyPipeline(482)) - Destroying pipeline:Pipeline[ Id: 06dd217f-3d6a-4fac-81df-c890af39a67a, Nodes: e29fa1fa-05e1-4a0c-9aa8-f5147e66917e{ip: 172.17.0.2, host: 6dba130846a4, networkLocation: /default-rack, certSerialId: null, persistedOpState: IN_SERVICE, persistedOpStateExpiryEpochSec: 0}e9b6cb55-ded4-4b6d-beb1-e0e1d0ea549d{ip: 172.17.0.2, host: 6dba130846a4, networkLocation: /default-rack, certSerialId: null, persistedOpState: IN_SERVICE, persistedOpStateExpiryEpochSec: 0}abd5dbec-f275-43c0-9ba5-e9315d47b38d{ip: 172.17.0.2, host: 6dba130846a4, networkLocation: /default-rack, certSerialId: null, persistedOpState: IN_SERVICE, persistedOpStateExpiryEpochSec: 0}, Type:RATIS, Factor:THREE, State:CLOSED, leaderId:abd5dbec-f275-43c0-9ba5-e9315d47b38d, CreationTimestamp2021-01-29T15:26:10.733Z]
2021-01-29 15:27:48,488 [EventQueue-PipelineActionsForPipelineActionHandler] INFO  pipeline.PipelineActionHandler (PipelineActionHandler.java:processPipelineAction(77)) - Received pipeline action CLOSE for PipelineID=06dd217f-3d6a-4fac-81df-c890af39a67a from datanode abd5dbec-f275-43c0-9ba5-e9315d47b38d. Reason : Log already failed at index 122 for task WriteLog:122: (t:1, i:122), STATEMACHINELOGENTRY, cmdType: WriteChunk traceID: "" containerID: 16 datanodeUuid: "e29fa1fa-05e1-4a0c-9aa8-f5147e66917e" pipelineID: "06dd217f-3d6a-4fac-81df-c890af39a67a" writeChunk { blockID { containerID: 16 localID: 105639706255622167 blockCommitSequenceId: 0 } chunkData { chunkName: "105639706255622167_chunk_1" offset: 0 len: 1048576 checksumData { type: NONE bytesPerChecksum: 1048576 } } }, container path=nonexistent
2021-01-29 15:27:48,488 [EventQueue-PipelineActionsForPipelineActionHandler] INFO  pipeline.SCMPipelineManager (SCMPipelineManager.java:finalizeAndDestroyPipeline(482)) - Destroying pipeline:Pipeline[ Id: 06dd217f-3d6a-4fac-81df-c890af39a67a, Nodes: e29fa1fa-05e1-4a0c-9aa8-f5147e66917e{ip: 172.17.0.2, host: 6dba130846a4, networkLocation: /default-rack, certSerialId: null, persistedOpState: IN_SERVICE, persistedOpStateExpiryEpochSec: 0}e9b6cb55-ded4-4b6d-beb1-e0e1d0ea549d{ip: 172.17.0.2, host: 6dba130846a4, networkLocation: /default-rack, certSerialId: null, persistedOpState: IN_SERVICE, persistedOpStateExpiryEpochSec: 0}abd5dbec-f275-43c0-9ba5-e9315d47b38d{ip: 172.17.0.2, host: 6dba130846a4, networkLocation: /default-rack, certSerialId: null, persistedOpState: IN_SERVICE, persistedOpStateExpiryEpochSec: 0}, Type:RATIS, Factor:THREE, State:CLOSED, leaderId:abd5dbec-f275-43c0-9ba5-e9315d47b38d, CreationTimestamp2021-01-29T15:26:10.733Z]
2021-01-29 15:27:48,489 [ChunkWriter-1-0] ERROR helpers.KeyValueContainerUtil (KeyValueContainerUtil.java:createContainerMetaData(90)) - Unable to create directory for metadata storage. Path: /github/workspace/mnt/ozone/hadoop-ozone/integration-test/target/test-dir/MiniOzoneClusterImpl-8ad1afbb-033f-482b-8239-ec8ce0281bc6/datanode-5/data-0/containers/hdds/0d4ea101-e9d0-4fa5-a81e-49d693c0e39a/current/containerDir0/16/metadata
2021-01-29 15:27:48,489 [ChunkWriter-1-0] INFO  keyvalue.KeyValueHandler (ContainerUtils.java:logAndReturnError(89)) - Operation: CreateContainer , Trace ID:  , Message: Container creation failed. Unable to create directory for metadata storage. Path: /github/workspace/mnt/ozone/hadoop-ozone/integration-test/target/test-dir/MiniOzoneClusterImpl-8ad1afbb-033f-482b-8239-ec8ce0281bc6/datanode-5/data-0/containers/hdds/0d4ea101-e9d0-4fa5-a81e-49d693c0e39a/current/containerDir0/16/metadata , Result: CONTAINER_INTERNAL_ERROR , StorageContainerException Occurred.
org.apache.hadoop.hdds.scm.container.common.helpers.StorageContainerException: Container creation failed. Unable to create directory for metadata storage. Path: /github/workspace/mnt/ozone/hadoop-ozone/integration-test/target/test-dir/MiniOzoneClusterImpl-8ad1afbb-033f-482b-8239-ec8ce0281bc6/datanode-5/data-0/containers/hdds/0d4ea101-e9d0-4fa5-a81e-49d693c0e39a/current/containerDir0/16/metadata
	at org.apache.hadoop.ozone.container.keyvalue.KeyValueContainer.create(KeyValueContainer.java:165)
	at org.apache.hadoop.ozone.container.keyvalue.KeyValueHandler.handleCreateContainer(KeyValueHandler.java:258)
	at org.apache.hadoop.ozone.container.keyvalue.KeyValueHandler.dispatchRequest(KeyValueHandler.java:175)
	at org.apache.hadoop.ozone.container.keyvalue.KeyValueHandler.handle(KeyValueHandler.java:163)
	at org.apache.hadoop.ozone.container.common.impl.HddsDispatcher.createContainer(HddsDispatcher.java:425)
	at org.apache.hadoop.ozone.container.common.impl.HddsDispatcher.dispatchRequest(HddsDispatcher.java:260)
	at org.apache.hadoop.ozone.container.common.impl.HddsDispatcher.lambda$dispatch$0(HddsDispatcher.java:171)
	at org.apache.hadoop.hdds.server.OzoneProtocolMessageDispatcher.processRequest(OzoneProtocolMessageDispatcher.java:87)
	at org.apache.hadoop.ozone.container.common.impl.HddsDispatcher.dispatch(HddsDispatcher.java:170)
	at org.apache.hadoop.ozone.container.common.transport.server.ratis.ContainerStateMachine.dispatchCommand(ContainerStateMachine.java:398)
	at org.apache.hadoop.ozone.container.common.transport.server.ratis.ContainerStateMachine.runCommand(ContainerStateMachine.java:408)
	at org.apache.hadoop.ozone.container.common.transport.server.ratis.ContainerStateMachine.lambda$handleWriteChunk$2(ContainerStateMachine.java:445)
	at java.util.concurrent.CompletableFuture$AsyncSupply.run(CompletableFuture.java:1604)
	at java.util.concurrent.ThreadPoolExecutor.runWorker(ThreadPoolExecutor.java:1149)
	at java.util.concurrent.ThreadPoolExecutor$Worker.run(ThreadPoolExecutor.java:624)
	at java.lang.Thread.run(Thread.java:748)
Caused by: java.io.IOException: Unable to create directory for metadata storage. Path: /github/workspace/mnt/ozone/hadoop-ozone/integration-test/target/test-dir/MiniOzoneClusterImpl-8ad1afbb-033f-482b-8239-ec8ce0281bc6/datanode-5/data-0/containers/hdds/0d4ea101-e9d0-4fa5-a81e-49d693c0e39a/current/containerDir0/16/metadata
	at org.apache.hadoop.ozone.container.keyvalue.helpers.KeyValueContainerUtil.createContainerMetaData(KeyValueContainerUtil.java:92)
	at org.apache.hadoop.ozone.container.keyvalue.KeyValueContainer.create(KeyValueContainer.java:133)
	... 15 more
15:27:48.490 [ChunkWriter-1-0] ERROR DNAudit - user=null | ip=null | op=WRITE_CHUNK {blockData=conID: 16 locID: 105639706255622167 bcsId: 0} | ret=FAILURE
org.apache.hadoop.hdds.scm.container.common.helpers.StorageContainerException: ContainerID 16 creation failed
	at org.apache.hadoop.ozone.container.common.impl.HddsDispatcher.dispatchRequest(HddsDispatcher.java:264) ~[hadoop-hdds-container-service-1.1.0-SNAPSHOT.jar:?]
	at org.apache.hadoop.ozone.container.common.impl.HddsDispatcher.lambda$dispatch$0(HddsDispatcher.java:171) ~[hadoop-hdds-container-service-1.1.0-SNAPSHOT.jar:?]
	at org.apache.hadoop.hdds.server.OzoneProtocolMessageDispatcher.processRequest(OzoneProtocolMessageDispatcher.java:87) ~[hadoop-hdds-server-framework-1.1.0-SNAPSHOT.jar:?]
	at org.apache.hadoop.ozone.container.common.impl.HddsDispatcher.dispatch(HddsDispatcher.java:170) ~[hadoop-hdds-container-service-1.1.0-SNAPSHOT.jar:?]
	at org.apache.hadoop.ozone.container.common.transport.server.ratis.ContainerStateMachine.dispatchCommand(ContainerStateMachine.java:398) ~[hadoop-hdds-container-service-1.1.0-SNAPSHOT.jar:?]
	at org.apache.hadoop.ozone.container.common.transport.server.ratis.ContainerStateMachine.runCommand(ContainerStateMachine.java:408) ~[hadoop-hdds-container-service-1.1.0-SNAPSHOT.jar:?]
	at org.apache.hadoop.ozone.container.common.transport.server.ratis.ContainerStateMachine.lambda$handleWriteChunk$2(ContainerStateMachine.java:445) ~[hadoop-hdds-container-service-1.1.0-SNAPSHOT.jar:?]
	at java.util.concurrent.CompletableFuture$AsyncSupply.run(CompletableFuture.java:1604) [?:1.8.0_232]
	at java.util.concurrent.ThreadPoolExecutor.runWorker(ThreadPoolExecutor.java:1149) [?:1.8.0_232]
	at java.util.concurrent.ThreadPoolExecutor$Worker.run(ThreadPoolExecutor.java:624) [?:1.8.0_232]
	at java.lang.Thread.run(Thread.java:748) [?:1.8.0_232]
2021-01-29 15:27:48,490 [ChunkWriter-1-0] INFO  impl.HddsDispatcher (ContainerUtils.java:logAndReturnError(89)) - Operation: WriteChunk , Trace ID:  , Message: ContainerID 16 creation failed , Result: CONTAINER_INTERNAL_ERROR , StorageContainerException Occurred.
org.apache.hadoop.hdds.scm.container.common.helpers.StorageContainerException: ContainerID 16 creation failed
	at org.apache.hadoop.ozone.container.common.impl.HddsDispatcher.dispatchRequest(HddsDispatcher.java:264)
	at org.apache.hadoop.ozone.container.common.impl.HddsDispatcher.lambda$dispatch$0(HddsDispatcher.java:171)
	at org.apache.hadoop.hdds.server.OzoneProtocolMessageDispatcher.processRequest(OzoneProtocolMessageDispatcher.java:87)
	at org.apache.hadoop.ozone.container.common.impl.HddsDispatcher.dispatch(HddsDispatcher.java:170)
	at org.apache.hadoop.ozone.container.common.transport.server.ratis.ContainerStateMachine.dispatchCommand(ContainerStateMachine.java:398)
	at org.apache.hadoop.ozone.container.common.transport.server.ratis.ContainerStateMachine.runCommand(ContainerStateMachine.java:408)
	at org.apache.hadoop.ozone.container.common.transport.server.ratis.ContainerStateMachine.lambda$handleWriteChunk$2(ContainerStateMachine.java:445)
	at java.util.concurrent.CompletableFuture$AsyncSupply.run(CompletableFuture.java:1604)
	at java.util.concurrent.ThreadPoolExecutor.runWorker(ThreadPoolExecutor.java:1149)
	at java.util.concurrent.ThreadPoolExecutor$Worker.run(ThreadPoolExecutor.java:624)
	at java.lang.Thread.run(Thread.java:748)
2021-01-29 15:27:48,491 [grpc-default-executor-5] ERROR ratis.ContainerStateMachine (ContainerStateMachine.java:lambda$handleWriteChunk$3(473)) - group-C890AF39A67A: writeChunk writeStateMachineData failed: blockIdcontainerID: 16
localID: 105639706255622167
blockCommitSequenceId: 0
 logIndex 122 chunkName 105639706255622167_chunk_1 Error message: ContainerID 16 creation failed Container Result: CONTAINER_INTERNAL_ERROR
2021-01-29 15:27:48,492 [e29fa1fa-05e1-4a0c-9aa8-f5147e66917e@group-C890AF39A67A-SegmentedRaftLogWorker] ERROR ratis.XceiverServerRatis (XceiverServerRatis.java:triggerPipelineClose(686)) - pipeline Action CLOSE on pipeline PipelineID=06dd217f-3d6a-4fac-81df-c890af39a67a.Reason : ContainerID 16 creation failed
2021-01-29 15:27:48,493 [EventQueue-PipelineActionsForPipelineActionHandler] INFO  pipeline.PipelineActionHandler (PipelineActionHandler.java:processPipelineAction(77)) - Received pipeline action CLOSE for PipelineID=06dd217f-3d6a-4fac-81df-c890af39a67a from datanode e29fa1fa-05e1-4a0c-9aa8-f5147e66917e. Reason : ContainerID 16 creation failed
2021-01-29 15:27:48,493 [EventQueue-PipelineActionsForPipelineActionHandler] INFO  pipeline.SCMPipelineManager (SCMPipelineManager.java:finalizeAndDestroyPipeline(482)) - Destroying pipeline:Pipeline[ Id: 06dd217f-3d6a-4fac-81df-c890af39a67a, Nodes: e29fa1fa-05e1-4a0c-9aa8-f5147e66917e{ip: 172.17.0.2, host: 6dba130846a4, networkLocation: /default-rack, certSerialId: null, persistedOpState: IN_SERVICE, persistedOpStateExpiryEpochSec: 0}e9b6cb55-ded4-4b6d-beb1-e0e1d0ea549d{ip: 172.17.0.2, host: 6dba130846a4, networkLocation: /default-rack, certSerialId: null, persistedOpState: IN_SERVICE, persistedOpStateExpiryEpochSec: 0}abd5dbec-f275-43c0-9ba5-e9315d47b38d{ip: 172.17.0.2, host: 6dba130846a4, networkLocation: /default-rack, certSerialId: null, persistedOpState: IN_SERVICE, persistedOpStateExpiryEpochSec: 0}, Type:RATIS, Factor:THREE, State:CLOSED, leaderId:abd5dbec-f275-43c0-9ba5-e9315d47b38d, CreationTimestamp2021-01-29T15:26:10.733Z]
2021-01-29 15:27:48,502 [e29fa1fa-05e1-4a0c-9aa8-f5147e66917e@group-C890AF39A67A-SegmentedRaftLogWorker] ERROR ratis.XceiverServerRatis (XceiverServerRatis.java:triggerPipelineClose(686)) - pipeline Action CLOSE on pipeline PipelineID=06dd217f-3d6a-4fac-81df-c890af39a67a.Reason : Log already failed at index 122 for task WriteLog:122: (t:1, i:122), STATEMACHINELOGENTRY, cmdType: WriteChunk traceID: "" containerID: 16 datanodeUuid: "e29fa1fa-05e1-4a0c-9aa8-f5147e66917e" pipelineID: "06dd217f-3d6a-4fac-81df-c890af39a67a" writeChunk { blockID { containerID: 16 localID: 105639706255622167 blockCommitSequenceId: 0 } chunkData { chunkName: "105639706255622167_chunk_1" offset: 0 len: 1048576 checksumData { type: NONE bytesPerChecksum: 1048576 } } }, container path=nonexistent
2021-01-29 15:27:48,502 [EventQueue-PipelineActionsForPipelineActionHandler] INFO  pipeline.PipelineActionHandler (PipelineActionHandler.java:processPipelineAction(77)) - Received pipeline action CLOSE for PipelineID=06dd217f-3d6a-4fac-81df-c890af39a67a from datanode e29fa1fa-05e1-4a0c-9aa8-f5147e66917e. Reason : Log already failed at index 122 for task WriteLog:122: (t:1, i:122), STATEMACHINELOGENTRY, cmdType: WriteChunk traceID: "" containerID: 16 datanodeUuid: "e29fa1fa-05e1-4a0c-9aa8-f5147e66917e" pipelineID: "06dd217f-3d6a-4fac-81df-c890af39a67a" writeChunk { blockID { containerID: 16 localID: 105639706255622167 blockCommitSequenceId: 0 } chunkData { chunkName: "105639706255622167_chunk_1" offset: 0 len: 1048576 checksumData { type: NONE bytesPerChecksum: 1048576 } } }, container path=nonexistent
2021-01-29 15:27:48,502 [EventQueue-PipelineActionsForPipelineActionHandler] INFO  pipeline.SCMPipelineManager (SCMPipelineManager.java:finalizeAndDestroyPipeline(482)) - Destroying pipeline:Pipeline[ Id: 06dd217f-3d6a-4fac-81df-c890af39a67a, Nodes: e29fa1fa-05e1-4a0c-9aa8-f5147e66917e{ip: 172.17.0.2, host: 6dba130846a4, networkLocation: /default-rack, certSerialId: null, persistedOpState: IN_SERVICE, persistedOpStateExpiryEpochSec: 0}e9b6cb55-ded4-4b6d-beb1-e0e1d0ea549d{ip: 172.17.0.2, host: 6dba130846a4, networkLocation: /default-rack, certSerialId: null, persistedOpState: IN_SERVICE, persistedOpStateExpiryEpochSec: 0}abd5dbec-f275-43c0-9ba5-e9315d47b38d{ip: 172.17.0.2, host: 6dba130846a4, networkLocation: /default-rack, certSerialId: null, persistedOpState: IN_SERVICE, persistedOpStateExpiryEpochSec: 0}, Type:RATIS, Factor:THREE, State:CLOSED, leaderId:abd5dbec-f275-43c0-9ba5-e9315d47b38d, CreationTimestamp2021-01-29T15:26:10.733Z]
2021-01-29 15:27:48,505 [ChunkWriter-1-0] ERROR helpers.KeyValueContainerUtil (KeyValueContainerUtil.java:createContainerMetaData(90)) - Unable to create directory for metadata storage. Path: /github/workspace/mnt/ozone/hadoop-ozone/integration-test/target/test-dir/MiniOzoneClusterImpl-8ad1afbb-033f-482b-8239-ec8ce0281bc6/datanode-5/data-0/containers/hdds/0d4ea101-e9d0-4fa5-a81e-49d693c0e39a/current/containerDir0/16/metadata
2021-01-29 15:27:48,505 [ChunkWriter-1-0] INFO  keyvalue.KeyValueHandler (ContainerUtils.java:logAndReturnError(89)) - Operation: CreateContainer , Trace ID:  , Message: Container creation failed. Unable to create directory for metadata storage. Path: /github/workspace/mnt/ozone/hadoop-ozone/integration-test/target/test-dir/MiniOzoneClusterImpl-8ad1afbb-033f-482b-8239-ec8ce0281bc6/datanode-5/data-0/containers/hdds/0d4ea101-e9d0-4fa5-a81e-49d693c0e39a/current/containerDir0/16/metadata , Result: CONTAINER_INTERNAL_ERROR , StorageContainerException Occurred.
org.apache.hadoop.hdds.scm.container.common.helpers.StorageContainerException: Container creation failed. Unable to create directory for metadata storage. Path: /github/workspace/mnt/ozone/hadoop-ozone/integration-test/target/test-dir/MiniOzoneClusterImpl-8ad1afbb-033f-482b-8239-ec8ce0281bc6/datanode-5/data-0/containers/hdds/0d4ea101-e9d0-4fa5-a81e-49d693c0e39a/current/containerDir0/16/metadata
	at org.apache.hadoop.ozone.container.keyvalue.KeyValueContainer.create(KeyValueContainer.java:165)
	at org.apache.hadoop.ozone.container.keyvalue.KeyValueHandler.handleCreateContainer(KeyValueHandler.java:258)
	at org.apache.hadoop.ozone.container.keyvalue.KeyValueHandler.dispatchRequest(KeyValueHandler.java:175)
	at org.apache.hadoop.ozone.container.keyvalue.KeyValueHandler.handle(KeyValueHandler.java:163)
	at org.apache.hadoop.ozone.container.common.impl.HddsDispatcher.createContainer(HddsDispatcher.java:425)
	at org.apache.hadoop.ozone.container.common.impl.HddsDispatcher.dispatchRequest(HddsDispatcher.java:260)
	at org.apache.hadoop.ozone.container.common.impl.HddsDispatcher.lambda$dispatch$0(HddsDispatcher.java:171)
	at org.apache.hadoop.hdds.server.OzoneProtocolMessageDispatcher.processRequest(OzoneProtocolMessageDispatcher.java:87)
	at org.apache.hadoop.ozone.container.common.impl.HddsDispatcher.dispatch(HddsDispatcher.java:170)
	at org.apache.hadoop.ozone.container.common.transport.server.ratis.ContainerStateMachine.dispatchCommand(ContainerStateMachine.java:398)
	at org.apache.hadoop.ozone.container.common.transport.server.ratis.ContainerStateMachine.runCommand(ContainerStateMachine.java:408)
	at org.apache.hadoop.ozone.container.common.transport.server.ratis.ContainerStateMachine.lambda$handleWriteChunk$2(ContainerStateMachine.java:445)
	at java.util.concurrent.CompletableFuture$AsyncSupply.run(CompletableFuture.java:1604)
	at java.util.concurrent.ThreadPoolExecutor.runWorker(ThreadPoolExecutor.java:1149)
	at java.util.concurrent.ThreadPoolExecutor$Worker.run(ThreadPoolExecutor.java:624)
	at java.lang.Thread.run(Thread.java:748)
Caused by: java.io.IOException: Unable to create directory for metadata storage. Path: /github/workspace/mnt/ozone/hadoop-ozone/integration-test/target/test-dir/MiniOzoneClusterImpl-8ad1afbb-033f-482b-8239-ec8ce0281bc6/datanode-5/data-0/containers/hdds/0d4ea101-e9d0-4fa5-a81e-49d693c0e39a/current/containerDir0/16/metadata
	at org.apache.hadoop.ozone.container.keyvalue.helpers.KeyValueContainerUtil.createContainerMetaData(KeyValueContainerUtil.java:92)
	at org.apache.hadoop.ozone.container.keyvalue.KeyValueContainer.create(KeyValueContainer.java:133)
	... 15 more
15:27:48.505 [ChunkWriter-1-0] ERROR DNAudit - user=null | ip=null | op=WRITE_CHUNK {blockData=conID: 16 locID: 105639706255622167 bcsId: 0} | ret=FAILURE
org.apache.hadoop.hdds.scm.container.common.helpers.StorageContainerException: ContainerID 16 creation failed
	at org.apache.hadoop.ozone.container.common.impl.HddsDispatcher.dispatchRequest(HddsDispatcher.java:264) ~[hadoop-hdds-container-service-1.1.0-SNAPSHOT.jar:?]
	at org.apache.hadoop.ozone.container.common.impl.HddsDispatcher.lambda$dispatch$0(HddsDispatcher.java:171) ~[hadoop-hdds-container-service-1.1.0-SNAPSHOT.jar:?]
	at org.apache.hadoop.hdds.server.OzoneProtocolMessageDispatcher.processRequest(OzoneProtocolMessageDispatcher.java:87) ~[hadoop-hdds-server-framework-1.1.0-SNAPSHOT.jar:?]
	at org.apache.hadoop.ozone.container.common.impl.HddsDispatcher.dispatch(HddsDispatcher.java:170) ~[hadoop-hdds-container-service-1.1.0-SNAPSHOT.jar:?]
	at org.apache.hadoop.ozone.container.common.transport.server.ratis.ContainerStateMachine.dispatchCommand(ContainerStateMachine.java:398) ~[hadoop-hdds-container-service-1.1.0-SNAPSHOT.jar:?]
	at org.apache.hadoop.ozone.container.common.transport.server.ratis.ContainerStateMachine.runCommand(ContainerStateMachine.java:408) ~[hadoop-hdds-container-service-1.1.0-SNAPSHOT.jar:?]
	at org.apache.hadoop.ozone.container.common.transport.server.ratis.ContainerStateMachine.lambda$handleWriteChunk$2(ContainerStateMachine.java:445) ~[hadoop-hdds-container-service-1.1.0-SNAPSHOT.jar:?]
	at java.util.concurrent.CompletableFuture$AsyncSupply.run(CompletableFuture.java:1604) [?:1.8.0_232]
	at java.util.concurrent.ThreadPoolExecutor.runWorker(ThreadPoolExecutor.java:1149) [?:1.8.0_232]
	at java.util.concurrent.ThreadPoolExecutor$Worker.run(ThreadPoolExecutor.java:624) [?:1.8.0_232]
	at java.lang.Thread.run(Thread.java:748) [?:1.8.0_232]
2021-01-29 15:27:48,505 [ChunkWriter-1-0] INFO  impl.HddsDispatcher (ContainerUtils.java:logAndReturnError(89)) - Operation: WriteChunk , Trace ID:  , Message: ContainerID 16 creation failed , Result: CONTAINER_INTERNAL_ERROR , StorageContainerException Occurred.
org.apache.hadoop.hdds.scm.container.common.helpers.StorageContainerException: ContainerID 16 creation failed
	at org.apache.hadoop.ozone.container.common.impl.HddsDispatcher.dispatchRequest(HddsDispatcher.java:264)
	at org.apache.hadoop.ozone.container.common.impl.HddsDispatcher.lambda$dispatch$0(HddsDispatcher.java:171)
	at org.apache.hadoop.hdds.server.OzoneProtocolMessageDispatcher.processRequest(OzoneProtocolMessageDispatcher.java:87)
	at org.apache.hadoop.ozone.container.common.impl.HddsDispatcher.dispatch(HddsDispatcher.java:170)
	at org.apache.hadoop.ozone.container.common.transport.server.ratis.ContainerStateMachine.dispatchCommand(ContainerStateMachine.java:398)
	at org.apache.hadoop.ozone.container.common.transport.server.ratis.ContainerStateMachine.runCommand(ContainerStateMachine.java:408)
	at org.apache.hadoop.ozone.container.common.transport.server.ratis.ContainerStateMachine.lambda$handleWriteChunk$2(ContainerStateMachine.java:445)
	at java.util.concurrent.CompletableFuture$AsyncSupply.run(CompletableFuture.java:1604)
	at java.util.concurrent.ThreadPoolExecutor.runWorker(ThreadPoolExecutor.java:1149)
	at java.util.concurrent.ThreadPoolExecutor$Worker.run(ThreadPoolExecutor.java:624)
	at java.lang.Thread.run(Thread.java:748)
2021-01-29 15:27:48,505 [ChunkWriter-1-0] ERROR ratis.ContainerStateMachine (ContainerStateMachine.java:lambda$handleWriteChunk$3(473)) - group-C890AF39A67A: writeChunk writeStateMachineData failed: blockIdcontainerID: 16
localID: 105639706255622167
blockCommitSequenceId: 0
 logIndex 124 chunkName 105639706255622167_chunk_2 Error message: ContainerID 16 creation failed Container Result: CONTAINER_INTERNAL_ERROR
2021-01-29 15:27:48,506 [e29fa1fa-05e1-4a0c-9aa8-f5147e66917e@group-C890AF39A67A-SegmentedRaftLogWorker] ERROR ratis.XceiverServerRatis (XceiverServerRatis.java:triggerPipelineClose(686)) - pipeline Action CLOSE on pipeline PipelineID=06dd217f-3d6a-4fac-81df-c890af39a67a.Reason : Log already failed at index 122 for task WriteLog:122: (t:1, i:122), STATEMACHINELOGENTRY, cmdType: WriteChunk traceID: "" containerID: 16 datanodeUuid: "e29fa1fa-05e1-4a0c-9aa8-f5147e66917e" pipelineID: "06dd217f-3d6a-4fac-81df-c890af39a67a" writeChunk { blockID { containerID: 16 localID: 105639706255622167 blockCommitSequenceId: 0 } chunkData { chunkName: "105639706255622167_chunk_1" offset: 0 len: 1048576 checksumData { type: NONE bytesPerChecksum: 1048576 } } }, container path=nonexistent
2021-01-29 15:27:48,507 [EventQueue-PipelineActionsForPipelineActionHandler] INFO  pipeline.PipelineActionHandler (PipelineActionHandler.java:processPipelineAction(77)) - Received pipeline action CLOSE for PipelineID=06dd217f-3d6a-4fac-81df-c890af39a67a from datanode e29fa1fa-05e1-4a0c-9aa8-f5147e66917e. Reason : Log already failed at index 122 for task WriteLog:122: (t:1, i:122), STATEMACHINELOGENTRY, cmdType: WriteChunk traceID: "" containerID: 16 datanodeUuid: "e29fa1fa-05e1-4a0c-9aa8-f5147e66917e" pipelineID: "06dd217f-3d6a-4fac-81df-c890af39a67a" writeChunk { blockID { containerID: 16 localID: 105639706255622167 blockCommitSequenceId: 0 } chunkData { chunkName: "105639706255622167_chunk_1" offset: 0 len: 1048576 checksumData { type: NONE bytesPerChecksum: 1048576 } } }, container path=nonexistent
2021-01-29 15:27:48,508 [EventQueue-PipelineActionsForPipelineActionHandler] INFO  pipeline.SCMPipelineManager (SCMPipelineManager.java:finalizeAndDestroyPipeline(482)) - Destroying pipeline:Pipeline[ Id: 06dd217f-3d6a-4fac-81df-c890af39a67a, Nodes: e29fa1fa-05e1-4a0c-9aa8-f5147e66917e{ip: 172.17.0.2, host: 6dba130846a4, networkLocation: /default-rack, certSerialId: null, persistedOpState: IN_SERVICE, persistedOpStateExpiryEpochSec: 0}e9b6cb55-ded4-4b6d-beb1-e0e1d0ea549d{ip: 172.17.0.2, host: 6dba130846a4, networkLocation: /default-rack, certSerialId: null, persistedOpState: IN_SERVICE, persistedOpStateExpiryEpochSec: 0}abd5dbec-f275-43c0-9ba5-e9315d47b38d{ip: 172.17.0.2, host: 6dba130846a4, networkLocation: /default-rack, certSerialId: null, persistedOpState: IN_SERVICE, persistedOpStateExpiryEpochSec: 0}, Type:RATIS, Factor:THREE, State:CLOSED, leaderId:abd5dbec-f275-43c0-9ba5-e9315d47b38d, CreationTimestamp2021-01-29T15:26:10.733Z]
2021-01-29 15:27:48,515 [e29fa1fa-05e1-4a0c-9aa8-f5147e66917e@group-C890AF39A67A-SegmentedRaftLogWorker] ERROR ratis.XceiverServerRatis (XceiverServerRatis.java:triggerPipelineClose(686)) - pipeline Action CLOSE on pipeline PipelineID=06dd217f-3d6a-4fac-81df-c890af39a67a.Reason : Log already failed at index 122 for task WriteLog:122: (t:1, i:122), STATEMACHINELOGENTRY, cmdType: WriteChunk traceID: "" containerID: 16 datanodeUuid: "e29fa1fa-05e1-4a0c-9aa8-f5147e66917e" pipelineID: "06dd217f-3d6a-4fac-81df-c890af39a67a" writeChunk { blockID { containerID: 16 localID: 105639706255622167 blockCommitSequenceId: 0 } chunkData { chunkName: "105639706255622167_chunk_1" offset: 0 len: 1048576 checksumData { type: NONE bytesPerChecksum: 1048576 } } }, container path=nonexistent
2021-01-29 15:27:48,516 [EventQueue-PipelineActionsForPipelineActionHandler] INFO  pipeline.PipelineActionHandler (PipelineActionHandler.java:processPipelineAction(77)) - Received pipeline action CLOSE for PipelineID=06dd217f-3d6a-4fac-81df-c890af39a67a from datanode e29fa1fa-05e1-4a0c-9aa8-f5147e66917e. Reason : Log already failed at index 122 for task WriteLog:122: (t:1, i:122), STATEMACHINELOGENTRY, cmdType: WriteChunk traceID: "" containerID: 16 datanodeUuid: "e29fa1fa-05e1-4a0c-9aa8-f5147e66917e" pipelineID: "06dd217f-3d6a-4fac-81df-c890af39a67a" writeChunk { blockID { containerID: 16 localID: 105639706255622167 blockCommitSequenceId: 0 } chunkData { chunkName: "105639706255622167_chunk_1" offset: 0 len: 1048576 checksumData { type: NONE bytesPerChecksum: 1048576 } } }, container path=nonexistent
2021-01-29 15:27:48,516 [EventQueue-PipelineActionsForPipelineActionHandler] INFO  pipeline.SCMPipelineManager (SCMPipelineManager.java:finalizeAndDestroyPipeline(482)) - Destroying pipeline:Pipeline[ Id: 06dd217f-3d6a-4fac-81df-c890af39a67a, Nodes: e29fa1fa-05e1-4a0c-9aa8-f5147e66917e{ip: 172.17.0.2, host: 6dba130846a4, networkLocation: /default-rack, certSerialId: null, persistedOpState: IN_SERVICE, persistedOpStateExpiryEpochSec: 0}e9b6cb55-ded4-4b6d-beb1-e0e1d0ea549d{ip: 172.17.0.2, host: 6dba130846a4, networkLocation: /default-rack, certSerialId: null, persistedOpState: IN_SERVICE, persistedOpStateExpiryEpochSec: 0}abd5dbec-f275-43c0-9ba5-e9315d47b38d{ip: 172.17.0.2, host: 6dba130846a4, networkLocation: /default-rack, certSerialId: null, persistedOpState: IN_SERVICE, persistedOpStateExpiryEpochSec: 0}, Type:RATIS, Factor:THREE, State:CLOSED, leaderId:abd5dbec-f275-43c0-9ba5-e9315d47b38d, CreationTimestamp2021-01-29T15:26:10.733Z]
2021-01-29 15:27:48,666 [Command processor thread] WARN  server.RaftServer (RaftServerProxy.java:remove(101)) - 093cbee5-fb37-48c5-a334-037ab050c5a4: does not contain group: group-82FE8DDC79AF
2021-01-29 15:27:48,666 [Command processor thread] ERROR commandhandler.ClosePipelineCommandHandler (ClosePipelineCommandHandler.java:handle(78)) - Can't close pipeline PipelineID=ada21374-47fd-4d92-9ee3-82fe8ddc79af
java.io.IOException: 093cbee5-fb37-48c5-a334-037ab050c5a4: Group group-82FE8DDC79AF not found.
	at org.apache.hadoop.ozone.container.common.transport.server.ratis.XceiverServerRatis.removeGroup(XceiverServerRatis.java:788)
	at org.apache.hadoop.ozone.container.common.statemachine.commandhandler.ClosePipelineCommandHandler.handle(ClosePipelineCommandHandler.java:74)
	at org.apache.hadoop.ozone.container.common.statemachine.commandhandler.CommandDispatcher.handle(CommandDispatcher.java:99)
	at org.apache.hadoop.ozone.container.common.statemachine.DatanodeStateMachine.lambda$initCommandHandlerThread$2(DatanodeStateMachine.java:498)
	at java.lang.Thread.run(Thread.java:748)
Caused by: org.apache.ratis.protocol.exceptions.GroupMismatchException: 093cbee5-fb37-48c5-a334-037ab050c5a4: Group group-82FE8DDC79AF not found.
	at org.apache.ratis.server.impl.RaftServerProxy.groupRemoveAsync(RaftServerProxy.java:504)
	at org.apache.ratis.server.impl.RaftServerProxy.groupManagementAsync(RaftServerProxy.java:460)
	at org.apache.ratis.server.impl.RaftServerProxy.groupManagement(RaftServerProxy.java:440)
	at org.apache.hadoop.ozone.container.common.transport.server.ratis.XceiverServerRatis.removeGroup(XceiverServerRatis.java:786)
	... 4 more
2021-01-29 15:27:48,667 [Command processor thread] WARN  server.RaftServer (RaftServerProxy.java:remove(101)) - 093cbee5-fb37-48c5-a334-037ab050c5a4: does not contain group: group-82FE8DDC79AF
2021-01-29 15:27:48,667 [Command processor thread] ERROR commandhandler.ClosePipelineCommandHandler (ClosePipelineCommandHandler.java:handle(78)) - Can't close pipeline PipelineID=ada21374-47fd-4d92-9ee3-82fe8ddc79af
java.io.IOException: 093cbee5-fb37-48c5-a334-037ab050c5a4: Group group-82FE8DDC79AF not found.
	at org.apache.hadoop.ozone.container.common.transport.server.ratis.XceiverServerRatis.removeGroup(XceiverServerRatis.java:788)
	at org.apache.hadoop.ozone.container.common.statemachine.commandhandler.ClosePipelineCommandHandler.handle(ClosePipelineCommandHandler.java:74)
	at org.apache.hadoop.ozone.container.common.statemachine.commandhandler.CommandDispatcher.handle(CommandDispatcher.java:99)
	at org.apache.hadoop.ozone.container.common.statemachine.DatanodeStateMachine.lambda$initCommandHandlerThread$2(DatanodeStateMachine.java:498)
	at java.lang.Thread.run(Thread.java:748)
Caused by: org.apache.ratis.protocol.exceptions.GroupMismatchException: 093cbee5-fb37-48c5-a334-037ab050c5a4: Group group-82FE8DDC79AF not found.
	at org.apache.ratis.server.impl.RaftServerProxy.groupRemoveAsync(RaftServerProxy.java:504)
	at org.apache.ratis.server.impl.RaftServerProxy.groupManagementAsync(RaftServerProxy.java:460)
	at org.apache.ratis.server.impl.RaftServerProxy.groupManagement(RaftServerProxy.java:440)
	at org.apache.hadoop.ozone.container.common.transport.server.ratis.XceiverServerRatis.removeGroup(XceiverServerRatis.java:786)
	... 4 more
2021-01-29 15:27:48,691 [Command processor thread] WARN  server.RaftServer (RaftServerProxy.java:remove(101)) - 917eb864-1739-4fd5-ac14-ff1ecb8c1d24: does not contain group: group-82FE8DDC79AF
2021-01-29 15:27:48,691 [Command processor thread] ERROR commandhandler.ClosePipelineCommandHandler (ClosePipelineCommandHandler.java:handle(78)) - Can't close pipeline PipelineID=ada21374-47fd-4d92-9ee3-82fe8ddc79af
java.io.IOException: 917eb864-1739-4fd5-ac14-ff1ecb8c1d24: Group group-82FE8DDC79AF not found.
	at org.apache.hadoop.ozone.container.common.transport.server.ratis.XceiverServerRatis.removeGroup(XceiverServerRatis.java:788)
	at org.apache.hadoop.ozone.container.common.statemachine.commandhandler.ClosePipelineCommandHandler.handle(ClosePipelineCommandHandler.java:74)
	at org.apache.hadoop.ozone.container.common.statemachine.commandhandler.CommandDispatcher.handle(CommandDispatcher.java:99)
	at org.apache.hadoop.ozone.container.common.statemachine.DatanodeStateMachine.lambda$initCommandHandlerThread$2(DatanodeStateMachine.java:498)
	at java.lang.Thread.run(Thread.java:748)
Caused by: org.apache.ratis.protocol.exceptions.GroupMismatchException: 917eb864-1739-4fd5-ac14-ff1ecb8c1d24: Group group-82FE8DDC79AF not found.
	at org.apache.ratis.server.impl.RaftServerProxy.groupRemoveAsync(RaftServerProxy.java:504)
	at org.apache.ratis.server.impl.RaftServerProxy.groupManagementAsync(RaftServerProxy.java:460)
	at org.apache.ratis.server.impl.RaftServerProxy.groupManagement(RaftServerProxy.java:440)
	at org.apache.hadoop.ozone.container.common.transport.server.ratis.XceiverServerRatis.removeGroup(XceiverServerRatis.java:786)
	... 4 more
2021-01-29 15:27:48,691 [Command processor thread] WARN  server.RaftServer (RaftServerProxy.java:remove(101)) - 917eb864-1739-4fd5-ac14-ff1ecb8c1d24: does not contain group: group-82FE8DDC79AF
2021-01-29 15:27:48,691 [Command processor thread] ERROR commandhandler.ClosePipelineCommandHandler (ClosePipelineCommandHandler.java:handle(78)) - Can't close pipeline PipelineID=ada21374-47fd-4d92-9ee3-82fe8ddc79af
java.io.IOException: 917eb864-1739-4fd5-ac14-ff1ecb8c1d24: Group group-82FE8DDC79AF not found.
	at org.apache.hadoop.ozone.container.common.transport.server.ratis.XceiverServerRatis.removeGroup(XceiverServerRatis.java:788)
	at org.apache.hadoop.ozone.container.common.statemachine.commandhandler.ClosePipelineCommandHandler.handle(ClosePipelineCommandHandler.java:74)
	at org.apache.hadoop.ozone.container.common.statemachine.commandhandler.CommandDispatcher.handle(CommandDispatcher.java:99)
	at org.apache.hadoop.ozone.container.common.statemachine.DatanodeStateMachine.lambda$initCommandHandlerThread$2(DatanodeStateMachine.java:498)
	at java.lang.Thread.run(Thread.java:748)
Caused by: org.apache.ratis.protocol.exceptions.GroupMismatchException: 917eb864-1739-4fd5-ac14-ff1ecb8c1d24: Group group-82FE8DDC79AF not found.
	at org.apache.ratis.server.impl.RaftServerProxy.groupRemoveAsync(RaftServerProxy.java:504)
	at org.apache.ratis.server.impl.RaftServerProxy.groupManagementAsync(RaftServerProxy.java:460)
	at org.apache.ratis.server.impl.RaftServerProxy.groupManagement(RaftServerProxy.java:440)
	at org.apache.hadoop.ozone.container.common.transport.server.ratis.XceiverServerRatis.removeGroup(XceiverServerRatis.java:786)
	... 4 more
2021-01-29 15:27:48,819 [Command processor thread] ERROR statemachine.DatanodeStateMachine (DatanodeStateMachine.java:lambda$getCommandHandlerThread$3(526)) - Critical Error : Command processor thread encountered an error. Thread: Thread[Command processor thread,5,main]
org.yaml.snakeyaml.error.YAMLException: java.io.IOException: No space left on device
	at org.yaml.snakeyaml.Yaml.dumpAll(Yaml.java:280)
	at org.yaml.snakeyaml.Yaml.dump(Yaml.java:256)
	at org.apache.hadoop.ozone.container.common.impl.ContainerDataYaml.createContainerFile(ContainerDataYaml.java:96)
	at org.apache.hadoop.ozone.container.keyvalue.KeyValueContainer.writeToContainerFile(KeyValueContainer.java:214)
	at org.apache.hadoop.ozone.container.keyvalue.KeyValueContainer.updateContainerFile(KeyValueContainer.java:248)
	at org.apache.hadoop.ozone.container.keyvalue.KeyValueContainer.updateContainerData(KeyValueContainer.java:358)
	at org.apache.hadoop.ozone.container.keyvalue.KeyValueContainer.markContainerForClose(KeyValueContainer.java:278)
	at org.apache.hadoop.ozone.container.keyvalue.KeyValueHandler.markContainerForClose(KeyValueHandler.java:947)
	at org.apache.hadoop.ozone.container.ozoneimpl.ContainerController.markContainerForClose(ContainerController.java:84)
	at org.apache.hadoop.ozone.container.common.statemachine.commandhandler.CloseContainerCommandHandler.handle(CloseContainerCommandHandler.java:91)
	at org.apache.hadoop.ozone.container.common.statemachine.commandhandler.CommandDispatcher.handle(CommandDispatcher.java:99)
	at org.apache.hadoop.ozone.container.common.statemachine.DatanodeStateMachine.lambda$initCommandHandlerThread$2(DatanodeStateMachine.java:498)
	at java.lang.Thread.run(Thread.java:748)
Caused by: java.io.IOException: No space left on device
	at java.io.FileOutputStream.writeBytes(Native Method)
	at java.io.FileOutputStream.write(FileOutputStream.java:326)
	at sun.nio.cs.StreamEncoder.writeBytes(StreamEncoder.java:221)
	at sun.nio.cs.StreamEncoder.implFlushBuffer(StreamEncoder.java:291)
	at sun.nio.cs.StreamEncoder.implFlush(StreamEncoder.java:295)
	at sun.nio.cs.StreamEncoder.flush(StreamEncoder.java:141)
	at java.io.OutputStreamWriter.flush(OutputStreamWriter.java:229)
	at org.yaml.snakeyaml.emitter.Emitter.flushStream(Emitter.java:1078)
	at org.yaml.snakeyaml.emitter.Emitter$ExpectDocumentEnd.expect(Emitter.java:368)
	at org.yaml.snakeyaml.emitter.Emitter.emit(Emitter.java:220)
	at org.yaml.snakeyaml.serializer.Serializer.serialize(Serializer.java:115)
	at org.yaml.snakeyaml.Yaml.dumpAll(Yaml.java:276)
	... 12 more
2021-01-29 15:27:48,823 [Command processor thread] ERROR statemachine.DatanodeStateMachine (DatanodeStateMachine.java:lambda$getCommandHandlerThread$3(526)) - Critical Error : Command processor thread encountered an error. Thread: Thread[Command processor thread,5,main]
org.yaml.snakeyaml.error.YAMLException: java.io.IOException: No space left on device
	at org.yaml.snakeyaml.Yaml.dumpAll(Yaml.java:280)
	at org.yaml.snakeyaml.Yaml.dump(Yaml.java:256)
	at org.apache.hadoop.ozone.container.common.impl.ContainerDataYaml.createContainerFile(ContainerDataYaml.java:96)
	at org.apache.hadoop.ozone.container.keyvalue.KeyValueContainer.writeToContainerFile(KeyValueContainer.java:214)
	at org.apache.hadoop.ozone.container.keyvalue.KeyValueContainer.updateContainerFile(KeyValueContainer.java:248)
	at org.apache.hadoop.ozone.container.keyvalue.KeyValueContainer.updateContainerData(KeyValueContainer.java:358)
	at org.apache.hadoop.ozone.container.keyvalue.KeyValueContainer.markContainerForClose(KeyValueContainer.java:278)
	at org.apache.hadoop.ozone.container.keyvalue.KeyValueHandler.markContainerForClose(KeyValueHandler.java:947)
	at org.apache.hadoop.ozone.container.ozoneimpl.ContainerController.markContainerForClose(ContainerController.java:84)
	at org.apache.hadoop.ozone.container.common.statemachine.commandhandler.CloseContainerCommandHandler.handle(CloseContainerCommandHandler.java:91)
	at org.apache.hadoop.ozone.container.common.statemachine.commandhandler.CommandDispatcher.handle(CommandDispatcher.java:99)
	at org.apache.hadoop.ozone.container.common.statemachine.DatanodeStateMachine.lambda$initCommandHandlerThread$2(DatanodeStateMachine.java:498)
	at java.lang.Thread.run(Thread.java:748)
Caused by: java.io.IOException: No space left on device
	at java.io.FileOutputStream.writeBytes(Native Method)
	at java.io.FileOutputStream.write(FileOutputStream.java:326)
	at sun.nio.cs.StreamEncoder.writeBytes(StreamEncoder.java:221)
	at sun.nio.cs.StreamEncoder.implFlushBuffer(StreamEncoder.java:291)
	at sun.nio.cs.StreamEncoder.implFlush(StreamEncoder.java:295)
	at sun.nio.cs.StreamEncoder.flush(StreamEncoder.java:141)
	at java.io.OutputStreamWriter.flush(OutputStreamWriter.java:229)
	at org.yaml.snakeyaml.emitter.Emitter.flushStream(Emitter.java:1078)
	at org.yaml.snakeyaml.emitter.Emitter$ExpectDocumentEnd.expect(Emitter.java:368)
	at org.yaml.snakeyaml.emitter.Emitter.emit(Emitter.java:220)
	at org.yaml.snakeyaml.serializer.Serializer.serialize(Serializer.java:115)
	at org.yaml.snakeyaml.Yaml.dumpAll(Yaml.java:276)
	... 12 more
2021-01-29 15:27:48,824 [Command processor thread] ERROR commandhandler.CloseContainerCommandHandler (CloseContainerCommandHandler.java:handle(85)) - Container #16 does not exist in datanode. Container close failed.
2021-01-29 15:27:48,836 [Command processor thread] ERROR statemachine.DatanodeStateMachine (DatanodeStateMachine.java:lambda$getCommandHandlerThread$3(526)) - Critical Error : Command processor thread encountered an error. Thread: Thread[Command processor thread,5,main]
org.yaml.snakeyaml.error.YAMLException: java.io.IOException: No space left on device
	at org.yaml.snakeyaml.Yaml.dumpAll(Yaml.java:280)
	at org.yaml.snakeyaml.Yaml.dump(Yaml.java:256)
	at org.apache.hadoop.ozone.container.common.impl.ContainerDataYaml.createContainerFile(ContainerDataYaml.java:96)
	at org.apache.hadoop.ozone.container.keyvalue.KeyValueContainer.writeToContainerFile(KeyValueContainer.java:214)
	at org.apache.hadoop.ozone.container.keyvalue.KeyValueContainer.updateContainerFile(KeyValueContainer.java:248)
	at org.apache.hadoop.ozone.container.keyvalue.KeyValueContainer.updateContainerData(KeyValueContainer.java:358)
	at org.apache.hadoop.ozone.container.keyvalue.KeyValueContainer.markContainerForClose(KeyValueContainer.java:278)
	at org.apache.hadoop.ozone.container.keyvalue.KeyValueHandler.markContainerForClose(KeyValueHandler.java:947)
	at org.apache.hadoop.ozone.container.ozoneimpl.ContainerController.markContainerForClose(ContainerController.java:84)
	at org.apache.hadoop.ozone.container.common.statemachine.commandhandler.CloseContainerCommandHandler.handle(CloseContainerCommandHandler.java:91)
	at org.apache.hadoop.ozone.container.common.statemachine.commandhandler.CommandDispatcher.handle(CommandDispatcher.java:99)
	at org.apache.hadoop.ozone.container.common.statemachine.DatanodeStateMachine.lambda$initCommandHandlerThread$2(DatanodeStateMachine.java:498)
	at java.lang.Thread.run(Thread.java:748)
Caused by: java.io.IOException: No space left on device
	at java.io.FileOutputStream.writeBytes(Native Method)
	at java.io.FileOutputStream.write(FileOutputStream.java:326)
	at sun.nio.cs.StreamEncoder.writeBytes(StreamEncoder.java:221)
	at sun.nio.cs.StreamEncoder.implFlushBuffer(StreamEncoder.java:291)
	at sun.nio.cs.StreamEncoder.implFlush(StreamEncoder.java:295)
	at sun.nio.cs.StreamEncoder.flush(StreamEncoder.java:141)
	at java.io.OutputStreamWriter.flush(OutputStreamWriter.java:229)
	at org.yaml.snakeyaml.emitter.Emitter.flushStream(Emitter.java:1078)
	at org.yaml.snakeyaml.emitter.Emitter$ExpectDocumentEnd.expect(Emitter.java:368)
	at org.yaml.snakeyaml.emitter.Emitter.emit(Emitter.java:220)
	at org.yaml.snakeyaml.serializer.Serializer.serialize(Serializer.java:115)
	at org.yaml.snakeyaml.Yaml.dumpAll(Yaml.java:276)
	... 12 more
2021-01-29 15:27:48,838 [Command processor thread] ERROR statemachine.DatanodeStateMachine (DatanodeStateMachine.java:lambda$getCommandHandlerThread$3(526)) - Critical Error : Command processor thread encountered an error. Thread: Thread[Command processor thread,5,main]
org.yaml.snakeyaml.error.YAMLException: java.io.IOException: No space left on device
	at org.yaml.snakeyaml.Yaml.dumpAll(Yaml.java:280)
	at org.yaml.snakeyaml.Yaml.dump(Yaml.java:256)
	at org.apache.hadoop.ozone.container.common.impl.ContainerDataYaml.createContainerFile(ContainerDataYaml.java:96)
	at org.apache.hadoop.ozone.container.keyvalue.KeyValueContainer.writeToContainerFile(KeyValueContainer.java:214)
	at org.apache.hadoop.ozone.container.keyvalue.KeyValueContainer.updateContainerFile(KeyValueContainer.java:248)
	at org.apache.hadoop.ozone.container.keyvalue.KeyValueContainer.updateContainerData(KeyValueContainer.java:358)
	at org.apache.hadoop.ozone.container.keyvalue.KeyValueContainer.markContainerForClose(KeyValueContainer.java:278)
	at org.apache.hadoop.ozone.container.keyvalue.KeyValueHandler.markContainerForClose(KeyValueHandler.java:947)
	at org.apache.hadoop.ozone.container.ozoneimpl.ContainerController.markContainerForClose(ContainerController.java:84)
	at org.apache.hadoop.ozone.container.common.statemachine.commandhandler.CloseContainerCommandHandler.handle(CloseContainerCommandHandler.java:91)
	at org.apache.hadoop.ozone.container.common.statemachine.commandhandler.CommandDispatcher.handle(CommandDispatcher.java:99)
	at org.apache.hadoop.ozone.container.common.statemachine.DatanodeStateMachine.lambda$initCommandHandlerThread$2(DatanodeStateMachine.java:498)
	at java.lang.Thread.run(Thread.java:748)
Caused by: java.io.IOException: No space left on device
	at java.io.FileOutputStream.writeBytes(Native Method)
	at java.io.FileOutputStream.write(FileOutputStream.java:326)
	at sun.nio.cs.StreamEncoder.writeBytes(StreamEncoder.java:221)
	at sun.nio.cs.StreamEncoder.implFlushBuffer(StreamEncoder.java:291)
	at sun.nio.cs.StreamEncoder.implFlush(StreamEncoder.java:295)
	at sun.nio.cs.StreamEncoder.flush(StreamEncoder.java:141)
	at java.io.OutputStreamWriter.flush(OutputStreamWriter.java:229)
	at org.yaml.snakeyaml.emitter.Emitter.flushStream(Emitter.java:1078)
	at org.yaml.snakeyaml.emitter.Emitter$ExpectDocumentEnd.expect(Emitter.java:368)
	at org.yaml.snakeyaml.emitter.Emitter.emit(Emitter.java:220)
	at org.yaml.snakeyaml.serializer.Serializer.serialize(Serializer.java:115)
	at org.yaml.snakeyaml.Yaml.dumpAll(Yaml.java:276)
	... 12 more
2021-01-29 15:27:48,838 [Command processor thread] ERROR commandhandler.CloseContainerCommandHandler (CloseContainerCommandHandler.java:handle(85)) - Container #16 does not exist in datanode. Container close failed.
2021-01-29 15:27:49,679 [Command processor thread] WARN  server.RaftServer (RaftServerProxy.java:remove(101)) - d5d7cc10-80c6-421e-a2cb-6e4e9e0bf9f8: does not contain group: group-82FE8DDC79AF
2021-01-29 15:27:49,680 [Command processor thread] ERROR commandhandler.ClosePipelineCommandHandler (ClosePipelineCommandHandler.java:handle(78)) - Can't close pipeline PipelineID=ada21374-47fd-4d92-9ee3-82fe8ddc79af
java.io.IOException: d5d7cc10-80c6-421e-a2cb-6e4e9e0bf9f8: Group group-82FE8DDC79AF not found.
	at org.apache.hadoop.ozone.container.common.transport.server.ratis.XceiverServerRatis.removeGroup(XceiverServerRatis.java:788)
	at org.apache.hadoop.ozone.container.common.statemachine.commandhandler.ClosePipelineCommandHandler.handle(ClosePipelineCommandHandler.java:74)
	at org.apache.hadoop.ozone.container.common.statemachine.commandhandler.CommandDispatcher.handle(CommandDispatcher.java:99)
	at org.apache.hadoop.ozone.container.common.statemachine.DatanodeStateMachine.lambda$initCommandHandlerThread$2(DatanodeStateMachine.java:498)
	at java.lang.Thread.run(Thread.java:748)
Caused by: org.apache.ratis.protocol.exceptions.GroupMismatchException: d5d7cc10-80c6-421e-a2cb-6e4e9e0bf9f8: Group group-82FE8DDC79AF not found.
	at org.apache.ratis.server.impl.RaftServerProxy.groupRemoveAsync(RaftServerProxy.java:504)
	at org.apache.ratis.server.impl.RaftServerProxy.groupManagementAsync(RaftServerProxy.java:460)
	at org.apache.ratis.server.impl.RaftServerProxy.groupManagement(RaftServerProxy.java:440)
	at org.apache.hadoop.ozone.container.common.transport.server.ratis.XceiverServerRatis.removeGroup(XceiverServerRatis.java:786)
	... 4 more
2021-01-29 15:27:49,680 [Command processor thread] WARN  server.RaftServer (RaftServerProxy.java:remove(101)) - d5d7cc10-80c6-421e-a2cb-6e4e9e0bf9f8: does not contain group: group-82FE8DDC79AF
2021-01-29 15:27:49,680 [Command processor thread] ERROR commandhandler.ClosePipelineCommandHandler (ClosePipelineCommandHandler.java:handle(78)) - Can't close pipeline PipelineID=ada21374-47fd-4d92-9ee3-82fe8ddc79af
java.io.IOException: d5d7cc10-80c6-421e-a2cb-6e4e9e0bf9f8: Group group-82FE8DDC79AF not found.
	at org.apache.hadoop.ozone.container.common.transport.server.ratis.XceiverServerRatis.removeGroup(XceiverServerRatis.java:788)
	at org.apache.hadoop.ozone.container.common.statemachine.commandhandler.ClosePipelineCommandHandler.handle(ClosePipelineCommandHandler.java:74)
	at org.apache.hadoop.ozone.container.common.statemachine.commandhandler.CommandDispatcher.handle(CommandDispatcher.java:99)
	at org.apache.hadoop.ozone.container.common.statemachine.DatanodeStateMachine.lambda$initCommandHandlerThread$2(DatanodeStateMachine.java:498)
	at java.lang.Thread.run(Thread.java:748)
Caused by: org.apache.ratis.protocol.exceptions.GroupMismatchException: d5d7cc10-80c6-421e-a2cb-6e4e9e0bf9f8: Group group-82FE8DDC79AF not found.
	at org.apache.ratis.server.impl.RaftServerProxy.groupRemoveAsync(RaftServerProxy.java:504)
	at org.apache.ratis.server.impl.RaftServerProxy.groupManagementAsync(RaftServerProxy.java:460)
	at org.apache.ratis.server.impl.RaftServerProxy.groupManagement(RaftServerProxy.java:440)
	at org.apache.hadoop.ozone.container.common.transport.server.ratis.XceiverServerRatis.removeGroup(XceiverServerRatis.java:786)
	... 4 more
2021-01-29 15:27:49,833 [Command processor thread] ERROR statemachine.DatanodeStateMachine (DatanodeStateMachine.java:lambda$getCommandHandlerThread$3(526)) - Critical Error : Command processor thread encountered an error. Thread: Thread[Command processor thread,5,main]
org.yaml.snakeyaml.error.YAMLException: java.io.IOException: No space left on device
	at org.yaml.snakeyaml.Yaml.dumpAll(Yaml.java:280)
	at org.yaml.snakeyaml.Yaml.dump(Yaml.java:256)
	at org.apache.hadoop.ozone.container.common.impl.ContainerDataYaml.createContainerFile(ContainerDataYaml.java:96)
	at org.apache.hadoop.ozone.container.keyvalue.KeyValueContainer.writeToContainerFile(KeyValueContainer.java:214)
	at org.apache.hadoop.ozone.container.keyvalue.KeyValueContainer.updateContainerFile(KeyValueContainer.java:248)
	at org.apache.hadoop.ozone.container.keyvalue.KeyValueContainer.updateContainerData(KeyValueContainer.java:358)
	at org.apache.hadoop.ozone.container.keyvalue.KeyValueContainer.markContainerForClose(KeyValueContainer.java:278)
	at org.apache.hadoop.ozone.container.keyvalue.KeyValueHandler.markContainerForClose(KeyValueHandler.java:947)
	at org.apache.hadoop.ozone.container.ozoneimpl.ContainerController.markContainerForClose(ContainerController.java:84)
	at org.apache.hadoop.ozone.container.common.statemachine.commandhandler.CloseContainerCommandHandler.handle(CloseContainerCommandHandler.java:91)
	at org.apache.hadoop.ozone.container.common.statemachine.commandhandler.CommandDispatcher.handle(CommandDispatcher.java:99)
	at org.apache.hadoop.ozone.container.common.statemachine.DatanodeStateMachine.lambda$initCommandHandlerThread$2(DatanodeStateMachine.java:498)
	at java.lang.Thread.run(Thread.java:748)
Caused by: java.io.IOException: No space left on device
	at java.io.FileOutputStream.writeBytes(Native Method)
	at java.io.FileOutputStream.write(FileOutputStream.java:326)
	at sun.nio.cs.StreamEncoder.writeBytes(StreamEncoder.java:221)
	at sun.nio.cs.StreamEncoder.implFlushBuffer(StreamEncoder.java:291)
	at sun.nio.cs.StreamEncoder.implFlush(StreamEncoder.java:295)
	at sun.nio.cs.StreamEncoder.flush(StreamEncoder.java:141)
	at java.io.OutputStreamWriter.flush(OutputStreamWriter.java:229)
	at org.yaml.snakeyaml.emitter.Emitter.flushStream(Emitter.java:1078)
	at org.yaml.snakeyaml.emitter.Emitter$ExpectDocumentEnd.expect(Emitter.java:368)
	at org.yaml.snakeyaml.emitter.Emitter.emit(Emitter.java:220)
	at org.yaml.snakeyaml.serializer.Serializer.serialize(Serializer.java:115)
	at org.yaml.snakeyaml.Yaml.dumpAll(Yaml.java:276)
	... 12 more
2021-01-29 15:27:49,836 [Command processor thread] ERROR statemachine.DatanodeStateMachine (DatanodeStateMachine.java:lambda$getCommandHandlerThread$3(526)) - Critical Error : Command processor thread encountered an error. Thread: Thread[Command processor thread,5,main]
org.yaml.snakeyaml.error.YAMLException: java.io.IOException: No space left on device
	at org.yaml.snakeyaml.Yaml.dumpAll(Yaml.java:280)
	at org.yaml.snakeyaml.Yaml.dump(Yaml.java:256)
	at org.apache.hadoop.ozone.container.common.impl.ContainerDataYaml.createContainerFile(ContainerDataYaml.java:96)
	at org.apache.hadoop.ozone.container.keyvalue.KeyValueContainer.writeToContainerFile(KeyValueContainer.java:214)
	at org.apache.hadoop.ozone.container.keyvalue.KeyValueContainer.updateContainerFile(KeyValueContainer.java:248)
	at org.apache.hadoop.ozone.container.keyvalue.KeyValueContainer.updateContainerData(KeyValueContainer.java:358)
	at org.apache.hadoop.ozone.container.keyvalue.KeyValueContainer.markContainerForClose(KeyValueContainer.java:278)
	at org.apache.hadoop.ozone.container.keyvalue.KeyValueHandler.markContainerForClose(KeyValueHandler.java:947)
	at org.apache.hadoop.ozone.container.ozoneimpl.ContainerController.markContainerForClose(ContainerController.java:84)
	at org.apache.hadoop.ozone.container.common.statemachine.commandhandler.CloseContainerCommandHandler.handle(CloseContainerCommandHandler.java:91)
	at org.apache.hadoop.ozone.container.common.statemachine.commandhandler.CommandDispatcher.handle(CommandDispatcher.java:99)
	at org.apache.hadoop.ozone.container.common.statemachine.DatanodeStateMachine.lambda$initCommandHandlerThread$2(DatanodeStateMachine.java:498)
	at java.lang.Thread.run(Thread.java:748)
Caused by: java.io.IOException: No space left on device
	at java.io.FileOutputStream.writeBytes(Native Method)
	at java.io.FileOutputStream.write(FileOutputStream.java:326)
	at sun.nio.cs.StreamEncoder.writeBytes(StreamEncoder.java:221)
	at sun.nio.cs.StreamEncoder.implFlushBuffer(StreamEncoder.java:291)
	at sun.nio.cs.StreamEncoder.implFlush(StreamEncoder.java:295)
	at sun.nio.cs.StreamEncoder.flush(StreamEncoder.java:141)
	at java.io.OutputStreamWriter.flush(OutputStreamWriter.java:229)
	at org.yaml.snakeyaml.emitter.Emitter.flushStream(Emitter.java:1078)
	at org.yaml.snakeyaml.emitter.Emitter$ExpectDocumentEnd.expect(Emitter.java:368)
	at org.yaml.snakeyaml.emitter.Emitter.emit(Emitter.java:220)
	at org.yaml.snakeyaml.serializer.Serializer.serialize(Serializer.java:115)
	at org.yaml.snakeyaml.Yaml.dumpAll(Yaml.java:276)
	... 12 more
2021-01-29 15:27:49,836 [Command processor thread] ERROR commandhandler.CloseContainerCommandHandler (CloseContainerCommandHandler.java:handle(85)) - Container #16 does not exist in datanode. Container close failed.
2021-01-29 15:27:50,666 [Command processor thread] WARN  server.RaftServer (RaftServerProxy.java:remove(101)) - 093cbee5-fb37-48c5-a334-037ab050c5a4: does not contain group: group-82FE8DDC79AF
2021-01-29 15:27:50,666 [Command processor thread] ERROR commandhandler.ClosePipelineCommandHandler (ClosePipelineCommandHandler.java:handle(78)) - Can't close pipeline PipelineID=ada21374-47fd-4d92-9ee3-82fe8ddc79af
java.io.IOException: 093cbee5-fb37-48c5-a334-037ab050c5a4: Group group-82FE8DDC79AF not found.
	at org.apache.hadoop.ozone.container.common.transport.server.ratis.XceiverServerRatis.removeGroup(XceiverServerRatis.java:788)
	at org.apache.hadoop.ozone.container.common.statemachine.commandhandler.ClosePipelineCommandHandler.handle(ClosePipelineCommandHandler.java:74)
	at org.apache.hadoop.ozone.container.common.statemachine.commandhandler.CommandDispatcher.handle(CommandDispatcher.java:99)
	at org.apache.hadoop.ozone.container.common.statemachine.DatanodeStateMachine.lambda$initCommandHandlerThread$2(DatanodeStateMachine.java:498)
	at java.lang.Thread.run(Thread.java:748)
Caused by: org.apache.ratis.protocol.exceptions.GroupMismatchException: 093cbee5-fb37-48c5-a334-037ab050c5a4: Group group-82FE8DDC79AF not found.
	at org.apache.ratis.server.impl.RaftServerProxy.groupRemoveAsync(RaftServerProxy.java:504)
	at org.apache.ratis.server.impl.RaftServerProxy.groupManagementAsync(RaftServerProxy.java:460)
	at org.apache.ratis.server.impl.RaftServerProxy.groupManagement(RaftServerProxy.java:440)
	at org.apache.hadoop.ozone.container.common.transport.server.ratis.XceiverServerRatis.removeGroup(XceiverServerRatis.java:786)
	... 4 more
2021-01-29 15:27:50,666 [Command processor thread] WARN  server.RaftServer (RaftServerProxy.java:remove(101)) - 093cbee5-fb37-48c5-a334-037ab050c5a4: does not contain group: group-82FE8DDC79AF
2021-01-29 15:27:50,666 [Command processor thread] ERROR commandhandler.ClosePipelineCommandHandler (ClosePipelineCommandHandler.java:handle(78)) - Can't close pipeline PipelineID=ada21374-47fd-4d92-9ee3-82fe8ddc79af
java.io.IOException: 093cbee5-fb37-48c5-a334-037ab050c5a4: Group group-82FE8DDC79AF not found.
	at org.apache.hadoop.ozone.container.common.transport.server.ratis.XceiverServerRatis.removeGroup(XceiverServerRatis.java:788)
	at org.apache.hadoop.ozone.container.common.statemachine.commandhandler.ClosePipelineCommandHandler.handle(ClosePipelineCommandHandler.java:74)
	at org.apache.hadoop.ozone.container.common.statemachine.commandhandler.CommandDispatcher.handle(CommandDispatcher.java:99)
	at org.apache.hadoop.ozone.container.common.statemachine.DatanodeStateMachine.lambda$initCommandHandlerThread$2(DatanodeStateMachine.java:498)
	at java.lang.Thread.run(Thread.java:748)
Caused by: org.apache.ratis.protocol.exceptions.GroupMismatchException: 093cbee5-fb37-48c5-a334-037ab050c5a4: Group group-82FE8DDC79AF not found.
	at org.apache.ratis.server.impl.RaftServerProxy.groupRemoveAsync(RaftServerProxy.java:504)
	at org.apache.ratis.server.impl.RaftServerProxy.groupManagementAsync(RaftServerProxy.java:460)
	at org.apache.ratis.server.impl.RaftServerProxy.groupManagement(RaftServerProxy.java:440)
	at org.apache.hadoop.ozone.container.common.transport.server.ratis.XceiverServerRatis.removeGroup(XceiverServerRatis.java:786)
	... 4 more
2021-01-29 15:27:50,691 [Command processor thread] WARN  server.RaftServer (RaftServerProxy.java:remove(101)) - 917eb864-1739-4fd5-ac14-ff1ecb8c1d24: does not contain group: group-82FE8DDC79AF
2021-01-29 15:27:50,691 [Command processor thread] ERROR commandhandler.ClosePipelineCommandHandler (ClosePipelineCommandHandler.java:handle(78)) - Can't close pipeline PipelineID=ada21374-47fd-4d92-9ee3-82fe8ddc79af
java.io.IOException: 917eb864-1739-4fd5-ac14-ff1ecb8c1d24: Group group-82FE8DDC79AF not found.
	at org.apache.hadoop.ozone.container.common.transport.server.ratis.XceiverServerRatis.removeGroup(XceiverServerRatis.java:788)
	at org.apache.hadoop.ozone.container.common.statemachine.commandhandler.ClosePipelineCommandHandler.handle(ClosePipelineCommandHandler.java:74)
	at org.apache.hadoop.ozone.container.common.statemachine.commandhandler.CommandDispatcher.handle(CommandDispatcher.java:99)
	at org.apache.hadoop.ozone.container.common.statemachine.DatanodeStateMachine.lambda$initCommandHandlerThread$2(DatanodeStateMachine.java:498)
	at java.lang.Thread.run(Thread.java:748)
Caused by: org.apache.ratis.protocol.exceptions.GroupMismatchException: 917eb864-1739-4fd5-ac14-ff1ecb8c1d24: Group group-82FE8DDC79AF not found.
	at org.apache.ratis.server.impl.RaftServerProxy.groupRemoveAsync(RaftServerProxy.java:504)
	at org.apache.ratis.server.impl.RaftServerProxy.groupManagementAsync(RaftServerProxy.java:460)
	at org.apache.ratis.server.impl.RaftServerProxy.groupManagement(RaftServerProxy.java:440)
	at org.apache.hadoop.ozone.container.common.transport.server.ratis.XceiverServerRatis.removeGroup(XceiverServerRatis.java:786)
	... 4 more
2021-01-29 15:27:50,691 [Command processor thread] WARN  server.RaftServer (RaftServerProxy.java:remove(101)) - 917eb864-1739-4fd5-ac14-ff1ecb8c1d24: does not contain group: group-82FE8DDC79AF
2021-01-29 15:27:50,691 [Command processor thread] ERROR commandhandler.ClosePipelineCommandHandler (ClosePipelineCommandHandler.java:handle(78)) - Can't close pipeline PipelineID=ada21374-47fd-4d92-9ee3-82fe8ddc79af
java.io.IOException: 917eb864-1739-4fd5-ac14-ff1ecb8c1d24: Group group-82FE8DDC79AF not found.
	at org.apache.hadoop.ozone.container.common.transport.server.ratis.XceiverServerRatis.removeGroup(XceiverServerRatis.java:788)
	at org.apache.hadoop.ozone.container.common.statemachine.commandhandler.ClosePipelineCommandHandler.handle(ClosePipelineCommandHandler.java:74)
	at org.apache.hadoop.ozone.container.common.statemachine.commandhandler.CommandDispatcher.handle(CommandDispatcher.java:99)
	at org.apache.hadoop.ozone.container.common.statemachine.DatanodeStateMachine.lambda$initCommandHandlerThread$2(DatanodeStateMachine.java:498)
	at java.lang.Thread.run(Thread.java:748)
Caused by: org.apache.ratis.protocol.exceptions.GroupMismatchException: 917eb864-1739-4fd5-ac14-ff1ecb8c1d24: Group group-82FE8DDC79AF not found.
	at org.apache.ratis.server.impl.RaftServerProxy.groupRemoveAsync(RaftServerProxy.java:504)
	at org.apache.ratis.server.impl.RaftServerProxy.groupManagementAsync(RaftServerProxy.java:460)
	at org.apache.ratis.server.impl.RaftServerProxy.groupManagement(RaftServerProxy.java:440)
	at org.apache.hadoop.ozone.container.common.transport.server.ratis.XceiverServerRatis.removeGroup(XceiverServerRatis.java:786)
	... 4 more
2021-01-29 15:27:51,679 [Command processor thread] WARN  server.RaftServer (RaftServerProxy.java:remove(101)) - d5d7cc10-80c6-421e-a2cb-6e4e9e0bf9f8: does not contain group: group-82FE8DDC79AF
2021-01-29 15:27:51,680 [Command processor thread] ERROR commandhandler.ClosePipelineCommandHandler (ClosePipelineCommandHandler.java:handle(78)) - Can't close pipeline PipelineID=ada21374-47fd-4d92-9ee3-82fe8ddc79af
java.io.IOException: d5d7cc10-80c6-421e-a2cb-6e4e9e0bf9f8: Group group-82FE8DDC79AF not found.
	at org.apache.hadoop.ozone.container.common.transport.server.ratis.XceiverServerRatis.removeGroup(XceiverServerRatis.java:788)
	at org.apache.hadoop.ozone.container.common.statemachine.commandhandler.ClosePipelineCommandHandler.handle(ClosePipelineCommandHandler.java:74)
	at org.apache.hadoop.ozone.container.common.statemachine.commandhandler.CommandDispatcher.handle(CommandDispatcher.java:99)
	at org.apache.hadoop.ozone.container.common.statemachine.DatanodeStateMachine.lambda$initCommandHandlerThread$2(DatanodeStateMachine.java:498)
	at java.lang.Thread.run(Thread.java:748)
Caused by: org.apache.ratis.protocol.exceptions.GroupMismatchException: d5d7cc10-80c6-421e-a2cb-6e4e9e0bf9f8: Group group-82FE8DDC79AF not found.
	at org.apache.ratis.server.impl.RaftServerProxy.groupRemoveAsync(RaftServerProxy.java:504)
	at org.apache.ratis.server.impl.RaftServerProxy.groupManagementAsync(RaftServerProxy.java:460)
	at org.apache.ratis.server.impl.RaftServerProxy.groupManagement(RaftServerProxy.java:440)
	at org.apache.hadoop.ozone.container.common.transport.server.ratis.XceiverServerRatis.removeGroup(XceiverServerRatis.java:786)
	... 4 more
2021-01-29 15:27:51,681 [Command processor thread] WARN  server.RaftServer (RaftServerProxy.java:remove(101)) - d5d7cc10-80c6-421e-a2cb-6e4e9e0bf9f8: does not contain group: group-82FE8DDC79AF
2021-01-29 15:27:51,681 [Command processor thread] ERROR commandhandler.ClosePipelineCommandHandler (ClosePipelineCommandHandler.java:handle(78)) - Can't close pipeline PipelineID=ada21374-47fd-4d92-9ee3-82fe8ddc79af
java.io.IOException: d5d7cc10-80c6-421e-a2cb-6e4e9e0bf9f8: Group group-82FE8DDC79AF not found.
	at org.apache.hadoop.ozone.container.common.transport.server.ratis.XceiverServerRatis.removeGroup(XceiverServerRatis.java:788)
	at org.apache.hadoop.ozone.container.common.statemachine.commandhandler.ClosePipelineCommandHandler.handle(ClosePipelineCommandHandler.java:74)
	at org.apache.hadoop.ozone.container.common.statemachine.commandhandler.CommandDispatcher.handle(CommandDispatcher.java:99)
	at org.apache.hadoop.ozone.container.common.statemachine.DatanodeStateMachine.lambda$initCommandHandlerThread$2(DatanodeStateMachine.java:498)
	at java.lang.Thread.run(Thread.java:748)
Caused by: org.apache.ratis.protocol.exceptions.GroupMismatchException: d5d7cc10-80c6-421e-a2cb-6e4e9e0bf9f8: Group group-82FE8DDC79AF not found.
	at org.apache.ratis.server.impl.RaftServerProxy.groupRemoveAsync(RaftServerProxy.java:504)
	at org.apache.ratis.server.impl.RaftServerProxy.groupManagementAsync(RaftServerProxy.java:460)
	at org.apache.ratis.server.impl.RaftServerProxy.groupManagement(RaftServerProxy.java:440)
	at org.apache.hadoop.ozone.container.common.transport.server.ratis.XceiverServerRatis.removeGroup(XceiverServerRatis.java:786)
	... 4 more
2021-01-29 15:27:51,681 [Command processor thread] WARN  server.RaftServer (RaftServerProxy.java:remove(101)) - d5d7cc10-80c6-421e-a2cb-6e4e9e0bf9f8: does not contain group: group-82FE8DDC79AF
2021-01-29 15:27:51,682 [Command processor thread] ERROR commandhandler.ClosePipelineCommandHandler (ClosePipelineCommandHandler.java:handle(78)) - Can't close pipeline PipelineID=ada21374-47fd-4d92-9ee3-82fe8ddc79af
java.io.IOException: d5d7cc10-80c6-421e-a2cb-6e4e9e0bf9f8: Group group-82FE8DDC79AF not found.
	at org.apache.hadoop.ozone.container.common.transport.server.ratis.XceiverServerRatis.removeGroup(XceiverServerRatis.java:788)
	at org.apache.hadoop.ozone.container.common.statemachine.commandhandler.ClosePipelineCommandHandler.handle(ClosePipelineCommandHandler.java:74)
	at org.apache.hadoop.ozone.container.common.statemachine.commandhandler.CommandDispatcher.handle(CommandDispatcher.java:99)
	at org.apache.hadoop.ozone.container.common.statemachine.DatanodeStateMachine.lambda$initCommandHandlerThread$2(DatanodeStateMachine.java:498)
	at java.lang.Thread.run(Thread.java:748)
Caused by: org.apache.ratis.protocol.exceptions.GroupMismatchException: d5d7cc10-80c6-421e-a2cb-6e4e9e0bf9f8: Group group-82FE8DDC79AF not found.
	at org.apache.ratis.server.impl.RaftServerProxy.groupRemoveAsync(RaftServerProxy.java:504)
	at org.apache.ratis.server.impl.RaftServerProxy.groupManagementAsync(RaftServerProxy.java:460)
	at org.apache.ratis.server.impl.RaftServerProxy.groupManagement(RaftServerProxy.java:440)
	at org.apache.hadoop.ozone.container.common.transport.server.ratis.XceiverServerRatis.removeGroup(XceiverServerRatis.java:786)
	... 4 more
2021-01-29 15:27:52,666 [Command processor thread] WARN  server.RaftServer (RaftServerProxy.java:remove(101)) - 093cbee5-fb37-48c5-a334-037ab050c5a4: does not contain group: group-82FE8DDC79AF
2021-01-29 15:27:52,666 [Command processor thread] ERROR commandhandler.ClosePipelineCommandHandler (ClosePipelineCommandHandler.java:handle(78)) - Can't close pipeline PipelineID=ada21374-47fd-4d92-9ee3-82fe8ddc79af
java.io.IOException: 093cbee5-fb37-48c5-a334-037ab050c5a4: Group group-82FE8DDC79AF not found.
	at org.apache.hadoop.ozone.container.common.transport.server.ratis.XceiverServerRatis.removeGroup(XceiverServerRatis.java:788)
	at org.apache.hadoop.ozone.container.common.statemachine.commandhandler.ClosePipelineCommandHandler.handle(ClosePipelineCommandHandler.java:74)
	at org.apache.hadoop.ozone.container.common.statemachine.commandhandler.CommandDispatcher.handle(CommandDispatcher.java:99)
	at org.apache.hadoop.ozone.container.common.statemachine.DatanodeStateMachine.lambda$initCommandHandlerThread$2(DatanodeStateMachine.java:498)
	at java.lang.Thread.run(Thread.java:748)
Caused by: org.apache.ratis.protocol.exceptions.GroupMismatchException: 093cbee5-fb37-48c5-a334-037ab050c5a4: Group group-82FE8DDC79AF not found.
	at org.apache.ratis.server.impl.RaftServerProxy.groupRemoveAsync(RaftServerProxy.java:504)
	at org.apache.ratis.server.impl.RaftServerProxy.groupManagementAsync(RaftServerProxy.java:460)
	at org.apache.ratis.server.impl.RaftServerProxy.groupManagement(RaftServerProxy.java:440)
	at org.apache.hadoop.ozone.container.common.transport.server.ratis.XceiverServerRatis.removeGroup(XceiverServerRatis.java:786)
	... 4 more
2021-01-29 15:27:52,666 [Command processor thread] WARN  server.RaftServer (RaftServerProxy.java:remove(101)) - 093cbee5-fb37-48c5-a334-037ab050c5a4: does not contain group: group-82FE8DDC79AF
2021-01-29 15:27:52,666 [Command processor thread] ERROR commandhandler.ClosePipelineCommandHandler (ClosePipelineCommandHandler.java:handle(78)) - Can't close pipeline PipelineID=ada21374-47fd-4d92-9ee3-82fe8ddc79af
java.io.IOException: 093cbee5-fb37-48c5-a334-037ab050c5a4: Group group-82FE8DDC79AF not found.
	at org.apache.hadoop.ozone.container.common.transport.server.ratis.XceiverServerRatis.removeGroup(XceiverServerRatis.java:788)
	at org.apache.hadoop.ozone.container.common.statemachine.commandhandler.ClosePipelineCommandHandler.handle(ClosePipelineCommandHandler.java:74)
	at org.apache.hadoop.ozone.container.common.statemachine.commandhandler.CommandDispatcher.handle(CommandDispatcher.java:99)
	at org.apache.hadoop.ozone.container.common.statemachine.DatanodeStateMachine.lambda$initCommandHandlerThread$2(DatanodeStateMachine.java:498)
	at java.lang.Thread.run(Thread.java:748)
Caused by: org.apache.ratis.protocol.exceptions.GroupMismatchException: 093cbee5-fb37-48c5-a334-037ab050c5a4: Group group-82FE8DDC79AF not found.
	at org.apache.ratis.server.impl.RaftServerProxy.groupRemoveAsync(RaftServerProxy.java:504)
	at org.apache.ratis.server.impl.RaftServerProxy.groupManagementAsync(RaftServerProxy.java:460)
	at org.apache.ratis.server.impl.RaftServerProxy.groupManagement(RaftServerProxy.java:440)
	at org.apache.hadoop.ozone.container.common.transport.server.ratis.XceiverServerRatis.removeGroup(XceiverServerRatis.java:786)
	... 4 more
2021-01-29 15:27:52,692 [Command processor thread] WARN  server.RaftServer (RaftServerProxy.java:remove(101)) - 917eb864-1739-4fd5-ac14-ff1ecb8c1d24: does not contain group: group-82FE8DDC79AF
2021-01-29 15:27:52,693 [Command processor thread] ERROR commandhandler.ClosePipelineCommandHandler (ClosePipelineCommandHandler.java:handle(78)) - Can't close pipeline PipelineID=ada21374-47fd-4d92-9ee3-82fe8ddc79af
java.io.IOException: 917eb864-1739-4fd5-ac14-ff1ecb8c1d24: Group group-82FE8DDC79AF not found.
	at org.apache.hadoop.ozone.container.common.transport.server.ratis.XceiverServerRatis.removeGroup(XceiverServerRatis.java:788)
	at org.apache.hadoop.ozone.container.common.statemachine.commandhandler.ClosePipelineCommandHandler.handle(ClosePipelineCommandHandler.java:74)
	at org.apache.hadoop.ozone.container.common.statemachine.commandhandler.CommandDispatcher.handle(CommandDispatcher.java:99)
	at org.apache.hadoop.ozone.container.common.statemachine.DatanodeStateMachine.lambda$initCommandHandlerThread$2(DatanodeStateMachine.java:498)
	at java.lang.Thread.run(Thread.java:748)
Caused by: org.apache.ratis.protocol.exceptions.GroupMismatchException: 917eb864-1739-4fd5-ac14-ff1ecb8c1d24: Group group-82FE8DDC79AF not found.
	at org.apache.ratis.server.impl.RaftServerProxy.groupRemoveAsync(RaftServerProxy.java:504)
	at org.apache.ratis.server.impl.RaftServerProxy.groupManagementAsync(RaftServerProxy.java:460)
	at org.apache.ratis.server.impl.RaftServerProxy.groupManagement(RaftServerProxy.java:440)
	at org.apache.hadoop.ozone.container.common.transport.server.ratis.XceiverServerRatis.removeGroup(XceiverServerRatis.java:786)
	... 4 more
2021-01-29 15:27:52,693 [Command processor thread] WARN  server.RaftServer (RaftServerProxy.java:remove(101)) - 917eb864-1739-4fd5-ac14-ff1ecb8c1d24: does not contain group: group-82FE8DDC79AF
2021-01-29 15:27:52,693 [Command processor thread] ERROR commandhandler.ClosePipelineCommandHandler (ClosePipelineCommandHandler.java:handle(78)) - Can't close pipeline PipelineID=ada21374-47fd-4d92-9ee3-82fe8ddc79af
java.io.IOException: 917eb864-1739-4fd5-ac14-ff1ecb8c1d24: Group group-82FE8DDC79AF not found.
	at org.apache.hadoop.ozone.container.common.transport.server.ratis.XceiverServerRatis.removeGroup(XceiverServerRatis.java:788)
	at org.apache.hadoop.ozone.container.common.statemachine.commandhandler.ClosePipelineCommandHandler.handle(ClosePipelineCommandHandler.java:74)
	at org.apache.hadoop.ozone.container.common.statemachine.commandhandler.CommandDispatcher.handle(CommandDispatcher.java:99)
	at org.apache.hadoop.ozone.container.common.statemachine.DatanodeStateMachine.lambda$initCommandHandlerThread$2(DatanodeStateMachine.java:498)
	at java.lang.Thread.run(Thread.java:748)
Caused by: org.apache.ratis.protocol.exceptions.GroupMismatchException: 917eb864-1739-4fd5-ac14-ff1ecb8c1d24: Group group-82FE8DDC79AF not found.
	at org.apache.ratis.server.impl.RaftServerProxy.groupRemoveAsync(RaftServerProxy.java:504)
	at org.apache.ratis.server.impl.RaftServerProxy.groupManagementAsync(RaftServerProxy.java:460)
	at org.apache.ratis.server.impl.RaftServerProxy.groupManagement(RaftServerProxy.java:440)
	at org.apache.hadoop.ozone.container.common.transport.server.ratis.XceiverServerRatis.removeGroup(XceiverServerRatis.java:786)
	... 4 more
2021-01-29 15:27:53,679 [Command processor thread] WARN  server.RaftServer (RaftServerProxy.java:remove(101)) - d5d7cc10-80c6-421e-a2cb-6e4e9e0bf9f8: does not contain group: group-82FE8DDC79AF
2021-01-29 15:27:53,680 [Command processor thread] ERROR commandhandler.ClosePipelineCommandHandler (ClosePipelineCommandHandler.java:handle(78)) - Can't close pipeline PipelineID=ada21374-47fd-4d92-9ee3-82fe8ddc79af
java.io.IOException: d5d7cc10-80c6-421e-a2cb-6e4e9e0bf9f8: Group group-82FE8DDC79AF not found.
	at org.apache.hadoop.ozone.container.common.transport.server.ratis.XceiverServerRatis.removeGroup(XceiverServerRatis.java:788)
	at org.apache.hadoop.ozone.container.common.statemachine.commandhandler.ClosePipelineCommandHandler.handle(ClosePipelineCommandHandler.java:74)
	at org.apache.hadoop.ozone.container.common.statemachine.commandhandler.CommandDispatcher.handle(CommandDispatcher.java:99)
	at org.apache.hadoop.ozone.container.common.statemachine.DatanodeStateMachine.lambda$initCommandHandlerThread$2(DatanodeStateMachine.java:498)
	at java.lang.Thread.run(Thread.java:748)
Caused by: org.apache.ratis.protocol.exceptions.GroupMismatchException: d5d7cc10-80c6-421e-a2cb-6e4e9e0bf9f8: Group group-82FE8DDC79AF not found.
	at org.apache.ratis.server.impl.RaftServerProxy.groupRemoveAsync(RaftServerProxy.java:504)
	at org.apache.ratis.server.impl.RaftServerProxy.groupManagementAsync(RaftServerProxy.java:460)
	at org.apache.ratis.server.impl.RaftServerProxy.groupManagement(RaftServerProxy.java:440)
	at org.apache.hadoop.ozone.container.common.transport.server.ratis.XceiverServerRatis.removeGroup(XceiverServerRatis.java:786)
	... 4 more
2021-01-29 15:27:53,680 [Command processor thread] WARN  server.RaftServer (RaftServerProxy.java:remove(101)) - d5d7cc10-80c6-421e-a2cb-6e4e9e0bf9f8: does not contain group: group-82FE8DDC79AF
2021-01-29 15:27:53,680 [Command processor thread] ERROR commandhandler.ClosePipelineCommandHandler (ClosePipelineCommandHandler.java:handle(78)) - Can't close pipeline PipelineID=ada21374-47fd-4d92-9ee3-82fe8ddc79af
java.io.IOException: d5d7cc10-80c6-421e-a2cb-6e4e9e0bf9f8: Group group-82FE8DDC79AF not found.
	at org.apache.hadoop.ozone.container.common.transport.server.ratis.XceiverServerRatis.removeGroup(XceiverServerRatis.java:788)
	at org.apache.hadoop.ozone.container.common.statemachine.commandhandler.ClosePipelineCommandHandler.handle(ClosePipelineCommandHandler.java:74)
	at org.apache.hadoop.ozone.container.common.statemachine.commandhandler.CommandDispatcher.handle(CommandDispatcher.java:99)
	at org.apache.hadoop.ozone.container.common.statemachine.DatanodeStateMachine.lambda$initCommandHandlerThread$2(DatanodeStateMachine.java:498)
	at java.lang.Thread.run(Thread.java:748)
Caused by: org.apache.ratis.protocol.exceptions.GroupMismatchException: d5d7cc10-80c6-421e-a2cb-6e4e9e0bf9f8: Group group-82FE8DDC79AF not found.
	at org.apache.ratis.server.impl.RaftServerProxy.groupRemoveAsync(RaftServerProxy.java:504)
	at org.apache.ratis.server.impl.RaftServerProxy.groupManagementAsync(RaftServerProxy.java:460)
	at org.apache.ratis.server.impl.RaftServerProxy.groupManagement(RaftServerProxy.java:440)
	at org.apache.hadoop.ozone.container.common.transport.server.ratis.XceiverServerRatis.removeGroup(XceiverServerRatis.java:786)
	... 4 more
2021-01-29 15:27:54,667 [Command processor thread] WARN  server.RaftServer (RaftServerProxy.java:remove(101)) - 093cbee5-fb37-48c5-a334-037ab050c5a4: does not contain group: group-82FE8DDC79AF
2021-01-29 15:27:54,667 [Command processor thread] ERROR commandhandler.ClosePipelineCommandHandler (ClosePipelineCommandHandler.java:handle(78)) - Can't close pipeline PipelineID=ada21374-47fd-4d92-9ee3-82fe8ddc79af
java.io.IOException: 093cbee5-fb37-48c5-a334-037ab050c5a4: Group group-82FE8DDC79AF not found.
	at org.apache.hadoop.ozone.container.common.transport.server.ratis.XceiverServerRatis.removeGroup(XceiverServerRatis.java:788)
	at org.apache.hadoop.ozone.container.common.statemachine.commandhandler.ClosePipelineCommandHandler.handle(ClosePipelineCommandHandler.java:74)
	at org.apache.hadoop.ozone.container.common.statemachine.commandhandler.CommandDispatcher.handle(CommandDispatcher.java:99)
	at org.apache.hadoop.ozone.container.common.statemachine.DatanodeStateMachine.lambda$initCommandHandlerThread$2(DatanodeStateMachine.java:498)
	at java.lang.Thread.run(Thread.java:748)
Caused by: org.apache.ratis.protocol.exceptions.GroupMismatchException: 093cbee5-fb37-48c5-a334-037ab050c5a4: Group group-82FE8DDC79AF not found.
	at org.apache.ratis.server.impl.RaftServerProxy.groupRemoveAsync(RaftServerProxy.java:504)
	at org.apache.ratis.server.impl.RaftServerProxy.groupManagementAsync(RaftServerProxy.java:460)
	at org.apache.ratis.server.impl.RaftServerProxy.groupManagement(RaftServerProxy.java:440)
	at org.apache.hadoop.ozone.container.common.transport.server.ratis.XceiverServerRatis.removeGroup(XceiverServerRatis.java:786)
	... 4 more
2021-01-29 15:27:54,667 [Command processor thread] WARN  server.RaftServer (RaftServerProxy.java:remove(101)) - 093cbee5-fb37-48c5-a334-037ab050c5a4: does not contain group: group-82FE8DDC79AF
2021-01-29 15:27:54,667 [Command processor thread] ERROR commandhandler.ClosePipelineCommandHandler (ClosePipelineCommandHandler.java:handle(78)) - Can't close pipeline PipelineID=ada21374-47fd-4d92-9ee3-82fe8ddc79af
java.io.IOException: 093cbee5-fb37-48c5-a334-037ab050c5a4: Group group-82FE8DDC79AF not found.
	at org.apache.hadoop.ozone.container.common.transport.server.ratis.XceiverServerRatis.removeGroup(XceiverServerRatis.java:788)
	at org.apache.hadoop.ozone.container.common.statemachine.commandhandler.ClosePipelineCommandHandler.handle(ClosePipelineCommandHandler.java:74)
	at org.apache.hadoop.ozone.container.common.statemachine.commandhandler.CommandDispatcher.handle(CommandDispatcher.java:99)
	at org.apache.hadoop.ozone.container.common.statemachine.DatanodeStateMachine.lambda$initCommandHandlerThread$2(DatanodeStateMachine.java:498)
	at java.lang.Thread.run(Thread.java:748)
Caused by: org.apache.ratis.protocol.exceptions.GroupMismatchException: 093cbee5-fb37-48c5-a334-037ab050c5a4: Group group-82FE8DDC79AF not found.
	at org.apache.ratis.server.impl.RaftServerProxy.groupRemoveAsync(RaftServerProxy.java:504)
	at org.apache.ratis.server.impl.RaftServerProxy.groupManagementAsync(RaftServerProxy.java:460)
	at org.apache.ratis.server.impl.RaftServerProxy.groupManagement(RaftServerProxy.java:440)
	at org.apache.hadoop.ozone.container.common.transport.server.ratis.XceiverServerRatis.removeGroup(XceiverServerRatis.java:786)
	... 4 more
2021-01-29 15:27:54,693 [Command processor thread] WARN  server.RaftServer (RaftServerProxy.java:remove(101)) - 917eb864-1739-4fd5-ac14-ff1ecb8c1d24: does not contain group: group-82FE8DDC79AF
2021-01-29 15:27:54,693 [Command processor thread] ERROR commandhandler.ClosePipelineCommandHandler (ClosePipelineCommandHandler.java:handle(78)) - Can't close pipeline PipelineID=ada21374-47fd-4d92-9ee3-82fe8ddc79af
java.io.IOException: 917eb864-1739-4fd5-ac14-ff1ecb8c1d24: Group group-82FE8DDC79AF not found.
	at org.apache.hadoop.ozone.container.common.transport.server.ratis.XceiverServerRatis.removeGroup(XceiverServerRatis.java:788)
	at org.apache.hadoop.ozone.container.common.statemachine.commandhandler.ClosePipelineCommandHandler.handle(ClosePipelineCommandHandler.java:74)
	at org.apache.hadoop.ozone.container.common.statemachine.commandhandler.CommandDispatcher.handle(CommandDispatcher.java:99)
	at org.apache.hadoop.ozone.container.common.statemachine.DatanodeStateMachine.lambda$initCommandHandlerThread$2(DatanodeStateMachine.java:498)
	at java.lang.Thread.run(Thread.java:748)
Caused by: org.apache.ratis.protocol.exceptions.GroupMismatchException: 917eb864-1739-4fd5-ac14-ff1ecb8c1d24: Group group-82FE8DDC79AF not found.
	at org.apache.ratis.server.impl.RaftServerProxy.groupRemoveAsync(RaftServerProxy.java:504)
	at org.apache.ratis.server.impl.RaftServerProxy.groupManagementAsync(RaftServerProxy.java:460)
	at org.apache.ratis.server.impl.RaftServerProxy.groupManagement(RaftServerProxy.java:440)
	at org.apache.hadoop.ozone.container.common.transport.server.ratis.XceiverServerRatis.removeGroup(XceiverServerRatis.java:786)
	... 4 more
2021-01-29 15:27:54,694 [Command processor thread] WARN  server.RaftServer (RaftServerProxy.java:remove(101)) - 917eb864-1739-4fd5-ac14-ff1ecb8c1d24: does not contain group: group-82FE8DDC79AF
2021-01-29 15:27:54,694 [Command processor thread] ERROR commandhandler.ClosePipelineCommandHandler (ClosePipelineCommandHandler.java:handle(78)) - Can't close pipeline PipelineID=ada21374-47fd-4d92-9ee3-82fe8ddc79af
java.io.IOException: 917eb864-1739-4fd5-ac14-ff1ecb8c1d24: Group group-82FE8DDC79AF not found.
	at org.apache.hadoop.ozone.container.common.transport.server.ratis.XceiverServerRatis.removeGroup(XceiverServerRatis.java:788)
	at org.apache.hadoop.ozone.container.common.statemachine.commandhandler.ClosePipelineCommandHandler.handle(ClosePipelineCommandHandler.java:74)
	at org.apache.hadoop.ozone.container.common.statemachine.commandhandler.CommandDispatcher.handle(CommandDispatcher.java:99)
	at org.apache.hadoop.ozone.container.common.statemachine.DatanodeStateMachine.lambda$initCommandHandlerThread$2(DatanodeStateMachine.java:498)
	at java.lang.Thread.run(Thread.java:748)
Caused by: org.apache.ratis.protocol.exceptions.GroupMismatchException: 917eb864-1739-4fd5-ac14-ff1ecb8c1d24: Group group-82FE8DDC79AF not found.
	at org.apache.ratis.server.impl.RaftServerProxy.groupRemoveAsync(RaftServerProxy.java:504)
	at org.apache.ratis.server.impl.RaftServerProxy.groupManagementAsync(RaftServerProxy.java:460)
	at org.apache.ratis.server.impl.RaftServerProxy.groupManagement(RaftServerProxy.java:440)
	at org.apache.hadoop.ozone.container.common.transport.server.ratis.XceiverServerRatis.removeGroup(XceiverServerRatis.java:786)
	... 4 more
2021-01-29 15:27:55,679 [Command processor thread] WARN  server.RaftServer (RaftServerProxy.java:remove(101)) - d5d7cc10-80c6-421e-a2cb-6e4e9e0bf9f8: does not contain group: group-82FE8DDC79AF
2021-01-29 15:27:55,679 [Command processor thread] ERROR commandhandler.ClosePipelineCommandHandler (ClosePipelineCommandHandler.java:handle(78)) - Can't close pipeline PipelineID=ada21374-47fd-4d92-9ee3-82fe8ddc79af
java.io.IOException: d5d7cc10-80c6-421e-a2cb-6e4e9e0bf9f8: Group group-82FE8DDC79AF not found.
	at org.apache.hadoop.ozone.container.common.transport.server.ratis.XceiverServerRatis.removeGroup(XceiverServerRatis.java:788)
	at org.apache.hadoop.ozone.container.common.statemachine.commandhandler.ClosePipelineCommandHandler.handle(ClosePipelineCommandHandler.java:74)
	at org.apache.hadoop.ozone.container.common.statemachine.commandhandler.CommandDispatcher.handle(CommandDispatcher.java:99)
	at org.apache.hadoop.ozone.container.common.statemachine.DatanodeStateMachine.lambda$initCommandHandlerThread$2(DatanodeStateMachine.java:498)
	at java.lang.Thread.run(Thread.java:748)
Caused by: org.apache.ratis.protocol.exceptions.GroupMismatchException: d5d7cc10-80c6-421e-a2cb-6e4e9e0bf9f8: Group group-82FE8DDC79AF not found.
	at org.apache.ratis.server.impl.RaftServerProxy.groupRemoveAsync(RaftServerProxy.java:504)
	at org.apache.ratis.server.impl.RaftServerProxy.groupManagementAsync(RaftServerProxy.java:460)
	at org.apache.ratis.server.impl.RaftServerProxy.groupManagement(RaftServerProxy.java:440)
	at org.apache.hadoop.ozone.container.common.transport.server.ratis.XceiverServerRatis.removeGroup(XceiverServerRatis.java:786)
	... 4 more
2021-01-29 15:27:55,680 [Command processor thread] WARN  server.RaftServer (RaftServerProxy.java:remove(101)) - d5d7cc10-80c6-421e-a2cb-6e4e9e0bf9f8: does not contain group: group-82FE8DDC79AF
2021-01-29 15:27:55,680 [Command processor thread] ERROR commandhandler.ClosePipelineCommandHandler (ClosePipelineCommandHandler.java:handle(78)) - Can't close pipeline PipelineID=ada21374-47fd-4d92-9ee3-82fe8ddc79af
java.io.IOException: d5d7cc10-80c6-421e-a2cb-6e4e9e0bf9f8: Group group-82FE8DDC79AF not found.
	at org.apache.hadoop.ozone.container.common.transport.server.ratis.XceiverServerRatis.removeGroup(XceiverServerRatis.java:788)
	at org.apache.hadoop.ozone.container.common.statemachine.commandhandler.ClosePipelineCommandHandler.handle(ClosePipelineCommandHandler.java:74)
	at org.apache.hadoop.ozone.container.common.statemachine.commandhandler.CommandDispatcher.handle(CommandDispatcher.java:99)
	at org.apache.hadoop.ozone.container.common.statemachine.DatanodeStateMachine.lambda$initCommandHandlerThread$2(DatanodeStateMachine.java:498)
	at java.lang.Thread.run(Thread.java:748)
Caused by: org.apache.ratis.protocol.exceptions.GroupMismatchException: d5d7cc10-80c6-421e-a2cb-6e4e9e0bf9f8: Group group-82FE8DDC79AF not found.
	at org.apache.ratis.server.impl.RaftServerProxy.groupRemoveAsync(RaftServerProxy.java:504)
	at org.apache.ratis.server.impl.RaftServerProxy.groupManagementAsync(RaftServerProxy.java:460)
	at org.apache.ratis.server.impl.RaftServerProxy.groupManagement(RaftServerProxy.java:440)
	at org.apache.hadoop.ozone.container.common.transport.server.ratis.XceiverServerRatis.removeGroup(XceiverServerRatis.java:786)
	... 4 more
2021-01-29 15:27:56,667 [Command processor thread] WARN  server.RaftServer (RaftServerProxy.java:remove(101)) - 093cbee5-fb37-48c5-a334-037ab050c5a4: does not contain group: group-82FE8DDC79AF
2021-01-29 15:27:56,667 [Command processor thread] ERROR commandhandler.ClosePipelineCommandHandler (ClosePipelineCommandHandler.java:handle(78)) - Can't close pipeline PipelineID=ada21374-47fd-4d92-9ee3-82fe8ddc79af
java.io.IOException: 093cbee5-fb37-48c5-a334-037ab050c5a4: Group group-82FE8DDC79AF not found.
	at org.apache.hadoop.ozone.container.common.transport.server.ratis.XceiverServerRatis.removeGroup(XceiverServerRatis.java:788)
	at org.apache.hadoop.ozone.container.common.statemachine.commandhandler.ClosePipelineCommandHandler.handle(ClosePipelineCommandHandler.java:74)
	at org.apache.hadoop.ozone.container.common.statemachine.commandhandler.CommandDispatcher.handle(CommandDispatcher.java:99)
	at org.apache.hadoop.ozone.container.common.statemachine.DatanodeStateMachine.lambda$initCommandHandlerThread$2(DatanodeStateMachine.java:498)
	at java.lang.Thread.run(Thread.java:748)
Caused by: org.apache.ratis.protocol.exceptions.GroupMismatchException: 093cbee5-fb37-48c5-a334-037ab050c5a4: Group group-82FE8DDC79AF not found.
	at org.apache.ratis.server.impl.RaftServerProxy.groupRemoveAsync(RaftServerProxy.java:504)
	at org.apache.ratis.server.impl.RaftServerProxy.groupManagementAsync(RaftServerProxy.java:460)
	at org.apache.ratis.server.impl.RaftServerProxy.groupManagement(RaftServerProxy.java:440)
	at org.apache.hadoop.ozone.container.common.transport.server.ratis.XceiverServerRatis.removeGroup(XceiverServerRatis.java:786)
	... 4 more
2021-01-29 15:27:56,667 [Command processor thread] WARN  server.RaftServer (RaftServerProxy.java:remove(101)) - 093cbee5-fb37-48c5-a334-037ab050c5a4: does not contain group: group-82FE8DDC79AF
2021-01-29 15:27:56,667 [Command processor thread] ERROR commandhandler.ClosePipelineCommandHandler (ClosePipelineCommandHandler.java:handle(78)) - Can't close pipeline PipelineID=ada21374-47fd-4d92-9ee3-82fe8ddc79af
java.io.IOException: 093cbee5-fb37-48c5-a334-037ab050c5a4: Group group-82FE8DDC79AF not found.
	at org.apache.hadoop.ozone.container.common.transport.server.ratis.XceiverServerRatis.removeGroup(XceiverServerRatis.java:788)
	at org.apache.hadoop.ozone.container.common.statemachine.commandhandler.ClosePipelineCommandHandler.handle(ClosePipelineCommandHandler.java:74)
	at org.apache.hadoop.ozone.container.common.statemachine.commandhandler.CommandDispatcher.handle(CommandDispatcher.java:99)
	at org.apache.hadoop.ozone.container.common.statemachine.DatanodeStateMachine.lambda$initCommandHandlerThread$2(DatanodeStateMachine.java:498)
	at java.lang.Thread.run(Thread.java:748)
Caused by: org.apache.ratis.protocol.exceptions.GroupMismatchException: 093cbee5-fb37-48c5-a334-037ab050c5a4: Group group-82FE8DDC79AF not found.
	at org.apache.ratis.server.impl.RaftServerProxy.groupRemoveAsync(RaftServerProxy.java:504)
	at org.apache.ratis.server.impl.RaftServerProxy.groupManagementAsync(RaftServerProxy.java:460)
	at org.apache.ratis.server.impl.RaftServerProxy.groupManagement(RaftServerProxy.java:440)
	at org.apache.hadoop.ozone.container.common.transport.server.ratis.XceiverServerRatis.removeGroup(XceiverServerRatis.java:786)
	... 4 more
2021-01-29 15:27:56,693 [Command processor thread] WARN  server.RaftServer (RaftServerProxy.java:remove(101)) - 917eb864-1739-4fd5-ac14-ff1ecb8c1d24: does not contain group: group-82FE8DDC79AF
2021-01-29 15:27:56,693 [Command processor thread] ERROR commandhandler.ClosePipelineCommandHandler (ClosePipelineCommandHandler.java:handle(78)) - Can't close pipeline PipelineID=ada21374-47fd-4d92-9ee3-82fe8ddc79af
java.io.IOException: 917eb864-1739-4fd5-ac14-ff1ecb8c1d24: Group group-82FE8DDC79AF not found.
	at org.apache.hadoop.ozone.container.common.transport.server.ratis.XceiverServerRatis.removeGroup(XceiverServerRatis.java:788)
	at org.apache.hadoop.ozone.container.common.statemachine.commandhandler.ClosePipelineCommandHandler.handle(ClosePipelineCommandHandler.java:74)
	at org.apache.hadoop.ozone.container.common.statemachine.commandhandler.CommandDispatcher.handle(CommandDispatcher.java:99)
	at org.apache.hadoop.ozone.container.common.statemachine.DatanodeStateMachine.lambda$initCommandHandlerThread$2(DatanodeStateMachine.java:498)
	at java.lang.Thread.run(Thread.java:748)
Caused by: org.apache.ratis.protocol.exceptions.GroupMismatchException: 917eb864-1739-4fd5-ac14-ff1ecb8c1d24: Group group-82FE8DDC79AF not found.
	at org.apache.ratis.server.impl.RaftServerProxy.groupRemoveAsync(RaftServerProxy.java:504)
	at org.apache.ratis.server.impl.RaftServerProxy.groupManagementAsync(RaftServerProxy.java:460)
	at org.apache.ratis.server.impl.RaftServerProxy.groupManagement(RaftServerProxy.java:440)
	at org.apache.hadoop.ozone.container.common.transport.server.ratis.XceiverServerRatis.removeGroup(XceiverServerRatis.java:786)
	... 4 more
2021-01-29 15:27:56,693 [Command processor thread] WARN  server.RaftServer (RaftServerProxy.java:remove(101)) - 917eb864-1739-4fd5-ac14-ff1ecb8c1d24: does not contain group: group-82FE8DDC79AF
2021-01-29 15:27:56,693 [Command processor thread] ERROR commandhandler.ClosePipelineCommandHandler (ClosePipelineCommandHandler.java:handle(78)) - Can't close pipeline PipelineID=ada21374-47fd-4d92-9ee3-82fe8ddc79af
java.io.IOException: 917eb864-1739-4fd5-ac14-ff1ecb8c1d24: Group group-82FE8DDC79AF not found.
	at org.apache.hadoop.ozone.container.common.transport.server.ratis.XceiverServerRatis.removeGroup(XceiverServerRatis.java:788)
	at org.apache.hadoop.ozone.container.common.statemachine.commandhandler.ClosePipelineCommandHandler.handle(ClosePipelineCommandHandler.java:74)
	at org.apache.hadoop.ozone.container.common.statemachine.commandhandler.CommandDispatcher.handle(CommandDispatcher.java:99)
	at org.apache.hadoop.ozone.container.common.statemachine.DatanodeStateMachine.lambda$initCommandHandlerThread$2(DatanodeStateMachine.java:498)
	at java.lang.Thread.run(Thread.java:748)
Caused by: org.apache.ratis.protocol.exceptions.GroupMismatchException: 917eb864-1739-4fd5-ac14-ff1ecb8c1d24: Group group-82FE8DDC79AF not found.
	at org.apache.ratis.server.impl.RaftServerProxy.groupRemoveAsync(RaftServerProxy.java:504)
	at org.apache.ratis.server.impl.RaftServerProxy.groupManagementAsync(RaftServerProxy.java:460)
	at org.apache.ratis.server.impl.RaftServerProxy.groupManagement(RaftServerProxy.java:440)
	at org.apache.hadoop.ozone.container.common.transport.server.ratis.XceiverServerRatis.removeGroup(XceiverServerRatis.java:786)
	... 4 more
2021-01-29 15:27:57,679 [Command processor thread] WARN  server.RaftServer (RaftServerProxy.java:remove(101)) - d5d7cc10-80c6-421e-a2cb-6e4e9e0bf9f8: does not contain group: group-82FE8DDC79AF
2021-01-29 15:27:57,679 [Command processor thread] ERROR commandhandler.ClosePipelineCommandHandler (ClosePipelineCommandHandler.java:handle(78)) - Can't close pipeline PipelineID=ada21374-47fd-4d92-9ee3-82fe8ddc79af
java.io.IOException: d5d7cc10-80c6-421e-a2cb-6e4e9e0bf9f8: Group group-82FE8DDC79AF not found.
	at org.apache.hadoop.ozone.container.common.transport.server.ratis.XceiverServerRatis.removeGroup(XceiverServerRatis.java:788)
	at org.apache.hadoop.ozone.container.common.statemachine.commandhandler.ClosePipelineCommandHandler.handle(ClosePipelineCommandHandler.java:74)
	at org.apache.hadoop.ozone.container.common.statemachine.commandhandler.CommandDispatcher.handle(CommandDispatcher.java:99)
	at org.apache.hadoop.ozone.container.common.statemachine.DatanodeStateMachine.lambda$initCommandHandlerThread$2(DatanodeStateMachine.java:498)
	at java.lang.Thread.run(Thread.java:748)
Caused by: org.apache.ratis.protocol.exceptions.GroupMismatchException: d5d7cc10-80c6-421e-a2cb-6e4e9e0bf9f8: Group group-82FE8DDC79AF not found.
	at org.apache.ratis.server.impl.RaftServerProxy.groupRemoveAsync(RaftServerProxy.java:504)
	at org.apache.ratis.server.impl.RaftServerProxy.groupManagementAsync(RaftServerProxy.java:460)
	at org.apache.ratis.server.impl.RaftServerProxy.groupManagement(RaftServerProxy.java:440)
	at org.apache.hadoop.ozone.container.common.transport.server.ratis.XceiverServerRatis.removeGroup(XceiverServerRatis.java:786)
	... 4 more
2021-01-29 15:27:58,667 [Command processor thread] WARN  server.RaftServer (RaftServerProxy.java:remove(101)) - 093cbee5-fb37-48c5-a334-037ab050c5a4: does not contain group: group-82FE8DDC79AF
2021-01-29 15:27:58,667 [Command processor thread] ERROR commandhandler.ClosePipelineCommandHandler (ClosePipelineCommandHandler.java:handle(78)) - Can't close pipeline PipelineID=ada21374-47fd-4d92-9ee3-82fe8ddc79af
java.io.IOException: 093cbee5-fb37-48c5-a334-037ab050c5a4: Group group-82FE8DDC79AF not found.
	at org.apache.hadoop.ozone.container.common.transport.server.ratis.XceiverServerRatis.removeGroup(XceiverServerRatis.java:788)
	at org.apache.hadoop.ozone.container.common.statemachine.commandhandler.ClosePipelineCommandHandler.handle(ClosePipelineCommandHandler.java:74)
	at org.apache.hadoop.ozone.container.common.statemachine.commandhandler.CommandDispatcher.handle(CommandDispatcher.java:99)
	at org.apache.hadoop.ozone.container.common.statemachine.DatanodeStateMachine.lambda$initCommandHandlerThread$2(DatanodeStateMachine.java:498)
	at java.lang.Thread.run(Thread.java:748)
Caused by: org.apache.ratis.protocol.exceptions.GroupMismatchException: 093cbee5-fb37-48c5-a334-037ab050c5a4: Group group-82FE8DDC79AF not found.
	at org.apache.ratis.server.impl.RaftServerProxy.groupRemoveAsync(RaftServerProxy.java:504)
	at org.apache.ratis.server.impl.RaftServerProxy.groupManagementAsync(RaftServerProxy.java:460)
	at org.apache.ratis.server.impl.RaftServerProxy.groupManagement(RaftServerProxy.java:440)
	at org.apache.hadoop.ozone.container.common.transport.server.ratis.XceiverServerRatis.removeGroup(XceiverServerRatis.java:786)
	... 4 more
2021-01-29 15:27:58,667 [Command processor thread] WARN  server.RaftServer (RaftServerProxy.java:remove(101)) - 093cbee5-fb37-48c5-a334-037ab050c5a4: does not contain group: group-82FE8DDC79AF
2021-01-29 15:27:58,667 [Command processor thread] ERROR commandhandler.ClosePipelineCommandHandler (ClosePipelineCommandHandler.java:handle(78)) - Can't close pipeline PipelineID=ada21374-47fd-4d92-9ee3-82fe8ddc79af
java.io.IOException: 093cbee5-fb37-48c5-a334-037ab050c5a4: Group group-82FE8DDC79AF not found.
	at org.apache.hadoop.ozone.container.common.transport.server.ratis.XceiverServerRatis.removeGroup(XceiverServerRatis.java:788)
	at org.apache.hadoop.ozone.container.common.statemachine.commandhandler.ClosePipelineCommandHandler.handle(ClosePipelineCommandHandler.java:74)
	at org.apache.hadoop.ozone.container.common.statemachine.commandhandler.CommandDispatcher.handle(CommandDispatcher.java:99)
	at org.apache.hadoop.ozone.container.common.statemachine.DatanodeStateMachine.lambda$initCommandHandlerThread$2(DatanodeStateMachine.java:498)
	at java.lang.Thread.run(Thread.java:748)
Caused by: org.apache.ratis.protocol.exceptions.GroupMismatchException: 093cbee5-fb37-48c5-a334-037ab050c5a4: Group group-82FE8DDC79AF not found.
	at org.apache.ratis.server.impl.RaftServerProxy.groupRemoveAsync(RaftServerProxy.java:504)
	at org.apache.ratis.server.impl.RaftServerProxy.groupManagementAsync(RaftServerProxy.java:460)
	at org.apache.ratis.server.impl.RaftServerProxy.groupManagement(RaftServerProxy.java:440)
	at org.apache.hadoop.ozone.container.common.transport.server.ratis.XceiverServerRatis.removeGroup(XceiverServerRatis.java:786)
	... 4 more
2021-01-29 15:27:58,693 [Command processor thread] WARN  server.RaftServer (RaftServerProxy.java:remove(101)) - 917eb864-1739-4fd5-ac14-ff1ecb8c1d24: does not contain group: group-82FE8DDC79AF
2021-01-29 15:27:58,693 [Command processor thread] ERROR commandhandler.ClosePipelineCommandHandler (ClosePipelineCommandHandler.java:handle(78)) - Can't close pipeline PipelineID=ada21374-47fd-4d92-9ee3-82fe8ddc79af
java.io.IOException: 917eb864-1739-4fd5-ac14-ff1ecb8c1d24: Group group-82FE8DDC79AF not found.
	at org.apache.hadoop.ozone.container.common.transport.server.ratis.XceiverServerRatis.removeGroup(XceiverServerRatis.java:788)
	at org.apache.hadoop.ozone.container.common.statemachine.commandhandler.ClosePipelineCommandHandler.handle(ClosePipelineCommandHandler.java:74)
	at org.apache.hadoop.ozone.container.common.statemachine.commandhandler.CommandDispatcher.handle(CommandDispatcher.java:99)
	at org.apache.hadoop.ozone.container.common.statemachine.DatanodeStateMachine.lambda$initCommandHandlerThread$2(DatanodeStateMachine.java:498)
	at java.lang.Thread.run(Thread.java:748)
Caused by: org.apache.ratis.protocol.exceptions.GroupMismatchException: 917eb864-1739-4fd5-ac14-ff1ecb8c1d24: Group group-82FE8DDC79AF not found.
	at org.apache.ratis.server.impl.RaftServerProxy.groupRemoveAsync(RaftServerProxy.java:504)
	at org.apache.ratis.server.impl.RaftServerProxy.groupManagementAsync(RaftServerProxy.java:460)
	at org.apache.ratis.server.impl.RaftServerProxy.groupManagement(RaftServerProxy.java:440)
	at org.apache.hadoop.ozone.container.common.transport.server.ratis.XceiverServerRatis.removeGroup(XceiverServerRatis.java:786)
	... 4 more
2021-01-29 15:27:58,693 [Command processor thread] WARN  server.RaftServer (RaftServerProxy.java:remove(101)) - 917eb864-1739-4fd5-ac14-ff1ecb8c1d24: does not contain group: group-82FE8DDC79AF
2021-01-29 15:27:58,693 [Command processor thread] ERROR commandhandler.ClosePipelineCommandHandler (ClosePipelineCommandHandler.java:handle(78)) - Can't close pipeline PipelineID=ada21374-47fd-4d92-9ee3-82fe8ddc79af
java.io.IOException: 917eb864-1739-4fd5-ac14-ff1ecb8c1d24: Group group-82FE8DDC79AF not found.
	at org.apache.hadoop.ozone.container.common.transport.server.ratis.XceiverServerRatis.removeGroup(XceiverServerRatis.java:788)
	at org.apache.hadoop.ozone.container.common.statemachine.commandhandler.ClosePipelineCommandHandler.handle(ClosePipelineCommandHandler.java:74)
	at org.apache.hadoop.ozone.container.common.statemachine.commandhandler.CommandDispatcher.handle(CommandDispatcher.java:99)
	at org.apache.hadoop.ozone.container.common.statemachine.DatanodeStateMachine.lambda$initCommandHandlerThread$2(DatanodeStateMachine.java:498)
	at java.lang.Thread.run(Thread.java:748)
Caused by: org.apache.ratis.protocol.exceptions.GroupMismatchException: 917eb864-1739-4fd5-ac14-ff1ecb8c1d24: Group group-82FE8DDC79AF not found.
	at org.apache.ratis.server.impl.RaftServerProxy.groupRemoveAsync(RaftServerProxy.java:504)
	at org.apache.ratis.server.impl.RaftServerProxy.groupManagementAsync(RaftServerProxy.java:460)
	at org.apache.ratis.server.impl.RaftServerProxy.groupManagement(RaftServerProxy.java:440)
	at org.apache.hadoop.ozone.container.common.transport.server.ratis.XceiverServerRatis.removeGroup(XceiverServerRatis.java:786)
	... 4 more
2021-01-29 15:27:59,659 [RatisPipelineUtilsThread] INFO  pipeline.RatisPipelineProvider (RatisPipelineProvider.java:lambda$create$0(161)) - Sending CreatePipelineCommand for pipeline:PipelineID=328a426a-2fbb-4837-b11e-35e3de1fe8ac to datanode:d5d7cc10-80c6-421e-a2cb-6e4e9e0bf9f8
2021-01-29 15:27:59,659 [RatisPipelineUtilsThread] INFO  pipeline.RatisPipelineProvider (RatisPipelineProvider.java:lambda$create$0(161)) - Sending CreatePipelineCommand for pipeline:PipelineID=328a426a-2fbb-4837-b11e-35e3de1fe8ac to datanode:e9b6cb55-ded4-4b6d-beb1-e0e1d0ea549d
2021-01-29 15:27:59,660 [RatisPipelineUtilsThread] INFO  pipeline.RatisPipelineProvider (RatisPipelineProvider.java:lambda$create$0(161)) - Sending CreatePipelineCommand for pipeline:PipelineID=328a426a-2fbb-4837-b11e-35e3de1fe8ac to datanode:abd5dbec-f275-43c0-9ba5-e9315d47b38d
2021-01-29 15:27:59,660 [RatisPipelineUtilsThread] INFO  pipeline.PipelineStateManager (PipelineStateManager.java:addPipeline(54)) - Created pipeline Pipeline[ Id: 328a426a-2fbb-4837-b11e-35e3de1fe8ac, Nodes: d5d7cc10-80c6-421e-a2cb-6e4e9e0bf9f8{ip: 172.17.0.2, host: 6dba130846a4, networkLocation: /default-rack, certSerialId: null, persistedOpState: IN_SERVICE, persistedOpStateExpiryEpochSec: 0}e9b6cb55-ded4-4b6d-beb1-e0e1d0ea549d{ip: 172.17.0.2, host: 6dba130846a4, networkLocation: /default-rack, certSerialId: null, persistedOpState: IN_SERVICE, persistedOpStateExpiryEpochSec: 0}abd5dbec-f275-43c0-9ba5-e9315d47b38d{ip: 172.17.0.2, host: 6dba130846a4, networkLocation: /default-rack, certSerialId: null, persistedOpState: IN_SERVICE, persistedOpStateExpiryEpochSec: 0}, Type:RATIS, Factor:THREE, State:ALLOCATED, leaderId:, CreationTimestamp2021-01-29T15:27:59.659Z]
2021-01-29 15:27:59,679 [Command processor thread] WARN  server.RaftServer (RaftServerProxy.java:remove(101)) - d5d7cc10-80c6-421e-a2cb-6e4e9e0bf9f8: does not contain group: group-82FE8DDC79AF
2021-01-29 15:27:59,679 [Command processor thread] ERROR commandhandler.ClosePipelineCommandHandler (ClosePipelineCommandHandler.java:handle(78)) - Can't close pipeline PipelineID=ada21374-47fd-4d92-9ee3-82fe8ddc79af
java.io.IOException: d5d7cc10-80c6-421e-a2cb-6e4e9e0bf9f8: Group group-82FE8DDC79AF not found.
	at org.apache.hadoop.ozone.container.common.transport.server.ratis.XceiverServerRatis.removeGroup(XceiverServerRatis.java:788)
	at org.apache.hadoop.ozone.container.common.statemachine.commandhandler.ClosePipelineCommandHandler.handle(ClosePipelineCommandHandler.java:74)
	at org.apache.hadoop.ozone.container.common.statemachine.commandhandler.CommandDispatcher.handle(CommandDispatcher.java:99)
	at org.apache.hadoop.ozone.container.common.statemachine.DatanodeStateMachine.lambda$initCommandHandlerThread$2(DatanodeStateMachine.java:498)
	at java.lang.Thread.run(Thread.java:748)
Caused by: org.apache.ratis.protocol.exceptions.GroupMismatchException: d5d7cc10-80c6-421e-a2cb-6e4e9e0bf9f8: Group group-82FE8DDC79AF not found.
	at org.apache.ratis.server.impl.RaftServerProxy.groupRemoveAsync(RaftServerProxy.java:504)
	at org.apache.ratis.server.impl.RaftServerProxy.groupManagementAsync(RaftServerProxy.java:460)
	at org.apache.ratis.server.impl.RaftServerProxy.groupManagement(RaftServerProxy.java:440)
	at org.apache.hadoop.ozone.container.common.transport.server.ratis.XceiverServerRatis.removeGroup(XceiverServerRatis.java:786)
	... 4 more
2021-01-29 15:27:59,679 [Command processor thread] WARN  server.RaftServer (RaftServerProxy.java:remove(101)) - d5d7cc10-80c6-421e-a2cb-6e4e9e0bf9f8: does not contain group: group-82FE8DDC79AF
2021-01-29 15:27:59,679 [Command processor thread] ERROR commandhandler.ClosePipelineCommandHandler (ClosePipelineCommandHandler.java:handle(78)) - Can't close pipeline PipelineID=ada21374-47fd-4d92-9ee3-82fe8ddc79af
java.io.IOException: d5d7cc10-80c6-421e-a2cb-6e4e9e0bf9f8: Group group-82FE8DDC79AF not found.
	at org.apache.hadoop.ozone.container.common.transport.server.ratis.XceiverServerRatis.removeGroup(XceiverServerRatis.java:788)
	at org.apache.hadoop.ozone.container.common.statemachine.commandhandler.ClosePipelineCommandHandler.handle(ClosePipelineCommandHandler.java:74)
	at org.apache.hadoop.ozone.container.common.statemachine.commandhandler.CommandDispatcher.handle(CommandDispatcher.java:99)
	at org.apache.hadoop.ozone.container.common.statemachine.DatanodeStateMachine.lambda$initCommandHandlerThread$2(DatanodeStateMachine.java:498)
	at java.lang.Thread.run(Thread.java:748)
Caused by: org.apache.ratis.protocol.exceptions.GroupMismatchException: d5d7cc10-80c6-421e-a2cb-6e4e9e0bf9f8: Group group-82FE8DDC79AF not found.
	at org.apache.ratis.server.impl.RaftServerProxy.groupRemoveAsync(RaftServerProxy.java:504)
	at org.apache.ratis.server.impl.RaftServerProxy.groupManagementAsync(RaftServerProxy.java:460)
	at org.apache.ratis.server.impl.RaftServerProxy.groupManagement(RaftServerProxy.java:440)
	at org.apache.hadoop.ozone.container.common.transport.server.ratis.XceiverServerRatis.removeGroup(XceiverServerRatis.java:786)
	... 4 more
2021-01-29 15:28:00,668 [Command processor thread] WARN  server.RaftServer (RaftServerProxy.java:remove(101)) - 093cbee5-fb37-48c5-a334-037ab050c5a4: does not contain group: group-82FE8DDC79AF
2021-01-29 15:28:00,668 [Command processor thread] ERROR commandhandler.ClosePipelineCommandHandler (ClosePipelineCommandHandler.java:handle(78)) - Can't close pipeline PipelineID=ada21374-47fd-4d92-9ee3-82fe8ddc79af
java.io.IOException: 093cbee5-fb37-48c5-a334-037ab050c5a4: Group group-82FE8DDC79AF not found.
	at org.apache.hadoop.ozone.container.common.transport.server.ratis.XceiverServerRatis.removeGroup(XceiverServerRatis.java:788)
	at org.apache.hadoop.ozone.container.common.statemachine.commandhandler.ClosePipelineCommandHandler.handle(ClosePipelineCommandHandler.java:74)
	at org.apache.hadoop.ozone.container.common.statemachine.commandhandler.CommandDispatcher.handle(CommandDispatcher.java:99)
	at org.apache.hadoop.ozone.container.common.statemachine.DatanodeStateMachine.lambda$initCommandHandlerThread$2(DatanodeStateMachine.java:498)
	at java.lang.Thread.run(Thread.java:748)
Caused by: org.apache.ratis.protocol.exceptions.GroupMismatchException: 093cbee5-fb37-48c5-a334-037ab050c5a4: Group group-82FE8DDC79AF not found.
	at org.apache.ratis.server.impl.RaftServerProxy.groupRemoveAsync(RaftServerProxy.java:504)
	at org.apache.ratis.server.impl.RaftServerProxy.groupManagementAsync(RaftServerProxy.java:460)
	at org.apache.ratis.server.impl.RaftServerProxy.groupManagement(RaftServerProxy.java:440)
	at org.apache.hadoop.ozone.container.common.transport.server.ratis.XceiverServerRatis.removeGroup(XceiverServerRatis.java:786)
	... 4 more
2021-01-29 15:28:00,668 [Command processor thread] WARN  server.RaftServer (RaftServerProxy.java:remove(101)) - 093cbee5-fb37-48c5-a334-037ab050c5a4: does not contain group: group-82FE8DDC79AF
2021-01-29 15:28:00,669 [Command processor thread] ERROR commandhandler.ClosePipelineCommandHandler (ClosePipelineCommandHandler.java:handle(78)) - Can't close pipeline PipelineID=ada21374-47fd-4d92-9ee3-82fe8ddc79af
java.io.IOException: 093cbee5-fb37-48c5-a334-037ab050c5a4: Group group-82FE8DDC79AF not found.
	at org.apache.hadoop.ozone.container.common.transport.server.ratis.XceiverServerRatis.removeGroup(XceiverServerRatis.java:788)
	at org.apache.hadoop.ozone.container.common.statemachine.commandhandler.ClosePipelineCommandHandler.handle(ClosePipelineCommandHandler.java:74)
	at org.apache.hadoop.ozone.container.common.statemachine.commandhandler.CommandDispatcher.handle(CommandDispatcher.java:99)
	at org.apache.hadoop.ozone.container.common.statemachine.DatanodeStateMachine.lambda$initCommandHandlerThread$2(DatanodeStateMachine.java:498)
	at java.lang.Thread.run(Thread.java:748)
Caused by: org.apache.ratis.protocol.exceptions.GroupMismatchException: 093cbee5-fb37-48c5-a334-037ab050c5a4: Group group-82FE8DDC79AF not found.
	at org.apache.ratis.server.impl.RaftServerProxy.groupRemoveAsync(RaftServerProxy.java:504)
	at org.apache.ratis.server.impl.RaftServerProxy.groupManagementAsync(RaftServerProxy.java:460)
	at org.apache.ratis.server.impl.RaftServerProxy.groupManagement(RaftServerProxy.java:440)
	at org.apache.hadoop.ozone.container.common.transport.server.ratis.XceiverServerRatis.removeGroup(XceiverServerRatis.java:786)
	... 4 more
2021-01-29 15:28:00,669 [Command processor thread] WARN  server.RaftServer (RaftServerProxy.java:remove(101)) - 093cbee5-fb37-48c5-a334-037ab050c5a4: does not contain group: group-82FE8DDC79AF
2021-01-29 15:28:00,669 [Command processor thread] ERROR commandhandler.ClosePipelineCommandHandler (ClosePipelineCommandHandler.java:handle(78)) - Can't close pipeline PipelineID=ada21374-47fd-4d92-9ee3-82fe8ddc79af
java.io.IOException: 093cbee5-fb37-48c5-a334-037ab050c5a4: Group group-82FE8DDC79AF not found.
	at org.apache.hadoop.ozone.container.common.transport.server.ratis.XceiverServerRatis.removeGroup(XceiverServerRatis.java:788)
	at org.apache.hadoop.ozone.container.common.statemachine.commandhandler.ClosePipelineCommandHandler.handle(ClosePipelineCommandHandler.java:74)
	at org.apache.hadoop.ozone.container.common.statemachine.commandhandler.CommandDispatcher.handle(CommandDispatcher.java:99)
	at org.apache.hadoop.ozone.container.common.statemachine.DatanodeStateMachine.lambda$initCommandHandlerThread$2(DatanodeStateMachine.java:498)
	at java.lang.Thread.run(Thread.java:748)
Caused by: org.apache.ratis.protocol.exceptions.GroupMismatchException: 093cbee5-fb37-48c5-a334-037ab050c5a4: Group group-82FE8DDC79AF not found.
	at org.apache.ratis.server.impl.RaftServerProxy.groupRemoveAsync(RaftServerProxy.java:504)
	at org.apache.ratis.server.impl.RaftServerProxy.groupManagementAsync(RaftServerProxy.java:460)
	at org.apache.ratis.server.impl.RaftServerProxy.groupManagement(RaftServerProxy.java:440)
	at org.apache.hadoop.ozone.container.common.transport.server.ratis.XceiverServerRatis.removeGroup(XceiverServerRatis.java:786)
	... 4 more
2021-01-29 15:28:00,680 [Command processor thread] WARN  server.RaftServer (RaftServerProxy.java:remove(101)) - d5d7cc10-80c6-421e-a2cb-6e4e9e0bf9f8: does not contain group: group-82FE8DDC79AF
2021-01-29 15:28:00,681 [Command processor thread] ERROR commandhandler.ClosePipelineCommandHandler (ClosePipelineCommandHandler.java:handle(78)) - Can't close pipeline PipelineID=ada21374-47fd-4d92-9ee3-82fe8ddc79af
java.io.IOException: d5d7cc10-80c6-421e-a2cb-6e4e9e0bf9f8: Group group-82FE8DDC79AF not found.
	at org.apache.hadoop.ozone.container.common.transport.server.ratis.XceiverServerRatis.removeGroup(XceiverServerRatis.java:788)
	at org.apache.hadoop.ozone.container.common.statemachine.commandhandler.ClosePipelineCommandHandler.handle(ClosePipelineCommandHandler.java:74)
	at org.apache.hadoop.ozone.container.common.statemachine.commandhandler.CommandDispatcher.handle(CommandDispatcher.java:99)
	at org.apache.hadoop.ozone.container.common.statemachine.DatanodeStateMachine.lambda$initCommandHandlerThread$2(DatanodeStateMachine.java:498)
	at java.lang.Thread.run(Thread.java:748)
Caused by: org.apache.ratis.protocol.exceptions.GroupMismatchException: d5d7cc10-80c6-421e-a2cb-6e4e9e0bf9f8: Group group-82FE8DDC79AF not found.
	at org.apache.ratis.server.impl.RaftServerProxy.groupRemoveAsync(RaftServerProxy.java:504)
	at org.apache.ratis.server.impl.RaftServerProxy.groupManagementAsync(RaftServerProxy.java:460)
	at org.apache.ratis.server.impl.RaftServerProxy.groupManagement(RaftServerProxy.java:440)
	at org.apache.hadoop.ozone.container.common.transport.server.ratis.XceiverServerRatis.removeGroup(XceiverServerRatis.java:786)
	... 4 more
2021-01-29 15:28:00,682 [Command processor thread] INFO  server.RaftServer (RaftServerProxy.java:addNew(95)) - d5d7cc10-80c6-421e-a2cb-6e4e9e0bf9f8: addNew group-35E3DE1FE8AC:[e9b6cb55-ded4-4b6d-beb1-e0e1d0ea549d|rpc:172.17.0.2:44997|priority:0, d5d7cc10-80c6-421e-a2cb-6e4e9e0bf9f8|rpc:172.17.0.2:42587|priority:0, abd5dbec-f275-43c0-9ba5-e9315d47b38d|rpc:172.17.0.2:36211|priority:1] returns group-35E3DE1FE8AC:java.util.concurrent.CompletableFuture@70d346be[Not completed]
2021-01-29 15:28:00,682 [pool-70-thread-1] INFO  server.RaftServer$Division (RaftServerImpl.java:<init>(180)) - d5d7cc10-80c6-421e-a2cb-6e4e9e0bf9f8: new RaftServerImpl for group-35E3DE1FE8AC:[e9b6cb55-ded4-4b6d-beb1-e0e1d0ea549d|rpc:172.17.0.2:44997|priority:0, d5d7cc10-80c6-421e-a2cb-6e4e9e0bf9f8|rpc:172.17.0.2:42587|priority:0, abd5dbec-f275-43c0-9ba5-e9315d47b38d|rpc:172.17.0.2:36211|priority:1] with ContainerStateMachine:uninitialized
2021-01-29 15:28:00,683 [pool-70-thread-1] INFO  server.RaftServerConfigKeys (ConfUtils.java:logGet(44)) - raft.server.rpc.timeout.min = 5s (custom)
2021-01-29 15:28:00,683 [pool-70-thread-1] INFO  server.RaftServerConfigKeys (ConfUtils.java:logGet(44)) - raft.server.rpc.timeout.max = 5200ms (custom)
2021-01-29 15:28:00,683 [pool-70-thread-1] INFO  server.RaftServerConfigKeys (ConfUtils.java:logGet(44)) - raft.server.rpc.sleep.time = 25ms (default)
2021-01-29 15:28:00,683 [pool-70-thread-1] INFO  server.RaftServerConfigKeys (ConfUtils.java:logGet(44)) - raft.server.rpc.slowness.timeout = 300s (custom)
2021-01-29 15:28:00,683 [pool-70-thread-1] INFO  server.RaftServerConfigKeys (ConfUtils.java:logGet(44)) - raft.server.leaderelection.leader.step-down.wait-time = 10s (default)
2021-01-29 15:28:00,683 [pool-70-thread-1] INFO  server.RaftServerConfigKeys (ConfUtils.java:logGet(44)) - raft.server.sleep.deviation.threshold = 300ms (default)
2021-01-29 15:28:00,683 [pool-70-thread-1] INFO  server.RaftServerConfigKeys (ConfUtils.java:logGet(44)) - raft.server.log.appender.install.snapshot.enabled = false (custom)
2021-01-29 15:28:00,683 [pool-70-thread-1] INFO  server.RaftServer$Division (ServerState.java:<init>(105)) - d5d7cc10-80c6-421e-a2cb-6e4e9e0bf9f8@group-35E3DE1FE8AC: ConfigurationManager, init=-1: [e9b6cb55-ded4-4b6d-beb1-e0e1d0ea549d|rpc:172.17.0.2:44997|priority:0, d5d7cc10-80c6-421e-a2cb-6e4e9e0bf9f8|rpc:172.17.0.2:42587|priority:0, abd5dbec-f275-43c0-9ba5-e9315d47b38d|rpc:172.17.0.2:36211|priority:1], old=null, confs=<EMPTY_MAP>
2021-01-29 15:28:00,683 [pool-70-thread-1] INFO  server.RaftServerConfigKeys (ConfUtils.java:logGet(44)) - raft.server.storage.dir = [/github/workspace/mnt/ozone/hadoop-ozone/integration-test/target/test-dir/MiniOzoneClusterImpl-8ad1afbb-033f-482b-8239-ec8ce0281bc6/datanode-2/data/ratis] (custom)
2021-01-29 15:28:00,683 [pool-70-thread-1] INFO  server.RaftServerConfigKeys (ConfUtils.java:logGet(44)) - raft.server.log.corruption.policy = EXCEPTION (default)
2021-01-29 15:28:00,683 [pool-70-thread-1] INFO  storage.RaftStorageDirectory (RaftStorageDirectoryImpl.java:analyzeStorage(132)) - The storage directory /github/workspace/mnt/ozone/hadoop-ozone/integration-test/target/test-dir/MiniOzoneClusterImpl-8ad1afbb-033f-482b-8239-ec8ce0281bc6/datanode-2/data/ratis/328a426a-2fbb-4837-b11e-35e3de1fe8ac does not exist. Creating ...
2021-01-29 15:28:00,684 [pool-70-thread-1] WARN  util.FileUtils (LogUtils.java:runAndLog(43)) - Failed to Files.createDirectories /github/workspace/mnt/ozone/hadoop-ozone/integration-test/target/test-dir/MiniOzoneClusterImpl-8ad1afbb-033f-482b-8239-ec8ce0281bc6/datanode-2/data/ratis/328a426a-2fbb-4837-b11e-35e3de1fe8ac: java.nio.file.FileSystemException: /github/workspace/mnt/ozone/hadoop-ozone/integration-test/target/test-dir/MiniOzoneClusterImpl-8ad1afbb-033f-482b-8239-ec8ce0281bc6/datanode-2/data/ratis/328a426a-2fbb-4837-b11e-35e3de1fe8ac: No space left on device
2021-01-29 15:28:00,687 [Command processor thread] ERROR commandhandler.CreatePipelineCommandHandler (CreatePipelineCommandHandler.java:handle(111)) - Can't create pipeline RATIS THREE PipelineID=328a426a-2fbb-4837-b11e-35e3de1fe8ac
java.io.IOException: /github/workspace/mnt/ozone/hadoop-ozone/integration-test/target/test-dir/MiniOzoneClusterImpl-8ad1afbb-033f-482b-8239-ec8ce0281bc6/datanode-2/data/ratis/328a426a-2fbb-4837-b11e-35e3de1fe8ac: No space left on device
	at org.apache.hadoop.ozone.container.common.transport.server.ratis.XceiverServerRatis.addGroup(XceiverServerRatis.java:768)
	at org.apache.hadoop.ozone.container.common.statemachine.commandhandler.CreatePipelineCommandHandler.handle(CreatePipelineCommandHandler.java:92)
	at org.apache.hadoop.ozone.container.common.statemachine.commandhandler.CommandDispatcher.handle(CommandDispatcher.java:99)
	at org.apache.hadoop.ozone.container.common.statemachine.DatanodeStateMachine.lambda$initCommandHandlerThread$2(DatanodeStateMachine.java:498)
	at java.lang.Thread.run(Thread.java:748)
Caused by: java.nio.file.FileSystemException: /github/workspace/mnt/ozone/hadoop-ozone/integration-test/target/test-dir/MiniOzoneClusterImpl-8ad1afbb-033f-482b-8239-ec8ce0281bc6/datanode-2/data/ratis/328a426a-2fbb-4837-b11e-35e3de1fe8ac: No space left on device
	at sun.nio.fs.UnixException.translateToIOException(UnixException.java:91)
	at sun.nio.fs.UnixException.rethrowAsIOException(UnixException.java:102)
	at sun.nio.fs.UnixException.rethrowAsIOException(UnixException.java:107)
	at sun.nio.fs.UnixFileSystemProvider.createDirectory(UnixFileSystemProvider.java:384)
	at java.nio.file.Files.createDirectory(Files.java:674)
	at java.nio.file.Files.createAndCheckIsDirectory(Files.java:781)
	at java.nio.file.Files.createDirectories(Files.java:767)
	at org.apache.ratis.util.FileUtils.lambda$createDirectories$4(FileUtils.java:70)
	at org.apache.ratis.util.LogUtils.runAndLog(LogUtils.java:38)
	at org.apache.ratis.util.FileUtils.createDirectories(FileUtils.java:69)
	at org.apache.ratis.util.FileUtils.createDirectories(FileUtils.java:65)
	at org.apache.ratis.server.storage.RaftStorageDirectoryImpl.analyzeStorage(RaftStorageDirectoryImpl.java:133)
	at org.apache.ratis.server.storage.RaftStorageImpl.analyzeAndRecoverStorage(RaftStorageImpl.java:95)
	at org.apache.ratis.server.storage.RaftStorageImpl.<init>(RaftStorageImpl.java:65)
	at org.apache.ratis.server.storage.RaftStorageImpl.<init>(RaftStorageImpl.java:51)
	at org.apache.ratis.server.impl.ServerState.<init>(ServerState.java:112)
	at org.apache.ratis.server.impl.RaftServerImpl.<init>(RaftServerImpl.java:193)
	at org.apache.ratis.server.impl.RaftServerProxy.lambda$newRaftServerImpl$4(RaftServerProxy.java:266)
	at java.util.concurrent.CompletableFuture$AsyncSupply.run(CompletableFuture.java:1604)
	at java.util.concurrent.ThreadPoolExecutor.runWorker(ThreadPoolExecutor.java:1149)
	at java.util.concurrent.ThreadPoolExecutor$Worker.run(ThreadPoolExecutor.java:624)
	... 1 more
2021-01-29 15:28:00,688 [Command processor thread] WARN  server.RaftServer (RaftServerProxy.java:remove(101)) - d5d7cc10-80c6-421e-a2cb-6e4e9e0bf9f8: does not contain group: group-82FE8DDC79AF
2021-01-29 15:28:00,688 [Command processor thread] ERROR commandhandler.ClosePipelineCommandHandler (ClosePipelineCommandHandler.java:handle(78)) - Can't close pipeline PipelineID=ada21374-47fd-4d92-9ee3-82fe8ddc79af
java.io.IOException: d5d7cc10-80c6-421e-a2cb-6e4e9e0bf9f8: Group group-82FE8DDC79AF not found.
	at org.apache.hadoop.ozone.container.common.transport.server.ratis.XceiverServerRatis.removeGroup(XceiverServerRatis.java:788)
	at org.apache.hadoop.ozone.container.common.statemachine.commandhandler.ClosePipelineCommandHandler.handle(ClosePipelineCommandHandler.java:74)
	at org.apache.hadoop.ozone.container.common.statemachine.commandhandler.CommandDispatcher.handle(CommandDispatcher.java:99)
	at org.apache.hadoop.ozone.container.common.statemachine.DatanodeStateMachine.lambda$initCommandHandlerThread$2(DatanodeStateMachine.java:498)
	at java.lang.Thread.run(Thread.java:748)
Caused by: org.apache.ratis.protocol.exceptions.GroupMismatchException: d5d7cc10-80c6-421e-a2cb-6e4e9e0bf9f8: Group group-82FE8DDC79AF not found.
	at org.apache.ratis.server.impl.RaftServerProxy.groupRemoveAsync(RaftServerProxy.java:504)
	at org.apache.ratis.server.impl.RaftServerProxy.groupManagementAsync(RaftServerProxy.java:460)
	at org.apache.ratis.server.impl.RaftServerProxy.groupManagement(RaftServerProxy.java:440)
	at org.apache.hadoop.ozone.container.common.transport.server.ratis.XceiverServerRatis.removeGroup(XceiverServerRatis.java:786)
	... 4 more
2021-01-29 15:28:00,693 [Command processor thread] WARN  server.RaftServer (RaftServerProxy.java:remove(101)) - 917eb864-1739-4fd5-ac14-ff1ecb8c1d24: does not contain group: group-82FE8DDC79AF
2021-01-29 15:28:00,694 [Command processor thread] ERROR commandhandler.ClosePipelineCommandHandler (ClosePipelineCommandHandler.java:handle(78)) - Can't close pipeline PipelineID=ada21374-47fd-4d92-9ee3-82fe8ddc79af
java.io.IOException: 917eb864-1739-4fd5-ac14-ff1ecb8c1d24: Group group-82FE8DDC79AF not found.
	at org.apache.hadoop.ozone.container.common.transport.server.ratis.XceiverServerRatis.removeGroup(XceiverServerRatis.java:788)
	at org.apache.hadoop.ozone.container.common.statemachine.commandhandler.ClosePipelineCommandHandler.handle(ClosePipelineCommandHandler.java:74)
	at org.apache.hadoop.ozone.container.common.statemachine.commandhandler.CommandDispatcher.handle(CommandDispatcher.java:99)
	at org.apache.hadoop.ozone.container.common.statemachine.DatanodeStateMachine.lambda$initCommandHandlerThread$2(DatanodeStateMachine.java:498)
	at java.lang.Thread.run(Thread.java:748)
Caused by: org.apache.ratis.protocol.exceptions.GroupMismatchException: 917eb864-1739-4fd5-ac14-ff1ecb8c1d24: Group group-82FE8DDC79AF not found.
	at org.apache.ratis.server.impl.RaftServerProxy.groupRemoveAsync(RaftServerProxy.java:504)
	at org.apache.ratis.server.impl.RaftServerProxy.groupManagementAsync(RaftServerProxy.java:460)
	at org.apache.ratis.server.impl.RaftServerProxy.groupManagement(RaftServerProxy.java:440)
	at org.apache.hadoop.ozone.container.common.transport.server.ratis.XceiverServerRatis.removeGroup(XceiverServerRatis.java:786)
	... 4 more
2021-01-29 15:28:00,694 [Command processor thread] WARN  server.RaftServer (RaftServerProxy.java:remove(101)) - 917eb864-1739-4fd5-ac14-ff1ecb8c1d24: does not contain group: group-82FE8DDC79AF
2021-01-29 15:28:00,694 [Command processor thread] ERROR commandhandler.ClosePipelineCommandHandler (ClosePipelineCommandHandler.java:handle(78)) - Can't close pipeline PipelineID=ada21374-47fd-4d92-9ee3-82fe8ddc79af
java.io.IOException: 917eb864-1739-4fd5-ac14-ff1ecb8c1d24: Group group-82FE8DDC79AF not found.
	at org.apache.hadoop.ozone.container.common.transport.server.ratis.XceiverServerRatis.removeGroup(XceiverServerRatis.java:788)
	at org.apache.hadoop.ozone.container.common.statemachine.commandhandler.ClosePipelineCommandHandler.handle(ClosePipelineCommandHandler.java:74)
	at org.apache.hadoop.ozone.container.common.statemachine.commandhandler.CommandDispatcher.handle(CommandDispatcher.java:99)
	at org.apache.hadoop.ozone.container.common.statemachine.DatanodeStateMachine.lambda$initCommandHandlerThread$2(DatanodeStateMachine.java:498)
	at java.lang.Thread.run(Thread.java:748)
Caused by: org.apache.ratis.protocol.exceptions.GroupMismatchException: 917eb864-1739-4fd5-ac14-ff1ecb8c1d24: Group group-82FE8DDC79AF not found.
	at org.apache.ratis.server.impl.RaftServerProxy.groupRemoveAsync(RaftServerProxy.java:504)
	at org.apache.ratis.server.impl.RaftServerProxy.groupManagementAsync(RaftServerProxy.java:460)
	at org.apache.ratis.server.impl.RaftServerProxy.groupManagement(RaftServerProxy.java:440)
	at org.apache.hadoop.ozone.container.common.transport.server.ratis.XceiverServerRatis.removeGroup(XceiverServerRatis.java:786)
	... 4 more
2021-01-29 15:28:01,489 [Command processor thread] INFO  server.RaftServer (RaftServerProxy.java:addNew(95)) - e9b6cb55-ded4-4b6d-beb1-e0e1d0ea549d: addNew group-35E3DE1FE8AC:[e9b6cb55-ded4-4b6d-beb1-e0e1d0ea549d|rpc:172.17.0.2:44997|priority:0, d5d7cc10-80c6-421e-a2cb-6e4e9e0bf9f8|rpc:172.17.0.2:42587|priority:0, abd5dbec-f275-43c0-9ba5-e9315d47b38d|rpc:172.17.0.2:36211|priority:1] returns group-35E3DE1FE8AC:java.util.concurrent.CompletableFuture@33c15ca0[Not completed]
2021-01-29 15:28:01,490 [pool-86-thread-1] INFO  server.RaftServer$Division (RaftServerImpl.java:<init>(180)) - e9b6cb55-ded4-4b6d-beb1-e0e1d0ea549d: new RaftServerImpl for group-35E3DE1FE8AC:[e9b6cb55-ded4-4b6d-beb1-e0e1d0ea549d|rpc:172.17.0.2:44997|priority:0, d5d7cc10-80c6-421e-a2cb-6e4e9e0bf9f8|rpc:172.17.0.2:42587|priority:0, abd5dbec-f275-43c0-9ba5-e9315d47b38d|rpc:172.17.0.2:36211|priority:1] with ContainerStateMachine:uninitialized
2021-01-29 15:28:01,490 [Command processor thread] INFO  server.RaftServer (RaftServerProxy.java:addNew(95)) - abd5dbec-f275-43c0-9ba5-e9315d47b38d: addNew group-35E3DE1FE8AC:[e9b6cb55-ded4-4b6d-beb1-e0e1d0ea549d|rpc:172.17.0.2:44997|priority:0, d5d7cc10-80c6-421e-a2cb-6e4e9e0bf9f8|rpc:172.17.0.2:42587|priority:0, abd5dbec-f275-43c0-9ba5-e9315d47b38d|rpc:172.17.0.2:36211|priority:1] returns group-35E3DE1FE8AC:java.util.concurrent.CompletableFuture@2c180766[Not completed]
2021-01-29 15:28:01,490 [pool-86-thread-1] INFO  server.RaftServerConfigKeys (ConfUtils.java:logGet(44)) - raft.server.rpc.timeout.min = 5s (custom)
2021-01-29 15:28:01,490 [pool-86-thread-1] INFO  server.RaftServerConfigKeys (ConfUtils.java:logGet(44)) - raft.server.rpc.timeout.max = 5200ms (custom)
2021-01-29 15:28:01,490 [pool-86-thread-1] INFO  server.RaftServerConfigKeys (ConfUtils.java:logGet(44)) - raft.server.rpc.sleep.time = 25ms (default)
2021-01-29 15:28:01,491 [pool-86-thread-1] INFO  server.RaftServerConfigKeys (ConfUtils.java:logGet(44)) - raft.server.rpc.slowness.timeout = 300s (custom)
2021-01-29 15:28:01,491 [pool-102-thread-1] INFO  server.RaftServer$Division (RaftServerImpl.java:<init>(180)) - abd5dbec-f275-43c0-9ba5-e9315d47b38d: new RaftServerImpl for group-35E3DE1FE8AC:[e9b6cb55-ded4-4b6d-beb1-e0e1d0ea549d|rpc:172.17.0.2:44997|priority:0, d5d7cc10-80c6-421e-a2cb-6e4e9e0bf9f8|rpc:172.17.0.2:42587|priority:0, abd5dbec-f275-43c0-9ba5-e9315d47b38d|rpc:172.17.0.2:36211|priority:1] with ContainerStateMachine:uninitialized
2021-01-29 15:28:01,491 [pool-102-thread-1] INFO  server.RaftServerConfigKeys (ConfUtils.java:logGet(44)) - raft.server.rpc.timeout.min = 5s (custom)
2021-01-29 15:28:01,491 [pool-102-thread-1] INFO  server.RaftServerConfigKeys (ConfUtils.java:logGet(44)) - raft.server.rpc.timeout.max = 5200ms (custom)
2021-01-29 15:28:01,491 [pool-102-thread-1] INFO  server.RaftServerConfigKeys (ConfUtils.java:logGet(44)) - raft.server.rpc.sleep.time = 25ms (default)
2021-01-29 15:28:01,491 [pool-102-thread-1] INFO  server.RaftServerConfigKeys (ConfUtils.java:logGet(44)) - raft.server.rpc.slowness.timeout = 300s (custom)
2021-01-29 15:28:01,491 [pool-102-thread-1] INFO  server.RaftServerConfigKeys (ConfUtils.java:logGet(44)) - raft.server.leaderelection.leader.step-down.wait-time = 10s (default)
2021-01-29 15:28:01,491 [pool-102-thread-1] INFO  server.RaftServerConfigKeys (ConfUtils.java:logGet(44)) - raft.server.sleep.deviation.threshold = 300ms (default)
2021-01-29 15:28:01,491 [pool-102-thread-1] INFO  server.RaftServerConfigKeys (ConfUtils.java:logGet(44)) - raft.server.log.appender.install.snapshot.enabled = false (custom)
2021-01-29 15:28:01,491 [pool-102-thread-1] INFO  server.RaftServer$Division (ServerState.java:<init>(105)) - abd5dbec-f275-43c0-9ba5-e9315d47b38d@group-35E3DE1FE8AC: ConfigurationManager, init=-1: [e9b6cb55-ded4-4b6d-beb1-e0e1d0ea549d|rpc:172.17.0.2:44997|priority:0, d5d7cc10-80c6-421e-a2cb-6e4e9e0bf9f8|rpc:172.17.0.2:42587|priority:0, abd5dbec-f275-43c0-9ba5-e9315d47b38d|rpc:172.17.0.2:36211|priority:1], old=null, confs=<EMPTY_MAP>
2021-01-29 15:28:01,491 [pool-102-thread-1] INFO  server.RaftServerConfigKeys (ConfUtils.java:logGet(44)) - raft.server.storage.dir = [/github/workspace/mnt/ozone/hadoop-ozone/integration-test/target/test-dir/MiniOzoneClusterImpl-8ad1afbb-033f-482b-8239-ec8ce0281bc6/datanode-4/data/ratis] (custom)
2021-01-29 15:28:01,492 [pool-102-thread-1] INFO  server.RaftServerConfigKeys (ConfUtils.java:logGet(44)) - raft.server.log.corruption.policy = EXCEPTION (default)
2021-01-29 15:28:01,492 [pool-102-thread-1] INFO  storage.RaftStorageDirectory (RaftStorageDirectoryImpl.java:analyzeStorage(132)) - The storage directory /github/workspace/mnt/ozone/hadoop-ozone/integration-test/target/test-dir/MiniOzoneClusterImpl-8ad1afbb-033f-482b-8239-ec8ce0281bc6/datanode-4/data/ratis/328a426a-2fbb-4837-b11e-35e3de1fe8ac does not exist. Creating ...
2021-01-29 15:28:01,492 [pool-102-thread-1] WARN  util.FileUtils (LogUtils.java:runAndLog(43)) - Failed to Files.createDirectories /github/workspace/mnt/ozone/hadoop-ozone/integration-test/target/test-dir/MiniOzoneClusterImpl-8ad1afbb-033f-482b-8239-ec8ce0281bc6/datanode-4/data/ratis/328a426a-2fbb-4837-b11e-35e3de1fe8ac: java.nio.file.FileSystemException: /github/workspace/mnt/ozone/hadoop-ozone/integration-test/target/test-dir/MiniOzoneClusterImpl-8ad1afbb-033f-482b-8239-ec8ce0281bc6/datanode-4/data/ratis/328a426a-2fbb-4837-b11e-35e3de1fe8ac: No space left on device
2021-01-29 15:28:01,491 [pool-86-thread-1] INFO  server.RaftServerConfigKeys (ConfUtils.java:logGet(44)) - raft.server.leaderelection.leader.step-down.wait-time = 10s (default)
2021-01-29 15:28:01,494 [pool-86-thread-1] INFO  server.RaftServerConfigKeys (ConfUtils.java:logGet(44)) - raft.server.sleep.deviation.threshold = 300ms (default)
2021-01-29 15:28:01,494 [pool-86-thread-1] INFO  server.RaftServerConfigKeys (ConfUtils.java:logGet(44)) - raft.server.log.appender.install.snapshot.enabled = false (custom)
2021-01-29 15:28:01,493 [Command processor thread] ERROR commandhandler.CreatePipelineCommandHandler (CreatePipelineCommandHandler.java:handle(111)) - Can't create pipeline RATIS THREE PipelineID=328a426a-2fbb-4837-b11e-35e3de1fe8ac
java.io.IOException: /github/workspace/mnt/ozone/hadoop-ozone/integration-test/target/test-dir/MiniOzoneClusterImpl-8ad1afbb-033f-482b-8239-ec8ce0281bc6/datanode-4/data/ratis/328a426a-2fbb-4837-b11e-35e3de1fe8ac: No space left on device
	at org.apache.hadoop.ozone.container.common.transport.server.ratis.XceiverServerRatis.addGroup(XceiverServerRatis.java:768)
	at org.apache.hadoop.ozone.container.common.statemachine.commandhandler.CreatePipelineCommandHandler.handle(CreatePipelineCommandHandler.java:92)
	at org.apache.hadoop.ozone.container.common.statemachine.commandhandler.CommandDispatcher.handle(CommandDispatcher.java:99)
	at org.apache.hadoop.ozone.container.common.statemachine.DatanodeStateMachine.lambda$initCommandHandlerThread$2(DatanodeStateMachine.java:498)
	at java.lang.Thread.run(Thread.java:748)
Caused by: java.nio.file.FileSystemException: /github/workspace/mnt/ozone/hadoop-ozone/integration-test/target/test-dir/MiniOzoneClusterImpl-8ad1afbb-033f-482b-8239-ec8ce0281bc6/datanode-4/data/ratis/328a426a-2fbb-4837-b11e-35e3de1fe8ac: No space left on device
	at sun.nio.fs.UnixException.translateToIOException(UnixException.java:91)
	at sun.nio.fs.UnixException.rethrowAsIOException(UnixException.java:102)
	at sun.nio.fs.UnixException.rethrowAsIOException(UnixException.java:107)
	at sun.nio.fs.UnixFileSystemProvider.createDirectory(UnixFileSystemProvider.java:384)
	at java.nio.file.Files.createDirectory(Files.java:674)
	at java.nio.file.Files.createAndCheckIsDirectory(Files.java:781)
	at java.nio.file.Files.createDirectories(Files.java:767)
	at org.apache.ratis.util.FileUtils.lambda$createDirectories$4(FileUtils.java:70)
	at org.apache.ratis.util.LogUtils.runAndLog(LogUtils.java:38)
	at org.apache.ratis.util.FileUtils.createDirectories(FileUtils.java:69)
	at org.apache.ratis.util.FileUtils.createDirectories(FileUtils.java:65)
	at org.apache.ratis.server.storage.RaftStorageDirectoryImpl.analyzeStorage(RaftStorageDirectoryImpl.java:133)
	at org.apache.ratis.server.storage.RaftStorageImpl.analyzeAndRecoverStorage(RaftStorageImpl.java:95)
	at org.apache.ratis.server.storage.RaftStorageImpl.<init>(RaftStorageImpl.java:65)
	at org.apache.ratis.server.storage.RaftStorageImpl.<init>(RaftStorageImpl.java:51)
	at org.apache.ratis.server.impl.ServerState.<init>(ServerState.java:112)
	at org.apache.ratis.server.impl.RaftServerImpl.<init>(RaftServerImpl.java:193)
	at org.apache.ratis.server.impl.RaftServerProxy.lambda$newRaftServerImpl$4(RaftServerProxy.java:266)
	at java.util.concurrent.CompletableFuture$AsyncSupply.run(CompletableFuture.java:1604)
	at java.util.concurrent.ThreadPoolExecutor.runWorker(ThreadPoolExecutor.java:1149)
	at java.util.concurrent.ThreadPoolExecutor$Worker.run(ThreadPoolExecutor.java:624)
	... 1 more
2021-01-29 15:28:01,495 [pool-86-thread-1] INFO  server.RaftServer$Division (ServerState.java:<init>(105)) - e9b6cb55-ded4-4b6d-beb1-e0e1d0ea549d@group-35E3DE1FE8AC: ConfigurationManager, init=-1: [e9b6cb55-ded4-4b6d-beb1-e0e1d0ea549d|rpc:172.17.0.2:44997|priority:0, d5d7cc10-80c6-421e-a2cb-6e4e9e0bf9f8|rpc:172.17.0.2:42587|priority:0, abd5dbec-f275-43c0-9ba5-e9315d47b38d|rpc:172.17.0.2:36211|priority:1], old=null, confs=<EMPTY_MAP>
2021-01-29 15:28:01,495 [pool-86-thread-1] INFO  server.RaftServerConfigKeys (ConfUtils.java:logGet(44)) - raft.server.storage.dir = [/github/workspace/mnt/ozone/hadoop-ozone/integration-test/target/test-dir/MiniOzoneClusterImpl-8ad1afbb-033f-482b-8239-ec8ce0281bc6/datanode-3/data/ratis] (custom)
2021-01-29 15:28:01,496 [pool-86-thread-1] INFO  server.RaftServerConfigKeys (ConfUtils.java:logGet(44)) - raft.server.log.corruption.policy = EXCEPTION (default)
2021-01-29 15:28:01,496 [pool-86-thread-1] INFO  storage.RaftStorageDirectory (RaftStorageDirectoryImpl.java:analyzeStorage(132)) - The storage directory /github/workspace/mnt/ozone/hadoop-ozone/integration-test/target/test-dir/MiniOzoneClusterImpl-8ad1afbb-033f-482b-8239-ec8ce0281bc6/datanode-3/data/ratis/328a426a-2fbb-4837-b11e-35e3de1fe8ac does not exist. Creating ...
2021-01-29 15:28:01,496 [pool-86-thread-1] WARN  util.FileUtils (LogUtils.java:runAndLog(43)) - Failed to Files.createDirectories /github/workspace/mnt/ozone/hadoop-ozone/integration-test/target/test-dir/MiniOzoneClusterImpl-8ad1afbb-033f-482b-8239-ec8ce0281bc6/datanode-3/data/ratis/328a426a-2fbb-4837-b11e-35e3de1fe8ac: java.nio.file.FileSystemException: /github/workspace/mnt/ozone/hadoop-ozone/integration-test/target/test-dir/MiniOzoneClusterImpl-8ad1afbb-033f-482b-8239-ec8ce0281bc6/datanode-3/data/ratis/328a426a-2fbb-4837-b11e-35e3de1fe8ac: No space left on device
2021-01-29 15:28:01,497 [Command processor thread] ERROR commandhandler.CreatePipelineCommandHandler (CreatePipelineCommandHandler.java:handle(111)) - Can't create pipeline RATIS THREE PipelineID=328a426a-2fbb-4837-b11e-35e3de1fe8ac
java.io.IOException: /github/workspace/mnt/ozone/hadoop-ozone/integration-test/target/test-dir/MiniOzoneClusterImpl-8ad1afbb-033f-482b-8239-ec8ce0281bc6/datanode-3/data/ratis/328a426a-2fbb-4837-b11e-35e3de1fe8ac: No space left on device
	at org.apache.hadoop.ozone.container.common.transport.server.ratis.XceiverServerRatis.addGroup(XceiverServerRatis.java:768)
	at org.apache.hadoop.ozone.container.common.statemachine.commandhandler.CreatePipelineCommandHandler.handle(CreatePipelineCommandHandler.java:92)
	at org.apache.hadoop.ozone.container.common.statemachine.commandhandler.CommandDispatcher.handle(CommandDispatcher.java:99)
	at org.apache.hadoop.ozone.container.common.statemachine.DatanodeStateMachine.lambda$initCommandHandlerThread$2(DatanodeStateMachine.java:498)
	at java.lang.Thread.run(Thread.java:748)
Caused by: java.nio.file.FileSystemException: /github/workspace/mnt/ozone/hadoop-ozone/integration-test/target/test-dir/MiniOzoneClusterImpl-8ad1afbb-033f-482b-8239-ec8ce0281bc6/datanode-3/data/ratis/328a426a-2fbb-4837-b11e-35e3de1fe8ac: No space left on device
	at sun.nio.fs.UnixException.translateToIOException(UnixException.java:91)
	at sun.nio.fs.UnixException.rethrowAsIOException(UnixException.java:102)
	at sun.nio.fs.UnixException.rethrowAsIOException(UnixException.java:107)
	at sun.nio.fs.UnixFileSystemProvider.createDirectory(UnixFileSystemProvider.java:384)
	at java.nio.file.Files.createDirectory(Files.java:674)
	at java.nio.file.Files.createAndCheckIsDirectory(Files.java:781)
	at java.nio.file.Files.createDirectories(Files.java:767)
	at org.apache.ratis.util.FileUtils.lambda$createDirectories$4(FileUtils.java:70)
	at org.apache.ratis.util.LogUtils.runAndLog(LogUtils.java:38)
	at org.apache.ratis.util.FileUtils.createDirectories(FileUtils.java:69)
	at org.apache.ratis.util.FileUtils.createDirectories(FileUtils.java:65)
	at org.apache.ratis.server.storage.RaftStorageDirectoryImpl.analyzeStorage(RaftStorageDirectoryImpl.java:133)
	at org.apache.ratis.server.storage.RaftStorageImpl.analyzeAndRecoverStorage(RaftStorageImpl.java:95)
	at org.apache.ratis.server.storage.RaftStorageImpl.<init>(RaftStorageImpl.java:65)
	at org.apache.ratis.server.storage.RaftStorageImpl.<init>(RaftStorageImpl.java:51)
	at org.apache.ratis.server.impl.ServerState.<init>(ServerState.java:112)
	at org.apache.ratis.server.impl.RaftServerImpl.<init>(RaftServerImpl.java:193)
	at org.apache.ratis.server.impl.RaftServerProxy.lambda$newRaftServerImpl$4(RaftServerProxy.java:266)
	at java.util.concurrent.CompletableFuture$AsyncSupply.run(CompletableFuture.java:1604)
	at java.util.concurrent.ThreadPoolExecutor.runWorker(ThreadPoolExecutor.java:1149)
	at java.util.concurrent.ThreadPoolExecutor$Worker.run(ThreadPoolExecutor.java:624)
	... 1 more
2021-01-29 15:28:02,668 [Command processor thread] WARN  server.RaftServer (RaftServerProxy.java:remove(101)) - 093cbee5-fb37-48c5-a334-037ab050c5a4: does not contain group: group-82FE8DDC79AF
2021-01-29 15:28:02,668 [Command processor thread] ERROR commandhandler.ClosePipelineCommandHandler (ClosePipelineCommandHandler.java:handle(78)) - Can't close pipeline PipelineID=ada21374-47fd-4d92-9ee3-82fe8ddc79af
java.io.IOException: 093cbee5-fb37-48c5-a334-037ab050c5a4: Group group-82FE8DDC79AF not found.
	at org.apache.hadoop.ozone.container.common.transport.server.ratis.XceiverServerRatis.removeGroup(XceiverServerRatis.java:788)
	at org.apache.hadoop.ozone.container.common.statemachine.commandhandler.ClosePipelineCommandHandler.handle(ClosePipelineCommandHandler.java:74)
	at org.apache.hadoop.ozone.container.common.statemachine.commandhandler.CommandDispatcher.handle(CommandDispatcher.java:99)
	at org.apache.hadoop.ozone.container.common.statemachine.DatanodeStateMachine.lambda$initCommandHandlerThread$2(DatanodeStateMachine.java:498)
	at java.lang.Thread.run(Thread.java:748)
Caused by: org.apache.ratis.protocol.exceptions.GroupMismatchException: 093cbee5-fb37-48c5-a334-037ab050c5a4: Group group-82FE8DDC79AF not found.
	at org.apache.ratis.server.impl.RaftServerProxy.groupRemoveAsync(RaftServerProxy.java:504)
	at org.apache.ratis.server.impl.RaftServerProxy.groupManagementAsync(RaftServerProxy.java:460)
	at org.apache.ratis.server.impl.RaftServerProxy.groupManagement(RaftServerProxy.java:440)
	at org.apache.hadoop.ozone.container.common.transport.server.ratis.XceiverServerRatis.removeGroup(XceiverServerRatis.java:786)
	... 4 more
2021-01-29 15:28:02,680 [Command processor thread] WARN  server.RaftServer (RaftServerProxy.java:remove(101)) - d5d7cc10-80c6-421e-a2cb-6e4e9e0bf9f8: does not contain group: group-82FE8DDC79AF
2021-01-29 15:28:02,680 [Command processor thread] ERROR commandhandler.ClosePipelineCommandHandler (ClosePipelineCommandHandler.java:handle(78)) - Can't close pipeline PipelineID=ada21374-47fd-4d92-9ee3-82fe8ddc79af
java.io.IOException: d5d7cc10-80c6-421e-a2cb-6e4e9e0bf9f8: Group group-82FE8DDC79AF not found.
	at org.apache.hadoop.ozone.container.common.transport.server.ratis.XceiverServerRatis.removeGroup(XceiverServerRatis.java:788)
	at org.apache.hadoop.ozone.container.common.statemachine.commandhandler.ClosePipelineCommandHandler.handle(ClosePipelineCommandHandler.java:74)
	at org.apache.hadoop.ozone.container.common.statemachine.commandhandler.CommandDispatcher.handle(CommandDispatcher.java:99)
	at org.apache.hadoop.ozone.container.common.statemachine.DatanodeStateMachine.lambda$initCommandHandlerThread$2(DatanodeStateMachine.java:498)
	at java.lang.Thread.run(Thread.java:748)
Caused by: org.apache.ratis.protocol.exceptions.GroupMismatchException: d5d7cc10-80c6-421e-a2cb-6e4e9e0bf9f8: Group group-82FE8DDC79AF not found.
	at org.apache.ratis.server.impl.RaftServerProxy.groupRemoveAsync(RaftServerProxy.java:504)
	at org.apache.ratis.server.impl.RaftServerProxy.groupManagementAsync(RaftServerProxy.java:460)
	at org.apache.ratis.server.impl.RaftServerProxy.groupManagement(RaftServerProxy.java:440)
	at org.apache.hadoop.ozone.container.common.transport.server.ratis.XceiverServerRatis.removeGroup(XceiverServerRatis.java:786)
	... 4 more
2021-01-29 15:28:02,693 [Command processor thread] WARN  server.RaftServer (RaftServerProxy.java:remove(101)) - 917eb864-1739-4fd5-ac14-ff1ecb8c1d24: does not contain group: group-82FE8DDC79AF
2021-01-29 15:28:02,693 [Command processor thread] ERROR commandhandler.ClosePipelineCommandHandler (ClosePipelineCommandHandler.java:handle(78)) - Can't close pipeline PipelineID=ada21374-47fd-4d92-9ee3-82fe8ddc79af
java.io.IOException: 917eb864-1739-4fd5-ac14-ff1ecb8c1d24: Group group-82FE8DDC79AF not found.
	at org.apache.hadoop.ozone.container.common.transport.server.ratis.XceiverServerRatis.removeGroup(XceiverServerRatis.java:788)
	at org.apache.hadoop.ozone.container.common.statemachine.commandhandler.ClosePipelineCommandHandler.handle(ClosePipelineCommandHandler.java:74)
	at org.apache.hadoop.ozone.container.common.statemachine.commandhandler.CommandDispatcher.handle(CommandDispatcher.java:99)
	at org.apache.hadoop.ozone.container.common.statemachine.DatanodeStateMachine.lambda$initCommandHandlerThread$2(DatanodeStateMachine.java:498)
	at java.lang.Thread.run(Thread.java:748)
Caused by: org.apache.ratis.protocol.exceptions.GroupMismatchException: 917eb864-1739-4fd5-ac14-ff1ecb8c1d24: Group group-82FE8DDC79AF not found.
	at org.apache.ratis.server.impl.RaftServerProxy.groupRemoveAsync(RaftServerProxy.java:504)
	at org.apache.ratis.server.impl.RaftServerProxy.groupManagementAsync(RaftServerProxy.java:460)
	at org.apache.ratis.server.impl.RaftServerProxy.groupManagement(RaftServerProxy.java:440)
	at org.apache.hadoop.ozone.container.common.transport.server.ratis.XceiverServerRatis.removeGroup(XceiverServerRatis.java:786)
	... 4 more
2021-01-29 15:28:02,693 [Command processor thread] WARN  server.RaftServer (RaftServerProxy.java:remove(101)) - 917eb864-1739-4fd5-ac14-ff1ecb8c1d24: does not contain group: group-82FE8DDC79AF
2021-01-29 15:28:02,693 [Command processor thread] ERROR commandhandler.ClosePipelineCommandHandler (ClosePipelineCommandHandler.java:handle(78)) - Can't close pipeline PipelineID=ada21374-47fd-4d92-9ee3-82fe8ddc79af
java.io.IOException: 917eb864-1739-4fd5-ac14-ff1ecb8c1d24: Group group-82FE8DDC79AF not found.
	at org.apache.hadoop.ozone.container.common.transport.server.ratis.XceiverServerRatis.removeGroup(XceiverServerRatis.java:788)
	at org.apache.hadoop.ozone.container.common.statemachine.commandhandler.ClosePipelineCommandHandler.handle(ClosePipelineCommandHandler.java:74)
	at org.apache.hadoop.ozone.container.common.statemachine.commandhandler.CommandDispatcher.handle(CommandDispatcher.java:99)
	at org.apache.hadoop.ozone.container.common.statemachine.DatanodeStateMachine.lambda$initCommandHandlerThread$2(DatanodeStateMachine.java:498)
	at java.lang.Thread.run(Thread.java:748)
Caused by: org.apache.ratis.protocol.exceptions.GroupMismatchException: 917eb864-1739-4fd5-ac14-ff1ecb8c1d24: Group group-82FE8DDC79AF not found.
	at org.apache.ratis.server.impl.RaftServerProxy.groupRemoveAsync(RaftServerProxy.java:504)
	at org.apache.ratis.server.impl.RaftServerProxy.groupManagementAsync(RaftServerProxy.java:460)
	at org.apache.ratis.server.impl.RaftServerProxy.groupManagement(RaftServerProxy.java:440)
	at org.apache.hadoop.ozone.container.common.transport.server.ratis.XceiverServerRatis.removeGroup(XceiverServerRatis.java:786)
	... 4 more
2021-01-29 15:28:04,680 [Command processor thread] WARN  server.RaftServer (RaftServerProxy.java:remove(101)) - d5d7cc10-80c6-421e-a2cb-6e4e9e0bf9f8: does not contain group: group-82FE8DDC79AF
2021-01-29 15:28:04,680 [Command processor thread] ERROR commandhandler.ClosePipelineCommandHandler (ClosePipelineCommandHandler.java:handle(78)) - Can't close pipeline PipelineID=ada21374-47fd-4d92-9ee3-82fe8ddc79af
java.io.IOException: d5d7cc10-80c6-421e-a2cb-6e4e9e0bf9f8: Group group-82FE8DDC79AF not found.
	at org.apache.hadoop.ozone.container.common.transport.server.ratis.XceiverServerRatis.removeGroup(XceiverServerRatis.java:788)
	at org.apache.hadoop.ozone.container.common.statemachine.commandhandler.ClosePipelineCommandHandler.handle(ClosePipelineCommandHandler.java:74)
	at org.apache.hadoop.ozone.container.common.statemachine.commandhandler.CommandDispatcher.handle(CommandDispatcher.java:99)
	at org.apache.hadoop.ozone.container.common.statemachine.DatanodeStateMachine.lambda$initCommandHandlerThread$2(DatanodeStateMachine.java:498)
	at java.lang.Thread.run(Thread.java:748)
Caused by: org.apache.ratis.protocol.exceptions.GroupMismatchException: d5d7cc10-80c6-421e-a2cb-6e4e9e0bf9f8: Group group-82FE8DDC79AF not found.
	at org.apache.ratis.server.impl.RaftServerProxy.groupRemoveAsync(RaftServerProxy.java:504)
	at org.apache.ratis.server.impl.RaftServerProxy.groupManagementAsync(RaftServerProxy.java:460)
	at org.apache.ratis.server.impl.RaftServerProxy.groupManagement(RaftServerProxy.java:440)
	at org.apache.hadoop.ozone.container.common.transport.server.ratis.XceiverServerRatis.removeGroup(XceiverServerRatis.java:786)
	... 4 more
2021-01-29 15:28:04,680 [Command processor thread] WARN  server.RaftServer (RaftServerProxy.java:remove(101)) - d5d7cc10-80c6-421e-a2cb-6e4e9e0bf9f8: does not contain group: group-82FE8DDC79AF
2021-01-29 15:28:04,680 [Command processor thread] ERROR commandhandler.ClosePipelineCommandHandler (ClosePipelineCommandHandler.java:handle(78)) - Can't close pipeline PipelineID=ada21374-47fd-4d92-9ee3-82fe8ddc79af
java.io.IOException: d5d7cc10-80c6-421e-a2cb-6e4e9e0bf9f8: Group group-82FE8DDC79AF not found.
	at org.apache.hadoop.ozone.container.common.transport.server.ratis.XceiverServerRatis.removeGroup(XceiverServerRatis.java:788)
	at org.apache.hadoop.ozone.container.common.statemachine.commandhandler.ClosePipelineCommandHandler.handle(ClosePipelineCommandHandler.java:74)
	at org.apache.hadoop.ozone.container.common.statemachine.commandhandler.CommandDispatcher.handle(CommandDispatcher.java:99)
	at org.apache.hadoop.ozone.container.common.statemachine.DatanodeStateMachine.lambda$initCommandHandlerThread$2(DatanodeStateMachine.java:498)
	at java.lang.Thread.run(Thread.java:748)
Caused by: org.apache.ratis.protocol.exceptions.GroupMismatchException: d5d7cc10-80c6-421e-a2cb-6e4e9e0bf9f8: Group group-82FE8DDC79AF not found.
	at org.apache.ratis.server.impl.RaftServerProxy.groupRemoveAsync(RaftServerProxy.java:504)
	at org.apache.ratis.server.impl.RaftServerProxy.groupManagementAsync(RaftServerProxy.java:460)
	at org.apache.ratis.server.impl.RaftServerProxy.groupManagement(RaftServerProxy.java:440)
	at org.apache.hadoop.ozone.container.common.transport.server.ratis.XceiverServerRatis.removeGroup(XceiverServerRatis.java:786)
	... 4 more
2021-01-29 15:28:04,693 [Command processor thread] WARN  server.RaftServer (RaftServerProxy.java:remove(101)) - 917eb864-1739-4fd5-ac14-ff1ecb8c1d24: does not contain group: group-82FE8DDC79AF
2021-01-29 15:28:04,693 [Command processor thread] ERROR commandhandler.ClosePipelineCommandHandler (ClosePipelineCommandHandler.java:handle(78)) - Can't close pipeline PipelineID=ada21374-47fd-4d92-9ee3-82fe8ddc79af
java.io.IOException: 917eb864-1739-4fd5-ac14-ff1ecb8c1d24: Group group-82FE8DDC79AF not found.
	at org.apache.hadoop.ozone.container.common.transport.server.ratis.XceiverServerRatis.removeGroup(XceiverServerRatis.java:788)
	at org.apache.hadoop.ozone.container.common.statemachine.commandhandler.ClosePipelineCommandHandler.handle(ClosePipelineCommandHandler.java:74)
	at org.apache.hadoop.ozone.container.common.statemachine.commandhandler.CommandDispatcher.handle(CommandDispatcher.java:99)
	at org.apache.hadoop.ozone.container.common.statemachine.DatanodeStateMachine.lambda$initCommandHandlerThread$2(DatanodeStateMachine.java:498)
	at java.lang.Thread.run(Thread.java:748)
Caused by: org.apache.ratis.protocol.exceptions.GroupMismatchException: 917eb864-1739-4fd5-ac14-ff1ecb8c1d24: Group group-82FE8DDC79AF not found.
	at org.apache.ratis.server.impl.RaftServerProxy.groupRemoveAsync(RaftServerProxy.java:504)
	at org.apache.ratis.server.impl.RaftServerProxy.groupManagementAsync(RaftServerProxy.java:460)
	at org.apache.ratis.server.impl.RaftServerProxy.groupManagement(RaftServerProxy.java:440)
	at org.apache.hadoop.ozone.container.common.transport.server.ratis.XceiverServerRatis.removeGroup(XceiverServerRatis.java:786)
	... 4 more
2021-01-29 15:28:04,693 [Command processor thread] WARN  server.RaftServer (RaftServerProxy.java:remove(101)) - 917eb864-1739-4fd5-ac14-ff1ecb8c1d24: does not contain group: group-82FE8DDC79AF
2021-01-29 15:28:04,693 [Command processor thread] ERROR commandhandler.ClosePipelineCommandHandler (ClosePipelineCommandHandler.java:handle(78)) - Can't close pipeline PipelineID=ada21374-47fd-4d92-9ee3-82fe8ddc79af
java.io.IOException: 917eb864-1739-4fd5-ac14-ff1ecb8c1d24: Group group-82FE8DDC79AF not found.
	at org.apache.hadoop.ozone.container.common.transport.server.ratis.XceiverServerRatis.removeGroup(XceiverServerRatis.java:788)
	at org.apache.hadoop.ozone.container.common.statemachine.commandhandler.ClosePipelineCommandHandler.handle(ClosePipelineCommandHandler.java:74)
	at org.apache.hadoop.ozone.container.common.statemachine.commandhandler.CommandDispatcher.handle(CommandDispatcher.java:99)
	at org.apache.hadoop.ozone.container.common.statemachine.DatanodeStateMachine.lambda$initCommandHandlerThread$2(DatanodeStateMachine.java:498)
	at java.lang.Thread.run(Thread.java:748)
Caused by: org.apache.ratis.protocol.exceptions.GroupMismatchException: 917eb864-1739-4fd5-ac14-ff1ecb8c1d24: Group group-82FE8DDC79AF not found.
	at org.apache.ratis.server.impl.RaftServerProxy.groupRemoveAsync(RaftServerProxy.java:504)
	at org.apache.ratis.server.impl.RaftServerProxy.groupManagementAsync(RaftServerProxy.java:460)
	at org.apache.ratis.server.impl.RaftServerProxy.groupManagement(RaftServerProxy.java:440)
	at org.apache.hadoop.ozone.container.common.transport.server.ratis.XceiverServerRatis.removeGroup(XceiverServerRatis.java:786)
	... 4 more
2021-01-29 15:28:06,682 [Command processor thread] WARN  server.RaftServer (RaftServerProxy.java:remove(101)) - d5d7cc10-80c6-421e-a2cb-6e4e9e0bf9f8: does not contain group: group-82FE8DDC79AF
2021-01-29 15:28:06,682 [Command processor thread] ERROR commandhandler.ClosePipelineCommandHandler (ClosePipelineCommandHandler.java:handle(78)) - Can't close pipeline PipelineID=ada21374-47fd-4d92-9ee3-82fe8ddc79af
java.io.IOException: d5d7cc10-80c6-421e-a2cb-6e4e9e0bf9f8: Group group-82FE8DDC79AF not found.
	at org.apache.hadoop.ozone.container.common.transport.server.ratis.XceiverServerRatis.removeGroup(XceiverServerRatis.java:788)
	at org.apache.hadoop.ozone.container.common.statemachine.commandhandler.ClosePipelineCommandHandler.handle(ClosePipelineCommandHandler.java:74)
	at org.apache.hadoop.ozone.container.common.statemachine.commandhandler.CommandDispatcher.handle(CommandDispatcher.java:99)
	at org.apache.hadoop.ozone.container.common.statemachine.DatanodeStateMachine.lambda$initCommandHandlerThread$2(DatanodeStateMachine.java:498)
	at java.lang.Thread.run(Thread.java:748)
Caused by: org.apache.ratis.protocol.exceptions.GroupMismatchException: d5d7cc10-80c6-421e-a2cb-6e4e9e0bf9f8: Group group-82FE8DDC79AF not found.
	at org.apache.ratis.server.impl.RaftServerProxy.groupRemoveAsync(RaftServerProxy.java:504)
	at org.apache.ratis.server.impl.RaftServerProxy.groupManagementAsync(RaftServerProxy.java:460)
	at org.apache.ratis.server.impl.RaftServerProxy.groupManagement(RaftServerProxy.java:440)
	at org.apache.hadoop.ozone.container.common.transport.server.ratis.XceiverServerRatis.removeGroup(XceiverServerRatis.java:786)
	... 4 more
2021-01-29 15:28:06,682 [Command processor thread] WARN  server.RaftServer (RaftServerProxy.java:remove(101)) - d5d7cc10-80c6-421e-a2cb-6e4e9e0bf9f8: does not contain group: group-82FE8DDC79AF
2021-01-29 15:28:06,682 [Command processor thread] ERROR commandhandler.ClosePipelineCommandHandler (ClosePipelineCommandHandler.java:handle(78)) - Can't close pipeline PipelineID=ada21374-47fd-4d92-9ee3-82fe8ddc79af
java.io.IOException: d5d7cc10-80c6-421e-a2cb-6e4e9e0bf9f8: Group group-82FE8DDC79AF not found.
	at org.apache.hadoop.ozone.container.common.transport.server.ratis.XceiverServerRatis.removeGroup(XceiverServerRatis.java:788)
	at org.apache.hadoop.ozone.container.common.statemachine.commandhandler.ClosePipelineCommandHandler.handle(ClosePipelineCommandHandler.java:74)
	at org.apache.hadoop.ozone.container.common.statemachine.commandhandler.CommandDispatcher.handle(CommandDispatcher.java:99)
	at org.apache.hadoop.ozone.container.common.statemachine.DatanodeStateMachine.lambda$initCommandHandlerThread$2(DatanodeStateMachine.java:498)
	at java.lang.Thread.run(Thread.java:748)
Caused by: org.apache.ratis.protocol.exceptions.GroupMismatchException: d5d7cc10-80c6-421e-a2cb-6e4e9e0bf9f8: Group group-82FE8DDC79AF not found.
	at org.apache.ratis.server.impl.RaftServerProxy.groupRemoveAsync(RaftServerProxy.java:504)
	at org.apache.ratis.server.impl.RaftServerProxy.groupManagementAsync(RaftServerProxy.java:460)
	at org.apache.ratis.server.impl.RaftServerProxy.groupManagement(RaftServerProxy.java:440)
	at org.apache.hadoop.ozone.container.common.transport.server.ratis.XceiverServerRatis.removeGroup(XceiverServerRatis.java:786)
	... 4 more
2021-01-29 15:28:06,682 [Command processor thread] WARN  server.RaftServer (RaftServerProxy.java:remove(101)) - d5d7cc10-80c6-421e-a2cb-6e4e9e0bf9f8: does not contain group: group-82FE8DDC79AF
2021-01-29 15:28:06,682 [Command processor thread] ERROR commandhandler.ClosePipelineCommandHandler (ClosePipelineCommandHandler.java:handle(78)) - Can't close pipeline PipelineID=ada21374-47fd-4d92-9ee3-82fe8ddc79af
java.io.IOException: d5d7cc10-80c6-421e-a2cb-6e4e9e0bf9f8: Group group-82FE8DDC79AF not found.
	at org.apache.hadoop.ozone.container.common.transport.server.ratis.XceiverServerRatis.removeGroup(XceiverServerRatis.java:788)
	at org.apache.hadoop.ozone.container.common.statemachine.commandhandler.ClosePipelineCommandHandler.handle(ClosePipelineCommandHandler.java:74)
	at org.apache.hadoop.ozone.container.common.statemachine.commandhandler.CommandDispatcher.handle(CommandDispatcher.java:99)
	at org.apache.hadoop.ozone.container.common.statemachine.DatanodeStateMachine.lambda$initCommandHandlerThread$2(DatanodeStateMachine.java:498)
	at java.lang.Thread.run(Thread.java:748)
Caused by: org.apache.ratis.protocol.exceptions.GroupMismatchException: d5d7cc10-80c6-421e-a2cb-6e4e9e0bf9f8: Group group-82FE8DDC79AF not found.
	at org.apache.ratis.server.impl.RaftServerProxy.groupRemoveAsync(RaftServerProxy.java:504)
	at org.apache.ratis.server.impl.RaftServerProxy.groupManagementAsync(RaftServerProxy.java:460)
	at org.apache.ratis.server.impl.RaftServerProxy.groupManagement(RaftServerProxy.java:440)
	at org.apache.hadoop.ozone.container.common.transport.server.ratis.XceiverServerRatis.removeGroup(XceiverServerRatis.java:786)
	... 4 more
2021-01-29 15:28:06,693 [Command processor thread] WARN  server.RaftServer (RaftServerProxy.java:remove(101)) - 917eb864-1739-4fd5-ac14-ff1ecb8c1d24: does not contain group: group-82FE8DDC79AF
2021-01-29 15:28:06,693 [Command processor thread] ERROR commandhandler.ClosePipelineCommandHandler (ClosePipelineCommandHandler.java:handle(78)) - Can't close pipeline PipelineID=ada21374-47fd-4d92-9ee3-82fe8ddc79af
java.io.IOException: 917eb864-1739-4fd5-ac14-ff1ecb8c1d24: Group group-82FE8DDC79AF not found.
	at org.apache.hadoop.ozone.container.common.transport.server.ratis.XceiverServerRatis.removeGroup(XceiverServerRatis.java:788)
	at org.apache.hadoop.ozone.container.common.statemachine.commandhandler.ClosePipelineCommandHandler.handle(ClosePipelineCommandHandler.java:74)
	at org.apache.hadoop.ozone.container.common.statemachine.commandhandler.CommandDispatcher.handle(CommandDispatcher.java:99)
	at org.apache.hadoop.ozone.container.common.statemachine.DatanodeStateMachine.lambda$initCommandHandlerThread$2(DatanodeStateMachine.java:498)
	at java.lang.Thread.run(Thread.java:748)
Caused by: org.apache.ratis.protocol.exceptions.GroupMismatchException: 917eb864-1739-4fd5-ac14-ff1ecb8c1d24: Group group-82FE8DDC79AF not found.
	at org.apache.ratis.server.impl.RaftServerProxy.groupRemoveAsync(RaftServerProxy.java:504)
	at org.apache.ratis.server.impl.RaftServerProxy.groupManagementAsync(RaftServerProxy.java:460)
	at org.apache.ratis.server.impl.RaftServerProxy.groupManagement(RaftServerProxy.java:440)
	at org.apache.hadoop.ozone.container.common.transport.server.ratis.XceiverServerRatis.removeGroup(XceiverServerRatis.java:786)
	... 4 more
2021-01-29 15:28:06,693 [Command processor thread] WARN  server.RaftServer (RaftServerProxy.java:remove(101)) - 917eb864-1739-4fd5-ac14-ff1ecb8c1d24: does not contain group: group-82FE8DDC79AF
2021-01-29 15:28:06,693 [Command processor thread] ERROR commandhandler.ClosePipelineCommandHandler (ClosePipelineCommandHandler.java:handle(78)) - Can't close pipeline PipelineID=ada21374-47fd-4d92-9ee3-82fe8ddc79af
java.io.IOException: 917eb864-1739-4fd5-ac14-ff1ecb8c1d24: Group group-82FE8DDC79AF not found.
	at org.apache.hadoop.ozone.container.common.transport.server.ratis.XceiverServerRatis.removeGroup(XceiverServerRatis.java:788)
	at org.apache.hadoop.ozone.container.common.statemachine.commandhandler.ClosePipelineCommandHandler.handle(ClosePipelineCommandHandler.java:74)
	at org.apache.hadoop.ozone.container.common.statemachine.commandhandler.CommandDispatcher.handle(CommandDispatcher.java:99)
	at org.apache.hadoop.ozone.container.common.statemachine.DatanodeStateMachine.lambda$initCommandHandlerThread$2(DatanodeStateMachine.java:498)
	at java.lang.Thread.run(Thread.java:748)
Caused by: org.apache.ratis.protocol.exceptions.GroupMismatchException: 917eb864-1739-4fd5-ac14-ff1ecb8c1d24: Group group-82FE8DDC79AF not found.
	at org.apache.ratis.server.impl.RaftServerProxy.groupRemoveAsync(RaftServerProxy.java:504)
	at org.apache.ratis.server.impl.RaftServerProxy.groupManagementAsync(RaftServerProxy.java:460)
	at org.apache.ratis.server.impl.RaftServerProxy.groupManagement(RaftServerProxy.java:440)
	at org.apache.hadoop.ozone.container.common.transport.server.ratis.XceiverServerRatis.removeGroup(XceiverServerRatis.java:786)
	... 4 more
2021-01-29 15:28:07,694 [Command processor thread] WARN  server.RaftServer (RaftServerProxy.java:remove(101)) - 917eb864-1739-4fd5-ac14-ff1ecb8c1d24: does not contain group: group-82FE8DDC79AF
2021-01-29 15:28:07,694 [Command processor thread] ERROR commandhandler.ClosePipelineCommandHandler (ClosePipelineCommandHandler.java:handle(78)) - Can't close pipeline PipelineID=ada21374-47fd-4d92-9ee3-82fe8ddc79af
java.io.IOException: 917eb864-1739-4fd5-ac14-ff1ecb8c1d24: Group group-82FE8DDC79AF not found.
	at org.apache.hadoop.ozone.container.common.transport.server.ratis.XceiverServerRatis.removeGroup(XceiverServerRatis.java:788)
	at org.apache.hadoop.ozone.container.common.statemachine.commandhandler.ClosePipelineCommandHandler.handle(ClosePipelineCommandHandler.java:74)
	at org.apache.hadoop.ozone.container.common.statemachine.commandhandler.CommandDispatcher.handle(CommandDispatcher.java:99)
	at org.apache.hadoop.ozone.container.common.statemachine.DatanodeStateMachine.lambda$initCommandHandlerThread$2(DatanodeStateMachine.java:498)
	at java.lang.Thread.run(Thread.java:748)
Caused by: org.apache.ratis.protocol.exceptions.GroupMismatchException: 917eb864-1739-4fd5-ac14-ff1ecb8c1d24: Group group-82FE8DDC79AF not found.
	at org.apache.ratis.server.impl.RaftServerProxy.groupRemoveAsync(RaftServerProxy.java:504)
	at org.apache.ratis.server.impl.RaftServerProxy.groupManagementAsync(RaftServerProxy.java:460)
	at org.apache.ratis.server.impl.RaftServerProxy.groupManagement(RaftServerProxy.java:440)
	at org.apache.hadoop.ozone.container.common.transport.server.ratis.XceiverServerRatis.removeGroup(XceiverServerRatis.java:786)
	... 4 more
2021-01-29 15:28:08,681 [Command processor thread] WARN  server.RaftServer (RaftServerProxy.java:remove(101)) - d5d7cc10-80c6-421e-a2cb-6e4e9e0bf9f8: does not contain group: group-82FE8DDC79AF
2021-01-29 15:28:08,682 [Command processor thread] ERROR commandhandler.ClosePipelineCommandHandler (ClosePipelineCommandHandler.java:handle(78)) - Can't close pipeline PipelineID=ada21374-47fd-4d92-9ee3-82fe8ddc79af
java.io.IOException: d5d7cc10-80c6-421e-a2cb-6e4e9e0bf9f8: Group group-82FE8DDC79AF not found.
	at org.apache.hadoop.ozone.container.common.transport.server.ratis.XceiverServerRatis.removeGroup(XceiverServerRatis.java:788)
	at org.apache.hadoop.ozone.container.common.statemachine.commandhandler.ClosePipelineCommandHandler.handle(ClosePipelineCommandHandler.java:74)
	at org.apache.hadoop.ozone.container.common.statemachine.commandhandler.CommandDispatcher.handle(CommandDispatcher.java:99)
	at org.apache.hadoop.ozone.container.common.statemachine.DatanodeStateMachine.lambda$initCommandHandlerThread$2(DatanodeStateMachine.java:498)
	at java.lang.Thread.run(Thread.java:748)
Caused by: org.apache.ratis.protocol.exceptions.GroupMismatchException: d5d7cc10-80c6-421e-a2cb-6e4e9e0bf9f8: Group group-82FE8DDC79AF not found.
	at org.apache.ratis.server.impl.RaftServerProxy.groupRemoveAsync(RaftServerProxy.java:504)
	at org.apache.ratis.server.impl.RaftServerProxy.groupManagementAsync(RaftServerProxy.java:460)
	at org.apache.ratis.server.impl.RaftServerProxy.groupManagement(RaftServerProxy.java:440)
	at org.apache.hadoop.ozone.container.common.transport.server.ratis.XceiverServerRatis.removeGroup(XceiverServerRatis.java:786)
	... 4 more
2021-01-29 15:28:09,694 [Command processor thread] WARN  server.RaftServer (RaftServerProxy.java:remove(101)) - 917eb864-1739-4fd5-ac14-ff1ecb8c1d24: does not contain group: group-82FE8DDC79AF
2021-01-29 15:28:09,694 [Command processor thread] ERROR commandhandler.ClosePipelineCommandHandler (ClosePipelineCommandHandler.java:handle(78)) - Can't close pipeline PipelineID=ada21374-47fd-4d92-9ee3-82fe8ddc79af
java.io.IOException: 917eb864-1739-4fd5-ac14-ff1ecb8c1d24: Group group-82FE8DDC79AF not found.
	at org.apache.hadoop.ozone.container.common.transport.server.ratis.XceiverServerRatis.removeGroup(XceiverServerRatis.java:788)
	at org.apache.hadoop.ozone.container.common.statemachine.commandhandler.ClosePipelineCommandHandler.handle(ClosePipelineCommandHandler.java:74)
	at org.apache.hadoop.ozone.container.common.statemachine.commandhandler.CommandDispatcher.handle(CommandDispatcher.java:99)
	at org.apache.hadoop.ozone.container.common.statemachine.DatanodeStateMachine.lambda$initCommandHandlerThread$2(DatanodeStateMachine.java:498)
	at java.lang.Thread.run(Thread.java:748)
Caused by: org.apache.ratis.protocol.exceptions.GroupMismatchException: 917eb864-1739-4fd5-ac14-ff1ecb8c1d24: Group group-82FE8DDC79AF not found.
	at org.apache.ratis.server.impl.RaftServerProxy.groupRemoveAsync(RaftServerProxy.java:504)
	at org.apache.ratis.server.impl.RaftServerProxy.groupManagementAsync(RaftServerProxy.java:460)
	at org.apache.ratis.server.impl.RaftServerProxy.groupManagement(RaftServerProxy.java:440)
	at org.apache.hadoop.ozone.container.common.transport.server.ratis.XceiverServerRatis.removeGroup(XceiverServerRatis.java:786)
	... 4 more
2021-01-29 15:28:09,694 [Command processor thread] WARN  server.RaftServer (RaftServerProxy.java:remove(101)) - 917eb864-1739-4fd5-ac14-ff1ecb8c1d24: does not contain group: group-82FE8DDC79AF
2021-01-29 15:28:09,694 [Command processor thread] ERROR commandhandler.ClosePipelineCommandHandler (ClosePipelineCommandHandler.java:handle(78)) - Can't close pipeline PipelineID=ada21374-47fd-4d92-9ee3-82fe8ddc79af
java.io.IOException: 917eb864-1739-4fd5-ac14-ff1ecb8c1d24: Group group-82FE8DDC79AF not found.
	at org.apache.hadoop.ozone.container.common.transport.server.ratis.XceiverServerRatis.removeGroup(XceiverServerRatis.java:788)
	at org.apache.hadoop.ozone.container.common.statemachine.commandhandler.ClosePipelineCommandHandler.handle(ClosePipelineCommandHandler.java:74)
	at org.apache.hadoop.ozone.container.common.statemachine.commandhandler.CommandDispatcher.handle(CommandDispatcher.java:99)
	at org.apache.hadoop.ozone.container.common.statemachine.DatanodeStateMachine.lambda$initCommandHandlerThread$2(DatanodeStateMachine.java:498)
	at java.lang.Thread.run(Thread.java:748)
Caused by: org.apache.ratis.protocol.exceptions.GroupMismatchException: 917eb864-1739-4fd5-ac14-ff1ecb8c1d24: Group group-82FE8DDC79AF not found.
	at org.apache.ratis.server.impl.RaftServerProxy.groupRemoveAsync(RaftServerProxy.java:504)
	at org.apache.ratis.server.impl.RaftServerProxy.groupManagementAsync(RaftServerProxy.java:460)
	at org.apache.ratis.server.impl.RaftServerProxy.groupManagement(RaftServerProxy.java:440)
	at org.apache.hadoop.ozone.container.common.transport.server.ratis.XceiverServerRatis.removeGroup(XceiverServerRatis.java:786)
	... 4 more
2021-01-29 15:28:10,681 [Command processor thread] WARN  server.RaftServer (RaftServerProxy.java:remove(101)) - d5d7cc10-80c6-421e-a2cb-6e4e9e0bf9f8: does not contain group: group-82FE8DDC79AF
2021-01-29 15:28:10,681 [Command processor thread] ERROR commandhandler.ClosePipelineCommandHandler (ClosePipelineCommandHandler.java:handle(78)) - Can't close pipeline PipelineID=ada21374-47fd-4d92-9ee3-82fe8ddc79af
java.io.IOException: d5d7cc10-80c6-421e-a2cb-6e4e9e0bf9f8: Group group-82FE8DDC79AF not found.
	at org.apache.hadoop.ozone.container.common.transport.server.ratis.XceiverServerRatis.removeGroup(XceiverServerRatis.java:788)
	at org.apache.hadoop.ozone.container.common.statemachine.commandhandler.ClosePipelineCommandHandler.handle(ClosePipelineCommandHandler.java:74)
	at org.apache.hadoop.ozone.container.common.statemachine.commandhandler.CommandDispatcher.handle(CommandDispatcher.java:99)
	at org.apache.hadoop.ozone.container.common.statemachine.DatanodeStateMachine.lambda$initCommandHandlerThread$2(DatanodeStateMachine.java:498)
	at java.lang.Thread.run(Thread.java:748)
Caused by: org.apache.ratis.protocol.exceptions.GroupMismatchException: d5d7cc10-80c6-421e-a2cb-6e4e9e0bf9f8: Group group-82FE8DDC79AF not found.
	at org.apache.ratis.server.impl.RaftServerProxy.groupRemoveAsync(RaftServerProxy.java:504)
	at org.apache.ratis.server.impl.RaftServerProxy.groupManagementAsync(RaftServerProxy.java:460)
	at org.apache.ratis.server.impl.RaftServerProxy.groupManagement(RaftServerProxy.java:440)
	at org.apache.hadoop.ozone.container.common.transport.server.ratis.XceiverServerRatis.removeGroup(XceiverServerRatis.java:786)
	... 4 more
2021-01-29 15:28:10,681 [Command processor thread] WARN  server.RaftServer (RaftServerProxy.java:remove(101)) - d5d7cc10-80c6-421e-a2cb-6e4e9e0bf9f8: does not contain group: group-82FE8DDC79AF
2021-01-29 15:28:10,681 [Command processor thread] ERROR commandhandler.ClosePipelineCommandHandler (ClosePipelineCommandHandler.java:handle(78)) - Can't close pipeline PipelineID=ada21374-47fd-4d92-9ee3-82fe8ddc79af
java.io.IOException: d5d7cc10-80c6-421e-a2cb-6e4e9e0bf9f8: Group group-82FE8DDC79AF not found.
	at org.apache.hadoop.ozone.container.common.transport.server.ratis.XceiverServerRatis.removeGroup(XceiverServerRatis.java:788)
	at org.apache.hadoop.ozone.container.common.statemachine.commandhandler.ClosePipelineCommandHandler.handle(ClosePipelineCommandHandler.java:74)
	at org.apache.hadoop.ozone.container.common.statemachine.commandhandler.CommandDispatcher.handle(CommandDispatcher.java:99)
	at org.apache.hadoop.ozone.container.common.statemachine.DatanodeStateMachine.lambda$initCommandHandlerThread$2(DatanodeStateMachine.java:498)
	at java.lang.Thread.run(Thread.java:748)
Caused by: org.apache.ratis.protocol.exceptions.GroupMismatchException: d5d7cc10-80c6-421e-a2cb-6e4e9e0bf9f8: Group group-82FE8DDC79AF not found.
	at org.apache.ratis.server.impl.RaftServerProxy.groupRemoveAsync(RaftServerProxy.java:504)
	at org.apache.ratis.server.impl.RaftServerProxy.groupManagementAsync(RaftServerProxy.java:460)
	at org.apache.ratis.server.impl.RaftServerProxy.groupManagement(RaftServerProxy.java:440)
	at org.apache.hadoop.ozone.container.common.transport.server.ratis.XceiverServerRatis.removeGroup(XceiverServerRatis.java:786)
	... 4 more
2021-01-29 15:28:11,695 [Command processor thread] WARN  server.RaftServer (RaftServerProxy.java:remove(101)) - 917eb864-1739-4fd5-ac14-ff1ecb8c1d24: does not contain group: group-82FE8DDC79AF
2021-01-29 15:28:11,695 [Command processor thread] ERROR commandhandler.ClosePipelineCommandHandler (ClosePipelineCommandHandler.java:handle(78)) - Can't close pipeline PipelineID=ada21374-47fd-4d92-9ee3-82fe8ddc79af
java.io.IOException: 917eb864-1739-4fd5-ac14-ff1ecb8c1d24: Group group-82FE8DDC79AF not found.
	at org.apache.hadoop.ozone.container.common.transport.server.ratis.XceiverServerRatis.removeGroup(XceiverServerRatis.java:788)
	at org.apache.hadoop.ozone.container.common.statemachine.commandhandler.ClosePipelineCommandHandler.handle(ClosePipelineCommandHandler.java:74)
	at org.apache.hadoop.ozone.container.common.statemachine.commandhandler.CommandDispatcher.handle(CommandDispatcher.java:99)
	at org.apache.hadoop.ozone.container.common.statemachine.DatanodeStateMachine.lambda$initCommandHandlerThread$2(DatanodeStateMachine.java:498)
	at java.lang.Thread.run(Thread.java:748)
Caused by: org.apache.ratis.protocol.exceptions.GroupMismatchException: 917eb864-1739-4fd5-ac14-ff1ecb8c1d24: Group group-82FE8DDC79AF not found.
	at org.apache.ratis.server.impl.RaftServerProxy.groupRemoveAsync(RaftServerProxy.java:504)
	at org.apache.ratis.server.impl.RaftServerProxy.groupManagementAsync(RaftServerProxy.java:460)
	at org.apache.ratis.server.impl.RaftServerProxy.groupManagement(RaftServerProxy.java:440)
	at org.apache.hadoop.ozone.container.common.transport.server.ratis.XceiverServerRatis.removeGroup(XceiverServerRatis.java:786)
	... 4 more
2021-01-29 15:28:11,695 [Command processor thread] WARN  server.RaftServer (RaftServerProxy.java:remove(101)) - 917eb864-1739-4fd5-ac14-ff1ecb8c1d24: does not contain group: group-82FE8DDC79AF
2021-01-29 15:28:11,695 [Command processor thread] ERROR commandhandler.ClosePipelineCommandHandler (ClosePipelineCommandHandler.java:handle(78)) - Can't close pipeline PipelineID=ada21374-47fd-4d92-9ee3-82fe8ddc79af
java.io.IOException: 917eb864-1739-4fd5-ac14-ff1ecb8c1d24: Group group-82FE8DDC79AF not found.
	at org.apache.hadoop.ozone.container.common.transport.server.ratis.XceiverServerRatis.removeGroup(XceiverServerRatis.java:788)
	at org.apache.hadoop.ozone.container.common.statemachine.commandhandler.ClosePipelineCommandHandler.handle(ClosePipelineCommandHandler.java:74)
	at org.apache.hadoop.ozone.container.common.statemachine.commandhandler.CommandDispatcher.handle(CommandDispatcher.java:99)
	at org.apache.hadoop.ozone.container.common.statemachine.DatanodeStateMachine.lambda$initCommandHandlerThread$2(DatanodeStateMachine.java:498)
	at java.lang.Thread.run(Thread.java:748)
Caused by: org.apache.ratis.protocol.exceptions.GroupMismatchException: 917eb864-1739-4fd5-ac14-ff1ecb8c1d24: Group group-82FE8DDC79AF not found.
	at org.apache.ratis.server.impl.RaftServerProxy.groupRemoveAsync(RaftServerProxy.java:504)
	at org.apache.ratis.server.impl.RaftServerProxy.groupManagementAsync(RaftServerProxy.java:460)
	at org.apache.ratis.server.impl.RaftServerProxy.groupManagement(RaftServerProxy.java:440)
	at org.apache.hadoop.ozone.container.common.transport.server.ratis.XceiverServerRatis.removeGroup(XceiverServerRatis.java:786)
	... 4 more
2021-01-29 15:28:12,682 [Command processor thread] WARN  server.RaftServer (RaftServerProxy.java:remove(101)) - d5d7cc10-80c6-421e-a2cb-6e4e9e0bf9f8: does not contain group: group-82FE8DDC79AF
2021-01-29 15:28:12,683 [Command processor thread] ERROR commandhandler.ClosePipelineCommandHandler (ClosePipelineCommandHandler.java:handle(78)) - Can't close pipeline PipelineID=ada21374-47fd-4d92-9ee3-82fe8ddc79af
java.io.IOException: d5d7cc10-80c6-421e-a2cb-6e4e9e0bf9f8: Group group-82FE8DDC79AF not found.
	at org.apache.hadoop.ozone.container.common.transport.server.ratis.XceiverServerRatis.removeGroup(XceiverServerRatis.java:788)
	at org.apache.hadoop.ozone.container.common.statemachine.commandhandler.ClosePipelineCommandHandler.handle(ClosePipelineCommandHandler.java:74)
	at org.apache.hadoop.ozone.container.common.statemachine.commandhandler.CommandDispatcher.handle(CommandDispatcher.java:99)
	at org.apache.hadoop.ozone.container.common.statemachine.DatanodeStateMachine.lambda$initCommandHandlerThread$2(DatanodeStateMachine.java:498)
	at java.lang.Thread.run(Thread.java:748)
Caused by: org.apache.ratis.protocol.exceptions.GroupMismatchException: d5d7cc10-80c6-421e-a2cb-6e4e9e0bf9f8: Group group-82FE8DDC79AF not found.
	at org.apache.ratis.server.impl.RaftServerProxy.groupRemoveAsync(RaftServerProxy.java:504)
	at org.apache.ratis.server.impl.RaftServerProxy.groupManagementAsync(RaftServerProxy.java:460)
	at org.apache.ratis.server.impl.RaftServerProxy.groupManagement(RaftServerProxy.java:440)
	at org.apache.hadoop.ozone.container.common.transport.server.ratis.XceiverServerRatis.removeGroup(XceiverServerRatis.java:786)
	... 4 more
2021-01-29 15:28:12,683 [Command processor thread] WARN  server.RaftServer (RaftServerProxy.java:remove(101)) - d5d7cc10-80c6-421e-a2cb-6e4e9e0bf9f8: does not contain group: group-82FE8DDC79AF
2021-01-29 15:28:12,683 [Command processor thread] ERROR commandhandler.ClosePipelineCommandHandler (ClosePipelineCommandHandler.java:handle(78)) - Can't close pipeline PipelineID=ada21374-47fd-4d92-9ee3-82fe8ddc79af
java.io.IOException: d5d7cc10-80c6-421e-a2cb-6e4e9e0bf9f8: Group group-82FE8DDC79AF not found.
	at org.apache.hadoop.ozone.container.common.transport.server.ratis.XceiverServerRatis.removeGroup(XceiverServerRatis.java:788)
	at org.apache.hadoop.ozone.container.common.statemachine.commandhandler.ClosePipelineCommandHandler.handle(ClosePipelineCommandHandler.java:74)
	at org.apache.hadoop.ozone.container.common.statemachine.commandhandler.CommandDispatcher.handle(CommandDispatcher.java:99)
	at org.apache.hadoop.ozone.container.common.statemachine.DatanodeStateMachine.lambda$initCommandHandlerThread$2(DatanodeStateMachine.java:498)
	at java.lang.Thread.run(Thread.java:748)
Caused by: org.apache.ratis.protocol.exceptions.GroupMismatchException: d5d7cc10-80c6-421e-a2cb-6e4e9e0bf9f8: Group group-82FE8DDC79AF not found.
	at org.apache.ratis.server.impl.RaftServerProxy.groupRemoveAsync(RaftServerProxy.java:504)
	at org.apache.ratis.server.impl.RaftServerProxy.groupManagementAsync(RaftServerProxy.java:460)
	at org.apache.ratis.server.impl.RaftServerProxy.groupManagement(RaftServerProxy.java:440)
	at org.apache.hadoop.ozone.container.common.transport.server.ratis.XceiverServerRatis.removeGroup(XceiverServerRatis.java:786)
	... 4 more
2021-01-29 15:28:13,695 [Command processor thread] WARN  server.RaftServer (RaftServerProxy.java:remove(101)) - 917eb864-1739-4fd5-ac14-ff1ecb8c1d24: does not contain group: group-82FE8DDC79AF
2021-01-29 15:28:13,695 [Command processor thread] ERROR commandhandler.ClosePipelineCommandHandler (ClosePipelineCommandHandler.java:handle(78)) - Can't close pipeline PipelineID=ada21374-47fd-4d92-9ee3-82fe8ddc79af
java.io.IOException: 917eb864-1739-4fd5-ac14-ff1ecb8c1d24: Group group-82FE8DDC79AF not found.
	at org.apache.hadoop.ozone.container.common.transport.server.ratis.XceiverServerRatis.removeGroup(XceiverServerRatis.java:788)
	at org.apache.hadoop.ozone.container.common.statemachine.commandhandler.ClosePipelineCommandHandler.handle(ClosePipelineCommandHandler.java:74)
	at org.apache.hadoop.ozone.container.common.statemachine.commandhandler.CommandDispatcher.handle(CommandDispatcher.java:99)
	at org.apache.hadoop.ozone.container.common.statemachine.DatanodeStateMachine.lambda$initCommandHandlerThread$2(DatanodeStateMachine.java:498)
	at java.lang.Thread.run(Thread.java:748)
Caused by: org.apache.ratis.protocol.exceptions.GroupMismatchException: 917eb864-1739-4fd5-ac14-ff1ecb8c1d24: Group group-82FE8DDC79AF not found.
	at org.apache.ratis.server.impl.RaftServerProxy.groupRemoveAsync(RaftServerProxy.java:504)
	at org.apache.ratis.server.impl.RaftServerProxy.groupManagementAsync(RaftServerProxy.java:460)
	at org.apache.ratis.server.impl.RaftServerProxy.groupManagement(RaftServerProxy.java:440)
	at org.apache.hadoop.ozone.container.common.transport.server.ratis.XceiverServerRatis.removeGroup(XceiverServerRatis.java:786)
	... 4 more
2021-01-29 15:28:13,696 [Command processor thread] WARN  server.RaftServer (RaftServerProxy.java:remove(101)) - 917eb864-1739-4fd5-ac14-ff1ecb8c1d24: does not contain group: group-82FE8DDC79AF
2021-01-29 15:28:13,696 [Command processor thread] ERROR commandhandler.ClosePipelineCommandHandler (ClosePipelineCommandHandler.java:handle(78)) - Can't close pipeline PipelineID=ada21374-47fd-4d92-9ee3-82fe8ddc79af
java.io.IOException: 917eb864-1739-4fd5-ac14-ff1ecb8c1d24: Group group-82FE8DDC79AF not found.
	at org.apache.hadoop.ozone.container.common.transport.server.ratis.XceiverServerRatis.removeGroup(XceiverServerRatis.java:788)
	at org.apache.hadoop.ozone.container.common.statemachine.commandhandler.ClosePipelineCommandHandler.handle(ClosePipelineCommandHandler.java:74)
	at org.apache.hadoop.ozone.container.common.statemachine.commandhandler.CommandDispatcher.handle(CommandDispatcher.java:99)
	at org.apache.hadoop.ozone.container.common.statemachine.DatanodeStateMachine.lambda$initCommandHandlerThread$2(DatanodeStateMachine.java:498)
	at java.lang.Thread.run(Thread.java:748)
Caused by: org.apache.ratis.protocol.exceptions.GroupMismatchException: 917eb864-1739-4fd5-ac14-ff1ecb8c1d24: Group group-82FE8DDC79AF not found.
	at org.apache.ratis.server.impl.RaftServerProxy.groupRemoveAsync(RaftServerProxy.java:504)
	at org.apache.ratis.server.impl.RaftServerProxy.groupManagementAsync(RaftServerProxy.java:460)
	at org.apache.ratis.server.impl.RaftServerProxy.groupManagement(RaftServerProxy.java:440)
	at org.apache.hadoop.ozone.container.common.transport.server.ratis.XceiverServerRatis.removeGroup(XceiverServerRatis.java:786)
	... 4 more
2021-01-29 15:28:14,684 [Command processor thread] WARN  server.RaftServer (RaftServerProxy.java:remove(101)) - d5d7cc10-80c6-421e-a2cb-6e4e9e0bf9f8: does not contain group: group-82FE8DDC79AF
2021-01-29 15:28:14,684 [Command processor thread] ERROR commandhandler.ClosePipelineCommandHandler (ClosePipelineCommandHandler.java:handle(78)) - Can't close pipeline PipelineID=ada21374-47fd-4d92-9ee3-82fe8ddc79af
java.io.IOException: d5d7cc10-80c6-421e-a2cb-6e4e9e0bf9f8: Group group-82FE8DDC79AF not found.
	at org.apache.hadoop.ozone.container.common.transport.server.ratis.XceiverServerRatis.removeGroup(XceiverServerRatis.java:788)
	at org.apache.hadoop.ozone.container.common.statemachine.commandhandler.ClosePipelineCommandHandler.handle(ClosePipelineCommandHandler.java:74)
	at org.apache.hadoop.ozone.container.common.statemachine.commandhandler.CommandDispatcher.handle(CommandDispatcher.java:99)
	at org.apache.hadoop.ozone.container.common.statemachine.DatanodeStateMachine.lambda$initCommandHandlerThread$2(DatanodeStateMachine.java:498)
	at java.lang.Thread.run(Thread.java:748)
Caused by: org.apache.ratis.protocol.exceptions.GroupMismatchException: d5d7cc10-80c6-421e-a2cb-6e4e9e0bf9f8: Group group-82FE8DDC79AF not found.
	at org.apache.ratis.server.impl.RaftServerProxy.groupRemoveAsync(RaftServerProxy.java:504)
	at org.apache.ratis.server.impl.RaftServerProxy.groupManagementAsync(RaftServerProxy.java:460)
	at org.apache.ratis.server.impl.RaftServerProxy.groupManagement(RaftServerProxy.java:440)
	at org.apache.hadoop.ozone.container.common.transport.server.ratis.XceiverServerRatis.removeGroup(XceiverServerRatis.java:786)
	... 4 more
2021-01-29 15:28:14,684 [Command processor thread] WARN  server.RaftServer (RaftServerProxy.java:remove(101)) - d5d7cc10-80c6-421e-a2cb-6e4e9e0bf9f8: does not contain group: group-82FE8DDC79AF
2021-01-29 15:28:14,684 [Command processor thread] ERROR commandhandler.ClosePipelineCommandHandler (ClosePipelineCommandHandler.java:handle(78)) - Can't close pipeline PipelineID=ada21374-47fd-4d92-9ee3-82fe8ddc79af
java.io.IOException: d5d7cc10-80c6-421e-a2cb-6e4e9e0bf9f8: Group group-82FE8DDC79AF not found.
	at org.apache.hadoop.ozone.container.common.transport.server.ratis.XceiverServerRatis.removeGroup(XceiverServerRatis.java:788)
	at org.apache.hadoop.ozone.container.common.statemachine.commandhandler.ClosePipelineCommandHandler.handle(ClosePipelineCommandHandler.java:74)
	at org.apache.hadoop.ozone.container.common.statemachine.commandhandler.CommandDispatcher.handle(CommandDispatcher.java:99)
	at org.apache.hadoop.ozone.container.common.statemachine.DatanodeStateMachine.lambda$initCommandHandlerThread$2(DatanodeStateMachine.java:498)
	at java.lang.Thread.run(Thread.java:748)
Caused by: org.apache.ratis.protocol.exceptions.GroupMismatchException: d5d7cc10-80c6-421e-a2cb-6e4e9e0bf9f8: Group group-82FE8DDC79AF not found.
	at org.apache.ratis.server.impl.RaftServerProxy.groupRemoveAsync(RaftServerProxy.java:504)
	at org.apache.ratis.server.impl.RaftServerProxy.groupManagementAsync(RaftServerProxy.java:460)
	at org.apache.ratis.server.impl.RaftServerProxy.groupManagement(RaftServerProxy.java:440)
	at org.apache.hadoop.ozone.container.common.transport.server.ratis.XceiverServerRatis.removeGroup(XceiverServerRatis.java:786)
	... 4 more
2021-01-29 15:28:15,695 [Command processor thread] WARN  server.RaftServer (RaftServerProxy.java:remove(101)) - 917eb864-1739-4fd5-ac14-ff1ecb8c1d24: does not contain group: group-82FE8DDC79AF
2021-01-29 15:28:15,695 [Command processor thread] ERROR commandhandler.ClosePipelineCommandHandler (ClosePipelineCommandHandler.java:handle(78)) - Can't close pipeline PipelineID=ada21374-47fd-4d92-9ee3-82fe8ddc79af
java.io.IOException: 917eb864-1739-4fd5-ac14-ff1ecb8c1d24: Group group-82FE8DDC79AF not found.
	at org.apache.hadoop.ozone.container.common.transport.server.ratis.XceiverServerRatis.removeGroup(XceiverServerRatis.java:788)
	at org.apache.hadoop.ozone.container.common.statemachine.commandhandler.ClosePipelineCommandHandler.handle(ClosePipelineCommandHandler.java:74)
	at org.apache.hadoop.ozone.container.common.statemachine.commandhandler.CommandDispatcher.handle(CommandDispatcher.java:99)
	at org.apache.hadoop.ozone.container.common.statemachine.DatanodeStateMachine.lambda$initCommandHandlerThread$2(DatanodeStateMachine.java:498)
	at java.lang.Thread.run(Thread.java:748)
Caused by: org.apache.ratis.protocol.exceptions.GroupMismatchException: 917eb864-1739-4fd5-ac14-ff1ecb8c1d24: Group group-82FE8DDC79AF not found.
	at org.apache.ratis.server.impl.RaftServerProxy.groupRemoveAsync(RaftServerProxy.java:504)
	at org.apache.ratis.server.impl.RaftServerProxy.groupManagementAsync(RaftServerProxy.java:460)
	at org.apache.ratis.server.impl.RaftServerProxy.groupManagement(RaftServerProxy.java:440)
	at org.apache.hadoop.ozone.container.common.transport.server.ratis.XceiverServerRatis.removeGroup(XceiverServerRatis.java:786)
	... 4 more
2021-01-29 15:28:15,695 [Command processor thread] WARN  server.RaftServer (RaftServerProxy.java:remove(101)) - 917eb864-1739-4fd5-ac14-ff1ecb8c1d24: does not contain group: group-82FE8DDC79AF
2021-01-29 15:28:15,696 [Command processor thread] ERROR commandhandler.ClosePipelineCommandHandler (ClosePipelineCommandHandler.java:handle(78)) - Can't close pipeline PipelineID=ada21374-47fd-4d92-9ee3-82fe8ddc79af
java.io.IOException: 917eb864-1739-4fd5-ac14-ff1ecb8c1d24: Group group-82FE8DDC79AF not found.
	at org.apache.hadoop.ozone.container.common.transport.server.ratis.XceiverServerRatis.removeGroup(XceiverServerRatis.java:788)
	at org.apache.hadoop.ozone.container.common.statemachine.commandhandler.ClosePipelineCommandHandler.handle(ClosePipelineCommandHandler.java:74)
	at org.apache.hadoop.ozone.container.common.statemachine.commandhandler.CommandDispatcher.handle(CommandDispatcher.java:99)
	at org.apache.hadoop.ozone.container.common.statemachine.DatanodeStateMachine.lambda$initCommandHandlerThread$2(DatanodeStateMachine.java:498)
	at java.lang.Thread.run(Thread.java:748)
Caused by: org.apache.ratis.protocol.exceptions.GroupMismatchException: 917eb864-1739-4fd5-ac14-ff1ecb8c1d24: Group group-82FE8DDC79AF not found.
	at org.apache.ratis.server.impl.RaftServerProxy.groupRemoveAsync(RaftServerProxy.java:504)
	at org.apache.ratis.server.impl.RaftServerProxy.groupManagementAsync(RaftServerProxy.java:460)
	at org.apache.ratis.server.impl.RaftServerProxy.groupManagement(RaftServerProxy.java:440)
	at org.apache.hadoop.ozone.container.common.transport.server.ratis.XceiverServerRatis.removeGroup(XceiverServerRatis.java:786)
	... 4 more
2021-01-29 15:28:16,685 [Command processor thread] WARN  server.RaftServer (RaftServerProxy.java:remove(101)) - d5d7cc10-80c6-421e-a2cb-6e4e9e0bf9f8: does not contain group: group-82FE8DDC79AF
2021-01-29 15:28:16,685 [Command processor thread] ERROR commandhandler.ClosePipelineCommandHandler (ClosePipelineCommandHandler.java:handle(78)) - Can't close pipeline PipelineID=ada21374-47fd-4d92-9ee3-82fe8ddc79af
java.io.IOException: d5d7cc10-80c6-421e-a2cb-6e4e9e0bf9f8: Group group-82FE8DDC79AF not found.
	at org.apache.hadoop.ozone.container.common.transport.server.ratis.XceiverServerRatis.removeGroup(XceiverServerRatis.java:788)
	at org.apache.hadoop.ozone.container.common.statemachine.commandhandler.ClosePipelineCommandHandler.handle(ClosePipelineCommandHandler.java:74)
	at org.apache.hadoop.ozone.container.common.statemachine.commandhandler.CommandDispatcher.handle(CommandDispatcher.java:99)
	at org.apache.hadoop.ozone.container.common.statemachine.DatanodeStateMachine.lambda$initCommandHandlerThread$2(DatanodeStateMachine.java:498)
	at java.lang.Thread.run(Thread.java:748)
Caused by: org.apache.ratis.protocol.exceptions.GroupMismatchException: d5d7cc10-80c6-421e-a2cb-6e4e9e0bf9f8: Group group-82FE8DDC79AF not found.
	at org.apache.ratis.server.impl.RaftServerProxy.groupRemoveAsync(RaftServerProxy.java:504)
	at org.apache.ratis.server.impl.RaftServerProxy.groupManagementAsync(RaftServerProxy.java:460)
	at org.apache.ratis.server.impl.RaftServerProxy.groupManagement(RaftServerProxy.java:440)
	at org.apache.hadoop.ozone.container.common.transport.server.ratis.XceiverServerRatis.removeGroup(XceiverServerRatis.java:786)
	... 4 more
2021-01-29 15:28:16,685 [Command processor thread] WARN  server.RaftServer (RaftServerProxy.java:remove(101)) - d5d7cc10-80c6-421e-a2cb-6e4e9e0bf9f8: does not contain group: group-82FE8DDC79AF
2021-01-29 15:28:16,685 [Command processor thread] ERROR commandhandler.ClosePipelineCommandHandler (ClosePipelineCommandHandler.java:handle(78)) - Can't close pipeline PipelineID=ada21374-47fd-4d92-9ee3-82fe8ddc79af
java.io.IOException: d5d7cc10-80c6-421e-a2cb-6e4e9e0bf9f8: Group group-82FE8DDC79AF not found.
	at org.apache.hadoop.ozone.container.common.transport.server.ratis.XceiverServerRatis.removeGroup(XceiverServerRatis.java:788)
	at org.apache.hadoop.ozone.container.common.statemachine.commandhandler.ClosePipelineCommandHandler.handle(ClosePipelineCommandHandler.java:74)
	at org.apache.hadoop.ozone.container.common.statemachine.commandhandler.CommandDispatcher.handle(CommandDispatcher.java:99)
	at org.apache.hadoop.ozone.container.common.statemachine.DatanodeStateMachine.lambda$initCommandHandlerThread$2(DatanodeStateMachine.java:498)
	at java.lang.Thread.run(Thread.java:748)
Caused by: org.apache.ratis.protocol.exceptions.GroupMismatchException: d5d7cc10-80c6-421e-a2cb-6e4e9e0bf9f8: Group group-82FE8DDC79AF not found.
	at org.apache.ratis.server.impl.RaftServerProxy.groupRemoveAsync(RaftServerProxy.java:504)
	at org.apache.ratis.server.impl.RaftServerProxy.groupManagementAsync(RaftServerProxy.java:460)
	at org.apache.ratis.server.impl.RaftServerProxy.groupManagement(RaftServerProxy.java:440)
	at org.apache.hadoop.ozone.container.common.transport.server.ratis.XceiverServerRatis.removeGroup(XceiverServerRatis.java:786)
	... 4 more
2021-01-29 15:28:17,695 [Command processor thread] WARN  server.RaftServer (RaftServerProxy.java:remove(101)) - 917eb864-1739-4fd5-ac14-ff1ecb8c1d24: does not contain group: group-82FE8DDC79AF
2021-01-29 15:28:17,695 [Command processor thread] ERROR commandhandler.ClosePipelineCommandHandler (ClosePipelineCommandHandler.java:handle(78)) - Can't close pipeline PipelineID=ada21374-47fd-4d92-9ee3-82fe8ddc79af
java.io.IOException: 917eb864-1739-4fd5-ac14-ff1ecb8c1d24: Group group-82FE8DDC79AF not found.
	at org.apache.hadoop.ozone.container.common.transport.server.ratis.XceiverServerRatis.removeGroup(XceiverServerRatis.java:788)
	at org.apache.hadoop.ozone.container.common.statemachine.commandhandler.ClosePipelineCommandHandler.handle(ClosePipelineCommandHandler.java:74)
	at org.apache.hadoop.ozone.container.common.statemachine.commandhandler.CommandDispatcher.handle(CommandDispatcher.java:99)
	at org.apache.hadoop.ozone.container.common.statemachine.DatanodeStateMachine.lambda$initCommandHandlerThread$2(DatanodeStateMachine.java:498)
	at java.lang.Thread.run(Thread.java:748)
Caused by: org.apache.ratis.protocol.exceptions.GroupMismatchException: 917eb864-1739-4fd5-ac14-ff1ecb8c1d24: Group group-82FE8DDC79AF not found.
	at org.apache.ratis.server.impl.RaftServerProxy.groupRemoveAsync(RaftServerProxy.java:504)
	at org.apache.ratis.server.impl.RaftServerProxy.groupManagementAsync(RaftServerProxy.java:460)
	at org.apache.ratis.server.impl.RaftServerProxy.groupManagement(RaftServerProxy.java:440)
	at org.apache.hadoop.ozone.container.common.transport.server.ratis.XceiverServerRatis.removeGroup(XceiverServerRatis.java:786)
	... 4 more
2021-01-29 15:28:17,695 [Command processor thread] WARN  server.RaftServer (RaftServerProxy.java:remove(101)) - 917eb864-1739-4fd5-ac14-ff1ecb8c1d24: does not contain group: group-82FE8DDC79AF
2021-01-29 15:28:17,695 [Command processor thread] ERROR commandhandler.ClosePipelineCommandHandler (ClosePipelineCommandHandler.java:handle(78)) - Can't close pipeline PipelineID=ada21374-47fd-4d92-9ee3-82fe8ddc79af
java.io.IOException: 917eb864-1739-4fd5-ac14-ff1ecb8c1d24: Group group-82FE8DDC79AF not found.
	at org.apache.hadoop.ozone.container.common.transport.server.ratis.XceiverServerRatis.removeGroup(XceiverServerRatis.java:788)
	at org.apache.hadoop.ozone.container.common.statemachine.commandhandler.ClosePipelineCommandHandler.handle(ClosePipelineCommandHandler.java:74)
	at org.apache.hadoop.ozone.container.common.statemachine.commandhandler.CommandDispatcher.handle(CommandDispatcher.java:99)
	at org.apache.hadoop.ozone.container.common.statemachine.DatanodeStateMachine.lambda$initCommandHandlerThread$2(DatanodeStateMachine.java:498)
	at java.lang.Thread.run(Thread.java:748)
Caused by: org.apache.ratis.protocol.exceptions.GroupMismatchException: 917eb864-1739-4fd5-ac14-ff1ecb8c1d24: Group group-82FE8DDC79AF not found.
	at org.apache.ratis.server.impl.RaftServerProxy.groupRemoveAsync(RaftServerProxy.java:504)
	at org.apache.ratis.server.impl.RaftServerProxy.groupManagementAsync(RaftServerProxy.java:460)
	at org.apache.ratis.server.impl.RaftServerProxy.groupManagement(RaftServerProxy.java:440)
	at org.apache.hadoop.ozone.container.common.transport.server.ratis.XceiverServerRatis.removeGroup(XceiverServerRatis.java:786)
	... 4 more
2021-01-29 15:28:18,688 [Command processor thread] WARN  server.RaftServer (RaftServerProxy.java:remove(101)) - d5d7cc10-80c6-421e-a2cb-6e4e9e0bf9f8: does not contain group: group-82FE8DDC79AF
2021-01-29 15:28:18,688 [Command processor thread] ERROR commandhandler.ClosePipelineCommandHandler (ClosePipelineCommandHandler.java:handle(78)) - Can't close pipeline PipelineID=ada21374-47fd-4d92-9ee3-82fe8ddc79af
java.io.IOException: d5d7cc10-80c6-421e-a2cb-6e4e9e0bf9f8: Group group-82FE8DDC79AF not found.
	at org.apache.hadoop.ozone.container.common.transport.server.ratis.XceiverServerRatis.removeGroup(XceiverServerRatis.java:788)
	at org.apache.hadoop.ozone.container.common.statemachine.commandhandler.ClosePipelineCommandHandler.handle(ClosePipelineCommandHandler.java:74)
	at org.apache.hadoop.ozone.container.common.statemachine.commandhandler.CommandDispatcher.handle(CommandDispatcher.java:99)
	at org.apache.hadoop.ozone.container.common.statemachine.DatanodeStateMachine.lambda$initCommandHandlerThread$2(DatanodeStateMachine.java:498)
	at java.lang.Thread.run(Thread.java:748)
Caused by: org.apache.ratis.protocol.exceptions.GroupMismatchException: d5d7cc10-80c6-421e-a2cb-6e4e9e0bf9f8: Group group-82FE8DDC79AF not found.
	at org.apache.ratis.server.impl.RaftServerProxy.groupRemoveAsync(RaftServerProxy.java:504)
	at org.apache.ratis.server.impl.RaftServerProxy.groupManagementAsync(RaftServerProxy.java:460)
	at org.apache.ratis.server.impl.RaftServerProxy.groupManagement(RaftServerProxy.java:440)
	at org.apache.hadoop.ozone.container.common.transport.server.ratis.XceiverServerRatis.removeGroup(XceiverServerRatis.java:786)
	... 4 more
2021-01-29 15:28:18,688 [Command processor thread] WARN  server.RaftServer (RaftServerProxy.java:remove(101)) - d5d7cc10-80c6-421e-a2cb-6e4e9e0bf9f8: does not contain group: group-82FE8DDC79AF
2021-01-29 15:28:18,688 [Command processor thread] ERROR commandhandler.ClosePipelineCommandHandler (ClosePipelineCommandHandler.java:handle(78)) - Can't close pipeline PipelineID=ada21374-47fd-4d92-9ee3-82fe8ddc79af
java.io.IOException: d5d7cc10-80c6-421e-a2cb-6e4e9e0bf9f8: Group group-82FE8DDC79AF not found.
	at org.apache.hadoop.ozone.container.common.transport.server.ratis.XceiverServerRatis.removeGroup(XceiverServerRatis.java:788)
	at org.apache.hadoop.ozone.container.common.statemachine.commandhandler.ClosePipelineCommandHandler.handle(ClosePipelineCommandHandler.java:74)
	at org.apache.hadoop.ozone.container.common.statemachine.commandhandler.CommandDispatcher.handle(CommandDispatcher.java:99)
	at org.apache.hadoop.ozone.container.common.statemachine.DatanodeStateMachine.lambda$initCommandHandlerThread$2(DatanodeStateMachine.java:498)
	at java.lang.Thread.run(Thread.java:748)
Caused by: org.apache.ratis.protocol.exceptions.GroupMismatchException: d5d7cc10-80c6-421e-a2cb-6e4e9e0bf9f8: Group group-82FE8DDC79AF not found.
	at org.apache.ratis.server.impl.RaftServerProxy.groupRemoveAsync(RaftServerProxy.java:504)
	at org.apache.ratis.server.impl.RaftServerProxy.groupManagementAsync(RaftServerProxy.java:460)
	at org.apache.ratis.server.impl.RaftServerProxy.groupManagement(RaftServerProxy.java:440)
	at org.apache.hadoop.ozone.container.common.transport.server.ratis.XceiverServerRatis.removeGroup(XceiverServerRatis.java:786)
	... 4 more
2021-01-29 15:28:18,691 [EventQueue-ContainerReportForContainerReportHandler] INFO  container.ContainerReportHandler (AbstractContainerReportHandler.java:updateContainerState(208)) - Moving container #6 to QUASI_CLOSED state, datanode d5d7cc10-80c6-421e-a2cb-6e4e9e0bf9f8{ip: 172.17.0.2, host: 6dba130846a4, networkLocation: /default-rack, certSerialId: null, persistedOpState: IN_SERVICE, persistedOpStateExpiryEpochSec: 0} reported QUASI_CLOSED replica.
2021-01-29 15:28:19,695 [Command processor thread] WARN  server.RaftServer (RaftServerProxy.java:remove(101)) - 917eb864-1739-4fd5-ac14-ff1ecb8c1d24: does not contain group: group-82FE8DDC79AF
2021-01-29 15:28:19,695 [Command processor thread] ERROR commandhandler.ClosePipelineCommandHandler (ClosePipelineCommandHandler.java:handle(78)) - Can't close pipeline PipelineID=ada21374-47fd-4d92-9ee3-82fe8ddc79af
java.io.IOException: 917eb864-1739-4fd5-ac14-ff1ecb8c1d24: Group group-82FE8DDC79AF not found.
	at org.apache.hadoop.ozone.container.common.transport.server.ratis.XceiverServerRatis.removeGroup(XceiverServerRatis.java:788)
	at org.apache.hadoop.ozone.container.common.statemachine.commandhandler.ClosePipelineCommandHandler.handle(ClosePipelineCommandHandler.java:74)
	at org.apache.hadoop.ozone.container.common.statemachine.commandhandler.CommandDispatcher.handle(CommandDispatcher.java:99)
	at org.apache.hadoop.ozone.container.common.statemachine.DatanodeStateMachine.lambda$initCommandHandlerThread$2(DatanodeStateMachine.java:498)
	at java.lang.Thread.run(Thread.java:748)
Caused by: org.apache.ratis.protocol.exceptions.GroupMismatchException: 917eb864-1739-4fd5-ac14-ff1ecb8c1d24: Group group-82FE8DDC79AF not found.
	at org.apache.ratis.server.impl.RaftServerProxy.groupRemoveAsync(RaftServerProxy.java:504)
	at org.apache.ratis.server.impl.RaftServerProxy.groupManagementAsync(RaftServerProxy.java:460)
	at org.apache.ratis.server.impl.RaftServerProxy.groupManagement(RaftServerProxy.java:440)
	at org.apache.hadoop.ozone.container.common.transport.server.ratis.XceiverServerRatis.removeGroup(XceiverServerRatis.java:786)
	... 4 more
2021-01-29 15:28:19,695 [Command processor thread] WARN  server.RaftServer (RaftServerProxy.java:remove(101)) - 917eb864-1739-4fd5-ac14-ff1ecb8c1d24: does not contain group: group-82FE8DDC79AF
2021-01-29 15:28:19,695 [Command processor thread] ERROR commandhandler.ClosePipelineCommandHandler (ClosePipelineCommandHandler.java:handle(78)) - Can't close pipeline PipelineID=ada21374-47fd-4d92-9ee3-82fe8ddc79af
java.io.IOException: 917eb864-1739-4fd5-ac14-ff1ecb8c1d24: Group group-82FE8DDC79AF not found.
	at org.apache.hadoop.ozone.container.common.transport.server.ratis.XceiverServerRatis.removeGroup(XceiverServerRatis.java:788)
	at org.apache.hadoop.ozone.container.common.statemachine.commandhandler.ClosePipelineCommandHandler.handle(ClosePipelineCommandHandler.java:74)
	at org.apache.hadoop.ozone.container.common.statemachine.commandhandler.CommandDispatcher.handle(CommandDispatcher.java:99)
	at org.apache.hadoop.ozone.container.common.statemachine.DatanodeStateMachine.lambda$initCommandHandlerThread$2(DatanodeStateMachine.java:498)
	at java.lang.Thread.run(Thread.java:748)
Caused by: org.apache.ratis.protocol.exceptions.GroupMismatchException: 917eb864-1739-4fd5-ac14-ff1ecb8c1d24: Group group-82FE8DDC79AF not found.
	at org.apache.ratis.server.impl.RaftServerProxy.groupRemoveAsync(RaftServerProxy.java:504)
	at org.apache.ratis.server.impl.RaftServerProxy.groupManagementAsync(RaftServerProxy.java:460)
	at org.apache.ratis.server.impl.RaftServerProxy.groupManagement(RaftServerProxy.java:440)
	at org.apache.hadoop.ozone.container.common.transport.server.ratis.XceiverServerRatis.removeGroup(XceiverServerRatis.java:786)
	... 4 more
2021-01-29 15:28:20,688 [Command processor thread] WARN  server.RaftServer (RaftServerProxy.java:remove(101)) - d5d7cc10-80c6-421e-a2cb-6e4e9e0bf9f8: does not contain group: group-82FE8DDC79AF
2021-01-29 15:28:20,688 [Command processor thread] ERROR commandhandler.ClosePipelineCommandHandler (ClosePipelineCommandHandler.java:handle(78)) - Can't close pipeline PipelineID=ada21374-47fd-4d92-9ee3-82fe8ddc79af
java.io.IOException: d5d7cc10-80c6-421e-a2cb-6e4e9e0bf9f8: Group group-82FE8DDC79AF not found.
	at org.apache.hadoop.ozone.container.common.transport.server.ratis.XceiverServerRatis.removeGroup(XceiverServerRatis.java:788)
	at org.apache.hadoop.ozone.container.common.statemachine.commandhandler.ClosePipelineCommandHandler.handle(ClosePipelineCommandHandler.java:74)
	at org.apache.hadoop.ozone.container.common.statemachine.commandhandler.CommandDispatcher.handle(CommandDispatcher.java:99)
	at org.apache.hadoop.ozone.container.common.statemachine.DatanodeStateMachine.lambda$initCommandHandlerThread$2(DatanodeStateMachine.java:498)
	at java.lang.Thread.run(Thread.java:748)
Caused by: org.apache.ratis.protocol.exceptions.GroupMismatchException: d5d7cc10-80c6-421e-a2cb-6e4e9e0bf9f8: Group group-82FE8DDC79AF not found.
	at org.apache.ratis.server.impl.RaftServerProxy.groupRemoveAsync(RaftServerProxy.java:504)
	at org.apache.ratis.server.impl.RaftServerProxy.groupManagementAsync(RaftServerProxy.java:460)
	at org.apache.ratis.server.impl.RaftServerProxy.groupManagement(RaftServerProxy.java:440)
	at org.apache.hadoop.ozone.container.common.transport.server.ratis.XceiverServerRatis.removeGroup(XceiverServerRatis.java:786)
	... 4 more
2021-01-29 15:28:20,688 [Command processor thread] WARN  server.RaftServer (RaftServerProxy.java:remove(101)) - d5d7cc10-80c6-421e-a2cb-6e4e9e0bf9f8: does not contain group: group-82FE8DDC79AF
2021-01-29 15:28:20,688 [Command processor thread] ERROR commandhandler.ClosePipelineCommandHandler (ClosePipelineCommandHandler.java:handle(78)) - Can't close pipeline PipelineID=ada21374-47fd-4d92-9ee3-82fe8ddc79af
java.io.IOException: d5d7cc10-80c6-421e-a2cb-6e4e9e0bf9f8: Group group-82FE8DDC79AF not found.
	at org.apache.hadoop.ozone.container.common.transport.server.ratis.XceiverServerRatis.removeGroup(XceiverServerRatis.java:788)
	at org.apache.hadoop.ozone.container.common.statemachine.commandhandler.ClosePipelineCommandHandler.handle(ClosePipelineCommandHandler.java:74)
	at org.apache.hadoop.ozone.container.common.statemachine.commandhandler.CommandDispatcher.handle(CommandDispatcher.java:99)
	at org.apache.hadoop.ozone.container.common.statemachine.DatanodeStateMachine.lambda$initCommandHandlerThread$2(DatanodeStateMachine.java:498)
	at java.lang.Thread.run(Thread.java:748)
Caused by: org.apache.ratis.protocol.exceptions.GroupMismatchException: d5d7cc10-80c6-421e-a2cb-6e4e9e0bf9f8: Group group-82FE8DDC79AF not found.
	at org.apache.ratis.server.impl.RaftServerProxy.groupRemoveAsync(RaftServerProxy.java:504)
	at org.apache.ratis.server.impl.RaftServerProxy.groupManagementAsync(RaftServerProxy.java:460)
	at org.apache.ratis.server.impl.RaftServerProxy.groupManagement(RaftServerProxy.java:440)
	at org.apache.hadoop.ozone.container.common.transport.server.ratis.XceiverServerRatis.removeGroup(XceiverServerRatis.java:786)
	... 4 more
2021-01-29 15:28:21,696 [Command processor thread] WARN  server.RaftServer (RaftServerProxy.java:remove(101)) - 917eb864-1739-4fd5-ac14-ff1ecb8c1d24: does not contain group: group-82FE8DDC79AF
2021-01-29 15:28:21,696 [Command processor thread] ERROR commandhandler.ClosePipelineCommandHandler (ClosePipelineCommandHandler.java:handle(78)) - Can't close pipeline PipelineID=ada21374-47fd-4d92-9ee3-82fe8ddc79af
java.io.IOException: 917eb864-1739-4fd5-ac14-ff1ecb8c1d24: Group group-82FE8DDC79AF not found.
	at org.apache.hadoop.ozone.container.common.transport.server.ratis.XceiverServerRatis.removeGroup(XceiverServerRatis.java:788)
	at org.apache.hadoop.ozone.container.common.statemachine.commandhandler.ClosePipelineCommandHandler.handle(ClosePipelineCommandHandler.java:74)
	at org.apache.hadoop.ozone.container.common.statemachine.commandhandler.CommandDispatcher.handle(CommandDispatcher.java:99)
	at org.apache.hadoop.ozone.container.common.statemachine.DatanodeStateMachine.lambda$initCommandHandlerThread$2(DatanodeStateMachine.java:498)
	at java.lang.Thread.run(Thread.java:748)
Caused by: org.apache.ratis.protocol.exceptions.GroupMismatchException: 917eb864-1739-4fd5-ac14-ff1ecb8c1d24: Group group-82FE8DDC79AF not found.
	at org.apache.ratis.server.impl.RaftServerProxy.groupRemoveAsync(RaftServerProxy.java:504)
	at org.apache.ratis.server.impl.RaftServerProxy.groupManagementAsync(RaftServerProxy.java:460)
	at org.apache.ratis.server.impl.RaftServerProxy.groupManagement(RaftServerProxy.java:440)
	at org.apache.hadoop.ozone.container.common.transport.server.ratis.XceiverServerRatis.removeGroup(XceiverServerRatis.java:786)
	... 4 more
2021-01-29 15:28:21,696 [Command processor thread] WARN  server.RaftServer (RaftServerProxy.java:remove(101)) - 917eb864-1739-4fd5-ac14-ff1ecb8c1d24: does not contain group: group-82FE8DDC79AF
2021-01-29 15:28:21,696 [Command processor thread] ERROR commandhandler.ClosePipelineCommandHandler (ClosePipelineCommandHandler.java:handle(78)) - Can't close pipeline PipelineID=ada21374-47fd-4d92-9ee3-82fe8ddc79af
java.io.IOException: 917eb864-1739-4fd5-ac14-ff1ecb8c1d24: Group group-82FE8DDC79AF not found.
	at org.apache.hadoop.ozone.container.common.transport.server.ratis.XceiverServerRatis.removeGroup(XceiverServerRatis.java:788)
	at org.apache.hadoop.ozone.container.common.statemachine.commandhandler.ClosePipelineCommandHandler.handle(ClosePipelineCommandHandler.java:74)
	at org.apache.hadoop.ozone.container.common.statemachine.commandhandler.CommandDispatcher.handle(CommandDispatcher.java:99)
	at org.apache.hadoop.ozone.container.common.statemachine.DatanodeStateMachine.lambda$initCommandHandlerThread$2(DatanodeStateMachine.java:498)
	at java.lang.Thread.run(Thread.java:748)
Caused by: org.apache.ratis.protocol.exceptions.GroupMismatchException: 917eb864-1739-4fd5-ac14-ff1ecb8c1d24: Group group-82FE8DDC79AF not found.
	at org.apache.ratis.server.impl.RaftServerProxy.groupRemoveAsync(RaftServerProxy.java:504)
	at org.apache.ratis.server.impl.RaftServerProxy.groupManagementAsync(RaftServerProxy.java:460)
	at org.apache.ratis.server.impl.RaftServerProxy.groupManagement(RaftServerProxy.java:440)
	at org.apache.hadoop.ozone.container.common.transport.server.ratis.XceiverServerRatis.removeGroup(XceiverServerRatis.java:786)
	... 4 more
2021-01-29 15:28:22,688 [Command processor thread] WARN  server.RaftServer (RaftServerProxy.java:remove(101)) - d5d7cc10-80c6-421e-a2cb-6e4e9e0bf9f8: does not contain group: group-82FE8DDC79AF
2021-01-29 15:28:22,688 [Command processor thread] ERROR commandhandler.ClosePipelineCommandHandler (ClosePipelineCommandHandler.java:handle(78)) - Can't close pipeline PipelineID=ada21374-47fd-4d92-9ee3-82fe8ddc79af
java.io.IOException: d5d7cc10-80c6-421e-a2cb-6e4e9e0bf9f8: Group group-82FE8DDC79AF not found.
	at org.apache.hadoop.ozone.container.common.transport.server.ratis.XceiverServerRatis.removeGroup(XceiverServerRatis.java:788)
	at org.apache.hadoop.ozone.container.common.statemachine.commandhandler.ClosePipelineCommandHandler.handle(ClosePipelineCommandHandler.java:74)
	at org.apache.hadoop.ozone.container.common.statemachine.commandhandler.CommandDispatcher.handle(CommandDispatcher.java:99)
	at org.apache.hadoop.ozone.container.common.statemachine.DatanodeStateMachine.lambda$initCommandHandlerThread$2(DatanodeStateMachine.java:498)
	at java.lang.Thread.run(Thread.java:748)
Caused by: org.apache.ratis.protocol.exceptions.GroupMismatchException: d5d7cc10-80c6-421e-a2cb-6e4e9e0bf9f8: Group group-82FE8DDC79AF not found.
	at org.apache.ratis.server.impl.RaftServerProxy.groupRemoveAsync(RaftServerProxy.java:504)
	at org.apache.ratis.server.impl.RaftServerProxy.groupManagementAsync(RaftServerProxy.java:460)
	at org.apache.ratis.server.impl.RaftServerProxy.groupManagement(RaftServerProxy.java:440)
	at org.apache.hadoop.ozone.container.common.transport.server.ratis.XceiverServerRatis.removeGroup(XceiverServerRatis.java:786)
	... 4 more
2021-01-29 15:28:22,688 [Command processor thread] WARN  server.RaftServer (RaftServerProxy.java:remove(101)) - d5d7cc10-80c6-421e-a2cb-6e4e9e0bf9f8: does not contain group: group-82FE8DDC79AF
2021-01-29 15:28:22,688 [Command processor thread] ERROR commandhandler.ClosePipelineCommandHandler (ClosePipelineCommandHandler.java:handle(78)) - Can't close pipeline PipelineID=ada21374-47fd-4d92-9ee3-82fe8ddc79af
java.io.IOException: d5d7cc10-80c6-421e-a2cb-6e4e9e0bf9f8: Group group-82FE8DDC79AF not found.
	at org.apache.hadoop.ozone.container.common.transport.server.ratis.XceiverServerRatis.removeGroup(XceiverServerRatis.java:788)
	at org.apache.hadoop.ozone.container.common.statemachine.commandhandler.ClosePipelineCommandHandler.handle(ClosePipelineCommandHandler.java:74)
	at org.apache.hadoop.ozone.container.common.statemachine.commandhandler.CommandDispatcher.handle(CommandDispatcher.java:99)
	at org.apache.hadoop.ozone.container.common.statemachine.DatanodeStateMachine.lambda$initCommandHandlerThread$2(DatanodeStateMachine.java:498)
	at java.lang.Thread.run(Thread.java:748)
Caused by: org.apache.ratis.protocol.exceptions.GroupMismatchException: d5d7cc10-80c6-421e-a2cb-6e4e9e0bf9f8: Group group-82FE8DDC79AF not found.
	at org.apache.ratis.server.impl.RaftServerProxy.groupRemoveAsync(RaftServerProxy.java:504)
	at org.apache.ratis.server.impl.RaftServerProxy.groupManagementAsync(RaftServerProxy.java:460)
	at org.apache.ratis.server.impl.RaftServerProxy.groupManagement(RaftServerProxy.java:440)
	at org.apache.hadoop.ozone.container.common.transport.server.ratis.XceiverServerRatis.removeGroup(XceiverServerRatis.java:786)
	... 4 more
2021-01-29 15:28:23,697 [Command processor thread] WARN  server.RaftServer (RaftServerProxy.java:remove(101)) - 917eb864-1739-4fd5-ac14-ff1ecb8c1d24: does not contain group: group-82FE8DDC79AF
2021-01-29 15:28:23,697 [Command processor thread] ERROR commandhandler.ClosePipelineCommandHandler (ClosePipelineCommandHandler.java:handle(78)) - Can't close pipeline PipelineID=ada21374-47fd-4d92-9ee3-82fe8ddc79af
java.io.IOException: 917eb864-1739-4fd5-ac14-ff1ecb8c1d24: Group group-82FE8DDC79AF not found.
	at org.apache.hadoop.ozone.container.common.transport.server.ratis.XceiverServerRatis.removeGroup(XceiverServerRatis.java:788)
	at org.apache.hadoop.ozone.container.common.statemachine.commandhandler.ClosePipelineCommandHandler.handle(ClosePipelineCommandHandler.java:74)
	at org.apache.hadoop.ozone.container.common.statemachine.commandhandler.CommandDispatcher.handle(CommandDispatcher.java:99)
	at org.apache.hadoop.ozone.container.common.statemachine.DatanodeStateMachine.lambda$initCommandHandlerThread$2(DatanodeStateMachine.java:498)
	at java.lang.Thread.run(Thread.java:748)
Caused by: org.apache.ratis.protocol.exceptions.GroupMismatchException: 917eb864-1739-4fd5-ac14-ff1ecb8c1d24: Group group-82FE8DDC79AF not found.
	at org.apache.ratis.server.impl.RaftServerProxy.groupRemoveAsync(RaftServerProxy.java:504)
	at org.apache.ratis.server.impl.RaftServerProxy.groupManagementAsync(RaftServerProxy.java:460)
	at org.apache.ratis.server.impl.RaftServerProxy.groupManagement(RaftServerProxy.java:440)
	at org.apache.hadoop.ozone.container.common.transport.server.ratis.XceiverServerRatis.removeGroup(XceiverServerRatis.java:786)
	... 4 more
2021-01-29 15:28:23,697 [Command processor thread] WARN  server.RaftServer (RaftServerProxy.java:remove(101)) - 917eb864-1739-4fd5-ac14-ff1ecb8c1d24: does not contain group: group-82FE8DDC79AF
2021-01-29 15:28:23,697 [Command processor thread] ERROR commandhandler.ClosePipelineCommandHandler (ClosePipelineCommandHandler.java:handle(78)) - Can't close pipeline PipelineID=ada21374-47fd-4d92-9ee3-82fe8ddc79af
java.io.IOException: 917eb864-1739-4fd5-ac14-ff1ecb8c1d24: Group group-82FE8DDC79AF not found.
	at org.apache.hadoop.ozone.container.common.transport.server.ratis.XceiverServerRatis.removeGroup(XceiverServerRatis.java:788)
	at org.apache.hadoop.ozone.container.common.statemachine.commandhandler.ClosePipelineCommandHandler.handle(ClosePipelineCommandHandler.java:74)
	at org.apache.hadoop.ozone.container.common.statemachine.commandhandler.CommandDispatcher.handle(CommandDispatcher.java:99)
	at org.apache.hadoop.ozone.container.common.statemachine.DatanodeStateMachine.lambda$initCommandHandlerThread$2(DatanodeStateMachine.java:498)
	at java.lang.Thread.run(Thread.java:748)
Caused by: org.apache.ratis.protocol.exceptions.GroupMismatchException: 917eb864-1739-4fd5-ac14-ff1ecb8c1d24: Group group-82FE8DDC79AF not found.
	at org.apache.ratis.server.impl.RaftServerProxy.groupRemoveAsync(RaftServerProxy.java:504)
	at org.apache.ratis.server.impl.RaftServerProxy.groupManagementAsync(RaftServerProxy.java:460)
	at org.apache.ratis.server.impl.RaftServerProxy.groupManagement(RaftServerProxy.java:440)
	at org.apache.hadoop.ozone.container.common.transport.server.ratis.XceiverServerRatis.removeGroup(XceiverServerRatis.java:786)
	... 4 more
2021-01-29 15:28:24,690 [Command processor thread] WARN  server.RaftServer (RaftServerProxy.java:remove(101)) - d5d7cc10-80c6-421e-a2cb-6e4e9e0bf9f8: does not contain group: group-82FE8DDC79AF
2021-01-29 15:28:24,690 [Command processor thread] ERROR commandhandler.ClosePipelineCommandHandler (ClosePipelineCommandHandler.java:handle(78)) - Can't close pipeline PipelineID=ada21374-47fd-4d92-9ee3-82fe8ddc79af
java.io.IOException: d5d7cc10-80c6-421e-a2cb-6e4e9e0bf9f8: Group group-82FE8DDC79AF not found.
	at org.apache.hadoop.ozone.container.common.transport.server.ratis.XceiverServerRatis.removeGroup(XceiverServerRatis.java:788)
	at org.apache.hadoop.ozone.container.common.statemachine.commandhandler.ClosePipelineCommandHandler.handle(ClosePipelineCommandHandler.java:74)
	at org.apache.hadoop.ozone.container.common.statemachine.commandhandler.CommandDispatcher.handle(CommandDispatcher.java:99)
	at org.apache.hadoop.ozone.container.common.statemachine.DatanodeStateMachine.lambda$initCommandHandlerThread$2(DatanodeStateMachine.java:498)
	at java.lang.Thread.run(Thread.java:748)
Caused by: org.apache.ratis.protocol.exceptions.GroupMismatchException: d5d7cc10-80c6-421e-a2cb-6e4e9e0bf9f8: Group group-82FE8DDC79AF not found.
	at org.apache.ratis.server.impl.RaftServerProxy.groupRemoveAsync(RaftServerProxy.java:504)
	at org.apache.ratis.server.impl.RaftServerProxy.groupManagementAsync(RaftServerProxy.java:460)
	at org.apache.ratis.server.impl.RaftServerProxy.groupManagement(RaftServerProxy.java:440)
	at org.apache.hadoop.ozone.container.common.transport.server.ratis.XceiverServerRatis.removeGroup(XceiverServerRatis.java:786)
	... 4 more
2021-01-29 15:28:24,690 [Command processor thread] WARN  server.RaftServer (RaftServerProxy.java:remove(101)) - d5d7cc10-80c6-421e-a2cb-6e4e9e0bf9f8: does not contain group: group-82FE8DDC79AF
2021-01-29 15:28:24,690 [Command processor thread] ERROR commandhandler.ClosePipelineCommandHandler (ClosePipelineCommandHandler.java:handle(78)) - Can't close pipeline PipelineID=ada21374-47fd-4d92-9ee3-82fe8ddc79af
java.io.IOException: d5d7cc10-80c6-421e-a2cb-6e4e9e0bf9f8: Group group-82FE8DDC79AF not found.
	at org.apache.hadoop.ozone.container.common.transport.server.ratis.XceiverServerRatis.removeGroup(XceiverServerRatis.java:788)
	at org.apache.hadoop.ozone.container.common.statemachine.commandhandler.ClosePipelineCommandHandler.handle(ClosePipelineCommandHandler.java:74)
	at org.apache.hadoop.ozone.container.common.statemachine.commandhandler.CommandDispatcher.handle(CommandDispatcher.java:99)
	at org.apache.hadoop.ozone.container.common.statemachine.DatanodeStateMachine.lambda$initCommandHandlerThread$2(DatanodeStateMachine.java:498)
	at java.lang.Thread.run(Thread.java:748)
Caused by: org.apache.ratis.protocol.exceptions.GroupMismatchException: d5d7cc10-80c6-421e-a2cb-6e4e9e0bf9f8: Group group-82FE8DDC79AF not found.
	at org.apache.ratis.server.impl.RaftServerProxy.groupRemoveAsync(RaftServerProxy.java:504)
	at org.apache.ratis.server.impl.RaftServerProxy.groupManagementAsync(RaftServerProxy.java:460)
	at org.apache.ratis.server.impl.RaftServerProxy.groupManagement(RaftServerProxy.java:440)
	at org.apache.hadoop.ozone.container.common.transport.server.ratis.XceiverServerRatis.removeGroup(XceiverServerRatis.java:786)
	... 4 more
2021-01-29 15:28:25,697 [Command processor thread] WARN  server.RaftServer (RaftServerProxy.java:remove(101)) - 917eb864-1739-4fd5-ac14-ff1ecb8c1d24: does not contain group: group-82FE8DDC79AF
2021-01-29 15:28:25,698 [Command processor thread] ERROR commandhandler.ClosePipelineCommandHandler (ClosePipelineCommandHandler.java:handle(78)) - Can't close pipeline PipelineID=ada21374-47fd-4d92-9ee3-82fe8ddc79af
java.io.IOException: 917eb864-1739-4fd5-ac14-ff1ecb8c1d24: Group group-82FE8DDC79AF not found.
	at org.apache.hadoop.ozone.container.common.transport.server.ratis.XceiverServerRatis.removeGroup(XceiverServerRatis.java:788)
	at org.apache.hadoop.ozone.container.common.statemachine.commandhandler.ClosePipelineCommandHandler.handle(ClosePipelineCommandHandler.java:74)
	at org.apache.hadoop.ozone.container.common.statemachine.commandhandler.CommandDispatcher.handle(CommandDispatcher.java:99)
	at org.apache.hadoop.ozone.container.common.statemachine.DatanodeStateMachine.lambda$initCommandHandlerThread$2(DatanodeStateMachine.java:498)
	at java.lang.Thread.run(Thread.java:748)
Caused by: org.apache.ratis.protocol.exceptions.GroupMismatchException: 917eb864-1739-4fd5-ac14-ff1ecb8c1d24: Group group-82FE8DDC79AF not found.
	at org.apache.ratis.server.impl.RaftServerProxy.groupRemoveAsync(RaftServerProxy.java:504)
	at org.apache.ratis.server.impl.RaftServerProxy.groupManagementAsync(RaftServerProxy.java:460)
	at org.apache.ratis.server.impl.RaftServerProxy.groupManagement(RaftServerProxy.java:440)
	at org.apache.hadoop.ozone.container.common.transport.server.ratis.XceiverServerRatis.removeGroup(XceiverServerRatis.java:786)
	... 4 more
2021-01-29 15:28:25,698 [Command processor thread] WARN  server.RaftServer (RaftServerProxy.java:remove(101)) - 917eb864-1739-4fd5-ac14-ff1ecb8c1d24: does not contain group: group-82FE8DDC79AF
2021-01-29 15:28:25,698 [Command processor thread] ERROR commandhandler.ClosePipelineCommandHandler (ClosePipelineCommandHandler.java:handle(78)) - Can't close pipeline PipelineID=ada21374-47fd-4d92-9ee3-82fe8ddc79af
java.io.IOException: 917eb864-1739-4fd5-ac14-ff1ecb8c1d24: Group group-82FE8DDC79AF not found.
	at org.apache.hadoop.ozone.container.common.transport.server.ratis.XceiverServerRatis.removeGroup(XceiverServerRatis.java:788)
	at org.apache.hadoop.ozone.container.common.statemachine.commandhandler.ClosePipelineCommandHandler.handle(ClosePipelineCommandHandler.java:74)
	at org.apache.hadoop.ozone.container.common.statemachine.commandhandler.CommandDispatcher.handle(CommandDispatcher.java:99)
	at org.apache.hadoop.ozone.container.common.statemachine.DatanodeStateMachine.lambda$initCommandHandlerThread$2(DatanodeStateMachine.java:498)
	at java.lang.Thread.run(Thread.java:748)
Caused by: org.apache.ratis.protocol.exceptions.GroupMismatchException: 917eb864-1739-4fd5-ac14-ff1ecb8c1d24: Group group-82FE8DDC79AF not found.
	at org.apache.ratis.server.impl.RaftServerProxy.groupRemoveAsync(RaftServerProxy.java:504)
	at org.apache.ratis.server.impl.RaftServerProxy.groupManagementAsync(RaftServerProxy.java:460)
	at org.apache.ratis.server.impl.RaftServerProxy.groupManagement(RaftServerProxy.java:440)
	at org.apache.hadoop.ozone.container.common.transport.server.ratis.XceiverServerRatis.removeGroup(XceiverServerRatis.java:786)
	... 4 more
2021-01-29 15:28:26,690 [Command processor thread] WARN  server.RaftServer (RaftServerProxy.java:remove(101)) - d5d7cc10-80c6-421e-a2cb-6e4e9e0bf9f8: does not contain group: group-82FE8DDC79AF
2021-01-29 15:28:26,691 [Command processor thread] ERROR commandhandler.ClosePipelineCommandHandler (ClosePipelineCommandHandler.java:handle(78)) - Can't close pipeline PipelineID=ada21374-47fd-4d92-9ee3-82fe8ddc79af
java.io.IOException: d5d7cc10-80c6-421e-a2cb-6e4e9e0bf9f8: Group group-82FE8DDC79AF not found.
	at org.apache.hadoop.ozone.container.common.transport.server.ratis.XceiverServerRatis.removeGroup(XceiverServerRatis.java:788)
	at org.apache.hadoop.ozone.container.common.statemachine.commandhandler.ClosePipelineCommandHandler.handle(ClosePipelineCommandHandler.java:74)
	at org.apache.hadoop.ozone.container.common.statemachine.commandhandler.CommandDispatcher.handle(CommandDispatcher.java:99)
	at org.apache.hadoop.ozone.container.common.statemachine.DatanodeStateMachine.lambda$initCommandHandlerThread$2(DatanodeStateMachine.java:498)
	at java.lang.Thread.run(Thread.java:748)
Caused by: org.apache.ratis.protocol.exceptions.GroupMismatchException: d5d7cc10-80c6-421e-a2cb-6e4e9e0bf9f8: Group group-82FE8DDC79AF not found.
	at org.apache.ratis.server.impl.RaftServerProxy.groupRemoveAsync(RaftServerProxy.java:504)
	at org.apache.ratis.server.impl.RaftServerProxy.groupManagementAsync(RaftServerProxy.java:460)
	at org.apache.ratis.server.impl.RaftServerProxy.groupManagement(RaftServerProxy.java:440)
	at org.apache.hadoop.ozone.container.common.transport.server.ratis.XceiverServerRatis.removeGroup(XceiverServerRatis.java:786)
	... 4 more
2021-01-29 15:28:26,691 [Command processor thread] WARN  server.RaftServer (RaftServerProxy.java:remove(101)) - d5d7cc10-80c6-421e-a2cb-6e4e9e0bf9f8: does not contain group: group-82FE8DDC79AF
2021-01-29 15:28:26,691 [Command processor thread] ERROR commandhandler.ClosePipelineCommandHandler (ClosePipelineCommandHandler.java:handle(78)) - Can't close pipeline PipelineID=ada21374-47fd-4d92-9ee3-82fe8ddc79af
java.io.IOException: d5d7cc10-80c6-421e-a2cb-6e4e9e0bf9f8: Group group-82FE8DDC79AF not found.
	at org.apache.hadoop.ozone.container.common.transport.server.ratis.XceiverServerRatis.removeGroup(XceiverServerRatis.java:788)
	at org.apache.hadoop.ozone.container.common.statemachine.commandhandler.ClosePipelineCommandHandler.handle(ClosePipelineCommandHandler.java:74)
	at org.apache.hadoop.ozone.container.common.statemachine.commandhandler.CommandDispatcher.handle(CommandDispatcher.java:99)
	at org.apache.hadoop.ozone.container.common.statemachine.DatanodeStateMachine.lambda$initCommandHandlerThread$2(DatanodeStateMachine.java:498)
	at java.lang.Thread.run(Thread.java:748)
Caused by: org.apache.ratis.protocol.exceptions.GroupMismatchException: d5d7cc10-80c6-421e-a2cb-6e4e9e0bf9f8: Group group-82FE8DDC79AF not found.
	at org.apache.ratis.server.impl.RaftServerProxy.groupRemoveAsync(RaftServerProxy.java:504)
	at org.apache.ratis.server.impl.RaftServerProxy.groupManagementAsync(RaftServerProxy.java:460)
	at org.apache.ratis.server.impl.RaftServerProxy.groupManagement(RaftServerProxy.java:440)
	at org.apache.hadoop.ozone.container.common.transport.server.ratis.XceiverServerRatis.removeGroup(XceiverServerRatis.java:786)
	... 4 more
2021-01-29 15:28:27,697 [Command processor thread] WARN  server.RaftServer (RaftServerProxy.java:remove(101)) - 917eb864-1739-4fd5-ac14-ff1ecb8c1d24: does not contain group: group-82FE8DDC79AF
2021-01-29 15:28:27,698 [Command processor thread] ERROR commandhandler.ClosePipelineCommandHandler (ClosePipelineCommandHandler.java:handle(78)) - Can't close pipeline PipelineID=ada21374-47fd-4d92-9ee3-82fe8ddc79af
java.io.IOException: 917eb864-1739-4fd5-ac14-ff1ecb8c1d24: Group group-82FE8DDC79AF not found.
	at org.apache.hadoop.ozone.container.common.transport.server.ratis.XceiverServerRatis.removeGroup(XceiverServerRatis.java:788)
	at org.apache.hadoop.ozone.container.common.statemachine.commandhandler.ClosePipelineCommandHandler.handle(ClosePipelineCommandHandler.java:74)
	at org.apache.hadoop.ozone.container.common.statemachine.commandhandler.CommandDispatcher.handle(CommandDispatcher.java:99)
	at org.apache.hadoop.ozone.container.common.statemachine.DatanodeStateMachine.lambda$initCommandHandlerThread$2(DatanodeStateMachine.java:498)
	at java.lang.Thread.run(Thread.java:748)
Caused by: org.apache.ratis.protocol.exceptions.GroupMismatchException: 917eb864-1739-4fd5-ac14-ff1ecb8c1d24: Group group-82FE8DDC79AF not found.
	at org.apache.ratis.server.impl.RaftServerProxy.groupRemoveAsync(RaftServerProxy.java:504)
	at org.apache.ratis.server.impl.RaftServerProxy.groupManagementAsync(RaftServerProxy.java:460)
	at org.apache.ratis.server.impl.RaftServerProxy.groupManagement(RaftServerProxy.java:440)
	at org.apache.hadoop.ozone.container.common.transport.server.ratis.XceiverServerRatis.removeGroup(XceiverServerRatis.java:786)
	... 4 more
2021-01-29 15:28:27,698 [Command processor thread] WARN  server.RaftServer (RaftServerProxy.java:remove(101)) - 917eb864-1739-4fd5-ac14-ff1ecb8c1d24: does not contain group: group-82FE8DDC79AF
2021-01-29 15:28:27,698 [Command processor thread] ERROR commandhandler.ClosePipelineCommandHandler (ClosePipelineCommandHandler.java:handle(78)) - Can't close pipeline PipelineID=ada21374-47fd-4d92-9ee3-82fe8ddc79af
java.io.IOException: 917eb864-1739-4fd5-ac14-ff1ecb8c1d24: Group group-82FE8DDC79AF not found.
	at org.apache.hadoop.ozone.container.common.transport.server.ratis.XceiverServerRatis.removeGroup(XceiverServerRatis.java:788)
	at org.apache.hadoop.ozone.container.common.statemachine.commandhandler.ClosePipelineCommandHandler.handle(ClosePipelineCommandHandler.java:74)
	at org.apache.hadoop.ozone.container.common.statemachine.commandhandler.CommandDispatcher.handle(CommandDispatcher.java:99)
	at org.apache.hadoop.ozone.container.common.statemachine.DatanodeStateMachine.lambda$initCommandHandlerThread$2(DatanodeStateMachine.java:498)
	at java.lang.Thread.run(Thread.java:748)
Caused by: org.apache.ratis.protocol.exceptions.GroupMismatchException: 917eb864-1739-4fd5-ac14-ff1ecb8c1d24: Group group-82FE8DDC79AF not found.
	at org.apache.ratis.server.impl.RaftServerProxy.groupRemoveAsync(RaftServerProxy.java:504)
	at org.apache.ratis.server.impl.RaftServerProxy.groupManagementAsync(RaftServerProxy.java:460)
	at org.apache.ratis.server.impl.RaftServerProxy.groupManagement(RaftServerProxy.java:440)
	at org.apache.hadoop.ozone.container.common.transport.server.ratis.XceiverServerRatis.removeGroup(XceiverServerRatis.java:786)
	... 4 more
2021-01-29 15:28:27,698 [Command processor thread] WARN  server.RaftServer (RaftServerProxy.java:remove(101)) - 917eb864-1739-4fd5-ac14-ff1ecb8c1d24: does not contain group: group-82FE8DDC79AF
2021-01-29 15:28:27,698 [Command processor thread] ERROR commandhandler.ClosePipelineCommandHandler (ClosePipelineCommandHandler.java:handle(78)) - Can't close pipeline PipelineID=ada21374-47fd-4d92-9ee3-82fe8ddc79af
java.io.IOException: 917eb864-1739-4fd5-ac14-ff1ecb8c1d24: Group group-82FE8DDC79AF not found.
	at org.apache.hadoop.ozone.container.common.transport.server.ratis.XceiverServerRatis.removeGroup(XceiverServerRatis.java:788)
	at org.apache.hadoop.ozone.container.common.statemachine.commandhandler.ClosePipelineCommandHandler.handle(ClosePipelineCommandHandler.java:74)
	at org.apache.hadoop.ozone.container.common.statemachine.commandhandler.CommandDispatcher.handle(CommandDispatcher.java:99)
	at org.apache.hadoop.ozone.container.common.statemachine.DatanodeStateMachine.lambda$initCommandHandlerThread$2(DatanodeStateMachine.java:498)
	at java.lang.Thread.run(Thread.java:748)
Caused by: org.apache.ratis.protocol.exceptions.GroupMismatchException: 917eb864-1739-4fd5-ac14-ff1ecb8c1d24: Group group-82FE8DDC79AF not found.
	at org.apache.ratis.server.impl.RaftServerProxy.groupRemoveAsync(RaftServerProxy.java:504)
	at org.apache.ratis.server.impl.RaftServerProxy.groupManagementAsync(RaftServerProxy.java:460)
	at org.apache.ratis.server.impl.RaftServerProxy.groupManagement(RaftServerProxy.java:440)
	at org.apache.hadoop.ozone.container.common.transport.server.ratis.XceiverServerRatis.removeGroup(XceiverServerRatis.java:786)
	... 4 more
2021-01-29 15:28:28,694 [Command processor thread] WARN  server.RaftServer (RaftServerProxy.java:remove(101)) - d5d7cc10-80c6-421e-a2cb-6e4e9e0bf9f8: does not contain group: group-82FE8DDC79AF
2021-01-29 15:28:28,694 [Command processor thread] ERROR commandhandler.ClosePipelineCommandHandler (ClosePipelineCommandHandler.java:handle(78)) - Can't close pipeline PipelineID=ada21374-47fd-4d92-9ee3-82fe8ddc79af
java.io.IOException: d5d7cc10-80c6-421e-a2cb-6e4e9e0bf9f8: Group group-82FE8DDC79AF not found.
	at org.apache.hadoop.ozone.container.common.transport.server.ratis.XceiverServerRatis.removeGroup(XceiverServerRatis.java:788)
	at org.apache.hadoop.ozone.container.common.statemachine.commandhandler.ClosePipelineCommandHandler.handle(ClosePipelineCommandHandler.java:74)
	at org.apache.hadoop.ozone.container.common.statemachine.commandhandler.CommandDispatcher.handle(CommandDispatcher.java:99)
	at org.apache.hadoop.ozone.container.common.statemachine.DatanodeStateMachine.lambda$initCommandHandlerThread$2(DatanodeStateMachine.java:498)
	at java.lang.Thread.run(Thread.java:748)
Caused by: org.apache.ratis.protocol.exceptions.GroupMismatchException: d5d7cc10-80c6-421e-a2cb-6e4e9e0bf9f8: Group group-82FE8DDC79AF not found.
	at org.apache.ratis.server.impl.RaftServerProxy.groupRemoveAsync(RaftServerProxy.java:504)
	at org.apache.ratis.server.impl.RaftServerProxy.groupManagementAsync(RaftServerProxy.java:460)
	at org.apache.ratis.server.impl.RaftServerProxy.groupManagement(RaftServerProxy.java:440)
	at org.apache.hadoop.ozone.container.common.transport.server.ratis.XceiverServerRatis.removeGroup(XceiverServerRatis.java:786)
	... 4 more
2021-01-29 15:28:28,694 [Command processor thread] WARN  server.RaftServer (RaftServerProxy.java:remove(101)) - d5d7cc10-80c6-421e-a2cb-6e4e9e0bf9f8: does not contain group: group-82FE8DDC79AF
2021-01-29 15:28:28,694 [Command processor thread] ERROR commandhandler.ClosePipelineCommandHandler (ClosePipelineCommandHandler.java:handle(78)) - Can't close pipeline PipelineID=ada21374-47fd-4d92-9ee3-82fe8ddc79af
java.io.IOException: d5d7cc10-80c6-421e-a2cb-6e4e9e0bf9f8: Group group-82FE8DDC79AF not found.
	at org.apache.hadoop.ozone.container.common.transport.server.ratis.XceiverServerRatis.removeGroup(XceiverServerRatis.java:788)
	at org.apache.hadoop.ozone.container.common.statemachine.commandhandler.ClosePipelineCommandHandler.handle(ClosePipelineCommandHandler.java:74)
	at org.apache.hadoop.ozone.container.common.statemachine.commandhandler.CommandDispatcher.handle(CommandDispatcher.java:99)
	at org.apache.hadoop.ozone.container.common.statemachine.DatanodeStateMachine.lambda$initCommandHandlerThread$2(DatanodeStateMachine.java:498)
	at java.lang.Thread.run(Thread.java:748)
Caused by: org.apache.ratis.protocol.exceptions.GroupMismatchException: d5d7cc10-80c6-421e-a2cb-6e4e9e0bf9f8: Group group-82FE8DDC79AF not found.
	at org.apache.ratis.server.impl.RaftServerProxy.groupRemoveAsync(RaftServerProxy.java:504)
	at org.apache.ratis.server.impl.RaftServerProxy.groupManagementAsync(RaftServerProxy.java:460)
	at org.apache.ratis.server.impl.RaftServerProxy.groupManagement(RaftServerProxy.java:440)
	at org.apache.hadoop.ozone.container.common.transport.server.ratis.XceiverServerRatis.removeGroup(XceiverServerRatis.java:786)
	... 4 more
2021-01-29 15:28:29,697 [Command processor thread] WARN  server.RaftServer (RaftServerProxy.java:remove(101)) - 917eb864-1739-4fd5-ac14-ff1ecb8c1d24: does not contain group: group-82FE8DDC79AF
2021-01-29 15:28:29,698 [Command processor thread] ERROR commandhandler.ClosePipelineCommandHandler (ClosePipelineCommandHandler.java:handle(78)) - Can't close pipeline PipelineID=ada21374-47fd-4d92-9ee3-82fe8ddc79af
java.io.IOException: 917eb864-1739-4fd5-ac14-ff1ecb8c1d24: Group group-82FE8DDC79AF not found.
	at org.apache.hadoop.ozone.container.common.transport.server.ratis.XceiverServerRatis.removeGroup(XceiverServerRatis.java:788)
	at org.apache.hadoop.ozone.container.common.statemachine.commandhandler.ClosePipelineCommandHandler.handle(ClosePipelineCommandHandler.java:74)
	at org.apache.hadoop.ozone.container.common.statemachine.commandhandler.CommandDispatcher.handle(CommandDispatcher.java:99)
	at org.apache.hadoop.ozone.container.common.statemachine.DatanodeStateMachine.lambda$initCommandHandlerThread$2(DatanodeStateMachine.java:498)
	at java.lang.Thread.run(Thread.java:748)
Caused by: org.apache.ratis.protocol.exceptions.GroupMismatchException: 917eb864-1739-4fd5-ac14-ff1ecb8c1d24: Group group-82FE8DDC79AF not found.
	at org.apache.ratis.server.impl.RaftServerProxy.groupRemoveAsync(RaftServerProxy.java:504)
	at org.apache.ratis.server.impl.RaftServerProxy.groupManagementAsync(RaftServerProxy.java:460)
	at org.apache.ratis.server.impl.RaftServerProxy.groupManagement(RaftServerProxy.java:440)
	at org.apache.hadoop.ozone.container.common.transport.server.ratis.XceiverServerRatis.removeGroup(XceiverServerRatis.java:786)
	... 4 more
2021-01-29 15:28:29,698 [Command processor thread] WARN  server.RaftServer (RaftServerProxy.java:remove(101)) - 917eb864-1739-4fd5-ac14-ff1ecb8c1d24: does not contain group: group-82FE8DDC79AF
2021-01-29 15:28:29,698 [Command processor thread] ERROR commandhandler.ClosePipelineCommandHandler (ClosePipelineCommandHandler.java:handle(78)) - Can't close pipeline PipelineID=ada21374-47fd-4d92-9ee3-82fe8ddc79af
java.io.IOException: 917eb864-1739-4fd5-ac14-ff1ecb8c1d24: Group group-82FE8DDC79AF not found.
	at org.apache.hadoop.ozone.container.common.transport.server.ratis.XceiverServerRatis.removeGroup(XceiverServerRatis.java:788)
	at org.apache.hadoop.ozone.container.common.statemachine.commandhandler.ClosePipelineCommandHandler.handle(ClosePipelineCommandHandler.java:74)
	at org.apache.hadoop.ozone.container.common.statemachine.commandhandler.CommandDispatcher.handle(CommandDispatcher.java:99)
	at org.apache.hadoop.ozone.container.common.statemachine.DatanodeStateMachine.lambda$initCommandHandlerThread$2(DatanodeStateMachine.java:498)
	at java.lang.Thread.run(Thread.java:748)
Caused by: org.apache.ratis.protocol.exceptions.GroupMismatchException: 917eb864-1739-4fd5-ac14-ff1ecb8c1d24: Group group-82FE8DDC79AF not found.
	at org.apache.ratis.server.impl.RaftServerProxy.groupRemoveAsync(RaftServerProxy.java:504)
	at org.apache.ratis.server.impl.RaftServerProxy.groupManagementAsync(RaftServerProxy.java:460)
	at org.apache.ratis.server.impl.RaftServerProxy.groupManagement(RaftServerProxy.java:440)
	at org.apache.hadoop.ozone.container.common.transport.server.ratis.XceiverServerRatis.removeGroup(XceiverServerRatis.java:786)
	... 4 more
2021-01-29 15:28:30,693 [Command processor thread] WARN  server.RaftServer (RaftServerProxy.java:remove(101)) - d5d7cc10-80c6-421e-a2cb-6e4e9e0bf9f8: does not contain group: group-82FE8DDC79AF
2021-01-29 15:28:30,693 [Command processor thread] ERROR commandhandler.ClosePipelineCommandHandler (ClosePipelineCommandHandler.java:handle(78)) - Can't close pipeline PipelineID=ada21374-47fd-4d92-9ee3-82fe8ddc79af
java.io.IOException: d5d7cc10-80c6-421e-a2cb-6e4e9e0bf9f8: Group group-82FE8DDC79AF not found.
	at org.apache.hadoop.ozone.container.common.transport.server.ratis.XceiverServerRatis.removeGroup(XceiverServerRatis.java:788)
	at org.apache.hadoop.ozone.container.common.statemachine.commandhandler.ClosePipelineCommandHandler.handle(ClosePipelineCommandHandler.java:74)
	at org.apache.hadoop.ozone.container.common.statemachine.commandhandler.CommandDispatcher.handle(CommandDispatcher.java:99)
	at org.apache.hadoop.ozone.container.common.statemachine.DatanodeStateMachine.lambda$initCommandHandlerThread$2(DatanodeStateMachine.java:498)
	at java.lang.Thread.run(Thread.java:748)
Caused by: org.apache.ratis.protocol.exceptions.GroupMismatchException: d5d7cc10-80c6-421e-a2cb-6e4e9e0bf9f8: Group group-82FE8DDC79AF not found.
	at org.apache.ratis.server.impl.RaftServerProxy.groupRemoveAsync(RaftServerProxy.java:504)
	at org.apache.ratis.server.impl.RaftServerProxy.groupManagementAsync(RaftServerProxy.java:460)
	at org.apache.ratis.server.impl.RaftServerProxy.groupManagement(RaftServerProxy.java:440)
	at org.apache.hadoop.ozone.container.common.transport.server.ratis.XceiverServerRatis.removeGroup(XceiverServerRatis.java:786)
	... 4 more
2021-01-29 15:28:30,693 [Command processor thread] WARN  server.RaftServer (RaftServerProxy.java:remove(101)) - d5d7cc10-80c6-421e-a2cb-6e4e9e0bf9f8: does not contain group: group-82FE8DDC79AF
2021-01-29 15:28:30,693 [Command processor thread] ERROR commandhandler.ClosePipelineCommandHandler (ClosePipelineCommandHandler.java:handle(78)) - Can't close pipeline PipelineID=ada21374-47fd-4d92-9ee3-82fe8ddc79af
java.io.IOException: d5d7cc10-80c6-421e-a2cb-6e4e9e0bf9f8: Group group-82FE8DDC79AF not found.
	at org.apache.hadoop.ozone.container.common.transport.server.ratis.XceiverServerRatis.removeGroup(XceiverServerRatis.java:788)
	at org.apache.hadoop.ozone.container.common.statemachine.commandhandler.ClosePipelineCommandHandler.handle(ClosePipelineCommandHandler.java:74)
	at org.apache.hadoop.ozone.container.common.statemachine.commandhandler.CommandDispatcher.handle(CommandDispatcher.java:99)
	at org.apache.hadoop.ozone.container.common.statemachine.DatanodeStateMachine.lambda$initCommandHandlerThread$2(DatanodeStateMachine.java:498)
	at java.lang.Thread.run(Thread.java:748)
Caused by: org.apache.ratis.protocol.exceptions.GroupMismatchException: d5d7cc10-80c6-421e-a2cb-6e4e9e0bf9f8: Group group-82FE8DDC79AF not found.
	at org.apache.ratis.server.impl.RaftServerProxy.groupRemoveAsync(RaftServerProxy.java:504)
	at org.apache.ratis.server.impl.RaftServerProxy.groupManagementAsync(RaftServerProxy.java:460)
	at org.apache.ratis.server.impl.RaftServerProxy.groupManagement(RaftServerProxy.java:440)
	at org.apache.hadoop.ozone.container.common.transport.server.ratis.XceiverServerRatis.removeGroup(XceiverServerRatis.java:786)
	... 4 more
2021-01-29 15:28:31,697 [Command processor thread] WARN  server.RaftServer (RaftServerProxy.java:remove(101)) - 917eb864-1739-4fd5-ac14-ff1ecb8c1d24: does not contain group: group-82FE8DDC79AF
2021-01-29 15:28:31,697 [Command processor thread] ERROR commandhandler.ClosePipelineCommandHandler (ClosePipelineCommandHandler.java:handle(78)) - Can't close pipeline PipelineID=ada21374-47fd-4d92-9ee3-82fe8ddc79af
java.io.IOException: 917eb864-1739-4fd5-ac14-ff1ecb8c1d24: Group group-82FE8DDC79AF not found.
	at org.apache.hadoop.ozone.container.common.transport.server.ratis.XceiverServerRatis.removeGroup(XceiverServerRatis.java:788)
	at org.apache.hadoop.ozone.container.common.statemachine.commandhandler.ClosePipelineCommandHandler.handle(ClosePipelineCommandHandler.java:74)
	at org.apache.hadoop.ozone.container.common.statemachine.commandhandler.CommandDispatcher.handle(CommandDispatcher.java:99)
	at org.apache.hadoop.ozone.container.common.statemachine.DatanodeStateMachine.lambda$initCommandHandlerThread$2(DatanodeStateMachine.java:498)
	at java.lang.Thread.run(Thread.java:748)
Caused by: org.apache.ratis.protocol.exceptions.GroupMismatchException: 917eb864-1739-4fd5-ac14-ff1ecb8c1d24: Group group-82FE8DDC79AF not found.
	at org.apache.ratis.server.impl.RaftServerProxy.groupRemoveAsync(RaftServerProxy.java:504)
	at org.apache.ratis.server.impl.RaftServerProxy.groupManagementAsync(RaftServerProxy.java:460)
	at org.apache.ratis.server.impl.RaftServerProxy.groupManagement(RaftServerProxy.java:440)
	at org.apache.hadoop.ozone.container.common.transport.server.ratis.XceiverServerRatis.removeGroup(XceiverServerRatis.java:786)
	... 4 more
2021-01-29 15:28:32,693 [Command processor thread] WARN  server.RaftServer (RaftServerProxy.java:remove(101)) - d5d7cc10-80c6-421e-a2cb-6e4e9e0bf9f8: does not contain group: group-82FE8DDC79AF
2021-01-29 15:28:32,694 [Command processor thread] ERROR commandhandler.ClosePipelineCommandHandler (ClosePipelineCommandHandler.java:handle(78)) - Can't close pipeline PipelineID=ada21374-47fd-4d92-9ee3-82fe8ddc79af
java.io.IOException: d5d7cc10-80c6-421e-a2cb-6e4e9e0bf9f8: Group group-82FE8DDC79AF not found.
	at org.apache.hadoop.ozone.container.common.transport.server.ratis.XceiverServerRatis.removeGroup(XceiverServerRatis.java:788)
	at org.apache.hadoop.ozone.container.common.statemachine.commandhandler.ClosePipelineCommandHandler.handle(ClosePipelineCommandHandler.java:74)
	at org.apache.hadoop.ozone.container.common.statemachine.commandhandler.CommandDispatcher.handle(CommandDispatcher.java:99)
	at org.apache.hadoop.ozone.container.common.statemachine.DatanodeStateMachine.lambda$initCommandHandlerThread$2(DatanodeStateMachine.java:498)
	at java.lang.Thread.run(Thread.java:748)
Caused by: org.apache.ratis.protocol.exceptions.GroupMismatchException: d5d7cc10-80c6-421e-a2cb-6e4e9e0bf9f8: Group group-82FE8DDC79AF not found.
	at org.apache.ratis.server.impl.RaftServerProxy.groupRemoveAsync(RaftServerProxy.java:504)
	at org.apache.ratis.server.impl.RaftServerProxy.groupManagementAsync(RaftServerProxy.java:460)
	at org.apache.ratis.server.impl.RaftServerProxy.groupManagement(RaftServerProxy.java:440)
	at org.apache.hadoop.ozone.container.common.transport.server.ratis.XceiverServerRatis.removeGroup(XceiverServerRatis.java:786)
	... 4 more
2021-01-29 15:28:32,694 [Command processor thread] WARN  server.RaftServer (RaftServerProxy.java:remove(101)) - d5d7cc10-80c6-421e-a2cb-6e4e9e0bf9f8: does not contain group: group-82FE8DDC79AF
2021-01-29 15:28:32,694 [Command processor thread] ERROR commandhandler.ClosePipelineCommandHandler (ClosePipelineCommandHandler.java:handle(78)) - Can't close pipeline PipelineID=ada21374-47fd-4d92-9ee3-82fe8ddc79af
java.io.IOException: d5d7cc10-80c6-421e-a2cb-6e4e9e0bf9f8: Group group-82FE8DDC79AF not found.
	at org.apache.hadoop.ozone.container.common.transport.server.ratis.XceiverServerRatis.removeGroup(XceiverServerRatis.java:788)
	at org.apache.hadoop.ozone.container.common.statemachine.commandhandler.ClosePipelineCommandHandler.handle(ClosePipelineCommandHandler.java:74)
	at org.apache.hadoop.ozone.container.common.statemachine.commandhandler.CommandDispatcher.handle(CommandDispatcher.java:99)
	at org.apache.hadoop.ozone.container.common.statemachine.DatanodeStateMachine.lambda$initCommandHandlerThread$2(DatanodeStateMachine.java:498)
	at java.lang.Thread.run(Thread.java:748)
Caused by: org.apache.ratis.protocol.exceptions.GroupMismatchException: d5d7cc10-80c6-421e-a2cb-6e4e9e0bf9f8: Group group-82FE8DDC79AF not found.
	at org.apache.ratis.server.impl.RaftServerProxy.groupRemoveAsync(RaftServerProxy.java:504)
	at org.apache.ratis.server.impl.RaftServerProxy.groupManagementAsync(RaftServerProxy.java:460)
	at org.apache.ratis.server.impl.RaftServerProxy.groupManagement(RaftServerProxy.java:440)
	at org.apache.hadoop.ozone.container.common.transport.server.ratis.XceiverServerRatis.removeGroup(XceiverServerRatis.java:786)
	... 4 more
2021-01-29 15:28:33,697 [Command processor thread] WARN  server.RaftServer (RaftServerProxy.java:remove(101)) - 917eb864-1739-4fd5-ac14-ff1ecb8c1d24: does not contain group: group-82FE8DDC79AF
2021-01-29 15:28:33,697 [Command processor thread] ERROR commandhandler.ClosePipelineCommandHandler (ClosePipelineCommandHandler.java:handle(78)) - Can't close pipeline PipelineID=ada21374-47fd-4d92-9ee3-82fe8ddc79af
java.io.IOException: 917eb864-1739-4fd5-ac14-ff1ecb8c1d24: Group group-82FE8DDC79AF not found.
	at org.apache.hadoop.ozone.container.common.transport.server.ratis.XceiverServerRatis.removeGroup(XceiverServerRatis.java:788)
	at org.apache.hadoop.ozone.container.common.statemachine.commandhandler.ClosePipelineCommandHandler.handle(ClosePipelineCommandHandler.java:74)
	at org.apache.hadoop.ozone.container.common.statemachine.commandhandler.CommandDispatcher.handle(CommandDispatcher.java:99)
	at org.apache.hadoop.ozone.container.common.statemachine.DatanodeStateMachine.lambda$initCommandHandlerThread$2(DatanodeStateMachine.java:498)
	at java.lang.Thread.run(Thread.java:748)
Caused by: org.apache.ratis.protocol.exceptions.GroupMismatchException: 917eb864-1739-4fd5-ac14-ff1ecb8c1d24: Group group-82FE8DDC79AF not found.
	at org.apache.ratis.server.impl.RaftServerProxy.groupRemoveAsync(RaftServerProxy.java:504)
	at org.apache.ratis.server.impl.RaftServerProxy.groupManagementAsync(RaftServerProxy.java:460)
	at org.apache.ratis.server.impl.RaftServerProxy.groupManagement(RaftServerProxy.java:440)
	at org.apache.hadoop.ozone.container.common.transport.server.ratis.XceiverServerRatis.removeGroup(XceiverServerRatis.java:786)
	... 4 more
2021-01-29 15:28:33,697 [Command processor thread] WARN  server.RaftServer (RaftServerProxy.java:remove(101)) - 917eb864-1739-4fd5-ac14-ff1ecb8c1d24: does not contain group: group-82FE8DDC79AF
2021-01-29 15:28:33,697 [Command processor thread] ERROR commandhandler.ClosePipelineCommandHandler (ClosePipelineCommandHandler.java:handle(78)) - Can't close pipeline PipelineID=ada21374-47fd-4d92-9ee3-82fe8ddc79af
java.io.IOException: 917eb864-1739-4fd5-ac14-ff1ecb8c1d24: Group group-82FE8DDC79AF not found.
	at org.apache.hadoop.ozone.container.common.transport.server.ratis.XceiverServerRatis.removeGroup(XceiverServerRatis.java:788)
	at org.apache.hadoop.ozone.container.common.statemachine.commandhandler.ClosePipelineCommandHandler.handle(ClosePipelineCommandHandler.java:74)
	at org.apache.hadoop.ozone.container.common.statemachine.commandhandler.CommandDispatcher.handle(CommandDispatcher.java:99)
	at org.apache.hadoop.ozone.container.common.statemachine.DatanodeStateMachine.lambda$initCommandHandlerThread$2(DatanodeStateMachine.java:498)
	at java.lang.Thread.run(Thread.java:748)
Caused by: org.apache.ratis.protocol.exceptions.GroupMismatchException: 917eb864-1739-4fd5-ac14-ff1ecb8c1d24: Group group-82FE8DDC79AF not found.
	at org.apache.ratis.server.impl.RaftServerProxy.groupRemoveAsync(RaftServerProxy.java:504)
	at org.apache.ratis.server.impl.RaftServerProxy.groupManagementAsync(RaftServerProxy.java:460)
	at org.apache.ratis.server.impl.RaftServerProxy.groupManagement(RaftServerProxy.java:440)
	at org.apache.hadoop.ozone.container.common.transport.server.ratis.XceiverServerRatis.removeGroup(XceiverServerRatis.java:786)
	... 4 more
2021-01-29 15:28:34,693 [Command processor thread] WARN  server.RaftServer (RaftServerProxy.java:remove(101)) - d5d7cc10-80c6-421e-a2cb-6e4e9e0bf9f8: does not contain group: group-82FE8DDC79AF
2021-01-29 15:28:34,693 [Command processor thread] ERROR commandhandler.ClosePipelineCommandHandler (ClosePipelineCommandHandler.java:handle(78)) - Can't close pipeline PipelineID=ada21374-47fd-4d92-9ee3-82fe8ddc79af
java.io.IOException: d5d7cc10-80c6-421e-a2cb-6e4e9e0bf9f8: Group group-82FE8DDC79AF not found.
	at org.apache.hadoop.ozone.container.common.transport.server.ratis.XceiverServerRatis.removeGroup(XceiverServerRatis.java:788)
	at org.apache.hadoop.ozone.container.common.statemachine.commandhandler.ClosePipelineCommandHandler.handle(ClosePipelineCommandHandler.java:74)
	at org.apache.hadoop.ozone.container.common.statemachine.commandhandler.CommandDispatcher.handle(CommandDispatcher.java:99)
	at org.apache.hadoop.ozone.container.common.statemachine.DatanodeStateMachine.lambda$initCommandHandlerThread$2(DatanodeStateMachine.java:498)
	at java.lang.Thread.run(Thread.java:748)
Caused by: org.apache.ratis.protocol.exceptions.GroupMismatchException: d5d7cc10-80c6-421e-a2cb-6e4e9e0bf9f8: Group group-82FE8DDC79AF not found.
	at org.apache.ratis.server.impl.RaftServerProxy.groupRemoveAsync(RaftServerProxy.java:504)
	at org.apache.ratis.server.impl.RaftServerProxy.groupManagementAsync(RaftServerProxy.java:460)
	at org.apache.ratis.server.impl.RaftServerProxy.groupManagement(RaftServerProxy.java:440)
	at org.apache.hadoop.ozone.container.common.transport.server.ratis.XceiverServerRatis.removeGroup(XceiverServerRatis.java:786)
	... 4 more
2021-01-29 15:28:34,693 [Command processor thread] WARN  server.RaftServer (RaftServerProxy.java:remove(101)) - d5d7cc10-80c6-421e-a2cb-6e4e9e0bf9f8: does not contain group: group-82FE8DDC79AF
2021-01-29 15:28:34,694 [Command processor thread] ERROR commandhandler.ClosePipelineCommandHandler (ClosePipelineCommandHandler.java:handle(78)) - Can't close pipeline PipelineID=ada21374-47fd-4d92-9ee3-82fe8ddc79af
java.io.IOException: d5d7cc10-80c6-421e-a2cb-6e4e9e0bf9f8: Group group-82FE8DDC79AF not found.
	at org.apache.hadoop.ozone.container.common.transport.server.ratis.XceiverServerRatis.removeGroup(XceiverServerRatis.java:788)
	at org.apache.hadoop.ozone.container.common.statemachine.commandhandler.ClosePipelineCommandHandler.handle(ClosePipelineCommandHandler.java:74)
	at org.apache.hadoop.ozone.container.common.statemachine.commandhandler.CommandDispatcher.handle(CommandDispatcher.java:99)
	at org.apache.hadoop.ozone.container.common.statemachine.DatanodeStateMachine.lambda$initCommandHandlerThread$2(DatanodeStateMachine.java:498)
	at java.lang.Thread.run(Thread.java:748)
Caused by: org.apache.ratis.protocol.exceptions.GroupMismatchException: d5d7cc10-80c6-421e-a2cb-6e4e9e0bf9f8: Group group-82FE8DDC79AF not found.
	at org.apache.ratis.server.impl.RaftServerProxy.groupRemoveAsync(RaftServerProxy.java:504)
	at org.apache.ratis.server.impl.RaftServerProxy.groupManagementAsync(RaftServerProxy.java:460)
	at org.apache.ratis.server.impl.RaftServerProxy.groupManagement(RaftServerProxy.java:440)
	at org.apache.hadoop.ozone.container.common.transport.server.ratis.XceiverServerRatis.removeGroup(XceiverServerRatis.java:786)
	... 4 more
2021-01-29 15:28:34,698 [Command processor thread] WARN  server.RaftServer (RaftServerProxy.java:remove(101)) - 917eb864-1739-4fd5-ac14-ff1ecb8c1d24: does not contain group: group-82FE8DDC79AF
2021-01-29 15:28:34,699 [Command processor thread] ERROR commandhandler.ClosePipelineCommandHandler (ClosePipelineCommandHandler.java:handle(78)) - Can't close pipeline PipelineID=ada21374-47fd-4d92-9ee3-82fe8ddc79af
java.io.IOException: 917eb864-1739-4fd5-ac14-ff1ecb8c1d24: Group group-82FE8DDC79AF not found.
	at org.apache.hadoop.ozone.container.common.transport.server.ratis.XceiverServerRatis.removeGroup(XceiverServerRatis.java:788)
	at org.apache.hadoop.ozone.container.common.statemachine.commandhandler.ClosePipelineCommandHandler.handle(ClosePipelineCommandHandler.java:74)
	at org.apache.hadoop.ozone.container.common.statemachine.commandhandler.CommandDispatcher.handle(CommandDispatcher.java:99)
	at org.apache.hadoop.ozone.container.common.statemachine.DatanodeStateMachine.lambda$initCommandHandlerThread$2(DatanodeStateMachine.java:498)
	at java.lang.Thread.run(Thread.java:748)
Caused by: org.apache.ratis.protocol.exceptions.GroupMismatchException: 917eb864-1739-4fd5-ac14-ff1ecb8c1d24: Group group-82FE8DDC79AF not found.
	at org.apache.ratis.server.impl.RaftServerProxy.groupRemoveAsync(RaftServerProxy.java:504)
	at org.apache.ratis.server.impl.RaftServerProxy.groupManagementAsync(RaftServerProxy.java:460)
	at org.apache.ratis.server.impl.RaftServerProxy.groupManagement(RaftServerProxy.java:440)
	at org.apache.hadoop.ozone.container.common.transport.server.ratis.XceiverServerRatis.removeGroup(XceiverServerRatis.java:786)
	... 4 more
2021-01-29 15:28:36,693 [Command processor thread] WARN  server.RaftServer (RaftServerProxy.java:remove(101)) - d5d7cc10-80c6-421e-a2cb-6e4e9e0bf9f8: does not contain group: group-82FE8DDC79AF
2021-01-29 15:28:36,693 [Command processor thread] ERROR commandhandler.ClosePipelineCommandHandler (ClosePipelineCommandHandler.java:handle(78)) - Can't close pipeline PipelineID=ada21374-47fd-4d92-9ee3-82fe8ddc79af
java.io.IOException: d5d7cc10-80c6-421e-a2cb-6e4e9e0bf9f8: Group group-82FE8DDC79AF not found.
	at org.apache.hadoop.ozone.container.common.transport.server.ratis.XceiverServerRatis.removeGroup(XceiverServerRatis.java:788)
	at org.apache.hadoop.ozone.container.common.statemachine.commandhandler.ClosePipelineCommandHandler.handle(ClosePipelineCommandHandler.java:74)
	at org.apache.hadoop.ozone.container.common.statemachine.commandhandler.CommandDispatcher.handle(CommandDispatcher.java:99)
	at org.apache.hadoop.ozone.container.common.statemachine.DatanodeStateMachine.lambda$initCommandHandlerThread$2(DatanodeStateMachine.java:498)
	at java.lang.Thread.run(Thread.java:748)
Caused by: org.apache.ratis.protocol.exceptions.GroupMismatchException: d5d7cc10-80c6-421e-a2cb-6e4e9e0bf9f8: Group group-82FE8DDC79AF not found.
	at org.apache.ratis.server.impl.RaftServerProxy.groupRemoveAsync(RaftServerProxy.java:504)
	at org.apache.ratis.server.impl.RaftServerProxy.groupManagementAsync(RaftServerProxy.java:460)
	at org.apache.ratis.server.impl.RaftServerProxy.groupManagement(RaftServerProxy.java:440)
	at org.apache.hadoop.ozone.container.common.transport.server.ratis.XceiverServerRatis.removeGroup(XceiverServerRatis.java:786)
	... 4 more
2021-01-29 15:28:36,693 [Command processor thread] WARN  server.RaftServer (RaftServerProxy.java:remove(101)) - d5d7cc10-80c6-421e-a2cb-6e4e9e0bf9f8: does not contain group: group-82FE8DDC79AF
2021-01-29 15:28:36,693 [Command processor thread] ERROR commandhandler.ClosePipelineCommandHandler (ClosePipelineCommandHandler.java:handle(78)) - Can't close pipeline PipelineID=ada21374-47fd-4d92-9ee3-82fe8ddc79af
java.io.IOException: d5d7cc10-80c6-421e-a2cb-6e4e9e0bf9f8: Group group-82FE8DDC79AF not found.
	at org.apache.hadoop.ozone.container.common.transport.server.ratis.XceiverServerRatis.removeGroup(XceiverServerRatis.java:788)
	at org.apache.hadoop.ozone.container.common.statemachine.commandhandler.ClosePipelineCommandHandler.handle(ClosePipelineCommandHandler.java:74)
	at org.apache.hadoop.ozone.container.common.statemachine.commandhandler.CommandDispatcher.handle(CommandDispatcher.java:99)
	at org.apache.hadoop.ozone.container.common.statemachine.DatanodeStateMachine.lambda$initCommandHandlerThread$2(DatanodeStateMachine.java:498)
	at java.lang.Thread.run(Thread.java:748)
Caused by: org.apache.ratis.protocol.exceptions.GroupMismatchException: d5d7cc10-80c6-421e-a2cb-6e4e9e0bf9f8: Group group-82FE8DDC79AF not found.
	at org.apache.ratis.server.impl.RaftServerProxy.groupRemoveAsync(RaftServerProxy.java:504)
	at org.apache.ratis.server.impl.RaftServerProxy.groupManagementAsync(RaftServerProxy.java:460)
	at org.apache.ratis.server.impl.RaftServerProxy.groupManagement(RaftServerProxy.java:440)
	at org.apache.hadoop.ozone.container.common.transport.server.ratis.XceiverServerRatis.removeGroup(XceiverServerRatis.java:786)
	... 4 more
2021-01-29 15:28:36,698 [Command processor thread] WARN  server.RaftServer (RaftServerProxy.java:remove(101)) - 917eb864-1739-4fd5-ac14-ff1ecb8c1d24: does not contain group: group-82FE8DDC79AF
2021-01-29 15:28:36,698 [Command processor thread] ERROR commandhandler.ClosePipelineCommandHandler (ClosePipelineCommandHandler.java:handle(78)) - Can't close pipeline PipelineID=ada21374-47fd-4d92-9ee3-82fe8ddc79af
java.io.IOException: 917eb864-1739-4fd5-ac14-ff1ecb8c1d24: Group group-82FE8DDC79AF not found.
	at org.apache.hadoop.ozone.container.common.transport.server.ratis.XceiverServerRatis.removeGroup(XceiverServerRatis.java:788)
	at org.apache.hadoop.ozone.container.common.statemachine.commandhandler.ClosePipelineCommandHandler.handle(ClosePipelineCommandHandler.java:74)
	at org.apache.hadoop.ozone.container.common.statemachine.commandhandler.CommandDispatcher.handle(CommandDispatcher.java:99)
	at org.apache.hadoop.ozone.container.common.statemachine.DatanodeStateMachine.lambda$initCommandHandlerThread$2(DatanodeStateMachine.java:498)
	at java.lang.Thread.run(Thread.java:748)
Caused by: org.apache.ratis.protocol.exceptions.GroupMismatchException: 917eb864-1739-4fd5-ac14-ff1ecb8c1d24: Group group-82FE8DDC79AF not found.
	at org.apache.ratis.server.impl.RaftServerProxy.groupRemoveAsync(RaftServerProxy.java:504)
	at org.apache.ratis.server.impl.RaftServerProxy.groupManagementAsync(RaftServerProxy.java:460)
	at org.apache.ratis.server.impl.RaftServerProxy.groupManagement(RaftServerProxy.java:440)
	at org.apache.hadoop.ozone.container.common.transport.server.ratis.XceiverServerRatis.removeGroup(XceiverServerRatis.java:786)
	... 4 more
2021-01-29 15:28:36,698 [Command processor thread] WARN  server.RaftServer (RaftServerProxy.java:remove(101)) - 917eb864-1739-4fd5-ac14-ff1ecb8c1d24: does not contain group: group-82FE8DDC79AF
2021-01-29 15:28:36,698 [Command processor thread] ERROR commandhandler.ClosePipelineCommandHandler (ClosePipelineCommandHandler.java:handle(78)) - Can't close pipeline PipelineID=ada21374-47fd-4d92-9ee3-82fe8ddc79af
java.io.IOException: 917eb864-1739-4fd5-ac14-ff1ecb8c1d24: Group group-82FE8DDC79AF not found.
	at org.apache.hadoop.ozone.container.common.transport.server.ratis.XceiverServerRatis.removeGroup(XceiverServerRatis.java:788)
	at org.apache.hadoop.ozone.container.common.statemachine.commandhandler.ClosePipelineCommandHandler.handle(ClosePipelineCommandHandler.java:74)
	at org.apache.hadoop.ozone.container.common.statemachine.commandhandler.CommandDispatcher.handle(CommandDispatcher.java:99)
	at org.apache.hadoop.ozone.container.common.statemachine.DatanodeStateMachine.lambda$initCommandHandlerThread$2(DatanodeStateMachine.java:498)
	at java.lang.Thread.run(Thread.java:748)
Caused by: org.apache.ratis.protocol.exceptions.GroupMismatchException: 917eb864-1739-4fd5-ac14-ff1ecb8c1d24: Group group-82FE8DDC79AF not found.
	at org.apache.ratis.server.impl.RaftServerProxy.groupRemoveAsync(RaftServerProxy.java:504)
	at org.apache.ratis.server.impl.RaftServerProxy.groupManagementAsync(RaftServerProxy.java:460)
	at org.apache.ratis.server.impl.RaftServerProxy.groupManagement(RaftServerProxy.java:440)
	at org.apache.hadoop.ozone.container.common.transport.server.ratis.XceiverServerRatis.removeGroup(XceiverServerRatis.java:786)
	... 4 more
2021-01-29 15:28:38,694 [Command processor thread] WARN  server.RaftServer (RaftServerProxy.java:remove(101)) - d5d7cc10-80c6-421e-a2cb-6e4e9e0bf9f8: does not contain group: group-82FE8DDC79AF
2021-01-29 15:28:38,694 [Command processor thread] ERROR commandhandler.ClosePipelineCommandHandler (ClosePipelineCommandHandler.java:handle(78)) - Can't close pipeline PipelineID=ada21374-47fd-4d92-9ee3-82fe8ddc79af
java.io.IOException: d5d7cc10-80c6-421e-a2cb-6e4e9e0bf9f8: Group group-82FE8DDC79AF not found.
	at org.apache.hadoop.ozone.container.common.transport.server.ratis.XceiverServerRatis.removeGroup(XceiverServerRatis.java:788)
	at org.apache.hadoop.ozone.container.common.statemachine.commandhandler.ClosePipelineCommandHandler.handle(ClosePipelineCommandHandler.java:74)
	at org.apache.hadoop.ozone.container.common.statemachine.commandhandler.CommandDispatcher.handle(CommandDispatcher.java:99)
	at org.apache.hadoop.ozone.container.common.statemachine.DatanodeStateMachine.lambda$initCommandHandlerThread$2(DatanodeStateMachine.java:498)
	at java.lang.Thread.run(Thread.java:748)
Caused by: org.apache.ratis.protocol.exceptions.GroupMismatchException: d5d7cc10-80c6-421e-a2cb-6e4e9e0bf9f8: Group group-82FE8DDC79AF not found.
	at org.apache.ratis.server.impl.RaftServerProxy.groupRemoveAsync(RaftServerProxy.java:504)
	at org.apache.ratis.server.impl.RaftServerProxy.groupManagementAsync(RaftServerProxy.java:460)
	at org.apache.ratis.server.impl.RaftServerProxy.groupManagement(RaftServerProxy.java:440)
	at org.apache.hadoop.ozone.container.common.transport.server.ratis.XceiverServerRatis.removeGroup(XceiverServerRatis.java:786)
	... 4 more
2021-01-29 15:28:38,694 [Command processor thread] WARN  server.RaftServer (RaftServerProxy.java:remove(101)) - d5d7cc10-80c6-421e-a2cb-6e4e9e0bf9f8: does not contain group: group-82FE8DDC79AF
2021-01-29 15:28:38,694 [Command processor thread] ERROR commandhandler.ClosePipelineCommandHandler (ClosePipelineCommandHandler.java:handle(78)) - Can't close pipeline PipelineID=ada21374-47fd-4d92-9ee3-82fe8ddc79af
java.io.IOException: d5d7cc10-80c6-421e-a2cb-6e4e9e0bf9f8: Group group-82FE8DDC79AF not found.
	at org.apache.hadoop.ozone.container.common.transport.server.ratis.XceiverServerRatis.removeGroup(XceiverServerRatis.java:788)
	at org.apache.hadoop.ozone.container.common.statemachine.commandhandler.ClosePipelineCommandHandler.handle(ClosePipelineCommandHandler.java:74)
	at org.apache.hadoop.ozone.container.common.statemachine.commandhandler.CommandDispatcher.handle(CommandDispatcher.java:99)
	at org.apache.hadoop.ozone.container.common.statemachine.DatanodeStateMachine.lambda$initCommandHandlerThread$2(DatanodeStateMachine.java:498)
	at java.lang.Thread.run(Thread.java:748)
Caused by: org.apache.ratis.protocol.exceptions.GroupMismatchException: d5d7cc10-80c6-421e-a2cb-6e4e9e0bf9f8: Group group-82FE8DDC79AF not found.
	at org.apache.ratis.server.impl.RaftServerProxy.groupRemoveAsync(RaftServerProxy.java:504)
	at org.apache.ratis.server.impl.RaftServerProxy.groupManagementAsync(RaftServerProxy.java:460)
	at org.apache.ratis.server.impl.RaftServerProxy.groupManagement(RaftServerProxy.java:440)
	at org.apache.hadoop.ozone.container.common.transport.server.ratis.XceiverServerRatis.removeGroup(XceiverServerRatis.java:786)
	... 4 more
2021-01-29 15:28:38,698 [Command processor thread] WARN  server.RaftServer (RaftServerProxy.java:remove(101)) - 917eb864-1739-4fd5-ac14-ff1ecb8c1d24: does not contain group: group-82FE8DDC79AF
2021-01-29 15:28:38,699 [Command processor thread] ERROR commandhandler.ClosePipelineCommandHandler (ClosePipelineCommandHandler.java:handle(78)) - Can't close pipeline PipelineID=ada21374-47fd-4d92-9ee3-82fe8ddc79af
java.io.IOException: 917eb864-1739-4fd5-ac14-ff1ecb8c1d24: Group group-82FE8DDC79AF not found.
	at org.apache.hadoop.ozone.container.common.transport.server.ratis.XceiverServerRatis.removeGroup(XceiverServerRatis.java:788)
	at org.apache.hadoop.ozone.container.common.statemachine.commandhandler.ClosePipelineCommandHandler.handle(ClosePipelineCommandHandler.java:74)
	at org.apache.hadoop.ozone.container.common.statemachine.commandhandler.CommandDispatcher.handle(CommandDispatcher.java:99)
	at org.apache.hadoop.ozone.container.common.statemachine.DatanodeStateMachine.lambda$initCommandHandlerThread$2(DatanodeStateMachine.java:498)
	at java.lang.Thread.run(Thread.java:748)
Caused by: org.apache.ratis.protocol.exceptions.GroupMismatchException: 917eb864-1739-4fd5-ac14-ff1ecb8c1d24: Group group-82FE8DDC79AF not found.
	at org.apache.ratis.server.impl.RaftServerProxy.groupRemoveAsync(RaftServerProxy.java:504)
	at org.apache.ratis.server.impl.RaftServerProxy.groupManagementAsync(RaftServerProxy.java:460)
	at org.apache.ratis.server.impl.RaftServerProxy.groupManagement(RaftServerProxy.java:440)
	at org.apache.hadoop.ozone.container.common.transport.server.ratis.XceiverServerRatis.removeGroup(XceiverServerRatis.java:786)
	... 4 more
2021-01-29 15:28:38,699 [Command processor thread] WARN  server.RaftServer (RaftServerProxy.java:remove(101)) - 917eb864-1739-4fd5-ac14-ff1ecb8c1d24: does not contain group: group-82FE8DDC79AF
2021-01-29 15:28:38,699 [Command processor thread] ERROR commandhandler.ClosePipelineCommandHandler (ClosePipelineCommandHandler.java:handle(78)) - Can't close pipeline PipelineID=ada21374-47fd-4d92-9ee3-82fe8ddc79af
java.io.IOException: 917eb864-1739-4fd5-ac14-ff1ecb8c1d24: Group group-82FE8DDC79AF not found.
	at org.apache.hadoop.ozone.container.common.transport.server.ratis.XceiverServerRatis.removeGroup(XceiverServerRatis.java:788)
	at org.apache.hadoop.ozone.container.common.statemachine.commandhandler.ClosePipelineCommandHandler.handle(ClosePipelineCommandHandler.java:74)
	at org.apache.hadoop.ozone.container.common.statemachine.commandhandler.CommandDispatcher.handle(CommandDispatcher.java:99)
	at org.apache.hadoop.ozone.container.common.statemachine.DatanodeStateMachine.lambda$initCommandHandlerThread$2(DatanodeStateMachine.java:498)
	at java.lang.Thread.run(Thread.java:748)
Caused by: org.apache.ratis.protocol.exceptions.GroupMismatchException: 917eb864-1739-4fd5-ac14-ff1ecb8c1d24: Group group-82FE8DDC79AF not found.
	at org.apache.ratis.server.impl.RaftServerProxy.groupRemoveAsync(RaftServerProxy.java:504)
	at org.apache.ratis.server.impl.RaftServerProxy.groupManagementAsync(RaftServerProxy.java:460)
	at org.apache.ratis.server.impl.RaftServerProxy.groupManagement(RaftServerProxy.java:440)
	at org.apache.hadoop.ozone.container.common.transport.server.ratis.XceiverServerRatis.removeGroup(XceiverServerRatis.java:786)
	... 4 more
2021-01-29 15:28:40,695 [Command processor thread] WARN  server.RaftServer (RaftServerProxy.java:remove(101)) - d5d7cc10-80c6-421e-a2cb-6e4e9e0bf9f8: does not contain group: group-82FE8DDC79AF
2021-01-29 15:28:40,695 [Command processor thread] ERROR commandhandler.ClosePipelineCommandHandler (ClosePipelineCommandHandler.java:handle(78)) - Can't close pipeline PipelineID=ada21374-47fd-4d92-9ee3-82fe8ddc79af
java.io.IOException: d5d7cc10-80c6-421e-a2cb-6e4e9e0bf9f8: Group group-82FE8DDC79AF not found.
	at org.apache.hadoop.ozone.container.common.transport.server.ratis.XceiverServerRatis.removeGroup(XceiverServerRatis.java:788)
	at org.apache.hadoop.ozone.container.common.statemachine.commandhandler.ClosePipelineCommandHandler.handle(ClosePipelineCommandHandler.java:74)
	at org.apache.hadoop.ozone.container.common.statemachine.commandhandler.CommandDispatcher.handle(CommandDispatcher.java:99)
	at org.apache.hadoop.ozone.container.common.statemachine.DatanodeStateMachine.lambda$initCommandHandlerThread$2(DatanodeStateMachine.java:498)
	at java.lang.Thread.run(Thread.java:748)
Caused by: org.apache.ratis.protocol.exceptions.GroupMismatchException: d5d7cc10-80c6-421e-a2cb-6e4e9e0bf9f8: Group group-82FE8DDC79AF not found.
	at org.apache.ratis.server.impl.RaftServerProxy.groupRemoveAsync(RaftServerProxy.java:504)
	at org.apache.ratis.server.impl.RaftServerProxy.groupManagementAsync(RaftServerProxy.java:460)
	at org.apache.ratis.server.impl.RaftServerProxy.groupManagement(RaftServerProxy.java:440)
	at org.apache.hadoop.ozone.container.common.transport.server.ratis.XceiverServerRatis.removeGroup(XceiverServerRatis.java:786)
	... 4 more
2021-01-29 15:28:40,695 [Command processor thread] WARN  server.RaftServer (RaftServerProxy.java:remove(101)) - d5d7cc10-80c6-421e-a2cb-6e4e9e0bf9f8: does not contain group: group-82FE8DDC79AF
2021-01-29 15:28:40,696 [Command processor thread] ERROR commandhandler.ClosePipelineCommandHandler (ClosePipelineCommandHandler.java:handle(78)) - Can't close pipeline PipelineID=ada21374-47fd-4d92-9ee3-82fe8ddc79af
java.io.IOException: d5d7cc10-80c6-421e-a2cb-6e4e9e0bf9f8: Group group-82FE8DDC79AF not found.
	at org.apache.hadoop.ozone.container.common.transport.server.ratis.XceiverServerRatis.removeGroup(XceiverServerRatis.java:788)
	at org.apache.hadoop.ozone.container.common.statemachine.commandhandler.ClosePipelineCommandHandler.handle(ClosePipelineCommandHandler.java:74)
	at org.apache.hadoop.ozone.container.common.statemachine.commandhandler.CommandDispatcher.handle(CommandDispatcher.java:99)
	at org.apache.hadoop.ozone.container.common.statemachine.DatanodeStateMachine.lambda$initCommandHandlerThread$2(DatanodeStateMachine.java:498)
	at java.lang.Thread.run(Thread.java:748)
Caused by: org.apache.ratis.protocol.exceptions.GroupMismatchException: d5d7cc10-80c6-421e-a2cb-6e4e9e0bf9f8: Group group-82FE8DDC79AF not found.
	at org.apache.ratis.server.impl.RaftServerProxy.groupRemoveAsync(RaftServerProxy.java:504)
	at org.apache.ratis.server.impl.RaftServerProxy.groupManagementAsync(RaftServerProxy.java:460)
	at org.apache.ratis.server.impl.RaftServerProxy.groupManagement(RaftServerProxy.java:440)
	at org.apache.hadoop.ozone.container.common.transport.server.ratis.XceiverServerRatis.removeGroup(XceiverServerRatis.java:786)
	... 4 more
2021-01-29 15:28:40,698 [Command processor thread] WARN  server.RaftServer (RaftServerProxy.java:remove(101)) - 917eb864-1739-4fd5-ac14-ff1ecb8c1d24: does not contain group: group-82FE8DDC79AF
2021-01-29 15:28:40,698 [Command processor thread] ERROR commandhandler.ClosePipelineCommandHandler (ClosePipelineCommandHandler.java:handle(78)) - Can't close pipeline PipelineID=ada21374-47fd-4d92-9ee3-82fe8ddc79af
java.io.IOException: 917eb864-1739-4fd5-ac14-ff1ecb8c1d24: Group group-82FE8DDC79AF not found.
	at org.apache.hadoop.ozone.container.common.transport.server.ratis.XceiverServerRatis.removeGroup(XceiverServerRatis.java:788)
	at org.apache.hadoop.ozone.container.common.statemachine.commandhandler.ClosePipelineCommandHandler.handle(ClosePipelineCommandHandler.java:74)
	at org.apache.hadoop.ozone.container.common.statemachine.commandhandler.CommandDispatcher.handle(CommandDispatcher.java:99)
	at org.apache.hadoop.ozone.container.common.statemachine.DatanodeStateMachine.lambda$initCommandHandlerThread$2(DatanodeStateMachine.java:498)
	at java.lang.Thread.run(Thread.java:748)
Caused by: org.apache.ratis.protocol.exceptions.GroupMismatchException: 917eb864-1739-4fd5-ac14-ff1ecb8c1d24: Group group-82FE8DDC79AF not found.
	at org.apache.ratis.server.impl.RaftServerProxy.groupRemoveAsync(RaftServerProxy.java:504)
	at org.apache.ratis.server.impl.RaftServerProxy.groupManagementAsync(RaftServerProxy.java:460)
	at org.apache.ratis.server.impl.RaftServerProxy.groupManagement(RaftServerProxy.java:440)
	at org.apache.hadoop.ozone.container.common.transport.server.ratis.XceiverServerRatis.removeGroup(XceiverServerRatis.java:786)
	... 4 more
2021-01-29 15:28:40,699 [Command processor thread] WARN  server.RaftServer (RaftServerProxy.java:remove(101)) - 917eb864-1739-4fd5-ac14-ff1ecb8c1d24: does not contain group: group-82FE8DDC79AF
2021-01-29 15:28:40,699 [Command processor thread] ERROR commandhandler.ClosePipelineCommandHandler (ClosePipelineCommandHandler.java:handle(78)) - Can't close pipeline PipelineID=ada21374-47fd-4d92-9ee3-82fe8ddc79af
java.io.IOException: 917eb864-1739-4fd5-ac14-ff1ecb8c1d24: Group group-82FE8DDC79AF not found.
	at org.apache.hadoop.ozone.container.common.transport.server.ratis.XceiverServerRatis.removeGroup(XceiverServerRatis.java:788)
	at org.apache.hadoop.ozone.container.common.statemachine.commandhandler.ClosePipelineCommandHandler.handle(ClosePipelineCommandHandler.java:74)
	at org.apache.hadoop.ozone.container.common.statemachine.commandhandler.CommandDispatcher.handle(CommandDispatcher.java:99)
	at org.apache.hadoop.ozone.container.common.statemachine.DatanodeStateMachine.lambda$initCommandHandlerThread$2(DatanodeStateMachine.java:498)
	at java.lang.Thread.run(Thread.java:748)
Caused by: org.apache.ratis.protocol.exceptions.GroupMismatchException: 917eb864-1739-4fd5-ac14-ff1ecb8c1d24: Group group-82FE8DDC79AF not found.
	at org.apache.ratis.server.impl.RaftServerProxy.groupRemoveAsync(RaftServerProxy.java:504)
	at org.apache.ratis.server.impl.RaftServerProxy.groupManagementAsync(RaftServerProxy.java:460)
	at org.apache.ratis.server.impl.RaftServerProxy.groupManagement(RaftServerProxy.java:440)
	at org.apache.hadoop.ozone.container.common.transport.server.ratis.XceiverServerRatis.removeGroup(XceiverServerRatis.java:786)
	... 4 more
2021-01-29 15:28:42,696 [Command processor thread] WARN  server.RaftServer (RaftServerProxy.java:remove(101)) - d5d7cc10-80c6-421e-a2cb-6e4e9e0bf9f8: does not contain group: group-82FE8DDC79AF
2021-01-29 15:28:42,696 [Command processor thread] ERROR commandhandler.ClosePipelineCommandHandler (ClosePipelineCommandHandler.java:handle(78)) - Can't close pipeline PipelineID=ada21374-47fd-4d92-9ee3-82fe8ddc79af
java.io.IOException: d5d7cc10-80c6-421e-a2cb-6e4e9e0bf9f8: Group group-82FE8DDC79AF not found.
	at org.apache.hadoop.ozone.container.common.transport.server.ratis.XceiverServerRatis.removeGroup(XceiverServerRatis.java:788)
	at org.apache.hadoop.ozone.container.common.statemachine.commandhandler.ClosePipelineCommandHandler.handle(ClosePipelineCommandHandler.java:74)
	at org.apache.hadoop.ozone.container.common.statemachine.commandhandler.CommandDispatcher.handle(CommandDispatcher.java:99)
	at org.apache.hadoop.ozone.container.common.statemachine.DatanodeStateMachine.lambda$initCommandHandlerThread$2(DatanodeStateMachine.java:498)
	at java.lang.Thread.run(Thread.java:748)
Caused by: org.apache.ratis.protocol.exceptions.GroupMismatchException: d5d7cc10-80c6-421e-a2cb-6e4e9e0bf9f8: Group group-82FE8DDC79AF not found.
	at org.apache.ratis.server.impl.RaftServerProxy.groupRemoveAsync(RaftServerProxy.java:504)
	at org.apache.ratis.server.impl.RaftServerProxy.groupManagementAsync(RaftServerProxy.java:460)
	at org.apache.ratis.server.impl.RaftServerProxy.groupManagement(RaftServerProxy.java:440)
	at org.apache.hadoop.ozone.container.common.transport.server.ratis.XceiverServerRatis.removeGroup(XceiverServerRatis.java:786)
	... 4 more
2021-01-29 15:28:42,696 [Command processor thread] WARN  server.RaftServer (RaftServerProxy.java:remove(101)) - d5d7cc10-80c6-421e-a2cb-6e4e9e0bf9f8: does not contain group: group-82FE8DDC79AF
2021-01-29 15:28:42,697 [Command processor thread] ERROR commandhandler.ClosePipelineCommandHandler (ClosePipelineCommandHandler.java:handle(78)) - Can't close pipeline PipelineID=ada21374-47fd-4d92-9ee3-82fe8ddc79af
java.io.IOException: d5d7cc10-80c6-421e-a2cb-6e4e9e0bf9f8: Group group-82FE8DDC79AF not found.
	at org.apache.hadoop.ozone.container.common.transport.server.ratis.XceiverServerRatis.removeGroup(XceiverServerRatis.java:788)
	at org.apache.hadoop.ozone.container.common.statemachine.commandhandler.ClosePipelineCommandHandler.handle(ClosePipelineCommandHandler.java:74)
	at org.apache.hadoop.ozone.container.common.statemachine.commandhandler.CommandDispatcher.handle(CommandDispatcher.java:99)
	at org.apache.hadoop.ozone.container.common.statemachine.DatanodeStateMachine.lambda$initCommandHandlerThread$2(DatanodeStateMachine.java:498)
	at java.lang.Thread.run(Thread.java:748)
Caused by: org.apache.ratis.protocol.exceptions.GroupMismatchException: d5d7cc10-80c6-421e-a2cb-6e4e9e0bf9f8: Group group-82FE8DDC79AF not found.
	at org.apache.ratis.server.impl.RaftServerProxy.groupRemoveAsync(RaftServerProxy.java:504)
	at org.apache.ratis.server.impl.RaftServerProxy.groupManagementAsync(RaftServerProxy.java:460)
	at org.apache.ratis.server.impl.RaftServerProxy.groupManagement(RaftServerProxy.java:440)
	at org.apache.hadoop.ozone.container.common.transport.server.ratis.XceiverServerRatis.removeGroup(XceiverServerRatis.java:786)
	... 4 more
2021-01-29 15:28:42,698 [Command processor thread] WARN  server.RaftServer (RaftServerProxy.java:remove(101)) - 917eb864-1739-4fd5-ac14-ff1ecb8c1d24: does not contain group: group-82FE8DDC79AF
2021-01-29 15:28:42,698 [Command processor thread] ERROR commandhandler.ClosePipelineCommandHandler (ClosePipelineCommandHandler.java:handle(78)) - Can't close pipeline PipelineID=ada21374-47fd-4d92-9ee3-82fe8ddc79af
java.io.IOException: 917eb864-1739-4fd5-ac14-ff1ecb8c1d24: Group group-82FE8DDC79AF not found.
	at org.apache.hadoop.ozone.container.common.transport.server.ratis.XceiverServerRatis.removeGroup(XceiverServerRatis.java:788)
	at org.apache.hadoop.ozone.container.common.statemachine.commandhandler.ClosePipelineCommandHandler.handle(ClosePipelineCommandHandler.java:74)
	at org.apache.hadoop.ozone.container.common.statemachine.commandhandler.CommandDispatcher.handle(CommandDispatcher.java:99)
	at org.apache.hadoop.ozone.container.common.statemachine.DatanodeStateMachine.lambda$initCommandHandlerThread$2(DatanodeStateMachine.java:498)
	at java.lang.Thread.run(Thread.java:748)
Caused by: org.apache.ratis.protocol.exceptions.GroupMismatchException: 917eb864-1739-4fd5-ac14-ff1ecb8c1d24: Group group-82FE8DDC79AF not found.
	at org.apache.ratis.server.impl.RaftServerProxy.groupRemoveAsync(RaftServerProxy.java:504)
	at org.apache.ratis.server.impl.RaftServerProxy.groupManagementAsync(RaftServerProxy.java:460)
	at org.apache.ratis.server.impl.RaftServerProxy.groupManagement(RaftServerProxy.java:440)
	at org.apache.hadoop.ozone.container.common.transport.server.ratis.XceiverServerRatis.removeGroup(XceiverServerRatis.java:786)
	... 4 more
2021-01-29 15:28:42,698 [Command processor thread] WARN  server.RaftServer (RaftServerProxy.java:remove(101)) - 917eb864-1739-4fd5-ac14-ff1ecb8c1d24: does not contain group: group-82FE8DDC79AF
2021-01-29 15:28:42,699 [Command processor thread] ERROR commandhandler.ClosePipelineCommandHandler (ClosePipelineCommandHandler.java:handle(78)) - Can't close pipeline PipelineID=ada21374-47fd-4d92-9ee3-82fe8ddc79af
java.io.IOException: 917eb864-1739-4fd5-ac14-ff1ecb8c1d24: Group group-82FE8DDC79AF not found.
	at org.apache.hadoop.ozone.container.common.transport.server.ratis.XceiverServerRatis.removeGroup(XceiverServerRatis.java:788)
	at org.apache.hadoop.ozone.container.common.statemachine.commandhandler.ClosePipelineCommandHandler.handle(ClosePipelineCommandHandler.java:74)
	at org.apache.hadoop.ozone.container.common.statemachine.commandhandler.CommandDispatcher.handle(CommandDispatcher.java:99)
	at org.apache.hadoop.ozone.container.common.statemachine.DatanodeStateMachine.lambda$initCommandHandlerThread$2(DatanodeStateMachine.java:498)
	at java.lang.Thread.run(Thread.java:748)
Caused by: org.apache.ratis.protocol.exceptions.GroupMismatchException: 917eb864-1739-4fd5-ac14-ff1ecb8c1d24: Group group-82FE8DDC79AF not found.
	at org.apache.ratis.server.impl.RaftServerProxy.groupRemoveAsync(RaftServerProxy.java:504)
	at org.apache.ratis.server.impl.RaftServerProxy.groupManagementAsync(RaftServerProxy.java:460)
	at org.apache.ratis.server.impl.RaftServerProxy.groupManagement(RaftServerProxy.java:440)
	at org.apache.hadoop.ozone.container.common.transport.server.ratis.XceiverServerRatis.removeGroup(XceiverServerRatis.java:786)
	... 4 more
2021-01-29 15:28:44,696 [Command processor thread] WARN  server.RaftServer (RaftServerProxy.java:remove(101)) - d5d7cc10-80c6-421e-a2cb-6e4e9e0bf9f8: does not contain group: group-82FE8DDC79AF
2021-01-29 15:28:44,696 [Command processor thread] ERROR commandhandler.ClosePipelineCommandHandler (ClosePipelineCommandHandler.java:handle(78)) - Can't close pipeline PipelineID=ada21374-47fd-4d92-9ee3-82fe8ddc79af
java.io.IOException: d5d7cc10-80c6-421e-a2cb-6e4e9e0bf9f8: Group group-82FE8DDC79AF not found.
	at org.apache.hadoop.ozone.container.common.transport.server.ratis.XceiverServerRatis.removeGroup(XceiverServerRatis.java:788)
	at org.apache.hadoop.ozone.container.common.statemachine.commandhandler.ClosePipelineCommandHandler.handle(ClosePipelineCommandHandler.java:74)
	at org.apache.hadoop.ozone.container.common.statemachine.commandhandler.CommandDispatcher.handle(CommandDispatcher.java:99)
	at org.apache.hadoop.ozone.container.common.statemachine.DatanodeStateMachine.lambda$initCommandHandlerThread$2(DatanodeStateMachine.java:498)
	at java.lang.Thread.run(Thread.java:748)
Caused by: org.apache.ratis.protocol.exceptions.GroupMismatchException: d5d7cc10-80c6-421e-a2cb-6e4e9e0bf9f8: Group group-82FE8DDC79AF not found.
	at org.apache.ratis.server.impl.RaftServerProxy.groupRemoveAsync(RaftServerProxy.java:504)
	at org.apache.ratis.server.impl.RaftServerProxy.groupManagementAsync(RaftServerProxy.java:460)
	at org.apache.ratis.server.impl.RaftServerProxy.groupManagement(RaftServerProxy.java:440)
	at org.apache.hadoop.ozone.container.common.transport.server.ratis.XceiverServerRatis.removeGroup(XceiverServerRatis.java:786)
	... 4 more
2021-01-29 15:28:44,696 [Command processor thread] WARN  server.RaftServer (RaftServerProxy.java:remove(101)) - d5d7cc10-80c6-421e-a2cb-6e4e9e0bf9f8: does not contain group: group-82FE8DDC79AF
2021-01-29 15:28:44,696 [Command processor thread] ERROR commandhandler.ClosePipelineCommandHandler (ClosePipelineCommandHandler.java:handle(78)) - Can't close pipeline PipelineID=ada21374-47fd-4d92-9ee3-82fe8ddc79af
java.io.IOException: d5d7cc10-80c6-421e-a2cb-6e4e9e0bf9f8: Group group-82FE8DDC79AF not found.
	at org.apache.hadoop.ozone.container.common.transport.server.ratis.XceiverServerRatis.removeGroup(XceiverServerRatis.java:788)
	at org.apache.hadoop.ozone.container.common.statemachine.commandhandler.ClosePipelineCommandHandler.handle(ClosePipelineCommandHandler.java:74)
	at org.apache.hadoop.ozone.container.common.statemachine.commandhandler.CommandDispatcher.handle(CommandDispatcher.java:99)
	at org.apache.hadoop.ozone.container.common.statemachine.DatanodeStateMachine.lambda$initCommandHandlerThread$2(DatanodeStateMachine.java:498)
	at java.lang.Thread.run(Thread.java:748)
Caused by: org.apache.ratis.protocol.exceptions.GroupMismatchException: d5d7cc10-80c6-421e-a2cb-6e4e9e0bf9f8: Group group-82FE8DDC79AF not found.
	at org.apache.ratis.server.impl.RaftServerProxy.groupRemoveAsync(RaftServerProxy.java:504)
	at org.apache.ratis.server.impl.RaftServerProxy.groupManagementAsync(RaftServerProxy.java:460)
	at org.apache.ratis.server.impl.RaftServerProxy.groupManagement(RaftServerProxy.java:440)
	at org.apache.hadoop.ozone.container.common.transport.server.ratis.XceiverServerRatis.removeGroup(XceiverServerRatis.java:786)
	... 4 more
2021-01-29 15:28:44,698 [Command processor thread] WARN  server.RaftServer (RaftServerProxy.java:remove(101)) - 917eb864-1739-4fd5-ac14-ff1ecb8c1d24: does not contain group: group-82FE8DDC79AF
2021-01-29 15:28:44,698 [Command processor thread] ERROR commandhandler.ClosePipelineCommandHandler (ClosePipelineCommandHandler.java:handle(78)) - Can't close pipeline PipelineID=ada21374-47fd-4d92-9ee3-82fe8ddc79af
java.io.IOException: 917eb864-1739-4fd5-ac14-ff1ecb8c1d24: Group group-82FE8DDC79AF not found.
	at org.apache.hadoop.ozone.container.common.transport.server.ratis.XceiverServerRatis.removeGroup(XceiverServerRatis.java:788)
	at org.apache.hadoop.ozone.container.common.statemachine.commandhandler.ClosePipelineCommandHandler.handle(ClosePipelineCommandHandler.java:74)
	at org.apache.hadoop.ozone.container.common.statemachine.commandhandler.CommandDispatcher.handle(CommandDispatcher.java:99)
	at org.apache.hadoop.ozone.container.common.statemachine.DatanodeStateMachine.lambda$initCommandHandlerThread$2(DatanodeStateMachine.java:498)
	at java.lang.Thread.run(Thread.java:748)
Caused by: org.apache.ratis.protocol.exceptions.GroupMismatchException: 917eb864-1739-4fd5-ac14-ff1ecb8c1d24: Group group-82FE8DDC79AF not found.
	at org.apache.ratis.server.impl.RaftServerProxy.groupRemoveAsync(RaftServerProxy.java:504)
	at org.apache.ratis.server.impl.RaftServerProxy.groupManagementAsync(RaftServerProxy.java:460)
	at org.apache.ratis.server.impl.RaftServerProxy.groupManagement(RaftServerProxy.java:440)
	at org.apache.hadoop.ozone.container.common.transport.server.ratis.XceiverServerRatis.removeGroup(XceiverServerRatis.java:786)
	... 4 more
2021-01-29 15:28:44,698 [Command processor thread] WARN  server.RaftServer (RaftServerProxy.java:remove(101)) - 917eb864-1739-4fd5-ac14-ff1ecb8c1d24: does not contain group: group-82FE8DDC79AF
2021-01-29 15:28:44,698 [Command processor thread] ERROR commandhandler.ClosePipelineCommandHandler (ClosePipelineCommandHandler.java:handle(78)) - Can't close pipeline PipelineID=ada21374-47fd-4d92-9ee3-82fe8ddc79af
java.io.IOException: 917eb864-1739-4fd5-ac14-ff1ecb8c1d24: Group group-82FE8DDC79AF not found.
	at org.apache.hadoop.ozone.container.common.transport.server.ratis.XceiverServerRatis.removeGroup(XceiverServerRatis.java:788)
	at org.apache.hadoop.ozone.container.common.statemachine.commandhandler.ClosePipelineCommandHandler.handle(ClosePipelineCommandHandler.java:74)
	at org.apache.hadoop.ozone.container.common.statemachine.commandhandler.CommandDispatcher.handle(CommandDispatcher.java:99)
	at org.apache.hadoop.ozone.container.common.statemachine.DatanodeStateMachine.lambda$initCommandHandlerThread$2(DatanodeStateMachine.java:498)
	at java.lang.Thread.run(Thread.java:748)
Caused by: org.apache.ratis.protocol.exceptions.GroupMismatchException: 917eb864-1739-4fd5-ac14-ff1ecb8c1d24: Group group-82FE8DDC79AF not found.
	at org.apache.ratis.server.impl.RaftServerProxy.groupRemoveAsync(RaftServerProxy.java:504)
	at org.apache.ratis.server.impl.RaftServerProxy.groupManagementAsync(RaftServerProxy.java:460)
	at org.apache.ratis.server.impl.RaftServerProxy.groupManagement(RaftServerProxy.java:440)
	at org.apache.hadoop.ozone.container.common.transport.server.ratis.XceiverServerRatis.removeGroup(XceiverServerRatis.java:786)
	... 4 more
2021-01-29 15:28:46,697 [Command processor thread] WARN  server.RaftServer (RaftServerProxy.java:remove(101)) - d5d7cc10-80c6-421e-a2cb-6e4e9e0bf9f8: does not contain group: group-82FE8DDC79AF
2021-01-29 15:28:46,697 [Command processor thread] ERROR commandhandler.ClosePipelineCommandHandler (ClosePipelineCommandHandler.java:handle(78)) - Can't close pipeline PipelineID=ada21374-47fd-4d92-9ee3-82fe8ddc79af
java.io.IOException: d5d7cc10-80c6-421e-a2cb-6e4e9e0bf9f8: Group group-82FE8DDC79AF not found.
	at org.apache.hadoop.ozone.container.common.transport.server.ratis.XceiverServerRatis.removeGroup(XceiverServerRatis.java:788)
	at org.apache.hadoop.ozone.container.common.statemachine.commandhandler.ClosePipelineCommandHandler.handle(ClosePipelineCommandHandler.java:74)
	at org.apache.hadoop.ozone.container.common.statemachine.commandhandler.CommandDispatcher.handle(CommandDispatcher.java:99)
	at org.apache.hadoop.ozone.container.common.statemachine.DatanodeStateMachine.lambda$initCommandHandlerThread$2(DatanodeStateMachine.java:498)
	at java.lang.Thread.run(Thread.java:748)
Caused by: org.apache.ratis.protocol.exceptions.GroupMismatchException: d5d7cc10-80c6-421e-a2cb-6e4e9e0bf9f8: Group group-82FE8DDC79AF not found.
	at org.apache.ratis.server.impl.RaftServerProxy.groupRemoveAsync(RaftServerProxy.java:504)
	at org.apache.ratis.server.impl.RaftServerProxy.groupManagementAsync(RaftServerProxy.java:460)
	at org.apache.ratis.server.impl.RaftServerProxy.groupManagement(RaftServerProxy.java:440)
	at org.apache.hadoop.ozone.container.common.transport.server.ratis.XceiverServerRatis.removeGroup(XceiverServerRatis.java:786)
	... 4 more
2021-01-29 15:28:46,697 [Command processor thread] WARN  server.RaftServer (RaftServerProxy.java:remove(101)) - d5d7cc10-80c6-421e-a2cb-6e4e9e0bf9f8: does not contain group: group-82FE8DDC79AF
2021-01-29 15:28:46,697 [Command processor thread] ERROR commandhandler.ClosePipelineCommandHandler (ClosePipelineCommandHandler.java:handle(78)) - Can't close pipeline PipelineID=ada21374-47fd-4d92-9ee3-82fe8ddc79af
java.io.IOException: d5d7cc10-80c6-421e-a2cb-6e4e9e0bf9f8: Group group-82FE8DDC79AF not found.
	at org.apache.hadoop.ozone.container.common.transport.server.ratis.XceiverServerRatis.removeGroup(XceiverServerRatis.java:788)
	at org.apache.hadoop.ozone.container.common.statemachine.commandhandler.ClosePipelineCommandHandler.handle(ClosePipelineCommandHandler.java:74)
	at org.apache.hadoop.ozone.container.common.statemachine.commandhandler.CommandDispatcher.handle(CommandDispatcher.java:99)
	at org.apache.hadoop.ozone.container.common.statemachine.DatanodeStateMachine.lambda$initCommandHandlerThread$2(DatanodeStateMachine.java:498)
	at java.lang.Thread.run(Thread.java:748)
Caused by: org.apache.ratis.protocol.exceptions.GroupMismatchException: d5d7cc10-80c6-421e-a2cb-6e4e9e0bf9f8: Group group-82FE8DDC79AF not found.
	at org.apache.ratis.server.impl.RaftServerProxy.groupRemoveAsync(RaftServerProxy.java:504)
	at org.apache.ratis.server.impl.RaftServerProxy.groupManagementAsync(RaftServerProxy.java:460)
	at org.apache.ratis.server.impl.RaftServerProxy.groupManagement(RaftServerProxy.java:440)
	at org.apache.hadoop.ozone.container.common.transport.server.ratis.XceiverServerRatis.removeGroup(XceiverServerRatis.java:786)
	... 4 more
2021-01-29 15:28:46,698 [Command processor thread] WARN  server.RaftServer (RaftServerProxy.java:remove(101)) - 917eb864-1739-4fd5-ac14-ff1ecb8c1d24: does not contain group: group-82FE8DDC79AF
2021-01-29 15:28:46,698 [Command processor thread] ERROR commandhandler.ClosePipelineCommandHandler (ClosePipelineCommandHandler.java:handle(78)) - Can't close pipeline PipelineID=ada21374-47fd-4d92-9ee3-82fe8ddc79af
java.io.IOException: 917eb864-1739-4fd5-ac14-ff1ecb8c1d24: Group group-82FE8DDC79AF not found.
	at org.apache.hadoop.ozone.container.common.transport.server.ratis.XceiverServerRatis.removeGroup(XceiverServerRatis.java:788)
	at org.apache.hadoop.ozone.container.common.statemachine.commandhandler.ClosePipelineCommandHandler.handle(ClosePipelineCommandHandler.java:74)
	at org.apache.hadoop.ozone.container.common.statemachine.commandhandler.CommandDispatcher.handle(CommandDispatcher.java:99)
	at org.apache.hadoop.ozone.container.common.statemachine.DatanodeStateMachine.lambda$initCommandHandlerThread$2(DatanodeStateMachine.java:498)
	at java.lang.Thread.run(Thread.java:748)
Caused by: org.apache.ratis.protocol.exceptions.GroupMismatchException: 917eb864-1739-4fd5-ac14-ff1ecb8c1d24: Group group-82FE8DDC79AF not found.
	at org.apache.ratis.server.impl.RaftServerProxy.groupRemoveAsync(RaftServerProxy.java:504)
	at org.apache.ratis.server.impl.RaftServerProxy.groupManagementAsync(RaftServerProxy.java:460)
	at org.apache.ratis.server.impl.RaftServerProxy.groupManagement(RaftServerProxy.java:440)
	at org.apache.hadoop.ozone.container.common.transport.server.ratis.XceiverServerRatis.removeGroup(XceiverServerRatis.java:786)
	... 4 more
2021-01-29 15:28:46,698 [Command processor thread] WARN  server.RaftServer (RaftServerProxy.java:remove(101)) - 917eb864-1739-4fd5-ac14-ff1ecb8c1d24: does not contain group: group-82FE8DDC79AF
2021-01-29 15:28:46,699 [Command processor thread] ERROR commandhandler.ClosePipelineCommandHandler (ClosePipelineCommandHandler.java:handle(78)) - Can't close pipeline PipelineID=ada21374-47fd-4d92-9ee3-82fe8ddc79af
java.io.IOException: 917eb864-1739-4fd5-ac14-ff1ecb8c1d24: Group group-82FE8DDC79AF not found.
	at org.apache.hadoop.ozone.container.common.transport.server.ratis.XceiverServerRatis.removeGroup(XceiverServerRatis.java:788)
	at org.apache.hadoop.ozone.container.common.statemachine.commandhandler.ClosePipelineCommandHandler.handle(ClosePipelineCommandHandler.java:74)
	at org.apache.hadoop.ozone.container.common.statemachine.commandhandler.CommandDispatcher.handle(CommandDispatcher.java:99)
	at org.apache.hadoop.ozone.container.common.statemachine.DatanodeStateMachine.lambda$initCommandHandlerThread$2(DatanodeStateMachine.java:498)
	at java.lang.Thread.run(Thread.java:748)
Caused by: org.apache.ratis.protocol.exceptions.GroupMismatchException: 917eb864-1739-4fd5-ac14-ff1ecb8c1d24: Group group-82FE8DDC79AF not found.
	at org.apache.ratis.server.impl.RaftServerProxy.groupRemoveAsync(RaftServerProxy.java:504)
	at org.apache.ratis.server.impl.RaftServerProxy.groupManagementAsync(RaftServerProxy.java:460)
	at org.apache.ratis.server.impl.RaftServerProxy.groupManagement(RaftServerProxy.java:440)
	at org.apache.hadoop.ozone.container.common.transport.server.ratis.XceiverServerRatis.removeGroup(XceiverServerRatis.java:786)
	... 4 more
2021-01-29 15:28:48,697 [Command processor thread] WARN  server.RaftServer (RaftServerProxy.java:remove(101)) - d5d7cc10-80c6-421e-a2cb-6e4e9e0bf9f8: does not contain group: group-82FE8DDC79AF
2021-01-29 15:28:48,697 [Command processor thread] ERROR commandhandler.ClosePipelineCommandHandler (ClosePipelineCommandHandler.java:handle(78)) - Can't close pipeline PipelineID=ada21374-47fd-4d92-9ee3-82fe8ddc79af
java.io.IOException: d5d7cc10-80c6-421e-a2cb-6e4e9e0bf9f8: Group group-82FE8DDC79AF not found.
	at org.apache.hadoop.ozone.container.common.transport.server.ratis.XceiverServerRatis.removeGroup(XceiverServerRatis.java:788)
	at org.apache.hadoop.ozone.container.common.statemachine.commandhandler.ClosePipelineCommandHandler.handle(ClosePipelineCommandHandler.java:74)
	at org.apache.hadoop.ozone.container.common.statemachine.commandhandler.CommandDispatcher.handle(CommandDispatcher.java:99)
	at org.apache.hadoop.ozone.container.common.statemachine.DatanodeStateMachine.lambda$initCommandHandlerThread$2(DatanodeStateMachine.java:498)
	at java.lang.Thread.run(Thread.java:748)
Caused by: org.apache.ratis.protocol.exceptions.GroupMismatchException: d5d7cc10-80c6-421e-a2cb-6e4e9e0bf9f8: Group group-82FE8DDC79AF not found.
	at org.apache.ratis.server.impl.RaftServerProxy.groupRemoveAsync(RaftServerProxy.java:504)
	at org.apache.ratis.server.impl.RaftServerProxy.groupManagementAsync(RaftServerProxy.java:460)
	at org.apache.ratis.server.impl.RaftServerProxy.groupManagement(RaftServerProxy.java:440)
	at org.apache.hadoop.ozone.container.common.transport.server.ratis.XceiverServerRatis.removeGroup(XceiverServerRatis.java:786)
	... 4 more
2021-01-29 15:28:48,697 [Command processor thread] WARN  server.RaftServer (RaftServerProxy.java:remove(101)) - d5d7cc10-80c6-421e-a2cb-6e4e9e0bf9f8: does not contain group: group-82FE8DDC79AF
2021-01-29 15:28:48,697 [Command processor thread] ERROR commandhandler.ClosePipelineCommandHandler (ClosePipelineCommandHandler.java:handle(78)) - Can't close pipeline PipelineID=ada21374-47fd-4d92-9ee3-82fe8ddc79af
java.io.IOException: d5d7cc10-80c6-421e-a2cb-6e4e9e0bf9f8: Group group-82FE8DDC79AF not found.
	at org.apache.hadoop.ozone.container.common.transport.server.ratis.XceiverServerRatis.removeGroup(XceiverServerRatis.java:788)
	at org.apache.hadoop.ozone.container.common.statemachine.commandhandler.ClosePipelineCommandHandler.handle(ClosePipelineCommandHandler.java:74)
	at org.apache.hadoop.ozone.container.common.statemachine.commandhandler.CommandDispatcher.handle(CommandDispatcher.java:99)
	at org.apache.hadoop.ozone.container.common.statemachine.DatanodeStateMachine.lambda$initCommandHandlerThread$2(DatanodeStateMachine.java:498)
	at java.lang.Thread.run(Thread.java:748)
Caused by: org.apache.ratis.protocol.exceptions.GroupMismatchException: d5d7cc10-80c6-421e-a2cb-6e4e9e0bf9f8: Group group-82FE8DDC79AF not found.
	at org.apache.ratis.server.impl.RaftServerProxy.groupRemoveAsync(RaftServerProxy.java:504)
	at org.apache.ratis.server.impl.RaftServerProxy.groupManagementAsync(RaftServerProxy.java:460)
	at org.apache.ratis.server.impl.RaftServerProxy.groupManagement(RaftServerProxy.java:440)
	at org.apache.hadoop.ozone.container.common.transport.server.ratis.XceiverServerRatis.removeGroup(XceiverServerRatis.java:786)
	... 4 more
2021-01-29 15:28:48,700 [Command processor thread] WARN  server.RaftServer (RaftServerProxy.java:remove(101)) - 917eb864-1739-4fd5-ac14-ff1ecb8c1d24: does not contain group: group-82FE8DDC79AF
2021-01-29 15:28:48,700 [Command processor thread] ERROR commandhandler.ClosePipelineCommandHandler (ClosePipelineCommandHandler.java:handle(78)) - Can't close pipeline PipelineID=ada21374-47fd-4d92-9ee3-82fe8ddc79af
java.io.IOException: 917eb864-1739-4fd5-ac14-ff1ecb8c1d24: Group group-82FE8DDC79AF not found.
	at org.apache.hadoop.ozone.container.common.transport.server.ratis.XceiverServerRatis.removeGroup(XceiverServerRatis.java:788)
	at org.apache.hadoop.ozone.container.common.statemachine.commandhandler.ClosePipelineCommandHandler.handle(ClosePipelineCommandHandler.java:74)
	at org.apache.hadoop.ozone.container.common.statemachine.commandhandler.CommandDispatcher.handle(CommandDispatcher.java:99)
	at org.apache.hadoop.ozone.container.common.statemachine.DatanodeStateMachine.lambda$initCommandHandlerThread$2(DatanodeStateMachine.java:498)
	at java.lang.Thread.run(Thread.java:748)
Caused by: org.apache.ratis.protocol.exceptions.GroupMismatchException: 917eb864-1739-4fd5-ac14-ff1ecb8c1d24: Group group-82FE8DDC79AF not found.
	at org.apache.ratis.server.impl.RaftServerProxy.groupRemoveAsync(RaftServerProxy.java:504)
	at org.apache.ratis.server.impl.RaftServerProxy.groupManagementAsync(RaftServerProxy.java:460)
	at org.apache.ratis.server.impl.RaftServerProxy.groupManagement(RaftServerProxy.java:440)
	at org.apache.hadoop.ozone.container.common.transport.server.ratis.XceiverServerRatis.removeGroup(XceiverServerRatis.java:786)
	... 4 more
2021-01-29 15:28:48,700 [Command processor thread] WARN  server.RaftServer (RaftServerProxy.java:remove(101)) - 917eb864-1739-4fd5-ac14-ff1ecb8c1d24: does not contain group: group-82FE8DDC79AF
2021-01-29 15:28:48,700 [Command processor thread] ERROR commandhandler.ClosePipelineCommandHandler (ClosePipelineCommandHandler.java:handle(78)) - Can't close pipeline PipelineID=ada21374-47fd-4d92-9ee3-82fe8ddc79af
java.io.IOException: 917eb864-1739-4fd5-ac14-ff1ecb8c1d24: Group group-82FE8DDC79AF not found.
	at org.apache.hadoop.ozone.container.common.transport.server.ratis.XceiverServerRatis.removeGroup(XceiverServerRatis.java:788)
	at org.apache.hadoop.ozone.container.common.statemachine.commandhandler.ClosePipelineCommandHandler.handle(ClosePipelineCommandHandler.java:74)
	at org.apache.hadoop.ozone.container.common.statemachine.commandhandler.CommandDispatcher.handle(CommandDispatcher.java:99)
	at org.apache.hadoop.ozone.container.common.statemachine.DatanodeStateMachine.lambda$initCommandHandlerThread$2(DatanodeStateMachine.java:498)
	at java.lang.Thread.run(Thread.java:748)
Caused by: org.apache.ratis.protocol.exceptions.GroupMismatchException: 917eb864-1739-4fd5-ac14-ff1ecb8c1d24: Group group-82FE8DDC79AF not found.
	at org.apache.ratis.server.impl.RaftServerProxy.groupRemoveAsync(RaftServerProxy.java:504)
	at org.apache.ratis.server.impl.RaftServerProxy.groupManagementAsync(RaftServerProxy.java:460)
	at org.apache.ratis.server.impl.RaftServerProxy.groupManagement(RaftServerProxy.java:440)
	at org.apache.hadoop.ozone.container.common.transport.server.ratis.XceiverServerRatis.removeGroup(XceiverServerRatis.java:786)
	... 4 more
2021-01-29 15:28:50,697 [Command processor thread] WARN  server.RaftServer (RaftServerProxy.java:remove(101)) - d5d7cc10-80c6-421e-a2cb-6e4e9e0bf9f8: does not contain group: group-82FE8DDC79AF
2021-01-29 15:28:50,697 [Command processor thread] ERROR commandhandler.ClosePipelineCommandHandler (ClosePipelineCommandHandler.java:handle(78)) - Can't close pipeline PipelineID=ada21374-47fd-4d92-9ee3-82fe8ddc79af
java.io.IOException: d5d7cc10-80c6-421e-a2cb-6e4e9e0bf9f8: Group group-82FE8DDC79AF not found.
	at org.apache.hadoop.ozone.container.common.transport.server.ratis.XceiverServerRatis.removeGroup(XceiverServerRatis.java:788)
	at org.apache.hadoop.ozone.container.common.statemachine.commandhandler.ClosePipelineCommandHandler.handle(ClosePipelineCommandHandler.java:74)
	at org.apache.hadoop.ozone.container.common.statemachine.commandhandler.CommandDispatcher.handle(CommandDispatcher.java:99)
	at org.apache.hadoop.ozone.container.common.statemachine.DatanodeStateMachine.lambda$initCommandHandlerThread$2(DatanodeStateMachine.java:498)
	at java.lang.Thread.run(Thread.java:748)
Caused by: org.apache.ratis.protocol.exceptions.GroupMismatchException: d5d7cc10-80c6-421e-a2cb-6e4e9e0bf9f8: Group group-82FE8DDC79AF not found.
	at org.apache.ratis.server.impl.RaftServerProxy.groupRemoveAsync(RaftServerProxy.java:504)
	at org.apache.ratis.server.impl.RaftServerProxy.groupManagementAsync(RaftServerProxy.java:460)
	at org.apache.ratis.server.impl.RaftServerProxy.groupManagement(RaftServerProxy.java:440)
	at org.apache.hadoop.ozone.container.common.transport.server.ratis.XceiverServerRatis.removeGroup(XceiverServerRatis.java:786)
	... 4 more
2021-01-29 15:28:50,698 [Command processor thread] WARN  server.RaftServer (RaftServerProxy.java:remove(101)) - d5d7cc10-80c6-421e-a2cb-6e4e9e0bf9f8: does not contain group: group-82FE8DDC79AF
2021-01-29 15:28:50,698 [Command processor thread] ERROR commandhandler.ClosePipelineCommandHandler (ClosePipelineCommandHandler.java:handle(78)) - Can't close pipeline PipelineID=ada21374-47fd-4d92-9ee3-82fe8ddc79af
java.io.IOException: d5d7cc10-80c6-421e-a2cb-6e4e9e0bf9f8: Group group-82FE8DDC79AF not found.
	at org.apache.hadoop.ozone.container.common.transport.server.ratis.XceiverServerRatis.removeGroup(XceiverServerRatis.java:788)
	at org.apache.hadoop.ozone.container.common.statemachine.commandhandler.ClosePipelineCommandHandler.handle(ClosePipelineCommandHandler.java:74)
	at org.apache.hadoop.ozone.container.common.statemachine.commandhandler.CommandDispatcher.handle(CommandDispatcher.java:99)
	at org.apache.hadoop.ozone.container.common.statemachine.DatanodeStateMachine.lambda$initCommandHandlerThread$2(DatanodeStateMachine.java:498)
	at java.lang.Thread.run(Thread.java:748)
Caused by: org.apache.ratis.protocol.exceptions.GroupMismatchException: d5d7cc10-80c6-421e-a2cb-6e4e9e0bf9f8: Group group-82FE8DDC79AF not found.
	at org.apache.ratis.server.impl.RaftServerProxy.groupRemoveAsync(RaftServerProxy.java:504)
	at org.apache.ratis.server.impl.RaftServerProxy.groupManagementAsync(RaftServerProxy.java:460)
	at org.apache.ratis.server.impl.RaftServerProxy.groupManagement(RaftServerProxy.java:440)
	at org.apache.hadoop.ozone.container.common.transport.server.ratis.XceiverServerRatis.removeGroup(XceiverServerRatis.java:786)
	... 4 more
2021-01-29 15:28:50,707 [Command processor thread] WARN  server.RaftServer (RaftServerProxy.java:remove(101)) - 917eb864-1739-4fd5-ac14-ff1ecb8c1d24: does not contain group: group-82FE8DDC79AF
2021-01-29 15:28:50,707 [Command processor thread] ERROR commandhandler.ClosePipelineCommandHandler (ClosePipelineCommandHandler.java:handle(78)) - Can't close pipeline PipelineID=ada21374-47fd-4d92-9ee3-82fe8ddc79af
java.io.IOException: 917eb864-1739-4fd5-ac14-ff1ecb8c1d24: Group group-82FE8DDC79AF not found.
	at org.apache.hadoop.ozone.container.common.transport.server.ratis.XceiverServerRatis.removeGroup(XceiverServerRatis.java:788)
	at org.apache.hadoop.ozone.container.common.statemachine.commandhandler.ClosePipelineCommandHandler.handle(ClosePipelineCommandHandler.java:74)
	at org.apache.hadoop.ozone.container.common.statemachine.commandhandler.CommandDispatcher.handle(CommandDispatcher.java:99)
	at org.apache.hadoop.ozone.container.common.statemachine.DatanodeStateMachine.lambda$initCommandHandlerThread$2(DatanodeStateMachine.java:498)
	at java.lang.Thread.run(Thread.java:748)
Caused by: org.apache.ratis.protocol.exceptions.GroupMismatchException: 917eb864-1739-4fd5-ac14-ff1ecb8c1d24: Group group-82FE8DDC79AF not found.
	at org.apache.ratis.server.impl.RaftServerProxy.groupRemoveAsync(RaftServerProxy.java:504)
	at org.apache.ratis.server.impl.RaftServerProxy.groupManagementAsync(RaftServerProxy.java:460)
	at org.apache.ratis.server.impl.RaftServerProxy.groupManagement(RaftServerProxy.java:440)
	at org.apache.hadoop.ozone.container.common.transport.server.ratis.XceiverServerRatis.removeGroup(XceiverServerRatis.java:786)
	... 4 more
2021-01-29 15:28:50,707 [Command processor thread] WARN  server.RaftServer (RaftServerProxy.java:remove(101)) - 917eb864-1739-4fd5-ac14-ff1ecb8c1d24: does not contain group: group-82FE8DDC79AF
2021-01-29 15:28:50,707 [Command processor thread] ERROR commandhandler.ClosePipelineCommandHandler (ClosePipelineCommandHandler.java:handle(78)) - Can't close pipeline PipelineID=ada21374-47fd-4d92-9ee3-82fe8ddc79af
java.io.IOException: 917eb864-1739-4fd5-ac14-ff1ecb8c1d24: Group group-82FE8DDC79AF not found.
	at org.apache.hadoop.ozone.container.common.transport.server.ratis.XceiverServerRatis.removeGroup(XceiverServerRatis.java:788)
	at org.apache.hadoop.ozone.container.common.statemachine.commandhandler.ClosePipelineCommandHandler.handle(ClosePipelineCommandHandler.java:74)
	at org.apache.hadoop.ozone.container.common.statemachine.commandhandler.CommandDispatcher.handle(CommandDispatcher.java:99)
	at org.apache.hadoop.ozone.container.common.statemachine.DatanodeStateMachine.lambda$initCommandHandlerThread$2(DatanodeStateMachine.java:498)
	at java.lang.Thread.run(Thread.java:748)
Caused by: org.apache.ratis.protocol.exceptions.GroupMismatchException: 917eb864-1739-4fd5-ac14-ff1ecb8c1d24: Group group-82FE8DDC79AF not found.
	at org.apache.ratis.server.impl.RaftServerProxy.groupRemoveAsync(RaftServerProxy.java:504)
	at org.apache.ratis.server.impl.RaftServerProxy.groupManagementAsync(RaftServerProxy.java:460)
	at org.apache.ratis.server.impl.RaftServerProxy.groupManagement(RaftServerProxy.java:440)
	at org.apache.hadoop.ozone.container.common.transport.server.ratis.XceiverServerRatis.removeGroup(XceiverServerRatis.java:786)
	... 4 more
2021-01-29 15:28:50,707 [Command processor thread] WARN  server.RaftServer (RaftServerProxy.java:remove(101)) - 917eb864-1739-4fd5-ac14-ff1ecb8c1d24: does not contain group: group-82FE8DDC79AF
2021-01-29 15:28:50,707 [Command processor thread] ERROR commandhandler.ClosePipelineCommandHandler (ClosePipelineCommandHandler.java:handle(78)) - Can't close pipeline PipelineID=ada21374-47fd-4d92-9ee3-82fe8ddc79af
java.io.IOException: 917eb864-1739-4fd5-ac14-ff1ecb8c1d24: Group group-82FE8DDC79AF not found.
	at org.apache.hadoop.ozone.container.common.transport.server.ratis.XceiverServerRatis.removeGroup(XceiverServerRatis.java:788)
	at org.apache.hadoop.ozone.container.common.statemachine.commandhandler.ClosePipelineCommandHandler.handle(ClosePipelineCommandHandler.java:74)
	at org.apache.hadoop.ozone.container.common.statemachine.commandhandler.CommandDispatcher.handle(CommandDispatcher.java:99)
	at org.apache.hadoop.ozone.container.common.statemachine.DatanodeStateMachine.lambda$initCommandHandlerThread$2(DatanodeStateMachine.java:498)
	at java.lang.Thread.run(Thread.java:748)
Caused by: org.apache.ratis.protocol.exceptions.GroupMismatchException: 917eb864-1739-4fd5-ac14-ff1ecb8c1d24: Group group-82FE8DDC79AF not found.
	at org.apache.ratis.server.impl.RaftServerProxy.groupRemoveAsync(RaftServerProxy.java:504)
	at org.apache.ratis.server.impl.RaftServerProxy.groupManagementAsync(RaftServerProxy.java:460)
	at org.apache.ratis.server.impl.RaftServerProxy.groupManagement(RaftServerProxy.java:440)
	at org.apache.hadoop.ozone.container.common.transport.server.ratis.XceiverServerRatis.removeGroup(XceiverServerRatis.java:786)
	... 4 more
2021-01-29 15:28:51,442 [java.util.concurrent.ThreadPoolExecutor$Worker@77b0d525[State = -1, empty queue]] WARN  grpc.GrpcUtil (GrpcUtil.java:shutdownManagedChannel(216)) - Timed out gracefully shutting down connection: ManagedChannelOrphanWrapper{delegate=ManagedChannelImpl{logId=207, target=172.17.0.2:36211}}. 
2021-01-29 15:28:51,445 [java.util.concurrent.ThreadPoolExecutor$Worker@77b0d525[State = -1, empty queue]] WARN  server.GrpcLogAppender (GrpcLogAppender.java:timeoutAppendRequest(244)) - abd5dbec-f275-43c0-9ba5-e9315d47b38d@group-C890AF39A67A->e9b6cb55-ded4-4b6d-beb1-e0e1d0ea549d-GrpcLogAppender:  appendEntries Timeout, request=AppendEntriesRequest:cid=1640,entriesCount=1,lastEntry=(t:1, i:122)
2021-01-29 15:28:51,446 [java.util.concurrent.ThreadPoolExecutor$Worker@77b0d525[State = -1, empty queue]] WARN  server.GrpcLogAppender (GrpcLogAppender.java:timeoutAppendRequest(244)) - abd5dbec-f275-43c0-9ba5-e9315d47b38d@group-C890AF39A67A->e9b6cb55-ded4-4b6d-beb1-e0e1d0ea549d-GrpcLogAppender:  appendEntries Timeout, request=AppendEntriesRequest:cid=1641,entriesCount=1,lastEntry=(t:1, i:123)
2021-01-29 15:28:51,446 [java.util.concurrent.ThreadPoolExecutor$Worker@77b0d525[State = -1, empty queue]] WARN  server.GrpcLogAppender (GrpcLogAppender.java:timeoutAppendRequest(244)) - abd5dbec-f275-43c0-9ba5-e9315d47b38d@group-C890AF39A67A->e29fa1fa-05e1-4a0c-9aa8-f5147e66917e-GrpcLogAppender:  appendEntries Timeout, request=AppendEntriesRequest:cid=1648,entriesCount=1,lastEntry=(t:1, i:122)
2021-01-29 15:28:51,446 [java.util.concurrent.ThreadPoolExecutor$Worker@77b0d525[State = -1, empty queue]] WARN  server.GrpcLogAppender (GrpcLogAppender.java:timeoutAppendRequest(244)) - abd5dbec-f275-43c0-9ba5-e9315d47b38d@group-C890AF39A67A->e29fa1fa-05e1-4a0c-9aa8-f5147e66917e-GrpcLogAppender:  appendEntries Timeout, request=AppendEntriesRequest:cid=1649,entriesCount=1,lastEntry=(t:1, i:123)
2021-01-29 15:28:51,446 [java.util.concurrent.ThreadPoolExecutor$Worker@77b0d525[State = -1, empty queue]] WARN  server.GrpcLogAppender (GrpcLogAppender.java:timeoutAppendRequest(244)) - abd5dbec-f275-43c0-9ba5-e9315d47b38d@group-C890AF39A67A->e9b6cb55-ded4-4b6d-beb1-e0e1d0ea549d-GrpcLogAppender:  appendEntries Timeout, request=AppendEntriesRequest:cid=1642,entriesCount=1,lastEntry=(t:1, i:124)
2021-01-29 15:28:51,446 [java.util.concurrent.ThreadPoolExecutor$Worker@77b0d525[State = -1, empty queue]] WARN  server.GrpcLogAppender (GrpcLogAppender.java:timeoutAppendRequest(244)) - abd5dbec-f275-43c0-9ba5-e9315d47b38d@group-C890AF39A67A->e29fa1fa-05e1-4a0c-9aa8-f5147e66917e-GrpcLogAppender:  appendEntries Timeout, request=AppendEntriesRequest:cid=1650,entriesCount=1,lastEntry=(t:1, i:124)
2021-01-29 15:28:51,446 [java.util.concurrent.ThreadPoolExecutor$Worker@77b0d525[State = -1, empty queue]] WARN  server.GrpcLogAppender (GrpcLogAppender.java:timeoutAppendRequest(244)) - abd5dbec-f275-43c0-9ba5-e9315d47b38d@group-C890AF39A67A->e29fa1fa-05e1-4a0c-9aa8-f5147e66917e-GrpcLogAppender:  appendEntries Timeout, request=AppendEntriesRequest:cid=1651,entriesCount=1,lastEntry=(t:1, i:125)
2021-01-29 15:28:51,446 [java.util.concurrent.ThreadPoolExecutor$Worker@77b0d525[State = -1, empty queue]] WARN  server.GrpcLogAppender (GrpcLogAppender.java:timeoutAppendRequest(244)) - abd5dbec-f275-43c0-9ba5-e9315d47b38d@group-C890AF39A67A->e9b6cb55-ded4-4b6d-beb1-e0e1d0ea549d-GrpcLogAppender:  appendEntries Timeout, request=AppendEntriesRequest:cid=1643,entriesCount=1,lastEntry=(t:1, i:125)
2021-01-29 15:28:52,697 [Command processor thread] WARN  server.RaftServer (RaftServerProxy.java:remove(101)) - d5d7cc10-80c6-421e-a2cb-6e4e9e0bf9f8: does not contain group: group-82FE8DDC79AF
2021-01-29 15:28:52,697 [Command processor thread] ERROR commandhandler.ClosePipelineCommandHandler (ClosePipelineCommandHandler.java:handle(78)) - Can't close pipeline PipelineID=ada21374-47fd-4d92-9ee3-82fe8ddc79af
java.io.IOException: d5d7cc10-80c6-421e-a2cb-6e4e9e0bf9f8: Group group-82FE8DDC79AF not found.
	at org.apache.hadoop.ozone.container.common.transport.server.ratis.XceiverServerRatis.removeGroup(XceiverServerRatis.java:788)
	at org.apache.hadoop.ozone.container.common.statemachine.commandhandler.ClosePipelineCommandHandler.handle(ClosePipelineCommandHandler.java:74)
	at org.apache.hadoop.ozone.container.common.statemachine.commandhandler.CommandDispatcher.handle(CommandDispatcher.java:99)
	at org.apache.hadoop.ozone.container.common.statemachine.DatanodeStateMachine.lambda$initCommandHandlerThread$2(DatanodeStateMachine.java:498)
	at java.lang.Thread.run(Thread.java:748)
Caused by: org.apache.ratis.protocol.exceptions.GroupMismatchException: d5d7cc10-80c6-421e-a2cb-6e4e9e0bf9f8: Group group-82FE8DDC79AF not found.
	at org.apache.ratis.server.impl.RaftServerProxy.groupRemoveAsync(RaftServerProxy.java:504)
	at org.apache.ratis.server.impl.RaftServerProxy.groupManagementAsync(RaftServerProxy.java:460)
	at org.apache.ratis.server.impl.RaftServerProxy.groupManagement(RaftServerProxy.java:440)
	at org.apache.hadoop.ozone.container.common.transport.server.ratis.XceiverServerRatis.removeGroup(XceiverServerRatis.java:786)
	... 4 more
2021-01-29 15:28:52,697 [Command processor thread] WARN  server.RaftServer (RaftServerProxy.java:remove(101)) - d5d7cc10-80c6-421e-a2cb-6e4e9e0bf9f8: does not contain group: group-82FE8DDC79AF
2021-01-29 15:28:52,697 [Command processor thread] ERROR commandhandler.ClosePipelineCommandHandler (ClosePipelineCommandHandler.java:handle(78)) - Can't close pipeline PipelineID=ada21374-47fd-4d92-9ee3-82fe8ddc79af
java.io.IOException: d5d7cc10-80c6-421e-a2cb-6e4e9e0bf9f8: Group group-82FE8DDC79AF not found.
	at org.apache.hadoop.ozone.container.common.transport.server.ratis.XceiverServerRatis.removeGroup(XceiverServerRatis.java:788)
	at org.apache.hadoop.ozone.container.common.statemachine.commandhandler.ClosePipelineCommandHandler.handle(ClosePipelineCommandHandler.java:74)
	at org.apache.hadoop.ozone.container.common.statemachine.commandhandler.CommandDispatcher.handle(CommandDispatcher.java:99)
	at org.apache.hadoop.ozone.container.common.statemachine.DatanodeStateMachine.lambda$initCommandHandlerThread$2(DatanodeStateMachine.java:498)
	at java.lang.Thread.run(Thread.java:748)
Caused by: org.apache.ratis.protocol.exceptions.GroupMismatchException: d5d7cc10-80c6-421e-a2cb-6e4e9e0bf9f8: Group group-82FE8DDC79AF not found.
	at org.apache.ratis.server.impl.RaftServerProxy.groupRemoveAsync(RaftServerProxy.java:504)
	at org.apache.ratis.server.impl.RaftServerProxy.groupManagementAsync(RaftServerProxy.java:460)
	at org.apache.ratis.server.impl.RaftServerProxy.groupManagement(RaftServerProxy.java:440)
	at org.apache.hadoop.ozone.container.common.transport.server.ratis.XceiverServerRatis.removeGroup(XceiverServerRatis.java:786)
	... 4 more
2021-01-29 15:28:52,704 [Command processor thread] WARN  server.RaftServer (RaftServerProxy.java:remove(101)) - 917eb864-1739-4fd5-ac14-ff1ecb8c1d24: does not contain group: group-82FE8DDC79AF
2021-01-29 15:28:52,705 [Command processor thread] ERROR commandhandler.ClosePipelineCommandHandler (ClosePipelineCommandHandler.java:handle(78)) - Can't close pipeline PipelineID=ada21374-47fd-4d92-9ee3-82fe8ddc79af
java.io.IOException: 917eb864-1739-4fd5-ac14-ff1ecb8c1d24: Group group-82FE8DDC79AF not found.
	at org.apache.hadoop.ozone.container.common.transport.server.ratis.XceiverServerRatis.removeGroup(XceiverServerRatis.java:788)
	at org.apache.hadoop.ozone.container.common.statemachine.commandhandler.ClosePipelineCommandHandler.handle(ClosePipelineCommandHandler.java:74)
	at org.apache.hadoop.ozone.container.common.statemachine.commandhandler.CommandDispatcher.handle(CommandDispatcher.java:99)
	at org.apache.hadoop.ozone.container.common.statemachine.DatanodeStateMachine.lambda$initCommandHandlerThread$2(DatanodeStateMachine.java:498)
	at java.lang.Thread.run(Thread.java:748)
Caused by: org.apache.ratis.protocol.exceptions.GroupMismatchException: 917eb864-1739-4fd5-ac14-ff1ecb8c1d24: Group group-82FE8DDC79AF not found.
	at org.apache.ratis.server.impl.RaftServerProxy.groupRemoveAsync(RaftServerProxy.java:504)
	at org.apache.ratis.server.impl.RaftServerProxy.groupManagementAsync(RaftServerProxy.java:460)
	at org.apache.ratis.server.impl.RaftServerProxy.groupManagement(RaftServerProxy.java:440)
	at org.apache.hadoop.ozone.container.common.transport.server.ratis.XceiverServerRatis.removeGroup(XceiverServerRatis.java:786)
	... 4 more
2021-01-29 15:28:54,465 [RatisPipelineUtilsThread] INFO  pipeline.RatisPipelineProvider (RatisPipelineProvider.java:lambda$close$1(199)) - Send pipeline:PipelineID=06dd217f-3d6a-4fac-81df-c890af39a67a close command to datanode e29fa1fa-05e1-4a0c-9aa8-f5147e66917e
2021-01-29 15:28:54,465 [RatisPipelineUtilsThread] INFO  pipeline.RatisPipelineProvider (RatisPipelineProvider.java:lambda$close$1(199)) - Send pipeline:PipelineID=06dd217f-3d6a-4fac-81df-c890af39a67a close command to datanode e9b6cb55-ded4-4b6d-beb1-e0e1d0ea549d
2021-01-29 15:28:54,465 [RatisPipelineUtilsThread] INFO  pipeline.RatisPipelineProvider (RatisPipelineProvider.java:lambda$close$1(199)) - Send pipeline:PipelineID=06dd217f-3d6a-4fac-81df-c890af39a67a close command to datanode abd5dbec-f275-43c0-9ba5-e9315d47b38d
2021-01-29 15:28:54,465 [RatisPipelineUtilsThread] INFO  pipeline.PipelineStateManager (PipelineStateManager.java:removePipeline(106)) - Pipeline Pipeline[ Id: 06dd217f-3d6a-4fac-81df-c890af39a67a, Nodes: e29fa1fa-05e1-4a0c-9aa8-f5147e66917e{ip: 172.17.0.2, host: 6dba130846a4, networkLocation: /default-rack, certSerialId: null, persistedOpState: IN_SERVICE, persistedOpStateExpiryEpochSec: 0}e9b6cb55-ded4-4b6d-beb1-e0e1d0ea549d{ip: 172.17.0.2, host: 6dba130846a4, networkLocation: /default-rack, certSerialId: null, persistedOpState: IN_SERVICE, persistedOpStateExpiryEpochSec: 0}abd5dbec-f275-43c0-9ba5-e9315d47b38d{ip: 172.17.0.2, host: 6dba130846a4, networkLocation: /default-rack, certSerialId: null, persistedOpState: IN_SERVICE, persistedOpStateExpiryEpochSec: 0}, Type:RATIS, Factor:THREE, State:CLOSED, leaderId:abd5dbec-f275-43c0-9ba5-e9315d47b38d, CreationTimestamp2021-01-29T15:26:10.733Z] removed from db
2021-01-29 15:28:54,468 [RatisPipelineUtilsThread] INFO  pipeline.RatisPipelineProvider (RatisPipelineProvider.java:lambda$close$1(199)) - Send pipeline:PipelineID=06dd217f-3d6a-4fac-81df-c890af39a67a close command to datanode e29fa1fa-05e1-4a0c-9aa8-f5147e66917e
2021-01-29 15:28:54,468 [RatisPipelineUtilsThread] INFO  pipeline.RatisPipelineProvider (RatisPipelineProvider.java:lambda$close$1(199)) - Send pipeline:PipelineID=06dd217f-3d6a-4fac-81df-c890af39a67a close command to datanode e9b6cb55-ded4-4b6d-beb1-e0e1d0ea549d
2021-01-29 15:28:54,468 [RatisPipelineUtilsThread] INFO  pipeline.RatisPipelineProvider (RatisPipelineProvider.java:lambda$close$1(199)) - Send pipeline:PipelineID=06dd217f-3d6a-4fac-81df-c890af39a67a close command to datanode abd5dbec-f275-43c0-9ba5-e9315d47b38d
2021-01-29 15:28:54,468 [RatisPipelineUtilsThread] ERROR pipeline.SCMPipelineManager (Scheduler.java:lambda$schedule$1(72)) - Destroy pipeline failed for pipeline:Pipeline[ Id: 06dd217f-3d6a-4fac-81df-c890af39a67a, Nodes: e29fa1fa-05e1-4a0c-9aa8-f5147e66917e{ip: 172.17.0.2, host: 6dba130846a4, networkLocation: /default-rack, certSerialId: null, persistedOpState: IN_SERVICE, persistedOpStateExpiryEpochSec: 0}e9b6cb55-ded4-4b6d-beb1-e0e1d0ea549d{ip: 172.17.0.2, host: 6dba130846a4, networkLocation: /default-rack, certSerialId: null, persistedOpState: IN_SERVICE, persistedOpStateExpiryEpochSec: 0}abd5dbec-f275-43c0-9ba5-e9315d47b38d{ip: 172.17.0.2, host: 6dba130846a4, networkLocation: /default-rack, certSerialId: null, persistedOpState: IN_SERVICE, persistedOpStateExpiryEpochSec: 0}, Type:RATIS, Factor:THREE, State:CLOSED, leaderId:abd5dbec-f275-43c0-9ba5-e9315d47b38d, CreationTimestamp2021-01-29T15:26:10.733Z]
org.apache.hadoop.hdds.scm.pipeline.PipelineNotFoundException: PipelineID=06dd217f-3d6a-4fac-81df-c890af39a67a not found
	at org.apache.hadoop.hdds.scm.pipeline.PipelineStateMap.getPipeline(PipelineStateMap.java:131)
	at org.apache.hadoop.hdds.scm.pipeline.PipelineStateMap.removePipeline(PipelineStateMap.java:343)
	at org.apache.hadoop.hdds.scm.pipeline.PipelineStateManager.removePipeline(PipelineStateManager.java:105)
	at org.apache.hadoop.hdds.scm.pipeline.SCMPipelineManager.removePipeline(SCMPipelineManager.java:670)
	at org.apache.hadoop.hdds.scm.pipeline.SCMPipelineManager.destroyPipeline(SCMPipelineManager.java:655)
	at org.apache.hadoop.hdds.scm.pipeline.SCMPipelineManager.lambda$finalizeAndDestroyPipeline$0(SCMPipelineManager.java:489)
	at org.apache.hadoop.hdds.utils.Scheduler.lambda$schedule$1(Scheduler.java:70)
	at java.util.concurrent.Executors$RunnableAdapter.call(Executors.java:511)
	at java.util.concurrent.FutureTask.run(FutureTask.java:266)
	at java.util.concurrent.ScheduledThreadPoolExecutor$ScheduledFutureTask.access$201(ScheduledThreadPoolExecutor.java:180)
	at java.util.concurrent.ScheduledThreadPoolExecutor$ScheduledFutureTask.run(ScheduledThreadPoolExecutor.java:293)
	at java.util.concurrent.ThreadPoolExecutor.runWorker(ThreadPoolExecutor.java:1149)
	at java.util.concurrent.ThreadPoolExecutor$Worker.run(ThreadPoolExecutor.java:624)
	at java.lang.Thread.run(Thread.java:748)
2021-01-29 15:28:54,468 [RatisPipelineUtilsThread] INFO  pipeline.RatisPipelineProvider (RatisPipelineProvider.java:lambda$close$1(199)) - Send pipeline:PipelineID=06dd217f-3d6a-4fac-81df-c890af39a67a close command to datanode e29fa1fa-05e1-4a0c-9aa8-f5147e66917e
2021-01-29 15:28:54,469 [RatisPipelineUtilsThread] INFO  pipeline.RatisPipelineProvider (RatisPipelineProvider.java:lambda$close$1(199)) - Send pipeline:PipelineID=06dd217f-3d6a-4fac-81df-c890af39a67a close command to datanode e9b6cb55-ded4-4b6d-beb1-e0e1d0ea549d
2021-01-29 15:28:54,469 [RatisPipelineUtilsThread] INFO  pipeline.RatisPipelineProvider (RatisPipelineProvider.java:lambda$close$1(199)) - Send pipeline:PipelineID=06dd217f-3d6a-4fac-81df-c890af39a67a close command to datanode abd5dbec-f275-43c0-9ba5-e9315d47b38d
2021-01-29 15:28:54,469 [RatisPipelineUtilsThread] ERROR pipeline.SCMPipelineManager (Scheduler.java:lambda$schedule$1(72)) - Destroy pipeline failed for pipeline:Pipeline[ Id: 06dd217f-3d6a-4fac-81df-c890af39a67a, Nodes: e29fa1fa-05e1-4a0c-9aa8-f5147e66917e{ip: 172.17.0.2, host: 6dba130846a4, networkLocation: /default-rack, certSerialId: null, persistedOpState: IN_SERVICE, persistedOpStateExpiryEpochSec: 0}e9b6cb55-ded4-4b6d-beb1-e0e1d0ea549d{ip: 172.17.0.2, host: 6dba130846a4, networkLocation: /default-rack, certSerialId: null, persistedOpState: IN_SERVICE, persistedOpStateExpiryEpochSec: 0}abd5dbec-f275-43c0-9ba5-e9315d47b38d{ip: 172.17.0.2, host: 6dba130846a4, networkLocation: /default-rack, certSerialId: null, persistedOpState: IN_SERVICE, persistedOpStateExpiryEpochSec: 0}, Type:RATIS, Factor:THREE, State:CLOSED, leaderId:abd5dbec-f275-43c0-9ba5-e9315d47b38d, CreationTimestamp2021-01-29T15:26:10.733Z]
org.apache.hadoop.hdds.scm.pipeline.PipelineNotFoundException: PipelineID=06dd217f-3d6a-4fac-81df-c890af39a67a not found
	at org.apache.hadoop.hdds.scm.pipeline.PipelineStateMap.getPipeline(PipelineStateMap.java:131)
	at org.apache.hadoop.hdds.scm.pipeline.PipelineStateMap.removePipeline(PipelineStateMap.java:343)
	at org.apache.hadoop.hdds.scm.pipeline.PipelineStateManager.removePipeline(PipelineStateManager.java:105)
	at org.apache.hadoop.hdds.scm.pipeline.SCMPipelineManager.removePipeline(SCMPipelineManager.java:670)
	at org.apache.hadoop.hdds.scm.pipeline.SCMPipelineManager.destroyPipeline(SCMPipelineManager.java:655)
	at org.apache.hadoop.hdds.scm.pipeline.SCMPipelineManager.lambda$finalizeAndDestroyPipeline$0(SCMPipelineManager.java:489)
	at org.apache.hadoop.hdds.utils.Scheduler.lambda$schedule$1(Scheduler.java:70)
	at java.util.concurrent.Executors$RunnableAdapter.call(Executors.java:511)
	at java.util.concurrent.FutureTask.run(FutureTask.java:266)
	at java.util.concurrent.ScheduledThreadPoolExecutor$ScheduledFutureTask.access$201(ScheduledThreadPoolExecutor.java:180)
	at java.util.concurrent.ScheduledThreadPoolExecutor$ScheduledFutureTask.run(ScheduledThreadPoolExecutor.java:293)
	at java.util.concurrent.ThreadPoolExecutor.runWorker(ThreadPoolExecutor.java:1149)
	at java.util.concurrent.ThreadPoolExecutor$Worker.run(ThreadPoolExecutor.java:624)
	at java.lang.Thread.run(Thread.java:748)
2021-01-29 15:28:54,472 [RatisPipelineUtilsThread] INFO  pipeline.RatisPipelineProvider (RatisPipelineProvider.java:lambda$close$1(199)) - Send pipeline:PipelineID=06dd217f-3d6a-4fac-81df-c890af39a67a close command to datanode e29fa1fa-05e1-4a0c-9aa8-f5147e66917e
2021-01-29 15:28:54,472 [RatisPipelineUtilsThread] INFO  pipeline.RatisPipelineProvider (RatisPipelineProvider.java:lambda$close$1(199)) - Send pipeline:PipelineID=06dd217f-3d6a-4fac-81df-c890af39a67a close command to datanode e9b6cb55-ded4-4b6d-beb1-e0e1d0ea549d
2021-01-29 15:28:54,472 [RatisPipelineUtilsThread] INFO  pipeline.RatisPipelineProvider (RatisPipelineProvider.java:lambda$close$1(199)) - Send pipeline:PipelineID=06dd217f-3d6a-4fac-81df-c890af39a67a close command to datanode abd5dbec-f275-43c0-9ba5-e9315d47b38d
2021-01-29 15:28:54,473 [RatisPipelineUtilsThread] ERROR pipeline.SCMPipelineManager (Scheduler.java:lambda$schedule$1(72)) - Destroy pipeline failed for pipeline:Pipeline[ Id: 06dd217f-3d6a-4fac-81df-c890af39a67a, Nodes: e29fa1fa-05e1-4a0c-9aa8-f5147e66917e{ip: 172.17.0.2, host: 6dba130846a4, networkLocation: /default-rack, certSerialId: null, persistedOpState: IN_SERVICE, persistedOpStateExpiryEpochSec: 0}e9b6cb55-ded4-4b6d-beb1-e0e1d0ea549d{ip: 172.17.0.2, host: 6dba130846a4, networkLocation: /default-rack, certSerialId: null, persistedOpState: IN_SERVICE, persistedOpStateExpiryEpochSec: 0}abd5dbec-f275-43c0-9ba5-e9315d47b38d{ip: 172.17.0.2, host: 6dba130846a4, networkLocation: /default-rack, certSerialId: null, persistedOpState: IN_SERVICE, persistedOpStateExpiryEpochSec: 0}, Type:RATIS, Factor:THREE, State:CLOSED, leaderId:abd5dbec-f275-43c0-9ba5-e9315d47b38d, CreationTimestamp2021-01-29T15:26:10.733Z]
org.apache.hadoop.hdds.scm.pipeline.PipelineNotFoundException: PipelineID=06dd217f-3d6a-4fac-81df-c890af39a67a not found
	at org.apache.hadoop.hdds.scm.pipeline.PipelineStateMap.getPipeline(PipelineStateMap.java:131)
	at org.apache.hadoop.hdds.scm.pipeline.PipelineStateMap.removePipeline(PipelineStateMap.java:343)
	at org.apache.hadoop.hdds.scm.pipeline.PipelineStateManager.removePipeline(PipelineStateManager.java:105)
	at org.apache.hadoop.hdds.scm.pipeline.SCMPipelineManager.removePipeline(SCMPipelineManager.java:670)
	at org.apache.hadoop.hdds.scm.pipeline.SCMPipelineManager.destroyPipeline(SCMPipelineManager.java:655)
	at org.apache.hadoop.hdds.scm.pipeline.SCMPipelineManager.lambda$finalizeAndDestroyPipeline$0(SCMPipelineManager.java:489)
	at org.apache.hadoop.hdds.utils.Scheduler.lambda$schedule$1(Scheduler.java:70)
	at java.util.concurrent.Executors$RunnableAdapter.call(Executors.java:511)
	at java.util.concurrent.FutureTask.run(FutureTask.java:266)
	at java.util.concurrent.ScheduledThreadPoolExecutor$ScheduledFutureTask.access$201(ScheduledThreadPoolExecutor.java:180)
	at java.util.concurrent.ScheduledThreadPoolExecutor$ScheduledFutureTask.run(ScheduledThreadPoolExecutor.java:293)
	at java.util.concurrent.ThreadPoolExecutor.runWorker(ThreadPoolExecutor.java:1149)
	at java.util.concurrent.ThreadPoolExecutor$Worker.run(ThreadPoolExecutor.java:624)
	at java.lang.Thread.run(Thread.java:748)
2021-01-29 15:28:54,485 [RatisPipelineUtilsThread] INFO  pipeline.RatisPipelineProvider (RatisPipelineProvider.java:lambda$close$1(199)) - Send pipeline:PipelineID=06dd217f-3d6a-4fac-81df-c890af39a67a close command to datanode e29fa1fa-05e1-4a0c-9aa8-f5147e66917e
2021-01-29 15:28:54,485 [RatisPipelineUtilsThread] INFO  pipeline.RatisPipelineProvider (RatisPipelineProvider.java:lambda$close$1(199)) - Send pipeline:PipelineID=06dd217f-3d6a-4fac-81df-c890af39a67a close command to datanode e9b6cb55-ded4-4b6d-beb1-e0e1d0ea549d
2021-01-29 15:28:54,486 [RatisPipelineUtilsThread] INFO  pipeline.RatisPipelineProvider (RatisPipelineProvider.java:lambda$close$1(199)) - Send pipeline:PipelineID=06dd217f-3d6a-4fac-81df-c890af39a67a close command to datanode abd5dbec-f275-43c0-9ba5-e9315d47b38d
2021-01-29 15:28:54,486 [RatisPipelineUtilsThread] ERROR pipeline.SCMPipelineManager (Scheduler.java:lambda$schedule$1(72)) - Destroy pipeline failed for pipeline:Pipeline[ Id: 06dd217f-3d6a-4fac-81df-c890af39a67a, Nodes: e29fa1fa-05e1-4a0c-9aa8-f5147e66917e{ip: 172.17.0.2, host: 6dba130846a4, networkLocation: /default-rack, certSerialId: null, persistedOpState: IN_SERVICE, persistedOpStateExpiryEpochSec: 0}e9b6cb55-ded4-4b6d-beb1-e0e1d0ea549d{ip: 172.17.0.2, host: 6dba130846a4, networkLocation: /default-rack, certSerialId: null, persistedOpState: IN_SERVICE, persistedOpStateExpiryEpochSec: 0}abd5dbec-f275-43c0-9ba5-e9315d47b38d{ip: 172.17.0.2, host: 6dba130846a4, networkLocation: /default-rack, certSerialId: null, persistedOpState: IN_SERVICE, persistedOpStateExpiryEpochSec: 0}, Type:RATIS, Factor:THREE, State:CLOSED, leaderId:abd5dbec-f275-43c0-9ba5-e9315d47b38d, CreationTimestamp2021-01-29T15:26:10.733Z]
org.apache.hadoop.hdds.scm.pipeline.PipelineNotFoundException: PipelineID=06dd217f-3d6a-4fac-81df-c890af39a67a not found
	at org.apache.hadoop.hdds.scm.pipeline.PipelineStateMap.getPipeline(PipelineStateMap.java:131)
	at org.apache.hadoop.hdds.scm.pipeline.PipelineStateMap.removePipeline(PipelineStateMap.java:343)
	at org.apache.hadoop.hdds.scm.pipeline.PipelineStateManager.removePipeline(PipelineStateManager.java:105)
	at org.apache.hadoop.hdds.scm.pipeline.SCMPipelineManager.removePipeline(SCMPipelineManager.java:670)
	at org.apache.hadoop.hdds.scm.pipeline.SCMPipelineManager.destroyPipeline(SCMPipelineManager.java:655)
	at org.apache.hadoop.hdds.scm.pipeline.SCMPipelineManager.lambda$finalizeAndDestroyPipeline$0(SCMPipelineManager.java:489)
	at org.apache.hadoop.hdds.utils.Scheduler.lambda$schedule$1(Scheduler.java:70)
	at java.util.concurrent.Executors$RunnableAdapter.call(Executors.java:511)
	at java.util.concurrent.FutureTask.run(FutureTask.java:266)
	at java.util.concurrent.ScheduledThreadPoolExecutor$ScheduledFutureTask.access$201(ScheduledThreadPoolExecutor.java:180)
	at java.util.concurrent.ScheduledThreadPoolExecutor$ScheduledFutureTask.run(ScheduledThreadPoolExecutor.java:293)
	at java.util.concurrent.ThreadPoolExecutor.runWorker(ThreadPoolExecutor.java:1149)
	at java.util.concurrent.ThreadPoolExecutor$Worker.run(ThreadPoolExecutor.java:624)
	at java.lang.Thread.run(Thread.java:748)
2021-01-29 15:28:54,487 [RatisPipelineUtilsThread] INFO  pipeline.RatisPipelineProvider (RatisPipelineProvider.java:lambda$close$1(199)) - Send pipeline:PipelineID=06dd217f-3d6a-4fac-81df-c890af39a67a close command to datanode e29fa1fa-05e1-4a0c-9aa8-f5147e66917e
2021-01-29 15:28:54,487 [RatisPipelineUtilsThread] INFO  pipeline.RatisPipelineProvider (RatisPipelineProvider.java:lambda$close$1(199)) - Send pipeline:PipelineID=06dd217f-3d6a-4fac-81df-c890af39a67a close command to datanode e9b6cb55-ded4-4b6d-beb1-e0e1d0ea549d
2021-01-29 15:28:54,487 [RatisPipelineUtilsThread] INFO  pipeline.RatisPipelineProvider (RatisPipelineProvider.java:lambda$close$1(199)) - Send pipeline:PipelineID=06dd217f-3d6a-4fac-81df-c890af39a67a close command to datanode abd5dbec-f275-43c0-9ba5-e9315d47b38d
2021-01-29 15:28:54,487 [RatisPipelineUtilsThread] ERROR pipeline.SCMPipelineManager (Scheduler.java:lambda$schedule$1(72)) - Destroy pipeline failed for pipeline:Pipeline[ Id: 06dd217f-3d6a-4fac-81df-c890af39a67a, Nodes: e29fa1fa-05e1-4a0c-9aa8-f5147e66917e{ip: 172.17.0.2, host: 6dba130846a4, networkLocation: /default-rack, certSerialId: null, persistedOpState: IN_SERVICE, persistedOpStateExpiryEpochSec: 0}e9b6cb55-ded4-4b6d-beb1-e0e1d0ea549d{ip: 172.17.0.2, host: 6dba130846a4, networkLocation: /default-rack, certSerialId: null, persistedOpState: IN_SERVICE, persistedOpStateExpiryEpochSec: 0}abd5dbec-f275-43c0-9ba5-e9315d47b38d{ip: 172.17.0.2, host: 6dba130846a4, networkLocation: /default-rack, certSerialId: null, persistedOpState: IN_SERVICE, persistedOpStateExpiryEpochSec: 0}, Type:RATIS, Factor:THREE, State:CLOSED, leaderId:abd5dbec-f275-43c0-9ba5-e9315d47b38d, CreationTimestamp2021-01-29T15:26:10.733Z]
org.apache.hadoop.hdds.scm.pipeline.PipelineNotFoundException: PipelineID=06dd217f-3d6a-4fac-81df-c890af39a67a not found
	at org.apache.hadoop.hdds.scm.pipeline.PipelineStateMap.getPipeline(PipelineStateMap.java:131)
	at org.apache.hadoop.hdds.scm.pipeline.PipelineStateMap.removePipeline(PipelineStateMap.java:343)
	at org.apache.hadoop.hdds.scm.pipeline.PipelineStateManager.removePipeline(PipelineStateManager.java:105)
	at org.apache.hadoop.hdds.scm.pipeline.SCMPipelineManager.removePipeline(SCMPipelineManager.java:670)
	at org.apache.hadoop.hdds.scm.pipeline.SCMPipelineManager.destroyPipeline(SCMPipelineManager.java:655)
	at org.apache.hadoop.hdds.scm.pipeline.SCMPipelineManager.lambda$finalizeAndDestroyPipeline$0(SCMPipelineManager.java:489)
	at org.apache.hadoop.hdds.utils.Scheduler.lambda$schedule$1(Scheduler.java:70)
	at java.util.concurrent.Executors$RunnableAdapter.call(Executors.java:511)
	at java.util.concurrent.FutureTask.run(FutureTask.java:266)
	at java.util.concurrent.ScheduledThreadPoolExecutor$ScheduledFutureTask.access$201(ScheduledThreadPoolExecutor.java:180)
	at java.util.concurrent.ScheduledThreadPoolExecutor$ScheduledFutureTask.run(ScheduledThreadPoolExecutor.java:293)
	at java.util.concurrent.ThreadPoolExecutor.runWorker(ThreadPoolExecutor.java:1149)
	at java.util.concurrent.ThreadPoolExecutor$Worker.run(ThreadPoolExecutor.java:624)
	at java.lang.Thread.run(Thread.java:748)
2021-01-29 15:28:54,488 [RatisPipelineUtilsThread] INFO  pipeline.RatisPipelineProvider (RatisPipelineProvider.java:lambda$close$1(199)) - Send pipeline:PipelineID=06dd217f-3d6a-4fac-81df-c890af39a67a close command to datanode e29fa1fa-05e1-4a0c-9aa8-f5147e66917e
2021-01-29 15:28:54,488 [RatisPipelineUtilsThread] INFO  pipeline.RatisPipelineProvider (RatisPipelineProvider.java:lambda$close$1(199)) - Send pipeline:PipelineID=06dd217f-3d6a-4fac-81df-c890af39a67a close command to datanode e9b6cb55-ded4-4b6d-beb1-e0e1d0ea549d
2021-01-29 15:28:54,488 [RatisPipelineUtilsThread] INFO  pipeline.RatisPipelineProvider (RatisPipelineProvider.java:lambda$close$1(199)) - Send pipeline:PipelineID=06dd217f-3d6a-4fac-81df-c890af39a67a close command to datanode abd5dbec-f275-43c0-9ba5-e9315d47b38d
2021-01-29 15:28:54,488 [RatisPipelineUtilsThread] ERROR pipeline.SCMPipelineManager (Scheduler.java:lambda$schedule$1(72)) - Destroy pipeline failed for pipeline:Pipeline[ Id: 06dd217f-3d6a-4fac-81df-c890af39a67a, Nodes: e29fa1fa-05e1-4a0c-9aa8-f5147e66917e{ip: 172.17.0.2, host: 6dba130846a4, networkLocation: /default-rack, certSerialId: null, persistedOpState: IN_SERVICE, persistedOpStateExpiryEpochSec: 0}e9b6cb55-ded4-4b6d-beb1-e0e1d0ea549d{ip: 172.17.0.2, host: 6dba130846a4, networkLocation: /default-rack, certSerialId: null, persistedOpState: IN_SERVICE, persistedOpStateExpiryEpochSec: 0}abd5dbec-f275-43c0-9ba5-e9315d47b38d{ip: 172.17.0.2, host: 6dba130846a4, networkLocation: /default-rack, certSerialId: null, persistedOpState: IN_SERVICE, persistedOpStateExpiryEpochSec: 0}, Type:RATIS, Factor:THREE, State:CLOSED, leaderId:abd5dbec-f275-43c0-9ba5-e9315d47b38d, CreationTimestamp2021-01-29T15:26:10.733Z]
org.apache.hadoop.hdds.scm.pipeline.PipelineNotFoundException: PipelineID=06dd217f-3d6a-4fac-81df-c890af39a67a not found
	at org.apache.hadoop.hdds.scm.pipeline.PipelineStateMap.getPipeline(PipelineStateMap.java:131)
	at org.apache.hadoop.hdds.scm.pipeline.PipelineStateMap.removePipeline(PipelineStateMap.java:343)
	at org.apache.hadoop.hdds.scm.pipeline.PipelineStateManager.removePipeline(PipelineStateManager.java:105)
	at org.apache.hadoop.hdds.scm.pipeline.SCMPipelineManager.removePipeline(SCMPipelineManager.java:670)
	at org.apache.hadoop.hdds.scm.pipeline.SCMPipelineManager.destroyPipeline(SCMPipelineManager.java:655)
	at org.apache.hadoop.hdds.scm.pipeline.SCMPipelineManager.lambda$finalizeAndDestroyPipeline$0(SCMPipelineManager.java:489)
	at org.apache.hadoop.hdds.utils.Scheduler.lambda$schedule$1(Scheduler.java:70)
	at java.util.concurrent.Executors$RunnableAdapter.call(Executors.java:511)
	at java.util.concurrent.FutureTask.run(FutureTask.java:266)
	at java.util.concurrent.ScheduledThreadPoolExecutor$ScheduledFutureTask.access$201(ScheduledThreadPoolExecutor.java:180)
	at java.util.concurrent.ScheduledThreadPoolExecutor$ScheduledFutureTask.run(ScheduledThreadPoolExecutor.java:293)
	at java.util.concurrent.ThreadPoolExecutor.runWorker(ThreadPoolExecutor.java:1149)
	at java.util.concurrent.ThreadPoolExecutor$Worker.run(ThreadPoolExecutor.java:624)
	at java.lang.Thread.run(Thread.java:748)
2021-01-29 15:28:54,488 [RatisPipelineUtilsThread] INFO  pipeline.RatisPipelineProvider (RatisPipelineProvider.java:lambda$close$1(199)) - Send pipeline:PipelineID=06dd217f-3d6a-4fac-81df-c890af39a67a close command to datanode e29fa1fa-05e1-4a0c-9aa8-f5147e66917e
2021-01-29 15:28:54,488 [RatisPipelineUtilsThread] INFO  pipeline.RatisPipelineProvider (RatisPipelineProvider.java:lambda$close$1(199)) - Send pipeline:PipelineID=06dd217f-3d6a-4fac-81df-c890af39a67a close command to datanode e9b6cb55-ded4-4b6d-beb1-e0e1d0ea549d
2021-01-29 15:28:54,488 [RatisPipelineUtilsThread] INFO  pipeline.RatisPipelineProvider (RatisPipelineProvider.java:lambda$close$1(199)) - Send pipeline:PipelineID=06dd217f-3d6a-4fac-81df-c890af39a67a close command to datanode abd5dbec-f275-43c0-9ba5-e9315d47b38d
2021-01-29 15:28:54,489 [RatisPipelineUtilsThread] ERROR pipeline.SCMPipelineManager (Scheduler.java:lambda$schedule$1(72)) - Destroy pipeline failed for pipeline:Pipeline[ Id: 06dd217f-3d6a-4fac-81df-c890af39a67a, Nodes: e29fa1fa-05e1-4a0c-9aa8-f5147e66917e{ip: 172.17.0.2, host: 6dba130846a4, networkLocation: /default-rack, certSerialId: null, persistedOpState: IN_SERVICE, persistedOpStateExpiryEpochSec: 0}e9b6cb55-ded4-4b6d-beb1-e0e1d0ea549d{ip: 172.17.0.2, host: 6dba130846a4, networkLocation: /default-rack, certSerialId: null, persistedOpState: IN_SERVICE, persistedOpStateExpiryEpochSec: 0}abd5dbec-f275-43c0-9ba5-e9315d47b38d{ip: 172.17.0.2, host: 6dba130846a4, networkLocation: /default-rack, certSerialId: null, persistedOpState: IN_SERVICE, persistedOpStateExpiryEpochSec: 0}, Type:RATIS, Factor:THREE, State:CLOSED, leaderId:abd5dbec-f275-43c0-9ba5-e9315d47b38d, CreationTimestamp2021-01-29T15:26:10.733Z]
org.apache.hadoop.hdds.scm.pipeline.PipelineNotFoundException: PipelineID=06dd217f-3d6a-4fac-81df-c890af39a67a not found
	at org.apache.hadoop.hdds.scm.pipeline.PipelineStateMap.getPipeline(PipelineStateMap.java:131)
	at org.apache.hadoop.hdds.scm.pipeline.PipelineStateMap.removePipeline(PipelineStateMap.java:343)
	at org.apache.hadoop.hdds.scm.pipeline.PipelineStateManager.removePipeline(PipelineStateManager.java:105)
	at org.apache.hadoop.hdds.scm.pipeline.SCMPipelineManager.removePipeline(SCMPipelineManager.java:670)
	at org.apache.hadoop.hdds.scm.pipeline.SCMPipelineManager.destroyPipeline(SCMPipelineManager.java:655)
	at org.apache.hadoop.hdds.scm.pipeline.SCMPipelineManager.lambda$finalizeAndDestroyPipeline$0(SCMPipelineManager.java:489)
	at org.apache.hadoop.hdds.utils.Scheduler.lambda$schedule$1(Scheduler.java:70)
	at java.util.concurrent.Executors$RunnableAdapter.call(Executors.java:511)
	at java.util.concurrent.FutureTask.run(FutureTask.java:266)
	at java.util.concurrent.ScheduledThreadPoolExecutor$ScheduledFutureTask.access$201(ScheduledThreadPoolExecutor.java:180)
	at java.util.concurrent.ScheduledThreadPoolExecutor$ScheduledFutureTask.run(ScheduledThreadPoolExecutor.java:293)
	at java.util.concurrent.ThreadPoolExecutor.runWorker(ThreadPoolExecutor.java:1149)
	at java.util.concurrent.ThreadPoolExecutor$Worker.run(ThreadPoolExecutor.java:624)
	at java.lang.Thread.run(Thread.java:748)
2021-01-29 15:28:54,494 [RatisPipelineUtilsThread] INFO  pipeline.RatisPipelineProvider (RatisPipelineProvider.java:lambda$close$1(199)) - Send pipeline:PipelineID=06dd217f-3d6a-4fac-81df-c890af39a67a close command to datanode e29fa1fa-05e1-4a0c-9aa8-f5147e66917e
2021-01-29 15:28:54,494 [RatisPipelineUtilsThread] INFO  pipeline.RatisPipelineProvider (RatisPipelineProvider.java:lambda$close$1(199)) - Send pipeline:PipelineID=06dd217f-3d6a-4fac-81df-c890af39a67a close command to datanode e9b6cb55-ded4-4b6d-beb1-e0e1d0ea549d
2021-01-29 15:28:54,494 [RatisPipelineUtilsThread] INFO  pipeline.RatisPipelineProvider (RatisPipelineProvider.java:lambda$close$1(199)) - Send pipeline:PipelineID=06dd217f-3d6a-4fac-81df-c890af39a67a close command to datanode abd5dbec-f275-43c0-9ba5-e9315d47b38d
2021-01-29 15:28:54,495 [RatisPipelineUtilsThread] ERROR pipeline.SCMPipelineManager (Scheduler.java:lambda$schedule$1(72)) - Destroy pipeline failed for pipeline:Pipeline[ Id: 06dd217f-3d6a-4fac-81df-c890af39a67a, Nodes: e29fa1fa-05e1-4a0c-9aa8-f5147e66917e{ip: 172.17.0.2, host: 6dba130846a4, networkLocation: /default-rack, certSerialId: null, persistedOpState: IN_SERVICE, persistedOpStateExpiryEpochSec: 0}e9b6cb55-ded4-4b6d-beb1-e0e1d0ea549d{ip: 172.17.0.2, host: 6dba130846a4, networkLocation: /default-rack, certSerialId: null, persistedOpState: IN_SERVICE, persistedOpStateExpiryEpochSec: 0}abd5dbec-f275-43c0-9ba5-e9315d47b38d{ip: 172.17.0.2, host: 6dba130846a4, networkLocation: /default-rack, certSerialId: null, persistedOpState: IN_SERVICE, persistedOpStateExpiryEpochSec: 0}, Type:RATIS, Factor:THREE, State:CLOSED, leaderId:abd5dbec-f275-43c0-9ba5-e9315d47b38d, CreationTimestamp2021-01-29T15:26:10.733Z]
org.apache.hadoop.hdds.scm.pipeline.PipelineNotFoundException: PipelineID=06dd217f-3d6a-4fac-81df-c890af39a67a not found
	at org.apache.hadoop.hdds.scm.pipeline.PipelineStateMap.getPipeline(PipelineStateMap.java:131)
	at org.apache.hadoop.hdds.scm.pipeline.PipelineStateMap.removePipeline(PipelineStateMap.java:343)
	at org.apache.hadoop.hdds.scm.pipeline.PipelineStateManager.removePipeline(PipelineStateManager.java:105)
	at org.apache.hadoop.hdds.scm.pipeline.SCMPipelineManager.removePipeline(SCMPipelineManager.java:670)
	at org.apache.hadoop.hdds.scm.pipeline.SCMPipelineManager.destroyPipeline(SCMPipelineManager.java:655)
	at org.apache.hadoop.hdds.scm.pipeline.SCMPipelineManager.lambda$finalizeAndDestroyPipeline$0(SCMPipelineManager.java:489)
	at org.apache.hadoop.hdds.utils.Scheduler.lambda$schedule$1(Scheduler.java:70)
	at java.util.concurrent.Executors$RunnableAdapter.call(Executors.java:511)
	at java.util.concurrent.FutureTask.run(FutureTask.java:266)
	at java.util.concurrent.ScheduledThreadPoolExecutor$ScheduledFutureTask.access$201(ScheduledThreadPoolExecutor.java:180)
	at java.util.concurrent.ScheduledThreadPoolExecutor$ScheduledFutureTask.run(ScheduledThreadPoolExecutor.java:293)
	at java.util.concurrent.ThreadPoolExecutor.runWorker(ThreadPoolExecutor.java:1149)
	at java.util.concurrent.ThreadPoolExecutor$Worker.run(ThreadPoolExecutor.java:624)
	at java.lang.Thread.run(Thread.java:748)
2021-01-29 15:28:54,503 [RatisPipelineUtilsThread] INFO  pipeline.RatisPipelineProvider (RatisPipelineProvider.java:lambda$close$1(199)) - Send pipeline:PipelineID=06dd217f-3d6a-4fac-81df-c890af39a67a close command to datanode e29fa1fa-05e1-4a0c-9aa8-f5147e66917e
2021-01-29 15:28:54,503 [RatisPipelineUtilsThread] INFO  pipeline.RatisPipelineProvider (RatisPipelineProvider.java:lambda$close$1(199)) - Send pipeline:PipelineID=06dd217f-3d6a-4fac-81df-c890af39a67a close command to datanode e9b6cb55-ded4-4b6d-beb1-e0e1d0ea549d
2021-01-29 15:28:54,503 [RatisPipelineUtilsThread] INFO  pipeline.RatisPipelineProvider (RatisPipelineProvider.java:lambda$close$1(199)) - Send pipeline:PipelineID=06dd217f-3d6a-4fac-81df-c890af39a67a close command to datanode abd5dbec-f275-43c0-9ba5-e9315d47b38d
2021-01-29 15:28:54,503 [RatisPipelineUtilsThread] ERROR pipeline.SCMPipelineManager (Scheduler.java:lambda$schedule$1(72)) - Destroy pipeline failed for pipeline:Pipeline[ Id: 06dd217f-3d6a-4fac-81df-c890af39a67a, Nodes: e29fa1fa-05e1-4a0c-9aa8-f5147e66917e{ip: 172.17.0.2, host: 6dba130846a4, networkLocation: /default-rack, certSerialId: null, persistedOpState: IN_SERVICE, persistedOpStateExpiryEpochSec: 0}e9b6cb55-ded4-4b6d-beb1-e0e1d0ea549d{ip: 172.17.0.2, host: 6dba130846a4, networkLocation: /default-rack, certSerialId: null, persistedOpState: IN_SERVICE, persistedOpStateExpiryEpochSec: 0}abd5dbec-f275-43c0-9ba5-e9315d47b38d{ip: 172.17.0.2, host: 6dba130846a4, networkLocation: /default-rack, certSerialId: null, persistedOpState: IN_SERVICE, persistedOpStateExpiryEpochSec: 0}, Type:RATIS, Factor:THREE, State:CLOSED, leaderId:abd5dbec-f275-43c0-9ba5-e9315d47b38d, CreationTimestamp2021-01-29T15:26:10.733Z]
org.apache.hadoop.hdds.scm.pipeline.PipelineNotFoundException: PipelineID=06dd217f-3d6a-4fac-81df-c890af39a67a not found
	at org.apache.hadoop.hdds.scm.pipeline.PipelineStateMap.getPipeline(PipelineStateMap.java:131)
	at org.apache.hadoop.hdds.scm.pipeline.PipelineStateMap.removePipeline(PipelineStateMap.java:343)
	at org.apache.hadoop.hdds.scm.pipeline.PipelineStateManager.removePipeline(PipelineStateManager.java:105)
	at org.apache.hadoop.hdds.scm.pipeline.SCMPipelineManager.removePipeline(SCMPipelineManager.java:670)
	at org.apache.hadoop.hdds.scm.pipeline.SCMPipelineManager.destroyPipeline(SCMPipelineManager.java:655)
	at org.apache.hadoop.hdds.scm.pipeline.SCMPipelineManager.lambda$finalizeAndDestroyPipeline$0(SCMPipelineManager.java:489)
	at org.apache.hadoop.hdds.utils.Scheduler.lambda$schedule$1(Scheduler.java:70)
	at java.util.concurrent.Executors$RunnableAdapter.call(Executors.java:511)
	at java.util.concurrent.FutureTask.run(FutureTask.java:266)
	at java.util.concurrent.ScheduledThreadPoolExecutor$ScheduledFutureTask.access$201(ScheduledThreadPoolExecutor.java:180)
	at java.util.concurrent.ScheduledThreadPoolExecutor$ScheduledFutureTask.run(ScheduledThreadPoolExecutor.java:293)
	at java.util.concurrent.ThreadPoolExecutor.runWorker(ThreadPoolExecutor.java:1149)
	at java.util.concurrent.ThreadPoolExecutor$Worker.run(ThreadPoolExecutor.java:624)
	at java.lang.Thread.run(Thread.java:748)
2021-01-29 15:28:54,508 [RatisPipelineUtilsThread] INFO  pipeline.RatisPipelineProvider (RatisPipelineProvider.java:lambda$close$1(199)) - Send pipeline:PipelineID=06dd217f-3d6a-4fac-81df-c890af39a67a close command to datanode e29fa1fa-05e1-4a0c-9aa8-f5147e66917e
2021-01-29 15:28:54,509 [RatisPipelineUtilsThread] INFO  pipeline.RatisPipelineProvider (RatisPipelineProvider.java:lambda$close$1(199)) - Send pipeline:PipelineID=06dd217f-3d6a-4fac-81df-c890af39a67a close command to datanode e9b6cb55-ded4-4b6d-beb1-e0e1d0ea549d
2021-01-29 15:28:54,509 [RatisPipelineUtilsThread] INFO  pipeline.RatisPipelineProvider (RatisPipelineProvider.java:lambda$close$1(199)) - Send pipeline:PipelineID=06dd217f-3d6a-4fac-81df-c890af39a67a close command to datanode abd5dbec-f275-43c0-9ba5-e9315d47b38d
2021-01-29 15:28:54,509 [RatisPipelineUtilsThread] ERROR pipeline.SCMPipelineManager (Scheduler.java:lambda$schedule$1(72)) - Destroy pipeline failed for pipeline:Pipeline[ Id: 06dd217f-3d6a-4fac-81df-c890af39a67a, Nodes: e29fa1fa-05e1-4a0c-9aa8-f5147e66917e{ip: 172.17.0.2, host: 6dba130846a4, networkLocation: /default-rack, certSerialId: null, persistedOpState: IN_SERVICE, persistedOpStateExpiryEpochSec: 0}e9b6cb55-ded4-4b6d-beb1-e0e1d0ea549d{ip: 172.17.0.2, host: 6dba130846a4, networkLocation: /default-rack, certSerialId: null, persistedOpState: IN_SERVICE, persistedOpStateExpiryEpochSec: 0}abd5dbec-f275-43c0-9ba5-e9315d47b38d{ip: 172.17.0.2, host: 6dba130846a4, networkLocation: /default-rack, certSerialId: null, persistedOpState: IN_SERVICE, persistedOpStateExpiryEpochSec: 0}, Type:RATIS, Factor:THREE, State:CLOSED, leaderId:abd5dbec-f275-43c0-9ba5-e9315d47b38d, CreationTimestamp2021-01-29T15:26:10.733Z]
org.apache.hadoop.hdds.scm.pipeline.PipelineNotFoundException: PipelineID=06dd217f-3d6a-4fac-81df-c890af39a67a not found
	at org.apache.hadoop.hdds.scm.pipeline.PipelineStateMap.getPipeline(PipelineStateMap.java:131)
	at org.apache.hadoop.hdds.scm.pipeline.PipelineStateMap.removePipeline(PipelineStateMap.java:343)
	at org.apache.hadoop.hdds.scm.pipeline.PipelineStateManager.removePipeline(PipelineStateManager.java:105)
	at org.apache.hadoop.hdds.scm.pipeline.SCMPipelineManager.removePipeline(SCMPipelineManager.java:670)
	at org.apache.hadoop.hdds.scm.pipeline.SCMPipelineManager.destroyPipeline(SCMPipelineManager.java:655)
	at org.apache.hadoop.hdds.scm.pipeline.SCMPipelineManager.lambda$finalizeAndDestroyPipeline$0(SCMPipelineManager.java:489)
	at org.apache.hadoop.hdds.utils.Scheduler.lambda$schedule$1(Scheduler.java:70)
	at java.util.concurrent.Executors$RunnableAdapter.call(Executors.java:511)
	at java.util.concurrent.FutureTask.run(FutureTask.java:266)
	at java.util.concurrent.ScheduledThreadPoolExecutor$ScheduledFutureTask.access$201(ScheduledThreadPoolExecutor.java:180)
	at java.util.concurrent.ScheduledThreadPoolExecutor$ScheduledFutureTask.run(ScheduledThreadPoolExecutor.java:293)
	at java.util.concurrent.ThreadPoolExecutor.runWorker(ThreadPoolExecutor.java:1149)
	at java.util.concurrent.ThreadPoolExecutor$Worker.run(ThreadPoolExecutor.java:624)
	at java.lang.Thread.run(Thread.java:748)
2021-01-29 15:28:54,517 [RatisPipelineUtilsThread] INFO  pipeline.RatisPipelineProvider (RatisPipelineProvider.java:lambda$close$1(199)) - Send pipeline:PipelineID=06dd217f-3d6a-4fac-81df-c890af39a67a close command to datanode e29fa1fa-05e1-4a0c-9aa8-f5147e66917e
2021-01-29 15:28:54,517 [RatisPipelineUtilsThread] INFO  pipeline.RatisPipelineProvider (RatisPipelineProvider.java:lambda$close$1(199)) - Send pipeline:PipelineID=06dd217f-3d6a-4fac-81df-c890af39a67a close command to datanode e9b6cb55-ded4-4b6d-beb1-e0e1d0ea549d
2021-01-29 15:28:54,517 [RatisPipelineUtilsThread] INFO  pipeline.RatisPipelineProvider (RatisPipelineProvider.java:lambda$close$1(199)) - Send pipeline:PipelineID=06dd217f-3d6a-4fac-81df-c890af39a67a close command to datanode abd5dbec-f275-43c0-9ba5-e9315d47b38d
2021-01-29 15:28:54,517 [RatisPipelineUtilsThread] ERROR pipeline.SCMPipelineManager (Scheduler.java:lambda$schedule$1(72)) - Destroy pipeline failed for pipeline:Pipeline[ Id: 06dd217f-3d6a-4fac-81df-c890af39a67a, Nodes: e29fa1fa-05e1-4a0c-9aa8-f5147e66917e{ip: 172.17.0.2, host: 6dba130846a4, networkLocation: /default-rack, certSerialId: null, persistedOpState: IN_SERVICE, persistedOpStateExpiryEpochSec: 0}e9b6cb55-ded4-4b6d-beb1-e0e1d0ea549d{ip: 172.17.0.2, host: 6dba130846a4, networkLocation: /default-rack, certSerialId: null, persistedOpState: IN_SERVICE, persistedOpStateExpiryEpochSec: 0}abd5dbec-f275-43c0-9ba5-e9315d47b38d{ip: 172.17.0.2, host: 6dba130846a4, networkLocation: /default-rack, certSerialId: null, persistedOpState: IN_SERVICE, persistedOpStateExpiryEpochSec: 0}, Type:RATIS, Factor:THREE, State:CLOSED, leaderId:abd5dbec-f275-43c0-9ba5-e9315d47b38d, CreationTimestamp2021-01-29T15:26:10.733Z]
org.apache.hadoop.hdds.scm.pipeline.PipelineNotFoundException: PipelineID=06dd217f-3d6a-4fac-81df-c890af39a67a not found
	at org.apache.hadoop.hdds.scm.pipeline.PipelineStateMap.getPipeline(PipelineStateMap.java:131)
	at org.apache.hadoop.hdds.scm.pipeline.PipelineStateMap.removePipeline(PipelineStateMap.java:343)
	at org.apache.hadoop.hdds.scm.pipeline.PipelineStateManager.removePipeline(PipelineStateManager.java:105)
	at org.apache.hadoop.hdds.scm.pipeline.SCMPipelineManager.removePipeline(SCMPipelineManager.java:670)
	at org.apache.hadoop.hdds.scm.pipeline.SCMPipelineManager.destroyPipeline(SCMPipelineManager.java:655)
	at org.apache.hadoop.hdds.scm.pipeline.SCMPipelineManager.lambda$finalizeAndDestroyPipeline$0(SCMPipelineManager.java:489)
	at org.apache.hadoop.hdds.utils.Scheduler.lambda$schedule$1(Scheduler.java:70)
	at java.util.concurrent.Executors$RunnableAdapter.call(Executors.java:511)
	at java.util.concurrent.FutureTask.run(FutureTask.java:266)
	at java.util.concurrent.ScheduledThreadPoolExecutor$ScheduledFutureTask.access$201(ScheduledThreadPoolExecutor.java:180)
	at java.util.concurrent.ScheduledThreadPoolExecutor$ScheduledFutureTask.run(ScheduledThreadPoolExecutor.java:293)
	at java.util.concurrent.ThreadPoolExecutor.runWorker(ThreadPoolExecutor.java:1149)
	at java.util.concurrent.ThreadPoolExecutor$Worker.run(ThreadPoolExecutor.java:624)
	at java.lang.Thread.run(Thread.java:748)
2021-01-29 15:28:54,697 [Command processor thread] WARN  server.RaftServer (RaftServerProxy.java:remove(101)) - d5d7cc10-80c6-421e-a2cb-6e4e9e0bf9f8: does not contain group: group-82FE8DDC79AF
2021-01-29 15:28:54,697 [Command processor thread] ERROR commandhandler.ClosePipelineCommandHandler (ClosePipelineCommandHandler.java:handle(78)) - Can't close pipeline PipelineID=ada21374-47fd-4d92-9ee3-82fe8ddc79af
java.io.IOException: d5d7cc10-80c6-421e-a2cb-6e4e9e0bf9f8: Group group-82FE8DDC79AF not found.
	at org.apache.hadoop.ozone.container.common.transport.server.ratis.XceiverServerRatis.removeGroup(XceiverServerRatis.java:788)
	at org.apache.hadoop.ozone.container.common.statemachine.commandhandler.ClosePipelineCommandHandler.handle(ClosePipelineCommandHandler.java:74)
	at org.apache.hadoop.ozone.container.common.statemachine.commandhandler.CommandDispatcher.handle(CommandDispatcher.java:99)
	at org.apache.hadoop.ozone.container.common.statemachine.DatanodeStateMachine.lambda$initCommandHandlerThread$2(DatanodeStateMachine.java:498)
	at java.lang.Thread.run(Thread.java:748)
Caused by: org.apache.ratis.protocol.exceptions.GroupMismatchException: d5d7cc10-80c6-421e-a2cb-6e4e9e0bf9f8: Group group-82FE8DDC79AF not found.
	at org.apache.ratis.server.impl.RaftServerProxy.groupRemoveAsync(RaftServerProxy.java:504)
	at org.apache.ratis.server.impl.RaftServerProxy.groupManagementAsync(RaftServerProxy.java:460)
	at org.apache.ratis.server.impl.RaftServerProxy.groupManagement(RaftServerProxy.java:440)
	at org.apache.hadoop.ozone.container.common.transport.server.ratis.XceiverServerRatis.removeGroup(XceiverServerRatis.java:786)
	... 4 more
2021-01-29 15:28:54,697 [Command processor thread] WARN  server.RaftServer (RaftServerProxy.java:remove(101)) - d5d7cc10-80c6-421e-a2cb-6e4e9e0bf9f8: does not contain group: group-82FE8DDC79AF
2021-01-29 15:28:54,697 [Command processor thread] ERROR commandhandler.ClosePipelineCommandHandler (ClosePipelineCommandHandler.java:handle(78)) - Can't close pipeline PipelineID=ada21374-47fd-4d92-9ee3-82fe8ddc79af
java.io.IOException: d5d7cc10-80c6-421e-a2cb-6e4e9e0bf9f8: Group group-82FE8DDC79AF not found.
	at org.apache.hadoop.ozone.container.common.transport.server.ratis.XceiverServerRatis.removeGroup(XceiverServerRatis.java:788)
	at org.apache.hadoop.ozone.container.common.statemachine.commandhandler.ClosePipelineCommandHandler.handle(ClosePipelineCommandHandler.java:74)
	at org.apache.hadoop.ozone.container.common.statemachine.commandhandler.CommandDispatcher.handle(CommandDispatcher.java:99)
	at org.apache.hadoop.ozone.container.common.statemachine.DatanodeStateMachine.lambda$initCommandHandlerThread$2(DatanodeStateMachine.java:498)
	at java.lang.Thread.run(Thread.java:748)
Caused by: org.apache.ratis.protocol.exceptions.GroupMismatchException: d5d7cc10-80c6-421e-a2cb-6e4e9e0bf9f8: Group group-82FE8DDC79AF not found.
	at org.apache.ratis.server.impl.RaftServerProxy.groupRemoveAsync(RaftServerProxy.java:504)
	at org.apache.ratis.server.impl.RaftServerProxy.groupManagementAsync(RaftServerProxy.java:460)
	at org.apache.ratis.server.impl.RaftServerProxy.groupManagement(RaftServerProxy.java:440)
	at org.apache.hadoop.ozone.container.common.transport.server.ratis.XceiverServerRatis.removeGroup(XceiverServerRatis.java:786)
	... 4 more
2021-01-29 15:28:54,704 [Command processor thread] WARN  server.RaftServer (RaftServerProxy.java:remove(101)) - 917eb864-1739-4fd5-ac14-ff1ecb8c1d24: does not contain group: group-82FE8DDC79AF
2021-01-29 15:28:54,704 [Command processor thread] ERROR commandhandler.ClosePipelineCommandHandler (ClosePipelineCommandHandler.java:handle(78)) - Can't close pipeline PipelineID=ada21374-47fd-4d92-9ee3-82fe8ddc79af
java.io.IOException: 917eb864-1739-4fd5-ac14-ff1ecb8c1d24: Group group-82FE8DDC79AF not found.
	at org.apache.hadoop.ozone.container.common.transport.server.ratis.XceiverServerRatis.removeGroup(XceiverServerRatis.java:788)
	at org.apache.hadoop.ozone.container.common.statemachine.commandhandler.ClosePipelineCommandHandler.handle(ClosePipelineCommandHandler.java:74)
	at org.apache.hadoop.ozone.container.common.statemachine.commandhandler.CommandDispatcher.handle(CommandDispatcher.java:99)
	at org.apache.hadoop.ozone.container.common.statemachine.DatanodeStateMachine.lambda$initCommandHandlerThread$2(DatanodeStateMachine.java:498)
	at java.lang.Thread.run(Thread.java:748)
Caused by: org.apache.ratis.protocol.exceptions.GroupMismatchException: 917eb864-1739-4fd5-ac14-ff1ecb8c1d24: Group group-82FE8DDC79AF not found.
	at org.apache.ratis.server.impl.RaftServerProxy.groupRemoveAsync(RaftServerProxy.java:504)
	at org.apache.ratis.server.impl.RaftServerProxy.groupManagementAsync(RaftServerProxy.java:460)
	at org.apache.ratis.server.impl.RaftServerProxy.groupManagement(RaftServerProxy.java:440)
	at org.apache.hadoop.ozone.container.common.transport.server.ratis.XceiverServerRatis.removeGroup(XceiverServerRatis.java:786)
	... 4 more
2021-01-29 15:28:54,704 [Command processor thread] WARN  server.RaftServer (RaftServerProxy.java:remove(101)) - 917eb864-1739-4fd5-ac14-ff1ecb8c1d24: does not contain group: group-82FE8DDC79AF
2021-01-29 15:28:54,704 [Command processor thread] ERROR commandhandler.ClosePipelineCommandHandler (ClosePipelineCommandHandler.java:handle(78)) - Can't close pipeline PipelineID=ada21374-47fd-4d92-9ee3-82fe8ddc79af
java.io.IOException: 917eb864-1739-4fd5-ac14-ff1ecb8c1d24: Group group-82FE8DDC79AF not found.
	at org.apache.hadoop.ozone.container.common.transport.server.ratis.XceiverServerRatis.removeGroup(XceiverServerRatis.java:788)
	at org.apache.hadoop.ozone.container.common.statemachine.commandhandler.ClosePipelineCommandHandler.handle(ClosePipelineCommandHandler.java:74)
	at org.apache.hadoop.ozone.container.common.statemachine.commandhandler.CommandDispatcher.handle(CommandDispatcher.java:99)
	at org.apache.hadoop.ozone.container.common.statemachine.DatanodeStateMachine.lambda$initCommandHandlerThread$2(DatanodeStateMachine.java:498)
	at java.lang.Thread.run(Thread.java:748)
Caused by: org.apache.ratis.protocol.exceptions.GroupMismatchException: 917eb864-1739-4fd5-ac14-ff1ecb8c1d24: Group group-82FE8DDC79AF not found.
	at org.apache.ratis.server.impl.RaftServerProxy.groupRemoveAsync(RaftServerProxy.java:504)
	at org.apache.ratis.server.impl.RaftServerProxy.groupManagementAsync(RaftServerProxy.java:460)
	at org.apache.ratis.server.impl.RaftServerProxy.groupManagement(RaftServerProxy.java:440)
	at org.apache.hadoop.ozone.container.common.transport.server.ratis.XceiverServerRatis.removeGroup(XceiverServerRatis.java:786)
	... 4 more
2021-01-29 15:28:55,494 [Command processor thread] INFO  server.RaftServer (RaftServerProxy.java:remove(106)) - e9b6cb55-ded4-4b6d-beb1-e0e1d0ea549d: remove  FOLLOWER e9b6cb55-ded4-4b6d-beb1-e0e1d0ea549d@group-C890AF39A67A:t1, leader=abd5dbec-f275-43c0-9ba5-e9315d47b38d, voted=abd5dbec-f275-43c0-9ba5-e9315d47b38d, raftlog=e9b6cb55-ded4-4b6d-beb1-e0e1d0ea549d@group-C890AF39A67A-SegmentedRaftLog:OPENED:c121,f121,i125, conf=0: [e9b6cb55-ded4-4b6d-beb1-e0e1d0ea549d|rpc:172.17.0.2:44997|admin:|client:|dataStream:|priority:0, abd5dbec-f275-43c0-9ba5-e9315d47b38d|rpc:172.17.0.2:36211|admin:|client:|dataStream:|priority:1, e29fa1fa-05e1-4a0c-9aa8-f5147e66917e|rpc:172.17.0.2:34647|admin:|client:|dataStream:|priority:0], old=null RUNNING
2021-01-29 15:28:55,494 [Command processor thread] INFO  server.RaftServer$Division (RaftServerImpl.java:lambda$close$4(406)) - e9b6cb55-ded4-4b6d-beb1-e0e1d0ea549d@group-C890AF39A67A: shutdown
2021-01-29 15:28:55,494 [Command processor thread] INFO  util.JmxRegister (JmxRegister.java:unregister(73)) - Successfully un-registered JMX Bean with object name Ratis:service=RaftServer,group=group-C890AF39A67A,id=e9b6cb55-ded4-4b6d-beb1-e0e1d0ea549d
2021-01-29 15:28:55,494 [Command processor thread] INFO  impl.RoleInfo (RoleInfo.java:shutdownFollowerState(108)) - e9b6cb55-ded4-4b6d-beb1-e0e1d0ea549d: shutdown e9b6cb55-ded4-4b6d-beb1-e0e1d0ea549d@group-C890AF39A67A-FollowerState
2021-01-29 15:28:55,494 [Command processor thread] INFO  impl.StateMachineUpdater (StateMachineUpdater.java:stopAndJoin(148)) - e9b6cb55-ded4-4b6d-beb1-e0e1d0ea549d@group-C890AF39A67A-StateMachineUpdater: set stopIndex = 121
2021-01-29 15:28:55,494 [Thread-332] INFO  impl.FollowerState (FollowerState.java:run(142)) - e9b6cb55-ded4-4b6d-beb1-e0e1d0ea549d@group-C890AF39A67A-FollowerState was interrupted: {}
java.lang.InterruptedException: sleep interrupted
	at java.lang.Thread.sleep(Native Method)
	at java.lang.Thread.sleep(Thread.java:340)
	at java.util.concurrent.TimeUnit.sleep(TimeUnit.java:386)
	at org.apache.ratis.util.TimeDuration.sleep(TimeDuration.java:324)
	at org.apache.ratis.util.TimeDuration.sleep(TimeDuration.java:309)
	at org.apache.ratis.server.impl.FollowerState.run(FollowerState.java:117)
2021-01-29 15:28:55,495 [e9b6cb55-ded4-4b6d-beb1-e0e1d0ea549d@group-C890AF39A67A-StateMachineUpdater] ERROR ratis.ContainerStateMachine (ContainerStateMachine.java:takeSnapshot(285)) - Failed to take snapshot  for group-C890AF39A67A as the stateMachine is unhealthy. The last applied index is at (t:1, i:121)
2021-01-29 15:28:55,495 [e9b6cb55-ded4-4b6d-beb1-e0e1d0ea549d@group-C890AF39A67A-StateMachineUpdater] ERROR impl.StateMachineUpdater (StateMachineUpdater.java:takeSnapshot(274)) - e9b6cb55-ded4-4b6d-beb1-e0e1d0ea549d@group-C890AF39A67A-StateMachineUpdater: Failed to take snapshot
org.apache.ratis.protocol.exceptions.StateMachineException: Failed to take snapshot  for group-C890AF39A67A as the stateMachine is unhealthy. The last applied index is at (t:1, i:121)
	at org.apache.hadoop.ozone.container.common.transport.server.ratis.ContainerStateMachine.takeSnapshot(ContainerStateMachine.java:284)
	at org.apache.ratis.server.impl.StateMachineUpdater.takeSnapshot(StateMachineUpdater.java:263)
	at org.apache.ratis.server.impl.StateMachineUpdater.checkAndTakeSnapshot(StateMachineUpdater.java:255)
	at org.apache.ratis.server.impl.StateMachineUpdater.run(StateMachineUpdater.java:178)
	at java.lang.Thread.run(Thread.java:748)
2021-01-29 15:28:55,496 [e9b6cb55-ded4-4b6d-beb1-e0e1d0ea549d@group-C890AF39A67A-StateMachineUpdater] ERROR ratis.ContainerStateMachine (ContainerStateMachine.java:takeSnapshot(285)) - Failed to take snapshot  for group-C890AF39A67A as the stateMachine is unhealthy. The last applied index is at (t:1, i:121)
2021-01-29 15:28:55,496 [e9b6cb55-ded4-4b6d-beb1-e0e1d0ea549d@group-C890AF39A67A-StateMachineUpdater] ERROR impl.StateMachineUpdater (StateMachineUpdater.java:takeSnapshot(274)) - e9b6cb55-ded4-4b6d-beb1-e0e1d0ea549d@group-C890AF39A67A-StateMachineUpdater: Failed to take snapshot
org.apache.ratis.protocol.exceptions.StateMachineException: Failed to take snapshot  for group-C890AF39A67A as the stateMachine is unhealthy. The last applied index is at (t:1, i:121)
	at org.apache.hadoop.ozone.container.common.transport.server.ratis.ContainerStateMachine.takeSnapshot(ContainerStateMachine.java:284)
	at org.apache.ratis.server.impl.StateMachineUpdater.takeSnapshot(StateMachineUpdater.java:263)
	at org.apache.ratis.server.impl.StateMachineUpdater.checkAndTakeSnapshot(StateMachineUpdater.java:255)
	at org.apache.ratis.server.impl.StateMachineUpdater.run(StateMachineUpdater.java:181)
	at java.lang.Thread.run(Thread.java:748)
2021-01-29 15:28:55,497 [e9b6cb55-ded4-4b6d-beb1-e0e1d0ea549d@group-C890AF39A67A-StateMachineUpdater] INFO  metrics.RatisMetrics (RatisMetrics.java:unregister(43)) - Unregistering Metrics Registry : ratis.state_machine.e9b6cb55-ded4-4b6d-beb1-e0e1d0ea549d@group-C890AF39A67A
2021-01-29 15:28:55,499 [Command processor thread] INFO  server.RaftServer$Division (ServerState.java:close(405)) - e9b6cb55-ded4-4b6d-beb1-e0e1d0ea549d@group-C890AF39A67A: closes. applyIndex: 121
2021-01-29 15:28:55,499 [e9b6cb55-ded4-4b6d-beb1-e0e1d0ea549d@group-C890AF39A67A-SegmentedRaftLogWorker] INFO  segmented.SegmentedRaftLogWorker (SegmentedRaftLogWorker.java:run(326)) - e9b6cb55-ded4-4b6d-beb1-e0e1d0ea549d@group-C890AF39A67A-SegmentedRaftLogWorker was interrupted, exiting. There are 0 tasks remaining in the queue.
2021-01-29 15:28:55,501 [Command processor thread] INFO  segmented.SegmentedRaftLogWorker (SegmentedRaftLogWorker.java:close(236)) - e9b6cb55-ded4-4b6d-beb1-e0e1d0ea549d@group-C890AF39A67A-SegmentedRaftLogWorker close()
2021-01-29 15:28:55,502 [Command processor thread] INFO  metrics.RatisMetrics (RatisMetrics.java:unregister(43)) - Unregistering Metrics Registry : ratis.log_worker.e9b6cb55-ded4-4b6d-beb1-e0e1d0ea549d@group-C890AF39A67A
2021-01-29 15:28:55,503 [Command processor thread] INFO  metrics.RatisMetrics (RatisMetrics.java:unregister(43)) - Unregistering Metrics Registry : ratis.leader_election.e9b6cb55-ded4-4b6d-beb1-e0e1d0ea549d@group-C890AF39A67A
2021-01-29 15:28:55,503 [Command processor thread] INFO  metrics.RatisMetrics (RatisMetrics.java:unregister(43)) - Unregistering Metrics Registry : ratis.server.e9b6cb55-ded4-4b6d-beb1-e0e1d0ea549d@group-C890AF39A67A
2021-01-29 15:28:55,504 [Command processor thread] INFO  keyvalue.KeyValueContainer (KeyValueContainer.java:flushAndSyncDB(388)) - Container 9 is synced with bcsId 81.
2021-01-29 15:28:55,505 [Command processor thread] INFO  keyvalue.KeyValueContainer (KeyValueContainer.java:flushAndSyncDB(388)) - Container 9 is synced with bcsId 81.
2021-01-29 15:28:55,508 [Command processor thread] ERROR commandhandler.ClosePipelineCommandHandler (ClosePipelineCommandHandler.java:handle(78)) - Can't close pipeline PipelineID=06dd217f-3d6a-4fac-81df-c890af39a67a
java.io.IOException: org.yaml.snakeyaml.error.YAMLException: java.io.IOException: No space left on device
	at org.apache.hadoop.ozone.container.common.transport.server.ratis.XceiverServerRatis.removeGroup(XceiverServerRatis.java:788)
	at org.apache.hadoop.ozone.container.common.statemachine.commandhandler.ClosePipelineCommandHandler.handle(ClosePipelineCommandHandler.java:74)
	at org.apache.hadoop.ozone.container.common.statemachine.commandhandler.CommandDispatcher.handle(CommandDispatcher.java:99)
	at org.apache.hadoop.ozone.container.common.statemachine.DatanodeStateMachine.lambda$initCommandHandlerThread$2(DatanodeStateMachine.java:498)
	at java.lang.Thread.run(Thread.java:748)
Caused by: java.io.IOException: org.yaml.snakeyaml.error.YAMLException: java.io.IOException: No space left on device
	at org.apache.ratis.util.IOUtils.asIOException(IOUtils.java:54)
	at org.apache.ratis.server.impl.RaftServerImpl.waitForReply(RaftServerImpl.java:880)
	at org.apache.ratis.server.impl.RaftServerProxy.groupManagement(RaftServerProxy.java:440)
	at org.apache.hadoop.ozone.container.common.transport.server.ratis.XceiverServerRatis.removeGroup(XceiverServerRatis.java:786)
	... 4 more
Caused by: org.yaml.snakeyaml.error.YAMLException: java.io.IOException: No space left on device
	at org.yaml.snakeyaml.Yaml.dumpAll(Yaml.java:280)
	at org.yaml.snakeyaml.Yaml.dump(Yaml.java:256)
	at org.apache.hadoop.ozone.container.common.impl.ContainerDataYaml.createContainerFile(ContainerDataYaml.java:96)
	at org.apache.hadoop.ozone.container.keyvalue.KeyValueContainer.writeToContainerFile(KeyValueContainer.java:214)
	at org.apache.hadoop.ozone.container.keyvalue.KeyValueContainer.updateContainerFile(KeyValueContainer.java:248)
	at org.apache.hadoop.ozone.container.keyvalue.KeyValueContainer.updateContainerData(KeyValueContainer.java:358)
	at org.apache.hadoop.ozone.container.keyvalue.KeyValueContainer.quasiClose(KeyValueContainer.java:306)
	at org.apache.hadoop.ozone.container.keyvalue.KeyValueHandler.quasiCloseContainer(KeyValueHandler.java:997)
	at org.apache.hadoop.ozone.container.ozoneimpl.ContainerController.quasiCloseContainer(ContainerController.java:119)
	at org.apache.hadoop.ozone.container.common.transport.server.ratis.ContainerStateMachine.notifyGroupRemove(ContainerStateMachine.java:884)
	at org.apache.ratis.server.impl.RaftServerImpl.groupRemove(RaftServerImpl.java:371)
	at org.apache.ratis.server.impl.RaftServerProxy.lambda$groupRemoveAsync$14(RaftServerProxy.java:507)
	at java.util.concurrent.CompletableFuture.uniApply(CompletableFuture.java:616)
	at java.util.concurrent.CompletableFuture.uniApplyStage(CompletableFuture.java:628)
	at java.util.concurrent.CompletableFuture.thenApply(CompletableFuture.java:1996)
	at org.apache.ratis.server.impl.RaftServerProxy.groupRemoveAsync(RaftServerProxy.java:506)
	at org.apache.ratis.server.impl.RaftServerProxy.groupManagementAsync(RaftServerProxy.java:460)
	... 6 more
Caused by: java.io.IOException: No space left on device
	at java.io.FileOutputStream.writeBytes(Native Method)
	at java.io.FileOutputStream.write(FileOutputStream.java:326)
	at sun.nio.cs.StreamEncoder.writeBytes(StreamEncoder.java:221)
	at sun.nio.cs.StreamEncoder.implFlushBuffer(StreamEncoder.java:291)
	at sun.nio.cs.StreamEncoder.implFlush(StreamEncoder.java:295)
	at sun.nio.cs.StreamEncoder.flush(StreamEncoder.java:141)
	at java.io.OutputStreamWriter.flush(OutputStreamWriter.java:229)
	at org.yaml.snakeyaml.emitter.Emitter.flushStream(Emitter.java:1078)
	at org.yaml.snakeyaml.emitter.Emitter$ExpectDocumentEnd.expect(Emitter.java:368)
	at org.yaml.snakeyaml.emitter.Emitter.emit(Emitter.java:220)
	at org.yaml.snakeyaml.serializer.Serializer.serialize(Serializer.java:115)
	at org.yaml.snakeyaml.Yaml.dumpAll(Yaml.java:276)
	... 22 more
2021-01-29 15:28:55,510 [Command processor thread] WARN  server.RaftServer (RaftServerProxy.java:remove(101)) - e9b6cb55-ded4-4b6d-beb1-e0e1d0ea549d: does not contain group: group-C890AF39A67A
2021-01-29 15:28:55,510 [Command processor thread] ERROR commandhandler.ClosePipelineCommandHandler (ClosePipelineCommandHandler.java:handle(78)) - Can't close pipeline PipelineID=06dd217f-3d6a-4fac-81df-c890af39a67a
java.io.IOException: e9b6cb55-ded4-4b6d-beb1-e0e1d0ea549d: Group group-C890AF39A67A not found.
	at org.apache.hadoop.ozone.container.common.transport.server.ratis.XceiverServerRatis.removeGroup(XceiverServerRatis.java:788)
	at org.apache.hadoop.ozone.container.common.statemachine.commandhandler.ClosePipelineCommandHandler.handle(ClosePipelineCommandHandler.java:74)
	at org.apache.hadoop.ozone.container.common.statemachine.commandhandler.CommandDispatcher.handle(CommandDispatcher.java:99)
	at org.apache.hadoop.ozone.container.common.statemachine.DatanodeStateMachine.lambda$initCommandHandlerThread$2(DatanodeStateMachine.java:498)
	at java.lang.Thread.run(Thread.java:748)
Caused by: org.apache.ratis.protocol.exceptions.GroupMismatchException: e9b6cb55-ded4-4b6d-beb1-e0e1d0ea549d: Group group-C890AF39A67A not found.
	at org.apache.ratis.server.impl.RaftServerProxy.groupRemoveAsync(RaftServerProxy.java:504)
	at org.apache.ratis.server.impl.RaftServerProxy.groupManagementAsync(RaftServerProxy.java:460)
	at org.apache.ratis.server.impl.RaftServerProxy.groupManagement(RaftServerProxy.java:440)
	at org.apache.hadoop.ozone.container.common.transport.server.ratis.XceiverServerRatis.removeGroup(XceiverServerRatis.java:786)
	... 4 more
2021-01-29 15:28:55,510 [Command processor thread] WARN  server.RaftServer (RaftServerProxy.java:remove(101)) - e9b6cb55-ded4-4b6d-beb1-e0e1d0ea549d: does not contain group: group-C890AF39A67A
2021-01-29 15:28:55,510 [Command processor thread] ERROR commandhandler.ClosePipelineCommandHandler (ClosePipelineCommandHandler.java:handle(78)) - Can't close pipeline PipelineID=06dd217f-3d6a-4fac-81df-c890af39a67a
java.io.IOException: e9b6cb55-ded4-4b6d-beb1-e0e1d0ea549d: Group group-C890AF39A67A not found.
	at org.apache.hadoop.ozone.container.common.transport.server.ratis.XceiverServerRatis.removeGroup(XceiverServerRatis.java:788)
	at org.apache.hadoop.ozone.container.common.statemachine.commandhandler.ClosePipelineCommandHandler.handle(ClosePipelineCommandHandler.java:74)
	at org.apache.hadoop.ozone.container.common.statemachine.commandhandler.CommandDispatcher.handle(CommandDispatcher.java:99)
	at org.apache.hadoop.ozone.container.common.statemachine.DatanodeStateMachine.lambda$initCommandHandlerThread$2(DatanodeStateMachine.java:498)
	at java.lang.Thread.run(Thread.java:748)
Caused by: org.apache.ratis.protocol.exceptions.GroupMismatchException: e9b6cb55-ded4-4b6d-beb1-e0e1d0ea549d: Group group-C890AF39A67A not found.
	at org.apache.ratis.server.impl.RaftServerProxy.groupRemoveAsync(RaftServerProxy.java:504)
	at org.apache.ratis.server.impl.RaftServerProxy.groupManagementAsync(RaftServerProxy.java:460)
	at org.apache.ratis.server.impl.RaftServerProxy.groupManagement(RaftServerProxy.java:440)
	at org.apache.hadoop.ozone.container.common.transport.server.ratis.XceiverServerRatis.removeGroup(XceiverServerRatis.java:786)
	... 4 more
2021-01-29 15:28:55,510 [Command processor thread] WARN  server.RaftServer (RaftServerProxy.java:remove(101)) - e9b6cb55-ded4-4b6d-beb1-e0e1d0ea549d: does not contain group: group-C890AF39A67A
2021-01-29 15:28:55,511 [Command processor thread] ERROR commandhandler.ClosePipelineCommandHandler (ClosePipelineCommandHandler.java:handle(78)) - Can't close pipeline PipelineID=06dd217f-3d6a-4fac-81df-c890af39a67a
java.io.IOException: e9b6cb55-ded4-4b6d-beb1-e0e1d0ea549d: Group group-C890AF39A67A not found.
	at org.apache.hadoop.ozone.container.common.transport.server.ratis.XceiverServerRatis.removeGroup(XceiverServerRatis.java:788)
	at org.apache.hadoop.ozone.container.common.statemachine.commandhandler.ClosePipelineCommandHandler.handle(ClosePipelineCommandHandler.java:74)
	at org.apache.hadoop.ozone.container.common.statemachine.commandhandler.CommandDispatcher.handle(CommandDispatcher.java:99)
	at org.apache.hadoop.ozone.container.common.statemachine.DatanodeStateMachine.lambda$initCommandHandlerThread$2(DatanodeStateMachine.java:498)
	at java.lang.Thread.run(Thread.java:748)
Caused by: org.apache.ratis.protocol.exceptions.GroupMismatchException: e9b6cb55-ded4-4b6d-beb1-e0e1d0ea549d: Group group-C890AF39A67A not found.
	at org.apache.ratis.server.impl.RaftServerProxy.groupRemoveAsync(RaftServerProxy.java:504)
	at org.apache.ratis.server.impl.RaftServerProxy.groupManagementAsync(RaftServerProxy.java:460)
	at org.apache.ratis.server.impl.RaftServerProxy.groupManagement(RaftServerProxy.java:440)
	at org.apache.hadoop.ozone.container.common.transport.server.ratis.XceiverServerRatis.removeGroup(XceiverServerRatis.java:786)
	... 4 more
2021-01-29 15:28:55,511 [Command processor thread] WARN  server.RaftServer (RaftServerProxy.java:remove(101)) - e9b6cb55-ded4-4b6d-beb1-e0e1d0ea549d: does not contain group: group-C890AF39A67A
2021-01-29 15:28:55,511 [Command processor thread] ERROR commandhandler.ClosePipelineCommandHandler (ClosePipelineCommandHandler.java:handle(78)) - Can't close pipeline PipelineID=06dd217f-3d6a-4fac-81df-c890af39a67a
java.io.IOException: e9b6cb55-ded4-4b6d-beb1-e0e1d0ea549d: Group group-C890AF39A67A not found.
	at org.apache.hadoop.ozone.container.common.transport.server.ratis.XceiverServerRatis.removeGroup(XceiverServerRatis.java:788)
	at org.apache.hadoop.ozone.container.common.statemachine.commandhandler.ClosePipelineCommandHandler.handle(ClosePipelineCommandHandler.java:74)
	at org.apache.hadoop.ozone.container.common.statemachine.commandhandler.CommandDispatcher.handle(CommandDispatcher.java:99)
	at org.apache.hadoop.ozone.container.common.statemachine.DatanodeStateMachine.lambda$initCommandHandlerThread$2(DatanodeStateMachine.java:498)
	at java.lang.Thread.run(Thread.java:748)
Caused by: org.apache.ratis.protocol.exceptions.GroupMismatchException: e9b6cb55-ded4-4b6d-beb1-e0e1d0ea549d: Group group-C890AF39A67A not found.
	at org.apache.ratis.server.impl.RaftServerProxy.groupRemoveAsync(RaftServerProxy.java:504)
	at org.apache.ratis.server.impl.RaftServerProxy.groupManagementAsync(RaftServerProxy.java:460)
	at org.apache.ratis.server.impl.RaftServerProxy.groupManagement(RaftServerProxy.java:440)
	at org.apache.hadoop.ozone.container.common.transport.server.ratis.XceiverServerRatis.removeGroup(XceiverServerRatis.java:786)
	... 4 more
2021-01-29 15:28:55,511 [Command processor thread] WARN  server.RaftServer (RaftServerProxy.java:remove(101)) - e9b6cb55-ded4-4b6d-beb1-e0e1d0ea549d: does not contain group: group-C890AF39A67A
2021-01-29 15:28:55,511 [Command processor thread] ERROR commandhandler.ClosePipelineCommandHandler (ClosePipelineCommandHandler.java:handle(78)) - Can't close pipeline PipelineID=06dd217f-3d6a-4fac-81df-c890af39a67a
java.io.IOException: e9b6cb55-ded4-4b6d-beb1-e0e1d0ea549d: Group group-C890AF39A67A not found.
	at org.apache.hadoop.ozone.container.common.transport.server.ratis.XceiverServerRatis.removeGroup(XceiverServerRatis.java:788)
	at org.apache.hadoop.ozone.container.common.statemachine.commandhandler.ClosePipelineCommandHandler.handle(ClosePipelineCommandHandler.java:74)
	at org.apache.hadoop.ozone.container.common.statemachine.commandhandler.CommandDispatcher.handle(CommandDispatcher.java:99)
	at org.apache.hadoop.ozone.container.common.statemachine.DatanodeStateMachine.lambda$initCommandHandlerThread$2(DatanodeStateMachine.java:498)
	at java.lang.Thread.run(Thread.java:748)
Caused by: org.apache.ratis.protocol.exceptions.GroupMismatchException: e9b6cb55-ded4-4b6d-beb1-e0e1d0ea549d: Group group-C890AF39A67A not found.
	at org.apache.ratis.server.impl.RaftServerProxy.groupRemoveAsync(RaftServerProxy.java:504)
	at org.apache.ratis.server.impl.RaftServerProxy.groupManagementAsync(RaftServerProxy.java:460)
	at org.apache.ratis.server.impl.RaftServerProxy.groupManagement(RaftServerProxy.java:440)
	at org.apache.hadoop.ozone.container.common.transport.server.ratis.XceiverServerRatis.removeGroup(XceiverServerRatis.java:786)
	... 4 more
2021-01-29 15:28:55,511 [Command processor thread] WARN  server.RaftServer (RaftServerProxy.java:remove(101)) - e9b6cb55-ded4-4b6d-beb1-e0e1d0ea549d: does not contain group: group-C890AF39A67A
2021-01-29 15:28:55,511 [Command processor thread] ERROR commandhandler.ClosePipelineCommandHandler (ClosePipelineCommandHandler.java:handle(78)) - Can't close pipeline PipelineID=06dd217f-3d6a-4fac-81df-c890af39a67a
java.io.IOException: e9b6cb55-ded4-4b6d-beb1-e0e1d0ea549d: Group group-C890AF39A67A not found.
	at org.apache.hadoop.ozone.container.common.transport.server.ratis.XceiverServerRatis.removeGroup(XceiverServerRatis.java:788)
	at org.apache.hadoop.ozone.container.common.statemachine.commandhandler.ClosePipelineCommandHandler.handle(ClosePipelineCommandHandler.java:74)
	at org.apache.hadoop.ozone.container.common.statemachine.commandhandler.CommandDispatcher.handle(CommandDispatcher.java:99)
	at org.apache.hadoop.ozone.container.common.statemachine.DatanodeStateMachine.lambda$initCommandHandlerThread$2(DatanodeStateMachine.java:498)
	at java.lang.Thread.run(Thread.java:748)
Caused by: org.apache.ratis.protocol.exceptions.GroupMismatchException: e9b6cb55-ded4-4b6d-beb1-e0e1d0ea549d: Group group-C890AF39A67A not found.
	at org.apache.ratis.server.impl.RaftServerProxy.groupRemoveAsync(RaftServerProxy.java:504)
	at org.apache.ratis.server.impl.RaftServerProxy.groupManagementAsync(RaftServerProxy.java:460)
	at org.apache.ratis.server.impl.RaftServerProxy.groupManagement(RaftServerProxy.java:440)
	at org.apache.hadoop.ozone.container.common.transport.server.ratis.XceiverServerRatis.removeGroup(XceiverServerRatis.java:786)
	... 4 more
2021-01-29 15:28:55,511 [Command processor thread] WARN  server.RaftServer (RaftServerProxy.java:remove(101)) - e9b6cb55-ded4-4b6d-beb1-e0e1d0ea549d: does not contain group: group-C890AF39A67A
2021-01-29 15:28:55,511 [Command processor thread] ERROR commandhandler.ClosePipelineCommandHandler (ClosePipelineCommandHandler.java:handle(78)) - Can't close pipeline PipelineID=06dd217f-3d6a-4fac-81df-c890af39a67a
java.io.IOException: e9b6cb55-ded4-4b6d-beb1-e0e1d0ea549d: Group group-C890AF39A67A not found.
	at org.apache.hadoop.ozone.container.common.transport.server.ratis.XceiverServerRatis.removeGroup(XceiverServerRatis.java:788)
	at org.apache.hadoop.ozone.container.common.statemachine.commandhandler.ClosePipelineCommandHandler.handle(ClosePipelineCommandHandler.java:74)
	at org.apache.hadoop.ozone.container.common.statemachine.commandhandler.CommandDispatcher.handle(CommandDispatcher.java:99)
	at org.apache.hadoop.ozone.container.common.statemachine.DatanodeStateMachine.lambda$initCommandHandlerThread$2(DatanodeStateMachine.java:498)
	at java.lang.Thread.run(Thread.java:748)
Caused by: org.apache.ratis.protocol.exceptions.GroupMismatchException: e9b6cb55-ded4-4b6d-beb1-e0e1d0ea549d: Group group-C890AF39A67A not found.
	at org.apache.ratis.server.impl.RaftServerProxy.groupRemoveAsync(RaftServerProxy.java:504)
	at org.apache.ratis.server.impl.RaftServerProxy.groupManagementAsync(RaftServerProxy.java:460)
	at org.apache.ratis.server.impl.RaftServerProxy.groupManagement(RaftServerProxy.java:440)
	at org.apache.hadoop.ozone.container.common.transport.server.ratis.XceiverServerRatis.removeGroup(XceiverServerRatis.java:786)
	... 4 more
2021-01-29 15:28:55,511 [Command processor thread] WARN  server.RaftServer (RaftServerProxy.java:remove(101)) - e9b6cb55-ded4-4b6d-beb1-e0e1d0ea549d: does not contain group: group-C890AF39A67A
2021-01-29 15:28:55,511 [Command processor thread] ERROR commandhandler.ClosePipelineCommandHandler (ClosePipelineCommandHandler.java:handle(78)) - Can't close pipeline PipelineID=06dd217f-3d6a-4fac-81df-c890af39a67a
java.io.IOException: e9b6cb55-ded4-4b6d-beb1-e0e1d0ea549d: Group group-C890AF39A67A not found.
	at org.apache.hadoop.ozone.container.common.transport.server.ratis.XceiverServerRatis.removeGroup(XceiverServerRatis.java:788)
	at org.apache.hadoop.ozone.container.common.statemachine.commandhandler.ClosePipelineCommandHandler.handle(ClosePipelineCommandHandler.java:74)
	at org.apache.hadoop.ozone.container.common.statemachine.commandhandler.CommandDispatcher.handle(CommandDispatcher.java:99)
	at org.apache.hadoop.ozone.container.common.statemachine.DatanodeStateMachine.lambda$initCommandHandlerThread$2(DatanodeStateMachine.java:498)
	at java.lang.Thread.run(Thread.java:748)
Caused by: org.apache.ratis.protocol.exceptions.GroupMismatchException: e9b6cb55-ded4-4b6d-beb1-e0e1d0ea549d: Group group-C890AF39A67A not found.
	at org.apache.ratis.server.impl.RaftServerProxy.groupRemoveAsync(RaftServerProxy.java:504)
	at org.apache.ratis.server.impl.RaftServerProxy.groupManagementAsync(RaftServerProxy.java:460)
	at org.apache.ratis.server.impl.RaftServerProxy.groupManagement(RaftServerProxy.java:440)
	at org.apache.hadoop.ozone.container.common.transport.server.ratis.XceiverServerRatis.removeGroup(XceiverServerRatis.java:786)
	... 4 more
2021-01-29 15:28:55,512 [Command processor thread] WARN  server.RaftServer (RaftServerProxy.java:remove(101)) - e9b6cb55-ded4-4b6d-beb1-e0e1d0ea549d: does not contain group: group-C890AF39A67A
2021-01-29 15:28:55,512 [Command processor thread] ERROR commandhandler.ClosePipelineCommandHandler (ClosePipelineCommandHandler.java:handle(78)) - Can't close pipeline PipelineID=06dd217f-3d6a-4fac-81df-c890af39a67a
java.io.IOException: e9b6cb55-ded4-4b6d-beb1-e0e1d0ea549d: Group group-C890AF39A67A not found.
	at org.apache.hadoop.ozone.container.common.transport.server.ratis.XceiverServerRatis.removeGroup(XceiverServerRatis.java:788)
	at org.apache.hadoop.ozone.container.common.statemachine.commandhandler.ClosePipelineCommandHandler.handle(ClosePipelineCommandHandler.java:74)
	at org.apache.hadoop.ozone.container.common.statemachine.commandhandler.CommandDispatcher.handle(CommandDispatcher.java:99)
	at org.apache.hadoop.ozone.container.common.statemachine.DatanodeStateMachine.lambda$initCommandHandlerThread$2(DatanodeStateMachine.java:498)
	at java.lang.Thread.run(Thread.java:748)
Caused by: org.apache.ratis.protocol.exceptions.GroupMismatchException: e9b6cb55-ded4-4b6d-beb1-e0e1d0ea549d: Group group-C890AF39A67A not found.
	at org.apache.ratis.server.impl.RaftServerProxy.groupRemoveAsync(RaftServerProxy.java:504)
	at org.apache.ratis.server.impl.RaftServerProxy.groupManagementAsync(RaftServerProxy.java:460)
	at org.apache.ratis.server.impl.RaftServerProxy.groupManagement(RaftServerProxy.java:440)
	at org.apache.hadoop.ozone.container.common.transport.server.ratis.XceiverServerRatis.removeGroup(XceiverServerRatis.java:786)
	... 4 more
2021-01-29 15:28:55,512 [Command processor thread] WARN  server.RaftServer (RaftServerProxy.java:remove(101)) - e9b6cb55-ded4-4b6d-beb1-e0e1d0ea549d: does not contain group: group-C890AF39A67A
2021-01-29 15:28:55,512 [Command processor thread] ERROR commandhandler.ClosePipelineCommandHandler (ClosePipelineCommandHandler.java:handle(78)) - Can't close pipeline PipelineID=06dd217f-3d6a-4fac-81df-c890af39a67a
java.io.IOException: e9b6cb55-ded4-4b6d-beb1-e0e1d0ea549d: Group group-C890AF39A67A not found.
	at org.apache.hadoop.ozone.container.common.transport.server.ratis.XceiverServerRatis.removeGroup(XceiverServerRatis.java:788)
	at org.apache.hadoop.ozone.container.common.statemachine.commandhandler.ClosePipelineCommandHandler.handle(ClosePipelineCommandHandler.java:74)
	at org.apache.hadoop.ozone.container.common.statemachine.commandhandler.CommandDispatcher.handle(CommandDispatcher.java:99)
	at org.apache.hadoop.ozone.container.common.statemachine.DatanodeStateMachine.lambda$initCommandHandlerThread$2(DatanodeStateMachine.java:498)
	at java.lang.Thread.run(Thread.java:748)
Caused by: org.apache.ratis.protocol.exceptions.GroupMismatchException: e9b6cb55-ded4-4b6d-beb1-e0e1d0ea549d: Group group-C890AF39A67A not found.
	at org.apache.ratis.server.impl.RaftServerProxy.groupRemoveAsync(RaftServerProxy.java:504)
	at org.apache.ratis.server.impl.RaftServerProxy.groupManagementAsync(RaftServerProxy.java:460)
	at org.apache.ratis.server.impl.RaftServerProxy.groupManagement(RaftServerProxy.java:440)
	at org.apache.hadoop.ozone.container.common.transport.server.ratis.XceiverServerRatis.removeGroup(XceiverServerRatis.java:786)
	... 4 more
2021-01-29 15:28:55,512 [Command processor thread] WARN  server.RaftServer (RaftServerProxy.java:remove(101)) - e9b6cb55-ded4-4b6d-beb1-e0e1d0ea549d: does not contain group: group-C890AF39A67A
2021-01-29 15:28:55,512 [Command processor thread] ERROR commandhandler.ClosePipelineCommandHandler (ClosePipelineCommandHandler.java:handle(78)) - Can't close pipeline PipelineID=06dd217f-3d6a-4fac-81df-c890af39a67a
java.io.IOException: e9b6cb55-ded4-4b6d-beb1-e0e1d0ea549d: Group group-C890AF39A67A not found.
	at org.apache.hadoop.ozone.container.common.transport.server.ratis.XceiverServerRatis.removeGroup(XceiverServerRatis.java:788)
	at org.apache.hadoop.ozone.container.common.statemachine.commandhandler.ClosePipelineCommandHandler.handle(ClosePipelineCommandHandler.java:74)
	at org.apache.hadoop.ozone.container.common.statemachine.commandhandler.CommandDispatcher.handle(CommandDispatcher.java:99)
	at org.apache.hadoop.ozone.container.common.statemachine.DatanodeStateMachine.lambda$initCommandHandlerThread$2(DatanodeStateMachine.java:498)
	at java.lang.Thread.run(Thread.java:748)
Caused by: org.apache.ratis.protocol.exceptions.GroupMismatchException: e9b6cb55-ded4-4b6d-beb1-e0e1d0ea549d: Group group-C890AF39A67A not found.
	at org.apache.ratis.server.impl.RaftServerProxy.groupRemoveAsync(RaftServerProxy.java:504)
	at org.apache.ratis.server.impl.RaftServerProxy.groupManagementAsync(RaftServerProxy.java:460)
	at org.apache.ratis.server.impl.RaftServerProxy.groupManagement(RaftServerProxy.java:440)
	at org.apache.hadoop.ozone.container.common.transport.server.ratis.XceiverServerRatis.removeGroup(XceiverServerRatis.java:786)
	... 4 more
2021-01-29 15:28:55,512 [Command processor thread] WARN  server.RaftServer (RaftServerProxy.java:remove(101)) - e9b6cb55-ded4-4b6d-beb1-e0e1d0ea549d: does not contain group: group-C890AF39A67A
2021-01-29 15:28:55,512 [Command processor thread] ERROR commandhandler.ClosePipelineCommandHandler (ClosePipelineCommandHandler.java:handle(78)) - Can't close pipeline PipelineID=06dd217f-3d6a-4fac-81df-c890af39a67a
java.io.IOException: e9b6cb55-ded4-4b6d-beb1-e0e1d0ea549d: Group group-C890AF39A67A not found.
	at org.apache.hadoop.ozone.container.common.transport.server.ratis.XceiverServerRatis.removeGroup(XceiverServerRatis.java:788)
	at org.apache.hadoop.ozone.container.common.statemachine.commandhandler.ClosePipelineCommandHandler.handle(ClosePipelineCommandHandler.java:74)
	at org.apache.hadoop.ozone.container.common.statemachine.commandhandler.CommandDispatcher.handle(CommandDispatcher.java:99)
	at org.apache.hadoop.ozone.container.common.statemachine.DatanodeStateMachine.lambda$initCommandHandlerThread$2(DatanodeStateMachine.java:498)
	at java.lang.Thread.run(Thread.java:748)
Caused by: org.apache.ratis.protocol.exceptions.GroupMismatchException: e9b6cb55-ded4-4b6d-beb1-e0e1d0ea549d: Group group-C890AF39A67A not found.
	at org.apache.ratis.server.impl.RaftServerProxy.groupRemoveAsync(RaftServerProxy.java:504)
	at org.apache.ratis.server.impl.RaftServerProxy.groupManagementAsync(RaftServerProxy.java:460)
	at org.apache.ratis.server.impl.RaftServerProxy.groupManagement(RaftServerProxy.java:440)
	at org.apache.hadoop.ozone.container.common.transport.server.ratis.XceiverServerRatis.removeGroup(XceiverServerRatis.java:786)
	... 4 more
2021-01-29 15:28:56,498 [Command processor thread] INFO  server.RaftServer (RaftServerProxy.java:remove(106)) - abd5dbec-f275-43c0-9ba5-e9315d47b38d: remove    LEADER abd5dbec-f275-43c0-9ba5-e9315d47b38d@group-C890AF39A67A:t1, leader=abd5dbec-f275-43c0-9ba5-e9315d47b38d, voted=abd5dbec-f275-43c0-9ba5-e9315d47b38d, raftlog=abd5dbec-f275-43c0-9ba5-e9315d47b38d@group-C890AF39A67A-SegmentedRaftLog:OPENED:c121,f121,i125, conf=0: [e9b6cb55-ded4-4b6d-beb1-e0e1d0ea549d|rpc:172.17.0.2:44997|admin:|client:|dataStream:|priority:0, abd5dbec-f275-43c0-9ba5-e9315d47b38d|rpc:172.17.0.2:36211|admin:|client:|dataStream:|priority:1, e29fa1fa-05e1-4a0c-9aa8-f5147e66917e|rpc:172.17.0.2:34647|admin:|client:|dataStream:|priority:0], old=null RUNNING
2021-01-29 15:28:56,499 [Command processor thread] INFO  server.RaftServer$Division (RaftServerImpl.java:lambda$close$4(406)) - abd5dbec-f275-43c0-9ba5-e9315d47b38d@group-C890AF39A67A: shutdown
2021-01-29 15:28:56,499 [Command processor thread] INFO  util.JmxRegister (JmxRegister.java:unregister(73)) - Successfully un-registered JMX Bean with object name Ratis:service=RaftServer,group=group-C890AF39A67A,id=abd5dbec-f275-43c0-9ba5-e9315d47b38d
2021-01-29 15:28:56,499 [Command processor thread] INFO  impl.RoleInfo (RoleInfo.java:shutdownLeaderState(91)) - abd5dbec-f275-43c0-9ba5-e9315d47b38d: shutdown abd5dbec-f275-43c0-9ba5-e9315d47b38d@group-C890AF39A67A-LeaderStateImpl
2021-01-29 15:28:56,499 [Command processor thread] INFO  metrics.RatisMetrics (RatisMetrics.java:unregister(43)) - Unregistering Metrics Registry : ratis_grpc.log_appender.abd5dbec-f275-43c0-9ba5-e9315d47b38d@group-C890AF39A67A
2021-01-29 15:28:56,499 [Command processor thread] INFO  metrics.RatisMetrics (RatisMetrics.java:unregister(43)) - Unregistering Metrics Registry : ratis_grpc.log_appender.abd5dbec-f275-43c0-9ba5-e9315d47b38d@group-C890AF39A67A
2021-01-29 15:28:56,499 [abd5dbec-f275-43c0-9ba5-e9315d47b38d@group-C890AF39A67A->e9b6cb55-ded4-4b6d-beb1-e0e1d0ea549d-GrpcLogAppender-LogAppenderDaemon] WARN  server.GrpcLogAppender (GrpcLogAppender.java:mayWait(175)) - abd5dbec-f275-43c0-9ba5-e9315d47b38d@group-C890AF39A67A->e9b6cb55-ded4-4b6d-beb1-e0e1d0ea549d-GrpcLogAppender: Wait interrupted by java.lang.InterruptedException
2021-01-29 15:28:56,499 [Command processor thread] INFO  impl.PendingRequests (PendingRequests.java:sendNotLeaderResponses(249)) - abd5dbec-f275-43c0-9ba5-e9315d47b38d@group-C890AF39A67A-PendingRequests: sendNotLeaderResponses
2021-01-29 15:28:56,504 [abd5dbec-f275-43c0-9ba5-e9315d47b38d@group-C890AF39A67A->e29fa1fa-05e1-4a0c-9aa8-f5147e66917e-GrpcLogAppender-LogAppenderDaemon] WARN  server.GrpcLogAppender (GrpcLogAppender.java:mayWait(175)) - abd5dbec-f275-43c0-9ba5-e9315d47b38d@group-C890AF39A67A->e29fa1fa-05e1-4a0c-9aa8-f5147e66917e-GrpcLogAppender: Wait interrupted by java.lang.InterruptedException
2021-01-29 15:28:56,504 [grpc-default-executor-6] INFO  server.GrpcServerProtocolService (GrpcServerProtocolService.java:onCompleted(138)) - e9b6cb55-ded4-4b6d-beb1-e0e1d0ea549d: Completed APPEND_ENTRIES, lastRequest: abd5dbec-f275-43c0-9ba5-e9315d47b38d->e9b6cb55-ded4-4b6d-beb1-e0e1d0ea549d#1643-t1,previous=(t:1, i:124),leaderCommit=121,initializing? true,entries: size=1, first=(t:1, i:125), STATEMACHINELOGENTRY, 132@client-3DEFA16E1898
2021-01-29 15:28:56,513 [Command processor thread] INFO  metrics.RatisMetrics (RatisMetrics.java:unregister(43)) - Unregistering Metrics Registry : ratis.log_appender.abd5dbec-f275-43c0-9ba5-e9315d47b38d@group-C890AF39A67A
2021-01-29 15:28:56,513 [Command processor thread] INFO  metrics.RatisMetrics (RatisMetrics.java:unregister(43)) - Unregistering Metrics Registry : ratis.server.abd5dbec-f275-43c0-9ba5-e9315d47b38d@group-C890AF39A67A
2021-01-29 15:28:56,513 [Command processor thread] INFO  impl.StateMachineUpdater (StateMachineUpdater.java:stopAndJoin(148)) - abd5dbec-f275-43c0-9ba5-e9315d47b38d@group-C890AF39A67A-StateMachineUpdater: set stopIndex = 121
2021-01-29 15:28:56,513 [abd5dbec-f275-43c0-9ba5-e9315d47b38d@group-C890AF39A67A-StateMachineUpdater] ERROR ratis.ContainerStateMachine (ContainerStateMachine.java:takeSnapshot(285)) - Failed to take snapshot  for group-C890AF39A67A as the stateMachine is unhealthy. The last applied index is at (t:1, i:121)
2021-01-29 15:28:56,513 [abd5dbec-f275-43c0-9ba5-e9315d47b38d@group-C890AF39A67A-StateMachineUpdater] ERROR impl.StateMachineUpdater (StateMachineUpdater.java:takeSnapshot(274)) - abd5dbec-f275-43c0-9ba5-e9315d47b38d@group-C890AF39A67A-StateMachineUpdater: Failed to take snapshot
org.apache.ratis.protocol.exceptions.StateMachineException: Failed to take snapshot  for group-C890AF39A67A as the stateMachine is unhealthy. The last applied index is at (t:1, i:121)
	at org.apache.hadoop.ozone.container.common.transport.server.ratis.ContainerStateMachine.takeSnapshot(ContainerStateMachine.java:284)
	at org.apache.ratis.server.impl.StateMachineUpdater.takeSnapshot(StateMachineUpdater.java:263)
	at org.apache.ratis.server.impl.StateMachineUpdater.checkAndTakeSnapshot(StateMachineUpdater.java:255)
	at org.apache.ratis.server.impl.StateMachineUpdater.run(StateMachineUpdater.java:178)
	at java.lang.Thread.run(Thread.java:748)
2021-01-29 15:28:56,514 [abd5dbec-f275-43c0-9ba5-e9315d47b38d@group-C890AF39A67A-StateMachineUpdater] ERROR ratis.ContainerStateMachine (ContainerStateMachine.java:takeSnapshot(285)) - Failed to take snapshot  for group-C890AF39A67A as the stateMachine is unhealthy. The last applied index is at (t:1, i:121)
2021-01-29 15:28:56,514 [abd5dbec-f275-43c0-9ba5-e9315d47b38d@group-C890AF39A67A-StateMachineUpdater] ERROR impl.StateMachineUpdater (StateMachineUpdater.java:takeSnapshot(274)) - abd5dbec-f275-43c0-9ba5-e9315d47b38d@group-C890AF39A67A-StateMachineUpdater: Failed to take snapshot
org.apache.ratis.protocol.exceptions.StateMachineException: Failed to take snapshot  for group-C890AF39A67A as the stateMachine is unhealthy. The last applied index is at (t:1, i:121)
	at org.apache.hadoop.ozone.container.common.transport.server.ratis.ContainerStateMachine.takeSnapshot(ContainerStateMachine.java:284)
	at org.apache.ratis.server.impl.StateMachineUpdater.takeSnapshot(StateMachineUpdater.java:263)
	at org.apache.ratis.server.impl.StateMachineUpdater.checkAndTakeSnapshot(StateMachineUpdater.java:255)
	at org.apache.ratis.server.impl.StateMachineUpdater.run(StateMachineUpdater.java:181)
	at java.lang.Thread.run(Thread.java:748)
2021-01-29 15:28:56,514 [abd5dbec-f275-43c0-9ba5-e9315d47b38d@group-C890AF39A67A-StateMachineUpdater] INFO  metrics.RatisMetrics (RatisMetrics.java:unregister(43)) - Unregistering Metrics Registry : ratis.state_machine.abd5dbec-f275-43c0-9ba5-e9315d47b38d@group-C890AF39A67A
2021-01-29 15:28:56,514 [Command processor thread] INFO  server.RaftServer$Division (ServerState.java:close(405)) - abd5dbec-f275-43c0-9ba5-e9315d47b38d@group-C890AF39A67A: closes. applyIndex: 121
2021-01-29 15:28:56,515 [abd5dbec-f275-43c0-9ba5-e9315d47b38d@group-C890AF39A67A-SegmentedRaftLogWorker] INFO  segmented.SegmentedRaftLogWorker (SegmentedRaftLogWorker.java:run(326)) - abd5dbec-f275-43c0-9ba5-e9315d47b38d@group-C890AF39A67A-SegmentedRaftLogWorker was interrupted, exiting. There are 0 tasks remaining in the queue.
2021-01-29 15:28:56,517 [Command processor thread] INFO  segmented.SegmentedRaftLogWorker (SegmentedRaftLogWorker.java:close(236)) - abd5dbec-f275-43c0-9ba5-e9315d47b38d@group-C890AF39A67A-SegmentedRaftLogWorker close()
2021-01-29 15:28:56,518 [Command processor thread] INFO  metrics.RatisMetrics (RatisMetrics.java:unregister(43)) - Unregistering Metrics Registry : ratis.log_worker.abd5dbec-f275-43c0-9ba5-e9315d47b38d@group-C890AF39A67A
2021-01-29 15:28:56,518 [Command processor thread] INFO  metrics.RatisMetrics (RatisMetrics.java:unregister(43)) - Unregistering Metrics Registry : ratis.leader_election.abd5dbec-f275-43c0-9ba5-e9315d47b38d@group-C890AF39A67A
2021-01-29 15:28:56,518 [Command processor thread] INFO  metrics.RatisMetrics (RatisMetrics.java:unregister(43)) - Unregistering Metrics Registry : ratis.server.abd5dbec-f275-43c0-9ba5-e9315d47b38d@group-C890AF39A67A
2021-01-29 15:28:56,518 [grpc-default-executor-0] INFO  server.GrpcLogAppender (GrpcLogAppender.java:onCompleted(344)) - abd5dbec-f275-43c0-9ba5-e9315d47b38d@group-C890AF39A67A->e9b6cb55-ded4-4b6d-beb1-e0e1d0ea549d-AppendLogResponseHandler: follower responses appendEntries COMPLETED
2021-01-29 15:28:56,518 [grpc-default-executor-0] INFO  leader.FollowerInfo (FollowerInfoImpl.java:lambda$new$0(46)) - abd5dbec-f275-43c0-9ba5-e9315d47b38d@group-C890AF39A67A->e9b6cb55-ded4-4b6d-beb1-e0e1d0ea549d: nextIndex: updateUnconditionally 126 -> 122
2021-01-29 15:28:56,518 [Command processor thread] INFO  keyvalue.KeyValueContainer (KeyValueContainer.java:flushAndSyncDB(388)) - Container 9 is synced with bcsId 81.
2021-01-29 15:28:56,518 [grpc-default-executor-6] INFO  server.GrpcServerProtocolService (GrpcServerProtocolService.java:onCompleted(138)) - e29fa1fa-05e1-4a0c-9aa8-f5147e66917e: Completed APPEND_ENTRIES, lastRequest: abd5dbec-f275-43c0-9ba5-e9315d47b38d->e29fa1fa-05e1-4a0c-9aa8-f5147e66917e#1651-t1,previous=(t:1, i:124),leaderCommit=121,initializing? true,entries: size=1, first=(t:1, i:125), STATEMACHINELOGENTRY, 132@client-3DEFA16E1898
2021-01-29 15:28:56,519 [grpc-default-executor-0] INFO  server.GrpcLogAppender (GrpcLogAppender.java:onCompleted(344)) - abd5dbec-f275-43c0-9ba5-e9315d47b38d@group-C890AF39A67A->e29fa1fa-05e1-4a0c-9aa8-f5147e66917e-AppendLogResponseHandler: follower responses appendEntries COMPLETED
2021-01-29 15:28:56,519 [grpc-default-executor-0] INFO  leader.FollowerInfo (FollowerInfoImpl.java:lambda$new$0(46)) - abd5dbec-f275-43c0-9ba5-e9315d47b38d@group-C890AF39A67A->e29fa1fa-05e1-4a0c-9aa8-f5147e66917e: nextIndex: updateUnconditionally 126 -> 122
2021-01-29 15:28:56,519 [Command processor thread] INFO  keyvalue.KeyValueContainer (KeyValueContainer.java:flushAndSyncDB(388)) - Container 9 is synced with bcsId 81.
2021-01-29 15:28:56,523 [Command processor thread] INFO  server.RaftServer (RaftServerProxy.java:remove(106)) - e29fa1fa-05e1-4a0c-9aa8-f5147e66917e: remove  FOLLOWER e29fa1fa-05e1-4a0c-9aa8-f5147e66917e@group-C890AF39A67A:t1, leader=abd5dbec-f275-43c0-9ba5-e9315d47b38d, voted=abd5dbec-f275-43c0-9ba5-e9315d47b38d, raftlog=e29fa1fa-05e1-4a0c-9aa8-f5147e66917e@group-C890AF39A67A-SegmentedRaftLog:OPENED:c121,f121,i125, conf=0: [e9b6cb55-ded4-4b6d-beb1-e0e1d0ea549d|rpc:172.17.0.2:44997|admin:|client:|dataStream:|priority:0, abd5dbec-f275-43c0-9ba5-e9315d47b38d|rpc:172.17.0.2:36211|admin:|client:|dataStream:|priority:1, e29fa1fa-05e1-4a0c-9aa8-f5147e66917e|rpc:172.17.0.2:34647|admin:|client:|dataStream:|priority:0], old=null RUNNING
2021-01-29 15:28:56,523 [Command processor thread] INFO  server.RaftServer$Division (RaftServerImpl.java:lambda$close$4(406)) - e29fa1fa-05e1-4a0c-9aa8-f5147e66917e@group-C890AF39A67A: shutdown
2021-01-29 15:28:56,523 [Command processor thread] INFO  util.JmxRegister (JmxRegister.java:unregister(73)) - Successfully un-registered JMX Bean with object name Ratis:service=RaftServer,group=group-C890AF39A67A,id=e29fa1fa-05e1-4a0c-9aa8-f5147e66917e
2021-01-29 15:28:56,523 [Command processor thread] INFO  impl.RoleInfo (RoleInfo.java:shutdownFollowerState(108)) - e29fa1fa-05e1-4a0c-9aa8-f5147e66917e: shutdown e29fa1fa-05e1-4a0c-9aa8-f5147e66917e@group-C890AF39A67A-FollowerState
2021-01-29 15:28:56,523 [Command processor thread] INFO  impl.StateMachineUpdater (StateMachineUpdater.java:stopAndJoin(148)) - e29fa1fa-05e1-4a0c-9aa8-f5147e66917e@group-C890AF39A67A-StateMachineUpdater: set stopIndex = 121
2021-01-29 15:28:56,523 [Command processor thread] ERROR commandhandler.ClosePipelineCommandHandler (ClosePipelineCommandHandler.java:handle(78)) - Can't close pipeline PipelineID=06dd217f-3d6a-4fac-81df-c890af39a67a
java.io.IOException: org.yaml.snakeyaml.error.YAMLException: java.io.IOException: No space left on device
	at org.apache.hadoop.ozone.container.common.transport.server.ratis.XceiverServerRatis.removeGroup(XceiverServerRatis.java:788)
	at org.apache.hadoop.ozone.container.common.statemachine.commandhandler.ClosePipelineCommandHandler.handle(ClosePipelineCommandHandler.java:74)
	at org.apache.hadoop.ozone.container.common.statemachine.commandhandler.CommandDispatcher.handle(CommandDispatcher.java:99)
	at org.apache.hadoop.ozone.container.common.statemachine.DatanodeStateMachine.lambda$initCommandHandlerThread$2(DatanodeStateMachine.java:498)
	at java.lang.Thread.run(Thread.java:748)
Caused by: java.io.IOException: org.yaml.snakeyaml.error.YAMLException: java.io.IOException: No space left on device
	at org.apache.ratis.util.IOUtils.asIOException(IOUtils.java:54)
	at org.apache.ratis.server.impl.RaftServerImpl.waitForReply(RaftServerImpl.java:880)
	at org.apache.ratis.server.impl.RaftServerProxy.groupManagement(RaftServerProxy.java:440)
	at org.apache.hadoop.ozone.container.common.transport.server.ratis.XceiverServerRatis.removeGroup(XceiverServerRatis.java:786)
	... 4 more
Caused by: org.yaml.snakeyaml.error.YAMLException: java.io.IOException: No space left on device
	at org.yaml.snakeyaml.Yaml.dumpAll(Yaml.java:280)
	at org.yaml.snakeyaml.Yaml.dump(Yaml.java:256)
	at org.apache.hadoop.ozone.container.common.impl.ContainerDataYaml.createContainerFile(ContainerDataYaml.java:96)
	at org.apache.hadoop.ozone.container.keyvalue.KeyValueContainer.writeToContainerFile(KeyValueContainer.java:214)
	at org.apache.hadoop.ozone.container.keyvalue.KeyValueContainer.updateContainerFile(KeyValueContainer.java:248)
	at org.apache.hadoop.ozone.container.keyvalue.KeyValueContainer.updateContainerData(KeyValueContainer.java:358)
	at org.apache.hadoop.ozone.container.keyvalue.KeyValueContainer.quasiClose(KeyValueContainer.java:306)
	at org.apache.hadoop.ozone.container.keyvalue.KeyValueHandler.quasiCloseContainer(KeyValueHandler.java:997)
	at org.apache.hadoop.ozone.container.ozoneimpl.ContainerController.quasiCloseContainer(ContainerController.java:119)
	at org.apache.hadoop.ozone.container.common.transport.server.ratis.ContainerStateMachine.notifyGroupRemove(ContainerStateMachine.java:884)
	at org.apache.ratis.server.impl.RaftServerImpl.groupRemove(RaftServerImpl.java:371)
	at org.apache.ratis.server.impl.RaftServerProxy.lambda$groupRemoveAsync$14(RaftServerProxy.java:507)
	at java.util.concurrent.CompletableFuture.uniApply(CompletableFuture.java:616)
	at java.util.concurrent.CompletableFuture.uniApplyStage(CompletableFuture.java:628)
	at java.util.concurrent.CompletableFuture.thenApply(CompletableFuture.java:1996)
	at org.apache.ratis.server.impl.RaftServerProxy.groupRemoveAsync(RaftServerProxy.java:506)
	at org.apache.ratis.server.impl.RaftServerProxy.groupManagementAsync(RaftServerProxy.java:460)
	... 6 more
Caused by: java.io.IOException: No space left on device
	at java.io.FileOutputStream.writeBytes(Native Method)
	at java.io.FileOutputStream.write(FileOutputStream.java:326)
	at sun.nio.cs.StreamEncoder.writeBytes(StreamEncoder.java:221)
	at sun.nio.cs.StreamEncoder.implFlushBuffer(StreamEncoder.java:291)
	at sun.nio.cs.StreamEncoder.implFlush(StreamEncoder.java:295)
	at sun.nio.cs.StreamEncoder.flush(StreamEncoder.java:141)
	at java.io.OutputStreamWriter.flush(OutputStreamWriter.java:229)
	at org.yaml.snakeyaml.emitter.Emitter.flushStream(Emitter.java:1078)
	at org.yaml.snakeyaml.emitter.Emitter$ExpectDocumentEnd.expect(Emitter.java:368)
	at org.yaml.snakeyaml.emitter.Emitter.emit(Emitter.java:220)
	at org.yaml.snakeyaml.serializer.Serializer.serialize(Serializer.java:115)
	at org.yaml.snakeyaml.Yaml.dumpAll(Yaml.java:276)
	... 22 more
2021-01-29 15:28:56,523 [Thread-329] INFO  impl.FollowerState (FollowerState.java:run(142)) - e29fa1fa-05e1-4a0c-9aa8-f5147e66917e@group-C890AF39A67A-FollowerState was interrupted: {}
java.lang.InterruptedException: sleep interrupted
	at java.lang.Thread.sleep(Native Method)
	at java.lang.Thread.sleep(Thread.java:340)
	at java.util.concurrent.TimeUnit.sleep(TimeUnit.java:386)
	at org.apache.ratis.util.TimeDuration.sleep(TimeDuration.java:324)
	at org.apache.ratis.util.TimeDuration.sleep(TimeDuration.java:309)
	at org.apache.ratis.server.impl.FollowerState.run(FollowerState.java:117)
2021-01-29 15:28:56,523 [e29fa1fa-05e1-4a0c-9aa8-f5147e66917e@group-C890AF39A67A-StateMachineUpdater] ERROR ratis.ContainerStateMachine (ContainerStateMachine.java:takeSnapshot(285)) - Failed to take snapshot  for group-C890AF39A67A as the stateMachine is unhealthy. The last applied index is at (t:1, i:121)
2021-01-29 15:28:56,525 [e29fa1fa-05e1-4a0c-9aa8-f5147e66917e@group-C890AF39A67A-StateMachineUpdater] ERROR impl.StateMachineUpdater (StateMachineUpdater.java:takeSnapshot(274)) - e29fa1fa-05e1-4a0c-9aa8-f5147e66917e@group-C890AF39A67A-StateMachineUpdater: Failed to take snapshot
org.apache.ratis.protocol.exceptions.StateMachineException: Failed to take snapshot  for group-C890AF39A67A as the stateMachine is unhealthy. The last applied index is at (t:1, i:121)
	at org.apache.hadoop.ozone.container.common.transport.server.ratis.ContainerStateMachine.takeSnapshot(ContainerStateMachine.java:284)
	at org.apache.ratis.server.impl.StateMachineUpdater.takeSnapshot(StateMachineUpdater.java:263)
	at org.apache.ratis.server.impl.StateMachineUpdater.checkAndTakeSnapshot(StateMachineUpdater.java:255)
	at org.apache.ratis.server.impl.StateMachineUpdater.run(StateMachineUpdater.java:178)
	at java.lang.Thread.run(Thread.java:748)
2021-01-29 15:28:56,525 [e29fa1fa-05e1-4a0c-9aa8-f5147e66917e@group-C890AF39A67A-StateMachineUpdater] ERROR ratis.ContainerStateMachine (ContainerStateMachine.java:takeSnapshot(285)) - Failed to take snapshot  for group-C890AF39A67A as the stateMachine is unhealthy. The last applied index is at (t:1, i:121)
2021-01-29 15:28:56,525 [e29fa1fa-05e1-4a0c-9aa8-f5147e66917e@group-C890AF39A67A-StateMachineUpdater] ERROR impl.StateMachineUpdater (StateMachineUpdater.java:takeSnapshot(274)) - e29fa1fa-05e1-4a0c-9aa8-f5147e66917e@group-C890AF39A67A-StateMachineUpdater: Failed to take snapshot
org.apache.ratis.protocol.exceptions.StateMachineException: Failed to take snapshot  for group-C890AF39A67A as the stateMachine is unhealthy. The last applied index is at (t:1, i:121)
	at org.apache.hadoop.ozone.container.common.transport.server.ratis.ContainerStateMachine.takeSnapshot(ContainerStateMachine.java:284)
	at org.apache.ratis.server.impl.StateMachineUpdater.takeSnapshot(StateMachineUpdater.java:263)
	at org.apache.ratis.server.impl.StateMachineUpdater.checkAndTakeSnapshot(StateMachineUpdater.java:255)
	at org.apache.ratis.server.impl.StateMachineUpdater.run(StateMachineUpdater.java:181)
	at java.lang.Thread.run(Thread.java:748)
2021-01-29 15:28:56,524 [Command processor thread] WARN  server.RaftServer (RaftServerProxy.java:remove(101)) - abd5dbec-f275-43c0-9ba5-e9315d47b38d: does not contain group: group-C890AF39A67A
2021-01-29 15:28:56,525 [Command processor thread] ERROR commandhandler.ClosePipelineCommandHandler (ClosePipelineCommandHandler.java:handle(78)) - Can't close pipeline PipelineID=06dd217f-3d6a-4fac-81df-c890af39a67a
java.io.IOException: abd5dbec-f275-43c0-9ba5-e9315d47b38d: Group group-C890AF39A67A not found.
	at org.apache.hadoop.ozone.container.common.transport.server.ratis.XceiverServerRatis.removeGroup(XceiverServerRatis.java:788)
	at org.apache.hadoop.ozone.container.common.statemachine.commandhandler.ClosePipelineCommandHandler.handle(ClosePipelineCommandHandler.java:74)
	at org.apache.hadoop.ozone.container.common.statemachine.commandhandler.CommandDispatcher.handle(CommandDispatcher.java:99)
	at org.apache.hadoop.ozone.container.common.statemachine.DatanodeStateMachine.lambda$initCommandHandlerThread$2(DatanodeStateMachine.java:498)
	at java.lang.Thread.run(Thread.java:748)
Caused by: org.apache.ratis.protocol.exceptions.GroupMismatchException: abd5dbec-f275-43c0-9ba5-e9315d47b38d: Group group-C890AF39A67A not found.
	at org.apache.ratis.server.impl.RaftServerProxy.groupRemoveAsync(RaftServerProxy.java:504)
	at org.apache.ratis.server.impl.RaftServerProxy.groupManagementAsync(RaftServerProxy.java:460)
	at org.apache.ratis.server.impl.RaftServerProxy.groupManagement(RaftServerProxy.java:440)
	at org.apache.hadoop.ozone.container.common.transport.server.ratis.XceiverServerRatis.removeGroup(XceiverServerRatis.java:786)
	... 4 more
2021-01-29 15:28:56,525 [Command processor thread] WARN  server.RaftServer (RaftServerProxy.java:remove(101)) - abd5dbec-f275-43c0-9ba5-e9315d47b38d: does not contain group: group-C890AF39A67A
2021-01-29 15:28:56,525 [Command processor thread] ERROR commandhandler.ClosePipelineCommandHandler (ClosePipelineCommandHandler.java:handle(78)) - Can't close pipeline PipelineID=06dd217f-3d6a-4fac-81df-c890af39a67a
java.io.IOException: abd5dbec-f275-43c0-9ba5-e9315d47b38d: Group group-C890AF39A67A not found.
	at org.apache.hadoop.ozone.container.common.transport.server.ratis.XceiverServerRatis.removeGroup(XceiverServerRatis.java:788)
	at org.apache.hadoop.ozone.container.common.statemachine.commandhandler.ClosePipelineCommandHandler.handle(ClosePipelineCommandHandler.java:74)
	at org.apache.hadoop.ozone.container.common.statemachine.commandhandler.CommandDispatcher.handle(CommandDispatcher.java:99)
	at org.apache.hadoop.ozone.container.common.statemachine.DatanodeStateMachine.lambda$initCommandHandlerThread$2(DatanodeStateMachine.java:498)
	at java.lang.Thread.run(Thread.java:748)
Caused by: org.apache.ratis.protocol.exceptions.GroupMismatchException: abd5dbec-f275-43c0-9ba5-e9315d47b38d: Group group-C890AF39A67A not found.
	at org.apache.ratis.server.impl.RaftServerProxy.groupRemoveAsync(RaftServerProxy.java:504)
	at org.apache.ratis.server.impl.RaftServerProxy.groupManagementAsync(RaftServerProxy.java:460)
	at org.apache.ratis.server.impl.RaftServerProxy.groupManagement(RaftServerProxy.java:440)
	at org.apache.hadoop.ozone.container.common.transport.server.ratis.XceiverServerRatis.removeGroup(XceiverServerRatis.java:786)
	... 4 more
2021-01-29 15:28:56,525 [Command processor thread] WARN  server.RaftServer (RaftServerProxy.java:remove(101)) - abd5dbec-f275-43c0-9ba5-e9315d47b38d: does not contain group: group-C890AF39A67A
2021-01-29 15:28:56,525 [Command processor thread] ERROR commandhandler.ClosePipelineCommandHandler (ClosePipelineCommandHandler.java:handle(78)) - Can't close pipeline PipelineID=06dd217f-3d6a-4fac-81df-c890af39a67a
java.io.IOException: abd5dbec-f275-43c0-9ba5-e9315d47b38d: Group group-C890AF39A67A not found.
	at org.apache.hadoop.ozone.container.common.transport.server.ratis.XceiverServerRatis.removeGroup(XceiverServerRatis.java:788)
	at org.apache.hadoop.ozone.container.common.statemachine.commandhandler.ClosePipelineCommandHandler.handle(ClosePipelineCommandHandler.java:74)
	at org.apache.hadoop.ozone.container.common.statemachine.commandhandler.CommandDispatcher.handle(CommandDispatcher.java:99)
	at org.apache.hadoop.ozone.container.common.statemachine.DatanodeStateMachine.lambda$initCommandHandlerThread$2(DatanodeStateMachine.java:498)
	at java.lang.Thread.run(Thread.java:748)
Caused by: org.apache.ratis.protocol.exceptions.GroupMismatchException: abd5dbec-f275-43c0-9ba5-e9315d47b38d: Group group-C890AF39A67A not found.
	at org.apache.ratis.server.impl.RaftServerProxy.groupRemoveAsync(RaftServerProxy.java:504)
	at org.apache.ratis.server.impl.RaftServerProxy.groupManagementAsync(RaftServerProxy.java:460)
	at org.apache.ratis.server.impl.RaftServerProxy.groupManagement(RaftServerProxy.java:440)
	at org.apache.hadoop.ozone.container.common.transport.server.ratis.XceiverServerRatis.removeGroup(XceiverServerRatis.java:786)
	... 4 more
2021-01-29 15:28:56,526 [Command processor thread] WARN  server.RaftServer (RaftServerProxy.java:remove(101)) - abd5dbec-f275-43c0-9ba5-e9315d47b38d: does not contain group: group-C890AF39A67A
2021-01-29 15:28:56,526 [Command processor thread] ERROR commandhandler.ClosePipelineCommandHandler (ClosePipelineCommandHandler.java:handle(78)) - Can't close pipeline PipelineID=06dd217f-3d6a-4fac-81df-c890af39a67a
java.io.IOException: abd5dbec-f275-43c0-9ba5-e9315d47b38d: Group group-C890AF39A67A not found.
	at org.apache.hadoop.ozone.container.common.transport.server.ratis.XceiverServerRatis.removeGroup(XceiverServerRatis.java:788)
	at org.apache.hadoop.ozone.container.common.statemachine.commandhandler.ClosePipelineCommandHandler.handle(ClosePipelineCommandHandler.java:74)
	at org.apache.hadoop.ozone.container.common.statemachine.commandhandler.CommandDispatcher.handle(CommandDispatcher.java:99)
	at org.apache.hadoop.ozone.container.common.statemachine.DatanodeStateMachine.lambda$initCommandHandlerThread$2(DatanodeStateMachine.java:498)
	at java.lang.Thread.run(Thread.java:748)
Caused by: org.apache.ratis.protocol.exceptions.GroupMismatchException: abd5dbec-f275-43c0-9ba5-e9315d47b38d: Group group-C890AF39A67A not found.
	at org.apache.ratis.server.impl.RaftServerProxy.groupRemoveAsync(RaftServerProxy.java:504)
	at org.apache.ratis.server.impl.RaftServerProxy.groupManagementAsync(RaftServerProxy.java:460)
	at org.apache.ratis.server.impl.RaftServerProxy.groupManagement(RaftServerProxy.java:440)
	at org.apache.hadoop.ozone.container.common.transport.server.ratis.XceiverServerRatis.removeGroup(XceiverServerRatis.java:786)
	... 4 more
2021-01-29 15:28:56,526 [Command processor thread] WARN  server.RaftServer (RaftServerProxy.java:remove(101)) - abd5dbec-f275-43c0-9ba5-e9315d47b38d: does not contain group: group-C890AF39A67A
2021-01-29 15:28:56,526 [Command processor thread] ERROR commandhandler.ClosePipelineCommandHandler (ClosePipelineCommandHandler.java:handle(78)) - Can't close pipeline PipelineID=06dd217f-3d6a-4fac-81df-c890af39a67a
java.io.IOException: abd5dbec-f275-43c0-9ba5-e9315d47b38d: Group group-C890AF39A67A not found.
	at org.apache.hadoop.ozone.container.common.transport.server.ratis.XceiverServerRatis.removeGroup(XceiverServerRatis.java:788)
	at org.apache.hadoop.ozone.container.common.statemachine.commandhandler.ClosePipelineCommandHandler.handle(ClosePipelineCommandHandler.java:74)
	at org.apache.hadoop.ozone.container.common.statemachine.commandhandler.CommandDispatcher.handle(CommandDispatcher.java:99)
	at org.apache.hadoop.ozone.container.common.statemachine.DatanodeStateMachine.lambda$initCommandHandlerThread$2(DatanodeStateMachine.java:498)
	at java.lang.Thread.run(Thread.java:748)
Caused by: org.apache.ratis.protocol.exceptions.GroupMismatchException: abd5dbec-f275-43c0-9ba5-e9315d47b38d: Group group-C890AF39A67A not found.
	at org.apache.ratis.server.impl.RaftServerProxy.groupRemoveAsync(RaftServerProxy.java:504)
	at org.apache.ratis.server.impl.RaftServerProxy.groupManagementAsync(RaftServerProxy.java:460)
	at org.apache.ratis.server.impl.RaftServerProxy.groupManagement(RaftServerProxy.java:440)
	at org.apache.hadoop.ozone.container.common.transport.server.ratis.XceiverServerRatis.removeGroup(XceiverServerRatis.java:786)
	... 4 more
2021-01-29 15:28:56,526 [Command processor thread] WARN  server.RaftServer (RaftServerProxy.java:remove(101)) - abd5dbec-f275-43c0-9ba5-e9315d47b38d: does not contain group: group-C890AF39A67A
2021-01-29 15:28:56,526 [Command processor thread] ERROR commandhandler.ClosePipelineCommandHandler (ClosePipelineCommandHandler.java:handle(78)) - Can't close pipeline PipelineID=06dd217f-3d6a-4fac-81df-c890af39a67a
java.io.IOException: abd5dbec-f275-43c0-9ba5-e9315d47b38d: Group group-C890AF39A67A not found.
	at org.apache.hadoop.ozone.container.common.transport.server.ratis.XceiverServerRatis.removeGroup(XceiverServerRatis.java:788)
	at org.apache.hadoop.ozone.container.common.statemachine.commandhandler.ClosePipelineCommandHandler.handle(ClosePipelineCommandHandler.java:74)
	at org.apache.hadoop.ozone.container.common.statemachine.commandhandler.CommandDispatcher.handle(CommandDispatcher.java:99)
	at org.apache.hadoop.ozone.container.common.statemachine.DatanodeStateMachine.lambda$initCommandHandlerThread$2(DatanodeStateMachine.java:498)
	at java.lang.Thread.run(Thread.java:748)
Caused by: org.apache.ratis.protocol.exceptions.GroupMismatchException: abd5dbec-f275-43c0-9ba5-e9315d47b38d: Group group-C890AF39A67A not found.
	at org.apache.ratis.server.impl.RaftServerProxy.groupRemoveAsync(RaftServerProxy.java:504)
	at org.apache.ratis.server.impl.RaftServerProxy.groupManagementAsync(RaftServerProxy.java:460)
	at org.apache.ratis.server.impl.RaftServerProxy.groupManagement(RaftServerProxy.java:440)
	at org.apache.hadoop.ozone.container.common.transport.server.ratis.XceiverServerRatis.removeGroup(XceiverServerRatis.java:786)
	... 4 more
2021-01-29 15:28:56,526 [Command processor thread] WARN  server.RaftServer (RaftServerProxy.java:remove(101)) - abd5dbec-f275-43c0-9ba5-e9315d47b38d: does not contain group: group-C890AF39A67A
2021-01-29 15:28:56,526 [Command processor thread] ERROR commandhandler.ClosePipelineCommandHandler (ClosePipelineCommandHandler.java:handle(78)) - Can't close pipeline PipelineID=06dd217f-3d6a-4fac-81df-c890af39a67a
java.io.IOException: abd5dbec-f275-43c0-9ba5-e9315d47b38d: Group group-C890AF39A67A not found.
	at org.apache.hadoop.ozone.container.common.transport.server.ratis.XceiverServerRatis.removeGroup(XceiverServerRatis.java:788)
	at org.apache.hadoop.ozone.container.common.statemachine.commandhandler.ClosePipelineCommandHandler.handle(ClosePipelineCommandHandler.java:74)
	at org.apache.hadoop.ozone.container.common.statemachine.commandhandler.CommandDispatcher.handle(CommandDispatcher.java:99)
	at org.apache.hadoop.ozone.container.common.statemachine.DatanodeStateMachine.lambda$initCommandHandlerThread$2(DatanodeStateMachine.java:498)
	at java.lang.Thread.run(Thread.java:748)
Caused by: org.apache.ratis.protocol.exceptions.GroupMismatchException: abd5dbec-f275-43c0-9ba5-e9315d47b38d: Group group-C890AF39A67A not found.
	at org.apache.ratis.server.impl.RaftServerProxy.groupRemoveAsync(RaftServerProxy.java:504)
	at org.apache.ratis.server.impl.RaftServerProxy.groupManagementAsync(RaftServerProxy.java:460)
	at org.apache.ratis.server.impl.RaftServerProxy.groupManagement(RaftServerProxy.java:440)
	at org.apache.hadoop.ozone.container.common.transport.server.ratis.XceiverServerRatis.removeGroup(XceiverServerRatis.java:786)
	... 4 more
2021-01-29 15:28:56,526 [Command processor thread] WARN  server.RaftServer (RaftServerProxy.java:remove(101)) - abd5dbec-f275-43c0-9ba5-e9315d47b38d: does not contain group: group-C890AF39A67A
2021-01-29 15:28:56,526 [Command processor thread] ERROR commandhandler.ClosePipelineCommandHandler (ClosePipelineCommandHandler.java:handle(78)) - Can't close pipeline PipelineID=06dd217f-3d6a-4fac-81df-c890af39a67a
java.io.IOException: abd5dbec-f275-43c0-9ba5-e9315d47b38d: Group group-C890AF39A67A not found.
	at org.apache.hadoop.ozone.container.common.transport.server.ratis.XceiverServerRatis.removeGroup(XceiverServerRatis.java:788)
	at org.apache.hadoop.ozone.container.common.statemachine.commandhandler.ClosePipelineCommandHandler.handle(ClosePipelineCommandHandler.java:74)
	at org.apache.hadoop.ozone.container.common.statemachine.commandhandler.CommandDispatcher.handle(CommandDispatcher.java:99)
	at org.apache.hadoop.ozone.container.common.statemachine.DatanodeStateMachine.lambda$initCommandHandlerThread$2(DatanodeStateMachine.java:498)
	at java.lang.Thread.run(Thread.java:748)
Caused by: org.apache.ratis.protocol.exceptions.GroupMismatchException: abd5dbec-f275-43c0-9ba5-e9315d47b38d: Group group-C890AF39A67A not found.
	at org.apache.ratis.server.impl.RaftServerProxy.groupRemoveAsync(RaftServerProxy.java:504)
	at org.apache.ratis.server.impl.RaftServerProxy.groupManagementAsync(RaftServerProxy.java:460)
	at org.apache.ratis.server.impl.RaftServerProxy.groupManagement(RaftServerProxy.java:440)
	at org.apache.hadoop.ozone.container.common.transport.server.ratis.XceiverServerRatis.removeGroup(XceiverServerRatis.java:786)
	... 4 more
2021-01-29 15:28:56,526 [Command processor thread] WARN  server.RaftServer (RaftServerProxy.java:remove(101)) - abd5dbec-f275-43c0-9ba5-e9315d47b38d: does not contain group: group-C890AF39A67A
2021-01-29 15:28:56,527 [Command processor thread] ERROR commandhandler.ClosePipelineCommandHandler (ClosePipelineCommandHandler.java:handle(78)) - Can't close pipeline PipelineID=06dd217f-3d6a-4fac-81df-c890af39a67a
java.io.IOException: abd5dbec-f275-43c0-9ba5-e9315d47b38d: Group group-C890AF39A67A not found.
	at org.apache.hadoop.ozone.container.common.transport.server.ratis.XceiverServerRatis.removeGroup(XceiverServerRatis.java:788)
	at org.apache.hadoop.ozone.container.common.statemachine.commandhandler.ClosePipelineCommandHandler.handle(ClosePipelineCommandHandler.java:74)
	at org.apache.hadoop.ozone.container.common.statemachine.commandhandler.CommandDispatcher.handle(CommandDispatcher.java:99)
	at org.apache.hadoop.ozone.container.common.statemachine.DatanodeStateMachine.lambda$initCommandHandlerThread$2(DatanodeStateMachine.java:498)
	at java.lang.Thread.run(Thread.java:748)
Caused by: org.apache.ratis.protocol.exceptions.GroupMismatchException: abd5dbec-f275-43c0-9ba5-e9315d47b38d: Group group-C890AF39A67A not found.
	at org.apache.ratis.server.impl.RaftServerProxy.groupRemoveAsync(RaftServerProxy.java:504)
	at org.apache.ratis.server.impl.RaftServerProxy.groupManagementAsync(RaftServerProxy.java:460)
	at org.apache.ratis.server.impl.RaftServerProxy.groupManagement(RaftServerProxy.java:440)
	at org.apache.hadoop.ozone.container.common.transport.server.ratis.XceiverServerRatis.removeGroup(XceiverServerRatis.java:786)
	... 4 more
2021-01-29 15:28:56,527 [Command processor thread] WARN  server.RaftServer (RaftServerProxy.java:remove(101)) - abd5dbec-f275-43c0-9ba5-e9315d47b38d: does not contain group: group-C890AF39A67A
2021-01-29 15:28:56,527 [Command processor thread] ERROR commandhandler.ClosePipelineCommandHandler (ClosePipelineCommandHandler.java:handle(78)) - Can't close pipeline PipelineID=06dd217f-3d6a-4fac-81df-c890af39a67a
java.io.IOException: abd5dbec-f275-43c0-9ba5-e9315d47b38d: Group group-C890AF39A67A not found.
	at org.apache.hadoop.ozone.container.common.transport.server.ratis.XceiverServerRatis.removeGroup(XceiverServerRatis.java:788)
	at org.apache.hadoop.ozone.container.common.statemachine.commandhandler.ClosePipelineCommandHandler.handle(ClosePipelineCommandHandler.java:74)
	at org.apache.hadoop.ozone.container.common.statemachine.commandhandler.CommandDispatcher.handle(CommandDispatcher.java:99)
	at org.apache.hadoop.ozone.container.common.statemachine.DatanodeStateMachine.lambda$initCommandHandlerThread$2(DatanodeStateMachine.java:498)
	at java.lang.Thread.run(Thread.java:748)
Caused by: org.apache.ratis.protocol.exceptions.GroupMismatchException: abd5dbec-f275-43c0-9ba5-e9315d47b38d: Group group-C890AF39A67A not found.
	at org.apache.ratis.server.impl.RaftServerProxy.groupRemoveAsync(RaftServerProxy.java:504)
	at org.apache.ratis.server.impl.RaftServerProxy.groupManagementAsync(RaftServerProxy.java:460)
	at org.apache.ratis.server.impl.RaftServerProxy.groupManagement(RaftServerProxy.java:440)
	at org.apache.hadoop.ozone.container.common.transport.server.ratis.XceiverServerRatis.removeGroup(XceiverServerRatis.java:786)
	... 4 more
2021-01-29 15:28:56,527 [Command processor thread] WARN  server.RaftServer (RaftServerProxy.java:remove(101)) - abd5dbec-f275-43c0-9ba5-e9315d47b38d: does not contain group: group-C890AF39A67A
2021-01-29 15:28:56,527 [Command processor thread] ERROR commandhandler.ClosePipelineCommandHandler (ClosePipelineCommandHandler.java:handle(78)) - Can't close pipeline PipelineID=06dd217f-3d6a-4fac-81df-c890af39a67a
java.io.IOException: abd5dbec-f275-43c0-9ba5-e9315d47b38d: Group group-C890AF39A67A not found.
	at org.apache.hadoop.ozone.container.common.transport.server.ratis.XceiverServerRatis.removeGroup(XceiverServerRatis.java:788)
	at org.apache.hadoop.ozone.container.common.statemachine.commandhandler.ClosePipelineCommandHandler.handle(ClosePipelineCommandHandler.java:74)
	at org.apache.hadoop.ozone.container.common.statemachine.commandhandler.CommandDispatcher.handle(CommandDispatcher.java:99)
	at org.apache.hadoop.ozone.container.common.statemachine.DatanodeStateMachine.lambda$initCommandHandlerThread$2(DatanodeStateMachine.java:498)
	at java.lang.Thread.run(Thread.java:748)
Caused by: org.apache.ratis.protocol.exceptions.GroupMismatchException: abd5dbec-f275-43c0-9ba5-e9315d47b38d: Group group-C890AF39A67A not found.
	at org.apache.ratis.server.impl.RaftServerProxy.groupRemoveAsync(RaftServerProxy.java:504)
	at org.apache.ratis.server.impl.RaftServerProxy.groupManagementAsync(RaftServerProxy.java:460)
	at org.apache.ratis.server.impl.RaftServerProxy.groupManagement(RaftServerProxy.java:440)
	at org.apache.hadoop.ozone.container.common.transport.server.ratis.XceiverServerRatis.removeGroup(XceiverServerRatis.java:786)
	... 4 more
2021-01-29 15:28:56,527 [Command processor thread] WARN  server.RaftServer (RaftServerProxy.java:remove(101)) - abd5dbec-f275-43c0-9ba5-e9315d47b38d: does not contain group: group-C890AF39A67A
2021-01-29 15:28:56,527 [Command processor thread] ERROR commandhandler.ClosePipelineCommandHandler (ClosePipelineCommandHandler.java:handle(78)) - Can't close pipeline PipelineID=06dd217f-3d6a-4fac-81df-c890af39a67a
java.io.IOException: abd5dbec-f275-43c0-9ba5-e9315d47b38d: Group group-C890AF39A67A not found.
	at org.apache.hadoop.ozone.container.common.transport.server.ratis.XceiverServerRatis.removeGroup(XceiverServerRatis.java:788)
	at org.apache.hadoop.ozone.container.common.statemachine.commandhandler.ClosePipelineCommandHandler.handle(ClosePipelineCommandHandler.java:74)
	at org.apache.hadoop.ozone.container.common.statemachine.commandhandler.CommandDispatcher.handle(CommandDispatcher.java:99)
	at org.apache.hadoop.ozone.container.common.statemachine.DatanodeStateMachine.lambda$initCommandHandlerThread$2(DatanodeStateMachine.java:498)
	at java.lang.Thread.run(Thread.java:748)
Caused by: org.apache.ratis.protocol.exceptions.GroupMismatchException: abd5dbec-f275-43c0-9ba5-e9315d47b38d: Group group-C890AF39A67A not found.
	at org.apache.ratis.server.impl.RaftServerProxy.groupRemoveAsync(RaftServerProxy.java:504)
	at org.apache.ratis.server.impl.RaftServerProxy.groupManagementAsync(RaftServerProxy.java:460)
	at org.apache.ratis.server.impl.RaftServerProxy.groupManagement(RaftServerProxy.java:440)
	at org.apache.hadoop.ozone.container.common.transport.server.ratis.XceiverServerRatis.removeGroup(XceiverServerRatis.java:786)
	... 4 more
2021-01-29 15:28:56,527 [Command processor thread] WARN  server.RaftServer (RaftServerProxy.java:remove(101)) - abd5dbec-f275-43c0-9ba5-e9315d47b38d: does not contain group: group-C890AF39A67A
2021-01-29 15:28:56,527 [Command processor thread] ERROR commandhandler.ClosePipelineCommandHandler (ClosePipelineCommandHandler.java:handle(78)) - Can't close pipeline PipelineID=06dd217f-3d6a-4fac-81df-c890af39a67a
java.io.IOException: abd5dbec-f275-43c0-9ba5-e9315d47b38d: Group group-C890AF39A67A not found.
	at org.apache.hadoop.ozone.container.common.transport.server.ratis.XceiverServerRatis.removeGroup(XceiverServerRatis.java:788)
	at org.apache.hadoop.ozone.container.common.statemachine.commandhandler.ClosePipelineCommandHandler.handle(ClosePipelineCommandHandler.java:74)
	at org.apache.hadoop.ozone.container.common.statemachine.commandhandler.CommandDispatcher.handle(CommandDispatcher.java:99)
	at org.apache.hadoop.ozone.container.common.statemachine.DatanodeStateMachine.lambda$initCommandHandlerThread$2(DatanodeStateMachine.java:498)
	at java.lang.Thread.run(Thread.java:748)
Caused by: org.apache.ratis.protocol.exceptions.GroupMismatchException: abd5dbec-f275-43c0-9ba5-e9315d47b38d: Group group-C890AF39A67A not found.
	at org.apache.ratis.server.impl.RaftServerProxy.groupRemoveAsync(RaftServerProxy.java:504)
	at org.apache.ratis.server.impl.RaftServerProxy.groupManagementAsync(RaftServerProxy.java:460)
	at org.apache.ratis.server.impl.RaftServerProxy.groupManagement(RaftServerProxy.java:440)
	at org.apache.hadoop.ozone.container.common.transport.server.ratis.XceiverServerRatis.removeGroup(XceiverServerRatis.java:786)
	... 4 more
2021-01-29 15:28:56,525 [e29fa1fa-05e1-4a0c-9aa8-f5147e66917e@group-C890AF39A67A-StateMachineUpdater] INFO  metrics.RatisMetrics (RatisMetrics.java:unregister(43)) - Unregistering Metrics Registry : ratis.state_machine.e29fa1fa-05e1-4a0c-9aa8-f5147e66917e@group-C890AF39A67A
2021-01-29 15:28:56,529 [Command processor thread] INFO  server.RaftServer$Division (ServerState.java:close(405)) - e29fa1fa-05e1-4a0c-9aa8-f5147e66917e@group-C890AF39A67A: closes. applyIndex: 121
2021-01-29 15:28:56,529 [e29fa1fa-05e1-4a0c-9aa8-f5147e66917e@group-C890AF39A67A-SegmentedRaftLogWorker] INFO  segmented.SegmentedRaftLogWorker (SegmentedRaftLogWorker.java:run(326)) - e29fa1fa-05e1-4a0c-9aa8-f5147e66917e@group-C890AF39A67A-SegmentedRaftLogWorker was interrupted, exiting. There are 0 tasks remaining in the queue.
2021-01-29 15:28:56,537 [Command processor thread] INFO  segmented.SegmentedRaftLogWorker (SegmentedRaftLogWorker.java:close(236)) - e29fa1fa-05e1-4a0c-9aa8-f5147e66917e@group-C890AF39A67A-SegmentedRaftLogWorker close()
2021-01-29 15:28:56,537 [Command processor thread] INFO  metrics.RatisMetrics (RatisMetrics.java:unregister(43)) - Unregistering Metrics Registry : ratis.log_worker.e29fa1fa-05e1-4a0c-9aa8-f5147e66917e@group-C890AF39A67A
2021-01-29 15:28:56,538 [Command processor thread] INFO  metrics.RatisMetrics (RatisMetrics.java:unregister(43)) - Unregistering Metrics Registry : ratis.leader_election.e29fa1fa-05e1-4a0c-9aa8-f5147e66917e@group-C890AF39A67A
2021-01-29 15:28:56,538 [Command processor thread] INFO  metrics.RatisMetrics (RatisMetrics.java:unregister(43)) - Unregistering Metrics Registry : ratis.server.e29fa1fa-05e1-4a0c-9aa8-f5147e66917e@group-C890AF39A67A
2021-01-29 15:28:56,538 [Command processor thread] INFO  keyvalue.KeyValueContainer (KeyValueContainer.java:flushAndSyncDB(388)) - Container 9 is synced with bcsId 81.
2021-01-29 15:28:56,539 [Command processor thread] INFO  keyvalue.KeyValueContainer (KeyValueContainer.java:flushAndSyncDB(388)) - Container 9 is synced with bcsId 81.
2021-01-29 15:28:56,540 [Command processor thread] ERROR commandhandler.ClosePipelineCommandHandler (ClosePipelineCommandHandler.java:handle(78)) - Can't close pipeline PipelineID=06dd217f-3d6a-4fac-81df-c890af39a67a
java.io.IOException: org.yaml.snakeyaml.error.YAMLException: java.io.IOException: No space left on device
	at org.apache.hadoop.ozone.container.common.transport.server.ratis.XceiverServerRatis.removeGroup(XceiverServerRatis.java:788)
	at org.apache.hadoop.ozone.container.common.statemachine.commandhandler.ClosePipelineCommandHandler.handle(ClosePipelineCommandHandler.java:74)
	at org.apache.hadoop.ozone.container.common.statemachine.commandhandler.CommandDispatcher.handle(CommandDispatcher.java:99)
	at org.apache.hadoop.ozone.container.common.statemachine.DatanodeStateMachine.lambda$initCommandHandlerThread$2(DatanodeStateMachine.java:498)
	at java.lang.Thread.run(Thread.java:748)
Caused by: java.io.IOException: org.yaml.snakeyaml.error.YAMLException: java.io.IOException: No space left on device
	at org.apache.ratis.util.IOUtils.asIOException(IOUtils.java:54)
	at org.apache.ratis.server.impl.RaftServerImpl.waitForReply(RaftServerImpl.java:880)
	at org.apache.ratis.server.impl.RaftServerProxy.groupManagement(RaftServerProxy.java:440)
	at org.apache.hadoop.ozone.container.common.transport.server.ratis.XceiverServerRatis.removeGroup(XceiverServerRatis.java:786)
	... 4 more
Caused by: org.yaml.snakeyaml.error.YAMLException: java.io.IOException: No space left on device
	at org.yaml.snakeyaml.Yaml.dumpAll(Yaml.java:280)
	at org.yaml.snakeyaml.Yaml.dump(Yaml.java:256)
	at org.apache.hadoop.ozone.container.common.impl.ContainerDataYaml.createContainerFile(ContainerDataYaml.java:96)
	at org.apache.hadoop.ozone.container.keyvalue.KeyValueContainer.writeToContainerFile(KeyValueContainer.java:214)
	at org.apache.hadoop.ozone.container.keyvalue.KeyValueContainer.updateContainerFile(KeyValueContainer.java:248)
	at org.apache.hadoop.ozone.container.keyvalue.KeyValueContainer.updateContainerData(KeyValueContainer.java:358)
	at org.apache.hadoop.ozone.container.keyvalue.KeyValueContainer.quasiClose(KeyValueContainer.java:306)
	at org.apache.hadoop.ozone.container.keyvalue.KeyValueHandler.quasiCloseContainer(KeyValueHandler.java:997)
	at org.apache.hadoop.ozone.container.ozoneimpl.ContainerController.quasiCloseContainer(ContainerController.java:119)
	at org.apache.hadoop.ozone.container.common.transport.server.ratis.ContainerStateMachine.notifyGroupRemove(ContainerStateMachine.java:884)
	at org.apache.ratis.server.impl.RaftServerImpl.groupRemove(RaftServerImpl.java:371)
	at org.apache.ratis.server.impl.RaftServerProxy.lambda$groupRemoveAsync$14(RaftServerProxy.java:507)
	at java.util.concurrent.CompletableFuture.uniApply(CompletableFuture.java:616)
	at java.util.concurrent.CompletableFuture.uniApplyStage(CompletableFuture.java:628)
	at java.util.concurrent.CompletableFuture.thenApply(CompletableFuture.java:1996)
	at org.apache.ratis.server.impl.RaftServerProxy.groupRemoveAsync(RaftServerProxy.java:506)
	at org.apache.ratis.server.impl.RaftServerProxy.groupManagementAsync(RaftServerProxy.java:460)
	... 6 more
Caused by: java.io.IOException: No space left on device
	at java.io.FileOutputStream.writeBytes(Native Method)
	at java.io.FileOutputStream.write(FileOutputStream.java:326)
	at sun.nio.cs.StreamEncoder.writeBytes(StreamEncoder.java:221)
	at sun.nio.cs.StreamEncoder.implFlushBuffer(StreamEncoder.java:291)
	at sun.nio.cs.StreamEncoder.implFlush(StreamEncoder.java:295)
	at sun.nio.cs.StreamEncoder.flush(StreamEncoder.java:141)
	at java.io.OutputStreamWriter.flush(OutputStreamWriter.java:229)
	at org.yaml.snakeyaml.emitter.Emitter.flushStream(Emitter.java:1078)
	at org.yaml.snakeyaml.emitter.Emitter$ExpectDocumentEnd.expect(Emitter.java:368)
	at org.yaml.snakeyaml.emitter.Emitter.emit(Emitter.java:220)
	at org.yaml.snakeyaml.serializer.Serializer.serialize(Serializer.java:115)
	at org.yaml.snakeyaml.Yaml.dumpAll(Yaml.java:276)
	... 22 more
2021-01-29 15:28:56,540 [Command processor thread] WARN  server.RaftServer (RaftServerProxy.java:remove(101)) - e29fa1fa-05e1-4a0c-9aa8-f5147e66917e: does not contain group: group-C890AF39A67A
2021-01-29 15:28:56,540 [Command processor thread] ERROR commandhandler.ClosePipelineCommandHandler (ClosePipelineCommandHandler.java:handle(78)) - Can't close pipeline PipelineID=06dd217f-3d6a-4fac-81df-c890af39a67a
java.io.IOException: e29fa1fa-05e1-4a0c-9aa8-f5147e66917e: Group group-C890AF39A67A not found.
	at org.apache.hadoop.ozone.container.common.transport.server.ratis.XceiverServerRatis.removeGroup(XceiverServerRatis.java:788)
	at org.apache.hadoop.ozone.container.common.statemachine.commandhandler.ClosePipelineCommandHandler.handle(ClosePipelineCommandHandler.java:74)
	at org.apache.hadoop.ozone.container.common.statemachine.commandhandler.CommandDispatcher.handle(CommandDispatcher.java:99)
	at org.apache.hadoop.ozone.container.common.statemachine.DatanodeStateMachine.lambda$initCommandHandlerThread$2(DatanodeStateMachine.java:498)
	at java.lang.Thread.run(Thread.java:748)
Caused by: org.apache.ratis.protocol.exceptions.GroupMismatchException: e29fa1fa-05e1-4a0c-9aa8-f5147e66917e: Group group-C890AF39A67A not found.
	at org.apache.ratis.server.impl.RaftServerProxy.groupRemoveAsync(RaftServerProxy.java:504)
	at org.apache.ratis.server.impl.RaftServerProxy.groupManagementAsync(RaftServerProxy.java:460)
	at org.apache.ratis.server.impl.RaftServerProxy.groupManagement(RaftServerProxy.java:440)
	at org.apache.hadoop.ozone.container.common.transport.server.ratis.XceiverServerRatis.removeGroup(XceiverServerRatis.java:786)
	... 4 more
2021-01-29 15:28:56,541 [Command processor thread] WARN  server.RaftServer (RaftServerProxy.java:remove(101)) - e29fa1fa-05e1-4a0c-9aa8-f5147e66917e: does not contain group: group-C890AF39A67A
2021-01-29 15:28:56,541 [Command processor thread] ERROR commandhandler.ClosePipelineCommandHandler (ClosePipelineCommandHandler.java:handle(78)) - Can't close pipeline PipelineID=06dd217f-3d6a-4fac-81df-c890af39a67a
java.io.IOException: e29fa1fa-05e1-4a0c-9aa8-f5147e66917e: Group group-C890AF39A67A not found.
	at org.apache.hadoop.ozone.container.common.transport.server.ratis.XceiverServerRatis.removeGroup(XceiverServerRatis.java:788)
	at org.apache.hadoop.ozone.container.common.statemachine.commandhandler.ClosePipelineCommandHandler.handle(ClosePipelineCommandHandler.java:74)
	at org.apache.hadoop.ozone.container.common.statemachine.commandhandler.CommandDispatcher.handle(CommandDispatcher.java:99)
	at org.apache.hadoop.ozone.container.common.statemachine.DatanodeStateMachine.lambda$initCommandHandlerThread$2(DatanodeStateMachine.java:498)
	at java.lang.Thread.run(Thread.java:748)
Caused by: org.apache.ratis.protocol.exceptions.GroupMismatchException: e29fa1fa-05e1-4a0c-9aa8-f5147e66917e: Group group-C890AF39A67A not found.
	at org.apache.ratis.server.impl.RaftServerProxy.groupRemoveAsync(RaftServerProxy.java:504)
	at org.apache.ratis.server.impl.RaftServerProxy.groupManagementAsync(RaftServerProxy.java:460)
	at org.apache.ratis.server.impl.RaftServerProxy.groupManagement(RaftServerProxy.java:440)
	at org.apache.hadoop.ozone.container.common.transport.server.ratis.XceiverServerRatis.removeGroup(XceiverServerRatis.java:786)
	... 4 more
2021-01-29 15:28:56,541 [Command processor thread] WARN  server.RaftServer (RaftServerProxy.java:remove(101)) - e29fa1fa-05e1-4a0c-9aa8-f5147e66917e: does not contain group: group-C890AF39A67A
2021-01-29 15:28:56,541 [Command processor thread] ERROR commandhandler.ClosePipelineCommandHandler (ClosePipelineCommandHandler.java:handle(78)) - Can't close pipeline PipelineID=06dd217f-3d6a-4fac-81df-c890af39a67a
java.io.IOException: e29fa1fa-05e1-4a0c-9aa8-f5147e66917e: Group group-C890AF39A67A not found.
	at org.apache.hadoop.ozone.container.common.transport.server.ratis.XceiverServerRatis.removeGroup(XceiverServerRatis.java:788)
	at org.apache.hadoop.ozone.container.common.statemachine.commandhandler.ClosePipelineCommandHandler.handle(ClosePipelineCommandHandler.java:74)
	at org.apache.hadoop.ozone.container.common.statemachine.commandhandler.CommandDispatcher.handle(CommandDispatcher.java:99)
	at org.apache.hadoop.ozone.container.common.statemachine.DatanodeStateMachine.lambda$initCommandHandlerThread$2(DatanodeStateMachine.java:498)
	at java.lang.Thread.run(Thread.java:748)
Caused by: org.apache.ratis.protocol.exceptions.GroupMismatchException: e29fa1fa-05e1-4a0c-9aa8-f5147e66917e: Group group-C890AF39A67A not found.
	at org.apache.ratis.server.impl.RaftServerProxy.groupRemoveAsync(RaftServerProxy.java:504)
	at org.apache.ratis.server.impl.RaftServerProxy.groupManagementAsync(RaftServerProxy.java:460)
	at org.apache.ratis.server.impl.RaftServerProxy.groupManagement(RaftServerProxy.java:440)
	at org.apache.hadoop.ozone.container.common.transport.server.ratis.XceiverServerRatis.removeGroup(XceiverServerRatis.java:786)
	... 4 more
2021-01-29 15:28:56,541 [Command processor thread] WARN  server.RaftServer (RaftServerProxy.java:remove(101)) - e29fa1fa-05e1-4a0c-9aa8-f5147e66917e: does not contain group: group-C890AF39A67A
2021-01-29 15:28:56,541 [Command processor thread] ERROR commandhandler.ClosePipelineCommandHandler (ClosePipelineCommandHandler.java:handle(78)) - Can't close pipeline PipelineID=06dd217f-3d6a-4fac-81df-c890af39a67a
java.io.IOException: e29fa1fa-05e1-4a0c-9aa8-f5147e66917e: Group group-C890AF39A67A not found.
	at org.apache.hadoop.ozone.container.common.transport.server.ratis.XceiverServerRatis.removeGroup(XceiverServerRatis.java:788)
	at org.apache.hadoop.ozone.container.common.statemachine.commandhandler.ClosePipelineCommandHandler.handle(ClosePipelineCommandHandler.java:74)
	at org.apache.hadoop.ozone.container.common.statemachine.commandhandler.CommandDispatcher.handle(CommandDispatcher.java:99)
	at org.apache.hadoop.ozone.container.common.statemachine.DatanodeStateMachine.lambda$initCommandHandlerThread$2(DatanodeStateMachine.java:498)
	at java.lang.Thread.run(Thread.java:748)
Caused by: org.apache.ratis.protocol.exceptions.GroupMismatchException: e29fa1fa-05e1-4a0c-9aa8-f5147e66917e: Group group-C890AF39A67A not found.
	at org.apache.ratis.server.impl.RaftServerProxy.groupRemoveAsync(RaftServerProxy.java:504)
	at org.apache.ratis.server.impl.RaftServerProxy.groupManagementAsync(RaftServerProxy.java:460)
	at org.apache.ratis.server.impl.RaftServerProxy.groupManagement(RaftServerProxy.java:440)
	at org.apache.hadoop.ozone.container.common.transport.server.ratis.XceiverServerRatis.removeGroup(XceiverServerRatis.java:786)
	... 4 more
2021-01-29 15:28:56,541 [Command processor thread] WARN  server.RaftServer (RaftServerProxy.java:remove(101)) - e29fa1fa-05e1-4a0c-9aa8-f5147e66917e: does not contain group: group-C890AF39A67A
2021-01-29 15:28:56,541 [Command processor thread] ERROR commandhandler.ClosePipelineCommandHandler (ClosePipelineCommandHandler.java:handle(78)) - Can't close pipeline PipelineID=06dd217f-3d6a-4fac-81df-c890af39a67a
java.io.IOException: e29fa1fa-05e1-4a0c-9aa8-f5147e66917e: Group group-C890AF39A67A not found.
	at org.apache.hadoop.ozone.container.common.transport.server.ratis.XceiverServerRatis.removeGroup(XceiverServerRatis.java:788)
	at org.apache.hadoop.ozone.container.common.statemachine.commandhandler.ClosePipelineCommandHandler.handle(ClosePipelineCommandHandler.java:74)
	at org.apache.hadoop.ozone.container.common.statemachine.commandhandler.CommandDispatcher.handle(CommandDispatcher.java:99)
	at org.apache.hadoop.ozone.container.common.statemachine.DatanodeStateMachine.lambda$initCommandHandlerThread$2(DatanodeStateMachine.java:498)
	at java.lang.Thread.run(Thread.java:748)
Caused by: org.apache.ratis.protocol.exceptions.GroupMismatchException: e29fa1fa-05e1-4a0c-9aa8-f5147e66917e: Group group-C890AF39A67A not found.
	at org.apache.ratis.server.impl.RaftServerProxy.groupRemoveAsync(RaftServerProxy.java:504)
	at org.apache.ratis.server.impl.RaftServerProxy.groupManagementAsync(RaftServerProxy.java:460)
	at org.apache.ratis.server.impl.RaftServerProxy.groupManagement(RaftServerProxy.java:440)
	at org.apache.hadoop.ozone.container.common.transport.server.ratis.XceiverServerRatis.removeGroup(XceiverServerRatis.java:786)
	... 4 more
2021-01-29 15:28:56,541 [Command processor thread] WARN  server.RaftServer (RaftServerProxy.java:remove(101)) - e29fa1fa-05e1-4a0c-9aa8-f5147e66917e: does not contain group: group-C890AF39A67A
2021-01-29 15:28:56,541 [Command processor thread] ERROR commandhandler.ClosePipelineCommandHandler (ClosePipelineCommandHandler.java:handle(78)) - Can't close pipeline PipelineID=06dd217f-3d6a-4fac-81df-c890af39a67a
java.io.IOException: e29fa1fa-05e1-4a0c-9aa8-f5147e66917e: Group group-C890AF39A67A not found.
	at org.apache.hadoop.ozone.container.common.transport.server.ratis.XceiverServerRatis.removeGroup(XceiverServerRatis.java:788)
	at org.apache.hadoop.ozone.container.common.statemachine.commandhandler.ClosePipelineCommandHandler.handle(ClosePipelineCommandHandler.java:74)
	at org.apache.hadoop.ozone.container.common.statemachine.commandhandler.CommandDispatcher.handle(CommandDispatcher.java:99)
	at org.apache.hadoop.ozone.container.common.statemachine.DatanodeStateMachine.lambda$initCommandHandlerThread$2(DatanodeStateMachine.java:498)
	at java.lang.Thread.run(Thread.java:748)
Caused by: org.apache.ratis.protocol.exceptions.GroupMismatchException: e29fa1fa-05e1-4a0c-9aa8-f5147e66917e: Group group-C890AF39A67A not found.
	at org.apache.ratis.server.impl.RaftServerProxy.groupRemoveAsync(RaftServerProxy.java:504)
	at org.apache.ratis.server.impl.RaftServerProxy.groupManagementAsync(RaftServerProxy.java:460)
	at org.apache.ratis.server.impl.RaftServerProxy.groupManagement(RaftServerProxy.java:440)
	at org.apache.hadoop.ozone.container.common.transport.server.ratis.XceiverServerRatis.removeGroup(XceiverServerRatis.java:786)
	... 4 more
2021-01-29 15:28:56,541 [Command processor thread] WARN  server.RaftServer (RaftServerProxy.java:remove(101)) - e29fa1fa-05e1-4a0c-9aa8-f5147e66917e: does not contain group: group-C890AF39A67A
2021-01-29 15:28:56,541 [Command processor thread] ERROR commandhandler.ClosePipelineCommandHandler (ClosePipelineCommandHandler.java:handle(78)) - Can't close pipeline PipelineID=06dd217f-3d6a-4fac-81df-c890af39a67a
java.io.IOException: e29fa1fa-05e1-4a0c-9aa8-f5147e66917e: Group group-C890AF39A67A not found.
	at org.apache.hadoop.ozone.container.common.transport.server.ratis.XceiverServerRatis.removeGroup(XceiverServerRatis.java:788)
	at org.apache.hadoop.ozone.container.common.statemachine.commandhandler.ClosePipelineCommandHandler.handle(ClosePipelineCommandHandler.java:74)
	at org.apache.hadoop.ozone.container.common.statemachine.commandhandler.CommandDispatcher.handle(CommandDispatcher.java:99)
	at org.apache.hadoop.ozone.container.common.statemachine.DatanodeStateMachine.lambda$initCommandHandlerThread$2(DatanodeStateMachine.java:498)
	at java.lang.Thread.run(Thread.java:748)
Caused by: org.apache.ratis.protocol.exceptions.GroupMismatchException: e29fa1fa-05e1-4a0c-9aa8-f5147e66917e: Group group-C890AF39A67A not found.
	at org.apache.ratis.server.impl.RaftServerProxy.groupRemoveAsync(RaftServerProxy.java:504)
	at org.apache.ratis.server.impl.RaftServerProxy.groupManagementAsync(RaftServerProxy.java:460)
	at org.apache.ratis.server.impl.RaftServerProxy.groupManagement(RaftServerProxy.java:440)
	at org.apache.hadoop.ozone.container.common.transport.server.ratis.XceiverServerRatis.removeGroup(XceiverServerRatis.java:786)
	... 4 more
2021-01-29 15:28:56,541 [Command processor thread] WARN  server.RaftServer (RaftServerProxy.java:remove(101)) - e29fa1fa-05e1-4a0c-9aa8-f5147e66917e: does not contain group: group-C890AF39A67A
2021-01-29 15:28:56,541 [Command processor thread] ERROR commandhandler.ClosePipelineCommandHandler (ClosePipelineCommandHandler.java:handle(78)) - Can't close pipeline PipelineID=06dd217f-3d6a-4fac-81df-c890af39a67a
java.io.IOException: e29fa1fa-05e1-4a0c-9aa8-f5147e66917e: Group group-C890AF39A67A not found.
	at org.apache.hadoop.ozone.container.common.transport.server.ratis.XceiverServerRatis.removeGroup(XceiverServerRatis.java:788)
	at org.apache.hadoop.ozone.container.common.statemachine.commandhandler.ClosePipelineCommandHandler.handle(ClosePipelineCommandHandler.java:74)
	at org.apache.hadoop.ozone.container.common.statemachine.commandhandler.CommandDispatcher.handle(CommandDispatcher.java:99)
	at org.apache.hadoop.ozone.container.common.statemachine.DatanodeStateMachine.lambda$initCommandHandlerThread$2(DatanodeStateMachine.java:498)
	at java.lang.Thread.run(Thread.java:748)
Caused by: org.apache.ratis.protocol.exceptions.GroupMismatchException: e29fa1fa-05e1-4a0c-9aa8-f5147e66917e: Group group-C890AF39A67A not found.
	at org.apache.ratis.server.impl.RaftServerProxy.groupRemoveAsync(RaftServerProxy.java:504)
	at org.apache.ratis.server.impl.RaftServerProxy.groupManagementAsync(RaftServerProxy.java:460)
	at org.apache.ratis.server.impl.RaftServerProxy.groupManagement(RaftServerProxy.java:440)
	at org.apache.hadoop.ozone.container.common.transport.server.ratis.XceiverServerRatis.removeGroup(XceiverServerRatis.java:786)
	... 4 more
2021-01-29 15:28:56,542 [Command processor thread] WARN  server.RaftServer (RaftServerProxy.java:remove(101)) - e29fa1fa-05e1-4a0c-9aa8-f5147e66917e: does not contain group: group-C890AF39A67A
2021-01-29 15:28:56,542 [Command processor thread] ERROR commandhandler.ClosePipelineCommandHandler (ClosePipelineCommandHandler.java:handle(78)) - Can't close pipeline PipelineID=06dd217f-3d6a-4fac-81df-c890af39a67a
java.io.IOException: e29fa1fa-05e1-4a0c-9aa8-f5147e66917e: Group group-C890AF39A67A not found.
	at org.apache.hadoop.ozone.container.common.transport.server.ratis.XceiverServerRatis.removeGroup(XceiverServerRatis.java:788)
	at org.apache.hadoop.ozone.container.common.statemachine.commandhandler.ClosePipelineCommandHandler.handle(ClosePipelineCommandHandler.java:74)
	at org.apache.hadoop.ozone.container.common.statemachine.commandhandler.CommandDispatcher.handle(CommandDispatcher.java:99)
	at org.apache.hadoop.ozone.container.common.statemachine.DatanodeStateMachine.lambda$initCommandHandlerThread$2(DatanodeStateMachine.java:498)
	at java.lang.Thread.run(Thread.java:748)
Caused by: org.apache.ratis.protocol.exceptions.GroupMismatchException: e29fa1fa-05e1-4a0c-9aa8-f5147e66917e: Group group-C890AF39A67A not found.
	at org.apache.ratis.server.impl.RaftServerProxy.groupRemoveAsync(RaftServerProxy.java:504)
	at org.apache.ratis.server.impl.RaftServerProxy.groupManagementAsync(RaftServerProxy.java:460)
	at org.apache.ratis.server.impl.RaftServerProxy.groupManagement(RaftServerProxy.java:440)
	at org.apache.hadoop.ozone.container.common.transport.server.ratis.XceiverServerRatis.removeGroup(XceiverServerRatis.java:786)
	... 4 more
2021-01-29 15:28:56,542 [Command processor thread] WARN  server.RaftServer (RaftServerProxy.java:remove(101)) - e29fa1fa-05e1-4a0c-9aa8-f5147e66917e: does not contain group: group-C890AF39A67A
2021-01-29 15:28:56,542 [Command processor thread] ERROR commandhandler.ClosePipelineCommandHandler (ClosePipelineCommandHandler.java:handle(78)) - Can't close pipeline PipelineID=06dd217f-3d6a-4fac-81df-c890af39a67a
java.io.IOException: e29fa1fa-05e1-4a0c-9aa8-f5147e66917e: Group group-C890AF39A67A not found.
	at org.apache.hadoop.ozone.container.common.transport.server.ratis.XceiverServerRatis.removeGroup(XceiverServerRatis.java:788)
	at org.apache.hadoop.ozone.container.common.statemachine.commandhandler.ClosePipelineCommandHandler.handle(ClosePipelineCommandHandler.java:74)
	at org.apache.hadoop.ozone.container.common.statemachine.commandhandler.CommandDispatcher.handle(CommandDispatcher.java:99)
	at org.apache.hadoop.ozone.container.common.statemachine.DatanodeStateMachine.lambda$initCommandHandlerThread$2(DatanodeStateMachine.java:498)
	at java.lang.Thread.run(Thread.java:748)
Caused by: org.apache.ratis.protocol.exceptions.GroupMismatchException: e29fa1fa-05e1-4a0c-9aa8-f5147e66917e: Group group-C890AF39A67A not found.
	at org.apache.ratis.server.impl.RaftServerProxy.groupRemoveAsync(RaftServerProxy.java:504)
	at org.apache.ratis.server.impl.RaftServerProxy.groupManagementAsync(RaftServerProxy.java:460)
	at org.apache.ratis.server.impl.RaftServerProxy.groupManagement(RaftServerProxy.java:440)
	at org.apache.hadoop.ozone.container.common.transport.server.ratis.XceiverServerRatis.removeGroup(XceiverServerRatis.java:786)
	... 4 more
2021-01-29 15:28:56,542 [Command processor thread] WARN  server.RaftServer (RaftServerProxy.java:remove(101)) - e29fa1fa-05e1-4a0c-9aa8-f5147e66917e: does not contain group: group-C890AF39A67A
2021-01-29 15:28:56,542 [Command processor thread] ERROR commandhandler.ClosePipelineCommandHandler (ClosePipelineCommandHandler.java:handle(78)) - Can't close pipeline PipelineID=06dd217f-3d6a-4fac-81df-c890af39a67a
java.io.IOException: e29fa1fa-05e1-4a0c-9aa8-f5147e66917e: Group group-C890AF39A67A not found.
	at org.apache.hadoop.ozone.container.common.transport.server.ratis.XceiverServerRatis.removeGroup(XceiverServerRatis.java:788)
	at org.apache.hadoop.ozone.container.common.statemachine.commandhandler.ClosePipelineCommandHandler.handle(ClosePipelineCommandHandler.java:74)
	at org.apache.hadoop.ozone.container.common.statemachine.commandhandler.CommandDispatcher.handle(CommandDispatcher.java:99)
	at org.apache.hadoop.ozone.container.common.statemachine.DatanodeStateMachine.lambda$initCommandHandlerThread$2(DatanodeStateMachine.java:498)
	at java.lang.Thread.run(Thread.java:748)
Caused by: org.apache.ratis.protocol.exceptions.GroupMismatchException: e29fa1fa-05e1-4a0c-9aa8-f5147e66917e: Group group-C890AF39A67A not found.
	at org.apache.ratis.server.impl.RaftServerProxy.groupRemoveAsync(RaftServerProxy.java:504)
	at org.apache.ratis.server.impl.RaftServerProxy.groupManagementAsync(RaftServerProxy.java:460)
	at org.apache.ratis.server.impl.RaftServerProxy.groupManagement(RaftServerProxy.java:440)
	at org.apache.hadoop.ozone.container.common.transport.server.ratis.XceiverServerRatis.removeGroup(XceiverServerRatis.java:786)
	... 4 more
2021-01-29 15:28:56,542 [Command processor thread] WARN  server.RaftServer (RaftServerProxy.java:remove(101)) - e29fa1fa-05e1-4a0c-9aa8-f5147e66917e: does not contain group: group-C890AF39A67A
2021-01-29 15:28:56,542 [Command processor thread] ERROR commandhandler.ClosePipelineCommandHandler (ClosePipelineCommandHandler.java:handle(78)) - Can't close pipeline PipelineID=06dd217f-3d6a-4fac-81df-c890af39a67a
java.io.IOException: e29fa1fa-05e1-4a0c-9aa8-f5147e66917e: Group group-C890AF39A67A not found.
	at org.apache.hadoop.ozone.container.common.transport.server.ratis.XceiverServerRatis.removeGroup(XceiverServerRatis.java:788)
	at org.apache.hadoop.ozone.container.common.statemachine.commandhandler.ClosePipelineCommandHandler.handle(ClosePipelineCommandHandler.java:74)
	at org.apache.hadoop.ozone.container.common.statemachine.commandhandler.CommandDispatcher.handle(CommandDispatcher.java:99)
	at org.apache.hadoop.ozone.container.common.statemachine.DatanodeStateMachine.lambda$initCommandHandlerThread$2(DatanodeStateMachine.java:498)
	at java.lang.Thread.run(Thread.java:748)
Caused by: org.apache.ratis.protocol.exceptions.GroupMismatchException: e29fa1fa-05e1-4a0c-9aa8-f5147e66917e: Group group-C890AF39A67A not found.
	at org.apache.ratis.server.impl.RaftServerProxy.groupRemoveAsync(RaftServerProxy.java:504)
	at org.apache.ratis.server.impl.RaftServerProxy.groupManagementAsync(RaftServerProxy.java:460)
	at org.apache.ratis.server.impl.RaftServerProxy.groupManagement(RaftServerProxy.java:440)
	at org.apache.hadoop.ozone.container.common.transport.server.ratis.XceiverServerRatis.removeGroup(XceiverServerRatis.java:786)
	... 4 more
2021-01-29 15:28:56,542 [Command processor thread] WARN  server.RaftServer (RaftServerProxy.java:remove(101)) - e29fa1fa-05e1-4a0c-9aa8-f5147e66917e: does not contain group: group-C890AF39A67A
2021-01-29 15:28:56,542 [Command processor thread] ERROR commandhandler.ClosePipelineCommandHandler (ClosePipelineCommandHandler.java:handle(78)) - Can't close pipeline PipelineID=06dd217f-3d6a-4fac-81df-c890af39a67a
java.io.IOException: e29fa1fa-05e1-4a0c-9aa8-f5147e66917e: Group group-C890AF39A67A not found.
	at org.apache.hadoop.ozone.container.common.transport.server.ratis.XceiverServerRatis.removeGroup(XceiverServerRatis.java:788)
	at org.apache.hadoop.ozone.container.common.statemachine.commandhandler.ClosePipelineCommandHandler.handle(ClosePipelineCommandHandler.java:74)
	at org.apache.hadoop.ozone.container.common.statemachine.commandhandler.CommandDispatcher.handle(CommandDispatcher.java:99)
	at org.apache.hadoop.ozone.container.common.statemachine.DatanodeStateMachine.lambda$initCommandHandlerThread$2(DatanodeStateMachine.java:498)
	at java.lang.Thread.run(Thread.java:748)
Caused by: org.apache.ratis.protocol.exceptions.GroupMismatchException: e29fa1fa-05e1-4a0c-9aa8-f5147e66917e: Group group-C890AF39A67A not found.
	at org.apache.ratis.server.impl.RaftServerProxy.groupRemoveAsync(RaftServerProxy.java:504)
	at org.apache.ratis.server.impl.RaftServerProxy.groupManagementAsync(RaftServerProxy.java:460)
	at org.apache.ratis.server.impl.RaftServerProxy.groupManagement(RaftServerProxy.java:440)
	at org.apache.hadoop.ozone.container.common.transport.server.ratis.XceiverServerRatis.removeGroup(XceiverServerRatis.java:786)
	... 4 more
2021-01-29 15:28:56,698 [Command processor thread] WARN  server.RaftServer (RaftServerProxy.java:remove(101)) - d5d7cc10-80c6-421e-a2cb-6e4e9e0bf9f8: does not contain group: group-82FE8DDC79AF
2021-01-29 15:28:56,698 [Command processor thread] ERROR commandhandler.ClosePipelineCommandHandler (ClosePipelineCommandHandler.java:handle(78)) - Can't close pipeline PipelineID=ada21374-47fd-4d92-9ee3-82fe8ddc79af
java.io.IOException: d5d7cc10-80c6-421e-a2cb-6e4e9e0bf9f8: Group group-82FE8DDC79AF not found.
	at org.apache.hadoop.ozone.container.common.transport.server.ratis.XceiverServerRatis.removeGroup(XceiverServerRatis.java:788)
	at org.apache.hadoop.ozone.container.common.statemachine.commandhandler.ClosePipelineCommandHandler.handle(ClosePipelineCommandHandler.java:74)
	at org.apache.hadoop.ozone.container.common.statemachine.commandhandler.CommandDispatcher.handle(CommandDispatcher.java:99)
	at org.apache.hadoop.ozone.container.common.statemachine.DatanodeStateMachine.lambda$initCommandHandlerThread$2(DatanodeStateMachine.java:498)
	at java.lang.Thread.run(Thread.java:748)
Caused by: org.apache.ratis.protocol.exceptions.GroupMismatchException: d5d7cc10-80c6-421e-a2cb-6e4e9e0bf9f8: Group group-82FE8DDC79AF not found.
	at org.apache.ratis.server.impl.RaftServerProxy.groupRemoveAsync(RaftServerProxy.java:504)
	at org.apache.ratis.server.impl.RaftServerProxy.groupManagementAsync(RaftServerProxy.java:460)
	at org.apache.ratis.server.impl.RaftServerProxy.groupManagement(RaftServerProxy.java:440)
	at org.apache.hadoop.ozone.container.common.transport.server.ratis.XceiverServerRatis.removeGroup(XceiverServerRatis.java:786)
	... 4 more
2021-01-29 15:28:56,704 [Command processor thread] WARN  server.RaftServer (RaftServerProxy.java:remove(101)) - 917eb864-1739-4fd5-ac14-ff1ecb8c1d24: does not contain group: group-82FE8DDC79AF
2021-01-29 15:28:56,705 [Command processor thread] ERROR commandhandler.ClosePipelineCommandHandler (ClosePipelineCommandHandler.java:handle(78)) - Can't close pipeline PipelineID=ada21374-47fd-4d92-9ee3-82fe8ddc79af
java.io.IOException: 917eb864-1739-4fd5-ac14-ff1ecb8c1d24: Group group-82FE8DDC79AF not found.
	at org.apache.hadoop.ozone.container.common.transport.server.ratis.XceiverServerRatis.removeGroup(XceiverServerRatis.java:788)
	at org.apache.hadoop.ozone.container.common.statemachine.commandhandler.ClosePipelineCommandHandler.handle(ClosePipelineCommandHandler.java:74)
	at org.apache.hadoop.ozone.container.common.statemachine.commandhandler.CommandDispatcher.handle(CommandDispatcher.java:99)
	at org.apache.hadoop.ozone.container.common.statemachine.DatanodeStateMachine.lambda$initCommandHandlerThread$2(DatanodeStateMachine.java:498)
	at java.lang.Thread.run(Thread.java:748)
Caused by: org.apache.ratis.protocol.exceptions.GroupMismatchException: 917eb864-1739-4fd5-ac14-ff1ecb8c1d24: Group group-82FE8DDC79AF not found.
	at org.apache.ratis.server.impl.RaftServerProxy.groupRemoveAsync(RaftServerProxy.java:504)
	at org.apache.ratis.server.impl.RaftServerProxy.groupManagementAsync(RaftServerProxy.java:460)
	at org.apache.ratis.server.impl.RaftServerProxy.groupManagement(RaftServerProxy.java:440)
	at org.apache.hadoop.ozone.container.common.transport.server.ratis.XceiverServerRatis.removeGroup(XceiverServerRatis.java:786)
	... 4 more
2021-01-29 15:28:56,705 [Command processor thread] WARN  server.RaftServer (RaftServerProxy.java:remove(101)) - 917eb864-1739-4fd5-ac14-ff1ecb8c1d24: does not contain group: group-82FE8DDC79AF
2021-01-29 15:28:56,705 [Command processor thread] ERROR commandhandler.ClosePipelineCommandHandler (ClosePipelineCommandHandler.java:handle(78)) - Can't close pipeline PipelineID=ada21374-47fd-4d92-9ee3-82fe8ddc79af
java.io.IOException: 917eb864-1739-4fd5-ac14-ff1ecb8c1d24: Group group-82FE8DDC79AF not found.
	at org.apache.hadoop.ozone.container.common.transport.server.ratis.XceiverServerRatis.removeGroup(XceiverServerRatis.java:788)
	at org.apache.hadoop.ozone.container.common.statemachine.commandhandler.ClosePipelineCommandHandler.handle(ClosePipelineCommandHandler.java:74)
	at org.apache.hadoop.ozone.container.common.statemachine.commandhandler.CommandDispatcher.handle(CommandDispatcher.java:99)
	at org.apache.hadoop.ozone.container.common.statemachine.DatanodeStateMachine.lambda$initCommandHandlerThread$2(DatanodeStateMachine.java:498)
	at java.lang.Thread.run(Thread.java:748)
Caused by: org.apache.ratis.protocol.exceptions.GroupMismatchException: 917eb864-1739-4fd5-ac14-ff1ecb8c1d24: Group group-82FE8DDC79AF not found.
	at org.apache.ratis.server.impl.RaftServerProxy.groupRemoveAsync(RaftServerProxy.java:504)
	at org.apache.ratis.server.impl.RaftServerProxy.groupManagementAsync(RaftServerProxy.java:460)
	at org.apache.ratis.server.impl.RaftServerProxy.groupManagement(RaftServerProxy.java:440)
	at org.apache.hadoop.ozone.container.common.transport.server.ratis.XceiverServerRatis.removeGroup(XceiverServerRatis.java:786)
	... 4 more
2021-01-29 15:28:57,495 [Command processor thread] WARN  server.RaftServer (RaftServerProxy.java:remove(101)) - e9b6cb55-ded4-4b6d-beb1-e0e1d0ea549d: does not contain group: group-C890AF39A67A
2021-01-29 15:28:57,496 [Command processor thread] ERROR commandhandler.ClosePipelineCommandHandler (ClosePipelineCommandHandler.java:handle(78)) - Can't close pipeline PipelineID=06dd217f-3d6a-4fac-81df-c890af39a67a
java.io.IOException: e9b6cb55-ded4-4b6d-beb1-e0e1d0ea549d: Group group-C890AF39A67A not found.
	at org.apache.hadoop.ozone.container.common.transport.server.ratis.XceiverServerRatis.removeGroup(XceiverServerRatis.java:788)
	at org.apache.hadoop.ozone.container.common.statemachine.commandhandler.ClosePipelineCommandHandler.handle(ClosePipelineCommandHandler.java:74)
	at org.apache.hadoop.ozone.container.common.statemachine.commandhandler.CommandDispatcher.handle(CommandDispatcher.java:99)
	at org.apache.hadoop.ozone.container.common.statemachine.DatanodeStateMachine.lambda$initCommandHandlerThread$2(DatanodeStateMachine.java:498)
	at java.lang.Thread.run(Thread.java:748)
Caused by: org.apache.ratis.protocol.exceptions.GroupMismatchException: e9b6cb55-ded4-4b6d-beb1-e0e1d0ea549d: Group group-C890AF39A67A not found.
	at org.apache.ratis.server.impl.RaftServerProxy.groupRemoveAsync(RaftServerProxy.java:504)
	at org.apache.ratis.server.impl.RaftServerProxy.groupManagementAsync(RaftServerProxy.java:460)
	at org.apache.ratis.server.impl.RaftServerProxy.groupManagement(RaftServerProxy.java:440)
	at org.apache.hadoop.ozone.container.common.transport.server.ratis.XceiverServerRatis.removeGroup(XceiverServerRatis.java:786)
	... 4 more
2021-01-29 15:28:58,498 [Command processor thread] WARN  server.RaftServer (RaftServerProxy.java:remove(101)) - abd5dbec-f275-43c0-9ba5-e9315d47b38d: does not contain group: group-C890AF39A67A
2021-01-29 15:28:58,499 [Command processor thread] ERROR commandhandler.ClosePipelineCommandHandler (ClosePipelineCommandHandler.java:handle(78)) - Can't close pipeline PipelineID=06dd217f-3d6a-4fac-81df-c890af39a67a
java.io.IOException: abd5dbec-f275-43c0-9ba5-e9315d47b38d: Group group-C890AF39A67A not found.
	at org.apache.hadoop.ozone.container.common.transport.server.ratis.XceiverServerRatis.removeGroup(XceiverServerRatis.java:788)
	at org.apache.hadoop.ozone.container.common.statemachine.commandhandler.ClosePipelineCommandHandler.handle(ClosePipelineCommandHandler.java:74)
	at org.apache.hadoop.ozone.container.common.statemachine.commandhandler.CommandDispatcher.handle(CommandDispatcher.java:99)
	at org.apache.hadoop.ozone.container.common.statemachine.DatanodeStateMachine.lambda$initCommandHandlerThread$2(DatanodeStateMachine.java:498)
	at java.lang.Thread.run(Thread.java:748)
Caused by: org.apache.ratis.protocol.exceptions.GroupMismatchException: abd5dbec-f275-43c0-9ba5-e9315d47b38d: Group group-C890AF39A67A not found.
	at org.apache.ratis.server.impl.RaftServerProxy.groupRemoveAsync(RaftServerProxy.java:504)
	at org.apache.ratis.server.impl.RaftServerProxy.groupManagementAsync(RaftServerProxy.java:460)
	at org.apache.ratis.server.impl.RaftServerProxy.groupManagement(RaftServerProxy.java:440)
	at org.apache.hadoop.ozone.container.common.transport.server.ratis.XceiverServerRatis.removeGroup(XceiverServerRatis.java:786)
	... 4 more
2021-01-29 15:28:58,523 [Command processor thread] WARN  server.RaftServer (RaftServerProxy.java:remove(101)) - e29fa1fa-05e1-4a0c-9aa8-f5147e66917e: does not contain group: group-C890AF39A67A
2021-01-29 15:28:58,524 [Command processor thread] ERROR commandhandler.ClosePipelineCommandHandler (ClosePipelineCommandHandler.java:handle(78)) - Can't close pipeline PipelineID=06dd217f-3d6a-4fac-81df-c890af39a67a
java.io.IOException: e29fa1fa-05e1-4a0c-9aa8-f5147e66917e: Group group-C890AF39A67A not found.
	at org.apache.hadoop.ozone.container.common.transport.server.ratis.XceiverServerRatis.removeGroup(XceiverServerRatis.java:788)
	at org.apache.hadoop.ozone.container.common.statemachine.commandhandler.ClosePipelineCommandHandler.handle(ClosePipelineCommandHandler.java:74)
	at org.apache.hadoop.ozone.container.common.statemachine.commandhandler.CommandDispatcher.handle(CommandDispatcher.java:99)
	at org.apache.hadoop.ozone.container.common.statemachine.DatanodeStateMachine.lambda$initCommandHandlerThread$2(DatanodeStateMachine.java:498)
	at java.lang.Thread.run(Thread.java:748)
Caused by: org.apache.ratis.protocol.exceptions.GroupMismatchException: e29fa1fa-05e1-4a0c-9aa8-f5147e66917e: Group group-C890AF39A67A not found.
	at org.apache.ratis.server.impl.RaftServerProxy.groupRemoveAsync(RaftServerProxy.java:504)
	at org.apache.ratis.server.impl.RaftServerProxy.groupManagementAsync(RaftServerProxy.java:460)
	at org.apache.ratis.server.impl.RaftServerProxy.groupManagement(RaftServerProxy.java:440)
	at org.apache.hadoop.ozone.container.common.transport.server.ratis.XceiverServerRatis.removeGroup(XceiverServerRatis.java:786)
	... 4 more
2021-01-29 15:28:58,704 [Command processor thread] WARN  server.RaftServer (RaftServerProxy.java:remove(101)) - 917eb864-1739-4fd5-ac14-ff1ecb8c1d24: does not contain group: group-82FE8DDC79AF
2021-01-29 15:28:58,704 [Command processor thread] ERROR commandhandler.ClosePipelineCommandHandler (ClosePipelineCommandHandler.java:handle(78)) - Can't close pipeline PipelineID=ada21374-47fd-4d92-9ee3-82fe8ddc79af
java.io.IOException: 917eb864-1739-4fd5-ac14-ff1ecb8c1d24: Group group-82FE8DDC79AF not found.
	at org.apache.hadoop.ozone.container.common.transport.server.ratis.XceiverServerRatis.removeGroup(XceiverServerRatis.java:788)
	at org.apache.hadoop.ozone.container.common.statemachine.commandhandler.ClosePipelineCommandHandler.handle(ClosePipelineCommandHandler.java:74)
	at org.apache.hadoop.ozone.container.common.statemachine.commandhandler.CommandDispatcher.handle(CommandDispatcher.java:99)
	at org.apache.hadoop.ozone.container.common.statemachine.DatanodeStateMachine.lambda$initCommandHandlerThread$2(DatanodeStateMachine.java:498)
	at java.lang.Thread.run(Thread.java:748)
Caused by: org.apache.ratis.protocol.exceptions.GroupMismatchException: 917eb864-1739-4fd5-ac14-ff1ecb8c1d24: Group group-82FE8DDC79AF not found.
	at org.apache.ratis.server.impl.RaftServerProxy.groupRemoveAsync(RaftServerProxy.java:504)
	at org.apache.ratis.server.impl.RaftServerProxy.groupManagementAsync(RaftServerProxy.java:460)
	at org.apache.ratis.server.impl.RaftServerProxy.groupManagement(RaftServerProxy.java:440)
	at org.apache.hadoop.ozone.container.common.transport.server.ratis.XceiverServerRatis.removeGroup(XceiverServerRatis.java:786)
	... 4 more
2021-01-29 15:28:58,704 [Command processor thread] WARN  server.RaftServer (RaftServerProxy.java:remove(101)) - 917eb864-1739-4fd5-ac14-ff1ecb8c1d24: does not contain group: group-82FE8DDC79AF
2021-01-29 15:28:58,705 [Command processor thread] ERROR commandhandler.ClosePipelineCommandHandler (ClosePipelineCommandHandler.java:handle(78)) - Can't close pipeline PipelineID=ada21374-47fd-4d92-9ee3-82fe8ddc79af
java.io.IOException: 917eb864-1739-4fd5-ac14-ff1ecb8c1d24: Group group-82FE8DDC79AF not found.
	at org.apache.hadoop.ozone.container.common.transport.server.ratis.XceiverServerRatis.removeGroup(XceiverServerRatis.java:788)
	at org.apache.hadoop.ozone.container.common.statemachine.commandhandler.ClosePipelineCommandHandler.handle(ClosePipelineCommandHandler.java:74)
	at org.apache.hadoop.ozone.container.common.statemachine.commandhandler.CommandDispatcher.handle(CommandDispatcher.java:99)
	at org.apache.hadoop.ozone.container.common.statemachine.DatanodeStateMachine.lambda$initCommandHandlerThread$2(DatanodeStateMachine.java:498)
	at java.lang.Thread.run(Thread.java:748)
Caused by: org.apache.ratis.protocol.exceptions.GroupMismatchException: 917eb864-1739-4fd5-ac14-ff1ecb8c1d24: Group group-82FE8DDC79AF not found.
	at org.apache.ratis.server.impl.RaftServerProxy.groupRemoveAsync(RaftServerProxy.java:504)
	at org.apache.ratis.server.impl.RaftServerProxy.groupManagementAsync(RaftServerProxy.java:460)
	at org.apache.ratis.server.impl.RaftServerProxy.groupManagement(RaftServerProxy.java:440)
	at org.apache.hadoop.ozone.container.common.transport.server.ratis.XceiverServerRatis.removeGroup(XceiverServerRatis.java:786)
	... 4 more
2021-01-29 15:28:59,495 [Command processor thread] WARN  server.RaftServer (RaftServerProxy.java:remove(101)) - e9b6cb55-ded4-4b6d-beb1-e0e1d0ea549d: does not contain group: group-C890AF39A67A
2021-01-29 15:28:59,495 [Command processor thread] ERROR commandhandler.ClosePipelineCommandHandler (ClosePipelineCommandHandler.java:handle(78)) - Can't close pipeline PipelineID=06dd217f-3d6a-4fac-81df-c890af39a67a
java.io.IOException: e9b6cb55-ded4-4b6d-beb1-e0e1d0ea549d: Group group-C890AF39A67A not found.
	at org.apache.hadoop.ozone.container.common.transport.server.ratis.XceiverServerRatis.removeGroup(XceiverServerRatis.java:788)
	at org.apache.hadoop.ozone.container.common.statemachine.commandhandler.ClosePipelineCommandHandler.handle(ClosePipelineCommandHandler.java:74)
	at org.apache.hadoop.ozone.container.common.statemachine.commandhandler.CommandDispatcher.handle(CommandDispatcher.java:99)
	at org.apache.hadoop.ozone.container.common.statemachine.DatanodeStateMachine.lambda$initCommandHandlerThread$2(DatanodeStateMachine.java:498)
	at java.lang.Thread.run(Thread.java:748)
Caused by: org.apache.ratis.protocol.exceptions.GroupMismatchException: e9b6cb55-ded4-4b6d-beb1-e0e1d0ea549d: Group group-C890AF39A67A not found.
	at org.apache.ratis.server.impl.RaftServerProxy.groupRemoveAsync(RaftServerProxy.java:504)
	at org.apache.ratis.server.impl.RaftServerProxy.groupManagementAsync(RaftServerProxy.java:460)
	at org.apache.ratis.server.impl.RaftServerProxy.groupManagement(RaftServerProxy.java:440)
	at org.apache.hadoop.ozone.container.common.transport.server.ratis.XceiverServerRatis.removeGroup(XceiverServerRatis.java:786)
	... 4 more
2021-01-29 15:28:59,495 [Command processor thread] WARN  server.RaftServer (RaftServerProxy.java:remove(101)) - e9b6cb55-ded4-4b6d-beb1-e0e1d0ea549d: does not contain group: group-C890AF39A67A
2021-01-29 15:28:59,496 [Command processor thread] ERROR commandhandler.ClosePipelineCommandHandler (ClosePipelineCommandHandler.java:handle(78)) - Can't close pipeline PipelineID=06dd217f-3d6a-4fac-81df-c890af39a67a
java.io.IOException: e9b6cb55-ded4-4b6d-beb1-e0e1d0ea549d: Group group-C890AF39A67A not found.
	at org.apache.hadoop.ozone.container.common.transport.server.ratis.XceiverServerRatis.removeGroup(XceiverServerRatis.java:788)
	at org.apache.hadoop.ozone.container.common.statemachine.commandhandler.ClosePipelineCommandHandler.handle(ClosePipelineCommandHandler.java:74)
	at org.apache.hadoop.ozone.container.common.statemachine.commandhandler.CommandDispatcher.handle(CommandDispatcher.java:99)
	at org.apache.hadoop.ozone.container.common.statemachine.DatanodeStateMachine.lambda$initCommandHandlerThread$2(DatanodeStateMachine.java:498)
	at java.lang.Thread.run(Thread.java:748)
Caused by: org.apache.ratis.protocol.exceptions.GroupMismatchException: e9b6cb55-ded4-4b6d-beb1-e0e1d0ea549d: Group group-C890AF39A67A not found.
	at org.apache.ratis.server.impl.RaftServerProxy.groupRemoveAsync(RaftServerProxy.java:504)
	at org.apache.ratis.server.impl.RaftServerProxy.groupManagementAsync(RaftServerProxy.java:460)
	at org.apache.ratis.server.impl.RaftServerProxy.groupManagement(RaftServerProxy.java:440)
	at org.apache.hadoop.ozone.container.common.transport.server.ratis.XceiverServerRatis.removeGroup(XceiverServerRatis.java:786)
	... 4 more
2021-01-29 15:29:00,498 [Command processor thread] WARN  server.RaftServer (RaftServerProxy.java:remove(101)) - abd5dbec-f275-43c0-9ba5-e9315d47b38d: does not contain group: group-C890AF39A67A
2021-01-29 15:29:00,498 [Command processor thread] ERROR commandhandler.ClosePipelineCommandHandler (ClosePipelineCommandHandler.java:handle(78)) - Can't close pipeline PipelineID=06dd217f-3d6a-4fac-81df-c890af39a67a
java.io.IOException: abd5dbec-f275-43c0-9ba5-e9315d47b38d: Group group-C890AF39A67A not found.
	at org.apache.hadoop.ozone.container.common.transport.server.ratis.XceiverServerRatis.removeGroup(XceiverServerRatis.java:788)
	at org.apache.hadoop.ozone.container.common.statemachine.commandhandler.ClosePipelineCommandHandler.handle(ClosePipelineCommandHandler.java:74)
	at org.apache.hadoop.ozone.container.common.statemachine.commandhandler.CommandDispatcher.handle(CommandDispatcher.java:99)
	at org.apache.hadoop.ozone.container.common.statemachine.DatanodeStateMachine.lambda$initCommandHandlerThread$2(DatanodeStateMachine.java:498)
	at java.lang.Thread.run(Thread.java:748)
Caused by: org.apache.ratis.protocol.exceptions.GroupMismatchException: abd5dbec-f275-43c0-9ba5-e9315d47b38d: Group group-C890AF39A67A not found.
	at org.apache.ratis.server.impl.RaftServerProxy.groupRemoveAsync(RaftServerProxy.java:504)
	at org.apache.ratis.server.impl.RaftServerProxy.groupManagementAsync(RaftServerProxy.java:460)
	at org.apache.ratis.server.impl.RaftServerProxy.groupManagement(RaftServerProxy.java:440)
	at org.apache.hadoop.ozone.container.common.transport.server.ratis.XceiverServerRatis.removeGroup(XceiverServerRatis.java:786)
	... 4 more
2021-01-29 15:29:00,498 [Command processor thread] WARN  server.RaftServer (RaftServerProxy.java:remove(101)) - abd5dbec-f275-43c0-9ba5-e9315d47b38d: does not contain group: group-C890AF39A67A
2021-01-29 15:29:00,498 [Command processor thread] ERROR commandhandler.ClosePipelineCommandHandler (ClosePipelineCommandHandler.java:handle(78)) - Can't close pipeline PipelineID=06dd217f-3d6a-4fac-81df-c890af39a67a
java.io.IOException: abd5dbec-f275-43c0-9ba5-e9315d47b38d: Group group-C890AF39A67A not found.
	at org.apache.hadoop.ozone.container.common.transport.server.ratis.XceiverServerRatis.removeGroup(XceiverServerRatis.java:788)
	at org.apache.hadoop.ozone.container.common.statemachine.commandhandler.ClosePipelineCommandHandler.handle(ClosePipelineCommandHandler.java:74)
	at org.apache.hadoop.ozone.container.common.statemachine.commandhandler.CommandDispatcher.handle(CommandDispatcher.java:99)
	at org.apache.hadoop.ozone.container.common.statemachine.DatanodeStateMachine.lambda$initCommandHandlerThread$2(DatanodeStateMachine.java:498)
	at java.lang.Thread.run(Thread.java:748)
Caused by: org.apache.ratis.protocol.exceptions.GroupMismatchException: abd5dbec-f275-43c0-9ba5-e9315d47b38d: Group group-C890AF39A67A not found.
	at org.apache.ratis.server.impl.RaftServerProxy.groupRemoveAsync(RaftServerProxy.java:504)
	at org.apache.ratis.server.impl.RaftServerProxy.groupManagementAsync(RaftServerProxy.java:460)
	at org.apache.ratis.server.impl.RaftServerProxy.groupManagement(RaftServerProxy.java:440)
	at org.apache.hadoop.ozone.container.common.transport.server.ratis.XceiverServerRatis.removeGroup(XceiverServerRatis.java:786)
	... 4 more
2021-01-29 15:29:00,523 [Command processor thread] WARN  server.RaftServer (RaftServerProxy.java:remove(101)) - e29fa1fa-05e1-4a0c-9aa8-f5147e66917e: does not contain group: group-C890AF39A67A
2021-01-29 15:29:00,523 [Command processor thread] ERROR commandhandler.ClosePipelineCommandHandler (ClosePipelineCommandHandler.java:handle(78)) - Can't close pipeline PipelineID=06dd217f-3d6a-4fac-81df-c890af39a67a
java.io.IOException: e29fa1fa-05e1-4a0c-9aa8-f5147e66917e: Group group-C890AF39A67A not found.
	at org.apache.hadoop.ozone.container.common.transport.server.ratis.XceiverServerRatis.removeGroup(XceiverServerRatis.java:788)
	at org.apache.hadoop.ozone.container.common.statemachine.commandhandler.ClosePipelineCommandHandler.handle(ClosePipelineCommandHandler.java:74)
	at org.apache.hadoop.ozone.container.common.statemachine.commandhandler.CommandDispatcher.handle(CommandDispatcher.java:99)
	at org.apache.hadoop.ozone.container.common.statemachine.DatanodeStateMachine.lambda$initCommandHandlerThread$2(DatanodeStateMachine.java:498)
	at java.lang.Thread.run(Thread.java:748)
Caused by: org.apache.ratis.protocol.exceptions.GroupMismatchException: e29fa1fa-05e1-4a0c-9aa8-f5147e66917e: Group group-C890AF39A67A not found.
	at org.apache.ratis.server.impl.RaftServerProxy.groupRemoveAsync(RaftServerProxy.java:504)
	at org.apache.ratis.server.impl.RaftServerProxy.groupManagementAsync(RaftServerProxy.java:460)
	at org.apache.ratis.server.impl.RaftServerProxy.groupManagement(RaftServerProxy.java:440)
	at org.apache.hadoop.ozone.container.common.transport.server.ratis.XceiverServerRatis.removeGroup(XceiverServerRatis.java:786)
	... 4 more
2021-01-29 15:29:00,523 [Command processor thread] WARN  server.RaftServer (RaftServerProxy.java:remove(101)) - e29fa1fa-05e1-4a0c-9aa8-f5147e66917e: does not contain group: group-C890AF39A67A
2021-01-29 15:29:00,523 [Command processor thread] ERROR commandhandler.ClosePipelineCommandHandler (ClosePipelineCommandHandler.java:handle(78)) - Can't close pipeline PipelineID=06dd217f-3d6a-4fac-81df-c890af39a67a
java.io.IOException: e29fa1fa-05e1-4a0c-9aa8-f5147e66917e: Group group-C890AF39A67A not found.
	at org.apache.hadoop.ozone.container.common.transport.server.ratis.XceiverServerRatis.removeGroup(XceiverServerRatis.java:788)
	at org.apache.hadoop.ozone.container.common.statemachine.commandhandler.ClosePipelineCommandHandler.handle(ClosePipelineCommandHandler.java:74)
	at org.apache.hadoop.ozone.container.common.statemachine.commandhandler.CommandDispatcher.handle(CommandDispatcher.java:99)
	at org.apache.hadoop.ozone.container.common.statemachine.DatanodeStateMachine.lambda$initCommandHandlerThread$2(DatanodeStateMachine.java:498)
	at java.lang.Thread.run(Thread.java:748)
Caused by: org.apache.ratis.protocol.exceptions.GroupMismatchException: e29fa1fa-05e1-4a0c-9aa8-f5147e66917e: Group group-C890AF39A67A not found.
	at org.apache.ratis.server.impl.RaftServerProxy.groupRemoveAsync(RaftServerProxy.java:504)
	at org.apache.ratis.server.impl.RaftServerProxy.groupManagementAsync(RaftServerProxy.java:460)
	at org.apache.ratis.server.impl.RaftServerProxy.groupManagement(RaftServerProxy.java:440)
	at org.apache.hadoop.ozone.container.common.transport.server.ratis.XceiverServerRatis.removeGroup(XceiverServerRatis.java:786)
	... 4 more
2021-01-29 15:29:00,704 [Command processor thread] WARN  server.RaftServer (RaftServerProxy.java:remove(101)) - 917eb864-1739-4fd5-ac14-ff1ecb8c1d24: does not contain group: group-82FE8DDC79AF
2021-01-29 15:29:00,704 [Command processor thread] ERROR commandhandler.ClosePipelineCommandHandler (ClosePipelineCommandHandler.java:handle(78)) - Can't close pipeline PipelineID=ada21374-47fd-4d92-9ee3-82fe8ddc79af
java.io.IOException: 917eb864-1739-4fd5-ac14-ff1ecb8c1d24: Group group-82FE8DDC79AF not found.
	at org.apache.hadoop.ozone.container.common.transport.server.ratis.XceiverServerRatis.removeGroup(XceiverServerRatis.java:788)
	at org.apache.hadoop.ozone.container.common.statemachine.commandhandler.ClosePipelineCommandHandler.handle(ClosePipelineCommandHandler.java:74)
	at org.apache.hadoop.ozone.container.common.statemachine.commandhandler.CommandDispatcher.handle(CommandDispatcher.java:99)
	at org.apache.hadoop.ozone.container.common.statemachine.DatanodeStateMachine.lambda$initCommandHandlerThread$2(DatanodeStateMachine.java:498)
	at java.lang.Thread.run(Thread.java:748)
Caused by: org.apache.ratis.protocol.exceptions.GroupMismatchException: 917eb864-1739-4fd5-ac14-ff1ecb8c1d24: Group group-82FE8DDC79AF not found.
	at org.apache.ratis.server.impl.RaftServerProxy.groupRemoveAsync(RaftServerProxy.java:504)
	at org.apache.ratis.server.impl.RaftServerProxy.groupManagementAsync(RaftServerProxy.java:460)
	at org.apache.ratis.server.impl.RaftServerProxy.groupManagement(RaftServerProxy.java:440)
	at org.apache.hadoop.ozone.container.common.transport.server.ratis.XceiverServerRatis.removeGroup(XceiverServerRatis.java:786)
	... 4 more
2021-01-29 15:29:00,704 [Command processor thread] WARN  server.RaftServer (RaftServerProxy.java:remove(101)) - 917eb864-1739-4fd5-ac14-ff1ecb8c1d24: does not contain group: group-82FE8DDC79AF
2021-01-29 15:29:00,704 [Command processor thread] ERROR commandhandler.ClosePipelineCommandHandler (ClosePipelineCommandHandler.java:handle(78)) - Can't close pipeline PipelineID=ada21374-47fd-4d92-9ee3-82fe8ddc79af
java.io.IOException: 917eb864-1739-4fd5-ac14-ff1ecb8c1d24: Group group-82FE8DDC79AF not found.
	at org.apache.hadoop.ozone.container.common.transport.server.ratis.XceiverServerRatis.removeGroup(XceiverServerRatis.java:788)
	at org.apache.hadoop.ozone.container.common.statemachine.commandhandler.ClosePipelineCommandHandler.handle(ClosePipelineCommandHandler.java:74)
	at org.apache.hadoop.ozone.container.common.statemachine.commandhandler.CommandDispatcher.handle(CommandDispatcher.java:99)
	at org.apache.hadoop.ozone.container.common.statemachine.DatanodeStateMachine.lambda$initCommandHandlerThread$2(DatanodeStateMachine.java:498)
	at java.lang.Thread.run(Thread.java:748)
Caused by: org.apache.ratis.protocol.exceptions.GroupMismatchException: 917eb864-1739-4fd5-ac14-ff1ecb8c1d24: Group group-82FE8DDC79AF not found.
	at org.apache.ratis.server.impl.RaftServerProxy.groupRemoveAsync(RaftServerProxy.java:504)
	at org.apache.ratis.server.impl.RaftServerProxy.groupManagementAsync(RaftServerProxy.java:460)
	at org.apache.ratis.server.impl.RaftServerProxy.groupManagement(RaftServerProxy.java:440)
	at org.apache.hadoop.ozone.container.common.transport.server.ratis.XceiverServerRatis.removeGroup(XceiverServerRatis.java:786)
	... 4 more
2021-01-29 15:29:01,495 [Command processor thread] WARN  server.RaftServer (RaftServerProxy.java:remove(101)) - e9b6cb55-ded4-4b6d-beb1-e0e1d0ea549d: does not contain group: group-C890AF39A67A
2021-01-29 15:29:01,495 [Command processor thread] ERROR commandhandler.ClosePipelineCommandHandler (ClosePipelineCommandHandler.java:handle(78)) - Can't close pipeline PipelineID=06dd217f-3d6a-4fac-81df-c890af39a67a
java.io.IOException: e9b6cb55-ded4-4b6d-beb1-e0e1d0ea549d: Group group-C890AF39A67A not found.
	at org.apache.hadoop.ozone.container.common.transport.server.ratis.XceiverServerRatis.removeGroup(XceiverServerRatis.java:788)
	at org.apache.hadoop.ozone.container.common.statemachine.commandhandler.ClosePipelineCommandHandler.handle(ClosePipelineCommandHandler.java:74)
	at org.apache.hadoop.ozone.container.common.statemachine.commandhandler.CommandDispatcher.handle(CommandDispatcher.java:99)
	at org.apache.hadoop.ozone.container.common.statemachine.DatanodeStateMachine.lambda$initCommandHandlerThread$2(DatanodeStateMachine.java:498)
	at java.lang.Thread.run(Thread.java:748)
Caused by: org.apache.ratis.protocol.exceptions.GroupMismatchException: e9b6cb55-ded4-4b6d-beb1-e0e1d0ea549d: Group group-C890AF39A67A not found.
	at org.apache.ratis.server.impl.RaftServerProxy.groupRemoveAsync(RaftServerProxy.java:504)
	at org.apache.ratis.server.impl.RaftServerProxy.groupManagementAsync(RaftServerProxy.java:460)
	at org.apache.ratis.server.impl.RaftServerProxy.groupManagement(RaftServerProxy.java:440)
	at org.apache.hadoop.ozone.container.common.transport.server.ratis.XceiverServerRatis.removeGroup(XceiverServerRatis.java:786)
	... 4 more
2021-01-29 15:29:01,495 [Command processor thread] WARN  server.RaftServer (RaftServerProxy.java:remove(101)) - e9b6cb55-ded4-4b6d-beb1-e0e1d0ea549d: does not contain group: group-C890AF39A67A
2021-01-29 15:29:01,495 [Command processor thread] ERROR commandhandler.ClosePipelineCommandHandler (ClosePipelineCommandHandler.java:handle(78)) - Can't close pipeline PipelineID=06dd217f-3d6a-4fac-81df-c890af39a67a
java.io.IOException: e9b6cb55-ded4-4b6d-beb1-e0e1d0ea549d: Group group-C890AF39A67A not found.
	at org.apache.hadoop.ozone.container.common.transport.server.ratis.XceiverServerRatis.removeGroup(XceiverServerRatis.java:788)
	at org.apache.hadoop.ozone.container.common.statemachine.commandhandler.ClosePipelineCommandHandler.handle(ClosePipelineCommandHandler.java:74)
	at org.apache.hadoop.ozone.container.common.statemachine.commandhandler.CommandDispatcher.handle(CommandDispatcher.java:99)
	at org.apache.hadoop.ozone.container.common.statemachine.DatanodeStateMachine.lambda$initCommandHandlerThread$2(DatanodeStateMachine.java:498)
	at java.lang.Thread.run(Thread.java:748)
Caused by: org.apache.ratis.protocol.exceptions.GroupMismatchException: e9b6cb55-ded4-4b6d-beb1-e0e1d0ea549d: Group group-C890AF39A67A not found.
	at org.apache.ratis.server.impl.RaftServerProxy.groupRemoveAsync(RaftServerProxy.java:504)
	at org.apache.ratis.server.impl.RaftServerProxy.groupManagementAsync(RaftServerProxy.java:460)
	at org.apache.ratis.server.impl.RaftServerProxy.groupManagement(RaftServerProxy.java:440)
	at org.apache.hadoop.ozone.container.common.transport.server.ratis.XceiverServerRatis.removeGroup(XceiverServerRatis.java:786)
	... 4 more
2021-01-29 15:29:02,498 [Command processor thread] WARN  server.RaftServer (RaftServerProxy.java:remove(101)) - abd5dbec-f275-43c0-9ba5-e9315d47b38d: does not contain group: group-C890AF39A67A
2021-01-29 15:29:02,498 [Command processor thread] ERROR commandhandler.ClosePipelineCommandHandler (ClosePipelineCommandHandler.java:handle(78)) - Can't close pipeline PipelineID=06dd217f-3d6a-4fac-81df-c890af39a67a
java.io.IOException: abd5dbec-f275-43c0-9ba5-e9315d47b38d: Group group-C890AF39A67A not found.
	at org.apache.hadoop.ozone.container.common.transport.server.ratis.XceiverServerRatis.removeGroup(XceiverServerRatis.java:788)
	at org.apache.hadoop.ozone.container.common.statemachine.commandhandler.ClosePipelineCommandHandler.handle(ClosePipelineCommandHandler.java:74)
	at org.apache.hadoop.ozone.container.common.statemachine.commandhandler.CommandDispatcher.handle(CommandDispatcher.java:99)
	at org.apache.hadoop.ozone.container.common.statemachine.DatanodeStateMachine.lambda$initCommandHandlerThread$2(DatanodeStateMachine.java:498)
	at java.lang.Thread.run(Thread.java:748)
Caused by: org.apache.ratis.protocol.exceptions.GroupMismatchException: abd5dbec-f275-43c0-9ba5-e9315d47b38d: Group group-C890AF39A67A not found.
	at org.apache.ratis.server.impl.RaftServerProxy.groupRemoveAsync(RaftServerProxy.java:504)
	at org.apache.ratis.server.impl.RaftServerProxy.groupManagementAsync(RaftServerProxy.java:460)
	at org.apache.ratis.server.impl.RaftServerProxy.groupManagement(RaftServerProxy.java:440)
	at org.apache.hadoop.ozone.container.common.transport.server.ratis.XceiverServerRatis.removeGroup(XceiverServerRatis.java:786)
	... 4 more
2021-01-29 15:29:02,498 [Command processor thread] WARN  server.RaftServer (RaftServerProxy.java:remove(101)) - abd5dbec-f275-43c0-9ba5-e9315d47b38d: does not contain group: group-C890AF39A67A
2021-01-29 15:29:02,498 [Command processor thread] ERROR commandhandler.ClosePipelineCommandHandler (ClosePipelineCommandHandler.java:handle(78)) - Can't close pipeline PipelineID=06dd217f-3d6a-4fac-81df-c890af39a67a
java.io.IOException: abd5dbec-f275-43c0-9ba5-e9315d47b38d: Group group-C890AF39A67A not found.
	at org.apache.hadoop.ozone.container.common.transport.server.ratis.XceiverServerRatis.removeGroup(XceiverServerRatis.java:788)
	at org.apache.hadoop.ozone.container.common.statemachine.commandhandler.ClosePipelineCommandHandler.handle(ClosePipelineCommandHandler.java:74)
	at org.apache.hadoop.ozone.container.common.statemachine.commandhandler.CommandDispatcher.handle(CommandDispatcher.java:99)
	at org.apache.hadoop.ozone.container.common.statemachine.DatanodeStateMachine.lambda$initCommandHandlerThread$2(DatanodeStateMachine.java:498)
	at java.lang.Thread.run(Thread.java:748)
Caused by: org.apache.ratis.protocol.exceptions.GroupMismatchException: abd5dbec-f275-43c0-9ba5-e9315d47b38d: Group group-C890AF39A67A not found.
	at org.apache.ratis.server.impl.RaftServerProxy.groupRemoveAsync(RaftServerProxy.java:504)
	at org.apache.ratis.server.impl.RaftServerProxy.groupManagementAsync(RaftServerProxy.java:460)
	at org.apache.ratis.server.impl.RaftServerProxy.groupManagement(RaftServerProxy.java:440)
	at org.apache.hadoop.ozone.container.common.transport.server.ratis.XceiverServerRatis.removeGroup(XceiverServerRatis.java:786)
	... 4 more
2021-01-29 15:29:02,523 [Command processor thread] WARN  server.RaftServer (RaftServerProxy.java:remove(101)) - e29fa1fa-05e1-4a0c-9aa8-f5147e66917e: does not contain group: group-C890AF39A67A
2021-01-29 15:29:02,524 [Command processor thread] ERROR commandhandler.ClosePipelineCommandHandler (ClosePipelineCommandHandler.java:handle(78)) - Can't close pipeline PipelineID=06dd217f-3d6a-4fac-81df-c890af39a67a
java.io.IOException: e29fa1fa-05e1-4a0c-9aa8-f5147e66917e: Group group-C890AF39A67A not found.
	at org.apache.hadoop.ozone.container.common.transport.server.ratis.XceiverServerRatis.removeGroup(XceiverServerRatis.java:788)
	at org.apache.hadoop.ozone.container.common.statemachine.commandhandler.ClosePipelineCommandHandler.handle(ClosePipelineCommandHandler.java:74)
	at org.apache.hadoop.ozone.container.common.statemachine.commandhandler.CommandDispatcher.handle(CommandDispatcher.java:99)
	at org.apache.hadoop.ozone.container.common.statemachine.DatanodeStateMachine.lambda$initCommandHandlerThread$2(DatanodeStateMachine.java:498)
	at java.lang.Thread.run(Thread.java:748)
Caused by: org.apache.ratis.protocol.exceptions.GroupMismatchException: e29fa1fa-05e1-4a0c-9aa8-f5147e66917e: Group group-C890AF39A67A not found.
	at org.apache.ratis.server.impl.RaftServerProxy.groupRemoveAsync(RaftServerProxy.java:504)
	at org.apache.ratis.server.impl.RaftServerProxy.groupManagementAsync(RaftServerProxy.java:460)
	at org.apache.ratis.server.impl.RaftServerProxy.groupManagement(RaftServerProxy.java:440)
	at org.apache.hadoop.ozone.container.common.transport.server.ratis.XceiverServerRatis.removeGroup(XceiverServerRatis.java:786)
	... 4 more
2021-01-29 15:29:02,524 [Command processor thread] WARN  server.RaftServer (RaftServerProxy.java:remove(101)) - e29fa1fa-05e1-4a0c-9aa8-f5147e66917e: does not contain group: group-C890AF39A67A
2021-01-29 15:29:02,524 [Command processor thread] ERROR commandhandler.ClosePipelineCommandHandler (ClosePipelineCommandHandler.java:handle(78)) - Can't close pipeline PipelineID=06dd217f-3d6a-4fac-81df-c890af39a67a
java.io.IOException: e29fa1fa-05e1-4a0c-9aa8-f5147e66917e: Group group-C890AF39A67A not found.
	at org.apache.hadoop.ozone.container.common.transport.server.ratis.XceiverServerRatis.removeGroup(XceiverServerRatis.java:788)
	at org.apache.hadoop.ozone.container.common.statemachine.commandhandler.ClosePipelineCommandHandler.handle(ClosePipelineCommandHandler.java:74)
	at org.apache.hadoop.ozone.container.common.statemachine.commandhandler.CommandDispatcher.handle(CommandDispatcher.java:99)
	at org.apache.hadoop.ozone.container.common.statemachine.DatanodeStateMachine.lambda$initCommandHandlerThread$2(DatanodeStateMachine.java:498)
	at java.lang.Thread.run(Thread.java:748)
Caused by: org.apache.ratis.protocol.exceptions.GroupMismatchException: e29fa1fa-05e1-4a0c-9aa8-f5147e66917e: Group group-C890AF39A67A not found.
	at org.apache.ratis.server.impl.RaftServerProxy.groupRemoveAsync(RaftServerProxy.java:504)
	at org.apache.ratis.server.impl.RaftServerProxy.groupManagementAsync(RaftServerProxy.java:460)
	at org.apache.ratis.server.impl.RaftServerProxy.groupManagement(RaftServerProxy.java:440)
	at org.apache.hadoop.ozone.container.common.transport.server.ratis.XceiverServerRatis.removeGroup(XceiverServerRatis.java:786)
	... 4 more
2021-01-29 15:29:02,704 [Command processor thread] WARN  server.RaftServer (RaftServerProxy.java:remove(101)) - 917eb864-1739-4fd5-ac14-ff1ecb8c1d24: does not contain group: group-82FE8DDC79AF
2021-01-29 15:29:02,705 [Command processor thread] ERROR commandhandler.ClosePipelineCommandHandler (ClosePipelineCommandHandler.java:handle(78)) - Can't close pipeline PipelineID=ada21374-47fd-4d92-9ee3-82fe8ddc79af
java.io.IOException: 917eb864-1739-4fd5-ac14-ff1ecb8c1d24: Group group-82FE8DDC79AF not found.
	at org.apache.hadoop.ozone.container.common.transport.server.ratis.XceiverServerRatis.removeGroup(XceiverServerRatis.java:788)
	at org.apache.hadoop.ozone.container.common.statemachine.commandhandler.ClosePipelineCommandHandler.handle(ClosePipelineCommandHandler.java:74)
	at org.apache.hadoop.ozone.container.common.statemachine.commandhandler.CommandDispatcher.handle(CommandDispatcher.java:99)
	at org.apache.hadoop.ozone.container.common.statemachine.DatanodeStateMachine.lambda$initCommandHandlerThread$2(DatanodeStateMachine.java:498)
	at java.lang.Thread.run(Thread.java:748)
Caused by: org.apache.ratis.protocol.exceptions.GroupMismatchException: 917eb864-1739-4fd5-ac14-ff1ecb8c1d24: Group group-82FE8DDC79AF not found.
	at org.apache.ratis.server.impl.RaftServerProxy.groupRemoveAsync(RaftServerProxy.java:504)
	at org.apache.ratis.server.impl.RaftServerProxy.groupManagementAsync(RaftServerProxy.java:460)
	at org.apache.ratis.server.impl.RaftServerProxy.groupManagement(RaftServerProxy.java:440)
	at org.apache.hadoop.ozone.container.common.transport.server.ratis.XceiverServerRatis.removeGroup(XceiverServerRatis.java:786)
	... 4 more
2021-01-29 15:29:02,705 [Command processor thread] WARN  server.RaftServer (RaftServerProxy.java:remove(101)) - 917eb864-1739-4fd5-ac14-ff1ecb8c1d24: does not contain group: group-82FE8DDC79AF
2021-01-29 15:29:02,705 [Command processor thread] ERROR commandhandler.ClosePipelineCommandHandler (ClosePipelineCommandHandler.java:handle(78)) - Can't close pipeline PipelineID=ada21374-47fd-4d92-9ee3-82fe8ddc79af
java.io.IOException: 917eb864-1739-4fd5-ac14-ff1ecb8c1d24: Group group-82FE8DDC79AF not found.
	at org.apache.hadoop.ozone.container.common.transport.server.ratis.XceiverServerRatis.removeGroup(XceiverServerRatis.java:788)
	at org.apache.hadoop.ozone.container.common.statemachine.commandhandler.ClosePipelineCommandHandler.handle(ClosePipelineCommandHandler.java:74)
	at org.apache.hadoop.ozone.container.common.statemachine.commandhandler.CommandDispatcher.handle(CommandDispatcher.java:99)
	at org.apache.hadoop.ozone.container.common.statemachine.DatanodeStateMachine.lambda$initCommandHandlerThread$2(DatanodeStateMachine.java:498)
	at java.lang.Thread.run(Thread.java:748)
Caused by: org.apache.ratis.protocol.exceptions.GroupMismatchException: 917eb864-1739-4fd5-ac14-ff1ecb8c1d24: Group group-82FE8DDC79AF not found.
	at org.apache.ratis.server.impl.RaftServerProxy.groupRemoveAsync(RaftServerProxy.java:504)
	at org.apache.ratis.server.impl.RaftServerProxy.groupManagementAsync(RaftServerProxy.java:460)
	at org.apache.ratis.server.impl.RaftServerProxy.groupManagement(RaftServerProxy.java:440)
	at org.apache.hadoop.ozone.container.common.transport.server.ratis.XceiverServerRatis.removeGroup(XceiverServerRatis.java:786)
	... 4 more
2021-01-29 15:29:02,816 [java.util.concurrent.ThreadPoolExecutor$Worker@19081345[State = -1, empty queue]] INFO  metrics.RatisMetrics (RatisMetrics.java:lambda$create$0(36)) - Creating Metrics Registry : ratis.client_message_metrics.client-3DEFA16E1898->e29fa1fa-05e1-4a0c-9aa8-f5147e66917e
2021-01-29 15:29:02,828 [grpc-default-executor-0] ERROR storage.BlockOutputStream (BlockOutputStream.java:lambda$writeChunkToContainer$3(676)) - writing chunk failed 105639706255622167_chunk_1 blockID conID: 16 locID: 105639706255622167 bcsId: 0 with exception org.apache.ratis.protocol.exceptions.GroupMismatchException: e29fa1fa-05e1-4a0c-9aa8-f5147e66917e: group-C890AF39A67A not found.
2021-01-29 15:29:02,829 [grpc-default-executor-0] ERROR storage.BlockOutputStream (BlockOutputStream.java:lambda$writeChunkToContainer$3(676)) - writing chunk failed 105639706255622167_chunk_2 blockID conID: 16 locID: 105639706255622167 bcsId: 0 with exception org.apache.ratis.protocol.exceptions.AlreadyClosedException: SlidingWindow$Client:client-3DEFA16E1898->RAFT is closed.
2021-01-29 15:29:02,830 [Thread-875] WARN  io.KeyOutputStream (KeyOutputStream.java:handleException(312)) - Encountered exception java.io.IOException: Unexpected Storage Container Exception: java.util.concurrent.CompletionException: java.util.concurrent.CompletionException: org.apache.ratis.protocol.exceptions.GroupMismatchException: e29fa1fa-05e1-4a0c-9aa8-f5147e66917e: group-C890AF39A67A not found. on the pipeline Pipeline[ Id: 06dd217f-3d6a-4fac-81df-c890af39a67a, Nodes: e29fa1fa-05e1-4a0c-9aa8-f5147e66917e{ip: 172.17.0.2, host: 6dba130846a4, networkLocation: /default-rack, certSerialId: null, persistedOpState: IN_SERVICE, persistedOpStateExpiryEpochSec: 0}e9b6cb55-ded4-4b6d-beb1-e0e1d0ea549d{ip: 172.17.0.2, host: 6dba130846a4, networkLocation: /default-rack, certSerialId: null, persistedOpState: IN_SERVICE, persistedOpStateExpiryEpochSec: 0}abd5dbec-f275-43c0-9ba5-e9315d47b38d{ip: 172.17.0.2, host: 6dba130846a4, networkLocation: /default-rack, certSerialId: null, persistedOpState: IN_SERVICE, persistedOpStateExpiryEpochSec: 0}, Type:RATIS, Factor:THREE, State:OPEN, leaderId:abd5dbec-f275-43c0-9ba5-e9315d47b38d, CreationTimestamp2021-01-29T15:26:10.733Z]. The last committed block length is 0, uncommitted data length is 2097152 retry count 1
2021-01-29 15:29:02,831 [Thread-875] INFO  io.BlockOutputStreamEntryPool (BlockOutputStreamEntryPool.java:allocateNewBlock(241)) - Allocating block with ExcludeList {datanodes = [], containerIds = [], pipelineIds = [PipelineID=ada21374-47fd-4d92-9ee3-82fe8ddc79af, PipelineID=06dd217f-3d6a-4fac-81df-c890af39a67a]}
2021-01-29 15:29:02,838 [IPC Server handler 0 on default port 40533] WARN  block.BlockManagerImpl (BlockManagerImpl.java:allocateBlock(204)) - Pipeline creation failed for type:RATIS factor:THREE. Datanodes may be used up.
org.apache.hadoop.hdds.scm.exceptions.SCMException: Pipeline creation failed because nodes are engaged in other pipelines and every node can only be engaged in max 1 pipelines. Required 3. Found 1
	at org.apache.hadoop.hdds.scm.pipeline.PipelinePlacementPolicy.filterViableNodes(PipelinePlacementPolicy.java:172)
	at org.apache.hadoop.hdds.scm.pipeline.PipelinePlacementPolicy.chooseDatanodes(PipelinePlacementPolicy.java:224)
	at org.apache.hadoop.hdds.scm.pipeline.RatisPipelineProvider.create(RatisPipelineProvider.java:134)
	at org.apache.hadoop.hdds.scm.pipeline.PipelineFactory.create(PipelineFactory.java:63)
	at org.apache.hadoop.hdds.scm.pipeline.SCMPipelineManager.createPipeline(SCMPipelineManager.java:271)
	at org.apache.hadoop.hdds.scm.block.BlockManagerImpl.allocateBlock(BlockManagerImpl.java:199)
	at org.apache.hadoop.hdds.scm.server.SCMBlockProtocolServer.allocateBlock(SCMBlockProtocolServer.java:192)
	at org.apache.hadoop.hdds.scm.protocol.ScmBlockLocationProtocolServerSideTranslatorPB.allocateScmBlock(ScmBlockLocationProtocolServerSideTranslatorPB.java:161)
	at org.apache.hadoop.hdds.scm.protocol.ScmBlockLocationProtocolServerSideTranslatorPB.processMessage(ScmBlockLocationProtocolServerSideTranslatorPB.java:119)
	at org.apache.hadoop.hdds.server.OzoneProtocolMessageDispatcher.processRequest(OzoneProtocolMessageDispatcher.java:87)
	at org.apache.hadoop.hdds.scm.protocol.ScmBlockLocationProtocolServerSideTranslatorPB.send(ScmBlockLocationProtocolServerSideTranslatorPB.java:100)
	at org.apache.hadoop.hdds.protocol.proto.ScmBlockLocationProtocolProtos$ScmBlockLocationProtocolService$2.callBlockingMethod(ScmBlockLocationProtocolProtos.java:13175)
	at org.apache.hadoop.ipc.ProtobufRpcEngine$Server$ProtoBufRpcInvoker.call(ProtobufRpcEngine.java:528)
	at org.apache.hadoop.ipc.RPC$Server.call(RPC.java:1086)
	at org.apache.hadoop.ipc.Server$RpcCall.run(Server.java:1029)
	at org.apache.hadoop.ipc.Server$RpcCall.run(Server.java:957)
	at java.security.AccessController.doPrivileged(Native Method)
	at javax.security.auth.Subject.doAs(Subject.java:422)
	at org.apache.hadoop.security.UserGroupInformation.doAs(UserGroupInformation.java:1762)
	at org.apache.hadoop.ipc.Server$Handler.run(Server.java:2957)
2021-01-29 15:29:02,838 [IPC Server handler 0 on default port 40533] ERROR block.BlockManagerImpl (BlockManagerImpl.java:allocateBlock(247)) - Unable to allocate a block for the size: 4194304, type: RATIS, factor: THREE
]]></system-out>
  </testcase>
</testsuite>