<?xml version="1.0" encoding="UTF-8"?>
<testsuite xmlns:xsi="http://www.w3.org/2001/XMLSchema-instance" xsi:noNamespaceSchemaLocation="https://maven.apache.org/surefire/maven-surefire-plugin/xsd/surefire-test-report-3.0.xsd" version="3.0" name="org.apache.hadoop.ozone.TestSecureOzoneCluster" time="151.47" tests="16" errors="0" skipped="2" failures="1">
  <properties>
    <property name="awt.toolkit" value="sun.awt.X11.XToolkit"/>
    <property name="file.encoding.pkg" value="sun.io"/>
    <property name="java.specification.version" value="1.8"/>
    <property name="sun.cpu.isalist" value=""/>
    <property name="sun.jnu.encoding" value="UTF-8"/>
    <property name="java.class.path" value="/home/runner/work/ozone/ozone/hadoop-ozone/integration-test/target/test-classes:/home/runner/work/ozone/ozone/hadoop-ozone/integration-test/target/classes:/home/runner/.m2/repository/org/apache/ozone/ozone-common/1.4.0-SNAPSHOT/ozone-common-1.4.0-SNAPSHOT.jar:/home/runner/.m2/repository/io/grpc/grpc-netty/1.51.1/grpc-netty-1.51.1.jar:/home/runner/.m2/repository/io/grpc/grpc-core/1.51.1/grpc-core-1.51.1.jar:/home/runner/.m2/repository/com/google/android/annotations/4.1.1.4/annotations-4.1.1.4.jar:/home/runner/.m2/repository/org/codehaus/mojo/animal-sniffer-annotations/1.21/animal-sniffer-annotations-1.21.jar:/home/runner/.m2/repository/com/google/errorprone/error_prone_annotations/2.2.0/error_prone_annotations-2.2.0.jar:/home/runner/.m2/repository/io/perfmark/perfmark-api/0.25.0/perfmark-api-0.25.0.jar:/home/runner/.m2/repository/io/netty/netty-codec-http2/4.1.86.Final/netty-codec-http2-4.1.86.Final.jar:/home/runner/.m2/repository/io/netty/netty-common/4.1.86.Final/netty-common-4.1.86.Final.jar:/home/runner/.m2/repository/io/netty/netty-buffer/4.1.86.Final/netty-buffer-4.1.86.Final.jar:/home/runner/.m2/repository/io/netty/netty-codec-http/4.1.86.Final/netty-codec-http-4.1.86.Final.jar:/home/runner/.m2/repository/io/netty/netty-handler-proxy/4.1.86.Final/netty-handler-proxy-4.1.86.Final.jar:/home/runner/.m2/repository/io/netty/netty-codec-socks/4.1.86.Final/netty-codec-socks-4.1.86.Final.jar:/home/runner/.m2/repository/io/netty/netty-tcnative-boringssl-static/2.0.54.Final/netty-tcnative-boringssl-static-2.0.54.Final.jar:/home/runner/.m2/repository/io/netty/netty-tcnative-classes/2.0.54.Final/netty-tcnative-classes-2.0.54.Final.jar:/home/runner/.m2/repository/io/netty/netty-tcnative-boringssl-static/2.0.54.Final/netty-tcnative-boringssl-static-2.0.54.Final-linux-x86_64.jar:/home/runner/.m2/repository/io/netty/netty-tcnative-boringssl-static/2.0.54.Final/netty-tcnative-boringssl-static-2.0.54.Final-linux-aarch_64.jar:/home/runner/.m2/repository/io/netty/netty-tcnative-boringssl-static/2.0.54.Final/netty-tcnative-boringssl-static-2.0.54.Final-osx-x86_64.jar:/home/runner/.m2/repository/io/netty/netty-tcnative-boringssl-static/2.0.54.Final/netty-tcnative-boringssl-static-2.0.54.Final-osx-aarch_64.jar:/home/runner/.m2/repository/io/netty/netty-tcnative-boringssl-static/2.0.54.Final/netty-tcnative-boringssl-static-2.0.54.Final-windows-x86_64.jar:/home/runner/.m2/repository/org/apache/commons/commons-compress/1.21/commons-compress-1.21.jar:/home/runner/.m2/repository/org/apache/ozone/hdds-common/1.4.0-SNAPSHOT/hdds-common-1.4.0-SNAPSHOT.jar:/home/runner/.m2/repository/org/apache/ozone/hdds-client/1.4.0-SNAPSHOT/hdds-client-1.4.0-SNAPSHOT.jar:/home/runner/.m2/repository/org/apache/ozone/ozone-interface-client/1.4.0-SNAPSHOT/ozone-interface-client-1.4.0-SNAPSHOT.jar:/home/runner/.m2/repository/org/apache/hadoop/hadoop-hdfs-client/3.3.6/hadoop-hdfs-client-3.3.6.jar:/home/runner/.m2/repository/com/squareup/okhttp3/okhttp/4.9.3/okhttp-4.9.3.jar:/home/runner/.m2/repository/com/squareup/okio/okio/2.8.0/okio-2.8.0.jar:/home/runner/.m2/repository/org/jetbrains/kotlin/kotlin-stdlib-common/1.6.21/kotlin-stdlib-common-1.6.21.jar:/home/runner/.m2/repository/org/apache/ozone/hdds-test-utils/1.4.0-SNAPSHOT/hdds-test-utils-1.4.0-SNAPSHOT.jar:/home/runner/.m2/repository/com/google/guava/guava/32.0.0-jre/guava-32.0.0-jre.jar:/home/runner/.m2/repository/com/google/guava/failureaccess/1.0.1/failureaccess-1.0.1.jar:/home/runner/.m2/repository/com/google/guava/listenablefuture/9999.0-empty-to-avoid-conflict-with-guava/listenablefuture-9999.0-empty-to-avoid-conflict-with-guava.jar:/home/runner/.m2/repository/com/google/code/findbugs/jsr305/3.0.0/jsr305-3.0.0.jar:/home/runner/.m2/repository/org/checkerframework/checker-qual/3.33.0/checker-qual-3.33.0.jar:/home/runner/.m2/repository/com/google/j2objc/j2objc-annotations/2.8/j2objc-annotations-2.8.jar:/home/runner/.m2/repository/commons-io/commons-io/2.11.0/commons-io-2.11.0.jar:/home/runner/.m2/repository/commons-logging/commons-logging/1.2/commons-logging-1.2.jar:/home/runner/.m2/repository/ch/qos/reload4j/reload4j/1.2.22/reload4j-1.2.22.jar:/home/runner/.m2/repository/org/slf4j/slf4j-api/1.7.36/slf4j-api-1.7.36.jar:/home/runner/.m2/repository/org/apache/ozone/hdds-server-scm/1.4.0-SNAPSHOT/hdds-server-scm-1.4.0-SNAPSHOT.jar:/home/runner/.m2/repository/org/apache/ozone/hdds-container-service/1.4.0-SNAPSHOT/hdds-container-service-1.4.0-SNAPSHOT.jar:/home/runner/.m2/repository/org/apache/ozone/hdds-hadoop-dependency-server/1.4.0-SNAPSHOT/hdds-hadoop-dependency-server-1.4.0-SNAPSHOT.jar:/home/runner/.m2/repository/org/apache/hadoop/hadoop-hdfs/3.3.6/hadoop-hdfs-3.3.6.jar:/home/runner/.m2/repository/commons-daemon/commons-daemon/1.0.13/commons-daemon-1.0.13.jar:/home/runner/.m2/repository/org/apache/ozone/hdds-server-framework/1.4.0-SNAPSHOT/hdds-server-framework-1.4.0-SNAPSHOT.jar:/home/runner/.m2/repository/io/dropwizard/metrics/metrics-core/3.2.4/metrics-core-3.2.4.jar:/home/runner/.m2/repository/org/apache/commons/commons-text/1.10.0/commons-text-1.10.0.jar:/home/runner/.m2/repository/org/bouncycastle/bcprov-jdk15on/1.67/bcprov-jdk15on-1.67.jar:/home/runner/.m2/repository/com/google/protobuf/protobuf-java/2.5.0/protobuf-java-2.5.0.jar:/home/runner/.m2/repository/org/apache/ozone/hdds-server-framework/1.4.0-SNAPSHOT/hdds-server-framework-1.4.0-SNAPSHOT-tests.jar:/home/runner/.m2/repository/org/apache/ozone/hdds-interface-server/1.4.0-SNAPSHOT/hdds-interface-server-1.4.0-SNAPSHOT.jar:/home/runner/.m2/repository/org/apache/ozone/hdds-interface-admin/1.4.0-SNAPSHOT/hdds-interface-admin-1.4.0-SNAPSHOT.jar:/home/runner/.m2/repository/org/apache/ozone/hdds-managed-rocksdb/1.4.0-SNAPSHOT/hdds-managed-rocksdb-1.4.0-SNAPSHOT.jar:/home/runner/.m2/repository/org/rocksdb/rocksdbjni/7.7.3/rocksdbjni-7.7.3.jar:/home/runner/.m2/repository/org/slf4j/slf4j-reload4j/1.7.36/slf4j-reload4j-1.7.36.jar:/home/runner/.m2/repository/org/apache/commons/commons-configuration2/2.1.1/commons-configuration2-2.1.1.jar:/home/runner/.m2/repository/commons-fileupload/commons-fileupload/1.5/commons-fileupload-1.5.jar:/home/runner/.m2/repository/org/apache/logging/log4j/log4j-core/2.17.1/log4j-core-2.17.1.jar:/home/runner/.m2/repository/com/lmax/disruptor/3.4.2/disruptor-3.4.2.jar:/home/runner/.m2/repository/org/eclipse/jetty/jetty-util/9.4.51.v20230217/jetty-util-9.4.51.v20230217.jar:/home/runner/.m2/repository/org/eclipse/jetty/jetty-server/9.4.51.v20230217/jetty-server-9.4.51.v20230217.jar:/home/runner/.m2/repository/org/eclipse/jetty/jetty-http/9.4.51.v20230217/jetty-http-9.4.51.v20230217.jar:/home/runner/.m2/repository/org/eclipse/jetty/jetty-io/9.4.51.v20230217/jetty-io-9.4.51.v20230217.jar:/home/runner/.m2/repository/org/eclipse/jetty/jetty-servlet/9.4.51.v20230217/jetty-servlet-9.4.51.v20230217.jar:/home/runner/.m2/repository/org/eclipse/jetty/jetty-security/9.4.51.v20230217/jetty-security-9.4.51.v20230217.jar:/home/runner/.m2/repository/org/eclipse/jetty/jetty-util-ajax/9.4.51.v20230217/jetty-util-ajax-9.4.51.v20230217.jar:/home/runner/.m2/repository/org/eclipse/jetty/jetty-webapp/9.4.51.v20230217/jetty-webapp-9.4.51.v20230217.jar:/home/runner/.m2/repository/org/eclipse/jetty/jetty-xml/9.4.51.v20230217/jetty-xml-9.4.51.v20230217.jar:/home/runner/.m2/repository/org/apache/ratis/ratis-server/2.5.1/ratis-server-2.5.1.jar:/home/runner/.m2/repository/org/apache/ratis/ratis-thirdparty-misc/1.0.4/ratis-thirdparty-misc-1.0.4.jar:/home/runner/.m2/repository/org/apache/ratis/ratis-proto/2.5.1/ratis-proto-2.5.1.jar:/home/runner/.m2/repository/org/apache/ratis/ratis-common/2.5.1/ratis-common-2.5.1.jar:/home/runner/.m2/repository/org/apache/ratis/ratis-client/2.5.1/ratis-client-2.5.1.jar:/home/runner/.m2/repository/org/apache/ratis/ratis-server-api/2.5.1/ratis-server-api-2.5.1.jar:/home/runner/.m2/repository/org/apache/ratis/ratis-metrics/2.5.1/ratis-metrics-2.5.1.jar:/home/runner/.m2/repository/io/prometheus/simpleclient_dropwizard/0.7.0/simpleclient_dropwizard-0.7.0.jar:/home/runner/.m2/repository/io/prometheus/simpleclient/0.7.0/simpleclient-0.7.0.jar:/home/runner/.m2/repository/io/prometheus/simpleclient_common/0.7.0/simpleclient_common-0.7.0.jar:/home/runner/.m2/repository/com/fasterxml/jackson/datatype/jackson-datatype-jsr310/2.13.4/jackson-datatype-jsr310-2.13.4.jar:/home/runner/.m2/repository/com/fasterxml/jackson/core/jackson-core/2.13.4/jackson-core-2.13.4.jar:/home/runner/.m2/repository/com/github/spotbugs/spotbugs-annotations/3.1.12/spotbugs-annotations-3.1.12.jar:/home/runner/.m2/repository/org/apache/ozone/rocksdb-checkpoint-differ/1.4.0-SNAPSHOT/rocksdb-checkpoint-differ-1.4.0-SNAPSHOT.jar:/home/runner/.m2/repository/org/awaitility/awaitility/4.2.0/awaitility-4.2.0.jar:/home/runner/.m2/repository/org/hamcrest/hamcrest/2.1/hamcrest-2.1.jar:/home/runner/.m2/repository/org/apache/ozone/ozone-manager/1.4.0-SNAPSHOT/ozone-manager-1.4.0-SNAPSHOT.jar:/home/runner/.m2/repository/org/aspectj/aspectjrt/1.9.7/aspectjrt-1.9.7.jar:/home/runner/.m2/repository/org/aspectj/aspectjweaver/1.9.7/aspectjweaver-1.9.7.jar:/home/runner/.m2/repository/org/apache/ozone/hdds-interface-client/1.4.0-SNAPSHOT/hdds-interface-client-1.4.0-SNAPSHOT.jar:/home/runner/.m2/repository/org/apache/hadoop/thirdparty/hadoop-shaded-protobuf_3_7/1.1.1/hadoop-shaded-protobuf_3_7-1.1.1.jar:/home/runner/.m2/repository/org/apache/ozone/ozone-interface-storage/1.4.0-SNAPSHOT/ozone-interface-storage-1.4.0-SNAPSHOT.jar:/home/runner/.m2/repository/org/reflections/reflections/0.9.11/reflections-0.9.11.jar:/home/runner/.m2/repository/com/sun/jersey/jersey-client/1.19/jersey-client-1.19.jar:/home/runner/.m2/repository/org/codehaus/jackson/jackson-core-asl/1.9.13/jackson-core-asl-1.9.13.jar:/home/runner/.m2/repository/org/codehaus/jackson/jackson-mapper-asl/1.9.13/jackson-mapper-asl-1.9.13.jar:/home/runner/.m2/repository/org/codehaus/jackson/jackson-jaxrs/1.9.13/jackson-jaxrs-1.9.13.jar:/home/runner/.m2/repository/org/apache/ranger/ranger-intg/2.3.0/ranger-intg-2.3.0.jar:/home/runner/.m2/repository/org/apache/ranger/ranger-plugins-common/2.3.0/ranger-plugins-common-2.3.0.jar:/home/runner/.m2/repository/commons-lang/commons-lang/2.6/commons-lang-2.6.jar:/home/runner/.m2/repository/org/apache/ranger/ranger-plugins-cred/2.3.0/ranger-plugins-cred-2.3.0.jar:/home/runner/.m2/repository/org/apache/ranger/ranger-plugins-audit/2.3.0/ranger-plugins-audit-2.3.0.jar:/home/runner/.m2/repository/org/eclipse/jetty/jetty-client/9.4.51.v20230217/jetty-client-9.4.51.v20230217.jar:/home/runner/.m2/repository/org/apache/httpcomponents/httpmime/4.5.6/httpmime-4.5.6.jar:/home/runner/.m2/repository/org/apache/httpcomponents/httpcore-nio/4.4.13/httpcore-nio-4.4.13.jar:/home/runner/.m2/repository/org/apache/httpcomponents/httpasyncclient/4.1.3/httpasyncclient-4.1.3.jar:/home/runner/.m2/repository/com/carrotsearch/hppc/0.8.0/hppc-0.8.0.jar:/home/runner/.m2/repository/org/apache/orc/orc-core/1.5.8/orc-core-1.5.8.jar:/home/runner/.m2/repository/net/java/dev/jna/jna/5.2.0/jna-5.2.0.jar:/home/runner/.m2/repository/net/java/dev/jna/jna-platform/5.2.0/jna-platform-5.2.0.jar:/home/runner/.m2/repository/com/kstruct/gethostname4j/0.0.2/gethostname4j-0.0.2.jar:/home/runner/.m2/repository/org/apache/ranger/ranger-plugin-classloader/2.3.0/ranger-plugin-classloader-2.3.0.jar:/home/runner/.m2/repository/org/apache/ozone/hdds-rocks-native/1.4.0-SNAPSHOT/hdds-rocks-native-1.4.0-SNAPSHOT.jar:/home/runner/.m2/repository/org/apache/hadoop/hadoop-minikdc/3.3.6/hadoop-minikdc-3.3.6.jar:/home/runner/.m2/repository/org/apache/kerby/kerb-simplekdc/1.0.1/kerb-simplekdc-1.0.1.jar:/home/runner/.m2/repository/org/apache/kerby/kerb-client/1.0.1/kerb-client-1.0.1.jar:/home/runner/.m2/repository/org/apache/kerby/kerby-config/1.0.1/kerby-config-1.0.1.jar:/home/runner/.m2/repository/org/apache/kerby/kerb-common/1.0.1/kerb-common-1.0.1.jar:/home/runner/.m2/repository/org/apache/kerby/kerb-crypto/1.0.1/kerb-crypto-1.0.1.jar:/home/runner/.m2/repository/org/apache/kerby/kerb-util/1.0.1/kerb-util-1.0.1.jar:/home/runner/.m2/repository/org/apache/kerby/token-provider/1.0.1/token-provider-1.0.1.jar:/home/runner/.m2/repository/org/apache/kerby/kerb-admin/1.0.1/kerb-admin-1.0.1.jar:/home/runner/.m2/repository/org/apache/kerby/kerb-server/1.0.1/kerb-server-1.0.1.jar:/home/runner/.m2/repository/org/apache/kerby/kerb-identity/1.0.1/kerb-identity-1.0.1.jar:/home/runner/.m2/repository/org/apache/kerby/kerby-xdr/1.0.1/kerby-xdr-1.0.1.jar:/home/runner/.m2/repository/org/apache/ozone/ozone-s3gateway/1.4.0-SNAPSHOT/ozone-s3gateway-1.4.0-SNAPSHOT.jar:/home/runner/.m2/repository/org/javassist/javassist/3.21.0-GA/javassist-3.21.0-GA.jar:/home/runner/.m2/repository/org/jboss/weld/servlet/weld-servlet-shaded/3.1.9.Final/weld-servlet-shaded-3.1.9.Final.jar:/home/runner/.m2/repository/org/glassfish/jersey/containers/jersey-container-servlet-core/2.34/jersey-container-servlet-core-2.34.jar:/home/runner/.m2/repository/org/glassfish/hk2/external/jakarta.inject/2.6.1/jakarta.inject-2.6.1.jar:/home/runner/.m2/repository/org/glassfish/jersey/core/jersey-common/2.34/jersey-common-2.34.jar:/home/runner/.m2/repository/jakarta/ws/rs/jakarta.ws.rs-api/2.1.6/jakarta.ws.rs-api-2.1.6.jar:/home/runner/.m2/repository/org/glassfish/jersey/ext/cdi/jersey-cdi1x/2.34/jersey-cdi1x-2.34.jar:/home/runner/.m2/repository/org/glassfish/jersey/inject/jersey-hk2/2.34/jersey-hk2-2.34.jar:/home/runner/.m2/repository/org/glassfish/hk2/hk2-locator/2.6.1/hk2-locator-2.6.1.jar:/home/runner/.m2/repository/org/glassfish/jersey/media/jersey-media-jaxb/2.34/jersey-media-jaxb-2.34.jar:/home/runner/.m2/repository/org/glassfish/hk2/osgi-resource-locator/1.0.3/osgi-resource-locator-1.0.3.jar:/home/runner/.m2/repository/org/glassfish/hk2/hk2-api/2.5.0/hk2-api-2.5.0.jar:/home/runner/.m2/repository/org/glassfish/hk2/hk2-utils/2.5.0/hk2-utils-2.5.0.jar:/home/runner/.m2/repository/org/glassfish/hk2/external/aopalliance-repackaged/2.5.0/aopalliance-repackaged-2.5.0.jar:/home/runner/.m2/repository/com/fasterxml/jackson/dataformat/jackson-dataformat-xml/2.13.4/jackson-dataformat-xml-2.13.4.jar:/home/runner/.m2/repository/org/codehaus/woodstox/stax2-api/4.2.1/stax2-api-4.2.1.jar:/home/runner/.m2/repository/com/fasterxml/woodstox/woodstox-core/5.4.0/woodstox-core-5.4.0.jar:/home/runner/.m2/repository/com/fasterxml/jackson/module/jackson-module-jaxb-annotations/2.13.4/jackson-module-jaxb-annotations-2.13.4.jar:/home/runner/.m2/repository/jakarta/xml/bind/jakarta.xml.bind-api/2.3.3/jakarta.xml.bind-api-2.3.3.jar:/home/runner/.m2/repository/jakarta/activation/jakarta.activation-api/1.2.2/jakarta.activation-api-1.2.2.jar:/home/runner/.m2/repository/javax/enterprise/cdi-api/2.0/cdi-api-2.0.jar:/home/runner/.m2/repository/javax/el/javax.el-api/3.0.0/javax.el-api-3.0.0.jar:/home/runner/.m2/repository/javax/interceptor/javax.interceptor-api/1.2/javax.interceptor-api-1.2.jar:/home/runner/.m2/repository/javax/inject/javax.inject/1/javax.inject-1.jar:/home/runner/.m2/repository/javax/xml/bind/jaxb-api/2.3.0/jaxb-api-2.3.0.jar:/home/runner/.m2/repository/org/glassfish/jaxb/jaxb-runtime/2.3.0.1/jaxb-runtime-2.3.0.1.jar:/home/runner/.m2/repository/org/glassfish/jaxb/jaxb-core/2.3.0.1/jaxb-core-2.3.0.1.jar:/home/runner/.m2/repository/org/glassfish/jaxb/txw2/2.3.0.1/txw2-2.3.0.1.jar:/home/runner/.m2/repository/com/sun/istack/istack-commons-runtime/3.0.5/istack-commons-runtime-3.0.5.jar:/home/runner/.m2/repository/org/jvnet/staxex/stax-ex/1.7.8/stax-ex-1.7.8.jar:/home/runner/.m2/repository/com/sun/xml/fastinfoset/FastInfoset/1.2.13/FastInfoset-1.2.13.jar:/home/runner/.m2/repository/javax/activation/activation/1.1.1/activation-1.1.1.jar:/home/runner/.m2/repository/io/grpc/grpc-protobuf/1.51.1/grpc-protobuf-1.51.1.jar:/home/runner/.m2/repository/com/google/api/grpc/proto-google-common-protos/2.9.0/proto-google-common-protos-2.9.0.jar:/home/runner/.m2/repository/io/grpc/grpc-protobuf-lite/1.51.1/grpc-protobuf-lite-1.51.1.jar:/home/runner/.m2/repository/io/grpc/grpc-stub/1.51.1/grpc-stub-1.51.1.jar:/home/runner/.m2/repository/io/netty/netty-transport/4.1.86.Final/netty-transport-4.1.86.Final.jar:/home/runner/.m2/repository/io/netty/netty-resolver/4.1.86.Final/netty-resolver-4.1.86.Final.jar:/home/runner/.m2/repository/org/apache/ozone/ozone-csi/1.4.0-SNAPSHOT/ozone-csi-1.4.0-SNAPSHOT.jar:/home/runner/.m2/repository/com/google/protobuf/protobuf-java-util/3.19.6/protobuf-java-util-3.19.6.jar:/home/runner/.m2/repository/com/google/code/gson/gson/2.9.0/gson-2.9.0.jar:/home/runner/.m2/repository/org/apache/ozone/hdds-config/1.4.0-SNAPSHOT/hdds-config-1.4.0-SNAPSHOT.jar:/home/runner/.m2/repository/io/netty/netty-transport-native-epoll/4.1.86.Final/netty-transport-native-epoll-4.1.86.Final-linux-x86_64.jar:/home/runner/.m2/repository/io/netty/netty-transport-classes-epoll/4.1.86.Final/netty-transport-classes-epoll-4.1.86.Final.jar:/home/runner/.m2/repository/io/netty/netty-transport-native-unix-common/4.1.86.Final/netty-transport-native-unix-common-4.1.86.Final.jar:/home/runner/.m2/repository/org/apache/ozone/ozone-recon/1.4.0-SNAPSHOT/ozone-recon-1.4.0-SNAPSHOT.jar:/home/runner/.m2/repository/org/apache/ozone/ozone-reconcodegen/1.4.0-SNAPSHOT/ozone-reconcodegen-1.4.0-SNAPSHOT.jar:/home/runner/.m2/repository/com/google/inject/guice/5.1.0/guice-5.1.0.jar:/home/runner/.m2/repository/aopalliance/aopalliance/1.0/aopalliance-1.0.jar:/home/runner/.m2/repository/com/google/inject/extensions/guice-assistedinject/5.1.0/guice-assistedinject-5.1.0.jar:/home/runner/.m2/repository/com/google/inject/extensions/guice-servlet/5.1.0/guice-servlet-5.1.0.jar:/home/runner/.m2/repository/org/glassfish/jersey/containers/jersey-container-servlet/2.34/jersey-container-servlet-2.34.jar:/home/runner/.m2/repository/org/glassfish/hk2/guice-bridge/2.5.0/guice-bridge-2.5.0.jar:/home/runner/.m2/repository/org/glassfish/jersey/core/jersey-server/2.34/jersey-server-2.34.jar:/home/runner/.m2/repository/org/glassfish/jersey/core/jersey-client/2.34/jersey-client-2.34.jar:/home/runner/.m2/repository/jakarta/annotation/jakarta.annotation-api/1.3.5/jakarta.annotation-api-1.3.5.jar:/home/runner/.m2/repository/jakarta/validation/jakarta.validation-api/2.0.2/jakarta.validation-api-2.0.2.jar:/home/runner/.m2/repository/org/glassfish/jersey/media/jersey-media-json-jackson/2.34/jersey-media-json-jackson-2.34.jar:/home/runner/.m2/repository/org/glassfish/jersey/ext/jersey-entity-filtering/2.34/jersey-entity-filtering-2.34.jar:/home/runner/.m2/repository/org/jooq/jooq/3.11.10/jooq-3.11.10.jar:/home/runner/.m2/repository/org/jooq/jooq-meta/3.11.10/jooq-meta-3.11.10.jar:/home/runner/.m2/repository/org/jooq/jooq-codegen/3.11.10/jooq-codegen-3.11.10.jar:/home/runner/.m2/repository/com/jolbox/bonecp/0.8.0.RELEASE/bonecp-0.8.0.RELEASE.jar:/home/runner/.m2/repository/org/apache/derby/derby/10.14.2.0/derby-10.14.2.0.jar:/home/runner/.m2/repository/org/xerial/sqlite-jdbc/3.41.2.2/sqlite-jdbc-3.41.2.2.jar:/home/runner/.m2/repository/org/springframework/spring-jdbc/5.3.27/spring-jdbc-5.3.27.jar:/home/runner/.m2/repository/org/springframework/spring-beans/5.3.27/spring-beans-5.3.27.jar:/home/runner/.m2/repository/org/springframework/spring-core/5.3.27/spring-core-5.3.27.jar:/home/runner/.m2/repository/org/springframework/spring-tx/5.3.27/spring-tx-5.3.27.jar:/home/runner/.m2/repository/org/apache/ozone/ozone-client/1.4.0-SNAPSHOT/ozone-client-1.4.0-SNAPSHOT.jar:/home/runner/.m2/repository/org/apache/ozone/hdds-erasurecode/1.4.0-SNAPSHOT/hdds-erasurecode-1.4.0-SNAPSHOT.jar:/home/runner/.m2/repository/org/apache/ozone/ozone-filesystem/1.4.0-SNAPSHOT/ozone-filesystem-1.4.0-SNAPSHOT.jar:/home/runner/.m2/repository/org/apache/ozone/ozone-filesystem-common/1.4.0-SNAPSHOT/ozone-filesystem-common-1.4.0-SNAPSHOT.jar:/home/runner/.m2/repository/org/apache/ozone/ozone-tools/1.4.0-SNAPSHOT/ozone-tools-1.4.0-SNAPSHOT.jar:/home/runner/.m2/repository/com/amazonaws/aws-java-sdk-core/1.12.261/aws-java-sdk-core-1.12.261.jar:/home/runner/.m2/repository/org/apache/httpcomponents/httpclient/4.5.13/httpclient-4.5.13.jar:/home/runner/.m2/repository/org/apache/httpcomponents/httpcore/4.4.13/httpcore-4.4.13.jar:/home/runner/.m2/repository/software/amazon/ion/ion-java/1.0.2/ion-java-1.0.2.jar:/home/runner/.m2/repository/com/fasterxml/jackson/dataformat/jackson-dataformat-cbor/2.13.4/jackson-dataformat-cbor-2.13.4.jar:/home/runner/.m2/repository/joda-time/joda-time/2.10.6/joda-time-2.10.6.jar:/home/runner/.m2/repository/com/amazonaws/aws-java-sdk-s3/1.12.261/aws-java-sdk-s3-1.12.261.jar:/home/runner/.m2/repository/com/amazonaws/aws-java-sdk-kms/1.12.261/aws-java-sdk-kms-1.12.261.jar:/home/runner/.m2/repository/com/amazonaws/jmespath-java/1.12.261/jmespath-java-1.12.261.jar:/home/runner/.m2/repository/org/kohsuke/metainf-services/metainf-services/1.8/metainf-services-1.8.jar:/home/runner/.m2/repository/org/apache/ozone/hdds-tools/1.4.0-SNAPSHOT/hdds-tools-1.4.0-SNAPSHOT.jar:/home/runner/.m2/repository/org/apache/ratis/ratis-tools/2.5.1/ratis-tools-2.5.1.jar:/home/runner/.m2/repository/commons-cli/commons-cli/1.2/commons-cli-1.2.jar:/home/runner/.m2/repository/org/apache/commons/commons-lang3/3.7/commons-lang3-3.7.jar:/home/runner/.m2/repository/org/apache/ozone/ozone-manager/1.4.0-SNAPSHOT/ozone-manager-1.4.0-SNAPSHOT-tests.jar:/home/runner/.m2/repository/org/apache/ozone/hdds-common/1.4.0-SNAPSHOT/hdds-common-1.4.0-SNAPSHOT-tests.jar:/home/runner/.m2/repository/org/apache/ozone/hdds-hadoop-dependency-client/1.4.0-SNAPSHOT/hdds-hadoop-dependency-client-1.4.0-SNAPSHOT.jar:/home/runner/.m2/repository/info/picocli/picocli/4.6.1/picocli-4.6.1.jar:/home/runner/.m2/repository/com/fasterxml/jackson/core/jackson-annotations/2.13.4/jackson-annotations-2.13.4.jar:/home/runner/.m2/repository/org/apache/ozone/hdds-annotation-processing/1.4.0-SNAPSHOT/hdds-annotation-processing-1.4.0-SNAPSHOT.jar:/home/runner/.m2/repository/javax/annotation/javax.annotation-api/1.2/javax.annotation-api-1.2.jar:/home/runner/.m2/repository/org/apache/ratis/ratis-netty/2.5.1/ratis-netty-2.5.1.jar:/home/runner/.m2/repository/org/apache/ratis/ratis-grpc/2.5.1/ratis-grpc-2.5.1.jar:/home/runner/.m2/repository/org/apache/logging/log4j/log4j-api/2.17.1/log4j-api-2.17.1.jar:/home/runner/.m2/repository/org/apache/commons/commons-pool2/2.6.0/commons-pool2-2.6.0.jar:/home/runner/.m2/repository/org/bouncycastle/bcpkix-jdk15on/1.67/bcpkix-jdk15on-1.67.jar:/home/runner/.m2/repository/commons-validator/commons-validator/1.6/commons-validator-1.6.jar:/home/runner/.m2/repository/commons-beanutils/commons-beanutils/1.9.4/commons-beanutils-1.9.4.jar:/home/runner/.m2/repository/commons-digester/commons-digester/1.8.1/commons-digester-1.8.1.jar:/home/runner/.m2/repository/commons-collections/commons-collections/3.2.2/commons-collections-3.2.2.jar:/home/runner/.m2/repository/io/jaegertracing/jaeger-client/1.6.0/jaeger-client-1.6.0.jar:/home/runner/.m2/repository/io/jaegertracing/jaeger-thrift/1.6.0/jaeger-thrift-1.6.0.jar:/home/runner/.m2/repository/org/apache/thrift/libthrift/0.14.1/libthrift-0.14.1.jar:/home/runner/.m2/repository/io/jaegertracing/jaeger-core/1.6.0/jaeger-core-1.6.0.jar:/home/runner/.m2/repository/io/jaegertracing/jaeger-tracerresolver/1.6.0/jaeger-tracerresolver-1.6.0.jar:/home/runner/.m2/repository/io/opentracing/contrib/opentracing-tracerresolver/0.1.8/opentracing-tracerresolver-0.1.8.jar:/home/runner/.m2/repository/org/jetbrains/kotlin/kotlin-stdlib/1.6.21/kotlin-stdlib-1.6.21.jar:/home/runner/.m2/repository/org/jetbrains/annotations/13.0/annotations-13.0.jar:/home/runner/.m2/repository/io/opentracing/opentracing-util/0.33.0/opentracing-util-0.33.0.jar:/home/runner/.m2/repository/io/opentracing/opentracing-api/0.33.0/opentracing-api-0.33.0.jar:/home/runner/.m2/repository/io/opentracing/opentracing-noop/0.33.0/opentracing-noop-0.33.0.jar:/home/runner/.m2/repository/org/yaml/snakeyaml/2.0/snakeyaml-2.0.jar:/home/runner/.m2/repository/io/grpc/grpc-api/1.51.1/grpc-api-1.51.1.jar:/home/runner/.m2/repository/io/grpc/grpc-context/1.51.1/grpc-context-1.51.1.jar:/home/runner/.m2/repository/junit/junit/4.13.1/junit-4.13.1.jar:/home/runner/.m2/repository/org/hamcrest/hamcrest-core/1.3/hamcrest-core-1.3.jar:/home/runner/.m2/repository/org/junit/jupiter/junit-jupiter-api/5.8.2/junit-jupiter-api-5.8.2.jar:/home/runner/.m2/repository/org/opentest4j/opentest4j/1.2.0/opentest4j-1.2.0.jar:/home/runner/.m2/repository/org/junit/platform/junit-platform-commons/1.8.2/junit-platform-commons-1.8.2.jar:/home/runner/.m2/repository/org/apiguardian/apiguardian-api/1.1.2/apiguardian-api-1.1.2.jar:/home/runner/.m2/repository/org/junit/jupiter/junit-jupiter-params/5.8.2/junit-jupiter-params-5.8.2.jar:/home/runner/.m2/repository/org/junit/jupiter/junit-jupiter-migrationsupport/5.8.2/junit-jupiter-migrationsupport-5.8.2.jar:/home/runner/.m2/repository/org/junit/jupiter/junit-jupiter-engine/5.8.2/junit-jupiter-engine-5.8.2.jar:/home/runner/.m2/repository/org/junit/platform/junit-platform-engine/1.8.2/junit-platform-engine-1.8.2.jar:/home/runner/.m2/repository/org/junit/vintage/junit-vintage-engine/5.8.2/junit-vintage-engine-5.8.2.jar:/home/runner/.m2/repository/org/junit/platform/junit-platform-launcher/1.8.2/junit-platform-launcher-1.8.2.jar:/home/runner/.m2/repository/org/mockito/mockito-core/3.5.9/mockito-core-3.5.9.jar:/home/runner/.m2/repository/net/bytebuddy/byte-buddy/1.10.13/byte-buddy-1.10.13.jar:/home/runner/.m2/repository/net/bytebuddy/byte-buddy-agent/1.10.13/byte-buddy-agent-1.10.13.jar:/home/runner/.m2/repository/org/objenesis/objenesis/1.0/objenesis-1.0.jar:/home/runner/.m2/repository/org/apache/hadoop/hadoop-kms/3.3.6/hadoop-kms-3.3.6.jar:/home/runner/.m2/repository/org/apache/hadoop/hadoop-auth/3.3.6/hadoop-auth-3.3.6.jar:/home/runner/.m2/repository/com/nimbusds/nimbus-jose-jwt/9.8.1/nimbus-jose-jwt-9.8.1.jar:/home/runner/.m2/repository/com/github/stephenc/jcip/jcip-annotations/1.0-1/jcip-annotations-1.0-1.jar:/home/runner/.m2/repository/org/apache/zookeeper/zookeeper/3.5.6/zookeeper-3.5.6.jar:/home/runner/.m2/repository/org/apache/zookeeper/zookeeper-jute/3.5.6/zookeeper-jute-3.5.6.jar:/home/runner/.m2/repository/org/apache/yetus/audience-annotations/0.5.0/audience-annotations-0.5.0.jar:/home/runner/.m2/repository/org/apache/curator/curator-framework/4.2.0/curator-framework-4.2.0.jar:/home/runner/.m2/repository/org/apache/hadoop/thirdparty/hadoop-shaded-guava/1.1.1/hadoop-shaded-guava-1.1.1.jar:/home/runner/.m2/repository/com/sun/jersey/jersey-core/1.19/jersey-core-1.19.jar:/home/runner/.m2/repository/javax/ws/rs/jsr311-api/1.1.1/jsr311-api-1.1.1.jar:/home/runner/.m2/repository/com/sun/jersey/jersey-server/1.19/jersey-server-1.19.jar:/home/runner/.m2/repository/javax/servlet/javax.servlet-api/3.1.0/javax.servlet-api-3.1.0.jar:/home/runner/.m2/repository/org/apache/hadoop/hadoop-common/3.3.6/hadoop-common-3.3.6.jar:/home/runner/.m2/repository/org/apache/commons/commons-math3/3.1.1/commons-math3-3.1.1.jar:/home/runner/.m2/repository/commons-net/commons-net/3.9.0/commons-net-3.9.0.jar:/home/runner/.m2/repository/com/sun/jersey/jersey-servlet/1.19/jersey-servlet-1.19.jar:/home/runner/.m2/repository/com/github/pjfanning/jersey-json/1.20/jersey-json-1.20.jar:/home/runner/.m2/repository/org/codehaus/jettison/jettison/1.1/jettison-1.1.jar:/home/runner/.m2/repository/com/sun/xml/bind/jaxb-impl/2.2.3-1/jaxb-impl-2.2.3-1.jar:/home/runner/.m2/repository/com/google/re2j/re2j/1.1/re2j-1.1.jar:/home/runner/.m2/repository/com/jcraft/jsch/0.1.54/jsch-0.1.54.jar:/home/runner/.m2/repository/org/apache/curator/curator-client/4.2.0/curator-client-4.2.0.jar:/home/runner/.m2/repository/org/apache/curator/curator-recipes/5.2.0/curator-recipes-5.2.0.jar:/home/runner/.m2/repository/org/apache/kerby/kerb-core/1.0.1/kerb-core-1.0.1.jar:/home/runner/.m2/repository/org/apache/kerby/kerby-pkix/1.0.1/kerby-pkix-1.0.1.jar:/home/runner/.m2/repository/org/apache/kerby/kerby-asn1/1.0.1/kerby-asn1-1.0.1.jar:/home/runner/.m2/repository/org/apache/kerby/kerby-util/1.0.1/kerby-util-1.0.1.jar:/home/runner/.m2/repository/dnsjava/dnsjava/2.1.7/dnsjava-2.1.7.jar:/home/runner/.m2/repository/org/xerial/snappy/snappy-java/1.1.8.2/snappy-java-1.1.8.2.jar:/home/runner/.m2/repository/com/fasterxml/jackson/core/jackson-databind/2.13.4.2/jackson-databind-2.13.4.2.jar:/home/runner/.m2/repository/org/apache/hadoop/hadoop-kms/3.3.6/hadoop-kms-3.3.6-tests.jar:/home/runner/.m2/repository/org/apache/ozone/hdds-server-scm/1.4.0-SNAPSHOT/hdds-server-scm-1.4.0-SNAPSHOT-tests.jar:/home/runner/.m2/repository/org/apache/ozone/hdds-container-service/1.4.0-SNAPSHOT/hdds-container-service-1.4.0-SNAPSHOT-tests.jar:/home/runner/.m2/repository/com/github/luben/zstd-jni/1.5.2-5/zstd-jni-1.5.2-5.jar:/home/runner/.m2/repository/commons-codec/commons-codec/1.15/commons-codec-1.15.jar:/home/runner/.m2/repository/io/netty/netty-codec/4.1.86.Final/netty-codec-4.1.86.Final.jar:/home/runner/.m2/repository/io/netty/netty-handler/4.1.86.Final/netty-handler-4.1.86.Final.jar:/home/runner/.m2/repository/org/apache/ozone/hdds-hadoop-dependency-test/1.4.0-SNAPSHOT/hdds-hadoop-dependency-test-1.4.0-SNAPSHOT.jar:/home/runner/.m2/repository/org/apache/hadoop/hadoop-common/3.3.6/hadoop-common-3.3.6-tests.jar:/home/runner/.m2/repository/org/apache/hadoop/hadoop-hdfs/3.3.6/hadoop-hdfs-3.3.6-tests.jar:/home/runner/.m2/repository/org/assertj/assertj-core/3.12.2/assertj-core-3.12.2.jar:/home/runner/.m2/repository/org/apache/hadoop/hadoop-distcp/3.3.6/hadoop-distcp-3.3.6.jar:/home/runner/.m2/repository/org/apache/hadoop/hadoop-mapreduce-client-jobclient/3.3.6/hadoop-mapreduce-client-jobclient-3.3.6.jar:/home/runner/.m2/repository/org/apache/hadoop/hadoop-mapreduce-client-common/3.3.6/hadoop-mapreduce-client-common-3.3.6.jar:/home/runner/.m2/repository/org/apache/hadoop/hadoop-yarn-common/3.3.6/hadoop-yarn-common-3.3.6.jar:/home/runner/.m2/repository/org/apache/hadoop/hadoop-yarn-api/3.3.6/hadoop-yarn-api-3.3.6.jar:/home/runner/.m2/repository/com/sun/jersey/contribs/jersey-guice/1.19/jersey-guice-1.19.jar:/home/runner/.m2/repository/com/fasterxml/jackson/jaxrs/jackson-jaxrs-json-provider/2.13.4/jackson-jaxrs-json-provider-2.13.4.jar:/home/runner/.m2/repository/com/fasterxml/jackson/jaxrs/jackson-jaxrs-base/2.13.4/jackson-jaxrs-base-2.13.4.jar:/home/runner/.m2/repository/org/apache/hadoop/hadoop-yarn-client/3.3.6/hadoop-yarn-client-3.3.6.jar:/home/runner/.m2/repository/org/eclipse/jetty/websocket/websocket-client/9.4.51.v20230217/websocket-client-9.4.51.v20230217.jar:/home/runner/.m2/repository/org/eclipse/jetty/websocket/websocket-common/9.4.51.v20230217/websocket-common-9.4.51.v20230217.jar:/home/runner/.m2/repository/org/eclipse/jetty/websocket/websocket-api/9.4.51.v20230217/websocket-api-9.4.51.v20230217.jar:/home/runner/.m2/repository/org/jline/jline/3.9.0/jline-3.9.0.jar:/home/runner/.m2/repository/org/apache/hadoop/hadoop-mapreduce-client-core/3.3.6/hadoop-mapreduce-client-core-3.3.6.jar:/home/runner/.m2/repository/org/apache/avro/avro/1.7.7/avro-1.7.7.jar:/home/runner/.m2/repository/com/thoughtworks/paranamer/paranamer/2.3/paranamer-2.3.jar:/home/runner/.m2/repository/org/apache/hadoop/hadoop-annotations/3.3.6/hadoop-annotations-3.3.6.jar:/usr/lib/jvm/temurin-8-jdk-amd64/jre/../lib/tools.jar:/home/runner/.m2/repository/io/netty/netty/3.10.6.Final/netty-3.10.6.Final.jar:/home/runner/.m2/repository/org/apache/hadoop/hadoop-distcp/3.3.6/hadoop-distcp-3.3.6-tests.jar:/home/runner/.m2/repository/org/slf4j/jul-to-slf4j/1.7.36/jul-to-slf4j-1.7.36.jar:"/>
    <property name="java.vm.vendor" value="Temurin"/>
    <property name="sun.arch.data.model" value="64"/>
    <property name="test.build.dir" value="/home/runner/work/ozone/ozone/hadoop-ozone/integration-test/target/test-dir"/>
    <property name="sun.security.krb5.debug" value="false"/>
    <property name="test.cache.data" value=""/>
    <property name="java.vendor.url" value="https://adoptium.net/"/>
    <property name="user.timezone" value="Etc/UTC"/>
    <property name="os.name" value="Linux"/>
    <property name="java.vm.specification.version" value="1.8"/>
    <property name="test.build.data" value="/home/runner/work/ozone/ozone/hadoop-ozone/integration-test/target/test-dir"/>
    <property name="sun.java.launcher" value="SUN_STANDARD"/>
    <property name="sun.boot.library.path" value="/usr/lib/jvm/temurin-8-jdk-amd64/jre/lib/amd64"/>
    <property name="sun.java.command" value="/home/runner/work/ozone/ozone/hadoop-ozone/integration-test/target/surefire/surefirebooter1439501286126617248.jar /home/runner/work/ozone/ozone/hadoop-ozone/integration-test/target/surefire 2023-07-13T02-04-31_320-jvmRun1 surefire3022947079714552820tmp surefire_13784722057026333800tmp"/>
    <property name="native.lib.tmp.dir" value="/tmp"/>
    <property name="surefire.test.class.path" value="/home/runner/work/ozone/ozone/hadoop-ozone/integration-test/target/test-classes:/home/runner/work/ozone/ozone/hadoop-ozone/integration-test/target/classes:/home/runner/.m2/repository/org/apache/ozone/ozone-common/1.4.0-SNAPSHOT/ozone-common-1.4.0-SNAPSHOT.jar:/home/runner/.m2/repository/io/grpc/grpc-netty/1.51.1/grpc-netty-1.51.1.jar:/home/runner/.m2/repository/io/grpc/grpc-core/1.51.1/grpc-core-1.51.1.jar:/home/runner/.m2/repository/com/google/android/annotations/4.1.1.4/annotations-4.1.1.4.jar:/home/runner/.m2/repository/org/codehaus/mojo/animal-sniffer-annotations/1.21/animal-sniffer-annotations-1.21.jar:/home/runner/.m2/repository/com/google/errorprone/error_prone_annotations/2.2.0/error_prone_annotations-2.2.0.jar:/home/runner/.m2/repository/io/perfmark/perfmark-api/0.25.0/perfmark-api-0.25.0.jar:/home/runner/.m2/repository/io/netty/netty-codec-http2/4.1.86.Final/netty-codec-http2-4.1.86.Final.jar:/home/runner/.m2/repository/io/netty/netty-common/4.1.86.Final/netty-common-4.1.86.Final.jar:/home/runner/.m2/repository/io/netty/netty-buffer/4.1.86.Final/netty-buffer-4.1.86.Final.jar:/home/runner/.m2/repository/io/netty/netty-codec-http/4.1.86.Final/netty-codec-http-4.1.86.Final.jar:/home/runner/.m2/repository/io/netty/netty-handler-proxy/4.1.86.Final/netty-handler-proxy-4.1.86.Final.jar:/home/runner/.m2/repository/io/netty/netty-codec-socks/4.1.86.Final/netty-codec-socks-4.1.86.Final.jar:/home/runner/.m2/repository/io/netty/netty-tcnative-boringssl-static/2.0.54.Final/netty-tcnative-boringssl-static-2.0.54.Final.jar:/home/runner/.m2/repository/io/netty/netty-tcnative-classes/2.0.54.Final/netty-tcnative-classes-2.0.54.Final.jar:/home/runner/.m2/repository/io/netty/netty-tcnative-boringssl-static/2.0.54.Final/netty-tcnative-boringssl-static-2.0.54.Final-linux-x86_64.jar:/home/runner/.m2/repository/io/netty/netty-tcnative-boringssl-static/2.0.54.Final/netty-tcnative-boringssl-static-2.0.54.Final-linux-aarch_64.jar:/home/runner/.m2/repository/io/netty/netty-tcnative-boringssl-static/2.0.54.Final/netty-tcnative-boringssl-static-2.0.54.Final-osx-x86_64.jar:/home/runner/.m2/repository/io/netty/netty-tcnative-boringssl-static/2.0.54.Final/netty-tcnative-boringssl-static-2.0.54.Final-osx-aarch_64.jar:/home/runner/.m2/repository/io/netty/netty-tcnative-boringssl-static/2.0.54.Final/netty-tcnative-boringssl-static-2.0.54.Final-windows-x86_64.jar:/home/runner/.m2/repository/org/apache/commons/commons-compress/1.21/commons-compress-1.21.jar:/home/runner/.m2/repository/org/apache/ozone/hdds-common/1.4.0-SNAPSHOT/hdds-common-1.4.0-SNAPSHOT.jar:/home/runner/.m2/repository/org/apache/ozone/hdds-client/1.4.0-SNAPSHOT/hdds-client-1.4.0-SNAPSHOT.jar:/home/runner/.m2/repository/org/apache/ozone/ozone-interface-client/1.4.0-SNAPSHOT/ozone-interface-client-1.4.0-SNAPSHOT.jar:/home/runner/.m2/repository/org/apache/hadoop/hadoop-hdfs-client/3.3.6/hadoop-hdfs-client-3.3.6.jar:/home/runner/.m2/repository/com/squareup/okhttp3/okhttp/4.9.3/okhttp-4.9.3.jar:/home/runner/.m2/repository/com/squareup/okio/okio/2.8.0/okio-2.8.0.jar:/home/runner/.m2/repository/org/jetbrains/kotlin/kotlin-stdlib-common/1.6.21/kotlin-stdlib-common-1.6.21.jar:/home/runner/.m2/repository/org/apache/ozone/hdds-test-utils/1.4.0-SNAPSHOT/hdds-test-utils-1.4.0-SNAPSHOT.jar:/home/runner/.m2/repository/com/google/guava/guava/32.0.0-jre/guava-32.0.0-jre.jar:/home/runner/.m2/repository/com/google/guava/failureaccess/1.0.1/failureaccess-1.0.1.jar:/home/runner/.m2/repository/com/google/guava/listenablefuture/9999.0-empty-to-avoid-conflict-with-guava/listenablefuture-9999.0-empty-to-avoid-conflict-with-guava.jar:/home/runner/.m2/repository/com/google/code/findbugs/jsr305/3.0.0/jsr305-3.0.0.jar:/home/runner/.m2/repository/org/checkerframework/checker-qual/3.33.0/checker-qual-3.33.0.jar:/home/runner/.m2/repository/com/google/j2objc/j2objc-annotations/2.8/j2objc-annotations-2.8.jar:/home/runner/.m2/repository/commons-io/commons-io/2.11.0/commons-io-2.11.0.jar:/home/runner/.m2/repository/commons-logging/commons-logging/1.2/commons-logging-1.2.jar:/home/runner/.m2/repository/ch/qos/reload4j/reload4j/1.2.22/reload4j-1.2.22.jar:/home/runner/.m2/repository/org/slf4j/slf4j-api/1.7.36/slf4j-api-1.7.36.jar:/home/runner/.m2/repository/org/apache/ozone/hdds-server-scm/1.4.0-SNAPSHOT/hdds-server-scm-1.4.0-SNAPSHOT.jar:/home/runner/.m2/repository/org/apache/ozone/hdds-container-service/1.4.0-SNAPSHOT/hdds-container-service-1.4.0-SNAPSHOT.jar:/home/runner/.m2/repository/org/apache/ozone/hdds-hadoop-dependency-server/1.4.0-SNAPSHOT/hdds-hadoop-dependency-server-1.4.0-SNAPSHOT.jar:/home/runner/.m2/repository/org/apache/hadoop/hadoop-hdfs/3.3.6/hadoop-hdfs-3.3.6.jar:/home/runner/.m2/repository/commons-daemon/commons-daemon/1.0.13/commons-daemon-1.0.13.jar:/home/runner/.m2/repository/org/apache/ozone/hdds-server-framework/1.4.0-SNAPSHOT/hdds-server-framework-1.4.0-SNAPSHOT.jar:/home/runner/.m2/repository/io/dropwizard/metrics/metrics-core/3.2.4/metrics-core-3.2.4.jar:/home/runner/.m2/repository/org/apache/commons/commons-text/1.10.0/commons-text-1.10.0.jar:/home/runner/.m2/repository/org/bouncycastle/bcprov-jdk15on/1.67/bcprov-jdk15on-1.67.jar:/home/runner/.m2/repository/com/google/protobuf/protobuf-java/2.5.0/protobuf-java-2.5.0.jar:/home/runner/.m2/repository/org/apache/ozone/hdds-server-framework/1.4.0-SNAPSHOT/hdds-server-framework-1.4.0-SNAPSHOT-tests.jar:/home/runner/.m2/repository/org/apache/ozone/hdds-interface-server/1.4.0-SNAPSHOT/hdds-interface-server-1.4.0-SNAPSHOT.jar:/home/runner/.m2/repository/org/apache/ozone/hdds-interface-admin/1.4.0-SNAPSHOT/hdds-interface-admin-1.4.0-SNAPSHOT.jar:/home/runner/.m2/repository/org/apache/ozone/hdds-managed-rocksdb/1.4.0-SNAPSHOT/hdds-managed-rocksdb-1.4.0-SNAPSHOT.jar:/home/runner/.m2/repository/org/rocksdb/rocksdbjni/7.7.3/rocksdbjni-7.7.3.jar:/home/runner/.m2/repository/org/slf4j/slf4j-reload4j/1.7.36/slf4j-reload4j-1.7.36.jar:/home/runner/.m2/repository/org/apache/commons/commons-configuration2/2.1.1/commons-configuration2-2.1.1.jar:/home/runner/.m2/repository/commons-fileupload/commons-fileupload/1.5/commons-fileupload-1.5.jar:/home/runner/.m2/repository/org/apache/logging/log4j/log4j-core/2.17.1/log4j-core-2.17.1.jar:/home/runner/.m2/repository/com/lmax/disruptor/3.4.2/disruptor-3.4.2.jar:/home/runner/.m2/repository/org/eclipse/jetty/jetty-util/9.4.51.v20230217/jetty-util-9.4.51.v20230217.jar:/home/runner/.m2/repository/org/eclipse/jetty/jetty-server/9.4.51.v20230217/jetty-server-9.4.51.v20230217.jar:/home/runner/.m2/repository/org/eclipse/jetty/jetty-http/9.4.51.v20230217/jetty-http-9.4.51.v20230217.jar:/home/runner/.m2/repository/org/eclipse/jetty/jetty-io/9.4.51.v20230217/jetty-io-9.4.51.v20230217.jar:/home/runner/.m2/repository/org/eclipse/jetty/jetty-servlet/9.4.51.v20230217/jetty-servlet-9.4.51.v20230217.jar:/home/runner/.m2/repository/org/eclipse/jetty/jetty-security/9.4.51.v20230217/jetty-security-9.4.51.v20230217.jar:/home/runner/.m2/repository/org/eclipse/jetty/jetty-util-ajax/9.4.51.v20230217/jetty-util-ajax-9.4.51.v20230217.jar:/home/runner/.m2/repository/org/eclipse/jetty/jetty-webapp/9.4.51.v20230217/jetty-webapp-9.4.51.v20230217.jar:/home/runner/.m2/repository/org/eclipse/jetty/jetty-xml/9.4.51.v20230217/jetty-xml-9.4.51.v20230217.jar:/home/runner/.m2/repository/org/apache/ratis/ratis-server/2.5.1/ratis-server-2.5.1.jar:/home/runner/.m2/repository/org/apache/ratis/ratis-thirdparty-misc/1.0.4/ratis-thirdparty-misc-1.0.4.jar:/home/runner/.m2/repository/org/apache/ratis/ratis-proto/2.5.1/ratis-proto-2.5.1.jar:/home/runner/.m2/repository/org/apache/ratis/ratis-common/2.5.1/ratis-common-2.5.1.jar:/home/runner/.m2/repository/org/apache/ratis/ratis-client/2.5.1/ratis-client-2.5.1.jar:/home/runner/.m2/repository/org/apache/ratis/ratis-server-api/2.5.1/ratis-server-api-2.5.1.jar:/home/runner/.m2/repository/org/apache/ratis/ratis-metrics/2.5.1/ratis-metrics-2.5.1.jar:/home/runner/.m2/repository/io/prometheus/simpleclient_dropwizard/0.7.0/simpleclient_dropwizard-0.7.0.jar:/home/runner/.m2/repository/io/prometheus/simpleclient/0.7.0/simpleclient-0.7.0.jar:/home/runner/.m2/repository/io/prometheus/simpleclient_common/0.7.0/simpleclient_common-0.7.0.jar:/home/runner/.m2/repository/com/fasterxml/jackson/datatype/jackson-datatype-jsr310/2.13.4/jackson-datatype-jsr310-2.13.4.jar:/home/runner/.m2/repository/com/fasterxml/jackson/core/jackson-core/2.13.4/jackson-core-2.13.4.jar:/home/runner/.m2/repository/com/github/spotbugs/spotbugs-annotations/3.1.12/spotbugs-annotations-3.1.12.jar:/home/runner/.m2/repository/org/apache/ozone/rocksdb-checkpoint-differ/1.4.0-SNAPSHOT/rocksdb-checkpoint-differ-1.4.0-SNAPSHOT.jar:/home/runner/.m2/repository/org/awaitility/awaitility/4.2.0/awaitility-4.2.0.jar:/home/runner/.m2/repository/org/hamcrest/hamcrest/2.1/hamcrest-2.1.jar:/home/runner/.m2/repository/org/apache/ozone/ozone-manager/1.4.0-SNAPSHOT/ozone-manager-1.4.0-SNAPSHOT.jar:/home/runner/.m2/repository/org/aspectj/aspectjrt/1.9.7/aspectjrt-1.9.7.jar:/home/runner/.m2/repository/org/aspectj/aspectjweaver/1.9.7/aspectjweaver-1.9.7.jar:/home/runner/.m2/repository/org/apache/ozone/hdds-interface-client/1.4.0-SNAPSHOT/hdds-interface-client-1.4.0-SNAPSHOT.jar:/home/runner/.m2/repository/org/apache/hadoop/thirdparty/hadoop-shaded-protobuf_3_7/1.1.1/hadoop-shaded-protobuf_3_7-1.1.1.jar:/home/runner/.m2/repository/org/apache/ozone/ozone-interface-storage/1.4.0-SNAPSHOT/ozone-interface-storage-1.4.0-SNAPSHOT.jar:/home/runner/.m2/repository/org/reflections/reflections/0.9.11/reflections-0.9.11.jar:/home/runner/.m2/repository/com/sun/jersey/jersey-client/1.19/jersey-client-1.19.jar:/home/runner/.m2/repository/org/codehaus/jackson/jackson-core-asl/1.9.13/jackson-core-asl-1.9.13.jar:/home/runner/.m2/repository/org/codehaus/jackson/jackson-mapper-asl/1.9.13/jackson-mapper-asl-1.9.13.jar:/home/runner/.m2/repository/org/codehaus/jackson/jackson-jaxrs/1.9.13/jackson-jaxrs-1.9.13.jar:/home/runner/.m2/repository/org/apache/ranger/ranger-intg/2.3.0/ranger-intg-2.3.0.jar:/home/runner/.m2/repository/org/apache/ranger/ranger-plugins-common/2.3.0/ranger-plugins-common-2.3.0.jar:/home/runner/.m2/repository/commons-lang/commons-lang/2.6/commons-lang-2.6.jar:/home/runner/.m2/repository/org/apache/ranger/ranger-plugins-cred/2.3.0/ranger-plugins-cred-2.3.0.jar:/home/runner/.m2/repository/org/apache/ranger/ranger-plugins-audit/2.3.0/ranger-plugins-audit-2.3.0.jar:/home/runner/.m2/repository/org/eclipse/jetty/jetty-client/9.4.51.v20230217/jetty-client-9.4.51.v20230217.jar:/home/runner/.m2/repository/org/apache/httpcomponents/httpmime/4.5.6/httpmime-4.5.6.jar:/home/runner/.m2/repository/org/apache/httpcomponents/httpcore-nio/4.4.13/httpcore-nio-4.4.13.jar:/home/runner/.m2/repository/org/apache/httpcomponents/httpasyncclient/4.1.3/httpasyncclient-4.1.3.jar:/home/runner/.m2/repository/com/carrotsearch/hppc/0.8.0/hppc-0.8.0.jar:/home/runner/.m2/repository/org/apache/orc/orc-core/1.5.8/orc-core-1.5.8.jar:/home/runner/.m2/repository/net/java/dev/jna/jna/5.2.0/jna-5.2.0.jar:/home/runner/.m2/repository/net/java/dev/jna/jna-platform/5.2.0/jna-platform-5.2.0.jar:/home/runner/.m2/repository/com/kstruct/gethostname4j/0.0.2/gethostname4j-0.0.2.jar:/home/runner/.m2/repository/org/apache/ranger/ranger-plugin-classloader/2.3.0/ranger-plugin-classloader-2.3.0.jar:/home/runner/.m2/repository/org/apache/ozone/hdds-rocks-native/1.4.0-SNAPSHOT/hdds-rocks-native-1.4.0-SNAPSHOT.jar:/home/runner/.m2/repository/org/apache/hadoop/hadoop-minikdc/3.3.6/hadoop-minikdc-3.3.6.jar:/home/runner/.m2/repository/org/apache/kerby/kerb-simplekdc/1.0.1/kerb-simplekdc-1.0.1.jar:/home/runner/.m2/repository/org/apache/kerby/kerb-client/1.0.1/kerb-client-1.0.1.jar:/home/runner/.m2/repository/org/apache/kerby/kerby-config/1.0.1/kerby-config-1.0.1.jar:/home/runner/.m2/repository/org/apache/kerby/kerb-common/1.0.1/kerb-common-1.0.1.jar:/home/runner/.m2/repository/org/apache/kerby/kerb-crypto/1.0.1/kerb-crypto-1.0.1.jar:/home/runner/.m2/repository/org/apache/kerby/kerb-util/1.0.1/kerb-util-1.0.1.jar:/home/runner/.m2/repository/org/apache/kerby/token-provider/1.0.1/token-provider-1.0.1.jar:/home/runner/.m2/repository/org/apache/kerby/kerb-admin/1.0.1/kerb-admin-1.0.1.jar:/home/runner/.m2/repository/org/apache/kerby/kerb-server/1.0.1/kerb-server-1.0.1.jar:/home/runner/.m2/repository/org/apache/kerby/kerb-identity/1.0.1/kerb-identity-1.0.1.jar:/home/runner/.m2/repository/org/apache/kerby/kerby-xdr/1.0.1/kerby-xdr-1.0.1.jar:/home/runner/.m2/repository/org/apache/ozone/ozone-s3gateway/1.4.0-SNAPSHOT/ozone-s3gateway-1.4.0-SNAPSHOT.jar:/home/runner/.m2/repository/org/javassist/javassist/3.21.0-GA/javassist-3.21.0-GA.jar:/home/runner/.m2/repository/org/jboss/weld/servlet/weld-servlet-shaded/3.1.9.Final/weld-servlet-shaded-3.1.9.Final.jar:/home/runner/.m2/repository/org/glassfish/jersey/containers/jersey-container-servlet-core/2.34/jersey-container-servlet-core-2.34.jar:/home/runner/.m2/repository/org/glassfish/hk2/external/jakarta.inject/2.6.1/jakarta.inject-2.6.1.jar:/home/runner/.m2/repository/org/glassfish/jersey/core/jersey-common/2.34/jersey-common-2.34.jar:/home/runner/.m2/repository/jakarta/ws/rs/jakarta.ws.rs-api/2.1.6/jakarta.ws.rs-api-2.1.6.jar:/home/runner/.m2/repository/org/glassfish/jersey/ext/cdi/jersey-cdi1x/2.34/jersey-cdi1x-2.34.jar:/home/runner/.m2/repository/org/glassfish/jersey/inject/jersey-hk2/2.34/jersey-hk2-2.34.jar:/home/runner/.m2/repository/org/glassfish/hk2/hk2-locator/2.6.1/hk2-locator-2.6.1.jar:/home/runner/.m2/repository/org/glassfish/jersey/media/jersey-media-jaxb/2.34/jersey-media-jaxb-2.34.jar:/home/runner/.m2/repository/org/glassfish/hk2/osgi-resource-locator/1.0.3/osgi-resource-locator-1.0.3.jar:/home/runner/.m2/repository/org/glassfish/hk2/hk2-api/2.5.0/hk2-api-2.5.0.jar:/home/runner/.m2/repository/org/glassfish/hk2/hk2-utils/2.5.0/hk2-utils-2.5.0.jar:/home/runner/.m2/repository/org/glassfish/hk2/external/aopalliance-repackaged/2.5.0/aopalliance-repackaged-2.5.0.jar:/home/runner/.m2/repository/com/fasterxml/jackson/dataformat/jackson-dataformat-xml/2.13.4/jackson-dataformat-xml-2.13.4.jar:/home/runner/.m2/repository/org/codehaus/woodstox/stax2-api/4.2.1/stax2-api-4.2.1.jar:/home/runner/.m2/repository/com/fasterxml/woodstox/woodstox-core/5.4.0/woodstox-core-5.4.0.jar:/home/runner/.m2/repository/com/fasterxml/jackson/module/jackson-module-jaxb-annotations/2.13.4/jackson-module-jaxb-annotations-2.13.4.jar:/home/runner/.m2/repository/jakarta/xml/bind/jakarta.xml.bind-api/2.3.3/jakarta.xml.bind-api-2.3.3.jar:/home/runner/.m2/repository/jakarta/activation/jakarta.activation-api/1.2.2/jakarta.activation-api-1.2.2.jar:/home/runner/.m2/repository/javax/enterprise/cdi-api/2.0/cdi-api-2.0.jar:/home/runner/.m2/repository/javax/el/javax.el-api/3.0.0/javax.el-api-3.0.0.jar:/home/runner/.m2/repository/javax/interceptor/javax.interceptor-api/1.2/javax.interceptor-api-1.2.jar:/home/runner/.m2/repository/javax/inject/javax.inject/1/javax.inject-1.jar:/home/runner/.m2/repository/javax/xml/bind/jaxb-api/2.3.0/jaxb-api-2.3.0.jar:/home/runner/.m2/repository/org/glassfish/jaxb/jaxb-runtime/2.3.0.1/jaxb-runtime-2.3.0.1.jar:/home/runner/.m2/repository/org/glassfish/jaxb/jaxb-core/2.3.0.1/jaxb-core-2.3.0.1.jar:/home/runner/.m2/repository/org/glassfish/jaxb/txw2/2.3.0.1/txw2-2.3.0.1.jar:/home/runner/.m2/repository/com/sun/istack/istack-commons-runtime/3.0.5/istack-commons-runtime-3.0.5.jar:/home/runner/.m2/repository/org/jvnet/staxex/stax-ex/1.7.8/stax-ex-1.7.8.jar:/home/runner/.m2/repository/com/sun/xml/fastinfoset/FastInfoset/1.2.13/FastInfoset-1.2.13.jar:/home/runner/.m2/repository/javax/activation/activation/1.1.1/activation-1.1.1.jar:/home/runner/.m2/repository/io/grpc/grpc-protobuf/1.51.1/grpc-protobuf-1.51.1.jar:/home/runner/.m2/repository/com/google/api/grpc/proto-google-common-protos/2.9.0/proto-google-common-protos-2.9.0.jar:/home/runner/.m2/repository/io/grpc/grpc-protobuf-lite/1.51.1/grpc-protobuf-lite-1.51.1.jar:/home/runner/.m2/repository/io/grpc/grpc-stub/1.51.1/grpc-stub-1.51.1.jar:/home/runner/.m2/repository/io/netty/netty-transport/4.1.86.Final/netty-transport-4.1.86.Final.jar:/home/runner/.m2/repository/io/netty/netty-resolver/4.1.86.Final/netty-resolver-4.1.86.Final.jar:/home/runner/.m2/repository/org/apache/ozone/ozone-csi/1.4.0-SNAPSHOT/ozone-csi-1.4.0-SNAPSHOT.jar:/home/runner/.m2/repository/com/google/protobuf/protobuf-java-util/3.19.6/protobuf-java-util-3.19.6.jar:/home/runner/.m2/repository/com/google/code/gson/gson/2.9.0/gson-2.9.0.jar:/home/runner/.m2/repository/org/apache/ozone/hdds-config/1.4.0-SNAPSHOT/hdds-config-1.4.0-SNAPSHOT.jar:/home/runner/.m2/repository/io/netty/netty-transport-native-epoll/4.1.86.Final/netty-transport-native-epoll-4.1.86.Final-linux-x86_64.jar:/home/runner/.m2/repository/io/netty/netty-transport-classes-epoll/4.1.86.Final/netty-transport-classes-epoll-4.1.86.Final.jar:/home/runner/.m2/repository/io/netty/netty-transport-native-unix-common/4.1.86.Final/netty-transport-native-unix-common-4.1.86.Final.jar:/home/runner/.m2/repository/org/apache/ozone/ozone-recon/1.4.0-SNAPSHOT/ozone-recon-1.4.0-SNAPSHOT.jar:/home/runner/.m2/repository/org/apache/ozone/ozone-reconcodegen/1.4.0-SNAPSHOT/ozone-reconcodegen-1.4.0-SNAPSHOT.jar:/home/runner/.m2/repository/com/google/inject/guice/5.1.0/guice-5.1.0.jar:/home/runner/.m2/repository/aopalliance/aopalliance/1.0/aopalliance-1.0.jar:/home/runner/.m2/repository/com/google/inject/extensions/guice-assistedinject/5.1.0/guice-assistedinject-5.1.0.jar:/home/runner/.m2/repository/com/google/inject/extensions/guice-servlet/5.1.0/guice-servlet-5.1.0.jar:/home/runner/.m2/repository/org/glassfish/jersey/containers/jersey-container-servlet/2.34/jersey-container-servlet-2.34.jar:/home/runner/.m2/repository/org/glassfish/hk2/guice-bridge/2.5.0/guice-bridge-2.5.0.jar:/home/runner/.m2/repository/org/glassfish/jersey/core/jersey-server/2.34/jersey-server-2.34.jar:/home/runner/.m2/repository/org/glassfish/jersey/core/jersey-client/2.34/jersey-client-2.34.jar:/home/runner/.m2/repository/jakarta/annotation/jakarta.annotation-api/1.3.5/jakarta.annotation-api-1.3.5.jar:/home/runner/.m2/repository/jakarta/validation/jakarta.validation-api/2.0.2/jakarta.validation-api-2.0.2.jar:/home/runner/.m2/repository/org/glassfish/jersey/media/jersey-media-json-jackson/2.34/jersey-media-json-jackson-2.34.jar:/home/runner/.m2/repository/org/glassfish/jersey/ext/jersey-entity-filtering/2.34/jersey-entity-filtering-2.34.jar:/home/runner/.m2/repository/org/jooq/jooq/3.11.10/jooq-3.11.10.jar:/home/runner/.m2/repository/org/jooq/jooq-meta/3.11.10/jooq-meta-3.11.10.jar:/home/runner/.m2/repository/org/jooq/jooq-codegen/3.11.10/jooq-codegen-3.11.10.jar:/home/runner/.m2/repository/com/jolbox/bonecp/0.8.0.RELEASE/bonecp-0.8.0.RELEASE.jar:/home/runner/.m2/repository/org/apache/derby/derby/10.14.2.0/derby-10.14.2.0.jar:/home/runner/.m2/repository/org/xerial/sqlite-jdbc/3.41.2.2/sqlite-jdbc-3.41.2.2.jar:/home/runner/.m2/repository/org/springframework/spring-jdbc/5.3.27/spring-jdbc-5.3.27.jar:/home/runner/.m2/repository/org/springframework/spring-beans/5.3.27/spring-beans-5.3.27.jar:/home/runner/.m2/repository/org/springframework/spring-core/5.3.27/spring-core-5.3.27.jar:/home/runner/.m2/repository/org/springframework/spring-tx/5.3.27/spring-tx-5.3.27.jar:/home/runner/.m2/repository/org/apache/ozone/ozone-client/1.4.0-SNAPSHOT/ozone-client-1.4.0-SNAPSHOT.jar:/home/runner/.m2/repository/org/apache/ozone/hdds-erasurecode/1.4.0-SNAPSHOT/hdds-erasurecode-1.4.0-SNAPSHOT.jar:/home/runner/.m2/repository/org/apache/ozone/ozone-filesystem/1.4.0-SNAPSHOT/ozone-filesystem-1.4.0-SNAPSHOT.jar:/home/runner/.m2/repository/org/apache/ozone/ozone-filesystem-common/1.4.0-SNAPSHOT/ozone-filesystem-common-1.4.0-SNAPSHOT.jar:/home/runner/.m2/repository/org/apache/ozone/ozone-tools/1.4.0-SNAPSHOT/ozone-tools-1.4.0-SNAPSHOT.jar:/home/runner/.m2/repository/com/amazonaws/aws-java-sdk-core/1.12.261/aws-java-sdk-core-1.12.261.jar:/home/runner/.m2/repository/org/apache/httpcomponents/httpclient/4.5.13/httpclient-4.5.13.jar:/home/runner/.m2/repository/org/apache/httpcomponents/httpcore/4.4.13/httpcore-4.4.13.jar:/home/runner/.m2/repository/software/amazon/ion/ion-java/1.0.2/ion-java-1.0.2.jar:/home/runner/.m2/repository/com/fasterxml/jackson/dataformat/jackson-dataformat-cbor/2.13.4/jackson-dataformat-cbor-2.13.4.jar:/home/runner/.m2/repository/joda-time/joda-time/2.10.6/joda-time-2.10.6.jar:/home/runner/.m2/repository/com/amazonaws/aws-java-sdk-s3/1.12.261/aws-java-sdk-s3-1.12.261.jar:/home/runner/.m2/repository/com/amazonaws/aws-java-sdk-kms/1.12.261/aws-java-sdk-kms-1.12.261.jar:/home/runner/.m2/repository/com/amazonaws/jmespath-java/1.12.261/jmespath-java-1.12.261.jar:/home/runner/.m2/repository/org/kohsuke/metainf-services/metainf-services/1.8/metainf-services-1.8.jar:/home/runner/.m2/repository/org/apache/ozone/hdds-tools/1.4.0-SNAPSHOT/hdds-tools-1.4.0-SNAPSHOT.jar:/home/runner/.m2/repository/org/apache/ratis/ratis-tools/2.5.1/ratis-tools-2.5.1.jar:/home/runner/.m2/repository/commons-cli/commons-cli/1.2/commons-cli-1.2.jar:/home/runner/.m2/repository/org/apache/commons/commons-lang3/3.7/commons-lang3-3.7.jar:/home/runner/.m2/repository/org/apache/ozone/ozone-manager/1.4.0-SNAPSHOT/ozone-manager-1.4.0-SNAPSHOT-tests.jar:/home/runner/.m2/repository/org/apache/ozone/hdds-common/1.4.0-SNAPSHOT/hdds-common-1.4.0-SNAPSHOT-tests.jar:/home/runner/.m2/repository/org/apache/ozone/hdds-hadoop-dependency-client/1.4.0-SNAPSHOT/hdds-hadoop-dependency-client-1.4.0-SNAPSHOT.jar:/home/runner/.m2/repository/info/picocli/picocli/4.6.1/picocli-4.6.1.jar:/home/runner/.m2/repository/com/fasterxml/jackson/core/jackson-annotations/2.13.4/jackson-annotations-2.13.4.jar:/home/runner/.m2/repository/org/apache/ozone/hdds-annotation-processing/1.4.0-SNAPSHOT/hdds-annotation-processing-1.4.0-SNAPSHOT.jar:/home/runner/.m2/repository/javax/annotation/javax.annotation-api/1.2/javax.annotation-api-1.2.jar:/home/runner/.m2/repository/org/apache/ratis/ratis-netty/2.5.1/ratis-netty-2.5.1.jar:/home/runner/.m2/repository/org/apache/ratis/ratis-grpc/2.5.1/ratis-grpc-2.5.1.jar:/home/runner/.m2/repository/org/apache/logging/log4j/log4j-api/2.17.1/log4j-api-2.17.1.jar:/home/runner/.m2/repository/org/apache/commons/commons-pool2/2.6.0/commons-pool2-2.6.0.jar:/home/runner/.m2/repository/org/bouncycastle/bcpkix-jdk15on/1.67/bcpkix-jdk15on-1.67.jar:/home/runner/.m2/repository/commons-validator/commons-validator/1.6/commons-validator-1.6.jar:/home/runner/.m2/repository/commons-beanutils/commons-beanutils/1.9.4/commons-beanutils-1.9.4.jar:/home/runner/.m2/repository/commons-digester/commons-digester/1.8.1/commons-digester-1.8.1.jar:/home/runner/.m2/repository/commons-collections/commons-collections/3.2.2/commons-collections-3.2.2.jar:/home/runner/.m2/repository/io/jaegertracing/jaeger-client/1.6.0/jaeger-client-1.6.0.jar:/home/runner/.m2/repository/io/jaegertracing/jaeger-thrift/1.6.0/jaeger-thrift-1.6.0.jar:/home/runner/.m2/repository/org/apache/thrift/libthrift/0.14.1/libthrift-0.14.1.jar:/home/runner/.m2/repository/io/jaegertracing/jaeger-core/1.6.0/jaeger-core-1.6.0.jar:/home/runner/.m2/repository/io/jaegertracing/jaeger-tracerresolver/1.6.0/jaeger-tracerresolver-1.6.0.jar:/home/runner/.m2/repository/io/opentracing/contrib/opentracing-tracerresolver/0.1.8/opentracing-tracerresolver-0.1.8.jar:/home/runner/.m2/repository/org/jetbrains/kotlin/kotlin-stdlib/1.6.21/kotlin-stdlib-1.6.21.jar:/home/runner/.m2/repository/org/jetbrains/annotations/13.0/annotations-13.0.jar:/home/runner/.m2/repository/io/opentracing/opentracing-util/0.33.0/opentracing-util-0.33.0.jar:/home/runner/.m2/repository/io/opentracing/opentracing-api/0.33.0/opentracing-api-0.33.0.jar:/home/runner/.m2/repository/io/opentracing/opentracing-noop/0.33.0/opentracing-noop-0.33.0.jar:/home/runner/.m2/repository/org/yaml/snakeyaml/2.0/snakeyaml-2.0.jar:/home/runner/.m2/repository/io/grpc/grpc-api/1.51.1/grpc-api-1.51.1.jar:/home/runner/.m2/repository/io/grpc/grpc-context/1.51.1/grpc-context-1.51.1.jar:/home/runner/.m2/repository/junit/junit/4.13.1/junit-4.13.1.jar:/home/runner/.m2/repository/org/hamcrest/hamcrest-core/1.3/hamcrest-core-1.3.jar:/home/runner/.m2/repository/org/junit/jupiter/junit-jupiter-api/5.8.2/junit-jupiter-api-5.8.2.jar:/home/runner/.m2/repository/org/opentest4j/opentest4j/1.2.0/opentest4j-1.2.0.jar:/home/runner/.m2/repository/org/junit/platform/junit-platform-commons/1.8.2/junit-platform-commons-1.8.2.jar:/home/runner/.m2/repository/org/apiguardian/apiguardian-api/1.1.2/apiguardian-api-1.1.2.jar:/home/runner/.m2/repository/org/junit/jupiter/junit-jupiter-params/5.8.2/junit-jupiter-params-5.8.2.jar:/home/runner/.m2/repository/org/junit/jupiter/junit-jupiter-migrationsupport/5.8.2/junit-jupiter-migrationsupport-5.8.2.jar:/home/runner/.m2/repository/org/junit/jupiter/junit-jupiter-engine/5.8.2/junit-jupiter-engine-5.8.2.jar:/home/runner/.m2/repository/org/junit/platform/junit-platform-engine/1.8.2/junit-platform-engine-1.8.2.jar:/home/runner/.m2/repository/org/junit/vintage/junit-vintage-engine/5.8.2/junit-vintage-engine-5.8.2.jar:/home/runner/.m2/repository/org/junit/platform/junit-platform-launcher/1.8.2/junit-platform-launcher-1.8.2.jar:/home/runner/.m2/repository/org/mockito/mockito-core/3.5.9/mockito-core-3.5.9.jar:/home/runner/.m2/repository/net/bytebuddy/byte-buddy/1.10.13/byte-buddy-1.10.13.jar:/home/runner/.m2/repository/net/bytebuddy/byte-buddy-agent/1.10.13/byte-buddy-agent-1.10.13.jar:/home/runner/.m2/repository/org/objenesis/objenesis/1.0/objenesis-1.0.jar:/home/runner/.m2/repository/org/apache/hadoop/hadoop-kms/3.3.6/hadoop-kms-3.3.6.jar:/home/runner/.m2/repository/org/apache/hadoop/hadoop-auth/3.3.6/hadoop-auth-3.3.6.jar:/home/runner/.m2/repository/com/nimbusds/nimbus-jose-jwt/9.8.1/nimbus-jose-jwt-9.8.1.jar:/home/runner/.m2/repository/com/github/stephenc/jcip/jcip-annotations/1.0-1/jcip-annotations-1.0-1.jar:/home/runner/.m2/repository/org/apache/zookeeper/zookeeper/3.5.6/zookeeper-3.5.6.jar:/home/runner/.m2/repository/org/apache/zookeeper/zookeeper-jute/3.5.6/zookeeper-jute-3.5.6.jar:/home/runner/.m2/repository/org/apache/yetus/audience-annotations/0.5.0/audience-annotations-0.5.0.jar:/home/runner/.m2/repository/org/apache/curator/curator-framework/4.2.0/curator-framework-4.2.0.jar:/home/runner/.m2/repository/org/apache/hadoop/thirdparty/hadoop-shaded-guava/1.1.1/hadoop-shaded-guava-1.1.1.jar:/home/runner/.m2/repository/com/sun/jersey/jersey-core/1.19/jersey-core-1.19.jar:/home/runner/.m2/repository/javax/ws/rs/jsr311-api/1.1.1/jsr311-api-1.1.1.jar:/home/runner/.m2/repository/com/sun/jersey/jersey-server/1.19/jersey-server-1.19.jar:/home/runner/.m2/repository/javax/servlet/javax.servlet-api/3.1.0/javax.servlet-api-3.1.0.jar:/home/runner/.m2/repository/org/apache/hadoop/hadoop-common/3.3.6/hadoop-common-3.3.6.jar:/home/runner/.m2/repository/org/apache/commons/commons-math3/3.1.1/commons-math3-3.1.1.jar:/home/runner/.m2/repository/commons-net/commons-net/3.9.0/commons-net-3.9.0.jar:/home/runner/.m2/repository/com/sun/jersey/jersey-servlet/1.19/jersey-servlet-1.19.jar:/home/runner/.m2/repository/com/github/pjfanning/jersey-json/1.20/jersey-json-1.20.jar:/home/runner/.m2/repository/org/codehaus/jettison/jettison/1.1/jettison-1.1.jar:/home/runner/.m2/repository/com/sun/xml/bind/jaxb-impl/2.2.3-1/jaxb-impl-2.2.3-1.jar:/home/runner/.m2/repository/com/google/re2j/re2j/1.1/re2j-1.1.jar:/home/runner/.m2/repository/com/jcraft/jsch/0.1.54/jsch-0.1.54.jar:/home/runner/.m2/repository/org/apache/curator/curator-client/4.2.0/curator-client-4.2.0.jar:/home/runner/.m2/repository/org/apache/curator/curator-recipes/5.2.0/curator-recipes-5.2.0.jar:/home/runner/.m2/repository/org/apache/kerby/kerb-core/1.0.1/kerb-core-1.0.1.jar:/home/runner/.m2/repository/org/apache/kerby/kerby-pkix/1.0.1/kerby-pkix-1.0.1.jar:/home/runner/.m2/repository/org/apache/kerby/kerby-asn1/1.0.1/kerby-asn1-1.0.1.jar:/home/runner/.m2/repository/org/apache/kerby/kerby-util/1.0.1/kerby-util-1.0.1.jar:/home/runner/.m2/repository/dnsjava/dnsjava/2.1.7/dnsjava-2.1.7.jar:/home/runner/.m2/repository/org/xerial/snappy/snappy-java/1.1.8.2/snappy-java-1.1.8.2.jar:/home/runner/.m2/repository/com/fasterxml/jackson/core/jackson-databind/2.13.4.2/jackson-databind-2.13.4.2.jar:/home/runner/.m2/repository/org/apache/hadoop/hadoop-kms/3.3.6/hadoop-kms-3.3.6-tests.jar:/home/runner/.m2/repository/org/apache/ozone/hdds-server-scm/1.4.0-SNAPSHOT/hdds-server-scm-1.4.0-SNAPSHOT-tests.jar:/home/runner/.m2/repository/org/apache/ozone/hdds-container-service/1.4.0-SNAPSHOT/hdds-container-service-1.4.0-SNAPSHOT-tests.jar:/home/runner/.m2/repository/com/github/luben/zstd-jni/1.5.2-5/zstd-jni-1.5.2-5.jar:/home/runner/.m2/repository/commons-codec/commons-codec/1.15/commons-codec-1.15.jar:/home/runner/.m2/repository/io/netty/netty-codec/4.1.86.Final/netty-codec-4.1.86.Final.jar:/home/runner/.m2/repository/io/netty/netty-handler/4.1.86.Final/netty-handler-4.1.86.Final.jar:/home/runner/.m2/repository/org/apache/ozone/hdds-hadoop-dependency-test/1.4.0-SNAPSHOT/hdds-hadoop-dependency-test-1.4.0-SNAPSHOT.jar:/home/runner/.m2/repository/org/apache/hadoop/hadoop-common/3.3.6/hadoop-common-3.3.6-tests.jar:/home/runner/.m2/repository/org/apache/hadoop/hadoop-hdfs/3.3.6/hadoop-hdfs-3.3.6-tests.jar:/home/runner/.m2/repository/org/assertj/assertj-core/3.12.2/assertj-core-3.12.2.jar:/home/runner/.m2/repository/org/apache/hadoop/hadoop-distcp/3.3.6/hadoop-distcp-3.3.6.jar:/home/runner/.m2/repository/org/apache/hadoop/hadoop-mapreduce-client-jobclient/3.3.6/hadoop-mapreduce-client-jobclient-3.3.6.jar:/home/runner/.m2/repository/org/apache/hadoop/hadoop-mapreduce-client-common/3.3.6/hadoop-mapreduce-client-common-3.3.6.jar:/home/runner/.m2/repository/org/apache/hadoop/hadoop-yarn-common/3.3.6/hadoop-yarn-common-3.3.6.jar:/home/runner/.m2/repository/org/apache/hadoop/hadoop-yarn-api/3.3.6/hadoop-yarn-api-3.3.6.jar:/home/runner/.m2/repository/com/sun/jersey/contribs/jersey-guice/1.19/jersey-guice-1.19.jar:/home/runner/.m2/repository/com/fasterxml/jackson/jaxrs/jackson-jaxrs-json-provider/2.13.4/jackson-jaxrs-json-provider-2.13.4.jar:/home/runner/.m2/repository/com/fasterxml/jackson/jaxrs/jackson-jaxrs-base/2.13.4/jackson-jaxrs-base-2.13.4.jar:/home/runner/.m2/repository/org/apache/hadoop/hadoop-yarn-client/3.3.6/hadoop-yarn-client-3.3.6.jar:/home/runner/.m2/repository/org/eclipse/jetty/websocket/websocket-client/9.4.51.v20230217/websocket-client-9.4.51.v20230217.jar:/home/runner/.m2/repository/org/eclipse/jetty/websocket/websocket-common/9.4.51.v20230217/websocket-common-9.4.51.v20230217.jar:/home/runner/.m2/repository/org/eclipse/jetty/websocket/websocket-api/9.4.51.v20230217/websocket-api-9.4.51.v20230217.jar:/home/runner/.m2/repository/org/jline/jline/3.9.0/jline-3.9.0.jar:/home/runner/.m2/repository/org/apache/hadoop/hadoop-mapreduce-client-core/3.3.6/hadoop-mapreduce-client-core-3.3.6.jar:/home/runner/.m2/repository/org/apache/avro/avro/1.7.7/avro-1.7.7.jar:/home/runner/.m2/repository/com/thoughtworks/paranamer/paranamer/2.3/paranamer-2.3.jar:/home/runner/.m2/repository/org/apache/hadoop/hadoop-annotations/3.3.6/hadoop-annotations-3.3.6.jar:/usr/lib/jvm/temurin-8-jdk-amd64/jre/../lib/tools.jar:/home/runner/.m2/repository/io/netty/netty/3.10.6.Final/netty-3.10.6.Final.jar:/home/runner/.m2/repository/org/apache/hadoop/hadoop-distcp/3.3.6/hadoop-distcp-3.3.6-tests.jar:/home/runner/.m2/repository/org/slf4j/jul-to-slf4j/1.7.36/jul-to-slf4j-1.7.36.jar:"/>
    <property name="sun.cpu.endian" value="little"/>
    <property name="user.home" value="/home/runner"/>
    <property name="user.language" value="en"/>
    <property name="java.specification.vendor" value="Oracle Corporation"/>
    <property name="java.home" value="/usr/lib/jvm/temurin-8-jdk-amd64/jre"/>
    <property name="java.security.krb5.conf" value="/home/runner/work/ozone/ozone/hadoop-ozone/integration-test/target/test-dir/TestSecureOzoneCluster/1689214023590/krb5.conf"/>
    <property name="file.separator" value="/"/>
    <property name="basedir" value="/home/runner/work/ozone/ozone/hadoop-ozone/integration-test"/>
    <property name="line.separator" value="&#10;"/>
    <property name="java.vm.specification.vendor" value="Oracle Corporation"/>
    <property name="java.specification.name" value="Java Platform API Specification"/>
    <property name="skip.installnpx" value="true"/>
    <property name="java.awt.graphicsenv" value="sun.awt.X11GraphicsEnvironment"/>
    <property name="surefire.real.class.path" value="/home/runner/work/ozone/ozone/hadoop-ozone/integration-test/target/surefire/surefirebooter1439501286126617248.jar:/home/runner/.m2/repository/org/jacoco/org.jacoco.agent/0.8.5/org.jacoco.agent-0.8.5-runtime.jar"/>
    <property name="sun.boot.class.path" value="/usr/lib/jvm/temurin-8-jdk-amd64/jre/lib/resources.jar:/usr/lib/jvm/temurin-8-jdk-amd64/jre/lib/rt.jar:/usr/lib/jvm/temurin-8-jdk-amd64/jre/lib/sunrsasign.jar:/usr/lib/jvm/temurin-8-jdk-amd64/jre/lib/jsse.jar:/usr/lib/jvm/temurin-8-jdk-amd64/jre/lib/jce.jar:/usr/lib/jvm/temurin-8-jdk-amd64/jre/lib/charsets.jar:/usr/lib/jvm/temurin-8-jdk-amd64/jre/lib/jfr.jar:/usr/lib/jvm/temurin-8-jdk-amd64/jre/classes"/>
    <property name="hadoop.log.dir" value="/home/runner/work/ozone/ozone/hadoop-ozone/integration-test/target/log"/>
    <property name="sun.management.compiler" value="HotSpot 64-Bit Tiered Compilers"/>
    <property name="java.runtime.version" value="1.8.0_372-b07"/>
    <property name="skip.npx" value="true"/>
    <property name="user.name" value="runner"/>
    <property name="java.net.preferIPv4Stack" value="true"/>
    <property name="path.separator" value=":"/>
    <property name="java.security.egd" value="file:///dev/urandom"/>
    <property name="os.version" value="5.15.0-1041-azure"/>
    <property name="java.endorsed.dirs" value="/usr/lib/jvm/temurin-8-jdk-amd64/jre/lib/endorsed"/>
    <property name="java.runtime.name" value="OpenJDK Runtime Environment"/>
    <property name="file.encoding" value="UTF-8"/>
    <property name="java.vm.name" value="OpenJDK 64-Bit Server VM"/>
    <property name="test.build.webapps" value=""/>
    <property name="localRepository" value="/home/runner/.m2/repository"/>
    <property name="jetty.git.hash" value="b45c405e4544384de066f814ed42ae3dceacdd49"/>
    <property name="java.vendor.url.bug" value="https://github.com/adoptium/adoptium-support/issues"/>
    <property name="require.test.libhadoop" value=""/>
    <property name="java.io.tmpdir" value="/tmp"/>
    <property name="java.version" value="1.8.0_372"/>
    <property name="user.dir" value="/home/runner/work/ozone/ozone/hadoop-ozone/integration-test"/>
    <property name="os.arch" value="amd64"/>
    <property name="test.build.classes" value="/home/runner/work/ozone/ozone/hadoop-ozone/integration-test/target/test-classes"/>
    <property name="java.vm.specification.name" value="Java Virtual Machine Specification"/>
    <property name="java.awt.printerjob" value="sun.print.PSPrinterJob"/>
    <property name="sun.os.patch.level" value="unknown"/>
    <property name="org.apache.ratis.thirdparty.io.netty.allocator.useCacheForAllThreads" value="false"/>
    <property name="hadoop.tmp.dir" value="/home/runner/work/ozone/ozone/hadoop-ozone/integration-test/target/tmp"/>
    <property name="java.library.path" value="/usr/java/packages/lib/amd64:/usr/lib64:/lib64:/lib:/usr/lib"/>
    <property name="java.vendor" value="Temurin"/>
    <property name="java.vm.info" value="mixed mode"/>
    <property name="java.vm.version" value="25.372-b07"/>
    <property name="java.specification.maintenance.version" value="4"/>
    <property name="sun.io.unicode.encoding" value="UnicodeLittle"/>
    <property name="java.ext.dirs" value="/usr/lib/jvm/temurin-8-jdk-amd64/jre/lib/ext:/usr/java/packages/lib/ext"/>
    <property name="java.class.version" value="52.0"/>
  </properties>
  <testcase name="testSCMSecurityProtocol" classname="org.apache.hadoop.ozone.TestSecureOzoneCluster" time="10.29">
    <system-out><![CDATA[2023-07-13 02:04:37,913 [Time-limited test] INFO  net.ServerSocketUtil (ServerSocketUtil.java:getPort(55)) - Using port 9860
2023-07-13 02:04:37,915 [Time-limited test] INFO  net.ServerSocketUtil (ServerSocketUtil.java:getPort(55)) - Using port 9861
2023-07-13 02:04:37,915 [Time-limited test] INFO  net.ServerSocketUtil (ServerSocketUtil.java:getPort(55)) - Using port 9863
2023-07-13 02:04:37,915 [Time-limited test] INFO  net.ServerSocketUtil (ServerSocketUtil.java:getPort(55)) - Using port 9961
2023-07-13 02:04:37,916 [Time-limited test] INFO  net.ServerSocketUtil (ServerSocketUtil.java:getPort(55)) - Using port 1200
2023-07-13 02:04:37,916 [Time-limited test] INFO  net.ServerSocketUtil (ServerSocketUtil.java:getPort(55)) - Using port 1201
2023-07-13 02:04:37,923 [Time-limited test] INFO  minikdc.MiniKdc (MiniKdc.java:<init>(225)) - Configuration:
2023-07-13 02:04:37,924 [Time-limited test] INFO  minikdc.MiniKdc (MiniKdc.java:<init>(226)) - ---------------------------------------------------------------
2023-07-13 02:04:37,925 [Time-limited test] INFO  minikdc.MiniKdc (MiniKdc.java:<init>(228)) -   debug: false
2023-07-13 02:04:37,925 [Time-limited test] INFO  minikdc.MiniKdc (MiniKdc.java:<init>(228)) -   transport: TCP
2023-07-13 02:04:37,925 [Time-limited test] INFO  minikdc.MiniKdc (MiniKdc.java:<init>(228)) -   max.ticket.lifetime: 86400000
2023-07-13 02:04:37,925 [Time-limited test] INFO  minikdc.MiniKdc (MiniKdc.java:<init>(228)) -   org.name: EXAMPLE
2023-07-13 02:04:37,926 [Time-limited test] INFO  minikdc.MiniKdc (MiniKdc.java:<init>(228)) -   kdc.port: 0
2023-07-13 02:04:37,926 [Time-limited test] INFO  minikdc.MiniKdc (MiniKdc.java:<init>(228)) -   org.domain: COM
2023-07-13 02:04:37,926 [Time-limited test] INFO  minikdc.MiniKdc (MiniKdc.java:<init>(228)) -   max.renewable.lifetime: 604800000
2023-07-13 02:04:37,926 [Time-limited test] INFO  minikdc.MiniKdc (MiniKdc.java:<init>(228)) -   instance: DefaultKrbServer
2023-07-13 02:04:37,926 [Time-limited test] INFO  minikdc.MiniKdc (MiniKdc.java:<init>(228)) -   kdc.bind.address: localhost
2023-07-13 02:04:37,926 [Time-limited test] INFO  minikdc.MiniKdc (MiniKdc.java:<init>(230)) - ---------------------------------------------------------------
2023-07-13 02:04:38,041 [Time-limited test] INFO  minikdc.MiniKdc (MiniKdc.java:start(285)) - MiniKdc started.
2023-07-13 02:04:40,233 [Time-limited test] INFO  audit.AuditLogger (AuditLogger.java:refreshDebugCmdSet(126)) - Refresh DebugCmdSet for OMAudit to [].
2023-07-13 02:04:40,745 [Time-limited test] INFO  om.OzoneManager (OzoneManager.java:getOmDetailsProto(4566)) - OzoneManager ports added:[name: "RPC"
value: 1202
]
2023-07-13 02:04:40,766 [Time-limited test] WARN  server.ServerUtils (ServerUtils.java:getScmDbDir(155)) - ozone.scm.db.dirs is not configured. We recommend adding this setting. Falling back to ozone.metadata.dirs instead.
2023-07-13 02:04:41,030 [Time-limited test] INFO  reflections.Reflections (Reflections.java:scan(232)) - Reflections took 215 ms to scan 7 urls, producing 160 keys and 377 values 
2023-07-13 02:04:41,179 [Time-limited test] INFO  ha.HASecurityUtils (HASecurityUtils.java:initializeSecurity(98)) - Initializing secure StorageContainerManager.
2023-07-13 02:04:41,393 [Time-limited test] INFO  client.SCMCertificateClient (DefaultCertificateClient.java:updateCertSerialId(1248)) - Certificate serial ID set to null
2023-07-13 02:04:41,395 [Time-limited test] ERROR client.SCMCertificateClient (DefaultCertificateClient.java:getCertPath(349)) - Default certificate serial id is not set. Can't locate the default certificate for this client.
2023-07-13 02:04:41,396 [Time-limited test] INFO  client.SCMCertificateClient (DefaultCertificateClient.java:init(723)) - Certificate client init case: 0
2023-07-13 02:04:41,396 [Time-limited test] INFO  client.SCMCertificateClient (SCMCertificateClient.java:handleCase(96)) - Creating keypair for client as keypair and certificate not found.
2023-07-13 02:04:41,605 [Time-limited test] INFO  ha.HASecurityUtils (HASecurityUtils.java:initializeSecurity(108)) - Init response: GETCERT
2023-07-13 02:04:41,972 [Time-limited test] INFO  ozone.OzoneSecurityUtil (OzoneSecurityUtil.java:getValidInetsForCurrentHost(119)) - ip:fe80:0:0:0:20d:3aff:fe98:b55f%eth0 not returned.
2023-07-13 02:04:41,972 [Time-limited test] INFO  ozone.OzoneSecurityUtil (OzoneSecurityUtil.java:getValidInetsForCurrentHost(116)) - Adding ip:10.1.0.115,host:fv-az201-768.ett4tu3jvdse5ovc2mkgjqcs5a.bx.internal.cloudapp.net
2023-07-13 02:04:41,973 [Time-limited test] INFO  ozone.OzoneSecurityUtil (OzoneSecurityUtil.java:getValidInetsForCurrentHost(119)) - ip:0:0:0:0:0:0:0:1%lo not returned.
2023-07-13 02:04:41,974 [Time-limited test] INFO  ozone.OzoneSecurityUtil (OzoneSecurityUtil.java:getValidInetsForCurrentHost(119)) - ip:127.0.0.1 not returned.
2023-07-13 02:04:42,048 [Time-limited test] INFO  utils.SelfSignedCertificate (SelfSignedCertificate.java:generateCertificate(157)) - Certificate 1 is issued by CN=scm-1@fv-az201-768,OU=701d5196-75f2-4989-a4b9-68831c9e7a28,O=9345af3d-0f1b-4443-a6f3-a9a52bdfd4c3 to CN=scm-1@fv-az201-768,OU=701d5196-75f2-4989-a4b9-68831c9e7a28,O=9345af3d-0f1b-4443-a6f3-a9a52bdfd4c3, valid from Thu Jul 13 02:04:41 UTC 2023 to Sun Aug 20 02:04:41 UTC 2028
2023-07-13 02:04:42,064 [Time-limited test] INFO  utils.CertificateCodec (CertificateCodec.java:writeCertificate(299)) - Save certificate to /tmp/junit4480903247129941307/junit2013677755059309910/scm-meta/scm/ca/certs/certificate.crt
2023-07-13 02:04:42,065 [Time-limited test] INFO  utils.CertificateCodec (CertificateCodec.java:writeCertificate(300)) - Certificate -----BEGIN CERTIFICATE-----
MIID5zCCAs+gAwIBAgIBATANBgkqhkiG9w0BAQsFADB7MRswGQYDVQQDDBJzY20t
MUBmdi1hejIwMS03NjgxLTArBgNVBAsMJDcwMWQ1MTk2LTc1ZjItNDk4OS1hNGI5
LTY4ODMxYzllN2EyODEtMCsGA1UECgwkOTM0NWFmM2QtMGYxYi00NDQzLWE2ZjMt
YTlhNTJiZGZkNGMzMB4XDTIzMDcxMzAyMDQ0MVoXDTI4MDgyMDAyMDQ0MVowezEb
MBkGA1UEAwwSc2NtLTFAZnYtYXoyMDEtNzY4MS0wKwYDVQQLDCQ3MDFkNTE5Ni03
NWYyLTQ5ODktYTRiOS02ODgzMWM5ZTdhMjgxLTArBgNVBAoMJDkzNDVhZjNkLTBm
MWItNDQ0My1hNmYzLWE5YTUyYmRmZDRjMzCCASIwDQYJKoZIhvcNAQEBBQADggEP
ADCCAQoCggEBAMAuha/JBC3FMyCeYXHZajThd+EEIuerYApEcn+ktBg8yQtXoM4y
dk0xjXrwrglsCXcPQegJwYc0zAO90WHgXZRhOvbvcJZhJtEMNFIIyLeDh/jdI5sd
CRJlwi0P3JMZCv1bvaBfyhlQuZ494iNf/riDYJCRDTlKsCLGkjcOn760A3zdcFe0
pP24QO2D1QtRzr/XVAJcSvz74v4CWcBFEVmzs73kvs/4xBSa1XmPBEJ/sKGre9do
pLAuQdQg/5RJv5Qlrwn3u/SJJUPdQeH5WY5ieHrb62Sw9+bECy4UyHU2bGe3jdSB
nWGUUgxuwTzoiWUsdB4e8/2KUDb1J47fk5sCAwEAAaN2MHQwDwYDVR0TAQH/BAUw
AwEB/zAOBgNVHQ8BAf8EBAMCAQYwUQYDVR0RBEowSIcECgEAc4JAZnYtYXoyMDEt
NzY4LmV0dDR0dTNqdmRzZTVvdmMybWtnanFjczVhLmJ4LmludGVybmFsLmNsb3Vk
YXBwLm5ldDANBgkqhkiG9w0BAQsFAAOCAQEAho4QLQMfgi3RHXMkXXS9Qk+qOkyi
2QpZ0kPM2xkEsNknJpC6Y/6RDL6QQthddAtF7i5srnYKMhpm5+K7wZP01FIPe2XF
9mGPYwdOaX7Qm4bYmEdq6n4/63YvnAFc2cx2hXrcViehCzHoA97G65VXv58HUkM5
9JQntdKcTUzbAFoVndDSHRGbb6Z1da4Lj8levaXvNyKdiV5Fhrlbi9Qf5wXO6v+D
wZIjCtc45R563LESamOFCN2d75XBL9C8Q9wIihB2fiRlSqCrqAlKFY3ERHmVcCZN
V9NOOYk2nDtVHuS051XA6q0lVx377WBRzcGcuqu1gm6B7d4+GLH0c+g6tw==
-----END CERTIFICATE-----

2023-07-13 02:04:42,179 [Time-limited test] INFO  client.SCMCertificateClient (SCMCertificateClient.java:getCSRBuilder(161)) - Creating csr for SCM->hostName:fv-az201-768,scmId:701d5196-75f2-4989-a4b9-68831c9e7a28,clusterId:9345af3d-0f1b-4443-a6f3-a9a52bdfd4c3,subject:scm-sub-1220222415922@fv-az201-768
2023-07-13 02:04:42,180 [Time-limited test] INFO  ozone.OzoneSecurityUtil (OzoneSecurityUtil.java:getValidInetsForCurrentHost(119)) - ip:fe80:0:0:0:20d:3aff:fe98:b55f%eth0 not returned.
2023-07-13 02:04:42,181 [Time-limited test] INFO  ozone.OzoneSecurityUtil (OzoneSecurityUtil.java:getValidInetsForCurrentHost(116)) - Adding ip:10.1.0.115,host:fv-az201-768.ett4tu3jvdse5ovc2mkgjqcs5a.bx.internal.cloudapp.net
2023-07-13 02:04:42,181 [Time-limited test] INFO  ozone.OzoneSecurityUtil (OzoneSecurityUtil.java:getValidInetsForCurrentHost(119)) - ip:0:0:0:0:0:0:0:1%lo not returned.
2023-07-13 02:04:42,181 [Time-limited test] INFO  ozone.OzoneSecurityUtil (OzoneSecurityUtil.java:getValidInetsForCurrentHost(119)) - ip:127.0.0.1 not returned.
2023-07-13 02:04:42,182 [Time-limited test] INFO  ha.HASecurityUtils (HASecurityUtils.java:generateCSR(308)) - Creating csr for SCM->hostName:fv-az201-768,scmId:701d5196-75f2-4989-a4b9-68831c9e7a28,clusterId:9345af3d-0f1b-4443-a6f3-a9a52bdfd4c3,subject:scm-sub-1220225313448@fv-az201-768
2023-07-13 02:04:42,264 [Time-limited test] INFO  utils.CertificateCodec (CertificateCodec.java:writeCertificate(299)) - Save certificate to /tmp/junit4480903247129941307/junit2013677755059309910/scm-meta/scm/sub-ca/certs/CA-1.crt
2023-07-13 02:04:42,265 [Time-limited test] INFO  utils.CertificateCodec (CertificateCodec.java:writeCertificate(300)) - Certificate -----BEGIN CERTIFICATE-----
MIID5zCCAs+gAwIBAgIBATANBgkqhkiG9w0BAQsFADB7MRswGQYDVQQDDBJzY20t
MUBmdi1hejIwMS03NjgxLTArBgNVBAsMJDcwMWQ1MTk2LTc1ZjItNDk4OS1hNGI5
LTY4ODMxYzllN2EyODEtMCsGA1UECgwkOTM0NWFmM2QtMGYxYi00NDQzLWE2ZjMt
YTlhNTJiZGZkNGMzMB4XDTIzMDcxMzAyMDQ0MVoXDTI4MDgyMDAyMDQ0MVowezEb
MBkGA1UEAwwSc2NtLTFAZnYtYXoyMDEtNzY4MS0wKwYDVQQLDCQ3MDFkNTE5Ni03
NWYyLTQ5ODktYTRiOS02ODgzMWM5ZTdhMjgxLTArBgNVBAoMJDkzNDVhZjNkLTBm
MWItNDQ0My1hNmYzLWE5YTUyYmRmZDRjMzCCASIwDQYJKoZIhvcNAQEBBQADggEP
ADCCAQoCggEBAMAuha/JBC3FMyCeYXHZajThd+EEIuerYApEcn+ktBg8yQtXoM4y
dk0xjXrwrglsCXcPQegJwYc0zAO90WHgXZRhOvbvcJZhJtEMNFIIyLeDh/jdI5sd
CRJlwi0P3JMZCv1bvaBfyhlQuZ494iNf/riDYJCRDTlKsCLGkjcOn760A3zdcFe0
pP24QO2D1QtRzr/XVAJcSvz74v4CWcBFEVmzs73kvs/4xBSa1XmPBEJ/sKGre9do
pLAuQdQg/5RJv5Qlrwn3u/SJJUPdQeH5WY5ieHrb62Sw9+bECy4UyHU2bGe3jdSB
nWGUUgxuwTzoiWUsdB4e8/2KUDb1J47fk5sCAwEAAaN2MHQwDwYDVR0TAQH/BAUw
AwEB/zAOBgNVHQ8BAf8EBAMCAQYwUQYDVR0RBEowSIcECgEAc4JAZnYtYXoyMDEt
NzY4LmV0dDR0dTNqdmRzZTVvdmMybWtnanFjczVhLmJ4LmludGVybmFsLmNsb3Vk
YXBwLm5ldDANBgkqhkiG9w0BAQsFAAOCAQEAho4QLQMfgi3RHXMkXXS9Qk+qOkyi
2QpZ0kPM2xkEsNknJpC6Y/6RDL6QQthddAtF7i5srnYKMhpm5+K7wZP01FIPe2XF
9mGPYwdOaX7Qm4bYmEdq6n4/63YvnAFc2cx2hXrcViehCzHoA97G65VXv58HUkM5
9JQntdKcTUzbAFoVndDSHRGbb6Z1da4Lj8levaXvNyKdiV5Fhrlbi9Qf5wXO6v+D
wZIjCtc45R563LESamOFCN2d75XBL9C8Q9wIihB2fiRlSqCrqAlKFY3ERHmVcCZN
V9NOOYk2nDtVHuS051XA6q0lVx377WBRzcGcuqu1gm6B7d4+GLH0c+g6tw==
-----END CERTIFICATE-----

2023-07-13 02:04:42,267 [Time-limited test] INFO  utils.CertificateCodec (CertificateCodec.java:writeCertificate(299)) - Save certificate to /tmp/junit4480903247129941307/junit2013677755059309910/scm-meta/scm/sub-ca/certs/1220276998922.crt
2023-07-13 02:04:42,267 [Time-limited test] INFO  utils.CertificateCodec (CertificateCodec.java:writeCertificate(300)) - Certificate -----BEGIN CERTIFICATE-----
MIID/TCCAuWgAwIBAgIGARweLVMKMA0GCSqGSIb3DQEBCwUAMHsxGzAZBgNVBAMM
EnNjbS0xQGZ2LWF6MjAxLTc2ODEtMCsGA1UECwwkNzAxZDUxOTYtNzVmMi00OTg5
LWE0YjktNjg4MzFjOWU3YTI4MS0wKwYDVQQKDCQ5MzQ1YWYzZC0wZjFiLTQ0NDMt
YTZmMy1hOWE1MmJkZmQ0YzMwHhcNMjMwNzEzMDIwNDQyWhcNMjgwODIwMDIwNDQy
WjCBizErMCkGA1UEAwwic2NtLXN1Yi0xMjIwMjI1MzEzNDQ4QGZ2LWF6MjAxLTc2
ODEtMCsGA1UECwwkNzAxZDUxOTYtNzVmMi00OTg5LWE0YjktNjg4MzFjOWU3YTI4
MS0wKwYDVQQKDCQ5MzQ1YWYzZC0wZjFiLTQ0NDMtYTZmMy1hOWE1MmJkZmQ0YzMw
ggEiMA0GCSqGSIb3DQEBAQUAA4IBDwAwggEKAoIBAQDkcxuRjVxdveyY3UFoBGb9
ymh0E5y3J2VbbHQNlJ2T/TRzRj5ogELfH/vD/X0SRe3PwGQ1SCo+RQDlquHIdpJS
FUUYF2Ey8eJWYnm6C642EsZuVZwrX2H1FdzYp9QkGL2Lrzit20KdK+IikvBbdoaG
t3l5Xu4P4X1nzaisgLtqksVFogGG9jnvLEw23gPJD1hu2hGGOMmmcjxto3FPjxTg
5XXZP5C2oxB16YXznrvPbYT4S+zcAuDeBflUwyyxfRURhGPHErWnkezWwmTFapyn
deSVuobmfTAejfUIDjnXeZtwzoMrEjzM9o3sislBwY7ulkxUFCVSTDgk/5RLJ021
AgMBAAGjdjB0MFEGA1UdEQRKMEiHBAoBAHOCQGZ2LWF6MjAxLTc2OC5ldHQ0dHUz
anZkc2U1b3ZjMm1rZ2pxY3M1YS5ieC5pbnRlcm5hbC5jbG91ZGFwcC5uZXQwDwYD
VR0TAQH/BAUwAwEB/zAOBgNVHQ8BAf8EBAMCAb4wDQYJKoZIhvcNAQELBQADggEB
AB3pF9zMwZRJ1km2VvrhJqgRT70WAQr6U0GyA1Bh/7/kL+MdFAsRowSwOqG5IMVO
CBS7wdmxiVl1hy0e1JYsQRbi65zfqwUbp02TQyXGhnn6582HaxadPU0ChwXYHJ+2
Z/EoV39dvgie1xEp1t+F1PjGzfb+qYyp/kkKsluGse90UxlPNLRKc7yth+u14EgE
9P9nQ5EOtB8/bUrMNpQOQzWy1x43w7AAYQoBORmxqLf9e3WZd5Fp5U1HveKc/l9I
RJYhtYG9Z016X+mgve46SXdg7l2JrbsQJGI7yE5/NR3ujM/sWgua1GwKWM27Uthh
lieG0kTbXNYN6S/serl1YoQ=
-----END CERTIFICATE-----

-----BEGIN CERTIFICATE-----
MIID5zCCAs+gAwIBAgIBATANBgkqhkiG9w0BAQsFADB7MRswGQYDVQQDDBJzY20t
MUBmdi1hejIwMS03NjgxLTArBgNVBAsMJDcwMWQ1MTk2LTc1ZjItNDk4OS1hNGI5
LTY4ODMxYzllN2EyODEtMCsGA1UECgwkOTM0NWFmM2QtMGYxYi00NDQzLWE2ZjMt
YTlhNTJiZGZkNGMzMB4XDTIzMDcxMzAyMDQ0MVoXDTI4MDgyMDAyMDQ0MVowezEb
MBkGA1UEAwwSc2NtLTFAZnYtYXoyMDEtNzY4MS0wKwYDVQQLDCQ3MDFkNTE5Ni03
NWYyLTQ5ODktYTRiOS02ODgzMWM5ZTdhMjgxLTArBgNVBAoMJDkzNDVhZjNkLTBm
MWItNDQ0My1hNmYzLWE5YTUyYmRmZDRjMzCCASIwDQYJKoZIhvcNAQEBBQADggEP
ADCCAQoCggEBAMAuha/JBC3FMyCeYXHZajThd+EEIuerYApEcn+ktBg8yQtXoM4y
dk0xjXrwrglsCXcPQegJwYc0zAO90WHgXZRhOvbvcJZhJtEMNFIIyLeDh/jdI5sd
CRJlwi0P3JMZCv1bvaBfyhlQuZ494iNf/riDYJCRDTlKsCLGkjcOn760A3zdcFe0
pP24QO2D1QtRzr/XVAJcSvz74v4CWcBFEVmzs73kvs/4xBSa1XmPBEJ/sKGre9do
pLAuQdQg/5RJv5Qlrwn3u/SJJUPdQeH5WY5ieHrb62Sw9+bECy4UyHU2bGe3jdSB
nWGUUgxuwTzoiWUsdB4e8/2KUDb1J47fk5sCAwEAAaN2MHQwDwYDVR0TAQH/BAUw
AwEB/zAOBgNVHQ8BAf8EBAMCAQYwUQYDVR0RBEowSIcECgEAc4JAZnYtYXoyMDEt
NzY4LmV0dDR0dTNqdmRzZTVvdmMybWtnanFjczVhLmJ4LmludGVybmFsLmNsb3Vk
YXBwLm5ldDANBgkqhkiG9w0BAQsFAAOCAQEAho4QLQMfgi3RHXMkXXS9Qk+qOkyi
2QpZ0kPM2xkEsNknJpC6Y/6RDL6QQthddAtF7i5srnYKMhpm5+K7wZP01FIPe2XF
9mGPYwdOaX7Qm4bYmEdq6n4/63YvnAFc2cx2hXrcViehCzHoA97G65VXv58HUkM5
9JQntdKcTUzbAFoVndDSHRGbb6Z1da4Lj8levaXvNyKdiV5Fhrlbi9Qf5wXO6v+D
wZIjCtc45R563LESamOFCN2d75XBL9C8Q9wIihB2fiRlSqCrqAlKFY3ERHmVcCZN
V9NOOYk2nDtVHuS051XA6q0lVx377WBRzcGcuqu1gm6B7d4+GLH0c+g6tw==
-----END CERTIFICATE-----

2023-07-13 02:04:42,268 [Time-limited test] INFO  utils.CertificateCodec (CertificateCodec.java:writeCertificate(299)) - Save certificate to /tmp/junit4480903247129941307/junit2013677755059309910/scm-meta/scm/sub-ca/certs/certificate.crt
2023-07-13 02:04:42,269 [Time-limited test] INFO  utils.CertificateCodec (CertificateCodec.java:writeCertificate(300)) - Certificate -----BEGIN CERTIFICATE-----
MIID/TCCAuWgAwIBAgIGARweLVMKMA0GCSqGSIb3DQEBCwUAMHsxGzAZBgNVBAMM
EnNjbS0xQGZ2LWF6MjAxLTc2ODEtMCsGA1UECwwkNzAxZDUxOTYtNzVmMi00OTg5
LWE0YjktNjg4MzFjOWU3YTI4MS0wKwYDVQQKDCQ5MzQ1YWYzZC0wZjFiLTQ0NDMt
YTZmMy1hOWE1MmJkZmQ0YzMwHhcNMjMwNzEzMDIwNDQyWhcNMjgwODIwMDIwNDQy
WjCBizErMCkGA1UEAwwic2NtLXN1Yi0xMjIwMjI1MzEzNDQ4QGZ2LWF6MjAxLTc2
ODEtMCsGA1UECwwkNzAxZDUxOTYtNzVmMi00OTg5LWE0YjktNjg4MzFjOWU3YTI4
MS0wKwYDVQQKDCQ5MzQ1YWYzZC0wZjFiLTQ0NDMtYTZmMy1hOWE1MmJkZmQ0YzMw
ggEiMA0GCSqGSIb3DQEBAQUAA4IBDwAwggEKAoIBAQDkcxuRjVxdveyY3UFoBGb9
ymh0E5y3J2VbbHQNlJ2T/TRzRj5ogELfH/vD/X0SRe3PwGQ1SCo+RQDlquHIdpJS
FUUYF2Ey8eJWYnm6C642EsZuVZwrX2H1FdzYp9QkGL2Lrzit20KdK+IikvBbdoaG
t3l5Xu4P4X1nzaisgLtqksVFogGG9jnvLEw23gPJD1hu2hGGOMmmcjxto3FPjxTg
5XXZP5C2oxB16YXznrvPbYT4S+zcAuDeBflUwyyxfRURhGPHErWnkezWwmTFapyn
deSVuobmfTAejfUIDjnXeZtwzoMrEjzM9o3sislBwY7ulkxUFCVSTDgk/5RLJ021
AgMBAAGjdjB0MFEGA1UdEQRKMEiHBAoBAHOCQGZ2LWF6MjAxLTc2OC5ldHQ0dHUz
anZkc2U1b3ZjMm1rZ2pxY3M1YS5ieC5pbnRlcm5hbC5jbG91ZGFwcC5uZXQwDwYD
VR0TAQH/BAUwAwEB/zAOBgNVHQ8BAf8EBAMCAb4wDQYJKoZIhvcNAQELBQADggEB
AB3pF9zMwZRJ1km2VvrhJqgRT70WAQr6U0GyA1Bh/7/kL+MdFAsRowSwOqG5IMVO
CBS7wdmxiVl1hy0e1JYsQRbi65zfqwUbp02TQyXGhnn6582HaxadPU0ChwXYHJ+2
Z/EoV39dvgie1xEp1t+F1PjGzfb+qYyp/kkKsluGse90UxlPNLRKc7yth+u14EgE
9P9nQ5EOtB8/bUrMNpQOQzWy1x43w7AAYQoBORmxqLf9e3WZd5Fp5U1HveKc/l9I
RJYhtYG9Z016X+mgve46SXdg7l2JrbsQJGI7yE5/NR3ujM/sWgua1GwKWM27Uthh
lieG0kTbXNYN6S/serl1YoQ=
-----END CERTIFICATE-----

-----BEGIN CERTIFICATE-----
MIID5zCCAs+gAwIBAgIBATANBgkqhkiG9w0BAQsFADB7MRswGQYDVQQDDBJzY20t
MUBmdi1hejIwMS03NjgxLTArBgNVBAsMJDcwMWQ1MTk2LTc1ZjItNDk4OS1hNGI5
LTY4ODMxYzllN2EyODEtMCsGA1UECgwkOTM0NWFmM2QtMGYxYi00NDQzLWE2ZjMt
YTlhNTJiZGZkNGMzMB4XDTIzMDcxMzAyMDQ0MVoXDTI4MDgyMDAyMDQ0MVowezEb
MBkGA1UEAwwSc2NtLTFAZnYtYXoyMDEtNzY4MS0wKwYDVQQLDCQ3MDFkNTE5Ni03
NWYyLTQ5ODktYTRiOS02ODgzMWM5ZTdhMjgxLTArBgNVBAoMJDkzNDVhZjNkLTBm
MWItNDQ0My1hNmYzLWE5YTUyYmRmZDRjMzCCASIwDQYJKoZIhvcNAQEBBQADggEP
ADCCAQoCggEBAMAuha/JBC3FMyCeYXHZajThd+EEIuerYApEcn+ktBg8yQtXoM4y
dk0xjXrwrglsCXcPQegJwYc0zAO90WHgXZRhOvbvcJZhJtEMNFIIyLeDh/jdI5sd
CRJlwi0P3JMZCv1bvaBfyhlQuZ494iNf/riDYJCRDTlKsCLGkjcOn760A3zdcFe0
pP24QO2D1QtRzr/XVAJcSvz74v4CWcBFEVmzs73kvs/4xBSa1XmPBEJ/sKGre9do
pLAuQdQg/5RJv5Qlrwn3u/SJJUPdQeH5WY5ieHrb62Sw9+bECy4UyHU2bGe3jdSB
nWGUUgxuwTzoiWUsdB4e8/2KUDb1J47fk5sCAwEAAaN2MHQwDwYDVR0TAQH/BAUw
AwEB/zAOBgNVHQ8BAf8EBAMCAQYwUQYDVR0RBEowSIcECgEAc4JAZnYtYXoyMDEt
NzY4LmV0dDR0dTNqdmRzZTVvdmMybWtnanFjczVhLmJ4LmludGVybmFsLmNsb3Vk
YXBwLm5ldDANBgkqhkiG9w0BAQsFAAOCAQEAho4QLQMfgi3RHXMkXXS9Qk+qOkyi
2QpZ0kPM2xkEsNknJpC6Y/6RDL6QQthddAtF7i5srnYKMhpm5+K7wZP01FIPe2XF
9mGPYwdOaX7Qm4bYmEdq6n4/63YvnAFc2cx2hXrcViehCzHoA97G65VXv58HUkM5
9JQntdKcTUzbAFoVndDSHRGbb6Z1da4Lj8levaXvNyKdiV5Fhrlbi9Qf5wXO6v+D
wZIjCtc45R563LESamOFCN2d75XBL9C8Q9wIihB2fiRlSqCrqAlKFY3ERHmVcCZN
V9NOOYk2nDtVHuS051XA6q0lVx377WBRzcGcuqu1gm6B7d4+GLH0c+g6tw==
-----END CERTIFICATE-----

2023-07-13 02:04:42,270 [Time-limited test] INFO  ha.HASecurityUtils (HASecurityUtils.java:initializeSecurity(121)) - Successfully stored SCM signed certificate.
2023-07-13 02:04:42,313 [Time-limited test] WARN  server.ServerUtils (ServerUtils.java:getScmDbDir(155)) - ozone.scm.db.dirs is not configured. We recommend adding this setting. Falling back to ozone.metadata.dirs instead.
2023-07-13 02:04:42,316 [Time-limited test] INFO  ha.SCMHANodeDetails (SCMHANodeDetails.java:loadSCMHAConfig(210)) - ServiceID for StorageContainerManager is null
2023-07-13 02:04:42,316 [Time-limited test] INFO  ha.SCMHANodeDetails (SCMHANodeDetails.java:loadSCMHAConfig(215)) - ozone.scm.default.service.id is not defined, falling back to ozone.scm.service.ids to find serviceID for StorageContainerManager if it is HA enabled cluster
2023-07-13 02:04:42,546 [pool-2-thread-1] INFO  request.KdcRequest (KdcRequest.java:preauth(651)) - The preauth data is empty.
2023-07-13 02:04:42,552 [pool-2-thread-1] INFO  server.KdcHandler (KdcHandler.java:handleRecoverableException(177)) - KRB error occurred while processing request:Additional pre-authentication required
2023-07-13 02:04:42,664 [pool-2-thread-1] INFO  request.AsRequest (AsRequest.java:issueTicket(112)) - AS_REQ ISSUE: authtime 1689213882662,scm/fv-az201-768.ett4tu3jvdse5ovc2mkgjqcs5a.bx.internal.cloudapp.net@EXAMPLE.COM for krbtgt/EXAMPLE.COM@EXAMPLE.COM
2023-07-13 02:04:42,673 [Time-limited test] INFO  security.UserGroupInformation (UserGroupInformation.java:loginUserFromKeytab(1132)) - Login successful for user scm/fv-az201-768.ett4tu3jvdse5ovc2mkgjqcs5a.bx.internal.cloudapp.net@EXAMPLE.COM using keytab file scm.keytab. Keytab auto renewal enabled : false
2023-07-13 02:04:42,673 [Time-limited test] INFO  server.StorageContainerManager (StorageContainerManager.java:loginAsSCMUserIfSecurityEnabled(1048)) - SCM login successful.
2023-07-13 02:04:42,729 [Time-limited test] INFO  client.SCMCertificateClient (DefaultCertificateClient.java:updateCertSerialId(1248)) - Certificate serial ID set to 1220276998922
2023-07-13 02:04:42,744 [Time-limited test] INFO  client.SCMCertificateClient (DefaultCertificateClient.java:readCertificateFile(224)) - Added certificate   [0]         Version: 3
         SerialNumber: 1220276998922
             IssuerDN: CN=scm-1@fv-az201-768,OU=701d5196-75f2-4989-a4b9-68831c9e7a28,O=9345af3d-0f1b-4443-a6f3-a9a52bdfd4c3
           Start Date: Thu Jul 13 02:04:42 UTC 2023
           Final Date: Sun Aug 20 02:04:42 UTC 2028
            SubjectDN: CN=scm-sub-1220225313448@fv-az201-768,OU=701d5196-75f2-4989-a4b9-68831c9e7a28,O=9345af3d-0f1b-4443-a6f3-a9a52bdfd4c3
           Public Key: RSA Public Key [7f:bb:7f:65:14:99:4f:93:af:9f:6f:fb:d4:ee:b6:dd:9e:81:ab:e5],[56:66:d1:a4]
        modulus: e4731b918d5c5dbdec98dd41680466fdca6874139cb727655b6c740d949d93fd3473463e688042df1ffbc3fd7d1245edcfc06435482a3e4500e5aae1c8769252154518176132f1e2566279ba0bae3612c66e559c2b5f61f515dcd8a7d42418bd8baf38addb429d2be22292f05b768686b779795eee0fe17d67cda8ac80bb6a92c545a20186f639ef2c4c36de03c90f586eda118638c9a6723c6da3714f8f14e0e575d93f90b6a31075e985f39ebbcf6d84f84becdc02e0de05f954c32cb17d15118463c712b5a791ecd6c264c56a9ca775e495ba86e67d301e8df5080e39d7799b70ce832b123cccf68dec8ac941c18eee964c541425524c3824ff944b274db5
public exponent: 10001

  Signature Algorithm: SHA256WITHRSA
            Signature: 1de917dcccc19449d649b656fae126a8114fbd16
                       010afa5341b2035061ffbfe42fe31d140b11a304
                       b03aa1b920c54e0814bbc1d9b1895975872d1ed4
                       962c4116e2eb9cdfab051ba74d934325c68679fa
                       e7cd876b169d3d4d028705d81c9fb667f128577f
                       5dbe089ed71129d6df85d4f8c6cdf6fea98ca9fe
                       490ab25b86b1ef7453194f34b44a73bcad87ebb5
                       e04804f4ff6743910eb41f3f6d4acc36940e4335
                       b2d71e37c3b000610a013919b1a8b7fd7b759977
                       9169e54d47bde29cfe5f48449621b581bd674d7a
                       5fe9a0bdee3a497760ee5d89adbb1024623bc84e
                       7f351dee8ccfec5a0b9ad46c0a58cdbb52d86196
                       2786d244db5cd60de92fec7ab9756284
       Extensions: 
                       critical(false) 2.5.29.17 value = Sequence
    Tagged [7] IMPLICIT 
        DER Octet String[4] 
    Tagged [2] IMPLICIT 
        DER Octet String[64] 

                       critical(true) BasicConstraints: isCa(true)
                       critical(true) KeyUsage: 0xbe
 from file: /tmp/junit4480903247129941307/junit2013677755059309910/scm-meta/scm/sub-ca/certs/1220276998922.crt.
2023-07-13 02:04:42,749 [Time-limited test] INFO  client.SCMCertificateClient (DefaultCertificateClient.java:readCertificateFile(224)) - Added certificate   [0]         Version: 3
         SerialNumber: 1
             IssuerDN: CN=scm-1@fv-az201-768,OU=701d5196-75f2-4989-a4b9-68831c9e7a28,O=9345af3d-0f1b-4443-a6f3-a9a52bdfd4c3
           Start Date: Thu Jul 13 02:04:41 UTC 2023
           Final Date: Sun Aug 20 02:04:41 UTC 2028
            SubjectDN: CN=scm-1@fv-az201-768,OU=701d5196-75f2-4989-a4b9-68831c9e7a28,O=9345af3d-0f1b-4443-a6f3-a9a52bdfd4c3
           Public Key: RSA Public Key [60:31:5a:bf:2c:9f:44:d6:ad:b8:b0:d5:54:dc:47:7b:1c:57:b7:8e],[56:66:d1:a4]
        modulus: c02e85afc9042dc533209e6171d96a34e177e10422e7ab600a44727fa4b4183cc90b57a0ce32764d318d7af0ae096c09770f41e809c18734cc03bdd161e05d94613af6ef70966126d10c345208c8b78387f8dd239b1d091265c22d0fdc93190afd5bbda05fca1950b99e3de2235ffeb8836090910d394ab022c692370e9fbeb4037cdd7057b4a4fdb840ed83d50b51cebfd754025c4afcfbe2fe0259c0451159b3b3bde4becff8c4149ad5798f04427fb0a1ab7bd768a4b02e41d420ff9449bf9425af09f7bbf4892543dd41e1f9598e62787adbeb64b0f7e6c40b2e14c875366c67b78dd4819d6194520c6ec13ce889652c741e1ef3fd8a5036f5278edf939b
public exponent: 10001

  Signature Algorithm: SHA256WITHRSA
            Signature: 868e102d031f822dd11d73245d74bd424faa3a4c
                       a2d90a59d243ccdb1904b0d9272690ba63fe910c
                       be9042d85d740b45ee2e6cae760a321a66e7e2bb
                       c193f4d4520f7b65c5f6618f63074e697ed09b86
                       d898476aea7e3feb762f9c015cd9cc76857adc56
                       27a10b31e803dec6eb9557bf9f07524339f49427
                       b5d29c4d4cdb005a159dd0d21d119b6fa67575ae
                       0b8fc95ebda5ef37229d895e4586b95b8bd41fe7
                       05ceeaff83c192230ad738e51e7adcb1126a6385
                       08dd9def95c12fd0bc43dc088a10767e24654aa0
                       aba8094a158dc444799570264d57d34e3989369c
                       3b551ee4b4e755c0eaad25571dfbed6051cdc19c
                       baabb5826e81edde3e18b1f473e83ab7
       Extensions: 
                       critical(true) BasicConstraints: isCa(true)
                       critical(true) KeyUsage: 0x6
                       critical(false) 2.5.29.17 value = Sequence
    Tagged [7] IMPLICIT 
        DER Octet String[4] 
    Tagged [2] IMPLICIT 
        DER Octet String[64] 

 from file: /tmp/junit4480903247129941307/junit2013677755059309910/scm-meta/scm/sub-ca/certs/CA-1.crt.
2023-07-13 02:04:42,752 [Time-limited test] INFO  client.SCMCertificateClient (DefaultCertificateClient.java:readCertificateFile(224)) - Added certificate   [0]         Version: 3
         SerialNumber: 1220276998922
             IssuerDN: CN=scm-1@fv-az201-768,OU=701d5196-75f2-4989-a4b9-68831c9e7a28,O=9345af3d-0f1b-4443-a6f3-a9a52bdfd4c3
           Start Date: Thu Jul 13 02:04:42 UTC 2023
           Final Date: Sun Aug 20 02:04:42 UTC 2028
            SubjectDN: CN=scm-sub-1220225313448@fv-az201-768,OU=701d5196-75f2-4989-a4b9-68831c9e7a28,O=9345af3d-0f1b-4443-a6f3-a9a52bdfd4c3
           Public Key: RSA Public Key [7f:bb:7f:65:14:99:4f:93:af:9f:6f:fb:d4:ee:b6:dd:9e:81:ab:e5],[56:66:d1:a4]
        modulus: e4731b918d5c5dbdec98dd41680466fdca6874139cb727655b6c740d949d93fd3473463e688042df1ffbc3fd7d1245edcfc06435482a3e4500e5aae1c8769252154518176132f1e2566279ba0bae3612c66e559c2b5f61f515dcd8a7d42418bd8baf38addb429d2be22292f05b768686b779795eee0fe17d67cda8ac80bb6a92c545a20186f639ef2c4c36de03c90f586eda118638c9a6723c6da3714f8f14e0e575d93f90b6a31075e985f39ebbcf6d84f84becdc02e0de05f954c32cb17d15118463c712b5a791ecd6c264c56a9ca775e495ba86e67d301e8df5080e39d7799b70ce832b123cccf68dec8ac941c18eee964c541425524c3824ff944b274db5
public exponent: 10001

  Signature Algorithm: SHA256WITHRSA
            Signature: 1de917dcccc19449d649b656fae126a8114fbd16
                       010afa5341b2035061ffbfe42fe31d140b11a304
                       b03aa1b920c54e0814bbc1d9b1895975872d1ed4
                       962c4116e2eb9cdfab051ba74d934325c68679fa
                       e7cd876b169d3d4d028705d81c9fb667f128577f
                       5dbe089ed71129d6df85d4f8c6cdf6fea98ca9fe
                       490ab25b86b1ef7453194f34b44a73bcad87ebb5
                       e04804f4ff6743910eb41f3f6d4acc36940e4335
                       b2d71e37c3b000610a013919b1a8b7fd7b759977
                       9169e54d47bde29cfe5f48449621b581bd674d7a
                       5fe9a0bdee3a497760ee5d89adbb1024623bc84e
                       7f351dee8ccfec5a0b9ad46c0a58cdbb52d86196
                       2786d244db5cd60de92fec7ab9756284
       Extensions: 
                       critical(false) 2.5.29.17 value = Sequence
    Tagged [7] IMPLICIT 
        DER Octet String[4] 
    Tagged [2] IMPLICIT 
        DER Octet String[64] 

                       critical(true) BasicConstraints: isCa(true)
                       critical(true) KeyUsage: 0xbe
 from file: /tmp/junit4480903247129941307/junit2013677755059309910/scm-meta/scm/sub-ca/certs/certificate.crt.
2023-07-13 02:04:42,753 [Time-limited test] INFO  client.SCMCertificateClient (DefaultCertificateClient.java:loadAllCertificates(186)) - CertificateRenewerService and root ca rotation polling is disabled for scm/sub-ca
2023-07-13 02:04:42,834 [Time-limited test] WARN  utils.HAUtils (HAUtils.java:getMetaDir(339)) - ozone.scm.db.dirs is not configured. We recommend adding this setting. Falling back to ozone.metadata.dirs instead.
2023-07-13 02:04:43,035 [Time-limited test] WARN  db.DBStoreBuilder (DBStoreBuilder.java:applyDBDefinition(166)) - ozone.scm.db.dirs is not configured. We recommend adding this setting. Falling back to ozone.metadata.dirs instead.
2023-07-13 02:04:43,331 [Time-limited test] INFO  net.NodeSchemaLoader (NodeSchemaLoader.java:loadSchemaFromFile(129)) - Loading schema from [jar:file:/home/runner/.m2/repository/org/apache/ozone/hdds-common/1.4.0-SNAPSHOT/hdds-common-1.4.0-SNAPSHOT.jar!/network-topology-default.xml]
2023-07-13 02:04:43,332 [Time-limited test] INFO  net.NodeSchemaLoader (NodeSchemaLoader.java:loadSchema(176)) - Loading network topology layer schema file
2023-07-13 02:04:43,390 [Time-limited test] INFO  metrics.MetricRegistries (MetricRegistriesLoader.java:load(64)) - Loaded MetricRegistries class org.apache.ratis.metrics.impl.MetricRegistriesImpl
2023-07-13 02:04:43,406 [Time-limited test] INFO  upgrade.AbstractLayoutVersionManager (AbstractLayoutVersionManager.java:init(83)) - Initializing Layout version manager with metadata layout = HADOOP_PRC_PORTS_IN_DATANODEDETAILS (version = 7), software layout = HADOOP_PRC_PORTS_IN_DATANODEDETAILS (version = 7)
2023-07-13 02:04:43,558 [Time-limited test] INFO  ha.SequenceIdGenerator (SequenceIdGenerator.java:upgradeToSequenceId(361)) - upgrade localId to 111677748019200000
2023-07-13 02:04:43,560 [Time-limited test] INFO  ha.SequenceIdGenerator (SequenceIdGenerator.java:upgradeToSequenceId(371)) - upgrade delTxnId to 0
2023-07-13 02:04:43,567 [Time-limited test] INFO  ha.SequenceIdGenerator (SequenceIdGenerator.java:upgradeToSequenceId(388)) - upgrade containerId to 0
2023-07-13 02:04:43,570 [Time-limited test] INFO  ha.SequenceIdGenerator (SequenceIdGenerator.java:upgradeToSequenceId(424)) - upgrade rootCertificateId to 1
2023-07-13 02:04:43,572 [Time-limited test] INFO  ha.SequenceIdGenerator (SequenceIdGenerator.java:<init>(232)) - Init the HA SequenceIdGenerator.
2023-07-13 02:04:43,642 [Time-limited test] INFO  node.SCMNodeManager (SCMNodeManager.java:<init>(157)) - Entering startup safe mode.
2023-07-13 02:04:43,660 [Time-limited test] INFO  algorithms.ContainerPlacementPolicyFactory (ContainerPlacementPolicyFactory.java:getPolicyInternal(86)) - Create container placement policy of type org.apache.hadoop.hdds.scm.container.placement.algorithms.SCMContainerPlacementRackAware
2023-07-13 02:04:43,664 [Time-limited test] INFO  algorithms.ContainerPlacementPolicyFactory (ContainerPlacementPolicyFactory.java:getPolicyInternal(86)) - Create container placement policy of type org.apache.hadoop.hdds.scm.container.placement.algorithms.SCMContainerPlacementRackScatter
2023-07-13 02:04:43,674 [Time-limited test] INFO  pipeline.PipelineStateManagerImpl (PipelineStateManagerImpl.java:initialize(78)) - No pipeline exists in current db
2023-07-13 02:04:43,690 [Time-limited test] INFO  algorithms.LeaderChoosePolicyFactory (LeaderChoosePolicyFactory.java:getPolicy(57)) - Create leader choose policy of type org.apache.hadoop.hdds.scm.pipeline.leader.choose.algorithms.MinLeaderCountChoosePolicy
2023-07-13 02:04:43,690 [Time-limited test] INFO  algorithms.ContainerPlacementPolicyFactory (ContainerPlacementPolicyFactory.java:getPolicyInternal(86)) - Create container placement policy of type org.apache.hadoop.hdds.scm.container.placement.algorithms.SCMContainerPlacementRackScatter
2023-07-13 02:04:43,697 [Time-limited test] INFO  ha.SCMServiceManager (SCMServiceManager.java:register(42)) - Registering service BackgroundPipelineCreator.
2023-07-13 02:04:43,697 [Time-limited test] INFO  pipeline.BackgroundPipelineCreator (BackgroundPipelineCreator.java:start(124)) - Starting RatisPipelineUtilsThread.
2023-07-13 02:04:43,700 [Time-limited test] INFO  BackgroundPipelineScrubber (BackgroundSCMService.java:start(68)) - Starting BackgroundPipelineScrubber Service.
2023-07-13 02:04:43,702 [Time-limited test] INFO  ha.SCMServiceManager (SCMServiceManager.java:register(42)) - Registering service BackgroundPipelineScrubber.
2023-07-13 02:04:43,709 [Time-limited test] INFO  ExpiredContainerReplicaOpScrubber (BackgroundSCMService.java:start(68)) - Starting ExpiredContainerReplicaOpScrubber Service.
2023-07-13 02:04:43,714 [Time-limited test] INFO  ha.SCMServiceManager (SCMServiceManager.java:register(42)) - Registering service ExpiredContainerReplicaOpScrubber.
2023-07-13 02:04:43,748 [Time-limited test] INFO  algorithms.PipelineChoosePolicyFactory (PipelineChoosePolicyFactory.java:createPipelineChoosePolicyFromClass(78)) - Create pipeline choose policy of type org.apache.hadoop.hdds.scm.pipeline.choose.algorithms.RandomPipelineChoosePolicy
2023-07-13 02:04:43,748 [Time-limited test] INFO  algorithms.PipelineChoosePolicyFactory (PipelineChoosePolicyFactory.java:createPipelineChoosePolicyFromClass(78)) - Create pipeline choose policy of type org.apache.hadoop.hdds.scm.pipeline.choose.algorithms.RandomPipelineChoosePolicy
2023-07-13 02:04:43,769 [Time-limited test] INFO  ha.SCMServiceManager (SCMServiceManager.java:register(42)) - Registering service SCMBlockDeletingService.
2023-07-13 02:04:43,850 [Time-limited test] INFO  replication.ReplicationManager (ReplicationManager.java:start(286)) - Starting Replication Monitor Thread.
2023-07-13 02:04:43,864 [Time-limited test] INFO  ha.SCMServiceManager (SCMServiceManager.java:register(42)) - Registering service ReplicationManager.
2023-07-13 02:04:43,870 [ReplicationMonitor] INFO  replication.ReplicationManager (ReplicationManager.java:processAll(361)) - Replication Manager is not ready to run until 300000ms after safemode exit
2023-07-13 02:04:43,882 [Time-limited test] INFO  safemode.ContainerSafeModeRule (ContainerSafeModeRule.java:<init>(89)) - containers with one replica threshold count 0
2023-07-13 02:04:43,887 [Time-limited test] INFO  safemode.HealthyPipelineSafeModeRule (HealthyPipelineSafeModeRule.java:initializeRule(169)) - Total pipeline count is 0, healthy pipeline threshold count is 0
2023-07-13 02:04:43,892 [Time-limited test] INFO  safemode.OneReplicaPipelineSafeModeRule (OneReplicaPipelineSafeModeRule.java:initializeRule(180)) - Total pipeline count is 0, pipeline's with at least one datanode reported threshold count is 0
2023-07-13 02:04:43,919 [Time-limited test] INFO  authority.DefaultCAServer (DefaultCAServer.java:lambda$processVerificationStatus$0(472)) - CertificateServer validation is successful
2023-07-13 02:04:43,920 [Time-limited test] INFO  authority.DefaultCAServer (DefaultCAServer.java:lambda$processVerificationStatus$0(472)) - CertificateServer validation is successful
2023-07-13 02:04:43,922 [Time-limited test] INFO  server.StorageContainerManager (StorageContainerManager.java:persistPrimarySCMCerts(929)) - Storing sub-ca certificate serialId 1220276998922 on primary SCM
2023-07-13 02:04:43,945 [Time-limited test] INFO  server.SCMCertStore (SCMCertStore.java:storeValidScmCertificate(121)) - Scm certificate 1220276998922 for CN=scm-sub-1220225313448@fv-az201-768,OU=701d5196-75f2-4989-a4b9-68831c9e7a28,O=9345af3d-0f1b-4443-a6f3-a9a52bdfd4c3 is stored
2023-07-13 02:04:43,945 [Time-limited test] INFO  server.StorageContainerManager (StorageContainerManager.java:persistPrimarySCMCerts(937)) - Storing root certificate serialId 1
2023-07-13 02:04:43,951 [Time-limited test] INFO  server.SCMCertStore (SCMCertStore.java:storeValidScmCertificate(121)) - Scm certificate 1 for CN=scm-1@fv-az201-768,OU=701d5196-75f2-4989-a4b9-68831c9e7a28,O=9345af3d-0f1b-4443-a6f3-a9a52bdfd4c3 is stored
2023-07-13 02:04:43,983 [Time-limited test] INFO  ipc.CallQueueManager (CallQueueManager.java:<init>(90)) - Using callQueue: class java.util.concurrent.LinkedBlockingQueue, queueCapacity: 200, scheduler: class org.apache.hadoop.ipc.DefaultRpcScheduler, ipcBackoff: false.
2023-07-13 02:04:44,047 [Time-limited test] INFO  ipc.Server (Server.java:<init>(1287)) - Listener at 0.0.0.0:9961
2023-07-13 02:04:44,055 [Socket Reader #1 for port 9961] INFO  ipc.Server (Server.java:run(1323)) - Starting Socket Reader #1 for port 9961
2023-07-13 02:04:44,156 [Time-limited test] INFO  ha.SCMServiceManager (SCMServiceManager.java:register(42)) - Registering service RootCARotationManager.
2023-07-13 02:04:44,159 [Time-limited test] INFO  server.StorageContainerManager (StorageContainerManager.java:<init>(424)) - SCM start with adminUsers: [runner, scm]
2023-07-13 02:04:44,196 [Time-limited test] INFO  audit.AuditLogger (AuditLogger.java:refreshDebugCmdSet(126)) - Refresh DebugCmdSet for SCMAudit to [].
2023-07-13 02:04:44,205 [Time-limited test] INFO  ipc.CallQueueManager (CallQueueManager.java:<init>(90)) - Using callQueue: class java.util.concurrent.LinkedBlockingQueue, queueCapacity: 10000, scheduler: class org.apache.hadoop.ipc.DefaultRpcScheduler, ipcBackoff: false.
2023-07-13 02:04:44,205 [Time-limited test] INFO  ipc.Server (Server.java:<init>(1287)) - Listener at 0.0.0.0:9861
2023-07-13 02:04:44,206 [Socket Reader #1 for port 9861] INFO  ipc.Server (Server.java:run(1323)) - Starting Socket Reader #1 for port 9861
2023-07-13 02:04:44,248 [Time-limited test] INFO  audit.AuditLogger (AuditLogger.java:refreshDebugCmdSet(126)) - Refresh DebugCmdSet for SCMAudit to [].
2023-07-13 02:04:44,257 [Time-limited test] INFO  ipc.CallQueueManager (CallQueueManager.java:<init>(90)) - Using callQueue: class java.util.concurrent.LinkedBlockingQueue, queueCapacity: 10000, scheduler: class org.apache.hadoop.ipc.DefaultRpcScheduler, ipcBackoff: false.
2023-07-13 02:04:44,257 [Time-limited test] INFO  ipc.Server (Server.java:<init>(1287)) - Listener at 0.0.0.0:9863
2023-07-13 02:04:44,258 [Socket Reader #1 for port 9863] INFO  ipc.Server (Server.java:run(1323)) - Starting Socket Reader #1 for port 9863
2023-07-13 02:04:44,302 [Time-limited test] INFO  audit.AuditLogger (AuditLogger.java:refreshDebugCmdSet(126)) - Refresh DebugCmdSet for SCMAudit to [].
2023-07-13 02:04:44,317 [Time-limited test] INFO  ipc.CallQueueManager (CallQueueManager.java:<init>(90)) - Using callQueue: class java.util.concurrent.LinkedBlockingQueue, queueCapacity: 10000, scheduler: class org.apache.hadoop.ipc.DefaultRpcScheduler, ipcBackoff: false.
2023-07-13 02:04:44,318 [Time-limited test] INFO  ipc.Server (Server.java:<init>(1287)) - Listener at 0.0.0.0:9860
2023-07-13 02:04:44,318 [Socket Reader #1 for port 9860] INFO  ipc.Server (Server.java:run(1323)) - Starting Socket Reader #1 for port 9860
2023-07-13 02:04:44,373 [Time-limited test] INFO  ha.SCMServiceManager (SCMServiceManager.java:register(42)) - Registering service ContainerBalancer.
2023-07-13 02:04:44,373 [Time-limited test] INFO  server.StorageContainerManager (StorageContainerManager.java:<init>(437)) - 
Container Balancer status:
Key                            Value
Running                        false
Container Balancer Configuration values:
Key                                                Value
Threshold                                          10
Max Datanodes to Involve per Iteration(percent)    20
Max Size to Move per Iteration                     500GB
Max Size Entering Target per Iteration             26GB
Max Size Leaving Source per Iteration              26GB

2023-07-13 02:04:44,373 [Time-limited test] INFO  ha.SCMContext (SCMContext.java:updateSafeModeStatus(228)) - Update SafeModeStatus from SafeModeStatus{safeModeStatus=true, preCheckPassed=false} to SafeModeStatus{safeModeStatus=true, preCheckPassed=false}.
2023-07-13 02:04:44,377 [Time-limited test] INFO  server.StorageContainerManager (StorageContainerManager.java:start(1489)) - StorageContainerLocationProtocol RPC server is listening at /0.0.0.0:9860
2023-07-13 02:04:44,468 [Time-limited test] WARN  impl.MetricsConfig (MetricsConfig.java:loadFirst(136)) - Cannot locate configuration: tried hadoop-metrics2-storagecontainermanager.properties,hadoop-metrics2.properties
2023-07-13 02:04:44,487 [Time-limited test] INFO  impl.MetricsSystemImpl (MetricsSystemImpl.java:startTimer(378)) - Scheduled Metric snapshot period at 10 second(s).
2023-07-13 02:04:44,487 [Time-limited test] INFO  impl.MetricsSystemImpl (MetricsSystemImpl.java:start(191)) - StorageContainerManager metrics system started
2023-07-13 02:04:44,584 [Time-limited test] INFO  server.SCMClientProtocolServer (SCMClientProtocolServer.java:start(200)) - RPC server for Client  is listening at /0.0.0.0:9860
2023-07-13 02:04:44,584 [IPC Server Responder] INFO  ipc.Server (Server.java:run(1562)) - IPC Server Responder: starting
2023-07-13 02:04:44,614 [Time-limited test] INFO  server.StorageContainerManager (StorageContainerManager.java:start(1502)) - ScmBlockLocationProtocol RPC server is listening at /0.0.0.0:9863
2023-07-13 02:04:44,615 [Time-limited test] INFO  server.SCMBlockProtocolServer (SCMBlockProtocolServer.java:start(152)) - RPC server for Block Protocol is listening at /0.0.0.0:9863
2023-07-13 02:04:44,616 [IPC Server Responder] INFO  ipc.Server (Server.java:run(1562)) - IPC Server Responder: starting
2023-07-13 02:04:44,616 [IPC Server listener on 9863] INFO  ipc.Server (Server.java:run(1402)) - IPC Server listener on 9863: starting
2023-07-13 02:04:44,640 [Time-limited test] INFO  server.SCMDatanodeProtocolServer (SCMDatanodeProtocolServer.java:start(193)) - ScmDatanodeProtocol RPC server for DataNodes is listening at /0.0.0.0:9861
2023-07-13 02:04:44,678 [Time-limited test] INFO  server.SCMSecurityProtocolServer (SCMSecurityProtocolServer.java:start(528)) - Starting RPC server for SCMSecurityProtocolServer. is listening at /0.0.0.0:9961
2023-07-13 02:04:44,679 [Time-limited test] INFO  server.SCMUpdateServiceGrpcServer (SCMUpdateServiceGrpcServer.java:start(58)) - SCMUpdateService starting
2023-07-13 02:04:44,702 [IPC Server listener on 9860] INFO  ipc.Server (Server.java:run(1402)) - IPC Server listener on 9860: starting
2023-07-13 02:04:44,707 [IPC Server listener on 9961] INFO  ipc.Server (Server.java:run(1402)) - IPC Server listener on 9961: starting
2023-07-13 02:04:44,707 [IPC Server Responder] INFO  ipc.Server (Server.java:run(1562)) - IPC Server Responder: starting
2023-07-13 02:04:44,712 [IPC Server listener on 9861] INFO  ipc.Server (Server.java:run(1402)) - IPC Server listener on 9861: starting
2023-07-13 02:04:44,713 [IPC Server Responder] INFO  ipc.Server (Server.java:run(1562)) - IPC Server Responder: starting
2023-07-13 02:04:45,028 [Time-limited test] INFO  security.RootCARotationManager (RootCARotationManager.java:start(219)) - Monitor task for root certificate 1 is started with interval PT9S.
2023-07-13 02:04:45,045 [JvmPauseMonitor0] INFO  util.JvmPauseMonitor (JvmPauseMonitor.java:run(103)) - JvmPauseMonitor-701d5196-75f2-4989-a4b9-68831c9e7a28: Started
2023-07-13 02:04:45,055 [Time-limited test] INFO  http.BaseHttpServer (BaseHttpServer.java:newHttpServer2BuilderForOzone(224)) - Starting Web-server for scm at: http://0.0.0.0:9876
2023-07-13 02:04:45,055 [Time-limited test] INFO  http.BaseHttpServer (BaseHttpServer.java:<init>(111)) - Hadoop Security Enabled: true Ozone Security Enabled: true Ozone HTTP Security Enabled: false 
2023-07-13 02:04:45,097 [Time-limited test] INFO  util.log (Log.java:initialized(170)) - Logging initialized @9744ms to org.eclipse.jetty.util.log.Slf4jLog
2023-07-13 02:04:45,212 [Time-limited test] WARN  server.AuthenticationFilter (AuthenticationFilter.java:constructSecretProvider(240)) - Unable to initialize FileSignerSecretProvider, falling back to use random secrets. Reason: Could not read signature secret file: /home/runner/hadoop-http-auth-signature-secret
2023-07-13 02:04:45,219 [Time-limited test] INFO  http.HttpRequestLog (HttpRequestLog.java:getRequestLog(86)) - Http request log for http.requests.scm is not defined
2023-07-13 02:04:45,225 [Time-limited test] INFO  http.HttpServer2 (HttpServer2.java:addGlobalFilter(1031)) - Added global filter 'safety' (class=org.apache.hadoop.hdds.server.http.HttpServer2$QuotingInputFilter)
2023-07-13 02:04:45,228 [Time-limited test] INFO  http.HttpServer2 (HttpServer2.java:addFilter(1007)) - Added filter static_user_filter (class=org.apache.hadoop.http.lib.StaticUserWebFilter$StaticUserFilter) to context scm
2023-07-13 02:04:45,228 [Time-limited test] INFO  http.HttpServer2 (HttpServer2.java:addFilter(1015)) - Added filter static_user_filter (class=org.apache.hadoop.http.lib.StaticUserWebFilter$StaticUserFilter) to context static
2023-07-13 02:04:45,228 [Time-limited test] INFO  http.HttpServer2 (HttpServer2.java:addFilter(1015)) - Added filter static_user_filter (class=org.apache.hadoop.http.lib.StaticUserWebFilter$StaticUserFilter) to context logs
2023-07-13 02:04:45,332 [Time-limited test] INFO  http.BaseHttpServer (BaseHttpServer.java:<init>(190)) - HTTP server of scm uses base directory /tmp/junit4480903247129941307/junit2013677755059309910/scm-meta/webserver
2023-07-13 02:04:45,333 [Time-limited test] INFO  http.HttpServer2 (HttpServer2.java:bindListener(1250)) - Jetty bound to port 9876
2023-07-13 02:04:45,335 [Time-limited test] INFO  server.Server (Server.java:doStart(375)) - jetty-9.4.51.v20230217; built: 2023-02-17T08:19:37.309Z; git: b45c405e4544384de066f814ed42ae3dceacdd49; jvm 1.8.0_372-b07
2023-07-13 02:04:45,370 [Time-limited test] INFO  server.session (DefaultSessionIdManager.java:doStart(334)) - DefaultSessionIdManager workerName=node0
2023-07-13 02:04:45,371 [Time-limited test] INFO  server.session (DefaultSessionIdManager.java:doStart(339)) - No SessionScavenger set, using defaults
2023-07-13 02:04:45,373 [Time-limited test] INFO  server.session (HouseKeeper.java:startScavenging(132)) - node0 Scavenging every 600000ms
2023-07-13 02:04:45,389 [Time-limited test] INFO  handler.ContextHandler (ContextHandler.java:doStart(921)) - Started o.e.j.s.ServletContextHandler@5e5a83e1{logs,/logs,file:///home/runner/work/ozone/ozone/hadoop-ozone/integration-test/target/log,AVAILABLE}
2023-07-13 02:04:45,390 [Time-limited test] INFO  handler.ContextHandler (ContextHandler.java:doStart(921)) - Started o.e.j.s.ServletContextHandler@2417bbc6{static,/static,file:///home/runner/work/ozone/ozone/hadoop-ozone/integration-test/target/test-classes/webapps/static,AVAILABLE}
2023-07-13 02:04:45,445 [Time-limited test] INFO  handler.ContextHandler (ContextHandler.java:doStart(921)) - Started o.e.j.w.WebAppContext@7268a932{scm,/,file:///home/runner/work/ozone/ozone/hadoop-ozone/integration-test/target/test-classes/webapps/scm/,AVAILABLE}{file:/home/runner/work/ozone/ozone/hadoop-ozone/integration-test/target/test-classes/webapps/scm}
2023-07-13 02:04:45,457 [Time-limited test] INFO  server.AbstractConnector (AbstractConnector.java:doStart(333)) - Started ServerConnector@6feed52b{HTTP/1.1, (http/1.1)}{0.0.0.0:9876}
2023-07-13 02:04:45,457 [Time-limited test] INFO  server.Server (Server.java:doStart(415)) - Started @10104ms
2023-07-13 02:04:45,460 [Time-limited test] INFO  impl.MetricsSinkAdapter (MetricsSinkAdapter.java:start(204)) - Sink prometheus started
2023-07-13 02:04:45,460 [Time-limited test] INFO  impl.MetricsSystemImpl (MetricsSystemImpl.java:registerSink(305)) - Registered sink prometheus
2023-07-13 02:04:45,468 [Time-limited test] INFO  http.BaseHttpServer (BaseHttpServer.java:updateConnectorAddress(344)) - HTTP server of scm listening at http://0.0.0.0:9876
2023-07-13 02:04:45,476 [pool-2-thread-1] INFO  request.KdcRequest (KdcRequest.java:preauth(651)) - The preauth data is empty.
2023-07-13 02:04:45,476 [pool-2-thread-1] INFO  server.KdcHandler (KdcHandler.java:handleRecoverableException(177)) - KRB error occurred while processing request:Additional pre-authentication required
2023-07-13 02:04:45,485 [pool-2-thread-1] INFO  request.AsRequest (AsRequest.java:issueTicket(112)) - AS_REQ ISSUE: authtime 1689213885485,test@EXAMPLE.COM for krbtgt/EXAMPLE.COM@EXAMPLE.COM
2023-07-13 02:04:45,651 [pool-2-thread-1] INFO  request.TgsRequest (TgsRequest.java:issueTicket(115)) - TGS_REQ ISSUE: authtime 1689213885650,test for scm/fv-az201-768.ett4tu3jvdse5ovc2mkgjqcs5a.bx.internal.cloudapp.net@EXAMPLE.COM
2023-07-13 02:04:45,678 [Socket Reader #1 for port 9961] INFO  ipc.Server (Server.java:saslProcess(2139)) - Auth successful for test@EXAMPLE.COM (auth:KERBEROS) from fv-az201-768.ett4tu3jvdse5ovc2mkgjqcs5a.bx.internal.cloudapp.net:37096 / 10.1.0.115:37096
2023-07-13 02:04:45,788 [IPC Server handler 0 on default port 9961] INFO  server.SCMSecurityProtocolServer (SCMSecurityProtocolServer.java:getCertificate(404)) - Certificate with serial id 100 not found.
2023-07-13 02:04:45,799 [Time-limited test] WARN  ipc.Client (Client.java:run(733)) - Exception encountered while connecting to the server 0.0.0.0/0.0.0.0:9961
org.apache.hadoop.security.AccessControlException: Client cannot authenticate via:[KERBEROS]
	at org.apache.hadoop.security.SaslRpcClient.selectSaslClient(SaslRpcClient.java:179)
	at org.apache.hadoop.security.SaslRpcClient.saslConnect(SaslRpcClient.java:392)
	at org.apache.hadoop.ipc.Client$Connection.setupSaslConnection(Client.java:561)
	at org.apache.hadoop.ipc.Client$Connection.access$2100(Client.java:347)
	at org.apache.hadoop.ipc.Client$Connection$2.run(Client.java:783)
	at org.apache.hadoop.ipc.Client$Connection$2.run(Client.java:779)
	at java.security.AccessController.doPrivileged(Native Method)
	at javax.security.auth.Subject.doAs(Subject.java:422)
	at org.apache.hadoop.security.UserGroupInformation.doAs(UserGroupInformation.java:1899)
	at org.apache.hadoop.ipc.Client$Connection.setupIOstreams(Client.java:779)
	at org.apache.hadoop.ipc.Client$Connection.access$3800(Client.java:347)
	at org.apache.hadoop.ipc.Client.getConnection(Client.java:1632)
	at org.apache.hadoop.ipc.Client.call(Client.java:1457)
	at org.apache.hadoop.ipc.Client.call(Client.java:1410)
	at org.apache.hadoop.ipc.ProtobufRpcEngine$Invoker.invoke(ProtobufRpcEngine.java:250)
	at org.apache.hadoop.ipc.ProtobufRpcEngine$Invoker.invoke(ProtobufRpcEngine.java:132)
	at com.sun.proxy.$Proxy26.submitRequest(Unknown Source)
	at sun.reflect.NativeMethodAccessorImpl.invoke0(Native Method)
	at sun.reflect.NativeMethodAccessorImpl.invoke(NativeMethodAccessorImpl.java:62)
	at sun.reflect.DelegatingMethodAccessorImpl.invoke(DelegatingMethodAccessorImpl.java:43)
	at java.lang.reflect.Method.invoke(Method.java:498)
	at org.apache.hadoop.io.retry.RetryInvocationHandler.invokeMethod(RetryInvocationHandler.java:433)
	at org.apache.hadoop.io.retry.RetryInvocationHandler$Call.invokeMethod(RetryInvocationHandler.java:166)
	at org.apache.hadoop.io.retry.RetryInvocationHandler$Call.invoke(RetryInvocationHandler.java:158)
	at org.apache.hadoop.io.retry.RetryInvocationHandler$Call.invokeOnce(RetryInvocationHandler.java:96)
	at org.apache.hadoop.io.retry.RetryInvocationHandler.invoke(RetryInvocationHandler.java:362)
	at com.sun.proxy.$Proxy26.submitRequest(Unknown Source)
	at org.apache.hadoop.hdds.protocolPB.SCMSecurityProtocolClientSideTranslatorPB.submitRequest(SCMSecurityProtocolClientSideTranslatorPB.java:102)
	at org.apache.hadoop.hdds.protocolPB.SCMSecurityProtocolClientSideTranslatorPB.getCACert(SCMSecurityProtocolClientSideTranslatorPB.java:332)
	at org.apache.hadoop.hdds.protocolPB.SCMSecurityProtocolClientSideTranslatorPB.getCACertificate(SCMSecurityProtocolClientSideTranslatorPB.java:326)
	at org.apache.ozone.test.LambdaTestUtils.intercept(LambdaTestUtils.java:491)
	at org.apache.ozone.test.LambdaTestUtils.intercept(LambdaTestUtils.java:377)
	at org.apache.ozone.test.LambdaTestUtils.intercept(LambdaTestUtils.java:446)
	at org.apache.hadoop.ozone.TestSecureOzoneCluster.testSCMSecurityProtocol(TestSecureOzoneCluster.java:403)
	at sun.reflect.NativeMethodAccessorImpl.invoke0(Native Method)
	at sun.reflect.NativeMethodAccessorImpl.invoke(NativeMethodAccessorImpl.java:62)
	at sun.reflect.DelegatingMethodAccessorImpl.invoke(DelegatingMethodAccessorImpl.java:43)
	at java.lang.reflect.Method.invoke(Method.java:498)
	at org.junit.runners.model.FrameworkMethod$1.runReflectiveCall(FrameworkMethod.java:59)
	at org.junit.internal.runners.model.ReflectiveCallable.run(ReflectiveCallable.java:12)
	at org.junit.runners.model.FrameworkMethod.invokeExplosively(FrameworkMethod.java:56)
	at org.junit.internal.runners.statements.InvokeMethod.evaluate(InvokeMethod.java:17)
	at org.junit.internal.runners.statements.RunBefores.evaluate(RunBefores.java:26)
	at org.junit.internal.runners.statements.RunAfters.evaluate(RunAfters.java:27)
	at org.junit.rules.ExternalResource$1.evaluate(ExternalResource.java:54)
	at org.junit.internal.runners.statements.FailOnTimeout$CallableStatement.call(FailOnTimeout.java:288)
	at org.junit.internal.runners.statements.FailOnTimeout$CallableStatement.call(FailOnTimeout.java:282)
	at java.util.concurrent.FutureTask.run(FutureTask.java:266)
	at java.lang.Thread.run(Thread.java:750)
2023-07-13 02:04:45,811 [Time-limited test] WARN  ipc.Client (Client.java:run(733)) - Exception encountered while connecting to the server 0.0.0.0/0.0.0.0:9961
org.apache.hadoop.security.AccessControlException: Client cannot authenticate via:[KERBEROS]
	at org.apache.hadoop.security.SaslRpcClient.selectSaslClient(SaslRpcClient.java:179)
	at org.apache.hadoop.security.SaslRpcClient.saslConnect(SaslRpcClient.java:392)
	at org.apache.hadoop.ipc.Client$Connection.setupSaslConnection(Client.java:561)
	at org.apache.hadoop.ipc.Client$Connection.access$2100(Client.java:347)
	at org.apache.hadoop.ipc.Client$Connection$2.run(Client.java:783)
	at org.apache.hadoop.ipc.Client$Connection$2.run(Client.java:779)
	at java.security.AccessController.doPrivileged(Native Method)
	at javax.security.auth.Subject.doAs(Subject.java:422)
	at org.apache.hadoop.security.UserGroupInformation.doAs(UserGroupInformation.java:1899)
	at org.apache.hadoop.ipc.Client$Connection.setupIOstreams(Client.java:779)
	at org.apache.hadoop.ipc.Client$Connection.access$3800(Client.java:347)
	at org.apache.hadoop.ipc.Client.getConnection(Client.java:1632)
	at org.apache.hadoop.ipc.Client.call(Client.java:1457)
	at org.apache.hadoop.ipc.Client.call(Client.java:1410)
	at org.apache.hadoop.ipc.ProtobufRpcEngine$Invoker.invoke(ProtobufRpcEngine.java:250)
	at org.apache.hadoop.ipc.ProtobufRpcEngine$Invoker.invoke(ProtobufRpcEngine.java:132)
	at com.sun.proxy.$Proxy26.submitRequest(Unknown Source)
	at sun.reflect.NativeMethodAccessorImpl.invoke0(Native Method)
	at sun.reflect.NativeMethodAccessorImpl.invoke(NativeMethodAccessorImpl.java:62)
	at sun.reflect.DelegatingMethodAccessorImpl.invoke(DelegatingMethodAccessorImpl.java:43)
	at java.lang.reflect.Method.invoke(Method.java:498)
	at org.apache.hadoop.io.retry.RetryInvocationHandler.invokeMethod(RetryInvocationHandler.java:433)
	at org.apache.hadoop.io.retry.RetryInvocationHandler$Call.invokeMethod(RetryInvocationHandler.java:166)
	at org.apache.hadoop.io.retry.RetryInvocationHandler$Call.invoke(RetryInvocationHandler.java:158)
	at org.apache.hadoop.io.retry.RetryInvocationHandler$Call.invokeOnce(RetryInvocationHandler.java:96)
	at org.apache.hadoop.io.retry.RetryInvocationHandler.invoke(RetryInvocationHandler.java:362)
	at com.sun.proxy.$Proxy26.submitRequest(Unknown Source)
	at org.apache.hadoop.hdds.protocolPB.SCMSecurityProtocolClientSideTranslatorPB.submitRequest(SCMSecurityProtocolClientSideTranslatorPB.java:102)
	at org.apache.hadoop.hdds.protocolPB.SCMSecurityProtocolClientSideTranslatorPB.getCertificate(SCMSecurityProtocolClientSideTranslatorPB.java:271)
	at org.apache.hadoop.ozone.TestSecureOzoneCluster.lambda$testSCMSecurityProtocol$1(TestSecureOzoneCluster.java:406)
	at org.apache.ozone.test.LambdaTestUtils.intercept(LambdaTestUtils.java:491)
	at org.apache.ozone.test.LambdaTestUtils.intercept(LambdaTestUtils.java:377)
	at org.apache.ozone.test.LambdaTestUtils.intercept(LambdaTestUtils.java:446)
	at org.apache.hadoop.ozone.TestSecureOzoneCluster.testSCMSecurityProtocol(TestSecureOzoneCluster.java:405)
	at sun.reflect.NativeMethodAccessorImpl.invoke0(Native Method)
	at sun.reflect.NativeMethodAccessorImpl.invoke(NativeMethodAccessorImpl.java:62)
	at sun.reflect.DelegatingMethodAccessorImpl.invoke(DelegatingMethodAccessorImpl.java:43)
	at java.lang.reflect.Method.invoke(Method.java:498)
	at org.junit.runners.model.FrameworkMethod$1.runReflectiveCall(FrameworkMethod.java:59)
	at org.junit.internal.runners.model.ReflectiveCallable.run(ReflectiveCallable.java:12)
	at org.junit.runners.model.FrameworkMethod.invokeExplosively(FrameworkMethod.java:56)
	at org.junit.internal.runners.statements.InvokeMethod.evaluate(InvokeMethod.java:17)
	at org.junit.internal.runners.statements.RunBefores.evaluate(RunBefores.java:26)
	at org.junit.internal.runners.statements.RunAfters.evaluate(RunAfters.java:27)
	at org.junit.rules.ExternalResource$1.evaluate(ExternalResource.java:54)
	at org.junit.internal.runners.statements.FailOnTimeout$CallableStatement.call(FailOnTimeout.java:288)
	at org.junit.internal.runners.statements.FailOnTimeout$CallableStatement.call(FailOnTimeout.java:282)
	at java.util.concurrent.FutureTask.run(FutureTask.java:266)
	at java.lang.Thread.run(Thread.java:750)
2023-07-13 02:04:45,819 [Time-limited test] INFO  server.StorageContainerManager (StorageContainerManager.java:stop(1590)) - Container Balancer is not running.
2023-07-13 02:04:45,819 [Time-limited test] INFO  server.StorageContainerManager (StorageContainerManager.java:stopReplicationManager(1723)) - Stopping Replication Manager Service.
2023-07-13 02:04:45,819 [Time-limited test] INFO  replication.ReplicationManager (ReplicationManager.java:stop(319)) - Stopping Replication Monitor Thread.
2023-07-13 02:04:45,819 [Under Replicated Processor] WARN  replication.UnhealthyReplicationProcessor (UnhealthyReplicationProcessor.java:run(180)) - Under Replicated Processor interrupted. Exiting...
2023-07-13 02:04:45,819 [Time-limited test] INFO  server.StorageContainerManager (StorageContainerManager.java:stop(1599)) - Stopping the Datanode Admin Monitor.
2023-07-13 02:04:45,820 [ReplicationMonitor] INFO  replication.ReplicationManager (ReplicationManager.java:run(917)) - Replication Monitor Thread is stopped
2023-07-13 02:04:45,820 [Time-limited test] INFO  server.StorageContainerManager (StorageContainerManager.java:stop(1606)) - Stopping datanode service RPC server
2023-07-13 02:04:45,821 [Time-limited test] INFO  server.SCMDatanodeProtocolServer (SCMDatanodeProtocolServer.java:stop(424)) - Stopping the RPC server for DataNodes
2023-07-13 02:04:45,821 [Time-limited test] INFO  ipc.Server (Server.java:stop(3523)) - Stopping server on 9861
2023-07-13 02:04:45,820 [Over Replicated Processor] WARN  replication.UnhealthyReplicationProcessor (UnhealthyReplicationProcessor.java:run(180)) - Over Replicated Processor interrupted. Exiting...
2023-07-13 02:04:45,839 [IPC Server listener on 9861] INFO  ipc.Server (Server.java:run(1434)) - Stopping IPC Server listener on 9861
2023-07-13 02:04:45,840 [IPC Server Responder] INFO  ipc.Server (Server.java:run(1567)) - Stopping IPC Server Responder
2023-07-13 02:04:46,643 [SCM Heartbeat Processing Thread - 0] WARN  node.NodeStateManager (NodeStateManager.java:scheduleNextHealthCheck(874)) - Current Thread is interrupted, shutting down HB processing thread for Node Manager.
2023-07-13 02:04:46,645 [Time-limited test] INFO  server.StorageContainerManager (StorageContainerManager.java:stop(1614)) - Stopping block service RPC server
2023-07-13 02:04:46,645 [Time-limited test] INFO  server.SCMBlockProtocolServer (SCMBlockProtocolServer.java:stop(161)) - Stopping the RPC server for Block Protocol
2023-07-13 02:04:46,645 [Time-limited test] INFO  ipc.Server (Server.java:stop(3523)) - Stopping server on 9863
2023-07-13 02:04:46,649 [IPC Server Responder] INFO  ipc.Server (Server.java:run(1567)) - Stopping IPC Server Responder
2023-07-13 02:04:46,649 [Time-limited test] INFO  server.StorageContainerManager (StorageContainerManager.java:stop(1621)) - Stopping the StorageContainerLocationProtocol RPC server
2023-07-13 02:04:46,649 [Time-limited test] INFO  server.SCMClientProtocolServer (SCMClientProtocolServer.java:stop(209)) - Stopping the RPC server for Client Protocol
2023-07-13 02:04:46,649 [Time-limited test] INFO  ipc.Server (Server.java:stop(3523)) - Stopping server on 9860
2023-07-13 02:04:46,652 [IPC Server listener on 9863] INFO  ipc.Server (Server.java:run(1434)) - Stopping IPC Server listener on 9863
2023-07-13 02:04:46,654 [IPC Server listener on 9860] INFO  ipc.Server (Server.java:run(1434)) - Stopping IPC Server listener on 9860
2023-07-13 02:04:46,657 [Time-limited test] INFO  server.StorageContainerManager (StorageContainerManager.java:stop(1628)) - Stopping Storage Container Manager HTTP server.
2023-07-13 02:04:46,658 [IPC Server Responder] INFO  ipc.Server (Server.java:run(1567)) - Stopping IPC Server Responder
2023-07-13 02:04:46,667 [Time-limited test] INFO  handler.ContextHandler (ContextHandler.java:doStop(1159)) - Stopped o.e.j.w.WebAppContext@7268a932{scm,/,null,STOPPED}{file:/home/runner/work/ozone/ozone/hadoop-ozone/integration-test/target/test-classes/webapps/scm}
2023-07-13 02:04:46,671 [Time-limited test] INFO  server.AbstractConnector (AbstractConnector.java:doStop(383)) - Stopped ServerConnector@6feed52b{HTTP/1.1, (http/1.1)}{0.0.0.0:9876}
2023-07-13 02:04:46,672 [Time-limited test] INFO  server.session (HouseKeeper.java:stopScavenging(149)) - node0 Stopped scavenging
2023-07-13 02:04:46,675 [Time-limited test] INFO  handler.ContextHandler (ContextHandler.java:doStop(1159)) - Stopped o.e.j.s.ServletContextHandler@2417bbc6{static,/static,file:///home/runner/work/ozone/ozone/hadoop-ozone/integration-test/target/test-classes/webapps/static,STOPPED}
2023-07-13 02:04:46,676 [Time-limited test] INFO  handler.ContextHandler (ContextHandler.java:doStop(1159)) - Stopped o.e.j.s.ServletContextHandler@5e5a83e1{logs,/logs,file:///home/runner/work/ozone/ozone/hadoop-ozone/integration-test/target/log,STOPPED}
2023-07-13 02:04:46,679 [Time-limited test] INFO  server.StorageContainerManager (StorageContainerManager.java:stop(1636)) - Stopping SCM LayoutVersionManager Service.
2023-07-13 02:04:46,679 [Time-limited test] INFO  server.SCMSecurityProtocolServer (SCMSecurityProtocolServer.java:stop(536)) - Stopping the SCMSecurityProtocolServer.
2023-07-13 02:04:46,680 [Time-limited test] INFO  ipc.Server (Server.java:stop(3523)) - Stopping server on 9961
2023-07-13 02:04:46,680 [IPC Server listener on 9961] INFO  ipc.Server (Server.java:run(1434)) - Stopping IPC Server listener on 9961
2023-07-13 02:04:46,682 [Time-limited test] INFO  server.SCMUpdateServiceGrpcServer (SCMUpdateServiceGrpcServer.java:stop(73)) - SCMUpdateService stopping
2023-07-13 02:04:46,682 [IPC Server Responder] INFO  ipc.Server (Server.java:run(1567)) - Stopping IPC Server Responder
2023-07-13 02:04:46,691 [Time-limited test] INFO  server.SCMUpdateServiceGrpcServer (SCMUpdateServiceGrpcServer.java:stop(85)) - SCMUpdateService stopped!
2023-07-13 02:04:46,691 [Time-limited test] INFO  server.StorageContainerManager (StorageContainerManager.java:stop(1648)) - Stopping Block Manager Service.
2023-07-13 02:04:46,691 [Time-limited test] INFO  utils.BackgroundService (BackgroundService.java:shutdown(141)) - Shutting down service SCMBlockDeletingService
2023-07-13 02:04:46,692 [Time-limited test] INFO  utils.BackgroundService (BackgroundService.java:shutdown(141)) - Shutting down service SCMBlockDeletingService
2023-07-13 02:04:46,693 [Time-limited test] INFO  server.StorageContainerManager (StorageContainerManager.java:stop(1668)) - Stopping SCM Event Queue.
2023-07-13 02:04:46,695 [JvmPauseMonitor0] INFO  util.JvmPauseMonitor (JvmPauseMonitor.java:run(109)) - JvmPauseMonitor-701d5196-75f2-4989-a4b9-68831c9e7a28: Stopped
2023-07-13 02:04:46,697 [Time-limited test] INFO  server.StorageContainerManager (StorageContainerManager.java:stop(1679)) - Stopping SCM HA services.
2023-07-13 02:04:46,698 [Time-limited test] INFO  pipeline.BackgroundPipelineCreator (BackgroundPipelineCreator.java:stop(149)) - Stopping RatisPipelineUtilsThread.
2023-07-13 02:04:46,699 [RatisPipelineUtilsThread - 0] WARN  pipeline.BackgroundPipelineCreator (BackgroundPipelineCreator.java:run(180)) - RatisPipelineUtilsThread is interrupted.
2023-07-13 02:04:46,701 [BackgroundPipelineScrubberThread] WARN  BackgroundPipelineScrubber (BackgroundSCMService.java:run(115)) - BackgroundPipelineScrubber is interrupted, exit
2023-07-13 02:04:46,701 [Time-limited test] INFO  BackgroundPipelineScrubber (BackgroundSCMService.java:stop(131)) - Stopping BackgroundPipelineScrubber Service.
2023-07-13 02:04:46,705 [Time-limited test] INFO  impl.MetricsSystemImpl (MetricsSystemImpl.java:stop(210)) - Stopping StorageContainerManager metrics system...
2023-07-13 02:04:46,707 [prometheus] INFO  impl.MetricsSinkAdapter (MetricsSinkAdapter.java:publishMetricsFromQueue(141)) - prometheus thread interrupted.
2023-07-13 02:04:46,708 [Time-limited test] INFO  impl.MetricsSystemImpl (MetricsSystemImpl.java:stop(216)) - StorageContainerManager metrics system stopped.
2023-07-13 02:04:46,709 [Time-limited test] WARN  pipeline.BackgroundPipelineCreator (BackgroundPipelineCreator.java:stop(145)) - RatisPipelineUtilsThread is not running, just ignore.
2023-07-13 02:04:46,709 [Time-limited test] INFO  BackgroundPipelineScrubber (BackgroundSCMService.java:stop(126)) - BackgroundPipelineScrubber Service is not running, skip stop.
2023-07-13 02:04:46,709 [Time-limited test] INFO  ExpiredContainerReplicaOpScrubber (BackgroundSCMService.java:stop(131)) - Stopping ExpiredContainerReplicaOpScrubber Service.
2023-07-13 02:04:46,709 [ExpiredContainerReplicaOpScrubberThread] WARN  ExpiredContainerReplicaOpScrubber (BackgroundSCMService.java:run(115)) - ExpiredContainerReplicaOpScrubber is interrupted, exit
2023-07-13 02:04:46,709 [Time-limited test] INFO  utils.BackgroundService (BackgroundService.java:shutdown(141)) - Shutting down service SCMBlockDeletingService
2023-07-13 02:04:46,710 [Time-limited test] INFO  replication.ReplicationManager (ReplicationManager.java:stop(329)) - Replication Monitor Thread is not running.
2023-07-13 02:04:46,710 [Time-limited test] WARN  balancer.ContainerBalancer (ContainerBalancer.java:stop(326)) - Cannot stop Container Balancer because it's not running or stopping
2023-07-13 02:04:46,710 [Lease Manager-LeaseManager#LeaseMonitor] WARN  lease.LeaseManager (LeaseManager.java:run(272)) - Lease manager is interrupted. Shutting down...
java.lang.InterruptedException
	at java.util.concurrent.locks.AbstractQueuedSynchronizer.doAcquireSharedNanos(AbstractQueuedSynchronizer.java:1039)
	at java.util.concurrent.locks.AbstractQueuedSynchronizer.tryAcquireSharedNanos(AbstractQueuedSynchronizer.java:1328)
	at java.util.concurrent.Semaphore.tryAcquire(Semaphore.java:409)
	at org.apache.hadoop.ozone.lease.LeaseManager$LeaseMonitor.run(LeaseManager.java:270)
	at java.lang.Thread.run(Thread.java:750)
2023-07-13 02:04:46,711 [Time-limited test] INFO  server.StorageContainerManager (StorageContainerManager.java:stop(1714)) - Stopping SCM MetadataStore.
2023-07-13 02:04:46,724 [Time-limited test] INFO  impl.DefaultInternalKdcServerImpl (DefaultInternalKdcServerImpl.java:doStop(102)) - Default Internal kdc server stopped.
2023-07-13 02:04:47,725 [Time-limited test] INFO  minikdc.MiniKdc (MiniKdc.java:stop(359)) - MiniKdc stopped.
2023-07-13 02:04:47,725 [Time-limited test] INFO  server.StorageContainerManager (StorageContainerManager.java:stop(1579)) - Storage Container Manager is not running.
2023-07-13 02:04:47,726 [Time-limited test] INFO  server.StorageContainerManager (StorageContainerManager.java:stopReplicationManager(1723)) - Stopping Replication Manager Service.
2023-07-13 02:04:47,726 [Time-limited test] INFO  replication.ReplicationManager (ReplicationManager.java:stop(329)) - Replication Monitor Thread is not running.
2023-07-13 02:04:47,726 [Time-limited test] INFO  server.SCMSecurityProtocolServer (SCMSecurityProtocolServer.java:join(546)) - Join RPC server for SCMSecurityProtocolServer.
2023-07-13 02:04:47,726 [Time-limited test] INFO  server.SCMSecurityProtocolServer (SCMSecurityProtocolServer.java:join(548)) - Join gRPC server for SCMSecurityProtocolServer.
]]></system-out>
  </testcase>
  <testcase name="testSecureOmReInit" classname="org.apache.hadoop.ozone.TestSecureOzoneCluster" time="13.682">
    <system-out><![CDATA[2023-07-13 02:04:47,799 [Time-limited test] INFO  net.ServerSocketUtil (ServerSocketUtil.java:getPort(55)) - Using port 9860
2023-07-13 02:04:47,800 [Time-limited test] INFO  net.ServerSocketUtil (ServerSocketUtil.java:getPort(55)) - Using port 9861
2023-07-13 02:04:47,800 [Time-limited test] INFO  net.ServerSocketUtil (ServerSocketUtil.java:getPort(55)) - Using port 9863
2023-07-13 02:04:47,800 [Time-limited test] INFO  net.ServerSocketUtil (ServerSocketUtil.java:getPort(55)) - Using port 9961
2023-07-13 02:04:47,801 [Time-limited test] INFO  net.ServerSocketUtil (ServerSocketUtil.java:getPort(55)) - Using port 1200
2023-07-13 02:04:47,801 [Time-limited test] INFO  net.ServerSocketUtil (ServerSocketUtil.java:getPort(55)) - Using port 1201
2023-07-13 02:04:47,801 [Time-limited test] INFO  minikdc.MiniKdc (MiniKdc.java:<init>(225)) - Configuration:
2023-07-13 02:04:47,801 [Time-limited test] INFO  minikdc.MiniKdc (MiniKdc.java:<init>(226)) - ---------------------------------------------------------------
2023-07-13 02:04:47,810 [Time-limited test] INFO  minikdc.MiniKdc (MiniKdc.java:<init>(228)) -   debug: false
2023-07-13 02:04:47,810 [Time-limited test] INFO  minikdc.MiniKdc (MiniKdc.java:<init>(228)) -   transport: TCP
2023-07-13 02:04:47,811 [Time-limited test] INFO  minikdc.MiniKdc (MiniKdc.java:<init>(228)) -   max.ticket.lifetime: 86400000
2023-07-13 02:04:47,811 [Time-limited test] INFO  minikdc.MiniKdc (MiniKdc.java:<init>(228)) -   org.name: EXAMPLE
2023-07-13 02:04:47,811 [Time-limited test] INFO  minikdc.MiniKdc (MiniKdc.java:<init>(228)) -   kdc.port: 0
2023-07-13 02:04:47,812 [Time-limited test] INFO  minikdc.MiniKdc (MiniKdc.java:<init>(228)) -   org.domain: COM
2023-07-13 02:04:47,812 [Time-limited test] INFO  minikdc.MiniKdc (MiniKdc.java:<init>(228)) -   max.renewable.lifetime: 604800000
2023-07-13 02:04:47,813 [Time-limited test] INFO  minikdc.MiniKdc (MiniKdc.java:<init>(228)) -   instance: DefaultKrbServer
2023-07-13 02:04:47,816 [Time-limited test] INFO  minikdc.MiniKdc (MiniKdc.java:<init>(228)) -   kdc.bind.address: localhost
2023-07-13 02:04:47,816 [Time-limited test] INFO  minikdc.MiniKdc (MiniKdc.java:<init>(230)) - ---------------------------------------------------------------
2023-07-13 02:04:47,826 [Time-limited test] INFO  minikdc.MiniKdc (MiniKdc.java:start(285)) - MiniKdc started.
2023-07-13 02:04:48,198 [Time-limited test] INFO  om.OzoneManager (OzoneManager.java:getOmDetailsProto(4566)) - OzoneManager ports added:[name: "RPC"
value: 1202
]
2023-07-13 02:04:48,199 [Time-limited test] WARN  server.ServerUtils (ServerUtils.java:getScmDbDir(155)) - ozone.scm.db.dirs is not configured. We recommend adding this setting. Falling back to ozone.metadata.dirs instead.
2023-07-13 02:04:48,199 [Time-limited test] INFO  ha.HASecurityUtils (HASecurityUtils.java:initializeSecurity(98)) - Initializing secure StorageContainerManager.
2023-07-13 02:04:48,202 [Time-limited test] INFO  client.SCMCertificateClient (DefaultCertificateClient.java:updateCertSerialId(1248)) - Certificate serial ID set to null
2023-07-13 02:04:48,202 [Time-limited test] ERROR client.SCMCertificateClient (DefaultCertificateClient.java:getCertPath(349)) - Default certificate serial id is not set. Can't locate the default certificate for this client.
2023-07-13 02:04:48,202 [Time-limited test] INFO  client.SCMCertificateClient (DefaultCertificateClient.java:init(723)) - Certificate client init case: 0
2023-07-13 02:04:48,203 [Time-limited test] INFO  client.SCMCertificateClient (SCMCertificateClient.java:handleCase(96)) - Creating keypair for client as keypair and certificate not found.
2023-07-13 02:04:48,746 [Time-limited test] INFO  ha.HASecurityUtils (HASecurityUtils.java:initializeSecurity(108)) - Init response: GETCERT
2023-07-13 02:04:49,439 [Time-limited test] INFO  ozone.OzoneSecurityUtil (OzoneSecurityUtil.java:getValidInetsForCurrentHost(119)) - ip:fe80:0:0:0:20d:3aff:fe98:b55f%eth0 not returned.
2023-07-13 02:04:49,439 [Time-limited test] INFO  ozone.OzoneSecurityUtil (OzoneSecurityUtil.java:getValidInetsForCurrentHost(116)) - Adding ip:10.1.0.115,host:fv-az201-768.ett4tu3jvdse5ovc2mkgjqcs5a.bx.internal.cloudapp.net
2023-07-13 02:04:49,439 [Time-limited test] INFO  ozone.OzoneSecurityUtil (OzoneSecurityUtil.java:getValidInetsForCurrentHost(119)) - ip:0:0:0:0:0:0:0:1%lo not returned.
2023-07-13 02:04:49,439 [Time-limited test] INFO  ozone.OzoneSecurityUtil (OzoneSecurityUtil.java:getValidInetsForCurrentHost(119)) - ip:127.0.0.1 not returned.
2023-07-13 02:04:49,448 [Time-limited test] INFO  utils.SelfSignedCertificate (SelfSignedCertificate.java:generateCertificate(157)) - Certificate 1 is issued by CN=scm-1@fv-az201-768,OU=ef5c62b4-4b0b-40bf-beb2-eebe461cf500,O=4131550f-43c6-4956-a693-658a4e75cfb6 to CN=scm-1@fv-az201-768,OU=ef5c62b4-4b0b-40bf-beb2-eebe461cf500,O=4131550f-43c6-4956-a693-658a4e75cfb6, valid from Thu Jul 13 02:04:49 UTC 2023 to Sun Aug 20 02:04:49 UTC 2028
2023-07-13 02:04:49,451 [Time-limited test] INFO  utils.CertificateCodec (CertificateCodec.java:writeCertificate(299)) - Save certificate to /tmp/junit7317751773942280850/junit6562599731842420414/scm-meta/scm/ca/certs/certificate.crt
2023-07-13 02:04:49,451 [Time-limited test] INFO  utils.CertificateCodec (CertificateCodec.java:writeCertificate(300)) - Certificate -----BEGIN CERTIFICATE-----
MIID5zCCAs+gAwIBAgIBATANBgkqhkiG9w0BAQsFADB7MRswGQYDVQQDDBJzY20t
MUBmdi1hejIwMS03NjgxLTArBgNVBAsMJGVmNWM2MmI0LTRiMGItNDBiZi1iZWIy
LWVlYmU0NjFjZjUwMDEtMCsGA1UECgwkNDEzMTU1MGYtNDNjNi00OTU2LWE2OTMt
NjU4YTRlNzVjZmI2MB4XDTIzMDcxMzAyMDQ0OVoXDTI4MDgyMDAyMDQ0OVowezEb
MBkGA1UEAwwSc2NtLTFAZnYtYXoyMDEtNzY4MS0wKwYDVQQLDCRlZjVjNjJiNC00
YjBiLTQwYmYtYmViMi1lZWJlNDYxY2Y1MDAxLTArBgNVBAoMJDQxMzE1NTBmLTQz
YzYtNDk1Ni1hNjkzLTY1OGE0ZTc1Y2ZiNjCCASIwDQYJKoZIhvcNAQEBBQADggEP
ADCCAQoCggEBAMfqebYXb8yi2jqR2pW6PKmu37U5qXkATYg3CnaXmKz+7/uS5/Ok
6xgQ1HSZJ26So9PRdKdUeW6OdChrZ4adwt8X5hvACMGAx0Efv5xiZkt3/ruHRGA9
6+IVj5BJ5HLDNr9r5o+sBFqjeSHOU8l2Tp1BzwC6WGLd3Dmm5vpV6qclT5bHBm0o
Ulq29VAcL4EZNdJRdCecl+aAQX0mrZDi2e/xuccm/4BIu+W8gH47d5l03SW354px
RHaTn2XeYP3EHofc5BgDooQwvZxb5IrIJ16h+wvT5hIbP2YXO4hGlecjcjbD3c3W
lOWysR4kZ2wiO3kHHaaKUqwqfkIa6LQalhMCAwEAAaN2MHQwDwYDVR0TAQH/BAUw
AwEB/zAOBgNVHQ8BAf8EBAMCAQYwUQYDVR0RBEowSIcECgEAc4JAZnYtYXoyMDEt
NzY4LmV0dDR0dTNqdmRzZTVvdmMybWtnanFjczVhLmJ4LmludGVybmFsLmNsb3Vk
YXBwLm5ldDANBgkqhkiG9w0BAQsFAAOCAQEAG9hKhogWF/EVbMJa8WSPsE5WfXPX
WUgxv239Ro8Di0yr4wqvbXSkTHas+xQ1uGRv4CXWH8bQJmHGNsp8GQwkRRgzyY3X
TFF+b3jxtPGKuV5itKIljb6f0bXhNknvHOOGEeVos/UVWqqDD2Hb2ynaBIshVRBL
RvrnF1GYt5yVJEUN7g7Ff9hVzHuewVsdHmlz3FsMx4ReJPDk2FBKMb0oTYDQn//A
OeOBCcOmqj40vGb3qazBf5+YEbFcEXOf/yt1SRJPDvAQHjJeUCuEk4N79VnaMvuS
VMmYS0en0kEIYSLbV+DGJVj7VoblDdzIz8cIrp8HcJiVlIgcHHUtocQY5w==
-----END CERTIFICATE-----

2023-07-13 02:04:49,452 [Time-limited test] INFO  client.SCMCertificateClient (SCMCertificateClient.java:getCSRBuilder(161)) - Creating csr for SCM->hostName:fv-az201-768,scmId:ef5c62b4-4b0b-40bf-beb2-eebe461cf500,clusterId:4131550f-43c6-4956-a693-658a4e75cfb6,subject:scm-sub-1227494877440@fv-az201-768
2023-07-13 02:04:49,452 [Time-limited test] INFO  ozone.OzoneSecurityUtil (OzoneSecurityUtil.java:getValidInetsForCurrentHost(119)) - ip:fe80:0:0:0:20d:3aff:fe98:b55f%eth0 not returned.
2023-07-13 02:04:49,452 [Time-limited test] INFO  ozone.OzoneSecurityUtil (OzoneSecurityUtil.java:getValidInetsForCurrentHost(116)) - Adding ip:10.1.0.115,host:fv-az201-768.ett4tu3jvdse5ovc2mkgjqcs5a.bx.internal.cloudapp.net
2023-07-13 02:04:49,453 [Time-limited test] INFO  ozone.OzoneSecurityUtil (OzoneSecurityUtil.java:getValidInetsForCurrentHost(119)) - ip:0:0:0:0:0:0:0:1%lo not returned.
2023-07-13 02:04:49,453 [Time-limited test] INFO  ozone.OzoneSecurityUtil (OzoneSecurityUtil.java:getValidInetsForCurrentHost(119)) - ip:127.0.0.1 not returned.
2023-07-13 02:04:49,453 [Time-limited test] INFO  ha.HASecurityUtils (HASecurityUtils.java:generateCSR(308)) - Creating csr for SCM->hostName:fv-az201-768,scmId:ef5c62b4-4b0b-40bf-beb2-eebe461cf500,clusterId:4131550f-43c6-4956-a693-658a4e75cfb6,subject:scm-sub-1227495975150@fv-az201-768
2023-07-13 02:04:49,466 [Time-limited test] INFO  utils.CertificateCodec (CertificateCodec.java:writeCertificate(299)) - Save certificate to /tmp/junit7317751773942280850/junit6562599731842420414/scm-meta/scm/sub-ca/certs/CA-1.crt
2023-07-13 02:04:49,466 [Time-limited test] INFO  utils.CertificateCodec (CertificateCodec.java:writeCertificate(300)) - Certificate -----BEGIN CERTIFICATE-----
MIID5zCCAs+gAwIBAgIBATANBgkqhkiG9w0BAQsFADB7MRswGQYDVQQDDBJzY20t
MUBmdi1hejIwMS03NjgxLTArBgNVBAsMJGVmNWM2MmI0LTRiMGItNDBiZi1iZWIy
LWVlYmU0NjFjZjUwMDEtMCsGA1UECgwkNDEzMTU1MGYtNDNjNi00OTU2LWE2OTMt
NjU4YTRlNzVjZmI2MB4XDTIzMDcxMzAyMDQ0OVoXDTI4MDgyMDAyMDQ0OVowezEb
MBkGA1UEAwwSc2NtLTFAZnYtYXoyMDEtNzY4MS0wKwYDVQQLDCRlZjVjNjJiNC00
YjBiLTQwYmYtYmViMi1lZWJlNDYxY2Y1MDAxLTArBgNVBAoMJDQxMzE1NTBmLTQz
YzYtNDk1Ni1hNjkzLTY1OGE0ZTc1Y2ZiNjCCASIwDQYJKoZIhvcNAQEBBQADggEP
ADCCAQoCggEBAMfqebYXb8yi2jqR2pW6PKmu37U5qXkATYg3CnaXmKz+7/uS5/Ok
6xgQ1HSZJ26So9PRdKdUeW6OdChrZ4adwt8X5hvACMGAx0Efv5xiZkt3/ruHRGA9
6+IVj5BJ5HLDNr9r5o+sBFqjeSHOU8l2Tp1BzwC6WGLd3Dmm5vpV6qclT5bHBm0o
Ulq29VAcL4EZNdJRdCecl+aAQX0mrZDi2e/xuccm/4BIu+W8gH47d5l03SW354px
RHaTn2XeYP3EHofc5BgDooQwvZxb5IrIJ16h+wvT5hIbP2YXO4hGlecjcjbD3c3W
lOWysR4kZ2wiO3kHHaaKUqwqfkIa6LQalhMCAwEAAaN2MHQwDwYDVR0TAQH/BAUw
AwEB/zAOBgNVHQ8BAf8EBAMCAQYwUQYDVR0RBEowSIcECgEAc4JAZnYtYXoyMDEt
NzY4LmV0dDR0dTNqdmRzZTVvdmMybWtnanFjczVhLmJ4LmludGVybmFsLmNsb3Vk
YXBwLm5ldDANBgkqhkiG9w0BAQsFAAOCAQEAG9hKhogWF/EVbMJa8WSPsE5WfXPX
WUgxv239Ro8Di0yr4wqvbXSkTHas+xQ1uGRv4CXWH8bQJmHGNsp8GQwkRRgzyY3X
TFF+b3jxtPGKuV5itKIljb6f0bXhNknvHOOGEeVos/UVWqqDD2Hb2ynaBIshVRBL
RvrnF1GYt5yVJEUN7g7Ff9hVzHuewVsdHmlz3FsMx4ReJPDk2FBKMb0oTYDQn//A
OeOBCcOmqj40vGb3qazBf5+YEbFcEXOf/yt1SRJPDvAQHjJeUCuEk4N79VnaMvuS
VMmYS0en0kEIYSLbV+DGJVj7VoblDdzIz8cIrp8HcJiVlIgcHHUtocQY5w==
-----END CERTIFICATE-----

2023-07-13 02:04:49,469 [Time-limited test] INFO  utils.CertificateCodec (CertificateCodec.java:writeCertificate(299)) - Save certificate to /tmp/junit7317751773942280850/junit6562599731842420414/scm-meta/scm/sub-ca/certs/1227501962904.crt
2023-07-13 02:04:49,470 [Time-limited test] INFO  utils.CertificateCodec (CertificateCodec.java:writeCertificate(300)) - Certificate -----BEGIN CERTIFICATE-----
MIID/TCCAuWgAwIBAgIGAR3M0YaYMA0GCSqGSIb3DQEBCwUAMHsxGzAZBgNVBAMM
EnNjbS0xQGZ2LWF6MjAxLTc2ODEtMCsGA1UECwwkZWY1YzYyYjQtNGIwYi00MGJm
LWJlYjItZWViZTQ2MWNmNTAwMS0wKwYDVQQKDCQ0MTMxNTUwZi00M2M2LTQ5NTYt
YTY5My02NThhNGU3NWNmYjYwHhcNMjMwNzEzMDIwNDQ5WhcNMjgwODIwMDIwNDQ5
WjCBizErMCkGA1UEAwwic2NtLXN1Yi0xMjI3NDk1OTc1MTUwQGZ2LWF6MjAxLTc2
ODEtMCsGA1UECwwkZWY1YzYyYjQtNGIwYi00MGJmLWJlYjItZWViZTQ2MWNmNTAw
MS0wKwYDVQQKDCQ0MTMxNTUwZi00M2M2LTQ5NTYtYTY5My02NThhNGU3NWNmYjYw
ggEiMA0GCSqGSIb3DQEBAQUAA4IBDwAwggEKAoIBAQDCrYWQ+OF0+W4y2x2Ttuob
VjuxVseBFcdpCBPlj7qdfyVKT4dEeVlE1LeMwn3n2+xjctNSc92bCiaxfhykcnZo
7nZS7KvqtcBK5F5vRjBJiRwvjUdsGoEpCBuqvNqX245ufP1c1bV352oPsYV4Pfm6
+LHp0xo+dz0yoEbyy60Kf/dAmQsvEX5iBF0v4D9MhG28fh6l5vxvhQyUYaMKr/j3
Kh8VBwoERCQMoa0pI9+fL6RvERGB6me6xWKuK7vLfB2X9kfWOILo/a5O0eZit0A0
vAPIGApSEO+b6lf1GMC2brF2A9PAC/Um6/IMdlipdxEIaIkuSZKTj1qIW5QFczfV
AgMBAAGjdjB0MFEGA1UdEQRKMEiHBAoBAHOCQGZ2LWF6MjAxLTc2OC5ldHQ0dHUz
anZkc2U1b3ZjMm1rZ2pxY3M1YS5ieC5pbnRlcm5hbC5jbG91ZGFwcC5uZXQwDwYD
VR0TAQH/BAUwAwEB/zAOBgNVHQ8BAf8EBAMCAb4wDQYJKoZIhvcNAQELBQADggEB
ADHr47DuVNCCyJfcP9AD3+Ne0cWzdTw5UTB3IE9oY3bGpWeCOQRjy7It1D5vbqlf
xJTc66C+XYgsUx5ZSkzFzozRJDa31p8Gh4h6pxI7tyIY2sExYGhNY4ZgrKCxwVQD
LNMQz56PEHArV7e1IUE95ED5St9qZ665L00RYVPyFqRmMTZ5BasfOJ8T2wcH4Tsh
MiEBmGVevtps6s+FtVXZAOVZkFLK92Cusu87kDgzAVUtLhusQOJsqAfL0PWGMpP4
kwAwg1dOW057W0wQob3lJcg1uTOV82VgGe4nwVcbsC0JLhCQqO/UYEp1yr35mrAj
rNozRTRbLoGkFOMvFabeC6w=
-----END CERTIFICATE-----

-----BEGIN CERTIFICATE-----
MIID5zCCAs+gAwIBAgIBATANBgkqhkiG9w0BAQsFADB7MRswGQYDVQQDDBJzY20t
MUBmdi1hejIwMS03NjgxLTArBgNVBAsMJGVmNWM2MmI0LTRiMGItNDBiZi1iZWIy
LWVlYmU0NjFjZjUwMDEtMCsGA1UECgwkNDEzMTU1MGYtNDNjNi00OTU2LWE2OTMt
NjU4YTRlNzVjZmI2MB4XDTIzMDcxMzAyMDQ0OVoXDTI4MDgyMDAyMDQ0OVowezEb
MBkGA1UEAwwSc2NtLTFAZnYtYXoyMDEtNzY4MS0wKwYDVQQLDCRlZjVjNjJiNC00
YjBiLTQwYmYtYmViMi1lZWJlNDYxY2Y1MDAxLTArBgNVBAoMJDQxMzE1NTBmLTQz
YzYtNDk1Ni1hNjkzLTY1OGE0ZTc1Y2ZiNjCCASIwDQYJKoZIhvcNAQEBBQADggEP
ADCCAQoCggEBAMfqebYXb8yi2jqR2pW6PKmu37U5qXkATYg3CnaXmKz+7/uS5/Ok
6xgQ1HSZJ26So9PRdKdUeW6OdChrZ4adwt8X5hvACMGAx0Efv5xiZkt3/ruHRGA9
6+IVj5BJ5HLDNr9r5o+sBFqjeSHOU8l2Tp1BzwC6WGLd3Dmm5vpV6qclT5bHBm0o
Ulq29VAcL4EZNdJRdCecl+aAQX0mrZDi2e/xuccm/4BIu+W8gH47d5l03SW354px
RHaTn2XeYP3EHofc5BgDooQwvZxb5IrIJ16h+wvT5hIbP2YXO4hGlecjcjbD3c3W
lOWysR4kZ2wiO3kHHaaKUqwqfkIa6LQalhMCAwEAAaN2MHQwDwYDVR0TAQH/BAUw
AwEB/zAOBgNVHQ8BAf8EBAMCAQYwUQYDVR0RBEowSIcECgEAc4JAZnYtYXoyMDEt
NzY4LmV0dDR0dTNqdmRzZTVvdmMybWtnanFjczVhLmJ4LmludGVybmFsLmNsb3Vk
YXBwLm5ldDANBgkqhkiG9w0BAQsFAAOCAQEAG9hKhogWF/EVbMJa8WSPsE5WfXPX
WUgxv239Ro8Di0yr4wqvbXSkTHas+xQ1uGRv4CXWH8bQJmHGNsp8GQwkRRgzyY3X
TFF+b3jxtPGKuV5itKIljb6f0bXhNknvHOOGEeVos/UVWqqDD2Hb2ynaBIshVRBL
RvrnF1GYt5yVJEUN7g7Ff9hVzHuewVsdHmlz3FsMx4ReJPDk2FBKMb0oTYDQn//A
OeOBCcOmqj40vGb3qazBf5+YEbFcEXOf/yt1SRJPDvAQHjJeUCuEk4N79VnaMvuS
VMmYS0en0kEIYSLbV+DGJVj7VoblDdzIz8cIrp8HcJiVlIgcHHUtocQY5w==
-----END CERTIFICATE-----

2023-07-13 02:04:49,470 [Time-limited test] INFO  utils.CertificateCodec (CertificateCodec.java:writeCertificate(299)) - Save certificate to /tmp/junit7317751773942280850/junit6562599731842420414/scm-meta/scm/sub-ca/certs/certificate.crt
2023-07-13 02:04:49,470 [Time-limited test] INFO  utils.CertificateCodec (CertificateCodec.java:writeCertificate(300)) - Certificate -----BEGIN CERTIFICATE-----
MIID/TCCAuWgAwIBAgIGAR3M0YaYMA0GCSqGSIb3DQEBCwUAMHsxGzAZBgNVBAMM
EnNjbS0xQGZ2LWF6MjAxLTc2ODEtMCsGA1UECwwkZWY1YzYyYjQtNGIwYi00MGJm
LWJlYjItZWViZTQ2MWNmNTAwMS0wKwYDVQQKDCQ0MTMxNTUwZi00M2M2LTQ5NTYt
YTY5My02NThhNGU3NWNmYjYwHhcNMjMwNzEzMDIwNDQ5WhcNMjgwODIwMDIwNDQ5
WjCBizErMCkGA1UEAwwic2NtLXN1Yi0xMjI3NDk1OTc1MTUwQGZ2LWF6MjAxLTc2
ODEtMCsGA1UECwwkZWY1YzYyYjQtNGIwYi00MGJmLWJlYjItZWViZTQ2MWNmNTAw
MS0wKwYDVQQKDCQ0MTMxNTUwZi00M2M2LTQ5NTYtYTY5My02NThhNGU3NWNmYjYw
ggEiMA0GCSqGSIb3DQEBAQUAA4IBDwAwggEKAoIBAQDCrYWQ+OF0+W4y2x2Ttuob
VjuxVseBFcdpCBPlj7qdfyVKT4dEeVlE1LeMwn3n2+xjctNSc92bCiaxfhykcnZo
7nZS7KvqtcBK5F5vRjBJiRwvjUdsGoEpCBuqvNqX245ufP1c1bV352oPsYV4Pfm6
+LHp0xo+dz0yoEbyy60Kf/dAmQsvEX5iBF0v4D9MhG28fh6l5vxvhQyUYaMKr/j3
Kh8VBwoERCQMoa0pI9+fL6RvERGB6me6xWKuK7vLfB2X9kfWOILo/a5O0eZit0A0
vAPIGApSEO+b6lf1GMC2brF2A9PAC/Um6/IMdlipdxEIaIkuSZKTj1qIW5QFczfV
AgMBAAGjdjB0MFEGA1UdEQRKMEiHBAoBAHOCQGZ2LWF6MjAxLTc2OC5ldHQ0dHUz
anZkc2U1b3ZjMm1rZ2pxY3M1YS5ieC5pbnRlcm5hbC5jbG91ZGFwcC5uZXQwDwYD
VR0TAQH/BAUwAwEB/zAOBgNVHQ8BAf8EBAMCAb4wDQYJKoZIhvcNAQELBQADggEB
ADHr47DuVNCCyJfcP9AD3+Ne0cWzdTw5UTB3IE9oY3bGpWeCOQRjy7It1D5vbqlf
xJTc66C+XYgsUx5ZSkzFzozRJDa31p8Gh4h6pxI7tyIY2sExYGhNY4ZgrKCxwVQD
LNMQz56PEHArV7e1IUE95ED5St9qZ665L00RYVPyFqRmMTZ5BasfOJ8T2wcH4Tsh
MiEBmGVevtps6s+FtVXZAOVZkFLK92Cusu87kDgzAVUtLhusQOJsqAfL0PWGMpP4
kwAwg1dOW057W0wQob3lJcg1uTOV82VgGe4nwVcbsC0JLhCQqO/UYEp1yr35mrAj
rNozRTRbLoGkFOMvFabeC6w=
-----END CERTIFICATE-----

-----BEGIN CERTIFICATE-----
MIID5zCCAs+gAwIBAgIBATANBgkqhkiG9w0BAQsFADB7MRswGQYDVQQDDBJzY20t
MUBmdi1hejIwMS03NjgxLTArBgNVBAsMJGVmNWM2MmI0LTRiMGItNDBiZi1iZWIy
LWVlYmU0NjFjZjUwMDEtMCsGA1UECgwkNDEzMTU1MGYtNDNjNi00OTU2LWE2OTMt
NjU4YTRlNzVjZmI2MB4XDTIzMDcxMzAyMDQ0OVoXDTI4MDgyMDAyMDQ0OVowezEb
MBkGA1UEAwwSc2NtLTFAZnYtYXoyMDEtNzY4MS0wKwYDVQQLDCRlZjVjNjJiNC00
YjBiLTQwYmYtYmViMi1lZWJlNDYxY2Y1MDAxLTArBgNVBAoMJDQxMzE1NTBmLTQz
YzYtNDk1Ni1hNjkzLTY1OGE0ZTc1Y2ZiNjCCASIwDQYJKoZIhvcNAQEBBQADggEP
ADCCAQoCggEBAMfqebYXb8yi2jqR2pW6PKmu37U5qXkATYg3CnaXmKz+7/uS5/Ok
6xgQ1HSZJ26So9PRdKdUeW6OdChrZ4adwt8X5hvACMGAx0Efv5xiZkt3/ruHRGA9
6+IVj5BJ5HLDNr9r5o+sBFqjeSHOU8l2Tp1BzwC6WGLd3Dmm5vpV6qclT5bHBm0o
Ulq29VAcL4EZNdJRdCecl+aAQX0mrZDi2e/xuccm/4BIu+W8gH47d5l03SW354px
RHaTn2XeYP3EHofc5BgDooQwvZxb5IrIJ16h+wvT5hIbP2YXO4hGlecjcjbD3c3W
lOWysR4kZ2wiO3kHHaaKUqwqfkIa6LQalhMCAwEAAaN2MHQwDwYDVR0TAQH/BAUw
AwEB/zAOBgNVHQ8BAf8EBAMCAQYwUQYDVR0RBEowSIcECgEAc4JAZnYtYXoyMDEt
NzY4LmV0dDR0dTNqdmRzZTVvdmMybWtnanFjczVhLmJ4LmludGVybmFsLmNsb3Vk
YXBwLm5ldDANBgkqhkiG9w0BAQsFAAOCAQEAG9hKhogWF/EVbMJa8WSPsE5WfXPX
WUgxv239Ro8Di0yr4wqvbXSkTHas+xQ1uGRv4CXWH8bQJmHGNsp8GQwkRRgzyY3X
TFF+b3jxtPGKuV5itKIljb6f0bXhNknvHOOGEeVos/UVWqqDD2Hb2ynaBIshVRBL
RvrnF1GYt5yVJEUN7g7Ff9hVzHuewVsdHmlz3FsMx4ReJPDk2FBKMb0oTYDQn//A
OeOBCcOmqj40vGb3qazBf5+YEbFcEXOf/yt1SRJPDvAQHjJeUCuEk4N79VnaMvuS
VMmYS0en0kEIYSLbV+DGJVj7VoblDdzIz8cIrp8HcJiVlIgcHHUtocQY5w==
-----END CERTIFICATE-----

2023-07-13 02:04:49,477 [Time-limited test] INFO  ha.HASecurityUtils (HASecurityUtils.java:initializeSecurity(121)) - Successfully stored SCM signed certificate.
2023-07-13 02:04:49,500 [Time-limited test] WARN  server.ServerUtils (ServerUtils.java:getScmDbDir(155)) - ozone.scm.db.dirs is not configured. We recommend adding this setting. Falling back to ozone.metadata.dirs instead.
2023-07-13 02:04:49,501 [Time-limited test] INFO  ha.SCMHANodeDetails (SCMHANodeDetails.java:loadSCMHAConfig(210)) - ServiceID for StorageContainerManager is null
2023-07-13 02:04:49,501 [Time-limited test] INFO  ha.SCMHANodeDetails (SCMHANodeDetails.java:loadSCMHAConfig(215)) - ozone.scm.default.service.id is not defined, falling back to ozone.scm.service.ids to find serviceID for StorageContainerManager if it is HA enabled cluster
2023-07-13 02:04:49,513 [pool-40-thread-1] INFO  request.KdcRequest (KdcRequest.java:preauth(651)) - The preauth data is empty.
2023-07-13 02:04:49,517 [pool-40-thread-1] INFO  server.KdcHandler (KdcHandler.java:handleRecoverableException(177)) - KRB error occurred while processing request:Additional pre-authentication required
2023-07-13 02:04:49,531 [pool-40-thread-1] INFO  request.AsRequest (AsRequest.java:issueTicket(112)) - AS_REQ ISSUE: authtime 1689213889527,scm/fv-az201-768.ett4tu3jvdse5ovc2mkgjqcs5a.bx.internal.cloudapp.net@EXAMPLE.COM for krbtgt/EXAMPLE.COM@EXAMPLE.COM
2023-07-13 02:04:49,534 [Time-limited test] INFO  security.UserGroupInformation (UserGroupInformation.java:loginUserFromKeytab(1132)) - Login successful for user scm/fv-az201-768.ett4tu3jvdse5ovc2mkgjqcs5a.bx.internal.cloudapp.net@EXAMPLE.COM using keytab file scm.keytab. Keytab auto renewal enabled : false
2023-07-13 02:04:49,534 [Time-limited test] INFO  server.StorageContainerManager (StorageContainerManager.java:loginAsSCMUserIfSecurityEnabled(1048)) - SCM login successful.
2023-07-13 02:04:49,537 [Time-limited test] INFO  client.SCMCertificateClient (DefaultCertificateClient.java:updateCertSerialId(1248)) - Certificate serial ID set to 1227501962904
2023-07-13 02:04:49,540 [Time-limited test] INFO  client.SCMCertificateClient (DefaultCertificateClient.java:readCertificateFile(224)) - Added certificate   [0]         Version: 3
         SerialNumber: 1227501962904
             IssuerDN: CN=scm-1@fv-az201-768,OU=ef5c62b4-4b0b-40bf-beb2-eebe461cf500,O=4131550f-43c6-4956-a693-658a4e75cfb6
           Start Date: Thu Jul 13 02:04:49 UTC 2023
           Final Date: Sun Aug 20 02:04:49 UTC 2028
            SubjectDN: CN=scm-sub-1227495975150@fv-az201-768,OU=ef5c62b4-4b0b-40bf-beb2-eebe461cf500,O=4131550f-43c6-4956-a693-658a4e75cfb6
           Public Key: RSA Public Key [a3:ce:f9:f7:75:b1:26:06:bf:bf:26:82:2d:ac:ba:34:6d:d0:77:44],[56:66:d1:a4]
        modulus: c2ad8590f8e174f96e32db1d93b6ea1b563bb156c78115c7690813e58fba9d7f254a4f8744795944d4b78cc27de7dbec6372d35273dd9b0a26b17e1ca4727668ee7652ecabeab5c04ae45e6f463049891c2f8d476c1a8129081baabcda97db8e6e7cfd5cd5b577e76a0fb185783df9baf8b1e9d31a3e773d32a046f2cbad0a7ff740990b2f117e62045d2fe03f4c846dbc7e1ea5e6fc6f850c9461a30aaff8f72a1f15070a0444240ca1ad2923df9f2fa46f111181ea67bac562ae2bbbcb7c1d97f647d63882e8fdae4ed1e662b74034bc03c8180a5210ef9bea57f518c0b66eb17603d3c00bf526ebf20c7658a977110868892e4992938f5a885b94057337d5
public exponent: 10001

  Signature Algorithm: SHA256WITHRSA
            Signature: 31ebe3b0ee54d082c897dc3fd003dfe35ed1c5b3
                       753c39513077204f686376c6a56782390463cbb2
                       2dd43e6f6ea95fc494dceba0be5d882c531e594a
                       4cc5ce8cd12436b7d69f0687887aa7123bb72218
                       dac13160684d638660aca0b1c154032cd310cf9e
                       8f10702b57b7b521413de440f94adf6a67aeb92f
                       4d116153f216a46631367905ab1f389f13db0707
                       e13b2132210198655ebeda6ceacf85b555d900e5
                       599052caf760aeb2ef3b90383301552d2e1bac40
                       e26ca807cbd0f5863293f893003083574e5b4e7b
                       5b4c10a1bde525c835b93395f3656019ee27c157
                       1bb02d092e1090a8efd4604a75cabdf99ab023ac
                       da3345345b2e81a414e32f15a6de0bac
       Extensions: 
                       critical(false) 2.5.29.17 value = Sequence
    Tagged [7] IMPLICIT 
        DER Octet String[4] 
    Tagged [2] IMPLICIT 
        DER Octet String[64] 

                       critical(true) BasicConstraints: isCa(true)
                       critical(true) KeyUsage: 0xbe
 from file: /tmp/junit7317751773942280850/junit6562599731842420414/scm-meta/scm/sub-ca/certs/1227501962904.crt.
2023-07-13 02:04:49,542 [Time-limited test] INFO  client.SCMCertificateClient (DefaultCertificateClient.java:readCertificateFile(224)) - Added certificate   [0]         Version: 3
         SerialNumber: 1
             IssuerDN: CN=scm-1@fv-az201-768,OU=ef5c62b4-4b0b-40bf-beb2-eebe461cf500,O=4131550f-43c6-4956-a693-658a4e75cfb6
           Start Date: Thu Jul 13 02:04:49 UTC 2023
           Final Date: Sun Aug 20 02:04:49 UTC 2028
            SubjectDN: CN=scm-1@fv-az201-768,OU=ef5c62b4-4b0b-40bf-beb2-eebe461cf500,O=4131550f-43c6-4956-a693-658a4e75cfb6
           Public Key: RSA Public Key [77:ec:7f:3b:5f:3e:02:df:aa:52:2e:18:21:8a:7a:7e:80:02:bb:43],[56:66:d1:a4]
        modulus: c7ea79b6176fcca2da3a91da95ba3ca9aedfb539a979004d88370a769798acfeeffb92e7f3a4eb1810d47499276e92a3d3d174a754796e8e74286b67869dc2df17e61bc008c180c7411fbf9c62664b77febb8744603debe2158f9049e472c336bf6be68fac045aa37921ce53c9764e9d41cf00ba5862dddc39a6e6fa55eaa7254f96c7066d28525ab6f5501c2f811935d25174279c97e680417d26ad90e2d9eff1b9c726ff8048bbe5bc807e3b779974dd25b7e78a714476939f65de60fdc41e87dce41803a28430bd9c5be48ac8275ea1fb0bd3e6121b3f66173b884695e7237236c3ddcdd694e5b2b11e24676c223b79071da68a52ac2a7e421ae8b41a9613
public exponent: 10001

  Signature Algorithm: SHA256WITHRSA
            Signature: 1bd84a86881617f1156cc25af1648fb04e567d73
                       d7594831bf6dfd468f038b4cabe30aaf6d74a44c
                       76acfb1435b8646fe025d61fc6d02661c636ca7c
                       190c24451833c98dd74c517e6f78f1b4f18ab95e
                       62b4a2258dbe9fd1b5e13649ef1ce38611e568b3
                       f5155aaa830f61dbdb29da048b2155104b46fae7
                       175198b79c9524450dee0ec57fd855cc7b9ec15b
                       1d1e6973dc5b0cc7845e24f0e4d8504a31bd284d
                       80d09fffc039e38109c3a6aa3e34bc66f7a9acc1
                       7f9f9811b15c11739fff2b7549124f0ef0101e32
                       5e502b8493837bf559da32fb9254c9984b47a7d2
                       41086122db57e0c62558fb5686e50ddcc8cfc708
                       ae9f0770989594881c1c752da1c418e7
       Extensions: 
                       critical(true) BasicConstraints: isCa(true)
                       critical(true) KeyUsage: 0x6
                       critical(false) 2.5.29.17 value = Sequence
    Tagged [7] IMPLICIT 
        DER Octet String[4] 
    Tagged [2] IMPLICIT 
        DER Octet String[64] 

 from file: /tmp/junit7317751773942280850/junit6562599731842420414/scm-meta/scm/sub-ca/certs/CA-1.crt.
2023-07-13 02:04:49,544 [Time-limited test] INFO  client.SCMCertificateClient (DefaultCertificateClient.java:readCertificateFile(224)) - Added certificate   [0]         Version: 3
         SerialNumber: 1227501962904
             IssuerDN: CN=scm-1@fv-az201-768,OU=ef5c62b4-4b0b-40bf-beb2-eebe461cf500,O=4131550f-43c6-4956-a693-658a4e75cfb6
           Start Date: Thu Jul 13 02:04:49 UTC 2023
           Final Date: Sun Aug 20 02:04:49 UTC 2028
            SubjectDN: CN=scm-sub-1227495975150@fv-az201-768,OU=ef5c62b4-4b0b-40bf-beb2-eebe461cf500,O=4131550f-43c6-4956-a693-658a4e75cfb6
           Public Key: RSA Public Key [a3:ce:f9:f7:75:b1:26:06:bf:bf:26:82:2d:ac:ba:34:6d:d0:77:44],[56:66:d1:a4]
        modulus: c2ad8590f8e174f96e32db1d93b6ea1b563bb156c78115c7690813e58fba9d7f254a4f8744795944d4b78cc27de7dbec6372d35273dd9b0a26b17e1ca4727668ee7652ecabeab5c04ae45e6f463049891c2f8d476c1a8129081baabcda97db8e6e7cfd5cd5b577e76a0fb185783df9baf8b1e9d31a3e773d32a046f2cbad0a7ff740990b2f117e62045d2fe03f4c846dbc7e1ea5e6fc6f850c9461a30aaff8f72a1f15070a0444240ca1ad2923df9f2fa46f111181ea67bac562ae2bbbcb7c1d97f647d63882e8fdae4ed1e662b74034bc03c8180a5210ef9bea57f518c0b66eb17603d3c00bf526ebf20c7658a977110868892e4992938f5a885b94057337d5
public exponent: 10001

  Signature Algorithm: SHA256WITHRSA
            Signature: 31ebe3b0ee54d082c897dc3fd003dfe35ed1c5b3
                       753c39513077204f686376c6a56782390463cbb2
                       2dd43e6f6ea95fc494dceba0be5d882c531e594a
                       4cc5ce8cd12436b7d69f0687887aa7123bb72218
                       dac13160684d638660aca0b1c154032cd310cf9e
                       8f10702b57b7b521413de440f94adf6a67aeb92f
                       4d116153f216a46631367905ab1f389f13db0707
                       e13b2132210198655ebeda6ceacf85b555d900e5
                       599052caf760aeb2ef3b90383301552d2e1bac40
                       e26ca807cbd0f5863293f893003083574e5b4e7b
                       5b4c10a1bde525c835b93395f3656019ee27c157
                       1bb02d092e1090a8efd4604a75cabdf99ab023ac
                       da3345345b2e81a414e32f15a6de0bac
       Extensions: 
                       critical(false) 2.5.29.17 value = Sequence
    Tagged [7] IMPLICIT 
        DER Octet String[4] 
    Tagged [2] IMPLICIT 
        DER Octet String[64] 

                       critical(true) BasicConstraints: isCa(true)
                       critical(true) KeyUsage: 0xbe
 from file: /tmp/junit7317751773942280850/junit6562599731842420414/scm-meta/scm/sub-ca/certs/certificate.crt.
2023-07-13 02:04:49,545 [Time-limited test] INFO  client.SCMCertificateClient (DefaultCertificateClient.java:loadAllCertificates(186)) - CertificateRenewerService and root ca rotation polling is disabled for scm/sub-ca
2023-07-13 02:04:49,545 [Time-limited test] WARN  utils.HAUtils (HAUtils.java:getMetaDir(339)) - ozone.scm.db.dirs is not configured. We recommend adding this setting. Falling back to ozone.metadata.dirs instead.
2023-07-13 02:04:49,546 [Time-limited test] WARN  db.DBStoreBuilder (DBStoreBuilder.java:applyDBDefinition(166)) - ozone.scm.db.dirs is not configured. We recommend adding this setting. Falling back to ozone.metadata.dirs instead.
2023-07-13 02:04:50,301 [Time-limited test] INFO  net.NodeSchemaLoader (NodeSchemaLoader.java:loadSchemaFromFile(129)) - Loading schema from [jar:file:/home/runner/.m2/repository/org/apache/ozone/hdds-common/1.4.0-SNAPSHOT/hdds-common-1.4.0-SNAPSHOT.jar!/network-topology-default.xml]
2023-07-13 02:04:50,302 [Time-limited test] INFO  net.NodeSchemaLoader (NodeSchemaLoader.java:loadSchema(176)) - Loading network topology layer schema file
2023-07-13 02:04:50,305 [Time-limited test] INFO  upgrade.AbstractLayoutVersionManager (AbstractLayoutVersionManager.java:init(83)) - Initializing Layout version manager with metadata layout = HADOOP_PRC_PORTS_IN_DATANODEDETAILS (version = 7), software layout = HADOOP_PRC_PORTS_IN_DATANODEDETAILS (version = 7)
2023-07-13 02:04:50,313 [Time-limited test] INFO  ha.SequenceIdGenerator (SequenceIdGenerator.java:upgradeToSequenceId(361)) - upgrade localId to 111677748019200000
2023-07-13 02:04:50,316 [Time-limited test] INFO  ha.SequenceIdGenerator (SequenceIdGenerator.java:upgradeToSequenceId(371)) - upgrade delTxnId to 0
2023-07-13 02:04:50,317 [Time-limited test] INFO  ha.SequenceIdGenerator (SequenceIdGenerator.java:upgradeToSequenceId(388)) - upgrade containerId to 0
2023-07-13 02:04:50,319 [Time-limited test] INFO  ha.SequenceIdGenerator (SequenceIdGenerator.java:upgradeToSequenceId(424)) - upgrade rootCertificateId to 1
2023-07-13 02:04:50,319 [Time-limited test] INFO  ha.SequenceIdGenerator (SequenceIdGenerator.java:<init>(232)) - Init the HA SequenceIdGenerator.
2023-07-13 02:04:50,320 [Time-limited test] INFO  node.SCMNodeManager (SCMNodeManager.java:<init>(157)) - Entering startup safe mode.
2023-07-13 02:04:50,320 [Time-limited test] INFO  algorithms.ContainerPlacementPolicyFactory (ContainerPlacementPolicyFactory.java:getPolicyInternal(86)) - Create container placement policy of type org.apache.hadoop.hdds.scm.container.placement.algorithms.SCMContainerPlacementRackAware
2023-07-13 02:04:50,320 [Time-limited test] INFO  algorithms.ContainerPlacementPolicyFactory (ContainerPlacementPolicyFactory.java:getPolicyInternal(86)) - Create container placement policy of type org.apache.hadoop.hdds.scm.container.placement.algorithms.SCMContainerPlacementRackScatter
2023-07-13 02:04:50,321 [Time-limited test] INFO  pipeline.PipelineStateManagerImpl (PipelineStateManagerImpl.java:initialize(78)) - No pipeline exists in current db
2023-07-13 02:04:50,322 [Time-limited test] INFO  algorithms.LeaderChoosePolicyFactory (LeaderChoosePolicyFactory.java:getPolicy(57)) - Create leader choose policy of type org.apache.hadoop.hdds.scm.pipeline.leader.choose.algorithms.MinLeaderCountChoosePolicy
2023-07-13 02:04:50,322 [Time-limited test] INFO  algorithms.ContainerPlacementPolicyFactory (ContainerPlacementPolicyFactory.java:getPolicyInternal(86)) - Create container placement policy of type org.apache.hadoop.hdds.scm.container.placement.algorithms.SCMContainerPlacementRackScatter
2023-07-13 02:04:50,322 [Time-limited test] INFO  ha.SCMServiceManager (SCMServiceManager.java:register(42)) - Registering service BackgroundPipelineCreator.
2023-07-13 02:04:50,323 [Time-limited test] INFO  pipeline.BackgroundPipelineCreator (BackgroundPipelineCreator.java:start(124)) - Starting RatisPipelineUtilsThread.
2023-07-13 02:04:50,323 [Time-limited test] INFO  BackgroundPipelineScrubber (BackgroundSCMService.java:start(68)) - Starting BackgroundPipelineScrubber Service.
2023-07-13 02:04:50,323 [Time-limited test] INFO  ha.SCMServiceManager (SCMServiceManager.java:register(42)) - Registering service BackgroundPipelineScrubber.
2023-07-13 02:04:50,324 [Time-limited test] INFO  ExpiredContainerReplicaOpScrubber (BackgroundSCMService.java:start(68)) - Starting ExpiredContainerReplicaOpScrubber Service.
2023-07-13 02:04:50,324 [Time-limited test] INFO  ha.SCMServiceManager (SCMServiceManager.java:register(42)) - Registering service ExpiredContainerReplicaOpScrubber.
2023-07-13 02:04:50,325 [Time-limited test] INFO  algorithms.PipelineChoosePolicyFactory (PipelineChoosePolicyFactory.java:createPipelineChoosePolicyFromClass(78)) - Create pipeline choose policy of type org.apache.hadoop.hdds.scm.pipeline.choose.algorithms.RandomPipelineChoosePolicy
2023-07-13 02:04:50,325 [Time-limited test] INFO  algorithms.PipelineChoosePolicyFactory (PipelineChoosePolicyFactory.java:createPipelineChoosePolicyFromClass(78)) - Create pipeline choose policy of type org.apache.hadoop.hdds.scm.pipeline.choose.algorithms.RandomPipelineChoosePolicy
2023-07-13 02:04:50,326 [Time-limited test] INFO  ha.SCMServiceManager (SCMServiceManager.java:register(42)) - Registering service SCMBlockDeletingService.
2023-07-13 02:04:50,327 [Time-limited test] INFO  replication.ReplicationManager (ReplicationManager.java:start(286)) - Starting Replication Monitor Thread.
2023-07-13 02:04:50,328 [Time-limited test] INFO  ha.SCMServiceManager (SCMServiceManager.java:register(42)) - Registering service ReplicationManager.
2023-07-13 02:04:50,329 [Time-limited test] INFO  safemode.ContainerSafeModeRule (ContainerSafeModeRule.java:<init>(89)) - containers with one replica threshold count 0
2023-07-13 02:04:50,329 [Time-limited test] INFO  safemode.HealthyPipelineSafeModeRule (HealthyPipelineSafeModeRule.java:initializeRule(169)) - Total pipeline count is 0, healthy pipeline threshold count is 0
2023-07-13 02:04:50,329 [Time-limited test] INFO  safemode.OneReplicaPipelineSafeModeRule (OneReplicaPipelineSafeModeRule.java:initializeRule(180)) - Total pipeline count is 0, pipeline's with at least one datanode reported threshold count is 0
2023-07-13 02:04:50,334 [ReplicationMonitor] INFO  replication.ReplicationManager (ReplicationManager.java:processAll(361)) - Replication Manager is not ready to run until 300000ms after safemode exit
2023-07-13 02:04:50,335 [Time-limited test] INFO  authority.DefaultCAServer (DefaultCAServer.java:lambda$processVerificationStatus$0(472)) - CertificateServer validation is successful
2023-07-13 02:04:50,338 [Time-limited test] INFO  authority.DefaultCAServer (DefaultCAServer.java:lambda$processVerificationStatus$0(472)) - CertificateServer validation is successful
2023-07-13 02:04:50,339 [Time-limited test] INFO  server.StorageContainerManager (StorageContainerManager.java:persistPrimarySCMCerts(929)) - Storing sub-ca certificate serialId 1227501962904 on primary SCM
2023-07-13 02:04:50,341 [Time-limited test] INFO  server.SCMCertStore (SCMCertStore.java:storeValidScmCertificate(121)) - Scm certificate 1227501962904 for CN=scm-sub-1227495975150@fv-az201-768,OU=ef5c62b4-4b0b-40bf-beb2-eebe461cf500,O=4131550f-43c6-4956-a693-658a4e75cfb6 is stored
2023-07-13 02:04:50,342 [Time-limited test] INFO  server.StorageContainerManager (StorageContainerManager.java:persistPrimarySCMCerts(937)) - Storing root certificate serialId 1
2023-07-13 02:04:50,343 [Time-limited test] INFO  server.SCMCertStore (SCMCertStore.java:storeValidScmCertificate(121)) - Scm certificate 1 for CN=scm-1@fv-az201-768,OU=ef5c62b4-4b0b-40bf-beb2-eebe461cf500,O=4131550f-43c6-4956-a693-658a4e75cfb6 is stored
2023-07-13 02:04:50,343 [Time-limited test] INFO  ipc.CallQueueManager (CallQueueManager.java:<init>(90)) - Using callQueue: class java.util.concurrent.LinkedBlockingQueue, queueCapacity: 200, scheduler: class org.apache.hadoop.ipc.DefaultRpcScheduler, ipcBackoff: false.
2023-07-13 02:04:50,343 [Time-limited test] INFO  ipc.Server (Server.java:<init>(1287)) - Listener at 0.0.0.0:9961
2023-07-13 02:04:50,344 [Socket Reader #1 for port 9961] INFO  ipc.Server (Server.java:run(1323)) - Starting Socket Reader #1 for port 9961
2023-07-13 02:04:50,347 [Time-limited test] INFO  ha.SCMServiceManager (SCMServiceManager.java:register(42)) - Registering service RootCARotationManager.
2023-07-13 02:04:50,347 [Time-limited test] INFO  server.StorageContainerManager (StorageContainerManager.java:<init>(424)) - SCM start with adminUsers: [scm/fv-az201-768.ett4tu3jvdse5ovc2mkgjqcs5a.bx.internal.cloudapp.net@EXAMPLE.COM, scm]
2023-07-13 02:04:50,350 [Time-limited test] INFO  ipc.CallQueueManager (CallQueueManager.java:<init>(90)) - Using callQueue: class java.util.concurrent.LinkedBlockingQueue, queueCapacity: 10000, scheduler: class org.apache.hadoop.ipc.DefaultRpcScheduler, ipcBackoff: false.
2023-07-13 02:04:50,351 [Time-limited test] INFO  ipc.Server (Server.java:<init>(1287)) - Listener at 0.0.0.0:9861
2023-07-13 02:04:50,359 [Time-limited test] INFO  ipc.CallQueueManager (CallQueueManager.java:<init>(90)) - Using callQueue: class java.util.concurrent.LinkedBlockingQueue, queueCapacity: 10000, scheduler: class org.apache.hadoop.ipc.DefaultRpcScheduler, ipcBackoff: false.
2023-07-13 02:04:50,360 [Time-limited test] INFO  ipc.Server (Server.java:<init>(1287)) - Listener at 0.0.0.0:9863
2023-07-13 02:04:50,360 [Socket Reader #1 for port 9863] INFO  ipc.Server (Server.java:run(1323)) - Starting Socket Reader #1 for port 9863
2023-07-13 02:04:50,363 [Socket Reader #1 for port 9861] INFO  ipc.Server (Server.java:run(1323)) - Starting Socket Reader #1 for port 9861
2023-07-13 02:04:50,364 [Time-limited test] INFO  ipc.CallQueueManager (CallQueueManager.java:<init>(90)) - Using callQueue: class java.util.concurrent.LinkedBlockingQueue, queueCapacity: 10000, scheduler: class org.apache.hadoop.ipc.DefaultRpcScheduler, ipcBackoff: false.
2023-07-13 02:04:50,365 [Time-limited test] INFO  ipc.Server (Server.java:<init>(1287)) - Listener at 0.0.0.0:9860
2023-07-13 02:04:50,366 [Socket Reader #1 for port 9860] INFO  ipc.Server (Server.java:run(1323)) - Starting Socket Reader #1 for port 9860
2023-07-13 02:04:50,376 [Time-limited test] INFO  ha.SCMServiceManager (SCMServiceManager.java:register(42)) - Registering service ContainerBalancer.
2023-07-13 02:04:50,376 [Time-limited test] INFO  server.StorageContainerManager (StorageContainerManager.java:<init>(437)) - 
Container Balancer status:
Key                            Value
Running                        false
Container Balancer Configuration values:
Key                                                Value
Threshold                                          10
Max Datanodes to Involve per Iteration(percent)    20
Max Size to Move per Iteration                     500GB
Max Size Entering Target per Iteration             26GB
Max Size Leaving Source per Iteration              26GB

2023-07-13 02:04:50,382 [Time-limited test] INFO  ha.SCMContext (SCMContext.java:updateSafeModeStatus(228)) - Update SafeModeStatus from SafeModeStatus{safeModeStatus=true, preCheckPassed=false} to SafeModeStatus{safeModeStatus=true, preCheckPassed=false}.
2023-07-13 02:04:50,382 [Time-limited test] INFO  server.StorageContainerManager (StorageContainerManager.java:start(1489)) - StorageContainerLocationProtocol RPC server is listening at /0.0.0.0:9860
2023-07-13 02:04:50,384 [Time-limited test] WARN  impl.MetricsConfig (MetricsConfig.java:loadFirst(136)) - Cannot locate configuration: tried hadoop-metrics2-storagecontainermanager.properties,hadoop-metrics2.properties
2023-07-13 02:04:50,391 [Time-limited test] INFO  impl.MetricsSystemImpl (MetricsSystemImpl.java:startTimer(378)) - Scheduled Metric snapshot period at 10 second(s).
2023-07-13 02:04:50,391 [Time-limited test] INFO  impl.MetricsSystemImpl (MetricsSystemImpl.java:start(191)) - StorageContainerManager metrics system started
2023-07-13 02:04:50,412 [Time-limited test] INFO  impl.MetricsSinkAdapter (MetricsSinkAdapter.java:start(204)) - Sink prometheus started
2023-07-13 02:04:50,412 [Time-limited test] INFO  impl.MetricsSystemImpl (MetricsSystemImpl.java:registerSink(305)) - Registered sink prometheus
2023-07-13 02:04:50,434 [Time-limited test] INFO  server.SCMClientProtocolServer (SCMClientProtocolServer.java:start(200)) - RPC server for Client  is listening at /0.0.0.0:9860
2023-07-13 02:04:50,437 [IPC Server Responder] INFO  ipc.Server (Server.java:run(1562)) - IPC Server Responder: starting
2023-07-13 02:04:50,437 [IPC Server listener on 9860] INFO  ipc.Server (Server.java:run(1402)) - IPC Server listener on 9860: starting
2023-07-13 02:04:50,463 [Time-limited test] INFO  server.StorageContainerManager (StorageContainerManager.java:start(1502)) - ScmBlockLocationProtocol RPC server is listening at /0.0.0.0:9863
2023-07-13 02:04:50,464 [Time-limited test] INFO  server.SCMBlockProtocolServer (SCMBlockProtocolServer.java:start(152)) - RPC server for Block Protocol is listening at /0.0.0.0:9863
2023-07-13 02:04:50,464 [IPC Server Responder] INFO  ipc.Server (Server.java:run(1562)) - IPC Server Responder: starting
2023-07-13 02:04:50,464 [IPC Server listener on 9863] INFO  ipc.Server (Server.java:run(1402)) - IPC Server listener on 9863: starting
2023-07-13 02:04:50,497 [Time-limited test] INFO  server.SCMDatanodeProtocolServer (SCMDatanodeProtocolServer.java:start(193)) - ScmDatanodeProtocol RPC server for DataNodes is listening at /0.0.0.0:9861
2023-07-13 02:04:50,521 [IPC Server listener on 9861] INFO  ipc.Server (Server.java:run(1402)) - IPC Server listener on 9861: starting
2023-07-13 02:04:50,528 [Time-limited test] INFO  server.SCMSecurityProtocolServer (SCMSecurityProtocolServer.java:start(528)) - Starting RPC server for SCMSecurityProtocolServer. is listening at /0.0.0.0:9961
2023-07-13 02:04:50,530 [IPC Server Responder] INFO  ipc.Server (Server.java:run(1562)) - IPC Server Responder: starting
2023-07-13 02:04:50,530 [Time-limited test] INFO  server.SCMUpdateServiceGrpcServer (SCMUpdateServiceGrpcServer.java:start(58)) - SCMUpdateService starting
2023-07-13 02:04:50,530 [IPC Server Responder] INFO  ipc.Server (Server.java:run(1562)) - IPC Server Responder: starting
2023-07-13 02:04:50,534 [IPC Server listener on 9961] INFO  ipc.Server (Server.java:run(1402)) - IPC Server listener on 9961: starting
2023-07-13 02:04:50,549 [Time-limited test] INFO  security.RootCARotationManager (RootCARotationManager.java:start(219)) - Monitor task for root certificate 1 is started with interval PT9S.
2023-07-13 02:04:50,551 [JvmPauseMonitor1] INFO  util.JvmPauseMonitor (JvmPauseMonitor.java:run(103)) - JvmPauseMonitor-ef5c62b4-4b0b-40bf-beb2-eebe461cf500: Started
2023-07-13 02:04:50,552 [Time-limited test] INFO  http.BaseHttpServer (BaseHttpServer.java:newHttpServer2BuilderForOzone(224)) - Starting Web-server for scm at: http://0.0.0.0:9876
2023-07-13 02:04:50,552 [Time-limited test] INFO  http.BaseHttpServer (BaseHttpServer.java:<init>(111)) - Hadoop Security Enabled: true Ozone Security Enabled: true Ozone HTTP Security Enabled: false 
2023-07-13 02:04:50,557 [Time-limited test] WARN  server.AuthenticationFilter (AuthenticationFilter.java:constructSecretProvider(240)) - Unable to initialize FileSignerSecretProvider, falling back to use random secrets. Reason: Could not read signature secret file: /home/runner/hadoop-http-auth-signature-secret
2023-07-13 02:04:50,562 [Time-limited test] INFO  http.HttpRequestLog (HttpRequestLog.java:getRequestLog(86)) - Http request log for http.requests.scm is not defined
2023-07-13 02:04:50,565 [Time-limited test] INFO  http.HttpServer2 (HttpServer2.java:addGlobalFilter(1031)) - Added global filter 'safety' (class=org.apache.hadoop.hdds.server.http.HttpServer2$QuotingInputFilter)
2023-07-13 02:04:50,569 [Time-limited test] INFO  http.HttpServer2 (HttpServer2.java:addFilter(1007)) - Added filter static_user_filter (class=org.apache.hadoop.http.lib.StaticUserWebFilter$StaticUserFilter) to context scm
2023-07-13 02:04:50,569 [Time-limited test] INFO  http.HttpServer2 (HttpServer2.java:addFilter(1015)) - Added filter static_user_filter (class=org.apache.hadoop.http.lib.StaticUserWebFilter$StaticUserFilter) to context logs
2023-07-13 02:04:50,569 [Time-limited test] INFO  http.HttpServer2 (HttpServer2.java:addFilter(1015)) - Added filter static_user_filter (class=org.apache.hadoop.http.lib.StaticUserWebFilter$StaticUserFilter) to context static
2023-07-13 02:04:50,574 [Time-limited test] INFO  http.BaseHttpServer (BaseHttpServer.java:<init>(190)) - HTTP server of scm uses base directory /tmp/junit7317751773942280850/junit6562599731842420414/scm-meta/webserver
2023-07-13 02:04:50,574 [Time-limited test] INFO  http.HttpServer2 (HttpServer2.java:bindListener(1250)) - Jetty bound to port 9876
2023-07-13 02:04:50,586 [Time-limited test] INFO  server.Server (Server.java:doStart(375)) - jetty-9.4.51.v20230217; built: 2023-02-17T08:19:37.309Z; git: b45c405e4544384de066f814ed42ae3dceacdd49; jvm 1.8.0_372-b07
2023-07-13 02:04:50,607 [Time-limited test] INFO  server.session (DefaultSessionIdManager.java:doStart(334)) - DefaultSessionIdManager workerName=node0
2023-07-13 02:04:50,607 [Time-limited test] INFO  server.session (DefaultSessionIdManager.java:doStart(339)) - No SessionScavenger set, using defaults
2023-07-13 02:04:50,608 [Time-limited test] INFO  server.session (HouseKeeper.java:startScavenging(132)) - node0 Scavenging every 600000ms
2023-07-13 02:04:50,608 [Time-limited test] INFO  handler.ContextHandler (ContextHandler.java:doStart(921)) - Started o.e.j.s.ServletContextHandler@78c9942d{logs,/logs,file:///home/runner/work/ozone/ozone/hadoop-ozone/integration-test/target/log,AVAILABLE}
2023-07-13 02:04:50,609 [Time-limited test] INFO  handler.ContextHandler (ContextHandler.java:doStart(921)) - Started o.e.j.s.ServletContextHandler@642eca22{static,/static,file:///home/runner/work/ozone/ozone/hadoop-ozone/integration-test/target/test-classes/webapps/static,AVAILABLE}
2023-07-13 02:04:50,616 [Time-limited test] INFO  handler.ContextHandler (ContextHandler.java:doStart(921)) - Started o.e.j.w.WebAppContext@37da3b46{scm,/,file:///home/runner/work/ozone/ozone/hadoop-ozone/integration-test/target/test-classes/webapps/scm/,AVAILABLE}{file:/home/runner/work/ozone/ozone/hadoop-ozone/integration-test/target/test-classes/webapps/scm}
2023-07-13 02:04:50,619 [Time-limited test] INFO  server.AbstractConnector (AbstractConnector.java:doStart(333)) - Started ServerConnector@5ab6708f{HTTP/1.1, (http/1.1)}{0.0.0.0:9876}
2023-07-13 02:04:50,619 [Time-limited test] INFO  server.Server (Server.java:doStart(415)) - Started @15266ms
2023-07-13 02:04:50,619 [Time-limited test] WARN  impl.MetricsSystemImpl (MetricsSystemImpl.java:register(279)) - Sink prometheus already exists!
2023-07-13 02:04:50,622 [Time-limited test] INFO  http.BaseHttpServer (BaseHttpServer.java:updateConnectorAddress(344)) - HTTP server of scm listening at http://0.0.0.0:9876
2023-07-13 02:04:50,623 [Time-limited test] WARN  server.ServerUtils (ServerUtils.java:getDBPath(311)) - ozone.om.db.dirs is not configured. We recommend adding this setting. Falling back to ozone.metadata.dirs instead.
2023-07-13 02:04:50,639 [Time-limited test] INFO  ha.OMHANodeDetails (OMHANodeDetails.java:loadOMHAConfig(115)) - ozone.om.internal.service.id is not defined, falling back to ozone.om.service.ids to find serviceID for OzoneManager if it is HA enabled cluster
2023-07-13 02:04:50,639 [Time-limited test] INFO  ha.OMHANodeDetails (OMHANodeDetails.java:loadOMHAConfig(226)) - Configuration does not have ozone.om.address set. Falling back to the default OM address fv-az201-768.ett4tu3jvdse5ovc2mkgjqcs5a.bx.internal.cloudapp.net/10.1.0.115:1202
2023-07-13 02:04:50,639 [Time-limited test] INFO  ha.OMHANodeDetails (OMHANodeDetails.java:getOMNodeDetailsForNonHA(254)) - OM Service ID is not set. Setting it to the default ID: omServiceIdDefault
2023-07-13 02:04:50,639 [Time-limited test] INFO  ha.OMHANodeDetails (OMHANodeDetails.java:getOMNodeDetailsForNonHA(261)) - OM Node ID is not set. Setting it to the default ID: om1
2023-07-13 02:04:50,645 [Time-limited test] WARN  server.ServerUtils (ServerUtils.java:getDBPath(311)) - ozone.om.db.dirs is not configured. We recommend adding this setting. Falling back to ozone.metadata.dirs instead.
2023-07-13 02:04:50,650 [Time-limited test] INFO  upgrade.AbstractLayoutVersionManager (AbstractLayoutVersionManager.java:init(83)) - Initializing Layout version manager with metadata layout = QUOTA (version = 6), software layout = QUOTA (version = 6)
2023-07-13 02:04:50,784 [Time-limited test] INFO  reflections.Reflections (Reflections.java:scan(232)) - Reflections took 130 ms to scan 2 urls, producing 186 keys and 508 values [using 2 cores]
2023-07-13 02:04:50,788 [Time-limited test] INFO  upgrade.OMLayoutVersionManager (OMLayoutVersionManager.java:lambda$0(115)) - Skipping Upgrade Action QuotaRepairUpgradeAction since it has been finalized.
2023-07-13 02:04:50,796 [Time-limited test] INFO  upgrade.OMLayoutVersionManager (OMLayoutVersionManager.java:lambda$0(115)) - Skipping Upgrade Action MockOmUpgradeAction since it has been finalized.
2023-07-13 02:04:50,798 [Time-limited test] WARN  server.ServerUtils (ServerUtils.java:getDBPath(311)) - ozone.om.db.dirs is not configured. We recommend adding this setting. Falling back to ozone.metadata.dirs instead.
2023-07-13 02:04:51,224 [Time-limited test] INFO  proxy.SCMBlockLocationFailoverProxyProvider (SCMBlockLocationFailoverProxyProvider.java:<init>(114)) - Created block location fail-over proxy with 1 nodes: [nodeId=scmNodeId,nodeAddress=/0.0.0.0:9863]
2023-07-13 02:04:51,296 [Time-limited test] INFO  om.OzoneManager (OzoneManager.java:<init>(658)) - OM start with adminUsers: [scm/fv-az201-768.ett4tu3jvdse5ovc2mkgjqcs5a.bx.internal.cloudapp.net@EXAMPLE.COM, scm]
2023-07-13 02:04:51,337 [Time-limited test] WARN  server.ServerUtils (ServerUtils.java:getDBPath(311)) - ozone.om.db.dirs is not configured. We recommend adding this setting. Falling back to ozone.metadata.dirs instead.
2023-07-13 02:04:51,391 [Time-limited test] INFO  helpers.OmKeyInfo (OmKeyInfo.java:getCodec(71)) - OmKeyInfo.getCodec ignorePipeline = true
2023-07-13 02:04:51,773 [Time-limited test] INFO  om.OzoneManager (OzoneManager.java:instantiateServices(787)) - S3 Multi-Tenancy is disabled
2023-07-13 02:04:51,787 [Time-limited test] INFO  security.OzoneSecretStore (OzoneSecretStore.java:loadState(69)) - Loaded 0 tokens
2023-07-13 02:04:51,787 [Time-limited test] INFO  security.OzoneDelegationTokenSecretManager (OzoneDelegationTokenSecretManager.java:loadTokenSecretState(530)) - Loading token state into token manager.
2023-07-13 02:04:51,812 [Time-limited test] INFO  om.OmSnapshotManager (OmSnapshotManager.java:<init>(175)) - Ozone filesystem snapshot feature is enabled.
2023-07-13 02:04:51,822 [Time-limited test] WARN  server.ServerUtils (ServerUtils.java:getDBPath(311)) - ozone.om.snapshot.diff.db.dir is not configured. We recommend adding this setting. Falling back to ozone.metadata.dirs instead.
2023-07-13 02:04:51,872 [Time-limited test] INFO  utils.NativeLibraryLoader (NativeLibraryLoader.java:loadLibrary(105)) - Loading Library: ozone_rocksdb_tools
2023-07-13 02:04:51,873 [Time-limited test] INFO  snapshot.SnapshotDiffManager (SnapshotDiffManager.java:closeExecutorService(1720)) - Shutting down executorService: 'SstDumpToolExecutor'
2023-07-13 02:04:51,945 [Time-limited test] INFO  om.OzoneManager (OzoneManager.java:addS3GVolumeToDB(4298)) - Created Volume s3v With Owner scm required for S3Gateway operations.
2023-07-13 02:04:52,031 [Time-limited test] WARN  server.ServerUtils (ServerUtils.java:getDefaultRatisDirectory(323)) - Storage directory for Ratis is not configured. It is a good idea to map this to an SSD disk. Falling back to ozone.metadata.dirs
2023-07-13 02:04:52,033 [Time-limited test] WARN  utils.OzoneManagerRatisUtils (OzoneManagerRatisUtils.java:getOMRatisSnapshotDirectory(461)) - ozone.om.ratis.snapshot.dir is not configured. Falling back to ozone.metadata.dirs config
2023-07-13 02:04:52,047 [Time-limited test] WARN  server.ServerUtils (ServerUtils.java:getDefaultRatisDirectory(323)) - Storage directory for Ratis is not configured. It is a good idea to map this to an SSD disk. Falling back to ozone.metadata.dirs
2023-07-13 02:04:52,084 [Time-limited test] INFO  ratis.OzoneManagerRatisServer (OzoneManagerRatisServer.java:<init>(163)) - Instantiating OM Ratis server with groupID: omServiceIdDefault and peers: fv-az201-768.ett4tu3jvdse5ovc2mkgjqcs5a.bx.internal.cloudapp.net:9872
2023-07-13 02:04:52,102 [Time-limited test] INFO  ratis.OzoneManagerStateMachine (OzoneManagerStateMachine.java:loadSnapshotInfoFromDB(670)) - LastAppliedIndex is set from TransactionInfo from OM DB as (t:0, i:~)
2023-07-13 02:04:52,183 [Time-limited test] INFO  server.RaftServer (ConfUtils.java:logGet(46)) - raft.rpc.type = GRPC (default)
2023-07-13 02:04:52,195 [Time-limited test] INFO  grpc.GrpcConfigKeys (ConfUtils.java:logFallback(53)) - raft.grpc.admin.host = null (fallback to raft.grpc.server.host)
2023-07-13 02:04:52,196 [Time-limited test] INFO  grpc.GrpcConfigKeys (ConfUtils.java:logFallback(53)) - raft.grpc.admin.port = 9872 (fallback to raft.grpc.server.port)
2023-07-13 02:04:52,197 [Time-limited test] INFO  grpc.GrpcConfigKeys (ConfUtils.java:logFallback(53)) - raft.grpc.client.host = null (fallback to raft.grpc.server.host)
2023-07-13 02:04:52,197 [Time-limited test] INFO  grpc.GrpcConfigKeys (ConfUtils.java:logFallback(53)) - raft.grpc.client.port = 9872 (fallback to raft.grpc.server.port)
2023-07-13 02:04:52,198 [Time-limited test] INFO  grpc.GrpcConfigKeys (ConfUtils.java:logGet(46)) - raft.grpc.server.host = null (default)
2023-07-13 02:04:52,198 [Time-limited test] INFO  grpc.GrpcConfigKeys (ConfUtils.java:logGet(46)) - raft.grpc.server.port = 9872 (custom)
2023-07-13 02:04:52,198 [Time-limited test] INFO  server.GrpcService (ConfUtils.java:logGet(46)) - raft.grpc.message.size.max = 33554432 (custom)
2023-07-13 02:04:52,199 [Time-limited test] INFO  server.RaftServerConfigKeys (ConfUtils.java:logGet(46)) - raft.server.log.appender.buffer.byte-limit = 33554432 (custom)
2023-07-13 02:04:52,200 [Time-limited test] INFO  server.GrpcService (ConfUtils.java:logGet(46)) - raft.grpc.flow.control.window = 1MB (=1048576) (default)
2023-07-13 02:04:52,201 [Time-limited test] INFO  server.RaftServerConfigKeys (ConfUtils.java:logGet(46)) - raft.server.rpc.request.timeout = 3000ms (default)
2023-07-13 02:04:52,215 [Time-limited test] INFO  grpc.GrpcConfigKeys (ConfUtils.java:logGet(46)) - raft.grpc.server.heartbeat.channel = true (default)
2023-07-13 02:04:52,220 [Time-limited test] INFO  grpc.GrpcConfigKeys (ConfUtils.java:logGet(46)) - raft.grpc.server.async.request.thread.pool.cached = true (default)
2023-07-13 02:04:52,220 [Time-limited test] INFO  grpc.GrpcConfigKeys (ConfUtils.java:logGet(46)) - raft.grpc.server.async.request.thread.pool.size = 32 (default)
2023-07-13 02:04:52,293 [Time-limited test] INFO  impl.DataStreamServerImpl (ConfUtils.java:logGet(46)) - raft.datastream.type = DISABLED (default)
2023-07-13 02:04:52,297 [Time-limited test] INFO  server.RaftServerConfigKeys (ConfUtils.java:logGet(46)) - raft.server.threadpool.proxy.cached = true (default)
2023-07-13 02:04:52,297 [Time-limited test] INFO  server.RaftServerConfigKeys (ConfUtils.java:logGet(46)) - raft.server.threadpool.proxy.size = 0 (default)
2023-07-13 02:04:52,297 [Time-limited test] INFO  server.RaftServerConfigKeys (ConfUtils.java:logGet(46)) - raft.server.rpc.slowness.timeout = 120s (custom)
2023-07-13 02:04:52,298 [Time-limited test] INFO  server.RaftServerConfigKeys (ConfUtils.java:logGet(46)) - raft.server.leaderelection.leader.step-down.wait-time = 10s (default)
2023-07-13 02:04:52,299 [Time-limited test] INFO  server.RaftServerConfigKeys (ConfUtils.java:logGet(46)) - raft.server.storage.dir = [/tmp/junit7317751773942280850/junit6562599731842420414/scm-meta/ratis] (custom)
2023-07-13 02:04:52,311 [Time-limited test] INFO  server.RaftServer (RaftServerProxy.java:addNew(98)) - om1: addNew group-C5BA1605619E:[om1|rpc:fv-az201-768.ett4tu3jvdse5ovc2mkgjqcs5a.bx.internal.cloudapp.net:9872|priority:0|startupRole:FOLLOWER] returns group-C5BA1605619E:java.util.concurrent.CompletableFuture@3c74dec9[Not completed]
2023-07-13 02:04:52,312 [Time-limited test] INFO  om.OzoneManager (OzoneManager.java:initializeRatisServer(2139)) - OzoneManager Ratis server initialized at port 9872
2023-07-13 02:04:52,315 [Time-limited test] INFO  om.OzoneManager (OzoneManager.java:getRpcServer(1187)) - Creating RPC Server
2023-07-13 02:04:52,344 [om1-groupManagement] INFO  server.RaftServer$Division (RaftServerImpl.java:<init>(198)) - om1: new RaftServerImpl for group-C5BA1605619E:[om1|rpc:fv-az201-768.ett4tu3jvdse5ovc2mkgjqcs5a.bx.internal.cloudapp.net:9872|priority:0|startupRole:FOLLOWER] with OzoneManagerStateMachine:uninitialized
2023-07-13 02:04:52,359 [om1-groupManagement] INFO  server.RaftServerConfigKeys (ConfUtils.java:logGet(46)) - raft.server.rpc.timeout.min = 5s (custom)
2023-07-13 02:04:52,360 [om1-groupManagement] INFO  server.RaftServerConfigKeys (ConfUtils.java:logGet(46)) - raft.server.rpc.timeout.max = 5200ms (custom)
2023-07-13 02:04:52,360 [om1-groupManagement] INFO  server.RaftServerConfigKeys (ConfUtils.java:logGet(46)) - raft.server.rpc.sleep.time = 25ms (default)
2023-07-13 02:04:52,361 [om1-groupManagement] INFO  server.RaftServerConfigKeys (ConfUtils.java:logGet(46)) - raft.server.rpc.slowness.timeout = 120s (custom)
2023-07-13 02:04:52,361 [om1-groupManagement] INFO  server.RaftServerConfigKeys (ConfUtils.java:logGet(46)) - raft.server.leaderelection.leader.step-down.wait-time = 10s (default)
2023-07-13 02:04:52,361 [om1-groupManagement] INFO  server.RaftServerConfigKeys (ConfUtils.java:logGet(46)) - raft.server.sleep.deviation.threshold = 300ms (default)
2023-07-13 02:04:52,372 [om1-groupManagement] INFO  server.RaftServer$Division (ServerState.java:<init>(120)) - om1@group-C5BA1605619E: ConfigurationManager, init=-1: peers:[om1|rpc:fv-az201-768.ett4tu3jvdse5ovc2mkgjqcs5a.bx.internal.cloudapp.net:9872|priority:0|startupRole:FOLLOWER]|listeners:[], old=null, confs=<EMPTY_MAP>
2023-07-13 02:04:52,384 [om1-groupManagement] INFO  server.RaftServerConfigKeys (ConfUtils.java:logGet(46)) - raft.server.storage.dir = [/tmp/junit7317751773942280850/junit6562599731842420414/scm-meta/ratis] (custom)
2023-07-13 02:04:52,419 [om1-groupManagement] INFO  server.RaftServerConfigKeys (ConfUtils.java:logGet(46)) - raft.server.log.corruption.policy = EXCEPTION (default)
2023-07-13 02:04:52,419 [om1-groupManagement] INFO  server.RaftServerConfigKeys (ConfUtils.java:logGet(46)) - raft.server.storage.free-space.min = 0MB (=0) (default)
2023-07-13 02:04:52,428 [om1-groupManagement] INFO  server.RaftServerConfigKeys (ConfUtils.java:logGet(46)) - raft.server.notification.no-leader.timeout = 120s (custom)
2023-07-13 02:04:52,463 [om1-groupManagement] INFO  server.RaftServerConfigKeys (ConfUtils.java:logGet(46)) - raft.server.read.timeout = 10s (default)
2023-07-13 02:04:52,484 [om1-groupManagement] INFO  server.RaftServerConfigKeys (ConfUtils.java:logGet(46)) - raft.server.retrycache.expirytime = 300s (custom)
2023-07-13 02:04:52,484 [om1-groupManagement] INFO  server.RaftServerConfigKeys (ConfUtils.java:logGet(46)) - raft.server.retrycache.statistics.expirytime = 100μs (default)
2023-07-13 02:04:52,562 [om1-groupManagement] INFO  server.RaftServerConfigKeys (ConfUtils.java:logGet(46)) - raft.server.read.option = DEFAULT (default)
2023-07-13 02:04:52,715 [om1-groupManagement] INFO  server.RaftServerConfigKeys (ConfUtils.java:logGet(46)) - raft.server.rpc.request.timeout = 3000ms (default)
2023-07-13 02:04:52,719 [om1-groupManagement] INFO  server.RaftServerConfigKeys (ConfUtils.java:logGet(46)) - raft.server.log.appender.install.snapshot.enabled = false (custom)
2023-07-13 02:04:52,720 [om1-groupManagement] INFO  server.RaftServerConfigKeys (ConfUtils.java:logGet(46)) - raft.server.threadpool.server.cached = true (default)
2023-07-13 02:04:52,720 [om1-groupManagement] INFO  server.RaftServerConfigKeys (ConfUtils.java:logGet(46)) - raft.server.threadpool.server.size = 0 (default)
2023-07-13 02:04:52,721 [om1-groupManagement] INFO  server.RaftServerConfigKeys (ConfUtils.java:logGet(46)) - raft.server.threadpool.client.cached = true (default)
2023-07-13 02:04:52,728 [om1-groupManagement] INFO  server.RaftServerConfigKeys (ConfUtils.java:logGet(46)) - raft.server.threadpool.client.size = 0 (default)
2023-07-13 02:04:53,332 [Time-limited test] INFO  reflections.Reflections (Reflections.java:scan(232)) - Reflections took 942 ms to scan 19 urls, producing 70 keys and 5533 values [using 2 cores]
2023-07-13 02:04:53,562 [Time-limited test] INFO  ipc.CallQueueManager (CallQueueManager.java:<init>(90)) - Using callQueue: class java.util.concurrent.LinkedBlockingQueue, queueCapacity: 10000, scheduler: class org.apache.hadoop.ipc.DefaultRpcScheduler, ipcBackoff: false.
2023-07-13 02:04:53,563 [Time-limited test] INFO  ipc.Server (Server.java:<init>(1287)) - Listener at fv-az201-768.ett4tu3jvdse5ovc2mkgjqcs5a.bx.internal.cloudapp.net:1202
2023-07-13 02:04:53,563 [Socket Reader #1 for port 1202] INFO  ipc.Server (Server.java:run(1323)) - Starting Socket Reader #1 for port 1202
2023-07-13 02:04:53,608 [Time-limited test] INFO  ha.OMHANodeDetails (OMHANodeDetails.java:loadOMHAConfig(115)) - ozone.om.internal.service.id is not defined, falling back to ozone.om.service.ids to find serviceID for OzoneManager if it is HA enabled cluster
2023-07-13 02:04:53,609 [Time-limited test] INFO  ha.OMHANodeDetails (OMHANodeDetails.java:loadOMHAConfig(226)) - Configuration does not have ozone.om.address set. Falling back to the default OM address fv-az201-768.ett4tu3jvdse5ovc2mkgjqcs5a.bx.internal.cloudapp.net/10.1.0.115:1202
2023-07-13 02:04:53,609 [Time-limited test] INFO  ha.OMHANodeDetails (OMHANodeDetails.java:getOMNodeDetailsForNonHA(254)) - OM Service ID is not set. Setting it to the default ID: omServiceIdDefault
2023-07-13 02:04:53,609 [Time-limited test] INFO  ha.OMHANodeDetails (OMHANodeDetails.java:getOMNodeDetailsForNonHA(261)) - OM Node ID is not set. Setting it to the default ID: om1
2023-07-13 02:04:53,613 [pool-40-thread-1] INFO  request.KdcRequest (KdcRequest.java:preauth(651)) - The preauth data is empty.
2023-07-13 02:04:53,614 [pool-40-thread-1] INFO  server.KdcHandler (KdcHandler.java:handleRecoverableException(177)) - KRB error occurred while processing request:Additional pre-authentication required
2023-07-13 02:04:53,621 [pool-40-thread-1] INFO  request.AsRequest (AsRequest.java:issueTicket(112)) - AS_REQ ISSUE: authtime 1689213893620,scm/fv-az201-768.ett4tu3jvdse5ovc2mkgjqcs5a.bx.internal.cloudapp.net@EXAMPLE.COM for krbtgt/EXAMPLE.COM@EXAMPLE.COM
2023-07-13 02:04:53,627 [Time-limited test] INFO  security.UserGroupInformation (UserGroupInformation.java:loginUserFromKeytab(1132)) - Login successful for user scm/fv-az201-768.ett4tu3jvdse5ovc2mkgjqcs5a.bx.internal.cloudapp.net@EXAMPLE.COM using keytab file scm.keytab. Keytab auto renewal enabled : false
2023-07-13 02:04:53,627 [Time-limited test] INFO  om.OzoneManager (OzoneManager.java:loginOMUser(1155)) - Ozone Manager login successful.
2023-07-13 02:04:53,627 [Time-limited test] WARN  server.ServerUtils (ServerUtils.java:getDBPath(311)) - ozone.om.db.dirs is not configured. We recommend adding this setting. Falling back to ozone.metadata.dirs instead.
2023-07-13 02:04:53,629 [Time-limited test] INFO  proxy.SCMBlockLocationFailoverProxyProvider (SCMBlockLocationFailoverProxyProvider.java:<init>(114)) - Created block location fail-over proxy with 1 nodes: [nodeId=scmNodeId,nodeAddress=/0.0.0.0:9863]
2023-07-13 02:04:53,646 [pool-40-thread-1] INFO  request.TgsRequest (TgsRequest.java:issueTicket(115)) - TGS_REQ ISSUE: authtime 1689213893646,scm/fv-az201-768.ett4tu3jvdse5ovc2mkgjqcs5a.bx.internal.cloudapp.net for scm/fv-az201-768.ett4tu3jvdse5ovc2mkgjqcs5a.bx.internal.cloudapp.net@EXAMPLE.COM
2023-07-13 02:04:53,659 [Socket Reader #1 for port 9863] INFO  ipc.Server (Server.java:saslProcess(2139)) - Auth successful for scm/fv-az201-768.ett4tu3jvdse5ovc2mkgjqcs5a.bx.internal.cloudapp.net@EXAMPLE.COM (auth:KERBEROS) from fv-az201-768.ett4tu3jvdse5ovc2mkgjqcs5a.bx.internal.cloudapp.net:44909 / 10.1.0.115:44909
OM already initialized.Reusing existing cluster id for sd=/tmp/junit7317751773942280850/junit6562599731842420414/scm-meta/om;cid=4131550f-43c6-4956-a693-658a4e75cfb6;layoutVersion=6
2023-07-13 02:04:53,715 [Time-limited test] INFO  om.OzoneManager (OzoneManager.java:omInit(1363)) - OM storage initialized. Initializing security
2023-07-13 02:04:53,715 [Time-limited test] INFO  om.OzoneManager (OzoneManager.java:initializeSecurity(1376)) - Initializing secure OzoneManager.
2023-07-13 02:04:53,715 [Time-limited test] INFO  om.OzoneManager (OzoneManager.java:getOmDetailsProto(4566)) - OzoneManager ports added:[name: "RPC"
value: 1202
]
2023-07-13 02:04:53,717 [Time-limited test] INFO  security.OMCertificateClient (DefaultCertificateClient.java:updateCertSerialId(1248)) - Certificate serial ID set to null
2023-07-13 02:04:53,718 [Time-limited test] ERROR security.OMCertificateClient (DefaultCertificateClient.java:getCertPath(349)) - Default certificate serial id is not set. Can't locate the default certificate for this client.
2023-07-13 02:04:53,718 [Time-limited test] INFO  security.OMCertificateClient (DefaultCertificateClient.java:init(723)) - Certificate client init case: 0
2023-07-13 02:04:53,718 [Time-limited test] INFO  security.OMCertificateClient (CommonCertificateClient.java:handleCase(74)) - Creating keypair for client as keypair and certificate not found.
2023-07-13 02:04:53,818 [Time-limited test] INFO  om.OzoneManager (OzoneManager.java:initializeSecurity(1399)) - Init response: GETCERT
2023-07-13 02:04:53,819 [Time-limited test] INFO  ozone.OzoneSecurityUtil (OzoneSecurityUtil.java:getValidInetsForCurrentHost(119)) - ip:fe80:0:0:0:20d:3aff:fe98:b55f%eth0 not returned.
2023-07-13 02:04:53,819 [Time-limited test] INFO  ozone.OzoneSecurityUtil (OzoneSecurityUtil.java:getValidInetsForCurrentHost(116)) - Adding ip:10.1.0.115,host:fv-az201-768.ett4tu3jvdse5ovc2mkgjqcs5a.bx.internal.cloudapp.net
2023-07-13 02:04:53,819 [Time-limited test] INFO  ozone.OzoneSecurityUtil (OzoneSecurityUtil.java:getValidInetsForCurrentHost(119)) - ip:0:0:0:0:0:0:0:1%lo not returned.
2023-07-13 02:04:53,819 [Time-limited test] INFO  ozone.OzoneSecurityUtil (OzoneSecurityUtil.java:getValidInetsForCurrentHost(119)) - ip:127.0.0.1 not returned.
2023-07-13 02:04:53,820 [Time-limited test] INFO  security.OMCertificateClient (OMCertificateClient.java:getCSRBuilder(114)) - Creating csr for OM->dns:fv-az201-768.ett4tu3jvdse5ovc2mkgjqcs5a.bx.internal.cloudapp.net,ip:10.1.0.115,scmId:ef5c62b4-4b0b-40bf-beb2-eebe461cf500,clusterId:4131550f-43c6-4956-a693-658a4e75cfb6,subject:scm@fv-az201-768.ett4tu3jvdse5ovc2mkgjqcs5a.bx.internal.cloudapp.net
2023-07-13 02:04:53,838 [Socket Reader #1 for port 9961] INFO  ipc.Server (Server.java:saslProcess(2139)) - Auth successful for scm/fv-az201-768.ett4tu3jvdse5ovc2mkgjqcs5a.bx.internal.cloudapp.net@EXAMPLE.COM (auth:KERBEROS) from fv-az201-768.ett4tu3jvdse5ovc2mkgjqcs5a.bx.internal.cloudapp.net:45185 / 10.1.0.115:45185
2023-07-13 02:04:53,843 [IPC Server handler 0 on default port 9961] INFO  server.SCMSecurityProtocolServer (SCMSecurityProtocolServer.java:getOMCertificate(275)) - Processing CSR for om fv-az201-768.ett4tu3jvdse5ovc2mkgjqcs5a.bx.internal.cloudapp.net, UUID: 2e4929dd-2cf3-497b-8238-dd8912722b2f
2023-07-13 02:04:53,870 [Time-limited test] INFO  utils.CertificateCodec (CertificateCodec.java:writeCertificate(299)) - Save certificate to /tmp/junit7317751773942280850/junit6562599731842420414/scm-meta/om/certs/1231891682475.crt
2023-07-13 02:04:53,870 [Time-limited test] INFO  utils.CertificateCodec (CertificateCodec.java:writeCertificate(300)) - Certificate -----BEGIN CERTIFICATE-----
MIIEHzCCAwegAwIBAgIGAR7Sd1SrMA0GCSqGSIb3DQEBCwUAMIGLMSswKQYDVQQD
DCJzY20tc3ViLTEyMjc0OTU5NzUxNTBAZnYtYXoyMDEtNzY4MS0wKwYDVQQLDCRl
ZjVjNjJiNC00YjBiLTQwYmYtYmViMi1lZWJlNDYxY2Y1MDAxLTArBgNVBAoMJDQx
MzE1NTBmLTQzYzYtNDk1Ni1hNjkzLTY1OGE0ZTc1Y2ZiNjAeFw0yMzA3MTMwMjA0
NTNaFw0yNDA3MTIwMjA0NTNaMIGtMU0wSwYDVQQDDERzY21AZnYtYXoyMDEtNzY4
LmV0dDR0dTNqdmRzZTVvdmMybWtnanFjczVhLmJ4LmludGVybmFsLmNsb3VkYXBw
Lm5ldDEtMCsGA1UECwwkZWY1YzYyYjQtNGIwYi00MGJmLWJlYjItZWViZTQ2MWNm
NTAwMS0wKwYDVQQKDCQ0MTMxNTUwZi00M2M2LTQ5NTYtYTY5My02NThhNGU3NWNm
YjYwggEiMA0GCSqGSIb3DQEBAQUAA4IBDwAwggEKAoIBAQDPt6KmwG7hGHx2EOR/
qXfqjGh1DBDWnSQYFOwJw6tr/kWtLvk1/Yv+2dbf1QoxIdvRLyKLe2PdTol8Su8W
EMQ3FPRxMjMQZsCU+rNdiF94z4WCp1gRmRTkZf9S/XWNTjDIUqXn/elJm2sMsSAN
mLs5KN0dP6GXrwQ4ksBAb4ubbJCLLvtxMVbeM9/PIc8yERmNPYOyB4BksZBaDj+M
7jcTODTmDSh61bMfvFBCvpaIW2EgWX+Ma9E64E6qlsSX+aOowOApoJVgI0eVOK0/
Z7KYg0o0UsPov12g0pE3zPyr07NeleHk286re7fXVPsfCc+MjNLlzQXJKggjeyxz
ULRpAgMBAAGjZTBjMFEGA1UdEQRKMEiHBAoBAHOCQGZ2LWF6MjAxLTc2OC5ldHQ0
dHUzanZkc2U1b3ZjMm1rZ2pxY3M1YS5ieC5pbnRlcm5hbC5jbG91ZGFwcC5uZXQw
DgYDVR0PAQH/BAQDAgO4MA0GCSqGSIb3DQEBCwUAA4IBAQB1KmQ+AExglM67i2df
j71BcRskt+RObMNeNJNTKRX3YNs3JKwtbzvlVJXibML5JeQRoo7NSo/0jESWeS7D
RwcS5cw1fXJ1xdyD3k/lg9r5UHExVLkYUHVtqjS2d/d1DiQgAjwYQiHq9hjsiw6E
ZOSFU8ldFrfyiqfJ86eaF2NjnGsGKrH48sN3uK1vKPQtRI+H6jCJsUUccuT43yDL
WrlZ4ZntEU0tXHY7YthBydpBfy0psaxVaXu4jbU9RE6jxItBo9RO913G0Pt6BA5a
uyFCQMBWCOh1BaJ1iCjhNNCWB4zJALVYMWJ8k4ZK61PnaIEaCP/SRj9fX5vB0TVL
CJOk
-----END CERTIFICATE-----

-----BEGIN CERTIFICATE-----
MIID/TCCAuWgAwIBAgIGAR3M0YaYMA0GCSqGSIb3DQEBCwUAMHsxGzAZBgNVBAMM
EnNjbS0xQGZ2LWF6MjAxLTc2ODEtMCsGA1UECwwkZWY1YzYyYjQtNGIwYi00MGJm
LWJlYjItZWViZTQ2MWNmNTAwMS0wKwYDVQQKDCQ0MTMxNTUwZi00M2M2LTQ5NTYt
YTY5My02NThhNGU3NWNmYjYwHhcNMjMwNzEzMDIwNDQ5WhcNMjgwODIwMDIwNDQ5
WjCBizErMCkGA1UEAwwic2NtLXN1Yi0xMjI3NDk1OTc1MTUwQGZ2LWF6MjAxLTc2
ODEtMCsGA1UECwwkZWY1YzYyYjQtNGIwYi00MGJmLWJlYjItZWViZTQ2MWNmNTAw
MS0wKwYDVQQKDCQ0MTMxNTUwZi00M2M2LTQ5NTYtYTY5My02NThhNGU3NWNmYjYw
ggEiMA0GCSqGSIb3DQEBAQUAA4IBDwAwggEKAoIBAQDCrYWQ+OF0+W4y2x2Ttuob
VjuxVseBFcdpCBPlj7qdfyVKT4dEeVlE1LeMwn3n2+xjctNSc92bCiaxfhykcnZo
7nZS7KvqtcBK5F5vRjBJiRwvjUdsGoEpCBuqvNqX245ufP1c1bV352oPsYV4Pfm6
+LHp0xo+dz0yoEbyy60Kf/dAmQsvEX5iBF0v4D9MhG28fh6l5vxvhQyUYaMKr/j3
Kh8VBwoERCQMoa0pI9+fL6RvERGB6me6xWKuK7vLfB2X9kfWOILo/a5O0eZit0A0
vAPIGApSEO+b6lf1GMC2brF2A9PAC/Um6/IMdlipdxEIaIkuSZKTj1qIW5QFczfV
AgMBAAGjdjB0MFEGA1UdEQRKMEiHBAoBAHOCQGZ2LWF6MjAxLTc2OC5ldHQ0dHUz
anZkc2U1b3ZjMm1rZ2pxY3M1YS5ieC5pbnRlcm5hbC5jbG91ZGFwcC5uZXQwDwYD
VR0TAQH/BAUwAwEB/zAOBgNVHQ8BAf8EBAMCAb4wDQYJKoZIhvcNAQELBQADggEB
ADHr47DuVNCCyJfcP9AD3+Ne0cWzdTw5UTB3IE9oY3bGpWeCOQRjy7It1D5vbqlf
xJTc66C+XYgsUx5ZSkzFzozRJDa31p8Gh4h6pxI7tyIY2sExYGhNY4ZgrKCxwVQD
LNMQz56PEHArV7e1IUE95ED5St9qZ665L00RYVPyFqRmMTZ5BasfOJ8T2wcH4Tsh
MiEBmGVevtps6s+FtVXZAOVZkFLK92Cusu87kDgzAVUtLhusQOJsqAfL0PWGMpP4
kwAwg1dOW057W0wQob3lJcg1uTOV82VgGe4nwVcbsC0JLhCQqO/UYEp1yr35mrAj
rNozRTRbLoGkFOMvFabeC6w=
-----END CERTIFICATE-----

-----BEGIN CERTIFICATE-----
MIID5zCCAs+gAwIBAgIBATANBgkqhkiG9w0BAQsFADB7MRswGQYDVQQDDBJzY20t
MUBmdi1hejIwMS03NjgxLTArBgNVBAsMJGVmNWM2MmI0LTRiMGItNDBiZi1iZWIy
LWVlYmU0NjFjZjUwMDEtMCsGA1UECgwkNDEzMTU1MGYtNDNjNi00OTU2LWE2OTMt
NjU4YTRlNzVjZmI2MB4XDTIzMDcxMzAyMDQ0OVoXDTI4MDgyMDAyMDQ0OVowezEb
MBkGA1UEAwwSc2NtLTFAZnYtYXoyMDEtNzY4MS0wKwYDVQQLDCRlZjVjNjJiNC00
YjBiLTQwYmYtYmViMi1lZWJlNDYxY2Y1MDAxLTArBgNVBAoMJDQxMzE1NTBmLTQz
YzYtNDk1Ni1hNjkzLTY1OGE0ZTc1Y2ZiNjCCASIwDQYJKoZIhvcNAQEBBQADggEP
ADCCAQoCggEBAMfqebYXb8yi2jqR2pW6PKmu37U5qXkATYg3CnaXmKz+7/uS5/Ok
6xgQ1HSZJ26So9PRdKdUeW6OdChrZ4adwt8X5hvACMGAx0Efv5xiZkt3/ruHRGA9
6+IVj5BJ5HLDNr9r5o+sBFqjeSHOU8l2Tp1BzwC6WGLd3Dmm5vpV6qclT5bHBm0o
Ulq29VAcL4EZNdJRdCecl+aAQX0mrZDi2e/xuccm/4BIu+W8gH47d5l03SW354px
RHaTn2XeYP3EHofc5BgDooQwvZxb5IrIJ16h+wvT5hIbP2YXO4hGlecjcjbD3c3W
lOWysR4kZ2wiO3kHHaaKUqwqfkIa6LQalhMCAwEAAaN2MHQwDwYDVR0TAQH/BAUw
AwEB/zAOBgNVHQ8BAf8EBAMCAQYwUQYDVR0RBEowSIcECgEAc4JAZnYtYXoyMDEt
NzY4LmV0dDR0dTNqdmRzZTVvdmMybWtnanFjczVhLmJ4LmludGVybmFsLmNsb3Vk
YXBwLm5ldDANBgkqhkiG9w0BAQsFAAOCAQEAG9hKhogWF/EVbMJa8WSPsE5WfXPX
WUgxv239Ro8Di0yr4wqvbXSkTHas+xQ1uGRv4CXWH8bQJmHGNsp8GQwkRRgzyY3X
TFF+b3jxtPGKuV5itKIljb6f0bXhNknvHOOGEeVos/UVWqqDD2Hb2ynaBIshVRBL
RvrnF1GYt5yVJEUN7g7Ff9hVzHuewVsdHmlz3FsMx4ReJPDk2FBKMb0oTYDQn//A
OeOBCcOmqj40vGb3qazBf5+YEbFcEXOf/yt1SRJPDvAQHjJeUCuEk4N79VnaMvuS
VMmYS0en0kEIYSLbV+DGJVj7VoblDdzIz8cIrp8HcJiVlIgcHHUtocQY5w==
-----END CERTIFICATE-----

2023-07-13 02:04:53,871 [Time-limited test] INFO  utils.CertificateCodec (CertificateCodec.java:writeCertificate(299)) - Save certificate to /tmp/junit7317751773942280850/junit6562599731842420414/scm-meta/om/certs/CA-1227501962904.crt
2023-07-13 02:04:53,871 [Time-limited test] INFO  utils.CertificateCodec (CertificateCodec.java:writeCertificate(300)) - Certificate -----BEGIN CERTIFICATE-----
MIID/TCCAuWgAwIBAgIGAR3M0YaYMA0GCSqGSIb3DQEBCwUAMHsxGzAZBgNVBAMM
EnNjbS0xQGZ2LWF6MjAxLTc2ODEtMCsGA1UECwwkZWY1YzYyYjQtNGIwYi00MGJm
LWJlYjItZWViZTQ2MWNmNTAwMS0wKwYDVQQKDCQ0MTMxNTUwZi00M2M2LTQ5NTYt
YTY5My02NThhNGU3NWNmYjYwHhcNMjMwNzEzMDIwNDQ5WhcNMjgwODIwMDIwNDQ5
WjCBizErMCkGA1UEAwwic2NtLXN1Yi0xMjI3NDk1OTc1MTUwQGZ2LWF6MjAxLTc2
ODEtMCsGA1UECwwkZWY1YzYyYjQtNGIwYi00MGJmLWJlYjItZWViZTQ2MWNmNTAw
MS0wKwYDVQQKDCQ0MTMxNTUwZi00M2M2LTQ5NTYtYTY5My02NThhNGU3NWNmYjYw
ggEiMA0GCSqGSIb3DQEBAQUAA4IBDwAwggEKAoIBAQDCrYWQ+OF0+W4y2x2Ttuob
VjuxVseBFcdpCBPlj7qdfyVKT4dEeVlE1LeMwn3n2+xjctNSc92bCiaxfhykcnZo
7nZS7KvqtcBK5F5vRjBJiRwvjUdsGoEpCBuqvNqX245ufP1c1bV352oPsYV4Pfm6
+LHp0xo+dz0yoEbyy60Kf/dAmQsvEX5iBF0v4D9MhG28fh6l5vxvhQyUYaMKr/j3
Kh8VBwoERCQMoa0pI9+fL6RvERGB6me6xWKuK7vLfB2X9kfWOILo/a5O0eZit0A0
vAPIGApSEO+b6lf1GMC2brF2A9PAC/Um6/IMdlipdxEIaIkuSZKTj1qIW5QFczfV
AgMBAAGjdjB0MFEGA1UdEQRKMEiHBAoBAHOCQGZ2LWF6MjAxLTc2OC5ldHQ0dHUz
anZkc2U1b3ZjMm1rZ2pxY3M1YS5ieC5pbnRlcm5hbC5jbG91ZGFwcC5uZXQwDwYD
VR0TAQH/BAUwAwEB/zAOBgNVHQ8BAf8EBAMCAb4wDQYJKoZIhvcNAQELBQADggEB
ADHr47DuVNCCyJfcP9AD3+Ne0cWzdTw5UTB3IE9oY3bGpWeCOQRjy7It1D5vbqlf
xJTc66C+XYgsUx5ZSkzFzozRJDa31p8Gh4h6pxI7tyIY2sExYGhNY4ZgrKCxwVQD
LNMQz56PEHArV7e1IUE95ED5St9qZ665L00RYVPyFqRmMTZ5BasfOJ8T2wcH4Tsh
MiEBmGVevtps6s+FtVXZAOVZkFLK92Cusu87kDgzAVUtLhusQOJsqAfL0PWGMpP4
kwAwg1dOW057W0wQob3lJcg1uTOV82VgGe4nwVcbsC0JLhCQqO/UYEp1yr35mrAj
rNozRTRbLoGkFOMvFabeC6w=
-----END CERTIFICATE-----

-----BEGIN CERTIFICATE-----
MIID5zCCAs+gAwIBAgIBATANBgkqhkiG9w0BAQsFADB7MRswGQYDVQQDDBJzY20t
MUBmdi1hejIwMS03NjgxLTArBgNVBAsMJGVmNWM2MmI0LTRiMGItNDBiZi1iZWIy
LWVlYmU0NjFjZjUwMDEtMCsGA1UECgwkNDEzMTU1MGYtNDNjNi00OTU2LWE2OTMt
NjU4YTRlNzVjZmI2MB4XDTIzMDcxMzAyMDQ0OVoXDTI4MDgyMDAyMDQ0OVowezEb
MBkGA1UEAwwSc2NtLTFAZnYtYXoyMDEtNzY4MS0wKwYDVQQLDCRlZjVjNjJiNC00
YjBiLTQwYmYtYmViMi1lZWJlNDYxY2Y1MDAxLTArBgNVBAoMJDQxMzE1NTBmLTQz
YzYtNDk1Ni1hNjkzLTY1OGE0ZTc1Y2ZiNjCCASIwDQYJKoZIhvcNAQEBBQADggEP
ADCCAQoCggEBAMfqebYXb8yi2jqR2pW6PKmu37U5qXkATYg3CnaXmKz+7/uS5/Ok
6xgQ1HSZJ26So9PRdKdUeW6OdChrZ4adwt8X5hvACMGAx0Efv5xiZkt3/ruHRGA9
6+IVj5BJ5HLDNr9r5o+sBFqjeSHOU8l2Tp1BzwC6WGLd3Dmm5vpV6qclT5bHBm0o
Ulq29VAcL4EZNdJRdCecl+aAQX0mrZDi2e/xuccm/4BIu+W8gH47d5l03SW354px
RHaTn2XeYP3EHofc5BgDooQwvZxb5IrIJ16h+wvT5hIbP2YXO4hGlecjcjbD3c3W
lOWysR4kZ2wiO3kHHaaKUqwqfkIa6LQalhMCAwEAAaN2MHQwDwYDVR0TAQH/BAUw
AwEB/zAOBgNVHQ8BAf8EBAMCAQYwUQYDVR0RBEowSIcECgEAc4JAZnYtYXoyMDEt
NzY4LmV0dDR0dTNqdmRzZTVvdmMybWtnanFjczVhLmJ4LmludGVybmFsLmNsb3Vk
YXBwLm5ldDANBgkqhkiG9w0BAQsFAAOCAQEAG9hKhogWF/EVbMJa8WSPsE5WfXPX
WUgxv239Ro8Di0yr4wqvbXSkTHas+xQ1uGRv4CXWH8bQJmHGNsp8GQwkRRgzyY3X
TFF+b3jxtPGKuV5itKIljb6f0bXhNknvHOOGEeVos/UVWqqDD2Hb2ynaBIshVRBL
RvrnF1GYt5yVJEUN7g7Ff9hVzHuewVsdHmlz3FsMx4ReJPDk2FBKMb0oTYDQn//A
OeOBCcOmqj40vGb3qazBf5+YEbFcEXOf/yt1SRJPDvAQHjJeUCuEk4N79VnaMvuS
VMmYS0en0kEIYSLbV+DGJVj7VoblDdzIz8cIrp8HcJiVlIgcHHUtocQY5w==
-----END CERTIFICATE-----

2023-07-13 02:04:53,877 [IPC Server handler 1 on default port 9961] INFO  client.SCMCertificateClient (DefaultCertificateClient.java:getAllRootCaCerts(928)) - scm/sub-ca has 0 Root CA certificates
2023-07-13 02:04:53,878 [IPC Server handler 1 on default port 9961] INFO  client.SCMCertificateClient (DefaultCertificateClient.java:getAllCaCerts(936)) - scm/sub-ca has 1 CA certificates
2023-07-13 02:04:53,881 [Time-limited test] INFO  utils.CertificateCodec (CertificateCodec.java:writeCertificate(299)) - Save certificate to /tmp/junit7317751773942280850/junit6562599731842420414/scm-meta/om/certs/ROOTCA-1.crt
2023-07-13 02:04:53,882 [Time-limited test] INFO  utils.CertificateCodec (CertificateCodec.java:writeCertificate(300)) - Certificate -----BEGIN CERTIFICATE-----
MIID5zCCAs+gAwIBAgIBATANBgkqhkiG9w0BAQsFADB7MRswGQYDVQQDDBJzY20t
MUBmdi1hejIwMS03NjgxLTArBgNVBAsMJGVmNWM2MmI0LTRiMGItNDBiZi1iZWIy
LWVlYmU0NjFjZjUwMDEtMCsGA1UECgwkNDEzMTU1MGYtNDNjNi00OTU2LWE2OTMt
NjU4YTRlNzVjZmI2MB4XDTIzMDcxMzAyMDQ0OVoXDTI4MDgyMDAyMDQ0OVowezEb
MBkGA1UEAwwSc2NtLTFAZnYtYXoyMDEtNzY4MS0wKwYDVQQLDCRlZjVjNjJiNC00
YjBiLTQwYmYtYmViMi1lZWJlNDYxY2Y1MDAxLTArBgNVBAoMJDQxMzE1NTBmLTQz
YzYtNDk1Ni1hNjkzLTY1OGE0ZTc1Y2ZiNjCCASIwDQYJKoZIhvcNAQEBBQADggEP
ADCCAQoCggEBAMfqebYXb8yi2jqR2pW6PKmu37U5qXkATYg3CnaXmKz+7/uS5/Ok
6xgQ1HSZJ26So9PRdKdUeW6OdChrZ4adwt8X5hvACMGAx0Efv5xiZkt3/ruHRGA9
6+IVj5BJ5HLDNr9r5o+sBFqjeSHOU8l2Tp1BzwC6WGLd3Dmm5vpV6qclT5bHBm0o
Ulq29VAcL4EZNdJRdCecl+aAQX0mrZDi2e/xuccm/4BIu+W8gH47d5l03SW354px
RHaTn2XeYP3EHofc5BgDooQwvZxb5IrIJ16h+wvT5hIbP2YXO4hGlecjcjbD3c3W
lOWysR4kZ2wiO3kHHaaKUqwqfkIa6LQalhMCAwEAAaN2MHQwDwYDVR0TAQH/BAUw
AwEB/zAOBgNVHQ8BAf8EBAMCAQYwUQYDVR0RBEowSIcECgEAc4JAZnYtYXoyMDEt
NzY4LmV0dDR0dTNqdmRzZTVvdmMybWtnanFjczVhLmJ4LmludGVybmFsLmNsb3Vk
YXBwLm5ldDANBgkqhkiG9w0BAQsFAAOCAQEAG9hKhogWF/EVbMJa8WSPsE5WfXPX
WUgxv239Ro8Di0yr4wqvbXSkTHas+xQ1uGRv4CXWH8bQJmHGNsp8GQwkRRgzyY3X
TFF+b3jxtPGKuV5itKIljb6f0bXhNknvHOOGEeVos/UVWqqDD2Hb2ynaBIshVRBL
RvrnF1GYt5yVJEUN7g7Ff9hVzHuewVsdHmlz3FsMx4ReJPDk2FBKMb0oTYDQn//A
OeOBCcOmqj40vGb3qazBf5+YEbFcEXOf/yt1SRJPDvAQHjJeUCuEk4N79VnaMvuS
VMmYS0en0kEIYSLbV+DGJVj7VoblDdzIz8cIrp8HcJiVlIgcHHUtocQY5w==
-----END CERTIFICATE-----

2023-07-13 02:04:53,882 [Time-limited test] INFO  security.OMCertificateClient (DefaultCertificateClient.java:updateCertSerialId(1248)) - Certificate serial ID set to 1231891682475
2023-07-13 02:04:53,885 [Time-limited test] INFO  security.OMCertificateClient (DefaultCertificateClient.java:readCertificateFile(224)) - Added certificate   [0]         Version: 3
         SerialNumber: 1227501962904
             IssuerDN: CN=scm-1@fv-az201-768,OU=ef5c62b4-4b0b-40bf-beb2-eebe461cf500,O=4131550f-43c6-4956-a693-658a4e75cfb6
           Start Date: Thu Jul 13 02:04:49 UTC 2023
           Final Date: Sun Aug 20 02:04:49 UTC 2028
            SubjectDN: CN=scm-sub-1227495975150@fv-az201-768,OU=ef5c62b4-4b0b-40bf-beb2-eebe461cf500,O=4131550f-43c6-4956-a693-658a4e75cfb6
           Public Key: RSA Public Key [a3:ce:f9:f7:75:b1:26:06:bf:bf:26:82:2d:ac:ba:34:6d:d0:77:44],[56:66:d1:a4]
        modulus: c2ad8590f8e174f96e32db1d93b6ea1b563bb156c78115c7690813e58fba9d7f254a4f8744795944d4b78cc27de7dbec6372d35273dd9b0a26b17e1ca4727668ee7652ecabeab5c04ae45e6f463049891c2f8d476c1a8129081baabcda97db8e6e7cfd5cd5b577e76a0fb185783df9baf8b1e9d31a3e773d32a046f2cbad0a7ff740990b2f117e62045d2fe03f4c846dbc7e1ea5e6fc6f850c9461a30aaff8f72a1f15070a0444240ca1ad2923df9f2fa46f111181ea67bac562ae2bbbcb7c1d97f647d63882e8fdae4ed1e662b74034bc03c8180a5210ef9bea57f518c0b66eb17603d3c00bf526ebf20c7658a977110868892e4992938f5a885b94057337d5
public exponent: 10001

  Signature Algorithm: SHA256WITHRSA
            Signature: 31ebe3b0ee54d082c897dc3fd003dfe35ed1c5b3
                       753c39513077204f686376c6a56782390463cbb2
                       2dd43e6f6ea95fc494dceba0be5d882c531e594a
                       4cc5ce8cd12436b7d69f0687887aa7123bb72218
                       dac13160684d638660aca0b1c154032cd310cf9e
                       8f10702b57b7b521413de440f94adf6a67aeb92f
                       4d116153f216a46631367905ab1f389f13db0707
                       e13b2132210198655ebeda6ceacf85b555d900e5
                       599052caf760aeb2ef3b90383301552d2e1bac40
                       e26ca807cbd0f5863293f893003083574e5b4e7b
                       5b4c10a1bde525c835b93395f3656019ee27c157
                       1bb02d092e1090a8efd4604a75cabdf99ab023ac
                       da3345345b2e81a414e32f15a6de0bac
       Extensions: 
                       critical(false) 2.5.29.17 value = Sequence
    Tagged [7] IMPLICIT 
        DER Octet String[4] 
    Tagged [2] IMPLICIT 
        DER Octet String[64] 

                       critical(true) BasicConstraints: isCa(true)
                       critical(true) KeyUsage: 0xbe
 from file: /tmp/junit7317751773942280850/junit6562599731842420414/scm-meta/om/certs/CA-1227501962904.crt.
2023-07-13 02:04:53,887 [Time-limited test] INFO  security.OMCertificateClient (DefaultCertificateClient.java:readCertificateFile(224)) - Added certificate   [0]         Version: 3
         SerialNumber: 1231891682475
             IssuerDN: CN=scm-sub-1227495975150@fv-az201-768,OU=ef5c62b4-4b0b-40bf-beb2-eebe461cf500,O=4131550f-43c6-4956-a693-658a4e75cfb6
           Start Date: Thu Jul 13 02:04:53 UTC 2023
           Final Date: Fri Jul 12 02:04:53 UTC 2024
            SubjectDN: CN=scm@fv-az201-768.ett4tu3jvdse5ovc2mkgjqcs5a.bx.internal.cloudapp.net,OU=ef5c62b4-4b0b-40bf-beb2-eebe461cf500,O=4131550f-43c6-4956-a693-658a4e75cfb6
           Public Key: RSA Public Key [15:c4:61:72:70:37:33:95:8c:50:3e:e9:5f:1b:58:1b:54:31:0c:57],[56:66:d1:a4]
        modulus: cfb7a2a6c06ee1187c7610e47fa977ea8c68750c10d69d241814ec09c3ab6bfe45ad2ef935fd8bfed9d6dfd50a3121dbd12f228b7b63dd4e897c4aef1610c43714f47132331066c094fab35d885f78cf8582a758119914e465ff52fd758d4e30c852a5e7fde9499b6b0cb1200d98bb3928dd1d3fa197af043892c0406f8b9b6c908b2efb713156de33dfcf21cf3211198d3d83b2078064b1905a0e3f8cee37133834e60d287ad5b31fbc5042be96885b6120597f8c6bd13ae04eaa96c497f9a3a8c0e029a0956023479538ad3f67b298834a3452c3e8bf5da0d29137ccfcabd3b35e95e1e4dbceab7bb7d754fb1f09cf8c8cd2e5cd05c92a08237b2c7350b469
public exponent: 10001

  Signature Algorithm: SHA256WITHRSA
            Signature: 752a643e004c6094cebb8b675f8fbd41711b24b7
                       e44e6cc35e3493532915f760db3724ac2d6f3be5
                       5495e26cc2f925e411a28ecd4a8ff48c4496792e
                       c3470712e5cc357d7275c5dc83de4fe583daf950
                       713154b91850756daa34b677f7750e2420023c18
                       4221eaf618ec8b0e8464e48553c95d16b7f28aa7
                       c9f3a79a1763639c6b062ab1f8f2c377b8ad6f28
                       f42d448f87ea3089b1451c72e4f8df20cb5ab959
                       e199ed114d2d5c763b62d841c9da417f2d29b1ac
                       55697bb88db53d444ea3c48b41a3d44ef75dc6d0
                       fb7a040e5abb214240c05608e87505a2758828e1
                       34d096078cc900b55831627c93864aeb53e76881
                       1a08ffd2463f5f5f9bc1d1354b0893a4
       Extensions: 
                       critical(false) 2.5.29.17 value = Sequence
    Tagged [7] IMPLICIT 
        DER Octet String[4] 
    Tagged [2] IMPLICIT 
        DER Octet String[64] 

                       critical(true) KeyUsage: 0xb8
 from file: /tmp/junit7317751773942280850/junit6562599731842420414/scm-meta/om/certs/1231891682475.crt.
2023-07-13 02:04:53,889 [Time-limited test] INFO  security.OMCertificateClient (DefaultCertificateClient.java:readCertificateFile(224)) - Added certificate   [0]         Version: 3
         SerialNumber: 1
             IssuerDN: CN=scm-1@fv-az201-768,OU=ef5c62b4-4b0b-40bf-beb2-eebe461cf500,O=4131550f-43c6-4956-a693-658a4e75cfb6
           Start Date: Thu Jul 13 02:04:49 UTC 2023
           Final Date: Sun Aug 20 02:04:49 UTC 2028
            SubjectDN: CN=scm-1@fv-az201-768,OU=ef5c62b4-4b0b-40bf-beb2-eebe461cf500,O=4131550f-43c6-4956-a693-658a4e75cfb6
           Public Key: RSA Public Key [77:ec:7f:3b:5f:3e:02:df:aa:52:2e:18:21:8a:7a:7e:80:02:bb:43],[56:66:d1:a4]
        modulus: c7ea79b6176fcca2da3a91da95ba3ca9aedfb539a979004d88370a769798acfeeffb92e7f3a4eb1810d47499276e92a3d3d174a754796e8e74286b67869dc2df17e61bc008c180c7411fbf9c62664b77febb8744603debe2158f9049e472c336bf6be68fac045aa37921ce53c9764e9d41cf00ba5862dddc39a6e6fa55eaa7254f96c7066d28525ab6f5501c2f811935d25174279c97e680417d26ad90e2d9eff1b9c726ff8048bbe5bc807e3b779974dd25b7e78a714476939f65de60fdc41e87dce41803a28430bd9c5be48ac8275ea1fb0bd3e6121b3f66173b884695e7237236c3ddcdd694e5b2b11e24676c223b79071da68a52ac2a7e421ae8b41a9613
public exponent: 10001

  Signature Algorithm: SHA256WITHRSA
            Signature: 1bd84a86881617f1156cc25af1648fb04e567d73
                       d7594831bf6dfd468f038b4cabe30aaf6d74a44c
                       76acfb1435b8646fe025d61fc6d02661c636ca7c
                       190c24451833c98dd74c517e6f78f1b4f18ab95e
                       62b4a2258dbe9fd1b5e13649ef1ce38611e568b3
                       f5155aaa830f61dbdb29da048b2155104b46fae7
                       175198b79c9524450dee0ec57fd855cc7b9ec15b
                       1d1e6973dc5b0cc7845e24f0e4d8504a31bd284d
                       80d09fffc039e38109c3a6aa3e34bc66f7a9acc1
                       7f9f9811b15c11739fff2b7549124f0ef0101e32
                       5e502b8493837bf559da32fb9254c9984b47a7d2
                       41086122db57e0c62558fb5686e50ddcc8cfc708
                       ae9f0770989594881c1c752da1c418e7
       Extensions: 
                       critical(true) BasicConstraints: isCa(true)
                       critical(true) KeyUsage: 0x6
                       critical(false) 2.5.29.17 value = Sequence
    Tagged [7] IMPLICIT 
        DER Octet String[4] 
    Tagged [2] IMPLICIT 
        DER Octet String[64] 

 from file: /tmp/junit7317751773942280850/junit6562599731842420414/scm-meta/om/certs/ROOTCA-1.crt.
2023-07-13 02:04:53,910 [Time-limited test] INFO  security.OMCertificateClient (DefaultCertificateClient.java:startCertificateRenewerService(1349)) - CertificateRenewerService for om is started with first delay 31535989095 ms and interval 3333 ms.
2023-07-13 02:04:53,910 [Time-limited test] INFO  security.OMCertificateClient (DefaultCertificateClient.java:updateCertSerialId(1248)) - Certificate serial ID set to 1231891682475
2023-07-13 02:04:53,912 [Time-limited test] INFO  security.OMCertificateClient (DefaultCertificateClient.java:readCertificateFile(224)) - Added certificate   [0]         Version: 3
         SerialNumber: 1227501962904
             IssuerDN: CN=scm-1@fv-az201-768,OU=ef5c62b4-4b0b-40bf-beb2-eebe461cf500,O=4131550f-43c6-4956-a693-658a4e75cfb6
           Start Date: Thu Jul 13 02:04:49 UTC 2023
           Final Date: Sun Aug 20 02:04:49 UTC 2028
            SubjectDN: CN=scm-sub-1227495975150@fv-az201-768,OU=ef5c62b4-4b0b-40bf-beb2-eebe461cf500,O=4131550f-43c6-4956-a693-658a4e75cfb6
           Public Key: RSA Public Key [a3:ce:f9:f7:75:b1:26:06:bf:bf:26:82:2d:ac:ba:34:6d:d0:77:44],[56:66:d1:a4]
        modulus: c2ad8590f8e174f96e32db1d93b6ea1b563bb156c78115c7690813e58fba9d7f254a4f8744795944d4b78cc27de7dbec6372d35273dd9b0a26b17e1ca4727668ee7652ecabeab5c04ae45e6f463049891c2f8d476c1a8129081baabcda97db8e6e7cfd5cd5b577e76a0fb185783df9baf8b1e9d31a3e773d32a046f2cbad0a7ff740990b2f117e62045d2fe03f4c846dbc7e1ea5e6fc6f850c9461a30aaff8f72a1f15070a0444240ca1ad2923df9f2fa46f111181ea67bac562ae2bbbcb7c1d97f647d63882e8fdae4ed1e662b74034bc03c8180a5210ef9bea57f518c0b66eb17603d3c00bf526ebf20c7658a977110868892e4992938f5a885b94057337d5
public exponent: 10001

  Signature Algorithm: SHA256WITHRSA
            Signature: 31ebe3b0ee54d082c897dc3fd003dfe35ed1c5b3
                       753c39513077204f686376c6a56782390463cbb2
                       2dd43e6f6ea95fc494dceba0be5d882c531e594a
                       4cc5ce8cd12436b7d69f0687887aa7123bb72218
                       dac13160684d638660aca0b1c154032cd310cf9e
                       8f10702b57b7b521413de440f94adf6a67aeb92f
                       4d116153f216a46631367905ab1f389f13db0707
                       e13b2132210198655ebeda6ceacf85b555d900e5
                       599052caf760aeb2ef3b90383301552d2e1bac40
                       e26ca807cbd0f5863293f893003083574e5b4e7b
                       5b4c10a1bde525c835b93395f3656019ee27c157
                       1bb02d092e1090a8efd4604a75cabdf99ab023ac
                       da3345345b2e81a414e32f15a6de0bac
       Extensions: 
                       critical(false) 2.5.29.17 value = Sequence
    Tagged [7] IMPLICIT 
        DER Octet String[4] 
    Tagged [2] IMPLICIT 
        DER Octet String[64] 

                       critical(true) BasicConstraints: isCa(true)
                       critical(true) KeyUsage: 0xbe
 from file: /tmp/junit7317751773942280850/junit6562599731842420414/scm-meta/om/certs/CA-1227501962904.crt.
2023-07-13 02:04:53,915 [Time-limited test] INFO  security.OMCertificateClient (DefaultCertificateClient.java:readCertificateFile(224)) - Added certificate   [0]         Version: 3
         SerialNumber: 1231891682475
             IssuerDN: CN=scm-sub-1227495975150@fv-az201-768,OU=ef5c62b4-4b0b-40bf-beb2-eebe461cf500,O=4131550f-43c6-4956-a693-658a4e75cfb6
           Start Date: Thu Jul 13 02:04:53 UTC 2023
           Final Date: Fri Jul 12 02:04:53 UTC 2024
            SubjectDN: CN=scm@fv-az201-768.ett4tu3jvdse5ovc2mkgjqcs5a.bx.internal.cloudapp.net,OU=ef5c62b4-4b0b-40bf-beb2-eebe461cf500,O=4131550f-43c6-4956-a693-658a4e75cfb6
           Public Key: RSA Public Key [15:c4:61:72:70:37:33:95:8c:50:3e:e9:5f:1b:58:1b:54:31:0c:57],[56:66:d1:a4]
        modulus: cfb7a2a6c06ee1187c7610e47fa977ea8c68750c10d69d241814ec09c3ab6bfe45ad2ef935fd8bfed9d6dfd50a3121dbd12f228b7b63dd4e897c4aef1610c43714f47132331066c094fab35d885f78cf8582a758119914e465ff52fd758d4e30c852a5e7fde9499b6b0cb1200d98bb3928dd1d3fa197af043892c0406f8b9b6c908b2efb713156de33dfcf21cf3211198d3d83b2078064b1905a0e3f8cee37133834e60d287ad5b31fbc5042be96885b6120597f8c6bd13ae04eaa96c497f9a3a8c0e029a0956023479538ad3f67b298834a3452c3e8bf5da0d29137ccfcabd3b35e95e1e4dbceab7bb7d754fb1f09cf8c8cd2e5cd05c92a08237b2c7350b469
public exponent: 10001

  Signature Algorithm: SHA256WITHRSA
            Signature: 752a643e004c6094cebb8b675f8fbd41711b24b7
                       e44e6cc35e3493532915f760db3724ac2d6f3be5
                       5495e26cc2f925e411a28ecd4a8ff48c4496792e
                       c3470712e5cc357d7275c5dc83de4fe583daf950
                       713154b91850756daa34b677f7750e2420023c18
                       4221eaf618ec8b0e8464e48553c95d16b7f28aa7
                       c9f3a79a1763639c6b062ab1f8f2c377b8ad6f28
                       f42d448f87ea3089b1451c72e4f8df20cb5ab959
                       e199ed114d2d5c763b62d841c9da417f2d29b1ac
                       55697bb88db53d444ea3c48b41a3d44ef75dc6d0
                       fb7a040e5abb214240c05608e87505a2758828e1
                       34d096078cc900b55831627c93864aeb53e76881
                       1a08ffd2463f5f5f9bc1d1354b0893a4
       Extensions: 
                       critical(false) 2.5.29.17 value = Sequence
    Tagged [7] IMPLICIT 
        DER Octet String[4] 
    Tagged [2] IMPLICIT 
        DER Octet String[64] 

                       critical(true) KeyUsage: 0xb8
 from file: /tmp/junit7317751773942280850/junit6562599731842420414/scm-meta/om/certs/1231891682475.crt.
2023-07-13 02:04:53,917 [Time-limited test] INFO  security.OMCertificateClient (DefaultCertificateClient.java:readCertificateFile(224)) - Added certificate   [0]         Version: 3
         SerialNumber: 1
             IssuerDN: CN=scm-1@fv-az201-768,OU=ef5c62b4-4b0b-40bf-beb2-eebe461cf500,O=4131550f-43c6-4956-a693-658a4e75cfb6
           Start Date: Thu Jul 13 02:04:49 UTC 2023
           Final Date: Sun Aug 20 02:04:49 UTC 2028
            SubjectDN: CN=scm-1@fv-az201-768,OU=ef5c62b4-4b0b-40bf-beb2-eebe461cf500,O=4131550f-43c6-4956-a693-658a4e75cfb6
           Public Key: RSA Public Key [77:ec:7f:3b:5f:3e:02:df:aa:52:2e:18:21:8a:7a:7e:80:02:bb:43],[56:66:d1:a4]
        modulus: c7ea79b6176fcca2da3a91da95ba3ca9aedfb539a979004d88370a769798acfeeffb92e7f3a4eb1810d47499276e92a3d3d174a754796e8e74286b67869dc2df17e61bc008c180c7411fbf9c62664b77febb8744603debe2158f9049e472c336bf6be68fac045aa37921ce53c9764e9d41cf00ba5862dddc39a6e6fa55eaa7254f96c7066d28525ab6f5501c2f811935d25174279c97e680417d26ad90e2d9eff1b9c726ff8048bbe5bc807e3b779974dd25b7e78a714476939f65de60fdc41e87dce41803a28430bd9c5be48ac8275ea1fb0bd3e6121b3f66173b884695e7237236c3ddcdd694e5b2b11e24676c223b79071da68a52ac2a7e421ae8b41a9613
public exponent: 10001

  Signature Algorithm: SHA256WITHRSA
            Signature: 1bd84a86881617f1156cc25af1648fb04e567d73
                       d7594831bf6dfd468f038b4cabe30aaf6d74a44c
                       76acfb1435b8646fe025d61fc6d02661c636ca7c
                       190c24451833c98dd74c517e6f78f1b4f18ab95e
                       62b4a2258dbe9fd1b5e13649ef1ce38611e568b3
                       f5155aaa830f61dbdb29da048b2155104b46fae7
                       175198b79c9524450dee0ec57fd855cc7b9ec15b
                       1d1e6973dc5b0cc7845e24f0e4d8504a31bd284d
                       80d09fffc039e38109c3a6aa3e34bc66f7a9acc1
                       7f9f9811b15c11739fff2b7549124f0ef0101e32
                       5e502b8493837bf559da32fb9254c9984b47a7d2
                       41086122db57e0c62558fb5686e50ddcc8cfc708
                       ae9f0770989594881c1c752da1c418e7
       Extensions: 
                       critical(true) BasicConstraints: isCa(true)
                       critical(true) KeyUsage: 0x6
                       critical(false) 2.5.29.17 value = Sequence
    Tagged [7] IMPLICIT 
        DER Octet String[4] 
    Tagged [2] IMPLICIT 
        DER Octet String[64] 

 from file: /tmp/junit7317751773942280850/junit6562599731842420414/scm-meta/om/certs/ROOTCA-1.crt.
2023-07-13 02:04:53,917 [Time-limited test] INFO  om.OzoneManager (OzoneManager.java:initializeSecurity(1409)) - Successfully stored SCM signed certificate.
2023-07-13 02:04:53,920 [IPC Server handler 0 on default port 9961] INFO  client.SCMCertificateClient (DefaultCertificateClient.java:getAllRootCaCerts(928)) - scm/sub-ca has 0 Root CA certificates
2023-07-13 02:04:53,930 [IPC Server handler 0 on default port 9961] INFO  client.SCMCertificateClient (DefaultCertificateClient.java:getAllCaCerts(936)) - scm/sub-ca has 1 CA certificates
2023-07-13 02:04:53,920 [Time-limited test] INFO  om.OzoneManager (OzoneManager.java:stop(2198)) - om1[fv-az201-768.ett4tu3jvdse5ovc2mkgjqcs5a.bx.internal.cloudapp.net:1202]: Stopping Ozone Manager
2023-07-13 02:04:53,931 [Time-limited test] INFO  ipc.Server (Server.java:stop(3523)) - Stopping server on 1202
2023-07-13 02:04:53,937 [Time-limited test] INFO  ratis.OzoneManagerStateMachine (OzoneManagerStateMachine.java:close(533)) - StateMachine has shutdown. Shutdown OzoneManager if not already shutdown.
2023-07-13 02:04:53,937 [Time-limited test] INFO  ratis.OzoneManagerDoubleBuffer (OzoneManagerDoubleBuffer.java:stopDaemon(551)) - Stopping OMDoubleBuffer flush thread
2023-07-13 02:04:53,937 [OMDoubleBufferFlushThread] INFO  ratis.OzoneManagerDoubleBuffer (OzoneManagerDoubleBuffer.java:canFlush(638)) - OMDoubleBuffer flush thread OMDoubleBufferFlushThread is interrupted and will exit.
2023-07-13 02:04:53,938 [Time-limited test] INFO  om.OzoneManager (OzoneManager.java:stopSecretManager(1063)) - Stopping OM delegation token secret manager.
2023-07-13 02:04:53,942 [Time-limited test] INFO  snapshot.SnapshotDiffManager (SnapshotDiffManager.java:closeExecutorService(1720)) - Shutting down executorService: 'SnapDiffExecutor'
2023-07-13 02:04:53,942 [Time-limited test] INFO  snapshot.SnapshotDiffManager (SnapshotDiffManager.java:closeExecutorService(1720)) - Shutting down executorService: 'SstDumpToolExecutor'
2023-07-13 02:04:53,942 [Time-limited test] INFO  utils.BackgroundService (BackgroundService.java:shutdown(141)) - Shutting down service SnapshotDiffCleanupService
2023-07-13 02:04:53,950 [Time-limited test] INFO  ha.OMHANodeDetails (OMHANodeDetails.java:loadOMHAConfig(115)) - ozone.om.internal.service.id is not defined, falling back to ozone.om.service.ids to find serviceID for OzoneManager if it is HA enabled cluster
2023-07-13 02:04:53,950 [Time-limited test] INFO  ha.OMHANodeDetails (OMHANodeDetails.java:loadOMHAConfig(226)) - Configuration does not have ozone.om.address set. Falling back to the default OM address fv-az201-768.ett4tu3jvdse5ovc2mkgjqcs5a.bx.internal.cloudapp.net/10.1.0.115:1202
2023-07-13 02:04:53,950 [Time-limited test] INFO  ha.OMHANodeDetails (OMHANodeDetails.java:getOMNodeDetailsForNonHA(254)) - OM Service ID is not set. Setting it to the default ID: omServiceIdDefault
2023-07-13 02:04:53,950 [Time-limited test] INFO  ha.OMHANodeDetails (OMHANodeDetails.java:getOMNodeDetailsForNonHA(261)) - OM Node ID is not set. Setting it to the default ID: om1
2023-07-13 02:04:53,950 [Time-limited test] WARN  server.ServerUtils (ServerUtils.java:getDBPath(311)) - ozone.om.db.dirs is not configured. We recommend adding this setting. Falling back to ozone.metadata.dirs instead.
2023-07-13 02:04:53,960 [Time-limited test] INFO  upgrade.AbstractLayoutVersionManager (AbstractLayoutVersionManager.java:init(83)) - Initializing Layout version manager with metadata layout = QUOTA (version = 6), software layout = QUOTA (version = 6)
2023-07-13 02:04:54,141 [Time-limited test] INFO  reflections.Reflections (Reflections.java:scan(232)) - Reflections took 179 ms to scan 2 urls, producing 186 keys and 508 values [using 2 cores]
2023-07-13 02:04:54,143 [Time-limited test] INFO  upgrade.OMLayoutVersionManager (OMLayoutVersionManager.java:lambda$0(115)) - Skipping Upgrade Action QuotaRepairUpgradeAction since it has been finalized.
2023-07-13 02:04:54,143 [Time-limited test] INFO  upgrade.OMLayoutVersionManager (OMLayoutVersionManager.java:lambda$0(115)) - Skipping Upgrade Action MockOmUpgradeAction since it has been finalized.
2023-07-13 02:04:54,146 [pool-40-thread-1] INFO  request.KdcRequest (KdcRequest.java:preauth(651)) - The preauth data is empty.
2023-07-13 02:04:54,147 [pool-40-thread-1] INFO  server.KdcHandler (KdcHandler.java:handleRecoverableException(177)) - KRB error occurred while processing request:Additional pre-authentication required
2023-07-13 02:04:54,160 [pool-40-thread-1] INFO  request.AsRequest (AsRequest.java:issueTicket(112)) - AS_REQ ISSUE: authtime 1689213894160,scm/fv-az201-768.ett4tu3jvdse5ovc2mkgjqcs5a.bx.internal.cloudapp.net@EXAMPLE.COM for krbtgt/EXAMPLE.COM@EXAMPLE.COM
2023-07-13 02:04:54,164 [Time-limited test] INFO  security.UserGroupInformation (UserGroupInformation.java:loginUserFromKeytab(1132)) - Login successful for user scm/fv-az201-768.ett4tu3jvdse5ovc2mkgjqcs5a.bx.internal.cloudapp.net@EXAMPLE.COM using keytab file scm.keytab. Keytab auto renewal enabled : false
2023-07-13 02:04:54,164 [Time-limited test] INFO  om.OzoneManager (OzoneManager.java:loginOMUser(1155)) - Ozone Manager login successful.
2023-07-13 02:04:54,165 [Time-limited test] WARN  server.ServerUtils (ServerUtils.java:getDBPath(311)) - ozone.om.db.dirs is not configured. We recommend adding this setting. Falling back to ozone.metadata.dirs instead.
2023-07-13 02:04:54,167 [Time-limited test] INFO  proxy.SCMBlockLocationFailoverProxyProvider (SCMBlockLocationFailoverProxyProvider.java:<init>(114)) - Created block location fail-over proxy with 1 nodes: [nodeId=scmNodeId,nodeAddress=/0.0.0.0:9863]
2023-07-13 02:04:54,168 [Time-limited test] INFO  om.OzoneManager (OzoneManager.java:getOmDetailsProto(4566)) - OzoneManager ports added:[name: "RPC"
value: 1202
]
2023-07-13 02:04:54,172 [Time-limited test] INFO  security.OMCertificateClient (DefaultCertificateClient.java:updateCertSerialId(1248)) - Certificate serial ID set to 1231891682475
2023-07-13 02:04:54,177 [Time-limited test] INFO  security.OMCertificateClient (DefaultCertificateClient.java:readCertificateFile(224)) - Added certificate   [0]         Version: 3
         SerialNumber: 1227501962904
             IssuerDN: CN=scm-1@fv-az201-768,OU=ef5c62b4-4b0b-40bf-beb2-eebe461cf500,O=4131550f-43c6-4956-a693-658a4e75cfb6
           Start Date: Thu Jul 13 02:04:49 UTC 2023
           Final Date: Sun Aug 20 02:04:49 UTC 2028
            SubjectDN: CN=scm-sub-1227495975150@fv-az201-768,OU=ef5c62b4-4b0b-40bf-beb2-eebe461cf500,O=4131550f-43c6-4956-a693-658a4e75cfb6
           Public Key: RSA Public Key [a3:ce:f9:f7:75:b1:26:06:bf:bf:26:82:2d:ac:ba:34:6d:d0:77:44],[56:66:d1:a4]
        modulus: c2ad8590f8e174f96e32db1d93b6ea1b563bb156c78115c7690813e58fba9d7f254a4f8744795944d4b78cc27de7dbec6372d35273dd9b0a26b17e1ca4727668ee7652ecabeab5c04ae45e6f463049891c2f8d476c1a8129081baabcda97db8e6e7cfd5cd5b577e76a0fb185783df9baf8b1e9d31a3e773d32a046f2cbad0a7ff740990b2f117e62045d2fe03f4c846dbc7e1ea5e6fc6f850c9461a30aaff8f72a1f15070a0444240ca1ad2923df9f2fa46f111181ea67bac562ae2bbbcb7c1d97f647d63882e8fdae4ed1e662b74034bc03c8180a5210ef9bea57f518c0b66eb17603d3c00bf526ebf20c7658a977110868892e4992938f5a885b94057337d5
public exponent: 10001

  Signature Algorithm: SHA256WITHRSA
            Signature: 31ebe3b0ee54d082c897dc3fd003dfe35ed1c5b3
                       753c39513077204f686376c6a56782390463cbb2
                       2dd43e6f6ea95fc494dceba0be5d882c531e594a
                       4cc5ce8cd12436b7d69f0687887aa7123bb72218
                       dac13160684d638660aca0b1c154032cd310cf9e
                       8f10702b57b7b521413de440f94adf6a67aeb92f
                       4d116153f216a46631367905ab1f389f13db0707
                       e13b2132210198655ebeda6ceacf85b555d900e5
                       599052caf760aeb2ef3b90383301552d2e1bac40
                       e26ca807cbd0f5863293f893003083574e5b4e7b
                       5b4c10a1bde525c835b93395f3656019ee27c157
                       1bb02d092e1090a8efd4604a75cabdf99ab023ac
                       da3345345b2e81a414e32f15a6de0bac
       Extensions: 
                       critical(false) 2.5.29.17 value = Sequence
    Tagged [7] IMPLICIT 
        DER Octet String[4] 
    Tagged [2] IMPLICIT 
        DER Octet String[64] 

                       critical(true) BasicConstraints: isCa(true)
                       critical(true) KeyUsage: 0xbe
 from file: /tmp/junit7317751773942280850/junit6562599731842420414/scm-meta/om/certs/CA-1227501962904.crt.
2023-07-13 02:04:54,181 [Time-limited test] INFO  security.OMCertificateClient (DefaultCertificateClient.java:readCertificateFile(224)) - Added certificate   [0]         Version: 3
         SerialNumber: 1231891682475
             IssuerDN: CN=scm-sub-1227495975150@fv-az201-768,OU=ef5c62b4-4b0b-40bf-beb2-eebe461cf500,O=4131550f-43c6-4956-a693-658a4e75cfb6
           Start Date: Thu Jul 13 02:04:53 UTC 2023
           Final Date: Fri Jul 12 02:04:53 UTC 2024
            SubjectDN: CN=scm@fv-az201-768.ett4tu3jvdse5ovc2mkgjqcs5a.bx.internal.cloudapp.net,OU=ef5c62b4-4b0b-40bf-beb2-eebe461cf500,O=4131550f-43c6-4956-a693-658a4e75cfb6
           Public Key: RSA Public Key [15:c4:61:72:70:37:33:95:8c:50:3e:e9:5f:1b:58:1b:54:31:0c:57],[56:66:d1:a4]
        modulus: cfb7a2a6c06ee1187c7610e47fa977ea8c68750c10d69d241814ec09c3ab6bfe45ad2ef935fd8bfed9d6dfd50a3121dbd12f228b7b63dd4e897c4aef1610c43714f47132331066c094fab35d885f78cf8582a758119914e465ff52fd758d4e30c852a5e7fde9499b6b0cb1200d98bb3928dd1d3fa197af043892c0406f8b9b6c908b2efb713156de33dfcf21cf3211198d3d83b2078064b1905a0e3f8cee37133834e60d287ad5b31fbc5042be96885b6120597f8c6bd13ae04eaa96c497f9a3a8c0e029a0956023479538ad3f67b298834a3452c3e8bf5da0d29137ccfcabd3b35e95e1e4dbceab7bb7d754fb1f09cf8c8cd2e5cd05c92a08237b2c7350b469
public exponent: 10001

  Signature Algorithm: SHA256WITHRSA
            Signature: 752a643e004c6094cebb8b675f8fbd41711b24b7
                       e44e6cc35e3493532915f760db3724ac2d6f3be5
                       5495e26cc2f925e411a28ecd4a8ff48c4496792e
                       c3470712e5cc357d7275c5dc83de4fe583daf950
                       713154b91850756daa34b677f7750e2420023c18
                       4221eaf618ec8b0e8464e48553c95d16b7f28aa7
                       c9f3a79a1763639c6b062ab1f8f2c377b8ad6f28
                       f42d448f87ea3089b1451c72e4f8df20cb5ab959
                       e199ed114d2d5c763b62d841c9da417f2d29b1ac
                       55697bb88db53d444ea3c48b41a3d44ef75dc6d0
                       fb7a040e5abb214240c05608e87505a2758828e1
                       34d096078cc900b55831627c93864aeb53e76881
                       1a08ffd2463f5f5f9bc1d1354b0893a4
       Extensions: 
                       critical(false) 2.5.29.17 value = Sequence
    Tagged [7] IMPLICIT 
        DER Octet String[4] 
    Tagged [2] IMPLICIT 
        DER Octet String[64] 

                       critical(true) KeyUsage: 0xb8
 from file: /tmp/junit7317751773942280850/junit6562599731842420414/scm-meta/om/certs/1231891682475.crt.
2023-07-13 02:04:54,185 [Time-limited test] INFO  security.OMCertificateClient (DefaultCertificateClient.java:readCertificateFile(224)) - Added certificate   [0]         Version: 3
         SerialNumber: 1
             IssuerDN: CN=scm-1@fv-az201-768,OU=ef5c62b4-4b0b-40bf-beb2-eebe461cf500,O=4131550f-43c6-4956-a693-658a4e75cfb6
           Start Date: Thu Jul 13 02:04:49 UTC 2023
           Final Date: Sun Aug 20 02:04:49 UTC 2028
            SubjectDN: CN=scm-1@fv-az201-768,OU=ef5c62b4-4b0b-40bf-beb2-eebe461cf500,O=4131550f-43c6-4956-a693-658a4e75cfb6
           Public Key: RSA Public Key [77:ec:7f:3b:5f:3e:02:df:aa:52:2e:18:21:8a:7a:7e:80:02:bb:43],[56:66:d1:a4]
        modulus: c7ea79b6176fcca2da3a91da95ba3ca9aedfb539a979004d88370a769798acfeeffb92e7f3a4eb1810d47499276e92a3d3d174a754796e8e74286b67869dc2df17e61bc008c180c7411fbf9c62664b77febb8744603debe2158f9049e472c336bf6be68fac045aa37921ce53c9764e9d41cf00ba5862dddc39a6e6fa55eaa7254f96c7066d28525ab6f5501c2f811935d25174279c97e680417d26ad90e2d9eff1b9c726ff8048bbe5bc807e3b779974dd25b7e78a714476939f65de60fdc41e87dce41803a28430bd9c5be48ac8275ea1fb0bd3e6121b3f66173b884695e7237236c3ddcdd694e5b2b11e24676c223b79071da68a52ac2a7e421ae8b41a9613
public exponent: 10001

  Signature Algorithm: SHA256WITHRSA
            Signature: 1bd84a86881617f1156cc25af1648fb04e567d73
                       d7594831bf6dfd468f038b4cabe30aaf6d74a44c
                       76acfb1435b8646fe025d61fc6d02661c636ca7c
                       190c24451833c98dd74c517e6f78f1b4f18ab95e
                       62b4a2258dbe9fd1b5e13649ef1ce38611e568b3
                       f5155aaa830f61dbdb29da048b2155104b46fae7
                       175198b79c9524450dee0ec57fd855cc7b9ec15b
                       1d1e6973dc5b0cc7845e24f0e4d8504a31bd284d
                       80d09fffc039e38109c3a6aa3e34bc66f7a9acc1
                       7f9f9811b15c11739fff2b7549124f0ef0101e32
                       5e502b8493837bf559da32fb9254c9984b47a7d2
                       41086122db57e0c62558fb5686e50ddcc8cfc708
                       ae9f0770989594881c1c752da1c418e7
       Extensions: 
                       critical(true) BasicConstraints: isCa(true)
                       critical(true) KeyUsage: 0x6
                       critical(false) 2.5.29.17 value = Sequence
    Tagged [7] IMPLICIT 
        DER Octet String[4] 
    Tagged [2] IMPLICIT 
        DER Octet String[64] 

 from file: /tmp/junit7317751773942280850/junit6562599731842420414/scm-meta/om/certs/ROOTCA-1.crt.
2023-07-13 02:04:54,192 [Time-limited test] INFO  security.OMCertificateClient (DefaultCertificateClient.java:startCertificateRenewerService(1349)) - CertificateRenewerService for om is started with first delay 31535988809 ms and interval 3333 ms.
2023-07-13 02:04:54,236 [Time-limited test] INFO  om.OzoneManager (OzoneManager.java:<init>(658)) - OM start with adminUsers: [scm/fv-az201-768.ett4tu3jvdse5ovc2mkgjqcs5a.bx.internal.cloudapp.net@EXAMPLE.COM, scm]
2023-07-13 02:04:54,237 [Time-limited test] WARN  server.ServerUtils (ServerUtils.java:getDBPath(311)) - ozone.om.db.dirs is not configured. We recommend adding this setting. Falling back to ozone.metadata.dirs instead.
2023-07-13 02:04:54,240 [Time-limited test] INFO  helpers.OmKeyInfo (OmKeyInfo.java:getCodec(71)) - OmKeyInfo.getCodec ignorePipeline = true
2023-07-13 02:04:54,263 [pool-40-thread-1] INFO  request.TgsRequest (TgsRequest.java:issueTicket(115)) - TGS_REQ ISSUE: authtime 1689213894262,scm/fv-az201-768.ett4tu3jvdse5ovc2mkgjqcs5a.bx.internal.cloudapp.net for scm/fv-az201-768.ett4tu3jvdse5ovc2mkgjqcs5a.bx.internal.cloudapp.net@EXAMPLE.COM
2023-07-13 02:04:54,274 [Socket Reader #1 for port 9961] INFO  ipc.Server (Server.java:saslProcess(2139)) - Auth successful for scm/fv-az201-768.ett4tu3jvdse5ovc2mkgjqcs5a.bx.internal.cloudapp.net@EXAMPLE.COM (auth:KERBEROS) from fv-az201-768.ett4tu3jvdse5ovc2mkgjqcs5a.bx.internal.cloudapp.net:42085 / 10.1.0.115:42085
2023-07-13 02:04:54,294 [IPC Server handler 1 on default port 9961] INFO  client.SCMCertificateClient (DefaultCertificateClient.java:getAllRootCaCerts(928)) - scm/sub-ca has 0 Root CA certificates
2023-07-13 02:04:54,294 [IPC Server handler 1 on default port 9961] INFO  client.SCMCertificateClient (DefaultCertificateClient.java:getAllCaCerts(936)) - scm/sub-ca has 1 CA certificates
2023-07-13 02:04:54,377 [Time-limited test] INFO  om.OzoneManager (OzoneManager.java:instantiateServices(787)) - S3 Multi-Tenancy is disabled
2023-07-13 02:04:54,378 [Time-limited test] INFO  security.OzoneSecretStore (OzoneSecretStore.java:loadState(69)) - Loaded 0 tokens
2023-07-13 02:04:54,378 [Time-limited test] INFO  security.OzoneDelegationTokenSecretManager (OzoneDelegationTokenSecretManager.java:loadTokenSecretState(530)) - Loading token state into token manager.
2023-07-13 02:04:54,378 [Time-limited test] INFO  om.OmSnapshotManager (OmSnapshotManager.java:<init>(175)) - Ozone filesystem snapshot feature is enabled.
2023-07-13 02:04:54,378 [Time-limited test] WARN  server.ServerUtils (ServerUtils.java:getDBPath(311)) - ozone.om.snapshot.diff.db.dir is not configured. We recommend adding this setting. Falling back to ozone.metadata.dirs instead.
2023-07-13 02:04:54,411 [Time-limited test] INFO  snapshot.SnapshotDiffManager (SnapshotDiffManager.java:closeExecutorService(1720)) - Shutting down executorService: 'SstDumpToolExecutor'
2023-07-13 02:04:54,414 [Time-limited test] WARN  server.ServerUtils (ServerUtils.java:getDefaultRatisDirectory(323)) - Storage directory for Ratis is not configured. It is a good idea to map this to an SSD disk. Falling back to ozone.metadata.dirs
2023-07-13 02:04:54,415 [Time-limited test] WARN  utils.OzoneManagerRatisUtils (OzoneManagerRatisUtils.java:getOMRatisSnapshotDirectory(461)) - ozone.om.ratis.snapshot.dir is not configured. Falling back to ozone.metadata.dirs config
2023-07-13 02:04:54,415 [Time-limited test] WARN  server.ServerUtils (ServerUtils.java:getDefaultRatisDirectory(323)) - Storage directory for Ratis is not configured. It is a good idea to map this to an SSD disk. Falling back to ozone.metadata.dirs
2023-07-13 02:04:54,417 [Time-limited test] INFO  ratis.OzoneManagerRatisServer (OzoneManagerRatisServer.java:<init>(163)) - Instantiating OM Ratis server with groupID: omServiceIdDefault and peers: fv-az201-768.ett4tu3jvdse5ovc2mkgjqcs5a.bx.internal.cloudapp.net:9872
2023-07-13 02:04:54,419 [Time-limited test] INFO  ratis.OzoneManagerStateMachine (OzoneManagerStateMachine.java:loadSnapshotInfoFromDB(670)) - LastAppliedIndex is set from TransactionInfo from OM DB as (t:0, i:~)
2023-07-13 02:04:54,421 [Time-limited test] INFO  server.RaftServer (ConfUtils.java:logGet(46)) - raft.rpc.type = GRPC (default)
2023-07-13 02:04:54,425 [Time-limited test] INFO  grpc.GrpcConfigKeys (ConfUtils.java:logFallback(53)) - raft.grpc.admin.host = null (fallback to raft.grpc.server.host)
2023-07-13 02:04:54,425 [Time-limited test] INFO  grpc.GrpcConfigKeys (ConfUtils.java:logFallback(53)) - raft.grpc.admin.port = 9872 (fallback to raft.grpc.server.port)
2023-07-13 02:04:54,426 [Time-limited test] INFO  grpc.GrpcConfigKeys (ConfUtils.java:logFallback(53)) - raft.grpc.client.host = null (fallback to raft.grpc.server.host)
2023-07-13 02:04:54,427 [Time-limited test] INFO  grpc.GrpcConfigKeys (ConfUtils.java:logFallback(53)) - raft.grpc.client.port = 9872 (fallback to raft.grpc.server.port)
2023-07-13 02:04:54,427 [Time-limited test] INFO  grpc.GrpcConfigKeys (ConfUtils.java:logGet(46)) - raft.grpc.server.host = null (default)
2023-07-13 02:04:54,427 [Time-limited test] INFO  grpc.GrpcConfigKeys (ConfUtils.java:logGet(46)) - raft.grpc.server.port = 9872 (custom)
2023-07-13 02:04:54,427 [Time-limited test] INFO  server.GrpcService (ConfUtils.java:logGet(46)) - raft.grpc.message.size.max = 33554432 (custom)
2023-07-13 02:04:54,427 [Time-limited test] INFO  server.RaftServerConfigKeys (ConfUtils.java:logGet(46)) - raft.server.log.appender.buffer.byte-limit = 33554432 (custom)
2023-07-13 02:04:54,427 [Time-limited test] INFO  server.GrpcService (ConfUtils.java:logGet(46)) - raft.grpc.flow.control.window = 1MB (=1048576) (default)
2023-07-13 02:04:54,427 [Time-limited test] INFO  server.RaftServerConfigKeys (ConfUtils.java:logGet(46)) - raft.server.rpc.request.timeout = 3000ms (default)
2023-07-13 02:04:54,428 [Time-limited test] INFO  grpc.GrpcConfigKeys (ConfUtils.java:logGet(46)) - raft.grpc.server.heartbeat.channel = true (default)
2023-07-13 02:04:54,430 [Time-limited test] INFO  grpc.GrpcConfigKeys (ConfUtils.java:logGet(46)) - raft.grpc.server.async.request.thread.pool.cached = true (default)
2023-07-13 02:04:54,430 [Time-limited test] INFO  grpc.GrpcConfigKeys (ConfUtils.java:logGet(46)) - raft.grpc.server.async.request.thread.pool.size = 32 (default)
2023-07-13 02:04:54,433 [Time-limited test] INFO  impl.DataStreamServerImpl (ConfUtils.java:logGet(46)) - raft.datastream.type = DISABLED (default)
2023-07-13 02:04:54,433 [Time-limited test] INFO  server.RaftServerConfigKeys (ConfUtils.java:logGet(46)) - raft.server.threadpool.proxy.cached = true (default)
2023-07-13 02:04:54,433 [Time-limited test] INFO  server.RaftServerConfigKeys (ConfUtils.java:logGet(46)) - raft.server.threadpool.proxy.size = 0 (default)
2023-07-13 02:04:54,433 [Time-limited test] INFO  server.RaftServerConfigKeys (ConfUtils.java:logGet(46)) - raft.server.rpc.slowness.timeout = 120s (custom)
2023-07-13 02:04:54,434 [Time-limited test] INFO  server.RaftServerConfigKeys (ConfUtils.java:logGet(46)) - raft.server.leaderelection.leader.step-down.wait-time = 10s (default)
2023-07-13 02:04:54,434 [Time-limited test] INFO  server.RaftServerConfigKeys (ConfUtils.java:logGet(46)) - raft.server.storage.dir = [/tmp/junit7317751773942280850/junit6562599731842420414/scm-meta/ratis] (custom)
2023-07-13 02:04:54,435 [Time-limited test] INFO  server.RaftServer (RaftServerProxy.java:addNew(98)) - om1: addNew group-C5BA1605619E:[om1|rpc:fv-az201-768.ett4tu3jvdse5ovc2mkgjqcs5a.bx.internal.cloudapp.net:9872|priority:0|startupRole:FOLLOWER] returns group-C5BA1605619E:java.util.concurrent.CompletableFuture@6a996a2d[Not completed]
2023-07-13 02:04:54,435 [Time-limited test] INFO  om.OzoneManager (OzoneManager.java:initializeRatisServer(2139)) - OzoneManager Ratis server initialized at port 9872
2023-07-13 02:04:54,435 [Time-limited test] INFO  om.OzoneManager (OzoneManager.java:getRpcServer(1187)) - Creating RPC Server
2023-07-13 02:04:54,437 [om1-groupManagement] INFO  server.RaftServer$Division (RaftServerImpl.java:<init>(198)) - om1: new RaftServerImpl for group-C5BA1605619E:[om1|rpc:fv-az201-768.ett4tu3jvdse5ovc2mkgjqcs5a.bx.internal.cloudapp.net:9872|priority:0|startupRole:FOLLOWER] with OzoneManagerStateMachine:uninitialized
2023-07-13 02:04:54,451 [om1-groupManagement] INFO  server.RaftServerConfigKeys (ConfUtils.java:logGet(46)) - raft.server.rpc.timeout.min = 5s (custom)
2023-07-13 02:04:54,451 [om1-groupManagement] INFO  server.RaftServerConfigKeys (ConfUtils.java:logGet(46)) - raft.server.rpc.timeout.max = 5200ms (custom)
2023-07-13 02:04:54,451 [om1-groupManagement] INFO  server.RaftServerConfigKeys (ConfUtils.java:logGet(46)) - raft.server.rpc.sleep.time = 25ms (default)
2023-07-13 02:04:54,451 [om1-groupManagement] INFO  server.RaftServerConfigKeys (ConfUtils.java:logGet(46)) - raft.server.rpc.slowness.timeout = 120s (custom)
2023-07-13 02:04:54,451 [om1-groupManagement] INFO  server.RaftServerConfigKeys (ConfUtils.java:logGet(46)) - raft.server.leaderelection.leader.step-down.wait-time = 10s (default)
2023-07-13 02:04:54,451 [om1-groupManagement] INFO  server.RaftServerConfigKeys (ConfUtils.java:logGet(46)) - raft.server.sleep.deviation.threshold = 300ms (default)
2023-07-13 02:04:54,451 [om1-groupManagement] INFO  server.RaftServer$Division (ServerState.java:<init>(120)) - om1@group-C5BA1605619E: ConfigurationManager, init=-1: peers:[om1|rpc:fv-az201-768.ett4tu3jvdse5ovc2mkgjqcs5a.bx.internal.cloudapp.net:9872|priority:0|startupRole:FOLLOWER]|listeners:[], old=null, confs=<EMPTY_MAP>
2023-07-13 02:04:54,451 [om1-groupManagement] INFO  server.RaftServerConfigKeys (ConfUtils.java:logGet(46)) - raft.server.storage.dir = [/tmp/junit7317751773942280850/junit6562599731842420414/scm-meta/ratis] (custom)
2023-07-13 02:04:54,452 [om1-groupManagement] INFO  server.RaftServerConfigKeys (ConfUtils.java:logGet(46)) - raft.server.log.corruption.policy = EXCEPTION (default)
2023-07-13 02:04:54,452 [om1-groupManagement] INFO  server.RaftServerConfigKeys (ConfUtils.java:logGet(46)) - raft.server.storage.free-space.min = 0MB (=0) (default)
2023-07-13 02:04:54,452 [om1-groupManagement] INFO  server.RaftServerConfigKeys (ConfUtils.java:logGet(46)) - raft.server.notification.no-leader.timeout = 120s (custom)
2023-07-13 02:04:54,452 [om1-groupManagement] INFO  server.RaftServerConfigKeys (ConfUtils.java:logGet(46)) - raft.server.read.timeout = 10s (default)
2023-07-13 02:04:54,452 [om1-groupManagement] INFO  server.RaftServerConfigKeys (ConfUtils.java:logGet(46)) - raft.server.retrycache.expirytime = 300s (custom)
2023-07-13 02:04:54,452 [om1-groupManagement] INFO  server.RaftServerConfigKeys (ConfUtils.java:logGet(46)) - raft.server.retrycache.statistics.expirytime = 100μs (default)
2023-07-13 02:04:54,452 [om1-groupManagement] INFO  server.RaftServerConfigKeys (ConfUtils.java:logGet(46)) - raft.server.read.option = DEFAULT (default)
2023-07-13 02:04:54,453 [om1-groupManagement] INFO  server.RaftServerConfigKeys (ConfUtils.java:logGet(46)) - raft.server.rpc.request.timeout = 3000ms (default)
2023-07-13 02:04:54,453 [om1-groupManagement] INFO  server.RaftServerConfigKeys (ConfUtils.java:logGet(46)) - raft.server.log.appender.install.snapshot.enabled = false (custom)
2023-07-13 02:04:54,454 [om1-groupManagement] INFO  server.RaftServerConfigKeys (ConfUtils.java:logGet(46)) - raft.server.threadpool.server.cached = true (default)
2023-07-13 02:04:54,454 [om1-groupManagement] INFO  server.RaftServerConfigKeys (ConfUtils.java:logGet(46)) - raft.server.threadpool.server.size = 0 (default)
2023-07-13 02:04:54,454 [om1-groupManagement] INFO  server.RaftServerConfigKeys (ConfUtils.java:logGet(46)) - raft.server.threadpool.client.cached = true (default)
2023-07-13 02:04:54,454 [om1-groupManagement] INFO  server.RaftServerConfigKeys (ConfUtils.java:logGet(46)) - raft.server.threadpool.client.size = 0 (default)
2023-07-13 02:04:55,179 [JvmPauseMonitor1] WARN  util.JvmPauseMonitor (JvmPauseMonitor.java:detectPause(124)) - JvmPauseMonitor-ef5c62b4-4b0b-40bf-beb2-eebe461cf500: Detected pause in JVM or host machine approximately 0.110s with 0.215s GC time.
GC pool 'PS MarkSweep' had collection(s): count=1 time=148ms
GC pool 'PS Scavenge' had collection(s): count=1 time=67ms
2023-07-13 02:04:55,214 [Time-limited test] INFO  reflections.Reflections (Reflections.java:scan(232)) - Reflections took 776 ms to scan 19 urls, producing 70 keys and 5533 values [using 2 cores]
2023-07-13 02:04:55,215 [Time-limited test] INFO  ipc.CallQueueManager (CallQueueManager.java:<init>(90)) - Using callQueue: class java.util.concurrent.LinkedBlockingQueue, queueCapacity: 10000, scheduler: class org.apache.hadoop.ipc.DefaultRpcScheduler, ipcBackoff: false.
2023-07-13 02:04:55,216 [Time-limited test] INFO  ipc.Server (Server.java:<init>(1287)) - Listener at fv-az201-768.ett4tu3jvdse5ovc2mkgjqcs5a.bx.internal.cloudapp.net:1202
2023-07-13 02:04:55,221 [Socket Reader #1 for port 1202] INFO  ipc.Server (Server.java:run(1323)) - Starting Socket Reader #1 for port 1202
2023-07-13 02:04:55,897 [Time-limited test] INFO  server.StorageContainerManager (StorageContainerManager.java:stop(1590)) - Container Balancer is not running.
2023-07-13 02:04:55,897 [Time-limited test] INFO  server.StorageContainerManager (StorageContainerManager.java:stopReplicationManager(1723)) - Stopping Replication Manager Service.
2023-07-13 02:04:55,897 [Time-limited test] INFO  replication.ReplicationManager (ReplicationManager.java:stop(319)) - Stopping Replication Monitor Thread.
2023-07-13 02:04:55,897 [Over Replicated Processor] WARN  replication.UnhealthyReplicationProcessor (UnhealthyReplicationProcessor.java:run(180)) - Over Replicated Processor interrupted. Exiting...
2023-07-13 02:04:55,897 [Under Replicated Processor] WARN  replication.UnhealthyReplicationProcessor (UnhealthyReplicationProcessor.java:run(180)) - Under Replicated Processor interrupted. Exiting...
2023-07-13 02:04:55,898 [Time-limited test] INFO  server.StorageContainerManager (StorageContainerManager.java:stop(1599)) - Stopping the Datanode Admin Monitor.
2023-07-13 02:04:55,898 [ReplicationMonitor] INFO  replication.ReplicationManager (ReplicationManager.java:run(917)) - Replication Monitor Thread is stopped
2023-07-13 02:04:55,898 [Time-limited test] INFO  server.StorageContainerManager (StorageContainerManager.java:stop(1606)) - Stopping datanode service RPC server
2023-07-13 02:04:55,898 [Time-limited test] INFO  server.SCMDatanodeProtocolServer (SCMDatanodeProtocolServer.java:stop(424)) - Stopping the RPC server for DataNodes
2023-07-13 02:04:55,898 [Time-limited test] INFO  ipc.Server (Server.java:stop(3523)) - Stopping server on 9861
2023-07-13 02:04:55,915 [IPC Server listener on 9861] INFO  ipc.Server (Server.java:run(1434)) - Stopping IPC Server listener on 9861
2023-07-13 02:04:55,916 [IPC Server Responder] INFO  ipc.Server (Server.java:run(1567)) - Stopping IPC Server Responder
2023-07-13 02:04:56,320 [SCM Heartbeat Processing Thread - 0] WARN  node.NodeStateManager (NodeStateManager.java:scheduleNextHealthCheck(874)) - Current Thread is interrupted, shutting down HB processing thread for Node Manager.
2023-07-13 02:04:56,321 [Time-limited test] INFO  server.StorageContainerManager (StorageContainerManager.java:stop(1614)) - Stopping block service RPC server
2023-07-13 02:04:56,321 [Time-limited test] INFO  server.SCMBlockProtocolServer (SCMBlockProtocolServer.java:stop(161)) - Stopping the RPC server for Block Protocol
2023-07-13 02:04:56,321 [Time-limited test] INFO  ipc.Server (Server.java:stop(3523)) - Stopping server on 9863
2023-07-13 02:04:56,323 [IPC Server listener on 9863] INFO  ipc.Server (Server.java:run(1434)) - Stopping IPC Server listener on 9863
2023-07-13 02:04:56,326 [IPC Server Responder] INFO  ipc.Server (Server.java:run(1567)) - Stopping IPC Server Responder
2023-07-13 02:04:56,327 [Time-limited test] INFO  server.StorageContainerManager (StorageContainerManager.java:stop(1621)) - Stopping the StorageContainerLocationProtocol RPC server
2023-07-13 02:04:56,327 [Time-limited test] INFO  server.SCMClientProtocolServer (SCMClientProtocolServer.java:stop(209)) - Stopping the RPC server for Client Protocol
2023-07-13 02:04:56,327 [Time-limited test] INFO  ipc.Server (Server.java:stop(3523)) - Stopping server on 9860
2023-07-13 02:04:56,333 [IPC Server listener on 9860] INFO  ipc.Server (Server.java:run(1434)) - Stopping IPC Server listener on 9860
2023-07-13 02:04:56,333 [Time-limited test] INFO  server.StorageContainerManager (StorageContainerManager.java:stop(1628)) - Stopping Storage Container Manager HTTP server.
2023-07-13 02:04:56,337 [Time-limited test] INFO  handler.ContextHandler (ContextHandler.java:doStop(1159)) - Stopped o.e.j.w.WebAppContext@37da3b46{scm,/,null,STOPPED}{file:/home/runner/work/ozone/ozone/hadoop-ozone/integration-test/target/test-classes/webapps/scm}
2023-07-13 02:04:56,338 [IPC Server Responder] INFO  ipc.Server (Server.java:run(1567)) - Stopping IPC Server Responder
2023-07-13 02:04:56,341 [Time-limited test] INFO  server.AbstractConnector (AbstractConnector.java:doStop(383)) - Stopped ServerConnector@5ab6708f{HTTP/1.1, (http/1.1)}{0.0.0.0:9876}
2023-07-13 02:04:56,342 [Time-limited test] INFO  server.session (HouseKeeper.java:stopScavenging(149)) - node0 Stopped scavenging
2023-07-13 02:04:56,342 [Time-limited test] INFO  handler.ContextHandler (ContextHandler.java:doStop(1159)) - Stopped o.e.j.s.ServletContextHandler@642eca22{static,/static,file:///home/runner/work/ozone/ozone/hadoop-ozone/integration-test/target/test-classes/webapps/static,STOPPED}
2023-07-13 02:04:56,343 [Time-limited test] INFO  handler.ContextHandler (ContextHandler.java:doStop(1159)) - Stopped o.e.j.s.ServletContextHandler@78c9942d{logs,/logs,file:///home/runner/work/ozone/ozone/hadoop-ozone/integration-test/target/log,STOPPED}
2023-07-13 02:04:56,344 [Time-limited test] INFO  server.StorageContainerManager (StorageContainerManager.java:stop(1636)) - Stopping SCM LayoutVersionManager Service.
2023-07-13 02:04:56,344 [Time-limited test] INFO  server.SCMSecurityProtocolServer (SCMSecurityProtocolServer.java:stop(536)) - Stopping the SCMSecurityProtocolServer.
2023-07-13 02:04:56,344 [Time-limited test] INFO  ipc.Server (Server.java:stop(3523)) - Stopping server on 9961
2023-07-13 02:04:56,345 [IPC Server listener on 9961] INFO  ipc.Server (Server.java:run(1434)) - Stopping IPC Server listener on 9961
2023-07-13 02:04:56,346 [IPC Server Responder] INFO  ipc.Server (Server.java:run(1567)) - Stopping IPC Server Responder
2023-07-13 02:04:56,346 [Time-limited test] INFO  server.SCMUpdateServiceGrpcServer (SCMUpdateServiceGrpcServer.java:stop(73)) - SCMUpdateService stopping
2023-07-13 02:04:56,350 [Time-limited test] INFO  server.SCMUpdateServiceGrpcServer (SCMUpdateServiceGrpcServer.java:stop(85)) - SCMUpdateService stopped!
2023-07-13 02:04:56,350 [Time-limited test] INFO  server.StorageContainerManager (StorageContainerManager.java:stop(1648)) - Stopping Block Manager Service.
2023-07-13 02:04:56,350 [Time-limited test] INFO  utils.BackgroundService (BackgroundService.java:shutdown(141)) - Shutting down service SCMBlockDeletingService
2023-07-13 02:04:56,350 [Time-limited test] INFO  utils.BackgroundService (BackgroundService.java:shutdown(141)) - Shutting down service SCMBlockDeletingService
2023-07-13 02:04:56,352 [Time-limited test] INFO  server.StorageContainerManager (StorageContainerManager.java:stop(1668)) - Stopping SCM Event Queue.
2023-07-13 02:04:56,354 [JvmPauseMonitor1] INFO  util.JvmPauseMonitor (JvmPauseMonitor.java:run(109)) - JvmPauseMonitor-ef5c62b4-4b0b-40bf-beb2-eebe461cf500: Stopped
2023-07-13 02:04:56,358 [Time-limited test] INFO  server.StorageContainerManager (StorageContainerManager.java:stop(1679)) - Stopping SCM HA services.
2023-07-13 02:04:56,358 [Time-limited test] INFO  pipeline.BackgroundPipelineCreator (BackgroundPipelineCreator.java:stop(149)) - Stopping RatisPipelineUtilsThread.
2023-07-13 02:04:56,358 [RatisPipelineUtilsThread - 0] WARN  pipeline.BackgroundPipelineCreator (BackgroundPipelineCreator.java:run(180)) - RatisPipelineUtilsThread is interrupted.
2023-07-13 02:04:56,358 [BackgroundPipelineScrubberThread] WARN  BackgroundPipelineScrubber (BackgroundSCMService.java:run(115)) - BackgroundPipelineScrubber is interrupted, exit
2023-07-13 02:04:56,359 [Time-limited test] INFO  BackgroundPipelineScrubber (BackgroundSCMService.java:stop(131)) - Stopping BackgroundPipelineScrubber Service.
2023-07-13 02:04:56,359 [Time-limited test] INFO  impl.MetricsSystemImpl (MetricsSystemImpl.java:stop(210)) - Stopping StorageContainerManager metrics system...
2023-07-13 02:04:56,363 [prometheus] INFO  impl.MetricsSinkAdapter (MetricsSinkAdapter.java:publishMetricsFromQueue(141)) - prometheus thread interrupted.
2023-07-13 02:04:56,364 [Time-limited test] INFO  impl.MetricsSystemImpl (MetricsSystemImpl.java:stop(216)) - StorageContainerManager metrics system stopped.
2023-07-13 02:04:56,364 [Time-limited test] WARN  pipeline.BackgroundPipelineCreator (BackgroundPipelineCreator.java:stop(145)) - RatisPipelineUtilsThread is not running, just ignore.
2023-07-13 02:04:56,364 [Time-limited test] INFO  BackgroundPipelineScrubber (BackgroundSCMService.java:stop(126)) - BackgroundPipelineScrubber Service is not running, skip stop.
2023-07-13 02:04:56,372 [ExpiredContainerReplicaOpScrubberThread] WARN  ExpiredContainerReplicaOpScrubber (BackgroundSCMService.java:run(115)) - ExpiredContainerReplicaOpScrubber is interrupted, exit
2023-07-13 02:04:56,372 [Time-limited test] INFO  ExpiredContainerReplicaOpScrubber (BackgroundSCMService.java:stop(131)) - Stopping ExpiredContainerReplicaOpScrubber Service.
2023-07-13 02:04:56,372 [Time-limited test] INFO  utils.BackgroundService (BackgroundService.java:shutdown(141)) - Shutting down service SCMBlockDeletingService
2023-07-13 02:04:56,372 [Time-limited test] INFO  replication.ReplicationManager (ReplicationManager.java:stop(329)) - Replication Monitor Thread is not running.
2023-07-13 02:04:56,373 [Time-limited test] WARN  balancer.ContainerBalancer (ContainerBalancer.java:stop(326)) - Cannot stop Container Balancer because it's not running or stopping
2023-07-13 02:04:56,373 [Time-limited test] INFO  server.StorageContainerManager (StorageContainerManager.java:stop(1714)) - Stopping SCM MetadataStore.
2023-07-13 02:04:56,375 [Time-limited test] INFO  impl.DefaultInternalKdcServerImpl (DefaultInternalKdcServerImpl.java:doStop(102)) - Default Internal kdc server stopped.
2023-07-13 02:04:57,376 [Time-limited test] INFO  minikdc.MiniKdc (MiniKdc.java:stop(359)) - MiniKdc stopped.
2023-07-13 02:04:57,376 [Time-limited test] INFO  server.StorageContainerManager (StorageContainerManager.java:stop(1579)) - Storage Container Manager is not running.
2023-07-13 02:04:57,376 [Time-limited test] INFO  server.StorageContainerManager (StorageContainerManager.java:stopReplicationManager(1723)) - Stopping Replication Manager Service.
2023-07-13 02:04:57,376 [Time-limited test] INFO  replication.ReplicationManager (ReplicationManager.java:stop(329)) - Replication Monitor Thread is not running.
2023-07-13 02:04:57,376 [Time-limited test] INFO  server.SCMSecurityProtocolServer (SCMSecurityProtocolServer.java:join(546)) - Join RPC server for SCMSecurityProtocolServer.
2023-07-13 02:04:57,376 [Time-limited test] INFO  server.SCMSecurityProtocolServer (SCMSecurityProtocolServer.java:join(548)) - Join gRPC server for SCMSecurityProtocolServer.
2023-07-13 02:04:57,376 [Time-limited test] INFO  om.OzoneManager (OzoneManager.java:stop(2198)) - om1[fv-az201-768.ett4tu3jvdse5ovc2mkgjqcs5a.bx.internal.cloudapp.net:1202]: Stopping Ozone Manager
2023-07-13 02:04:57,376 [Time-limited test] INFO  ipc.Server (Server.java:stop(3523)) - Stopping server on 1202
2023-07-13 02:05:01,404 [Time-limited test] INFO  om.GrpcOzoneManagerServer (GrpcOzoneManagerServer.java:stop(192)) - Server GrpcOzoneManagerServer is shutdown
2023-07-13 02:05:01,404 [Time-limited test] INFO  ratis.OzoneManagerStateMachine (OzoneManagerStateMachine.java:close(533)) - StateMachine has shutdown. Shutdown OzoneManager if not already shutdown.
2023-07-13 02:05:01,404 [Time-limited test] INFO  ratis.OzoneManagerDoubleBuffer (OzoneManagerDoubleBuffer.java:stopDaemon(551)) - Stopping OMDoubleBuffer flush thread
2023-07-13 02:05:01,405 [OMDoubleBufferFlushThread] INFO  ratis.OzoneManagerDoubleBuffer (OzoneManagerDoubleBuffer.java:canFlush(638)) - OMDoubleBuffer flush thread OMDoubleBufferFlushThread is interrupted and will exit.
2023-07-13 02:05:01,406 [Time-limited test] INFO  om.OzoneManager (OzoneManager.java:stopSecretManager(1058)) - Stopping secret key client.
2023-07-13 02:05:01,407 [Time-limited test] INFO  om.OzoneManager (OzoneManager.java:stopSecretManager(1063)) - Stopping OM delegation token secret manager.
2023-07-13 02:05:01,408 [Time-limited test] INFO  snapshot.SnapshotDiffManager (SnapshotDiffManager.java:closeExecutorService(1720)) - Shutting down executorService: 'SnapDiffExecutor'
2023-07-13 02:05:01,409 [Time-limited test] INFO  snapshot.SnapshotDiffManager (SnapshotDiffManager.java:closeExecutorService(1720)) - Shutting down executorService: 'SstDumpToolExecutor'
2023-07-13 02:05:01,409 [Time-limited test] INFO  utils.BackgroundService (BackgroundService.java:shutdown(141)) - Shutting down service SnapshotDiffCleanupService
]]></system-out>
  </testcase>
  <testcase name="testGetSetRevokeS3Secret" classname="org.apache.hadoop.ozone.TestSecureOzoneCluster" time="10.517">
    <system-out><![CDATA[2023-07-13 02:05:01,449 [Time-limited test] INFO  net.ServerSocketUtil (ServerSocketUtil.java:getPort(55)) - Using port 9860
2023-07-13 02:05:01,449 [Time-limited test] INFO  net.ServerSocketUtil (ServerSocketUtil.java:getPort(55)) - Using port 9861
2023-07-13 02:05:01,449 [Time-limited test] INFO  net.ServerSocketUtil (ServerSocketUtil.java:getPort(55)) - Using port 9863
2023-07-13 02:05:01,450 [Time-limited test] INFO  net.ServerSocketUtil (ServerSocketUtil.java:getPort(55)) - Using port 9961
2023-07-13 02:05:01,450 [Time-limited test] INFO  net.ServerSocketUtil (ServerSocketUtil.java:getPort(55)) - Using port 1200
2023-07-13 02:05:01,450 [Time-limited test] INFO  net.ServerSocketUtil (ServerSocketUtil.java:getPort(55)) - Using port 1201
2023-07-13 02:05:01,451 [Time-limited test] INFO  minikdc.MiniKdc (MiniKdc.java:<init>(225)) - Configuration:
2023-07-13 02:05:01,451 [Time-limited test] INFO  minikdc.MiniKdc (MiniKdc.java:<init>(226)) - ---------------------------------------------------------------
2023-07-13 02:05:01,451 [Time-limited test] INFO  minikdc.MiniKdc (MiniKdc.java:<init>(228)) -   debug: false
2023-07-13 02:05:01,451 [Time-limited test] INFO  minikdc.MiniKdc (MiniKdc.java:<init>(228)) -   transport: TCP
2023-07-13 02:05:01,451 [Time-limited test] INFO  minikdc.MiniKdc (MiniKdc.java:<init>(228)) -   max.ticket.lifetime: 86400000
2023-07-13 02:05:01,451 [Time-limited test] INFO  minikdc.MiniKdc (MiniKdc.java:<init>(228)) -   org.name: EXAMPLE
2023-07-13 02:05:01,451 [Time-limited test] INFO  minikdc.MiniKdc (MiniKdc.java:<init>(228)) -   kdc.port: 0
2023-07-13 02:05:01,451 [Time-limited test] INFO  minikdc.MiniKdc (MiniKdc.java:<init>(228)) -   org.domain: COM
2023-07-13 02:05:01,451 [Time-limited test] INFO  minikdc.MiniKdc (MiniKdc.java:<init>(228)) -   max.renewable.lifetime: 604800000
2023-07-13 02:05:01,451 [Time-limited test] INFO  minikdc.MiniKdc (MiniKdc.java:<init>(228)) -   instance: DefaultKrbServer
2023-07-13 02:05:01,452 [Time-limited test] INFO  minikdc.MiniKdc (MiniKdc.java:<init>(228)) -   kdc.bind.address: localhost
2023-07-13 02:05:01,452 [Time-limited test] INFO  minikdc.MiniKdc (MiniKdc.java:<init>(230)) - ---------------------------------------------------------------
2023-07-13 02:05:01,455 [Time-limited test] INFO  minikdc.MiniKdc (MiniKdc.java:start(285)) - MiniKdc started.
2023-07-13 02:05:01,681 [Time-limited test] INFO  om.OzoneManager (OzoneManager.java:getOmDetailsProto(4566)) - OzoneManager ports added:[name: "RPC"
value: 1202
]
2023-07-13 02:05:01,682 [Time-limited test] WARN  server.ServerUtils (ServerUtils.java:getDBPath(311)) - ozone.om.db.dirs is not configured. We recommend adding this setting. Falling back to ozone.metadata.dirs instead.
2023-07-13 02:05:01,686 [Time-limited test] INFO  ha.OMHANodeDetails (OMHANodeDetails.java:loadOMHAConfig(115)) - ozone.om.internal.service.id is not defined, falling back to ozone.om.service.ids to find serviceID for OzoneManager if it is HA enabled cluster
2023-07-13 02:05:01,687 [Time-limited test] INFO  ha.OMHANodeDetails (OMHANodeDetails.java:loadOMHAConfig(226)) - Configuration does not have ozone.om.address set. Falling back to the default OM address fv-az201-768.ett4tu3jvdse5ovc2mkgjqcs5a.bx.internal.cloudapp.net/10.1.0.115:1202
2023-07-13 02:05:01,687 [Time-limited test] INFO  ha.OMHANodeDetails (OMHANodeDetails.java:getOMNodeDetailsForNonHA(254)) - OM Service ID is not set. Setting it to the default ID: omServiceIdDefault
2023-07-13 02:05:01,687 [Time-limited test] INFO  ha.OMHANodeDetails (OMHANodeDetails.java:getOMNodeDetailsForNonHA(261)) - OM Node ID is not set. Setting it to the default ID: om1
2023-07-13 02:05:01,687 [Time-limited test] WARN  server.ServerUtils (ServerUtils.java:getDBPath(311)) - ozone.om.db.dirs is not configured. We recommend adding this setting. Falling back to ozone.metadata.dirs instead.
2023-07-13 02:05:01,689 [Time-limited test] INFO  upgrade.AbstractLayoutVersionManager (AbstractLayoutVersionManager.java:init(83)) - Initializing Layout version manager with metadata layout = QUOTA (version = 6), software layout = QUOTA (version = 6)
2023-07-13 02:05:01,789 [Time-limited test] INFO  reflections.Reflections (Reflections.java:scan(232)) - Reflections took 98 ms to scan 2 urls, producing 186 keys and 508 values [using 2 cores]
2023-07-13 02:05:01,790 [Time-limited test] INFO  upgrade.OMLayoutVersionManager (OMLayoutVersionManager.java:lambda$0(115)) - Skipping Upgrade Action QuotaRepairUpgradeAction since it has been finalized.
2023-07-13 02:05:01,791 [Time-limited test] INFO  upgrade.OMLayoutVersionManager (OMLayoutVersionManager.java:lambda$0(115)) - Skipping Upgrade Action MockOmUpgradeAction since it has been finalized.
2023-07-13 02:05:01,801 [pool-142-thread-1] INFO  request.KdcRequest (KdcRequest.java:preauth(651)) - The preauth data is empty.
2023-07-13 02:05:01,803 [pool-142-thread-1] INFO  server.KdcHandler (KdcHandler.java:handleRecoverableException(177)) - KRB error occurred while processing request:Additional pre-authentication required
2023-07-13 02:05:01,810 [pool-142-thread-2] INFO  request.AsRequest (AsRequest.java:issueTicket(112)) - AS_REQ ISSUE: authtime 1689213901809,om/fv-az201-768.ett4tu3jvdse5ovc2mkgjqcs5a.bx.internal.cloudapp.net@EXAMPLE.COM for krbtgt/EXAMPLE.COM@EXAMPLE.COM
2023-07-13 02:05:01,811 [Time-limited test] INFO  security.UserGroupInformation (UserGroupInformation.java:loginUserFromKeytab(1132)) - Login successful for user om/fv-az201-768.ett4tu3jvdse5ovc2mkgjqcs5a.bx.internal.cloudapp.net@EXAMPLE.COM using keytab file om.keytab. Keytab auto renewal enabled : false
2023-07-13 02:05:01,811 [Time-limited test] INFO  om.OzoneManager (OzoneManager.java:loginOMUser(1155)) - Ozone Manager login successful.
2023-07-13 02:05:01,811 [Time-limited test] WARN  server.ServerUtils (ServerUtils.java:getDBPath(311)) - ozone.om.db.dirs is not configured. We recommend adding this setting. Falling back to ozone.metadata.dirs instead.
2023-07-13 02:05:01,813 [Time-limited test] INFO  proxy.SCMBlockLocationFailoverProxyProvider (SCMBlockLocationFailoverProxyProvider.java:<init>(114)) - Created block location fail-over proxy with 1 nodes: [nodeId=scmNodeId,nodeAddress=localhost/127.0.0.1:9863]
2023-07-13 02:05:01,814 [Time-limited test] INFO  om.OzoneManager (OzoneManager.java:getOmDetailsProto(4566)) - OzoneManager ports added:[name: "RPC"
value: 1202
]
2023-07-13 02:05:01,816 [Time-limited test] INFO  security.OMCertificateClient (DefaultCertificateClient.java:updateCertSerialId(1248)) - Certificate serial ID set to 9879877970576
2023-07-13 02:05:01,816 [Time-limited test] WARN  security.OMCertificateClient (DefaultCertificateClient.java:loadAllCertificates(170)) - Certificates could not be loaded.
java.nio.file.NoSuchFileException: /tmp/junit4496821280052724969/junit3765399018649964516/om-meta/om/certs
	at sun.nio.fs.UnixException.translateToIOException(UnixException.java:86)
	at sun.nio.fs.UnixException.rethrowAsIOException(UnixException.java:102)
	at sun.nio.fs.UnixException.rethrowAsIOException(UnixException.java:107)
	at sun.nio.fs.UnixFileSystemProvider.newDirectoryStream(UnixFileSystemProvider.java:427)
	at java.nio.file.Files.newDirectoryStream(Files.java:457)
	at java.nio.file.Files.list(Files.java:3451)
	at org.apache.hadoop.hdds.security.x509.certificate.client.DefaultCertificateClient.loadAllCertificates(DefaultCertificateClient.java:165)
	at org.apache.hadoop.hdds.security.x509.certificate.client.DefaultCertificateClient.updateCertSerialId(DefaultCertificateClient.java:1249)
	at org.apache.hadoop.hdds.security.x509.certificate.client.DefaultCertificateClient.<init>(DefaultCertificateClient.java:154)
	at org.apache.hadoop.hdds.security.x509.certificate.client.CommonCertificateClient.<init>(CommonCertificateClient.java:50)
	at org.apache.hadoop.ozone.security.OMCertificateClient.<init>(OMCertificateClient.java:68)
	at org.apache.hadoop.ozone.om.OzoneManager.<init>(OzoneManager.java:639)
	at org.apache.hadoop.ozone.om.OzoneManager.createOm(OzoneManager.java:750)
	at org.apache.hadoop.ozone.TestSecureOzoneCluster.setupOm(TestSecureOzoneCluster.java:693)
	at org.apache.hadoop.ozone.TestSecureOzoneCluster.testGetSetRevokeS3Secret(TestSecureOzoneCluster.java:700)
	at sun.reflect.NativeMethodAccessorImpl.invoke0(Native Method)
	at sun.reflect.NativeMethodAccessorImpl.invoke(NativeMethodAccessorImpl.java:62)
	at sun.reflect.DelegatingMethodAccessorImpl.invoke(DelegatingMethodAccessorImpl.java:43)
	at java.lang.reflect.Method.invoke(Method.java:498)
	at org.junit.runners.model.FrameworkMethod$1.runReflectiveCall(FrameworkMethod.java:59)
	at org.junit.internal.runners.model.ReflectiveCallable.run(ReflectiveCallable.java:12)
	at org.junit.runners.model.FrameworkMethod.invokeExplosively(FrameworkMethod.java:56)
	at org.junit.internal.runners.statements.InvokeMethod.evaluate(InvokeMethod.java:17)
	at org.junit.internal.runners.statements.RunBefores.evaluate(RunBefores.java:26)
	at org.junit.internal.runners.statements.RunAfters.evaluate(RunAfters.java:27)
	at org.junit.rules.ExternalResource$1.evaluate(ExternalResource.java:54)
	at org.junit.internal.runners.statements.FailOnTimeout$CallableStatement.call(FailOnTimeout.java:288)
	at org.junit.internal.runners.statements.FailOnTimeout$CallableStatement.call(FailOnTimeout.java:282)
	at java.util.concurrent.FutureTask.run(FutureTask.java:266)
	at java.lang.Thread.run(Thread.java:750)
2023-07-13 02:05:01,818 [Time-limited test] INFO  om.OzoneManager (OzoneManager.java:<init>(658)) - OM start with adminUsers: [scm/fv-az201-768.ett4tu3jvdse5ovc2mkgjqcs5a.bx.internal.cloudapp.net@EXAMPLE.COM, om]
2023-07-13 02:05:01,819 [Time-limited test] WARN  server.ServerUtils (ServerUtils.java:getDBPath(311)) - ozone.om.db.dirs is not configured. We recommend adding this setting. Falling back to ozone.metadata.dirs instead.
2023-07-13 02:05:01,819 [Time-limited test] INFO  helpers.OmKeyInfo (OmKeyInfo.java:getCodec(71)) - OmKeyInfo.getCodec ignorePipeline = true
2023-07-13 02:05:02,087 [Time-limited test] INFO  om.OzoneManager (OzoneManager.java:instantiateServices(787)) - S3 Multi-Tenancy is disabled
2023-07-13 02:05:02,088 [Time-limited test] INFO  security.OzoneSecretStore (OzoneSecretStore.java:loadState(69)) - Loaded 0 tokens
2023-07-13 02:05:02,090 [Time-limited test] INFO  security.OzoneDelegationTokenSecretManager (OzoneDelegationTokenSecretManager.java:loadTokenSecretState(530)) - Loading token state into token manager.
2023-07-13 02:05:02,090 [Time-limited test] INFO  om.OmSnapshotManager (OmSnapshotManager.java:<init>(175)) - Ozone filesystem snapshot feature is enabled.
2023-07-13 02:05:02,091 [Time-limited test] WARN  server.ServerUtils (ServerUtils.java:getDBPath(311)) - ozone.om.snapshot.diff.db.dir is not configured. We recommend adding this setting. Falling back to ozone.metadata.dirs instead.
2023-07-13 02:05:02,124 [Time-limited test] INFO  snapshot.SnapshotDiffManager (SnapshotDiffManager.java:closeExecutorService(1720)) - Shutting down executorService: 'SstDumpToolExecutor'
2023-07-13 02:05:02,143 [Time-limited test] INFO  om.OzoneManager (OzoneManager.java:addS3GVolumeToDB(4298)) - Created Volume s3v With Owner om required for S3Gateway operations.
2023-07-13 02:05:02,143 [Time-limited test] WARN  server.ServerUtils (ServerUtils.java:getDefaultRatisDirectory(323)) - Storage directory for Ratis is not configured. It is a good idea to map this to an SSD disk. Falling back to ozone.metadata.dirs
2023-07-13 02:05:02,143 [Time-limited test] WARN  utils.OzoneManagerRatisUtils (OzoneManagerRatisUtils.java:getOMRatisSnapshotDirectory(461)) - ozone.om.ratis.snapshot.dir is not configured. Falling back to ozone.metadata.dirs config
2023-07-13 02:05:02,144 [Time-limited test] WARN  server.ServerUtils (ServerUtils.java:getDefaultRatisDirectory(323)) - Storage directory for Ratis is not configured. It is a good idea to map this to an SSD disk. Falling back to ozone.metadata.dirs
2023-07-13 02:05:02,146 [Time-limited test] INFO  ratis.OzoneManagerRatisServer (OzoneManagerRatisServer.java:<init>(163)) - Instantiating OM Ratis server with groupID: omServiceIdDefault and peers: fv-az201-768.ett4tu3jvdse5ovc2mkgjqcs5a.bx.internal.cloudapp.net:9872
2023-07-13 02:05:02,150 [Time-limited test] INFO  ratis.OzoneManagerStateMachine (OzoneManagerStateMachine.java:loadSnapshotInfoFromDB(670)) - LastAppliedIndex is set from TransactionInfo from OM DB as (t:0, i:~)
2023-07-13 02:05:02,151 [Time-limited test] INFO  server.RaftServer (ConfUtils.java:logGet(46)) - raft.rpc.type = GRPC (default)
2023-07-13 02:05:02,151 [Time-limited test] INFO  grpc.GrpcConfigKeys (ConfUtils.java:logFallback(53)) - raft.grpc.admin.host = null (fallback to raft.grpc.server.host)
2023-07-13 02:05:02,152 [Time-limited test] INFO  grpc.GrpcConfigKeys (ConfUtils.java:logFallback(53)) - raft.grpc.admin.port = 9872 (fallback to raft.grpc.server.port)
2023-07-13 02:05:02,152 [Time-limited test] INFO  grpc.GrpcConfigKeys (ConfUtils.java:logFallback(53)) - raft.grpc.client.host = null (fallback to raft.grpc.server.host)
2023-07-13 02:05:02,152 [Time-limited test] INFO  grpc.GrpcConfigKeys (ConfUtils.java:logFallback(53)) - raft.grpc.client.port = 9872 (fallback to raft.grpc.server.port)
2023-07-13 02:05:02,152 [Time-limited test] INFO  grpc.GrpcConfigKeys (ConfUtils.java:logGet(46)) - raft.grpc.server.host = null (default)
2023-07-13 02:05:02,152 [Time-limited test] INFO  grpc.GrpcConfigKeys (ConfUtils.java:logGet(46)) - raft.grpc.server.port = 9872 (custom)
2023-07-13 02:05:02,152 [Time-limited test] INFO  server.GrpcService (ConfUtils.java:logGet(46)) - raft.grpc.message.size.max = 33554432 (custom)
2023-07-13 02:05:02,152 [Time-limited test] INFO  server.RaftServerConfigKeys (ConfUtils.java:logGet(46)) - raft.server.log.appender.buffer.byte-limit = 33554432 (custom)
2023-07-13 02:05:02,152 [Time-limited test] INFO  server.GrpcService (ConfUtils.java:logGet(46)) - raft.grpc.flow.control.window = 1MB (=1048576) (default)
2023-07-13 02:05:02,153 [Time-limited test] INFO  server.RaftServerConfigKeys (ConfUtils.java:logGet(46)) - raft.server.rpc.request.timeout = 3000ms (default)
2023-07-13 02:05:02,153 [Time-limited test] INFO  grpc.GrpcConfigKeys (ConfUtils.java:logGet(46)) - raft.grpc.server.heartbeat.channel = true (default)
2023-07-13 02:05:02,153 [Time-limited test] INFO  grpc.GrpcConfigKeys (ConfUtils.java:logGet(46)) - raft.grpc.server.async.request.thread.pool.cached = true (default)
2023-07-13 02:05:02,153 [Time-limited test] INFO  grpc.GrpcConfigKeys (ConfUtils.java:logGet(46)) - raft.grpc.server.async.request.thread.pool.size = 32 (default)
2023-07-13 02:05:02,155 [Time-limited test] INFO  impl.DataStreamServerImpl (ConfUtils.java:logGet(46)) - raft.datastream.type = DISABLED (default)
2023-07-13 02:05:02,155 [Time-limited test] INFO  server.RaftServerConfigKeys (ConfUtils.java:logGet(46)) - raft.server.threadpool.proxy.cached = true (default)
2023-07-13 02:05:02,155 [Time-limited test] INFO  server.RaftServerConfigKeys (ConfUtils.java:logGet(46)) - raft.server.threadpool.proxy.size = 0 (default)
2023-07-13 02:05:02,155 [Time-limited test] INFO  server.RaftServerConfigKeys (ConfUtils.java:logGet(46)) - raft.server.rpc.slowness.timeout = 120s (custom)
2023-07-13 02:05:02,156 [Time-limited test] INFO  server.RaftServerConfigKeys (ConfUtils.java:logGet(46)) - raft.server.leaderelection.leader.step-down.wait-time = 10s (default)
2023-07-13 02:05:02,156 [Time-limited test] INFO  server.RaftServerConfigKeys (ConfUtils.java:logGet(46)) - raft.server.storage.dir = [/tmp/junit4496821280052724969/junit3765399018649964516/om-meta/ratis] (custom)
2023-07-13 02:05:02,156 [Time-limited test] INFO  server.RaftServer (RaftServerProxy.java:addNew(98)) - om1: addNew group-C5BA1605619E:[om1|rpc:fv-az201-768.ett4tu3jvdse5ovc2mkgjqcs5a.bx.internal.cloudapp.net:9872|priority:0|startupRole:FOLLOWER] returns group-C5BA1605619E:java.util.concurrent.CompletableFuture@56f03e88[Not completed]
2023-07-13 02:05:02,157 [Time-limited test] INFO  om.OzoneManager (OzoneManager.java:initializeRatisServer(2139)) - OzoneManager Ratis server initialized at port 9872
2023-07-13 02:05:02,157 [Time-limited test] INFO  om.OzoneManager (OzoneManager.java:getRpcServer(1187)) - Creating RPC Server
2023-07-13 02:05:02,158 [om1-groupManagement] INFO  server.RaftServer$Division (RaftServerImpl.java:<init>(198)) - om1: new RaftServerImpl for group-C5BA1605619E:[om1|rpc:fv-az201-768.ett4tu3jvdse5ovc2mkgjqcs5a.bx.internal.cloudapp.net:9872|priority:0|startupRole:FOLLOWER] with OzoneManagerStateMachine:uninitialized
2023-07-13 02:05:02,159 [om1-groupManagement] INFO  server.RaftServerConfigKeys (ConfUtils.java:logGet(46)) - raft.server.rpc.timeout.min = 5s (custom)
2023-07-13 02:05:02,159 [om1-groupManagement] INFO  server.RaftServerConfigKeys (ConfUtils.java:logGet(46)) - raft.server.rpc.timeout.max = 5200ms (custom)
2023-07-13 02:05:02,159 [om1-groupManagement] INFO  server.RaftServerConfigKeys (ConfUtils.java:logGet(46)) - raft.server.rpc.sleep.time = 25ms (default)
2023-07-13 02:05:02,159 [om1-groupManagement] INFO  server.RaftServerConfigKeys (ConfUtils.java:logGet(46)) - raft.server.rpc.slowness.timeout = 120s (custom)
2023-07-13 02:05:02,159 [om1-groupManagement] INFO  server.RaftServerConfigKeys (ConfUtils.java:logGet(46)) - raft.server.leaderelection.leader.step-down.wait-time = 10s (default)
2023-07-13 02:05:02,159 [om1-groupManagement] INFO  server.RaftServerConfigKeys (ConfUtils.java:logGet(46)) - raft.server.sleep.deviation.threshold = 300ms (default)
2023-07-13 02:05:02,159 [om1-groupManagement] INFO  server.RaftServer$Division (ServerState.java:<init>(120)) - om1@group-C5BA1605619E: ConfigurationManager, init=-1: peers:[om1|rpc:fv-az201-768.ett4tu3jvdse5ovc2mkgjqcs5a.bx.internal.cloudapp.net:9872|priority:0|startupRole:FOLLOWER]|listeners:[], old=null, confs=<EMPTY_MAP>
2023-07-13 02:05:02,159 [om1-groupManagement] INFO  server.RaftServerConfigKeys (ConfUtils.java:logGet(46)) - raft.server.storage.dir = [/tmp/junit4496821280052724969/junit3765399018649964516/om-meta/ratis] (custom)
2023-07-13 02:05:02,159 [om1-groupManagement] INFO  server.RaftServerConfigKeys (ConfUtils.java:logGet(46)) - raft.server.log.corruption.policy = EXCEPTION (default)
2023-07-13 02:05:02,160 [om1-groupManagement] INFO  server.RaftServerConfigKeys (ConfUtils.java:logGet(46)) - raft.server.storage.free-space.min = 0MB (=0) (default)
2023-07-13 02:05:02,160 [om1-groupManagement] INFO  server.RaftServerConfigKeys (ConfUtils.java:logGet(46)) - raft.server.notification.no-leader.timeout = 120s (custom)
2023-07-13 02:05:02,160 [om1-groupManagement] INFO  server.RaftServerConfigKeys (ConfUtils.java:logGet(46)) - raft.server.read.timeout = 10s (default)
2023-07-13 02:05:02,160 [om1-groupManagement] INFO  server.RaftServerConfigKeys (ConfUtils.java:logGet(46)) - raft.server.retrycache.expirytime = 300s (custom)
2023-07-13 02:05:02,160 [om1-groupManagement] INFO  server.RaftServerConfigKeys (ConfUtils.java:logGet(46)) - raft.server.retrycache.statistics.expirytime = 100μs (default)
2023-07-13 02:05:02,160 [om1-groupManagement] INFO  server.RaftServerConfigKeys (ConfUtils.java:logGet(46)) - raft.server.read.option = DEFAULT (default)
2023-07-13 02:05:02,160 [om1-groupManagement] INFO  server.RaftServerConfigKeys (ConfUtils.java:logGet(46)) - raft.server.rpc.request.timeout = 3000ms (default)
2023-07-13 02:05:02,161 [om1-groupManagement] INFO  server.RaftServerConfigKeys (ConfUtils.java:logGet(46)) - raft.server.log.appender.install.snapshot.enabled = false (custom)
2023-07-13 02:05:02,161 [om1-groupManagement] INFO  server.RaftServerConfigKeys (ConfUtils.java:logGet(46)) - raft.server.threadpool.server.cached = true (default)
2023-07-13 02:05:02,161 [om1-groupManagement] INFO  server.RaftServerConfigKeys (ConfUtils.java:logGet(46)) - raft.server.threadpool.server.size = 0 (default)
2023-07-13 02:05:02,161 [om1-groupManagement] INFO  server.RaftServerConfigKeys (ConfUtils.java:logGet(46)) - raft.server.threadpool.client.cached = true (default)
2023-07-13 02:05:02,161 [om1-groupManagement] INFO  server.RaftServerConfigKeys (ConfUtils.java:logGet(46)) - raft.server.threadpool.client.size = 0 (default)
2023-07-13 02:05:02,625 [Time-limited test] INFO  reflections.Reflections (Reflections.java:scan(232)) - Reflections took 467 ms to scan 19 urls, producing 70 keys and 5533 values [using 2 cores]
2023-07-13 02:05:02,630 [Time-limited test] INFO  ipc.CallQueueManager (CallQueueManager.java:<init>(90)) - Using callQueue: class java.util.concurrent.LinkedBlockingQueue, queueCapacity: 10000, scheduler: class org.apache.hadoop.ipc.DefaultRpcScheduler, ipcBackoff: false.
2023-07-13 02:05:02,631 [Time-limited test] INFO  ipc.Server (Server.java:<init>(1287)) - Listener at fv-az201-768.ett4tu3jvdse5ovc2mkgjqcs5a.bx.internal.cloudapp.net:1202
2023-07-13 02:05:02,631 [Socket Reader #1 for port 1202] INFO  ipc.Server (Server.java:run(1323)) - Starting Socket Reader #1 for port 1202
2023-07-13 02:05:03,240 [Time-limited test] INFO  utils.SelfSignedCertificate (SelfSignedCertificate.java:generateCertificate(157)) - Certificate 1 is issued by CN=rootCA@localhost,OU=scm1,O=cluster1 to CN=rootCA@localhost,OU=scm1,O=cluster1, valid from Thu Jul 13 02:05:03 UTC 2023 to Sun Aug 20 02:05:03 UTC 2028
2023-07-13 02:05:03,256 [Time-limited test] INFO  ssl.ReloadingX509KeyManager (ReloadingX509KeyManager.java:loadKeyManager(222)) - Key manager is loaded with certificate chain
2023-07-13 02:05:03,259 [Time-limited test] INFO  ssl.ReloadingX509KeyManager (ReloadingX509KeyManager.java:loadKeyManager(224)) - [
[
  Version: V3
  Subject: O=cluster1, OU=scm1, CN=localhost
  Signature Algorithm: SHA256withRSA, OID = 1.2.840.113549.1.1.11

  Key:  Sun RSA public key, 2048 bits
  params: null
  modulus: 26625561300540062053057493714006983517295162083357266779465956321487295553566629736122589259271718468117352159638006474082328916315383945485322753038601025393405950721985947889171220537236705104300735601429835910472898517877789415662264922068269531829519286769045492009733768458327292949976901189271117950552331856166391829784704057749038496820785137279582424175534209463012982245517778761658181429019415774926091525216811813649237534358999286125158914834182447442711021355993984234693142696801288545558047712863231813334621203650726003036209674788258022342923730555580142007018102686987935810017912058334920954919491
  public exponent: 65537
  Validity: [From: Thu Jul 13 02:05:03 UTC 2023,
               To: Fri Jul 12 02:05:03 UTC 2024]
  Issuer: O=cluster1, OU=scm1, CN=rootCA@localhost
  SerialNumber: [    01210280 7396]

Certificate Extensions: 1
[1]: ObjectId: 2.5.29.15 Criticality=true
KeyUsage [
  DigitalSignature
  Key_Encipherment
  Data_Encipherment
  Key_Agreement
]

]
  Algorithm: [SHA256withRSA]
  Signature:
0000: 6C 65 3C 9D B8 AD C3 52   6D C0 7D D6 E8 E7 70 5A  le<....Rm.....pZ
0010: 72 37 A3 EC F9 86 3F E1   1C B6 ED 51 79 3A F2 1B  r7....?....Qy:..
0020: 31 12 30 EC 35 7F F1 75   A4 3E 16 37 E7 A1 ED 60  1.0.5..u.>.7...`
0030: 78 24 30 22 78 8C AA A2   AB 61 61 41 C9 B6 92 D9  x$0"x....aaA....
0040: C6 BA 74 23 6B A1 F9 4F   CD 82 D5 74 AA C3 44 F3  ..t#k..O...t..D.
0050: 76 82 1E F2 9A 43 96 4B   40 3E 73 92 1F A5 7B 0C  v....C.K@>s.....
0060: 4E 3A 7F 22 05 06 ED 13   21 CD D9 78 A6 F9 CF 5B  N:."....!..x...[
0070: 72 D1 17 6A 23 F1 61 38   A1 E6 62 91 1C DD 87 8D  r..j#.a8..b.....
0080: AB BF 7A F7 99 B6 D6 E3   10 C0 B9 7A A1 3F 43 17  ..z........z.?C.
0090: 56 45 3B 0A F7 50 C9 9D   FB E5 34 48 DD 64 2E DA  VE;..P....4H.d..
00A0: 3D CD 80 9D 7D 78 4B DD   F2 05 2E 59 63 88 EB 58  =....xK....Yc..X
00B0: 3D 6D EC 37 BB AB 28 CA   0A 12 08 F5 D6 27 09 AC  =m.7..(......'..
00C0: E0 B1 9F C2 C7 0E 52 4F   12 F2 EE 6A 64 38 48 92  ......RO...jd8H.
00D0: 52 12 4A 13 E7 2A 40 40   EA 8D 09 58 31 DF 3B 4E  R.J..*@@...X1.;N
00E0: 98 50 5F AF 77 6C 6C 08   B1 4C 8F B9 DE AD 45 E2  .P_.wll..L....E.
00F0: C8 02 40 C2 01 C7 F0 28   B0 9A D1 60 23 4F E9 FE  ..@....(...`#O..

]
2023-07-13 02:05:03,260 [Time-limited test] INFO  ssl.ReloadingX509KeyManager (ReloadingX509KeyManager.java:loadKeyManager(224)) - [
[
  Version: V3
  Subject: O=cluster1, OU=scm1, CN=rootCA@localhost
  Signature Algorithm: SHA256withRSA, OID = 1.2.840.113549.1.1.11

  Key:  Sun RSA public key, 2048 bits
  params: null
  modulus: 24226930445332902051214867800239663239963362364705703815156455023516864845845620677906954575702968047001485739941577521379202703488850534781570849103863210422130178753042272553586096320204163099549895023907602034177829345777256731154587185363173982801606789259071204838852574275290119814427922496755294537392904929056267922540441266788620812689979053405296965713081920347770131030585173273447588926134778962457986992306624031542111130322948651058738165402872879045998138438630532548035236370375775314452594012593847064446763879597782865518380856277200889883556651774973802746293260518810502794995107399322783362171227
  public exponent: 65537
  Validity: [From: Thu Jul 13 02:05:03 UTC 2023,
               To: Sun Aug 20 02:05:03 UTC 2028]
  Issuer: O=cluster1, OU=scm1, CN=rootCA@localhost
  SerialNumber: [    01]

Certificate Extensions: 2
[1]: ObjectId: 2.5.29.19 Criticality=true
BasicConstraints:[
  CA:true
  PathLen:2147483647
]

[2]: ObjectId: 2.5.29.15 Criticality=true
KeyUsage [
  Key_CertSign
  Crl_Sign
]

]
  Algorithm: [SHA256withRSA]
  Signature:
0000: 06 19 08 B0 2E D5 12 2F   6C 0B 54 4E B7 19 CA E0  ......./l.TN....
0010: 2C 08 22 C3 1E D7 36 53   C7 34 19 4D 9A 19 82 47  ,."...6S.4.M...G
0020: 59 EC 85 DB 89 2D 47 48   24 A9 4E 1E 01 F5 C2 C3  Y....-GH$.N.....
0030: 91 C2 E0 A8 F0 AF 77 02   51 16 76 B6 B4 82 21 7C  ......w.Q.v...!.
0040: DB 7A EB 53 5D A8 6F 49   A4 51 D9 5A 10 E2 7C 06  .z.S].oI.Q.Z....
0050: 79 49 C3 AE 7D 79 64 7C   2A 5C 44 80 53 39 05 99  yI...yd.*\D.S9..
0060: 3F 6B 9F B1 76 6F BF B0   42 D1 F9 E9 3D 67 A1 AC  ?k..vo..B...=g..
0070: 48 15 C7 5B 4B FB 4B FD   28 98 73 16 5F 69 5D B7  H..[K.K.(.s._i].
0080: D4 0B F1 42 D6 C1 AB F5   11 28 85 B4 01 8E C8 63  ...B.....(.....c
0090: A0 16 DF EA 98 DD 0B 43   6F 5F AE 3B 5B 99 D0 5A  .......Co_.;[..Z
00A0: 94 58 16 7F D6 BF 9F DE   0A 08 F3 FD E9 2C 21 44  .X...........,!D
00B0: 9C 47 ED 9E 28 37 F1 7D   47 E3 22 2A 69 95 7C C5  .G..(7..G."*i...
00C0: 6E C7 F3 33 C7 87 AA FF   11 1B EE D8 EE 93 3B 6B  n..3..........;k
00D0: 0D B7 89 69 33 3D 49 EB   F9 39 AF C2 11 34 5D 5E  ...i3=I..9...4]^
00E0: 4B 5D EC BE F5 8A F6 C5   A8 9E FC 07 26 F2 F9 5E  K]..........&..^
00F0: 54 66 6C 46 35 C4 EE 08   75 B1 29 17 81 92 75 5B  TflF5...u.)...u[

]
2023-07-13 02:05:03,301 [Time-limited test] INFO  ssl.ReloadingX509TrustManager (ReloadingX509TrustManager.java:insertCertsToKeystore(188)) - Trust manager is loaded with certificates
2023-07-13 02:05:03,303 [Time-limited test] INFO  ssl.ReloadingX509TrustManager (ReloadingX509TrustManager.java:insertCertsToKeystore(192)) - [
[
  Version: V3
  Subject: O=cluster1, OU=scm1, CN=rootCA@localhost
  Signature Algorithm: SHA256withRSA, OID = 1.2.840.113549.1.1.11

  Key:  Sun RSA public key, 2048 bits
  params: null
  modulus: 24226930445332902051214867800239663239963362364705703815156455023516864845845620677906954575702968047001485739941577521379202703488850534781570849103863210422130178753042272553586096320204163099549895023907602034177829345777256731154587185363173982801606789259071204838852574275290119814427922496755294537392904929056267922540441266788620812689979053405296965713081920347770131030585173273447588926134778962457986992306624031542111130322948651058738165402872879045998138438630532548035236370375775314452594012593847064446763879597782865518380856277200889883556651774973802746293260518810502794995107399322783362171227
  public exponent: 65537
  Validity: [From: Thu Jul 13 02:05:03 UTC 2023,
               To: Sun Aug 20 02:05:03 UTC 2028]
  Issuer: O=cluster1, OU=scm1, CN=rootCA@localhost
  SerialNumber: [    01]

Certificate Extensions: 2
[1]: ObjectId: 2.5.29.19 Criticality=true
BasicConstraints:[
  CA:true
  PathLen:2147483647
]

[2]: ObjectId: 2.5.29.15 Criticality=true
KeyUsage [
  Key_CertSign
  Crl_Sign
]

]
  Algorithm: [SHA256withRSA]
  Signature:
0000: 06 19 08 B0 2E D5 12 2F   6C 0B 54 4E B7 19 CA E0  ......./l.TN....
0010: 2C 08 22 C3 1E D7 36 53   C7 34 19 4D 9A 19 82 47  ,."...6S.4.M...G
0020: 59 EC 85 DB 89 2D 47 48   24 A9 4E 1E 01 F5 C2 C3  Y....-GH$.N.....
0030: 91 C2 E0 A8 F0 AF 77 02   51 16 76 B6 B4 82 21 7C  ......w.Q.v...!.
0040: DB 7A EB 53 5D A8 6F 49   A4 51 D9 5A 10 E2 7C 06  .z.S].oI.Q.Z....
0050: 79 49 C3 AE 7D 79 64 7C   2A 5C 44 80 53 39 05 99  yI...yd.*\D.S9..
0060: 3F 6B 9F B1 76 6F BF B0   42 D1 F9 E9 3D 67 A1 AC  ?k..vo..B...=g..
0070: 48 15 C7 5B 4B FB 4B FD   28 98 73 16 5F 69 5D B7  H..[K.K.(.s._i].
0080: D4 0B F1 42 D6 C1 AB F5   11 28 85 B4 01 8E C8 63  ...B.....(.....c
0090: A0 16 DF EA 98 DD 0B 43   6F 5F AE 3B 5B 99 D0 5A  .......Co_.;[..Z
00A0: 94 58 16 7F D6 BF 9F DE   0A 08 F3 FD E9 2C 21 44  .X...........,!D
00B0: 9C 47 ED 9E 28 37 F1 7D   47 E3 22 2A 69 95 7C C5  .G..(7..G."*i...
00C0: 6E C7 F3 33 C7 87 AA FF   11 1B EE D8 EE 93 3B 6B  n..3..........;k
00D0: 0D B7 89 69 33 3D 49 EB   F9 39 AF C2 11 34 5D 5E  ...i3=I..9...4]^
00E0: 4B 5D EC BE F5 8A F6 C5   A8 9E FC 07 26 F2 F9 5E  K]..........&..^
00F0: 54 66 6C 46 35 C4 EE 08   75 B1 29 17 81 92 75 5B  TflF5...u.)...u[

]
2023-07-13 02:05:03,319 [Time-limited test] INFO  ssl.ReloadingX509KeyManager (ReloadingX509KeyManager.java:loadKeyManager(222)) - Key manager is loaded with certificate chain
2023-07-13 02:05:03,319 [Time-limited test] INFO  ssl.ReloadingX509KeyManager (ReloadingX509KeyManager.java:loadKeyManager(224)) - [
[
  Version: V3
  Subject: O=cluster1, OU=scm1, CN=localhost
  Signature Algorithm: SHA256withRSA, OID = 1.2.840.113549.1.1.11

  Key:  Sun RSA public key, 2048 bits
  params: null
  modulus: 26625561300540062053057493714006983517295162083357266779465956321487295553566629736122589259271718468117352159638006474082328916315383945485322753038601025393405950721985947889171220537236705104300735601429835910472898517877789415662264922068269531829519286769045492009733768458327292949976901189271117950552331856166391829784704057749038496820785137279582424175534209463012982245517778761658181429019415774926091525216811813649237534358999286125158914834182447442711021355993984234693142696801288545558047712863231813334621203650726003036209674788258022342923730555580142007018102686987935810017912058334920954919491
  public exponent: 65537
  Validity: [From: Thu Jul 13 02:05:03 UTC 2023,
               To: Fri Jul 12 02:05:03 UTC 2024]
  Issuer: O=cluster1, OU=scm1, CN=rootCA@localhost
  SerialNumber: [    01210280 7396]

Certificate Extensions: 1
[1]: ObjectId: 2.5.29.15 Criticality=true
KeyUsage [
  DigitalSignature
  Key_Encipherment
  Data_Encipherment
  Key_Agreement
]

]
  Algorithm: [SHA256withRSA]
  Signature:
0000: 6C 65 3C 9D B8 AD C3 52   6D C0 7D D6 E8 E7 70 5A  le<....Rm.....pZ
0010: 72 37 A3 EC F9 86 3F E1   1C B6 ED 51 79 3A F2 1B  r7....?....Qy:..
0020: 31 12 30 EC 35 7F F1 75   A4 3E 16 37 E7 A1 ED 60  1.0.5..u.>.7...`
0030: 78 24 30 22 78 8C AA A2   AB 61 61 41 C9 B6 92 D9  x$0"x....aaA....
0040: C6 BA 74 23 6B A1 F9 4F   CD 82 D5 74 AA C3 44 F3  ..t#k..O...t..D.
0050: 76 82 1E F2 9A 43 96 4B   40 3E 73 92 1F A5 7B 0C  v....C.K@>s.....
0060: 4E 3A 7F 22 05 06 ED 13   21 CD D9 78 A6 F9 CF 5B  N:."....!..x...[
0070: 72 D1 17 6A 23 F1 61 38   A1 E6 62 91 1C DD 87 8D  r..j#.a8..b.....
0080: AB BF 7A F7 99 B6 D6 E3   10 C0 B9 7A A1 3F 43 17  ..z........z.?C.
0090: 56 45 3B 0A F7 50 C9 9D   FB E5 34 48 DD 64 2E DA  VE;..P....4H.d..
00A0: 3D CD 80 9D 7D 78 4B DD   F2 05 2E 59 63 88 EB 58  =....xK....Yc..X
00B0: 3D 6D EC 37 BB AB 28 CA   0A 12 08 F5 D6 27 09 AC  =m.7..(......'..
00C0: E0 B1 9F C2 C7 0E 52 4F   12 F2 EE 6A 64 38 48 92  ......RO...jd8H.
00D0: 52 12 4A 13 E7 2A 40 40   EA 8D 09 58 31 DF 3B 4E  R.J..*@@...X1.;N
00E0: 98 50 5F AF 77 6C 6C 08   B1 4C 8F B9 DE AD 45 E2  .P_.wll..L....E.
00F0: C8 02 40 C2 01 C7 F0 28   B0 9A D1 60 23 4F E9 FE  ..@....(...`#O..

]
2023-07-13 02:05:03,320 [Time-limited test] INFO  ssl.ReloadingX509KeyManager (ReloadingX509KeyManager.java:loadKeyManager(224)) - [
[
  Version: V3
  Subject: O=cluster1, OU=scm1, CN=rootCA@localhost
  Signature Algorithm: SHA256withRSA, OID = 1.2.840.113549.1.1.11

  Key:  Sun RSA public key, 2048 bits
  params: null
  modulus: 24226930445332902051214867800239663239963362364705703815156455023516864845845620677906954575702968047001485739941577521379202703488850534781570849103863210422130178753042272553586096320204163099549895023907602034177829345777256731154587185363173982801606789259071204838852574275290119814427922496755294537392904929056267922540441266788620812689979053405296965713081920347770131030585173273447588926134778962457986992306624031542111130322948651058738165402872879045998138438630532548035236370375775314452594012593847064446763879597782865518380856277200889883556651774973802746293260518810502794995107399322783362171227
  public exponent: 65537
  Validity: [From: Thu Jul 13 02:05:03 UTC 2023,
               To: Sun Aug 20 02:05:03 UTC 2028]
  Issuer: O=cluster1, OU=scm1, CN=rootCA@localhost
  SerialNumber: [    01]

Certificate Extensions: 2
[1]: ObjectId: 2.5.29.19 Criticality=true
BasicConstraints:[
  CA:true
  PathLen:2147483647
]

[2]: ObjectId: 2.5.29.15 Criticality=true
KeyUsage [
  Key_CertSign
  Crl_Sign
]

]
  Algorithm: [SHA256withRSA]
  Signature:
0000: 06 19 08 B0 2E D5 12 2F   6C 0B 54 4E B7 19 CA E0  ......./l.TN....
0010: 2C 08 22 C3 1E D7 36 53   C7 34 19 4D 9A 19 82 47  ,."...6S.4.M...G
0020: 59 EC 85 DB 89 2D 47 48   24 A9 4E 1E 01 F5 C2 C3  Y....-GH$.N.....
0030: 91 C2 E0 A8 F0 AF 77 02   51 16 76 B6 B4 82 21 7C  ......w.Q.v...!.
0040: DB 7A EB 53 5D A8 6F 49   A4 51 D9 5A 10 E2 7C 06  .z.S].oI.Q.Z....
0050: 79 49 C3 AE 7D 79 64 7C   2A 5C 44 80 53 39 05 99  yI...yd.*\D.S9..
0060: 3F 6B 9F B1 76 6F BF B0   42 D1 F9 E9 3D 67 A1 AC  ?k..vo..B...=g..
0070: 48 15 C7 5B 4B FB 4B FD   28 98 73 16 5F 69 5D B7  H..[K.K.(.s._i].
0080: D4 0B F1 42 D6 C1 AB F5   11 28 85 B4 01 8E C8 63  ...B.....(.....c
0090: A0 16 DF EA 98 DD 0B 43   6F 5F AE 3B 5B 99 D0 5A  .......Co_.;[..Z
00A0: 94 58 16 7F D6 BF 9F DE   0A 08 F3 FD E9 2C 21 44  .X...........,!D
00B0: 9C 47 ED 9E 28 37 F1 7D   47 E3 22 2A 69 95 7C C5  .G..(7..G."*i...
00C0: 6E C7 F3 33 C7 87 AA FF   11 1B EE D8 EE 93 3B 6B  n..3..........;k
00D0: 0D B7 89 69 33 3D 49 EB   F9 39 AF C2 11 34 5D 5E  ...i3=I..9...4]^
00E0: 4B 5D EC BE F5 8A F6 C5   A8 9E FC 07 26 F2 F9 5E  K]..........&..^
00F0: 54 66 6C 46 35 C4 EE 08   75 B1 29 17 81 92 75 5B  TflF5...u.)...u[

]
2023-07-13 02:05:03,320 [Time-limited test] INFO  ssl.ReloadingX509TrustManager (ReloadingX509TrustManager.java:insertCertsToKeystore(188)) - Trust manager is loaded with certificates
2023-07-13 02:05:03,321 [Time-limited test] INFO  ssl.ReloadingX509TrustManager (ReloadingX509TrustManager.java:insertCertsToKeystore(192)) - [
[
  Version: V3
  Subject: O=cluster1, OU=scm1, CN=rootCA@localhost
  Signature Algorithm: SHA256withRSA, OID = 1.2.840.113549.1.1.11

  Key:  Sun RSA public key, 2048 bits
  params: null
  modulus: 24226930445332902051214867800239663239963362364705703815156455023516864845845620677906954575702968047001485739941577521379202703488850534781570849103863210422130178753042272553586096320204163099549895023907602034177829345777256731154587185363173982801606789259071204838852574275290119814427922496755294537392904929056267922540441266788620812689979053405296965713081920347770131030585173273447588926134778962457986992306624031542111130322948651058738165402872879045998138438630532548035236370375775314452594012593847064446763879597782865518380856277200889883556651774973802746293260518810502794995107399322783362171227
  public exponent: 65537
  Validity: [From: Thu Jul 13 02:05:03 UTC 2023,
               To: Sun Aug 20 02:05:03 UTC 2028]
  Issuer: O=cluster1, OU=scm1, CN=rootCA@localhost
  SerialNumber: [    01]

Certificate Extensions: 2
[1]: ObjectId: 2.5.29.19 Criticality=true
BasicConstraints:[
  CA:true
  PathLen:2147483647
]

[2]: ObjectId: 2.5.29.15 Criticality=true
KeyUsage [
  Key_CertSign
  Crl_Sign
]

]
  Algorithm: [SHA256withRSA]
  Signature:
0000: 06 19 08 B0 2E D5 12 2F   6C 0B 54 4E B7 19 CA E0  ......./l.TN....
0010: 2C 08 22 C3 1E D7 36 53   C7 34 19 4D 9A 19 82 47  ,."...6S.4.M...G
0020: 59 EC 85 DB 89 2D 47 48   24 A9 4E 1E 01 F5 C2 C3  Y....-GH$.N.....
0030: 91 C2 E0 A8 F0 AF 77 02   51 16 76 B6 B4 82 21 7C  ......w.Q.v...!.
0040: DB 7A EB 53 5D A8 6F 49   A4 51 D9 5A 10 E2 7C 06  .z.S].oI.Q.Z....
0050: 79 49 C3 AE 7D 79 64 7C   2A 5C 44 80 53 39 05 99  yI...yd.*\D.S9..
0060: 3F 6B 9F B1 76 6F BF B0   42 D1 F9 E9 3D 67 A1 AC  ?k..vo..B...=g..
0070: 48 15 C7 5B 4B FB 4B FD   28 98 73 16 5F 69 5D B7  H..[K.K.(.s._i].
0080: D4 0B F1 42 D6 C1 AB F5   11 28 85 B4 01 8E C8 63  ...B.....(.....c
0090: A0 16 DF EA 98 DD 0B 43   6F 5F AE 3B 5B 99 D0 5A  .......Co_.;[..Z
00A0: 94 58 16 7F D6 BF 9F DE   0A 08 F3 FD E9 2C 21 44  .X...........,!D
00B0: 9C 47 ED 9E 28 37 F1 7D   47 E3 22 2A 69 95 7C C5  .G..(7..G."*i...
00C0: 6E C7 F3 33 C7 87 AA FF   11 1B EE D8 EE 93 3B 6B  n..3..........;k
00D0: 0D B7 89 69 33 3D 49 EB   F9 39 AF C2 11 34 5D 5E  ...i3=I..9...4]^
00E0: 4B 5D EC BE F5 8A F6 C5   A8 9E FC 07 26 F2 F9 5E  K]..........&..^
00F0: 54 66 6C 46 35 C4 EE 08   75 B1 29 17 81 92 75 5B  TflF5...u.)...u[

]
2023-07-13 02:05:03,323 [Time-limited test] WARN  impl.MetricsConfig (MetricsConfig.java:loadFirst(136)) - Cannot locate configuration: tried hadoop-metrics2-ozonemanager.properties,hadoop-metrics2.properties
2023-07-13 02:05:03,324 [Time-limited test] INFO  impl.MetricsSystemImpl (MetricsSystemImpl.java:startTimer(378)) - Scheduled Metric snapshot period at 10 second(s).
2023-07-13 02:05:03,324 [Time-limited test] INFO  impl.MetricsSystemImpl (MetricsSystemImpl.java:start(191)) - OzoneManager metrics system started
2023-07-13 02:05:03,345 [Time-limited test] INFO  impl.MetricsSinkAdapter (MetricsSinkAdapter.java:start(204)) - Sink prometheus started
2023-07-13 02:05:03,345 [Time-limited test] INFO  impl.MetricsSystemImpl (MetricsSystemImpl.java:registerSink(305)) - Registered sink prometheus
2023-07-13 02:05:03,363 [Time-limited test] INFO  om.OzoneManager (OzoneManager.java:start(1617)) - OzoneManager RPC server is listening at fv-az201-768.ett4tu3jvdse5ovc2mkgjqcs5a.bx.internal.cloudapp.net/10.1.0.115:1202
2023-07-13 02:05:03,364 [Time-limited test] INFO  ratis.OzoneManagerRatisServer (OzoneManagerRatisServer.java:start(558)) - Starting OzoneManagerRatisServer om1 at port 9872
2023-07-13 02:05:03,367 [om1-impl-thread1] INFO  storage.RaftStorageDirectory (RaftStorageDirectoryImpl.java:analyzeStorage(137)) - The storage directory /tmp/junit4496821280052724969/junit3765399018649964516/om-meta/ratis/bf265839-605b-3f16-9796-c5ba1605619e does not exist. Creating ...
2023-07-13 02:05:03,373 [om1-impl-thread1] INFO  storage.RaftStorageDirectory (RaftStorageDirectoryImpl.java:tryLock(231)) - Lock on /tmp/junit4496821280052724969/junit3765399018649964516/om-meta/ratis/bf265839-605b-3f16-9796-c5ba1605619e/in_use.lock acquired by nodename 2446@fv-az201-768
2023-07-13 02:05:03,380 [om1-impl-thread1] INFO  storage.RaftStorage (RaftStorageImpl.java:format(96)) - Storage directory /tmp/junit4496821280052724969/junit3765399018649964516/om-meta/ratis/bf265839-605b-3f16-9796-c5ba1605619e has been successfully formatted.
2023-07-13 02:05:03,383 [om1-impl-thread1] INFO  server.RaftServerConfigKeys (ConfUtils.java:logGet(46)) - raft.server.log.use.memory = false (default)
2023-07-13 02:05:03,392 [om1-impl-thread1] INFO  server.RaftServerConfigKeys (ConfUtils.java:logGet(46)) - raft.server.log.purge.gap = 1000000 (custom)
2023-07-13 02:05:03,392 [om1-impl-thread1] INFO  server.RaftServerConfigKeys (ConfUtils.java:logGet(46)) - raft.server.log.appender.buffer.byte-limit = 33554432 (custom)
2023-07-13 02:05:03,394 [om1-impl-thread1] INFO  server.RaftServerConfigKeys (ConfUtils.java:logGet(46)) - raft.server.log.statemachine.data.read.timeout = 1000ms (default)
2023-07-13 02:05:03,395 [om1-impl-thread1] INFO  server.RaftServerConfigKeys (ConfUtils.java:logGet(46)) - raft.server.log.purge.preservation.log.num = 0 (default)
2023-07-13 02:05:03,397 [om1-impl-thread1] INFO  server.RaftServerConfigKeys (ConfUtils.java:logGet(46)) - raft.server.log.segment.size.max = 4194304 (custom)
2023-07-13 02:05:03,403 [om1-impl-thread1] INFO  server.RaftServerConfigKeys (ConfUtils.java:logGet(46)) - raft.server.log.segment.cache.num.max = 2 (custom)
2023-07-13 02:05:03,404 [om1-impl-thread1] INFO  server.RaftServerConfigKeys (ConfUtils.java:logGet(46)) - raft.server.log.segment.cache.size.max = 200MB (=209715200) (default)
2023-07-13 02:05:03,404 [om1-impl-thread1] INFO  server.RaftServerConfigKeys (ConfUtils.java:logGet(46)) - raft.server.log.appender.buffer.byte-limit = 33554432 (custom)
2023-07-13 02:05:03,410 [om1-impl-thread1] INFO  segmented.SegmentedRaftLogWorker (SegmentedRaftLogWorker.java:<init>(188)) - new om1@group-C5BA1605619E-SegmentedRaftLogWorker for RaftStorageImpl:Storage Directory /tmp/junit4496821280052724969/junit3765399018649964516/om-meta/ratis/bf265839-605b-3f16-9796-c5ba1605619e
2023-07-13 02:05:03,410 [om1-impl-thread1] INFO  server.RaftServerConfigKeys (ConfUtils.java:logGet(46)) - raft.server.log.queue.byte-limit = 64MB (=67108864) (default)
2023-07-13 02:05:03,410 [om1-impl-thread1] INFO  server.RaftServerConfigKeys (ConfUtils.java:logGet(46)) - raft.server.log.queue.element-limit = 4096 (default)
2023-07-13 02:05:03,411 [om1-impl-thread1] INFO  server.RaftServerConfigKeys (ConfUtils.java:logGet(46)) - raft.server.log.segment.size.max = 4194304 (custom)
2023-07-13 02:05:03,412 [om1-impl-thread1] INFO  server.RaftServerConfigKeys (ConfUtils.java:logGet(46)) - raft.server.log.preallocated.size = 4194304 (custom)
2023-07-13 02:05:03,412 [om1-impl-thread1] INFO  server.RaftServerConfigKeys (ConfUtils.java:logGet(46)) - raft.server.log.force.sync.num = 128 (default)
2023-07-13 02:05:03,413 [om1-impl-thread1] INFO  server.RaftServerConfigKeys (ConfUtils.java:logGet(46)) - raft.server.log.statemachine.data.sync = true (default)
2023-07-13 02:05:03,413 [om1-impl-thread1] INFO  server.RaftServerConfigKeys (ConfUtils.java:logGet(46)) - raft.server.log.statemachine.data.sync.timeout = 10s (default)
2023-07-13 02:05:03,413 [om1-impl-thread1] INFO  server.RaftServerConfigKeys (ConfUtils.java:logGet(46)) - raft.server.log.statemachine.data.sync.timeout.retry = -1 (default)
2023-07-13 02:05:03,427 [om1-impl-thread1] INFO  server.RaftServerConfigKeys (ConfUtils.java:logGet(46)) - raft.server.log.write.buffer.size = 64KB (=65536) (default)
2023-07-13 02:05:03,427 [om1-impl-thread1] INFO  server.RaftServerConfigKeys (ConfUtils.java:logGet(46)) - raft.server.log.appender.buffer.byte-limit = 33554432 (custom)
2023-07-13 02:05:03,437 [om1-impl-thread1] INFO  server.RaftServerConfigKeys (ConfUtils.java:logGet(46)) - raft.server.log.unsafe-flush.enabled = false (default)
2023-07-13 02:05:03,437 [om1-impl-thread1] INFO  server.RaftServerConfigKeys (ConfUtils.java:logGet(46)) - raft.server.log.async-flush.enabled = false (default)
2023-07-13 02:05:03,438 [om1-impl-thread1] INFO  server.RaftServerConfigKeys (ConfUtils.java:logGet(46)) - raft.server.log.statemachine.data.caching.enabled = false (default)
2023-07-13 02:05:03,444 [om1-impl-thread1] INFO  segmented.SegmentedRaftLogWorker (SegmentedRaftLogWorker.java:lambda$new$0(135)) - om1@group-C5BA1605619E-SegmentedRaftLogWorker: flushIndex: setUnconditionally 0 -> -1
2023-07-13 02:05:03,444 [om1-impl-thread1] INFO  segmented.SegmentedRaftLogWorker (SegmentedRaftLogWorker.java:lambda$new$0(135)) - om1@group-C5BA1605619E-SegmentedRaftLogWorker: safeCacheEvictIndex: setUnconditionally 0 -> -1
2023-07-13 02:05:03,446 [om1-impl-thread1] INFO  server.RaftServer$Division (RaftServerImpl.java:start(342)) - om1@group-C5BA1605619E: start as a follower, conf=-1: peers:[om1|rpc:fv-az201-768.ett4tu3jvdse5ovc2mkgjqcs5a.bx.internal.cloudapp.net:9872|priority:0|startupRole:FOLLOWER]|listeners:[], old=null
2023-07-13 02:05:03,446 [om1-impl-thread1] INFO  server.RaftServer$Division (RaftServerImpl.java:setRole(329)) - om1@group-C5BA1605619E: changes role from      null to FOLLOWER at term 0 for startAsFollower
2023-07-13 02:05:03,448 [om1-impl-thread1] INFO  impl.RoleInfo (RoleInfo.java:updateAndGet(139)) - om1: start om1@group-C5BA1605619E-FollowerState
2023-07-13 02:05:03,448 [om1@group-C5BA1605619E-FollowerState] INFO  server.RaftServerConfigKeys (ConfUtils.java:logFallback(53)) - raft.server.rpc.first-election.timeout.min = 5s (fallback to raft.server.rpc.timeout.min)
2023-07-13 02:05:03,449 [om1@group-C5BA1605619E-FollowerState] INFO  server.RaftServerConfigKeys (ConfUtils.java:logFallback(53)) - raft.server.rpc.first-election.timeout.max = 5200ms (fallback to raft.server.rpc.timeout.max)
2023-07-13 02:05:03,450 [om1-impl-thread1] INFO  util.JmxRegister (JmxRegister.java:tryRegister(44)) - Successfully registered JMX Bean with object name Ratis:service=RaftServer,group=group-C5BA1605619E,id=om1
2023-07-13 02:05:03,452 [om1-impl-thread1] INFO  server.RaftServerConfigKeys (ConfUtils.java:logGet(46)) - raft.server.snapshot.auto.trigger.enabled = true (custom)
2023-07-13 02:05:03,453 [om1-impl-thread1] INFO  server.RaftServerConfigKeys (ConfUtils.java:logGet(46)) - raft.server.snapshot.auto.trigger.threshold = 400000 (default)
2023-07-13 02:05:03,453 [om1-impl-thread1] INFO  server.RaftServerConfigKeys (ConfUtils.java:logGet(46)) - raft.server.snapshot.retention.file.num = -1 (default)
2023-07-13 02:05:03,454 [om1-impl-thread1] INFO  server.RaftServerConfigKeys (ConfUtils.java:logGet(46)) - raft.server.log.purge.upto.snapshot.index = true (custom)
2023-07-13 02:05:03,456 [Time-limited test] INFO  server.RaftServer (RaftServerProxy.java:startImpl(400)) - om1: start RPC server
2023-07-13 02:05:03,459 [Time-limited test] INFO  server.GrpcService (GrpcService.java:startImpl(302)) - om1: GrpcService started, listening on 9872
2023-07-13 02:05:03,459 [JvmPauseMonitor2] INFO  util.JvmPauseMonitor (OzoneManager.java:startSecretManager(1098)) - Starting OM delegation token secret manager
JvmPauseMonitor.java:run(103)) - JvmPauseMonitor-om1: Started
2023-07-13 02:05:03,459 [Time-limited test] INFO  om.OzoneManager (OzoneManager.java:startSecretManager(1098)) - Starting OM delegation token secret manager
2023-07-13 02:05:03,459 [Time-limited test] INFO  security.OzoneDelegationTokenSecretManager (OzoneSecretManager.java:updateCurrentKey(175)) - Updating current master key for generating tokens. Cert id 1241287521174
2023-07-13 02:05:03,462 [Thread[Thread-707,5,FailOnTimeoutGroup]] INFO  security.OzoneDelegationTokenSecretManager (OzoneDelegationTokenSecretManager.java:run(636)) - Starting expired delegation token remover thread, tokenRemoverScanInterval=60 min(s)
2023-07-13 02:05:03,462 [Time-limited test] INFO  om.OzoneManager (OzoneManager.java:start(1633)) - Version File has different layout version (6) than OM DB (null). That is expected if this OM has never been finalized to a newer layout version.
2023-07-13 02:05:03,487 [Time-limited test] INFO  http.BaseHttpServer (BaseHttpServer.java:newHttpServer2BuilderForOzone(224)) - Starting Web-server for ozoneManager at: http://0.0.0.0:9874
2023-07-13 02:05:03,487 [Time-limited test] INFO  http.BaseHttpServer (BaseHttpServer.java:<init>(111)) - Hadoop Security Enabled: true Ozone Security Enabled: true Ozone HTTP Security Enabled: false 
2023-07-13 02:05:03,489 [Time-limited test] WARN  server.AuthenticationFilter (AuthenticationFilter.java:constructSecretProvider(240)) - Unable to initialize FileSignerSecretProvider, falling back to use random secrets. Reason: Could not read signature secret file: /home/runner/hadoop-http-auth-signature-secret
2023-07-13 02:05:03,490 [Time-limited test] INFO  http.HttpRequestLog (HttpRequestLog.java:getRequestLog(86)) - Http request log for http.requests.ozoneManager is not defined
2023-07-13 02:05:03,491 [Time-limited test] INFO  http.HttpServer2 (HttpServer2.java:addGlobalFilter(1031)) - Added global filter 'safety' (class=org.apache.hadoop.hdds.server.http.HttpServer2$QuotingInputFilter)
2023-07-13 02:05:03,499 [Time-limited test] INFO  http.HttpServer2 (HttpServer2.java:addFilter(1007)) - Added filter static_user_filter (class=org.apache.hadoop.http.lib.StaticUserWebFilter$StaticUserFilter) to context ozoneManager
2023-07-13 02:05:03,499 [Time-limited test] INFO  http.HttpServer2 (HttpServer2.java:addFilter(1015)) - Added filter static_user_filter (class=org.apache.hadoop.http.lib.StaticUserWebFilter$StaticUserFilter) to context static
2023-07-13 02:05:03,499 [Time-limited test] INFO  http.HttpServer2 (HttpServer2.java:addFilter(1015)) - Added filter static_user_filter (class=org.apache.hadoop.http.lib.StaticUserWebFilter$StaticUserFilter) to context logs
2023-07-13 02:05:03,500 [Time-limited test] INFO  http.BaseHttpServer (BaseHttpServer.java:<init>(190)) - HTTP server of ozoneManager uses base directory /tmp/junit4496821280052724969/junit3765399018649964516/om-meta/webserver
2023-07-13 02:05:03,503 [Time-limited test] INFO  http.HttpServer2 (HttpServer2.java:bindListener(1250)) - Jetty bound to port 9874
2023-07-13 02:05:03,503 [Time-limited test] INFO  server.Server (Server.java:doStart(375)) - jetty-9.4.51.v20230217; built: 2023-02-17T08:19:37.309Z; git: b45c405e4544384de066f814ed42ae3dceacdd49; jvm 1.8.0_372-b07
2023-07-13 02:05:03,505 [Time-limited test] INFO  server.session (DefaultSessionIdManager.java:doStart(334)) - DefaultSessionIdManager workerName=node0
2023-07-13 02:05:03,505 [Time-limited test] INFO  server.session (DefaultSessionIdManager.java:doStart(339)) - No SessionScavenger set, using defaults
2023-07-13 02:05:03,506 [Time-limited test] INFO  server.session (HouseKeeper.java:startScavenging(132)) - node0 Scavenging every 660000ms
2023-07-13 02:05:03,506 [Time-limited test] INFO  handler.ContextHandler (ContextHandler.java:doStart(921)) - Started o.e.j.s.ServletContextHandler@1e95f1bf{logs,/logs,file:///home/runner/work/ozone/ozone/hadoop-ozone/integration-test/target/log,AVAILABLE}
2023-07-13 02:05:03,507 [Time-limited test] INFO  handler.ContextHandler (ContextHandler.java:doStart(921)) - Started o.e.j.s.ServletContextHandler@3cf8c1bd{static,/static,file:///home/runner/work/ozone/ozone/hadoop-ozone/integration-test/target/test-classes/webapps/static,AVAILABLE}
2023-07-13 02:05:03,511 [Time-limited test] INFO  handler.ContextHandler (ContextHandler.java:doStart(921)) - Started o.e.j.w.WebAppContext@2ea3544d{ozoneManager,/,file:///home/runner/work/ozone/ozone/hadoop-ozone/integration-test/target/test-classes/webapps/ozoneManager/,AVAILABLE}{file:/home/runner/work/ozone/ozone/hadoop-ozone/integration-test/target/test-classes/webapps/ozoneManager}
2023-07-13 02:05:03,512 [Time-limited test] INFO  server.AbstractConnector (AbstractConnector.java:doStart(333)) - Started ServerConnector@250209dd{HTTP/1.1, (http/1.1)}{0.0.0.0:9874}
2023-07-13 02:05:03,512 [Time-limited test] INFO  server.Server (Server.java:doStart(415)) - Started @28160ms
2023-07-13 02:05:03,512 [Time-limited test] WARN  impl.MetricsSystemImpl (MetricsSystemImpl.java:register(279)) - Sink prometheus already exists!
2023-07-13 02:05:03,513 [Time-limited test] INFO  http.BaseHttpServer (BaseHttpServer.java:updateConnectorAddress(344)) - HTTP server of ozoneManager listening at http://0.0.0.0:9874
2023-07-13 02:05:03,513 [IPC Server Responder] INFO  ipc.Server (Server.java:run(1562)) - IPC Server Responder: starting
2023-07-13 02:05:03,514 [IPC Server listener on 1202] INFO  ipc.Server (Server.java:run(1402)) - IPC Server listener on 1202: starting
2023-07-13 02:05:03,528 [Time-limited test] INFO  om.OzoneManager (OzoneManager.java:startTrashEmptier(2092)) - Trash Interval set to 0. Files deleted won't move to trash
2023-07-13 02:05:03,606 [pool-142-thread-2] INFO  request.TgsRequest (TgsRequest.java:issueTicket(115)) - TGS_REQ ISSUE: authtime 1689213903606,om/fv-az201-768.ett4tu3jvdse5ovc2mkgjqcs5a.bx.internal.cloudapp.net for om/fv-az201-768.ett4tu3jvdse5ovc2mkgjqcs5a.bx.internal.cloudapp.net@EXAMPLE.COM
2023-07-13 02:05:03,617 [Socket Reader #1 for port 1202] INFO  ipc.Server (Server.java:saslProcess(2139)) - Auth successful for om/fv-az201-768.ett4tu3jvdse5ovc2mkgjqcs5a.bx.internal.cloudapp.net@EXAMPLE.COM (auth:KERBEROS) from fv-az201-768.ett4tu3jvdse5ovc2mkgjqcs5a.bx.internal.cloudapp.net:37075 / 10.1.0.115:37075
2023-07-13 02:05:05,710 [Time-limited test] INFO  retry.RetryInvocationHandler (RetryInvocationHandler.java:log(422)) - com.google.protobuf.ServiceException: org.apache.hadoop.ipc.RemoteException(org.apache.hadoop.ozone.om.exceptions.OMNotLeaderException): OM:om1 is not the leader. Could not determine the leader node.
	at org.apache.hadoop.ozone.om.OzoneManager.checkLeaderStatus(OzoneManager.java:4010)
	at org.apache.hadoop.ozone.om.ratis.utils.OzoneManagerRatisUtils.checkLeaderStatus(OzoneManagerRatisUtils.java:473)
	at org.apache.hadoop.ozone.protocolPB.OzoneManagerProtocolServerSideTranslatorPB.processRequest(OzoneManagerProtocolServerSideTranslatorPB.java:185)
	at org.apache.hadoop.hdds.server.OzoneProtocolMessageDispatcher.processRequest(OzoneProtocolMessageDispatcher.java:87)
	at org.apache.hadoop.ozone.protocolPB.OzoneManagerProtocolServerSideTranslatorPB.submitRequest(OzoneManagerProtocolServerSideTranslatorPB.java:148)
	at org.apache.hadoop.ozone.protocol.proto.OzoneManagerProtocolProtos$OzoneManagerService$2.callBlockingMethod(OzoneManagerProtocolProtos.java)
	at org.apache.hadoop.ipc.ProtobufRpcEngine$Server.processCall(ProtobufRpcEngine.java:484)
	at org.apache.hadoop.ipc.ProtobufRpcEngine2$Server$ProtoBufRpcInvoker.call(ProtobufRpcEngine2.java:595)
	at org.apache.hadoop.ipc.ProtobufRpcEngine2$Server$ProtoBufRpcInvoker.call(ProtobufRpcEngine2.java:573)
	at org.apache.hadoop.ipc.RPC$Server.call(RPC.java:1227)
	at org.apache.hadoop.ipc.Server$RpcCall.run(Server.java:1094)
	at org.apache.hadoop.ipc.Server$RpcCall.run(Server.java:1017)
	at java.security.AccessController.doPrivileged(Native Method)
	at javax.security.auth.Subject.doAs(Subject.java:422)
	at org.apache.hadoop.security.UserGroupInformation.doAs(UserGroupInformation.java:1899)
	at org.apache.hadoop.ipc.Server$Handler.run(Server.java:3048)
, while invoking $Proxy54.submitRequest over nodeId=null,nodeAddress=fv-az201-768.ett4tu3jvdse5ovc2mkgjqcs5a.bx.internal.cloudapp.net:1202 after 1 failover attempts. Trying to failover after sleeping for 4000ms. Current retry count: 1.
2023-07-13 02:05:08,630 [om1@group-C5BA1605619E-FollowerState] INFO  impl.FollowerState (FollowerState.java:run(143)) - om1@group-C5BA1605619E-FollowerState: change to CANDIDATE, lastRpcElapsedTime:5182713032ns, electionTimeout:5180ms
2023-07-13 02:05:08,632 [om1@group-C5BA1605619E-FollowerState] INFO  impl.RoleInfo (RoleInfo.java:shutdownFollowerState(110)) - om1: shutdown om1@group-C5BA1605619E-FollowerState
2023-07-13 02:05:08,632 [om1@group-C5BA1605619E-FollowerState] INFO  server.RaftServer$Division (RaftServerImpl.java:setRole(329)) - om1@group-C5BA1605619E: changes role from  FOLLOWER to CANDIDATE at term 0 for changeToCandidate
2023-07-13 02:05:08,635 [om1@group-C5BA1605619E-FollowerState] INFO  server.RaftServerConfigKeys (ConfUtils.java:logGet(46)) - raft.server.leaderelection.pre-vote = true (default)
2023-07-13 02:05:08,636 [om1@group-C5BA1605619E-FollowerState] INFO  impl.RoleInfo (RoleInfo.java:updateAndGet(139)) - om1: start om1@group-C5BA1605619E-LeaderElection1
2023-07-13 02:05:08,639 [om1@group-C5BA1605619E-LeaderElection1] INFO  impl.LeaderElection (LeaderElection.java:askForVotes(321)) - om1@group-C5BA1605619E-LeaderElection1 PRE_VOTE round 0: submit vote requests at term 0 for -1: peers:[om1|rpc:fv-az201-768.ett4tu3jvdse5ovc2mkgjqcs5a.bx.internal.cloudapp.net:9872|priority:0|startupRole:FOLLOWER]|listeners:[], old=null
2023-07-13 02:05:08,640 [om1@group-C5BA1605619E-LeaderElection1] INFO  impl.LeaderElection (LeaderElection.java:askForVotes(323)) - om1@group-C5BA1605619E-LeaderElection1 PRE_VOTE round 0: result PASSED (term=0)
2023-07-13 02:05:08,642 [om1@group-C5BA1605619E-LeaderElection1] INFO  impl.LeaderElection (LeaderElection.java:askForVotes(321)) - om1@group-C5BA1605619E-LeaderElection1 ELECTION round 0: submit vote requests at term 1 for -1: peers:[om1|rpc:fv-az201-768.ett4tu3jvdse5ovc2mkgjqcs5a.bx.internal.cloudapp.net:9872|priority:0|startupRole:FOLLOWER]|listeners:[], old=null
2023-07-13 02:05:08,642 [om1@group-C5BA1605619E-LeaderElection1] INFO  impl.LeaderElection (LeaderElection.java:askForVotes(323)) - om1@group-C5BA1605619E-LeaderElection1 ELECTION round 0: result PASSED (term=1)
2023-07-13 02:05:08,642 [om1@group-C5BA1605619E-LeaderElection1] INFO  impl.RoleInfo (RoleInfo.java:shutdownLeaderElection(130)) - om1: shutdown om1@group-C5BA1605619E-LeaderElection1
2023-07-13 02:05:08,642 [om1@group-C5BA1605619E-LeaderElection1] INFO  server.RaftServer$Division (RaftServerImpl.java:setRole(329)) - om1@group-C5BA1605619E: changes role from CANDIDATE to LEADER at term 1 for changeToLeader
2023-07-13 02:05:08,644 [om1@group-C5BA1605619E-LeaderElection1] INFO  server.RaftServer$Division (ServerState.java:setLeader(317)) - om1@group-C5BA1605619E: change Leader from null to om1 at term 1 for becomeLeader, leader elected after 6482ms
2023-07-13 02:05:08,652 [om1@group-C5BA1605619E-LeaderElection1] INFO  server.RaftServerConfigKeys (ConfUtils.java:logGet(46)) - raft.server.staging.catchup.gap = 1000 (default)
2023-07-13 02:05:08,656 [om1@group-C5BA1605619E-LeaderElection1] INFO  server.RaftServerConfigKeys (ConfUtils.java:logGet(46)) - raft.server.write.element-limit = 4096 (default)
2023-07-13 02:05:08,657 [om1@group-C5BA1605619E-LeaderElection1] INFO  server.RaftServerConfigKeys (ConfUtils.java:logGet(46)) - raft.server.write.byte-limit = 64MB (=67108864) (default)
2023-07-13 02:05:08,662 [om1@group-C5BA1605619E-LeaderElection1] INFO  server.RaftServerConfigKeys (ConfUtils.java:logGet(46)) - raft.server.watch.timeout = 10s (default)
2023-07-13 02:05:08,662 [om1@group-C5BA1605619E-LeaderElection1] INFO  server.RaftServerConfigKeys (ConfUtils.java:logGet(46)) - raft.server.watch.timeout.denomination = 1s (default)
2023-07-13 02:05:08,663 [om1@group-C5BA1605619E-LeaderElection1] INFO  server.RaftServerConfigKeys (ConfUtils.java:logGet(46)) - raft.server.watch.element-limit = 65536 (default)
2023-07-13 02:05:08,668 [om1@group-C5BA1605619E-LeaderElection1] INFO  server.RaftServerConfigKeys (ConfUtils.java:logGet(46)) - raft.server.write.element-limit = 4096 (default)
2023-07-13 02:05:08,670 [om1@group-C5BA1605619E-LeaderElection1] INFO  server.RaftServerConfigKeys (ConfUtils.java:logGet(46)) - raft.server.write.follower.gap.ratio.max = -1.0 (default)
2023-07-13 02:05:08,672 [om1@group-C5BA1605619E-LeaderElection1] INFO  impl.RoleInfo (RoleInfo.java:updateAndGet(139)) - om1: start om1@group-C5BA1605619E-LeaderStateImpl
2023-07-13 02:05:08,696 [om1@group-C5BA1605619E-LeaderElection1] INFO  segmented.SegmentedRaftLogWorker (SegmentedRaftLogWorker.java:startLogSegment(447)) - om1@group-C5BA1605619E-SegmentedRaftLogWorker: Starting segment from index:0
2023-07-13 02:05:08,734 [om1@group-C5BA1605619E-LeaderElection1] INFO  server.RaftServer$Division (ServerState.java:setRaftConf(434)) - om1@group-C5BA1605619E: set configuration 0: peers:[om1|rpc:fv-az201-768.ett4tu3jvdse5ovc2mkgjqcs5a.bx.internal.cloudapp.net:9872|admin:|client:|dataStream:|priority:0|startupRole:FOLLOWER]|listeners:[], old=null
2023-07-13 02:05:08,841 [om1@group-C5BA1605619E-SegmentedRaftLogWorker] INFO  segmented.SegmentedRaftLogWorker (SegmentedRaftLogWorker.java:execute(651)) - om1@group-C5BA1605619E-SegmentedRaftLogWorker: created new log segment /tmp/junit4496821280052724969/junit3765399018649964516/om-meta/ratis/bf265839-605b-3f16-9796-c5ba1605619e/current/log_inprogress_0
2023-07-13 02:05:08,945 [om1@group-C5BA1605619E-StateMachineUpdater] INFO  ratis.OzoneManagerStateMachine (OzoneManagerStateMachine.java:notifyConfigurationChanged(201)) - Received Configuration change notification from Ratis. New Peer list:
[id: "om1"
address: "fv-az201-768.ett4tu3jvdse5ovc2mkgjqcs5a.bx.internal.cloudapp.net:9872"
startupRole: FOLLOWER
]
2023-07-13 02:05:09,866 [OM StateMachine ApplyTransaction Thread - 0] INFO  security.S3RevokeSecretRequest (S3RevokeSecretRequest.java:validateAndUpdateCache(127)) - Secret for om/fv-az201-768.ett4tu3jvdse5ovc2mkgjqcs5a.bx.internal.cloudapp.net@EXAMPLE.COM is revoked.
2023-07-13 02:05:09,902 [OM StateMachine ApplyTransaction Thread - 0] INFO  security.S3RevokeSecretRequest (S3RevokeSecretRequest.java:validateAndUpdateCache(127)) - Secret for om/fv-az201-768.ett4tu3jvdse5ovc2mkgjqcs5a.bx.internal.cloudapp.net@EXAMPLE.COM is revoked.
2023-07-13 02:05:09,914 [OM StateMachine ApplyTransaction Thread - 0] INFO  security.S3RevokeSecretRequest (S3RevokeSecretRequest.java:validateAndUpdateCache(127)) - Secret for HADOOP/ALICE is revoked.
2023-07-13 02:05:09,918 [pool-142-thread-2] INFO  request.KdcRequest (KdcRequest.java:preauth(651)) - The preauth data is empty.
2023-07-13 02:05:09,919 [pool-142-thread-2] INFO  server.KdcHandler (KdcHandler.java:handleRecoverableException(177)) - KRB error occurred while processing request:Additional pre-authentication required
2023-07-13 02:05:09,925 [pool-142-thread-2] INFO  request.AsRequest (AsRequest.java:issueTicket(112)) - AS_REQ ISSUE: authtime 1689213909924,test@EXAMPLE.COM for krbtgt/EXAMPLE.COM@EXAMPLE.COM
2023-07-13 02:05:09,938 [pool-142-thread-2] INFO  request.TgsRequest (TgsRequest.java:issueTicket(115)) - TGS_REQ ISSUE: authtime 1689213909938,test for om/fv-az201-768.ett4tu3jvdse5ovc2mkgjqcs5a.bx.internal.cloudapp.net@EXAMPLE.COM
2023-07-13 02:05:09,948 [Socket Reader #1 for port 1202] INFO  ipc.Server (Server.java:saslProcess(2139)) - Auth successful for test@EXAMPLE.COM (auth:KERBEROS) from fv-az201-768.ett4tu3jvdse5ovc2mkgjqcs5a.bx.internal.cloudapp.net:52924 / 10.1.0.115:52924
2023-07-13 02:05:09,976 [Time-limited test] INFO  om.OzoneManager (OzoneManager.java:stop(2198)) - om1[fv-az201-768.ett4tu3jvdse5ovc2mkgjqcs5a.bx.internal.cloudapp.net:1202]: Stopping Ozone Manager
2023-07-13 02:05:09,976 [Time-limited test] INFO  ipc.Server (Server.java:stop(3523)) - Stopping server on 1202
2023-07-13 02:05:09,978 [IPC Server listener on 1202] INFO  ipc.Server (Server.java:run(1434)) - Stopping IPC Server listener on 1202
2023-07-13 02:05:09,979 [IPC Server Responder] INFO  ipc.Server (Server.java:run(1567)) - Stopping IPC Server Responder
2023-07-13 02:05:09,981 [Time-limited test] INFO  server.RaftServer (RaftServerProxy.java:lambda$close$6(416)) - om1: close
2023-07-13 02:05:09,983 [om1-impl-thread1] INFO  server.RaftServer$Division (RaftServerImpl.java:lambda$close$4(466)) - om1@group-C5BA1605619E: shutdown
2023-07-13 02:05:09,983 [om1-impl-thread1] INFO  util.JmxRegister (JmxRegister.java:unregister(73)) - Successfully un-registered JMX Bean with object name Ratis:service=RaftServer,group=group-C5BA1605619E,id=om1
2023-07-13 02:05:09,983 [om1-impl-thread1] INFO  impl.RoleInfo (RoleInfo.java:shutdownLeaderState(93)) - om1: shutdown om1@group-C5BA1605619E-LeaderStateImpl
2023-07-13 02:05:09,983 [om1-impl-thread1] INFO  impl.PendingRequests (PendingRequests.java:sendNotLeaderResponses(289)) - om1@group-C5BA1605619E-PendingRequests: sendNotLeaderResponses
2023-07-13 02:05:09,984 [Time-limited test] INFO  server.GrpcService (GrpcService.java:closeImpl(311)) - om1: shutdown server GrpcServerProtocolService now
2023-07-13 02:05:09,992 [om1-impl-thread1] INFO  impl.StateMachineUpdater (StateMachineUpdater.java:stopAndJoin(155)) - om1@group-C5BA1605619E-StateMachineUpdater: set stopIndex = 18
2023-07-13 02:05:09,993 [om1@group-C5BA1605619E-StateMachineUpdater] INFO  ratis.OzoneManagerStateMachine (OzoneManagerStateMachine.java:takeSnapshot(479)) - Current Snapshot Index (t:1, i:18)
2023-07-13 02:05:09,996 [Time-limited test] INFO  server.GrpcService (GrpcService.java:closeImpl(320)) - om1: shutdown server GrpcServerProtocolService successfully
2023-07-13 02:05:10,017 [om1@group-C5BA1605619E-StateMachineUpdater] INFO  impl.StateMachineUpdater (StateMachineUpdater.java:takeSnapshot(291)) - om1@group-C5BA1605619E-StateMachineUpdater: Took a snapshot at index 18
2023-07-13 02:05:10,017 [om1@group-C5BA1605619E-StateMachineUpdater] INFO  impl.StateMachineUpdater (StateMachineUpdater.java:lambda$new$0(97)) - om1@group-C5BA1605619E-StateMachineUpdater: snapshotIndex: updateIncreasingly -1 -> 18
2023-07-13 02:05:10,017 [om1@group-C5BA1605619E-StateMachineUpdater] INFO  ratis.OzoneManagerStateMachine (OzoneManagerStateMachine.java:close(533)) - StateMachine has shutdown. Shutdown OzoneManager if not already shutdown.
2023-07-13 02:05:10,017 [om1@group-C5BA1605619E-StateMachineUpdater] INFO  ratis.OzoneManagerDoubleBuffer (OzoneManagerDoubleBuffer.java:stopDaemon(551)) - Stopping OMDoubleBuffer flush thread
2023-07-13 02:05:10,017 [OMDoubleBufferFlushThread] INFO  ratis.OzoneManagerDoubleBuffer (OzoneManagerDoubleBuffer.java:canFlush(638)) - OMDoubleBuffer flush thread OMDoubleBufferFlushThread is interrupted and will exit.
2023-07-13 02:05:10,018 [om1-impl-thread1] INFO  server.RaftServer$Division (ServerState.java:close(472)) - om1@group-C5BA1605619E: closes. applyIndex: 18
2023-07-13 02:05:10,916 [om1-impl-thread1] INFO  segmented.SegmentedRaftLogWorker (SegmentedRaftLogWorker.java:close(252)) - om1@group-C5BA1605619E-SegmentedRaftLogWorker close()
2023-07-13 02:05:10,918 [JvmPauseMonitor2] INFO  util.JvmPauseMonitor (JvmPauseMonitor.java:run(109)) - JvmPauseMonitor-om1: Stopped
2023-07-13 02:05:10,918 [Time-limited test] INFO  ratis.OzoneManagerStateMachine (OzoneManagerStateMachine.java:close(533)) - StateMachine has shutdown. Shutdown OzoneManager if not already shutdown.
2023-07-13 02:05:10,918 [Time-limited test] INFO  ratis.OzoneManagerDoubleBuffer (OzoneManagerDoubleBuffer.java:stopDaemon(560)) - OMDoubleBuffer flush thread is not running.
2023-07-13 02:05:10,919 [Time-limited test] INFO  utils.BackgroundService (BackgroundService.java:shutdown(141)) - Shutting down service KeyDeletingService
2023-07-13 02:05:10,919 [Time-limited test] INFO  utils.BackgroundService (BackgroundService.java:shutdown(141)) - Shutting down service KeyDeletingService
2023-07-13 02:05:10,919 [Time-limited test] INFO  utils.BackgroundService (BackgroundService.java:shutdown(141)) - Shutting down service OpenKeyCleanupService
2023-07-13 02:05:10,920 [Time-limited test] INFO  utils.BackgroundService (BackgroundService.java:shutdown(141)) - Shutting down service SstFilteringService
2023-07-13 02:05:10,921 [Time-limited test] INFO  utils.BackgroundService (BackgroundService.java:shutdown(141)) - Shutting down service SnapshotDeletingService
2023-07-13 02:05:10,921 [Time-limited test] INFO  om.OzoneManager (OzoneManager.java:stopSecretManager(1058)) - Stopping secret key client.
2023-07-13 02:05:10,921 [Time-limited test] INFO  om.OzoneManager (OzoneManager.java:stopSecretManager(1063)) - Stopping OM delegation token secret manager.
2023-07-13 02:05:10,921 [Thread[Thread-707,5,FailOnTimeoutGroup]] INFO  security.OzoneDelegationTokenSecretManager (OzoneDelegationTokenSecretManager.java:run(653)) - ExpiredTokenRemover was interrupted.
java.lang.InterruptedException: sleep interrupted
	at java.lang.Thread.sleep(Native Method)
	at org.apache.hadoop.ozone.security.OzoneDelegationTokenSecretManager$ExpiredTokenRemover.run(OzoneDelegationTokenSecretManager.java:649)
	at java.lang.Thread.run(Thread.java:750)
2023-07-13 02:05:10,922 [Time-limited test] INFO  handler.ContextHandler (ContextHandler.java:doStop(1159)) - Stopped o.e.j.w.WebAppContext@2ea3544d{ozoneManager,/,null,STOPPED}{file:/home/runner/work/ozone/ozone/hadoop-ozone/integration-test/target/test-classes/webapps/ozoneManager}
2023-07-13 02:05:10,923 [Time-limited test] INFO  server.AbstractConnector (AbstractConnector.java:doStop(383)) - Stopped ServerConnector@250209dd{HTTP/1.1, (http/1.1)}{0.0.0.0:9874}
2023-07-13 02:05:10,923 [Time-limited test] INFO  server.session (HouseKeeper.java:stopScavenging(149)) - node0 Stopped scavenging
2023-07-13 02:05:10,924 [Time-limited test] INFO  handler.ContextHandler (ContextHandler.java:doStop(1159)) - Stopped o.e.j.s.ServletContextHandler@3cf8c1bd{static,/static,file:///home/runner/work/ozone/ozone/hadoop-ozone/integration-test/target/test-classes/webapps/static,STOPPED}
2023-07-13 02:05:10,924 [Time-limited test] INFO  handler.ContextHandler (ContextHandler.java:doStop(1159)) - Stopped o.e.j.s.ServletContextHandler@1e95f1bf{logs,/logs,file:///home/runner/work/ozone/ozone/hadoop-ozone/integration-test/target/log,STOPPED}
2023-07-13 02:05:10,927 [Time-limited test] INFO  snapshot.SnapshotDiffManager (SnapshotDiffManager.java:closeExecutorService(1720)) - Shutting down executorService: 'SnapDiffExecutor'
2023-07-13 02:05:10,927 [Time-limited test] INFO  snapshot.SnapshotDiffManager (SnapshotDiffManager.java:closeExecutorService(1720)) - Shutting down executorService: 'SstDumpToolExecutor'
2023-07-13 02:05:10,927 [Time-limited test] INFO  utils.BackgroundService (BackgroundService.java:shutdown(141)) - Shutting down service SnapshotDiffCleanupService
2023-07-13 02:05:10,929 [Time-limited test] INFO  impl.DefaultInternalKdcServerImpl (DefaultInternalKdcServerImpl.java:doStop(102)) - Default Internal kdc server stopped.
2023-07-13 02:05:11,929 [Time-limited test] INFO  minikdc.MiniKdc (MiniKdc.java:stop(359)) - MiniKdc stopped.
2023-07-13 02:05:11,930 [Time-limited test] INFO  om.OzoneManager (OzoneManager.java:stop(2198)) - om1[fv-az201-768.ett4tu3jvdse5ovc2mkgjqcs5a.bx.internal.cloudapp.net:1202]: Stopping Ozone Manager
]]></system-out>
  </testcase>
  <testcase name="testCertificateRotationUnRecoverableFailure" classname="org.apache.hadoop.ozone.TestSecureOzoneCluster" time="0">
    <skipped message="Run it locally since it will terminate the process."/>
  </testcase>
  <testcase name="testOMGrpcServerCertificateRenew" classname="org.apache.hadoop.ozone.TestSecureOzoneCluster" time="0">
    <skipped message="HDDS-8764"/>
  </testcase>
  <testcase name="testCertificateRotation" classname="org.apache.hadoop.ozone.TestSecureOzoneCluster" time="22.117">
    <system-out><![CDATA[2023-07-13 02:05:11,957 [Time-limited test] INFO  net.ServerSocketUtil (ServerSocketUtil.java:getPort(55)) - Using port 9860
2023-07-13 02:05:11,957 [Time-limited test] INFO  net.ServerSocketUtil (ServerSocketUtil.java:getPort(55)) - Using port 9861
2023-07-13 02:05:11,957 [Time-limited test] INFO  net.ServerSocketUtil (ServerSocketUtil.java:getPort(55)) - Using port 9863
2023-07-13 02:05:11,957 [Time-limited test] INFO  net.ServerSocketUtil (ServerSocketUtil.java:getPort(55)) - Using port 9961
2023-07-13 02:05:11,957 [Time-limited test] INFO  net.ServerSocketUtil (ServerSocketUtil.java:getPort(55)) - Using port 1200
2023-07-13 02:05:11,957 [Time-limited test] INFO  net.ServerSocketUtil (ServerSocketUtil.java:getPort(55)) - Using port 1201
2023-07-13 02:05:11,958 [Time-limited test] INFO  minikdc.MiniKdc (MiniKdc.java:<init>(225)) - Configuration:
2023-07-13 02:05:11,958 [Time-limited test] INFO  minikdc.MiniKdc (MiniKdc.java:<init>(226)) - ---------------------------------------------------------------
2023-07-13 02:05:11,958 [Time-limited test] INFO  minikdc.MiniKdc (MiniKdc.java:<init>(228)) -   debug: false
2023-07-13 02:05:11,958 [Time-limited test] INFO  minikdc.MiniKdc (MiniKdc.java:<init>(228)) -   transport: TCP
2023-07-13 02:05:11,959 [Time-limited test] INFO  minikdc.MiniKdc (MiniKdc.java:<init>(228)) -   max.ticket.lifetime: 86400000
2023-07-13 02:05:11,959 [Time-limited test] INFO  minikdc.MiniKdc (MiniKdc.java:<init>(228)) -   org.name: EXAMPLE
2023-07-13 02:05:11,959 [Time-limited test] INFO  minikdc.MiniKdc (MiniKdc.java:<init>(228)) -   kdc.port: 0
2023-07-13 02:05:11,959 [Time-limited test] INFO  minikdc.MiniKdc (MiniKdc.java:<init>(228)) -   org.domain: COM
2023-07-13 02:05:11,959 [Time-limited test] INFO  minikdc.MiniKdc (MiniKdc.java:<init>(228)) -   max.renewable.lifetime: 604800000
2023-07-13 02:05:11,959 [Time-limited test] INFO  minikdc.MiniKdc (MiniKdc.java:<init>(228)) -   instance: DefaultKrbServer
2023-07-13 02:05:11,959 [Time-limited test] INFO  minikdc.MiniKdc (MiniKdc.java:<init>(228)) -   kdc.bind.address: localhost
2023-07-13 02:05:11,959 [Time-limited test] INFO  minikdc.MiniKdc (MiniKdc.java:<init>(230)) - ---------------------------------------------------------------
2023-07-13 02:05:11,961 [Time-limited test] INFO  minikdc.MiniKdc (MiniKdc.java:start(285)) - MiniKdc started.
2023-07-13 02:05:12,110 [Time-limited test] INFO  om.OzoneManager (OzoneManager.java:getOmDetailsProto(4566)) - OzoneManager ports added:[name: "RPC"
value: 1202
]
2023-07-13 02:05:12,110 [Time-limited test] WARN  server.ServerUtils (ServerUtils.java:getDBPath(311)) - ozone.om.db.dirs is not configured. We recommend adding this setting. Falling back to ozone.metadata.dirs instead.
2023-07-13 02:05:12,116 [Time-limited test] INFO  utils.SelfSignedCertificate (SelfSignedCertificate.java:generateCertificate(157)) - Certificate 1250156 is issued by CN=localhost,OU=test,O=cluster to CN=localhost,OU=test,O=cluster, valid from Thu Jul 13 02:05:12 UTC 2023 to Thu Jul 13 02:05:32 UTC 2023
2023-07-13 02:05:12,119 [Time-limited test] INFO  utils.CertificateCodec (CertificateCodec.java:writeCertificate(299)) - Save certificate to /tmp/junit7241543374956471653/junit8476753436018036865/om-meta/om/certs/certificate.crt
2023-07-13 02:05:12,119 [Time-limited test] INFO  utils.CertificateCodec (CertificateCodec.java:writeCertificate(300)) - Certificate -----BEGIN CERTIFICATE-----
MIIC5TCCAc2gAwIBAgIDExNsMA0GCSqGSIb3DQEBCwUAMDUxEjAQBgNVBAMMCWxv
Y2FsaG9zdDENMAsGA1UECwwEdGVzdDEQMA4GA1UECgwHY2x1c3RlcjAeFw0yMzA3
MTMwMjA1MTJaFw0yMzA3MTMwMjA1MzJaMDUxEjAQBgNVBAMMCWxvY2FsaG9zdDEN
MAsGA1UECwwEdGVzdDEQMA4GA1UECgwHY2x1c3RlcjCCASIwDQYJKoZIhvcNAQEB
BQADggEPADCCAQoCggEBAI/loPuZ/bHoJQriG90T+PjkNkbIC8BH3WeK0XZZfhHG
0VWyJOo/i+0oJjr+q1GCx0/Euh10aAkJe+DM09v81H1LvoadnU/K+iBo27mE9T3S
PuijYR3WCx7tL5UxdSYzuru6zLF4E2T0/xTpSdAhDbdsCs5mpCOVG6xMX6PFsAy4
t5vdtyzmjqYfVUA4KYB9imrDfur7gMVx6t61mgRWCZTy3SJoum6lkCoSwzXtIJa3
UANIvfeq2gcCY+pBAr0Ruz3VS1xDv08CyPSTbjIJiBSXdAXxCp2FQhrAIMfcUYh7
D9LxueE0epzKFYG1NZVmWGNycoQHF/c3lQgwravBxfcCAwEAATANBgkqhkiG9w0B
AQsFAAOCAQEAPvWcd2KWPU5pyWMqKETzhr3kppB+VPOzEdoeEQdGkbOElbnShk6y
MTV8hya4cDntuGlkHQAK/M69ZLGLs6hDng2VnrJl3/GJF3nSUlsECosl5/9zV9i3
4YuZm+oYBzh3j2d9dtrCt07PZFYy1cbocWKvbmN1bfUv+6r0RmBsaeqVEV8RaUwe
F9DTzdqchmKj9o3XPg6OK0/VA6mfLRZPKiJLmG4sg6OpRu5PAhFKyfISx/hmtEjh
H/3kg5wqUfOzpo/2SCYbIRQDT+ACQaTfHeJERgSzjT333OHKZDbhHo1DAeRGRbyS
W6IxTGTt8KC+StQUo6QA4mefkAXAo/U2kQ==
-----END CERTIFICATE-----

2023-07-13 02:05:12,171 [Time-limited test] INFO  utils.SelfSignedCertificate (SelfSignedCertificate.java:generateCertificate(157)) - Certificate 1250212 is issued by CN=localhost,OU=test,O=cluster to CN=localhost,OU=test,O=cluster, valid from Thu Jul 13 02:05:22 UTC 2023 to Thu Jul 13 02:05:42 UTC 2023
2023-07-13 02:05:13,948 [Time-limited test] INFO  security.OMCertificateClient (DefaultCertificateClient.java:updateCertSerialId(1248)) - Certificate serial ID set to 1250156
2023-07-13 02:05:13,961 [Time-limited test] INFO  security.OMCertificateClient (DefaultCertificateClient.java:readCertificateFile(224)) - Added certificate   [0]         Version: 3
         SerialNumber: 1250156
             IssuerDN: CN=localhost,OU=test,O=cluster
           Start Date: Thu Jul 13 02:05:12 UTC 2023
           Final Date: Thu Jul 13 02:05:32 UTC 2023
            SubjectDN: CN=localhost,OU=test,O=cluster
           Public Key: RSA Public Key [68:0e:df:6a:a8:6b:d8:5e:86:95:24:51:7b:31:f5:da:b7:9b:ed:b6],[56:66:d1:a4]
        modulus: 8fe5a0fb99fdb1e8250ae21bdd13f8f8e43646c80bc047dd678ad176597e11c6d155b224ea3f8bed28263afeab5182c74fc4ba1d746809097be0ccd3dbfcd47d4bbe869d9d4fcafa2068dbb984f53dd23ee8a3611dd60b1eed2f9531752633babbbaccb1781364f4ff14e949d0210db76c0ace66a423951bac4c5fa3c5b00cb8b79bddb72ce68ea61f55403829807d8a6ac37eeafb80c571eadeb59a04560994f2dd2268ba6ea5902a12c335ed2096b7500348bdf7aada070263ea4102bd11bb3dd54b5c43bf4f02c8f4936e32098814977405f10a9d85421ac020c7dc51887b0fd2f1b9e1347a9cca1581b535956658637272840717f737950830adabc1c5f7
public exponent: 10001

  Signature Algorithm: SHA256WITHRSA
            Signature: 3ef59c7762963d4e69c9632a2844f386bde4a690
                       7e54f3b311da1e11074691b38495b9d2864eb231
                       357c8726b87039edb869641d000afccebd64b18b
                       b3a8439e0d959eb265dff1891779d2525b040a8b
                       25e7ff7357d8b7e18b999bea180738778f677d76
                       dac2b74ecf645632d5c6e87162af6e63756df52f
                       fbaaf446606c69ea95115f11694c1e17d0d3cdda
                       9c8662a3f68dd73e0e8e2b4fd503a99f2d164f2a
                       224b986e2c83a3a946ee4f02114ac9f212c7f866
                       b448e11ffde4839c2a51f3b3a68ff648261b2114
                       034fe00241a4df1de2444604b38d3df7dce1ca64
                       36e11e8d4301e44645bc925ba2314c64edf0a0be
                       4ad414a3a400e2679f9005c0a3f53691
 from file: /tmp/junit7241543374956471653/junit8476753436018036865/om-meta/om/certs/certificate.crt.
2023-07-13 02:05:13,986 [Time-limited test] INFO  security.OMCertificateClient (DefaultCertificateClient.java:startCertificateRenewerService(1349)) - CertificateRenewerService for om is started with first delay 8022 ms and interval 3333 ms.
2023-07-13 02:05:13,988 [Time-limited test] INFO  security.OMCertificateClient (DefaultCertificateClient.java:init(723)) - Certificate client init case: 7
2023-07-13 02:05:13,988 [Time-limited test] INFO  security.OMCertificateClient (CommonCertificateClient.java:handleCase(111)) - Found certificate file along with KeyPair.
2023-07-13 02:05:14,162 [Time-limited test] INFO  security.OMCertificateClient (DefaultCertificateClient.java:validateKeyPairAndCertificate(821)) - Keypair validated.
2023-07-13 02:05:14,254 [Time-limited test] INFO  security.OMCertificateClient (DefaultCertificateClient.java:validateKeyPairAndCertificate(824)) - Keypair validated with certificate.
2023-07-13 02:05:14,255 [Time-limited test] INFO  ha.OMHANodeDetails (OMHANodeDetails.java:loadOMHAConfig(115)) - ozone.om.internal.service.id is not defined, falling back to ozone.om.service.ids to find serviceID for OzoneManager if it is HA enabled cluster
2023-07-13 02:05:14,258 [Time-limited test] INFO  ha.OMHANodeDetails (OMHANodeDetails.java:loadOMHAConfig(226)) - Configuration does not have ozone.om.address set. Falling back to the default OM address fv-az201-768.ett4tu3jvdse5ovc2mkgjqcs5a.bx.internal.cloudapp.net/10.1.0.115:1202
2023-07-13 02:05:14,260 [Time-limited test] INFO  ha.OMHANodeDetails (OMHANodeDetails.java:getOMNodeDetailsForNonHA(254)) - OM Service ID is not set. Setting it to the default ID: omServiceIdDefault
2023-07-13 02:05:14,261 [Time-limited test] INFO  ha.OMHANodeDetails (OMHANodeDetails.java:getOMNodeDetailsForNonHA(261)) - OM Node ID is not set. Setting it to the default ID: om1
2023-07-13 02:05:14,264 [Time-limited test] WARN  server.ServerUtils (ServerUtils.java:getDBPath(311)) - ozone.om.db.dirs is not configured. We recommend adding this setting. Falling back to ozone.metadata.dirs instead.
2023-07-13 02:05:14,272 [Time-limited test] INFO  upgrade.AbstractLayoutVersionManager (AbstractLayoutVersionManager.java:init(83)) - Initializing Layout version manager with metadata layout = QUOTA (version = 6), software layout = QUOTA (version = 6)
2023-07-13 02:05:14,514 [Time-limited test] INFO  reflections.Reflections (Reflections.java:scan(232)) - Reflections took 240 ms to scan 2 urls, producing 186 keys and 508 values [using 2 cores]
2023-07-13 02:05:14,516 [Time-limited test] INFO  upgrade.OMLayoutVersionManager (OMLayoutVersionManager.java:lambda$0(115)) - Skipping Upgrade Action QuotaRepairUpgradeAction since it has been finalized.
2023-07-13 02:05:14,516 [Time-limited test] INFO  upgrade.OMLayoutVersionManager (OMLayoutVersionManager.java:lambda$0(115)) - Skipping Upgrade Action MockOmUpgradeAction since it has been finalized.
2023-07-13 02:05:14,535 [pool-174-thread-1] INFO  request.KdcRequest (KdcRequest.java:preauth(651)) - The preauth data is empty.
2023-07-13 02:05:14,539 [pool-174-thread-1] INFO  server.KdcHandler (KdcHandler.java:handleRecoverableException(177)) - KRB error occurred while processing request:Additional pre-authentication required
2023-07-13 02:05:14,549 [pool-174-thread-1] INFO  request.AsRequest (AsRequest.java:issueTicket(112)) - AS_REQ ISSUE: authtime 1689213914547,om/fv-az201-768.ett4tu3jvdse5ovc2mkgjqcs5a.bx.internal.cloudapp.net@EXAMPLE.COM for krbtgt/EXAMPLE.COM@EXAMPLE.COM
2023-07-13 02:05:14,553 [Time-limited test] INFO  security.UserGroupInformation (UserGroupInformation.java:loginUserFromKeytab(1132)) - Login successful for user om/fv-az201-768.ett4tu3jvdse5ovc2mkgjqcs5a.bx.internal.cloudapp.net@EXAMPLE.COM using keytab file om.keytab. Keytab auto renewal enabled : false
2023-07-13 02:05:14,553 [Time-limited test] INFO  om.OzoneManager (OzoneManager.java:loginOMUser(1155)) - Ozone Manager login successful.
2023-07-13 02:05:14,553 [Time-limited test] WARN  server.ServerUtils (ServerUtils.java:getDBPath(311)) - ozone.om.db.dirs is not configured. We recommend adding this setting. Falling back to ozone.metadata.dirs instead.
2023-07-13 02:05:14,563 [Time-limited test] INFO  proxy.SCMBlockLocationFailoverProxyProvider (SCMBlockLocationFailoverProxyProvider.java:<init>(114)) - Created block location fail-over proxy with 1 nodes: [nodeId=scmNodeId,nodeAddress=localhost/127.0.0.1:9863]
2023-07-13 02:05:14,565 [Time-limited test] INFO  om.OzoneManager (OzoneManager.java:getOmDetailsProto(4566)) - OzoneManager ports added:[name: "RPC"
value: 1202
]
2023-07-13 02:05:14,574 [Time-limited test] INFO  security.OMCertificateClient (DefaultCertificateClient.java:updateCertSerialId(1248)) - Certificate serial ID set to 1250156
2023-07-13 02:05:14,577 [Time-limited test] INFO  security.OMCertificateClient (DefaultCertificateClient.java:readCertificateFile(224)) - Added certificate   [0]         Version: 3
         SerialNumber: 1250156
             IssuerDN: CN=localhost,OU=test,O=cluster
           Start Date: Thu Jul 13 02:05:12 UTC 2023
           Final Date: Thu Jul 13 02:05:32 UTC 2023
            SubjectDN: CN=localhost,OU=test,O=cluster
           Public Key: RSA Public Key [68:0e:df:6a:a8:6b:d8:5e:86:95:24:51:7b:31:f5:da:b7:9b:ed:b6],[56:66:d1:a4]
        modulus: 8fe5a0fb99fdb1e8250ae21bdd13f8f8e43646c80bc047dd678ad176597e11c6d155b224ea3f8bed28263afeab5182c74fc4ba1d746809097be0ccd3dbfcd47d4bbe869d9d4fcafa2068dbb984f53dd23ee8a3611dd60b1eed2f9531752633babbbaccb1781364f4ff14e949d0210db76c0ace66a423951bac4c5fa3c5b00cb8b79bddb72ce68ea61f55403829807d8a6ac37eeafb80c571eadeb59a04560994f2dd2268ba6ea5902a12c335ed2096b7500348bdf7aada070263ea4102bd11bb3dd54b5c43bf4f02c8f4936e32098814977405f10a9d85421ac020c7dc51887b0fd2f1b9e1347a9cca1581b535956658637272840717f737950830adabc1c5f7
public exponent: 10001

  Signature Algorithm: SHA256WITHRSA
            Signature: 3ef59c7762963d4e69c9632a2844f386bde4a690
                       7e54f3b311da1e11074691b38495b9d2864eb231
                       357c8726b87039edb869641d000afccebd64b18b
                       b3a8439e0d959eb265dff1891779d2525b040a8b
                       25e7ff7357d8b7e18b999bea180738778f677d76
                       dac2b74ecf645632d5c6e87162af6e63756df52f
                       fbaaf446606c69ea95115f11694c1e17d0d3cdda
                       9c8662a3f68dd73e0e8e2b4fd503a99f2d164f2a
                       224b986e2c83a3a946ee4f02114ac9f212c7f866
                       b448e11ffde4839c2a51f3b3a68ff648261b2114
                       034fe00241a4df1de2444604b38d3df7dce1ca64
                       36e11e8d4301e44645bc925ba2314c64edf0a0be
                       4ad414a3a400e2679f9005c0a3f53691
 from file: /tmp/junit7241543374956471653/junit8476753436018036865/om-meta/om/certs/certificate.crt.
2023-07-13 02:05:14,594 [Time-limited test] INFO  security.OMCertificateClient (DefaultCertificateClient.java:startCertificateRenewerService(1349)) - CertificateRenewerService for om is started with first delay 7414 ms and interval 3333 ms.
2023-07-13 02:05:14,629 [Time-limited test] INFO  om.OzoneManager (OzoneManager.java:<init>(658)) - OM start with adminUsers: [om/fv-az201-768.ett4tu3jvdse5ovc2mkgjqcs5a.bx.internal.cloudapp.net@EXAMPLE.COM, om]
2023-07-13 02:05:14,631 [Time-limited test] WARN  server.ServerUtils (ServerUtils.java:getDBPath(311)) - ozone.om.db.dirs is not configured. We recommend adding this setting. Falling back to ozone.metadata.dirs instead.
2023-07-13 02:05:14,633 [Time-limited test] INFO  helpers.OmKeyInfo (OmKeyInfo.java:getCodec(71)) - OmKeyInfo.getCodec ignorePipeline = true
2023-07-13 02:05:14,970 [Time-limited test] INFO  om.OzoneManager (OzoneManager.java:instantiateServices(787)) - S3 Multi-Tenancy is disabled
2023-07-13 02:05:14,971 [Time-limited test] INFO  security.OzoneSecretStore (OzoneSecretStore.java:loadState(69)) - Loaded 0 tokens
2023-07-13 02:05:14,971 [Time-limited test] INFO  security.OzoneDelegationTokenSecretManager (OzoneDelegationTokenSecretManager.java:loadTokenSecretState(530)) - Loading token state into token manager.
2023-07-13 02:05:14,972 [Time-limited test] INFO  om.OmSnapshotManager (OmSnapshotManager.java:<init>(175)) - Ozone filesystem snapshot feature is enabled.
2023-07-13 02:05:14,972 [Time-limited test] WARN  server.ServerUtils (ServerUtils.java:getDBPath(311)) - ozone.om.snapshot.diff.db.dir is not configured. We recommend adding this setting. Falling back to ozone.metadata.dirs instead.
2023-07-13 02:05:15,015 [Time-limited test] INFO  snapshot.SnapshotDiffManager (SnapshotDiffManager.java:closeExecutorService(1720)) - Shutting down executorService: 'SstDumpToolExecutor'
2023-07-13 02:05:15,020 [Time-limited test] INFO  om.OzoneManager (OzoneManager.java:addS3GVolumeToDB(4298)) - Created Volume s3v With Owner om required for S3Gateway operations.
2023-07-13 02:05:15,020 [Time-limited test] WARN  server.ServerUtils (ServerUtils.java:getDefaultRatisDirectory(323)) - Storage directory for Ratis is not configured. It is a good idea to map this to an SSD disk. Falling back to ozone.metadata.dirs
2023-07-13 02:05:15,020 [Time-limited test] WARN  utils.OzoneManagerRatisUtils (OzoneManagerRatisUtils.java:getOMRatisSnapshotDirectory(461)) - ozone.om.ratis.snapshot.dir is not configured. Falling back to ozone.metadata.dirs config
2023-07-13 02:05:15,021 [Time-limited test] WARN  server.ServerUtils (ServerUtils.java:getDefaultRatisDirectory(323)) - Storage directory for Ratis is not configured. It is a good idea to map this to an SSD disk. Falling back to ozone.metadata.dirs
2023-07-13 02:05:15,032 [Time-limited test] INFO  ratis.OzoneManagerRatisServer (OzoneManagerRatisServer.java:<init>(163)) - Instantiating OM Ratis server with groupID: omServiceIdDefault and peers: fv-az201-768.ett4tu3jvdse5ovc2mkgjqcs5a.bx.internal.cloudapp.net:9872
2023-07-13 02:05:15,033 [Time-limited test] INFO  ratis.OzoneManagerStateMachine (OzoneManagerStateMachine.java:loadSnapshotInfoFromDB(670)) - LastAppliedIndex is set from TransactionInfo from OM DB as (t:0, i:~)
2023-07-13 02:05:15,038 [Time-limited test] INFO  server.RaftServer (ConfUtils.java:logGet(46)) - raft.rpc.type = GRPC (default)
2023-07-13 02:05:15,045 [Time-limited test] INFO  grpc.GrpcConfigKeys (ConfUtils.java:logFallback(53)) - raft.grpc.admin.host = null (fallback to raft.grpc.server.host)
2023-07-13 02:05:15,045 [Time-limited test] INFO  grpc.GrpcConfigKeys (ConfUtils.java:logFallback(53)) - raft.grpc.admin.port = 9872 (fallback to raft.grpc.server.port)
2023-07-13 02:05:15,045 [Time-limited test] INFO  grpc.GrpcConfigKeys (ConfUtils.java:logFallback(53)) - raft.grpc.client.host = null (fallback to raft.grpc.server.host)
2023-07-13 02:05:15,046 [Time-limited test] INFO  grpc.GrpcConfigKeys (ConfUtils.java:logFallback(53)) - raft.grpc.client.port = 9872 (fallback to raft.grpc.server.port)
2023-07-13 02:05:15,046 [Time-limited test] INFO  grpc.GrpcConfigKeys (ConfUtils.java:logGet(46)) - raft.grpc.server.host = null (default)
2023-07-13 02:05:15,046 [Time-limited test] INFO  grpc.GrpcConfigKeys (ConfUtils.java:logGet(46)) - raft.grpc.server.port = 9872 (custom)
2023-07-13 02:05:15,046 [Time-limited test] INFO  server.GrpcService (ConfUtils.java:logGet(46)) - raft.grpc.message.size.max = 33554432 (custom)
2023-07-13 02:05:15,046 [Time-limited test] INFO  server.RaftServerConfigKeys (ConfUtils.java:logGet(46)) - raft.server.log.appender.buffer.byte-limit = 33554432 (custom)
2023-07-13 02:05:15,047 [Time-limited test] INFO  server.GrpcService (ConfUtils.java:logGet(46)) - raft.grpc.flow.control.window = 1MB (=1048576) (default)
2023-07-13 02:05:15,047 [Time-limited test] INFO  server.RaftServerConfigKeys (ConfUtils.java:logGet(46)) - raft.server.rpc.request.timeout = 3000ms (default)
2023-07-13 02:05:15,047 [Time-limited test] INFO  grpc.GrpcConfigKeys (ConfUtils.java:logGet(46)) - raft.grpc.server.heartbeat.channel = true (default)
2023-07-13 02:05:15,047 [Time-limited test] INFO  grpc.GrpcConfigKeys (ConfUtils.java:logGet(46)) - raft.grpc.server.async.request.thread.pool.cached = true (default)
2023-07-13 02:05:15,047 [Time-limited test] INFO  grpc.GrpcConfigKeys (ConfUtils.java:logGet(46)) - raft.grpc.server.async.request.thread.pool.size = 32 (default)
2023-07-13 02:05:15,049 [Time-limited test] INFO  impl.DataStreamServerImpl (ConfUtils.java:logGet(46)) - raft.datastream.type = DISABLED (default)
2023-07-13 02:05:15,051 [Time-limited test] INFO  server.RaftServerConfigKeys (ConfUtils.java:logGet(46)) - raft.server.threadpool.proxy.cached = true (default)
2023-07-13 02:05:15,052 [Time-limited test] INFO  server.RaftServerConfigKeys (ConfUtils.java:logGet(46)) - raft.server.threadpool.proxy.size = 0 (default)
2023-07-13 02:05:15,052 [Time-limited test] INFO  server.RaftServerConfigKeys (ConfUtils.java:logGet(46)) - raft.server.rpc.slowness.timeout = 120s (custom)
2023-07-13 02:05:15,053 [Time-limited test] INFO  server.RaftServerConfigKeys (ConfUtils.java:logGet(46)) - raft.server.leaderelection.leader.step-down.wait-time = 10s (default)
2023-07-13 02:05:15,053 [Time-limited test] INFO  server.RaftServerConfigKeys (ConfUtils.java:logGet(46)) - raft.server.storage.dir = [/tmp/junit7241543374956471653/junit8476753436018036865/om-meta/ratis] (custom)
2023-07-13 02:05:15,064 [Time-limited test] INFO  server.RaftServer (RaftServerProxy.java:addNew(98)) - om1: addNew group-C5BA1605619E:[om1|rpc:fv-az201-768.ett4tu3jvdse5ovc2mkgjqcs5a.bx.internal.cloudapp.net:9872|priority:0|startupRole:FOLLOWER] returns group-C5BA1605619E:java.util.concurrent.CompletableFuture@40530184[Not completed]
2023-07-13 02:05:15,064 [Time-limited test] INFO  om.OzoneManager (OzoneManager.java:initializeRatisServer(2139)) - OzoneManager Ratis server initialized at port 9872
2023-07-13 02:05:15,064 [Time-limited test] INFO  om.OzoneManager (OzoneManager.java:getRpcServer(1187)) - Creating RPC Server
2023-07-13 02:05:15,076 [om1-groupManagement] INFO  server.RaftServer$Division (RaftServerImpl.java:<init>(198)) - om1: new RaftServerImpl for group-C5BA1605619E:[om1|rpc:fv-az201-768.ett4tu3jvdse5ovc2mkgjqcs5a.bx.internal.cloudapp.net:9872|priority:0|startupRole:FOLLOWER] with OzoneManagerStateMachine:uninitialized
2023-07-13 02:05:15,096 [om1-groupManagement] INFO  server.RaftServerConfigKeys (ConfUtils.java:logGet(46)) - raft.server.rpc.timeout.min = 5s (custom)
2023-07-13 02:05:15,096 [om1-groupManagement] INFO  server.RaftServerConfigKeys (ConfUtils.java:logGet(46)) - raft.server.rpc.timeout.max = 5200ms (custom)
2023-07-13 02:05:15,096 [om1-groupManagement] INFO  server.RaftServerConfigKeys (ConfUtils.java:logGet(46)) - raft.server.rpc.sleep.time = 25ms (default)
2023-07-13 02:05:15,096 [om1-groupManagement] INFO  server.RaftServerConfigKeys (ConfUtils.java:logGet(46)) - raft.server.rpc.slowness.timeout = 120s (custom)
2023-07-13 02:05:15,097 [om1-groupManagement] INFO  server.RaftServerConfigKeys (ConfUtils.java:logGet(46)) - raft.server.leaderelection.leader.step-down.wait-time = 10s (default)
2023-07-13 02:05:15,097 [om1-groupManagement] INFO  server.RaftServerConfigKeys (ConfUtils.java:logGet(46)) - raft.server.sleep.deviation.threshold = 300ms (default)
2023-07-13 02:05:15,097 [om1-groupManagement] INFO  server.RaftServer$Division (ServerState.java:<init>(120)) - om1@group-C5BA1605619E: ConfigurationManager, init=-1: peers:[om1|rpc:fv-az201-768.ett4tu3jvdse5ovc2mkgjqcs5a.bx.internal.cloudapp.net:9872|priority:0|startupRole:FOLLOWER]|listeners:[], old=null, confs=<EMPTY_MAP>
2023-07-13 02:05:15,097 [om1-groupManagement] INFO  server.RaftServerConfigKeys (ConfUtils.java:logGet(46)) - raft.server.storage.dir = [/tmp/junit7241543374956471653/junit8476753436018036865/om-meta/ratis] (custom)
2023-07-13 02:05:15,098 [om1-groupManagement] INFO  server.RaftServerConfigKeys (ConfUtils.java:logGet(46)) - raft.server.log.corruption.policy = EXCEPTION (default)
2023-07-13 02:05:15,098 [om1-groupManagement] INFO  server.RaftServerConfigKeys (ConfUtils.java:logGet(46)) - raft.server.storage.free-space.min = 0MB (=0) (default)
2023-07-13 02:05:15,098 [om1-groupManagement] INFO  server.RaftServerConfigKeys (ConfUtils.java:logGet(46)) - raft.server.notification.no-leader.timeout = 120s (custom)
2023-07-13 02:05:15,098 [om1-groupManagement] INFO  server.RaftServerConfigKeys (ConfUtils.java:logGet(46)) - raft.server.read.timeout = 10s (default)
2023-07-13 02:05:15,098 [om1-groupManagement] INFO  server.RaftServerConfigKeys (ConfUtils.java:logGet(46)) - raft.server.retrycache.expirytime = 300s (custom)
2023-07-13 02:05:15,098 [om1-groupManagement] INFO  server.RaftServerConfigKeys (ConfUtils.java:logGet(46)) - raft.server.retrycache.statistics.expirytime = 100μs (default)
2023-07-13 02:05:15,099 [om1-groupManagement] INFO  server.RaftServerConfigKeys (ConfUtils.java:logGet(46)) - raft.server.read.option = DEFAULT (default)
2023-07-13 02:05:15,100 [om1-groupManagement] INFO  server.RaftServerConfigKeys (ConfUtils.java:logGet(46)) - raft.server.rpc.request.timeout = 3000ms (default)
2023-07-13 02:05:15,100 [om1-groupManagement] INFO  server.RaftServerConfigKeys (ConfUtils.java:logGet(46)) - raft.server.log.appender.install.snapshot.enabled = false (custom)
2023-07-13 02:05:15,100 [om1-groupManagement] INFO  server.RaftServerConfigKeys (ConfUtils.java:logGet(46)) - raft.server.threadpool.server.cached = true (default)
2023-07-13 02:05:15,100 [om1-groupManagement] INFO  server.RaftServerConfigKeys (ConfUtils.java:logGet(46)) - raft.server.threadpool.server.size = 0 (default)
2023-07-13 02:05:15,100 [om1-groupManagement] INFO  server.RaftServerConfigKeys (ConfUtils.java:logGet(46)) - raft.server.threadpool.client.cached = true (default)
2023-07-13 02:05:15,101 [om1-groupManagement] INFO  server.RaftServerConfigKeys (ConfUtils.java:logGet(46)) - raft.server.threadpool.client.size = 0 (default)
2023-07-13 02:05:15,824 [Time-limited test] INFO  reflections.Reflections (Reflections.java:scan(232)) - Reflections took 748 ms to scan 19 urls, producing 70 keys and 5533 values [using 2 cores]
2023-07-13 02:05:15,841 [Time-limited test] INFO  ipc.CallQueueManager (CallQueueManager.java:<init>(90)) - Using callQueue: class java.util.concurrent.LinkedBlockingQueue, queueCapacity: 10000, scheduler: class org.apache.hadoop.ipc.DefaultRpcScheduler, ipcBackoff: false.
2023-07-13 02:05:15,841 [Time-limited test] INFO  ipc.Server (Server.java:<init>(1287)) - Listener at fv-az201-768.ett4tu3jvdse5ovc2mkgjqcs5a.bx.internal.cloudapp.net:1202
2023-07-13 02:05:15,850 [Socket Reader #1 for port 1202] INFO  ipc.Server (Server.java:run(1323)) - Starting Socket Reader #1 for port 1202
2023-07-13 02:05:16,598 [RootCaRotationPoller] INFO  retry.RetryInvocationHandler (RetryInvocationHandler.java:log(422)) - com.google.protobuf.ServiceException: java.net.ConnectException: Call From fv-az201-768/10.1.0.115 to localhost:9961 failed on connection exception: java.net.ConnectException: Connection refused; For more details see:  http://wiki.apache.org/hadoop/ConnectionRefused, while invoking $Proxy26.submitRequest over nodeId=scmNodeId,nodeAddress=localhost/127.0.0.1:9961 after 1 failover attempts. Trying to failover after sleeping for 2000ms. Current retry count: 1.
2023-07-13 02:05:18,601 [RootCaRotationPoller] INFO  retry.RetryInvocationHandler (RetryInvocationHandler.java:log(422)) - com.google.protobuf.ServiceException: java.net.ConnectException: Call From fv-az201-768/10.1.0.115 to localhost:9961 failed on connection exception: java.net.ConnectException: Connection refused; For more details see:  http://wiki.apache.org/hadoop/ConnectionRefused, while invoking $Proxy26.submitRequest over nodeId=scmNodeId,nodeAddress=localhost/127.0.0.1:9961 after 2 failover attempts. Trying to failover after sleeping for 2000ms. Current retry count: 2.
2023-07-13 02:05:20,602 [RootCaRotationPoller] INFO  retry.RetryInvocationHandler (RetryInvocationHandler.java:log(422)) - com.google.protobuf.ServiceException: java.net.ConnectException: Call From fv-az201-768/10.1.0.115 to localhost:9961 failed on connection exception: java.net.ConnectException: Connection refused; For more details see:  http://wiki.apache.org/hadoop/ConnectionRefused, while invoking $Proxy26.submitRequest over nodeId=scmNodeId,nodeAddress=localhost/127.0.0.1:9961 after 3 failover attempts. Trying to failover after sleeping for 2000ms. Current retry count: 3.
2023-07-13 02:05:22,003 [om-CertificateRenewerService] INFO  security.OMCertificateClient (DefaultCertificateClient.java:run(1382)) - Current certificate 1250156 needs to be renewed remaining grace period PT0S. Forced renewal due to root ca rotation: false.
2023-07-13 02:05:22,416 [om-CertificateRenewerService] INFO  ozone.OzoneSecurityUtil (OzoneSecurityUtil.java:getValidInetsForCurrentHost(119)) - ip:fe80:0:0:0:20d:3aff:fe98:b55f%eth0 not returned.
2023-07-13 02:05:22,416 [om-CertificateRenewerService] INFO  ozone.OzoneSecurityUtil (OzoneSecurityUtil.java:getValidInetsForCurrentHost(116)) - Adding ip:10.1.0.115,host:fv-az201-768.ett4tu3jvdse5ovc2mkgjqcs5a.bx.internal.cloudapp.net
2023-07-13 02:05:22,416 [om-CertificateRenewerService] INFO  ozone.OzoneSecurityUtil (OzoneSecurityUtil.java:getValidInetsForCurrentHost(119)) - ip:0:0:0:0:0:0:0:1%lo not returned.
2023-07-13 02:05:22,416 [om-CertificateRenewerService] INFO  ozone.OzoneSecurityUtil (OzoneSecurityUtil.java:getValidInetsForCurrentHost(119)) - ip:127.0.0.1 not returned.
2023-07-13 02:05:22,422 [om-CertificateRenewerService] INFO  security.OMCertificateClient (OMCertificateClient.java:getCSRBuilder(114)) - Creating csr for OM->dns:fv-az201-768.ett4tu3jvdse5ovc2mkgjqcs5a.bx.internal.cloudapp.net,ip:10.1.0.115,scmId:50291eeb-4913-40ca-8016-a3f234d3d5ac,clusterId:e51189cd-2344-4b6a-9d86-5946a2a956fa,subject:om@fv-az201-768.ett4tu3jvdse5ovc2mkgjqcs5a.bx.internal.cloudapp.net
2023-07-13 02:05:22,435 [om-CertificateRenewerService] INFO  utils.CertificateCodec (CertificateCodec.java:writeCertificate(299)) - Save certificate to /tmp/junit7241543374956471653/junit8476753436018036865/om-meta/om/certs-next/1250212.crt
2023-07-13 02:05:22,435 [om-CertificateRenewerService] INFO  utils.CertificateCodec (CertificateCodec.java:writeCertificate(300)) - Certificate -----BEGIN CERTIFICATE-----
MIIB4DCCAUmgAwIBAgIDExOkMA0GCSqGSIb3DQEBCwUAMDUxEjAQBgNVBAMMCWxv
Y2FsaG9zdDENMAsGA1UECwwEdGVzdDEQMA4GA1UECgwHY2x1c3RlcjAeFw0yMzA3
MTMwMjA1MjJaFw0yMzA3MTMwMjA1NDJaMDUxEjAQBgNVBAMMCWxvY2FsaG9zdDEN
MAsGA1UECwwEdGVzdDEQMA4GA1UECgwHY2x1c3RlcjCBnzANBgkqhkiG9w0BAQEF
AAOBjQAwgYkCgYEAgkdDTWis5/0Ni8v+fImZGE4iBNt15ahTWLmq31CuMe40STMW
3fYHif7xyduTJ/6l/hERvWeRB6vbnJTA+9jHPc5jRMiNLIjnvKU0BCaZc/781T+n
qwxUL2I6mRy65NqxuPU0VLOHjLqZP2dTpxuwJA/lqf5i+dqiNJ4RWnWyPacCAwEA
ATANBgkqhkiG9w0BAQsFAAOBgQA+C8kHXIgX0EmdsFBc5r7gyOtaS0hQWzk+a7UH
OWnCuWi7KWAt80FGfz6+ybMhW772J1Qa8GAEya8d2LJL4Av0nBXsOu7iU6spKz9e
j4BjZbCgzY2Lzq7slgY0DmbVy/3qtceNqEGAMJbjfbCRnjY1yu6LT94MeVkV9SI7
YILW2w==
-----END CERTIFICATE-----

2023-07-13 02:05:22,436 [om-CertificateRenewerService] INFO  utils.CertificateCodec (CertificateCodec.java:writeCertificate(299)) - Save certificate to /tmp/junit7241543374956471653/junit8476753436018036865/om-meta/om/certs-next/CA-1250212.crt
2023-07-13 02:05:22,436 [om-CertificateRenewerService] INFO  utils.CertificateCodec (CertificateCodec.java:writeCertificate(300)) - Certificate -----BEGIN CERTIFICATE-----
MIIB4DCCAUmgAwIBAgIDExOkMA0GCSqGSIb3DQEBCwUAMDUxEjAQBgNVBAMMCWxv
Y2FsaG9zdDENMAsGA1UECwwEdGVzdDEQMA4GA1UECgwHY2x1c3RlcjAeFw0yMzA3
MTMwMjA1MjJaFw0yMzA3MTMwMjA1NDJaMDUxEjAQBgNVBAMMCWxvY2FsaG9zdDEN
MAsGA1UECwwEdGVzdDEQMA4GA1UECgwHY2x1c3RlcjCBnzANBgkqhkiG9w0BAQEF
AAOBjQAwgYkCgYEAgkdDTWis5/0Ni8v+fImZGE4iBNt15ahTWLmq31CuMe40STMW
3fYHif7xyduTJ/6l/hERvWeRB6vbnJTA+9jHPc5jRMiNLIjnvKU0BCaZc/781T+n
qwxUL2I6mRy65NqxuPU0VLOHjLqZP2dTpxuwJA/lqf5i+dqiNJ4RWnWyPacCAwEA
ATANBgkqhkiG9w0BAQsFAAOBgQA+C8kHXIgX0EmdsFBc5r7gyOtaS0hQWzk+a7UH
OWnCuWi7KWAt80FGfz6+ybMhW772J1Qa8GAEya8d2LJL4Av0nBXsOu7iU6spKz9e
j4BjZbCgzY2Lzq7slgY0DmbVy/3qtceNqEGAMJbjfbCRnjY1yu6LT94MeVkV9SI7
YILW2w==
-----END CERTIFICATE-----

2023-07-13 02:05:22,437 [om-CertificateRenewerService] INFO  security.OMCertificateClient (DefaultCertificateClient.java:updateCertSerialId(1248)) - Certificate serial ID set to 1250212
2023-07-13 02:05:22,446 [om-CertificateRenewerService] INFO  security.OMCertificateClient (DefaultCertificateClient.java:readCertificateFile(224)) - Added certificate   [0]         Version: 3
         SerialNumber: 1250156
             IssuerDN: CN=localhost,OU=test,O=cluster
           Start Date: Thu Jul 13 02:05:12 UTC 2023
           Final Date: Thu Jul 13 02:05:32 UTC 2023
            SubjectDN: CN=localhost,OU=test,O=cluster
           Public Key: RSA Public Key [68:0e:df:6a:a8:6b:d8:5e:86:95:24:51:7b:31:f5:da:b7:9b:ed:b6],[56:66:d1:a4]
        modulus: 8fe5a0fb99fdb1e8250ae21bdd13f8f8e43646c80bc047dd678ad176597e11c6d155b224ea3f8bed28263afeab5182c74fc4ba1d746809097be0ccd3dbfcd47d4bbe869d9d4fcafa2068dbb984f53dd23ee8a3611dd60b1eed2f9531752633babbbaccb1781364f4ff14e949d0210db76c0ace66a423951bac4c5fa3c5b00cb8b79bddb72ce68ea61f55403829807d8a6ac37eeafb80c571eadeb59a04560994f2dd2268ba6ea5902a12c335ed2096b7500348bdf7aada070263ea4102bd11bb3dd54b5c43bf4f02c8f4936e32098814977405f10a9d85421ac020c7dc51887b0fd2f1b9e1347a9cca1581b535956658637272840717f737950830adabc1c5f7
public exponent: 10001

  Signature Algorithm: SHA256WITHRSA
            Signature: 3ef59c7762963d4e69c9632a2844f386bde4a690
                       7e54f3b311da1e11074691b38495b9d2864eb231
                       357c8726b87039edb869641d000afccebd64b18b
                       b3a8439e0d959eb265dff1891779d2525b040a8b
                       25e7ff7357d8b7e18b999bea180738778f677d76
                       dac2b74ecf645632d5c6e87162af6e63756df52f
                       fbaaf446606c69ea95115f11694c1e17d0d3cdda
                       9c8662a3f68dd73e0e8e2b4fd503a99f2d164f2a
                       224b986e2c83a3a946ee4f02114ac9f212c7f866
                       b448e11ffde4839c2a51f3b3a68ff648261b2114
                       034fe00241a4df1de2444604b38d3df7dce1ca64
                       36e11e8d4301e44645bc925ba2314c64edf0a0be
                       4ad414a3a400e2679f9005c0a3f53691
 from file: /tmp/junit7241543374956471653/junit8476753436018036865/om-meta/om/certs/certificate.crt.
2023-07-13 02:05:22,447 [om-CertificateRenewerService] INFO  security.OMCertificateClient (DefaultCertificateClient.java:renewAndStoreKeyAndCertificate(1164)) - Successful renew key and certificate. New certificate 1250212.
2023-07-13 02:05:22,447 [om-CertificateRenewerService] INFO  security.OMCertificateClient (DefaultCertificateClient.java:updateCertSerialId(1248)) - Certificate serial ID set to 1250212
2023-07-13 02:05:22,448 [om-CertificateRenewerService] INFO  security.OMCertificateClient (DefaultCertificateClient.java:readCertificateFile(224)) - Added certificate   [0]         Version: 3
         SerialNumber: 1250212
             IssuerDN: CN=localhost,OU=test,O=cluster
           Start Date: Thu Jul 13 02:05:22 UTC 2023
           Final Date: Thu Jul 13 02:05:42 UTC 2023
            SubjectDN: CN=localhost,OU=test,O=cluster
           Public Key: RSA Public Key [40:e6:c4:3a:ca:79:00:ee:92:53:37:31:da:a6:50:dc:02:7b:e0:33],[56:66:d1:a4]
        modulus: 8247434d68ace7fd0d8bcbfe7c8999184e2204db75e5a85358b9aadf50ae31ee34493316ddf60789fef1c9db9327fea5fe1111bd679107abdb9c94c0fbd8c73dce6344c88d2c88e7bca53404269973fefcd53fa7ab0c542f623a991cbae4dab1b8f53454b3878cba993f6753a71bb0240fe5a9fe62f9daa2349e115a75b23da7
public exponent: 10001

  Signature Algorithm: SHA256WITHRSA
            Signature: 3e0bc9075c8817d0499db0505ce6bee0c8eb5a4b
                       48505b393e6bb5073969c2b968bb29602df34146
                       7f3ebec9b3215bbef627541af06004c9af1dd8b2
                       4be00bf49c15ec3aeee253ab292b3f5e8f806365
                       b0a0cd8d8bceaeec9606340e66d5cbfdeab5c78d
                       a841803096e37db0919e3635caee8b4fde0c7959
                       15f5223b6082d6db
 from file: /tmp/junit7241543374956471653/junit8476753436018036865/om-meta/om/certs/1250212.crt.
2023-07-13 02:05:22,452 [om-CertificateRenewerService] INFO  security.OMCertificateClient (DefaultCertificateClient.java:readCertificateFile(224)) - Added certificate   [0]         Version: 3
         SerialNumber: 1250212
             IssuerDN: CN=localhost,OU=test,O=cluster
           Start Date: Thu Jul 13 02:05:22 UTC 2023
           Final Date: Thu Jul 13 02:05:42 UTC 2023
            SubjectDN: CN=localhost,OU=test,O=cluster
           Public Key: RSA Public Key [40:e6:c4:3a:ca:79:00:ee:92:53:37:31:da:a6:50:dc:02:7b:e0:33],[56:66:d1:a4]
        modulus: 8247434d68ace7fd0d8bcbfe7c8999184e2204db75e5a85358b9aadf50ae31ee34493316ddf60789fef1c9db9327fea5fe1111bd679107abdb9c94c0fbd8c73dce6344c88d2c88e7bca53404269973fefcd53fa7ab0c542f623a991cbae4dab1b8f53454b3878cba993f6753a71bb0240fe5a9fe62f9daa2349e115a75b23da7
public exponent: 10001

  Signature Algorithm: SHA256WITHRSA
            Signature: 3e0bc9075c8817d0499db0505ce6bee0c8eb5a4b
                       48505b393e6bb5073969c2b968bb29602df34146
                       7f3ebec9b3215bbef627541af06004c9af1dd8b2
                       4be00bf49c15ec3aeee253ab292b3f5e8f806365
                       b0a0cd8d8bceaeec9606340e66d5cbfdeab5c78d
                       a841803096e37db0919e3635caee8b4fde0c7959
                       15f5223b6082d6db
 from file: /tmp/junit7241543374956471653/junit8476753436018036865/om-meta/om/certs/CA-1250212.crt.
2023-07-13 02:05:22,452 [om-CertificateRenewerService] INFO  security.OMCertificateClient (DefaultCertificateClient.java:reloadKeyAndCertificate(1234)) - Reset and reloaded key and all certificates for new certificate 1250212.
2023-07-13 02:05:23,029 [Time-limited test] INFO  utils.SelfSignedCertificate (SelfSignedCertificate.java:generateCertificate(157)) - Certificate 1261065 is issued by CN=localhost,OU=test,O=cluster to CN=localhost,OU=test,O=cluster, valid from Thu Jul 13 02:05:23 UTC 2023 to Thu Jul 13 02:05:43 UTC 2023
2023-07-13 02:05:32,002 [om-CertificateRenewerService] INFO  security.OMCertificateClient (DefaultCertificateClient.java:run(1382)) - Current certificate 1250212 needs to be renewed remaining grace period PT0S. Forced renewal due to root ca rotation: false.
2023-07-13 02:05:32,357 [om-CertificateRenewerService] INFO  ozone.OzoneSecurityUtil (OzoneSecurityUtil.java:getValidInetsForCurrentHost(119)) - ip:fe80:0:0:0:20d:3aff:fe98:b55f%eth0 not returned.
2023-07-13 02:05:32,357 [om-CertificateRenewerService] INFO  ozone.OzoneSecurityUtil (OzoneSecurityUtil.java:getValidInetsForCurrentHost(116)) - Adding ip:10.1.0.115,host:fv-az201-768.ett4tu3jvdse5ovc2mkgjqcs5a.bx.internal.cloudapp.net
2023-07-13 02:05:32,357 [om-CertificateRenewerService] INFO  ozone.OzoneSecurityUtil (OzoneSecurityUtil.java:getValidInetsForCurrentHost(119)) - ip:0:0:0:0:0:0:0:1%lo not returned.
2023-07-13 02:05:32,357 [om-CertificateRenewerService] INFO  ozone.OzoneSecurityUtil (OzoneSecurityUtil.java:getValidInetsForCurrentHost(119)) - ip:127.0.0.1 not returned.
2023-07-13 02:05:32,360 [om-CertificateRenewerService] INFO  security.OMCertificateClient (OMCertificateClient.java:getCSRBuilder(114)) - Creating csr for OM->dns:fv-az201-768.ett4tu3jvdse5ovc2mkgjqcs5a.bx.internal.cloudapp.net,ip:10.1.0.115,scmId:50291eeb-4913-40ca-8016-a3f234d3d5ac,clusterId:e51189cd-2344-4b6a-9d86-5946a2a956fa,subject:om@fv-az201-768.ett4tu3jvdse5ovc2mkgjqcs5a.bx.internal.cloudapp.net
2023-07-13 02:05:32,363 [om-CertificateRenewerService] INFO  utils.CertificateCodec (CertificateCodec.java:writeCertificate(299)) - Save certificate to /tmp/junit7241543374956471653/junit8476753436018036865/om-meta/om/certs-next/1261065.crt
2023-07-13 02:05:32,364 [om-CertificateRenewerService] INFO  utils.CertificateCodec (CertificateCodec.java:writeCertificate(300)) - Certificate -----BEGIN CERTIFICATE-----
MIIB4DCCAUmgAwIBAgIDEz4JMA0GCSqGSIb3DQEBCwUAMDUxEjAQBgNVBAMMCWxv
Y2FsaG9zdDENMAsGA1UECwwEdGVzdDEQMA4GA1UECgwHY2x1c3RlcjAeFw0yMzA3
MTMwMjA1MjNaFw0yMzA3MTMwMjA1NDNaMDUxEjAQBgNVBAMMCWxvY2FsaG9zdDEN
MAsGA1UECwwEdGVzdDEQMA4GA1UECgwHY2x1c3RlcjCBnzANBgkqhkiG9w0BAQEF
AAOBjQAwgYkCgYEAmEypeoY854DBDsQRykVzH6bingxJHwHfPsY06z1bRIbDJH7K
WC1jM4sbEip5WdczGfCmfxw+hfZ5mclWVl8ElkCM5WVwI+AFmbEXuBKxrOxRKWPn
KEPWXj5kM+BvuKmlxtF52IOXDE5nIyFxmCL9O5ZqPARAJF+vlvD5FUQmpS8CAwEA
ATANBgkqhkiG9w0BAQsFAAOBgQARXzcMK/KUReOf9pEuF1979G45cILOIw4cOtng
4XRENcjPVsZA7G6xf1KUUPwaCp6rq4OI1OpFfugnMUGUpFzD4dkK7/61FDRv6kWT
TvAWl9IfHWpR/vGRV6rrMK02n/eTAHK5ptRM+HlhUZ40GZoWp18bE4ZE8sfnHBtW
tYVSNw==
-----END CERTIFICATE-----

2023-07-13 02:05:32,364 [om-CertificateRenewerService] INFO  utils.CertificateCodec (CertificateCodec.java:writeCertificate(299)) - Save certificate to /tmp/junit7241543374956471653/junit8476753436018036865/om-meta/om/certs-next/CA-1261065.crt
2023-07-13 02:05:32,364 [om-CertificateRenewerService] INFO  utils.CertificateCodec (CertificateCodec.java:writeCertificate(300)) - Certificate -----BEGIN CERTIFICATE-----
MIIB4DCCAUmgAwIBAgIDEz4JMA0GCSqGSIb3DQEBCwUAMDUxEjAQBgNVBAMMCWxv
Y2FsaG9zdDENMAsGA1UECwwEdGVzdDEQMA4GA1UECgwHY2x1c3RlcjAeFw0yMzA3
MTMwMjA1MjNaFw0yMzA3MTMwMjA1NDNaMDUxEjAQBgNVBAMMCWxvY2FsaG9zdDEN
MAsGA1UECwwEdGVzdDEQMA4GA1UECgwHY2x1c3RlcjCBnzANBgkqhkiG9w0BAQEF
AAOBjQAwgYkCgYEAmEypeoY854DBDsQRykVzH6bingxJHwHfPsY06z1bRIbDJH7K
WC1jM4sbEip5WdczGfCmfxw+hfZ5mclWVl8ElkCM5WVwI+AFmbEXuBKxrOxRKWPn
KEPWXj5kM+BvuKmlxtF52IOXDE5nIyFxmCL9O5ZqPARAJF+vlvD5FUQmpS8CAwEA
ATANBgkqhkiG9w0BAQsFAAOBgQARXzcMK/KUReOf9pEuF1979G45cILOIw4cOtng
4XRENcjPVsZA7G6xf1KUUPwaCp6rq4OI1OpFfugnMUGUpFzD4dkK7/61FDRv6kWT
TvAWl9IfHWpR/vGRV6rrMK02n/eTAHK5ptRM+HlhUZ40GZoWp18bE4ZE8sfnHBtW
tYVSNw==
-----END CERTIFICATE-----

2023-07-13 02:05:32,365 [om-CertificateRenewerService] INFO  security.OMCertificateClient (DefaultCertificateClient.java:updateCertSerialId(1248)) - Certificate serial ID set to 1261065
2023-07-13 02:05:32,366 [om-CertificateRenewerService] INFO  security.OMCertificateClient (DefaultCertificateClient.java:readCertificateFile(224)) - Added certificate   [0]         Version: 3
         SerialNumber: 1250212
             IssuerDN: CN=localhost,OU=test,O=cluster
           Start Date: Thu Jul 13 02:05:22 UTC 2023
           Final Date: Thu Jul 13 02:05:42 UTC 2023
            SubjectDN: CN=localhost,OU=test,O=cluster
           Public Key: RSA Public Key [40:e6:c4:3a:ca:79:00:ee:92:53:37:31:da:a6:50:dc:02:7b:e0:33],[56:66:d1:a4]
        modulus: 8247434d68ace7fd0d8bcbfe7c8999184e2204db75e5a85358b9aadf50ae31ee34493316ddf60789fef1c9db9327fea5fe1111bd679107abdb9c94c0fbd8c73dce6344c88d2c88e7bca53404269973fefcd53fa7ab0c542f623a991cbae4dab1b8f53454b3878cba993f6753a71bb0240fe5a9fe62f9daa2349e115a75b23da7
public exponent: 10001

  Signature Algorithm: SHA256WITHRSA
            Signature: 3e0bc9075c8817d0499db0505ce6bee0c8eb5a4b
                       48505b393e6bb5073969c2b968bb29602df34146
                       7f3ebec9b3215bbef627541af06004c9af1dd8b2
                       4be00bf49c15ec3aeee253ab292b3f5e8f806365
                       b0a0cd8d8bceaeec9606340e66d5cbfdeab5c78d
                       a841803096e37db0919e3635caee8b4fde0c7959
                       15f5223b6082d6db
 from file: /tmp/junit7241543374956471653/junit8476753436018036865/om-meta/om/certs/1250212.crt.
2023-07-13 02:05:32,367 [om-CertificateRenewerService] INFO  security.OMCertificateClient (DefaultCertificateClient.java:readCertificateFile(224)) - Added certificate   [0]         Version: 3
         SerialNumber: 1250212
             IssuerDN: CN=localhost,OU=test,O=cluster
           Start Date: Thu Jul 13 02:05:22 UTC 2023
           Final Date: Thu Jul 13 02:05:42 UTC 2023
            SubjectDN: CN=localhost,OU=test,O=cluster
           Public Key: RSA Public Key [40:e6:c4:3a:ca:79:00:ee:92:53:37:31:da:a6:50:dc:02:7b:e0:33],[56:66:d1:a4]
        modulus: 8247434d68ace7fd0d8bcbfe7c8999184e2204db75e5a85358b9aadf50ae31ee34493316ddf60789fef1c9db9327fea5fe1111bd679107abdb9c94c0fbd8c73dce6344c88d2c88e7bca53404269973fefcd53fa7ab0c542f623a991cbae4dab1b8f53454b3878cba993f6753a71bb0240fe5a9fe62f9daa2349e115a75b23da7
public exponent: 10001

  Signature Algorithm: SHA256WITHRSA
            Signature: 3e0bc9075c8817d0499db0505ce6bee0c8eb5a4b
                       48505b393e6bb5073969c2b968bb29602df34146
                       7f3ebec9b3215bbef627541af06004c9af1dd8b2
                       4be00bf49c15ec3aeee253ab292b3f5e8f806365
                       b0a0cd8d8bceaeec9606340e66d5cbfdeab5c78d
                       a841803096e37db0919e3635caee8b4fde0c7959
                       15f5223b6082d6db
 from file: /tmp/junit7241543374956471653/junit8476753436018036865/om-meta/om/certs/CA-1250212.crt.
2023-07-13 02:05:32,371 [om-CertificateRenewerService] INFO  security.OMCertificateClient (DefaultCertificateClient.java:renewAndStoreKeyAndCertificate(1164)) - Successful renew key and certificate. New certificate 1261065.
2023-07-13 02:05:32,371 [om-CertificateRenewerService] INFO  security.OMCertificateClient (DefaultCertificateClient.java:updateCertSerialId(1248)) - Certificate serial ID set to 1261065
2023-07-13 02:05:32,377 [om-CertificateRenewerService] INFO  security.OMCertificateClient (DefaultCertificateClient.java:readCertificateFile(224)) - Added certificate   [0]         Version: 3
         SerialNumber: 1261065
             IssuerDN: CN=localhost,OU=test,O=cluster
           Start Date: Thu Jul 13 02:05:23 UTC 2023
           Final Date: Thu Jul 13 02:05:43 UTC 2023
            SubjectDN: CN=localhost,OU=test,O=cluster
           Public Key: RSA Public Key [ee:bd:cd:e4:e1:b6:4c:a0:d5:e7:80:87:90:e0:4c:11:e5:c4:b3:f0],[56:66:d1:a4]
        modulus: 984ca97a863ce780c10ec411ca45731fa6e29e0c491f01df3ec634eb3d5b4486c3247eca582d63338b1b122a7959d73319f0a67f1c3e85f67999c956565f0496408ce5657023e00599b117b812b1acec512963e72843d65e3e6433e06fb8a9a5c6d179d883970c4e672321719822fd3b966a3c0440245faf96f0f9154426a52f
public exponent: 10001

  Signature Algorithm: SHA256WITHRSA
            Signature: 115f370c2bf29445e39ff6912e175f7bf46e3970
                       82ce230e1c3ad9e0e1744435c8cf56c640ec6eb1
                       7f529450fc1a0a9eabab8388d4ea457ee8273141
                       94a45cc3e1d90aeffeb514346fea45934ef01697
                       d21f1d6a51fef19157aaeb30ad369ff7930072b9
                       a6d44cf87961519e34199a16a75f1b138644f2c7
                       e71c1b56b5855237
 from file: /tmp/junit7241543374956471653/junit8476753436018036865/om-meta/om/certs/CA-1261065.crt.
2023-07-13 02:05:32,379 [om-CertificateRenewerService] INFO  security.OMCertificateClient (DefaultCertificateClient.java:readCertificateFile(224)) - Added certificate   [0]         Version: 3
         SerialNumber: 1261065
             IssuerDN: CN=localhost,OU=test,O=cluster
           Start Date: Thu Jul 13 02:05:23 UTC 2023
           Final Date: Thu Jul 13 02:05:43 UTC 2023
            SubjectDN: CN=localhost,OU=test,O=cluster
           Public Key: RSA Public Key [ee:bd:cd:e4:e1:b6:4c:a0:d5:e7:80:87:90:e0:4c:11:e5:c4:b3:f0],[56:66:d1:a4]
        modulus: 984ca97a863ce780c10ec411ca45731fa6e29e0c491f01df3ec634eb3d5b4486c3247eca582d63338b1b122a7959d73319f0a67f1c3e85f67999c956565f0496408ce5657023e00599b117b812b1acec512963e72843d65e3e6433e06fb8a9a5c6d179d883970c4e672321719822fd3b966a3c0440245faf96f0f9154426a52f
public exponent: 10001

  Signature Algorithm: SHA256WITHRSA
            Signature: 115f370c2bf29445e39ff6912e175f7bf46e3970
                       82ce230e1c3ad9e0e1744435c8cf56c640ec6eb1
                       7f529450fc1a0a9eabab8388d4ea457ee8273141
                       94a45cc3e1d90aeffeb514346fea45934ef01697
                       d21f1d6a51fef19157aaeb30ad369ff7930072b9
                       a6d44cf87961519e34199a16a75f1b138644f2c7
                       e71c1b56b5855237
 from file: /tmp/junit7241543374956471653/junit8476753436018036865/om-meta/om/certs/1261065.crt.
2023-07-13 02:05:32,379 [om-CertificateRenewerService] INFO  security.OMCertificateClient (DefaultCertificateClient.java:reloadKeyAndCertificate(1234)) - Reset and reloaded key and all certificates for new certificate 1261065.
2023-07-13 02:05:33,042 [Time-limited test] INFO  impl.DefaultInternalKdcServerImpl (DefaultInternalKdcServerImpl.java:doStop(102)) - Default Internal kdc server stopped.
2023-07-13 02:05:34,043 [Time-limited test] INFO  minikdc.MiniKdc (MiniKdc.java:stop(359)) - MiniKdc stopped.
2023-07-13 02:05:34,044 [Time-limited test] INFO  om.OzoneManager (OzoneManager.java:stop(2198)) - om1[fv-az201-768.ett4tu3jvdse5ovc2mkgjqcs5a.bx.internal.cloudapp.net:1202]: Stopping Ozone Manager
2023-07-13 02:05:34,044 [Time-limited test] INFO  ipc.Server (Server.java:stop(3523)) - Stopping server on 1202
2023-07-13 02:05:34,045 [Time-limited test] INFO  ratis.OzoneManagerStateMachine (OzoneManagerStateMachine.java:close(533)) - StateMachine has shutdown. Shutdown OzoneManager if not already shutdown.
2023-07-13 02:05:34,045 [Time-limited test] INFO  ratis.OzoneManagerDoubleBuffer (OzoneManagerDoubleBuffer.java:stopDaemon(551)) - Stopping OMDoubleBuffer flush thread
2023-07-13 02:05:34,045 [OMDoubleBufferFlushThread] INFO  ratis.OzoneManagerDoubleBuffer (OzoneManagerDoubleBuffer.java:canFlush(638)) - OMDoubleBuffer flush thread OMDoubleBufferFlushThread is interrupted and will exit.
2023-07-13 02:05:34,046 [Time-limited test] INFO  om.OzoneManager (OzoneManager.java:stopSecretManager(1058)) - Stopping secret key client.
2023-07-13 02:05:34,046 [Time-limited test] INFO  om.OzoneManager (OzoneManager.java:stopSecretManager(1063)) - Stopping OM delegation token secret manager.
2023-07-13 02:05:34,048 [Time-limited test] INFO  snapshot.SnapshotDiffManager (SnapshotDiffManager.java:closeExecutorService(1720)) - Shutting down executorService: 'SnapDiffExecutor'
2023-07-13 02:05:34,049 [Time-limited test] INFO  snapshot.SnapshotDiffManager (SnapshotDiffManager.java:closeExecutorService(1720)) - Shutting down executorService: 'SstDumpToolExecutor'
2023-07-13 02:05:34,049 [Time-limited test] INFO  utils.BackgroundService (BackgroundService.java:shutdown(141)) - Shutting down service SnapshotDiffCleanupService
]]></system-out>
  </testcase>
  <testcase name="testSecureOmInitSuccess" classname="org.apache.hadoop.ozone.TestSecureOzoneCluster" time="10.61">
    <system-out><![CDATA[2023-07-13 02:05:34,148 [Time-limited test] INFO  net.ServerSocketUtil (ServerSocketUtil.java:getPort(55)) - Using port 9860
2023-07-13 02:05:34,148 [Time-limited test] INFO  net.ServerSocketUtil (ServerSocketUtil.java:getPort(55)) - Using port 9861
2023-07-13 02:05:34,148 [Time-limited test] INFO  net.ServerSocketUtil (ServerSocketUtil.java:getPort(55)) - Using port 9863
2023-07-13 02:05:34,148 [Time-limited test] INFO  net.ServerSocketUtil (ServerSocketUtil.java:getPort(55)) - Using port 9961
2023-07-13 02:05:34,149 [Time-limited test] INFO  net.ServerSocketUtil (ServerSocketUtil.java:getPort(55)) - Using port 1200
2023-07-13 02:05:34,149 [Time-limited test] INFO  net.ServerSocketUtil (ServerSocketUtil.java:getPort(55)) - Using port 1201
2023-07-13 02:05:34,156 [Time-limited test] INFO  minikdc.MiniKdc (MiniKdc.java:<init>(225)) - Configuration:
2023-07-13 02:05:34,156 [Time-limited test] INFO  minikdc.MiniKdc (MiniKdc.java:<init>(226)) - ---------------------------------------------------------------
2023-07-13 02:05:34,156 [Time-limited test] INFO  minikdc.MiniKdc (MiniKdc.java:<init>(228)) -   debug: false
2023-07-13 02:05:34,156 [Time-limited test] INFO  minikdc.MiniKdc (MiniKdc.java:<init>(228)) -   transport: TCP
2023-07-13 02:05:34,156 [Time-limited test] INFO  minikdc.MiniKdc (MiniKdc.java:<init>(228)) -   max.ticket.lifetime: 86400000
2023-07-13 02:05:34,156 [Time-limited test] INFO  minikdc.MiniKdc (MiniKdc.java:<init>(228)) -   org.name: EXAMPLE
2023-07-13 02:05:34,156 [Time-limited test] INFO  minikdc.MiniKdc (MiniKdc.java:<init>(228)) -   kdc.port: 0
2023-07-13 02:05:34,156 [Time-limited test] INFO  minikdc.MiniKdc (MiniKdc.java:<init>(228)) -   org.domain: COM
2023-07-13 02:05:34,156 [Time-limited test] INFO  minikdc.MiniKdc (MiniKdc.java:<init>(228)) -   max.renewable.lifetime: 604800000
2023-07-13 02:05:34,156 [Time-limited test] INFO  minikdc.MiniKdc (MiniKdc.java:<init>(228)) -   instance: DefaultKrbServer
2023-07-13 02:05:34,156 [Time-limited test] INFO  minikdc.MiniKdc (MiniKdc.java:<init>(228)) -   kdc.bind.address: localhost
2023-07-13 02:05:34,156 [Time-limited test] INFO  minikdc.MiniKdc (MiniKdc.java:<init>(230)) - ---------------------------------------------------------------
2023-07-13 02:05:34,169 [Time-limited test] INFO  minikdc.MiniKdc (MiniKdc.java:start(285)) - MiniKdc started.
2023-07-13 02:05:34,322 [Time-limited test] INFO  om.OzoneManager (OzoneManager.java:getOmDetailsProto(4566)) - OzoneManager ports added:[name: "RPC"
value: 1202
]
2023-07-13 02:05:34,323 [Time-limited test] WARN  server.ServerUtils (ServerUtils.java:getScmDbDir(155)) - ozone.scm.db.dirs is not configured. We recommend adding this setting. Falling back to ozone.metadata.dirs instead.
2023-07-13 02:05:34,323 [Time-limited test] INFO  ha.HASecurityUtils (HASecurityUtils.java:initializeSecurity(98)) - Initializing secure StorageContainerManager.
2023-07-13 02:05:34,326 [Time-limited test] INFO  client.SCMCertificateClient (DefaultCertificateClient.java:updateCertSerialId(1248)) - Certificate serial ID set to null
2023-07-13 02:05:34,326 [Time-limited test] ERROR client.SCMCertificateClient (DefaultCertificateClient.java:getCertPath(349)) - Default certificate serial id is not set. Can't locate the default certificate for this client.
2023-07-13 02:05:34,326 [Time-limited test] INFO  client.SCMCertificateClient (DefaultCertificateClient.java:init(723)) - Certificate client init case: 0
2023-07-13 02:05:34,326 [Time-limited test] INFO  client.SCMCertificateClient (SCMCertificateClient.java:handleCase(96)) - Creating keypair for client as keypair and certificate not found.
2023-07-13 02:05:34,824 [Time-limited test] INFO  ha.HASecurityUtils (HASecurityUtils.java:initializeSecurity(108)) - Init response: GETCERT
2023-07-13 02:05:35,358 [Time-limited test] INFO  ozone.OzoneSecurityUtil (OzoneSecurityUtil.java:getValidInetsForCurrentHost(119)) - ip:fe80:0:0:0:20d:3aff:fe98:b55f%eth0 not returned.
2023-07-13 02:05:35,359 [Time-limited test] INFO  ozone.OzoneSecurityUtil (OzoneSecurityUtil.java:getValidInetsForCurrentHost(116)) - Adding ip:10.1.0.115,host:fv-az201-768.ett4tu3jvdse5ovc2mkgjqcs5a.bx.internal.cloudapp.net
2023-07-13 02:05:35,359 [Time-limited test] INFO  ozone.OzoneSecurityUtil (OzoneSecurityUtil.java:getValidInetsForCurrentHost(119)) - ip:0:0:0:0:0:0:0:1%lo not returned.
2023-07-13 02:05:35,359 [Time-limited test] INFO  ozone.OzoneSecurityUtil (OzoneSecurityUtil.java:getValidInetsForCurrentHost(119)) - ip:127.0.0.1 not returned.
2023-07-13 02:05:35,365 [Time-limited test] INFO  utils.SelfSignedCertificate (SelfSignedCertificate.java:generateCertificate(157)) - Certificate 1 is issued by CN=scm-1@fv-az201-768,OU=a0709618-c377-4aca-8a17-7dbd3c4cf44e,O=52827e5d-f3f1-4105-a708-e37ef7ce1320 to CN=scm-1@fv-az201-768,OU=a0709618-c377-4aca-8a17-7dbd3c4cf44e,O=52827e5d-f3f1-4105-a708-e37ef7ce1320, valid from Thu Jul 13 02:05:35 UTC 2023 to Sun Aug 20 02:05:35 UTC 2028
2023-07-13 02:05:35,366 [Time-limited test] INFO  utils.CertificateCodec (CertificateCodec.java:writeCertificate(299)) - Save certificate to /tmp/junit5225371630981168833/junit2794437877140770013/scm-meta/scm/ca/certs/certificate.crt
2023-07-13 02:05:35,366 [Time-limited test] INFO  utils.CertificateCodec (CertificateCodec.java:writeCertificate(300)) - Certificate -----BEGIN CERTIFICATE-----
MIID5zCCAs+gAwIBAgIBATANBgkqhkiG9w0BAQsFADB7MRswGQYDVQQDDBJzY20t
MUBmdi1hejIwMS03NjgxLTArBgNVBAsMJGEwNzA5NjE4LWMzNzctNGFjYS04YTE3
LTdkYmQzYzRjZjQ0ZTEtMCsGA1UECgwkNTI4MjdlNWQtZjNmMS00MTA1LWE3MDgt
ZTM3ZWY3Y2UxMzIwMB4XDTIzMDcxMzAyMDUzNVoXDTI4MDgyMDAyMDUzNVowezEb
MBkGA1UEAwwSc2NtLTFAZnYtYXoyMDEtNzY4MS0wKwYDVQQLDCRhMDcwOTYxOC1j
Mzc3LTRhY2EtOGExNy03ZGJkM2M0Y2Y0NGUxLTArBgNVBAoMJDUyODI3ZTVkLWYz
ZjEtNDEwNS1hNzA4LWUzN2VmN2NlMTMyMDCCASIwDQYJKoZIhvcNAQEBBQADggEP
ADCCAQoCggEBAPKz18nnCZA5EOVAVccnftKt2KhAK8emuAO916wOMk8R3xvry4Xe
kjfNFmh0IOBMYybOi+QZ+57G/ipR8H4MlNDqSu9mEMflgJCSB3UjAgWYu1Fm1VlG
LUVMiETJTpIiSMdAhi/Ev2Rp9PQAvJlj+RElbXvqLG8IJLQGR2APdu3FEEwjL7wf
gMY6Gr6FBH+xsHiLPcgU8ysXKzf74k/0KS2Nn0+g/jxdPOutSUpeFddSWrIqIDyH
QpJ7xvw0XvUm6Hc2S/vr+rnxZcp+5J7p+xn3yoiT+HBCdl0QxbiDjIDlmV7xpVPZ
bdA8D6eBm8ot1a5ec3rISyMl4vUoPUhkv7MCAwEAAaN2MHQwDwYDVR0TAQH/BAUw
AwEB/zAOBgNVHQ8BAf8EBAMCAQYwUQYDVR0RBEowSIcECgEAc4JAZnYtYXoyMDEt
NzY4LmV0dDR0dTNqdmRzZTVvdmMybWtnanFjczVhLmJ4LmludGVybmFsLmNsb3Vk
YXBwLm5ldDANBgkqhkiG9w0BAQsFAAOCAQEA8SwcJY5ioZ3gSSYEJLtwD8jUZ1sm
iWps2fX0/AYcKr6X9p80c7plfjPM3eUavc8uKeWqyAIYDWYJcQ6A+VnkECeeiFHK
2YSLVKiaw5tJ53a3eAT0xNrdhoJFdvwdpO66Ioba73jGVPvU6MxSVj/yxfFS7yGo
8VDA9ahpqOe8Mqg3Nv/t8vcoEm3eZGJXGsWKOOAICYTpY5OGZySmzxEa+DDL3GQR
Nv60tIc0qEG6MkBvFlAt3JvADkJg786C+MUo6AkSfSPL7/wbtqUxGRo7SVaYNeBm
L3wKHTVbMyin5dRAlWVTqfzkroebCbPEnFgt2cR0Qp/AcxIBe/cMFwTvNA==
-----END CERTIFICATE-----

2023-07-13 02:05:35,367 [Time-limited test] INFO  client.SCMCertificateClient (SCMCertificateClient.java:getCSRBuilder(161)) - Creating csr for SCM->hostName:fv-az201-768,scmId:a0709618-c377-4aca-8a17-7dbd3c4cf44e,clusterId:52827e5d-f3f1-4105-a708-e37ef7ce1320,subject:scm-sub-1273410012383@fv-az201-768
2023-07-13 02:05:35,367 [Time-limited test] INFO  ozone.OzoneSecurityUtil (OzoneSecurityUtil.java:getValidInetsForCurrentHost(119)) - ip:fe80:0:0:0:20d:3aff:fe98:b55f%eth0 not returned.
2023-07-13 02:05:35,367 [Time-limited test] INFO  ozone.OzoneSecurityUtil (OzoneSecurityUtil.java:getValidInetsForCurrentHost(116)) - Adding ip:10.1.0.115,host:fv-az201-768.ett4tu3jvdse5ovc2mkgjqcs5a.bx.internal.cloudapp.net
2023-07-13 02:05:35,368 [Time-limited test] INFO  ozone.OzoneSecurityUtil (OzoneSecurityUtil.java:getValidInetsForCurrentHost(119)) - ip:0:0:0:0:0:0:0:1%lo not returned.
2023-07-13 02:05:35,368 [Time-limited test] INFO  ozone.OzoneSecurityUtil (OzoneSecurityUtil.java:getValidInetsForCurrentHost(119)) - ip:127.0.0.1 not returned.
2023-07-13 02:05:35,368 [Time-limited test] INFO  ha.HASecurityUtils (HASecurityUtils.java:generateCSR(308)) - Creating csr for SCM->hostName:fv-az201-768,scmId:a0709618-c377-4aca-8a17-7dbd3c4cf44e,clusterId:52827e5d-f3f1-4105-a708-e37ef7ce1320,subject:scm-sub-1273410974092@fv-az201-768
2023-07-13 02:05:35,378 [Time-limited test] INFO  utils.CertificateCodec (CertificateCodec.java:writeCertificate(299)) - Save certificate to /tmp/junit5225371630981168833/junit2794437877140770013/scm-meta/scm/sub-ca/certs/CA-1.crt
2023-07-13 02:05:35,378 [Time-limited test] INFO  utils.CertificateCodec (CertificateCodec.java:writeCertificate(300)) - Certificate -----BEGIN CERTIFICATE-----
MIID5zCCAs+gAwIBAgIBATANBgkqhkiG9w0BAQsFADB7MRswGQYDVQQDDBJzY20t
MUBmdi1hejIwMS03NjgxLTArBgNVBAsMJGEwNzA5NjE4LWMzNzctNGFjYS04YTE3
LTdkYmQzYzRjZjQ0ZTEtMCsGA1UECgwkNTI4MjdlNWQtZjNmMS00MTA1LWE3MDgt
ZTM3ZWY3Y2UxMzIwMB4XDTIzMDcxMzAyMDUzNVoXDTI4MDgyMDAyMDUzNVowezEb
MBkGA1UEAwwSc2NtLTFAZnYtYXoyMDEtNzY4MS0wKwYDVQQLDCRhMDcwOTYxOC1j
Mzc3LTRhY2EtOGExNy03ZGJkM2M0Y2Y0NGUxLTArBgNVBAoMJDUyODI3ZTVkLWYz
ZjEtNDEwNS1hNzA4LWUzN2VmN2NlMTMyMDCCASIwDQYJKoZIhvcNAQEBBQADggEP
ADCCAQoCggEBAPKz18nnCZA5EOVAVccnftKt2KhAK8emuAO916wOMk8R3xvry4Xe
kjfNFmh0IOBMYybOi+QZ+57G/ipR8H4MlNDqSu9mEMflgJCSB3UjAgWYu1Fm1VlG
LUVMiETJTpIiSMdAhi/Ev2Rp9PQAvJlj+RElbXvqLG8IJLQGR2APdu3FEEwjL7wf
gMY6Gr6FBH+xsHiLPcgU8ysXKzf74k/0KS2Nn0+g/jxdPOutSUpeFddSWrIqIDyH
QpJ7xvw0XvUm6Hc2S/vr+rnxZcp+5J7p+xn3yoiT+HBCdl0QxbiDjIDlmV7xpVPZ
bdA8D6eBm8ot1a5ec3rISyMl4vUoPUhkv7MCAwEAAaN2MHQwDwYDVR0TAQH/BAUw
AwEB/zAOBgNVHQ8BAf8EBAMCAQYwUQYDVR0RBEowSIcECgEAc4JAZnYtYXoyMDEt
NzY4LmV0dDR0dTNqdmRzZTVvdmMybWtnanFjczVhLmJ4LmludGVybmFsLmNsb3Vk
YXBwLm5ldDANBgkqhkiG9w0BAQsFAAOCAQEA8SwcJY5ioZ3gSSYEJLtwD8jUZ1sm
iWps2fX0/AYcKr6X9p80c7plfjPM3eUavc8uKeWqyAIYDWYJcQ6A+VnkECeeiFHK
2YSLVKiaw5tJ53a3eAT0xNrdhoJFdvwdpO66Ioba73jGVPvU6MxSVj/yxfFS7yGo
8VDA9ahpqOe8Mqg3Nv/t8vcoEm3eZGJXGsWKOOAICYTpY5OGZySmzxEa+DDL3GQR
Nv60tIc0qEG6MkBvFlAt3JvADkJg786C+MUo6AkSfSPL7/wbtqUxGRo7SVaYNeBm
L3wKHTVbMyin5dRAlWVTqfzkroebCbPEnFgt2cR0Qp/AcxIBe/cMFwTvNA==
-----END CERTIFICATE-----

2023-07-13 02:05:35,379 [Time-limited test] INFO  utils.CertificateCodec (CertificateCodec.java:writeCertificate(299)) - Save certificate to /tmp/junit5225371630981168833/junit2794437877140770013/scm-meta/scm/sub-ca/certs/1273415469933.crt
2023-07-13 02:05:35,380 [Time-limited test] INFO  utils.CertificateCodec (CertificateCodec.java:writeCertificate(300)) - Certificate -----BEGIN CERTIFICATE-----
MIID/TCCAuWgAwIBAgIGASh9egttMA0GCSqGSIb3DQEBCwUAMHsxGzAZBgNVBAMM
EnNjbS0xQGZ2LWF6MjAxLTc2ODEtMCsGA1UECwwkYTA3MDk2MTgtYzM3Ny00YWNh
LThhMTctN2RiZDNjNGNmNDRlMS0wKwYDVQQKDCQ1MjgyN2U1ZC1mM2YxLTQxMDUt
YTcwOC1lMzdlZjdjZTEzMjAwHhcNMjMwNzEzMDIwNTM1WhcNMjgwODIwMDIwNTM1
WjCBizErMCkGA1UEAwwic2NtLXN1Yi0xMjczNDEwOTc0MDkyQGZ2LWF6MjAxLTc2
ODEtMCsGA1UECwwkYTA3MDk2MTgtYzM3Ny00YWNhLThhMTctN2RiZDNjNGNmNDRl
MS0wKwYDVQQKDCQ1MjgyN2U1ZC1mM2YxLTQxMDUtYTcwOC1lMzdlZjdjZTEzMjAw
ggEiMA0GCSqGSIb3DQEBAQUAA4IBDwAwggEKAoIBAQDFsftRnuOZgaElqYO8St5p
X6hfLunYbu6I99eFkL8SMcRo+vhWhA+VmuG22sqNPw9pgqq60sM40aM0mqqAWf96
bpHmEqP59nmqhy0P2JFdHwHuSjdxCusc6npD/HdQU3cZh6jHNfcnFVNxAYU7uhQj
g46lxAPE5CQSAs2kZNoSbiXPKKyInpJINLDfMtIQV6JuG5ZBTxlY8S2xo+T6bC+o
KvPqXk2k26xeBIktKYgosiwFaTpyR0722W59J1Ltql6+HGaTgeBHqFIYgykv5Vk1
IJnXc+L+OKtM1OsqFNCgDHt26W+bvzTC8eKPcb8Gt+wuRpCl3x1s9EAVxWRZr79L
AgMBAAGjdjB0MFEGA1UdEQRKMEiHBAoBAHOCQGZ2LWF6MjAxLTc2OC5ldHQ0dHUz
anZkc2U1b3ZjMm1rZ2pxY3M1YS5ieC5pbnRlcm5hbC5jbG91ZGFwcC5uZXQwDwYD
VR0TAQH/BAUwAwEB/zAOBgNVHQ8BAf8EBAMCAb4wDQYJKoZIhvcNAQELBQADggEB
AMCuiJ2pDzCzIcFSsEO6Kz6zneiZTrq/eDI46uvl4/CKG2/ENfxSYmQ8NZXm5BkC
uqGBJHCwyap03ilTdSusnNDNh58C0C9TomkXzXHBxrTnAdJ4YdLnRTR1LZuGwPBD
4fQ8pzgIMoznTApTbTOrnfLHt8O3bwva39+OlXqwbNw9NWkDuHJ4o/TwxHBljqVp
4ADSrK6WIWWquX7wI3hrdMWxWC8gPRR0GDPxH4yRzNtCx8jHcsEG/qPHGWHFCEpG
QLs/pD02/svXQeIR/Il94ukfiHw6Kw2cJa7ieKCtmGOkRkKC4b79LsvH/QLkFGyv
RG4aVOehOU7VA/1S1nW7QG8=
-----END CERTIFICATE-----

-----BEGIN CERTIFICATE-----
MIID5zCCAs+gAwIBAgIBATANBgkqhkiG9w0BAQsFADB7MRswGQYDVQQDDBJzY20t
MUBmdi1hejIwMS03NjgxLTArBgNVBAsMJGEwNzA5NjE4LWMzNzctNGFjYS04YTE3
LTdkYmQzYzRjZjQ0ZTEtMCsGA1UECgwkNTI4MjdlNWQtZjNmMS00MTA1LWE3MDgt
ZTM3ZWY3Y2UxMzIwMB4XDTIzMDcxMzAyMDUzNVoXDTI4MDgyMDAyMDUzNVowezEb
MBkGA1UEAwwSc2NtLTFAZnYtYXoyMDEtNzY4MS0wKwYDVQQLDCRhMDcwOTYxOC1j
Mzc3LTRhY2EtOGExNy03ZGJkM2M0Y2Y0NGUxLTArBgNVBAoMJDUyODI3ZTVkLWYz
ZjEtNDEwNS1hNzA4LWUzN2VmN2NlMTMyMDCCASIwDQYJKoZIhvcNAQEBBQADggEP
ADCCAQoCggEBAPKz18nnCZA5EOVAVccnftKt2KhAK8emuAO916wOMk8R3xvry4Xe
kjfNFmh0IOBMYybOi+QZ+57G/ipR8H4MlNDqSu9mEMflgJCSB3UjAgWYu1Fm1VlG
LUVMiETJTpIiSMdAhi/Ev2Rp9PQAvJlj+RElbXvqLG8IJLQGR2APdu3FEEwjL7wf
gMY6Gr6FBH+xsHiLPcgU8ysXKzf74k/0KS2Nn0+g/jxdPOutSUpeFddSWrIqIDyH
QpJ7xvw0XvUm6Hc2S/vr+rnxZcp+5J7p+xn3yoiT+HBCdl0QxbiDjIDlmV7xpVPZ
bdA8D6eBm8ot1a5ec3rISyMl4vUoPUhkv7MCAwEAAaN2MHQwDwYDVR0TAQH/BAUw
AwEB/zAOBgNVHQ8BAf8EBAMCAQYwUQYDVR0RBEowSIcECgEAc4JAZnYtYXoyMDEt
NzY4LmV0dDR0dTNqdmRzZTVvdmMybWtnanFjczVhLmJ4LmludGVybmFsLmNsb3Vk
YXBwLm5ldDANBgkqhkiG9w0BAQsFAAOCAQEA8SwcJY5ioZ3gSSYEJLtwD8jUZ1sm
iWps2fX0/AYcKr6X9p80c7plfjPM3eUavc8uKeWqyAIYDWYJcQ6A+VnkECeeiFHK
2YSLVKiaw5tJ53a3eAT0xNrdhoJFdvwdpO66Ioba73jGVPvU6MxSVj/yxfFS7yGo
8VDA9ahpqOe8Mqg3Nv/t8vcoEm3eZGJXGsWKOOAICYTpY5OGZySmzxEa+DDL3GQR
Nv60tIc0qEG6MkBvFlAt3JvADkJg786C+MUo6AkSfSPL7/wbtqUxGRo7SVaYNeBm
L3wKHTVbMyin5dRAlWVTqfzkroebCbPEnFgt2cR0Qp/AcxIBe/cMFwTvNA==
-----END CERTIFICATE-----

2023-07-13 02:05:35,380 [Time-limited test] INFO  utils.CertificateCodec (CertificateCodec.java:writeCertificate(299)) - Save certificate to /tmp/junit5225371630981168833/junit2794437877140770013/scm-meta/scm/sub-ca/certs/certificate.crt
2023-07-13 02:05:35,380 [Time-limited test] INFO  utils.CertificateCodec (CertificateCodec.java:writeCertificate(300)) - Certificate -----BEGIN CERTIFICATE-----
MIID/TCCAuWgAwIBAgIGASh9egttMA0GCSqGSIb3DQEBCwUAMHsxGzAZBgNVBAMM
EnNjbS0xQGZ2LWF6MjAxLTc2ODEtMCsGA1UECwwkYTA3MDk2MTgtYzM3Ny00YWNh
LThhMTctN2RiZDNjNGNmNDRlMS0wKwYDVQQKDCQ1MjgyN2U1ZC1mM2YxLTQxMDUt
YTcwOC1lMzdlZjdjZTEzMjAwHhcNMjMwNzEzMDIwNTM1WhcNMjgwODIwMDIwNTM1
WjCBizErMCkGA1UEAwwic2NtLXN1Yi0xMjczNDEwOTc0MDkyQGZ2LWF6MjAxLTc2
ODEtMCsGA1UECwwkYTA3MDk2MTgtYzM3Ny00YWNhLThhMTctN2RiZDNjNGNmNDRl
MS0wKwYDVQQKDCQ1MjgyN2U1ZC1mM2YxLTQxMDUtYTcwOC1lMzdlZjdjZTEzMjAw
ggEiMA0GCSqGSIb3DQEBAQUAA4IBDwAwggEKAoIBAQDFsftRnuOZgaElqYO8St5p
X6hfLunYbu6I99eFkL8SMcRo+vhWhA+VmuG22sqNPw9pgqq60sM40aM0mqqAWf96
bpHmEqP59nmqhy0P2JFdHwHuSjdxCusc6npD/HdQU3cZh6jHNfcnFVNxAYU7uhQj
g46lxAPE5CQSAs2kZNoSbiXPKKyInpJINLDfMtIQV6JuG5ZBTxlY8S2xo+T6bC+o
KvPqXk2k26xeBIktKYgosiwFaTpyR0722W59J1Ltql6+HGaTgeBHqFIYgykv5Vk1
IJnXc+L+OKtM1OsqFNCgDHt26W+bvzTC8eKPcb8Gt+wuRpCl3x1s9EAVxWRZr79L
AgMBAAGjdjB0MFEGA1UdEQRKMEiHBAoBAHOCQGZ2LWF6MjAxLTc2OC5ldHQ0dHUz
anZkc2U1b3ZjMm1rZ2pxY3M1YS5ieC5pbnRlcm5hbC5jbG91ZGFwcC5uZXQwDwYD
VR0TAQH/BAUwAwEB/zAOBgNVHQ8BAf8EBAMCAb4wDQYJKoZIhvcNAQELBQADggEB
AMCuiJ2pDzCzIcFSsEO6Kz6zneiZTrq/eDI46uvl4/CKG2/ENfxSYmQ8NZXm5BkC
uqGBJHCwyap03ilTdSusnNDNh58C0C9TomkXzXHBxrTnAdJ4YdLnRTR1LZuGwPBD
4fQ8pzgIMoznTApTbTOrnfLHt8O3bwva39+OlXqwbNw9NWkDuHJ4o/TwxHBljqVp
4ADSrK6WIWWquX7wI3hrdMWxWC8gPRR0GDPxH4yRzNtCx8jHcsEG/qPHGWHFCEpG
QLs/pD02/svXQeIR/Il94ukfiHw6Kw2cJa7ieKCtmGOkRkKC4b79LsvH/QLkFGyv
RG4aVOehOU7VA/1S1nW7QG8=
-----END CERTIFICATE-----

-----BEGIN CERTIFICATE-----
MIID5zCCAs+gAwIBAgIBATANBgkqhkiG9w0BAQsFADB7MRswGQYDVQQDDBJzY20t
MUBmdi1hejIwMS03NjgxLTArBgNVBAsMJGEwNzA5NjE4LWMzNzctNGFjYS04YTE3
LTdkYmQzYzRjZjQ0ZTEtMCsGA1UECgwkNTI4MjdlNWQtZjNmMS00MTA1LWE3MDgt
ZTM3ZWY3Y2UxMzIwMB4XDTIzMDcxMzAyMDUzNVoXDTI4MDgyMDAyMDUzNVowezEb
MBkGA1UEAwwSc2NtLTFAZnYtYXoyMDEtNzY4MS0wKwYDVQQLDCRhMDcwOTYxOC1j
Mzc3LTRhY2EtOGExNy03ZGJkM2M0Y2Y0NGUxLTArBgNVBAoMJDUyODI3ZTVkLWYz
ZjEtNDEwNS1hNzA4LWUzN2VmN2NlMTMyMDCCASIwDQYJKoZIhvcNAQEBBQADggEP
ADCCAQoCggEBAPKz18nnCZA5EOVAVccnftKt2KhAK8emuAO916wOMk8R3xvry4Xe
kjfNFmh0IOBMYybOi+QZ+57G/ipR8H4MlNDqSu9mEMflgJCSB3UjAgWYu1Fm1VlG
LUVMiETJTpIiSMdAhi/Ev2Rp9PQAvJlj+RElbXvqLG8IJLQGR2APdu3FEEwjL7wf
gMY6Gr6FBH+xsHiLPcgU8ysXKzf74k/0KS2Nn0+g/jxdPOutSUpeFddSWrIqIDyH
QpJ7xvw0XvUm6Hc2S/vr+rnxZcp+5J7p+xn3yoiT+HBCdl0QxbiDjIDlmV7xpVPZ
bdA8D6eBm8ot1a5ec3rISyMl4vUoPUhkv7MCAwEAAaN2MHQwDwYDVR0TAQH/BAUw
AwEB/zAOBgNVHQ8BAf8EBAMCAQYwUQYDVR0RBEowSIcECgEAc4JAZnYtYXoyMDEt
NzY4LmV0dDR0dTNqdmRzZTVvdmMybWtnanFjczVhLmJ4LmludGVybmFsLmNsb3Vk
YXBwLm5ldDANBgkqhkiG9w0BAQsFAAOCAQEA8SwcJY5ioZ3gSSYEJLtwD8jUZ1sm
iWps2fX0/AYcKr6X9p80c7plfjPM3eUavc8uKeWqyAIYDWYJcQ6A+VnkECeeiFHK
2YSLVKiaw5tJ53a3eAT0xNrdhoJFdvwdpO66Ioba73jGVPvU6MxSVj/yxfFS7yGo
8VDA9ahpqOe8Mqg3Nv/t8vcoEm3eZGJXGsWKOOAICYTpY5OGZySmzxEa+DDL3GQR
Nv60tIc0qEG6MkBvFlAt3JvADkJg786C+MUo6AkSfSPL7/wbtqUxGRo7SVaYNeBm
L3wKHTVbMyin5dRAlWVTqfzkroebCbPEnFgt2cR0Qp/AcxIBe/cMFwTvNA==
-----END CERTIFICATE-----

2023-07-13 02:05:35,380 [Time-limited test] INFO  ha.HASecurityUtils (HASecurityUtils.java:initializeSecurity(121)) - Successfully stored SCM signed certificate.
2023-07-13 02:05:35,383 [Time-limited test] WARN  server.ServerUtils (ServerUtils.java:getScmDbDir(155)) - ozone.scm.db.dirs is not configured. We recommend adding this setting. Falling back to ozone.metadata.dirs instead.
2023-07-13 02:05:35,383 [Time-limited test] INFO  ha.SCMHANodeDetails (SCMHANodeDetails.java:loadSCMHAConfig(210)) - ServiceID for StorageContainerManager is null
2023-07-13 02:05:35,383 [Time-limited test] INFO  ha.SCMHANodeDetails (SCMHANodeDetails.java:loadSCMHAConfig(215)) - ozone.scm.default.service.id is not defined, falling back to ozone.scm.service.ids to find serviceID for StorageContainerManager if it is HA enabled cluster
2023-07-13 02:05:35,398 [pool-208-thread-1] INFO  request.KdcRequest (KdcRequest.java:preauth(651)) - The preauth data is empty.
2023-07-13 02:05:35,398 [pool-208-thread-1] INFO  server.KdcHandler (KdcHandler.java:handleRecoverableException(177)) - KRB error occurred while processing request:Additional pre-authentication required
2023-07-13 02:05:35,404 [pool-208-thread-1] INFO  request.AsRequest (AsRequest.java:issueTicket(112)) - AS_REQ ISSUE: authtime 1689213935403,scm/fv-az201-768.ett4tu3jvdse5ovc2mkgjqcs5a.bx.internal.cloudapp.net@EXAMPLE.COM for krbtgt/EXAMPLE.COM@EXAMPLE.COM
2023-07-13 02:05:35,406 [Time-limited test] INFO  security.UserGroupInformation (UserGroupInformation.java:loginUserFromKeytab(1132)) - Login successful for user scm/fv-az201-768.ett4tu3jvdse5ovc2mkgjqcs5a.bx.internal.cloudapp.net@EXAMPLE.COM using keytab file scm.keytab. Keytab auto renewal enabled : false
2023-07-13 02:05:35,406 [Time-limited test] INFO  server.StorageContainerManager (StorageContainerManager.java:loginAsSCMUserIfSecurityEnabled(1048)) - SCM login successful.
2023-07-13 02:05:35,408 [Time-limited test] INFO  client.SCMCertificateClient (DefaultCertificateClient.java:updateCertSerialId(1248)) - Certificate serial ID set to 1273415469933
2023-07-13 02:05:35,412 [Time-limited test] INFO  client.SCMCertificateClient (DefaultCertificateClient.java:readCertificateFile(224)) - Added certificate   [0]         Version: 3
         SerialNumber: 1273415469933
             IssuerDN: CN=scm-1@fv-az201-768,OU=a0709618-c377-4aca-8a17-7dbd3c4cf44e,O=52827e5d-f3f1-4105-a708-e37ef7ce1320
           Start Date: Thu Jul 13 02:05:35 UTC 2023
           Final Date: Sun Aug 20 02:05:35 UTC 2028
            SubjectDN: CN=scm-sub-1273410974092@fv-az201-768,OU=a0709618-c377-4aca-8a17-7dbd3c4cf44e,O=52827e5d-f3f1-4105-a708-e37ef7ce1320
           Public Key: RSA Public Key [2a:e2:1a:a8:cb:2c:c8:14:8b:d5:84:7a:71:d5:c1:4f:f7:c2:1b:bb],[56:66:d1:a4]
        modulus: c5b1fb519ee39981a125a983bc4ade695fa85f2ee9d86eee88f7d78590bf1231c468faf856840f959ae1b6daca8d3f0f6982aabad2c338d1a3349aaa8059ff7a6e91e612a3f9f679aa872d0fd8915d1f01ee4a37710aeb1cea7a43fc775053771987a8c735f72715537101853bba1423838ea5c403c4e4241202cda464da126e25cf28ac889e924834b0df32d21057a26e1b96414f1958f12db1a3e4fa6c2fa82af3ea5e4da4dbac5e04892d298828b22c05693a72474ef6d96e7d2752edaa5ebe1c669381e047a8521883292fe559352099d773e2fe38ab4cd4eb2a14d0a00c7b76e96f9bbf34c2f1e28f71bf06b7ec2e4690a5df1d6cf44015c56459afbf4b
public exponent: 10001

  Signature Algorithm: SHA256WITHRSA
            Signature: c0ae889da90f30b321c152b043ba2b3eb39de899
                       4ebabf783238eaebe5e3f08a1b6fc435fc526264
                       3c3595e6e41902baa1812470b0c9aa74de295375
                       2bac9cd0cd879f02d02f53a26917cd71c1c6b4e7
                       01d27861d2e74534752d9b86c0f043e1f43ca738
                       08328ce74c0a536d33ab9df2c7b7c3b76f0bdadf
                       df8e957ab06cdc3d356903b87278a3f4f0c47065
                       8ea569e000d2acae962165aab97ef023786b74c5
                       b1582f203d14741833f11f8c91ccdb42c7c8c772
                       c106fea3c71961c5084a4640bb3fa43d36fecbd7
                       41e211fc897de2e91f887c3a2b0d9c25aee278a0
                       ad9863a4464282e1befd2ecbc7fd02e4146caf44
                       6e1a54e7a1394ed503fd52d675bb406f
       Extensions: 
                       critical(false) 2.5.29.17 value = Sequence
    Tagged [7] IMPLICIT 
        DER Octet String[4] 
    Tagged [2] IMPLICIT 
        DER Octet String[64] 

                       critical(true) BasicConstraints: isCa(true)
                       critical(true) KeyUsage: 0xbe
 from file: /tmp/junit5225371630981168833/junit2794437877140770013/scm-meta/scm/sub-ca/certs/1273415469933.crt.
2023-07-13 02:05:35,413 [Time-limited test] INFO  client.SCMCertificateClient (DefaultCertificateClient.java:readCertificateFile(224)) - Added certificate   [0]         Version: 3
         SerialNumber: 1
             IssuerDN: CN=scm-1@fv-az201-768,OU=a0709618-c377-4aca-8a17-7dbd3c4cf44e,O=52827e5d-f3f1-4105-a708-e37ef7ce1320
           Start Date: Thu Jul 13 02:05:35 UTC 2023
           Final Date: Sun Aug 20 02:05:35 UTC 2028
            SubjectDN: CN=scm-1@fv-az201-768,OU=a0709618-c377-4aca-8a17-7dbd3c4cf44e,O=52827e5d-f3f1-4105-a708-e37ef7ce1320
           Public Key: RSA Public Key [d7:b1:02:2a:ff:79:3b:db:20:9a:89:57:d1:95:09:2f:5b:8e:90:7d],[56:66:d1:a4]
        modulus: f2b3d7c9e709903910e54055c7277ed2add8a8402bc7a6b803bdd7ac0e324f11df1bebcb85de9237cd16687420e04c6326ce8be419fb9ec6fe2a51f07e0c94d0ea4aef6610c7e5809092077523020598bb5166d559462d454c8844c94e922248c740862fc4bf6469f4f400bc9963f911256d7bea2c6f0824b40647600f76edc5104c232fbc1f80c63a1abe85047fb1b0788b3dc814f32b172b37fbe24ff4292d8d9f4fa0fe3c5d3cebad494a5e15d7525ab22a203c8742927bc6fc345ef526e877364bfbebfab9f165ca7ee49ee9fb19f7ca8893f87042765d10c5b8838c80e5995ef1a553d96dd03c0fa7819bca2dd5ae5e737ac84b2325e2f5283d4864bfb3
public exponent: 10001

  Signature Algorithm: SHA256WITHRSA
            Signature: f12c1c258e62a19de049260424bb700fc8d4675b
                       26896a6cd9f5f4fc061c2abe97f69f3473ba657e
                       33ccdde51abdcf2e29e5aac802180d6609710e80
                       f959e410279e8851cad9848b54a89ac39b49e776
                       b77804f4c4dadd86824576fc1da4eeba2286daef
                       78c654fbd4e8cc52563ff2c5f152ef21a8f150c0
                       f5a869a8e7bc32a83736ffedf2f728126dde6462
                       571ac58a38e0080984e96393866724a6cf111af8
                       30cbdc641136feb4b48734a841ba32406f16502d
                       dc9bc00e4260efce82f8c528e809127d23cbeffc
                       1bb6a531191a3b49569835e0662f7c0a1d355b33
                       28a7e5d440956553a9fce4ae879b09b3c49c582d
                       d9c474429fc07312017bf70c1704ef34
       Extensions: 
                       critical(true) BasicConstraints: isCa(true)
                       critical(true) KeyUsage: 0x6
                       critical(false) 2.5.29.17 value = Sequence
    Tagged [7] IMPLICIT 
        DER Octet String[4] 
    Tagged [2] IMPLICIT 
        DER Octet String[64] 

 from file: /tmp/junit5225371630981168833/junit2794437877140770013/scm-meta/scm/sub-ca/certs/CA-1.crt.
2023-07-13 02:05:35,415 [Time-limited test] INFO  client.SCMCertificateClient (DefaultCertificateClient.java:readCertificateFile(224)) - Added certificate   [0]         Version: 3
         SerialNumber: 1273415469933
             IssuerDN: CN=scm-1@fv-az201-768,OU=a0709618-c377-4aca-8a17-7dbd3c4cf44e,O=52827e5d-f3f1-4105-a708-e37ef7ce1320
           Start Date: Thu Jul 13 02:05:35 UTC 2023
           Final Date: Sun Aug 20 02:05:35 UTC 2028
            SubjectDN: CN=scm-sub-1273410974092@fv-az201-768,OU=a0709618-c377-4aca-8a17-7dbd3c4cf44e,O=52827e5d-f3f1-4105-a708-e37ef7ce1320
           Public Key: RSA Public Key [2a:e2:1a:a8:cb:2c:c8:14:8b:d5:84:7a:71:d5:c1:4f:f7:c2:1b:bb],[56:66:d1:a4]
        modulus: c5b1fb519ee39981a125a983bc4ade695fa85f2ee9d86eee88f7d78590bf1231c468faf856840f959ae1b6daca8d3f0f6982aabad2c338d1a3349aaa8059ff7a6e91e612a3f9f679aa872d0fd8915d1f01ee4a37710aeb1cea7a43fc775053771987a8c735f72715537101853bba1423838ea5c403c4e4241202cda464da126e25cf28ac889e924834b0df32d21057a26e1b96414f1958f12db1a3e4fa6c2fa82af3ea5e4da4dbac5e04892d298828b22c05693a72474ef6d96e7d2752edaa5ebe1c669381e047a8521883292fe559352099d773e2fe38ab4cd4eb2a14d0a00c7b76e96f9bbf34c2f1e28f71bf06b7ec2e4690a5df1d6cf44015c56459afbf4b
public exponent: 10001

  Signature Algorithm: SHA256WITHRSA
            Signature: c0ae889da90f30b321c152b043ba2b3eb39de899
                       4ebabf783238eaebe5e3f08a1b6fc435fc526264
                       3c3595e6e41902baa1812470b0c9aa74de295375
                       2bac9cd0cd879f02d02f53a26917cd71c1c6b4e7
                       01d27861d2e74534752d9b86c0f043e1f43ca738
                       08328ce74c0a536d33ab9df2c7b7c3b76f0bdadf
                       df8e957ab06cdc3d356903b87278a3f4f0c47065
                       8ea569e000d2acae962165aab97ef023786b74c5
                       b1582f203d14741833f11f8c91ccdb42c7c8c772
                       c106fea3c71961c5084a4640bb3fa43d36fecbd7
                       41e211fc897de2e91f887c3a2b0d9c25aee278a0
                       ad9863a4464282e1befd2ecbc7fd02e4146caf44
                       6e1a54e7a1394ed503fd52d675bb406f
       Extensions: 
                       critical(false) 2.5.29.17 value = Sequence
    Tagged [7] IMPLICIT 
        DER Octet String[4] 
    Tagged [2] IMPLICIT 
        DER Octet String[64] 

                       critical(true) BasicConstraints: isCa(true)
                       critical(true) KeyUsage: 0xbe
 from file: /tmp/junit5225371630981168833/junit2794437877140770013/scm-meta/scm/sub-ca/certs/certificate.crt.
2023-07-13 02:05:35,415 [Time-limited test] INFO  client.SCMCertificateClient (DefaultCertificateClient.java:loadAllCertificates(186)) - CertificateRenewerService and root ca rotation polling is disabled for scm/sub-ca
2023-07-13 02:05:35,415 [Time-limited test] WARN  utils.HAUtils (HAUtils.java:getMetaDir(339)) - ozone.scm.db.dirs is not configured. We recommend adding this setting. Falling back to ozone.metadata.dirs instead.
2023-07-13 02:05:35,416 [Time-limited test] WARN  db.DBStoreBuilder (DBStoreBuilder.java:applyDBDefinition(166)) - ozone.scm.db.dirs is not configured. We recommend adding this setting. Falling back to ozone.metadata.dirs instead.
2023-07-13 02:05:35,576 [Time-limited test] INFO  net.NodeSchemaLoader (NodeSchemaLoader.java:loadSchemaFromFile(129)) - Loading schema from [jar:file:/home/runner/.m2/repository/org/apache/ozone/hdds-common/1.4.0-SNAPSHOT/hdds-common-1.4.0-SNAPSHOT.jar!/network-topology-default.xml]
2023-07-13 02:05:35,577 [Time-limited test] INFO  net.NodeSchemaLoader (NodeSchemaLoader.java:loadSchema(176)) - Loading network topology layer schema file
2023-07-13 02:05:35,585 [Time-limited test] INFO  upgrade.AbstractLayoutVersionManager (AbstractLayoutVersionManager.java:init(83)) - Initializing Layout version manager with metadata layout = HADOOP_PRC_PORTS_IN_DATANODEDETAILS (version = 7), software layout = HADOOP_PRC_PORTS_IN_DATANODEDETAILS (version = 7)
2023-07-13 02:05:35,595 [Time-limited test] INFO  ha.SequenceIdGenerator (SequenceIdGenerator.java:upgradeToSequenceId(361)) - upgrade localId to 111677748019200000
2023-07-13 02:05:35,596 [Time-limited test] INFO  ha.SequenceIdGenerator (SequenceIdGenerator.java:upgradeToSequenceId(371)) - upgrade delTxnId to 0
2023-07-13 02:05:35,597 [Time-limited test] INFO  ha.SequenceIdGenerator (SequenceIdGenerator.java:upgradeToSequenceId(388)) - upgrade containerId to 0
2023-07-13 02:05:35,598 [Time-limited test] INFO  ha.SequenceIdGenerator (SequenceIdGenerator.java:upgradeToSequenceId(424)) - upgrade rootCertificateId to 1
2023-07-13 02:05:35,598 [Time-limited test] INFO  ha.SequenceIdGenerator (SequenceIdGenerator.java:<init>(232)) - Init the HA SequenceIdGenerator.
2023-07-13 02:05:35,605 [Time-limited test] INFO  node.SCMNodeManager (SCMNodeManager.java:<init>(157)) - Entering startup safe mode.
2023-07-13 02:05:35,608 [Time-limited test] INFO  algorithms.ContainerPlacementPolicyFactory (ContainerPlacementPolicyFactory.java:getPolicyInternal(86)) - Create container placement policy of type org.apache.hadoop.hdds.scm.container.placement.algorithms.SCMContainerPlacementRackAware
2023-07-13 02:05:35,608 [Time-limited test] INFO  algorithms.ContainerPlacementPolicyFactory (ContainerPlacementPolicyFactory.java:getPolicyInternal(86)) - Create container placement policy of type org.apache.hadoop.hdds.scm.container.placement.algorithms.SCMContainerPlacementRackScatter
2023-07-13 02:05:35,608 [Time-limited test] INFO  pipeline.PipelineStateManagerImpl (PipelineStateManagerImpl.java:initialize(78)) - No pipeline exists in current db
2023-07-13 02:05:35,608 [Time-limited test] INFO  algorithms.LeaderChoosePolicyFactory (LeaderChoosePolicyFactory.java:getPolicy(57)) - Create leader choose policy of type org.apache.hadoop.hdds.scm.pipeline.leader.choose.algorithms.MinLeaderCountChoosePolicy
2023-07-13 02:05:35,609 [Time-limited test] INFO  algorithms.ContainerPlacementPolicyFactory (ContainerPlacementPolicyFactory.java:getPolicyInternal(86)) - Create container placement policy of type org.apache.hadoop.hdds.scm.container.placement.algorithms.SCMContainerPlacementRackScatter
2023-07-13 02:05:35,609 [Time-limited test] INFO  ha.SCMServiceManager (SCMServiceManager.java:register(42)) - Registering service BackgroundPipelineCreator.
2023-07-13 02:05:35,610 [Time-limited test] INFO  pipeline.BackgroundPipelineCreator (BackgroundPipelineCreator.java:start(124)) - Starting RatisPipelineUtilsThread.
2023-07-13 02:05:35,620 [Time-limited test] INFO  BackgroundPipelineScrubber (BackgroundSCMService.java:start(68)) - Starting BackgroundPipelineScrubber Service.
2023-07-13 02:05:35,622 [Time-limited test] INFO  ha.SCMServiceManager (SCMServiceManager.java:register(42)) - Registering service BackgroundPipelineScrubber.
2023-07-13 02:05:35,623 [Time-limited test] INFO  ExpiredContainerReplicaOpScrubber (BackgroundSCMService.java:start(68)) - Starting ExpiredContainerReplicaOpScrubber Service.
2023-07-13 02:05:35,623 [Time-limited test] INFO  ha.SCMServiceManager (SCMServiceManager.java:register(42)) - Registering service ExpiredContainerReplicaOpScrubber.
2023-07-13 02:05:35,626 [Time-limited test] INFO  algorithms.PipelineChoosePolicyFactory (PipelineChoosePolicyFactory.java:createPipelineChoosePolicyFromClass(78)) - Create pipeline choose policy of type org.apache.hadoop.hdds.scm.pipeline.choose.algorithms.RandomPipelineChoosePolicy
2023-07-13 02:05:35,626 [Time-limited test] INFO  algorithms.PipelineChoosePolicyFactory (PipelineChoosePolicyFactory.java:createPipelineChoosePolicyFromClass(78)) - Create pipeline choose policy of type org.apache.hadoop.hdds.scm.pipeline.choose.algorithms.RandomPipelineChoosePolicy
2023-07-13 02:05:35,628 [Time-limited test] INFO  ha.SCMServiceManager (SCMServiceManager.java:register(42)) - Registering service SCMBlockDeletingService.
2023-07-13 02:05:35,634 [Time-limited test] INFO  replication.ReplicationManager (ReplicationManager.java:start(286)) - Starting Replication Monitor Thread.
2023-07-13 02:05:35,646 [Time-limited test] INFO  ha.SCMServiceManager (SCMServiceManager.java:register(42)) - Registering service ReplicationManager.
2023-07-13 02:05:35,648 [Time-limited test] INFO  safemode.ContainerSafeModeRule (ContainerSafeModeRule.java:<init>(89)) - containers with one replica threshold count 0
2023-07-13 02:05:35,648 [ReplicationMonitor] INFO  replication.ReplicationManager (ReplicationManager.java:processAll(361)) - Replication Manager is not ready to run until 300000ms after safemode exit
2023-07-13 02:05:35,649 [Time-limited test] INFO  safemode.HealthyPipelineSafeModeRule (HealthyPipelineSafeModeRule.java:initializeRule(169)) - Total pipeline count is 0, healthy pipeline threshold count is 0
2023-07-13 02:05:35,649 [Time-limited test] INFO  safemode.OneReplicaPipelineSafeModeRule (OneReplicaPipelineSafeModeRule.java:initializeRule(180)) - Total pipeline count is 0, pipeline's with at least one datanode reported threshold count is 0
2023-07-13 02:05:35,655 [Time-limited test] INFO  authority.DefaultCAServer (DefaultCAServer.java:lambda$processVerificationStatus$0(472)) - CertificateServer validation is successful
2023-07-13 02:05:35,656 [Time-limited test] INFO  authority.DefaultCAServer (DefaultCAServer.java:lambda$processVerificationStatus$0(472)) - CertificateServer validation is successful
2023-07-13 02:05:35,657 [Time-limited test] INFO  server.StorageContainerManager (StorageContainerManager.java:persistPrimarySCMCerts(929)) - Storing sub-ca certificate serialId 1273415469933 on primary SCM
2023-07-13 02:05:35,659 [Time-limited test] INFO  server.SCMCertStore (SCMCertStore.java:storeValidScmCertificate(121)) - Scm certificate 1273415469933 for CN=scm-sub-1273410974092@fv-az201-768,OU=a0709618-c377-4aca-8a17-7dbd3c4cf44e,O=52827e5d-f3f1-4105-a708-e37ef7ce1320 is stored
2023-07-13 02:05:35,659 [Time-limited test] INFO  server.StorageContainerManager (StorageContainerManager.java:persistPrimarySCMCerts(937)) - Storing root certificate serialId 1
2023-07-13 02:05:35,660 [Time-limited test] INFO  server.SCMCertStore (SCMCertStore.java:storeValidScmCertificate(121)) - Scm certificate 1 for CN=scm-1@fv-az201-768,OU=a0709618-c377-4aca-8a17-7dbd3c4cf44e,O=52827e5d-f3f1-4105-a708-e37ef7ce1320 is stored
2023-07-13 02:05:35,661 [Time-limited test] INFO  ipc.CallQueueManager (CallQueueManager.java:<init>(90)) - Using callQueue: class java.util.concurrent.LinkedBlockingQueue, queueCapacity: 200, scheduler: class org.apache.hadoop.ipc.DefaultRpcScheduler, ipcBackoff: false.
2023-07-13 02:05:35,666 [Time-limited test] INFO  ipc.Server (Server.java:<init>(1287)) - Listener at 0.0.0.0:9961
2023-07-13 02:05:35,667 [Socket Reader #1 for port 9961] INFO  ipc.Server (Server.java:run(1323)) - Starting Socket Reader #1 for port 9961
2023-07-13 02:05:35,673 [Time-limited test] INFO  ha.SCMServiceManager (SCMServiceManager.java:register(42)) - Registering service RootCARotationManager.
2023-07-13 02:05:35,673 [Time-limited test] INFO  server.StorageContainerManager (StorageContainerManager.java:<init>(424)) - SCM start with adminUsers: [om/fv-az201-768.ett4tu3jvdse5ovc2mkgjqcs5a.bx.internal.cloudapp.net@EXAMPLE.COM, scm]
2023-07-13 02:05:35,673 [Time-limited test] INFO  ipc.CallQueueManager (CallQueueManager.java:<init>(90)) - Using callQueue: class java.util.concurrent.LinkedBlockingQueue, queueCapacity: 10000, scheduler: class org.apache.hadoop.ipc.DefaultRpcScheduler, ipcBackoff: false.
2023-07-13 02:05:35,678 [Time-limited test] INFO  ipc.Server (Server.java:<init>(1287)) - Listener at 0.0.0.0:9861
2023-07-13 02:05:35,686 [Socket Reader #1 for port 9861] INFO  ipc.Server (Server.java:run(1323)) - Starting Socket Reader #1 for port 9861
2023-07-13 02:05:35,686 [Time-limited test] INFO  ipc.CallQueueManager (CallQueueManager.java:<init>(90)) - Using callQueue: class java.util.concurrent.LinkedBlockingQueue, queueCapacity: 10000, scheduler: class org.apache.hadoop.ipc.DefaultRpcScheduler, ipcBackoff: false.
2023-07-13 02:05:35,687 [Time-limited test] INFO  ipc.Server (Server.java:<init>(1287)) - Listener at 0.0.0.0:9863
2023-07-13 02:05:35,687 [Socket Reader #1 for port 9863] INFO  ipc.Server (Server.java:run(1323)) - Starting Socket Reader #1 for port 9863
2023-07-13 02:05:35,694 [Time-limited test] INFO  ipc.CallQueueManager (CallQueueManager.java:<init>(90)) - Using callQueue: class java.util.concurrent.LinkedBlockingQueue, queueCapacity: 10000, scheduler: class org.apache.hadoop.ipc.DefaultRpcScheduler, ipcBackoff: false.
2023-07-13 02:05:35,694 [Time-limited test] INFO  ipc.Server (Server.java:<init>(1287)) - Listener at 0.0.0.0:9860
2023-07-13 02:05:35,695 [Socket Reader #1 for port 9860] INFO  ipc.Server (Server.java:run(1323)) - Starting Socket Reader #1 for port 9860
2023-07-13 02:05:35,727 [Time-limited test] INFO  ha.SCMServiceManager (SCMServiceManager.java:register(42)) - Registering service ContainerBalancer.
2023-07-13 02:05:35,727 [Time-limited test] INFO  server.StorageContainerManager (StorageContainerManager.java:<init>(437)) - 
Container Balancer status:
Key                            Value
Running                        false
Container Balancer Configuration values:
Key                                                Value
Threshold                                          10
Max Datanodes to Involve per Iteration(percent)    20
Max Size to Move per Iteration                     500GB
Max Size Entering Target per Iteration             26GB
Max Size Leaving Source per Iteration              26GB

2023-07-13 02:05:35,727 [Time-limited test] INFO  ha.SCMContext (SCMContext.java:updateSafeModeStatus(228)) - Update SafeModeStatus from SafeModeStatus{safeModeStatus=true, preCheckPassed=false} to SafeModeStatus{safeModeStatus=true, preCheckPassed=false}.
2023-07-13 02:05:35,731 [Time-limited test] INFO  server.StorageContainerManager (StorageContainerManager.java:start(1489)) - StorageContainerLocationProtocol RPC server is listening at /0.0.0.0:9860
2023-07-13 02:05:35,731 [Time-limited test] INFO  impl.MetricsSystemImpl (MetricsSystemImpl.java:init(158)) - StorageContainerManager metrics system started (again)
2023-07-13 02:05:35,759 [Time-limited test] INFO  server.SCMClientProtocolServer (SCMClientProtocolServer.java:start(200)) - RPC server for Client  is listening at /0.0.0.0:9860
2023-07-13 02:05:35,759 [IPC Server Responder] INFO  ipc.Server (Server.java:run(1562)) - IPC Server Responder: starting
2023-07-13 02:05:35,766 [IPC Server listener on 9860] INFO  ipc.Server (Server.java:run(1402)) - IPC Server listener on 9860: starting
2023-07-13 02:05:35,814 [Time-limited test] INFO  server.StorageContainerManager (StorageContainerManager.java:start(1502)) - ScmBlockLocationProtocol RPC server is listening at /0.0.0.0:9863
2023-07-13 02:05:35,816 [Time-limited test] INFO  server.SCMBlockProtocolServer (SCMBlockProtocolServer.java:start(152)) - RPC server for Block Protocol is listening at /0.0.0.0:9863
2023-07-13 02:05:35,818 [IPC Server Responder] INFO  ipc.Server (Server.java:run(1562)) - IPC Server Responder: starting
2023-07-13 02:05:35,819 [IPC Server listener on 9863] INFO  ipc.Server (Server.java:run(1402)) - IPC Server listener on 9863: starting
2023-07-13 02:05:35,852 [Time-limited test] INFO  server.SCMDatanodeProtocolServer (SCMDatanodeProtocolServer.java:start(193)) - ScmDatanodeProtocol RPC server for DataNodes is listening at /0.0.0.0:9861
2023-07-13 02:05:35,855 [IPC Server Responder] INFO  ipc.Server (Server.java:run(1562)) - IPC Server Responder: starting
2023-07-13 02:05:35,857 [IPC Server listener on 9861] INFO  ipc.Server (Server.java:run(1402)) - IPC Server listener on 9861: starting
2023-07-13 02:05:35,875 [Time-limited test] INFO  server.SCMSecurityProtocolServer (SCMSecurityProtocolServer.java:start(528)) - Starting RPC server for SCMSecurityProtocolServer. is listening at /0.0.0.0:9961
2023-07-13 02:05:35,876 [IPC Server Responder] INFO  ipc.Server (Server.java:run(1562)) - IPC Server Responder: starting
2023-07-13 02:05:35,876 [IPC Server listener on 9961] INFO  ipc.Server (Server.java:run(1402)) - IPC Server listener on 9961: starting
2023-07-13 02:05:35,876 [Time-limited test] INFO  server.SCMUpdateServiceGrpcServer (SCMUpdateServiceGrpcServer.java:start(58)) - SCMUpdateService starting
2023-07-13 02:05:35,887 [Time-limited test] INFO  security.RootCARotationManager (RootCARotationManager.java:start(219)) - Monitor task for root certificate 1 is started with interval PT9S.
2023-07-13 02:05:35,888 [JvmPauseMonitor3] INFO  util.JvmPauseMonitor (JvmPauseMonitor.java:run(103)) - JvmPauseMonitor-a0709618-c377-4aca-8a17-7dbd3c4cf44e: Started
2023-07-13 02:05:35,890 [Time-limited test] INFO  http.BaseHttpServer (BaseHttpServer.java:newHttpServer2BuilderForOzone(224)) - Starting Web-server for scm at: http://0.0.0.0:9876
2023-07-13 02:05:35,890 [Time-limited test] INFO  http.BaseHttpServer (BaseHttpServer.java:<init>(111)) - Hadoop Security Enabled: true Ozone Security Enabled: true Ozone HTTP Security Enabled: false 
2023-07-13 02:05:35,892 [Time-limited test] WARN  server.AuthenticationFilter (AuthenticationFilter.java:constructSecretProvider(240)) - Unable to initialize FileSignerSecretProvider, falling back to use random secrets. Reason: Could not read signature secret file: /home/runner/hadoop-http-auth-signature-secret
2023-07-13 02:05:35,894 [Time-limited test] INFO  http.HttpRequestLog (HttpRequestLog.java:getRequestLog(86)) - Http request log for http.requests.scm is not defined
2023-07-13 02:05:35,897 [Time-limited test] INFO  http.HttpServer2 (HttpServer2.java:addGlobalFilter(1031)) - Added global filter 'safety' (class=org.apache.hadoop.hdds.server.http.HttpServer2$QuotingInputFilter)
2023-07-13 02:05:35,898 [Time-limited test] INFO  http.HttpServer2 (HttpServer2.java:addFilter(1007)) - Added filter static_user_filter (class=org.apache.hadoop.http.lib.StaticUserWebFilter$StaticUserFilter) to context scm
2023-07-13 02:05:35,898 [Time-limited test] INFO  http.HttpServer2 (HttpServer2.java:addFilter(1015)) - Added filter static_user_filter (class=org.apache.hadoop.http.lib.StaticUserWebFilter$StaticUserFilter) to context static
2023-07-13 02:05:35,899 [Time-limited test] INFO  http.HttpServer2 (HttpServer2.java:addFilter(1015)) - Added filter static_user_filter (class=org.apache.hadoop.http.lib.StaticUserWebFilter$StaticUserFilter) to context logs
2023-07-13 02:05:35,903 [Time-limited test] INFO  http.BaseHttpServer (BaseHttpServer.java:<init>(190)) - HTTP server of scm uses base directory /tmp/junit5225371630981168833/junit2794437877140770013/scm-meta/webserver
2023-07-13 02:05:35,904 [Time-limited test] INFO  http.HttpServer2 (HttpServer2.java:bindListener(1250)) - Jetty bound to port 9876
2023-07-13 02:05:35,904 [Time-limited test] INFO  server.Server (Server.java:doStart(375)) - jetty-9.4.51.v20230217; built: 2023-02-17T08:19:37.309Z; git: b45c405e4544384de066f814ed42ae3dceacdd49; jvm 1.8.0_372-b07
2023-07-13 02:05:35,914 [Time-limited test] INFO  server.session (DefaultSessionIdManager.java:doStart(334)) - DefaultSessionIdManager workerName=node0
2023-07-13 02:05:35,914 [Time-limited test] INFO  server.session (DefaultSessionIdManager.java:doStart(339)) - No SessionScavenger set, using defaults
2023-07-13 02:05:35,914 [Time-limited test] INFO  server.session (HouseKeeper.java:startScavenging(132)) - node0 Scavenging every 660000ms
2023-07-13 02:05:35,915 [Time-limited test] INFO  handler.ContextHandler (ContextHandler.java:doStart(921)) - Started o.e.j.s.ServletContextHandler@3ccd844b{logs,/logs,file:///home/runner/work/ozone/ozone/hadoop-ozone/integration-test/target/log,AVAILABLE}
2023-07-13 02:05:35,916 [Time-limited test] INFO  handler.ContextHandler (ContextHandler.java:doStart(921)) - Started o.e.j.s.ServletContextHandler@32226b07{static,/static,file:///home/runner/work/ozone/ozone/hadoop-ozone/integration-test/target/test-classes/webapps/static,AVAILABLE}
2023-07-13 02:05:35,927 [Time-limited test] INFO  handler.ContextHandler (ContextHandler.java:doStart(921)) - Started o.e.j.w.WebAppContext@27841628{scm,/,file:///home/runner/work/ozone/ozone/hadoop-ozone/integration-test/target/test-classes/webapps/scm/,AVAILABLE}{file:/home/runner/work/ozone/ozone/hadoop-ozone/integration-test/target/test-classes/webapps/scm}
2023-07-13 02:05:35,930 [Time-limited test] INFO  server.AbstractConnector (AbstractConnector.java:doStart(333)) - Started ServerConnector@254bb946{HTTP/1.1, (http/1.1)}{0.0.0.0:9876}
2023-07-13 02:05:35,930 [Time-limited test] INFO  server.Server (Server.java:doStart(415)) - Started @60577ms
2023-07-13 02:05:35,930 [Time-limited test] WARN  impl.MetricsSystemImpl (MetricsSystemImpl.java:register(279)) - Sink prometheus already exists!
2023-07-13 02:05:35,933 [Time-limited test] INFO  http.BaseHttpServer (BaseHttpServer.java:updateConnectorAddress(344)) - HTTP server of scm listening at http://0.0.0.0:9876
2023-07-13 02:05:35,933 [Time-limited test] WARN  server.ServerUtils (ServerUtils.java:getDBPath(311)) - ozone.om.db.dirs is not configured. We recommend adding this setting. Falling back to ozone.metadata.dirs instead.
2023-07-13 02:05:35,934 [Time-limited test] INFO  om.OzoneManager (OzoneManager.java:initializeSecurity(1376)) - Initializing secure OzoneManager.
2023-07-13 02:05:35,934 [Time-limited test] INFO  om.OzoneManager (OzoneManager.java:getOmDetailsProto(4566)) - OzoneManager ports added:[name: "RPC"
value: 1202
]
2023-07-13 02:05:35,936 [Time-limited test] INFO  security.OMCertificateClient (DefaultCertificateClient.java:updateCertSerialId(1248)) - Certificate serial ID set to null
2023-07-13 02:05:35,936 [Time-limited test] ERROR security.OMCertificateClient (DefaultCertificateClient.java:getCertPath(349)) - Default certificate serial id is not set. Can't locate the default certificate for this client.
2023-07-13 02:05:35,936 [Time-limited test] INFO  security.OMCertificateClient (DefaultCertificateClient.java:init(723)) - Certificate client init case: 0
2023-07-13 02:05:35,936 [Time-limited test] INFO  security.OMCertificateClient (CommonCertificateClient.java:handleCase(74)) - Creating keypair for client as keypair and certificate not found.
2023-07-13 02:05:36,261 [Time-limited test] INFO  om.OzoneManager (OzoneManager.java:initializeSecurity(1399)) - Init response: GETCERT
2023-07-13 02:05:36,262 [Time-limited test] INFO  ozone.OzoneSecurityUtil (OzoneSecurityUtil.java:getValidInetsForCurrentHost(119)) - ip:fe80:0:0:0:20d:3aff:fe98:b55f%eth0 not returned.
2023-07-13 02:05:36,262 [Time-limited test] INFO  ozone.OzoneSecurityUtil (OzoneSecurityUtil.java:getValidInetsForCurrentHost(116)) - Adding ip:10.1.0.115,host:fv-az201-768.ett4tu3jvdse5ovc2mkgjqcs5a.bx.internal.cloudapp.net
2023-07-13 02:05:36,262 [Time-limited test] INFO  ozone.OzoneSecurityUtil (OzoneSecurityUtil.java:getValidInetsForCurrentHost(119)) - ip:0:0:0:0:0:0:0:1%lo not returned.
2023-07-13 02:05:36,263 [Time-limited test] INFO  ozone.OzoneSecurityUtil (OzoneSecurityUtil.java:getValidInetsForCurrentHost(119)) - ip:127.0.0.1 not returned.
2023-07-13 02:05:36,263 [Time-limited test] INFO  security.OMCertificateClient (OMCertificateClient.java:getCSRBuilder(114)) - Creating csr for OM->dns:fv-az201-768.ett4tu3jvdse5ovc2mkgjqcs5a.bx.internal.cloudapp.net,ip:10.1.0.115,scmId:a0709618-c377-4aca-8a17-7dbd3c4cf44e,clusterId:52827e5d-f3f1-4105-a708-e37ef7ce1320,subject:scm@fv-az201-768.ett4tu3jvdse5ovc2mkgjqcs5a.bx.internal.cloudapp.net
2023-07-13 02:05:36,285 [pool-208-thread-1] INFO  request.TgsRequest (TgsRequest.java:issueTicket(115)) - TGS_REQ ISSUE: authtime 1689213936284,scm/fv-az201-768.ett4tu3jvdse5ovc2mkgjqcs5a.bx.internal.cloudapp.net for scm/fv-az201-768.ett4tu3jvdse5ovc2mkgjqcs5a.bx.internal.cloudapp.net@EXAMPLE.COM
2023-07-13 02:05:36,302 [Socket Reader #1 for port 9961] INFO  ipc.Server (Server.java:saslProcess(2139)) - Auth successful for scm/fv-az201-768.ett4tu3jvdse5ovc2mkgjqcs5a.bx.internal.cloudapp.net@EXAMPLE.COM (auth:KERBEROS) from fv-az201-768.ett4tu3jvdse5ovc2mkgjqcs5a.bx.internal.cloudapp.net:42779 / 10.1.0.115:42779
2023-07-13 02:05:36,322 [IPC Server handler 0 on default port 9961] INFO  server.SCMSecurityProtocolServer (SCMSecurityProtocolServer.java:getOMCertificate(275)) - Processing CSR for om fv-az201-768.ett4tu3jvdse5ovc2mkgjqcs5a.bx.internal.cloudapp.net, UUID: d85aeeb7-78d5-4e51-869e-1a40c9a5000b
2023-07-13 02:05:36,347 [Time-limited test] INFO  utils.CertificateCodec (CertificateCodec.java:writeCertificate(299)) - Save certificate to /tmp/junit5225371630981168833/junit2794437877140770013/scm-meta/om/certs/1274368952939.crt
2023-07-13 02:05:36,347 [Time-limited test] INFO  utils.CertificateCodec (CertificateCodec.java:writeCertificate(300)) - Certificate -----BEGIN CERTIFICATE-----
MIIEHzCCAwegAwIBAgIGASi2TwprMA0GCSqGSIb3DQEBCwUAMIGLMSswKQYDVQQD
DCJzY20tc3ViLTEyNzM0MTA5NzQwOTJAZnYtYXoyMDEtNzY4MS0wKwYDVQQLDCRh
MDcwOTYxOC1jMzc3LTRhY2EtOGExNy03ZGJkM2M0Y2Y0NGUxLTArBgNVBAoMJDUy
ODI3ZTVkLWYzZjEtNDEwNS1hNzA4LWUzN2VmN2NlMTMyMDAeFw0yMzA3MTMwMjA1
MzZaFw0yNDA3MTIwMjA1MzZaMIGtMU0wSwYDVQQDDERzY21AZnYtYXoyMDEtNzY4
LmV0dDR0dTNqdmRzZTVvdmMybWtnanFjczVhLmJ4LmludGVybmFsLmNsb3VkYXBw
Lm5ldDEtMCsGA1UECwwkYTA3MDk2MTgtYzM3Ny00YWNhLThhMTctN2RiZDNjNGNm
NDRlMS0wKwYDVQQKDCQ1MjgyN2U1ZC1mM2YxLTQxMDUtYTcwOC1lMzdlZjdjZTEz
MjAwggEiMA0GCSqGSIb3DQEBAQUAA4IBDwAwggEKAoIBAQC+0Irtb7nlFycFLvUg
x4vpXSe6IvsQAT0mn/nNwN+nEmC+W6wyfh4Cgi2pDegCafay3T2yOcDuVk0LzAB4
Ngk5FOGdd02o/njB8kkaI+JVty0e5Ld8OAJhd19/GLaNB+ijqpRQQyyHUsCJBJng
iwVAn7Ira7h2oS5M5Cp30Z3yDDjzQZgp2jmJ0Fkniu4RsbJiKb6CaFNXNg51nYTK
QUKgmfIqzC67cXf8ShKE3bNG210rfTTM5gdbT5rJc2lOeddVAZgjIupUBVOgs6wd
AoN6OUpW5tUDmjcLj1jeLbWcJuwLarehN9FoBF7wKY8Kdl5IJWsKAi97e4/NnY+w
6EUvAgMBAAGjZTBjMFEGA1UdEQRKMEiHBAoBAHOCQGZ2LWF6MjAxLTc2OC5ldHQ0
dHUzanZkc2U1b3ZjMm1rZ2pxY3M1YS5ieC5pbnRlcm5hbC5jbG91ZGFwcC5uZXQw
DgYDVR0PAQH/BAQDAgO4MA0GCSqGSIb3DQEBCwUAA4IBAQC4MGTwFnp7KYxiu1ww
ucnZI6ssV6eUgchsZFiemRoHxW4/f3f9b4oorOpaqwIFt4K56pKeKS6XMaYrhQHa
0AfJeqkK3MEmBMuFMpvJoCO8uFJ3RUwvdcnL1JR5SG0vOu2vVao9qYOm+HAa3c4x
3vXCrSft4mZ28tFs8ZLmPmoc350IjDKj8bZMUk0eh49CuQHj1UE8V2Dr9eo71VnJ
olGd0O08cdEcFcJILojsy9rJM7w2J8w0X6+Qf1MnsUzrClTcxJi7iBArdxFGHiJJ
vMEA3aAD/CLpIdt+emzsZdQfswdQQvBQWU+MXz43NVaoFl37p1n3GhEuvVe15aaf
bBHl
-----END CERTIFICATE-----

-----BEGIN CERTIFICATE-----
MIID/TCCAuWgAwIBAgIGASh9egttMA0GCSqGSIb3DQEBCwUAMHsxGzAZBgNVBAMM
EnNjbS0xQGZ2LWF6MjAxLTc2ODEtMCsGA1UECwwkYTA3MDk2MTgtYzM3Ny00YWNh
LThhMTctN2RiZDNjNGNmNDRlMS0wKwYDVQQKDCQ1MjgyN2U1ZC1mM2YxLTQxMDUt
YTcwOC1lMzdlZjdjZTEzMjAwHhcNMjMwNzEzMDIwNTM1WhcNMjgwODIwMDIwNTM1
WjCBizErMCkGA1UEAwwic2NtLXN1Yi0xMjczNDEwOTc0MDkyQGZ2LWF6MjAxLTc2
ODEtMCsGA1UECwwkYTA3MDk2MTgtYzM3Ny00YWNhLThhMTctN2RiZDNjNGNmNDRl
MS0wKwYDVQQKDCQ1MjgyN2U1ZC1mM2YxLTQxMDUtYTcwOC1lMzdlZjdjZTEzMjAw
ggEiMA0GCSqGSIb3DQEBAQUAA4IBDwAwggEKAoIBAQDFsftRnuOZgaElqYO8St5p
X6hfLunYbu6I99eFkL8SMcRo+vhWhA+VmuG22sqNPw9pgqq60sM40aM0mqqAWf96
bpHmEqP59nmqhy0P2JFdHwHuSjdxCusc6npD/HdQU3cZh6jHNfcnFVNxAYU7uhQj
g46lxAPE5CQSAs2kZNoSbiXPKKyInpJINLDfMtIQV6JuG5ZBTxlY8S2xo+T6bC+o
KvPqXk2k26xeBIktKYgosiwFaTpyR0722W59J1Ltql6+HGaTgeBHqFIYgykv5Vk1
IJnXc+L+OKtM1OsqFNCgDHt26W+bvzTC8eKPcb8Gt+wuRpCl3x1s9EAVxWRZr79L
AgMBAAGjdjB0MFEGA1UdEQRKMEiHBAoBAHOCQGZ2LWF6MjAxLTc2OC5ldHQ0dHUz
anZkc2U1b3ZjMm1rZ2pxY3M1YS5ieC5pbnRlcm5hbC5jbG91ZGFwcC5uZXQwDwYD
VR0TAQH/BAUwAwEB/zAOBgNVHQ8BAf8EBAMCAb4wDQYJKoZIhvcNAQELBQADggEB
AMCuiJ2pDzCzIcFSsEO6Kz6zneiZTrq/eDI46uvl4/CKG2/ENfxSYmQ8NZXm5BkC
uqGBJHCwyap03ilTdSusnNDNh58C0C9TomkXzXHBxrTnAdJ4YdLnRTR1LZuGwPBD
4fQ8pzgIMoznTApTbTOrnfLHt8O3bwva39+OlXqwbNw9NWkDuHJ4o/TwxHBljqVp
4ADSrK6WIWWquX7wI3hrdMWxWC8gPRR0GDPxH4yRzNtCx8jHcsEG/qPHGWHFCEpG
QLs/pD02/svXQeIR/Il94ukfiHw6Kw2cJa7ieKCtmGOkRkKC4b79LsvH/QLkFGyv
RG4aVOehOU7VA/1S1nW7QG8=
-----END CERTIFICATE-----

-----BEGIN CERTIFICATE-----
MIID5zCCAs+gAwIBAgIBATANBgkqhkiG9w0BAQsFADB7MRswGQYDVQQDDBJzY20t
MUBmdi1hejIwMS03NjgxLTArBgNVBAsMJGEwNzA5NjE4LWMzNzctNGFjYS04YTE3
LTdkYmQzYzRjZjQ0ZTEtMCsGA1UECgwkNTI4MjdlNWQtZjNmMS00MTA1LWE3MDgt
ZTM3ZWY3Y2UxMzIwMB4XDTIzMDcxMzAyMDUzNVoXDTI4MDgyMDAyMDUzNVowezEb
MBkGA1UEAwwSc2NtLTFAZnYtYXoyMDEtNzY4MS0wKwYDVQQLDCRhMDcwOTYxOC1j
Mzc3LTRhY2EtOGExNy03ZGJkM2M0Y2Y0NGUxLTArBgNVBAoMJDUyODI3ZTVkLWYz
ZjEtNDEwNS1hNzA4LWUzN2VmN2NlMTMyMDCCASIwDQYJKoZIhvcNAQEBBQADggEP
ADCCAQoCggEBAPKz18nnCZA5EOVAVccnftKt2KhAK8emuAO916wOMk8R3xvry4Xe
kjfNFmh0IOBMYybOi+QZ+57G/ipR8H4MlNDqSu9mEMflgJCSB3UjAgWYu1Fm1VlG
LUVMiETJTpIiSMdAhi/Ev2Rp9PQAvJlj+RElbXvqLG8IJLQGR2APdu3FEEwjL7wf
gMY6Gr6FBH+xsHiLPcgU8ysXKzf74k/0KS2Nn0+g/jxdPOutSUpeFddSWrIqIDyH
QpJ7xvw0XvUm6Hc2S/vr+rnxZcp+5J7p+xn3yoiT+HBCdl0QxbiDjIDlmV7xpVPZ
bdA8D6eBm8ot1a5ec3rISyMl4vUoPUhkv7MCAwEAAaN2MHQwDwYDVR0TAQH/BAUw
AwEB/zAOBgNVHQ8BAf8EBAMCAQYwUQYDVR0RBEowSIcECgEAc4JAZnYtYXoyMDEt
NzY4LmV0dDR0dTNqdmRzZTVvdmMybWtnanFjczVhLmJ4LmludGVybmFsLmNsb3Vk
YXBwLm5ldDANBgkqhkiG9w0BAQsFAAOCAQEA8SwcJY5ioZ3gSSYEJLtwD8jUZ1sm
iWps2fX0/AYcKr6X9p80c7plfjPM3eUavc8uKeWqyAIYDWYJcQ6A+VnkECeeiFHK
2YSLVKiaw5tJ53a3eAT0xNrdhoJFdvwdpO66Ioba73jGVPvU6MxSVj/yxfFS7yGo
8VDA9ahpqOe8Mqg3Nv/t8vcoEm3eZGJXGsWKOOAICYTpY5OGZySmzxEa+DDL3GQR
Nv60tIc0qEG6MkBvFlAt3JvADkJg786C+MUo6AkSfSPL7/wbtqUxGRo7SVaYNeBm
L3wKHTVbMyin5dRAlWVTqfzkroebCbPEnFgt2cR0Qp/AcxIBe/cMFwTvNA==
-----END CERTIFICATE-----

2023-07-13 02:05:36,348 [Time-limited test] INFO  utils.CertificateCodec (CertificateCodec.java:writeCertificate(299)) - Save certificate to /tmp/junit5225371630981168833/junit2794437877140770013/scm-meta/om/certs/CA-1273415469933.crt
2023-07-13 02:05:36,348 [Time-limited test] INFO  utils.CertificateCodec (CertificateCodec.java:writeCertificate(300)) - Certificate -----BEGIN CERTIFICATE-----
MIID/TCCAuWgAwIBAgIGASh9egttMA0GCSqGSIb3DQEBCwUAMHsxGzAZBgNVBAMM
EnNjbS0xQGZ2LWF6MjAxLTc2ODEtMCsGA1UECwwkYTA3MDk2MTgtYzM3Ny00YWNh
LThhMTctN2RiZDNjNGNmNDRlMS0wKwYDVQQKDCQ1MjgyN2U1ZC1mM2YxLTQxMDUt
YTcwOC1lMzdlZjdjZTEzMjAwHhcNMjMwNzEzMDIwNTM1WhcNMjgwODIwMDIwNTM1
WjCBizErMCkGA1UEAwwic2NtLXN1Yi0xMjczNDEwOTc0MDkyQGZ2LWF6MjAxLTc2
ODEtMCsGA1UECwwkYTA3MDk2MTgtYzM3Ny00YWNhLThhMTctN2RiZDNjNGNmNDRl
MS0wKwYDVQQKDCQ1MjgyN2U1ZC1mM2YxLTQxMDUtYTcwOC1lMzdlZjdjZTEzMjAw
ggEiMA0GCSqGSIb3DQEBAQUAA4IBDwAwggEKAoIBAQDFsftRnuOZgaElqYO8St5p
X6hfLunYbu6I99eFkL8SMcRo+vhWhA+VmuG22sqNPw9pgqq60sM40aM0mqqAWf96
bpHmEqP59nmqhy0P2JFdHwHuSjdxCusc6npD/HdQU3cZh6jHNfcnFVNxAYU7uhQj
g46lxAPE5CQSAs2kZNoSbiXPKKyInpJINLDfMtIQV6JuG5ZBTxlY8S2xo+T6bC+o
KvPqXk2k26xeBIktKYgosiwFaTpyR0722W59J1Ltql6+HGaTgeBHqFIYgykv5Vk1
IJnXc+L+OKtM1OsqFNCgDHt26W+bvzTC8eKPcb8Gt+wuRpCl3x1s9EAVxWRZr79L
AgMBAAGjdjB0MFEGA1UdEQRKMEiHBAoBAHOCQGZ2LWF6MjAxLTc2OC5ldHQ0dHUz
anZkc2U1b3ZjMm1rZ2pxY3M1YS5ieC5pbnRlcm5hbC5jbG91ZGFwcC5uZXQwDwYD
VR0TAQH/BAUwAwEB/zAOBgNVHQ8BAf8EBAMCAb4wDQYJKoZIhvcNAQELBQADggEB
AMCuiJ2pDzCzIcFSsEO6Kz6zneiZTrq/eDI46uvl4/CKG2/ENfxSYmQ8NZXm5BkC
uqGBJHCwyap03ilTdSusnNDNh58C0C9TomkXzXHBxrTnAdJ4YdLnRTR1LZuGwPBD
4fQ8pzgIMoznTApTbTOrnfLHt8O3bwva39+OlXqwbNw9NWkDuHJ4o/TwxHBljqVp
4ADSrK6WIWWquX7wI3hrdMWxWC8gPRR0GDPxH4yRzNtCx8jHcsEG/qPHGWHFCEpG
QLs/pD02/svXQeIR/Il94ukfiHw6Kw2cJa7ieKCtmGOkRkKC4b79LsvH/QLkFGyv
RG4aVOehOU7VA/1S1nW7QG8=
-----END CERTIFICATE-----

-----BEGIN CERTIFICATE-----
MIID5zCCAs+gAwIBAgIBATANBgkqhkiG9w0BAQsFADB7MRswGQYDVQQDDBJzY20t
MUBmdi1hejIwMS03NjgxLTArBgNVBAsMJGEwNzA5NjE4LWMzNzctNGFjYS04YTE3
LTdkYmQzYzRjZjQ0ZTEtMCsGA1UECgwkNTI4MjdlNWQtZjNmMS00MTA1LWE3MDgt
ZTM3ZWY3Y2UxMzIwMB4XDTIzMDcxMzAyMDUzNVoXDTI4MDgyMDAyMDUzNVowezEb
MBkGA1UEAwwSc2NtLTFAZnYtYXoyMDEtNzY4MS0wKwYDVQQLDCRhMDcwOTYxOC1j
Mzc3LTRhY2EtOGExNy03ZGJkM2M0Y2Y0NGUxLTArBgNVBAoMJDUyODI3ZTVkLWYz
ZjEtNDEwNS1hNzA4LWUzN2VmN2NlMTMyMDCCASIwDQYJKoZIhvcNAQEBBQADggEP
ADCCAQoCggEBAPKz18nnCZA5EOVAVccnftKt2KhAK8emuAO916wOMk8R3xvry4Xe
kjfNFmh0IOBMYybOi+QZ+57G/ipR8H4MlNDqSu9mEMflgJCSB3UjAgWYu1Fm1VlG
LUVMiETJTpIiSMdAhi/Ev2Rp9PQAvJlj+RElbXvqLG8IJLQGR2APdu3FEEwjL7wf
gMY6Gr6FBH+xsHiLPcgU8ysXKzf74k/0KS2Nn0+g/jxdPOutSUpeFddSWrIqIDyH
QpJ7xvw0XvUm6Hc2S/vr+rnxZcp+5J7p+xn3yoiT+HBCdl0QxbiDjIDlmV7xpVPZ
bdA8D6eBm8ot1a5ec3rISyMl4vUoPUhkv7MCAwEAAaN2MHQwDwYDVR0TAQH/BAUw
AwEB/zAOBgNVHQ8BAf8EBAMCAQYwUQYDVR0RBEowSIcECgEAc4JAZnYtYXoyMDEt
NzY4LmV0dDR0dTNqdmRzZTVvdmMybWtnanFjczVhLmJ4LmludGVybmFsLmNsb3Vk
YXBwLm5ldDANBgkqhkiG9w0BAQsFAAOCAQEA8SwcJY5ioZ3gSSYEJLtwD8jUZ1sm
iWps2fX0/AYcKr6X9p80c7plfjPM3eUavc8uKeWqyAIYDWYJcQ6A+VnkECeeiFHK
2YSLVKiaw5tJ53a3eAT0xNrdhoJFdvwdpO66Ioba73jGVPvU6MxSVj/yxfFS7yGo
8VDA9ahpqOe8Mqg3Nv/t8vcoEm3eZGJXGsWKOOAICYTpY5OGZySmzxEa+DDL3GQR
Nv60tIc0qEG6MkBvFlAt3JvADkJg786C+MUo6AkSfSPL7/wbtqUxGRo7SVaYNeBm
L3wKHTVbMyin5dRAlWVTqfzkroebCbPEnFgt2cR0Qp/AcxIBe/cMFwTvNA==
-----END CERTIFICATE-----

2023-07-13 02:05:36,350 [IPC Server handler 1 on default port 9961] INFO  client.SCMCertificateClient (DefaultCertificateClient.java:getAllRootCaCerts(928)) - scm/sub-ca has 0 Root CA certificates
2023-07-13 02:05:36,351 [IPC Server handler 1 on default port 9961] INFO  client.SCMCertificateClient (DefaultCertificateClient.java:getAllCaCerts(936)) - scm/sub-ca has 1 CA certificates
2023-07-13 02:05:36,354 [Time-limited test] INFO  utils.CertificateCodec (CertificateCodec.java:writeCertificate(299)) - Save certificate to /tmp/junit5225371630981168833/junit2794437877140770013/scm-meta/om/certs/ROOTCA-1.crt
2023-07-13 02:05:36,354 [Time-limited test] INFO  utils.CertificateCodec (CertificateCodec.java:writeCertificate(300)) - Certificate -----BEGIN CERTIFICATE-----
MIID5zCCAs+gAwIBAgIBATANBgkqhkiG9w0BAQsFADB7MRswGQYDVQQDDBJzY20t
MUBmdi1hejIwMS03NjgxLTArBgNVBAsMJGEwNzA5NjE4LWMzNzctNGFjYS04YTE3
LTdkYmQzYzRjZjQ0ZTEtMCsGA1UECgwkNTI4MjdlNWQtZjNmMS00MTA1LWE3MDgt
ZTM3ZWY3Y2UxMzIwMB4XDTIzMDcxMzAyMDUzNVoXDTI4MDgyMDAyMDUzNVowezEb
MBkGA1UEAwwSc2NtLTFAZnYtYXoyMDEtNzY4MS0wKwYDVQQLDCRhMDcwOTYxOC1j
Mzc3LTRhY2EtOGExNy03ZGJkM2M0Y2Y0NGUxLTArBgNVBAoMJDUyODI3ZTVkLWYz
ZjEtNDEwNS1hNzA4LWUzN2VmN2NlMTMyMDCCASIwDQYJKoZIhvcNAQEBBQADggEP
ADCCAQoCggEBAPKz18nnCZA5EOVAVccnftKt2KhAK8emuAO916wOMk8R3xvry4Xe
kjfNFmh0IOBMYybOi+QZ+57G/ipR8H4MlNDqSu9mEMflgJCSB3UjAgWYu1Fm1VlG
LUVMiETJTpIiSMdAhi/Ev2Rp9PQAvJlj+RElbXvqLG8IJLQGR2APdu3FEEwjL7wf
gMY6Gr6FBH+xsHiLPcgU8ysXKzf74k/0KS2Nn0+g/jxdPOutSUpeFddSWrIqIDyH
QpJ7xvw0XvUm6Hc2S/vr+rnxZcp+5J7p+xn3yoiT+HBCdl0QxbiDjIDlmV7xpVPZ
bdA8D6eBm8ot1a5ec3rISyMl4vUoPUhkv7MCAwEAAaN2MHQwDwYDVR0TAQH/BAUw
AwEB/zAOBgNVHQ8BAf8EBAMCAQYwUQYDVR0RBEowSIcECgEAc4JAZnYtYXoyMDEt
NzY4LmV0dDR0dTNqdmRzZTVvdmMybWtnanFjczVhLmJ4LmludGVybmFsLmNsb3Vk
YXBwLm5ldDANBgkqhkiG9w0BAQsFAAOCAQEA8SwcJY5ioZ3gSSYEJLtwD8jUZ1sm
iWps2fX0/AYcKr6X9p80c7plfjPM3eUavc8uKeWqyAIYDWYJcQ6A+VnkECeeiFHK
2YSLVKiaw5tJ53a3eAT0xNrdhoJFdvwdpO66Ioba73jGVPvU6MxSVj/yxfFS7yGo
8VDA9ahpqOe8Mqg3Nv/t8vcoEm3eZGJXGsWKOOAICYTpY5OGZySmzxEa+DDL3GQR
Nv60tIc0qEG6MkBvFlAt3JvADkJg786C+MUo6AkSfSPL7/wbtqUxGRo7SVaYNeBm
L3wKHTVbMyin5dRAlWVTqfzkroebCbPEnFgt2cR0Qp/AcxIBe/cMFwTvNA==
-----END CERTIFICATE-----

2023-07-13 02:05:36,355 [Time-limited test] INFO  security.OMCertificateClient (DefaultCertificateClient.java:updateCertSerialId(1248)) - Certificate serial ID set to 1274368952939
2023-07-13 02:05:36,357 [Time-limited test] INFO  security.OMCertificateClient (DefaultCertificateClient.java:readCertificateFile(224)) - Added certificate   [0]         Version: 3
         SerialNumber: 1273415469933
             IssuerDN: CN=scm-1@fv-az201-768,OU=a0709618-c377-4aca-8a17-7dbd3c4cf44e,O=52827e5d-f3f1-4105-a708-e37ef7ce1320
           Start Date: Thu Jul 13 02:05:35 UTC 2023
           Final Date: Sun Aug 20 02:05:35 UTC 2028
            SubjectDN: CN=scm-sub-1273410974092@fv-az201-768,OU=a0709618-c377-4aca-8a17-7dbd3c4cf44e,O=52827e5d-f3f1-4105-a708-e37ef7ce1320
           Public Key: RSA Public Key [2a:e2:1a:a8:cb:2c:c8:14:8b:d5:84:7a:71:d5:c1:4f:f7:c2:1b:bb],[56:66:d1:a4]
        modulus: c5b1fb519ee39981a125a983bc4ade695fa85f2ee9d86eee88f7d78590bf1231c468faf856840f959ae1b6daca8d3f0f6982aabad2c338d1a3349aaa8059ff7a6e91e612a3f9f679aa872d0fd8915d1f01ee4a37710aeb1cea7a43fc775053771987a8c735f72715537101853bba1423838ea5c403c4e4241202cda464da126e25cf28ac889e924834b0df32d21057a26e1b96414f1958f12db1a3e4fa6c2fa82af3ea5e4da4dbac5e04892d298828b22c05693a72474ef6d96e7d2752edaa5ebe1c669381e047a8521883292fe559352099d773e2fe38ab4cd4eb2a14d0a00c7b76e96f9bbf34c2f1e28f71bf06b7ec2e4690a5df1d6cf44015c56459afbf4b
public exponent: 10001

  Signature Algorithm: SHA256WITHRSA
            Signature: c0ae889da90f30b321c152b043ba2b3eb39de899
                       4ebabf783238eaebe5e3f08a1b6fc435fc526264
                       3c3595e6e41902baa1812470b0c9aa74de295375
                       2bac9cd0cd879f02d02f53a26917cd71c1c6b4e7
                       01d27861d2e74534752d9b86c0f043e1f43ca738
                       08328ce74c0a536d33ab9df2c7b7c3b76f0bdadf
                       df8e957ab06cdc3d356903b87278a3f4f0c47065
                       8ea569e000d2acae962165aab97ef023786b74c5
                       b1582f203d14741833f11f8c91ccdb42c7c8c772
                       c106fea3c71961c5084a4640bb3fa43d36fecbd7
                       41e211fc897de2e91f887c3a2b0d9c25aee278a0
                       ad9863a4464282e1befd2ecbc7fd02e4146caf44
                       6e1a54e7a1394ed503fd52d675bb406f
       Extensions: 
                       critical(false) 2.5.29.17 value = Sequence
    Tagged [7] IMPLICIT 
        DER Octet String[4] 
    Tagged [2] IMPLICIT 
        DER Octet String[64] 

                       critical(true) BasicConstraints: isCa(true)
                       critical(true) KeyUsage: 0xbe
 from file: /tmp/junit5225371630981168833/junit2794437877140770013/scm-meta/om/certs/CA-1273415469933.crt.
2023-07-13 02:05:36,362 [Time-limited test] INFO  security.OMCertificateClient (DefaultCertificateClient.java:readCertificateFile(224)) - Added certificate   [0]         Version: 3
         SerialNumber: 1274368952939
             IssuerDN: CN=scm-sub-1273410974092@fv-az201-768,OU=a0709618-c377-4aca-8a17-7dbd3c4cf44e,O=52827e5d-f3f1-4105-a708-e37ef7ce1320
           Start Date: Thu Jul 13 02:05:36 UTC 2023
           Final Date: Fri Jul 12 02:05:36 UTC 2024
            SubjectDN: CN=scm@fv-az201-768.ett4tu3jvdse5ovc2mkgjqcs5a.bx.internal.cloudapp.net,OU=a0709618-c377-4aca-8a17-7dbd3c4cf44e,O=52827e5d-f3f1-4105-a708-e37ef7ce1320
           Public Key: RSA Public Key [36:3a:b0:6f:0b:85:08:55:44:7c:36:b7:be:6f:49:8f:1d:b3:1c:c5],[56:66:d1:a4]
        modulus: bed08aed6fb9e51727052ef520c78be95d27ba22fb10013d269ff9cdc0dfa71260be5bac327e1e02822da90de80269f6b2dd3db239c0ee564d0bcc007836093914e19d774da8fe78c1f2491a23e255b72d1ee4b77c380261775f7f18b68d07e8a3aa9450432c8752c0890499e08b05409fb22b6bb876a12e4ce42a77d19df20c38f3419829da3989d059278aee11b1b26229be82685357360e759d84ca4142a099f22acc2ebb7177fc4a1284ddb346db5d2b7d34cce6075b4f9ac973694e79d75501982322ea540553a0b3ac1d02837a394a56e6d5039a370b8f58de2db59c26ec0b6ab7a137d168045ef0298f0a765e48256b0a022f7b7b8fcd9d8fb0e8452f
public exponent: 10001

  Signature Algorithm: SHA256WITHRSA
            Signature: b83064f0167a7b298c62bb5c30b9c9d923ab2c57
                       a79481c86c64589e991a07c56e3f7f77fd6f8a28
                       acea5aab0205b782b9ea929e292e9731a62b8501
                       dad007c97aa90adcc12604cb85329bc9a023bcb8
                       5277454c2f75c9cbd49479486d2f3aedaf55aa3d
                       a983a6f8701addce31def5c2ad27ede26676f2d1
                       6cf192e63e6a1cdf9d088c32a3f1b64c524d1e87
                       8f42b901e3d5413c5760ebf5ea3bd559c9a2519d
                       d0ed3c71d11c15c2482e88eccbdac933bc3627cc
                       345faf907f5327b14ceb0a54dcc498bb88102b77
                       11461e2249bcc100dda003fc22e921db7e7a6cec
                       65d41fb3075042f050594f8c5f3e373556a8165d
                       fba759f71a112ebd57b5e5a69f6c11e5
       Extensions: 
                       critical(false) 2.5.29.17 value = Sequence
    Tagged [7] IMPLICIT 
        DER Octet String[4] 
    Tagged [2] IMPLICIT 
        DER Octet String[64] 

                       critical(true) KeyUsage: 0xb8
 from file: /tmp/junit5225371630981168833/junit2794437877140770013/scm-meta/om/certs/1274368952939.crt.
2023-07-13 02:05:36,364 [Time-limited test] INFO  security.OMCertificateClient (DefaultCertificateClient.java:readCertificateFile(224)) - Added certificate   [0]         Version: 3
         SerialNumber: 1
             IssuerDN: CN=scm-1@fv-az201-768,OU=a0709618-c377-4aca-8a17-7dbd3c4cf44e,O=52827e5d-f3f1-4105-a708-e37ef7ce1320
           Start Date: Thu Jul 13 02:05:35 UTC 2023
           Final Date: Sun Aug 20 02:05:35 UTC 2028
            SubjectDN: CN=scm-1@fv-az201-768,OU=a0709618-c377-4aca-8a17-7dbd3c4cf44e,O=52827e5d-f3f1-4105-a708-e37ef7ce1320
           Public Key: RSA Public Key [d7:b1:02:2a:ff:79:3b:db:20:9a:89:57:d1:95:09:2f:5b:8e:90:7d],[56:66:d1:a4]
        modulus: f2b3d7c9e709903910e54055c7277ed2add8a8402bc7a6b803bdd7ac0e324f11df1bebcb85de9237cd16687420e04c6326ce8be419fb9ec6fe2a51f07e0c94d0ea4aef6610c7e5809092077523020598bb5166d559462d454c8844c94e922248c740862fc4bf6469f4f400bc9963f911256d7bea2c6f0824b40647600f76edc5104c232fbc1f80c63a1abe85047fb1b0788b3dc814f32b172b37fbe24ff4292d8d9f4fa0fe3c5d3cebad494a5e15d7525ab22a203c8742927bc6fc345ef526e877364bfbebfab9f165ca7ee49ee9fb19f7ca8893f87042765d10c5b8838c80e5995ef1a553d96dd03c0fa7819bca2dd5ae5e737ac84b2325e2f5283d4864bfb3
public exponent: 10001

  Signature Algorithm: SHA256WITHRSA
            Signature: f12c1c258e62a19de049260424bb700fc8d4675b
                       26896a6cd9f5f4fc061c2abe97f69f3473ba657e
                       33ccdde51abdcf2e29e5aac802180d6609710e80
                       f959e410279e8851cad9848b54a89ac39b49e776
                       b77804f4c4dadd86824576fc1da4eeba2286daef
                       78c654fbd4e8cc52563ff2c5f152ef21a8f150c0
                       f5a869a8e7bc32a83736ffedf2f728126dde6462
                       571ac58a38e0080984e96393866724a6cf111af8
                       30cbdc641136feb4b48734a841ba32406f16502d
                       dc9bc00e4260efce82f8c528e809127d23cbeffc
                       1bb6a531191a3b49569835e0662f7c0a1d355b33
                       28a7e5d440956553a9fce4ae879b09b3c49c582d
                       d9c474429fc07312017bf70c1704ef34
       Extensions: 
                       critical(true) BasicConstraints: isCa(true)
                       critical(true) KeyUsage: 0x6
                       critical(false) 2.5.29.17 value = Sequence
    Tagged [7] IMPLICIT 
        DER Octet String[4] 
    Tagged [2] IMPLICIT 
        DER Octet String[64] 

 from file: /tmp/junit5225371630981168833/junit2794437877140770013/scm-meta/om/certs/ROOTCA-1.crt.
2023-07-13 02:05:36,374 [Time-limited test] INFO  security.OMCertificateClient (DefaultCertificateClient.java:startCertificateRenewerService(1349)) - CertificateRenewerService for om is started with first delay 31535989633 ms and interval 3333 ms.
2023-07-13 02:05:36,375 [Time-limited test] INFO  security.OMCertificateClient (DefaultCertificateClient.java:updateCertSerialId(1248)) - Certificate serial ID set to 1274368952939
2023-07-13 02:05:36,378 [Time-limited test] INFO  security.OMCertificateClient (DefaultCertificateClient.java:readCertificateFile(224)) - Added certificate   [0]         Version: 3
         SerialNumber: 1273415469933
             IssuerDN: CN=scm-1@fv-az201-768,OU=a0709618-c377-4aca-8a17-7dbd3c4cf44e,O=52827e5d-f3f1-4105-a708-e37ef7ce1320
           Start Date: Thu Jul 13 02:05:35 UTC 2023
           Final Date: Sun Aug 20 02:05:35 UTC 2028
            SubjectDN: CN=scm-sub-1273410974092@fv-az201-768,OU=a0709618-c377-4aca-8a17-7dbd3c4cf44e,O=52827e5d-f3f1-4105-a708-e37ef7ce1320
           Public Key: RSA Public Key [2a:e2:1a:a8:cb:2c:c8:14:8b:d5:84:7a:71:d5:c1:4f:f7:c2:1b:bb],[56:66:d1:a4]
        modulus: c5b1fb519ee39981a125a983bc4ade695fa85f2ee9d86eee88f7d78590bf1231c468faf856840f959ae1b6daca8d3f0f6982aabad2c338d1a3349aaa8059ff7a6e91e612a3f9f679aa872d0fd8915d1f01ee4a37710aeb1cea7a43fc775053771987a8c735f72715537101853bba1423838ea5c403c4e4241202cda464da126e25cf28ac889e924834b0df32d21057a26e1b96414f1958f12db1a3e4fa6c2fa82af3ea5e4da4dbac5e04892d298828b22c05693a72474ef6d96e7d2752edaa5ebe1c669381e047a8521883292fe559352099d773e2fe38ab4cd4eb2a14d0a00c7b76e96f9bbf34c2f1e28f71bf06b7ec2e4690a5df1d6cf44015c56459afbf4b
public exponent: 10001

  Signature Algorithm: SHA256WITHRSA
            Signature: c0ae889da90f30b321c152b043ba2b3eb39de899
                       4ebabf783238eaebe5e3f08a1b6fc435fc526264
                       3c3595e6e41902baa1812470b0c9aa74de295375
                       2bac9cd0cd879f02d02f53a26917cd71c1c6b4e7
                       01d27861d2e74534752d9b86c0f043e1f43ca738
                       08328ce74c0a536d33ab9df2c7b7c3b76f0bdadf
                       df8e957ab06cdc3d356903b87278a3f4f0c47065
                       8ea569e000d2acae962165aab97ef023786b74c5
                       b1582f203d14741833f11f8c91ccdb42c7c8c772
                       c106fea3c71961c5084a4640bb3fa43d36fecbd7
                       41e211fc897de2e91f887c3a2b0d9c25aee278a0
                       ad9863a4464282e1befd2ecbc7fd02e4146caf44
                       6e1a54e7a1394ed503fd52d675bb406f
       Extensions: 
                       critical(false) 2.5.29.17 value = Sequence
    Tagged [7] IMPLICIT 
        DER Octet String[4] 
    Tagged [2] IMPLICIT 
        DER Octet String[64] 

                       critical(true) BasicConstraints: isCa(true)
                       critical(true) KeyUsage: 0xbe
 from file: /tmp/junit5225371630981168833/junit2794437877140770013/scm-meta/om/certs/CA-1273415469933.crt.
2023-07-13 02:05:36,378 [IPC Server handler 0 on default port 9961] INFO  client.SCMCertificateClient (DefaultCertificateClient.java:getAllRootCaCerts(928)) - scm/sub-ca has 0 Root CA certificates
2023-07-13 02:05:36,379 [IPC Server handler 0 on default port 9961] INFO  client.SCMCertificateClient (DefaultCertificateClient.java:getAllCaCerts(936)) - scm/sub-ca has 1 CA certificates
2023-07-13 02:05:36,387 [Time-limited test] INFO  security.OMCertificateClient (DefaultCertificateClient.java:readCertificateFile(224)) - Added certificate   [0]         Version: 3
         SerialNumber: 1274368952939
             IssuerDN: CN=scm-sub-1273410974092@fv-az201-768,OU=a0709618-c377-4aca-8a17-7dbd3c4cf44e,O=52827e5d-f3f1-4105-a708-e37ef7ce1320
           Start Date: Thu Jul 13 02:05:36 UTC 2023
           Final Date: Fri Jul 12 02:05:36 UTC 2024
            SubjectDN: CN=scm@fv-az201-768.ett4tu3jvdse5ovc2mkgjqcs5a.bx.internal.cloudapp.net,OU=a0709618-c377-4aca-8a17-7dbd3c4cf44e,O=52827e5d-f3f1-4105-a708-e37ef7ce1320
           Public Key: RSA Public Key [36:3a:b0:6f:0b:85:08:55:44:7c:36:b7:be:6f:49:8f:1d:b3:1c:c5],[56:66:d1:a4]
        modulus: bed08aed6fb9e51727052ef520c78be95d27ba22fb10013d269ff9cdc0dfa71260be5bac327e1e02822da90de80269f6b2dd3db239c0ee564d0bcc007836093914e19d774da8fe78c1f2491a23e255b72d1ee4b77c380261775f7f18b68d07e8a3aa9450432c8752c0890499e08b05409fb22b6bb876a12e4ce42a77d19df20c38f3419829da3989d059278aee11b1b26229be82685357360e759d84ca4142a099f22acc2ebb7177fc4a1284ddb346db5d2b7d34cce6075b4f9ac973694e79d75501982322ea540553a0b3ac1d02837a394a56e6d5039a370b8f58de2db59c26ec0b6ab7a137d168045ef0298f0a765e48256b0a022f7b7b8fcd9d8fb0e8452f
public exponent: 10001

  Signature Algorithm: SHA256WITHRSA
            Signature: b83064f0167a7b298c62bb5c30b9c9d923ab2c57
                       a79481c86c64589e991a07c56e3f7f77fd6f8a28
                       acea5aab0205b782b9ea929e292e9731a62b8501
                       dad007c97aa90adcc12604cb85329bc9a023bcb8
                       5277454c2f75c9cbd49479486d2f3aedaf55aa3d
                       a983a6f8701addce31def5c2ad27ede26676f2d1
                       6cf192e63e6a1cdf9d088c32a3f1b64c524d1e87
                       8f42b901e3d5413c5760ebf5ea3bd559c9a2519d
                       d0ed3c71d11c15c2482e88eccbdac933bc3627cc
                       345faf907f5327b14ceb0a54dcc498bb88102b77
                       11461e2249bcc100dda003fc22e921db7e7a6cec
                       65d41fb3075042f050594f8c5f3e373556a8165d
                       fba759f71a112ebd57b5e5a69f6c11e5
       Extensions: 
                       critical(false) 2.5.29.17 value = Sequence
    Tagged [7] IMPLICIT 
        DER Octet String[4] 
    Tagged [2] IMPLICIT 
        DER Octet String[64] 

                       critical(true) KeyUsage: 0xb8
 from file: /tmp/junit5225371630981168833/junit2794437877140770013/scm-meta/om/certs/1274368952939.crt.
2023-07-13 02:05:36,392 [Time-limited test] INFO  security.OMCertificateClient (DefaultCertificateClient.java:readCertificateFile(224)) - Added certificate   [0]         Version: 3
         SerialNumber: 1
             IssuerDN: CN=scm-1@fv-az201-768,OU=a0709618-c377-4aca-8a17-7dbd3c4cf44e,O=52827e5d-f3f1-4105-a708-e37ef7ce1320
           Start Date: Thu Jul 13 02:05:35 UTC 2023
           Final Date: Sun Aug 20 02:05:35 UTC 2028
            SubjectDN: CN=scm-1@fv-az201-768,OU=a0709618-c377-4aca-8a17-7dbd3c4cf44e,O=52827e5d-f3f1-4105-a708-e37ef7ce1320
           Public Key: RSA Public Key [d7:b1:02:2a:ff:79:3b:db:20:9a:89:57:d1:95:09:2f:5b:8e:90:7d],[56:66:d1:a4]
        modulus: f2b3d7c9e709903910e54055c7277ed2add8a8402bc7a6b803bdd7ac0e324f11df1bebcb85de9237cd16687420e04c6326ce8be419fb9ec6fe2a51f07e0c94d0ea4aef6610c7e5809092077523020598bb5166d559462d454c8844c94e922248c740862fc4bf6469f4f400bc9963f911256d7bea2c6f0824b40647600f76edc5104c232fbc1f80c63a1abe85047fb1b0788b3dc814f32b172b37fbe24ff4292d8d9f4fa0fe3c5d3cebad494a5e15d7525ab22a203c8742927bc6fc345ef526e877364bfbebfab9f165ca7ee49ee9fb19f7ca8893f87042765d10c5b8838c80e5995ef1a553d96dd03c0fa7819bca2dd5ae5e737ac84b2325e2f5283d4864bfb3
public exponent: 10001

  Signature Algorithm: SHA256WITHRSA
            Signature: f12c1c258e62a19de049260424bb700fc8d4675b
                       26896a6cd9f5f4fc061c2abe97f69f3473ba657e
                       33ccdde51abdcf2e29e5aac802180d6609710e80
                       f959e410279e8851cad9848b54a89ac39b49e776
                       b77804f4c4dadd86824576fc1da4eeba2286daef
                       78c654fbd4e8cc52563ff2c5f152ef21a8f150c0
                       f5a869a8e7bc32a83736ffedf2f728126dde6462
                       571ac58a38e0080984e96393866724a6cf111af8
                       30cbdc641136feb4b48734a841ba32406f16502d
                       dc9bc00e4260efce82f8c528e809127d23cbeffc
                       1bb6a531191a3b49569835e0662f7c0a1d355b33
                       28a7e5d440956553a9fce4ae879b09b3c49c582d
                       d9c474429fc07312017bf70c1704ef34
       Extensions: 
                       critical(true) BasicConstraints: isCa(true)
                       critical(true) KeyUsage: 0x6
                       critical(false) 2.5.29.17 value = Sequence
    Tagged [7] IMPLICIT 
        DER Octet String[4] 
    Tagged [2] IMPLICIT 
        DER Octet String[64] 

 from file: /tmp/junit5225371630981168833/junit2794437877140770013/scm-meta/om/certs/ROOTCA-1.crt.
2023-07-13 02:05:36,393 [Time-limited test] INFO  om.OzoneManager (OzoneManager.java:initializeSecurity(1409)) - Successfully stored SCM signed certificate.
2023-07-13 02:05:36,394 [Time-limited test] INFO  ha.OMHANodeDetails (OMHANodeDetails.java:loadOMHAConfig(115)) - ozone.om.internal.service.id is not defined, falling back to ozone.om.service.ids to find serviceID for OzoneManager if it is HA enabled cluster
2023-07-13 02:05:36,395 [Time-limited test] INFO  ha.OMHANodeDetails (OMHANodeDetails.java:loadOMHAConfig(226)) - Configuration does not have ozone.om.address set. Falling back to the default OM address fv-az201-768.ett4tu3jvdse5ovc2mkgjqcs5a.bx.internal.cloudapp.net/10.1.0.115:1202
2023-07-13 02:05:36,395 [Time-limited test] INFO  ha.OMHANodeDetails (OMHANodeDetails.java:getOMNodeDetailsForNonHA(254)) - OM Service ID is not set. Setting it to the default ID: omServiceIdDefault
2023-07-13 02:05:36,395 [Time-limited test] INFO  ha.OMHANodeDetails (OMHANodeDetails.java:getOMNodeDetailsForNonHA(261)) - OM Node ID is not set. Setting it to the default ID: om1
2023-07-13 02:05:36,395 [Time-limited test] WARN  server.ServerUtils (ServerUtils.java:getDBPath(311)) - ozone.om.db.dirs is not configured. We recommend adding this setting. Falling back to ozone.metadata.dirs instead.
2023-07-13 02:05:36,401 [Time-limited test] INFO  upgrade.AbstractLayoutVersionManager (AbstractLayoutVersionManager.java:init(83)) - Initializing Layout version manager with metadata layout = QUOTA (version = 6), software layout = QUOTA (version = 6)
2023-07-13 02:05:36,517 [Time-limited test] INFO  reflections.Reflections (Reflections.java:scan(232)) - Reflections took 113 ms to scan 2 urls, producing 186 keys and 508 values [using 2 cores]
2023-07-13 02:05:36,517 [Time-limited test] INFO  upgrade.OMLayoutVersionManager (OMLayoutVersionManager.java:lambda$0(115)) - Skipping Upgrade Action QuotaRepairUpgradeAction since it has been finalized.
2023-07-13 02:05:36,517 [Time-limited test] INFO  upgrade.OMLayoutVersionManager (OMLayoutVersionManager.java:lambda$0(115)) - Skipping Upgrade Action MockOmUpgradeAction since it has been finalized.
2023-07-13 02:05:36,521 [pool-208-thread-1] INFO  request.KdcRequest (KdcRequest.java:preauth(651)) - The preauth data is empty.
2023-07-13 02:05:36,525 [pool-208-thread-1] INFO  server.KdcHandler (KdcHandler.java:handleRecoverableException(177)) - KRB error occurred while processing request:Additional pre-authentication required
2023-07-13 02:05:36,535 [pool-208-thread-1] INFO  request.AsRequest (AsRequest.java:issueTicket(112)) - AS_REQ ISSUE: authtime 1689213936535,om/fv-az201-768.ett4tu3jvdse5ovc2mkgjqcs5a.bx.internal.cloudapp.net@EXAMPLE.COM for krbtgt/EXAMPLE.COM@EXAMPLE.COM
2023-07-13 02:05:36,538 [Time-limited test] INFO  security.UserGroupInformation (UserGroupInformation.java:loginUserFromKeytab(1132)) - Login successful for user om/fv-az201-768.ett4tu3jvdse5ovc2mkgjqcs5a.bx.internal.cloudapp.net@EXAMPLE.COM using keytab file om.keytab. Keytab auto renewal enabled : false
2023-07-13 02:05:36,538 [Time-limited test] INFO  om.OzoneManager (OzoneManager.java:loginOMUser(1155)) - Ozone Manager login successful.
2023-07-13 02:05:36,538 [Time-limited test] WARN  server.ServerUtils (ServerUtils.java:getDBPath(311)) - ozone.om.db.dirs is not configured. We recommend adding this setting. Falling back to ozone.metadata.dirs instead.
2023-07-13 02:05:36,539 [Time-limited test] INFO  proxy.SCMBlockLocationFailoverProxyProvider (SCMBlockLocationFailoverProxyProvider.java:<init>(114)) - Created block location fail-over proxy with 1 nodes: [nodeId=scmNodeId,nodeAddress=/0.0.0.0:9863]
2023-07-13 02:05:36,540 [Time-limited test] INFO  om.OzoneManager (OzoneManager.java:getOmDetailsProto(4566)) - OzoneManager ports added:[name: "RPC"
value: 1202
]
2023-07-13 02:05:36,541 [Time-limited test] INFO  security.OMCertificateClient (DefaultCertificateClient.java:updateCertSerialId(1248)) - Certificate serial ID set to 1274368952939
2023-07-13 02:05:36,545 [Time-limited test] INFO  security.OMCertificateClient (DefaultCertificateClient.java:readCertificateFile(224)) - Added certificate   [0]         Version: 3
         SerialNumber: 1273415469933
             IssuerDN: CN=scm-1@fv-az201-768,OU=a0709618-c377-4aca-8a17-7dbd3c4cf44e,O=52827e5d-f3f1-4105-a708-e37ef7ce1320
           Start Date: Thu Jul 13 02:05:35 UTC 2023
           Final Date: Sun Aug 20 02:05:35 UTC 2028
            SubjectDN: CN=scm-sub-1273410974092@fv-az201-768,OU=a0709618-c377-4aca-8a17-7dbd3c4cf44e,O=52827e5d-f3f1-4105-a708-e37ef7ce1320
           Public Key: RSA Public Key [2a:e2:1a:a8:cb:2c:c8:14:8b:d5:84:7a:71:d5:c1:4f:f7:c2:1b:bb],[56:66:d1:a4]
        modulus: c5b1fb519ee39981a125a983bc4ade695fa85f2ee9d86eee88f7d78590bf1231c468faf856840f959ae1b6daca8d3f0f6982aabad2c338d1a3349aaa8059ff7a6e91e612a3f9f679aa872d0fd8915d1f01ee4a37710aeb1cea7a43fc775053771987a8c735f72715537101853bba1423838ea5c403c4e4241202cda464da126e25cf28ac889e924834b0df32d21057a26e1b96414f1958f12db1a3e4fa6c2fa82af3ea5e4da4dbac5e04892d298828b22c05693a72474ef6d96e7d2752edaa5ebe1c669381e047a8521883292fe559352099d773e2fe38ab4cd4eb2a14d0a00c7b76e96f9bbf34c2f1e28f71bf06b7ec2e4690a5df1d6cf44015c56459afbf4b
public exponent: 10001

  Signature Algorithm: SHA256WITHRSA
            Signature: c0ae889da90f30b321c152b043ba2b3eb39de899
                       4ebabf783238eaebe5e3f08a1b6fc435fc526264
                       3c3595e6e41902baa1812470b0c9aa74de295375
                       2bac9cd0cd879f02d02f53a26917cd71c1c6b4e7
                       01d27861d2e74534752d9b86c0f043e1f43ca738
                       08328ce74c0a536d33ab9df2c7b7c3b76f0bdadf
                       df8e957ab06cdc3d356903b87278a3f4f0c47065
                       8ea569e000d2acae962165aab97ef023786b74c5
                       b1582f203d14741833f11f8c91ccdb42c7c8c772
                       c106fea3c71961c5084a4640bb3fa43d36fecbd7
                       41e211fc897de2e91f887c3a2b0d9c25aee278a0
                       ad9863a4464282e1befd2ecbc7fd02e4146caf44
                       6e1a54e7a1394ed503fd52d675bb406f
       Extensions: 
                       critical(false) 2.5.29.17 value = Sequence
    Tagged [7] IMPLICIT 
        DER Octet String[4] 
    Tagged [2] IMPLICIT 
        DER Octet String[64] 

                       critical(true) BasicConstraints: isCa(true)
                       critical(true) KeyUsage: 0xbe
 from file: /tmp/junit5225371630981168833/junit2794437877140770013/scm-meta/om/certs/CA-1273415469933.crt.
2023-07-13 02:05:36,547 [Time-limited test] INFO  security.OMCertificateClient (DefaultCertificateClient.java:readCertificateFile(224)) - Added certificate   [0]         Version: 3
         SerialNumber: 1274368952939
             IssuerDN: CN=scm-sub-1273410974092@fv-az201-768,OU=a0709618-c377-4aca-8a17-7dbd3c4cf44e,O=52827e5d-f3f1-4105-a708-e37ef7ce1320
           Start Date: Thu Jul 13 02:05:36 UTC 2023
           Final Date: Fri Jul 12 02:05:36 UTC 2024
            SubjectDN: CN=scm@fv-az201-768.ett4tu3jvdse5ovc2mkgjqcs5a.bx.internal.cloudapp.net,OU=a0709618-c377-4aca-8a17-7dbd3c4cf44e,O=52827e5d-f3f1-4105-a708-e37ef7ce1320
           Public Key: RSA Public Key [36:3a:b0:6f:0b:85:08:55:44:7c:36:b7:be:6f:49:8f:1d:b3:1c:c5],[56:66:d1:a4]
        modulus: bed08aed6fb9e51727052ef520c78be95d27ba22fb10013d269ff9cdc0dfa71260be5bac327e1e02822da90de80269f6b2dd3db239c0ee564d0bcc007836093914e19d774da8fe78c1f2491a23e255b72d1ee4b77c380261775f7f18b68d07e8a3aa9450432c8752c0890499e08b05409fb22b6bb876a12e4ce42a77d19df20c38f3419829da3989d059278aee11b1b26229be82685357360e759d84ca4142a099f22acc2ebb7177fc4a1284ddb346db5d2b7d34cce6075b4f9ac973694e79d75501982322ea540553a0b3ac1d02837a394a56e6d5039a370b8f58de2db59c26ec0b6ab7a137d168045ef0298f0a765e48256b0a022f7b7b8fcd9d8fb0e8452f
public exponent: 10001

  Signature Algorithm: SHA256WITHRSA
            Signature: b83064f0167a7b298c62bb5c30b9c9d923ab2c57
                       a79481c86c64589e991a07c56e3f7f77fd6f8a28
                       acea5aab0205b782b9ea929e292e9731a62b8501
                       dad007c97aa90adcc12604cb85329bc9a023bcb8
                       5277454c2f75c9cbd49479486d2f3aedaf55aa3d
                       a983a6f8701addce31def5c2ad27ede26676f2d1
                       6cf192e63e6a1cdf9d088c32a3f1b64c524d1e87
                       8f42b901e3d5413c5760ebf5ea3bd559c9a2519d
                       d0ed3c71d11c15c2482e88eccbdac933bc3627cc
                       345faf907f5327b14ceb0a54dcc498bb88102b77
                       11461e2249bcc100dda003fc22e921db7e7a6cec
                       65d41fb3075042f050594f8c5f3e373556a8165d
                       fba759f71a112ebd57b5e5a69f6c11e5
       Extensions: 
                       critical(false) 2.5.29.17 value = Sequence
    Tagged [7] IMPLICIT 
        DER Octet String[4] 
    Tagged [2] IMPLICIT 
        DER Octet String[64] 

                       critical(true) KeyUsage: 0xb8
 from file: /tmp/junit5225371630981168833/junit2794437877140770013/scm-meta/om/certs/1274368952939.crt.
2023-07-13 02:05:36,549 [Time-limited test] INFO  security.OMCertificateClient (DefaultCertificateClient.java:readCertificateFile(224)) - Added certificate   [0]         Version: 3
         SerialNumber: 1
             IssuerDN: CN=scm-1@fv-az201-768,OU=a0709618-c377-4aca-8a17-7dbd3c4cf44e,O=52827e5d-f3f1-4105-a708-e37ef7ce1320
           Start Date: Thu Jul 13 02:05:35 UTC 2023
           Final Date: Sun Aug 20 02:05:35 UTC 2028
            SubjectDN: CN=scm-1@fv-az201-768,OU=a0709618-c377-4aca-8a17-7dbd3c4cf44e,O=52827e5d-f3f1-4105-a708-e37ef7ce1320
           Public Key: RSA Public Key [d7:b1:02:2a:ff:79:3b:db:20:9a:89:57:d1:95:09:2f:5b:8e:90:7d],[56:66:d1:a4]
        modulus: f2b3d7c9e709903910e54055c7277ed2add8a8402bc7a6b803bdd7ac0e324f11df1bebcb85de9237cd16687420e04c6326ce8be419fb9ec6fe2a51f07e0c94d0ea4aef6610c7e5809092077523020598bb5166d559462d454c8844c94e922248c740862fc4bf6469f4f400bc9963f911256d7bea2c6f0824b40647600f76edc5104c232fbc1f80c63a1abe85047fb1b0788b3dc814f32b172b37fbe24ff4292d8d9f4fa0fe3c5d3cebad494a5e15d7525ab22a203c8742927bc6fc345ef526e877364bfbebfab9f165ca7ee49ee9fb19f7ca8893f87042765d10c5b8838c80e5995ef1a553d96dd03c0fa7819bca2dd5ae5e737ac84b2325e2f5283d4864bfb3
public exponent: 10001

  Signature Algorithm: SHA256WITHRSA
            Signature: f12c1c258e62a19de049260424bb700fc8d4675b
                       26896a6cd9f5f4fc061c2abe97f69f3473ba657e
                       33ccdde51abdcf2e29e5aac802180d6609710e80
                       f959e410279e8851cad9848b54a89ac39b49e776
                       b77804f4c4dadd86824576fc1da4eeba2286daef
                       78c654fbd4e8cc52563ff2c5f152ef21a8f150c0
                       f5a869a8e7bc32a83736ffedf2f728126dde6462
                       571ac58a38e0080984e96393866724a6cf111af8
                       30cbdc641136feb4b48734a841ba32406f16502d
                       dc9bc00e4260efce82f8c528e809127d23cbeffc
                       1bb6a531191a3b49569835e0662f7c0a1d355b33
                       28a7e5d440956553a9fce4ae879b09b3c49c582d
                       d9c474429fc07312017bf70c1704ef34
       Extensions: 
                       critical(true) BasicConstraints: isCa(true)
                       critical(true) KeyUsage: 0x6
                       critical(false) 2.5.29.17 value = Sequence
    Tagged [7] IMPLICIT 
        DER Octet String[4] 
    Tagged [2] IMPLICIT 
        DER Octet String[64] 

 from file: /tmp/junit5225371630981168833/junit2794437877140770013/scm-meta/om/certs/ROOTCA-1.crt.
2023-07-13 02:05:36,554 [Time-limited test] INFO  security.OMCertificateClient (DefaultCertificateClient.java:startCertificateRenewerService(1349)) - CertificateRenewerService for om is started with first delay 31535989451 ms and interval 3333 ms.
2023-07-13 02:05:36,556 [Time-limited test] INFO  om.OzoneManager (OzoneManager.java:<init>(658)) - OM start with adminUsers: [om/fv-az201-768.ett4tu3jvdse5ovc2mkgjqcs5a.bx.internal.cloudapp.net@EXAMPLE.COM, om]
2023-07-13 02:05:36,557 [Time-limited test] WARN  server.ServerUtils (ServerUtils.java:getDBPath(311)) - ozone.om.db.dirs is not configured. We recommend adding this setting. Falling back to ozone.metadata.dirs instead.
2023-07-13 02:05:36,562 [Time-limited test] INFO  helpers.OmKeyInfo (OmKeyInfo.java:getCodec(71)) - OmKeyInfo.getCodec ignorePipeline = true
2023-07-13 02:05:36,586 [pool-208-thread-1] INFO  request.TgsRequest (TgsRequest.java:issueTicket(115)) - TGS_REQ ISSUE: authtime 1689213936580,om/fv-az201-768.ett4tu3jvdse5ovc2mkgjqcs5a.bx.internal.cloudapp.net for scm/fv-az201-768.ett4tu3jvdse5ovc2mkgjqcs5a.bx.internal.cloudapp.net@EXAMPLE.COM
2023-07-13 02:05:36,601 [Socket Reader #1 for port 9961] WARN  ipc.Server (Server.java:saslProcess(2123)) - Auth failed for fv-az201-768.ett4tu3jvdse5ovc2mkgjqcs5a.bx.internal.cloudapp.net:34015 / 10.1.0.115:34015:null (GSS initiate failed) with true cause: (GSS initiate failed)
2023-07-13 02:05:36,603 [RootCaRotationPoller] WARN  security.UserGroupInformation (UserGroupInformation.java:hasSufficientTimeElapsed(1371)) - Not attempting to re-login since the last re-login was attempted less than 60 seconds before. Last Login=1689213936538
2023-07-13 02:05:36,881 [Time-limited test] INFO  om.OzoneManager (OzoneManager.java:instantiateServices(787)) - S3 Multi-Tenancy is disabled
2023-07-13 02:05:36,881 [Time-limited test] INFO  security.OzoneSecretStore (OzoneSecretStore.java:loadState(69)) - Loaded 0 tokens
2023-07-13 02:05:36,881 [Time-limited test] INFO  security.OzoneDelegationTokenSecretManager (OzoneDelegationTokenSecretManager.java:loadTokenSecretState(530)) - Loading token state into token manager.
2023-07-13 02:05:36,883 [Time-limited test] INFO  om.OmSnapshotManager (OmSnapshotManager.java:<init>(175)) - Ozone filesystem snapshot feature is enabled.
2023-07-13 02:05:36,883 [Time-limited test] WARN  server.ServerUtils (ServerUtils.java:getDBPath(311)) - ozone.om.snapshot.diff.db.dir is not configured. We recommend adding this setting. Falling back to ozone.metadata.dirs instead.
2023-07-13 02:05:36,923 [Time-limited test] INFO  snapshot.SnapshotDiffManager (SnapshotDiffManager.java:closeExecutorService(1720)) - Shutting down executorService: 'SstDumpToolExecutor'
2023-07-13 02:05:36,972 [Time-limited test] INFO  om.OzoneManager (OzoneManager.java:addS3GVolumeToDB(4298)) - Created Volume s3v With Owner om required for S3Gateway operations.
2023-07-13 02:05:36,972 [Time-limited test] WARN  server.ServerUtils (ServerUtils.java:getDefaultRatisDirectory(323)) - Storage directory for Ratis is not configured. It is a good idea to map this to an SSD disk. Falling back to ozone.metadata.dirs
2023-07-13 02:05:36,973 [Time-limited test] WARN  utils.OzoneManagerRatisUtils (OzoneManagerRatisUtils.java:getOMRatisSnapshotDirectory(461)) - ozone.om.ratis.snapshot.dir is not configured. Falling back to ozone.metadata.dirs config
2023-07-13 02:05:36,973 [Time-limited test] WARN  server.ServerUtils (ServerUtils.java:getDefaultRatisDirectory(323)) - Storage directory for Ratis is not configured. It is a good idea to map this to an SSD disk. Falling back to ozone.metadata.dirs
2023-07-13 02:05:36,985 [Time-limited test] INFO  ratis.OzoneManagerRatisServer (OzoneManagerRatisServer.java:<init>(163)) - Instantiating OM Ratis server with groupID: omServiceIdDefault and peers: fv-az201-768.ett4tu3jvdse5ovc2mkgjqcs5a.bx.internal.cloudapp.net:9872
2023-07-13 02:05:36,986 [Time-limited test] INFO  ratis.OzoneManagerStateMachine (OzoneManagerStateMachine.java:loadSnapshotInfoFromDB(670)) - LastAppliedIndex is set from TransactionInfo from OM DB as (t:0, i:~)
2023-07-13 02:05:36,986 [Time-limited test] INFO  server.RaftServer (ConfUtils.java:logGet(46)) - raft.rpc.type = GRPC (default)
2023-07-13 02:05:36,987 [Time-limited test] INFO  grpc.GrpcConfigKeys (ConfUtils.java:logFallback(53)) - raft.grpc.admin.host = null (fallback to raft.grpc.server.host)
2023-07-13 02:05:36,987 [Time-limited test] INFO  grpc.GrpcConfigKeys (ConfUtils.java:logFallback(53)) - raft.grpc.admin.port = 9872 (fallback to raft.grpc.server.port)
2023-07-13 02:05:36,987 [Time-limited test] INFO  grpc.GrpcConfigKeys (ConfUtils.java:logFallback(53)) - raft.grpc.client.host = null (fallback to raft.grpc.server.host)
2023-07-13 02:05:36,987 [Time-limited test] INFO  grpc.GrpcConfigKeys (ConfUtils.java:logFallback(53)) - raft.grpc.client.port = 9872 (fallback to raft.grpc.server.port)
2023-07-13 02:05:36,987 [Time-limited test] INFO  grpc.GrpcConfigKeys (ConfUtils.java:logGet(46)) - raft.grpc.server.host = null (default)
2023-07-13 02:05:36,987 [Time-limited test] INFO  grpc.GrpcConfigKeys (ConfUtils.java:logGet(46)) - raft.grpc.server.port = 9872 (custom)
2023-07-13 02:05:36,987 [Time-limited test] INFO  server.GrpcService (ConfUtils.java:logGet(46)) - raft.grpc.message.size.max = 33554432 (custom)
2023-07-13 02:05:36,987 [Time-limited test] INFO  server.RaftServerConfigKeys (ConfUtils.java:logGet(46)) - raft.server.log.appender.buffer.byte-limit = 33554432 (custom)
2023-07-13 02:05:36,988 [Time-limited test] INFO  server.GrpcService (ConfUtils.java:logGet(46)) - raft.grpc.flow.control.window = 1MB (=1048576) (default)
2023-07-13 02:05:36,988 [Time-limited test] INFO  server.RaftServerConfigKeys (ConfUtils.java:logGet(46)) - raft.server.rpc.request.timeout = 3000ms (default)
2023-07-13 02:05:36,988 [Time-limited test] INFO  grpc.GrpcConfigKeys (ConfUtils.java:logGet(46)) - raft.grpc.server.heartbeat.channel = true (default)
2023-07-13 02:05:36,988 [Time-limited test] INFO  grpc.GrpcConfigKeys (ConfUtils.java:logGet(46)) - raft.grpc.server.async.request.thread.pool.cached = true (default)
2023-07-13 02:05:36,988 [Time-limited test] INFO  grpc.GrpcConfigKeys (ConfUtils.java:logGet(46)) - raft.grpc.server.async.request.thread.pool.size = 32 (default)
2023-07-13 02:05:36,990 [Time-limited test] INFO  impl.DataStreamServerImpl (ConfUtils.java:logGet(46)) - raft.datastream.type = DISABLED (default)
2023-07-13 02:05:36,990 [Time-limited test] INFO  server.RaftServerConfigKeys (ConfUtils.java:logGet(46)) - raft.server.threadpool.proxy.cached = true (default)
2023-07-13 02:05:36,990 [Time-limited test] INFO  server.RaftServerConfigKeys (ConfUtils.java:logGet(46)) - raft.server.threadpool.proxy.size = 0 (default)
2023-07-13 02:05:36,990 [Time-limited test] INFO  server.RaftServerConfigKeys (ConfUtils.java:logGet(46)) - raft.server.rpc.slowness.timeout = 120s (custom)
2023-07-13 02:05:36,990 [Time-limited test] INFO  server.RaftServerConfigKeys (ConfUtils.java:logGet(46)) - raft.server.leaderelection.leader.step-down.wait-time = 10s (default)
2023-07-13 02:05:36,990 [Time-limited test] INFO  server.RaftServerConfigKeys (ConfUtils.java:logGet(46)) - raft.server.storage.dir = [/tmp/junit5225371630981168833/junit2794437877140770013/scm-meta/ratis] (custom)
2023-07-13 02:05:36,992 [Time-limited test] INFO  server.RaftServer (RaftServerProxy.java:addNew(98)) - om1: addNew group-C5BA1605619E:[om1|rpc:fv-az201-768.ett4tu3jvdse5ovc2mkgjqcs5a.bx.internal.cloudapp.net:9872|priority:0|startupRole:FOLLOWER] returns group-C5BA1605619E:java.util.concurrent.CompletableFuture@5dc1d132[Not completed]
2023-07-13 02:05:36,992 [Time-limited test] INFO  om.OzoneManager (OzoneManager.java:initializeRatisServer(2139)) - OzoneManager Ratis server initialized at port 9872
2023-07-13 02:05:36,992 [Time-limited test] INFO  om.OzoneManager (OzoneManager.java:getRpcServer(1187)) - Creating RPC Server
2023-07-13 02:05:36,993 [om1-groupManagement] INFO  server.RaftServer$Division (RaftServerImpl.java:<init>(198)) - om1: new RaftServerImpl for group-C5BA1605619E:[om1|rpc:fv-az201-768.ett4tu3jvdse5ovc2mkgjqcs5a.bx.internal.cloudapp.net:9872|priority:0|startupRole:FOLLOWER] with OzoneManagerStateMachine:uninitialized
2023-07-13 02:05:36,994 [om1-groupManagement] INFO  server.RaftServerConfigKeys (ConfUtils.java:logGet(46)) - raft.server.rpc.timeout.min = 5s (custom)
2023-07-13 02:05:36,994 [om1-groupManagement] INFO  server.RaftServerConfigKeys (ConfUtils.java:logGet(46)) - raft.server.rpc.timeout.max = 5200ms (custom)
2023-07-13 02:05:36,994 [om1-groupManagement] INFO  server.RaftServerConfigKeys (ConfUtils.java:logGet(46)) - raft.server.rpc.sleep.time = 25ms (default)
2023-07-13 02:05:36,994 [om1-groupManagement] INFO  server.RaftServerConfigKeys (ConfUtils.java:logGet(46)) - raft.server.rpc.slowness.timeout = 120s (custom)
2023-07-13 02:05:36,994 [om1-groupManagement] INFO  server.RaftServerConfigKeys (ConfUtils.java:logGet(46)) - raft.server.leaderelection.leader.step-down.wait-time = 10s (default)
2023-07-13 02:05:36,994 [om1-groupManagement] INFO  server.RaftServerConfigKeys (ConfUtils.java:logGet(46)) - raft.server.sleep.deviation.threshold = 300ms (default)
2023-07-13 02:05:36,994 [om1-groupManagement] INFO  server.RaftServer$Division (ServerState.java:<init>(120)) - om1@group-C5BA1605619E: ConfigurationManager, init=-1: peers:[om1|rpc:fv-az201-768.ett4tu3jvdse5ovc2mkgjqcs5a.bx.internal.cloudapp.net:9872|priority:0|startupRole:FOLLOWER]|listeners:[], old=null, confs=<EMPTY_MAP>
2023-07-13 02:05:36,994 [om1-groupManagement] INFO  server.RaftServerConfigKeys (ConfUtils.java:logGet(46)) - raft.server.storage.dir = [/tmp/junit5225371630981168833/junit2794437877140770013/scm-meta/ratis] (custom)
2023-07-13 02:05:36,994 [om1-groupManagement] INFO  server.RaftServerConfigKeys (ConfUtils.java:logGet(46)) - raft.server.log.corruption.policy = EXCEPTION (default)
2023-07-13 02:05:36,994 [om1-groupManagement] INFO  server.RaftServerConfigKeys (ConfUtils.java:logGet(46)) - raft.server.storage.free-space.min = 0MB (=0) (default)
2023-07-13 02:05:36,995 [om1-groupManagement] INFO  server.RaftServerConfigKeys (ConfUtils.java:logGet(46)) - raft.server.notification.no-leader.timeout = 120s (custom)
2023-07-13 02:05:36,995 [om1-groupManagement] INFO  server.RaftServerConfigKeys (ConfUtils.java:logGet(46)) - raft.server.read.timeout = 10s (default)
2023-07-13 02:05:36,995 [om1-groupManagement] INFO  server.RaftServerConfigKeys (ConfUtils.java:logGet(46)) - raft.server.retrycache.expirytime = 300s (custom)
2023-07-13 02:05:36,995 [om1-groupManagement] INFO  server.RaftServerConfigKeys (ConfUtils.java:logGet(46)) - raft.server.retrycache.statistics.expirytime = 100μs (default)
2023-07-13 02:05:36,995 [om1-groupManagement] INFO  server.RaftServerConfigKeys (ConfUtils.java:logGet(46)) - raft.server.read.option = DEFAULT (default)
2023-07-13 02:05:36,995 [om1-groupManagement] INFO  server.RaftServerConfigKeys (ConfUtils.java:logGet(46)) - raft.server.rpc.request.timeout = 3000ms (default)
2023-07-13 02:05:36,996 [om1-groupManagement] INFO  server.RaftServerConfigKeys (ConfUtils.java:logGet(46)) - raft.server.log.appender.install.snapshot.enabled = false (custom)
2023-07-13 02:05:36,996 [om1-groupManagement] INFO  server.RaftServerConfigKeys (ConfUtils.java:logGet(46)) - raft.server.threadpool.server.cached = true (default)
2023-07-13 02:05:36,996 [om1-groupManagement] INFO  server.RaftServerConfigKeys (ConfUtils.java:logGet(46)) - raft.server.threadpool.server.size = 0 (default)
2023-07-13 02:05:36,996 [om1-groupManagement] INFO  server.RaftServerConfigKeys (ConfUtils.java:logGet(46)) - raft.server.threadpool.client.cached = true (default)
2023-07-13 02:05:36,996 [om1-groupManagement] INFO  server.RaftServerConfigKeys (ConfUtils.java:logGet(46)) - raft.server.threadpool.client.size = 0 (default)
2023-07-13 02:05:37,673 [Time-limited test] INFO  reflections.Reflections (Reflections.java:scan(232)) - Reflections took 680 ms to scan 19 urls, producing 70 keys and 5533 values [using 2 cores]
2023-07-13 02:05:37,675 [Time-limited test] INFO  ipc.CallQueueManager (CallQueueManager.java:<init>(90)) - Using callQueue: class java.util.concurrent.LinkedBlockingQueue, queueCapacity: 10000, scheduler: class org.apache.hadoop.ipc.DefaultRpcScheduler, ipcBackoff: false.
2023-07-13 02:05:37,675 [Time-limited test] INFO  ipc.Server (Server.java:<init>(1287)) - Listener at fv-az201-768.ett4tu3jvdse5ovc2mkgjqcs5a.bx.internal.cloudapp.net:1202
2023-07-13 02:05:37,680 [Socket Reader #1 for port 1202] INFO  ipc.Server (Server.java:run(1323)) - Starting Socket Reader #1 for port 1202
2023-07-13 02:05:37,716 [Time-limited test] INFO  server.StorageContainerManager (StorageContainerManager.java:stop(1590)) - Container Balancer is not running.
2023-07-13 02:05:37,717 [Time-limited test] INFO  server.StorageContainerManager (StorageContainerManager.java:stopReplicationManager(1723)) - Stopping Replication Manager Service.
2023-07-13 02:05:37,717 [Time-limited test] INFO  replication.ReplicationManager (ReplicationManager.java:stop(319)) - Stopping Replication Monitor Thread.
2023-07-13 02:05:37,717 [Under Replicated Processor] WARN  replication.UnhealthyReplicationProcessor (UnhealthyReplicationProcessor.java:run(180)) - Under Replicated Processor interrupted. Exiting...
2023-07-13 02:05:37,717 [Over Replicated Processor] WARN  replication.UnhealthyReplicationProcessor (UnhealthyReplicationProcessor.java:run(180)) - Over Replicated Processor interrupted. Exiting...
2023-07-13 02:05:37,717 [ReplicationMonitor] INFO  replication.ReplicationManager (ReplicationManager.java:run(917)) - Replication Monitor Thread is stopped
2023-07-13 02:05:37,717 [Time-limited test] INFO  server.StorageContainerManager (StorageContainerManager.java:stop(1599)) - Stopping the Datanode Admin Monitor.
2023-07-13 02:05:37,718 [Time-limited test] INFO  server.StorageContainerManager (StorageContainerManager.java:stop(1606)) - Stopping datanode service RPC server
2023-07-13 02:05:37,718 [Time-limited test] INFO  server.SCMDatanodeProtocolServer (SCMDatanodeProtocolServer.java:stop(424)) - Stopping the RPC server for DataNodes
2023-07-13 02:05:37,718 [Time-limited test] INFO  ipc.Server (Server.java:stop(3523)) - Stopping server on 9861
2023-07-13 02:05:37,734 [IPC Server listener on 9861] INFO  ipc.Server (Server.java:run(1434)) - Stopping IPC Server listener on 9861
2023-07-13 02:05:37,736 [IPC Server Responder] INFO  ipc.Server (Server.java:run(1567)) - Stopping IPC Server Responder
2023-07-13 02:05:38,605 [SCM Heartbeat Processing Thread - 0] WARN  node.NodeStateManager (NodeStateManager.java:scheduleNextHealthCheck(874)) - Current Thread is interrupted, shutting down HB processing thread for Node Manager.
2023-07-13 02:05:38,606 [Time-limited test] INFO  server.StorageContainerManager (StorageContainerManager.java:stop(1614)) - Stopping block service RPC server
2023-07-13 02:05:38,606 [Time-limited test] INFO  server.SCMBlockProtocolServer (SCMBlockProtocolServer.java:stop(161)) - Stopping the RPC server for Block Protocol
2023-07-13 02:05:38,606 [Time-limited test] INFO  ipc.Server (Server.java:stop(3523)) - Stopping server on 9863
2023-07-13 02:05:38,610 [IPC Server listener on 9863] INFO  ipc.Server (Server.java:run(1434)) - Stopping IPC Server listener on 9863
2023-07-13 02:05:38,610 [IPC Server Responder] INFO  ipc.Server (Server.java:run(1567)) - Stopping IPC Server Responder
2023-07-13 02:05:38,613 [Time-limited test] INFO  server.StorageContainerManager (StorageContainerManager.java:stop(1621)) - Stopping the StorageContainerLocationProtocol RPC server
2023-07-13 02:05:38,613 [Time-limited test] INFO  server.SCMClientProtocolServer (SCMClientProtocolServer.java:stop(209)) - Stopping the RPC server for Client Protocol
2023-07-13 02:05:38,613 [Time-limited test] INFO  ipc.Server (Server.java:stop(3523)) - Stopping server on 9860
2023-07-13 02:05:38,618 [IPC Server Responder] INFO  ipc.Server (Server.java:run(1567)) - Stopping IPC Server Responder
2023-07-13 02:05:38,619 [IPC Server listener on 9860] INFO  ipc.Server (Server.java:run(1434)) - Stopping IPC Server listener on 9860
2023-07-13 02:05:38,624 [Time-limited test] INFO  server.StorageContainerManager (StorageContainerManager.java:stop(1628)) - Stopping Storage Container Manager HTTP server.
2023-07-13 02:05:38,625 [Time-limited test] INFO  handler.ContextHandler (ContextHandler.java:doStop(1159)) - Stopped o.e.j.w.WebAppContext@27841628{scm,/,null,STOPPED}{file:/home/runner/work/ozone/ozone/hadoop-ozone/integration-test/target/test-classes/webapps/scm}
2023-07-13 02:05:38,628 [Time-limited test] INFO  server.AbstractConnector (AbstractConnector.java:doStop(383)) - Stopped ServerConnector@254bb946{HTTP/1.1, (http/1.1)}{0.0.0.0:9876}
2023-07-13 02:05:38,629 [Time-limited test] INFO  server.session (HouseKeeper.java:stopScavenging(149)) - node0 Stopped scavenging
2023-07-13 02:05:38,629 [Time-limited test] INFO  handler.ContextHandler (ContextHandler.java:doStop(1159)) - Stopped o.e.j.s.ServletContextHandler@32226b07{static,/static,file:///home/runner/work/ozone/ozone/hadoop-ozone/integration-test/target/test-classes/webapps/static,STOPPED}
2023-07-13 02:05:38,630 [Time-limited test] INFO  handler.ContextHandler (ContextHandler.java:doStop(1159)) - Stopped o.e.j.s.ServletContextHandler@3ccd844b{logs,/logs,file:///home/runner/work/ozone/ozone/hadoop-ozone/integration-test/target/log,STOPPED}
2023-07-13 02:05:38,632 [Time-limited test] INFO  server.StorageContainerManager (StorageContainerManager.java:stop(1636)) - Stopping SCM LayoutVersionManager Service.
2023-07-13 02:05:38,632 [Time-limited test] INFO  server.SCMSecurityProtocolServer (SCMSecurityProtocolServer.java:stop(536)) - Stopping the SCMSecurityProtocolServer.
2023-07-13 02:05:38,632 [Time-limited test] INFO  ipc.Server (Server.java:stop(3523)) - Stopping server on 9961
2023-07-13 02:05:38,633 [IPC Server Responder] INFO  ipc.Server (Server.java:run(1567)) - Stopping IPC Server Responder
2023-07-13 02:05:38,633 [IPC Server listener on 9961] INFO  ipc.Server (Server.java:run(1434)) - Stopping IPC Server listener on 9961
2023-07-13 02:05:38,633 [Time-limited test] INFO  server.SCMUpdateServiceGrpcServer (SCMUpdateServiceGrpcServer.java:stop(73)) - SCMUpdateService stopping
2023-07-13 02:05:38,635 [Time-limited test] INFO  server.SCMUpdateServiceGrpcServer (SCMUpdateServiceGrpcServer.java:stop(85)) - SCMUpdateService stopped!
2023-07-13 02:05:38,635 [Time-limited test] INFO  server.StorageContainerManager (StorageContainerManager.java:stop(1648)) - Stopping Block Manager Service.
2023-07-13 02:05:38,635 [Time-limited test] INFO  utils.BackgroundService (BackgroundService.java:shutdown(141)) - Shutting down service SCMBlockDeletingService
2023-07-13 02:05:38,636 [Time-limited test] INFO  utils.BackgroundService (BackgroundService.java:shutdown(141)) - Shutting down service SCMBlockDeletingService
2023-07-13 02:05:38,636 [Time-limited test] INFO  server.StorageContainerManager (StorageContainerManager.java:stop(1668)) - Stopping SCM Event Queue.
2023-07-13 02:05:38,637 [JvmPauseMonitor3] INFO  util.JvmPauseMonitor (JvmPauseMonitor.java:run(109)) - JvmPauseMonitor-a0709618-c377-4aca-8a17-7dbd3c4cf44e: Stopped
2023-07-13 02:05:38,637 [Time-limited test] INFO  server.StorageContainerManager (StorageContainerManager.java:stop(1679)) - Stopping SCM HA services.
2023-07-13 02:05:38,637 [Time-limited test] INFO  pipeline.BackgroundPipelineCreator (BackgroundPipelineCreator.java:stop(149)) - Stopping RatisPipelineUtilsThread.
2023-07-13 02:05:38,637 [RatisPipelineUtilsThread - 0] WARN  pipeline.BackgroundPipelineCreator (BackgroundPipelineCreator.java:run(180)) - RatisPipelineUtilsThread is interrupted.
2023-07-13 02:05:38,638 [Time-limited test] INFO  BackgroundPipelineScrubber (BackgroundSCMService.java:stop(131)) - Stopping BackgroundPipelineScrubber Service.
2023-07-13 02:05:38,638 [BackgroundPipelineScrubberThread] WARN  BackgroundPipelineScrubber (BackgroundSCMService.java:run(115)) - BackgroundPipelineScrubber is interrupted, exit
2023-07-13 02:05:38,638 [Time-limited test] INFO  impl.MetricsSystemImpl (MetricsSystemImpl.java:stop(210)) - Stopping StorageContainerManager metrics system...
2023-07-13 02:05:38,647 [prometheus] INFO  impl.MetricsSinkAdapter (MetricsSinkAdapter.java:publishMetricsFromQueue(141)) - prometheus thread interrupted.
2023-07-13 02:05:38,647 [Time-limited test] INFO  impl.MetricsSystemImpl (MetricsSystemImpl.java:stop(216)) - StorageContainerManager metrics system stopped.
2023-07-13 02:05:38,648 [Time-limited test] WARN  pipeline.BackgroundPipelineCreator (BackgroundPipelineCreator.java:stop(145)) - RatisPipelineUtilsThread is not running, just ignore.
2023-07-13 02:05:38,648 [Time-limited test] INFO  BackgroundPipelineScrubber (BackgroundSCMService.java:stop(126)) - BackgroundPipelineScrubber Service is not running, skip stop.
2023-07-13 02:05:38,648 [Time-limited test] INFO  ExpiredContainerReplicaOpScrubber (BackgroundSCMService.java:stop(131)) - Stopping ExpiredContainerReplicaOpScrubber Service.
2023-07-13 02:05:38,648 [ExpiredContainerReplicaOpScrubberThread] WARN  ExpiredContainerReplicaOpScrubber (BackgroundSCMService.java:run(115)) - ExpiredContainerReplicaOpScrubber is interrupted, exit
2023-07-13 02:05:38,648 [Time-limited test] INFO  utils.BackgroundService (BackgroundService.java:shutdown(141)) - Shutting down service SCMBlockDeletingService
2023-07-13 02:05:38,648 [Time-limited test] INFO  replication.ReplicationManager (ReplicationManager.java:stop(329)) - Replication Monitor Thread is not running.
2023-07-13 02:05:38,648 [Time-limited test] WARN  balancer.ContainerBalancer (ContainerBalancer.java:stop(326)) - Cannot stop Container Balancer because it's not running or stopping
2023-07-13 02:05:38,648 [Time-limited test] INFO  server.StorageContainerManager (StorageContainerManager.java:stop(1714)) - Stopping SCM MetadataStore.
2023-07-13 02:05:38,650 [Time-limited test] INFO  om.OzoneManager (OzoneManager.java:stop(2198)) - om1[fv-az201-768.ett4tu3jvdse5ovc2mkgjqcs5a.bx.internal.cloudapp.net:1202]: Stopping Ozone Manager
2023-07-13 02:05:38,650 [Time-limited test] INFO  ipc.Server (Server.java:stop(3523)) - Stopping server on 1202
2023-07-13 02:05:38,651 [Time-limited test] INFO  ratis.OzoneManagerStateMachine (OzoneManagerStateMachine.java:close(533)) - StateMachine has shutdown. Shutdown OzoneManager if not already shutdown.
2023-07-13 02:05:38,651 [Time-limited test] INFO  ratis.OzoneManagerDoubleBuffer (OzoneManagerDoubleBuffer.java:stopDaemon(551)) - Stopping OMDoubleBuffer flush thread
2023-07-13 02:05:38,651 [OMDoubleBufferFlushThread] INFO  ratis.OzoneManagerDoubleBuffer (OzoneManagerDoubleBuffer.java:canFlush(638)) - OMDoubleBuffer flush thread OMDoubleBufferFlushThread is interrupted and will exit.
2023-07-13 02:05:38,651 [Time-limited test] INFO  om.OzoneManager (OzoneManager.java:stopSecretManager(1058)) - Stopping secret key client.
2023-07-13 02:05:38,651 [Time-limited test] INFO  om.OzoneManager (OzoneManager.java:stopSecretManager(1063)) - Stopping OM delegation token secret manager.
2023-07-13 02:05:38,656 [Time-limited test] INFO  snapshot.SnapshotDiffManager (SnapshotDiffManager.java:closeExecutorService(1720)) - Shutting down executorService: 'SnapDiffExecutor'
2023-07-13 02:05:38,656 [Time-limited test] INFO  snapshot.SnapshotDiffManager (SnapshotDiffManager.java:closeExecutorService(1720)) - Shutting down executorService: 'SstDumpToolExecutor'
2023-07-13 02:05:38,657 [Time-limited test] INFO  utils.BackgroundService (BackgroundService.java:shutdown(141)) - Shutting down service SnapshotDiffCleanupService
2023-07-13 02:05:42,128 [RootCaRotationPoller] INFO  retry.RetryInvocationHandler (RetryInvocationHandler.java:log(422)) - com.google.protobuf.ServiceException: java.net.ConnectException: Your endpoint configuration is wrong; For more details see:  http://wiki.apache.org/hadoop/UnsetHostnameOrPort, while invoking $Proxy26.submitRequest over nodeId=scmNodeId,nodeAddress=/0.0.0.0:9961 after 1 failover attempts. Trying to failover after sleeping for 2000ms. Current retry count: 1.
2023-07-13 02:05:43,658 [Time-limited test] INFO  om.OzoneManager (OzoneManager.java:stop(2198)) - om1[fv-az201-768.ett4tu3jvdse5ovc2mkgjqcs5a.bx.internal.cloudapp.net:1202]: Stopping Ozone Manager
2023-07-13 02:05:43,659 [Time-limited test] INFO  impl.DefaultInternalKdcServerImpl (DefaultInternalKdcServerImpl.java:doStop(102)) - Default Internal kdc server stopped.
2023-07-13 02:05:44,659 [Time-limited test] INFO  minikdc.MiniKdc (MiniKdc.java:stop(359)) - MiniKdc stopped.
2023-07-13 02:05:44,660 [Time-limited test] INFO  server.StorageContainerManager (StorageContainerManager.java:stop(1579)) - Storage Container Manager is not running.
2023-07-13 02:05:44,660 [Time-limited test] INFO  server.StorageContainerManager (StorageContainerManager.java:stopReplicationManager(1723)) - Stopping Replication Manager Service.
2023-07-13 02:05:44,660 [Time-limited test] INFO  replication.ReplicationManager (ReplicationManager.java:stop(329)) - Replication Monitor Thread is not running.
2023-07-13 02:05:44,660 [Time-limited test] INFO  server.SCMSecurityProtocolServer (SCMSecurityProtocolServer.java:join(546)) - Join RPC server for SCMSecurityProtocolServer.
2023-07-13 02:05:44,660 [Time-limited test] INFO  server.SCMSecurityProtocolServer (SCMSecurityProtocolServer.java:join(548)) - Join gRPC server for SCMSecurityProtocolServer.
2023-07-13 02:05:44,660 [Time-limited test] INFO  om.OzoneManager (OzoneManager.java:stop(2198)) - om1[fv-az201-768.ett4tu3jvdse5ovc2mkgjqcs5a.bx.internal.cloudapp.net:1202]: Stopping Ozone Manager
]]></system-out>
  </testcase>
  <testcase name="testSecureOmInitializationSuccess" classname="org.apache.hadoop.ozone.TestSecureOzoneCluster" time="4.623">
    <system-out><![CDATA[2023-07-13 02:05:44,703 [Time-limited test] INFO  net.ServerSocketUtil (ServerSocketUtil.java:getPort(55)) - Using port 9860
2023-07-13 02:05:44,703 [Time-limited test] INFO  net.ServerSocketUtil (ServerSocketUtil.java:getPort(55)) - Using port 9861
2023-07-13 02:05:44,703 [Time-limited test] INFO  net.ServerSocketUtil (ServerSocketUtil.java:getPort(55)) - Using port 9863
2023-07-13 02:05:44,703 [Time-limited test] INFO  net.ServerSocketUtil (ServerSocketUtil.java:getPort(55)) - Using port 9961
2023-07-13 02:05:44,703 [Time-limited test] INFO  net.ServerSocketUtil (ServerSocketUtil.java:getPort(55)) - Using port 1200
2023-07-13 02:05:44,703 [Time-limited test] INFO  net.ServerSocketUtil (ServerSocketUtil.java:getPort(55)) - Using port 1201
2023-07-13 02:05:44,704 [Time-limited test] INFO  minikdc.MiniKdc (MiniKdc.java:<init>(225)) - Configuration:
2023-07-13 02:05:44,704 [Time-limited test] INFO  minikdc.MiniKdc (MiniKdc.java:<init>(226)) - ---------------------------------------------------------------
2023-07-13 02:05:44,704 [Time-limited test] INFO  minikdc.MiniKdc (MiniKdc.java:<init>(228)) -   debug: false
2023-07-13 02:05:44,704 [Time-limited test] INFO  minikdc.MiniKdc (MiniKdc.java:<init>(228)) -   transport: TCP
2023-07-13 02:05:44,704 [Time-limited test] INFO  minikdc.MiniKdc (MiniKdc.java:<init>(228)) -   max.ticket.lifetime: 86400000
2023-07-13 02:05:44,704 [Time-limited test] INFO  minikdc.MiniKdc (MiniKdc.java:<init>(228)) -   org.name: EXAMPLE
2023-07-13 02:05:44,704 [Time-limited test] INFO  minikdc.MiniKdc (MiniKdc.java:<init>(228)) -   kdc.port: 0
2023-07-13 02:05:44,704 [Time-limited test] INFO  minikdc.MiniKdc (MiniKdc.java:<init>(228)) -   org.domain: COM
2023-07-13 02:05:44,704 [Time-limited test] INFO  minikdc.MiniKdc (MiniKdc.java:<init>(228)) -   max.renewable.lifetime: 604800000
2023-07-13 02:05:44,704 [Time-limited test] INFO  minikdc.MiniKdc (MiniKdc.java:<init>(228)) -   instance: DefaultKrbServer
2023-07-13 02:05:44,705 [Time-limited test] INFO  minikdc.MiniKdc (MiniKdc.java:<init>(228)) -   kdc.bind.address: localhost
2023-07-13 02:05:44,705 [Time-limited test] INFO  minikdc.MiniKdc (MiniKdc.java:<init>(230)) - ---------------------------------------------------------------
2023-07-13 02:05:44,707 [Time-limited test] INFO  minikdc.MiniKdc (MiniKdc.java:start(285)) - MiniKdc started.
2023-07-13 02:05:45,091 [Time-limited test] INFO  om.OzoneManager (OzoneManager.java:getOmDetailsProto(4566)) - OzoneManager ports added:[name: "RPC"
value: 1202
]
2023-07-13 02:05:45,092 [Time-limited test] WARN  server.ServerUtils (ServerUtils.java:getScmDbDir(155)) - ozone.scm.db.dirs is not configured. We recommend adding this setting. Falling back to ozone.metadata.dirs instead.
2023-07-13 02:05:45,092 [Time-limited test] INFO  ha.HASecurityUtils (HASecurityUtils.java:initializeSecurity(98)) - Initializing secure StorageContainerManager.
2023-07-13 02:05:45,094 [Time-limited test] INFO  client.SCMCertificateClient (DefaultCertificateClient.java:updateCertSerialId(1248)) - Certificate serial ID set to null
2023-07-13 02:05:45,094 [Time-limited test] ERROR client.SCMCertificateClient (DefaultCertificateClient.java:getCertPath(349)) - Default certificate serial id is not set. Can't locate the default certificate for this client.
2023-07-13 02:05:45,094 [Time-limited test] INFO  client.SCMCertificateClient (DefaultCertificateClient.java:init(723)) - Certificate client init case: 0
2023-07-13 02:05:45,094 [Time-limited test] INFO  client.SCMCertificateClient (SCMCertificateClient.java:handleCase(96)) - Creating keypair for client as keypair and certificate not found.
2023-07-13 02:05:45,431 [Time-limited test] INFO  ha.HASecurityUtils (HASecurityUtils.java:initializeSecurity(108)) - Init response: GETCERT
2023-07-13 02:05:45,740 [Time-limited test] INFO  ozone.OzoneSecurityUtil (OzoneSecurityUtil.java:getValidInetsForCurrentHost(119)) - ip:fe80:0:0:0:20d:3aff:fe98:b55f%eth0 not returned.
2023-07-13 02:05:45,740 [Time-limited test] INFO  ozone.OzoneSecurityUtil (OzoneSecurityUtil.java:getValidInetsForCurrentHost(116)) - Adding ip:10.1.0.115,host:fv-az201-768.ett4tu3jvdse5ovc2mkgjqcs5a.bx.internal.cloudapp.net
2023-07-13 02:05:45,740 [Time-limited test] INFO  ozone.OzoneSecurityUtil (OzoneSecurityUtil.java:getValidInetsForCurrentHost(119)) - ip:0:0:0:0:0:0:0:1%lo not returned.
2023-07-13 02:05:45,740 [Time-limited test] INFO  ozone.OzoneSecurityUtil (OzoneSecurityUtil.java:getValidInetsForCurrentHost(119)) - ip:127.0.0.1 not returned.
2023-07-13 02:05:45,744 [Time-limited test] INFO  utils.SelfSignedCertificate (SelfSignedCertificate.java:generateCertificate(157)) - Certificate 1 is issued by CN=scm-1@fv-az201-768,OU=709ba1fe-abfd-4d21-a706-feeb0e0736c3,O=e9e42c01-09c0-4627-9dab-d625784207b9 to CN=scm-1@fv-az201-768,OU=709ba1fe-abfd-4d21-a706-feeb0e0736c3,O=e9e42c01-09c0-4627-9dab-d625784207b9, valid from Thu Jul 13 02:05:45 UTC 2023 to Sun Aug 20 02:05:45 UTC 2028
2023-07-13 02:05:45,745 [Time-limited test] INFO  utils.CertificateCodec (CertificateCodec.java:writeCertificate(299)) - Save certificate to /tmp/junit8545933187199445753/junit1729872981202523195/scm-meta/scm/ca/certs/certificate.crt
2023-07-13 02:05:45,745 [Time-limited test] INFO  utils.CertificateCodec (CertificateCodec.java:writeCertificate(300)) - Certificate -----BEGIN CERTIFICATE-----
MIID5zCCAs+gAwIBAgIBATANBgkqhkiG9w0BAQsFADB7MRswGQYDVQQDDBJzY20t
MUBmdi1hejIwMS03NjgxLTArBgNVBAsMJDcwOWJhMWZlLWFiZmQtNGQyMS1hNzA2
LWZlZWIwZTA3MzZjMzEtMCsGA1UECgwkZTllNDJjMDEtMDljMC00NjI3LTlkYWIt
ZDYyNTc4NDIwN2I5MB4XDTIzMDcxMzAyMDU0NVoXDTI4MDgyMDAyMDU0NVowezEb
MBkGA1UEAwwSc2NtLTFAZnYtYXoyMDEtNzY4MS0wKwYDVQQLDCQ3MDliYTFmZS1h
YmZkLTRkMjEtYTcwNi1mZWViMGUwNzM2YzMxLTArBgNVBAoMJGU5ZTQyYzAxLTA5
YzAtNDYyNy05ZGFiLWQ2MjU3ODQyMDdiOTCCASIwDQYJKoZIhvcNAQEBBQADggEP
ADCCAQoCggEBALq3JxjlpwCcTU/FBnCsZl+c17lYHlsAdIWgK0XWWsMsSPNot9W0
oueG5zWibUjkn7h9AKOzPLw9+ChCf3JZRbapJrTpY+k3q0i7f1VpxopESpZ57yUE
PciiF3est4GC/+vMbi6GwenSnyL7An/enUTTSyGJguw+XazBiDvPkKbM8ObLk1OC
n5l8H2JTZEqTv15DleLGa1GF4aCLh1oMP5e5hSFkC1HbIYi2jSQ6GAZMKjJGsnXm
uwt2SmgdsRpWt+pDQ9/4Y9oIgqfEPrqGveKMuNoh2PDr74QKv2OCjaR+QuVi531r
t1bXs16HbgjNuFFu3F9Km/oIDdalo21E+N0CAwEAAaN2MHQwDwYDVR0TAQH/BAUw
AwEB/zAOBgNVHQ8BAf8EBAMCAQYwUQYDVR0RBEowSIcECgEAc4JAZnYtYXoyMDEt
NzY4LmV0dDR0dTNqdmRzZTVvdmMybWtnanFjczVhLmJ4LmludGVybmFsLmNsb3Vk
YXBwLm5ldDANBgkqhkiG9w0BAQsFAAOCAQEADyNDz2OxNeDJLrU+ZGnxnKEfYeBI
TOVYlLtfS3XMzDiD0KoDpEhxS2LZnBYJ65ZA73UdzpOBJ4thIJmg8+xjkIe2lZEd
XvFo23hh3Xa8eyCPm9UeOhX+sxVXztkTVdj8P3xlcWDc4ZqhewLVwq/TDwf1Ra6B
zhAVAz5oqb6zt4omnu0MHwt4IGa3IIuGSAzPS4TphiqJ1fmZfNtXZ5Oc4KVFLBeZ
2bhtDRfM9kAQvRXPdCBLobMGCzKsL8jQ6mmS5uVQVfrOvZnien8iXaRqM8O+R0Op
rnZKGZSCyv64oJFYZXOp6aW080oriO3obLhnZ4GjIVhahiF4oqlcRldclw==
-----END CERTIFICATE-----

2023-07-13 02:05:45,746 [Time-limited test] INFO  client.SCMCertificateClient (SCMCertificateClient.java:getCSRBuilder(161)) - Creating csr for SCM->hostName:fv-az201-768,scmId:709ba1fe-abfd-4d21-a706-feeb0e0736c3,clusterId:e9e42c01-09c0-4627-9dab-d625784207b9,subject:scm-sub-1283788856791@fv-az201-768
2023-07-13 02:05:45,746 [Time-limited test] INFO  ozone.OzoneSecurityUtil (OzoneSecurityUtil.java:getValidInetsForCurrentHost(119)) - ip:fe80:0:0:0:20d:3aff:fe98:b55f%eth0 not returned.
2023-07-13 02:05:45,746 [Time-limited test] INFO  ozone.OzoneSecurityUtil (OzoneSecurityUtil.java:getValidInetsForCurrentHost(116)) - Adding ip:10.1.0.115,host:fv-az201-768.ett4tu3jvdse5ovc2mkgjqcs5a.bx.internal.cloudapp.net
2023-07-13 02:05:45,746 [Time-limited test] INFO  ozone.OzoneSecurityUtil (OzoneSecurityUtil.java:getValidInetsForCurrentHost(119)) - ip:0:0:0:0:0:0:0:1%lo not returned.
2023-07-13 02:05:45,746 [Time-limited test] INFO  ozone.OzoneSecurityUtil (OzoneSecurityUtil.java:getValidInetsForCurrentHost(119)) - ip:127.0.0.1 not returned.
2023-07-13 02:05:45,747 [Time-limited test] INFO  ha.HASecurityUtils (HASecurityUtils.java:generateCSR(308)) - Creating csr for SCM->hostName:fv-az201-768,scmId:709ba1fe-abfd-4d21-a706-feeb0e0736c3,clusterId:e9e42c01-09c0-4627-9dab-d625784207b9,subject:scm-sub-1283789765399@fv-az201-768
2023-07-13 02:05:45,757 [Time-limited test] INFO  utils.CertificateCodec (CertificateCodec.java:writeCertificate(299)) - Save certificate to /tmp/junit8545933187199445753/junit1729872981202523195/scm-meta/scm/sub-ca/certs/CA-1.crt
2023-07-13 02:05:45,758 [Time-limited test] INFO  utils.CertificateCodec (CertificateCodec.java:writeCertificate(300)) - Certificate -----BEGIN CERTIFICATE-----
MIID5zCCAs+gAwIBAgIBATANBgkqhkiG9w0BAQsFADB7MRswGQYDVQQDDBJzY20t
MUBmdi1hejIwMS03NjgxLTArBgNVBAsMJDcwOWJhMWZlLWFiZmQtNGQyMS1hNzA2
LWZlZWIwZTA3MzZjMzEtMCsGA1UECgwkZTllNDJjMDEtMDljMC00NjI3LTlkYWIt
ZDYyNTc4NDIwN2I5MB4XDTIzMDcxMzAyMDU0NVoXDTI4MDgyMDAyMDU0NVowezEb
MBkGA1UEAwwSc2NtLTFAZnYtYXoyMDEtNzY4MS0wKwYDVQQLDCQ3MDliYTFmZS1h
YmZkLTRkMjEtYTcwNi1mZWViMGUwNzM2YzMxLTArBgNVBAoMJGU5ZTQyYzAxLTA5
YzAtNDYyNy05ZGFiLWQ2MjU3ODQyMDdiOTCCASIwDQYJKoZIhvcNAQEBBQADggEP
ADCCAQoCggEBALq3JxjlpwCcTU/FBnCsZl+c17lYHlsAdIWgK0XWWsMsSPNot9W0
oueG5zWibUjkn7h9AKOzPLw9+ChCf3JZRbapJrTpY+k3q0i7f1VpxopESpZ57yUE
PciiF3est4GC/+vMbi6GwenSnyL7An/enUTTSyGJguw+XazBiDvPkKbM8ObLk1OC
n5l8H2JTZEqTv15DleLGa1GF4aCLh1oMP5e5hSFkC1HbIYi2jSQ6GAZMKjJGsnXm
uwt2SmgdsRpWt+pDQ9/4Y9oIgqfEPrqGveKMuNoh2PDr74QKv2OCjaR+QuVi531r
t1bXs16HbgjNuFFu3F9Km/oIDdalo21E+N0CAwEAAaN2MHQwDwYDVR0TAQH/BAUw
AwEB/zAOBgNVHQ8BAf8EBAMCAQYwUQYDVR0RBEowSIcECgEAc4JAZnYtYXoyMDEt
NzY4LmV0dDR0dTNqdmRzZTVvdmMybWtnanFjczVhLmJ4LmludGVybmFsLmNsb3Vk
YXBwLm5ldDANBgkqhkiG9w0BAQsFAAOCAQEADyNDz2OxNeDJLrU+ZGnxnKEfYeBI
TOVYlLtfS3XMzDiD0KoDpEhxS2LZnBYJ65ZA73UdzpOBJ4thIJmg8+xjkIe2lZEd
XvFo23hh3Xa8eyCPm9UeOhX+sxVXztkTVdj8P3xlcWDc4ZqhewLVwq/TDwf1Ra6B
zhAVAz5oqb6zt4omnu0MHwt4IGa3IIuGSAzPS4TphiqJ1fmZfNtXZ5Oc4KVFLBeZ
2bhtDRfM9kAQvRXPdCBLobMGCzKsL8jQ6mmS5uVQVfrOvZnien8iXaRqM8O+R0Op
rnZKGZSCyv64oJFYZXOp6aW080oriO3obLhnZ4GjIVhahiF4oqlcRldclw==
-----END CERTIFICATE-----

2023-07-13 02:05:45,759 [Time-limited test] INFO  utils.CertificateCodec (CertificateCodec.java:writeCertificate(299)) - Save certificate to /tmp/junit8545933187199445753/junit1729872981202523195/scm-meta/scm/sub-ca/certs/1283794668144.crt
2023-07-13 02:05:45,759 [Time-limited test] INFO  utils.CertificateCodec (CertificateCodec.java:writeCertificate(300)) - Certificate -----BEGIN CERTIFICATE-----
MIID/TCCAuWgAwIBAgIGASroIApwMA0GCSqGSIb3DQEBCwUAMHsxGzAZBgNVBAMM
EnNjbS0xQGZ2LWF6MjAxLTc2ODEtMCsGA1UECwwkNzA5YmExZmUtYWJmZC00ZDIx
LWE3MDYtZmVlYjBlMDczNmMzMS0wKwYDVQQKDCRlOWU0MmMwMS0wOWMwLTQ2Mjct
OWRhYi1kNjI1Nzg0MjA3YjkwHhcNMjMwNzEzMDIwNTQ1WhcNMjgwODIwMDIwNTQ1
WjCBizErMCkGA1UEAwwic2NtLXN1Yi0xMjgzNzg5NzY1Mzk5QGZ2LWF6MjAxLTc2
ODEtMCsGA1UECwwkNzA5YmExZmUtYWJmZC00ZDIxLWE3MDYtZmVlYjBlMDczNmMz
MS0wKwYDVQQKDCRlOWU0MmMwMS0wOWMwLTQ2MjctOWRhYi1kNjI1Nzg0MjA3Yjkw
ggEiMA0GCSqGSIb3DQEBAQUAA4IBDwAwggEKAoIBAQDGfaTBUjYL2LvbL/yNY6Eg
11Qmmn23/cmCsAGldiDKaocApsG9H3JlOaX7lLEy8g1Lfb/7ANZLuAF5NgMRiAzO
nzQok/NMJ77+5zh6uKuydKtPzXTcsFEfyg4zOzP4ct3scpD88boXgLvfuDRmiSfU
jHAM7pUBiu2G4kI3rfO8lgA0vgfG7sp1nsFodFHvC+sk+yK2x1qz9d9ZtBnlceHH
BDZMFagiu0wiB2z0vmD4XUWEkw4pGRj9SWBK6/WvBY/l4N3sm6pGZZxksQRHX39e
Z0x55nHVMl231aSERhzPW0BNrlqsT+++TYDSBaGaFs4tKTL+4Jgw6CiBBKDDvhbN
AgMBAAGjdjB0MFEGA1UdEQRKMEiHBAoBAHOCQGZ2LWF6MjAxLTc2OC5ldHQ0dHUz
anZkc2U1b3ZjMm1rZ2pxY3M1YS5ieC5pbnRlcm5hbC5jbG91ZGFwcC5uZXQwDwYD
VR0TAQH/BAUwAwEB/zAOBgNVHQ8BAf8EBAMCAb4wDQYJKoZIhvcNAQELBQADggEB
AHp9hFyr9cC7mvwRH+0DKUxZdeH85OSDeadBs8PmlQM+mEHhfgHb5uXyYy4YCpyE
VXtcXgdj5ZecSiGU5qYUwE5eHoGCul8/zsqTkStvOjgSo+fi0vjyo9TBtFPzDvP7
bIlexS3GkMSkEcwYpl41O0kuK+E2mEaaCHjPdOVsdmO+O8kKPoj50dqwgWC9Mw3p
8/lqTEdJHdsJuUGw3ymkDcS0ezBrq9Zfj7gL8eHBLswrsKOUpCKxIDaOhhp69lst
HwCH7umqRtMBBes9CPTEM03+zsPwm72fDzusExW1ycYQ/nfCk7AdrHhsjYki1bqU
p5Bdq8dL5dIIuOwPHHpMj7s=
-----END CERTIFICATE-----

-----BEGIN CERTIFICATE-----
MIID5zCCAs+gAwIBAgIBATANBgkqhkiG9w0BAQsFADB7MRswGQYDVQQDDBJzY20t
MUBmdi1hejIwMS03NjgxLTArBgNVBAsMJDcwOWJhMWZlLWFiZmQtNGQyMS1hNzA2
LWZlZWIwZTA3MzZjMzEtMCsGA1UECgwkZTllNDJjMDEtMDljMC00NjI3LTlkYWIt
ZDYyNTc4NDIwN2I5MB4XDTIzMDcxMzAyMDU0NVoXDTI4MDgyMDAyMDU0NVowezEb
MBkGA1UEAwwSc2NtLTFAZnYtYXoyMDEtNzY4MS0wKwYDVQQLDCQ3MDliYTFmZS1h
YmZkLTRkMjEtYTcwNi1mZWViMGUwNzM2YzMxLTArBgNVBAoMJGU5ZTQyYzAxLTA5
YzAtNDYyNy05ZGFiLWQ2MjU3ODQyMDdiOTCCASIwDQYJKoZIhvcNAQEBBQADggEP
ADCCAQoCggEBALq3JxjlpwCcTU/FBnCsZl+c17lYHlsAdIWgK0XWWsMsSPNot9W0
oueG5zWibUjkn7h9AKOzPLw9+ChCf3JZRbapJrTpY+k3q0i7f1VpxopESpZ57yUE
PciiF3est4GC/+vMbi6GwenSnyL7An/enUTTSyGJguw+XazBiDvPkKbM8ObLk1OC
n5l8H2JTZEqTv15DleLGa1GF4aCLh1oMP5e5hSFkC1HbIYi2jSQ6GAZMKjJGsnXm
uwt2SmgdsRpWt+pDQ9/4Y9oIgqfEPrqGveKMuNoh2PDr74QKv2OCjaR+QuVi531r
t1bXs16HbgjNuFFu3F9Km/oIDdalo21E+N0CAwEAAaN2MHQwDwYDVR0TAQH/BAUw
AwEB/zAOBgNVHQ8BAf8EBAMCAQYwUQYDVR0RBEowSIcECgEAc4JAZnYtYXoyMDEt
NzY4LmV0dDR0dTNqdmRzZTVvdmMybWtnanFjczVhLmJ4LmludGVybmFsLmNsb3Vk
YXBwLm5ldDANBgkqhkiG9w0BAQsFAAOCAQEADyNDz2OxNeDJLrU+ZGnxnKEfYeBI
TOVYlLtfS3XMzDiD0KoDpEhxS2LZnBYJ65ZA73UdzpOBJ4thIJmg8+xjkIe2lZEd
XvFo23hh3Xa8eyCPm9UeOhX+sxVXztkTVdj8P3xlcWDc4ZqhewLVwq/TDwf1Ra6B
zhAVAz5oqb6zt4omnu0MHwt4IGa3IIuGSAzPS4TphiqJ1fmZfNtXZ5Oc4KVFLBeZ
2bhtDRfM9kAQvRXPdCBLobMGCzKsL8jQ6mmS5uVQVfrOvZnien8iXaRqM8O+R0Op
rnZKGZSCyv64oJFYZXOp6aW080oriO3obLhnZ4GjIVhahiF4oqlcRldclw==
-----END CERTIFICATE-----

2023-07-13 02:05:45,759 [Time-limited test] INFO  utils.CertificateCodec (CertificateCodec.java:writeCertificate(299)) - Save certificate to /tmp/junit8545933187199445753/junit1729872981202523195/scm-meta/scm/sub-ca/certs/certificate.crt
2023-07-13 02:05:45,759 [Time-limited test] INFO  utils.CertificateCodec (CertificateCodec.java:writeCertificate(300)) - Certificate -----BEGIN CERTIFICATE-----
MIID/TCCAuWgAwIBAgIGASroIApwMA0GCSqGSIb3DQEBCwUAMHsxGzAZBgNVBAMM
EnNjbS0xQGZ2LWF6MjAxLTc2ODEtMCsGA1UECwwkNzA5YmExZmUtYWJmZC00ZDIx
LWE3MDYtZmVlYjBlMDczNmMzMS0wKwYDVQQKDCRlOWU0MmMwMS0wOWMwLTQ2Mjct
OWRhYi1kNjI1Nzg0MjA3YjkwHhcNMjMwNzEzMDIwNTQ1WhcNMjgwODIwMDIwNTQ1
WjCBizErMCkGA1UEAwwic2NtLXN1Yi0xMjgzNzg5NzY1Mzk5QGZ2LWF6MjAxLTc2
ODEtMCsGA1UECwwkNzA5YmExZmUtYWJmZC00ZDIxLWE3MDYtZmVlYjBlMDczNmMz
MS0wKwYDVQQKDCRlOWU0MmMwMS0wOWMwLTQ2MjctOWRhYi1kNjI1Nzg0MjA3Yjkw
ggEiMA0GCSqGSIb3DQEBAQUAA4IBDwAwggEKAoIBAQDGfaTBUjYL2LvbL/yNY6Eg
11Qmmn23/cmCsAGldiDKaocApsG9H3JlOaX7lLEy8g1Lfb/7ANZLuAF5NgMRiAzO
nzQok/NMJ77+5zh6uKuydKtPzXTcsFEfyg4zOzP4ct3scpD88boXgLvfuDRmiSfU
jHAM7pUBiu2G4kI3rfO8lgA0vgfG7sp1nsFodFHvC+sk+yK2x1qz9d9ZtBnlceHH
BDZMFagiu0wiB2z0vmD4XUWEkw4pGRj9SWBK6/WvBY/l4N3sm6pGZZxksQRHX39e
Z0x55nHVMl231aSERhzPW0BNrlqsT+++TYDSBaGaFs4tKTL+4Jgw6CiBBKDDvhbN
AgMBAAGjdjB0MFEGA1UdEQRKMEiHBAoBAHOCQGZ2LWF6MjAxLTc2OC5ldHQ0dHUz
anZkc2U1b3ZjMm1rZ2pxY3M1YS5ieC5pbnRlcm5hbC5jbG91ZGFwcC5uZXQwDwYD
VR0TAQH/BAUwAwEB/zAOBgNVHQ8BAf8EBAMCAb4wDQYJKoZIhvcNAQELBQADggEB
AHp9hFyr9cC7mvwRH+0DKUxZdeH85OSDeadBs8PmlQM+mEHhfgHb5uXyYy4YCpyE
VXtcXgdj5ZecSiGU5qYUwE5eHoGCul8/zsqTkStvOjgSo+fi0vjyo9TBtFPzDvP7
bIlexS3GkMSkEcwYpl41O0kuK+E2mEaaCHjPdOVsdmO+O8kKPoj50dqwgWC9Mw3p
8/lqTEdJHdsJuUGw3ymkDcS0ezBrq9Zfj7gL8eHBLswrsKOUpCKxIDaOhhp69lst
HwCH7umqRtMBBes9CPTEM03+zsPwm72fDzusExW1ycYQ/nfCk7AdrHhsjYki1bqU
p5Bdq8dL5dIIuOwPHHpMj7s=
-----END CERTIFICATE-----

-----BEGIN CERTIFICATE-----
MIID5zCCAs+gAwIBAgIBATANBgkqhkiG9w0BAQsFADB7MRswGQYDVQQDDBJzY20t
MUBmdi1hejIwMS03NjgxLTArBgNVBAsMJDcwOWJhMWZlLWFiZmQtNGQyMS1hNzA2
LWZlZWIwZTA3MzZjMzEtMCsGA1UECgwkZTllNDJjMDEtMDljMC00NjI3LTlkYWIt
ZDYyNTc4NDIwN2I5MB4XDTIzMDcxMzAyMDU0NVoXDTI4MDgyMDAyMDU0NVowezEb
MBkGA1UEAwwSc2NtLTFAZnYtYXoyMDEtNzY4MS0wKwYDVQQLDCQ3MDliYTFmZS1h
YmZkLTRkMjEtYTcwNi1mZWViMGUwNzM2YzMxLTArBgNVBAoMJGU5ZTQyYzAxLTA5
YzAtNDYyNy05ZGFiLWQ2MjU3ODQyMDdiOTCCASIwDQYJKoZIhvcNAQEBBQADggEP
ADCCAQoCggEBALq3JxjlpwCcTU/FBnCsZl+c17lYHlsAdIWgK0XWWsMsSPNot9W0
oueG5zWibUjkn7h9AKOzPLw9+ChCf3JZRbapJrTpY+k3q0i7f1VpxopESpZ57yUE
PciiF3est4GC/+vMbi6GwenSnyL7An/enUTTSyGJguw+XazBiDvPkKbM8ObLk1OC
n5l8H2JTZEqTv15DleLGa1GF4aCLh1oMP5e5hSFkC1HbIYi2jSQ6GAZMKjJGsnXm
uwt2SmgdsRpWt+pDQ9/4Y9oIgqfEPrqGveKMuNoh2PDr74QKv2OCjaR+QuVi531r
t1bXs16HbgjNuFFu3F9Km/oIDdalo21E+N0CAwEAAaN2MHQwDwYDVR0TAQH/BAUw
AwEB/zAOBgNVHQ8BAf8EBAMCAQYwUQYDVR0RBEowSIcECgEAc4JAZnYtYXoyMDEt
NzY4LmV0dDR0dTNqdmRzZTVvdmMybWtnanFjczVhLmJ4LmludGVybmFsLmNsb3Vk
YXBwLm5ldDANBgkqhkiG9w0BAQsFAAOCAQEADyNDz2OxNeDJLrU+ZGnxnKEfYeBI
TOVYlLtfS3XMzDiD0KoDpEhxS2LZnBYJ65ZA73UdzpOBJ4thIJmg8+xjkIe2lZEd
XvFo23hh3Xa8eyCPm9UeOhX+sxVXztkTVdj8P3xlcWDc4ZqhewLVwq/TDwf1Ra6B
zhAVAz5oqb6zt4omnu0MHwt4IGa3IIuGSAzPS4TphiqJ1fmZfNtXZ5Oc4KVFLBeZ
2bhtDRfM9kAQvRXPdCBLobMGCzKsL8jQ6mmS5uVQVfrOvZnien8iXaRqM8O+R0Op
rnZKGZSCyv64oJFYZXOp6aW080oriO3obLhnZ4GjIVhahiF4oqlcRldclw==
-----END CERTIFICATE-----

2023-07-13 02:05:45,759 [Time-limited test] INFO  ha.HASecurityUtils (HASecurityUtils.java:initializeSecurity(121)) - Successfully stored SCM signed certificate.
2023-07-13 02:05:45,763 [Time-limited test] WARN  server.ServerUtils (ServerUtils.java:getScmDbDir(155)) - ozone.scm.db.dirs is not configured. We recommend adding this setting. Falling back to ozone.metadata.dirs instead.
2023-07-13 02:05:45,763 [Time-limited test] INFO  ha.SCMHANodeDetails (SCMHANodeDetails.java:loadSCMHAConfig(210)) - ServiceID for StorageContainerManager is null
2023-07-13 02:05:45,764 [Time-limited test] INFO  ha.SCMHANodeDetails (SCMHANodeDetails.java:loadSCMHAConfig(215)) - ozone.scm.default.service.id is not defined, falling back to ozone.scm.service.ids to find serviceID for StorageContainerManager if it is HA enabled cluster
2023-07-13 02:05:45,770 [pool-277-thread-1] INFO  request.KdcRequest (KdcRequest.java:preauth(651)) - The preauth data is empty.
2023-07-13 02:05:45,773 [pool-277-thread-1] INFO  server.KdcHandler (KdcHandler.java:handleRecoverableException(177)) - KRB error occurred while processing request:Additional pre-authentication required
2023-07-13 02:05:45,781 [pool-277-thread-2] INFO  request.AsRequest (AsRequest.java:issueTicket(112)) - AS_REQ ISSUE: authtime 1689213945780,scm/fv-az201-768.ett4tu3jvdse5ovc2mkgjqcs5a.bx.internal.cloudapp.net@EXAMPLE.COM for krbtgt/EXAMPLE.COM@EXAMPLE.COM
2023-07-13 02:05:45,782 [Time-limited test] INFO  security.UserGroupInformation (UserGroupInformation.java:loginUserFromKeytab(1132)) - Login successful for user scm/fv-az201-768.ett4tu3jvdse5ovc2mkgjqcs5a.bx.internal.cloudapp.net@EXAMPLE.COM using keytab file scm.keytab. Keytab auto renewal enabled : false
2023-07-13 02:05:45,783 [Time-limited test] INFO  server.StorageContainerManager (StorageContainerManager.java:loginAsSCMUserIfSecurityEnabled(1048)) - SCM login successful.
2023-07-13 02:05:45,784 [Time-limited test] INFO  client.SCMCertificateClient (DefaultCertificateClient.java:updateCertSerialId(1248)) - Certificate serial ID set to 1283794668144
2023-07-13 02:05:45,786 [Time-limited test] INFO  client.SCMCertificateClient (DefaultCertificateClient.java:readCertificateFile(224)) - Added certificate   [0]         Version: 3
         SerialNumber: 1
             IssuerDN: CN=scm-1@fv-az201-768,OU=709ba1fe-abfd-4d21-a706-feeb0e0736c3,O=e9e42c01-09c0-4627-9dab-d625784207b9
           Start Date: Thu Jul 13 02:05:45 UTC 2023
           Final Date: Sun Aug 20 02:05:45 UTC 2028
            SubjectDN: CN=scm-1@fv-az201-768,OU=709ba1fe-abfd-4d21-a706-feeb0e0736c3,O=e9e42c01-09c0-4627-9dab-d625784207b9
           Public Key: RSA Public Key [d6:5f:93:26:09:00:a2:4e:5d:21:63:dc:07:30:ca:58:d7:ed:51:de],[56:66:d1:a4]
        modulus: bab72718e5a7009c4d4fc50670ac665f9cd7b9581e5b007485a02b45d65ac32c48f368b7d5b4a2e786e735a26d48e49fb87d00a3b33cbc3df828427f725945b6a926b4e963e937ab48bb7f5569c68a444a9679ef25043dc8a21777acb78182ffebcc6e2e86c1e9d29f22fb027fde9d44d34b218982ec3e5dacc1883bcf90a6ccf0e6cb9353829f997c1f6253644a93bf5e4395e2c66b5185e1a08b875a0c3f97b98521640b51db2188b68d243a18064c2a3246b275e6bb0b764a681db11a56b7ea4343dff863da0882a7c43eba86bde28cb8da21d8f0ebef840abf63828da47e42e562e77d6bb756d7b35e876e08cdb8516edc5f4a9bfa080dd6a5a36d44f8dd
public exponent: 10001

  Signature Algorithm: SHA256WITHRSA
            Signature: 0f2343cf63b135e0c92eb53e6469f19ca11f61e0
                       484ce55894bb5f4b75cccc3883d0aa03a448714b
                       62d99c1609eb9640ef751dce9381278b612099a0
                       f3ec639087b695911d5ef168db7861dd76bc7b20
                       8f9bd51e3a15feb31557ced91355d8fc3f7c6571
                       60dce19aa17b02d5c2afd30f07f545ae81ce1015
                       033e68a9beb3b78a269eed0c1f0b782066b7208b
                       86480ccf4b84e9862a89d5f9997cdb5767939ce0
                       a5452c1799d9b86d0d17ccf64010bd15cf74204b
                       a1b3060b32ac2fc8d0ea6992e6e55055facebd99
                       e27a7f225da46a33c3be4743a9ae764a199482ca
                       feb8a091586573a9e9a5b4f34a2b88ede86cb867
                       6781a321585a862178a2a95c46575c97
       Extensions: 
                       critical(true) BasicConstraints: isCa(true)
                       critical(true) KeyUsage: 0x6
                       critical(false) 2.5.29.17 value = Sequence
    Tagged [7] IMPLICIT 
        DER Octet String[4] 
    Tagged [2] IMPLICIT 
        DER Octet String[64] 

 from file: /tmp/junit8545933187199445753/junit1729872981202523195/scm-meta/scm/sub-ca/certs/CA-1.crt.
2023-07-13 02:05:45,789 [Time-limited test] INFO  client.SCMCertificateClient (DefaultCertificateClient.java:readCertificateFile(224)) - Added certificate   [0]         Version: 3
         SerialNumber: 1283794668144
             IssuerDN: CN=scm-1@fv-az201-768,OU=709ba1fe-abfd-4d21-a706-feeb0e0736c3,O=e9e42c01-09c0-4627-9dab-d625784207b9
           Start Date: Thu Jul 13 02:05:45 UTC 2023
           Final Date: Sun Aug 20 02:05:45 UTC 2028
            SubjectDN: CN=scm-sub-1283789765399@fv-az201-768,OU=709ba1fe-abfd-4d21-a706-feeb0e0736c3,O=e9e42c01-09c0-4627-9dab-d625784207b9
           Public Key: RSA Public Key [80:58:23:6e:49:55:53:1d:ae:d9:89:5f:c0:1c:f2:34:b5:79:73:ec],[56:66:d1:a4]
        modulus: c67da4c152360bd8bbdb2ffc8d63a120d754269a7db7fdc982b001a57620ca6a8700a6c1bd1f726539a5fb94b132f20d4b7dbffb00d64bb80179360311880cce9f342893f34c27befee7387ab8abb274ab4fcd74dcb0511fca0e333b33f872ddec7290fcf1ba1780bbdfb834668927d48c700cee95018aed86e24237adf3bc960034be07c6eeca759ec1687451ef0beb24fb22b6c75ab3f5df59b419e571e1c704364c15a822bb4c22076cf4be60f85d4584930e291918fd49604aebf5af058fe5e0ddec9baa46659c64b104475f7f5e674c79e671d5325db7d5a484461ccf5b404dae5aac4fefbe4d80d205a19a16ce2d2932fee09830e8288104a0c3be16cd
public exponent: 10001

  Signature Algorithm: SHA256WITHRSA
            Signature: 7a7d845cabf5c0bb9afc111fed03294c5975e1fc
                       e4e48379a741b3c3e695033e9841e17e01dbe6e5
                       f2632e180a9c84557b5c5e0763e5979c4a2194e6
                       a614c04e5e1e8182ba5f3fceca93912b6f3a3812
                       a3e7e2d2f8f2a3d4c1b453f30ef3fb6c895ec52d
                       c690c4a411cc18a65e353b492e2be13698469a08
                       78cf74e56c7663be3bc90a3e88f9d1dab08160bd
                       330de9f3f96a4c47491ddb09b941b0df29a40dc4
                       b47b306babd65f8fb80bf1e1c12ecc2bb0a394a4
                       22b120368e861a7af65b2d1f0087eee9aa46d301
                       05eb3d08f4c4334dfecec3f09bbd9f0f3bac1315
                       b5c9c610fe77c293b01dac786c8d8922d5ba94a7
                       905dabc74be5d208b8ec0f1c7a4c8fbb
       Extensions: 
                       critical(false) 2.5.29.17 value = Sequence
    Tagged [7] IMPLICIT 
        DER Octet String[4] 
    Tagged [2] IMPLICIT 
        DER Octet String[64] 

                       critical(true) BasicConstraints: isCa(true)
                       critical(true) KeyUsage: 0xbe
 from file: /tmp/junit8545933187199445753/junit1729872981202523195/scm-meta/scm/sub-ca/certs/1283794668144.crt.
2023-07-13 02:05:45,791 [Time-limited test] INFO  client.SCMCertificateClient (DefaultCertificateClient.java:readCertificateFile(224)) - Added certificate   [0]         Version: 3
         SerialNumber: 1283794668144
             IssuerDN: CN=scm-1@fv-az201-768,OU=709ba1fe-abfd-4d21-a706-feeb0e0736c3,O=e9e42c01-09c0-4627-9dab-d625784207b9
           Start Date: Thu Jul 13 02:05:45 UTC 2023
           Final Date: Sun Aug 20 02:05:45 UTC 2028
            SubjectDN: CN=scm-sub-1283789765399@fv-az201-768,OU=709ba1fe-abfd-4d21-a706-feeb0e0736c3,O=e9e42c01-09c0-4627-9dab-d625784207b9
           Public Key: RSA Public Key [80:58:23:6e:49:55:53:1d:ae:d9:89:5f:c0:1c:f2:34:b5:79:73:ec],[56:66:d1:a4]
        modulus: c67da4c152360bd8bbdb2ffc8d63a120d754269a7db7fdc982b001a57620ca6a8700a6c1bd1f726539a5fb94b132f20d4b7dbffb00d64bb80179360311880cce9f342893f34c27befee7387ab8abb274ab4fcd74dcb0511fca0e333b33f872ddec7290fcf1ba1780bbdfb834668927d48c700cee95018aed86e24237adf3bc960034be07c6eeca759ec1687451ef0beb24fb22b6c75ab3f5df59b419e571e1c704364c15a822bb4c22076cf4be60f85d4584930e291918fd49604aebf5af058fe5e0ddec9baa46659c64b104475f7f5e674c79e671d5325db7d5a484461ccf5b404dae5aac4fefbe4d80d205a19a16ce2d2932fee09830e8288104a0c3be16cd
public exponent: 10001

  Signature Algorithm: SHA256WITHRSA
            Signature: 7a7d845cabf5c0bb9afc111fed03294c5975e1fc
                       e4e48379a741b3c3e695033e9841e17e01dbe6e5
                       f2632e180a9c84557b5c5e0763e5979c4a2194e6
                       a614c04e5e1e8182ba5f3fceca93912b6f3a3812
                       a3e7e2d2f8f2a3d4c1b453f30ef3fb6c895ec52d
                       c690c4a411cc18a65e353b492e2be13698469a08
                       78cf74e56c7663be3bc90a3e88f9d1dab08160bd
                       330de9f3f96a4c47491ddb09b941b0df29a40dc4
                       b47b306babd65f8fb80bf1e1c12ecc2bb0a394a4
                       22b120368e861a7af65b2d1f0087eee9aa46d301
                       05eb3d08f4c4334dfecec3f09bbd9f0f3bac1315
                       b5c9c610fe77c293b01dac786c8d8922d5ba94a7
                       905dabc74be5d208b8ec0f1c7a4c8fbb
       Extensions: 
                       critical(false) 2.5.29.17 value = Sequence
    Tagged [7] IMPLICIT 
        DER Octet String[4] 
    Tagged [2] IMPLICIT 
        DER Octet String[64] 

                       critical(true) BasicConstraints: isCa(true)
                       critical(true) KeyUsage: 0xbe
 from file: /tmp/junit8545933187199445753/junit1729872981202523195/scm-meta/scm/sub-ca/certs/certificate.crt.
2023-07-13 02:05:45,791 [Time-limited test] INFO  client.SCMCertificateClient (DefaultCertificateClient.java:loadAllCertificates(186)) - CertificateRenewerService and root ca rotation polling is disabled for scm/sub-ca
2023-07-13 02:05:45,791 [Time-limited test] WARN  utils.HAUtils (HAUtils.java:getMetaDir(339)) - ozone.scm.db.dirs is not configured. We recommend adding this setting. Falling back to ozone.metadata.dirs instead.
2023-07-13 02:05:45,791 [Time-limited test] WARN  db.DBStoreBuilder (DBStoreBuilder.java:applyDBDefinition(166)) - ozone.scm.db.dirs is not configured. We recommend adding this setting. Falling back to ozone.metadata.dirs instead.
2023-07-13 02:05:45,952 [Time-limited test] INFO  net.NodeSchemaLoader (NodeSchemaLoader.java:loadSchemaFromFile(129)) - Loading schema from [jar:file:/home/runner/.m2/repository/org/apache/ozone/hdds-common/1.4.0-SNAPSHOT/hdds-common-1.4.0-SNAPSHOT.jar!/network-topology-default.xml]
2023-07-13 02:05:45,952 [Time-limited test] INFO  net.NodeSchemaLoader (NodeSchemaLoader.java:loadSchema(176)) - Loading network topology layer schema file
2023-07-13 02:05:45,957 [Time-limited test] INFO  upgrade.AbstractLayoutVersionManager (AbstractLayoutVersionManager.java:init(83)) - Initializing Layout version manager with metadata layout = HADOOP_PRC_PORTS_IN_DATANODEDETAILS (version = 7), software layout = HADOOP_PRC_PORTS_IN_DATANODEDETAILS (version = 7)
2023-07-13 02:05:45,959 [Time-limited test] INFO  ha.SequenceIdGenerator (SequenceIdGenerator.java:upgradeToSequenceId(361)) - upgrade localId to 111677748019200000
2023-07-13 02:05:45,960 [Time-limited test] INFO  ha.SequenceIdGenerator (SequenceIdGenerator.java:upgradeToSequenceId(371)) - upgrade delTxnId to 0
2023-07-13 02:05:45,961 [Time-limited test] INFO  ha.SequenceIdGenerator (SequenceIdGenerator.java:upgradeToSequenceId(388)) - upgrade containerId to 0
2023-07-13 02:05:45,962 [Time-limited test] INFO  ha.SequenceIdGenerator (SequenceIdGenerator.java:upgradeToSequenceId(424)) - upgrade rootCertificateId to 1
2023-07-13 02:05:45,962 [Time-limited test] INFO  ha.SequenceIdGenerator (SequenceIdGenerator.java:<init>(232)) - Init the HA SequenceIdGenerator.
2023-07-13 02:05:45,963 [Time-limited test] INFO  node.SCMNodeManager (SCMNodeManager.java:<init>(157)) - Entering startup safe mode.
2023-07-13 02:05:45,964 [Time-limited test] INFO  algorithms.ContainerPlacementPolicyFactory (ContainerPlacementPolicyFactory.java:getPolicyInternal(86)) - Create container placement policy of type org.apache.hadoop.hdds.scm.container.placement.algorithms.SCMContainerPlacementRackAware
2023-07-13 02:05:45,964 [Time-limited test] INFO  algorithms.ContainerPlacementPolicyFactory (ContainerPlacementPolicyFactory.java:getPolicyInternal(86)) - Create container placement policy of type org.apache.hadoop.hdds.scm.container.placement.algorithms.SCMContainerPlacementRackScatter
2023-07-13 02:05:45,964 [Time-limited test] INFO  pipeline.PipelineStateManagerImpl (PipelineStateManagerImpl.java:initialize(78)) - No pipeline exists in current db
2023-07-13 02:05:45,964 [Time-limited test] INFO  algorithms.LeaderChoosePolicyFactory (LeaderChoosePolicyFactory.java:getPolicy(57)) - Create leader choose policy of type org.apache.hadoop.hdds.scm.pipeline.leader.choose.algorithms.MinLeaderCountChoosePolicy
2023-07-13 02:05:45,964 [Time-limited test] INFO  algorithms.ContainerPlacementPolicyFactory (ContainerPlacementPolicyFactory.java:getPolicyInternal(86)) - Create container placement policy of type org.apache.hadoop.hdds.scm.container.placement.algorithms.SCMContainerPlacementRackScatter
2023-07-13 02:05:45,965 [Time-limited test] INFO  ha.SCMServiceManager (SCMServiceManager.java:register(42)) - Registering service BackgroundPipelineCreator.
2023-07-13 02:05:45,965 [Time-limited test] INFO  pipeline.BackgroundPipelineCreator (BackgroundPipelineCreator.java:start(124)) - Starting RatisPipelineUtilsThread.
2023-07-13 02:05:45,965 [Time-limited test] INFO  BackgroundPipelineScrubber (BackgroundSCMService.java:start(68)) - Starting BackgroundPipelineScrubber Service.
2023-07-13 02:05:45,965 [Time-limited test] INFO  ha.SCMServiceManager (SCMServiceManager.java:register(42)) - Registering service BackgroundPipelineScrubber.
2023-07-13 02:05:45,966 [Time-limited test] INFO  ExpiredContainerReplicaOpScrubber (BackgroundSCMService.java:start(68)) - Starting ExpiredContainerReplicaOpScrubber Service.
2023-07-13 02:05:45,966 [Time-limited test] INFO  ha.SCMServiceManager (SCMServiceManager.java:register(42)) - Registering service ExpiredContainerReplicaOpScrubber.
2023-07-13 02:05:45,968 [Time-limited test] INFO  algorithms.PipelineChoosePolicyFactory (PipelineChoosePolicyFactory.java:createPipelineChoosePolicyFromClass(78)) - Create pipeline choose policy of type org.apache.hadoop.hdds.scm.pipeline.choose.algorithms.RandomPipelineChoosePolicy
2023-07-13 02:05:45,968 [Time-limited test] INFO  algorithms.PipelineChoosePolicyFactory (PipelineChoosePolicyFactory.java:createPipelineChoosePolicyFromClass(78)) - Create pipeline choose policy of type org.apache.hadoop.hdds.scm.pipeline.choose.algorithms.RandomPipelineChoosePolicy
2023-07-13 02:05:45,969 [Time-limited test] INFO  ha.SCMServiceManager (SCMServiceManager.java:register(42)) - Registering service SCMBlockDeletingService.
2023-07-13 02:05:45,970 [Time-limited test] INFO  replication.ReplicationManager (ReplicationManager.java:start(286)) - Starting Replication Monitor Thread.
2023-07-13 02:05:45,976 [Time-limited test] INFO  ha.SCMServiceManager (SCMServiceManager.java:register(42)) - Registering service ReplicationManager.
2023-07-13 02:05:45,976 [Time-limited test] INFO  safemode.ContainerSafeModeRule (ContainerSafeModeRule.java:<init>(89)) - containers with one replica threshold count 0
2023-07-13 02:05:45,976 [Time-limited test] INFO  safemode.HealthyPipelineSafeModeRule (HealthyPipelineSafeModeRule.java:initializeRule(169)) - Total pipeline count is 0, healthy pipeline threshold count is 0
2023-07-13 02:05:45,977 [Time-limited test] INFO  safemode.OneReplicaPipelineSafeModeRule (OneReplicaPipelineSafeModeRule.java:initializeRule(180)) - Total pipeline count is 0, pipeline's with at least one datanode reported threshold count is 0
2023-07-13 02:05:45,976 [ReplicationMonitor] INFO  replication.ReplicationManager (ReplicationManager.java:processAll(361)) - Replication Manager is not ready to run until 300000ms after safemode exit
2023-07-13 02:05:45,980 [Time-limited test] INFO  authority.DefaultCAServer (DefaultCAServer.java:lambda$processVerificationStatus$0(472)) - CertificateServer validation is successful
2023-07-13 02:05:45,983 [Time-limited test] INFO  authority.DefaultCAServer (DefaultCAServer.java:lambda$processVerificationStatus$0(472)) - CertificateServer validation is successful
2023-07-13 02:05:45,983 [Time-limited test] INFO  server.StorageContainerManager (StorageContainerManager.java:persistPrimarySCMCerts(929)) - Storing sub-ca certificate serialId 1283794668144 on primary SCM
2023-07-13 02:05:45,985 [Time-limited test] INFO  server.SCMCertStore (SCMCertStore.java:storeValidScmCertificate(121)) - Scm certificate 1283794668144 for CN=scm-sub-1283789765399@fv-az201-768,OU=709ba1fe-abfd-4d21-a706-feeb0e0736c3,O=e9e42c01-09c0-4627-9dab-d625784207b9 is stored
2023-07-13 02:05:45,985 [Time-limited test] INFO  server.StorageContainerManager (StorageContainerManager.java:persistPrimarySCMCerts(937)) - Storing root certificate serialId 1
2023-07-13 02:05:45,986 [Time-limited test] INFO  server.SCMCertStore (SCMCertStore.java:storeValidScmCertificate(121)) - Scm certificate 1 for CN=scm-1@fv-az201-768,OU=709ba1fe-abfd-4d21-a706-feeb0e0736c3,O=e9e42c01-09c0-4627-9dab-d625784207b9 is stored
2023-07-13 02:05:45,986 [Time-limited test] INFO  ipc.CallQueueManager (CallQueueManager.java:<init>(90)) - Using callQueue: class java.util.concurrent.LinkedBlockingQueue, queueCapacity: 200, scheduler: class org.apache.hadoop.ipc.DefaultRpcScheduler, ipcBackoff: false.
2023-07-13 02:05:45,987 [Time-limited test] INFO  ipc.Server (Server.java:<init>(1287)) - Listener at 0.0.0.0:9961
2023-07-13 02:05:45,987 [Socket Reader #1 for port 9961] INFO  ipc.Server (Server.java:run(1323)) - Starting Socket Reader #1 for port 9961
2023-07-13 02:05:45,989 [Time-limited test] INFO  ha.SCMServiceManager (SCMServiceManager.java:register(42)) - Registering service RootCARotationManager.
2023-07-13 02:05:45,989 [Time-limited test] INFO  server.StorageContainerManager (StorageContainerManager.java:<init>(424)) - SCM start with adminUsers: [om/fv-az201-768.ett4tu3jvdse5ovc2mkgjqcs5a.bx.internal.cloudapp.net@EXAMPLE.COM, scm]
2023-07-13 02:05:45,989 [Time-limited test] INFO  ipc.CallQueueManager (CallQueueManager.java:<init>(90)) - Using callQueue: class java.util.concurrent.LinkedBlockingQueue, queueCapacity: 10000, scheduler: class org.apache.hadoop.ipc.DefaultRpcScheduler, ipcBackoff: false.
2023-07-13 02:05:45,994 [Time-limited test] INFO  ipc.Server (Server.java:<init>(1287)) - Listener at 0.0.0.0:9861
2023-07-13 02:05:45,995 [Socket Reader #1 for port 9861] INFO  ipc.Server (Server.java:run(1323)) - Starting Socket Reader #1 for port 9861
2023-07-13 02:05:45,996 [Time-limited test] INFO  ipc.CallQueueManager (CallQueueManager.java:<init>(90)) - Using callQueue: class java.util.concurrent.LinkedBlockingQueue, queueCapacity: 10000, scheduler: class org.apache.hadoop.ipc.DefaultRpcScheduler, ipcBackoff: false.
2023-07-13 02:05:45,996 [Time-limited test] INFO  ipc.Server (Server.java:<init>(1287)) - Listener at 0.0.0.0:9863
2023-07-13 02:05:45,997 [Socket Reader #1 for port 9863] INFO  ipc.Server (Server.java:run(1323)) - Starting Socket Reader #1 for port 9863
2023-07-13 02:05:45,998 [Time-limited test] INFO  ipc.CallQueueManager (CallQueueManager.java:<init>(90)) - Using callQueue: class java.util.concurrent.LinkedBlockingQueue, queueCapacity: 10000, scheduler: class org.apache.hadoop.ipc.DefaultRpcScheduler, ipcBackoff: false.
2023-07-13 02:05:45,998 [Time-limited test] INFO  ipc.Server (Server.java:<init>(1287)) - Listener at 0.0.0.0:9860
2023-07-13 02:05:46,010 [Socket Reader #1 for port 9860] INFO  ipc.Server (Server.java:run(1323)) - Starting Socket Reader #1 for port 9860
2023-07-13 02:05:46,017 [Time-limited test] INFO  ha.SCMServiceManager (SCMServiceManager.java:register(42)) - Registering service ContainerBalancer.
2023-07-13 02:05:46,017 [Time-limited test] INFO  server.StorageContainerManager (StorageContainerManager.java:<init>(437)) - 
Container Balancer status:
Key                            Value
Running                        false
Container Balancer Configuration values:
Key                                                Value
Threshold                                          10
Max Datanodes to Involve per Iteration(percent)    20
Max Size to Move per Iteration                     500GB
Max Size Entering Target per Iteration             26GB
Max Size Leaving Source per Iteration              26GB

2023-07-13 02:05:46,017 [Time-limited test] INFO  ha.SCMContext (SCMContext.java:updateSafeModeStatus(228)) - Update SafeModeStatus from SafeModeStatus{safeModeStatus=true, preCheckPassed=false} to SafeModeStatus{safeModeStatus=true, preCheckPassed=false}.
2023-07-13 02:05:46,020 [Time-limited test] WARN  server.ServerUtils (ServerUtils.java:getDBPath(311)) - ozone.om.db.dirs is not configured. We recommend adding this setting. Falling back to ozone.metadata.dirs instead.
2023-07-13 02:05:46,022 [Time-limited test] INFO  ha.OMHANodeDetails (OMHANodeDetails.java:loadOMHAConfig(115)) - ozone.om.internal.service.id is not defined, falling back to ozone.om.service.ids to find serviceID for OzoneManager if it is HA enabled cluster
2023-07-13 02:05:46,023 [Time-limited test] INFO  ha.OMHANodeDetails (OMHANodeDetails.java:loadOMHAConfig(226)) - Configuration does not have ozone.om.address set. Falling back to the default OM address fv-az201-768.ett4tu3jvdse5ovc2mkgjqcs5a.bx.internal.cloudapp.net/10.1.0.115:1202
2023-07-13 02:05:46,023 [Time-limited test] INFO  ha.OMHANodeDetails (OMHANodeDetails.java:getOMNodeDetailsForNonHA(254)) - OM Service ID is not set. Setting it to the default ID: omServiceIdDefault
2023-07-13 02:05:46,023 [Time-limited test] INFO  ha.OMHANodeDetails (OMHANodeDetails.java:getOMNodeDetailsForNonHA(261)) - OM Node ID is not set. Setting it to the default ID: om1
2023-07-13 02:05:46,023 [Time-limited test] WARN  server.ServerUtils (ServerUtils.java:getDBPath(311)) - ozone.om.db.dirs is not configured. We recommend adding this setting. Falling back to ozone.metadata.dirs instead.
2023-07-13 02:05:46,025 [Time-limited test] INFO  upgrade.AbstractLayoutVersionManager (AbstractLayoutVersionManager.java:init(83)) - Initializing Layout version manager with metadata layout = QUOTA (version = 6), software layout = QUOTA (version = 6)
2023-07-13 02:05:46,113 [Time-limited test] INFO  reflections.Reflections (Reflections.java:scan(232)) - Reflections took 87 ms to scan 2 urls, producing 186 keys and 508 values [using 2 cores]
2023-07-13 02:05:46,114 [Time-limited test] INFO  upgrade.OMLayoutVersionManager (OMLayoutVersionManager.java:lambda$0(115)) - Skipping Upgrade Action QuotaRepairUpgradeAction since it has been finalized.
2023-07-13 02:05:46,114 [Time-limited test] INFO  upgrade.OMLayoutVersionManager (OMLayoutVersionManager.java:lambda$0(115)) - Skipping Upgrade Action MockOmUpgradeAction since it has been finalized.
2023-07-13 02:05:46,117 [pool-277-thread-2] INFO  request.KdcRequest (KdcRequest.java:preauth(651)) - The preauth data is empty.
2023-07-13 02:05:46,118 [pool-277-thread-2] INFO  server.KdcHandler (KdcHandler.java:handleRecoverableException(177)) - KRB error occurred while processing request:Additional pre-authentication required
2023-07-13 02:05:46,131 [pool-277-thread-2] INFO  request.AsRequest (AsRequest.java:issueTicket(112)) - AS_REQ ISSUE: authtime 1689213946130,om/fv-az201-768.ett4tu3jvdse5ovc2mkgjqcs5a.bx.internal.cloudapp.net@EXAMPLE.COM for krbtgt/EXAMPLE.COM@EXAMPLE.COM
2023-07-13 02:05:46,137 [Time-limited test] INFO  security.UserGroupInformation (UserGroupInformation.java:loginUserFromKeytab(1132)) - Login successful for user om/fv-az201-768.ett4tu3jvdse5ovc2mkgjqcs5a.bx.internal.cloudapp.net@EXAMPLE.COM using keytab file om.keytab. Keytab auto renewal enabled : false
2023-07-13 02:05:46,137 [Time-limited test] INFO  om.OzoneManager (OzoneManager.java:loginOMUser(1155)) - Ozone Manager login successful.
2023-07-13 02:05:46,138 [Time-limited test] WARN  server.ServerUtils (ServerUtils.java:getDBPath(311)) - ozone.om.db.dirs is not configured. We recommend adding this setting. Falling back to ozone.metadata.dirs instead.
2023-07-13 02:05:46,144 [Time-limited test] INFO  proxy.SCMBlockLocationFailoverProxyProvider (SCMBlockLocationFailoverProxyProvider.java:<init>(114)) - Created block location fail-over proxy with 1 nodes: [nodeId=scmNodeId,nodeAddress=/0.0.0.0:9863]
2023-07-13 02:05:46,146 [Time-limited test] INFO  om.OzoneManager (OzoneManager.java:getOmDetailsProto(4566)) - OzoneManager ports added:[name: "RPC"
value: 1202
]
2023-07-13 02:05:46,154 [Time-limited test] INFO  security.OMCertificateClient (DefaultCertificateClient.java:updateCertSerialId(1248)) - Certificate serial ID set to 9879877970576
2023-07-13 02:05:46,154 [Time-limited test] WARN  security.OMCertificateClient (DefaultCertificateClient.java:loadAllCertificates(170)) - Certificates could not be loaded.
java.nio.file.NoSuchFileException: /tmp/junit8545933187199445753/junit1729872981202523195/scm-meta/om/certs
	at sun.nio.fs.UnixException.translateToIOException(UnixException.java:86)
	at sun.nio.fs.UnixException.rethrowAsIOException(UnixException.java:102)
	at sun.nio.fs.UnixException.rethrowAsIOException(UnixException.java:107)
	at sun.nio.fs.UnixFileSystemProvider.newDirectoryStream(UnixFileSystemProvider.java:427)
	at java.nio.file.Files.newDirectoryStream(Files.java:457)
	at java.nio.file.Files.list(Files.java:3451)
	at org.apache.hadoop.hdds.security.x509.certificate.client.DefaultCertificateClient.loadAllCertificates(DefaultCertificateClient.java:165)
	at org.apache.hadoop.hdds.security.x509.certificate.client.DefaultCertificateClient.updateCertSerialId(DefaultCertificateClient.java:1249)
	at org.apache.hadoop.hdds.security.x509.certificate.client.DefaultCertificateClient.<init>(DefaultCertificateClient.java:154)
	at org.apache.hadoop.hdds.security.x509.certificate.client.CommonCertificateClient.<init>(CommonCertificateClient.java:50)
	at org.apache.hadoop.ozone.security.OMCertificateClient.<init>(OMCertificateClient.java:68)
	at org.apache.hadoop.ozone.om.OzoneManager.<init>(OzoneManager.java:639)
	at org.apache.hadoop.ozone.om.OzoneManager.createOm(OzoneManager.java:750)
	at org.apache.hadoop.ozone.TestSecureOzoneCluster.setupOm(TestSecureOzoneCluster.java:693)
	at org.apache.hadoop.ozone.TestSecureOzoneCluster.testSecureOmInitializationSuccess(TestSecureOzoneCluster.java:534)
	at sun.reflect.NativeMethodAccessorImpl.invoke0(Native Method)
	at sun.reflect.NativeMethodAccessorImpl.invoke(NativeMethodAccessorImpl.java:62)
	at sun.reflect.DelegatingMethodAccessorImpl.invoke(DelegatingMethodAccessorImpl.java:43)
	at java.lang.reflect.Method.invoke(Method.java:498)
	at org.junit.runners.model.FrameworkMethod$1.runReflectiveCall(FrameworkMethod.java:59)
	at org.junit.internal.runners.model.ReflectiveCallable.run(ReflectiveCallable.java:12)
	at org.junit.runners.model.FrameworkMethod.invokeExplosively(FrameworkMethod.java:56)
	at org.junit.internal.runners.statements.InvokeMethod.evaluate(InvokeMethod.java:17)
	at org.junit.internal.runners.statements.RunBefores.evaluate(RunBefores.java:26)
	at org.junit.internal.runners.statements.RunAfters.evaluate(RunAfters.java:27)
	at org.junit.rules.ExternalResource$1.evaluate(ExternalResource.java:54)
	at org.junit.internal.runners.statements.FailOnTimeout$CallableStatement.call(FailOnTimeout.java:288)
	at org.junit.internal.runners.statements.FailOnTimeout$CallableStatement.call(FailOnTimeout.java:282)
	at java.util.concurrent.FutureTask.run(FutureTask.java:266)
	at java.lang.Thread.run(Thread.java:750)
2023-07-13 02:05:46,158 [Time-limited test] INFO  om.OzoneManager (OzoneManager.java:<init>(658)) - OM start with adminUsers: [om/fv-az201-768.ett4tu3jvdse5ovc2mkgjqcs5a.bx.internal.cloudapp.net@EXAMPLE.COM, om]
2023-07-13 02:05:46,160 [Time-limited test] WARN  server.ServerUtils (ServerUtils.java:getDBPath(311)) - ozone.om.db.dirs is not configured. We recommend adding this setting. Falling back to ozone.metadata.dirs instead.
2023-07-13 02:05:46,162 [Time-limited test] INFO  helpers.OmKeyInfo (OmKeyInfo.java:getCodec(71)) - OmKeyInfo.getCodec ignorePipeline = true
2023-07-13 02:05:46,432 [Time-limited test] INFO  om.OzoneManager (OzoneManager.java:instantiateServices(787)) - S3 Multi-Tenancy is disabled
2023-07-13 02:05:46,433 [Time-limited test] INFO  security.OzoneSecretStore (OzoneSecretStore.java:loadState(69)) - Loaded 0 tokens
2023-07-13 02:05:46,433 [Time-limited test] INFO  security.OzoneDelegationTokenSecretManager (OzoneDelegationTokenSecretManager.java:loadTokenSecretState(530)) - Loading token state into token manager.
2023-07-13 02:05:46,433 [Time-limited test] INFO  om.OmSnapshotManager (OmSnapshotManager.java:<init>(175)) - Ozone filesystem snapshot feature is enabled.
2023-07-13 02:05:46,434 [Time-limited test] WARN  server.ServerUtils (ServerUtils.java:getDBPath(311)) - ozone.om.snapshot.diff.db.dir is not configured. We recommend adding this setting. Falling back to ozone.metadata.dirs instead.
2023-07-13 02:05:46,478 [Time-limited test] INFO  snapshot.SnapshotDiffManager (SnapshotDiffManager.java:closeExecutorService(1720)) - Shutting down executorService: 'SstDumpToolExecutor'
2023-07-13 02:05:46,482 [Time-limited test] INFO  om.OzoneManager (OzoneManager.java:addS3GVolumeToDB(4298)) - Created Volume s3v With Owner om required for S3Gateway operations.
2023-07-13 02:05:46,482 [Time-limited test] WARN  server.ServerUtils (ServerUtils.java:getDefaultRatisDirectory(323)) - Storage directory for Ratis is not configured. It is a good idea to map this to an SSD disk. Falling back to ozone.metadata.dirs
2023-07-13 02:05:46,483 [Time-limited test] WARN  utils.OzoneManagerRatisUtils (OzoneManagerRatisUtils.java:getOMRatisSnapshotDirectory(461)) - ozone.om.ratis.snapshot.dir is not configured. Falling back to ozone.metadata.dirs config
2023-07-13 02:05:46,485 [Time-limited test] WARN  server.ServerUtils (ServerUtils.java:getDefaultRatisDirectory(323)) - Storage directory for Ratis is not configured. It is a good idea to map this to an SSD disk. Falling back to ozone.metadata.dirs
2023-07-13 02:05:46,487 [Time-limited test] INFO  ratis.OzoneManagerRatisServer (OzoneManagerRatisServer.java:<init>(163)) - Instantiating OM Ratis server with groupID: omServiceIdDefault and peers: fv-az201-768.ett4tu3jvdse5ovc2mkgjqcs5a.bx.internal.cloudapp.net:9872
2023-07-13 02:05:46,488 [Time-limited test] INFO  ratis.OzoneManagerStateMachine (OzoneManagerStateMachine.java:loadSnapshotInfoFromDB(670)) - LastAppliedIndex is set from TransactionInfo from OM DB as (t:0, i:~)
2023-07-13 02:05:46,488 [Time-limited test] INFO  server.RaftServer (ConfUtils.java:logGet(46)) - raft.rpc.type = GRPC (default)
2023-07-13 02:05:46,489 [Time-limited test] INFO  grpc.GrpcConfigKeys (ConfUtils.java:logFallback(53)) - raft.grpc.admin.host = null (fallback to raft.grpc.server.host)
2023-07-13 02:05:46,489 [Time-limited test] INFO  grpc.GrpcConfigKeys (ConfUtils.java:logFallback(53)) - raft.grpc.admin.port = 9872 (fallback to raft.grpc.server.port)
2023-07-13 02:05:46,489 [Time-limited test] INFO  grpc.GrpcConfigKeys (ConfUtils.java:logFallback(53)) - raft.grpc.client.host = null (fallback to raft.grpc.server.host)
2023-07-13 02:05:46,489 [Time-limited test] INFO  grpc.GrpcConfigKeys (ConfUtils.java:logFallback(53)) - raft.grpc.client.port = 9872 (fallback to raft.grpc.server.port)
2023-07-13 02:05:46,489 [Time-limited test] INFO  grpc.GrpcConfigKeys (ConfUtils.java:logGet(46)) - raft.grpc.server.host = null (default)
2023-07-13 02:05:46,489 [Time-limited test] INFO  grpc.GrpcConfigKeys (ConfUtils.java:logGet(46)) - raft.grpc.server.port = 9872 (custom)
2023-07-13 02:05:46,489 [Time-limited test] INFO  server.GrpcService (ConfUtils.java:logGet(46)) - raft.grpc.message.size.max = 33554432 (custom)
2023-07-13 02:05:46,490 [Time-limited test] INFO  server.RaftServerConfigKeys (ConfUtils.java:logGet(46)) - raft.server.log.appender.buffer.byte-limit = 33554432 (custom)
2023-07-13 02:05:46,490 [Time-limited test] INFO  server.GrpcService (ConfUtils.java:logGet(46)) - raft.grpc.flow.control.window = 1MB (=1048576) (default)
2023-07-13 02:05:46,490 [Time-limited test] INFO  server.RaftServerConfigKeys (ConfUtils.java:logGet(46)) - raft.server.rpc.request.timeout = 3000ms (default)
2023-07-13 02:05:46,490 [Time-limited test] INFO  grpc.GrpcConfigKeys (ConfUtils.java:logGet(46)) - raft.grpc.server.heartbeat.channel = true (default)
2023-07-13 02:05:46,490 [Time-limited test] INFO  grpc.GrpcConfigKeys (ConfUtils.java:logGet(46)) - raft.grpc.server.async.request.thread.pool.cached = true (default)
2023-07-13 02:05:46,490 [Time-limited test] INFO  grpc.GrpcConfigKeys (ConfUtils.java:logGet(46)) - raft.grpc.server.async.request.thread.pool.size = 32 (default)
2023-07-13 02:05:46,492 [Time-limited test] INFO  impl.DataStreamServerImpl (ConfUtils.java:logGet(46)) - raft.datastream.type = DISABLED (default)
2023-07-13 02:05:46,492 [Time-limited test] INFO  server.RaftServerConfigKeys (ConfUtils.java:logGet(46)) - raft.server.threadpool.proxy.cached = true (default)
2023-07-13 02:05:46,492 [Time-limited test] INFO  server.RaftServerConfigKeys (ConfUtils.java:logGet(46)) - raft.server.threadpool.proxy.size = 0 (default)
2023-07-13 02:05:46,492 [Time-limited test] INFO  server.RaftServerConfigKeys (ConfUtils.java:logGet(46)) - raft.server.rpc.slowness.timeout = 120s (custom)
2023-07-13 02:05:46,492 [Time-limited test] INFO  server.RaftServerConfigKeys (ConfUtils.java:logGet(46)) - raft.server.leaderelection.leader.step-down.wait-time = 10s (default)
2023-07-13 02:05:46,493 [Time-limited test] INFO  server.RaftServerConfigKeys (ConfUtils.java:logGet(46)) - raft.server.storage.dir = [/tmp/junit8545933187199445753/junit1729872981202523195/scm-meta/ratis] (custom)
2023-07-13 02:05:46,493 [Time-limited test] INFO  server.RaftServer (RaftServerProxy.java:addNew(98)) - om1: addNew group-C5BA1605619E:[om1|rpc:fv-az201-768.ett4tu3jvdse5ovc2mkgjqcs5a.bx.internal.cloudapp.net:9872|priority:0|startupRole:FOLLOWER] returns group-C5BA1605619E:java.util.concurrent.CompletableFuture@5929cc5c[Not completed]
2023-07-13 02:05:46,493 [Time-limited test] INFO  om.OzoneManager (OzoneManager.java:initializeRatisServer(2139)) - OzoneManager Ratis server initialized at port 9872
INFO  server.RaftServer$Division (RaftServerImpl.java:<init>(198)) - om1: new RaftServerImpl for group-C5BA1605619E:[om1|rpc:fv-az201-768.ett4tu3jvdse5ovc2mkgjqcs5a.bx.internal.cloudapp.net:9872|priority:0|startupRole:FOLLOWER] with OzoneManagerStateMachine:uninitialized
2023-07-13 02:05:46,493 [Time-limited test] INFO  om.OzoneManager (OzoneManager.java:initializeRatisServer(2139)) - OzoneManager Ratis server initialized at port 9872
2023-07-13 02:05:46,495 [Time-limited test] INFO  om.OzoneManager (OzoneManager.java:getRpcServer(1187)) - Creating RPC Server
ConfUtils.java:logGet(46)) - raft.server.rpc.timeout.min = 5s (custom)
2023-07-13 02:05:46,495 [Time-limited test] INFO  om.OzoneManager (OzoneManager.java:getRpcServer(1187)) - Creating RPC Server
2023-07-13 02:05:46,495 [om1-groupManagement] INFO  server.RaftServerConfigKeys (ConfUtils.java:logGet(46)) - raft.server.rpc.timeout.max = 5200ms (custom)
2023-07-13 02:05:46,495 [om1-groupManagement] INFO  server.RaftServerConfigKeys (ConfUtils.java:logGet(46)) - raft.server.rpc.sleep.time = 25ms (default)
2023-07-13 02:05:46,497 [om1-groupManagement] INFO  server.RaftServerConfigKeys (ConfUtils.java:logGet(46)) - raft.server.rpc.slowness.timeout = 120s (custom)
2023-07-13 02:05:46,497 [om1-groupManagement] INFO  server.RaftServerConfigKeys (ConfUtils.java:logGet(46)) - raft.server.leaderelection.leader.step-down.wait-time = 10s (default)
2023-07-13 02:05:46,497 [om1-groupManagement] INFO  server.RaftServerConfigKeys (ConfUtils.java:logGet(46)) - raft.server.sleep.deviation.threshold = 300ms (default)
2023-07-13 02:05:46,498 [om1-groupManagement] INFO  server.RaftServer$Division (ServerState.java:<init>(120)) - om1@group-C5BA1605619E: ConfigurationManager, init=-1: peers:[om1|rpc:fv-az201-768.ett4tu3jvdse5ovc2mkgjqcs5a.bx.internal.cloudapp.net:9872|priority:0|startupRole:FOLLOWER]|listeners:[], old=null, confs=<EMPTY_MAP>
2023-07-13 02:05:46,498 [om1-groupManagement] INFO  server.RaftServerConfigKeys (ConfUtils.java:logGet(46)) - raft.server.storage.dir = [/tmp/junit8545933187199445753/junit1729872981202523195/scm-meta/ratis] (custom)
2023-07-13 02:05:46,498 [om1-groupManagement] INFO  server.RaftServerConfigKeys (ConfUtils.java:logGet(46)) - raft.server.log.corruption.policy = EXCEPTION (default)
2023-07-13 02:05:46,498 [om1-groupManagement] INFO  server.RaftServerConfigKeys (ConfUtils.java:logGet(46)) - raft.server.storage.free-space.min = 0MB (=0) (default)
2023-07-13 02:05:46,498 [om1-groupManagement] INFO  server.RaftServerConfigKeys (ConfUtils.java:logGet(46)) - raft.server.notification.no-leader.timeout = 120s (custom)
2023-07-13 02:05:46,498 [om1-groupManagement] INFO  server.RaftServerConfigKeys (ConfUtils.java:logGet(46)) - raft.server.read.timeout = 10s (default)
2023-07-13 02:05:46,499 [om1-groupManagement] INFO  server.RaftServerConfigKeys (ConfUtils.java:logGet(46)) - raft.server.retrycache.expirytime = 300s (custom)
2023-07-13 02:05:46,499 [om1-groupManagement] INFO  server.RaftServerConfigKeys (ConfUtils.java:logGet(46)) - raft.server.retrycache.statistics.expirytime = 100μs (default)
2023-07-13 02:05:46,499 [om1-groupManagement] INFO  server.RaftServerConfigKeys (ConfUtils.java:logGet(46)) - raft.server.read.option = DEFAULT (default)
2023-07-13 02:05:46,502 [om1-groupManagement] INFO  server.RaftServerConfigKeys (ConfUtils.java:logGet(46)) - raft.server.rpc.request.timeout = 3000ms (default)
2023-07-13 02:05:46,503 [om1-groupManagement] INFO  server.RaftServerConfigKeys (ConfUtils.java:logGet(46)) - raft.server.log.appender.install.snapshot.enabled = false (custom)
2023-07-13 02:05:46,503 [om1-groupManagement] INFO  server.RaftServerConfigKeys (ConfUtils.java:logGet(46)) - raft.server.threadpool.server.cached = true (default)
2023-07-13 02:05:46,503 [om1-groupManagement] INFO  server.RaftServerConfigKeys (ConfUtils.java:logGet(46)) - raft.server.threadpool.server.size = 0 (default)
2023-07-13 02:05:46,503 [om1-groupManagement] INFO  server.RaftServerConfigKeys (ConfUtils.java:logGet(46)) - raft.server.threadpool.client.cached = true (default)
2023-07-13 02:05:46,503 [om1-groupManagement] INFO  server.RaftServerConfigKeys (ConfUtils.java:logGet(46)) - raft.server.threadpool.client.size = 0 (default)
2023-07-13 02:05:47,081 [Time-limited test] INFO  reflections.Reflections (Reflections.java:scan(232)) - Reflections took 581 ms to scan 19 urls, producing 70 keys and 5533 values [using 2 cores]
2023-07-13 02:05:47,083 [Time-limited test] INFO  ipc.CallQueueManager (CallQueueManager.java:<init>(90)) - Using callQueue: class java.util.concurrent.LinkedBlockingQueue, queueCapacity: 10000, scheduler: class org.apache.hadoop.ipc.DefaultRpcScheduler, ipcBackoff: false.
2023-07-13 02:05:47,085 [Time-limited test] INFO  ipc.Server (Server.java:<init>(1287)) - Listener at fv-az201-768.ett4tu3jvdse5ovc2mkgjqcs5a.bx.internal.cloudapp.net:1202
2023-07-13 02:05:47,086 [Socket Reader #1 for port 1202] INFO  ipc.Server (Server.java:run(1323)) - Starting Socket Reader #1 for port 1202
2023-07-13 02:05:47,134 [Time-limited test] WARN  impl.MetricsConfig (MetricsConfig.java:loadFirst(136)) - Cannot locate configuration: tried hadoop-metrics2-ozonemanager.properties,hadoop-metrics2.properties
2023-07-13 02:05:47,137 [Time-limited test] INFO  impl.MetricsSystemImpl (MetricsSystemImpl.java:startTimer(378)) - Scheduled Metric snapshot period at 10 second(s).
2023-07-13 02:05:47,137 [Time-limited test] INFO  impl.MetricsSystemImpl (MetricsSystemImpl.java:start(191)) - OzoneManager metrics system started
2023-07-13 02:05:47,174 [Time-limited test] INFO  impl.MetricsSinkAdapter (MetricsSinkAdapter.java:start(204)) - Sink prometheus started
2023-07-13 02:05:47,174 [Time-limited test] INFO  impl.MetricsSystemImpl (MetricsSystemImpl.java:registerSink(305)) - Registered sink prometheus
2023-07-13 02:05:47,189 [Time-limited test] INFO  om.OzoneManager (OzoneManager.java:start(1617)) - OzoneManager RPC server is listening at fv-az201-768.ett4tu3jvdse5ovc2mkgjqcs5a.bx.internal.cloudapp.net/10.1.0.115:1202
2023-07-13 02:05:47,190 [Time-limited test] INFO  ratis.OzoneManagerRatisServer (OzoneManagerRatisServer.java:start(558)) - Starting OzoneManagerRatisServer om1 at port 9872
2023-07-13 02:05:47,190 [om1-impl-thread1] INFO  storage.RaftStorageDirectory (RaftStorageDirectoryImpl.java:analyzeStorage(137)) - The storage directory /tmp/junit8545933187199445753/junit1729872981202523195/scm-meta/ratis/bf265839-605b-3f16-9796-c5ba1605619e does not exist. Creating ...
2023-07-13 02:05:47,192 [om1-impl-thread1] INFO  storage.RaftStorageDirectory (RaftStorageDirectoryImpl.java:tryLock(231)) - Lock on /tmp/junit8545933187199445753/junit1729872981202523195/scm-meta/ratis/bf265839-605b-3f16-9796-c5ba1605619e/in_use.lock acquired by nodename 2446@fv-az201-768
2023-07-13 02:05:47,194 [om1-impl-thread1] INFO  storage.RaftStorage (RaftStorageImpl.java:format(96)) - Storage directory /tmp/junit8545933187199445753/junit1729872981202523195/scm-meta/ratis/bf265839-605b-3f16-9796-c5ba1605619e has been successfully formatted.
2023-07-13 02:05:47,194 [om1-impl-thread1] INFO  server.RaftServerConfigKeys (ConfUtils.java:logGet(46)) - raft.server.log.use.memory = false (default)
2023-07-13 02:05:47,194 [om1-impl-thread1] INFO  server.RaftServerConfigKeys (ConfUtils.java:logGet(46)) - raft.server.log.purge.gap = 1000000 (custom)
2023-07-13 02:05:47,194 [om1-impl-thread1] INFO  server.RaftServerConfigKeys (ConfUtils.java:logGet(46)) - raft.server.log.appender.buffer.byte-limit = 33554432 (custom)
2023-07-13 02:05:47,194 [om1-impl-thread1] INFO  server.RaftServerConfigKeys (ConfUtils.java:logGet(46)) - raft.server.log.statemachine.data.read.timeout = 1000ms (default)
2023-07-13 02:05:47,194 [om1-impl-thread1] INFO  server.RaftServerConfigKeys (ConfUtils.java:logGet(46)) - raft.server.log.purge.preservation.log.num = 0 (default)
2023-07-13 02:05:47,194 [om1-impl-thread1] INFO  server.RaftServerConfigKeys (ConfUtils.java:logGet(46)) - raft.server.log.segment.size.max = 4194304 (custom)
2023-07-13 02:05:47,195 [om1-impl-thread1] INFO  server.RaftServerConfigKeys (ConfUtils.java:logGet(46)) - raft.server.log.segment.cache.num.max = 2 (custom)
2023-07-13 02:05:47,195 [om1-impl-thread1] INFO  server.RaftServerConfigKeys (ConfUtils.java:logGet(46)) - raft.server.log.segment.cache.size.max = 200MB (=209715200) (default)
2023-07-13 02:05:47,195 [om1-impl-thread1] INFO  server.RaftServerConfigKeys (ConfUtils.java:logGet(46)) - raft.server.log.appender.buffer.byte-limit = 33554432 (custom)
2023-07-13 02:05:47,195 [om1-impl-thread1] INFO  segmented.SegmentedRaftLogWorker (SegmentedRaftLogWorker.java:<init>(188)) - new om1@group-C5BA1605619E-SegmentedRaftLogWorker for RaftStorageImpl:Storage Directory /tmp/junit8545933187199445753/junit1729872981202523195/scm-meta/ratis/bf265839-605b-3f16-9796-c5ba1605619e
2023-07-13 02:05:47,195 [om1-impl-thread1] INFO  server.RaftServerConfigKeys (ConfUtils.java:logGet(46)) - raft.server.log.queue.byte-limit = 64MB (=67108864) (default)
2023-07-13 02:05:47,195 [om1-impl-thread1] INFO  server.RaftServerConfigKeys (ConfUtils.java:logGet(46)) - raft.server.log.queue.element-limit = 4096 (default)
2023-07-13 02:05:47,196 [om1-impl-thread1] INFO  server.RaftServerConfigKeys (ConfUtils.java:logGet(46)) - raft.server.log.segment.size.max = 4194304 (custom)
2023-07-13 02:05:47,196 [om1-impl-thread1] INFO  server.RaftServerConfigKeys (ConfUtils.java:logGet(46)) - raft.server.log.preallocated.size = 4194304 (custom)
2023-07-13 02:05:47,196 [om1-impl-thread1] INFO  server.RaftServerConfigKeys (ConfUtils.java:logGet(46)) - raft.server.log.force.sync.num = 128 (default)
2023-07-13 02:05:47,196 [om1-impl-thread1] INFO  server.RaftServerConfigKeys (ConfUtils.java:logGet(46)) - raft.server.log.statemachine.data.sync = true (default)
2023-07-13 02:05:47,196 [om1-impl-thread1] INFO  server.RaftServerConfigKeys (ConfUtils.java:logGet(46)) - raft.server.log.statemachine.data.sync.timeout = 10s (default)
2023-07-13 02:05:47,196 [om1-impl-thread1] INFO  server.RaftServerConfigKeys (ConfUtils.java:logGet(46)) - raft.server.log.statemachine.data.sync.timeout.retry = -1 (default)
2023-07-13 02:05:47,197 [om1-impl-thread1] INFO  server.RaftServerConfigKeys (ConfUtils.java:logGet(46)) - raft.server.log.write.buffer.size = 64KB (=65536) (default)
2023-07-13 02:05:47,197 [om1-impl-thread1] INFO  server.RaftServerConfigKeys (ConfUtils.java:logGet(46)) - raft.server.log.appender.buffer.byte-limit = 33554432 (custom)
2023-07-13 02:05:47,273 [om1-impl-thread1] INFO  server.RaftServerConfigKeys (ConfUtils.java:logGet(46)) - raft.server.log.unsafe-flush.enabled = false (default)
2023-07-13 02:05:47,274 [om1-impl-thread1] INFO  server.RaftServerConfigKeys (ConfUtils.java:logGet(46)) - raft.server.log.async-flush.enabled = false (default)
2023-07-13 02:05:47,274 [om1-impl-thread1] INFO  server.RaftServerConfigKeys (ConfUtils.java:logGet(46)) - raft.server.log.statemachine.data.caching.enabled = false (default)
2023-07-13 02:05:47,274 [om1-impl-thread1] INFO  segmented.SegmentedRaftLogWorker (SegmentedRaftLogWorker.java:lambda$new$0(135)) - om1@group-C5BA1605619E-SegmentedRaftLogWorker: flushIndex: setUnconditionally 0 -> -1
2023-07-13 02:05:47,274 [om1-impl-thread1] INFO  segmented.SegmentedRaftLogWorker (SegmentedRaftLogWorker.java:lambda$new$0(135)) - om1@group-C5BA1605619E-SegmentedRaftLogWorker: safeCacheEvictIndex: setUnconditionally 0 -> -1
2023-07-13 02:05:47,274 [om1-impl-thread1] INFO  server.RaftServer$Division (RaftServerImpl.java:start(342)) - om1@group-C5BA1605619E: start as a follower, conf=-1: peers:[om1|rpc:fv-az201-768.ett4tu3jvdse5ovc2mkgjqcs5a.bx.internal.cloudapp.net:9872|priority:0|startupRole:FOLLOWER]|listeners:[], old=null
2023-07-13 02:05:47,275 [om1-impl-thread1] INFO  server.RaftServer$Division (RaftServerImpl.java:setRole(329)) - om1@group-C5BA1605619E: changes role from      null to FOLLOWER at term 0 for startAsFollower
2023-07-13 02:05:47,278 [om1-impl-thread1] INFO  impl.RoleInfo (RoleInfo.java:updateAndGet(139)) - om1: start om1@group-C5BA1605619E-FollowerState
2023-07-13 02:05:47,280 [om1-impl-thread1] INFO  util.JmxRegister (JmxRegister.java:tryRegister(44)) - Successfully registered JMX Bean with object name Ratis:service=RaftServer,group=group-C5BA1605619E,id=om1
2023-07-13 02:05:47,280 [om1-impl-thread1] INFO  server.RaftServerConfigKeys (ConfUtils.java:logGet(46)) - raft.server.snapshot.auto.trigger.enabled = true (custom)
2023-07-13 02:05:47,280 [om1-impl-thread1] INFO  server.RaftServerConfigKeys (ConfUtils.java:logGet(46)) - raft.server.snapshot.auto.trigger.threshold = 400000 (default)
2023-07-13 02:05:47,280 [om1-impl-thread1] INFO  server.RaftServerConfigKeys (ConfUtils.java:logGet(46)) - raft.server.snapshot.retention.file.num = -1 (default)
2023-07-13 02:05:47,280 [om1-impl-thread1] INFO  server.RaftServerConfigKeys (ConfUtils.java:logGet(46)) - raft.server.log.purge.upto.snapshot.index = true (custom)
2023-07-13 02:05:47,285 [om1@group-C5BA1605619E-FollowerState] INFO  server.RaftServerConfigKeys (ConfUtils.java:logFallback(53)) - raft.server.rpc.first-election.timeout.min = 5s (fallback to raft.server.rpc.timeout.min)
2023-07-13 02:05:47,285 [om1@group-C5BA1605619E-FollowerState] INFO  server.RaftServerConfigKeys (ConfUtils.java:logFallback(53)) - raft.server.rpc.first-election.timeout.max = 5200ms (fallback to raft.server.rpc.timeout.max)
2023-07-13 02:05:47,288 [Time-limited test] INFO  server.RaftServer (RaftServerProxy.java:startImpl(400)) - om1: start RPC server
2023-07-13 02:05:47,290 [Time-limited test] INFO  server.GrpcService (GrpcService.java:startImpl(302)) - om1: GrpcService started, listening on 9872
2023-07-13 02:05:47,293 [Time-limited test] ERROR om.OzoneManager (OzoneManager.java:startSecretManager(1082)) - Unable to read key pair for OM.
org.apache.hadoop.hdds.security.exception.OzoneSecurityException: Error reading keypair & certificate
	at org.apache.hadoop.hdds.security.x509.certificate.client.CertificateClient.assertValidKeysAndCertificate(CertificateClient.java:213)
	at org.apache.hadoop.ozone.om.OzoneManager.startSecretManager(OzoneManager.java:1080)
	at org.apache.hadoop.ozone.om.OzoneManager.startSecretManagerIfNecessary(OzoneManager.java:2290)
	at org.apache.hadoop.ozone.om.OzoneManager.start(OzoneManager.java:1627)
	at org.apache.hadoop.ozone.TestSecureOzoneCluster.testSecureOmInitializationSuccess(TestSecureOzoneCluster.java:536)
	at sun.reflect.NativeMethodAccessorImpl.invoke0(Native Method)
	at sun.reflect.NativeMethodAccessorImpl.invoke(NativeMethodAccessorImpl.java:62)
	at sun.reflect.DelegatingMethodAccessorImpl.invoke(DelegatingMethodAccessorImpl.java:43)
	at java.lang.reflect.Method.invoke(Method.java:498)
	at org.junit.runners.model.FrameworkMethod$1.runReflectiveCall(FrameworkMethod.java:59)
	at org.junit.internal.runners.model.ReflectiveCallable.run(ReflectiveCallable.java:12)
	at org.junit.runners.model.FrameworkMethod.invokeExplosively(FrameworkMethod.java:56)
	at org.junit.internal.runners.statements.InvokeMethod.evaluate(InvokeMethod.java:17)
	at org.junit.internal.runners.statements.RunBefores.evaluate(RunBefores.java:26)
	at org.junit.internal.runners.statements.RunAfters.evaluate(RunAfters.java:27)
	at org.junit.rules.ExternalResource$1.evaluate(ExternalResource.java:54)
	at org.junit.internal.runners.statements.FailOnTimeout$CallableStatement.call(FailOnTimeout.java:288)
	at org.junit.internal.runners.statements.FailOnTimeout$CallableStatement.call(FailOnTimeout.java:282)
	at java.util.concurrent.FutureTask.run(FutureTask.java:266)
	at java.lang.Thread.run(Thread.java:750)
Caused by: java.lang.NullPointerException
	at java.util.Objects.requireNonNull(Objects.java:203)
	at org.apache.hadoop.hdds.security.x509.certificate.client.CertificateClient.assertValidKeysAndCertificate(CertificateClient.java:209)
	... 19 more
2023-07-13 02:05:47,294 [Time-limited test] INFO  impl.DefaultInternalKdcServerImpl (DefaultInternalKdcServerImpl.java:doStop(102)) - Default Internal kdc server stopped.
2023-07-13 02:05:47,294 [JvmPauseMonitor4] INFO  util.JvmPauseMonitor (JvmPauseMonitor.java:run(103)) - JvmPauseMonitor-om1: Started
2023-07-13 02:05:48,295 [Time-limited test] INFO  minikdc.MiniKdc (MiniKdc.java:stop(359)) - MiniKdc stopped.
2023-07-13 02:05:48,296 [Time-limited test] INFO  server.StorageContainerManager (StorageContainerManager.java:stop(1590)) - Container Balancer is not running.
2023-07-13 02:05:48,296 [Time-limited test] INFO  server.StorageContainerManager (StorageContainerManager.java:stopReplicationManager(1723)) - Stopping Replication Manager Service.
2023-07-13 02:05:48,296 [Time-limited test] INFO  replication.ReplicationManager (ReplicationManager.java:stop(319)) - Stopping Replication Monitor Thread.
2023-07-13 02:05:48,296 [Under Replicated Processor] WARN  replication.UnhealthyReplicationProcessor (UnhealthyReplicationProcessor.java:run(180)) - Under Replicated Processor interrupted. Exiting...
2023-07-13 02:05:48,297 [Over Replicated Processor] WARN  replication.UnhealthyReplicationProcessor (UnhealthyReplicationProcessor.java:run(180)) - Over Replicated Processor interrupted. Exiting...
2023-07-13 02:05:48,296 [Time-limited test] INFO  server.StorageContainerManager (StorageContainerManager.java:stop(1599)) - Stopping the Datanode Admin Monitor.
2023-07-13 02:05:48,297 [Time-limited test] INFO  server.StorageContainerManager (StorageContainerManager.java:stop(1606)) - Stopping datanode service RPC server
2023-07-13 02:05:48,297 [Time-limited test] INFO  server.SCMDatanodeProtocolServer (SCMDatanodeProtocolServer.java:stop(424)) - Stopping the RPC server for DataNodes
2023-07-13 02:05:48,297 [Time-limited test] INFO  ipc.Server (Server.java:stop(3523)) - Stopping server on 9861
2023-07-13 02:05:48,297 [ReplicationMonitor] INFO  replication.ReplicationManager (ReplicationManager.java:run(917)) - Replication Monitor Thread is stopped
2023-07-13 02:05:48,964 [SCM Heartbeat Processing Thread - 0] WARN  node.NodeStateManager (NodeStateManager.java:scheduleNextHealthCheck(874)) - Current Thread is interrupted, shutting down HB processing thread for Node Manager.
2023-07-13 02:05:48,965 [Time-limited test] INFO  server.StorageContainerManager (StorageContainerManager.java:stop(1614)) - Stopping block service RPC server
2023-07-13 02:05:48,965 [Time-limited test] INFO  server.SCMBlockProtocolServer (SCMBlockProtocolServer.java:stop(161)) - Stopping the RPC server for Block Protocol
2023-07-13 02:05:48,965 [Time-limited test] INFO  ipc.Server (Server.java:stop(3523)) - Stopping server on 9863
2023-07-13 02:05:48,966 [Time-limited test] INFO  server.StorageContainerManager (StorageContainerManager.java:stop(1621)) - Stopping the StorageContainerLocationProtocol RPC server
2023-07-13 02:05:48,966 [Time-limited test] INFO  server.SCMClientProtocolServer (SCMClientProtocolServer.java:stop(209)) - Stopping the RPC server for Client Protocol
2023-07-13 02:05:48,966 [Time-limited test] INFO  ipc.Server (Server.java:stop(3523)) - Stopping server on 9860
2023-07-13 02:05:48,967 [Time-limited test] INFO  server.StorageContainerManager (StorageContainerManager.java:stop(1628)) - Stopping Storage Container Manager HTTP server.
2023-07-13 02:05:48,967 [Time-limited test] INFO  server.StorageContainerManager (StorageContainerManager.java:stop(1636)) - Stopping SCM LayoutVersionManager Service.
2023-07-13 02:05:48,967 [Time-limited test] INFO  server.SCMSecurityProtocolServer (SCMSecurityProtocolServer.java:stop(536)) - Stopping the SCMSecurityProtocolServer.
2023-07-13 02:05:48,967 [Time-limited test] INFO  ipc.Server (Server.java:stop(3523)) - Stopping server on 9961
2023-07-13 02:05:48,969 [Time-limited test] INFO  server.SCMUpdateServiceGrpcServer (SCMUpdateServiceGrpcServer.java:stop(73)) - SCMUpdateService stopping
2023-07-13 02:05:48,969 [Time-limited test] INFO  server.StorageContainerManager (StorageContainerManager.java:stop(1648)) - Stopping Block Manager Service.
2023-07-13 02:05:48,969 [Time-limited test] INFO  utils.BackgroundService (BackgroundService.java:shutdown(141)) - Shutting down service SCMBlockDeletingService
2023-07-13 02:05:48,969 [Time-limited test] INFO  utils.BackgroundService (BackgroundService.java:shutdown(141)) - Shutting down service SCMBlockDeletingService
2023-07-13 02:05:48,969 [Time-limited test] INFO  server.StorageContainerManager (StorageContainerManager.java:stop(1668)) - Stopping SCM Event Queue.
2023-07-13 02:05:48,970 [Time-limited test] INFO  server.StorageContainerManager (StorageContainerManager.java:stop(1679)) - Stopping SCM HA services.
2023-07-13 02:05:48,970 [Time-limited test] INFO  pipeline.BackgroundPipelineCreator (BackgroundPipelineCreator.java:stop(149)) - Stopping RatisPipelineUtilsThread.
2023-07-13 02:05:48,970 [RatisPipelineUtilsThread - 0] WARN  pipeline.BackgroundPipelineCreator (BackgroundPipelineCreator.java:run(180)) - RatisPipelineUtilsThread is interrupted.
2023-07-13 02:05:48,970 [BackgroundPipelineScrubberThread] WARN  BackgroundPipelineScrubber (BackgroundSCMService.java:run(115)) - BackgroundPipelineScrubber is interrupted, exit
2023-07-13 02:05:48,970 [Time-limited test] INFO  BackgroundPipelineScrubber (BackgroundSCMService.java:stop(131)) - Stopping BackgroundPipelineScrubber Service.
2023-07-13 02:05:48,970 [Time-limited test] WARN  pipeline.BackgroundPipelineCreator (BackgroundPipelineCreator.java:stop(145)) - RatisPipelineUtilsThread is not running, just ignore.
2023-07-13 02:05:48,970 [Time-limited test] INFO  BackgroundPipelineScrubber (BackgroundSCMService.java:stop(126)) - BackgroundPipelineScrubber Service is not running, skip stop.
2023-07-13 02:05:48,971 [Time-limited test] INFO  ExpiredContainerReplicaOpScrubber (BackgroundSCMService.java:stop(131)) - Stopping ExpiredContainerReplicaOpScrubber Service.
2023-07-13 02:05:48,971 [ExpiredContainerReplicaOpScrubberThread] WARN  ExpiredContainerReplicaOpScrubber (BackgroundSCMService.java:run(115)) - ExpiredContainerReplicaOpScrubber is interrupted, exit
2023-07-13 02:05:48,971 [Time-limited test] INFO  utils.BackgroundService (BackgroundService.java:shutdown(141)) - Shutting down service SCMBlockDeletingService
2023-07-13 02:05:48,971 [Time-limited test] INFO  replication.ReplicationManager (ReplicationManager.java:stop(329)) - Replication Monitor Thread is not running.
2023-07-13 02:05:48,971 [Time-limited test] WARN  balancer.ContainerBalancer (ContainerBalancer.java:stop(326)) - Cannot stop Container Balancer because it's not running or stopping
2023-07-13 02:05:48,971 [Time-limited test] INFO  server.StorageContainerManager (StorageContainerManager.java:stop(1714)) - Stopping SCM MetadataStore.
2023-07-13 02:05:48,972 [Time-limited test] INFO  server.SCMSecurityProtocolServer (SCMSecurityProtocolServer.java:join(546)) - Join RPC server for SCMSecurityProtocolServer.
2023-07-13 02:05:48,972 [Time-limited test] INFO  server.SCMSecurityProtocolServer (SCMSecurityProtocolServer.java:join(548)) - Join gRPC server for SCMSecurityProtocolServer.
2023-07-13 02:05:48,972 [Time-limited test] INFO  om.OzoneManager (OzoneManager.java:stop(2198)) - om1[fv-az201-768.ett4tu3jvdse5ovc2mkgjqcs5a.bx.internal.cloudapp.net:1202]: Stopping Ozone Manager
2023-07-13 02:05:48,973 [Time-limited test] INFO  ipc.Server (Server.java:stop(3523)) - Stopping server on 1202
2023-07-13 02:05:48,978 [Time-limited test] INFO  server.RaftServer (RaftServerProxy.java:lambda$close$6(416)) - om1: close
2023-07-13 02:05:48,978 [Time-limited test] INFO  server.GrpcService (GrpcService.java:closeImpl(311)) - om1: shutdown server GrpcServerProtocolService now
2023-07-13 02:05:48,979 [om1-impl-thread1] INFO  server.RaftServer$Division (RaftServerImpl.java:lambda$close$4(466)) - om1@group-C5BA1605619E: shutdown
2023-07-13 02:05:48,979 [om1-impl-thread1] INFO  util.JmxRegister (JmxRegister.java:unregister(73)) - Successfully un-registered JMX Bean with object name Ratis:service=RaftServer,group=group-C5BA1605619E,id=om1
2023-07-13 02:05:48,979 [om1-impl-thread1] INFO  impl.RoleInfo (RoleInfo.java:shutdownFollowerState(110)) - om1: shutdown om1@group-C5BA1605619E-FollowerState
2023-07-13 02:05:48,979 [om1-impl-thread1] INFO  impl.StateMachineUpdater (StateMachineUpdater.java:stopAndJoin(155)) - om1@group-C5BA1605619E-StateMachineUpdater: set stopIndex = -1
2023-07-13 02:05:48,979 [om1@group-C5BA1605619E-StateMachineUpdater] INFO  ratis.OzoneManagerStateMachine (OzoneManagerStateMachine.java:close(533)) - StateMachine has shutdown. Shutdown OzoneManager if not already shutdown.
2023-07-13 02:05:48,979 [om1@group-C5BA1605619E-StateMachineUpdater] INFO  ratis.OzoneManagerDoubleBuffer (OzoneManagerDoubleBuffer.java:stopDaemon(551)) - Stopping OMDoubleBuffer flush thread
2023-07-13 02:05:48,979 [om1@group-C5BA1605619E-FollowerState] INFO  impl.FollowerState (FollowerState.java:run(152)) - om1@group-C5BA1605619E-FollowerState was interrupted
2023-07-13 02:05:48,979 [OMDoubleBufferFlushThread] INFO  ratis.OzoneManagerDoubleBuffer (OzoneManagerDoubleBuffer.java:canFlush(638)) - OMDoubleBuffer flush thread OMDoubleBufferFlushThread is interrupted and will exit.
2023-07-13 02:05:48,980 [om1-impl-thread1] INFO  server.RaftServer$Division (ServerState.java:close(472)) - om1@group-C5BA1605619E: closes. applyIndex: -1
2023-07-13 02:05:48,980 [Time-limited test] INFO  server.GrpcService (GrpcService.java:closeImpl(320)) - om1: shutdown server GrpcServerProtocolService successfully
2023-07-13 02:05:49,279 [om1-impl-thread1] INFO  segmented.SegmentedRaftLogWorker (SegmentedRaftLogWorker.java:close(252)) - om1@group-C5BA1605619E-SegmentedRaftLogWorker close()
2023-07-13 02:05:49,280 [JvmPauseMonitor4] INFO  util.JvmPauseMonitor (JvmPauseMonitor.java:run(109)) - JvmPauseMonitor-om1: Stopped
2023-07-13 02:05:49,280 [Time-limited test] INFO  ratis.OzoneManagerStateMachine (OzoneManagerStateMachine.java:close(533)) - StateMachine has shutdown. Shutdown OzoneManager if not already shutdown.
2023-07-13 02:05:49,280 [Time-limited test] INFO  ratis.OzoneManagerDoubleBuffer (OzoneManagerDoubleBuffer.java:stopDaemon(560)) - OMDoubleBuffer flush thread is not running.
2023-07-13 02:05:49,280 [Time-limited test] INFO  om.OzoneManager (OzoneManager.java:stopSecretManager(1058)) - Stopping secret key client.
2023-07-13 02:05:49,280 [Time-limited test] INFO  om.OzoneManager (OzoneManager.java:stopSecretManager(1063)) - Stopping OM delegation token secret manager.
2023-07-13 02:05:49,283 [Time-limited test] INFO  snapshot.SnapshotDiffManager (SnapshotDiffManager.java:closeExecutorService(1720)) - Shutting down executorService: 'SnapDiffExecutor'
2023-07-13 02:05:49,283 [Time-limited test] INFO  snapshot.SnapshotDiffManager (SnapshotDiffManager.java:closeExecutorService(1720)) - Shutting down executorService: 'SstDumpToolExecutor'
2023-07-13 02:05:49,283 [Time-limited test] INFO  utils.BackgroundService (BackgroundService.java:shutdown(141)) - Shutting down service SnapshotDiffCleanupService
]]></system-out>
  </testcase>
  <testcase name="testAccessControlExceptionOnClient" classname="org.apache.hadoop.ozone.TestSecureOzoneCluster" time="11.74">
    <system-out><![CDATA[2023-07-13 02:05:49,311 [Time-limited test] INFO  net.ServerSocketUtil (ServerSocketUtil.java:getPort(55)) - Using port 9860
2023-07-13 02:05:49,311 [Time-limited test] INFO  net.ServerSocketUtil (ServerSocketUtil.java:getPort(55)) - Using port 9861
2023-07-13 02:05:49,311 [Time-limited test] INFO  net.ServerSocketUtil (ServerSocketUtil.java:getPort(55)) - Using port 9863
2023-07-13 02:05:49,312 [Time-limited test] INFO  net.ServerSocketUtil (ServerSocketUtil.java:getPort(55)) - Using port 9961
2023-07-13 02:05:49,312 [Time-limited test] INFO  net.ServerSocketUtil (ServerSocketUtil.java:getPort(55)) - Using port 1200
2023-07-13 02:05:49,312 [Time-limited test] INFO  net.ServerSocketUtil (ServerSocketUtil.java:getPort(55)) - Using port 1201
2023-07-13 02:05:49,312 [Time-limited test] INFO  minikdc.MiniKdc (MiniKdc.java:<init>(225)) - Configuration:
2023-07-13 02:05:49,312 [Time-limited test] INFO  minikdc.MiniKdc (MiniKdc.java:<init>(226)) - ---------------------------------------------------------------
2023-07-13 02:05:49,313 [Time-limited test] INFO  minikdc.MiniKdc (MiniKdc.java:<init>(228)) -   debug: false
2023-07-13 02:05:49,313 [Time-limited test] INFO  minikdc.MiniKdc (MiniKdc.java:<init>(228)) -   transport: TCP
2023-07-13 02:05:49,313 [Time-limited test] INFO  minikdc.MiniKdc (MiniKdc.java:<init>(228)) -   max.ticket.lifetime: 86400000
2023-07-13 02:05:49,313 [Time-limited test] INFO  minikdc.MiniKdc (MiniKdc.java:<init>(228)) -   org.name: EXAMPLE
2023-07-13 02:05:49,313 [Time-limited test] INFO  minikdc.MiniKdc (MiniKdc.java:<init>(228)) -   kdc.port: 0
2023-07-13 02:05:49,313 [Time-limited test] INFO  minikdc.MiniKdc (MiniKdc.java:<init>(228)) -   org.domain: COM
2023-07-13 02:05:49,313 [Time-limited test] INFO  minikdc.MiniKdc (MiniKdc.java:<init>(228)) -   max.renewable.lifetime: 604800000
2023-07-13 02:05:49,313 [Time-limited test] INFO  minikdc.MiniKdc (MiniKdc.java:<init>(228)) -   instance: DefaultKrbServer
2023-07-13 02:05:49,313 [Time-limited test] INFO  minikdc.MiniKdc (MiniKdc.java:<init>(228)) -   kdc.bind.address: localhost
2023-07-13 02:05:49,313 [Time-limited test] INFO  minikdc.MiniKdc (MiniKdc.java:<init>(230)) - ---------------------------------------------------------------
2023-07-13 02:05:49,315 [Time-limited test] INFO  minikdc.MiniKdc (MiniKdc.java:start(285)) - MiniKdc started.
2023-07-13 02:05:50,440 [Time-limited test] INFO  om.OzoneManager (OzoneManager.java:getOmDetailsProto(4566)) - OzoneManager ports added:[name: "RPC"
value: 1202
]
2023-07-13 02:05:50,441 [Time-limited test] WARN  server.ServerUtils (ServerUtils.java:getScmDbDir(155)) - ozone.scm.db.dirs is not configured. We recommend adding this setting. Falling back to ozone.metadata.dirs instead.
2023-07-13 02:05:50,441 [Time-limited test] INFO  ha.HASecurityUtils (HASecurityUtils.java:initializeSecurity(98)) - Initializing secure StorageContainerManager.
2023-07-13 02:05:50,443 [Time-limited test] INFO  client.SCMCertificateClient (DefaultCertificateClient.java:updateCertSerialId(1248)) - Certificate serial ID set to null
2023-07-13 02:05:50,443 [Time-limited test] ERROR client.SCMCertificateClient (DefaultCertificateClient.java:getCertPath(349)) - Default certificate serial id is not set. Can't locate the default certificate for this client.
2023-07-13 02:05:50,443 [Time-limited test] INFO  client.SCMCertificateClient (DefaultCertificateClient.java:init(723)) - Certificate client init case: 0
2023-07-13 02:05:50,443 [Time-limited test] INFO  client.SCMCertificateClient (SCMCertificateClient.java:handleCase(96)) - Creating keypair for client as keypair and certificate not found.
2023-07-13 02:05:50,626 [Time-limited test] INFO  ha.HASecurityUtils (HASecurityUtils.java:initializeSecurity(108)) - Init response: GETCERT
2023-07-13 02:05:50,969 [Time-limited test] INFO  ozone.OzoneSecurityUtil (OzoneSecurityUtil.java:getValidInetsForCurrentHost(119)) - ip:fe80:0:0:0:20d:3aff:fe98:b55f%eth0 not returned.
2023-07-13 02:05:50,970 [Time-limited test] INFO  ozone.OzoneSecurityUtil (OzoneSecurityUtil.java:getValidInetsForCurrentHost(116)) - Adding ip:10.1.0.115,host:fv-az201-768.ett4tu3jvdse5ovc2mkgjqcs5a.bx.internal.cloudapp.net
2023-07-13 02:05:50,970 [Time-limited test] INFO  ozone.OzoneSecurityUtil (OzoneSecurityUtil.java:getValidInetsForCurrentHost(119)) - ip:0:0:0:0:0:0:0:1%lo not returned.
2023-07-13 02:05:50,970 [Time-limited test] INFO  ozone.OzoneSecurityUtil (OzoneSecurityUtil.java:getValidInetsForCurrentHost(119)) - ip:127.0.0.1 not returned.
2023-07-13 02:05:50,974 [Time-limited test] INFO  utils.SelfSignedCertificate (SelfSignedCertificate.java:generateCertificate(157)) - Certificate 1 is issued by CN=scm-1@fv-az201-768,OU=94fe150e-450f-455c-88c7-5ea801e1989a,O=e8a07df8-d6b8-4dde-bf50-282b074bbc7c to CN=scm-1@fv-az201-768,OU=94fe150e-450f-455c-88c7-5ea801e1989a,O=e8a07df8-d6b8-4dde-bf50-282b074bbc7c, valid from Thu Jul 13 02:05:50 UTC 2023 to Sun Aug 20 02:05:50 UTC 2028
2023-07-13 02:05:50,975 [Time-limited test] INFO  utils.CertificateCodec (CertificateCodec.java:writeCertificate(299)) - Save certificate to /tmp/junit640684864884110653/junit7453674593622604797/scm-meta/scm/ca/certs/certificate.crt
2023-07-13 02:05:50,975 [Time-limited test] INFO  utils.CertificateCodec (CertificateCodec.java:writeCertificate(300)) - Certificate -----BEGIN CERTIFICATE-----
MIID5zCCAs+gAwIBAgIBATANBgkqhkiG9w0BAQsFADB7MRswGQYDVQQDDBJzY20t
MUBmdi1hejIwMS03NjgxLTArBgNVBAsMJDk0ZmUxNTBlLTQ1MGYtNDU1Yy04OGM3
LTVlYTgwMWUxOTg5YTEtMCsGA1UECgwkZThhMDdkZjgtZDZiOC00ZGRlLWJmNTAt
MjgyYjA3NGJiYzdjMB4XDTIzMDcxMzAyMDU1MFoXDTI4MDgyMDAyMDU1MFowezEb
MBkGA1UEAwwSc2NtLTFAZnYtYXoyMDEtNzY4MS0wKwYDVQQLDCQ5NGZlMTUwZS00
NTBmLTQ1NWMtODhjNy01ZWE4MDFlMTk4OWExLTArBgNVBAoMJGU4YTA3ZGY4LWQ2
YjgtNGRkZS1iZjUwLTI4MmIwNzRiYmM3YzCCASIwDQYJKoZIhvcNAQEBBQADggEP
ADCCAQoCggEBANEt46771w3an/oGxRHMQE79KfOxdVQ8R20W71btOaG8R3gzMj1d
C5v2s5BEEZzyQimfIpBBiz1NyX+E8Hu4dUZHQgUzKHP2+lsRecgEdTQTe1NqwnDg
tLe98445Z8op5Wc/Rl9TGdNNDs25q3afY0gb+29OW2HvT70zGB5aZLH05u5IIjda
V0/9ndb5BcrJmIIa5KuA8G6dN4Umbey6z/tUxCpduKbfM4ehdOnjt+eiW3WAEXec
Hocws+rKuHaYwkUDaWtNzJE5Zt9WzMZ20jJeOjzEvCn6EQtRgu3yrPteuwA2EOh9
SV6DWbbVjsg57B/F11iVnxUXD8ihL8qMKqsCAwEAAaN2MHQwDwYDVR0TAQH/BAUw
AwEB/zAOBgNVHQ8BAf8EBAMCAQYwUQYDVR0RBEowSIcECgEAc4JAZnYtYXoyMDEt
NzY4LmV0dDR0dTNqdmRzZTVvdmMybWtnanFjczVhLmJ4LmludGVybmFsLmNsb3Vk
YXBwLm5ldDANBgkqhkiG9w0BAQsFAAOCAQEA0Qr2yeeLVqjWNjTSvDFw6ICobrgn
8xaKniNCKLVYgEkYCUUbgIAdhmmvmlu2p2JD27ab5qjCR6FbTogp0iYNNr/byaX3
5YG54EumN2E7XiMJeQmmBIEaxjl0+JA1YA86sbhSL1QYtaY/MSoI7biYAeD+Fu7D
Y3yA9Wn6wdPkkFq47XZt6gYEyoUgamwQUNjhXX0kFfIU55mqaLx0i6QtZm5XUPFC
s0Uspm4kUnd6fVwlNiGBliiwj5LWkj6O8T8xxwAS3+Mv1IJsJOrp8Ue/zuor1Nev
mQrtpjo9C+G6QnlP/zEnLe4EYiRWWYCS+1CvKlnQqeubHsm12F5LFc9zIA==
-----END CERTIFICATE-----

2023-07-13 02:05:50,976 [Time-limited test] INFO  client.SCMCertificateClient (SCMCertificateClient.java:getCSRBuilder(161)) - Creating csr for SCM->hostName:fv-az201-768,scmId:94fe150e-450f-455c-88c7-5ea801e1989a,clusterId:e8a07df8-d6b8-4dde-bf50-282b074bbc7c,subject:scm-sub-1289018769934@fv-az201-768
2023-07-13 02:05:50,976 [Time-limited test] INFO  ozone.OzoneSecurityUtil (OzoneSecurityUtil.java:getValidInetsForCurrentHost(119)) - ip:fe80:0:0:0:20d:3aff:fe98:b55f%eth0 not returned.
2023-07-13 02:05:50,976 [Time-limited test] INFO  ozone.OzoneSecurityUtil (OzoneSecurityUtil.java:getValidInetsForCurrentHost(116)) - Adding ip:10.1.0.115,host:fv-az201-768.ett4tu3jvdse5ovc2mkgjqcs5a.bx.internal.cloudapp.net
2023-07-13 02:05:50,976 [Time-limited test] INFO  ozone.OzoneSecurityUtil (OzoneSecurityUtil.java:getValidInetsForCurrentHost(119)) - ip:0:0:0:0:0:0:0:1%lo not returned.
2023-07-13 02:05:50,976 [Time-limited test] INFO  ozone.OzoneSecurityUtil (OzoneSecurityUtil.java:getValidInetsForCurrentHost(119)) - ip:127.0.0.1 not returned.
2023-07-13 02:05:50,976 [Time-limited test] INFO  ha.HASecurityUtils (HASecurityUtils.java:generateCSR(308)) - Creating csr for SCM->hostName:fv-az201-768,scmId:94fe150e-450f-455c-88c7-5ea801e1989a,clusterId:e8a07df8-d6b8-4dde-bf50-282b074bbc7c,subject:scm-sub-1289019541740@fv-az201-768
2023-07-13 02:05:50,985 [Time-limited test] INFO  utils.CertificateCodec (CertificateCodec.java:writeCertificate(299)) - Save certificate to /tmp/junit640684864884110653/junit7453674593622604797/scm-meta/scm/sub-ca/certs/CA-1.crt
2023-07-13 02:05:50,985 [Time-limited test] INFO  utils.CertificateCodec (CertificateCodec.java:writeCertificate(300)) - Certificate -----BEGIN CERTIFICATE-----
MIID5zCCAs+gAwIBAgIBATANBgkqhkiG9w0BAQsFADB7MRswGQYDVQQDDBJzY20t
MUBmdi1hejIwMS03NjgxLTArBgNVBAsMJDk0ZmUxNTBlLTQ1MGYtNDU1Yy04OGM3
LTVlYTgwMWUxOTg5YTEtMCsGA1UECgwkZThhMDdkZjgtZDZiOC00ZGRlLWJmNTAt
MjgyYjA3NGJiYzdjMB4XDTIzMDcxMzAyMDU1MFoXDTI4MDgyMDAyMDU1MFowezEb
MBkGA1UEAwwSc2NtLTFAZnYtYXoyMDEtNzY4MS0wKwYDVQQLDCQ5NGZlMTUwZS00
NTBmLTQ1NWMtODhjNy01ZWE4MDFlMTk4OWExLTArBgNVBAoMJGU4YTA3ZGY4LWQ2
YjgtNGRkZS1iZjUwLTI4MmIwNzRiYmM3YzCCASIwDQYJKoZIhvcNAQEBBQADggEP
ADCCAQoCggEBANEt46771w3an/oGxRHMQE79KfOxdVQ8R20W71btOaG8R3gzMj1d
C5v2s5BEEZzyQimfIpBBiz1NyX+E8Hu4dUZHQgUzKHP2+lsRecgEdTQTe1NqwnDg
tLe98445Z8op5Wc/Rl9TGdNNDs25q3afY0gb+29OW2HvT70zGB5aZLH05u5IIjda
V0/9ndb5BcrJmIIa5KuA8G6dN4Umbey6z/tUxCpduKbfM4ehdOnjt+eiW3WAEXec
Hocws+rKuHaYwkUDaWtNzJE5Zt9WzMZ20jJeOjzEvCn6EQtRgu3yrPteuwA2EOh9
SV6DWbbVjsg57B/F11iVnxUXD8ihL8qMKqsCAwEAAaN2MHQwDwYDVR0TAQH/BAUw
AwEB/zAOBgNVHQ8BAf8EBAMCAQYwUQYDVR0RBEowSIcECgEAc4JAZnYtYXoyMDEt
NzY4LmV0dDR0dTNqdmRzZTVvdmMybWtnanFjczVhLmJ4LmludGVybmFsLmNsb3Vk
YXBwLm5ldDANBgkqhkiG9w0BAQsFAAOCAQEA0Qr2yeeLVqjWNjTSvDFw6ICobrgn
8xaKniNCKLVYgEkYCUUbgIAdhmmvmlu2p2JD27ab5qjCR6FbTogp0iYNNr/byaX3
5YG54EumN2E7XiMJeQmmBIEaxjl0+JA1YA86sbhSL1QYtaY/MSoI7biYAeD+Fu7D
Y3yA9Wn6wdPkkFq47XZt6gYEyoUgamwQUNjhXX0kFfIU55mqaLx0i6QtZm5XUPFC
s0Uspm4kUnd6fVwlNiGBliiwj5LWkj6O8T8xxwAS3+Mv1IJsJOrp8Ue/zuor1Nev
mQrtpjo9C+G6QnlP/zEnLe4EYiRWWYCS+1CvKlnQqeubHsm12F5LFc9zIA==
-----END CERTIFICATE-----

2023-07-13 02:05:50,986 [Time-limited test] INFO  utils.CertificateCodec (CertificateCodec.java:writeCertificate(299)) - Save certificate to /tmp/junit640684864884110653/junit7453674593622604797/scm-meta/scm/sub-ca/certs/1289023823079.crt
2023-07-13 02:05:50,986 [Time-limited test] INFO  utils.CertificateCodec (CertificateCodec.java:writeCertificate(300)) - Certificate -----BEGIN CERTIFICATE-----
MIID/TCCAuWgAwIBAgIGASwfzpznMA0GCSqGSIb3DQEBCwUAMHsxGzAZBgNVBAMM
EnNjbS0xQGZ2LWF6MjAxLTc2ODEtMCsGA1UECwwkOTRmZTE1MGUtNDUwZi00NTVj
LTg4YzctNWVhODAxZTE5ODlhMS0wKwYDVQQKDCRlOGEwN2RmOC1kNmI4LTRkZGUt
YmY1MC0yODJiMDc0YmJjN2MwHhcNMjMwNzEzMDIwNTUwWhcNMjgwODIwMDIwNTUw
WjCBizErMCkGA1UEAwwic2NtLXN1Yi0xMjg5MDE5NTQxNzQwQGZ2LWF6MjAxLTc2
ODEtMCsGA1UECwwkOTRmZTE1MGUtNDUwZi00NTVjLTg4YzctNWVhODAxZTE5ODlh
MS0wKwYDVQQKDCRlOGEwN2RmOC1kNmI4LTRkZGUtYmY1MC0yODJiMDc0YmJjN2Mw
ggEiMA0GCSqGSIb3DQEBAQUAA4IBDwAwggEKAoIBAQCXy0Laml+8xh49cE28o+Ul
QVhHoZ+yI6nNcCp5Xk9pslEN/KCsGZjU+lWf8NOgbBUIHgdoDcLulMLJDd6hBLEw
f1jWkeGx6+S6PiWMU33wGiL21eDwGdP72fD/OCCje0gg1goR3r4yRubGjOEMnaJT
3pgTECqlw0qwQQvbX5iJA62MjywmoT1EVn1lhrV4RubxGxJuJAPbyvSZ5443+mxS
eVx1/RvnaUNh368NSJo1Xq9V+cDi1WcCVob+ghRyzbM7ByQLymjgL+hTUOoqmzUi
3zev2wPDN33EQ77iXke6tOBmewlcERfmpwEpJrfDxDq3iBMeIBqIIffR05RB8Wmd
AgMBAAGjdjB0MFEGA1UdEQRKMEiHBAoBAHOCQGZ2LWF6MjAxLTc2OC5ldHQ0dHUz
anZkc2U1b3ZjMm1rZ2pxY3M1YS5ieC5pbnRlcm5hbC5jbG91ZGFwcC5uZXQwDwYD
VR0TAQH/BAUwAwEB/zAOBgNVHQ8BAf8EBAMCAb4wDQYJKoZIhvcNAQELBQADggEB
AMsGvjb0fmvKGigp+iZAsyYtdBQpdGmYRnZy/3O2hloobEZ2LngJi4+6NCEm7vxg
6yaJt1IEm2p4eg9ym4hXoMYKlt8EumNv+BKdQAn2tauRwuhTYeovOQhZJSeFk6CQ
F0jaPIq8OTaCm7Ng8FiomMgxAMoQrRW+EUbInsunELfd6rBVC95VtAaEbvWJhGtO
7W22Nm/Eq+yFlQ5IXISYgOt1sXegRnPJO5gdLI0wB6UtX55+ZIAUG+cRB6FscCjW
0YLQkhKsr4nKj2W3utClErHv7cZIdIypeDbuMLozv2HoUeCuKCCpp3osGQ/SrdFR
NLrFob8Xs7wJB0QH0FGY4o8=
-----END CERTIFICATE-----

-----BEGIN CERTIFICATE-----
MIID5zCCAs+gAwIBAgIBATANBgkqhkiG9w0BAQsFADB7MRswGQYDVQQDDBJzY20t
MUBmdi1hejIwMS03NjgxLTArBgNVBAsMJDk0ZmUxNTBlLTQ1MGYtNDU1Yy04OGM3
LTVlYTgwMWUxOTg5YTEtMCsGA1UECgwkZThhMDdkZjgtZDZiOC00ZGRlLWJmNTAt
MjgyYjA3NGJiYzdjMB4XDTIzMDcxMzAyMDU1MFoXDTI4MDgyMDAyMDU1MFowezEb
MBkGA1UEAwwSc2NtLTFAZnYtYXoyMDEtNzY4MS0wKwYDVQQLDCQ5NGZlMTUwZS00
NTBmLTQ1NWMtODhjNy01ZWE4MDFlMTk4OWExLTArBgNVBAoMJGU4YTA3ZGY4LWQ2
YjgtNGRkZS1iZjUwLTI4MmIwNzRiYmM3YzCCASIwDQYJKoZIhvcNAQEBBQADggEP
ADCCAQoCggEBANEt46771w3an/oGxRHMQE79KfOxdVQ8R20W71btOaG8R3gzMj1d
C5v2s5BEEZzyQimfIpBBiz1NyX+E8Hu4dUZHQgUzKHP2+lsRecgEdTQTe1NqwnDg
tLe98445Z8op5Wc/Rl9TGdNNDs25q3afY0gb+29OW2HvT70zGB5aZLH05u5IIjda
V0/9ndb5BcrJmIIa5KuA8G6dN4Umbey6z/tUxCpduKbfM4ehdOnjt+eiW3WAEXec
Hocws+rKuHaYwkUDaWtNzJE5Zt9WzMZ20jJeOjzEvCn6EQtRgu3yrPteuwA2EOh9
SV6DWbbVjsg57B/F11iVnxUXD8ihL8qMKqsCAwEAAaN2MHQwDwYDVR0TAQH/BAUw
AwEB/zAOBgNVHQ8BAf8EBAMCAQYwUQYDVR0RBEowSIcECgEAc4JAZnYtYXoyMDEt
NzY4LmV0dDR0dTNqdmRzZTVvdmMybWtnanFjczVhLmJ4LmludGVybmFsLmNsb3Vk
YXBwLm5ldDANBgkqhkiG9w0BAQsFAAOCAQEA0Qr2yeeLVqjWNjTSvDFw6ICobrgn
8xaKniNCKLVYgEkYCUUbgIAdhmmvmlu2p2JD27ab5qjCR6FbTogp0iYNNr/byaX3
5YG54EumN2E7XiMJeQmmBIEaxjl0+JA1YA86sbhSL1QYtaY/MSoI7biYAeD+Fu7D
Y3yA9Wn6wdPkkFq47XZt6gYEyoUgamwQUNjhXX0kFfIU55mqaLx0i6QtZm5XUPFC
s0Uspm4kUnd6fVwlNiGBliiwj5LWkj6O8T8xxwAS3+Mv1IJsJOrp8Ue/zuor1Nev
mQrtpjo9C+G6QnlP/zEnLe4EYiRWWYCS+1CvKlnQqeubHsm12F5LFc9zIA==
-----END CERTIFICATE-----

2023-07-13 02:05:50,986 [Time-limited test] INFO  utils.CertificateCodec (CertificateCodec.java:writeCertificate(299)) - Save certificate to /tmp/junit640684864884110653/junit7453674593622604797/scm-meta/scm/sub-ca/certs/certificate.crt
2023-07-13 02:05:50,987 [Time-limited test] INFO  utils.CertificateCodec (CertificateCodec.java:writeCertificate(300)) - Certificate -----BEGIN CERTIFICATE-----
MIID/TCCAuWgAwIBAgIGASwfzpznMA0GCSqGSIb3DQEBCwUAMHsxGzAZBgNVBAMM
EnNjbS0xQGZ2LWF6MjAxLTc2ODEtMCsGA1UECwwkOTRmZTE1MGUtNDUwZi00NTVj
LTg4YzctNWVhODAxZTE5ODlhMS0wKwYDVQQKDCRlOGEwN2RmOC1kNmI4LTRkZGUt
YmY1MC0yODJiMDc0YmJjN2MwHhcNMjMwNzEzMDIwNTUwWhcNMjgwODIwMDIwNTUw
WjCBizErMCkGA1UEAwwic2NtLXN1Yi0xMjg5MDE5NTQxNzQwQGZ2LWF6MjAxLTc2
ODEtMCsGA1UECwwkOTRmZTE1MGUtNDUwZi00NTVjLTg4YzctNWVhODAxZTE5ODlh
MS0wKwYDVQQKDCRlOGEwN2RmOC1kNmI4LTRkZGUtYmY1MC0yODJiMDc0YmJjN2Mw
ggEiMA0GCSqGSIb3DQEBAQUAA4IBDwAwggEKAoIBAQCXy0Laml+8xh49cE28o+Ul
QVhHoZ+yI6nNcCp5Xk9pslEN/KCsGZjU+lWf8NOgbBUIHgdoDcLulMLJDd6hBLEw
f1jWkeGx6+S6PiWMU33wGiL21eDwGdP72fD/OCCje0gg1goR3r4yRubGjOEMnaJT
3pgTECqlw0qwQQvbX5iJA62MjywmoT1EVn1lhrV4RubxGxJuJAPbyvSZ5443+mxS
eVx1/RvnaUNh368NSJo1Xq9V+cDi1WcCVob+ghRyzbM7ByQLymjgL+hTUOoqmzUi
3zev2wPDN33EQ77iXke6tOBmewlcERfmpwEpJrfDxDq3iBMeIBqIIffR05RB8Wmd
AgMBAAGjdjB0MFEGA1UdEQRKMEiHBAoBAHOCQGZ2LWF6MjAxLTc2OC5ldHQ0dHUz
anZkc2U1b3ZjMm1rZ2pxY3M1YS5ieC5pbnRlcm5hbC5jbG91ZGFwcC5uZXQwDwYD
VR0TAQH/BAUwAwEB/zAOBgNVHQ8BAf8EBAMCAb4wDQYJKoZIhvcNAQELBQADggEB
AMsGvjb0fmvKGigp+iZAsyYtdBQpdGmYRnZy/3O2hloobEZ2LngJi4+6NCEm7vxg
6yaJt1IEm2p4eg9ym4hXoMYKlt8EumNv+BKdQAn2tauRwuhTYeovOQhZJSeFk6CQ
F0jaPIq8OTaCm7Ng8FiomMgxAMoQrRW+EUbInsunELfd6rBVC95VtAaEbvWJhGtO
7W22Nm/Eq+yFlQ5IXISYgOt1sXegRnPJO5gdLI0wB6UtX55+ZIAUG+cRB6FscCjW
0YLQkhKsr4nKj2W3utClErHv7cZIdIypeDbuMLozv2HoUeCuKCCpp3osGQ/SrdFR
NLrFob8Xs7wJB0QH0FGY4o8=
-----END CERTIFICATE-----

-----BEGIN CERTIFICATE-----
MIID5zCCAs+gAwIBAgIBATANBgkqhkiG9w0BAQsFADB7MRswGQYDVQQDDBJzY20t
MUBmdi1hejIwMS03NjgxLTArBgNVBAsMJDk0ZmUxNTBlLTQ1MGYtNDU1Yy04OGM3
LTVlYTgwMWUxOTg5YTEtMCsGA1UECgwkZThhMDdkZjgtZDZiOC00ZGRlLWJmNTAt
MjgyYjA3NGJiYzdjMB4XDTIzMDcxMzAyMDU1MFoXDTI4MDgyMDAyMDU1MFowezEb
MBkGA1UEAwwSc2NtLTFAZnYtYXoyMDEtNzY4MS0wKwYDVQQLDCQ5NGZlMTUwZS00
NTBmLTQ1NWMtODhjNy01ZWE4MDFlMTk4OWExLTArBgNVBAoMJGU4YTA3ZGY4LWQ2
YjgtNGRkZS1iZjUwLTI4MmIwNzRiYmM3YzCCASIwDQYJKoZIhvcNAQEBBQADggEP
ADCCAQoCggEBANEt46771w3an/oGxRHMQE79KfOxdVQ8R20W71btOaG8R3gzMj1d
C5v2s5BEEZzyQimfIpBBiz1NyX+E8Hu4dUZHQgUzKHP2+lsRecgEdTQTe1NqwnDg
tLe98445Z8op5Wc/Rl9TGdNNDs25q3afY0gb+29OW2HvT70zGB5aZLH05u5IIjda
V0/9ndb5BcrJmIIa5KuA8G6dN4Umbey6z/tUxCpduKbfM4ehdOnjt+eiW3WAEXec
Hocws+rKuHaYwkUDaWtNzJE5Zt9WzMZ20jJeOjzEvCn6EQtRgu3yrPteuwA2EOh9
SV6DWbbVjsg57B/F11iVnxUXD8ihL8qMKqsCAwEAAaN2MHQwDwYDVR0TAQH/BAUw
AwEB/zAOBgNVHQ8BAf8EBAMCAQYwUQYDVR0RBEowSIcECgEAc4JAZnYtYXoyMDEt
NzY4LmV0dDR0dTNqdmRzZTVvdmMybWtnanFjczVhLmJ4LmludGVybmFsLmNsb3Vk
YXBwLm5ldDANBgkqhkiG9w0BAQsFAAOCAQEA0Qr2yeeLVqjWNjTSvDFw6ICobrgn
8xaKniNCKLVYgEkYCUUbgIAdhmmvmlu2p2JD27ab5qjCR6FbTogp0iYNNr/byaX3
5YG54EumN2E7XiMJeQmmBIEaxjl0+JA1YA86sbhSL1QYtaY/MSoI7biYAeD+Fu7D
Y3yA9Wn6wdPkkFq47XZt6gYEyoUgamwQUNjhXX0kFfIU55mqaLx0i6QtZm5XUPFC
s0Uspm4kUnd6fVwlNiGBliiwj5LWkj6O8T8xxwAS3+Mv1IJsJOrp8Ue/zuor1Nev
mQrtpjo9C+G6QnlP/zEnLe4EYiRWWYCS+1CvKlnQqeubHsm12F5LFc9zIA==
-----END CERTIFICATE-----

2023-07-13 02:05:50,987 [Time-limited test] INFO  ha.HASecurityUtils (HASecurityUtils.java:initializeSecurity(121)) - Successfully stored SCM signed certificate.
2023-07-13 02:05:50,993 [Time-limited test] WARN  server.ServerUtils (ServerUtils.java:getScmDbDir(155)) - ozone.scm.db.dirs is not configured. We recommend adding this setting. Falling back to ozone.metadata.dirs instead.
2023-07-13 02:05:50,996 [Time-limited test] INFO  ha.SCMHANodeDetails (SCMHANodeDetails.java:loadSCMHAConfig(210)) - ServiceID for StorageContainerManager is null
2023-07-13 02:05:50,997 [Time-limited test] INFO  ha.SCMHANodeDetails (SCMHANodeDetails.java:loadSCMHAConfig(215)) - ozone.scm.default.service.id is not defined, falling back to ozone.scm.service.ids to find serviceID for StorageContainerManager if it is HA enabled cluster
2023-07-13 02:05:51,005 [pool-340-thread-1] INFO  request.KdcRequest (KdcRequest.java:preauth(651)) - The preauth data is empty.
2023-07-13 02:05:51,006 [pool-340-thread-1] INFO  server.KdcHandler (KdcHandler.java:handleRecoverableException(177)) - KRB error occurred while processing request:Additional pre-authentication required
2023-07-13 02:05:51,011 [pool-340-thread-2] INFO  request.AsRequest (AsRequest.java:issueTicket(112)) - AS_REQ ISSUE: authtime 1689213951011,scm/fv-az201-768.ett4tu3jvdse5ovc2mkgjqcs5a.bx.internal.cloudapp.net@EXAMPLE.COM for krbtgt/EXAMPLE.COM@EXAMPLE.COM
2023-07-13 02:05:51,015 [Time-limited test] INFO  security.UserGroupInformation (UserGroupInformation.java:loginUserFromKeytab(1132)) - Login successful for user scm/fv-az201-768.ett4tu3jvdse5ovc2mkgjqcs5a.bx.internal.cloudapp.net@EXAMPLE.COM using keytab file scm.keytab. Keytab auto renewal enabled : false
2023-07-13 02:05:51,015 [Time-limited test] INFO  server.StorageContainerManager (StorageContainerManager.java:loginAsSCMUserIfSecurityEnabled(1048)) - SCM login successful.
2023-07-13 02:05:51,016 [Time-limited test] INFO  client.SCMCertificateClient (DefaultCertificateClient.java:updateCertSerialId(1248)) - Certificate serial ID set to 1289023823079
2023-07-13 02:05:51,022 [Time-limited test] INFO  client.SCMCertificateClient (DefaultCertificateClient.java:readCertificateFile(224)) - Added certificate   [0]         Version: 3
         SerialNumber: 1289023823079
             IssuerDN: CN=scm-1@fv-az201-768,OU=94fe150e-450f-455c-88c7-5ea801e1989a,O=e8a07df8-d6b8-4dde-bf50-282b074bbc7c
           Start Date: Thu Jul 13 02:05:50 UTC 2023
           Final Date: Sun Aug 20 02:05:50 UTC 2028
            SubjectDN: CN=scm-sub-1289019541740@fv-az201-768,OU=94fe150e-450f-455c-88c7-5ea801e1989a,O=e8a07df8-d6b8-4dde-bf50-282b074bbc7c
           Public Key: RSA Public Key [7a:a7:e1:73:56:41:db:d9:41:f9:f0:39:f0:5e:d1:29:47:20:05:62],[56:66:d1:a4]
        modulus: 97cb42da9a5fbcc61e3d704dbca3e525415847a19fb223a9cd702a795e4f69b2510dfca0ac1998d4fa559ff0d3a06c15081e07680dc2ee94c2c90ddea104b1307f58d691e1b1ebe4ba3e258c537df01a22f6d5e0f019d3fbd9f0ff3820a37b4820d60a11debe3246e6c68ce10c9da253de9813102aa5c34ab0410bdb5f988903ad8c8f2c26a13d44567d6586b57846e6f11b126e2403dbcaf499e78e37fa6c52795c75fd1be7694361dfaf0d489a355eaf55f9c0e2d567025686fe821472cdb33b07240bca68e02fe85350ea2a9b3522df37afdb03c3377dc443bee25e47bab4e0667b095c1117e6a7012926b7c3c43ab788131e201a8821f7d1d39441f1699d
public exponent: 10001

  Signature Algorithm: SHA256WITHRSA
            Signature: cb06be36f47e6bca1a2829fa2640b3262d741429
                       746998467672ff73b6865a286c46762e78098b8f
                       ba342126eefc60eb2689b752049b6a787a0f729b
                       8857a0c60a96df04ba636ff8129d4009f6b5ab91
                       c2e85361ea2f39085925278593a0901748da3c8a
                       bc3936829bb360f058a898c83100ca10ad15be11
                       46c89ecba710b7ddeab0550bde55b406846ef589
                       846b4eed6db6366fc4abec85950e485c849880eb
                       75b177a04673c93b981d2c8d3007a52d5f9e7e64
                       80141be71107a16c7028d6d182d09212acaf89ca
                       8f65b7bad0a512b1efedc648748ca97836ee30ba
                       33bf61e851e0ae2820a9a77a2c190fd2add15134
                       bac5a1bf17b3bc09074407d05198e28f
       Extensions: 
                       critical(false) 2.5.29.17 value = Sequence
    Tagged [7] IMPLICIT 
        DER Octet String[4] 
    Tagged [2] IMPLICIT 
        DER Octet String[64] 

                       critical(true) BasicConstraints: isCa(true)
                       critical(true) KeyUsage: 0xbe
 from file: /tmp/junit640684864884110653/junit7453674593622604797/scm-meta/scm/sub-ca/certs/1289023823079.crt.
2023-07-13 02:05:51,023 [Time-limited test] INFO  client.SCMCertificateClient (DefaultCertificateClient.java:readCertificateFile(224)) - Added certificate   [0]         Version: 3
         SerialNumber: 1
             IssuerDN: CN=scm-1@fv-az201-768,OU=94fe150e-450f-455c-88c7-5ea801e1989a,O=e8a07df8-d6b8-4dde-bf50-282b074bbc7c
           Start Date: Thu Jul 13 02:05:50 UTC 2023
           Final Date: Sun Aug 20 02:05:50 UTC 2028
            SubjectDN: CN=scm-1@fv-az201-768,OU=94fe150e-450f-455c-88c7-5ea801e1989a,O=e8a07df8-d6b8-4dde-bf50-282b074bbc7c
           Public Key: RSA Public Key [f5:96:71:25:b0:c5:05:36:40:50:76:0c:08:5b:34:00:fe:1d:2e:e0],[56:66:d1:a4]
        modulus: d12de3aefbd70dda9ffa06c511cc404efd29f3b175543c476d16ef56ed39a1bc477833323d5d0b9bf6b39044119cf242299f2290418b3d4dc97f84f07bb87546474205332873f6fa5b1179c8047534137b536ac270e0b4b7bdf38e3967ca29e5673f465f5319d34d0ecdb9ab769f63481bfb6f4e5b61ef4fbd33181e5a64b1f4e6ee4822375a574ffd9dd6f905cac998821ae4ab80f06e9d3785266decbacffb54c42a5db8a6df3387a174e9e3b7e7a25b758011779c1e8730b3eacab87698c24503696b4dcc913966df56ccc676d2325e3a3cc4bc29fa110b5182edf2acfb5ebb003610e87d495e8359b6d58ec839ec1fc5d758959f15170fc8a12fca8c2aab
public exponent: 10001

  Signature Algorithm: SHA256WITHRSA
            Signature: d10af6c9e78b56a8d63634d2bc3170e880a86eb8
                       27f3168a9e234228b55880491809451b80801d86
                       69af9a5bb6a76243dbb69be6a8c247a15b4e8829
                       d2260d36bfdbc9a5f7e581b9e04ba637613b5e23
                       097909a604811ac63974f89035600f3ab1b8522f
                       5418b5a63f312a08edb89801e0fe16eec3637c80
                       f569fac1d3e4905ab8ed766dea0604ca85206a6c
                       1050d8e15d7d2415f214e799aa68bc748ba42d66
                       6e5750f142b3452ca66e2452777a7d5c25362181
                       9628b08f92d6923e8ef13f31c70012dfe32fd482
                       6c24eae9f147bfceea2bd4d7af990aeda63a3d0b
                       e1ba42794fff31272dee04622456598092fb50af
                       2a59d0a9eb9b1ec9b5d85e4b15cf7320
       Extensions: 
                       critical(true) BasicConstraints: isCa(true)
                       critical(true) KeyUsage: 0x6
                       critical(false) 2.5.29.17 value = Sequence
    Tagged [7] IMPLICIT 
        DER Octet String[4] 
    Tagged [2] IMPLICIT 
        DER Octet String[64] 

 from file: /tmp/junit640684864884110653/junit7453674593622604797/scm-meta/scm/sub-ca/certs/CA-1.crt.
2023-07-13 02:05:51,025 [Time-limited test] INFO  client.SCMCertificateClient (DefaultCertificateClient.java:readCertificateFile(224)) - Added certificate   [0]         Version: 3
         SerialNumber: 1289023823079
             IssuerDN: CN=scm-1@fv-az201-768,OU=94fe150e-450f-455c-88c7-5ea801e1989a,O=e8a07df8-d6b8-4dde-bf50-282b074bbc7c
           Start Date: Thu Jul 13 02:05:50 UTC 2023
           Final Date: Sun Aug 20 02:05:50 UTC 2028
            SubjectDN: CN=scm-sub-1289019541740@fv-az201-768,OU=94fe150e-450f-455c-88c7-5ea801e1989a,O=e8a07df8-d6b8-4dde-bf50-282b074bbc7c
           Public Key: RSA Public Key [7a:a7:e1:73:56:41:db:d9:41:f9:f0:39:f0:5e:d1:29:47:20:05:62],[56:66:d1:a4]
        modulus: 97cb42da9a5fbcc61e3d704dbca3e525415847a19fb223a9cd702a795e4f69b2510dfca0ac1998d4fa559ff0d3a06c15081e07680dc2ee94c2c90ddea104b1307f58d691e1b1ebe4ba3e258c537df01a22f6d5e0f019d3fbd9f0ff3820a37b4820d60a11debe3246e6c68ce10c9da253de9813102aa5c34ab0410bdb5f988903ad8c8f2c26a13d44567d6586b57846e6f11b126e2403dbcaf499e78e37fa6c52795c75fd1be7694361dfaf0d489a355eaf55f9c0e2d567025686fe821472cdb33b07240bca68e02fe85350ea2a9b3522df37afdb03c3377dc443bee25e47bab4e0667b095c1117e6a7012926b7c3c43ab788131e201a8821f7d1d39441f1699d
public exponent: 10001

  Signature Algorithm: SHA256WITHRSA
            Signature: cb06be36f47e6bca1a2829fa2640b3262d741429
                       746998467672ff73b6865a286c46762e78098b8f
                       ba342126eefc60eb2689b752049b6a787a0f729b
                       8857a0c60a96df04ba636ff8129d4009f6b5ab91
                       c2e85361ea2f39085925278593a0901748da3c8a
                       bc3936829bb360f058a898c83100ca10ad15be11
                       46c89ecba710b7ddeab0550bde55b406846ef589
                       846b4eed6db6366fc4abec85950e485c849880eb
                       75b177a04673c93b981d2c8d3007a52d5f9e7e64
                       80141be71107a16c7028d6d182d09212acaf89ca
                       8f65b7bad0a512b1efedc648748ca97836ee30ba
                       33bf61e851e0ae2820a9a77a2c190fd2add15134
                       bac5a1bf17b3bc09074407d05198e28f
       Extensions: 
                       critical(false) 2.5.29.17 value = Sequence
    Tagged [7] IMPLICIT 
        DER Octet String[4] 
    Tagged [2] IMPLICIT 
        DER Octet String[64] 

                       critical(true) BasicConstraints: isCa(true)
                       critical(true) KeyUsage: 0xbe
 from file: /tmp/junit640684864884110653/junit7453674593622604797/scm-meta/scm/sub-ca/certs/certificate.crt.
2023-07-13 02:05:51,025 [Time-limited test] INFO  client.SCMCertificateClient (DefaultCertificateClient.java:loadAllCertificates(186)) - CertificateRenewerService and root ca rotation polling is disabled for scm/sub-ca
2023-07-13 02:05:51,025 [Time-limited test] WARN  utils.HAUtils (HAUtils.java:getMetaDir(339)) - ozone.scm.db.dirs is not configured. We recommend adding this setting. Falling back to ozone.metadata.dirs instead.
2023-07-13 02:05:51,025 [Time-limited test] WARN  db.DBStoreBuilder (DBStoreBuilder.java:applyDBDefinition(166)) - ozone.scm.db.dirs is not configured. We recommend adding this setting. Falling back to ozone.metadata.dirs instead.
2023-07-13 02:05:51,185 [Time-limited test] INFO  net.NodeSchemaLoader (NodeSchemaLoader.java:loadSchemaFromFile(129)) - Loading schema from [jar:file:/home/runner/.m2/repository/org/apache/ozone/hdds-common/1.4.0-SNAPSHOT/hdds-common-1.4.0-SNAPSHOT.jar!/network-topology-default.xml]
2023-07-13 02:05:51,185 [Time-limited test] INFO  net.NodeSchemaLoader (NodeSchemaLoader.java:loadSchema(176)) - Loading network topology layer schema file
2023-07-13 02:05:51,195 [Time-limited test] INFO  upgrade.AbstractLayoutVersionManager (AbstractLayoutVersionManager.java:init(83)) - Initializing Layout version manager with metadata layout = HADOOP_PRC_PORTS_IN_DATANODEDETAILS (version = 7), software layout = HADOOP_PRC_PORTS_IN_DATANODEDETAILS (version = 7)
2023-07-13 02:05:51,197 [Time-limited test] INFO  ha.SequenceIdGenerator (SequenceIdGenerator.java:upgradeToSequenceId(361)) - upgrade localId to 111677748019200000
2023-07-13 02:05:51,199 [Time-limited test] INFO  ha.SequenceIdGenerator (SequenceIdGenerator.java:upgradeToSequenceId(371)) - upgrade delTxnId to 0
2023-07-13 02:05:51,200 [Time-limited test] INFO  ha.SequenceIdGenerator (SequenceIdGenerator.java:upgradeToSequenceId(388)) - upgrade containerId to 0
2023-07-13 02:05:51,201 [Time-limited test] INFO  ha.SequenceIdGenerator (SequenceIdGenerator.java:upgradeToSequenceId(424)) - upgrade rootCertificateId to 1
2023-07-13 02:05:51,201 [Time-limited test] INFO  ha.SequenceIdGenerator (SequenceIdGenerator.java:<init>(232)) - Init the HA SequenceIdGenerator.
2023-07-13 02:05:51,202 [Time-limited test] INFO  node.SCMNodeManager (SCMNodeManager.java:<init>(157)) - Entering startup safe mode.
2023-07-13 02:05:51,203 [Time-limited test] INFO  algorithms.ContainerPlacementPolicyFactory (ContainerPlacementPolicyFactory.java:getPolicyInternal(86)) - Create container placement policy of type org.apache.hadoop.hdds.scm.container.placement.algorithms.SCMContainerPlacementRackAware
2023-07-13 02:05:51,203 [Time-limited test] INFO  algorithms.ContainerPlacementPolicyFactory (ContainerPlacementPolicyFactory.java:getPolicyInternal(86)) - Create container placement policy of type org.apache.hadoop.hdds.scm.container.placement.algorithms.SCMContainerPlacementRackScatter
2023-07-13 02:05:51,203 [Time-limited test] INFO  pipeline.PipelineStateManagerImpl (PipelineStateManagerImpl.java:initialize(78)) - No pipeline exists in current db
2023-07-13 02:05:51,203 [Time-limited test] INFO  algorithms.LeaderChoosePolicyFactory (LeaderChoosePolicyFactory.java:getPolicy(57)) - Create leader choose policy of type org.apache.hadoop.hdds.scm.pipeline.leader.choose.algorithms.MinLeaderCountChoosePolicy
2023-07-13 02:05:51,203 [Time-limited test] INFO  algorithms.ContainerPlacementPolicyFactory (ContainerPlacementPolicyFactory.java:getPolicyInternal(86)) - Create container placement policy of type org.apache.hadoop.hdds.scm.container.placement.algorithms.SCMContainerPlacementRackScatter
2023-07-13 02:05:51,204 [Time-limited test] INFO  ha.SCMServiceManager (SCMServiceManager.java:register(42)) - Registering service BackgroundPipelineCreator.
2023-07-13 02:05:51,204 [Time-limited test] INFO  pipeline.BackgroundPipelineCreator (BackgroundPipelineCreator.java:start(124)) - Starting RatisPipelineUtilsThread.
2023-07-13 02:05:51,204 [Time-limited test] INFO  BackgroundPipelineScrubber (BackgroundSCMService.java:start(68)) - Starting BackgroundPipelineScrubber Service.
2023-07-13 02:05:51,205 [Time-limited test] INFO  ha.SCMServiceManager (SCMServiceManager.java:register(42)) - Registering service BackgroundPipelineScrubber.
2023-07-13 02:05:51,205 [Time-limited test] INFO  ExpiredContainerReplicaOpScrubber (BackgroundSCMService.java:start(68)) - Starting ExpiredContainerReplicaOpScrubber Service.
2023-07-13 02:05:51,205 [Time-limited test] INFO  ha.SCMServiceManager (SCMServiceManager.java:register(42)) - Registering service ExpiredContainerReplicaOpScrubber.
2023-07-13 02:05:51,206 [Time-limited test] INFO  algorithms.PipelineChoosePolicyFactory (PipelineChoosePolicyFactory.java:createPipelineChoosePolicyFromClass(78)) - Create pipeline choose policy of type org.apache.hadoop.hdds.scm.pipeline.choose.algorithms.RandomPipelineChoosePolicy
2023-07-13 02:05:51,207 [Time-limited test] INFO  algorithms.PipelineChoosePolicyFactory (PipelineChoosePolicyFactory.java:createPipelineChoosePolicyFromClass(78)) - Create pipeline choose policy of type org.apache.hadoop.hdds.scm.pipeline.choose.algorithms.RandomPipelineChoosePolicy
2023-07-13 02:05:51,207 [Time-limited test] INFO  ha.SCMServiceManager (SCMServiceManager.java:register(42)) - Registering service SCMBlockDeletingService.
2023-07-13 02:05:51,213 [Time-limited test] INFO  replication.ReplicationManager (ReplicationManager.java:start(286)) - Starting Replication Monitor Thread.
2023-07-13 02:05:51,214 [Time-limited test] INFO  ha.SCMServiceManager (SCMServiceManager.java:register(42)) - Registering service ReplicationManager.
2023-07-13 02:05:51,215 [Time-limited test] INFO  safemode.ContainerSafeModeRule (ContainerSafeModeRule.java:<init>(89)) - containers with one replica threshold count 0
2023-07-13 02:05:51,216 [Time-limited test] INFO  safemode.HealthyPipelineSafeModeRule (HealthyPipelineSafeModeRule.java:initializeRule(169)) - Total pipeline count is 0, healthy pipeline threshold count is 0
2023-07-13 02:05:51,216 [Time-limited test] INFO  safemode.OneReplicaPipelineSafeModeRule (OneReplicaPipelineSafeModeRule.java:initializeRule(180)) - Total pipeline count is 0, pipeline's with at least one datanode reported threshold count is 0
2023-07-13 02:05:51,220 [ReplicationMonitor] INFO  replication.ReplicationManager (ReplicationManager.java:processAll(361)) - Replication Manager is not ready to run until 300000ms after safemode exit
2023-07-13 02:05:51,221 [Time-limited test] INFO  authority.DefaultCAServer (DefaultCAServer.java:lambda$processVerificationStatus$0(472)) - CertificateServer validation is successful
2023-07-13 02:05:51,225 [Time-limited test] INFO  authority.DefaultCAServer (DefaultCAServer.java:lambda$processVerificationStatus$0(472)) - CertificateServer validation is successful
2023-07-13 02:05:51,225 [Time-limited test] INFO  server.StorageContainerManager (StorageContainerManager.java:persistPrimarySCMCerts(929)) - Storing sub-ca certificate serialId 1289023823079 on primary SCM
2023-07-13 02:05:51,227 [Time-limited test] INFO  server.SCMCertStore (SCMCertStore.java:storeValidScmCertificate(121)) - Scm certificate 1289023823079 for CN=scm-sub-1289019541740@fv-az201-768,OU=94fe150e-450f-455c-88c7-5ea801e1989a,O=e8a07df8-d6b8-4dde-bf50-282b074bbc7c is stored
2023-07-13 02:05:51,227 [Time-limited test] INFO  server.StorageContainerManager (StorageContainerManager.java:persistPrimarySCMCerts(937)) - Storing root certificate serialId 1
2023-07-13 02:05:51,228 [Time-limited test] INFO  server.SCMCertStore (SCMCertStore.java:storeValidScmCertificate(121)) - Scm certificate 1 for CN=scm-1@fv-az201-768,OU=94fe150e-450f-455c-88c7-5ea801e1989a,O=e8a07df8-d6b8-4dde-bf50-282b074bbc7c is stored
2023-07-13 02:05:51,228 [Time-limited test] INFO  ipc.CallQueueManager (CallQueueManager.java:<init>(90)) - Using callQueue: class java.util.concurrent.LinkedBlockingQueue, queueCapacity: 200, scheduler: class org.apache.hadoop.ipc.DefaultRpcScheduler, ipcBackoff: false.
2023-07-13 02:05:51,229 [Time-limited test] INFO  ipc.Server (Server.java:<init>(1287)) - Listener at 0.0.0.0:9961
2023-07-13 02:05:51,232 [Socket Reader #1 for port 9961] INFO  ipc.Server (Server.java:run(1323)) - Starting Socket Reader #1 for port 9961
2023-07-13 02:05:51,235 [Time-limited test] INFO  ha.SCMServiceManager (SCMServiceManager.java:register(42)) - Registering service RootCARotationManager.
2023-07-13 02:05:51,235 [Time-limited test] INFO  server.StorageContainerManager (StorageContainerManager.java:<init>(424)) - SCM start with adminUsers: [om/fv-az201-768.ett4tu3jvdse5ovc2mkgjqcs5a.bx.internal.cloudapp.net@EXAMPLE.COM, scm]
2023-07-13 02:05:51,235 [Time-limited test] INFO  ipc.CallQueueManager (CallQueueManager.java:<init>(90)) - Using callQueue: class java.util.concurrent.LinkedBlockingQueue, queueCapacity: 10000, scheduler: class org.apache.hadoop.ipc.DefaultRpcScheduler, ipcBackoff: false.
2023-07-13 02:05:51,236 [Time-limited test] INFO  ipc.Server (Server.java:<init>(1287)) - Listener at 0.0.0.0:9861
2023-07-13 02:05:51,237 [Socket Reader #1 for port 9861] INFO  ipc.Server (Server.java:run(1323)) - Starting Socket Reader #1 for port 9861
2023-07-13 02:05:51,239 [Time-limited test] INFO  ipc.CallQueueManager (CallQueueManager.java:<init>(90)) - Using callQueue: class java.util.concurrent.LinkedBlockingQueue, queueCapacity: 10000, scheduler: class org.apache.hadoop.ipc.DefaultRpcScheduler, ipcBackoff: false.
2023-07-13 02:05:51,239 [Time-limited test] INFO  ipc.Server (Server.java:<init>(1287)) - Listener at 0.0.0.0:9863
2023-07-13 02:05:51,242 [Socket Reader #1 for port 9863] INFO  ipc.Server (Server.java:run(1323)) - Starting Socket Reader #1 for port 9863
2023-07-13 02:05:51,251 [Time-limited test] INFO  ipc.CallQueueManager (CallQueueManager.java:<init>(90)) - Using callQueue: class java.util.concurrent.LinkedBlockingQueue, queueCapacity: 10000, scheduler: class org.apache.hadoop.ipc.DefaultRpcScheduler, ipcBackoff: false.
2023-07-13 02:05:51,251 [Time-limited test] INFO  ipc.Server (Server.java:<init>(1287)) - Listener at 0.0.0.0:9860
2023-07-13 02:05:51,252 [Socket Reader #1 for port 9860] INFO  ipc.Server (Server.java:run(1323)) - Starting Socket Reader #1 for port 9860
2023-07-13 02:05:51,268 [Time-limited test] INFO  ha.SCMServiceManager (SCMServiceManager.java:register(42)) - Registering service ContainerBalancer.
2023-07-13 02:05:51,268 [Time-limited test] INFO  server.StorageContainerManager (StorageContainerManager.java:<init>(437)) - 
Container Balancer status:
Key                            Value
Running                        false
Container Balancer Configuration values:
Key                                                Value
Threshold                                          10
Max Datanodes to Involve per Iteration(percent)    20
Max Size to Move per Iteration                     500GB
Max Size Entering Target per Iteration             26GB
Max Size Leaving Source per Iteration              26GB

2023-07-13 02:05:51,268 [Time-limited test] INFO  ha.SCMContext (SCMContext.java:updateSafeModeStatus(228)) - Update SafeModeStatus from SafeModeStatus{safeModeStatus=true, preCheckPassed=false} to SafeModeStatus{safeModeStatus=true, preCheckPassed=false}.
2023-07-13 02:05:51,269 [Time-limited test] WARN  server.ServerUtils (ServerUtils.java:getDBPath(311)) - ozone.om.db.dirs is not configured. We recommend adding this setting. Falling back to ozone.metadata.dirs instead.
2023-07-13 02:05:51,275 [Time-limited test] INFO  ha.OMHANodeDetails (OMHANodeDetails.java:loadOMHAConfig(115)) - ozone.om.internal.service.id is not defined, falling back to ozone.om.service.ids to find serviceID for OzoneManager if it is HA enabled cluster
2023-07-13 02:05:51,275 [Time-limited test] INFO  ha.OMHANodeDetails (OMHANodeDetails.java:loadOMHAConfig(226)) - Configuration does not have ozone.om.address set. Falling back to the default OM address fv-az201-768.ett4tu3jvdse5ovc2mkgjqcs5a.bx.internal.cloudapp.net/10.1.0.115:1202
2023-07-13 02:05:51,275 [Time-limited test] INFO  ha.OMHANodeDetails (OMHANodeDetails.java:getOMNodeDetailsForNonHA(254)) - OM Service ID is not set. Setting it to the default ID: omServiceIdDefault
2023-07-13 02:05:51,275 [Time-limited test] INFO  ha.OMHANodeDetails (OMHANodeDetails.java:getOMNodeDetailsForNonHA(261)) - OM Node ID is not set. Setting it to the default ID: om1
2023-07-13 02:05:51,275 [Time-limited test] WARN  server.ServerUtils (ServerUtils.java:getDBPath(311)) - ozone.om.db.dirs is not configured. We recommend adding this setting. Falling back to ozone.metadata.dirs instead.
2023-07-13 02:05:51,277 [Time-limited test] INFO  upgrade.AbstractLayoutVersionManager (AbstractLayoutVersionManager.java:init(83)) - Initializing Layout version manager with metadata layout = QUOTA (version = 6), software layout = QUOTA (version = 6)
2023-07-13 02:05:51,368 [Time-limited test] INFO  reflections.Reflections (Reflections.java:scan(232)) - Reflections took 89 ms to scan 2 urls, producing 186 keys and 508 values [using 2 cores]
2023-07-13 02:05:51,368 [Time-limited test] INFO  upgrade.OMLayoutVersionManager (OMLayoutVersionManager.java:lambda$0(115)) - Skipping Upgrade Action QuotaRepairUpgradeAction since it has been finalized.
2023-07-13 02:05:51,368 [Time-limited test] INFO  upgrade.OMLayoutVersionManager (OMLayoutVersionManager.java:lambda$0(115)) - Skipping Upgrade Action MockOmUpgradeAction since it has been finalized.
2023-07-13 02:05:51,373 [pool-340-thread-2] INFO  request.KdcRequest (KdcRequest.java:preauth(651)) - The preauth data is empty.
2023-07-13 02:05:51,374 [pool-340-thread-2] INFO  server.KdcHandler (KdcHandler.java:handleRecoverableException(177)) - KRB error occurred while processing request:Additional pre-authentication required
2023-07-13 02:05:51,384 [pool-340-thread-1] INFO  request.AsRequest (AsRequest.java:issueTicket(112)) - AS_REQ ISSUE: authtime 1689213951382,om/fv-az201-768.ett4tu3jvdse5ovc2mkgjqcs5a.bx.internal.cloudapp.net@EXAMPLE.COM for krbtgt/EXAMPLE.COM@EXAMPLE.COM
2023-07-13 02:05:51,385 [Time-limited test] INFO  security.UserGroupInformation (UserGroupInformation.java:loginUserFromKeytab(1132)) - Login successful for user om/fv-az201-768.ett4tu3jvdse5ovc2mkgjqcs5a.bx.internal.cloudapp.net@EXAMPLE.COM using keytab file om.keytab. Keytab auto renewal enabled : false
2023-07-13 02:05:51,385 [Time-limited test] INFO  om.OzoneManager (OzoneManager.java:loginOMUser(1155)) - Ozone Manager login successful.
2023-07-13 02:05:51,386 [Time-limited test] WARN  server.ServerUtils (ServerUtils.java:getDBPath(311)) - ozone.om.db.dirs is not configured. We recommend adding this setting. Falling back to ozone.metadata.dirs instead.
2023-07-13 02:05:51,387 [Time-limited test] INFO  proxy.SCMBlockLocationFailoverProxyProvider (SCMBlockLocationFailoverProxyProvider.java:<init>(114)) - Created block location fail-over proxy with 1 nodes: [nodeId=scmNodeId,nodeAddress=/0.0.0.0:9863]
2023-07-13 02:05:51,388 [Time-limited test] INFO  om.OzoneManager (OzoneManager.java:getOmDetailsProto(4566)) - OzoneManager ports added:[name: "RPC"
value: 1202
]
2023-07-13 02:05:51,389 [Time-limited test] INFO  security.OMCertificateClient (DefaultCertificateClient.java:updateCertSerialId(1248)) - Certificate serial ID set to 9879877970576
2023-07-13 02:05:51,389 [Time-limited test] WARN  security.OMCertificateClient (DefaultCertificateClient.java:loadAllCertificates(170)) - Certificates could not be loaded.
java.nio.file.NoSuchFileException: /tmp/junit640684864884110653/junit7453674593622604797/scm-meta/om/certs
	at sun.nio.fs.UnixException.translateToIOException(UnixException.java:86)
	at sun.nio.fs.UnixException.rethrowAsIOException(UnixException.java:102)
	at sun.nio.fs.UnixException.rethrowAsIOException(UnixException.java:107)
	at sun.nio.fs.UnixFileSystemProvider.newDirectoryStream(UnixFileSystemProvider.java:427)
	at java.nio.file.Files.newDirectoryStream(Files.java:457)
	at java.nio.file.Files.list(Files.java:3451)
	at org.apache.hadoop.hdds.security.x509.certificate.client.DefaultCertificateClient.loadAllCertificates(DefaultCertificateClient.java:165)
	at org.apache.hadoop.hdds.security.x509.certificate.client.DefaultCertificateClient.updateCertSerialId(DefaultCertificateClient.java:1249)
	at org.apache.hadoop.hdds.security.x509.certificate.client.DefaultCertificateClient.<init>(DefaultCertificateClient.java:154)
	at org.apache.hadoop.hdds.security.x509.certificate.client.CommonCertificateClient.<init>(CommonCertificateClient.java:50)
	at org.apache.hadoop.ozone.security.OMCertificateClient.<init>(OMCertificateClient.java:68)
	at org.apache.hadoop.ozone.om.OzoneManager.<init>(OzoneManager.java:639)
	at org.apache.hadoop.ozone.om.OzoneManager.createOm(OzoneManager.java:750)
	at org.apache.hadoop.ozone.TestSecureOzoneCluster.setupOm(TestSecureOzoneCluster.java:693)
	at org.apache.hadoop.ozone.TestSecureOzoneCluster.testAccessControlExceptionOnClient(TestSecureOzoneCluster.java:551)
	at sun.reflect.NativeMethodAccessorImpl.invoke0(Native Method)
	at sun.reflect.NativeMethodAccessorImpl.invoke(NativeMethodAccessorImpl.java:62)
	at sun.reflect.DelegatingMethodAccessorImpl.invoke(DelegatingMethodAccessorImpl.java:43)
	at java.lang.reflect.Method.invoke(Method.java:498)
	at org.junit.runners.model.FrameworkMethod$1.runReflectiveCall(FrameworkMethod.java:59)
	at org.junit.internal.runners.model.ReflectiveCallable.run(ReflectiveCallable.java:12)
	at org.junit.runners.model.FrameworkMethod.invokeExplosively(FrameworkMethod.java:56)
	at org.junit.internal.runners.statements.InvokeMethod.evaluate(InvokeMethod.java:17)
	at org.junit.internal.runners.statements.RunBefores.evaluate(RunBefores.java:26)
	at org.junit.internal.runners.statements.RunAfters.evaluate(RunAfters.java:27)
	at org.junit.rules.ExternalResource$1.evaluate(ExternalResource.java:54)
	at org.junit.internal.runners.statements.FailOnTimeout$CallableStatement.call(FailOnTimeout.java:288)
	at org.junit.internal.runners.statements.FailOnTimeout$CallableStatement.call(FailOnTimeout.java:282)
	at java.util.concurrent.FutureTask.run(FutureTask.java:266)
	at java.lang.Thread.run(Thread.java:750)
2023-07-13 02:05:51,399 [Time-limited test] INFO  om.OzoneManager (OzoneManager.java:<init>(658)) - OM start with adminUsers: [om/fv-az201-768.ett4tu3jvdse5ovc2mkgjqcs5a.bx.internal.cloudapp.net@EXAMPLE.COM, om]
2023-07-13 02:05:51,400 [Time-limited test] WARN  server.ServerUtils (ServerUtils.java:getDBPath(311)) - ozone.om.db.dirs is not configured. We recommend adding this setting. Falling back to ozone.metadata.dirs instead.
2023-07-13 02:05:51,401 [Time-limited test] INFO  helpers.OmKeyInfo (OmKeyInfo.java:getCodec(71)) - OmKeyInfo.getCodec ignorePipeline = true
2023-07-13 02:05:51,720 [Time-limited test] INFO  om.OzoneManager (OzoneManager.java:instantiateServices(787)) - S3 Multi-Tenancy is disabled
2023-07-13 02:05:51,720 [Time-limited test] INFO  security.OzoneSecretStore (OzoneSecretStore.java:loadState(69)) - Loaded 0 tokens
2023-07-13 02:05:51,720 [Time-limited test] INFO  security.OzoneDelegationTokenSecretManager (OzoneDelegationTokenSecretManager.java:loadTokenSecretState(530)) - Loading token state into token manager.
2023-07-13 02:05:51,720 [Time-limited test] INFO  om.OmSnapshotManager (OmSnapshotManager.java:<init>(175)) - Ozone filesystem snapshot feature is enabled.
2023-07-13 02:05:51,721 [Time-limited test] WARN  server.ServerUtils (ServerUtils.java:getDBPath(311)) - ozone.om.snapshot.diff.db.dir is not configured. We recommend adding this setting. Falling back to ozone.metadata.dirs instead.
2023-07-13 02:05:51,761 [Time-limited test] INFO  snapshot.SnapshotDiffManager (SnapshotDiffManager.java:closeExecutorService(1720)) - Shutting down executorService: 'SstDumpToolExecutor'
2023-07-13 02:05:51,763 [Time-limited test] INFO  om.OzoneManager (OzoneManager.java:addS3GVolumeToDB(4298)) - Created Volume s3v With Owner om required for S3Gateway operations.
2023-07-13 02:05:51,763 [Time-limited test] WARN  server.ServerUtils (ServerUtils.java:getDefaultRatisDirectory(323)) - Storage directory for Ratis is not configured. It is a good idea to map this to an SSD disk. Falling back to ozone.metadata.dirs
2023-07-13 02:05:51,763 [Time-limited test] WARN  utils.OzoneManagerRatisUtils (OzoneManagerRatisUtils.java:getOMRatisSnapshotDirectory(461)) - ozone.om.ratis.snapshot.dir is not configured. Falling back to ozone.metadata.dirs config
2023-07-13 02:05:51,764 [Time-limited test] WARN  server.ServerUtils (ServerUtils.java:getDefaultRatisDirectory(323)) - Storage directory for Ratis is not configured. It is a good idea to map this to an SSD disk. Falling back to ozone.metadata.dirs
2023-07-13 02:05:51,765 [Time-limited test] INFO  ratis.OzoneManagerRatisServer (OzoneManagerRatisServer.java:<init>(163)) - Instantiating OM Ratis server with groupID: omServiceIdDefault and peers: fv-az201-768.ett4tu3jvdse5ovc2mkgjqcs5a.bx.internal.cloudapp.net:9872
2023-07-13 02:05:51,766 [Time-limited test] INFO  ratis.OzoneManagerStateMachine (OzoneManagerStateMachine.java:loadSnapshotInfoFromDB(670)) - LastAppliedIndex is set from TransactionInfo from OM DB as (t:0, i:~)
2023-07-13 02:05:51,766 [Time-limited test] INFO  server.RaftServer (ConfUtils.java:logGet(46)) - raft.rpc.type = GRPC (default)
2023-07-13 02:05:51,766 [Time-limited test] INFO  grpc.GrpcConfigKeys (ConfUtils.java:logFallback(53)) - raft.grpc.admin.host = null (fallback to raft.grpc.server.host)
2023-07-13 02:05:51,766 [Time-limited test] INFO  grpc.GrpcConfigKeys (ConfUtils.java:logFallback(53)) - raft.grpc.admin.port = 9872 (fallback to raft.grpc.server.port)
2023-07-13 02:05:51,767 [Time-limited test] INFO  grpc.GrpcConfigKeys (ConfUtils.java:logFallback(53)) - raft.grpc.client.host = null (fallback to raft.grpc.server.host)
2023-07-13 02:05:51,767 [Time-limited test] INFO  grpc.GrpcConfigKeys (ConfUtils.java:logFallback(53)) - raft.grpc.client.port = 9872 (fallback to raft.grpc.server.port)
2023-07-13 02:05:51,767 [Time-limited test] INFO  grpc.GrpcConfigKeys (ConfUtils.java:logGet(46)) - raft.grpc.server.host = null (default)
2023-07-13 02:05:51,767 [Time-limited test] INFO  grpc.GrpcConfigKeys (ConfUtils.java:logGet(46)) - raft.grpc.server.port = 9872 (custom)
2023-07-13 02:05:51,767 [Time-limited test] INFO  server.GrpcService (ConfUtils.java:logGet(46)) - raft.grpc.message.size.max = 33554432 (custom)
2023-07-13 02:05:51,767 [Time-limited test] INFO  server.RaftServerConfigKeys (ConfUtils.java:logGet(46)) - raft.server.log.appender.buffer.byte-limit = 33554432 (custom)
2023-07-13 02:05:51,767 [Time-limited test] INFO  server.GrpcService (ConfUtils.java:logGet(46)) - raft.grpc.flow.control.window = 1MB (=1048576) (default)
2023-07-13 02:05:51,767 [Time-limited test] INFO  server.RaftServerConfigKeys (ConfUtils.java:logGet(46)) - raft.server.rpc.request.timeout = 3000ms (default)
2023-07-13 02:05:51,767 [Time-limited test] INFO  grpc.GrpcConfigKeys (ConfUtils.java:logGet(46)) - raft.grpc.server.heartbeat.channel = true (default)
2023-07-13 02:05:51,768 [Time-limited test] INFO  grpc.GrpcConfigKeys (ConfUtils.java:logGet(46)) - raft.grpc.server.async.request.thread.pool.cached = true (default)
2023-07-13 02:05:51,768 [Time-limited test] INFO  grpc.GrpcConfigKeys (ConfUtils.java:logGet(46)) - raft.grpc.server.async.request.thread.pool.size = 32 (default)
2023-07-13 02:05:51,769 [Time-limited test] INFO  impl.DataStreamServerImpl (ConfUtils.java:logGet(46)) - raft.datastream.type = DISABLED (default)
2023-07-13 02:05:51,769 [Time-limited test] INFO  server.RaftServerConfigKeys (ConfUtils.java:logGet(46)) - raft.server.threadpool.proxy.cached = true (default)
2023-07-13 02:05:51,769 [Time-limited test] INFO  server.RaftServerConfigKeys (ConfUtils.java:logGet(46)) - raft.server.threadpool.proxy.size = 0 (default)
2023-07-13 02:05:51,769 [Time-limited test] INFO  server.RaftServerConfigKeys (ConfUtils.java:logGet(46)) - raft.server.rpc.slowness.timeout = 120s (custom)
2023-07-13 02:05:51,770 [Time-limited test] INFO  server.RaftServerConfigKeys (ConfUtils.java:logGet(46)) - raft.server.leaderelection.leader.step-down.wait-time = 10s (default)
2023-07-13 02:05:51,770 [Time-limited test] INFO  server.RaftServerConfigKeys (ConfUtils.java:logGet(46)) - raft.server.storage.dir = [/tmp/junit640684864884110653/junit7453674593622604797/scm-meta/ratis] (custom)
2023-07-13 02:05:51,770 [Time-limited test] INFO  server.RaftServer (RaftServerProxy.java:addNew(98)) - om1: addNew group-C5BA1605619E:[om1|rpc:fv-az201-768.ett4tu3jvdse5ovc2mkgjqcs5a.bx.internal.cloudapp.net:9872|priority:0|startupRole:FOLLOWER] returns group-C5BA1605619E:java.util.concurrent.CompletableFuture@4f61c0eb[Not completed]
2023-07-13 02:05:51,771 [Time-limited test] INFO  om.OzoneManager (OzoneManager.java:initializeRatisServer(2139)) - OzoneManager Ratis server initialized at port 9872
RaftServerImpl.java:<init>(198)) - om1: new RaftServerImpl for group-C5BA1605619E:[om1|rpc:fv-az201-768.ett4tu3jvdse5ovc2mkgjqcs5a.bx.internal.cloudapp.net:9872|priority:0|startupRole:FOLLOWER] with OzoneManagerStateMachine:uninitialized
2023-07-13 02:05:51,771 [Time-limited test] INFO  om.OzoneManager (OzoneManager.java:initializeRatisServer(2139)) - OzoneManager Ratis server initialized at port 9872
2023-07-13 02:05:51,771 [Time-limited test] INFO  om.OzoneManager (ConfUtils.java:logGet(46)) - raft.server.rpc.timeout.min = 5s (custom)
2023-07-13 02:05:51,771 [Time-limited test] INFO  om.OzoneManager (OzoneManager.java:getRpcServer(1187)) - Creating RPC Server
2023-07-13 02:05:51,771 [om1-groupManagement] INFO  server.RaftServerConfigKeys (ConfUtils.java:logGet(46)) - raft.server.rpc.timeout.max = 5200ms (custom)
2023-07-13 02:05:51,771 [om1-groupManagement] INFO  server.RaftServerConfigKeys (ConfUtils.java:logGet(46)) - raft.server.rpc.sleep.time = 25ms (default)
2023-07-13 02:05:51,774 [om1-groupManagement] INFO  server.RaftServerConfigKeys (ConfUtils.java:logGet(46)) - raft.server.rpc.slowness.timeout = 120s (custom)
2023-07-13 02:05:51,774 [om1-groupManagement] INFO  server.RaftServerConfigKeys (ConfUtils.java:logGet(46)) - raft.server.leaderelection.leader.step-down.wait-time = 10s (default)
2023-07-13 02:05:51,774 [om1-groupManagement] INFO  server.RaftServerConfigKeys (ConfUtils.java:logGet(46)) - raft.server.sleep.deviation.threshold = 300ms (default)
2023-07-13 02:05:51,774 [om1-groupManagement] INFO  server.RaftServer$Division (ServerState.java:<init>(120)) - om1@group-C5BA1605619E: ConfigurationManager, init=-1: peers:[om1|rpc:fv-az201-768.ett4tu3jvdse5ovc2mkgjqcs5a.bx.internal.cloudapp.net:9872|priority:0|startupRole:FOLLOWER]|listeners:[], old=null, confs=<EMPTY_MAP>
2023-07-13 02:05:51,774 [om1-groupManagement] INFO  server.RaftServerConfigKeys (ConfUtils.java:logGet(46)) - raft.server.storage.dir = [/tmp/junit640684864884110653/junit7453674593622604797/scm-meta/ratis] (custom)
2023-07-13 02:05:51,777 [om1-groupManagement] INFO  server.RaftServerConfigKeys (ConfUtils.java:logGet(46)) - raft.server.log.corruption.policy = EXCEPTION (default)
2023-07-13 02:05:51,777 [om1-groupManagement] INFO  server.RaftServerConfigKeys (ConfUtils.java:logGet(46)) - raft.server.storage.free-space.min = 0MB (=0) (default)
2023-07-13 02:05:51,777 [om1-groupManagement] INFO  server.RaftServerConfigKeys (ConfUtils.java:logGet(46)) - raft.server.notification.no-leader.timeout = 120s (custom)
2023-07-13 02:05:51,777 [om1-groupManagement] INFO  server.RaftServerConfigKeys (ConfUtils.java:logGet(46)) - raft.server.read.timeout = 10s (default)
2023-07-13 02:05:51,777 [om1-groupManagement] INFO  server.RaftServerConfigKeys (ConfUtils.java:logGet(46)) - raft.server.retrycache.expirytime = 300s (custom)
2023-07-13 02:05:51,777 [om1-groupManagement] INFO  server.RaftServerConfigKeys (ConfUtils.java:logGet(46)) - raft.server.retrycache.statistics.expirytime = 100μs (default)
2023-07-13 02:05:51,777 [om1-groupManagement] INFO  server.RaftServerConfigKeys (ConfUtils.java:logGet(46)) - raft.server.read.option = DEFAULT (default)
2023-07-13 02:05:51,789 [om1-groupManagement] INFO  server.RaftServerConfigKeys (ConfUtils.java:logGet(46)) - raft.server.rpc.request.timeout = 3000ms (default)
2023-07-13 02:05:51,789 [om1-groupManagement] INFO  server.RaftServerConfigKeys (ConfUtils.java:logGet(46)) - raft.server.log.appender.install.snapshot.enabled = false (custom)
2023-07-13 02:05:51,790 [om1-groupManagement] INFO  server.RaftServerConfigKeys (ConfUtils.java:logGet(46)) - raft.server.threadpool.server.cached = true (default)
2023-07-13 02:05:51,790 [om1-groupManagement] INFO  server.RaftServerConfigKeys (ConfUtils.java:logGet(46)) - raft.server.threadpool.server.size = 0 (default)
2023-07-13 02:05:51,790 [om1-groupManagement] INFO  server.RaftServerConfigKeys (ConfUtils.java:logGet(46)) - raft.server.threadpool.client.cached = true (default)
2023-07-13 02:05:51,790 [om1-groupManagement] INFO  server.RaftServerConfigKeys (ConfUtils.java:logGet(46)) - raft.server.threadpool.client.size = 0 (default)
2023-07-13 02:05:52,257 [Time-limited test] INFO  reflections.Reflections (Reflections.java:scan(232)) - Reflections took 485 ms to scan 19 urls, producing 70 keys and 5533 values [using 2 cores]
2023-07-13 02:05:52,262 [Time-limited test] INFO  ipc.CallQueueManager (CallQueueManager.java:<init>(90)) - Using callQueue: class java.util.concurrent.LinkedBlockingQueue, queueCapacity: 10000, scheduler: class org.apache.hadoop.ipc.DefaultRpcScheduler, ipcBackoff: false.
2023-07-13 02:05:52,262 [Time-limited test] INFO  ipc.Server (Server.java:<init>(1287)) - Listener at fv-az201-768.ett4tu3jvdse5ovc2mkgjqcs5a.bx.internal.cloudapp.net:1202
2023-07-13 02:05:52,263 [Socket Reader #1 for port 1202] INFO  ipc.Server (Server.java:run(1323)) - Starting Socket Reader #1 for port 1202
2023-07-13 02:05:52,667 [Time-limited test] INFO  utils.SelfSignedCertificate (SelfSignedCertificate.java:generateCertificate(157)) - Certificate 1 is issued by CN=rootCA@localhost,OU=scm1,O=cluster1 to CN=rootCA@localhost,OU=scm1,O=cluster1, valid from Thu Jul 13 02:05:52 UTC 2023 to Sun Aug 20 02:05:52 UTC 2028
2023-07-13 02:05:52,673 [Time-limited test] INFO  ssl.ReloadingX509KeyManager (ReloadingX509KeyManager.java:loadKeyManager(222)) - Key manager is loaded with certificate chain
2023-07-13 02:05:52,674 [Time-limited test] INFO  ssl.ReloadingX509KeyManager (ReloadingX509KeyManager.java:loadKeyManager(224)) - [
[
  Version: V3
  Subject: O=cluster1, OU=scm1, CN=localhost
  Signature Algorithm: SHA256withRSA, OID = 1.2.840.113549.1.1.11

  Key:  Sun RSA public key, 2048 bits
  params: null
  modulus: 25697383060109344165810390046122023426472783255018140794795277921995883939243034431137230357730005708186571133400403432346910043594539398220692293058531679122880214807107097136534107574900353764819638981963465346329371360048435488215490311698797561787206155398111079226919056442441779776212861948513915020617492117153070356515308939539703831135356235225783324308918144024089131256057554750597357481745081881248097101421140093762827446190018838398736187400624274568715953452274568388336801963203066520744185434178484523868170682714047610995507181642507549976985438263888999566497623440839338323656496794929758479200393
  public exponent: 65537
  Validity: [From: Thu Jul 13 02:05:52 UTC 2023,
               To: Fri Jul 12 02:05:52 UTC 2024]
  Issuer: O=cluster1, OU=scm1, CN=rootCA@localhost
  SerialNumber: [    012c847c 7b8f]

Certificate Extensions: 1
[1]: ObjectId: 2.5.29.15 Criticality=true
KeyUsage [
  DigitalSignature
  Key_Encipherment
  Data_Encipherment
  Key_Agreement
]

]
  Algorithm: [SHA256withRSA]
  Signature:
0000: 36 08 A9 FB D1 76 97 B0   1C B4 6D DF C9 02 EA 0A  6....v....m.....
0010: 62 69 C5 51 AA 60 09 A1   58 28 2B C4 78 AF 8A E2  bi.Q.`..X(+.x...
0020: 9B 5A 79 2C 54 15 D4 F9   FC 85 2E 65 C3 C8 DF 1E  .Zy,T......e....
0030: 1F 8E DA AA 5B F5 28 E5   85 C1 51 F0 06 1C 6A C2  ....[.(...Q...j.
0040: 80 17 17 0C 21 64 97 B7   F1 FA FD 58 CE 1D FD 89  ....!d.....X....
0050: 16 DA 51 63 F3 38 9E 15   A1 A0 A5 1F D0 9F E8 AC  ..Qc.8..........
0060: 3A BE 20 45 4A D9 C0 AE   F6 DE 81 20 6D 30 3B 9E  :. EJ...... m0;.
0070: 05 63 38 4E 74 DA CA 76   DF E3 4C 28 C5 60 69 4F  .c8Nt..v..L(.`iO
0080: 3C CA 7A 64 EE B0 47 66   11 47 2D F4 54 C2 55 FA  <.zd..Gf.G-.T.U.
0090: 2A C0 EE 04 47 48 7A 8A   96 AE 38 E4 4A 85 28 8B  *...GHz...8.J.(.
00A0: 6D 50 4B F9 B9 14 9A 61   23 AA 2D C4 55 F1 97 C0  mPK....a#.-.U...
00B0: F2 AF C4 8B 9D C0 CD D3   DC 0E B3 11 8B F7 14 F6  ................
00C0: 6F DD B0 48 7A C2 C4 1D   6F 10 57 F4 99 24 BB 61  o..Hz...o.W..$.a
00D0: D4 00 4D 1F 6C 39 C9 31   47 B4 FE 5F 95 40 2A 62  ..M.l9.1G.._.@*b
00E0: F9 AA AE 0A 38 C6 35 88   EF 5D D9 BB 69 04 A9 AF  ....8.5..]..i...
00F0: 71 23 BF C1 7D 38 41 E8   33 B7 5D 07 0A D7 8A 41  q#...8A.3.]....A

]
2023-07-13 02:05:52,676 [Time-limited test] INFO  ssl.ReloadingX509KeyManager (ReloadingX509KeyManager.java:loadKeyManager(224)) - [
[
  Version: V3
  Subject: O=cluster1, OU=scm1, CN=rootCA@localhost
  Signature Algorithm: SHA256withRSA, OID = 1.2.840.113549.1.1.11

  Key:  Sun RSA public key, 2048 bits
  params: null
  modulus: 22110058346003004358859441234694451893910003459655562949408236526054181318091364313517143369978171349785936336293278168045024893628852674217438445796975490443366952843075801286305892172756256217125095412846984010331028574217789455297905252925265697437562559754504903711387829432118318165506650537391693550752655146193837492898062652473566553253260914894122407683162122974040480436231414296668184142371956220704844272043719621589972277870860848792635357309501946075667199558851994025060692846293343739030381680738955909524214653579125683765202819135121089821989970494164893999611792861387129708350379872647522619821031
  public exponent: 65537
  Validity: [From: Thu Jul 13 02:05:52 UTC 2023,
               To: Sun Aug 20 02:05:52 UTC 2028]
  Issuer: O=cluster1, OU=scm1, CN=rootCA@localhost
  SerialNumber: [    01]

Certificate Extensions: 2
[1]: ObjectId: 2.5.29.19 Criticality=true
BasicConstraints:[
  CA:true
  PathLen:2147483647
]

[2]: ObjectId: 2.5.29.15 Criticality=true
KeyUsage [
  Key_CertSign
  Crl_Sign
]

]
  Algorithm: [SHA256withRSA]
  Signature:
0000: 33 48 8A 3C 3E 9B 1F BD   5E B7 27 30 93 96 FA 4A  3H.<>...^.'0...J
0010: F0 84 96 D0 97 BF D7 1C   65 81 FB 33 B5 F0 7B 1B  ........e..3....
0020: 0A 8F 90 8D 58 D5 3B 79   40 1C 97 68 59 A9 B9 4E  ....X.;y@..hY..N
0030: 74 D8 A4 5B B0 ED F3 7C   FC 5B 63 76 1C C0 8C 64  t..[.....[cv...d
0040: 9B DA EA F4 E0 10 37 97   E4 1B A6 3C B8 7B 8D A7  ......7....<....
0050: 82 93 AB 4C 5B 41 31 0C   AC 92 1F B5 DA EB 2C 91  ...L[A1.......,.
0060: 13 D1 AA 48 98 05 0E 37   60 BC D2 14 31 B7 73 BD  ...H...7`...1.s.
0070: 46 F1 DA 22 09 A3 F8 AB   4F 46 91 87 6A 25 DB B4  F.."....OF..j%..
0080: 13 22 58 DC D4 04 68 8A   AA 59 31 96 F4 91 2D 56  ."X...h..Y1...-V
0090: AA E3 D1 43 A4 F9 15 76   4E 6E 02 28 B2 11 7D E0  ...C...vNn.(....
00A0: 24 A4 A6 68 72 3E 51 02   4E 9B 84 F4 5D 76 91 43  $..hr>Q.N...]v.C
00B0: B8 72 D2 11 E0 55 52 C9   34 22 47 92 95 82 87 70  .r...UR.4"G....p
00C0: EF C7 DE AF 25 10 AE 6D   B8 85 EC 71 2D B0 A1 A6  ....%..m...q-...
00D0: 60 AE 48 A5 53 D0 4B 34   B5 B5 8B 6D D2 E1 DC 71  `.H.S.K4...m...q
00E0: E3 21 E3 9E 62 72 DA 0C   EB F9 94 05 F2 C7 C4 A4  .!..br..........
00F0: 7E 56 70 FD 83 C6 48 55   5F C9 2D 92 E1 2B AD 8B  .Vp...HU_.-..+..

]
2023-07-13 02:05:52,676 [Time-limited test] INFO  ssl.ReloadingX509TrustManager (ReloadingX509TrustManager.java:insertCertsToKeystore(188)) - Trust manager is loaded with certificates
2023-07-13 02:05:52,677 [Time-limited test] INFO  ssl.ReloadingX509TrustManager (ReloadingX509TrustManager.java:insertCertsToKeystore(192)) - [
[
  Version: V3
  Subject: O=cluster1, OU=scm1, CN=rootCA@localhost
  Signature Algorithm: SHA256withRSA, OID = 1.2.840.113549.1.1.11

  Key:  Sun RSA public key, 2048 bits
  params: null
  modulus: 22110058346003004358859441234694451893910003459655562949408236526054181318091364313517143369978171349785936336293278168045024893628852674217438445796975490443366952843075801286305892172756256217125095412846984010331028574217789455297905252925265697437562559754504903711387829432118318165506650537391693550752655146193837492898062652473566553253260914894122407683162122974040480436231414296668184142371956220704844272043719621589972277870860848792635357309501946075667199558851994025060692846293343739030381680738955909524214653579125683765202819135121089821989970494164893999611792861387129708350379872647522619821031
  public exponent: 65537
  Validity: [From: Thu Jul 13 02:05:52 UTC 2023,
               To: Sun Aug 20 02:05:52 UTC 2028]
  Issuer: O=cluster1, OU=scm1, CN=rootCA@localhost
  SerialNumber: [    01]

Certificate Extensions: 2
[1]: ObjectId: 2.5.29.19 Criticality=true
BasicConstraints:[
  CA:true
  PathLen:2147483647
]

[2]: ObjectId: 2.5.29.15 Criticality=true
KeyUsage [
  Key_CertSign
  Crl_Sign
]

]
  Algorithm: [SHA256withRSA]
  Signature:
0000: 33 48 8A 3C 3E 9B 1F BD   5E B7 27 30 93 96 FA 4A  3H.<>...^.'0...J
0010: F0 84 96 D0 97 BF D7 1C   65 81 FB 33 B5 F0 7B 1B  ........e..3....
0020: 0A 8F 90 8D 58 D5 3B 79   40 1C 97 68 59 A9 B9 4E  ....X.;y@..hY..N
0030: 74 D8 A4 5B B0 ED F3 7C   FC 5B 63 76 1C C0 8C 64  t..[.....[cv...d
0040: 9B DA EA F4 E0 10 37 97   E4 1B A6 3C B8 7B 8D A7  ......7....<....
0050: 82 93 AB 4C 5B 41 31 0C   AC 92 1F B5 DA EB 2C 91  ...L[A1.......,.
0060: 13 D1 AA 48 98 05 0E 37   60 BC D2 14 31 B7 73 BD  ...H...7`...1.s.
0070: 46 F1 DA 22 09 A3 F8 AB   4F 46 91 87 6A 25 DB B4  F.."....OF..j%..
0080: 13 22 58 DC D4 04 68 8A   AA 59 31 96 F4 91 2D 56  ."X...h..Y1...-V
0090: AA E3 D1 43 A4 F9 15 76   4E 6E 02 28 B2 11 7D E0  ...C...vNn.(....
00A0: 24 A4 A6 68 72 3E 51 02   4E 9B 84 F4 5D 76 91 43  $..hr>Q.N...]v.C
00B0: B8 72 D2 11 E0 55 52 C9   34 22 47 92 95 82 87 70  .r...UR.4"G....p
00C0: EF C7 DE AF 25 10 AE 6D   B8 85 EC 71 2D B0 A1 A6  ....%..m...q-...
00D0: 60 AE 48 A5 53 D0 4B 34   B5 B5 8B 6D D2 E1 DC 71  `.H.S.K4...m...q
00E0: E3 21 E3 9E 62 72 DA 0C   EB F9 94 05 F2 C7 C4 A4  .!..br..........
00F0: 7E 56 70 FD 83 C6 48 55   5F C9 2D 92 E1 2B AD 8B  .Vp...HU_.-..+..

]
2023-07-13 02:05:52,758 [Time-limited test] INFO  ssl.ReloadingX509KeyManager (ReloadingX509KeyManager.java:loadKeyManager(222)) - Key manager is loaded with certificate chain
2023-07-13 02:05:52,758 [Time-limited test] INFO  ssl.ReloadingX509KeyManager (ReloadingX509KeyManager.java:loadKeyManager(224)) - [
[
  Version: V3
  Subject: O=cluster1, OU=scm1, CN=localhost
  Signature Algorithm: SHA256withRSA, OID = 1.2.840.113549.1.1.11

  Key:  Sun RSA public key, 2048 bits
  params: null
  modulus: 25697383060109344165810390046122023426472783255018140794795277921995883939243034431137230357730005708186571133400403432346910043594539398220692293058531679122880214807107097136534107574900353764819638981963465346329371360048435488215490311698797561787206155398111079226919056442441779776212861948513915020617492117153070356515308939539703831135356235225783324308918144024089131256057554750597357481745081881248097101421140093762827446190018838398736187400624274568715953452274568388336801963203066520744185434178484523868170682714047610995507181642507549976985438263888999566497623440839338323656496794929758479200393
  public exponent: 65537
  Validity: [From: Thu Jul 13 02:05:52 UTC 2023,
               To: Fri Jul 12 02:05:52 UTC 2024]
  Issuer: O=cluster1, OU=scm1, CN=rootCA@localhost
  SerialNumber: [    012c847c 7b8f]

Certificate Extensions: 1
[1]: ObjectId: 2.5.29.15 Criticality=true
KeyUsage [
  DigitalSignature
  Key_Encipherment
  Data_Encipherment
  Key_Agreement
]

]
  Algorithm: [SHA256withRSA]
  Signature:
0000: 36 08 A9 FB D1 76 97 B0   1C B4 6D DF C9 02 EA 0A  6....v....m.....
0010: 62 69 C5 51 AA 60 09 A1   58 28 2B C4 78 AF 8A E2  bi.Q.`..X(+.x...
0020: 9B 5A 79 2C 54 15 D4 F9   FC 85 2E 65 C3 C8 DF 1E  .Zy,T......e....
0030: 1F 8E DA AA 5B F5 28 E5   85 C1 51 F0 06 1C 6A C2  ....[.(...Q...j.
0040: 80 17 17 0C 21 64 97 B7   F1 FA FD 58 CE 1D FD 89  ....!d.....X....
0050: 16 DA 51 63 F3 38 9E 15   A1 A0 A5 1F D0 9F E8 AC  ..Qc.8..........
0060: 3A BE 20 45 4A D9 C0 AE   F6 DE 81 20 6D 30 3B 9E  :. EJ...... m0;.
0070: 05 63 38 4E 74 DA CA 76   DF E3 4C 28 C5 60 69 4F  .c8Nt..v..L(.`iO
0080: 3C CA 7A 64 EE B0 47 66   11 47 2D F4 54 C2 55 FA  <.zd..Gf.G-.T.U.
0090: 2A C0 EE 04 47 48 7A 8A   96 AE 38 E4 4A 85 28 8B  *...GHz...8.J.(.
00A0: 6D 50 4B F9 B9 14 9A 61   23 AA 2D C4 55 F1 97 C0  mPK....a#.-.U...
00B0: F2 AF C4 8B 9D C0 CD D3   DC 0E B3 11 8B F7 14 F6  ................
00C0: 6F DD B0 48 7A C2 C4 1D   6F 10 57 F4 99 24 BB 61  o..Hz...o.W..$.a
00D0: D4 00 4D 1F 6C 39 C9 31   47 B4 FE 5F 95 40 2A 62  ..M.l9.1G.._.@*b
00E0: F9 AA AE 0A 38 C6 35 88   EF 5D D9 BB 69 04 A9 AF  ....8.5..]..i...
00F0: 71 23 BF C1 7D 38 41 E8   33 B7 5D 07 0A D7 8A 41  q#...8A.3.]....A

]
2023-07-13 02:05:52,759 [Time-limited test] INFO  ssl.ReloadingX509KeyManager (ReloadingX509KeyManager.java:loadKeyManager(224)) - [
[
  Version: V3
  Subject: O=cluster1, OU=scm1, CN=rootCA@localhost
  Signature Algorithm: SHA256withRSA, OID = 1.2.840.113549.1.1.11

  Key:  Sun RSA public key, 2048 bits
  params: null
  modulus: 22110058346003004358859441234694451893910003459655562949408236526054181318091364313517143369978171349785936336293278168045024893628852674217438445796975490443366952843075801286305892172756256217125095412846984010331028574217789455297905252925265697437562559754504903711387829432118318165506650537391693550752655146193837492898062652473566553253260914894122407683162122974040480436231414296668184142371956220704844272043719621589972277870860848792635357309501946075667199558851994025060692846293343739030381680738955909524214653579125683765202819135121089821989970494164893999611792861387129708350379872647522619821031
  public exponent: 65537
  Validity: [From: Thu Jul 13 02:05:52 UTC 2023,
               To: Sun Aug 20 02:05:52 UTC 2028]
  Issuer: O=cluster1, OU=scm1, CN=rootCA@localhost
  SerialNumber: [    01]

Certificate Extensions: 2
[1]: ObjectId: 2.5.29.19 Criticality=true
BasicConstraints:[
  CA:true
  PathLen:2147483647
]

[2]: ObjectId: 2.5.29.15 Criticality=true
KeyUsage [
  Key_CertSign
  Crl_Sign
]

]
  Algorithm: [SHA256withRSA]
  Signature:
0000: 33 48 8A 3C 3E 9B 1F BD   5E B7 27 30 93 96 FA 4A  3H.<>...^.'0...J
0010: F0 84 96 D0 97 BF D7 1C   65 81 FB 33 B5 F0 7B 1B  ........e..3....
0020: 0A 8F 90 8D 58 D5 3B 79   40 1C 97 68 59 A9 B9 4E  ....X.;y@..hY..N
0030: 74 D8 A4 5B B0 ED F3 7C   FC 5B 63 76 1C C0 8C 64  t..[.....[cv...d
0040: 9B DA EA F4 E0 10 37 97   E4 1B A6 3C B8 7B 8D A7  ......7....<....
0050: 82 93 AB 4C 5B 41 31 0C   AC 92 1F B5 DA EB 2C 91  ...L[A1.......,.
0060: 13 D1 AA 48 98 05 0E 37   60 BC D2 14 31 B7 73 BD  ...H...7`...1.s.
0070: 46 F1 DA 22 09 A3 F8 AB   4F 46 91 87 6A 25 DB B4  F.."....OF..j%..
0080: 13 22 58 DC D4 04 68 8A   AA 59 31 96 F4 91 2D 56  ."X...h..Y1...-V
0090: AA E3 D1 43 A4 F9 15 76   4E 6E 02 28 B2 11 7D E0  ...C...vNn.(....
00A0: 24 A4 A6 68 72 3E 51 02   4E 9B 84 F4 5D 76 91 43  $..hr>Q.N...]v.C
00B0: B8 72 D2 11 E0 55 52 C9   34 22 47 92 95 82 87 70  .r...UR.4"G....p
00C0: EF C7 DE AF 25 10 AE 6D   B8 85 EC 71 2D B0 A1 A6  ....%..m...q-...
00D0: 60 AE 48 A5 53 D0 4B 34   B5 B5 8B 6D D2 E1 DC 71  `.H.S.K4...m...q
00E0: E3 21 E3 9E 62 72 DA 0C   EB F9 94 05 F2 C7 C4 A4  .!..br..........
00F0: 7E 56 70 FD 83 C6 48 55   5F C9 2D 92 E1 2B AD 8B  .Vp...HU_.-..+..

]
2023-07-13 02:05:52,759 [Time-limited test] INFO  ssl.ReloadingX509TrustManager (ReloadingX509TrustManager.java:insertCertsToKeystore(188)) - Trust manager is loaded with certificates
2023-07-13 02:05:52,760 [Time-limited test] INFO  ssl.ReloadingX509TrustManager (ReloadingX509TrustManager.java:insertCertsToKeystore(192)) - [
[
  Version: V3
  Subject: O=cluster1, OU=scm1, CN=rootCA@localhost
  Signature Algorithm: SHA256withRSA, OID = 1.2.840.113549.1.1.11

  Key:  Sun RSA public key, 2048 bits
  params: null
  modulus: 22110058346003004358859441234694451893910003459655562949408236526054181318091364313517143369978171349785936336293278168045024893628852674217438445796975490443366952843075801286305892172756256217125095412846984010331028574217789455297905252925265697437562559754504903711387829432118318165506650537391693550752655146193837492898062652473566553253260914894122407683162122974040480436231414296668184142371956220704844272043719621589972277870860848792635357309501946075667199558851994025060692846293343739030381680738955909524214653579125683765202819135121089821989970494164893999611792861387129708350379872647522619821031
  public exponent: 65537
  Validity: [From: Thu Jul 13 02:05:52 UTC 2023,
               To: Sun Aug 20 02:05:52 UTC 2028]
  Issuer: O=cluster1, OU=scm1, CN=rootCA@localhost
  SerialNumber: [    01]

Certificate Extensions: 2
[1]: ObjectId: 2.5.29.19 Criticality=true
BasicConstraints:[
  CA:true
  PathLen:2147483647
]

[2]: ObjectId: 2.5.29.15 Criticality=true
KeyUsage [
  Key_CertSign
  Crl_Sign
]

]
  Algorithm: [SHA256withRSA]
  Signature:
0000: 33 48 8A 3C 3E 9B 1F BD   5E B7 27 30 93 96 FA 4A  3H.<>...^.'0...J
0010: F0 84 96 D0 97 BF D7 1C   65 81 FB 33 B5 F0 7B 1B  ........e..3....
0020: 0A 8F 90 8D 58 D5 3B 79   40 1C 97 68 59 A9 B9 4E  ....X.;y@..hY..N
0030: 74 D8 A4 5B B0 ED F3 7C   FC 5B 63 76 1C C0 8C 64  t..[.....[cv...d
0040: 9B DA EA F4 E0 10 37 97   E4 1B A6 3C B8 7B 8D A7  ......7....<....
0050: 82 93 AB 4C 5B 41 31 0C   AC 92 1F B5 DA EB 2C 91  ...L[A1.......,.
0060: 13 D1 AA 48 98 05 0E 37   60 BC D2 14 31 B7 73 BD  ...H...7`...1.s.
0070: 46 F1 DA 22 09 A3 F8 AB   4F 46 91 87 6A 25 DB B4  F.."....OF..j%..
0080: 13 22 58 DC D4 04 68 8A   AA 59 31 96 F4 91 2D 56  ."X...h..Y1...-V
0090: AA E3 D1 43 A4 F9 15 76   4E 6E 02 28 B2 11 7D E0  ...C...vNn.(....
00A0: 24 A4 A6 68 72 3E 51 02   4E 9B 84 F4 5D 76 91 43  $..hr>Q.N...]v.C
00B0: B8 72 D2 11 E0 55 52 C9   34 22 47 92 95 82 87 70  .r...UR.4"G....p
00C0: EF C7 DE AF 25 10 AE 6D   B8 85 EC 71 2D B0 A1 A6  ....%..m...q-...
00D0: 60 AE 48 A5 53 D0 4B 34   B5 B5 8B 6D D2 E1 DC 71  `.H.S.K4...m...q
00E0: E3 21 E3 9E 62 72 DA 0C   EB F9 94 05 F2 C7 C4 A4  .!..br..........
00F0: 7E 56 70 FD 83 C6 48 55   5F C9 2D 92 E1 2B AD 8B  .Vp...HU_.-..+..

]
2023-07-13 02:05:52,761 [Time-limited test] INFO  impl.MetricsSystemImpl (MetricsSystemImpl.java:init(158)) - OzoneManager metrics system started (again)
2023-07-13 02:05:52,786 [Time-limited test] INFO  om.OzoneManager (OzoneManager.java:start(1617)) - OzoneManager RPC server is listening at fv-az201-768.ett4tu3jvdse5ovc2mkgjqcs5a.bx.internal.cloudapp.net/10.1.0.115:1202
2023-07-13 02:05:52,787 [Time-limited test] INFO  ratis.OzoneManagerRatisServer (OzoneManagerRatisServer.java:start(558)) - Starting OzoneManagerRatisServer om1 at port 9872
2023-07-13 02:05:52,787 [om1-impl-thread1] INFO  storage.RaftStorageDirectory (RaftStorageDirectoryImpl.java:analyzeStorage(137)) - The storage directory /tmp/junit640684864884110653/junit7453674593622604797/scm-meta/ratis/bf265839-605b-3f16-9796-c5ba1605619e does not exist. Creating ...
2023-07-13 02:05:52,789 [om1-impl-thread1] INFO  storage.RaftStorageDirectory (RaftStorageDirectoryImpl.java:tryLock(231)) - Lock on /tmp/junit640684864884110653/junit7453674593622604797/scm-meta/ratis/bf265839-605b-3f16-9796-c5ba1605619e/in_use.lock acquired by nodename 2446@fv-az201-768
2023-07-13 02:05:52,791 [om1-impl-thread1] INFO  storage.RaftStorage (RaftStorageImpl.java:format(96)) - Storage directory /tmp/junit640684864884110653/junit7453674593622604797/scm-meta/ratis/bf265839-605b-3f16-9796-c5ba1605619e has been successfully formatted.
2023-07-13 02:05:52,792 [om1-impl-thread1] INFO  server.RaftServerConfigKeys (ConfUtils.java:logGet(46)) - raft.server.log.use.memory = false (default)
2023-07-13 02:05:52,792 [om1-impl-thread1] INFO  server.RaftServerConfigKeys (ConfUtils.java:logGet(46)) - raft.server.log.purge.gap = 1000000 (custom)
2023-07-13 02:05:52,792 [om1-impl-thread1] INFO  server.RaftServerConfigKeys (ConfUtils.java:logGet(46)) - raft.server.log.appender.buffer.byte-limit = 33554432 (custom)
2023-07-13 02:05:52,793 [om1-impl-thread1] INFO  server.RaftServerConfigKeys (ConfUtils.java:logGet(46)) - raft.server.log.statemachine.data.read.timeout = 1000ms (default)
2023-07-13 02:05:52,793 [om1-impl-thread1] INFO  server.RaftServerConfigKeys (ConfUtils.java:logGet(46)) - raft.server.log.purge.preservation.log.num = 0 (default)
2023-07-13 02:05:52,793 [om1-impl-thread1] INFO  server.RaftServerConfigKeys (ConfUtils.java:logGet(46)) - raft.server.log.segment.size.max = 4194304 (custom)
2023-07-13 02:05:52,794 [om1-impl-thread1] INFO  server.RaftServerConfigKeys (ConfUtils.java:logGet(46)) - raft.server.log.segment.cache.num.max = 2 (custom)
2023-07-13 02:05:52,795 [om1-impl-thread1] INFO  server.RaftServerConfigKeys (ConfUtils.java:logGet(46)) - raft.server.log.segment.cache.size.max = 200MB (=209715200) (default)
2023-07-13 02:05:52,795 [om1-impl-thread1] INFO  server.RaftServerConfigKeys (ConfUtils.java:logGet(46)) - raft.server.log.appender.buffer.byte-limit = 33554432 (custom)
2023-07-13 02:05:52,796 [om1-impl-thread1] INFO  segmented.SegmentedRaftLogWorker (SegmentedRaftLogWorker.java:<init>(188)) - new om1@group-C5BA1605619E-SegmentedRaftLogWorker for RaftStorageImpl:Storage Directory /tmp/junit640684864884110653/junit7453674593622604797/scm-meta/ratis/bf265839-605b-3f16-9796-c5ba1605619e
2023-07-13 02:05:52,796 [om1-impl-thread1] INFO  server.RaftServerConfigKeys (ConfUtils.java:logGet(46)) - raft.server.log.queue.byte-limit = 64MB (=67108864) (default)
2023-07-13 02:05:52,796 [om1-impl-thread1] INFO  server.RaftServerConfigKeys (ConfUtils.java:logGet(46)) - raft.server.log.queue.element-limit = 4096 (default)
2023-07-13 02:05:52,796 [om1-impl-thread1] INFO  server.RaftServerConfigKeys (ConfUtils.java:logGet(46)) - raft.server.log.segment.size.max = 4194304 (custom)
2023-07-13 02:05:52,796 [om1-impl-thread1] INFO  server.RaftServerConfigKeys (ConfUtils.java:logGet(46)) - raft.server.log.preallocated.size = 4194304 (custom)
2023-07-13 02:05:52,796 [om1-impl-thread1] INFO  server.RaftServerConfigKeys (ConfUtils.java:logGet(46)) - raft.server.log.force.sync.num = 128 (default)
2023-07-13 02:05:52,796 [om1-impl-thread1] INFO  server.RaftServerConfigKeys (ConfUtils.java:logGet(46)) - raft.server.log.statemachine.data.sync = true (default)
2023-07-13 02:05:52,796 [om1-impl-thread1] INFO  server.RaftServerConfigKeys (ConfUtils.java:logGet(46)) - raft.server.log.statemachine.data.sync.timeout = 10s (default)
2023-07-13 02:05:52,796 [om1-impl-thread1] INFO  server.RaftServerConfigKeys (ConfUtils.java:logGet(46)) - raft.server.log.statemachine.data.sync.timeout.retry = -1 (default)
2023-07-13 02:05:52,797 [om1-impl-thread1] INFO  server.RaftServerConfigKeys (ConfUtils.java:logGet(46)) - raft.server.log.write.buffer.size = 64KB (=65536) (default)
2023-07-13 02:05:52,797 [om1-impl-thread1] INFO  server.RaftServerConfigKeys (ConfUtils.java:logGet(46)) - raft.server.log.appender.buffer.byte-limit = 33554432 (custom)
2023-07-13 02:05:52,804 [om1-impl-thread1] INFO  server.RaftServerConfigKeys (ConfUtils.java:logGet(46)) - raft.server.log.unsafe-flush.enabled = false (default)
2023-07-13 02:05:52,804 [om1-impl-thread1] INFO  server.RaftServerConfigKeys (ConfUtils.java:logGet(46)) - raft.server.log.async-flush.enabled = false (default)
2023-07-13 02:05:52,804 [om1-impl-thread1] INFO  server.RaftServerConfigKeys (ConfUtils.java:logGet(46)) - raft.server.log.statemachine.data.caching.enabled = false (default)
2023-07-13 02:05:52,804 [om1-impl-thread1] INFO  segmented.SegmentedRaftLogWorker (SegmentedRaftLogWorker.java:lambda$new$0(135)) - om1@group-C5BA1605619E-SegmentedRaftLogWorker: flushIndex: setUnconditionally 0 -> -1
2023-07-13 02:05:52,804 [om1-impl-thread1] INFO  segmented.SegmentedRaftLogWorker (SegmentedRaftLogWorker.java:lambda$new$0(135)) - om1@group-C5BA1605619E-SegmentedRaftLogWorker: safeCacheEvictIndex: setUnconditionally 0 -> -1
2023-07-13 02:05:52,807 [om1-impl-thread1] INFO  server.RaftServer$Division (RaftServerImpl.java:start(342)) - om1@group-C5BA1605619E: start as a follower, conf=-1: peers:[om1|rpc:fv-az201-768.ett4tu3jvdse5ovc2mkgjqcs5a.bx.internal.cloudapp.net:9872|priority:0|startupRole:FOLLOWER]|listeners:[], old=null
2023-07-13 02:05:52,807 [om1-impl-thread1] INFO  server.RaftServer$Division (RaftServerImpl.java:setRole(329)) - om1@group-C5BA1605619E: changes role from      null to FOLLOWER at term 0 for startAsFollower
2023-07-13 02:05:52,808 [om1-impl-thread1] INFO  impl.RoleInfo (RoleInfo.java:updateAndGet(139)) - om1: start om1@group-C5BA1605619E-FollowerState
2023-07-13 02:05:52,808 [om1@group-C5BA1605619E-FollowerState] INFO  server.RaftServerConfigKeys (ConfUtils.java:logFallback(53)) - raft.server.rpc.first-election.timeout.min = 5s (fallback to raft.server.rpc.timeout.min)
2023-07-13 02:05:52,809 [om1-impl-thread1] INFO  util.JmxRegister (JmxRegister.java:tryRegister(44)) - Successfully registered JMX Bean with object name Ratis:service=RaftServer,group=group-C5BA1605619E,id=om1
2023-07-13 02:05:52,809 [om1-impl-thread1] INFO  server.RaftServerConfigKeys (ConfUtils.java:logGet(46)) - raft.server.snapshot.auto.trigger.enabled = true (custom)
2023-07-13 02:05:52,809 [om1-impl-thread1] INFO  server.RaftServerConfigKeys (ConfUtils.java:logGet(46)) - raft.server.snapshot.auto.trigger.threshold = 400000 (default)
2023-07-13 02:05:52,809 [om1-impl-thread1] INFO  server.RaftServerConfigKeys (ConfUtils.java:logGet(46)) - raft.server.snapshot.retention.file.num = -1 (default)
2023-07-13 02:05:52,809 [om1-impl-thread1] INFO  server.RaftServerConfigKeys (ConfUtils.java:logGet(46)) - raft.server.log.purge.upto.snapshot.index = true (custom)
2023-07-13 02:05:52,812 [om1@group-C5BA1605619E-FollowerState] INFO  server.RaftServerConfigKeys (ConfUtils.java:logFallback(53)) - raft.server.rpc.first-election.timeout.max = 5200ms (fallback to raft.server.rpc.timeout.max)
2023-07-13 02:05:52,812 [Time-limited test] INFO  server.RaftServer (RaftServerProxy.java:startImpl(400)) - om1: start RPC server
2023-07-13 02:05:52,813 [Time-limited test] INFO  server.GrpcService (GrpcService.java:startImpl(302)) - om1: GrpcService started, listening on 9872
2023-07-13 02:05:52,814 [Time-limited test] INFO  om.OzoneManager (OzoneManager.java:startSecretManager(1098)) - Starting OM delegation token secret manager
2023-07-13 02:05:52,814 [Time-limited test] INFO  security.OzoneDelegationTokenSecretManager (OzoneSecretManager.java:updateCurrentKey(175)) - Updating current master key for generating tokens. Cert id 1290712939407
2023-07-13 02:05:52,814 [JvmPauseMonitor5] INFO  util.JvmPauseMonitor (JvmPauseMonitor.java:run(103)) - JvmPauseMonitor-om1: Started
2023-07-13 02:05:52,824 [Time-limited test] INFO  om.OzoneManager (OzoneManager.java:start(1633)) - Version File has different layout version (6) than OM DB (null). That is expected if this OM has never been finalized to a newer layout version.
2023-07-13 02:05:52,826 [Thread[Thread-1292,5,FailOnTimeoutGroup]] INFO  security.OzoneDelegationTokenSecretManager (OzoneDelegationTokenSecretManager.java:run(636)) - Starting expired delegation token remover thread, tokenRemoverScanInterval=60 min(s)
2023-07-13 02:05:52,841 [Time-limited test] INFO  http.BaseHttpServer (BaseHttpServer.java:newHttpServer2BuilderForOzone(224)) - Starting Web-server for ozoneManager at: http://0.0.0.0:9874
2023-07-13 02:05:52,841 [Time-limited test] INFO  http.BaseHttpServer (BaseHttpServer.java:<init>(111)) - Hadoop Security Enabled: true Ozone Security Enabled: true Ozone HTTP Security Enabled: false 
2023-07-13 02:05:52,843 [Time-limited test] WARN  server.AuthenticationFilter (AuthenticationFilter.java:constructSecretProvider(240)) - Unable to initialize FileSignerSecretProvider, falling back to use random secrets. Reason: Could not read signature secret file: /home/runner/hadoop-http-auth-signature-secret
2023-07-13 02:05:52,844 [Time-limited test] INFO  http.HttpRequestLog (HttpRequestLog.java:getRequestLog(86)) - Http request log for http.requests.ozoneManager is not defined
2023-07-13 02:05:52,846 [Time-limited test] INFO  http.HttpServer2 (HttpServer2.java:addGlobalFilter(1031)) - Added global filter 'safety' (class=org.apache.hadoop.hdds.server.http.HttpServer2$QuotingInputFilter)
2023-07-13 02:05:52,847 [Time-limited test] INFO  http.HttpServer2 (HttpServer2.java:addFilter(1007)) - Added filter static_user_filter (class=org.apache.hadoop.http.lib.StaticUserWebFilter$StaticUserFilter) to context ozoneManager
2023-07-13 02:05:52,847 [Time-limited test] INFO  http.HttpServer2 (HttpServer2.java:addFilter(1015)) - Added filter static_user_filter (class=org.apache.hadoop.http.lib.StaticUserWebFilter$StaticUserFilter) to context static
2023-07-13 02:05:52,847 [Time-limited test] INFO  http.HttpServer2 (HttpServer2.java:addFilter(1015)) - Added filter static_user_filter (class=org.apache.hadoop.http.lib.StaticUserWebFilter$StaticUserFilter) to context logs
2023-07-13 02:05:52,848 [Time-limited test] INFO  http.BaseHttpServer (BaseHttpServer.java:<init>(190)) - HTTP server of ozoneManager uses base directory /tmp/junit640684864884110653/junit7453674593622604797/scm-meta/webserver
2023-07-13 02:05:52,848 [Time-limited test] INFO  http.HttpServer2 (HttpServer2.java:bindListener(1250)) - Jetty bound to port 9874
2023-07-13 02:05:52,848 [Time-limited test] INFO  server.Server (Server.java:doStart(375)) - jetty-9.4.51.v20230217; built: 2023-02-17T08:19:37.309Z; git: b45c405e4544384de066f814ed42ae3dceacdd49; jvm 1.8.0_372-b07
2023-07-13 02:05:52,850 [Time-limited test] INFO  server.session (DefaultSessionIdManager.java:doStart(334)) - DefaultSessionIdManager workerName=node0
2023-07-13 02:05:52,850 [Time-limited test] INFO  server.session (DefaultSessionIdManager.java:doStart(339)) - No SessionScavenger set, using defaults
2023-07-13 02:05:52,850 [Time-limited test] INFO  server.session (HouseKeeper.java:startScavenging(132)) - node0 Scavenging every 660000ms
2023-07-13 02:05:52,851 [Time-limited test] INFO  handler.ContextHandler (ContextHandler.java:doStart(921)) - Started o.e.j.s.ServletContextHandler@1294ff8b{logs,/logs,file:///home/runner/work/ozone/ozone/hadoop-ozone/integration-test/target/log,AVAILABLE}
2023-07-13 02:05:52,852 [Time-limited test] INFO  handler.ContextHandler (ContextHandler.java:doStart(921)) - Started o.e.j.s.ServletContextHandler@66f162a3{static,/static,file:///home/runner/work/ozone/ozone/hadoop-ozone/integration-test/target/test-classes/webapps/static,AVAILABLE}
2023-07-13 02:05:52,858 [Time-limited test] INFO  handler.ContextHandler (ContextHandler.java:doStart(921)) - Started o.e.j.w.WebAppContext@228bce7d{ozoneManager,/,file:///home/runner/work/ozone/ozone/hadoop-ozone/integration-test/target/test-classes/webapps/ozoneManager/,AVAILABLE}{file:/home/runner/work/ozone/ozone/hadoop-ozone/integration-test/target/test-classes/webapps/ozoneManager}
2023-07-13 02:05:52,859 [Time-limited test] INFO  server.AbstractConnector (AbstractConnector.java:doStart(333)) - Started ServerConnector@10b532a{HTTP/1.1, (http/1.1)}{0.0.0.0:9874}
2023-07-13 02:05:52,859 [Time-limited test] INFO  server.Server (Server.java:doStart(415)) - Started @77507ms
2023-07-13 02:05:52,859 [Time-limited test] WARN  impl.MetricsSystemImpl (MetricsSystemImpl.java:register(279)) - Sink prometheus already exists!
2023-07-13 02:05:52,860 [Time-limited test] INFO  http.BaseHttpServer (BaseHttpServer.java:updateConnectorAddress(344)) - HTTP server of ozoneManager listening at http://0.0.0.0:9874
2023-07-13 02:05:52,861 [IPC Server Responder] INFO  ipc.Server (Server.java:run(1562)) - IPC Server Responder: starting
2023-07-13 02:05:52,861 [IPC Server listener on 1202] INFO  ipc.Server (Server.java:run(1402)) - IPC Server listener on 1202: starting
2023-07-13 02:05:52,890 [Time-limited test] INFO  om.OzoneManager (OzoneManager.java:startTrashEmptier(2092)) - Trash Interval set to 0. Files deleted won't move to trash
2023-07-13 02:05:52,894 [pool-340-thread-1] INFO  request.KdcRequest (KdcRequest.java:preauth(651)) - The preauth data is empty.
2023-07-13 02:05:52,894 [pool-340-thread-1] INFO  server.KdcHandler (KdcHandler.java:handleRecoverableException(177)) - KRB error occurred while processing request:Additional pre-authentication required
2023-07-13 02:05:52,902 [pool-340-thread-1] INFO  request.AsRequest (AsRequest.java:issueTicket(112)) - AS_REQ ISSUE: authtime 1689213952902,test@EXAMPLE.COM for krbtgt/EXAMPLE.COM@EXAMPLE.COM
2023-07-13 02:05:52,941 [pool-340-thread-1] INFO  request.TgsRequest (TgsRequest.java:issueTicket(115)) - TGS_REQ ISSUE: authtime 1689213952941,test for om/fv-az201-768.ett4tu3jvdse5ovc2mkgjqcs5a.bx.internal.cloudapp.net@EXAMPLE.COM
2023-07-13 02:05:52,953 [Socket Reader #1 for port 1202] INFO  ipc.Server (Server.java:saslProcess(2139)) - Auth successful for test@EXAMPLE.COM (auth:KERBEROS) from fv-az201-768.ett4tu3jvdse5ovc2mkgjqcs5a.bx.internal.cloudapp.net:42132 / 10.1.0.115:42132
2023-07-13 02:05:54,998 [Time-limited test] INFO  retry.RetryInvocationHandler (RetryInvocationHandler.java:log(422)) - com.google.protobuf.ServiceException: org.apache.hadoop.ipc.RemoteException(org.apache.hadoop.ozone.om.exceptions.OMNotLeaderException): OM:om1 is not the leader. Could not determine the leader node.
	at org.apache.hadoop.ozone.om.OzoneManager.checkLeaderStatus(OzoneManager.java:4010)
	at org.apache.hadoop.ozone.om.ratis.utils.OzoneManagerRatisUtils.checkLeaderStatus(OzoneManagerRatisUtils.java:473)
	at org.apache.hadoop.ozone.protocolPB.OzoneManagerProtocolServerSideTranslatorPB.processRequest(OzoneManagerProtocolServerSideTranslatorPB.java:185)
	at org.apache.hadoop.hdds.server.OzoneProtocolMessageDispatcher.processRequest(OzoneProtocolMessageDispatcher.java:87)
	at org.apache.hadoop.ozone.protocolPB.OzoneManagerProtocolServerSideTranslatorPB.submitRequest(OzoneManagerProtocolServerSideTranslatorPB.java:148)
	at org.apache.hadoop.ozone.protocol.proto.OzoneManagerProtocolProtos$OzoneManagerService$2.callBlockingMethod(OzoneManagerProtocolProtos.java)
	at org.apache.hadoop.ipc.ProtobufRpcEngine$Server.processCall(ProtobufRpcEngine.java:484)
	at org.apache.hadoop.ipc.ProtobufRpcEngine2$Server$ProtoBufRpcInvoker.call(ProtobufRpcEngine2.java:595)
	at org.apache.hadoop.ipc.ProtobufRpcEngine2$Server$ProtoBufRpcInvoker.call(ProtobufRpcEngine2.java:573)
	at org.apache.hadoop.ipc.RPC$Server.call(RPC.java:1227)
	at org.apache.hadoop.ipc.Server$RpcCall.run(Server.java:1094)
	at org.apache.hadoop.ipc.Server$RpcCall.run(Server.java:1017)
	at java.security.AccessController.doPrivileged(Native Method)
	at javax.security.auth.Subject.doAs(Subject.java:422)
	at org.apache.hadoop.security.UserGroupInformation.doAs(UserGroupInformation.java:1899)
	at org.apache.hadoop.ipc.Server$Handler.run(Server.java:3048)
, while invoking $Proxy54.submitRequest over nodeId=null,nodeAddress=fv-az201-768.ett4tu3jvdse5ovc2mkgjqcs5a.bx.internal.cloudapp.net:1202 after 1 failover attempts. Trying to failover after sleeping for 4000ms. Current retry count: 1.
2023-07-13 02:05:57,884 [om1@group-C5BA1605619E-FollowerState] INFO  impl.FollowerState (FollowerState.java:run(143)) - om1@group-C5BA1605619E-FollowerState: change to CANDIDATE, lastRpcElapsedTime:5075914362ns, electionTimeout:5072ms
2023-07-13 02:05:57,885 [om1@group-C5BA1605619E-FollowerState] INFO  impl.RoleInfo (RoleInfo.java:shutdownFollowerState(110)) - om1: shutdown om1@group-C5BA1605619E-FollowerState
2023-07-13 02:05:57,885 [om1@group-C5BA1605619E-FollowerState] INFO  server.RaftServer$Division (RaftServerImpl.java:setRole(329)) - om1@group-C5BA1605619E: changes role from  FOLLOWER to CANDIDATE at term 0 for changeToCandidate
2023-07-13 02:05:57,885 [om1@group-C5BA1605619E-FollowerState] INFO  server.RaftServerConfigKeys (ConfUtils.java:logGet(46)) - raft.server.leaderelection.pre-vote = true (default)
2023-07-13 02:05:57,885 [om1@group-C5BA1605619E-FollowerState] INFO  impl.RoleInfo (RoleInfo.java:updateAndGet(139)) - om1: start om1@group-C5BA1605619E-LeaderElection2
2023-07-13 02:05:57,888 [om1@group-C5BA1605619E-LeaderElection2] INFO  impl.LeaderElection (LeaderElection.java:askForVotes(321)) - om1@group-C5BA1605619E-LeaderElection2 PRE_VOTE round 0: submit vote requests at term 0 for -1: peers:[om1|rpc:fv-az201-768.ett4tu3jvdse5ovc2mkgjqcs5a.bx.internal.cloudapp.net:9872|priority:0|startupRole:FOLLOWER]|listeners:[], old=null
2023-07-13 02:05:57,888 [om1@group-C5BA1605619E-LeaderElection2] INFO  impl.LeaderElection (LeaderElection.java:askForVotes(323)) - om1@group-C5BA1605619E-LeaderElection2 PRE_VOTE round 0: result PASSED (term=0)
2023-07-13 02:05:57,891 [om1@group-C5BA1605619E-LeaderElection2] INFO  impl.LeaderElection (LeaderElection.java:askForVotes(321)) - om1@group-C5BA1605619E-LeaderElection2 ELECTION round 0: submit vote requests at term 1 for -1: peers:[om1|rpc:fv-az201-768.ett4tu3jvdse5ovc2mkgjqcs5a.bx.internal.cloudapp.net:9872|priority:0|startupRole:FOLLOWER]|listeners:[], old=null
2023-07-13 02:05:57,891 [om1@group-C5BA1605619E-LeaderElection2] INFO  impl.LeaderElection (LeaderElection.java:askForVotes(323)) - om1@group-C5BA1605619E-LeaderElection2 ELECTION round 0: result PASSED (term=1)
2023-07-13 02:05:57,891 [om1@group-C5BA1605619E-LeaderElection2] INFO  impl.RoleInfo (RoleInfo.java:shutdownLeaderElection(130)) - om1: shutdown om1@group-C5BA1605619E-LeaderElection2
2023-07-13 02:05:57,891 [om1@group-C5BA1605619E-LeaderElection2] INFO  server.RaftServer$Division (RaftServerImpl.java:setRole(329)) - om1@group-C5BA1605619E: changes role from CANDIDATE to LEADER at term 1 for changeToLeader
2023-07-13 02:05:57,892 [om1@group-C5BA1605619E-LeaderElection2] INFO  server.RaftServer$Division (ServerState.java:setLeader(317)) - om1@group-C5BA1605619E: change Leader from null to om1 at term 1 for becomeLeader, leader elected after 6114ms
2023-07-13 02:05:57,892 [om1@group-C5BA1605619E-LeaderElection2] INFO  server.RaftServerConfigKeys (ConfUtils.java:logGet(46)) - raft.server.staging.catchup.gap = 1000 (default)
2023-07-13 02:05:57,894 [om1@group-C5BA1605619E-LeaderElection2] INFO  server.RaftServerConfigKeys (ConfUtils.java:logGet(46)) - raft.server.write.element-limit = 4096 (default)
2023-07-13 02:05:57,894 [om1@group-C5BA1605619E-LeaderElection2] INFO  server.RaftServerConfigKeys (ConfUtils.java:logGet(46)) - raft.server.write.byte-limit = 64MB (=67108864) (default)
2023-07-13 02:05:57,894 [om1@group-C5BA1605619E-LeaderElection2] INFO  server.RaftServerConfigKeys (ConfUtils.java:logGet(46)) - raft.server.watch.timeout = 10s (default)
2023-07-13 02:05:57,894 [om1@group-C5BA1605619E-LeaderElection2] INFO  server.RaftServerConfigKeys (ConfUtils.java:logGet(46)) - raft.server.watch.timeout.denomination = 1s (default)
2023-07-13 02:05:57,894 [om1@group-C5BA1605619E-LeaderElection2] INFO  server.RaftServerConfigKeys (ConfUtils.java:logGet(46)) - raft.server.watch.element-limit = 65536 (default)
2023-07-13 02:05:57,895 [om1@group-C5BA1605619E-LeaderElection2] INFO  server.RaftServerConfigKeys (ConfUtils.java:logGet(46)) - raft.server.write.element-limit = 4096 (default)
2023-07-13 02:05:57,895 [om1@group-C5BA1605619E-LeaderElection2] INFO  server.RaftServerConfigKeys (ConfUtils.java:logGet(46)) - raft.server.write.follower.gap.ratio.max = -1.0 (default)
2023-07-13 02:05:57,895 [om1@group-C5BA1605619E-LeaderElection2] INFO  impl.RoleInfo (RoleInfo.java:updateAndGet(139)) - om1: start om1@group-C5BA1605619E-LeaderStateImpl
2023-07-13 02:05:57,897 [om1@group-C5BA1605619E-LeaderElection2] INFO  segmented.SegmentedRaftLogWorker (SegmentedRaftLogWorker.java:startLogSegment(447)) - om1@group-C5BA1605619E-SegmentedRaftLogWorker: Starting segment from index:0
2023-07-13 02:05:57,904 [om1@group-C5BA1605619E-LeaderElection2] INFO  server.RaftServer$Division (ServerState.java:setRaftConf(434)) - om1@group-C5BA1605619E: set configuration 0: peers:[om1|rpc:fv-az201-768.ett4tu3jvdse5ovc2mkgjqcs5a.bx.internal.cloudapp.net:9872|admin:|client:|dataStream:|priority:0|startupRole:FOLLOWER]|listeners:[], old=null
2023-07-13 02:05:57,925 [om1@group-C5BA1605619E-SegmentedRaftLogWorker] INFO  segmented.SegmentedRaftLogWorker (SegmentedRaftLogWorker.java:execute(651)) - om1@group-C5BA1605619E-SegmentedRaftLogWorker: created new log segment /tmp/junit640684864884110653/junit7453674593622604797/scm-meta/ratis/bf265839-605b-3f16-9796-c5ba1605619e/current/log_inprogress_0
2023-07-13 02:05:57,928 [om1@group-C5BA1605619E-StateMachineUpdater] INFO  ratis.OzoneManagerStateMachine (OzoneManagerStateMachine.java:notifyConfigurationChanged(201)) - Received Configuration change notification from Ratis. New Peer list:
[id: "om1"
address: "fv-az201-768.ett4tu3jvdse5ovc2mkgjqcs5a.bx.internal.cloudapp.net:9872"
startupRole: FOLLOWER
]
2023-07-13 02:05:59,029 [OM StateMachine ApplyTransaction Thread - 0] INFO  volume.OMVolumeCreateRequest (OMVolumeCreateRequest.java:validateAndUpdateCache(196)) - created volume:vol1 for user:owner1
2023-07-13 02:05:59,085 [Time-limited test] WARN  ipc.Client (Client.java:run(733)) - Exception encountered while connecting to the server fv-az201-768.ett4tu3jvdse5ovc2mkgjqcs5a.bx.internal.cloudapp.net/10.1.0.115:1202
org.apache.hadoop.security.AccessControlException: Client cannot authenticate via:[TOKEN, KERBEROS]
	at org.apache.hadoop.security.SaslRpcClient.selectSaslClient(SaslRpcClient.java:179)
	at org.apache.hadoop.security.SaslRpcClient.saslConnect(SaslRpcClient.java:392)
	at org.apache.hadoop.ipc.Client$Connection.setupSaslConnection(Client.java:561)
	at org.apache.hadoop.ipc.Client$Connection.access$2100(Client.java:347)
	at org.apache.hadoop.ipc.Client$Connection$2.run(Client.java:783)
	at org.apache.hadoop.ipc.Client$Connection$2.run(Client.java:779)
	at java.security.AccessController.doPrivileged(Native Method)
	at javax.security.auth.Subject.doAs(Subject.java:422)
	at org.apache.hadoop.security.UserGroupInformation.doAs(UserGroupInformation.java:1899)
	at org.apache.hadoop.ipc.Client$Connection.setupIOstreams(Client.java:779)
	at org.apache.hadoop.ipc.Client$Connection.access$3800(Client.java:347)
	at org.apache.hadoop.ipc.Client.getConnection(Client.java:1632)
	at org.apache.hadoop.ipc.Client.call(Client.java:1457)
	at org.apache.hadoop.ipc.Client.call(Client.java:1410)
	at org.apache.hadoop.ipc.ProtobufRpcEngine$Invoker.invoke(ProtobufRpcEngine.java:250)
	at org.apache.hadoop.ipc.ProtobufRpcEngine$Invoker.invoke(ProtobufRpcEngine.java:132)
	at com.sun.proxy.$Proxy54.submitRequest(Unknown Source)
	at sun.reflect.GeneratedMethodAccessor23.invoke(Unknown Source)
	at sun.reflect.DelegatingMethodAccessorImpl.invoke(DelegatingMethodAccessorImpl.java:43)
	at java.lang.reflect.Method.invoke(Method.java:498)
	at org.apache.hadoop.io.retry.RetryInvocationHandler.invokeMethod(RetryInvocationHandler.java:433)
	at org.apache.hadoop.io.retry.RetryInvocationHandler$Call.invokeMethod(RetryInvocationHandler.java:166)
	at org.apache.hadoop.io.retry.RetryInvocationHandler$Call.invoke(RetryInvocationHandler.java:158)
	at org.apache.hadoop.io.retry.RetryInvocationHandler$Call.invokeOnce(RetryInvocationHandler.java:96)
	at org.apache.hadoop.io.retry.RetryInvocationHandler.invoke(RetryInvocationHandler.java:362)
	at com.sun.proxy.$Proxy54.submitRequest(Unknown Source)
	at org.apache.hadoop.ozone.om.protocolPB.Hadoop3OmTransport.submitRequest(Hadoop3OmTransport.java:80)
	at org.apache.hadoop.ozone.om.protocolPB.OzoneManagerProtocolClientSideTranslatorPB.submitRequest(OzoneManagerProtocolClientSideTranslatorPB.java:321)
	at org.apache.hadoop.ozone.om.protocolPB.OzoneManagerProtocolClientSideTranslatorPB.listVolume(OzoneManagerProtocolClientSideTranslatorPB.java:527)
	at org.apache.hadoop.ozone.om.protocolPB.OzoneManagerProtocolClientSideTranslatorPB.listAllVolumes(OzoneManagerProtocolClientSideTranslatorPB.java:516)
	at org.apache.hadoop.ozone.TestSecureOzoneCluster.lambda$testAccessControlExceptionOnClient$5(TestSecureOzoneCluster.java:589)
	at org.apache.ozone.test.LambdaTestUtils.intercept(LambdaTestUtils.java:491)
	at org.apache.ozone.test.LambdaTestUtils.intercept(LambdaTestUtils.java:377)
	at org.apache.ozone.test.LambdaTestUtils.intercept(LambdaTestUtils.java:446)
	at org.apache.hadoop.ozone.TestSecureOzoneCluster.testAccessControlExceptionOnClient(TestSecureOzoneCluster.java:588)
	at sun.reflect.NativeMethodAccessorImpl.invoke0(Native Method)
	at sun.reflect.NativeMethodAccessorImpl.invoke(NativeMethodAccessorImpl.java:62)
	at sun.reflect.DelegatingMethodAccessorImpl.invoke(DelegatingMethodAccessorImpl.java:43)
	at java.lang.reflect.Method.invoke(Method.java:498)
	at org.junit.runners.model.FrameworkMethod$1.runReflectiveCall(FrameworkMethod.java:59)
	at org.junit.internal.runners.model.ReflectiveCallable.run(ReflectiveCallable.java:12)
	at org.junit.runners.model.FrameworkMethod.invokeExplosively(FrameworkMethod.java:56)
	at org.junit.internal.runners.statements.InvokeMethod.evaluate(InvokeMethod.java:17)
	at org.junit.internal.runners.statements.RunBefores.evaluate(RunBefores.java:26)
	at org.junit.internal.runners.statements.RunAfters.evaluate(RunAfters.java:27)
	at org.junit.rules.ExternalResource$1.evaluate(ExternalResource.java:54)
	at org.junit.internal.runners.statements.FailOnTimeout$CallableStatement.call(FailOnTimeout.java:288)
	at org.junit.internal.runners.statements.FailOnTimeout$CallableStatement.call(FailOnTimeout.java:282)
	at java.util.concurrent.FutureTask.run(FutureTask.java:266)
	at java.lang.Thread.run(Thread.java:750)
2023-07-13 02:05:59,093 [Time-limited test] INFO  impl.DefaultInternalKdcServerImpl (DefaultInternalKdcServerImpl.java:doStop(102)) - Default Internal kdc server stopped.
2023-07-13 02:06:00,094 [Time-limited test] INFO  minikdc.MiniKdc (MiniKdc.java:stop(359)) - MiniKdc stopped.
2023-07-13 02:06:00,094 [Time-limited test] INFO  server.StorageContainerManager (StorageContainerManager.java:stop(1590)) - Container Balancer is not running.
2023-07-13 02:06:00,094 [Time-limited test] INFO  server.StorageContainerManager (StorageContainerManager.java:stopReplicationManager(1723)) - Stopping Replication Manager Service.
2023-07-13 02:06:00,094 [Time-limited test] INFO  replication.ReplicationManager (ReplicationManager.java:stop(319)) - Stopping Replication Monitor Thread.
2023-07-13 02:06:00,094 [Time-limited test] INFO  server.StorageContainerManager (StorageContainerManager.java:stop(1599)) - Stopping the Datanode Admin Monitor.
2023-07-13 02:06:00,095 [Under Replicated Processor] WARN  replication.UnhealthyReplicationProcessor (UnhealthyReplicationProcessor.java:run(180)) - Under Replicated Processor interrupted. Exiting...
2023-07-13 02:06:00,095 [Over Replicated Processor] WARN  replication.UnhealthyReplicationProcessor (UnhealthyReplicationProcessor.java:run(180)) - Over Replicated Processor interrupted. Exiting...
2023-07-13 02:06:00,095 [ReplicationMonitor] INFO  replication.ReplicationManager (ReplicationManager.java:run(917)) - Replication Monitor Thread is stopped
2023-07-13 02:06:00,095 [Time-limited test] INFO  server.StorageContainerManager (StorageContainerManager.java:stop(1606)) - Stopping datanode service RPC server
2023-07-13 02:06:00,095 [Time-limited test] INFO  server.SCMDatanodeProtocolServer (SCMDatanodeProtocolServer.java:stop(424)) - Stopping the RPC server for DataNodes
2023-07-13 02:06:00,095 [Time-limited test] INFO  ipc.Server (Server.java:stop(3523)) - Stopping server on 9861
2023-07-13 02:06:00,202 [SCM Heartbeat Processing Thread - 0] WARN  node.NodeStateManager (NodeStateManager.java:scheduleNextHealthCheck(874)) - Current Thread is interrupted, shutting down HB processing thread for Node Manager.
2023-07-13 02:06:00,202 [Time-limited test] INFO  server.StorageContainerManager (StorageContainerManager.java:stop(1614)) - Stopping block service RPC server
2023-07-13 02:06:00,202 [Time-limited test] INFO  server.SCMBlockProtocolServer (SCMBlockProtocolServer.java:stop(161)) - Stopping the RPC server for Block Protocol
2023-07-13 02:06:00,203 [Time-limited test] INFO  ipc.Server (Server.java:stop(3523)) - Stopping server on 9863
2023-07-13 02:06:00,203 [Time-limited test] INFO  server.StorageContainerManager (StorageContainerManager.java:stop(1621)) - Stopping the StorageContainerLocationProtocol RPC server
2023-07-13 02:06:00,203 [Time-limited test] INFO  server.SCMClientProtocolServer (SCMClientProtocolServer.java:stop(209)) - Stopping the RPC server for Client Protocol
2023-07-13 02:06:00,203 [Time-limited test] INFO  ipc.Server (Server.java:stop(3523)) - Stopping server on 9860
2023-07-13 02:06:00,203 [Time-limited test] INFO  server.StorageContainerManager (StorageContainerManager.java:stop(1628)) - Stopping Storage Container Manager HTTP server.
2023-07-13 02:06:00,204 [Time-limited test] INFO  server.StorageContainerManager (StorageContainerManager.java:stop(1636)) - Stopping SCM LayoutVersionManager Service.
2023-07-13 02:06:00,204 [Time-limited test] INFO  server.SCMSecurityProtocolServer (SCMSecurityProtocolServer.java:stop(536)) - Stopping the SCMSecurityProtocolServer.
2023-07-13 02:06:00,204 [Time-limited test] INFO  ipc.Server (Server.java:stop(3523)) - Stopping server on 9961
2023-07-13 02:06:00,204 [Time-limited test] INFO  server.SCMUpdateServiceGrpcServer (SCMUpdateServiceGrpcServer.java:stop(73)) - SCMUpdateService stopping
2023-07-13 02:06:00,204 [Time-limited test] INFO  server.StorageContainerManager (StorageContainerManager.java:stop(1648)) - Stopping Block Manager Service.
2023-07-13 02:06:00,204 [Time-limited test] INFO  utils.BackgroundService (BackgroundService.java:shutdown(141)) - Shutting down service SCMBlockDeletingService
2023-07-13 02:06:00,204 [Time-limited test] INFO  utils.BackgroundService (BackgroundService.java:shutdown(141)) - Shutting down service SCMBlockDeletingService
2023-07-13 02:06:00,204 [Time-limited test] INFO  server.StorageContainerManager (StorageContainerManager.java:stop(1668)) - Stopping SCM Event Queue.
2023-07-13 02:06:00,205 [Time-limited test] INFO  server.StorageContainerManager (StorageContainerManager.java:stop(1679)) - Stopping SCM HA services.
2023-07-13 02:06:00,205 [Time-limited test] INFO  pipeline.BackgroundPipelineCreator (BackgroundPipelineCreator.java:stop(149)) - Stopping RatisPipelineUtilsThread.
2023-07-13 02:06:00,205 [RatisPipelineUtilsThread - 0] WARN  pipeline.BackgroundPipelineCreator (BackgroundPipelineCreator.java:run(180)) - RatisPipelineUtilsThread is interrupted.
2023-07-13 02:06:00,205 [BackgroundPipelineScrubberThread] WARN  BackgroundPipelineScrubber (BackgroundSCMService.java:run(115)) - BackgroundPipelineScrubber is interrupted, exit
2023-07-13 02:06:00,205 [Time-limited test] INFO  BackgroundPipelineScrubber (BackgroundSCMService.java:stop(131)) - Stopping BackgroundPipelineScrubber Service.
2023-07-13 02:06:00,206 [Time-limited test] WARN  pipeline.BackgroundPipelineCreator (BackgroundPipelineCreator.java:stop(145)) - RatisPipelineUtilsThread is not running, just ignore.
2023-07-13 02:06:00,206 [Time-limited test] INFO  BackgroundPipelineScrubber (BackgroundSCMService.java:stop(126)) - BackgroundPipelineScrubber Service is not running, skip stop.
2023-07-13 02:06:00,206 [ExpiredContainerReplicaOpScrubberThread] WARN  ExpiredContainerReplicaOpScrubber (BackgroundSCMService.java:run(115)) - ExpiredContainerReplicaOpScrubber is interrupted, exit
2023-07-13 02:06:00,206 [Time-limited test] INFO  ExpiredContainerReplicaOpScrubber (BackgroundSCMService.java:stop(131)) - Stopping ExpiredContainerReplicaOpScrubber Service.
2023-07-13 02:06:00,206 [Time-limited test] INFO  utils.BackgroundService (BackgroundService.java:shutdown(141)) - Shutting down service SCMBlockDeletingService
2023-07-13 02:06:00,206 [Time-limited test] INFO  replication.ReplicationManager (ReplicationManager.java:stop(329)) - Replication Monitor Thread is not running.
2023-07-13 02:06:00,206 [Time-limited test] WARN  balancer.ContainerBalancer (ContainerBalancer.java:stop(326)) - Cannot stop Container Balancer because it's not running or stopping
2023-07-13 02:06:00,206 [Time-limited test] INFO  server.StorageContainerManager (StorageContainerManager.java:stop(1714)) - Stopping SCM MetadataStore.
2023-07-13 02:06:00,208 [Time-limited test] INFO  server.SCMSecurityProtocolServer (SCMSecurityProtocolServer.java:join(546)) - Join RPC server for SCMSecurityProtocolServer.
2023-07-13 02:06:00,208 [Time-limited test] INFO  server.SCMSecurityProtocolServer (SCMSecurityProtocolServer.java:join(548)) - Join gRPC server for SCMSecurityProtocolServer.
2023-07-13 02:06:00,208 [Time-limited test] INFO  om.OzoneManager (OzoneManager.java:stop(2198)) - om1[fv-az201-768.ett4tu3jvdse5ovc2mkgjqcs5a.bx.internal.cloudapp.net:1202]: Stopping Ozone Manager
2023-07-13 02:06:00,208 [Time-limited test] INFO  ipc.Server (Server.java:stop(3523)) - Stopping server on 1202
2023-07-13 02:06:00,212 [IPC Server listener on 1202] INFO  ipc.Server (Server.java:run(1434)) - Stopping IPC Server listener on 1202
2023-07-13 02:06:00,213 [Time-limited test] INFO  server.RaftServer (RaftServerProxy.java:lambda$close$6(416)) - om1: close
2023-07-13 02:06:00,213 [Time-limited test] INFO  server.GrpcService (GrpcService.java:closeImpl(311)) - om1: shutdown server GrpcServerProtocolService now
2023-07-13 02:06:00,213 [om1-impl-thread1] INFO  server.RaftServer$Division (RaftServerImpl.java:lambda$close$4(466)) - om1@group-C5BA1605619E: shutdown
2023-07-13 02:06:00,213 [om1-impl-thread1] INFO  util.JmxRegister (JmxRegister.java:unregister(73)) - Successfully un-registered JMX Bean with object name Ratis:service=RaftServer,group=group-C5BA1605619E,id=om1
2023-07-13 02:06:00,213 [om1-impl-thread1] INFO  impl.RoleInfo (RoleInfo.java:shutdownLeaderState(93)) - om1: shutdown om1@group-C5BA1605619E-LeaderStateImpl
2023-07-13 02:06:00,214 [om1-impl-thread1] INFO  impl.PendingRequests (PendingRequests.java:sendNotLeaderResponses(289)) - om1@group-C5BA1605619E-PendingRequests: sendNotLeaderResponses
2023-07-13 02:06:00,213 [IPC Server Responder] INFO  ipc.Server (Server.java:run(1567)) - Stopping IPC Server Responder
2023-07-13 02:06:00,217 [om1-impl-thread1] INFO  impl.StateMachineUpdater (StateMachineUpdater.java:stopAndJoin(155)) - om1@group-C5BA1605619E-StateMachineUpdater: set stopIndex = 2
2023-07-13 02:06:00,217 [om1@group-C5BA1605619E-StateMachineUpdater] INFO  ratis.OzoneManagerStateMachine (OzoneManagerStateMachine.java:takeSnapshot(479)) - Current Snapshot Index (t:1, i:2)
2023-07-13 02:06:00,223 [Time-limited test] INFO  server.GrpcService (GrpcService.java:closeImpl(320)) - om1: shutdown server GrpcServerProtocolService successfully
2023-07-13 02:06:00,239 [om1@group-C5BA1605619E-StateMachineUpdater] INFO  impl.StateMachineUpdater (StateMachineUpdater.java:takeSnapshot(291)) - om1@group-C5BA1605619E-StateMachineUpdater: Took a snapshot at index 2
2023-07-13 02:06:00,239 [om1@group-C5BA1605619E-StateMachineUpdater] INFO  impl.StateMachineUpdater (StateMachineUpdater.java:lambda$new$0(97)) - om1@group-C5BA1605619E-StateMachineUpdater: snapshotIndex: updateIncreasingly -1 -> 2
2023-07-13 02:06:00,239 [om1@group-C5BA1605619E-StateMachineUpdater] INFO  ratis.OzoneManagerStateMachine (OzoneManagerStateMachine.java:close(533)) - StateMachine has shutdown. Shutdown OzoneManager if not already shutdown.
2023-07-13 02:06:00,239 [om1@group-C5BA1605619E-StateMachineUpdater] INFO  ratis.OzoneManagerDoubleBuffer (OzoneManagerDoubleBuffer.java:stopDaemon(551)) - Stopping OMDoubleBuffer flush thread
2023-07-13 02:06:00,239 [OMDoubleBufferFlushThread] INFO  ratis.OzoneManagerDoubleBuffer (OzoneManagerDoubleBuffer.java:canFlush(638)) - OMDoubleBuffer flush thread OMDoubleBufferFlushThread is interrupted and will exit.
2023-07-13 02:06:00,240 [om1-impl-thread1] INFO  server.RaftServer$Division (ServerState.java:close(472)) - om1@group-C5BA1605619E: closes. applyIndex: 2
2023-07-13 02:06:01,015 [om1-impl-thread1] INFO  segmented.SegmentedRaftLogWorker (SegmentedRaftLogWorker.java:close(252)) - om1@group-C5BA1605619E-SegmentedRaftLogWorker close()
2023-07-13 02:06:01,016 [JvmPauseMonitor5] INFO  util.JvmPauseMonitor (JvmPauseMonitor.java:run(109)) - JvmPauseMonitor-om1: Stopped
2023-07-13 02:06:01,016 [Time-limited test] INFO  ratis.OzoneManagerStateMachine (OzoneManagerStateMachine.java:close(533)) - StateMachine has shutdown. Shutdown OzoneManager if not already shutdown.
2023-07-13 02:06:01,016 [Time-limited test] INFO  ratis.OzoneManagerDoubleBuffer (OzoneManagerDoubleBuffer.java:stopDaemon(560)) - OMDoubleBuffer flush thread is not running.
2023-07-13 02:06:01,017 [Time-limited test] INFO  utils.BackgroundService (BackgroundService.java:shutdown(141)) - Shutting down service KeyDeletingService
2023-07-13 02:06:01,017 [Time-limited test] INFO  utils.BackgroundService (BackgroundService.java:shutdown(141)) - Shutting down service KeyDeletingService
2023-07-13 02:06:01,018 [Time-limited test] INFO  utils.BackgroundService (BackgroundService.java:shutdown(141)) - Shutting down service OpenKeyCleanupService
2023-07-13 02:06:01,018 [Time-limited test] INFO  utils.BackgroundService (BackgroundService.java:shutdown(141)) - Shutting down service SstFilteringService
2023-07-13 02:06:01,018 [Time-limited test] INFO  utils.BackgroundService (BackgroundService.java:shutdown(141)) - Shutting down service SnapshotDeletingService
2023-07-13 02:06:01,018 [Time-limited test] INFO  om.OzoneManager (OzoneManager.java:stopSecretManager(1058)) - Stopping secret key client.
2023-07-13 02:06:01,019 [Time-limited test] INFO  om.OzoneManager (OzoneManager.java:stopSecretManager(1063)) - Stopping OM delegation token secret manager.
2023-07-13 02:06:01,019 [Thread[Thread-1292,5,FailOnTimeoutGroup]] INFO  security.OzoneDelegationTokenSecretManager (OzoneDelegationTokenSecretManager.java:run(653)) - ExpiredTokenRemover was interrupted.
java.lang.InterruptedException: sleep interrupted
	at java.lang.Thread.sleep(Native Method)
	at org.apache.hadoop.ozone.security.OzoneDelegationTokenSecretManager$ExpiredTokenRemover.run(OzoneDelegationTokenSecretManager.java:649)
	at java.lang.Thread.run(Thread.java:750)
2023-07-13 02:06:01,020 [Time-limited test] INFO  handler.ContextHandler (ContextHandler.java:doStop(1159)) - Stopped o.e.j.w.WebAppContext@228bce7d{ozoneManager,/,null,STOPPED}{file:/home/runner/work/ozone/ozone/hadoop-ozone/integration-test/target/test-classes/webapps/ozoneManager}
2023-07-13 02:06:01,020 [Time-limited test] INFO  server.AbstractConnector (AbstractConnector.java:doStop(383)) - Stopped ServerConnector@10b532a{HTTP/1.1, (http/1.1)}{0.0.0.0:9874}
2023-07-13 02:06:01,020 [Time-limited test] INFO  server.session (HouseKeeper.java:stopScavenging(149)) - node0 Stopped scavenging
2023-07-13 02:06:01,021 [Time-limited test] INFO  handler.ContextHandler (ContextHandler.java:doStop(1159)) - Stopped o.e.j.s.ServletContextHandler@66f162a3{static,/static,file:///home/runner/work/ozone/ozone/hadoop-ozone/integration-test/target/test-classes/webapps/static,STOPPED}
2023-07-13 02:06:01,021 [Time-limited test] INFO  handler.ContextHandler (ContextHandler.java:doStop(1159)) - Stopped o.e.j.s.ServletContextHandler@1294ff8b{logs,/logs,file:///home/runner/work/ozone/ozone/hadoop-ozone/integration-test/target/log,STOPPED}
2023-07-13 02:06:01,024 [Time-limited test] INFO  snapshot.SnapshotDiffManager (SnapshotDiffManager.java:closeExecutorService(1720)) - Shutting down executorService: 'SnapDiffExecutor'
2023-07-13 02:06:01,024 [Time-limited test] INFO  snapshot.SnapshotDiffManager (SnapshotDiffManager.java:closeExecutorService(1720)) - Shutting down executorService: 'SstDumpToolExecutor'
2023-07-13 02:06:01,024 [Time-limited test] INFO  utils.BackgroundService (BackgroundService.java:shutdown(141)) - Shutting down service SnapshotDiffCleanupService
]]></system-out>
  </testcase>
  <testcase name="testDelegationTokenRenewCrossCertificateRenew" classname="org.apache.hadoop.ozone.TestSecureOzoneCluster" time="18.509">
    <failure type="org.junit.ComparisonFailure"><![CDATA[org.junit.ComparisonFailure: expected:<13[15521149278]> but was:<13[00848912903]>
	at org.junit.Assert.assertEquals(Assert.java:117)
	at org.junit.Assert.assertEquals(Assert.java:146)
	at org.apache.hadoop.ozone.TestSecureOzoneCluster.testDelegationTokenRenewCrossCertificateRenew(TestSecureOzoneCluster.java:1199)
	at sun.reflect.NativeMethodAccessorImpl.invoke0(Native Method)
	at sun.reflect.NativeMethodAccessorImpl.invoke(NativeMethodAccessorImpl.java:62)
	at sun.reflect.DelegatingMethodAccessorImpl.invoke(DelegatingMethodAccessorImpl.java:43)
	at java.lang.reflect.Method.invoke(Method.java:498)
	at org.junit.runners.model.FrameworkMethod$1.runReflectiveCall(FrameworkMethod.java:59)
	at org.junit.internal.runners.model.ReflectiveCallable.run(ReflectiveCallable.java:12)
	at org.junit.runners.model.FrameworkMethod.invokeExplosively(FrameworkMethod.java:56)
	at org.junit.internal.runners.statements.InvokeMethod.evaluate(InvokeMethod.java:17)
	at org.junit.internal.runners.statements.RunBefores.evaluate(RunBefores.java:26)
	at org.junit.internal.runners.statements.RunAfters.evaluate(RunAfters.java:27)
	at org.junit.rules.ExternalResource$1.evaluate(ExternalResource.java:54)
	at org.junit.internal.runners.statements.FailOnTimeout$CallableStatement.call(FailOnTimeout.java:288)
	at org.junit.internal.runners.statements.FailOnTimeout$CallableStatement.call(FailOnTimeout.java:282)
	at java.util.concurrent.FutureTask.run(FutureTask.java:266)
	at java.lang.Thread.run(Thread.java:750)
]]></failure>
    <system-out><![CDATA[2023-07-13 02:06:01,049 [Time-limited test] INFO  net.ServerSocketUtil (ServerSocketUtil.java:getPort(55)) - Using port 9860
2023-07-13 02:06:01,050 [Time-limited test] INFO  net.ServerSocketUtil (ServerSocketUtil.java:getPort(55)) - Using port 9861
2023-07-13 02:06:01,050 [Time-limited test] INFO  net.ServerSocketUtil (ServerSocketUtil.java:getPort(55)) - Using port 9863
2023-07-13 02:06:01,050 [Time-limited test] INFO  net.ServerSocketUtil (ServerSocketUtil.java:getPort(55)) - Using port 9961
2023-07-13 02:06:01,050 [Time-limited test] INFO  net.ServerSocketUtil (ServerSocketUtil.java:getPort(55)) - Using port 1200
2023-07-13 02:06:01,050 [Time-limited test] INFO  net.ServerSocketUtil (ServerSocketUtil.java:getPort(55)) - Using port 1201
2023-07-13 02:06:01,051 [Time-limited test] INFO  minikdc.MiniKdc (MiniKdc.java:<init>(225)) - Configuration:
2023-07-13 02:06:01,051 [Time-limited test] INFO  minikdc.MiniKdc (MiniKdc.java:<init>(226)) - ---------------------------------------------------------------
2023-07-13 02:06:01,051 [Time-limited test] INFO  minikdc.MiniKdc (MiniKdc.java:<init>(228)) -   debug: false
2023-07-13 02:06:01,051 [Time-limited test] INFO  minikdc.MiniKdc (MiniKdc.java:<init>(228)) -   transport: TCP
2023-07-13 02:06:01,051 [Time-limited test] INFO  minikdc.MiniKdc (MiniKdc.java:<init>(228)) -   max.ticket.lifetime: 86400000
2023-07-13 02:06:01,051 [Time-limited test] INFO  minikdc.MiniKdc (MiniKdc.java:<init>(228)) -   org.name: EXAMPLE
2023-07-13 02:06:01,051 [Time-limited test] INFO  minikdc.MiniKdc (MiniKdc.java:<init>(228)) -   kdc.port: 0
2023-07-13 02:06:01,051 [Time-limited test] INFO  minikdc.MiniKdc (MiniKdc.java:<init>(228)) -   org.domain: COM
2023-07-13 02:06:01,051 [Time-limited test] INFO  minikdc.MiniKdc (MiniKdc.java:<init>(228)) -   max.renewable.lifetime: 604800000
2023-07-13 02:06:01,051 [Time-limited test] INFO  minikdc.MiniKdc (MiniKdc.java:<init>(228)) -   instance: DefaultKrbServer
2023-07-13 02:06:01,051 [Time-limited test] INFO  minikdc.MiniKdc (MiniKdc.java:<init>(228)) -   kdc.bind.address: localhost
2023-07-13 02:06:01,051 [Time-limited test] INFO  minikdc.MiniKdc (MiniKdc.java:<init>(230)) - ---------------------------------------------------------------
2023-07-13 02:06:01,053 [Time-limited test] INFO  minikdc.MiniKdc (MiniKdc.java:start(285)) - MiniKdc started.
2023-07-13 02:06:01,139 [Time-limited test] INFO  om.OzoneManager (OzoneManager.java:getOmDetailsProto(4566)) - OzoneManager ports added:[name: "RPC"
value: 1202
]
2023-07-13 02:06:01,143 [Time-limited test] WARN  server.ServerUtils (ServerUtils.java:getDBPath(311)) - ozone.om.db.dirs is not configured. We recommend adding this setting. Falling back to ozone.metadata.dirs instead.
2023-07-13 02:06:01,145 [Time-limited test] INFO  ha.OMHANodeDetails (OMHANodeDetails.java:loadOMHAConfig(115)) - ozone.om.internal.service.id is not defined, falling back to ozone.om.service.ids to find serviceID for OzoneManager if it is HA enabled cluster
2023-07-13 02:06:01,146 [Time-limited test] INFO  ha.OMHANodeDetails (OMHANodeDetails.java:loadOMHAConfig(226)) - Configuration does not have ozone.om.address set. Falling back to the default OM address fv-az201-768.ett4tu3jvdse5ovc2mkgjqcs5a.bx.internal.cloudapp.net/10.1.0.115:1202
2023-07-13 02:06:01,146 [Time-limited test] INFO  ha.OMHANodeDetails (OMHANodeDetails.java:getOMNodeDetailsForNonHA(254)) - OM Service ID is not set. Setting it to the default ID: omServiceIdDefault
2023-07-13 02:06:01,146 [Time-limited test] INFO  ha.OMHANodeDetails (OMHANodeDetails.java:getOMNodeDetailsForNonHA(261)) - OM Node ID is not set. Setting it to the default ID: om1
2023-07-13 02:06:01,146 [Time-limited test] WARN  server.ServerUtils (ServerUtils.java:getDBPath(311)) - ozone.om.db.dirs is not configured. We recommend adding this setting. Falling back to ozone.metadata.dirs instead.
2023-07-13 02:06:01,148 [Time-limited test] INFO  upgrade.AbstractLayoutVersionManager (AbstractLayoutVersionManager.java:init(83)) - Initializing Layout version manager with metadata layout = QUOTA (version = 6), software layout = QUOTA (version = 6)
2023-07-13 02:06:01,242 [Time-limited test] INFO  reflections.Reflections (Reflections.java:scan(232)) - Reflections took 93 ms to scan 2 urls, producing 186 keys and 508 values [using 2 cores]
2023-07-13 02:06:01,242 [Time-limited test] INFO  upgrade.OMLayoutVersionManager (OMLayoutVersionManager.java:lambda$0(115)) - Skipping Upgrade Action QuotaRepairUpgradeAction since it has been finalized.
2023-07-13 02:06:01,242 [Time-limited test] INFO  upgrade.OMLayoutVersionManager (OMLayoutVersionManager.java:lambda$0(115)) - Skipping Upgrade Action MockOmUpgradeAction since it has been finalized.
2023-07-13 02:06:01,250 [pool-404-thread-1] INFO  request.KdcRequest (KdcRequest.java:preauth(651)) - The preauth data is empty.
2023-07-13 02:06:01,250 [pool-404-thread-1] INFO  server.KdcHandler (KdcHandler.java:handleRecoverableException(177)) - KRB error occurred while processing request:Additional pre-authentication required
2023-07-13 02:06:01,256 [pool-404-thread-2] INFO  request.AsRequest (AsRequest.java:issueTicket(112)) - AS_REQ ISSUE: authtime 1689213961256,om/fv-az201-768.ett4tu3jvdse5ovc2mkgjqcs5a.bx.internal.cloudapp.net@EXAMPLE.COM for krbtgt/EXAMPLE.COM@EXAMPLE.COM
2023-07-13 02:06:01,259 [Time-limited test] INFO  security.UserGroupInformation (UserGroupInformation.java:loginUserFromKeytab(1132)) - Login successful for user om/fv-az201-768.ett4tu3jvdse5ovc2mkgjqcs5a.bx.internal.cloudapp.net@EXAMPLE.COM using keytab file om.keytab. Keytab auto renewal enabled : false
2023-07-13 02:06:01,259 [Time-limited test] INFO  om.OzoneManager (OzoneManager.java:loginOMUser(1155)) - Ozone Manager login successful.
2023-07-13 02:06:01,259 [Time-limited test] WARN  server.ServerUtils (ServerUtils.java:getDBPath(311)) - ozone.om.db.dirs is not configured. We recommend adding this setting. Falling back to ozone.metadata.dirs instead.
2023-07-13 02:06:01,260 [Time-limited test] INFO  proxy.SCMBlockLocationFailoverProxyProvider (SCMBlockLocationFailoverProxyProvider.java:<init>(114)) - Created block location fail-over proxy with 1 nodes: [nodeId=scmNodeId,nodeAddress=localhost/127.0.0.1:9863]
2023-07-13 02:06:01,261 [Time-limited test] INFO  om.OzoneManager (OzoneManager.java:getOmDetailsProto(4566)) - OzoneManager ports added:[name: "RPC"
value: 1202
]
2023-07-13 02:06:01,265 [Time-limited test] INFO  security.OMCertificateClient (DefaultCertificateClient.java:updateCertSerialId(1248)) - Certificate serial ID set to 9879877970576
2023-07-13 02:06:01,265 [Time-limited test] WARN  security.OMCertificateClient (DefaultCertificateClient.java:loadAllCertificates(170)) - Certificates could not be loaded.
java.nio.file.NoSuchFileException: /tmp/junit930219245974445562/junit970737398343342243/om-meta/om/certs
	at sun.nio.fs.UnixException.translateToIOException(UnixException.java:86)
	at sun.nio.fs.UnixException.rethrowAsIOException(UnixException.java:102)
	at sun.nio.fs.UnixException.rethrowAsIOException(UnixException.java:107)
	at sun.nio.fs.UnixFileSystemProvider.newDirectoryStream(UnixFileSystemProvider.java:427)
	at java.nio.file.Files.newDirectoryStream(Files.java:457)
	at java.nio.file.Files.list(Files.java:3451)
	at org.apache.hadoop.hdds.security.x509.certificate.client.DefaultCertificateClient.loadAllCertificates(DefaultCertificateClient.java:165)
	at org.apache.hadoop.hdds.security.x509.certificate.client.DefaultCertificateClient.updateCertSerialId(DefaultCertificateClient.java:1249)
	at org.apache.hadoop.hdds.security.x509.certificate.client.DefaultCertificateClient.<init>(DefaultCertificateClient.java:154)
	at org.apache.hadoop.hdds.security.x509.certificate.client.CommonCertificateClient.<init>(CommonCertificateClient.java:50)
	at org.apache.hadoop.ozone.security.OMCertificateClient.<init>(OMCertificateClient.java:68)
	at org.apache.hadoop.ozone.om.OzoneManager.<init>(OzoneManager.java:639)
	at org.apache.hadoop.ozone.om.OzoneManager.createOm(OzoneManager.java:750)
	at org.apache.hadoop.ozone.TestSecureOzoneCluster.setupOm(TestSecureOzoneCluster.java:693)
	at org.apache.hadoop.ozone.TestSecureOzoneCluster.testDelegationTokenRenewCrossCertificateRenew(TestSecureOzoneCluster.java:1147)
	at sun.reflect.NativeMethodAccessorImpl.invoke0(Native Method)
	at sun.reflect.NativeMethodAccessorImpl.invoke(NativeMethodAccessorImpl.java:62)
	at sun.reflect.DelegatingMethodAccessorImpl.invoke(DelegatingMethodAccessorImpl.java:43)
	at java.lang.reflect.Method.invoke(Method.java:498)
	at org.junit.runners.model.FrameworkMethod$1.runReflectiveCall(FrameworkMethod.java:59)
	at org.junit.internal.runners.model.ReflectiveCallable.run(ReflectiveCallable.java:12)
	at org.junit.runners.model.FrameworkMethod.invokeExplosively(FrameworkMethod.java:56)
	at org.junit.internal.runners.statements.InvokeMethod.evaluate(InvokeMethod.java:17)
	at org.junit.internal.runners.statements.RunBefores.evaluate(RunBefores.java:26)
	at org.junit.internal.runners.statements.RunAfters.evaluate(RunAfters.java:27)
	at org.junit.rules.ExternalResource$1.evaluate(ExternalResource.java:54)
	at org.junit.internal.runners.statements.FailOnTimeout$CallableStatement.call(FailOnTimeout.java:288)
	at org.junit.internal.runners.statements.FailOnTimeout$CallableStatement.call(FailOnTimeout.java:282)
	at java.util.concurrent.FutureTask.run(FutureTask.java:266)
	at java.lang.Thread.run(Thread.java:750)
2023-07-13 02:06:01,267 [Time-limited test] INFO  om.OzoneManager (OzoneManager.java:<init>(658)) - OM start with adminUsers: [om/fv-az201-768.ett4tu3jvdse5ovc2mkgjqcs5a.bx.internal.cloudapp.net@EXAMPLE.COM, om]
2023-07-13 02:06:01,268 [Time-limited test] WARN  server.ServerUtils (ServerUtils.java:getDBPath(311)) - ozone.om.db.dirs is not configured. We recommend adding this setting. Falling back to ozone.metadata.dirs instead.
2023-07-13 02:06:01,269 [Time-limited test] INFO  helpers.OmKeyInfo (OmKeyInfo.java:getCodec(71)) - OmKeyInfo.getCodec ignorePipeline = true
2023-07-13 02:06:01,555 [Time-limited test] INFO  om.OzoneManager (OzoneManager.java:instantiateServices(787)) - S3 Multi-Tenancy is disabled
2023-07-13 02:06:01,556 [Time-limited test] INFO  security.OzoneSecretStore (OzoneSecretStore.java:loadState(69)) - Loaded 0 tokens
2023-07-13 02:06:01,556 [Time-limited test] INFO  security.OzoneDelegationTokenSecretManager (OzoneDelegationTokenSecretManager.java:loadTokenSecretState(530)) - Loading token state into token manager.
2023-07-13 02:06:01,556 [Time-limited test] INFO  om.OmSnapshotManager (OmSnapshotManager.java:<init>(175)) - Ozone filesystem snapshot feature is enabled.
2023-07-13 02:06:01,556 [Time-limited test] WARN  server.ServerUtils (ServerUtils.java:getDBPath(311)) - ozone.om.snapshot.diff.db.dir is not configured. We recommend adding this setting. Falling back to ozone.metadata.dirs instead.
2023-07-13 02:06:01,592 [Time-limited test] INFO  snapshot.SnapshotDiffManager (SnapshotDiffManager.java:closeExecutorService(1720)) - Shutting down executorService: 'SstDumpToolExecutor'
2023-07-13 02:06:01,594 [Time-limited test] INFO  om.OzoneManager (OzoneManager.java:addS3GVolumeToDB(4298)) - Created Volume s3v With Owner om required for S3Gateway operations.
2023-07-13 02:06:01,594 [Time-limited test] WARN  server.ServerUtils (ServerUtils.java:getDefaultRatisDirectory(323)) - Storage directory for Ratis is not configured. It is a good idea to map this to an SSD disk. Falling back to ozone.metadata.dirs
2023-07-13 02:06:01,595 [Time-limited test] WARN  utils.OzoneManagerRatisUtils (OzoneManagerRatisUtils.java:getOMRatisSnapshotDirectory(461)) - ozone.om.ratis.snapshot.dir is not configured. Falling back to ozone.metadata.dirs config
2023-07-13 02:06:01,595 [Time-limited test] WARN  server.ServerUtils (ServerUtils.java:getDefaultRatisDirectory(323)) - Storage directory for Ratis is not configured. It is a good idea to map this to an SSD disk. Falling back to ozone.metadata.dirs
2023-07-13 02:06:01,597 [Time-limited test] INFO  ratis.OzoneManagerRatisServer (OzoneManagerRatisServer.java:<init>(163)) - Instantiating OM Ratis server with groupID: omServiceIdDefault and peers: fv-az201-768.ett4tu3jvdse5ovc2mkgjqcs5a.bx.internal.cloudapp.net:9872
2023-07-13 02:06:01,597 [Time-limited test] INFO  ratis.OzoneManagerStateMachine (OzoneManagerStateMachine.java:loadSnapshotInfoFromDB(670)) - LastAppliedIndex is set from TransactionInfo from OM DB as (t:0, i:~)
2023-07-13 02:06:01,597 [Time-limited test] INFO  server.RaftServer (ConfUtils.java:logGet(46)) - raft.rpc.type = GRPC (default)
2023-07-13 02:06:01,598 [Time-limited test] INFO  grpc.GrpcConfigKeys (ConfUtils.java:logFallback(53)) - raft.grpc.admin.host = null (fallback to raft.grpc.server.host)
2023-07-13 02:06:01,598 [Time-limited test] INFO  grpc.GrpcConfigKeys (ConfUtils.java:logFallback(53)) - raft.grpc.admin.port = 9872 (fallback to raft.grpc.server.port)
2023-07-13 02:06:01,598 [Time-limited test] INFO  grpc.GrpcConfigKeys (ConfUtils.java:logFallback(53)) - raft.grpc.client.host = null (fallback to raft.grpc.server.host)
2023-07-13 02:06:01,598 [Time-limited test] INFO  grpc.GrpcConfigKeys (ConfUtils.java:logFallback(53)) - raft.grpc.client.port = 9872 (fallback to raft.grpc.server.port)
2023-07-13 02:06:01,598 [Time-limited test] INFO  grpc.GrpcConfigKeys (ConfUtils.java:logGet(46)) - raft.grpc.server.host = null (default)
2023-07-13 02:06:01,598 [Time-limited test] INFO  grpc.GrpcConfigKeys (ConfUtils.java:logGet(46)) - raft.grpc.server.port = 9872 (custom)
2023-07-13 02:06:01,598 [Time-limited test] INFO  server.GrpcService (ConfUtils.java:logGet(46)) - raft.grpc.message.size.max = 33554432 (custom)
2023-07-13 02:06:01,598 [Time-limited test] INFO  server.RaftServerConfigKeys (ConfUtils.java:logGet(46)) - raft.server.log.appender.buffer.byte-limit = 33554432 (custom)
2023-07-13 02:06:01,599 [Time-limited test] INFO  server.GrpcService (ConfUtils.java:logGet(46)) - raft.grpc.flow.control.window = 1MB (=1048576) (default)
2023-07-13 02:06:01,599 [Time-limited test] INFO  server.RaftServerConfigKeys (ConfUtils.java:logGet(46)) - raft.server.rpc.request.timeout = 3000ms (default)
2023-07-13 02:06:01,599 [Time-limited test] INFO  grpc.GrpcConfigKeys (ConfUtils.java:logGet(46)) - raft.grpc.server.heartbeat.channel = true (default)
2023-07-13 02:06:01,599 [Time-limited test] INFO  grpc.GrpcConfigKeys (ConfUtils.java:logGet(46)) - raft.grpc.server.async.request.thread.pool.cached = true (default)
2023-07-13 02:06:01,599 [Time-limited test] INFO  grpc.GrpcConfigKeys (ConfUtils.java:logGet(46)) - raft.grpc.server.async.request.thread.pool.size = 32 (default)
2023-07-13 02:06:01,600 [Time-limited test] INFO  impl.DataStreamServerImpl (ConfUtils.java:logGet(46)) - raft.datastream.type = DISABLED (default)
2023-07-13 02:06:01,601 [Time-limited test] INFO  server.RaftServerConfigKeys (ConfUtils.java:logGet(46)) - raft.server.threadpool.proxy.cached = true (default)
2023-07-13 02:06:01,601 [Time-limited test] INFO  server.RaftServerConfigKeys (ConfUtils.java:logGet(46)) - raft.server.threadpool.proxy.size = 0 (default)
2023-07-13 02:06:01,601 [Time-limited test] INFO  server.RaftServerConfigKeys (ConfUtils.java:logGet(46)) - raft.server.rpc.slowness.timeout = 120s (custom)
2023-07-13 02:06:01,601 [Time-limited test] INFO  server.RaftServerConfigKeys (ConfUtils.java:logGet(46)) - raft.server.leaderelection.leader.step-down.wait-time = 10s (default)
2023-07-13 02:06:01,601 [Time-limited test] INFO  server.RaftServerConfigKeys (ConfUtils.java:logGet(46)) - raft.server.storage.dir = [/tmp/junit930219245974445562/junit970737398343342243/om-meta/ratis] (custom)
2023-07-13 02:06:01,603 [Time-limited test] INFO  server.RaftServer (RaftServerProxy.java:addNew(98)) - om1: addNew group-C5BA1605619E:[om1|rpc:fv-az201-768.ett4tu3jvdse5ovc2mkgjqcs5a.bx.internal.cloudapp.net:9872|priority:0|startupRole:FOLLOWER] returns group-C5BA1605619E:java.util.concurrent.CompletableFuture@23e0c941[Not completed]
2023-07-13 02:06:01,603 [Time-limited test] INFO  om.OzoneManager (OzoneManager.java:initializeRatisServer(2139)) - OzoneManager Ratis server initialized at port 9872
RaftServerImpl.java:<init>(198)) - om1: new RaftServerImpl for group-C5BA1605619E:[om1|rpc:fv-az201-768.ett4tu3jvdse5ovc2mkgjqcs5a.bx.internal.cloudapp.net:9872|priority:0|startupRole:FOLLOWER] with OzoneManagerStateMachine:uninitialized
2023-07-13 02:06:01,603 [Time-limited test] INFO  om.OzoneManager (OzoneManager.java:initializeRatisServer(2139)) - OzoneManager Ratis server initialized at port 9872
2023-07-13 02:06:01,605 [Time-limited test] INFO  om.OzoneManager (ConfUtils.java:logGet(46)) - raft.server.rpc.timeout.min = 5s (custom)
2023-07-13 02:06:01,605 [Time-limited test] INFO  om.OzoneManager (OzoneManager.java:getRpcServer(1187)) - Creating RPC Server
2023-07-13 02:06:01,605 [om1-groupManagement] INFO  server.RaftServerConfigKeys (ConfUtils.java:logGet(46)) - raft.server.rpc.timeout.max = 5200ms (custom)
2023-07-13 02:06:01,605 [om1-groupManagement] INFO  server.RaftServerConfigKeys (ConfUtils.java:logGet(46)) - raft.server.rpc.sleep.time = 25ms (default)
2023-07-13 02:06:01,605 [om1-groupManagement] INFO  server.RaftServerConfigKeys (ConfUtils.java:logGet(46)) - raft.server.rpc.slowness.timeout = 120s (custom)
2023-07-13 02:06:01,605 [om1-groupManagement] INFO  server.RaftServerConfigKeys (ConfUtils.java:logGet(46)) - raft.server.leaderelection.leader.step-down.wait-time = 10s (default)
2023-07-13 02:06:01,605 [om1-groupManagement] INFO  server.RaftServerConfigKeys (ConfUtils.java:logGet(46)) - raft.server.sleep.deviation.threshold = 300ms (default)
2023-07-13 02:06:01,605 [om1-groupManagement] INFO  server.RaftServer$Division (ServerState.java:<init>(120)) - om1@group-C5BA1605619E: ConfigurationManager, init=-1: peers:[om1|rpc:fv-az201-768.ett4tu3jvdse5ovc2mkgjqcs5a.bx.internal.cloudapp.net:9872|priority:0|startupRole:FOLLOWER]|listeners:[], old=null, confs=<EMPTY_MAP>
2023-07-13 02:06:01,605 [om1-groupManagement] INFO  server.RaftServerConfigKeys (ConfUtils.java:logGet(46)) - raft.server.storage.dir = [/tmp/junit930219245974445562/junit970737398343342243/om-meta/ratis] (custom)
2023-07-13 02:06:01,606 [om1-groupManagement] INFO  server.RaftServerConfigKeys (ConfUtils.java:logGet(46)) - raft.server.log.corruption.policy = EXCEPTION (default)
2023-07-13 02:06:01,606 [om1-groupManagement] INFO  server.RaftServerConfigKeys (ConfUtils.java:logGet(46)) - raft.server.storage.free-space.min = 0MB (=0) (default)
2023-07-13 02:06:01,606 [om1-groupManagement] INFO  server.RaftServerConfigKeys (ConfUtils.java:logGet(46)) - raft.server.notification.no-leader.timeout = 120s (custom)
2023-07-13 02:06:01,606 [om1-groupManagement] INFO  server.RaftServerConfigKeys (ConfUtils.java:logGet(46)) - raft.server.read.timeout = 10s (default)
2023-07-13 02:06:01,606 [om1-groupManagement] INFO  server.RaftServerConfigKeys (ConfUtils.java:logGet(46)) - raft.server.retrycache.expirytime = 300s (custom)
2023-07-13 02:06:01,606 [om1-groupManagement] INFO  server.RaftServerConfigKeys (ConfUtils.java:logGet(46)) - raft.server.retrycache.statistics.expirytime = 100μs (default)
2023-07-13 02:06:01,606 [om1-groupManagement] INFO  server.RaftServerConfigKeys (ConfUtils.java:logGet(46)) - raft.server.read.option = DEFAULT (default)
2023-07-13 02:06:01,607 [om1-groupManagement] INFO  server.RaftServerConfigKeys (ConfUtils.java:logGet(46)) - raft.server.rpc.request.timeout = 3000ms (default)
2023-07-13 02:06:01,607 [om1-groupManagement] INFO  server.RaftServerConfigKeys (ConfUtils.java:logGet(46)) - raft.server.log.appender.install.snapshot.enabled = false (custom)
2023-07-13 02:06:01,607 [om1-groupManagement] INFO  server.RaftServerConfigKeys (ConfUtils.java:logGet(46)) - raft.server.threadpool.server.cached = true (default)
2023-07-13 02:06:01,607 [om1-groupManagement] INFO  server.RaftServerConfigKeys (ConfUtils.java:logGet(46)) - raft.server.threadpool.server.size = 0 (default)
2023-07-13 02:06:01,607 [om1-groupManagement] INFO  server.RaftServerConfigKeys (ConfUtils.java:logGet(46)) - raft.server.threadpool.client.cached = true (default)
2023-07-13 02:06:01,607 [om1-groupManagement] INFO  server.RaftServerConfigKeys (ConfUtils.java:logGet(46)) - raft.server.threadpool.client.size = 0 (default)
2023-07-13 02:06:01,983 [Time-limited test] INFO  reflections.Reflections (Reflections.java:scan(232)) - Reflections took 372 ms to scan 19 urls, producing 70 keys and 5533 values [using 2 cores]
2023-07-13 02:06:01,985 [Time-limited test] INFO  ipc.CallQueueManager (CallQueueManager.java:<init>(90)) - Using callQueue: class java.util.concurrent.LinkedBlockingQueue, queueCapacity: 10000, scheduler: class org.apache.hadoop.ipc.DefaultRpcScheduler, ipcBackoff: false.
2023-07-13 02:06:01,986 [Time-limited test] INFO  ipc.Server (Server.java:<init>(1287)) - Listener at fv-az201-768.ett4tu3jvdse5ovc2mkgjqcs5a.bx.internal.cloudapp.net:1202
2023-07-13 02:06:01,986 [Socket Reader #1 for port 1202] INFO  ipc.Server (Server.java:run(1323)) - Starting Socket Reader #1 for port 1202
2023-07-13 02:06:02,802 [Time-limited test] INFO  utils.SelfSignedCertificate (SelfSignedCertificate.java:generateCertificate(157)) - Certificate 1 is issued by CN=rootCA@localhost,OU=scm1,O=cluster1 to CN=rootCA@localhost,OU=scm1,O=cluster1, valid from Thu Jul 13 02:06:02 UTC 2023 to Sun Aug 20 02:06:02 UTC 2028
2023-07-13 02:06:02,809 [Time-limited test] INFO  ssl.ReloadingX509KeyManager (ReloadingX509KeyManager.java:loadKeyManager(222)) - Key manager is loaded with certificate chain
2023-07-13 02:06:02,810 [Time-limited test] INFO  ssl.ReloadingX509KeyManager (ReloadingX509KeyManager.java:loadKeyManager(224)) - [
[
  Version: V3
  Subject: O=cluster1, OU=scm1, CN=localhost
  Signature Algorithm: SHA256withRSA, OID = 1.2.840.113549.1.1.11

  Key:  Sun RSA public key, 2048 bits
  params: null
  modulus: 22931870750885172919957440047960650394554648394935839549551164833207932985248795187496911279624064410203577151504702922053553175679872465913489660480593891023206936412200970458673923816860204471203054502274443592048557273113991422921363226576657954779908638635811783710668759664143552212745234043768658367796573545842675129363421749168262625197084566985200123370750885216522503477073857348360905765902045838752195145033060516472136001827269913671448446568147273302348016446767811033407304712536792761538055346179116035668503697387815522339896310312727837374957332579693857225743824470628254897272452633566517592845747
  public exponent: 65537
  Validity: [From: Thu Jul 13 02:06:02 UTC 2023,
               To: Thu Jul 13 02:06:42 UTC 2023]
  Issuer: O=cluster1, OU=scm1, CN=rootCA@localhost
  SerialNumber: [    012ee0a3 2a07]

Certificate Extensions: 1
[1]: ObjectId: 2.5.29.15 Criticality=true
KeyUsage [
  DigitalSignature
  Key_Encipherment
  Data_Encipherment
  Key_Agreement
]

]
  Algorithm: [SHA256withRSA]
  Signature:
0000: 62 87 8F 07 54 86 E2 F3   5F D7 59 D0 11 A3 71 3D  b...T..._.Y...q=
0010: 2C F5 0D BB F8 0C D1 04   99 15 8C A0 DF 8A 74 7B  ,.............t.
0020: 4D 90 FB 6B D4 5E AC F4   38 A9 36 74 04 E5 BA 82  M..k.^..8.6t....
0030: 95 A3 EE D3 3A CB 6F 08   D3 6F 21 0F 2E 43 56 2F  ....:.o..o!..CV/
0040: 38 9F AB E1 40 3D CB 38   7B 2A 3E 1F F9 AE A9 DA  8...@=.8.*>.....
0050: FE 80 8D 79 D0 B1 34 21   BC D9 8E 2C F1 36 26 81  ...y..4!...,.6&.
0060: 16 3C D4 4A 37 7F B1 A6   6B 70 84 3F 1E 25 B0 2C  .<.J7...kp.?.%.,
0070: 11 73 EF 59 14 8D EA A3   92 BA 24 11 E8 B3 5C 7F  .s.Y......$...\.
0080: B4 A9 F7 7C 60 AC 27 A3   D4 EC 13 36 ED E0 F1 FF  ....`.'....6....
0090: 42 55 7A B1 AB DF 44 37   CD D1 C0 E4 D3 30 B3 B9  BUz...D7.....0..
00A0: 52 24 53 62 A6 7D 57 91   64 02 63 B3 A3 60 86 1A  R$Sb..W.d.c..`..
00B0: 54 95 B3 52 20 1C E6 9D   AE F3 12 D8 D1 50 6B D2  T..R ........Pk.
00C0: C2 8B 32 69 8E B4 B0 D9   E8 AD CE 31 B5 AD D8 74  ..2i.......1...t
00D0: 6B 6A 04 51 7A 49 01 A2   A7 92 4C 7F AC AA 8A AE  kj.QzI....L.....
00E0: 28 55 08 9C 7E 8C 09 FC   25 19 32 D3 DA A1 6E 0E  (U......%.2...n.
00F0: 32 01 E3 C1 CD DC E3 11   59 BA 18 02 75 AB 14 44  2.......Y...u..D

]
2023-07-13 02:06:02,811 [Time-limited test] INFO  ssl.ReloadingX509KeyManager (ReloadingX509KeyManager.java:loadKeyManager(224)) - [
[
  Version: V3
  Subject: O=cluster1, OU=scm1, CN=rootCA@localhost
  Signature Algorithm: SHA256withRSA, OID = 1.2.840.113549.1.1.11

  Key:  Sun RSA public key, 2048 bits
  params: null
  modulus: 21182061491148329825193707658857567997270763219418464991420573221271810339204970736239515024912245803538129406959126881819687862689470530657676085727050797654789734216635141684021600059138796290128767379463424442531175392619876122586185199954576663681332067341067718110573471253204691607064521995911132688635801192892290048707338547778149987393680713674949396373404238686883136441657288822679339331017762653645040553616748666174818021173321216702552259430510740348146181451443472126827443227519806452478430641696427433360918393650684650968439575862047396931204172123410166790637788210101856690944890401101841828810511
  public exponent: 65537
  Validity: [From: Thu Jul 13 02:06:02 UTC 2023,
               To: Sun Aug 20 02:06:02 UTC 2028]
  Issuer: O=cluster1, OU=scm1, CN=rootCA@localhost
  SerialNumber: [    01]

Certificate Extensions: 2
[1]: ObjectId: 2.5.29.19 Criticality=true
BasicConstraints:[
  CA:true
  PathLen:2147483647
]

[2]: ObjectId: 2.5.29.15 Criticality=true
KeyUsage [
  Key_CertSign
  Crl_Sign
]

]
  Algorithm: [SHA256withRSA]
  Signature:
0000: 55 9A 2F 68 FA EB CE D8   AF 05 D3 9B DB 0A 48 39  U./h..........H9
0010: 17 18 2F 35 14 2A 93 07   29 10 CC 4B 9D B2 E2 7B  ../5.*..)..K....
0020: C9 A2 0D 69 B2 16 2E 53   0A 22 32 5B 43 08 42 8E  ...i...S."2[C.B.
0030: D5 15 33 01 E0 90 D8 08   D8 F0 C1 C8 31 6A 5F B1  ..3.........1j_.
0040: 2F CA 03 9D 92 02 F4 95   34 2C FE 52 FB FE 45 39  /.......4,.R..E9
0050: 8A 68 47 D0 2E 8A D5 3B   B7 49 26 34 68 15 2A 34  .hG....;.I&4h.*4
0060: 1D 08 80 B7 4F E5 09 E1   BD 62 4B D1 37 56 28 93  ....O....bK.7V(.
0070: E7 2E 45 BD D6 32 0D 7A   3D 2B 61 A0 B7 96 7C 01  ..E..2.z=+a.....
0080: 84 F4 C4 04 4D 7D 3F 73   62 35 8F 80 C5 50 5E C7  ....M.?sb5...P^.
0090: 19 CF 74 1F A9 35 8A C3   3C 88 2D 1E 77 8B 5A 2B  ..t..5..<.-.w.Z+
00A0: 9C C6 29 7D C4 E6 BB 4B   0D 3B 16 02 3B 6F AF 89  ..)....K.;..;o..
00B0: D6 E9 38 86 3F C1 69 C9   66 0D 29 50 E6 4C F5 8D  ..8.?.i.f.)P.L..
00C0: A6 5A 3B 00 42 ED 53 88   A4 B0 C7 2A 10 63 EE 08  .Z;.B.S....*.c..
00D0: 79 EB FF C5 CD 5F 6F 84   81 2C 08 DF E6 0E CC 2B  y...._o..,.....+
00E0: 53 8E 69 61 70 EC 88 34   51 D1 71 E0 EF C5 5F 3E  S.iap..4Q.q..._>
00F0: 15 9C E9 72 6C BB 34 5A   88 1C 90 CE 6A B1 C9 F5  ...rl.4Z....j...

]
2023-07-13 02:06:02,811 [Time-limited test] INFO  ssl.ReloadingX509TrustManager (ReloadingX509TrustManager.java:insertCertsToKeystore(188)) - Trust manager is loaded with certificates
2023-07-13 02:06:02,812 [Time-limited test] INFO  ssl.ReloadingX509TrustManager (ReloadingX509TrustManager.java:insertCertsToKeystore(192)) - [
[
  Version: V3
  Subject: O=cluster1, OU=scm1, CN=rootCA@localhost
  Signature Algorithm: SHA256withRSA, OID = 1.2.840.113549.1.1.11

  Key:  Sun RSA public key, 2048 bits
  params: null
  modulus: 21182061491148329825193707658857567997270763219418464991420573221271810339204970736239515024912245803538129406959126881819687862689470530657676085727050797654789734216635141684021600059138796290128767379463424442531175392619876122586185199954576663681332067341067718110573471253204691607064521995911132688635801192892290048707338547778149987393680713674949396373404238686883136441657288822679339331017762653645040553616748666174818021173321216702552259430510740348146181451443472126827443227519806452478430641696427433360918393650684650968439575862047396931204172123410166790637788210101856690944890401101841828810511
  public exponent: 65537
  Validity: [From: Thu Jul 13 02:06:02 UTC 2023,
               To: Sun Aug 20 02:06:02 UTC 2028]
  Issuer: O=cluster1, OU=scm1, CN=rootCA@localhost
  SerialNumber: [    01]

Certificate Extensions: 2
[1]: ObjectId: 2.5.29.19 Criticality=true
BasicConstraints:[
  CA:true
  PathLen:2147483647
]

[2]: ObjectId: 2.5.29.15 Criticality=true
KeyUsage [
  Key_CertSign
  Crl_Sign
]

]
  Algorithm: [SHA256withRSA]
  Signature:
0000: 55 9A 2F 68 FA EB CE D8   AF 05 D3 9B DB 0A 48 39  U./h..........H9
0010: 17 18 2F 35 14 2A 93 07   29 10 CC 4B 9D B2 E2 7B  ../5.*..)..K....
0020: C9 A2 0D 69 B2 16 2E 53   0A 22 32 5B 43 08 42 8E  ...i...S."2[C.B.
0030: D5 15 33 01 E0 90 D8 08   D8 F0 C1 C8 31 6A 5F B1  ..3.........1j_.
0040: 2F CA 03 9D 92 02 F4 95   34 2C FE 52 FB FE 45 39  /.......4,.R..E9
0050: 8A 68 47 D0 2E 8A D5 3B   B7 49 26 34 68 15 2A 34  .hG....;.I&4h.*4
0060: 1D 08 80 B7 4F E5 09 E1   BD 62 4B D1 37 56 28 93  ....O....bK.7V(.
0070: E7 2E 45 BD D6 32 0D 7A   3D 2B 61 A0 B7 96 7C 01  ..E..2.z=+a.....
0080: 84 F4 C4 04 4D 7D 3F 73   62 35 8F 80 C5 50 5E C7  ....M.?sb5...P^.
0090: 19 CF 74 1F A9 35 8A C3   3C 88 2D 1E 77 8B 5A 2B  ..t..5..<.-.w.Z+
00A0: 9C C6 29 7D C4 E6 BB 4B   0D 3B 16 02 3B 6F AF 89  ..)....K.;..;o..
00B0: D6 E9 38 86 3F C1 69 C9   66 0D 29 50 E6 4C F5 8D  ..8.?.i.f.)P.L..
00C0: A6 5A 3B 00 42 ED 53 88   A4 B0 C7 2A 10 63 EE 08  .Z;.B.S....*.c..
00D0: 79 EB FF C5 CD 5F 6F 84   81 2C 08 DF E6 0E CC 2B  y...._o..,.....+
00E0: 53 8E 69 61 70 EC 88 34   51 D1 71 E0 EF C5 5F 3E  S.iap..4Q.q..._>
00F0: 15 9C E9 72 6C BB 34 5A   88 1C 90 CE 6A B1 C9 F5  ...rl.4Z....j...

]
2023-07-13 02:06:02,812 [Time-limited test] INFO  ssl.ReloadingX509KeyManager (ReloadingX509KeyManager.java:loadKeyManager(222)) - Key manager is loaded with certificate chain
2023-07-13 02:06:02,812 [Time-limited test] INFO  ssl.ReloadingX509KeyManager (ReloadingX509KeyManager.java:loadKeyManager(224)) - [
[
  Version: V3
  Subject: O=cluster1, OU=scm1, CN=localhost
  Signature Algorithm: SHA256withRSA, OID = 1.2.840.113549.1.1.11

  Key:  Sun RSA public key, 2048 bits
  params: null
  modulus: 22931870750885172919957440047960650394554648394935839549551164833207932985248795187496911279624064410203577151504702922053553175679872465913489660480593891023206936412200970458673923816860204471203054502274443592048557273113991422921363226576657954779908638635811783710668759664143552212745234043768658367796573545842675129363421749168262625197084566985200123370750885216522503477073857348360905765902045838752195145033060516472136001827269913671448446568147273302348016446767811033407304712536792761538055346179116035668503697387815522339896310312727837374957332579693857225743824470628254897272452633566517592845747
  public exponent: 65537
  Validity: [From: Thu Jul 13 02:06:02 UTC 2023,
               To: Thu Jul 13 02:06:42 UTC 2023]
  Issuer: O=cluster1, OU=scm1, CN=rootCA@localhost
  SerialNumber: [    012ee0a3 2a07]

Certificate Extensions: 1
[1]: ObjectId: 2.5.29.15 Criticality=true
KeyUsage [
  DigitalSignature
  Key_Encipherment
  Data_Encipherment
  Key_Agreement
]

]
  Algorithm: [SHA256withRSA]
  Signature:
0000: 62 87 8F 07 54 86 E2 F3   5F D7 59 D0 11 A3 71 3D  b...T..._.Y...q=
0010: 2C F5 0D BB F8 0C D1 04   99 15 8C A0 DF 8A 74 7B  ,.............t.
0020: 4D 90 FB 6B D4 5E AC F4   38 A9 36 74 04 E5 BA 82  M..k.^..8.6t....
0030: 95 A3 EE D3 3A CB 6F 08   D3 6F 21 0F 2E 43 56 2F  ....:.o..o!..CV/
0040: 38 9F AB E1 40 3D CB 38   7B 2A 3E 1F F9 AE A9 DA  8...@=.8.*>.....
0050: FE 80 8D 79 D0 B1 34 21   BC D9 8E 2C F1 36 26 81  ...y..4!...,.6&.
0060: 16 3C D4 4A 37 7F B1 A6   6B 70 84 3F 1E 25 B0 2C  .<.J7...kp.?.%.,
0070: 11 73 EF 59 14 8D EA A3   92 BA 24 11 E8 B3 5C 7F  .s.Y......$...\.
0080: B4 A9 F7 7C 60 AC 27 A3   D4 EC 13 36 ED E0 F1 FF  ....`.'....6....
0090: 42 55 7A B1 AB DF 44 37   CD D1 C0 E4 D3 30 B3 B9  BUz...D7.....0..
00A0: 52 24 53 62 A6 7D 57 91   64 02 63 B3 A3 60 86 1A  R$Sb..W.d.c..`..
00B0: 54 95 B3 52 20 1C E6 9D   AE F3 12 D8 D1 50 6B D2  T..R ........Pk.
00C0: C2 8B 32 69 8E B4 B0 D9   E8 AD CE 31 B5 AD D8 74  ..2i.......1...t
00D0: 6B 6A 04 51 7A 49 01 A2   A7 92 4C 7F AC AA 8A AE  kj.QzI....L.....
00E0: 28 55 08 9C 7E 8C 09 FC   25 19 32 D3 DA A1 6E 0E  (U......%.2...n.
00F0: 32 01 E3 C1 CD DC E3 11   59 BA 18 02 75 AB 14 44  2.......Y...u..D

]
2023-07-13 02:06:02,813 [Time-limited test] INFO  ssl.ReloadingX509KeyManager (ReloadingX509KeyManager.java:loadKeyManager(224)) - [
[
  Version: V3
  Subject: O=cluster1, OU=scm1, CN=rootCA@localhost
  Signature Algorithm: SHA256withRSA, OID = 1.2.840.113549.1.1.11

  Key:  Sun RSA public key, 2048 bits
  params: null
  modulus: 21182061491148329825193707658857567997270763219418464991420573221271810339204970736239515024912245803538129406959126881819687862689470530657676085727050797654789734216635141684021600059138796290128767379463424442531175392619876122586185199954576663681332067341067718110573471253204691607064521995911132688635801192892290048707338547778149987393680713674949396373404238686883136441657288822679339331017762653645040553616748666174818021173321216702552259430510740348146181451443472126827443227519806452478430641696427433360918393650684650968439575862047396931204172123410166790637788210101856690944890401101841828810511
  public exponent: 65537
  Validity: [From: Thu Jul 13 02:06:02 UTC 2023,
               To: Sun Aug 20 02:06:02 UTC 2028]
  Issuer: O=cluster1, OU=scm1, CN=rootCA@localhost
  SerialNumber: [    01]

Certificate Extensions: 2
[1]: ObjectId: 2.5.29.19 Criticality=true
BasicConstraints:[
  CA:true
  PathLen:2147483647
]

[2]: ObjectId: 2.5.29.15 Criticality=true
KeyUsage [
  Key_CertSign
  Crl_Sign
]

]
  Algorithm: [SHA256withRSA]
  Signature:
0000: 55 9A 2F 68 FA EB CE D8   AF 05 D3 9B DB 0A 48 39  U./h..........H9
0010: 17 18 2F 35 14 2A 93 07   29 10 CC 4B 9D B2 E2 7B  ../5.*..)..K....
0020: C9 A2 0D 69 B2 16 2E 53   0A 22 32 5B 43 08 42 8E  ...i...S."2[C.B.
0030: D5 15 33 01 E0 90 D8 08   D8 F0 C1 C8 31 6A 5F B1  ..3.........1j_.
0040: 2F CA 03 9D 92 02 F4 95   34 2C FE 52 FB FE 45 39  /.......4,.R..E9
0050: 8A 68 47 D0 2E 8A D5 3B   B7 49 26 34 68 15 2A 34  .hG....;.I&4h.*4
0060: 1D 08 80 B7 4F E5 09 E1   BD 62 4B D1 37 56 28 93  ....O....bK.7V(.
0070: E7 2E 45 BD D6 32 0D 7A   3D 2B 61 A0 B7 96 7C 01  ..E..2.z=+a.....
0080: 84 F4 C4 04 4D 7D 3F 73   62 35 8F 80 C5 50 5E C7  ....M.?sb5...P^.
0090: 19 CF 74 1F A9 35 8A C3   3C 88 2D 1E 77 8B 5A 2B  ..t..5..<.-.w.Z+
00A0: 9C C6 29 7D C4 E6 BB 4B   0D 3B 16 02 3B 6F AF 89  ..)....K.;..;o..
00B0: D6 E9 38 86 3F C1 69 C9   66 0D 29 50 E6 4C F5 8D  ..8.?.i.f.)P.L..
00C0: A6 5A 3B 00 42 ED 53 88   A4 B0 C7 2A 10 63 EE 08  .Z;.B.S....*.c..
00D0: 79 EB FF C5 CD 5F 6F 84   81 2C 08 DF E6 0E CC 2B  y...._o..,.....+
00E0: 53 8E 69 61 70 EC 88 34   51 D1 71 E0 EF C5 5F 3E  S.iap..4Q.q..._>
00F0: 15 9C E9 72 6C BB 34 5A   88 1C 90 CE 6A B1 C9 F5  ...rl.4Z....j...

]
2023-07-13 02:06:02,813 [Time-limited test] INFO  ssl.ReloadingX509TrustManager (ReloadingX509TrustManager.java:insertCertsToKeystore(188)) - Trust manager is loaded with certificates
2023-07-13 02:06:02,814 [Time-limited test] INFO  ssl.ReloadingX509TrustManager (ReloadingX509TrustManager.java:insertCertsToKeystore(192)) - [
[
  Version: V3
  Subject: O=cluster1, OU=scm1, CN=rootCA@localhost
  Signature Algorithm: SHA256withRSA, OID = 1.2.840.113549.1.1.11

  Key:  Sun RSA public key, 2048 bits
  params: null
  modulus: 21182061491148329825193707658857567997270763219418464991420573221271810339204970736239515024912245803538129406959126881819687862689470530657676085727050797654789734216635141684021600059138796290128767379463424442531175392619876122586185199954576663681332067341067718110573471253204691607064521995911132688635801192892290048707338547778149987393680713674949396373404238686883136441657288822679339331017762653645040553616748666174818021173321216702552259430510740348146181451443472126827443227519806452478430641696427433360918393650684650968439575862047396931204172123410166790637788210101856690944890401101841828810511
  public exponent: 65537
  Validity: [From: Thu Jul 13 02:06:02 UTC 2023,
               To: Sun Aug 20 02:06:02 UTC 2028]
  Issuer: O=cluster1, OU=scm1, CN=rootCA@localhost
  SerialNumber: [    01]

Certificate Extensions: 2
[1]: ObjectId: 2.5.29.19 Criticality=true
BasicConstraints:[
  CA:true
  PathLen:2147483647
]

[2]: ObjectId: 2.5.29.15 Criticality=true
KeyUsage [
  Key_CertSign
  Crl_Sign
]

]
  Algorithm: [SHA256withRSA]
  Signature:
0000: 55 9A 2F 68 FA EB CE D8   AF 05 D3 9B DB 0A 48 39  U./h..........H9
0010: 17 18 2F 35 14 2A 93 07   29 10 CC 4B 9D B2 E2 7B  ../5.*..)..K....
0020: C9 A2 0D 69 B2 16 2E 53   0A 22 32 5B 43 08 42 8E  ...i...S."2[C.B.
0030: D5 15 33 01 E0 90 D8 08   D8 F0 C1 C8 31 6A 5F B1  ..3.........1j_.
0040: 2F CA 03 9D 92 02 F4 95   34 2C FE 52 FB FE 45 39  /.......4,.R..E9
0050: 8A 68 47 D0 2E 8A D5 3B   B7 49 26 34 68 15 2A 34  .hG....;.I&4h.*4
0060: 1D 08 80 B7 4F E5 09 E1   BD 62 4B D1 37 56 28 93  ....O....bK.7V(.
0070: E7 2E 45 BD D6 32 0D 7A   3D 2B 61 A0 B7 96 7C 01  ..E..2.z=+a.....
0080: 84 F4 C4 04 4D 7D 3F 73   62 35 8F 80 C5 50 5E C7  ....M.?sb5...P^.
0090: 19 CF 74 1F A9 35 8A C3   3C 88 2D 1E 77 8B 5A 2B  ..t..5..<.-.w.Z+
00A0: 9C C6 29 7D C4 E6 BB 4B   0D 3B 16 02 3B 6F AF 89  ..)....K.;..;o..
00B0: D6 E9 38 86 3F C1 69 C9   66 0D 29 50 E6 4C F5 8D  ..8.?.i.f.)P.L..
00C0: A6 5A 3B 00 42 ED 53 88   A4 B0 C7 2A 10 63 EE 08  .Z;.B.S....*.c..
00D0: 79 EB FF C5 CD 5F 6F 84   81 2C 08 DF E6 0E CC 2B  y...._o..,.....+
00E0: 53 8E 69 61 70 EC 88 34   51 D1 71 E0 EF C5 5F 3E  S.iap..4Q.q..._>
00F0: 15 9C E9 72 6C BB 34 5A   88 1C 90 CE 6A B1 C9 F5  ...rl.4Z....j...

]
2023-07-13 02:06:02,820 [Time-limited test] INFO  impl.MetricsSystemImpl (MetricsSystemImpl.java:init(158)) - OzoneManager metrics system started (again)
2023-07-13 02:06:02,833 [Time-limited test] INFO  om.OzoneManager (OzoneManager.java:start(1617)) - OzoneManager RPC server is listening at fv-az201-768.ett4tu3jvdse5ovc2mkgjqcs5a.bx.internal.cloudapp.net/10.1.0.115:1202
2023-07-13 02:06:02,834 [Time-limited test] INFO  ratis.OzoneManagerRatisServer (OzoneManagerRatisServer.java:start(558)) - Starting OzoneManagerRatisServer om1 at port 9872
2023-07-13 02:06:02,834 [om1-impl-thread1] INFO  storage.RaftStorageDirectory (RaftStorageDirectoryImpl.java:analyzeStorage(137)) - The storage directory /tmp/junit930219245974445562/junit970737398343342243/om-meta/ratis/bf265839-605b-3f16-9796-c5ba1605619e does not exist. Creating ...
2023-07-13 02:06:02,836 [om1-impl-thread1] INFO  storage.RaftStorageDirectory (RaftStorageDirectoryImpl.java:tryLock(231)) - Lock on /tmp/junit930219245974445562/junit970737398343342243/om-meta/ratis/bf265839-605b-3f16-9796-c5ba1605619e/in_use.lock acquired by nodename 2446@fv-az201-768
2023-07-13 02:06:02,838 [om1-impl-thread1] INFO  storage.RaftStorage (RaftStorageImpl.java:format(96)) - Storage directory /tmp/junit930219245974445562/junit970737398343342243/om-meta/ratis/bf265839-605b-3f16-9796-c5ba1605619e has been successfully formatted.
2023-07-13 02:06:02,838 [om1-impl-thread1] INFO  server.RaftServerConfigKeys (ConfUtils.java:logGet(46)) - raft.server.log.use.memory = false (default)
2023-07-13 02:06:02,838 [om1-impl-thread1] INFO  server.RaftServerConfigKeys (ConfUtils.java:logGet(46)) - raft.server.log.purge.gap = 1000000 (custom)
2023-07-13 02:06:02,838 [om1-impl-thread1] INFO  server.RaftServerConfigKeys (ConfUtils.java:logGet(46)) - raft.server.log.appender.buffer.byte-limit = 33554432 (custom)
2023-07-13 02:06:02,839 [om1-impl-thread1] INFO  server.RaftServerConfigKeys (ConfUtils.java:logGet(46)) - raft.server.log.statemachine.data.read.timeout = 1000ms (default)
2023-07-13 02:06:02,839 [om1-impl-thread1] INFO  server.RaftServerConfigKeys (ConfUtils.java:logGet(46)) - raft.server.log.purge.preservation.log.num = 0 (default)
2023-07-13 02:06:02,839 [om1-impl-thread1] INFO  server.RaftServerConfigKeys (ConfUtils.java:logGet(46)) - raft.server.log.segment.size.max = 4194304 (custom)
2023-07-13 02:06:02,839 [om1-impl-thread1] INFO  server.RaftServerConfigKeys (ConfUtils.java:logGet(46)) - raft.server.log.segment.cache.num.max = 2 (custom)
2023-07-13 02:06:02,839 [om1-impl-thread1] INFO  server.RaftServerConfigKeys (ConfUtils.java:logGet(46)) - raft.server.log.segment.cache.size.max = 200MB (=209715200) (default)
2023-07-13 02:06:02,839 [om1-impl-thread1] INFO  server.RaftServerConfigKeys (ConfUtils.java:logGet(46)) - raft.server.log.appender.buffer.byte-limit = 33554432 (custom)
2023-07-13 02:06:02,839 [om1-impl-thread1] INFO  segmented.SegmentedRaftLogWorker (SegmentedRaftLogWorker.java:<init>(188)) - new om1@group-C5BA1605619E-SegmentedRaftLogWorker for RaftStorageImpl:Storage Directory /tmp/junit930219245974445562/junit970737398343342243/om-meta/ratis/bf265839-605b-3f16-9796-c5ba1605619e
2023-07-13 02:06:02,839 [om1-impl-thread1] INFO  server.RaftServerConfigKeys (ConfUtils.java:logGet(46)) - raft.server.log.queue.byte-limit = 64MB (=67108864) (default)
2023-07-13 02:06:02,839 [om1-impl-thread1] INFO  server.RaftServerConfigKeys (ConfUtils.java:logGet(46)) - raft.server.log.queue.element-limit = 4096 (default)
2023-07-13 02:06:02,839 [om1-impl-thread1] INFO  server.RaftServerConfigKeys (ConfUtils.java:logGet(46)) - raft.server.log.segment.size.max = 4194304 (custom)
2023-07-13 02:06:02,840 [om1-impl-thread1] INFO  server.RaftServerConfigKeys (ConfUtils.java:logGet(46)) - raft.server.log.preallocated.size = 4194304 (custom)
2023-07-13 02:06:02,840 [om1-impl-thread1] INFO  server.RaftServerConfigKeys (ConfUtils.java:logGet(46)) - raft.server.log.force.sync.num = 128 (default)
2023-07-13 02:06:02,840 [om1-impl-thread1] INFO  server.RaftServerConfigKeys (ConfUtils.java:logGet(46)) - raft.server.log.statemachine.data.sync = true (default)
2023-07-13 02:06:02,840 [om1-impl-thread1] INFO  server.RaftServerConfigKeys (ConfUtils.java:logGet(46)) - raft.server.log.statemachine.data.sync.timeout = 10s (default)
2023-07-13 02:06:02,840 [om1-impl-thread1] INFO  server.RaftServerConfigKeys (ConfUtils.java:logGet(46)) - raft.server.log.statemachine.data.sync.timeout.retry = -1 (default)
2023-07-13 02:06:02,840 [om1-impl-thread1] INFO  server.RaftServerConfigKeys (ConfUtils.java:logGet(46)) - raft.server.log.write.buffer.size = 64KB (=65536) (default)
2023-07-13 02:06:02,840 [om1-impl-thread1] INFO  server.RaftServerConfigKeys (ConfUtils.java:logGet(46)) - raft.server.log.appender.buffer.byte-limit = 33554432 (custom)
2023-07-13 02:06:02,850 [om1-impl-thread1] INFO  server.RaftServerConfigKeys (ConfUtils.java:logGet(46)) - raft.server.log.unsafe-flush.enabled = false (default)
2023-07-13 02:06:02,850 [om1-impl-thread1] INFO  server.RaftServerConfigKeys (ConfUtils.java:logGet(46)) - raft.server.log.async-flush.enabled = false (default)
2023-07-13 02:06:02,850 [om1-impl-thread1] INFO  server.RaftServerConfigKeys (ConfUtils.java:logGet(46)) - raft.server.log.statemachine.data.caching.enabled = false (default)
2023-07-13 02:06:02,851 [om1-impl-thread1] INFO  segmented.SegmentedRaftLogWorker (SegmentedRaftLogWorker.java:lambda$new$0(135)) - om1@group-C5BA1605619E-SegmentedRaftLogWorker: flushIndex: setUnconditionally 0 -> -1
2023-07-13 02:06:02,859 [om1-impl-thread1] INFO  segmented.SegmentedRaftLogWorker (SegmentedRaftLogWorker.java:lambda$new$0(135)) - om1@group-C5BA1605619E-SegmentedRaftLogWorker: safeCacheEvictIndex: setUnconditionally 0 -> -1
2023-07-13 02:06:02,862 [om1-impl-thread1] INFO  server.RaftServer$Division (RaftServerImpl.java:start(342)) - om1@group-C5BA1605619E: start as a follower, conf=-1: peers:[om1|rpc:fv-az201-768.ett4tu3jvdse5ovc2mkgjqcs5a.bx.internal.cloudapp.net:9872|priority:0|startupRole:FOLLOWER]|listeners:[], old=null
2023-07-13 02:06:02,862 [om1-impl-thread1] INFO  server.RaftServer$Division (RaftServerImpl.java:setRole(329)) - om1@group-C5BA1605619E: changes role from      null to FOLLOWER at term 0 for startAsFollower
2023-07-13 02:06:02,867 [om1-impl-thread1] INFO  impl.RoleInfo (RoleInfo.java:updateAndGet(139)) - om1: start om1@group-C5BA1605619E-FollowerState
2023-07-13 02:06:02,867 [om1@group-C5BA1605619E-FollowerState] INFO  server.RaftServerConfigKeys (ConfUtils.java:logFallback(53)) - raft.server.rpc.first-election.timeout.min = 5s (fallback to raft.server.rpc.timeout.min)
2023-07-13 02:06:02,867 [om1-impl-thread1] INFO  util.JmxRegister (JmxRegister.java:tryRegister(44)) - Successfully registered JMX Bean with object name Ratis:service=RaftServer,group=group-C5BA1605619E,id=om1
2023-07-13 02:06:02,868 [om1-impl-thread1] INFO  server.RaftServerConfigKeys (ConfUtils.java:logGet(46)) - raft.server.snapshot.auto.trigger.enabled = true (custom)
2023-07-13 02:06:02,869 [om1-impl-thread1] INFO  server.RaftServerConfigKeys (ConfUtils.java:logGet(46)) - raft.server.snapshot.auto.trigger.threshold = 400000 (default)
2023-07-13 02:06:02,869 [om1-impl-thread1] INFO  server.RaftServerConfigKeys (ConfUtils.java:logGet(46)) - raft.server.snapshot.retention.file.num = -1 (default)
2023-07-13 02:06:02,869 [om1-impl-thread1] INFO  server.RaftServerConfigKeys (ConfUtils.java:logGet(46)) - raft.server.log.purge.upto.snapshot.index = true (custom)
2023-07-13 02:06:02,869 [om1@group-C5BA1605619E-FollowerState] INFO  server.RaftServerConfigKeys (ConfUtils.java:logFallback(53)) - raft.server.rpc.first-election.timeout.max = 5200ms (fallback to raft.server.rpc.timeout.max)
2023-07-13 02:06:02,869 [Time-limited test] INFO  server.RaftServer (RaftServerProxy.java:startImpl(400)) - om1: start RPC server
2023-07-13 02:06:02,871 [Time-limited test] INFO  server.GrpcService (GrpcService.java:startImpl(302)) - om1: GrpcService started, listening on 9872
2023-07-13 02:06:02,874 [Time-limited test] INFO  om.OzoneManager (OzoneManager.java:startSecretManager(1098)) - Starting OM delegation token secret manager
2023-07-13 02:06:02,874 [Time-limited test] INFO  security.OzoneDelegationTokenSecretManager (OzoneSecretManager.java:updateCurrentKey(175)) - Updating current master key for generating tokens. Cert id 1300848912903
2023-07-13 02:06:02,874 [JvmPauseMonitor6] INFO  util.JvmPauseMonitor (JvmPauseMonitor.java:run(103)) - JvmPauseMonitor-om1: Started
2023-07-13 02:06:02,875 [Time-limited test] INFO  om.OzoneManager (OzoneManager.java:start(1633)) - Version File has different layout version (6) than OM DB (null). That is expected if this OM has never been finalized to a newer layout version.
2023-07-13 02:06:02,884 [Thread[Thread-1462,5,FailOnTimeoutGroup]] INFO  security.OzoneDelegationTokenSecretManager (OzoneDelegationTokenSecretManager.java:run(636)) - Starting expired delegation token remover thread, tokenRemoverScanInterval=60 min(s)
2023-07-13 02:06:02,886 [Time-limited test] INFO  http.BaseHttpServer (BaseHttpServer.java:newHttpServer2BuilderForOzone(224)) - Starting Web-server for ozoneManager at: http://0.0.0.0:9874
2023-07-13 02:06:02,886 [Time-limited test] INFO  http.BaseHttpServer (BaseHttpServer.java:<init>(111)) - Hadoop Security Enabled: true Ozone Security Enabled: true Ozone HTTP Security Enabled: false 
2023-07-13 02:06:02,887 [Time-limited test] WARN  server.AuthenticationFilter (AuthenticationFilter.java:constructSecretProvider(240)) - Unable to initialize FileSignerSecretProvider, falling back to use random secrets. Reason: Could not read signature secret file: /home/runner/hadoop-http-auth-signature-secret
2023-07-13 02:06:02,894 [Time-limited test] INFO  http.HttpRequestLog (HttpRequestLog.java:getRequestLog(86)) - Http request log for http.requests.ozoneManager is not defined
2023-07-13 02:06:02,898 [Time-limited test] INFO  http.HttpServer2 (HttpServer2.java:addGlobalFilter(1031)) - Added global filter 'safety' (class=org.apache.hadoop.hdds.server.http.HttpServer2$QuotingInputFilter)
2023-07-13 02:06:02,899 [Time-limited test] INFO  http.HttpServer2 (HttpServer2.java:addFilter(1007)) - Added filter static_user_filter (class=org.apache.hadoop.http.lib.StaticUserWebFilter$StaticUserFilter) to context ozoneManager
2023-07-13 02:06:02,899 [Time-limited test] INFO  http.HttpServer2 (HttpServer2.java:addFilter(1015)) - Added filter static_user_filter (class=org.apache.hadoop.http.lib.StaticUserWebFilter$StaticUserFilter) to context static
2023-07-13 02:06:02,900 [Time-limited test] INFO  http.HttpServer2 (HttpServer2.java:addFilter(1015)) - Added filter static_user_filter (class=org.apache.hadoop.http.lib.StaticUserWebFilter$StaticUserFilter) to context logs
2023-07-13 02:06:02,903 [Time-limited test] INFO  http.BaseHttpServer (BaseHttpServer.java:<init>(190)) - HTTP server of ozoneManager uses base directory /tmp/junit930219245974445562/junit970737398343342243/om-meta/webserver
2023-07-13 02:06:02,904 [Time-limited test] INFO  http.HttpServer2 (HttpServer2.java:bindListener(1250)) - Jetty bound to port 9874
2023-07-13 02:06:02,904 [Time-limited test] INFO  server.Server (Server.java:doStart(375)) - jetty-9.4.51.v20230217; built: 2023-02-17T08:19:37.309Z; git: b45c405e4544384de066f814ed42ae3dceacdd49; jvm 1.8.0_372-b07
2023-07-13 02:06:02,906 [Time-limited test] INFO  server.session (DefaultSessionIdManager.java:doStart(334)) - DefaultSessionIdManager workerName=node0
2023-07-13 02:06:02,906 [Time-limited test] INFO  server.session (DefaultSessionIdManager.java:doStart(339)) - No SessionScavenger set, using defaults
2023-07-13 02:06:02,907 [Time-limited test] INFO  server.session (HouseKeeper.java:startScavenging(132)) - node0 Scavenging every 660000ms
2023-07-13 02:06:02,907 [Time-limited test] INFO  handler.ContextHandler (ContextHandler.java:doStart(921)) - Started o.e.j.s.ServletContextHandler@800f445{logs,/logs,file:///home/runner/work/ozone/ozone/hadoop-ozone/integration-test/target/log,AVAILABLE}
2023-07-13 02:06:02,908 [Time-limited test] INFO  handler.ContextHandler (ContextHandler.java:doStart(921)) - Started o.e.j.s.ServletContextHandler@19e54ff5{static,/static,file:///home/runner/work/ozone/ozone/hadoop-ozone/integration-test/target/test-classes/webapps/static,AVAILABLE}
2023-07-13 02:06:02,921 [Time-limited test] INFO  handler.ContextHandler (ContextHandler.java:doStart(921)) - Started o.e.j.w.WebAppContext@8dbe184{ozoneManager,/,file:///home/runner/work/ozone/ozone/hadoop-ozone/integration-test/target/test-classes/webapps/ozoneManager/,AVAILABLE}{file:/home/runner/work/ozone/ozone/hadoop-ozone/integration-test/target/test-classes/webapps/ozoneManager}
2023-07-13 02:06:02,926 [Time-limited test] INFO  server.AbstractConnector (AbstractConnector.java:doStart(333)) - Started ServerConnector@51ebb11d{HTTP/1.1, (http/1.1)}{0.0.0.0:9874}
2023-07-13 02:06:02,926 [Time-limited test] INFO  server.Server (Server.java:doStart(415)) - Started @87574ms
2023-07-13 02:06:02,926 [Time-limited test] WARN  impl.MetricsSystemImpl (MetricsSystemImpl.java:register(279)) - Sink prometheus already exists!
2023-07-13 02:06:02,927 [Time-limited test] INFO  http.BaseHttpServer (BaseHttpServer.java:updateConnectorAddress(344)) - HTTP server of ozoneManager listening at http://0.0.0.0:9874
2023-07-13 02:06:02,928 [IPC Server Responder] INFO  ipc.Server (Server.java:run(1562)) - IPC Server Responder: starting
2023-07-13 02:06:02,928 [IPC Server listener on 1202] INFO  ipc.Server (Server.java:run(1402)) - IPC Server listener on 1202: starting
2023-07-13 02:06:02,960 [Time-limited test] INFO  om.OzoneManager (OzoneManager.java:startTrashEmptier(2092)) - Trash Interval set to 0. Files deleted won't move to trash
2023-07-13 02:06:08,025 [om1@group-C5BA1605619E-FollowerState] INFO  impl.FollowerState (FollowerState.java:run(143)) - om1@group-C5BA1605619E-FollowerState: change to CANDIDATE, lastRpcElapsedTime:5159004705ns, electionTimeout:5156ms
2023-07-13 02:06:08,026 [om1@group-C5BA1605619E-FollowerState] INFO  impl.RoleInfo (RoleInfo.java:shutdownFollowerState(110)) - om1: shutdown om1@group-C5BA1605619E-FollowerState
2023-07-13 02:06:08,026 [om1@group-C5BA1605619E-FollowerState] INFO  server.RaftServer$Division (RaftServerImpl.java:setRole(329)) - om1@group-C5BA1605619E: changes role from  FOLLOWER to CANDIDATE at term 0 for changeToCandidate
2023-07-13 02:06:08,026 [om1@group-C5BA1605619E-FollowerState] INFO  server.RaftServerConfigKeys (ConfUtils.java:logGet(46)) - raft.server.leaderelection.pre-vote = true (default)
2023-07-13 02:06:08,026 [om1@group-C5BA1605619E-FollowerState] INFO  impl.RoleInfo (RoleInfo.java:updateAndGet(139)) - om1: start om1@group-C5BA1605619E-LeaderElection3
2023-07-13 02:06:08,029 [om1@group-C5BA1605619E-LeaderElection3] INFO  impl.LeaderElection (LeaderElection.java:askForVotes(321)) - om1@group-C5BA1605619E-LeaderElection3 PRE_VOTE round 0: submit vote requests at term 0 for -1: peers:[om1|rpc:fv-az201-768.ett4tu3jvdse5ovc2mkgjqcs5a.bx.internal.cloudapp.net:9872|priority:0|startupRole:FOLLOWER]|listeners:[], old=null
2023-07-13 02:06:08,029 [om1@group-C5BA1605619E-LeaderElection3] INFO  impl.LeaderElection (LeaderElection.java:askForVotes(323)) - om1@group-C5BA1605619E-LeaderElection3 PRE_VOTE round 0: result PASSED (term=0)
2023-07-13 02:06:08,041 [om1@group-C5BA1605619E-LeaderElection3] INFO  impl.LeaderElection (LeaderElection.java:askForVotes(321)) - om1@group-C5BA1605619E-LeaderElection3 ELECTION round 0: submit vote requests at term 1 for -1: peers:[om1|rpc:fv-az201-768.ett4tu3jvdse5ovc2mkgjqcs5a.bx.internal.cloudapp.net:9872|priority:0|startupRole:FOLLOWER]|listeners:[], old=null
2023-07-13 02:06:08,041 [om1@group-C5BA1605619E-LeaderElection3] INFO  impl.LeaderElection (LeaderElection.java:askForVotes(323)) - om1@group-C5BA1605619E-LeaderElection3 ELECTION round 0: result PASSED (term=1)
2023-07-13 02:06:08,041 [om1@group-C5BA1605619E-LeaderElection3] INFO  impl.RoleInfo (RoleInfo.java:shutdownLeaderElection(130)) - om1: shutdown om1@group-C5BA1605619E-LeaderElection3
2023-07-13 02:06:08,042 [om1@group-C5BA1605619E-LeaderElection3] INFO  server.RaftServer$Division (RaftServerImpl.java:setRole(329)) - om1@group-C5BA1605619E: changes role from CANDIDATE to LEADER at term 1 for changeToLeader
2023-07-13 02:06:08,042 [om1@group-C5BA1605619E-LeaderElection3] INFO  server.RaftServer$Division (ServerState.java:setLeader(317)) - om1@group-C5BA1605619E: change Leader from null to om1 at term 1 for becomeLeader, leader elected after 6435ms
2023-07-13 02:06:08,042 [om1@group-C5BA1605619E-LeaderElection3] INFO  server.RaftServerConfigKeys (ConfUtils.java:logGet(46)) - raft.server.staging.catchup.gap = 1000 (default)
2023-07-13 02:06:08,042 [om1@group-C5BA1605619E-LeaderElection3] INFO  server.RaftServerConfigKeys (ConfUtils.java:logGet(46)) - raft.server.write.element-limit = 4096 (default)
2023-07-13 02:06:08,042 [om1@group-C5BA1605619E-LeaderElection3] INFO  server.RaftServerConfigKeys (ConfUtils.java:logGet(46)) - raft.server.write.byte-limit = 64MB (=67108864) (default)
2023-07-13 02:06:08,043 [om1@group-C5BA1605619E-LeaderElection3] INFO  server.RaftServerConfigKeys (ConfUtils.java:logGet(46)) - raft.server.watch.timeout = 10s (default)
2023-07-13 02:06:08,043 [om1@group-C5BA1605619E-LeaderElection3] INFO  server.RaftServerConfigKeys (ConfUtils.java:logGet(46)) - raft.server.watch.timeout.denomination = 1s (default)
2023-07-13 02:06:08,044 [om1@group-C5BA1605619E-LeaderElection3] INFO  server.RaftServerConfigKeys (ConfUtils.java:logGet(46)) - raft.server.watch.element-limit = 65536 (default)
2023-07-13 02:06:08,044 [om1@group-C5BA1605619E-LeaderElection3] INFO  server.RaftServerConfigKeys (ConfUtils.java:logGet(46)) - raft.server.write.element-limit = 4096 (default)
2023-07-13 02:06:08,044 [om1@group-C5BA1605619E-LeaderElection3] INFO  server.RaftServerConfigKeys (ConfUtils.java:logGet(46)) - raft.server.write.follower.gap.ratio.max = -1.0 (default)
2023-07-13 02:06:08,044 [om1@group-C5BA1605619E-LeaderElection3] INFO  impl.RoleInfo (RoleInfo.java:updateAndGet(139)) - om1: start om1@group-C5BA1605619E-LeaderStateImpl
2023-07-13 02:06:08,044 [om1@group-C5BA1605619E-LeaderElection3] INFO  segmented.SegmentedRaftLogWorker (SegmentedRaftLogWorker.java:startLogSegment(447)) - om1@group-C5BA1605619E-SegmentedRaftLogWorker: Starting segment from index:0
2023-07-13 02:06:08,046 [om1@group-C5BA1605619E-LeaderElection3] INFO  server.RaftServer$Division (ServerState.java:setRaftConf(434)) - om1@group-C5BA1605619E: set configuration 0: peers:[om1|rpc:fv-az201-768.ett4tu3jvdse5ovc2mkgjqcs5a.bx.internal.cloudapp.net:9872|admin:|client:|dataStream:|priority:0|startupRole:FOLLOWER]|listeners:[], old=null
2023-07-13 02:06:08,061 [om1@group-C5BA1605619E-SegmentedRaftLogWorker] INFO  segmented.SegmentedRaftLogWorker (SegmentedRaftLogWorker.java:execute(651)) - om1@group-C5BA1605619E-SegmentedRaftLogWorker: created new log segment /tmp/junit930219245974445562/junit970737398343342243/om-meta/ratis/bf265839-605b-3f16-9796-c5ba1605619e/current/log_inprogress_0
2023-07-13 02:06:08,064 [om1@group-C5BA1605619E-StateMachineUpdater] INFO  ratis.OzoneManagerStateMachine (OzoneManagerStateMachine.java:notifyConfigurationChanged(201)) - Received Configuration change notification from Ratis. New Peer list:
[id: "om1"
address: "fv-az201-768.ett4tu3jvdse5ovc2mkgjqcs5a.bx.internal.cloudapp.net:9872"
startupRole: FOLLOWER
]
2023-07-13 02:06:08,091 [pool-404-thread-2] INFO  request.TgsRequest (TgsRequest.java:issueTicket(115)) - TGS_REQ ISSUE: authtime 1689213968091,om/fv-az201-768.ett4tu3jvdse5ovc2mkgjqcs5a.bx.internal.cloudapp.net for om/fv-az201-768.ett4tu3jvdse5ovc2mkgjqcs5a.bx.internal.cloudapp.net@EXAMPLE.COM
2023-07-13 02:06:08,100 [Socket Reader #1 for port 1202] INFO  ipc.Server (Server.java:saslProcess(2139)) - Auth successful for om/fv-az201-768.ett4tu3jvdse5ovc2mkgjqcs5a.bx.internal.cloudapp.net@EXAMPLE.COM (auth:KERBEROS) from fv-az201-768.ett4tu3jvdse5ovc2mkgjqcs5a.bx.internal.cloudapp.net:41927 / 10.1.0.115:41927
2023-07-13 02:06:17,174 [CertificateRenewerService] INFO  utils.SelfSignedCertificate (SelfSignedCertificate.java:generateCertificate(157)) - Certificate 2 is issued by CN=rootCA-new@localhost,OU=scm1,O=cluster1 to CN=rootCA-new@localhost,OU=scm1,O=cluster1, valid from Thu Jul 13 02:06:17 UTC 2023 to Sun Aug 20 02:06:17 UTC 2028
Thu Jul 13 02:06:17 UTC 2023 certificated is renewed
2023-07-13 02:06:17,483 [CertificateRenewerService] INFO  ssl.PemFileBasedKeyStoresFactory (PemFileBasedKeyStoresFactory.java:notifyCertificateRenewed(157)) - CertificateClientTestImpl notify certificate renewed
2023-07-13 02:06:17,483 [CertificateRenewerService] INFO  ssl.ReloadingX509KeyManager (ReloadingX509KeyManager.java:loadKeyManager(222)) - Key manager is loaded with certificate chain
2023-07-13 02:06:17,484 [CertificateRenewerService] INFO  ssl.ReloadingX509KeyManager (ReloadingX509KeyManager.java:loadKeyManager(224)) - [
[
  Version: V3
  Subject: O=cluster1, OU=scm1, CN=localhost
  Signature Algorithm: SHA256withRSA, OID = 1.2.840.113549.1.1.11

  Key:  Sun RSA public key, 2048 bits
  params: null
  modulus: 28859118539259784156646300424690699177739086428494205742902791652038269579323138211978473815377686695489812987857725282782106295529666779927896807026920287319792099299852380480109518596650085806326683622969870751346843964327426122654514149646159746258015395603942602583175569300030266707424733499833999386477729538926475262189676285261749866049320852866493668543716986961931168353893798511776674315776215542890835798730666585100484536904068353041091406659685415485336650546135010270210670964582921493650827845357552495139238986033991933669258224870278778119521580761369807999170306799621316574466022182247308883717081
  public exponent: 65537
  Validity: [From: Thu Jul 13 02:06:17 UTC 2023,
               To: Thu Jul 13 02:06:57 UTC 2023]
  Issuer: O=cluster1, OU=scm1, CN=rootCA-new@localhost
  SerialNumber: [    01324b2b b95e]

Certificate Extensions: 1
[1]: ObjectId: 2.5.29.15 Criticality=true
KeyUsage [
  DigitalSignature
  Key_Agreement
]

]
  Algorithm: [SHA256withRSA]
  Signature:
0000: 18 FE 95 D0 60 E2 37 43   F5 BA A3 7F 1F 8C 77 E3  ....`.7C......w.
0010: D6 6B CF 3F D9 FE 3C 01   95 0A C8 50 88 2B 47 60  .k.?..<....P.+G`
0020: C6 75 A4 27 2D 4D BF EF   90 69 93 40 6A 67 AB 13  .u.'-M...i.@jg..
0030: 32 E5 98 FA C5 DE 14 C2   2C 3B 3D 14 97 F2 6D B4  2.......,;=...m.
0040: D1 B3 A9 15 16 D5 86 26   1D E9 9D 3B C3 E3 84 1E  .......&...;....
0050: 0F FC D6 DB C8 09 BD BB   66 8C 07 8E 16 35 EF 09  ........f....5..
0060: 86 29 FA 81 1D 2A 10 31   DF A9 5A 34 FF 65 7B 3C  .)...*.1..Z4.e.<
0070: 74 68 52 A5 0C 7E 9A 81   75 B1 03 21 EE 1A A8 62  thR.....u..!...b
0080: 0B 70 AC 03 CE AD 50 DA   E0 EA C7 16 D9 65 2F AE  .p....P......e/.
0090: 8C D2 5D A2 04 70 4D C8   99 87 B6 F0 A9 55 56 08  ..]..pM......UV.
00A0: 07 92 E5 F3 AC C7 43 28   EC A3 50 9E 9C 55 F7 08  ......C(..P..U..
00B0: 77 A4 CD DF CD 18 5C 86   40 9D 4A 05 1B 30 B2 0B  w.....\.@.J..0..
00C0: 65 AA E9 24 11 19 92 19   B7 5B B7 7F 50 82 F3 21  e..$.....[..P..!
00D0: 7F A2 55 84 59 A5 B0 94   95 E7 4F 06 96 D4 D7 FF  ..U.Y.....O.....
00E0: 12 8D 77 AF C9 15 94 24   43 C3 01 2C E7 4F E5 2A  ..w....$C..,.O.*
00F0: A1 64 44 F5 0E BC E4 5B   5F E3 44 DB 37 28 32 D6  .dD....[_.D.7(2.

]
2023-07-13 02:06:17,484 [CertificateRenewerService] INFO  ssl.ReloadingX509KeyManager (ReloadingX509KeyManager.java:loadKeyManager(224)) - [
[
  Version: V3
  Subject: O=cluster1, OU=scm1, CN=rootCA-new@localhost
  Signature Algorithm: SHA256withRSA, OID = 1.2.840.113549.1.1.11

  Key:  Sun RSA public key, 2048 bits
  params: null
  modulus: 22916257074172044854266159545161430745336814934956011540893754026047153566996345316335746441607855906796961124533777349848578051104280852629415438133419475270528273531570676338069596537966035646025853828801824405158804132887743379179953010011599748055988572890766855996067594008421085594969945535350012721577764104549691250399710395389614559892817044831894054140479261631933507079164264198079374158032116718191152451159594306945452594799505635161062468023359058850043777747970216251674900911288870875359058290643807413456189316530901024902459629364021575216783858867640420378726814351367347434381441118837320072854423
  public exponent: 65537
  Validity: [From: Thu Jul 13 02:06:17 UTC 2023,
               To: Sun Aug 20 02:06:17 UTC 2028]
  Issuer: O=cluster1, OU=scm1, CN=rootCA-new@localhost
  SerialNumber: [    02]

Certificate Extensions: 2
[1]: ObjectId: 2.5.29.19 Criticality=true
BasicConstraints:[
  CA:true
  PathLen:2147483647
]

[2]: ObjectId: 2.5.29.15 Criticality=true
KeyUsage [
  Key_CertSign
  Crl_Sign
]

]
  Algorithm: [SHA256withRSA]
  Signature:
0000: 15 97 0E 48 FD A1 FE FB   37 B4 E1 C5 11 3F 27 D8  ...H....7....?'.
0010: DD DC A7 85 59 62 D4 34   83 10 57 28 20 84 7E 1D  ....Yb.4..W( ...
0020: 4E 95 C5 06 54 42 3A 74   14 D0 54 77 EB 05 2F BB  N...TB:t..Tw../.
0030: 80 D7 34 14 F9 E9 07 5D   5E 48 1F 41 2D 11 F2 44  ..4....]^H.A-..D
0040: 61 64 18 51 A2 4C BB A4   FA 48 94 03 5C E5 B7 96  ad.Q.L...H..\...
0050: 3D 9C 8F 84 BF 85 1F 75   81 B9 01 72 AE 54 17 E5  =......u...r.T..
0060: 30 FA C1 3B E0 D5 9D 1F   D7 3E 37 FF 98 C5 CC B2  0..;.....>7.....
0070: 04 95 42 EF B9 72 54 38   0C 92 39 17 17 D9 64 77  ..B..rT8..9...dw
0080: 57 24 66 AF 70 54 20 A8   FC A8 12 CD 76 C0 01 1F  W$f.pT .....v...
0090: 0C 20 38 CD FF F0 37 30   61 5E 0B 83 D1 89 17 38  . 8...70a^.....8
00A0: 12 F9 74 63 A3 48 84 FC   20 9F 06 64 B6 14 67 87  ..tc.H.. ..d..g.
00B0: A7 F4 42 93 35 BC 59 E5   9D 7F 55 16 75 B8 EE 12  ..B.5.Y...U.u...
00C0: DA DD C1 A5 F4 A6 F0 D1   F8 A1 C5 CA 53 3A C5 5E  ............S:.^
00D0: A8 9C C4 B5 57 F2 05 60   C9 11 20 82 B7 89 2F C5  ....W..`.. .../.
00E0: 73 23 A8 CB 1B 68 2F 85   AC 59 F4 74 96 01 84 EF  s#...h/..Y.t....
00F0: 16 4E 2C 89 25 DF A4 29   D2 18 F5 41 35 9C A2 F5  .N,.%..)...A5...

]
2023-07-13 02:06:17,485 [CertificateRenewerService] INFO  ssl.ReloadingX509KeyManager (ReloadingX509KeyManager.java:loadFrom(192)) - ReloadingX509KeyManager is reloaded
2023-07-13 02:06:17,485 [CertificateRenewerService] INFO  ssl.ReloadingX509TrustManager (ReloadingX509TrustManager.java:insertCertsToKeystore(188)) - Trust manager is loaded with certificates
2023-07-13 02:06:17,485 [CertificateRenewerService] INFO  ssl.ReloadingX509TrustManager (ReloadingX509TrustManager.java:insertCertsToKeystore(192)) - [
[
  Version: V3
  Subject: O=cluster1, OU=scm1, CN=rootCA-new@localhost
  Signature Algorithm: SHA256withRSA, OID = 1.2.840.113549.1.1.11

  Key:  Sun RSA public key, 2048 bits
  params: null
  modulus: 22916257074172044854266159545161430745336814934956011540893754026047153566996345316335746441607855906796961124533777349848578051104280852629415438133419475270528273531570676338069596537966035646025853828801824405158804132887743379179953010011599748055988572890766855996067594008421085594969945535350012721577764104549691250399710395389614559892817044831894054140479261631933507079164264198079374158032116718191152451159594306945452594799505635161062468023359058850043777747970216251674900911288870875359058290643807413456189316530901024902459629364021575216783858867640420378726814351367347434381441118837320072854423
  public exponent: 65537
  Validity: [From: Thu Jul 13 02:06:17 UTC 2023,
               To: Sun Aug 20 02:06:17 UTC 2028]
  Issuer: O=cluster1, OU=scm1, CN=rootCA-new@localhost
  SerialNumber: [    02]

Certificate Extensions: 2
[1]: ObjectId: 2.5.29.19 Criticality=true
BasicConstraints:[
  CA:true
  PathLen:2147483647
]

[2]: ObjectId: 2.5.29.15 Criticality=true
KeyUsage [
  Key_CertSign
  Crl_Sign
]

]
  Algorithm: [SHA256withRSA]
  Signature:
0000: 15 97 0E 48 FD A1 FE FB   37 B4 E1 C5 11 3F 27 D8  ...H....7....?'.
0010: DD DC A7 85 59 62 D4 34   83 10 57 28 20 84 7E 1D  ....Yb.4..W( ...
0020: 4E 95 C5 06 54 42 3A 74   14 D0 54 77 EB 05 2F BB  N...TB:t..Tw../.
0030: 80 D7 34 14 F9 E9 07 5D   5E 48 1F 41 2D 11 F2 44  ..4....]^H.A-..D
0040: 61 64 18 51 A2 4C BB A4   FA 48 94 03 5C E5 B7 96  ad.Q.L...H..\...
0050: 3D 9C 8F 84 BF 85 1F 75   81 B9 01 72 AE 54 17 E5  =......u...r.T..
0060: 30 FA C1 3B E0 D5 9D 1F   D7 3E 37 FF 98 C5 CC B2  0..;.....>7.....
0070: 04 95 42 EF B9 72 54 38   0C 92 39 17 17 D9 64 77  ..B..rT8..9...dw
0080: 57 24 66 AF 70 54 20 A8   FC A8 12 CD 76 C0 01 1F  W$f.pT .....v...
0090: 0C 20 38 CD FF F0 37 30   61 5E 0B 83 D1 89 17 38  . 8...70a^.....8
00A0: 12 F9 74 63 A3 48 84 FC   20 9F 06 64 B6 14 67 87  ..tc.H.. ..d..g.
00B0: A7 F4 42 93 35 BC 59 E5   9D 7F 55 16 75 B8 EE 12  ..B.5.Y...U.u...
00C0: DA DD C1 A5 F4 A6 F0 D1   F8 A1 C5 CA 53 3A C5 5E  ............S:.^
00D0: A8 9C C4 B5 57 F2 05 60   C9 11 20 82 B7 89 2F C5  ....W..`.. .../.
00E0: 73 23 A8 CB 1B 68 2F 85   AC 59 F4 74 96 01 84 EF  s#...h/..Y.t....
00F0: 16 4E 2C 89 25 DF A4 29   D2 18 F5 41 35 9C A2 F5  .N,.%..)...A5...

]
2023-07-13 02:06:17,491 [CertificateRenewerService] INFO  ssl.ReloadingX509TrustManager (ReloadingX509TrustManager.java:insertCertsToKeystore(192)) - [
[
  Version: V3
  Subject: O=cluster1, OU=scm1, CN=rootCA@localhost
  Signature Algorithm: SHA256withRSA, OID = 1.2.840.113549.1.1.11

  Key:  Sun RSA public key, 2048 bits
  params: null
  modulus: 21182061491148329825193707658857567997270763219418464991420573221271810339204970736239515024912245803538129406959126881819687862689470530657676085727050797654789734216635141684021600059138796290128767379463424442531175392619876122586185199954576663681332067341067718110573471253204691607064521995911132688635801192892290048707338547778149987393680713674949396373404238686883136441657288822679339331017762653645040553616748666174818021173321216702552259430510740348146181451443472126827443227519806452478430641696427433360918393650684650968439575862047396931204172123410166790637788210101856690944890401101841828810511
  public exponent: 65537
  Validity: [From: Thu Jul 13 02:06:02 UTC 2023,
               To: Sun Aug 20 02:06:02 UTC 2028]
  Issuer: O=cluster1, OU=scm1, CN=rootCA@localhost
  SerialNumber: [    01]

Certificate Extensions: 2
[1]: ObjectId: 2.5.29.19 Criticality=true
BasicConstraints:[
  CA:true
  PathLen:2147483647
]

[2]: ObjectId: 2.5.29.15 Criticality=true
KeyUsage [
  Key_CertSign
  Crl_Sign
]

]
  Algorithm: [SHA256withRSA]
  Signature:
0000: 55 9A 2F 68 FA EB CE D8   AF 05 D3 9B DB 0A 48 39  U./h..........H9
0010: 17 18 2F 35 14 2A 93 07   29 10 CC 4B 9D B2 E2 7B  ../5.*..)..K....
0020: C9 A2 0D 69 B2 16 2E 53   0A 22 32 5B 43 08 42 8E  ...i...S."2[C.B.
0030: D5 15 33 01 E0 90 D8 08   D8 F0 C1 C8 31 6A 5F B1  ..3.........1j_.
0040: 2F CA 03 9D 92 02 F4 95   34 2C FE 52 FB FE 45 39  /.......4,.R..E9
0050: 8A 68 47 D0 2E 8A D5 3B   B7 49 26 34 68 15 2A 34  .hG....;.I&4h.*4
0060: 1D 08 80 B7 4F E5 09 E1   BD 62 4B D1 37 56 28 93  ....O....bK.7V(.
0070: E7 2E 45 BD D6 32 0D 7A   3D 2B 61 A0 B7 96 7C 01  ..E..2.z=+a.....
0080: 84 F4 C4 04 4D 7D 3F 73   62 35 8F 80 C5 50 5E C7  ....M.?sb5...P^.
0090: 19 CF 74 1F A9 35 8A C3   3C 88 2D 1E 77 8B 5A 2B  ..t..5..<.-.w.Z+
00A0: 9C C6 29 7D C4 E6 BB 4B   0D 3B 16 02 3B 6F AF 89  ..)....K.;..;o..
00B0: D6 E9 38 86 3F C1 69 C9   66 0D 29 50 E6 4C F5 8D  ..8.?.i.f.)P.L..
00C0: A6 5A 3B 00 42 ED 53 88   A4 B0 C7 2A 10 63 EE 08  .Z;.B.S....*.c..
00D0: 79 EB FF C5 CD 5F 6F 84   81 2C 08 DF E6 0E CC 2B  y...._o..,.....+
00E0: 53 8E 69 61 70 EC 88 34   51 D1 71 E0 EF C5 5F 3E  S.iap..4Q.q..._>
00F0: 15 9C E9 72 6C BB 34 5A   88 1C 90 CE 6A B1 C9 F5  ...rl.4Z....j...

]
2023-07-13 02:06:17,491 [CertificateRenewerService] INFO  ssl.ReloadingX509TrustManager (ReloadingX509TrustManager.java:loadFrom(141)) - ReloadingX509TrustManager is reloaded.
2023-07-13 02:06:17,491 [CertificateRenewerService] INFO  ssl.PemFileBasedKeyStoresFactory (PemFileBasedKeyStoresFactory.java:notifyCertificateRenewed(157)) - CertificateClientTestImpl notify certificate renewed
2023-07-13 02:06:17,491 [CertificateRenewerService] INFO  ssl.ReloadingX509KeyManager (ReloadingX509KeyManager.java:loadKeyManager(222)) - Key manager is loaded with certificate chain
2023-07-13 02:06:17,492 [CertificateRenewerService] INFO  ssl.ReloadingX509KeyManager (ReloadingX509KeyManager.java:loadKeyManager(224)) - [
[
  Version: V3
  Subject: O=cluster1, OU=scm1, CN=localhost
  Signature Algorithm: SHA256withRSA, OID = 1.2.840.113549.1.1.11

  Key:  Sun RSA public key, 2048 bits
  params: null
  modulus: 28859118539259784156646300424690699177739086428494205742902791652038269579323138211978473815377686695489812987857725282782106295529666779927896807026920287319792099299852380480109518596650085806326683622969870751346843964327426122654514149646159746258015395603942602583175569300030266707424733499833999386477729538926475262189676285261749866049320852866493668543716986961931168353893798511776674315776215542890835798730666585100484536904068353041091406659685415485336650546135010270210670964582921493650827845357552495139238986033991933669258224870278778119521580761369807999170306799621316574466022182247308883717081
  public exponent: 65537
  Validity: [From: Thu Jul 13 02:06:17 UTC 2023,
               To: Thu Jul 13 02:06:57 UTC 2023]
  Issuer: O=cluster1, OU=scm1, CN=rootCA-new@localhost
  SerialNumber: [    01324b2b b95e]

Certificate Extensions: 1
[1]: ObjectId: 2.5.29.15 Criticality=true
KeyUsage [
  DigitalSignature
  Key_Agreement
]

]
  Algorithm: [SHA256withRSA]
  Signature:
0000: 18 FE 95 D0 60 E2 37 43   F5 BA A3 7F 1F 8C 77 E3  ....`.7C......w.
0010: D6 6B CF 3F D9 FE 3C 01   95 0A C8 50 88 2B 47 60  .k.?..<....P.+G`
0020: C6 75 A4 27 2D 4D BF EF   90 69 93 40 6A 67 AB 13  .u.'-M...i.@jg..
0030: 32 E5 98 FA C5 DE 14 C2   2C 3B 3D 14 97 F2 6D B4  2.......,;=...m.
0040: D1 B3 A9 15 16 D5 86 26   1D E9 9D 3B C3 E3 84 1E  .......&...;....
0050: 0F FC D6 DB C8 09 BD BB   66 8C 07 8E 16 35 EF 09  ........f....5..
0060: 86 29 FA 81 1D 2A 10 31   DF A9 5A 34 FF 65 7B 3C  .)...*.1..Z4.e.<
0070: 74 68 52 A5 0C 7E 9A 81   75 B1 03 21 EE 1A A8 62  thR.....u..!...b
0080: 0B 70 AC 03 CE AD 50 DA   E0 EA C7 16 D9 65 2F AE  .p....P......e/.
0090: 8C D2 5D A2 04 70 4D C8   99 87 B6 F0 A9 55 56 08  ..]..pM......UV.
00A0: 07 92 E5 F3 AC C7 43 28   EC A3 50 9E 9C 55 F7 08  ......C(..P..U..
00B0: 77 A4 CD DF CD 18 5C 86   40 9D 4A 05 1B 30 B2 0B  w.....\.@.J..0..
00C0: 65 AA E9 24 11 19 92 19   B7 5B B7 7F 50 82 F3 21  e..$.....[..P..!
00D0: 7F A2 55 84 59 A5 B0 94   95 E7 4F 06 96 D4 D7 FF  ..U.Y.....O.....
00E0: 12 8D 77 AF C9 15 94 24   43 C3 01 2C E7 4F E5 2A  ..w....$C..,.O.*
00F0: A1 64 44 F5 0E BC E4 5B   5F E3 44 DB 37 28 32 D6  .dD....[_.D.7(2.

]
2023-07-13 02:06:17,492 [CertificateRenewerService] INFO  ssl.ReloadingX509KeyManager (ReloadingX509KeyManager.java:loadKeyManager(224)) - [
[
  Version: V3
  Subject: O=cluster1, OU=scm1, CN=rootCA-new@localhost
  Signature Algorithm: SHA256withRSA, OID = 1.2.840.113549.1.1.11

  Key:  Sun RSA public key, 2048 bits
  params: null
  modulus: 22916257074172044854266159545161430745336814934956011540893754026047153566996345316335746441607855906796961124533777349848578051104280852629415438133419475270528273531570676338069596537966035646025853828801824405158804132887743379179953010011599748055988572890766855996067594008421085594969945535350012721577764104549691250399710395389614559892817044831894054140479261631933507079164264198079374158032116718191152451159594306945452594799505635161062468023359058850043777747970216251674900911288870875359058290643807413456189316530901024902459629364021575216783858867640420378726814351367347434381441118837320072854423
  public exponent: 65537
  Validity: [From: Thu Jul 13 02:06:17 UTC 2023,
               To: Sun Aug 20 02:06:17 UTC 2028]
  Issuer: O=cluster1, OU=scm1, CN=rootCA-new@localhost
  SerialNumber: [    02]

Certificate Extensions: 2
[1]: ObjectId: 2.5.29.19 Criticality=true
BasicConstraints:[
  CA:true
  PathLen:2147483647
]

[2]: ObjectId: 2.5.29.15 Criticality=true
KeyUsage [
  Key_CertSign
  Crl_Sign
]

]
  Algorithm: [SHA256withRSA]
  Signature:
0000: 15 97 0E 48 FD A1 FE FB   37 B4 E1 C5 11 3F 27 D8  ...H....7....?'.
0010: DD DC A7 85 59 62 D4 34   83 10 57 28 20 84 7E 1D  ....Yb.4..W( ...
0020: 4E 95 C5 06 54 42 3A 74   14 D0 54 77 EB 05 2F BB  N...TB:t..Tw../.
0030: 80 D7 34 14 F9 E9 07 5D   5E 48 1F 41 2D 11 F2 44  ..4....]^H.A-..D
0040: 61 64 18 51 A2 4C BB A4   FA 48 94 03 5C E5 B7 96  ad.Q.L...H..\...
0050: 3D 9C 8F 84 BF 85 1F 75   81 B9 01 72 AE 54 17 E5  =......u...r.T..
0060: 30 FA C1 3B E0 D5 9D 1F   D7 3E 37 FF 98 C5 CC B2  0..;.....>7.....
0070: 04 95 42 EF B9 72 54 38   0C 92 39 17 17 D9 64 77  ..B..rT8..9...dw
0080: 57 24 66 AF 70 54 20 A8   FC A8 12 CD 76 C0 01 1F  W$f.pT .....v...
0090: 0C 20 38 CD FF F0 37 30   61 5E 0B 83 D1 89 17 38  . 8...70a^.....8
00A0: 12 F9 74 63 A3 48 84 FC   20 9F 06 64 B6 14 67 87  ..tc.H.. ..d..g.
00B0: A7 F4 42 93 35 BC 59 E5   9D 7F 55 16 75 B8 EE 12  ..B.5.Y...U.u...
00C0: DA DD C1 A5 F4 A6 F0 D1   F8 A1 C5 CA 53 3A C5 5E  ............S:.^
00D0: A8 9C C4 B5 57 F2 05 60   C9 11 20 82 B7 89 2F C5  ....W..`.. .../.
00E0: 73 23 A8 CB 1B 68 2F 85   AC 59 F4 74 96 01 84 EF  s#...h/..Y.t....
00F0: 16 4E 2C 89 25 DF A4 29   D2 18 F5 41 35 9C A2 F5  .N,.%..)...A5...

]
2023-07-13 02:06:17,499 [CertificateRenewerService] INFO  ssl.ReloadingX509KeyManager (ReloadingX509KeyManager.java:loadFrom(192)) - ReloadingX509KeyManager is reloaded
2023-07-13 02:06:17,499 [CertificateRenewerService] INFO  ssl.ReloadingX509TrustManager (ReloadingX509TrustManager.java:insertCertsToKeystore(188)) - Trust manager is loaded with certificates
2023-07-13 02:06:17,500 [CertificateRenewerService] INFO  ssl.ReloadingX509TrustManager (ReloadingX509TrustManager.java:insertCertsToKeystore(192)) - [
[
  Version: V3
  Subject: O=cluster1, OU=scm1, CN=rootCA-new@localhost
  Signature Algorithm: SHA256withRSA, OID = 1.2.840.113549.1.1.11

  Key:  Sun RSA public key, 2048 bits
  params: null
  modulus: 22916257074172044854266159545161430745336814934956011540893754026047153566996345316335746441607855906796961124533777349848578051104280852629415438133419475270528273531570676338069596537966035646025853828801824405158804132887743379179953010011599748055988572890766855996067594008421085594969945535350012721577764104549691250399710395389614559892817044831894054140479261631933507079164264198079374158032116718191152451159594306945452594799505635161062468023359058850043777747970216251674900911288870875359058290643807413456189316530901024902459629364021575216783858867640420378726814351367347434381441118837320072854423
  public exponent: 65537
  Validity: [From: Thu Jul 13 02:06:17 UTC 2023,
               To: Sun Aug 20 02:06:17 UTC 2028]
  Issuer: O=cluster1, OU=scm1, CN=rootCA-new@localhost
  SerialNumber: [    02]

Certificate Extensions: 2
[1]: ObjectId: 2.5.29.19 Criticality=true
BasicConstraints:[
  CA:true
  PathLen:2147483647
]

[2]: ObjectId: 2.5.29.15 Criticality=true
KeyUsage [
  Key_CertSign
  Crl_Sign
]

]
  Algorithm: [SHA256withRSA]
  Signature:
0000: 15 97 0E 48 FD A1 FE FB   37 B4 E1 C5 11 3F 27 D8  ...H....7....?'.
0010: DD DC A7 85 59 62 D4 34   83 10 57 28 20 84 7E 1D  ....Yb.4..W( ...
0020: 4E 95 C5 06 54 42 3A 74   14 D0 54 77 EB 05 2F BB  N...TB:t..Tw../.
0030: 80 D7 34 14 F9 E9 07 5D   5E 48 1F 41 2D 11 F2 44  ..4....]^H.A-..D
0040: 61 64 18 51 A2 4C BB A4   FA 48 94 03 5C E5 B7 96  ad.Q.L...H..\...
0050: 3D 9C 8F 84 BF 85 1F 75   81 B9 01 72 AE 54 17 E5  =......u...r.T..
0060: 30 FA C1 3B E0 D5 9D 1F   D7 3E 37 FF 98 C5 CC B2  0..;.....>7.....
0070: 04 95 42 EF B9 72 54 38   0C 92 39 17 17 D9 64 77  ..B..rT8..9...dw
0080: 57 24 66 AF 70 54 20 A8   FC A8 12 CD 76 C0 01 1F  W$f.pT .....v...
0090: 0C 20 38 CD FF F0 37 30   61 5E 0B 83 D1 89 17 38  . 8...70a^.....8
00A0: 12 F9 74 63 A3 48 84 FC   20 9F 06 64 B6 14 67 87  ..tc.H.. ..d..g.
00B0: A7 F4 42 93 35 BC 59 E5   9D 7F 55 16 75 B8 EE 12  ..B.5.Y...U.u...
00C0: DA DD C1 A5 F4 A6 F0 D1   F8 A1 C5 CA 53 3A C5 5E  ............S:.^
00D0: A8 9C C4 B5 57 F2 05 60   C9 11 20 82 B7 89 2F C5  ....W..`.. .../.
00E0: 73 23 A8 CB 1B 68 2F 85   AC 59 F4 74 96 01 84 EF  s#...h/..Y.t....
00F0: 16 4E 2C 89 25 DF A4 29   D2 18 F5 41 35 9C A2 F5  .N,.%..)...A5...

]
2023-07-13 02:06:17,500 [CertificateRenewerService] INFO  ssl.ReloadingX509TrustManager (ReloadingX509TrustManager.java:insertCertsToKeystore(192)) - [
[
  Version: V3
  Subject: O=cluster1, OU=scm1, CN=rootCA@localhost
  Signature Algorithm: SHA256withRSA, OID = 1.2.840.113549.1.1.11

  Key:  Sun RSA public key, 2048 bits
  params: null
  modulus: 21182061491148329825193707658857567997270763219418464991420573221271810339204970736239515024912245803538129406959126881819687862689470530657676085727050797654789734216635141684021600059138796290128767379463424442531175392619876122586185199954576663681332067341067718110573471253204691607064521995911132688635801192892290048707338547778149987393680713674949396373404238686883136441657288822679339331017762653645040553616748666174818021173321216702552259430510740348146181451443472126827443227519806452478430641696427433360918393650684650968439575862047396931204172123410166790637788210101856690944890401101841828810511
  public exponent: 65537
  Validity: [From: Thu Jul 13 02:06:02 UTC 2023,
               To: Sun Aug 20 02:06:02 UTC 2028]
  Issuer: O=cluster1, OU=scm1, CN=rootCA@localhost
  SerialNumber: [    01]

Certificate Extensions: 2
[1]: ObjectId: 2.5.29.19 Criticality=true
BasicConstraints:[
  CA:true
  PathLen:2147483647
]

[2]: ObjectId: 2.5.29.15 Criticality=true
KeyUsage [
  Key_CertSign
  Crl_Sign
]

]
  Algorithm: [SHA256withRSA]
  Signature:
0000: 55 9A 2F 68 FA EB CE D8   AF 05 D3 9B DB 0A 48 39  U./h..........H9
0010: 17 18 2F 35 14 2A 93 07   29 10 CC 4B 9D B2 E2 7B  ../5.*..)..K....
0020: C9 A2 0D 69 B2 16 2E 53   0A 22 32 5B 43 08 42 8E  ...i...S."2[C.B.
0030: D5 15 33 01 E0 90 D8 08   D8 F0 C1 C8 31 6A 5F B1  ..3.........1j_.
0040: 2F CA 03 9D 92 02 F4 95   34 2C FE 52 FB FE 45 39  /.......4,.R..E9
0050: 8A 68 47 D0 2E 8A D5 3B   B7 49 26 34 68 15 2A 34  .hG....;.I&4h.*4
0060: 1D 08 80 B7 4F E5 09 E1   BD 62 4B D1 37 56 28 93  ....O....bK.7V(.
0070: E7 2E 45 BD D6 32 0D 7A   3D 2B 61 A0 B7 96 7C 01  ..E..2.z=+a.....
0080: 84 F4 C4 04 4D 7D 3F 73   62 35 8F 80 C5 50 5E C7  ....M.?sb5...P^.
0090: 19 CF 74 1F A9 35 8A C3   3C 88 2D 1E 77 8B 5A 2B  ..t..5..<.-.w.Z+
00A0: 9C C6 29 7D C4 E6 BB 4B   0D 3B 16 02 3B 6F AF 89  ..)....K.;..;o..
00B0: D6 E9 38 86 3F C1 69 C9   66 0D 29 50 E6 4C F5 8D  ..8.?.i.f.)P.L..
00C0: A6 5A 3B 00 42 ED 53 88   A4 B0 C7 2A 10 63 EE 08  .Z;.B.S....*.c..
00D0: 79 EB FF C5 CD 5F 6F 84   81 2C 08 DF E6 0E CC 2B  y...._o..,.....+
00E0: 53 8E 69 61 70 EC 88 34   51 D1 71 E0 EF C5 5F 3E  S.iap..4Q.q..._>
00F0: 15 9C E9 72 6C BB 34 5A   88 1C 90 CE 6A B1 C9 F5  ...rl.4Z....j...

]
2023-07-13 02:06:17,500 [CertificateRenewerService] INFO  ssl.ReloadingX509TrustManager (ReloadingX509TrustManager.java:loadFrom(141)) - ReloadingX509TrustManager is reloaded.
2023-07-13 02:06:17,500 [CertificateRenewerService] INFO  security.OzoneDelegationTokenSecretManager (OzoneSecretManager.java:notifyCertificateRenewed(198)) - Certificate is changed from 1300848912903 to 1315521149278
2023-07-13 02:06:17,500 [CertificateRenewerService] INFO  security.OzoneDelegationTokenSecretManager (OzoneSecretManager.java:updateCurrentKey(175)) - Updating current master key for generating tokens. Cert id 1315521149278
2023-07-13 02:06:17,508 [Time-limited test] INFO  om.OzoneManager (OzoneManager.java:stop(2198)) - om1[fv-az201-768.ett4tu3jvdse5ovc2mkgjqcs5a.bx.internal.cloudapp.net:1202]: Stopping Ozone Manager
2023-07-13 02:06:17,509 [Time-limited test] INFO  ipc.Server (Server.java:stop(3523)) - Stopping server on 1202
2023-07-13 02:06:17,511 [IPC Server listener on 1202] INFO  ipc.Server (Server.java:run(1434)) - Stopping IPC Server listener on 1202
2023-07-13 02:06:17,512 [IPC Server Responder] INFO  ipc.Server (Server.java:run(1567)) - Stopping IPC Server Responder
2023-07-13 02:06:17,512 [Time-limited test] INFO  server.RaftServer (RaftServerProxy.java:lambda$close$6(416)) - om1: close
2023-07-13 02:06:17,512 [Time-limited test] INFO  server.GrpcService (GrpcService.java:closeImpl(311)) - om1: shutdown server GrpcServerProtocolService now
2023-07-13 02:06:17,513 [om1-impl-thread1] INFO  server.RaftServer$Division (RaftServerImpl.java:lambda$close$4(466)) - om1@group-C5BA1605619E: shutdown
2023-07-13 02:06:17,513 [om1-impl-thread1] INFO  util.JmxRegister (JmxRegister.java:unregister(73)) - Successfully un-registered JMX Bean with object name Ratis:service=RaftServer,group=group-C5BA1605619E,id=om1
2023-07-13 02:06:17,513 [om1-impl-thread1] INFO  impl.RoleInfo (RoleInfo.java:shutdownLeaderState(93)) - om1: shutdown om1@group-C5BA1605619E-LeaderStateImpl
2023-07-13 02:06:17,513 [om1-impl-thread1] INFO  impl.PendingRequests (PendingRequests.java:sendNotLeaderResponses(289)) - om1@group-C5BA1605619E-PendingRequests: sendNotLeaderResponses
2023-07-13 02:06:17,528 [om1-impl-thread1] INFO  impl.StateMachineUpdater (StateMachineUpdater.java:stopAndJoin(155)) - om1@group-C5BA1605619E-StateMachineUpdater: set stopIndex = 6
2023-07-13 02:06:17,528 [om1@group-C5BA1605619E-StateMachineUpdater] INFO  ratis.OzoneManagerStateMachine (OzoneManagerStateMachine.java:takeSnapshot(479)) - Current Snapshot Index (t:1, i:6)
2023-07-13 02:06:17,535 [Time-limited test] INFO  server.GrpcService (GrpcService.java:closeImpl(320)) - om1: shutdown server GrpcServerProtocolService successfully
2023-07-13 02:06:17,555 [om1@group-C5BA1605619E-StateMachineUpdater] INFO  impl.StateMachineUpdater (StateMachineUpdater.java:takeSnapshot(291)) - om1@group-C5BA1605619E-StateMachineUpdater: Took a snapshot at index 6
2023-07-13 02:06:17,556 [om1@group-C5BA1605619E-StateMachineUpdater] INFO  impl.StateMachineUpdater (StateMachineUpdater.java:lambda$new$0(97)) - om1@group-C5BA1605619E-StateMachineUpdater: snapshotIndex: updateIncreasingly -1 -> 6
2023-07-13 02:06:17,556 [om1@group-C5BA1605619E-StateMachineUpdater] INFO  ratis.OzoneManagerStateMachine (OzoneManagerStateMachine.java:close(533)) - StateMachine has shutdown. Shutdown OzoneManager if not already shutdown.
2023-07-13 02:06:17,556 [om1@group-C5BA1605619E-StateMachineUpdater] INFO  ratis.OzoneManagerDoubleBuffer (OzoneManagerDoubleBuffer.java:stopDaemon(551)) - Stopping OMDoubleBuffer flush thread
2023-07-13 02:06:17,556 [OMDoubleBufferFlushThread] INFO  ratis.OzoneManagerDoubleBuffer (OzoneManagerDoubleBuffer.java:canFlush(638)) - OMDoubleBuffer flush thread OMDoubleBufferFlushThread is interrupted and will exit.
2023-07-13 02:06:17,557 [om1-impl-thread1] INFO  server.RaftServer$Division (ServerState.java:close(472)) - om1@group-C5BA1605619E: closes. applyIndex: 6
2023-07-13 02:06:18,510 [om1-impl-thread1] INFO  segmented.SegmentedRaftLogWorker (SegmentedRaftLogWorker.java:close(252)) - om1@group-C5BA1605619E-SegmentedRaftLogWorker close()
2023-07-13 02:06:18,511 [JvmPauseMonitor6] INFO  util.JvmPauseMonitor (JvmPauseMonitor.java:run(109)) - JvmPauseMonitor-om1: Stopped
2023-07-13 02:06:18,511 [Time-limited test] INFO  ratis.OzoneManagerStateMachine (OzoneManagerStateMachine.java:close(533)) - StateMachine has shutdown. Shutdown OzoneManager if not already shutdown.
2023-07-13 02:06:18,511 [Time-limited test] INFO  ratis.OzoneManagerDoubleBuffer (OzoneManagerDoubleBuffer.java:stopDaemon(560)) - OMDoubleBuffer flush thread is not running.
2023-07-13 02:06:18,512 [Time-limited test] INFO  utils.BackgroundService (BackgroundService.java:shutdown(141)) - Shutting down service KeyDeletingService
2023-07-13 02:06:18,512 [Time-limited test] INFO  utils.BackgroundService (BackgroundService.java:shutdown(141)) - Shutting down service KeyDeletingService
2023-07-13 02:06:18,512 [Time-limited test] INFO  utils.BackgroundService (BackgroundService.java:shutdown(141)) - Shutting down service OpenKeyCleanupService
2023-07-13 02:06:18,513 [Time-limited test] INFO  utils.BackgroundService (BackgroundService.java:shutdown(141)) - Shutting down service SstFilteringService
2023-07-13 02:06:18,513 [Time-limited test] INFO  utils.BackgroundService (BackgroundService.java:shutdown(141)) - Shutting down service SnapshotDeletingService
2023-07-13 02:06:18,513 [Time-limited test] INFO  om.OzoneManager (OzoneManager.java:stopSecretManager(1058)) - Stopping secret key client.
2023-07-13 02:06:18,513 [Time-limited test] INFO  om.OzoneManager (OzoneManager.java:stopSecretManager(1063)) - Stopping OM delegation token secret manager.
2023-07-13 02:06:18,513 [Thread[Thread-1462,5,FailOnTimeoutGroup]] INFO  security.OzoneDelegationTokenSecretManager (OzoneDelegationTokenSecretManager.java:run(653)) - ExpiredTokenRemover was interrupted.
java.lang.InterruptedException: sleep interrupted
	at java.lang.Thread.sleep(Native Method)
	at org.apache.hadoop.ozone.security.OzoneDelegationTokenSecretManager$ExpiredTokenRemover.run(OzoneDelegationTokenSecretManager.java:649)
	at java.lang.Thread.run(Thread.java:750)
2023-07-13 02:06:18,515 [Time-limited test] INFO  handler.ContextHandler (ContextHandler.java:doStop(1159)) - Stopped o.e.j.w.WebAppContext@8dbe184{ozoneManager,/,null,STOPPED}{file:/home/runner/work/ozone/ozone/hadoop-ozone/integration-test/target/test-classes/webapps/ozoneManager}
2023-07-13 02:06:18,518 [Time-limited test] INFO  server.AbstractConnector (AbstractConnector.java:doStop(383)) - Stopped ServerConnector@51ebb11d{HTTP/1.1, (http/1.1)}{0.0.0.0:9874}
2023-07-13 02:06:18,518 [Time-limited test] INFO  server.session (HouseKeeper.java:stopScavenging(149)) - node0 Stopped scavenging
2023-07-13 02:06:18,519 [Time-limited test] INFO  handler.ContextHandler (ContextHandler.java:doStop(1159)) - Stopped o.e.j.s.ServletContextHandler@19e54ff5{static,/static,file:///home/runner/work/ozone/ozone/hadoop-ozone/integration-test/target/test-classes/webapps/static,STOPPED}
2023-07-13 02:06:18,519 [Time-limited test] INFO  handler.ContextHandler (ContextHandler.java:doStop(1159)) - Stopped o.e.j.s.ServletContextHandler@800f445{logs,/logs,file:///home/runner/work/ozone/ozone/hadoop-ozone/integration-test/target/log,STOPPED}
2023-07-13 02:06:18,523 [Time-limited test] INFO  snapshot.SnapshotDiffManager (SnapshotDiffManager.java:closeExecutorService(1720)) - Shutting down executorService: 'SnapDiffExecutor'
2023-07-13 02:06:18,523 [Time-limited test] INFO  snapshot.SnapshotDiffManager (SnapshotDiffManager.java:closeExecutorService(1720)) - Shutting down executorService: 'SstDumpToolExecutor'
2023-07-13 02:06:18,523 [Time-limited test] INFO  utils.BackgroundService (BackgroundService.java:shutdown(141)) - Shutting down service SnapshotDiffCleanupService
2023-07-13 02:06:18,524 [Time-limited test] INFO  impl.DefaultInternalKdcServerImpl (DefaultInternalKdcServerImpl.java:doStop(102)) - Default Internal kdc server stopped.
2023-07-13 02:06:19,525 [Time-limited test] INFO  minikdc.MiniKdc (MiniKdc.java:stop(359)) - MiniKdc stopped.
2023-07-13 02:06:19,525 [Time-limited test] INFO  om.OzoneManager (OzoneManager.java:stop(2198)) - om1[fv-az201-768.ett4tu3jvdse5ovc2mkgjqcs5a.bx.internal.cloudapp.net:1202]: Stopping Ozone Manager
]]></system-out>
  </testcase>
  <testcase name="testSecureScmStartupSuccess" classname="org.apache.hadoop.ozone.TestSecureOzoneCluster" time="4.062">
    <system-out><![CDATA[2023-07-13 02:06:19,570 [Time-limited test] INFO  net.ServerSocketUtil (ServerSocketUtil.java:getPort(55)) - Using port 9860
2023-07-13 02:06:19,571 [Time-limited test] INFO  net.ServerSocketUtil (ServerSocketUtil.java:getPort(55)) - Using port 9861
2023-07-13 02:06:19,571 [Time-limited test] INFO  net.ServerSocketUtil (ServerSocketUtil.java:getPort(55)) - Using port 9863
2023-07-13 02:06:19,571 [Time-limited test] INFO  net.ServerSocketUtil (ServerSocketUtil.java:getPort(55)) - Using port 9961
2023-07-13 02:06:19,571 [Time-limited test] INFO  net.ServerSocketUtil (ServerSocketUtil.java:getPort(55)) - Using port 1200
2023-07-13 02:06:19,571 [Time-limited test] INFO  net.ServerSocketUtil (ServerSocketUtil.java:getPort(55)) - Using port 1201
2023-07-13 02:06:19,572 [Time-limited test] INFO  minikdc.MiniKdc (MiniKdc.java:<init>(225)) - Configuration:
2023-07-13 02:06:19,572 [Time-limited test] INFO  minikdc.MiniKdc (MiniKdc.java:<init>(226)) - ---------------------------------------------------------------
2023-07-13 02:06:19,572 [Time-limited test] INFO  minikdc.MiniKdc (MiniKdc.java:<init>(228)) -   debug: false
2023-07-13 02:06:19,572 [Time-limited test] INFO  minikdc.MiniKdc (MiniKdc.java:<init>(228)) -   transport: TCP
2023-07-13 02:06:19,572 [Time-limited test] INFO  minikdc.MiniKdc (MiniKdc.java:<init>(228)) -   max.ticket.lifetime: 86400000
2023-07-13 02:06:19,572 [Time-limited test] INFO  minikdc.MiniKdc (MiniKdc.java:<init>(228)) -   org.name: EXAMPLE
2023-07-13 02:06:19,572 [Time-limited test] INFO  minikdc.MiniKdc (MiniKdc.java:<init>(228)) -   kdc.port: 0
2023-07-13 02:06:19,572 [Time-limited test] INFO  minikdc.MiniKdc (MiniKdc.java:<init>(228)) -   org.domain: COM
2023-07-13 02:06:19,572 [Time-limited test] INFO  minikdc.MiniKdc (MiniKdc.java:<init>(228)) -   max.renewable.lifetime: 604800000
2023-07-13 02:06:19,572 [Time-limited test] INFO  minikdc.MiniKdc (MiniKdc.java:<init>(228)) -   instance: DefaultKrbServer
2023-07-13 02:06:19,572 [Time-limited test] INFO  minikdc.MiniKdc (MiniKdc.java:<init>(228)) -   kdc.bind.address: localhost
2023-07-13 02:06:19,572 [Time-limited test] INFO  minikdc.MiniKdc (MiniKdc.java:<init>(230)) - ---------------------------------------------------------------
2023-07-13 02:06:19,574 [Time-limited test] INFO  minikdc.MiniKdc (MiniKdc.java:start(285)) - MiniKdc started.
2023-07-13 02:06:19,662 [Time-limited test] INFO  om.OzoneManager (OzoneManager.java:getOmDetailsProto(4566)) - OzoneManager ports added:[name: "RPC"
value: 1202
]
2023-07-13 02:06:19,662 [Time-limited test] WARN  server.ServerUtils (ServerUtils.java:getScmDbDir(155)) - ozone.scm.db.dirs is not configured. We recommend adding this setting. Falling back to ozone.metadata.dirs instead.
2023-07-13 02:06:19,663 [Time-limited test] INFO  ha.HASecurityUtils (HASecurityUtils.java:initializeSecurity(98)) - Initializing secure StorageContainerManager.
2023-07-13 02:06:19,664 [Time-limited test] INFO  client.SCMCertificateClient (DefaultCertificateClient.java:updateCertSerialId(1248)) - Certificate serial ID set to null
2023-07-13 02:06:19,664 [Time-limited test] ERROR client.SCMCertificateClient (DefaultCertificateClient.java:getCertPath(349)) - Default certificate serial id is not set. Can't locate the default certificate for this client.
2023-07-13 02:06:19,664 [Time-limited test] INFO  client.SCMCertificateClient (DefaultCertificateClient.java:init(723)) - Certificate client init case: 0
2023-07-13 02:06:19,664 [Time-limited test] INFO  client.SCMCertificateClient (SCMCertificateClient.java:handleCase(96)) - Creating keypair for client as keypair and certificate not found.
2023-07-13 02:06:20,028 [Time-limited test] INFO  ha.HASecurityUtils (HASecurityUtils.java:initializeSecurity(108)) - Init response: GETCERT
2023-07-13 02:06:20,380 [Time-limited test] INFO  ozone.OzoneSecurityUtil (OzoneSecurityUtil.java:getValidInetsForCurrentHost(119)) - ip:fe80:0:0:0:20d:3aff:fe98:b55f%eth0 not returned.
2023-07-13 02:06:20,381 [Time-limited test] INFO  ozone.OzoneSecurityUtil (OzoneSecurityUtil.java:getValidInetsForCurrentHost(116)) - Adding ip:10.1.0.115,host:fv-az201-768.ett4tu3jvdse5ovc2mkgjqcs5a.bx.internal.cloudapp.net
2023-07-13 02:06:20,381 [Time-limited test] INFO  ozone.OzoneSecurityUtil (OzoneSecurityUtil.java:getValidInetsForCurrentHost(119)) - ip:0:0:0:0:0:0:0:1%lo not returned.
2023-07-13 02:06:20,381 [Time-limited test] INFO  ozone.OzoneSecurityUtil (OzoneSecurityUtil.java:getValidInetsForCurrentHost(119)) - ip:127.0.0.1 not returned.
2023-07-13 02:06:20,385 [Time-limited test] INFO  utils.SelfSignedCertificate (SelfSignedCertificate.java:generateCertificate(157)) - Certificate 1 is issued by CN=scm-1@fv-az201-768,OU=f89fb721-b83b-4370-9c1b-7e276de31754,O=cd2d676f-4ec6-4e41-b04e-bf18ad5fdd78 to CN=scm-1@fv-az201-768,OU=f89fb721-b83b-4370-9c1b-7e276de31754,O=cd2d676f-4ec6-4e41-b04e-bf18ad5fdd78, valid from Thu Jul 13 02:06:20 UTC 2023 to Sun Aug 20 02:06:20 UTC 2028
2023-07-13 02:06:20,387 [Time-limited test] INFO  utils.CertificateCodec (CertificateCodec.java:writeCertificate(299)) - Save certificate to /tmp/junit3911522436021933888/junit356985438428049206/scm-meta/scm/ca/certs/certificate.crt
2023-07-13 02:06:20,387 [Time-limited test] INFO  utils.CertificateCodec (CertificateCodec.java:writeCertificate(300)) - Certificate -----BEGIN CERTIFICATE-----
MIID5zCCAs+gAwIBAgIBATANBgkqhkiG9w0BAQsFADB7MRswGQYDVQQDDBJzY20t
MUBmdi1hejIwMS03NjgxLTArBgNVBAsMJGY4OWZiNzIxLWI4M2ItNDM3MC05YzFi
LTdlMjc2ZGUzMTc1NDEtMCsGA1UECgwkY2QyZDY3NmYtNGVjNi00ZTQxLWIwNGUt
YmYxOGFkNWZkZDc4MB4XDTIzMDcxMzAyMDYyMFoXDTI4MDgyMDAyMDYyMFowezEb
MBkGA1UEAwwSc2NtLTFAZnYtYXoyMDEtNzY4MS0wKwYDVQQLDCRmODlmYjcyMS1i
ODNiLTQzNzAtOWMxYi03ZTI3NmRlMzE3NTQxLTArBgNVBAoMJGNkMmQ2NzZmLTRl
YzYtNGU0MS1iMDRlLWJmMThhZDVmZGQ3ODCCASIwDQYJKoZIhvcNAQEBBQADggEP
ADCCAQoCggEBAJaTJcVn5NdUgfuNjcQJ2I6gHUcbdODZq8H5E4QYy51qkf0aW/7C
nqKDz6187q2WAyyll76qZgHitRH7gqqfS0u+UW0VptlePM6YszM5iwanm2gKUymp
lA+QpAvVliKll1LM6nL8wmotR2/9vo6jQBdVmiQ0sF1vmlHF85TR2YP6K46SRA1Y
NRkvj3chMiNh06fB9iN/ia+eegCL+LHf6QEifn1Z8Boi4O3RBsCdEc9sFATfA3Qz
V7lIy4br0obWdCeZ+vfY5bOPSmTPGRkkTxXlUmJ+7tdv2nbDl0rRdqhbEOBqfa+a
1OCQk3S7O6u3MkBooNuSiGhnLLLL1NJ8FBkCAwEAAaN2MHQwDwYDVR0TAQH/BAUw
AwEB/zAOBgNVHQ8BAf8EBAMCAQYwUQYDVR0RBEowSIcECgEAc4JAZnYtYXoyMDEt
NzY4LmV0dDR0dTNqdmRzZTVvdmMybWtnanFjczVhLmJ4LmludGVybmFsLmNsb3Vk
YXBwLm5ldDANBgkqhkiG9w0BAQsFAAOCAQEAbwH1w3zt9GMQMsf2ilG2Ul2EwSIX
F+c17xCdbL7Ttcj4kziZUJDYrA031mtAim3zjAekLMTzVQb7m1kJeupDwzpjEWSe
abT9HSXwXtvm4lWV7QY5WEcm2s4pw4ypgLQaJO0Rkca1ol63lzndPQsSG2ks4/v1
jwrU3iqxa884dKzE+7Vr4aqsAnWLRIsnX/d/R+AUe68hbhp/OJeUOqaERaeH6BRm
dQ+jB0YiDUTJ8Pi0ZVllMTcHh2uWMCmaAuRub/zkTiAukCGcSH5lbGrkdfc/9mYl
c71MSRmbF8p5IsIal51GkqKLBBzYF2CFwVnnvMnXJRoUJqqY/DQpJxzsdw==
-----END CERTIFICATE-----

2023-07-13 02:06:20,388 [Time-limited test] INFO  client.SCMCertificateClient (SCMCertificateClient.java:getCSRBuilder(161)) - Creating csr for SCM->hostName:fv-az201-768,scmId:f89fb721-b83b-4370-9c1b-7e276de31754,clusterId:cd2d676f-4ec6-4e41-b04e-bf18ad5fdd78,subject:scm-sub-1318430853158@fv-az201-768
2023-07-13 02:06:20,388 [Time-limited test] INFO  ozone.OzoneSecurityUtil (OzoneSecurityUtil.java:getValidInetsForCurrentHost(119)) - ip:fe80:0:0:0:20d:3aff:fe98:b55f%eth0 not returned.
2023-07-13 02:06:20,389 [Time-limited test] INFO  ozone.OzoneSecurityUtil (OzoneSecurityUtil.java:getValidInetsForCurrentHost(116)) - Adding ip:10.1.0.115,host:fv-az201-768.ett4tu3jvdse5ovc2mkgjqcs5a.bx.internal.cloudapp.net
2023-07-13 02:06:20,389 [Time-limited test] INFO  ozone.OzoneSecurityUtil (OzoneSecurityUtil.java:getValidInetsForCurrentHost(119)) - ip:0:0:0:0:0:0:0:1%lo not returned.
2023-07-13 02:06:20,389 [Time-limited test] INFO  ozone.OzoneSecurityUtil (OzoneSecurityUtil.java:getValidInetsForCurrentHost(119)) - ip:127.0.0.1 not returned.
2023-07-13 02:06:20,389 [Time-limited test] INFO  ha.HASecurityUtils (HASecurityUtils.java:generateCSR(308)) - Creating csr for SCM->hostName:fv-az201-768,scmId:f89fb721-b83b-4370-9c1b-7e276de31754,clusterId:cd2d676f-4ec6-4e41-b04e-bf18ad5fdd78,subject:scm-sub-1318431990067@fv-az201-768
2023-07-13 02:06:20,400 [Time-limited test] INFO  utils.CertificateCodec (CertificateCodec.java:writeCertificate(299)) - Save certificate to /tmp/junit3911522436021933888/junit356985438428049206/scm-meta/scm/sub-ca/certs/CA-1.crt
2023-07-13 02:06:20,400 [Time-limited test] INFO  utils.CertificateCodec (CertificateCodec.java:writeCertificate(300)) - Certificate -----BEGIN CERTIFICATE-----
MIID5zCCAs+gAwIBAgIBATANBgkqhkiG9w0BAQsFADB7MRswGQYDVQQDDBJzY20t
MUBmdi1hejIwMS03NjgxLTArBgNVBAsMJGY4OWZiNzIxLWI4M2ItNDM3MC05YzFi
LTdlMjc2ZGUzMTc1NDEtMCsGA1UECgwkY2QyZDY3NmYtNGVjNi00ZTQxLWIwNGUt
YmYxOGFkNWZkZDc4MB4XDTIzMDcxMzAyMDYyMFoXDTI4MDgyMDAyMDYyMFowezEb
MBkGA1UEAwwSc2NtLTFAZnYtYXoyMDEtNzY4MS0wKwYDVQQLDCRmODlmYjcyMS1i
ODNiLTQzNzAtOWMxYi03ZTI3NmRlMzE3NTQxLTArBgNVBAoMJGNkMmQ2NzZmLTRl
YzYtNGU0MS1iMDRlLWJmMThhZDVmZGQ3ODCCASIwDQYJKoZIhvcNAQEBBQADggEP
ADCCAQoCggEBAJaTJcVn5NdUgfuNjcQJ2I6gHUcbdODZq8H5E4QYy51qkf0aW/7C
nqKDz6187q2WAyyll76qZgHitRH7gqqfS0u+UW0VptlePM6YszM5iwanm2gKUymp
lA+QpAvVliKll1LM6nL8wmotR2/9vo6jQBdVmiQ0sF1vmlHF85TR2YP6K46SRA1Y
NRkvj3chMiNh06fB9iN/ia+eegCL+LHf6QEifn1Z8Boi4O3RBsCdEc9sFATfA3Qz
V7lIy4br0obWdCeZ+vfY5bOPSmTPGRkkTxXlUmJ+7tdv2nbDl0rRdqhbEOBqfa+a
1OCQk3S7O6u3MkBooNuSiGhnLLLL1NJ8FBkCAwEAAaN2MHQwDwYDVR0TAQH/BAUw
AwEB/zAOBgNVHQ8BAf8EBAMCAQYwUQYDVR0RBEowSIcECgEAc4JAZnYtYXoyMDEt
NzY4LmV0dDR0dTNqdmRzZTVvdmMybWtnanFjczVhLmJ4LmludGVybmFsLmNsb3Vk
YXBwLm5ldDANBgkqhkiG9w0BAQsFAAOCAQEAbwH1w3zt9GMQMsf2ilG2Ul2EwSIX
F+c17xCdbL7Ttcj4kziZUJDYrA031mtAim3zjAekLMTzVQb7m1kJeupDwzpjEWSe
abT9HSXwXtvm4lWV7QY5WEcm2s4pw4ypgLQaJO0Rkca1ol63lzndPQsSG2ks4/v1
jwrU3iqxa884dKzE+7Vr4aqsAnWLRIsnX/d/R+AUe68hbhp/OJeUOqaERaeH6BRm
dQ+jB0YiDUTJ8Pi0ZVllMTcHh2uWMCmaAuRub/zkTiAukCGcSH5lbGrkdfc/9mYl
c71MSRmbF8p5IsIal51GkqKLBBzYF2CFwVnnvMnXJRoUJqqY/DQpJxzsdw==
-----END CERTIFICATE-----

2023-07-13 02:06:20,401 [Time-limited test] INFO  utils.CertificateCodec (CertificateCodec.java:writeCertificate(299)) - Save certificate to /tmp/junit3911522436021933888/junit356985438428049206/scm-meta/scm/sub-ca/certs/1318437812316.crt
2023-07-13 02:06:20,401 [Time-limited test] INFO  utils.CertificateCodec (CertificateCodec.java:writeCertificate(300)) - Certificate -----BEGIN CERTIFICATE-----
MIID/TCCAuWgAwIBAgIGATL5BHhcMA0GCSqGSIb3DQEBCwUAMHsxGzAZBgNVBAMM
EnNjbS0xQGZ2LWF6MjAxLTc2ODEtMCsGA1UECwwkZjg5ZmI3MjEtYjgzYi00Mzcw
LTljMWItN2UyNzZkZTMxNzU0MS0wKwYDVQQKDCRjZDJkNjc2Zi00ZWM2LTRlNDEt
YjA0ZS1iZjE4YWQ1ZmRkNzgwHhcNMjMwNzEzMDIwNjIwWhcNMjgwODIwMDIwNjIw
WjCBizErMCkGA1UEAwwic2NtLXN1Yi0xMzE4NDMxOTkwMDY3QGZ2LWF6MjAxLTc2
ODEtMCsGA1UECwwkZjg5ZmI3MjEtYjgzYi00MzcwLTljMWItN2UyNzZkZTMxNzU0
MS0wKwYDVQQKDCRjZDJkNjc2Zi00ZWM2LTRlNDEtYjA0ZS1iZjE4YWQ1ZmRkNzgw
ggEiMA0GCSqGSIb3DQEBAQUAA4IBDwAwggEKAoIBAQDAZxa1EfTPpqwViQC5DSTC
qmIXZVtbjTdtAkYDumUyMtdI050/Kts4jCSWC+WtTUh0KyBcFIU+3cNlzN2j/5CL
b9WajFifHNLq7PXqoDbaOfj+UBXChA7W4CmzQSKQ6CHHg9+ySebvAykKhtLpH4vG
116SWeF/x9tBi3N74RiFHFTv/HpGN6Ic3k9Hmj2xdHaTsaoiPLTlGiriHzLsHBqs
XS+FzD5WXDePjndjzmDUYp5E+uZLSTtxgJIQAYkB8l/BrewCXmrVuNRb3kIs4rrV
aceB4eRnpMa/NO1WRAzQ33qXEjxtWVTWqsLih8e0X1EA6dY3lVVyhx3sND7HP0hD
AgMBAAGjdjB0MFEGA1UdEQRKMEiHBAoBAHOCQGZ2LWF6MjAxLTc2OC5ldHQ0dHUz
anZkc2U1b3ZjMm1rZ2pxY3M1YS5ieC5pbnRlcm5hbC5jbG91ZGFwcC5uZXQwDwYD
VR0TAQH/BAUwAwEB/zAOBgNVHQ8BAf8EBAMCAb4wDQYJKoZIhvcNAQELBQADggEB
AJMqxMEA1PCuLHkFDq95Bttx8NdhUFwGGe7Dr25J4eAx9UMThV6YJgn9p5Tj481j
Ec6kmwwTGtsvoCxMSSw7/r0RO2yiAZSgODie9GlRtl1wBE9PB4KMIo/lfnnzIUVc
dTyNVe0bRGOtbkLbbpBJ4DUz2Lm11AXZbzmItCgq6Yiqi7o5++h8qaMrUhc2M3j5
PlgoQql5LDsLHu95xu3FTQ0gHPiNsNpLGCBniHF4d2ruv8vEiiVYYAxpnPOzZa+O
lLE/j+QJQDe7TLo826q5dJpmnL/XRnq+EHiwr8w5aClINwDJdYMACpDeoeWm6/TT
DuzTubC5/JjBgQ1QCf8+Too=
-----END CERTIFICATE-----

-----BEGIN CERTIFICATE-----
MIID5zCCAs+gAwIBAgIBATANBgkqhkiG9w0BAQsFADB7MRswGQYDVQQDDBJzY20t
MUBmdi1hejIwMS03NjgxLTArBgNVBAsMJGY4OWZiNzIxLWI4M2ItNDM3MC05YzFi
LTdlMjc2ZGUzMTc1NDEtMCsGA1UECgwkY2QyZDY3NmYtNGVjNi00ZTQxLWIwNGUt
YmYxOGFkNWZkZDc4MB4XDTIzMDcxMzAyMDYyMFoXDTI4MDgyMDAyMDYyMFowezEb
MBkGA1UEAwwSc2NtLTFAZnYtYXoyMDEtNzY4MS0wKwYDVQQLDCRmODlmYjcyMS1i
ODNiLTQzNzAtOWMxYi03ZTI3NmRlMzE3NTQxLTArBgNVBAoMJGNkMmQ2NzZmLTRl
YzYtNGU0MS1iMDRlLWJmMThhZDVmZGQ3ODCCASIwDQYJKoZIhvcNAQEBBQADggEP
ADCCAQoCggEBAJaTJcVn5NdUgfuNjcQJ2I6gHUcbdODZq8H5E4QYy51qkf0aW/7C
nqKDz6187q2WAyyll76qZgHitRH7gqqfS0u+UW0VptlePM6YszM5iwanm2gKUymp
lA+QpAvVliKll1LM6nL8wmotR2/9vo6jQBdVmiQ0sF1vmlHF85TR2YP6K46SRA1Y
NRkvj3chMiNh06fB9iN/ia+eegCL+LHf6QEifn1Z8Boi4O3RBsCdEc9sFATfA3Qz
V7lIy4br0obWdCeZ+vfY5bOPSmTPGRkkTxXlUmJ+7tdv2nbDl0rRdqhbEOBqfa+a
1OCQk3S7O6u3MkBooNuSiGhnLLLL1NJ8FBkCAwEAAaN2MHQwDwYDVR0TAQH/BAUw
AwEB/zAOBgNVHQ8BAf8EBAMCAQYwUQYDVR0RBEowSIcECgEAc4JAZnYtYXoyMDEt
NzY4LmV0dDR0dTNqdmRzZTVvdmMybWtnanFjczVhLmJ4LmludGVybmFsLmNsb3Vk
YXBwLm5ldDANBgkqhkiG9w0BAQsFAAOCAQEAbwH1w3zt9GMQMsf2ilG2Ul2EwSIX
F+c17xCdbL7Ttcj4kziZUJDYrA031mtAim3zjAekLMTzVQb7m1kJeupDwzpjEWSe
abT9HSXwXtvm4lWV7QY5WEcm2s4pw4ypgLQaJO0Rkca1ol63lzndPQsSG2ks4/v1
jwrU3iqxa884dKzE+7Vr4aqsAnWLRIsnX/d/R+AUe68hbhp/OJeUOqaERaeH6BRm
dQ+jB0YiDUTJ8Pi0ZVllMTcHh2uWMCmaAuRub/zkTiAukCGcSH5lbGrkdfc/9mYl
c71MSRmbF8p5IsIal51GkqKLBBzYF2CFwVnnvMnXJRoUJqqY/DQpJxzsdw==
-----END CERTIFICATE-----

2023-07-13 02:06:20,401 [Time-limited test] INFO  utils.CertificateCodec (CertificateCodec.java:writeCertificate(299)) - Save certificate to /tmp/junit3911522436021933888/junit356985438428049206/scm-meta/scm/sub-ca/certs/certificate.crt
2023-07-13 02:06:20,401 [Time-limited test] INFO  utils.CertificateCodec (CertificateCodec.java:writeCertificate(300)) - Certificate -----BEGIN CERTIFICATE-----
MIID/TCCAuWgAwIBAgIGATL5BHhcMA0GCSqGSIb3DQEBCwUAMHsxGzAZBgNVBAMM
EnNjbS0xQGZ2LWF6MjAxLTc2ODEtMCsGA1UECwwkZjg5ZmI3MjEtYjgzYi00Mzcw
LTljMWItN2UyNzZkZTMxNzU0MS0wKwYDVQQKDCRjZDJkNjc2Zi00ZWM2LTRlNDEt
YjA0ZS1iZjE4YWQ1ZmRkNzgwHhcNMjMwNzEzMDIwNjIwWhcNMjgwODIwMDIwNjIw
WjCBizErMCkGA1UEAwwic2NtLXN1Yi0xMzE4NDMxOTkwMDY3QGZ2LWF6MjAxLTc2
ODEtMCsGA1UECwwkZjg5ZmI3MjEtYjgzYi00MzcwLTljMWItN2UyNzZkZTMxNzU0
MS0wKwYDVQQKDCRjZDJkNjc2Zi00ZWM2LTRlNDEtYjA0ZS1iZjE4YWQ1ZmRkNzgw
ggEiMA0GCSqGSIb3DQEBAQUAA4IBDwAwggEKAoIBAQDAZxa1EfTPpqwViQC5DSTC
qmIXZVtbjTdtAkYDumUyMtdI050/Kts4jCSWC+WtTUh0KyBcFIU+3cNlzN2j/5CL
b9WajFifHNLq7PXqoDbaOfj+UBXChA7W4CmzQSKQ6CHHg9+ySebvAykKhtLpH4vG
116SWeF/x9tBi3N74RiFHFTv/HpGN6Ic3k9Hmj2xdHaTsaoiPLTlGiriHzLsHBqs
XS+FzD5WXDePjndjzmDUYp5E+uZLSTtxgJIQAYkB8l/BrewCXmrVuNRb3kIs4rrV
aceB4eRnpMa/NO1WRAzQ33qXEjxtWVTWqsLih8e0X1EA6dY3lVVyhx3sND7HP0hD
AgMBAAGjdjB0MFEGA1UdEQRKMEiHBAoBAHOCQGZ2LWF6MjAxLTc2OC5ldHQ0dHUz
anZkc2U1b3ZjMm1rZ2pxY3M1YS5ieC5pbnRlcm5hbC5jbG91ZGFwcC5uZXQwDwYD
VR0TAQH/BAUwAwEB/zAOBgNVHQ8BAf8EBAMCAb4wDQYJKoZIhvcNAQELBQADggEB
AJMqxMEA1PCuLHkFDq95Bttx8NdhUFwGGe7Dr25J4eAx9UMThV6YJgn9p5Tj481j
Ec6kmwwTGtsvoCxMSSw7/r0RO2yiAZSgODie9GlRtl1wBE9PB4KMIo/lfnnzIUVc
dTyNVe0bRGOtbkLbbpBJ4DUz2Lm11AXZbzmItCgq6Yiqi7o5++h8qaMrUhc2M3j5
PlgoQql5LDsLHu95xu3FTQ0gHPiNsNpLGCBniHF4d2ruv8vEiiVYYAxpnPOzZa+O
lLE/j+QJQDe7TLo826q5dJpmnL/XRnq+EHiwr8w5aClINwDJdYMACpDeoeWm6/TT
DuzTubC5/JjBgQ1QCf8+Too=
-----END CERTIFICATE-----

-----BEGIN CERTIFICATE-----
MIID5zCCAs+gAwIBAgIBATANBgkqhkiG9w0BAQsFADB7MRswGQYDVQQDDBJzY20t
MUBmdi1hejIwMS03NjgxLTArBgNVBAsMJGY4OWZiNzIxLWI4M2ItNDM3MC05YzFi
LTdlMjc2ZGUzMTc1NDEtMCsGA1UECgwkY2QyZDY3NmYtNGVjNi00ZTQxLWIwNGUt
YmYxOGFkNWZkZDc4MB4XDTIzMDcxMzAyMDYyMFoXDTI4MDgyMDAyMDYyMFowezEb
MBkGA1UEAwwSc2NtLTFAZnYtYXoyMDEtNzY4MS0wKwYDVQQLDCRmODlmYjcyMS1i
ODNiLTQzNzAtOWMxYi03ZTI3NmRlMzE3NTQxLTArBgNVBAoMJGNkMmQ2NzZmLTRl
YzYtNGU0MS1iMDRlLWJmMThhZDVmZGQ3ODCCASIwDQYJKoZIhvcNAQEBBQADggEP
ADCCAQoCggEBAJaTJcVn5NdUgfuNjcQJ2I6gHUcbdODZq8H5E4QYy51qkf0aW/7C
nqKDz6187q2WAyyll76qZgHitRH7gqqfS0u+UW0VptlePM6YszM5iwanm2gKUymp
lA+QpAvVliKll1LM6nL8wmotR2/9vo6jQBdVmiQ0sF1vmlHF85TR2YP6K46SRA1Y
NRkvj3chMiNh06fB9iN/ia+eegCL+LHf6QEifn1Z8Boi4O3RBsCdEc9sFATfA3Qz
V7lIy4br0obWdCeZ+vfY5bOPSmTPGRkkTxXlUmJ+7tdv2nbDl0rRdqhbEOBqfa+a
1OCQk3S7O6u3MkBooNuSiGhnLLLL1NJ8FBkCAwEAAaN2MHQwDwYDVR0TAQH/BAUw
AwEB/zAOBgNVHQ8BAf8EBAMCAQYwUQYDVR0RBEowSIcECgEAc4JAZnYtYXoyMDEt
NzY4LmV0dDR0dTNqdmRzZTVvdmMybWtnanFjczVhLmJ4LmludGVybmFsLmNsb3Vk
YXBwLm5ldDANBgkqhkiG9w0BAQsFAAOCAQEAbwH1w3zt9GMQMsf2ilG2Ul2EwSIX
F+c17xCdbL7Ttcj4kziZUJDYrA031mtAim3zjAekLMTzVQb7m1kJeupDwzpjEWSe
abT9HSXwXtvm4lWV7QY5WEcm2s4pw4ypgLQaJO0Rkca1ol63lzndPQsSG2ks4/v1
jwrU3iqxa884dKzE+7Vr4aqsAnWLRIsnX/d/R+AUe68hbhp/OJeUOqaERaeH6BRm
dQ+jB0YiDUTJ8Pi0ZVllMTcHh2uWMCmaAuRub/zkTiAukCGcSH5lbGrkdfc/9mYl
c71MSRmbF8p5IsIal51GkqKLBBzYF2CFwVnnvMnXJRoUJqqY/DQpJxzsdw==
-----END CERTIFICATE-----

2023-07-13 02:06:20,402 [Time-limited test] INFO  ha.HASecurityUtils (HASecurityUtils.java:initializeSecurity(121)) - Successfully stored SCM signed certificate.
2023-07-13 02:06:20,404 [Time-limited test] WARN  server.ServerUtils (ServerUtils.java:getScmDbDir(155)) - ozone.scm.db.dirs is not configured. We recommend adding this setting. Falling back to ozone.metadata.dirs instead.
2023-07-13 02:06:20,404 [Time-limited test] INFO  ha.SCMHANodeDetails (SCMHANodeDetails.java:loadSCMHAConfig(210)) - ServiceID for StorageContainerManager is null
2023-07-13 02:06:20,405 [Time-limited test] INFO  ha.SCMHANodeDetails (SCMHANodeDetails.java:loadSCMHAConfig(215)) - ozone.scm.default.service.id is not defined, falling back to ozone.scm.service.ids to find serviceID for StorageContainerManager if it is HA enabled cluster
2023-07-13 02:06:20,409 [pool-437-thread-1] INFO  request.KdcRequest (KdcRequest.java:preauth(651)) - The preauth data is empty.
2023-07-13 02:06:20,410 [pool-437-thread-1] INFO  server.KdcHandler (KdcHandler.java:handleRecoverableException(177)) - KRB error occurred while processing request:Additional pre-authentication required
2023-07-13 02:06:20,418 [pool-437-thread-2] INFO  request.AsRequest (AsRequest.java:issueTicket(112)) - AS_REQ ISSUE: authtime 1689213980416,scm/fv-az201-768.ett4tu3jvdse5ovc2mkgjqcs5a.bx.internal.cloudapp.net@EXAMPLE.COM for krbtgt/EXAMPLE.COM@EXAMPLE.COM
2023-07-13 02:06:20,420 [Time-limited test] INFO  security.UserGroupInformation (UserGroupInformation.java:loginUserFromKeytab(1132)) - Login successful for user scm/fv-az201-768.ett4tu3jvdse5ovc2mkgjqcs5a.bx.internal.cloudapp.net@EXAMPLE.COM using keytab file scm.keytab. Keytab auto renewal enabled : false
2023-07-13 02:06:20,420 [Time-limited test] INFO  server.StorageContainerManager (StorageContainerManager.java:loginAsSCMUserIfSecurityEnabled(1048)) - SCM login successful.
2023-07-13 02:06:20,424 [Time-limited test] INFO  client.SCMCertificateClient (DefaultCertificateClient.java:updateCertSerialId(1248)) - Certificate serial ID set to 1318437812316
2023-07-13 02:06:20,425 [Time-limited test] INFO  client.SCMCertificateClient (DefaultCertificateClient.java:readCertificateFile(224)) - Added certificate   [0]         Version: 3
         SerialNumber: 1318437812316
             IssuerDN: CN=scm-1@fv-az201-768,OU=f89fb721-b83b-4370-9c1b-7e276de31754,O=cd2d676f-4ec6-4e41-b04e-bf18ad5fdd78
           Start Date: Thu Jul 13 02:06:20 UTC 2023
           Final Date: Sun Aug 20 02:06:20 UTC 2028
            SubjectDN: CN=scm-sub-1318431990067@fv-az201-768,OU=f89fb721-b83b-4370-9c1b-7e276de31754,O=cd2d676f-4ec6-4e41-b04e-bf18ad5fdd78
           Public Key: RSA Public Key [d9:bc:e4:42:35:20:e3:2b:df:2b:98:0a:69:fc:71:32:79:12:a3:8d],[56:66:d1:a4]
        modulus: c06716b511f4cfa6ac158900b90d24c2aa6217655b5b8d376d024603ba653232d748d39d3f2adb388c24960be5ad4d48742b205c14853eddc365ccdda3ff908b6fd59a8c589f1cd2eaecf5eaa036da39f8fe5015c2840ed6e029b3412290e821c783dfb249e6ef03290a86d2e91f8bc6d75e9259e17fc7db418b737be118851c54effc7a4637a21cde4f479a3db1747693b1aa223cb4e51a2ae21f32ec1c1aac5d2f85cc3e565c378f8e7763ce60d4629e44fae64b493b71809210018901f25fc1adec025e6ad5b8d45bde422ce2bad569c781e1e467a4c6bf34ed56440cd0df7a97123c6d5954d6aac2e287c7b45f5100e9d637955572871dec343ec73f4843
public exponent: 10001

  Signature Algorithm: SHA256WITHRSA
            Signature: 932ac4c100d4f0ae2c79050eaf7906db71f0d761
                       505c0619eec3af6e49e1e031f54313855e982609
                       fda794e3e3cd6311cea49b0c131adb2fa02c4c49
                       2c3bfebd113b6ca20194a038389ef46951b65d70
                       044f4f07828c228fe57e79f321455c753c8d55ed
                       1b4463ad6e42db6e9049e03533d8b9b5d405d96f
                       3988b4282ae988aa8bba39fbe87ca9a32b521736
                       3378f93e582842a9792c3b0b1eef79c6edc54d0d
                       201cf88db0da4b182067887178776aeebfcbc48a
                       2558600c699cf3b365af8e94b13f8fe4094037bb
                       4cba3cdbaab9749a669cbfd7467abe1078b0afcc
                       396829483700c97583000a90dea1e5a6ebf4d30e
                       ecd3b9b0b9fc98c1810d5009ff3e4e8a
       Extensions: 
                       critical(false) 2.5.29.17 value = Sequence
    Tagged [7] IMPLICIT 
        DER Octet String[4] 
    Tagged [2] IMPLICIT 
        DER Octet String[64] 

                       critical(true) BasicConstraints: isCa(true)
                       critical(true) KeyUsage: 0xbe
 from file: /tmp/junit3911522436021933888/junit356985438428049206/scm-meta/scm/sub-ca/certs/1318437812316.crt.
2023-07-13 02:06:20,427 [Time-limited test] INFO  client.SCMCertificateClient (DefaultCertificateClient.java:readCertificateFile(224)) - Added certificate   [0]         Version: 3
         SerialNumber: 1
             IssuerDN: CN=scm-1@fv-az201-768,OU=f89fb721-b83b-4370-9c1b-7e276de31754,O=cd2d676f-4ec6-4e41-b04e-bf18ad5fdd78
           Start Date: Thu Jul 13 02:06:20 UTC 2023
           Final Date: Sun Aug 20 02:06:20 UTC 2028
            SubjectDN: CN=scm-1@fv-az201-768,OU=f89fb721-b83b-4370-9c1b-7e276de31754,O=cd2d676f-4ec6-4e41-b04e-bf18ad5fdd78
           Public Key: RSA Public Key [7d:d8:ab:3d:22:11:db:ee:1d:ee:3b:4d:27:45:3d:8b:26:d2:59:20],[56:66:d1:a4]
        modulus: 969325c567e4d75481fb8d8dc409d88ea01d471b74e0d9abc1f9138418cb9d6a91fd1a5bfec29ea283cfad7ceead96032ca597beaa6601e2b511fb82aa9f4b4bbe516d15a6d95e3cce98b333398b06a79b680a5329a9940f90a40bd59622a59752ccea72fcc26a2d476ffdbe8ea34017559a2434b05d6f9a51c5f394d1d983fa2b8e92440d5835192f8f7721322361d3a7c1f6237f89af9e7a008bf8b1dfe901227e7d59f01a22e0edd106c09d11cf6c1404df03743357b948cb86ebd286d6742799faf7d8e5b38f4a64cf1919244f15e552627eeed76fda76c3974ad176a85b10e06a7daf9ad4e0909374bb3babb7324068a0db928868672cb2cbd4d27c1419
public exponent: 10001

  Signature Algorithm: SHA256WITHRSA
            Signature: 6f01f5c37cedf4631032c7f68a51b6525d84c122
                       1717e735ef109d6cbed3b5c8f89338995090d8ac
                       0d37d66b408a6df38c07a42cc4f35506fb9b5909
                       7aea43c33a6311649e69b4fd1d25f05edbe6e255
                       95ed0639584726dace29c38ca980b41a24ed1191
                       c6b5a25eb79739dd3d0b121b692ce3fbf58f0ad4
                       de2ab16bcf3874acc4fbb56be1aaac02758b448b
                       275ff77f47e0147baf216e1a7f3897943aa68445
                       a787e81466750fa30746220d44c9f0f8b4655965
                       313707876b9630299a02e46e6ffce44e202e9021
                       9c487e656c6ae475f73ff6662573bd4c49199b17
                       ca7922c21a979d4692a28b041cd8176085c159e7
                       bcc9d7251a1426aa98fc3429271cec77
       Extensions: 
                       critical(true) BasicConstraints: isCa(true)
                       critical(true) KeyUsage: 0x6
                       critical(false) 2.5.29.17 value = Sequence
    Tagged [7] IMPLICIT 
        DER Octet String[4] 
    Tagged [2] IMPLICIT 
        DER Octet String[64] 

 from file: /tmp/junit3911522436021933888/junit356985438428049206/scm-meta/scm/sub-ca/certs/CA-1.crt.
2023-07-13 02:06:20,428 [Time-limited test] INFO  client.SCMCertificateClient (DefaultCertificateClient.java:readCertificateFile(224)) - Added certificate   [0]         Version: 3
         SerialNumber: 1318437812316
             IssuerDN: CN=scm-1@fv-az201-768,OU=f89fb721-b83b-4370-9c1b-7e276de31754,O=cd2d676f-4ec6-4e41-b04e-bf18ad5fdd78
           Start Date: Thu Jul 13 02:06:20 UTC 2023
           Final Date: Sun Aug 20 02:06:20 UTC 2028
            SubjectDN: CN=scm-sub-1318431990067@fv-az201-768,OU=f89fb721-b83b-4370-9c1b-7e276de31754,O=cd2d676f-4ec6-4e41-b04e-bf18ad5fdd78
           Public Key: RSA Public Key [d9:bc:e4:42:35:20:e3:2b:df:2b:98:0a:69:fc:71:32:79:12:a3:8d],[56:66:d1:a4]
        modulus: c06716b511f4cfa6ac158900b90d24c2aa6217655b5b8d376d024603ba653232d748d39d3f2adb388c24960be5ad4d48742b205c14853eddc365ccdda3ff908b6fd59a8c589f1cd2eaecf5eaa036da39f8fe5015c2840ed6e029b3412290e821c783dfb249e6ef03290a86d2e91f8bc6d75e9259e17fc7db418b737be118851c54effc7a4637a21cde4f479a3db1747693b1aa223cb4e51a2ae21f32ec1c1aac5d2f85cc3e565c378f8e7763ce60d4629e44fae64b493b71809210018901f25fc1adec025e6ad5b8d45bde422ce2bad569c781e1e467a4c6bf34ed56440cd0df7a97123c6d5954d6aac2e287c7b45f5100e9d637955572871dec343ec73f4843
public exponent: 10001

  Signature Algorithm: SHA256WITHRSA
            Signature: 932ac4c100d4f0ae2c79050eaf7906db71f0d761
                       505c0619eec3af6e49e1e031f54313855e982609
                       fda794e3e3cd6311cea49b0c131adb2fa02c4c49
                       2c3bfebd113b6ca20194a038389ef46951b65d70
                       044f4f07828c228fe57e79f321455c753c8d55ed
                       1b4463ad6e42db6e9049e03533d8b9b5d405d96f
                       3988b4282ae988aa8bba39fbe87ca9a32b521736
                       3378f93e582842a9792c3b0b1eef79c6edc54d0d
                       201cf88db0da4b182067887178776aeebfcbc48a
                       2558600c699cf3b365af8e94b13f8fe4094037bb
                       4cba3cdbaab9749a669cbfd7467abe1078b0afcc
                       396829483700c97583000a90dea1e5a6ebf4d30e
                       ecd3b9b0b9fc98c1810d5009ff3e4e8a
       Extensions: 
                       critical(false) 2.5.29.17 value = Sequence
    Tagged [7] IMPLICIT 
        DER Octet String[4] 
    Tagged [2] IMPLICIT 
        DER Octet String[64] 

                       critical(true) BasicConstraints: isCa(true)
                       critical(true) KeyUsage: 0xbe
 from file: /tmp/junit3911522436021933888/junit356985438428049206/scm-meta/scm/sub-ca/certs/certificate.crt.
2023-07-13 02:06:20,429 [Time-limited test] INFO  client.SCMCertificateClient (DefaultCertificateClient.java:loadAllCertificates(186)) - CertificateRenewerService and root ca rotation polling is disabled for scm/sub-ca
2023-07-13 02:06:20,429 [Time-limited test] WARN  utils.HAUtils (HAUtils.java:getMetaDir(339)) - ozone.scm.db.dirs is not configured. We recommend adding this setting. Falling back to ozone.metadata.dirs instead.
2023-07-13 02:06:20,429 [Time-limited test] WARN  db.DBStoreBuilder (DBStoreBuilder.java:applyDBDefinition(166)) - ozone.scm.db.dirs is not configured. We recommend adding this setting. Falling back to ozone.metadata.dirs instead.
2023-07-13 02:06:20,586 [Time-limited test] INFO  net.NodeSchemaLoader (NodeSchemaLoader.java:loadSchemaFromFile(129)) - Loading schema from [jar:file:/home/runner/.m2/repository/org/apache/ozone/hdds-common/1.4.0-SNAPSHOT/hdds-common-1.4.0-SNAPSHOT.jar!/network-topology-default.xml]
2023-07-13 02:06:20,587 [Time-limited test] INFO  net.NodeSchemaLoader (NodeSchemaLoader.java:loadSchema(176)) - Loading network topology layer schema file
2023-07-13 02:06:20,589 [Time-limited test] INFO  upgrade.AbstractLayoutVersionManager (AbstractLayoutVersionManager.java:init(83)) - Initializing Layout version manager with metadata layout = HADOOP_PRC_PORTS_IN_DATANODEDETAILS (version = 7), software layout = HADOOP_PRC_PORTS_IN_DATANODEDETAILS (version = 7)
2023-07-13 02:06:20,594 [Time-limited test] INFO  ha.SequenceIdGenerator (SequenceIdGenerator.java:upgradeToSequenceId(361)) - upgrade localId to 111677748019200000
2023-07-13 02:06:20,595 [Time-limited test] INFO  ha.SequenceIdGenerator (SequenceIdGenerator.java:upgradeToSequenceId(371)) - upgrade delTxnId to 0
2023-07-13 02:06:20,596 [Time-limited test] INFO  ha.SequenceIdGenerator (SequenceIdGenerator.java:upgradeToSequenceId(388)) - upgrade containerId to 0
2023-07-13 02:06:20,597 [Time-limited test] INFO  ha.SequenceIdGenerator (SequenceIdGenerator.java:upgradeToSequenceId(424)) - upgrade rootCertificateId to 1
2023-07-13 02:06:20,597 [Time-limited test] INFO  ha.SequenceIdGenerator (SequenceIdGenerator.java:<init>(232)) - Init the HA SequenceIdGenerator.
2023-07-13 02:06:20,598 [Time-limited test] INFO  node.SCMNodeManager (SCMNodeManager.java:<init>(157)) - Entering startup safe mode.
2023-07-13 02:06:20,599 [Time-limited test] INFO  algorithms.ContainerPlacementPolicyFactory (ContainerPlacementPolicyFactory.java:getPolicyInternal(86)) - Create container placement policy of type org.apache.hadoop.hdds.scm.container.placement.algorithms.SCMContainerPlacementRackAware
2023-07-13 02:06:20,599 [Time-limited test] INFO  algorithms.ContainerPlacementPolicyFactory (ContainerPlacementPolicyFactory.java:getPolicyInternal(86)) - Create container placement policy of type org.apache.hadoop.hdds.scm.container.placement.algorithms.SCMContainerPlacementRackScatter
2023-07-13 02:06:20,599 [Time-limited test] INFO  pipeline.PipelineStateManagerImpl (PipelineStateManagerImpl.java:initialize(78)) - No pipeline exists in current db
2023-07-13 02:06:20,599 [Time-limited test] INFO  algorithms.LeaderChoosePolicyFactory (LeaderChoosePolicyFactory.java:getPolicy(57)) - Create leader choose policy of type org.apache.hadoop.hdds.scm.pipeline.leader.choose.algorithms.MinLeaderCountChoosePolicy
2023-07-13 02:06:20,599 [Time-limited test] INFO  algorithms.ContainerPlacementPolicyFactory (ContainerPlacementPolicyFactory.java:getPolicyInternal(86)) - Create container placement policy of type org.apache.hadoop.hdds.scm.container.placement.algorithms.SCMContainerPlacementRackScatter
2023-07-13 02:06:20,600 [Time-limited test] INFO  ha.SCMServiceManager (SCMServiceManager.java:register(42)) - Registering service BackgroundPipelineCreator.
2023-07-13 02:06:20,600 [Time-limited test] INFO  pipeline.BackgroundPipelineCreator (BackgroundPipelineCreator.java:start(124)) - Starting RatisPipelineUtilsThread.
2023-07-13 02:06:20,600 [Time-limited test] INFO  BackgroundPipelineScrubber (BackgroundSCMService.java:start(68)) - Starting BackgroundPipelineScrubber Service.
2023-07-13 02:06:20,601 [Time-limited test] INFO  ha.SCMServiceManager (SCMServiceManager.java:register(42)) - Registering service BackgroundPipelineScrubber.
2023-07-13 02:06:20,601 [Time-limited test] INFO  ExpiredContainerReplicaOpScrubber (BackgroundSCMService.java:start(68)) - Starting ExpiredContainerReplicaOpScrubber Service.
2023-07-13 02:06:20,601 [Time-limited test] INFO  ha.SCMServiceManager (SCMServiceManager.java:register(42)) - Registering service ExpiredContainerReplicaOpScrubber.
2023-07-13 02:06:20,602 [Time-limited test] INFO  algorithms.PipelineChoosePolicyFactory (PipelineChoosePolicyFactory.java:createPipelineChoosePolicyFromClass(78)) - Create pipeline choose policy of type org.apache.hadoop.hdds.scm.pipeline.choose.algorithms.RandomPipelineChoosePolicy
2023-07-13 02:06:20,602 [Time-limited test] INFO  algorithms.PipelineChoosePolicyFactory (PipelineChoosePolicyFactory.java:createPipelineChoosePolicyFromClass(78)) - Create pipeline choose policy of type org.apache.hadoop.hdds.scm.pipeline.choose.algorithms.RandomPipelineChoosePolicy
2023-07-13 02:06:20,603 [Time-limited test] INFO  ha.SCMServiceManager (SCMServiceManager.java:register(42)) - Registering service SCMBlockDeletingService.
2023-07-13 02:06:20,603 [Time-limited test] INFO  replication.ReplicationManager (ReplicationManager.java:start(286)) - Starting Replication Monitor Thread.
2023-07-13 02:06:20,605 [Time-limited test] INFO  ha.SCMServiceManager (SCMServiceManager.java:register(42)) - Registering service ReplicationManager.
2023-07-13 02:06:20,610 [ReplicationMonitor] INFO  replication.ReplicationManager (ReplicationManager.java:processAll(361)) - Replication Manager is not ready to run until 300000ms after safemode exit
2023-07-13 02:06:20,610 [Time-limited test] INFO  safemode.ContainerSafeModeRule (ContainerSafeModeRule.java:<init>(89)) - containers with one replica threshold count 0
2023-07-13 02:06:20,611 [Time-limited test] INFO  safemode.HealthyPipelineSafeModeRule (HealthyPipelineSafeModeRule.java:initializeRule(169)) - Total pipeline count is 0, healthy pipeline threshold count is 0
2023-07-13 02:06:20,613 [Time-limited test] INFO  safemode.OneReplicaPipelineSafeModeRule (OneReplicaPipelineSafeModeRule.java:initializeRule(180)) - Total pipeline count is 0, pipeline's with at least one datanode reported threshold count is 0
2023-07-13 02:06:20,618 [Time-limited test] INFO  authority.DefaultCAServer (DefaultCAServer.java:lambda$processVerificationStatus$0(472)) - CertificateServer validation is successful
2023-07-13 02:06:20,619 [Time-limited test] INFO  authority.DefaultCAServer (DefaultCAServer.java:lambda$processVerificationStatus$0(472)) - CertificateServer validation is successful
2023-07-13 02:06:20,620 [Time-limited test] INFO  server.StorageContainerManager (StorageContainerManager.java:persistPrimarySCMCerts(929)) - Storing sub-ca certificate serialId 1318437812316 on primary SCM
2023-07-13 02:06:20,621 [Time-limited test] INFO  server.SCMCertStore (SCMCertStore.java:storeValidScmCertificate(121)) - Scm certificate 1318437812316 for CN=scm-sub-1318431990067@fv-az201-768,OU=f89fb721-b83b-4370-9c1b-7e276de31754,O=cd2d676f-4ec6-4e41-b04e-bf18ad5fdd78 is stored
2023-07-13 02:06:20,621 [Time-limited test] INFO  server.StorageContainerManager (StorageContainerManager.java:persistPrimarySCMCerts(937)) - Storing root certificate serialId 1
2023-07-13 02:06:20,622 [Time-limited test] INFO  server.SCMCertStore (SCMCertStore.java:storeValidScmCertificate(121)) - Scm certificate 1 for CN=scm-1@fv-az201-768,OU=f89fb721-b83b-4370-9c1b-7e276de31754,O=cd2d676f-4ec6-4e41-b04e-bf18ad5fdd78 is stored
2023-07-13 02:06:20,623 [Time-limited test] INFO  ipc.CallQueueManager (CallQueueManager.java:<init>(90)) - Using callQueue: class java.util.concurrent.LinkedBlockingQueue, queueCapacity: 200, scheduler: class org.apache.hadoop.ipc.DefaultRpcScheduler, ipcBackoff: false.
2023-07-13 02:06:20,623 [Time-limited test] INFO  ipc.Server (Server.java:<init>(1287)) - Listener at 0.0.0.0:9961
2023-07-13 02:06:20,630 [Socket Reader #1 for port 9961] INFO  ipc.Server (Server.java:run(1323)) - Starting Socket Reader #1 for port 9961
2023-07-13 02:06:20,634 [Time-limited test] INFO  ha.SCMServiceManager (SCMServiceManager.java:register(42)) - Registering service RootCARotationManager.
2023-07-13 02:06:20,635 [Time-limited test] INFO  server.StorageContainerManager (StorageContainerManager.java:<init>(424)) - SCM start with adminUsers: [om/fv-az201-768.ett4tu3jvdse5ovc2mkgjqcs5a.bx.internal.cloudapp.net@EXAMPLE.COM, scm]
2023-07-13 02:06:20,635 [Time-limited test] INFO  ipc.CallQueueManager (CallQueueManager.java:<init>(90)) - Using callQueue: class java.util.concurrent.LinkedBlockingQueue, queueCapacity: 10000, scheduler: class org.apache.hadoop.ipc.DefaultRpcScheduler, ipcBackoff: false.
2023-07-13 02:06:20,635 [Time-limited test] INFO  ipc.Server (Server.java:<init>(1287)) - Listener at 0.0.0.0:9861
2023-07-13 02:06:20,642 [Socket Reader #1 for port 9861] INFO  ipc.Server (Server.java:run(1323)) - Starting Socket Reader #1 for port 9861
2023-07-13 02:06:20,644 [Time-limited test] INFO  ipc.CallQueueManager (CallQueueManager.java:<init>(90)) - Using callQueue: class java.util.concurrent.LinkedBlockingQueue, queueCapacity: 10000, scheduler: class org.apache.hadoop.ipc.DefaultRpcScheduler, ipcBackoff: false.
2023-07-13 02:06:20,644 [Time-limited test] INFO  ipc.Server (Server.java:<init>(1287)) - Listener at 0.0.0.0:9863
2023-07-13 02:06:20,647 [Socket Reader #1 for port 9863] INFO  ipc.Server (Server.java:run(1323)) - Starting Socket Reader #1 for port 9863
2023-07-13 02:06:20,649 [Time-limited test] INFO  ipc.CallQueueManager (CallQueueManager.java:<init>(90)) - Using callQueue: class java.util.concurrent.LinkedBlockingQueue, queueCapacity: 10000, scheduler: class org.apache.hadoop.ipc.DefaultRpcScheduler, ipcBackoff: false.
2023-07-13 02:06:20,649 [Time-limited test] INFO  ipc.Server (Server.java:<init>(1287)) - Listener at 0.0.0.0:9860
2023-07-13 02:06:20,653 [Socket Reader #1 for port 9860] INFO  ipc.Server (Server.java:run(1323)) - Starting Socket Reader #1 for port 9860
2023-07-13 02:06:20,664 [Time-limited test] INFO  ha.SCMServiceManager (SCMServiceManager.java:register(42)) - Registering service ContainerBalancer.
2023-07-13 02:06:20,665 [Time-limited test] INFO  server.StorageContainerManager (StorageContainerManager.java:<init>(437)) - 
Container Balancer status:
Key                            Value
Running                        false
Container Balancer Configuration values:
Key                                                Value
Threshold                                          10
Max Datanodes to Involve per Iteration(percent)    20
Max Size to Move per Iteration                     500GB
Max Size Entering Target per Iteration             26GB
Max Size Leaving Source per Iteration              26GB

2023-07-13 02:06:20,665 [Time-limited test] INFO  ha.SCMContext (SCMContext.java:updateSafeModeStatus(228)) - Update SafeModeStatus from SafeModeStatus{safeModeStatus=true, preCheckPassed=false} to SafeModeStatus{safeModeStatus=true, preCheckPassed=false}.
2023-07-13 02:06:20,666 [Time-limited test] INFO  impl.DefaultInternalKdcServerImpl (DefaultInternalKdcServerImpl.java:doStop(102)) - Default Internal kdc server stopped.
2023-07-13 02:06:21,666 [Time-limited test] INFO  minikdc.MiniKdc (MiniKdc.java:stop(359)) - MiniKdc stopped.
2023-07-13 02:06:21,667 [Time-limited test] INFO  server.StorageContainerManager (StorageContainerManager.java:stop(1590)) - Container Balancer is not running.
2023-07-13 02:06:21,667 [Time-limited test] INFO  server.StorageContainerManager (StorageContainerManager.java:stopReplicationManager(1723)) - Stopping Replication Manager Service.
2023-07-13 02:06:21,667 [Time-limited test] INFO  replication.ReplicationManager (ReplicationManager.java:stop(319)) - Stopping Replication Monitor Thread.
2023-07-13 02:06:21,667 [Time-limited test] INFO  server.StorageContainerManager (StorageContainerManager.java:stop(1599)) - Stopping the Datanode Admin Monitor.
2023-07-13 02:06:21,667 [Under Replicated Processor] WARN  replication.UnhealthyReplicationProcessor (UnhealthyReplicationProcessor.java:run(180)) - Under Replicated Processor interrupted. Exiting...
2023-07-13 02:06:21,667 [ReplicationMonitor] INFO  replication.ReplicationManager (ReplicationManager.java:run(917)) - Replication Monitor Thread is stopped
2023-07-13 02:06:21,670 [Time-limited test] INFO  server.StorageContainerManager (StorageContainerManager.java:stop(1606)) - Stopping datanode service RPC server
2023-07-13 02:06:21,670 [Time-limited test] INFO  server.SCMDatanodeProtocolServer (SCMDatanodeProtocolServer.java:stop(424)) - Stopping the RPC server for DataNodes
2023-07-13 02:06:21,670 [Over Replicated Processor] WARN  replication.UnhealthyReplicationProcessor (UnhealthyReplicationProcessor.java:run(180)) - Over Replicated Processor interrupted. Exiting...
2023-07-13 02:06:21,671 [Time-limited test] INFO  ipc.Server (Server.java:stop(3523)) - Stopping server on 9861
2023-07-13 02:06:23,598 [SCM Heartbeat Processing Thread - 0] WARN  node.NodeStateManager (NodeStateManager.java:scheduleNextHealthCheck(874)) - Current Thread is interrupted, shutting down HB processing thread for Node Manager.
2023-07-13 02:06:23,598 [Time-limited test] INFO  server.StorageContainerManager (StorageContainerManager.java:stop(1614)) - Stopping block service RPC server
2023-07-13 02:06:23,598 [Time-limited test] INFO  server.SCMBlockProtocolServer (SCMBlockProtocolServer.java:stop(161)) - Stopping the RPC server for Block Protocol
2023-07-13 02:06:23,598 [Time-limited test] INFO  ipc.Server (Server.java:stop(3523)) - Stopping server on 9863
2023-07-13 02:06:23,599 [Time-limited test] INFO  server.StorageContainerManager (StorageContainerManager.java:stop(1621)) - Stopping the StorageContainerLocationProtocol RPC server
2023-07-13 02:06:23,599 [Time-limited test] INFO  server.SCMClientProtocolServer (SCMClientProtocolServer.java:stop(209)) - Stopping the RPC server for Client Protocol
2023-07-13 02:06:23,599 [Time-limited test] INFO  ipc.Server (Server.java:stop(3523)) - Stopping server on 9860
2023-07-13 02:06:23,600 [Time-limited test] INFO  server.StorageContainerManager (StorageContainerManager.java:stop(1628)) - Stopping Storage Container Manager HTTP server.
2023-07-13 02:06:23,600 [Time-limited test] INFO  server.StorageContainerManager (StorageContainerManager.java:stop(1636)) - Stopping SCM LayoutVersionManager Service.
2023-07-13 02:06:23,600 [Time-limited test] INFO  server.SCMSecurityProtocolServer (SCMSecurityProtocolServer.java:stop(536)) - Stopping the SCMSecurityProtocolServer.
2023-07-13 02:06:23,600 [Time-limited test] INFO  ipc.Server (Server.java:stop(3523)) - Stopping server on 9961
2023-07-13 02:06:23,601 [Time-limited test] INFO  server.SCMUpdateServiceGrpcServer (SCMUpdateServiceGrpcServer.java:stop(73)) - SCMUpdateService stopping
2023-07-13 02:06:23,601 [Time-limited test] INFO  server.StorageContainerManager (StorageContainerManager.java:stop(1648)) - Stopping Block Manager Service.
2023-07-13 02:06:23,601 [Time-limited test] INFO  utils.BackgroundService (BackgroundService.java:shutdown(141)) - Shutting down service SCMBlockDeletingService
2023-07-13 02:06:23,601 [Time-limited test] INFO  utils.BackgroundService (BackgroundService.java:shutdown(141)) - Shutting down service SCMBlockDeletingService
2023-07-13 02:06:23,601 [Time-limited test] INFO  server.StorageContainerManager (StorageContainerManager.java:stop(1668)) - Stopping SCM Event Queue.
2023-07-13 02:06:23,602 [Time-limited test] INFO  server.StorageContainerManager (StorageContainerManager.java:stop(1679)) - Stopping SCM HA services.
2023-07-13 02:06:23,602 [Time-limited test] INFO  pipeline.BackgroundPipelineCreator (BackgroundPipelineCreator.java:stop(149)) - Stopping RatisPipelineUtilsThread.
2023-07-13 02:06:23,602 [RatisPipelineUtilsThread - 0] WARN  pipeline.BackgroundPipelineCreator (BackgroundPipelineCreator.java:run(180)) - RatisPipelineUtilsThread is interrupted.
2023-07-13 02:06:23,602 [BackgroundPipelineScrubberThread] WARN  BackgroundPipelineScrubber (BackgroundSCMService.java:run(115)) - BackgroundPipelineScrubber is interrupted, exit
2023-07-13 02:06:23,602 [Time-limited test] INFO  BackgroundPipelineScrubber (BackgroundSCMService.java:stop(131)) - Stopping BackgroundPipelineScrubber Service.
2023-07-13 02:06:23,604 [Time-limited test] WARN  pipeline.BackgroundPipelineCreator (BackgroundPipelineCreator.java:stop(145)) - RatisPipelineUtilsThread is not running, just ignore.
2023-07-13 02:06:23,604 [Time-limited test] INFO  BackgroundPipelineScrubber (BackgroundSCMService.java:stop(126)) - BackgroundPipelineScrubber Service is not running, skip stop.
2023-07-13 02:06:23,607 [ExpiredContainerReplicaOpScrubberThread] WARN  ExpiredContainerReplicaOpScrubber (BackgroundSCMService.java:run(115)) - ExpiredContainerReplicaOpScrubber is interrupted, exit
2023-07-13 02:06:23,607 [Time-limited test] INFO  ExpiredContainerReplicaOpScrubber (BackgroundSCMService.java:stop(131)) - Stopping ExpiredContainerReplicaOpScrubber Service.
2023-07-13 02:06:23,607 [Time-limited test] INFO  utils.BackgroundService (BackgroundService.java:shutdown(141)) - Shutting down service SCMBlockDeletingService
2023-07-13 02:06:23,607 [Time-limited test] INFO  replication.ReplicationManager (ReplicationManager.java:stop(329)) - Replication Monitor Thread is not running.
2023-07-13 02:06:23,607 [Time-limited test] WARN  balancer.ContainerBalancer (ContainerBalancer.java:stop(326)) - Cannot stop Container Balancer because it's not running or stopping
2023-07-13 02:06:23,607 [Time-limited test] INFO  server.StorageContainerManager (StorageContainerManager.java:stop(1714)) - Stopping SCM MetadataStore.
2023-07-13 02:06:23,609 [Time-limited test] INFO  server.SCMSecurityProtocolServer (SCMSecurityProtocolServer.java:join(546)) - Join RPC server for SCMSecurityProtocolServer.
2023-07-13 02:06:23,609 [Time-limited test] INFO  server.SCMSecurityProtocolServer (SCMSecurityProtocolServer.java:join(548)) - Join gRPC server for SCMSecurityProtocolServer.
]]></system-out>
  </testcase>
  <testcase name="testCertificateRotationRecoverableFailure" classname="org.apache.hadoop.ozone.TestSecureOzoneCluster" time="22.603">
    <system-out><![CDATA[2023-07-13 02:06:23,636 [Time-limited test] INFO  net.ServerSocketUtil (ServerSocketUtil.java:getPort(55)) - Using port 9860
2023-07-13 02:06:23,636 [Time-limited test] INFO  net.ServerSocketUtil (ServerSocketUtil.java:getPort(55)) - Using port 9861
2023-07-13 02:06:23,636 [Time-limited test] INFO  net.ServerSocketUtil (ServerSocketUtil.java:getPort(55)) - Using port 9863
2023-07-13 02:06:23,636 [Time-limited test] INFO  net.ServerSocketUtil (ServerSocketUtil.java:getPort(55)) - Using port 9961
2023-07-13 02:06:23,636 [Time-limited test] INFO  net.ServerSocketUtil (ServerSocketUtil.java:getPort(55)) - Using port 1200
2023-07-13 02:06:23,636 [Time-limited test] INFO  net.ServerSocketUtil (ServerSocketUtil.java:getPort(55)) - Using port 1201
2023-07-13 02:06:23,637 [Time-limited test] INFO  minikdc.MiniKdc (MiniKdc.java:<init>(225)) - Configuration:
2023-07-13 02:06:23,637 [Time-limited test] INFO  minikdc.MiniKdc (MiniKdc.java:<init>(226)) - ---------------------------------------------------------------
2023-07-13 02:06:23,637 [Time-limited test] INFO  minikdc.MiniKdc (MiniKdc.java:<init>(228)) -   debug: false
2023-07-13 02:06:23,637 [Time-limited test] INFO  minikdc.MiniKdc (MiniKdc.java:<init>(228)) -   transport: TCP
2023-07-13 02:06:23,637 [Time-limited test] INFO  minikdc.MiniKdc (MiniKdc.java:<init>(228)) -   max.ticket.lifetime: 86400000
2023-07-13 02:06:23,637 [Time-limited test] INFO  minikdc.MiniKdc (MiniKdc.java:<init>(228)) -   org.name: EXAMPLE
2023-07-13 02:06:23,637 [Time-limited test] INFO  minikdc.MiniKdc (MiniKdc.java:<init>(228)) -   kdc.port: 0
2023-07-13 02:06:23,638 [Time-limited test] INFO  minikdc.MiniKdc (MiniKdc.java:<init>(228)) -   org.domain: COM
2023-07-13 02:06:23,638 [Time-limited test] INFO  minikdc.MiniKdc (MiniKdc.java:<init>(228)) -   max.renewable.lifetime: 604800000
2023-07-13 02:06:23,638 [Time-limited test] INFO  minikdc.MiniKdc (MiniKdc.java:<init>(228)) -   instance: DefaultKrbServer
2023-07-13 02:06:23,638 [Time-limited test] INFO  minikdc.MiniKdc (MiniKdc.java:<init>(228)) -   kdc.bind.address: localhost
2023-07-13 02:06:23,638 [Time-limited test] INFO  minikdc.MiniKdc (MiniKdc.java:<init>(230)) - ---------------------------------------------------------------
2023-07-13 02:06:23,640 [Time-limited test] INFO  minikdc.MiniKdc (MiniKdc.java:start(285)) - MiniKdc started.
2023-07-13 02:06:24,096 [Time-limited test] INFO  om.OzoneManager (OzoneManager.java:getOmDetailsProto(4566)) - OzoneManager ports added:[name: "RPC"
value: 1202
]
2023-07-13 02:06:24,097 [Time-limited test] WARN  server.ServerUtils (ServerUtils.java:getDBPath(311)) - ozone.om.db.dirs is not configured. We recommend adding this setting. Falling back to ozone.metadata.dirs instead.
2023-07-13 02:06:24,101 [Time-limited test] INFO  utils.SelfSignedCertificate (SelfSignedCertificate.java:generateCertificate(157)) - Certificate 1322141 is issued by CN=localhost,OU=test,O=cluster to CN=localhost,OU=test,O=cluster, valid from Thu Jul 13 02:06:24 UTC 2023 to Thu Jul 13 02:06:44 UTC 2023
2023-07-13 02:06:24,101 [Time-limited test] INFO  utils.CertificateCodec (CertificateCodec.java:writeCertificate(299)) - Save certificate to /tmp/junit2969084355833316565/junit345878669628715730/om-meta/om/certs/certificate.crt
2023-07-13 02:06:24,101 [Time-limited test] INFO  utils.CertificateCodec (CertificateCodec.java:writeCertificate(300)) - Certificate -----BEGIN CERTIFICATE-----
MIIC5TCCAc2gAwIBAgIDFCydMA0GCSqGSIb3DQEBCwUAMDUxEjAQBgNVBAMMCWxv
Y2FsaG9zdDENMAsGA1UECwwEdGVzdDEQMA4GA1UECgwHY2x1c3RlcjAeFw0yMzA3
MTMwMjA2MjRaFw0yMzA3MTMwMjA2NDRaMDUxEjAQBgNVBAMMCWxvY2FsaG9zdDEN
MAsGA1UECwwEdGVzdDEQMA4GA1UECgwHY2x1c3RlcjCCASIwDQYJKoZIhvcNAQEB
BQADggEPADCCAQoCggEBAOOrxcEbVEBbaizdegslNzS/Vz0w4a3U6UoM3z2Wvmf7
hmNSdeNAOTQv4u+3OkSI6tmPvbu5Ec7XdbWY45cZ/AiDnUvuZnTKwyh2gJDJlUww
7ooyvXzAnfZbUVDV3igU97Ep1ed035SCRNjv03emi8K8a7vUsFS/8wnlKdlxxuFI
8ppkY4sT0PQlYyCYR0/ONBuIpyjF2MqGY1HURvl6FWO8s8ei440FGFvTLfdqAKRP
g9kixe+axAbuPdS6aekupOYvUo+XCGHOU8Iyv8KkPtR/u6hoVd/DaU5ETlI9DkEs
hgrBtifspKQdTWn4ARAK0nx5EbR6b0YDp4QzHf72OxsCAwEAATANBgkqhkiG9w0B
AQsFAAOCAQEAM1kEkCLNac70b6Gq4kwEHuqHtrUqBK2jrGgq4gGZf5LaLSrqUljq
wIahWQpKjxRdW3OI6BVV222LfgANpTt+2GJZUqrjrRZ32gCwK5KWRfK5XOMjppNM
kzMMdRqpuJInsFkqCBK+fk3OK9/BnSwwbtdxQrP7jYuOLep0h9c+4/EDhzlvjCwH
N+Cv48aqutwmzPYhfn1X/gCiUs9QRAfC26m+Z+pAk2XqJUF4PMHMBNvnKgebWNN4
wvxcqCTTwozKd0phPb01vmknfqK3PjJjmddrxQe06KHDTDsKIzaXqULo6PzIfsPf
5rlR/PWBXloPG1evWaqpXB4IRxRToAarXg==
-----END CERTIFICATE-----

2023-07-13 02:06:24,119 [Time-limited test] INFO  utils.SelfSignedCertificate (SelfSignedCertificate.java:generateCertificate(157)) - Certificate 1322161 is issued by CN=localhost,OU=test,O=cluster to CN=localhost,OU=test,O=cluster, valid from Thu Jul 13 02:06:34 UTC 2023 to Thu Jul 13 02:06:54 UTC 2023
2023-07-13 02:06:24,120 [Time-limited test] INFO  security.OMCertificateClient (DefaultCertificateClient.java:updateCertSerialId(1248)) - Certificate serial ID set to 1322141
2023-07-13 02:06:24,121 [Time-limited test] INFO  security.OMCertificateClient (DefaultCertificateClient.java:readCertificateFile(224)) - Added certificate   [0]         Version: 3
         SerialNumber: 1322141
             IssuerDN: CN=localhost,OU=test,O=cluster
           Start Date: Thu Jul 13 02:06:24 UTC 2023
           Final Date: Thu Jul 13 02:06:44 UTC 2023
            SubjectDN: CN=localhost,OU=test,O=cluster
           Public Key: RSA Public Key [12:70:72:1d:ad:19:ac:09:b4:fd:8c:fe:24:ad:cd:14:af:95:2d:19],[56:66:d1:a4]
        modulus: e3abc5c11b54405b6a2cdd7a0b253734bf573d30e1add4e94a0cdf3d96be67fb86635275e34039342fe2efb73a4488ead98fbdbbb911ced775b598e39719fc08839d4bee6674cac328768090c9954c30ee8a32bd7cc09df65b5150d5de2814f7b129d5e774df948244d8efd377a68bc2bc6bbbd4b054bff309e529d971c6e148f29a64638b13d0f425632098474fce341b88a728c5d8ca866351d446f97a1563bcb3c7a2e38d05185bd32df76a00a44f83d922c5ef9ac406ee3dd4ba69e92ea4e62f528f970861ce53c232bfc2a43ed47fbba86855dfc3694e444e523d0e412c860ac1b627eca4a41d4d69f801100ad27c7911b47a6f4603a784331dfef63b1b
public exponent: 10001

  Signature Algorithm: SHA256WITHRSA
            Signature: 3359049022cd69cef46fa1aae24c041eea87b6b5
                       2a04ada3ac682ae201997f92da2d2aea5258eac0
                       86a1590a4a8f145d5b7388e81555db6d8b7e000d
                       a53b7ed8625952aae3ad1677da00b02b929645f2
                       b95ce323a6934c93330c751aa9b89227b0592a08
                       12be7e4dce2bdfc19d2c306ed77142b3fb8d8b8e
                       2dea7487d73ee3f10387396f8c2c0737e0afe3c6
                       aabadc26ccf6217e7d57fe00a252cf504407c2db
                       a9be67ea409365ea2541783cc1cc04dbe72a079b
                       58d378c2fc5ca824d3c28cca774a613dbd35be69
                       277ea2b73e326399d76bc507b4e8a1c34c3b0a23
                       3697a942e8e8fcc87ec3dfe6b951fcf5815e5a0f
                       1b57af59aaa95c1e08471453a006ab5e
 from file: /tmp/junit2969084355833316565/junit345878669628715730/om-meta/om/certs/certificate.crt.
2023-07-13 02:06:24,127 [Time-limited test] INFO  security.OMCertificateClient (DefaultCertificateClient.java:startCertificateRenewerService(1349)) - CertificateRenewerService for om is started with first delay 9874 ms and interval 3333 ms.
2023-07-13 02:06:24,128 [Time-limited test] INFO  security.OMCertificateClient (DefaultCertificateClient.java:init(723)) - Certificate client init case: 7
2023-07-13 02:06:24,128 [Time-limited test] INFO  security.OMCertificateClient (CommonCertificateClient.java:handleCase(111)) - Found certificate file along with KeyPair.
2023-07-13 02:06:24,134 [Time-limited test] INFO  security.OMCertificateClient (DefaultCertificateClient.java:validateKeyPairAndCertificate(821)) - Keypair validated.
2023-07-13 02:06:24,139 [Time-limited test] INFO  security.OMCertificateClient (DefaultCertificateClient.java:validateKeyPairAndCertificate(824)) - Keypair validated with certificate.
2023-07-13 02:06:34,001 [om-CertificateRenewerService] INFO  security.OMCertificateClient (DefaultCertificateClient.java:run(1382)) - Current certificate 1322141 needs to be renewed remaining grace period PT0S. Forced renewal due to root ca rotation: false.
2023-07-13 02:06:34,227 [om-CertificateRenewerService] INFO  ozone.OzoneSecurityUtil (OzoneSecurityUtil.java:getValidInetsForCurrentHost(119)) - ip:fe80:0:0:0:20d:3aff:fe98:b55f%eth0 not returned.
2023-07-13 02:06:34,227 [om-CertificateRenewerService] INFO  ozone.OzoneSecurityUtil (OzoneSecurityUtil.java:getValidInetsForCurrentHost(116)) - Adding ip:10.1.0.115,host:fv-az201-768.ett4tu3jvdse5ovc2mkgjqcs5a.bx.internal.cloudapp.net
2023-07-13 02:06:34,227 [om-CertificateRenewerService] INFO  ozone.OzoneSecurityUtil (OzoneSecurityUtil.java:getValidInetsForCurrentHost(119)) - ip:0:0:0:0:0:0:0:1%lo not returned.
2023-07-13 02:06:34,227 [om-CertificateRenewerService] INFO  ozone.OzoneSecurityUtil (OzoneSecurityUtil.java:getValidInetsForCurrentHost(119)) - ip:127.0.0.1 not returned.
2023-07-13 02:06:34,228 [om-CertificateRenewerService] INFO  security.OMCertificateClient (OMCertificateClient.java:getCSRBuilder(114)) - Creating csr for OM->dns:fv-az201-768.ett4tu3jvdse5ovc2mkgjqcs5a.bx.internal.cloudapp.net,ip:10.1.0.115,scmId:2e75724b-1a2d-423d-9311-c14a3faa38c2,clusterId:7f20c41f-ad63-4071-9891-9d6d876ec4c4,subject:scm@fv-az201-768.ett4tu3jvdse5ovc2mkgjqcs5a.bx.internal.cloudapp.net
2023-07-13 02:06:34,232 [om-CertificateRenewerService] ERROR security.OMCertificateClient (DefaultCertificateClient.java:signAndStoreCertificate(1288)) - Error while signing and storing SCM signed certificate.
org.apache.hadoop.hdds.security.x509.exception.CertificateException: Unable to retrieve certificate chain.
	at org.apache.hadoop.hdds.security.x509.certificate.client.DefaultCertificateClient.signAndStoreCertificate(DefaultCertificateClient.java:1284)
	at org.apache.hadoop.hdds.security.x509.certificate.client.DefaultCertificateClient.renewAndStoreKeyAndCertificate(DefaultCertificateClient.java:1085)
	at org.apache.hadoop.hdds.security.x509.certificate.client.DefaultCertificateClient$CertificateRenewerService.run(DefaultCertificateClient.java:1387)
	at java.util.concurrent.Executors$RunnableAdapter.call(Executors.java:511)
	at java.util.concurrent.FutureTask.runAndReset(FutureTask.java:308)
	at java.util.concurrent.ScheduledThreadPoolExecutor$ScheduledFutureTask.access$301(ScheduledThreadPoolExecutor.java:180)
	at java.util.concurrent.ScheduledThreadPoolExecutor$ScheduledFutureTask.run(ScheduledThreadPoolExecutor.java:294)
	at java.util.concurrent.ThreadPoolExecutor.runWorker(ThreadPoolExecutor.java:1149)
	at java.util.concurrent.ThreadPoolExecutor$Worker.run(ThreadPoolExecutor.java:624)
	at java.lang.Thread.run(Thread.java:750)
2023-07-13 02:06:34,233 [om-CertificateRenewerService] ERROR security.OMCertificateClient (DefaultCertificateClient.java:run(1397)) - Failed to renew and store key and cert. Keep using existing certificates.
org.apache.hadoop.hdds.security.x509.exception.CertificateException: Error while signing and storing new certificates.
	at org.apache.hadoop.hdds.security.x509.certificate.client.DefaultCertificateClient.renewAndStoreKeyAndCertificate(DefaultCertificateClient.java:1088)
	at org.apache.hadoop.hdds.security.x509.certificate.client.DefaultCertificateClient$CertificateRenewerService.run(DefaultCertificateClient.java:1387)
	at java.util.concurrent.Executors$RunnableAdapter.call(Executors.java:511)
	at java.util.concurrent.FutureTask.runAndReset(FutureTask.java:308)
	at java.util.concurrent.ScheduledThreadPoolExecutor$ScheduledFutureTask.access$301(ScheduledThreadPoolExecutor.java:180)
	at java.util.concurrent.ScheduledThreadPoolExecutor$ScheduledFutureTask.run(ScheduledThreadPoolExecutor.java:294)
	at java.util.concurrent.ThreadPoolExecutor.runWorker(ThreadPoolExecutor.java:1149)
	at java.util.concurrent.ThreadPoolExecutor$Worker.run(ThreadPoolExecutor.java:624)
	at java.lang.Thread.run(Thread.java:750)
Caused by: org.apache.hadoop.hdds.security.x509.exception.CertificateException: Error while signing and storing SCM signed certificate.
	at org.apache.hadoop.hdds.security.x509.certificate.client.DefaultCertificateClient.signAndStoreCertificate(DefaultCertificateClient.java:1290)
	at org.apache.hadoop.hdds.security.x509.certificate.client.DefaultCertificateClient.renewAndStoreKeyAndCertificate(DefaultCertificateClient.java:1085)
	... 8 more
Caused by: org.apache.hadoop.hdds.security.x509.exception.CertificateException: Unable to retrieve certificate chain.
	at org.apache.hadoop.hdds.security.x509.certificate.client.DefaultCertificateClient.signAndStoreCertificate(DefaultCertificateClient.java:1284)
	... 9 more
2023-07-13 02:06:37,333 [om-CertificateRenewerService] INFO  security.OMCertificateClient (DefaultCertificateClient.java:run(1382)) - Current certificate 1322141 needs to be renewed remaining grace period PT0S. Forced renewal due to root ca rotation: false.
2023-07-13 02:06:37,630 [om-CertificateRenewerService] INFO  ozone.OzoneSecurityUtil (OzoneSecurityUtil.java:getValidInetsForCurrentHost(119)) - ip:fe80:0:0:0:20d:3aff:fe98:b55f%eth0 not returned.
2023-07-13 02:06:37,631 [om-CertificateRenewerService] INFO  ozone.OzoneSecurityUtil (OzoneSecurityUtil.java:getValidInetsForCurrentHost(116)) - Adding ip:10.1.0.115,host:fv-az201-768.ett4tu3jvdse5ovc2mkgjqcs5a.bx.internal.cloudapp.net
2023-07-13 02:06:37,631 [om-CertificateRenewerService] INFO  ozone.OzoneSecurityUtil (OzoneSecurityUtil.java:getValidInetsForCurrentHost(119)) - ip:0:0:0:0:0:0:0:1%lo not returned.
2023-07-13 02:06:37,631 [om-CertificateRenewerService] INFO  ozone.OzoneSecurityUtil (OzoneSecurityUtil.java:getValidInetsForCurrentHost(119)) - ip:127.0.0.1 not returned.
2023-07-13 02:06:37,631 [om-CertificateRenewerService] INFO  security.OMCertificateClient (OMCertificateClient.java:getCSRBuilder(114)) - Creating csr for OM->dns:fv-az201-768.ett4tu3jvdse5ovc2mkgjqcs5a.bx.internal.cloudapp.net,ip:10.1.0.115,scmId:2e75724b-1a2d-423d-9311-c14a3faa38c2,clusterId:7f20c41f-ad63-4071-9891-9d6d876ec4c4,subject:scm@fv-az201-768.ett4tu3jvdse5ovc2mkgjqcs5a.bx.internal.cloudapp.net
2023-07-13 02:06:37,634 [om-CertificateRenewerService] ERROR security.OMCertificateClient (DefaultCertificateClient.java:signAndStoreCertificate(1288)) - Error while signing and storing SCM signed certificate.
org.apache.hadoop.hdds.security.x509.exception.CertificateException: Unable to retrieve certificate chain.
	at org.apache.hadoop.hdds.security.x509.certificate.client.DefaultCertificateClient.signAndStoreCertificate(DefaultCertificateClient.java:1284)
	at org.apache.hadoop.hdds.security.x509.certificate.client.DefaultCertificateClient.renewAndStoreKeyAndCertificate(DefaultCertificateClient.java:1085)
	at org.apache.hadoop.hdds.security.x509.certificate.client.DefaultCertificateClient$CertificateRenewerService.run(DefaultCertificateClient.java:1387)
	at java.util.concurrent.Executors$RunnableAdapter.call(Executors.java:511)
	at java.util.concurrent.FutureTask.runAndReset(FutureTask.java:308)
	at java.util.concurrent.ScheduledThreadPoolExecutor$ScheduledFutureTask.access$301(ScheduledThreadPoolExecutor.java:180)
	at java.util.concurrent.ScheduledThreadPoolExecutor$ScheduledFutureTask.run(ScheduledThreadPoolExecutor.java:294)
	at java.util.concurrent.ThreadPoolExecutor.runWorker(ThreadPoolExecutor.java:1149)
	at java.util.concurrent.ThreadPoolExecutor$Worker.run(ThreadPoolExecutor.java:624)
	at java.lang.Thread.run(Thread.java:750)
2023-07-13 02:06:37,634 [om-CertificateRenewerService] ERROR security.OMCertificateClient (DefaultCertificateClient.java:run(1397)) - Failed to renew and store key and cert. Keep using existing certificates.
org.apache.hadoop.hdds.security.x509.exception.CertificateException: Error while signing and storing new certificates.
	at org.apache.hadoop.hdds.security.x509.certificate.client.DefaultCertificateClient.renewAndStoreKeyAndCertificate(DefaultCertificateClient.java:1088)
	at org.apache.hadoop.hdds.security.x509.certificate.client.DefaultCertificateClient$CertificateRenewerService.run(DefaultCertificateClient.java:1387)
	at java.util.concurrent.Executors$RunnableAdapter.call(Executors.java:511)
	at java.util.concurrent.FutureTask.runAndReset(FutureTask.java:308)
	at java.util.concurrent.ScheduledThreadPoolExecutor$ScheduledFutureTask.access$301(ScheduledThreadPoolExecutor.java:180)
	at java.util.concurrent.ScheduledThreadPoolExecutor$ScheduledFutureTask.run(ScheduledThreadPoolExecutor.java:294)
	at java.util.concurrent.ThreadPoolExecutor.runWorker(ThreadPoolExecutor.java:1149)
	at java.util.concurrent.ThreadPoolExecutor$Worker.run(ThreadPoolExecutor.java:624)
	at java.lang.Thread.run(Thread.java:750)
Caused by: org.apache.hadoop.hdds.security.x509.exception.CertificateException: Error while signing and storing SCM signed certificate.
	at org.apache.hadoop.hdds.security.x509.certificate.client.DefaultCertificateClient.signAndStoreCertificate(DefaultCertificateClient.java:1290)
	at org.apache.hadoop.hdds.security.x509.certificate.client.DefaultCertificateClient.renewAndStoreKeyAndCertificate(DefaultCertificateClient.java:1085)
	... 8 more
Caused by: org.apache.hadoop.hdds.security.x509.exception.CertificateException: Unable to retrieve certificate chain.
	at org.apache.hadoop.hdds.security.x509.certificate.client.DefaultCertificateClient.signAndStoreCertificate(DefaultCertificateClient.java:1284)
	... 9 more
2023-07-13 02:06:40,666 [om-CertificateRenewerService] INFO  security.OMCertificateClient (DefaultCertificateClient.java:run(1382)) - Current certificate 1322141 needs to be renewed remaining grace period PT0S. Forced renewal due to root ca rotation: false.
2023-07-13 02:06:41,188 [om-CertificateRenewerService] INFO  ozone.OzoneSecurityUtil (OzoneSecurityUtil.java:getValidInetsForCurrentHost(119)) - ip:fe80:0:0:0:20d:3aff:fe98:b55f%eth0 not returned.
2023-07-13 02:06:41,188 [om-CertificateRenewerService] INFO  ozone.OzoneSecurityUtil (OzoneSecurityUtil.java:getValidInetsForCurrentHost(116)) - Adding ip:10.1.0.115,host:fv-az201-768.ett4tu3jvdse5ovc2mkgjqcs5a.bx.internal.cloudapp.net
2023-07-13 02:06:41,188 [om-CertificateRenewerService] INFO  ozone.OzoneSecurityUtil (OzoneSecurityUtil.java:getValidInetsForCurrentHost(119)) - ip:0:0:0:0:0:0:0:1%lo not returned.
2023-07-13 02:06:41,188 [om-CertificateRenewerService] INFO  ozone.OzoneSecurityUtil (OzoneSecurityUtil.java:getValidInetsForCurrentHost(119)) - ip:127.0.0.1 not returned.
2023-07-13 02:06:41,189 [om-CertificateRenewerService] INFO  security.OMCertificateClient (OMCertificateClient.java:getCSRBuilder(114)) - Creating csr for OM->dns:fv-az201-768.ett4tu3jvdse5ovc2mkgjqcs5a.bx.internal.cloudapp.net,ip:10.1.0.115,scmId:2e75724b-1a2d-423d-9311-c14a3faa38c2,clusterId:7f20c41f-ad63-4071-9891-9d6d876ec4c4,subject:scm@fv-az201-768.ett4tu3jvdse5ovc2mkgjqcs5a.bx.internal.cloudapp.net
2023-07-13 02:06:41,191 [om-CertificateRenewerService] ERROR security.OMCertificateClient (DefaultCertificateClient.java:signAndStoreCertificate(1288)) - Error while signing and storing SCM signed certificate.
org.apache.hadoop.hdds.security.x509.exception.CertificateException: Unable to retrieve certificate chain.
	at org.apache.hadoop.hdds.security.x509.certificate.client.DefaultCertificateClient.signAndStoreCertificate(DefaultCertificateClient.java:1284)
	at org.apache.hadoop.hdds.security.x509.certificate.client.DefaultCertificateClient.renewAndStoreKeyAndCertificate(DefaultCertificateClient.java:1085)
	at org.apache.hadoop.hdds.security.x509.certificate.client.DefaultCertificateClient$CertificateRenewerService.run(DefaultCertificateClient.java:1387)
	at java.util.concurrent.Executors$RunnableAdapter.call(Executors.java:511)
	at java.util.concurrent.FutureTask.runAndReset(FutureTask.java:308)
	at java.util.concurrent.ScheduledThreadPoolExecutor$ScheduledFutureTask.access$301(ScheduledThreadPoolExecutor.java:180)
	at java.util.concurrent.ScheduledThreadPoolExecutor$ScheduledFutureTask.run(ScheduledThreadPoolExecutor.java:294)
	at java.util.concurrent.ThreadPoolExecutor.runWorker(ThreadPoolExecutor.java:1149)
	at java.util.concurrent.ThreadPoolExecutor$Worker.run(ThreadPoolExecutor.java:624)
	at java.lang.Thread.run(Thread.java:750)
2023-07-13 02:06:41,192 [om-CertificateRenewerService] ERROR security.OMCertificateClient (DefaultCertificateClient.java:run(1397)) - Failed to renew and store key and cert. Keep using existing certificates.
org.apache.hadoop.hdds.security.x509.exception.CertificateException: Error while signing and storing new certificates.
	at org.apache.hadoop.hdds.security.x509.certificate.client.DefaultCertificateClient.renewAndStoreKeyAndCertificate(DefaultCertificateClient.java:1088)
	at org.apache.hadoop.hdds.security.x509.certificate.client.DefaultCertificateClient$CertificateRenewerService.run(DefaultCertificateClient.java:1387)
	at java.util.concurrent.Executors$RunnableAdapter.call(Executors.java:511)
	at java.util.concurrent.FutureTask.runAndReset(FutureTask.java:308)
	at java.util.concurrent.ScheduledThreadPoolExecutor$ScheduledFutureTask.access$301(ScheduledThreadPoolExecutor.java:180)
	at java.util.concurrent.ScheduledThreadPoolExecutor$ScheduledFutureTask.run(ScheduledThreadPoolExecutor.java:294)
	at java.util.concurrent.ThreadPoolExecutor.runWorker(ThreadPoolExecutor.java:1149)
	at java.util.concurrent.ThreadPoolExecutor$Worker.run(ThreadPoolExecutor.java:624)
	at java.lang.Thread.run(Thread.java:750)
Caused by: org.apache.hadoop.hdds.security.x509.exception.CertificateException: Error while signing and storing SCM signed certificate.
	at org.apache.hadoop.hdds.security.x509.certificate.client.DefaultCertificateClient.signAndStoreCertificate(DefaultCertificateClient.java:1290)
	at org.apache.hadoop.hdds.security.x509.certificate.client.DefaultCertificateClient.renewAndStoreKeyAndCertificate(DefaultCertificateClient.java:1085)
	... 8 more
Caused by: org.apache.hadoop.hdds.security.x509.exception.CertificateException: Unable to retrieve certificate chain.
	at org.apache.hadoop.hdds.security.x509.certificate.client.DefaultCertificateClient.signAndStoreCertificate(DefaultCertificateClient.java:1284)
	... 9 more
2023-07-13 02:06:43,999 [om-CertificateRenewerService] INFO  security.OMCertificateClient (DefaultCertificateClient.java:run(1382)) - Current certificate 1322141 needs to be renewed remaining grace period PT0S. Forced renewal due to root ca rotation: false.
2023-07-13 02:06:44,199 [Time-limited test] INFO  utils.SelfSignedCertificate (SelfSignedCertificate.java:generateCertificate(157)) - Certificate 1342235 is issued by CN=localhost,OU=test,O=cluster to CN=localhost,OU=test,O=cluster, valid from Thu Jul 13 02:06:44 UTC 2023 to Thu Jul 13 02:07:04 UTC 2023
2023-07-13 02:06:44,296 [om-CertificateRenewerService] INFO  ozone.OzoneSecurityUtil (OzoneSecurityUtil.java:getValidInetsForCurrentHost(119)) - ip:fe80:0:0:0:20d:3aff:fe98:b55f%eth0 not returned.
2023-07-13 02:06:44,296 [om-CertificateRenewerService] INFO  ozone.OzoneSecurityUtil (OzoneSecurityUtil.java:getValidInetsForCurrentHost(116)) - Adding ip:10.1.0.115,host:fv-az201-768.ett4tu3jvdse5ovc2mkgjqcs5a.bx.internal.cloudapp.net
2023-07-13 02:06:44,296 [om-CertificateRenewerService] INFO  ozone.OzoneSecurityUtil (OzoneSecurityUtil.java:getValidInetsForCurrentHost(119)) - ip:0:0:0:0:0:0:0:1%lo not returned.
2023-07-13 02:06:44,296 [om-CertificateRenewerService] INFO  ozone.OzoneSecurityUtil (OzoneSecurityUtil.java:getValidInetsForCurrentHost(119)) - ip:127.0.0.1 not returned.
2023-07-13 02:06:44,297 [om-CertificateRenewerService] INFO  security.OMCertificateClient (OMCertificateClient.java:getCSRBuilder(114)) - Creating csr for OM->dns:fv-az201-768.ett4tu3jvdse5ovc2mkgjqcs5a.bx.internal.cloudapp.net,ip:10.1.0.115,scmId:2e75724b-1a2d-423d-9311-c14a3faa38c2,clusterId:7f20c41f-ad63-4071-9891-9d6d876ec4c4,subject:scm@fv-az201-768.ett4tu3jvdse5ovc2mkgjqcs5a.bx.internal.cloudapp.net
2023-07-13 02:06:44,300 [om-CertificateRenewerService] INFO  utils.CertificateCodec (CertificateCodec.java:writeCertificate(299)) - Save certificate to /tmp/junit2969084355833316565/junit345878669628715730/om-meta/om/certs-next/1342235.crt
2023-07-13 02:06:44,300 [om-CertificateRenewerService] INFO  utils.CertificateCodec (CertificateCodec.java:writeCertificate(300)) - Certificate -----BEGIN CERTIFICATE-----
MIIB4DCCAUmgAwIBAgIDFHsbMA0GCSqGSIb3DQEBCwUAMDUxEjAQBgNVBAMMCWxv
Y2FsaG9zdDENMAsGA1UECwwEdGVzdDEQMA4GA1UECgwHY2x1c3RlcjAeFw0yMzA3
MTMwMjA2NDRaFw0yMzA3MTMwMjA3MDRaMDUxEjAQBgNVBAMMCWxvY2FsaG9zdDEN
MAsGA1UECwwEdGVzdDEQMA4GA1UECgwHY2x1c3RlcjCBnzANBgkqhkiG9w0BAQEF
AAOBjQAwgYkCgYEAmgKiKf6fiEbllB/moVUyrGzg+rJDiOB4pzghrjM8ihIgCVUI
PSwj2V09fyDtBdG1Ve/W1V303iLBu0KKDnltomMMLjqSoX5Rfiochbu0qSUfxgzY
sS2hKAE9qAsuom3qtFdYR12JMYoQOQ738gu645ROl/youaBiqDhoss9XglkCAwEA
ATANBgkqhkiG9w0BAQsFAAOBgQAsX/QQsGTaX43ucc/ZFk1w0tfWpfzAOK4RVTuo
W6+OXo5J93WJrMELiILfzRvwKWIml6jwX99nrTHEEmFpmOYFj/lrcbgOMmj1A89w
Hj7X9vmNiePl1psOfppzka0UFf9o6jZPpFqgJAKNCOqh+pTCnm7+ILwbkShKEjpq
RHh6RA==
-----END CERTIFICATE-----

2023-07-13 02:06:44,300 [om-CertificateRenewerService] INFO  utils.CertificateCodec (CertificateCodec.java:writeCertificate(299)) - Save certificate to /tmp/junit2969084355833316565/junit345878669628715730/om-meta/om/certs-next/CA-1342235.crt
2023-07-13 02:06:44,300 [om-CertificateRenewerService] INFO  utils.CertificateCodec (CertificateCodec.java:writeCertificate(300)) - Certificate -----BEGIN CERTIFICATE-----
MIIB4DCCAUmgAwIBAgIDFHsbMA0GCSqGSIb3DQEBCwUAMDUxEjAQBgNVBAMMCWxv
Y2FsaG9zdDENMAsGA1UECwwEdGVzdDEQMA4GA1UECgwHY2x1c3RlcjAeFw0yMzA3
MTMwMjA2NDRaFw0yMzA3MTMwMjA3MDRaMDUxEjAQBgNVBAMMCWxvY2FsaG9zdDEN
MAsGA1UECwwEdGVzdDEQMA4GA1UECgwHY2x1c3RlcjCBnzANBgkqhkiG9w0BAQEF
AAOBjQAwgYkCgYEAmgKiKf6fiEbllB/moVUyrGzg+rJDiOB4pzghrjM8ihIgCVUI
PSwj2V09fyDtBdG1Ve/W1V303iLBu0KKDnltomMMLjqSoX5Rfiochbu0qSUfxgzY
sS2hKAE9qAsuom3qtFdYR12JMYoQOQ738gu645ROl/youaBiqDhoss9XglkCAwEA
ATANBgkqhkiG9w0BAQsFAAOBgQAsX/QQsGTaX43ucc/ZFk1w0tfWpfzAOK4RVTuo
W6+OXo5J93WJrMELiILfzRvwKWIml6jwX99nrTHEEmFpmOYFj/lrcbgOMmj1A89w
Hj7X9vmNiePl1psOfppzka0UFf9o6jZPpFqgJAKNCOqh+pTCnm7+ILwbkShKEjpq
RHh6RA==
-----END CERTIFICATE-----

2023-07-13 02:06:44,301 [om-CertificateRenewerService] INFO  security.OMCertificateClient (DefaultCertificateClient.java:updateCertSerialId(1248)) - Certificate serial ID set to 1342235
2023-07-13 02:06:44,302 [om-CertificateRenewerService] INFO  security.OMCertificateClient (DefaultCertificateClient.java:readCertificateFile(224)) - Added certificate   [0]         Version: 3
         SerialNumber: 1322141
             IssuerDN: CN=localhost,OU=test,O=cluster
           Start Date: Thu Jul 13 02:06:24 UTC 2023
           Final Date: Thu Jul 13 02:06:44 UTC 2023
            SubjectDN: CN=localhost,OU=test,O=cluster
           Public Key: RSA Public Key [12:70:72:1d:ad:19:ac:09:b4:fd:8c:fe:24:ad:cd:14:af:95:2d:19],[56:66:d1:a4]
        modulus: e3abc5c11b54405b6a2cdd7a0b253734bf573d30e1add4e94a0cdf3d96be67fb86635275e34039342fe2efb73a4488ead98fbdbbb911ced775b598e39719fc08839d4bee6674cac328768090c9954c30ee8a32bd7cc09df65b5150d5de2814f7b129d5e774df948244d8efd377a68bc2bc6bbbd4b054bff309e529d971c6e148f29a64638b13d0f425632098474fce341b88a728c5d8ca866351d446f97a1563bcb3c7a2e38d05185bd32df76a00a44f83d922c5ef9ac406ee3dd4ba69e92ea4e62f528f970861ce53c232bfc2a43ed47fbba86855dfc3694e444e523d0e412c860ac1b627eca4a41d4d69f801100ad27c7911b47a6f4603a784331dfef63b1b
public exponent: 10001

  Signature Algorithm: SHA256WITHRSA
            Signature: 3359049022cd69cef46fa1aae24c041eea87b6b5
                       2a04ada3ac682ae201997f92da2d2aea5258eac0
                       86a1590a4a8f145d5b7388e81555db6d8b7e000d
                       a53b7ed8625952aae3ad1677da00b02b929645f2
                       b95ce323a6934c93330c751aa9b89227b0592a08
                       12be7e4dce2bdfc19d2c306ed77142b3fb8d8b8e
                       2dea7487d73ee3f10387396f8c2c0737e0afe3c6
                       aabadc26ccf6217e7d57fe00a252cf504407c2db
                       a9be67ea409365ea2541783cc1cc04dbe72a079b
                       58d378c2fc5ca824d3c28cca774a613dbd35be69
                       277ea2b73e326399d76bc507b4e8a1c34c3b0a23
                       3697a942e8e8fcc87ec3dfe6b951fcf5815e5a0f
                       1b57af59aaa95c1e08471453a006ab5e
 from file: /tmp/junit2969084355833316565/junit345878669628715730/om-meta/om/certs/certificate.crt.
2023-07-13 02:06:44,302 [om-CertificateRenewerService] INFO  security.OMCertificateClient (DefaultCertificateClient.java:renewAndStoreKeyAndCertificate(1164)) - Successful renew key and certificate. New certificate 1342235.
2023-07-13 02:06:44,302 [om-CertificateRenewerService] INFO  security.OMCertificateClient (DefaultCertificateClient.java:updateCertSerialId(1248)) - Certificate serial ID set to 1342235
2023-07-13 02:06:44,303 [om-CertificateRenewerService] INFO  security.OMCertificateClient (DefaultCertificateClient.java:readCertificateFile(224)) - Added certificate   [0]         Version: 3
         SerialNumber: 1342235
             IssuerDN: CN=localhost,OU=test,O=cluster
           Start Date: Thu Jul 13 02:06:44 UTC 2023
           Final Date: Thu Jul 13 02:07:04 UTC 2023
            SubjectDN: CN=localhost,OU=test,O=cluster
           Public Key: RSA Public Key [a3:8f:c5:8d:79:9d:4e:2f:8e:2e:2b:2c:b0:59:4d:a0:b1:41:03:8f],[56:66:d1:a4]
        modulus: 9a02a229fe9f8846e5941fe6a15532ac6ce0fab24388e078a73821ae333c8a12200955083d2c23d95d3d7f20ed05d1b555efd6d55df4de22c1bb428a0e796da2630c2e3a92a17e517e2a1c85bbb4a9251fc60cd8b12da128013da80b2ea26deab45758475d89318a10390ef7f20bbae3944e97fca8b9a062a83868b2cf578259
public exponent: 10001

  Signature Algorithm: SHA256WITHRSA
            Signature: 2c5ff410b064da5f8dee71cfd9164d70d2d7d6a5
                       fcc038ae11553ba85baf8e5e8e49f77589acc10b
                       8882dfcd1bf029622697a8f05fdf67ad31c41261
                       6998e6058ff96b71b80e3268f503cf701e3ed7f6
                       f98d89e3e5d69b0e7e9a7391ad1415ff68ea364f
                       a45aa024028d08eaa1fa94c29e6efe20bc1b9128
                       4a123a6a44787a44
 from file: /tmp/junit2969084355833316565/junit345878669628715730/om-meta/om/certs/CA-1342235.crt.
2023-07-13 02:06:44,304 [om-CertificateRenewerService] INFO  security.OMCertificateClient (DefaultCertificateClient.java:readCertificateFile(224)) - Added certificate   [0]         Version: 3
         SerialNumber: 1342235
             IssuerDN: CN=localhost,OU=test,O=cluster
           Start Date: Thu Jul 13 02:06:44 UTC 2023
           Final Date: Thu Jul 13 02:07:04 UTC 2023
            SubjectDN: CN=localhost,OU=test,O=cluster
           Public Key: RSA Public Key [a3:8f:c5:8d:79:9d:4e:2f:8e:2e:2b:2c:b0:59:4d:a0:b1:41:03:8f],[56:66:d1:a4]
        modulus: 9a02a229fe9f8846e5941fe6a15532ac6ce0fab24388e078a73821ae333c8a12200955083d2c23d95d3d7f20ed05d1b555efd6d55df4de22c1bb428a0e796da2630c2e3a92a17e517e2a1c85bbb4a9251fc60cd8b12da128013da80b2ea26deab45758475d89318a10390ef7f20bbae3944e97fca8b9a062a83868b2cf578259
public exponent: 10001

  Signature Algorithm: SHA256WITHRSA
            Signature: 2c5ff410b064da5f8dee71cfd9164d70d2d7d6a5
                       fcc038ae11553ba85baf8e5e8e49f77589acc10b
                       8882dfcd1bf029622697a8f05fdf67ad31c41261
                       6998e6058ff96b71b80e3268f503cf701e3ed7f6
                       f98d89e3e5d69b0e7e9a7391ad1415ff68ea364f
                       a45aa024028d08eaa1fa94c29e6efe20bc1b9128
                       4a123a6a44787a44
 from file: /tmp/junit2969084355833316565/junit345878669628715730/om-meta/om/certs/1342235.crt.
2023-07-13 02:06:44,304 [om-CertificateRenewerService] INFO  security.OMCertificateClient (DefaultCertificateClient.java:reloadKeyAndCertificate(1234)) - Reset and reloaded key and all certificates for new certificate 1342235.
2023-07-13 02:06:45,212 [Time-limited test] INFO  impl.DefaultInternalKdcServerImpl (DefaultInternalKdcServerImpl.java:doStop(102)) - Default Internal kdc server stopped.
2023-07-13 02:06:46,213 [Time-limited test] INFO  minikdc.MiniKdc (MiniKdc.java:stop(359)) - MiniKdc stopped.
]]></system-out>
  </testcase>
  <testcase name="testSecureOMInitializationFailure" classname="org.apache.hadoop.ozone.TestSecureOzoneCluster" time="4.661">
    <system-out><![CDATA[2023-07-13 02:06:46,236 [Time-limited test] INFO  net.ServerSocketUtil (ServerSocketUtil.java:getPort(55)) - Using port 9860
2023-07-13 02:06:46,236 [Time-limited test] INFO  net.ServerSocketUtil (ServerSocketUtil.java:getPort(55)) - Using port 9861
2023-07-13 02:06:46,236 [Time-limited test] INFO  net.ServerSocketUtil (ServerSocketUtil.java:getPort(55)) - Using port 9863
2023-07-13 02:06:46,236 [Time-limited test] INFO  net.ServerSocketUtil (ServerSocketUtil.java:getPort(55)) - Using port 9961
2023-07-13 02:06:46,236 [Time-limited test] INFO  net.ServerSocketUtil (ServerSocketUtil.java:getPort(55)) - Using port 1200
2023-07-13 02:06:46,236 [Time-limited test] INFO  net.ServerSocketUtil (ServerSocketUtil.java:getPort(55)) - Using port 1201
2023-07-13 02:06:46,237 [Time-limited test] INFO  minikdc.MiniKdc (MiniKdc.java:<init>(225)) - Configuration:
2023-07-13 02:06:46,237 [Time-limited test] INFO  minikdc.MiniKdc (MiniKdc.java:<init>(226)) - ---------------------------------------------------------------
2023-07-13 02:06:46,237 [Time-limited test] INFO  minikdc.MiniKdc (MiniKdc.java:<init>(228)) -   debug: false
2023-07-13 02:06:46,237 [Time-limited test] INFO  minikdc.MiniKdc (MiniKdc.java:<init>(228)) -   transport: TCP
2023-07-13 02:06:46,237 [Time-limited test] INFO  minikdc.MiniKdc (MiniKdc.java:<init>(228)) -   max.ticket.lifetime: 86400000
2023-07-13 02:06:46,237 [Time-limited test] INFO  minikdc.MiniKdc (MiniKdc.java:<init>(228)) -   org.name: EXAMPLE
2023-07-13 02:06:46,237 [Time-limited test] INFO  minikdc.MiniKdc (MiniKdc.java:<init>(228)) -   kdc.port: 0
2023-07-13 02:06:46,237 [Time-limited test] INFO  minikdc.MiniKdc (MiniKdc.java:<init>(228)) -   org.domain: COM
2023-07-13 02:06:46,237 [Time-limited test] INFO  minikdc.MiniKdc (MiniKdc.java:<init>(228)) -   max.renewable.lifetime: 604800000
2023-07-13 02:06:46,237 [Time-limited test] INFO  minikdc.MiniKdc (MiniKdc.java:<init>(228)) -   instance: DefaultKrbServer
2023-07-13 02:06:46,237 [Time-limited test] INFO  minikdc.MiniKdc (MiniKdc.java:<init>(228)) -   kdc.bind.address: localhost
2023-07-13 02:06:46,237 [Time-limited test] INFO  minikdc.MiniKdc (MiniKdc.java:<init>(230)) - ---------------------------------------------------------------
2023-07-13 02:06:46,241 [Time-limited test] INFO  minikdc.MiniKdc (MiniKdc.java:start(285)) - MiniKdc started.
2023-07-13 02:06:46,484 [Time-limited test] INFO  om.OzoneManager (OzoneManager.java:getOmDetailsProto(4566)) - OzoneManager ports added:[name: "RPC"
value: 1202
]
2023-07-13 02:06:46,484 [Time-limited test] WARN  server.ServerUtils (ServerUtils.java:getScmDbDir(155)) - ozone.scm.db.dirs is not configured. We recommend adding this setting. Falling back to ozone.metadata.dirs instead.
2023-07-13 02:06:46,484 [Time-limited test] INFO  ha.HASecurityUtils (HASecurityUtils.java:initializeSecurity(98)) - Initializing secure StorageContainerManager.
2023-07-13 02:06:46,486 [Time-limited test] INFO  client.SCMCertificateClient (DefaultCertificateClient.java:updateCertSerialId(1248)) - Certificate serial ID set to null
2023-07-13 02:06:46,486 [Time-limited test] ERROR client.SCMCertificateClient (DefaultCertificateClient.java:getCertPath(349)) - Default certificate serial id is not set. Can't locate the default certificate for this client.
2023-07-13 02:06:46,486 [Time-limited test] INFO  client.SCMCertificateClient (DefaultCertificateClient.java:init(723)) - Certificate client init case: 0
2023-07-13 02:06:46,486 [Time-limited test] INFO  client.SCMCertificateClient (SCMCertificateClient.java:handleCase(96)) - Creating keypair for client as keypair and certificate not found.
2023-07-13 02:06:47,247 [Time-limited test] INFO  ha.HASecurityUtils (HASecurityUtils.java:initializeSecurity(108)) - Init response: GETCERT
2023-07-13 02:06:47,639 [Time-limited test] INFO  ozone.OzoneSecurityUtil (OzoneSecurityUtil.java:getValidInetsForCurrentHost(119)) - ip:fe80:0:0:0:20d:3aff:fe98:b55f%eth0 not returned.
2023-07-13 02:06:47,639 [Time-limited test] INFO  ozone.OzoneSecurityUtil (OzoneSecurityUtil.java:getValidInetsForCurrentHost(116)) - Adding ip:10.1.0.115,host:fv-az201-768.ett4tu3jvdse5ovc2mkgjqcs5a.bx.internal.cloudapp.net
2023-07-13 02:06:47,639 [Time-limited test] INFO  ozone.OzoneSecurityUtil (OzoneSecurityUtil.java:getValidInetsForCurrentHost(119)) - ip:0:0:0:0:0:0:0:1%lo not returned.
2023-07-13 02:06:47,639 [Time-limited test] INFO  ozone.OzoneSecurityUtil (OzoneSecurityUtil.java:getValidInetsForCurrentHost(119)) - ip:127.0.0.1 not returned.
2023-07-13 02:06:47,642 [Time-limited test] INFO  utils.SelfSignedCertificate (SelfSignedCertificate.java:generateCertificate(157)) - Certificate 1 is issued by CN=scm-1@fv-az201-768,OU=49b8bf8a-512d-493d-ba05-ac739d6c3478,O=f03a660c-687b-4225-931b-dbcd99d8b599 to CN=scm-1@fv-az201-768,OU=49b8bf8a-512d-493d-ba05-ac739d6c3478,O=f03a660c-687b-4225-931b-dbcd99d8b599, valid from Thu Jul 13 02:06:47 UTC 2023 to Sun Aug 20 02:06:47 UTC 2028
2023-07-13 02:06:47,644 [Time-limited test] INFO  utils.CertificateCodec (CertificateCodec.java:writeCertificate(299)) - Save certificate to /tmp/junit5095990775125837841/junit8493947851336092500/scm-meta/scm/ca/certs/certificate.crt
2023-07-13 02:06:47,644 [Time-limited test] INFO  utils.CertificateCodec (CertificateCodec.java:writeCertificate(300)) - Certificate -----BEGIN CERTIFICATE-----
MIID5zCCAs+gAwIBAgIBATANBgkqhkiG9w0BAQsFADB7MRswGQYDVQQDDBJzY20t
MUBmdi1hejIwMS03NjgxLTArBgNVBAsMJDQ5YjhiZjhhLTUxMmQtNDkzZC1iYTA1
LWFjNzM5ZDZjMzQ3ODEtMCsGA1UECgwkZjAzYTY2MGMtNjg3Yi00MjI1LTkzMWIt
ZGJjZDk5ZDhiNTk5MB4XDTIzMDcxMzAyMDY0N1oXDTI4MDgyMDAyMDY0N1owezEb
MBkGA1UEAwwSc2NtLTFAZnYtYXoyMDEtNzY4MS0wKwYDVQQLDCQ0OWI4YmY4YS01
MTJkLTQ5M2QtYmEwNS1hYzczOWQ2YzM0NzgxLTArBgNVBAoMJGYwM2E2NjBjLTY4
N2ItNDIyNS05MzFiLWRiY2Q5OWQ4YjU5OTCCASIwDQYJKoZIhvcNAQEBBQADggEP
ADCCAQoCggEBANpkT+g3hpy8RFQgfY6AyjfzpMBRTEcCiir5f8im1PQzWJCZrZ1t
mhn9LDSxwCLT1jmxIRWN+shM0dMqONp7jQOPldpHdZy8oF/BWiV/XLuFuw+GWN81
w6+kCksYkNalkeBq2AqSErzZf7Zi7TUr2s1E2LFX52dnbWqGnkDinOy2liPfM75V
69SZEbzzkMBloVxI4lWu9mo7rEwTr+JHHMe8+/+hX9GIuv7dPR3DkAGqoxx3SSZR
eSyM1MnsGjHgPAaMC9JXSD4Jo7wj5JnfwE1U1xojfka9wBNI8m3LnKZQAzyNTJTZ
wkEmW7amQPC/YNccucpLk3MYpxTP/64kWqUCAwEAAaN2MHQwDwYDVR0TAQH/BAUw
AwEB/zAOBgNVHQ8BAf8EBAMCAQYwUQYDVR0RBEowSIcECgEAc4JAZnYtYXoyMDEt
NzY4LmV0dDR0dTNqdmRzZTVvdmMybWtnanFjczVhLmJ4LmludGVybmFsLmNsb3Vk
YXBwLm5ldDANBgkqhkiG9w0BAQsFAAOCAQEAGv2Z69x9aRy6u3G/cA6swGXchudU
ses5EM7wxHIEu4/ZjTratZtXUxO1Q9xc9wMt/Mvsj5aPuU1E1Iu5LS4cTykXkXHL
ya3jXLCF4Vl7de9LSMvDzB5NSI8xRv0bOh+En9oJwIiKFwvz5rKTryzDb50lbewJ
o2nMI7XBTC7f+Eh0CWPN4JHkBYVARSsj4KhL3qroUSdRfI/F5uykDeDzUejKDtoR
m4rFn88YvqSkS8sEbc0Ae12lq6ko9+FXdlFiBKYUu2EV3AnyIDSmhC8CvHkSKvzt
u0QqPVmcn4dAYOtF/VppolJ3rVMlnePOxoeP7NJjAUkyfCDC32F4Rvw2oQ==
-----END CERTIFICATE-----

2023-07-13 02:06:47,644 [Time-limited test] INFO  client.SCMCertificateClient (SCMCertificateClient.java:getCSRBuilder(161)) - Creating csr for SCM->hostName:fv-az201-768,scmId:49b8bf8a-512d-493d-ba05-ac739d6c3478,clusterId:f03a660c-687b-4225-931b-dbcd99d8b599,subject:scm-sub-1345687530142@fv-az201-768
2023-07-13 02:06:47,645 [Time-limited test] INFO  ozone.OzoneSecurityUtil (OzoneSecurityUtil.java:getValidInetsForCurrentHost(119)) - ip:fe80:0:0:0:20d:3aff:fe98:b55f%eth0 not returned.
2023-07-13 02:06:47,645 [Time-limited test] INFO  ozone.OzoneSecurityUtil (OzoneSecurityUtil.java:getValidInetsForCurrentHost(116)) - Adding ip:10.1.0.115,host:fv-az201-768.ett4tu3jvdse5ovc2mkgjqcs5a.bx.internal.cloudapp.net
2023-07-13 02:06:47,645 [Time-limited test] INFO  ozone.OzoneSecurityUtil (OzoneSecurityUtil.java:getValidInetsForCurrentHost(119)) - ip:0:0:0:0:0:0:0:1%lo not returned.
2023-07-13 02:06:47,645 [Time-limited test] INFO  ozone.OzoneSecurityUtil (OzoneSecurityUtil.java:getValidInetsForCurrentHost(119)) - ip:127.0.0.1 not returned.
2023-07-13 02:06:47,645 [Time-limited test] INFO  ha.HASecurityUtils (HASecurityUtils.java:generateCSR(308)) - Creating csr for SCM->hostName:fv-az201-768,scmId:49b8bf8a-512d-493d-ba05-ac739d6c3478,clusterId:f03a660c-687b-4225-931b-dbcd99d8b599,subject:scm-sub-1345688284549@fv-az201-768
2023-07-13 02:06:47,654 [Time-limited test] INFO  utils.CertificateCodec (CertificateCodec.java:writeCertificate(299)) - Save certificate to /tmp/junit5095990775125837841/junit8493947851336092500/scm-meta/scm/sub-ca/certs/CA-1.crt
2023-07-13 02:06:47,654 [Time-limited test] INFO  utils.CertificateCodec (CertificateCodec.java:writeCertificate(300)) - Certificate -----BEGIN CERTIFICATE-----
MIID5zCCAs+gAwIBAgIBATANBgkqhkiG9w0BAQsFADB7MRswGQYDVQQDDBJzY20t
MUBmdi1hejIwMS03NjgxLTArBgNVBAsMJDQ5YjhiZjhhLTUxMmQtNDkzZC1iYTA1
LWFjNzM5ZDZjMzQ3ODEtMCsGA1UECgwkZjAzYTY2MGMtNjg3Yi00MjI1LTkzMWIt
ZGJjZDk5ZDhiNTk5MB4XDTIzMDcxMzAyMDY0N1oXDTI4MDgyMDAyMDY0N1owezEb
MBkGA1UEAwwSc2NtLTFAZnYtYXoyMDEtNzY4MS0wKwYDVQQLDCQ0OWI4YmY4YS01
MTJkLTQ5M2QtYmEwNS1hYzczOWQ2YzM0NzgxLTArBgNVBAoMJGYwM2E2NjBjLTY4
N2ItNDIyNS05MzFiLWRiY2Q5OWQ4YjU5OTCCASIwDQYJKoZIhvcNAQEBBQADggEP
ADCCAQoCggEBANpkT+g3hpy8RFQgfY6AyjfzpMBRTEcCiir5f8im1PQzWJCZrZ1t
mhn9LDSxwCLT1jmxIRWN+shM0dMqONp7jQOPldpHdZy8oF/BWiV/XLuFuw+GWN81
w6+kCksYkNalkeBq2AqSErzZf7Zi7TUr2s1E2LFX52dnbWqGnkDinOy2liPfM75V
69SZEbzzkMBloVxI4lWu9mo7rEwTr+JHHMe8+/+hX9GIuv7dPR3DkAGqoxx3SSZR
eSyM1MnsGjHgPAaMC9JXSD4Jo7wj5JnfwE1U1xojfka9wBNI8m3LnKZQAzyNTJTZ
wkEmW7amQPC/YNccucpLk3MYpxTP/64kWqUCAwEAAaN2MHQwDwYDVR0TAQH/BAUw
AwEB/zAOBgNVHQ8BAf8EBAMCAQYwUQYDVR0RBEowSIcECgEAc4JAZnYtYXoyMDEt
NzY4LmV0dDR0dTNqdmRzZTVvdmMybWtnanFjczVhLmJ4LmludGVybmFsLmNsb3Vk
YXBwLm5ldDANBgkqhkiG9w0BAQsFAAOCAQEAGv2Z69x9aRy6u3G/cA6swGXchudU
ses5EM7wxHIEu4/ZjTratZtXUxO1Q9xc9wMt/Mvsj5aPuU1E1Iu5LS4cTykXkXHL
ya3jXLCF4Vl7de9LSMvDzB5NSI8xRv0bOh+En9oJwIiKFwvz5rKTryzDb50lbewJ
o2nMI7XBTC7f+Eh0CWPN4JHkBYVARSsj4KhL3qroUSdRfI/F5uykDeDzUejKDtoR
m4rFn88YvqSkS8sEbc0Ae12lq6ko9+FXdlFiBKYUu2EV3AnyIDSmhC8CvHkSKvzt
u0QqPVmcn4dAYOtF/VppolJ3rVMlnePOxoeP7NJjAUkyfCDC32F4Rvw2oQ==
-----END CERTIFICATE-----

2023-07-13 02:06:47,655 [Time-limited test] INFO  utils.CertificateCodec (CertificateCodec.java:writeCertificate(299)) - Save certificate to /tmp/junit5095990775125837841/junit8493947851336092500/scm-meta/scm/sub-ca/certs/1345693022390.crt
2023-07-13 02:06:47,655 [Time-limited test] INFO  utils.CertificateCodec (CertificateCodec.java:writeCertificate(300)) - Certificate -----BEGIN CERTIFICATE-----
MIID/TCCAuWgAwIBAgIGATlRjfi2MA0GCSqGSIb3DQEBCwUAMHsxGzAZBgNVBAMM
EnNjbS0xQGZ2LWF6MjAxLTc2ODEtMCsGA1UECwwkNDliOGJmOGEtNTEyZC00OTNk
LWJhMDUtYWM3MzlkNmMzNDc4MS0wKwYDVQQKDCRmMDNhNjYwYy02ODdiLTQyMjUt
OTMxYi1kYmNkOTlkOGI1OTkwHhcNMjMwNzEzMDIwNjQ3WhcNMjgwODIwMDIwNjQ3
WjCBizErMCkGA1UEAwwic2NtLXN1Yi0xMzQ1Njg4Mjg0NTQ5QGZ2LWF6MjAxLTc2
ODEtMCsGA1UECwwkNDliOGJmOGEtNTEyZC00OTNkLWJhMDUtYWM3MzlkNmMzNDc4
MS0wKwYDVQQKDCRmMDNhNjYwYy02ODdiLTQyMjUtOTMxYi1kYmNkOTlkOGI1OTkw
ggEiMA0GCSqGSIb3DQEBAQUAA4IBDwAwggEKAoIBAQDSP/BihHCzYUz8oqT2geoe
sqrxtWZczrMHSn6SRRchxr5tL59yoKoby/IsBVSIQd142jj+5SzLuN5pQDfADnQe
Bp6uEvQuX3mntYCcsxNWUkqR1x7s39JNJ35DPAn0OT34+UbbMbFkAKX0G6c4ZVGH
XmARB9nMUiFxTEBxeldr82VWVd2HMTWpHQXPL6KEmfqsl6UW9n3EMMPEOz2+0gc9
afLTb9Dr6dwr+UDNe6HVpl/z/Qdau4T2ZikXQX4nzzg+1WJvpg6cwQ271SwDEiqX
tQd4kfjGjWE8N64ex/uSvtRmYmzLs/08exhQ7LX/AyGlFVJQacPVzUgxF8Ez+pWJ
AgMBAAGjdjB0MFEGA1UdEQRKMEiHBAoBAHOCQGZ2LWF6MjAxLTc2OC5ldHQ0dHUz
anZkc2U1b3ZjMm1rZ2pxY3M1YS5ieC5pbnRlcm5hbC5jbG91ZGFwcC5uZXQwDwYD
VR0TAQH/BAUwAwEB/zAOBgNVHQ8BAf8EBAMCAb4wDQYJKoZIhvcNAQELBQADggEB
ABQrUlQXd6N1UicucI+veHSQsojyQgEIm7V5vJkWBdnKLeGtQDXsFmmjnfcIjh72
PltBxLblSxw1ZjEhOwuPRQhLx75V/loOSaRf7qstjo3Mn6xt7FC8hI1geW7XYr8y
PSJA4UxKIYF4I/UBJbhAeq9XzoiXt5dupvHaTXKKb7l6x3OdKunEeeY5BJ14HhCw
jluL8qqGFalVVnIwAZMg2V6ZYjI0rbEvlw4VbWcTehAaWxSnKbKkwfNjoARk1drQ
k/iF/CfVYiPdm62O3A6eNRE7wAY1yFAC4ZbmbY6hw2C1B3cDhuWg7/HT9KQyv+J1
EIFx6bPVhEl754OdFbLJQUE=
-----END CERTIFICATE-----

-----BEGIN CERTIFICATE-----
MIID5zCCAs+gAwIBAgIBATANBgkqhkiG9w0BAQsFADB7MRswGQYDVQQDDBJzY20t
MUBmdi1hejIwMS03NjgxLTArBgNVBAsMJDQ5YjhiZjhhLTUxMmQtNDkzZC1iYTA1
LWFjNzM5ZDZjMzQ3ODEtMCsGA1UECgwkZjAzYTY2MGMtNjg3Yi00MjI1LTkzMWIt
ZGJjZDk5ZDhiNTk5MB4XDTIzMDcxMzAyMDY0N1oXDTI4MDgyMDAyMDY0N1owezEb
MBkGA1UEAwwSc2NtLTFAZnYtYXoyMDEtNzY4MS0wKwYDVQQLDCQ0OWI4YmY4YS01
MTJkLTQ5M2QtYmEwNS1hYzczOWQ2YzM0NzgxLTArBgNVBAoMJGYwM2E2NjBjLTY4
N2ItNDIyNS05MzFiLWRiY2Q5OWQ4YjU5OTCCASIwDQYJKoZIhvcNAQEBBQADggEP
ADCCAQoCggEBANpkT+g3hpy8RFQgfY6AyjfzpMBRTEcCiir5f8im1PQzWJCZrZ1t
mhn9LDSxwCLT1jmxIRWN+shM0dMqONp7jQOPldpHdZy8oF/BWiV/XLuFuw+GWN81
w6+kCksYkNalkeBq2AqSErzZf7Zi7TUr2s1E2LFX52dnbWqGnkDinOy2liPfM75V
69SZEbzzkMBloVxI4lWu9mo7rEwTr+JHHMe8+/+hX9GIuv7dPR3DkAGqoxx3SSZR
eSyM1MnsGjHgPAaMC9JXSD4Jo7wj5JnfwE1U1xojfka9wBNI8m3LnKZQAzyNTJTZ
wkEmW7amQPC/YNccucpLk3MYpxTP/64kWqUCAwEAAaN2MHQwDwYDVR0TAQH/BAUw
AwEB/zAOBgNVHQ8BAf8EBAMCAQYwUQYDVR0RBEowSIcECgEAc4JAZnYtYXoyMDEt
NzY4LmV0dDR0dTNqdmRzZTVvdmMybWtnanFjczVhLmJ4LmludGVybmFsLmNsb3Vk
YXBwLm5ldDANBgkqhkiG9w0BAQsFAAOCAQEAGv2Z69x9aRy6u3G/cA6swGXchudU
ses5EM7wxHIEu4/ZjTratZtXUxO1Q9xc9wMt/Mvsj5aPuU1E1Iu5LS4cTykXkXHL
ya3jXLCF4Vl7de9LSMvDzB5NSI8xRv0bOh+En9oJwIiKFwvz5rKTryzDb50lbewJ
o2nMI7XBTC7f+Eh0CWPN4JHkBYVARSsj4KhL3qroUSdRfI/F5uykDeDzUejKDtoR
m4rFn88YvqSkS8sEbc0Ae12lq6ko9+FXdlFiBKYUu2EV3AnyIDSmhC8CvHkSKvzt
u0QqPVmcn4dAYOtF/VppolJ3rVMlnePOxoeP7NJjAUkyfCDC32F4Rvw2oQ==
-----END CERTIFICATE-----

2023-07-13 02:06:47,655 [Time-limited test] INFO  utils.CertificateCodec (CertificateCodec.java:writeCertificate(299)) - Save certificate to /tmp/junit5095990775125837841/junit8493947851336092500/scm-meta/scm/sub-ca/certs/certificate.crt
2023-07-13 02:06:47,655 [Time-limited test] INFO  utils.CertificateCodec (CertificateCodec.java:writeCertificate(300)) - Certificate -----BEGIN CERTIFICATE-----
MIID/TCCAuWgAwIBAgIGATlRjfi2MA0GCSqGSIb3DQEBCwUAMHsxGzAZBgNVBAMM
EnNjbS0xQGZ2LWF6MjAxLTc2ODEtMCsGA1UECwwkNDliOGJmOGEtNTEyZC00OTNk
LWJhMDUtYWM3MzlkNmMzNDc4MS0wKwYDVQQKDCRmMDNhNjYwYy02ODdiLTQyMjUt
OTMxYi1kYmNkOTlkOGI1OTkwHhcNMjMwNzEzMDIwNjQ3WhcNMjgwODIwMDIwNjQ3
WjCBizErMCkGA1UEAwwic2NtLXN1Yi0xMzQ1Njg4Mjg0NTQ5QGZ2LWF6MjAxLTc2
ODEtMCsGA1UECwwkNDliOGJmOGEtNTEyZC00OTNkLWJhMDUtYWM3MzlkNmMzNDc4
MS0wKwYDVQQKDCRmMDNhNjYwYy02ODdiLTQyMjUtOTMxYi1kYmNkOTlkOGI1OTkw
ggEiMA0GCSqGSIb3DQEBAQUAA4IBDwAwggEKAoIBAQDSP/BihHCzYUz8oqT2geoe
sqrxtWZczrMHSn6SRRchxr5tL59yoKoby/IsBVSIQd142jj+5SzLuN5pQDfADnQe
Bp6uEvQuX3mntYCcsxNWUkqR1x7s39JNJ35DPAn0OT34+UbbMbFkAKX0G6c4ZVGH
XmARB9nMUiFxTEBxeldr82VWVd2HMTWpHQXPL6KEmfqsl6UW9n3EMMPEOz2+0gc9
afLTb9Dr6dwr+UDNe6HVpl/z/Qdau4T2ZikXQX4nzzg+1WJvpg6cwQ271SwDEiqX
tQd4kfjGjWE8N64ex/uSvtRmYmzLs/08exhQ7LX/AyGlFVJQacPVzUgxF8Ez+pWJ
AgMBAAGjdjB0MFEGA1UdEQRKMEiHBAoBAHOCQGZ2LWF6MjAxLTc2OC5ldHQ0dHUz
anZkc2U1b3ZjMm1rZ2pxY3M1YS5ieC5pbnRlcm5hbC5jbG91ZGFwcC5uZXQwDwYD
VR0TAQH/BAUwAwEB/zAOBgNVHQ8BAf8EBAMCAb4wDQYJKoZIhvcNAQELBQADggEB
ABQrUlQXd6N1UicucI+veHSQsojyQgEIm7V5vJkWBdnKLeGtQDXsFmmjnfcIjh72
PltBxLblSxw1ZjEhOwuPRQhLx75V/loOSaRf7qstjo3Mn6xt7FC8hI1geW7XYr8y
PSJA4UxKIYF4I/UBJbhAeq9XzoiXt5dupvHaTXKKb7l6x3OdKunEeeY5BJ14HhCw
jluL8qqGFalVVnIwAZMg2V6ZYjI0rbEvlw4VbWcTehAaWxSnKbKkwfNjoARk1drQ
k/iF/CfVYiPdm62O3A6eNRE7wAY1yFAC4ZbmbY6hw2C1B3cDhuWg7/HT9KQyv+J1
EIFx6bPVhEl754OdFbLJQUE=
-----END CERTIFICATE-----

-----BEGIN CERTIFICATE-----
MIID5zCCAs+gAwIBAgIBATANBgkqhkiG9w0BAQsFADB7MRswGQYDVQQDDBJzY20t
MUBmdi1hejIwMS03NjgxLTArBgNVBAsMJDQ5YjhiZjhhLTUxMmQtNDkzZC1iYTA1
LWFjNzM5ZDZjMzQ3ODEtMCsGA1UECgwkZjAzYTY2MGMtNjg3Yi00MjI1LTkzMWIt
ZGJjZDk5ZDhiNTk5MB4XDTIzMDcxMzAyMDY0N1oXDTI4MDgyMDAyMDY0N1owezEb
MBkGA1UEAwwSc2NtLTFAZnYtYXoyMDEtNzY4MS0wKwYDVQQLDCQ0OWI4YmY4YS01
MTJkLTQ5M2QtYmEwNS1hYzczOWQ2YzM0NzgxLTArBgNVBAoMJGYwM2E2NjBjLTY4
N2ItNDIyNS05MzFiLWRiY2Q5OWQ4YjU5OTCCASIwDQYJKoZIhvcNAQEBBQADggEP
ADCCAQoCggEBANpkT+g3hpy8RFQgfY6AyjfzpMBRTEcCiir5f8im1PQzWJCZrZ1t
mhn9LDSxwCLT1jmxIRWN+shM0dMqONp7jQOPldpHdZy8oF/BWiV/XLuFuw+GWN81
w6+kCksYkNalkeBq2AqSErzZf7Zi7TUr2s1E2LFX52dnbWqGnkDinOy2liPfM75V
69SZEbzzkMBloVxI4lWu9mo7rEwTr+JHHMe8+/+hX9GIuv7dPR3DkAGqoxx3SSZR
eSyM1MnsGjHgPAaMC9JXSD4Jo7wj5JnfwE1U1xojfka9wBNI8m3LnKZQAzyNTJTZ
wkEmW7amQPC/YNccucpLk3MYpxTP/64kWqUCAwEAAaN2MHQwDwYDVR0TAQH/BAUw
AwEB/zAOBgNVHQ8BAf8EBAMCAQYwUQYDVR0RBEowSIcECgEAc4JAZnYtYXoyMDEt
NzY4LmV0dDR0dTNqdmRzZTVvdmMybWtnanFjczVhLmJ4LmludGVybmFsLmNsb3Vk
YXBwLm5ldDANBgkqhkiG9w0BAQsFAAOCAQEAGv2Z69x9aRy6u3G/cA6swGXchudU
ses5EM7wxHIEu4/ZjTratZtXUxO1Q9xc9wMt/Mvsj5aPuU1E1Iu5LS4cTykXkXHL
ya3jXLCF4Vl7de9LSMvDzB5NSI8xRv0bOh+En9oJwIiKFwvz5rKTryzDb50lbewJ
o2nMI7XBTC7f+Eh0CWPN4JHkBYVARSsj4KhL3qroUSdRfI/F5uykDeDzUejKDtoR
m4rFn88YvqSkS8sEbc0Ae12lq6ko9+FXdlFiBKYUu2EV3AnyIDSmhC8CvHkSKvzt
u0QqPVmcn4dAYOtF/VppolJ3rVMlnePOxoeP7NJjAUkyfCDC32F4Rvw2oQ==
-----END CERTIFICATE-----

2023-07-13 02:06:47,655 [Time-limited test] INFO  ha.HASecurityUtils (HASecurityUtils.java:initializeSecurity(121)) - Successfully stored SCM signed certificate.
2023-07-13 02:06:47,657 [Time-limited test] WARN  server.ServerUtils (ServerUtils.java:getScmDbDir(155)) - ozone.scm.db.dirs is not configured. We recommend adding this setting. Falling back to ozone.metadata.dirs instead.
2023-07-13 02:06:47,657 [Time-limited test] INFO  ha.SCMHANodeDetails (SCMHANodeDetails.java:loadSCMHAConfig(210)) - ServiceID for StorageContainerManager is null
2023-07-13 02:06:47,658 [Time-limited test] INFO  ha.SCMHANodeDetails (SCMHANodeDetails.java:loadSCMHAConfig(215)) - ozone.scm.default.service.id is not defined, falling back to ozone.scm.service.ids to find serviceID for StorageContainerManager if it is HA enabled cluster
2023-07-13 02:06:47,661 [pool-473-thread-1] INFO  request.KdcRequest (KdcRequest.java:preauth(651)) - The preauth data is empty.
2023-07-13 02:06:47,662 [pool-473-thread-1] INFO  server.KdcHandler (KdcHandler.java:handleRecoverableException(177)) - KRB error occurred while processing request:Additional pre-authentication required
2023-07-13 02:06:47,667 [pool-473-thread-2] INFO  request.AsRequest (AsRequest.java:issueTicket(112)) - AS_REQ ISSUE: authtime 1689214007667,scm/fv-az201-768.ett4tu3jvdse5ovc2mkgjqcs5a.bx.internal.cloudapp.net@EXAMPLE.COM for krbtgt/EXAMPLE.COM@EXAMPLE.COM
2023-07-13 02:06:47,671 [Time-limited test] INFO  security.UserGroupInformation (UserGroupInformation.java:loginUserFromKeytab(1132)) - Login successful for user scm/fv-az201-768.ett4tu3jvdse5ovc2mkgjqcs5a.bx.internal.cloudapp.net@EXAMPLE.COM using keytab file scm.keytab. Keytab auto renewal enabled : false
2023-07-13 02:06:47,671 [Time-limited test] INFO  server.StorageContainerManager (StorageContainerManager.java:loginAsSCMUserIfSecurityEnabled(1048)) - SCM login successful.
2023-07-13 02:06:47,672 [Time-limited test] INFO  client.SCMCertificateClient (DefaultCertificateClient.java:updateCertSerialId(1248)) - Certificate serial ID set to 1345693022390
2023-07-13 02:06:47,673 [Time-limited test] INFO  client.SCMCertificateClient (DefaultCertificateClient.java:readCertificateFile(224)) - Added certificate   [0]         Version: 3
         SerialNumber: 1345693022390
             IssuerDN: CN=scm-1@fv-az201-768,OU=49b8bf8a-512d-493d-ba05-ac739d6c3478,O=f03a660c-687b-4225-931b-dbcd99d8b599
           Start Date: Thu Jul 13 02:06:47 UTC 2023
           Final Date: Sun Aug 20 02:06:47 UTC 2028
            SubjectDN: CN=scm-sub-1345688284549@fv-az201-768,OU=49b8bf8a-512d-493d-ba05-ac739d6c3478,O=f03a660c-687b-4225-931b-dbcd99d8b599
           Public Key: RSA Public Key [bc:87:9b:9d:2d:7c:5b:da:b2:61:07:84:d8:f7:34:ec:e1:2c:60:88],[56:66:d1:a4]
        modulus: d23ff0628470b3614cfca2a4f681ea1eb2aaf1b5665cceb3074a7e92451721c6be6d2f9f72a0aa1bcbf22c05548841dd78da38fee52ccbb8de694037c00e741e069eae12f42e5f79a7b5809cb31356524a91d71eecdfd24d277e433c09f4393df8f946db31b16400a5f41ba7386551875e601107d9cc5221714c40717a576bf3655655dd873135a91d05cf2fa28499faac97a516f67dc430c3c43b3dbed2073d69f2d36fd0ebe9dc2bf940cd7ba1d5a65ff3fd075abb84f6662917417e27cf383ed5626fa60e9cc10dbbd52c03122a97b5077891f8c68d613c37ae1ec7fb92bed466626ccbb3fd3c7b1850ecb5ff0321a515525069c3d5cd483117c133fa9589
public exponent: 10001

  Signature Algorithm: SHA256WITHRSA
            Signature: 142b52541777a37552272e708faf787490b288f2
                       4201089bb579bc991605d9ca2de1ad4035ec1669
                       a39df7088e1ef63e5b41c4b6e54b1c356631213b
                       0b8f45084bc7be55fe5a0e49a45feeab2d8e8dcc
                       9fac6dec50bc848d60796ed762bf323d2240e14c
                       4a21817823f50125b8407aaf57ce8897b7976ea6
                       f1da4d728a6fb97ac7739d2ae9c479e639049d78
                       1e10b08e5b8bf2aa8615a955567230019320d95e
                       99623234adb12f970e156d67137a101a5b14a729
                       b2a4c1f363a00464d5dad093f885fc27d56223dd
                       9bad8edc0e9e35113bc00635c85002e196e66d8e
                       a1c360b507770386e5a0eff1d3f4a432bfe27510
                       8171e9b3d584497be7839d15b2c94141
       Extensions: 
                       critical(false) 2.5.29.17 value = Sequence
    Tagged [7] IMPLICIT 
        DER Octet String[4] 
    Tagged [2] IMPLICIT 
        DER Octet String[64] 

                       critical(true) BasicConstraints: isCa(true)
                       critical(true) KeyUsage: 0xbe
 from file: /tmp/junit5095990775125837841/junit8493947851336092500/scm-meta/scm/sub-ca/certs/1345693022390.crt.
2023-07-13 02:06:47,674 [Time-limited test] INFO  client.SCMCertificateClient (DefaultCertificateClient.java:readCertificateFile(224)) - Added certificate   [0]         Version: 3
         SerialNumber: 1
             IssuerDN: CN=scm-1@fv-az201-768,OU=49b8bf8a-512d-493d-ba05-ac739d6c3478,O=f03a660c-687b-4225-931b-dbcd99d8b599
           Start Date: Thu Jul 13 02:06:47 UTC 2023
           Final Date: Sun Aug 20 02:06:47 UTC 2028
            SubjectDN: CN=scm-1@fv-az201-768,OU=49b8bf8a-512d-493d-ba05-ac739d6c3478,O=f03a660c-687b-4225-931b-dbcd99d8b599
           Public Key: RSA Public Key [49:6d:ca:48:8e:56:02:ca:4b:14:71:c3:52:63:46:ee:6a:ef:87:45],[56:66:d1:a4]
        modulus: da644fe837869cbc4454207d8e80ca37f3a4c0514c47028a2af97fc8a6d4f433589099ad9d6d9a19fd2c34b1c022d3d639b121158dfac84cd1d32a38da7b8d038f95da47759cbca05fc15a257f5cbb85bb0f8658df35c3afa40a4b1890d6a591e06ad80a9212bcd97fb662ed352bdacd44d8b157e767676d6a869e40e29cecb69623df33be55ebd49911bcf390c065a15c48e255aef66a3bac4c13afe2471cc7bcfbffa15fd188bafedd3d1dc39001aaa31c77492651792c8cd4c9ec1a31e03c068c0bd257483e09a3bc23e499dfc04d54d71a237e46bdc01348f26dcb9ca650033c8d4c94d9c241265bb6a640f0bf60d71cb9ca4b937318a714cfffae245aa5
public exponent: 10001

  Signature Algorithm: SHA256WITHRSA
            Signature: 1afd99ebdc7d691cbabb71bf700eacc065dc86e7
                       54b1eb3910cef0c47204bb8fd98d3adab59b5753
                       13b543dc5cf7032dfccbec8f968fb94d44d48bb9
                       2d2e1c4f29179171cbc9ade35cb085e1597b75ef
                       4b48cbc3cc1e4d488f3146fd1b3a1f849fda09c0
                       888a170bf3e6b293af2cc36f9d256dec09a369cc
                       23b5c14c2edff848740963cde091e4058540452b
                       23e0a84bdeaae85127517c8fc5e6eca40de0f351
                       e8ca0eda119b8ac59fcf18bea4a44bcb046dcd00
                       7b5da5aba928f7e15776516204a614bb6115dc09
                       f22034a6842f02bc79122afcedbb442a3d599c9f
                       874060eb45fd5a69a25277ad53259de3cec6878f
                       ecd2630149327c20c2df617846fc36a1
       Extensions: 
                       critical(true) BasicConstraints: isCa(true)
                       critical(true) KeyUsage: 0x6
                       critical(false) 2.5.29.17 value = Sequence
    Tagged [7] IMPLICIT 
        DER Octet String[4] 
    Tagged [2] IMPLICIT 
        DER Octet String[64] 

 from file: /tmp/junit5095990775125837841/junit8493947851336092500/scm-meta/scm/sub-ca/certs/CA-1.crt.
2023-07-13 02:06:47,675 [Time-limited test] INFO  client.SCMCertificateClient (DefaultCertificateClient.java:readCertificateFile(224)) - Added certificate   [0]         Version: 3
         SerialNumber: 1345693022390
             IssuerDN: CN=scm-1@fv-az201-768,OU=49b8bf8a-512d-493d-ba05-ac739d6c3478,O=f03a660c-687b-4225-931b-dbcd99d8b599
           Start Date: Thu Jul 13 02:06:47 UTC 2023
           Final Date: Sun Aug 20 02:06:47 UTC 2028
            SubjectDN: CN=scm-sub-1345688284549@fv-az201-768,OU=49b8bf8a-512d-493d-ba05-ac739d6c3478,O=f03a660c-687b-4225-931b-dbcd99d8b599
           Public Key: RSA Public Key [bc:87:9b:9d:2d:7c:5b:da:b2:61:07:84:d8:f7:34:ec:e1:2c:60:88],[56:66:d1:a4]
        modulus: d23ff0628470b3614cfca2a4f681ea1eb2aaf1b5665cceb3074a7e92451721c6be6d2f9f72a0aa1bcbf22c05548841dd78da38fee52ccbb8de694037c00e741e069eae12f42e5f79a7b5809cb31356524a91d71eecdfd24d277e433c09f4393df8f946db31b16400a5f41ba7386551875e601107d9cc5221714c40717a576bf3655655dd873135a91d05cf2fa28499faac97a516f67dc430c3c43b3dbed2073d69f2d36fd0ebe9dc2bf940cd7ba1d5a65ff3fd075abb84f6662917417e27cf383ed5626fa60e9cc10dbbd52c03122a97b5077891f8c68d613c37ae1ec7fb92bed466626ccbb3fd3c7b1850ecb5ff0321a515525069c3d5cd483117c133fa9589
public exponent: 10001

  Signature Algorithm: SHA256WITHRSA
            Signature: 142b52541777a37552272e708faf787490b288f2
                       4201089bb579bc991605d9ca2de1ad4035ec1669
                       a39df7088e1ef63e5b41c4b6e54b1c356631213b
                       0b8f45084bc7be55fe5a0e49a45feeab2d8e8dcc
                       9fac6dec50bc848d60796ed762bf323d2240e14c
                       4a21817823f50125b8407aaf57ce8897b7976ea6
                       f1da4d728a6fb97ac7739d2ae9c479e639049d78
                       1e10b08e5b8bf2aa8615a955567230019320d95e
                       99623234adb12f970e156d67137a101a5b14a729
                       b2a4c1f363a00464d5dad093f885fc27d56223dd
                       9bad8edc0e9e35113bc00635c85002e196e66d8e
                       a1c360b507770386e5a0eff1d3f4a432bfe27510
                       8171e9b3d584497be7839d15b2c94141
       Extensions: 
                       critical(false) 2.5.29.17 value = Sequence
    Tagged [7] IMPLICIT 
        DER Octet String[4] 
    Tagged [2] IMPLICIT 
        DER Octet String[64] 

                       critical(true) BasicConstraints: isCa(true)
                       critical(true) KeyUsage: 0xbe
 from file: /tmp/junit5095990775125837841/junit8493947851336092500/scm-meta/scm/sub-ca/certs/certificate.crt.
2023-07-13 02:06:47,676 [Time-limited test] INFO  client.SCMCertificateClient (DefaultCertificateClient.java:loadAllCertificates(186)) - CertificateRenewerService and root ca rotation polling is disabled for scm/sub-ca
2023-07-13 02:06:47,676 [Time-limited test] WARN  utils.HAUtils (HAUtils.java:getMetaDir(339)) - ozone.scm.db.dirs is not configured. We recommend adding this setting. Falling back to ozone.metadata.dirs instead.
2023-07-13 02:06:47,676 [Time-limited test] WARN  db.DBStoreBuilder (DBStoreBuilder.java:applyDBDefinition(166)) - ozone.scm.db.dirs is not configured. We recommend adding this setting. Falling back to ozone.metadata.dirs instead.
2023-07-13 02:06:47,849 [Time-limited test] INFO  net.NodeSchemaLoader (NodeSchemaLoader.java:loadSchemaFromFile(129)) - Loading schema from [jar:file:/home/runner/.m2/repository/org/apache/ozone/hdds-common/1.4.0-SNAPSHOT/hdds-common-1.4.0-SNAPSHOT.jar!/network-topology-default.xml]
2023-07-13 02:06:47,850 [Time-limited test] INFO  net.NodeSchemaLoader (NodeSchemaLoader.java:loadSchema(176)) - Loading network topology layer schema file
2023-07-13 02:06:47,852 [Time-limited test] INFO  upgrade.AbstractLayoutVersionManager (AbstractLayoutVersionManager.java:init(83)) - Initializing Layout version manager with metadata layout = HADOOP_PRC_PORTS_IN_DATANODEDETAILS (version = 7), software layout = HADOOP_PRC_PORTS_IN_DATANODEDETAILS (version = 7)
2023-07-13 02:06:47,854 [Time-limited test] INFO  ha.SequenceIdGenerator (SequenceIdGenerator.java:upgradeToSequenceId(361)) - upgrade localId to 111677748019200000
2023-07-13 02:06:47,855 [Time-limited test] INFO  ha.SequenceIdGenerator (SequenceIdGenerator.java:upgradeToSequenceId(371)) - upgrade delTxnId to 0
2023-07-13 02:06:47,855 [Time-limited test] INFO  ha.SequenceIdGenerator (SequenceIdGenerator.java:upgradeToSequenceId(388)) - upgrade containerId to 0
2023-07-13 02:06:47,857 [Time-limited test] INFO  ha.SequenceIdGenerator (SequenceIdGenerator.java:upgradeToSequenceId(424)) - upgrade rootCertificateId to 1
2023-07-13 02:06:47,857 [Time-limited test] INFO  ha.SequenceIdGenerator (SequenceIdGenerator.java:<init>(232)) - Init the HA SequenceIdGenerator.
2023-07-13 02:06:47,857 [Time-limited test] INFO  node.SCMNodeManager (SCMNodeManager.java:<init>(157)) - Entering startup safe mode.
2023-07-13 02:06:47,858 [Time-limited test] INFO  algorithms.ContainerPlacementPolicyFactory (ContainerPlacementPolicyFactory.java:getPolicyInternal(86)) - Create container placement policy of type org.apache.hadoop.hdds.scm.container.placement.algorithms.SCMContainerPlacementRackAware
2023-07-13 02:06:47,858 [Time-limited test] INFO  algorithms.ContainerPlacementPolicyFactory (ContainerPlacementPolicyFactory.java:getPolicyInternal(86)) - Create container placement policy of type org.apache.hadoop.hdds.scm.container.placement.algorithms.SCMContainerPlacementRackScatter
2023-07-13 02:06:47,858 [Time-limited test] INFO  pipeline.PipelineStateManagerImpl (PipelineStateManagerImpl.java:initialize(78)) - No pipeline exists in current db
2023-07-13 02:06:47,859 [Time-limited test] INFO  algorithms.LeaderChoosePolicyFactory (LeaderChoosePolicyFactory.java:getPolicy(57)) - Create leader choose policy of type org.apache.hadoop.hdds.scm.pipeline.leader.choose.algorithms.MinLeaderCountChoosePolicy
2023-07-13 02:06:47,859 [Time-limited test] INFO  algorithms.ContainerPlacementPolicyFactory (ContainerPlacementPolicyFactory.java:getPolicyInternal(86)) - Create container placement policy of type org.apache.hadoop.hdds.scm.container.placement.algorithms.SCMContainerPlacementRackScatter
2023-07-13 02:06:47,859 [Time-limited test] INFO  ha.SCMServiceManager (SCMServiceManager.java:register(42)) - Registering service BackgroundPipelineCreator.
2023-07-13 02:06:47,859 [Time-limited test] INFO  pipeline.BackgroundPipelineCreator (BackgroundPipelineCreator.java:start(124)) - Starting RatisPipelineUtilsThread.
2023-07-13 02:06:47,860 [Time-limited test] INFO  BackgroundPipelineScrubber (BackgroundSCMService.java:start(68)) - Starting BackgroundPipelineScrubber Service.
2023-07-13 02:06:47,861 [Time-limited test] INFO  ha.SCMServiceManager (SCMServiceManager.java:register(42)) - Registering service BackgroundPipelineScrubber.
2023-07-13 02:06:47,861 [Time-limited test] INFO  ExpiredContainerReplicaOpScrubber (BackgroundSCMService.java:start(68)) - Starting ExpiredContainerReplicaOpScrubber Service.
2023-07-13 02:06:47,862 [Time-limited test] INFO  ha.SCMServiceManager (SCMServiceManager.java:register(42)) - Registering service ExpiredContainerReplicaOpScrubber.
2023-07-13 02:06:47,863 [Time-limited test] INFO  algorithms.PipelineChoosePolicyFactory (PipelineChoosePolicyFactory.java:createPipelineChoosePolicyFromClass(78)) - Create pipeline choose policy of type org.apache.hadoop.hdds.scm.pipeline.choose.algorithms.RandomPipelineChoosePolicy
2023-07-13 02:06:47,863 [Time-limited test] INFO  algorithms.PipelineChoosePolicyFactory (PipelineChoosePolicyFactory.java:createPipelineChoosePolicyFromClass(78)) - Create pipeline choose policy of type org.apache.hadoop.hdds.scm.pipeline.choose.algorithms.RandomPipelineChoosePolicy
2023-07-13 02:06:47,863 [Time-limited test] INFO  ha.SCMServiceManager (SCMServiceManager.java:register(42)) - Registering service SCMBlockDeletingService.
2023-07-13 02:06:47,864 [Time-limited test] INFO  replication.ReplicationManager (ReplicationManager.java:start(286)) - Starting Replication Monitor Thread.
2023-07-13 02:06:47,865 [Time-limited test] INFO  ha.SCMServiceManager (SCMServiceManager.java:register(42)) - Registering service ReplicationManager.
2023-07-13 02:06:47,865 [ReplicationMonitor] INFO  replication.ReplicationManager (ReplicationManager.java:processAll(361)) - Replication Manager is not ready to run until 300000ms after safemode exit
2023-07-13 02:06:47,866 [Time-limited test] INFO  safemode.ContainerSafeModeRule (ContainerSafeModeRule.java:<init>(89)) - containers with one replica threshold count 0
2023-07-13 02:06:47,870 [Time-limited test] INFO  safemode.HealthyPipelineSafeModeRule (HealthyPipelineSafeModeRule.java:initializeRule(169)) - Total pipeline count is 0, healthy pipeline threshold count is 0
2023-07-13 02:06:47,871 [Time-limited test] INFO  safemode.OneReplicaPipelineSafeModeRule (OneReplicaPipelineSafeModeRule.java:initializeRule(180)) - Total pipeline count is 0, pipeline's with at least one datanode reported threshold count is 0
2023-07-13 02:06:47,873 [Time-limited test] INFO  authority.DefaultCAServer (DefaultCAServer.java:lambda$processVerificationStatus$0(472)) - CertificateServer validation is successful
2023-07-13 02:06:47,874 [Time-limited test] INFO  authority.DefaultCAServer (DefaultCAServer.java:lambda$processVerificationStatus$0(472)) - CertificateServer validation is successful
2023-07-13 02:06:47,874 [Time-limited test] INFO  server.StorageContainerManager (StorageContainerManager.java:persistPrimarySCMCerts(929)) - Storing sub-ca certificate serialId 1345693022390 on primary SCM
2023-07-13 02:06:47,875 [Time-limited test] INFO  server.SCMCertStore (SCMCertStore.java:storeValidScmCertificate(121)) - Scm certificate 1345693022390 for CN=scm-sub-1345688284549@fv-az201-768,OU=49b8bf8a-512d-493d-ba05-ac739d6c3478,O=f03a660c-687b-4225-931b-dbcd99d8b599 is stored
2023-07-13 02:06:47,875 [Time-limited test] INFO  server.StorageContainerManager (StorageContainerManager.java:persistPrimarySCMCerts(937)) - Storing root certificate serialId 1
2023-07-13 02:06:47,876 [Time-limited test] INFO  server.SCMCertStore (SCMCertStore.java:storeValidScmCertificate(121)) - Scm certificate 1 for CN=scm-1@fv-az201-768,OU=49b8bf8a-512d-493d-ba05-ac739d6c3478,O=f03a660c-687b-4225-931b-dbcd99d8b599 is stored
2023-07-13 02:06:47,877 [Time-limited test] INFO  ipc.CallQueueManager (CallQueueManager.java:<init>(90)) - Using callQueue: class java.util.concurrent.LinkedBlockingQueue, queueCapacity: 200, scheduler: class org.apache.hadoop.ipc.DefaultRpcScheduler, ipcBackoff: false.
2023-07-13 02:06:47,877 [Time-limited test] INFO  ipc.Server (Server.java:<init>(1287)) - Listener at 0.0.0.0:9961
2023-07-13 02:06:47,877 [Socket Reader #1 for port 9961] INFO  ipc.Server (Server.java:run(1323)) - Starting Socket Reader #1 for port 9961
2023-07-13 02:06:47,881 [Time-limited test] INFO  ha.SCMServiceManager (SCMServiceManager.java:register(42)) - Registering service RootCARotationManager.
2023-07-13 02:06:47,881 [Time-limited test] INFO  server.StorageContainerManager (StorageContainerManager.java:<init>(424)) - SCM start with adminUsers: [scm/fv-az201-768.ett4tu3jvdse5ovc2mkgjqcs5a.bx.internal.cloudapp.net@EXAMPLE.COM, scm]
2023-07-13 02:06:47,881 [Time-limited test] INFO  ipc.CallQueueManager (CallQueueManager.java:<init>(90)) - Using callQueue: class java.util.concurrent.LinkedBlockingQueue, queueCapacity: 10000, scheduler: class org.apache.hadoop.ipc.DefaultRpcScheduler, ipcBackoff: false.
2023-07-13 02:06:47,881 [Time-limited test] INFO  ipc.Server (Server.java:<init>(1287)) - Listener at 0.0.0.0:9861
2023-07-13 02:06:47,883 [Socket Reader #1 for port 9861] INFO  ipc.Server (Server.java:run(1323)) - Starting Socket Reader #1 for port 9861
2023-07-13 02:06:47,885 [Time-limited test] INFO  ipc.CallQueueManager (CallQueueManager.java:<init>(90)) - Using callQueue: class java.util.concurrent.LinkedBlockingQueue, queueCapacity: 10000, scheduler: class org.apache.hadoop.ipc.DefaultRpcScheduler, ipcBackoff: false.
2023-07-13 02:06:47,885 [Time-limited test] INFO  ipc.Server (Server.java:<init>(1287)) - Listener at 0.0.0.0:9863
2023-07-13 02:06:47,886 [Socket Reader #1 for port 9863] INFO  ipc.Server (Server.java:run(1323)) - Starting Socket Reader #1 for port 9863
2023-07-13 02:06:47,887 [Time-limited test] INFO  ipc.CallQueueManager (CallQueueManager.java:<init>(90)) - Using callQueue: class java.util.concurrent.LinkedBlockingQueue, queueCapacity: 10000, scheduler: class org.apache.hadoop.ipc.DefaultRpcScheduler, ipcBackoff: false.
2023-07-13 02:06:47,887 [Time-limited test] INFO  ipc.Server (Server.java:<init>(1287)) - Listener at 0.0.0.0:9860
2023-07-13 02:06:47,888 [Socket Reader #1 for port 9860] INFO  ipc.Server (Server.java:run(1323)) - Starting Socket Reader #1 for port 9860
2023-07-13 02:06:47,896 [Time-limited test] INFO  ha.SCMServiceManager (SCMServiceManager.java:register(42)) - Registering service ContainerBalancer.
2023-07-13 02:06:47,896 [Time-limited test] INFO  server.StorageContainerManager (StorageContainerManager.java:<init>(437)) - 
Container Balancer status:
Key                            Value
Running                        false
Container Balancer Configuration values:
Key                                                Value
Threshold                                          10
Max Datanodes to Involve per Iteration(percent)    20
Max Size to Move per Iteration                     500GB
Max Size Entering Target per Iteration             26GB
Max Size Leaving Source per Iteration              26GB

2023-07-13 02:06:47,896 [Time-limited test] INFO  ha.SCMContext (SCMContext.java:updateSafeModeStatus(228)) - Update SafeModeStatus from SafeModeStatus{safeModeStatus=true, preCheckPassed=false} to SafeModeStatus{safeModeStatus=true, preCheckPassed=false}.
2023-07-13 02:06:47,897 [Time-limited test] WARN  server.ServerUtils (ServerUtils.java:getDBPath(311)) - ozone.om.db.dirs is not configured. We recommend adding this setting. Falling back to ozone.metadata.dirs instead.
2023-07-13 02:06:47,899 [Time-limited test] INFO  ha.OMHANodeDetails (OMHANodeDetails.java:loadOMHAConfig(115)) - ozone.om.internal.service.id is not defined, falling back to ozone.om.service.ids to find serviceID for OzoneManager if it is HA enabled cluster
2023-07-13 02:06:47,899 [Time-limited test] INFO  ha.OMHANodeDetails (OMHANodeDetails.java:loadOMHAConfig(226)) - Configuration does not have ozone.om.address set. Falling back to the default OM address fv-az201-768.ett4tu3jvdse5ovc2mkgjqcs5a.bx.internal.cloudapp.net/10.1.0.115:1202
2023-07-13 02:06:47,899 [Time-limited test] INFO  ha.OMHANodeDetails (OMHANodeDetails.java:getOMNodeDetailsForNonHA(254)) - OM Service ID is not set. Setting it to the default ID: omServiceIdDefault
2023-07-13 02:06:47,899 [Time-limited test] INFO  ha.OMHANodeDetails (OMHANodeDetails.java:getOMNodeDetailsForNonHA(261)) - OM Node ID is not set. Setting it to the default ID: om1
2023-07-13 02:06:47,899 [Time-limited test] WARN  server.ServerUtils (ServerUtils.java:getDBPath(311)) - ozone.om.db.dirs is not configured. We recommend adding this setting. Falling back to ozone.metadata.dirs instead.
2023-07-13 02:06:47,902 [Time-limited test] INFO  upgrade.AbstractLayoutVersionManager (AbstractLayoutVersionManager.java:init(83)) - Initializing Layout version manager with metadata layout = QUOTA (version = 6), software layout = QUOTA (version = 6)
2023-07-13 02:06:47,995 [Time-limited test] INFO  reflections.Reflections (Reflections.java:scan(232)) - Reflections took 92 ms to scan 2 urls, producing 186 keys and 508 values [using 2 cores]
2023-07-13 02:06:47,996 [Time-limited test] INFO  upgrade.OMLayoutVersionManager (OMLayoutVersionManager.java:lambda$0(115)) - Skipping Upgrade Action QuotaRepairUpgradeAction since it has been finalized.
2023-07-13 02:06:47,996 [Time-limited test] INFO  upgrade.OMLayoutVersionManager (OMLayoutVersionManager.java:lambda$0(115)) - Skipping Upgrade Action MockOmUpgradeAction since it has been finalized.
2023-07-13 02:06:47,999 [pool-473-thread-2] INFO  request.KdcRequest (KdcRequest.java:preauth(651)) - The preauth data is empty.
2023-07-13 02:06:48,000 [pool-473-thread-2] INFO  server.KdcHandler (KdcHandler.java:handleRecoverableException(177)) - KRB error occurred while processing request:Additional pre-authentication required
2023-07-13 02:06:48,007 [pool-473-thread-2] INFO  request.AsRequest (AsRequest.java:issueTicket(112)) - AS_REQ ISSUE: authtime 1689214008007,om/fv-az201-768.ett4tu3jvdse5ovc2mkgjqcs5a.bx.internal.cloudapp.net@EXAMPLE.COM for krbtgt/EXAMPLE.COM@EXAMPLE.COM
2023-07-13 02:06:48,009 [Time-limited test] INFO  security.UserGroupInformation (UserGroupInformation.java:loginUserFromKeytab(1132)) - Login successful for user om/fv-az201-768.ett4tu3jvdse5ovc2mkgjqcs5a.bx.internal.cloudapp.net@EXAMPLE.COM using keytab file om.keytab. Keytab auto renewal enabled : false
2023-07-13 02:06:48,009 [Time-limited test] INFO  om.OzoneManager (OzoneManager.java:loginOMUser(1155)) - Ozone Manager login successful.
2023-07-13 02:06:48,009 [Time-limited test] WARN  server.ServerUtils (ServerUtils.java:getDBPath(311)) - ozone.om.db.dirs is not configured. We recommend adding this setting. Falling back to ozone.metadata.dirs instead.
2023-07-13 02:06:48,010 [Time-limited test] INFO  proxy.SCMBlockLocationFailoverProxyProvider (SCMBlockLocationFailoverProxyProvider.java:<init>(114)) - Created block location fail-over proxy with 1 nodes: [nodeId=scmNodeId,nodeAddress=/0.0.0.0:9863]
2023-07-13 02:06:48,011 [Time-limited test] INFO  om.OzoneManager (OzoneManager.java:getOmDetailsProto(4566)) - OzoneManager ports added:[name: "RPC"
value: 1202
]
2023-07-13 02:06:48,019 [Time-limited test] INFO  security.OMCertificateClient (DefaultCertificateClient.java:updateCertSerialId(1248)) - Certificate serial ID set to 9879877970576
2023-07-13 02:06:48,020 [Time-limited test] WARN  security.OMCertificateClient (DefaultCertificateClient.java:loadAllCertificates(170)) - Certificates could not be loaded.
java.nio.file.NoSuchFileException: /tmp/junit5095990775125837841/junit8493947851336092500/scm-meta/om/certs
	at sun.nio.fs.UnixException.translateToIOException(UnixException.java:86)
	at sun.nio.fs.UnixException.rethrowAsIOException(UnixException.java:102)
	at sun.nio.fs.UnixException.rethrowAsIOException(UnixException.java:107)
	at sun.nio.fs.UnixFileSystemProvider.newDirectoryStream(UnixFileSystemProvider.java:427)
	at java.nio.file.Files.newDirectoryStream(Files.java:457)
	at java.nio.file.Files.list(Files.java:3451)
	at org.apache.hadoop.hdds.security.x509.certificate.client.DefaultCertificateClient.loadAllCertificates(DefaultCertificateClient.java:165)
	at org.apache.hadoop.hdds.security.x509.certificate.client.DefaultCertificateClient.updateCertSerialId(DefaultCertificateClient.java:1249)
	at org.apache.hadoop.hdds.security.x509.certificate.client.DefaultCertificateClient.<init>(DefaultCertificateClient.java:154)
	at org.apache.hadoop.hdds.security.x509.certificate.client.CommonCertificateClient.<init>(CommonCertificateClient.java:50)
	at org.apache.hadoop.ozone.security.OMCertificateClient.<init>(OMCertificateClient.java:68)
	at org.apache.hadoop.ozone.om.OzoneManager.<init>(OzoneManager.java:639)
	at org.apache.hadoop.ozone.om.OzoneManager.createOm(OzoneManager.java:750)
	at org.apache.hadoop.ozone.TestSecureOzoneCluster.setupOm(TestSecureOzoneCluster.java:693)
	at org.apache.hadoop.ozone.TestSecureOzoneCluster.testSecureOMInitializationFailure(TestSecureOzoneCluster.java:517)
	at sun.reflect.NativeMethodAccessorImpl.invoke0(Native Method)
	at sun.reflect.NativeMethodAccessorImpl.invoke(NativeMethodAccessorImpl.java:62)
	at sun.reflect.DelegatingMethodAccessorImpl.invoke(DelegatingMethodAccessorImpl.java:43)
	at java.lang.reflect.Method.invoke(Method.java:498)
	at org.junit.runners.model.FrameworkMethod$1.runReflectiveCall(FrameworkMethod.java:59)
	at org.junit.internal.runners.model.ReflectiveCallable.run(ReflectiveCallable.java:12)
	at org.junit.runners.model.FrameworkMethod.invokeExplosively(FrameworkMethod.java:56)
	at org.junit.internal.runners.statements.InvokeMethod.evaluate(InvokeMethod.java:17)
	at org.junit.internal.runners.statements.RunBefores.evaluate(RunBefores.java:26)
	at org.junit.internal.runners.statements.RunAfters.evaluate(RunAfters.java:27)
	at org.junit.rules.ExternalResource$1.evaluate(ExternalResource.java:54)
	at org.junit.internal.runners.statements.FailOnTimeout$CallableStatement.call(FailOnTimeout.java:288)
	at org.junit.internal.runners.statements.FailOnTimeout$CallableStatement.call(FailOnTimeout.java:282)
	at java.util.concurrent.FutureTask.run(FutureTask.java:266)
	at java.lang.Thread.run(Thread.java:750)
2023-07-13 02:06:48,025 [Time-limited test] INFO  om.OzoneManager (OzoneManager.java:<init>(658)) - OM start with adminUsers: [scm/fv-az201-768.ett4tu3jvdse5ovc2mkgjqcs5a.bx.internal.cloudapp.net@EXAMPLE.COM, om]
2023-07-13 02:06:48,028 [Time-limited test] WARN  server.ServerUtils (ServerUtils.java:getDBPath(311)) - ozone.om.db.dirs is not configured. We recommend adding this setting. Falling back to ozone.metadata.dirs instead.
2023-07-13 02:06:48,030 [Time-limited test] INFO  helpers.OmKeyInfo (OmKeyInfo.java:getCodec(71)) - OmKeyInfo.getCodec ignorePipeline = true
2023-07-13 02:06:48,294 [Time-limited test] INFO  om.OzoneManager (OzoneManager.java:instantiateServices(787)) - S3 Multi-Tenancy is disabled
2023-07-13 02:06:48,295 [Time-limited test] INFO  security.OzoneSecretStore (OzoneSecretStore.java:loadState(69)) - Loaded 0 tokens
2023-07-13 02:06:48,295 [Time-limited test] INFO  security.OzoneDelegationTokenSecretManager (OzoneDelegationTokenSecretManager.java:loadTokenSecretState(530)) - Loading token state into token manager.
2023-07-13 02:06:48,295 [Time-limited test] INFO  om.OmSnapshotManager (OmSnapshotManager.java:<init>(175)) - Ozone filesystem snapshot feature is enabled.
2023-07-13 02:06:48,295 [Time-limited test] WARN  server.ServerUtils (ServerUtils.java:getDBPath(311)) - ozone.om.snapshot.diff.db.dir is not configured. We recommend adding this setting. Falling back to ozone.metadata.dirs instead.
2023-07-13 02:06:48,329 [Time-limited test] INFO  snapshot.SnapshotDiffManager (SnapshotDiffManager.java:closeExecutorService(1720)) - Shutting down executorService: 'SstDumpToolExecutor'
2023-07-13 02:06:48,344 [Time-limited test] INFO  om.OzoneManager (OzoneManager.java:addS3GVolumeToDB(4298)) - Created Volume s3v With Owner om required for S3Gateway operations.
2023-07-13 02:06:48,344 [Time-limited test] WARN  server.ServerUtils (ServerUtils.java:getDefaultRatisDirectory(323)) - Storage directory for Ratis is not configured. It is a good idea to map this to an SSD disk. Falling back to ozone.metadata.dirs
2023-07-13 02:06:48,344 [Time-limited test] WARN  utils.OzoneManagerRatisUtils (OzoneManagerRatisUtils.java:getOMRatisSnapshotDirectory(461)) - ozone.om.ratis.snapshot.dir is not configured. Falling back to ozone.metadata.dirs config
2023-07-13 02:06:48,345 [Time-limited test] WARN  server.ServerUtils (ServerUtils.java:getDefaultRatisDirectory(323)) - Storage directory for Ratis is not configured. It is a good idea to map this to an SSD disk. Falling back to ozone.metadata.dirs
2023-07-13 02:06:48,347 [Time-limited test] INFO  ratis.OzoneManagerRatisServer (OzoneManagerRatisServer.java:<init>(163)) - Instantiating OM Ratis server with groupID: omServiceIdDefault and peers: fv-az201-768.ett4tu3jvdse5ovc2mkgjqcs5a.bx.internal.cloudapp.net:9872
2023-07-13 02:06:48,347 [Time-limited test] INFO  ratis.OzoneManagerStateMachine (OzoneManagerStateMachine.java:loadSnapshotInfoFromDB(670)) - LastAppliedIndex is set from TransactionInfo from OM DB as (t:0, i:~)
2023-07-13 02:06:48,348 [Time-limited test] INFO  server.RaftServer (ConfUtils.java:logGet(46)) - raft.rpc.type = GRPC (default)
2023-07-13 02:06:48,348 [Time-limited test] INFO  grpc.GrpcConfigKeys (ConfUtils.java:logFallback(53)) - raft.grpc.admin.host = null (fallback to raft.grpc.server.host)
2023-07-13 02:06:48,348 [Time-limited test] INFO  grpc.GrpcConfigKeys (ConfUtils.java:logFallback(53)) - raft.grpc.admin.port = 9872 (fallback to raft.grpc.server.port)
2023-07-13 02:06:48,349 [Time-limited test] INFO  grpc.GrpcConfigKeys (ConfUtils.java:logFallback(53)) - raft.grpc.client.host = null (fallback to raft.grpc.server.host)
2023-07-13 02:06:48,349 [Time-limited test] INFO  grpc.GrpcConfigKeys (ConfUtils.java:logFallback(53)) - raft.grpc.client.port = 9872 (fallback to raft.grpc.server.port)
2023-07-13 02:06:48,349 [Time-limited test] INFO  grpc.GrpcConfigKeys (ConfUtils.java:logGet(46)) - raft.grpc.server.host = null (default)
2023-07-13 02:06:48,349 [Time-limited test] INFO  grpc.GrpcConfigKeys (ConfUtils.java:logGet(46)) - raft.grpc.server.port = 9872 (custom)
2023-07-13 02:06:48,349 [Time-limited test] INFO  server.GrpcService (ConfUtils.java:logGet(46)) - raft.grpc.message.size.max = 33554432 (custom)
2023-07-13 02:06:48,349 [Time-limited test] INFO  server.RaftServerConfigKeys (ConfUtils.java:logGet(46)) - raft.server.log.appender.buffer.byte-limit = 33554432 (custom)
2023-07-13 02:06:48,349 [Time-limited test] INFO  server.GrpcService (ConfUtils.java:logGet(46)) - raft.grpc.flow.control.window = 1MB (=1048576) (default)
2023-07-13 02:06:48,350 [Time-limited test] INFO  server.RaftServerConfigKeys (ConfUtils.java:logGet(46)) - raft.server.rpc.request.timeout = 3000ms (default)
2023-07-13 02:06:48,350 [Time-limited test] INFO  grpc.GrpcConfigKeys (ConfUtils.java:logGet(46)) - raft.grpc.server.heartbeat.channel = true (default)
2023-07-13 02:06:48,350 [Time-limited test] INFO  grpc.GrpcConfigKeys (ConfUtils.java:logGet(46)) - raft.grpc.server.async.request.thread.pool.cached = true (default)
2023-07-13 02:06:48,350 [Time-limited test] INFO  grpc.GrpcConfigKeys (ConfUtils.java:logGet(46)) - raft.grpc.server.async.request.thread.pool.size = 32 (default)
2023-07-13 02:06:48,352 [Time-limited test] INFO  impl.DataStreamServerImpl (ConfUtils.java:logGet(46)) - raft.datastream.type = DISABLED (default)
2023-07-13 02:06:48,352 [Time-limited test] INFO  server.RaftServerConfigKeys (ConfUtils.java:logGet(46)) - raft.server.threadpool.proxy.cached = true (default)
2023-07-13 02:06:48,352 [Time-limited test] INFO  server.RaftServerConfigKeys (ConfUtils.java:logGet(46)) - raft.server.threadpool.proxy.size = 0 (default)
2023-07-13 02:06:48,352 [Time-limited test] INFO  server.RaftServerConfigKeys (ConfUtils.java:logGet(46)) - raft.server.rpc.slowness.timeout = 120s (custom)
2023-07-13 02:06:48,352 [Time-limited test] INFO  server.RaftServerConfigKeys (ConfUtils.java:logGet(46)) - raft.server.leaderelection.leader.step-down.wait-time = 10s (default)
2023-07-13 02:06:48,352 [Time-limited test] INFO  server.RaftServerConfigKeys (ConfUtils.java:logGet(46)) - raft.server.storage.dir = [/tmp/junit5095990775125837841/junit8493947851336092500/scm-meta/ratis] (custom)
2023-07-13 02:06:48,353 [Time-limited test] INFO  server.RaftServer (RaftServerProxy.java:addNew(98)) - om1: addNew group-C5BA1605619E:[om1|rpc:fv-az201-768.ett4tu3jvdse5ovc2mkgjqcs5a.bx.internal.cloudapp.net:9872|priority:0|startupRole:FOLLOWER] returns group-C5BA1605619E:java.util.concurrent.CompletableFuture@74e2a720[Not completed]
2023-07-13 02:06:48,353 [Time-limited test] INFO  om.OzoneManager (OzoneManager.java:initializeRatisServer(2139)) - OzoneManager Ratis server initialized at port 9872
2023-07-13 02:06:48,353 [Time-limited test] INFO  om.OzoneManager (RaftServerImpl.java:<init>(198)) - om1: new RaftServerImpl for group-C5BA1605619E:[om1|rpc:fv-az201-768.ett4tu3jvdse5ovc2mkgjqcs5a.bx.internal.cloudapp.net:9872|priority:0|startupRole:FOLLOWER] with OzoneManagerStateMachine:uninitialized
2023-07-13 02:06:48,353 [Time-limited test] INFO  om.OzoneManager (OzoneManager.java:getRpcServer(1187)) - Creating RPC Server
2023-07-13 02:06:48,353 [om1-groupManagement] INFO  server.RaftServerConfigKeys (ConfUtils.java:logGet(46)) - raft.server.rpc.timeout.min = 5s (custom)
2023-07-13 02:06:48,353 [om1-groupManagement] INFO  server.RaftServerConfigKeys (ConfUtils.java:logGet(46)) - raft.server.rpc.timeout.max = 5200ms (custom)
2023-07-13 02:06:48,353 [om1-groupManagement] INFO  server.RaftServerConfigKeys (ConfUtils.java:logGet(46)) - raft.server.rpc.sleep.time = 25ms (default)
2023-07-13 02:06:48,353 [om1-groupManagement] INFO  server.RaftServerConfigKeys (ConfUtils.java:logGet(46)) - raft.server.rpc.slowness.timeout = 120s (custom)
2023-07-13 02:06:48,353 [om1-groupManagement] INFO  server.RaftServerConfigKeys (ConfUtils.java:logGet(46)) - raft.server.leaderelection.leader.step-down.wait-time = 10s (default)
2023-07-13 02:06:48,354 [om1-groupManagement] INFO  server.RaftServerConfigKeys (ConfUtils.java:logGet(46)) - raft.server.sleep.deviation.threshold = 300ms (default)
2023-07-13 02:06:48,362 [om1-groupManagement] INFO  server.RaftServer$Division (ServerState.java:<init>(120)) - om1@group-C5BA1605619E: ConfigurationManager, init=-1: peers:[om1|rpc:fv-az201-768.ett4tu3jvdse5ovc2mkgjqcs5a.bx.internal.cloudapp.net:9872|priority:0|startupRole:FOLLOWER]|listeners:[], old=null, confs=<EMPTY_MAP>
2023-07-13 02:06:48,362 [om1-groupManagement] INFO  server.RaftServerConfigKeys (ConfUtils.java:logGet(46)) - raft.server.storage.dir = [/tmp/junit5095990775125837841/junit8493947851336092500/scm-meta/ratis] (custom)
2023-07-13 02:06:48,363 [om1-groupManagement] INFO  server.RaftServerConfigKeys (ConfUtils.java:logGet(46)) - raft.server.log.corruption.policy = EXCEPTION (default)
2023-07-13 02:06:48,364 [om1-groupManagement] INFO  server.RaftServerConfigKeys (ConfUtils.java:logGet(46)) - raft.server.storage.free-space.min = 0MB (=0) (default)
2023-07-13 02:06:48,364 [om1-groupManagement] INFO  server.RaftServerConfigKeys (ConfUtils.java:logGet(46)) - raft.server.notification.no-leader.timeout = 120s (custom)
2023-07-13 02:06:48,364 [om1-groupManagement] INFO  server.RaftServerConfigKeys (ConfUtils.java:logGet(46)) - raft.server.read.timeout = 10s (default)
2023-07-13 02:06:48,364 [om1-groupManagement] INFO  server.RaftServerConfigKeys (ConfUtils.java:logGet(46)) - raft.server.retrycache.expirytime = 300s (custom)
2023-07-13 02:06:48,364 [om1-groupManagement] INFO  server.RaftServerConfigKeys (ConfUtils.java:logGet(46)) - raft.server.retrycache.statistics.expirytime = 100μs (default)
2023-07-13 02:06:48,367 [om1-groupManagement] INFO  server.RaftServerConfigKeys (ConfUtils.java:logGet(46)) - raft.server.read.option = DEFAULT (default)
2023-07-13 02:06:48,369 [om1-groupManagement] INFO  server.RaftServerConfigKeys (ConfUtils.java:logGet(46)) - raft.server.rpc.request.timeout = 3000ms (default)
2023-07-13 02:06:48,369 [om1-groupManagement] INFO  server.RaftServerConfigKeys (ConfUtils.java:logGet(46)) - raft.server.log.appender.install.snapshot.enabled = false (custom)
2023-07-13 02:06:48,369 [om1-groupManagement] INFO  server.RaftServerConfigKeys (ConfUtils.java:logGet(46)) - raft.server.threadpool.server.cached = true (default)
2023-07-13 02:06:48,369 [om1-groupManagement] INFO  server.RaftServerConfigKeys (ConfUtils.java:logGet(46)) - raft.server.threadpool.server.size = 0 (default)
2023-07-13 02:06:48,369 [om1-groupManagement] INFO  server.RaftServerConfigKeys (ConfUtils.java:logGet(46)) - raft.server.threadpool.client.cached = true (default)
2023-07-13 02:06:48,369 [om1-groupManagement] INFO  server.RaftServerConfigKeys (ConfUtils.java:logGet(46)) - raft.server.threadpool.client.size = 0 (default)
2023-07-13 02:06:48,891 [Time-limited test] INFO  reflections.Reflections (Reflections.java:scan(232)) - Reflections took 537 ms to scan 19 urls, producing 70 keys and 5533 values [using 2 cores]
2023-07-13 02:06:48,893 [Time-limited test] INFO  ipc.CallQueueManager (CallQueueManager.java:<init>(90)) - Using callQueue: class java.util.concurrent.LinkedBlockingQueue, queueCapacity: 10000, scheduler: class org.apache.hadoop.ipc.DefaultRpcScheduler, ipcBackoff: false.
2023-07-13 02:06:48,893 [Time-limited test] INFO  ipc.Server (Server.java:<init>(1287)) - Listener at fv-az201-768.ett4tu3jvdse5ovc2mkgjqcs5a.bx.internal.cloudapp.net:1202
2023-07-13 02:06:48,894 [Socket Reader #1 for port 1202] INFO  ipc.Server (Server.java:run(1323)) - Starting Socket Reader #1 for port 1202
2023-07-13 02:06:48,917 [Time-limited test] INFO  ha.OMHANodeDetails (OMHANodeDetails.java:loadOMHAConfig(115)) - ozone.om.internal.service.id is not defined, falling back to ozone.om.service.ids to find serviceID for OzoneManager if it is HA enabled cluster
2023-07-13 02:06:48,917 [Time-limited test] INFO  ha.OMHANodeDetails (OMHANodeDetails.java:loadOMHAConfig(226)) - Configuration does not have ozone.om.address set. Falling back to the default OM address fv-az201-768.ett4tu3jvdse5ovc2mkgjqcs5a.bx.internal.cloudapp.net/10.1.0.115:1202
2023-07-13 02:06:48,917 [Time-limited test] INFO  ha.OMHANodeDetails (OMHANodeDetails.java:getOMNodeDetailsForNonHA(254)) - OM Service ID is not set. Setting it to the default ID: omServiceIdDefault
2023-07-13 02:06:48,917 [Time-limited test] INFO  ha.OMHANodeDetails (OMHANodeDetails.java:getOMNodeDetailsForNonHA(261)) - OM Node ID is not set. Setting it to the default ID: om1
2023-07-13 02:06:48,917 [Time-limited test] WARN  server.ServerUtils (ServerUtils.java:getDBPath(311)) - ozone.om.db.dirs is not configured. We recommend adding this setting. Falling back to ozone.metadata.dirs instead.
2023-07-13 02:06:48,919 [Time-limited test] INFO  upgrade.AbstractLayoutVersionManager (AbstractLayoutVersionManager.java:init(83)) - Initializing Layout version manager with metadata layout = QUOTA (version = 6), software layout = QUOTA (version = 6)
2023-07-13 02:06:49,007 [Time-limited test] INFO  reflections.Reflections (Reflections.java:scan(232)) - Reflections took 87 ms to scan 2 urls, producing 186 keys and 508 values [using 2 cores]
2023-07-13 02:06:49,007 [Time-limited test] INFO  upgrade.OMLayoutVersionManager (OMLayoutVersionManager.java:lambda$0(115)) - Skipping Upgrade Action QuotaRepairUpgradeAction since it has been finalized.
2023-07-13 02:06:49,008 [Time-limited test] INFO  upgrade.OMLayoutVersionManager (OMLayoutVersionManager.java:lambda$0(115)) - Skipping Upgrade Action MockOmUpgradeAction since it has been finalized.
2023-07-13 02:06:49,009 [Time-limited test] INFO  ha.OMHANodeDetails (OMHANodeDetails.java:loadOMHAConfig(115)) - ozone.om.internal.service.id is not defined, falling back to ozone.om.service.ids to find serviceID for OzoneManager if it is HA enabled cluster
2023-07-13 02:06:49,010 [Time-limited test] INFO  ha.OMHANodeDetails (OMHANodeDetails.java:loadOMHAConfig(226)) - Configuration does not have ozone.om.address set. Falling back to the default OM address fv-az201-768.ett4tu3jvdse5ovc2mkgjqcs5a.bx.internal.cloudapp.net/10.1.0.115:1202
2023-07-13 02:06:49,010 [Time-limited test] INFO  ha.OMHANodeDetails (OMHANodeDetails.java:getOMNodeDetailsForNonHA(254)) - OM Service ID is not set. Setting it to the default ID: omServiceIdDefault
2023-07-13 02:06:49,010 [Time-limited test] INFO  ha.OMHANodeDetails (OMHANodeDetails.java:getOMNodeDetailsForNonHA(261)) - OM Node ID is not set. Setting it to the default ID: om1
2023-07-13 02:06:49,010 [Time-limited test] WARN  server.ServerUtils (ServerUtils.java:getDBPath(311)) - ozone.om.db.dirs is not configured. We recommend adding this setting. Falling back to ozone.metadata.dirs instead.
2023-07-13 02:06:49,011 [Time-limited test] INFO  upgrade.AbstractLayoutVersionManager (AbstractLayoutVersionManager.java:init(83)) - Initializing Layout version manager with metadata layout = QUOTA (version = 6), software layout = QUOTA (version = 6)
2023-07-13 02:06:49,093 [Time-limited test] INFO  reflections.Reflections (Reflections.java:scan(232)) - Reflections took 81 ms to scan 2 urls, producing 186 keys and 508 values [using 2 cores]
2023-07-13 02:06:49,093 [Time-limited test] INFO  upgrade.OMLayoutVersionManager (OMLayoutVersionManager.java:lambda$0(115)) - Skipping Upgrade Action QuotaRepairUpgradeAction since it has been finalized.
2023-07-13 02:06:49,093 [Time-limited test] INFO  upgrade.OMLayoutVersionManager (OMLayoutVersionManager.java:lambda$0(115)) - Skipping Upgrade Action MockOmUpgradeAction since it has been finalized.
2023-07-13 02:06:49,094 [Time-limited test] INFO  ha.OMHANodeDetails (OMHANodeDetails.java:loadOMHAConfig(115)) - ozone.om.internal.service.id is not defined, falling back to ozone.om.service.ids to find serviceID for OzoneManager if it is HA enabled cluster
2023-07-13 02:06:49,094 [Time-limited test] INFO  ha.OMHANodeDetails (OMHANodeDetails.java:loadOMHAConfig(226)) - Configuration does not have ozone.om.address set. Falling back to the default OM address fv-az201-768.ett4tu3jvdse5ovc2mkgjqcs5a.bx.internal.cloudapp.net/10.1.0.115:1202
2023-07-13 02:06:49,094 [Time-limited test] INFO  ha.OMHANodeDetails (OMHANodeDetails.java:getOMNodeDetailsForNonHA(254)) - OM Service ID is not set. Setting it to the default ID: omServiceIdDefault
2023-07-13 02:06:49,094 [Time-limited test] INFO  ha.OMHANodeDetails (OMHANodeDetails.java:getOMNodeDetailsForNonHA(261)) - OM Node ID is not set. Setting it to the default ID: om1
2023-07-13 02:06:49,094 [Time-limited test] WARN  server.ServerUtils (ServerUtils.java:getDBPath(311)) - ozone.om.db.dirs is not configured. We recommend adding this setting. Falling back to ozone.metadata.dirs instead.
2023-07-13 02:06:49,097 [Time-limited test] INFO  upgrade.AbstractLayoutVersionManager (AbstractLayoutVersionManager.java:init(83)) - Initializing Layout version manager with metadata layout = QUOTA (version = 6), software layout = QUOTA (version = 6)
2023-07-13 02:06:49,179 [Time-limited test] INFO  reflections.Reflections (Reflections.java:scan(232)) - Reflections took 81 ms to scan 2 urls, producing 186 keys and 508 values [using 2 cores]
2023-07-13 02:06:49,180 [Time-limited test] INFO  upgrade.OMLayoutVersionManager (OMLayoutVersionManager.java:lambda$0(115)) - Skipping Upgrade Action QuotaRepairUpgradeAction since it has been finalized.
2023-07-13 02:06:49,180 [Time-limited test] INFO  upgrade.OMLayoutVersionManager (OMLayoutVersionManager.java:lambda$0(115)) - Skipping Upgrade Action MockOmUpgradeAction since it has been finalized.
2023-07-13 02:06:49,182 [Time-limited test] INFO  impl.DefaultInternalKdcServerImpl (DefaultInternalKdcServerImpl.java:doStop(102)) - Default Internal kdc server stopped.
2023-07-13 02:06:50,182 [Time-limited test] INFO  minikdc.MiniKdc (MiniKdc.java:stop(359)) - MiniKdc stopped.
2023-07-13 02:06:50,183 [Time-limited test] INFO  server.StorageContainerManager (StorageContainerManager.java:stop(1590)) - Container Balancer is not running.
2023-07-13 02:06:50,183 [Time-limited test] INFO  server.StorageContainerManager (StorageContainerManager.java:stopReplicationManager(1723)) - Stopping Replication Manager Service.
2023-07-13 02:06:50,183 [Time-limited test] INFO  replication.ReplicationManager (ReplicationManager.java:stop(319)) - Stopping Replication Monitor Thread.
2023-07-13 02:06:50,183 [Time-limited test] INFO  server.StorageContainerManager (StorageContainerManager.java:stop(1599)) - Stopping the Datanode Admin Monitor.
2023-07-13 02:06:50,183 [Under Replicated Processor] WARN  replication.UnhealthyReplicationProcessor (UnhealthyReplicationProcessor.java:run(180)) - Under Replicated Processor interrupted. Exiting...
2023-07-13 02:06:50,183 [Time-limited test] INFO  server.StorageContainerManager (StorageContainerManager.java:stop(1606)) - Stopping datanode service RPC server
2023-07-13 02:06:50,183 [Time-limited test] INFO  server.SCMDatanodeProtocolServer (SCMDatanodeProtocolServer.java:stop(424)) - Stopping the RPC server for DataNodes
2023-07-13 02:06:50,183 [Time-limited test] INFO  ipc.Server (Server.java:stop(3523)) - Stopping server on 9861
2023-07-13 02:06:50,183 [ReplicationMonitor] INFO  replication.ReplicationManager (ReplicationManager.java:run(917)) - Replication Monitor Thread is stopped
2023-07-13 02:06:50,184 [Over Replicated Processor] WARN  replication.UnhealthyReplicationProcessor (UnhealthyReplicationProcessor.java:run(180)) - Over Replicated Processor interrupted. Exiting...
2023-07-13 02:06:50,857 [SCM Heartbeat Processing Thread - 0] WARN  node.NodeStateManager (NodeStateManager.java:scheduleNextHealthCheck(874)) - Current Thread is interrupted, shutting down HB processing thread for Node Manager.
2023-07-13 02:06:50,858 [Time-limited test] INFO  server.StorageContainerManager (StorageContainerManager.java:stop(1614)) - Stopping block service RPC server
2023-07-13 02:06:50,858 [Time-limited test] INFO  server.SCMBlockProtocolServer (SCMBlockProtocolServer.java:stop(161)) - Stopping the RPC server for Block Protocol
2023-07-13 02:06:50,858 [Time-limited test] INFO  ipc.Server (Server.java:stop(3523)) - Stopping server on 9863
2023-07-13 02:06:50,858 [Time-limited test] INFO  server.StorageContainerManager (StorageContainerManager.java:stop(1621)) - Stopping the StorageContainerLocationProtocol RPC server
2023-07-13 02:06:50,859 [Time-limited test] INFO  server.SCMClientProtocolServer (SCMClientProtocolServer.java:stop(209)) - Stopping the RPC server for Client Protocol
2023-07-13 02:06:50,859 [Time-limited test] INFO  ipc.Server (Server.java:stop(3523)) - Stopping server on 9860
2023-07-13 02:06:50,859 [Time-limited test] INFO  server.StorageContainerManager (StorageContainerManager.java:stop(1628)) - Stopping Storage Container Manager HTTP server.
2023-07-13 02:06:50,859 [Time-limited test] INFO  server.StorageContainerManager (StorageContainerManager.java:stop(1636)) - Stopping SCM LayoutVersionManager Service.
2023-07-13 02:06:50,859 [Time-limited test] INFO  server.SCMSecurityProtocolServer (SCMSecurityProtocolServer.java:stop(536)) - Stopping the SCMSecurityProtocolServer.
2023-07-13 02:06:50,859 [Time-limited test] INFO  ipc.Server (Server.java:stop(3523)) - Stopping server on 9961
2023-07-13 02:06:50,861 [Time-limited test] INFO  server.SCMUpdateServiceGrpcServer (SCMUpdateServiceGrpcServer.java:stop(73)) - SCMUpdateService stopping
2023-07-13 02:06:50,862 [Time-limited test] INFO  server.StorageContainerManager (StorageContainerManager.java:stop(1648)) - Stopping Block Manager Service.
2023-07-13 02:06:50,862 [Time-limited test] INFO  utils.BackgroundService (BackgroundService.java:shutdown(141)) - Shutting down service SCMBlockDeletingService
2023-07-13 02:06:50,862 [Time-limited test] INFO  utils.BackgroundService (BackgroundService.java:shutdown(141)) - Shutting down service SCMBlockDeletingService
2023-07-13 02:06:50,862 [Time-limited test] INFO  server.StorageContainerManager (StorageContainerManager.java:stop(1668)) - Stopping SCM Event Queue.
2023-07-13 02:06:50,862 [Time-limited test] INFO  server.StorageContainerManager (StorageContainerManager.java:stop(1679)) - Stopping SCM HA services.
2023-07-13 02:06:50,862 [Time-limited test] INFO  pipeline.BackgroundPipelineCreator (BackgroundPipelineCreator.java:stop(149)) - Stopping RatisPipelineUtilsThread.
2023-07-13 02:06:50,864 [RatisPipelineUtilsThread - 0] WARN  pipeline.BackgroundPipelineCreator (BackgroundPipelineCreator.java:run(180)) - RatisPipelineUtilsThread is interrupted.
2023-07-13 02:06:50,864 [Time-limited test] INFO  BackgroundPipelineScrubber (BackgroundSCMService.java:stop(131)) - Stopping BackgroundPipelineScrubber Service.
2023-07-13 02:06:50,864 [BackgroundPipelineScrubberThread] WARN  BackgroundPipelineScrubber (BackgroundSCMService.java:run(115)) - BackgroundPipelineScrubber is interrupted, exit
2023-07-13 02:06:50,864 [Time-limited test] WARN  pipeline.BackgroundPipelineCreator (BackgroundPipelineCreator.java:stop(145)) - RatisPipelineUtilsThread is not running, just ignore.
2023-07-13 02:06:50,864 [Time-limited test] INFO  BackgroundPipelineScrubber (BackgroundSCMService.java:stop(126)) - BackgroundPipelineScrubber Service is not running, skip stop.
2023-07-13 02:06:50,864 [Time-limited test] INFO  ExpiredContainerReplicaOpScrubber (BackgroundSCMService.java:stop(131)) - Stopping ExpiredContainerReplicaOpScrubber Service.
2023-07-13 02:06:50,864 [ExpiredContainerReplicaOpScrubberThread] WARN  ExpiredContainerReplicaOpScrubber (BackgroundSCMService.java:run(115)) - ExpiredContainerReplicaOpScrubber is interrupted, exit
2023-07-13 02:06:50,864 [Time-limited test] INFO  utils.BackgroundService (BackgroundService.java:shutdown(141)) - Shutting down service SCMBlockDeletingService
2023-07-13 02:06:50,864 [Time-limited test] INFO  replication.ReplicationManager (ReplicationManager.java:stop(329)) - Replication Monitor Thread is not running.
2023-07-13 02:06:50,864 [Time-limited test] WARN  balancer.ContainerBalancer (ContainerBalancer.java:stop(326)) - Cannot stop Container Balancer because it's not running or stopping
2023-07-13 02:06:50,865 [Time-limited test] INFO  server.StorageContainerManager (StorageContainerManager.java:stop(1714)) - Stopping SCM MetadataStore.
2023-07-13 02:06:50,866 [Time-limited test] INFO  server.SCMSecurityProtocolServer (SCMSecurityProtocolServer.java:join(546)) - Join RPC server for SCMSecurityProtocolServer.
2023-07-13 02:06:50,866 [Time-limited test] INFO  server.SCMSecurityProtocolServer (SCMSecurityProtocolServer.java:join(548)) - Join gRPC server for SCMSecurityProtocolServer.
2023-07-13 02:06:50,866 [Time-limited test] INFO  om.OzoneManager (OzoneManager.java:stop(2198)) - om1[fv-az201-768.ett4tu3jvdse5ovc2mkgjqcs5a.bx.internal.cloudapp.net:1202]: Stopping Ozone Manager
2023-07-13 02:06:50,866 [Time-limited test] INFO  ipc.Server (Server.java:stop(3523)) - Stopping server on 1202
2023-07-13 02:06:50,867 [Time-limited test] INFO  ratis.OzoneManagerStateMachine (OzoneManagerStateMachine.java:close(533)) - StateMachine has shutdown. Shutdown OzoneManager if not already shutdown.
2023-07-13 02:06:50,867 [Time-limited test] INFO  ratis.OzoneManagerDoubleBuffer (OzoneManagerDoubleBuffer.java:stopDaemon(551)) - Stopping OMDoubleBuffer flush thread
2023-07-13 02:06:50,867 [OMDoubleBufferFlushThread] INFO  ratis.OzoneManagerDoubleBuffer (OzoneManagerDoubleBuffer.java:canFlush(638)) - OMDoubleBuffer flush thread OMDoubleBufferFlushThread is interrupted and will exit.
2023-07-13 02:06:50,867 [Time-limited test] INFO  om.OzoneManager (OzoneManager.java:stopSecretManager(1058)) - Stopping secret key client.
2023-07-13 02:06:50,868 [Time-limited test] INFO  om.OzoneManager (OzoneManager.java:stopSecretManager(1063)) - Stopping OM delegation token secret manager.
2023-07-13 02:06:50,869 [Time-limited test] INFO  snapshot.SnapshotDiffManager (SnapshotDiffManager.java:closeExecutorService(1720)) - Shutting down executorService: 'SnapDiffExecutor'
2023-07-13 02:06:50,869 [Time-limited test] INFO  snapshot.SnapshotDiffManager (SnapshotDiffManager.java:closeExecutorService(1720)) - Shutting down executorService: 'SstDumpToolExecutor'
2023-07-13 02:06:50,869 [Time-limited test] INFO  utils.BackgroundService (BackgroundService.java:shutdown(141)) - Shutting down service SnapshotDiffCleanupService
]]></system-out>
  </testcase>
  <testcase name="testDelegationTokenRenewal" classname="org.apache.hadoop.ozone.TestSecureOzoneCluster" time="10.823">
    <system-out><![CDATA[2023-07-13 02:06:50,895 [Time-limited test] INFO  net.ServerSocketUtil (ServerSocketUtil.java:getPort(55)) - Using port 9860
2023-07-13 02:06:50,895 [Time-limited test] INFO  net.ServerSocketUtil (ServerSocketUtil.java:getPort(55)) - Using port 9861
2023-07-13 02:06:50,895 [Time-limited test] INFO  net.ServerSocketUtil (ServerSocketUtil.java:getPort(55)) - Using port 9863
2023-07-13 02:06:50,896 [Time-limited test] INFO  net.ServerSocketUtil (ServerSocketUtil.java:getPort(55)) - Using port 9961
2023-07-13 02:06:50,896 [Time-limited test] INFO  net.ServerSocketUtil (ServerSocketUtil.java:getPort(55)) - Using port 1200
2023-07-13 02:06:50,896 [Time-limited test] INFO  net.ServerSocketUtil (ServerSocketUtil.java:getPort(55)) - Using port 1201
2023-07-13 02:06:50,896 [Time-limited test] INFO  minikdc.MiniKdc (MiniKdc.java:<init>(225)) - Configuration:
2023-07-13 02:06:50,896 [Time-limited test] INFO  minikdc.MiniKdc (MiniKdc.java:<init>(226)) - ---------------------------------------------------------------
2023-07-13 02:06:50,896 [Time-limited test] INFO  minikdc.MiniKdc (MiniKdc.java:<init>(228)) -   debug: false
2023-07-13 02:06:50,896 [Time-limited test] INFO  minikdc.MiniKdc (MiniKdc.java:<init>(228)) -   transport: TCP
2023-07-13 02:06:50,896 [Time-limited test] INFO  minikdc.MiniKdc (MiniKdc.java:<init>(228)) -   max.ticket.lifetime: 86400000
2023-07-13 02:06:50,896 [Time-limited test] INFO  minikdc.MiniKdc (MiniKdc.java:<init>(228)) -   org.name: EXAMPLE
2023-07-13 02:06:50,896 [Time-limited test] INFO  minikdc.MiniKdc (MiniKdc.java:<init>(228)) -   kdc.port: 0
2023-07-13 02:06:50,897 [Time-limited test] INFO  minikdc.MiniKdc (MiniKdc.java:<init>(228)) -   org.domain: COM
2023-07-13 02:06:50,897 [Time-limited test] INFO  minikdc.MiniKdc (MiniKdc.java:<init>(228)) -   max.renewable.lifetime: 604800000
2023-07-13 02:06:50,897 [Time-limited test] INFO  minikdc.MiniKdc (MiniKdc.java:<init>(228)) -   instance: DefaultKrbServer
2023-07-13 02:06:50,897 [Time-limited test] INFO  minikdc.MiniKdc (MiniKdc.java:<init>(228)) -   kdc.bind.address: localhost
2023-07-13 02:06:50,897 [Time-limited test] INFO  minikdc.MiniKdc (MiniKdc.java:<init>(230)) - ---------------------------------------------------------------
2023-07-13 02:06:50,899 [Time-limited test] INFO  minikdc.MiniKdc (MiniKdc.java:start(285)) - MiniKdc started.
2023-07-13 02:06:51,078 [Time-limited test] INFO  om.OzoneManager (OzoneManager.java:getOmDetailsProto(4566)) - OzoneManager ports added:[name: "RPC"
value: 1202
]
2023-07-13 02:06:51,079 [Time-limited test] WARN  server.ServerUtils (ServerUtils.java:getDBPath(311)) - ozone.om.db.dirs is not configured. We recommend adding this setting. Falling back to ozone.metadata.dirs instead.
2023-07-13 02:06:51,081 [Time-limited test] INFO  ha.OMHANodeDetails (OMHANodeDetails.java:loadOMHAConfig(115)) - ozone.om.internal.service.id is not defined, falling back to ozone.om.service.ids to find serviceID for OzoneManager if it is HA enabled cluster
2023-07-13 02:06:51,082 [Time-limited test] INFO  ha.OMHANodeDetails (OMHANodeDetails.java:loadOMHAConfig(226)) - Configuration does not have ozone.om.address set. Falling back to the default OM address fv-az201-768.ett4tu3jvdse5ovc2mkgjqcs5a.bx.internal.cloudapp.net/10.1.0.115:1202
2023-07-13 02:06:51,082 [Time-limited test] INFO  ha.OMHANodeDetails (OMHANodeDetails.java:getOMNodeDetailsForNonHA(254)) - OM Service ID is not set. Setting it to the default ID: omServiceIdDefault
2023-07-13 02:06:51,082 [Time-limited test] INFO  ha.OMHANodeDetails (OMHANodeDetails.java:getOMNodeDetailsForNonHA(261)) - OM Node ID is not set. Setting it to the default ID: om1
2023-07-13 02:06:51,082 [Time-limited test] WARN  server.ServerUtils (ServerUtils.java:getDBPath(311)) - ozone.om.db.dirs is not configured. We recommend adding this setting. Falling back to ozone.metadata.dirs instead.
2023-07-13 02:06:51,083 [Time-limited test] INFO  upgrade.AbstractLayoutVersionManager (AbstractLayoutVersionManager.java:init(83)) - Initializing Layout version manager with metadata layout = QUOTA (version = 6), software layout = QUOTA (version = 6)
2023-07-13 02:06:51,160 [Time-limited test] INFO  reflections.Reflections (Reflections.java:scan(232)) - Reflections took 75 ms to scan 2 urls, producing 186 keys and 508 values [using 2 cores]
2023-07-13 02:06:51,160 [Time-limited test] INFO  upgrade.OMLayoutVersionManager (OMLayoutVersionManager.java:lambda$0(115)) - Skipping Upgrade Action QuotaRepairUpgradeAction since it has been finalized.
2023-07-13 02:06:51,160 [Time-limited test] INFO  upgrade.OMLayoutVersionManager (OMLayoutVersionManager.java:lambda$0(115)) - Skipping Upgrade Action MockOmUpgradeAction since it has been finalized.
2023-07-13 02:06:51,167 [pool-538-thread-1] INFO  request.KdcRequest (KdcRequest.java:preauth(651)) - The preauth data is empty.
2023-07-13 02:06:51,168 [pool-538-thread-1] INFO  server.KdcHandler (KdcHandler.java:handleRecoverableException(177)) - KRB error occurred while processing request:Additional pre-authentication required
2023-07-13 02:06:51,173 [pool-538-thread-1] INFO  request.AsRequest (AsRequest.java:issueTicket(112)) - AS_REQ ISSUE: authtime 1689214011172,om/fv-az201-768.ett4tu3jvdse5ovc2mkgjqcs5a.bx.internal.cloudapp.net@EXAMPLE.COM for krbtgt/EXAMPLE.COM@EXAMPLE.COM
2023-07-13 02:06:51,174 [Time-limited test] INFO  security.UserGroupInformation (UserGroupInformation.java:loginUserFromKeytab(1132)) - Login successful for user om/fv-az201-768.ett4tu3jvdse5ovc2mkgjqcs5a.bx.internal.cloudapp.net@EXAMPLE.COM using keytab file om.keytab. Keytab auto renewal enabled : false
2023-07-13 02:06:51,174 [Time-limited test] INFO  om.OzoneManager (OzoneManager.java:loginOMUser(1155)) - Ozone Manager login successful.
2023-07-13 02:06:51,174 [Time-limited test] WARN  server.ServerUtils (ServerUtils.java:getDBPath(311)) - ozone.om.db.dirs is not configured. We recommend adding this setting. Falling back to ozone.metadata.dirs instead.
2023-07-13 02:06:51,176 [Time-limited test] INFO  proxy.SCMBlockLocationFailoverProxyProvider (SCMBlockLocationFailoverProxyProvider.java:<init>(114)) - Created block location fail-over proxy with 1 nodes: [nodeId=scmNodeId,nodeAddress=localhost/127.0.0.1:9863]
2023-07-13 02:06:51,178 [Time-limited test] INFO  om.OzoneManager (OzoneManager.java:getOmDetailsProto(4566)) - OzoneManager ports added:[name: "RPC"
value: 1202
]
2023-07-13 02:06:51,179 [Time-limited test] INFO  security.OMCertificateClient (DefaultCertificateClient.java:updateCertSerialId(1248)) - Certificate serial ID set to 9879877970576
2023-07-13 02:06:51,179 [Time-limited test] WARN  security.OMCertificateClient (DefaultCertificateClient.java:loadAllCertificates(170)) - Certificates could not be loaded.
java.nio.file.NoSuchFileException: /tmp/junit4451009949110254358/junit2146030029438997850/om-meta/om/certs
	at sun.nio.fs.UnixException.translateToIOException(UnixException.java:86)
	at sun.nio.fs.UnixException.rethrowAsIOException(UnixException.java:102)
	at sun.nio.fs.UnixException.rethrowAsIOException(UnixException.java:107)
	at sun.nio.fs.UnixFileSystemProvider.newDirectoryStream(UnixFileSystemProvider.java:427)
	at java.nio.file.Files.newDirectoryStream(Files.java:457)
	at java.nio.file.Files.list(Files.java:3451)
	at org.apache.hadoop.hdds.security.x509.certificate.client.DefaultCertificateClient.loadAllCertificates(DefaultCertificateClient.java:165)
	at org.apache.hadoop.hdds.security.x509.certificate.client.DefaultCertificateClient.updateCertSerialId(DefaultCertificateClient.java:1249)
	at org.apache.hadoop.hdds.security.x509.certificate.client.DefaultCertificateClient.<init>(DefaultCertificateClient.java:154)
	at org.apache.hadoop.hdds.security.x509.certificate.client.CommonCertificateClient.<init>(CommonCertificateClient.java:50)
	at org.apache.hadoop.ozone.security.OMCertificateClient.<init>(OMCertificateClient.java:68)
	at org.apache.hadoop.ozone.om.OzoneManager.<init>(OzoneManager.java:639)
	at org.apache.hadoop.ozone.om.OzoneManager.createOm(OzoneManager.java:750)
	at org.apache.hadoop.ozone.TestSecureOzoneCluster.setupOm(TestSecureOzoneCluster.java:693)
	at org.apache.hadoop.ozone.TestSecureOzoneCluster.testDelegationTokenRenewal(TestSecureOzoneCluster.java:615)
	at sun.reflect.NativeMethodAccessorImpl.invoke0(Native Method)
	at sun.reflect.NativeMethodAccessorImpl.invoke(NativeMethodAccessorImpl.java:62)
	at sun.reflect.DelegatingMethodAccessorImpl.invoke(DelegatingMethodAccessorImpl.java:43)
	at java.lang.reflect.Method.invoke(Method.java:498)
	at org.junit.runners.model.FrameworkMethod$1.runReflectiveCall(FrameworkMethod.java:59)
	at org.junit.internal.runners.model.ReflectiveCallable.run(ReflectiveCallable.java:12)
	at org.junit.runners.model.FrameworkMethod.invokeExplosively(FrameworkMethod.java:56)
	at org.junit.internal.runners.statements.InvokeMethod.evaluate(InvokeMethod.java:17)
	at org.junit.internal.runners.statements.RunBefores.evaluate(RunBefores.java:26)
	at org.junit.internal.runners.statements.RunAfters.evaluate(RunAfters.java:27)
	at org.junit.rules.ExternalResource$1.evaluate(ExternalResource.java:54)
	at org.junit.internal.runners.statements.FailOnTimeout$CallableStatement.call(FailOnTimeout.java:288)
	at org.junit.internal.runners.statements.FailOnTimeout$CallableStatement.call(FailOnTimeout.java:282)
	at java.util.concurrent.FutureTask.run(FutureTask.java:266)
	at java.lang.Thread.run(Thread.java:750)
2023-07-13 02:06:51,181 [Time-limited test] INFO  om.OzoneManager (OzoneManager.java:<init>(658)) - OM start with adminUsers: [om/fv-az201-768.ett4tu3jvdse5ovc2mkgjqcs5a.bx.internal.cloudapp.net@EXAMPLE.COM, om]
2023-07-13 02:06:51,182 [Time-limited test] WARN  server.ServerUtils (ServerUtils.java:getDBPath(311)) - ozone.om.db.dirs is not configured. We recommend adding this setting. Falling back to ozone.metadata.dirs instead.
2023-07-13 02:06:51,183 [Time-limited test] INFO  helpers.OmKeyInfo (OmKeyInfo.java:getCodec(71)) - OmKeyInfo.getCodec ignorePipeline = true
2023-07-13 02:06:51,452 [Time-limited test] INFO  om.OzoneManager (OzoneManager.java:instantiateServices(787)) - S3 Multi-Tenancy is disabled
2023-07-13 02:06:51,453 [Time-limited test] INFO  security.OzoneSecretStore (OzoneSecretStore.java:loadState(69)) - Loaded 0 tokens
2023-07-13 02:06:51,453 [Time-limited test] INFO  security.OzoneDelegationTokenSecretManager (OzoneDelegationTokenSecretManager.java:loadTokenSecretState(530)) - Loading token state into token manager.
2023-07-13 02:06:51,453 [Time-limited test] INFO  om.OmSnapshotManager (OmSnapshotManager.java:<init>(175)) - Ozone filesystem snapshot feature is enabled.
2023-07-13 02:06:51,454 [Time-limited test] WARN  server.ServerUtils (ServerUtils.java:getDBPath(311)) - ozone.om.snapshot.diff.db.dir is not configured. We recommend adding this setting. Falling back to ozone.metadata.dirs instead.
2023-07-13 02:06:51,490 [Time-limited test] INFO  snapshot.SnapshotDiffManager (SnapshotDiffManager.java:closeExecutorService(1720)) - Shutting down executorService: 'SstDumpToolExecutor'
2023-07-13 02:06:51,493 [Time-limited test] INFO  om.OzoneManager (OzoneManager.java:addS3GVolumeToDB(4298)) - Created Volume s3v With Owner om required for S3Gateway operations.
2023-07-13 02:06:51,493 [Time-limited test] WARN  server.ServerUtils (ServerUtils.java:getDefaultRatisDirectory(323)) - Storage directory for Ratis is not configured. It is a good idea to map this to an SSD disk. Falling back to ozone.metadata.dirs
2023-07-13 02:06:51,494 [Time-limited test] WARN  utils.OzoneManagerRatisUtils (OzoneManagerRatisUtils.java:getOMRatisSnapshotDirectory(461)) - ozone.om.ratis.snapshot.dir is not configured. Falling back to ozone.metadata.dirs config
2023-07-13 02:06:51,494 [Time-limited test] WARN  server.ServerUtils (ServerUtils.java:getDefaultRatisDirectory(323)) - Storage directory for Ratis is not configured. It is a good idea to map this to an SSD disk. Falling back to ozone.metadata.dirs
2023-07-13 02:06:51,496 [Time-limited test] INFO  ratis.OzoneManagerRatisServer (OzoneManagerRatisServer.java:<init>(163)) - Instantiating OM Ratis server with groupID: omServiceIdDefault and peers: fv-az201-768.ett4tu3jvdse5ovc2mkgjqcs5a.bx.internal.cloudapp.net:9872
2023-07-13 02:06:51,496 [Time-limited test] INFO  ratis.OzoneManagerStateMachine (OzoneManagerStateMachine.java:loadSnapshotInfoFromDB(670)) - LastAppliedIndex is set from TransactionInfo from OM DB as (t:0, i:~)
2023-07-13 02:06:51,496 [Time-limited test] INFO  server.RaftServer (ConfUtils.java:logGet(46)) - raft.rpc.type = GRPC (default)
2023-07-13 02:06:51,497 [Time-limited test] INFO  grpc.GrpcConfigKeys (ConfUtils.java:logFallback(53)) - raft.grpc.admin.host = null (fallback to raft.grpc.server.host)
2023-07-13 02:06:51,497 [Time-limited test] INFO  grpc.GrpcConfigKeys (ConfUtils.java:logFallback(53)) - raft.grpc.admin.port = 9872 (fallback to raft.grpc.server.port)
2023-07-13 02:06:51,497 [Time-limited test] INFO  grpc.GrpcConfigKeys (ConfUtils.java:logFallback(53)) - raft.grpc.client.host = null (fallback to raft.grpc.server.host)
2023-07-13 02:06:51,497 [Time-limited test] INFO  grpc.GrpcConfigKeys (ConfUtils.java:logFallback(53)) - raft.grpc.client.port = 9872 (fallback to raft.grpc.server.port)
2023-07-13 02:06:51,497 [Time-limited test] INFO  grpc.GrpcConfigKeys (ConfUtils.java:logGet(46)) - raft.grpc.server.host = null (default)
2023-07-13 02:06:51,497 [Time-limited test] INFO  grpc.GrpcConfigKeys (ConfUtils.java:logGet(46)) - raft.grpc.server.port = 9872 (custom)
2023-07-13 02:06:51,497 [Time-limited test] INFO  server.GrpcService (ConfUtils.java:logGet(46)) - raft.grpc.message.size.max = 33554432 (custom)
2023-07-13 02:06:51,497 [Time-limited test] INFO  server.RaftServerConfigKeys (ConfUtils.java:logGet(46)) - raft.server.log.appender.buffer.byte-limit = 33554432 (custom)
2023-07-13 02:06:51,497 [Time-limited test] INFO  server.GrpcService (ConfUtils.java:logGet(46)) - raft.grpc.flow.control.window = 1MB (=1048576) (default)
2023-07-13 02:06:51,498 [Time-limited test] INFO  server.RaftServerConfigKeys (ConfUtils.java:logGet(46)) - raft.server.rpc.request.timeout = 3000ms (default)
2023-07-13 02:06:51,498 [Time-limited test] INFO  grpc.GrpcConfigKeys (ConfUtils.java:logGet(46)) - raft.grpc.server.heartbeat.channel = true (default)
2023-07-13 02:06:51,498 [Time-limited test] INFO  grpc.GrpcConfigKeys (ConfUtils.java:logGet(46)) - raft.grpc.server.async.request.thread.pool.cached = true (default)
2023-07-13 02:06:51,498 [Time-limited test] INFO  grpc.GrpcConfigKeys (ConfUtils.java:logGet(46)) - raft.grpc.server.async.request.thread.pool.size = 32 (default)
2023-07-13 02:06:51,499 [Time-limited test] INFO  impl.DataStreamServerImpl (ConfUtils.java:logGet(46)) - raft.datastream.type = DISABLED (default)
2023-07-13 02:06:51,500 [Time-limited test] INFO  server.RaftServerConfigKeys (ConfUtils.java:logGet(46)) - raft.server.threadpool.proxy.cached = true (default)
2023-07-13 02:06:51,500 [Time-limited test] INFO  server.RaftServerConfigKeys (ConfUtils.java:logGet(46)) - raft.server.threadpool.proxy.size = 0 (default)
2023-07-13 02:06:51,500 [Time-limited test] INFO  server.RaftServerConfigKeys (ConfUtils.java:logGet(46)) - raft.server.rpc.slowness.timeout = 120s (custom)
2023-07-13 02:06:51,500 [Time-limited test] INFO  server.RaftServerConfigKeys (ConfUtils.java:logGet(46)) - raft.server.leaderelection.leader.step-down.wait-time = 10s (default)
2023-07-13 02:06:51,500 [Time-limited test] INFO  server.RaftServerConfigKeys (ConfUtils.java:logGet(46)) - raft.server.storage.dir = [/tmp/junit4451009949110254358/junit2146030029438997850/om-meta/ratis] (custom)
2023-07-13 02:06:51,501 [Time-limited test] INFO  server.RaftServer (RaftServerProxy.java:addNew(98)) - om1: addNew group-C5BA1605619E:[om1|rpc:fv-az201-768.ett4tu3jvdse5ovc2mkgjqcs5a.bx.internal.cloudapp.net:9872|priority:0|startupRole:FOLLOWER] returns group-C5BA1605619E:java.util.concurrent.CompletableFuture@4e33d275[Not completed]
2023-07-13 02:06:51,501 [Time-limited test] INFO  om.OzoneManager (OzoneManager.java:initializeRatisServer(2139)) - OzoneManager Ratis server initialized at port 9872
2023-07-13 02:06:51,501 [Time-limited test] INFO  om.OzoneManager (OzoneManager.java:getRpcServer(1187)) - Creating RPC Server
2023-07-13 02:06:51,503 [om1-groupManagement] INFO  server.RaftServer$Division (RaftServerImpl.java:<init>(198)) - om1: new RaftServerImpl for group-C5BA1605619E:[om1|rpc:fv-az201-768.ett4tu3jvdse5ovc2mkgjqcs5a.bx.internal.cloudapp.net:9872|priority:0|startupRole:FOLLOWER] with OzoneManagerStateMachine:uninitialized
2023-07-13 02:06:51,503 [om1-groupManagement] INFO  server.RaftServerConfigKeys (ConfUtils.java:logGet(46)) - raft.server.rpc.timeout.min = 5s (custom)
2023-07-13 02:06:51,503 [om1-groupManagement] INFO  server.RaftServerConfigKeys (ConfUtils.java:logGet(46)) - raft.server.rpc.timeout.max = 5200ms (custom)
2023-07-13 02:06:51,503 [om1-groupManagement] INFO  server.RaftServerConfigKeys (ConfUtils.java:logGet(46)) - raft.server.rpc.sleep.time = 25ms (default)
2023-07-13 02:06:51,503 [om1-groupManagement] INFO  server.RaftServerConfigKeys (ConfUtils.java:logGet(46)) - raft.server.rpc.slowness.timeout = 120s (custom)
2023-07-13 02:06:51,505 [om1-groupManagement] INFO  server.RaftServerConfigKeys (ConfUtils.java:logGet(46)) - raft.server.leaderelection.leader.step-down.wait-time = 10s (default)
2023-07-13 02:06:51,505 [om1-groupManagement] INFO  server.RaftServerConfigKeys (ConfUtils.java:logGet(46)) - raft.server.sleep.deviation.threshold = 300ms (default)
2023-07-13 02:06:51,505 [om1-groupManagement] INFO  server.RaftServer$Division (ServerState.java:<init>(120)) - om1@group-C5BA1605619E: ConfigurationManager, init=-1: peers:[om1|rpc:fv-az201-768.ett4tu3jvdse5ovc2mkgjqcs5a.bx.internal.cloudapp.net:9872|priority:0|startupRole:FOLLOWER]|listeners:[], old=null, confs=<EMPTY_MAP>
2023-07-13 02:06:51,505 [om1-groupManagement] INFO  server.RaftServerConfigKeys (ConfUtils.java:logGet(46)) - raft.server.storage.dir = [/tmp/junit4451009949110254358/junit2146030029438997850/om-meta/ratis] (custom)
2023-07-13 02:06:51,505 [om1-groupManagement] INFO  server.RaftServerConfigKeys (ConfUtils.java:logGet(46)) - raft.server.log.corruption.policy = EXCEPTION (default)
2023-07-13 02:06:51,505 [om1-groupManagement] INFO  server.RaftServerConfigKeys (ConfUtils.java:logGet(46)) - raft.server.storage.free-space.min = 0MB (=0) (default)
2023-07-13 02:06:51,506 [om1-groupManagement] INFO  server.RaftServerConfigKeys (ConfUtils.java:logGet(46)) - raft.server.notification.no-leader.timeout = 120s (custom)
2023-07-13 02:06:51,506 [om1-groupManagement] INFO  server.RaftServerConfigKeys (ConfUtils.java:logGet(46)) - raft.server.read.timeout = 10s (default)
2023-07-13 02:06:51,506 [om1-groupManagement] INFO  server.RaftServerConfigKeys (ConfUtils.java:logGet(46)) - raft.server.retrycache.expirytime = 300s (custom)
2023-07-13 02:06:51,506 [om1-groupManagement] INFO  server.RaftServerConfigKeys (ConfUtils.java:logGet(46)) - raft.server.retrycache.statistics.expirytime = 100μs (default)
2023-07-13 02:06:51,506 [om1-groupManagement] INFO  server.RaftServerConfigKeys (ConfUtils.java:logGet(46)) - raft.server.read.option = DEFAULT (default)
2023-07-13 02:06:51,507 [om1-groupManagement] INFO  server.RaftServerConfigKeys (ConfUtils.java:logGet(46)) - raft.server.rpc.request.timeout = 3000ms (default)
2023-07-13 02:06:51,507 [om1-groupManagement] INFO  server.RaftServerConfigKeys (ConfUtils.java:logGet(46)) - raft.server.log.appender.install.snapshot.enabled = false (custom)
2023-07-13 02:06:51,507 [om1-groupManagement] INFO  server.RaftServerConfigKeys (ConfUtils.java:logGet(46)) - raft.server.threadpool.server.cached = true (default)
2023-07-13 02:06:51,507 [om1-groupManagement] INFO  server.RaftServerConfigKeys (ConfUtils.java:logGet(46)) - raft.server.threadpool.server.size = 0 (default)
2023-07-13 02:06:51,508 [om1-groupManagement] INFO  server.RaftServerConfigKeys (ConfUtils.java:logGet(46)) - raft.server.threadpool.client.cached = true (default)
2023-07-13 02:06:51,508 [om1-groupManagement] INFO  server.RaftServerConfigKeys (ConfUtils.java:logGet(46)) - raft.server.threadpool.client.size = 0 (default)
2023-07-13 02:06:51,908 [Time-limited test] INFO  reflections.Reflections (Reflections.java:scan(232)) - Reflections took 406 ms to scan 19 urls, producing 70 keys and 5533 values [using 2 cores]
2023-07-13 02:06:51,909 [Time-limited test] INFO  ipc.CallQueueManager (CallQueueManager.java:<init>(90)) - Using callQueue: class java.util.concurrent.LinkedBlockingQueue, queueCapacity: 10000, scheduler: class org.apache.hadoop.ipc.DefaultRpcScheduler, ipcBackoff: false.
2023-07-13 02:06:51,910 [Time-limited test] INFO  ipc.Server (Server.java:<init>(1287)) - Listener at fv-az201-768.ett4tu3jvdse5ovc2mkgjqcs5a.bx.internal.cloudapp.net:1202
2023-07-13 02:06:51,910 [Socket Reader #1 for port 1202] INFO  ipc.Server (Server.java:run(1323)) - Starting Socket Reader #1 for port 1202
2023-07-13 02:06:52,463 [Time-limited test] INFO  utils.SelfSignedCertificate (SelfSignedCertificate.java:generateCertificate(157)) - Certificate 1 is issued by CN=rootCA@localhost,OU=scm1,O=cluster1 to CN=rootCA@localhost,OU=scm1,O=cluster1, valid from Thu Jul 13 02:06:52 UTC 2023 to Sun Aug 20 02:06:52 UTC 2028
2023-07-13 02:06:52,469 [Time-limited test] INFO  ssl.ReloadingX509KeyManager (ReloadingX509KeyManager.java:loadKeyManager(222)) - Key manager is loaded with certificate chain
2023-07-13 02:06:52,470 [Time-limited test] INFO  ssl.ReloadingX509KeyManager (ReloadingX509KeyManager.java:loadKeyManager(224)) - [
[
  Version: V3
  Subject: O=cluster1, OU=scm1, CN=localhost
  Signature Algorithm: SHA256withRSA, OID = 1.2.840.113549.1.1.11

  Key:  Sun RSA public key, 2048 bits
  params: null
  modulus: 23985315882575458694125427889610802675469002382521422361910324687884485247047133316575058833427966152955802548024811757356090760642297702829709252220278218363581068490824257857410581292804542024858201076325950942513919686293741983166472909839344399093716936365517951696340310624962039206493168093948234351710355830835345476553980341616883923644341735494841045939532604131831928636681386885492914644247675125683231237687980132392589508058607205077005895575201465683913798953470541281160711220838550313413821930504132775278238100534904384438348601035780694448700977354897777362154423516519038033935456759006973024464123
  public exponent: 65537
  Validity: [From: Thu Jul 13 02:06:52 UTC 2023,
               To: Fri Jul 12 02:06:52 UTC 2024]
  Issuer: O=cluster1, OU=scm1, CN=rootCA@localhost
  SerialNumber: [    013a70a6 bccc]

Certificate Extensions: 1
[1]: ObjectId: 2.5.29.15 Criticality=true
KeyUsage [
  DigitalSignature
  Key_Encipherment
  Data_Encipherment
  Key_Agreement
]

]
  Algorithm: [SHA256withRSA]
  Signature:
0000: 08 CE 2E 50 BD DC F6 0C   B3 44 01 F3 8C 24 9E E4  ...P.....D...$..
0010: EB B8 29 FA 38 3C 15 09   B9 57 46 E6 61 ED 4B 69  ..).8<...WF.a.Ki
0020: E4 42 82 C6 A1 E1 2A E4   A2 1C 38 E9 EE 19 9B 72  .B....*...8....r
0030: 9A AA 97 13 34 D7 A9 A0   15 00 47 F9 48 59 D5 B9  ....4.....G.HY..
0040: 82 AA 29 8C 2A EF 15 9A   43 88 4C 50 17 19 6D D6  ..).*...C.LP..m.
0050: 6A 44 B6 59 C6 1A 22 42   1D 3F 24 DF DB EF 9B 20  jD.Y.."B.?$.... 
0060: 6A 77 6F B4 FE BA 88 8F   22 1D EE B8 36 43 FF 3C  jwo....."...6C.<
0070: ED C8 17 CF 70 63 1F 0C   D9 14 EC 00 87 E8 C9 16  ....pc..........
0080: 8A 0A F7 6F 4B AB 37 B5   6F FE B5 F0 25 4C 4F A8  ...oK.7.o...%LO.
0090: 26 C0 AD E1 15 95 71 AF   6D 64 1E F0 A4 34 E5 07  &.....q.md...4..
00A0: BE 6A 1A 75 68 C1 6C 68   9B 97 20 96 7D D6 97 FD  .j.uh.lh.. .....
00B0: 11 0D 4B AC FE F5 63 1C   0C 39 43 17 6A EA 66 43  ..K...c..9C.j.fC
00C0: CC 93 99 DF 20 66 8B 41   42 97 FC 56 10 F7 E7 F1  .... f.AB..V....
00D0: ED F9 AC 8D 44 B6 A0 05   1A 5A 2A 96 43 C2 EC 28  ....D....Z*.C..(
00E0: DE B8 66 64 DB 52 53 84   93 3A 20 99 41 30 FD 06  ..fd.RS..: .A0..
00F0: 84 D5 84 D9 C2 2D F3 D9   45 FE 5B B5 A6 30 ED 70  .....-..E.[..0.p

]
2023-07-13 02:06:52,470 [Time-limited test] INFO  ssl.ReloadingX509KeyManager (ReloadingX509KeyManager.java:loadKeyManager(224)) - [
[
  Version: V3
  Subject: O=cluster1, OU=scm1, CN=rootCA@localhost
  Signature Algorithm: SHA256withRSA, OID = 1.2.840.113549.1.1.11

  Key:  Sun RSA public key, 2048 bits
  params: null
  modulus: 25903761515954936706740546634013107056480220786041895306311736718646362849143373529297882364918019020380365147498464799975735227263812234364161837312197722248479852119706013876979218999167217547755918025893775892502837620334626931453093003510966937104016590099478627030839179593170923099425304674037226321138427369763299424015682775316842574277918524281814732603100367715797692214414489137443149621142836434685386917295027141496621939926560622316697518427462395047561250380079678378980016872470862985594387099410010819607054444070281547756052697585796889664546901941581499901810220958165768707233556701947391835528063
  public exponent: 65537
  Validity: [From: Thu Jul 13 02:06:52 UTC 2023,
               To: Sun Aug 20 02:06:52 UTC 2028]
  Issuer: O=cluster1, OU=scm1, CN=rootCA@localhost
  SerialNumber: [    01]

Certificate Extensions: 2
[1]: ObjectId: 2.5.29.19 Criticality=true
BasicConstraints:[
  CA:true
  PathLen:2147483647
]

[2]: ObjectId: 2.5.29.15 Criticality=true
KeyUsage [
  Key_CertSign
  Crl_Sign
]

]
  Algorithm: [SHA256withRSA]
  Signature:
0000: 58 1F 0C 70 EA F3 D3 48   31 F8 FB CE 4B CA E6 01  X..p...H1...K...
0010: 65 42 EF 5E F5 F6 31 8A   A0 DE 1B 52 28 F4 85 DB  eB.^..1....R(...
0020: 73 82 86 CC 87 1A 71 74   69 5E A7 58 83 71 8C F7  s.....qti^.X.q..
0030: B4 CC 76 FE AF 03 94 37   45 34 E0 15 95 48 1F 0F  ..v....7E4...H..
0040: D1 B9 09 AF 79 8F 40 89   8E F4 90 80 92 C6 32 10  ....y.@.......2.
0050: 49 00 DF 4D B2 0C 6F F3   4E 9D 62 2D 22 E6 BC 17  I..M..o.N.b-"...
0060: 48 C1 52 21 D0 00 99 82   68 11 61 FF 9B 1D 85 A8  H.R!....h.a.....
0070: 40 A5 96 0F 78 72 3E 87   C7 20 5D DE F7 E1 04 6D  @...xr>.. ]....m
0080: AF 54 25 78 2A F3 FE 5B   E3 94 6A 79 D5 51 CF 98  .T%x*..[..jy.Q..
0090: 1A 29 2C C6 79 26 45 A8   3A BB B4 0B 44 3F FF 99  .),.y&E.:...D?..
00A0: AF 08 64 87 17 9B D3 10   86 7B B0 40 3D CF B5 2B  ..d........@=..+
00B0: 4A C1 71 89 5B 2E 6B 46   FA 51 E5 5F DC 9A AB AE  J.q.[.kF.Q._....
00C0: B3 B9 F5 44 70 F6 9D F2   0E 50 6B BD DE 10 2B 52  ...Dp....Pk...+R
00D0: 33 CF 4B 51 90 BC 18 69   8A C5 8C A7 B2 0E FD 61  3.KQ...i.......a
00E0: 16 E7 1B 5E 8D 16 BA 3B   F6 59 25 06 A8 B0 7D 64  ...^...;.Y%....d
00F0: 74 AF BD B4 CE BE C1 EC   DD 6E D5 B5 86 FF 25 99  t........n....%.

]
2023-07-13 02:06:52,471 [Time-limited test] INFO  ssl.ReloadingX509TrustManager (ReloadingX509TrustManager.java:insertCertsToKeystore(188)) - Trust manager is loaded with certificates
2023-07-13 02:06:52,471 [Time-limited test] INFO  ssl.ReloadingX509TrustManager (ReloadingX509TrustManager.java:insertCertsToKeystore(192)) - [
[
  Version: V3
  Subject: O=cluster1, OU=scm1, CN=rootCA@localhost
  Signature Algorithm: SHA256withRSA, OID = 1.2.840.113549.1.1.11

  Key:  Sun RSA public key, 2048 bits
  params: null
  modulus: 25903761515954936706740546634013107056480220786041895306311736718646362849143373529297882364918019020380365147498464799975735227263812234364161837312197722248479852119706013876979218999167217547755918025893775892502837620334626931453093003510966937104016590099478627030839179593170923099425304674037226321138427369763299424015682775316842574277918524281814732603100367715797692214414489137443149621142836434685386917295027141496621939926560622316697518427462395047561250380079678378980016872470862985594387099410010819607054444070281547756052697585796889664546901941581499901810220958165768707233556701947391835528063
  public exponent: 65537
  Validity: [From: Thu Jul 13 02:06:52 UTC 2023,
               To: Sun Aug 20 02:06:52 UTC 2028]
  Issuer: O=cluster1, OU=scm1, CN=rootCA@localhost
  SerialNumber: [    01]

Certificate Extensions: 2
[1]: ObjectId: 2.5.29.19 Criticality=true
BasicConstraints:[
  CA:true
  PathLen:2147483647
]

[2]: ObjectId: 2.5.29.15 Criticality=true
KeyUsage [
  Key_CertSign
  Crl_Sign
]

]
  Algorithm: [SHA256withRSA]
  Signature:
0000: 58 1F 0C 70 EA F3 D3 48   31 F8 FB CE 4B CA E6 01  X..p...H1...K...
0010: 65 42 EF 5E F5 F6 31 8A   A0 DE 1B 52 28 F4 85 DB  eB.^..1....R(...
0020: 73 82 86 CC 87 1A 71 74   69 5E A7 58 83 71 8C F7  s.....qti^.X.q..
0030: B4 CC 76 FE AF 03 94 37   45 34 E0 15 95 48 1F 0F  ..v....7E4...H..
0040: D1 B9 09 AF 79 8F 40 89   8E F4 90 80 92 C6 32 10  ....y.@.......2.
0050: 49 00 DF 4D B2 0C 6F F3   4E 9D 62 2D 22 E6 BC 17  I..M..o.N.b-"...
0060: 48 C1 52 21 D0 00 99 82   68 11 61 FF 9B 1D 85 A8  H.R!....h.a.....
0070: 40 A5 96 0F 78 72 3E 87   C7 20 5D DE F7 E1 04 6D  @...xr>.. ]....m
0080: AF 54 25 78 2A F3 FE 5B   E3 94 6A 79 D5 51 CF 98  .T%x*..[..jy.Q..
0090: 1A 29 2C C6 79 26 45 A8   3A BB B4 0B 44 3F FF 99  .),.y&E.:...D?..
00A0: AF 08 64 87 17 9B D3 10   86 7B B0 40 3D CF B5 2B  ..d........@=..+
00B0: 4A C1 71 89 5B 2E 6B 46   FA 51 E5 5F DC 9A AB AE  J.q.[.kF.Q._....
00C0: B3 B9 F5 44 70 F6 9D F2   0E 50 6B BD DE 10 2B 52  ...Dp....Pk...+R
00D0: 33 CF 4B 51 90 BC 18 69   8A C5 8C A7 B2 0E FD 61  3.KQ...i.......a
00E0: 16 E7 1B 5E 8D 16 BA 3B   F6 59 25 06 A8 B0 7D 64  ...^...;.Y%....d
00F0: 74 AF BD B4 CE BE C1 EC   DD 6E D5 B5 86 FF 25 99  t........n....%.

]
2023-07-13 02:06:52,472 [Time-limited test] INFO  ssl.ReloadingX509KeyManager (ReloadingX509KeyManager.java:loadKeyManager(222)) - Key manager is loaded with certificate chain
2023-07-13 02:06:52,472 [Time-limited test] INFO  ssl.ReloadingX509KeyManager (ReloadingX509KeyManager.java:loadKeyManager(224)) - [
[
  Version: V3
  Subject: O=cluster1, OU=scm1, CN=localhost
  Signature Algorithm: SHA256withRSA, OID = 1.2.840.113549.1.1.11

  Key:  Sun RSA public key, 2048 bits
  params: null
  modulus: 23985315882575458694125427889610802675469002382521422361910324687884485247047133316575058833427966152955802548024811757356090760642297702829709252220278218363581068490824257857410581292804542024858201076325950942513919686293741983166472909839344399093716936365517951696340310624962039206493168093948234351710355830835345476553980341616883923644341735494841045939532604131831928636681386885492914644247675125683231237687980132392589508058607205077005895575201465683913798953470541281160711220838550313413821930504132775278238100534904384438348601035780694448700977354897777362154423516519038033935456759006973024464123
  public exponent: 65537
  Validity: [From: Thu Jul 13 02:06:52 UTC 2023,
               To: Fri Jul 12 02:06:52 UTC 2024]
  Issuer: O=cluster1, OU=scm1, CN=rootCA@localhost
  SerialNumber: [    013a70a6 bccc]

Certificate Extensions: 1
[1]: ObjectId: 2.5.29.15 Criticality=true
KeyUsage [
  DigitalSignature
  Key_Encipherment
  Data_Encipherment
  Key_Agreement
]

]
  Algorithm: [SHA256withRSA]
  Signature:
0000: 08 CE 2E 50 BD DC F6 0C   B3 44 01 F3 8C 24 9E E4  ...P.....D...$..
0010: EB B8 29 FA 38 3C 15 09   B9 57 46 E6 61 ED 4B 69  ..).8<...WF.a.Ki
0020: E4 42 82 C6 A1 E1 2A E4   A2 1C 38 E9 EE 19 9B 72  .B....*...8....r
0030: 9A AA 97 13 34 D7 A9 A0   15 00 47 F9 48 59 D5 B9  ....4.....G.HY..
0040: 82 AA 29 8C 2A EF 15 9A   43 88 4C 50 17 19 6D D6  ..).*...C.LP..m.
0050: 6A 44 B6 59 C6 1A 22 42   1D 3F 24 DF DB EF 9B 20  jD.Y.."B.?$.... 
0060: 6A 77 6F B4 FE BA 88 8F   22 1D EE B8 36 43 FF 3C  jwo....."...6C.<
0070: ED C8 17 CF 70 63 1F 0C   D9 14 EC 00 87 E8 C9 16  ....pc..........
0080: 8A 0A F7 6F 4B AB 37 B5   6F FE B5 F0 25 4C 4F A8  ...oK.7.o...%LO.
0090: 26 C0 AD E1 15 95 71 AF   6D 64 1E F0 A4 34 E5 07  &.....q.md...4..
00A0: BE 6A 1A 75 68 C1 6C 68   9B 97 20 96 7D D6 97 FD  .j.uh.lh.. .....
00B0: 11 0D 4B AC FE F5 63 1C   0C 39 43 17 6A EA 66 43  ..K...c..9C.j.fC
00C0: CC 93 99 DF 20 66 8B 41   42 97 FC 56 10 F7 E7 F1  .... f.AB..V....
00D0: ED F9 AC 8D 44 B6 A0 05   1A 5A 2A 96 43 C2 EC 28  ....D....Z*.C..(
00E0: DE B8 66 64 DB 52 53 84   93 3A 20 99 41 30 FD 06  ..fd.RS..: .A0..
00F0: 84 D5 84 D9 C2 2D F3 D9   45 FE 5B B5 A6 30 ED 70  .....-..E.[..0.p

]
2023-07-13 02:06:52,472 [Time-limited test] INFO  ssl.ReloadingX509KeyManager (ReloadingX509KeyManager.java:loadKeyManager(224)) - [
[
  Version: V3
  Subject: O=cluster1, OU=scm1, CN=rootCA@localhost
  Signature Algorithm: SHA256withRSA, OID = 1.2.840.113549.1.1.11

  Key:  Sun RSA public key, 2048 bits
  params: null
  modulus: 25903761515954936706740546634013107056480220786041895306311736718646362849143373529297882364918019020380365147498464799975735227263812234364161837312197722248479852119706013876979218999167217547755918025893775892502837620334626931453093003510966937104016590099478627030839179593170923099425304674037226321138427369763299424015682775316842574277918524281814732603100367715797692214414489137443149621142836434685386917295027141496621939926560622316697518427462395047561250380079678378980016872470862985594387099410010819607054444070281547756052697585796889664546901941581499901810220958165768707233556701947391835528063
  public exponent: 65537
  Validity: [From: Thu Jul 13 02:06:52 UTC 2023,
               To: Sun Aug 20 02:06:52 UTC 2028]
  Issuer: O=cluster1, OU=scm1, CN=rootCA@localhost
  SerialNumber: [    01]

Certificate Extensions: 2
[1]: ObjectId: 2.5.29.19 Criticality=true
BasicConstraints:[
  CA:true
  PathLen:2147483647
]

[2]: ObjectId: 2.5.29.15 Criticality=true
KeyUsage [
  Key_CertSign
  Crl_Sign
]

]
  Algorithm: [SHA256withRSA]
  Signature:
0000: 58 1F 0C 70 EA F3 D3 48   31 F8 FB CE 4B CA E6 01  X..p...H1...K...
0010: 65 42 EF 5E F5 F6 31 8A   A0 DE 1B 52 28 F4 85 DB  eB.^..1....R(...
0020: 73 82 86 CC 87 1A 71 74   69 5E A7 58 83 71 8C F7  s.....qti^.X.q..
0030: B4 CC 76 FE AF 03 94 37   45 34 E0 15 95 48 1F 0F  ..v....7E4...H..
0040: D1 B9 09 AF 79 8F 40 89   8E F4 90 80 92 C6 32 10  ....y.@.......2.
0050: 49 00 DF 4D B2 0C 6F F3   4E 9D 62 2D 22 E6 BC 17  I..M..o.N.b-"...
0060: 48 C1 52 21 D0 00 99 82   68 11 61 FF 9B 1D 85 A8  H.R!....h.a.....
0070: 40 A5 96 0F 78 72 3E 87   C7 20 5D DE F7 E1 04 6D  @...xr>.. ]....m
0080: AF 54 25 78 2A F3 FE 5B   E3 94 6A 79 D5 51 CF 98  .T%x*..[..jy.Q..
0090: 1A 29 2C C6 79 26 45 A8   3A BB B4 0B 44 3F FF 99  .),.y&E.:...D?..
00A0: AF 08 64 87 17 9B D3 10   86 7B B0 40 3D CF B5 2B  ..d........@=..+
00B0: 4A C1 71 89 5B 2E 6B 46   FA 51 E5 5F DC 9A AB AE  J.q.[.kF.Q._....
00C0: B3 B9 F5 44 70 F6 9D F2   0E 50 6B BD DE 10 2B 52  ...Dp....Pk...+R
00D0: 33 CF 4B 51 90 BC 18 69   8A C5 8C A7 B2 0E FD 61  3.KQ...i.......a
00E0: 16 E7 1B 5E 8D 16 BA 3B   F6 59 25 06 A8 B0 7D 64  ...^...;.Y%....d
00F0: 74 AF BD B4 CE BE C1 EC   DD 6E D5 B5 86 FF 25 99  t........n....%.

]
2023-07-13 02:06:52,473 [Time-limited test] INFO  ssl.ReloadingX509TrustManager (ReloadingX509TrustManager.java:insertCertsToKeystore(188)) - Trust manager is loaded with certificates
2023-07-13 02:06:52,473 [Time-limited test] INFO  ssl.ReloadingX509TrustManager (ReloadingX509TrustManager.java:insertCertsToKeystore(192)) - [
[
  Version: V3
  Subject: O=cluster1, OU=scm1, CN=rootCA@localhost
  Signature Algorithm: SHA256withRSA, OID = 1.2.840.113549.1.1.11

  Key:  Sun RSA public key, 2048 bits
  params: null
  modulus: 25903761515954936706740546634013107056480220786041895306311736718646362849143373529297882364918019020380365147498464799975735227263812234364161837312197722248479852119706013876979218999167217547755918025893775892502837620334626931453093003510966937104016590099478627030839179593170923099425304674037226321138427369763299424015682775316842574277918524281814732603100367715797692214414489137443149621142836434685386917295027141496621939926560622316697518427462395047561250380079678378980016872470862985594387099410010819607054444070281547756052697585796889664546901941581499901810220958165768707233556701947391835528063
  public exponent: 65537
  Validity: [From: Thu Jul 13 02:06:52 UTC 2023,
               To: Sun Aug 20 02:06:52 UTC 2028]
  Issuer: O=cluster1, OU=scm1, CN=rootCA@localhost
  SerialNumber: [    01]

Certificate Extensions: 2
[1]: ObjectId: 2.5.29.19 Criticality=true
BasicConstraints:[
  CA:true
  PathLen:2147483647
]

[2]: ObjectId: 2.5.29.15 Criticality=true
KeyUsage [
  Key_CertSign
  Crl_Sign
]

]
  Algorithm: [SHA256withRSA]
  Signature:
0000: 58 1F 0C 70 EA F3 D3 48   31 F8 FB CE 4B CA E6 01  X..p...H1...K...
0010: 65 42 EF 5E F5 F6 31 8A   A0 DE 1B 52 28 F4 85 DB  eB.^..1....R(...
0020: 73 82 86 CC 87 1A 71 74   69 5E A7 58 83 71 8C F7  s.....qti^.X.q..
0030: B4 CC 76 FE AF 03 94 37   45 34 E0 15 95 48 1F 0F  ..v....7E4...H..
0040: D1 B9 09 AF 79 8F 40 89   8E F4 90 80 92 C6 32 10  ....y.@.......2.
0050: 49 00 DF 4D B2 0C 6F F3   4E 9D 62 2D 22 E6 BC 17  I..M..o.N.b-"...
0060: 48 C1 52 21 D0 00 99 82   68 11 61 FF 9B 1D 85 A8  H.R!....h.a.....
0070: 40 A5 96 0F 78 72 3E 87   C7 20 5D DE F7 E1 04 6D  @...xr>.. ]....m
0080: AF 54 25 78 2A F3 FE 5B   E3 94 6A 79 D5 51 CF 98  .T%x*..[..jy.Q..
0090: 1A 29 2C C6 79 26 45 A8   3A BB B4 0B 44 3F FF 99  .),.y&E.:...D?..
00A0: AF 08 64 87 17 9B D3 10   86 7B B0 40 3D CF B5 2B  ..d........@=..+
00B0: 4A C1 71 89 5B 2E 6B 46   FA 51 E5 5F DC 9A AB AE  J.q.[.kF.Q._....
00C0: B3 B9 F5 44 70 F6 9D F2   0E 50 6B BD DE 10 2B 52  ...Dp....Pk...+R
00D0: 33 CF 4B 51 90 BC 18 69   8A C5 8C A7 B2 0E FD 61  3.KQ...i.......a
00E0: 16 E7 1B 5E 8D 16 BA 3B   F6 59 25 06 A8 B0 7D 64  ...^...;.Y%....d
00F0: 74 AF BD B4 CE BE C1 EC   DD 6E D5 B5 86 FF 25 99  t........n....%.

]
2023-07-13 02:06:52,474 [Time-limited test] INFO  impl.MetricsSystemImpl (MetricsSystemImpl.java:init(158)) - OzoneManager metrics system started (again)
2023-07-13 02:06:52,489 [Time-limited test] INFO  om.OzoneManager (OzoneManager.java:start(1617)) - OzoneManager RPC server is listening at fv-az201-768.ett4tu3jvdse5ovc2mkgjqcs5a.bx.internal.cloudapp.net/10.1.0.115:1202
2023-07-13 02:06:52,489 [Time-limited test] INFO  ratis.OzoneManagerRatisServer (OzoneManagerRatisServer.java:start(558)) - Starting OzoneManagerRatisServer om1 at port 9872
2023-07-13 02:06:52,489 [om1-impl-thread1] INFO  storage.RaftStorageDirectory (RaftStorageDirectoryImpl.java:analyzeStorage(137)) - The storage directory /tmp/junit4451009949110254358/junit2146030029438997850/om-meta/ratis/bf265839-605b-3f16-9796-c5ba1605619e does not exist. Creating ...
2023-07-13 02:06:52,495 [om1-impl-thread1] INFO  storage.RaftStorageDirectory (RaftStorageDirectoryImpl.java:tryLock(231)) - Lock on /tmp/junit4451009949110254358/junit2146030029438997850/om-meta/ratis/bf265839-605b-3f16-9796-c5ba1605619e/in_use.lock acquired by nodename 2446@fv-az201-768
2023-07-13 02:06:52,497 [om1-impl-thread1] INFO  storage.RaftStorage (RaftStorageImpl.java:format(96)) - Storage directory /tmp/junit4451009949110254358/junit2146030029438997850/om-meta/ratis/bf265839-605b-3f16-9796-c5ba1605619e has been successfully formatted.
2023-07-13 02:06:52,497 [om1-impl-thread1] INFO  server.RaftServerConfigKeys (ConfUtils.java:logGet(46)) - raft.server.log.use.memory = false (default)
2023-07-13 02:06:52,497 [om1-impl-thread1] INFO  server.RaftServerConfigKeys (ConfUtils.java:logGet(46)) - raft.server.log.purge.gap = 1000000 (custom)
2023-07-13 02:06:52,497 [om1-impl-thread1] INFO  server.RaftServerConfigKeys (ConfUtils.java:logGet(46)) - raft.server.log.appender.buffer.byte-limit = 33554432 (custom)
2023-07-13 02:06:52,497 [om1-impl-thread1] INFO  server.RaftServerConfigKeys (ConfUtils.java:logGet(46)) - raft.server.log.statemachine.data.read.timeout = 1000ms (default)
2023-07-13 02:06:52,497 [om1-impl-thread1] INFO  server.RaftServerConfigKeys (ConfUtils.java:logGet(46)) - raft.server.log.purge.preservation.log.num = 0 (default)
2023-07-13 02:06:52,498 [om1-impl-thread1] INFO  server.RaftServerConfigKeys (ConfUtils.java:logGet(46)) - raft.server.log.segment.size.max = 4194304 (custom)
2023-07-13 02:06:52,498 [om1-impl-thread1] INFO  server.RaftServerConfigKeys (ConfUtils.java:logGet(46)) - raft.server.log.segment.cache.num.max = 2 (custom)
2023-07-13 02:06:52,498 [om1-impl-thread1] INFO  server.RaftServerConfigKeys (ConfUtils.java:logGet(46)) - raft.server.log.segment.cache.size.max = 200MB (=209715200) (default)
2023-07-13 02:06:52,498 [om1-impl-thread1] INFO  server.RaftServerConfigKeys (ConfUtils.java:logGet(46)) - raft.server.log.appender.buffer.byte-limit = 33554432 (custom)
2023-07-13 02:06:52,498 [om1-impl-thread1] INFO  segmented.SegmentedRaftLogWorker (SegmentedRaftLogWorker.java:<init>(188)) - new om1@group-C5BA1605619E-SegmentedRaftLogWorker for RaftStorageImpl:Storage Directory /tmp/junit4451009949110254358/junit2146030029438997850/om-meta/ratis/bf265839-605b-3f16-9796-c5ba1605619e
2023-07-13 02:06:52,498 [om1-impl-thread1] INFO  server.RaftServerConfigKeys (ConfUtils.java:logGet(46)) - raft.server.log.queue.byte-limit = 64MB (=67108864) (default)
2023-07-13 02:06:52,498 [om1-impl-thread1] INFO  server.RaftServerConfigKeys (ConfUtils.java:logGet(46)) - raft.server.log.queue.element-limit = 4096 (default)
2023-07-13 02:06:52,498 [om1-impl-thread1] INFO  server.RaftServerConfigKeys (ConfUtils.java:logGet(46)) - raft.server.log.segment.size.max = 4194304 (custom)
2023-07-13 02:06:52,498 [om1-impl-thread1] INFO  server.RaftServerConfigKeys (ConfUtils.java:logGet(46)) - raft.server.log.preallocated.size = 4194304 (custom)
2023-07-13 02:06:52,498 [om1-impl-thread1] INFO  server.RaftServerConfigKeys (ConfUtils.java:logGet(46)) - raft.server.log.force.sync.num = 128 (default)
2023-07-13 02:06:52,498 [om1-impl-thread1] INFO  server.RaftServerConfigKeys (ConfUtils.java:logGet(46)) - raft.server.log.statemachine.data.sync = true (default)
2023-07-13 02:06:52,499 [om1-impl-thread1] INFO  server.RaftServerConfigKeys (ConfUtils.java:logGet(46)) - raft.server.log.statemachine.data.sync.timeout = 10s (default)
2023-07-13 02:06:52,499 [om1-impl-thread1] INFO  server.RaftServerConfigKeys (ConfUtils.java:logGet(46)) - raft.server.log.statemachine.data.sync.timeout.retry = -1 (default)
2023-07-13 02:06:52,499 [om1-impl-thread1] INFO  server.RaftServerConfigKeys (ConfUtils.java:logGet(46)) - raft.server.log.write.buffer.size = 64KB (=65536) (default)
2023-07-13 02:06:52,499 [om1-impl-thread1] INFO  server.RaftServerConfigKeys (ConfUtils.java:logGet(46)) - raft.server.log.appender.buffer.byte-limit = 33554432 (custom)
2023-07-13 02:06:52,506 [om1-impl-thread1] INFO  server.RaftServerConfigKeys (ConfUtils.java:logGet(46)) - raft.server.log.unsafe-flush.enabled = false (default)
2023-07-13 02:06:52,506 [om1-impl-thread1] INFO  server.RaftServerConfigKeys (ConfUtils.java:logGet(46)) - raft.server.log.async-flush.enabled = false (default)
2023-07-13 02:06:52,506 [om1-impl-thread1] INFO  server.RaftServerConfigKeys (ConfUtils.java:logGet(46)) - raft.server.log.statemachine.data.caching.enabled = false (default)
2023-07-13 02:06:52,506 [om1-impl-thread1] INFO  segmented.SegmentedRaftLogWorker (SegmentedRaftLogWorker.java:lambda$new$0(135)) - om1@group-C5BA1605619E-SegmentedRaftLogWorker: flushIndex: setUnconditionally 0 -> -1
2023-07-13 02:06:52,509 [om1-impl-thread1] INFO  segmented.SegmentedRaftLogWorker (SegmentedRaftLogWorker.java:lambda$new$0(135)) - om1@group-C5BA1605619E-SegmentedRaftLogWorker: safeCacheEvictIndex: setUnconditionally 0 -> -1
2023-07-13 02:06:52,509 [om1-impl-thread1] INFO  server.RaftServer$Division (RaftServerImpl.java:start(342)) - om1@group-C5BA1605619E: start as a follower, conf=-1: peers:[om1|rpc:fv-az201-768.ett4tu3jvdse5ovc2mkgjqcs5a.bx.internal.cloudapp.net:9872|priority:0|startupRole:FOLLOWER]|listeners:[], old=null
2023-07-13 02:06:52,509 [om1-impl-thread1] INFO  server.RaftServer$Division (RaftServerImpl.java:setRole(329)) - om1@group-C5BA1605619E: changes role from      null to FOLLOWER at term 0 for startAsFollower
2023-07-13 02:06:52,511 [om1-impl-thread1] INFO  impl.RoleInfo (RoleInfo.java:updateAndGet(139)) - om1: start om1@group-C5BA1605619E-FollowerState
2023-07-13 02:06:52,514 [om1-impl-thread1] INFO  util.JmxRegister (JmxRegister.java:tryRegister(44)) - Successfully registered JMX Bean with object name Ratis:service=RaftServer,group=group-C5BA1605619E,id=om1
2023-07-13 02:06:52,514 [om1-impl-thread1] INFO  server.RaftServerConfigKeys (ConfUtils.java:logGet(46)) - raft.server.snapshot.auto.trigger.enabled = true (custom)
2023-07-13 02:06:52,514 [om1-impl-thread1] INFO  server.RaftServerConfigKeys (ConfUtils.java:logGet(46)) - raft.server.snapshot.auto.trigger.threshold = 400000 (default)
2023-07-13 02:06:52,514 [om1-impl-thread1] INFO  server.RaftServerConfigKeys (ConfUtils.java:logGet(46)) - raft.server.snapshot.retention.file.num = -1 (default)
2023-07-13 02:06:52,514 [om1-impl-thread1] INFO  server.RaftServerConfigKeys (ConfUtils.java:logGet(46)) - raft.server.log.purge.upto.snapshot.index = true (custom)
2023-07-13 02:06:52,515 [om1@group-C5BA1605619E-FollowerState] INFO  server.RaftServerConfigKeys (ConfUtils.java:logFallback(53)) - raft.server.rpc.first-election.timeout.min = 5s (fallback to raft.server.rpc.timeout.min)
2023-07-13 02:06:52,515 [Time-limited test] INFO  server.RaftServer (RaftServerProxy.java:startImpl(400)) - om1: start RPC server
2023-07-13 02:06:52,518 [om1@group-C5BA1605619E-FollowerState] INFO  server.RaftServerConfigKeys (ConfUtils.java:logFallback(53)) - raft.server.rpc.first-election.timeout.max = 5200ms (fallback to raft.server.rpc.timeout.max)
2023-07-13 02:06:52,520 [Time-limited test] INFO  server.GrpcService (GrpcService.java:startImpl(302)) - om1: GrpcService started, listening on 9872
2023-07-13 02:06:52,520 [Time-limited test] INFO  om.OzoneManager (OzoneManager.java:startSecretManager(1098)) - Starting OM delegation token secret manager
2023-07-13 02:06:52,520 [JvmPauseMonitor7] INFO  util.JvmPauseMonitor (JvmPauseMonitor.java:run(103)) - JvmPauseMonitor-om1: Started
2023-07-13 02:06:52,520 [Time-limited test] INFO  security.OzoneDelegationTokenSecretManager (OzoneSecretManager.java:updateCurrentKey(175)) - Updating current master key for generating tokens. Cert id 1350509706444
2023-07-13 02:06:52,526 [Thread[Thread-1688,5,FailOnTimeoutGroup]] INFO  security.OzoneDelegationTokenSecretManager (OzoneDelegationTokenSecretManager.java:run(636)) - Starting expired delegation token remover thread, tokenRemoverScanInterval=60 min(s)
2023-07-13 02:06:52,526 [Time-limited test] INFO  om.OzoneManager (OzoneManager.java:start(1633)) - Version File has different layout version (6) than OM DB (null). That is expected if this OM has never been finalized to a newer layout version.
2023-07-13 02:06:52,533 [Time-limited test] INFO  http.BaseHttpServer (BaseHttpServer.java:newHttpServer2BuilderForOzone(224)) - Starting Web-server for ozoneManager at: http://0.0.0.0:9874
2023-07-13 02:06:52,533 [Time-limited test] INFO  http.BaseHttpServer (BaseHttpServer.java:<init>(111)) - Hadoop Security Enabled: true Ozone Security Enabled: true Ozone HTTP Security Enabled: false 
2023-07-13 02:06:52,535 [Time-limited test] WARN  server.AuthenticationFilter (AuthenticationFilter.java:constructSecretProvider(240)) - Unable to initialize FileSignerSecretProvider, falling back to use random secrets. Reason: Could not read signature secret file: /home/runner/hadoop-http-auth-signature-secret
2023-07-13 02:06:52,538 [Time-limited test] INFO  http.HttpRequestLog (HttpRequestLog.java:getRequestLog(86)) - Http request log for http.requests.ozoneManager is not defined
2023-07-13 02:06:52,540 [Time-limited test] INFO  http.HttpServer2 (HttpServer2.java:addGlobalFilter(1031)) - Added global filter 'safety' (class=org.apache.hadoop.hdds.server.http.HttpServer2$QuotingInputFilter)
2023-07-13 02:06:52,541 [Time-limited test] INFO  http.HttpServer2 (HttpServer2.java:addFilter(1007)) - Added filter static_user_filter (class=org.apache.hadoop.http.lib.StaticUserWebFilter$StaticUserFilter) to context ozoneManager
2023-07-13 02:06:52,541 [Time-limited test] INFO  http.HttpServer2 (HttpServer2.java:addFilter(1015)) - Added filter static_user_filter (class=org.apache.hadoop.http.lib.StaticUserWebFilter$StaticUserFilter) to context static
2023-07-13 02:06:52,541 [Time-limited test] INFO  http.HttpServer2 (HttpServer2.java:addFilter(1015)) - Added filter static_user_filter (class=org.apache.hadoop.http.lib.StaticUserWebFilter$StaticUserFilter) to context logs
2023-07-13 02:06:52,541 [Time-limited test] INFO  http.BaseHttpServer (BaseHttpServer.java:<init>(190)) - HTTP server of ozoneManager uses base directory /tmp/junit4451009949110254358/junit2146030029438997850/om-meta/webserver
2023-07-13 02:06:52,542 [Time-limited test] INFO  http.HttpServer2 (HttpServer2.java:bindListener(1250)) - Jetty bound to port 9874
2023-07-13 02:06:52,542 [Time-limited test] INFO  server.Server (Server.java:doStart(375)) - jetty-9.4.51.v20230217; built: 2023-02-17T08:19:37.309Z; git: b45c405e4544384de066f814ed42ae3dceacdd49; jvm 1.8.0_372-b07
2023-07-13 02:06:52,548 [Time-limited test] INFO  server.session (DefaultSessionIdManager.java:doStart(334)) - DefaultSessionIdManager workerName=node0
2023-07-13 02:06:52,548 [Time-limited test] INFO  server.session (DefaultSessionIdManager.java:doStart(339)) - No SessionScavenger set, using defaults
2023-07-13 02:06:52,548 [Time-limited test] INFO  server.session (HouseKeeper.java:startScavenging(132)) - node0 Scavenging every 660000ms
2023-07-13 02:06:52,549 [Time-limited test] INFO  handler.ContextHandler (ContextHandler.java:doStart(921)) - Started o.e.j.s.ServletContextHandler@696d2083{logs,/logs,file:///home/runner/work/ozone/ozone/hadoop-ozone/integration-test/target/log,AVAILABLE}
2023-07-13 02:06:52,549 [Time-limited test] INFO  handler.ContextHandler (ContextHandler.java:doStart(921)) - Started o.e.j.s.ServletContextHandler@7af138fb{static,/static,file:///home/runner/work/ozone/ozone/hadoop-ozone/integration-test/target/test-classes/webapps/static,AVAILABLE}
2023-07-13 02:06:52,557 [Time-limited test] INFO  handler.ContextHandler (ContextHandler.java:doStart(921)) - Started o.e.j.w.WebAppContext@1536d11e{ozoneManager,/,file:///home/runner/work/ozone/ozone/hadoop-ozone/integration-test/target/test-classes/webapps/ozoneManager/,AVAILABLE}{file:/home/runner/work/ozone/ozone/hadoop-ozone/integration-test/target/test-classes/webapps/ozoneManager}
2023-07-13 02:06:52,559 [Time-limited test] INFO  server.AbstractConnector (AbstractConnector.java:doStart(333)) - Started ServerConnector@4d8a9abf{HTTP/1.1, (http/1.1)}{0.0.0.0:9874}
2023-07-13 02:06:52,559 [Time-limited test] INFO  server.Server (Server.java:doStart(415)) - Started @137206ms
2023-07-13 02:06:52,559 [Time-limited test] WARN  impl.MetricsSystemImpl (MetricsSystemImpl.java:register(279)) - Sink prometheus already exists!
2023-07-13 02:06:52,560 [Time-limited test] INFO  http.BaseHttpServer (BaseHttpServer.java:updateConnectorAddress(344)) - HTTP server of ozoneManager listening at http://0.0.0.0:9874
2023-07-13 02:06:52,560 [IPC Server Responder] INFO  ipc.Server (Server.java:run(1562)) - IPC Server Responder: starting
2023-07-13 02:06:52,577 [Time-limited test] INFO  om.OzoneManager (OzoneManager.java:startTrashEmptier(2092)) - Trash Interval set to 0. Files deleted won't move to trash
2023-07-13 02:06:52,580 [IPC Server listener on 1202] INFO  ipc.Server (Server.java:run(1402)) - IPC Server listener on 1202: starting
2023-07-13 02:06:52,595 [pool-538-thread-1] INFO  request.TgsRequest (TgsRequest.java:issueTicket(115)) - TGS_REQ ISSUE: authtime 1689214012594,om/fv-az201-768.ett4tu3jvdse5ovc2mkgjqcs5a.bx.internal.cloudapp.net for om/fv-az201-768.ett4tu3jvdse5ovc2mkgjqcs5a.bx.internal.cloudapp.net@EXAMPLE.COM
2023-07-13 02:06:52,602 [Socket Reader #1 for port 1202] INFO  ipc.Server (Server.java:saslProcess(2139)) - Auth successful for om/fv-az201-768.ett4tu3jvdse5ovc2mkgjqcs5a.bx.internal.cloudapp.net@EXAMPLE.COM (auth:KERBEROS) from fv-az201-768.ett4tu3jvdse5ovc2mkgjqcs5a.bx.internal.cloudapp.net:34605 / 10.1.0.115:34605
2023-07-13 02:06:54,623 [Time-limited test] INFO  retry.RetryInvocationHandler (RetryInvocationHandler.java:log(422)) - com.google.protobuf.ServiceException: org.apache.hadoop.ipc.RemoteException(org.apache.hadoop.ozone.om.exceptions.OMNotLeaderException): OM:om1 is not the leader. Could not determine the leader node.
	at org.apache.hadoop.ozone.om.OzoneManager.checkLeaderStatus(OzoneManager.java:4010)
	at org.apache.hadoop.ozone.om.ratis.utils.OzoneManagerRatisUtils.checkLeaderStatus(OzoneManagerRatisUtils.java:473)
	at org.apache.hadoop.ozone.protocolPB.OzoneManagerProtocolServerSideTranslatorPB.processRequest(OzoneManagerProtocolServerSideTranslatorPB.java:185)
	at org.apache.hadoop.hdds.server.OzoneProtocolMessageDispatcher.processRequest(OzoneProtocolMessageDispatcher.java:87)
	at org.apache.hadoop.ozone.protocolPB.OzoneManagerProtocolServerSideTranslatorPB.submitRequest(OzoneManagerProtocolServerSideTranslatorPB.java:148)
	at org.apache.hadoop.ozone.protocol.proto.OzoneManagerProtocolProtos$OzoneManagerService$2.callBlockingMethod(OzoneManagerProtocolProtos.java)
	at org.apache.hadoop.ipc.ProtobufRpcEngine$Server.processCall(ProtobufRpcEngine.java:484)
	at org.apache.hadoop.ipc.ProtobufRpcEngine2$Server$ProtoBufRpcInvoker.call(ProtobufRpcEngine2.java:595)
	at org.apache.hadoop.ipc.ProtobufRpcEngine2$Server$ProtoBufRpcInvoker.call(ProtobufRpcEngine2.java:573)
	at org.apache.hadoop.ipc.RPC$Server.call(RPC.java:1227)
	at org.apache.hadoop.ipc.Server$RpcCall.run(Server.java:1094)
	at org.apache.hadoop.ipc.Server$RpcCall.run(Server.java:1017)
	at java.security.AccessController.doPrivileged(Native Method)
	at javax.security.auth.Subject.doAs(Subject.java:422)
	at org.apache.hadoop.security.UserGroupInformation.doAs(UserGroupInformation.java:1899)
	at org.apache.hadoop.ipc.Server$Handler.run(Server.java:3048)
, while invoking $Proxy54.submitRequest over nodeId=null,nodeAddress=fv-az201-768.ett4tu3jvdse5ovc2mkgjqcs5a.bx.internal.cloudapp.net:1202 after 1 failover attempts. Trying to failover after sleeping for 4000ms. Current retry count: 1.
2023-07-13 02:06:57,618 [om1@group-C5BA1605619E-FollowerState] INFO  impl.FollowerState (FollowerState.java:run(143)) - om1@group-C5BA1605619E-FollowerState: change to CANDIDATE, lastRpcElapsedTime:5107803681ns, electionTimeout:5100ms
2023-07-13 02:06:57,619 [om1@group-C5BA1605619E-FollowerState] INFO  impl.RoleInfo (RoleInfo.java:shutdownFollowerState(110)) - om1: shutdown om1@group-C5BA1605619E-FollowerState
2023-07-13 02:06:57,619 [om1@group-C5BA1605619E-FollowerState] INFO  server.RaftServer$Division (RaftServerImpl.java:setRole(329)) - om1@group-C5BA1605619E: changes role from  FOLLOWER to CANDIDATE at term 0 for changeToCandidate
2023-07-13 02:06:57,619 [om1@group-C5BA1605619E-FollowerState] INFO  server.RaftServerConfigKeys (ConfUtils.java:logGet(46)) - raft.server.leaderelection.pre-vote = true (default)
2023-07-13 02:06:57,619 [om1@group-C5BA1605619E-FollowerState] INFO  impl.RoleInfo (RoleInfo.java:updateAndGet(139)) - om1: start om1@group-C5BA1605619E-LeaderElection4
2023-07-13 02:06:57,624 [om1@group-C5BA1605619E-LeaderElection4] INFO  impl.LeaderElection (LeaderElection.java:askForVotes(321)) - om1@group-C5BA1605619E-LeaderElection4 PRE_VOTE round 0: submit vote requests at term 0 for -1: peers:[om1|rpc:fv-az201-768.ett4tu3jvdse5ovc2mkgjqcs5a.bx.internal.cloudapp.net:9872|priority:0|startupRole:FOLLOWER]|listeners:[], old=null
2023-07-13 02:06:57,624 [om1@group-C5BA1605619E-LeaderElection4] INFO  impl.LeaderElection (LeaderElection.java:askForVotes(323)) - om1@group-C5BA1605619E-LeaderElection4 PRE_VOTE round 0: result PASSED (term=0)
2023-07-13 02:06:57,626 [om1@group-C5BA1605619E-LeaderElection4] INFO  impl.LeaderElection (LeaderElection.java:askForVotes(321)) - om1@group-C5BA1605619E-LeaderElection4 ELECTION round 0: submit vote requests at term 1 for -1: peers:[om1|rpc:fv-az201-768.ett4tu3jvdse5ovc2mkgjqcs5a.bx.internal.cloudapp.net:9872|priority:0|startupRole:FOLLOWER]|listeners:[], old=null
2023-07-13 02:06:57,626 [om1@group-C5BA1605619E-LeaderElection4] INFO  impl.LeaderElection (LeaderElection.java:askForVotes(323)) - om1@group-C5BA1605619E-LeaderElection4 ELECTION round 0: result PASSED (term=1)
2023-07-13 02:06:57,627 [om1@group-C5BA1605619E-LeaderElection4] INFO  impl.RoleInfo (RoleInfo.java:shutdownLeaderElection(130)) - om1: shutdown om1@group-C5BA1605619E-LeaderElection4
2023-07-13 02:06:57,627 [om1@group-C5BA1605619E-LeaderElection4] INFO  server.RaftServer$Division (RaftServerImpl.java:setRole(329)) - om1@group-C5BA1605619E: changes role from CANDIDATE to LEADER at term 1 for changeToLeader
2023-07-13 02:06:57,627 [om1@group-C5BA1605619E-LeaderElection4] INFO  server.RaftServer$Division (ServerState.java:setLeader(317)) - om1@group-C5BA1605619E: change Leader from null to om1 at term 1 for becomeLeader, leader elected after 6121ms
2023-07-13 02:06:57,627 [om1@group-C5BA1605619E-LeaderElection4] INFO  server.RaftServerConfigKeys (ConfUtils.java:logGet(46)) - raft.server.staging.catchup.gap = 1000 (default)
2023-07-13 02:06:57,627 [om1@group-C5BA1605619E-LeaderElection4] INFO  server.RaftServerConfigKeys (ConfUtils.java:logGet(46)) - raft.server.write.element-limit = 4096 (default)
2023-07-13 02:06:57,627 [om1@group-C5BA1605619E-LeaderElection4] INFO  server.RaftServerConfigKeys (ConfUtils.java:logGet(46)) - raft.server.write.byte-limit = 64MB (=67108864) (default)
2023-07-13 02:06:57,627 [om1@group-C5BA1605619E-LeaderElection4] INFO  server.RaftServerConfigKeys (ConfUtils.java:logGet(46)) - raft.server.watch.timeout = 10s (default)
2023-07-13 02:06:57,628 [om1@group-C5BA1605619E-LeaderElection4] INFO  server.RaftServerConfigKeys (ConfUtils.java:logGet(46)) - raft.server.watch.timeout.denomination = 1s (default)
2023-07-13 02:06:57,628 [om1@group-C5BA1605619E-LeaderElection4] INFO  server.RaftServerConfigKeys (ConfUtils.java:logGet(46)) - raft.server.watch.element-limit = 65536 (default)
2023-07-13 02:06:57,628 [om1@group-C5BA1605619E-LeaderElection4] INFO  server.RaftServerConfigKeys (ConfUtils.java:logGet(46)) - raft.server.write.element-limit = 4096 (default)
2023-07-13 02:06:57,628 [om1@group-C5BA1605619E-LeaderElection4] INFO  server.RaftServerConfigKeys (ConfUtils.java:logGet(46)) - raft.server.write.follower.gap.ratio.max = -1.0 (default)
2023-07-13 02:06:57,628 [om1@group-C5BA1605619E-LeaderElection4] INFO  impl.RoleInfo (RoleInfo.java:updateAndGet(139)) - om1: start om1@group-C5BA1605619E-LeaderStateImpl
2023-07-13 02:06:57,628 [om1@group-C5BA1605619E-LeaderElection4] INFO  segmented.SegmentedRaftLogWorker (SegmentedRaftLogWorker.java:startLogSegment(447)) - om1@group-C5BA1605619E-SegmentedRaftLogWorker: Starting segment from index:0
2023-07-13 02:06:57,634 [om1@group-C5BA1605619E-LeaderElection4] INFO  server.RaftServer$Division (ServerState.java:setRaftConf(434)) - om1@group-C5BA1605619E: set configuration 0: peers:[om1|rpc:fv-az201-768.ett4tu3jvdse5ovc2mkgjqcs5a.bx.internal.cloudapp.net:9872|admin:|client:|dataStream:|priority:0|startupRole:FOLLOWER]|listeners:[], old=null
2023-07-13 02:06:57,648 [om1@group-C5BA1605619E-SegmentedRaftLogWorker] INFO  segmented.SegmentedRaftLogWorker (SegmentedRaftLogWorker.java:execute(651)) - om1@group-C5BA1605619E-SegmentedRaftLogWorker: created new log segment /tmp/junit4451009949110254358/junit2146030029438997850/om-meta/ratis/bf265839-605b-3f16-9796-c5ba1605619e/current/log_inprogress_0
2023-07-13 02:06:57,650 [om1@group-C5BA1605619E-StateMachineUpdater] INFO  ratis.OzoneManagerStateMachine (OzoneManagerStateMachine.java:notifyConfigurationChanged(201)) - Received Configuration change notification from Ratis. New Peer list:
[id: "om1"
address: "fv-az201-768.ett4tu3jvdse5ovc2mkgjqcs5a.bx.internal.cloudapp.net:9872"
startupRole: FOLLOWER
]
02:06:59.658 [IPC Server handler 6 on default port 1202] ERROR OMAudit - user=om/fv-az201-768.ett4tu3jvdse5ovc2mkgjqcs5a.bx.internal.cloudapp.net@EXAMPLE.COM | ip=10.1.0.115 | op=RENEW_DELEGATION_TOKEN {kind=OzoneToken, service=fv-az201-768.ett4tu3jvdse5ovc2mkgjqcs5a.bx.internal.cloudapp.net:1202, renewer=om} | ret=FAILURE
org.apache.hadoop.ozone.om.exceptions.OMException: om tried to renew an expired token (OzoneToken owner=om/fv-az201-768.ett4tu3jvdse5ovc2mkgjqcs5a.bx.internal.cloudapp.net@EXAMPLE.COM, renewer=om, realUser=, issueDate=2023-07-13T02:06:58.627Z, maxDate=2023-07-13T02:06:59.627Z, sequenceNumber=1, masterKeyId=1, strToSign=null, signature=null, awsAccessKeyId=null, omServiceId=omServiceIdDefault, omCertSerialId=1350509706444) max expiration date: 2023-07-13 02:06:59,627+0000 currentTime: 2023-07-13 02:06:59,653+0000
	at org.apache.hadoop.ozone.security.OzoneDelegationTokenSecretManager.renewToken(OzoneDelegationTokenSecretManager.java:296) ~[ozone-manager-1.4.0-SNAPSHOT.jar:?]
	at org.apache.hadoop.ozone.om.OzoneManager.renewDelegationToken(OzoneManager.java:2378) ~[ozone-manager-1.4.0-SNAPSHOT.jar:?]
	at org.apache.hadoop.ozone.om.request.security.OMRenewDelegationTokenRequest.preExecute(OMRenewDelegationTokenRequest.java:85) ~[ozone-manager-1.4.0-SNAPSHOT.jar:?]
	at org.apache.hadoop.ozone.protocolPB.OzoneManagerProtocolServerSideTranslatorPB.processRequest(OzoneManagerProtocolServerSideTranslatorPB.java:193) ~[ozone-manager-1.4.0-SNAPSHOT.jar:?]
	at org.apache.hadoop.hdds.server.OzoneProtocolMessageDispatcher.processRequest(OzoneProtocolMessageDispatcher.java:87) [hdds-server-framework-1.4.0-SNAPSHOT.jar:?]
	at org.apache.hadoop.ozone.protocolPB.OzoneManagerProtocolServerSideTranslatorPB.submitRequest(OzoneManagerProtocolServerSideTranslatorPB.java:148) [ozone-manager-1.4.0-SNAPSHOT.jar:?]
	at org.apache.hadoop.ozone.protocol.proto.OzoneManagerProtocolProtos$OzoneManagerService$2.callBlockingMethod(OzoneManagerProtocolProtos.java) [ozone-interface-client-1.4.0-SNAPSHOT.jar:?]
	at org.apache.hadoop.ipc.ProtobufRpcEngine$Server.processCall(ProtobufRpcEngine.java:484) [hadoop-common-3.3.6.jar:?]
	at org.apache.hadoop.ipc.ProtobufRpcEngine2$Server$ProtoBufRpcInvoker.call(ProtobufRpcEngine2.java:595) [hadoop-common-3.3.6.jar:?]
	at org.apache.hadoop.ipc.ProtobufRpcEngine2$Server$ProtoBufRpcInvoker.call(ProtobufRpcEngine2.java:573) [hadoop-common-3.3.6.jar:?]
	at org.apache.hadoop.ipc.RPC$Server.call(RPC.java:1227) [hadoop-common-3.3.6.jar:?]
	at org.apache.hadoop.ipc.Server$RpcCall.run(Server.java:1094) [hadoop-common-3.3.6.jar:?]
	at org.apache.hadoop.ipc.Server$RpcCall.run(Server.java:1017) [hadoop-common-3.3.6.jar:?]
	at java.security.AccessController.doPrivileged(Native Method) ~[?:1.8.0_372]
	at javax.security.auth.Subject.doAs(Subject.java:422) [?:1.8.0_372]
	at org.apache.hadoop.security.UserGroupInformation.doAs(UserGroupInformation.java:1899) [hadoop-common-3.3.6.jar:?]
	at org.apache.hadoop.ipc.Server$Handler.run(Server.java:3048) [hadoop-common-3.3.6.jar:?]
2023-07-13 02:06:59,685 [IPC Server handler 3 on default port 1202] ERROR om.OzoneManager (OzoneManager.java:renewDelegationToken(2388)) - Delegation token renewal failed for dt id: OzoneToken owner=om/fv-az201-768.ett4tu3jvdse5ovc2mkgjqcs5a.bx.internal.cloudapp.net@EXAMPLE.COM, renewer=randomService, realUser=, issueDate=2023-07-13T02:06:59.675Z, maxDate=2023-07-13T02:07:00.675Z, sequenceNumber=2, masterKeyId=1, strToSign=null, signature=null, awsAccessKeyId=null, omServiceId=omServiceIdDefault, omCertSerialId=1350509706444, cause: om tries to renew a token (OzoneToken owner=om/fv-az201-768.ett4tu3jvdse5ovc2mkgjqcs5a.bx.internal.cloudapp.net@EXAMPLE.COM, renewer=randomService, realUser=, issueDate=2023-07-13T02:06:59.675Z, maxDate=2023-07-13T02:07:00.675Z, sequenceNumber=2, masterKeyId=1, strToSign=null, signature=null, awsAccessKeyId=null, omServiceId=omServiceIdDefault, omCertSerialId=1350509706444) with non-matching renewer randomService
02:06:59.752 [IPC Server handler 3 on default port 1202] ERROR OMAudit - user=om/fv-az201-768.ett4tu3jvdse5ovc2mkgjqcs5a.bx.internal.cloudapp.net@EXAMPLE.COM | ip=10.1.0.115 | op=RENEW_DELEGATION_TOKEN {kind=OzoneToken, service=fv-az201-768.ett4tu3jvdse5ovc2mkgjqcs5a.bx.internal.cloudapp.net:1202, renewer=randomService} | ret=FAILURE
org.apache.hadoop.ozone.om.exceptions.OMException: Delegation token renewal failed for dt: Kind: OzoneToken, Service: fv-az201-768.ett4tu3jvdse5ovc2mkgjqcs5a.bx.internal.cloudapp.net:1202, Ident: (OzoneToken owner=om/fv-az201-768.ett4tu3jvdse5ovc2mkgjqcs5a.bx.internal.cloudapp.net@EXAMPLE.COM, renewer=randomService, realUser=, issueDate=2023-07-13T02:06:59.675Z, maxDate=2023-07-13T02:07:00.675Z, sequenceNumber=2, masterKeyId=1, strToSign=null, signature=null, awsAccessKeyId=null, omServiceId=omServiceIdDefault, omCertSerialId=1350509706444)
	at org.apache.hadoop.ozone.om.OzoneManager.renewDelegationToken(OzoneManager.java:2390) ~[ozone-manager-1.4.0-SNAPSHOT.jar:?]
	at org.apache.hadoop.ozone.om.request.security.OMRenewDelegationTokenRequest.preExecute(OMRenewDelegationTokenRequest.java:85) ~[ozone-manager-1.4.0-SNAPSHOT.jar:?]
	at org.apache.hadoop.ozone.protocolPB.OzoneManagerProtocolServerSideTranslatorPB.processRequest(OzoneManagerProtocolServerSideTranslatorPB.java:193) ~[ozone-manager-1.4.0-SNAPSHOT.jar:?]
	at org.apache.hadoop.hdds.server.OzoneProtocolMessageDispatcher.processRequest(OzoneProtocolMessageDispatcher.java:87) [hdds-server-framework-1.4.0-SNAPSHOT.jar:?]
	at org.apache.hadoop.ozone.protocolPB.OzoneManagerProtocolServerSideTranslatorPB.submitRequest(OzoneManagerProtocolServerSideTranslatorPB.java:148) [ozone-manager-1.4.0-SNAPSHOT.jar:?]
	at org.apache.hadoop.ozone.protocol.proto.OzoneManagerProtocolProtos$OzoneManagerService$2.callBlockingMethod(OzoneManagerProtocolProtos.java) [ozone-interface-client-1.4.0-SNAPSHOT.jar:?]
	at org.apache.hadoop.ipc.ProtobufRpcEngine$Server.processCall(ProtobufRpcEngine.java:484) [hadoop-common-3.3.6.jar:?]
	at org.apache.hadoop.ipc.ProtobufRpcEngine2$Server$ProtoBufRpcInvoker.call(ProtobufRpcEngine2.java:595) [hadoop-common-3.3.6.jar:?]
	at org.apache.hadoop.ipc.ProtobufRpcEngine2$Server$ProtoBufRpcInvoker.call(ProtobufRpcEngine2.java:573) [hadoop-common-3.3.6.jar:?]
	at org.apache.hadoop.ipc.RPC$Server.call(RPC.java:1227) [hadoop-common-3.3.6.jar:?]
	at org.apache.hadoop.ipc.Server$RpcCall.run(Server.java:1094) [hadoop-common-3.3.6.jar:?]
	at org.apache.hadoop.ipc.Server$RpcCall.run(Server.java:1017) [hadoop-common-3.3.6.jar:?]
	at java.security.AccessController.doPrivileged(Native Method) ~[?:1.8.0_372]
	at javax.security.auth.Subject.doAs(Subject.java:422) [?:1.8.0_372]
	at org.apache.hadoop.security.UserGroupInformation.doAs(UserGroupInformation.java:1899) [hadoop-common-3.3.6.jar:?]
	at org.apache.hadoop.ipc.Server$Handler.run(Server.java:3048) [hadoop-common-3.3.6.jar:?]
Caused by: org.apache.hadoop.security.AccessControlException: om tries to renew a token (OzoneToken owner=om/fv-az201-768.ett4tu3jvdse5ovc2mkgjqcs5a.bx.internal.cloudapp.net@EXAMPLE.COM, renewer=randomService, realUser=, issueDate=2023-07-13T02:06:59.675Z, maxDate=2023-07-13T02:07:00.675Z, sequenceNumber=2, masterKeyId=1, strToSign=null, signature=null, awsAccessKeyId=null, omServiceId=omServiceIdDefault, omCertSerialId=1350509706444) with non-matching renewer randomService
	at org.apache.hadoop.ozone.security.OzoneDelegationTokenSecretManager.renewToken(OzoneDelegationTokenSecretManager.java:308) ~[ozone-manager-1.4.0-SNAPSHOT.jar:?]
	at org.apache.hadoop.ozone.om.OzoneManager.renewDelegationToken(OzoneManager.java:2378) ~[ozone-manager-1.4.0-SNAPSHOT.jar:?]
	... 15 more
2023-07-13 02:06:59,760 [IPC Server handler 8 on default port 1202] ERROR om.OzoneManager (OzoneManager.java:renewDelegationToken(2388)) - Delegation token renewal failed for dt id: OzoneToken owner=om/fv-az201-768.ett4tu3jvdse5ovc2mkgjqcs5a.bx.internal.cloudapp.net@EXAMPLE.COM, renewer=om, realUser=, issueDate=2023-07-13T02:06:58.627Z, maxDate=2077-01-21T04:13:59.512Z, sequenceNumber=1, masterKeyId=1, strToSign=null, signature=null, awsAccessKeyId=null, omServiceId=omServiceIdDefault, omCertSerialId=1350509706444, cause: token (OzoneToken owner=om/fv-az201-768.ett4tu3jvdse5ovc2mkgjqcs5a.bx.internal.cloudapp.net@EXAMPLE.COM, renewer=om, realUser=, issueDate=2023-07-13T02:06:58.627Z, maxDate=2077-01-21T04:13:59.512Z, sequenceNumber=1, masterKeyId=1, strToSign=null, signature=null, awsAccessKeyId=null, omServiceId=omServiceIdDefault, omCertSerialId=1350509706444) can't be found in cache
02:06:59.761 [IPC Server handler 8 on default port 1202] ERROR OMAudit - user=om/fv-az201-768.ett4tu3jvdse5ovc2mkgjqcs5a.bx.internal.cloudapp.net@EXAMPLE.COM | ip=10.1.0.115 | op=RENEW_DELEGATION_TOKEN {kind=OzoneToken, service=fv-az201-768.ett4tu3jvdse5ovc2mkgjqcs5a.bx.internal.cloudapp.net:1202, renewer=om} | ret=FAILURE
org.apache.hadoop.ozone.om.exceptions.OMException: Delegation token renewal failed for dt: Kind: OzoneToken, Service: fv-az201-768.ett4tu3jvdse5ovc2mkgjqcs5a.bx.internal.cloudapp.net:1202, Ident: (OzoneToken owner=om/fv-az201-768.ett4tu3jvdse5ovc2mkgjqcs5a.bx.internal.cloudapp.net@EXAMPLE.COM, renewer=om, realUser=, issueDate=2023-07-13T02:06:58.627Z, maxDate=2077-01-21T04:13:59.512Z, sequenceNumber=1, masterKeyId=1, strToSign=null, signature=null, awsAccessKeyId=null, omServiceId=omServiceIdDefault, omCertSerialId=1350509706444)
	at org.apache.hadoop.ozone.om.OzoneManager.renewDelegationToken(OzoneManager.java:2390) ~[ozone-manager-1.4.0-SNAPSHOT.jar:?]
	at org.apache.hadoop.ozone.om.request.security.OMRenewDelegationTokenRequest.preExecute(OMRenewDelegationTokenRequest.java:85) ~[ozone-manager-1.4.0-SNAPSHOT.jar:?]
	at org.apache.hadoop.ozone.protocolPB.OzoneManagerProtocolServerSideTranslatorPB.processRequest(OzoneManagerProtocolServerSideTranslatorPB.java:193) ~[ozone-manager-1.4.0-SNAPSHOT.jar:?]
	at org.apache.hadoop.hdds.server.OzoneProtocolMessageDispatcher.processRequest(OzoneProtocolMessageDispatcher.java:87) [hdds-server-framework-1.4.0-SNAPSHOT.jar:?]
	at org.apache.hadoop.ozone.protocolPB.OzoneManagerProtocolServerSideTranslatorPB.submitRequest(OzoneManagerProtocolServerSideTranslatorPB.java:148) [ozone-manager-1.4.0-SNAPSHOT.jar:?]
	at org.apache.hadoop.ozone.protocol.proto.OzoneManagerProtocolProtos$OzoneManagerService$2.callBlockingMethod(OzoneManagerProtocolProtos.java) [ozone-interface-client-1.4.0-SNAPSHOT.jar:?]
	at org.apache.hadoop.ipc.ProtobufRpcEngine$Server.processCall(ProtobufRpcEngine.java:484) [hadoop-common-3.3.6.jar:?]
	at org.apache.hadoop.ipc.ProtobufRpcEngine2$Server$ProtoBufRpcInvoker.call(ProtobufRpcEngine2.java:595) [hadoop-common-3.3.6.jar:?]
	at org.apache.hadoop.ipc.ProtobufRpcEngine2$Server$ProtoBufRpcInvoker.call(ProtobufRpcEngine2.java:573) [hadoop-common-3.3.6.jar:?]
	at org.apache.hadoop.ipc.RPC$Server.call(RPC.java:1227) [hadoop-common-3.3.6.jar:?]
	at org.apache.hadoop.ipc.Server$RpcCall.run(Server.java:1094) [hadoop-common-3.3.6.jar:?]
	at org.apache.hadoop.ipc.Server$RpcCall.run(Server.java:1017) [hadoop-common-3.3.6.jar:?]
	at java.security.AccessController.doPrivileged(Native Method) ~[?:1.8.0_372]
	at javax.security.auth.Subject.doAs(Subject.java:422) [?:1.8.0_372]
	at org.apache.hadoop.security.UserGroupInformation.doAs(UserGroupInformation.java:1899) [hadoop-common-3.3.6.jar:?]
	at org.apache.hadoop.ipc.Server$Handler.run(Server.java:3048) [hadoop-common-3.3.6.jar:?]
Caused by: org.apache.hadoop.security.token.SecretManager$InvalidToken: token (OzoneToken owner=om/fv-az201-768.ett4tu3jvdse5ovc2mkgjqcs5a.bx.internal.cloudapp.net@EXAMPLE.COM, renewer=om, realUser=, issueDate=2023-07-13T02:06:58.627Z, maxDate=2077-01-21T04:13:59.512Z, sequenceNumber=1, masterKeyId=1, strToSign=null, signature=null, awsAccessKeyId=null, omServiceId=omServiceIdDefault, omCertSerialId=1350509706444) can't be found in cache
	at org.apache.hadoop.ozone.security.OzoneDelegationTokenSecretManager.validateToken(OzoneDelegationTokenSecretManager.java:432) ~[ozone-manager-1.4.0-SNAPSHOT.jar:?]
	at org.apache.hadoop.ozone.security.OzoneDelegationTokenSecretManager.renewToken(OzoneDelegationTokenSecretManager.java:301) ~[ozone-manager-1.4.0-SNAPSHOT.jar:?]
	at org.apache.hadoop.ozone.om.OzoneManager.renewDelegationToken(OzoneManager.java:2378) ~[ozone-manager-1.4.0-SNAPSHOT.jar:?]
	... 15 more
2023-07-13 02:06:59,762 [Time-limited test] INFO  om.OzoneManager (OzoneManager.java:stop(2198)) - om1[fv-az201-768.ett4tu3jvdse5ovc2mkgjqcs5a.bx.internal.cloudapp.net:1202]: Stopping Ozone Manager
2023-07-13 02:06:59,763 [Time-limited test] INFO  ipc.Server (Server.java:stop(3523)) - Stopping server on 1202
2023-07-13 02:06:59,765 [IPC Server listener on 1202] INFO  ipc.Server (Server.java:run(1434)) - Stopping IPC Server listener on 1202
2023-07-13 02:06:59,767 [IPC Server Responder] INFO  ipc.Server (Server.java:run(1567)) - Stopping IPC Server Responder
2023-07-13 02:06:59,768 [Time-limited test] INFO  server.RaftServer (RaftServerProxy.java:lambda$close$6(416)) - om1: close
2023-07-13 02:06:59,768 [Time-limited test] INFO  server.GrpcService (GrpcService.java:closeImpl(311)) - om1: shutdown server GrpcServerProtocolService now
2023-07-13 02:06:59,768 [om1-impl-thread1] INFO  server.RaftServer$Division (RaftServerImpl.java:lambda$close$4(466)) - om1@group-C5BA1605619E: shutdown
2023-07-13 02:06:59,768 [om1-impl-thread1] INFO  util.JmxRegister (JmxRegister.java:unregister(73)) - Successfully un-registered JMX Bean with object name Ratis:service=RaftServer,group=group-C5BA1605619E,id=om1
2023-07-13 02:06:59,768 [om1-impl-thread1] INFO  impl.RoleInfo (RoleInfo.java:shutdownLeaderState(93)) - om1: shutdown om1@group-C5BA1605619E-LeaderStateImpl
2023-07-13 02:06:59,769 [om1-impl-thread1] INFO  impl.PendingRequests (PendingRequests.java:sendNotLeaderResponses(289)) - om1@group-C5BA1605619E-PendingRequests: sendNotLeaderResponses
2023-07-13 02:06:59,774 [om1-impl-thread1] INFO  impl.StateMachineUpdater (StateMachineUpdater.java:stopAndJoin(155)) - om1@group-C5BA1605619E-StateMachineUpdater: set stopIndex = 6
2023-07-13 02:06:59,775 [om1@group-C5BA1605619E-StateMachineUpdater] INFO  ratis.OzoneManagerStateMachine (OzoneManagerStateMachine.java:takeSnapshot(479)) - Current Snapshot Index (t:1, i:6)
2023-07-13 02:06:59,780 [Time-limited test] INFO  server.GrpcService (GrpcService.java:closeImpl(320)) - om1: shutdown server GrpcServerProtocolService successfully
2023-07-13 02:06:59,893 [om1@group-C5BA1605619E-StateMachineUpdater] INFO  impl.StateMachineUpdater (StateMachineUpdater.java:takeSnapshot(291)) - om1@group-C5BA1605619E-StateMachineUpdater: Took a snapshot at index 6
2023-07-13 02:06:59,894 [om1@group-C5BA1605619E-StateMachineUpdater] INFO  impl.StateMachineUpdater (StateMachineUpdater.java:lambda$new$0(97)) - om1@group-C5BA1605619E-StateMachineUpdater: snapshotIndex: updateIncreasingly -1 -> 6
2023-07-13 02:06:59,894 [om1@group-C5BA1605619E-StateMachineUpdater] INFO  ratis.OzoneManagerStateMachine (OzoneManagerStateMachine.java:close(533)) - StateMachine has shutdown. Shutdown OzoneManager if not already shutdown.
2023-07-13 02:06:59,894 [om1@group-C5BA1605619E-StateMachineUpdater] INFO  ratis.OzoneManagerDoubleBuffer (OzoneManagerDoubleBuffer.java:stopDaemon(551)) - Stopping OMDoubleBuffer flush thread
2023-07-13 02:06:59,894 [OMDoubleBufferFlushThread] INFO  ratis.OzoneManagerDoubleBuffer (OzoneManagerDoubleBuffer.java:canFlush(638)) - OMDoubleBuffer flush thread OMDoubleBufferFlushThread is interrupted and will exit.
2023-07-13 02:06:59,898 [om1-impl-thread1] INFO  server.RaftServer$Division (ServerState.java:close(472)) - om1@group-C5BA1605619E: closes. applyIndex: 6
2023-07-13 02:07:00,683 [om1-impl-thread1] INFO  segmented.SegmentedRaftLogWorker (SegmentedRaftLogWorker.java:close(252)) - om1@group-C5BA1605619E-SegmentedRaftLogWorker close()
2023-07-13 02:07:00,683 [JvmPauseMonitor7] INFO  util.JvmPauseMonitor (JvmPauseMonitor.java:run(109)) - JvmPauseMonitor-om1: Stopped
2023-07-13 02:07:00,684 [Time-limited test] INFO  ratis.OzoneManagerStateMachine (OzoneManagerStateMachine.java:close(533)) - StateMachine has shutdown. Shutdown OzoneManager if not already shutdown.
2023-07-13 02:07:00,686 [Time-limited test] INFO  ratis.OzoneManagerDoubleBuffer (OzoneManagerDoubleBuffer.java:stopDaemon(560)) - OMDoubleBuffer flush thread is not running.
2023-07-13 02:07:00,686 [Time-limited test] INFO  utils.BackgroundService (BackgroundService.java:shutdown(141)) - Shutting down service KeyDeletingService
2023-07-13 02:07:00,686 [Time-limited test] INFO  utils.BackgroundService (BackgroundService.java:shutdown(141)) - Shutting down service KeyDeletingService
2023-07-13 02:07:00,687 [Time-limited test] INFO  utils.BackgroundService (BackgroundService.java:shutdown(141)) - Shutting down service OpenKeyCleanupService
2023-07-13 02:07:00,687 [Time-limited test] INFO  utils.BackgroundService (BackgroundService.java:shutdown(141)) - Shutting down service SstFilteringService
2023-07-13 02:07:00,687 [Time-limited test] INFO  utils.BackgroundService (BackgroundService.java:shutdown(141)) - Shutting down service SnapshotDeletingService
2023-07-13 02:07:00,688 [Time-limited test] INFO  om.OzoneManager (OzoneManager.java:stopSecretManager(1058)) - Stopping secret key client.
2023-07-13 02:07:00,688 [Time-limited test] INFO  om.OzoneManager (OzoneManager.java:stopSecretManager(1063)) - Stopping OM delegation token secret manager.
2023-07-13 02:07:00,688 [Thread[Thread-1688,5,FailOnTimeoutGroup]] INFO  security.OzoneDelegationTokenSecretManager (OzoneDelegationTokenSecretManager.java:run(653)) - ExpiredTokenRemover was interrupted.
java.lang.InterruptedException: sleep interrupted
	at java.lang.Thread.sleep(Native Method)
	at org.apache.hadoop.ozone.security.OzoneDelegationTokenSecretManager$ExpiredTokenRemover.run(OzoneDelegationTokenSecretManager.java:649)
	at java.lang.Thread.run(Thread.java:750)
2023-07-13 02:07:00,689 [Time-limited test] INFO  handler.ContextHandler (ContextHandler.java:doStop(1159)) - Stopped o.e.j.w.WebAppContext@1536d11e{ozoneManager,/,null,STOPPED}{file:/home/runner/work/ozone/ozone/hadoop-ozone/integration-test/target/test-classes/webapps/ozoneManager}
2023-07-13 02:07:00,690 [Time-limited test] INFO  server.AbstractConnector (AbstractConnector.java:doStop(383)) - Stopped ServerConnector@4d8a9abf{HTTP/1.1, (http/1.1)}{0.0.0.0:9874}
2023-07-13 02:07:00,690 [Time-limited test] INFO  server.session (HouseKeeper.java:stopScavenging(149)) - node0 Stopped scavenging
2023-07-13 02:07:00,691 [Time-limited test] INFO  handler.ContextHandler (ContextHandler.java:doStop(1159)) - Stopped o.e.j.s.ServletContextHandler@7af138fb{static,/static,file:///home/runner/work/ozone/ozone/hadoop-ozone/integration-test/target/test-classes/webapps/static,STOPPED}
2023-07-13 02:07:00,691 [Time-limited test] INFO  handler.ContextHandler (ContextHandler.java:doStop(1159)) - Stopped o.e.j.s.ServletContextHandler@696d2083{logs,/logs,file:///home/runner/work/ozone/ozone/hadoop-ozone/integration-test/target/log,STOPPED}
2023-07-13 02:07:00,694 [Time-limited test] INFO  snapshot.SnapshotDiffManager (SnapshotDiffManager.java:closeExecutorService(1720)) - Shutting down executorService: 'SnapDiffExecutor'
2023-07-13 02:07:00,694 [Time-limited test] INFO  snapshot.SnapshotDiffManager (SnapshotDiffManager.java:closeExecutorService(1720)) - Shutting down executorService: 'SstDumpToolExecutor'
2023-07-13 02:07:00,694 [Time-limited test] INFO  utils.BackgroundService (BackgroundService.java:shutdown(141)) - Shutting down service SnapshotDiffCleanupService
2023-07-13 02:07:00,695 [Time-limited test] INFO  impl.DefaultInternalKdcServerImpl (DefaultInternalKdcServerImpl.java:doStop(102)) - Default Internal kdc server stopped.
2023-07-13 02:07:01,696 [Time-limited test] INFO  minikdc.MiniKdc (MiniKdc.java:stop(359)) - MiniKdc stopped.
2023-07-13 02:07:01,696 [Time-limited test] INFO  om.OzoneManager (OzoneManager.java:stop(2198)) - om1[fv-az201-768.ett4tu3jvdse5ovc2mkgjqcs5a.bx.internal.cloudapp.net:1202]: Stopping Ozone Manager
]]></system-out>
  </testcase>
  <testcase name="testSecureScmStartupFailure" classname="org.apache.hadoop.ozone.TestSecureOzoneCluster" time="1.869">
    <system-out><![CDATA[2023-07-13 02:07:01,718 [Time-limited test] INFO  net.ServerSocketUtil (ServerSocketUtil.java:getPort(55)) - Using port 9860
2023-07-13 02:07:01,719 [Time-limited test] INFO  net.ServerSocketUtil (ServerSocketUtil.java:getPort(55)) - Using port 9861
2023-07-13 02:07:01,719 [Time-limited test] INFO  net.ServerSocketUtil (ServerSocketUtil.java:getPort(55)) - Using port 9863
2023-07-13 02:07:01,719 [Time-limited test] INFO  net.ServerSocketUtil (ServerSocketUtil.java:getPort(55)) - Using port 9961
2023-07-13 02:07:01,719 [Time-limited test] INFO  net.ServerSocketUtil (ServerSocketUtil.java:getPort(55)) - Using port 1200
2023-07-13 02:07:01,719 [Time-limited test] INFO  net.ServerSocketUtil (ServerSocketUtil.java:getPort(55)) - Using port 1201
2023-07-13 02:07:01,720 [Time-limited test] INFO  minikdc.MiniKdc (MiniKdc.java:<init>(225)) - Configuration:
2023-07-13 02:07:01,720 [Time-limited test] INFO  minikdc.MiniKdc (MiniKdc.java:<init>(226)) - ---------------------------------------------------------------
2023-07-13 02:07:01,720 [Time-limited test] INFO  minikdc.MiniKdc (MiniKdc.java:<init>(228)) -   debug: false
2023-07-13 02:07:01,720 [Time-limited test] INFO  minikdc.MiniKdc (MiniKdc.java:<init>(228)) -   transport: TCP
2023-07-13 02:07:01,720 [Time-limited test] INFO  minikdc.MiniKdc (MiniKdc.java:<init>(228)) -   max.ticket.lifetime: 86400000
2023-07-13 02:07:01,720 [Time-limited test] INFO  minikdc.MiniKdc (MiniKdc.java:<init>(228)) -   org.name: EXAMPLE
2023-07-13 02:07:01,720 [Time-limited test] INFO  minikdc.MiniKdc (MiniKdc.java:<init>(228)) -   kdc.port: 0
2023-07-13 02:07:01,720 [Time-limited test] INFO  minikdc.MiniKdc (MiniKdc.java:<init>(228)) -   org.domain: COM
2023-07-13 02:07:01,720 [Time-limited test] INFO  minikdc.MiniKdc (MiniKdc.java:<init>(228)) -   max.renewable.lifetime: 604800000
2023-07-13 02:07:01,720 [Time-limited test] INFO  minikdc.MiniKdc (MiniKdc.java:<init>(228)) -   instance: DefaultKrbServer
2023-07-13 02:07:01,720 [Time-limited test] INFO  minikdc.MiniKdc (MiniKdc.java:<init>(228)) -   kdc.bind.address: localhost
2023-07-13 02:07:01,720 [Time-limited test] INFO  minikdc.MiniKdc (MiniKdc.java:<init>(230)) - ---------------------------------------------------------------
2023-07-13 02:07:01,722 [Time-limited test] INFO  minikdc.MiniKdc (MiniKdc.java:start(285)) - MiniKdc started.
2023-07-13 02:07:01,937 [Time-limited test] INFO  om.OzoneManager (OzoneManager.java:getOmDetailsProto(4566)) - OzoneManager ports added:[name: "RPC"
value: 1202
]
2023-07-13 02:07:01,938 [Time-limited test] WARN  server.ServerUtils (ServerUtils.java:getScmDbDir(155)) - ozone.scm.db.dirs is not configured. We recommend adding this setting. Falling back to ozone.metadata.dirs instead.
2023-07-13 02:07:01,938 [Time-limited test] INFO  ha.HASecurityUtils (HASecurityUtils.java:initializeSecurity(98)) - Initializing secure StorageContainerManager.
2023-07-13 02:07:01,940 [Time-limited test] INFO  client.SCMCertificateClient (DefaultCertificateClient.java:updateCertSerialId(1248)) - Certificate serial ID set to null
2023-07-13 02:07:01,940 [Time-limited test] ERROR client.SCMCertificateClient (DefaultCertificateClient.java:getCertPath(349)) - Default certificate serial id is not set. Can't locate the default certificate for this client.
2023-07-13 02:07:01,940 [Time-limited test] INFO  client.SCMCertificateClient (DefaultCertificateClient.java:init(723)) - Certificate client init case: 0
2023-07-13 02:07:01,940 [Time-limited test] INFO  client.SCMCertificateClient (SCMCertificateClient.java:handleCase(96)) - Creating keypair for client as keypair and certificate not found.
2023-07-13 02:07:02,188 [Time-limited test] INFO  ha.HASecurityUtils (HASecurityUtils.java:initializeSecurity(108)) - Init response: GETCERT
2023-07-13 02:07:02,539 [Time-limited test] INFO  ozone.OzoneSecurityUtil (OzoneSecurityUtil.java:getValidInetsForCurrentHost(119)) - ip:fe80:0:0:0:20d:3aff:fe98:b55f%eth0 not returned.
2023-07-13 02:07:02,540 [Time-limited test] INFO  ozone.OzoneSecurityUtil (OzoneSecurityUtil.java:getValidInetsForCurrentHost(116)) - Adding ip:10.1.0.115,host:fv-az201-768.ett4tu3jvdse5ovc2mkgjqcs5a.bx.internal.cloudapp.net
2023-07-13 02:07:02,540 [Time-limited test] INFO  ozone.OzoneSecurityUtil (OzoneSecurityUtil.java:getValidInetsForCurrentHost(119)) - ip:0:0:0:0:0:0:0:1%lo not returned.
2023-07-13 02:07:02,540 [Time-limited test] INFO  ozone.OzoneSecurityUtil (OzoneSecurityUtil.java:getValidInetsForCurrentHost(119)) - ip:127.0.0.1 not returned.
2023-07-13 02:07:02,543 [Time-limited test] INFO  utils.SelfSignedCertificate (SelfSignedCertificate.java:generateCertificate(157)) - Certificate 1 is issued by CN=scm-1@fv-az201-768,OU=1dba1150-2df9-40bf-a33c-0debd7be6577,O=4720023e-0e38-4a04-909e-8e4ee8b3ea2d to CN=scm-1@fv-az201-768,OU=1dba1150-2df9-40bf-a33c-0debd7be6577,O=4720023e-0e38-4a04-909e-8e4ee8b3ea2d, valid from Thu Jul 13 02:07:02 UTC 2023 to Sun Aug 20 02:07:02 UTC 2028
2023-07-13 02:07:02,544 [Time-limited test] INFO  utils.CertificateCodec (CertificateCodec.java:writeCertificate(299)) - Save certificate to /tmp/junit8984398635157878638/junit961060427641135204/scm-meta/scm/ca/certs/certificate.crt
2023-07-13 02:07:02,544 [Time-limited test] INFO  utils.CertificateCodec (CertificateCodec.java:writeCertificate(300)) - Certificate -----BEGIN CERTIFICATE-----
MIID5zCCAs+gAwIBAgIBATANBgkqhkiG9w0BAQsFADB7MRswGQYDVQQDDBJzY20t
MUBmdi1hejIwMS03NjgxLTArBgNVBAsMJDFkYmExMTUwLTJkZjktNDBiZi1hMzNj
LTBkZWJkN2JlNjU3NzEtMCsGA1UECgwkNDcyMDAyM2UtMGUzOC00YTA0LTkwOWUt
OGU0ZWU4YjNlYTJkMB4XDTIzMDcxMzAyMDcwMloXDTI4MDgyMDAyMDcwMlowezEb
MBkGA1UEAwwSc2NtLTFAZnYtYXoyMDEtNzY4MS0wKwYDVQQLDCQxZGJhMTE1MC0y
ZGY5LTQwYmYtYTMzYy0wZGViZDdiZTY1NzcxLTArBgNVBAoMJDQ3MjAwMjNlLTBl
MzgtNGEwNC05MDllLThlNGVlOGIzZWEyZDCCASIwDQYJKoZIhvcNAQEBBQADggEP
ADCCAQoCggEBAO44fTFtG/jDqUXiXz0cHwMtWUPZSm9FIZ4OBkpY5yFbAI5vJ94o
ZeTM5EdsbYSPZcJBON5QVUA3Liq+JHAqjyQgxXlByxNnfP8okN+L44cVrkl2FfOi
6F1SU8NJ63k6uf06AARch+kxpTLfXH1bkHryfBEwDohIIPpGADssO9V+nPAM7xnC
XfpkJ5DReBn9/FJb56giy1TT3ETUu+QM3RI3Q0hkc6M9xVCS0x4naIxPUFQcmC1r
NPmXhSfYwYv5vD8RKM6DVee7YGbWT/wvTst2DIDlTdwQLqIrqeOJt3QiLH/KYg2S
0uvt0RU1xAVkHmCZy626cAV9i04occtqNGMCAwEAAaN2MHQwDwYDVR0TAQH/BAUw
AwEB/zAOBgNVHQ8BAf8EBAMCAQYwUQYDVR0RBEowSIcECgEAc4JAZnYtYXoyMDEt
NzY4LmV0dDR0dTNqdmRzZTVvdmMybWtnanFjczVhLmJ4LmludGVybmFsLmNsb3Vk
YXBwLm5ldDANBgkqhkiG9w0BAQsFAAOCAQEAgDY2Vgf20RH8LXgoK902zSv1P55z
wd3PPoReHNOIFv69pSNNvwyzdALHaWD7DI81fSrthb9jgQ7OedSQwFrwMjzeRPIL
Sv23x6c2rucxGjkRQBdp02dF1UQlbdt9Bp0wnalle+osQetfilkt9bM0BCTLV4pg
aOUN7lFawUXTAWQtey9QGGTzRMMeYFYkroBcoAZVpNt+IVY4UiRiOwXUXNfXDl5O
5xKW9vsc58VdSHfti5slGLZoHgiZbsJVVzi11ePkesAW3ovja7Cq3aVYPFZkf0cw
06f7TnACL9V9HRwyMtlhiTsw0Hj2QFGwf/oawS/yqiV1zYuBu40rAiq+Gw==
-----END CERTIFICATE-----

2023-07-13 02:07:02,545 [Time-limited test] INFO  client.SCMCertificateClient (SCMCertificateClient.java:getCSRBuilder(161)) - Creating csr for SCM->hostName:fv-az201-768,scmId:1dba1150-2df9-40bf-a33c-0debd7be6577,clusterId:4720023e-0e38-4a04-909e-8e4ee8b3ea2d,subject:scm-sub-1360587773589@fv-az201-768
2023-07-13 02:07:02,545 [Time-limited test] INFO  ozone.OzoneSecurityUtil (OzoneSecurityUtil.java:getValidInetsForCurrentHost(119)) - ip:fe80:0:0:0:20d:3aff:fe98:b55f%eth0 not returned.
2023-07-13 02:07:02,545 [Time-limited test] INFO  ozone.OzoneSecurityUtil (OzoneSecurityUtil.java:getValidInetsForCurrentHost(116)) - Adding ip:10.1.0.115,host:fv-az201-768.ett4tu3jvdse5ovc2mkgjqcs5a.bx.internal.cloudapp.net
2023-07-13 02:07:02,545 [Time-limited test] INFO  ozone.OzoneSecurityUtil (OzoneSecurityUtil.java:getValidInetsForCurrentHost(119)) - ip:0:0:0:0:0:0:0:1%lo not returned.
2023-07-13 02:07:02,545 [Time-limited test] INFO  ozone.OzoneSecurityUtil (OzoneSecurityUtil.java:getValidInetsForCurrentHost(119)) - ip:127.0.0.1 not returned.
2023-07-13 02:07:02,546 [Time-limited test] INFO  ha.HASecurityUtils (HASecurityUtils.java:generateCSR(308)) - Creating csr for SCM->hostName:fv-az201-768,scmId:1dba1150-2df9-40bf-a33c-0debd7be6577,clusterId:4720023e-0e38-4a04-909e-8e4ee8b3ea2d,subject:scm-sub-1360588646396@fv-az201-768
2023-07-13 02:07:02,554 [Time-limited test] INFO  utils.CertificateCodec (CertificateCodec.java:writeCertificate(299)) - Save certificate to /tmp/junit8984398635157878638/junit961060427641135204/scm-meta/scm/sub-ca/certs/CA-1.crt
2023-07-13 02:07:02,554 [Time-limited test] INFO  utils.CertificateCodec (CertificateCodec.java:writeCertificate(300)) - Certificate -----BEGIN CERTIFICATE-----
MIID5zCCAs+gAwIBAgIBATANBgkqhkiG9w0BAQsFADB7MRswGQYDVQQDDBJzY20t
MUBmdi1hejIwMS03NjgxLTArBgNVBAsMJDFkYmExMTUwLTJkZjktNDBiZi1hMzNj
LTBkZWJkN2JlNjU3NzEtMCsGA1UECgwkNDcyMDAyM2UtMGUzOC00YTA0LTkwOWUt
OGU0ZWU4YjNlYTJkMB4XDTIzMDcxMzAyMDcwMloXDTI4MDgyMDAyMDcwMlowezEb
MBkGA1UEAwwSc2NtLTFAZnYtYXoyMDEtNzY4MS0wKwYDVQQLDCQxZGJhMTE1MC0y
ZGY5LTQwYmYtYTMzYy0wZGViZDdiZTY1NzcxLTArBgNVBAoMJDQ3MjAwMjNlLTBl
MzgtNGEwNC05MDllLThlNGVlOGIzZWEyZDCCASIwDQYJKoZIhvcNAQEBBQADggEP
ADCCAQoCggEBAO44fTFtG/jDqUXiXz0cHwMtWUPZSm9FIZ4OBkpY5yFbAI5vJ94o
ZeTM5EdsbYSPZcJBON5QVUA3Liq+JHAqjyQgxXlByxNnfP8okN+L44cVrkl2FfOi
6F1SU8NJ63k6uf06AARch+kxpTLfXH1bkHryfBEwDohIIPpGADssO9V+nPAM7xnC
XfpkJ5DReBn9/FJb56giy1TT3ETUu+QM3RI3Q0hkc6M9xVCS0x4naIxPUFQcmC1r
NPmXhSfYwYv5vD8RKM6DVee7YGbWT/wvTst2DIDlTdwQLqIrqeOJt3QiLH/KYg2S
0uvt0RU1xAVkHmCZy626cAV9i04occtqNGMCAwEAAaN2MHQwDwYDVR0TAQH/BAUw
AwEB/zAOBgNVHQ8BAf8EBAMCAQYwUQYDVR0RBEowSIcECgEAc4JAZnYtYXoyMDEt
NzY4LmV0dDR0dTNqdmRzZTVvdmMybWtnanFjczVhLmJ4LmludGVybmFsLmNsb3Vk
YXBwLm5ldDANBgkqhkiG9w0BAQsFAAOCAQEAgDY2Vgf20RH8LXgoK902zSv1P55z
wd3PPoReHNOIFv69pSNNvwyzdALHaWD7DI81fSrthb9jgQ7OedSQwFrwMjzeRPIL
Sv23x6c2rucxGjkRQBdp02dF1UQlbdt9Bp0wnalle+osQetfilkt9bM0BCTLV4pg
aOUN7lFawUXTAWQtey9QGGTzRMMeYFYkroBcoAZVpNt+IVY4UiRiOwXUXNfXDl5O
5xKW9vsc58VdSHfti5slGLZoHgiZbsJVVzi11ePkesAW3ovja7Cq3aVYPFZkf0cw
06f7TnACL9V9HRwyMtlhiTsw0Hj2QFGwf/oawS/yqiV1zYuBu40rAiq+Gw==
-----END CERTIFICATE-----

2023-07-13 02:07:02,555 [Time-limited test] INFO  utils.CertificateCodec (CertificateCodec.java:writeCertificate(299)) - Save certificate to /tmp/junit8984398635157878638/junit961060427641135204/scm-meta/scm/sub-ca/certs/1360592586329.crt
2023-07-13 02:07:02,555 [Time-limited test] INFO  utils.CertificateCodec (CertificateCodec.java:writeCertificate(300)) - Certificate -----BEGIN CERTIFICATE-----
MIID/TCCAuWgAwIBAgIGATzJo0ZZMA0GCSqGSIb3DQEBCwUAMHsxGzAZBgNVBAMM
EnNjbS0xQGZ2LWF6MjAxLTc2ODEtMCsGA1UECwwkMWRiYTExNTAtMmRmOS00MGJm
LWEzM2MtMGRlYmQ3YmU2NTc3MS0wKwYDVQQKDCQ0NzIwMDIzZS0wZTM4LTRhMDQt
OTA5ZS04ZTRlZThiM2VhMmQwHhcNMjMwNzEzMDIwNzAyWhcNMjgwODIwMDIwNzAy
WjCBizErMCkGA1UEAwwic2NtLXN1Yi0xMzYwNTg4NjQ2Mzk2QGZ2LWF6MjAxLTc2
ODEtMCsGA1UECwwkMWRiYTExNTAtMmRmOS00MGJmLWEzM2MtMGRlYmQ3YmU2NTc3
MS0wKwYDVQQKDCQ0NzIwMDIzZS0wZTM4LTRhMDQtOTA5ZS04ZTRlZThiM2VhMmQw
ggEiMA0GCSqGSIb3DQEBAQUAA4IBDwAwggEKAoIBAQC1knuwmld/d9Rf1xcQixFe
ABMfG0FXwK4PJQo9Hi3xY9BmH8BoGDuHZzXpValsurd8EYPQ4QMaj0YQyI83QwrX
HZx5sUfNCvaODR1w/d693avI2hZtfi9nUwioePPWw16iEHjt6sRRoyEbK07mO7Ik
/ExjWPbXVhZUmhXtFrsiEeLmbXJ9Gexm+P73qBb52j0O1d6pUXXVBBaGyvoOpYpZ
AK/gRfGlxYy9SQsfQM+qD29nW5bRcYKLys0UebJQdrg62gY0X/qM08nOn+dGYVU8
3WLf6/a1uE4hpql08bLNxG36hwjdi5o7y0Cd2z5U6Kf6KyNqS6EXcN30JPWCKilL
AgMBAAGjdjB0MFEGA1UdEQRKMEiHBAoBAHOCQGZ2LWF6MjAxLTc2OC5ldHQ0dHUz
anZkc2U1b3ZjMm1rZ2pxY3M1YS5ieC5pbnRlcm5hbC5jbG91ZGFwcC5uZXQwDwYD
VR0TAQH/BAUwAwEB/zAOBgNVHQ8BAf8EBAMCAb4wDQYJKoZIhvcNAQELBQADggEB
AFq1sguXJKnbn2dwdz5S+RGFgn1yfk5aVPb6WjkqtRsMx6NJoAJRH+jZc39WhdB2
4MgvvyKt1OtNu4b9EAS1DoJ283AUS03oGFvGLHlix8wwvCt4NxDUGfk1jgVr3q9Q
baM/b8H4mp5j1UQVR7IMuqqyh4xzgoxJSgZtFQXiUbZKzREkHy7tc778dAFFt5vO
KTH53IYpTLrIG2lWAnt/98Jlk/d7oRdL/EvLlQrGTYAtBYdEqereL7va3Nczy+It
Q+wjHXHzgEIvUfpWzGBWpkGCTgtyNu2VXVmL6fXfZP8fjblA22KGIQVI2xkGHkD/
L+4EqHb1OapPBd2ZJQOrgtM=
-----END CERTIFICATE-----

-----BEGIN CERTIFICATE-----
MIID5zCCAs+gAwIBAgIBATANBgkqhkiG9w0BAQsFADB7MRswGQYDVQQDDBJzY20t
MUBmdi1hejIwMS03NjgxLTArBgNVBAsMJDFkYmExMTUwLTJkZjktNDBiZi1hMzNj
LTBkZWJkN2JlNjU3NzEtMCsGA1UECgwkNDcyMDAyM2UtMGUzOC00YTA0LTkwOWUt
OGU0ZWU4YjNlYTJkMB4XDTIzMDcxMzAyMDcwMloXDTI4MDgyMDAyMDcwMlowezEb
MBkGA1UEAwwSc2NtLTFAZnYtYXoyMDEtNzY4MS0wKwYDVQQLDCQxZGJhMTE1MC0y
ZGY5LTQwYmYtYTMzYy0wZGViZDdiZTY1NzcxLTArBgNVBAoMJDQ3MjAwMjNlLTBl
MzgtNGEwNC05MDllLThlNGVlOGIzZWEyZDCCASIwDQYJKoZIhvcNAQEBBQADggEP
ADCCAQoCggEBAO44fTFtG/jDqUXiXz0cHwMtWUPZSm9FIZ4OBkpY5yFbAI5vJ94o
ZeTM5EdsbYSPZcJBON5QVUA3Liq+JHAqjyQgxXlByxNnfP8okN+L44cVrkl2FfOi
6F1SU8NJ63k6uf06AARch+kxpTLfXH1bkHryfBEwDohIIPpGADssO9V+nPAM7xnC
XfpkJ5DReBn9/FJb56giy1TT3ETUu+QM3RI3Q0hkc6M9xVCS0x4naIxPUFQcmC1r
NPmXhSfYwYv5vD8RKM6DVee7YGbWT/wvTst2DIDlTdwQLqIrqeOJt3QiLH/KYg2S
0uvt0RU1xAVkHmCZy626cAV9i04occtqNGMCAwEAAaN2MHQwDwYDVR0TAQH/BAUw
AwEB/zAOBgNVHQ8BAf8EBAMCAQYwUQYDVR0RBEowSIcECgEAc4JAZnYtYXoyMDEt
NzY4LmV0dDR0dTNqdmRzZTVvdmMybWtnanFjczVhLmJ4LmludGVybmFsLmNsb3Vk
YXBwLm5ldDANBgkqhkiG9w0BAQsFAAOCAQEAgDY2Vgf20RH8LXgoK902zSv1P55z
wd3PPoReHNOIFv69pSNNvwyzdALHaWD7DI81fSrthb9jgQ7OedSQwFrwMjzeRPIL
Sv23x6c2rucxGjkRQBdp02dF1UQlbdt9Bp0wnalle+osQetfilkt9bM0BCTLV4pg
aOUN7lFawUXTAWQtey9QGGTzRMMeYFYkroBcoAZVpNt+IVY4UiRiOwXUXNfXDl5O
5xKW9vsc58VdSHfti5slGLZoHgiZbsJVVzi11ePkesAW3ovja7Cq3aVYPFZkf0cw
06f7TnACL9V9HRwyMtlhiTsw0Hj2QFGwf/oawS/yqiV1zYuBu40rAiq+Gw==
-----END CERTIFICATE-----

2023-07-13 02:07:02,555 [Time-limited test] INFO  utils.CertificateCodec (CertificateCodec.java:writeCertificate(299)) - Save certificate to /tmp/junit8984398635157878638/junit961060427641135204/scm-meta/scm/sub-ca/certs/certificate.crt
2023-07-13 02:07:02,555 [Time-limited test] INFO  utils.CertificateCodec (CertificateCodec.java:writeCertificate(300)) - Certificate -----BEGIN CERTIFICATE-----
MIID/TCCAuWgAwIBAgIGATzJo0ZZMA0GCSqGSIb3DQEBCwUAMHsxGzAZBgNVBAMM
EnNjbS0xQGZ2LWF6MjAxLTc2ODEtMCsGA1UECwwkMWRiYTExNTAtMmRmOS00MGJm
LWEzM2MtMGRlYmQ3YmU2NTc3MS0wKwYDVQQKDCQ0NzIwMDIzZS0wZTM4LTRhMDQt
OTA5ZS04ZTRlZThiM2VhMmQwHhcNMjMwNzEzMDIwNzAyWhcNMjgwODIwMDIwNzAy
WjCBizErMCkGA1UEAwwic2NtLXN1Yi0xMzYwNTg4NjQ2Mzk2QGZ2LWF6MjAxLTc2
ODEtMCsGA1UECwwkMWRiYTExNTAtMmRmOS00MGJmLWEzM2MtMGRlYmQ3YmU2NTc3
MS0wKwYDVQQKDCQ0NzIwMDIzZS0wZTM4LTRhMDQtOTA5ZS04ZTRlZThiM2VhMmQw
ggEiMA0GCSqGSIb3DQEBAQUAA4IBDwAwggEKAoIBAQC1knuwmld/d9Rf1xcQixFe
ABMfG0FXwK4PJQo9Hi3xY9BmH8BoGDuHZzXpValsurd8EYPQ4QMaj0YQyI83QwrX
HZx5sUfNCvaODR1w/d693avI2hZtfi9nUwioePPWw16iEHjt6sRRoyEbK07mO7Ik
/ExjWPbXVhZUmhXtFrsiEeLmbXJ9Gexm+P73qBb52j0O1d6pUXXVBBaGyvoOpYpZ
AK/gRfGlxYy9SQsfQM+qD29nW5bRcYKLys0UebJQdrg62gY0X/qM08nOn+dGYVU8
3WLf6/a1uE4hpql08bLNxG36hwjdi5o7y0Cd2z5U6Kf6KyNqS6EXcN30JPWCKilL
AgMBAAGjdjB0MFEGA1UdEQRKMEiHBAoBAHOCQGZ2LWF6MjAxLTc2OC5ldHQ0dHUz
anZkc2U1b3ZjMm1rZ2pxY3M1YS5ieC5pbnRlcm5hbC5jbG91ZGFwcC5uZXQwDwYD
VR0TAQH/BAUwAwEB/zAOBgNVHQ8BAf8EBAMCAb4wDQYJKoZIhvcNAQELBQADggEB
AFq1sguXJKnbn2dwdz5S+RGFgn1yfk5aVPb6WjkqtRsMx6NJoAJRH+jZc39WhdB2
4MgvvyKt1OtNu4b9EAS1DoJ283AUS03oGFvGLHlix8wwvCt4NxDUGfk1jgVr3q9Q
baM/b8H4mp5j1UQVR7IMuqqyh4xzgoxJSgZtFQXiUbZKzREkHy7tc778dAFFt5vO
KTH53IYpTLrIG2lWAnt/98Jlk/d7oRdL/EvLlQrGTYAtBYdEqereL7va3Nczy+It
Q+wjHXHzgEIvUfpWzGBWpkGCTgtyNu2VXVmL6fXfZP8fjblA22KGIQVI2xkGHkD/
L+4EqHb1OapPBd2ZJQOrgtM=
-----END CERTIFICATE-----

-----BEGIN CERTIFICATE-----
MIID5zCCAs+gAwIBAgIBATANBgkqhkiG9w0BAQsFADB7MRswGQYDVQQDDBJzY20t
MUBmdi1hejIwMS03NjgxLTArBgNVBAsMJDFkYmExMTUwLTJkZjktNDBiZi1hMzNj
LTBkZWJkN2JlNjU3NzEtMCsGA1UECgwkNDcyMDAyM2UtMGUzOC00YTA0LTkwOWUt
OGU0ZWU4YjNlYTJkMB4XDTIzMDcxMzAyMDcwMloXDTI4MDgyMDAyMDcwMlowezEb
MBkGA1UEAwwSc2NtLTFAZnYtYXoyMDEtNzY4MS0wKwYDVQQLDCQxZGJhMTE1MC0y
ZGY5LTQwYmYtYTMzYy0wZGViZDdiZTY1NzcxLTArBgNVBAoMJDQ3MjAwMjNlLTBl
MzgtNGEwNC05MDllLThlNGVlOGIzZWEyZDCCASIwDQYJKoZIhvcNAQEBBQADggEP
ADCCAQoCggEBAO44fTFtG/jDqUXiXz0cHwMtWUPZSm9FIZ4OBkpY5yFbAI5vJ94o
ZeTM5EdsbYSPZcJBON5QVUA3Liq+JHAqjyQgxXlByxNnfP8okN+L44cVrkl2FfOi
6F1SU8NJ63k6uf06AARch+kxpTLfXH1bkHryfBEwDohIIPpGADssO9V+nPAM7xnC
XfpkJ5DReBn9/FJb56giy1TT3ETUu+QM3RI3Q0hkc6M9xVCS0x4naIxPUFQcmC1r
NPmXhSfYwYv5vD8RKM6DVee7YGbWT/wvTst2DIDlTdwQLqIrqeOJt3QiLH/KYg2S
0uvt0RU1xAVkHmCZy626cAV9i04occtqNGMCAwEAAaN2MHQwDwYDVR0TAQH/BAUw
AwEB/zAOBgNVHQ8BAf8EBAMCAQYwUQYDVR0RBEowSIcECgEAc4JAZnYtYXoyMDEt
NzY4LmV0dDR0dTNqdmRzZTVvdmMybWtnanFjczVhLmJ4LmludGVybmFsLmNsb3Vk
YXBwLm5ldDANBgkqhkiG9w0BAQsFAAOCAQEAgDY2Vgf20RH8LXgoK902zSv1P55z
wd3PPoReHNOIFv69pSNNvwyzdALHaWD7DI81fSrthb9jgQ7OedSQwFrwMjzeRPIL
Sv23x6c2rucxGjkRQBdp02dF1UQlbdt9Bp0wnalle+osQetfilkt9bM0BCTLV4pg
aOUN7lFawUXTAWQtey9QGGTzRMMeYFYkroBcoAZVpNt+IVY4UiRiOwXUXNfXDl5O
5xKW9vsc58VdSHfti5slGLZoHgiZbsJVVzi11ePkesAW3ovja7Cq3aVYPFZkf0cw
06f7TnACL9V9HRwyMtlhiTsw0Hj2QFGwf/oawS/yqiV1zYuBu40rAiq+Gw==
-----END CERTIFICATE-----

2023-07-13 02:07:02,555 [Time-limited test] INFO  ha.HASecurityUtils (HASecurityUtils.java:initializeSecurity(121)) - Successfully stored SCM signed certificate.
2023-07-13 02:07:02,559 [Time-limited test] WARN  server.ServerUtils (ServerUtils.java:getScmDbDir(155)) - ozone.scm.db.dirs is not configured. We recommend adding this setting. Falling back to ozone.metadata.dirs instead.
2023-07-13 02:07:02,560 [Time-limited test] INFO  ha.SCMHANodeDetails (SCMHANodeDetails.java:loadSCMHAConfig(210)) - ServiceID for StorageContainerManager is null
2023-07-13 02:07:02,560 [Time-limited test] INFO  ha.SCMHANodeDetails (SCMHANodeDetails.java:loadSCMHAConfig(215)) - ozone.scm.default.service.id is not defined, falling back to ozone.scm.service.ids to find serviceID for StorageContainerManager if it is HA enabled cluster
2023-07-13 02:07:02,562 [Time-limited test] WARN  server.ServerUtils (ServerUtils.java:getScmDbDir(155)) - ozone.scm.db.dirs is not configured. We recommend adding this setting. Falling back to ozone.metadata.dirs instead.
2023-07-13 02:07:02,563 [Time-limited test] INFO  ha.SCMHANodeDetails (SCMHANodeDetails.java:loadSCMHAConfig(210)) - ServiceID for StorageContainerManager is null
2023-07-13 02:07:02,563 [Time-limited test] INFO  ha.SCMHANodeDetails (SCMHANodeDetails.java:loadSCMHAConfig(215)) - ozone.scm.default.service.id is not defined, falling back to ozone.scm.service.ids to find serviceID for StorageContainerManager if it is HA enabled cluster
2023-07-13 02:07:02,564 [Time-limited test] WARN  server.ServerUtils (ServerUtils.java:getScmDbDir(155)) - ozone.scm.db.dirs is not configured. We recommend adding this setting. Falling back to ozone.metadata.dirs instead.
2023-07-13 02:07:02,564 [Time-limited test] INFO  ha.SCMHANodeDetails (SCMHANodeDetails.java:loadSCMHAConfig(210)) - ServiceID for StorageContainerManager is null
2023-07-13 02:07:02,564 [Time-limited test] INFO  ha.SCMHANodeDetails (SCMHANodeDetails.java:loadSCMHAConfig(215)) - ozone.scm.default.service.id is not defined, falling back to ozone.scm.service.ids to find serviceID for StorageContainerManager if it is HA enabled cluster
2023-07-13 02:07:02,565 [Time-limited test] WARN  server.ServerUtils (ServerUtils.java:getScmDbDir(155)) - ozone.scm.db.dirs is not configured. We recommend adding this setting. Falling back to ozone.metadata.dirs instead.
2023-07-13 02:07:02,565 [Time-limited test] INFO  ha.SCMHANodeDetails (SCMHANodeDetails.java:loadSCMHAConfig(210)) - ServiceID for StorageContainerManager is null
2023-07-13 02:07:02,565 [Time-limited test] INFO  ha.SCMHANodeDetails (SCMHANodeDetails.java:loadSCMHAConfig(215)) - ozone.scm.default.service.id is not defined, falling back to ozone.scm.service.ids to find serviceID for StorageContainerManager if it is HA enabled cluster
2023-07-13 02:07:02,566 [Time-limited test] INFO  impl.DefaultInternalKdcServerImpl (DefaultInternalKdcServerImpl.java:doStop(102)) - Default Internal kdc server stopped.
2023-07-13 02:07:03,566 [Time-limited test] INFO  minikdc.MiniKdc (MiniKdc.java:stop(359)) - MiniKdc stopped.
]]></system-out>
  </testcase>
  <testcase name="testAdminAccessControlException" classname="org.apache.hadoop.ozone.TestSecureOzoneCluster" time="5.32">
    <system-out><![CDATA[2023-07-13 02:07:03,588 [Time-limited test] INFO  net.ServerSocketUtil (ServerSocketUtil.java:getPort(55)) - Using port 9860
2023-07-13 02:07:03,589 [Time-limited test] INFO  net.ServerSocketUtil (ServerSocketUtil.java:getPort(55)) - Using port 9861
2023-07-13 02:07:03,589 [Time-limited test] INFO  net.ServerSocketUtil (ServerSocketUtil.java:getPort(55)) - Using port 9863
2023-07-13 02:07:03,589 [Time-limited test] INFO  net.ServerSocketUtil (ServerSocketUtil.java:getPort(55)) - Using port 9961
2023-07-13 02:07:03,589 [Time-limited test] INFO  net.ServerSocketUtil (ServerSocketUtil.java:getPort(55)) - Using port 1200
2023-07-13 02:07:03,589 [Time-limited test] INFO  net.ServerSocketUtil (ServerSocketUtil.java:getPort(55)) - Using port 1201
2023-07-13 02:07:03,590 [Time-limited test] INFO  minikdc.MiniKdc (MiniKdc.java:<init>(225)) - Configuration:
2023-07-13 02:07:03,590 [Time-limited test] INFO  minikdc.MiniKdc (MiniKdc.java:<init>(226)) - ---------------------------------------------------------------
2023-07-13 02:07:03,590 [Time-limited test] INFO  minikdc.MiniKdc (MiniKdc.java:<init>(228)) -   debug: false
2023-07-13 02:07:03,590 [Time-limited test] INFO  minikdc.MiniKdc (MiniKdc.java:<init>(228)) -   transport: TCP
2023-07-13 02:07:03,590 [Time-limited test] INFO  minikdc.MiniKdc (MiniKdc.java:<init>(228)) -   max.ticket.lifetime: 86400000
2023-07-13 02:07:03,590 [Time-limited test] INFO  minikdc.MiniKdc (MiniKdc.java:<init>(228)) -   org.name: EXAMPLE
2023-07-13 02:07:03,590 [Time-limited test] INFO  minikdc.MiniKdc (MiniKdc.java:<init>(228)) -   kdc.port: 0
2023-07-13 02:07:03,590 [Time-limited test] INFO  minikdc.MiniKdc (MiniKdc.java:<init>(228)) -   org.domain: COM
2023-07-13 02:07:03,591 [Time-limited test] INFO  minikdc.MiniKdc (MiniKdc.java:<init>(228)) -   max.renewable.lifetime: 604800000
2023-07-13 02:07:03,591 [Time-limited test] INFO  minikdc.MiniKdc (MiniKdc.java:<init>(228)) -   instance: DefaultKrbServer
2023-07-13 02:07:03,591 [Time-limited test] INFO  minikdc.MiniKdc (MiniKdc.java:<init>(228)) -   kdc.bind.address: localhost
2023-07-13 02:07:03,591 [Time-limited test] INFO  minikdc.MiniKdc (MiniKdc.java:<init>(230)) - ---------------------------------------------------------------
2023-07-13 02:07:03,592 [Time-limited test] INFO  minikdc.MiniKdc (MiniKdc.java:start(285)) - MiniKdc started.
2023-07-13 02:07:03,775 [Time-limited test] INFO  om.OzoneManager (OzoneManager.java:getOmDetailsProto(4566)) - OzoneManager ports added:[name: "RPC"
value: 1202
]
2023-07-13 02:07:03,775 [Time-limited test] WARN  server.ServerUtils (ServerUtils.java:getScmDbDir(155)) - ozone.scm.db.dirs is not configured. We recommend adding this setting. Falling back to ozone.metadata.dirs instead.
2023-07-13 02:07:03,776 [Time-limited test] INFO  ha.HASecurityUtils (HASecurityUtils.java:initializeSecurity(98)) - Initializing secure StorageContainerManager.
2023-07-13 02:07:03,777 [Time-limited test] INFO  client.SCMCertificateClient (DefaultCertificateClient.java:updateCertSerialId(1248)) - Certificate serial ID set to null
2023-07-13 02:07:03,777 [Time-limited test] ERROR client.SCMCertificateClient (DefaultCertificateClient.java:getCertPath(349)) - Default certificate serial id is not set. Can't locate the default certificate for this client.
2023-07-13 02:07:03,777 [Time-limited test] INFO  client.SCMCertificateClient (DefaultCertificateClient.java:init(723)) - Certificate client init case: 0
2023-07-13 02:07:03,777 [Time-limited test] INFO  client.SCMCertificateClient (SCMCertificateClient.java:handleCase(96)) - Creating keypair for client as keypair and certificate not found.
2023-07-13 02:07:04,229 [Time-limited test] INFO  ha.HASecurityUtils (HASecurityUtils.java:initializeSecurity(108)) - Init response: GETCERT
2023-07-13 02:07:04,635 [Time-limited test] INFO  ozone.OzoneSecurityUtil (OzoneSecurityUtil.java:getValidInetsForCurrentHost(119)) - ip:fe80:0:0:0:20d:3aff:fe98:b55f%eth0 not returned.
2023-07-13 02:07:04,636 [Time-limited test] INFO  ozone.OzoneSecurityUtil (OzoneSecurityUtil.java:getValidInetsForCurrentHost(116)) - Adding ip:10.1.0.115,host:fv-az201-768.ett4tu3jvdse5ovc2mkgjqcs5a.bx.internal.cloudapp.net
2023-07-13 02:07:04,636 [Time-limited test] INFO  ozone.OzoneSecurityUtil (OzoneSecurityUtil.java:getValidInetsForCurrentHost(119)) - ip:0:0:0:0:0:0:0:1%lo not returned.
2023-07-13 02:07:04,636 [Time-limited test] INFO  ozone.OzoneSecurityUtil (OzoneSecurityUtil.java:getValidInetsForCurrentHost(119)) - ip:127.0.0.1 not returned.
2023-07-13 02:07:04,640 [Time-limited test] INFO  utils.SelfSignedCertificate (SelfSignedCertificate.java:generateCertificate(157)) - Certificate 1 is issued by CN=scm-1@fv-az201-768,OU=7e5a7adc-ff78-4404-95c2-3b4384bac03c,O=e5fe5b07-8fe3-42ad-9a84-60630b2500cc to CN=scm-1@fv-az201-768,OU=7e5a7adc-ff78-4404-95c2-3b4384bac03c,O=e5fe5b07-8fe3-42ad-9a84-60630b2500cc, valid from Thu Jul 13 02:07:04 UTC 2023 to Sun Aug 20 02:07:04 UTC 2028
2023-07-13 02:07:04,641 [Time-limited test] INFO  utils.CertificateCodec (CertificateCodec.java:writeCertificate(299)) - Save certificate to /tmp/junit1948061109565995167/junit3695041540584519501/scm-meta/scm/ca/certs/certificate.crt
2023-07-13 02:07:04,641 [Time-limited test] INFO  utils.CertificateCodec (CertificateCodec.java:writeCertificate(300)) - Certificate -----BEGIN CERTIFICATE-----
MIID5zCCAs+gAwIBAgIBATANBgkqhkiG9w0BAQsFADB7MRswGQYDVQQDDBJzY20t
MUBmdi1hejIwMS03NjgxLTArBgNVBAsMJDdlNWE3YWRjLWZmNzgtNDQwNC05NWMy
LTNiNDM4NGJhYzAzYzEtMCsGA1UECgwkZTVmZTViMDctOGZlMy00MmFkLTlhODQt
NjA2MzBiMjUwMGNjMB4XDTIzMDcxMzAyMDcwNFoXDTI4MDgyMDAyMDcwNFowezEb
MBkGA1UEAwwSc2NtLTFAZnYtYXoyMDEtNzY4MS0wKwYDVQQLDCQ3ZTVhN2FkYy1m
Zjc4LTQ0MDQtOTVjMi0zYjQzODRiYWMwM2MxLTArBgNVBAoMJGU1ZmU1YjA3LThm
ZTMtNDJhZC05YTg0LTYwNjMwYjI1MDBjYzCCASIwDQYJKoZIhvcNAQEBBQADggEP
ADCCAQoCggEBALZ/nVEIKf8qr/eoPyr9uZKqbA5MfUFtofuE3FC7txWfUUSNrVjp
fFQcXagN/iXVd214HHJsp3+7om/F43iC3dMj1Fs5npxK6RTn+b9Ju1xpq6HMH/qw
xcyhbZaBsTIA81JnpiGpI44ALx9N6OiTsrR3KeOdWWXE39fevW8RSmO9covrFS6x
PI5NoSmRlKCpvK237yxC8ElYfyeIpSblV27iOSSS6ibBoFoJlquhEgRRXkNqk9PZ
stKU22MMmx0JVBvebZXRAXq4u9ZmaN9mJA3PUj31MHMCrisX3/P6RymWtlZW8oBL
qjt6GATZzXzOTKdQheqRZj0A+NNVZvYyeSMCAwEAAaN2MHQwDwYDVR0TAQH/BAUw
AwEB/zAOBgNVHQ8BAf8EBAMCAQYwUQYDVR0RBEowSIcECgEAc4JAZnYtYXoyMDEt
NzY4LmV0dDR0dTNqdmRzZTVvdmMybWtnanFjczVhLmJ4LmludGVybmFsLmNsb3Vk
YXBwLm5ldDANBgkqhkiG9w0BAQsFAAOCAQEAHx9B1aL3ZggbgYBVlPmmY1AoZlYq
gfuZzVYjMv4z9JJNGENwirTN25YO5FX5Q/SOTdr3u11NllH7nxl2KwkqHsjF2/pR
Zt7v6b/14vyeonenNvAokrKeHMoYI3o/1iSRrWs8Lwh7vzv0bmrsUJGKlgeInusj
JNHnQqagy/ySq0wEaL4Yw6l041+DJWaSf21smCNjhRbVP+2V2zccCvIpvrTiJdn3
ss+s0ryRHVD/WJf8fb80vXRYFT95zuuephvP8oT0MOsFexkCK5uBOLfiSfpASujF
V6t6xkeAqQiJtNloUIiThhG8lc1WRbD9nHtmMsGWRCl4Cz+K4RInFgzUtg==
-----END CERTIFICATE-----

2023-07-13 02:07:04,641 [Time-limited test] INFO  client.SCMCertificateClient (SCMCertificateClient.java:getCSRBuilder(161)) - Creating csr for SCM->hostName:fv-az201-768,scmId:7e5a7adc-ff78-4404-95c2-3b4384bac03c,clusterId:e5fe5b07-8fe3-42ad-9a84-60630b2500cc,subject:scm-sub-1362684364905@fv-az201-768
2023-07-13 02:07:04,642 [Time-limited test] INFO  ozone.OzoneSecurityUtil (OzoneSecurityUtil.java:getValidInetsForCurrentHost(119)) - ip:fe80:0:0:0:20d:3aff:fe98:b55f%eth0 not returned.
2023-07-13 02:07:04,642 [Time-limited test] INFO  ozone.OzoneSecurityUtil (OzoneSecurityUtil.java:getValidInetsForCurrentHost(116)) - Adding ip:10.1.0.115,host:fv-az201-768.ett4tu3jvdse5ovc2mkgjqcs5a.bx.internal.cloudapp.net
2023-07-13 02:07:04,642 [Time-limited test] INFO  ozone.OzoneSecurityUtil (OzoneSecurityUtil.java:getValidInetsForCurrentHost(119)) - ip:0:0:0:0:0:0:0:1%lo not returned.
2023-07-13 02:07:04,642 [Time-limited test] INFO  ozone.OzoneSecurityUtil (OzoneSecurityUtil.java:getValidInetsForCurrentHost(119)) - ip:127.0.0.1 not returned.
2023-07-13 02:07:04,642 [Time-limited test] INFO  ha.HASecurityUtils (HASecurityUtils.java:generateCSR(308)) - Creating csr for SCM->hostName:fv-az201-768,scmId:7e5a7adc-ff78-4404-95c2-3b4384bac03c,clusterId:e5fe5b07-8fe3-42ad-9a84-60630b2500cc,subject:scm-sub-1362685177412@fv-az201-768
2023-07-13 02:07:04,651 [Time-limited test] INFO  utils.CertificateCodec (CertificateCodec.java:writeCertificate(299)) - Save certificate to /tmp/junit1948061109565995167/junit3695041540584519501/scm-meta/scm/sub-ca/certs/CA-1.crt
2023-07-13 02:07:04,651 [Time-limited test] INFO  utils.CertificateCodec (CertificateCodec.java:writeCertificate(300)) - Certificate -----BEGIN CERTIFICATE-----
MIID5zCCAs+gAwIBAgIBATANBgkqhkiG9w0BAQsFADB7MRswGQYDVQQDDBJzY20t
MUBmdi1hejIwMS03NjgxLTArBgNVBAsMJDdlNWE3YWRjLWZmNzgtNDQwNC05NWMy
LTNiNDM4NGJhYzAzYzEtMCsGA1UECgwkZTVmZTViMDctOGZlMy00MmFkLTlhODQt
NjA2MzBiMjUwMGNjMB4XDTIzMDcxMzAyMDcwNFoXDTI4MDgyMDAyMDcwNFowezEb
MBkGA1UEAwwSc2NtLTFAZnYtYXoyMDEtNzY4MS0wKwYDVQQLDCQ3ZTVhN2FkYy1m
Zjc4LTQ0MDQtOTVjMi0zYjQzODRiYWMwM2MxLTArBgNVBAoMJGU1ZmU1YjA3LThm
ZTMtNDJhZC05YTg0LTYwNjMwYjI1MDBjYzCCASIwDQYJKoZIhvcNAQEBBQADggEP
ADCCAQoCggEBALZ/nVEIKf8qr/eoPyr9uZKqbA5MfUFtofuE3FC7txWfUUSNrVjp
fFQcXagN/iXVd214HHJsp3+7om/F43iC3dMj1Fs5npxK6RTn+b9Ju1xpq6HMH/qw
xcyhbZaBsTIA81JnpiGpI44ALx9N6OiTsrR3KeOdWWXE39fevW8RSmO9covrFS6x
PI5NoSmRlKCpvK237yxC8ElYfyeIpSblV27iOSSS6ibBoFoJlquhEgRRXkNqk9PZ
stKU22MMmx0JVBvebZXRAXq4u9ZmaN9mJA3PUj31MHMCrisX3/P6RymWtlZW8oBL
qjt6GATZzXzOTKdQheqRZj0A+NNVZvYyeSMCAwEAAaN2MHQwDwYDVR0TAQH/BAUw
AwEB/zAOBgNVHQ8BAf8EBAMCAQYwUQYDVR0RBEowSIcECgEAc4JAZnYtYXoyMDEt
NzY4LmV0dDR0dTNqdmRzZTVvdmMybWtnanFjczVhLmJ4LmludGVybmFsLmNsb3Vk
YXBwLm5ldDANBgkqhkiG9w0BAQsFAAOCAQEAHx9B1aL3ZggbgYBVlPmmY1AoZlYq
gfuZzVYjMv4z9JJNGENwirTN25YO5FX5Q/SOTdr3u11NllH7nxl2KwkqHsjF2/pR
Zt7v6b/14vyeonenNvAokrKeHMoYI3o/1iSRrWs8Lwh7vzv0bmrsUJGKlgeInusj
JNHnQqagy/ySq0wEaL4Yw6l041+DJWaSf21smCNjhRbVP+2V2zccCvIpvrTiJdn3
ss+s0ryRHVD/WJf8fb80vXRYFT95zuuephvP8oT0MOsFexkCK5uBOLfiSfpASujF
V6t6xkeAqQiJtNloUIiThhG8lc1WRbD9nHtmMsGWRCl4Cz+K4RInFgzUtg==
-----END CERTIFICATE-----

2023-07-13 02:07:04,652 [Time-limited test] INFO  utils.CertificateCodec (CertificateCodec.java:writeCertificate(299)) - Save certificate to /tmp/junit1948061109565995167/junit3695041540584519501/scm-meta/scm/sub-ca/certs/1362688937243.crt
2023-07-13 02:07:04,652 [Time-limited test] INFO  utils.CertificateCodec (CertificateCodec.java:writeCertificate(300)) - Certificate -----BEGIN CERTIFICATE-----
MIID/TCCAuWgAwIBAgIGAT1Glw0bMA0GCSqGSIb3DQEBCwUAMHsxGzAZBgNVBAMM
EnNjbS0xQGZ2LWF6MjAxLTc2ODEtMCsGA1UECwwkN2U1YTdhZGMtZmY3OC00NDA0
LTk1YzItM2I0Mzg0YmFjMDNjMS0wKwYDVQQKDCRlNWZlNWIwNy04ZmUzLTQyYWQt
OWE4NC02MDYzMGIyNTAwY2MwHhcNMjMwNzEzMDIwNzA0WhcNMjgwODIwMDIwNzA0
WjCBizErMCkGA1UEAwwic2NtLXN1Yi0xMzYyNjg1MTc3NDEyQGZ2LWF6MjAxLTc2
ODEtMCsGA1UECwwkN2U1YTdhZGMtZmY3OC00NDA0LTk1YzItM2I0Mzg0YmFjMDNj
MS0wKwYDVQQKDCRlNWZlNWIwNy04ZmUzLTQyYWQtOWE4NC02MDYzMGIyNTAwY2Mw
ggEiMA0GCSqGSIb3DQEBAQUAA4IBDwAwggEKAoIBAQDQgPrCa0YySMsPspnhitVO
Emgm+rc0h6fSf11mP2tpXObKia4++VTTGlNN5M24+xtVrLlMH336JtzUVWkpHTxI
kz+qYWy0TJRQkd9dq2bvsac4Rg5MLnUfkxXUFCq9VOujSjxVy16/eh2HpwxIPSDs
MGET6kHFvib0Ke3+QRiR4wUCMidYZd206JPHAuwzr3guEes3tTUWv8LxymcbW+d8
R8oZpMkn50NTtrBpIGD3gA1AE3y8Km3jFEBqBy35I6NmNyI42pBOHLhm102+d2sw
IIk7QqJWgPYrXK4gxmvdAXhNQeXeEeecKveuClh9afsPk/6RW7JgPTyiMbmW9NLN
AgMBAAGjdjB0MFEGA1UdEQRKMEiHBAoBAHOCQGZ2LWF6MjAxLTc2OC5ldHQ0dHUz
anZkc2U1b3ZjMm1rZ2pxY3M1YS5ieC5pbnRlcm5hbC5jbG91ZGFwcC5uZXQwDwYD
VR0TAQH/BAUwAwEB/zAOBgNVHQ8BAf8EBAMCAb4wDQYJKoZIhvcNAQELBQADggEB
AJHa15JS+o463hy2zvW9UiGSgpBZRJqu/jtFPu6upmeDsiAgokZY792p4oERb48b
NwwhEgTVU7JUmUoJBp4aOJyWnvTVkod83GfpkE68shcvuduoO1IGrsm4LjJOSQ30
rDmHlDJ2f14yCOHJEIIhPm+W4PXWQvlReZ+Ild/lAI6CsXhGBRE/+DTPoqBcwPC6
PVSVVoYF/C1dFBmxu2z8A+0/EDMUT8BO0vYZ/VQFjdfCCVAzqwSGOAAfLBcRFrgz
Q8nRukIHyR31Nk0fsrZnaQAflKI18+RoXoqb8RkwuQ0WyEcFMjG3Qbrd1u6V3odW
TIBIhCRGEAsMDy5Ij0tbSqI=
-----END CERTIFICATE-----

-----BEGIN CERTIFICATE-----
MIID5zCCAs+gAwIBAgIBATANBgkqhkiG9w0BAQsFADB7MRswGQYDVQQDDBJzY20t
MUBmdi1hejIwMS03NjgxLTArBgNVBAsMJDdlNWE3YWRjLWZmNzgtNDQwNC05NWMy
LTNiNDM4NGJhYzAzYzEtMCsGA1UECgwkZTVmZTViMDctOGZlMy00MmFkLTlhODQt
NjA2MzBiMjUwMGNjMB4XDTIzMDcxMzAyMDcwNFoXDTI4MDgyMDAyMDcwNFowezEb
MBkGA1UEAwwSc2NtLTFAZnYtYXoyMDEtNzY4MS0wKwYDVQQLDCQ3ZTVhN2FkYy1m
Zjc4LTQ0MDQtOTVjMi0zYjQzODRiYWMwM2MxLTArBgNVBAoMJGU1ZmU1YjA3LThm
ZTMtNDJhZC05YTg0LTYwNjMwYjI1MDBjYzCCASIwDQYJKoZIhvcNAQEBBQADggEP
ADCCAQoCggEBALZ/nVEIKf8qr/eoPyr9uZKqbA5MfUFtofuE3FC7txWfUUSNrVjp
fFQcXagN/iXVd214HHJsp3+7om/F43iC3dMj1Fs5npxK6RTn+b9Ju1xpq6HMH/qw
xcyhbZaBsTIA81JnpiGpI44ALx9N6OiTsrR3KeOdWWXE39fevW8RSmO9covrFS6x
PI5NoSmRlKCpvK237yxC8ElYfyeIpSblV27iOSSS6ibBoFoJlquhEgRRXkNqk9PZ
stKU22MMmx0JVBvebZXRAXq4u9ZmaN9mJA3PUj31MHMCrisX3/P6RymWtlZW8oBL
qjt6GATZzXzOTKdQheqRZj0A+NNVZvYyeSMCAwEAAaN2MHQwDwYDVR0TAQH/BAUw
AwEB/zAOBgNVHQ8BAf8EBAMCAQYwUQYDVR0RBEowSIcECgEAc4JAZnYtYXoyMDEt
NzY4LmV0dDR0dTNqdmRzZTVvdmMybWtnanFjczVhLmJ4LmludGVybmFsLmNsb3Vk
YXBwLm5ldDANBgkqhkiG9w0BAQsFAAOCAQEAHx9B1aL3ZggbgYBVlPmmY1AoZlYq
gfuZzVYjMv4z9JJNGENwirTN25YO5FX5Q/SOTdr3u11NllH7nxl2KwkqHsjF2/pR
Zt7v6b/14vyeonenNvAokrKeHMoYI3o/1iSRrWs8Lwh7vzv0bmrsUJGKlgeInusj
JNHnQqagy/ySq0wEaL4Yw6l041+DJWaSf21smCNjhRbVP+2V2zccCvIpvrTiJdn3
ss+s0ryRHVD/WJf8fb80vXRYFT95zuuephvP8oT0MOsFexkCK5uBOLfiSfpASujF
V6t6xkeAqQiJtNloUIiThhG8lc1WRbD9nHtmMsGWRCl4Cz+K4RInFgzUtg==
-----END CERTIFICATE-----

2023-07-13 02:07:04,652 [Time-limited test] INFO  utils.CertificateCodec (CertificateCodec.java:writeCertificate(299)) - Save certificate to /tmp/junit1948061109565995167/junit3695041540584519501/scm-meta/scm/sub-ca/certs/certificate.crt
2023-07-13 02:07:04,652 [Time-limited test] INFO  utils.CertificateCodec (CertificateCodec.java:writeCertificate(300)) - Certificate -----BEGIN CERTIFICATE-----
MIID/TCCAuWgAwIBAgIGAT1Glw0bMA0GCSqGSIb3DQEBCwUAMHsxGzAZBgNVBAMM
EnNjbS0xQGZ2LWF6MjAxLTc2ODEtMCsGA1UECwwkN2U1YTdhZGMtZmY3OC00NDA0
LTk1YzItM2I0Mzg0YmFjMDNjMS0wKwYDVQQKDCRlNWZlNWIwNy04ZmUzLTQyYWQt
OWE4NC02MDYzMGIyNTAwY2MwHhcNMjMwNzEzMDIwNzA0WhcNMjgwODIwMDIwNzA0
WjCBizErMCkGA1UEAwwic2NtLXN1Yi0xMzYyNjg1MTc3NDEyQGZ2LWF6MjAxLTc2
ODEtMCsGA1UECwwkN2U1YTdhZGMtZmY3OC00NDA0LTk1YzItM2I0Mzg0YmFjMDNj
MS0wKwYDVQQKDCRlNWZlNWIwNy04ZmUzLTQyYWQtOWE4NC02MDYzMGIyNTAwY2Mw
ggEiMA0GCSqGSIb3DQEBAQUAA4IBDwAwggEKAoIBAQDQgPrCa0YySMsPspnhitVO
Emgm+rc0h6fSf11mP2tpXObKia4++VTTGlNN5M24+xtVrLlMH336JtzUVWkpHTxI
kz+qYWy0TJRQkd9dq2bvsac4Rg5MLnUfkxXUFCq9VOujSjxVy16/eh2HpwxIPSDs
MGET6kHFvib0Ke3+QRiR4wUCMidYZd206JPHAuwzr3guEes3tTUWv8LxymcbW+d8
R8oZpMkn50NTtrBpIGD3gA1AE3y8Km3jFEBqBy35I6NmNyI42pBOHLhm102+d2sw
IIk7QqJWgPYrXK4gxmvdAXhNQeXeEeecKveuClh9afsPk/6RW7JgPTyiMbmW9NLN
AgMBAAGjdjB0MFEGA1UdEQRKMEiHBAoBAHOCQGZ2LWF6MjAxLTc2OC5ldHQ0dHUz
anZkc2U1b3ZjMm1rZ2pxY3M1YS5ieC5pbnRlcm5hbC5jbG91ZGFwcC5uZXQwDwYD
VR0TAQH/BAUwAwEB/zAOBgNVHQ8BAf8EBAMCAb4wDQYJKoZIhvcNAQELBQADggEB
AJHa15JS+o463hy2zvW9UiGSgpBZRJqu/jtFPu6upmeDsiAgokZY792p4oERb48b
NwwhEgTVU7JUmUoJBp4aOJyWnvTVkod83GfpkE68shcvuduoO1IGrsm4LjJOSQ30
rDmHlDJ2f14yCOHJEIIhPm+W4PXWQvlReZ+Ild/lAI6CsXhGBRE/+DTPoqBcwPC6
PVSVVoYF/C1dFBmxu2z8A+0/EDMUT8BO0vYZ/VQFjdfCCVAzqwSGOAAfLBcRFrgz
Q8nRukIHyR31Nk0fsrZnaQAflKI18+RoXoqb8RkwuQ0WyEcFMjG3Qbrd1u6V3odW
TIBIhCRGEAsMDy5Ij0tbSqI=
-----END CERTIFICATE-----

-----BEGIN CERTIFICATE-----
MIID5zCCAs+gAwIBAgIBATANBgkqhkiG9w0BAQsFADB7MRswGQYDVQQDDBJzY20t
MUBmdi1hejIwMS03NjgxLTArBgNVBAsMJDdlNWE3YWRjLWZmNzgtNDQwNC05NWMy
LTNiNDM4NGJhYzAzYzEtMCsGA1UECgwkZTVmZTViMDctOGZlMy00MmFkLTlhODQt
NjA2MzBiMjUwMGNjMB4XDTIzMDcxMzAyMDcwNFoXDTI4MDgyMDAyMDcwNFowezEb
MBkGA1UEAwwSc2NtLTFAZnYtYXoyMDEtNzY4MS0wKwYDVQQLDCQ3ZTVhN2FkYy1m
Zjc4LTQ0MDQtOTVjMi0zYjQzODRiYWMwM2MxLTArBgNVBAoMJGU1ZmU1YjA3LThm
ZTMtNDJhZC05YTg0LTYwNjMwYjI1MDBjYzCCASIwDQYJKoZIhvcNAQEBBQADggEP
ADCCAQoCggEBALZ/nVEIKf8qr/eoPyr9uZKqbA5MfUFtofuE3FC7txWfUUSNrVjp
fFQcXagN/iXVd214HHJsp3+7om/F43iC3dMj1Fs5npxK6RTn+b9Ju1xpq6HMH/qw
xcyhbZaBsTIA81JnpiGpI44ALx9N6OiTsrR3KeOdWWXE39fevW8RSmO9covrFS6x
PI5NoSmRlKCpvK237yxC8ElYfyeIpSblV27iOSSS6ibBoFoJlquhEgRRXkNqk9PZ
stKU22MMmx0JVBvebZXRAXq4u9ZmaN9mJA3PUj31MHMCrisX3/P6RymWtlZW8oBL
qjt6GATZzXzOTKdQheqRZj0A+NNVZvYyeSMCAwEAAaN2MHQwDwYDVR0TAQH/BAUw
AwEB/zAOBgNVHQ8BAf8EBAMCAQYwUQYDVR0RBEowSIcECgEAc4JAZnYtYXoyMDEt
NzY4LmV0dDR0dTNqdmRzZTVvdmMybWtnanFjczVhLmJ4LmludGVybmFsLmNsb3Vk
YXBwLm5ldDANBgkqhkiG9w0BAQsFAAOCAQEAHx9B1aL3ZggbgYBVlPmmY1AoZlYq
gfuZzVYjMv4z9JJNGENwirTN25YO5FX5Q/SOTdr3u11NllH7nxl2KwkqHsjF2/pR
Zt7v6b/14vyeonenNvAokrKeHMoYI3o/1iSRrWs8Lwh7vzv0bmrsUJGKlgeInusj
JNHnQqagy/ySq0wEaL4Yw6l041+DJWaSf21smCNjhRbVP+2V2zccCvIpvrTiJdn3
ss+s0ryRHVD/WJf8fb80vXRYFT95zuuephvP8oT0MOsFexkCK5uBOLfiSfpASujF
V6t6xkeAqQiJtNloUIiThhG8lc1WRbD9nHtmMsGWRCl4Cz+K4RInFgzUtg==
-----END CERTIFICATE-----

2023-07-13 02:07:04,652 [Time-limited test] INFO  ha.HASecurityUtils (HASecurityUtils.java:initializeSecurity(121)) - Successfully stored SCM signed certificate.
2023-07-13 02:07:04,658 [Time-limited test] WARN  server.ServerUtils (ServerUtils.java:getScmDbDir(155)) - ozone.scm.db.dirs is not configured. We recommend adding this setting. Falling back to ozone.metadata.dirs instead.
2023-07-13 02:07:04,658 [Time-limited test] INFO  ha.SCMHANodeDetails (SCMHANodeDetails.java:loadSCMHAConfig(210)) - ServiceID for StorageContainerManager is null
2023-07-13 02:07:04,658 [Time-limited test] INFO  ha.SCMHANodeDetails (SCMHANodeDetails.java:loadSCMHAConfig(215)) - ozone.scm.default.service.id is not defined, falling back to ozone.scm.service.ids to find serviceID for StorageContainerManager if it is HA enabled cluster
2023-07-13 02:07:04,672 [pool-571-thread-1] INFO  request.KdcRequest (KdcRequest.java:preauth(651)) - The preauth data is empty.
2023-07-13 02:07:04,674 [pool-571-thread-1] INFO  server.KdcHandler (KdcHandler.java:handleRecoverableException(177)) - KRB error occurred while processing request:Additional pre-authentication required
2023-07-13 02:07:04,686 [pool-571-thread-2] INFO  request.AsRequest (AsRequest.java:issueTicket(112)) - AS_REQ ISSUE: authtime 1689214024686,scm/fv-az201-768.ett4tu3jvdse5ovc2mkgjqcs5a.bx.internal.cloudapp.net@EXAMPLE.COM for krbtgt/EXAMPLE.COM@EXAMPLE.COM
2023-07-13 02:07:04,688 [Time-limited test] INFO  security.UserGroupInformation (UserGroupInformation.java:loginUserFromKeytab(1132)) - Login successful for user scm/fv-az201-768.ett4tu3jvdse5ovc2mkgjqcs5a.bx.internal.cloudapp.net@EXAMPLE.COM using keytab file scm.keytab. Keytab auto renewal enabled : false
2023-07-13 02:07:04,688 [Time-limited test] INFO  server.StorageContainerManager (StorageContainerManager.java:loginAsSCMUserIfSecurityEnabled(1048)) - SCM login successful.
2023-07-13 02:07:04,689 [Time-limited test] INFO  client.SCMCertificateClient (DefaultCertificateClient.java:updateCertSerialId(1248)) - Certificate serial ID set to 1362688937243
2023-07-13 02:07:04,691 [Time-limited test] INFO  client.SCMCertificateClient (DefaultCertificateClient.java:readCertificateFile(224)) - Added certificate   [0]         Version: 3
         SerialNumber: 1362688937243
             IssuerDN: CN=scm-1@fv-az201-768,OU=7e5a7adc-ff78-4404-95c2-3b4384bac03c,O=e5fe5b07-8fe3-42ad-9a84-60630b2500cc
           Start Date: Thu Jul 13 02:07:04 UTC 2023
           Final Date: Sun Aug 20 02:07:04 UTC 2028
            SubjectDN: CN=scm-sub-1362685177412@fv-az201-768,OU=7e5a7adc-ff78-4404-95c2-3b4384bac03c,O=e5fe5b07-8fe3-42ad-9a84-60630b2500cc
           Public Key: RSA Public Key [26:b8:77:ca:e3:c4:a6:27:57:5c:4f:50:ca:5a:5c:f4:ed:71:6f:af],[56:66:d1:a4]
        modulus: d080fac26b463248cb0fb299e18ad54e126826fab73487a7d27f5d663f6b695ce6ca89ae3ef954d31a534de4cdb8fb1b55acb94c1f7dfa26dcd45569291d3c48933faa616cb44c945091df5dab66efb1a738460e4c2e751f9315d4142abd54eba34a3c55cb5ebf7a1d87a70c483d20ec306113ea41c5be26f429edfe411891e3050232275865ddb4e893c702ec33af782e11eb37b53516bfc2f1ca671b5be77c47ca19a4c927e74353b6b0692060f7800d40137cbc2a6de314406a072df923a366372238da904e1cb866d74dbe776b3020893b42a25680f62b5cae20c66bdd01784d41e5de11e79c2af7ae0a587d69fb0f93fe915bb2603d3ca231b996f4d2cd
public exponent: 10001

  Signature Algorithm: SHA256WITHRSA
            Signature: 91dad79252fa8e3ade1cb6cef5bd522192829059
                       449aaefe3b453eeeaea66783b22020a24658efdd
                       a9e281116f8f1b370c211204d553b254994a0906
                       9e1a389c969ef4d592877cdc67e9904ebcb2172f
                       b9dba83b5206aec9b82e324e490df4ac39879432
                       767f5e3208e1c91082213e6f96e0f5d642f95179
                       9f8895dfe5008e82b1784605113ff834cfa2a05c
                       c0f0ba3d5495568605fc2d5d1419b1bb6cfc03ed
                       3f1033144fc04ed2f619fd54058dd7c2095033ab
                       048638001f2c171116b83343c9d1ba4207c91df5
                       364d1fb2b66769001f94a235f3e4685e8a9bf119
                       30b90d16c847053231b741baddd6ee95de87564c
                       8048842446100b0c0f2e488f4b5b4aa2
       Extensions: 
                       critical(false) 2.5.29.17 value = Sequence
    Tagged [7] IMPLICIT 
        DER Octet String[4] 
    Tagged [2] IMPLICIT 
        DER Octet String[64] 

                       critical(true) BasicConstraints: isCa(true)
                       critical(true) KeyUsage: 0xbe
 from file: /tmp/junit1948061109565995167/junit3695041540584519501/scm-meta/scm/sub-ca/certs/1362688937243.crt.
2023-07-13 02:07:04,692 [Time-limited test] INFO  client.SCMCertificateClient (DefaultCertificateClient.java:readCertificateFile(224)) - Added certificate   [0]         Version: 3
         SerialNumber: 1
             IssuerDN: CN=scm-1@fv-az201-768,OU=7e5a7adc-ff78-4404-95c2-3b4384bac03c,O=e5fe5b07-8fe3-42ad-9a84-60630b2500cc
           Start Date: Thu Jul 13 02:07:04 UTC 2023
           Final Date: Sun Aug 20 02:07:04 UTC 2028
            SubjectDN: CN=scm-1@fv-az201-768,OU=7e5a7adc-ff78-4404-95c2-3b4384bac03c,O=e5fe5b07-8fe3-42ad-9a84-60630b2500cc
           Public Key: RSA Public Key [c0:bc:dc:77:6a:2d:ab:86:f1:78:63:09:66:37:a7:c9:5c:02:12:ee],[56:66:d1:a4]
        modulus: b67f9d510829ff2aaff7a83f2afdb992aa6c0e4c7d416da1fb84dc50bbb7159f51448dad58e97c541c5da80dfe25d5776d781c726ca77fbba26fc5e37882ddd323d45b399e9c4ae914e7f9bf49bb5c69aba1cc1ffab0c5cca16d9681b13200f35267a621a9238e002f1f4de8e893b2b47729e39d5965c4dfd7debd6f114a63bd728beb152eb13c8e4da1299194a0a9bcadb7ef2c42f049587f2788a526e5576ee2392492ea26c1a05a0996aba11204515e436a93d3d9b2d294db630c9b1d09541bde6d95d1017ab8bbd66668df66240dcf523df5307302ae2b17dff3fa472996b65656f2804baa3b7a1804d9cd7cce4ca75085ea91663d00f8d35566f6327923
public exponent: 10001

  Signature Algorithm: SHA256WITHRSA
            Signature: 1f1f41d5a2f766081b81805594f9a66350286656
                       2a81fb99cd562332fe33f4924d1843708ab4cddb
                       960ee455f943f48e4ddaf7bb5d4d9651fb9f1976
                       2b092a1ec8c5dbfa5166deefe9bff5e2fc9ea277
                       a736f02892b29e1cca18237a3fd62491ad6b3c2f
                       087bbf3bf46e6aec50918a9607889eeb2324d1e7
                       42a6a0cbfc92ab4c0468be18c3a974e35f832566
                       927f6d6c9823638516d53fed95db371c0af229be
                       b4e225d9f7b2cfacd2bc911d50ff5897fc7dbf34
                       bd7458153f79ceeb9ea61bcff284f430eb057b19
                       022b9b8138b7e249fa404ae8c557ab7ac64780a9
                       0889b4d9685088938611bc95cd5645b0fd9c7b66
                       32c1964429780b3f8ae11227160cd4b6
       Extensions: 
                       critical(true) BasicConstraints: isCa(true)
                       critical(true) KeyUsage: 0x6
                       critical(false) 2.5.29.17 value = Sequence
    Tagged [7] IMPLICIT 
        DER Octet String[4] 
    Tagged [2] IMPLICIT 
        DER Octet String[64] 

 from file: /tmp/junit1948061109565995167/junit3695041540584519501/scm-meta/scm/sub-ca/certs/CA-1.crt.
2023-07-13 02:07:04,693 [Time-limited test] INFO  client.SCMCertificateClient (DefaultCertificateClient.java:readCertificateFile(224)) - Added certificate   [0]         Version: 3
         SerialNumber: 1362688937243
             IssuerDN: CN=scm-1@fv-az201-768,OU=7e5a7adc-ff78-4404-95c2-3b4384bac03c,O=e5fe5b07-8fe3-42ad-9a84-60630b2500cc
           Start Date: Thu Jul 13 02:07:04 UTC 2023
           Final Date: Sun Aug 20 02:07:04 UTC 2028
            SubjectDN: CN=scm-sub-1362685177412@fv-az201-768,OU=7e5a7adc-ff78-4404-95c2-3b4384bac03c,O=e5fe5b07-8fe3-42ad-9a84-60630b2500cc
           Public Key: RSA Public Key [26:b8:77:ca:e3:c4:a6:27:57:5c:4f:50:ca:5a:5c:f4:ed:71:6f:af],[56:66:d1:a4]
        modulus: d080fac26b463248cb0fb299e18ad54e126826fab73487a7d27f5d663f6b695ce6ca89ae3ef954d31a534de4cdb8fb1b55acb94c1f7dfa26dcd45569291d3c48933faa616cb44c945091df5dab66efb1a738460e4c2e751f9315d4142abd54eba34a3c55cb5ebf7a1d87a70c483d20ec306113ea41c5be26f429edfe411891e3050232275865ddb4e893c702ec33af782e11eb37b53516bfc2f1ca671b5be77c47ca19a4c927e74353b6b0692060f7800d40137cbc2a6de314406a072df923a366372238da904e1cb866d74dbe776b3020893b42a25680f62b5cae20c66bdd01784d41e5de11e79c2af7ae0a587d69fb0f93fe915bb2603d3ca231b996f4d2cd
public exponent: 10001

  Signature Algorithm: SHA256WITHRSA
            Signature: 91dad79252fa8e3ade1cb6cef5bd522192829059
                       449aaefe3b453eeeaea66783b22020a24658efdd
                       a9e281116f8f1b370c211204d553b254994a0906
                       9e1a389c969ef4d592877cdc67e9904ebcb2172f
                       b9dba83b5206aec9b82e324e490df4ac39879432
                       767f5e3208e1c91082213e6f96e0f5d642f95179
                       9f8895dfe5008e82b1784605113ff834cfa2a05c
                       c0f0ba3d5495568605fc2d5d1419b1bb6cfc03ed
                       3f1033144fc04ed2f619fd54058dd7c2095033ab
                       048638001f2c171116b83343c9d1ba4207c91df5
                       364d1fb2b66769001f94a235f3e4685e8a9bf119
                       30b90d16c847053231b741baddd6ee95de87564c
                       8048842446100b0c0f2e488f4b5b4aa2
       Extensions: 
                       critical(false) 2.5.29.17 value = Sequence
    Tagged [7] IMPLICIT 
        DER Octet String[4] 
    Tagged [2] IMPLICIT 
        DER Octet String[64] 

                       critical(true) BasicConstraints: isCa(true)
                       critical(true) KeyUsage: 0xbe
 from file: /tmp/junit1948061109565995167/junit3695041540584519501/scm-meta/scm/sub-ca/certs/certificate.crt.
2023-07-13 02:07:04,693 [Time-limited test] INFO  client.SCMCertificateClient (DefaultCertificateClient.java:loadAllCertificates(186)) - CertificateRenewerService and root ca rotation polling is disabled for scm/sub-ca
2023-07-13 02:07:04,693 [Time-limited test] WARN  utils.HAUtils (HAUtils.java:getMetaDir(339)) - ozone.scm.db.dirs is not configured. We recommend adding this setting. Falling back to ozone.metadata.dirs instead.
2023-07-13 02:07:04,694 [Time-limited test] WARN  db.DBStoreBuilder (DBStoreBuilder.java:applyDBDefinition(166)) - ozone.scm.db.dirs is not configured. We recommend adding this setting. Falling back to ozone.metadata.dirs instead.
2023-07-13 02:07:04,835 [Time-limited test] INFO  net.NodeSchemaLoader (NodeSchemaLoader.java:loadSchemaFromFile(129)) - Loading schema from [jar:file:/home/runner/.m2/repository/org/apache/ozone/hdds-common/1.4.0-SNAPSHOT/hdds-common-1.4.0-SNAPSHOT.jar!/network-topology-default.xml]
2023-07-13 02:07:04,835 [Time-limited test] INFO  net.NodeSchemaLoader (NodeSchemaLoader.java:loadSchema(176)) - Loading network topology layer schema file
2023-07-13 02:07:04,837 [Time-limited test] INFO  upgrade.AbstractLayoutVersionManager (AbstractLayoutVersionManager.java:init(83)) - Initializing Layout version manager with metadata layout = HADOOP_PRC_PORTS_IN_DATANODEDETAILS (version = 7), software layout = HADOOP_PRC_PORTS_IN_DATANODEDETAILS (version = 7)
2023-07-13 02:07:04,839 [Time-limited test] INFO  ha.SequenceIdGenerator (SequenceIdGenerator.java:upgradeToSequenceId(361)) - upgrade localId to 111677748019200000
2023-07-13 02:07:04,840 [Time-limited test] INFO  ha.SequenceIdGenerator (SequenceIdGenerator.java:upgradeToSequenceId(371)) - upgrade delTxnId to 0
2023-07-13 02:07:04,840 [Time-limited test] INFO  ha.SequenceIdGenerator (SequenceIdGenerator.java:upgradeToSequenceId(388)) - upgrade containerId to 0
2023-07-13 02:07:04,841 [Time-limited test] INFO  ha.SequenceIdGenerator (SequenceIdGenerator.java:upgradeToSequenceId(424)) - upgrade rootCertificateId to 1
2023-07-13 02:07:04,841 [Time-limited test] INFO  ha.SequenceIdGenerator (SequenceIdGenerator.java:<init>(232)) - Init the HA SequenceIdGenerator.
2023-07-13 02:07:04,842 [Time-limited test] INFO  node.SCMNodeManager (SCMNodeManager.java:<init>(157)) - Entering startup safe mode.
2023-07-13 02:07:04,843 [Time-limited test] INFO  algorithms.ContainerPlacementPolicyFactory (ContainerPlacementPolicyFactory.java:getPolicyInternal(86)) - Create container placement policy of type org.apache.hadoop.hdds.scm.container.placement.algorithms.SCMContainerPlacementRackAware
2023-07-13 02:07:04,843 [Time-limited test] INFO  algorithms.ContainerPlacementPolicyFactory (ContainerPlacementPolicyFactory.java:getPolicyInternal(86)) - Create container placement policy of type org.apache.hadoop.hdds.scm.container.placement.algorithms.SCMContainerPlacementRackScatter
2023-07-13 02:07:04,843 [Time-limited test] INFO  pipeline.PipelineStateManagerImpl (PipelineStateManagerImpl.java:initialize(78)) - No pipeline exists in current db
2023-07-13 02:07:04,843 [Time-limited test] INFO  algorithms.LeaderChoosePolicyFactory (LeaderChoosePolicyFactory.java:getPolicy(57)) - Create leader choose policy of type org.apache.hadoop.hdds.scm.pipeline.leader.choose.algorithms.MinLeaderCountChoosePolicy
2023-07-13 02:07:04,843 [Time-limited test] INFO  algorithms.ContainerPlacementPolicyFactory (ContainerPlacementPolicyFactory.java:getPolicyInternal(86)) - Create container placement policy of type org.apache.hadoop.hdds.scm.container.placement.algorithms.SCMContainerPlacementRackScatter
2023-07-13 02:07:04,844 [Time-limited test] INFO  ha.SCMServiceManager (SCMServiceManager.java:register(42)) - Registering service BackgroundPipelineCreator.
2023-07-13 02:07:04,844 [Time-limited test] INFO  pipeline.BackgroundPipelineCreator (BackgroundPipelineCreator.java:start(124)) - Starting RatisPipelineUtilsThread.
2023-07-13 02:07:04,844 [Time-limited test] INFO  BackgroundPipelineScrubber (BackgroundSCMService.java:start(68)) - Starting BackgroundPipelineScrubber Service.
2023-07-13 02:07:04,844 [Time-limited test] INFO  ha.SCMServiceManager (SCMServiceManager.java:register(42)) - Registering service BackgroundPipelineScrubber.
2023-07-13 02:07:04,844 [Time-limited test] INFO  ExpiredContainerReplicaOpScrubber (BackgroundSCMService.java:start(68)) - Starting ExpiredContainerReplicaOpScrubber Service.
2023-07-13 02:07:04,845 [Time-limited test] INFO  ha.SCMServiceManager (SCMServiceManager.java:register(42)) - Registering service ExpiredContainerReplicaOpScrubber.
2023-07-13 02:07:04,846 [Time-limited test] INFO  algorithms.PipelineChoosePolicyFactory (PipelineChoosePolicyFactory.java:createPipelineChoosePolicyFromClass(78)) - Create pipeline choose policy of type org.apache.hadoop.hdds.scm.pipeline.choose.algorithms.RandomPipelineChoosePolicy
2023-07-13 02:07:04,846 [Time-limited test] INFO  algorithms.PipelineChoosePolicyFactory (PipelineChoosePolicyFactory.java:createPipelineChoosePolicyFromClass(78)) - Create pipeline choose policy of type org.apache.hadoop.hdds.scm.pipeline.choose.algorithms.RandomPipelineChoosePolicy
2023-07-13 02:07:04,846 [Time-limited test] INFO  ha.SCMServiceManager (SCMServiceManager.java:register(42)) - Registering service SCMBlockDeletingService.
2023-07-13 02:07:04,847 [Time-limited test] INFO  replication.ReplicationManager (ReplicationManager.java:start(286)) - Starting Replication Monitor Thread.
2023-07-13 02:07:04,849 [Time-limited test] INFO  ha.SCMServiceManager (SCMServiceManager.java:register(42)) - Registering service ReplicationManager.
2023-07-13 02:07:04,849 [Time-limited test] INFO  safemode.ContainerSafeModeRule (ContainerSafeModeRule.java:<init>(89)) - containers with one replica threshold count 0
2023-07-13 02:07:04,850 [Time-limited test] INFO  safemode.HealthyPipelineSafeModeRule (HealthyPipelineSafeModeRule.java:initializeRule(169)) - Total pipeline count is 0, healthy pipeline threshold count is 0
2023-07-13 02:07:04,850 [Time-limited test] INFO  safemode.OneReplicaPipelineSafeModeRule (OneReplicaPipelineSafeModeRule.java:initializeRule(180)) - Total pipeline count is 0, pipeline's with at least one datanode reported threshold count is 0
2023-07-13 02:07:04,850 [ReplicationMonitor] INFO  replication.ReplicationManager (ReplicationManager.java:processAll(361)) - Replication Manager is not ready to run until 300000ms after safemode exit
2023-07-13 02:07:04,853 [Time-limited test] INFO  authority.DefaultCAServer (DefaultCAServer.java:lambda$processVerificationStatus$0(472)) - CertificateServer validation is successful
2023-07-13 02:07:04,855 [Time-limited test] INFO  authority.DefaultCAServer (DefaultCAServer.java:lambda$processVerificationStatus$0(472)) - CertificateServer validation is successful
2023-07-13 02:07:04,855 [Time-limited test] INFO  server.StorageContainerManager (StorageContainerManager.java:persistPrimarySCMCerts(929)) - Storing sub-ca certificate serialId 1362688937243 on primary SCM
2023-07-13 02:07:04,856 [Time-limited test] INFO  server.SCMCertStore (SCMCertStore.java:storeValidScmCertificate(121)) - Scm certificate 1362688937243 for CN=scm-sub-1362685177412@fv-az201-768,OU=7e5a7adc-ff78-4404-95c2-3b4384bac03c,O=e5fe5b07-8fe3-42ad-9a84-60630b2500cc is stored
2023-07-13 02:07:04,857 [Time-limited test] INFO  server.StorageContainerManager (StorageContainerManager.java:persistPrimarySCMCerts(937)) - Storing root certificate serialId 1
2023-07-13 02:07:04,858 [Time-limited test] INFO  server.SCMCertStore (SCMCertStore.java:storeValidScmCertificate(121)) - Scm certificate 1 for CN=scm-1@fv-az201-768,OU=7e5a7adc-ff78-4404-95c2-3b4384bac03c,O=e5fe5b07-8fe3-42ad-9a84-60630b2500cc is stored
2023-07-13 02:07:04,858 [Time-limited test] INFO  ipc.CallQueueManager (CallQueueManager.java:<init>(90)) - Using callQueue: class java.util.concurrent.LinkedBlockingQueue, queueCapacity: 200, scheduler: class org.apache.hadoop.ipc.DefaultRpcScheduler, ipcBackoff: false.
2023-07-13 02:07:04,858 [Time-limited test] INFO  ipc.Server (Server.java:<init>(1287)) - Listener at 0.0.0.0:9961
2023-07-13 02:07:04,859 [Socket Reader #1 for port 9961] INFO  ipc.Server (Server.java:run(1323)) - Starting Socket Reader #1 for port 9961
2023-07-13 02:07:04,868 [Time-limited test] INFO  ha.SCMServiceManager (SCMServiceManager.java:register(42)) - Registering service RootCARotationManager.
2023-07-13 02:07:04,870 [Time-limited test] INFO  server.StorageContainerManager (StorageContainerManager.java:<init>(424)) - SCM start with adminUsers: [om/fv-az201-768.ett4tu3jvdse5ovc2mkgjqcs5a.bx.internal.cloudapp.net@EXAMPLE.COM, scm]
2023-07-13 02:07:04,870 [Time-limited test] INFO  ipc.CallQueueManager (CallQueueManager.java:<init>(90)) - Using callQueue: class java.util.concurrent.LinkedBlockingQueue, queueCapacity: 10000, scheduler: class org.apache.hadoop.ipc.DefaultRpcScheduler, ipcBackoff: false.
2023-07-13 02:07:04,870 [Time-limited test] INFO  ipc.Server (Server.java:<init>(1287)) - Listener at 0.0.0.0:9861
2023-07-13 02:07:04,871 [Socket Reader #1 for port 9861] INFO  ipc.Server (Server.java:run(1323)) - Starting Socket Reader #1 for port 9861
2023-07-13 02:07:04,876 [Time-limited test] INFO  ipc.CallQueueManager (CallQueueManager.java:<init>(90)) - Using callQueue: class java.util.concurrent.LinkedBlockingQueue, queueCapacity: 10000, scheduler: class org.apache.hadoop.ipc.DefaultRpcScheduler, ipcBackoff: false.
2023-07-13 02:07:04,876 [Time-limited test] INFO  ipc.Server (Server.java:<init>(1287)) - Listener at 0.0.0.0:9863
2023-07-13 02:07:04,877 [Socket Reader #1 for port 9863] INFO  ipc.Server (Server.java:run(1323)) - Starting Socket Reader #1 for port 9863
2023-07-13 02:07:04,882 [Time-limited test] INFO  ipc.CallQueueManager (CallQueueManager.java:<init>(90)) - Using callQueue: class java.util.concurrent.LinkedBlockingQueue, queueCapacity: 10000, scheduler: class org.apache.hadoop.ipc.DefaultRpcScheduler, ipcBackoff: false.
2023-07-13 02:07:04,882 [Time-limited test] INFO  ipc.Server (Server.java:<init>(1287)) - Listener at 0.0.0.0:9860
2023-07-13 02:07:04,885 [Socket Reader #1 for port 9860] INFO  ipc.Server (Server.java:run(1323)) - Starting Socket Reader #1 for port 9860
2023-07-13 02:07:04,898 [Time-limited test] INFO  ha.SCMServiceManager (SCMServiceManager.java:register(42)) - Registering service ContainerBalancer.
2023-07-13 02:07:04,898 [Time-limited test] INFO  server.StorageContainerManager (StorageContainerManager.java:<init>(437)) - 
Container Balancer status:
Key                            Value
Running                        false
Container Balancer Configuration values:
Key                                                Value
Threshold                                          10
Max Datanodes to Involve per Iteration(percent)    20
Max Size to Move per Iteration                     500GB
Max Size Entering Target per Iteration             26GB
Max Size Leaving Source per Iteration              26GB

2023-07-13 02:07:04,899 [Time-limited test] INFO  ha.SCMContext (SCMContext.java:updateSafeModeStatus(228)) - Update SafeModeStatus from SafeModeStatus{safeModeStatus=true, preCheckPassed=false} to SafeModeStatus{safeModeStatus=true, preCheckPassed=false}.
2023-07-13 02:07:04,899 [Time-limited test] INFO  server.StorageContainerManager (StorageContainerManager.java:start(1489)) - StorageContainerLocationProtocol RPC server is listening at /0.0.0.0:9860
2023-07-13 02:07:04,899 [Time-limited test] INFO  impl.MetricsSystemImpl (MetricsSystemImpl.java:init(158)) - StorageContainerManager metrics system started (again)
2023-07-13 02:07:04,911 [Time-limited test] INFO  server.SCMClientProtocolServer (SCMClientProtocolServer.java:start(200)) - RPC server for Client  is listening at /0.0.0.0:9860
2023-07-13 02:07:04,912 [IPC Server Responder] INFO  ipc.Server (Server.java:run(1562)) - IPC Server Responder: starting
2023-07-13 02:07:04,913 [IPC Server listener on 9860] INFO  ipc.Server (Server.java:run(1402)) - IPC Server listener on 9860: starting
2023-07-13 02:07:04,924 [Time-limited test] INFO  server.StorageContainerManager (StorageContainerManager.java:start(1502)) - ScmBlockLocationProtocol RPC server is listening at /0.0.0.0:9863
2023-07-13 02:07:04,924 [Time-limited test] INFO  server.SCMBlockProtocolServer (SCMBlockProtocolServer.java:start(152)) - RPC server for Block Protocol is listening at /0.0.0.0:9863
2023-07-13 02:07:04,924 [IPC Server Responder] INFO  ipc.Server (Server.java:run(1562)) - IPC Server Responder: starting
2023-07-13 02:07:04,925 [IPC Server listener on 9863] INFO  ipc.Server (Server.java:run(1402)) - IPC Server listener on 9863: starting
2023-07-13 02:07:04,938 [Time-limited test] INFO  server.SCMDatanodeProtocolServer (SCMDatanodeProtocolServer.java:start(193)) - ScmDatanodeProtocol RPC server for DataNodes is listening at /0.0.0.0:9861
2023-07-13 02:07:04,938 [IPC Server Responder] INFO  ipc.Server (Server.java:run(1562)) - IPC Server Responder: starting
2023-07-13 02:07:04,938 [IPC Server listener on 9861] INFO  ipc.Server (Server.java:run(1402)) - IPC Server listener on 9861: starting
2023-07-13 02:07:04,953 [Time-limited test] INFO  server.SCMSecurityProtocolServer (SCMSecurityProtocolServer.java:start(528)) - Starting RPC server for SCMSecurityProtocolServer. is listening at /0.0.0.0:9961
2023-07-13 02:07:04,956 [IPC Server Responder] INFO  ipc.Server (Server.java:run(1562)) - IPC Server Responder: starting
2023-07-13 02:07:04,972 [IPC Server listener on 9961] INFO  ipc.Server (Server.java:run(1402)) - IPC Server listener on 9961: starting
2023-07-13 02:07:04,981 [Time-limited test] INFO  server.SCMUpdateServiceGrpcServer (SCMUpdateServiceGrpcServer.java:start(58)) - SCMUpdateService starting
2023-07-13 02:07:04,987 [Time-limited test] INFO  security.RootCARotationManager (RootCARotationManager.java:start(219)) - Monitor task for root certificate 1 is started with interval PT9S.
2023-07-13 02:07:04,989 [Time-limited test] INFO  http.BaseHttpServer (BaseHttpServer.java:newHttpServer2BuilderForOzone(224)) - Starting Web-server for scm at: http://0.0.0.0:9876
2023-07-13 02:07:04,990 [Time-limited test] INFO  http.BaseHttpServer (BaseHttpServer.java:<init>(111)) - Hadoop Security Enabled: true Ozone Security Enabled: true Ozone HTTP Security Enabled: false 
2023-07-13 02:07:04,994 [Time-limited test] WARN  server.AuthenticationFilter (AuthenticationFilter.java:constructSecretProvider(240)) - Unable to initialize FileSignerSecretProvider, falling back to use random secrets. Reason: Could not read signature secret file: /home/runner/hadoop-http-auth-signature-secret
2023-07-13 02:07:04,994 [JvmPauseMonitor8] INFO  util.JvmPauseMonitor (JvmPauseMonitor.java:run(103)) - JvmPauseMonitor-7e5a7adc-ff78-4404-95c2-3b4384bac03c: Started
2023-07-13 02:07:04,997 [Time-limited test] INFO  http.HttpRequestLog (HttpRequestLog.java:getRequestLog(86)) - Http request log for http.requests.scm is not defined
2023-07-13 02:07:05,000 [Time-limited test] INFO  http.HttpServer2 (HttpServer2.java:addGlobalFilter(1031)) - Added global filter 'safety' (class=org.apache.hadoop.hdds.server.http.HttpServer2$QuotingInputFilter)
2023-07-13 02:07:05,001 [Time-limited test] INFO  http.HttpServer2 (HttpServer2.java:addFilter(1007)) - Added filter static_user_filter (class=org.apache.hadoop.http.lib.StaticUserWebFilter$StaticUserFilter) to context scm
2023-07-13 02:07:05,001 [Time-limited test] INFO  http.HttpServer2 (HttpServer2.java:addFilter(1015)) - Added filter static_user_filter (class=org.apache.hadoop.http.lib.StaticUserWebFilter$StaticUserFilter) to context logs
2023-07-13 02:07:05,002 [Time-limited test] INFO  http.HttpServer2 (HttpServer2.java:addFilter(1015)) - Added filter static_user_filter (class=org.apache.hadoop.http.lib.StaticUserWebFilter$StaticUserFilter) to context static
2023-07-13 02:07:05,004 [Time-limited test] INFO  http.BaseHttpServer (BaseHttpServer.java:<init>(190)) - HTTP server of scm uses base directory /tmp/junit1948061109565995167/junit3695041540584519501/scm-meta/webserver
2023-07-13 02:07:05,005 [Time-limited test] INFO  http.HttpServer2 (HttpServer2.java:bindListener(1250)) - Jetty bound to port 9876
2023-07-13 02:07:05,005 [Time-limited test] INFO  server.Server (Server.java:doStart(375)) - jetty-9.4.51.v20230217; built: 2023-02-17T08:19:37.309Z; git: b45c405e4544384de066f814ed42ae3dceacdd49; jvm 1.8.0_372-b07
2023-07-13 02:07:05,007 [Time-limited test] INFO  server.session (DefaultSessionIdManager.java:doStart(334)) - DefaultSessionIdManager workerName=node0
2023-07-13 02:07:05,007 [Time-limited test] INFO  server.session (DefaultSessionIdManager.java:doStart(339)) - No SessionScavenger set, using defaults
2023-07-13 02:07:05,007 [Time-limited test] INFO  server.session (HouseKeeper.java:startScavenging(132)) - node0 Scavenging every 600000ms
2023-07-13 02:07:05,008 [Time-limited test] INFO  handler.ContextHandler (ContextHandler.java:doStart(921)) - Started o.e.j.s.ServletContextHandler@6241e214{logs,/logs,file:///home/runner/work/ozone/ozone/hadoop-ozone/integration-test/target/log,AVAILABLE}
2023-07-13 02:07:05,011 [Time-limited test] INFO  handler.ContextHandler (ContextHandler.java:doStart(921)) - Started o.e.j.s.ServletContextHandler@24d27dc8{static,/static,file:///home/runner/work/ozone/ozone/hadoop-ozone/integration-test/target/test-classes/webapps/static,AVAILABLE}
2023-07-13 02:07:05,024 [Time-limited test] INFO  handler.ContextHandler (ContextHandler.java:doStart(921)) - Started o.e.j.w.WebAppContext@7729a031{scm,/,file:///home/runner/work/ozone/ozone/hadoop-ozone/integration-test/target/test-classes/webapps/scm/,AVAILABLE}{file:/home/runner/work/ozone/ozone/hadoop-ozone/integration-test/target/test-classes/webapps/scm}
2023-07-13 02:07:05,026 [Time-limited test] INFO  server.AbstractConnector (AbstractConnector.java:doStart(333)) - Started ServerConnector@69ec4f85{HTTP/1.1, (http/1.1)}{0.0.0.0:9876}
2023-07-13 02:07:05,026 [Time-limited test] INFO  server.Server (Server.java:doStart(415)) - Started @149673ms
2023-07-13 02:07:05,026 [Time-limited test] WARN  impl.MetricsSystemImpl (MetricsSystemImpl.java:register(279)) - Sink prometheus already exists!
2023-07-13 02:07:05,027 [Time-limited test] INFO  http.BaseHttpServer (BaseHttpServer.java:updateConnectorAddress(344)) - HTTP server of scm listening at http://0.0.0.0:9876
2023-07-13 02:07:05,029 [pool-571-thread-2] INFO  request.KdcRequest (KdcRequest.java:preauth(651)) - The preauth data is empty.
2023-07-13 02:07:05,030 [pool-571-thread-2] INFO  server.KdcHandler (KdcHandler.java:handleRecoverableException(177)) - KRB error occurred while processing request:Additional pre-authentication required
2023-07-13 02:07:05,038 [pool-571-thread-2] INFO  request.AsRequest (AsRequest.java:issueTicket(112)) - AS_REQ ISSUE: authtime 1689214025037,test@EXAMPLE.COM for krbtgt/EXAMPLE.COM@EXAMPLE.COM
2023-07-13 02:07:05,085 [pool-571-thread-2] INFO  request.TgsRequest (TgsRequest.java:issueTicket(115)) - TGS_REQ ISSUE: authtime 1689214025085,test for scm/fv-az201-768.ett4tu3jvdse5ovc2mkgjqcs5a.bx.internal.cloudapp.net@EXAMPLE.COM
2023-07-13 02:07:05,097 [Socket Reader #1 for port 9860] INFO  ipc.Server (Server.java:saslProcess(2139)) - Auth successful for test@EXAMPLE.COM (auth:KERBEROS) from fv-az201-768.ett4tu3jvdse5ovc2mkgjqcs5a.bx.internal.cloudapp.net:53932 / 10.1.0.115:53932
2023-07-13 02:07:05,359 [IPC Server handler 0 on default port 9860] INFO  ipc.Server (Server.java:logException(3109)) - IPC Server handler 0 on default port 9860, call Call#37 Retry#0 org.apache.hadoop.hdds.scm.protocol.StorageContainerLocationProtocol.submitRequest from fv-az201-768.ett4tu3jvdse5ovc2mkgjqcs5a.bx.internal.cloudapp.net:53932 / 10.1.0.115:53932
org.apache.hadoop.security.AccessControlException: Access denied for user test@EXAMPLE.COM. SCM superuser privilege is required.
	at org.apache.hadoop.hdds.scm.server.StorageContainerManager.checkAdminAccess(StorageContainerManager.java:1894)
	at org.apache.hadoop.hdds.scm.server.SCMClientProtocolServer.forceExitSafeMode(SCMClientProtocolServer.java:917)
	at org.apache.hadoop.hdds.scm.protocol.StorageContainerLocationProtocolServerSideTranslatorPB.forceExitSafeMode(StorageContainerLocationProtocolServerSideTranslatorPB.java:1013)
	at org.apache.hadoop.hdds.scm.protocol.StorageContainerLocationProtocolServerSideTranslatorPB.processRequest(StorageContainerLocationProtocolServerSideTranslatorPB.java:533)
	at org.apache.hadoop.hdds.server.OzoneProtocolMessageDispatcher.processRequest(OzoneProtocolMessageDispatcher.java:87)
	at org.apache.hadoop.hdds.scm.protocol.StorageContainerLocationProtocolServerSideTranslatorPB.submitRequest(StorageContainerLocationProtocolServerSideTranslatorPB.java:221)
	at org.apache.hadoop.hdds.protocol.proto.StorageContainerLocationProtocolProtos$StorageContainerLocationProtocolService$2.callBlockingMethod(StorageContainerLocationProtocolProtos.java)
	at org.apache.hadoop.ipc.ProtobufRpcEngine$Server.processCall(ProtobufRpcEngine.java:484)
	at org.apache.hadoop.ipc.ProtobufRpcEngine2$Server$ProtoBufRpcInvoker.call(ProtobufRpcEngine2.java:595)
	at org.apache.hadoop.ipc.ProtobufRpcEngine2$Server$ProtoBufRpcInvoker.call(ProtobufRpcEngine2.java:573)
	at org.apache.hadoop.ipc.RPC$Server.call(RPC.java:1227)
	at org.apache.hadoop.ipc.Server$RpcCall.run(Server.java:1094)
	at org.apache.hadoop.ipc.Server$RpcCall.run(Server.java:1017)
	at java.security.AccessController.doPrivileged(Native Method)
	at javax.security.auth.Subject.doAs(Subject.java:422)
	at org.apache.hadoop.security.UserGroupInformation.doAs(UserGroupInformation.java:1899)
	at org.apache.hadoop.ipc.Server$Handler.run(Server.java:3048)
2023-07-13 02:07:05,365 [Time-limited test] WARN  ipc.Client (Client.java:run(733)) - Exception encountered while connecting to the server 0.0.0.0/0.0.0.0:9860
org.apache.hadoop.security.AccessControlException: Client cannot authenticate via:[KERBEROS]
	at org.apache.hadoop.security.SaslRpcClient.selectSaslClient(SaslRpcClient.java:179)
	at org.apache.hadoop.security.SaslRpcClient.saslConnect(SaslRpcClient.java:392)
	at org.apache.hadoop.ipc.Client$Connection.setupSaslConnection(Client.java:561)
	at org.apache.hadoop.ipc.Client$Connection.access$2100(Client.java:347)
	at org.apache.hadoop.ipc.Client$Connection$2.run(Client.java:783)
	at org.apache.hadoop.ipc.Client$Connection$2.run(Client.java:779)
	at java.security.AccessController.doPrivileged(Native Method)
	at javax.security.auth.Subject.doAs(Subject.java:422)
	at org.apache.hadoop.security.UserGroupInformation.doAs(UserGroupInformation.java:1899)
	at org.apache.hadoop.ipc.Client$Connection.setupIOstreams(Client.java:779)
	at org.apache.hadoop.ipc.Client$Connection.access$3800(Client.java:347)
	at org.apache.hadoop.ipc.Client.getConnection(Client.java:1632)
	at org.apache.hadoop.ipc.Client.call(Client.java:1457)
	at org.apache.hadoop.ipc.Client.call(Client.java:1410)
	at org.apache.hadoop.ipc.ProtobufRpcEngine$Invoker.invoke(ProtobufRpcEngine.java:250)
	at org.apache.hadoop.ipc.ProtobufRpcEngine$Invoker.invoke(ProtobufRpcEngine.java:132)
	at com.sun.proxy.$Proxy49.submitRequest(Unknown Source)
	at org.apache.hadoop.hdds.scm.protocolPB.StorageContainerLocationProtocolClientSideTranslatorPB.submitRpcRequest(StorageContainerLocationProtocolClientSideTranslatorPB.java:191)
	at org.apache.hadoop.hdds.scm.protocolPB.StorageContainerLocationProtocolClientSideTranslatorPB.submitRequest(StorageContainerLocationProtocolClientSideTranslatorPB.java:175)
	at org.apache.hadoop.hdds.scm.protocolPB.StorageContainerLocationProtocolClientSideTranslatorPB.forceExitSafeMode(StorageContainerLocationProtocolClientSideTranslatorPB.java:792)
	at org.apache.ozone.test.LambdaTestUtils.intercept(LambdaTestUtils.java:491)
	at org.apache.ozone.test.LambdaTestUtils.intercept(LambdaTestUtils.java:377)
	at org.apache.ozone.test.LambdaTestUtils.intercept(LambdaTestUtils.java:446)
	at org.apache.hadoop.ozone.TestSecureOzoneCluster.testAdminAccessControlException(TestSecureOzoneCluster.java:440)
	at sun.reflect.NativeMethodAccessorImpl.invoke0(Native Method)
	at sun.reflect.NativeMethodAccessorImpl.invoke(NativeMethodAccessorImpl.java:62)
	at sun.reflect.DelegatingMethodAccessorImpl.invoke(DelegatingMethodAccessorImpl.java:43)
	at java.lang.reflect.Method.invoke(Method.java:498)
	at org.junit.runners.model.FrameworkMethod$1.runReflectiveCall(FrameworkMethod.java:59)
	at org.junit.internal.runners.model.ReflectiveCallable.run(ReflectiveCallable.java:12)
	at org.junit.runners.model.FrameworkMethod.invokeExplosively(FrameworkMethod.java:56)
	at org.junit.internal.runners.statements.InvokeMethod.evaluate(InvokeMethod.java:17)
	at org.junit.internal.runners.statements.RunBefores.evaluate(RunBefores.java:26)
	at org.junit.internal.runners.statements.RunAfters.evaluate(RunAfters.java:27)
	at org.junit.rules.ExternalResource$1.evaluate(ExternalResource.java:54)
	at org.junit.internal.runners.statements.FailOnTimeout$CallableStatement.call(FailOnTimeout.java:288)
	at org.junit.internal.runners.statements.FailOnTimeout$CallableStatement.call(FailOnTimeout.java:282)
	at java.util.concurrent.FutureTask.run(FutureTask.java:266)
	at java.lang.Thread.run(Thread.java:750)
2023-07-13 02:07:05,366 [Time-limited test] INFO  server.StorageContainerManager (StorageContainerManager.java:stop(1590)) - Container Balancer is not running.
2023-07-13 02:07:05,366 [Time-limited test] INFO  server.StorageContainerManager (StorageContainerManager.java:stopReplicationManager(1723)) - Stopping Replication Manager Service.
2023-07-13 02:07:05,366 [Time-limited test] INFO  replication.ReplicationManager (ReplicationManager.java:stop(319)) - Stopping Replication Monitor Thread.
2023-07-13 02:07:05,366 [Time-limited test] INFO  server.StorageContainerManager (StorageContainerManager.java:stop(1599)) - Stopping the Datanode Admin Monitor.
2023-07-13 02:07:05,366 [Time-limited test] INFO  server.StorageContainerManager (StorageContainerManager.java:stop(1606)) - Stopping datanode service RPC server
2023-07-13 02:07:05,366 [Time-limited test] INFO  server.SCMDatanodeProtocolServer (SCMDatanodeProtocolServer.java:stop(424)) - Stopping the RPC server for DataNodes
2023-07-13 02:07:05,366 [Time-limited test] INFO  ipc.Server (Server.java:stop(3523)) - Stopping server on 9861
2023-07-13 02:07:05,366 [Under Replicated Processor] WARN  replication.UnhealthyReplicationProcessor (UnhealthyReplicationProcessor.java:run(180)) - Under Replicated Processor interrupted. Exiting...
2023-07-13 02:07:05,366 [ReplicationMonitor] INFO  replication.ReplicationManager (ReplicationManager.java:run(917)) - Replication Monitor Thread is stopped
2023-07-13 02:07:05,367 [Over Replicated Processor] WARN  replication.UnhealthyReplicationProcessor (UnhealthyReplicationProcessor.java:run(180)) - Over Replicated Processor interrupted. Exiting...
2023-07-13 02:07:05,371 [IPC Server Responder] INFO  ipc.Server (Server.java:run(1567)) - Stopping IPC Server Responder
2023-07-13 02:07:05,372 [IPC Server listener on 9861] INFO  ipc.Server (Server.java:run(1434)) - Stopping IPC Server listener on 9861
2023-07-13 02:07:07,842 [SCM Heartbeat Processing Thread - 0] WARN  node.NodeStateManager (NodeStateManager.java:scheduleNextHealthCheck(874)) - Current Thread is interrupted, shutting down HB processing thread for Node Manager.
2023-07-13 02:07:07,842 [Time-limited test] INFO  server.StorageContainerManager (StorageContainerManager.java:stop(1614)) - Stopping block service RPC server
2023-07-13 02:07:07,842 [Time-limited test] INFO  server.SCMBlockProtocolServer (SCMBlockProtocolServer.java:stop(161)) - Stopping the RPC server for Block Protocol
2023-07-13 02:07:07,843 [Time-limited test] INFO  ipc.Server (Server.java:stop(3523)) - Stopping server on 9863
2023-07-13 02:07:07,845 [IPC Server Responder] INFO  ipc.Server (Server.java:run(1567)) - Stopping IPC Server Responder
2023-07-13 02:07:07,845 [Time-limited test] INFO  server.StorageContainerManager (StorageContainerManager.java:stop(1621)) - Stopping the StorageContainerLocationProtocol RPC server
2023-07-13 02:07:07,846 [Time-limited test] INFO  server.SCMClientProtocolServer (SCMClientProtocolServer.java:stop(209)) - Stopping the RPC server for Client Protocol
2023-07-13 02:07:07,846 [Time-limited test] INFO  ipc.Server (Server.java:stop(3523)) - Stopping server on 9860
2023-07-13 02:07:07,846 [IPC Server listener on 9863] INFO  ipc.Server (Server.java:run(1434)) - Stopping IPC Server listener on 9863
2023-07-13 02:07:07,855 [IPC Server Responder] INFO  ipc.Server (Server.java:run(1567)) - Stopping IPC Server Responder
2023-07-13 02:07:07,856 [Time-limited test] INFO  server.StorageContainerManager (StorageContainerManager.java:stop(1628)) - Stopping Storage Container Manager HTTP server.
2023-07-13 02:07:07,857 [Time-limited test] INFO  handler.ContextHandler (ContextHandler.java:doStop(1159)) - Stopped o.e.j.w.WebAppContext@7729a031{scm,/,null,STOPPED}{file:/home/runner/work/ozone/ozone/hadoop-ozone/integration-test/target/test-classes/webapps/scm}
2023-07-13 02:07:07,858 [IPC Server listener on 9860] INFO  ipc.Server (Server.java:run(1434)) - Stopping IPC Server listener on 9860
2023-07-13 02:07:07,864 [Time-limited test] INFO  server.AbstractConnector (AbstractConnector.java:doStop(383)) - Stopped ServerConnector@69ec4f85{HTTP/1.1, (http/1.1)}{0.0.0.0:9876}
2023-07-13 02:07:07,865 [Time-limited test] INFO  server.session (HouseKeeper.java:stopScavenging(149)) - node0 Stopped scavenging
2023-07-13 02:07:07,866 [Time-limited test] INFO  handler.ContextHandler (ContextHandler.java:doStop(1159)) - Stopped o.e.j.s.ServletContextHandler@24d27dc8{static,/static,file:///home/runner/work/ozone/ozone/hadoop-ozone/integration-test/target/test-classes/webapps/static,STOPPED}
2023-07-13 02:07:07,866 [Time-limited test] INFO  handler.ContextHandler (ContextHandler.java:doStop(1159)) - Stopped o.e.j.s.ServletContextHandler@6241e214{logs,/logs,file:///home/runner/work/ozone/ozone/hadoop-ozone/integration-test/target/log,STOPPED}
2023-07-13 02:07:07,867 [Time-limited test] INFO  server.StorageContainerManager (StorageContainerManager.java:stop(1636)) - Stopping SCM LayoutVersionManager Service.
2023-07-13 02:07:07,867 [Time-limited test] INFO  server.SCMSecurityProtocolServer (SCMSecurityProtocolServer.java:stop(536)) - Stopping the SCMSecurityProtocolServer.
2023-07-13 02:07:07,867 [Time-limited test] INFO  ipc.Server (Server.java:stop(3523)) - Stopping server on 9961
2023-07-13 02:07:07,868 [IPC Server Responder] INFO  ipc.Server (Server.java:run(1567)) - Stopping IPC Server Responder
2023-07-13 02:07:07,869 [Time-limited test] INFO  server.SCMUpdateServiceGrpcServer (SCMUpdateServiceGrpcServer.java:stop(73)) - SCMUpdateService stopping
2023-07-13 02:07:07,869 [IPC Server listener on 9961] INFO  ipc.Server (Server.java:run(1434)) - Stopping IPC Server listener on 9961
2023-07-13 02:07:07,869 [Time-limited test] INFO  server.SCMUpdateServiceGrpcServer (SCMUpdateServiceGrpcServer.java:stop(85)) - SCMUpdateService stopped!
2023-07-13 02:07:07,870 [Time-limited test] INFO  server.StorageContainerManager (StorageContainerManager.java:stop(1648)) - Stopping Block Manager Service.
2023-07-13 02:07:07,870 [Time-limited test] INFO  utils.BackgroundService (BackgroundService.java:shutdown(141)) - Shutting down service SCMBlockDeletingService
2023-07-13 02:07:07,870 [Time-limited test] INFO  utils.BackgroundService (BackgroundService.java:shutdown(141)) - Shutting down service SCMBlockDeletingService
2023-07-13 02:07:07,870 [Time-limited test] INFO  server.StorageContainerManager (StorageContainerManager.java:stop(1668)) - Stopping SCM Event Queue.
2023-07-13 02:07:07,871 [JvmPauseMonitor8] INFO  util.JvmPauseMonitor (JvmPauseMonitor.java:run(109)) - JvmPauseMonitor-7e5a7adc-ff78-4404-95c2-3b4384bac03c: Stopped
2023-07-13 02:07:07,872 [Time-limited test] INFO  server.StorageContainerManager (StorageContainerManager.java:stop(1679)) - Stopping SCM HA services.
2023-07-13 02:07:07,872 [Time-limited test] INFO  pipeline.BackgroundPipelineCreator (BackgroundPipelineCreator.java:stop(149)) - Stopping RatisPipelineUtilsThread.
2023-07-13 02:07:07,872 [RatisPipelineUtilsThread - 0] WARN  pipeline.BackgroundPipelineCreator (BackgroundPipelineCreator.java:run(180)) - RatisPipelineUtilsThread is interrupted.
2023-07-13 02:07:07,872 [Time-limited test] INFO  BackgroundPipelineScrubber (BackgroundSCMService.java:stop(131)) - Stopping BackgroundPipelineScrubber Service.
2023-07-13 02:07:07,872 [BackgroundPipelineScrubberThread] WARN  BackgroundPipelineScrubber (BackgroundSCMService.java:run(115)) - BackgroundPipelineScrubber is interrupted, exit
2023-07-13 02:07:07,873 [Time-limited test] INFO  impl.MetricsSystemImpl (MetricsSystemImpl.java:stop(210)) - Stopping StorageContainerManager metrics system...
2023-07-13 02:07:07,880 [prometheus] INFO  impl.MetricsSinkAdapter (MetricsSinkAdapter.java:publishMetricsFromQueue(141)) - prometheus thread interrupted.
2023-07-13 02:07:07,882 [Time-limited test] INFO  impl.MetricsSystemImpl (MetricsSystemImpl.java:stop(216)) - StorageContainerManager metrics system stopped.
2023-07-13 02:07:07,882 [Time-limited test] WARN  pipeline.BackgroundPipelineCreator (BackgroundPipelineCreator.java:stop(145)) - RatisPipelineUtilsThread is not running, just ignore.
2023-07-13 02:07:07,882 [Time-limited test] INFO  BackgroundPipelineScrubber (BackgroundSCMService.java:stop(126)) - BackgroundPipelineScrubber Service is not running, skip stop.
2023-07-13 02:07:07,882 [Time-limited test] INFO  ExpiredContainerReplicaOpScrubber (BackgroundSCMService.java:stop(131)) - Stopping ExpiredContainerReplicaOpScrubber Service.
2023-07-13 02:07:07,882 [ExpiredContainerReplicaOpScrubberThread] WARN  ExpiredContainerReplicaOpScrubber (BackgroundSCMService.java:run(115)) - ExpiredContainerReplicaOpScrubber is interrupted, exit
2023-07-13 02:07:07,882 [Time-limited test] INFO  utils.BackgroundService (BackgroundService.java:shutdown(141)) - Shutting down service SCMBlockDeletingService
2023-07-13 02:07:07,883 [Time-limited test] INFO  replication.ReplicationManager (ReplicationManager.java:stop(329)) - Replication Monitor Thread is not running.
2023-07-13 02:07:07,883 [Time-limited test] WARN  balancer.ContainerBalancer (ContainerBalancer.java:stop(326)) - Cannot stop Container Balancer because it's not running or stopping
2023-07-13 02:07:07,883 [Time-limited test] INFO  server.StorageContainerManager (StorageContainerManager.java:stop(1714)) - Stopping SCM MetadataStore.
2023-07-13 02:07:07,885 [Time-limited test] INFO  impl.DefaultInternalKdcServerImpl (DefaultInternalKdcServerImpl.java:doStop(102)) - Default Internal kdc server stopped.
2023-07-13 02:07:08,885 [Time-limited test] INFO  minikdc.MiniKdc (MiniKdc.java:stop(359)) - MiniKdc stopped.
2023-07-13 02:07:08,886 [Time-limited test] INFO  server.StorageContainerManager (StorageContainerManager.java:stop(1579)) - Storage Container Manager is not running.
2023-07-13 02:07:08,886 [Time-limited test] INFO  server.StorageContainerManager (StorageContainerManager.java:stopReplicationManager(1723)) - Stopping Replication Manager Service.
2023-07-13 02:07:08,886 [Time-limited test] INFO  replication.ReplicationManager (ReplicationManager.java:stop(329)) - Replication Monitor Thread is not running.
2023-07-13 02:07:08,886 [Time-limited test] INFO  server.SCMSecurityProtocolServer (SCMSecurityProtocolServer.java:join(546)) - Join RPC server for SCMSecurityProtocolServer.
2023-07-13 02:07:08,886 [Time-limited test] INFO  server.SCMSecurityProtocolServer (SCMSecurityProtocolServer.java:join(548)) - Join gRPC server for SCMSecurityProtocolServer.
]]></system-out>
  </testcase>
</testsuite>