<?xml version="1.0" encoding="UTF-8"?>
<testsuite xmlns:xsi="http://www.w3.org/2001/XMLSchema-instance" xsi:noNamespaceSchemaLocation="https://maven.apache.org/surefire/maven-surefire-plugin/xsd/surefire-test-report.xsd" name="org.apache.hadoop.ozone.client.rpc.TestBlockOutputStreamWithFailuresFlushDelay" time="390.184" tests="5" errors="4" skipped="0" failures="0">
  <properties>
    <property name="awt.toolkit" value="sun.awt.X11.XToolkit"/>
    <property name="file.encoding.pkg" value="sun.io"/>
    <property name="java.specification.version" value="1.8"/>
    <property name="sun.cpu.isalist" value=""/>
    <property name="sun.jnu.encoding" value="UTF-8"/>
    <property name="java.class.path" value="/home/runner/work/ozone/ozone/hadoop-ozone/integration-test/target/test-classes:/home/runner/work/ozone/ozone/hadoop-ozone/integration-test/target/classes:/home/runner/.m2/repository/org/apache/ozone/ozone-common/1.3.0-SNAPSHOT/ozone-common-1.3.0-SNAPSHOT.jar:/home/runner/.m2/repository/org/apache/commons/commons-compress/1.21/commons-compress-1.21.jar:/home/runner/.m2/repository/org/apache/ozone/hdds-common/1.3.0-SNAPSHOT/hdds-common-1.3.0-SNAPSHOT.jar:/home/runner/.m2/repository/org/apache/ozone/hdds-client/1.3.0-SNAPSHOT/hdds-client-1.3.0-SNAPSHOT.jar:/home/runner/.m2/repository/org/apache/ozone/ozone-interface-client/1.3.0-SNAPSHOT/ozone-interface-client-1.3.0-SNAPSHOT.jar:/home/runner/.m2/repository/org/apache/ozone/hdds-test-utils/1.3.0-SNAPSHOT/hdds-test-utils-1.3.0-SNAPSHOT.jar:/home/runner/.m2/repository/com/google/guava/guava/30.1.1-jre/guava-30.1.1-jre.jar:/home/runner/.m2/repository/com/google/guava/failureaccess/1.0.1/failureaccess-1.0.1.jar:/home/runner/.m2/repository/com/google/guava/listenablefuture/9999.0-empty-to-avoid-conflict-with-guava/listenablefuture-9999.0-empty-to-avoid-conflict-with-guava.jar:/home/runner/.m2/repository/com/google/code/findbugs/jsr305/3.0.0/jsr305-3.0.0.jar:/home/runner/.m2/repository/org/checkerframework/checker-qual/3.8.0/checker-qual-3.8.0.jar:/home/runner/.m2/repository/com/google/errorprone/error_prone_annotations/2.2.0/error_prone_annotations-2.2.0.jar:/home/runner/.m2/repository/com/google/j2objc/j2objc-annotations/1.3/j2objc-annotations-1.3.jar:/home/runner/.m2/repository/commons-io/commons-io/2.11.0/commons-io-2.11.0.jar:/home/runner/.m2/repository/commons-logging/commons-logging/1.2/commons-logging-1.2.jar:/home/runner/.m2/repository/log4j/log4j/1.2.17/log4j-1.2.17.jar:/home/runner/.m2/repository/org/slf4j/slf4j-api/1.7.30/slf4j-api-1.7.30.jar:/home/runner/.m2/repository/org/apache/ozone/hdds-server-scm/1.3.0-SNAPSHOT/hdds-server-scm-1.3.0-SNAPSHOT.jar:/home/runner/.m2/repository/org/apache/ozone/hdds-container-service/1.3.0-SNAPSHOT/hdds-container-service-1.3.0-SNAPSHOT.jar:/home/runner/.m2/repository/org/apache/ozone/hdds-hadoop-dependency-server/1.3.0-SNAPSHOT/hdds-hadoop-dependency-server-1.3.0-SNAPSHOT.jar:/home/runner/.m2/repository/org/apache/hadoop/hadoop-hdfs/3.3.1/hadoop-hdfs-3.3.1.jar:/home/runner/.m2/repository/org/apache/ozone/hdds-server-framework/1.3.0-SNAPSHOT/hdds-server-framework-1.3.0-SNAPSHOT.jar:/home/runner/.m2/repository/org/apache/ozone/hdds-interface-server/1.3.0-SNAPSHOT/hdds-interface-server-1.3.0-SNAPSHOT.jar:/home/runner/.m2/repository/org/eclipse/jetty/jetty-servlet/9.4.43.v20210629/jetty-servlet-9.4.43.v20210629.jar:/home/runner/.m2/repository/org/eclipse/jetty/jetty-security/9.4.43.v20210629/jetty-security-9.4.43.v20210629.jar:/home/runner/.m2/repository/org/rocksdb/rocksdbjni/6.25.3/rocksdbjni-6.25.3.jar:/home/runner/.m2/repository/io/prometheus/simpleclient_dropwizard/0.7.0/simpleclient_dropwizard-0.7.0.jar:/home/runner/.m2/repository/io/prometheus/simpleclient/0.7.0/simpleclient-0.7.0.jar:/home/runner/.m2/repository/io/prometheus/simpleclient_common/0.7.0/simpleclient_common-0.7.0.jar:/home/runner/.m2/repository/com/fasterxml/jackson/datatype/jackson-datatype-jsr310/2.12.1/jackson-datatype-jsr310-2.12.1.jar:/home/runner/.m2/repository/io/dropwizard/metrics/metrics-core/3.2.4/metrics-core-3.2.4.jar:/home/runner/.m2/repository/org/apache/hadoop/hadoop-hdfs-client/3.3.1/hadoop-hdfs-client-3.3.1.jar:/home/runner/.m2/repository/org/bouncycastle/bcprov-jdk15on/1.67/bcprov-jdk15on-1.67.jar:/home/runner/.m2/repository/com/google/protobuf/protobuf-java/2.5.0/protobuf-java-2.5.0.jar:/home/runner/.m2/repository/org/apache/ozone/ozone-manager/1.3.0-SNAPSHOT/ozone-manager-1.3.0-SNAPSHOT.jar:/home/runner/.m2/repository/org/aspectj/aspectjrt/1.9.7/aspectjrt-1.9.7.jar:/home/runner/.m2/repository/org/aspectj/aspectjweaver/1.9.7/aspectjweaver-1.9.7.jar:/home/runner/.m2/repository/org/apache/ozone/hdds-interface-client/1.3.0-SNAPSHOT/hdds-interface-client-1.3.0-SNAPSHOT.jar:/home/runner/.m2/repository/org/apache/hadoop/thirdparty/hadoop-shaded-protobuf_3_7/1.1.1/hadoop-shaded-protobuf_3_7-1.1.1.jar:/home/runner/.m2/repository/org/apache/ozone/ozone-interface-storage/1.3.0-SNAPSHOT/ozone-interface-storage-1.3.0-SNAPSHOT.jar:/home/runner/.m2/repository/org/reflections/reflections/0.9.11/reflections-0.9.11.jar:/home/runner/.m2/repository/org/apache/hadoop/hadoop-minikdc/3.3.1/hadoop-minikdc-3.3.1.jar:/home/runner/.m2/repository/org/apache/kerby/kerb-simplekdc/1.0.1/kerb-simplekdc-1.0.1.jar:/home/runner/.m2/repository/org/apache/kerby/kerb-client/1.0.1/kerb-client-1.0.1.jar:/home/runner/.m2/repository/org/apache/kerby/kerby-config/1.0.1/kerby-config-1.0.1.jar:/home/runner/.m2/repository/org/apache/kerby/kerb-common/1.0.1/kerb-common-1.0.1.jar:/home/runner/.m2/repository/org/apache/kerby/kerb-crypto/1.0.1/kerb-crypto-1.0.1.jar:/home/runner/.m2/repository/org/apache/kerby/kerb-util/1.0.1/kerb-util-1.0.1.jar:/home/runner/.m2/repository/org/apache/kerby/token-provider/1.0.1/token-provider-1.0.1.jar:/home/runner/.m2/repository/org/apache/kerby/kerb-admin/1.0.1/kerb-admin-1.0.1.jar:/home/runner/.m2/repository/org/apache/kerby/kerb-server/1.0.1/kerb-server-1.0.1.jar:/home/runner/.m2/repository/org/apache/kerby/kerb-identity/1.0.1/kerb-identity-1.0.1.jar:/home/runner/.m2/repository/org/apache/kerby/kerby-xdr/1.0.1/kerby-xdr-1.0.1.jar:/home/runner/.m2/repository/org/slf4j/slf4j-log4j12/1.7.30/slf4j-log4j12-1.7.30.jar:/home/runner/.m2/repository/org/apache/ozone/ozone-s3gateway/1.3.0-SNAPSHOT/ozone-s3gateway-1.3.0-SNAPSHOT.jar:/home/runner/.m2/repository/org/javassist/javassist/3.21.0-GA/javassist-3.21.0-GA.jar:/home/runner/.m2/repository/org/jboss/weld/servlet/weld-servlet/2.4.7.Final/weld-servlet-2.4.7.Final.jar:/home/runner/.m2/repository/org/glassfish/jersey/containers/jersey-container-servlet-core/2.33/jersey-container-servlet-core-2.33.jar:/home/runner/.m2/repository/org/glassfish/hk2/external/jakarta.inject/2.6.1/jakarta.inject-2.6.1.jar:/home/runner/.m2/repository/org/glassfish/jersey/core/jersey-common/2.33/jersey-common-2.33.jar:/home/runner/.m2/repository/jakarta/ws/rs/jakarta.ws.rs-api/2.1.6/jakarta.ws.rs-api-2.1.6.jar:/home/runner/.m2/repository/org/glassfish/jersey/ext/cdi/jersey-cdi1x/2.33/jersey-cdi1x-2.33.jar:/home/runner/.m2/repository/org/glassfish/jersey/inject/jersey-hk2/2.33/jersey-hk2-2.33.jar:/home/runner/.m2/repository/org/glassfish/hk2/hk2-locator/2.6.1/hk2-locator-2.6.1.jar:/home/runner/.m2/repository/org/glassfish/jersey/media/jersey-media-jaxb/2.33/jersey-media-jaxb-2.33.jar:/home/runner/.m2/repository/org/glassfish/hk2/osgi-resource-locator/1.0.3/osgi-resource-locator-1.0.3.jar:/home/runner/.m2/repository/org/glassfish/hk2/hk2-api/2.5.0/hk2-api-2.5.0.jar:/home/runner/.m2/repository/org/glassfish/hk2/hk2-utils/2.5.0/hk2-utils-2.5.0.jar:/home/runner/.m2/repository/org/glassfish/hk2/external/aopalliance-repackaged/2.5.0/aopalliance-repackaged-2.5.0.jar:/home/runner/.m2/repository/com/fasterxml/jackson/dataformat/jackson-dataformat-xml/2.12.1/jackson-dataformat-xml-2.12.1.jar:/home/runner/.m2/repository/com/fasterxml/jackson/core/jackson-core/2.12.1/jackson-core-2.12.1.jar:/home/runner/.m2/repository/com/fasterxml/jackson/module/jackson-module-jaxb-annotations/2.12.1/jackson-module-jaxb-annotations-2.12.1.jar:/home/runner/.m2/repository/jakarta/xml/bind/jakarta.xml.bind-api/2.3.2/jakarta.xml.bind-api-2.3.2.jar:/home/runner/.m2/repository/org/codehaus/woodstox/stax2-api/3.1.4/stax2-api-3.1.4.jar:/home/runner/.m2/repository/com/fasterxml/woodstox/woodstox-core/5.0.3/woodstox-core-5.0.3.jar:/home/runner/.m2/repository/javax/enterprise/cdi-api/1.2/cdi-api-1.2.jar:/home/runner/.m2/repository/javax/el/javax.el-api/3.0.0/javax.el-api-3.0.0.jar:/home/runner/.m2/repository/javax/interceptor/javax.interceptor-api/1.2/javax.interceptor-api-1.2.jar:/home/runner/.m2/repository/javax/inject/javax.inject/1/javax.inject-1.jar:/home/runner/.m2/repository/javax/xml/bind/jaxb-api/2.3.0/jaxb-api-2.3.0.jar:/home/runner/.m2/repository/org/glassfish/jaxb/jaxb-runtime/2.3.0.1/jaxb-runtime-2.3.0.1.jar:/home/runner/.m2/repository/org/glassfish/jaxb/jaxb-core/2.3.0.1/jaxb-core-2.3.0.1.jar:/home/runner/.m2/repository/org/glassfish/jaxb/txw2/2.3.0.1/txw2-2.3.0.1.jar:/home/runner/.m2/repository/com/sun/istack/istack-commons-runtime/3.0.5/istack-commons-runtime-3.0.5.jar:/home/runner/.m2/repository/org/jvnet/staxex/stax-ex/1.7.8/stax-ex-1.7.8.jar:/home/runner/.m2/repository/com/sun/xml/fastinfoset/FastInfoset/1.2.13/FastInfoset-1.2.13.jar:/home/runner/.m2/repository/javax/activation/activation/1.1.1/activation-1.1.1.jar:/home/runner/.m2/repository/org/apache/ozone/ozone-csi/1.3.0-SNAPSHOT/ozone-csi-1.3.0-SNAPSHOT.jar:/home/runner/.m2/repository/com/google/protobuf/protobuf-java-util/3.12.0/protobuf-java-util-3.12.0.jar:/home/runner/.m2/repository/com/google/code/gson/gson/2.2.4/gson-2.2.4.jar:/home/runner/.m2/repository/org/apache/ozone/hdds-config/1.3.0-SNAPSHOT/hdds-config-1.3.0-SNAPSHOT.jar:/home/runner/.m2/repository/io/grpc/grpc-netty/1.33.0/grpc-netty-1.33.0.jar:/home/runner/.m2/repository/io/grpc/grpc-core/1.33.0/grpc-core-1.33.0.jar:/home/runner/.m2/repository/com/google/android/annotations/4.1.1.4/annotations-4.1.1.4.jar:/home/runner/.m2/repository/io/netty/netty-codec-http2/4.1.63.Final/netty-codec-http2-4.1.63.Final.jar:/home/runner/.m2/repository/io/netty/netty-codec-http/4.1.63.Final/netty-codec-http-4.1.63.Final.jar:/home/runner/.m2/repository/io/netty/netty-handler-proxy/4.1.63.Final/netty-handler-proxy-4.1.63.Final.jar:/home/runner/.m2/repository/io/netty/netty-codec-socks/4.1.63.Final/netty-codec-socks-4.1.63.Final.jar:/home/runner/.m2/repository/io/perfmark/perfmark-api/0.19.0/perfmark-api-0.19.0.jar:/home/runner/.m2/repository/org/codehaus/mojo/animal-sniffer-annotations/1.18/animal-sniffer-annotations-1.18.jar:/home/runner/.m2/repository/io/netty/netty-transport-native-epoll/4.1.63.Final/netty-transport-native-epoll-4.1.63.Final.jar:/home/runner/.m2/repository/io/netty/netty-common/4.1.63.Final/netty-common-4.1.63.Final.jar:/home/runner/.m2/repository/io/netty/netty-buffer/4.1.63.Final/netty-buffer-4.1.63.Final.jar:/home/runner/.m2/repository/io/netty/netty-transport-native-unix-common/4.1.63.Final/netty-transport-native-unix-common-4.1.63.Final.jar:/home/runner/.m2/repository/io/grpc/grpc-protobuf/1.33.0/grpc-protobuf-1.33.0.jar:/home/runner/.m2/repository/io/grpc/grpc-api/1.33.0/grpc-api-1.33.0.jar:/home/runner/.m2/repository/io/grpc/grpc-context/1.33.0/grpc-context-1.33.0.jar:/home/runner/.m2/repository/com/google/api/grpc/proto-google-common-protos/1.17.0/proto-google-common-protos-1.17.0.jar:/home/runner/.m2/repository/io/grpc/grpc-protobuf-lite/1.33.0/grpc-protobuf-lite-1.33.0.jar:/home/runner/.m2/repository/io/grpc/grpc-stub/1.33.0/grpc-stub-1.33.0.jar:/home/runner/.m2/repository/org/apache/ozone/ozone-recon/1.3.0-SNAPSHOT/ozone-recon-1.3.0-SNAPSHOT.jar:/home/runner/.m2/repository/org/apache/ozone/ozone-reconcodegen/1.3.0-SNAPSHOT/ozone-reconcodegen-1.3.0-SNAPSHOT.jar:/home/runner/.m2/repository/com/google/inject/extensions/guice-multibindings/4.0/guice-multibindings-4.0.jar:/home/runner/.m2/repository/com/google/inject/guice/4.0/guice-4.0.jar:/home/runner/.m2/repository/aopalliance/aopalliance/1.0/aopalliance-1.0.jar:/home/runner/.m2/repository/com/google/inject/extensions/guice-assistedinject/4.0/guice-assistedinject-4.0.jar:/home/runner/.m2/repository/com/google/inject/extensions/guice-servlet/4.0/guice-servlet-4.0.jar:/home/runner/.m2/repository/org/glassfish/jersey/containers/jersey-container-servlet/2.33/jersey-container-servlet-2.33.jar:/home/runner/.m2/repository/org/glassfish/hk2/guice-bridge/2.5.0/guice-bridge-2.5.0.jar:/home/runner/.m2/repository/org/glassfish/jersey/core/jersey-server/2.33/jersey-server-2.33.jar:/home/runner/.m2/repository/org/glassfish/jersey/core/jersey-client/2.33/jersey-client-2.33.jar:/home/runner/.m2/repository/jakarta/annotation/jakarta.annotation-api/1.3.5/jakarta.annotation-api-1.3.5.jar:/home/runner/.m2/repository/jakarta/validation/jakarta.validation-api/2.0.2/jakarta.validation-api-2.0.2.jar:/home/runner/.m2/repository/org/glassfish/jersey/media/jersey-media-json-jackson/2.33/jersey-media-json-jackson-2.33.jar:/home/runner/.m2/repository/org/glassfish/jersey/ext/jersey-entity-filtering/2.33/jersey-entity-filtering-2.33.jar:/home/runner/.m2/repository/org/jooq/jooq/3.11.10/jooq-3.11.10.jar:/home/runner/.m2/repository/org/jooq/jooq-meta/3.11.10/jooq-meta-3.11.10.jar:/home/runner/.m2/repository/org/jooq/jooq-codegen/3.11.10/jooq-codegen-3.11.10.jar:/home/runner/.m2/repository/com/jolbox/bonecp/0.8.0.RELEASE/bonecp-0.8.0.RELEASE.jar:/home/runner/.m2/repository/org/apache/derby/derby/10.14.2.0/derby-10.14.2.0.jar:/home/runner/.m2/repository/org/xerial/sqlite-jdbc/3.25.2/sqlite-jdbc-3.25.2.jar:/home/runner/.m2/repository/org/springframework/spring-jdbc/5.2.18.RELEASE/spring-jdbc-5.2.18.RELEASE.jar:/home/runner/.m2/repository/org/springframework/spring-beans/5.2.18.RELEASE/spring-beans-5.2.18.RELEASE.jar:/home/runner/.m2/repository/org/springframework/spring-core/5.2.18.RELEASE/spring-core-5.2.18.RELEASE.jar:/home/runner/.m2/repository/org/springframework/spring-jcl/5.2.18.RELEASE/spring-jcl-5.2.18.RELEASE.jar:/home/runner/.m2/repository/org/springframework/spring-tx/5.2.18.RELEASE/spring-tx-5.2.18.RELEASE.jar:/home/runner/.m2/repository/org/apache/ozone/ozone-client/1.3.0-SNAPSHOT/ozone-client-1.3.0-SNAPSHOT.jar:/home/runner/.m2/repository/org/apache/ozone/ozone-filesystem/1.3.0-SNAPSHOT/ozone-filesystem-1.3.0-SNAPSHOT.jar:/home/runner/.m2/repository/org/apache/ozone/ozone-filesystem-common/1.3.0-SNAPSHOT/ozone-filesystem-common-1.3.0-SNAPSHOT.jar:/home/runner/.m2/repository/org/apache/ozone/ozone-tools/1.3.0-SNAPSHOT/ozone-tools-1.3.0-SNAPSHOT.jar:/home/runner/.m2/repository/org/apache/ratis/ratis-tools/2.2.0/ratis-tools-2.2.0.jar:/home/runner/.m2/repository/com/amazonaws/aws-java-sdk-core/1.12.124/aws-java-sdk-core-1.12.124.jar:/home/runner/.m2/repository/org/apache/httpcomponents/httpclient/4.5.13/httpclient-4.5.13.jar:/home/runner/.m2/repository/org/apache/httpcomponents/httpcore/4.4.13/httpcore-4.4.13.jar:/home/runner/.m2/repository/software/amazon/ion/ion-java/1.0.2/ion-java-1.0.2.jar:/home/runner/.m2/repository/com/fasterxml/jackson/dataformat/jackson-dataformat-cbor/2.12.1/jackson-dataformat-cbor-2.12.1.jar:/home/runner/.m2/repository/joda-time/joda-time/2.8.1/joda-time-2.8.1.jar:/home/runner/.m2/repository/com/amazonaws/aws-java-sdk-s3/1.12.124/aws-java-sdk-s3-1.12.124.jar:/home/runner/.m2/repository/com/amazonaws/aws-java-sdk-kms/1.12.124/aws-java-sdk-kms-1.12.124.jar:/home/runner/.m2/repository/com/amazonaws/jmespath-java/1.12.124/jmespath-java-1.12.124.jar:/home/runner/.m2/repository/org/kohsuke/metainf-services/metainf-services/1.8/metainf-services-1.8.jar:/home/runner/.m2/repository/org/apache/ozone/hdds-tools/1.3.0-SNAPSHOT/hdds-tools-1.3.0-SNAPSHOT.jar:/home/runner/.m2/repository/commons-cli/commons-cli/1.2/commons-cli-1.2.jar:/home/runner/.m2/repository/org/apache/commons/commons-lang3/3.7/commons-lang3-3.7.jar:/home/runner/.m2/repository/org/apache/ozone/ozone-manager/1.3.0-SNAPSHOT/ozone-manager-1.3.0-SNAPSHOT-tests.jar:/home/runner/.m2/repository/org/apache/ozone/hdds-common/1.3.0-SNAPSHOT/hdds-common-1.3.0-SNAPSHOT-tests.jar:/home/runner/.m2/repository/org/apache/ozone/hdds-hadoop-dependency-client/1.3.0-SNAPSHOT/hdds-hadoop-dependency-client-1.3.0-SNAPSHOT.jar:/home/runner/.m2/repository/info/picocli/picocli/4.6.1/picocli-4.6.1.jar:/home/runner/.m2/repository/com/fasterxml/jackson/core/jackson-annotations/2.12.1/jackson-annotations-2.12.1.jar:/home/runner/.m2/repository/javax/annotation/javax.annotation-api/1.2/javax.annotation-api-1.2.jar:/home/runner/.m2/repository/org/apache/ratis/ratis-server/2.2.0/ratis-server-2.2.0.jar:/home/runner/.m2/repository/org/apache/ratis/ratis-client/2.2.0/ratis-client-2.2.0.jar:/home/runner/.m2/repository/org/apache/ratis/ratis-server-api/2.2.0/ratis-server-api-2.2.0.jar:/home/runner/.m2/repository/org/apache/ratis/ratis-metrics/2.2.0/ratis-metrics-2.2.0.jar:/home/runner/.m2/repository/org/apache/ratis/ratis-netty/2.2.0/ratis-netty-2.2.0.jar:/home/runner/.m2/repository/org/apache/ratis/ratis-grpc/2.2.0/ratis-grpc-2.2.0.jar:/home/runner/.m2/repository/org/apache/logging/log4j/log4j-api/2.17.1/log4j-api-2.17.1.jar:/home/runner/.m2/repository/org/apache/logging/log4j/log4j-core/2.17.1/log4j-core-2.17.1.jar:/home/runner/.m2/repository/com/lmax/disruptor/3.4.2/disruptor-3.4.2.jar:/home/runner/.m2/repository/org/apache/commons/commons-pool2/2.6.0/commons-pool2-2.6.0.jar:/home/runner/.m2/repository/org/bouncycastle/bcpkix-jdk15on/1.67/bcpkix-jdk15on-1.67.jar:/home/runner/.m2/repository/commons-validator/commons-validator/1.6/commons-validator-1.6.jar:/home/runner/.m2/repository/commons-beanutils/commons-beanutils/1.9.4/commons-beanutils-1.9.4.jar:/home/runner/.m2/repository/commons-digester/commons-digester/1.8.1/commons-digester-1.8.1.jar:/home/runner/.m2/repository/commons-collections/commons-collections/3.2.2/commons-collections-3.2.2.jar:/home/runner/.m2/repository/io/jaegertracing/jaeger-client/1.6.0/jaeger-client-1.6.0.jar:/home/runner/.m2/repository/io/jaegertracing/jaeger-thrift/1.6.0/jaeger-thrift-1.6.0.jar:/home/runner/.m2/repository/org/apache/thrift/libthrift/0.14.1/libthrift-0.14.1.jar:/home/runner/.m2/repository/com/squareup/okhttp3/okhttp/4.9.0/okhttp-4.9.0.jar:/home/runner/.m2/repository/com/squareup/okio/okio/2.8.0/okio-2.8.0.jar:/home/runner/.m2/repository/io/jaegertracing/jaeger-core/1.6.0/jaeger-core-1.6.0.jar:/home/runner/.m2/repository/io/jaegertracing/jaeger-tracerresolver/1.6.0/jaeger-tracerresolver-1.6.0.jar:/home/runner/.m2/repository/io/opentracing/contrib/opentracing-tracerresolver/0.1.8/opentracing-tracerresolver-0.1.8.jar:/home/runner/.m2/repository/org/jetbrains/kotlin/kotlin-stdlib/1.4.31/kotlin-stdlib-1.4.31.jar:/home/runner/.m2/repository/org/jetbrains/kotlin/kotlin-stdlib-common/1.4.31/kotlin-stdlib-common-1.4.31.jar:/home/runner/.m2/repository/org/jetbrains/annotations/13.0/annotations-13.0.jar:/home/runner/.m2/repository/io/opentracing/opentracing-util/0.33.0/opentracing-util-0.33.0.jar:/home/runner/.m2/repository/io/opentracing/opentracing-api/0.33.0/opentracing-api-0.33.0.jar:/home/runner/.m2/repository/io/opentracing/opentracing-noop/0.33.0/opentracing-noop-0.33.0.jar:/home/runner/.m2/repository/org/yaml/snakeyaml/1.26/snakeyaml-1.26.jar:/home/runner/.m2/repository/org/apache/ozone/hdds-interface-admin/1.3.0-SNAPSHOT/hdds-interface-admin-1.3.0-SNAPSHOT.jar:/home/runner/.m2/repository/junit/junit/4.13.1/junit-4.13.1.jar:/home/runner/.m2/repository/org/hamcrest/hamcrest-core/1.3/hamcrest-core-1.3.jar:/home/runner/.m2/repository/org/junit/jupiter/junit-jupiter-api/5.7.0/junit-jupiter-api-5.7.0.jar:/home/runner/.m2/repository/org/apiguardian/apiguardian-api/1.1.0/apiguardian-api-1.1.0.jar:/home/runner/.m2/repository/org/opentest4j/opentest4j/1.2.0/opentest4j-1.2.0.jar:/home/runner/.m2/repository/org/junit/platform/junit-platform-commons/1.7.0/junit-platform-commons-1.7.0.jar:/home/runner/.m2/repository/org/junit/jupiter/junit-jupiter-engine/5.7.0/junit-jupiter-engine-5.7.0.jar:/home/runner/.m2/repository/org/junit/platform/junit-platform-engine/1.7.0/junit-platform-engine-1.7.0.jar:/home/runner/.m2/repository/org/junit/vintage/junit-vintage-engine/5.7.0/junit-vintage-engine-5.7.0.jar:/home/runner/.m2/repository/org/junit/platform/junit-platform-launcher/1.7.0/junit-platform-launcher-1.7.0.jar:/home/runner/.m2/repository/org/mockito/mockito-core/2.28.2/mockito-core-2.28.2.jar:/home/runner/.m2/repository/net/bytebuddy/byte-buddy/1.9.10/byte-buddy-1.9.10.jar:/home/runner/.m2/repository/net/bytebuddy/byte-buddy-agent/1.9.10/byte-buddy-agent-1.9.10.jar:/home/runner/.m2/repository/org/objenesis/objenesis/1.0/objenesis-1.0.jar:/home/runner/.m2/repository/org/apache/hadoop/hadoop-kms/3.3.1/hadoop-kms-3.3.1.jar:/home/runner/.m2/repository/org/apache/hadoop/hadoop-auth/3.3.1/hadoop-auth-3.3.1.jar:/home/runner/.m2/repository/com/nimbusds/nimbus-jose-jwt/7.9/nimbus-jose-jwt-7.9.jar:/home/runner/.m2/repository/com/github/stephenc/jcip/jcip-annotations/1.0-1/jcip-annotations-1.0-1.jar:/home/runner/.m2/repository/net/minidev/json-smart/2.4.7/json-smart-2.4.7.jar:/home/runner/.m2/repository/net/minidev/accessors-smart/2.4.7/accessors-smart-2.4.7.jar:/home/runner/.m2/repository/org/ow2/asm/asm/5.0.4/asm-5.0.4.jar:/home/runner/.m2/repository/org/apache/zookeeper/zookeeper/3.5.6/zookeeper-3.5.6.jar:/home/runner/.m2/repository/org/apache/zookeeper/zookeeper-jute/3.5.6/zookeeper-jute-3.5.6.jar:/home/runner/.m2/repository/org/apache/yetus/audience-annotations/0.5.0/audience-annotations-0.5.0.jar:/home/runner/.m2/repository/org/apache/curator/curator-framework/4.2.0/curator-framework-4.2.0.jar:/home/runner/.m2/repository/org/apache/hadoop/thirdparty/hadoop-shaded-guava/1.1.1/hadoop-shaded-guava-1.1.1.jar:/home/runner/.m2/repository/com/sun/jersey/jersey-core/1.19/jersey-core-1.19.jar:/home/runner/.m2/repository/javax/ws/rs/jsr311-api/1.1.1/jsr311-api-1.1.1.jar:/home/runner/.m2/repository/com/sun/jersey/jersey-server/1.19/jersey-server-1.19.jar:/home/runner/.m2/repository/javax/servlet/javax.servlet-api/3.1.0/javax.servlet-api-3.1.0.jar:/home/runner/.m2/repository/org/eclipse/jetty/jetty-server/9.4.43.v20210629/jetty-server-9.4.43.v20210629.jar:/home/runner/.m2/repository/org/eclipse/jetty/jetty-http/9.4.43.v20210629/jetty-http-9.4.43.v20210629.jar:/home/runner/.m2/repository/org/eclipse/jetty/jetty-io/9.4.43.v20210629/jetty-io-9.4.43.v20210629.jar:/home/runner/.m2/repository/org/eclipse/jetty/jetty-webapp/9.4.43.v20210629/jetty-webapp-9.4.43.v20210629.jar:/home/runner/.m2/repository/org/eclipse/jetty/jetty-xml/9.4.43.v20210629/jetty-xml-9.4.43.v20210629.jar:/home/runner/.m2/repository/org/apache/hadoop/hadoop-common/3.3.1/hadoop-common-3.3.1.jar:/home/runner/.m2/repository/org/apache/commons/commons-math3/3.1.1/commons-math3-3.1.1.jar:/home/runner/.m2/repository/commons-net/commons-net/3.6/commons-net-3.6.jar:/home/runner/.m2/repository/jakarta/activation/jakarta.activation-api/1.2.1/jakarta.activation-api-1.2.1.jar:/home/runner/.m2/repository/com/sun/jersey/jersey-servlet/1.19/jersey-servlet-1.19.jar:/home/runner/.m2/repository/com/sun/jersey/jersey-json/1.19/jersey-json-1.19.jar:/home/runner/.m2/repository/org/codehaus/jettison/jettison/1.1/jettison-1.1.jar:/home/runner/.m2/repository/com/sun/xml/bind/jaxb-impl/2.2.3-1/jaxb-impl-2.2.3-1.jar:/home/runner/.m2/repository/org/codehaus/jackson/jackson-jaxrs/1.9.2/jackson-jaxrs-1.9.2.jar:/home/runner/.m2/repository/org/codehaus/jackson/jackson-xc/1.9.2/jackson-xc-1.9.2.jar:/home/runner/.m2/repository/org/apache/commons/commons-configuration2/2.1.1/commons-configuration2-2.1.1.jar:/home/runner/.m2/repository/org/apache/commons/commons-text/1.4/commons-text-1.4.jar:/home/runner/.m2/repository/com/google/re2j/re2j/1.1/re2j-1.1.jar:/home/runner/.m2/repository/com/jcraft/jsch/0.1.54/jsch-0.1.54.jar:/home/runner/.m2/repository/org/apache/curator/curator-client/4.2.0/curator-client-4.2.0.jar:/home/runner/.m2/repository/org/apache/curator/curator-recipes/4.2.0/curator-recipes-4.2.0.jar:/home/runner/.m2/repository/org/apache/kerby/kerb-core/1.0.1/kerb-core-1.0.1.jar:/home/runner/.m2/repository/org/apache/kerby/kerby-pkix/1.0.1/kerby-pkix-1.0.1.jar:/home/runner/.m2/repository/org/apache/kerby/kerby-asn1/1.0.1/kerby-asn1-1.0.1.jar:/home/runner/.m2/repository/org/apache/kerby/kerby-util/1.0.1/kerby-util-1.0.1.jar:/home/runner/.m2/repository/dnsjava/dnsjava/2.1.7/dnsjava-2.1.7.jar:/home/runner/.m2/repository/org/xerial/snappy/snappy-java/1.1.8.2/snappy-java-1.1.8.2.jar:/home/runner/.m2/repository/org/slf4j/jul-to-slf4j/1.7.30/jul-to-slf4j-1.7.30.jar:/home/runner/.m2/repository/org/eclipse/jetty/jetty-util/9.4.43.v20210629/jetty-util-9.4.43.v20210629.jar:/home/runner/.m2/repository/com/fasterxml/jackson/core/jackson-databind/2.12.1/jackson-databind-2.12.1.jar:/home/runner/.m2/repository/org/apache/hadoop/hadoop-kms/3.3.1/hadoop-kms-3.3.1-tests.jar:/home/runner/.m2/repository/org/apache/ozone/hdds-server-scm/1.3.0-SNAPSHOT/hdds-server-scm-1.3.0-SNAPSHOT-tests.jar:/home/runner/.m2/repository/org/apache/ozone/hdds-container-service/1.3.0-SNAPSHOT/hdds-container-service-1.3.0-SNAPSHOT-tests.jar:/home/runner/.m2/repository/commons-codec/commons-codec/1.11/commons-codec-1.11.jar:/home/runner/.m2/repository/io/netty/netty-transport/4.1.63.Final/netty-transport-4.1.63.Final.jar:/home/runner/.m2/repository/io/netty/netty-resolver/4.1.63.Final/netty-resolver-4.1.63.Final.jar:/home/runner/.m2/repository/io/netty/netty-codec/4.1.63.Final/netty-codec-4.1.63.Final.jar:/home/runner/.m2/repository/io/netty/netty-handler/4.1.63.Final/netty-handler-4.1.63.Final.jar:/home/runner/.m2/repository/org/apache/ozone/hdds-hadoop-dependency-test/1.3.0-SNAPSHOT/hdds-hadoop-dependency-test-1.3.0-SNAPSHOT.jar:/home/runner/.m2/repository/org/apache/hadoop/hadoop-common/3.3.1/hadoop-common-3.3.1-tests.jar:/home/runner/.m2/repository/org/assertj/assertj-core/3.12.2/assertj-core-3.12.2.jar:/home/runner/.m2/repository/org/apache/hadoop/hadoop-hdfs/3.3.1/hadoop-hdfs-3.3.1-tests.jar:/home/runner/.m2/repository/org/eclipse/jetty/jetty-util-ajax/9.4.43.v20210629/jetty-util-ajax-9.4.43.v20210629.jar:/home/runner/.m2/repository/commons-daemon/commons-daemon/1.0.13/commons-daemon-1.0.13.jar:/home/runner/.m2/repository/io/netty/netty/3.10.6.Final/netty-3.10.6.Final.jar:/home/runner/.m2/repository/io/netty/netty-all/4.1.63.Final/netty-all-4.1.63.Final.jar:/home/runner/.m2/repository/org/apache/htrace/htrace-core4/4.1.0-incubating/htrace-core4-4.1.0-incubating.jar:/home/runner/.m2/repository/org/fusesource/leveldbjni/leveldbjni-all/1.8/leveldbjni-all-1.8.jar:/home/runner/.m2/repository/org/apache/hadoop/hadoop-distcp/3.3.1/hadoop-distcp-3.3.1.jar:/home/runner/.m2/repository/org/apache/hadoop/hadoop-mapreduce-client-jobclient/3.3.1/hadoop-mapreduce-client-jobclient-3.3.1.jar:/home/runner/.m2/repository/org/apache/hadoop/hadoop-mapreduce-client-common/3.3.1/hadoop-mapreduce-client-common-3.3.1.jar:/home/runner/.m2/repository/org/apache/hadoop/hadoop-yarn-common/3.3.1/hadoop-yarn-common-3.3.1.jar:/home/runner/.m2/repository/org/apache/hadoop/hadoop-yarn-api/3.3.1/hadoop-yarn-api-3.3.1.jar:/home/runner/.m2/repository/com/sun/jersey/jersey-client/1.19/jersey-client-1.19.jar:/home/runner/.m2/repository/com/sun/jersey/contribs/jersey-guice/1.19/jersey-guice-1.19.jar:/home/runner/.m2/repository/com/fasterxml/jackson/jaxrs/jackson-jaxrs-json-provider/2.12.1/jackson-jaxrs-json-provider-2.12.1.jar:/home/runner/.m2/repository/com/fasterxml/jackson/jaxrs/jackson-jaxrs-base/2.12.1/jackson-jaxrs-base-2.12.1.jar:/home/runner/.m2/repository/org/apache/hadoop/hadoop-yarn-client/3.3.1/hadoop-yarn-client-3.3.1.jar:/home/runner/.m2/repository/org/eclipse/jetty/websocket/websocket-client/9.4.40.v20210413/websocket-client-9.4.40.v20210413.jar:/home/runner/.m2/repository/org/eclipse/jetty/jetty-client/9.4.40.v20210413/jetty-client-9.4.40.v20210413.jar:/home/runner/.m2/repository/org/eclipse/jetty/websocket/websocket-common/9.4.40.v20210413/websocket-common-9.4.40.v20210413.jar:/home/runner/.m2/repository/org/eclipse/jetty/websocket/websocket-api/9.4.40.v20210413/websocket-api-9.4.40.v20210413.jar:/home/runner/.m2/repository/org/jline/jline/3.9.0/jline-3.9.0.jar:/home/runner/.m2/repository/org/apache/hadoop/hadoop-mapreduce-client-core/3.3.1/hadoop-mapreduce-client-core-3.3.1.jar:/home/runner/.m2/repository/org/apache/avro/avro/1.7.7/avro-1.7.7.jar:/home/runner/.m2/repository/org/codehaus/jackson/jackson-core-asl/1.9.13/jackson-core-asl-1.9.13.jar:/home/runner/.m2/repository/org/codehaus/jackson/jackson-mapper-asl/1.9.13/jackson-mapper-asl-1.9.13.jar:/home/runner/.m2/repository/com/thoughtworks/paranamer/paranamer/2.3/paranamer-2.3.jar:/home/runner/.m2/repository/org/apache/hadoop/hadoop-annotations/3.3.1/hadoop-annotations-3.3.1.jar:/usr/lib/jvm/temurin-8-jdk-amd64/jre/../lib/tools.jar:/home/runner/.m2/repository/org/apache/hadoop/hadoop-distcp/3.3.1/hadoop-distcp-3.3.1-tests.jar:/home/runner/.m2/repository/org/apache/ratis/ratis-common/2.2.0/ratis-common-2.2.0.jar:/home/runner/.m2/repository/org/apache/ratis/ratis-thirdparty-misc/0.7.0/ratis-thirdparty-misc-0.7.0.jar:/home/runner/.m2/repository/org/apache/ratis/ratis-proto/2.2.0/ratis-proto-2.2.0.jar:"/>
    <property name="java.vm.vendor" value="Temurin"/>
    <property name="sun.arch.data.model" value="64"/>
    <property name="test.build.dir" value="/home/runner/work/ozone/ozone/hadoop-ozone/integration-test/target/test-dir"/>
    <property name="test.cache.data" value=""/>
    <property name="java.vendor.url" value="https://adoptium.net/"/>
    <property name="user.timezone" value=""/>
    <property name="java.vm.specification.version" value="1.8"/>
    <property name="os.name" value="Linux"/>
    <property name="test.build.data" value="/home/runner/work/ozone/ozone/hadoop-ozone/integration-test/target/test-dir"/>
    <property name="sun.java.launcher" value="SUN_STANDARD"/>
    <property name="sun.boot.library.path" value="/usr/lib/jvm/temurin-8-jdk-amd64/jre/lib/amd64"/>
    <property name="sun.java.command" value="/home/runner/work/ozone/ozone/hadoop-ozone/integration-test/target/surefire/surefirebooter435595969093425032.jar /home/runner/work/ozone/ozone/hadoop-ozone/integration-test/target/surefire 2022-02-24T16-53-54_294-jvmRun1 surefire5693625930341823949tmp surefire_07051550447109367091tmp"/>
    <property name="surefire.test.class.path" value="/home/runner/work/ozone/ozone/hadoop-ozone/integration-test/target/test-classes:/home/runner/work/ozone/ozone/hadoop-ozone/integration-test/target/classes:/home/runner/.m2/repository/org/apache/ozone/ozone-common/1.3.0-SNAPSHOT/ozone-common-1.3.0-SNAPSHOT.jar:/home/runner/.m2/repository/org/apache/commons/commons-compress/1.21/commons-compress-1.21.jar:/home/runner/.m2/repository/org/apache/ozone/hdds-common/1.3.0-SNAPSHOT/hdds-common-1.3.0-SNAPSHOT.jar:/home/runner/.m2/repository/org/apache/ozone/hdds-client/1.3.0-SNAPSHOT/hdds-client-1.3.0-SNAPSHOT.jar:/home/runner/.m2/repository/org/apache/ozone/ozone-interface-client/1.3.0-SNAPSHOT/ozone-interface-client-1.3.0-SNAPSHOT.jar:/home/runner/.m2/repository/org/apache/ozone/hdds-test-utils/1.3.0-SNAPSHOT/hdds-test-utils-1.3.0-SNAPSHOT.jar:/home/runner/.m2/repository/com/google/guava/guava/30.1.1-jre/guava-30.1.1-jre.jar:/home/runner/.m2/repository/com/google/guava/failureaccess/1.0.1/failureaccess-1.0.1.jar:/home/runner/.m2/repository/com/google/guava/listenablefuture/9999.0-empty-to-avoid-conflict-with-guava/listenablefuture-9999.0-empty-to-avoid-conflict-with-guava.jar:/home/runner/.m2/repository/com/google/code/findbugs/jsr305/3.0.0/jsr305-3.0.0.jar:/home/runner/.m2/repository/org/checkerframework/checker-qual/3.8.0/checker-qual-3.8.0.jar:/home/runner/.m2/repository/com/google/errorprone/error_prone_annotations/2.2.0/error_prone_annotations-2.2.0.jar:/home/runner/.m2/repository/com/google/j2objc/j2objc-annotations/1.3/j2objc-annotations-1.3.jar:/home/runner/.m2/repository/commons-io/commons-io/2.11.0/commons-io-2.11.0.jar:/home/runner/.m2/repository/commons-logging/commons-logging/1.2/commons-logging-1.2.jar:/home/runner/.m2/repository/log4j/log4j/1.2.17/log4j-1.2.17.jar:/home/runner/.m2/repository/org/slf4j/slf4j-api/1.7.30/slf4j-api-1.7.30.jar:/home/runner/.m2/repository/org/apache/ozone/hdds-server-scm/1.3.0-SNAPSHOT/hdds-server-scm-1.3.0-SNAPSHOT.jar:/home/runner/.m2/repository/org/apache/ozone/hdds-container-service/1.3.0-SNAPSHOT/hdds-container-service-1.3.0-SNAPSHOT.jar:/home/runner/.m2/repository/org/apache/ozone/hdds-hadoop-dependency-server/1.3.0-SNAPSHOT/hdds-hadoop-dependency-server-1.3.0-SNAPSHOT.jar:/home/runner/.m2/repository/org/apache/hadoop/hadoop-hdfs/3.3.1/hadoop-hdfs-3.3.1.jar:/home/runner/.m2/repository/org/apache/ozone/hdds-server-framework/1.3.0-SNAPSHOT/hdds-server-framework-1.3.0-SNAPSHOT.jar:/home/runner/.m2/repository/org/apache/ozone/hdds-interface-server/1.3.0-SNAPSHOT/hdds-interface-server-1.3.0-SNAPSHOT.jar:/home/runner/.m2/repository/org/eclipse/jetty/jetty-servlet/9.4.43.v20210629/jetty-servlet-9.4.43.v20210629.jar:/home/runner/.m2/repository/org/eclipse/jetty/jetty-security/9.4.43.v20210629/jetty-security-9.4.43.v20210629.jar:/home/runner/.m2/repository/org/rocksdb/rocksdbjni/6.25.3/rocksdbjni-6.25.3.jar:/home/runner/.m2/repository/io/prometheus/simpleclient_dropwizard/0.7.0/simpleclient_dropwizard-0.7.0.jar:/home/runner/.m2/repository/io/prometheus/simpleclient/0.7.0/simpleclient-0.7.0.jar:/home/runner/.m2/repository/io/prometheus/simpleclient_common/0.7.0/simpleclient_common-0.7.0.jar:/home/runner/.m2/repository/com/fasterxml/jackson/datatype/jackson-datatype-jsr310/2.12.1/jackson-datatype-jsr310-2.12.1.jar:/home/runner/.m2/repository/io/dropwizard/metrics/metrics-core/3.2.4/metrics-core-3.2.4.jar:/home/runner/.m2/repository/org/apache/hadoop/hadoop-hdfs-client/3.3.1/hadoop-hdfs-client-3.3.1.jar:/home/runner/.m2/repository/org/bouncycastle/bcprov-jdk15on/1.67/bcprov-jdk15on-1.67.jar:/home/runner/.m2/repository/com/google/protobuf/protobuf-java/2.5.0/protobuf-java-2.5.0.jar:/home/runner/.m2/repository/org/apache/ozone/ozone-manager/1.3.0-SNAPSHOT/ozone-manager-1.3.0-SNAPSHOT.jar:/home/runner/.m2/repository/org/aspectj/aspectjrt/1.9.7/aspectjrt-1.9.7.jar:/home/runner/.m2/repository/org/aspectj/aspectjweaver/1.9.7/aspectjweaver-1.9.7.jar:/home/runner/.m2/repository/org/apache/ozone/hdds-interface-client/1.3.0-SNAPSHOT/hdds-interface-client-1.3.0-SNAPSHOT.jar:/home/runner/.m2/repository/org/apache/hadoop/thirdparty/hadoop-shaded-protobuf_3_7/1.1.1/hadoop-shaded-protobuf_3_7-1.1.1.jar:/home/runner/.m2/repository/org/apache/ozone/ozone-interface-storage/1.3.0-SNAPSHOT/ozone-interface-storage-1.3.0-SNAPSHOT.jar:/home/runner/.m2/repository/org/reflections/reflections/0.9.11/reflections-0.9.11.jar:/home/runner/.m2/repository/org/apache/hadoop/hadoop-minikdc/3.3.1/hadoop-minikdc-3.3.1.jar:/home/runner/.m2/repository/org/apache/kerby/kerb-simplekdc/1.0.1/kerb-simplekdc-1.0.1.jar:/home/runner/.m2/repository/org/apache/kerby/kerb-client/1.0.1/kerb-client-1.0.1.jar:/home/runner/.m2/repository/org/apache/kerby/kerby-config/1.0.1/kerby-config-1.0.1.jar:/home/runner/.m2/repository/org/apache/kerby/kerb-common/1.0.1/kerb-common-1.0.1.jar:/home/runner/.m2/repository/org/apache/kerby/kerb-crypto/1.0.1/kerb-crypto-1.0.1.jar:/home/runner/.m2/repository/org/apache/kerby/kerb-util/1.0.1/kerb-util-1.0.1.jar:/home/runner/.m2/repository/org/apache/kerby/token-provider/1.0.1/token-provider-1.0.1.jar:/home/runner/.m2/repository/org/apache/kerby/kerb-admin/1.0.1/kerb-admin-1.0.1.jar:/home/runner/.m2/repository/org/apache/kerby/kerb-server/1.0.1/kerb-server-1.0.1.jar:/home/runner/.m2/repository/org/apache/kerby/kerb-identity/1.0.1/kerb-identity-1.0.1.jar:/home/runner/.m2/repository/org/apache/kerby/kerby-xdr/1.0.1/kerby-xdr-1.0.1.jar:/home/runner/.m2/repository/org/slf4j/slf4j-log4j12/1.7.30/slf4j-log4j12-1.7.30.jar:/home/runner/.m2/repository/org/apache/ozone/ozone-s3gateway/1.3.0-SNAPSHOT/ozone-s3gateway-1.3.0-SNAPSHOT.jar:/home/runner/.m2/repository/org/javassist/javassist/3.21.0-GA/javassist-3.21.0-GA.jar:/home/runner/.m2/repository/org/jboss/weld/servlet/weld-servlet/2.4.7.Final/weld-servlet-2.4.7.Final.jar:/home/runner/.m2/repository/org/glassfish/jersey/containers/jersey-container-servlet-core/2.33/jersey-container-servlet-core-2.33.jar:/home/runner/.m2/repository/org/glassfish/hk2/external/jakarta.inject/2.6.1/jakarta.inject-2.6.1.jar:/home/runner/.m2/repository/org/glassfish/jersey/core/jersey-common/2.33/jersey-common-2.33.jar:/home/runner/.m2/repository/jakarta/ws/rs/jakarta.ws.rs-api/2.1.6/jakarta.ws.rs-api-2.1.6.jar:/home/runner/.m2/repository/org/glassfish/jersey/ext/cdi/jersey-cdi1x/2.33/jersey-cdi1x-2.33.jar:/home/runner/.m2/repository/org/glassfish/jersey/inject/jersey-hk2/2.33/jersey-hk2-2.33.jar:/home/runner/.m2/repository/org/glassfish/hk2/hk2-locator/2.6.1/hk2-locator-2.6.1.jar:/home/runner/.m2/repository/org/glassfish/jersey/media/jersey-media-jaxb/2.33/jersey-media-jaxb-2.33.jar:/home/runner/.m2/repository/org/glassfish/hk2/osgi-resource-locator/1.0.3/osgi-resource-locator-1.0.3.jar:/home/runner/.m2/repository/org/glassfish/hk2/hk2-api/2.5.0/hk2-api-2.5.0.jar:/home/runner/.m2/repository/org/glassfish/hk2/hk2-utils/2.5.0/hk2-utils-2.5.0.jar:/home/runner/.m2/repository/org/glassfish/hk2/external/aopalliance-repackaged/2.5.0/aopalliance-repackaged-2.5.0.jar:/home/runner/.m2/repository/com/fasterxml/jackson/dataformat/jackson-dataformat-xml/2.12.1/jackson-dataformat-xml-2.12.1.jar:/home/runner/.m2/repository/com/fasterxml/jackson/core/jackson-core/2.12.1/jackson-core-2.12.1.jar:/home/runner/.m2/repository/com/fasterxml/jackson/module/jackson-module-jaxb-annotations/2.12.1/jackson-module-jaxb-annotations-2.12.1.jar:/home/runner/.m2/repository/jakarta/xml/bind/jakarta.xml.bind-api/2.3.2/jakarta.xml.bind-api-2.3.2.jar:/home/runner/.m2/repository/org/codehaus/woodstox/stax2-api/3.1.4/stax2-api-3.1.4.jar:/home/runner/.m2/repository/com/fasterxml/woodstox/woodstox-core/5.0.3/woodstox-core-5.0.3.jar:/home/runner/.m2/repository/javax/enterprise/cdi-api/1.2/cdi-api-1.2.jar:/home/runner/.m2/repository/javax/el/javax.el-api/3.0.0/javax.el-api-3.0.0.jar:/home/runner/.m2/repository/javax/interceptor/javax.interceptor-api/1.2/javax.interceptor-api-1.2.jar:/home/runner/.m2/repository/javax/inject/javax.inject/1/javax.inject-1.jar:/home/runner/.m2/repository/javax/xml/bind/jaxb-api/2.3.0/jaxb-api-2.3.0.jar:/home/runner/.m2/repository/org/glassfish/jaxb/jaxb-runtime/2.3.0.1/jaxb-runtime-2.3.0.1.jar:/home/runner/.m2/repository/org/glassfish/jaxb/jaxb-core/2.3.0.1/jaxb-core-2.3.0.1.jar:/home/runner/.m2/repository/org/glassfish/jaxb/txw2/2.3.0.1/txw2-2.3.0.1.jar:/home/runner/.m2/repository/com/sun/istack/istack-commons-runtime/3.0.5/istack-commons-runtime-3.0.5.jar:/home/runner/.m2/repository/org/jvnet/staxex/stax-ex/1.7.8/stax-ex-1.7.8.jar:/home/runner/.m2/repository/com/sun/xml/fastinfoset/FastInfoset/1.2.13/FastInfoset-1.2.13.jar:/home/runner/.m2/repository/javax/activation/activation/1.1.1/activation-1.1.1.jar:/home/runner/.m2/repository/org/apache/ozone/ozone-csi/1.3.0-SNAPSHOT/ozone-csi-1.3.0-SNAPSHOT.jar:/home/runner/.m2/repository/com/google/protobuf/protobuf-java-util/3.12.0/protobuf-java-util-3.12.0.jar:/home/runner/.m2/repository/com/google/code/gson/gson/2.2.4/gson-2.2.4.jar:/home/runner/.m2/repository/org/apache/ozone/hdds-config/1.3.0-SNAPSHOT/hdds-config-1.3.0-SNAPSHOT.jar:/home/runner/.m2/repository/io/grpc/grpc-netty/1.33.0/grpc-netty-1.33.0.jar:/home/runner/.m2/repository/io/grpc/grpc-core/1.33.0/grpc-core-1.33.0.jar:/home/runner/.m2/repository/com/google/android/annotations/4.1.1.4/annotations-4.1.1.4.jar:/home/runner/.m2/repository/io/netty/netty-codec-http2/4.1.63.Final/netty-codec-http2-4.1.63.Final.jar:/home/runner/.m2/repository/io/netty/netty-codec-http/4.1.63.Final/netty-codec-http-4.1.63.Final.jar:/home/runner/.m2/repository/io/netty/netty-handler-proxy/4.1.63.Final/netty-handler-proxy-4.1.63.Final.jar:/home/runner/.m2/repository/io/netty/netty-codec-socks/4.1.63.Final/netty-codec-socks-4.1.63.Final.jar:/home/runner/.m2/repository/io/perfmark/perfmark-api/0.19.0/perfmark-api-0.19.0.jar:/home/runner/.m2/repository/org/codehaus/mojo/animal-sniffer-annotations/1.18/animal-sniffer-annotations-1.18.jar:/home/runner/.m2/repository/io/netty/netty-transport-native-epoll/4.1.63.Final/netty-transport-native-epoll-4.1.63.Final.jar:/home/runner/.m2/repository/io/netty/netty-common/4.1.63.Final/netty-common-4.1.63.Final.jar:/home/runner/.m2/repository/io/netty/netty-buffer/4.1.63.Final/netty-buffer-4.1.63.Final.jar:/home/runner/.m2/repository/io/netty/netty-transport-native-unix-common/4.1.63.Final/netty-transport-native-unix-common-4.1.63.Final.jar:/home/runner/.m2/repository/io/grpc/grpc-protobuf/1.33.0/grpc-protobuf-1.33.0.jar:/home/runner/.m2/repository/io/grpc/grpc-api/1.33.0/grpc-api-1.33.0.jar:/home/runner/.m2/repository/io/grpc/grpc-context/1.33.0/grpc-context-1.33.0.jar:/home/runner/.m2/repository/com/google/api/grpc/proto-google-common-protos/1.17.0/proto-google-common-protos-1.17.0.jar:/home/runner/.m2/repository/io/grpc/grpc-protobuf-lite/1.33.0/grpc-protobuf-lite-1.33.0.jar:/home/runner/.m2/repository/io/grpc/grpc-stub/1.33.0/grpc-stub-1.33.0.jar:/home/runner/.m2/repository/org/apache/ozone/ozone-recon/1.3.0-SNAPSHOT/ozone-recon-1.3.0-SNAPSHOT.jar:/home/runner/.m2/repository/org/apache/ozone/ozone-reconcodegen/1.3.0-SNAPSHOT/ozone-reconcodegen-1.3.0-SNAPSHOT.jar:/home/runner/.m2/repository/com/google/inject/extensions/guice-multibindings/4.0/guice-multibindings-4.0.jar:/home/runner/.m2/repository/com/google/inject/guice/4.0/guice-4.0.jar:/home/runner/.m2/repository/aopalliance/aopalliance/1.0/aopalliance-1.0.jar:/home/runner/.m2/repository/com/google/inject/extensions/guice-assistedinject/4.0/guice-assistedinject-4.0.jar:/home/runner/.m2/repository/com/google/inject/extensions/guice-servlet/4.0/guice-servlet-4.0.jar:/home/runner/.m2/repository/org/glassfish/jersey/containers/jersey-container-servlet/2.33/jersey-container-servlet-2.33.jar:/home/runner/.m2/repository/org/glassfish/hk2/guice-bridge/2.5.0/guice-bridge-2.5.0.jar:/home/runner/.m2/repository/org/glassfish/jersey/core/jersey-server/2.33/jersey-server-2.33.jar:/home/runner/.m2/repository/org/glassfish/jersey/core/jersey-client/2.33/jersey-client-2.33.jar:/home/runner/.m2/repository/jakarta/annotation/jakarta.annotation-api/1.3.5/jakarta.annotation-api-1.3.5.jar:/home/runner/.m2/repository/jakarta/validation/jakarta.validation-api/2.0.2/jakarta.validation-api-2.0.2.jar:/home/runner/.m2/repository/org/glassfish/jersey/media/jersey-media-json-jackson/2.33/jersey-media-json-jackson-2.33.jar:/home/runner/.m2/repository/org/glassfish/jersey/ext/jersey-entity-filtering/2.33/jersey-entity-filtering-2.33.jar:/home/runner/.m2/repository/org/jooq/jooq/3.11.10/jooq-3.11.10.jar:/home/runner/.m2/repository/org/jooq/jooq-meta/3.11.10/jooq-meta-3.11.10.jar:/home/runner/.m2/repository/org/jooq/jooq-codegen/3.11.10/jooq-codegen-3.11.10.jar:/home/runner/.m2/repository/com/jolbox/bonecp/0.8.0.RELEASE/bonecp-0.8.0.RELEASE.jar:/home/runner/.m2/repository/org/apache/derby/derby/10.14.2.0/derby-10.14.2.0.jar:/home/runner/.m2/repository/org/xerial/sqlite-jdbc/3.25.2/sqlite-jdbc-3.25.2.jar:/home/runner/.m2/repository/org/springframework/spring-jdbc/5.2.18.RELEASE/spring-jdbc-5.2.18.RELEASE.jar:/home/runner/.m2/repository/org/springframework/spring-beans/5.2.18.RELEASE/spring-beans-5.2.18.RELEASE.jar:/home/runner/.m2/repository/org/springframework/spring-core/5.2.18.RELEASE/spring-core-5.2.18.RELEASE.jar:/home/runner/.m2/repository/org/springframework/spring-jcl/5.2.18.RELEASE/spring-jcl-5.2.18.RELEASE.jar:/home/runner/.m2/repository/org/springframework/spring-tx/5.2.18.RELEASE/spring-tx-5.2.18.RELEASE.jar:/home/runner/.m2/repository/org/apache/ozone/ozone-client/1.3.0-SNAPSHOT/ozone-client-1.3.0-SNAPSHOT.jar:/home/runner/.m2/repository/org/apache/ozone/ozone-filesystem/1.3.0-SNAPSHOT/ozone-filesystem-1.3.0-SNAPSHOT.jar:/home/runner/.m2/repository/org/apache/ozone/ozone-filesystem-common/1.3.0-SNAPSHOT/ozone-filesystem-common-1.3.0-SNAPSHOT.jar:/home/runner/.m2/repository/org/apache/ozone/ozone-tools/1.3.0-SNAPSHOT/ozone-tools-1.3.0-SNAPSHOT.jar:/home/runner/.m2/repository/org/apache/ratis/ratis-tools/2.2.0/ratis-tools-2.2.0.jar:/home/runner/.m2/repository/com/amazonaws/aws-java-sdk-core/1.12.124/aws-java-sdk-core-1.12.124.jar:/home/runner/.m2/repository/org/apache/httpcomponents/httpclient/4.5.13/httpclient-4.5.13.jar:/home/runner/.m2/repository/org/apache/httpcomponents/httpcore/4.4.13/httpcore-4.4.13.jar:/home/runner/.m2/repository/software/amazon/ion/ion-java/1.0.2/ion-java-1.0.2.jar:/home/runner/.m2/repository/com/fasterxml/jackson/dataformat/jackson-dataformat-cbor/2.12.1/jackson-dataformat-cbor-2.12.1.jar:/home/runner/.m2/repository/joda-time/joda-time/2.8.1/joda-time-2.8.1.jar:/home/runner/.m2/repository/com/amazonaws/aws-java-sdk-s3/1.12.124/aws-java-sdk-s3-1.12.124.jar:/home/runner/.m2/repository/com/amazonaws/aws-java-sdk-kms/1.12.124/aws-java-sdk-kms-1.12.124.jar:/home/runner/.m2/repository/com/amazonaws/jmespath-java/1.12.124/jmespath-java-1.12.124.jar:/home/runner/.m2/repository/org/kohsuke/metainf-services/metainf-services/1.8/metainf-services-1.8.jar:/home/runner/.m2/repository/org/apache/ozone/hdds-tools/1.3.0-SNAPSHOT/hdds-tools-1.3.0-SNAPSHOT.jar:/home/runner/.m2/repository/commons-cli/commons-cli/1.2/commons-cli-1.2.jar:/home/runner/.m2/repository/org/apache/commons/commons-lang3/3.7/commons-lang3-3.7.jar:/home/runner/.m2/repository/org/apache/ozone/ozone-manager/1.3.0-SNAPSHOT/ozone-manager-1.3.0-SNAPSHOT-tests.jar:/home/runner/.m2/repository/org/apache/ozone/hdds-common/1.3.0-SNAPSHOT/hdds-common-1.3.0-SNAPSHOT-tests.jar:/home/runner/.m2/repository/org/apache/ozone/hdds-hadoop-dependency-client/1.3.0-SNAPSHOT/hdds-hadoop-dependency-client-1.3.0-SNAPSHOT.jar:/home/runner/.m2/repository/info/picocli/picocli/4.6.1/picocli-4.6.1.jar:/home/runner/.m2/repository/com/fasterxml/jackson/core/jackson-annotations/2.12.1/jackson-annotations-2.12.1.jar:/home/runner/.m2/repository/javax/annotation/javax.annotation-api/1.2/javax.annotation-api-1.2.jar:/home/runner/.m2/repository/org/apache/ratis/ratis-server/2.2.0/ratis-server-2.2.0.jar:/home/runner/.m2/repository/org/apache/ratis/ratis-client/2.2.0/ratis-client-2.2.0.jar:/home/runner/.m2/repository/org/apache/ratis/ratis-server-api/2.2.0/ratis-server-api-2.2.0.jar:/home/runner/.m2/repository/org/apache/ratis/ratis-metrics/2.2.0/ratis-metrics-2.2.0.jar:/home/runner/.m2/repository/org/apache/ratis/ratis-netty/2.2.0/ratis-netty-2.2.0.jar:/home/runner/.m2/repository/org/apache/ratis/ratis-grpc/2.2.0/ratis-grpc-2.2.0.jar:/home/runner/.m2/repository/org/apache/logging/log4j/log4j-api/2.17.1/log4j-api-2.17.1.jar:/home/runner/.m2/repository/org/apache/logging/log4j/log4j-core/2.17.1/log4j-core-2.17.1.jar:/home/runner/.m2/repository/com/lmax/disruptor/3.4.2/disruptor-3.4.2.jar:/home/runner/.m2/repository/org/apache/commons/commons-pool2/2.6.0/commons-pool2-2.6.0.jar:/home/runner/.m2/repository/org/bouncycastle/bcpkix-jdk15on/1.67/bcpkix-jdk15on-1.67.jar:/home/runner/.m2/repository/commons-validator/commons-validator/1.6/commons-validator-1.6.jar:/home/runner/.m2/repository/commons-beanutils/commons-beanutils/1.9.4/commons-beanutils-1.9.4.jar:/home/runner/.m2/repository/commons-digester/commons-digester/1.8.1/commons-digester-1.8.1.jar:/home/runner/.m2/repository/commons-collections/commons-collections/3.2.2/commons-collections-3.2.2.jar:/home/runner/.m2/repository/io/jaegertracing/jaeger-client/1.6.0/jaeger-client-1.6.0.jar:/home/runner/.m2/repository/io/jaegertracing/jaeger-thrift/1.6.0/jaeger-thrift-1.6.0.jar:/home/runner/.m2/repository/org/apache/thrift/libthrift/0.14.1/libthrift-0.14.1.jar:/home/runner/.m2/repository/com/squareup/okhttp3/okhttp/4.9.0/okhttp-4.9.0.jar:/home/runner/.m2/repository/com/squareup/okio/okio/2.8.0/okio-2.8.0.jar:/home/runner/.m2/repository/io/jaegertracing/jaeger-core/1.6.0/jaeger-core-1.6.0.jar:/home/runner/.m2/repository/io/jaegertracing/jaeger-tracerresolver/1.6.0/jaeger-tracerresolver-1.6.0.jar:/home/runner/.m2/repository/io/opentracing/contrib/opentracing-tracerresolver/0.1.8/opentracing-tracerresolver-0.1.8.jar:/home/runner/.m2/repository/org/jetbrains/kotlin/kotlin-stdlib/1.4.31/kotlin-stdlib-1.4.31.jar:/home/runner/.m2/repository/org/jetbrains/kotlin/kotlin-stdlib-common/1.4.31/kotlin-stdlib-common-1.4.31.jar:/home/runner/.m2/repository/org/jetbrains/annotations/13.0/annotations-13.0.jar:/home/runner/.m2/repository/io/opentracing/opentracing-util/0.33.0/opentracing-util-0.33.0.jar:/home/runner/.m2/repository/io/opentracing/opentracing-api/0.33.0/opentracing-api-0.33.0.jar:/home/runner/.m2/repository/io/opentracing/opentracing-noop/0.33.0/opentracing-noop-0.33.0.jar:/home/runner/.m2/repository/org/yaml/snakeyaml/1.26/snakeyaml-1.26.jar:/home/runner/.m2/repository/org/apache/ozone/hdds-interface-admin/1.3.0-SNAPSHOT/hdds-interface-admin-1.3.0-SNAPSHOT.jar:/home/runner/.m2/repository/junit/junit/4.13.1/junit-4.13.1.jar:/home/runner/.m2/repository/org/hamcrest/hamcrest-core/1.3/hamcrest-core-1.3.jar:/home/runner/.m2/repository/org/junit/jupiter/junit-jupiter-api/5.7.0/junit-jupiter-api-5.7.0.jar:/home/runner/.m2/repository/org/apiguardian/apiguardian-api/1.1.0/apiguardian-api-1.1.0.jar:/home/runner/.m2/repository/org/opentest4j/opentest4j/1.2.0/opentest4j-1.2.0.jar:/home/runner/.m2/repository/org/junit/platform/junit-platform-commons/1.7.0/junit-platform-commons-1.7.0.jar:/home/runner/.m2/repository/org/junit/jupiter/junit-jupiter-engine/5.7.0/junit-jupiter-engine-5.7.0.jar:/home/runner/.m2/repository/org/junit/platform/junit-platform-engine/1.7.0/junit-platform-engine-1.7.0.jar:/home/runner/.m2/repository/org/junit/vintage/junit-vintage-engine/5.7.0/junit-vintage-engine-5.7.0.jar:/home/runner/.m2/repository/org/junit/platform/junit-platform-launcher/1.7.0/junit-platform-launcher-1.7.0.jar:/home/runner/.m2/repository/org/mockito/mockito-core/2.28.2/mockito-core-2.28.2.jar:/home/runner/.m2/repository/net/bytebuddy/byte-buddy/1.9.10/byte-buddy-1.9.10.jar:/home/runner/.m2/repository/net/bytebuddy/byte-buddy-agent/1.9.10/byte-buddy-agent-1.9.10.jar:/home/runner/.m2/repository/org/objenesis/objenesis/1.0/objenesis-1.0.jar:/home/runner/.m2/repository/org/apache/hadoop/hadoop-kms/3.3.1/hadoop-kms-3.3.1.jar:/home/runner/.m2/repository/org/apache/hadoop/hadoop-auth/3.3.1/hadoop-auth-3.3.1.jar:/home/runner/.m2/repository/com/nimbusds/nimbus-jose-jwt/7.9/nimbus-jose-jwt-7.9.jar:/home/runner/.m2/repository/com/github/stephenc/jcip/jcip-annotations/1.0-1/jcip-annotations-1.0-1.jar:/home/runner/.m2/repository/net/minidev/json-smart/2.4.7/json-smart-2.4.7.jar:/home/runner/.m2/repository/net/minidev/accessors-smart/2.4.7/accessors-smart-2.4.7.jar:/home/runner/.m2/repository/org/ow2/asm/asm/5.0.4/asm-5.0.4.jar:/home/runner/.m2/repository/org/apache/zookeeper/zookeeper/3.5.6/zookeeper-3.5.6.jar:/home/runner/.m2/repository/org/apache/zookeeper/zookeeper-jute/3.5.6/zookeeper-jute-3.5.6.jar:/home/runner/.m2/repository/org/apache/yetus/audience-annotations/0.5.0/audience-annotations-0.5.0.jar:/home/runner/.m2/repository/org/apache/curator/curator-framework/4.2.0/curator-framework-4.2.0.jar:/home/runner/.m2/repository/org/apache/hadoop/thirdparty/hadoop-shaded-guava/1.1.1/hadoop-shaded-guava-1.1.1.jar:/home/runner/.m2/repository/com/sun/jersey/jersey-core/1.19/jersey-core-1.19.jar:/home/runner/.m2/repository/javax/ws/rs/jsr311-api/1.1.1/jsr311-api-1.1.1.jar:/home/runner/.m2/repository/com/sun/jersey/jersey-server/1.19/jersey-server-1.19.jar:/home/runner/.m2/repository/javax/servlet/javax.servlet-api/3.1.0/javax.servlet-api-3.1.0.jar:/home/runner/.m2/repository/org/eclipse/jetty/jetty-server/9.4.43.v20210629/jetty-server-9.4.43.v20210629.jar:/home/runner/.m2/repository/org/eclipse/jetty/jetty-http/9.4.43.v20210629/jetty-http-9.4.43.v20210629.jar:/home/runner/.m2/repository/org/eclipse/jetty/jetty-io/9.4.43.v20210629/jetty-io-9.4.43.v20210629.jar:/home/runner/.m2/repository/org/eclipse/jetty/jetty-webapp/9.4.43.v20210629/jetty-webapp-9.4.43.v20210629.jar:/home/runner/.m2/repository/org/eclipse/jetty/jetty-xml/9.4.43.v20210629/jetty-xml-9.4.43.v20210629.jar:/home/runner/.m2/repository/org/apache/hadoop/hadoop-common/3.3.1/hadoop-common-3.3.1.jar:/home/runner/.m2/repository/org/apache/commons/commons-math3/3.1.1/commons-math3-3.1.1.jar:/home/runner/.m2/repository/commons-net/commons-net/3.6/commons-net-3.6.jar:/home/runner/.m2/repository/jakarta/activation/jakarta.activation-api/1.2.1/jakarta.activation-api-1.2.1.jar:/home/runner/.m2/repository/com/sun/jersey/jersey-servlet/1.19/jersey-servlet-1.19.jar:/home/runner/.m2/repository/com/sun/jersey/jersey-json/1.19/jersey-json-1.19.jar:/home/runner/.m2/repository/org/codehaus/jettison/jettison/1.1/jettison-1.1.jar:/home/runner/.m2/repository/com/sun/xml/bind/jaxb-impl/2.2.3-1/jaxb-impl-2.2.3-1.jar:/home/runner/.m2/repository/org/codehaus/jackson/jackson-jaxrs/1.9.2/jackson-jaxrs-1.9.2.jar:/home/runner/.m2/repository/org/codehaus/jackson/jackson-xc/1.9.2/jackson-xc-1.9.2.jar:/home/runner/.m2/repository/org/apache/commons/commons-configuration2/2.1.1/commons-configuration2-2.1.1.jar:/home/runner/.m2/repository/org/apache/commons/commons-text/1.4/commons-text-1.4.jar:/home/runner/.m2/repository/com/google/re2j/re2j/1.1/re2j-1.1.jar:/home/runner/.m2/repository/com/jcraft/jsch/0.1.54/jsch-0.1.54.jar:/home/runner/.m2/repository/org/apache/curator/curator-client/4.2.0/curator-client-4.2.0.jar:/home/runner/.m2/repository/org/apache/curator/curator-recipes/4.2.0/curator-recipes-4.2.0.jar:/home/runner/.m2/repository/org/apache/kerby/kerb-core/1.0.1/kerb-core-1.0.1.jar:/home/runner/.m2/repository/org/apache/kerby/kerby-pkix/1.0.1/kerby-pkix-1.0.1.jar:/home/runner/.m2/repository/org/apache/kerby/kerby-asn1/1.0.1/kerby-asn1-1.0.1.jar:/home/runner/.m2/repository/org/apache/kerby/kerby-util/1.0.1/kerby-util-1.0.1.jar:/home/runner/.m2/repository/dnsjava/dnsjava/2.1.7/dnsjava-2.1.7.jar:/home/runner/.m2/repository/org/xerial/snappy/snappy-java/1.1.8.2/snappy-java-1.1.8.2.jar:/home/runner/.m2/repository/org/slf4j/jul-to-slf4j/1.7.30/jul-to-slf4j-1.7.30.jar:/home/runner/.m2/repository/org/eclipse/jetty/jetty-util/9.4.43.v20210629/jetty-util-9.4.43.v20210629.jar:/home/runner/.m2/repository/com/fasterxml/jackson/core/jackson-databind/2.12.1/jackson-databind-2.12.1.jar:/home/runner/.m2/repository/org/apache/hadoop/hadoop-kms/3.3.1/hadoop-kms-3.3.1-tests.jar:/home/runner/.m2/repository/org/apache/ozone/hdds-server-scm/1.3.0-SNAPSHOT/hdds-server-scm-1.3.0-SNAPSHOT-tests.jar:/home/runner/.m2/repository/org/apache/ozone/hdds-container-service/1.3.0-SNAPSHOT/hdds-container-service-1.3.0-SNAPSHOT-tests.jar:/home/runner/.m2/repository/commons-codec/commons-codec/1.11/commons-codec-1.11.jar:/home/runner/.m2/repository/io/netty/netty-transport/4.1.63.Final/netty-transport-4.1.63.Final.jar:/home/runner/.m2/repository/io/netty/netty-resolver/4.1.63.Final/netty-resolver-4.1.63.Final.jar:/home/runner/.m2/repository/io/netty/netty-codec/4.1.63.Final/netty-codec-4.1.63.Final.jar:/home/runner/.m2/repository/io/netty/netty-handler/4.1.63.Final/netty-handler-4.1.63.Final.jar:/home/runner/.m2/repository/org/apache/ozone/hdds-hadoop-dependency-test/1.3.0-SNAPSHOT/hdds-hadoop-dependency-test-1.3.0-SNAPSHOT.jar:/home/runner/.m2/repository/org/apache/hadoop/hadoop-common/3.3.1/hadoop-common-3.3.1-tests.jar:/home/runner/.m2/repository/org/assertj/assertj-core/3.12.2/assertj-core-3.12.2.jar:/home/runner/.m2/repository/org/apache/hadoop/hadoop-hdfs/3.3.1/hadoop-hdfs-3.3.1-tests.jar:/home/runner/.m2/repository/org/eclipse/jetty/jetty-util-ajax/9.4.43.v20210629/jetty-util-ajax-9.4.43.v20210629.jar:/home/runner/.m2/repository/commons-daemon/commons-daemon/1.0.13/commons-daemon-1.0.13.jar:/home/runner/.m2/repository/io/netty/netty/3.10.6.Final/netty-3.10.6.Final.jar:/home/runner/.m2/repository/io/netty/netty-all/4.1.63.Final/netty-all-4.1.63.Final.jar:/home/runner/.m2/repository/org/apache/htrace/htrace-core4/4.1.0-incubating/htrace-core4-4.1.0-incubating.jar:/home/runner/.m2/repository/org/fusesource/leveldbjni/leveldbjni-all/1.8/leveldbjni-all-1.8.jar:/home/runner/.m2/repository/org/apache/hadoop/hadoop-distcp/3.3.1/hadoop-distcp-3.3.1.jar:/home/runner/.m2/repository/org/apache/hadoop/hadoop-mapreduce-client-jobclient/3.3.1/hadoop-mapreduce-client-jobclient-3.3.1.jar:/home/runner/.m2/repository/org/apache/hadoop/hadoop-mapreduce-client-common/3.3.1/hadoop-mapreduce-client-common-3.3.1.jar:/home/runner/.m2/repository/org/apache/hadoop/hadoop-yarn-common/3.3.1/hadoop-yarn-common-3.3.1.jar:/home/runner/.m2/repository/org/apache/hadoop/hadoop-yarn-api/3.3.1/hadoop-yarn-api-3.3.1.jar:/home/runner/.m2/repository/com/sun/jersey/jersey-client/1.19/jersey-client-1.19.jar:/home/runner/.m2/repository/com/sun/jersey/contribs/jersey-guice/1.19/jersey-guice-1.19.jar:/home/runner/.m2/repository/com/fasterxml/jackson/jaxrs/jackson-jaxrs-json-provider/2.12.1/jackson-jaxrs-json-provider-2.12.1.jar:/home/runner/.m2/repository/com/fasterxml/jackson/jaxrs/jackson-jaxrs-base/2.12.1/jackson-jaxrs-base-2.12.1.jar:/home/runner/.m2/repository/org/apache/hadoop/hadoop-yarn-client/3.3.1/hadoop-yarn-client-3.3.1.jar:/home/runner/.m2/repository/org/eclipse/jetty/websocket/websocket-client/9.4.40.v20210413/websocket-client-9.4.40.v20210413.jar:/home/runner/.m2/repository/org/eclipse/jetty/jetty-client/9.4.40.v20210413/jetty-client-9.4.40.v20210413.jar:/home/runner/.m2/repository/org/eclipse/jetty/websocket/websocket-common/9.4.40.v20210413/websocket-common-9.4.40.v20210413.jar:/home/runner/.m2/repository/org/eclipse/jetty/websocket/websocket-api/9.4.40.v20210413/websocket-api-9.4.40.v20210413.jar:/home/runner/.m2/repository/org/jline/jline/3.9.0/jline-3.9.0.jar:/home/runner/.m2/repository/org/apache/hadoop/hadoop-mapreduce-client-core/3.3.1/hadoop-mapreduce-client-core-3.3.1.jar:/home/runner/.m2/repository/org/apache/avro/avro/1.7.7/avro-1.7.7.jar:/home/runner/.m2/repository/org/codehaus/jackson/jackson-core-asl/1.9.13/jackson-core-asl-1.9.13.jar:/home/runner/.m2/repository/org/codehaus/jackson/jackson-mapper-asl/1.9.13/jackson-mapper-asl-1.9.13.jar:/home/runner/.m2/repository/com/thoughtworks/paranamer/paranamer/2.3/paranamer-2.3.jar:/home/runner/.m2/repository/org/apache/hadoop/hadoop-annotations/3.3.1/hadoop-annotations-3.3.1.jar:/usr/lib/jvm/temurin-8-jdk-amd64/jre/../lib/tools.jar:/home/runner/.m2/repository/org/apache/hadoop/hadoop-distcp/3.3.1/hadoop-distcp-3.3.1-tests.jar:/home/runner/.m2/repository/org/apache/ratis/ratis-common/2.2.0/ratis-common-2.2.0.jar:/home/runner/.m2/repository/org/apache/ratis/ratis-thirdparty-misc/0.7.0/ratis-thirdparty-misc-0.7.0.jar:/home/runner/.m2/repository/org/apache/ratis/ratis-proto/2.2.0/ratis-proto-2.2.0.jar:"/>
    <property name="sun.cpu.endian" value="little"/>
    <property name="user.home" value="/home/runner"/>
    <property name="user.language" value="en"/>
    <property name="java.specification.vendor" value="Oracle Corporation"/>
    <property name="java.home" value="/usr/lib/jvm/temurin-8-jdk-amd64/jre"/>
    <property name="java.security.krb5.conf" value="/home/runner/work/ozone/ozone/hadoop-ozone/integration-test/target/test-classes/krb5.conf"/>
    <property name="basedir" value="/home/runner/work/ozone/ozone/hadoop-ozone/integration-test"/>
    <property name="file.separator" value="/"/>
    <property name="line.separator" value="&#10;"/>
    <property name="java.vm.specification.vendor" value="Oracle Corporation"/>
    <property name="java.specification.name" value="Java Platform API Specification"/>
    <property name="java.awt.graphicsenv" value="sun.awt.X11GraphicsEnvironment"/>
    <property name="skip.installnpx" value="true"/>
    <property name="surefire.real.class.path" value="/home/runner/work/ozone/ozone/hadoop-ozone/integration-test/target/surefire/surefirebooter435595969093425032.jar:/home/runner/.m2/repository/org/jacoco/org.jacoco.agent/0.8.5/org.jacoco.agent-0.8.5-runtime.jar"/>
    <property name="hadoop.log.dir" value="/home/runner/work/ozone/ozone/hadoop-ozone/integration-test/target/log"/>
    <property name="sun.boot.class.path" value="/usr/lib/jvm/temurin-8-jdk-amd64/jre/lib/resources.jar:/usr/lib/jvm/temurin-8-jdk-amd64/jre/lib/rt.jar:/usr/lib/jvm/temurin-8-jdk-amd64/jre/lib/sunrsasign.jar:/usr/lib/jvm/temurin-8-jdk-amd64/jre/lib/jsse.jar:/usr/lib/jvm/temurin-8-jdk-amd64/jre/lib/jce.jar:/usr/lib/jvm/temurin-8-jdk-amd64/jre/lib/charsets.jar:/usr/lib/jvm/temurin-8-jdk-amd64/jre/lib/jfr.jar:/usr/lib/jvm/temurin-8-jdk-amd64/jre/classes"/>
    <property name="sun.management.compiler" value="HotSpot 64-Bit Tiered Compilers"/>
    <property name="skip.npx" value="true"/>
    <property name="java.runtime.version" value="1.8.0_322-b06"/>
    <property name="java.net.preferIPv4Stack" value="true"/>
    <property name="user.name" value="runner"/>
    <property name="path.separator" value=":"/>
    <property name="java.security.egd" value="file:///dev/urandom"/>
    <property name="os.version" value="5.4.0-1069-azure"/>
    <property name="java.endorsed.dirs" value="/usr/lib/jvm/temurin-8-jdk-amd64/jre/lib/endorsed"/>
    <property name="java.runtime.name" value="OpenJDK Runtime Environment"/>
    <property name="file.encoding" value="UTF-8"/>
    <property name="java.vm.name" value="OpenJDK 64-Bit Server VM"/>
    <property name="test.build.webapps" value=""/>
    <property name="localRepository" value="/home/runner/.m2/repository"/>
    <property name="java.vendor.url.bug" value="https://github.com/adoptium/adoptium-support/issues"/>
    <property name="java.io.tmpdir" value="/tmp"/>
    <property name="require.test.libhadoop" value=""/>
    <property name="java.version" value="1.8.0_322"/>
    <property name="user.dir" value="/home/runner/work/ozone/ozone/hadoop-ozone/integration-test"/>
    <property name="os.arch" value="amd64"/>
    <property name="java.vm.specification.name" value="Java Virtual Machine Specification"/>
    <property name="test.build.classes" value="/home/runner/work/ozone/ozone/hadoop-ozone/integration-test/target/test-classes"/>
    <property name="java.awt.printerjob" value="sun.print.PSPrinterJob"/>
    <property name="sun.os.patch.level" value="unknown"/>
    <property name="hadoop.tmp.dir" value="/home/runner/work/ozone/ozone/hadoop-ozone/integration-test/target/tmp"/>
    <property name="java.library.path" value="/usr/java/packages/lib/amd64:/usr/lib64:/lib64:/lib:/usr/lib"/>
    <property name="java.vm.info" value="mixed mode"/>
    <property name="java.vendor" value="Temurin"/>
    <property name="java.vm.version" value="25.322-b06"/>
    <property name="java.ext.dirs" value="/usr/lib/jvm/temurin-8-jdk-amd64/jre/lib/ext:/usr/java/packages/lib/ext"/>
    <property name="sun.io.unicode.encoding" value="UnicodeLittle"/>
    <property name="java.class.version" value="52.0"/>
  </properties>
  <testcase name="test2DatanodesFailure" classname="org.apache.hadoop.ozone.client.rpc.TestBlockOutputStreamWithFailuresFlushDelay" time="89.275"/>
  <testcase name="testDatanodeFailureWithPreAllocation" classname="org.apache.hadoop.ozone.client.rpc.TestBlockOutputStreamWithFailuresFlushDelay" time="300.085">
    <error message="test timed out after 300 seconds" type="org.junit.runners.model.TestTimedOutException">org.junit.runners.model.TestTimedOutException: test timed out after 300 seconds
	at java.lang.Object.wait(Native Method)
	at java.util.concurrent.ForkJoinTask.externalAwaitDone(ForkJoinTask.java:334)
	at java.util.concurrent.ForkJoinTask.doInvoke(ForkJoinTask.java:405)
	at java.util.concurrent.ForkJoinTask.invoke(ForkJoinTask.java:734)
	at java.util.stream.ForEachOps$ForEachOp.evaluateParallel(ForEachOps.java:159)
	at java.util.stream.ForEachOps$ForEachOp$OfRef.evaluateParallel(ForEachOps.java:173)
	at java.util.stream.AbstractPipeline.evaluate(AbstractPipeline.java:233)
	at java.util.stream.ReferencePipeline.forEach(ReferencePipeline.java:485)
	at java.util.stream.ReferencePipeline$Head.forEach(ReferencePipeline.java:650)
	at org.apache.hadoop.ozone.MiniOzoneClusterImpl.stopDatanodes(MiniOzoneClusterImpl.java:525)
	at org.apache.hadoop.ozone.MiniOzoneClusterImpl.stop(MiniOzoneClusterImpl.java:466)
	at org.apache.hadoop.ozone.MiniOzoneClusterImpl.shutdown(MiniOzoneClusterImpl.java:453)
	at org.apache.hadoop.ozone.client.rpc.TestBlockOutputStreamWithFailuresFlushDelay.shutdown(TestBlockOutputStreamWithFailuresFlushDelay.java:160)
	at sun.reflect.NativeMethodAccessorImpl.invoke0(Native Method)
	at sun.reflect.NativeMethodAccessorImpl.invoke(NativeMethodAccessorImpl.java:62)
	at sun.reflect.DelegatingMethodAccessorImpl.invoke(DelegatingMethodAccessorImpl.java:43)
	at java.lang.reflect.Method.invoke(Method.java:498)
	at org.junit.runners.model.FrameworkMethod$1.runReflectiveCall(FrameworkMethod.java:59)
	at org.junit.internal.runners.model.ReflectiveCallable.run(ReflectiveCallable.java:12)
	at org.junit.runners.model.FrameworkMethod.invokeExplosively(FrameworkMethod.java:56)
	at org.junit.internal.runners.statements.RunAfters.invokeMethod(RunAfters.java:46)
	at org.junit.internal.runners.statements.RunAfters.evaluate(RunAfters.java:33)
	at org.junit.internal.runners.statements.FailOnTimeout$CallableStatement.call(FailOnTimeout.java:288)
	at org.junit.internal.runners.statements.FailOnTimeout$CallableStatement.call(FailOnTimeout.java:282)
	at java.util.concurrent.FutureTask.run(FutureTask.java:266)
	at java.lang.Thread.run(Thread.java:750)
</error>
    <system-out><![CDATA[2022-02-24 16:55:25,791 [Time-limited test] WARN  server.ServerUtils (ServerUtils.java:getScmDbDir(148)) - ozone.scm.db.dirs is not configured. We recommend adding this setting. Falling back to ozone.metadata.dirs instead.
2022-02-24 16:55:25,797 [Time-limited test] INFO  ha.SCMHANodeDetails (SCMHANodeDetails.java:loadSCMHAConfig(157)) - ServiceID for StorageContainerManager is null
2022-02-24 16:55:25,797 [Time-limited test] INFO  ha.SCMHANodeDetails (SCMHANodeDetails.java:loadSCMHAConfig(162)) - ozone.scm.default.service.id is not defined, falling back to ozone.scm.service.ids to find serviceID for StorageContainerManager if it is HA enabled cluster
2022-02-24 16:55:25,798 [Time-limited test] INFO  server.RaftServer (ConfUtils.java:logGet(44)) - raft.rpc.type = GRPC (default)
2022-02-24 16:55:25,798 [Time-limited test] INFO  grpc.GrpcFactory (GrpcFactory.java:checkPooledByteBufAllocatorUseCacheForAllThreads(48)) - PERFORMANCE WARNING: useCacheForAllThreads is true that may cause Netty to create a lot garbage objects and, as a result, trigger GC.
	It is recommended to disable useCacheForAllThreads by setting -Dorg.apache.ratis.thirdparty.io.netty.allocator.useCacheForAllThreads=false in command line.
2022-02-24 16:55:25,798 [Time-limited test] INFO  grpc.GrpcConfigKeys (ConfUtils.java:logGet(44)) - raft.grpc.admin.port = -1 (default)
2022-02-24 16:55:25,798 [Time-limited test] INFO  grpc.GrpcConfigKeys (ConfUtils.java:logGet(44)) - raft.grpc.server.port = 9894 (custom)
2022-02-24 16:55:25,798 [Time-limited test] INFO  grpc.GrpcConfigKeys (ConfUtils.java:logGet(44)) - raft.grpc.client.port = -1 (default)
2022-02-24 16:55:25,798 [Time-limited test] INFO  grpc.GrpcConfigKeys (ConfUtils.java:logGet(44)) - raft.grpc.server.port = 9894 (custom)
2022-02-24 16:55:25,798 [Time-limited test] INFO  grpc.GrpcConfigKeys (ConfUtils.java:logGet(44)) - raft.grpc.server.port = 9894 (custom)
2022-02-24 16:55:25,798 [Time-limited test] INFO  server.GrpcService (ConfUtils.java:logGet(44)) - raft.grpc.message.size.max = 32m (=33554432) (custom)
2022-02-24 16:55:25,798 [Time-limited test] INFO  server.RaftServerConfigKeys (ConfUtils.java:logGet(44)) - raft.server.log.appender.buffer.byte-limit = 33554432 (custom)
2022-02-24 16:55:25,798 [Time-limited test] INFO  server.GrpcService (ConfUtils.java:logGet(44)) - raft.grpc.flow.control.window = 1MB (=1048576) (default)
2022-02-24 16:55:25,798 [Time-limited test] INFO  server.RaftServerConfigKeys (ConfUtils.java:logGet(44)) - raft.server.rpc.request.timeout = 30000ms (custom)
2022-02-24 16:55:25,800 [Time-limited test] INFO  impl.DataStreamServerImpl (ConfUtils.java:logGet(44)) - raft.datastream.type = DISABLED (default)
2022-02-24 16:55:25,800 [Time-limited test] INFO  server.RaftServerConfigKeys (ConfUtils.java:logGet(44)) - raft.server.rpc.slowness.timeout = 120000ms (custom)
2022-02-24 16:55:25,800 [Time-limited test] INFO  server.RaftServerConfigKeys (ConfUtils.java:logGet(44)) - raft.server.leaderelection.leader.step-down.wait-time = 10s (default)
2022-02-24 16:55:25,800 [Time-limited test] INFO  server.RaftServerConfigKeys (ConfUtils.java:logGet(44)) - raft.server.storage.dir = [/home/runner/work/ozone/ozone/hadoop-ozone/integration-test/target/test-dir/MiniOzoneClusterImpl-a9e0dedd-d836-4895-9472-52c2256152d3/ozone-meta/scm-ha] (custom)
2022-02-24 16:55:25,835 [Time-limited test] INFO  server.RaftServer (RaftServerProxy.java:addNew(95)) - 77c6fe3f-1b7a-40d0-9616-c5318e50343e: addNew group-52C2256152D3:[77c6fe3f-1b7a-40d0-9616-c5318e50343e|rpc:fv-az59-243:9894|priority:0] returns group-52C2256152D3:java.util.concurrent.CompletableFuture@307d6a56[Not completed]
2022-02-24 16:55:25,835 [pool-258-thread-1] INFO  server.RaftServer$Division (RaftServerImpl.java:<init>(184)) - 77c6fe3f-1b7a-40d0-9616-c5318e50343e: new RaftServerImpl for group-52C2256152D3:[77c6fe3f-1b7a-40d0-9616-c5318e50343e|rpc:fv-az59-243:9894|priority:0] with SCMStateMachine:uninitialized
2022-02-24 16:55:25,859 [pool-258-thread-1] INFO  server.RaftServerConfigKeys (ConfUtils.java:logGet(44)) - raft.server.rpc.timeout.min = 5000ms (custom)
2022-02-24 16:55:25,859 [pool-258-thread-1] INFO  server.RaftServerConfigKeys (ConfUtils.java:logGet(44)) - raft.server.rpc.timeout.max = 5200ms (custom)
2022-02-24 16:55:25,859 [pool-258-thread-1] INFO  server.RaftServerConfigKeys (ConfUtils.java:logGet(44)) - raft.server.rpc.sleep.time = 25ms (default)
2022-02-24 16:55:25,859 [pool-258-thread-1] INFO  server.RaftServerConfigKeys (ConfUtils.java:logGet(44)) - raft.server.rpc.slowness.timeout = 120000ms (custom)
2022-02-24 16:55:25,859 [pool-258-thread-1] INFO  server.RaftServerConfigKeys (ConfUtils.java:logGet(44)) - raft.server.leaderelection.leader.step-down.wait-time = 10s (default)
2022-02-24 16:55:25,859 [pool-258-thread-1] INFO  server.RaftServerConfigKeys (ConfUtils.java:logGet(44)) - raft.server.sleep.deviation.threshold = 300ms (default)
2022-02-24 16:55:25,859 [pool-258-thread-1] INFO  server.RaftServerConfigKeys (ConfUtils.java:logGet(44)) - raft.server.log.appender.install.snapshot.enabled = false (custom)
2022-02-24 16:55:25,859 [pool-258-thread-1] INFO  server.RaftServer$Division (ServerState.java:<init>(105)) - 77c6fe3f-1b7a-40d0-9616-c5318e50343e@group-52C2256152D3: ConfigurationManager, init=-1: [77c6fe3f-1b7a-40d0-9616-c5318e50343e|rpc:fv-az59-243:9894|priority:0], old=null, confs=<EMPTY_MAP>
2022-02-24 16:55:25,859 [pool-258-thread-1] INFO  server.RaftServerConfigKeys (ConfUtils.java:logGet(44)) - raft.server.storage.dir = [/home/runner/work/ozone/ozone/hadoop-ozone/integration-test/target/test-dir/MiniOzoneClusterImpl-a9e0dedd-d836-4895-9472-52c2256152d3/ozone-meta/scm-ha] (custom)
2022-02-24 16:55:25,859 [pool-258-thread-1] INFO  server.RaftServerConfigKeys (ConfUtils.java:logGet(44)) - raft.server.log.corruption.policy = EXCEPTION (default)
2022-02-24 16:55:25,859 [pool-258-thread-1] INFO  server.RaftServerConfigKeys (ConfUtils.java:logGet(44)) - raft.server.storage.free-space.min = 0MB (=0) (default)
2022-02-24 16:55:25,859 [pool-258-thread-1] INFO  storage.RaftStorageDirectory (RaftStorageDirectoryImpl.java:analyzeStorage(135)) - The storage directory /home/runner/work/ozone/ozone/hadoop-ozone/integration-test/target/test-dir/MiniOzoneClusterImpl-a9e0dedd-d836-4895-9472-52c2256152d3/ozone-meta/scm-ha/a9e0dedd-d836-4895-9472-52c2256152d3 does not exist. Creating ...
2022-02-24 16:55:25,861 [pool-258-thread-1] INFO  storage.RaftStorageDirectory (RaftStorageDirectoryImpl.java:tryLock(230)) - Lock on /home/runner/work/ozone/ozone/hadoop-ozone/integration-test/target/test-dir/MiniOzoneClusterImpl-a9e0dedd-d836-4895-9472-52c2256152d3/ozone-meta/scm-ha/a9e0dedd-d836-4895-9472-52c2256152d3/in_use.lock acquired by nodename 3150@fv-az59-243
2022-02-24 16:55:25,863 [pool-258-thread-1] INFO  storage.RaftStorage (RaftStorageImpl.java:format(89)) - Storage directory /home/runner/work/ozone/ozone/hadoop-ozone/integration-test/target/test-dir/MiniOzoneClusterImpl-a9e0dedd-d836-4895-9472-52c2256152d3/ozone-meta/scm-ha/a9e0dedd-d836-4895-9472-52c2256152d3 has been successfully formatted.
2022-02-24 16:55:25,863 [pool-258-thread-1] INFO  server.RaftServerConfigKeys (ConfUtils.java:logGet(44)) - raft.server.notification.no-leader.timeout = 60s (default)
2022-02-24 16:55:25,863 [pool-258-thread-1] INFO  server.RaftServerConfigKeys (ConfUtils.java:logGet(44)) - raft.server.log.use.memory = false (default)
2022-02-24 16:55:25,863 [pool-258-thread-1] INFO  server.RaftServerConfigKeys (ConfUtils.java:logGet(44)) - raft.server.log.purge.gap = 1000000 (custom)
2022-02-24 16:55:25,863 [pool-258-thread-1] INFO  server.RaftServerConfigKeys (ConfUtils.java:logGet(44)) - raft.server.log.appender.buffer.byte-limit = 33554432 (custom)
2022-02-24 16:55:25,863 [pool-258-thread-1] INFO  server.RaftServerConfigKeys (ConfUtils.java:logGet(44)) - raft.server.log.segment.size.max = 4194304 (custom)
2022-02-24 16:55:25,864 [pool-258-thread-1] INFO  server.RaftServerConfigKeys (ConfUtils.java:logGet(44)) - raft.server.log.segment.cache.num.max = 2 (custom)
2022-02-24 16:55:25,864 [pool-258-thread-1] INFO  server.RaftServerConfigKeys (ConfUtils.java:logGet(44)) - raft.server.log.segment.cache.size.max = 200MB (=209715200) (default)
2022-02-24 16:55:25,864 [pool-258-thread-1] INFO  segmented.SegmentedRaftLogWorker (SegmentedRaftLogWorker.java:<init>(182)) - new 77c6fe3f-1b7a-40d0-9616-c5318e50343e@group-52C2256152D3-SegmentedRaftLogWorker for RaftStorageImpl:Storage Directory /home/runner/work/ozone/ozone/hadoop-ozone/integration-test/target/test-dir/MiniOzoneClusterImpl-a9e0dedd-d836-4895-9472-52c2256152d3/ozone-meta/scm-ha/a9e0dedd-d836-4895-9472-52c2256152d3
2022-02-24 16:55:25,864 [pool-258-thread-1] INFO  server.RaftServerConfigKeys (ConfUtils.java:logGet(44)) - raft.server.log.queue.byte-limit = 64MB (=67108864) (default)
2022-02-24 16:55:25,864 [pool-258-thread-1] INFO  server.RaftServerConfigKeys (ConfUtils.java:logGet(44)) - raft.server.log.queue.element-limit = 4096 (default)
2022-02-24 16:55:25,864 [pool-258-thread-1] INFO  server.RaftServerConfigKeys (ConfUtils.java:logGet(44)) - raft.server.log.segment.size.max = 4194304 (custom)
2022-02-24 16:55:25,864 [pool-258-thread-1] INFO  server.RaftServerConfigKeys (ConfUtils.java:logGet(44)) - raft.server.log.preallocated.size = 4194304 (custom)
2022-02-24 16:55:25,864 [pool-258-thread-1] INFO  server.RaftServerConfigKeys (ConfUtils.java:logGet(44)) - raft.server.log.force.sync.num = 128 (default)
2022-02-24 16:55:25,864 [pool-258-thread-1] INFO  server.RaftServerConfigKeys (ConfUtils.java:logGet(44)) - raft.server.log.statemachine.data.sync = true (default)
2022-02-24 16:55:25,864 [pool-258-thread-1] INFO  server.RaftServerConfigKeys (ConfUtils.java:logGet(44)) - raft.server.log.statemachine.data.sync.timeout = 10s (default)
2022-02-24 16:55:25,864 [pool-258-thread-1] INFO  server.RaftServerConfigKeys (ConfUtils.java:logGet(44)) - raft.server.log.statemachine.data.sync.timeout.retry = -1 (default)
2022-02-24 16:55:25,864 [pool-258-thread-1] INFO  server.RaftServerConfigKeys (ConfUtils.java:logGet(44)) - raft.server.log.write.buffer.size = 64KB (=65536) (default)
2022-02-24 16:55:25,865 [pool-258-thread-1] INFO  server.RaftServerConfigKeys (ConfUtils.java:logGet(44)) - raft.server.log.statemachine.data.caching.enabled = false (default)
2022-02-24 16:55:25,865 [pool-258-thread-1] INFO  segmented.SegmentedRaftLogWorker (SegmentedRaftLogWorker.java:lambda$new$0(133)) - 77c6fe3f-1b7a-40d0-9616-c5318e50343e@group-52C2256152D3-SegmentedRaftLogWorker: flushIndex: setUnconditionally 0 -> -1
2022-02-24 16:55:25,865 [pool-258-thread-1] INFO  segmented.SegmentedRaftLogWorker (SegmentedRaftLogWorker.java:lambda$new$0(133)) - 77c6fe3f-1b7a-40d0-9616-c5318e50343e@group-52C2256152D3-SegmentedRaftLogWorker: safeCacheEvictIndex: setUnconditionally 0 -> -1
2022-02-24 16:55:25,865 [pool-258-thread-1] INFO  server.RaftServerConfigKeys (ConfUtils.java:logGet(44)) - raft.server.snapshot.auto.trigger.enabled = true (custom)
2022-02-24 16:55:25,865 [pool-258-thread-1] INFO  server.RaftServerConfigKeys (ConfUtils.java:logGet(44)) - raft.server.snapshot.auto.trigger.threshold = 1000 (custom)
2022-02-24 16:55:25,865 [pool-258-thread-1] INFO  server.RaftServerConfigKeys (ConfUtils.java:logGet(44)) - raft.server.snapshot.retention.file.num = -1 (default)
2022-02-24 16:55:25,865 [pool-258-thread-1] INFO  server.RaftServerConfigKeys (ConfUtils.java:logGet(44)) - raft.server.log.purge.upto.snapshot.index = false (default)
2022-02-24 16:55:25,865 [pool-258-thread-1] INFO  server.RaftServerConfigKeys (ConfUtils.java:logGet(44)) - raft.server.retrycache.expirytime = 60000ms (default)
2022-02-24 16:55:25,865 [pool-258-thread-1] INFO  server.RaftServerConfigKeys (ConfUtils.java:logGet(44)) - raft.server.retrycache.statistics.expirytime = 100μs (default)
2022-02-24 16:55:25,866 [Time-limited test] INFO  server.RaftServer$Division (RaftServerImpl.java:start(301)) - 77c6fe3f-1b7a-40d0-9616-c5318e50343e@group-52C2256152D3: start as a follower, conf=-1: [77c6fe3f-1b7a-40d0-9616-c5318e50343e|rpc:fv-az59-243:9894|priority:0], old=null
2022-02-24 16:55:25,866 [Time-limited test] INFO  server.RaftServer$Division (RaftServerImpl.java:setRole(290)) - 77c6fe3f-1b7a-40d0-9616-c5318e50343e@group-52C2256152D3: changes role from      null to FOLLOWER at term 0 for startAsFollower
2022-02-24 16:55:25,866 [Time-limited test] INFO  impl.RoleInfo (RoleInfo.java:updateAndGet(130)) - 77c6fe3f-1b7a-40d0-9616-c5318e50343e: start 77c6fe3f-1b7a-40d0-9616-c5318e50343e@group-52C2256152D3-FollowerState
2022-02-24 16:55:25,867 [Time-limited test] INFO  util.JmxRegister (JmxRegister.java:tryRegister(44)) - Successfully registered JMX Bean with object name Ratis:service=RaftServer,group=group-52C2256152D3,id=77c6fe3f-1b7a-40d0-9616-c5318e50343e
2022-02-24 16:55:25,868 [Time-limited test] INFO  server.RaftServer (RaftServerProxy.java:lambda$start$5(374)) - 77c6fe3f-1b7a-40d0-9616-c5318e50343e: start RPC server
2022-02-24 16:55:25,868 [Time-limited test] INFO  server.GrpcService (GrpcService.java:startImpl(253)) - 77c6fe3f-1b7a-40d0-9616-c5318e50343e: GrpcService started, listening on 9894
2022-02-24 16:55:25,869 [org.apache.ratis.util.JvmPauseMonitor$$Lambda$431/1797702346@30267d1f] INFO  util.JvmPauseMonitor (JvmPauseMonitor.java:run(103)) - JvmPauseMonitor-77c6fe3f-1b7a-40d0-9616-c5318e50343e: Started
2022-02-24 16:55:31,016 [77c6fe3f-1b7a-40d0-9616-c5318e50343e@group-52C2256152D3-FollowerState] INFO  impl.FollowerState (FollowerState.java:run(134)) - 77c6fe3f-1b7a-40d0-9616-c5318e50343e@group-52C2256152D3-FollowerState: change to CANDIDATE, lastRpcElapsedTime:5149150719ns, electionTimeout:5148ms
2022-02-24 16:55:31,016 [77c6fe3f-1b7a-40d0-9616-c5318e50343e@group-52C2256152D3-FollowerState] INFO  impl.RoleInfo (RoleInfo.java:shutdownFollowerState(108)) - 77c6fe3f-1b7a-40d0-9616-c5318e50343e: shutdown 77c6fe3f-1b7a-40d0-9616-c5318e50343e@group-52C2256152D3-FollowerState
2022-02-24 16:55:31,016 [77c6fe3f-1b7a-40d0-9616-c5318e50343e@group-52C2256152D3-FollowerState] INFO  server.RaftServer$Division (RaftServerImpl.java:setRole(290)) - 77c6fe3f-1b7a-40d0-9616-c5318e50343e@group-52C2256152D3: changes role from  FOLLOWER to CANDIDATE at term 0 for changeToCandidate
2022-02-24 16:55:31,016 [77c6fe3f-1b7a-40d0-9616-c5318e50343e@group-52C2256152D3-FollowerState] INFO  server.RaftServerConfigKeys (ConfUtils.java:logGet(44)) - raft.server.leaderelection.pre-vote = false (custom)
2022-02-24 16:55:31,016 [77c6fe3f-1b7a-40d0-9616-c5318e50343e@group-52C2256152D3-FollowerState] INFO  impl.RoleInfo (RoleInfo.java:updateAndGet(130)) - 77c6fe3f-1b7a-40d0-9616-c5318e50343e: start 77c6fe3f-1b7a-40d0-9616-c5318e50343e@group-52C2256152D3-LeaderElection41
2022-02-24 16:55:31,059 [77c6fe3f-1b7a-40d0-9616-c5318e50343e@group-52C2256152D3-LeaderElection41] INFO  impl.LeaderElection (LeaderElection.java:askForVotes(306)) - 77c6fe3f-1b7a-40d0-9616-c5318e50343e@group-52C2256152D3-LeaderElection41 ELECTION round 0: submit vote requests at term 1 for -1: [77c6fe3f-1b7a-40d0-9616-c5318e50343e|rpc:fv-az59-243:9894|priority:0], old=null
2022-02-24 16:55:31,059 [77c6fe3f-1b7a-40d0-9616-c5318e50343e@group-52C2256152D3-LeaderElection41] INFO  impl.LeaderElection (LeaderElection.java:askForVotes(308)) - 77c6fe3f-1b7a-40d0-9616-c5318e50343e@group-52C2256152D3-LeaderElection41 ELECTION round 0: result PASSED (term=1)
2022-02-24 16:55:31,059 [77c6fe3f-1b7a-40d0-9616-c5318e50343e@group-52C2256152D3-LeaderElection41] INFO  impl.RoleInfo (RoleInfo.java:shutdownLeaderElection(121)) - 77c6fe3f-1b7a-40d0-9616-c5318e50343e: shutdown 77c6fe3f-1b7a-40d0-9616-c5318e50343e@group-52C2256152D3-LeaderElection41
2022-02-24 16:55:31,059 [77c6fe3f-1b7a-40d0-9616-c5318e50343e@group-52C2256152D3-LeaderElection41] INFO  server.RaftServer$Division (RaftServerImpl.java:setRole(290)) - 77c6fe3f-1b7a-40d0-9616-c5318e50343e@group-52C2256152D3: changes role from CANDIDATE to LEADER at term 1 for changeToLeader
2022-02-24 16:55:31,059 [77c6fe3f-1b7a-40d0-9616-c5318e50343e@group-52C2256152D3-LeaderElection41] INFO  server.RaftServer$Division (ServerState.java:setLeader(285)) - 77c6fe3f-1b7a-40d0-9616-c5318e50343e@group-52C2256152D3: change Leader from null to 77c6fe3f-1b7a-40d0-9616-c5318e50343e at term 1 for becomeLeader, leader elected after 5195ms
2022-02-24 16:55:31,059 [77c6fe3f-1b7a-40d0-9616-c5318e50343e@group-52C2256152D3-LeaderElection41] INFO  server.RaftServerConfigKeys (ConfUtils.java:logGet(44)) - raft.server.staging.catchup.gap = 1000 (default)
2022-02-24 16:55:31,059 [77c6fe3f-1b7a-40d0-9616-c5318e50343e@group-52C2256152D3-LeaderElection41] INFO  server.RaftServerConfigKeys (ConfUtils.java:logGet(44)) - raft.server.write.element-limit = 4096 (default)
2022-02-24 16:55:31,059 [77c6fe3f-1b7a-40d0-9616-c5318e50343e@group-52C2256152D3-LeaderElection41] INFO  server.RaftServerConfigKeys (ConfUtils.java:logGet(44)) - raft.server.write.byte-limit = 64MB (=67108864) (default)
2022-02-24 16:55:31,060 [77c6fe3f-1b7a-40d0-9616-c5318e50343e@group-52C2256152D3-LeaderElection41] INFO  server.RaftServerConfigKeys (ConfUtils.java:logGet(44)) - raft.server.watch.timeout = 10s (default)
2022-02-24 16:55:31,060 [77c6fe3f-1b7a-40d0-9616-c5318e50343e@group-52C2256152D3-LeaderElection41] INFO  server.RaftServerConfigKeys (ConfUtils.java:logGet(44)) - raft.server.watch.timeout.denomination = 1s (default)
2022-02-24 16:55:31,060 [77c6fe3f-1b7a-40d0-9616-c5318e50343e@group-52C2256152D3-LeaderElection41] INFO  server.RaftServerConfigKeys (ConfUtils.java:logGet(44)) - raft.server.watch.element-limit = 65536 (default)
2022-02-24 16:55:31,060 [77c6fe3f-1b7a-40d0-9616-c5318e50343e@group-52C2256152D3-LeaderElection41] INFO  server.RaftServerConfigKeys (ConfUtils.java:logGet(44)) - raft.server.write.element-limit = 4096 (default)
2022-02-24 16:55:31,060 [77c6fe3f-1b7a-40d0-9616-c5318e50343e@group-52C2256152D3-LeaderElection41] INFO  server.RaftServerConfigKeys (ConfUtils.java:logGet(44)) - raft.server.write.follower.gap.ratio.max = -1.0 (default)
2022-02-24 16:55:31,060 [77c6fe3f-1b7a-40d0-9616-c5318e50343e@group-52C2256152D3-LeaderElection41] INFO  impl.RoleInfo (RoleInfo.java:updateAndGet(130)) - 77c6fe3f-1b7a-40d0-9616-c5318e50343e: start 77c6fe3f-1b7a-40d0-9616-c5318e50343e@group-52C2256152D3-LeaderStateImpl
2022-02-24 16:55:31,060 [77c6fe3f-1b7a-40d0-9616-c5318e50343e@group-52C2256152D3-LeaderElection41] INFO  segmented.SegmentedRaftLogWorker (SegmentedRaftLogWorker.java:startLogSegment(394)) - 77c6fe3f-1b7a-40d0-9616-c5318e50343e@group-52C2256152D3-SegmentedRaftLogWorker: Starting segment from index:0
2022-02-24 16:55:31,072 [77c6fe3f-1b7a-40d0-9616-c5318e50343e@group-52C2256152D3-LeaderElection41] INFO  server.RaftServer$Division (ServerState.java:setRaftConf(387)) - 77c6fe3f-1b7a-40d0-9616-c5318e50343e@group-52C2256152D3: set configuration 0: [77c6fe3f-1b7a-40d0-9616-c5318e50343e|rpc:fv-az59-243:9894|admin:|client:|dataStream:|priority:0], old=null
2022-02-24 16:55:31,079 [77c6fe3f-1b7a-40d0-9616-c5318e50343e@group-52C2256152D3-SegmentedRaftLogWorker] INFO  segmented.SegmentedRaftLogWorker (SegmentedRaftLogWorker.java:execute(601)) - 77c6fe3f-1b7a-40d0-9616-c5318e50343e@group-52C2256152D3-SegmentedRaftLogWorker: created new log segment /home/runner/work/ozone/ozone/hadoop-ozone/integration-test/target/test-dir/MiniOzoneClusterImpl-a9e0dedd-d836-4895-9472-52c2256152d3/ozone-meta/scm-ha/a9e0dedd-d836-4895-9472-52c2256152d3/current/log_inprogress_0
2022-02-24 16:55:31,869 [Time-limited test] INFO  server.RaftServer (RaftServerProxy.java:lambda$close$6(391)) - 77c6fe3f-1b7a-40d0-9616-c5318e50343e: close
2022-02-24 16:55:31,869 [Time-limited test] INFO  server.RaftServer$Division (RaftServerImpl.java:lambda$close$4(412)) - 77c6fe3f-1b7a-40d0-9616-c5318e50343e@group-52C2256152D3: shutdown
2022-02-24 16:55:31,869 [Time-limited test] INFO  util.JmxRegister (JmxRegister.java:unregister(73)) - Successfully un-registered JMX Bean with object name Ratis:service=RaftServer,group=group-52C2256152D3,id=77c6fe3f-1b7a-40d0-9616-c5318e50343e
2022-02-24 16:55:31,869 [Time-limited test] INFO  impl.RoleInfo (RoleInfo.java:shutdownLeaderState(91)) - 77c6fe3f-1b7a-40d0-9616-c5318e50343e: shutdown 77c6fe3f-1b7a-40d0-9616-c5318e50343e@group-52C2256152D3-LeaderStateImpl
2022-02-24 16:55:31,870 [Time-limited test] INFO  impl.PendingRequests (PendingRequests.java:sendNotLeaderResponses(282)) - 77c6fe3f-1b7a-40d0-9616-c5318e50343e@group-52C2256152D3-PendingRequests: sendNotLeaderResponses
2022-02-24 16:55:31,870 [Time-limited test] INFO  impl.StateMachineUpdater (StateMachineUpdater.java:stopAndJoin(149)) - 77c6fe3f-1b7a-40d0-9616-c5318e50343e@group-52C2256152D3-StateMachineUpdater: set stopIndex = 0
2022-02-24 16:55:31,871 [77c6fe3f-1b7a-40d0-9616-c5318e50343e@group-52C2256152D3-StateMachineUpdater] INFO  impl.StateMachineUpdater (StateMachineUpdater.java:takeSnapshot(281)) - 77c6fe3f-1b7a-40d0-9616-c5318e50343e@group-52C2256152D3-StateMachineUpdater: Took a snapshot at index 0
2022-02-24 16:55:31,871 [77c6fe3f-1b7a-40d0-9616-c5318e50343e@group-52C2256152D3-StateMachineUpdater] INFO  impl.StateMachineUpdater (StateMachineUpdater.java:lambda$new$0(89)) - 77c6fe3f-1b7a-40d0-9616-c5318e50343e@group-52C2256152D3-StateMachineUpdater: snapshotIndex: updateIncreasingly -1 -> 0
2022-02-24 16:55:31,872 [Time-limited test] INFO  server.RaftServer$Division (ServerState.java:close(419)) - 77c6fe3f-1b7a-40d0-9616-c5318e50343e@group-52C2256152D3: closes. applyIndex: 0
2022-02-24 16:55:31,872 [77c6fe3f-1b7a-40d0-9616-c5318e50343e@group-52C2256152D3-SegmentedRaftLogWorker] INFO  segmented.SegmentedRaftLogWorker (SegmentedRaftLogWorker.java:run(327)) - 77c6fe3f-1b7a-40d0-9616-c5318e50343e@group-52C2256152D3-SegmentedRaftLogWorker was interrupted, exiting. There are 0 tasks remaining in the queue.
2022-02-24 16:55:31,875 [Time-limited test] INFO  segmented.SegmentedRaftLogWorker (SegmentedRaftLogWorker.java:close(237)) - 77c6fe3f-1b7a-40d0-9616-c5318e50343e@group-52C2256152D3-SegmentedRaftLogWorker close()
2022-02-24 16:55:31,895 [Time-limited test] INFO  server.GrpcService (GrpcService.java:closeImpl(262)) - 77c6fe3f-1b7a-40d0-9616-c5318e50343e: shutdown server with port 9894 now
2022-02-24 16:55:31,903 [Time-limited test] INFO  server.GrpcService (GrpcService.java:closeImpl(271)) - 77c6fe3f-1b7a-40d0-9616-c5318e50343e: shutdown server with port 9894 successfully
2022-02-24 16:55:31,903 [org.apache.ratis.util.JvmPauseMonitor$$Lambda$431/1797702346@30267d1f] INFO  util.JvmPauseMonitor (JvmPauseMonitor.java:run(109)) - JvmPauseMonitor-77c6fe3f-1b7a-40d0-9616-c5318e50343e: Stopped
2022-02-24 16:55:31,903 [Time-limited test] INFO  ha.SCMHANodeDetails (SCMHANodeDetails.java:loadSCMHAConfig(157)) - ServiceID for StorageContainerManager is null
2022-02-24 16:55:31,903 [Time-limited test] INFO  ha.SCMHANodeDetails (SCMHANodeDetails.java:loadSCMHAConfig(162)) - ozone.scm.default.service.id is not defined, falling back to ozone.scm.service.ids to find serviceID for StorageContainerManager if it is HA enabled cluster
2022-02-24 16:55:31,904 [Time-limited test] WARN  server.ServerUtils (ServerUtils.java:getScmDbDir(148)) - ozone.scm.db.dirs is not configured. We recommend adding this setting. Falling back to ozone.metadata.dirs instead.
2022-02-24 16:55:31,904 [Time-limited test] INFO  upgrade.AbstractLayoutVersionManager (AbstractLayoutVersionManager.java:init(79)) - Initializing Layout version manager with metadata layout = SCM_HA (version = 2), software layout = SCM_HA (version = 2)
2022-02-24 16:55:32,040 [Time-limited test] INFO  reflections.Reflections (Reflections.java:scan(232)) - Reflections took 135 ms to scan 7 urls, producing 121 keys and 285 values 
2022-02-24 16:55:32,042 [Time-limited test] WARN  utils.HAUtils (HAUtils.java:getMetaDir(342)) - ozone.scm.db.dirs is not configured. We recommend adding this setting. Falling back to ozone.metadata.dirs instead.
2022-02-24 16:55:32,059 [Time-limited test] WARN  db.DBStoreBuilder (DBStoreBuilder.java:applyDBDefinition(145)) - ozone.scm.db.dirs is not configured. We recommend adding this setting. Falling back to ozone.metadata.dirs instead.
2022-02-24 16:55:32,258 [Time-limited test] INFO  net.NodeSchemaLoader (NodeSchemaLoader.java:loadSchemaFromFile(129)) - Loading schema from [jar:file:/home/runner/.m2/repository/org/apache/ozone/hdds-common/1.3.0-SNAPSHOT/hdds-common-1.3.0-SNAPSHOT.jar!/network-topology-default.xml]
2022-02-24 16:55:32,271 [Time-limited test] INFO  net.NodeSchemaLoader (NodeSchemaLoader.java:loadSchema(176)) - Loading network topology layer schema file
2022-02-24 16:55:32,273 [Time-limited test] WARN  impl.MetricRegistriesImpl (MetricRegistriesImpl.java:addReporterRegistration(111)) - New reporters are added after registries were created. Some metrics will be missing from the reporter. Please add reporter before adding any new registry.
2022-02-24 16:55:32,274 [Time-limited test] WARN  impl.MetricRegistriesImpl (MetricRegistriesImpl.java:addReporterRegistration(111)) - New reporters are added after registries were created. Some metrics will be missing from the reporter. Please add reporter before adding any new registry.
2022-02-24 16:55:32,274 [Time-limited test] INFO  ha.SCMRatisServerImpl (SCMRatisServerImpl.java:<init>(87)) - starting Raft server for scm:77c6fe3f-1b7a-40d0-9616-c5318e50343e
2022-02-24 16:55:32,275 [Time-limited test] INFO  server.RaftServer (ConfUtils.java:logGet(44)) - raft.rpc.type = GRPC (default)
2022-02-24 16:55:32,275 [Time-limited test] INFO  grpc.GrpcFactory (GrpcFactory.java:checkPooledByteBufAllocatorUseCacheForAllThreads(48)) - PERFORMANCE WARNING: useCacheForAllThreads is true that may cause Netty to create a lot garbage objects and, as a result, trigger GC.
	It is recommended to disable useCacheForAllThreads by setting -Dorg.apache.ratis.thirdparty.io.netty.allocator.useCacheForAllThreads=false in command line.
2022-02-24 16:55:32,275 [Time-limited test] INFO  grpc.GrpcConfigKeys (ConfUtils.java:logGet(44)) - raft.grpc.admin.port = -1 (default)
2022-02-24 16:55:32,276 [Time-limited test] INFO  grpc.GrpcConfigKeys (ConfUtils.java:logGet(44)) - raft.grpc.server.port = 9894 (custom)
2022-02-24 16:55:32,276 [Time-limited test] INFO  grpc.GrpcConfigKeys (ConfUtils.java:logGet(44)) - raft.grpc.client.port = -1 (default)
2022-02-24 16:55:32,276 [Time-limited test] INFO  grpc.GrpcConfigKeys (ConfUtils.java:logGet(44)) - raft.grpc.server.port = 9894 (custom)
2022-02-24 16:55:32,276 [Time-limited test] INFO  grpc.GrpcConfigKeys (ConfUtils.java:logGet(44)) - raft.grpc.server.port = 9894 (custom)
2022-02-24 16:55:32,276 [Time-limited test] INFO  server.GrpcService (ConfUtils.java:logGet(44)) - raft.grpc.message.size.max = 32m (=33554432) (custom)
2022-02-24 16:55:32,276 [Time-limited test] INFO  server.RaftServerConfigKeys (ConfUtils.java:logGet(44)) - raft.server.log.appender.buffer.byte-limit = 33554432 (custom)
2022-02-24 16:55:32,276 [Time-limited test] INFO  server.GrpcService (ConfUtils.java:logGet(44)) - raft.grpc.flow.control.window = 1MB (=1048576) (default)
2022-02-24 16:55:32,276 [Time-limited test] INFO  server.RaftServerConfigKeys (ConfUtils.java:logGet(44)) - raft.server.rpc.request.timeout = 30000ms (custom)
2022-02-24 16:55:32,277 [Time-limited test] INFO  impl.DataStreamServerImpl (ConfUtils.java:logGet(44)) - raft.datastream.type = DISABLED (default)
2022-02-24 16:55:32,278 [Time-limited test] INFO  server.RaftServerConfigKeys (ConfUtils.java:logGet(44)) - raft.server.rpc.slowness.timeout = 120000ms (custom)
2022-02-24 16:55:32,278 [Time-limited test] INFO  server.RaftServerConfigKeys (ConfUtils.java:logGet(44)) - raft.server.leaderelection.leader.step-down.wait-time = 10s (default)
2022-02-24 16:55:32,278 [Time-limited test] INFO  server.RaftServerConfigKeys (ConfUtils.java:logGet(44)) - raft.server.storage.dir = [/home/runner/work/ozone/ozone/hadoop-ozone/integration-test/target/test-dir/MiniOzoneClusterImpl-a9e0dedd-d836-4895-9472-52c2256152d3/ozone-meta/scm-ha] (custom)
2022-02-24 16:55:32,278 [Time-limited test] INFO  server.RaftServer (RaftServerProxy.java:lambda$null$1(235)) - 77c6fe3f-1b7a-40d0-9616-c5318e50343e: found a subdirectory /home/runner/work/ozone/ozone/hadoop-ozone/integration-test/target/test-dir/MiniOzoneClusterImpl-a9e0dedd-d836-4895-9472-52c2256152d3/ozone-meta/scm-ha/a9e0dedd-d836-4895-9472-52c2256152d3
2022-02-24 16:55:32,278 [Time-limited test] INFO  server.RaftServer (RaftServerProxy.java:addNew(95)) - 77c6fe3f-1b7a-40d0-9616-c5318e50343e: addNew group-52C2256152D3:[] returns group-52C2256152D3:java.util.concurrent.CompletableFuture@2ad88f1b[Not completed]
2022-02-24 16:55:32,279 [pool-271-thread-1] INFO  server.RaftServer$Division (RaftServerImpl.java:<init>(184)) - 77c6fe3f-1b7a-40d0-9616-c5318e50343e: new RaftServerImpl for group-52C2256152D3:[] with SCMStateMachine:uninitialized
2022-02-24 16:55:32,283 [pool-271-thread-1] INFO  server.RaftServerConfigKeys (ConfUtils.java:logGet(44)) - raft.server.rpc.timeout.min = 5000ms (custom)
2022-02-24 16:55:32,283 [pool-271-thread-1] INFO  server.RaftServerConfigKeys (ConfUtils.java:logGet(44)) - raft.server.rpc.timeout.max = 5200ms (custom)
2022-02-24 16:55:32,283 [pool-271-thread-1] INFO  server.RaftServerConfigKeys (ConfUtils.java:logGet(44)) - raft.server.rpc.sleep.time = 25ms (default)
2022-02-24 16:55:32,283 [pool-271-thread-1] INFO  server.RaftServerConfigKeys (ConfUtils.java:logGet(44)) - raft.server.rpc.slowness.timeout = 120000ms (custom)
2022-02-24 16:55:32,283 [pool-271-thread-1] INFO  server.RaftServerConfigKeys (ConfUtils.java:logGet(44)) - raft.server.leaderelection.leader.step-down.wait-time = 10s (default)
2022-02-24 16:55:32,283 [pool-271-thread-1] INFO  server.RaftServerConfigKeys (ConfUtils.java:logGet(44)) - raft.server.sleep.deviation.threshold = 300ms (default)
2022-02-24 16:55:32,283 [pool-271-thread-1] INFO  server.RaftServerConfigKeys (ConfUtils.java:logGet(44)) - raft.server.log.appender.install.snapshot.enabled = false (custom)
2022-02-24 16:55:32,283 [pool-271-thread-1] INFO  server.RaftServer$Division (ServerState.java:<init>(105)) - 77c6fe3f-1b7a-40d0-9616-c5318e50343e@group-52C2256152D3: ConfigurationManager, init=-1: [], old=null, confs=<EMPTY_MAP>
2022-02-24 16:55:32,284 [pool-271-thread-1] INFO  server.RaftServerConfigKeys (ConfUtils.java:logGet(44)) - raft.server.storage.dir = [/home/runner/work/ozone/ozone/hadoop-ozone/integration-test/target/test-dir/MiniOzoneClusterImpl-a9e0dedd-d836-4895-9472-52c2256152d3/ozone-meta/scm-ha] (custom)
2022-02-24 16:55:32,301 [pool-271-thread-1] INFO  server.RaftServerConfigKeys (ConfUtils.java:logGet(44)) - raft.server.log.corruption.policy = EXCEPTION (default)
2022-02-24 16:55:32,301 [pool-271-thread-1] INFO  server.RaftServerConfigKeys (ConfUtils.java:logGet(44)) - raft.server.storage.free-space.min = 0MB (=0) (default)
2022-02-24 16:55:32,303 [pool-271-thread-1] INFO  storage.RaftStorageDirectory (RaftStorageDirectoryImpl.java:tryLock(230)) - Lock on /home/runner/work/ozone/ozone/hadoop-ozone/integration-test/target/test-dir/MiniOzoneClusterImpl-a9e0dedd-d836-4895-9472-52c2256152d3/ozone-meta/scm-ha/a9e0dedd-d836-4895-9472-52c2256152d3/in_use.lock acquired by nodename 3150@fv-az59-243
2022-02-24 16:55:32,303 [pool-271-thread-1] INFO  storage.RaftStorage (RaftStorageImpl.java:analyzeAndRecoverStorage(110)) - Read RaftStorageMetadata{term=1, votedFor=77c6fe3f-1b7a-40d0-9616-c5318e50343e} from /home/runner/work/ozone/ozone/hadoop-ozone/integration-test/target/test-dir/MiniOzoneClusterImpl-a9e0dedd-d836-4895-9472-52c2256152d3/ozone-meta/scm-ha/a9e0dedd-d836-4895-9472-52c2256152d3/current/raft-meta
2022-02-24 16:55:32,303 [pool-271-thread-1] INFO  server.RaftServer$Division (ServerState.java:setRaftConf(387)) - 77c6fe3f-1b7a-40d0-9616-c5318e50343e@group-52C2256152D3: set configuration 0: [77c6fe3f-1b7a-40d0-9616-c5318e50343e|rpc:fv-az59-243:9894|admin:|client:|dataStream:|priority:0], old=null
2022-02-24 16:55:32,303 [pool-271-thread-1] INFO  server.RaftServerConfigKeys (ConfUtils.java:logGet(44)) - raft.server.notification.no-leader.timeout = 60s (default)
2022-02-24 16:55:32,303 [pool-271-thread-1] INFO  server.RaftServerConfigKeys (ConfUtils.java:logGet(44)) - raft.server.log.use.memory = false (default)
2022-02-24 16:55:32,304 [pool-271-thread-1] INFO  server.RaftServerConfigKeys (ConfUtils.java:logGet(44)) - raft.server.log.purge.gap = 1000000 (custom)
2022-02-24 16:55:32,304 [pool-271-thread-1] INFO  server.RaftServerConfigKeys (ConfUtils.java:logGet(44)) - raft.server.log.appender.buffer.byte-limit = 33554432 (custom)
2022-02-24 16:55:32,304 [pool-271-thread-1] INFO  server.RaftServerConfigKeys (ConfUtils.java:logGet(44)) - raft.server.log.segment.size.max = 4194304 (custom)
2022-02-24 16:55:32,304 [pool-271-thread-1] INFO  server.RaftServerConfigKeys (ConfUtils.java:logGet(44)) - raft.server.log.segment.cache.num.max = 2 (custom)
2022-02-24 16:55:32,304 [pool-271-thread-1] INFO  server.RaftServerConfigKeys (ConfUtils.java:logGet(44)) - raft.server.log.segment.cache.size.max = 200MB (=209715200) (default)
2022-02-24 16:55:32,304 [pool-271-thread-1] INFO  segmented.SegmentedRaftLogWorker (SegmentedRaftLogWorker.java:<init>(182)) - new 77c6fe3f-1b7a-40d0-9616-c5318e50343e@group-52C2256152D3-SegmentedRaftLogWorker for RaftStorageImpl:Storage Directory /home/runner/work/ozone/ozone/hadoop-ozone/integration-test/target/test-dir/MiniOzoneClusterImpl-a9e0dedd-d836-4895-9472-52c2256152d3/ozone-meta/scm-ha/a9e0dedd-d836-4895-9472-52c2256152d3
2022-02-24 16:55:32,304 [pool-271-thread-1] INFO  server.RaftServerConfigKeys (ConfUtils.java:logGet(44)) - raft.server.log.queue.byte-limit = 64MB (=67108864) (default)
2022-02-24 16:55:32,304 [pool-271-thread-1] INFO  server.RaftServerConfigKeys (ConfUtils.java:logGet(44)) - raft.server.log.queue.element-limit = 4096 (default)
2022-02-24 16:55:32,304 [pool-271-thread-1] INFO  server.RaftServerConfigKeys (ConfUtils.java:logGet(44)) - raft.server.log.segment.size.max = 4194304 (custom)
2022-02-24 16:55:32,304 [pool-271-thread-1] INFO  server.RaftServerConfigKeys (ConfUtils.java:logGet(44)) - raft.server.log.preallocated.size = 4194304 (custom)
2022-02-24 16:55:32,304 [pool-271-thread-1] INFO  server.RaftServerConfigKeys (ConfUtils.java:logGet(44)) - raft.server.log.force.sync.num = 128 (default)
2022-02-24 16:55:32,304 [pool-271-thread-1] INFO  server.RaftServerConfigKeys (ConfUtils.java:logGet(44)) - raft.server.log.statemachine.data.sync = true (default)
2022-02-24 16:55:32,304 [pool-271-thread-1] INFO  server.RaftServerConfigKeys (ConfUtils.java:logGet(44)) - raft.server.log.statemachine.data.sync.timeout = 10s (default)
2022-02-24 16:55:32,304 [pool-271-thread-1] INFO  server.RaftServerConfigKeys (ConfUtils.java:logGet(44)) - raft.server.log.statemachine.data.sync.timeout.retry = -1 (default)
2022-02-24 16:55:32,305 [pool-271-thread-1] INFO  server.RaftServerConfigKeys (ConfUtils.java:logGet(44)) - raft.server.log.write.buffer.size = 64KB (=65536) (default)
2022-02-24 16:55:32,305 [pool-271-thread-1] INFO  server.RaftServerConfigKeys (ConfUtils.java:logGet(44)) - raft.server.log.statemachine.data.caching.enabled = false (default)
2022-02-24 16:55:32,306 [pool-271-thread-1] INFO  server.RaftServer$Division (ServerState.java:setRaftConf(387)) - 77c6fe3f-1b7a-40d0-9616-c5318e50343e@group-52C2256152D3: set configuration 0: [77c6fe3f-1b7a-40d0-9616-c5318e50343e|rpc:fv-az59-243:9894|admin:|client:|dataStream:|priority:0], old=null
2022-02-24 16:55:32,306 [pool-271-thread-1] INFO  segmented.LogSegment (LogSegment.java:loadSegment(173)) - Successfully read 1 entries from segment file /home/runner/work/ozone/ozone/hadoop-ozone/integration-test/target/test-dir/MiniOzoneClusterImpl-a9e0dedd-d836-4895-9472-52c2256152d3/ozone-meta/scm-ha/a9e0dedd-d836-4895-9472-52c2256152d3/current/log_inprogress_0
2022-02-24 16:55:32,306 [pool-271-thread-1] INFO  segmented.SegmentedRaftLogWorker (SegmentedRaftLogWorker.java:lambda$new$0(133)) - 77c6fe3f-1b7a-40d0-9616-c5318e50343e@group-52C2256152D3-SegmentedRaftLogWorker: flushIndex: setUnconditionally 0 -> 0
2022-02-24 16:55:32,306 [pool-271-thread-1] INFO  segmented.SegmentedRaftLogWorker (SegmentedRaftLogWorker.java:lambda$new$0(133)) - 77c6fe3f-1b7a-40d0-9616-c5318e50343e@group-52C2256152D3-SegmentedRaftLogWorker: safeCacheEvictIndex: setUnconditionally 0 -> -1
2022-02-24 16:55:32,323 [pool-271-thread-1] INFO  server.RaftServerConfigKeys (ConfUtils.java:logGet(44)) - raft.server.snapshot.auto.trigger.enabled = true (custom)
2022-02-24 16:55:32,323 [pool-271-thread-1] INFO  server.RaftServerConfigKeys (ConfUtils.java:logGet(44)) - raft.server.snapshot.auto.trigger.threshold = 1000 (custom)
2022-02-24 16:55:32,323 [pool-271-thread-1] INFO  server.RaftServerConfigKeys (ConfUtils.java:logGet(44)) - raft.server.snapshot.retention.file.num = -1 (default)
2022-02-24 16:55:32,323 [pool-271-thread-1] INFO  server.RaftServerConfigKeys (ConfUtils.java:logGet(44)) - raft.server.log.purge.upto.snapshot.index = false (default)
2022-02-24 16:55:32,323 [pool-271-thread-1] INFO  server.RaftServerConfigKeys (ConfUtils.java:logGet(44)) - raft.server.retrycache.expirytime = 60000ms (default)
2022-02-24 16:55:32,323 [pool-271-thread-1] INFO  server.RaftServerConfigKeys (ConfUtils.java:logGet(44)) - raft.server.retrycache.statistics.expirytime = 100μs (default)
2022-02-24 16:55:32,324 [Time-limited test] INFO  ha.SCMSnapshotProvider (SCMSnapshotProvider.java:<init>(66)) - Initializing SCM Snapshot Provider
2022-02-24 16:55:32,324 [Time-limited test] WARN  server.ServerUtils (ServerUtils.java:getDefaultRatisDirectory(237)) - Storage directory for Ratis is not configured. It is a good idea to map this to an SSD disk. Falling back to ozone.metadata.dirs
2022-02-24 16:55:32,324 [Time-limited test] WARN  ha.SCMHAUtils (SCMHAUtils.java:getSCMRatisSnapshotDirectory(151)) - SCM snapshot dir is not configured. Falling back to ozone.metadata.dirs config
2022-02-24 16:55:32,326 [Time-limited test] INFO  ha.SequenceIdGenerator (SequenceIdGenerator.java:upgradeToSequenceId(347)) - upgrade localId to 109611004723200000
2022-02-24 16:55:32,326 [Time-limited test] INFO  ha.SequenceIdGenerator (SequenceIdGenerator.java:upgradeToSequenceId(357)) - upgrade delTxnId to 0
2022-02-24 16:55:32,326 [Time-limited test] INFO  ha.SequenceIdGenerator (SequenceIdGenerator.java:upgradeToSequenceId(371)) - upgrade containerId to 0
2022-02-24 16:55:32,326 [Time-limited test] INFO  ha.SequenceIdGenerator (SequenceIdGenerator.java:<init>(218)) - Init the HA SequenceIdGenerator.
2022-02-24 16:55:32,327 [Time-limited test] WARN  server.ServerUtils (ServerUtils.java:sanitizeUserArgs(67)) - ozone.scm.dead.node.interval value = 10000 is smaller than min = 20000 based on the key value of ozone.scm.stale.node.interval, reset to the min value 20000.
2022-02-24 16:55:32,327 [Time-limited test] INFO  node.SCMNodeManager (SCMNodeManager.java:<init>(144)) - Entering startup safe mode.
2022-02-24 16:55:32,328 [Time-limited test] INFO  algorithms.ContainerPlacementPolicyFactory (ContainerPlacementPolicyFactory.java:getPolicy(60)) - Create container placement policy of type org.apache.hadoop.hdds.scm.container.placement.algorithms.SCMContainerPlacementRandom
2022-02-24 16:55:32,328 [Time-limited test] INFO  pipeline.PipelineStateManagerImpl (PipelineStateManagerImpl.java:initialize(78)) - No pipeline exists in current db
2022-02-24 16:55:32,333 [Time-limited test] INFO  algorithms.LeaderChoosePolicyFactory (LeaderChoosePolicyFactory.java:getPolicy(57)) - Create leader choose policy of type org.apache.hadoop.hdds.scm.pipeline.leader.choose.algorithms.MinLeaderCountChoosePolicy
2022-02-24 16:55:32,335 [Time-limited test] INFO  ha.SCMServiceManager (SCMServiceManager.java:register(42)) - Registering service BackgroundPipelineCreator.
2022-02-24 16:55:32,335 [Time-limited test] INFO  pipeline.BackgroundPipelineCreator (BackgroundPipelineCreator.java:start(130)) - Starting RatisPipelineUtilsThread.
2022-02-24 16:55:32,347 [Time-limited test] INFO  algorithms.PipelineChoosePolicyFactory (PipelineChoosePolicyFactory.java:createPipelineChoosePolicyFromClass(73)) - Create pipeline choose policy of type org.apache.hadoop.hdds.scm.pipeline.choose.algorithms.RandomPipelineChoosePolicy
2022-02-24 16:55:32,348 [Time-limited test] INFO  ha.SCMServiceManager (SCMServiceManager.java:register(42)) - Registering service SCMBlockDeletingService.
2022-02-24 16:55:32,348 [Time-limited test] INFO  ha.SCMServiceManager (SCMServiceManager.java:register(42)) - Registering service ReplicationManager.
2022-02-24 16:55:32,348 [Time-limited test] INFO  container.ReplicationManager (ReplicationManager.java:start(326)) - Starting Replication Monitor Thread.
2022-02-24 16:55:32,350 [Time-limited test] INFO  safemode.ContainerSafeModeRule (ContainerSafeModeRule.java:<init>(89)) - containers with one replica threshold count 0
2022-02-24 16:55:32,351 [Time-limited test] INFO  safemode.HealthyPipelineSafeModeRule (HealthyPipelineSafeModeRule.java:initializeRule(156)) - Total pipeline count is 0, healthy pipeline threshold count is 1
2022-02-24 16:55:32,351 [Time-limited test] INFO  safemode.OneReplicaPipelineSafeModeRule (OneReplicaPipelineSafeModeRule.java:initializeRule(180)) - Total pipeline count is 0, pipeline's with at least one datanode reported threshold count is 0
2022-02-24 16:55:32,351 [Time-limited test] INFO  ipc.CallQueueManager (CallQueueManager.java:<init>(90)) - Using callQueue: class java.util.concurrent.LinkedBlockingQueue, queueCapacity: 2000, scheduler: class org.apache.hadoop.ipc.DefaultRpcScheduler, ipcBackoff: false.
2022-02-24 16:55:32,359 [Socket Reader #1 for port 0] INFO  ipc.Server (Server.java:run(1265)) - Starting Socket Reader #1 for port 0
2022-02-24 16:55:32,371 [Listener at 0.0.0.0/33111] INFO  ipc.CallQueueManager (CallQueueManager.java:<init>(90)) - Using callQueue: class java.util.concurrent.LinkedBlockingQueue, queueCapacity: 2000, scheduler: class org.apache.hadoop.ipc.DefaultRpcScheduler, ipcBackoff: false.
2022-02-24 16:55:32,379 [Socket Reader #1 for port 0] INFO  ipc.Server (Server.java:run(1265)) - Starting Socket Reader #1 for port 0
2022-02-24 16:55:32,399 [Listener at 0.0.0.0/43567] INFO  ipc.CallQueueManager (CallQueueManager.java:<init>(90)) - Using callQueue: class java.util.concurrent.LinkedBlockingQueue, queueCapacity: 2000, scheduler: class org.apache.hadoop.ipc.DefaultRpcScheduler, ipcBackoff: false.
2022-02-24 16:55:32,411 [Socket Reader #1 for port 0] INFO  ipc.Server (Server.java:run(1265)) - Starting Socket Reader #1 for port 0
2022-02-24 16:55:32,423 [ReplicationMonitor] INFO  container.ReplicationManager (ReplicationManager.java:processAll(374)) - Replication Manager is not ready to run until 3000ms after safemode exit
2022-02-24 16:55:32,510 [Listener at 0.0.0.0/36701] INFO  algorithms.ContainerPlacementPolicyFactory (ContainerPlacementPolicyFactory.java:getPolicy(60)) - Create container placement policy of type org.apache.hadoop.hdds.scm.container.placement.algorithms.SCMContainerPlacementRandom
2022-02-24 16:55:32,511 [Listener at 0.0.0.0/36701] INFO  server.StorageContainerManager (StorageContainerManager.java:<init>(392)) - 
Container Balancer status:
Key                            Value
Running                        false
Container Balancer Configuration values:
Key                                                Value
Threshold                                          10
Max Datanodes to Involve per Iteration(percent)    20
Max Size to Move per Iteration                     500GB
Max Size Entering Target per Iteration             26GB
Max Size Leaving Source per Iteration              26GB

2022-02-24 16:55:32,529 [Listener at 0.0.0.0/36701] WARN  events.EventQueue (EventQueue.java:fireEvent(194)) - No event handler registered for event TypedEvent{payloadType=SafeModeStatus, name='Safe mode status'}
2022-02-24 16:55:32,529 [Listener at 0.0.0.0/36701] INFO  ha.SCMContext (SCMContext.java:updateSafeModeStatus(211)) - Update SafeModeStatus from SafeModeStatus{safeModeStatus=true, preCheckPassed=false} to SafeModeStatus{safeModeStatus=true, preCheckPassed=false}.
2022-02-24 16:55:32,529 [Listener at 0.0.0.0/36701] INFO  server.StorageContainerManager (StorageContainerManager.java:start(1330)) - StorageContainerLocationProtocol RPC server is listening at /0.0.0.0:36701
2022-02-24 16:55:32,529 [Listener at 0.0.0.0/36701] INFO  ha.SCMRatisServerImpl (SCMRatisServerImpl.java:start(177)) - starting ratis server 0.0.0.0:9894
2022-02-24 16:55:32,529 [Listener at 0.0.0.0/36701] INFO  server.RaftServer$Division (RaftServerImpl.java:start(301)) - 77c6fe3f-1b7a-40d0-9616-c5318e50343e@group-52C2256152D3: start as a follower, conf=0: [77c6fe3f-1b7a-40d0-9616-c5318e50343e|rpc:fv-az59-243:9894|admin:|client:|dataStream:|priority:0], old=null
2022-02-24 16:55:32,529 [Listener at 0.0.0.0/36701] INFO  server.RaftServer$Division (RaftServerImpl.java:setRole(290)) - 77c6fe3f-1b7a-40d0-9616-c5318e50343e@group-52C2256152D3: changes role from      null to FOLLOWER at term 1 for startAsFollower
2022-02-24 16:55:32,529 [Listener at 0.0.0.0/36701] INFO  impl.RoleInfo (RoleInfo.java:updateAndGet(130)) - 77c6fe3f-1b7a-40d0-9616-c5318e50343e: start 77c6fe3f-1b7a-40d0-9616-c5318e50343e@group-52C2256152D3-FollowerState
2022-02-24 16:55:32,536 [Listener at 0.0.0.0/36701] INFO  util.JmxRegister (JmxRegister.java:tryRegister(44)) - Successfully registered JMX Bean with object name Ratis:service=RaftServer,group=group-52C2256152D3,id=77c6fe3f-1b7a-40d0-9616-c5318e50343e
2022-02-24 16:55:32,549 [Listener at 0.0.0.0/36701] INFO  server.RaftServer (RaftServerProxy.java:lambda$start$5(374)) - 77c6fe3f-1b7a-40d0-9616-c5318e50343e: start RPC server
2022-02-24 16:55:32,549 [Listener at 0.0.0.0/36701] INFO  server.GrpcService (GrpcService.java:startImpl(253)) - 77c6fe3f-1b7a-40d0-9616-c5318e50343e: GrpcService started, listening on 9894
2022-02-24 16:55:32,559 [Listener at 0.0.0.0/36701] INFO  ha.SCMHAManagerImpl (SCMHAManagerImpl.java:start(121)) -  scm role is FOLLOWER peers [77c6fe3f-1b7a-40d0-9616-c5318e50343e|rpc:fv-az59-243:9894|admin:|client:|dataStream:|priority:0]
2022-02-24 16:55:32,559 [Listener at 0.0.0.0/36701] INFO  ha.InterSCMGrpcService (InterSCMGrpcProtocolService.java:start(94)) - Starting SCM Grpc Service at port 9895
2022-02-24 16:55:32,561 [Listener at 0.0.0.0/36701] WARN  impl.MetricsConfig (MetricsConfig.java:loadFirst(136)) - Cannot locate configuration: tried hadoop-metrics2-storagecontainermanager.properties,hadoop-metrics2.properties
2022-02-24 16:55:32,561 [org.apache.ratis.util.JvmPauseMonitor$$Lambda$431/1797702346@281cc0e5] INFO  util.JvmPauseMonitor (JvmPauseMonitor.java:run(103)) - JvmPauseMonitor-77c6fe3f-1b7a-40d0-9616-c5318e50343e: Started
2022-02-24 16:55:32,575 [Listener at 0.0.0.0/36701] INFO  impl.MetricsSystemImpl (MetricsSystemImpl.java:startTimer(378)) - Scheduled Metric snapshot period at 10 second(s).
2022-02-24 16:55:32,575 [Listener at 0.0.0.0/36701] INFO  impl.MetricsSystemImpl (MetricsSystemImpl.java:start(191)) - StorageContainerManager metrics system started
2022-02-24 16:55:32,588 [Listener at 0.0.0.0/36701] INFO  impl.MetricsSinkAdapter (MetricsSinkAdapter.java:start(204)) - Sink prometheus started
2022-02-24 16:55:32,655 [Listener at 0.0.0.0/36701] INFO  impl.MetricsSystemImpl (MetricsSystemImpl.java:registerSink(305)) - Registered sink prometheus
2022-02-24 16:55:32,708 [Listener at 0.0.0.0/36701] INFO  server.SCMClientProtocolServer (SCMClientProtocolServer.java:start(165)) - RPC server for Client  is listening at /0.0.0.0:36701
2022-02-24 16:55:32,709 [IPC Server Responder] INFO  ipc.Server (Server.java:run(1507)) - IPC Server Responder: starting
2022-02-24 16:55:32,719 [IPC Server listener on 0] INFO  ipc.Server (Server.java:run(1344)) - IPC Server listener on 0: starting
2022-02-24 16:55:32,824 [Listener at 0.0.0.0/36701] INFO  server.StorageContainerManager (StorageContainerManager.java:start(1345)) - ScmBlockLocationProtocol RPC server is listening at /0.0.0.0:43567
2022-02-24 16:55:32,825 [Listener at 0.0.0.0/36701] INFO  server.SCMBlockProtocolServer (SCMBlockProtocolServer.java:start(151)) - RPC server for Block Protocol is listening at /0.0.0.0:43567
2022-02-24 16:55:32,845 [IPC Server Responder] INFO  ipc.Server (Server.java:run(1507)) - IPC Server Responder: starting
2022-02-24 16:55:32,845 [IPC Server listener on 0] INFO  ipc.Server (Server.java:run(1344)) - IPC Server listener on 0: starting
2022-02-24 16:55:32,991 [Listener at 0.0.0.0/36701] INFO  http.BaseHttpServer (BaseHttpServer.java:newHttpServer2BuilderForOzone(209)) - Starting Web-server for scm at: http://0.0.0.0:0
2022-02-24 16:55:32,991 [Listener at 0.0.0.0/36701] INFO  http.BaseHttpServer (BaseHttpServer.java:<init>(107)) - Hadoop Security Enabled: false Ozone Security Enabled: false Ozone HTTP Security Enabled: false 
2022-02-24 16:55:32,992 [Listener at 0.0.0.0/36701] INFO  server.AuthenticationFilter (AuthenticationFilter.java:constructSecretProvider(240)) - Unable to initialize FileSignerSecretProvider, falling back to use random secrets.
2022-02-24 16:55:32,998 [org.apache.hadoop.util.JvmPauseMonitor$Monitor@48583515] INFO  util.JvmPauseMonitor (JvmPauseMonitor.java:run(188)) - Starting JVM pause monitor
2022-02-24 16:55:32,999 [Listener at 0.0.0.0/36701] WARN  http.HttpRequestLog (HttpRequestLog.java:getRequestLog(103)) - Jetty request log can only be enabled using Log4j
2022-02-24 16:55:33,000 [Listener at 0.0.0.0/36701] INFO  http.HttpServer2 (HttpServer2.java:addGlobalFilter(1030)) - Added global filter 'safety' (class=org.apache.hadoop.hdds.server.http.HttpServer2$QuotingInputFilter)
2022-02-24 16:55:33,001 [Listener at 0.0.0.0/36701] INFO  http.HttpServer2 (HttpServer2.java:addFilter(1006)) - Added filter static_user_filter (class=org.apache.hadoop.http.lib.StaticUserWebFilter$StaticUserFilter) to context scm
2022-02-24 16:55:33,001 [Listener at 0.0.0.0/36701] INFO  http.HttpServer2 (HttpServer2.java:addFilter(1014)) - Added filter static_user_filter (class=org.apache.hadoop.http.lib.StaticUserWebFilter$StaticUserFilter) to context static
2022-02-24 16:55:33,001 [Listener at 0.0.0.0/36701] INFO  http.HttpServer2 (HttpServer2.java:addFilter(1014)) - Added filter static_user_filter (class=org.apache.hadoop.http.lib.StaticUserWebFilter$StaticUserFilter) to context logs
2022-02-24 16:55:33,002 [Listener at 0.0.0.0/36701] INFO  http.HttpServer2 (HttpServer2.java:bindListener(1249)) - Jetty bound to port 45695
2022-02-24 16:55:33,002 [Listener at 0.0.0.0/36701] INFO  server.Server (Server.java:doStart(375)) - jetty-9.4.43.v20210629; built: 2021-06-30T11:07:22.254Z; git: 526006ecfa3af7f1a27ef3a288e2bef7ea9dd7e8; jvm 1.8.0_322-b06
2022-02-24 16:55:33,028 [Listener at 0.0.0.0/36701] INFO  server.session (DefaultSessionIdManager.java:doStart(334)) - DefaultSessionIdManager workerName=node0
2022-02-24 16:55:33,028 [Listener at 0.0.0.0/36701] INFO  server.session (DefaultSessionIdManager.java:doStart(339)) - No SessionScavenger set, using defaults
2022-02-24 16:55:33,028 [Listener at 0.0.0.0/36701] INFO  server.session (HouseKeeper.java:startScavenging(132)) - node0 Scavenging every 660000ms
2022-02-24 16:55:33,035 [Listener at 0.0.0.0/36701] INFO  handler.ContextHandler (ContextHandler.java:doStart(915)) - Started o.e.j.s.ServletContextHandler@50c7b76d{logs,/logs,file:///home/runner/work/ozone/ozone/hadoop-ozone/integration-test/target/log,AVAILABLE}
2022-02-24 16:55:33,036 [Listener at 0.0.0.0/36701] INFO  handler.ContextHandler (ContextHandler.java:doStart(915)) - Started o.e.j.s.ServletContextHandler@76debceb{static,/static,file:///home/runner/work/ozone/ozone/hadoop-ozone/integration-test/target/test-classes/webapps/static,AVAILABLE}
2022-02-24 16:55:33,040 [Listener at 0.0.0.0/36701] INFO  handler.ContextHandler (ContextHandler.java:doStart(915)) - Started o.e.j.w.WebAppContext@5c0b690d{scm,/,file:///home/runner/work/ozone/ozone/hadoop-ozone/integration-test/target/test-classes/webapps/scm/,AVAILABLE}{file:/home/runner/work/ozone/ozone/hadoop-ozone/integration-test/target/test-classes/webapps/scm}
2022-02-24 16:55:33,042 [Listener at 0.0.0.0/36701] INFO  server.AbstractConnector (AbstractConnector.java:doStart(331)) - Started ServerConnector@4f90e0a5{HTTP/1.1, (http/1.1)}{0.0.0.0:45695}
2022-02-24 16:55:33,042 [Listener at 0.0.0.0/36701] INFO  server.Server (Server.java:doStart(415)) - Started @97672ms
2022-02-24 16:55:33,042 [Listener at 0.0.0.0/36701] WARN  impl.MetricsSystemImpl (MetricsSystemImpl.java:register(279)) - Sink prometheus already exists!
2022-02-24 16:55:33,055 [Listener at 0.0.0.0/36701] INFO  http.BaseHttpServer (BaseHttpServer.java:updateConnectorAddress(329)) - HTTP server of scm listening at http://0.0.0.0:45695
2022-02-24 16:55:33,059 [Listener at 0.0.0.0/36701] WARN  server.ServerUtils (ServerUtils.java:getDBPath(225)) - ozone.om.db.dirs is not configured. We recommend adding this setting. Falling back to ozone.metadata.dirs instead.
2022-02-24 16:55:33,062 [Listener at 0.0.0.0/36701] INFO  ha.OMHANodeDetails (OMHANodeDetails.java:loadOMHAConfig(112)) - ozone.om.internal.service.id is not defined, falling back to ozone.om.service.ids to find serviceID for OzoneManager if it is HA enabled cluster
2022-02-24 16:55:33,063 [Listener at 0.0.0.0/36701] INFO  ha.OMHANodeDetails (OMHANodeDetails.java:loadOMHAConfig(218)) - Configuration does not have ozone.om.address set. Falling back to the default OM address /127.0.0.1:0
2022-02-24 16:55:33,063 [Listener at 0.0.0.0/36701] INFO  ha.OMHANodeDetails (OMHANodeDetails.java:getOMNodeDetailsForNonHA(246)) - OM Service ID is not set. Setting it to the default ID: omServiceIdDefault
2022-02-24 16:55:33,063 [Listener at 0.0.0.0/36701] INFO  ha.OMHANodeDetails (OMHANodeDetails.java:getOMNodeDetailsForNonHA(253)) - OM Node ID is not set. Setting it to the default ID: om1
2022-02-24 16:55:33,063 [Listener at 0.0.0.0/36701] WARN  server.ServerUtils (ServerUtils.java:getDBPath(225)) - ozone.om.db.dirs is not configured. We recommend adding this setting. Falling back to ozone.metadata.dirs instead.
2022-02-24 16:55:33,063 [Listener at 0.0.0.0/36701] INFO  upgrade.AbstractLayoutVersionManager (AbstractLayoutVersionManager.java:init(79)) - Initializing Layout version manager with metadata layout = INITIAL_VERSION (version = 0), software layout = INITIAL_VERSION (version = 0)
2022-02-24 16:55:33,221 [Listener at 0.0.0.0/36701] INFO  reflections.Reflections (Reflections.java:scan(232)) - Reflections took 157 ms to scan 2 urls, producing 134 keys and 349 values [using 2 cores]
2022-02-24 16:55:33,221 [Listener at 0.0.0.0/36701] INFO  upgrade.OMLayoutVersionManager (OMLayoutVersionManager.java:lambda$0(115)) - Skipping Upgrade Action MockOmUpgradeAction since it has been finalized.
2022-02-24 16:55:33,221 [Listener at 0.0.0.0/36701] WARN  server.ServerUtils (ServerUtils.java:getDBPath(225)) - ozone.om.db.dirs is not configured. We recommend adding this setting. Falling back to ozone.metadata.dirs instead.
2022-02-24 16:55:35,260 [Listener at 0.0.0.0/36701] INFO  retry.RetryInvocationHandler (RetryInvocationHandler.java:log(411)) - com.google.protobuf.ServiceException: org.apache.hadoop.ipc.RemoteException(org.apache.hadoop.hdds.ratis.ServerNotLeaderException): Server:77c6fe3f-1b7a-40d0-9616-c5318e50343e is not the leader. Could not determine the leader node.
	at org.apache.hadoop.hdds.ratis.ServerNotLeaderException.convertToNotLeaderException(ServerNotLeaderException.java:109)
	at org.apache.hadoop.hdds.scm.ha.RatisUtil.checkRatisException(RatisUtil.java:246)
	at org.apache.hadoop.hdds.scm.protocol.ScmBlockLocationProtocolServerSideTranslatorPB.send(ScmBlockLocationProtocolServerSideTranslatorPB.java:108)
	at org.apache.hadoop.hdds.protocol.proto.ScmBlockLocationProtocolProtos$ScmBlockLocationProtocolService$2.callBlockingMethod(ScmBlockLocationProtocolProtos.java:13937)
	at org.apache.hadoop.ipc.ProtobufRpcEngine$Server.processCall(ProtobufRpcEngine.java:466)
	at org.apache.hadoop.ipc.ProtobufRpcEngine2$Server$ProtoBufRpcInvoker.call(ProtobufRpcEngine2.java:574)
	at org.apache.hadoop.ipc.ProtobufRpcEngine2$Server$ProtoBufRpcInvoker.call(ProtobufRpcEngine2.java:552)
	at org.apache.hadoop.ipc.RPC$Server.call(RPC.java:1093)
	at org.apache.hadoop.ipc.Server$RpcCall.run(Server.java:1035)
	at org.apache.hadoop.ipc.Server$RpcCall.run(Server.java:963)
	at java.security.AccessController.doPrivileged(Native Method)
	at javax.security.auth.Subject.doAs(Subject.java:422)
	at org.apache.hadoop.security.UserGroupInformation.doAs(UserGroupInformation.java:1878)
	at org.apache.hadoop.ipc.Server$Handler.run(Server.java:2966)
, while invoking $Proxy43.send over nodeId=scmNodeId,nodeAddress=/0.0.0.0:43567 after 1 failover attempts. Trying to failover after sleeping for 2000ms.
2022-02-24 16:55:37,263 [Listener at 0.0.0.0/36701] INFO  retry.RetryInvocationHandler (RetryInvocationHandler.java:log(411)) - com.google.protobuf.ServiceException: org.apache.hadoop.ipc.RemoteException(org.apache.hadoop.hdds.ratis.ServerNotLeaderException): Server:77c6fe3f-1b7a-40d0-9616-c5318e50343e is not the leader. Could not determine the leader node.
	at org.apache.hadoop.hdds.ratis.ServerNotLeaderException.convertToNotLeaderException(ServerNotLeaderException.java:109)
	at org.apache.hadoop.hdds.scm.ha.RatisUtil.checkRatisException(RatisUtil.java:246)
	at org.apache.hadoop.hdds.scm.protocol.ScmBlockLocationProtocolServerSideTranslatorPB.send(ScmBlockLocationProtocolServerSideTranslatorPB.java:108)
	at org.apache.hadoop.hdds.protocol.proto.ScmBlockLocationProtocolProtos$ScmBlockLocationProtocolService$2.callBlockingMethod(ScmBlockLocationProtocolProtos.java:13937)
	at org.apache.hadoop.ipc.ProtobufRpcEngine$Server.processCall(ProtobufRpcEngine.java:466)
	at org.apache.hadoop.ipc.ProtobufRpcEngine2$Server$ProtoBufRpcInvoker.call(ProtobufRpcEngine2.java:574)
	at org.apache.hadoop.ipc.ProtobufRpcEngine2$Server$ProtoBufRpcInvoker.call(ProtobufRpcEngine2.java:552)
	at org.apache.hadoop.ipc.RPC$Server.call(RPC.java:1093)
	at org.apache.hadoop.ipc.Server$RpcCall.run(Server.java:1035)
	at org.apache.hadoop.ipc.Server$RpcCall.run(Server.java:963)
	at java.security.AccessController.doPrivileged(Native Method)
	at javax.security.auth.Subject.doAs(Subject.java:422)
	at org.apache.hadoop.security.UserGroupInformation.doAs(UserGroupInformation.java:1878)
	at org.apache.hadoop.ipc.Server$Handler.run(Server.java:2966)
, while invoking $Proxy43.send over nodeId=scmNodeId,nodeAddress=/0.0.0.0:43567 after 2 failover attempts. Trying to failover after sleeping for 2000ms.
2022-02-24 16:55:37,685 [77c6fe3f-1b7a-40d0-9616-c5318e50343e@group-52C2256152D3-FollowerState] INFO  impl.FollowerState (FollowerState.java:run(134)) - 77c6fe3f-1b7a-40d0-9616-c5318e50343e@group-52C2256152D3-FollowerState: change to CANDIDATE, lastRpcElapsedTime:5155890273ns, electionTimeout:5148ms
2022-02-24 16:55:37,685 [77c6fe3f-1b7a-40d0-9616-c5318e50343e@group-52C2256152D3-FollowerState] INFO  impl.RoleInfo (RoleInfo.java:shutdownFollowerState(108)) - 77c6fe3f-1b7a-40d0-9616-c5318e50343e: shutdown 77c6fe3f-1b7a-40d0-9616-c5318e50343e@group-52C2256152D3-FollowerState
2022-02-24 16:55:37,686 [77c6fe3f-1b7a-40d0-9616-c5318e50343e@group-52C2256152D3-FollowerState] INFO  server.RaftServer$Division (RaftServerImpl.java:setRole(290)) - 77c6fe3f-1b7a-40d0-9616-c5318e50343e@group-52C2256152D3: changes role from  FOLLOWER to CANDIDATE at term 1 for changeToCandidate
2022-02-24 16:55:37,686 [77c6fe3f-1b7a-40d0-9616-c5318e50343e@group-52C2256152D3-FollowerState] INFO  server.RaftServerConfigKeys (ConfUtils.java:logGet(44)) - raft.server.leaderelection.pre-vote = false (custom)
2022-02-24 16:55:37,686 [77c6fe3f-1b7a-40d0-9616-c5318e50343e@group-52C2256152D3-FollowerState] INFO  impl.RoleInfo (RoleInfo.java:updateAndGet(130)) - 77c6fe3f-1b7a-40d0-9616-c5318e50343e: start 77c6fe3f-1b7a-40d0-9616-c5318e50343e@group-52C2256152D3-LeaderElection42
2022-02-24 16:55:37,713 [77c6fe3f-1b7a-40d0-9616-c5318e50343e@group-52C2256152D3-LeaderElection42] INFO  impl.LeaderElection (LeaderElection.java:askForVotes(306)) - 77c6fe3f-1b7a-40d0-9616-c5318e50343e@group-52C2256152D3-LeaderElection42 ELECTION round 0: submit vote requests at term 2 for 0: [77c6fe3f-1b7a-40d0-9616-c5318e50343e|rpc:fv-az59-243:9894|admin:|client:|dataStream:|priority:0], old=null
2022-02-24 16:55:37,713 [77c6fe3f-1b7a-40d0-9616-c5318e50343e@group-52C2256152D3-LeaderElection42] INFO  impl.LeaderElection (LeaderElection.java:askForVotes(308)) - 77c6fe3f-1b7a-40d0-9616-c5318e50343e@group-52C2256152D3-LeaderElection42 ELECTION round 0: result PASSED (term=2)
2022-02-24 16:55:37,713 [77c6fe3f-1b7a-40d0-9616-c5318e50343e@group-52C2256152D3-LeaderElection42] INFO  impl.RoleInfo (RoleInfo.java:shutdownLeaderElection(121)) - 77c6fe3f-1b7a-40d0-9616-c5318e50343e: shutdown 77c6fe3f-1b7a-40d0-9616-c5318e50343e@group-52C2256152D3-LeaderElection42
2022-02-24 16:55:37,713 [77c6fe3f-1b7a-40d0-9616-c5318e50343e@group-52C2256152D3-LeaderElection42] INFO  server.RaftServer$Division (RaftServerImpl.java:setRole(290)) - 77c6fe3f-1b7a-40d0-9616-c5318e50343e@group-52C2256152D3: changes role from CANDIDATE to LEADER at term 2 for changeToLeader
2022-02-24 16:55:37,713 [77c6fe3f-1b7a-40d0-9616-c5318e50343e@group-52C2256152D3-LeaderElection42] INFO  ha.SCMStateMachine (SCMStateMachine.java:notifyLeaderChanged(259)) - current SCM becomes leader of term 2.
2022-02-24 16:55:37,713 [77c6fe3f-1b7a-40d0-9616-c5318e50343e@group-52C2256152D3-LeaderElection42] INFO  ha.SCMContext (SCMContext.java:updateLeaderAndTerm(90)) - update <isLeader,term> from <false,0> to <true,2>
2022-02-24 16:55:37,713 [77c6fe3f-1b7a-40d0-9616-c5318e50343e@group-52C2256152D3-LeaderElection42] INFO  server.RaftServer$Division (ServerState.java:setLeader(285)) - 77c6fe3f-1b7a-40d0-9616-c5318e50343e@group-52C2256152D3: change Leader from null to 77c6fe3f-1b7a-40d0-9616-c5318e50343e at term 2 for becomeLeader, leader elected after 5409ms
2022-02-24 16:55:37,713 [77c6fe3f-1b7a-40d0-9616-c5318e50343e@group-52C2256152D3-LeaderElection42] INFO  server.RaftServerConfigKeys (ConfUtils.java:logGet(44)) - raft.server.staging.catchup.gap = 1000 (default)
2022-02-24 16:55:37,713 [77c6fe3f-1b7a-40d0-9616-c5318e50343e@group-52C2256152D3-LeaderElection42] INFO  server.RaftServerConfigKeys (ConfUtils.java:logGet(44)) - raft.server.write.element-limit = 4096 (default)
2022-02-24 16:55:37,713 [77c6fe3f-1b7a-40d0-9616-c5318e50343e@group-52C2256152D3-LeaderElection42] INFO  server.RaftServerConfigKeys (ConfUtils.java:logGet(44)) - raft.server.write.byte-limit = 64MB (=67108864) (default)
2022-02-24 16:55:37,714 [77c6fe3f-1b7a-40d0-9616-c5318e50343e@group-52C2256152D3-LeaderElection42] INFO  server.RaftServerConfigKeys (ConfUtils.java:logGet(44)) - raft.server.watch.timeout = 10s (default)
2022-02-24 16:55:37,714 [77c6fe3f-1b7a-40d0-9616-c5318e50343e@group-52C2256152D3-LeaderElection42] INFO  server.RaftServerConfigKeys (ConfUtils.java:logGet(44)) - raft.server.watch.timeout.denomination = 1s (default)
2022-02-24 16:55:37,714 [77c6fe3f-1b7a-40d0-9616-c5318e50343e@group-52C2256152D3-LeaderElection42] INFO  server.RaftServerConfigKeys (ConfUtils.java:logGet(44)) - raft.server.watch.element-limit = 65536 (default)
2022-02-24 16:55:37,714 [77c6fe3f-1b7a-40d0-9616-c5318e50343e@group-52C2256152D3-LeaderElection42] INFO  server.RaftServerConfigKeys (ConfUtils.java:logGet(44)) - raft.server.write.element-limit = 4096 (default)
2022-02-24 16:55:37,714 [77c6fe3f-1b7a-40d0-9616-c5318e50343e@group-52C2256152D3-LeaderElection42] INFO  server.RaftServerConfigKeys (ConfUtils.java:logGet(44)) - raft.server.write.follower.gap.ratio.max = -1.0 (default)
2022-02-24 16:55:37,714 [77c6fe3f-1b7a-40d0-9616-c5318e50343e@group-52C2256152D3-LeaderElection42] INFO  impl.RoleInfo (RoleInfo.java:updateAndGet(130)) - 77c6fe3f-1b7a-40d0-9616-c5318e50343e: start 77c6fe3f-1b7a-40d0-9616-c5318e50343e@group-52C2256152D3-LeaderStateImpl
2022-02-24 16:55:37,714 [77c6fe3f-1b7a-40d0-9616-c5318e50343e@group-52C2256152D3-LeaderElection42] INFO  segmented.SegmentedRaftLogWorker (SegmentedRaftLogWorker.java:rollLogSegment(399)) - 77c6fe3f-1b7a-40d0-9616-c5318e50343e@group-52C2256152D3-SegmentedRaftLogWorker: Rolling segment log-0_0 to index:0
2022-02-24 16:55:37,715 [77c6fe3f-1b7a-40d0-9616-c5318e50343e@group-52C2256152D3-SegmentedRaftLogWorker] INFO  segmented.SegmentedRaftLogWorker (SegmentedRaftLogWorker.java:execute(558)) - 77c6fe3f-1b7a-40d0-9616-c5318e50343e@group-52C2256152D3-SegmentedRaftLogWorker: Rolled log segment from /home/runner/work/ozone/ozone/hadoop-ozone/integration-test/target/test-dir/MiniOzoneClusterImpl-a9e0dedd-d836-4895-9472-52c2256152d3/ozone-meta/scm-ha/a9e0dedd-d836-4895-9472-52c2256152d3/current/log_inprogress_0 to /home/runner/work/ozone/ozone/hadoop-ozone/integration-test/target/test-dir/MiniOzoneClusterImpl-a9e0dedd-d836-4895-9472-52c2256152d3/ozone-meta/scm-ha/a9e0dedd-d836-4895-9472-52c2256152d3/current/log_0-0
2022-02-24 16:55:37,739 [77c6fe3f-1b7a-40d0-9616-c5318e50343e@group-52C2256152D3-LeaderElection42] INFO  server.RaftServer$Division (ServerState.java:setRaftConf(387)) - 77c6fe3f-1b7a-40d0-9616-c5318e50343e@group-52C2256152D3: set configuration 1: [77c6fe3f-1b7a-40d0-9616-c5318e50343e|rpc:fv-az59-243:9894|admin:|client:|dataStream:|priority:0], old=null
2022-02-24 16:55:37,766 [77c6fe3f-1b7a-40d0-9616-c5318e50343e@group-52C2256152D3-SegmentedRaftLogWorker] INFO  segmented.SegmentedRaftLogWorker (SegmentedRaftLogWorker.java:execute(601)) - 77c6fe3f-1b7a-40d0-9616-c5318e50343e@group-52C2256152D3-SegmentedRaftLogWorker: created new log segment /home/runner/work/ozone/ozone/hadoop-ozone/integration-test/target/test-dir/MiniOzoneClusterImpl-a9e0dedd-d836-4895-9472-52c2256152d3/ozone-meta/scm-ha/a9e0dedd-d836-4895-9472-52c2256152d3/current/log_inprogress_1
2022-02-24 16:55:37,767 [77c6fe3f-1b7a-40d0-9616-c5318e50343e@group-52C2256152D3-StateMachineUpdater] INFO  ha.SCMContext (SCMContext.java:setLeaderReady(117)) - update <isLeaderReady> from <false> to <true>
2022-02-24 16:55:37,772 [77c6fe3f-1b7a-40d0-9616-c5318e50343e@group-52C2256152D3-StateMachineUpdater] INFO  pipeline.BackgroundPipelineCreator (BackgroundPipelineCreator.java:notifyStatusChanged(264)) - Service BackgroundPipelineCreator transitions to RUNNING.
2022-02-24 16:55:37,775 [77c6fe3f-1b7a-40d0-9616-c5318e50343e@group-52C2256152D3-StateMachineUpdater] INFO  safemode.HealthyPipelineSafeModeRule (HealthyPipelineSafeModeRule.java:initializeRule(152)) - Refreshed total pipeline count is 0, healthy pipeline threshold count is 1
2022-02-24 16:55:37,775 [77c6fe3f-1b7a-40d0-9616-c5318e50343e@group-52C2256152D3-StateMachineUpdater] INFO  safemode.ContainerSafeModeRule (ContainerSafeModeRule.java:reInitializeRule(177)) - Refreshed one replica container threshold 0, currentThreshold 0
2022-02-24 16:55:37,775 [77c6fe3f-1b7a-40d0-9616-c5318e50343e@group-52C2256152D3-StateMachineUpdater] INFO  safemode.OneReplicaPipelineSafeModeRule (OneReplicaPipelineSafeModeRule.java:initializeRule(176)) - Refreshed Total pipeline count is 0, pipeline's with at least one datanode reported threshold count is 0
2022-02-24 16:55:37,775 [77c6fe3f-1b7a-40d0-9616-c5318e50343e@group-52C2256152D3-StateMachineUpdater] INFO  server.SCMDatanodeProtocolServer (SCMDatanodeProtocolServer.java:start(181)) - ScmDatanodeProtocol RPC server for DataNodes is listening at /0.0.0.0:33111
2022-02-24 16:55:37,787 [IPC Server listener on 0] INFO  ipc.Server (Server.java:run(1344)) - IPC Server listener on 0: starting
2022-02-24 16:55:37,799 [IPC Server Responder] INFO  ipc.Server (Server.java:run(1507)) - IPC Server Responder: starting
2022-02-24 16:55:39,266 [Listener at 0.0.0.0/36701] WARN  server.ServerUtils (ServerUtils.java:getDBPath(225)) - ozone.om.db.dirs is not configured. We recommend adding this setting. Falling back to ozone.metadata.dirs instead.
2022-02-24 16:55:39,266 [Listener at 0.0.0.0/36701] INFO  codec.OmKeyInfoCodec (OmKeyInfoCodec.java:<init>(50)) - OmKeyInfoCodec ignorePipeline = true
2022-02-24 16:55:39,266 [Listener at 0.0.0.0/36701] INFO  codec.RepeatedOmKeyInfoCodec (RepeatedOmKeyInfoCodec.java:<init>(42)) - RepeatedOmKeyInfoCodec ignorePipeline = true
2022-02-24 16:55:39,667 [Listener at 0.0.0.0/36701] INFO  om.OzoneManager (OzoneManager.java:addS3GVolumeToDB(3732)) - Created Volume s3v With Owner runner required for S3Gateway operations.
2022-02-24 16:55:39,691 [Listener at 0.0.0.0/36701] WARN  server.ServerUtils (ServerUtils.java:getDefaultRatisDirectory(237)) - Storage directory for Ratis is not configured. It is a good idea to map this to an SSD disk. Falling back to ozone.metadata.dirs
2022-02-24 16:55:39,691 [Listener at 0.0.0.0/36701] WARN  utils.OzoneManagerRatisUtils (OzoneManagerRatisUtils.java:getOMRatisSnapshotDirectory(330)) - ozone.om.ratis.snapshot.dir is not configured. Falling back to ozone.metadata.dirs config
2022-02-24 16:55:39,691 [Listener at 0.0.0.0/36701] WARN  impl.MetricRegistriesImpl (MetricRegistriesImpl.java:addReporterRegistration(111)) - New reporters are added after registries were created. Some metrics will be missing from the reporter. Please add reporter before adding any new registry.
2022-02-24 16:55:39,691 [Listener at 0.0.0.0/36701] WARN  impl.MetricRegistriesImpl (MetricRegistriesImpl.java:addReporterRegistration(111)) - New reporters are added after registries were created. Some metrics will be missing from the reporter. Please add reporter before adding any new registry.
2022-02-24 16:55:39,691 [Listener at 0.0.0.0/36701] WARN  server.ServerUtils (ServerUtils.java:getDefaultRatisDirectory(237)) - Storage directory for Ratis is not configured. It is a good idea to map this to an SSD disk. Falling back to ozone.metadata.dirs
2022-02-24 16:55:39,692 [Listener at 0.0.0.0/36701] INFO  ratis.OzoneManagerRatisServer (OzoneManagerRatisServer.java:<init>(159)) - Instantiating OM Ratis server with groupID: omServiceIdDefault and peers: localhost:9872
2022-02-24 16:55:39,693 [Listener at 0.0.0.0/36701] INFO  ratis.OzoneManagerStateMachine (OzoneManagerStateMachine.java:loadSnapshotInfoFromDB(605)) - LastAppliedIndex is set from TransactionInfo from OM DB as (t:0, i:~)
2022-02-24 16:55:39,702 [Listener at 0.0.0.0/36701] INFO  server.RaftServer (ConfUtils.java:logGet(44)) - raft.rpc.type = GRPC (default)
2022-02-24 16:55:39,703 [Listener at 0.0.0.0/36701] INFO  grpc.GrpcFactory (GrpcFactory.java:checkPooledByteBufAllocatorUseCacheForAllThreads(48)) - PERFORMANCE WARNING: useCacheForAllThreads is true that may cause Netty to create a lot garbage objects and, as a result, trigger GC.
	It is recommended to disable useCacheForAllThreads by setting -Dorg.apache.ratis.thirdparty.io.netty.allocator.useCacheForAllThreads=false in command line.
2022-02-24 16:55:39,703 [Listener at 0.0.0.0/36701] INFO  grpc.GrpcConfigKeys (ConfUtils.java:logGet(44)) - raft.grpc.admin.port = -1 (default)
2022-02-24 16:55:39,703 [Listener at 0.0.0.0/36701] INFO  grpc.GrpcConfigKeys (ConfUtils.java:logGet(44)) - raft.grpc.server.port = 9872 (custom)
2022-02-24 16:55:39,703 [Listener at 0.0.0.0/36701] INFO  grpc.GrpcConfigKeys (ConfUtils.java:logGet(44)) - raft.grpc.client.port = -1 (default)
2022-02-24 16:55:39,703 [Listener at 0.0.0.0/36701] INFO  grpc.GrpcConfigKeys (ConfUtils.java:logGet(44)) - raft.grpc.server.port = 9872 (custom)
2022-02-24 16:55:39,703 [Listener at 0.0.0.0/36701] INFO  grpc.GrpcConfigKeys (ConfUtils.java:logGet(44)) - raft.grpc.server.port = 9872 (custom)
2022-02-24 16:55:39,703 [Listener at 0.0.0.0/36701] INFO  server.GrpcService (ConfUtils.java:logGet(44)) - raft.grpc.message.size.max = 33554432 (custom)
2022-02-24 16:55:39,703 [Listener at 0.0.0.0/36701] INFO  server.RaftServerConfigKeys (ConfUtils.java:logGet(44)) - raft.server.log.appender.buffer.byte-limit = 33554432 (custom)
2022-02-24 16:55:39,704 [Listener at 0.0.0.0/36701] INFO  server.GrpcService (ConfUtils.java:logGet(44)) - raft.grpc.flow.control.window = 1MB (=1048576) (default)
2022-02-24 16:55:39,704 [Listener at 0.0.0.0/36701] INFO  server.RaftServerConfigKeys (ConfUtils.java:logGet(44)) - raft.server.rpc.request.timeout = 3000ms (default)
2022-02-24 16:55:39,705 [Listener at 0.0.0.0/36701] INFO  impl.DataStreamServerImpl (ConfUtils.java:logGet(44)) - raft.datastream.type = DISABLED (default)
2022-02-24 16:55:39,705 [Listener at 0.0.0.0/36701] INFO  server.RaftServerConfigKeys (ConfUtils.java:logGet(44)) - raft.server.rpc.slowness.timeout = 120s (custom)
2022-02-24 16:55:39,705 [Listener at 0.0.0.0/36701] INFO  server.RaftServerConfigKeys (ConfUtils.java:logGet(44)) - raft.server.leaderelection.leader.step-down.wait-time = 10s (default)
2022-02-24 16:55:39,705 [Listener at 0.0.0.0/36701] INFO  server.RaftServerConfigKeys (ConfUtils.java:logGet(44)) - raft.server.storage.dir = [/home/runner/work/ozone/ozone/hadoop-ozone/integration-test/target/test-dir/MiniOzoneClusterImpl-a9e0dedd-d836-4895-9472-52c2256152d3/ozone-meta/ratis] (custom)
2022-02-24 16:55:39,713 [Listener at 0.0.0.0/36701] INFO  server.RaftServer (RaftServerProxy.java:addNew(95)) - om1: addNew group-C5BA1605619E:[om1|rpc:localhost:9872|priority:0] returns group-C5BA1605619E:java.util.concurrent.CompletableFuture@6df3f5f9[Not completed]
2022-02-24 16:55:39,714 [Listener at 0.0.0.0/36701] INFO  om.OzoneManager (OzoneManager.java:initializeRatisServer(1834)) - OzoneManager Ratis server initialized at port 9872
2022-02-24 16:55:39,719 [Listener at 0.0.0.0/36701] INFO  ipc.CallQueueManager (CallQueueManager.java:<init>(90)) - Using callQueue: class java.util.concurrent.LinkedBlockingQueue, queueCapacity: 2000, scheduler: class org.apache.hadoop.ipc.DefaultRpcScheduler, ipcBackoff: false.
2022-02-24 16:55:39,720 [pool-307-thread-1] INFO  server.RaftServer$Division (RaftServerImpl.java:<init>(184)) - om1: new RaftServerImpl for group-C5BA1605619E:[om1|rpc:localhost:9872|priority:0] with OzoneManagerStateMachine:uninitialized
2022-02-24 16:55:39,732 [pool-307-thread-1] INFO  server.RaftServerConfigKeys (ConfUtils.java:logGet(44)) - raft.server.rpc.timeout.min = 1s (custom)
2022-02-24 16:55:39,732 [pool-307-thread-1] INFO  server.RaftServerConfigKeys (ConfUtils.java:logGet(44)) - raft.server.rpc.timeout.max = 1200ms (custom)
2022-02-24 16:55:39,733 [pool-307-thread-1] INFO  server.RaftServerConfigKeys (ConfUtils.java:logGet(44)) - raft.server.rpc.sleep.time = 25ms (default)
2022-02-24 16:55:39,733 [pool-307-thread-1] INFO  server.RaftServerConfigKeys (ConfUtils.java:logGet(44)) - raft.server.rpc.slowness.timeout = 120s (custom)
2022-02-24 16:55:39,733 [pool-307-thread-1] INFO  server.RaftServerConfigKeys (ConfUtils.java:logGet(44)) - raft.server.leaderelection.leader.step-down.wait-time = 10s (default)
2022-02-24 16:55:39,733 [pool-307-thread-1] INFO  server.RaftServerConfigKeys (ConfUtils.java:logGet(44)) - raft.server.sleep.deviation.threshold = 300ms (default)
2022-02-24 16:55:39,733 [pool-307-thread-1] INFO  server.RaftServerConfigKeys (ConfUtils.java:logGet(44)) - raft.server.log.appender.install.snapshot.enabled = false (custom)
2022-02-24 16:55:39,733 [pool-307-thread-1] INFO  server.RaftServer$Division (ServerState.java:<init>(105)) - om1@group-C5BA1605619E: ConfigurationManager, init=-1: [om1|rpc:localhost:9872|priority:0], old=null, confs=<EMPTY_MAP>
2022-02-24 16:55:39,733 [pool-307-thread-1] INFO  server.RaftServerConfigKeys (ConfUtils.java:logGet(44)) - raft.server.storage.dir = [/home/runner/work/ozone/ozone/hadoop-ozone/integration-test/target/test-dir/MiniOzoneClusterImpl-a9e0dedd-d836-4895-9472-52c2256152d3/ozone-meta/ratis] (custom)
2022-02-24 16:55:39,733 [pool-307-thread-1] INFO  server.RaftServerConfigKeys (ConfUtils.java:logGet(44)) - raft.server.log.corruption.policy = EXCEPTION (default)
2022-02-24 16:55:39,733 [pool-307-thread-1] INFO  server.RaftServerConfigKeys (ConfUtils.java:logGet(44)) - raft.server.storage.free-space.min = 0MB (=0) (default)
2022-02-24 16:55:39,733 [pool-307-thread-1] INFO  storage.RaftStorageDirectory (RaftStorageDirectoryImpl.java:analyzeStorage(135)) - The storage directory /home/runner/work/ozone/ozone/hadoop-ozone/integration-test/target/test-dir/MiniOzoneClusterImpl-a9e0dedd-d836-4895-9472-52c2256152d3/ozone-meta/ratis/bf265839-605b-3f16-9796-c5ba1605619e does not exist. Creating ...
2022-02-24 16:55:39,735 [pool-307-thread-1] INFO  storage.RaftStorageDirectory (RaftStorageDirectoryImpl.java:tryLock(230)) - Lock on /home/runner/work/ozone/ozone/hadoop-ozone/integration-test/target/test-dir/MiniOzoneClusterImpl-a9e0dedd-d836-4895-9472-52c2256152d3/ozone-meta/ratis/bf265839-605b-3f16-9796-c5ba1605619e/in_use.lock acquired by nodename 3150@fv-az59-243
2022-02-24 16:55:39,736 [pool-307-thread-1] INFO  storage.RaftStorage (RaftStorageImpl.java:format(89)) - Storage directory /home/runner/work/ozone/ozone/hadoop-ozone/integration-test/target/test-dir/MiniOzoneClusterImpl-a9e0dedd-d836-4895-9472-52c2256152d3/ozone-meta/ratis/bf265839-605b-3f16-9796-c5ba1605619e has been successfully formatted.
2022-02-24 16:55:39,736 [pool-307-thread-1] INFO  server.RaftServerConfigKeys (ConfUtils.java:logGet(44)) - raft.server.notification.no-leader.timeout = 120s (custom)
2022-02-24 16:55:39,737 [pool-307-thread-1] INFO  server.RaftServerConfigKeys (ConfUtils.java:logGet(44)) - raft.server.log.use.memory = false (default)
2022-02-24 16:55:39,737 [pool-307-thread-1] INFO  server.RaftServerConfigKeys (ConfUtils.java:logGet(44)) - raft.server.log.purge.gap = 1000000 (custom)
2022-02-24 16:55:39,737 [pool-307-thread-1] INFO  server.RaftServerConfigKeys (ConfUtils.java:logGet(44)) - raft.server.log.appender.buffer.byte-limit = 33554432 (custom)
2022-02-24 16:55:39,737 [pool-307-thread-1] INFO  server.RaftServerConfigKeys (ConfUtils.java:logGet(44)) - raft.server.log.segment.size.max = 4194304 (custom)
2022-02-24 16:55:39,737 [pool-307-thread-1] INFO  server.RaftServerConfigKeys (ConfUtils.java:logGet(44)) - raft.server.log.segment.cache.num.max = 2 (custom)
2022-02-24 16:55:39,737 [pool-307-thread-1] INFO  server.RaftServerConfigKeys (ConfUtils.java:logGet(44)) - raft.server.log.segment.cache.size.max = 200MB (=209715200) (default)
2022-02-24 16:55:39,737 [pool-307-thread-1] INFO  segmented.SegmentedRaftLogWorker (SegmentedRaftLogWorker.java:<init>(182)) - new om1@group-C5BA1605619E-SegmentedRaftLogWorker for RaftStorageImpl:Storage Directory /home/runner/work/ozone/ozone/hadoop-ozone/integration-test/target/test-dir/MiniOzoneClusterImpl-a9e0dedd-d836-4895-9472-52c2256152d3/ozone-meta/ratis/bf265839-605b-3f16-9796-c5ba1605619e
2022-02-24 16:55:39,737 [pool-307-thread-1] INFO  server.RaftServerConfigKeys (ConfUtils.java:logGet(44)) - raft.server.log.queue.byte-limit = 64MB (=67108864) (default)
2022-02-24 16:55:39,737 [pool-307-thread-1] INFO  server.RaftServerConfigKeys (ConfUtils.java:logGet(44)) - raft.server.log.queue.element-limit = 4096 (default)
2022-02-24 16:55:39,737 [pool-307-thread-1] INFO  server.RaftServerConfigKeys (ConfUtils.java:logGet(44)) - raft.server.log.segment.size.max = 4194304 (custom)
2022-02-24 16:55:39,737 [pool-307-thread-1] INFO  server.RaftServerConfigKeys (ConfUtils.java:logGet(44)) - raft.server.log.preallocated.size = 4194304 (custom)
2022-02-24 16:55:39,737 [pool-307-thread-1] INFO  server.RaftServerConfigKeys (ConfUtils.java:logGet(44)) - raft.server.log.force.sync.num = 128 (default)
2022-02-24 16:55:39,737 [pool-307-thread-1] INFO  server.RaftServerConfigKeys (ConfUtils.java:logGet(44)) - raft.server.log.statemachine.data.sync = true (default)
2022-02-24 16:55:39,737 [pool-307-thread-1] INFO  server.RaftServerConfigKeys (ConfUtils.java:logGet(44)) - raft.server.log.statemachine.data.sync.timeout = 10s (default)
2022-02-24 16:55:39,738 [pool-307-thread-1] INFO  server.RaftServerConfigKeys (ConfUtils.java:logGet(44)) - raft.server.log.statemachine.data.sync.timeout.retry = -1 (default)
2022-02-24 16:55:39,755 [Socket Reader #1 for port 0] INFO  ipc.Server (Server.java:run(1265)) - Starting Socket Reader #1 for port 0
2022-02-24 16:55:39,756 [pool-307-thread-1] INFO  server.RaftServerConfigKeys (ConfUtils.java:logGet(44)) - raft.server.log.write.buffer.size = 64KB (=65536) (default)
2022-02-24 16:55:39,756 [pool-307-thread-1] INFO  server.RaftServerConfigKeys (ConfUtils.java:logGet(44)) - raft.server.log.statemachine.data.caching.enabled = false (default)
2022-02-24 16:55:39,756 [pool-307-thread-1] INFO  segmented.SegmentedRaftLogWorker (SegmentedRaftLogWorker.java:lambda$new$0(133)) - om1@group-C5BA1605619E-SegmentedRaftLogWorker: flushIndex: setUnconditionally 0 -> -1
2022-02-24 16:55:39,756 [pool-307-thread-1] INFO  segmented.SegmentedRaftLogWorker (SegmentedRaftLogWorker.java:lambda$new$0(133)) - om1@group-C5BA1605619E-SegmentedRaftLogWorker: safeCacheEvictIndex: setUnconditionally 0 -> -1
2022-02-24 16:55:39,756 [pool-307-thread-1] INFO  server.RaftServerConfigKeys (ConfUtils.java:logGet(44)) - raft.server.snapshot.auto.trigger.enabled = true (custom)
2022-02-24 16:55:39,757 [pool-307-thread-1] INFO  server.RaftServerConfigKeys (ConfUtils.java:logGet(44)) - raft.server.snapshot.auto.trigger.threshold = 400000 (default)
2022-02-24 16:55:39,757 [pool-307-thread-1] INFO  server.RaftServerConfigKeys (ConfUtils.java:logGet(44)) - raft.server.snapshot.retention.file.num = -1 (default)
2022-02-24 16:55:39,757 [pool-307-thread-1] INFO  server.RaftServerConfigKeys (ConfUtils.java:logGet(44)) - raft.server.log.purge.upto.snapshot.index = true (custom)
2022-02-24 16:55:39,757 [pool-307-thread-1] INFO  server.RaftServerConfigKeys (ConfUtils.java:logGet(44)) - raft.server.retrycache.expirytime = 300s (custom)
2022-02-24 16:55:39,757 [pool-307-thread-1] INFO  server.RaftServerConfigKeys (ConfUtils.java:logGet(44)) - raft.server.retrycache.statistics.expirytime = 100μs (default)
2022-02-24 16:55:39,883 [Listener at 127.0.0.1/44987] INFO  impl.MetricsSystemImpl (MetricsSystemImpl.java:init(158)) - OzoneManager metrics system started (again)
2022-02-24 16:55:39,906 [Listener at 127.0.0.1/44987] INFO  om.OzoneManager (OzoneManager.java:start(1365)) - OzoneManager RPC server is listening at localhost/127.0.0.1:44987
2022-02-24 16:55:39,906 [Listener at 127.0.0.1/44987] INFO  ratis.OzoneManagerRatisServer (OzoneManagerRatisServer.java:start(554)) - Starting OzoneManagerRatisServer om1 at port 9872
2022-02-24 16:55:39,907 [Listener at 127.0.0.1/44987] INFO  server.RaftServer$Division (RaftServerImpl.java:start(301)) - om1@group-C5BA1605619E: start as a follower, conf=-1: [om1|rpc:localhost:9872|priority:0], old=null
2022-02-24 16:55:39,907 [Listener at 127.0.0.1/44987] INFO  server.RaftServer$Division (RaftServerImpl.java:setRole(290)) - om1@group-C5BA1605619E: changes role from      null to FOLLOWER at term 0 for startAsFollower
2022-02-24 16:55:39,907 [Listener at 127.0.0.1/44987] INFO  impl.RoleInfo (RoleInfo.java:updateAndGet(130)) - om1: start om1@group-C5BA1605619E-FollowerState
2022-02-24 16:55:39,919 [Listener at 127.0.0.1/44987] INFO  util.JmxRegister (JmxRegister.java:tryRegister(44)) - Successfully registered JMX Bean with object name Ratis:service=RaftServer,group=group-C5BA1605619E,id=om1
2022-02-24 16:55:39,927 [Listener at 127.0.0.1/44987] INFO  server.RaftServer (RaftServerProxy.java:lambda$start$5(374)) - om1: start RPC server
2022-02-24 16:55:39,927 [Listener at 127.0.0.1/44987] INFO  server.GrpcService (GrpcService.java:startImpl(253)) - om1: GrpcService started, listening on 9872
2022-02-24 16:55:39,958 [Listener at 127.0.0.1/44987] INFO  om.OzoneManager (OzoneManager.java:start(1381)) - Version File has different layout version (0) than OM DB (null). That is expected if this OM has never been finalized to a newer layout version.
2022-02-24 16:55:39,959 [org.apache.ratis.util.JvmPauseMonitor$$Lambda$431/1797702346@75bd099a] INFO  util.JvmPauseMonitor (JvmPauseMonitor.java:run(103)) - JvmPauseMonitor-om1: Started
2022-02-24 16:55:40,003 [Listener at 127.0.0.1/44987] INFO  http.BaseHttpServer (BaseHttpServer.java:newHttpServer2BuilderForOzone(209)) - Starting Web-server for ozoneManager at: http://0.0.0.0:0
2022-02-24 16:55:40,004 [Listener at 127.0.0.1/44987] INFO  http.BaseHttpServer (BaseHttpServer.java:<init>(107)) - Hadoop Security Enabled: false Ozone Security Enabled: false Ozone HTTP Security Enabled: false 
2022-02-24 16:55:40,005 [Listener at 127.0.0.1/44987] INFO  server.AuthenticationFilter (AuthenticationFilter.java:constructSecretProvider(240)) - Unable to initialize FileSignerSecretProvider, falling back to use random secrets.
2022-02-24 16:55:40,015 [Listener at 127.0.0.1/44987] WARN  http.HttpRequestLog (HttpRequestLog.java:getRequestLog(103)) - Jetty request log can only be enabled using Log4j
2022-02-24 16:55:40,016 [Listener at 127.0.0.1/44987] INFO  http.HttpServer2 (HttpServer2.java:addGlobalFilter(1030)) - Added global filter 'safety' (class=org.apache.hadoop.hdds.server.http.HttpServer2$QuotingInputFilter)
2022-02-24 16:55:40,016 [Listener at 127.0.0.1/44987] INFO  http.HttpServer2 (HttpServer2.java:addFilter(1006)) - Added filter static_user_filter (class=org.apache.hadoop.http.lib.StaticUserWebFilter$StaticUserFilter) to context ozoneManager
2022-02-24 16:55:40,016 [Listener at 127.0.0.1/44987] INFO  http.HttpServer2 (HttpServer2.java:addFilter(1014)) - Added filter static_user_filter (class=org.apache.hadoop.http.lib.StaticUserWebFilter$StaticUserFilter) to context static
2022-02-24 16:55:40,016 [Listener at 127.0.0.1/44987] INFO  http.HttpServer2 (HttpServer2.java:addFilter(1014)) - Added filter static_user_filter (class=org.apache.hadoop.http.lib.StaticUserWebFilter$StaticUserFilter) to context logs
2022-02-24 16:55:40,017 [Listener at 127.0.0.1/44987] INFO  http.HttpServer2 (HttpServer2.java:bindListener(1249)) - Jetty bound to port 43277
2022-02-24 16:55:40,017 [Listener at 127.0.0.1/44987] INFO  server.Server (Server.java:doStart(375)) - jetty-9.4.43.v20210629; built: 2021-06-30T11:07:22.254Z; git: 526006ecfa3af7f1a27ef3a288e2bef7ea9dd7e8; jvm 1.8.0_322-b06
2022-02-24 16:55:40,061 [Listener at 127.0.0.1/44987] INFO  server.session (DefaultSessionIdManager.java:doStart(334)) - DefaultSessionIdManager workerName=node0
2022-02-24 16:55:40,061 [Listener at 127.0.0.1/44987] INFO  server.session (DefaultSessionIdManager.java:doStart(339)) - No SessionScavenger set, using defaults
2022-02-24 16:55:40,061 [Listener at 127.0.0.1/44987] INFO  server.session (HouseKeeper.java:startScavenging(132)) - node0 Scavenging every 600000ms
2022-02-24 16:55:40,062 [Listener at 127.0.0.1/44987] INFO  handler.ContextHandler (ContextHandler.java:doStart(915)) - Started o.e.j.s.ServletContextHandler@3f10f127{logs,/logs,file:///home/runner/work/ozone/ozone/hadoop-ozone/integration-test/target/log,AVAILABLE}
2022-02-24 16:55:40,062 [Listener at 127.0.0.1/44987] INFO  handler.ContextHandler (ContextHandler.java:doStart(915)) - Started o.e.j.s.ServletContextHandler@5fb0fb51{static,/static,file:///home/runner/work/ozone/ozone/hadoop-ozone/integration-test/target/test-classes/webapps/static,AVAILABLE}
2022-02-24 16:55:40,065 [Listener at 127.0.0.1/44987] INFO  handler.ContextHandler (ContextHandler.java:doStart(915)) - Started o.e.j.w.WebAppContext@b03fd88{ozoneManager,/,file:///home/runner/work/ozone/ozone/hadoop-ozone/integration-test/target/test-classes/webapps/ozoneManager/,AVAILABLE}{file:/home/runner/work/ozone/ozone/hadoop-ozone/integration-test/target/test-classes/webapps/ozoneManager}
2022-02-24 16:55:40,096 [Listener at 127.0.0.1/44987] INFO  server.AbstractConnector (AbstractConnector.java:doStart(331)) - Started ServerConnector@d525ac8{HTTP/1.1, (http/1.1)}{0.0.0.0:43277}
2022-02-24 16:55:40,096 [Listener at 127.0.0.1/44987] INFO  server.Server (Server.java:doStart(415)) - Started @104726ms
2022-02-24 16:55:40,096 [Listener at 127.0.0.1/44987] WARN  impl.MetricsSystemImpl (MetricsSystemImpl.java:register(279)) - Sink prometheus already exists!
2022-02-24 16:55:40,097 [Listener at 127.0.0.1/44987] INFO  http.BaseHttpServer (BaseHttpServer.java:updateConnectorAddress(329)) - HTTP server of ozoneManager listening at http://0.0.0.0:43277
2022-02-24 16:55:40,103 [IPC Server listener on 0] INFO  ipc.Server (Server.java:run(1344)) - IPC Server listener on 0: starting
2022-02-24 16:55:40,133 [IPC Server Responder] INFO  ipc.Server (Server.java:run(1507)) - IPC Server Responder: starting
2022-02-24 16:55:40,142 [Listener at 127.0.0.1/44987] INFO  om.OzoneManager (OzoneManager.java:startTrashEmptier(1792)) - Trash Interval set to 0. Files deleted will not move to trash
2022-02-24 16:55:40,155 [org.apache.hadoop.util.JvmPauseMonitor$Monitor@3be154bb] INFO  util.JvmPauseMonitor (JvmPauseMonitor.java:run(188)) - Starting JVM pause monitor
2022-02-24 16:55:40,208 [Listener at 127.0.0.1/44987] WARN  impl.MetricRegistriesImpl (MetricRegistriesImpl.java:addReporterRegistration(111)) - New reporters are added after registries were created. Some metrics will be missing from the reporter. Please add reporter before adding any new registry.
2022-02-24 16:55:40,208 [Listener at 127.0.0.1/44987] WARN  impl.MetricRegistriesImpl (MetricRegistriesImpl.java:addReporterRegistration(111)) - New reporters are added after registries were created. Some metrics will be missing from the reporter. Please add reporter before adding any new registry.
2022-02-24 16:55:40,208 [Listener at 127.0.0.1/44987] INFO  impl.MetricsSystemImpl (MetricsSystemImpl.java:init(158)) - HddsDatanode metrics system started (again)
2022-02-24 16:55:40,261 [Listener at 127.0.0.1/44987] INFO  ozone.HddsDatanodeService (HddsDatanodeService.java:start(233)) - HddsDatanodeService host:fv-az59-243.csjynl4pkq3e1pkirw3ssqjfoh.cx.internal.cloudapp.net ip:10.1.0.37
2022-02-24 16:55:40,339 [Listener at 127.0.0.1/44987] INFO  upgrade.AbstractLayoutVersionManager (AbstractLayoutVersionManager.java:init(79)) - Initializing Layout version manager with metadata layout = SCM_HA (version = 2), software layout = SCM_HA (version = 2)
2022-02-24 16:55:40,460 [Listener at 127.0.0.1/44987] INFO  reflections.Reflections (Reflections.java:scan(232)) - Reflections took 120 ms to scan 7 urls, producing 121 keys and 285 values 
2022-02-24 16:55:40,472 [Listener at 127.0.0.1/44987] INFO  statemachine.DatanodeStateMachine (DatanodeStateMachine.java:getEndPointTaskThreadPoolSize(222)) - Datanode State Machine Task Thread Pool size 2
2022-02-24 16:55:40,487 [Listener at 127.0.0.1/44987] INFO  volume.HddsVolume (HddsVolume.java:<init>(120)) - Creating HddsVolume: /home/runner/work/ozone/ozone/hadoop-ozone/integration-test/target/test-dir/MiniOzoneClusterImpl-a9e0dedd-d836-4895-9472-52c2256152d3/datanode-0/data-0/containers/hdds of storage type : DISK capacity : 9223372036854775807
2022-02-24 16:55:40,488 [Listener at 127.0.0.1/44987] INFO  volume.MutableVolumeSet (MutableVolumeSet.java:initializeVolumeSet(168)) - Added Volume : /home/runner/work/ozone/ozone/hadoop-ozone/integration-test/target/test-dir/MiniOzoneClusterImpl-a9e0dedd-d836-4895-9472-52c2256152d3/datanode-0/data-0/containers/hdds to VolumeSet
2022-02-24 16:55:40,488 [Listener at 127.0.0.1/44987] INFO  volume.ThrottledAsyncChecker (ThrottledAsyncChecker.java:schedule(141)) - Scheduling a check for /home/runner/work/ozone/ozone/hadoop-ozone/integration-test/target/test-dir/MiniOzoneClusterImpl-a9e0dedd-d836-4895-9472-52c2256152d3/datanode-0/data-0/containers/hdds
2022-02-24 16:55:40,507 [Listener at 127.0.0.1/44987] INFO  volume.StorageVolumeChecker (StorageVolumeChecker.java:checkAllVolumes(202)) - Scheduled health check for volume /home/runner/work/ozone/ozone/hadoop-ozone/integration-test/target/test-dir/MiniOzoneClusterImpl-a9e0dedd-d836-4895-9472-52c2256152d3/datanode-0/data-0/containers/hdds
2022-02-24 16:55:40,540 [Listener at 127.0.0.1/44987] INFO  volume.MutableVolumeSet (MutableVolumeSet.java:initializeVolumeSet(168)) - Added Volume : /home/runner/work/ozone/ozone/hadoop-ozone/integration-test/target/test-dir/MiniOzoneClusterImpl-a9e0dedd-d836-4895-9472-52c2256152d3/datanode-0/data/ratis to VolumeSet
2022-02-24 16:55:40,541 [Listener at 127.0.0.1/44987] INFO  volume.ThrottledAsyncChecker (ThrottledAsyncChecker.java:schedule(141)) - Scheduling a check for /home/runner/work/ozone/ozone/hadoop-ozone/integration-test/target/test-dir/MiniOzoneClusterImpl-a9e0dedd-d836-4895-9472-52c2256152d3/datanode-0/data/ratis
2022-02-24 16:55:40,541 [Listener at 127.0.0.1/44987] INFO  volume.StorageVolumeChecker (StorageVolumeChecker.java:checkAllVolumes(202)) - Scheduled health check for volume /home/runner/work/ozone/ozone/hadoop-ozone/integration-test/target/test-dir/MiniOzoneClusterImpl-a9e0dedd-d836-4895-9472-52c2256152d3/datanode-0/data/ratis
2022-02-24 16:55:40,561 [Thread-814] INFO  ozoneimpl.ContainerReader (ContainerReader.java:readVolume(172)) - Finish verifying containers on volume /home/runner/work/ozone/ozone/hadoop-ozone/integration-test/target/test-dir/MiniOzoneClusterImpl-a9e0dedd-d836-4895-9472-52c2256152d3/datanode-0/data-0/containers/hdds
2022-02-24 16:55:40,561 [Listener at 127.0.0.1/44987] INFO  ozoneimpl.OzoneContainer (OzoneContainer.java:buildContainerSet(257)) - Build ContainerSet costs 0s
2022-02-24 16:55:40,563 [Listener at 127.0.0.1/44987] INFO  server.RaftServer (ConfUtils.java:logGet(44)) - raft.rpc.type = GRPC (default)
2022-02-24 16:55:40,564 [Listener at 127.0.0.1/44987] INFO  grpc.GrpcFactory (GrpcFactory.java:checkPooledByteBufAllocatorUseCacheForAllThreads(48)) - PERFORMANCE WARNING: useCacheForAllThreads is true that may cause Netty to create a lot garbage objects and, as a result, trigger GC.
	It is recommended to disable useCacheForAllThreads by setting -Dorg.apache.ratis.thirdparty.io.netty.allocator.useCacheForAllThreads=false in command line.
2022-02-24 16:55:40,564 [Listener at 127.0.0.1/44987] INFO  grpc.GrpcConfigKeys (ConfUtils.java:logGet(44)) - raft.grpc.admin.port = 0 (custom)
2022-02-24 16:55:40,564 [Listener at 127.0.0.1/44987] INFO  grpc.GrpcConfigKeys (ConfUtils.java:logGet(44)) - raft.grpc.client.port = 0 (custom)
2022-02-24 16:55:40,564 [Listener at 127.0.0.1/44987] INFO  grpc.GrpcConfigKeys (ConfUtils.java:logGet(44)) - raft.grpc.server.port = 0 (default)
2022-02-24 16:55:40,564 [Listener at 127.0.0.1/44987] INFO  server.GrpcService (ConfUtils.java:logGet(44)) - raft.grpc.message.size.max = 32MB (=33554432) (custom)
2022-02-24 16:55:40,564 [Listener at 127.0.0.1/44987] INFO  server.RaftServerConfigKeys (ConfUtils.java:logGet(44)) - raft.server.log.appender.buffer.byte-limit = 33554432 (custom)
2022-02-24 16:55:40,564 [Listener at 127.0.0.1/44987] INFO  server.GrpcService (ConfUtils.java:logGet(44)) - raft.grpc.flow.control.window = 5MB (=5242880) (custom)
2022-02-24 16:55:40,564 [Listener at 127.0.0.1/44987] INFO  server.RaftServerConfigKeys (ConfUtils.java:logGet(44)) - raft.server.rpc.request.timeout = 3000ms (default)
2022-02-24 16:55:40,579 [Listener at 127.0.0.1/44987] INFO  impl.DataStreamServerImpl (ConfUtils.java:logGet(44)) - raft.datastream.type = DISABLED (default)
2022-02-24 16:55:40,583 [Listener at 127.0.0.1/44987] INFO  server.RaftServerConfigKeys (ConfUtils.java:logGet(44)) - raft.server.rpc.slowness.timeout = 300000ms (custom)
2022-02-24 16:55:40,584 [Listener at 127.0.0.1/44987] INFO  server.RaftServerConfigKeys (ConfUtils.java:logGet(44)) - raft.server.leaderelection.leader.step-down.wait-time = 10s (default)
2022-02-24 16:55:40,584 [Listener at 127.0.0.1/44987] INFO  server.RaftServerConfigKeys (ConfUtils.java:logGet(44)) - raft.server.storage.dir = [/home/runner/work/ozone/ozone/hadoop-ozone/integration-test/target/test-dir/MiniOzoneClusterImpl-a9e0dedd-d836-4895-9472-52c2256152d3/datanode-0/data/ratis] (custom)
2022-02-24 16:55:40,585 [Listener at 127.0.0.1/44987] INFO  server.XceiverServerGrpc (XceiverServerGrpc.java:<init>(132)) - GrpcServer channel type EpollServerSocketChannel
2022-02-24 16:55:40,603 [Listener at 127.0.0.1/44987] INFO  http.BaseHttpServer (BaseHttpServer.java:newHttpServer2BuilderForOzone(209)) - Starting Web-server for hddsDatanode at: http://0.0.0.0:0
2022-02-24 16:55:40,604 [Listener at 127.0.0.1/44987] INFO  http.BaseHttpServer (BaseHttpServer.java:<init>(107)) - Hadoop Security Enabled: false Ozone Security Enabled: false Ozone HTTP Security Enabled: false 
2022-02-24 16:55:40,605 [Listener at 127.0.0.1/44987] INFO  server.AuthenticationFilter (AuthenticationFilter.java:constructSecretProvider(240)) - Unable to initialize FileSignerSecretProvider, falling back to use random secrets.
2022-02-24 16:55:40,609 [Listener at 127.0.0.1/44987] WARN  http.HttpRequestLog (HttpRequestLog.java:getRequestLog(103)) - Jetty request log can only be enabled using Log4j
2022-02-24 16:55:40,612 [Listener at 127.0.0.1/44987] INFO  http.HttpServer2 (HttpServer2.java:addGlobalFilter(1030)) - Added global filter 'safety' (class=org.apache.hadoop.hdds.server.http.HttpServer2$QuotingInputFilter)
2022-02-24 16:55:40,613 [Listener at 127.0.0.1/44987] INFO  http.HttpServer2 (HttpServer2.java:addFilter(1006)) - Added filter static_user_filter (class=org.apache.hadoop.http.lib.StaticUserWebFilter$StaticUserFilter) to context hddsDatanode
2022-02-24 16:55:40,613 [Listener at 127.0.0.1/44987] INFO  http.HttpServer2 (HttpServer2.java:addFilter(1014)) - Added filter static_user_filter (class=org.apache.hadoop.http.lib.StaticUserWebFilter$StaticUserFilter) to context logs
2022-02-24 16:55:40,613 [Listener at 127.0.0.1/44987] INFO  http.HttpServer2 (HttpServer2.java:addFilter(1014)) - Added filter static_user_filter (class=org.apache.hadoop.http.lib.StaticUserWebFilter$StaticUserFilter) to context static
2022-02-24 16:55:40,613 [Listener at 127.0.0.1/44987] INFO  http.HttpServer2 (HttpServer2.java:bindListener(1249)) - Jetty bound to port 40205
2022-02-24 16:55:40,613 [Listener at 127.0.0.1/44987] INFO  server.Server (Server.java:doStart(375)) - jetty-9.4.43.v20210629; built: 2021-06-30T11:07:22.254Z; git: 526006ecfa3af7f1a27ef3a288e2bef7ea9dd7e8; jvm 1.8.0_322-b06
2022-02-24 16:55:40,684 [Listener at 127.0.0.1/44987] INFO  server.session (DefaultSessionIdManager.java:doStart(334)) - DefaultSessionIdManager workerName=node0
2022-02-24 16:55:40,684 [Listener at 127.0.0.1/44987] INFO  server.session (DefaultSessionIdManager.java:doStart(339)) - No SessionScavenger set, using defaults
2022-02-24 16:55:40,685 [Listener at 127.0.0.1/44987] INFO  server.session (HouseKeeper.java:startScavenging(132)) - node0 Scavenging every 660000ms
2022-02-24 16:55:40,685 [Listener at 127.0.0.1/44987] INFO  handler.ContextHandler (ContextHandler.java:doStart(915)) - Started o.e.j.s.ServletContextHandler@6a347ef2{logs,/logs,file:///home/runner/work/ozone/ozone/hadoop-ozone/integration-test/target/log,AVAILABLE}
2022-02-24 16:55:40,686 [Listener at 127.0.0.1/44987] INFO  handler.ContextHandler (ContextHandler.java:doStart(915)) - Started o.e.j.s.ServletContextHandler@419c8f32{static,/static,jar:file:/home/runner/.m2/repository/org/apache/ozone/hdds-container-service/1.3.0-SNAPSHOT/hdds-container-service-1.3.0-SNAPSHOT.jar!/webapps/static,AVAILABLE}
2022-02-24 16:55:40,808 [Listener at 127.0.0.1/44987] INFO  handler.ContextHandler (ContextHandler.java:doStart(915)) - Started o.e.j.w.WebAppContext@61753e30{hddsDatanode,/,file:///tmp/jetty-0_0_0_0-40205-hdds-container-service-1_3_0-SNAPSHOT_jar-_-any-5583520757570310989/webapp/,AVAILABLE}{jar:file:/home/runner/.m2/repository/org/apache/ozone/hdds-container-service/1.3.0-SNAPSHOT/hdds-container-service-1.3.0-SNAPSHOT.jar!/webapps/hddsDatanode}
2022-02-24 16:55:40,817 [Listener at 127.0.0.1/44987] INFO  server.AbstractConnector (AbstractConnector.java:doStart(331)) - Started ServerConnector@47d68695{HTTP/1.1, (http/1.1)}{0.0.0.0:40205}
2022-02-24 16:55:40,817 [Listener at 127.0.0.1/44987] INFO  server.Server (Server.java:doStart(415)) - Started @105448ms
2022-02-24 16:55:40,818 [Listener at 127.0.0.1/44987] WARN  impl.MetricsSystemImpl (MetricsSystemImpl.java:register(279)) - Sink prometheus already exists!
2022-02-24 16:55:40,824 [Listener at 127.0.0.1/44987] INFO  http.BaseHttpServer (BaseHttpServer.java:updateConnectorAddress(329)) - HTTP server of hddsDatanode listening at http://0.0.0.0:40205
2022-02-24 16:55:40,826 [Listener at 127.0.0.1/44987] WARN  impl.MetricRegistriesImpl (MetricRegistriesImpl.java:addReporterRegistration(111)) - New reporters are added after registries were created. Some metrics will be missing from the reporter. Please add reporter before adding any new registry.
2022-02-24 16:55:40,826 [Listener at 127.0.0.1/44987] WARN  impl.MetricRegistriesImpl (MetricRegistriesImpl.java:addReporterRegistration(111)) - New reporters are added after registries were created. Some metrics will be missing from the reporter. Please add reporter before adding any new registry.
2022-02-24 16:55:40,826 [Listener at 127.0.0.1/44987] INFO  impl.MetricsSystemImpl (MetricsSystemImpl.java:init(158)) - HddsDatanode metrics system started (again)
2022-02-24 16:55:40,829 [Datanode State Machine Daemon Thread] INFO  statemachine.DatanodeStateMachine (DatanodeStateMachine.java:lambda$startDaemon$0(470)) - Ozone container server started.
2022-02-24 16:55:40,887 [org.apache.hadoop.util.JvmPauseMonitor$Monitor@7cd107b] INFO  util.JvmPauseMonitor (JvmPauseMonitor.java:run(188)) - Starting JVM pause monitor
2022-02-24 16:55:40,893 [Listener at 127.0.0.1/44987] INFO  ozone.HddsDatanodeService (HddsDatanodeService.java:start(233)) - HddsDatanodeService host:fv-az59-243.csjynl4pkq3e1pkirw3ssqjfoh.cx.internal.cloudapp.net ip:10.1.0.37
2022-02-24 16:55:40,935 [Datanode State Machine Task Thread - 0] INFO  datanode.InitDatanodeState (InitDatanodeState.java:persistContainerDatanodeDetails(138)) - DatanodeDetails is persisted to /home/runner/work/ozone/ozone/hadoop-ozone/integration-test/target/test-dir/MiniOzoneClusterImpl-a9e0dedd-d836-4895-9472-52c2256152d3/datanode-0/meta/datanode.id
2022-02-24 16:55:40,963 [om1@group-C5BA1605619E-FollowerState] INFO  impl.FollowerState (FollowerState.java:run(134)) - om1@group-C5BA1605619E-FollowerState: change to CANDIDATE, lastRpcElapsedTime:1056591834ns, electionTimeout:1044ms
2022-02-24 16:55:40,964 [om1@group-C5BA1605619E-FollowerState] INFO  impl.RoleInfo (RoleInfo.java:shutdownFollowerState(108)) - om1: shutdown om1@group-C5BA1605619E-FollowerState
2022-02-24 16:55:40,964 [om1@group-C5BA1605619E-FollowerState] INFO  server.RaftServer$Division (RaftServerImpl.java:setRole(290)) - om1@group-C5BA1605619E: changes role from  FOLLOWER to CANDIDATE at term 0 for changeToCandidate
2022-02-24 16:55:40,964 [om1@group-C5BA1605619E-FollowerState] INFO  server.RaftServerConfigKeys (ConfUtils.java:logGet(44)) - raft.server.leaderelection.pre-vote = false (custom)
2022-02-24 16:55:40,964 [om1@group-C5BA1605619E-FollowerState] INFO  impl.RoleInfo (RoleInfo.java:updateAndGet(130)) - om1: start om1@group-C5BA1605619E-LeaderElection43
2022-02-24 16:55:40,967 [Listener at 127.0.0.1/44987] INFO  upgrade.AbstractLayoutVersionManager (AbstractLayoutVersionManager.java:init(79)) - Initializing Layout version manager with metadata layout = SCM_HA (version = 2), software layout = SCM_HA (version = 2)
2022-02-24 16:55:41,009 [Listener at 127.0.0.1/44987] INFO  reflections.Reflections (Reflections.java:scan(232)) - Reflections took 41 ms to scan 7 urls, producing 121 keys and 285 values 
2022-02-24 16:55:41,010 [Listener at 127.0.0.1/44987] INFO  statemachine.DatanodeStateMachine (DatanodeStateMachine.java:getEndPointTaskThreadPoolSize(222)) - Datanode State Machine Task Thread Pool size 2
2022-02-24 16:55:41,011 [Listener at 127.0.0.1/44987] INFO  volume.HddsVolume (HddsVolume.java:<init>(120)) - Creating HddsVolume: /home/runner/work/ozone/ozone/hadoop-ozone/integration-test/target/test-dir/MiniOzoneClusterImpl-a9e0dedd-d836-4895-9472-52c2256152d3/datanode-1/data-0/containers/hdds of storage type : DISK capacity : 9223372036854775807
2022-02-24 16:55:41,011 [Listener at 127.0.0.1/44987] INFO  volume.MutableVolumeSet (MutableVolumeSet.java:initializeVolumeSet(168)) - Added Volume : /home/runner/work/ozone/ozone/hadoop-ozone/integration-test/target/test-dir/MiniOzoneClusterImpl-a9e0dedd-d836-4895-9472-52c2256152d3/datanode-1/data-0/containers/hdds to VolumeSet
2022-02-24 16:55:41,011 [Listener at 127.0.0.1/44987] INFO  volume.ThrottledAsyncChecker (ThrottledAsyncChecker.java:schedule(141)) - Scheduling a check for /home/runner/work/ozone/ozone/hadoop-ozone/integration-test/target/test-dir/MiniOzoneClusterImpl-a9e0dedd-d836-4895-9472-52c2256152d3/datanode-1/data-0/containers/hdds
2022-02-24 16:55:41,012 [Listener at 127.0.0.1/44987] INFO  volume.StorageVolumeChecker (StorageVolumeChecker.java:checkAllVolumes(202)) - Scheduled health check for volume /home/runner/work/ozone/ozone/hadoop-ozone/integration-test/target/test-dir/MiniOzoneClusterImpl-a9e0dedd-d836-4895-9472-52c2256152d3/datanode-1/data-0/containers/hdds
2022-02-24 16:55:41,020 [om1@group-C5BA1605619E-LeaderElection43] INFO  impl.LeaderElection (LeaderElection.java:askForVotes(306)) - om1@group-C5BA1605619E-LeaderElection43 ELECTION round 0: submit vote requests at term 1 for -1: [om1|rpc:localhost:9872|priority:0], old=null
2022-02-24 16:55:41,020 [om1@group-C5BA1605619E-LeaderElection43] INFO  impl.LeaderElection (LeaderElection.java:askForVotes(308)) - om1@group-C5BA1605619E-LeaderElection43 ELECTION round 0: result PASSED (term=1)
2022-02-24 16:55:41,020 [om1@group-C5BA1605619E-LeaderElection43] INFO  impl.RoleInfo (RoleInfo.java:shutdownLeaderElection(121)) - om1: shutdown om1@group-C5BA1605619E-LeaderElection43
2022-02-24 16:55:41,020 [om1@group-C5BA1605619E-LeaderElection43] INFO  server.RaftServer$Division (RaftServerImpl.java:setRole(290)) - om1@group-C5BA1605619E: changes role from CANDIDATE to LEADER at term 1 for changeToLeader
2022-02-24 16:55:41,020 [om1@group-C5BA1605619E-LeaderElection43] INFO  server.RaftServer$Division (ServerState.java:setLeader(285)) - om1@group-C5BA1605619E: change Leader from null to om1 at term 1 for becomeLeader, leader elected after 1283ms
2022-02-24 16:55:41,020 [om1@group-C5BA1605619E-LeaderElection43] INFO  server.RaftServerConfigKeys (ConfUtils.java:logGet(44)) - raft.server.staging.catchup.gap = 1000 (default)
2022-02-24 16:55:41,020 [om1@group-C5BA1605619E-LeaderElection43] INFO  server.RaftServerConfigKeys (ConfUtils.java:logGet(44)) - raft.server.write.element-limit = 4096 (default)
2022-02-24 16:55:41,020 [om1@group-C5BA1605619E-LeaderElection43] INFO  server.RaftServerConfigKeys (ConfUtils.java:logGet(44)) - raft.server.write.byte-limit = 64MB (=67108864) (default)
2022-02-24 16:55:41,021 [om1@group-C5BA1605619E-LeaderElection43] INFO  server.RaftServerConfigKeys (ConfUtils.java:logGet(44)) - raft.server.watch.timeout = 10s (default)
2022-02-24 16:55:41,021 [om1@group-C5BA1605619E-LeaderElection43] INFO  server.RaftServerConfigKeys (ConfUtils.java:logGet(44)) - raft.server.watch.timeout.denomination = 1s (default)
2022-02-24 16:55:41,021 [om1@group-C5BA1605619E-LeaderElection43] INFO  server.RaftServerConfigKeys (ConfUtils.java:logGet(44)) - raft.server.watch.element-limit = 65536 (default)
2022-02-24 16:55:41,021 [om1@group-C5BA1605619E-LeaderElection43] INFO  server.RaftServerConfigKeys (ConfUtils.java:logGet(44)) - raft.server.write.element-limit = 4096 (default)
2022-02-24 16:55:41,027 [om1@group-C5BA1605619E-LeaderElection43] INFO  server.RaftServerConfigKeys (ConfUtils.java:logGet(44)) - raft.server.write.follower.gap.ratio.max = -1.0 (default)
2022-02-24 16:55:41,027 [om1@group-C5BA1605619E-LeaderElection43] INFO  impl.RoleInfo (RoleInfo.java:updateAndGet(130)) - om1: start om1@group-C5BA1605619E-LeaderStateImpl
2022-02-24 16:55:41,027 [om1@group-C5BA1605619E-LeaderElection43] INFO  segmented.SegmentedRaftLogWorker (SegmentedRaftLogWorker.java:startLogSegment(394)) - om1@group-C5BA1605619E-SegmentedRaftLogWorker: Starting segment from index:0
2022-02-24 16:55:41,047 [om1@group-C5BA1605619E-SegmentedRaftLogWorker] INFO  segmented.SegmentedRaftLogWorker (SegmentedRaftLogWorker.java:execute(601)) - om1@group-C5BA1605619E-SegmentedRaftLogWorker: created new log segment /home/runner/work/ozone/ozone/hadoop-ozone/integration-test/target/test-dir/MiniOzoneClusterImpl-a9e0dedd-d836-4895-9472-52c2256152d3/ozone-meta/ratis/bf265839-605b-3f16-9796-c5ba1605619e/current/log_inprogress_0
2022-02-24 16:55:41,060 [Listener at 127.0.0.1/44987] INFO  volume.MutableVolumeSet (MutableVolumeSet.java:initializeVolumeSet(168)) - Added Volume : /home/runner/work/ozone/ozone/hadoop-ozone/integration-test/target/test-dir/MiniOzoneClusterImpl-a9e0dedd-d836-4895-9472-52c2256152d3/datanode-1/data/ratis to VolumeSet
2022-02-24 16:55:41,060 [Listener at 127.0.0.1/44987] INFO  volume.ThrottledAsyncChecker (ThrottledAsyncChecker.java:schedule(141)) - Scheduling a check for /home/runner/work/ozone/ozone/hadoop-ozone/integration-test/target/test-dir/MiniOzoneClusterImpl-a9e0dedd-d836-4895-9472-52c2256152d3/datanode-1/data/ratis
2022-02-24 16:55:41,060 [Listener at 127.0.0.1/44987] INFO  volume.StorageVolumeChecker (StorageVolumeChecker.java:checkAllVolumes(202)) - Scheduled health check for volume /home/runner/work/ozone/ozone/hadoop-ozone/integration-test/target/test-dir/MiniOzoneClusterImpl-a9e0dedd-d836-4895-9472-52c2256152d3/datanode-1/data/ratis
2022-02-24 16:55:41,063 [om1@group-C5BA1605619E-LeaderElection43] INFO  server.RaftServer$Division (ServerState.java:setRaftConf(387)) - om1@group-C5BA1605619E: set configuration 0: [om1|rpc:localhost:9872|admin:|client:|dataStream:|priority:0], old=null
2022-02-24 16:55:41,063 [om1@group-C5BA1605619E-StateMachineUpdater] INFO  ratis.OzoneManagerStateMachine (OzoneManagerStateMachine.java:notifyConfigurationChanged(188)) - Received Configuration change notification from Ratis. New Peer list:
[id: "om1"
address: "localhost:9872"
]
2022-02-24 16:55:41,077 [Thread-828] INFO  ozoneimpl.ContainerReader (ContainerReader.java:readVolume(172)) - Finish verifying containers on volume /home/runner/work/ozone/ozone/hadoop-ozone/integration-test/target/test-dir/MiniOzoneClusterImpl-a9e0dedd-d836-4895-9472-52c2256152d3/datanode-1/data-0/containers/hdds
2022-02-24 16:55:41,077 [Listener at 127.0.0.1/44987] INFO  ozoneimpl.OzoneContainer (OzoneContainer.java:buildContainerSet(257)) - Build ContainerSet costs 0s
2022-02-24 16:55:41,079 [Listener at 127.0.0.1/44987] INFO  server.RaftServer (ConfUtils.java:logGet(44)) - raft.rpc.type = GRPC (default)
2022-02-24 16:55:41,079 [Listener at 127.0.0.1/44987] INFO  grpc.GrpcFactory (GrpcFactory.java:checkPooledByteBufAllocatorUseCacheForAllThreads(48)) - PERFORMANCE WARNING: useCacheForAllThreads is true that may cause Netty to create a lot garbage objects and, as a result, trigger GC.
	It is recommended to disable useCacheForAllThreads by setting -Dorg.apache.ratis.thirdparty.io.netty.allocator.useCacheForAllThreads=false in command line.
2022-02-24 16:55:41,082 [Listener at 127.0.0.1/44987] INFO  grpc.GrpcConfigKeys (ConfUtils.java:logGet(44)) - raft.grpc.admin.port = 0 (custom)
2022-02-24 16:55:41,082 [Listener at 127.0.0.1/44987] INFO  grpc.GrpcConfigKeys (ConfUtils.java:logGet(44)) - raft.grpc.client.port = 0 (custom)
2022-02-24 16:55:41,082 [Listener at 127.0.0.1/44987] INFO  grpc.GrpcConfigKeys (ConfUtils.java:logGet(44)) - raft.grpc.server.port = 0 (default)
2022-02-24 16:55:41,082 [Listener at 127.0.0.1/44987] INFO  server.GrpcService (ConfUtils.java:logGet(44)) - raft.grpc.message.size.max = 32MB (=33554432) (custom)
2022-02-24 16:55:41,087 [Listener at 127.0.0.1/44987] INFO  server.RaftServerConfigKeys (ConfUtils.java:logGet(44)) - raft.server.log.appender.buffer.byte-limit = 33554432 (custom)
2022-02-24 16:55:41,087 [Listener at 127.0.0.1/44987] INFO  server.GrpcService (ConfUtils.java:logGet(44)) - raft.grpc.flow.control.window = 5MB (=5242880) (custom)
2022-02-24 16:55:41,087 [Listener at 127.0.0.1/44987] INFO  server.RaftServerConfigKeys (ConfUtils.java:logGet(44)) - raft.server.rpc.request.timeout = 3000ms (default)
2022-02-24 16:55:41,089 [Listener at 127.0.0.1/44987] INFO  impl.DataStreamServerImpl (ConfUtils.java:logGet(44)) - raft.datastream.type = DISABLED (default)
2022-02-24 16:55:41,095 [Listener at 127.0.0.1/44987] INFO  server.RaftServerConfigKeys (ConfUtils.java:logGet(44)) - raft.server.rpc.slowness.timeout = 300000ms (custom)
2022-02-24 16:55:41,095 [Listener at 127.0.0.1/44987] INFO  server.RaftServerConfigKeys (ConfUtils.java:logGet(44)) - raft.server.leaderelection.leader.step-down.wait-time = 10s (default)
2022-02-24 16:55:41,095 [Listener at 127.0.0.1/44987] INFO  server.RaftServerConfigKeys (ConfUtils.java:logGet(44)) - raft.server.storage.dir = [/home/runner/work/ozone/ozone/hadoop-ozone/integration-test/target/test-dir/MiniOzoneClusterImpl-a9e0dedd-d836-4895-9472-52c2256152d3/datanode-1/data/ratis] (custom)
2022-02-24 16:55:41,096 [Listener at 127.0.0.1/44987] INFO  server.XceiverServerGrpc (XceiverServerGrpc.java:<init>(132)) - GrpcServer channel type EpollServerSocketChannel
2022-02-24 16:55:41,109 [Listener at 127.0.0.1/44987] INFO  http.BaseHttpServer (BaseHttpServer.java:newHttpServer2BuilderForOzone(209)) - Starting Web-server for hddsDatanode at: http://0.0.0.0:0
2022-02-24 16:55:41,109 [Listener at 127.0.0.1/44987] INFO  http.BaseHttpServer (BaseHttpServer.java:<init>(107)) - Hadoop Security Enabled: false Ozone Security Enabled: false Ozone HTTP Security Enabled: false 
2022-02-24 16:55:41,110 [Listener at 127.0.0.1/44987] INFO  server.AuthenticationFilter (AuthenticationFilter.java:constructSecretProvider(240)) - Unable to initialize FileSignerSecretProvider, falling back to use random secrets.
2022-02-24 16:55:41,111 [Listener at 127.0.0.1/44987] WARN  http.HttpRequestLog (HttpRequestLog.java:getRequestLog(103)) - Jetty request log can only be enabled using Log4j
2022-02-24 16:55:41,112 [Listener at 127.0.0.1/44987] INFO  http.HttpServer2 (HttpServer2.java:addGlobalFilter(1030)) - Added global filter 'safety' (class=org.apache.hadoop.hdds.server.http.HttpServer2$QuotingInputFilter)
2022-02-24 16:55:41,115 [Listener at 127.0.0.1/44987] INFO  http.HttpServer2 (HttpServer2.java:addFilter(1006)) - Added filter static_user_filter (class=org.apache.hadoop.http.lib.StaticUserWebFilter$StaticUserFilter) to context hddsDatanode
2022-02-24 16:55:41,118 [Listener at 127.0.0.1/44987] INFO  http.HttpServer2 (HttpServer2.java:addFilter(1014)) - Added filter static_user_filter (class=org.apache.hadoop.http.lib.StaticUserWebFilter$StaticUserFilter) to context static
2022-02-24 16:55:41,118 [Listener at 127.0.0.1/44987] INFO  http.HttpServer2 (HttpServer2.java:addFilter(1014)) - Added filter static_user_filter (class=org.apache.hadoop.http.lib.StaticUserWebFilter$StaticUserFilter) to context logs
2022-02-24 16:55:41,119 [Listener at 127.0.0.1/44987] INFO  http.HttpServer2 (HttpServer2.java:bindListener(1249)) - Jetty bound to port 41679
2022-02-24 16:55:41,119 [Listener at 127.0.0.1/44987] INFO  server.Server (Server.java:doStart(375)) - jetty-9.4.43.v20210629; built: 2021-06-30T11:07:22.254Z; git: 526006ecfa3af7f1a27ef3a288e2bef7ea9dd7e8; jvm 1.8.0_322-b06
2022-02-24 16:55:41,152 [Listener at 127.0.0.1/44987] INFO  server.session (DefaultSessionIdManager.java:doStart(334)) - DefaultSessionIdManager workerName=node0
2022-02-24 16:55:41,152 [Listener at 127.0.0.1/44987] INFO  server.session (DefaultSessionIdManager.java:doStart(339)) - No SessionScavenger set, using defaults
2022-02-24 16:55:41,152 [Listener at 127.0.0.1/44987] INFO  server.session (HouseKeeper.java:startScavenging(132)) - node0 Scavenging every 660000ms
2022-02-24 16:55:41,160 [Listener at 127.0.0.1/44987] INFO  handler.ContextHandler (ContextHandler.java:doStart(915)) - Started o.e.j.s.ServletContextHandler@c05cff9{logs,/logs,file:///home/runner/work/ozone/ozone/hadoop-ozone/integration-test/target/log,AVAILABLE}
2022-02-24 16:55:41,160 [Listener at 127.0.0.1/44987] INFO  handler.ContextHandler (ContextHandler.java:doStart(915)) - Started o.e.j.s.ServletContextHandler@16cc0538{static,/static,jar:file:/home/runner/.m2/repository/org/apache/ozone/hdds-container-service/1.3.0-SNAPSHOT/hdds-container-service-1.3.0-SNAPSHOT.jar!/webapps/static,AVAILABLE}
2022-02-24 16:55:41,340 [Listener at 127.0.0.1/44987] INFO  handler.ContextHandler (ContextHandler.java:doStart(915)) - Started o.e.j.w.WebAppContext@3731ad36{hddsDatanode,/,file:///tmp/jetty-0_0_0_0-41679-hdds-container-service-1_3_0-SNAPSHOT_jar-_-any-2266105817935944214/webapp/,AVAILABLE}{jar:file:/home/runner/.m2/repository/org/apache/ozone/hdds-container-service/1.3.0-SNAPSHOT/hdds-container-service-1.3.0-SNAPSHOT.jar!/webapps/hddsDatanode}
2022-02-24 16:55:41,355 [Listener at 127.0.0.1/44987] INFO  server.AbstractConnector (AbstractConnector.java:doStart(331)) - Started ServerConnector@5915d01f{HTTP/1.1, (http/1.1)}{0.0.0.0:41679}
2022-02-24 16:55:41,359 [Listener at 127.0.0.1/44987] INFO  server.Server (Server.java:doStart(415)) - Started @105989ms
2022-02-24 16:55:41,359 [Listener at 127.0.0.1/44987] WARN  impl.MetricsSystemImpl (MetricsSystemImpl.java:register(279)) - Sink prometheus already exists!
2022-02-24 16:55:41,359 [Listener at 127.0.0.1/44987] INFO  http.BaseHttpServer (BaseHttpServer.java:updateConnectorAddress(329)) - HTTP server of hddsDatanode listening at http://0.0.0.0:41679
2022-02-24 16:55:41,360 [Listener at 127.0.0.1/44987] WARN  impl.MetricRegistriesImpl (MetricRegistriesImpl.java:addReporterRegistration(111)) - New reporters are added after registries were created. Some metrics will be missing from the reporter. Please add reporter before adding any new registry.
2022-02-24 16:55:41,360 [Listener at 127.0.0.1/44987] WARN  impl.MetricRegistriesImpl (MetricRegistriesImpl.java:addReporterRegistration(111)) - New reporters are added after registries were created. Some metrics will be missing from the reporter. Please add reporter before adding any new registry.
2022-02-24 16:55:41,360 [Listener at 127.0.0.1/44987] INFO  impl.MetricsSystemImpl (MetricsSystemImpl.java:init(158)) - HddsDatanode metrics system started (again)
2022-02-24 16:55:41,375 [Datanode State Machine Daemon Thread] INFO  statemachine.DatanodeStateMachine (DatanodeStateMachine.java:lambda$startDaemon$0(470)) - Ozone container server started.
2022-02-24 16:55:41,387 [org.apache.hadoop.util.JvmPauseMonitor$Monitor@8efd5fe] INFO  util.JvmPauseMonitor (JvmPauseMonitor.java:run(188)) - Starting JVM pause monitor
2022-02-24 16:55:41,454 [Listener at 127.0.0.1/44987] INFO  ozone.HddsDatanodeService (HddsDatanodeService.java:start(233)) - HddsDatanodeService host:fv-az59-243.csjynl4pkq3e1pkirw3ssqjfoh.cx.internal.cloudapp.net ip:10.1.0.37
2022-02-24 16:55:41,504 [Listener at 127.0.0.1/44987] INFO  upgrade.AbstractLayoutVersionManager (AbstractLayoutVersionManager.java:init(79)) - Initializing Layout version manager with metadata layout = SCM_HA (version = 2), software layout = SCM_HA (version = 2)
2022-02-24 16:55:41,516 [Datanode State Machine Task Thread - 0] INFO  datanode.InitDatanodeState (InitDatanodeState.java:persistContainerDatanodeDetails(138)) - DatanodeDetails is persisted to /home/runner/work/ozone/ozone/hadoop-ozone/integration-test/target/test-dir/MiniOzoneClusterImpl-a9e0dedd-d836-4895-9472-52c2256152d3/datanode-1/meta/datanode.id
2022-02-24 16:55:41,671 [Listener at 127.0.0.1/44987] INFO  reflections.Reflections (Reflections.java:scan(232)) - Reflections took 166 ms to scan 7 urls, producing 121 keys and 285 values 
2022-02-24 16:55:41,673 [Listener at 127.0.0.1/44987] INFO  statemachine.DatanodeStateMachine (DatanodeStateMachine.java:getEndPointTaskThreadPoolSize(222)) - Datanode State Machine Task Thread Pool size 2
2022-02-24 16:55:41,675 [Listener at 127.0.0.1/44987] INFO  volume.HddsVolume (HddsVolume.java:<init>(120)) - Creating HddsVolume: /home/runner/work/ozone/ozone/hadoop-ozone/integration-test/target/test-dir/MiniOzoneClusterImpl-a9e0dedd-d836-4895-9472-52c2256152d3/datanode-2/data-0/containers/hdds of storage type : DISK capacity : 9223372036854775807
2022-02-24 16:55:41,675 [Listener at 127.0.0.1/44987] INFO  volume.MutableVolumeSet (MutableVolumeSet.java:initializeVolumeSet(168)) - Added Volume : /home/runner/work/ozone/ozone/hadoop-ozone/integration-test/target/test-dir/MiniOzoneClusterImpl-a9e0dedd-d836-4895-9472-52c2256152d3/datanode-2/data-0/containers/hdds to VolumeSet
2022-02-24 16:55:41,675 [Listener at 127.0.0.1/44987] INFO  volume.ThrottledAsyncChecker (ThrottledAsyncChecker.java:schedule(141)) - Scheduling a check for /home/runner/work/ozone/ozone/hadoop-ozone/integration-test/target/test-dir/MiniOzoneClusterImpl-a9e0dedd-d836-4895-9472-52c2256152d3/datanode-2/data-0/containers/hdds
2022-02-24 16:55:41,676 [Listener at 127.0.0.1/44987] INFO  volume.StorageVolumeChecker (StorageVolumeChecker.java:checkAllVolumes(202)) - Scheduled health check for volume /home/runner/work/ozone/ozone/hadoop-ozone/integration-test/target/test-dir/MiniOzoneClusterImpl-a9e0dedd-d836-4895-9472-52c2256152d3/datanode-2/data-0/containers/hdds
2022-02-24 16:55:41,692 [Listener at 127.0.0.1/44987] INFO  volume.MutableVolumeSet (MutableVolumeSet.java:initializeVolumeSet(168)) - Added Volume : /home/runner/work/ozone/ozone/hadoop-ozone/integration-test/target/test-dir/MiniOzoneClusterImpl-a9e0dedd-d836-4895-9472-52c2256152d3/datanode-2/data/ratis to VolumeSet
2022-02-24 16:55:41,692 [Listener at 127.0.0.1/44987] INFO  volume.ThrottledAsyncChecker (ThrottledAsyncChecker.java:schedule(141)) - Scheduling a check for /home/runner/work/ozone/ozone/hadoop-ozone/integration-test/target/test-dir/MiniOzoneClusterImpl-a9e0dedd-d836-4895-9472-52c2256152d3/datanode-2/data/ratis
2022-02-24 16:55:41,693 [Listener at 127.0.0.1/44987] INFO  volume.StorageVolumeChecker (StorageVolumeChecker.java:checkAllVolumes(202)) - Scheduled health check for volume /home/runner/work/ozone/ozone/hadoop-ozone/integration-test/target/test-dir/MiniOzoneClusterImpl-a9e0dedd-d836-4895-9472-52c2256152d3/datanode-2/data/ratis
2022-02-24 16:55:41,775 [Thread-840] INFO  ozoneimpl.ContainerReader (ContainerReader.java:readVolume(172)) - Finish verifying containers on volume /home/runner/work/ozone/ozone/hadoop-ozone/integration-test/target/test-dir/MiniOzoneClusterImpl-a9e0dedd-d836-4895-9472-52c2256152d3/datanode-2/data-0/containers/hdds
2022-02-24 16:55:41,775 [Listener at 127.0.0.1/44987] INFO  ozoneimpl.OzoneContainer (OzoneContainer.java:buildContainerSet(257)) - Build ContainerSet costs 0s
2022-02-24 16:55:41,778 [Listener at 127.0.0.1/44987] INFO  server.RaftServer (ConfUtils.java:logGet(44)) - raft.rpc.type = GRPC (default)
2022-02-24 16:55:41,778 [Listener at 127.0.0.1/44987] INFO  grpc.GrpcFactory (GrpcFactory.java:checkPooledByteBufAllocatorUseCacheForAllThreads(48)) - PERFORMANCE WARNING: useCacheForAllThreads is true that may cause Netty to create a lot garbage objects and, as a result, trigger GC.
	It is recommended to disable useCacheForAllThreads by setting -Dorg.apache.ratis.thirdparty.io.netty.allocator.useCacheForAllThreads=false in command line.
2022-02-24 16:55:41,778 [Listener at 127.0.0.1/44987] INFO  grpc.GrpcConfigKeys (ConfUtils.java:logGet(44)) - raft.grpc.admin.port = 0 (custom)
2022-02-24 16:55:41,778 [Listener at 127.0.0.1/44987] INFO  grpc.GrpcConfigKeys (ConfUtils.java:logGet(44)) - raft.grpc.client.port = 0 (custom)
2022-02-24 16:55:41,778 [Listener at 127.0.0.1/44987] INFO  grpc.GrpcConfigKeys (ConfUtils.java:logGet(44)) - raft.grpc.server.port = 0 (default)
2022-02-24 16:55:41,778 [Listener at 127.0.0.1/44987] INFO  server.GrpcService (ConfUtils.java:logGet(44)) - raft.grpc.message.size.max = 32MB (=33554432) (custom)
2022-02-24 16:55:41,778 [Listener at 127.0.0.1/44987] INFO  server.RaftServerConfigKeys (ConfUtils.java:logGet(44)) - raft.server.log.appender.buffer.byte-limit = 33554432 (custom)
2022-02-24 16:55:41,778 [Listener at 127.0.0.1/44987] INFO  server.GrpcService (ConfUtils.java:logGet(44)) - raft.grpc.flow.control.window = 5MB (=5242880) (custom)
2022-02-24 16:55:41,778 [Listener at 127.0.0.1/44987] INFO  server.RaftServerConfigKeys (ConfUtils.java:logGet(44)) - raft.server.rpc.request.timeout = 3000ms (default)
2022-02-24 16:55:41,784 [Listener at 127.0.0.1/44987] INFO  impl.DataStreamServerImpl (ConfUtils.java:logGet(44)) - raft.datastream.type = DISABLED (default)
2022-02-24 16:55:41,784 [Listener at 127.0.0.1/44987] INFO  server.RaftServerConfigKeys (ConfUtils.java:logGet(44)) - raft.server.rpc.slowness.timeout = 300000ms (custom)
2022-02-24 16:55:41,784 [Listener at 127.0.0.1/44987] INFO  server.RaftServerConfigKeys (ConfUtils.java:logGet(44)) - raft.server.leaderelection.leader.step-down.wait-time = 10s (default)
2022-02-24 16:55:41,785 [Listener at 127.0.0.1/44987] INFO  server.RaftServerConfigKeys (ConfUtils.java:logGet(44)) - raft.server.storage.dir = [/home/runner/work/ozone/ozone/hadoop-ozone/integration-test/target/test-dir/MiniOzoneClusterImpl-a9e0dedd-d836-4895-9472-52c2256152d3/datanode-2/data/ratis] (custom)
2022-02-24 16:55:41,786 [Listener at 127.0.0.1/44987] INFO  server.XceiverServerGrpc (XceiverServerGrpc.java:<init>(132)) - GrpcServer channel type EpollServerSocketChannel
2022-02-24 16:55:41,815 [Listener at 127.0.0.1/44987] INFO  http.BaseHttpServer (BaseHttpServer.java:newHttpServer2BuilderForOzone(209)) - Starting Web-server for hddsDatanode at: http://0.0.0.0:0
2022-02-24 16:55:41,816 [Listener at 127.0.0.1/44987] INFO  http.BaseHttpServer (BaseHttpServer.java:<init>(107)) - Hadoop Security Enabled: false Ozone Security Enabled: false Ozone HTTP Security Enabled: false 
2022-02-24 16:55:41,817 [Listener at 127.0.0.1/44987] INFO  server.AuthenticationFilter (AuthenticationFilter.java:constructSecretProvider(240)) - Unable to initialize FileSignerSecretProvider, falling back to use random secrets.
2022-02-24 16:55:41,825 [Listener at 127.0.0.1/44987] WARN  http.HttpRequestLog (HttpRequestLog.java:getRequestLog(103)) - Jetty request log can only be enabled using Log4j
2022-02-24 16:55:41,826 [Listener at 127.0.0.1/44987] INFO  http.HttpServer2 (HttpServer2.java:addGlobalFilter(1030)) - Added global filter 'safety' (class=org.apache.hadoop.hdds.server.http.HttpServer2$QuotingInputFilter)
2022-02-24 16:55:41,827 [Listener at 127.0.0.1/44987] INFO  http.HttpServer2 (HttpServer2.java:addFilter(1006)) - Added filter static_user_filter (class=org.apache.hadoop.http.lib.StaticUserWebFilter$StaticUserFilter) to context hddsDatanode
2022-02-24 16:55:41,831 [Listener at 127.0.0.1/44987] INFO  http.HttpServer2 (HttpServer2.java:addFilter(1014)) - Added filter static_user_filter (class=org.apache.hadoop.http.lib.StaticUserWebFilter$StaticUserFilter) to context logs
2022-02-24 16:55:41,831 [Listener at 127.0.0.1/44987] INFO  http.HttpServer2 (HttpServer2.java:addFilter(1014)) - Added filter static_user_filter (class=org.apache.hadoop.http.lib.StaticUserWebFilter$StaticUserFilter) to context static
2022-02-24 16:55:41,833 [Listener at 127.0.0.1/44987] INFO  http.HttpServer2 (HttpServer2.java:bindListener(1249)) - Jetty bound to port 36327
2022-02-24 16:55:41,833 [Listener at 127.0.0.1/44987] INFO  server.Server (Server.java:doStart(375)) - jetty-9.4.43.v20210629; built: 2021-06-30T11:07:22.254Z; git: 526006ecfa3af7f1a27ef3a288e2bef7ea9dd7e8; jvm 1.8.0_322-b06
2022-02-24 16:55:41,903 [Listener at 127.0.0.1/44987] INFO  server.session (DefaultSessionIdManager.java:doStart(334)) - DefaultSessionIdManager workerName=node0
2022-02-24 16:55:41,903 [Listener at 127.0.0.1/44987] INFO  server.session (DefaultSessionIdManager.java:doStart(339)) - No SessionScavenger set, using defaults
2022-02-24 16:55:41,903 [Listener at 127.0.0.1/44987] INFO  server.session (HouseKeeper.java:startScavenging(132)) - node0 Scavenging every 600000ms
2022-02-24 16:55:41,911 [Listener at 127.0.0.1/44987] INFO  handler.ContextHandler (ContextHandler.java:doStart(915)) - Started o.e.j.s.ServletContextHandler@2af9afca{logs,/logs,file:///home/runner/work/ozone/ozone/hadoop-ozone/integration-test/target/log,AVAILABLE}
2022-02-24 16:55:41,911 [Listener at 127.0.0.1/44987] INFO  handler.ContextHandler (ContextHandler.java:doStart(915)) - Started o.e.j.s.ServletContextHandler@77173e1d{static,/static,jar:file:/home/runner/.m2/repository/org/apache/ozone/hdds-container-service/1.3.0-SNAPSHOT/hdds-container-service-1.3.0-SNAPSHOT.jar!/webapps/static,AVAILABLE}
2022-02-24 16:55:42,073 [Listener at 127.0.0.1/44987] INFO  handler.ContextHandler (ContextHandler.java:doStart(915)) - Started o.e.j.w.WebAppContext@4b52c6d6{hddsDatanode,/,file:///tmp/jetty-0_0_0_0-36327-hdds-container-service-1_3_0-SNAPSHOT_jar-_-any-5231920435610252742/webapp/,AVAILABLE}{jar:file:/home/runner/.m2/repository/org/apache/ozone/hdds-container-service/1.3.0-SNAPSHOT/hdds-container-service-1.3.0-SNAPSHOT.jar!/webapps/hddsDatanode}
2022-02-24 16:55:42,082 [Listener at 127.0.0.1/44987] INFO  server.AbstractConnector (AbstractConnector.java:doStart(331)) - Started ServerConnector@1c894a6f{HTTP/1.1, (http/1.1)}{0.0.0.0:36327}
2022-02-24 16:55:42,082 [Listener at 127.0.0.1/44987] INFO  server.Server (Server.java:doStart(415)) - Started @106713ms
2022-02-24 16:55:42,083 [Listener at 127.0.0.1/44987] WARN  impl.MetricsSystemImpl (MetricsSystemImpl.java:register(279)) - Sink prometheus already exists!
2022-02-24 16:55:42,084 [Listener at 127.0.0.1/44987] INFO  http.BaseHttpServer (BaseHttpServer.java:updateConnectorAddress(329)) - HTTP server of hddsDatanode listening at http://0.0.0.0:36327
2022-02-24 16:55:42,095 [Listener at 127.0.0.1/44987] WARN  impl.MetricRegistriesImpl (MetricRegistriesImpl.java:addReporterRegistration(111)) - New reporters are added after registries were created. Some metrics will be missing from the reporter. Please add reporter before adding any new registry.
2022-02-24 16:55:42,095 [Listener at 127.0.0.1/44987] WARN  impl.MetricRegistriesImpl (MetricRegistriesImpl.java:addReporterRegistration(111)) - New reporters are added after registries were created. Some metrics will be missing from the reporter. Please add reporter before adding any new registry.
2022-02-24 16:55:42,095 [Listener at 127.0.0.1/44987] INFO  impl.MetricsSystemImpl (MetricsSystemImpl.java:init(158)) - HddsDatanode metrics system started (again)
2022-02-24 16:55:42,103 [Datanode State Machine Daemon Thread] INFO  statemachine.DatanodeStateMachine (DatanodeStateMachine.java:lambda$startDaemon$0(470)) - Ozone container server started.
2022-02-24 16:55:42,146 [org.apache.hadoop.util.JvmPauseMonitor$Monitor@5d34df9d] INFO  util.JvmPauseMonitor (JvmPauseMonitor.java:run(188)) - Starting JVM pause monitor
2022-02-24 16:55:42,161 [Listener at 127.0.0.1/44987] INFO  ozone.HddsDatanodeService (HddsDatanodeService.java:start(233)) - HddsDatanodeService host:fv-az59-243.csjynl4pkq3e1pkirw3ssqjfoh.cx.internal.cloudapp.net ip:10.1.0.37
2022-02-24 16:55:42,188 [Datanode State Machine Task Thread - 0] INFO  datanode.InitDatanodeState (InitDatanodeState.java:persistContainerDatanodeDetails(138)) - DatanodeDetails is persisted to /home/runner/work/ozone/ozone/hadoop-ozone/integration-test/target/test-dir/MiniOzoneClusterImpl-a9e0dedd-d836-4895-9472-52c2256152d3/datanode-2/meta/datanode.id
2022-02-24 16:55:42,213 [Listener at 127.0.0.1/44987] INFO  upgrade.AbstractLayoutVersionManager (AbstractLayoutVersionManager.java:init(79)) - Initializing Layout version manager with metadata layout = SCM_HA (version = 2), software layout = SCM_HA (version = 2)
2022-02-24 16:55:42,368 [Listener at 127.0.0.1/44987] INFO  reflections.Reflections (Reflections.java:scan(232)) - Reflections took 146 ms to scan 7 urls, producing 121 keys and 285 values 
2022-02-24 16:55:42,369 [Listener at 127.0.0.1/44987] INFO  statemachine.DatanodeStateMachine (DatanodeStateMachine.java:getEndPointTaskThreadPoolSize(222)) - Datanode State Machine Task Thread Pool size 2
2022-02-24 16:55:42,392 [Listener at 127.0.0.1/44987] INFO  volume.HddsVolume (HddsVolume.java:<init>(120)) - Creating HddsVolume: /home/runner/work/ozone/ozone/hadoop-ozone/integration-test/target/test-dir/MiniOzoneClusterImpl-a9e0dedd-d836-4895-9472-52c2256152d3/datanode-3/data-0/containers/hdds of storage type : DISK capacity : 9223372036854775807
2022-02-24 16:55:42,393 [Listener at 127.0.0.1/44987] INFO  volume.MutableVolumeSet (MutableVolumeSet.java:initializeVolumeSet(168)) - Added Volume : /home/runner/work/ozone/ozone/hadoop-ozone/integration-test/target/test-dir/MiniOzoneClusterImpl-a9e0dedd-d836-4895-9472-52c2256152d3/datanode-3/data-0/containers/hdds to VolumeSet
2022-02-24 16:55:42,393 [Listener at 127.0.0.1/44987] INFO  volume.ThrottledAsyncChecker (ThrottledAsyncChecker.java:schedule(141)) - Scheduling a check for /home/runner/work/ozone/ozone/hadoop-ozone/integration-test/target/test-dir/MiniOzoneClusterImpl-a9e0dedd-d836-4895-9472-52c2256152d3/datanode-3/data-0/containers/hdds
2022-02-24 16:55:42,407 [Listener at 127.0.0.1/44987] INFO  volume.StorageVolumeChecker (StorageVolumeChecker.java:checkAllVolumes(202)) - Scheduled health check for volume /home/runner/work/ozone/ozone/hadoop-ozone/integration-test/target/test-dir/MiniOzoneClusterImpl-a9e0dedd-d836-4895-9472-52c2256152d3/datanode-3/data-0/containers/hdds
2022-02-24 16:55:42,424 [Listener at 127.0.0.1/44987] INFO  volume.MutableVolumeSet (MutableVolumeSet.java:initializeVolumeSet(168)) - Added Volume : /home/runner/work/ozone/ozone/hadoop-ozone/integration-test/target/test-dir/MiniOzoneClusterImpl-a9e0dedd-d836-4895-9472-52c2256152d3/datanode-3/data/ratis to VolumeSet
2022-02-24 16:55:42,432 [Listener at 127.0.0.1/44987] INFO  volume.ThrottledAsyncChecker (ThrottledAsyncChecker.java:schedule(141)) - Scheduling a check for /home/runner/work/ozone/ozone/hadoop-ozone/integration-test/target/test-dir/MiniOzoneClusterImpl-a9e0dedd-d836-4895-9472-52c2256152d3/datanode-3/data/ratis
2022-02-24 16:55:42,433 [Listener at 127.0.0.1/44987] INFO  volume.StorageVolumeChecker (StorageVolumeChecker.java:checkAllVolumes(202)) - Scheduled health check for volume /home/runner/work/ozone/ozone/hadoop-ozone/integration-test/target/test-dir/MiniOzoneClusterImpl-a9e0dedd-d836-4895-9472-52c2256152d3/datanode-3/data/ratis
2022-02-24 16:55:42,456 [Thread-852] INFO  ozoneimpl.ContainerReader (ContainerReader.java:readVolume(172)) - Finish verifying containers on volume /home/runner/work/ozone/ozone/hadoop-ozone/integration-test/target/test-dir/MiniOzoneClusterImpl-a9e0dedd-d836-4895-9472-52c2256152d3/datanode-3/data-0/containers/hdds
2022-02-24 16:55:42,456 [Listener at 127.0.0.1/44987] INFO  ozoneimpl.OzoneContainer (OzoneContainer.java:buildContainerSet(257)) - Build ContainerSet costs 0s
2022-02-24 16:55:42,479 [Listener at 127.0.0.1/44987] INFO  server.RaftServer (ConfUtils.java:logGet(44)) - raft.rpc.type = GRPC (default)
2022-02-24 16:55:42,480 [Listener at 127.0.0.1/44987] INFO  grpc.GrpcFactory (GrpcFactory.java:checkPooledByteBufAllocatorUseCacheForAllThreads(48)) - PERFORMANCE WARNING: useCacheForAllThreads is true that may cause Netty to create a lot garbage objects and, as a result, trigger GC.
	It is recommended to disable useCacheForAllThreads by setting -Dorg.apache.ratis.thirdparty.io.netty.allocator.useCacheForAllThreads=false in command line.
2022-02-24 16:55:42,483 [Listener at 127.0.0.1/44987] INFO  grpc.GrpcConfigKeys (ConfUtils.java:logGet(44)) - raft.grpc.admin.port = 0 (custom)
2022-02-24 16:55:42,483 [Listener at 127.0.0.1/44987] INFO  grpc.GrpcConfigKeys (ConfUtils.java:logGet(44)) - raft.grpc.client.port = 0 (custom)
2022-02-24 16:55:42,483 [Listener at 127.0.0.1/44987] INFO  grpc.GrpcConfigKeys (ConfUtils.java:logGet(44)) - raft.grpc.server.port = 0 (default)
2022-02-24 16:55:42,483 [Listener at 127.0.0.1/44987] INFO  server.GrpcService (ConfUtils.java:logGet(44)) - raft.grpc.message.size.max = 32MB (=33554432) (custom)
2022-02-24 16:55:42,483 [Listener at 127.0.0.1/44987] INFO  server.RaftServerConfigKeys (ConfUtils.java:logGet(44)) - raft.server.log.appender.buffer.byte-limit = 33554432 (custom)
2022-02-24 16:55:42,484 [Listener at 127.0.0.1/44987] INFO  server.GrpcService (ConfUtils.java:logGet(44)) - raft.grpc.flow.control.window = 5MB (=5242880) (custom)
2022-02-24 16:55:42,484 [Listener at 127.0.0.1/44987] INFO  server.RaftServerConfigKeys (ConfUtils.java:logGet(44)) - raft.server.rpc.request.timeout = 3000ms (default)
2022-02-24 16:55:42,485 [Listener at 127.0.0.1/44987] INFO  impl.DataStreamServerImpl (ConfUtils.java:logGet(44)) - raft.datastream.type = DISABLED (default)
2022-02-24 16:55:42,491 [Listener at 127.0.0.1/44987] INFO  server.RaftServerConfigKeys (ConfUtils.java:logGet(44)) - raft.server.rpc.slowness.timeout = 300000ms (custom)
2022-02-24 16:55:42,491 [Listener at 127.0.0.1/44987] INFO  server.RaftServerConfigKeys (ConfUtils.java:logGet(44)) - raft.server.leaderelection.leader.step-down.wait-time = 10s (default)
2022-02-24 16:55:42,491 [Listener at 127.0.0.1/44987] INFO  server.RaftServerConfigKeys (ConfUtils.java:logGet(44)) - raft.server.storage.dir = [/home/runner/work/ozone/ozone/hadoop-ozone/integration-test/target/test-dir/MiniOzoneClusterImpl-a9e0dedd-d836-4895-9472-52c2256152d3/datanode-3/data/ratis] (custom)
2022-02-24 16:55:42,494 [Listener at 127.0.0.1/44987] INFO  server.XceiverServerGrpc (XceiverServerGrpc.java:<init>(132)) - GrpcServer channel type EpollServerSocketChannel
2022-02-24 16:55:42,515 [Listener at 127.0.0.1/44987] INFO  http.BaseHttpServer (BaseHttpServer.java:newHttpServer2BuilderForOzone(209)) - Starting Web-server for hddsDatanode at: http://0.0.0.0:0
2022-02-24 16:55:42,515 [Listener at 127.0.0.1/44987] INFO  http.BaseHttpServer (BaseHttpServer.java:<init>(107)) - Hadoop Security Enabled: false Ozone Security Enabled: false Ozone HTTP Security Enabled: false 
2022-02-24 16:55:42,517 [Listener at 127.0.0.1/44987] INFO  server.AuthenticationFilter (AuthenticationFilter.java:constructSecretProvider(240)) - Unable to initialize FileSignerSecretProvider, falling back to use random secrets.
2022-02-24 16:55:42,518 [Listener at 127.0.0.1/44987] WARN  http.HttpRequestLog (HttpRequestLog.java:getRequestLog(103)) - Jetty request log can only be enabled using Log4j
2022-02-24 16:55:42,523 [Listener at 127.0.0.1/44987] INFO  http.HttpServer2 (HttpServer2.java:addGlobalFilter(1030)) - Added global filter 'safety' (class=org.apache.hadoop.hdds.server.http.HttpServer2$QuotingInputFilter)
2022-02-24 16:55:42,527 [Listener at 127.0.0.1/44987] INFO  http.HttpServer2 (HttpServer2.java:addFilter(1006)) - Added filter static_user_filter (class=org.apache.hadoop.http.lib.StaticUserWebFilter$StaticUserFilter) to context hddsDatanode
2022-02-24 16:55:42,528 [Listener at 127.0.0.1/44987] INFO  http.HttpServer2 (HttpServer2.java:addFilter(1014)) - Added filter static_user_filter (class=org.apache.hadoop.http.lib.StaticUserWebFilter$StaticUserFilter) to context static
2022-02-24 16:55:42,528 [Listener at 127.0.0.1/44987] INFO  http.HttpServer2 (HttpServer2.java:addFilter(1014)) - Added filter static_user_filter (class=org.apache.hadoop.http.lib.StaticUserWebFilter$StaticUserFilter) to context logs
2022-02-24 16:55:42,530 [Listener at 127.0.0.1/44987] INFO  http.HttpServer2 (HttpServer2.java:bindListener(1249)) - Jetty bound to port 35965
2022-02-24 16:55:42,530 [Listener at 127.0.0.1/44987] INFO  server.Server (Server.java:doStart(375)) - jetty-9.4.43.v20210629; built: 2021-06-30T11:07:22.254Z; git: 526006ecfa3af7f1a27ef3a288e2bef7ea9dd7e8; jvm 1.8.0_322-b06
2022-02-24 16:55:42,583 [Listener at 127.0.0.1/44987] INFO  server.session (DefaultSessionIdManager.java:doStart(334)) - DefaultSessionIdManager workerName=node0
2022-02-24 16:55:42,583 [Listener at 127.0.0.1/44987] INFO  server.session (DefaultSessionIdManager.java:doStart(339)) - No SessionScavenger set, using defaults
2022-02-24 16:55:42,583 [Listener at 127.0.0.1/44987] INFO  server.session (HouseKeeper.java:startScavenging(132)) - node0 Scavenging every 600000ms
2022-02-24 16:55:42,595 [Listener at 127.0.0.1/44987] INFO  handler.ContextHandler (ContextHandler.java:doStart(915)) - Started o.e.j.s.ServletContextHandler@3de1088d{logs,/logs,file:///home/runner/work/ozone/ozone/hadoop-ozone/integration-test/target/log,AVAILABLE}
2022-02-24 16:55:42,595 [Listener at 127.0.0.1/44987] INFO  handler.ContextHandler (ContextHandler.java:doStart(915)) - Started o.e.j.s.ServletContextHandler@2dbb82df{static,/static,jar:file:/home/runner/.m2/repository/org/apache/ozone/hdds-container-service/1.3.0-SNAPSHOT/hdds-container-service-1.3.0-SNAPSHOT.jar!/webapps/static,AVAILABLE}
2022-02-24 16:55:42,865 [Listener at 127.0.0.1/44987] INFO  handler.ContextHandler (ContextHandler.java:doStart(915)) - Started o.e.j.w.WebAppContext@b5cc878{hddsDatanode,/,file:///tmp/jetty-0_0_0_0-35965-hdds-container-service-1_3_0-SNAPSHOT_jar-_-any-6697249149025837280/webapp/,AVAILABLE}{jar:file:/home/runner/.m2/repository/org/apache/ozone/hdds-container-service/1.3.0-SNAPSHOT/hdds-container-service-1.3.0-SNAPSHOT.jar!/webapps/hddsDatanode}
2022-02-24 16:55:42,883 [Listener at 127.0.0.1/44987] INFO  server.AbstractConnector (AbstractConnector.java:doStart(331)) - Started ServerConnector@4cd411c5{HTTP/1.1, (http/1.1)}{0.0.0.0:35965}
2022-02-24 16:55:42,883 [Listener at 127.0.0.1/44987] INFO  server.Server (Server.java:doStart(415)) - Started @107514ms
2022-02-24 16:55:42,884 [Listener at 127.0.0.1/44987] WARN  impl.MetricsSystemImpl (MetricsSystemImpl.java:register(279)) - Sink prometheus already exists!
2022-02-24 16:55:42,884 [Listener at 127.0.0.1/44987] INFO  http.BaseHttpServer (BaseHttpServer.java:updateConnectorAddress(329)) - HTTP server of hddsDatanode listening at http://0.0.0.0:35965
2022-02-24 16:55:42,895 [Listener at 127.0.0.1/44987] WARN  impl.MetricRegistriesImpl (MetricRegistriesImpl.java:addReporterRegistration(111)) - New reporters are added after registries were created. Some metrics will be missing from the reporter. Please add reporter before adding any new registry.
2022-02-24 16:55:42,895 [Listener at 127.0.0.1/44987] WARN  impl.MetricRegistriesImpl (MetricRegistriesImpl.java:addReporterRegistration(111)) - New reporters are added after registries were created. Some metrics will be missing from the reporter. Please add reporter before adding any new registry.
2022-02-24 16:55:42,895 [Listener at 127.0.0.1/44987] INFO  impl.MetricsSystemImpl (MetricsSystemImpl.java:init(158)) - HddsDatanode metrics system started (again)
2022-02-24 16:55:42,904 [Datanode State Machine Daemon Thread] INFO  statemachine.DatanodeStateMachine (DatanodeStateMachine.java:lambda$startDaemon$0(470)) - Ozone container server started.
2022-02-24 16:55:42,943 [org.apache.hadoop.util.JvmPauseMonitor$Monitor@68d5d725] INFO  util.JvmPauseMonitor (JvmPauseMonitor.java:run(188)) - Starting JVM pause monitor
2022-02-24 16:55:42,956 [Datanode State Machine Task Thread - 0] INFO  datanode.InitDatanodeState (InitDatanodeState.java:persistContainerDatanodeDetails(138)) - DatanodeDetails is persisted to /home/runner/work/ozone/ozone/hadoop-ozone/integration-test/target/test-dir/MiniOzoneClusterImpl-a9e0dedd-d836-4895-9472-52c2256152d3/datanode-3/meta/datanode.id
2022-02-24 16:55:42,970 [Listener at 127.0.0.1/44987] INFO  ozone.HddsDatanodeService (HddsDatanodeService.java:start(233)) - HddsDatanodeService host:fv-az59-243.csjynl4pkq3e1pkirw3ssqjfoh.cx.internal.cloudapp.net ip:10.1.0.37
2022-02-24 16:55:43,010 [Listener at 127.0.0.1/44987] INFO  upgrade.AbstractLayoutVersionManager (AbstractLayoutVersionManager.java:init(79)) - Initializing Layout version manager with metadata layout = SCM_HA (version = 2), software layout = SCM_HA (version = 2)
2022-02-24 16:55:43,028 [EndpointStateMachine task thread for /0.0.0.0:33111 - 0 ] INFO  ozoneimpl.OzoneContainer (OzoneContainer.java:start(335)) - Attempting to start container services.
2022-02-24 16:55:43,028 [EndpointStateMachine task thread for /0.0.0.0:33111 - 0 ] INFO  ozoneimpl.OzoneContainer (OzoneContainer.java:startContainerScrub(270)) - Background container scanner has been disabled.
2022-02-24 16:55:43,028 [EndpointStateMachine task thread for /0.0.0.0:33111 - 0 ] INFO  replication.ReplicationServer (ReplicationServer.java:start(111)) - ReplicationServer is started using port 41147
2022-02-24 16:55:43,031 [EndpointStateMachine task thread for /0.0.0.0:33111 - 0 ] INFO  ratis.XceiverServerRatis (XceiverServerRatis.java:start(485)) - Starting XceiverServerRatis b07270f0-c5b1-4afe-99f3-aa5758d6ba5c
2022-02-24 16:55:43,032 [EndpointStateMachine task thread for /0.0.0.0:33111 - 0 ] INFO  server.RaftServer (RaftServerProxy.java:lambda$start$5(374)) - b07270f0-c5b1-4afe-99f3-aa5758d6ba5c: start RPC server
2022-02-24 16:55:43,035 [EndpointStateMachine task thread for /0.0.0.0:33111 - 0 ] INFO  server.GrpcService (GrpcService.java:startImpl(253)) - b07270f0-c5b1-4afe-99f3-aa5758d6ba5c: GrpcService started, listening on 45647
2022-02-24 16:55:43,036 [EndpointStateMachine task thread for /0.0.0.0:33111 - 0 ] INFO  ratis.XceiverServerRatis (XceiverServerRatis.java:getRealPort(506)) - XceiverServerRatis b07270f0-c5b1-4afe-99f3-aa5758d6ba5c is started using port 45647 for RATIS
2022-02-24 16:55:43,036 [EndpointStateMachine task thread for /0.0.0.0:33111 - 0 ] INFO  ratis.XceiverServerRatis (XceiverServerRatis.java:getRealPort(506)) - XceiverServerRatis b07270f0-c5b1-4afe-99f3-aa5758d6ba5c is started using port 45647 for RATIS_ADMIN
2022-02-24 16:55:43,036 [EndpointStateMachine task thread for /0.0.0.0:33111 - 0 ] INFO  ratis.XceiverServerRatis (XceiverServerRatis.java:getRealPort(506)) - XceiverServerRatis b07270f0-c5b1-4afe-99f3-aa5758d6ba5c is started using port 45647 for RATIS_SERVER
2022-02-24 16:55:43,074 [Listener at 127.0.0.1/44987] INFO  reflections.Reflections (Reflections.java:scan(232)) - Reflections took 61 ms to scan 7 urls, producing 121 keys and 285 values 
2022-02-24 16:55:43,076 [Listener at 127.0.0.1/44987] INFO  statemachine.DatanodeStateMachine (DatanodeStateMachine.java:getEndPointTaskThreadPoolSize(222)) - Datanode State Machine Task Thread Pool size 2
2022-02-24 16:55:43,091 [org.apache.ratis.util.JvmPauseMonitor$$Lambda$431/1797702346@612d02cc] INFO  util.JvmPauseMonitor (JvmPauseMonitor.java:run(103)) - JvmPauseMonitor-b07270f0-c5b1-4afe-99f3-aa5758d6ba5c: Started
2022-02-24 16:55:43,099 [EndpointStateMachine task thread for /0.0.0.0:33111 - 0 ] INFO  server.XceiverServerGrpc (XceiverServerGrpc.java:start(180)) - XceiverServerGrpc b07270f0-c5b1-4afe-99f3-aa5758d6ba5c is started using port 43127
2022-02-24 16:55:43,101 [Listener at 127.0.0.1/44987] INFO  volume.HddsVolume (HddsVolume.java:<init>(120)) - Creating HddsVolume: /home/runner/work/ozone/ozone/hadoop-ozone/integration-test/target/test-dir/MiniOzoneClusterImpl-a9e0dedd-d836-4895-9472-52c2256152d3/datanode-4/data-0/containers/hdds of storage type : DISK capacity : 9223372036854775807
2022-02-24 16:55:43,101 [Listener at 127.0.0.1/44987] INFO  volume.MutableVolumeSet (MutableVolumeSet.java:initializeVolumeSet(168)) - Added Volume : /home/runner/work/ozone/ozone/hadoop-ozone/integration-test/target/test-dir/MiniOzoneClusterImpl-a9e0dedd-d836-4895-9472-52c2256152d3/datanode-4/data-0/containers/hdds to VolumeSet
2022-02-24 16:55:43,101 [Listener at 127.0.0.1/44987] INFO  volume.ThrottledAsyncChecker (ThrottledAsyncChecker.java:schedule(141)) - Scheduling a check for /home/runner/work/ozone/ozone/hadoop-ozone/integration-test/target/test-dir/MiniOzoneClusterImpl-a9e0dedd-d836-4895-9472-52c2256152d3/datanode-4/data-0/containers/hdds
2022-02-24 16:55:43,134 [Listener at 127.0.0.1/44987] INFO  volume.StorageVolumeChecker (StorageVolumeChecker.java:checkAllVolumes(202)) - Scheduled health check for volume /home/runner/work/ozone/ozone/hadoop-ozone/integration-test/target/test-dir/MiniOzoneClusterImpl-a9e0dedd-d836-4895-9472-52c2256152d3/datanode-4/data-0/containers/hdds
2022-02-24 16:55:43,150 [Listener at 127.0.0.1/44987] INFO  volume.MutableVolumeSet (MutableVolumeSet.java:initializeVolumeSet(168)) - Added Volume : /home/runner/work/ozone/ozone/hadoop-ozone/integration-test/target/test-dir/MiniOzoneClusterImpl-a9e0dedd-d836-4895-9472-52c2256152d3/datanode-4/data/ratis to VolumeSet
2022-02-24 16:55:43,150 [Listener at 127.0.0.1/44987] INFO  volume.ThrottledAsyncChecker (ThrottledAsyncChecker.java:schedule(141)) - Scheduling a check for /home/runner/work/ozone/ozone/hadoop-ozone/integration-test/target/test-dir/MiniOzoneClusterImpl-a9e0dedd-d836-4895-9472-52c2256152d3/datanode-4/data/ratis
2022-02-24 16:55:43,150 [Listener at 127.0.0.1/44987] INFO  volume.StorageVolumeChecker (StorageVolumeChecker.java:checkAllVolumes(202)) - Scheduled health check for volume /home/runner/work/ozone/ozone/hadoop-ozone/integration-test/target/test-dir/MiniOzoneClusterImpl-a9e0dedd-d836-4895-9472-52c2256152d3/datanode-4/data/ratis
2022-02-24 16:55:43,164 [Thread-868] INFO  ozoneimpl.ContainerReader (ContainerReader.java:readVolume(172)) - Finish verifying containers on volume /home/runner/work/ozone/ozone/hadoop-ozone/integration-test/target/test-dir/MiniOzoneClusterImpl-a9e0dedd-d836-4895-9472-52c2256152d3/datanode-4/data-0/containers/hdds
2022-02-24 16:55:43,165 [Listener at 127.0.0.1/44987] INFO  ozoneimpl.OzoneContainer (OzoneContainer.java:buildContainerSet(257)) - Build ContainerSet costs 0s
2022-02-24 16:55:43,167 [Listener at 127.0.0.1/44987] INFO  server.RaftServer (ConfUtils.java:logGet(44)) - raft.rpc.type = GRPC (default)
2022-02-24 16:55:43,167 [Listener at 127.0.0.1/44987] INFO  grpc.GrpcFactory (GrpcFactory.java:checkPooledByteBufAllocatorUseCacheForAllThreads(48)) - PERFORMANCE WARNING: useCacheForAllThreads is true that may cause Netty to create a lot garbage objects and, as a result, trigger GC.
	It is recommended to disable useCacheForAllThreads by setting -Dorg.apache.ratis.thirdparty.io.netty.allocator.useCacheForAllThreads=false in command line.
2022-02-24 16:55:43,167 [Listener at 127.0.0.1/44987] INFO  grpc.GrpcConfigKeys (ConfUtils.java:logGet(44)) - raft.grpc.admin.port = 0 (custom)
2022-02-24 16:55:43,167 [Listener at 127.0.0.1/44987] INFO  grpc.GrpcConfigKeys (ConfUtils.java:logGet(44)) - raft.grpc.client.port = 0 (custom)
2022-02-24 16:55:43,167 [Listener at 127.0.0.1/44987] INFO  grpc.GrpcConfigKeys (ConfUtils.java:logGet(44)) - raft.grpc.server.port = 0 (default)
2022-02-24 16:55:43,167 [Listener at 127.0.0.1/44987] INFO  server.GrpcService (ConfUtils.java:logGet(44)) - raft.grpc.message.size.max = 32MB (=33554432) (custom)
2022-02-24 16:55:43,167 [Listener at 127.0.0.1/44987] INFO  server.RaftServerConfigKeys (ConfUtils.java:logGet(44)) - raft.server.log.appender.buffer.byte-limit = 33554432 (custom)
2022-02-24 16:55:43,167 [Listener at 127.0.0.1/44987] INFO  server.GrpcService (ConfUtils.java:logGet(44)) - raft.grpc.flow.control.window = 5MB (=5242880) (custom)
2022-02-24 16:55:43,167 [Listener at 127.0.0.1/44987] INFO  server.RaftServerConfigKeys (ConfUtils.java:logGet(44)) - raft.server.rpc.request.timeout = 3000ms (default)
2022-02-24 16:55:43,168 [Listener at 127.0.0.1/44987] INFO  impl.DataStreamServerImpl (ConfUtils.java:logGet(44)) - raft.datastream.type = DISABLED (default)
2022-02-24 16:55:43,169 [Listener at 127.0.0.1/44987] INFO  server.RaftServerConfigKeys (ConfUtils.java:logGet(44)) - raft.server.rpc.slowness.timeout = 300000ms (custom)
2022-02-24 16:55:43,169 [Listener at 127.0.0.1/44987] INFO  server.RaftServerConfigKeys (ConfUtils.java:logGet(44)) - raft.server.leaderelection.leader.step-down.wait-time = 10s (default)
2022-02-24 16:55:43,169 [Listener at 127.0.0.1/44987] INFO  server.RaftServerConfigKeys (ConfUtils.java:logGet(44)) - raft.server.storage.dir = [/home/runner/work/ozone/ozone/hadoop-ozone/integration-test/target/test-dir/MiniOzoneClusterImpl-a9e0dedd-d836-4895-9472-52c2256152d3/datanode-4/data/ratis] (custom)
2022-02-24 16:55:43,170 [Listener at 127.0.0.1/44987] INFO  server.XceiverServerGrpc (XceiverServerGrpc.java:<init>(132)) - GrpcServer channel type EpollServerSocketChannel
2022-02-24 16:55:43,177 [Listener at 127.0.0.1/44987] INFO  http.BaseHttpServer (BaseHttpServer.java:newHttpServer2BuilderForOzone(209)) - Starting Web-server for hddsDatanode at: http://0.0.0.0:0
2022-02-24 16:55:43,178 [Listener at 127.0.0.1/44987] INFO  http.BaseHttpServer (BaseHttpServer.java:<init>(107)) - Hadoop Security Enabled: false Ozone Security Enabled: false Ozone HTTP Security Enabled: false 
2022-02-24 16:55:43,179 [Listener at 127.0.0.1/44987] INFO  server.AuthenticationFilter (AuthenticationFilter.java:constructSecretProvider(240)) - Unable to initialize FileSignerSecretProvider, falling back to use random secrets.
2022-02-24 16:55:43,179 [Listener at 127.0.0.1/44987] WARN  http.HttpRequestLog (HttpRequestLog.java:getRequestLog(103)) - Jetty request log can only be enabled using Log4j
2022-02-24 16:55:43,180 [Listener at 127.0.0.1/44987] INFO  http.HttpServer2 (HttpServer2.java:addGlobalFilter(1030)) - Added global filter 'safety' (class=org.apache.hadoop.hdds.server.http.HttpServer2$QuotingInputFilter)
2022-02-24 16:55:43,181 [Listener at 127.0.0.1/44987] INFO  http.HttpServer2 (HttpServer2.java:addFilter(1006)) - Added filter static_user_filter (class=org.apache.hadoop.http.lib.StaticUserWebFilter$StaticUserFilter) to context hddsDatanode
2022-02-24 16:55:43,181 [Listener at 127.0.0.1/44987] INFO  http.HttpServer2 (HttpServer2.java:addFilter(1014)) - Added filter static_user_filter (class=org.apache.hadoop.http.lib.StaticUserWebFilter$StaticUserFilter) to context static
2022-02-24 16:55:43,181 [Listener at 127.0.0.1/44987] INFO  http.HttpServer2 (HttpServer2.java:addFilter(1014)) - Added filter static_user_filter (class=org.apache.hadoop.http.lib.StaticUserWebFilter$StaticUserFilter) to context logs
2022-02-24 16:55:43,182 [Listener at 127.0.0.1/44987] INFO  http.HttpServer2 (HttpServer2.java:bindListener(1249)) - Jetty bound to port 41721
2022-02-24 16:55:43,182 [Listener at 127.0.0.1/44987] INFO  server.Server (Server.java:doStart(375)) - jetty-9.4.43.v20210629; built: 2021-06-30T11:07:22.254Z; git: 526006ecfa3af7f1a27ef3a288e2bef7ea9dd7e8; jvm 1.8.0_322-b06
2022-02-24 16:55:43,203 [Listener at 127.0.0.1/44987] INFO  server.session (DefaultSessionIdManager.java:doStart(334)) - DefaultSessionIdManager workerName=node0
2022-02-24 16:55:43,203 [Listener at 127.0.0.1/44987] INFO  server.session (DefaultSessionIdManager.java:doStart(339)) - No SessionScavenger set, using defaults
2022-02-24 16:55:43,203 [Listener at 127.0.0.1/44987] INFO  server.session (HouseKeeper.java:startScavenging(132)) - node0 Scavenging every 600000ms
2022-02-24 16:55:43,224 [Listener at 127.0.0.1/44987] INFO  handler.ContextHandler (ContextHandler.java:doStart(915)) - Started o.e.j.s.ServletContextHandler@4635285b{logs,/logs,file:///home/runner/work/ozone/ozone/hadoop-ozone/integration-test/target/log,AVAILABLE}
2022-02-24 16:55:43,224 [Listener at 127.0.0.1/44987] INFO  handler.ContextHandler (ContextHandler.java:doStart(915)) - Started o.e.j.s.ServletContextHandler@712512d1{static,/static,jar:file:/home/runner/.m2/repository/org/apache/ozone/hdds-container-service/1.3.0-SNAPSHOT/hdds-container-service-1.3.0-SNAPSHOT.jar!/webapps/static,AVAILABLE}
2022-02-24 16:55:43,429 [EndpointStateMachine task thread for /0.0.0.0:33111 - 0 ] INFO  ozoneimpl.OzoneContainer (OzoneContainer.java:start(335)) - Attempting to start container services.
2022-02-24 16:55:43,429 [EndpointStateMachine task thread for /0.0.0.0:33111 - 0 ] INFO  ozoneimpl.OzoneContainer (OzoneContainer.java:startContainerScrub(270)) - Background container scanner has been disabled.
2022-02-24 16:55:43,434 [EndpointStateMachine task thread for /0.0.0.0:33111 - 0 ] INFO  replication.ReplicationServer (ReplicationServer.java:start(111)) - ReplicationServer is started using port 36859
2022-02-24 16:55:43,435 [EndpointStateMachine task thread for /0.0.0.0:33111 - 0 ] INFO  ratis.XceiverServerRatis (XceiverServerRatis.java:start(485)) - Starting XceiverServerRatis cf3a7bfa-0a59-4cf0-978b-44f71b96abbc
2022-02-24 16:55:43,443 [EndpointStateMachine task thread for /0.0.0.0:33111 - 0 ] INFO  server.RaftServer (RaftServerProxy.java:lambda$start$5(374)) - cf3a7bfa-0a59-4cf0-978b-44f71b96abbc: start RPC server
2022-02-24 16:55:43,455 [EndpointStateMachine task thread for /0.0.0.0:33111 - 0 ] INFO  server.GrpcService (GrpcService.java:startImpl(253)) - cf3a7bfa-0a59-4cf0-978b-44f71b96abbc: GrpcService started, listening on 40183
2022-02-24 16:55:43,471 [EndpointStateMachine task thread for /0.0.0.0:33111 - 0 ] INFO  ratis.XceiverServerRatis (XceiverServerRatis.java:getRealPort(506)) - XceiverServerRatis cf3a7bfa-0a59-4cf0-978b-44f71b96abbc is started using port 40183 for RATIS
2022-02-24 16:55:43,471 [EndpointStateMachine task thread for /0.0.0.0:33111 - 0 ] INFO  ratis.XceiverServerRatis (XceiverServerRatis.java:getRealPort(506)) - XceiverServerRatis cf3a7bfa-0a59-4cf0-978b-44f71b96abbc is started using port 40183 for RATIS_ADMIN
2022-02-24 16:55:43,471 [EndpointStateMachine task thread for /0.0.0.0:33111 - 0 ] INFO  ratis.XceiverServerRatis (XceiverServerRatis.java:getRealPort(506)) - XceiverServerRatis cf3a7bfa-0a59-4cf0-978b-44f71b96abbc is started using port 40183 for RATIS_SERVER
2022-02-24 16:55:43,471 [org.apache.ratis.util.JvmPauseMonitor$$Lambda$431/1797702346@27371efa] INFO  util.JvmPauseMonitor (JvmPauseMonitor.java:run(103)) - JvmPauseMonitor-cf3a7bfa-0a59-4cf0-978b-44f71b96abbc: Started
2022-02-24 16:55:43,486 [Listener at 127.0.0.1/44987] INFO  handler.ContextHandler (ContextHandler.java:doStart(915)) - Started o.e.j.w.WebAppContext@1f3e7cfa{hddsDatanode,/,file:///tmp/jetty-0_0_0_0-41721-hdds-container-service-1_3_0-SNAPSHOT_jar-_-any-5563285317368701427/webapp/,AVAILABLE}{jar:file:/home/runner/.m2/repository/org/apache/ozone/hdds-container-service/1.3.0-SNAPSHOT/hdds-container-service-1.3.0-SNAPSHOT.jar!/webapps/hddsDatanode}
2022-02-24 16:55:43,499 [Listener at 127.0.0.1/44987] INFO  server.AbstractConnector (AbstractConnector.java:doStart(331)) - Started ServerConnector@5089c47e{HTTP/1.1, (http/1.1)}{0.0.0.0:41721}
2022-02-24 16:55:43,499 [Listener at 127.0.0.1/44987] INFO  server.Server (Server.java:doStart(415)) - Started @108129ms
2022-02-24 16:55:43,499 [Listener at 127.0.0.1/44987] WARN  impl.MetricsSystemImpl (MetricsSystemImpl.java:register(279)) - Sink prometheus already exists!
2022-02-24 16:55:43,500 [Listener at 127.0.0.1/44987] INFO  http.BaseHttpServer (BaseHttpServer.java:updateConnectorAddress(329)) - HTTP server of hddsDatanode listening at http://0.0.0.0:41721
2022-02-24 16:55:43,500 [Listener at 127.0.0.1/44987] WARN  impl.MetricRegistriesImpl (MetricRegistriesImpl.java:addReporterRegistration(111)) - New reporters are added after registries were created. Some metrics will be missing from the reporter. Please add reporter before adding any new registry.
2022-02-24 16:55:43,500 [Listener at 127.0.0.1/44987] WARN  impl.MetricRegistriesImpl (MetricRegistriesImpl.java:addReporterRegistration(111)) - New reporters are added after registries were created. Some metrics will be missing from the reporter. Please add reporter before adding any new registry.
2022-02-24 16:55:43,501 [Listener at 127.0.0.1/44987] INFO  impl.MetricsSystemImpl (MetricsSystemImpl.java:init(158)) - HddsDatanode metrics system started (again)
2022-02-24 16:55:43,507 [EndpointStateMachine task thread for /0.0.0.0:33111 - 0 ] INFO  server.XceiverServerGrpc (XceiverServerGrpc.java:start(180)) - XceiverServerGrpc cf3a7bfa-0a59-4cf0-978b-44f71b96abbc is started using port 46129
2022-02-24 16:55:43,521 [Datanode State Machine Daemon Thread] INFO  statemachine.DatanodeStateMachine (DatanodeStateMachine.java:lambda$startDaemon$0(470)) - Ozone container server started.
2022-02-24 16:55:43,556 [Listener at 127.0.0.1/44987] INFO  ozone.HddsDatanodeService (HddsDatanodeService.java:start(233)) - HddsDatanodeService host:fv-az59-243.csjynl4pkq3e1pkirw3ssqjfoh.cx.internal.cloudapp.net ip:10.1.0.37
2022-02-24 16:55:43,567 [org.apache.hadoop.util.JvmPauseMonitor$Monitor@6b023f4f] INFO  util.JvmPauseMonitor (JvmPauseMonitor.java:run(188)) - Starting JVM pause monitor
2022-02-24 16:55:43,600 [Datanode State Machine Task Thread - 0] INFO  datanode.InitDatanodeState (InitDatanodeState.java:persistContainerDatanodeDetails(138)) - DatanodeDetails is persisted to /home/runner/work/ozone/ozone/hadoop-ozone/integration-test/target/test-dir/MiniOzoneClusterImpl-a9e0dedd-d836-4895-9472-52c2256152d3/datanode-4/meta/datanode.id
2022-02-24 16:55:43,621 [Listener at 127.0.0.1/44987] INFO  upgrade.AbstractLayoutVersionManager (AbstractLayoutVersionManager.java:init(79)) - Initializing Layout version manager with metadata layout = SCM_HA (version = 2), software layout = SCM_HA (version = 2)
2022-02-24 16:55:43,745 [Listener at 127.0.0.1/44987] INFO  reflections.Reflections (Reflections.java:scan(232)) - Reflections took 114 ms to scan 7 urls, producing 121 keys and 285 values 
2022-02-24 16:55:43,747 [Listener at 127.0.0.1/44987] INFO  statemachine.DatanodeStateMachine (DatanodeStateMachine.java:getEndPointTaskThreadPoolSize(222)) - Datanode State Machine Task Thread Pool size 2
2022-02-24 16:55:43,749 [Listener at 127.0.0.1/44987] INFO  volume.HddsVolume (HddsVolume.java:<init>(120)) - Creating HddsVolume: /home/runner/work/ozone/ozone/hadoop-ozone/integration-test/target/test-dir/MiniOzoneClusterImpl-a9e0dedd-d836-4895-9472-52c2256152d3/datanode-5/data-0/containers/hdds of storage type : DISK capacity : 9223372036854775807
2022-02-24 16:55:43,750 [Listener at 127.0.0.1/44987] INFO  volume.MutableVolumeSet (MutableVolumeSet.java:initializeVolumeSet(168)) - Added Volume : /home/runner/work/ozone/ozone/hadoop-ozone/integration-test/target/test-dir/MiniOzoneClusterImpl-a9e0dedd-d836-4895-9472-52c2256152d3/datanode-5/data-0/containers/hdds to VolumeSet
2022-02-24 16:55:43,750 [Listener at 127.0.0.1/44987] INFO  volume.ThrottledAsyncChecker (ThrottledAsyncChecker.java:schedule(141)) - Scheduling a check for /home/runner/work/ozone/ozone/hadoop-ozone/integration-test/target/test-dir/MiniOzoneClusterImpl-a9e0dedd-d836-4895-9472-52c2256152d3/datanode-5/data-0/containers/hdds
2022-02-24 16:55:43,750 [Listener at 127.0.0.1/44987] INFO  volume.StorageVolumeChecker (StorageVolumeChecker.java:checkAllVolumes(202)) - Scheduled health check for volume /home/runner/work/ozone/ozone/hadoop-ozone/integration-test/target/test-dir/MiniOzoneClusterImpl-a9e0dedd-d836-4895-9472-52c2256152d3/datanode-5/data-0/containers/hdds
2022-02-24 16:55:43,773 [Listener at 127.0.0.1/44987] INFO  volume.MutableVolumeSet (MutableVolumeSet.java:initializeVolumeSet(168)) - Added Volume : /home/runner/work/ozone/ozone/hadoop-ozone/integration-test/target/test-dir/MiniOzoneClusterImpl-a9e0dedd-d836-4895-9472-52c2256152d3/datanode-5/data/ratis to VolumeSet
2022-02-24 16:55:43,773 [Listener at 127.0.0.1/44987] INFO  volume.ThrottledAsyncChecker (ThrottledAsyncChecker.java:schedule(141)) - Scheduling a check for /home/runner/work/ozone/ozone/hadoop-ozone/integration-test/target/test-dir/MiniOzoneClusterImpl-a9e0dedd-d836-4895-9472-52c2256152d3/datanode-5/data/ratis
2022-02-24 16:55:43,774 [Listener at 127.0.0.1/44987] INFO  volume.StorageVolumeChecker (StorageVolumeChecker.java:checkAllVolumes(202)) - Scheduled health check for volume /home/runner/work/ozone/ozone/hadoop-ozone/integration-test/target/test-dir/MiniOzoneClusterImpl-a9e0dedd-d836-4895-9472-52c2256152d3/datanode-5/data/ratis
2022-02-24 16:55:43,835 [Thread-883] INFO  ozoneimpl.ContainerReader (ContainerReader.java:readVolume(172)) - Finish verifying containers on volume /home/runner/work/ozone/ozone/hadoop-ozone/integration-test/target/test-dir/MiniOzoneClusterImpl-a9e0dedd-d836-4895-9472-52c2256152d3/datanode-5/data-0/containers/hdds
2022-02-24 16:55:43,835 [Listener at 127.0.0.1/44987] INFO  ozoneimpl.OzoneContainer (OzoneContainer.java:buildContainerSet(257)) - Build ContainerSet costs 0s
2022-02-24 16:55:43,838 [Listener at 127.0.0.1/44987] INFO  server.RaftServer (ConfUtils.java:logGet(44)) - raft.rpc.type = GRPC (default)
2022-02-24 16:55:43,838 [Listener at 127.0.0.1/44987] INFO  grpc.GrpcFactory (GrpcFactory.java:checkPooledByteBufAllocatorUseCacheForAllThreads(48)) - PERFORMANCE WARNING: useCacheForAllThreads is true that may cause Netty to create a lot garbage objects and, as a result, trigger GC.
	It is recommended to disable useCacheForAllThreads by setting -Dorg.apache.ratis.thirdparty.io.netty.allocator.useCacheForAllThreads=false in command line.
2022-02-24 16:55:43,839 [Listener at 127.0.0.1/44987] INFO  grpc.GrpcConfigKeys (ConfUtils.java:logGet(44)) - raft.grpc.admin.port = 0 (custom)
2022-02-24 16:55:43,839 [Listener at 127.0.0.1/44987] INFO  grpc.GrpcConfigKeys (ConfUtils.java:logGet(44)) - raft.grpc.client.port = 0 (custom)
2022-02-24 16:55:43,839 [Listener at 127.0.0.1/44987] INFO  grpc.GrpcConfigKeys (ConfUtils.java:logGet(44)) - raft.grpc.server.port = 0 (default)
2022-02-24 16:55:43,840 [Listener at 127.0.0.1/44987] INFO  server.GrpcService (ConfUtils.java:logGet(44)) - raft.grpc.message.size.max = 32MB (=33554432) (custom)
2022-02-24 16:55:43,840 [Listener at 127.0.0.1/44987] INFO  server.RaftServerConfigKeys (ConfUtils.java:logGet(44)) - raft.server.log.appender.buffer.byte-limit = 33554432 (custom)
2022-02-24 16:55:43,840 [Listener at 127.0.0.1/44987] INFO  server.GrpcService (ConfUtils.java:logGet(44)) - raft.grpc.flow.control.window = 5MB (=5242880) (custom)
2022-02-24 16:55:43,840 [Listener at 127.0.0.1/44987] INFO  server.RaftServerConfigKeys (ConfUtils.java:logGet(44)) - raft.server.rpc.request.timeout = 3000ms (default)
2022-02-24 16:55:43,841 [Listener at 127.0.0.1/44987] INFO  impl.DataStreamServerImpl (ConfUtils.java:logGet(44)) - raft.datastream.type = DISABLED (default)
2022-02-24 16:55:43,841 [Listener at 127.0.0.1/44987] INFO  server.RaftServerConfigKeys (ConfUtils.java:logGet(44)) - raft.server.rpc.slowness.timeout = 300000ms (custom)
2022-02-24 16:55:43,842 [Listener at 127.0.0.1/44987] INFO  server.RaftServerConfigKeys (ConfUtils.java:logGet(44)) - raft.server.leaderelection.leader.step-down.wait-time = 10s (default)
2022-02-24 16:55:43,842 [Listener at 127.0.0.1/44987] INFO  server.RaftServerConfigKeys (ConfUtils.java:logGet(44)) - raft.server.storage.dir = [/home/runner/work/ozone/ozone/hadoop-ozone/integration-test/target/test-dir/MiniOzoneClusterImpl-a9e0dedd-d836-4895-9472-52c2256152d3/datanode-5/data/ratis] (custom)
2022-02-24 16:55:43,843 [Listener at 127.0.0.1/44987] INFO  server.XceiverServerGrpc (XceiverServerGrpc.java:<init>(132)) - GrpcServer channel type EpollServerSocketChannel
2022-02-24 16:55:43,851 [Listener at 127.0.0.1/44987] INFO  http.BaseHttpServer (BaseHttpServer.java:newHttpServer2BuilderForOzone(209)) - Starting Web-server for hddsDatanode at: http://0.0.0.0:0
2022-02-24 16:55:43,851 [Listener at 127.0.0.1/44987] INFO  http.BaseHttpServer (BaseHttpServer.java:<init>(107)) - Hadoop Security Enabled: false Ozone Security Enabled: false Ozone HTTP Security Enabled: false 
2022-02-24 16:55:43,852 [Listener at 127.0.0.1/44987] INFO  server.AuthenticationFilter (AuthenticationFilter.java:constructSecretProvider(240)) - Unable to initialize FileSignerSecretProvider, falling back to use random secrets.
2022-02-24 16:55:43,875 [Listener at 127.0.0.1/44987] WARN  http.HttpRequestLog (HttpRequestLog.java:getRequestLog(103)) - Jetty request log can only be enabled using Log4j
2022-02-24 16:55:43,876 [Listener at 127.0.0.1/44987] INFO  http.HttpServer2 (HttpServer2.java:addGlobalFilter(1030)) - Added global filter 'safety' (class=org.apache.hadoop.hdds.server.http.HttpServer2$QuotingInputFilter)
2022-02-24 16:55:43,876 [Listener at 127.0.0.1/44987] INFO  http.HttpServer2 (HttpServer2.java:addFilter(1006)) - Added filter static_user_filter (class=org.apache.hadoop.http.lib.StaticUserWebFilter$StaticUserFilter) to context hddsDatanode
2022-02-24 16:55:43,876 [Listener at 127.0.0.1/44987] INFO  http.HttpServer2 (HttpServer2.java:addFilter(1014)) - Added filter static_user_filter (class=org.apache.hadoop.http.lib.StaticUserWebFilter$StaticUserFilter) to context logs
2022-02-24 16:55:43,876 [Listener at 127.0.0.1/44987] INFO  http.HttpServer2 (HttpServer2.java:addFilter(1014)) - Added filter static_user_filter (class=org.apache.hadoop.http.lib.StaticUserWebFilter$StaticUserFilter) to context static
2022-02-24 16:55:43,877 [Listener at 127.0.0.1/44987] INFO  http.HttpServer2 (HttpServer2.java:bindListener(1249)) - Jetty bound to port 43227
2022-02-24 16:55:43,877 [Listener at 127.0.0.1/44987] INFO  server.Server (Server.java:doStart(375)) - jetty-9.4.43.v20210629; built: 2021-06-30T11:07:22.254Z; git: 526006ecfa3af7f1a27ef3a288e2bef7ea9dd7e8; jvm 1.8.0_322-b06
2022-02-24 16:55:43,895 [Listener at 127.0.0.1/44987] INFO  server.session (DefaultSessionIdManager.java:doStart(334)) - DefaultSessionIdManager workerName=node0
2022-02-24 16:55:43,895 [Listener at 127.0.0.1/44987] INFO  server.session (DefaultSessionIdManager.java:doStart(339)) - No SessionScavenger set, using defaults
2022-02-24 16:55:43,895 [Listener at 127.0.0.1/44987] INFO  server.session (HouseKeeper.java:startScavenging(132)) - node0 Scavenging every 600000ms
2022-02-24 16:55:43,896 [Listener at 127.0.0.1/44987] INFO  handler.ContextHandler (ContextHandler.java:doStart(915)) - Started o.e.j.s.ServletContextHandler@68ed395a{logs,/logs,file:///home/runner/work/ozone/ozone/hadoop-ozone/integration-test/target/log,AVAILABLE}
2022-02-24 16:55:43,897 [Listener at 127.0.0.1/44987] INFO  handler.ContextHandler (ContextHandler.java:doStart(915)) - Started o.e.j.s.ServletContextHandler@278f42c5{static,/static,jar:file:/home/runner/.m2/repository/org/apache/ozone/hdds-container-service/1.3.0-SNAPSHOT/hdds-container-service-1.3.0-SNAPSHOT.jar!/webapps/static,AVAILABLE}
2022-02-24 16:55:44,101 [Listener at 127.0.0.1/44987] INFO  handler.ContextHandler (ContextHandler.java:doStart(915)) - Started o.e.j.w.WebAppContext@26d96f7f{hddsDatanode,/,file:///tmp/jetty-0_0_0_0-43227-hdds-container-service-1_3_0-SNAPSHOT_jar-_-any-918842984202318681/webapp/,AVAILABLE}{jar:file:/home/runner/.m2/repository/org/apache/ozone/hdds-container-service/1.3.0-SNAPSHOT/hdds-container-service-1.3.0-SNAPSHOT.jar!/webapps/hddsDatanode}
2022-02-24 16:55:44,108 [Listener at 127.0.0.1/44987] INFO  server.AbstractConnector (AbstractConnector.java:doStart(331)) - Started ServerConnector@b17dc6b{HTTP/1.1, (http/1.1)}{0.0.0.0:43227}
2022-02-24 16:55:44,109 [Listener at 127.0.0.1/44987] INFO  server.Server (Server.java:doStart(415)) - Started @108739ms
2022-02-24 16:55:44,109 [Listener at 127.0.0.1/44987] WARN  impl.MetricsSystemImpl (MetricsSystemImpl.java:register(279)) - Sink prometheus already exists!
2022-02-24 16:55:44,109 [Listener at 127.0.0.1/44987] INFO  http.BaseHttpServer (BaseHttpServer.java:updateConnectorAddress(329)) - HTTP server of hddsDatanode listening at http://0.0.0.0:43227
2022-02-24 16:55:44,110 [Listener at 127.0.0.1/44987] WARN  impl.MetricRegistriesImpl (MetricRegistriesImpl.java:addReporterRegistration(111)) - New reporters are added after registries were created. Some metrics will be missing from the reporter. Please add reporter before adding any new registry.
2022-02-24 16:55:44,110 [Listener at 127.0.0.1/44987] WARN  impl.MetricRegistriesImpl (MetricRegistriesImpl.java:addReporterRegistration(111)) - New reporters are added after registries were created. Some metrics will be missing from the reporter. Please add reporter before adding any new registry.
2022-02-24 16:55:44,110 [Listener at 127.0.0.1/44987] INFO  impl.MetricsSystemImpl (MetricsSystemImpl.java:init(158)) - HddsDatanode metrics system started (again)
2022-02-24 16:55:44,133 [Datanode State Machine Daemon Thread] INFO  statemachine.DatanodeStateMachine (DatanodeStateMachine.java:lambda$startDaemon$0(470)) - Ozone container server started.
2022-02-24 16:55:44,156 [Listener at 127.0.0.1/44987] INFO  ozone.HddsDatanodeService (HddsDatanodeService.java:start(233)) - HddsDatanodeService host:fv-az59-243.csjynl4pkq3e1pkirw3ssqjfoh.cx.internal.cloudapp.net ip:10.1.0.37
2022-02-24 16:55:44,171 [org.apache.hadoop.util.JvmPauseMonitor$Monitor@1a4068b7] INFO  util.JvmPauseMonitor (JvmPauseMonitor.java:run(188)) - Starting JVM pause monitor
2022-02-24 16:55:44,179 [Datanode State Machine Task Thread - 0] INFO  datanode.InitDatanodeState (InitDatanodeState.java:persistContainerDatanodeDetails(138)) - DatanodeDetails is persisted to /home/runner/work/ozone/ozone/hadoop-ozone/integration-test/target/test-dir/MiniOzoneClusterImpl-a9e0dedd-d836-4895-9472-52c2256152d3/datanode-5/meta/datanode.id
2022-02-24 16:55:44,199 [EndpointStateMachine task thread for /0.0.0.0:33111 - 0 ] INFO  ozoneimpl.OzoneContainer (OzoneContainer.java:start(335)) - Attempting to start container services.
2022-02-24 16:55:44,199 [EndpointStateMachine task thread for /0.0.0.0:33111 - 0 ] INFO  ozoneimpl.OzoneContainer (OzoneContainer.java:startContainerScrub(270)) - Background container scanner has been disabled.
2022-02-24 16:55:44,203 [EndpointStateMachine task thread for /0.0.0.0:33111 - 0 ] INFO  replication.ReplicationServer (ReplicationServer.java:start(111)) - ReplicationServer is started using port 43341
2022-02-24 16:55:44,219 [EndpointStateMachine task thread for /0.0.0.0:33111 - 0 ] INFO  ratis.XceiverServerRatis (XceiverServerRatis.java:start(485)) - Starting XceiverServerRatis 2a15bd7e-7896-4db0-9e08-f7464bcd33ee
2022-02-24 16:55:44,222 [Listener at 127.0.0.1/44987] INFO  upgrade.AbstractLayoutVersionManager (AbstractLayoutVersionManager.java:init(79)) - Initializing Layout version manager with metadata layout = SCM_HA (version = 2), software layout = SCM_HA (version = 2)
2022-02-24 16:55:44,265 [EndpointStateMachine task thread for /0.0.0.0:33111 - 0 ] INFO  server.RaftServer (RaftServerProxy.java:lambda$start$5(374)) - 2a15bd7e-7896-4db0-9e08-f7464bcd33ee: start RPC server
2022-02-24 16:55:44,266 [EndpointStateMachine task thread for /0.0.0.0:33111 - 0 ] INFO  server.GrpcService (GrpcService.java:startImpl(253)) - 2a15bd7e-7896-4db0-9e08-f7464bcd33ee: GrpcService started, listening on 41995
2022-02-24 16:55:44,276 [EndpointStateMachine task thread for /0.0.0.0:33111 - 0 ] INFO  ratis.XceiverServerRatis (XceiverServerRatis.java:getRealPort(506)) - XceiverServerRatis 2a15bd7e-7896-4db0-9e08-f7464bcd33ee is started using port 41995 for RATIS
2022-02-24 16:55:44,276 [EndpointStateMachine task thread for /0.0.0.0:33111 - 0 ] INFO  ratis.XceiverServerRatis (XceiverServerRatis.java:getRealPort(506)) - XceiverServerRatis 2a15bd7e-7896-4db0-9e08-f7464bcd33ee is started using port 41995 for RATIS_ADMIN
2022-02-24 16:55:44,276 [EndpointStateMachine task thread for /0.0.0.0:33111 - 0 ] INFO  ratis.XceiverServerRatis (XceiverServerRatis.java:getRealPort(506)) - XceiverServerRatis 2a15bd7e-7896-4db0-9e08-f7464bcd33ee is started using port 41995 for RATIS_SERVER
2022-02-24 16:55:44,276 [org.apache.ratis.util.JvmPauseMonitor$$Lambda$431/1797702346@5a0ee6f3] INFO  util.JvmPauseMonitor (JvmPauseMonitor.java:run(103)) - JvmPauseMonitor-2a15bd7e-7896-4db0-9e08-f7464bcd33ee: Started
2022-02-24 16:55:44,332 [EndpointStateMachine task thread for /0.0.0.0:33111 - 0 ] INFO  server.XceiverServerGrpc (XceiverServerGrpc.java:start(180)) - XceiverServerGrpc 2a15bd7e-7896-4db0-9e08-f7464bcd33ee is started using port 34861
2022-02-24 16:55:44,416 [Listener at 127.0.0.1/44987] INFO  reflections.Reflections (Reflections.java:scan(232)) - Reflections took 193 ms to scan 7 urls, producing 121 keys and 285 values 
2022-02-24 16:55:44,439 [Listener at 127.0.0.1/44987] INFO  statemachine.DatanodeStateMachine (DatanodeStateMachine.java:getEndPointTaskThreadPoolSize(222)) - Datanode State Machine Task Thread Pool size 2
2022-02-24 16:55:44,452 [Listener at 127.0.0.1/44987] INFO  volume.HddsVolume (HddsVolume.java:<init>(120)) - Creating HddsVolume: /home/runner/work/ozone/ozone/hadoop-ozone/integration-test/target/test-dir/MiniOzoneClusterImpl-a9e0dedd-d836-4895-9472-52c2256152d3/datanode-6/data-0/containers/hdds of storage type : DISK capacity : 9223372036854775807
2022-02-24 16:55:44,452 [Listener at 127.0.0.1/44987] INFO  volume.MutableVolumeSet (MutableVolumeSet.java:initializeVolumeSet(168)) - Added Volume : /home/runner/work/ozone/ozone/hadoop-ozone/integration-test/target/test-dir/MiniOzoneClusterImpl-a9e0dedd-d836-4895-9472-52c2256152d3/datanode-6/data-0/containers/hdds to VolumeSet
2022-02-24 16:55:44,452 [Listener at 127.0.0.1/44987] INFO  volume.ThrottledAsyncChecker (ThrottledAsyncChecker.java:schedule(141)) - Scheduling a check for /home/runner/work/ozone/ozone/hadoop-ozone/integration-test/target/test-dir/MiniOzoneClusterImpl-a9e0dedd-d836-4895-9472-52c2256152d3/datanode-6/data-0/containers/hdds
2022-02-24 16:55:44,461 [Listener at 127.0.0.1/44987] INFO  volume.StorageVolumeChecker (StorageVolumeChecker.java:checkAllVolumes(202)) - Scheduled health check for volume /home/runner/work/ozone/ozone/hadoop-ozone/integration-test/target/test-dir/MiniOzoneClusterImpl-a9e0dedd-d836-4895-9472-52c2256152d3/datanode-6/data-0/containers/hdds
2022-02-24 16:55:44,489 [Listener at 127.0.0.1/44987] INFO  volume.MutableVolumeSet (MutableVolumeSet.java:initializeVolumeSet(168)) - Added Volume : /home/runner/work/ozone/ozone/hadoop-ozone/integration-test/target/test-dir/MiniOzoneClusterImpl-a9e0dedd-d836-4895-9472-52c2256152d3/datanode-6/data/ratis to VolumeSet
2022-02-24 16:55:44,491 [Listener at 127.0.0.1/44987] INFO  volume.ThrottledAsyncChecker (ThrottledAsyncChecker.java:schedule(141)) - Scheduling a check for /home/runner/work/ozone/ozone/hadoop-ozone/integration-test/target/test-dir/MiniOzoneClusterImpl-a9e0dedd-d836-4895-9472-52c2256152d3/datanode-6/data/ratis
2022-02-24 16:55:44,491 [Listener at 127.0.0.1/44987] INFO  volume.StorageVolumeChecker (StorageVolumeChecker.java:checkAllVolumes(202)) - Scheduled health check for volume /home/runner/work/ozone/ozone/hadoop-ozone/integration-test/target/test-dir/MiniOzoneClusterImpl-a9e0dedd-d836-4895-9472-52c2256152d3/datanode-6/data/ratis
2022-02-24 16:55:44,507 [Thread-898] INFO  ozoneimpl.ContainerReader (ContainerReader.java:readVolume(172)) - Finish verifying containers on volume /home/runner/work/ozone/ozone/hadoop-ozone/integration-test/target/test-dir/MiniOzoneClusterImpl-a9e0dedd-d836-4895-9472-52c2256152d3/datanode-6/data-0/containers/hdds
2022-02-24 16:55:44,507 [Listener at 127.0.0.1/44987] INFO  ozoneimpl.OzoneContainer (OzoneContainer.java:buildContainerSet(257)) - Build ContainerSet costs 0s
2022-02-24 16:55:44,509 [Listener at 127.0.0.1/44987] INFO  server.RaftServer (ConfUtils.java:logGet(44)) - raft.rpc.type = GRPC (default)
2022-02-24 16:55:44,509 [Listener at 127.0.0.1/44987] INFO  grpc.GrpcFactory (GrpcFactory.java:checkPooledByteBufAllocatorUseCacheForAllThreads(48)) - PERFORMANCE WARNING: useCacheForAllThreads is true that may cause Netty to create a lot garbage objects and, as a result, trigger GC.
	It is recommended to disable useCacheForAllThreads by setting -Dorg.apache.ratis.thirdparty.io.netty.allocator.useCacheForAllThreads=false in command line.
2022-02-24 16:55:44,509 [Listener at 127.0.0.1/44987] INFO  grpc.GrpcConfigKeys (ConfUtils.java:logGet(44)) - raft.grpc.admin.port = 0 (custom)
2022-02-24 16:55:44,510 [Listener at 127.0.0.1/44987] INFO  grpc.GrpcConfigKeys (ConfUtils.java:logGet(44)) - raft.grpc.client.port = 0 (custom)
2022-02-24 16:55:44,510 [Listener at 127.0.0.1/44987] INFO  grpc.GrpcConfigKeys (ConfUtils.java:logGet(44)) - raft.grpc.server.port = 0 (default)
2022-02-24 16:55:44,510 [Listener at 127.0.0.1/44987] INFO  server.GrpcService (ConfUtils.java:logGet(44)) - raft.grpc.message.size.max = 32MB (=33554432) (custom)
2022-02-24 16:55:44,510 [Listener at 127.0.0.1/44987] INFO  server.RaftServerConfigKeys (ConfUtils.java:logGet(44)) - raft.server.log.appender.buffer.byte-limit = 33554432 (custom)
2022-02-24 16:55:44,510 [Listener at 127.0.0.1/44987] INFO  server.GrpcService (ConfUtils.java:logGet(44)) - raft.grpc.flow.control.window = 5MB (=5242880) (custom)
2022-02-24 16:55:44,510 [Listener at 127.0.0.1/44987] INFO  server.RaftServerConfigKeys (ConfUtils.java:logGet(44)) - raft.server.rpc.request.timeout = 3000ms (default)
2022-02-24 16:55:44,511 [Listener at 127.0.0.1/44987] INFO  impl.DataStreamServerImpl (ConfUtils.java:logGet(44)) - raft.datastream.type = DISABLED (default)
2022-02-24 16:55:44,511 [Listener at 127.0.0.1/44987] INFO  server.RaftServerConfigKeys (ConfUtils.java:logGet(44)) - raft.server.rpc.slowness.timeout = 300000ms (custom)
2022-02-24 16:55:44,519 [Listener at 127.0.0.1/44987] INFO  server.RaftServerConfigKeys (ConfUtils.java:logGet(44)) - raft.server.leaderelection.leader.step-down.wait-time = 10s (default)
2022-02-24 16:55:44,519 [Listener at 127.0.0.1/44987] INFO  server.RaftServerConfigKeys (ConfUtils.java:logGet(44)) - raft.server.storage.dir = [/home/runner/work/ozone/ozone/hadoop-ozone/integration-test/target/test-dir/MiniOzoneClusterImpl-a9e0dedd-d836-4895-9472-52c2256152d3/datanode-6/data/ratis] (custom)
2022-02-24 16:55:44,520 [Listener at 127.0.0.1/44987] INFO  server.XceiverServerGrpc (XceiverServerGrpc.java:<init>(132)) - GrpcServer channel type EpollServerSocketChannel
2022-02-24 16:55:44,551 [Listener at 127.0.0.1/44987] INFO  http.BaseHttpServer (BaseHttpServer.java:newHttpServer2BuilderForOzone(209)) - Starting Web-server for hddsDatanode at: http://0.0.0.0:0
2022-02-24 16:55:44,551 [Listener at 127.0.0.1/44987] INFO  http.BaseHttpServer (BaseHttpServer.java:<init>(107)) - Hadoop Security Enabled: false Ozone Security Enabled: false Ozone HTTP Security Enabled: false 
2022-02-24 16:55:44,552 [Listener at 127.0.0.1/44987] INFO  server.AuthenticationFilter (AuthenticationFilter.java:constructSecretProvider(240)) - Unable to initialize FileSignerSecretProvider, falling back to use random secrets.
2022-02-24 16:55:44,553 [Listener at 127.0.0.1/44987] WARN  http.HttpRequestLog (HttpRequestLog.java:getRequestLog(103)) - Jetty request log can only be enabled using Log4j
2022-02-24 16:55:44,553 [Listener at 127.0.0.1/44987] INFO  http.HttpServer2 (HttpServer2.java:addGlobalFilter(1030)) - Added global filter 'safety' (class=org.apache.hadoop.hdds.server.http.HttpServer2$QuotingInputFilter)
2022-02-24 16:55:44,554 [Listener at 127.0.0.1/44987] INFO  http.HttpServer2 (HttpServer2.java:addFilter(1006)) - Added filter static_user_filter (class=org.apache.hadoop.http.lib.StaticUserWebFilter$StaticUserFilter) to context hddsDatanode
2022-02-24 16:55:44,554 [Listener at 127.0.0.1/44987] INFO  http.HttpServer2 (HttpServer2.java:addFilter(1014)) - Added filter static_user_filter (class=org.apache.hadoop.http.lib.StaticUserWebFilter$StaticUserFilter) to context logs
2022-02-24 16:55:44,554 [Listener at 127.0.0.1/44987] INFO  http.HttpServer2 (HttpServer2.java:addFilter(1014)) - Added filter static_user_filter (class=org.apache.hadoop.http.lib.StaticUserWebFilter$StaticUserFilter) to context static
2022-02-24 16:55:44,554 [Listener at 127.0.0.1/44987] INFO  http.HttpServer2 (HttpServer2.java:bindListener(1249)) - Jetty bound to port 46233
2022-02-24 16:55:44,554 [Listener at 127.0.0.1/44987] INFO  server.Server (Server.java:doStart(375)) - jetty-9.4.43.v20210629; built: 2021-06-30T11:07:22.254Z; git: 526006ecfa3af7f1a27ef3a288e2bef7ea9dd7e8; jvm 1.8.0_322-b06
2022-02-24 16:55:44,556 [Listener at 127.0.0.1/44987] INFO  server.session (DefaultSessionIdManager.java:doStart(334)) - DefaultSessionIdManager workerName=node0
2022-02-24 16:55:44,556 [Listener at 127.0.0.1/44987] INFO  server.session (DefaultSessionIdManager.java:doStart(339)) - No SessionScavenger set, using defaults
2022-02-24 16:55:44,556 [Listener at 127.0.0.1/44987] INFO  server.session (HouseKeeper.java:startScavenging(132)) - node0 Scavenging every 660000ms
2022-02-24 16:55:44,557 [Listener at 127.0.0.1/44987] INFO  handler.ContextHandler (ContextHandler.java:doStart(915)) - Started o.e.j.s.ServletContextHandler@2aaf8b1b{logs,/logs,file:///home/runner/work/ozone/ozone/hadoop-ozone/integration-test/target/log,AVAILABLE}
2022-02-24 16:55:44,557 [Listener at 127.0.0.1/44987] INFO  handler.ContextHandler (ContextHandler.java:doStart(915)) - Started o.e.j.s.ServletContextHandler@2dc2777f{static,/static,jar:file:/home/runner/.m2/repository/org/apache/ozone/hdds-container-service/1.3.0-SNAPSHOT/hdds-container-service-1.3.0-SNAPSHOT.jar!/webapps/static,AVAILABLE}
2022-02-24 16:55:44,721 [Listener at 127.0.0.1/44987] INFO  handler.ContextHandler (ContextHandler.java:doStart(915)) - Started o.e.j.w.WebAppContext@c232cf8{hddsDatanode,/,file:///tmp/jetty-0_0_0_0-46233-hdds-container-service-1_3_0-SNAPSHOT_jar-_-any-5568741485552222631/webapp/,AVAILABLE}{jar:file:/home/runner/.m2/repository/org/apache/ozone/hdds-container-service/1.3.0-SNAPSHOT/hdds-container-service-1.3.0-SNAPSHOT.jar!/webapps/hddsDatanode}
2022-02-24 16:55:44,735 [Listener at 127.0.0.1/44987] INFO  server.AbstractConnector (AbstractConnector.java:doStart(331)) - Started ServerConnector@5aa75c66{HTTP/1.1, (http/1.1)}{0.0.0.0:46233}
2022-02-24 16:55:44,735 [Listener at 127.0.0.1/44987] INFO  server.Server (Server.java:doStart(415)) - Started @109366ms
2022-02-24 16:55:44,735 [Listener at 127.0.0.1/44987] WARN  impl.MetricsSystemImpl (MetricsSystemImpl.java:register(279)) - Sink prometheus already exists!
2022-02-24 16:55:44,736 [Listener at 127.0.0.1/44987] INFO  http.BaseHttpServer (BaseHttpServer.java:updateConnectorAddress(329)) - HTTP server of hddsDatanode listening at http://0.0.0.0:46233
2022-02-24 16:55:44,771 [Datanode State Machine Daemon Thread] INFO  statemachine.DatanodeStateMachine (DatanodeStateMachine.java:lambda$startDaemon$0(470)) - Ozone container server started.
2022-02-24 16:55:44,745 [Listener at 127.0.0.1/44987] INFO  ozone.MiniOzoneClusterImpl (MiniOzoneClusterImpl.java:lambda$waitForClusterToBeReady$0(219)) - Waiting for nodes to be ready. Got 0 of 7 DN Heartbeats.
2022-02-24 16:55:44,771 [Listener at 127.0.0.1/44987] INFO  ozone.MiniOzoneClusterImpl (MiniOzoneClusterImpl.java:lambda$waitForClusterToBeReady$0(222)) - Waiting for cluster to exit safe mode
2022-02-24 16:55:44,771 [Listener at 127.0.0.1/44987] INFO  ozone.MiniOzoneClusterImpl (MiniOzoneClusterImpl.java:lambda$waitForClusterToBeReady$0(224)) - SCM became leader
2022-02-24 16:55:44,835 [org.apache.hadoop.util.JvmPauseMonitor$Monitor@2ab83f4c] INFO  util.JvmPauseMonitor (JvmPauseMonitor.java:run(188)) - Starting JVM pause monitor
2022-02-24 16:55:44,872 [Datanode State Machine Task Thread - 0] INFO  datanode.InitDatanodeState (InitDatanodeState.java:persistContainerDatanodeDetails(138)) - DatanodeDetails is persisted to /home/runner/work/ozone/ozone/hadoop-ozone/integration-test/target/test-dir/MiniOzoneClusterImpl-a9e0dedd-d836-4895-9472-52c2256152d3/datanode-6/meta/datanode.id
2022-02-24 16:55:44,889 [IPC Server handler 0 on default port 33111] INFO  net.NetworkTopologyImpl (NetworkTopologyImpl.java:add(112)) - Added a new node: /default-rack/b07270f0-c5b1-4afe-99f3-aa5758d6ba5c
2022-02-24 16:55:44,889 [IPC Server handler 0 on default port 33111] INFO  node.SCMNodeManager (SCMNodeManager.java:register(389)) - Registered Data node : b07270f0-c5b1-4afe-99f3-aa5758d6ba5c{ip: 10.1.0.37, host: fv-az59-243.csjynl4pkq3e1pkirw3ssqjfoh.cx.internal.cloudapp.net, ports: [REPLICATION=41147, RATIS=45647, RATIS_ADMIN=45647, RATIS_SERVER=45647, STANDALONE=43127], networkLocation: /default-rack, certSerialId: null, persistedOpState: null, persistedOpStateExpiryEpochSec: 0}
2022-02-24 16:55:44,891 [EventQueue-NewNodeForNewNodeHandler] INFO  pipeline.BackgroundPipelineCreator (BackgroundPipelineCreator.java:notifyEventTriggered(285)) - trigger a one-shot run on RatisPipelineUtilsThread.
2022-02-24 16:55:44,892 [EventQueue-NodeRegistrationContainerReportForDataNodeSafeModeRule] INFO  safemode.SCMSafeModeManager (DataNodeSafeModeRule.java:process(71)) - SCM in safe mode. 1 DataNodes registered, 3 required.
2022-02-24 16:55:44,895 [RatisPipelineUtilsThread - 0] INFO  pipeline.RatisPipelineProvider (RatisPipelineProvider.java:lambda$create$0(183)) - Sending CreatePipelineCommand for pipeline:PipelineID=4380a834-1b4d-4ba4-846d-bbc704ac6f1a to datanode:b07270f0-c5b1-4afe-99f3-aa5758d6ba5c
2022-02-24 16:55:44,916 [EventQueue-NodeRegistrationContainerReportForContainerSafeModeRule] INFO  safemode.SCMSafeModeManager (SCMSafeModeManager.java:validateSafeModeExitRules(204)) - ContainerSafeModeRule rule is successfully validated
2022-02-24 16:55:44,917 [EventQueue-PipelineReportForOneReplicaPipelineSafeModeRule] INFO  safemode.SCMSafeModeManager (SCMSafeModeManager.java:validateSafeModeExitRules(204)) - AtleastOneDatanodeReportedRule rule is successfully validated
2022-02-24 16:55:44,954 [77c6fe3f-1b7a-40d0-9616-c5318e50343e@group-52C2256152D3-StateMachineUpdater] INFO  pipeline.PipelineStateManagerImpl (PipelineStateManagerImpl.java:addPipeline(101)) - Created pipeline Pipeline[ Id: 4380a834-1b4d-4ba4-846d-bbc704ac6f1a, Nodes: b07270f0-c5b1-4afe-99f3-aa5758d6ba5c{ip: 10.1.0.37, host: fv-az59-243.csjynl4pkq3e1pkirw3ssqjfoh.cx.internal.cloudapp.net, ports: [REPLICATION=41147, RATIS=45647, RATIS_ADMIN=45647, RATIS_SERVER=45647, STANDALONE=43127], networkLocation: /default-rack, certSerialId: null, persistedOpState: IN_SERVICE, persistedOpStateExpiryEpochSec: 0}, ReplicationConfig: RATIS/ONE, State:ALLOCATED, leaderId:, CreationTimestamp2022-02-24T16:55:44.895Z[Etc/UTC]].
2022-02-24 16:55:44,954 [77c6fe3f-1b7a-40d0-9616-c5318e50343e@group-52C2256152D3-StateMachineUpdater] INFO  safemode.HealthyPipelineSafeModeRule (HealthyPipelineSafeModeRule.java:initializeRule(152)) - Refreshed total pipeline count is 0, healthy pipeline threshold count is 1
2022-02-24 16:55:44,997 [EndpointStateMachine task thread for /0.0.0.0:33111 - 0 ] INFO  ozoneimpl.OzoneContainer (OzoneContainer.java:start(335)) - Attempting to start container services.
2022-02-24 16:55:44,998 [EndpointStateMachine task thread for /0.0.0.0:33111 - 0 ] INFO  ozoneimpl.OzoneContainer (OzoneContainer.java:startContainerScrub(270)) - Background container scanner has been disabled.
2022-02-24 16:55:44,998 [EndpointStateMachine task thread for /0.0.0.0:33111 - 0 ] INFO  replication.ReplicationServer (ReplicationServer.java:start(111)) - ReplicationServer is started using port 38827
2022-02-24 16:55:45,007 [EndpointStateMachine task thread for /0.0.0.0:33111 - 0 ] INFO  ratis.XceiverServerRatis (XceiverServerRatis.java:start(485)) - Starting XceiverServerRatis 2ccab0b5-4479-416a-9931-5373164cc31d
2022-02-24 16:55:45,035 [EndpointStateMachine task thread for /0.0.0.0:33111 - 0 ] INFO  server.RaftServer (RaftServerProxy.java:lambda$start$5(374)) - 2ccab0b5-4479-416a-9931-5373164cc31d: start RPC server
2022-02-24 16:55:45,035 [EndpointStateMachine task thread for /0.0.0.0:33111 - 0 ] INFO  server.GrpcService (GrpcService.java:startImpl(253)) - 2ccab0b5-4479-416a-9931-5373164cc31d: GrpcService started, listening on 41069
2022-02-24 16:55:45,035 [EndpointStateMachine task thread for /0.0.0.0:33111 - 0 ] INFO  ratis.XceiverServerRatis (XceiverServerRatis.java:getRealPort(506)) - XceiverServerRatis 2ccab0b5-4479-416a-9931-5373164cc31d is started using port 41069 for RATIS
2022-02-24 16:55:45,035 [EndpointStateMachine task thread for /0.0.0.0:33111 - 0 ] INFO  ratis.XceiverServerRatis (XceiverServerRatis.java:getRealPort(506)) - XceiverServerRatis 2ccab0b5-4479-416a-9931-5373164cc31d is started using port 41069 for RATIS_ADMIN
2022-02-24 16:55:45,036 [EndpointStateMachine task thread for /0.0.0.0:33111 - 0 ] INFO  ratis.XceiverServerRatis (XceiverServerRatis.java:getRealPort(506)) - XceiverServerRatis 2ccab0b5-4479-416a-9931-5373164cc31d is started using port 41069 for RATIS_SERVER
2022-02-24 16:55:45,043 [org.apache.ratis.util.JvmPauseMonitor$$Lambda$431/1797702346@514b248f] INFO  util.JvmPauseMonitor (JvmPauseMonitor.java:run(103)) - JvmPauseMonitor-2ccab0b5-4479-416a-9931-5373164cc31d: Started
2022-02-24 16:55:45,059 [EndpointStateMachine task thread for /0.0.0.0:33111 - 0 ] INFO  server.XceiverServerGrpc (XceiverServerGrpc.java:start(180)) - XceiverServerGrpc 2ccab0b5-4479-416a-9931-5373164cc31d is started using port 35309
2022-02-24 16:55:45,389 [IPC Server handler 2 on default port 33111] INFO  net.NetworkTopologyImpl (NetworkTopologyImpl.java:add(112)) - Added a new node: /default-rack/cf3a7bfa-0a59-4cf0-978b-44f71b96abbc
2022-02-24 16:55:45,390 [IPC Server handler 2 on default port 33111] INFO  node.SCMNodeManager (SCMNodeManager.java:register(389)) - Registered Data node : cf3a7bfa-0a59-4cf0-978b-44f71b96abbc{ip: 10.1.0.37, host: fv-az59-243.csjynl4pkq3e1pkirw3ssqjfoh.cx.internal.cloudapp.net, ports: [REPLICATION=36859, RATIS=40183, RATIS_ADMIN=40183, RATIS_SERVER=40183, STANDALONE=46129], networkLocation: /default-rack, certSerialId: null, persistedOpState: null, persistedOpStateExpiryEpochSec: 0}
2022-02-24 16:55:45,390 [EventQueue-NodeRegistrationContainerReportForDataNodeSafeModeRule] INFO  safemode.SCMSafeModeManager (DataNodeSafeModeRule.java:process(71)) - SCM in safe mode. 2 DataNodes registered, 3 required.
2022-02-24 16:55:45,390 [EventQueue-NewNodeForNewNodeHandler] INFO  pipeline.BackgroundPipelineCreator (BackgroundPipelineCreator.java:notifyEventTriggered(285)) - trigger a one-shot run on RatisPipelineUtilsThread.
2022-02-24 16:55:45,394 [RatisPipelineUtilsThread - 0] INFO  pipeline.RatisPipelineProvider (RatisPipelineProvider.java:lambda$create$0(183)) - Sending CreatePipelineCommand for pipeline:PipelineID=491b94e5-b470-455f-9927-941f5d11da8e to datanode:cf3a7bfa-0a59-4cf0-978b-44f71b96abbc
2022-02-24 16:55:45,399 [77c6fe3f-1b7a-40d0-9616-c5318e50343e@group-52C2256152D3-StateMachineUpdater] INFO  pipeline.PipelineStateManagerImpl (PipelineStateManagerImpl.java:addPipeline(101)) - Created pipeline Pipeline[ Id: 491b94e5-b470-455f-9927-941f5d11da8e, Nodes: cf3a7bfa-0a59-4cf0-978b-44f71b96abbc{ip: 10.1.0.37, host: fv-az59-243.csjynl4pkq3e1pkirw3ssqjfoh.cx.internal.cloudapp.net, ports: [REPLICATION=36859, RATIS=40183, RATIS_ADMIN=40183, RATIS_SERVER=40183, STANDALONE=46129], networkLocation: /default-rack, certSerialId: null, persistedOpState: IN_SERVICE, persistedOpStateExpiryEpochSec: 0}, ReplicationConfig: RATIS/ONE, State:ALLOCATED, leaderId:, CreationTimestamp2022-02-24T16:55:45.394Z[Etc/UTC]].
2022-02-24 16:55:45,399 [77c6fe3f-1b7a-40d0-9616-c5318e50343e@group-52C2256152D3-StateMachineUpdater] INFO  safemode.HealthyPipelineSafeModeRule (HealthyPipelineSafeModeRule.java:initializeRule(152)) - Refreshed total pipeline count is 0, healthy pipeline threshold count is 1
2022-02-24 16:55:45,599 [EndpointStateMachine task thread for /0.0.0.0:33111 - 0 ] INFO  ozoneimpl.OzoneContainer (OzoneContainer.java:start(335)) - Attempting to start container services.
2022-02-24 16:55:45,599 [EndpointStateMachine task thread for /0.0.0.0:33111 - 0 ] INFO  ozoneimpl.OzoneContainer (OzoneContainer.java:startContainerScrub(270)) - Background container scanner has been disabled.
2022-02-24 16:55:45,600 [EndpointStateMachine task thread for /0.0.0.0:33111 - 0 ] INFO  replication.ReplicationServer (ReplicationServer.java:start(111)) - ReplicationServer is started using port 40825
2022-02-24 16:55:45,631 [EndpointStateMachine task thread for /0.0.0.0:33111 - 0 ] INFO  ratis.XceiverServerRatis (XceiverServerRatis.java:start(485)) - Starting XceiverServerRatis 6aa02a95-f8ab-442c-9ba0-fd232060c81a
2022-02-24 16:55:45,659 [EndpointStateMachine task thread for /0.0.0.0:33111 - 0 ] INFO  server.RaftServer (RaftServerProxy.java:lambda$start$5(374)) - 6aa02a95-f8ab-442c-9ba0-fd232060c81a: start RPC server
2022-02-24 16:55:45,659 [EndpointStateMachine task thread for /0.0.0.0:33111 - 0 ] INFO  server.GrpcService (GrpcService.java:startImpl(253)) - 6aa02a95-f8ab-442c-9ba0-fd232060c81a: GrpcService started, listening on 41563
2022-02-24 16:55:45,663 [EndpointStateMachine task thread for /0.0.0.0:33111 - 0 ] INFO  ratis.XceiverServerRatis (XceiverServerRatis.java:getRealPort(506)) - XceiverServerRatis 6aa02a95-f8ab-442c-9ba0-fd232060c81a is started using port 41563 for RATIS
2022-02-24 16:55:45,663 [EndpointStateMachine task thread for /0.0.0.0:33111 - 0 ] INFO  ratis.XceiverServerRatis (XceiverServerRatis.java:getRealPort(506)) - XceiverServerRatis 6aa02a95-f8ab-442c-9ba0-fd232060c81a is started using port 41563 for RATIS_ADMIN
2022-02-24 16:55:45,663 [EndpointStateMachine task thread for /0.0.0.0:33111 - 0 ] INFO  ratis.XceiverServerRatis (XceiverServerRatis.java:getRealPort(506)) - XceiverServerRatis 6aa02a95-f8ab-442c-9ba0-fd232060c81a is started using port 41563 for RATIS_SERVER
2022-02-24 16:55:45,664 [org.apache.ratis.util.JvmPauseMonitor$$Lambda$431/1797702346@1ed35d34] INFO  util.JvmPauseMonitor (JvmPauseMonitor.java:run(103)) - JvmPauseMonitor-6aa02a95-f8ab-442c-9ba0-fd232060c81a: Started
2022-02-24 16:55:45,671 [EndpointStateMachine task thread for /0.0.0.0:33111 - 0 ] INFO  server.XceiverServerGrpc (XceiverServerGrpc.java:start(180)) - XceiverServerGrpc 6aa02a95-f8ab-442c-9ba0-fd232060c81a is started using port 35321
2022-02-24 16:55:45,771 [Listener at 127.0.0.1/44987] INFO  ozone.MiniOzoneClusterImpl (MiniOzoneClusterImpl.java:lambda$waitForClusterToBeReady$0(219)) - Waiting for nodes to be ready. Got 2 of 7 DN Heartbeats.
2022-02-24 16:55:45,771 [Listener at 127.0.0.1/44987] INFO  ozone.MiniOzoneClusterImpl (MiniOzoneClusterImpl.java:lambda$waitForClusterToBeReady$0(222)) - Waiting for cluster to exit safe mode
2022-02-24 16:55:45,771 [Listener at 127.0.0.1/44987] INFO  ozone.MiniOzoneClusterImpl (MiniOzoneClusterImpl.java:lambda$waitForClusterToBeReady$0(224)) - SCM became leader
2022-02-24 16:55:46,150 [IPC Server handler 2 on default port 33111] INFO  net.NetworkTopologyImpl (NetworkTopologyImpl.java:add(112)) - Added a new node: /default-rack/2a15bd7e-7896-4db0-9e08-f7464bcd33ee
2022-02-24 16:55:46,150 [IPC Server handler 2 on default port 33111] INFO  node.SCMNodeManager (SCMNodeManager.java:register(389)) - Registered Data node : 2a15bd7e-7896-4db0-9e08-f7464bcd33ee{ip: 10.1.0.37, host: fv-az59-243.csjynl4pkq3e1pkirw3ssqjfoh.cx.internal.cloudapp.net, ports: [REPLICATION=43341, RATIS=41995, RATIS_ADMIN=41995, RATIS_SERVER=41995, STANDALONE=34861], networkLocation: /default-rack, certSerialId: null, persistedOpState: null, persistedOpStateExpiryEpochSec: 0}
2022-02-24 16:55:46,151 [EventQueue-NewNodeForNewNodeHandler] INFO  pipeline.BackgroundPipelineCreator (BackgroundPipelineCreator.java:notifyEventTriggered(285)) - trigger a one-shot run on RatisPipelineUtilsThread.
2022-02-24 16:55:46,155 [RatisPipelineUtilsThread - 0] INFO  pipeline.RatisPipelineProvider (RatisPipelineProvider.java:lambda$create$0(183)) - Sending CreatePipelineCommand for pipeline:PipelineID=5f44144d-712d-461a-aa66-ff6f608ff5fd to datanode:2a15bd7e-7896-4db0-9e08-f7464bcd33ee
2022-02-24 16:55:46,155 [EventQueue-NodeRegistrationContainerReportForDataNodeSafeModeRule] INFO  safemode.SCMSafeModeManager (DataNodeSafeModeRule.java:process(71)) - SCM in safe mode. 3 DataNodes registered, 3 required.
2022-02-24 16:55:46,156 [EventQueue-NodeRegistrationContainerReportForDataNodeSafeModeRule] INFO  safemode.SCMSafeModeManager (SCMSafeModeManager.java:validateSafeModeExitRules(204)) - DataNodeSafeModeRule rule is successfully validated
2022-02-24 16:55:46,156 [EventQueue-NodeRegistrationContainerReportForDataNodeSafeModeRule] INFO  safemode.SCMSafeModeManager (SCMSafeModeManager.java:completePreCheck(233)) - All SCM safe mode pre check rules have passed
2022-02-24 16:55:46,156 [EventQueue-NodeRegistrationContainerReportForDataNodeSafeModeRule] WARN  events.EventQueue (EventQueue.java:fireEvent(194)) - No event handler registered for event TypedEvent{payloadType=SafeModeStatus, name='Safe mode status'}
2022-02-24 16:55:46,156 [EventQueue-NodeRegistrationContainerReportForDataNodeSafeModeRule] INFO  ha.SCMContext (SCMContext.java:updateSafeModeStatus(211)) - Update SafeModeStatus from SafeModeStatus{safeModeStatus=true, preCheckPassed=false} to SafeModeStatus{safeModeStatus=true, preCheckPassed=true}.
2022-02-24 16:55:46,156 [EventQueue-NodeRegistrationContainerReportForDataNodeSafeModeRule] INFO  pipeline.BackgroundPipelineCreator (BackgroundPipelineCreator.java:notifyEventTriggered(285)) - trigger a one-shot run on RatisPipelineUtilsThread.
2022-02-24 16:55:46,158 [77c6fe3f-1b7a-40d0-9616-c5318e50343e@group-52C2256152D3-StateMachineUpdater] INFO  pipeline.PipelineStateManagerImpl (PipelineStateManagerImpl.java:addPipeline(101)) - Created pipeline Pipeline[ Id: 5f44144d-712d-461a-aa66-ff6f608ff5fd, Nodes: 2a15bd7e-7896-4db0-9e08-f7464bcd33ee{ip: 10.1.0.37, host: fv-az59-243.csjynl4pkq3e1pkirw3ssqjfoh.cx.internal.cloudapp.net, ports: [REPLICATION=43341, RATIS=41995, RATIS_ADMIN=41995, RATIS_SERVER=41995, STANDALONE=34861], networkLocation: /default-rack, certSerialId: null, persistedOpState: IN_SERVICE, persistedOpStateExpiryEpochSec: 0}, ReplicationConfig: RATIS/ONE, State:ALLOCATED, leaderId:, CreationTimestamp2022-02-24T16:55:46.155Z[Etc/UTC]].
2022-02-24 16:55:46,158 [77c6fe3f-1b7a-40d0-9616-c5318e50343e@group-52C2256152D3-StateMachineUpdater] INFO  safemode.HealthyPipelineSafeModeRule (HealthyPipelineSafeModeRule.java:initializeRule(152)) - Refreshed total pipeline count is 0, healthy pipeline threshold count is 1
2022-02-24 16:55:46,159 [RatisPipelineUtilsThread - 0] INFO  pipeline.RatisPipelineProvider (RatisPipelineProvider.java:lambda$create$0(183)) - Sending CreatePipelineCommand for pipeline:PipelineID=fc4ff8a0-a9fc-4bf1-a572-f4ff6a221ee2 to datanode:b07270f0-c5b1-4afe-99f3-aa5758d6ba5c
2022-02-24 16:55:46,159 [RatisPipelineUtilsThread - 0] INFO  pipeline.RatisPipelineProvider (RatisPipelineProvider.java:lambda$create$0(183)) - Sending CreatePipelineCommand for pipeline:PipelineID=fc4ff8a0-a9fc-4bf1-a572-f4ff6a221ee2 to datanode:cf3a7bfa-0a59-4cf0-978b-44f71b96abbc
2022-02-24 16:55:46,159 [RatisPipelineUtilsThread - 0] INFO  pipeline.RatisPipelineProvider (RatisPipelineProvider.java:lambda$create$0(183)) - Sending CreatePipelineCommand for pipeline:PipelineID=fc4ff8a0-a9fc-4bf1-a572-f4ff6a221ee2 to datanode:2a15bd7e-7896-4db0-9e08-f7464bcd33ee
2022-02-24 16:55:46,161 [77c6fe3f-1b7a-40d0-9616-c5318e50343e@group-52C2256152D3-StateMachineUpdater] INFO  pipeline.PipelineStateManagerImpl (PipelineStateManagerImpl.java:addPipeline(101)) - Created pipeline Pipeline[ Id: fc4ff8a0-a9fc-4bf1-a572-f4ff6a221ee2, Nodes: b07270f0-c5b1-4afe-99f3-aa5758d6ba5c{ip: 10.1.0.37, host: fv-az59-243.csjynl4pkq3e1pkirw3ssqjfoh.cx.internal.cloudapp.net, ports: [REPLICATION=41147, RATIS=45647, RATIS_ADMIN=45647, RATIS_SERVER=45647, STANDALONE=43127], networkLocation: /default-rack, certSerialId: null, persistedOpState: IN_SERVICE, persistedOpStateExpiryEpochSec: 0}cf3a7bfa-0a59-4cf0-978b-44f71b96abbc{ip: 10.1.0.37, host: fv-az59-243.csjynl4pkq3e1pkirw3ssqjfoh.cx.internal.cloudapp.net, ports: [REPLICATION=36859, RATIS=40183, RATIS_ADMIN=40183, RATIS_SERVER=40183, STANDALONE=46129], networkLocation: /default-rack, certSerialId: null, persistedOpState: IN_SERVICE, persistedOpStateExpiryEpochSec: 0}2a15bd7e-7896-4db0-9e08-f7464bcd33ee{ip: 10.1.0.37, host: fv-az59-243.csjynl4pkq3e1pkirw3ssqjfoh.cx.internal.cloudapp.net, ports: [REPLICATION=43341, RATIS=41995, RATIS_ADMIN=41995, RATIS_SERVER=41995, STANDALONE=34861], networkLocation: /default-rack, certSerialId: null, persistedOpState: IN_SERVICE, persistedOpStateExpiryEpochSec: 0}, ReplicationConfig: RATIS/THREE, State:ALLOCATED, leaderId:, CreationTimestamp2022-02-24T16:55:46.159Z[Etc/UTC]].
2022-02-24 16:55:46,161 [77c6fe3f-1b7a-40d0-9616-c5318e50343e@group-52C2256152D3-StateMachineUpdater] INFO  safemode.HealthyPipelineSafeModeRule (HealthyPipelineSafeModeRule.java:initializeRule(152)) - Refreshed total pipeline count is 0, healthy pipeline threshold count is 1
2022-02-24 16:55:46,162 [RatisPipelineUtilsThread - 0] INFO  pipeline.RatisPipelineProvider (RatisPipelineProvider.java:lambda$create$0(183)) - Sending CreatePipelineCommand for pipeline:PipelineID=b23504de-3ed0-4c19-82f8-9c1e72aca101 to datanode:b07270f0-c5b1-4afe-99f3-aa5758d6ba5c
2022-02-24 16:55:46,162 [RatisPipelineUtilsThread - 0] INFO  pipeline.RatisPipelineProvider (RatisPipelineProvider.java:lambda$create$0(183)) - Sending CreatePipelineCommand for pipeline:PipelineID=b23504de-3ed0-4c19-82f8-9c1e72aca101 to datanode:2a15bd7e-7896-4db0-9e08-f7464bcd33ee
2022-02-24 16:55:46,162 [RatisPipelineUtilsThread - 0] INFO  pipeline.RatisPipelineProvider (RatisPipelineProvider.java:lambda$create$0(183)) - Sending CreatePipelineCommand for pipeline:PipelineID=b23504de-3ed0-4c19-82f8-9c1e72aca101 to datanode:cf3a7bfa-0a59-4cf0-978b-44f71b96abbc
2022-02-24 16:55:46,163 [77c6fe3f-1b7a-40d0-9616-c5318e50343e@group-52C2256152D3-StateMachineUpdater] INFO  pipeline.PipelineStateManagerImpl (PipelineStateManagerImpl.java:addPipeline(101)) - Created pipeline Pipeline[ Id: b23504de-3ed0-4c19-82f8-9c1e72aca101, Nodes: b07270f0-c5b1-4afe-99f3-aa5758d6ba5c{ip: 10.1.0.37, host: fv-az59-243.csjynl4pkq3e1pkirw3ssqjfoh.cx.internal.cloudapp.net, ports: [REPLICATION=41147, RATIS=45647, RATIS_ADMIN=45647, RATIS_SERVER=45647, STANDALONE=43127], networkLocation: /default-rack, certSerialId: null, persistedOpState: IN_SERVICE, persistedOpStateExpiryEpochSec: 0}2a15bd7e-7896-4db0-9e08-f7464bcd33ee{ip: 10.1.0.37, host: fv-az59-243.csjynl4pkq3e1pkirw3ssqjfoh.cx.internal.cloudapp.net, ports: [REPLICATION=43341, RATIS=41995, RATIS_ADMIN=41995, RATIS_SERVER=41995, STANDALONE=34861], networkLocation: /default-rack, certSerialId: null, persistedOpState: IN_SERVICE, persistedOpStateExpiryEpochSec: 0}cf3a7bfa-0a59-4cf0-978b-44f71b96abbc{ip: 10.1.0.37, host: fv-az59-243.csjynl4pkq3e1pkirw3ssqjfoh.cx.internal.cloudapp.net, ports: [REPLICATION=36859, RATIS=40183, RATIS_ADMIN=40183, RATIS_SERVER=40183, STANDALONE=46129], networkLocation: /default-rack, certSerialId: null, persistedOpState: IN_SERVICE, persistedOpStateExpiryEpochSec: 0}, ReplicationConfig: RATIS/THREE, State:ALLOCATED, leaderId:, CreationTimestamp2022-02-24T16:55:46.162Z[Etc/UTC]].
2022-02-24 16:55:46,164 [77c6fe3f-1b7a-40d0-9616-c5318e50343e@group-52C2256152D3-StateMachineUpdater] INFO  safemode.HealthyPipelineSafeModeRule (HealthyPipelineSafeModeRule.java:initializeRule(152)) - Refreshed total pipeline count is 0, healthy pipeline threshold count is 1
2022-02-24 16:55:46,174 [RatisPipelineUtilsThread - 0] INFO  pipeline.PipelineManagerImpl (PipelineManagerImpl.java:recordMetricsForPipeline(639)) - Pipeline: PipelineID=b23504de-3ed0-4c19-82f8-9c1e72aca101 contains same datanodes as previous pipelines: PipelineID=fc4ff8a0-a9fc-4bf1-a572-f4ff6a221ee2 nodeIds: b07270f0-c5b1-4afe-99f3-aa5758d6ba5c, 2a15bd7e-7896-4db0-9e08-f7464bcd33ee, cf3a7bfa-0a59-4cf0-978b-44f71b96abbc
2022-02-24 16:55:46,174 [RatisPipelineUtilsThread - 0] INFO  pipeline.RatisPipelineProvider (RatisPipelineProvider.java:lambda$create$0(183)) - Sending CreatePipelineCommand for pipeline:PipelineID=9f1d42e2-676d-4b4b-b843-29500492d057 to datanode:2a15bd7e-7896-4db0-9e08-f7464bcd33ee
2022-02-24 16:55:46,175 [RatisPipelineUtilsThread - 0] INFO  pipeline.RatisPipelineProvider (RatisPipelineProvider.java:lambda$create$0(183)) - Sending CreatePipelineCommand for pipeline:PipelineID=9f1d42e2-676d-4b4b-b843-29500492d057 to datanode:cf3a7bfa-0a59-4cf0-978b-44f71b96abbc
2022-02-24 16:55:46,175 [RatisPipelineUtilsThread - 0] INFO  pipeline.RatisPipelineProvider (RatisPipelineProvider.java:lambda$create$0(183)) - Sending CreatePipelineCommand for pipeline:PipelineID=9f1d42e2-676d-4b4b-b843-29500492d057 to datanode:b07270f0-c5b1-4afe-99f3-aa5758d6ba5c
2022-02-24 16:55:46,176 [77c6fe3f-1b7a-40d0-9616-c5318e50343e@group-52C2256152D3-StateMachineUpdater] INFO  pipeline.PipelineStateManagerImpl (PipelineStateManagerImpl.java:addPipeline(101)) - Created pipeline Pipeline[ Id: 9f1d42e2-676d-4b4b-b843-29500492d057, Nodes: 2a15bd7e-7896-4db0-9e08-f7464bcd33ee{ip: 10.1.0.37, host: fv-az59-243.csjynl4pkq3e1pkirw3ssqjfoh.cx.internal.cloudapp.net, ports: [REPLICATION=43341, RATIS=41995, RATIS_ADMIN=41995, RATIS_SERVER=41995, STANDALONE=34861], networkLocation: /default-rack, certSerialId: null, persistedOpState: IN_SERVICE, persistedOpStateExpiryEpochSec: 0}cf3a7bfa-0a59-4cf0-978b-44f71b96abbc{ip: 10.1.0.37, host: fv-az59-243.csjynl4pkq3e1pkirw3ssqjfoh.cx.internal.cloudapp.net, ports: [REPLICATION=36859, RATIS=40183, RATIS_ADMIN=40183, RATIS_SERVER=40183, STANDALONE=46129], networkLocation: /default-rack, certSerialId: null, persistedOpState: IN_SERVICE, persistedOpStateExpiryEpochSec: 0}b07270f0-c5b1-4afe-99f3-aa5758d6ba5c{ip: 10.1.0.37, host: fv-az59-243.csjynl4pkq3e1pkirw3ssqjfoh.cx.internal.cloudapp.net, ports: [REPLICATION=41147, RATIS=45647, RATIS_ADMIN=45647, RATIS_SERVER=45647, STANDALONE=43127], networkLocation: /default-rack, certSerialId: null, persistedOpState: IN_SERVICE, persistedOpStateExpiryEpochSec: 0}, ReplicationConfig: RATIS/THREE, State:ALLOCATED, leaderId:, CreationTimestamp2022-02-24T16:55:46.174Z[Etc/UTC]].
2022-02-24 16:55:46,176 [77c6fe3f-1b7a-40d0-9616-c5318e50343e@group-52C2256152D3-StateMachineUpdater] INFO  safemode.HealthyPipelineSafeModeRule (HealthyPipelineSafeModeRule.java:initializeRule(152)) - Refreshed total pipeline count is 0, healthy pipeline threshold count is 1
2022-02-24 16:55:46,183 [RatisPipelineUtilsThread - 0] INFO  pipeline.PipelineManagerImpl (PipelineManagerImpl.java:recordMetricsForPipeline(639)) - Pipeline: PipelineID=9f1d42e2-676d-4b4b-b843-29500492d057 contains same datanodes as previous pipelines: PipelineID=b23504de-3ed0-4c19-82f8-9c1e72aca101 nodeIds: 2a15bd7e-7896-4db0-9e08-f7464bcd33ee, cf3a7bfa-0a59-4cf0-978b-44f71b96abbc, b07270f0-c5b1-4afe-99f3-aa5758d6ba5c
2022-02-24 16:55:46,183 [RatisPipelineUtilsThread - 0] INFO  pipeline.PipelineManagerImpl (PipelineManagerImpl.java:recordMetricsForPipeline(639)) - Pipeline: PipelineID=9f1d42e2-676d-4b4b-b843-29500492d057 contains same datanodes as previous pipelines: PipelineID=fc4ff8a0-a9fc-4bf1-a572-f4ff6a221ee2 nodeIds: 2a15bd7e-7896-4db0-9e08-f7464bcd33ee, cf3a7bfa-0a59-4cf0-978b-44f71b96abbc, b07270f0-c5b1-4afe-99f3-aa5758d6ba5c
2022-02-24 16:55:46,206 [EndpointStateMachine task thread for /0.0.0.0:33111 - 0 ] INFO  ozoneimpl.OzoneContainer (OzoneContainer.java:start(335)) - Attempting to start container services.
2022-02-24 16:55:46,206 [EndpointStateMachine task thread for /0.0.0.0:33111 - 0 ] INFO  ozoneimpl.OzoneContainer (OzoneContainer.java:startContainerScrub(270)) - Background container scanner has been disabled.
2022-02-24 16:55:46,207 [EndpointStateMachine task thread for /0.0.0.0:33111 - 0 ] INFO  replication.ReplicationServer (ReplicationServer.java:start(111)) - ReplicationServer is started using port 45025
2022-02-24 16:55:46,208 [EndpointStateMachine task thread for /0.0.0.0:33111 - 0 ] INFO  ratis.XceiverServerRatis (XceiverServerRatis.java:start(485)) - Starting XceiverServerRatis 37eb1d61-39bb-4850-ab96-a7546aa7d2af
2022-02-24 16:55:46,209 [EndpointStateMachine task thread for /0.0.0.0:33111 - 0 ] INFO  server.RaftServer (RaftServerProxy.java:lambda$start$5(374)) - 37eb1d61-39bb-4850-ab96-a7546aa7d2af: start RPC server
2022-02-24 16:55:46,219 [EndpointStateMachine task thread for /0.0.0.0:33111 - 0 ] INFO  server.GrpcService (GrpcService.java:startImpl(253)) - 37eb1d61-39bb-4850-ab96-a7546aa7d2af: GrpcService started, listening on 34927
2022-02-24 16:55:46,219 [EndpointStateMachine task thread for /0.0.0.0:33111 - 0 ] INFO  ratis.XceiverServerRatis (XceiverServerRatis.java:getRealPort(506)) - XceiverServerRatis 37eb1d61-39bb-4850-ab96-a7546aa7d2af is started using port 34927 for RATIS
2022-02-24 16:55:46,219 [EndpointStateMachine task thread for /0.0.0.0:33111 - 0 ] INFO  ratis.XceiverServerRatis (XceiverServerRatis.java:getRealPort(506)) - XceiverServerRatis 37eb1d61-39bb-4850-ab96-a7546aa7d2af is started using port 34927 for RATIS_ADMIN
2022-02-24 16:55:46,219 [EndpointStateMachine task thread for /0.0.0.0:33111 - 0 ] INFO  ratis.XceiverServerRatis (XceiverServerRatis.java:getRealPort(506)) - XceiverServerRatis 37eb1d61-39bb-4850-ab96-a7546aa7d2af is started using port 34927 for RATIS_SERVER
2022-02-24 16:55:46,220 [org.apache.ratis.util.JvmPauseMonitor$$Lambda$431/1797702346@5d8063bf] INFO  util.JvmPauseMonitor (JvmPauseMonitor.java:run(103)) - JvmPauseMonitor-37eb1d61-39bb-4850-ab96-a7546aa7d2af: Started
2022-02-24 16:55:46,248 [EndpointStateMachine task thread for /0.0.0.0:33111 - 0 ] INFO  server.XceiverServerGrpc (XceiverServerGrpc.java:start(180)) - XceiverServerGrpc 37eb1d61-39bb-4850-ab96-a7546aa7d2af is started using port 33481
2022-02-24 16:55:46,772 [Listener at 127.0.0.1/44987] INFO  ozone.MiniOzoneClusterImpl (MiniOzoneClusterImpl.java:lambda$waitForClusterToBeReady$0(219)) - Waiting for nodes to be ready. Got 3 of 7 DN Heartbeats.
2022-02-24 16:55:46,772 [Listener at 127.0.0.1/44987] INFO  ozone.MiniOzoneClusterImpl (MiniOzoneClusterImpl.java:lambda$waitForClusterToBeReady$0(222)) - Waiting for cluster to exit safe mode
2022-02-24 16:55:46,772 [Listener at 127.0.0.1/44987] INFO  ozone.MiniOzoneClusterImpl (MiniOzoneClusterImpl.java:lambda$waitForClusterToBeReady$0(224)) - SCM became leader
2022-02-24 16:55:46,883 [EndpointStateMachine task thread for /0.0.0.0:33111 - 0 ] INFO  ozoneimpl.OzoneContainer (OzoneContainer.java:start(335)) - Attempting to start container services.
2022-02-24 16:55:46,883 [EndpointStateMachine task thread for /0.0.0.0:33111 - 0 ] INFO  ozoneimpl.OzoneContainer (OzoneContainer.java:startContainerScrub(270)) - Background container scanner has been disabled.
2022-02-24 16:55:46,884 [EndpointStateMachine task thread for /0.0.0.0:33111 - 0 ] INFO  replication.ReplicationServer (ReplicationServer.java:start(111)) - ReplicationServer is started using port 34893
2022-02-24 16:55:46,885 [EndpointStateMachine task thread for /0.0.0.0:33111 - 0 ] INFO  ratis.XceiverServerRatis (XceiverServerRatis.java:start(485)) - Starting XceiverServerRatis 6b991a1f-9e77-4b13-a483-fcde5672bd4a
2022-02-24 16:55:46,887 [EndpointStateMachine task thread for /0.0.0.0:33111 - 0 ] INFO  server.RaftServer (RaftServerProxy.java:lambda$start$5(374)) - 6b991a1f-9e77-4b13-a483-fcde5672bd4a: start RPC server
2022-02-24 16:55:46,889 [EndpointStateMachine task thread for /0.0.0.0:33111 - 0 ] INFO  server.GrpcService (GrpcService.java:startImpl(253)) - 6b991a1f-9e77-4b13-a483-fcde5672bd4a: GrpcService started, listening on 38289
2022-02-24 16:55:46,890 [EndpointStateMachine task thread for /0.0.0.0:33111 - 0 ] INFO  ratis.XceiverServerRatis (XceiverServerRatis.java:getRealPort(506)) - XceiverServerRatis 6b991a1f-9e77-4b13-a483-fcde5672bd4a is started using port 38289 for RATIS
2022-02-24 16:55:46,890 [EndpointStateMachine task thread for /0.0.0.0:33111 - 0 ] INFO  ratis.XceiverServerRatis (XceiverServerRatis.java:getRealPort(506)) - XceiverServerRatis 6b991a1f-9e77-4b13-a483-fcde5672bd4a is started using port 38289 for RATIS_ADMIN
2022-02-24 16:55:46,890 [EndpointStateMachine task thread for /0.0.0.0:33111 - 0 ] INFO  ratis.XceiverServerRatis (XceiverServerRatis.java:getRealPort(506)) - XceiverServerRatis 6b991a1f-9e77-4b13-a483-fcde5672bd4a is started using port 38289 for RATIS_SERVER
2022-02-24 16:55:46,891 [org.apache.ratis.util.JvmPauseMonitor$$Lambda$431/1797702346@590056d7] INFO  util.JvmPauseMonitor (JvmPauseMonitor.java:run(103)) - JvmPauseMonitor-6b991a1f-9e77-4b13-a483-fcde5672bd4a: Started
2022-02-24 16:55:46,903 [EndpointStateMachine task thread for /0.0.0.0:33111 - 0 ] INFO  server.XceiverServerGrpc (XceiverServerGrpc.java:start(180)) - XceiverServerGrpc 6b991a1f-9e77-4b13-a483-fcde5672bd4a is started using port 42165
2022-02-24 16:55:46,956 [IPC Server handler 2 on default port 33111] INFO  net.NetworkTopologyImpl (NetworkTopologyImpl.java:add(112)) - Added a new node: /default-rack/2ccab0b5-4479-416a-9931-5373164cc31d
2022-02-24 16:55:46,956 [IPC Server handler 2 on default port 33111] INFO  node.SCMNodeManager (SCMNodeManager.java:register(389)) - Registered Data node : 2ccab0b5-4479-416a-9931-5373164cc31d{ip: 10.1.0.37, host: fv-az59-243.csjynl4pkq3e1pkirw3ssqjfoh.cx.internal.cloudapp.net, ports: [REPLICATION=38827, RATIS=41069, RATIS_ADMIN=41069, RATIS_SERVER=41069, STANDALONE=35309], networkLocation: /default-rack, certSerialId: null, persistedOpState: null, persistedOpStateExpiryEpochSec: 0}
2022-02-24 16:55:46,956 [EventQueue-NewNodeForNewNodeHandler] INFO  pipeline.BackgroundPipelineCreator (BackgroundPipelineCreator.java:notifyEventTriggered(285)) - trigger a one-shot run on RatisPipelineUtilsThread.
2022-02-24 16:55:46,957 [RatisPipelineUtilsThread - 0] INFO  pipeline.RatisPipelineProvider (RatisPipelineProvider.java:lambda$create$0(183)) - Sending CreatePipelineCommand for pipeline:PipelineID=71d6a2a9-1101-4293-8e60-bb03f3d9df88 to datanode:2ccab0b5-4479-416a-9931-5373164cc31d
2022-02-24 16:55:46,959 [77c6fe3f-1b7a-40d0-9616-c5318e50343e@group-52C2256152D3-StateMachineUpdater] INFO  pipeline.PipelineStateManagerImpl (PipelineStateManagerImpl.java:addPipeline(101)) - Created pipeline Pipeline[ Id: 71d6a2a9-1101-4293-8e60-bb03f3d9df88, Nodes: 2ccab0b5-4479-416a-9931-5373164cc31d{ip: 10.1.0.37, host: fv-az59-243.csjynl4pkq3e1pkirw3ssqjfoh.cx.internal.cloudapp.net, ports: [REPLICATION=38827, RATIS=41069, RATIS_ADMIN=41069, RATIS_SERVER=41069, STANDALONE=35309], networkLocation: /default-rack, certSerialId: null, persistedOpState: IN_SERVICE, persistedOpStateExpiryEpochSec: 0}, ReplicationConfig: RATIS/ONE, State:ALLOCATED, leaderId:, CreationTimestamp2022-02-24T16:55:46.957Z[Etc/UTC]].
2022-02-24 16:55:46,959 [77c6fe3f-1b7a-40d0-9616-c5318e50343e@group-52C2256152D3-StateMachineUpdater] INFO  safemode.HealthyPipelineSafeModeRule (HealthyPipelineSafeModeRule.java:initializeRule(152)) - Refreshed total pipeline count is 0, healthy pipeline threshold count is 1
2022-02-24 16:55:47,568 [IPC Server handler 5 on default port 33111] INFO  net.NetworkTopologyImpl (NetworkTopologyImpl.java:add(112)) - Added a new node: /default-rack/6aa02a95-f8ab-442c-9ba0-fd232060c81a
2022-02-24 16:55:47,568 [IPC Server handler 5 on default port 33111] INFO  node.SCMNodeManager (SCMNodeManager.java:register(389)) - Registered Data node : 6aa02a95-f8ab-442c-9ba0-fd232060c81a{ip: 10.1.0.37, host: fv-az59-243.csjynl4pkq3e1pkirw3ssqjfoh.cx.internal.cloudapp.net, ports: [REPLICATION=40825, RATIS=41563, RATIS_ADMIN=41563, RATIS_SERVER=41563, STANDALONE=35321], networkLocation: /default-rack, certSerialId: null, persistedOpState: null, persistedOpStateExpiryEpochSec: 0}
2022-02-24 16:55:47,569 [EventQueue-NewNodeForNewNodeHandler] INFO  pipeline.BackgroundPipelineCreator (BackgroundPipelineCreator.java:notifyEventTriggered(285)) - trigger a one-shot run on RatisPipelineUtilsThread.
2022-02-24 16:55:47,569 [RatisPipelineUtilsThread - 0] INFO  pipeline.RatisPipelineProvider (RatisPipelineProvider.java:lambda$create$0(183)) - Sending CreatePipelineCommand for pipeline:PipelineID=86cbf4e9-b0db-4937-96de-56b0a5bd8601 to datanode:6aa02a95-f8ab-442c-9ba0-fd232060c81a
2022-02-24 16:55:47,574 [77c6fe3f-1b7a-40d0-9616-c5318e50343e@group-52C2256152D3-StateMachineUpdater] INFO  pipeline.PipelineStateManagerImpl (PipelineStateManagerImpl.java:addPipeline(101)) - Created pipeline Pipeline[ Id: 86cbf4e9-b0db-4937-96de-56b0a5bd8601, Nodes: 6aa02a95-f8ab-442c-9ba0-fd232060c81a{ip: 10.1.0.37, host: fv-az59-243.csjynl4pkq3e1pkirw3ssqjfoh.cx.internal.cloudapp.net, ports: [REPLICATION=40825, RATIS=41563, RATIS_ADMIN=41563, RATIS_SERVER=41563, STANDALONE=35321], networkLocation: /default-rack, certSerialId: null, persistedOpState: IN_SERVICE, persistedOpStateExpiryEpochSec: 0}, ReplicationConfig: RATIS/ONE, State:ALLOCATED, leaderId:, CreationTimestamp2022-02-24T16:55:47.569Z[Etc/UTC]].
2022-02-24 16:55:47,574 [77c6fe3f-1b7a-40d0-9616-c5318e50343e@group-52C2256152D3-StateMachineUpdater] INFO  safemode.HealthyPipelineSafeModeRule (HealthyPipelineSafeModeRule.java:initializeRule(152)) - Refreshed total pipeline count is 0, healthy pipeline threshold count is 1
2022-02-24 16:55:47,772 [Listener at 127.0.0.1/44987] INFO  ozone.MiniOzoneClusterImpl (MiniOzoneClusterImpl.java:lambda$waitForClusterToBeReady$0(219)) - Waiting for nodes to be ready. Got 5 of 7 DN Heartbeats.
2022-02-24 16:55:47,772 [Listener at 127.0.0.1/44987] INFO  ozone.MiniOzoneClusterImpl (MiniOzoneClusterImpl.java:lambda$waitForClusterToBeReady$0(222)) - Waiting for cluster to exit safe mode
2022-02-24 16:55:47,772 [Listener at 127.0.0.1/44987] INFO  ozone.MiniOzoneClusterImpl (MiniOzoneClusterImpl.java:lambda$waitForClusterToBeReady$0(224)) - SCM became leader
2022-02-24 16:55:47,890 [Command processor thread] INFO  server.RaftServer (RaftServerProxy.java:addNew(95)) - b07270f0-c5b1-4afe-99f3-aa5758d6ba5c: addNew group-BBC704AC6F1A:[b07270f0-c5b1-4afe-99f3-aa5758d6ba5c|rpc:10.1.0.37:45647|priority:1] returns group-BBC704AC6F1A:java.util.concurrent.CompletableFuture@3321a1b2[Not completed]
2022-02-24 16:55:47,896 [pool-320-thread-1] INFO  server.RaftServer$Division (RaftServerImpl.java:<init>(184)) - b07270f0-c5b1-4afe-99f3-aa5758d6ba5c: new RaftServerImpl for group-BBC704AC6F1A:[b07270f0-c5b1-4afe-99f3-aa5758d6ba5c|rpc:10.1.0.37:45647|priority:1] with ContainerStateMachine:uninitialized
2022-02-24 16:55:47,919 [pool-320-thread-1] INFO  server.RaftServerConfigKeys (ConfUtils.java:logGet(44)) - raft.server.rpc.timeout.min = 5s (custom)
2022-02-24 16:55:47,919 [pool-320-thread-1] INFO  server.RaftServerConfigKeys (ConfUtils.java:logGet(44)) - raft.server.rpc.timeout.max = 5200ms (custom)
2022-02-24 16:55:47,919 [pool-320-thread-1] INFO  server.RaftServerConfigKeys (ConfUtils.java:logGet(44)) - raft.server.rpc.sleep.time = 25ms (default)
2022-02-24 16:55:47,919 [pool-320-thread-1] INFO  server.RaftServerConfigKeys (ConfUtils.java:logGet(44)) - raft.server.rpc.slowness.timeout = 300000ms (custom)
2022-02-24 16:55:47,919 [pool-320-thread-1] INFO  server.RaftServerConfigKeys (ConfUtils.java:logGet(44)) - raft.server.leaderelection.leader.step-down.wait-time = 10s (default)
2022-02-24 16:55:47,919 [pool-320-thread-1] INFO  server.RaftServerConfigKeys (ConfUtils.java:logGet(44)) - raft.server.sleep.deviation.threshold = 300ms (default)
2022-02-24 16:55:47,919 [pool-320-thread-1] INFO  server.RaftServerConfigKeys (ConfUtils.java:logGet(44)) - raft.server.log.appender.install.snapshot.enabled = false (custom)
2022-02-24 16:55:47,919 [pool-320-thread-1] INFO  server.RaftServer$Division (ServerState.java:<init>(105)) - b07270f0-c5b1-4afe-99f3-aa5758d6ba5c@group-BBC704AC6F1A: ConfigurationManager, init=-1: [b07270f0-c5b1-4afe-99f3-aa5758d6ba5c|rpc:10.1.0.37:45647|priority:1], old=null, confs=<EMPTY_MAP>
2022-02-24 16:55:47,919 [pool-320-thread-1] INFO  server.RaftServerConfigKeys (ConfUtils.java:logGet(44)) - raft.server.storage.dir = [/home/runner/work/ozone/ozone/hadoop-ozone/integration-test/target/test-dir/MiniOzoneClusterImpl-a9e0dedd-d836-4895-9472-52c2256152d3/datanode-0/data/ratis] (custom)
2022-02-24 16:55:47,920 [pool-320-thread-1] INFO  server.RaftServerConfigKeys (ConfUtils.java:logGet(44)) - raft.server.log.corruption.policy = EXCEPTION (default)
2022-02-24 16:55:47,920 [pool-320-thread-1] INFO  server.RaftServerConfigKeys (ConfUtils.java:logGet(44)) - raft.server.storage.free-space.min = 0MB (=0) (default)
2022-02-24 16:55:47,920 [pool-320-thread-1] INFO  storage.RaftStorageDirectory (RaftStorageDirectoryImpl.java:analyzeStorage(135)) - The storage directory /home/runner/work/ozone/ozone/hadoop-ozone/integration-test/target/test-dir/MiniOzoneClusterImpl-a9e0dedd-d836-4895-9472-52c2256152d3/datanode-0/data/ratis/4380a834-1b4d-4ba4-846d-bbc704ac6f1a does not exist. Creating ...
2022-02-24 16:55:47,923 [pool-320-thread-1] INFO  storage.RaftStorageDirectory (RaftStorageDirectoryImpl.java:tryLock(230)) - Lock on /home/runner/work/ozone/ozone/hadoop-ozone/integration-test/target/test-dir/MiniOzoneClusterImpl-a9e0dedd-d836-4895-9472-52c2256152d3/datanode-0/data/ratis/4380a834-1b4d-4ba4-846d-bbc704ac6f1a/in_use.lock acquired by nodename 3150@fv-az59-243
2022-02-24 16:55:47,931 [pool-320-thread-1] INFO  storage.RaftStorage (RaftStorageImpl.java:format(89)) - Storage directory /home/runner/work/ozone/ozone/hadoop-ozone/integration-test/target/test-dir/MiniOzoneClusterImpl-a9e0dedd-d836-4895-9472-52c2256152d3/datanode-0/data/ratis/4380a834-1b4d-4ba4-846d-bbc704ac6f1a has been successfully formatted.
2022-02-24 16:55:47,933 [pool-320-thread-1] INFO  ratis.ContainerStateMachine (ContainerStateMachine.java:loadSnapshot(236)) - group-BBC704AC6F1A: The snapshot info is null. Setting the last applied indexto:(t:0, i:~)
2022-02-24 16:55:47,933 [pool-320-thread-1] INFO  server.RaftServerConfigKeys (ConfUtils.java:logGet(44)) - raft.server.notification.no-leader.timeout = 300000ms (custom)
2022-02-24 16:55:47,933 [pool-320-thread-1] INFO  server.RaftServerConfigKeys (ConfUtils.java:logGet(44)) - raft.server.log.use.memory = false (default)
2022-02-24 16:55:47,933 [pool-320-thread-1] INFO  server.RaftServerConfigKeys (ConfUtils.java:logGet(44)) - raft.server.log.purge.gap = 1000000 (custom)
2022-02-24 16:55:47,933 [pool-320-thread-1] INFO  server.RaftServerConfigKeys (ConfUtils.java:logGet(44)) - raft.server.log.appender.buffer.byte-limit = 33554432 (custom)
2022-02-24 16:55:47,933 [pool-320-thread-1] INFO  server.RaftServerConfigKeys (ConfUtils.java:logGet(44)) - raft.server.log.segment.size.max = 1048576 (custom)
2022-02-24 16:55:47,933 [pool-320-thread-1] INFO  server.RaftServerConfigKeys (ConfUtils.java:logGet(44)) - raft.server.log.segment.cache.num.max = 2 (custom)
2022-02-24 16:55:47,934 [pool-320-thread-1] INFO  server.RaftServerConfigKeys (ConfUtils.java:logGet(44)) - raft.server.log.segment.cache.size.max = 200MB (=209715200) (default)
2022-02-24 16:55:47,934 [pool-320-thread-1] INFO  segmented.SegmentedRaftLogWorker (SegmentedRaftLogWorker.java:<init>(182)) - new b07270f0-c5b1-4afe-99f3-aa5758d6ba5c@group-BBC704AC6F1A-SegmentedRaftLogWorker for RaftStorageImpl:Storage Directory /home/runner/work/ozone/ozone/hadoop-ozone/integration-test/target/test-dir/MiniOzoneClusterImpl-a9e0dedd-d836-4895-9472-52c2256152d3/datanode-0/data/ratis/4380a834-1b4d-4ba4-846d-bbc704ac6f1a
2022-02-24 16:55:47,934 [pool-320-thread-1] INFO  server.RaftServerConfigKeys (ConfUtils.java:logGet(44)) - raft.server.log.queue.byte-limit = 4294967296 (custom)
2022-02-24 16:55:47,934 [pool-320-thread-1] INFO  server.RaftServerConfigKeys (ConfUtils.java:logGet(44)) - raft.server.log.queue.element-limit = 1024 (custom)
2022-02-24 16:55:47,934 [pool-320-thread-1] INFO  server.RaftServerConfigKeys (ConfUtils.java:logGet(44)) - raft.server.log.segment.size.max = 1048576 (custom)
2022-02-24 16:55:47,934 [pool-320-thread-1] INFO  server.RaftServerConfigKeys (ConfUtils.java:logGet(44)) - raft.server.log.preallocated.size = 16384 (custom)
2022-02-24 16:55:47,934 [pool-320-thread-1] INFO  server.RaftServerConfigKeys (ConfUtils.java:logGet(44)) - raft.server.log.force.sync.num = 128 (default)
2022-02-24 16:55:47,934 [pool-320-thread-1] INFO  server.RaftServerConfigKeys (ConfUtils.java:logGet(44)) - raft.server.log.statemachine.data.sync = true (default)
2022-02-24 16:55:47,934 [pool-320-thread-1] INFO  server.RaftServerConfigKeys (ConfUtils.java:logGet(44)) - raft.server.log.statemachine.data.sync.timeout = 10s (default)
2022-02-24 16:55:47,934 [pool-320-thread-1] INFO  server.RaftServerConfigKeys (ConfUtils.java:logGet(44)) - raft.server.log.statemachine.data.sync.timeout.retry = -1 (default)
2022-02-24 16:55:47,935 [pool-320-thread-1] INFO  server.RaftServerConfigKeys (ConfUtils.java:logGet(44)) - raft.server.log.write.buffer.size = 1048576 (custom)
2022-02-24 16:55:47,935 [pool-320-thread-1] INFO  server.RaftServerConfigKeys (ConfUtils.java:logGet(44)) - raft.server.log.statemachine.data.caching.enabled = true (custom)
2022-02-24 16:55:47,936 [pool-320-thread-1] INFO  segmented.SegmentedRaftLogWorker (SegmentedRaftLogWorker.java:lambda$new$0(133)) - b07270f0-c5b1-4afe-99f3-aa5758d6ba5c@group-BBC704AC6F1A-SegmentedRaftLogWorker: flushIndex: setUnconditionally 0 -> -1
2022-02-24 16:55:47,936 [pool-320-thread-1] INFO  segmented.SegmentedRaftLogWorker (SegmentedRaftLogWorker.java:lambda$new$0(133)) - b07270f0-c5b1-4afe-99f3-aa5758d6ba5c@group-BBC704AC6F1A-SegmentedRaftLogWorker: safeCacheEvictIndex: setUnconditionally 0 -> -1
2022-02-24 16:55:47,938 [EventQueue-PipelineReportForPipelineReportHandler] INFO  pipeline.PipelineManagerImpl (PipelineManagerImpl.java:openPipeline(291)) - Pipeline Pipeline[ Id: 4380a834-1b4d-4ba4-846d-bbc704ac6f1a, Nodes: b07270f0-c5b1-4afe-99f3-aa5758d6ba5c{ip: 10.1.0.37, host: fv-az59-243.csjynl4pkq3e1pkirw3ssqjfoh.cx.internal.cloudapp.net, ports: [REPLICATION=41147, RATIS=45647, RATIS_ADMIN=45647, RATIS_SERVER=45647, STANDALONE=43127], networkLocation: /default-rack, certSerialId: null, persistedOpState: IN_SERVICE, persistedOpStateExpiryEpochSec: 0}, ReplicationConfig: RATIS/ONE, State:ALLOCATED, leaderId:b07270f0-c5b1-4afe-99f3-aa5758d6ba5c, CreationTimestamp2022-02-24T16:55:44.895Z[Etc/UTC]] moved to OPEN state
2022-02-24 16:55:47,951 [pool-320-thread-1] INFO  server.RaftServerConfigKeys (ConfUtils.java:logGet(44)) - raft.server.snapshot.auto.trigger.enabled = true (custom)
2022-02-24 16:55:47,971 [pool-320-thread-1] INFO  server.RaftServerConfigKeys (ConfUtils.java:logGet(44)) - raft.server.snapshot.auto.trigger.threshold = 10000 (custom)
2022-02-24 16:55:47,971 [pool-320-thread-1] INFO  server.RaftServerConfigKeys (ConfUtils.java:logGet(44)) - raft.server.snapshot.retention.file.num = 5 (custom)
2022-02-24 16:55:47,971 [pool-320-thread-1] INFO  server.RaftServerConfigKeys (ConfUtils.java:logGet(44)) - raft.server.log.purge.upto.snapshot.index = false (default)
2022-02-24 16:55:47,971 [pool-320-thread-1] INFO  server.RaftServerConfigKeys (ConfUtils.java:logGet(44)) - raft.server.retrycache.expirytime = 600000ms (custom)
2022-02-24 16:55:47,971 [pool-320-thread-1] INFO  server.RaftServerConfigKeys (ConfUtils.java:logGet(44)) - raft.server.retrycache.statistics.expirytime = 100μs (default)
2022-02-24 16:55:47,972 [pool-320-thread-1] INFO  server.RaftServer$Division (RaftServerImpl.java:start(301)) - b07270f0-c5b1-4afe-99f3-aa5758d6ba5c@group-BBC704AC6F1A: start as a follower, conf=-1: [b07270f0-c5b1-4afe-99f3-aa5758d6ba5c|rpc:10.1.0.37:45647|priority:1], old=null
2022-02-24 16:55:47,973 [pool-320-thread-1] INFO  server.RaftServer$Division (RaftServerImpl.java:setRole(290)) - b07270f0-c5b1-4afe-99f3-aa5758d6ba5c@group-BBC704AC6F1A: changes role from      null to FOLLOWER at term 0 for startAsFollower
2022-02-24 16:55:47,973 [pool-320-thread-1] INFO  impl.RoleInfo (RoleInfo.java:updateAndGet(130)) - b07270f0-c5b1-4afe-99f3-aa5758d6ba5c: start b07270f0-c5b1-4afe-99f3-aa5758d6ba5c@group-BBC704AC6F1A-FollowerState
2022-02-24 16:55:47,988 [77c6fe3f-1b7a-40d0-9616-c5318e50343e@group-52C2256152D3-StateMachineUpdater] INFO  safemode.HealthyPipelineSafeModeRule (HealthyPipelineSafeModeRule.java:initializeRule(152)) - Refreshed total pipeline count is 0, healthy pipeline threshold count is 1
2022-02-24 16:55:47,990 [pool-320-thread-1] INFO  util.JmxRegister (JmxRegister.java:tryRegister(44)) - Successfully registered JMX Bean with object name Ratis:service=RaftServer,group=group-BBC704AC6F1A,id=b07270f0-c5b1-4afe-99f3-aa5758d6ba5c
2022-02-24 16:55:47,993 [Command processor thread] INFO  ratis.XceiverServerRatis (XceiverServerRatis.java:addGroup(769)) - Created group PipelineID=4380a834-1b4d-4ba4-846d-bbc704ac6f1a
2022-02-24 16:55:47,993 [Command processor thread] INFO  commandhandler.CreatePipelineCommandHandler (CreatePipelineCommandHandler.java:handle(106)) - Created Pipeline RATIS ONE PipelineID=4380a834-1b4d-4ba4-846d-bbc704ac6f1a.
2022-02-24 16:55:47,994 [Command processor thread] INFO  server.RaftServer (RaftServerProxy.java:addNew(95)) - b07270f0-c5b1-4afe-99f3-aa5758d6ba5c: addNew group-F4FF6A221EE2:[b07270f0-c5b1-4afe-99f3-aa5758d6ba5c|rpc:10.1.0.37:45647|priority:0, cf3a7bfa-0a59-4cf0-978b-44f71b96abbc|rpc:10.1.0.37:40183|priority:0, 2a15bd7e-7896-4db0-9e08-f7464bcd33ee|rpc:10.1.0.37:41995|priority:1] returns group-F4FF6A221EE2:java.util.concurrent.CompletableFuture@371e230e[Not completed]
2022-02-24 16:55:47,995 [pool-320-thread-1] INFO  server.RaftServer$Division (RaftServerImpl.java:<init>(184)) - b07270f0-c5b1-4afe-99f3-aa5758d6ba5c: new RaftServerImpl for group-F4FF6A221EE2:[b07270f0-c5b1-4afe-99f3-aa5758d6ba5c|rpc:10.1.0.37:45647|priority:0, cf3a7bfa-0a59-4cf0-978b-44f71b96abbc|rpc:10.1.0.37:40183|priority:0, 2a15bd7e-7896-4db0-9e08-f7464bcd33ee|rpc:10.1.0.37:41995|priority:1] with ContainerStateMachine:uninitialized
2022-02-24 16:55:47,995 [pool-320-thread-1] INFO  server.RaftServerConfigKeys (ConfUtils.java:logGet(44)) - raft.server.rpc.timeout.min = 5s (custom)
2022-02-24 16:55:47,995 [pool-320-thread-1] INFO  server.RaftServerConfigKeys (ConfUtils.java:logGet(44)) - raft.server.rpc.timeout.max = 5200ms (custom)
2022-02-24 16:55:47,995 [pool-320-thread-1] INFO  server.RaftServerConfigKeys (ConfUtils.java:logGet(44)) - raft.server.rpc.sleep.time = 25ms (default)
2022-02-24 16:55:47,995 [pool-320-thread-1] INFO  server.RaftServerConfigKeys (ConfUtils.java:logGet(44)) - raft.server.rpc.slowness.timeout = 300000ms (custom)
2022-02-24 16:55:47,995 [pool-320-thread-1] INFO  server.RaftServerConfigKeys (ConfUtils.java:logGet(44)) - raft.server.leaderelection.leader.step-down.wait-time = 10s (default)
2022-02-24 16:55:47,995 [pool-320-thread-1] INFO  server.RaftServerConfigKeys (ConfUtils.java:logGet(44)) - raft.server.sleep.deviation.threshold = 300ms (default)
2022-02-24 16:55:47,995 [pool-320-thread-1] INFO  server.RaftServerConfigKeys (ConfUtils.java:logGet(44)) - raft.server.log.appender.install.snapshot.enabled = false (custom)
2022-02-24 16:55:47,995 [pool-320-thread-1] INFO  server.RaftServer$Division (ServerState.java:<init>(105)) - b07270f0-c5b1-4afe-99f3-aa5758d6ba5c@group-F4FF6A221EE2: ConfigurationManager, init=-1: [b07270f0-c5b1-4afe-99f3-aa5758d6ba5c|rpc:10.1.0.37:45647|priority:0, cf3a7bfa-0a59-4cf0-978b-44f71b96abbc|rpc:10.1.0.37:40183|priority:0, 2a15bd7e-7896-4db0-9e08-f7464bcd33ee|rpc:10.1.0.37:41995|priority:1], old=null, confs=<EMPTY_MAP>
2022-02-24 16:55:47,995 [pool-320-thread-1] INFO  server.RaftServerConfigKeys (ConfUtils.java:logGet(44)) - raft.server.storage.dir = [/home/runner/work/ozone/ozone/hadoop-ozone/integration-test/target/test-dir/MiniOzoneClusterImpl-a9e0dedd-d836-4895-9472-52c2256152d3/datanode-0/data/ratis] (custom)
2022-02-24 16:55:47,995 [pool-320-thread-1] INFO  server.RaftServerConfigKeys (ConfUtils.java:logGet(44)) - raft.server.log.corruption.policy = EXCEPTION (default)
2022-02-24 16:55:47,995 [pool-320-thread-1] INFO  server.RaftServerConfigKeys (ConfUtils.java:logGet(44)) - raft.server.storage.free-space.min = 0MB (=0) (default)
2022-02-24 16:55:47,995 [pool-320-thread-1] INFO  storage.RaftStorageDirectory (RaftStorageDirectoryImpl.java:analyzeStorage(135)) - The storage directory /home/runner/work/ozone/ozone/hadoop-ozone/integration-test/target/test-dir/MiniOzoneClusterImpl-a9e0dedd-d836-4895-9472-52c2256152d3/datanode-0/data/ratis/fc4ff8a0-a9fc-4bf1-a572-f4ff6a221ee2 does not exist. Creating ...
2022-02-24 16:55:48,002 [EventQueue-OpenPipelineForHealthyPipelineSafeModeRule] INFO  safemode.SCMSafeModeManager (HealthyPipelineSafeModeRule.java:process(124)) - SCM in safe mode. Healthy pipelines reported count is 0, required healthy pipeline reported count is 1
2022-02-24 16:55:48,003 [pool-320-thread-1] INFO  storage.RaftStorageDirectory (RaftStorageDirectoryImpl.java:tryLock(230)) - Lock on /home/runner/work/ozone/ozone/hadoop-ozone/integration-test/target/test-dir/MiniOzoneClusterImpl-a9e0dedd-d836-4895-9472-52c2256152d3/datanode-0/data/ratis/fc4ff8a0-a9fc-4bf1-a572-f4ff6a221ee2/in_use.lock acquired by nodename 3150@fv-az59-243
2022-02-24 16:55:48,007 [pool-320-thread-1] INFO  storage.RaftStorage (RaftStorageImpl.java:format(89)) - Storage directory /home/runner/work/ozone/ozone/hadoop-ozone/integration-test/target/test-dir/MiniOzoneClusterImpl-a9e0dedd-d836-4895-9472-52c2256152d3/datanode-0/data/ratis/fc4ff8a0-a9fc-4bf1-a572-f4ff6a221ee2 has been successfully formatted.
2022-02-24 16:55:48,008 [pool-320-thread-1] INFO  ratis.ContainerStateMachine (ContainerStateMachine.java:loadSnapshot(236)) - group-F4FF6A221EE2: The snapshot info is null. Setting the last applied indexto:(t:0, i:~)
2022-02-24 16:55:48,008 [pool-320-thread-1] INFO  server.RaftServerConfigKeys (ConfUtils.java:logGet(44)) - raft.server.notification.no-leader.timeout = 300000ms (custom)
2022-02-24 16:55:48,008 [pool-320-thread-1] INFO  server.RaftServerConfigKeys (ConfUtils.java:logGet(44)) - raft.server.log.use.memory = false (default)
2022-02-24 16:55:48,008 [pool-320-thread-1] INFO  server.RaftServerConfigKeys (ConfUtils.java:logGet(44)) - raft.server.log.purge.gap = 1000000 (custom)
2022-02-24 16:55:48,009 [pool-320-thread-1] INFO  server.RaftServerConfigKeys (ConfUtils.java:logGet(44)) - raft.server.log.appender.buffer.byte-limit = 33554432 (custom)
2022-02-24 16:55:48,009 [pool-320-thread-1] INFO  server.RaftServerConfigKeys (ConfUtils.java:logGet(44)) - raft.server.log.segment.size.max = 1048576 (custom)
2022-02-24 16:55:48,009 [EventQueue-OpenPipelineForHealthyPipelineSafeModeRule] INFO  safemode.SCMSafeModeManager (HealthyPipelineSafeModeRule.java:process(124)) - SCM in safe mode. Healthy pipelines reported count is 0, required healthy pipeline reported count is 1
2022-02-24 16:55:48,015 [pool-320-thread-1] INFO  server.RaftServerConfigKeys (ConfUtils.java:logGet(44)) - raft.server.log.segment.cache.num.max = 2 (custom)
2022-02-24 16:55:48,015 [pool-320-thread-1] INFO  server.RaftServerConfigKeys (ConfUtils.java:logGet(44)) - raft.server.log.segment.cache.size.max = 200MB (=209715200) (default)
2022-02-24 16:55:48,015 [pool-320-thread-1] INFO  segmented.SegmentedRaftLogWorker (SegmentedRaftLogWorker.java:<init>(182)) - new b07270f0-c5b1-4afe-99f3-aa5758d6ba5c@group-F4FF6A221EE2-SegmentedRaftLogWorker for RaftStorageImpl:Storage Directory /home/runner/work/ozone/ozone/hadoop-ozone/integration-test/target/test-dir/MiniOzoneClusterImpl-a9e0dedd-d836-4895-9472-52c2256152d3/datanode-0/data/ratis/fc4ff8a0-a9fc-4bf1-a572-f4ff6a221ee2
2022-02-24 16:55:48,015 [pool-320-thread-1] INFO  server.RaftServerConfigKeys (ConfUtils.java:logGet(44)) - raft.server.log.queue.byte-limit = 4294967296 (custom)
2022-02-24 16:55:48,015 [pool-320-thread-1] INFO  server.RaftServerConfigKeys (ConfUtils.java:logGet(44)) - raft.server.log.queue.element-limit = 1024 (custom)
2022-02-24 16:55:48,015 [pool-320-thread-1] INFO  server.RaftServerConfigKeys (ConfUtils.java:logGet(44)) - raft.server.log.segment.size.max = 1048576 (custom)
2022-02-24 16:55:48,015 [pool-320-thread-1] INFO  server.RaftServerConfigKeys (ConfUtils.java:logGet(44)) - raft.server.log.preallocated.size = 16384 (custom)
2022-02-24 16:55:48,015 [pool-320-thread-1] INFO  server.RaftServerConfigKeys (ConfUtils.java:logGet(44)) - raft.server.log.force.sync.num = 128 (default)
2022-02-24 16:55:48,016 [pool-320-thread-1] INFO  server.RaftServerConfigKeys (ConfUtils.java:logGet(44)) - raft.server.log.statemachine.data.sync = true (default)
2022-02-24 16:55:48,016 [pool-320-thread-1] INFO  server.RaftServerConfigKeys (ConfUtils.java:logGet(44)) - raft.server.log.statemachine.data.sync.timeout = 10s (default)
2022-02-24 16:55:48,016 [pool-320-thread-1] INFO  server.RaftServerConfigKeys (ConfUtils.java:logGet(44)) - raft.server.log.statemachine.data.sync.timeout.retry = -1 (default)
2022-02-24 16:55:48,016 [pool-320-thread-1] INFO  server.RaftServerConfigKeys (ConfUtils.java:logGet(44)) - raft.server.log.write.buffer.size = 1048576 (custom)
2022-02-24 16:55:48,017 [pool-320-thread-1] INFO  server.RaftServerConfigKeys (ConfUtils.java:logGet(44)) - raft.server.log.statemachine.data.caching.enabled = true (custom)
2022-02-24 16:55:48,017 [pool-320-thread-1] INFO  segmented.SegmentedRaftLogWorker (SegmentedRaftLogWorker.java:lambda$new$0(133)) - b07270f0-c5b1-4afe-99f3-aa5758d6ba5c@group-F4FF6A221EE2-SegmentedRaftLogWorker: flushIndex: setUnconditionally 0 -> -1
2022-02-24 16:55:48,017 [pool-320-thread-1] INFO  segmented.SegmentedRaftLogWorker (SegmentedRaftLogWorker.java:lambda$new$0(133)) - b07270f0-c5b1-4afe-99f3-aa5758d6ba5c@group-F4FF6A221EE2-SegmentedRaftLogWorker: safeCacheEvictIndex: setUnconditionally 0 -> -1
2022-02-24 16:55:48,018 [pool-320-thread-1] INFO  server.RaftServerConfigKeys (ConfUtils.java:logGet(44)) - raft.server.snapshot.auto.trigger.enabled = true (custom)
2022-02-24 16:55:48,018 [pool-320-thread-1] INFO  server.RaftServerConfigKeys (ConfUtils.java:logGet(44)) - raft.server.snapshot.auto.trigger.threshold = 10000 (custom)
2022-02-24 16:55:48,018 [pool-320-thread-1] INFO  server.RaftServerConfigKeys (ConfUtils.java:logGet(44)) - raft.server.snapshot.retention.file.num = 5 (custom)
2022-02-24 16:55:48,018 [pool-320-thread-1] INFO  server.RaftServerConfigKeys (ConfUtils.java:logGet(44)) - raft.server.log.purge.upto.snapshot.index = false (default)
2022-02-24 16:55:48,018 [pool-320-thread-1] INFO  server.RaftServerConfigKeys (ConfUtils.java:logGet(44)) - raft.server.retrycache.expirytime = 600000ms (custom)
2022-02-24 16:55:48,018 [pool-320-thread-1] INFO  server.RaftServerConfigKeys (ConfUtils.java:logGet(44)) - raft.server.retrycache.statistics.expirytime = 100μs (default)
2022-02-24 16:55:48,019 [pool-320-thread-1] INFO  server.RaftServer$Division (RaftServerImpl.java:start(301)) - b07270f0-c5b1-4afe-99f3-aa5758d6ba5c@group-F4FF6A221EE2: start as a follower, conf=-1: [b07270f0-c5b1-4afe-99f3-aa5758d6ba5c|rpc:10.1.0.37:45647|priority:0, cf3a7bfa-0a59-4cf0-978b-44f71b96abbc|rpc:10.1.0.37:40183|priority:0, 2a15bd7e-7896-4db0-9e08-f7464bcd33ee|rpc:10.1.0.37:41995|priority:1], old=null
2022-02-24 16:55:48,020 [pool-320-thread-1] INFO  server.RaftServer$Division (RaftServerImpl.java:setRole(290)) - b07270f0-c5b1-4afe-99f3-aa5758d6ba5c@group-F4FF6A221EE2: changes role from      null to FOLLOWER at term 0 for startAsFollower
2022-02-24 16:55:48,020 [pool-320-thread-1] INFO  impl.RoleInfo (RoleInfo.java:updateAndGet(130)) - b07270f0-c5b1-4afe-99f3-aa5758d6ba5c: start b07270f0-c5b1-4afe-99f3-aa5758d6ba5c@group-F4FF6A221EE2-FollowerState
2022-02-24 16:55:48,020 [pool-320-thread-1] INFO  util.JmxRegister (JmxRegister.java:tryRegister(44)) - Successfully registered JMX Bean with object name Ratis:service=RaftServer,group=group-F4FF6A221EE2,id=b07270f0-c5b1-4afe-99f3-aa5758d6ba5c
2022-02-24 16:55:48,021 [Command processor thread] INFO  ratis.XceiverServerRatis (XceiverServerRatis.java:addGroup(769)) - Created group PipelineID=fc4ff8a0-a9fc-4bf1-a572-f4ff6a221ee2
2022-02-24 16:55:48,029 [grpc-default-executor-4] INFO  server.RaftServer (RaftServerProxy.java:addNew(95)) - cf3a7bfa-0a59-4cf0-978b-44f71b96abbc: addNew group-F4FF6A221EE2:[b07270f0-c5b1-4afe-99f3-aa5758d6ba5c|rpc:10.1.0.37:45647|dataStream:|priority:0, cf3a7bfa-0a59-4cf0-978b-44f71b96abbc|rpc:10.1.0.37:40183|dataStream:|priority:0, 2a15bd7e-7896-4db0-9e08-f7464bcd33ee|rpc:10.1.0.37:41995|dataStream:|priority:1] returns group-F4FF6A221EE2:java.util.concurrent.CompletableFuture@32c7d7b0[Not completed]
2022-02-24 16:55:48,052 [pool-341-thread-1] INFO  server.RaftServer$Division (RaftServerImpl.java:<init>(184)) - cf3a7bfa-0a59-4cf0-978b-44f71b96abbc: new RaftServerImpl for group-F4FF6A221EE2:[b07270f0-c5b1-4afe-99f3-aa5758d6ba5c|rpc:10.1.0.37:45647|dataStream:|priority:0, cf3a7bfa-0a59-4cf0-978b-44f71b96abbc|rpc:10.1.0.37:40183|dataStream:|priority:0, 2a15bd7e-7896-4db0-9e08-f7464bcd33ee|rpc:10.1.0.37:41995|dataStream:|priority:1] with ContainerStateMachine:uninitialized
2022-02-24 16:55:48,059 [pool-341-thread-1] INFO  server.RaftServerConfigKeys (ConfUtils.java:logGet(44)) - raft.server.rpc.timeout.min = 5s (custom)
2022-02-24 16:55:48,059 [pool-341-thread-1] INFO  server.RaftServerConfigKeys (ConfUtils.java:logGet(44)) - raft.server.rpc.timeout.max = 5200ms (custom)
2022-02-24 16:55:48,059 [pool-341-thread-1] INFO  server.RaftServerConfigKeys (ConfUtils.java:logGet(44)) - raft.server.rpc.sleep.time = 25ms (default)
2022-02-24 16:55:48,060 [pool-341-thread-1] INFO  server.RaftServerConfigKeys (ConfUtils.java:logGet(44)) - raft.server.rpc.slowness.timeout = 300000ms (custom)
2022-02-24 16:55:48,060 [pool-341-thread-1] INFO  server.RaftServerConfigKeys (ConfUtils.java:logGet(44)) - raft.server.leaderelection.leader.step-down.wait-time = 10s (default)
2022-02-24 16:55:48,060 [pool-341-thread-1] INFO  server.RaftServerConfigKeys (ConfUtils.java:logGet(44)) - raft.server.sleep.deviation.threshold = 300ms (default)
2022-02-24 16:55:48,060 [pool-341-thread-1] INFO  server.RaftServerConfigKeys (ConfUtils.java:logGet(44)) - raft.server.log.appender.install.snapshot.enabled = false (custom)
2022-02-24 16:55:48,060 [pool-341-thread-1] INFO  server.RaftServer$Division (ServerState.java:<init>(105)) - cf3a7bfa-0a59-4cf0-978b-44f71b96abbc@group-F4FF6A221EE2: ConfigurationManager, init=-1: [b07270f0-c5b1-4afe-99f3-aa5758d6ba5c|rpc:10.1.0.37:45647|dataStream:|priority:0, cf3a7bfa-0a59-4cf0-978b-44f71b96abbc|rpc:10.1.0.37:40183|dataStream:|priority:0, 2a15bd7e-7896-4db0-9e08-f7464bcd33ee|rpc:10.1.0.37:41995|dataStream:|priority:1], old=null, confs=<EMPTY_MAP>
2022-02-24 16:55:48,060 [pool-341-thread-1] INFO  server.RaftServerConfigKeys (ConfUtils.java:logGet(44)) - raft.server.storage.dir = [/home/runner/work/ozone/ozone/hadoop-ozone/integration-test/target/test-dir/MiniOzoneClusterImpl-a9e0dedd-d836-4895-9472-52c2256152d3/datanode-1/data/ratis] (custom)
2022-02-24 16:55:48,060 [pool-341-thread-1] INFO  server.RaftServerConfigKeys (ConfUtils.java:logGet(44)) - raft.server.log.corruption.policy = EXCEPTION (default)
2022-02-24 16:55:48,060 [pool-341-thread-1] INFO  server.RaftServerConfigKeys (ConfUtils.java:logGet(44)) - raft.server.storage.free-space.min = 0MB (=0) (default)
2022-02-24 16:55:48,060 [pool-341-thread-1] INFO  storage.RaftStorageDirectory (RaftStorageDirectoryImpl.java:analyzeStorage(135)) - The storage directory /home/runner/work/ozone/ozone/hadoop-ozone/integration-test/target/test-dir/MiniOzoneClusterImpl-a9e0dedd-d836-4895-9472-52c2256152d3/datanode-1/data/ratis/fc4ff8a0-a9fc-4bf1-a572-f4ff6a221ee2 does not exist. Creating ...
2022-02-24 16:55:48,064 [pool-341-thread-1] INFO  storage.RaftStorageDirectory (RaftStorageDirectoryImpl.java:tryLock(230)) - Lock on /home/runner/work/ozone/ozone/hadoop-ozone/integration-test/target/test-dir/MiniOzoneClusterImpl-a9e0dedd-d836-4895-9472-52c2256152d3/datanode-1/data/ratis/fc4ff8a0-a9fc-4bf1-a572-f4ff6a221ee2/in_use.lock acquired by nodename 3150@fv-az59-243
2022-02-24 16:55:48,065 [pool-341-thread-1] INFO  storage.RaftStorage (RaftStorageImpl.java:format(89)) - Storage directory /home/runner/work/ozone/ozone/hadoop-ozone/integration-test/target/test-dir/MiniOzoneClusterImpl-a9e0dedd-d836-4895-9472-52c2256152d3/datanode-1/data/ratis/fc4ff8a0-a9fc-4bf1-a572-f4ff6a221ee2 has been successfully formatted.
2022-02-24 16:55:48,067 [pool-341-thread-1] INFO  ratis.ContainerStateMachine (ContainerStateMachine.java:loadSnapshot(236)) - group-F4FF6A221EE2: The snapshot info is null. Setting the last applied indexto:(t:0, i:~)
2022-02-24 16:55:48,067 [pool-341-thread-1] INFO  server.RaftServerConfigKeys (ConfUtils.java:logGet(44)) - raft.server.notification.no-leader.timeout = 300000ms (custom)
2022-02-24 16:55:48,071 [pool-341-thread-1] INFO  server.RaftServerConfigKeys (ConfUtils.java:logGet(44)) - raft.server.log.use.memory = false (default)
2022-02-24 16:55:48,071 [pool-341-thread-1] INFO  server.RaftServerConfigKeys (ConfUtils.java:logGet(44)) - raft.server.log.purge.gap = 1000000 (custom)
2022-02-24 16:55:48,071 [pool-341-thread-1] INFO  server.RaftServerConfigKeys (ConfUtils.java:logGet(44)) - raft.server.log.appender.buffer.byte-limit = 33554432 (custom)
2022-02-24 16:55:48,071 [pool-341-thread-1] INFO  server.RaftServerConfigKeys (ConfUtils.java:logGet(44)) - raft.server.log.segment.size.max = 1048576 (custom)
2022-02-24 16:55:48,072 [pool-341-thread-1] INFO  server.RaftServerConfigKeys (ConfUtils.java:logGet(44)) - raft.server.log.segment.cache.num.max = 2 (custom)
2022-02-24 16:55:48,072 [pool-341-thread-1] INFO  server.RaftServerConfigKeys (ConfUtils.java:logGet(44)) - raft.server.log.segment.cache.size.max = 200MB (=209715200) (default)
2022-02-24 16:55:48,072 [pool-341-thread-1] INFO  segmented.SegmentedRaftLogWorker (SegmentedRaftLogWorker.java:<init>(182)) - new cf3a7bfa-0a59-4cf0-978b-44f71b96abbc@group-F4FF6A221EE2-SegmentedRaftLogWorker for RaftStorageImpl:Storage Directory /home/runner/work/ozone/ozone/hadoop-ozone/integration-test/target/test-dir/MiniOzoneClusterImpl-a9e0dedd-d836-4895-9472-52c2256152d3/datanode-1/data/ratis/fc4ff8a0-a9fc-4bf1-a572-f4ff6a221ee2
2022-02-24 16:55:48,072 [pool-341-thread-1] INFO  server.RaftServerConfigKeys (ConfUtils.java:logGet(44)) - raft.server.log.queue.byte-limit = 4294967296 (custom)
2022-02-24 16:55:48,076 [pool-341-thread-1] INFO  server.RaftServerConfigKeys (ConfUtils.java:logGet(44)) - raft.server.log.queue.element-limit = 1024 (custom)
2022-02-24 16:55:48,076 [pool-341-thread-1] INFO  server.RaftServerConfigKeys (ConfUtils.java:logGet(44)) - raft.server.log.segment.size.max = 1048576 (custom)
2022-02-24 16:55:48,076 [pool-341-thread-1] INFO  server.RaftServerConfigKeys (ConfUtils.java:logGet(44)) - raft.server.log.preallocated.size = 16384 (custom)
2022-02-24 16:55:48,076 [pool-341-thread-1] INFO  server.RaftServerConfigKeys (ConfUtils.java:logGet(44)) - raft.server.log.force.sync.num = 128 (default)
2022-02-24 16:55:48,076 [pool-341-thread-1] INFO  server.RaftServerConfigKeys (ConfUtils.java:logGet(44)) - raft.server.log.statemachine.data.sync = true (default)
2022-02-24 16:55:48,076 [pool-341-thread-1] INFO  server.RaftServerConfigKeys (ConfUtils.java:logGet(44)) - raft.server.log.statemachine.data.sync.timeout = 10s (default)
2022-02-24 16:55:48,076 [pool-341-thread-1] INFO  server.RaftServerConfigKeys (ConfUtils.java:logGet(44)) - raft.server.log.statemachine.data.sync.timeout.retry = -1 (default)
2022-02-24 16:55:48,077 [pool-341-thread-1] INFO  server.RaftServerConfigKeys (ConfUtils.java:logGet(44)) - raft.server.log.write.buffer.size = 1048576 (custom)
2022-02-24 16:55:48,087 [pool-341-thread-1] INFO  server.RaftServerConfigKeys (ConfUtils.java:logGet(44)) - raft.server.log.statemachine.data.caching.enabled = true (custom)
2022-02-24 16:55:48,087 [pool-341-thread-1] INFO  segmented.SegmentedRaftLogWorker (SegmentedRaftLogWorker.java:lambda$new$0(133)) - cf3a7bfa-0a59-4cf0-978b-44f71b96abbc@group-F4FF6A221EE2-SegmentedRaftLogWorker: flushIndex: setUnconditionally 0 -> -1
2022-02-24 16:55:48,087 [pool-341-thread-1] INFO  segmented.SegmentedRaftLogWorker (SegmentedRaftLogWorker.java:lambda$new$0(133)) - cf3a7bfa-0a59-4cf0-978b-44f71b96abbc@group-F4FF6A221EE2-SegmentedRaftLogWorker: safeCacheEvictIndex: setUnconditionally 0 -> -1
2022-02-24 16:55:48,088 [pool-341-thread-1] INFO  server.RaftServerConfigKeys (ConfUtils.java:logGet(44)) - raft.server.snapshot.auto.trigger.enabled = true (custom)
2022-02-24 16:55:48,088 [pool-341-thread-1] INFO  server.RaftServerConfigKeys (ConfUtils.java:logGet(44)) - raft.server.snapshot.auto.trigger.threshold = 10000 (custom)
2022-02-24 16:55:48,088 [pool-341-thread-1] INFO  server.RaftServerConfigKeys (ConfUtils.java:logGet(44)) - raft.server.snapshot.retention.file.num = 5 (custom)
2022-02-24 16:55:48,088 [pool-341-thread-1] INFO  server.RaftServerConfigKeys (ConfUtils.java:logGet(44)) - raft.server.log.purge.upto.snapshot.index = false (default)
2022-02-24 16:55:48,088 [pool-341-thread-1] INFO  server.RaftServerConfigKeys (ConfUtils.java:logGet(44)) - raft.server.retrycache.expirytime = 600000ms (custom)
2022-02-24 16:55:48,088 [pool-341-thread-1] INFO  server.RaftServerConfigKeys (ConfUtils.java:logGet(44)) - raft.server.retrycache.statistics.expirytime = 100μs (default)
2022-02-24 16:55:48,089 [pool-341-thread-1] INFO  server.RaftServer$Division (RaftServerImpl.java:start(301)) - cf3a7bfa-0a59-4cf0-978b-44f71b96abbc@group-F4FF6A221EE2: start as a follower, conf=-1: [b07270f0-c5b1-4afe-99f3-aa5758d6ba5c|rpc:10.1.0.37:45647|dataStream:|priority:0, cf3a7bfa-0a59-4cf0-978b-44f71b96abbc|rpc:10.1.0.37:40183|dataStream:|priority:0, 2a15bd7e-7896-4db0-9e08-f7464bcd33ee|rpc:10.1.0.37:41995|dataStream:|priority:1], old=null
2022-02-24 16:55:48,090 [pool-341-thread-1] INFO  server.RaftServer$Division (RaftServerImpl.java:setRole(290)) - cf3a7bfa-0a59-4cf0-978b-44f71b96abbc@group-F4FF6A221EE2: changes role from      null to FOLLOWER at term 0 for startAsFollower
2022-02-24 16:55:48,090 [pool-341-thread-1] INFO  impl.RoleInfo (RoleInfo.java:updateAndGet(130)) - cf3a7bfa-0a59-4cf0-978b-44f71b96abbc: start cf3a7bfa-0a59-4cf0-978b-44f71b96abbc@group-F4FF6A221EE2-FollowerState
2022-02-24 16:55:48,103 [pool-341-thread-1] INFO  util.JmxRegister (JmxRegister.java:tryRegister(44)) - Successfully registered JMX Bean with object name Ratis:service=RaftServer,group=group-F4FF6A221EE2,id=cf3a7bfa-0a59-4cf0-978b-44f71b96abbc
2022-02-24 16:55:48,137 [grpc-default-executor-4] INFO  server.RaftServer (RaftServerProxy.java:addNew(95)) - 2a15bd7e-7896-4db0-9e08-f7464bcd33ee: addNew group-F4FF6A221EE2:[b07270f0-c5b1-4afe-99f3-aa5758d6ba5c|rpc:10.1.0.37:45647|dataStream:|priority:0, cf3a7bfa-0a59-4cf0-978b-44f71b96abbc|rpc:10.1.0.37:40183|dataStream:|priority:0, 2a15bd7e-7896-4db0-9e08-f7464bcd33ee|rpc:10.1.0.37:41995|dataStream:|priority:1] returns group-F4FF6A221EE2:java.util.concurrent.CompletableFuture@2666aa76[Not completed]
2022-02-24 16:55:48,159 [pool-362-thread-1] INFO  server.RaftServer$Division (RaftServerImpl.java:<init>(184)) - 2a15bd7e-7896-4db0-9e08-f7464bcd33ee: new RaftServerImpl for group-F4FF6A221EE2:[b07270f0-c5b1-4afe-99f3-aa5758d6ba5c|rpc:10.1.0.37:45647|dataStream:|priority:0, cf3a7bfa-0a59-4cf0-978b-44f71b96abbc|rpc:10.1.0.37:40183|dataStream:|priority:0, 2a15bd7e-7896-4db0-9e08-f7464bcd33ee|rpc:10.1.0.37:41995|dataStream:|priority:1] with ContainerStateMachine:uninitialized
2022-02-24 16:55:48,159 [pool-362-thread-1] INFO  server.RaftServerConfigKeys (ConfUtils.java:logGet(44)) - raft.server.rpc.timeout.min = 5s (custom)
2022-02-24 16:55:48,159 [pool-362-thread-1] INFO  server.RaftServerConfigKeys (ConfUtils.java:logGet(44)) - raft.server.rpc.timeout.max = 5200ms (custom)
2022-02-24 16:55:48,159 [pool-362-thread-1] INFO  server.RaftServerConfigKeys (ConfUtils.java:logGet(44)) - raft.server.rpc.sleep.time = 25ms (default)
2022-02-24 16:55:48,159 [pool-362-thread-1] INFO  server.RaftServerConfigKeys (ConfUtils.java:logGet(44)) - raft.server.rpc.slowness.timeout = 300000ms (custom)
2022-02-24 16:55:48,159 [pool-362-thread-1] INFO  server.RaftServerConfigKeys (ConfUtils.java:logGet(44)) - raft.server.leaderelection.leader.step-down.wait-time = 10s (default)
2022-02-24 16:55:48,159 [pool-362-thread-1] INFO  server.RaftServerConfigKeys (ConfUtils.java:logGet(44)) - raft.server.sleep.deviation.threshold = 300ms (default)
2022-02-24 16:55:48,160 [pool-362-thread-1] INFO  server.RaftServerConfigKeys (ConfUtils.java:logGet(44)) - raft.server.log.appender.install.snapshot.enabled = false (custom)
2022-02-24 16:55:48,160 [pool-362-thread-1] INFO  server.RaftServer$Division (ServerState.java:<init>(105)) - 2a15bd7e-7896-4db0-9e08-f7464bcd33ee@group-F4FF6A221EE2: ConfigurationManager, init=-1: [b07270f0-c5b1-4afe-99f3-aa5758d6ba5c|rpc:10.1.0.37:45647|dataStream:|priority:0, cf3a7bfa-0a59-4cf0-978b-44f71b96abbc|rpc:10.1.0.37:40183|dataStream:|priority:0, 2a15bd7e-7896-4db0-9e08-f7464bcd33ee|rpc:10.1.0.37:41995|dataStream:|priority:1], old=null, confs=<EMPTY_MAP>
2022-02-24 16:55:48,160 [pool-362-thread-1] INFO  server.RaftServerConfigKeys (ConfUtils.java:logGet(44)) - raft.server.storage.dir = [/home/runner/work/ozone/ozone/hadoop-ozone/integration-test/target/test-dir/MiniOzoneClusterImpl-a9e0dedd-d836-4895-9472-52c2256152d3/datanode-2/data/ratis] (custom)
2022-02-24 16:55:48,160 [pool-362-thread-1] INFO  server.RaftServerConfigKeys (ConfUtils.java:logGet(44)) - raft.server.log.corruption.policy = EXCEPTION (default)
2022-02-24 16:55:48,160 [pool-362-thread-1] INFO  server.RaftServerConfigKeys (ConfUtils.java:logGet(44)) - raft.server.storage.free-space.min = 0MB (=0) (default)
2022-02-24 16:55:48,160 [pool-362-thread-1] INFO  storage.RaftStorageDirectory (RaftStorageDirectoryImpl.java:analyzeStorage(135)) - The storage directory /home/runner/work/ozone/ozone/hadoop-ozone/integration-test/target/test-dir/MiniOzoneClusterImpl-a9e0dedd-d836-4895-9472-52c2256152d3/datanode-2/data/ratis/fc4ff8a0-a9fc-4bf1-a572-f4ff6a221ee2 does not exist. Creating ...
2022-02-24 16:55:48,167 [pool-362-thread-1] INFO  storage.RaftStorageDirectory (RaftStorageDirectoryImpl.java:tryLock(230)) - Lock on /home/runner/work/ozone/ozone/hadoop-ozone/integration-test/target/test-dir/MiniOzoneClusterImpl-a9e0dedd-d836-4895-9472-52c2256152d3/datanode-2/data/ratis/fc4ff8a0-a9fc-4bf1-a572-f4ff6a221ee2/in_use.lock acquired by nodename 3150@fv-az59-243
2022-02-24 16:55:48,168 [pool-362-thread-1] INFO  storage.RaftStorage (RaftStorageImpl.java:format(89)) - Storage directory /home/runner/work/ozone/ozone/hadoop-ozone/integration-test/target/test-dir/MiniOzoneClusterImpl-a9e0dedd-d836-4895-9472-52c2256152d3/datanode-2/data/ratis/fc4ff8a0-a9fc-4bf1-a572-f4ff6a221ee2 has been successfully formatted.
2022-02-24 16:55:48,173 [pool-362-thread-1] INFO  ratis.ContainerStateMachine (ContainerStateMachine.java:loadSnapshot(236)) - group-F4FF6A221EE2: The snapshot info is null. Setting the last applied indexto:(t:0, i:~)
2022-02-24 16:55:48,174 [pool-362-thread-1] INFO  server.RaftServerConfigKeys (ConfUtils.java:logGet(44)) - raft.server.notification.no-leader.timeout = 300000ms (custom)
2022-02-24 16:55:48,174 [pool-362-thread-1] INFO  server.RaftServerConfigKeys (ConfUtils.java:logGet(44)) - raft.server.log.use.memory = false (default)
2022-02-24 16:55:48,174 [pool-362-thread-1] INFO  server.RaftServerConfigKeys (ConfUtils.java:logGet(44)) - raft.server.log.purge.gap = 1000000 (custom)
2022-02-24 16:55:48,174 [pool-362-thread-1] INFO  server.RaftServerConfigKeys (ConfUtils.java:logGet(44)) - raft.server.log.appender.buffer.byte-limit = 33554432 (custom)
2022-02-24 16:55:48,174 [IPC Server handler 7 on default port 33111] INFO  net.NetworkTopologyImpl (NetworkTopologyImpl.java:add(112)) - Added a new node: /default-rack/37eb1d61-39bb-4850-ab96-a7546aa7d2af
2022-02-24 16:55:48,174 [pool-362-thread-1] INFO  server.RaftServerConfigKeys (ConfUtils.java:logGet(44)) - raft.server.log.segment.size.max = 1048576 (custom)
2022-02-24 16:55:48,174 [IPC Server handler 7 on default port 33111] INFO  node.SCMNodeManager (SCMNodeManager.java:register(389)) - Registered Data node : 37eb1d61-39bb-4850-ab96-a7546aa7d2af{ip: 10.1.0.37, host: fv-az59-243.csjynl4pkq3e1pkirw3ssqjfoh.cx.internal.cloudapp.net, ports: [REPLICATION=45025, RATIS=34927, RATIS_ADMIN=34927, RATIS_SERVER=34927, STANDALONE=33481], networkLocation: /default-rack, certSerialId: null, persistedOpState: null, persistedOpStateExpiryEpochSec: 0}
2022-02-24 16:55:48,174 [EventQueue-NewNodeForNewNodeHandler] INFO  pipeline.BackgroundPipelineCreator (BackgroundPipelineCreator.java:notifyEventTriggered(285)) - trigger a one-shot run on RatisPipelineUtilsThread.
2022-02-24 16:55:48,175 [RatisPipelineUtilsThread - 0] INFO  pipeline.RatisPipelineProvider (RatisPipelineProvider.java:lambda$create$0(183)) - Sending CreatePipelineCommand for pipeline:PipelineID=30f9a1c0-7ef4-427c-b8b2-dc6257889264 to datanode:37eb1d61-39bb-4850-ab96-a7546aa7d2af
2022-02-24 16:55:48,174 [pool-362-thread-1] INFO  server.RaftServerConfigKeys (ConfUtils.java:logGet(44)) - raft.server.log.segment.cache.num.max = 2 (custom)
2022-02-24 16:55:48,179 [pool-362-thread-1] INFO  server.RaftServerConfigKeys (ConfUtils.java:logGet(44)) - raft.server.log.segment.cache.size.max = 200MB (=209715200) (default)
2022-02-24 16:55:48,180 [pool-362-thread-1] INFO  segmented.SegmentedRaftLogWorker (SegmentedRaftLogWorker.java:<init>(182)) - new 2a15bd7e-7896-4db0-9e08-f7464bcd33ee@group-F4FF6A221EE2-SegmentedRaftLogWorker for RaftStorageImpl:Storage Directory /home/runner/work/ozone/ozone/hadoop-ozone/integration-test/target/test-dir/MiniOzoneClusterImpl-a9e0dedd-d836-4895-9472-52c2256152d3/datanode-2/data/ratis/fc4ff8a0-a9fc-4bf1-a572-f4ff6a221ee2
2022-02-24 16:55:48,179 [77c6fe3f-1b7a-40d0-9616-c5318e50343e@group-52C2256152D3-StateMachineUpdater] INFO  pipeline.PipelineStateManagerImpl (PipelineStateManagerImpl.java:addPipeline(101)) - Created pipeline Pipeline[ Id: 30f9a1c0-7ef4-427c-b8b2-dc6257889264, Nodes: 37eb1d61-39bb-4850-ab96-a7546aa7d2af{ip: 10.1.0.37, host: fv-az59-243.csjynl4pkq3e1pkirw3ssqjfoh.cx.internal.cloudapp.net, ports: [REPLICATION=45025, RATIS=34927, RATIS_ADMIN=34927, RATIS_SERVER=34927, STANDALONE=33481], networkLocation: /default-rack, certSerialId: null, persistedOpState: IN_SERVICE, persistedOpStateExpiryEpochSec: 0}, ReplicationConfig: RATIS/ONE, State:ALLOCATED, leaderId:, CreationTimestamp2022-02-24T16:55:48.175Z[Etc/UTC]].
2022-02-24 16:55:48,180 [77c6fe3f-1b7a-40d0-9616-c5318e50343e@group-52C2256152D3-StateMachineUpdater] INFO  safemode.HealthyPipelineSafeModeRule (HealthyPipelineSafeModeRule.java:initializeRule(152)) - Refreshed total pipeline count is 0, healthy pipeline threshold count is 1
2022-02-24 16:55:48,180 [RatisPipelineUtilsThread - 0] INFO  pipeline.RatisPipelineProvider (RatisPipelineProvider.java:lambda$create$0(183)) - Sending CreatePipelineCommand for pipeline:PipelineID=15da9b58-d72e-47f2-bbe2-d1bf1db2ea83 to datanode:6aa02a95-f8ab-442c-9ba0-fd232060c81a
2022-02-24 16:55:48,180 [RatisPipelineUtilsThread - 0] INFO  pipeline.RatisPipelineProvider (RatisPipelineProvider.java:lambda$create$0(183)) - Sending CreatePipelineCommand for pipeline:PipelineID=15da9b58-d72e-47f2-bbe2-d1bf1db2ea83 to datanode:37eb1d61-39bb-4850-ab96-a7546aa7d2af
2022-02-24 16:55:48,180 [RatisPipelineUtilsThread - 0] INFO  pipeline.RatisPipelineProvider (RatisPipelineProvider.java:lambda$create$0(183)) - Sending CreatePipelineCommand for pipeline:PipelineID=15da9b58-d72e-47f2-bbe2-d1bf1db2ea83 to datanode:2ccab0b5-4479-416a-9931-5373164cc31d
2022-02-24 16:55:48,181 [pool-362-thread-1] INFO  server.RaftServerConfigKeys (ConfUtils.java:logGet(44)) - raft.server.log.queue.byte-limit = 4294967296 (custom)
2022-02-24 16:55:48,181 [pool-362-thread-1] INFO  server.RaftServerConfigKeys (ConfUtils.java:logGet(44)) - raft.server.log.queue.element-limit = 1024 (custom)
2022-02-24 16:55:48,181 [pool-362-thread-1] INFO  server.RaftServerConfigKeys (ConfUtils.java:logGet(44)) - raft.server.log.segment.size.max = 1048576 (custom)
2022-02-24 16:55:48,181 [pool-362-thread-1] INFO  server.RaftServerConfigKeys (ConfUtils.java:logGet(44)) - raft.server.log.preallocated.size = 16384 (custom)
2022-02-24 16:55:48,181 [pool-362-thread-1] INFO  server.RaftServerConfigKeys (ConfUtils.java:logGet(44)) - raft.server.log.force.sync.num = 128 (default)
2022-02-24 16:55:48,181 [pool-362-thread-1] INFO  server.RaftServerConfigKeys (ConfUtils.java:logGet(44)) - raft.server.log.statemachine.data.sync = true (default)
2022-02-24 16:55:48,182 [pool-362-thread-1] INFO  server.RaftServerConfigKeys (ConfUtils.java:logGet(44)) - raft.server.log.statemachine.data.sync.timeout = 10s (default)
2022-02-24 16:55:48,182 [pool-362-thread-1] INFO  server.RaftServerConfigKeys (ConfUtils.java:logGet(44)) - raft.server.log.statemachine.data.sync.timeout.retry = -1 (default)
2022-02-24 16:55:48,182 [77c6fe3f-1b7a-40d0-9616-c5318e50343e@group-52C2256152D3-StateMachineUpdater] INFO  pipeline.PipelineStateManagerImpl (PipelineStateManagerImpl.java:addPipeline(101)) - Created pipeline Pipeline[ Id: 15da9b58-d72e-47f2-bbe2-d1bf1db2ea83, Nodes: 6aa02a95-f8ab-442c-9ba0-fd232060c81a{ip: 10.1.0.37, host: fv-az59-243.csjynl4pkq3e1pkirw3ssqjfoh.cx.internal.cloudapp.net, ports: [REPLICATION=40825, RATIS=41563, RATIS_ADMIN=41563, RATIS_SERVER=41563, STANDALONE=35321], networkLocation: /default-rack, certSerialId: null, persistedOpState: IN_SERVICE, persistedOpStateExpiryEpochSec: 0}37eb1d61-39bb-4850-ab96-a7546aa7d2af{ip: 10.1.0.37, host: fv-az59-243.csjynl4pkq3e1pkirw3ssqjfoh.cx.internal.cloudapp.net, ports: [REPLICATION=45025, RATIS=34927, RATIS_ADMIN=34927, RATIS_SERVER=34927, STANDALONE=33481], networkLocation: /default-rack, certSerialId: null, persistedOpState: IN_SERVICE, persistedOpStateExpiryEpochSec: 0}2ccab0b5-4479-416a-9931-5373164cc31d{ip: 10.1.0.37, host: fv-az59-243.csjynl4pkq3e1pkirw3ssqjfoh.cx.internal.cloudapp.net, ports: [REPLICATION=38827, RATIS=41069, RATIS_ADMIN=41069, RATIS_SERVER=41069, STANDALONE=35309], networkLocation: /default-rack, certSerialId: null, persistedOpState: IN_SERVICE, persistedOpStateExpiryEpochSec: 0}, ReplicationConfig: RATIS/THREE, State:ALLOCATED, leaderId:, CreationTimestamp2022-02-24T16:55:48.180Z[Etc/UTC]].
2022-02-24 16:55:48,182 [77c6fe3f-1b7a-40d0-9616-c5318e50343e@group-52C2256152D3-StateMachineUpdater] INFO  safemode.HealthyPipelineSafeModeRule (HealthyPipelineSafeModeRule.java:initializeRule(152)) - Refreshed total pipeline count is 0, healthy pipeline threshold count is 1
2022-02-24 16:55:48,185 [RatisPipelineUtilsThread - 0] INFO  pipeline.RatisPipelineProvider (RatisPipelineProvider.java:lambda$create$0(183)) - Sending CreatePipelineCommand for pipeline:PipelineID=31d398e6-9b90-466b-8763-05e598691da2 to datanode:6aa02a95-f8ab-442c-9ba0-fd232060c81a
2022-02-24 16:55:48,185 [RatisPipelineUtilsThread - 0] INFO  pipeline.RatisPipelineProvider (RatisPipelineProvider.java:lambda$create$0(183)) - Sending CreatePipelineCommand for pipeline:PipelineID=31d398e6-9b90-466b-8763-05e598691da2 to datanode:2ccab0b5-4479-416a-9931-5373164cc31d
2022-02-24 16:55:48,185 [RatisPipelineUtilsThread - 0] INFO  pipeline.RatisPipelineProvider (RatisPipelineProvider.java:lambda$create$0(183)) - Sending CreatePipelineCommand for pipeline:PipelineID=31d398e6-9b90-466b-8763-05e598691da2 to datanode:37eb1d61-39bb-4850-ab96-a7546aa7d2af
2022-02-24 16:55:48,187 [77c6fe3f-1b7a-40d0-9616-c5318e50343e@group-52C2256152D3-StateMachineUpdater] INFO  pipeline.PipelineStateManagerImpl (PipelineStateManagerImpl.java:addPipeline(101)) - Created pipeline Pipeline[ Id: 31d398e6-9b90-466b-8763-05e598691da2, Nodes: 6aa02a95-f8ab-442c-9ba0-fd232060c81a{ip: 10.1.0.37, host: fv-az59-243.csjynl4pkq3e1pkirw3ssqjfoh.cx.internal.cloudapp.net, ports: [REPLICATION=40825, RATIS=41563, RATIS_ADMIN=41563, RATIS_SERVER=41563, STANDALONE=35321], networkLocation: /default-rack, certSerialId: null, persistedOpState: IN_SERVICE, persistedOpStateExpiryEpochSec: 0}2ccab0b5-4479-416a-9931-5373164cc31d{ip: 10.1.0.37, host: fv-az59-243.csjynl4pkq3e1pkirw3ssqjfoh.cx.internal.cloudapp.net, ports: [REPLICATION=38827, RATIS=41069, RATIS_ADMIN=41069, RATIS_SERVER=41069, STANDALONE=35309], networkLocation: /default-rack, certSerialId: null, persistedOpState: IN_SERVICE, persistedOpStateExpiryEpochSec: 0}37eb1d61-39bb-4850-ab96-a7546aa7d2af{ip: 10.1.0.37, host: fv-az59-243.csjynl4pkq3e1pkirw3ssqjfoh.cx.internal.cloudapp.net, ports: [REPLICATION=45025, RATIS=34927, RATIS_ADMIN=34927, RATIS_SERVER=34927, STANDALONE=33481], networkLocation: /default-rack, certSerialId: null, persistedOpState: IN_SERVICE, persistedOpStateExpiryEpochSec: 0}, ReplicationConfig: RATIS/THREE, State:ALLOCATED, leaderId:, CreationTimestamp2022-02-24T16:55:48.185Z[Etc/UTC]].
2022-02-24 16:55:48,187 [77c6fe3f-1b7a-40d0-9616-c5318e50343e@group-52C2256152D3-StateMachineUpdater] INFO  safemode.HealthyPipelineSafeModeRule (HealthyPipelineSafeModeRule.java:initializeRule(152)) - Refreshed total pipeline count is 0, healthy pipeline threshold count is 1
2022-02-24 16:55:48,187 [RatisPipelineUtilsThread - 0] INFO  pipeline.PipelineManagerImpl (PipelineManagerImpl.java:recordMetricsForPipeline(639)) - Pipeline: PipelineID=31d398e6-9b90-466b-8763-05e598691da2 contains same datanodes as previous pipelines: PipelineID=15da9b58-d72e-47f2-bbe2-d1bf1db2ea83 nodeIds: 6aa02a95-f8ab-442c-9ba0-fd232060c81a, 2ccab0b5-4479-416a-9931-5373164cc31d, 37eb1d61-39bb-4850-ab96-a7546aa7d2af
2022-02-24 16:55:48,188 [RatisPipelineUtilsThread - 0] INFO  pipeline.RatisPipelineProvider (RatisPipelineProvider.java:lambda$create$0(183)) - Sending CreatePipelineCommand for pipeline:PipelineID=cb254f30-eede-410a-88df-00f5c2898bfa to datanode:2ccab0b5-4479-416a-9931-5373164cc31d
2022-02-24 16:55:48,188 [RatisPipelineUtilsThread - 0] INFO  pipeline.RatisPipelineProvider (RatisPipelineProvider.java:lambda$create$0(183)) - Sending CreatePipelineCommand for pipeline:PipelineID=cb254f30-eede-410a-88df-00f5c2898bfa to datanode:37eb1d61-39bb-4850-ab96-a7546aa7d2af
2022-02-24 16:55:48,188 [RatisPipelineUtilsThread - 0] INFO  pipeline.RatisPipelineProvider (RatisPipelineProvider.java:lambda$create$0(183)) - Sending CreatePipelineCommand for pipeline:PipelineID=cb254f30-eede-410a-88df-00f5c2898bfa to datanode:6aa02a95-f8ab-442c-9ba0-fd232060c81a
2022-02-24 16:55:48,189 [77c6fe3f-1b7a-40d0-9616-c5318e50343e@group-52C2256152D3-StateMachineUpdater] INFO  pipeline.PipelineStateManagerImpl (PipelineStateManagerImpl.java:addPipeline(101)) - Created pipeline Pipeline[ Id: cb254f30-eede-410a-88df-00f5c2898bfa, Nodes: 2ccab0b5-4479-416a-9931-5373164cc31d{ip: 10.1.0.37, host: fv-az59-243.csjynl4pkq3e1pkirw3ssqjfoh.cx.internal.cloudapp.net, ports: [REPLICATION=38827, RATIS=41069, RATIS_ADMIN=41069, RATIS_SERVER=41069, STANDALONE=35309], networkLocation: /default-rack, certSerialId: null, persistedOpState: IN_SERVICE, persistedOpStateExpiryEpochSec: 0}37eb1d61-39bb-4850-ab96-a7546aa7d2af{ip: 10.1.0.37, host: fv-az59-243.csjynl4pkq3e1pkirw3ssqjfoh.cx.internal.cloudapp.net, ports: [REPLICATION=45025, RATIS=34927, RATIS_ADMIN=34927, RATIS_SERVER=34927, STANDALONE=33481], networkLocation: /default-rack, certSerialId: null, persistedOpState: IN_SERVICE, persistedOpStateExpiryEpochSec: 0}6aa02a95-f8ab-442c-9ba0-fd232060c81a{ip: 10.1.0.37, host: fv-az59-243.csjynl4pkq3e1pkirw3ssqjfoh.cx.internal.cloudapp.net, ports: [REPLICATION=40825, RATIS=41563, RATIS_ADMIN=41563, RATIS_SERVER=41563, STANDALONE=35321], networkLocation: /default-rack, certSerialId: null, persistedOpState: IN_SERVICE, persistedOpStateExpiryEpochSec: 0}, ReplicationConfig: RATIS/THREE, State:ALLOCATED, leaderId:, CreationTimestamp2022-02-24T16:55:48.188Z[Etc/UTC]].
2022-02-24 16:55:48,189 [77c6fe3f-1b7a-40d0-9616-c5318e50343e@group-52C2256152D3-StateMachineUpdater] INFO  safemode.HealthyPipelineSafeModeRule (HealthyPipelineSafeModeRule.java:initializeRule(152)) - Refreshed total pipeline count is 0, healthy pipeline threshold count is 1
2022-02-24 16:55:48,190 [RatisPipelineUtilsThread - 0] INFO  pipeline.PipelineManagerImpl (PipelineManagerImpl.java:recordMetricsForPipeline(639)) - Pipeline: PipelineID=cb254f30-eede-410a-88df-00f5c2898bfa contains same datanodes as previous pipelines: PipelineID=31d398e6-9b90-466b-8763-05e598691da2 nodeIds: 2ccab0b5-4479-416a-9931-5373164cc31d, 37eb1d61-39bb-4850-ab96-a7546aa7d2af, 6aa02a95-f8ab-442c-9ba0-fd232060c81a
2022-02-24 16:55:48,190 [RatisPipelineUtilsThread - 0] INFO  pipeline.PipelineManagerImpl (PipelineManagerImpl.java:recordMetricsForPipeline(639)) - Pipeline: PipelineID=cb254f30-eede-410a-88df-00f5c2898bfa contains same datanodes as previous pipelines: PipelineID=15da9b58-d72e-47f2-bbe2-d1bf1db2ea83 nodeIds: 2ccab0b5-4479-416a-9931-5373164cc31d, 37eb1d61-39bb-4850-ab96-a7546aa7d2af, 6aa02a95-f8ab-442c-9ba0-fd232060c81a
2022-02-24 16:55:48,201 [pool-362-thread-1] INFO  server.RaftServerConfigKeys (ConfUtils.java:logGet(44)) - raft.server.log.write.buffer.size = 1048576 (custom)
2022-02-24 16:55:48,201 [pool-362-thread-1] INFO  server.RaftServerConfigKeys (ConfUtils.java:logGet(44)) - raft.server.log.statemachine.data.caching.enabled = true (custom)
2022-02-24 16:55:48,201 [pool-362-thread-1] INFO  segmented.SegmentedRaftLogWorker (SegmentedRaftLogWorker.java:lambda$new$0(133)) - 2a15bd7e-7896-4db0-9e08-f7464bcd33ee@group-F4FF6A221EE2-SegmentedRaftLogWorker: flushIndex: setUnconditionally 0 -> -1
2022-02-24 16:55:48,201 [pool-362-thread-1] INFO  segmented.SegmentedRaftLogWorker (SegmentedRaftLogWorker.java:lambda$new$0(133)) - 2a15bd7e-7896-4db0-9e08-f7464bcd33ee@group-F4FF6A221EE2-SegmentedRaftLogWorker: safeCacheEvictIndex: setUnconditionally 0 -> -1
2022-02-24 16:55:48,202 [pool-362-thread-1] INFO  server.RaftServerConfigKeys (ConfUtils.java:logGet(44)) - raft.server.snapshot.auto.trigger.enabled = true (custom)
2022-02-24 16:55:48,202 [pool-362-thread-1] INFO  server.RaftServerConfigKeys (ConfUtils.java:logGet(44)) - raft.server.snapshot.auto.trigger.threshold = 10000 (custom)
2022-02-24 16:55:48,202 [pool-362-thread-1] INFO  server.RaftServerConfigKeys (ConfUtils.java:logGet(44)) - raft.server.snapshot.retention.file.num = 5 (custom)
2022-02-24 16:55:48,202 [pool-362-thread-1] INFO  server.RaftServerConfigKeys (ConfUtils.java:logGet(44)) - raft.server.log.purge.upto.snapshot.index = false (default)
2022-02-24 16:55:48,202 [pool-362-thread-1] INFO  server.RaftServerConfigKeys (ConfUtils.java:logGet(44)) - raft.server.retrycache.expirytime = 600000ms (custom)
2022-02-24 16:55:48,202 [pool-362-thread-1] INFO  server.RaftServerConfigKeys (ConfUtils.java:logGet(44)) - raft.server.retrycache.statistics.expirytime = 100μs (default)
2022-02-24 16:55:48,203 [pool-362-thread-1] INFO  server.RaftServer$Division (RaftServerImpl.java:start(301)) - 2a15bd7e-7896-4db0-9e08-f7464bcd33ee@group-F4FF6A221EE2: start as a follower, conf=-1: [b07270f0-c5b1-4afe-99f3-aa5758d6ba5c|rpc:10.1.0.37:45647|dataStream:|priority:0, cf3a7bfa-0a59-4cf0-978b-44f71b96abbc|rpc:10.1.0.37:40183|dataStream:|priority:0, 2a15bd7e-7896-4db0-9e08-f7464bcd33ee|rpc:10.1.0.37:41995|dataStream:|priority:1], old=null
2022-02-24 16:55:48,204 [pool-362-thread-1] INFO  server.RaftServer$Division (RaftServerImpl.java:setRole(290)) - 2a15bd7e-7896-4db0-9e08-f7464bcd33ee@group-F4FF6A221EE2: changes role from      null to FOLLOWER at term 0 for startAsFollower
2022-02-24 16:55:48,204 [pool-362-thread-1] INFO  impl.RoleInfo (RoleInfo.java:updateAndGet(130)) - 2a15bd7e-7896-4db0-9e08-f7464bcd33ee: start 2a15bd7e-7896-4db0-9e08-f7464bcd33ee@group-F4FF6A221EE2-FollowerState
2022-02-24 16:55:48,211 [pool-362-thread-1] INFO  util.JmxRegister (JmxRegister.java:tryRegister(44)) - Successfully registered JMX Bean with object name Ratis:service=RaftServer,group=group-F4FF6A221EE2,id=2a15bd7e-7896-4db0-9e08-f7464bcd33ee
2022-02-24 16:55:48,260 [Command processor thread] INFO  commandhandler.CreatePipelineCommandHandler (CreatePipelineCommandHandler.java:handle(106)) - Created Pipeline RATIS THREE PipelineID=fc4ff8a0-a9fc-4bf1-a572-f4ff6a221ee2.
2022-02-24 16:55:48,274 [Command processor thread] INFO  server.RaftServer (RaftServerProxy.java:addNew(95)) - b07270f0-c5b1-4afe-99f3-aa5758d6ba5c: addNew group-9C1E72ACA101:[b07270f0-c5b1-4afe-99f3-aa5758d6ba5c|rpc:10.1.0.37:45647|priority:1, 2a15bd7e-7896-4db0-9e08-f7464bcd33ee|rpc:10.1.0.37:41995|priority:0, cf3a7bfa-0a59-4cf0-978b-44f71b96abbc|rpc:10.1.0.37:40183|priority:0] returns group-9C1E72ACA101:java.util.concurrent.CompletableFuture@1730133a[Not completed]
2022-02-24 16:55:48,275 [pool-320-thread-1] INFO  server.RaftServer$Division (RaftServerImpl.java:<init>(184)) - b07270f0-c5b1-4afe-99f3-aa5758d6ba5c: new RaftServerImpl for group-9C1E72ACA101:[b07270f0-c5b1-4afe-99f3-aa5758d6ba5c|rpc:10.1.0.37:45647|priority:1, 2a15bd7e-7896-4db0-9e08-f7464bcd33ee|rpc:10.1.0.37:41995|priority:0, cf3a7bfa-0a59-4cf0-978b-44f71b96abbc|rpc:10.1.0.37:40183|priority:0] with ContainerStateMachine:uninitialized
2022-02-24 16:55:48,275 [pool-320-thread-1] INFO  server.RaftServerConfigKeys (ConfUtils.java:logGet(44)) - raft.server.rpc.timeout.min = 5s (custom)
2022-02-24 16:55:48,275 [pool-320-thread-1] INFO  server.RaftServerConfigKeys (ConfUtils.java:logGet(44)) - raft.server.rpc.timeout.max = 5200ms (custom)
2022-02-24 16:55:48,275 [pool-320-thread-1] INFO  server.RaftServerConfigKeys (ConfUtils.java:logGet(44)) - raft.server.rpc.sleep.time = 25ms (default)
2022-02-24 16:55:48,276 [pool-320-thread-1] INFO  server.RaftServerConfigKeys (ConfUtils.java:logGet(44)) - raft.server.rpc.slowness.timeout = 300000ms (custom)
2022-02-24 16:55:48,276 [pool-320-thread-1] INFO  server.RaftServerConfigKeys (ConfUtils.java:logGet(44)) - raft.server.leaderelection.leader.step-down.wait-time = 10s (default)
2022-02-24 16:55:48,276 [pool-320-thread-1] INFO  server.RaftServerConfigKeys (ConfUtils.java:logGet(44)) - raft.server.sleep.deviation.threshold = 300ms (default)
2022-02-24 16:55:48,276 [pool-320-thread-1] INFO  server.RaftServerConfigKeys (ConfUtils.java:logGet(44)) - raft.server.log.appender.install.snapshot.enabled = false (custom)
2022-02-24 16:55:48,276 [pool-320-thread-1] INFO  server.RaftServer$Division (ServerState.java:<init>(105)) - b07270f0-c5b1-4afe-99f3-aa5758d6ba5c@group-9C1E72ACA101: ConfigurationManager, init=-1: [b07270f0-c5b1-4afe-99f3-aa5758d6ba5c|rpc:10.1.0.37:45647|priority:1, 2a15bd7e-7896-4db0-9e08-f7464bcd33ee|rpc:10.1.0.37:41995|priority:0, cf3a7bfa-0a59-4cf0-978b-44f71b96abbc|rpc:10.1.0.37:40183|priority:0], old=null, confs=<EMPTY_MAP>
2022-02-24 16:55:48,276 [pool-320-thread-1] INFO  server.RaftServerConfigKeys (ConfUtils.java:logGet(44)) - raft.server.storage.dir = [/home/runner/work/ozone/ozone/hadoop-ozone/integration-test/target/test-dir/MiniOzoneClusterImpl-a9e0dedd-d836-4895-9472-52c2256152d3/datanode-0/data/ratis] (custom)
2022-02-24 16:55:48,276 [pool-320-thread-1] INFO  server.RaftServerConfigKeys (ConfUtils.java:logGet(44)) - raft.server.log.corruption.policy = EXCEPTION (default)
2022-02-24 16:55:48,276 [pool-320-thread-1] INFO  server.RaftServerConfigKeys (ConfUtils.java:logGet(44)) - raft.server.storage.free-space.min = 0MB (=0) (default)
2022-02-24 16:55:48,276 [pool-320-thread-1] INFO  storage.RaftStorageDirectory (RaftStorageDirectoryImpl.java:analyzeStorage(135)) - The storage directory /home/runner/work/ozone/ozone/hadoop-ozone/integration-test/target/test-dir/MiniOzoneClusterImpl-a9e0dedd-d836-4895-9472-52c2256152d3/datanode-0/data/ratis/b23504de-3ed0-4c19-82f8-9c1e72aca101 does not exist. Creating ...
2022-02-24 16:55:48,278 [pool-320-thread-1] INFO  storage.RaftStorageDirectory (RaftStorageDirectoryImpl.java:tryLock(230)) - Lock on /home/runner/work/ozone/ozone/hadoop-ozone/integration-test/target/test-dir/MiniOzoneClusterImpl-a9e0dedd-d836-4895-9472-52c2256152d3/datanode-0/data/ratis/b23504de-3ed0-4c19-82f8-9c1e72aca101/in_use.lock acquired by nodename 3150@fv-az59-243
2022-02-24 16:55:48,279 [pool-320-thread-1] INFO  storage.RaftStorage (RaftStorageImpl.java:format(89)) - Storage directory /home/runner/work/ozone/ozone/hadoop-ozone/integration-test/target/test-dir/MiniOzoneClusterImpl-a9e0dedd-d836-4895-9472-52c2256152d3/datanode-0/data/ratis/b23504de-3ed0-4c19-82f8-9c1e72aca101 has been successfully formatted.
2022-02-24 16:55:48,279 [pool-320-thread-1] INFO  ratis.ContainerStateMachine (ContainerStateMachine.java:loadSnapshot(236)) - group-9C1E72ACA101: The snapshot info is null. Setting the last applied indexto:(t:0, i:~)
2022-02-24 16:55:48,280 [pool-320-thread-1] INFO  server.RaftServerConfigKeys (ConfUtils.java:logGet(44)) - raft.server.notification.no-leader.timeout = 300000ms (custom)
2022-02-24 16:55:48,280 [pool-320-thread-1] INFO  server.RaftServerConfigKeys (ConfUtils.java:logGet(44)) - raft.server.log.use.memory = false (default)
2022-02-24 16:55:48,280 [pool-320-thread-1] INFO  server.RaftServerConfigKeys (ConfUtils.java:logGet(44)) - raft.server.log.purge.gap = 1000000 (custom)
2022-02-24 16:55:48,280 [pool-320-thread-1] INFO  server.RaftServerConfigKeys (ConfUtils.java:logGet(44)) - raft.server.log.appender.buffer.byte-limit = 33554432 (custom)
2022-02-24 16:55:48,280 [pool-320-thread-1] INFO  server.RaftServerConfigKeys (ConfUtils.java:logGet(44)) - raft.server.log.segment.size.max = 1048576 (custom)
2022-02-24 16:55:48,280 [EventQueue-OpenPipelineForHealthyPipelineSafeModeRule] INFO  safemode.SCMSafeModeManager (HealthyPipelineSafeModeRule.java:process(124)) - SCM in safe mode. Healthy pipelines reported count is 0, required healthy pipeline reported count is 1
2022-02-24 16:55:48,281 [pool-320-thread-1] INFO  server.RaftServerConfigKeys (ConfUtils.java:logGet(44)) - raft.server.log.segment.cache.num.max = 2 (custom)
2022-02-24 16:55:48,281 [pool-320-thread-1] INFO  server.RaftServerConfigKeys (ConfUtils.java:logGet(44)) - raft.server.log.segment.cache.size.max = 200MB (=209715200) (default)
2022-02-24 16:55:48,281 [pool-320-thread-1] INFO  segmented.SegmentedRaftLogWorker (SegmentedRaftLogWorker.java:<init>(182)) - new b07270f0-c5b1-4afe-99f3-aa5758d6ba5c@group-9C1E72ACA101-SegmentedRaftLogWorker for RaftStorageImpl:Storage Directory /home/runner/work/ozone/ozone/hadoop-ozone/integration-test/target/test-dir/MiniOzoneClusterImpl-a9e0dedd-d836-4895-9472-52c2256152d3/datanode-0/data/ratis/b23504de-3ed0-4c19-82f8-9c1e72aca101
2022-02-24 16:55:48,281 [pool-320-thread-1] INFO  server.RaftServerConfigKeys (ConfUtils.java:logGet(44)) - raft.server.log.queue.byte-limit = 4294967296 (custom)
2022-02-24 16:55:48,281 [pool-320-thread-1] INFO  server.RaftServerConfigKeys (ConfUtils.java:logGet(44)) - raft.server.log.queue.element-limit = 1024 (custom)
2022-02-24 16:55:48,281 [pool-320-thread-1] INFO  server.RaftServerConfigKeys (ConfUtils.java:logGet(44)) - raft.server.log.segment.size.max = 1048576 (custom)
2022-02-24 16:55:48,281 [pool-320-thread-1] INFO  server.RaftServerConfigKeys (ConfUtils.java:logGet(44)) - raft.server.log.preallocated.size = 16384 (custom)
2022-02-24 16:55:48,281 [pool-320-thread-1] INFO  server.RaftServerConfigKeys (ConfUtils.java:logGet(44)) - raft.server.log.force.sync.num = 128 (default)
2022-02-24 16:55:48,281 [pool-320-thread-1] INFO  server.RaftServerConfigKeys (ConfUtils.java:logGet(44)) - raft.server.log.statemachine.data.sync = true (default)
2022-02-24 16:55:48,282 [pool-320-thread-1] INFO  server.RaftServerConfigKeys (ConfUtils.java:logGet(44)) - raft.server.log.statemachine.data.sync.timeout = 10s (default)
2022-02-24 16:55:48,282 [pool-320-thread-1] INFO  server.RaftServerConfigKeys (ConfUtils.java:logGet(44)) - raft.server.log.statemachine.data.sync.timeout.retry = -1 (default)
2022-02-24 16:55:48,283 [pool-320-thread-1] INFO  server.RaftServerConfigKeys (ConfUtils.java:logGet(44)) - raft.server.log.write.buffer.size = 1048576 (custom)
2022-02-24 16:55:48,283 [pool-320-thread-1] INFO  server.RaftServerConfigKeys (ConfUtils.java:logGet(44)) - raft.server.log.statemachine.data.caching.enabled = true (custom)
2022-02-24 16:55:48,284 [pool-320-thread-1] INFO  segmented.SegmentedRaftLogWorker (SegmentedRaftLogWorker.java:lambda$new$0(133)) - b07270f0-c5b1-4afe-99f3-aa5758d6ba5c@group-9C1E72ACA101-SegmentedRaftLogWorker: flushIndex: setUnconditionally 0 -> -1
2022-02-24 16:55:48,291 [pool-320-thread-1] INFO  segmented.SegmentedRaftLogWorker (SegmentedRaftLogWorker.java:lambda$new$0(133)) - b07270f0-c5b1-4afe-99f3-aa5758d6ba5c@group-9C1E72ACA101-SegmentedRaftLogWorker: safeCacheEvictIndex: setUnconditionally 0 -> -1
2022-02-24 16:55:48,291 [pool-320-thread-1] INFO  server.RaftServerConfigKeys (ConfUtils.java:logGet(44)) - raft.server.snapshot.auto.trigger.enabled = true (custom)
2022-02-24 16:55:48,291 [pool-320-thread-1] INFO  server.RaftServerConfigKeys (ConfUtils.java:logGet(44)) - raft.server.snapshot.auto.trigger.threshold = 10000 (custom)
2022-02-24 16:55:48,291 [pool-320-thread-1] INFO  server.RaftServerConfigKeys (ConfUtils.java:logGet(44)) - raft.server.snapshot.retention.file.num = 5 (custom)
2022-02-24 16:55:48,291 [pool-320-thread-1] INFO  server.RaftServerConfigKeys (ConfUtils.java:logGet(44)) - raft.server.log.purge.upto.snapshot.index = false (default)
2022-02-24 16:55:48,291 [pool-320-thread-1] INFO  server.RaftServerConfigKeys (ConfUtils.java:logGet(44)) - raft.server.retrycache.expirytime = 600000ms (custom)
2022-02-24 16:55:48,291 [pool-320-thread-1] INFO  server.RaftServerConfigKeys (ConfUtils.java:logGet(44)) - raft.server.retrycache.statistics.expirytime = 100μs (default)
2022-02-24 16:55:48,292 [pool-320-thread-1] INFO  server.RaftServer$Division (RaftServerImpl.java:start(301)) - b07270f0-c5b1-4afe-99f3-aa5758d6ba5c@group-9C1E72ACA101: start as a follower, conf=-1: [b07270f0-c5b1-4afe-99f3-aa5758d6ba5c|rpc:10.1.0.37:45647|priority:1, 2a15bd7e-7896-4db0-9e08-f7464bcd33ee|rpc:10.1.0.37:41995|priority:0, cf3a7bfa-0a59-4cf0-978b-44f71b96abbc|rpc:10.1.0.37:40183|priority:0], old=null
2022-02-24 16:55:48,292 [pool-320-thread-1] INFO  server.RaftServer$Division (RaftServerImpl.java:setRole(290)) - b07270f0-c5b1-4afe-99f3-aa5758d6ba5c@group-9C1E72ACA101: changes role from      null to FOLLOWER at term 0 for startAsFollower
2022-02-24 16:55:48,292 [pool-320-thread-1] INFO  impl.RoleInfo (RoleInfo.java:updateAndGet(130)) - b07270f0-c5b1-4afe-99f3-aa5758d6ba5c: start b07270f0-c5b1-4afe-99f3-aa5758d6ba5c@group-9C1E72ACA101-FollowerState
2022-02-24 16:55:48,295 [pool-320-thread-1] INFO  util.JmxRegister (JmxRegister.java:tryRegister(44)) - Successfully registered JMX Bean with object name Ratis:service=RaftServer,group=group-9C1E72ACA101,id=b07270f0-c5b1-4afe-99f3-aa5758d6ba5c
2022-02-24 16:55:48,295 [Command processor thread] INFO  ratis.XceiverServerRatis (XceiverServerRatis.java:addGroup(769)) - Created group PipelineID=b23504de-3ed0-4c19-82f8-9c1e72aca101
2022-02-24 16:55:48,320 [grpc-default-executor-4] INFO  server.RaftServer (RaftServerProxy.java:addNew(95)) - 2a15bd7e-7896-4db0-9e08-f7464bcd33ee: addNew group-9C1E72ACA101:[b07270f0-c5b1-4afe-99f3-aa5758d6ba5c|rpc:10.1.0.37:45647|dataStream:|priority:1, 2a15bd7e-7896-4db0-9e08-f7464bcd33ee|rpc:10.1.0.37:41995|dataStream:|priority:0, cf3a7bfa-0a59-4cf0-978b-44f71b96abbc|rpc:10.1.0.37:40183|dataStream:|priority:0] returns group-9C1E72ACA101:java.util.concurrent.CompletableFuture@595334fb[Not completed]
2022-02-24 16:55:48,321 [pool-362-thread-1] INFO  server.RaftServer$Division (RaftServerImpl.java:<init>(184)) - 2a15bd7e-7896-4db0-9e08-f7464bcd33ee: new RaftServerImpl for group-9C1E72ACA101:[b07270f0-c5b1-4afe-99f3-aa5758d6ba5c|rpc:10.1.0.37:45647|dataStream:|priority:1, 2a15bd7e-7896-4db0-9e08-f7464bcd33ee|rpc:10.1.0.37:41995|dataStream:|priority:0, cf3a7bfa-0a59-4cf0-978b-44f71b96abbc|rpc:10.1.0.37:40183|dataStream:|priority:0] with ContainerStateMachine:uninitialized
2022-02-24 16:55:48,321 [pool-362-thread-1] INFO  server.RaftServerConfigKeys (ConfUtils.java:logGet(44)) - raft.server.rpc.timeout.min = 5s (custom)
2022-02-24 16:55:48,321 [pool-362-thread-1] INFO  server.RaftServerConfigKeys (ConfUtils.java:logGet(44)) - raft.server.rpc.timeout.max = 5200ms (custom)
2022-02-24 16:55:48,321 [pool-362-thread-1] INFO  server.RaftServerConfigKeys (ConfUtils.java:logGet(44)) - raft.server.rpc.sleep.time = 25ms (default)
2022-02-24 16:55:48,321 [pool-362-thread-1] INFO  server.RaftServerConfigKeys (ConfUtils.java:logGet(44)) - raft.server.rpc.slowness.timeout = 300000ms (custom)
2022-02-24 16:55:48,321 [pool-362-thread-1] INFO  server.RaftServerConfigKeys (ConfUtils.java:logGet(44)) - raft.server.leaderelection.leader.step-down.wait-time = 10s (default)
2022-02-24 16:55:48,321 [pool-362-thread-1] INFO  server.RaftServerConfigKeys (ConfUtils.java:logGet(44)) - raft.server.sleep.deviation.threshold = 300ms (default)
2022-02-24 16:55:48,321 [pool-362-thread-1] INFO  server.RaftServerConfigKeys (ConfUtils.java:logGet(44)) - raft.server.log.appender.install.snapshot.enabled = false (custom)
2022-02-24 16:55:48,321 [pool-362-thread-1] INFO  server.RaftServer$Division (ServerState.java:<init>(105)) - 2a15bd7e-7896-4db0-9e08-f7464bcd33ee@group-9C1E72ACA101: ConfigurationManager, init=-1: [b07270f0-c5b1-4afe-99f3-aa5758d6ba5c|rpc:10.1.0.37:45647|dataStream:|priority:1, 2a15bd7e-7896-4db0-9e08-f7464bcd33ee|rpc:10.1.0.37:41995|dataStream:|priority:0, cf3a7bfa-0a59-4cf0-978b-44f71b96abbc|rpc:10.1.0.37:40183|dataStream:|priority:0], old=null, confs=<EMPTY_MAP>
2022-02-24 16:55:48,322 [pool-362-thread-1] INFO  server.RaftServerConfigKeys (ConfUtils.java:logGet(44)) - raft.server.storage.dir = [/home/runner/work/ozone/ozone/hadoop-ozone/integration-test/target/test-dir/MiniOzoneClusterImpl-a9e0dedd-d836-4895-9472-52c2256152d3/datanode-2/data/ratis] (custom)
2022-02-24 16:55:48,322 [pool-362-thread-1] INFO  server.RaftServerConfigKeys (ConfUtils.java:logGet(44)) - raft.server.log.corruption.policy = EXCEPTION (default)
2022-02-24 16:55:48,322 [pool-362-thread-1] INFO  server.RaftServerConfigKeys (ConfUtils.java:logGet(44)) - raft.server.storage.free-space.min = 0MB (=0) (default)
2022-02-24 16:55:48,322 [pool-362-thread-1] INFO  storage.RaftStorageDirectory (RaftStorageDirectoryImpl.java:analyzeStorage(135)) - The storage directory /home/runner/work/ozone/ozone/hadoop-ozone/integration-test/target/test-dir/MiniOzoneClusterImpl-a9e0dedd-d836-4895-9472-52c2256152d3/datanode-2/data/ratis/b23504de-3ed0-4c19-82f8-9c1e72aca101 does not exist. Creating ...
2022-02-24 16:55:48,328 [pool-362-thread-1] INFO  storage.RaftStorageDirectory (RaftStorageDirectoryImpl.java:tryLock(230)) - Lock on /home/runner/work/ozone/ozone/hadoop-ozone/integration-test/target/test-dir/MiniOzoneClusterImpl-a9e0dedd-d836-4895-9472-52c2256152d3/datanode-2/data/ratis/b23504de-3ed0-4c19-82f8-9c1e72aca101/in_use.lock acquired by nodename 3150@fv-az59-243
2022-02-24 16:55:48,329 [pool-362-thread-1] INFO  storage.RaftStorage (RaftStorageImpl.java:format(89)) - Storage directory /home/runner/work/ozone/ozone/hadoop-ozone/integration-test/target/test-dir/MiniOzoneClusterImpl-a9e0dedd-d836-4895-9472-52c2256152d3/datanode-2/data/ratis/b23504de-3ed0-4c19-82f8-9c1e72aca101 has been successfully formatted.
2022-02-24 16:55:48,330 [pool-362-thread-1] INFO  ratis.ContainerStateMachine (ContainerStateMachine.java:loadSnapshot(236)) - group-9C1E72ACA101: The snapshot info is null. Setting the last applied indexto:(t:0, i:~)
2022-02-24 16:55:48,330 [pool-362-thread-1] INFO  server.RaftServerConfigKeys (ConfUtils.java:logGet(44)) - raft.server.notification.no-leader.timeout = 300000ms (custom)
2022-02-24 16:55:48,330 [pool-362-thread-1] INFO  server.RaftServerConfigKeys (ConfUtils.java:logGet(44)) - raft.server.log.use.memory = false (default)
2022-02-24 16:55:48,330 [pool-362-thread-1] INFO  server.RaftServerConfigKeys (ConfUtils.java:logGet(44)) - raft.server.log.purge.gap = 1000000 (custom)
2022-02-24 16:55:48,330 [pool-362-thread-1] INFO  server.RaftServerConfigKeys (ConfUtils.java:logGet(44)) - raft.server.log.appender.buffer.byte-limit = 33554432 (custom)
2022-02-24 16:55:48,331 [pool-362-thread-1] INFO  server.RaftServerConfigKeys (ConfUtils.java:logGet(44)) - raft.server.log.segment.size.max = 1048576 (custom)
2022-02-24 16:55:48,331 [pool-362-thread-1] INFO  server.RaftServerConfigKeys (ConfUtils.java:logGet(44)) - raft.server.log.segment.cache.num.max = 2 (custom)
2022-02-24 16:55:48,331 [pool-362-thread-1] INFO  server.RaftServerConfigKeys (ConfUtils.java:logGet(44)) - raft.server.log.segment.cache.size.max = 200MB (=209715200) (default)
2022-02-24 16:55:48,331 [pool-362-thread-1] INFO  segmented.SegmentedRaftLogWorker (SegmentedRaftLogWorker.java:<init>(182)) - new 2a15bd7e-7896-4db0-9e08-f7464bcd33ee@group-9C1E72ACA101-SegmentedRaftLogWorker for RaftStorageImpl:Storage Directory /home/runner/work/ozone/ozone/hadoop-ozone/integration-test/target/test-dir/MiniOzoneClusterImpl-a9e0dedd-d836-4895-9472-52c2256152d3/datanode-2/data/ratis/b23504de-3ed0-4c19-82f8-9c1e72aca101
2022-02-24 16:55:48,331 [pool-362-thread-1] INFO  server.RaftServerConfigKeys (ConfUtils.java:logGet(44)) - raft.server.log.queue.byte-limit = 4294967296 (custom)
2022-02-24 16:55:48,331 [pool-362-thread-1] INFO  server.RaftServerConfigKeys (ConfUtils.java:logGet(44)) - raft.server.log.queue.element-limit = 1024 (custom)
2022-02-24 16:55:48,331 [pool-362-thread-1] INFO  server.RaftServerConfigKeys (ConfUtils.java:logGet(44)) - raft.server.log.segment.size.max = 1048576 (custom)
2022-02-24 16:55:48,331 [pool-362-thread-1] INFO  server.RaftServerConfigKeys (ConfUtils.java:logGet(44)) - raft.server.log.preallocated.size = 16384 (custom)
2022-02-24 16:55:48,331 [pool-362-thread-1] INFO  server.RaftServerConfigKeys (ConfUtils.java:logGet(44)) - raft.server.log.force.sync.num = 128 (default)
2022-02-24 16:55:48,331 [pool-362-thread-1] INFO  server.RaftServerConfigKeys (ConfUtils.java:logGet(44)) - raft.server.log.statemachine.data.sync = true (default)
2022-02-24 16:55:48,332 [pool-362-thread-1] INFO  server.RaftServerConfigKeys (ConfUtils.java:logGet(44)) - raft.server.log.statemachine.data.sync.timeout = 10s (default)
2022-02-24 16:55:48,332 [pool-362-thread-1] INFO  server.RaftServerConfigKeys (ConfUtils.java:logGet(44)) - raft.server.log.statemachine.data.sync.timeout.retry = -1 (default)
2022-02-24 16:55:48,332 [pool-362-thread-1] INFO  server.RaftServerConfigKeys (ConfUtils.java:logGet(44)) - raft.server.log.write.buffer.size = 1048576 (custom)
2022-02-24 16:55:48,333 [pool-362-thread-1] INFO  server.RaftServerConfigKeys (ConfUtils.java:logGet(44)) - raft.server.log.statemachine.data.caching.enabled = true (custom)
2022-02-24 16:55:48,333 [pool-362-thread-1] INFO  segmented.SegmentedRaftLogWorker (SegmentedRaftLogWorker.java:lambda$new$0(133)) - 2a15bd7e-7896-4db0-9e08-f7464bcd33ee@group-9C1E72ACA101-SegmentedRaftLogWorker: flushIndex: setUnconditionally 0 -> -1
2022-02-24 16:55:48,333 [pool-362-thread-1] INFO  segmented.SegmentedRaftLogWorker (SegmentedRaftLogWorker.java:lambda$new$0(133)) - 2a15bd7e-7896-4db0-9e08-f7464bcd33ee@group-9C1E72ACA101-SegmentedRaftLogWorker: safeCacheEvictIndex: setUnconditionally 0 -> -1
2022-02-24 16:55:48,343 [pool-362-thread-1] INFO  server.RaftServerConfigKeys (ConfUtils.java:logGet(44)) - raft.server.snapshot.auto.trigger.enabled = true (custom)
2022-02-24 16:55:48,343 [pool-362-thread-1] INFO  server.RaftServerConfigKeys (ConfUtils.java:logGet(44)) - raft.server.snapshot.auto.trigger.threshold = 10000 (custom)
2022-02-24 16:55:48,347 [pool-362-thread-1] INFO  server.RaftServerConfigKeys (ConfUtils.java:logGet(44)) - raft.server.snapshot.retention.file.num = 5 (custom)
2022-02-24 16:55:48,347 [pool-362-thread-1] INFO  server.RaftServerConfigKeys (ConfUtils.java:logGet(44)) - raft.server.log.purge.upto.snapshot.index = false (default)
2022-02-24 16:55:48,347 [pool-362-thread-1] INFO  server.RaftServerConfigKeys (ConfUtils.java:logGet(44)) - raft.server.retrycache.expirytime = 600000ms (custom)
2022-02-24 16:55:48,347 [pool-362-thread-1] INFO  server.RaftServerConfigKeys (ConfUtils.java:logGet(44)) - raft.server.retrycache.statistics.expirytime = 100μs (default)
2022-02-24 16:55:48,348 [pool-362-thread-1] INFO  server.RaftServer$Division (RaftServerImpl.java:start(301)) - 2a15bd7e-7896-4db0-9e08-f7464bcd33ee@group-9C1E72ACA101: start as a follower, conf=-1: [b07270f0-c5b1-4afe-99f3-aa5758d6ba5c|rpc:10.1.0.37:45647|dataStream:|priority:1, 2a15bd7e-7896-4db0-9e08-f7464bcd33ee|rpc:10.1.0.37:41995|dataStream:|priority:0, cf3a7bfa-0a59-4cf0-978b-44f71b96abbc|rpc:10.1.0.37:40183|dataStream:|priority:0], old=null
2022-02-24 16:55:48,348 [pool-362-thread-1] INFO  server.RaftServer$Division (RaftServerImpl.java:setRole(290)) - 2a15bd7e-7896-4db0-9e08-f7464bcd33ee@group-9C1E72ACA101: changes role from      null to FOLLOWER at term 0 for startAsFollower
2022-02-24 16:55:48,348 [pool-362-thread-1] INFO  impl.RoleInfo (RoleInfo.java:updateAndGet(130)) - 2a15bd7e-7896-4db0-9e08-f7464bcd33ee: start 2a15bd7e-7896-4db0-9e08-f7464bcd33ee@group-9C1E72ACA101-FollowerState
2022-02-24 16:55:48,366 [pool-362-thread-1] INFO  util.JmxRegister (JmxRegister.java:tryRegister(44)) - Successfully registered JMX Bean with object name Ratis:service=RaftServer,group=group-9C1E72ACA101,id=2a15bd7e-7896-4db0-9e08-f7464bcd33ee
2022-02-24 16:55:48,391 [Command processor thread] INFO  server.RaftServer (RaftServerProxy.java:addNew(95)) - cf3a7bfa-0a59-4cf0-978b-44f71b96abbc: addNew group-941F5D11DA8E:[cf3a7bfa-0a59-4cf0-978b-44f71b96abbc|rpc:10.1.0.37:40183|priority:1] returns group-941F5D11DA8E:java.util.concurrent.CompletableFuture@6e02013e[Not completed]
2022-02-24 16:55:48,391 [pool-341-thread-1] INFO  server.RaftServer$Division (RaftServerImpl.java:<init>(184)) - cf3a7bfa-0a59-4cf0-978b-44f71b96abbc: new RaftServerImpl for group-941F5D11DA8E:[cf3a7bfa-0a59-4cf0-978b-44f71b96abbc|rpc:10.1.0.37:40183|priority:1] with ContainerStateMachine:uninitialized
2022-02-24 16:55:48,392 [pool-341-thread-1] INFO  server.RaftServerConfigKeys (ConfUtils.java:logGet(44)) - raft.server.rpc.timeout.min = 5s (custom)
2022-02-24 16:55:48,392 [pool-341-thread-1] INFO  server.RaftServerConfigKeys (ConfUtils.java:logGet(44)) - raft.server.rpc.timeout.max = 5200ms (custom)
2022-02-24 16:55:48,392 [pool-341-thread-1] INFO  server.RaftServerConfigKeys (ConfUtils.java:logGet(44)) - raft.server.rpc.sleep.time = 25ms (default)
2022-02-24 16:55:48,392 [pool-341-thread-1] INFO  server.RaftServerConfigKeys (ConfUtils.java:logGet(44)) - raft.server.rpc.slowness.timeout = 300000ms (custom)
2022-02-24 16:55:48,392 [pool-341-thread-1] INFO  server.RaftServerConfigKeys (ConfUtils.java:logGet(44)) - raft.server.leaderelection.leader.step-down.wait-time = 10s (default)
2022-02-24 16:55:48,392 [pool-341-thread-1] INFO  server.RaftServerConfigKeys (ConfUtils.java:logGet(44)) - raft.server.sleep.deviation.threshold = 300ms (default)
2022-02-24 16:55:48,392 [pool-341-thread-1] INFO  server.RaftServerConfigKeys (ConfUtils.java:logGet(44)) - raft.server.log.appender.install.snapshot.enabled = false (custom)
2022-02-24 16:55:48,392 [pool-341-thread-1] INFO  server.RaftServer$Division (ServerState.java:<init>(105)) - cf3a7bfa-0a59-4cf0-978b-44f71b96abbc@group-941F5D11DA8E: ConfigurationManager, init=-1: [cf3a7bfa-0a59-4cf0-978b-44f71b96abbc|rpc:10.1.0.37:40183|priority:1], old=null, confs=<EMPTY_MAP>
2022-02-24 16:55:48,392 [pool-341-thread-1] INFO  server.RaftServerConfigKeys (ConfUtils.java:logGet(44)) - raft.server.storage.dir = [/home/runner/work/ozone/ozone/hadoop-ozone/integration-test/target/test-dir/MiniOzoneClusterImpl-a9e0dedd-d836-4895-9472-52c2256152d3/datanode-1/data/ratis] (custom)
2022-02-24 16:55:48,392 [pool-341-thread-1] INFO  server.RaftServerConfigKeys (ConfUtils.java:logGet(44)) - raft.server.log.corruption.policy = EXCEPTION (default)
2022-02-24 16:55:48,392 [pool-341-thread-1] INFO  server.RaftServerConfigKeys (ConfUtils.java:logGet(44)) - raft.server.storage.free-space.min = 0MB (=0) (default)
2022-02-24 16:55:48,392 [pool-341-thread-1] INFO  storage.RaftStorageDirectory (RaftStorageDirectoryImpl.java:analyzeStorage(135)) - The storage directory /home/runner/work/ozone/ozone/hadoop-ozone/integration-test/target/test-dir/MiniOzoneClusterImpl-a9e0dedd-d836-4895-9472-52c2256152d3/datanode-1/data/ratis/491b94e5-b470-455f-9927-941f5d11da8e does not exist. Creating ...
2022-02-24 16:55:48,395 [pool-341-thread-1] INFO  storage.RaftStorageDirectory (RaftStorageDirectoryImpl.java:tryLock(230)) - Lock on /home/runner/work/ozone/ozone/hadoop-ozone/integration-test/target/test-dir/MiniOzoneClusterImpl-a9e0dedd-d836-4895-9472-52c2256152d3/datanode-1/data/ratis/491b94e5-b470-455f-9927-941f5d11da8e/in_use.lock acquired by nodename 3150@fv-az59-243
2022-02-24 16:55:48,400 [pool-341-thread-1] INFO  storage.RaftStorage (RaftStorageImpl.java:format(89)) - Storage directory /home/runner/work/ozone/ozone/hadoop-ozone/integration-test/target/test-dir/MiniOzoneClusterImpl-a9e0dedd-d836-4895-9472-52c2256152d3/datanode-1/data/ratis/491b94e5-b470-455f-9927-941f5d11da8e has been successfully formatted.
2022-02-24 16:55:48,400 [pool-341-thread-1] INFO  ratis.ContainerStateMachine (ContainerStateMachine.java:loadSnapshot(236)) - group-941F5D11DA8E: The snapshot info is null. Setting the last applied indexto:(t:0, i:~)
2022-02-24 16:55:48,400 [pool-341-thread-1] INFO  server.RaftServerConfigKeys (ConfUtils.java:logGet(44)) - raft.server.notification.no-leader.timeout = 300000ms (custom)
2022-02-24 16:55:48,400 [pool-341-thread-1] INFO  server.RaftServerConfigKeys (ConfUtils.java:logGet(44)) - raft.server.log.use.memory = false (default)
2022-02-24 16:55:48,400 [pool-341-thread-1] INFO  server.RaftServerConfigKeys (ConfUtils.java:logGet(44)) - raft.server.log.purge.gap = 1000000 (custom)
2022-02-24 16:55:48,400 [pool-341-thread-1] INFO  server.RaftServerConfigKeys (ConfUtils.java:logGet(44)) - raft.server.log.appender.buffer.byte-limit = 33554432 (custom)
2022-02-24 16:55:48,401 [pool-341-thread-1] INFO  server.RaftServerConfigKeys (ConfUtils.java:logGet(44)) - raft.server.log.segment.size.max = 1048576 (custom)
2022-02-24 16:55:48,401 [pool-341-thread-1] INFO  server.RaftServerConfigKeys (ConfUtils.java:logGet(44)) - raft.server.log.segment.cache.num.max = 2 (custom)
2022-02-24 16:55:48,401 [pool-341-thread-1] INFO  server.RaftServerConfigKeys (ConfUtils.java:logGet(44)) - raft.server.log.segment.cache.size.max = 200MB (=209715200) (default)
2022-02-24 16:55:48,401 [pool-341-thread-1] INFO  segmented.SegmentedRaftLogWorker (SegmentedRaftLogWorker.java:<init>(182)) - new cf3a7bfa-0a59-4cf0-978b-44f71b96abbc@group-941F5D11DA8E-SegmentedRaftLogWorker for RaftStorageImpl:Storage Directory /home/runner/work/ozone/ozone/hadoop-ozone/integration-test/target/test-dir/MiniOzoneClusterImpl-a9e0dedd-d836-4895-9472-52c2256152d3/datanode-1/data/ratis/491b94e5-b470-455f-9927-941f5d11da8e
2022-02-24 16:55:48,401 [pool-341-thread-1] INFO  server.RaftServerConfigKeys (ConfUtils.java:logGet(44)) - raft.server.log.queue.byte-limit = 4294967296 (custom)
2022-02-24 16:55:48,401 [pool-341-thread-1] INFO  server.RaftServerConfigKeys (ConfUtils.java:logGet(44)) - raft.server.log.queue.element-limit = 1024 (custom)
2022-02-24 16:55:48,401 [pool-341-thread-1] INFO  server.RaftServerConfigKeys (ConfUtils.java:logGet(44)) - raft.server.log.segment.size.max = 1048576 (custom)
2022-02-24 16:55:48,401 [pool-341-thread-1] INFO  server.RaftServerConfigKeys (ConfUtils.java:logGet(44)) - raft.server.log.preallocated.size = 16384 (custom)
2022-02-24 16:55:48,401 [pool-341-thread-1] INFO  server.RaftServerConfigKeys (ConfUtils.java:logGet(44)) - raft.server.log.force.sync.num = 128 (default)
2022-02-24 16:55:48,401 [pool-341-thread-1] INFO  server.RaftServerConfigKeys (ConfUtils.java:logGet(44)) - raft.server.log.statemachine.data.sync = true (default)
2022-02-24 16:55:48,401 [pool-341-thread-1] INFO  server.RaftServerConfigKeys (ConfUtils.java:logGet(44)) - raft.server.log.statemachine.data.sync.timeout = 10s (default)
2022-02-24 16:55:48,401 [pool-341-thread-1] INFO  server.RaftServerConfigKeys (ConfUtils.java:logGet(44)) - raft.server.log.statemachine.data.sync.timeout.retry = -1 (default)
2022-02-24 16:55:48,402 [pool-341-thread-1] INFO  server.RaftServerConfigKeys (ConfUtils.java:logGet(44)) - raft.server.log.write.buffer.size = 1048576 (custom)
2022-02-24 16:55:48,403 [pool-341-thread-1] INFO  server.RaftServerConfigKeys (ConfUtils.java:logGet(44)) - raft.server.log.statemachine.data.caching.enabled = true (custom)
2022-02-24 16:55:48,404 [EventQueue-PipelineReportForPipelineReportHandler] INFO  pipeline.PipelineManagerImpl (PipelineManagerImpl.java:openPipeline(291)) - Pipeline Pipeline[ Id: 491b94e5-b470-455f-9927-941f5d11da8e, Nodes: cf3a7bfa-0a59-4cf0-978b-44f71b96abbc{ip: 10.1.0.37, host: fv-az59-243.csjynl4pkq3e1pkirw3ssqjfoh.cx.internal.cloudapp.net, ports: [REPLICATION=36859, RATIS=40183, RATIS_ADMIN=40183, RATIS_SERVER=40183, STANDALONE=46129], networkLocation: /default-rack, certSerialId: null, persistedOpState: IN_SERVICE, persistedOpStateExpiryEpochSec: 0}, ReplicationConfig: RATIS/ONE, State:ALLOCATED, leaderId:cf3a7bfa-0a59-4cf0-978b-44f71b96abbc, CreationTimestamp2022-02-24T16:55:45.394Z[Etc/UTC]] moved to OPEN state
2022-02-24 16:55:48,404 [pool-341-thread-1] INFO  segmented.SegmentedRaftLogWorker (SegmentedRaftLogWorker.java:lambda$new$0(133)) - cf3a7bfa-0a59-4cf0-978b-44f71b96abbc@group-941F5D11DA8E-SegmentedRaftLogWorker: flushIndex: setUnconditionally 0 -> -1
2022-02-24 16:55:48,405 [pool-341-thread-1] INFO  segmented.SegmentedRaftLogWorker (SegmentedRaftLogWorker.java:lambda$new$0(133)) - cf3a7bfa-0a59-4cf0-978b-44f71b96abbc@group-941F5D11DA8E-SegmentedRaftLogWorker: safeCacheEvictIndex: setUnconditionally 0 -> -1
2022-02-24 16:55:48,419 [pool-341-thread-1] INFO  server.RaftServerConfigKeys (ConfUtils.java:logGet(44)) - raft.server.snapshot.auto.trigger.enabled = true (custom)
2022-02-24 16:55:48,419 [pool-341-thread-1] INFO  server.RaftServerConfigKeys (ConfUtils.java:logGet(44)) - raft.server.snapshot.auto.trigger.threshold = 10000 (custom)
2022-02-24 16:55:48,419 [pool-341-thread-1] INFO  server.RaftServerConfigKeys (ConfUtils.java:logGet(44)) - raft.server.snapshot.retention.file.num = 5 (custom)
2022-02-24 16:55:48,419 [pool-341-thread-1] INFO  server.RaftServerConfigKeys (ConfUtils.java:logGet(44)) - raft.server.log.purge.upto.snapshot.index = false (default)
2022-02-24 16:55:48,419 [pool-341-thread-1] INFO  server.RaftServerConfigKeys (ConfUtils.java:logGet(44)) - raft.server.retrycache.expirytime = 600000ms (custom)
2022-02-24 16:55:48,419 [pool-341-thread-1] INFO  server.RaftServerConfigKeys (ConfUtils.java:logGet(44)) - raft.server.retrycache.statistics.expirytime = 100μs (default)
2022-02-24 16:55:48,420 [pool-341-thread-1] INFO  server.RaftServer$Division (RaftServerImpl.java:start(301)) - cf3a7bfa-0a59-4cf0-978b-44f71b96abbc@group-941F5D11DA8E: start as a follower, conf=-1: [cf3a7bfa-0a59-4cf0-978b-44f71b96abbc|rpc:10.1.0.37:40183|priority:1], old=null
2022-02-24 16:55:48,420 [pool-341-thread-1] INFO  server.RaftServer$Division (RaftServerImpl.java:setRole(290)) - cf3a7bfa-0a59-4cf0-978b-44f71b96abbc@group-941F5D11DA8E: changes role from      null to FOLLOWER at term 0 for startAsFollower
2022-02-24 16:55:48,420 [pool-341-thread-1] INFO  impl.RoleInfo (RoleInfo.java:updateAndGet(130)) - cf3a7bfa-0a59-4cf0-978b-44f71b96abbc: start cf3a7bfa-0a59-4cf0-978b-44f71b96abbc@group-941F5D11DA8E-FollowerState
2022-02-24 16:55:48,425 [pool-341-thread-1] INFO  util.JmxRegister (JmxRegister.java:tryRegister(44)) - Successfully registered JMX Bean with object name Ratis:service=RaftServer,group=group-941F5D11DA8E,id=cf3a7bfa-0a59-4cf0-978b-44f71b96abbc
2022-02-24 16:55:48,426 [Command processor thread] INFO  ratis.XceiverServerRatis (XceiverServerRatis.java:addGroup(769)) - Created group PipelineID=491b94e5-b470-455f-9927-941f5d11da8e
2022-02-24 16:55:48,426 [Command processor thread] INFO  commandhandler.CreatePipelineCommandHandler (CreatePipelineCommandHandler.java:handle(106)) - Created Pipeline RATIS ONE PipelineID=491b94e5-b470-455f-9927-941f5d11da8e.
2022-02-24 16:55:48,426 [Command processor thread] INFO  server.RaftServer (RaftServerProxy.java:addNew(95)) - cf3a7bfa-0a59-4cf0-978b-44f71b96abbc: addNew group-9C1E72ACA101:[b07270f0-c5b1-4afe-99f3-aa5758d6ba5c|rpc:10.1.0.37:45647|priority:1, 2a15bd7e-7896-4db0-9e08-f7464bcd33ee|rpc:10.1.0.37:41995|priority:0, cf3a7bfa-0a59-4cf0-978b-44f71b96abbc|rpc:10.1.0.37:40183|priority:0] returns group-9C1E72ACA101:java.util.concurrent.CompletableFuture@60c5e28e[Not completed]
2022-02-24 16:55:48,427 [pool-341-thread-1] INFO  server.RaftServer$Division (RaftServerImpl.java:<init>(184)) - cf3a7bfa-0a59-4cf0-978b-44f71b96abbc: new RaftServerImpl for group-9C1E72ACA101:[b07270f0-c5b1-4afe-99f3-aa5758d6ba5c|rpc:10.1.0.37:45647|priority:1, 2a15bd7e-7896-4db0-9e08-f7464bcd33ee|rpc:10.1.0.37:41995|priority:0, cf3a7bfa-0a59-4cf0-978b-44f71b96abbc|rpc:10.1.0.37:40183|priority:0] with ContainerStateMachine:uninitialized
2022-02-24 16:55:48,427 [pool-341-thread-1] INFO  server.RaftServerConfigKeys (ConfUtils.java:logGet(44)) - raft.server.rpc.timeout.min = 5s (custom)
2022-02-24 16:55:48,428 [pool-341-thread-1] INFO  server.RaftServerConfigKeys (ConfUtils.java:logGet(44)) - raft.server.rpc.timeout.max = 5200ms (custom)
2022-02-24 16:55:48,428 [pool-341-thread-1] INFO  server.RaftServerConfigKeys (ConfUtils.java:logGet(44)) - raft.server.rpc.sleep.time = 25ms (default)
2022-02-24 16:55:48,428 [pool-341-thread-1] INFO  server.RaftServerConfigKeys (ConfUtils.java:logGet(44)) - raft.server.rpc.slowness.timeout = 300000ms (custom)
2022-02-24 16:55:48,428 [pool-341-thread-1] INFO  server.RaftServerConfigKeys (ConfUtils.java:logGet(44)) - raft.server.leaderelection.leader.step-down.wait-time = 10s (default)
2022-02-24 16:55:48,428 [pool-341-thread-1] INFO  server.RaftServerConfigKeys (ConfUtils.java:logGet(44)) - raft.server.sleep.deviation.threshold = 300ms (default)
2022-02-24 16:55:48,428 [pool-341-thread-1] INFO  server.RaftServerConfigKeys (ConfUtils.java:logGet(44)) - raft.server.log.appender.install.snapshot.enabled = false (custom)
2022-02-24 16:55:48,428 [pool-341-thread-1] INFO  server.RaftServer$Division (ServerState.java:<init>(105)) - cf3a7bfa-0a59-4cf0-978b-44f71b96abbc@group-9C1E72ACA101: ConfigurationManager, init=-1: [b07270f0-c5b1-4afe-99f3-aa5758d6ba5c|rpc:10.1.0.37:45647|priority:1, 2a15bd7e-7896-4db0-9e08-f7464bcd33ee|rpc:10.1.0.37:41995|priority:0, cf3a7bfa-0a59-4cf0-978b-44f71b96abbc|rpc:10.1.0.37:40183|priority:0], old=null, confs=<EMPTY_MAP>
2022-02-24 16:55:48,428 [pool-341-thread-1] INFO  server.RaftServerConfigKeys (ConfUtils.java:logGet(44)) - raft.server.storage.dir = [/home/runner/work/ozone/ozone/hadoop-ozone/integration-test/target/test-dir/MiniOzoneClusterImpl-a9e0dedd-d836-4895-9472-52c2256152d3/datanode-1/data/ratis] (custom)
2022-02-24 16:55:48,428 [pool-341-thread-1] INFO  server.RaftServerConfigKeys (ConfUtils.java:logGet(44)) - raft.server.log.corruption.policy = EXCEPTION (default)
2022-02-24 16:55:48,428 [pool-341-thread-1] INFO  server.RaftServerConfigKeys (ConfUtils.java:logGet(44)) - raft.server.storage.free-space.min = 0MB (=0) (default)
2022-02-24 16:55:48,428 [pool-341-thread-1] INFO  storage.RaftStorageDirectory (RaftStorageDirectoryImpl.java:analyzeStorage(135)) - The storage directory /home/runner/work/ozone/ozone/hadoop-ozone/integration-test/target/test-dir/MiniOzoneClusterImpl-a9e0dedd-d836-4895-9472-52c2256152d3/datanode-1/data/ratis/b23504de-3ed0-4c19-82f8-9c1e72aca101 does not exist. Creating ...
2022-02-24 16:55:48,429 [pool-341-thread-1] INFO  storage.RaftStorageDirectory (RaftStorageDirectoryImpl.java:tryLock(230)) - Lock on /home/runner/work/ozone/ozone/hadoop-ozone/integration-test/target/test-dir/MiniOzoneClusterImpl-a9e0dedd-d836-4895-9472-52c2256152d3/datanode-1/data/ratis/b23504de-3ed0-4c19-82f8-9c1e72aca101/in_use.lock acquired by nodename 3150@fv-az59-243
2022-02-24 16:55:48,431 [77c6fe3f-1b7a-40d0-9616-c5318e50343e@group-52C2256152D3-StateMachineUpdater] INFO  safemode.HealthyPipelineSafeModeRule (HealthyPipelineSafeModeRule.java:initializeRule(152)) - Refreshed total pipeline count is 0, healthy pipeline threshold count is 1
2022-02-24 16:55:48,432 [EventQueue-OpenPipelineForHealthyPipelineSafeModeRule] INFO  safemode.SCMSafeModeManager (HealthyPipelineSafeModeRule.java:process(124)) - SCM in safe mode. Healthy pipelines reported count is 0, required healthy pipeline reported count is 1
2022-02-24 16:55:48,436 [pool-341-thread-1] INFO  storage.RaftStorage (RaftStorageImpl.java:format(89)) - Storage directory /home/runner/work/ozone/ozone/hadoop-ozone/integration-test/target/test-dir/MiniOzoneClusterImpl-a9e0dedd-d836-4895-9472-52c2256152d3/datanode-1/data/ratis/b23504de-3ed0-4c19-82f8-9c1e72aca101 has been successfully formatted.
2022-02-24 16:55:48,436 [pool-341-thread-1] INFO  ratis.ContainerStateMachine (ContainerStateMachine.java:loadSnapshot(236)) - group-9C1E72ACA101: The snapshot info is null. Setting the last applied indexto:(t:0, i:~)
2022-02-24 16:55:48,437 [pool-341-thread-1] INFO  server.RaftServerConfigKeys (ConfUtils.java:logGet(44)) - raft.server.notification.no-leader.timeout = 300000ms (custom)
2022-02-24 16:55:48,437 [pool-341-thread-1] INFO  server.RaftServerConfigKeys (ConfUtils.java:logGet(44)) - raft.server.log.use.memory = false (default)
2022-02-24 16:55:48,437 [pool-341-thread-1] INFO  server.RaftServerConfigKeys (ConfUtils.java:logGet(44)) - raft.server.log.purge.gap = 1000000 (custom)
2022-02-24 16:55:48,437 [pool-341-thread-1] INFO  server.RaftServerConfigKeys (ConfUtils.java:logGet(44)) - raft.server.log.appender.buffer.byte-limit = 33554432 (custom)
2022-02-24 16:55:48,437 [pool-341-thread-1] INFO  server.RaftServerConfigKeys (ConfUtils.java:logGet(44)) - raft.server.log.segment.size.max = 1048576 (custom)
2022-02-24 16:55:48,437 [pool-341-thread-1] INFO  server.RaftServerConfigKeys (ConfUtils.java:logGet(44)) - raft.server.log.segment.cache.num.max = 2 (custom)
2022-02-24 16:55:48,437 [pool-341-thread-1] INFO  server.RaftServerConfigKeys (ConfUtils.java:logGet(44)) - raft.server.log.segment.cache.size.max = 200MB (=209715200) (default)
2022-02-24 16:55:48,437 [pool-341-thread-1] INFO  segmented.SegmentedRaftLogWorker (SegmentedRaftLogWorker.java:<init>(182)) - new cf3a7bfa-0a59-4cf0-978b-44f71b96abbc@group-9C1E72ACA101-SegmentedRaftLogWorker for RaftStorageImpl:Storage Directory /home/runner/work/ozone/ozone/hadoop-ozone/integration-test/target/test-dir/MiniOzoneClusterImpl-a9e0dedd-d836-4895-9472-52c2256152d3/datanode-1/data/ratis/b23504de-3ed0-4c19-82f8-9c1e72aca101
2022-02-24 16:55:48,437 [pool-341-thread-1] INFO  server.RaftServerConfigKeys (ConfUtils.java:logGet(44)) - raft.server.log.queue.byte-limit = 4294967296 (custom)
2022-02-24 16:55:48,437 [pool-341-thread-1] INFO  server.RaftServerConfigKeys (ConfUtils.java:logGet(44)) - raft.server.log.queue.element-limit = 1024 (custom)
2022-02-24 16:55:48,437 [pool-341-thread-1] INFO  server.RaftServerConfigKeys (ConfUtils.java:logGet(44)) - raft.server.log.segment.size.max = 1048576 (custom)
2022-02-24 16:55:48,437 [pool-341-thread-1] INFO  server.RaftServerConfigKeys (ConfUtils.java:logGet(44)) - raft.server.log.preallocated.size = 16384 (custom)
2022-02-24 16:55:48,438 [pool-341-thread-1] INFO  server.RaftServerConfigKeys (ConfUtils.java:logGet(44)) - raft.server.log.force.sync.num = 128 (default)
2022-02-24 16:55:48,438 [pool-341-thread-1] INFO  server.RaftServerConfigKeys (ConfUtils.java:logGet(44)) - raft.server.log.statemachine.data.sync = true (default)
2022-02-24 16:55:48,438 [pool-341-thread-1] INFO  server.RaftServerConfigKeys (ConfUtils.java:logGet(44)) - raft.server.log.statemachine.data.sync.timeout = 10s (default)
2022-02-24 16:55:48,438 [pool-341-thread-1] INFO  server.RaftServerConfigKeys (ConfUtils.java:logGet(44)) - raft.server.log.statemachine.data.sync.timeout.retry = -1 (default)
2022-02-24 16:55:48,438 [pool-341-thread-1] INFO  server.RaftServerConfigKeys (ConfUtils.java:logGet(44)) - raft.server.log.write.buffer.size = 1048576 (custom)
2022-02-24 16:55:48,444 [EventQueue-OpenPipelineForHealthyPipelineSafeModeRule] INFO  safemode.SCMSafeModeManager (HealthyPipelineSafeModeRule.java:process(124)) - SCM in safe mode. Healthy pipelines reported count is 0, required healthy pipeline reported count is 1
2022-02-24 16:55:48,446 [pool-341-thread-1] INFO  server.RaftServerConfigKeys (ConfUtils.java:logGet(44)) - raft.server.log.statemachine.data.caching.enabled = true (custom)
2022-02-24 16:55:48,447 [pool-341-thread-1] INFO  segmented.SegmentedRaftLogWorker (SegmentedRaftLogWorker.java:lambda$new$0(133)) - cf3a7bfa-0a59-4cf0-978b-44f71b96abbc@group-9C1E72ACA101-SegmentedRaftLogWorker: flushIndex: setUnconditionally 0 -> -1
2022-02-24 16:55:48,447 [pool-341-thread-1] INFO  segmented.SegmentedRaftLogWorker (SegmentedRaftLogWorker.java:lambda$new$0(133)) - cf3a7bfa-0a59-4cf0-978b-44f71b96abbc@group-9C1E72ACA101-SegmentedRaftLogWorker: safeCacheEvictIndex: setUnconditionally 0 -> -1
2022-02-24 16:55:48,467 [pool-341-thread-1] INFO  server.RaftServerConfigKeys (ConfUtils.java:logGet(44)) - raft.server.snapshot.auto.trigger.enabled = true (custom)
2022-02-24 16:55:48,467 [pool-341-thread-1] INFO  server.RaftServerConfigKeys (ConfUtils.java:logGet(44)) - raft.server.snapshot.auto.trigger.threshold = 10000 (custom)
2022-02-24 16:55:48,467 [pool-341-thread-1] INFO  server.RaftServerConfigKeys (ConfUtils.java:logGet(44)) - raft.server.snapshot.retention.file.num = 5 (custom)
2022-02-24 16:55:48,467 [pool-341-thread-1] INFO  server.RaftServerConfigKeys (ConfUtils.java:logGet(44)) - raft.server.log.purge.upto.snapshot.index = false (default)
2022-02-24 16:55:48,467 [pool-341-thread-1] INFO  server.RaftServerConfigKeys (ConfUtils.java:logGet(44)) - raft.server.retrycache.expirytime = 600000ms (custom)
2022-02-24 16:55:48,467 [pool-341-thread-1] INFO  server.RaftServerConfigKeys (ConfUtils.java:logGet(44)) - raft.server.retrycache.statistics.expirytime = 100μs (default)
2022-02-24 16:55:48,468 [pool-341-thread-1] INFO  server.RaftServer$Division (RaftServerImpl.java:start(301)) - cf3a7bfa-0a59-4cf0-978b-44f71b96abbc@group-9C1E72ACA101: start as a follower, conf=-1: [b07270f0-c5b1-4afe-99f3-aa5758d6ba5c|rpc:10.1.0.37:45647|priority:1, 2a15bd7e-7896-4db0-9e08-f7464bcd33ee|rpc:10.1.0.37:41995|priority:0, cf3a7bfa-0a59-4cf0-978b-44f71b96abbc|rpc:10.1.0.37:40183|priority:0], old=null
2022-02-24 16:55:48,468 [pool-341-thread-1] INFO  server.RaftServer$Division (RaftServerImpl.java:setRole(290)) - cf3a7bfa-0a59-4cf0-978b-44f71b96abbc@group-9C1E72ACA101: changes role from      null to FOLLOWER at term 0 for startAsFollower
2022-02-24 16:55:48,468 [pool-341-thread-1] INFO  impl.RoleInfo (RoleInfo.java:updateAndGet(130)) - cf3a7bfa-0a59-4cf0-978b-44f71b96abbc: start cf3a7bfa-0a59-4cf0-978b-44f71b96abbc@group-9C1E72ACA101-FollowerState
2022-02-24 16:55:48,471 [pool-341-thread-1] INFO  util.JmxRegister (JmxRegister.java:tryRegister(44)) - Successfully registered JMX Bean with object name Ratis:service=RaftServer,group=group-9C1E72ACA101,id=cf3a7bfa-0a59-4cf0-978b-44f71b96abbc
2022-02-24 16:55:48,503 [Command processor thread] INFO  ratis.XceiverServerRatis (XceiverServerRatis.java:addGroup(769)) - Created group PipelineID=b23504de-3ed0-4c19-82f8-9c1e72aca101
2022-02-24 16:55:48,508 [Command processor thread] INFO  commandhandler.CreatePipelineCommandHandler (CreatePipelineCommandHandler.java:handle(106)) - Created Pipeline RATIS THREE PipelineID=b23504de-3ed0-4c19-82f8-9c1e72aca101.
2022-02-24 16:55:48,509 [Command processor thread] INFO  server.RaftServer (RaftServerProxy.java:addNew(95)) - b07270f0-c5b1-4afe-99f3-aa5758d6ba5c: addNew group-29500492D057:[b07270f0-c5b1-4afe-99f3-aa5758d6ba5c|rpc:10.1.0.37:45647|priority:0, 2a15bd7e-7896-4db0-9e08-f7464bcd33ee|rpc:10.1.0.37:41995|priority:0, cf3a7bfa-0a59-4cf0-978b-44f71b96abbc|rpc:10.1.0.37:40183|priority:1] returns group-29500492D057:java.util.concurrent.CompletableFuture@3f05f93f[Not completed]
2022-02-24 16:55:48,510 [pool-320-thread-1] INFO  server.RaftServer$Division (RaftServerImpl.java:<init>(184)) - b07270f0-c5b1-4afe-99f3-aa5758d6ba5c: new RaftServerImpl for group-29500492D057:[b07270f0-c5b1-4afe-99f3-aa5758d6ba5c|rpc:10.1.0.37:45647|priority:0, 2a15bd7e-7896-4db0-9e08-f7464bcd33ee|rpc:10.1.0.37:41995|priority:0, cf3a7bfa-0a59-4cf0-978b-44f71b96abbc|rpc:10.1.0.37:40183|priority:1] with ContainerStateMachine:uninitialized
2022-02-24 16:55:48,510 [pool-320-thread-1] INFO  server.RaftServerConfigKeys (ConfUtils.java:logGet(44)) - raft.server.rpc.timeout.min = 5s (custom)
2022-02-24 16:55:48,510 [pool-320-thread-1] INFO  server.RaftServerConfigKeys (ConfUtils.java:logGet(44)) - raft.server.rpc.timeout.max = 5200ms (custom)
2022-02-24 16:55:48,510 [pool-320-thread-1] INFO  server.RaftServerConfigKeys (ConfUtils.java:logGet(44)) - raft.server.rpc.sleep.time = 25ms (default)
2022-02-24 16:55:48,510 [pool-320-thread-1] INFO  server.RaftServerConfigKeys (ConfUtils.java:logGet(44)) - raft.server.rpc.slowness.timeout = 300000ms (custom)
2022-02-24 16:55:48,510 [pool-320-thread-1] INFO  server.RaftServerConfigKeys (ConfUtils.java:logGet(44)) - raft.server.leaderelection.leader.step-down.wait-time = 10s (default)
2022-02-24 16:55:48,510 [pool-320-thread-1] INFO  server.RaftServerConfigKeys (ConfUtils.java:logGet(44)) - raft.server.sleep.deviation.threshold = 300ms (default)
2022-02-24 16:55:48,510 [pool-320-thread-1] INFO  server.RaftServerConfigKeys (ConfUtils.java:logGet(44)) - raft.server.log.appender.install.snapshot.enabled = false (custom)
2022-02-24 16:55:48,510 [pool-320-thread-1] INFO  server.RaftServer$Division (ServerState.java:<init>(105)) - b07270f0-c5b1-4afe-99f3-aa5758d6ba5c@group-29500492D057: ConfigurationManager, init=-1: [b07270f0-c5b1-4afe-99f3-aa5758d6ba5c|rpc:10.1.0.37:45647|priority:0, 2a15bd7e-7896-4db0-9e08-f7464bcd33ee|rpc:10.1.0.37:41995|priority:0, cf3a7bfa-0a59-4cf0-978b-44f71b96abbc|rpc:10.1.0.37:40183|priority:1], old=null, confs=<EMPTY_MAP>
2022-02-24 16:55:48,510 [pool-320-thread-1] INFO  server.RaftServerConfigKeys (ConfUtils.java:logGet(44)) - raft.server.storage.dir = [/home/runner/work/ozone/ozone/hadoop-ozone/integration-test/target/test-dir/MiniOzoneClusterImpl-a9e0dedd-d836-4895-9472-52c2256152d3/datanode-0/data/ratis] (custom)
2022-02-24 16:55:48,510 [pool-320-thread-1] INFO  server.RaftServerConfigKeys (ConfUtils.java:logGet(44)) - raft.server.log.corruption.policy = EXCEPTION (default)
2022-02-24 16:55:48,510 [pool-320-thread-1] INFO  server.RaftServerConfigKeys (ConfUtils.java:logGet(44)) - raft.server.storage.free-space.min = 0MB (=0) (default)
2022-02-24 16:55:48,511 [pool-320-thread-1] INFO  storage.RaftStorageDirectory (RaftStorageDirectoryImpl.java:analyzeStorage(135)) - The storage directory /home/runner/work/ozone/ozone/hadoop-ozone/integration-test/target/test-dir/MiniOzoneClusterImpl-a9e0dedd-d836-4895-9472-52c2256152d3/datanode-0/data/ratis/9f1d42e2-676d-4b4b-b843-29500492d057 does not exist. Creating ...
2022-02-24 16:55:48,513 [pool-320-thread-1] INFO  storage.RaftStorageDirectory (RaftStorageDirectoryImpl.java:tryLock(230)) - Lock on /home/runner/work/ozone/ozone/hadoop-ozone/integration-test/target/test-dir/MiniOzoneClusterImpl-a9e0dedd-d836-4895-9472-52c2256152d3/datanode-0/data/ratis/9f1d42e2-676d-4b4b-b843-29500492d057/in_use.lock acquired by nodename 3150@fv-az59-243
2022-02-24 16:55:48,514 [pool-320-thread-1] INFO  storage.RaftStorage (RaftStorageImpl.java:format(89)) - Storage directory /home/runner/work/ozone/ozone/hadoop-ozone/integration-test/target/test-dir/MiniOzoneClusterImpl-a9e0dedd-d836-4895-9472-52c2256152d3/datanode-0/data/ratis/9f1d42e2-676d-4b4b-b843-29500492d057 has been successfully formatted.
2022-02-24 16:55:48,515 [pool-320-thread-1] INFO  ratis.ContainerStateMachine (ContainerStateMachine.java:loadSnapshot(236)) - group-29500492D057: The snapshot info is null. Setting the last applied indexto:(t:0, i:~)
2022-02-24 16:55:48,515 [pool-320-thread-1] INFO  server.RaftServerConfigKeys (ConfUtils.java:logGet(44)) - raft.server.notification.no-leader.timeout = 300000ms (custom)
2022-02-24 16:55:48,515 [pool-320-thread-1] INFO  server.RaftServerConfigKeys (ConfUtils.java:logGet(44)) - raft.server.log.use.memory = false (default)
2022-02-24 16:55:48,516 [pool-320-thread-1] INFO  server.RaftServerConfigKeys (ConfUtils.java:logGet(44)) - raft.server.log.purge.gap = 1000000 (custom)
2022-02-24 16:55:48,516 [pool-320-thread-1] INFO  server.RaftServerConfigKeys (ConfUtils.java:logGet(44)) - raft.server.log.appender.buffer.byte-limit = 33554432 (custom)
2022-02-24 16:55:48,516 [pool-320-thread-1] INFO  server.RaftServerConfigKeys (ConfUtils.java:logGet(44)) - raft.server.log.segment.size.max = 1048576 (custom)
2022-02-24 16:55:48,516 [pool-320-thread-1] INFO  server.RaftServerConfigKeys (ConfUtils.java:logGet(44)) - raft.server.log.segment.cache.num.max = 2 (custom)
2022-02-24 16:55:48,516 [pool-320-thread-1] INFO  server.RaftServerConfigKeys (ConfUtils.java:logGet(44)) - raft.server.log.segment.cache.size.max = 200MB (=209715200) (default)
2022-02-24 16:55:48,516 [pool-320-thread-1] INFO  segmented.SegmentedRaftLogWorker (SegmentedRaftLogWorker.java:<init>(182)) - new b07270f0-c5b1-4afe-99f3-aa5758d6ba5c@group-29500492D057-SegmentedRaftLogWorker for RaftStorageImpl:Storage Directory /home/runner/work/ozone/ozone/hadoop-ozone/integration-test/target/test-dir/MiniOzoneClusterImpl-a9e0dedd-d836-4895-9472-52c2256152d3/datanode-0/data/ratis/9f1d42e2-676d-4b4b-b843-29500492d057
2022-02-24 16:55:48,516 [pool-320-thread-1] INFO  server.RaftServerConfigKeys (ConfUtils.java:logGet(44)) - raft.server.log.queue.byte-limit = 4294967296 (custom)
2022-02-24 16:55:48,517 [pool-320-thread-1] INFO  server.RaftServerConfigKeys (ConfUtils.java:logGet(44)) - raft.server.log.queue.element-limit = 1024 (custom)
2022-02-24 16:55:48,517 [pool-320-thread-1] INFO  server.RaftServerConfigKeys (ConfUtils.java:logGet(44)) - raft.server.log.segment.size.max = 1048576 (custom)
2022-02-24 16:55:48,517 [pool-320-thread-1] INFO  server.RaftServerConfigKeys (ConfUtils.java:logGet(44)) - raft.server.log.preallocated.size = 16384 (custom)
2022-02-24 16:55:48,517 [pool-320-thread-1] INFO  server.RaftServerConfigKeys (ConfUtils.java:logGet(44)) - raft.server.log.force.sync.num = 128 (default)
2022-02-24 16:55:48,517 [pool-320-thread-1] INFO  server.RaftServerConfigKeys (ConfUtils.java:logGet(44)) - raft.server.log.statemachine.data.sync = true (default)
2022-02-24 16:55:48,517 [pool-320-thread-1] INFO  server.RaftServerConfigKeys (ConfUtils.java:logGet(44)) - raft.server.log.statemachine.data.sync.timeout = 10s (default)
2022-02-24 16:55:48,517 [pool-320-thread-1] INFO  server.RaftServerConfigKeys (ConfUtils.java:logGet(44)) - raft.server.log.statemachine.data.sync.timeout.retry = -1 (default)
2022-02-24 16:55:48,518 [pool-320-thread-1] INFO  server.RaftServerConfigKeys (ConfUtils.java:logGet(44)) - raft.server.log.write.buffer.size = 1048576 (custom)
2022-02-24 16:55:48,519 [pool-320-thread-1] INFO  server.RaftServerConfigKeys (ConfUtils.java:logGet(44)) - raft.server.log.statemachine.data.caching.enabled = true (custom)
2022-02-24 16:55:48,519 [pool-320-thread-1] INFO  segmented.SegmentedRaftLogWorker (SegmentedRaftLogWorker.java:lambda$new$0(133)) - b07270f0-c5b1-4afe-99f3-aa5758d6ba5c@group-29500492D057-SegmentedRaftLogWorker: flushIndex: setUnconditionally 0 -> -1
2022-02-24 16:55:48,519 [pool-320-thread-1] INFO  segmented.SegmentedRaftLogWorker (SegmentedRaftLogWorker.java:lambda$new$0(133)) - b07270f0-c5b1-4afe-99f3-aa5758d6ba5c@group-29500492D057-SegmentedRaftLogWorker: safeCacheEvictIndex: setUnconditionally 0 -> -1
2022-02-24 16:55:48,519 [pool-320-thread-1] INFO  server.RaftServerConfigKeys (ConfUtils.java:logGet(44)) - raft.server.snapshot.auto.trigger.enabled = true (custom)
2022-02-24 16:55:48,519 [pool-320-thread-1] INFO  server.RaftServerConfigKeys (ConfUtils.java:logGet(44)) - raft.server.snapshot.auto.trigger.threshold = 10000 (custom)
2022-02-24 16:55:48,519 [pool-320-thread-1] INFO  server.RaftServerConfigKeys (ConfUtils.java:logGet(44)) - raft.server.snapshot.retention.file.num = 5 (custom)
2022-02-24 16:55:48,519 [pool-320-thread-1] INFO  server.RaftServerConfigKeys (ConfUtils.java:logGet(44)) - raft.server.log.purge.upto.snapshot.index = false (default)
2022-02-24 16:55:48,519 [pool-320-thread-1] INFO  server.RaftServerConfigKeys (ConfUtils.java:logGet(44)) - raft.server.retrycache.expirytime = 600000ms (custom)
2022-02-24 16:55:48,519 [pool-320-thread-1] INFO  server.RaftServerConfigKeys (ConfUtils.java:logGet(44)) - raft.server.retrycache.statistics.expirytime = 100μs (default)
2022-02-24 16:55:48,520 [pool-320-thread-1] INFO  server.RaftServer$Division (RaftServerImpl.java:start(301)) - b07270f0-c5b1-4afe-99f3-aa5758d6ba5c@group-29500492D057: start as a follower, conf=-1: [b07270f0-c5b1-4afe-99f3-aa5758d6ba5c|rpc:10.1.0.37:45647|priority:0, 2a15bd7e-7896-4db0-9e08-f7464bcd33ee|rpc:10.1.0.37:41995|priority:0, cf3a7bfa-0a59-4cf0-978b-44f71b96abbc|rpc:10.1.0.37:40183|priority:1], old=null
2022-02-24 16:55:48,520 [pool-320-thread-1] INFO  server.RaftServer$Division (RaftServerImpl.java:setRole(290)) - b07270f0-c5b1-4afe-99f3-aa5758d6ba5c@group-29500492D057: changes role from      null to FOLLOWER at term 0 for startAsFollower
2022-02-24 16:55:48,521 [pool-320-thread-1] INFO  impl.RoleInfo (RoleInfo.java:updateAndGet(130)) - b07270f0-c5b1-4afe-99f3-aa5758d6ba5c: start b07270f0-c5b1-4afe-99f3-aa5758d6ba5c@group-29500492D057-FollowerState
2022-02-24 16:55:48,521 [pool-320-thread-1] INFO  util.JmxRegister (JmxRegister.java:tryRegister(44)) - Successfully registered JMX Bean with object name Ratis:service=RaftServer,group=group-29500492D057,id=b07270f0-c5b1-4afe-99f3-aa5758d6ba5c
2022-02-24 16:55:48,522 [Command processor thread] INFO  ratis.XceiverServerRatis (XceiverServerRatis.java:addGroup(769)) - Created group PipelineID=9f1d42e2-676d-4b4b-b843-29500492d057
2022-02-24 16:55:48,527 [grpc-default-executor-4] INFO  server.RaftServer (RaftServerProxy.java:addNew(95)) - 2a15bd7e-7896-4db0-9e08-f7464bcd33ee: addNew group-29500492D057:[b07270f0-c5b1-4afe-99f3-aa5758d6ba5c|rpc:10.1.0.37:45647|dataStream:|priority:0, 2a15bd7e-7896-4db0-9e08-f7464bcd33ee|rpc:10.1.0.37:41995|dataStream:|priority:0, cf3a7bfa-0a59-4cf0-978b-44f71b96abbc|rpc:10.1.0.37:40183|dataStream:|priority:1] returns group-29500492D057:java.util.concurrent.CompletableFuture@45aac1d7[Not completed]
2022-02-24 16:55:48,528 [pool-362-thread-1] INFO  server.RaftServer$Division (RaftServerImpl.java:<init>(184)) - 2a15bd7e-7896-4db0-9e08-f7464bcd33ee: new RaftServerImpl for group-29500492D057:[b07270f0-c5b1-4afe-99f3-aa5758d6ba5c|rpc:10.1.0.37:45647|dataStream:|priority:0, 2a15bd7e-7896-4db0-9e08-f7464bcd33ee|rpc:10.1.0.37:41995|dataStream:|priority:0, cf3a7bfa-0a59-4cf0-978b-44f71b96abbc|rpc:10.1.0.37:40183|dataStream:|priority:1] with ContainerStateMachine:uninitialized
2022-02-24 16:55:48,528 [pool-362-thread-1] INFO  server.RaftServerConfigKeys (ConfUtils.java:logGet(44)) - raft.server.rpc.timeout.min = 5s (custom)
2022-02-24 16:55:48,528 [pool-362-thread-1] INFO  server.RaftServerConfigKeys (ConfUtils.java:logGet(44)) - raft.server.rpc.timeout.max = 5200ms (custom)
2022-02-24 16:55:48,528 [pool-362-thread-1] INFO  server.RaftServerConfigKeys (ConfUtils.java:logGet(44)) - raft.server.rpc.sleep.time = 25ms (default)
2022-02-24 16:55:48,528 [pool-362-thread-1] INFO  server.RaftServerConfigKeys (ConfUtils.java:logGet(44)) - raft.server.rpc.slowness.timeout = 300000ms (custom)
2022-02-24 16:55:48,528 [pool-362-thread-1] INFO  server.RaftServerConfigKeys (ConfUtils.java:logGet(44)) - raft.server.leaderelection.leader.step-down.wait-time = 10s (default)
2022-02-24 16:55:48,528 [pool-362-thread-1] INFO  server.RaftServerConfigKeys (ConfUtils.java:logGet(44)) - raft.server.sleep.deviation.threshold = 300ms (default)
2022-02-24 16:55:48,529 [pool-362-thread-1] INFO  server.RaftServerConfigKeys (ConfUtils.java:logGet(44)) - raft.server.log.appender.install.snapshot.enabled = false (custom)
2022-02-24 16:55:48,529 [pool-362-thread-1] INFO  server.RaftServer$Division (ServerState.java:<init>(105)) - 2a15bd7e-7896-4db0-9e08-f7464bcd33ee@group-29500492D057: ConfigurationManager, init=-1: [b07270f0-c5b1-4afe-99f3-aa5758d6ba5c|rpc:10.1.0.37:45647|dataStream:|priority:0, 2a15bd7e-7896-4db0-9e08-f7464bcd33ee|rpc:10.1.0.37:41995|dataStream:|priority:0, cf3a7bfa-0a59-4cf0-978b-44f71b96abbc|rpc:10.1.0.37:40183|dataStream:|priority:1], old=null, confs=<EMPTY_MAP>
2022-02-24 16:55:48,529 [pool-362-thread-1] INFO  server.RaftServerConfigKeys (ConfUtils.java:logGet(44)) - raft.server.storage.dir = [/home/runner/work/ozone/ozone/hadoop-ozone/integration-test/target/test-dir/MiniOzoneClusterImpl-a9e0dedd-d836-4895-9472-52c2256152d3/datanode-2/data/ratis] (custom)
2022-02-24 16:55:48,529 [pool-362-thread-1] INFO  server.RaftServerConfigKeys (ConfUtils.java:logGet(44)) - raft.server.log.corruption.policy = EXCEPTION (default)
2022-02-24 16:55:48,529 [pool-362-thread-1] INFO  server.RaftServerConfigKeys (ConfUtils.java:logGet(44)) - raft.server.storage.free-space.min = 0MB (=0) (default)
2022-02-24 16:55:48,529 [pool-362-thread-1] INFO  storage.RaftStorageDirectory (RaftStorageDirectoryImpl.java:analyzeStorage(135)) - The storage directory /home/runner/work/ozone/ozone/hadoop-ozone/integration-test/target/test-dir/MiniOzoneClusterImpl-a9e0dedd-d836-4895-9472-52c2256152d3/datanode-2/data/ratis/9f1d42e2-676d-4b4b-b843-29500492d057 does not exist. Creating ...
2022-02-24 16:55:48,530 [pool-362-thread-1] INFO  storage.RaftStorageDirectory (RaftStorageDirectoryImpl.java:tryLock(230)) - Lock on /home/runner/work/ozone/ozone/hadoop-ozone/integration-test/target/test-dir/MiniOzoneClusterImpl-a9e0dedd-d836-4895-9472-52c2256152d3/datanode-2/data/ratis/9f1d42e2-676d-4b4b-b843-29500492d057/in_use.lock acquired by nodename 3150@fv-az59-243
2022-02-24 16:55:48,541 [EventQueue-OpenPipelineForHealthyPipelineSafeModeRule] INFO  safemode.SCMSafeModeManager (HealthyPipelineSafeModeRule.java:process(124)) - SCM in safe mode. Healthy pipelines reported count is 0, required healthy pipeline reported count is 1
2022-02-24 16:55:48,590 [pool-362-thread-1] INFO  storage.RaftStorage (RaftStorageImpl.java:format(89)) - Storage directory /home/runner/work/ozone/ozone/hadoop-ozone/integration-test/target/test-dir/MiniOzoneClusterImpl-a9e0dedd-d836-4895-9472-52c2256152d3/datanode-2/data/ratis/9f1d42e2-676d-4b4b-b843-29500492d057 has been successfully formatted.
2022-02-24 16:55:48,591 [pool-362-thread-1] INFO  ratis.ContainerStateMachine (ContainerStateMachine.java:loadSnapshot(236)) - group-29500492D057: The snapshot info is null. Setting the last applied indexto:(t:0, i:~)
2022-02-24 16:55:48,591 [pool-362-thread-1] INFO  server.RaftServerConfigKeys (ConfUtils.java:logGet(44)) - raft.server.notification.no-leader.timeout = 300000ms (custom)
2022-02-24 16:55:48,591 [pool-362-thread-1] INFO  server.RaftServerConfigKeys (ConfUtils.java:logGet(44)) - raft.server.log.use.memory = false (default)
2022-02-24 16:55:48,591 [pool-362-thread-1] INFO  server.RaftServerConfigKeys (ConfUtils.java:logGet(44)) - raft.server.log.purge.gap = 1000000 (custom)
2022-02-24 16:55:48,591 [pool-362-thread-1] INFO  server.RaftServerConfigKeys (ConfUtils.java:logGet(44)) - raft.server.log.appender.buffer.byte-limit = 33554432 (custom)
2022-02-24 16:55:48,591 [pool-362-thread-1] INFO  server.RaftServerConfigKeys (ConfUtils.java:logGet(44)) - raft.server.log.segment.size.max = 1048576 (custom)
2022-02-24 16:55:48,592 [pool-362-thread-1] INFO  server.RaftServerConfigKeys (ConfUtils.java:logGet(44)) - raft.server.log.segment.cache.num.max = 2 (custom)
2022-02-24 16:55:48,592 [pool-362-thread-1] INFO  server.RaftServerConfigKeys (ConfUtils.java:logGet(44)) - raft.server.log.segment.cache.size.max = 200MB (=209715200) (default)
2022-02-24 16:55:48,592 [pool-362-thread-1] INFO  segmented.SegmentedRaftLogWorker (SegmentedRaftLogWorker.java:<init>(182)) - new 2a15bd7e-7896-4db0-9e08-f7464bcd33ee@group-29500492D057-SegmentedRaftLogWorker for RaftStorageImpl:Storage Directory /home/runner/work/ozone/ozone/hadoop-ozone/integration-test/target/test-dir/MiniOzoneClusterImpl-a9e0dedd-d836-4895-9472-52c2256152d3/datanode-2/data/ratis/9f1d42e2-676d-4b4b-b843-29500492d057
2022-02-24 16:55:48,592 [pool-362-thread-1] INFO  server.RaftServerConfigKeys (ConfUtils.java:logGet(44)) - raft.server.log.queue.byte-limit = 4294967296 (custom)
2022-02-24 16:55:48,592 [pool-362-thread-1] INFO  server.RaftServerConfigKeys (ConfUtils.java:logGet(44)) - raft.server.log.queue.element-limit = 1024 (custom)
2022-02-24 16:55:48,592 [pool-362-thread-1] INFO  server.RaftServerConfigKeys (ConfUtils.java:logGet(44)) - raft.server.log.segment.size.max = 1048576 (custom)
2022-02-24 16:55:48,592 [pool-362-thread-1] INFO  server.RaftServerConfigKeys (ConfUtils.java:logGet(44)) - raft.server.log.preallocated.size = 16384 (custom)
2022-02-24 16:55:48,592 [pool-362-thread-1] INFO  server.RaftServerConfigKeys (ConfUtils.java:logGet(44)) - raft.server.log.force.sync.num = 128 (default)
2022-02-24 16:55:48,592 [pool-362-thread-1] INFO  server.RaftServerConfigKeys (ConfUtils.java:logGet(44)) - raft.server.log.statemachine.data.sync = true (default)
2022-02-24 16:55:48,592 [pool-362-thread-1] INFO  server.RaftServerConfigKeys (ConfUtils.java:logGet(44)) - raft.server.log.statemachine.data.sync.timeout = 10s (default)
2022-02-24 16:55:48,592 [pool-362-thread-1] INFO  server.RaftServerConfigKeys (ConfUtils.java:logGet(44)) - raft.server.log.statemachine.data.sync.timeout.retry = -1 (default)
2022-02-24 16:55:48,599 [pool-362-thread-1] INFO  server.RaftServerConfigKeys (ConfUtils.java:logGet(44)) - raft.server.log.write.buffer.size = 1048576 (custom)
2022-02-24 16:55:48,599 [pool-362-thread-1] INFO  server.RaftServerConfigKeys (ConfUtils.java:logGet(44)) - raft.server.log.statemachine.data.caching.enabled = true (custom)
2022-02-24 16:55:48,600 [pool-362-thread-1] INFO  segmented.SegmentedRaftLogWorker (SegmentedRaftLogWorker.java:lambda$new$0(133)) - 2a15bd7e-7896-4db0-9e08-f7464bcd33ee@group-29500492D057-SegmentedRaftLogWorker: flushIndex: setUnconditionally 0 -> -1
2022-02-24 16:55:48,600 [pool-362-thread-1] INFO  segmented.SegmentedRaftLogWorker (SegmentedRaftLogWorker.java:lambda$new$0(133)) - 2a15bd7e-7896-4db0-9e08-f7464bcd33ee@group-29500492D057-SegmentedRaftLogWorker: safeCacheEvictIndex: setUnconditionally 0 -> -1
2022-02-24 16:55:48,604 [pool-362-thread-1] INFO  server.RaftServerConfigKeys (ConfUtils.java:logGet(44)) - raft.server.snapshot.auto.trigger.enabled = true (custom)
2022-02-24 16:55:48,604 [pool-362-thread-1] INFO  server.RaftServerConfigKeys (ConfUtils.java:logGet(44)) - raft.server.snapshot.auto.trigger.threshold = 10000 (custom)
2022-02-24 16:55:48,604 [pool-362-thread-1] INFO  server.RaftServerConfigKeys (ConfUtils.java:logGet(44)) - raft.server.snapshot.retention.file.num = 5 (custom)
2022-02-24 16:55:48,604 [pool-362-thread-1] INFO  server.RaftServerConfigKeys (ConfUtils.java:logGet(44)) - raft.server.log.purge.upto.snapshot.index = false (default)
2022-02-24 16:55:48,604 [pool-362-thread-1] INFO  server.RaftServerConfigKeys (ConfUtils.java:logGet(44)) - raft.server.retrycache.expirytime = 600000ms (custom)
2022-02-24 16:55:48,604 [pool-362-thread-1] INFO  server.RaftServerConfigKeys (ConfUtils.java:logGet(44)) - raft.server.retrycache.statistics.expirytime = 100μs (default)
2022-02-24 16:55:48,605 [pool-362-thread-1] INFO  server.RaftServer$Division (RaftServerImpl.java:start(301)) - 2a15bd7e-7896-4db0-9e08-f7464bcd33ee@group-29500492D057: start as a follower, conf=-1: [b07270f0-c5b1-4afe-99f3-aa5758d6ba5c|rpc:10.1.0.37:45647|dataStream:|priority:0, 2a15bd7e-7896-4db0-9e08-f7464bcd33ee|rpc:10.1.0.37:41995|dataStream:|priority:0, cf3a7bfa-0a59-4cf0-978b-44f71b96abbc|rpc:10.1.0.37:40183|dataStream:|priority:1], old=null
2022-02-24 16:55:48,605 [pool-362-thread-1] INFO  server.RaftServer$Division (RaftServerImpl.java:setRole(290)) - 2a15bd7e-7896-4db0-9e08-f7464bcd33ee@group-29500492D057: changes role from      null to FOLLOWER at term 0 for startAsFollower
2022-02-24 16:55:48,605 [pool-362-thread-1] INFO  impl.RoleInfo (RoleInfo.java:updateAndGet(130)) - 2a15bd7e-7896-4db0-9e08-f7464bcd33ee: start 2a15bd7e-7896-4db0-9e08-f7464bcd33ee@group-29500492D057-FollowerState
2022-02-24 16:55:48,623 [pool-362-thread-1] INFO  util.JmxRegister (JmxRegister.java:tryRegister(44)) - Successfully registered JMX Bean with object name Ratis:service=RaftServer,group=group-29500492D057,id=2a15bd7e-7896-4db0-9e08-f7464bcd33ee
2022-02-24 16:55:48,675 [grpc-default-executor-3] INFO  server.RaftServer (RaftServerProxy.java:addNew(95)) - cf3a7bfa-0a59-4cf0-978b-44f71b96abbc: addNew group-29500492D057:[b07270f0-c5b1-4afe-99f3-aa5758d6ba5c|rpc:10.1.0.37:45647|dataStream:|priority:0, 2a15bd7e-7896-4db0-9e08-f7464bcd33ee|rpc:10.1.0.37:41995|dataStream:|priority:0, cf3a7bfa-0a59-4cf0-978b-44f71b96abbc|rpc:10.1.0.37:40183|dataStream:|priority:1] returns group-29500492D057:java.util.concurrent.CompletableFuture@1fb1a586[Not completed]
2022-02-24 16:55:48,679 [pool-341-thread-1] INFO  server.RaftServer$Division (RaftServerImpl.java:<init>(184)) - cf3a7bfa-0a59-4cf0-978b-44f71b96abbc: new RaftServerImpl for group-29500492D057:[b07270f0-c5b1-4afe-99f3-aa5758d6ba5c|rpc:10.1.0.37:45647|dataStream:|priority:0, 2a15bd7e-7896-4db0-9e08-f7464bcd33ee|rpc:10.1.0.37:41995|dataStream:|priority:0, cf3a7bfa-0a59-4cf0-978b-44f71b96abbc|rpc:10.1.0.37:40183|dataStream:|priority:1] with ContainerStateMachine:uninitialized
2022-02-24 16:55:48,679 [pool-341-thread-1] INFO  server.RaftServerConfigKeys (ConfUtils.java:logGet(44)) - raft.server.rpc.timeout.min = 5s (custom)
2022-02-24 16:55:48,680 [pool-341-thread-1] INFO  server.RaftServerConfigKeys (ConfUtils.java:logGet(44)) - raft.server.rpc.timeout.max = 5200ms (custom)
2022-02-24 16:55:48,680 [pool-341-thread-1] INFO  server.RaftServerConfigKeys (ConfUtils.java:logGet(44)) - raft.server.rpc.sleep.time = 25ms (default)
2022-02-24 16:55:48,680 [pool-341-thread-1] INFO  server.RaftServerConfigKeys (ConfUtils.java:logGet(44)) - raft.server.rpc.slowness.timeout = 300000ms (custom)
2022-02-24 16:55:48,680 [pool-341-thread-1] INFO  server.RaftServerConfigKeys (ConfUtils.java:logGet(44)) - raft.server.leaderelection.leader.step-down.wait-time = 10s (default)
2022-02-24 16:55:48,680 [pool-341-thread-1] INFO  server.RaftServerConfigKeys (ConfUtils.java:logGet(44)) - raft.server.sleep.deviation.threshold = 300ms (default)
2022-02-24 16:55:48,680 [pool-341-thread-1] INFO  server.RaftServerConfigKeys (ConfUtils.java:logGet(44)) - raft.server.log.appender.install.snapshot.enabled = false (custom)
2022-02-24 16:55:48,680 [pool-341-thread-1] INFO  server.RaftServer$Division (ServerState.java:<init>(105)) - cf3a7bfa-0a59-4cf0-978b-44f71b96abbc@group-29500492D057: ConfigurationManager, init=-1: [b07270f0-c5b1-4afe-99f3-aa5758d6ba5c|rpc:10.1.0.37:45647|dataStream:|priority:0, 2a15bd7e-7896-4db0-9e08-f7464bcd33ee|rpc:10.1.0.37:41995|dataStream:|priority:0, cf3a7bfa-0a59-4cf0-978b-44f71b96abbc|rpc:10.1.0.37:40183|dataStream:|priority:1], old=null, confs=<EMPTY_MAP>
2022-02-24 16:55:48,680 [pool-341-thread-1] INFO  server.RaftServerConfigKeys (ConfUtils.java:logGet(44)) - raft.server.storage.dir = [/home/runner/work/ozone/ozone/hadoop-ozone/integration-test/target/test-dir/MiniOzoneClusterImpl-a9e0dedd-d836-4895-9472-52c2256152d3/datanode-1/data/ratis] (custom)
2022-02-24 16:55:48,680 [pool-341-thread-1] INFO  server.RaftServerConfigKeys (ConfUtils.java:logGet(44)) - raft.server.log.corruption.policy = EXCEPTION (default)
2022-02-24 16:55:48,680 [pool-341-thread-1] INFO  server.RaftServerConfigKeys (ConfUtils.java:logGet(44)) - raft.server.storage.free-space.min = 0MB (=0) (default)
2022-02-24 16:55:48,680 [pool-341-thread-1] INFO  storage.RaftStorageDirectory (RaftStorageDirectoryImpl.java:analyzeStorage(135)) - The storage directory /home/runner/work/ozone/ozone/hadoop-ozone/integration-test/target/test-dir/MiniOzoneClusterImpl-a9e0dedd-d836-4895-9472-52c2256152d3/datanode-1/data/ratis/9f1d42e2-676d-4b4b-b843-29500492d057 does not exist. Creating ...
2022-02-24 16:55:48,682 [pool-341-thread-1] INFO  storage.RaftStorageDirectory (RaftStorageDirectoryImpl.java:tryLock(230)) - Lock on /home/runner/work/ozone/ozone/hadoop-ozone/integration-test/target/test-dir/MiniOzoneClusterImpl-a9e0dedd-d836-4895-9472-52c2256152d3/datanode-1/data/ratis/9f1d42e2-676d-4b4b-b843-29500492d057/in_use.lock acquired by nodename 3150@fv-az59-243
2022-02-24 16:55:48,693 [pool-341-thread-1] INFO  storage.RaftStorage (RaftStorageImpl.java:format(89)) - Storage directory /home/runner/work/ozone/ozone/hadoop-ozone/integration-test/target/test-dir/MiniOzoneClusterImpl-a9e0dedd-d836-4895-9472-52c2256152d3/datanode-1/data/ratis/9f1d42e2-676d-4b4b-b843-29500492d057 has been successfully formatted.
2022-02-24 16:55:48,695 [EventQueue-OpenPipelineForHealthyPipelineSafeModeRule] INFO  safemode.SCMSafeModeManager (HealthyPipelineSafeModeRule.java:process(124)) - SCM in safe mode. Healthy pipelines reported count is 0, required healthy pipeline reported count is 1
2022-02-24 16:55:48,695 [pool-341-thread-1] INFO  ratis.ContainerStateMachine (ContainerStateMachine.java:loadSnapshot(236)) - group-29500492D057: The snapshot info is null. Setting the last applied indexto:(t:0, i:~)
2022-02-24 16:55:48,695 [pool-341-thread-1] INFO  server.RaftServerConfigKeys (ConfUtils.java:logGet(44)) - raft.server.notification.no-leader.timeout = 300000ms (custom)
2022-02-24 16:55:48,695 [pool-341-thread-1] INFO  server.RaftServerConfigKeys (ConfUtils.java:logGet(44)) - raft.server.log.use.memory = false (default)
2022-02-24 16:55:48,696 [pool-341-thread-1] INFO  server.RaftServerConfigKeys (ConfUtils.java:logGet(44)) - raft.server.log.purge.gap = 1000000 (custom)
2022-02-24 16:55:48,696 [pool-341-thread-1] INFO  server.RaftServerConfigKeys (ConfUtils.java:logGet(44)) - raft.server.log.appender.buffer.byte-limit = 33554432 (custom)
2022-02-24 16:55:48,696 [pool-341-thread-1] INFO  server.RaftServerConfigKeys (ConfUtils.java:logGet(44)) - raft.server.log.segment.size.max = 1048576 (custom)
2022-02-24 16:55:48,696 [pool-341-thread-1] INFO  server.RaftServerConfigKeys (ConfUtils.java:logGet(44)) - raft.server.log.segment.cache.num.max = 2 (custom)
2022-02-24 16:55:48,696 [pool-341-thread-1] INFO  server.RaftServerConfigKeys (ConfUtils.java:logGet(44)) - raft.server.log.segment.cache.size.max = 200MB (=209715200) (default)
2022-02-24 16:55:48,696 [pool-341-thread-1] INFO  segmented.SegmentedRaftLogWorker (SegmentedRaftLogWorker.java:<init>(182)) - new cf3a7bfa-0a59-4cf0-978b-44f71b96abbc@group-29500492D057-SegmentedRaftLogWorker for RaftStorageImpl:Storage Directory /home/runner/work/ozone/ozone/hadoop-ozone/integration-test/target/test-dir/MiniOzoneClusterImpl-a9e0dedd-d836-4895-9472-52c2256152d3/datanode-1/data/ratis/9f1d42e2-676d-4b4b-b843-29500492d057
2022-02-24 16:55:48,696 [pool-341-thread-1] INFO  server.RaftServerConfigKeys (ConfUtils.java:logGet(44)) - raft.server.log.queue.byte-limit = 4294967296 (custom)
2022-02-24 16:55:48,696 [pool-341-thread-1] INFO  server.RaftServerConfigKeys (ConfUtils.java:logGet(44)) - raft.server.log.queue.element-limit = 1024 (custom)
2022-02-24 16:55:48,696 [pool-341-thread-1] INFO  server.RaftServerConfigKeys (ConfUtils.java:logGet(44)) - raft.server.log.segment.size.max = 1048576 (custom)
2022-02-24 16:55:48,696 [pool-341-thread-1] INFO  server.RaftServerConfigKeys (ConfUtils.java:logGet(44)) - raft.server.log.preallocated.size = 16384 (custom)
2022-02-24 16:55:48,696 [pool-341-thread-1] INFO  server.RaftServerConfigKeys (ConfUtils.java:logGet(44)) - raft.server.log.force.sync.num = 128 (default)
2022-02-24 16:55:48,696 [pool-341-thread-1] INFO  server.RaftServerConfigKeys (ConfUtils.java:logGet(44)) - raft.server.log.statemachine.data.sync = true (default)
2022-02-24 16:55:48,697 [pool-341-thread-1] INFO  server.RaftServerConfigKeys (ConfUtils.java:logGet(44)) - raft.server.log.statemachine.data.sync.timeout = 10s (default)
2022-02-24 16:55:48,697 [pool-341-thread-1] INFO  server.RaftServerConfigKeys (ConfUtils.java:logGet(44)) - raft.server.log.statemachine.data.sync.timeout.retry = -1 (default)
2022-02-24 16:55:48,697 [pool-341-thread-1] INFO  server.RaftServerConfigKeys (ConfUtils.java:logGet(44)) - raft.server.log.write.buffer.size = 1048576 (custom)
2022-02-24 16:55:48,698 [pool-341-thread-1] INFO  server.RaftServerConfigKeys (ConfUtils.java:logGet(44)) - raft.server.log.statemachine.data.caching.enabled = true (custom)
2022-02-24 16:55:48,698 [pool-341-thread-1] INFO  segmented.SegmentedRaftLogWorker (SegmentedRaftLogWorker.java:lambda$new$0(133)) - cf3a7bfa-0a59-4cf0-978b-44f71b96abbc@group-29500492D057-SegmentedRaftLogWorker: flushIndex: setUnconditionally 0 -> -1
2022-02-24 16:55:48,698 [pool-341-thread-1] INFO  segmented.SegmentedRaftLogWorker (SegmentedRaftLogWorker.java:lambda$new$0(133)) - cf3a7bfa-0a59-4cf0-978b-44f71b96abbc@group-29500492D057-SegmentedRaftLogWorker: safeCacheEvictIndex: setUnconditionally 0 -> -1
2022-02-24 16:55:48,712 [pool-341-thread-1] INFO  server.RaftServerConfigKeys (ConfUtils.java:logGet(44)) - raft.server.snapshot.auto.trigger.enabled = true (custom)
2022-02-24 16:55:48,712 [pool-341-thread-1] INFO  server.RaftServerConfigKeys (ConfUtils.java:logGet(44)) - raft.server.snapshot.auto.trigger.threshold = 10000 (custom)
2022-02-24 16:55:48,712 [pool-341-thread-1] INFO  server.RaftServerConfigKeys (ConfUtils.java:logGet(44)) - raft.server.snapshot.retention.file.num = 5 (custom)
2022-02-24 16:55:48,712 [pool-341-thread-1] INFO  server.RaftServerConfigKeys (ConfUtils.java:logGet(44)) - raft.server.log.purge.upto.snapshot.index = false (default)
2022-02-24 16:55:48,712 [pool-341-thread-1] INFO  server.RaftServerConfigKeys (ConfUtils.java:logGet(44)) - raft.server.retrycache.expirytime = 600000ms (custom)
2022-02-24 16:55:48,712 [pool-341-thread-1] INFO  server.RaftServerConfigKeys (ConfUtils.java:logGet(44)) - raft.server.retrycache.statistics.expirytime = 100μs (default)
2022-02-24 16:55:48,713 [pool-341-thread-1] INFO  server.RaftServer$Division (RaftServerImpl.java:start(301)) - cf3a7bfa-0a59-4cf0-978b-44f71b96abbc@group-29500492D057: start as a follower, conf=-1: [b07270f0-c5b1-4afe-99f3-aa5758d6ba5c|rpc:10.1.0.37:45647|dataStream:|priority:0, 2a15bd7e-7896-4db0-9e08-f7464bcd33ee|rpc:10.1.0.37:41995|dataStream:|priority:0, cf3a7bfa-0a59-4cf0-978b-44f71b96abbc|rpc:10.1.0.37:40183|dataStream:|priority:1], old=null
2022-02-24 16:55:48,713 [pool-341-thread-1] INFO  server.RaftServer$Division (RaftServerImpl.java:setRole(290)) - cf3a7bfa-0a59-4cf0-978b-44f71b96abbc@group-29500492D057: changes role from      null to FOLLOWER at term 0 for startAsFollower
2022-02-24 16:55:48,713 [pool-341-thread-1] INFO  impl.RoleInfo (RoleInfo.java:updateAndGet(130)) - cf3a7bfa-0a59-4cf0-978b-44f71b96abbc: start cf3a7bfa-0a59-4cf0-978b-44f71b96abbc@group-29500492D057-FollowerState
2022-02-24 16:55:48,723 [pool-341-thread-1] INFO  util.JmxRegister (JmxRegister.java:tryRegister(44)) - Successfully registered JMX Bean with object name Ratis:service=RaftServer,group=group-29500492D057,id=cf3a7bfa-0a59-4cf0-978b-44f71b96abbc
2022-02-24 16:55:48,748 [Command processor thread] INFO  commandhandler.CreatePipelineCommandHandler (CreatePipelineCommandHandler.java:handle(106)) - Created Pipeline RATIS THREE PipelineID=9f1d42e2-676d-4b4b-b843-29500492d057.
2022-02-24 16:55:48,758 [Command processor thread] INFO  commandhandler.CreatePipelineCommandHandler (CreatePipelineCommandHandler.java:handle(106)) - Created Pipeline RATIS THREE PipelineID=b23504de-3ed0-4c19-82f8-9c1e72aca101.
2022-02-24 16:55:48,776 [Listener at 127.0.0.1/44987] INFO  ozone.MiniOzoneClusterImpl (MiniOzoneClusterImpl.java:lambda$waitForClusterToBeReady$0(219)) - Waiting for nodes to be ready. Got 6 of 7 DN Heartbeats.
2022-02-24 16:55:48,776 [Listener at 127.0.0.1/44987] INFO  ozone.MiniOzoneClusterImpl (MiniOzoneClusterImpl.java:lambda$waitForClusterToBeReady$0(222)) - Waiting for cluster to exit safe mode
2022-02-24 16:55:48,776 [Listener at 127.0.0.1/44987] INFO  ozone.MiniOzoneClusterImpl (MiniOzoneClusterImpl.java:lambda$waitForClusterToBeReady$0(224)) - SCM became leader
2022-02-24 16:55:48,841 [IPC Server handler 0 on default port 33111] INFO  net.NetworkTopologyImpl (NetworkTopologyImpl.java:add(112)) - Added a new node: /default-rack/6b991a1f-9e77-4b13-a483-fcde5672bd4a
2022-02-24 16:55:48,841 [IPC Server handler 0 on default port 33111] INFO  node.SCMNodeManager (SCMNodeManager.java:register(389)) - Registered Data node : 6b991a1f-9e77-4b13-a483-fcde5672bd4a{ip: 10.1.0.37, host: fv-az59-243.csjynl4pkq3e1pkirw3ssqjfoh.cx.internal.cloudapp.net, ports: [REPLICATION=34893, RATIS=38289, RATIS_ADMIN=38289, RATIS_SERVER=38289, STANDALONE=42165], networkLocation: /default-rack, certSerialId: null, persistedOpState: null, persistedOpStateExpiryEpochSec: 0}
2022-02-24 16:55:48,842 [EventQueue-NewNodeForNewNodeHandler] INFO  pipeline.BackgroundPipelineCreator (BackgroundPipelineCreator.java:notifyEventTriggered(285)) - trigger a one-shot run on RatisPipelineUtilsThread.
2022-02-24 16:55:48,842 [RatisPipelineUtilsThread - 0] INFO  pipeline.RatisPipelineProvider (RatisPipelineProvider.java:lambda$create$0(183)) - Sending CreatePipelineCommand for pipeline:PipelineID=f649cc5f-229f-452a-a086-c3d2367b31b3 to datanode:6b991a1f-9e77-4b13-a483-fcde5672bd4a
2022-02-24 16:55:48,844 [77c6fe3f-1b7a-40d0-9616-c5318e50343e@group-52C2256152D3-StateMachineUpdater] INFO  pipeline.PipelineStateManagerImpl (PipelineStateManagerImpl.java:addPipeline(101)) - Created pipeline Pipeline[ Id: f649cc5f-229f-452a-a086-c3d2367b31b3, Nodes: 6b991a1f-9e77-4b13-a483-fcde5672bd4a{ip: 10.1.0.37, host: fv-az59-243.csjynl4pkq3e1pkirw3ssqjfoh.cx.internal.cloudapp.net, ports: [REPLICATION=34893, RATIS=38289, RATIS_ADMIN=38289, RATIS_SERVER=38289, STANDALONE=42165], networkLocation: /default-rack, certSerialId: null, persistedOpState: IN_SERVICE, persistedOpStateExpiryEpochSec: 0}, ReplicationConfig: RATIS/ONE, State:ALLOCATED, leaderId:, CreationTimestamp2022-02-24T16:55:48.842Z[Etc/UTC]].
2022-02-24 16:55:48,844 [77c6fe3f-1b7a-40d0-9616-c5318e50343e@group-52C2256152D3-StateMachineUpdater] INFO  safemode.HealthyPipelineSafeModeRule (HealthyPipelineSafeModeRule.java:initializeRule(152)) - Refreshed total pipeline count is 0, healthy pipeline threshold count is 1
2022-02-24 16:55:49,147 [Command processor thread] INFO  server.RaftServer (RaftServerProxy.java:addNew(95)) - 2a15bd7e-7896-4db0-9e08-f7464bcd33ee: addNew group-FF6F608FF5FD:[2a15bd7e-7896-4db0-9e08-f7464bcd33ee|rpc:10.1.0.37:41995|priority:1] returns group-FF6F608FF5FD:java.util.concurrent.CompletableFuture@2e6f5d42[Not completed]
2022-02-24 16:55:49,148 [pool-362-thread-1] INFO  server.RaftServer$Division (RaftServerImpl.java:<init>(184)) - 2a15bd7e-7896-4db0-9e08-f7464bcd33ee: new RaftServerImpl for group-FF6F608FF5FD:[2a15bd7e-7896-4db0-9e08-f7464bcd33ee|rpc:10.1.0.37:41995|priority:1] with ContainerStateMachine:uninitialized
2022-02-24 16:55:49,148 [pool-362-thread-1] INFO  server.RaftServerConfigKeys (ConfUtils.java:logGet(44)) - raft.server.rpc.timeout.min = 5s (custom)
2022-02-24 16:55:49,148 [pool-362-thread-1] INFO  server.RaftServerConfigKeys (ConfUtils.java:logGet(44)) - raft.server.rpc.timeout.max = 5200ms (custom)
2022-02-24 16:55:49,148 [pool-362-thread-1] INFO  server.RaftServerConfigKeys (ConfUtils.java:logGet(44)) - raft.server.rpc.sleep.time = 25ms (default)
2022-02-24 16:55:49,148 [pool-362-thread-1] INFO  server.RaftServerConfigKeys (ConfUtils.java:logGet(44)) - raft.server.rpc.slowness.timeout = 300000ms (custom)
2022-02-24 16:55:49,148 [pool-362-thread-1] INFO  server.RaftServerConfigKeys (ConfUtils.java:logGet(44)) - raft.server.leaderelection.leader.step-down.wait-time = 10s (default)
2022-02-24 16:55:49,148 [pool-362-thread-1] INFO  server.RaftServerConfigKeys (ConfUtils.java:logGet(44)) - raft.server.sleep.deviation.threshold = 300ms (default)
2022-02-24 16:55:49,148 [pool-362-thread-1] INFO  server.RaftServerConfigKeys (ConfUtils.java:logGet(44)) - raft.server.log.appender.install.snapshot.enabled = false (custom)
2022-02-24 16:55:49,148 [pool-362-thread-1] INFO  server.RaftServer$Division (ServerState.java:<init>(105)) - 2a15bd7e-7896-4db0-9e08-f7464bcd33ee@group-FF6F608FF5FD: ConfigurationManager, init=-1: [2a15bd7e-7896-4db0-9e08-f7464bcd33ee|rpc:10.1.0.37:41995|priority:1], old=null, confs=<EMPTY_MAP>
2022-02-24 16:55:49,148 [pool-362-thread-1] INFO  server.RaftServerConfigKeys (ConfUtils.java:logGet(44)) - raft.server.storage.dir = [/home/runner/work/ozone/ozone/hadoop-ozone/integration-test/target/test-dir/MiniOzoneClusterImpl-a9e0dedd-d836-4895-9472-52c2256152d3/datanode-2/data/ratis] (custom)
2022-02-24 16:55:49,148 [pool-362-thread-1] INFO  server.RaftServerConfigKeys (ConfUtils.java:logGet(44)) - raft.server.log.corruption.policy = EXCEPTION (default)
2022-02-24 16:55:49,148 [pool-362-thread-1] INFO  server.RaftServerConfigKeys (ConfUtils.java:logGet(44)) - raft.server.storage.free-space.min = 0MB (=0) (default)
2022-02-24 16:55:49,148 [pool-362-thread-1] INFO  storage.RaftStorageDirectory (RaftStorageDirectoryImpl.java:analyzeStorage(135)) - The storage directory /home/runner/work/ozone/ozone/hadoop-ozone/integration-test/target/test-dir/MiniOzoneClusterImpl-a9e0dedd-d836-4895-9472-52c2256152d3/datanode-2/data/ratis/5f44144d-712d-461a-aa66-ff6f608ff5fd does not exist. Creating ...
2022-02-24 16:55:49,150 [pool-362-thread-1] INFO  storage.RaftStorageDirectory (RaftStorageDirectoryImpl.java:tryLock(230)) - Lock on /home/runner/work/ozone/ozone/hadoop-ozone/integration-test/target/test-dir/MiniOzoneClusterImpl-a9e0dedd-d836-4895-9472-52c2256152d3/datanode-2/data/ratis/5f44144d-712d-461a-aa66-ff6f608ff5fd/in_use.lock acquired by nodename 3150@fv-az59-243
2022-02-24 16:55:49,153 [pool-362-thread-1] INFO  storage.RaftStorage (RaftStorageImpl.java:format(89)) - Storage directory /home/runner/work/ozone/ozone/hadoop-ozone/integration-test/target/test-dir/MiniOzoneClusterImpl-a9e0dedd-d836-4895-9472-52c2256152d3/datanode-2/data/ratis/5f44144d-712d-461a-aa66-ff6f608ff5fd has been successfully formatted.
2022-02-24 16:55:49,155 [pool-362-thread-1] INFO  ratis.ContainerStateMachine (ContainerStateMachine.java:loadSnapshot(236)) - group-FF6F608FF5FD: The snapshot info is null. Setting the last applied indexto:(t:0, i:~)
2022-02-24 16:55:49,155 [pool-362-thread-1] INFO  server.RaftServerConfigKeys (ConfUtils.java:logGet(44)) - raft.server.notification.no-leader.timeout = 300000ms (custom)
2022-02-24 16:55:49,155 [EventQueue-PipelineReportForPipelineReportHandler] INFO  pipeline.PipelineManagerImpl (PipelineManagerImpl.java:openPipeline(291)) - Pipeline Pipeline[ Id: 5f44144d-712d-461a-aa66-ff6f608ff5fd, Nodes: 2a15bd7e-7896-4db0-9e08-f7464bcd33ee{ip: 10.1.0.37, host: fv-az59-243.csjynl4pkq3e1pkirw3ssqjfoh.cx.internal.cloudapp.net, ports: [REPLICATION=43341, RATIS=41995, RATIS_ADMIN=41995, RATIS_SERVER=41995, STANDALONE=34861], networkLocation: /default-rack, certSerialId: null, persistedOpState: IN_SERVICE, persistedOpStateExpiryEpochSec: 0}, ReplicationConfig: RATIS/ONE, State:ALLOCATED, leaderId:2a15bd7e-7896-4db0-9e08-f7464bcd33ee, CreationTimestamp2022-02-24T16:55:46.155Z[Etc/UTC]] moved to OPEN state
2022-02-24 16:55:49,157 [77c6fe3f-1b7a-40d0-9616-c5318e50343e@group-52C2256152D3-StateMachineUpdater] INFO  safemode.HealthyPipelineSafeModeRule (HealthyPipelineSafeModeRule.java:initializeRule(152)) - Refreshed total pipeline count is 0, healthy pipeline threshold count is 1
2022-02-24 16:55:49,158 [EventQueue-OpenPipelineForHealthyPipelineSafeModeRule] INFO  safemode.SCMSafeModeManager (HealthyPipelineSafeModeRule.java:process(124)) - SCM in safe mode. Healthy pipelines reported count is 0, required healthy pipeline reported count is 1
2022-02-24 16:55:49,159 [pool-362-thread-1] INFO  server.RaftServerConfigKeys (ConfUtils.java:logGet(44)) - raft.server.log.use.memory = false (default)
2022-02-24 16:55:49,159 [pool-362-thread-1] INFO  server.RaftServerConfigKeys (ConfUtils.java:logGet(44)) - raft.server.log.purge.gap = 1000000 (custom)
2022-02-24 16:55:49,159 [pool-362-thread-1] INFO  server.RaftServerConfigKeys (ConfUtils.java:logGet(44)) - raft.server.log.appender.buffer.byte-limit = 33554432 (custom)
2022-02-24 16:55:49,162 [pool-362-thread-1] INFO  server.RaftServerConfigKeys (ConfUtils.java:logGet(44)) - raft.server.log.segment.size.max = 1048576 (custom)
2022-02-24 16:55:49,162 [pool-362-thread-1] INFO  server.RaftServerConfigKeys (ConfUtils.java:logGet(44)) - raft.server.log.segment.cache.num.max = 2 (custom)
2022-02-24 16:55:49,162 [pool-362-thread-1] INFO  server.RaftServerConfigKeys (ConfUtils.java:logGet(44)) - raft.server.log.segment.cache.size.max = 200MB (=209715200) (default)
2022-02-24 16:55:49,163 [pool-362-thread-1] INFO  segmented.SegmentedRaftLogWorker (SegmentedRaftLogWorker.java:<init>(182)) - new 2a15bd7e-7896-4db0-9e08-f7464bcd33ee@group-FF6F608FF5FD-SegmentedRaftLogWorker for RaftStorageImpl:Storage Directory /home/runner/work/ozone/ozone/hadoop-ozone/integration-test/target/test-dir/MiniOzoneClusterImpl-a9e0dedd-d836-4895-9472-52c2256152d3/datanode-2/data/ratis/5f44144d-712d-461a-aa66-ff6f608ff5fd
2022-02-24 16:55:49,163 [pool-362-thread-1] INFO  server.RaftServerConfigKeys (ConfUtils.java:logGet(44)) - raft.server.log.queue.byte-limit = 4294967296 (custom)
2022-02-24 16:55:49,163 [pool-362-thread-1] INFO  server.RaftServerConfigKeys (ConfUtils.java:logGet(44)) - raft.server.log.queue.element-limit = 1024 (custom)
2022-02-24 16:55:49,163 [pool-362-thread-1] INFO  server.RaftServerConfigKeys (ConfUtils.java:logGet(44)) - raft.server.log.segment.size.max = 1048576 (custom)
2022-02-24 16:55:49,163 [pool-362-thread-1] INFO  server.RaftServerConfigKeys (ConfUtils.java:logGet(44)) - raft.server.log.preallocated.size = 16384 (custom)
2022-02-24 16:55:49,163 [pool-362-thread-1] INFO  server.RaftServerConfigKeys (ConfUtils.java:logGet(44)) - raft.server.log.force.sync.num = 128 (default)
2022-02-24 16:55:49,163 [pool-362-thread-1] INFO  server.RaftServerConfigKeys (ConfUtils.java:logGet(44)) - raft.server.log.statemachine.data.sync = true (default)
2022-02-24 16:55:49,163 [pool-362-thread-1] INFO  server.RaftServerConfigKeys (ConfUtils.java:logGet(44)) - raft.server.log.statemachine.data.sync.timeout = 10s (default)
2022-02-24 16:55:49,163 [pool-362-thread-1] INFO  server.RaftServerConfigKeys (ConfUtils.java:logGet(44)) - raft.server.log.statemachine.data.sync.timeout.retry = -1 (default)
2022-02-24 16:55:49,164 [pool-362-thread-1] INFO  server.RaftServerConfigKeys (ConfUtils.java:logGet(44)) - raft.server.log.write.buffer.size = 1048576 (custom)
2022-02-24 16:55:49,164 [pool-362-thread-1] INFO  server.RaftServerConfigKeys (ConfUtils.java:logGet(44)) - raft.server.log.statemachine.data.caching.enabled = true (custom)
2022-02-24 16:55:49,164 [pool-362-thread-1] INFO  segmented.SegmentedRaftLogWorker (SegmentedRaftLogWorker.java:lambda$new$0(133)) - 2a15bd7e-7896-4db0-9e08-f7464bcd33ee@group-FF6F608FF5FD-SegmentedRaftLogWorker: flushIndex: setUnconditionally 0 -> -1
2022-02-24 16:55:49,165 [pool-362-thread-1] INFO  segmented.SegmentedRaftLogWorker (SegmentedRaftLogWorker.java:lambda$new$0(133)) - 2a15bd7e-7896-4db0-9e08-f7464bcd33ee@group-FF6F608FF5FD-SegmentedRaftLogWorker: safeCacheEvictIndex: setUnconditionally 0 -> -1
2022-02-24 16:55:49,169 [pool-362-thread-1] INFO  server.RaftServerConfigKeys (ConfUtils.java:logGet(44)) - raft.server.snapshot.auto.trigger.enabled = true (custom)
2022-02-24 16:55:49,169 [pool-362-thread-1] INFO  server.RaftServerConfigKeys (ConfUtils.java:logGet(44)) - raft.server.snapshot.auto.trigger.threshold = 10000 (custom)
2022-02-24 16:55:49,169 [pool-362-thread-1] INFO  server.RaftServerConfigKeys (ConfUtils.java:logGet(44)) - raft.server.snapshot.retention.file.num = 5 (custom)
2022-02-24 16:55:49,170 [pool-362-thread-1] INFO  server.RaftServerConfigKeys (ConfUtils.java:logGet(44)) - raft.server.log.purge.upto.snapshot.index = false (default)
2022-02-24 16:55:49,170 [pool-362-thread-1] INFO  server.RaftServerConfigKeys (ConfUtils.java:logGet(44)) - raft.server.retrycache.expirytime = 600000ms (custom)
2022-02-24 16:55:49,176 [pool-362-thread-1] INFO  server.RaftServerConfigKeys (ConfUtils.java:logGet(44)) - raft.server.retrycache.statistics.expirytime = 100μs (default)
2022-02-24 16:55:49,177 [pool-362-thread-1] INFO  server.RaftServer$Division (RaftServerImpl.java:start(301)) - 2a15bd7e-7896-4db0-9e08-f7464bcd33ee@group-FF6F608FF5FD: start as a follower, conf=-1: [2a15bd7e-7896-4db0-9e08-f7464bcd33ee|rpc:10.1.0.37:41995|priority:1], old=null
2022-02-24 16:55:49,178 [pool-362-thread-1] INFO  server.RaftServer$Division (RaftServerImpl.java:setRole(290)) - 2a15bd7e-7896-4db0-9e08-f7464bcd33ee@group-FF6F608FF5FD: changes role from      null to FOLLOWER at term 0 for startAsFollower
2022-02-24 16:55:49,178 [pool-362-thread-1] INFO  impl.RoleInfo (RoleInfo.java:updateAndGet(130)) - 2a15bd7e-7896-4db0-9e08-f7464bcd33ee: start 2a15bd7e-7896-4db0-9e08-f7464bcd33ee@group-FF6F608FF5FD-FollowerState
2022-02-24 16:55:49,191 [pool-362-thread-1] INFO  util.JmxRegister (JmxRegister.java:tryRegister(44)) - Successfully registered JMX Bean with object name Ratis:service=RaftServer,group=group-FF6F608FF5FD,id=2a15bd7e-7896-4db0-9e08-f7464bcd33ee
2022-02-24 16:55:49,199 [Command processor thread] INFO  ratis.XceiverServerRatis (XceiverServerRatis.java:addGroup(769)) - Created group PipelineID=5f44144d-712d-461a-aa66-ff6f608ff5fd
2022-02-24 16:55:49,199 [Command processor thread] INFO  commandhandler.CreatePipelineCommandHandler (CreatePipelineCommandHandler.java:handle(106)) - Created Pipeline RATIS ONE PipelineID=5f44144d-712d-461a-aa66-ff6f608ff5fd.
2022-02-24 16:55:49,777 [Listener at 127.0.0.1/44987] INFO  ozone.MiniOzoneClusterImpl (MiniOzoneClusterImpl.java:lambda$waitForClusterToBeReady$0(219)) - Nodes are ready. Got 7 of 7 DN Heartbeats.
2022-02-24 16:55:49,777 [Listener at 127.0.0.1/44987] INFO  ozone.MiniOzoneClusterImpl (MiniOzoneClusterImpl.java:lambda$waitForClusterToBeReady$0(222)) - Waiting for cluster to exit safe mode
2022-02-24 16:55:49,777 [Listener at 127.0.0.1/44987] INFO  ozone.MiniOzoneClusterImpl (MiniOzoneClusterImpl.java:lambda$waitForClusterToBeReady$0(224)) - SCM became leader
2022-02-24 16:55:49,946 [Command processor thread] INFO  server.RaftServer (RaftServerProxy.java:addNew(95)) - 2ccab0b5-4479-416a-9931-5373164cc31d: addNew group-BB03F3D9DF88:[2ccab0b5-4479-416a-9931-5373164cc31d|rpc:10.1.0.37:41069|priority:1] returns group-BB03F3D9DF88:java.util.concurrent.CompletableFuture@2a549b50[Not completed]
2022-02-24 16:55:49,962 [pool-383-thread-1] INFO  server.RaftServer$Division (RaftServerImpl.java:<init>(184)) - 2ccab0b5-4479-416a-9931-5373164cc31d: new RaftServerImpl for group-BB03F3D9DF88:[2ccab0b5-4479-416a-9931-5373164cc31d|rpc:10.1.0.37:41069|priority:1] with ContainerStateMachine:uninitialized
2022-02-24 16:55:49,962 [pool-383-thread-1] INFO  server.RaftServerConfigKeys (ConfUtils.java:logGet(44)) - raft.server.rpc.timeout.min = 5s (custom)
2022-02-24 16:55:49,962 [pool-383-thread-1] INFO  server.RaftServerConfigKeys (ConfUtils.java:logGet(44)) - raft.server.rpc.timeout.max = 5200ms (custom)
2022-02-24 16:55:49,962 [pool-383-thread-1] INFO  server.RaftServerConfigKeys (ConfUtils.java:logGet(44)) - raft.server.rpc.sleep.time = 25ms (default)
2022-02-24 16:55:49,963 [pool-383-thread-1] INFO  server.RaftServerConfigKeys (ConfUtils.java:logGet(44)) - raft.server.rpc.slowness.timeout = 300000ms (custom)
2022-02-24 16:55:49,963 [pool-383-thread-1] INFO  server.RaftServerConfigKeys (ConfUtils.java:logGet(44)) - raft.server.leaderelection.leader.step-down.wait-time = 10s (default)
2022-02-24 16:55:49,963 [pool-383-thread-1] INFO  server.RaftServerConfigKeys (ConfUtils.java:logGet(44)) - raft.server.sleep.deviation.threshold = 300ms (default)
2022-02-24 16:55:49,963 [pool-383-thread-1] INFO  server.RaftServerConfigKeys (ConfUtils.java:logGet(44)) - raft.server.log.appender.install.snapshot.enabled = false (custom)
2022-02-24 16:55:49,963 [pool-383-thread-1] INFO  server.RaftServer$Division (ServerState.java:<init>(105)) - 2ccab0b5-4479-416a-9931-5373164cc31d@group-BB03F3D9DF88: ConfigurationManager, init=-1: [2ccab0b5-4479-416a-9931-5373164cc31d|rpc:10.1.0.37:41069|priority:1], old=null, confs=<EMPTY_MAP>
2022-02-24 16:55:49,963 [pool-383-thread-1] INFO  server.RaftServerConfigKeys (ConfUtils.java:logGet(44)) - raft.server.storage.dir = [/home/runner/work/ozone/ozone/hadoop-ozone/integration-test/target/test-dir/MiniOzoneClusterImpl-a9e0dedd-d836-4895-9472-52c2256152d3/datanode-3/data/ratis] (custom)
2022-02-24 16:55:49,967 [pool-383-thread-1] INFO  server.RaftServerConfigKeys (ConfUtils.java:logGet(44)) - raft.server.log.corruption.policy = EXCEPTION (default)
2022-02-24 16:55:49,967 [pool-383-thread-1] INFO  server.RaftServerConfigKeys (ConfUtils.java:logGet(44)) - raft.server.storage.free-space.min = 0MB (=0) (default)
2022-02-24 16:55:49,967 [pool-383-thread-1] INFO  storage.RaftStorageDirectory (RaftStorageDirectoryImpl.java:analyzeStorage(135)) - The storage directory /home/runner/work/ozone/ozone/hadoop-ozone/integration-test/target/test-dir/MiniOzoneClusterImpl-a9e0dedd-d836-4895-9472-52c2256152d3/datanode-3/data/ratis/71d6a2a9-1101-4293-8e60-bb03f3d9df88 does not exist. Creating ...
2022-02-24 16:55:49,974 [pool-383-thread-1] INFO  storage.RaftStorageDirectory (RaftStorageDirectoryImpl.java:tryLock(230)) - Lock on /home/runner/work/ozone/ozone/hadoop-ozone/integration-test/target/test-dir/MiniOzoneClusterImpl-a9e0dedd-d836-4895-9472-52c2256152d3/datanode-3/data/ratis/71d6a2a9-1101-4293-8e60-bb03f3d9df88/in_use.lock acquired by nodename 3150@fv-az59-243
2022-02-24 16:55:49,979 [pool-383-thread-1] INFO  storage.RaftStorage (RaftStorageImpl.java:format(89)) - Storage directory /home/runner/work/ozone/ozone/hadoop-ozone/integration-test/target/test-dir/MiniOzoneClusterImpl-a9e0dedd-d836-4895-9472-52c2256152d3/datanode-3/data/ratis/71d6a2a9-1101-4293-8e60-bb03f3d9df88 has been successfully formatted.
2022-02-24 16:55:49,981 [pool-383-thread-1] INFO  ratis.ContainerStateMachine (ContainerStateMachine.java:loadSnapshot(236)) - group-BB03F3D9DF88: The snapshot info is null. Setting the last applied indexto:(t:0, i:~)
2022-02-24 16:55:49,981 [pool-383-thread-1] INFO  server.RaftServerConfigKeys (ConfUtils.java:logGet(44)) - raft.server.notification.no-leader.timeout = 300000ms (custom)
2022-02-24 16:55:49,981 [pool-383-thread-1] INFO  server.RaftServerConfigKeys (ConfUtils.java:logGet(44)) - raft.server.log.use.memory = false (default)
2022-02-24 16:55:49,981 [pool-383-thread-1] INFO  server.RaftServerConfigKeys (ConfUtils.java:logGet(44)) - raft.server.log.purge.gap = 1000000 (custom)
2022-02-24 16:55:49,981 [pool-383-thread-1] INFO  server.RaftServerConfigKeys (ConfUtils.java:logGet(44)) - raft.server.log.appender.buffer.byte-limit = 33554432 (custom)
2022-02-24 16:55:49,982 [pool-383-thread-1] INFO  server.RaftServerConfigKeys (ConfUtils.java:logGet(44)) - raft.server.log.segment.size.max = 1048576 (custom)
2022-02-24 16:55:49,982 [pool-383-thread-1] INFO  server.RaftServerConfigKeys (ConfUtils.java:logGet(44)) - raft.server.log.segment.cache.num.max = 2 (custom)
2022-02-24 16:55:49,982 [pool-383-thread-1] INFO  server.RaftServerConfigKeys (ConfUtils.java:logGet(44)) - raft.server.log.segment.cache.size.max = 200MB (=209715200) (default)
2022-02-24 16:55:49,982 [pool-383-thread-1] INFO  segmented.SegmentedRaftLogWorker (SegmentedRaftLogWorker.java:<init>(182)) - new 2ccab0b5-4479-416a-9931-5373164cc31d@group-BB03F3D9DF88-SegmentedRaftLogWorker for RaftStorageImpl:Storage Directory /home/runner/work/ozone/ozone/hadoop-ozone/integration-test/target/test-dir/MiniOzoneClusterImpl-a9e0dedd-d836-4895-9472-52c2256152d3/datanode-3/data/ratis/71d6a2a9-1101-4293-8e60-bb03f3d9df88
2022-02-24 16:55:49,982 [pool-383-thread-1] INFO  server.RaftServerConfigKeys (ConfUtils.java:logGet(44)) - raft.server.log.queue.byte-limit = 4294967296 (custom)
2022-02-24 16:55:49,982 [pool-383-thread-1] INFO  server.RaftServerConfigKeys (ConfUtils.java:logGet(44)) - raft.server.log.queue.element-limit = 1024 (custom)
2022-02-24 16:55:49,982 [pool-383-thread-1] INFO  server.RaftServerConfigKeys (ConfUtils.java:logGet(44)) - raft.server.log.segment.size.max = 1048576 (custom)
2022-02-24 16:55:49,982 [pool-383-thread-1] INFO  server.RaftServerConfigKeys (ConfUtils.java:logGet(44)) - raft.server.log.preallocated.size = 16384 (custom)
2022-02-24 16:55:49,982 [pool-383-thread-1] INFO  server.RaftServerConfigKeys (ConfUtils.java:logGet(44)) - raft.server.log.force.sync.num = 128 (default)
2022-02-24 16:55:49,982 [pool-383-thread-1] INFO  server.RaftServerConfigKeys (ConfUtils.java:logGet(44)) - raft.server.log.statemachine.data.sync = true (default)
2022-02-24 16:55:49,982 [pool-383-thread-1] INFO  server.RaftServerConfigKeys (ConfUtils.java:logGet(44)) - raft.server.log.statemachine.data.sync.timeout = 10s (default)
2022-02-24 16:55:49,982 [pool-383-thread-1] INFO  server.RaftServerConfigKeys (ConfUtils.java:logGet(44)) - raft.server.log.statemachine.data.sync.timeout.retry = -1 (default)
2022-02-24 16:55:49,983 [pool-383-thread-1] INFO  server.RaftServerConfigKeys (ConfUtils.java:logGet(44)) - raft.server.log.write.buffer.size = 1048576 (custom)
2022-02-24 16:55:49,983 [pool-383-thread-1] INFO  server.RaftServerConfigKeys (ConfUtils.java:logGet(44)) - raft.server.log.statemachine.data.caching.enabled = true (custom)
2022-02-24 16:55:49,984 [pool-383-thread-1] INFO  segmented.SegmentedRaftLogWorker (SegmentedRaftLogWorker.java:lambda$new$0(133)) - 2ccab0b5-4479-416a-9931-5373164cc31d@group-BB03F3D9DF88-SegmentedRaftLogWorker: flushIndex: setUnconditionally 0 -> -1
2022-02-24 16:55:49,984 [pool-383-thread-1] INFO  segmented.SegmentedRaftLogWorker (SegmentedRaftLogWorker.java:lambda$new$0(133)) - 2ccab0b5-4479-416a-9931-5373164cc31d@group-BB03F3D9DF88-SegmentedRaftLogWorker: safeCacheEvictIndex: setUnconditionally 0 -> -1
2022-02-24 16:55:49,985 [EventQueue-PipelineReportForPipelineReportHandler] INFO  pipeline.PipelineManagerImpl (PipelineManagerImpl.java:openPipeline(291)) - Pipeline Pipeline[ Id: 71d6a2a9-1101-4293-8e60-bb03f3d9df88, Nodes: 2ccab0b5-4479-416a-9931-5373164cc31d{ip: 10.1.0.37, host: fv-az59-243.csjynl4pkq3e1pkirw3ssqjfoh.cx.internal.cloudapp.net, ports: [REPLICATION=38827, RATIS=41069, RATIS_ADMIN=41069, RATIS_SERVER=41069, STANDALONE=35309], networkLocation: /default-rack, certSerialId: null, persistedOpState: IN_SERVICE, persistedOpStateExpiryEpochSec: 0}, ReplicationConfig: RATIS/ONE, State:ALLOCATED, leaderId:2ccab0b5-4479-416a-9931-5373164cc31d, CreationTimestamp2022-02-24T16:55:46.957Z[Etc/UTC]] moved to OPEN state
2022-02-24 16:55:49,987 [77c6fe3f-1b7a-40d0-9616-c5318e50343e@group-52C2256152D3-StateMachineUpdater] INFO  safemode.HealthyPipelineSafeModeRule (HealthyPipelineSafeModeRule.java:initializeRule(152)) - Refreshed total pipeline count is 0, healthy pipeline threshold count is 1
2022-02-24 16:55:49,987 [EventQueue-OpenPipelineForHealthyPipelineSafeModeRule] INFO  safemode.SCMSafeModeManager (HealthyPipelineSafeModeRule.java:process(124)) - SCM in safe mode. Healthy pipelines reported count is 0, required healthy pipeline reported count is 1
2022-02-24 16:55:49,991 [pool-383-thread-1] INFO  server.RaftServerConfigKeys (ConfUtils.java:logGet(44)) - raft.server.snapshot.auto.trigger.enabled = true (custom)
2022-02-24 16:55:49,991 [pool-383-thread-1] INFO  server.RaftServerConfigKeys (ConfUtils.java:logGet(44)) - raft.server.snapshot.auto.trigger.threshold = 10000 (custom)
2022-02-24 16:55:49,991 [pool-383-thread-1] INFO  server.RaftServerConfigKeys (ConfUtils.java:logGet(44)) - raft.server.snapshot.retention.file.num = 5 (custom)
2022-02-24 16:55:49,991 [pool-383-thread-1] INFO  server.RaftServerConfigKeys (ConfUtils.java:logGet(44)) - raft.server.log.purge.upto.snapshot.index = false (default)
2022-02-24 16:55:49,991 [pool-383-thread-1] INFO  server.RaftServerConfigKeys (ConfUtils.java:logGet(44)) - raft.server.retrycache.expirytime = 600000ms (custom)
2022-02-24 16:55:49,991 [pool-383-thread-1] INFO  server.RaftServerConfigKeys (ConfUtils.java:logGet(44)) - raft.server.retrycache.statistics.expirytime = 100μs (default)
2022-02-24 16:55:49,993 [pool-383-thread-1] INFO  server.RaftServer$Division (RaftServerImpl.java:start(301)) - 2ccab0b5-4479-416a-9931-5373164cc31d@group-BB03F3D9DF88: start as a follower, conf=-1: [2ccab0b5-4479-416a-9931-5373164cc31d|rpc:10.1.0.37:41069|priority:1], old=null
2022-02-24 16:55:49,993 [pool-383-thread-1] INFO  server.RaftServer$Division (RaftServerImpl.java:setRole(290)) - 2ccab0b5-4479-416a-9931-5373164cc31d@group-BB03F3D9DF88: changes role from      null to FOLLOWER at term 0 for startAsFollower
2022-02-24 16:55:49,994 [pool-383-thread-1] INFO  impl.RoleInfo (RoleInfo.java:updateAndGet(130)) - 2ccab0b5-4479-416a-9931-5373164cc31d: start 2ccab0b5-4479-416a-9931-5373164cc31d@group-BB03F3D9DF88-FollowerState
2022-02-24 16:55:49,998 [pool-383-thread-1] INFO  util.JmxRegister (JmxRegister.java:tryRegister(44)) - Successfully registered JMX Bean with object name Ratis:service=RaftServer,group=group-BB03F3D9DF88,id=2ccab0b5-4479-416a-9931-5373164cc31d
2022-02-24 16:55:50,011 [Command processor thread] INFO  ratis.XceiverServerRatis (XceiverServerRatis.java:addGroup(769)) - Created group PipelineID=71d6a2a9-1101-4293-8e60-bb03f3d9df88
2022-02-24 16:55:50,011 [Command processor thread] INFO  commandhandler.CreatePipelineCommandHandler (CreatePipelineCommandHandler.java:handle(106)) - Created Pipeline RATIS ONE PipelineID=71d6a2a9-1101-4293-8e60-bb03f3d9df88.
2022-02-24 16:55:50,011 [Command processor thread] INFO  server.RaftServer (RaftServerProxy.java:addNew(95)) - 2ccab0b5-4479-416a-9931-5373164cc31d: addNew group-D1BF1DB2EA83:[6aa02a95-f8ab-442c-9ba0-fd232060c81a|rpc:10.1.0.37:41563|priority:1, 2ccab0b5-4479-416a-9931-5373164cc31d|rpc:10.1.0.37:41069|priority:0, 37eb1d61-39bb-4850-ab96-a7546aa7d2af|rpc:10.1.0.37:34927|priority:0] returns group-D1BF1DB2EA83:java.util.concurrent.CompletableFuture@2e6b1ac2[Not completed]
2022-02-24 16:55:50,015 [pool-383-thread-1] INFO  server.RaftServer$Division (RaftServerImpl.java:<init>(184)) - 2ccab0b5-4479-416a-9931-5373164cc31d: new RaftServerImpl for group-D1BF1DB2EA83:[6aa02a95-f8ab-442c-9ba0-fd232060c81a|rpc:10.1.0.37:41563|priority:1, 2ccab0b5-4479-416a-9931-5373164cc31d|rpc:10.1.0.37:41069|priority:0, 37eb1d61-39bb-4850-ab96-a7546aa7d2af|rpc:10.1.0.37:34927|priority:0] with ContainerStateMachine:uninitialized
2022-02-24 16:55:50,015 [pool-383-thread-1] INFO  server.RaftServerConfigKeys (ConfUtils.java:logGet(44)) - raft.server.rpc.timeout.min = 5s (custom)
2022-02-24 16:55:50,015 [pool-383-thread-1] INFO  server.RaftServerConfigKeys (ConfUtils.java:logGet(44)) - raft.server.rpc.timeout.max = 5200ms (custom)
2022-02-24 16:55:50,015 [pool-383-thread-1] INFO  server.RaftServerConfigKeys (ConfUtils.java:logGet(44)) - raft.server.rpc.sleep.time = 25ms (default)
2022-02-24 16:55:50,015 [pool-383-thread-1] INFO  server.RaftServerConfigKeys (ConfUtils.java:logGet(44)) - raft.server.rpc.slowness.timeout = 300000ms (custom)
2022-02-24 16:55:50,015 [pool-383-thread-1] INFO  server.RaftServerConfigKeys (ConfUtils.java:logGet(44)) - raft.server.leaderelection.leader.step-down.wait-time = 10s (default)
2022-02-24 16:55:50,015 [pool-383-thread-1] INFO  server.RaftServerConfigKeys (ConfUtils.java:logGet(44)) - raft.server.sleep.deviation.threshold = 300ms (default)
2022-02-24 16:55:50,015 [pool-383-thread-1] INFO  server.RaftServerConfigKeys (ConfUtils.java:logGet(44)) - raft.server.log.appender.install.snapshot.enabled = false (custom)
2022-02-24 16:55:50,015 [pool-383-thread-1] INFO  server.RaftServer$Division (ServerState.java:<init>(105)) - 2ccab0b5-4479-416a-9931-5373164cc31d@group-D1BF1DB2EA83: ConfigurationManager, init=-1: [6aa02a95-f8ab-442c-9ba0-fd232060c81a|rpc:10.1.0.37:41563|priority:1, 2ccab0b5-4479-416a-9931-5373164cc31d|rpc:10.1.0.37:41069|priority:0, 37eb1d61-39bb-4850-ab96-a7546aa7d2af|rpc:10.1.0.37:34927|priority:0], old=null, confs=<EMPTY_MAP>
2022-02-24 16:55:50,015 [pool-383-thread-1] INFO  server.RaftServerConfigKeys (ConfUtils.java:logGet(44)) - raft.server.storage.dir = [/home/runner/work/ozone/ozone/hadoop-ozone/integration-test/target/test-dir/MiniOzoneClusterImpl-a9e0dedd-d836-4895-9472-52c2256152d3/datanode-3/data/ratis] (custom)
2022-02-24 16:55:50,015 [pool-383-thread-1] INFO  server.RaftServerConfigKeys (ConfUtils.java:logGet(44)) - raft.server.log.corruption.policy = EXCEPTION (default)
2022-02-24 16:55:50,015 [pool-383-thread-1] INFO  server.RaftServerConfigKeys (ConfUtils.java:logGet(44)) - raft.server.storage.free-space.min = 0MB (=0) (default)
2022-02-24 16:55:50,016 [pool-383-thread-1] INFO  storage.RaftStorageDirectory (RaftStorageDirectoryImpl.java:analyzeStorage(135)) - The storage directory /home/runner/work/ozone/ozone/hadoop-ozone/integration-test/target/test-dir/MiniOzoneClusterImpl-a9e0dedd-d836-4895-9472-52c2256152d3/datanode-3/data/ratis/15da9b58-d72e-47f2-bbe2-d1bf1db2ea83 does not exist. Creating ...
2022-02-24 16:55:50,017 [pool-383-thread-1] INFO  storage.RaftStorageDirectory (RaftStorageDirectoryImpl.java:tryLock(230)) - Lock on /home/runner/work/ozone/ozone/hadoop-ozone/integration-test/target/test-dir/MiniOzoneClusterImpl-a9e0dedd-d836-4895-9472-52c2256152d3/datanode-3/data/ratis/15da9b58-d72e-47f2-bbe2-d1bf1db2ea83/in_use.lock acquired by nodename 3150@fv-az59-243
2022-02-24 16:55:50,019 [pool-383-thread-1] INFO  storage.RaftStorage (RaftStorageImpl.java:format(89)) - Storage directory /home/runner/work/ozone/ozone/hadoop-ozone/integration-test/target/test-dir/MiniOzoneClusterImpl-a9e0dedd-d836-4895-9472-52c2256152d3/datanode-3/data/ratis/15da9b58-d72e-47f2-bbe2-d1bf1db2ea83 has been successfully formatted.
2022-02-24 16:55:50,020 [pool-383-thread-1] INFO  ratis.ContainerStateMachine (ContainerStateMachine.java:loadSnapshot(236)) - group-D1BF1DB2EA83: The snapshot info is null. Setting the last applied indexto:(t:0, i:~)
2022-02-24 16:55:50,020 [pool-383-thread-1] INFO  server.RaftServerConfigKeys (ConfUtils.java:logGet(44)) - raft.server.notification.no-leader.timeout = 300000ms (custom)
2022-02-24 16:55:50,020 [pool-383-thread-1] INFO  server.RaftServerConfigKeys (ConfUtils.java:logGet(44)) - raft.server.log.use.memory = false (default)
2022-02-24 16:55:50,020 [pool-383-thread-1] INFO  server.RaftServerConfigKeys (ConfUtils.java:logGet(44)) - raft.server.log.purge.gap = 1000000 (custom)
2022-02-24 16:55:50,020 [pool-383-thread-1] INFO  server.RaftServerConfigKeys (ConfUtils.java:logGet(44)) - raft.server.log.appender.buffer.byte-limit = 33554432 (custom)
2022-02-24 16:55:50,021 [pool-383-thread-1] INFO  server.RaftServerConfigKeys (ConfUtils.java:logGet(44)) - raft.server.log.segment.size.max = 1048576 (custom)
2022-02-24 16:55:50,021 [pool-383-thread-1] INFO  server.RaftServerConfigKeys (ConfUtils.java:logGet(44)) - raft.server.log.segment.cache.num.max = 2 (custom)
2022-02-24 16:55:50,021 [pool-383-thread-1] INFO  server.RaftServerConfigKeys (ConfUtils.java:logGet(44)) - raft.server.log.segment.cache.size.max = 200MB (=209715200) (default)
2022-02-24 16:55:50,021 [pool-383-thread-1] INFO  segmented.SegmentedRaftLogWorker (SegmentedRaftLogWorker.java:<init>(182)) - new 2ccab0b5-4479-416a-9931-5373164cc31d@group-D1BF1DB2EA83-SegmentedRaftLogWorker for RaftStorageImpl:Storage Directory /home/runner/work/ozone/ozone/hadoop-ozone/integration-test/target/test-dir/MiniOzoneClusterImpl-a9e0dedd-d836-4895-9472-52c2256152d3/datanode-3/data/ratis/15da9b58-d72e-47f2-bbe2-d1bf1db2ea83
2022-02-24 16:55:50,021 [pool-383-thread-1] INFO  server.RaftServerConfigKeys (ConfUtils.java:logGet(44)) - raft.server.log.queue.byte-limit = 4294967296 (custom)
2022-02-24 16:55:50,021 [pool-383-thread-1] INFO  server.RaftServerConfigKeys (ConfUtils.java:logGet(44)) - raft.server.log.queue.element-limit = 1024 (custom)
2022-02-24 16:55:50,021 [pool-383-thread-1] INFO  server.RaftServerConfigKeys (ConfUtils.java:logGet(44)) - raft.server.log.segment.size.max = 1048576 (custom)
2022-02-24 16:55:50,021 [pool-383-thread-1] INFO  server.RaftServerConfigKeys (ConfUtils.java:logGet(44)) - raft.server.log.preallocated.size = 16384 (custom)
2022-02-24 16:55:50,021 [pool-383-thread-1] INFO  server.RaftServerConfigKeys (ConfUtils.java:logGet(44)) - raft.server.log.force.sync.num = 128 (default)
2022-02-24 16:55:50,021 [pool-383-thread-1] INFO  server.RaftServerConfigKeys (ConfUtils.java:logGet(44)) - raft.server.log.statemachine.data.sync = true (default)
2022-02-24 16:55:50,022 [pool-383-thread-1] INFO  server.RaftServerConfigKeys (ConfUtils.java:logGet(44)) - raft.server.log.statemachine.data.sync.timeout = 10s (default)
2022-02-24 16:55:50,022 [pool-383-thread-1] INFO  server.RaftServerConfigKeys (ConfUtils.java:logGet(44)) - raft.server.log.statemachine.data.sync.timeout.retry = -1 (default)
2022-02-24 16:55:50,022 [pool-383-thread-1] INFO  server.RaftServerConfigKeys (ConfUtils.java:logGet(44)) - raft.server.log.write.buffer.size = 1048576 (custom)
2022-02-24 16:55:50,023 [EventQueue-OpenPipelineForHealthyPipelineSafeModeRule] INFO  safemode.SCMSafeModeManager (HealthyPipelineSafeModeRule.java:process(124)) - SCM in safe mode. Healthy pipelines reported count is 0, required healthy pipeline reported count is 1
2022-02-24 16:55:50,034 [pool-383-thread-1] INFO  server.RaftServerConfigKeys (ConfUtils.java:logGet(44)) - raft.server.log.statemachine.data.caching.enabled = true (custom)
2022-02-24 16:55:50,035 [pool-383-thread-1] INFO  segmented.SegmentedRaftLogWorker (SegmentedRaftLogWorker.java:lambda$new$0(133)) - 2ccab0b5-4479-416a-9931-5373164cc31d@group-D1BF1DB2EA83-SegmentedRaftLogWorker: flushIndex: setUnconditionally 0 -> -1
2022-02-24 16:55:50,035 [pool-383-thread-1] INFO  segmented.SegmentedRaftLogWorker (SegmentedRaftLogWorker.java:lambda$new$0(133)) - 2ccab0b5-4479-416a-9931-5373164cc31d@group-D1BF1DB2EA83-SegmentedRaftLogWorker: safeCacheEvictIndex: setUnconditionally 0 -> -1
2022-02-24 16:55:50,055 [pool-383-thread-1] INFO  server.RaftServerConfigKeys (ConfUtils.java:logGet(44)) - raft.server.snapshot.auto.trigger.enabled = true (custom)
2022-02-24 16:55:50,055 [pool-383-thread-1] INFO  server.RaftServerConfigKeys (ConfUtils.java:logGet(44)) - raft.server.snapshot.auto.trigger.threshold = 10000 (custom)
2022-02-24 16:55:50,055 [pool-383-thread-1] INFO  server.RaftServerConfigKeys (ConfUtils.java:logGet(44)) - raft.server.snapshot.retention.file.num = 5 (custom)
2022-02-24 16:55:50,055 [pool-383-thread-1] INFO  server.RaftServerConfigKeys (ConfUtils.java:logGet(44)) - raft.server.log.purge.upto.snapshot.index = false (default)
2022-02-24 16:55:50,055 [pool-383-thread-1] INFO  server.RaftServerConfigKeys (ConfUtils.java:logGet(44)) - raft.server.retrycache.expirytime = 600000ms (custom)
2022-02-24 16:55:50,055 [pool-383-thread-1] INFO  server.RaftServerConfigKeys (ConfUtils.java:logGet(44)) - raft.server.retrycache.statistics.expirytime = 100μs (default)
2022-02-24 16:55:50,056 [pool-383-thread-1] INFO  server.RaftServer$Division (RaftServerImpl.java:start(301)) - 2ccab0b5-4479-416a-9931-5373164cc31d@group-D1BF1DB2EA83: start as a follower, conf=-1: [6aa02a95-f8ab-442c-9ba0-fd232060c81a|rpc:10.1.0.37:41563|priority:1, 2ccab0b5-4479-416a-9931-5373164cc31d|rpc:10.1.0.37:41069|priority:0, 37eb1d61-39bb-4850-ab96-a7546aa7d2af|rpc:10.1.0.37:34927|priority:0], old=null
2022-02-24 16:55:50,056 [pool-383-thread-1] INFO  server.RaftServer$Division (RaftServerImpl.java:setRole(290)) - 2ccab0b5-4479-416a-9931-5373164cc31d@group-D1BF1DB2EA83: changes role from      null to FOLLOWER at term 0 for startAsFollower
2022-02-24 16:55:50,056 [pool-383-thread-1] INFO  impl.RoleInfo (RoleInfo.java:updateAndGet(130)) - 2ccab0b5-4479-416a-9931-5373164cc31d: start 2ccab0b5-4479-416a-9931-5373164cc31d@group-D1BF1DB2EA83-FollowerState
2022-02-24 16:55:50,057 [pool-383-thread-1] INFO  util.JmxRegister (JmxRegister.java:tryRegister(44)) - Successfully registered JMX Bean with object name Ratis:service=RaftServer,group=group-D1BF1DB2EA83,id=2ccab0b5-4479-416a-9931-5373164cc31d
2022-02-24 16:55:50,063 [Command processor thread] INFO  ratis.XceiverServerRatis (XceiverServerRatis.java:addGroup(769)) - Created group PipelineID=15da9b58-d72e-47f2-bbe2-d1bf1db2ea83
2022-02-24 16:55:50,073 [grpc-default-executor-3] INFO  server.RaftServer (RaftServerProxy.java:addNew(95)) - 6aa02a95-f8ab-442c-9ba0-fd232060c81a: addNew group-D1BF1DB2EA83:[6aa02a95-f8ab-442c-9ba0-fd232060c81a|rpc:10.1.0.37:41563|dataStream:|priority:1, 2ccab0b5-4479-416a-9931-5373164cc31d|rpc:10.1.0.37:41069|dataStream:|priority:0, 37eb1d61-39bb-4850-ab96-a7546aa7d2af|rpc:10.1.0.37:34927|dataStream:|priority:0] returns group-D1BF1DB2EA83:java.util.concurrent.CompletableFuture@6df9982d[Not completed]
2022-02-24 16:55:50,099 [pool-404-thread-1] INFO  server.RaftServer$Division (RaftServerImpl.java:<init>(184)) - 6aa02a95-f8ab-442c-9ba0-fd232060c81a: new RaftServerImpl for group-D1BF1DB2EA83:[6aa02a95-f8ab-442c-9ba0-fd232060c81a|rpc:10.1.0.37:41563|dataStream:|priority:1, 2ccab0b5-4479-416a-9931-5373164cc31d|rpc:10.1.0.37:41069|dataStream:|priority:0, 37eb1d61-39bb-4850-ab96-a7546aa7d2af|rpc:10.1.0.37:34927|dataStream:|priority:0] with ContainerStateMachine:uninitialized
2022-02-24 16:55:50,099 [pool-404-thread-1] INFO  server.RaftServerConfigKeys (ConfUtils.java:logGet(44)) - raft.server.rpc.timeout.min = 5s (custom)
2022-02-24 16:55:50,099 [pool-404-thread-1] INFO  server.RaftServerConfigKeys (ConfUtils.java:logGet(44)) - raft.server.rpc.timeout.max = 5200ms (custom)
2022-02-24 16:55:50,099 [pool-404-thread-1] INFO  server.RaftServerConfigKeys (ConfUtils.java:logGet(44)) - raft.server.rpc.sleep.time = 25ms (default)
2022-02-24 16:55:50,099 [pool-404-thread-1] INFO  server.RaftServerConfigKeys (ConfUtils.java:logGet(44)) - raft.server.rpc.slowness.timeout = 300000ms (custom)
2022-02-24 16:55:50,099 [pool-404-thread-1] INFO  server.RaftServerConfigKeys (ConfUtils.java:logGet(44)) - raft.server.leaderelection.leader.step-down.wait-time = 10s (default)
2022-02-24 16:55:50,099 [pool-404-thread-1] INFO  server.RaftServerConfigKeys (ConfUtils.java:logGet(44)) - raft.server.sleep.deviation.threshold = 300ms (default)
2022-02-24 16:55:50,100 [pool-404-thread-1] INFO  server.RaftServerConfigKeys (ConfUtils.java:logGet(44)) - raft.server.log.appender.install.snapshot.enabled = false (custom)
2022-02-24 16:55:50,100 [pool-404-thread-1] INFO  server.RaftServer$Division (ServerState.java:<init>(105)) - 6aa02a95-f8ab-442c-9ba0-fd232060c81a@group-D1BF1DB2EA83: ConfigurationManager, init=-1: [6aa02a95-f8ab-442c-9ba0-fd232060c81a|rpc:10.1.0.37:41563|dataStream:|priority:1, 2ccab0b5-4479-416a-9931-5373164cc31d|rpc:10.1.0.37:41069|dataStream:|priority:0, 37eb1d61-39bb-4850-ab96-a7546aa7d2af|rpc:10.1.0.37:34927|dataStream:|priority:0], old=null, confs=<EMPTY_MAP>
2022-02-24 16:55:50,100 [pool-404-thread-1] INFO  server.RaftServerConfigKeys (ConfUtils.java:logGet(44)) - raft.server.storage.dir = [/home/runner/work/ozone/ozone/hadoop-ozone/integration-test/target/test-dir/MiniOzoneClusterImpl-a9e0dedd-d836-4895-9472-52c2256152d3/datanode-4/data/ratis] (custom)
2022-02-24 16:55:50,100 [pool-404-thread-1] INFO  server.RaftServerConfigKeys (ConfUtils.java:logGet(44)) - raft.server.log.corruption.policy = EXCEPTION (default)
2022-02-24 16:55:50,100 [pool-404-thread-1] INFO  server.RaftServerConfigKeys (ConfUtils.java:logGet(44)) - raft.server.storage.free-space.min = 0MB (=0) (default)
2022-02-24 16:55:50,100 [pool-404-thread-1] INFO  storage.RaftStorageDirectory (RaftStorageDirectoryImpl.java:analyzeStorage(135)) - The storage directory /home/runner/work/ozone/ozone/hadoop-ozone/integration-test/target/test-dir/MiniOzoneClusterImpl-a9e0dedd-d836-4895-9472-52c2256152d3/datanode-4/data/ratis/15da9b58-d72e-47f2-bbe2-d1bf1db2ea83 does not exist. Creating ...
2022-02-24 16:55:50,101 [pool-404-thread-1] INFO  storage.RaftStorageDirectory (RaftStorageDirectoryImpl.java:tryLock(230)) - Lock on /home/runner/work/ozone/ozone/hadoop-ozone/integration-test/target/test-dir/MiniOzoneClusterImpl-a9e0dedd-d836-4895-9472-52c2256152d3/datanode-4/data/ratis/15da9b58-d72e-47f2-bbe2-d1bf1db2ea83/in_use.lock acquired by nodename 3150@fv-az59-243
2022-02-24 16:55:50,110 [pool-404-thread-1] INFO  storage.RaftStorage (RaftStorageImpl.java:format(89)) - Storage directory /home/runner/work/ozone/ozone/hadoop-ozone/integration-test/target/test-dir/MiniOzoneClusterImpl-a9e0dedd-d836-4895-9472-52c2256152d3/datanode-4/data/ratis/15da9b58-d72e-47f2-bbe2-d1bf1db2ea83 has been successfully formatted.
2022-02-24 16:55:50,111 [pool-404-thread-1] INFO  ratis.ContainerStateMachine (ContainerStateMachine.java:loadSnapshot(236)) - group-D1BF1DB2EA83: The snapshot info is null. Setting the last applied indexto:(t:0, i:~)
2022-02-24 16:55:50,112 [pool-404-thread-1] INFO  server.RaftServerConfigKeys (ConfUtils.java:logGet(44)) - raft.server.notification.no-leader.timeout = 300000ms (custom)
2022-02-24 16:55:50,112 [pool-404-thread-1] INFO  server.RaftServerConfigKeys (ConfUtils.java:logGet(44)) - raft.server.log.use.memory = false (default)
2022-02-24 16:55:50,112 [pool-404-thread-1] INFO  server.RaftServerConfigKeys (ConfUtils.java:logGet(44)) - raft.server.log.purge.gap = 1000000 (custom)
2022-02-24 16:55:50,112 [pool-404-thread-1] INFO  server.RaftServerConfigKeys (ConfUtils.java:logGet(44)) - raft.server.log.appender.buffer.byte-limit = 33554432 (custom)
2022-02-24 16:55:50,113 [pool-404-thread-1] INFO  server.RaftServerConfigKeys (ConfUtils.java:logGet(44)) - raft.server.log.segment.size.max = 1048576 (custom)
2022-02-24 16:55:50,113 [pool-404-thread-1] INFO  server.RaftServerConfigKeys (ConfUtils.java:logGet(44)) - raft.server.log.segment.cache.num.max = 2 (custom)
2022-02-24 16:55:50,113 [pool-404-thread-1] INFO  server.RaftServerConfigKeys (ConfUtils.java:logGet(44)) - raft.server.log.segment.cache.size.max = 200MB (=209715200) (default)
2022-02-24 16:55:50,113 [pool-404-thread-1] INFO  segmented.SegmentedRaftLogWorker (SegmentedRaftLogWorker.java:<init>(182)) - new 6aa02a95-f8ab-442c-9ba0-fd232060c81a@group-D1BF1DB2EA83-SegmentedRaftLogWorker for RaftStorageImpl:Storage Directory /home/runner/work/ozone/ozone/hadoop-ozone/integration-test/target/test-dir/MiniOzoneClusterImpl-a9e0dedd-d836-4895-9472-52c2256152d3/datanode-4/data/ratis/15da9b58-d72e-47f2-bbe2-d1bf1db2ea83
2022-02-24 16:55:50,113 [pool-404-thread-1] INFO  server.RaftServerConfigKeys (ConfUtils.java:logGet(44)) - raft.server.log.queue.byte-limit = 4294967296 (custom)
2022-02-24 16:55:50,114 [pool-404-thread-1] INFO  server.RaftServerConfigKeys (ConfUtils.java:logGet(44)) - raft.server.log.queue.element-limit = 1024 (custom)
2022-02-24 16:55:50,114 [pool-404-thread-1] INFO  server.RaftServerConfigKeys (ConfUtils.java:logGet(44)) - raft.server.log.segment.size.max = 1048576 (custom)
2022-02-24 16:55:50,114 [pool-404-thread-1] INFO  server.RaftServerConfigKeys (ConfUtils.java:logGet(44)) - raft.server.log.preallocated.size = 16384 (custom)
2022-02-24 16:55:50,114 [pool-404-thread-1] INFO  server.RaftServerConfigKeys (ConfUtils.java:logGet(44)) - raft.server.log.force.sync.num = 128 (default)
2022-02-24 16:55:50,114 [pool-404-thread-1] INFO  server.RaftServerConfigKeys (ConfUtils.java:logGet(44)) - raft.server.log.statemachine.data.sync = true (default)
2022-02-24 16:55:50,114 [pool-404-thread-1] INFO  server.RaftServerConfigKeys (ConfUtils.java:logGet(44)) - raft.server.log.statemachine.data.sync.timeout = 10s (default)
2022-02-24 16:55:50,114 [pool-404-thread-1] INFO  server.RaftServerConfigKeys (ConfUtils.java:logGet(44)) - raft.server.log.statemachine.data.sync.timeout.retry = -1 (default)
2022-02-24 16:55:50,115 [pool-404-thread-1] INFO  server.RaftServerConfigKeys (ConfUtils.java:logGet(44)) - raft.server.log.write.buffer.size = 1048576 (custom)
2022-02-24 16:55:50,119 [pool-404-thread-1] INFO  server.RaftServerConfigKeys (ConfUtils.java:logGet(44)) - raft.server.log.statemachine.data.caching.enabled = true (custom)
2022-02-24 16:55:50,119 [pool-404-thread-1] INFO  segmented.SegmentedRaftLogWorker (SegmentedRaftLogWorker.java:lambda$new$0(133)) - 6aa02a95-f8ab-442c-9ba0-fd232060c81a@group-D1BF1DB2EA83-SegmentedRaftLogWorker: flushIndex: setUnconditionally 0 -> -1
2022-02-24 16:55:50,120 [pool-404-thread-1] INFO  segmented.SegmentedRaftLogWorker (SegmentedRaftLogWorker.java:lambda$new$0(133)) - 6aa02a95-f8ab-442c-9ba0-fd232060c81a@group-D1BF1DB2EA83-SegmentedRaftLogWorker: safeCacheEvictIndex: setUnconditionally 0 -> -1
2022-02-24 16:55:50,128 [pool-404-thread-1] INFO  server.RaftServerConfigKeys (ConfUtils.java:logGet(44)) - raft.server.snapshot.auto.trigger.enabled = true (custom)
2022-02-24 16:55:50,128 [pool-404-thread-1] INFO  server.RaftServerConfigKeys (ConfUtils.java:logGet(44)) - raft.server.snapshot.auto.trigger.threshold = 10000 (custom)
2022-02-24 16:55:50,128 [pool-404-thread-1] INFO  server.RaftServerConfigKeys (ConfUtils.java:logGet(44)) - raft.server.snapshot.retention.file.num = 5 (custom)
2022-02-24 16:55:50,128 [pool-404-thread-1] INFO  server.RaftServerConfigKeys (ConfUtils.java:logGet(44)) - raft.server.log.purge.upto.snapshot.index = false (default)
2022-02-24 16:55:50,128 [pool-404-thread-1] INFO  server.RaftServerConfigKeys (ConfUtils.java:logGet(44)) - raft.server.retrycache.expirytime = 600000ms (custom)
2022-02-24 16:55:50,128 [pool-404-thread-1] INFO  server.RaftServerConfigKeys (ConfUtils.java:logGet(44)) - raft.server.retrycache.statistics.expirytime = 100μs (default)
2022-02-24 16:55:50,129 [pool-404-thread-1] INFO  server.RaftServer$Division (RaftServerImpl.java:start(301)) - 6aa02a95-f8ab-442c-9ba0-fd232060c81a@group-D1BF1DB2EA83: start as a follower, conf=-1: [6aa02a95-f8ab-442c-9ba0-fd232060c81a|rpc:10.1.0.37:41563|dataStream:|priority:1, 2ccab0b5-4479-416a-9931-5373164cc31d|rpc:10.1.0.37:41069|dataStream:|priority:0, 37eb1d61-39bb-4850-ab96-a7546aa7d2af|rpc:10.1.0.37:34927|dataStream:|priority:0], old=null
2022-02-24 16:55:50,129 [pool-404-thread-1] INFO  server.RaftServer$Division (RaftServerImpl.java:setRole(290)) - 6aa02a95-f8ab-442c-9ba0-fd232060c81a@group-D1BF1DB2EA83: changes role from      null to FOLLOWER at term 0 for startAsFollower
2022-02-24 16:55:50,129 [pool-404-thread-1] INFO  impl.RoleInfo (RoleInfo.java:updateAndGet(130)) - 6aa02a95-f8ab-442c-9ba0-fd232060c81a: start 6aa02a95-f8ab-442c-9ba0-fd232060c81a@group-D1BF1DB2EA83-FollowerState
2022-02-24 16:55:50,135 [pool-404-thread-1] INFO  util.JmxRegister (JmxRegister.java:tryRegister(44)) - Successfully registered JMX Bean with object name Ratis:service=RaftServer,group=group-D1BF1DB2EA83,id=6aa02a95-f8ab-442c-9ba0-fd232060c81a
2022-02-24 16:55:50,195 [grpc-default-executor-3] INFO  server.RaftServer (RaftServerProxy.java:addNew(95)) - 37eb1d61-39bb-4850-ab96-a7546aa7d2af: addNew group-D1BF1DB2EA83:[6aa02a95-f8ab-442c-9ba0-fd232060c81a|rpc:10.1.0.37:41563|dataStream:|priority:1, 2ccab0b5-4479-416a-9931-5373164cc31d|rpc:10.1.0.37:41069|dataStream:|priority:0, 37eb1d61-39bb-4850-ab96-a7546aa7d2af|rpc:10.1.0.37:34927|dataStream:|priority:0] returns group-D1BF1DB2EA83:java.util.concurrent.CompletableFuture@2db71f07[Not completed]
2022-02-24 16:55:50,242 [pool-425-thread-1] INFO  server.RaftServer$Division (RaftServerImpl.java:<init>(184)) - 37eb1d61-39bb-4850-ab96-a7546aa7d2af: new RaftServerImpl for group-D1BF1DB2EA83:[6aa02a95-f8ab-442c-9ba0-fd232060c81a|rpc:10.1.0.37:41563|dataStream:|priority:1, 2ccab0b5-4479-416a-9931-5373164cc31d|rpc:10.1.0.37:41069|dataStream:|priority:0, 37eb1d61-39bb-4850-ab96-a7546aa7d2af|rpc:10.1.0.37:34927|dataStream:|priority:0] with ContainerStateMachine:uninitialized
2022-02-24 16:55:50,242 [pool-425-thread-1] INFO  server.RaftServerConfigKeys (ConfUtils.java:logGet(44)) - raft.server.rpc.timeout.min = 5s (custom)
2022-02-24 16:55:50,242 [pool-425-thread-1] INFO  server.RaftServerConfigKeys (ConfUtils.java:logGet(44)) - raft.server.rpc.timeout.max = 5200ms (custom)
2022-02-24 16:55:50,242 [pool-425-thread-1] INFO  server.RaftServerConfigKeys (ConfUtils.java:logGet(44)) - raft.server.rpc.sleep.time = 25ms (default)
2022-02-24 16:55:50,242 [pool-425-thread-1] INFO  server.RaftServerConfigKeys (ConfUtils.java:logGet(44)) - raft.server.rpc.slowness.timeout = 300000ms (custom)
2022-02-24 16:55:50,242 [pool-425-thread-1] INFO  server.RaftServerConfigKeys (ConfUtils.java:logGet(44)) - raft.server.leaderelection.leader.step-down.wait-time = 10s (default)
2022-02-24 16:55:50,242 [pool-425-thread-1] INFO  server.RaftServerConfigKeys (ConfUtils.java:logGet(44)) - raft.server.sleep.deviation.threshold = 300ms (default)
2022-02-24 16:55:50,242 [pool-425-thread-1] INFO  server.RaftServerConfigKeys (ConfUtils.java:logGet(44)) - raft.server.log.appender.install.snapshot.enabled = false (custom)
2022-02-24 16:55:50,242 [pool-425-thread-1] INFO  server.RaftServer$Division (ServerState.java:<init>(105)) - 37eb1d61-39bb-4850-ab96-a7546aa7d2af@group-D1BF1DB2EA83: ConfigurationManager, init=-1: [6aa02a95-f8ab-442c-9ba0-fd232060c81a|rpc:10.1.0.37:41563|dataStream:|priority:1, 2ccab0b5-4479-416a-9931-5373164cc31d|rpc:10.1.0.37:41069|dataStream:|priority:0, 37eb1d61-39bb-4850-ab96-a7546aa7d2af|rpc:10.1.0.37:34927|dataStream:|priority:0], old=null, confs=<EMPTY_MAP>
2022-02-24 16:55:50,242 [pool-425-thread-1] INFO  server.RaftServerConfigKeys (ConfUtils.java:logGet(44)) - raft.server.storage.dir = [/home/runner/work/ozone/ozone/hadoop-ozone/integration-test/target/test-dir/MiniOzoneClusterImpl-a9e0dedd-d836-4895-9472-52c2256152d3/datanode-5/data/ratis] (custom)
2022-02-24 16:55:50,244 [pool-425-thread-1] INFO  server.RaftServerConfigKeys (ConfUtils.java:logGet(44)) - raft.server.log.corruption.policy = EXCEPTION (default)
2022-02-24 16:55:50,244 [pool-425-thread-1] INFO  server.RaftServerConfigKeys (ConfUtils.java:logGet(44)) - raft.server.storage.free-space.min = 0MB (=0) (default)
2022-02-24 16:55:50,244 [pool-425-thread-1] INFO  storage.RaftStorageDirectory (RaftStorageDirectoryImpl.java:analyzeStorage(135)) - The storage directory /home/runner/work/ozone/ozone/hadoop-ozone/integration-test/target/test-dir/MiniOzoneClusterImpl-a9e0dedd-d836-4895-9472-52c2256152d3/datanode-5/data/ratis/15da9b58-d72e-47f2-bbe2-d1bf1db2ea83 does not exist. Creating ...
2022-02-24 16:55:50,245 [pool-425-thread-1] INFO  storage.RaftStorageDirectory (RaftStorageDirectoryImpl.java:tryLock(230)) - Lock on /home/runner/work/ozone/ozone/hadoop-ozone/integration-test/target/test-dir/MiniOzoneClusterImpl-a9e0dedd-d836-4895-9472-52c2256152d3/datanode-5/data/ratis/15da9b58-d72e-47f2-bbe2-d1bf1db2ea83/in_use.lock acquired by nodename 3150@fv-az59-243
2022-02-24 16:55:50,262 [pool-425-thread-1] INFO  storage.RaftStorage (RaftStorageImpl.java:format(89)) - Storage directory /home/runner/work/ozone/ozone/hadoop-ozone/integration-test/target/test-dir/MiniOzoneClusterImpl-a9e0dedd-d836-4895-9472-52c2256152d3/datanode-5/data/ratis/15da9b58-d72e-47f2-bbe2-d1bf1db2ea83 has been successfully formatted.
2022-02-24 16:55:50,264 [pool-425-thread-1] INFO  ratis.ContainerStateMachine (ContainerStateMachine.java:loadSnapshot(236)) - group-D1BF1DB2EA83: The snapshot info is null. Setting the last applied indexto:(t:0, i:~)
2022-02-24 16:55:50,264 [pool-425-thread-1] INFO  server.RaftServerConfigKeys (ConfUtils.java:logGet(44)) - raft.server.notification.no-leader.timeout = 300000ms (custom)
2022-02-24 16:55:50,264 [pool-425-thread-1] INFO  server.RaftServerConfigKeys (ConfUtils.java:logGet(44)) - raft.server.log.use.memory = false (default)
2022-02-24 16:55:50,264 [pool-425-thread-1] INFO  server.RaftServerConfigKeys (ConfUtils.java:logGet(44)) - raft.server.log.purge.gap = 1000000 (custom)
2022-02-24 16:55:50,265 [pool-425-thread-1] INFO  server.RaftServerConfigKeys (ConfUtils.java:logGet(44)) - raft.server.log.appender.buffer.byte-limit = 33554432 (custom)
2022-02-24 16:55:50,265 [pool-425-thread-1] INFO  server.RaftServerConfigKeys (ConfUtils.java:logGet(44)) - raft.server.log.segment.size.max = 1048576 (custom)
2022-02-24 16:55:50,265 [pool-425-thread-1] INFO  server.RaftServerConfigKeys (ConfUtils.java:logGet(44)) - raft.server.log.segment.cache.num.max = 2 (custom)
2022-02-24 16:55:50,265 [pool-425-thread-1] INFO  server.RaftServerConfigKeys (ConfUtils.java:logGet(44)) - raft.server.log.segment.cache.size.max = 200MB (=209715200) (default)
2022-02-24 16:55:50,265 [pool-425-thread-1] INFO  segmented.SegmentedRaftLogWorker (SegmentedRaftLogWorker.java:<init>(182)) - new 37eb1d61-39bb-4850-ab96-a7546aa7d2af@group-D1BF1DB2EA83-SegmentedRaftLogWorker for RaftStorageImpl:Storage Directory /home/runner/work/ozone/ozone/hadoop-ozone/integration-test/target/test-dir/MiniOzoneClusterImpl-a9e0dedd-d836-4895-9472-52c2256152d3/datanode-5/data/ratis/15da9b58-d72e-47f2-bbe2-d1bf1db2ea83
2022-02-24 16:55:50,265 [pool-425-thread-1] INFO  server.RaftServerConfigKeys (ConfUtils.java:logGet(44)) - raft.server.log.queue.byte-limit = 4294967296 (custom)
2022-02-24 16:55:50,265 [pool-425-thread-1] INFO  server.RaftServerConfigKeys (ConfUtils.java:logGet(44)) - raft.server.log.queue.element-limit = 1024 (custom)
2022-02-24 16:55:50,265 [pool-425-thread-1] INFO  server.RaftServerConfigKeys (ConfUtils.java:logGet(44)) - raft.server.log.segment.size.max = 1048576 (custom)
2022-02-24 16:55:50,265 [pool-425-thread-1] INFO  server.RaftServerConfigKeys (ConfUtils.java:logGet(44)) - raft.server.log.preallocated.size = 16384 (custom)
2022-02-24 16:55:50,265 [pool-425-thread-1] INFO  server.RaftServerConfigKeys (ConfUtils.java:logGet(44)) - raft.server.log.force.sync.num = 128 (default)
2022-02-24 16:55:50,265 [pool-425-thread-1] INFO  server.RaftServerConfigKeys (ConfUtils.java:logGet(44)) - raft.server.log.statemachine.data.sync = true (default)
2022-02-24 16:55:50,265 [pool-425-thread-1] INFO  server.RaftServerConfigKeys (ConfUtils.java:logGet(44)) - raft.server.log.statemachine.data.sync.timeout = 10s (default)
2022-02-24 16:55:50,265 [pool-425-thread-1] INFO  server.RaftServerConfigKeys (ConfUtils.java:logGet(44)) - raft.server.log.statemachine.data.sync.timeout.retry = -1 (default)
2022-02-24 16:55:50,266 [pool-425-thread-1] INFO  server.RaftServerConfigKeys (ConfUtils.java:logGet(44)) - raft.server.log.write.buffer.size = 1048576 (custom)
2022-02-24 16:55:50,267 [pool-425-thread-1] INFO  server.RaftServerConfigKeys (ConfUtils.java:logGet(44)) - raft.server.log.statemachine.data.caching.enabled = true (custom)
2022-02-24 16:55:50,267 [pool-425-thread-1] INFO  segmented.SegmentedRaftLogWorker (SegmentedRaftLogWorker.java:lambda$new$0(133)) - 37eb1d61-39bb-4850-ab96-a7546aa7d2af@group-D1BF1DB2EA83-SegmentedRaftLogWorker: flushIndex: setUnconditionally 0 -> -1
2022-02-24 16:55:50,267 [pool-425-thread-1] INFO  segmented.SegmentedRaftLogWorker (SegmentedRaftLogWorker.java:lambda$new$0(133)) - 37eb1d61-39bb-4850-ab96-a7546aa7d2af@group-D1BF1DB2EA83-SegmentedRaftLogWorker: safeCacheEvictIndex: setUnconditionally 0 -> -1
2022-02-24 16:55:50,275 [pool-425-thread-1] INFO  server.RaftServerConfigKeys (ConfUtils.java:logGet(44)) - raft.server.snapshot.auto.trigger.enabled = true (custom)
2022-02-24 16:55:50,275 [pool-425-thread-1] INFO  server.RaftServerConfigKeys (ConfUtils.java:logGet(44)) - raft.server.snapshot.auto.trigger.threshold = 10000 (custom)
2022-02-24 16:55:50,275 [pool-425-thread-1] INFO  server.RaftServerConfigKeys (ConfUtils.java:logGet(44)) - raft.server.snapshot.retention.file.num = 5 (custom)
2022-02-24 16:55:50,275 [pool-425-thread-1] INFO  server.RaftServerConfigKeys (ConfUtils.java:logGet(44)) - raft.server.log.purge.upto.snapshot.index = false (default)
2022-02-24 16:55:50,275 [pool-425-thread-1] INFO  server.RaftServerConfigKeys (ConfUtils.java:logGet(44)) - raft.server.retrycache.expirytime = 600000ms (custom)
2022-02-24 16:55:50,275 [pool-425-thread-1] INFO  server.RaftServerConfigKeys (ConfUtils.java:logGet(44)) - raft.server.retrycache.statistics.expirytime = 100μs (default)
2022-02-24 16:55:50,280 [pool-425-thread-1] INFO  server.RaftServer$Division (RaftServerImpl.java:start(301)) - 37eb1d61-39bb-4850-ab96-a7546aa7d2af@group-D1BF1DB2EA83: start as a follower, conf=-1: [6aa02a95-f8ab-442c-9ba0-fd232060c81a|rpc:10.1.0.37:41563|dataStream:|priority:1, 2ccab0b5-4479-416a-9931-5373164cc31d|rpc:10.1.0.37:41069|dataStream:|priority:0, 37eb1d61-39bb-4850-ab96-a7546aa7d2af|rpc:10.1.0.37:34927|dataStream:|priority:0], old=null
2022-02-24 16:55:50,280 [pool-425-thread-1] INFO  server.RaftServer$Division (RaftServerImpl.java:setRole(290)) - 37eb1d61-39bb-4850-ab96-a7546aa7d2af@group-D1BF1DB2EA83: changes role from      null to FOLLOWER at term 0 for startAsFollower
2022-02-24 16:55:50,280 [pool-425-thread-1] INFO  impl.RoleInfo (RoleInfo.java:updateAndGet(130)) - 37eb1d61-39bb-4850-ab96-a7546aa7d2af: start 37eb1d61-39bb-4850-ab96-a7546aa7d2af@group-D1BF1DB2EA83-FollowerState
2022-02-24 16:55:50,297 [pool-425-thread-1] INFO  util.JmxRegister (JmxRegister.java:tryRegister(44)) - Successfully registered JMX Bean with object name Ratis:service=RaftServer,group=group-D1BF1DB2EA83,id=37eb1d61-39bb-4850-ab96-a7546aa7d2af
2022-02-24 16:55:50,342 [Command processor thread] INFO  commandhandler.CreatePipelineCommandHandler (CreatePipelineCommandHandler.java:handle(106)) - Created Pipeline RATIS THREE PipelineID=15da9b58-d72e-47f2-bbe2-d1bf1db2ea83.
2022-02-24 16:55:50,343 [Command processor thread] INFO  server.RaftServer (RaftServerProxy.java:addNew(95)) - 2ccab0b5-4479-416a-9931-5373164cc31d: addNew group-05E598691DA2:[6aa02a95-f8ab-442c-9ba0-fd232060c81a|rpc:10.1.0.37:41563|priority:0, 2ccab0b5-4479-416a-9931-5373164cc31d|rpc:10.1.0.37:41069|priority:0, 37eb1d61-39bb-4850-ab96-a7546aa7d2af|rpc:10.1.0.37:34927|priority:1] returns group-05E598691DA2:java.util.concurrent.CompletableFuture@2caef236[Not completed]
2022-02-24 16:55:50,344 [pool-383-thread-1] INFO  server.RaftServer$Division (RaftServerImpl.java:<init>(184)) - 2ccab0b5-4479-416a-9931-5373164cc31d: new RaftServerImpl for group-05E598691DA2:[6aa02a95-f8ab-442c-9ba0-fd232060c81a|rpc:10.1.0.37:41563|priority:0, 2ccab0b5-4479-416a-9931-5373164cc31d|rpc:10.1.0.37:41069|priority:0, 37eb1d61-39bb-4850-ab96-a7546aa7d2af|rpc:10.1.0.37:34927|priority:1] with ContainerStateMachine:uninitialized
2022-02-24 16:55:50,344 [pool-383-thread-1] INFO  server.RaftServerConfigKeys (ConfUtils.java:logGet(44)) - raft.server.rpc.timeout.min = 5s (custom)
2022-02-24 16:55:50,344 [pool-383-thread-1] INFO  server.RaftServerConfigKeys (ConfUtils.java:logGet(44)) - raft.server.rpc.timeout.max = 5200ms (custom)
2022-02-24 16:55:50,344 [pool-383-thread-1] INFO  server.RaftServerConfigKeys (ConfUtils.java:logGet(44)) - raft.server.rpc.sleep.time = 25ms (default)
2022-02-24 16:55:50,344 [pool-383-thread-1] INFO  server.RaftServerConfigKeys (ConfUtils.java:logGet(44)) - raft.server.rpc.slowness.timeout = 300000ms (custom)
2022-02-24 16:55:50,344 [pool-383-thread-1] INFO  server.RaftServerConfigKeys (ConfUtils.java:logGet(44)) - raft.server.leaderelection.leader.step-down.wait-time = 10s (default)
2022-02-24 16:55:50,344 [pool-383-thread-1] INFO  server.RaftServerConfigKeys (ConfUtils.java:logGet(44)) - raft.server.sleep.deviation.threshold = 300ms (default)
2022-02-24 16:55:50,344 [pool-383-thread-1] INFO  server.RaftServerConfigKeys (ConfUtils.java:logGet(44)) - raft.server.log.appender.install.snapshot.enabled = false (custom)
2022-02-24 16:55:50,344 [pool-383-thread-1] INFO  server.RaftServer$Division (ServerState.java:<init>(105)) - 2ccab0b5-4479-416a-9931-5373164cc31d@group-05E598691DA2: ConfigurationManager, init=-1: [6aa02a95-f8ab-442c-9ba0-fd232060c81a|rpc:10.1.0.37:41563|priority:0, 2ccab0b5-4479-416a-9931-5373164cc31d|rpc:10.1.0.37:41069|priority:0, 37eb1d61-39bb-4850-ab96-a7546aa7d2af|rpc:10.1.0.37:34927|priority:1], old=null, confs=<EMPTY_MAP>
2022-02-24 16:55:50,344 [pool-383-thread-1] INFO  server.RaftServerConfigKeys (ConfUtils.java:logGet(44)) - raft.server.storage.dir = [/home/runner/work/ozone/ozone/hadoop-ozone/integration-test/target/test-dir/MiniOzoneClusterImpl-a9e0dedd-d836-4895-9472-52c2256152d3/datanode-3/data/ratis] (custom)
2022-02-24 16:55:50,344 [pool-383-thread-1] INFO  server.RaftServerConfigKeys (ConfUtils.java:logGet(44)) - raft.server.log.corruption.policy = EXCEPTION (default)
2022-02-24 16:55:50,344 [pool-383-thread-1] INFO  server.RaftServerConfigKeys (ConfUtils.java:logGet(44)) - raft.server.storage.free-space.min = 0MB (=0) (default)
2022-02-24 16:55:50,344 [pool-383-thread-1] INFO  storage.RaftStorageDirectory (RaftStorageDirectoryImpl.java:analyzeStorage(135)) - The storage directory /home/runner/work/ozone/ozone/hadoop-ozone/integration-test/target/test-dir/MiniOzoneClusterImpl-a9e0dedd-d836-4895-9472-52c2256152d3/datanode-3/data/ratis/31d398e6-9b90-466b-8763-05e598691da2 does not exist. Creating ...
2022-02-24 16:55:50,346 [pool-383-thread-1] INFO  storage.RaftStorageDirectory (RaftStorageDirectoryImpl.java:tryLock(230)) - Lock on /home/runner/work/ozone/ozone/hadoop-ozone/integration-test/target/test-dir/MiniOzoneClusterImpl-a9e0dedd-d836-4895-9472-52c2256152d3/datanode-3/data/ratis/31d398e6-9b90-466b-8763-05e598691da2/in_use.lock acquired by nodename 3150@fv-az59-243
2022-02-24 16:55:50,355 [pool-383-thread-1] INFO  storage.RaftStorage (RaftStorageImpl.java:format(89)) - Storage directory /home/runner/work/ozone/ozone/hadoop-ozone/integration-test/target/test-dir/MiniOzoneClusterImpl-a9e0dedd-d836-4895-9472-52c2256152d3/datanode-3/data/ratis/31d398e6-9b90-466b-8763-05e598691da2 has been successfully formatted.
2022-02-24 16:55:50,355 [pool-383-thread-1] INFO  ratis.ContainerStateMachine (ContainerStateMachine.java:loadSnapshot(236)) - group-05E598691DA2: The snapshot info is null. Setting the last applied indexto:(t:0, i:~)
2022-02-24 16:55:50,357 [EventQueue-OpenPipelineForHealthyPipelineSafeModeRule] INFO  safemode.SCMSafeModeManager (HealthyPipelineSafeModeRule.java:process(124)) - SCM in safe mode. Healthy pipelines reported count is 0, required healthy pipeline reported count is 1
2022-02-24 16:55:50,357 [pool-383-thread-1] INFO  server.RaftServerConfigKeys (ConfUtils.java:logGet(44)) - raft.server.notification.no-leader.timeout = 300000ms (custom)
2022-02-24 16:55:50,357 [pool-383-thread-1] INFO  server.RaftServerConfigKeys (ConfUtils.java:logGet(44)) - raft.server.log.use.memory = false (default)
2022-02-24 16:55:50,357 [pool-383-thread-1] INFO  server.RaftServerConfigKeys (ConfUtils.java:logGet(44)) - raft.server.log.purge.gap = 1000000 (custom)
2022-02-24 16:55:50,357 [pool-383-thread-1] INFO  server.RaftServerConfigKeys (ConfUtils.java:logGet(44)) - raft.server.log.appender.buffer.byte-limit = 33554432 (custom)
2022-02-24 16:55:50,357 [pool-383-thread-1] INFO  server.RaftServerConfigKeys (ConfUtils.java:logGet(44)) - raft.server.log.segment.size.max = 1048576 (custom)
2022-02-24 16:55:50,358 [pool-383-thread-1] INFO  server.RaftServerConfigKeys (ConfUtils.java:logGet(44)) - raft.server.log.segment.cache.num.max = 2 (custom)
2022-02-24 16:55:50,358 [pool-383-thread-1] INFO  server.RaftServerConfigKeys (ConfUtils.java:logGet(44)) - raft.server.log.segment.cache.size.max = 200MB (=209715200) (default)
2022-02-24 16:55:50,358 [pool-383-thread-1] INFO  segmented.SegmentedRaftLogWorker (SegmentedRaftLogWorker.java:<init>(182)) - new 2ccab0b5-4479-416a-9931-5373164cc31d@group-05E598691DA2-SegmentedRaftLogWorker for RaftStorageImpl:Storage Directory /home/runner/work/ozone/ozone/hadoop-ozone/integration-test/target/test-dir/MiniOzoneClusterImpl-a9e0dedd-d836-4895-9472-52c2256152d3/datanode-3/data/ratis/31d398e6-9b90-466b-8763-05e598691da2
2022-02-24 16:55:50,358 [pool-383-thread-1] INFO  server.RaftServerConfigKeys (ConfUtils.java:logGet(44)) - raft.server.log.queue.byte-limit = 4294967296 (custom)
2022-02-24 16:55:50,358 [pool-383-thread-1] INFO  server.RaftServerConfigKeys (ConfUtils.java:logGet(44)) - raft.server.log.queue.element-limit = 1024 (custom)
2022-02-24 16:55:50,358 [pool-383-thread-1] INFO  server.RaftServerConfigKeys (ConfUtils.java:logGet(44)) - raft.server.log.segment.size.max = 1048576 (custom)
2022-02-24 16:55:50,358 [pool-383-thread-1] INFO  server.RaftServerConfigKeys (ConfUtils.java:logGet(44)) - raft.server.log.preallocated.size = 16384 (custom)
2022-02-24 16:55:50,358 [pool-383-thread-1] INFO  server.RaftServerConfigKeys (ConfUtils.java:logGet(44)) - raft.server.log.force.sync.num = 128 (default)
2022-02-24 16:55:50,358 [pool-383-thread-1] INFO  server.RaftServerConfigKeys (ConfUtils.java:logGet(44)) - raft.server.log.statemachine.data.sync = true (default)
2022-02-24 16:55:50,358 [pool-383-thread-1] INFO  server.RaftServerConfigKeys (ConfUtils.java:logGet(44)) - raft.server.log.statemachine.data.sync.timeout = 10s (default)
2022-02-24 16:55:50,358 [pool-383-thread-1] INFO  server.RaftServerConfigKeys (ConfUtils.java:logGet(44)) - raft.server.log.statemachine.data.sync.timeout.retry = -1 (default)
2022-02-24 16:55:50,359 [pool-383-thread-1] INFO  server.RaftServerConfigKeys (ConfUtils.java:logGet(44)) - raft.server.log.write.buffer.size = 1048576 (custom)
2022-02-24 16:55:50,359 [pool-383-thread-1] INFO  server.RaftServerConfigKeys (ConfUtils.java:logGet(44)) - raft.server.log.statemachine.data.caching.enabled = true (custom)
2022-02-24 16:55:50,360 [pool-383-thread-1] INFO  segmented.SegmentedRaftLogWorker (SegmentedRaftLogWorker.java:lambda$new$0(133)) - 2ccab0b5-4479-416a-9931-5373164cc31d@group-05E598691DA2-SegmentedRaftLogWorker: flushIndex: setUnconditionally 0 -> -1
2022-02-24 16:55:50,360 [pool-383-thread-1] INFO  segmented.SegmentedRaftLogWorker (SegmentedRaftLogWorker.java:lambda$new$0(133)) - 2ccab0b5-4479-416a-9931-5373164cc31d@group-05E598691DA2-SegmentedRaftLogWorker: safeCacheEvictIndex: setUnconditionally 0 -> -1
2022-02-24 16:55:50,375 [pool-383-thread-1] INFO  server.RaftServerConfigKeys (ConfUtils.java:logGet(44)) - raft.server.snapshot.auto.trigger.enabled = true (custom)
2022-02-24 16:55:50,375 [pool-383-thread-1] INFO  server.RaftServerConfigKeys (ConfUtils.java:logGet(44)) - raft.server.snapshot.auto.trigger.threshold = 10000 (custom)
2022-02-24 16:55:50,375 [pool-383-thread-1] INFO  server.RaftServerConfigKeys (ConfUtils.java:logGet(44)) - raft.server.snapshot.retention.file.num = 5 (custom)
2022-02-24 16:55:50,375 [pool-383-thread-1] INFO  server.RaftServerConfigKeys (ConfUtils.java:logGet(44)) - raft.server.log.purge.upto.snapshot.index = false (default)
2022-02-24 16:55:50,375 [pool-383-thread-1] INFO  server.RaftServerConfigKeys (ConfUtils.java:logGet(44)) - raft.server.retrycache.expirytime = 600000ms (custom)
2022-02-24 16:55:50,375 [pool-383-thread-1] INFO  server.RaftServerConfigKeys (ConfUtils.java:logGet(44)) - raft.server.retrycache.statistics.expirytime = 100μs (default)
2022-02-24 16:55:50,376 [pool-383-thread-1] INFO  server.RaftServer$Division (RaftServerImpl.java:start(301)) - 2ccab0b5-4479-416a-9931-5373164cc31d@group-05E598691DA2: start as a follower, conf=-1: [6aa02a95-f8ab-442c-9ba0-fd232060c81a|rpc:10.1.0.37:41563|priority:0, 2ccab0b5-4479-416a-9931-5373164cc31d|rpc:10.1.0.37:41069|priority:0, 37eb1d61-39bb-4850-ab96-a7546aa7d2af|rpc:10.1.0.37:34927|priority:1], old=null
2022-02-24 16:55:50,376 [pool-383-thread-1] INFO  server.RaftServer$Division (RaftServerImpl.java:setRole(290)) - 2ccab0b5-4479-416a-9931-5373164cc31d@group-05E598691DA2: changes role from      null to FOLLOWER at term 0 for startAsFollower
2022-02-24 16:55:50,379 [pool-383-thread-1] INFO  impl.RoleInfo (RoleInfo.java:updateAndGet(130)) - 2ccab0b5-4479-416a-9931-5373164cc31d: start 2ccab0b5-4479-416a-9931-5373164cc31d@group-05E598691DA2-FollowerState
2022-02-24 16:55:50,397 [pool-383-thread-1] INFO  util.JmxRegister (JmxRegister.java:tryRegister(44)) - Successfully registered JMX Bean with object name Ratis:service=RaftServer,group=group-05E598691DA2,id=2ccab0b5-4479-416a-9931-5373164cc31d
2022-02-24 16:55:50,398 [Command processor thread] INFO  ratis.XceiverServerRatis (XceiverServerRatis.java:addGroup(769)) - Created group PipelineID=31d398e6-9b90-466b-8763-05e598691da2
2022-02-24 16:55:50,454 [grpc-default-executor-3] INFO  server.RaftServer (RaftServerProxy.java:addNew(95)) - 6aa02a95-f8ab-442c-9ba0-fd232060c81a: addNew group-05E598691DA2:[6aa02a95-f8ab-442c-9ba0-fd232060c81a|rpc:10.1.0.37:41563|dataStream:|priority:0, 2ccab0b5-4479-416a-9931-5373164cc31d|rpc:10.1.0.37:41069|dataStream:|priority:0, 37eb1d61-39bb-4850-ab96-a7546aa7d2af|rpc:10.1.0.37:34927|dataStream:|priority:1] returns group-05E598691DA2:java.util.concurrent.CompletableFuture@bcadead[Not completed]
2022-02-24 16:55:50,455 [pool-404-thread-1] INFO  server.RaftServer$Division (RaftServerImpl.java:<init>(184)) - 6aa02a95-f8ab-442c-9ba0-fd232060c81a: new RaftServerImpl for group-05E598691DA2:[6aa02a95-f8ab-442c-9ba0-fd232060c81a|rpc:10.1.0.37:41563|dataStream:|priority:0, 2ccab0b5-4479-416a-9931-5373164cc31d|rpc:10.1.0.37:41069|dataStream:|priority:0, 37eb1d61-39bb-4850-ab96-a7546aa7d2af|rpc:10.1.0.37:34927|dataStream:|priority:1] with ContainerStateMachine:uninitialized
2022-02-24 16:55:50,455 [pool-404-thread-1] INFO  server.RaftServerConfigKeys (ConfUtils.java:logGet(44)) - raft.server.rpc.timeout.min = 5s (custom)
2022-02-24 16:55:50,455 [pool-404-thread-1] INFO  server.RaftServerConfigKeys (ConfUtils.java:logGet(44)) - raft.server.rpc.timeout.max = 5200ms (custom)
2022-02-24 16:55:50,455 [pool-404-thread-1] INFO  server.RaftServerConfigKeys (ConfUtils.java:logGet(44)) - raft.server.rpc.sleep.time = 25ms (default)
2022-02-24 16:55:50,455 [pool-404-thread-1] INFO  server.RaftServerConfigKeys (ConfUtils.java:logGet(44)) - raft.server.rpc.slowness.timeout = 300000ms (custom)
2022-02-24 16:55:50,455 [pool-404-thread-1] INFO  server.RaftServerConfigKeys (ConfUtils.java:logGet(44)) - raft.server.leaderelection.leader.step-down.wait-time = 10s (default)
2022-02-24 16:55:50,455 [pool-404-thread-1] INFO  server.RaftServerConfigKeys (ConfUtils.java:logGet(44)) - raft.server.sleep.deviation.threshold = 300ms (default)
2022-02-24 16:55:50,455 [pool-404-thread-1] INFO  server.RaftServerConfigKeys (ConfUtils.java:logGet(44)) - raft.server.log.appender.install.snapshot.enabled = false (custom)
2022-02-24 16:55:50,456 [pool-404-thread-1] INFO  server.RaftServer$Division (ServerState.java:<init>(105)) - 6aa02a95-f8ab-442c-9ba0-fd232060c81a@group-05E598691DA2: ConfigurationManager, init=-1: [6aa02a95-f8ab-442c-9ba0-fd232060c81a|rpc:10.1.0.37:41563|dataStream:|priority:0, 2ccab0b5-4479-416a-9931-5373164cc31d|rpc:10.1.0.37:41069|dataStream:|priority:0, 37eb1d61-39bb-4850-ab96-a7546aa7d2af|rpc:10.1.0.37:34927|dataStream:|priority:1], old=null, confs=<EMPTY_MAP>
2022-02-24 16:55:50,456 [pool-404-thread-1] INFO  server.RaftServerConfigKeys (ConfUtils.java:logGet(44)) - raft.server.storage.dir = [/home/runner/work/ozone/ozone/hadoop-ozone/integration-test/target/test-dir/MiniOzoneClusterImpl-a9e0dedd-d836-4895-9472-52c2256152d3/datanode-4/data/ratis] (custom)
2022-02-24 16:55:50,456 [pool-404-thread-1] INFO  server.RaftServerConfigKeys (ConfUtils.java:logGet(44)) - raft.server.log.corruption.policy = EXCEPTION (default)
2022-02-24 16:55:50,456 [pool-404-thread-1] INFO  server.RaftServerConfigKeys (ConfUtils.java:logGet(44)) - raft.server.storage.free-space.min = 0MB (=0) (default)
2022-02-24 16:55:50,456 [pool-404-thread-1] INFO  storage.RaftStorageDirectory (RaftStorageDirectoryImpl.java:analyzeStorage(135)) - The storage directory /home/runner/work/ozone/ozone/hadoop-ozone/integration-test/target/test-dir/MiniOzoneClusterImpl-a9e0dedd-d836-4895-9472-52c2256152d3/datanode-4/data/ratis/31d398e6-9b90-466b-8763-05e598691da2 does not exist. Creating ...
2022-02-24 16:55:50,459 [pool-404-thread-1] INFO  storage.RaftStorageDirectory (RaftStorageDirectoryImpl.java:tryLock(230)) - Lock on /home/runner/work/ozone/ozone/hadoop-ozone/integration-test/target/test-dir/MiniOzoneClusterImpl-a9e0dedd-d836-4895-9472-52c2256152d3/datanode-4/data/ratis/31d398e6-9b90-466b-8763-05e598691da2/in_use.lock acquired by nodename 3150@fv-az59-243
2022-02-24 16:55:50,462 [pool-404-thread-1] INFO  storage.RaftStorage (RaftStorageImpl.java:format(89)) - Storage directory /home/runner/work/ozone/ozone/hadoop-ozone/integration-test/target/test-dir/MiniOzoneClusterImpl-a9e0dedd-d836-4895-9472-52c2256152d3/datanode-4/data/ratis/31d398e6-9b90-466b-8763-05e598691da2 has been successfully formatted.
2022-02-24 16:55:50,462 [pool-404-thread-1] INFO  ratis.ContainerStateMachine (ContainerStateMachine.java:loadSnapshot(236)) - group-05E598691DA2: The snapshot info is null. Setting the last applied indexto:(t:0, i:~)
2022-02-24 16:55:50,462 [pool-404-thread-1] INFO  server.RaftServerConfigKeys (ConfUtils.java:logGet(44)) - raft.server.notification.no-leader.timeout = 300000ms (custom)
2022-02-24 16:55:50,463 [pool-404-thread-1] INFO  server.RaftServerConfigKeys (ConfUtils.java:logGet(44)) - raft.server.log.use.memory = false (default)
2022-02-24 16:55:50,463 [pool-404-thread-1] INFO  server.RaftServerConfigKeys (ConfUtils.java:logGet(44)) - raft.server.log.purge.gap = 1000000 (custom)
2022-02-24 16:55:50,463 [pool-404-thread-1] INFO  server.RaftServerConfigKeys (ConfUtils.java:logGet(44)) - raft.server.log.appender.buffer.byte-limit = 33554432 (custom)
2022-02-24 16:55:50,463 [pool-404-thread-1] INFO  server.RaftServerConfigKeys (ConfUtils.java:logGet(44)) - raft.server.log.segment.size.max = 1048576 (custom)
2022-02-24 16:55:50,463 [pool-404-thread-1] INFO  server.RaftServerConfigKeys (ConfUtils.java:logGet(44)) - raft.server.log.segment.cache.num.max = 2 (custom)
2022-02-24 16:55:50,463 [pool-404-thread-1] INFO  server.RaftServerConfigKeys (ConfUtils.java:logGet(44)) - raft.server.log.segment.cache.size.max = 200MB (=209715200) (default)
2022-02-24 16:55:50,463 [pool-404-thread-1] INFO  segmented.SegmentedRaftLogWorker (SegmentedRaftLogWorker.java:<init>(182)) - new 6aa02a95-f8ab-442c-9ba0-fd232060c81a@group-05E598691DA2-SegmentedRaftLogWorker for RaftStorageImpl:Storage Directory /home/runner/work/ozone/ozone/hadoop-ozone/integration-test/target/test-dir/MiniOzoneClusterImpl-a9e0dedd-d836-4895-9472-52c2256152d3/datanode-4/data/ratis/31d398e6-9b90-466b-8763-05e598691da2
2022-02-24 16:55:50,463 [pool-404-thread-1] INFO  server.RaftServerConfigKeys (ConfUtils.java:logGet(44)) - raft.server.log.queue.byte-limit = 4294967296 (custom)
2022-02-24 16:55:50,463 [pool-404-thread-1] INFO  server.RaftServerConfigKeys (ConfUtils.java:logGet(44)) - raft.server.log.queue.element-limit = 1024 (custom)
2022-02-24 16:55:50,463 [pool-404-thread-1] INFO  server.RaftServerConfigKeys (ConfUtils.java:logGet(44)) - raft.server.log.segment.size.max = 1048576 (custom)
2022-02-24 16:55:50,463 [pool-404-thread-1] INFO  server.RaftServerConfigKeys (ConfUtils.java:logGet(44)) - raft.server.log.preallocated.size = 16384 (custom)
2022-02-24 16:55:50,463 [pool-404-thread-1] INFO  server.RaftServerConfigKeys (ConfUtils.java:logGet(44)) - raft.server.log.force.sync.num = 128 (default)
2022-02-24 16:55:50,464 [pool-404-thread-1] INFO  server.RaftServerConfigKeys (ConfUtils.java:logGet(44)) - raft.server.log.statemachine.data.sync = true (default)
2022-02-24 16:55:50,464 [pool-404-thread-1] INFO  server.RaftServerConfigKeys (ConfUtils.java:logGet(44)) - raft.server.log.statemachine.data.sync.timeout = 10s (default)
2022-02-24 16:55:50,464 [pool-404-thread-1] INFO  server.RaftServerConfigKeys (ConfUtils.java:logGet(44)) - raft.server.log.statemachine.data.sync.timeout.retry = -1 (default)
2022-02-24 16:55:50,464 [pool-404-thread-1] INFO  server.RaftServerConfigKeys (ConfUtils.java:logGet(44)) - raft.server.log.write.buffer.size = 1048576 (custom)
2022-02-24 16:55:50,465 [pool-404-thread-1] INFO  server.RaftServerConfigKeys (ConfUtils.java:logGet(44)) - raft.server.log.statemachine.data.caching.enabled = true (custom)
2022-02-24 16:55:50,465 [pool-404-thread-1] INFO  segmented.SegmentedRaftLogWorker (SegmentedRaftLogWorker.java:lambda$new$0(133)) - 6aa02a95-f8ab-442c-9ba0-fd232060c81a@group-05E598691DA2-SegmentedRaftLogWorker: flushIndex: setUnconditionally 0 -> -1
2022-02-24 16:55:50,465 [pool-404-thread-1] INFO  segmented.SegmentedRaftLogWorker (SegmentedRaftLogWorker.java:lambda$new$0(133)) - 6aa02a95-f8ab-442c-9ba0-fd232060c81a@group-05E598691DA2-SegmentedRaftLogWorker: safeCacheEvictIndex: setUnconditionally 0 -> -1
2022-02-24 16:55:50,474 [pool-404-thread-1] INFO  server.RaftServerConfigKeys (ConfUtils.java:logGet(44)) - raft.server.snapshot.auto.trigger.enabled = true (custom)
2022-02-24 16:55:50,474 [pool-404-thread-1] INFO  server.RaftServerConfigKeys (ConfUtils.java:logGet(44)) - raft.server.snapshot.auto.trigger.threshold = 10000 (custom)
2022-02-24 16:55:50,474 [pool-404-thread-1] INFO  server.RaftServerConfigKeys (ConfUtils.java:logGet(44)) - raft.server.snapshot.retention.file.num = 5 (custom)
2022-02-24 16:55:50,474 [pool-404-thread-1] INFO  server.RaftServerConfigKeys (ConfUtils.java:logGet(44)) - raft.server.log.purge.upto.snapshot.index = false (default)
2022-02-24 16:55:50,474 [pool-404-thread-1] INFO  server.RaftServerConfigKeys (ConfUtils.java:logGet(44)) - raft.server.retrycache.expirytime = 600000ms (custom)
2022-02-24 16:55:50,474 [pool-404-thread-1] INFO  server.RaftServerConfigKeys (ConfUtils.java:logGet(44)) - raft.server.retrycache.statistics.expirytime = 100μs (default)
2022-02-24 16:55:50,479 [pool-404-thread-1] INFO  server.RaftServer$Division (RaftServerImpl.java:start(301)) - 6aa02a95-f8ab-442c-9ba0-fd232060c81a@group-05E598691DA2: start as a follower, conf=-1: [6aa02a95-f8ab-442c-9ba0-fd232060c81a|rpc:10.1.0.37:41563|dataStream:|priority:0, 2ccab0b5-4479-416a-9931-5373164cc31d|rpc:10.1.0.37:41069|dataStream:|priority:0, 37eb1d61-39bb-4850-ab96-a7546aa7d2af|rpc:10.1.0.37:34927|dataStream:|priority:1], old=null
2022-02-24 16:55:50,479 [pool-404-thread-1] INFO  server.RaftServer$Division (RaftServerImpl.java:setRole(290)) - 6aa02a95-f8ab-442c-9ba0-fd232060c81a@group-05E598691DA2: changes role from      null to FOLLOWER at term 0 for startAsFollower
2022-02-24 16:55:50,479 [pool-404-thread-1] INFO  impl.RoleInfo (RoleInfo.java:updateAndGet(130)) - 6aa02a95-f8ab-442c-9ba0-fd232060c81a: start 6aa02a95-f8ab-442c-9ba0-fd232060c81a@group-05E598691DA2-FollowerState
2022-02-24 16:55:50,491 [pool-404-thread-1] INFO  util.JmxRegister (JmxRegister.java:tryRegister(44)) - Successfully registered JMX Bean with object name Ratis:service=RaftServer,group=group-05E598691DA2,id=6aa02a95-f8ab-442c-9ba0-fd232060c81a
2022-02-24 16:55:50,532 [grpc-default-executor-3] INFO  server.RaftServer (RaftServerProxy.java:addNew(95)) - 37eb1d61-39bb-4850-ab96-a7546aa7d2af: addNew group-05E598691DA2:[6aa02a95-f8ab-442c-9ba0-fd232060c81a|rpc:10.1.0.37:41563|dataStream:|priority:0, 2ccab0b5-4479-416a-9931-5373164cc31d|rpc:10.1.0.37:41069|dataStream:|priority:0, 37eb1d61-39bb-4850-ab96-a7546aa7d2af|rpc:10.1.0.37:34927|dataStream:|priority:1] returns group-05E598691DA2:java.util.concurrent.CompletableFuture@1a9bceb1[Not completed]
2022-02-24 16:55:50,533 [pool-425-thread-1] INFO  server.RaftServer$Division (RaftServerImpl.java:<init>(184)) - 37eb1d61-39bb-4850-ab96-a7546aa7d2af: new RaftServerImpl for group-05E598691DA2:[6aa02a95-f8ab-442c-9ba0-fd232060c81a|rpc:10.1.0.37:41563|dataStream:|priority:0, 2ccab0b5-4479-416a-9931-5373164cc31d|rpc:10.1.0.37:41069|dataStream:|priority:0, 37eb1d61-39bb-4850-ab96-a7546aa7d2af|rpc:10.1.0.37:34927|dataStream:|priority:1] with ContainerStateMachine:uninitialized
2022-02-24 16:55:50,533 [pool-425-thread-1] INFO  server.RaftServerConfigKeys (ConfUtils.java:logGet(44)) - raft.server.rpc.timeout.min = 5s (custom)
2022-02-24 16:55:50,533 [pool-425-thread-1] INFO  server.RaftServerConfigKeys (ConfUtils.java:logGet(44)) - raft.server.rpc.timeout.max = 5200ms (custom)
2022-02-24 16:55:50,533 [pool-425-thread-1] INFO  server.RaftServerConfigKeys (ConfUtils.java:logGet(44)) - raft.server.rpc.sleep.time = 25ms (default)
2022-02-24 16:55:50,533 [pool-425-thread-1] INFO  server.RaftServerConfigKeys (ConfUtils.java:logGet(44)) - raft.server.rpc.slowness.timeout = 300000ms (custom)
2022-02-24 16:55:50,533 [pool-425-thread-1] INFO  server.RaftServerConfigKeys (ConfUtils.java:logGet(44)) - raft.server.leaderelection.leader.step-down.wait-time = 10s (default)
2022-02-24 16:55:50,533 [pool-425-thread-1] INFO  server.RaftServerConfigKeys (ConfUtils.java:logGet(44)) - raft.server.sleep.deviation.threshold = 300ms (default)
2022-02-24 16:55:50,533 [pool-425-thread-1] INFO  server.RaftServerConfigKeys (ConfUtils.java:logGet(44)) - raft.server.log.appender.install.snapshot.enabled = false (custom)
2022-02-24 16:55:50,533 [pool-425-thread-1] INFO  server.RaftServer$Division (ServerState.java:<init>(105)) - 37eb1d61-39bb-4850-ab96-a7546aa7d2af@group-05E598691DA2: ConfigurationManager, init=-1: [6aa02a95-f8ab-442c-9ba0-fd232060c81a|rpc:10.1.0.37:41563|dataStream:|priority:0, 2ccab0b5-4479-416a-9931-5373164cc31d|rpc:10.1.0.37:41069|dataStream:|priority:0, 37eb1d61-39bb-4850-ab96-a7546aa7d2af|rpc:10.1.0.37:34927|dataStream:|priority:1], old=null, confs=<EMPTY_MAP>
2022-02-24 16:55:50,533 [pool-425-thread-1] INFO  server.RaftServerConfigKeys (ConfUtils.java:logGet(44)) - raft.server.storage.dir = [/home/runner/work/ozone/ozone/hadoop-ozone/integration-test/target/test-dir/MiniOzoneClusterImpl-a9e0dedd-d836-4895-9472-52c2256152d3/datanode-5/data/ratis] (custom)
2022-02-24 16:55:50,533 [pool-425-thread-1] INFO  server.RaftServerConfigKeys (ConfUtils.java:logGet(44)) - raft.server.log.corruption.policy = EXCEPTION (default)
2022-02-24 16:55:50,533 [pool-425-thread-1] INFO  server.RaftServerConfigKeys (ConfUtils.java:logGet(44)) - raft.server.storage.free-space.min = 0MB (=0) (default)
2022-02-24 16:55:50,533 [pool-425-thread-1] INFO  storage.RaftStorageDirectory (RaftStorageDirectoryImpl.java:analyzeStorage(135)) - The storage directory /home/runner/work/ozone/ozone/hadoop-ozone/integration-test/target/test-dir/MiniOzoneClusterImpl-a9e0dedd-d836-4895-9472-52c2256152d3/datanode-5/data/ratis/31d398e6-9b90-466b-8763-05e598691da2 does not exist. Creating ...
2022-02-24 16:55:50,536 [pool-425-thread-1] INFO  storage.RaftStorageDirectory (RaftStorageDirectoryImpl.java:tryLock(230)) - Lock on /home/runner/work/ozone/ozone/hadoop-ozone/integration-test/target/test-dir/MiniOzoneClusterImpl-a9e0dedd-d836-4895-9472-52c2256152d3/datanode-5/data/ratis/31d398e6-9b90-466b-8763-05e598691da2/in_use.lock acquired by nodename 3150@fv-az59-243
2022-02-24 16:55:50,539 [pool-425-thread-1] INFO  storage.RaftStorage (RaftStorageImpl.java:format(89)) - Storage directory /home/runner/work/ozone/ozone/hadoop-ozone/integration-test/target/test-dir/MiniOzoneClusterImpl-a9e0dedd-d836-4895-9472-52c2256152d3/datanode-5/data/ratis/31d398e6-9b90-466b-8763-05e598691da2 has been successfully formatted.
2022-02-24 16:55:50,541 [pool-425-thread-1] INFO  ratis.ContainerStateMachine (ContainerStateMachine.java:loadSnapshot(236)) - group-05E598691DA2: The snapshot info is null. Setting the last applied indexto:(t:0, i:~)
2022-02-24 16:55:50,541 [pool-425-thread-1] INFO  server.RaftServerConfigKeys (ConfUtils.java:logGet(44)) - raft.server.notification.no-leader.timeout = 300000ms (custom)
2022-02-24 16:55:50,541 [pool-425-thread-1] INFO  server.RaftServerConfigKeys (ConfUtils.java:logGet(44)) - raft.server.log.use.memory = false (default)
2022-02-24 16:55:50,541 [pool-425-thread-1] INFO  server.RaftServerConfigKeys (ConfUtils.java:logGet(44)) - raft.server.log.purge.gap = 1000000 (custom)
2022-02-24 16:55:50,541 [pool-425-thread-1] INFO  server.RaftServerConfigKeys (ConfUtils.java:logGet(44)) - raft.server.log.appender.buffer.byte-limit = 33554432 (custom)
2022-02-24 16:55:50,542 [pool-425-thread-1] INFO  server.RaftServerConfigKeys (ConfUtils.java:logGet(44)) - raft.server.log.segment.size.max = 1048576 (custom)
2022-02-24 16:55:50,542 [pool-425-thread-1] INFO  server.RaftServerConfigKeys (ConfUtils.java:logGet(44)) - raft.server.log.segment.cache.num.max = 2 (custom)
2022-02-24 16:55:50,542 [pool-425-thread-1] INFO  server.RaftServerConfigKeys (ConfUtils.java:logGet(44)) - raft.server.log.segment.cache.size.max = 200MB (=209715200) (default)
2022-02-24 16:55:50,542 [pool-425-thread-1] INFO  segmented.SegmentedRaftLogWorker (SegmentedRaftLogWorker.java:<init>(182)) - new 37eb1d61-39bb-4850-ab96-a7546aa7d2af@group-05E598691DA2-SegmentedRaftLogWorker for RaftStorageImpl:Storage Directory /home/runner/work/ozone/ozone/hadoop-ozone/integration-test/target/test-dir/MiniOzoneClusterImpl-a9e0dedd-d836-4895-9472-52c2256152d3/datanode-5/data/ratis/31d398e6-9b90-466b-8763-05e598691da2
2022-02-24 16:55:50,542 [pool-425-thread-1] INFO  server.RaftServerConfigKeys (ConfUtils.java:logGet(44)) - raft.server.log.queue.byte-limit = 4294967296 (custom)
2022-02-24 16:55:50,542 [pool-425-thread-1] INFO  server.RaftServerConfigKeys (ConfUtils.java:logGet(44)) - raft.server.log.queue.element-limit = 1024 (custom)
2022-02-24 16:55:50,542 [pool-425-thread-1] INFO  server.RaftServerConfigKeys (ConfUtils.java:logGet(44)) - raft.server.log.segment.size.max = 1048576 (custom)
2022-02-24 16:55:50,543 [pool-425-thread-1] INFO  server.RaftServerConfigKeys (ConfUtils.java:logGet(44)) - raft.server.log.preallocated.size = 16384 (custom)
2022-02-24 16:55:50,543 [pool-425-thread-1] INFO  server.RaftServerConfigKeys (ConfUtils.java:logGet(44)) - raft.server.log.force.sync.num = 128 (default)
2022-02-24 16:55:50,543 [pool-425-thread-1] INFO  server.RaftServerConfigKeys (ConfUtils.java:logGet(44)) - raft.server.log.statemachine.data.sync = true (default)
2022-02-24 16:55:50,543 [pool-425-thread-1] INFO  server.RaftServerConfigKeys (ConfUtils.java:logGet(44)) - raft.server.log.statemachine.data.sync.timeout = 10s (default)
2022-02-24 16:55:50,543 [pool-425-thread-1] INFO  server.RaftServerConfigKeys (ConfUtils.java:logGet(44)) - raft.server.log.statemachine.data.sync.timeout.retry = -1 (default)
2022-02-24 16:55:50,544 [pool-425-thread-1] INFO  server.RaftServerConfigKeys (ConfUtils.java:logGet(44)) - raft.server.log.write.buffer.size = 1048576 (custom)
2022-02-24 16:55:50,547 [pool-425-thread-1] INFO  server.RaftServerConfigKeys (ConfUtils.java:logGet(44)) - raft.server.log.statemachine.data.caching.enabled = true (custom)
2022-02-24 16:55:50,551 [pool-425-thread-1] INFO  segmented.SegmentedRaftLogWorker (SegmentedRaftLogWorker.java:lambda$new$0(133)) - 37eb1d61-39bb-4850-ab96-a7546aa7d2af@group-05E598691DA2-SegmentedRaftLogWorker: flushIndex: setUnconditionally 0 -> -1
2022-02-24 16:55:50,551 [pool-425-thread-1] INFO  segmented.SegmentedRaftLogWorker (SegmentedRaftLogWorker.java:lambda$new$0(133)) - 37eb1d61-39bb-4850-ab96-a7546aa7d2af@group-05E598691DA2-SegmentedRaftLogWorker: safeCacheEvictIndex: setUnconditionally 0 -> -1
2022-02-24 16:55:50,554 [pool-425-thread-1] INFO  server.RaftServerConfigKeys (ConfUtils.java:logGet(44)) - raft.server.snapshot.auto.trigger.enabled = true (custom)
2022-02-24 16:55:50,554 [pool-425-thread-1] INFO  server.RaftServerConfigKeys (ConfUtils.java:logGet(44)) - raft.server.snapshot.auto.trigger.threshold = 10000 (custom)
2022-02-24 16:55:50,554 [pool-425-thread-1] INFO  server.RaftServerConfigKeys (ConfUtils.java:logGet(44)) - raft.server.snapshot.retention.file.num = 5 (custom)
2022-02-24 16:55:50,554 [pool-425-thread-1] INFO  server.RaftServerConfigKeys (ConfUtils.java:logGet(44)) - raft.server.log.purge.upto.snapshot.index = false (default)
2022-02-24 16:55:50,554 [pool-425-thread-1] INFO  server.RaftServerConfigKeys (ConfUtils.java:logGet(44)) - raft.server.retrycache.expirytime = 600000ms (custom)
2022-02-24 16:55:50,554 [pool-425-thread-1] INFO  server.RaftServerConfigKeys (ConfUtils.java:logGet(44)) - raft.server.retrycache.statistics.expirytime = 100μs (default)
2022-02-24 16:55:50,555 [pool-425-thread-1] INFO  server.RaftServer$Division (RaftServerImpl.java:start(301)) - 37eb1d61-39bb-4850-ab96-a7546aa7d2af@group-05E598691DA2: start as a follower, conf=-1: [6aa02a95-f8ab-442c-9ba0-fd232060c81a|rpc:10.1.0.37:41563|dataStream:|priority:0, 2ccab0b5-4479-416a-9931-5373164cc31d|rpc:10.1.0.37:41069|dataStream:|priority:0, 37eb1d61-39bb-4850-ab96-a7546aa7d2af|rpc:10.1.0.37:34927|dataStream:|priority:1], old=null
2022-02-24 16:55:50,556 [pool-425-thread-1] INFO  server.RaftServer$Division (RaftServerImpl.java:setRole(290)) - 37eb1d61-39bb-4850-ab96-a7546aa7d2af@group-05E598691DA2: changes role from      null to FOLLOWER at term 0 for startAsFollower
2022-02-24 16:55:50,556 [pool-425-thread-1] INFO  impl.RoleInfo (RoleInfo.java:updateAndGet(130)) - 37eb1d61-39bb-4850-ab96-a7546aa7d2af: start 37eb1d61-39bb-4850-ab96-a7546aa7d2af@group-05E598691DA2-FollowerState
2022-02-24 16:55:50,567 [Command processor thread] INFO  server.RaftServer (RaftServerProxy.java:addNew(95)) - 6aa02a95-f8ab-442c-9ba0-fd232060c81a: addNew group-56B0A5BD8601:[6aa02a95-f8ab-442c-9ba0-fd232060c81a|rpc:10.1.0.37:41563|priority:1] returns group-56B0A5BD8601:java.util.concurrent.CompletableFuture@20a3a5a8[Not completed]
2022-02-24 16:55:50,568 [pool-404-thread-1] INFO  server.RaftServer$Division (RaftServerImpl.java:<init>(184)) - 6aa02a95-f8ab-442c-9ba0-fd232060c81a: new RaftServerImpl for group-56B0A5BD8601:[6aa02a95-f8ab-442c-9ba0-fd232060c81a|rpc:10.1.0.37:41563|priority:1] with ContainerStateMachine:uninitialized
2022-02-24 16:55:50,568 [pool-404-thread-1] INFO  server.RaftServerConfigKeys (ConfUtils.java:logGet(44)) - raft.server.rpc.timeout.min = 5s (custom)
2022-02-24 16:55:50,568 [pool-404-thread-1] INFO  server.RaftServerConfigKeys (ConfUtils.java:logGet(44)) - raft.server.rpc.timeout.max = 5200ms (custom)
2022-02-24 16:55:50,568 [pool-404-thread-1] INFO  server.RaftServerConfigKeys (ConfUtils.java:logGet(44)) - raft.server.rpc.sleep.time = 25ms (default)
2022-02-24 16:55:50,568 [pool-404-thread-1] INFO  server.RaftServerConfigKeys (ConfUtils.java:logGet(44)) - raft.server.rpc.slowness.timeout = 300000ms (custom)
2022-02-24 16:55:50,568 [pool-404-thread-1] INFO  server.RaftServerConfigKeys (ConfUtils.java:logGet(44)) - raft.server.leaderelection.leader.step-down.wait-time = 10s (default)
2022-02-24 16:55:50,568 [pool-404-thread-1] INFO  server.RaftServerConfigKeys (ConfUtils.java:logGet(44)) - raft.server.sleep.deviation.threshold = 300ms (default)
2022-02-24 16:55:50,568 [pool-404-thread-1] INFO  server.RaftServerConfigKeys (ConfUtils.java:logGet(44)) - raft.server.log.appender.install.snapshot.enabled = false (custom)
2022-02-24 16:55:50,569 [pool-404-thread-1] INFO  server.RaftServer$Division (ServerState.java:<init>(105)) - 6aa02a95-f8ab-442c-9ba0-fd232060c81a@group-56B0A5BD8601: ConfigurationManager, init=-1: [6aa02a95-f8ab-442c-9ba0-fd232060c81a|rpc:10.1.0.37:41563|priority:1], old=null, confs=<EMPTY_MAP>
2022-02-24 16:55:50,569 [pool-404-thread-1] INFO  server.RaftServerConfigKeys (ConfUtils.java:logGet(44)) - raft.server.storage.dir = [/home/runner/work/ozone/ozone/hadoop-ozone/integration-test/target/test-dir/MiniOzoneClusterImpl-a9e0dedd-d836-4895-9472-52c2256152d3/datanode-4/data/ratis] (custom)
2022-02-24 16:55:50,569 [pool-404-thread-1] INFO  server.RaftServerConfigKeys (ConfUtils.java:logGet(44)) - raft.server.log.corruption.policy = EXCEPTION (default)
2022-02-24 16:55:50,569 [pool-404-thread-1] INFO  server.RaftServerConfigKeys (ConfUtils.java:logGet(44)) - raft.server.storage.free-space.min = 0MB (=0) (default)
2022-02-24 16:55:50,569 [pool-404-thread-1] INFO  storage.RaftStorageDirectory (RaftStorageDirectoryImpl.java:analyzeStorage(135)) - The storage directory /home/runner/work/ozone/ozone/hadoop-ozone/integration-test/target/test-dir/MiniOzoneClusterImpl-a9e0dedd-d836-4895-9472-52c2256152d3/datanode-4/data/ratis/86cbf4e9-b0db-4937-96de-56b0a5bd8601 does not exist. Creating ...
2022-02-24 16:55:50,570 [pool-404-thread-1] INFO  storage.RaftStorageDirectory (RaftStorageDirectoryImpl.java:tryLock(230)) - Lock on /home/runner/work/ozone/ozone/hadoop-ozone/integration-test/target/test-dir/MiniOzoneClusterImpl-a9e0dedd-d836-4895-9472-52c2256152d3/datanode-4/data/ratis/86cbf4e9-b0db-4937-96de-56b0a5bd8601/in_use.lock acquired by nodename 3150@fv-az59-243
2022-02-24 16:55:50,575 [pool-425-thread-1] INFO  util.JmxRegister (JmxRegister.java:tryRegister(44)) - Successfully registered JMX Bean with object name Ratis:service=RaftServer,group=group-05E598691DA2,id=37eb1d61-39bb-4850-ab96-a7546aa7d2af
2022-02-24 16:55:50,575 [pool-404-thread-1] INFO  storage.RaftStorage (RaftStorageImpl.java:format(89)) - Storage directory /home/runner/work/ozone/ozone/hadoop-ozone/integration-test/target/test-dir/MiniOzoneClusterImpl-a9e0dedd-d836-4895-9472-52c2256152d3/datanode-4/data/ratis/86cbf4e9-b0db-4937-96de-56b0a5bd8601 has been successfully formatted.
2022-02-24 16:55:50,576 [pool-404-thread-1] INFO  ratis.ContainerStateMachine (ContainerStateMachine.java:loadSnapshot(236)) - group-56B0A5BD8601: The snapshot info is null. Setting the last applied indexto:(t:0, i:~)
2022-02-24 16:55:50,576 [pool-404-thread-1] INFO  server.RaftServerConfigKeys (ConfUtils.java:logGet(44)) - raft.server.notification.no-leader.timeout = 300000ms (custom)
2022-02-24 16:55:50,576 [pool-404-thread-1] INFO  server.RaftServerConfigKeys (ConfUtils.java:logGet(44)) - raft.server.log.use.memory = false (default)
2022-02-24 16:55:50,576 [pool-404-thread-1] INFO  server.RaftServerConfigKeys (ConfUtils.java:logGet(44)) - raft.server.log.purge.gap = 1000000 (custom)
2022-02-24 16:55:50,576 [pool-404-thread-1] INFO  server.RaftServerConfigKeys (ConfUtils.java:logGet(44)) - raft.server.log.appender.buffer.byte-limit = 33554432 (custom)
2022-02-24 16:55:50,576 [pool-404-thread-1] INFO  server.RaftServerConfigKeys (ConfUtils.java:logGet(44)) - raft.server.log.segment.size.max = 1048576 (custom)
2022-02-24 16:55:50,577 [EventQueue-PipelineReportForPipelineReportHandler] INFO  pipeline.PipelineManagerImpl (PipelineManagerImpl.java:openPipeline(291)) - Pipeline Pipeline[ Id: 86cbf4e9-b0db-4937-96de-56b0a5bd8601, Nodes: 6aa02a95-f8ab-442c-9ba0-fd232060c81a{ip: 10.1.0.37, host: fv-az59-243.csjynl4pkq3e1pkirw3ssqjfoh.cx.internal.cloudapp.net, ports: [REPLICATION=40825, RATIS=41563, RATIS_ADMIN=41563, RATIS_SERVER=41563, STANDALONE=35321], networkLocation: /default-rack, certSerialId: null, persistedOpState: IN_SERVICE, persistedOpStateExpiryEpochSec: 0}, ReplicationConfig: RATIS/ONE, State:ALLOCATED, leaderId:6aa02a95-f8ab-442c-9ba0-fd232060c81a, CreationTimestamp2022-02-24T16:55:47.569Z[Etc/UTC]] moved to OPEN state
2022-02-24 16:55:50,578 [77c6fe3f-1b7a-40d0-9616-c5318e50343e@group-52C2256152D3-StateMachineUpdater] INFO  safemode.HealthyPipelineSafeModeRule (HealthyPipelineSafeModeRule.java:initializeRule(152)) - Refreshed total pipeline count is 0, healthy pipeline threshold count is 1
2022-02-24 16:55:50,579 [EventQueue-OpenPipelineForHealthyPipelineSafeModeRule] INFO  safemode.SCMSafeModeManager (HealthyPipelineSafeModeRule.java:process(124)) - SCM in safe mode. Healthy pipelines reported count is 0, required healthy pipeline reported count is 1
2022-02-24 16:55:50,583 [pool-404-thread-1] INFO  server.RaftServerConfigKeys (ConfUtils.java:logGet(44)) - raft.server.log.segment.cache.num.max = 2 (custom)
2022-02-24 16:55:50,583 [pool-404-thread-1] INFO  server.RaftServerConfigKeys (ConfUtils.java:logGet(44)) - raft.server.log.segment.cache.size.max = 200MB (=209715200) (default)
2022-02-24 16:55:50,583 [pool-404-thread-1] INFO  segmented.SegmentedRaftLogWorker (SegmentedRaftLogWorker.java:<init>(182)) - new 6aa02a95-f8ab-442c-9ba0-fd232060c81a@group-56B0A5BD8601-SegmentedRaftLogWorker for RaftStorageImpl:Storage Directory /home/runner/work/ozone/ozone/hadoop-ozone/integration-test/target/test-dir/MiniOzoneClusterImpl-a9e0dedd-d836-4895-9472-52c2256152d3/datanode-4/data/ratis/86cbf4e9-b0db-4937-96de-56b0a5bd8601
2022-02-24 16:55:50,583 [pool-404-thread-1] INFO  server.RaftServerConfigKeys (ConfUtils.java:logGet(44)) - raft.server.log.queue.byte-limit = 4294967296 (custom)
2022-02-24 16:55:50,583 [pool-404-thread-1] INFO  server.RaftServerConfigKeys (ConfUtils.java:logGet(44)) - raft.server.log.queue.element-limit = 1024 (custom)
2022-02-24 16:55:50,583 [pool-404-thread-1] INFO  server.RaftServerConfigKeys (ConfUtils.java:logGet(44)) - raft.server.log.segment.size.max = 1048576 (custom)
2022-02-24 16:55:50,583 [pool-404-thread-1] INFO  server.RaftServerConfigKeys (ConfUtils.java:logGet(44)) - raft.server.log.preallocated.size = 16384 (custom)
2022-02-24 16:55:50,583 [pool-404-thread-1] INFO  server.RaftServerConfigKeys (ConfUtils.java:logGet(44)) - raft.server.log.force.sync.num = 128 (default)
2022-02-24 16:55:50,583 [pool-404-thread-1] INFO  server.RaftServerConfigKeys (ConfUtils.java:logGet(44)) - raft.server.log.statemachine.data.sync = true (default)
2022-02-24 16:55:50,584 [pool-404-thread-1] INFO  server.RaftServerConfigKeys (ConfUtils.java:logGet(44)) - raft.server.log.statemachine.data.sync.timeout = 10s (default)
2022-02-24 16:55:50,584 [pool-404-thread-1] INFO  server.RaftServerConfigKeys (ConfUtils.java:logGet(44)) - raft.server.log.statemachine.data.sync.timeout.retry = -1 (default)
2022-02-24 16:55:50,584 [pool-404-thread-1] INFO  server.RaftServerConfigKeys (ConfUtils.java:logGet(44)) - raft.server.log.write.buffer.size = 1048576 (custom)
2022-02-24 16:55:50,585 [pool-404-thread-1] INFO  server.RaftServerConfigKeys (ConfUtils.java:logGet(44)) - raft.server.log.statemachine.data.caching.enabled = true (custom)
2022-02-24 16:55:50,585 [pool-404-thread-1] INFO  segmented.SegmentedRaftLogWorker (SegmentedRaftLogWorker.java:lambda$new$0(133)) - 6aa02a95-f8ab-442c-9ba0-fd232060c81a@group-56B0A5BD8601-SegmentedRaftLogWorker: flushIndex: setUnconditionally 0 -> -1
2022-02-24 16:55:50,585 [pool-404-thread-1] INFO  segmented.SegmentedRaftLogWorker (SegmentedRaftLogWorker.java:lambda$new$0(133)) - 6aa02a95-f8ab-442c-9ba0-fd232060c81a@group-56B0A5BD8601-SegmentedRaftLogWorker: safeCacheEvictIndex: setUnconditionally 0 -> -1
2022-02-24 16:55:50,606 [pool-404-thread-1] INFO  server.RaftServerConfigKeys (ConfUtils.java:logGet(44)) - raft.server.snapshot.auto.trigger.enabled = true (custom)
2022-02-24 16:55:50,606 [pool-404-thread-1] INFO  server.RaftServerConfigKeys (ConfUtils.java:logGet(44)) - raft.server.snapshot.auto.trigger.threshold = 10000 (custom)
2022-02-24 16:55:50,606 [pool-404-thread-1] INFO  server.RaftServerConfigKeys (ConfUtils.java:logGet(44)) - raft.server.snapshot.retention.file.num = 5 (custom)
2022-02-24 16:55:50,606 [pool-404-thread-1] INFO  server.RaftServerConfigKeys (ConfUtils.java:logGet(44)) - raft.server.log.purge.upto.snapshot.index = false (default)
2022-02-24 16:55:50,606 [pool-404-thread-1] INFO  server.RaftServerConfigKeys (ConfUtils.java:logGet(44)) - raft.server.retrycache.expirytime = 600000ms (custom)
2022-02-24 16:55:50,606 [pool-404-thread-1] INFO  server.RaftServerConfigKeys (ConfUtils.java:logGet(44)) - raft.server.retrycache.statistics.expirytime = 100μs (default)
2022-02-24 16:55:50,608 [pool-404-thread-1] INFO  server.RaftServer$Division (RaftServerImpl.java:start(301)) - 6aa02a95-f8ab-442c-9ba0-fd232060c81a@group-56B0A5BD8601: start as a follower, conf=-1: [6aa02a95-f8ab-442c-9ba0-fd232060c81a|rpc:10.1.0.37:41563|priority:1], old=null
2022-02-24 16:55:50,608 [pool-404-thread-1] INFO  server.RaftServer$Division (RaftServerImpl.java:setRole(290)) - 6aa02a95-f8ab-442c-9ba0-fd232060c81a@group-56B0A5BD8601: changes role from      null to FOLLOWER at term 0 for startAsFollower
2022-02-24 16:55:50,626 [pool-404-thread-1] INFO  impl.RoleInfo (RoleInfo.java:updateAndGet(130)) - 6aa02a95-f8ab-442c-9ba0-fd232060c81a: start 6aa02a95-f8ab-442c-9ba0-fd232060c81a@group-56B0A5BD8601-FollowerState
2022-02-24 16:55:50,626 [pool-404-thread-1] INFO  util.JmxRegister (JmxRegister.java:tryRegister(44)) - Successfully registered JMX Bean with object name Ratis:service=RaftServer,group=group-56B0A5BD8601,id=6aa02a95-f8ab-442c-9ba0-fd232060c81a
2022-02-24 16:55:50,647 [Command processor thread] INFO  ratis.XceiverServerRatis (XceiverServerRatis.java:addGroup(769)) - Created group PipelineID=86cbf4e9-b0db-4937-96de-56b0a5bd8601
2022-02-24 16:55:50,647 [Command processor thread] INFO  commandhandler.CreatePipelineCommandHandler (CreatePipelineCommandHandler.java:handle(106)) - Created Pipeline RATIS ONE PipelineID=86cbf4e9-b0db-4937-96de-56b0a5bd8601.
2022-02-24 16:55:50,647 [Command processor thread] INFO  server.RaftServer (RaftServerProxy.java:addNew(95)) - 6aa02a95-f8ab-442c-9ba0-fd232060c81a: addNew group-00F5C2898BFA:[2ccab0b5-4479-416a-9931-5373164cc31d|rpc:10.1.0.37:41069|priority:1, 6aa02a95-f8ab-442c-9ba0-fd232060c81a|rpc:10.1.0.37:41563|priority:0, 37eb1d61-39bb-4850-ab96-a7546aa7d2af|rpc:10.1.0.37:34927|priority:0] returns group-00F5C2898BFA:java.util.concurrent.CompletableFuture@2e645fcc[Not completed]
2022-02-24 16:55:50,656 [Command processor thread] INFO  commandhandler.CreatePipelineCommandHandler (CreatePipelineCommandHandler.java:handle(106)) - Created Pipeline RATIS THREE PipelineID=31d398e6-9b90-466b-8763-05e598691da2.
2022-02-24 16:55:50,656 [Command processor thread] INFO  server.RaftServer (RaftServerProxy.java:addNew(95)) - 2ccab0b5-4479-416a-9931-5373164cc31d: addNew group-00F5C2898BFA:[2ccab0b5-4479-416a-9931-5373164cc31d|rpc:10.1.0.37:41069|priority:1, 6aa02a95-f8ab-442c-9ba0-fd232060c81a|rpc:10.1.0.37:41563|priority:0, 37eb1d61-39bb-4850-ab96-a7546aa7d2af|rpc:10.1.0.37:34927|priority:0] returns group-00F5C2898BFA:java.util.concurrent.CompletableFuture@561a7f6b[Not completed]
2022-02-24 16:55:50,657 [pool-383-thread-1] INFO  server.RaftServer$Division (RaftServerImpl.java:<init>(184)) - 2ccab0b5-4479-416a-9931-5373164cc31d: new RaftServerImpl for group-00F5C2898BFA:[2ccab0b5-4479-416a-9931-5373164cc31d|rpc:10.1.0.37:41069|priority:1, 6aa02a95-f8ab-442c-9ba0-fd232060c81a|rpc:10.1.0.37:41563|priority:0, 37eb1d61-39bb-4850-ab96-a7546aa7d2af|rpc:10.1.0.37:34927|priority:0] with ContainerStateMachine:uninitialized
2022-02-24 16:55:50,657 [pool-383-thread-1] INFO  server.RaftServerConfigKeys (ConfUtils.java:logGet(44)) - raft.server.rpc.timeout.min = 5s (custom)
2022-02-24 16:55:50,657 [pool-383-thread-1] INFO  server.RaftServerConfigKeys (ConfUtils.java:logGet(44)) - raft.server.rpc.timeout.max = 5200ms (custom)
2022-02-24 16:55:50,657 [pool-383-thread-1] INFO  server.RaftServerConfigKeys (ConfUtils.java:logGet(44)) - raft.server.rpc.sleep.time = 25ms (default)
2022-02-24 16:55:50,657 [pool-383-thread-1] INFO  server.RaftServerConfigKeys (ConfUtils.java:logGet(44)) - raft.server.rpc.slowness.timeout = 300000ms (custom)
2022-02-24 16:55:50,657 [pool-383-thread-1] INFO  server.RaftServerConfigKeys (ConfUtils.java:logGet(44)) - raft.server.leaderelection.leader.step-down.wait-time = 10s (default)
2022-02-24 16:55:50,657 [pool-383-thread-1] INFO  server.RaftServerConfigKeys (ConfUtils.java:logGet(44)) - raft.server.sleep.deviation.threshold = 300ms (default)
2022-02-24 16:55:50,657 [pool-383-thread-1] INFO  server.RaftServerConfigKeys (ConfUtils.java:logGet(44)) - raft.server.log.appender.install.snapshot.enabled = false (custom)
2022-02-24 16:55:50,657 [pool-383-thread-1] INFO  server.RaftServer$Division (ServerState.java:<init>(105)) - 2ccab0b5-4479-416a-9931-5373164cc31d@group-00F5C2898BFA: ConfigurationManager, init=-1: [2ccab0b5-4479-416a-9931-5373164cc31d|rpc:10.1.0.37:41069|priority:1, 6aa02a95-f8ab-442c-9ba0-fd232060c81a|rpc:10.1.0.37:41563|priority:0, 37eb1d61-39bb-4850-ab96-a7546aa7d2af|rpc:10.1.0.37:34927|priority:0], old=null, confs=<EMPTY_MAP>
2022-02-24 16:55:50,657 [pool-383-thread-1] INFO  server.RaftServerConfigKeys (ConfUtils.java:logGet(44)) - raft.server.storage.dir = [/home/runner/work/ozone/ozone/hadoop-ozone/integration-test/target/test-dir/MiniOzoneClusterImpl-a9e0dedd-d836-4895-9472-52c2256152d3/datanode-3/data/ratis] (custom)
2022-02-24 16:55:50,658 [pool-383-thread-1] INFO  server.RaftServerConfigKeys (ConfUtils.java:logGet(44)) - raft.server.log.corruption.policy = EXCEPTION (default)
2022-02-24 16:55:50,658 [pool-383-thread-1] INFO  server.RaftServerConfigKeys (ConfUtils.java:logGet(44)) - raft.server.storage.free-space.min = 0MB (=0) (default)
2022-02-24 16:55:50,658 [pool-383-thread-1] INFO  storage.RaftStorageDirectory (RaftStorageDirectoryImpl.java:analyzeStorage(135)) - The storage directory /home/runner/work/ozone/ozone/hadoop-ozone/integration-test/target/test-dir/MiniOzoneClusterImpl-a9e0dedd-d836-4895-9472-52c2256152d3/datanode-3/data/ratis/cb254f30-eede-410a-88df-00f5c2898bfa does not exist. Creating ...
2022-02-24 16:55:50,658 [pool-404-thread-1] INFO  server.RaftServer$Division (RaftServerImpl.java:<init>(184)) - 6aa02a95-f8ab-442c-9ba0-fd232060c81a: new RaftServerImpl for group-00F5C2898BFA:[2ccab0b5-4479-416a-9931-5373164cc31d|rpc:10.1.0.37:41069|priority:1, 6aa02a95-f8ab-442c-9ba0-fd232060c81a|rpc:10.1.0.37:41563|priority:0, 37eb1d61-39bb-4850-ab96-a7546aa7d2af|rpc:10.1.0.37:34927|priority:0] with ContainerStateMachine:uninitialized
2022-02-24 16:55:50,658 [pool-404-thread-1] INFO  server.RaftServerConfigKeys (ConfUtils.java:logGet(44)) - raft.server.rpc.timeout.min = 5s (custom)
2022-02-24 16:55:50,658 [pool-404-thread-1] INFO  server.RaftServerConfigKeys (ConfUtils.java:logGet(44)) - raft.server.rpc.timeout.max = 5200ms (custom)
2022-02-24 16:55:50,658 [pool-404-thread-1] INFO  server.RaftServerConfigKeys (ConfUtils.java:logGet(44)) - raft.server.rpc.sleep.time = 25ms (default)
2022-02-24 16:55:50,658 [pool-404-thread-1] INFO  server.RaftServerConfigKeys (ConfUtils.java:logGet(44)) - raft.server.rpc.slowness.timeout = 300000ms (custom)
2022-02-24 16:55:50,658 [pool-404-thread-1] INFO  server.RaftServerConfigKeys (ConfUtils.java:logGet(44)) - raft.server.leaderelection.leader.step-down.wait-time = 10s (default)
2022-02-24 16:55:50,658 [pool-404-thread-1] INFO  server.RaftServerConfigKeys (ConfUtils.java:logGet(44)) - raft.server.sleep.deviation.threshold = 300ms (default)
2022-02-24 16:55:50,658 [pool-404-thread-1] INFO  server.RaftServerConfigKeys (ConfUtils.java:logGet(44)) - raft.server.log.appender.install.snapshot.enabled = false (custom)
2022-02-24 16:55:50,658 [pool-404-thread-1] INFO  server.RaftServer$Division (ServerState.java:<init>(105)) - 6aa02a95-f8ab-442c-9ba0-fd232060c81a@group-00F5C2898BFA: ConfigurationManager, init=-1: [2ccab0b5-4479-416a-9931-5373164cc31d|rpc:10.1.0.37:41069|priority:1, 6aa02a95-f8ab-442c-9ba0-fd232060c81a|rpc:10.1.0.37:41563|priority:0, 37eb1d61-39bb-4850-ab96-a7546aa7d2af|rpc:10.1.0.37:34927|priority:0], old=null, confs=<EMPTY_MAP>
2022-02-24 16:55:50,659 [pool-404-thread-1] INFO  server.RaftServerConfigKeys (ConfUtils.java:logGet(44)) - raft.server.storage.dir = [/home/runner/work/ozone/ozone/hadoop-ozone/integration-test/target/test-dir/MiniOzoneClusterImpl-a9e0dedd-d836-4895-9472-52c2256152d3/datanode-4/data/ratis] (custom)
2022-02-24 16:55:50,663 [pool-404-thread-1] INFO  server.RaftServerConfigKeys (ConfUtils.java:logGet(44)) - raft.server.log.corruption.policy = EXCEPTION (default)
2022-02-24 16:55:50,663 [pool-404-thread-1] INFO  server.RaftServerConfigKeys (ConfUtils.java:logGet(44)) - raft.server.storage.free-space.min = 0MB (=0) (default)
2022-02-24 16:55:50,663 [pool-404-thread-1] INFO  storage.RaftStorageDirectory (RaftStorageDirectoryImpl.java:analyzeStorage(135)) - The storage directory /home/runner/work/ozone/ozone/hadoop-ozone/integration-test/target/test-dir/MiniOzoneClusterImpl-a9e0dedd-d836-4895-9472-52c2256152d3/datanode-4/data/ratis/cb254f30-eede-410a-88df-00f5c2898bfa does not exist. Creating ...
2022-02-24 16:55:50,667 [pool-383-thread-1] INFO  storage.RaftStorageDirectory (RaftStorageDirectoryImpl.java:tryLock(230)) - Lock on /home/runner/work/ozone/ozone/hadoop-ozone/integration-test/target/test-dir/MiniOzoneClusterImpl-a9e0dedd-d836-4895-9472-52c2256152d3/datanode-3/data/ratis/cb254f30-eede-410a-88df-00f5c2898bfa/in_use.lock acquired by nodename 3150@fv-az59-243
2022-02-24 16:55:50,667 [pool-404-thread-1] INFO  storage.RaftStorageDirectory (RaftStorageDirectoryImpl.java:tryLock(230)) - Lock on /home/runner/work/ozone/ozone/hadoop-ozone/integration-test/target/test-dir/MiniOzoneClusterImpl-a9e0dedd-d836-4895-9472-52c2256152d3/datanode-4/data/ratis/cb254f30-eede-410a-88df-00f5c2898bfa/in_use.lock acquired by nodename 3150@fv-az59-243
2022-02-24 16:55:50,669 [pool-404-thread-1] INFO  storage.RaftStorage (RaftStorageImpl.java:format(89)) - Storage directory /home/runner/work/ozone/ozone/hadoop-ozone/integration-test/target/test-dir/MiniOzoneClusterImpl-a9e0dedd-d836-4895-9472-52c2256152d3/datanode-4/data/ratis/cb254f30-eede-410a-88df-00f5c2898bfa has been successfully formatted.
2022-02-24 16:55:50,669 [pool-383-thread-1] INFO  storage.RaftStorage (RaftStorageImpl.java:format(89)) - Storage directory /home/runner/work/ozone/ozone/hadoop-ozone/integration-test/target/test-dir/MiniOzoneClusterImpl-a9e0dedd-d836-4895-9472-52c2256152d3/datanode-3/data/ratis/cb254f30-eede-410a-88df-00f5c2898bfa has been successfully formatted.
2022-02-24 16:55:50,669 [pool-404-thread-1] INFO  ratis.ContainerStateMachine (ContainerStateMachine.java:loadSnapshot(236)) - group-00F5C2898BFA: The snapshot info is null. Setting the last applied indexto:(t:0, i:~)
2022-02-24 16:55:50,669 [pool-404-thread-1] INFO  server.RaftServerConfigKeys (ConfUtils.java:logGet(44)) - raft.server.notification.no-leader.timeout = 300000ms (custom)
2022-02-24 16:55:50,669 [pool-404-thread-1] INFO  server.RaftServerConfigKeys (ConfUtils.java:logGet(44)) - raft.server.log.use.memory = false (default)
2022-02-24 16:55:50,669 [pool-404-thread-1] INFO  server.RaftServerConfigKeys (ConfUtils.java:logGet(44)) - raft.server.log.purge.gap = 1000000 (custom)
2022-02-24 16:55:50,669 [pool-404-thread-1] INFO  server.RaftServerConfigKeys (ConfUtils.java:logGet(44)) - raft.server.log.appender.buffer.byte-limit = 33554432 (custom)
2022-02-24 16:55:50,669 [pool-404-thread-1] INFO  server.RaftServerConfigKeys (ConfUtils.java:logGet(44)) - raft.server.log.segment.size.max = 1048576 (custom)
2022-02-24 16:55:50,670 [pool-383-thread-1] INFO  ratis.ContainerStateMachine (ContainerStateMachine.java:loadSnapshot(236)) - group-00F5C2898BFA: The snapshot info is null. Setting the last applied indexto:(t:0, i:~)
2022-02-24 16:55:50,670 [EventQueue-OpenPipelineForHealthyPipelineSafeModeRule] INFO  safemode.SCMSafeModeManager (HealthyPipelineSafeModeRule.java:process(124)) - SCM in safe mode. Healthy pipelines reported count is 0, required healthy pipeline reported count is 1
2022-02-24 16:55:50,670 [pool-383-thread-1] INFO  server.RaftServerConfigKeys (ConfUtils.java:logGet(44)) - raft.server.notification.no-leader.timeout = 300000ms (custom)
2022-02-24 16:55:50,671 [pool-383-thread-1] INFO  server.RaftServerConfigKeys (ConfUtils.java:logGet(44)) - raft.server.log.use.memory = false (default)
2022-02-24 16:55:50,671 [pool-383-thread-1] INFO  server.RaftServerConfigKeys (ConfUtils.java:logGet(44)) - raft.server.log.purge.gap = 1000000 (custom)
2022-02-24 16:55:50,671 [pool-383-thread-1] INFO  server.RaftServerConfigKeys (ConfUtils.java:logGet(44)) - raft.server.log.appender.buffer.byte-limit = 33554432 (custom)
2022-02-24 16:55:50,671 [pool-383-thread-1] INFO  server.RaftServerConfigKeys (ConfUtils.java:logGet(44)) - raft.server.log.segment.size.max = 1048576 (custom)
2022-02-24 16:55:50,671 [EventQueue-OpenPipelineForHealthyPipelineSafeModeRule] INFO  safemode.SCMSafeModeManager (HealthyPipelineSafeModeRule.java:process(124)) - SCM in safe mode. Healthy pipelines reported count is 0, required healthy pipeline reported count is 1
2022-02-24 16:55:50,675 [pool-404-thread-1] INFO  server.RaftServerConfigKeys (ConfUtils.java:logGet(44)) - raft.server.log.segment.cache.num.max = 2 (custom)
2022-02-24 16:55:50,675 [pool-404-thread-1] INFO  server.RaftServerConfigKeys (ConfUtils.java:logGet(44)) - raft.server.log.segment.cache.size.max = 200MB (=209715200) (default)
2022-02-24 16:55:50,675 [pool-404-thread-1] INFO  segmented.SegmentedRaftLogWorker (SegmentedRaftLogWorker.java:<init>(182)) - new 6aa02a95-f8ab-442c-9ba0-fd232060c81a@group-00F5C2898BFA-SegmentedRaftLogWorker for RaftStorageImpl:Storage Directory /home/runner/work/ozone/ozone/hadoop-ozone/integration-test/target/test-dir/MiniOzoneClusterImpl-a9e0dedd-d836-4895-9472-52c2256152d3/datanode-4/data/ratis/cb254f30-eede-410a-88df-00f5c2898bfa
2022-02-24 16:55:50,675 [pool-404-thread-1] INFO  server.RaftServerConfigKeys (ConfUtils.java:logGet(44)) - raft.server.log.queue.byte-limit = 4294967296 (custom)
2022-02-24 16:55:50,675 [pool-404-thread-1] INFO  server.RaftServerConfigKeys (ConfUtils.java:logGet(44)) - raft.server.log.queue.element-limit = 1024 (custom)
2022-02-24 16:55:50,676 [pool-404-thread-1] INFO  server.RaftServerConfigKeys (ConfUtils.java:logGet(44)) - raft.server.log.segment.size.max = 1048576 (custom)
2022-02-24 16:55:50,676 [pool-404-thread-1] INFO  server.RaftServerConfigKeys (ConfUtils.java:logGet(44)) - raft.server.log.preallocated.size = 16384 (custom)
2022-02-24 16:55:50,676 [pool-404-thread-1] INFO  server.RaftServerConfigKeys (ConfUtils.java:logGet(44)) - raft.server.log.force.sync.num = 128 (default)
2022-02-24 16:55:50,676 [pool-404-thread-1] INFO  server.RaftServerConfigKeys (ConfUtils.java:logGet(44)) - raft.server.log.statemachine.data.sync = true (default)
2022-02-24 16:55:50,676 [pool-404-thread-1] INFO  server.RaftServerConfigKeys (ConfUtils.java:logGet(44)) - raft.server.log.statemachine.data.sync.timeout = 10s (default)
2022-02-24 16:55:50,676 [pool-404-thread-1] INFO  server.RaftServerConfigKeys (ConfUtils.java:logGet(44)) - raft.server.log.statemachine.data.sync.timeout.retry = -1 (default)
2022-02-24 16:55:50,677 [pool-404-thread-1] INFO  server.RaftServerConfigKeys (ConfUtils.java:logGet(44)) - raft.server.log.write.buffer.size = 1048576 (custom)
2022-02-24 16:55:50,678 [pool-404-thread-1] INFO  server.RaftServerConfigKeys (ConfUtils.java:logGet(44)) - raft.server.log.statemachine.data.caching.enabled = true (custom)
2022-02-24 16:55:50,678 [pool-404-thread-1] INFO  segmented.SegmentedRaftLogWorker (SegmentedRaftLogWorker.java:lambda$new$0(133)) - 6aa02a95-f8ab-442c-9ba0-fd232060c81a@group-00F5C2898BFA-SegmentedRaftLogWorker: flushIndex: setUnconditionally 0 -> -1
2022-02-24 16:55:50,678 [pool-404-thread-1] INFO  segmented.SegmentedRaftLogWorker (SegmentedRaftLogWorker.java:lambda$new$0(133)) - 6aa02a95-f8ab-442c-9ba0-fd232060c81a@group-00F5C2898BFA-SegmentedRaftLogWorker: safeCacheEvictIndex: setUnconditionally 0 -> -1
2022-02-24 16:55:50,676 [pool-383-thread-1] INFO  server.RaftServerConfigKeys (ConfUtils.java:logGet(44)) - raft.server.log.segment.cache.num.max = 2 (custom)
2022-02-24 16:55:50,678 [pool-383-thread-1] INFO  server.RaftServerConfigKeys (ConfUtils.java:logGet(44)) - raft.server.log.segment.cache.size.max = 200MB (=209715200) (default)
2022-02-24 16:55:50,678 [pool-383-thread-1] INFO  segmented.SegmentedRaftLogWorker (SegmentedRaftLogWorker.java:<init>(182)) - new 2ccab0b5-4479-416a-9931-5373164cc31d@group-00F5C2898BFA-SegmentedRaftLogWorker for RaftStorageImpl:Storage Directory /home/runner/work/ozone/ozone/hadoop-ozone/integration-test/target/test-dir/MiniOzoneClusterImpl-a9e0dedd-d836-4895-9472-52c2256152d3/datanode-3/data/ratis/cb254f30-eede-410a-88df-00f5c2898bfa
2022-02-24 16:55:50,678 [pool-383-thread-1] INFO  server.RaftServerConfigKeys (ConfUtils.java:logGet(44)) - raft.server.log.queue.byte-limit = 4294967296 (custom)
2022-02-24 16:55:50,678 [pool-383-thread-1] INFO  server.RaftServerConfigKeys (ConfUtils.java:logGet(44)) - raft.server.log.queue.element-limit = 1024 (custom)
2022-02-24 16:55:50,678 [pool-383-thread-1] INFO  server.RaftServerConfigKeys (ConfUtils.java:logGet(44)) - raft.server.log.segment.size.max = 1048576 (custom)
2022-02-24 16:55:50,678 [pool-383-thread-1] INFO  server.RaftServerConfigKeys (ConfUtils.java:logGet(44)) - raft.server.log.preallocated.size = 16384 (custom)
2022-02-24 16:55:50,678 [pool-383-thread-1] INFO  server.RaftServerConfigKeys (ConfUtils.java:logGet(44)) - raft.server.log.force.sync.num = 128 (default)
2022-02-24 16:55:50,678 [pool-383-thread-1] INFO  server.RaftServerConfigKeys (ConfUtils.java:logGet(44)) - raft.server.log.statemachine.data.sync = true (default)
2022-02-24 16:55:50,678 [pool-383-thread-1] INFO  server.RaftServerConfigKeys (ConfUtils.java:logGet(44)) - raft.server.log.statemachine.data.sync.timeout = 10s (default)
2022-02-24 16:55:50,678 [pool-383-thread-1] INFO  server.RaftServerConfigKeys (ConfUtils.java:logGet(44)) - raft.server.log.statemachine.data.sync.timeout.retry = -1 (default)
2022-02-24 16:55:50,693 [pool-404-thread-1] INFO  server.RaftServerConfigKeys (ConfUtils.java:logGet(44)) - raft.server.snapshot.auto.trigger.enabled = true (custom)
2022-02-24 16:55:50,694 [pool-404-thread-1] INFO  server.RaftServerConfigKeys (ConfUtils.java:logGet(44)) - raft.server.snapshot.auto.trigger.threshold = 10000 (custom)
2022-02-24 16:55:50,694 [pool-404-thread-1] INFO  server.RaftServerConfigKeys (ConfUtils.java:logGet(44)) - raft.server.snapshot.retention.file.num = 5 (custom)
2022-02-24 16:55:50,694 [pool-404-thread-1] INFO  server.RaftServerConfigKeys (ConfUtils.java:logGet(44)) - raft.server.log.purge.upto.snapshot.index = false (default)
2022-02-24 16:55:50,694 [pool-404-thread-1] INFO  server.RaftServerConfigKeys (ConfUtils.java:logGet(44)) - raft.server.retrycache.expirytime = 600000ms (custom)
2022-02-24 16:55:50,694 [pool-404-thread-1] INFO  server.RaftServerConfigKeys (ConfUtils.java:logGet(44)) - raft.server.retrycache.statistics.expirytime = 100μs (default)
2022-02-24 16:55:50,695 [pool-404-thread-1] INFO  server.RaftServer$Division (RaftServerImpl.java:start(301)) - 6aa02a95-f8ab-442c-9ba0-fd232060c81a@group-00F5C2898BFA: start as a follower, conf=-1: [2ccab0b5-4479-416a-9931-5373164cc31d|rpc:10.1.0.37:41069|priority:1, 6aa02a95-f8ab-442c-9ba0-fd232060c81a|rpc:10.1.0.37:41563|priority:0, 37eb1d61-39bb-4850-ab96-a7546aa7d2af|rpc:10.1.0.37:34927|priority:0], old=null
2022-02-24 16:55:50,694 [pool-383-thread-1] INFO  server.RaftServerConfigKeys (ConfUtils.java:logGet(44)) - raft.server.log.write.buffer.size = 1048576 (custom)
2022-02-24 16:55:50,696 [pool-383-thread-1] INFO  server.RaftServerConfigKeys (ConfUtils.java:logGet(44)) - raft.server.log.statemachine.data.caching.enabled = true (custom)
2022-02-24 16:55:50,696 [pool-383-thread-1] INFO  segmented.SegmentedRaftLogWorker (SegmentedRaftLogWorker.java:lambda$new$0(133)) - 2ccab0b5-4479-416a-9931-5373164cc31d@group-00F5C2898BFA-SegmentedRaftLogWorker: flushIndex: setUnconditionally 0 -> -1
2022-02-24 16:55:50,696 [pool-383-thread-1] INFO  segmented.SegmentedRaftLogWorker (SegmentedRaftLogWorker.java:lambda$new$0(133)) - 2ccab0b5-4479-416a-9931-5373164cc31d@group-00F5C2898BFA-SegmentedRaftLogWorker: safeCacheEvictIndex: setUnconditionally 0 -> -1
2022-02-24 16:55:50,696 [pool-404-thread-1] INFO  server.RaftServer$Division (RaftServerImpl.java:setRole(290)) - 6aa02a95-f8ab-442c-9ba0-fd232060c81a@group-00F5C2898BFA: changes role from      null to FOLLOWER at term 0 for startAsFollower
2022-02-24 16:55:50,699 [pool-383-thread-1] INFO  server.RaftServerConfigKeys (ConfUtils.java:logGet(44)) - raft.server.snapshot.auto.trigger.enabled = true (custom)
2022-02-24 16:55:50,699 [pool-383-thread-1] INFO  server.RaftServerConfigKeys (ConfUtils.java:logGet(44)) - raft.server.snapshot.auto.trigger.threshold = 10000 (custom)
2022-02-24 16:55:50,701 [pool-383-thread-1] INFO  server.RaftServerConfigKeys (ConfUtils.java:logGet(44)) - raft.server.snapshot.retention.file.num = 5 (custom)
2022-02-24 16:55:50,702 [pool-383-thread-1] INFO  server.RaftServerConfigKeys (ConfUtils.java:logGet(44)) - raft.server.log.purge.upto.snapshot.index = false (default)
2022-02-24 16:55:50,702 [pool-383-thread-1] INFO  server.RaftServerConfigKeys (ConfUtils.java:logGet(44)) - raft.server.retrycache.expirytime = 600000ms (custom)
2022-02-24 16:55:50,702 [pool-383-thread-1] INFO  server.RaftServerConfigKeys (ConfUtils.java:logGet(44)) - raft.server.retrycache.statistics.expirytime = 100μs (default)
2022-02-24 16:55:50,704 [pool-383-thread-1] INFO  server.RaftServer$Division (RaftServerImpl.java:start(301)) - 2ccab0b5-4479-416a-9931-5373164cc31d@group-00F5C2898BFA: start as a follower, conf=-1: [2ccab0b5-4479-416a-9931-5373164cc31d|rpc:10.1.0.37:41069|priority:1, 6aa02a95-f8ab-442c-9ba0-fd232060c81a|rpc:10.1.0.37:41563|priority:0, 37eb1d61-39bb-4850-ab96-a7546aa7d2af|rpc:10.1.0.37:34927|priority:0], old=null
2022-02-24 16:55:50,704 [pool-383-thread-1] INFO  server.RaftServer$Division (RaftServerImpl.java:setRole(290)) - 2ccab0b5-4479-416a-9931-5373164cc31d@group-00F5C2898BFA: changes role from      null to FOLLOWER at term 0 for startAsFollower
2022-02-24 16:55:50,704 [pool-383-thread-1] INFO  impl.RoleInfo (RoleInfo.java:updateAndGet(130)) - 2ccab0b5-4479-416a-9931-5373164cc31d: start 2ccab0b5-4479-416a-9931-5373164cc31d@group-00F5C2898BFA-FollowerState
2022-02-24 16:55:50,704 [pool-404-thread-1] INFO  impl.RoleInfo (RoleInfo.java:updateAndGet(130)) - 6aa02a95-f8ab-442c-9ba0-fd232060c81a: start 6aa02a95-f8ab-442c-9ba0-fd232060c81a@group-00F5C2898BFA-FollowerState
2022-02-24 16:55:50,711 [pool-383-thread-1] INFO  util.JmxRegister (JmxRegister.java:tryRegister(44)) - Successfully registered JMX Bean with object name Ratis:service=RaftServer,group=group-00F5C2898BFA,id=2ccab0b5-4479-416a-9931-5373164cc31d
2022-02-24 16:55:50,737 [Command processor thread] INFO  ratis.XceiverServerRatis (XceiverServerRatis.java:addGroup(769)) - Created group PipelineID=cb254f30-eede-410a-88df-00f5c2898bfa
2022-02-24 16:55:50,747 [pool-404-thread-1] INFO  util.JmxRegister (JmxRegister.java:tryRegister(44)) - Successfully registered JMX Bean with object name Ratis:service=RaftServer,group=group-00F5C2898BFA,id=6aa02a95-f8ab-442c-9ba0-fd232060c81a
2022-02-24 16:55:50,757 [grpc-default-executor-3] INFO  server.RaftServer (RaftServerProxy.java:addNew(95)) - 37eb1d61-39bb-4850-ab96-a7546aa7d2af: addNew group-00F5C2898BFA:[2ccab0b5-4479-416a-9931-5373164cc31d|rpc:10.1.0.37:41069|dataStream:|priority:1, 6aa02a95-f8ab-442c-9ba0-fd232060c81a|rpc:10.1.0.37:41563|dataStream:|priority:0, 37eb1d61-39bb-4850-ab96-a7546aa7d2af|rpc:10.1.0.37:34927|dataStream:|priority:0] returns group-00F5C2898BFA:java.util.concurrent.CompletableFuture@283f2e93[Not completed]
2022-02-24 16:55:50,758 [pool-425-thread-1] INFO  server.RaftServer$Division (RaftServerImpl.java:<init>(184)) - 37eb1d61-39bb-4850-ab96-a7546aa7d2af: new RaftServerImpl for group-00F5C2898BFA:[2ccab0b5-4479-416a-9931-5373164cc31d|rpc:10.1.0.37:41069|dataStream:|priority:1, 6aa02a95-f8ab-442c-9ba0-fd232060c81a|rpc:10.1.0.37:41563|dataStream:|priority:0, 37eb1d61-39bb-4850-ab96-a7546aa7d2af|rpc:10.1.0.37:34927|dataStream:|priority:0] with ContainerStateMachine:uninitialized
2022-02-24 16:55:50,758 [pool-425-thread-1] INFO  server.RaftServerConfigKeys (ConfUtils.java:logGet(44)) - raft.server.rpc.timeout.min = 5s (custom)
2022-02-24 16:55:50,758 [pool-425-thread-1] INFO  server.RaftServerConfigKeys (ConfUtils.java:logGet(44)) - raft.server.rpc.timeout.max = 5200ms (custom)
2022-02-24 16:55:50,758 [pool-425-thread-1] INFO  server.RaftServerConfigKeys (ConfUtils.java:logGet(44)) - raft.server.rpc.sleep.time = 25ms (default)
2022-02-24 16:55:50,758 [pool-425-thread-1] INFO  server.RaftServerConfigKeys (ConfUtils.java:logGet(44)) - raft.server.rpc.slowness.timeout = 300000ms (custom)
2022-02-24 16:55:50,758 [pool-425-thread-1] INFO  server.RaftServerConfigKeys (ConfUtils.java:logGet(44)) - raft.server.leaderelection.leader.step-down.wait-time = 10s (default)
2022-02-24 16:55:50,758 [pool-425-thread-1] INFO  server.RaftServerConfigKeys (ConfUtils.java:logGet(44)) - raft.server.sleep.deviation.threshold = 300ms (default)
2022-02-24 16:55:50,758 [pool-425-thread-1] INFO  server.RaftServerConfigKeys (ConfUtils.java:logGet(44)) - raft.server.log.appender.install.snapshot.enabled = false (custom)
2022-02-24 16:55:50,758 [pool-425-thread-1] INFO  server.RaftServer$Division (ServerState.java:<init>(105)) - 37eb1d61-39bb-4850-ab96-a7546aa7d2af@group-00F5C2898BFA: ConfigurationManager, init=-1: [2ccab0b5-4479-416a-9931-5373164cc31d|rpc:10.1.0.37:41069|dataStream:|priority:1, 6aa02a95-f8ab-442c-9ba0-fd232060c81a|rpc:10.1.0.37:41563|dataStream:|priority:0, 37eb1d61-39bb-4850-ab96-a7546aa7d2af|rpc:10.1.0.37:34927|dataStream:|priority:0], old=null, confs=<EMPTY_MAP>
2022-02-24 16:55:50,758 [pool-425-thread-1] INFO  server.RaftServerConfigKeys (ConfUtils.java:logGet(44)) - raft.server.storage.dir = [/home/runner/work/ozone/ozone/hadoop-ozone/integration-test/target/test-dir/MiniOzoneClusterImpl-a9e0dedd-d836-4895-9472-52c2256152d3/datanode-5/data/ratis] (custom)
2022-02-24 16:55:50,758 [pool-425-thread-1] INFO  server.RaftServerConfigKeys (ConfUtils.java:logGet(44)) - raft.server.log.corruption.policy = EXCEPTION (default)
2022-02-24 16:55:50,758 [pool-425-thread-1] INFO  server.RaftServerConfigKeys (ConfUtils.java:logGet(44)) - raft.server.storage.free-space.min = 0MB (=0) (default)
2022-02-24 16:55:50,758 [pool-425-thread-1] INFO  storage.RaftStorageDirectory (RaftStorageDirectoryImpl.java:analyzeStorage(135)) - The storage directory /home/runner/work/ozone/ozone/hadoop-ozone/integration-test/target/test-dir/MiniOzoneClusterImpl-a9e0dedd-d836-4895-9472-52c2256152d3/datanode-5/data/ratis/cb254f30-eede-410a-88df-00f5c2898bfa does not exist. Creating ...
2022-02-24 16:55:50,760 [pool-425-thread-1] INFO  storage.RaftStorageDirectory (RaftStorageDirectoryImpl.java:tryLock(230)) - Lock on /home/runner/work/ozone/ozone/hadoop-ozone/integration-test/target/test-dir/MiniOzoneClusterImpl-a9e0dedd-d836-4895-9472-52c2256152d3/datanode-5/data/ratis/cb254f30-eede-410a-88df-00f5c2898bfa/in_use.lock acquired by nodename 3150@fv-az59-243
2022-02-24 16:55:50,761 [pool-425-thread-1] INFO  storage.RaftStorage (RaftStorageImpl.java:format(89)) - Storage directory /home/runner/work/ozone/ozone/hadoop-ozone/integration-test/target/test-dir/MiniOzoneClusterImpl-a9e0dedd-d836-4895-9472-52c2256152d3/datanode-5/data/ratis/cb254f30-eede-410a-88df-00f5c2898bfa has been successfully formatted.
2022-02-24 16:55:50,763 [pool-425-thread-1] INFO  ratis.ContainerStateMachine (ContainerStateMachine.java:loadSnapshot(236)) - group-00F5C2898BFA: The snapshot info is null. Setting the last applied indexto:(t:0, i:~)
2022-02-24 16:55:50,767 [Command processor thread] INFO  ratis.XceiverServerRatis (XceiverServerRatis.java:addGroup(769)) - Created group PipelineID=cb254f30-eede-410a-88df-00f5c2898bfa
2022-02-24 16:55:50,775 [pool-425-thread-1] INFO  server.RaftServerConfigKeys (ConfUtils.java:logGet(44)) - raft.server.notification.no-leader.timeout = 300000ms (custom)
2022-02-24 16:55:50,775 [pool-425-thread-1] INFO  server.RaftServerConfigKeys (ConfUtils.java:logGet(44)) - raft.server.log.use.memory = false (default)
2022-02-24 16:55:50,775 [pool-425-thread-1] INFO  server.RaftServerConfigKeys (ConfUtils.java:logGet(44)) - raft.server.log.purge.gap = 1000000 (custom)
2022-02-24 16:55:50,775 [pool-425-thread-1] INFO  server.RaftServerConfigKeys (ConfUtils.java:logGet(44)) - raft.server.log.appender.buffer.byte-limit = 33554432 (custom)
2022-02-24 16:55:50,775 [pool-425-thread-1] INFO  server.RaftServerConfigKeys (ConfUtils.java:logGet(44)) - raft.server.log.segment.size.max = 1048576 (custom)
2022-02-24 16:55:50,775 [pool-425-thread-1] INFO  server.RaftServerConfigKeys (ConfUtils.java:logGet(44)) - raft.server.log.segment.cache.num.max = 2 (custom)
2022-02-24 16:55:50,775 [pool-425-thread-1] INFO  server.RaftServerConfigKeys (ConfUtils.java:logGet(44)) - raft.server.log.segment.cache.size.max = 200MB (=209715200) (default)
2022-02-24 16:55:50,775 [pool-425-thread-1] INFO  segmented.SegmentedRaftLogWorker (SegmentedRaftLogWorker.java:<init>(182)) - new 37eb1d61-39bb-4850-ab96-a7546aa7d2af@group-00F5C2898BFA-SegmentedRaftLogWorker for RaftStorageImpl:Storage Directory /home/runner/work/ozone/ozone/hadoop-ozone/integration-test/target/test-dir/MiniOzoneClusterImpl-a9e0dedd-d836-4895-9472-52c2256152d3/datanode-5/data/ratis/cb254f30-eede-410a-88df-00f5c2898bfa
2022-02-24 16:55:50,775 [pool-425-thread-1] INFO  server.RaftServerConfigKeys (ConfUtils.java:logGet(44)) - raft.server.log.queue.byte-limit = 4294967296 (custom)
2022-02-24 16:55:50,776 [pool-425-thread-1] INFO  server.RaftServerConfigKeys (ConfUtils.java:logGet(44)) - raft.server.log.queue.element-limit = 1024 (custom)
2022-02-24 16:55:50,776 [pool-425-thread-1] INFO  server.RaftServerConfigKeys (ConfUtils.java:logGet(44)) - raft.server.log.segment.size.max = 1048576 (custom)
2022-02-24 16:55:50,776 [pool-425-thread-1] INFO  server.RaftServerConfigKeys (ConfUtils.java:logGet(44)) - raft.server.log.preallocated.size = 16384 (custom)
2022-02-24 16:55:50,776 [pool-425-thread-1] INFO  server.RaftServerConfigKeys (ConfUtils.java:logGet(44)) - raft.server.log.force.sync.num = 128 (default)
2022-02-24 16:55:50,776 [pool-425-thread-1] INFO  server.RaftServerConfigKeys (ConfUtils.java:logGet(44)) - raft.server.log.statemachine.data.sync = true (default)
2022-02-24 16:55:50,776 [pool-425-thread-1] INFO  server.RaftServerConfigKeys (ConfUtils.java:logGet(44)) - raft.server.log.statemachine.data.sync.timeout = 10s (default)
2022-02-24 16:55:50,776 [pool-425-thread-1] INFO  server.RaftServerConfigKeys (ConfUtils.java:logGet(44)) - raft.server.log.statemachine.data.sync.timeout.retry = -1 (default)
2022-02-24 16:55:50,777 [Listener at 127.0.0.1/44987] INFO  ozone.MiniOzoneClusterImpl (MiniOzoneClusterImpl.java:lambda$waitForClusterToBeReady$0(219)) - Nodes are ready. Got 7 of 7 DN Heartbeats.
2022-02-24 16:55:50,777 [Listener at 127.0.0.1/44987] INFO  ozone.MiniOzoneClusterImpl (MiniOzoneClusterImpl.java:lambda$waitForClusterToBeReady$0(222)) - Waiting for cluster to exit safe mode
2022-02-24 16:55:50,777 [Listener at 127.0.0.1/44987] INFO  ozone.MiniOzoneClusterImpl (MiniOzoneClusterImpl.java:lambda$waitForClusterToBeReady$0(224)) - SCM became leader
2022-02-24 16:55:50,778 [pool-425-thread-1] INFO  server.RaftServerConfigKeys (ConfUtils.java:logGet(44)) - raft.server.log.write.buffer.size = 1048576 (custom)
2022-02-24 16:55:50,778 [pool-425-thread-1] INFO  server.RaftServerConfigKeys (ConfUtils.java:logGet(44)) - raft.server.log.statemachine.data.caching.enabled = true (custom)
2022-02-24 16:55:50,778 [pool-425-thread-1] INFO  segmented.SegmentedRaftLogWorker (SegmentedRaftLogWorker.java:lambda$new$0(133)) - 37eb1d61-39bb-4850-ab96-a7546aa7d2af@group-00F5C2898BFA-SegmentedRaftLogWorker: flushIndex: setUnconditionally 0 -> -1
2022-02-24 16:55:50,778 [pool-425-thread-1] INFO  segmented.SegmentedRaftLogWorker (SegmentedRaftLogWorker.java:lambda$new$0(133)) - 37eb1d61-39bb-4850-ab96-a7546aa7d2af@group-00F5C2898BFA-SegmentedRaftLogWorker: safeCacheEvictIndex: setUnconditionally 0 -> -1
2022-02-24 16:55:50,779 [pool-425-thread-1] INFO  server.RaftServerConfigKeys (ConfUtils.java:logGet(44)) - raft.server.snapshot.auto.trigger.enabled = true (custom)
2022-02-24 16:55:50,779 [pool-425-thread-1] INFO  server.RaftServerConfigKeys (ConfUtils.java:logGet(44)) - raft.server.snapshot.auto.trigger.threshold = 10000 (custom)
2022-02-24 16:55:50,779 [pool-425-thread-1] INFO  server.RaftServerConfigKeys (ConfUtils.java:logGet(44)) - raft.server.snapshot.retention.file.num = 5 (custom)
2022-02-24 16:55:50,779 [pool-425-thread-1] INFO  server.RaftServerConfigKeys (ConfUtils.java:logGet(44)) - raft.server.log.purge.upto.snapshot.index = false (default)
2022-02-24 16:55:50,779 [pool-425-thread-1] INFO  server.RaftServerConfigKeys (ConfUtils.java:logGet(44)) - raft.server.retrycache.expirytime = 600000ms (custom)
2022-02-24 16:55:50,779 [pool-425-thread-1] INFO  server.RaftServerConfigKeys (ConfUtils.java:logGet(44)) - raft.server.retrycache.statistics.expirytime = 100μs (default)
2022-02-24 16:55:50,780 [pool-425-thread-1] INFO  server.RaftServer$Division (RaftServerImpl.java:start(301)) - 37eb1d61-39bb-4850-ab96-a7546aa7d2af@group-00F5C2898BFA: start as a follower, conf=-1: [2ccab0b5-4479-416a-9931-5373164cc31d|rpc:10.1.0.37:41069|dataStream:|priority:1, 6aa02a95-f8ab-442c-9ba0-fd232060c81a|rpc:10.1.0.37:41563|dataStream:|priority:0, 37eb1d61-39bb-4850-ab96-a7546aa7d2af|rpc:10.1.0.37:34927|dataStream:|priority:0], old=null
2022-02-24 16:55:50,780 [pool-425-thread-1] INFO  server.RaftServer$Division (RaftServerImpl.java:setRole(290)) - 37eb1d61-39bb-4850-ab96-a7546aa7d2af@group-00F5C2898BFA: changes role from      null to FOLLOWER at term 0 for startAsFollower
2022-02-24 16:55:50,780 [pool-425-thread-1] INFO  impl.RoleInfo (RoleInfo.java:updateAndGet(130)) - 37eb1d61-39bb-4850-ab96-a7546aa7d2af: start 37eb1d61-39bb-4850-ab96-a7546aa7d2af@group-00F5C2898BFA-FollowerState
2022-02-24 16:55:50,798 [pool-425-thread-1] INFO  util.JmxRegister (JmxRegister.java:tryRegister(44)) - Successfully registered JMX Bean with object name Ratis:service=RaftServer,group=group-00F5C2898BFA,id=37eb1d61-39bb-4850-ab96-a7546aa7d2af
2022-02-24 16:55:50,907 [Command processor thread] INFO  commandhandler.CreatePipelineCommandHandler (CreatePipelineCommandHandler.java:handle(106)) - Created Pipeline RATIS THREE PipelineID=cb254f30-eede-410a-88df-00f5c2898bfa.
2022-02-24 16:55:50,965 [Command processor thread] INFO  commandhandler.CreatePipelineCommandHandler (CreatePipelineCommandHandler.java:handle(106)) - Created Pipeline RATIS THREE PipelineID=cb254f30-eede-410a-88df-00f5c2898bfa.
2022-02-24 16:55:51,172 [Command processor thread] INFO  server.RaftServer (RaftServerProxy.java:addNew(95)) - 37eb1d61-39bb-4850-ab96-a7546aa7d2af: addNew group-DC6257889264:[37eb1d61-39bb-4850-ab96-a7546aa7d2af|rpc:10.1.0.37:34927|priority:1] returns group-DC6257889264:java.util.concurrent.CompletableFuture@50fec93b[Not completed]
2022-02-24 16:55:51,173 [pool-425-thread-1] INFO  server.RaftServer$Division (RaftServerImpl.java:<init>(184)) - 37eb1d61-39bb-4850-ab96-a7546aa7d2af: new RaftServerImpl for group-DC6257889264:[37eb1d61-39bb-4850-ab96-a7546aa7d2af|rpc:10.1.0.37:34927|priority:1] with ContainerStateMachine:uninitialized
2022-02-24 16:55:51,173 [pool-425-thread-1] INFO  server.RaftServerConfigKeys (ConfUtils.java:logGet(44)) - raft.server.rpc.timeout.min = 5s (custom)
2022-02-24 16:55:51,173 [pool-425-thread-1] INFO  server.RaftServerConfigKeys (ConfUtils.java:logGet(44)) - raft.server.rpc.timeout.max = 5200ms (custom)
2022-02-24 16:55:51,173 [pool-425-thread-1] INFO  server.RaftServerConfigKeys (ConfUtils.java:logGet(44)) - raft.server.rpc.sleep.time = 25ms (default)
2022-02-24 16:55:51,173 [pool-425-thread-1] INFO  server.RaftServerConfigKeys (ConfUtils.java:logGet(44)) - raft.server.rpc.slowness.timeout = 300000ms (custom)
2022-02-24 16:55:51,173 [pool-425-thread-1] INFO  server.RaftServerConfigKeys (ConfUtils.java:logGet(44)) - raft.server.leaderelection.leader.step-down.wait-time = 10s (default)
2022-02-24 16:55:51,173 [pool-425-thread-1] INFO  server.RaftServerConfigKeys (ConfUtils.java:logGet(44)) - raft.server.sleep.deviation.threshold = 300ms (default)
2022-02-24 16:55:51,173 [pool-425-thread-1] INFO  server.RaftServerConfigKeys (ConfUtils.java:logGet(44)) - raft.server.log.appender.install.snapshot.enabled = false (custom)
2022-02-24 16:55:51,173 [pool-425-thread-1] INFO  server.RaftServer$Division (ServerState.java:<init>(105)) - 37eb1d61-39bb-4850-ab96-a7546aa7d2af@group-DC6257889264: ConfigurationManager, init=-1: [37eb1d61-39bb-4850-ab96-a7546aa7d2af|rpc:10.1.0.37:34927|priority:1], old=null, confs=<EMPTY_MAP>
2022-02-24 16:55:51,174 [pool-425-thread-1] INFO  server.RaftServerConfigKeys (ConfUtils.java:logGet(44)) - raft.server.storage.dir = [/home/runner/work/ozone/ozone/hadoop-ozone/integration-test/target/test-dir/MiniOzoneClusterImpl-a9e0dedd-d836-4895-9472-52c2256152d3/datanode-5/data/ratis] (custom)
2022-02-24 16:55:51,174 [pool-425-thread-1] INFO  server.RaftServerConfigKeys (ConfUtils.java:logGet(44)) - raft.server.log.corruption.policy = EXCEPTION (default)
2022-02-24 16:55:51,174 [pool-425-thread-1] INFO  server.RaftServerConfigKeys (ConfUtils.java:logGet(44)) - raft.server.storage.free-space.min = 0MB (=0) (default)
2022-02-24 16:55:51,174 [pool-425-thread-1] INFO  storage.RaftStorageDirectory (RaftStorageDirectoryImpl.java:analyzeStorage(135)) - The storage directory /home/runner/work/ozone/ozone/hadoop-ozone/integration-test/target/test-dir/MiniOzoneClusterImpl-a9e0dedd-d836-4895-9472-52c2256152d3/datanode-5/data/ratis/30f9a1c0-7ef4-427c-b8b2-dc6257889264 does not exist. Creating ...
2022-02-24 16:55:51,175 [pool-425-thread-1] INFO  storage.RaftStorageDirectory (RaftStorageDirectoryImpl.java:tryLock(230)) - Lock on /home/runner/work/ozone/ozone/hadoop-ozone/integration-test/target/test-dir/MiniOzoneClusterImpl-a9e0dedd-d836-4895-9472-52c2256152d3/datanode-5/data/ratis/30f9a1c0-7ef4-427c-b8b2-dc6257889264/in_use.lock acquired by nodename 3150@fv-az59-243
2022-02-24 16:55:51,176 [pool-425-thread-1] INFO  storage.RaftStorage (RaftStorageImpl.java:format(89)) - Storage directory /home/runner/work/ozone/ozone/hadoop-ozone/integration-test/target/test-dir/MiniOzoneClusterImpl-a9e0dedd-d836-4895-9472-52c2256152d3/datanode-5/data/ratis/30f9a1c0-7ef4-427c-b8b2-dc6257889264 has been successfully formatted.
2022-02-24 16:55:51,177 [pool-425-thread-1] INFO  ratis.ContainerStateMachine (ContainerStateMachine.java:loadSnapshot(236)) - group-DC6257889264: The snapshot info is null. Setting the last applied indexto:(t:0, i:~)
2022-02-24 16:55:51,177 [pool-425-thread-1] INFO  server.RaftServerConfigKeys (ConfUtils.java:logGet(44)) - raft.server.notification.no-leader.timeout = 300000ms (custom)
2022-02-24 16:55:51,177 [pool-425-thread-1] INFO  server.RaftServerConfigKeys (ConfUtils.java:logGet(44)) - raft.server.log.use.memory = false (default)
2022-02-24 16:55:51,177 [pool-425-thread-1] INFO  server.RaftServerConfigKeys (ConfUtils.java:logGet(44)) - raft.server.log.purge.gap = 1000000 (custom)
2022-02-24 16:55:51,177 [pool-425-thread-1] INFO  server.RaftServerConfigKeys (ConfUtils.java:logGet(44)) - raft.server.log.appender.buffer.byte-limit = 33554432 (custom)
2022-02-24 16:55:51,177 [pool-425-thread-1] INFO  server.RaftServerConfigKeys (ConfUtils.java:logGet(44)) - raft.server.log.segment.size.max = 1048576 (custom)
2022-02-24 16:55:51,178 [pool-425-thread-1] INFO  server.RaftServerConfigKeys (ConfUtils.java:logGet(44)) - raft.server.log.segment.cache.num.max = 2 (custom)
2022-02-24 16:55:51,178 [pool-425-thread-1] INFO  server.RaftServerConfigKeys (ConfUtils.java:logGet(44)) - raft.server.log.segment.cache.size.max = 200MB (=209715200) (default)
2022-02-24 16:55:51,178 [pool-425-thread-1] INFO  segmented.SegmentedRaftLogWorker (SegmentedRaftLogWorker.java:<init>(182)) - new 37eb1d61-39bb-4850-ab96-a7546aa7d2af@group-DC6257889264-SegmentedRaftLogWorker for RaftStorageImpl:Storage Directory /home/runner/work/ozone/ozone/hadoop-ozone/integration-test/target/test-dir/MiniOzoneClusterImpl-a9e0dedd-d836-4895-9472-52c2256152d3/datanode-5/data/ratis/30f9a1c0-7ef4-427c-b8b2-dc6257889264
2022-02-24 16:55:51,178 [pool-425-thread-1] INFO  server.RaftServerConfigKeys (ConfUtils.java:logGet(44)) - raft.server.log.queue.byte-limit = 4294967296 (custom)
2022-02-24 16:55:51,178 [pool-425-thread-1] INFO  server.RaftServerConfigKeys (ConfUtils.java:logGet(44)) - raft.server.log.queue.element-limit = 1024 (custom)
2022-02-24 16:55:51,178 [pool-425-thread-1] INFO  server.RaftServerConfigKeys (ConfUtils.java:logGet(44)) - raft.server.log.segment.size.max = 1048576 (custom)
2022-02-24 16:55:51,178 [pool-425-thread-1] INFO  server.RaftServerConfigKeys (ConfUtils.java:logGet(44)) - raft.server.log.preallocated.size = 16384 (custom)
2022-02-24 16:55:51,178 [pool-425-thread-1] INFO  server.RaftServerConfigKeys (ConfUtils.java:logGet(44)) - raft.server.log.force.sync.num = 128 (default)
2022-02-24 16:55:51,178 [pool-425-thread-1] INFO  server.RaftServerConfigKeys (ConfUtils.java:logGet(44)) - raft.server.log.statemachine.data.sync = true (default)
2022-02-24 16:55:51,178 [pool-425-thread-1] INFO  server.RaftServerConfigKeys (ConfUtils.java:logGet(44)) - raft.server.log.statemachine.data.sync.timeout = 10s (default)
2022-02-24 16:55:51,178 [pool-425-thread-1] INFO  server.RaftServerConfigKeys (ConfUtils.java:logGet(44)) - raft.server.log.statemachine.data.sync.timeout.retry = -1 (default)
2022-02-24 16:55:51,179 [pool-425-thread-1] INFO  server.RaftServerConfigKeys (ConfUtils.java:logGet(44)) - raft.server.log.write.buffer.size = 1048576 (custom)
2022-02-24 16:55:51,179 [pool-425-thread-1] INFO  server.RaftServerConfigKeys (ConfUtils.java:logGet(44)) - raft.server.log.statemachine.data.caching.enabled = true (custom)
2022-02-24 16:55:51,179 [pool-425-thread-1] INFO  segmented.SegmentedRaftLogWorker (SegmentedRaftLogWorker.java:lambda$new$0(133)) - 37eb1d61-39bb-4850-ab96-a7546aa7d2af@group-DC6257889264-SegmentedRaftLogWorker: flushIndex: setUnconditionally 0 -> -1
2022-02-24 16:55:51,179 [pool-425-thread-1] INFO  segmented.SegmentedRaftLogWorker (SegmentedRaftLogWorker.java:lambda$new$0(133)) - 37eb1d61-39bb-4850-ab96-a7546aa7d2af@group-DC6257889264-SegmentedRaftLogWorker: safeCacheEvictIndex: setUnconditionally 0 -> -1
2022-02-24 16:55:51,183 [EventQueue-PipelineReportForPipelineReportHandler] INFO  pipeline.PipelineManagerImpl (PipelineManagerImpl.java:openPipeline(291)) - Pipeline Pipeline[ Id: 30f9a1c0-7ef4-427c-b8b2-dc6257889264, Nodes: 37eb1d61-39bb-4850-ab96-a7546aa7d2af{ip: 10.1.0.37, host: fv-az59-243.csjynl4pkq3e1pkirw3ssqjfoh.cx.internal.cloudapp.net, ports: [REPLICATION=45025, RATIS=34927, RATIS_ADMIN=34927, RATIS_SERVER=34927, STANDALONE=33481], networkLocation: /default-rack, certSerialId: null, persistedOpState: IN_SERVICE, persistedOpStateExpiryEpochSec: 0}, ReplicationConfig: RATIS/ONE, State:ALLOCATED, leaderId:37eb1d61-39bb-4850-ab96-a7546aa7d2af, CreationTimestamp2022-02-24T16:55:48.175Z[Etc/UTC]] moved to OPEN state
2022-02-24 16:55:51,184 [pool-425-thread-1] INFO  server.RaftServerConfigKeys (ConfUtils.java:logGet(44)) - raft.server.snapshot.auto.trigger.enabled = true (custom)
2022-02-24 16:55:51,184 [pool-425-thread-1] INFO  server.RaftServerConfigKeys (ConfUtils.java:logGet(44)) - raft.server.snapshot.auto.trigger.threshold = 10000 (custom)
2022-02-24 16:55:51,184 [pool-425-thread-1] INFO  server.RaftServerConfigKeys (ConfUtils.java:logGet(44)) - raft.server.snapshot.retention.file.num = 5 (custom)
2022-02-24 16:55:51,184 [pool-425-thread-1] INFO  server.RaftServerConfigKeys (ConfUtils.java:logGet(44)) - raft.server.log.purge.upto.snapshot.index = false (default)
2022-02-24 16:55:51,184 [pool-425-thread-1] INFO  server.RaftServerConfigKeys (ConfUtils.java:logGet(44)) - raft.server.retrycache.expirytime = 600000ms (custom)
2022-02-24 16:55:51,184 [pool-425-thread-1] INFO  server.RaftServerConfigKeys (ConfUtils.java:logGet(44)) - raft.server.retrycache.statistics.expirytime = 100μs (default)
2022-02-24 16:55:51,185 [77c6fe3f-1b7a-40d0-9616-c5318e50343e@group-52C2256152D3-StateMachineUpdater] INFO  safemode.HealthyPipelineSafeModeRule (HealthyPipelineSafeModeRule.java:initializeRule(152)) - Refreshed total pipeline count is 0, healthy pipeline threshold count is 1
2022-02-24 16:55:51,185 [EventQueue-OpenPipelineForHealthyPipelineSafeModeRule] INFO  safemode.SCMSafeModeManager (HealthyPipelineSafeModeRule.java:process(124)) - SCM in safe mode. Healthy pipelines reported count is 0, required healthy pipeline reported count is 1
2022-02-24 16:55:51,185 [pool-425-thread-1] INFO  server.RaftServer$Division (RaftServerImpl.java:start(301)) - 37eb1d61-39bb-4850-ab96-a7546aa7d2af@group-DC6257889264: start as a follower, conf=-1: [37eb1d61-39bb-4850-ab96-a7546aa7d2af|rpc:10.1.0.37:34927|priority:1], old=null
2022-02-24 16:55:51,185 [pool-425-thread-1] INFO  server.RaftServer$Division (RaftServerImpl.java:setRole(290)) - 37eb1d61-39bb-4850-ab96-a7546aa7d2af@group-DC6257889264: changes role from      null to FOLLOWER at term 0 for startAsFollower
2022-02-24 16:55:51,185 [pool-425-thread-1] INFO  impl.RoleInfo (RoleInfo.java:updateAndGet(130)) - 37eb1d61-39bb-4850-ab96-a7546aa7d2af: start 37eb1d61-39bb-4850-ab96-a7546aa7d2af@group-DC6257889264-FollowerState
2022-02-24 16:55:51,219 [pool-425-thread-1] INFO  util.JmxRegister (JmxRegister.java:tryRegister(44)) - Successfully registered JMX Bean with object name Ratis:service=RaftServer,group=group-DC6257889264,id=37eb1d61-39bb-4850-ab96-a7546aa7d2af
2022-02-24 16:55:51,228 [Command processor thread] INFO  ratis.XceiverServerRatis (XceiverServerRatis.java:addGroup(769)) - Created group PipelineID=30f9a1c0-7ef4-427c-b8b2-dc6257889264
2022-02-24 16:55:51,228 [Command processor thread] INFO  commandhandler.CreatePipelineCommandHandler (CreatePipelineCommandHandler.java:handle(106)) - Created Pipeline RATIS ONE PipelineID=30f9a1c0-7ef4-427c-b8b2-dc6257889264.
2022-02-24 16:55:51,777 [Listener at 127.0.0.1/44987] INFO  ozone.MiniOzoneClusterImpl (MiniOzoneClusterImpl.java:lambda$waitForClusterToBeReady$0(219)) - Nodes are ready. Got 7 of 7 DN Heartbeats.
2022-02-24 16:55:51,778 [Listener at 127.0.0.1/44987] INFO  ozone.MiniOzoneClusterImpl (MiniOzoneClusterImpl.java:lambda$waitForClusterToBeReady$0(222)) - Waiting for cluster to exit safe mode
2022-02-24 16:55:51,778 [Listener at 127.0.0.1/44987] INFO  ozone.MiniOzoneClusterImpl (MiniOzoneClusterImpl.java:lambda$waitForClusterToBeReady$0(224)) - SCM became leader
2022-02-24 16:55:51,841 [Command processor thread] INFO  server.RaftServer (RaftServerProxy.java:addNew(95)) - 6b991a1f-9e77-4b13-a483-fcde5672bd4a: addNew group-C3D2367B31B3:[6b991a1f-9e77-4b13-a483-fcde5672bd4a|rpc:10.1.0.37:38289|priority:1] returns group-C3D2367B31B3:java.util.concurrent.CompletableFuture@51585346[Not completed]
2022-02-24 16:55:51,852 [pool-446-thread-1] INFO  server.RaftServer$Division (RaftServerImpl.java:<init>(184)) - 6b991a1f-9e77-4b13-a483-fcde5672bd4a: new RaftServerImpl for group-C3D2367B31B3:[6b991a1f-9e77-4b13-a483-fcde5672bd4a|rpc:10.1.0.37:38289|priority:1] with ContainerStateMachine:uninitialized
2022-02-24 16:55:51,853 [pool-446-thread-1] INFO  server.RaftServerConfigKeys (ConfUtils.java:logGet(44)) - raft.server.rpc.timeout.min = 5s (custom)
2022-02-24 16:55:51,853 [pool-446-thread-1] INFO  server.RaftServerConfigKeys (ConfUtils.java:logGet(44)) - raft.server.rpc.timeout.max = 5200ms (custom)
2022-02-24 16:55:51,853 [pool-446-thread-1] INFO  server.RaftServerConfigKeys (ConfUtils.java:logGet(44)) - raft.server.rpc.sleep.time = 25ms (default)
2022-02-24 16:55:51,853 [pool-446-thread-1] INFO  server.RaftServerConfigKeys (ConfUtils.java:logGet(44)) - raft.server.rpc.slowness.timeout = 300000ms (custom)
2022-02-24 16:55:51,853 [pool-446-thread-1] INFO  server.RaftServerConfigKeys (ConfUtils.java:logGet(44)) - raft.server.leaderelection.leader.step-down.wait-time = 10s (default)
2022-02-24 16:55:51,853 [pool-446-thread-1] INFO  server.RaftServerConfigKeys (ConfUtils.java:logGet(44)) - raft.server.sleep.deviation.threshold = 300ms (default)
2022-02-24 16:55:51,853 [pool-446-thread-1] INFO  server.RaftServerConfigKeys (ConfUtils.java:logGet(44)) - raft.server.log.appender.install.snapshot.enabled = false (custom)
2022-02-24 16:55:51,853 [pool-446-thread-1] INFO  server.RaftServer$Division (ServerState.java:<init>(105)) - 6b991a1f-9e77-4b13-a483-fcde5672bd4a@group-C3D2367B31B3: ConfigurationManager, init=-1: [6b991a1f-9e77-4b13-a483-fcde5672bd4a|rpc:10.1.0.37:38289|priority:1], old=null, confs=<EMPTY_MAP>
2022-02-24 16:55:51,853 [pool-446-thread-1] INFO  server.RaftServerConfigKeys (ConfUtils.java:logGet(44)) - raft.server.storage.dir = [/home/runner/work/ozone/ozone/hadoop-ozone/integration-test/target/test-dir/MiniOzoneClusterImpl-a9e0dedd-d836-4895-9472-52c2256152d3/datanode-6/data/ratis] (custom)
2022-02-24 16:55:51,853 [pool-446-thread-1] INFO  server.RaftServerConfigKeys (ConfUtils.java:logGet(44)) - raft.server.log.corruption.policy = EXCEPTION (default)
2022-02-24 16:55:51,854 [pool-446-thread-1] INFO  server.RaftServerConfigKeys (ConfUtils.java:logGet(44)) - raft.server.storage.free-space.min = 0MB (=0) (default)
2022-02-24 16:55:51,854 [pool-446-thread-1] INFO  storage.RaftStorageDirectory (RaftStorageDirectoryImpl.java:analyzeStorage(135)) - The storage directory /home/runner/work/ozone/ozone/hadoop-ozone/integration-test/target/test-dir/MiniOzoneClusterImpl-a9e0dedd-d836-4895-9472-52c2256152d3/datanode-6/data/ratis/f649cc5f-229f-452a-a086-c3d2367b31b3 does not exist. Creating ...
2022-02-24 16:55:51,866 [pool-446-thread-1] INFO  storage.RaftStorageDirectory (RaftStorageDirectoryImpl.java:tryLock(230)) - Lock on /home/runner/work/ozone/ozone/hadoop-ozone/integration-test/target/test-dir/MiniOzoneClusterImpl-a9e0dedd-d836-4895-9472-52c2256152d3/datanode-6/data/ratis/f649cc5f-229f-452a-a086-c3d2367b31b3/in_use.lock acquired by nodename 3150@fv-az59-243
2022-02-24 16:55:51,873 [pool-446-thread-1] INFO  storage.RaftStorage (RaftStorageImpl.java:format(89)) - Storage directory /home/runner/work/ozone/ozone/hadoop-ozone/integration-test/target/test-dir/MiniOzoneClusterImpl-a9e0dedd-d836-4895-9472-52c2256152d3/datanode-6/data/ratis/f649cc5f-229f-452a-a086-c3d2367b31b3 has been successfully formatted.
2022-02-24 16:55:51,907 [pool-446-thread-1] INFO  ratis.ContainerStateMachine (ContainerStateMachine.java:loadSnapshot(236)) - group-C3D2367B31B3: The snapshot info is null. Setting the last applied indexto:(t:0, i:~)
2022-02-24 16:55:51,907 [pool-446-thread-1] INFO  server.RaftServerConfigKeys (ConfUtils.java:logGet(44)) - raft.server.notification.no-leader.timeout = 300000ms (custom)
2022-02-24 16:55:51,907 [pool-446-thread-1] INFO  server.RaftServerConfigKeys (ConfUtils.java:logGet(44)) - raft.server.log.use.memory = false (default)
2022-02-24 16:55:51,907 [pool-446-thread-1] INFO  server.RaftServerConfigKeys (ConfUtils.java:logGet(44)) - raft.server.log.purge.gap = 1000000 (custom)
2022-02-24 16:55:51,907 [pool-446-thread-1] INFO  server.RaftServerConfigKeys (ConfUtils.java:logGet(44)) - raft.server.log.appender.buffer.byte-limit = 33554432 (custom)
2022-02-24 16:55:51,907 [pool-446-thread-1] INFO  server.RaftServerConfigKeys (ConfUtils.java:logGet(44)) - raft.server.log.segment.size.max = 1048576 (custom)
2022-02-24 16:55:51,908 [pool-446-thread-1] INFO  server.RaftServerConfigKeys (ConfUtils.java:logGet(44)) - raft.server.log.segment.cache.num.max = 2 (custom)
2022-02-24 16:55:51,908 [pool-446-thread-1] INFO  server.RaftServerConfigKeys (ConfUtils.java:logGet(44)) - raft.server.log.segment.cache.size.max = 200MB (=209715200) (default)
2022-02-24 16:55:51,908 [pool-446-thread-1] INFO  segmented.SegmentedRaftLogWorker (SegmentedRaftLogWorker.java:<init>(182)) - new 6b991a1f-9e77-4b13-a483-fcde5672bd4a@group-C3D2367B31B3-SegmentedRaftLogWorker for RaftStorageImpl:Storage Directory /home/runner/work/ozone/ozone/hadoop-ozone/integration-test/target/test-dir/MiniOzoneClusterImpl-a9e0dedd-d836-4895-9472-52c2256152d3/datanode-6/data/ratis/f649cc5f-229f-452a-a086-c3d2367b31b3
2022-02-24 16:55:51,908 [pool-446-thread-1] INFO  server.RaftServerConfigKeys (ConfUtils.java:logGet(44)) - raft.server.log.queue.byte-limit = 4294967296 (custom)
2022-02-24 16:55:51,908 [pool-446-thread-1] INFO  server.RaftServerConfigKeys (ConfUtils.java:logGet(44)) - raft.server.log.queue.element-limit = 1024 (custom)
2022-02-24 16:55:51,908 [pool-446-thread-1] INFO  server.RaftServerConfigKeys (ConfUtils.java:logGet(44)) - raft.server.log.segment.size.max = 1048576 (custom)
2022-02-24 16:55:51,908 [pool-446-thread-1] INFO  server.RaftServerConfigKeys (ConfUtils.java:logGet(44)) - raft.server.log.preallocated.size = 16384 (custom)
2022-02-24 16:55:51,908 [pool-446-thread-1] INFO  server.RaftServerConfigKeys (ConfUtils.java:logGet(44)) - raft.server.log.force.sync.num = 128 (default)
2022-02-24 16:55:51,908 [pool-446-thread-1] INFO  server.RaftServerConfigKeys (ConfUtils.java:logGet(44)) - raft.server.log.statemachine.data.sync = true (default)
2022-02-24 16:55:51,908 [pool-446-thread-1] INFO  server.RaftServerConfigKeys (ConfUtils.java:logGet(44)) - raft.server.log.statemachine.data.sync.timeout = 10s (default)
2022-02-24 16:55:51,908 [pool-446-thread-1] INFO  server.RaftServerConfigKeys (ConfUtils.java:logGet(44)) - raft.server.log.statemachine.data.sync.timeout.retry = -1 (default)
2022-02-24 16:55:51,909 [pool-446-thread-1] INFO  server.RaftServerConfigKeys (ConfUtils.java:logGet(44)) - raft.server.log.write.buffer.size = 1048576 (custom)
2022-02-24 16:55:51,910 [pool-446-thread-1] INFO  server.RaftServerConfigKeys (ConfUtils.java:logGet(44)) - raft.server.log.statemachine.data.caching.enabled = true (custom)
2022-02-24 16:55:51,910 [pool-446-thread-1] INFO  segmented.SegmentedRaftLogWorker (SegmentedRaftLogWorker.java:lambda$new$0(133)) - 6b991a1f-9e77-4b13-a483-fcde5672bd4a@group-C3D2367B31B3-SegmentedRaftLogWorker: flushIndex: setUnconditionally 0 -> -1
2022-02-24 16:55:51,910 [pool-446-thread-1] INFO  segmented.SegmentedRaftLogWorker (SegmentedRaftLogWorker.java:lambda$new$0(133)) - 6b991a1f-9e77-4b13-a483-fcde5672bd4a@group-C3D2367B31B3-SegmentedRaftLogWorker: safeCacheEvictIndex: setUnconditionally 0 -> -1
2022-02-24 16:55:51,911 [EventQueue-PipelineReportForPipelineReportHandler] INFO  pipeline.PipelineManagerImpl (PipelineManagerImpl.java:openPipeline(291)) - Pipeline Pipeline[ Id: f649cc5f-229f-452a-a086-c3d2367b31b3, Nodes: 6b991a1f-9e77-4b13-a483-fcde5672bd4a{ip: 10.1.0.37, host: fv-az59-243.csjynl4pkq3e1pkirw3ssqjfoh.cx.internal.cloudapp.net, ports: [REPLICATION=34893, RATIS=38289, RATIS_ADMIN=38289, RATIS_SERVER=38289, STANDALONE=42165], networkLocation: /default-rack, certSerialId: null, persistedOpState: IN_SERVICE, persistedOpStateExpiryEpochSec: 0}, ReplicationConfig: RATIS/ONE, State:ALLOCATED, leaderId:6b991a1f-9e77-4b13-a483-fcde5672bd4a, CreationTimestamp2022-02-24T16:55:48.842Z[Etc/UTC]] moved to OPEN state
2022-02-24 16:55:51,913 [77c6fe3f-1b7a-40d0-9616-c5318e50343e@group-52C2256152D3-StateMachineUpdater] INFO  safemode.HealthyPipelineSafeModeRule (HealthyPipelineSafeModeRule.java:initializeRule(152)) - Refreshed total pipeline count is 0, healthy pipeline threshold count is 1
2022-02-24 16:55:51,914 [EventQueue-OpenPipelineForHealthyPipelineSafeModeRule] INFO  safemode.SCMSafeModeManager (HealthyPipelineSafeModeRule.java:process(124)) - SCM in safe mode. Healthy pipelines reported count is 0, required healthy pipeline reported count is 1
2022-02-24 16:55:51,927 [pool-446-thread-1] INFO  server.RaftServerConfigKeys (ConfUtils.java:logGet(44)) - raft.server.snapshot.auto.trigger.enabled = true (custom)
2022-02-24 16:55:51,927 [pool-446-thread-1] INFO  server.RaftServerConfigKeys (ConfUtils.java:logGet(44)) - raft.server.snapshot.auto.trigger.threshold = 10000 (custom)
2022-02-24 16:55:51,927 [pool-446-thread-1] INFO  server.RaftServerConfigKeys (ConfUtils.java:logGet(44)) - raft.server.snapshot.retention.file.num = 5 (custom)
2022-02-24 16:55:51,927 [pool-446-thread-1] INFO  server.RaftServerConfigKeys (ConfUtils.java:logGet(44)) - raft.server.log.purge.upto.snapshot.index = false (default)
2022-02-24 16:55:51,927 [pool-446-thread-1] INFO  server.RaftServerConfigKeys (ConfUtils.java:logGet(44)) - raft.server.retrycache.expirytime = 600000ms (custom)
2022-02-24 16:55:51,927 [pool-446-thread-1] INFO  server.RaftServerConfigKeys (ConfUtils.java:logGet(44)) - raft.server.retrycache.statistics.expirytime = 100μs (default)
2022-02-24 16:55:51,928 [pool-446-thread-1] INFO  server.RaftServer$Division (RaftServerImpl.java:start(301)) - 6b991a1f-9e77-4b13-a483-fcde5672bd4a@group-C3D2367B31B3: start as a follower, conf=-1: [6b991a1f-9e77-4b13-a483-fcde5672bd4a|rpc:10.1.0.37:38289|priority:1], old=null
2022-02-24 16:55:51,928 [pool-446-thread-1] INFO  server.RaftServer$Division (RaftServerImpl.java:setRole(290)) - 6b991a1f-9e77-4b13-a483-fcde5672bd4a@group-C3D2367B31B3: changes role from      null to FOLLOWER at term 0 for startAsFollower
2022-02-24 16:55:51,928 [pool-446-thread-1] INFO  impl.RoleInfo (RoleInfo.java:updateAndGet(130)) - 6b991a1f-9e77-4b13-a483-fcde5672bd4a: start 6b991a1f-9e77-4b13-a483-fcde5672bd4a@group-C3D2367B31B3-FollowerState
2022-02-24 16:55:51,933 [pool-446-thread-1] INFO  util.JmxRegister (JmxRegister.java:tryRegister(44)) - Successfully registered JMX Bean with object name Ratis:service=RaftServer,group=group-C3D2367B31B3,id=6b991a1f-9e77-4b13-a483-fcde5672bd4a
2022-02-24 16:55:51,937 [Command processor thread] INFO  ratis.XceiverServerRatis (XceiverServerRatis.java:addGroup(769)) - Created group PipelineID=f649cc5f-229f-452a-a086-c3d2367b31b3
2022-02-24 16:55:51,937 [Command processor thread] INFO  commandhandler.CreatePipelineCommandHandler (CreatePipelineCommandHandler.java:handle(106)) - Created Pipeline RATIS ONE PipelineID=f649cc5f-229f-452a-a086-c3d2367b31b3.
2022-02-24 16:55:52,778 [Listener at 127.0.0.1/44987] INFO  ozone.MiniOzoneClusterImpl (MiniOzoneClusterImpl.java:lambda$waitForClusterToBeReady$0(219)) - Nodes are ready. Got 7 of 7 DN Heartbeats.
2022-02-24 16:55:52,778 [Listener at 127.0.0.1/44987] INFO  ozone.MiniOzoneClusterImpl (MiniOzoneClusterImpl.java:lambda$waitForClusterToBeReady$0(222)) - Waiting for cluster to exit safe mode
2022-02-24 16:55:52,778 [Listener at 127.0.0.1/44987] INFO  ozone.MiniOzoneClusterImpl (MiniOzoneClusterImpl.java:lambda$waitForClusterToBeReady$0(224)) - SCM became leader
2022-02-24 16:55:53,131 [b07270f0-c5b1-4afe-99f3-aa5758d6ba5c@group-F4FF6A221EE2-FollowerState] INFO  impl.FollowerState (FollowerState.java:run(134)) - b07270f0-c5b1-4afe-99f3-aa5758d6ba5c@group-F4FF6A221EE2-FollowerState: change to CANDIDATE, lastRpcElapsedTime:5110872320ns, electionTimeout:5110ms
2022-02-24 16:55:53,131 [b07270f0-c5b1-4afe-99f3-aa5758d6ba5c@group-F4FF6A221EE2-FollowerState] INFO  impl.RoleInfo (RoleInfo.java:shutdownFollowerState(108)) - b07270f0-c5b1-4afe-99f3-aa5758d6ba5c: shutdown b07270f0-c5b1-4afe-99f3-aa5758d6ba5c@group-F4FF6A221EE2-FollowerState
2022-02-24 16:55:53,131 [b07270f0-c5b1-4afe-99f3-aa5758d6ba5c@group-F4FF6A221EE2-FollowerState] INFO  server.RaftServer$Division (RaftServerImpl.java:setRole(290)) - b07270f0-c5b1-4afe-99f3-aa5758d6ba5c@group-F4FF6A221EE2: changes role from  FOLLOWER to CANDIDATE at term 0 for changeToCandidate
2022-02-24 16:55:53,133 [b07270f0-c5b1-4afe-99f3-aa5758d6ba5c@group-F4FF6A221EE2-FollowerState] INFO  server.RaftServerConfigKeys (ConfUtils.java:logGet(44)) - raft.server.leaderelection.pre-vote = false (custom)
2022-02-24 16:55:53,133 [b07270f0-c5b1-4afe-99f3-aa5758d6ba5c@group-F4FF6A221EE2-FollowerState] INFO  impl.RoleInfo (RoleInfo.java:updateAndGet(130)) - b07270f0-c5b1-4afe-99f3-aa5758d6ba5c: start b07270f0-c5b1-4afe-99f3-aa5758d6ba5c@group-F4FF6A221EE2-LeaderElection44
2022-02-24 16:55:53,160 [b07270f0-c5b1-4afe-99f3-aa5758d6ba5c@group-F4FF6A221EE2-LeaderElection44] INFO  impl.LeaderElection (LeaderElection.java:askForVotes(306)) - b07270f0-c5b1-4afe-99f3-aa5758d6ba5c@group-F4FF6A221EE2-LeaderElection44 ELECTION round 0: submit vote requests at term 1 for -1: [b07270f0-c5b1-4afe-99f3-aa5758d6ba5c|rpc:10.1.0.37:45647|priority:0, cf3a7bfa-0a59-4cf0-978b-44f71b96abbc|rpc:10.1.0.37:40183|priority:0, 2a15bd7e-7896-4db0-9e08-f7464bcd33ee|rpc:10.1.0.37:41995|priority:1], old=null
2022-02-24 16:55:53,191 [b07270f0-c5b1-4afe-99f3-aa5758d6ba5c@group-BBC704AC6F1A-FollowerState] INFO  impl.FollowerState (FollowerState.java:run(134)) - b07270f0-c5b1-4afe-99f3-aa5758d6ba5c@group-BBC704AC6F1A-FollowerState: change to CANDIDATE, lastRpcElapsedTime:5218405416ns, electionTimeout:5195ms
2022-02-24 16:55:53,191 [b07270f0-c5b1-4afe-99f3-aa5758d6ba5c@group-BBC704AC6F1A-FollowerState] INFO  impl.RoleInfo (RoleInfo.java:shutdownFollowerState(108)) - b07270f0-c5b1-4afe-99f3-aa5758d6ba5c: shutdown b07270f0-c5b1-4afe-99f3-aa5758d6ba5c@group-BBC704AC6F1A-FollowerState
2022-02-24 16:55:53,191 [b07270f0-c5b1-4afe-99f3-aa5758d6ba5c@group-BBC704AC6F1A-FollowerState] INFO  server.RaftServer$Division (RaftServerImpl.java:setRole(290)) - b07270f0-c5b1-4afe-99f3-aa5758d6ba5c@group-BBC704AC6F1A: changes role from  FOLLOWER to CANDIDATE at term 0 for changeToCandidate
2022-02-24 16:55:53,191 [b07270f0-c5b1-4afe-99f3-aa5758d6ba5c@group-BBC704AC6F1A-FollowerState] INFO  server.RaftServerConfigKeys (ConfUtils.java:logGet(44)) - raft.server.leaderelection.pre-vote = false (custom)
2022-02-24 16:55:53,191 [b07270f0-c5b1-4afe-99f3-aa5758d6ba5c@group-BBC704AC6F1A-FollowerState] INFO  impl.RoleInfo (RoleInfo.java:updateAndGet(130)) - b07270f0-c5b1-4afe-99f3-aa5758d6ba5c: start b07270f0-c5b1-4afe-99f3-aa5758d6ba5c@group-BBC704AC6F1A-LeaderElection45
2022-02-24 16:55:53,192 [grpc-default-executor-3] INFO  server.RaftServer$Division (RaftServerImpl.java:requestVote(1046)) - 2a15bd7e-7896-4db0-9e08-f7464bcd33ee@group-F4FF6A221EE2: receive requestVote(ELECTION, b07270f0-c5b1-4afe-99f3-aa5758d6ba5c, group-F4FF6A221EE2, 1, (t:0, i:0))
2022-02-24 16:55:53,192 [grpc-default-executor-3] INFO  impl.VoteContext (VoteContext.java:log(48)) - 2a15bd7e-7896-4db0-9e08-f7464bcd33ee@group-F4FF6A221EE2-FOLLOWER: reject ELECTION from b07270f0-c5b1-4afe-99f3-aa5758d6ba5c: our priority 1 > candidate's priority 0
2022-02-24 16:55:53,192 [grpc-default-executor-3] INFO  server.RaftServer$Division (RaftServerImpl.java:setRole(290)) - 2a15bd7e-7896-4db0-9e08-f7464bcd33ee@group-F4FF6A221EE2: changes role from  FOLLOWER to FOLLOWER at term 1 for candidate:b07270f0-c5b1-4afe-99f3-aa5758d6ba5c
2022-02-24 16:55:53,192 [grpc-default-executor-3] INFO  impl.RoleInfo (RoleInfo.java:shutdownFollowerState(108)) - 2a15bd7e-7896-4db0-9e08-f7464bcd33ee: shutdown 2a15bd7e-7896-4db0-9e08-f7464bcd33ee@group-F4FF6A221EE2-FollowerState
2022-02-24 16:55:53,199 [grpc-default-executor-3] INFO  impl.RoleInfo (RoleInfo.java:updateAndGet(130)) - 2a15bd7e-7896-4db0-9e08-f7464bcd33ee: start 2a15bd7e-7896-4db0-9e08-f7464bcd33ee@group-F4FF6A221EE2-FollowerState
2022-02-24 16:55:53,199 [2a15bd7e-7896-4db0-9e08-f7464bcd33ee@group-F4FF6A221EE2-FollowerState] INFO  impl.FollowerState (FollowerState.java:run(143)) - 2a15bd7e-7896-4db0-9e08-f7464bcd33ee@group-F4FF6A221EE2-FollowerState was interrupted: {}
java.lang.InterruptedException: sleep interrupted
	at java.lang.Thread.sleep(Native Method)
	at java.lang.Thread.sleep(Thread.java:342)
	at java.util.concurrent.TimeUnit.sleep(TimeUnit.java:386)
	at org.apache.ratis.util.TimeDuration.sleep(TimeDuration.java:324)
	at org.apache.ratis.util.TimeDuration.sleep(TimeDuration.java:309)
	at org.apache.ratis.server.impl.FollowerState.run(FollowerState.java:118)
2022-02-24 16:55:53,202 [grpc-default-executor-3] INFO  server.RaftServer$Division (RaftServerImpl.java:requestVote(1078)) - 2a15bd7e-7896-4db0-9e08-f7464bcd33ee@group-F4FF6A221EE2 replies to ELECTION vote request: b07270f0-c5b1-4afe-99f3-aa5758d6ba5c<-2a15bd7e-7896-4db0-9e08-f7464bcd33ee#0:FAIL-t1. Peer's state: 2a15bd7e-7896-4db0-9e08-f7464bcd33ee@group-F4FF6A221EE2:t1, leader=null, voted=null, raftlog=2a15bd7e-7896-4db0-9e08-f7464bcd33ee@group-F4FF6A221EE2-SegmentedRaftLog:OPENED:c-1, conf=-1: [b07270f0-c5b1-4afe-99f3-aa5758d6ba5c|rpc:10.1.0.37:45647|dataStream:|priority:0, cf3a7bfa-0a59-4cf0-978b-44f71b96abbc|rpc:10.1.0.37:40183|dataStream:|priority:0, 2a15bd7e-7896-4db0-9e08-f7464bcd33ee|rpc:10.1.0.37:41995|dataStream:|priority:1], old=null
2022-02-24 16:55:53,203 [b07270f0-c5b1-4afe-99f3-aa5758d6ba5c@group-F4FF6A221EE2-LeaderElection44] INFO  impl.LeaderElection (LeaderElection.java:logAndReturn(89)) - b07270f0-c5b1-4afe-99f3-aa5758d6ba5c@group-F4FF6A221EE2-LeaderElection44: ELECTION REJECTED received 1 response(s) and 0 exception(s):
2022-02-24 16:55:53,203 [b07270f0-c5b1-4afe-99f3-aa5758d6ba5c@group-F4FF6A221EE2-LeaderElection44] INFO  impl.LeaderElection (LeaderElection.java:logAndReturn(93)) -   Response 0: b07270f0-c5b1-4afe-99f3-aa5758d6ba5c<-2a15bd7e-7896-4db0-9e08-f7464bcd33ee#0:FAIL-t1
2022-02-24 16:55:53,203 [b07270f0-c5b1-4afe-99f3-aa5758d6ba5c@group-F4FF6A221EE2-LeaderElection44] INFO  impl.LeaderElection (LeaderElection.java:askForVotes(308)) - b07270f0-c5b1-4afe-99f3-aa5758d6ba5c@group-F4FF6A221EE2-LeaderElection44 ELECTION round 0: result REJECTED
2022-02-24 16:55:53,203 [b07270f0-c5b1-4afe-99f3-aa5758d6ba5c@group-F4FF6A221EE2-LeaderElection44] INFO  server.RaftServer$Division (RaftServerImpl.java:setRole(290)) - b07270f0-c5b1-4afe-99f3-aa5758d6ba5c@group-F4FF6A221EE2: changes role from CANDIDATE to FOLLOWER at term 1 for REJECTED
2022-02-24 16:55:53,203 [b07270f0-c5b1-4afe-99f3-aa5758d6ba5c@group-F4FF6A221EE2-LeaderElection44] INFO  impl.RoleInfo (RoleInfo.java:shutdownLeaderElection(121)) - b07270f0-c5b1-4afe-99f3-aa5758d6ba5c: shutdown b07270f0-c5b1-4afe-99f3-aa5758d6ba5c@group-F4FF6A221EE2-LeaderElection44
2022-02-24 16:55:53,204 [b07270f0-c5b1-4afe-99f3-aa5758d6ba5c@group-F4FF6A221EE2-LeaderElection44] INFO  impl.RoleInfo (RoleInfo.java:updateAndGet(130)) - b07270f0-c5b1-4afe-99f3-aa5758d6ba5c: start b07270f0-c5b1-4afe-99f3-aa5758d6ba5c@group-F4FF6A221EE2-FollowerState
2022-02-24 16:55:53,215 [b07270f0-c5b1-4afe-99f3-aa5758d6ba5c@group-BBC704AC6F1A-LeaderElection45] INFO  impl.LeaderElection (LeaderElection.java:askForVotes(306)) - b07270f0-c5b1-4afe-99f3-aa5758d6ba5c@group-BBC704AC6F1A-LeaderElection45 ELECTION round 0: submit vote requests at term 1 for -1: [b07270f0-c5b1-4afe-99f3-aa5758d6ba5c|rpc:10.1.0.37:45647|priority:1], old=null
2022-02-24 16:55:53,216 [b07270f0-c5b1-4afe-99f3-aa5758d6ba5c@group-BBC704AC6F1A-LeaderElection45] INFO  impl.LeaderElection (LeaderElection.java:askForVotes(308)) - b07270f0-c5b1-4afe-99f3-aa5758d6ba5c@group-BBC704AC6F1A-LeaderElection45 ELECTION round 0: result PASSED (term=1)
2022-02-24 16:55:53,216 [b07270f0-c5b1-4afe-99f3-aa5758d6ba5c@group-BBC704AC6F1A-LeaderElection45] INFO  impl.RoleInfo (RoleInfo.java:shutdownLeaderElection(121)) - b07270f0-c5b1-4afe-99f3-aa5758d6ba5c: shutdown b07270f0-c5b1-4afe-99f3-aa5758d6ba5c@group-BBC704AC6F1A-LeaderElection45
2022-02-24 16:55:53,216 [b07270f0-c5b1-4afe-99f3-aa5758d6ba5c@group-BBC704AC6F1A-LeaderElection45] INFO  server.RaftServer$Division (RaftServerImpl.java:setRole(290)) - b07270f0-c5b1-4afe-99f3-aa5758d6ba5c@group-BBC704AC6F1A: changes role from CANDIDATE to LEADER at term 1 for changeToLeader
2022-02-24 16:55:53,216 [b07270f0-c5b1-4afe-99f3-aa5758d6ba5c@group-BBC704AC6F1A-LeaderElection45] INFO  ratis.XceiverServerRatis (XceiverServerRatis.java:handleLeaderChangedNotification(867)) - Leader change notification received for group: group-BBC704AC6F1A with new leaderId: b07270f0-c5b1-4afe-99f3-aa5758d6ba5c
2022-02-24 16:55:53,216 [b07270f0-c5b1-4afe-99f3-aa5758d6ba5c@group-BBC704AC6F1A-LeaderElection45] INFO  server.RaftServer$Division (ServerState.java:setLeader(285)) - b07270f0-c5b1-4afe-99f3-aa5758d6ba5c@group-BBC704AC6F1A: change Leader from null to b07270f0-c5b1-4afe-99f3-aa5758d6ba5c at term 1 for becomeLeader, leader elected after 5282ms
2022-02-24 16:55:53,216 [b07270f0-c5b1-4afe-99f3-aa5758d6ba5c@group-BBC704AC6F1A-LeaderElection45] INFO  server.RaftServerConfigKeys (ConfUtils.java:logGet(44)) - raft.server.staging.catchup.gap = 1000 (default)
2022-02-24 16:55:53,216 [b07270f0-c5b1-4afe-99f3-aa5758d6ba5c@group-BBC704AC6F1A-LeaderElection45] INFO  server.RaftServerConfigKeys (ConfUtils.java:logGet(44)) - raft.server.write.element-limit = 1024 (custom)
2022-02-24 16:55:53,216 [b07270f0-c5b1-4afe-99f3-aa5758d6ba5c@group-BBC704AC6F1A-LeaderElection45] INFO  server.RaftServerConfigKeys (ConfUtils.java:logGet(44)) - raft.server.write.byte-limit = 1024 M (=1073741824) (custom)
2022-02-24 16:55:53,216 [b07270f0-c5b1-4afe-99f3-aa5758d6ba5c@group-BBC704AC6F1A-LeaderElection45] INFO  server.RaftServerConfigKeys (ConfUtils.java:logGet(44)) - raft.server.watch.timeout = 3000ms (custom)
2022-02-24 16:55:53,216 [b07270f0-c5b1-4afe-99f3-aa5758d6ba5c@group-BBC704AC6F1A-LeaderElection45] INFO  server.RaftServerConfigKeys (ConfUtils.java:logGet(44)) - raft.server.watch.timeout.denomination = 1s (default)
2022-02-24 16:55:53,217 [b07270f0-c5b1-4afe-99f3-aa5758d6ba5c@group-BBC704AC6F1A-LeaderElection45] INFO  server.RaftServerConfigKeys (ConfUtils.java:logGet(44)) - raft.server.watch.element-limit = 65536 (default)
2022-02-24 16:55:53,217 [b07270f0-c5b1-4afe-99f3-aa5758d6ba5c@group-BBC704AC6F1A-LeaderElection45] INFO  server.RaftServerConfigKeys (ConfUtils.java:logGet(44)) - raft.server.write.element-limit = 1024 (custom)
2022-02-24 16:55:53,217 [b07270f0-c5b1-4afe-99f3-aa5758d6ba5c@group-BBC704AC6F1A-LeaderElection45] INFO  server.RaftServerConfigKeys (ConfUtils.java:logGet(44)) - raft.server.write.follower.gap.ratio.max = -1.0 (default)
2022-02-24 16:55:53,218 [EventQueue-OpenPipelineForHealthyPipelineSafeModeRule] INFO  safemode.SCMSafeModeManager (HealthyPipelineSafeModeRule.java:process(124)) - SCM in safe mode. Healthy pipelines reported count is 0, required healthy pipeline reported count is 1
2022-02-24 16:55:53,218 [b07270f0-c5b1-4afe-99f3-aa5758d6ba5c@group-BBC704AC6F1A-LeaderElection45] INFO  impl.RoleInfo (RoleInfo.java:updateAndGet(130)) - b07270f0-c5b1-4afe-99f3-aa5758d6ba5c: start b07270f0-c5b1-4afe-99f3-aa5758d6ba5c@group-BBC704AC6F1A-LeaderStateImpl
2022-02-24 16:55:53,218 [b07270f0-c5b1-4afe-99f3-aa5758d6ba5c@group-BBC704AC6F1A-LeaderElection45] INFO  segmented.SegmentedRaftLogWorker (SegmentedRaftLogWorker.java:startLogSegment(394)) - b07270f0-c5b1-4afe-99f3-aa5758d6ba5c@group-BBC704AC6F1A-SegmentedRaftLogWorker: Starting segment from index:0
2022-02-24 16:55:53,220 [b07270f0-c5b1-4afe-99f3-aa5758d6ba5c@group-BBC704AC6F1A-SegmentedRaftLogWorker] INFO  segmented.SegmentedRaftLogWorker (SegmentedRaftLogWorker.java:execute(601)) - b07270f0-c5b1-4afe-99f3-aa5758d6ba5c@group-BBC704AC6F1A-SegmentedRaftLogWorker: created new log segment /home/runner/work/ozone/ozone/hadoop-ozone/integration-test/target/test-dir/MiniOzoneClusterImpl-a9e0dedd-d836-4895-9472-52c2256152d3/datanode-0/data/ratis/4380a834-1b4d-4ba4-846d-bbc704ac6f1a/current/log_inprogress_0
2022-02-24 16:55:53,230 [grpc-default-executor-4] INFO  server.RaftServer$Division (RaftServerImpl.java:requestVote(1046)) - cf3a7bfa-0a59-4cf0-978b-44f71b96abbc@group-F4FF6A221EE2: receive requestVote(ELECTION, b07270f0-c5b1-4afe-99f3-aa5758d6ba5c, group-F4FF6A221EE2, 1, (t:0, i:0))
2022-02-24 16:55:53,230 [grpc-default-executor-4] INFO  impl.VoteContext (VoteContext.java:log(48)) - cf3a7bfa-0a59-4cf0-978b-44f71b96abbc@group-F4FF6A221EE2-FOLLOWER: accept ELECTION from b07270f0-c5b1-4afe-99f3-aa5758d6ba5c: our priority 0 <= candidate's priority 0
2022-02-24 16:55:53,230 [grpc-default-executor-4] INFO  server.RaftServer$Division (RaftServerImpl.java:setRole(290)) - cf3a7bfa-0a59-4cf0-978b-44f71b96abbc@group-F4FF6A221EE2: changes role from  FOLLOWER to FOLLOWER at term 1 for candidate:b07270f0-c5b1-4afe-99f3-aa5758d6ba5c
2022-02-24 16:55:53,230 [grpc-default-executor-4] INFO  impl.RoleInfo (RoleInfo.java:shutdownFollowerState(108)) - cf3a7bfa-0a59-4cf0-978b-44f71b96abbc: shutdown cf3a7bfa-0a59-4cf0-978b-44f71b96abbc@group-F4FF6A221EE2-FollowerState
2022-02-24 16:55:53,235 [grpc-default-executor-4] INFO  impl.RoleInfo (RoleInfo.java:updateAndGet(130)) - cf3a7bfa-0a59-4cf0-978b-44f71b96abbc: start cf3a7bfa-0a59-4cf0-978b-44f71b96abbc@group-F4FF6A221EE2-FollowerState
2022-02-24 16:55:53,235 [cf3a7bfa-0a59-4cf0-978b-44f71b96abbc@group-F4FF6A221EE2-FollowerState] INFO  impl.FollowerState (FollowerState.java:run(143)) - cf3a7bfa-0a59-4cf0-978b-44f71b96abbc@group-F4FF6A221EE2-FollowerState was interrupted: {}
java.lang.InterruptedException: sleep interrupted
	at java.lang.Thread.sleep(Native Method)
	at java.lang.Thread.sleep(Thread.java:342)
	at java.util.concurrent.TimeUnit.sleep(TimeUnit.java:386)
	at org.apache.ratis.util.TimeDuration.sleep(TimeDuration.java:324)
	at org.apache.ratis.util.TimeDuration.sleep(TimeDuration.java:309)
	at org.apache.ratis.server.impl.FollowerState.run(FollowerState.java:118)
2022-02-24 16:55:53,236 [b07270f0-c5b1-4afe-99f3-aa5758d6ba5c@group-BBC704AC6F1A-LeaderElection45] INFO  server.RaftServer$Division (ServerState.java:setRaftConf(387)) - b07270f0-c5b1-4afe-99f3-aa5758d6ba5c@group-BBC704AC6F1A: set configuration 0: [b07270f0-c5b1-4afe-99f3-aa5758d6ba5c|rpc:10.1.0.37:45647|dataStream:|priority:1], old=null
2022-02-24 16:55:53,239 [grpc-default-executor-4] INFO  server.RaftServer$Division (RaftServerImpl.java:requestVote(1078)) - cf3a7bfa-0a59-4cf0-978b-44f71b96abbc@group-F4FF6A221EE2 replies to ELECTION vote request: b07270f0-c5b1-4afe-99f3-aa5758d6ba5c<-cf3a7bfa-0a59-4cf0-978b-44f71b96abbc#0:OK-t1. Peer's state: cf3a7bfa-0a59-4cf0-978b-44f71b96abbc@group-F4FF6A221EE2:t1, leader=null, voted=b07270f0-c5b1-4afe-99f3-aa5758d6ba5c, raftlog=cf3a7bfa-0a59-4cf0-978b-44f71b96abbc@group-F4FF6A221EE2-SegmentedRaftLog:OPENED:c-1, conf=-1: [b07270f0-c5b1-4afe-99f3-aa5758d6ba5c|rpc:10.1.0.37:45647|dataStream:|priority:0, cf3a7bfa-0a59-4cf0-978b-44f71b96abbc|rpc:10.1.0.37:40183|dataStream:|priority:0, 2a15bd7e-7896-4db0-9e08-f7464bcd33ee|rpc:10.1.0.37:41995|dataStream:|priority:1], old=null
2022-02-24 16:55:53,316 [b07270f0-c5b1-4afe-99f3-aa5758d6ba5c@group-9C1E72ACA101-FollowerState] INFO  impl.FollowerState (FollowerState.java:run(134)) - b07270f0-c5b1-4afe-99f3-aa5758d6ba5c@group-9C1E72ACA101-FollowerState: change to CANDIDATE, lastRpcElapsedTime:5023991831ns, electionTimeout:5021ms
2022-02-24 16:55:53,317 [b07270f0-c5b1-4afe-99f3-aa5758d6ba5c@group-9C1E72ACA101-FollowerState] INFO  impl.RoleInfo (RoleInfo.java:shutdownFollowerState(108)) - b07270f0-c5b1-4afe-99f3-aa5758d6ba5c: shutdown b07270f0-c5b1-4afe-99f3-aa5758d6ba5c@group-9C1E72ACA101-FollowerState
2022-02-24 16:55:53,317 [b07270f0-c5b1-4afe-99f3-aa5758d6ba5c@group-9C1E72ACA101-FollowerState] INFO  server.RaftServer$Division (RaftServerImpl.java:setRole(290)) - b07270f0-c5b1-4afe-99f3-aa5758d6ba5c@group-9C1E72ACA101: changes role from  FOLLOWER to CANDIDATE at term 0 for changeToCandidate
2022-02-24 16:55:53,317 [b07270f0-c5b1-4afe-99f3-aa5758d6ba5c@group-9C1E72ACA101-FollowerState] INFO  server.RaftServerConfigKeys (ConfUtils.java:logGet(44)) - raft.server.leaderelection.pre-vote = false (custom)
2022-02-24 16:55:53,317 [b07270f0-c5b1-4afe-99f3-aa5758d6ba5c@group-9C1E72ACA101-FollowerState] INFO  impl.RoleInfo (RoleInfo.java:updateAndGet(130)) - b07270f0-c5b1-4afe-99f3-aa5758d6ba5c: start b07270f0-c5b1-4afe-99f3-aa5758d6ba5c@group-9C1E72ACA101-LeaderElection46
2022-02-24 16:55:53,341 [b07270f0-c5b1-4afe-99f3-aa5758d6ba5c@group-9C1E72ACA101-LeaderElection46] INFO  impl.LeaderElection (LeaderElection.java:askForVotes(306)) - b07270f0-c5b1-4afe-99f3-aa5758d6ba5c@group-9C1E72ACA101-LeaderElection46 ELECTION round 0: submit vote requests at term 1 for -1: [b07270f0-c5b1-4afe-99f3-aa5758d6ba5c|rpc:10.1.0.37:45647|priority:1, 2a15bd7e-7896-4db0-9e08-f7464bcd33ee|rpc:10.1.0.37:41995|priority:0, cf3a7bfa-0a59-4cf0-978b-44f71b96abbc|rpc:10.1.0.37:40183|priority:0], old=null
2022-02-24 16:55:53,367 [grpc-default-executor-4] INFO  server.RaftServer$Division (RaftServerImpl.java:requestVote(1046)) - 2a15bd7e-7896-4db0-9e08-f7464bcd33ee@group-9C1E72ACA101: receive requestVote(ELECTION, b07270f0-c5b1-4afe-99f3-aa5758d6ba5c, group-9C1E72ACA101, 1, (t:0, i:0))
2022-02-24 16:55:53,367 [grpc-default-executor-4] INFO  impl.VoteContext (VoteContext.java:log(48)) - 2a15bd7e-7896-4db0-9e08-f7464bcd33ee@group-9C1E72ACA101-FOLLOWER: accept ELECTION from b07270f0-c5b1-4afe-99f3-aa5758d6ba5c: our priority 0 <= candidate's priority 1
2022-02-24 16:55:53,367 [grpc-default-executor-4] INFO  server.RaftServer$Division (RaftServerImpl.java:setRole(290)) - 2a15bd7e-7896-4db0-9e08-f7464bcd33ee@group-9C1E72ACA101: changes role from  FOLLOWER to FOLLOWER at term 1 for candidate:b07270f0-c5b1-4afe-99f3-aa5758d6ba5c
2022-02-24 16:55:53,367 [grpc-default-executor-4] INFO  impl.RoleInfo (RoleInfo.java:shutdownFollowerState(108)) - 2a15bd7e-7896-4db0-9e08-f7464bcd33ee: shutdown 2a15bd7e-7896-4db0-9e08-f7464bcd33ee@group-9C1E72ACA101-FollowerState
2022-02-24 16:55:53,375 [grpc-default-executor-4] INFO  impl.RoleInfo (RoleInfo.java:updateAndGet(130)) - 2a15bd7e-7896-4db0-9e08-f7464bcd33ee: start 2a15bd7e-7896-4db0-9e08-f7464bcd33ee@group-9C1E72ACA101-FollowerState
2022-02-24 16:55:53,376 [grpc-default-executor-3] INFO  server.RaftServer$Division (RaftServerImpl.java:requestVote(1046)) - cf3a7bfa-0a59-4cf0-978b-44f71b96abbc@group-9C1E72ACA101: receive requestVote(ELECTION, b07270f0-c5b1-4afe-99f3-aa5758d6ba5c, group-9C1E72ACA101, 1, (t:0, i:0))
2022-02-24 16:55:53,376 [grpc-default-executor-3] INFO  impl.VoteContext (VoteContext.java:log(48)) - cf3a7bfa-0a59-4cf0-978b-44f71b96abbc@group-9C1E72ACA101-FOLLOWER: accept ELECTION from b07270f0-c5b1-4afe-99f3-aa5758d6ba5c: our priority 0 <= candidate's priority 1
2022-02-24 16:55:53,376 [grpc-default-executor-3] INFO  server.RaftServer$Division (RaftServerImpl.java:setRole(290)) - cf3a7bfa-0a59-4cf0-978b-44f71b96abbc@group-9C1E72ACA101: changes role from  FOLLOWER to FOLLOWER at term 1 for candidate:b07270f0-c5b1-4afe-99f3-aa5758d6ba5c
2022-02-24 16:55:53,376 [grpc-default-executor-3] INFO  impl.RoleInfo (RoleInfo.java:shutdownFollowerState(108)) - cf3a7bfa-0a59-4cf0-978b-44f71b96abbc: shutdown cf3a7bfa-0a59-4cf0-978b-44f71b96abbc@group-9C1E72ACA101-FollowerState
2022-02-24 16:55:53,379 [grpc-default-executor-3] INFO  impl.RoleInfo (RoleInfo.java:updateAndGet(130)) - cf3a7bfa-0a59-4cf0-978b-44f71b96abbc: start cf3a7bfa-0a59-4cf0-978b-44f71b96abbc@group-9C1E72ACA101-FollowerState
2022-02-24 16:55:53,379 [cf3a7bfa-0a59-4cf0-978b-44f71b96abbc@group-9C1E72ACA101-FollowerState] INFO  impl.FollowerState (FollowerState.java:run(143)) - cf3a7bfa-0a59-4cf0-978b-44f71b96abbc@group-9C1E72ACA101-FollowerState was interrupted: {}
java.lang.InterruptedException: sleep interrupted
	at java.lang.Thread.sleep(Native Method)
	at java.lang.Thread.sleep(Thread.java:342)
	at java.util.concurrent.TimeUnit.sleep(TimeUnit.java:386)
	at org.apache.ratis.util.TimeDuration.sleep(TimeDuration.java:324)
	at org.apache.ratis.util.TimeDuration.sleep(TimeDuration.java:309)
	at org.apache.ratis.server.impl.FollowerState.run(FollowerState.java:118)
2022-02-24 16:55:53,381 [grpc-default-executor-4] INFO  server.RaftServer$Division (RaftServerImpl.java:requestVote(1078)) - 2a15bd7e-7896-4db0-9e08-f7464bcd33ee@group-9C1E72ACA101 replies to ELECTION vote request: b07270f0-c5b1-4afe-99f3-aa5758d6ba5c<-2a15bd7e-7896-4db0-9e08-f7464bcd33ee#0:OK-t1. Peer's state: 2a15bd7e-7896-4db0-9e08-f7464bcd33ee@group-9C1E72ACA101:t1, leader=null, voted=b07270f0-c5b1-4afe-99f3-aa5758d6ba5c, raftlog=2a15bd7e-7896-4db0-9e08-f7464bcd33ee@group-9C1E72ACA101-SegmentedRaftLog:OPENED:c-1, conf=-1: [b07270f0-c5b1-4afe-99f3-aa5758d6ba5c|rpc:10.1.0.37:45647|dataStream:|priority:1, 2a15bd7e-7896-4db0-9e08-f7464bcd33ee|rpc:10.1.0.37:41995|dataStream:|priority:0, cf3a7bfa-0a59-4cf0-978b-44f71b96abbc|rpc:10.1.0.37:40183|dataStream:|priority:0], old=null
2022-02-24 16:55:53,382 [b07270f0-c5b1-4afe-99f3-aa5758d6ba5c@group-9C1E72ACA101-LeaderElection46] INFO  impl.LeaderElection (LeaderElection.java:logAndReturn(89)) - b07270f0-c5b1-4afe-99f3-aa5758d6ba5c@group-9C1E72ACA101-LeaderElection46: ELECTION PASSED received 1 response(s) and 0 exception(s):
2022-02-24 16:55:53,382 [b07270f0-c5b1-4afe-99f3-aa5758d6ba5c@group-9C1E72ACA101-LeaderElection46] INFO  impl.LeaderElection (LeaderElection.java:logAndReturn(93)) -   Response 0: b07270f0-c5b1-4afe-99f3-aa5758d6ba5c<-2a15bd7e-7896-4db0-9e08-f7464bcd33ee#0:OK-t1
2022-02-24 16:55:53,382 [b07270f0-c5b1-4afe-99f3-aa5758d6ba5c@group-9C1E72ACA101-LeaderElection46] INFO  impl.LeaderElection (LeaderElection.java:askForVotes(308)) - b07270f0-c5b1-4afe-99f3-aa5758d6ba5c@group-9C1E72ACA101-LeaderElection46 ELECTION round 0: result PASSED
2022-02-24 16:55:53,382 [b07270f0-c5b1-4afe-99f3-aa5758d6ba5c@group-9C1E72ACA101-LeaderElection46] INFO  impl.RoleInfo (RoleInfo.java:shutdownLeaderElection(121)) - b07270f0-c5b1-4afe-99f3-aa5758d6ba5c: shutdown b07270f0-c5b1-4afe-99f3-aa5758d6ba5c@group-9C1E72ACA101-LeaderElection46
2022-02-24 16:55:53,382 [b07270f0-c5b1-4afe-99f3-aa5758d6ba5c@group-9C1E72ACA101-LeaderElection46] INFO  server.RaftServer$Division (RaftServerImpl.java:setRole(290)) - b07270f0-c5b1-4afe-99f3-aa5758d6ba5c@group-9C1E72ACA101: changes role from CANDIDATE to LEADER at term 1 for changeToLeader
2022-02-24 16:55:53,382 [grpc-default-executor-3] INFO  server.RaftServer$Division (RaftServerImpl.java:requestVote(1078)) - cf3a7bfa-0a59-4cf0-978b-44f71b96abbc@group-9C1E72ACA101 replies to ELECTION vote request: b07270f0-c5b1-4afe-99f3-aa5758d6ba5c<-cf3a7bfa-0a59-4cf0-978b-44f71b96abbc#0:OK-t1. Peer's state: cf3a7bfa-0a59-4cf0-978b-44f71b96abbc@group-9C1E72ACA101:t1, leader=null, voted=b07270f0-c5b1-4afe-99f3-aa5758d6ba5c, raftlog=cf3a7bfa-0a59-4cf0-978b-44f71b96abbc@group-9C1E72ACA101-SegmentedRaftLog:OPENED:c-1, conf=-1: [b07270f0-c5b1-4afe-99f3-aa5758d6ba5c|rpc:10.1.0.37:45647|priority:1, 2a15bd7e-7896-4db0-9e08-f7464bcd33ee|rpc:10.1.0.37:41995|priority:0, cf3a7bfa-0a59-4cf0-978b-44f71b96abbc|rpc:10.1.0.37:40183|priority:0], old=null
2022-02-24 16:55:53,382 [b07270f0-c5b1-4afe-99f3-aa5758d6ba5c@group-9C1E72ACA101-LeaderElection46] INFO  ratis.XceiverServerRatis (XceiverServerRatis.java:handleLeaderChangedNotification(867)) - Leader change notification received for group: group-9C1E72ACA101 with new leaderId: b07270f0-c5b1-4afe-99f3-aa5758d6ba5c
2022-02-24 16:55:53,383 [b07270f0-c5b1-4afe-99f3-aa5758d6ba5c@group-9C1E72ACA101-LeaderElection46] INFO  server.RaftServer$Division (ServerState.java:setLeader(285)) - b07270f0-c5b1-4afe-99f3-aa5758d6ba5c@group-9C1E72ACA101: change Leader from null to b07270f0-c5b1-4afe-99f3-aa5758d6ba5c at term 1 for becomeLeader, leader elected after 5102ms
2022-02-24 16:55:53,383 [b07270f0-c5b1-4afe-99f3-aa5758d6ba5c@group-9C1E72ACA101-LeaderElection46] INFO  server.RaftServerConfigKeys (ConfUtils.java:logGet(44)) - raft.server.staging.catchup.gap = 1000 (default)
2022-02-24 16:55:53,384 [b07270f0-c5b1-4afe-99f3-aa5758d6ba5c@group-9C1E72ACA101-LeaderElection46] INFO  server.RaftServerConfigKeys (ConfUtils.java:logGet(44)) - raft.server.write.element-limit = 1024 (custom)
2022-02-24 16:55:53,384 [b07270f0-c5b1-4afe-99f3-aa5758d6ba5c@group-9C1E72ACA101-LeaderElection46] INFO  server.RaftServerConfigKeys (ConfUtils.java:logGet(44)) - raft.server.write.byte-limit = 1024 M (=1073741824) (custom)
2022-02-24 16:55:53,384 [b07270f0-c5b1-4afe-99f3-aa5758d6ba5c@group-9C1E72ACA101-LeaderElection46] INFO  server.RaftServerConfigKeys (ConfUtils.java:logGet(44)) - raft.server.watch.timeout = 3000ms (custom)
2022-02-24 16:55:53,384 [b07270f0-c5b1-4afe-99f3-aa5758d6ba5c@group-9C1E72ACA101-LeaderElection46] INFO  server.RaftServerConfigKeys (ConfUtils.java:logGet(44)) - raft.server.watch.timeout.denomination = 1s (default)
2022-02-24 16:55:53,384 [b07270f0-c5b1-4afe-99f3-aa5758d6ba5c@group-9C1E72ACA101-LeaderElection46] INFO  server.RaftServerConfigKeys (ConfUtils.java:logGet(44)) - raft.server.watch.element-limit = 65536 (default)
2022-02-24 16:55:53,384 [b07270f0-c5b1-4afe-99f3-aa5758d6ba5c@group-9C1E72ACA101-LeaderElection46] INFO  server.RaftServerConfigKeys (ConfUtils.java:logGet(44)) - raft.server.write.element-limit = 1024 (custom)
2022-02-24 16:55:53,384 [b07270f0-c5b1-4afe-99f3-aa5758d6ba5c@group-9C1E72ACA101-LeaderElection46] INFO  server.RaftServerConfigKeys (ConfUtils.java:logGet(44)) - raft.server.write.follower.gap.ratio.max = -1.0 (default)
2022-02-24 16:55:53,384 [b07270f0-c5b1-4afe-99f3-aa5758d6ba5c@group-9C1E72ACA101-LeaderElection46] INFO  server.RaftServerConfigKeys (ConfUtils.java:logGet(44)) - raft.server.log.appender.snapshot.chunk.size.max = 16MB (=16777216) (default)
2022-02-24 16:55:53,384 [b07270f0-c5b1-4afe-99f3-aa5758d6ba5c@group-9C1E72ACA101-LeaderElection46] INFO  server.RaftServerConfigKeys (ConfUtils.java:logGet(44)) - raft.server.log.appender.buffer.byte-limit = 33554432 (custom)
2022-02-24 16:55:53,384 [b07270f0-c5b1-4afe-99f3-aa5758d6ba5c@group-9C1E72ACA101-LeaderElection46] INFO  server.RaftServerConfigKeys (ConfUtils.java:logGet(44)) - raft.server.log.appender.buffer.element-limit = 1 (custom)
2022-02-24 16:55:53,385 [b07270f0-c5b1-4afe-99f3-aa5758d6ba5c@group-9C1E72ACA101-LeaderElection46] INFO  grpc.GrpcConfigKeys (ConfUtils.java:logGet(44)) - raft.grpc.server.leader.outstanding.appends.max = 128 (default)
2022-02-24 16:55:53,385 [b07270f0-c5b1-4afe-99f3-aa5758d6ba5c@group-9C1E72ACA101-LeaderElection46] INFO  server.RaftServerConfigKeys (ConfUtils.java:logGet(44)) - raft.server.rpc.request.timeout = 3000ms (default)
2022-02-24 16:55:53,385 [b07270f0-c5b1-4afe-99f3-aa5758d6ba5c@group-9C1E72ACA101-LeaderElection46] INFO  server.RaftServerConfigKeys (ConfUtils.java:logGet(44)) - raft.server.log.appender.install.snapshot.enabled = false (custom)
2022-02-24 16:55:53,385 [b07270f0-c5b1-4afe-99f3-aa5758d6ba5c@group-9C1E72ACA101-LeaderElection46] INFO  server.RaftServerConfigKeys (ConfUtils.java:logGet(44)) - raft.server.log.appender.snapshot.chunk.size.max = 16MB (=16777216) (default)
2022-02-24 16:55:53,386 [b07270f0-c5b1-4afe-99f3-aa5758d6ba5c@group-9C1E72ACA101-LeaderElection46] INFO  server.RaftServerConfigKeys (ConfUtils.java:logGet(44)) - raft.server.log.appender.buffer.byte-limit = 33554432 (custom)
2022-02-24 16:55:53,386 [b07270f0-c5b1-4afe-99f3-aa5758d6ba5c@group-9C1E72ACA101-LeaderElection46] INFO  server.RaftServerConfigKeys (ConfUtils.java:logGet(44)) - raft.server.log.appender.buffer.element-limit = 1 (custom)
2022-02-24 16:55:53,386 [b07270f0-c5b1-4afe-99f3-aa5758d6ba5c@group-9C1E72ACA101-LeaderElection46] INFO  grpc.GrpcConfigKeys (ConfUtils.java:logGet(44)) - raft.grpc.server.leader.outstanding.appends.max = 128 (default)
2022-02-24 16:55:53,386 [b07270f0-c5b1-4afe-99f3-aa5758d6ba5c@group-9C1E72ACA101-LeaderElection46] INFO  server.RaftServerConfigKeys (ConfUtils.java:logGet(44)) - raft.server.rpc.request.timeout = 3000ms (default)
2022-02-24 16:55:53,386 [b07270f0-c5b1-4afe-99f3-aa5758d6ba5c@group-9C1E72ACA101-LeaderElection46] INFO  server.RaftServerConfigKeys (ConfUtils.java:logGet(44)) - raft.server.log.appender.install.snapshot.enabled = false (custom)
2022-02-24 16:55:53,387 [b07270f0-c5b1-4afe-99f3-aa5758d6ba5c@group-9C1E72ACA101-LeaderElection46] INFO  impl.RoleInfo (RoleInfo.java:updateAndGet(130)) - b07270f0-c5b1-4afe-99f3-aa5758d6ba5c: start b07270f0-c5b1-4afe-99f3-aa5758d6ba5c@group-9C1E72ACA101-LeaderStateImpl
2022-02-24 16:55:53,387 [b07270f0-c5b1-4afe-99f3-aa5758d6ba5c@group-9C1E72ACA101-LeaderElection46] INFO  segmented.SegmentedRaftLogWorker (SegmentedRaftLogWorker.java:startLogSegment(394)) - b07270f0-c5b1-4afe-99f3-aa5758d6ba5c@group-9C1E72ACA101-SegmentedRaftLogWorker: Starting segment from index:0
2022-02-24 16:55:53,388 [EventQueue-PipelineReportForPipelineReportHandler] INFO  pipeline.PipelineManagerImpl (PipelineManagerImpl.java:openPipeline(291)) - Pipeline Pipeline[ Id: b23504de-3ed0-4c19-82f8-9c1e72aca101, Nodes: b07270f0-c5b1-4afe-99f3-aa5758d6ba5c{ip: 10.1.0.37, host: fv-az59-243.csjynl4pkq3e1pkirw3ssqjfoh.cx.internal.cloudapp.net, ports: [REPLICATION=41147, RATIS=45647, RATIS_ADMIN=45647, RATIS_SERVER=45647, STANDALONE=43127], networkLocation: /default-rack, certSerialId: null, persistedOpState: IN_SERVICE, persistedOpStateExpiryEpochSec: 0}2a15bd7e-7896-4db0-9e08-f7464bcd33ee{ip: 10.1.0.37, host: fv-az59-243.csjynl4pkq3e1pkirw3ssqjfoh.cx.internal.cloudapp.net, ports: [REPLICATION=43341, RATIS=41995, RATIS_ADMIN=41995, RATIS_SERVER=41995, STANDALONE=34861], networkLocation: /default-rack, certSerialId: null, persistedOpState: IN_SERVICE, persistedOpStateExpiryEpochSec: 0}cf3a7bfa-0a59-4cf0-978b-44f71b96abbc{ip: 10.1.0.37, host: fv-az59-243.csjynl4pkq3e1pkirw3ssqjfoh.cx.internal.cloudapp.net, ports: [REPLICATION=36859, RATIS=40183, RATIS_ADMIN=40183, RATIS_SERVER=40183, STANDALONE=46129], networkLocation: /default-rack, certSerialId: null, persistedOpState: IN_SERVICE, persistedOpStateExpiryEpochSec: 0}, ReplicationConfig: RATIS/THREE, State:ALLOCATED, leaderId:b07270f0-c5b1-4afe-99f3-aa5758d6ba5c, CreationTimestamp2022-02-24T16:55:46.162Z[Etc/UTC]] moved to OPEN state
2022-02-24 16:55:53,388 [EventQueue-OpenPipelineForHealthyPipelineSafeModeRule] INFO  safemode.SCMSafeModeManager (HealthyPipelineSafeModeRule.java:process(124)) - SCM in safe mode. Healthy pipelines reported count is 0, required healthy pipeline reported count is 1
2022-02-24 16:55:53,390 [b07270f0-c5b1-4afe-99f3-aa5758d6ba5c@group-9C1E72ACA101-SegmentedRaftLogWorker] INFO  segmented.SegmentedRaftLogWorker (SegmentedRaftLogWorker.java:execute(601)) - b07270f0-c5b1-4afe-99f3-aa5758d6ba5c@group-9C1E72ACA101-SegmentedRaftLogWorker: created new log segment /home/runner/work/ozone/ozone/hadoop-ozone/integration-test/target/test-dir/MiniOzoneClusterImpl-a9e0dedd-d836-4895-9472-52c2256152d3/datanode-0/data/ratis/b23504de-3ed0-4c19-82f8-9c1e72aca101/current/log_inprogress_0
2022-02-24 16:55:53,398 [2a15bd7e-7896-4db0-9e08-f7464bcd33ee@group-9C1E72ACA101-FollowerState] INFO  impl.FollowerState (FollowerState.java:run(143)) - 2a15bd7e-7896-4db0-9e08-f7464bcd33ee@group-9C1E72ACA101-FollowerState was interrupted: {}
java.lang.InterruptedException: sleep interrupted
	at java.lang.Thread.sleep(Native Method)
	at java.lang.Thread.sleep(Thread.java:342)
	at java.util.concurrent.TimeUnit.sleep(TimeUnit.java:386)
	at org.apache.ratis.util.TimeDuration.sleep(TimeDuration.java:324)
	at org.apache.ratis.util.TimeDuration.sleep(TimeDuration.java:309)
	at org.apache.ratis.server.impl.FollowerState.run(FollowerState.java:118)
2022-02-24 16:55:53,426 [77c6fe3f-1b7a-40d0-9616-c5318e50343e@group-52C2256152D3-StateMachineUpdater] INFO  safemode.HealthyPipelineSafeModeRule (HealthyPipelineSafeModeRule.java:initializeRule(152)) - Refreshed total pipeline count is 1, healthy pipeline threshold count is 1
2022-02-24 16:55:53,426 [EventQueue-OpenPipelineForHealthyPipelineSafeModeRule] INFO  safemode.SCMSafeModeManager (HealthyPipelineSafeModeRule.java:process(124)) - SCM in safe mode. Healthy pipelines reported count is 1, required healthy pipeline reported count is 1
2022-02-24 16:55:53,426 [EventQueue-OpenPipelineForHealthyPipelineSafeModeRule] INFO  safemode.SCMSafeModeManager (SCMSafeModeManager.java:validateSafeModeExitRules(204)) - HealthyPipelineSafeModeRule rule is successfully validated
2022-02-24 16:55:53,426 [EventQueue-OpenPipelineForHealthyPipelineSafeModeRule] INFO  safemode.SCMSafeModeManager (SCMSafeModeManager.java:validateSafeModeExitRules(219)) - ScmSafeModeManager, all rules are successfully validated
2022-02-24 16:55:53,426 [EventQueue-OpenPipelineForHealthyPipelineSafeModeRule] INFO  safemode.SCMSafeModeManager (SCMSafeModeManager.java:exitSafeMode(248)) - SCM exiting safe mode.
2022-02-24 16:55:53,426 [EventQueue-OpenPipelineForHealthyPipelineSafeModeRule] WARN  events.EventQueue (EventQueue.java:fireEvent(194)) - No event handler registered for event TypedEvent{payloadType=SafeModeStatus, name='Safe mode status'}
2022-02-24 16:55:53,426 [EventQueue-OpenPipelineForHealthyPipelineSafeModeRule] INFO  ha.SCMContext (SCMContext.java:updateSafeModeStatus(211)) - Update SafeModeStatus from SafeModeStatus{safeModeStatus=true, preCheckPassed=true} to SafeModeStatus{safeModeStatus=false, preCheckPassed=true}.
2022-02-24 16:55:53,426 [EventQueue-OpenPipelineForHealthyPipelineSafeModeRule] INFO  container.ReplicationManager (ReplicationManager.java:notifyStatusChanged(1807)) - Service ReplicationManager transitions to RUNNING.
2022-02-24 16:55:53,428 [grpc-default-executor-4] INFO  ratis.XceiverServerRatis (XceiverServerRatis.java:handleLeaderChangedNotification(867)) - Leader change notification received for group: group-9C1E72ACA101 with new leaderId: b07270f0-c5b1-4afe-99f3-aa5758d6ba5c
2022-02-24 16:55:53,428 [grpc-default-executor-4] INFO  server.RaftServer$Division (ServerState.java:setLeader(285)) - cf3a7bfa-0a59-4cf0-978b-44f71b96abbc@group-9C1E72ACA101: change Leader from null to b07270f0-c5b1-4afe-99f3-aa5758d6ba5c at term 1 for appendEntries, leader elected after 4991ms
2022-02-24 16:55:53,428 [b07270f0-c5b1-4afe-99f3-aa5758d6ba5c@group-9C1E72ACA101-LeaderElection46] INFO  server.RaftServer$Division (ServerState.java:setRaftConf(387)) - b07270f0-c5b1-4afe-99f3-aa5758d6ba5c@group-9C1E72ACA101: set configuration 0: [b07270f0-c5b1-4afe-99f3-aa5758d6ba5c|rpc:10.1.0.37:45647|dataStream:|priority:1, 2a15bd7e-7896-4db0-9e08-f7464bcd33ee|rpc:10.1.0.37:41995|dataStream:|priority:0, cf3a7bfa-0a59-4cf0-978b-44f71b96abbc|rpc:10.1.0.37:40183|dataStream:|priority:0], old=null
2022-02-24 16:55:53,438 [cf3a7bfa-0a59-4cf0-978b-44f71b96abbc@group-941F5D11DA8E-FollowerState] INFO  impl.FollowerState (FollowerState.java:run(134)) - cf3a7bfa-0a59-4cf0-978b-44f71b96abbc@group-941F5D11DA8E-FollowerState: change to CANDIDATE, lastRpcElapsedTime:5018010293ns, electionTimeout:5012ms
2022-02-24 16:55:53,438 [cf3a7bfa-0a59-4cf0-978b-44f71b96abbc@group-941F5D11DA8E-FollowerState] INFO  impl.RoleInfo (RoleInfo.java:shutdownFollowerState(108)) - cf3a7bfa-0a59-4cf0-978b-44f71b96abbc: shutdown cf3a7bfa-0a59-4cf0-978b-44f71b96abbc@group-941F5D11DA8E-FollowerState
2022-02-24 16:55:53,438 [cf3a7bfa-0a59-4cf0-978b-44f71b96abbc@group-941F5D11DA8E-FollowerState] INFO  server.RaftServer$Division (RaftServerImpl.java:setRole(290)) - cf3a7bfa-0a59-4cf0-978b-44f71b96abbc@group-941F5D11DA8E: changes role from  FOLLOWER to CANDIDATE at term 0 for changeToCandidate
2022-02-24 16:55:53,439 [cf3a7bfa-0a59-4cf0-978b-44f71b96abbc@group-941F5D11DA8E-FollowerState] INFO  server.RaftServerConfigKeys (ConfUtils.java:logGet(44)) - raft.server.leaderelection.pre-vote = false (custom)
2022-02-24 16:55:53,440 [cf3a7bfa-0a59-4cf0-978b-44f71b96abbc@group-941F5D11DA8E-FollowerState] INFO  impl.RoleInfo (RoleInfo.java:updateAndGet(130)) - cf3a7bfa-0a59-4cf0-978b-44f71b96abbc: start cf3a7bfa-0a59-4cf0-978b-44f71b96abbc@group-941F5D11DA8E-LeaderElection47
2022-02-24 16:55:53,445 [grpc-default-executor-4] INFO  ratis.XceiverServerRatis (XceiverServerRatis.java:handleLeaderChangedNotification(867)) - Leader change notification received for group: group-9C1E72ACA101 with new leaderId: b07270f0-c5b1-4afe-99f3-aa5758d6ba5c
2022-02-24 16:55:53,445 [grpc-default-executor-4] INFO  server.RaftServer$Division (ServerState.java:setLeader(285)) - 2a15bd7e-7896-4db0-9e08-f7464bcd33ee@group-9C1E72ACA101: change Leader from null to b07270f0-c5b1-4afe-99f3-aa5758d6ba5c at term 1 for appendEntries, leader elected after 5114ms
2022-02-24 16:55:53,467 [grpc-default-executor-3] INFO  server.RaftServer$Division (ServerState.java:setRaftConf(387)) - cf3a7bfa-0a59-4cf0-978b-44f71b96abbc@group-9C1E72ACA101: set configuration 0: [b07270f0-c5b1-4afe-99f3-aa5758d6ba5c|rpc:10.1.0.37:45647|dataStream:|priority:1, 2a15bd7e-7896-4db0-9e08-f7464bcd33ee|rpc:10.1.0.37:41995|dataStream:|priority:0, cf3a7bfa-0a59-4cf0-978b-44f71b96abbc|rpc:10.1.0.37:40183|dataStream:|priority:0], old=null
2022-02-24 16:55:53,467 [grpc-default-executor-3] INFO  segmented.SegmentedRaftLogWorker (SegmentedRaftLogWorker.java:startLogSegment(394)) - cf3a7bfa-0a59-4cf0-978b-44f71b96abbc@group-9C1E72ACA101-SegmentedRaftLogWorker: Starting segment from index:0
2022-02-24 16:55:53,475 [grpc-default-executor-4] INFO  server.RaftServer$Division (ServerState.java:setRaftConf(387)) - 2a15bd7e-7896-4db0-9e08-f7464bcd33ee@group-9C1E72ACA101: set configuration 0: [b07270f0-c5b1-4afe-99f3-aa5758d6ba5c|rpc:10.1.0.37:45647|dataStream:|priority:1, 2a15bd7e-7896-4db0-9e08-f7464bcd33ee|rpc:10.1.0.37:41995|dataStream:|priority:0, cf3a7bfa-0a59-4cf0-978b-44f71b96abbc|rpc:10.1.0.37:40183|dataStream:|priority:0], old=null
2022-02-24 16:55:53,476 [grpc-default-executor-4] INFO  segmented.SegmentedRaftLogWorker (SegmentedRaftLogWorker.java:startLogSegment(394)) - 2a15bd7e-7896-4db0-9e08-f7464bcd33ee@group-9C1E72ACA101-SegmentedRaftLogWorker: Starting segment from index:0
2022-02-24 16:55:53,480 [2a15bd7e-7896-4db0-9e08-f7464bcd33ee@group-9C1E72ACA101-SegmentedRaftLogWorker] INFO  segmented.SegmentedRaftLogWorker (SegmentedRaftLogWorker.java:execute(601)) - 2a15bd7e-7896-4db0-9e08-f7464bcd33ee@group-9C1E72ACA101-SegmentedRaftLogWorker: created new log segment /home/runner/work/ozone/ozone/hadoop-ozone/integration-test/target/test-dir/MiniOzoneClusterImpl-a9e0dedd-d836-4895-9472-52c2256152d3/datanode-2/data/ratis/b23504de-3ed0-4c19-82f8-9c1e72aca101/current/log_inprogress_0
2022-02-24 16:55:53,503 [cf3a7bfa-0a59-4cf0-978b-44f71b96abbc@group-941F5D11DA8E-LeaderElection47] INFO  impl.LeaderElection (LeaderElection.java:askForVotes(306)) - cf3a7bfa-0a59-4cf0-978b-44f71b96abbc@group-941F5D11DA8E-LeaderElection47 ELECTION round 0: submit vote requests at term 1 for -1: [cf3a7bfa-0a59-4cf0-978b-44f71b96abbc|rpc:10.1.0.37:40183|priority:1], old=null
2022-02-24 16:55:53,504 [cf3a7bfa-0a59-4cf0-978b-44f71b96abbc@group-941F5D11DA8E-LeaderElection47] INFO  impl.LeaderElection (LeaderElection.java:askForVotes(308)) - cf3a7bfa-0a59-4cf0-978b-44f71b96abbc@group-941F5D11DA8E-LeaderElection47 ELECTION round 0: result PASSED (term=1)
2022-02-24 16:55:53,504 [cf3a7bfa-0a59-4cf0-978b-44f71b96abbc@group-941F5D11DA8E-LeaderElection47] INFO  impl.RoleInfo (RoleInfo.java:shutdownLeaderElection(121)) - cf3a7bfa-0a59-4cf0-978b-44f71b96abbc: shutdown cf3a7bfa-0a59-4cf0-978b-44f71b96abbc@group-941F5D11DA8E-LeaderElection47
2022-02-24 16:55:53,504 [cf3a7bfa-0a59-4cf0-978b-44f71b96abbc@group-941F5D11DA8E-LeaderElection47] INFO  server.RaftServer$Division (RaftServerImpl.java:setRole(290)) - cf3a7bfa-0a59-4cf0-978b-44f71b96abbc@group-941F5D11DA8E: changes role from CANDIDATE to LEADER at term 1 for changeToLeader
2022-02-24 16:55:53,504 [cf3a7bfa-0a59-4cf0-978b-44f71b96abbc@group-941F5D11DA8E-LeaderElection47] INFO  ratis.XceiverServerRatis (XceiverServerRatis.java:handleLeaderChangedNotification(867)) - Leader change notification received for group: group-941F5D11DA8E with new leaderId: cf3a7bfa-0a59-4cf0-978b-44f71b96abbc
2022-02-24 16:55:53,504 [cf3a7bfa-0a59-4cf0-978b-44f71b96abbc@group-941F5D11DA8E-LeaderElection47] INFO  server.RaftServer$Division (ServerState.java:setLeader(285)) - cf3a7bfa-0a59-4cf0-978b-44f71b96abbc@group-941F5D11DA8E: change Leader from null to cf3a7bfa-0a59-4cf0-978b-44f71b96abbc at term 1 for becomeLeader, leader elected after 5103ms
2022-02-24 16:55:53,504 [cf3a7bfa-0a59-4cf0-978b-44f71b96abbc@group-941F5D11DA8E-LeaderElection47] INFO  server.RaftServerConfigKeys (ConfUtils.java:logGet(44)) - raft.server.staging.catchup.gap = 1000 (default)
2022-02-24 16:55:53,508 [cf3a7bfa-0a59-4cf0-978b-44f71b96abbc@group-941F5D11DA8E-LeaderElection47] INFO  server.RaftServerConfigKeys (ConfUtils.java:logGet(44)) - raft.server.write.element-limit = 1024 (custom)
2022-02-24 16:55:53,508 [cf3a7bfa-0a59-4cf0-978b-44f71b96abbc@group-9C1E72ACA101-SegmentedRaftLogWorker] INFO  segmented.SegmentedRaftLogWorker (SegmentedRaftLogWorker.java:execute(601)) - cf3a7bfa-0a59-4cf0-978b-44f71b96abbc@group-9C1E72ACA101-SegmentedRaftLogWorker: created new log segment /home/runner/work/ozone/ozone/hadoop-ozone/integration-test/target/test-dir/MiniOzoneClusterImpl-a9e0dedd-d836-4895-9472-52c2256152d3/datanode-1/data/ratis/b23504de-3ed0-4c19-82f8-9c1e72aca101/current/log_inprogress_0
2022-02-24 16:55:53,508 [cf3a7bfa-0a59-4cf0-978b-44f71b96abbc@group-941F5D11DA8E-LeaderElection47] INFO  server.RaftServerConfigKeys (ConfUtils.java:logGet(44)) - raft.server.write.byte-limit = 1024 M (=1073741824) (custom)
2022-02-24 16:55:53,509 [cf3a7bfa-0a59-4cf0-978b-44f71b96abbc@group-941F5D11DA8E-LeaderElection47] INFO  server.RaftServerConfigKeys (ConfUtils.java:logGet(44)) - raft.server.watch.timeout = 3000ms (custom)
2022-02-24 16:55:53,509 [cf3a7bfa-0a59-4cf0-978b-44f71b96abbc@group-941F5D11DA8E-LeaderElection47] INFO  server.RaftServerConfigKeys (ConfUtils.java:logGet(44)) - raft.server.watch.timeout.denomination = 1s (default)
2022-02-24 16:55:53,509 [cf3a7bfa-0a59-4cf0-978b-44f71b96abbc@group-941F5D11DA8E-LeaderElection47] INFO  server.RaftServerConfigKeys (ConfUtils.java:logGet(44)) - raft.server.watch.element-limit = 65536 (default)
2022-02-24 16:55:53,509 [cf3a7bfa-0a59-4cf0-978b-44f71b96abbc@group-941F5D11DA8E-LeaderElection47] INFO  server.RaftServerConfigKeys (ConfUtils.java:logGet(44)) - raft.server.write.element-limit = 1024 (custom)
2022-02-24 16:55:53,509 [cf3a7bfa-0a59-4cf0-978b-44f71b96abbc@group-941F5D11DA8E-LeaderElection47] INFO  server.RaftServerConfigKeys (ConfUtils.java:logGet(44)) - raft.server.write.follower.gap.ratio.max = -1.0 (default)
2022-02-24 16:55:53,510 [cf3a7bfa-0a59-4cf0-978b-44f71b96abbc@group-941F5D11DA8E-LeaderElection47] INFO  impl.RoleInfo (RoleInfo.java:updateAndGet(130)) - cf3a7bfa-0a59-4cf0-978b-44f71b96abbc: start cf3a7bfa-0a59-4cf0-978b-44f71b96abbc@group-941F5D11DA8E-LeaderStateImpl
2022-02-24 16:55:53,511 [cf3a7bfa-0a59-4cf0-978b-44f71b96abbc@group-941F5D11DA8E-LeaderElection47] INFO  segmented.SegmentedRaftLogWorker (SegmentedRaftLogWorker.java:startLogSegment(394)) - cf3a7bfa-0a59-4cf0-978b-44f71b96abbc@group-941F5D11DA8E-SegmentedRaftLogWorker: Starting segment from index:0
2022-02-24 16:55:53,513 [cf3a7bfa-0a59-4cf0-978b-44f71b96abbc@group-941F5D11DA8E-SegmentedRaftLogWorker] INFO  segmented.SegmentedRaftLogWorker (SegmentedRaftLogWorker.java:execute(601)) - cf3a7bfa-0a59-4cf0-978b-44f71b96abbc@group-941F5D11DA8E-SegmentedRaftLogWorker: created new log segment /home/runner/work/ozone/ozone/hadoop-ozone/integration-test/target/test-dir/MiniOzoneClusterImpl-a9e0dedd-d836-4895-9472-52c2256152d3/datanode-1/data/ratis/491b94e5-b470-455f-9927-941f5d11da8e/current/log_inprogress_0
2022-02-24 16:55:53,551 [b07270f0-c5b1-4afe-99f3-aa5758d6ba5c@group-29500492D057-FollowerState] INFO  impl.FollowerState (FollowerState.java:run(134)) - b07270f0-c5b1-4afe-99f3-aa5758d6ba5c@group-29500492D057-FollowerState: change to CANDIDATE, lastRpcElapsedTime:5030133956ns, electionTimeout:5025ms
2022-02-24 16:55:53,551 [b07270f0-c5b1-4afe-99f3-aa5758d6ba5c@group-29500492D057-FollowerState] INFO  impl.RoleInfo (RoleInfo.java:shutdownFollowerState(108)) - b07270f0-c5b1-4afe-99f3-aa5758d6ba5c: shutdown b07270f0-c5b1-4afe-99f3-aa5758d6ba5c@group-29500492D057-FollowerState
2022-02-24 16:55:53,551 [b07270f0-c5b1-4afe-99f3-aa5758d6ba5c@group-29500492D057-FollowerState] INFO  server.RaftServer$Division (RaftServerImpl.java:setRole(290)) - b07270f0-c5b1-4afe-99f3-aa5758d6ba5c@group-29500492D057: changes role from  FOLLOWER to CANDIDATE at term 0 for changeToCandidate
2022-02-24 16:55:53,584 [b07270f0-c5b1-4afe-99f3-aa5758d6ba5c@group-29500492D057-FollowerState] INFO  server.RaftServerConfigKeys (ConfUtils.java:logGet(44)) - raft.server.leaderelection.pre-vote = false (custom)
2022-02-24 16:55:53,584 [b07270f0-c5b1-4afe-99f3-aa5758d6ba5c@group-29500492D057-FollowerState] INFO  impl.RoleInfo (RoleInfo.java:updateAndGet(130)) - b07270f0-c5b1-4afe-99f3-aa5758d6ba5c: start b07270f0-c5b1-4afe-99f3-aa5758d6ba5c@group-29500492D057-LeaderElection48
2022-02-24 16:55:53,585 [cf3a7bfa-0a59-4cf0-978b-44f71b96abbc@group-941F5D11DA8E-LeaderElection47] INFO  server.RaftServer$Division (ServerState.java:setRaftConf(387)) - cf3a7bfa-0a59-4cf0-978b-44f71b96abbc@group-941F5D11DA8E: set configuration 0: [cf3a7bfa-0a59-4cf0-978b-44f71b96abbc|rpc:10.1.0.37:40183|dataStream:|priority:1], old=null
2022-02-24 16:55:53,619 [b07270f0-c5b1-4afe-99f3-aa5758d6ba5c@group-29500492D057-LeaderElection48] INFO  impl.LeaderElection (LeaderElection.java:askForVotes(306)) - b07270f0-c5b1-4afe-99f3-aa5758d6ba5c@group-29500492D057-LeaderElection48 ELECTION round 0: submit vote requests at term 1 for -1: [b07270f0-c5b1-4afe-99f3-aa5758d6ba5c|rpc:10.1.0.37:45647|priority:0, 2a15bd7e-7896-4db0-9e08-f7464bcd33ee|rpc:10.1.0.37:41995|priority:0, cf3a7bfa-0a59-4cf0-978b-44f71b96abbc|rpc:10.1.0.37:40183|priority:1], old=null
2022-02-24 16:55:53,640 [grpc-default-executor-4] INFO  server.RaftServer$Division (RaftServerImpl.java:requestVote(1046)) - 2a15bd7e-7896-4db0-9e08-f7464bcd33ee@group-29500492D057: receive requestVote(ELECTION, b07270f0-c5b1-4afe-99f3-aa5758d6ba5c, group-29500492D057, 1, (t:0, i:0))
2022-02-24 16:55:53,640 [grpc-default-executor-4] INFO  impl.VoteContext (VoteContext.java:log(48)) - 2a15bd7e-7896-4db0-9e08-f7464bcd33ee@group-29500492D057-FOLLOWER: accept ELECTION from b07270f0-c5b1-4afe-99f3-aa5758d6ba5c: our priority 0 <= candidate's priority 0
2022-02-24 16:55:53,640 [grpc-default-executor-4] INFO  server.RaftServer$Division (RaftServerImpl.java:setRole(290)) - 2a15bd7e-7896-4db0-9e08-f7464bcd33ee@group-29500492D057: changes role from  FOLLOWER to FOLLOWER at term 1 for candidate:b07270f0-c5b1-4afe-99f3-aa5758d6ba5c
2022-02-24 16:55:53,640 [grpc-default-executor-4] INFO  impl.RoleInfo (RoleInfo.java:shutdownFollowerState(108)) - 2a15bd7e-7896-4db0-9e08-f7464bcd33ee: shutdown 2a15bd7e-7896-4db0-9e08-f7464bcd33ee@group-29500492D057-FollowerState
2022-02-24 16:55:53,643 [grpc-default-executor-4] INFO  impl.RoleInfo (RoleInfo.java:updateAndGet(130)) - 2a15bd7e-7896-4db0-9e08-f7464bcd33ee: start 2a15bd7e-7896-4db0-9e08-f7464bcd33ee@group-29500492D057-FollowerState
2022-02-24 16:55:53,643 [2a15bd7e-7896-4db0-9e08-f7464bcd33ee@group-29500492D057-FollowerState] INFO  impl.FollowerState (FollowerState.java:run(143)) - 2a15bd7e-7896-4db0-9e08-f7464bcd33ee@group-29500492D057-FollowerState was interrupted: {}
java.lang.InterruptedException: sleep interrupted
	at java.lang.Thread.sleep(Native Method)
	at java.lang.Thread.sleep(Thread.java:342)
	at java.util.concurrent.TimeUnit.sleep(TimeUnit.java:386)
	at org.apache.ratis.util.TimeDuration.sleep(TimeDuration.java:324)
	at org.apache.ratis.util.TimeDuration.sleep(TimeDuration.java:309)
	at org.apache.ratis.server.impl.FollowerState.run(FollowerState.java:118)
2022-02-24 16:55:53,644 [grpc-default-executor-3] INFO  server.RaftServer$Division (RaftServerImpl.java:requestVote(1046)) - cf3a7bfa-0a59-4cf0-978b-44f71b96abbc@group-29500492D057: receive requestVote(ELECTION, b07270f0-c5b1-4afe-99f3-aa5758d6ba5c, group-29500492D057, 1, (t:0, i:0))
2022-02-24 16:55:53,644 [grpc-default-executor-3] INFO  impl.VoteContext (VoteContext.java:log(48)) - cf3a7bfa-0a59-4cf0-978b-44f71b96abbc@group-29500492D057-FOLLOWER: reject ELECTION from b07270f0-c5b1-4afe-99f3-aa5758d6ba5c: our priority 1 > candidate's priority 0
2022-02-24 16:55:53,644 [grpc-default-executor-3] INFO  server.RaftServer$Division (RaftServerImpl.java:setRole(290)) - cf3a7bfa-0a59-4cf0-978b-44f71b96abbc@group-29500492D057: changes role from  FOLLOWER to FOLLOWER at term 1 for candidate:b07270f0-c5b1-4afe-99f3-aa5758d6ba5c
2022-02-24 16:55:53,644 [grpc-default-executor-3] INFO  impl.RoleInfo (RoleInfo.java:shutdownFollowerState(108)) - cf3a7bfa-0a59-4cf0-978b-44f71b96abbc: shutdown cf3a7bfa-0a59-4cf0-978b-44f71b96abbc@group-29500492D057-FollowerState
2022-02-24 16:55:53,654 [cf3a7bfa-0a59-4cf0-978b-44f71b96abbc@group-29500492D057-FollowerState] INFO  impl.FollowerState (FollowerState.java:run(143)) - cf3a7bfa-0a59-4cf0-978b-44f71b96abbc@group-29500492D057-FollowerState was interrupted: {}
java.lang.InterruptedException: sleep interrupted
	at java.lang.Thread.sleep(Native Method)
	at java.lang.Thread.sleep(Thread.java:342)
	at java.util.concurrent.TimeUnit.sleep(TimeUnit.java:386)
	at org.apache.ratis.util.TimeDuration.sleep(TimeDuration.java:324)
	at org.apache.ratis.util.TimeDuration.sleep(TimeDuration.java:309)
	at org.apache.ratis.server.impl.FollowerState.run(FollowerState.java:118)
2022-02-24 16:55:53,654 [grpc-default-executor-3] INFO  impl.RoleInfo (RoleInfo.java:updateAndGet(130)) - cf3a7bfa-0a59-4cf0-978b-44f71b96abbc: start cf3a7bfa-0a59-4cf0-978b-44f71b96abbc@group-29500492D057-FollowerState
2022-02-24 16:55:53,655 [grpc-default-executor-4] INFO  server.RaftServer$Division (RaftServerImpl.java:requestVote(1078)) - 2a15bd7e-7896-4db0-9e08-f7464bcd33ee@group-29500492D057 replies to ELECTION vote request: b07270f0-c5b1-4afe-99f3-aa5758d6ba5c<-2a15bd7e-7896-4db0-9e08-f7464bcd33ee#0:OK-t1. Peer's state: 2a15bd7e-7896-4db0-9e08-f7464bcd33ee@group-29500492D057:t1, leader=null, voted=b07270f0-c5b1-4afe-99f3-aa5758d6ba5c, raftlog=2a15bd7e-7896-4db0-9e08-f7464bcd33ee@group-29500492D057-SegmentedRaftLog:OPENED:c-1, conf=-1: [b07270f0-c5b1-4afe-99f3-aa5758d6ba5c|rpc:10.1.0.37:45647|dataStream:|priority:0, 2a15bd7e-7896-4db0-9e08-f7464bcd33ee|rpc:10.1.0.37:41995|dataStream:|priority:0, cf3a7bfa-0a59-4cf0-978b-44f71b96abbc|rpc:10.1.0.37:40183|dataStream:|priority:1], old=null
2022-02-24 16:55:53,667 [grpc-default-executor-3] INFO  server.RaftServer$Division (RaftServerImpl.java:requestVote(1078)) - cf3a7bfa-0a59-4cf0-978b-44f71b96abbc@group-29500492D057 replies to ELECTION vote request: b07270f0-c5b1-4afe-99f3-aa5758d6ba5c<-cf3a7bfa-0a59-4cf0-978b-44f71b96abbc#0:FAIL-t1. Peer's state: cf3a7bfa-0a59-4cf0-978b-44f71b96abbc@group-29500492D057:t1, leader=null, voted=null, raftlog=cf3a7bfa-0a59-4cf0-978b-44f71b96abbc@group-29500492D057-SegmentedRaftLog:OPENED:c-1, conf=-1: [b07270f0-c5b1-4afe-99f3-aa5758d6ba5c|rpc:10.1.0.37:45647|dataStream:|priority:0, 2a15bd7e-7896-4db0-9e08-f7464bcd33ee|rpc:10.1.0.37:41995|dataStream:|priority:0, cf3a7bfa-0a59-4cf0-978b-44f71b96abbc|rpc:10.1.0.37:40183|dataStream:|priority:1], old=null
2022-02-24 16:55:53,670 [b07270f0-c5b1-4afe-99f3-aa5758d6ba5c@group-29500492D057-LeaderElection48] INFO  impl.LeaderElection (LeaderElection.java:logAndReturn(89)) - b07270f0-c5b1-4afe-99f3-aa5758d6ba5c@group-29500492D057-LeaderElection48: ELECTION REJECTED received 2 response(s) and 0 exception(s):
2022-02-24 16:55:53,670 [b07270f0-c5b1-4afe-99f3-aa5758d6ba5c@group-29500492D057-LeaderElection48] INFO  impl.LeaderElection (LeaderElection.java:logAndReturn(93)) -   Response 0: b07270f0-c5b1-4afe-99f3-aa5758d6ba5c<-2a15bd7e-7896-4db0-9e08-f7464bcd33ee#0:OK-t1
2022-02-24 16:55:53,670 [b07270f0-c5b1-4afe-99f3-aa5758d6ba5c@group-29500492D057-LeaderElection48] INFO  impl.LeaderElection (LeaderElection.java:logAndReturn(93)) -   Response 1: b07270f0-c5b1-4afe-99f3-aa5758d6ba5c<-cf3a7bfa-0a59-4cf0-978b-44f71b96abbc#0:FAIL-t1
2022-02-24 16:55:53,670 [b07270f0-c5b1-4afe-99f3-aa5758d6ba5c@group-29500492D057-LeaderElection48] INFO  impl.LeaderElection (LeaderElection.java:askForVotes(308)) - b07270f0-c5b1-4afe-99f3-aa5758d6ba5c@group-29500492D057-LeaderElection48 ELECTION round 0: result REJECTED
2022-02-24 16:55:53,670 [b07270f0-c5b1-4afe-99f3-aa5758d6ba5c@group-29500492D057-LeaderElection48] INFO  server.RaftServer$Division (RaftServerImpl.java:setRole(290)) - b07270f0-c5b1-4afe-99f3-aa5758d6ba5c@group-29500492D057: changes role from CANDIDATE to FOLLOWER at term 1 for REJECTED
2022-02-24 16:55:53,670 [b07270f0-c5b1-4afe-99f3-aa5758d6ba5c@group-29500492D057-LeaderElection48] INFO  impl.RoleInfo (RoleInfo.java:shutdownLeaderElection(121)) - b07270f0-c5b1-4afe-99f3-aa5758d6ba5c: shutdown b07270f0-c5b1-4afe-99f3-aa5758d6ba5c@group-29500492D057-LeaderElection48
2022-02-24 16:55:53,670 [b07270f0-c5b1-4afe-99f3-aa5758d6ba5c@group-29500492D057-LeaderElection48] INFO  impl.RoleInfo (RoleInfo.java:updateAndGet(130)) - b07270f0-c5b1-4afe-99f3-aa5758d6ba5c: start b07270f0-c5b1-4afe-99f3-aa5758d6ba5c@group-29500492D057-FollowerState
2022-02-24 16:55:53,778 [Listener at 127.0.0.1/44987] INFO  ozone.MiniOzoneClusterImpl (MiniOzoneClusterImpl.java:lambda$waitForClusterToBeReady$0(219)) - Nodes are ready. Got 7 of 7 DN Heartbeats.
2022-02-24 16:55:53,778 [Listener at 127.0.0.1/44987] INFO  ozone.MiniOzoneClusterImpl (MiniOzoneClusterImpl.java:lambda$waitForClusterToBeReady$0(222)) - Cluster exits safe mode
2022-02-24 16:55:53,779 [Listener at 127.0.0.1/44987] INFO  ozone.MiniOzoneClusterImpl (MiniOzoneClusterImpl.java:lambda$waitForClusterToBeReady$0(224)) - SCM became leader
2022-02-24 16:55:53,780 [Listener at 127.0.0.1/44987] INFO  rpc.RpcClient (RpcClient.java:createVolume(399)) - Creating Volume: testblockoutputstream, with runner as owner and space quota set to -1 bytes, counts quota set to -1
2022-02-24 16:55:53,822 [OM StateMachine ApplyTransaction Thread - 0] INFO  volume.OMVolumeCreateRequest (OMVolumeCreateRequest.java:validateAndUpdateCache(195)) - created volume:testblockoutputstream for user:runner
2022-02-24 16:55:53,884 [Listener at 127.0.0.1/44987] INFO  rpc.RpcClient (RpcClient.java:createBucket(562)) - Creating Bucket: testblockoutputstream/testblockoutputstream, with runner as owner and Versioning false and Storage Type set to DISK and Encryption set to false 
2022-02-24 16:55:53,925 [IPC Server handler 7 on default port 43567] INFO  ha.SequenceIdGenerator (SequenceIdGenerator.java:getNextId(127)) - Allocate a batch for containerId, change lastId from 0 to 1000.
2022-02-24 16:55:53,937 [77c6fe3f-1b7a-40d0-9616-c5318e50343e@group-52C2256152D3-StateMachineUpdater] WARN  ha.SequenceIdGenerator (SequenceIdGenerator.java:allocateBatch(235)) - Failed to allocate a batch for localId, expected lastId is 0, actual lastId is 109611004723200000.
2022-02-24 16:55:53,958 [IPC Server handler 7 on default port 43567] INFO  ha.SequenceIdGenerator (SequenceIdGenerator.java:getNextId(127)) - Allocate a batch for localId, change lastId from 109611004723200000 to 109611004723201000.
2022-02-24 16:55:54,360 [2a15bd7e-7896-4db0-9e08-f7464bcd33ee@group-FF6F608FF5FD-FollowerState] INFO  impl.FollowerState (FollowerState.java:run(134)) - 2a15bd7e-7896-4db0-9e08-f7464bcd33ee@group-FF6F608FF5FD-FollowerState: change to CANDIDATE, lastRpcElapsedTime:5181514368ns, electionTimeout:5168ms
2022-02-24 16:55:54,360 [2a15bd7e-7896-4db0-9e08-f7464bcd33ee@group-FF6F608FF5FD-FollowerState] INFO  impl.RoleInfo (RoleInfo.java:shutdownFollowerState(108)) - 2a15bd7e-7896-4db0-9e08-f7464bcd33ee: shutdown 2a15bd7e-7896-4db0-9e08-f7464bcd33ee@group-FF6F608FF5FD-FollowerState
2022-02-24 16:55:54,360 [2a15bd7e-7896-4db0-9e08-f7464bcd33ee@group-FF6F608FF5FD-FollowerState] INFO  server.RaftServer$Division (RaftServerImpl.java:setRole(290)) - 2a15bd7e-7896-4db0-9e08-f7464bcd33ee@group-FF6F608FF5FD: changes role from  FOLLOWER to CANDIDATE at term 0 for changeToCandidate
2022-02-24 16:55:54,361 [2a15bd7e-7896-4db0-9e08-f7464bcd33ee@group-FF6F608FF5FD-FollowerState] INFO  server.RaftServerConfigKeys (ConfUtils.java:logGet(44)) - raft.server.leaderelection.pre-vote = false (custom)
2022-02-24 16:55:54,362 [2a15bd7e-7896-4db0-9e08-f7464bcd33ee@group-FF6F608FF5FD-FollowerState] INFO  impl.RoleInfo (RoleInfo.java:updateAndGet(130)) - 2a15bd7e-7896-4db0-9e08-f7464bcd33ee: start 2a15bd7e-7896-4db0-9e08-f7464bcd33ee@group-FF6F608FF5FD-LeaderElection49
2022-02-24 16:55:54,402 [2a15bd7e-7896-4db0-9e08-f7464bcd33ee@group-FF6F608FF5FD-LeaderElection49] INFO  impl.LeaderElection (LeaderElection.java:askForVotes(306)) - 2a15bd7e-7896-4db0-9e08-f7464bcd33ee@group-FF6F608FF5FD-LeaderElection49 ELECTION round 0: submit vote requests at term 1 for -1: [2a15bd7e-7896-4db0-9e08-f7464bcd33ee|rpc:10.1.0.37:41995|priority:1], old=null
2022-02-24 16:55:54,402 [2a15bd7e-7896-4db0-9e08-f7464bcd33ee@group-FF6F608FF5FD-LeaderElection49] INFO  impl.LeaderElection (LeaderElection.java:askForVotes(308)) - 2a15bd7e-7896-4db0-9e08-f7464bcd33ee@group-FF6F608FF5FD-LeaderElection49 ELECTION round 0: result PASSED (term=1)
2022-02-24 16:55:54,402 [2a15bd7e-7896-4db0-9e08-f7464bcd33ee@group-FF6F608FF5FD-LeaderElection49] INFO  impl.RoleInfo (RoleInfo.java:shutdownLeaderElection(121)) - 2a15bd7e-7896-4db0-9e08-f7464bcd33ee: shutdown 2a15bd7e-7896-4db0-9e08-f7464bcd33ee@group-FF6F608FF5FD-LeaderElection49
2022-02-24 16:55:54,403 [2a15bd7e-7896-4db0-9e08-f7464bcd33ee@group-FF6F608FF5FD-LeaderElection49] INFO  server.RaftServer$Division (RaftServerImpl.java:setRole(290)) - 2a15bd7e-7896-4db0-9e08-f7464bcd33ee@group-FF6F608FF5FD: changes role from CANDIDATE to LEADER at term 1 for changeToLeader
2022-02-24 16:55:54,403 [2a15bd7e-7896-4db0-9e08-f7464bcd33ee@group-FF6F608FF5FD-LeaderElection49] INFO  ratis.XceiverServerRatis (XceiverServerRatis.java:handleLeaderChangedNotification(867)) - Leader change notification received for group: group-FF6F608FF5FD with new leaderId: 2a15bd7e-7896-4db0-9e08-f7464bcd33ee
2022-02-24 16:55:54,407 [2a15bd7e-7896-4db0-9e08-f7464bcd33ee@group-FF6F608FF5FD-LeaderElection49] INFO  server.RaftServer$Division (ServerState.java:setLeader(285)) - 2a15bd7e-7896-4db0-9e08-f7464bcd33ee@group-FF6F608FF5FD: change Leader from null to 2a15bd7e-7896-4db0-9e08-f7464bcd33ee at term 1 for becomeLeader, leader elected after 5247ms
2022-02-24 16:55:54,410 [2a15bd7e-7896-4db0-9e08-f7464bcd33ee@group-FF6F608FF5FD-LeaderElection49] INFO  server.RaftServerConfigKeys (ConfUtils.java:logGet(44)) - raft.server.staging.catchup.gap = 1000 (default)
2022-02-24 16:55:54,410 [2a15bd7e-7896-4db0-9e08-f7464bcd33ee@group-FF6F608FF5FD-LeaderElection49] INFO  server.RaftServerConfigKeys (ConfUtils.java:logGet(44)) - raft.server.write.element-limit = 1024 (custom)
2022-02-24 16:55:54,416 [2a15bd7e-7896-4db0-9e08-f7464bcd33ee@group-FF6F608FF5FD-LeaderElection49] INFO  server.RaftServerConfigKeys (ConfUtils.java:logGet(44)) - raft.server.write.byte-limit = 1024 M (=1073741824) (custom)
2022-02-24 16:55:54,427 [2a15bd7e-7896-4db0-9e08-f7464bcd33ee@group-FF6F608FF5FD-LeaderElection49] INFO  server.RaftServerConfigKeys (ConfUtils.java:logGet(44)) - raft.server.watch.timeout = 3000ms (custom)
2022-02-24 16:55:54,427 [2a15bd7e-7896-4db0-9e08-f7464bcd33ee@group-FF6F608FF5FD-LeaderElection49] INFO  server.RaftServerConfigKeys (ConfUtils.java:logGet(44)) - raft.server.watch.timeout.denomination = 1s (default)
2022-02-24 16:55:54,427 [2a15bd7e-7896-4db0-9e08-f7464bcd33ee@group-FF6F608FF5FD-LeaderElection49] INFO  server.RaftServerConfigKeys (ConfUtils.java:logGet(44)) - raft.server.watch.element-limit = 65536 (default)
2022-02-24 16:55:54,427 [2a15bd7e-7896-4db0-9e08-f7464bcd33ee@group-FF6F608FF5FD-LeaderElection49] INFO  server.RaftServerConfigKeys (ConfUtils.java:logGet(44)) - raft.server.write.element-limit = 1024 (custom)
2022-02-24 16:55:54,427 [2a15bd7e-7896-4db0-9e08-f7464bcd33ee@group-FF6F608FF5FD-LeaderElection49] INFO  server.RaftServerConfigKeys (ConfUtils.java:logGet(44)) - raft.server.write.follower.gap.ratio.max = -1.0 (default)
2022-02-24 16:55:54,427 [2a15bd7e-7896-4db0-9e08-f7464bcd33ee@group-FF6F608FF5FD-LeaderElection49] INFO  impl.RoleInfo (RoleInfo.java:updateAndGet(130)) - 2a15bd7e-7896-4db0-9e08-f7464bcd33ee: start 2a15bd7e-7896-4db0-9e08-f7464bcd33ee@group-FF6F608FF5FD-LeaderStateImpl
2022-02-24 16:55:54,428 [2a15bd7e-7896-4db0-9e08-f7464bcd33ee@group-FF6F608FF5FD-LeaderElection49] INFO  segmented.SegmentedRaftLogWorker (SegmentedRaftLogWorker.java:startLogSegment(394)) - 2a15bd7e-7896-4db0-9e08-f7464bcd33ee@group-FF6F608FF5FD-SegmentedRaftLogWorker: Starting segment from index:0
2022-02-24 16:55:54,430 [2a15bd7e-7896-4db0-9e08-f7464bcd33ee@group-FF6F608FF5FD-SegmentedRaftLogWorker] INFO  segmented.SegmentedRaftLogWorker (SegmentedRaftLogWorker.java:execute(601)) - 2a15bd7e-7896-4db0-9e08-f7464bcd33ee@group-FF6F608FF5FD-SegmentedRaftLogWorker: created new log segment /home/runner/work/ozone/ozone/hadoop-ozone/integration-test/target/test-dir/MiniOzoneClusterImpl-a9e0dedd-d836-4895-9472-52c2256152d3/datanode-2/data/ratis/5f44144d-712d-461a-aa66-ff6f608ff5fd/current/log_inprogress_0
2022-02-24 16:55:54,442 [2a15bd7e-7896-4db0-9e08-f7464bcd33ee@group-FF6F608FF5FD-LeaderElection49] INFO  server.RaftServer$Division (ServerState.java:setRaftConf(387)) - 2a15bd7e-7896-4db0-9e08-f7464bcd33ee@group-FF6F608FF5FD: set configuration 0: [2a15bd7e-7896-4db0-9e08-f7464bcd33ee|rpc:10.1.0.37:41995|dataStream:|priority:1], old=null
2022-02-24 16:55:55,195 [2ccab0b5-4479-416a-9931-5373164cc31d@group-D1BF1DB2EA83-FollowerState] INFO  impl.FollowerState (FollowerState.java:run(134)) - 2ccab0b5-4479-416a-9931-5373164cc31d@group-D1BF1DB2EA83-FollowerState: change to CANDIDATE, lastRpcElapsedTime:5138990501ns, electionTimeout:5138ms
2022-02-24 16:55:55,195 [2ccab0b5-4479-416a-9931-5373164cc31d@group-BB03F3D9DF88-FollowerState] INFO  impl.FollowerState (FollowerState.java:run(134)) - 2ccab0b5-4479-416a-9931-5373164cc31d@group-BB03F3D9DF88-FollowerState: change to CANDIDATE, lastRpcElapsedTime:5201909850ns, electionTimeout:5197ms
2022-02-24 16:55:55,196 [2ccab0b5-4479-416a-9931-5373164cc31d@group-D1BF1DB2EA83-FollowerState] INFO  impl.RoleInfo (RoleInfo.java:shutdownFollowerState(108)) - 2ccab0b5-4479-416a-9931-5373164cc31d: shutdown 2ccab0b5-4479-416a-9931-5373164cc31d@group-D1BF1DB2EA83-FollowerState
2022-02-24 16:55:55,196 [2ccab0b5-4479-416a-9931-5373164cc31d@group-D1BF1DB2EA83-FollowerState] INFO  server.RaftServer$Division (RaftServerImpl.java:setRole(290)) - 2ccab0b5-4479-416a-9931-5373164cc31d@group-D1BF1DB2EA83: changes role from  FOLLOWER to CANDIDATE at term 0 for changeToCandidate
2022-02-24 16:55:55,197 [2ccab0b5-4479-416a-9931-5373164cc31d@group-D1BF1DB2EA83-FollowerState] INFO  server.RaftServerConfigKeys (ConfUtils.java:logGet(44)) - raft.server.leaderelection.pre-vote = false (custom)
2022-02-24 16:55:55,197 [2ccab0b5-4479-416a-9931-5373164cc31d@group-D1BF1DB2EA83-FollowerState] INFO  impl.RoleInfo (RoleInfo.java:updateAndGet(130)) - 2ccab0b5-4479-416a-9931-5373164cc31d: start 2ccab0b5-4479-416a-9931-5373164cc31d@group-D1BF1DB2EA83-LeaderElection50
2022-02-24 16:55:55,211 [2ccab0b5-4479-416a-9931-5373164cc31d@group-BB03F3D9DF88-FollowerState] INFO  impl.RoleInfo (RoleInfo.java:shutdownFollowerState(108)) - 2ccab0b5-4479-416a-9931-5373164cc31d: shutdown 2ccab0b5-4479-416a-9931-5373164cc31d@group-BB03F3D9DF88-FollowerState
2022-02-24 16:55:55,211 [2ccab0b5-4479-416a-9931-5373164cc31d@group-BB03F3D9DF88-FollowerState] INFO  server.RaftServer$Division (RaftServerImpl.java:setRole(290)) - 2ccab0b5-4479-416a-9931-5373164cc31d@group-BB03F3D9DF88: changes role from  FOLLOWER to CANDIDATE at term 0 for changeToCandidate
2022-02-24 16:55:55,211 [2ccab0b5-4479-416a-9931-5373164cc31d@group-BB03F3D9DF88-FollowerState] INFO  server.RaftServerConfigKeys (ConfUtils.java:logGet(44)) - raft.server.leaderelection.pre-vote = false (custom)
2022-02-24 16:55:55,211 [2ccab0b5-4479-416a-9931-5373164cc31d@group-BB03F3D9DF88-FollowerState] INFO  impl.RoleInfo (RoleInfo.java:updateAndGet(130)) - 2ccab0b5-4479-416a-9931-5373164cc31d: start 2ccab0b5-4479-416a-9931-5373164cc31d@group-BB03F3D9DF88-LeaderElection51
2022-02-24 16:55:55,235 [2ccab0b5-4479-416a-9931-5373164cc31d@group-D1BF1DB2EA83-LeaderElection50] INFO  impl.LeaderElection (LeaderElection.java:askForVotes(306)) - 2ccab0b5-4479-416a-9931-5373164cc31d@group-D1BF1DB2EA83-LeaderElection50 ELECTION round 0: submit vote requests at term 1 for -1: [6aa02a95-f8ab-442c-9ba0-fd232060c81a|rpc:10.1.0.37:41563|priority:1, 2ccab0b5-4479-416a-9931-5373164cc31d|rpc:10.1.0.37:41069|priority:0, 37eb1d61-39bb-4850-ab96-a7546aa7d2af|rpc:10.1.0.37:34927|priority:0], old=null
2022-02-24 16:55:55,272 [2ccab0b5-4479-416a-9931-5373164cc31d@group-BB03F3D9DF88-LeaderElection51] INFO  impl.LeaderElection (LeaderElection.java:askForVotes(306)) - 2ccab0b5-4479-416a-9931-5373164cc31d@group-BB03F3D9DF88-LeaderElection51 ELECTION round 0: submit vote requests at term 1 for -1: [2ccab0b5-4479-416a-9931-5373164cc31d|rpc:10.1.0.37:41069|priority:1], old=null
2022-02-24 16:55:55,272 [2ccab0b5-4479-416a-9931-5373164cc31d@group-BB03F3D9DF88-LeaderElection51] INFO  impl.LeaderElection (LeaderElection.java:askForVotes(308)) - 2ccab0b5-4479-416a-9931-5373164cc31d@group-BB03F3D9DF88-LeaderElection51 ELECTION round 0: result PASSED (term=1)
2022-02-24 16:55:55,272 [2ccab0b5-4479-416a-9931-5373164cc31d@group-BB03F3D9DF88-LeaderElection51] INFO  impl.RoleInfo (RoleInfo.java:shutdownLeaderElection(121)) - 2ccab0b5-4479-416a-9931-5373164cc31d: shutdown 2ccab0b5-4479-416a-9931-5373164cc31d@group-BB03F3D9DF88-LeaderElection51
2022-02-24 16:55:55,272 [2ccab0b5-4479-416a-9931-5373164cc31d@group-BB03F3D9DF88-LeaderElection51] INFO  server.RaftServer$Division (RaftServerImpl.java:setRole(290)) - 2ccab0b5-4479-416a-9931-5373164cc31d@group-BB03F3D9DF88: changes role from CANDIDATE to LEADER at term 1 for changeToLeader
2022-02-24 16:55:55,272 [2ccab0b5-4479-416a-9931-5373164cc31d@group-BB03F3D9DF88-LeaderElection51] INFO  ratis.XceiverServerRatis (XceiverServerRatis.java:handleLeaderChangedNotification(867)) - Leader change notification received for group: group-BB03F3D9DF88 with new leaderId: 2ccab0b5-4479-416a-9931-5373164cc31d
2022-02-24 16:55:55,273 [2ccab0b5-4479-416a-9931-5373164cc31d@group-BB03F3D9DF88-LeaderElection51] INFO  server.RaftServer$Division (ServerState.java:setLeader(285)) - 2ccab0b5-4479-416a-9931-5373164cc31d@group-BB03F3D9DF88: change Leader from null to 2ccab0b5-4479-416a-9931-5373164cc31d at term 1 for becomeLeader, leader elected after 5291ms
2022-02-24 16:55:55,273 [2ccab0b5-4479-416a-9931-5373164cc31d@group-BB03F3D9DF88-LeaderElection51] INFO  server.RaftServerConfigKeys (ConfUtils.java:logGet(44)) - raft.server.staging.catchup.gap = 1000 (default)
2022-02-24 16:55:55,273 [2ccab0b5-4479-416a-9931-5373164cc31d@group-BB03F3D9DF88-LeaderElection51] INFO  server.RaftServerConfigKeys (ConfUtils.java:logGet(44)) - raft.server.write.element-limit = 1024 (custom)
2022-02-24 16:55:55,273 [2ccab0b5-4479-416a-9931-5373164cc31d@group-BB03F3D9DF88-LeaderElection51] INFO  server.RaftServerConfigKeys (ConfUtils.java:logGet(44)) - raft.server.write.byte-limit = 1024 M (=1073741824) (custom)
2022-02-24 16:55:55,273 [2ccab0b5-4479-416a-9931-5373164cc31d@group-BB03F3D9DF88-LeaderElection51] INFO  server.RaftServerConfigKeys (ConfUtils.java:logGet(44)) - raft.server.watch.timeout = 3000ms (custom)
2022-02-24 16:55:55,273 [2ccab0b5-4479-416a-9931-5373164cc31d@group-BB03F3D9DF88-LeaderElection51] INFO  server.RaftServerConfigKeys (ConfUtils.java:logGet(44)) - raft.server.watch.timeout.denomination = 1s (default)
2022-02-24 16:55:55,273 [2ccab0b5-4479-416a-9931-5373164cc31d@group-BB03F3D9DF88-LeaderElection51] INFO  server.RaftServerConfigKeys (ConfUtils.java:logGet(44)) - raft.server.watch.element-limit = 65536 (default)
2022-02-24 16:55:55,273 [2ccab0b5-4479-416a-9931-5373164cc31d@group-BB03F3D9DF88-LeaderElection51] INFO  server.RaftServerConfigKeys (ConfUtils.java:logGet(44)) - raft.server.write.element-limit = 1024 (custom)
2022-02-24 16:55:55,273 [2ccab0b5-4479-416a-9931-5373164cc31d@group-BB03F3D9DF88-LeaderElection51] INFO  server.RaftServerConfigKeys (ConfUtils.java:logGet(44)) - raft.server.write.follower.gap.ratio.max = -1.0 (default)
2022-02-24 16:55:55,273 [2ccab0b5-4479-416a-9931-5373164cc31d@group-BB03F3D9DF88-LeaderElection51] INFO  impl.RoleInfo (RoleInfo.java:updateAndGet(130)) - 2ccab0b5-4479-416a-9931-5373164cc31d: start 2ccab0b5-4479-416a-9931-5373164cc31d@group-BB03F3D9DF88-LeaderStateImpl
2022-02-24 16:55:55,274 [2ccab0b5-4479-416a-9931-5373164cc31d@group-BB03F3D9DF88-LeaderElection51] INFO  segmented.SegmentedRaftLogWorker (SegmentedRaftLogWorker.java:startLogSegment(394)) - 2ccab0b5-4479-416a-9931-5373164cc31d@group-BB03F3D9DF88-SegmentedRaftLogWorker: Starting segment from index:0
2022-02-24 16:55:55,280 [grpc-default-executor-3] INFO  server.RaftServer$Division (RaftServerImpl.java:requestVote(1046)) - 6aa02a95-f8ab-442c-9ba0-fd232060c81a@group-D1BF1DB2EA83: receive requestVote(ELECTION, 2ccab0b5-4479-416a-9931-5373164cc31d, group-D1BF1DB2EA83, 1, (t:0, i:0))
2022-02-24 16:55:55,280 [grpc-default-executor-3] INFO  impl.VoteContext (VoteContext.java:log(48)) - 6aa02a95-f8ab-442c-9ba0-fd232060c81a@group-D1BF1DB2EA83-FOLLOWER: reject ELECTION from 2ccab0b5-4479-416a-9931-5373164cc31d: our priority 1 > candidate's priority 0
2022-02-24 16:55:55,280 [grpc-default-executor-3] INFO  server.RaftServer$Division (RaftServerImpl.java:setRole(290)) - 6aa02a95-f8ab-442c-9ba0-fd232060c81a@group-D1BF1DB2EA83: changes role from  FOLLOWER to FOLLOWER at term 1 for candidate:2ccab0b5-4479-416a-9931-5373164cc31d
2022-02-24 16:55:55,281 [grpc-default-executor-3] INFO  impl.RoleInfo (RoleInfo.java:shutdownFollowerState(108)) - 6aa02a95-f8ab-442c-9ba0-fd232060c81a: shutdown 6aa02a95-f8ab-442c-9ba0-fd232060c81a@group-D1BF1DB2EA83-FollowerState
2022-02-24 16:55:55,281 [grpc-default-executor-3] INFO  impl.RoleInfo (RoleInfo.java:updateAndGet(130)) - 6aa02a95-f8ab-442c-9ba0-fd232060c81a: start 6aa02a95-f8ab-442c-9ba0-fd232060c81a@group-D1BF1DB2EA83-FollowerState
2022-02-24 16:55:55,281 [6aa02a95-f8ab-442c-9ba0-fd232060c81a@group-D1BF1DB2EA83-FollowerState] INFO  impl.FollowerState (FollowerState.java:run(143)) - 6aa02a95-f8ab-442c-9ba0-fd232060c81a@group-D1BF1DB2EA83-FollowerState was interrupted: {}
java.lang.InterruptedException: sleep interrupted
	at java.lang.Thread.sleep(Native Method)
	at java.lang.Thread.sleep(Thread.java:342)
	at java.util.concurrent.TimeUnit.sleep(TimeUnit.java:386)
	at org.apache.ratis.util.TimeDuration.sleep(TimeDuration.java:324)
	at org.apache.ratis.util.TimeDuration.sleep(TimeDuration.java:309)
	at org.apache.ratis.server.impl.FollowerState.run(FollowerState.java:118)
2022-02-24 16:55:55,281 [2ccab0b5-4479-416a-9931-5373164cc31d@group-BB03F3D9DF88-SegmentedRaftLogWorker] INFO  segmented.SegmentedRaftLogWorker (SegmentedRaftLogWorker.java:execute(601)) - 2ccab0b5-4479-416a-9931-5373164cc31d@group-BB03F3D9DF88-SegmentedRaftLogWorker: created new log segment /home/runner/work/ozone/ozone/hadoop-ozone/integration-test/target/test-dir/MiniOzoneClusterImpl-a9e0dedd-d836-4895-9472-52c2256152d3/datanode-3/data/ratis/71d6a2a9-1101-4293-8e60-bb03f3d9df88/current/log_inprogress_0
2022-02-24 16:55:55,283 [grpc-default-executor-4] INFO  server.RaftServer$Division (RaftServerImpl.java:requestVote(1046)) - 37eb1d61-39bb-4850-ab96-a7546aa7d2af@group-D1BF1DB2EA83: receive requestVote(ELECTION, 2ccab0b5-4479-416a-9931-5373164cc31d, group-D1BF1DB2EA83, 1, (t:0, i:0))
2022-02-24 16:55:55,283 [grpc-default-executor-4] INFO  impl.VoteContext (VoteContext.java:log(48)) - 37eb1d61-39bb-4850-ab96-a7546aa7d2af@group-D1BF1DB2EA83-FOLLOWER: accept ELECTION from 2ccab0b5-4479-416a-9931-5373164cc31d: our priority 0 <= candidate's priority 0
2022-02-24 16:55:55,283 [grpc-default-executor-4] INFO  server.RaftServer$Division (RaftServerImpl.java:setRole(290)) - 37eb1d61-39bb-4850-ab96-a7546aa7d2af@group-D1BF1DB2EA83: changes role from  FOLLOWER to FOLLOWER at term 1 for candidate:2ccab0b5-4479-416a-9931-5373164cc31d
2022-02-24 16:55:55,283 [grpc-default-executor-4] INFO  impl.RoleInfo (RoleInfo.java:shutdownFollowerState(108)) - 37eb1d61-39bb-4850-ab96-a7546aa7d2af: shutdown 37eb1d61-39bb-4850-ab96-a7546aa7d2af@group-D1BF1DB2EA83-FollowerState
2022-02-24 16:55:55,288 [grpc-default-executor-4] INFO  impl.RoleInfo (RoleInfo.java:updateAndGet(130)) - 37eb1d61-39bb-4850-ab96-a7546aa7d2af: start 37eb1d61-39bb-4850-ab96-a7546aa7d2af@group-D1BF1DB2EA83-FollowerState
2022-02-24 16:55:55,288 [37eb1d61-39bb-4850-ab96-a7546aa7d2af@group-D1BF1DB2EA83-FollowerState] INFO  impl.FollowerState (FollowerState.java:run(143)) - 37eb1d61-39bb-4850-ab96-a7546aa7d2af@group-D1BF1DB2EA83-FollowerState was interrupted: {}
java.lang.InterruptedException: sleep interrupted
	at java.lang.Thread.sleep(Native Method)
	at java.lang.Thread.sleep(Thread.java:342)
	at java.util.concurrent.TimeUnit.sleep(TimeUnit.java:386)
	at org.apache.ratis.util.TimeDuration.sleep(TimeDuration.java:324)
	at org.apache.ratis.util.TimeDuration.sleep(TimeDuration.java:309)
	at org.apache.ratis.server.impl.FollowerState.run(FollowerState.java:118)
2022-02-24 16:55:55,289 [grpc-default-executor-3] INFO  server.RaftServer$Division (RaftServerImpl.java:requestVote(1078)) - 6aa02a95-f8ab-442c-9ba0-fd232060c81a@group-D1BF1DB2EA83 replies to ELECTION vote request: 2ccab0b5-4479-416a-9931-5373164cc31d<-6aa02a95-f8ab-442c-9ba0-fd232060c81a#0:FAIL-t1. Peer's state: 6aa02a95-f8ab-442c-9ba0-fd232060c81a@group-D1BF1DB2EA83:t1, leader=null, voted=null, raftlog=6aa02a95-f8ab-442c-9ba0-fd232060c81a@group-D1BF1DB2EA83-SegmentedRaftLog:OPENED:c-1, conf=-1: [6aa02a95-f8ab-442c-9ba0-fd232060c81a|rpc:10.1.0.37:41563|dataStream:|priority:1, 2ccab0b5-4479-416a-9931-5373164cc31d|rpc:10.1.0.37:41069|dataStream:|priority:0, 37eb1d61-39bb-4850-ab96-a7546aa7d2af|rpc:10.1.0.37:34927|dataStream:|priority:0], old=null
2022-02-24 16:55:55,308 [grpc-default-executor-4] INFO  server.RaftServer$Division (RaftServerImpl.java:requestVote(1078)) - 37eb1d61-39bb-4850-ab96-a7546aa7d2af@group-D1BF1DB2EA83 replies to ELECTION vote request: 2ccab0b5-4479-416a-9931-5373164cc31d<-37eb1d61-39bb-4850-ab96-a7546aa7d2af#0:OK-t1. Peer's state: 37eb1d61-39bb-4850-ab96-a7546aa7d2af@group-D1BF1DB2EA83:t1, leader=null, voted=2ccab0b5-4479-416a-9931-5373164cc31d, raftlog=37eb1d61-39bb-4850-ab96-a7546aa7d2af@group-D1BF1DB2EA83-SegmentedRaftLog:OPENED:c-1, conf=-1: [6aa02a95-f8ab-442c-9ba0-fd232060c81a|rpc:10.1.0.37:41563|dataStream:|priority:1, 2ccab0b5-4479-416a-9931-5373164cc31d|rpc:10.1.0.37:41069|dataStream:|priority:0, 37eb1d61-39bb-4850-ab96-a7546aa7d2af|rpc:10.1.0.37:34927|dataStream:|priority:0], old=null
2022-02-24 16:55:55,331 [2ccab0b5-4479-416a-9931-5373164cc31d@group-BB03F3D9DF88-LeaderElection51] INFO  server.RaftServer$Division (ServerState.java:setRaftConf(387)) - 2ccab0b5-4479-416a-9931-5373164cc31d@group-BB03F3D9DF88: set configuration 0: [2ccab0b5-4479-416a-9931-5373164cc31d|rpc:10.1.0.37:41069|dataStream:|priority:1], old=null
2022-02-24 16:55:55,360 [2ccab0b5-4479-416a-9931-5373164cc31d@group-D1BF1DB2EA83-LeaderElection50] INFO  impl.LeaderElection (LeaderElection.java:logAndReturn(89)) - 2ccab0b5-4479-416a-9931-5373164cc31d@group-D1BF1DB2EA83-LeaderElection50: ELECTION REJECTED received 2 response(s) and 0 exception(s):
2022-02-24 16:55:55,360 [2ccab0b5-4479-416a-9931-5373164cc31d@group-D1BF1DB2EA83-LeaderElection50] INFO  impl.LeaderElection (LeaderElection.java:logAndReturn(93)) -   Response 0: 2ccab0b5-4479-416a-9931-5373164cc31d<-6aa02a95-f8ab-442c-9ba0-fd232060c81a#0:FAIL-t1
2022-02-24 16:55:55,360 [2ccab0b5-4479-416a-9931-5373164cc31d@group-D1BF1DB2EA83-LeaderElection50] INFO  impl.LeaderElection (LeaderElection.java:logAndReturn(93)) -   Response 1: 2ccab0b5-4479-416a-9931-5373164cc31d<-37eb1d61-39bb-4850-ab96-a7546aa7d2af#0:OK-t1
2022-02-24 16:55:55,360 [2ccab0b5-4479-416a-9931-5373164cc31d@group-D1BF1DB2EA83-LeaderElection50] INFO  impl.LeaderElection (LeaderElection.java:askForVotes(308)) - 2ccab0b5-4479-416a-9931-5373164cc31d@group-D1BF1DB2EA83-LeaderElection50 ELECTION round 0: result REJECTED
2022-02-24 16:55:55,360 [2ccab0b5-4479-416a-9931-5373164cc31d@group-D1BF1DB2EA83-LeaderElection50] INFO  server.RaftServer$Division (RaftServerImpl.java:setRole(290)) - 2ccab0b5-4479-416a-9931-5373164cc31d@group-D1BF1DB2EA83: changes role from CANDIDATE to FOLLOWER at term 1 for REJECTED
2022-02-24 16:55:55,360 [2ccab0b5-4479-416a-9931-5373164cc31d@group-D1BF1DB2EA83-LeaderElection50] INFO  impl.RoleInfo (RoleInfo.java:shutdownLeaderElection(121)) - 2ccab0b5-4479-416a-9931-5373164cc31d: shutdown 2ccab0b5-4479-416a-9931-5373164cc31d@group-D1BF1DB2EA83-LeaderElection50
2022-02-24 16:55:55,360 [2ccab0b5-4479-416a-9931-5373164cc31d@group-D1BF1DB2EA83-LeaderElection50] INFO  impl.RoleInfo (RoleInfo.java:updateAndGet(130)) - 2ccab0b5-4479-416a-9931-5373164cc31d: start 2ccab0b5-4479-416a-9931-5373164cc31d@group-D1BF1DB2EA83-FollowerState
2022-02-24 16:55:55,508 [6aa02a95-f8ab-442c-9ba0-fd232060c81a@group-05E598691DA2-FollowerState] INFO  impl.FollowerState (FollowerState.java:run(134)) - 6aa02a95-f8ab-442c-9ba0-fd232060c81a@group-05E598691DA2-FollowerState: change to CANDIDATE, lastRpcElapsedTime:5028934181ns, electionTimeout:5017ms
2022-02-24 16:55:55,509 [6aa02a95-f8ab-442c-9ba0-fd232060c81a@group-05E598691DA2-FollowerState] INFO  impl.RoleInfo (RoleInfo.java:shutdownFollowerState(108)) - 6aa02a95-f8ab-442c-9ba0-fd232060c81a: shutdown 6aa02a95-f8ab-442c-9ba0-fd232060c81a@group-05E598691DA2-FollowerState
2022-02-24 16:55:55,509 [6aa02a95-f8ab-442c-9ba0-fd232060c81a@group-05E598691DA2-FollowerState] INFO  server.RaftServer$Division (RaftServerImpl.java:setRole(290)) - 6aa02a95-f8ab-442c-9ba0-fd232060c81a@group-05E598691DA2: changes role from  FOLLOWER to CANDIDATE at term 0 for changeToCandidate
2022-02-24 16:55:55,510 [6aa02a95-f8ab-442c-9ba0-fd232060c81a@group-05E598691DA2-FollowerState] INFO  server.RaftServerConfigKeys (ConfUtils.java:logGet(44)) - raft.server.leaderelection.pre-vote = false (custom)
2022-02-24 16:55:55,510 [6aa02a95-f8ab-442c-9ba0-fd232060c81a@group-05E598691DA2-FollowerState] INFO  impl.RoleInfo (RoleInfo.java:updateAndGet(130)) - 6aa02a95-f8ab-442c-9ba0-fd232060c81a: start 6aa02a95-f8ab-442c-9ba0-fd232060c81a@group-05E598691DA2-LeaderElection52
2022-02-24 16:55:55,539 [6aa02a95-f8ab-442c-9ba0-fd232060c81a@group-05E598691DA2-LeaderElection52] INFO  impl.LeaderElection (LeaderElection.java:askForVotes(306)) - 6aa02a95-f8ab-442c-9ba0-fd232060c81a@group-05E598691DA2-LeaderElection52 ELECTION round 0: submit vote requests at term 1 for -1: [6aa02a95-f8ab-442c-9ba0-fd232060c81a|rpc:10.1.0.37:41563|dataStream:|priority:0, 2ccab0b5-4479-416a-9931-5373164cc31d|rpc:10.1.0.37:41069|dataStream:|priority:0, 37eb1d61-39bb-4850-ab96-a7546aa7d2af|rpc:10.1.0.37:34927|dataStream:|priority:1], old=null
2022-02-24 16:55:55,543 [2ccab0b5-4479-416a-9931-5373164cc31d@group-05E598691DA2-FollowerState] INFO  impl.FollowerState (FollowerState.java:run(134)) - 2ccab0b5-4479-416a-9931-5373164cc31d@group-05E598691DA2-FollowerState: change to CANDIDATE, lastRpcElapsedTime:5164153830ns, electionTimeout:5128ms
2022-02-24 16:55:55,543 [2ccab0b5-4479-416a-9931-5373164cc31d@group-05E598691DA2-FollowerState] INFO  impl.RoleInfo (RoleInfo.java:shutdownFollowerState(108)) - 2ccab0b5-4479-416a-9931-5373164cc31d: shutdown 2ccab0b5-4479-416a-9931-5373164cc31d@group-05E598691DA2-FollowerState
2022-02-24 16:55:55,543 [2ccab0b5-4479-416a-9931-5373164cc31d@group-05E598691DA2-FollowerState] INFO  server.RaftServer$Division (RaftServerImpl.java:setRole(290)) - 2ccab0b5-4479-416a-9931-5373164cc31d@group-05E598691DA2: changes role from  FOLLOWER to CANDIDATE at term 0 for changeToCandidate
2022-02-24 16:55:55,561 [2ccab0b5-4479-416a-9931-5373164cc31d@group-05E598691DA2-FollowerState] INFO  server.RaftServerConfigKeys (ConfUtils.java:logGet(44)) - raft.server.leaderelection.pre-vote = false (custom)
2022-02-24 16:55:55,562 [2ccab0b5-4479-416a-9931-5373164cc31d@group-05E598691DA2-FollowerState] INFO  impl.RoleInfo (RoleInfo.java:updateAndGet(130)) - 2ccab0b5-4479-416a-9931-5373164cc31d: start 2ccab0b5-4479-416a-9931-5373164cc31d@group-05E598691DA2-LeaderElection53
2022-02-24 16:55:55,563 [grpc-default-executor-4] INFO  server.RaftServer$Division (RaftServerImpl.java:requestVote(1046)) - 2ccab0b5-4479-416a-9931-5373164cc31d@group-05E598691DA2: receive requestVote(ELECTION, 6aa02a95-f8ab-442c-9ba0-fd232060c81a, group-05E598691DA2, 1, (t:0, i:0))
2022-02-24 16:55:55,580 [grpc-default-executor-4] INFO  impl.VoteContext (VoteContext.java:log(48)) - 2ccab0b5-4479-416a-9931-5373164cc31d@group-05E598691DA2-CANDIDATE: accept ELECTION from 6aa02a95-f8ab-442c-9ba0-fd232060c81a: our priority 0 <= candidate's priority 0
2022-02-24 16:55:55,580 [grpc-default-executor-4] INFO  server.RaftServer$Division (RaftServerImpl.java:setRole(290)) - 2ccab0b5-4479-416a-9931-5373164cc31d@group-05E598691DA2: changes role from CANDIDATE to FOLLOWER at term 1 for candidate:6aa02a95-f8ab-442c-9ba0-fd232060c81a
2022-02-24 16:55:55,580 [grpc-default-executor-4] INFO  impl.RoleInfo (RoleInfo.java:shutdownLeaderElection(121)) - 2ccab0b5-4479-416a-9931-5373164cc31d: shutdown 2ccab0b5-4479-416a-9931-5373164cc31d@group-05E598691DA2-LeaderElection53
2022-02-24 16:55:55,580 [grpc-default-executor-4] INFO  impl.RoleInfo (RoleInfo.java:updateAndGet(130)) - 2ccab0b5-4479-416a-9931-5373164cc31d: start 2ccab0b5-4479-416a-9931-5373164cc31d@group-05E598691DA2-FollowerState
2022-02-24 16:55:55,583 [grpc-default-executor-4] INFO  server.RaftServer$Division (RaftServerImpl.java:requestVote(1078)) - 2ccab0b5-4479-416a-9931-5373164cc31d@group-05E598691DA2 replies to ELECTION vote request: 6aa02a95-f8ab-442c-9ba0-fd232060c81a<-2ccab0b5-4479-416a-9931-5373164cc31d#0:OK-t1. Peer's state: 2ccab0b5-4479-416a-9931-5373164cc31d@group-05E598691DA2:t1, leader=null, voted=6aa02a95-f8ab-442c-9ba0-fd232060c81a, raftlog=2ccab0b5-4479-416a-9931-5373164cc31d@group-05E598691DA2-SegmentedRaftLog:OPENED:c-1, conf=-1: [6aa02a95-f8ab-442c-9ba0-fd232060c81a|rpc:10.1.0.37:41563|priority:0, 2ccab0b5-4479-416a-9931-5373164cc31d|rpc:10.1.0.37:41069|priority:0, 37eb1d61-39bb-4850-ab96-a7546aa7d2af|rpc:10.1.0.37:34927|priority:1], old=null
2022-02-24 16:55:55,591 [grpc-default-executor-3] INFO  server.RaftServer$Division (RaftServerImpl.java:requestVote(1046)) - 37eb1d61-39bb-4850-ab96-a7546aa7d2af@group-05E598691DA2: receive requestVote(ELECTION, 6aa02a95-f8ab-442c-9ba0-fd232060c81a, group-05E598691DA2, 1, (t:0, i:0))
2022-02-24 16:55:55,592 [grpc-default-executor-3] INFO  impl.VoteContext (VoteContext.java:log(48)) - 37eb1d61-39bb-4850-ab96-a7546aa7d2af@group-05E598691DA2-FOLLOWER: reject ELECTION from 6aa02a95-f8ab-442c-9ba0-fd232060c81a: our priority 1 > candidate's priority 0
2022-02-24 16:55:55,592 [grpc-default-executor-3] INFO  server.RaftServer$Division (RaftServerImpl.java:setRole(290)) - 37eb1d61-39bb-4850-ab96-a7546aa7d2af@group-05E598691DA2: changes role from  FOLLOWER to FOLLOWER at term 1 for candidate:6aa02a95-f8ab-442c-9ba0-fd232060c81a
2022-02-24 16:55:55,592 [grpc-default-executor-3] INFO  impl.RoleInfo (RoleInfo.java:shutdownFollowerState(108)) - 37eb1d61-39bb-4850-ab96-a7546aa7d2af: shutdown 37eb1d61-39bb-4850-ab96-a7546aa7d2af@group-05E598691DA2-FollowerState
2022-02-24 16:55:55,592 [grpc-default-executor-3] INFO  impl.RoleInfo (RoleInfo.java:updateAndGet(130)) - 37eb1d61-39bb-4850-ab96-a7546aa7d2af: start 37eb1d61-39bb-4850-ab96-a7546aa7d2af@group-05E598691DA2-FollowerState
2022-02-24 16:55:55,592 [37eb1d61-39bb-4850-ab96-a7546aa7d2af@group-05E598691DA2-FollowerState] INFO  impl.FollowerState (FollowerState.java:run(143)) - 37eb1d61-39bb-4850-ab96-a7546aa7d2af@group-05E598691DA2-FollowerState was interrupted: {}
java.lang.InterruptedException: sleep interrupted
	at java.lang.Thread.sleep(Native Method)
	at java.lang.Thread.sleep(Thread.java:342)
	at java.util.concurrent.TimeUnit.sleep(TimeUnit.java:386)
	at org.apache.ratis.util.TimeDuration.sleep(TimeDuration.java:324)
	at org.apache.ratis.util.TimeDuration.sleep(TimeDuration.java:309)
	at org.apache.ratis.server.impl.FollowerState.run(FollowerState.java:118)
2022-02-24 16:55:55,608 [2ccab0b5-4479-416a-9931-5373164cc31d@group-05E598691DA2-LeaderElection53] INFO  impl.LeaderElection (LeaderElection.java:run(230)) - 2ccab0b5-4479-416a-9931-5373164cc31d@group-05E598691DA2-LeaderElection53: skip running since this is already CLOSING
2022-02-24 16:55:55,611 [grpc-default-executor-3] INFO  server.RaftServer$Division (RaftServerImpl.java:requestVote(1078)) - 37eb1d61-39bb-4850-ab96-a7546aa7d2af@group-05E598691DA2 replies to ELECTION vote request: 6aa02a95-f8ab-442c-9ba0-fd232060c81a<-37eb1d61-39bb-4850-ab96-a7546aa7d2af#0:FAIL-t1. Peer's state: 37eb1d61-39bb-4850-ab96-a7546aa7d2af@group-05E598691DA2:t1, leader=null, voted=null, raftlog=37eb1d61-39bb-4850-ab96-a7546aa7d2af@group-05E598691DA2-SegmentedRaftLog:OPENED:c-1, conf=-1: [6aa02a95-f8ab-442c-9ba0-fd232060c81a|rpc:10.1.0.37:41563|dataStream:|priority:0, 2ccab0b5-4479-416a-9931-5373164cc31d|rpc:10.1.0.37:41069|dataStream:|priority:0, 37eb1d61-39bb-4850-ab96-a7546aa7d2af|rpc:10.1.0.37:34927|dataStream:|priority:1], old=null
2022-02-24 16:55:55,643 [6aa02a95-f8ab-442c-9ba0-fd232060c81a@group-05E598691DA2-LeaderElection52] INFO  impl.LeaderElection (LeaderElection.java:logAndReturn(89)) - 6aa02a95-f8ab-442c-9ba0-fd232060c81a@group-05E598691DA2-LeaderElection52: ELECTION REJECTED received 2 response(s) and 0 exception(s):
2022-02-24 16:55:55,643 [6aa02a95-f8ab-442c-9ba0-fd232060c81a@group-05E598691DA2-LeaderElection52] INFO  impl.LeaderElection (LeaderElection.java:logAndReturn(93)) -   Response 0: 6aa02a95-f8ab-442c-9ba0-fd232060c81a<-2ccab0b5-4479-416a-9931-5373164cc31d#0:OK-t1
2022-02-24 16:55:55,643 [6aa02a95-f8ab-442c-9ba0-fd232060c81a@group-05E598691DA2-LeaderElection52] INFO  impl.LeaderElection (LeaderElection.java:logAndReturn(93)) -   Response 1: 6aa02a95-f8ab-442c-9ba0-fd232060c81a<-37eb1d61-39bb-4850-ab96-a7546aa7d2af#0:FAIL-t1
2022-02-24 16:55:55,643 [6aa02a95-f8ab-442c-9ba0-fd232060c81a@group-05E598691DA2-LeaderElection52] INFO  impl.LeaderElection (LeaderElection.java:askForVotes(308)) - 6aa02a95-f8ab-442c-9ba0-fd232060c81a@group-05E598691DA2-LeaderElection52 ELECTION round 0: result REJECTED
2022-02-24 16:55:55,643 [6aa02a95-f8ab-442c-9ba0-fd232060c81a@group-05E598691DA2-LeaderElection52] INFO  server.RaftServer$Division (RaftServerImpl.java:setRole(290)) - 6aa02a95-f8ab-442c-9ba0-fd232060c81a@group-05E598691DA2: changes role from CANDIDATE to FOLLOWER at term 1 for REJECTED
2022-02-24 16:55:55,643 [6aa02a95-f8ab-442c-9ba0-fd232060c81a@group-05E598691DA2-LeaderElection52] INFO  impl.RoleInfo (RoleInfo.java:shutdownLeaderElection(121)) - 6aa02a95-f8ab-442c-9ba0-fd232060c81a: shutdown 6aa02a95-f8ab-442c-9ba0-fd232060c81a@group-05E598691DA2-LeaderElection52
2022-02-24 16:55:55,643 [6aa02a95-f8ab-442c-9ba0-fd232060c81a@group-05E598691DA2-LeaderElection52] INFO  impl.RoleInfo (RoleInfo.java:updateAndGet(130)) - 6aa02a95-f8ab-442c-9ba0-fd232060c81a: start 6aa02a95-f8ab-442c-9ba0-fd232060c81a@group-05E598691DA2-FollowerState
2022-02-24 16:55:55,726 [6aa02a95-f8ab-442c-9ba0-fd232060c81a@group-56B0A5BD8601-FollowerState] INFO  impl.FollowerState (FollowerState.java:run(134)) - 6aa02a95-f8ab-442c-9ba0-fd232060c81a@group-56B0A5BD8601-FollowerState: change to CANDIDATE, lastRpcElapsedTime:5100309569ns, electionTimeout:5059ms
2022-02-24 16:55:55,726 [6aa02a95-f8ab-442c-9ba0-fd232060c81a@group-56B0A5BD8601-FollowerState] INFO  impl.RoleInfo (RoleInfo.java:shutdownFollowerState(108)) - 6aa02a95-f8ab-442c-9ba0-fd232060c81a: shutdown 6aa02a95-f8ab-442c-9ba0-fd232060c81a@group-56B0A5BD8601-FollowerState
2022-02-24 16:55:55,726 [6aa02a95-f8ab-442c-9ba0-fd232060c81a@group-56B0A5BD8601-FollowerState] INFO  server.RaftServer$Division (RaftServerImpl.java:setRole(290)) - 6aa02a95-f8ab-442c-9ba0-fd232060c81a@group-56B0A5BD8601: changes role from  FOLLOWER to CANDIDATE at term 0 for changeToCandidate
2022-02-24 16:55:55,726 [6aa02a95-f8ab-442c-9ba0-fd232060c81a@group-56B0A5BD8601-FollowerState] INFO  server.RaftServerConfigKeys (ConfUtils.java:logGet(44)) - raft.server.leaderelection.pre-vote = false (custom)
2022-02-24 16:55:55,726 [6aa02a95-f8ab-442c-9ba0-fd232060c81a@group-56B0A5BD8601-FollowerState] INFO  impl.RoleInfo (RoleInfo.java:updateAndGet(130)) - 6aa02a95-f8ab-442c-9ba0-fd232060c81a: start 6aa02a95-f8ab-442c-9ba0-fd232060c81a@group-56B0A5BD8601-LeaderElection54
2022-02-24 16:55:55,739 [6aa02a95-f8ab-442c-9ba0-fd232060c81a@group-56B0A5BD8601-LeaderElection54] INFO  impl.LeaderElection (LeaderElection.java:askForVotes(306)) - 6aa02a95-f8ab-442c-9ba0-fd232060c81a@group-56B0A5BD8601-LeaderElection54 ELECTION round 0: submit vote requests at term 1 for -1: [6aa02a95-f8ab-442c-9ba0-fd232060c81a|rpc:10.1.0.37:41563|priority:1], old=null
2022-02-24 16:55:55,739 [6aa02a95-f8ab-442c-9ba0-fd232060c81a@group-56B0A5BD8601-LeaderElection54] INFO  impl.LeaderElection (LeaderElection.java:askForVotes(308)) - 6aa02a95-f8ab-442c-9ba0-fd232060c81a@group-56B0A5BD8601-LeaderElection54 ELECTION round 0: result PASSED (term=1)
2022-02-24 16:55:55,739 [6aa02a95-f8ab-442c-9ba0-fd232060c81a@group-56B0A5BD8601-LeaderElection54] INFO  impl.RoleInfo (RoleInfo.java:shutdownLeaderElection(121)) - 6aa02a95-f8ab-442c-9ba0-fd232060c81a: shutdown 6aa02a95-f8ab-442c-9ba0-fd232060c81a@group-56B0A5BD8601-LeaderElection54
2022-02-24 16:55:55,739 [6aa02a95-f8ab-442c-9ba0-fd232060c81a@group-56B0A5BD8601-LeaderElection54] INFO  server.RaftServer$Division (RaftServerImpl.java:setRole(290)) - 6aa02a95-f8ab-442c-9ba0-fd232060c81a@group-56B0A5BD8601: changes role from CANDIDATE to LEADER at term 1 for changeToLeader
2022-02-24 16:55:55,739 [6aa02a95-f8ab-442c-9ba0-fd232060c81a@group-56B0A5BD8601-LeaderElection54] INFO  ratis.XceiverServerRatis (XceiverServerRatis.java:handleLeaderChangedNotification(867)) - Leader change notification received for group: group-56B0A5BD8601 with new leaderId: 6aa02a95-f8ab-442c-9ba0-fd232060c81a
2022-02-24 16:55:55,744 [6aa02a95-f8ab-442c-9ba0-fd232060c81a@group-56B0A5BD8601-LeaderElection54] INFO  server.RaftServer$Division (ServerState.java:setLeader(285)) - 6aa02a95-f8ab-442c-9ba0-fd232060c81a@group-56B0A5BD8601: change Leader from null to 6aa02a95-f8ab-442c-9ba0-fd232060c81a at term 1 for becomeLeader, leader elected after 5163ms
2022-02-24 16:55:55,744 [6aa02a95-f8ab-442c-9ba0-fd232060c81a@group-56B0A5BD8601-LeaderElection54] INFO  server.RaftServerConfigKeys (ConfUtils.java:logGet(44)) - raft.server.staging.catchup.gap = 1000 (default)
2022-02-24 16:55:55,744 [6aa02a95-f8ab-442c-9ba0-fd232060c81a@group-56B0A5BD8601-LeaderElection54] INFO  server.RaftServerConfigKeys (ConfUtils.java:logGet(44)) - raft.server.write.element-limit = 1024 (custom)
2022-02-24 16:55:55,744 [6aa02a95-f8ab-442c-9ba0-fd232060c81a@group-56B0A5BD8601-LeaderElection54] INFO  server.RaftServerConfigKeys (ConfUtils.java:logGet(44)) - raft.server.write.byte-limit = 1024 M (=1073741824) (custom)
2022-02-24 16:55:55,750 [6aa02a95-f8ab-442c-9ba0-fd232060c81a@group-56B0A5BD8601-LeaderElection54] INFO  server.RaftServerConfigKeys (ConfUtils.java:logGet(44)) - raft.server.watch.timeout = 3000ms (custom)
2022-02-24 16:55:55,750 [6aa02a95-f8ab-442c-9ba0-fd232060c81a@group-56B0A5BD8601-LeaderElection54] INFO  server.RaftServerConfigKeys (ConfUtils.java:logGet(44)) - raft.server.watch.timeout.denomination = 1s (default)
2022-02-24 16:55:55,751 [6aa02a95-f8ab-442c-9ba0-fd232060c81a@group-56B0A5BD8601-LeaderElection54] INFO  server.RaftServerConfigKeys (ConfUtils.java:logGet(44)) - raft.server.watch.element-limit = 65536 (default)
2022-02-24 16:55:55,751 [6aa02a95-f8ab-442c-9ba0-fd232060c81a@group-56B0A5BD8601-LeaderElection54] INFO  server.RaftServerConfigKeys (ConfUtils.java:logGet(44)) - raft.server.write.element-limit = 1024 (custom)
2022-02-24 16:55:55,751 [6aa02a95-f8ab-442c-9ba0-fd232060c81a@group-56B0A5BD8601-LeaderElection54] INFO  server.RaftServerConfigKeys (ConfUtils.java:logGet(44)) - raft.server.write.follower.gap.ratio.max = -1.0 (default)
2022-02-24 16:55:55,751 [6aa02a95-f8ab-442c-9ba0-fd232060c81a@group-56B0A5BD8601-LeaderElection54] INFO  impl.RoleInfo (RoleInfo.java:updateAndGet(130)) - 6aa02a95-f8ab-442c-9ba0-fd232060c81a: start 6aa02a95-f8ab-442c-9ba0-fd232060c81a@group-56B0A5BD8601-LeaderStateImpl
2022-02-24 16:55:55,751 [6aa02a95-f8ab-442c-9ba0-fd232060c81a@group-56B0A5BD8601-LeaderElection54] INFO  segmented.SegmentedRaftLogWorker (SegmentedRaftLogWorker.java:startLogSegment(394)) - 6aa02a95-f8ab-442c-9ba0-fd232060c81a@group-56B0A5BD8601-SegmentedRaftLogWorker: Starting segment from index:0
2022-02-24 16:55:55,758 [6aa02a95-f8ab-442c-9ba0-fd232060c81a@group-56B0A5BD8601-SegmentedRaftLogWorker] INFO  segmented.SegmentedRaftLogWorker (SegmentedRaftLogWorker.java:execute(601)) - 6aa02a95-f8ab-442c-9ba0-fd232060c81a@group-56B0A5BD8601-SegmentedRaftLogWorker: created new log segment /home/runner/work/ozone/ozone/hadoop-ozone/integration-test/target/test-dir/MiniOzoneClusterImpl-a9e0dedd-d836-4895-9472-52c2256152d3/datanode-4/data/ratis/86cbf4e9-b0db-4937-96de-56b0a5bd8601/current/log_inprogress_0
2022-02-24 16:55:55,773 [2ccab0b5-4479-416a-9931-5373164cc31d@group-00F5C2898BFA-FollowerState] INFO  impl.FollowerState (FollowerState.java:run(134)) - 2ccab0b5-4479-416a-9931-5373164cc31d@group-00F5C2898BFA-FollowerState: change to CANDIDATE, lastRpcElapsedTime:5069607197ns, electionTimeout:5059ms
2022-02-24 16:55:55,773 [2ccab0b5-4479-416a-9931-5373164cc31d@group-00F5C2898BFA-FollowerState] INFO  impl.RoleInfo (RoleInfo.java:shutdownFollowerState(108)) - 2ccab0b5-4479-416a-9931-5373164cc31d: shutdown 2ccab0b5-4479-416a-9931-5373164cc31d@group-00F5C2898BFA-FollowerState
2022-02-24 16:55:55,774 [2ccab0b5-4479-416a-9931-5373164cc31d@group-00F5C2898BFA-FollowerState] INFO  server.RaftServer$Division (RaftServerImpl.java:setRole(290)) - 2ccab0b5-4479-416a-9931-5373164cc31d@group-00F5C2898BFA: changes role from  FOLLOWER to CANDIDATE at term 0 for changeToCandidate
2022-02-24 16:55:55,774 [2ccab0b5-4479-416a-9931-5373164cc31d@group-00F5C2898BFA-FollowerState] INFO  server.RaftServerConfigKeys (ConfUtils.java:logGet(44)) - raft.server.leaderelection.pre-vote = false (custom)
2022-02-24 16:55:55,774 [2ccab0b5-4479-416a-9931-5373164cc31d@group-00F5C2898BFA-FollowerState] INFO  impl.RoleInfo (RoleInfo.java:updateAndGet(130)) - 2ccab0b5-4479-416a-9931-5373164cc31d: start 2ccab0b5-4479-416a-9931-5373164cc31d@group-00F5C2898BFA-LeaderElection55
2022-02-24 16:55:55,783 [6aa02a95-f8ab-442c-9ba0-fd232060c81a@group-56B0A5BD8601-LeaderElection54] INFO  server.RaftServer$Division (ServerState.java:setRaftConf(387)) - 6aa02a95-f8ab-442c-9ba0-fd232060c81a@group-56B0A5BD8601: set configuration 0: [6aa02a95-f8ab-442c-9ba0-fd232060c81a|rpc:10.1.0.37:41563|dataStream:|priority:1], old=null
2022-02-24 16:55:55,800 [2ccab0b5-4479-416a-9931-5373164cc31d@group-00F5C2898BFA-LeaderElection55] INFO  impl.LeaderElection (LeaderElection.java:askForVotes(306)) - 2ccab0b5-4479-416a-9931-5373164cc31d@group-00F5C2898BFA-LeaderElection55 ELECTION round 0: submit vote requests at term 1 for -1: [2ccab0b5-4479-416a-9931-5373164cc31d|rpc:10.1.0.37:41069|priority:1, 6aa02a95-f8ab-442c-9ba0-fd232060c81a|rpc:10.1.0.37:41563|priority:0, 37eb1d61-39bb-4850-ab96-a7546aa7d2af|rpc:10.1.0.37:34927|priority:0], old=null
2022-02-24 16:55:55,814 [grpc-default-executor-3] INFO  server.RaftServer$Division (RaftServerImpl.java:requestVote(1046)) - 6aa02a95-f8ab-442c-9ba0-fd232060c81a@group-00F5C2898BFA: receive requestVote(ELECTION, 2ccab0b5-4479-416a-9931-5373164cc31d, group-00F5C2898BFA, 1, (t:0, i:0))
2022-02-24 16:55:55,814 [grpc-default-executor-3] INFO  impl.VoteContext (VoteContext.java:log(48)) - 6aa02a95-f8ab-442c-9ba0-fd232060c81a@group-00F5C2898BFA-FOLLOWER: accept ELECTION from 2ccab0b5-4479-416a-9931-5373164cc31d: our priority 0 <= candidate's priority 1
2022-02-24 16:55:55,814 [grpc-default-executor-3] INFO  server.RaftServer$Division (RaftServerImpl.java:setRole(290)) - 6aa02a95-f8ab-442c-9ba0-fd232060c81a@group-00F5C2898BFA: changes role from  FOLLOWER to FOLLOWER at term 1 for candidate:2ccab0b5-4479-416a-9931-5373164cc31d
2022-02-24 16:55:55,814 [grpc-default-executor-3] INFO  impl.RoleInfo (RoleInfo.java:shutdownFollowerState(108)) - 6aa02a95-f8ab-442c-9ba0-fd232060c81a: shutdown 6aa02a95-f8ab-442c-9ba0-fd232060c81a@group-00F5C2898BFA-FollowerState
2022-02-24 16:55:55,823 [6aa02a95-f8ab-442c-9ba0-fd232060c81a@group-00F5C2898BFA-FollowerState] INFO  impl.FollowerState (FollowerState.java:run(143)) - 6aa02a95-f8ab-442c-9ba0-fd232060c81a@group-00F5C2898BFA-FollowerState was interrupted: {}
java.lang.InterruptedException: sleep interrupted
	at java.lang.Thread.sleep(Native Method)
	at java.lang.Thread.sleep(Thread.java:342)
	at java.util.concurrent.TimeUnit.sleep(TimeUnit.java:386)
	at org.apache.ratis.util.TimeDuration.sleep(TimeDuration.java:324)
	at org.apache.ratis.util.TimeDuration.sleep(TimeDuration.java:309)
	at org.apache.ratis.server.impl.FollowerState.run(FollowerState.java:118)
2022-02-24 16:55:55,823 [grpc-default-executor-3] INFO  impl.RoleInfo (RoleInfo.java:updateAndGet(130)) - 6aa02a95-f8ab-442c-9ba0-fd232060c81a: start 6aa02a95-f8ab-442c-9ba0-fd232060c81a@group-00F5C2898BFA-FollowerState
2022-02-24 16:55:55,827 [grpc-default-executor-4] INFO  server.RaftServer$Division (RaftServerImpl.java:requestVote(1046)) - 37eb1d61-39bb-4850-ab96-a7546aa7d2af@group-00F5C2898BFA: receive requestVote(ELECTION, 2ccab0b5-4479-416a-9931-5373164cc31d, group-00F5C2898BFA, 1, (t:0, i:0))
2022-02-24 16:55:55,827 [grpc-default-executor-4] INFO  impl.VoteContext (VoteContext.java:log(48)) - 37eb1d61-39bb-4850-ab96-a7546aa7d2af@group-00F5C2898BFA-FOLLOWER: accept ELECTION from 2ccab0b5-4479-416a-9931-5373164cc31d: our priority 0 <= candidate's priority 1
2022-02-24 16:55:55,827 [grpc-default-executor-4] INFO  server.RaftServer$Division (RaftServerImpl.java:setRole(290)) - 37eb1d61-39bb-4850-ab96-a7546aa7d2af@group-00F5C2898BFA: changes role from  FOLLOWER to FOLLOWER at term 1 for candidate:2ccab0b5-4479-416a-9931-5373164cc31d
2022-02-24 16:55:55,828 [grpc-default-executor-4] INFO  impl.RoleInfo (RoleInfo.java:shutdownFollowerState(108)) - 37eb1d61-39bb-4850-ab96-a7546aa7d2af: shutdown 37eb1d61-39bb-4850-ab96-a7546aa7d2af@group-00F5C2898BFA-FollowerState
2022-02-24 16:55:55,834 [grpc-default-executor-4] INFO  impl.RoleInfo (RoleInfo.java:updateAndGet(130)) - 37eb1d61-39bb-4850-ab96-a7546aa7d2af: start 37eb1d61-39bb-4850-ab96-a7546aa7d2af@group-00F5C2898BFA-FollowerState
2022-02-24 16:55:55,834 [37eb1d61-39bb-4850-ab96-a7546aa7d2af@group-00F5C2898BFA-FollowerState] INFO  impl.FollowerState (FollowerState.java:run(143)) - 37eb1d61-39bb-4850-ab96-a7546aa7d2af@group-00F5C2898BFA-FollowerState was interrupted: {}
java.lang.InterruptedException: sleep interrupted
	at java.lang.Thread.sleep(Native Method)
	at java.lang.Thread.sleep(Thread.java:342)
	at java.util.concurrent.TimeUnit.sleep(TimeUnit.java:386)
	at org.apache.ratis.util.TimeDuration.sleep(TimeDuration.java:324)
	at org.apache.ratis.util.TimeDuration.sleep(TimeDuration.java:309)
	at org.apache.ratis.server.impl.FollowerState.run(FollowerState.java:118)
2022-02-24 16:55:55,836 [grpc-default-executor-3] INFO  server.RaftServer$Division (RaftServerImpl.java:requestVote(1078)) - 6aa02a95-f8ab-442c-9ba0-fd232060c81a@group-00F5C2898BFA replies to ELECTION vote request: 2ccab0b5-4479-416a-9931-5373164cc31d<-6aa02a95-f8ab-442c-9ba0-fd232060c81a#0:OK-t1. Peer's state: 6aa02a95-f8ab-442c-9ba0-fd232060c81a@group-00F5C2898BFA:t1, leader=null, voted=2ccab0b5-4479-416a-9931-5373164cc31d, raftlog=6aa02a95-f8ab-442c-9ba0-fd232060c81a@group-00F5C2898BFA-SegmentedRaftLog:OPENED:c-1, conf=-1: [2ccab0b5-4479-416a-9931-5373164cc31d|rpc:10.1.0.37:41069|priority:1, 6aa02a95-f8ab-442c-9ba0-fd232060c81a|rpc:10.1.0.37:41563|priority:0, 37eb1d61-39bb-4850-ab96-a7546aa7d2af|rpc:10.1.0.37:34927|priority:0], old=null
2022-02-24 16:55:55,851 [2ccab0b5-4479-416a-9931-5373164cc31d@group-00F5C2898BFA-LeaderElection55] INFO  impl.LeaderElection (LeaderElection.java:logAndReturn(89)) - 2ccab0b5-4479-416a-9931-5373164cc31d@group-00F5C2898BFA-LeaderElection55: ELECTION PASSED received 1 response(s) and 0 exception(s):
2022-02-24 16:55:55,851 [2ccab0b5-4479-416a-9931-5373164cc31d@group-00F5C2898BFA-LeaderElection55] INFO  impl.LeaderElection (LeaderElection.java:logAndReturn(93)) -   Response 0: 2ccab0b5-4479-416a-9931-5373164cc31d<-6aa02a95-f8ab-442c-9ba0-fd232060c81a#0:OK-t1
2022-02-24 16:55:55,851 [2ccab0b5-4479-416a-9931-5373164cc31d@group-00F5C2898BFA-LeaderElection55] INFO  impl.LeaderElection (LeaderElection.java:askForVotes(308)) - 2ccab0b5-4479-416a-9931-5373164cc31d@group-00F5C2898BFA-LeaderElection55 ELECTION round 0: result PASSED
2022-02-24 16:55:55,851 [2ccab0b5-4479-416a-9931-5373164cc31d@group-00F5C2898BFA-LeaderElection55] INFO  impl.RoleInfo (RoleInfo.java:shutdownLeaderElection(121)) - 2ccab0b5-4479-416a-9931-5373164cc31d: shutdown 2ccab0b5-4479-416a-9931-5373164cc31d@group-00F5C2898BFA-LeaderElection55
2022-02-24 16:55:55,851 [2ccab0b5-4479-416a-9931-5373164cc31d@group-00F5C2898BFA-LeaderElection55] INFO  server.RaftServer$Division (RaftServerImpl.java:setRole(290)) - 2ccab0b5-4479-416a-9931-5373164cc31d@group-00F5C2898BFA: changes role from CANDIDATE to LEADER at term 1 for changeToLeader
2022-02-24 16:55:55,852 [2ccab0b5-4479-416a-9931-5373164cc31d@group-00F5C2898BFA-LeaderElection55] INFO  ratis.XceiverServerRatis (XceiverServerRatis.java:handleLeaderChangedNotification(867)) - Leader change notification received for group: group-00F5C2898BFA with new leaderId: 2ccab0b5-4479-416a-9931-5373164cc31d
2022-02-24 16:55:55,852 [2ccab0b5-4479-416a-9931-5373164cc31d@group-00F5C2898BFA-LeaderElection55] INFO  server.RaftServer$Division (ServerState.java:setLeader(285)) - 2ccab0b5-4479-416a-9931-5373164cc31d@group-00F5C2898BFA: change Leader from null to 2ccab0b5-4479-416a-9931-5373164cc31d at term 1 for becomeLeader, leader elected after 5181ms
2022-02-24 16:55:55,852 [2ccab0b5-4479-416a-9931-5373164cc31d@group-00F5C2898BFA-LeaderElection55] INFO  server.RaftServerConfigKeys (ConfUtils.java:logGet(44)) - raft.server.staging.catchup.gap = 1000 (default)
2022-02-24 16:55:55,852 [2ccab0b5-4479-416a-9931-5373164cc31d@group-00F5C2898BFA-LeaderElection55] INFO  server.RaftServerConfigKeys (ConfUtils.java:logGet(44)) - raft.server.write.element-limit = 1024 (custom)
2022-02-24 16:55:55,852 [2ccab0b5-4479-416a-9931-5373164cc31d@group-00F5C2898BFA-LeaderElection55] INFO  server.RaftServerConfigKeys (ConfUtils.java:logGet(44)) - raft.server.write.byte-limit = 1024 M (=1073741824) (custom)
2022-02-24 16:55:55,852 [2ccab0b5-4479-416a-9931-5373164cc31d@group-00F5C2898BFA-LeaderElection55] INFO  server.RaftServerConfigKeys (ConfUtils.java:logGet(44)) - raft.server.watch.timeout = 3000ms (custom)
2022-02-24 16:55:55,852 [2ccab0b5-4479-416a-9931-5373164cc31d@group-00F5C2898BFA-LeaderElection55] INFO  server.RaftServerConfigKeys (ConfUtils.java:logGet(44)) - raft.server.watch.timeout.denomination = 1s (default)
2022-02-24 16:55:55,852 [2ccab0b5-4479-416a-9931-5373164cc31d@group-00F5C2898BFA-LeaderElection55] INFO  server.RaftServerConfigKeys (ConfUtils.java:logGet(44)) - raft.server.watch.element-limit = 65536 (default)
2022-02-24 16:55:55,852 [2ccab0b5-4479-416a-9931-5373164cc31d@group-00F5C2898BFA-LeaderElection55] INFO  server.RaftServerConfigKeys (ConfUtils.java:logGet(44)) - raft.server.write.element-limit = 1024 (custom)
2022-02-24 16:55:55,852 [2ccab0b5-4479-416a-9931-5373164cc31d@group-00F5C2898BFA-LeaderElection55] INFO  server.RaftServerConfigKeys (ConfUtils.java:logGet(44)) - raft.server.write.follower.gap.ratio.max = -1.0 (default)
2022-02-24 16:55:55,853 [2ccab0b5-4479-416a-9931-5373164cc31d@group-00F5C2898BFA-LeaderElection55] INFO  server.RaftServerConfigKeys (ConfUtils.java:logGet(44)) - raft.server.log.appender.snapshot.chunk.size.max = 16MB (=16777216) (default)
2022-02-24 16:55:55,853 [2ccab0b5-4479-416a-9931-5373164cc31d@group-00F5C2898BFA-LeaderElection55] INFO  server.RaftServerConfigKeys (ConfUtils.java:logGet(44)) - raft.server.log.appender.buffer.byte-limit = 33554432 (custom)
2022-02-24 16:55:55,853 [2ccab0b5-4479-416a-9931-5373164cc31d@group-00F5C2898BFA-LeaderElection55] INFO  server.RaftServerConfigKeys (ConfUtils.java:logGet(44)) - raft.server.log.appender.buffer.element-limit = 1 (custom)
2022-02-24 16:55:55,853 [2ccab0b5-4479-416a-9931-5373164cc31d@group-00F5C2898BFA-LeaderElection55] INFO  grpc.GrpcConfigKeys (ConfUtils.java:logGet(44)) - raft.grpc.server.leader.outstanding.appends.max = 128 (default)
2022-02-24 16:55:55,853 [2ccab0b5-4479-416a-9931-5373164cc31d@group-00F5C2898BFA-LeaderElection55] INFO  server.RaftServerConfigKeys (ConfUtils.java:logGet(44)) - raft.server.rpc.request.timeout = 3000ms (default)
2022-02-24 16:55:55,853 [2ccab0b5-4479-416a-9931-5373164cc31d@group-00F5C2898BFA-LeaderElection55] INFO  server.RaftServerConfigKeys (ConfUtils.java:logGet(44)) - raft.server.log.appender.install.snapshot.enabled = false (custom)
2022-02-24 16:55:55,854 [2ccab0b5-4479-416a-9931-5373164cc31d@group-00F5C2898BFA-LeaderElection55] INFO  server.RaftServerConfigKeys (ConfUtils.java:logGet(44)) - raft.server.log.appender.snapshot.chunk.size.max = 16MB (=16777216) (default)
2022-02-24 16:55:55,854 [2ccab0b5-4479-416a-9931-5373164cc31d@group-00F5C2898BFA-LeaderElection55] INFO  server.RaftServerConfigKeys (ConfUtils.java:logGet(44)) - raft.server.log.appender.buffer.byte-limit = 33554432 (custom)
2022-02-24 16:55:55,854 [2ccab0b5-4479-416a-9931-5373164cc31d@group-00F5C2898BFA-LeaderElection55] INFO  server.RaftServerConfigKeys (ConfUtils.java:logGet(44)) - raft.server.log.appender.buffer.element-limit = 1 (custom)
2022-02-24 16:55:55,855 [2ccab0b5-4479-416a-9931-5373164cc31d@group-00F5C2898BFA-LeaderElection55] INFO  grpc.GrpcConfigKeys (ConfUtils.java:logGet(44)) - raft.grpc.server.leader.outstanding.appends.max = 128 (default)
2022-02-24 16:55:55,855 [2ccab0b5-4479-416a-9931-5373164cc31d@group-00F5C2898BFA-LeaderElection55] INFO  server.RaftServerConfigKeys (ConfUtils.java:logGet(44)) - raft.server.rpc.request.timeout = 3000ms (default)
2022-02-24 16:55:55,855 [grpc-default-executor-4] INFO  server.RaftServer$Division (RaftServerImpl.java:requestVote(1078)) - 37eb1d61-39bb-4850-ab96-a7546aa7d2af@group-00F5C2898BFA replies to ELECTION vote request: 2ccab0b5-4479-416a-9931-5373164cc31d<-37eb1d61-39bb-4850-ab96-a7546aa7d2af#0:OK-t1. Peer's state: 37eb1d61-39bb-4850-ab96-a7546aa7d2af@group-00F5C2898BFA:t1, leader=null, voted=2ccab0b5-4479-416a-9931-5373164cc31d, raftlog=37eb1d61-39bb-4850-ab96-a7546aa7d2af@group-00F5C2898BFA-SegmentedRaftLog:OPENED:c-1, conf=-1: [2ccab0b5-4479-416a-9931-5373164cc31d|rpc:10.1.0.37:41069|dataStream:|priority:1, 6aa02a95-f8ab-442c-9ba0-fd232060c81a|rpc:10.1.0.37:41563|dataStream:|priority:0, 37eb1d61-39bb-4850-ab96-a7546aa7d2af|rpc:10.1.0.37:34927|dataStream:|priority:0], old=null
2022-02-24 16:55:55,855 [EventQueue-PipelineReportForPipelineReportHandler] INFO  pipeline.PipelineManagerImpl (PipelineManagerImpl.java:openPipeline(291)) - Pipeline Pipeline[ Id: cb254f30-eede-410a-88df-00f5c2898bfa, Nodes: 2ccab0b5-4479-416a-9931-5373164cc31d{ip: 10.1.0.37, host: fv-az59-243.csjynl4pkq3e1pkirw3ssqjfoh.cx.internal.cloudapp.net, ports: [REPLICATION=38827, RATIS=41069, RATIS_ADMIN=41069, RATIS_SERVER=41069, STANDALONE=35309], networkLocation: /default-rack, certSerialId: null, persistedOpState: IN_SERVICE, persistedOpStateExpiryEpochSec: 0}37eb1d61-39bb-4850-ab96-a7546aa7d2af{ip: 10.1.0.37, host: fv-az59-243.csjynl4pkq3e1pkirw3ssqjfoh.cx.internal.cloudapp.net, ports: [REPLICATION=45025, RATIS=34927, RATIS_ADMIN=34927, RATIS_SERVER=34927, STANDALONE=33481], networkLocation: /default-rack, certSerialId: null, persistedOpState: IN_SERVICE, persistedOpStateExpiryEpochSec: 0}6aa02a95-f8ab-442c-9ba0-fd232060c81a{ip: 10.1.0.37, host: fv-az59-243.csjynl4pkq3e1pkirw3ssqjfoh.cx.internal.cloudapp.net, ports: [REPLICATION=40825, RATIS=41563, RATIS_ADMIN=41563, RATIS_SERVER=41563, STANDALONE=35321], networkLocation: /default-rack, certSerialId: null, persistedOpState: IN_SERVICE, persistedOpStateExpiryEpochSec: 0}, ReplicationConfig: RATIS/THREE, State:ALLOCATED, leaderId:2ccab0b5-4479-416a-9931-5373164cc31d, CreationTimestamp2022-02-24T16:55:48.188Z[Etc/UTC]] moved to OPEN state
2022-02-24 16:55:55,856 [2ccab0b5-4479-416a-9931-5373164cc31d@group-00F5C2898BFA-LeaderElection55] INFO  server.RaftServerConfigKeys (ConfUtils.java:logGet(44)) - raft.server.log.appender.install.snapshot.enabled = false (custom)
2022-02-24 16:55:55,857 [2ccab0b5-4479-416a-9931-5373164cc31d@group-00F5C2898BFA-LeaderElection55] INFO  impl.RoleInfo (RoleInfo.java:updateAndGet(130)) - 2ccab0b5-4479-416a-9931-5373164cc31d: start 2ccab0b5-4479-416a-9931-5373164cc31d@group-00F5C2898BFA-LeaderStateImpl
2022-02-24 16:55:55,857 [2ccab0b5-4479-416a-9931-5373164cc31d@group-00F5C2898BFA-LeaderElection55] INFO  segmented.SegmentedRaftLogWorker (SegmentedRaftLogWorker.java:startLogSegment(394)) - 2ccab0b5-4479-416a-9931-5373164cc31d@group-00F5C2898BFA-SegmentedRaftLogWorker: Starting segment from index:0
2022-02-24 16:55:55,859 [2ccab0b5-4479-416a-9931-5373164cc31d@group-00F5C2898BFA-SegmentedRaftLogWorker] INFO  segmented.SegmentedRaftLogWorker (SegmentedRaftLogWorker.java:execute(601)) - 2ccab0b5-4479-416a-9931-5373164cc31d@group-00F5C2898BFA-SegmentedRaftLogWorker: created new log segment /home/runner/work/ozone/ozone/hadoop-ozone/integration-test/target/test-dir/MiniOzoneClusterImpl-a9e0dedd-d836-4895-9472-52c2256152d3/datanode-3/data/ratis/cb254f30-eede-410a-88df-00f5c2898bfa/current/log_inprogress_0
2022-02-24 16:55:55,904 [2ccab0b5-4479-416a-9931-5373164cc31d@group-00F5C2898BFA-LeaderElection55] INFO  server.RaftServer$Division (ServerState.java:setRaftConf(387)) - 2ccab0b5-4479-416a-9931-5373164cc31d@group-00F5C2898BFA: set configuration 0: [2ccab0b5-4479-416a-9931-5373164cc31d|rpc:10.1.0.37:41069|dataStream:|priority:1, 6aa02a95-f8ab-442c-9ba0-fd232060c81a|rpc:10.1.0.37:41563|dataStream:|priority:0, 37eb1d61-39bb-4850-ab96-a7546aa7d2af|rpc:10.1.0.37:34927|dataStream:|priority:0], old=null
2022-02-24 16:55:55,918 [grpc-default-executor-3] INFO  ratis.XceiverServerRatis (XceiverServerRatis.java:handleLeaderChangedNotification(867)) - Leader change notification received for group: group-00F5C2898BFA with new leaderId: 2ccab0b5-4479-416a-9931-5373164cc31d
2022-02-24 16:55:55,918 [grpc-default-executor-3] INFO  server.RaftServer$Division (ServerState.java:setLeader(285)) - 37eb1d61-39bb-4850-ab96-a7546aa7d2af@group-00F5C2898BFA: change Leader from null to 2ccab0b5-4479-416a-9931-5373164cc31d at term 1 for appendEntries, leader elected after 5142ms
2022-02-24 16:55:55,926 [grpc-default-executor-4] INFO  server.RaftServer$Division (ServerState.java:setRaftConf(387)) - 37eb1d61-39bb-4850-ab96-a7546aa7d2af@group-00F5C2898BFA: set configuration 0: [2ccab0b5-4479-416a-9931-5373164cc31d|rpc:10.1.0.37:41069|dataStream:|priority:1, 6aa02a95-f8ab-442c-9ba0-fd232060c81a|rpc:10.1.0.37:41563|dataStream:|priority:0, 37eb1d61-39bb-4850-ab96-a7546aa7d2af|rpc:10.1.0.37:34927|dataStream:|priority:0], old=null
2022-02-24 16:55:55,939 [grpc-default-executor-0] INFO  ratis.XceiverServerRatis (XceiverServerRatis.java:handleLeaderChangedNotification(867)) - Leader change notification received for group: group-00F5C2898BFA with new leaderId: 2ccab0b5-4479-416a-9931-5373164cc31d
2022-02-24 16:55:55,940 [grpc-default-executor-0] INFO  server.RaftServer$Division (ServerState.java:setLeader(285)) - 6aa02a95-f8ab-442c-9ba0-fd232060c81a@group-00F5C2898BFA: change Leader from null to 2ccab0b5-4479-416a-9931-5373164cc31d at term 1 for appendEntries, leader elected after 5270ms
2022-02-24 16:55:55,955 [grpc-default-executor-4] INFO  segmented.SegmentedRaftLogWorker (SegmentedRaftLogWorker.java:startLogSegment(394)) - 37eb1d61-39bb-4850-ab96-a7546aa7d2af@group-00F5C2898BFA-SegmentedRaftLogWorker: Starting segment from index:0
2022-02-24 16:55:55,957 [grpc-default-executor-0] INFO  server.RaftServer$Division (ServerState.java:setRaftConf(387)) - 6aa02a95-f8ab-442c-9ba0-fd232060c81a@group-00F5C2898BFA: set configuration 0: [2ccab0b5-4479-416a-9931-5373164cc31d|rpc:10.1.0.37:41069|dataStream:|priority:1, 6aa02a95-f8ab-442c-9ba0-fd232060c81a|rpc:10.1.0.37:41563|dataStream:|priority:0, 37eb1d61-39bb-4850-ab96-a7546aa7d2af|rpc:10.1.0.37:34927|dataStream:|priority:0], old=null
2022-02-24 16:55:55,966 [grpc-default-executor-0] INFO  segmented.SegmentedRaftLogWorker (SegmentedRaftLogWorker.java:startLogSegment(394)) - 6aa02a95-f8ab-442c-9ba0-fd232060c81a@group-00F5C2898BFA-SegmentedRaftLogWorker: Starting segment from index:0
2022-02-24 16:55:55,967 [6aa02a95-f8ab-442c-9ba0-fd232060c81a@group-00F5C2898BFA-SegmentedRaftLogWorker] INFO  segmented.SegmentedRaftLogWorker (SegmentedRaftLogWorker.java:execute(601)) - 6aa02a95-f8ab-442c-9ba0-fd232060c81a@group-00F5C2898BFA-SegmentedRaftLogWorker: created new log segment /home/runner/work/ozone/ozone/hadoop-ozone/integration-test/target/test-dir/MiniOzoneClusterImpl-a9e0dedd-d836-4895-9472-52c2256152d3/datanode-4/data/ratis/cb254f30-eede-410a-88df-00f5c2898bfa/current/log_inprogress_0
2022-02-24 16:55:55,967 [37eb1d61-39bb-4850-ab96-a7546aa7d2af@group-00F5C2898BFA-SegmentedRaftLogWorker] INFO  segmented.SegmentedRaftLogWorker (SegmentedRaftLogWorker.java:execute(601)) - 37eb1d61-39bb-4850-ab96-a7546aa7d2af@group-00F5C2898BFA-SegmentedRaftLogWorker: created new log segment /home/runner/work/ozone/ozone/hadoop-ozone/integration-test/target/test-dir/MiniOzoneClusterImpl-a9e0dedd-d836-4895-9472-52c2256152d3/datanode-5/data/ratis/cb254f30-eede-410a-88df-00f5c2898bfa/current/log_inprogress_0
2022-02-24 16:55:56,339 [37eb1d61-39bb-4850-ab96-a7546aa7d2af@group-DC6257889264-FollowerState] INFO  impl.FollowerState (FollowerState.java:run(134)) - 37eb1d61-39bb-4850-ab96-a7546aa7d2af@group-DC6257889264-FollowerState: change to CANDIDATE, lastRpcElapsedTime:5154030544ns, electionTimeout:5120ms
2022-02-24 16:55:56,340 [37eb1d61-39bb-4850-ab96-a7546aa7d2af@group-DC6257889264-FollowerState] INFO  impl.RoleInfo (RoleInfo.java:shutdownFollowerState(108)) - 37eb1d61-39bb-4850-ab96-a7546aa7d2af: shutdown 37eb1d61-39bb-4850-ab96-a7546aa7d2af@group-DC6257889264-FollowerState
2022-02-24 16:55:56,340 [37eb1d61-39bb-4850-ab96-a7546aa7d2af@group-DC6257889264-FollowerState] INFO  server.RaftServer$Division (RaftServerImpl.java:setRole(290)) - 37eb1d61-39bb-4850-ab96-a7546aa7d2af@group-DC6257889264: changes role from  FOLLOWER to CANDIDATE at term 0 for changeToCandidate
2022-02-24 16:55:56,341 [37eb1d61-39bb-4850-ab96-a7546aa7d2af@group-DC6257889264-FollowerState] INFO  server.RaftServerConfigKeys (ConfUtils.java:logGet(44)) - raft.server.leaderelection.pre-vote = false (custom)
2022-02-24 16:55:56,342 [37eb1d61-39bb-4850-ab96-a7546aa7d2af@group-DC6257889264-FollowerState] INFO  impl.RoleInfo (RoleInfo.java:updateAndGet(130)) - 37eb1d61-39bb-4850-ab96-a7546aa7d2af: start 37eb1d61-39bb-4850-ab96-a7546aa7d2af@group-DC6257889264-LeaderElection56
2022-02-24 16:55:56,381 [37eb1d61-39bb-4850-ab96-a7546aa7d2af@group-DC6257889264-LeaderElection56] INFO  impl.LeaderElection (LeaderElection.java:askForVotes(306)) - 37eb1d61-39bb-4850-ab96-a7546aa7d2af@group-DC6257889264-LeaderElection56 ELECTION round 0: submit vote requests at term 1 for -1: [37eb1d61-39bb-4850-ab96-a7546aa7d2af|rpc:10.1.0.37:34927|priority:1], old=null
2022-02-24 16:55:56,382 [37eb1d61-39bb-4850-ab96-a7546aa7d2af@group-DC6257889264-LeaderElection56] INFO  impl.LeaderElection (LeaderElection.java:askForVotes(308)) - 37eb1d61-39bb-4850-ab96-a7546aa7d2af@group-DC6257889264-LeaderElection56 ELECTION round 0: result PASSED (term=1)
2022-02-24 16:55:56,382 [37eb1d61-39bb-4850-ab96-a7546aa7d2af@group-DC6257889264-LeaderElection56] INFO  impl.RoleInfo (RoleInfo.java:shutdownLeaderElection(121)) - 37eb1d61-39bb-4850-ab96-a7546aa7d2af: shutdown 37eb1d61-39bb-4850-ab96-a7546aa7d2af@group-DC6257889264-LeaderElection56
2022-02-24 16:55:56,382 [37eb1d61-39bb-4850-ab96-a7546aa7d2af@group-DC6257889264-LeaderElection56] INFO  server.RaftServer$Division (RaftServerImpl.java:setRole(290)) - 37eb1d61-39bb-4850-ab96-a7546aa7d2af@group-DC6257889264: changes role from CANDIDATE to LEADER at term 1 for changeToLeader
2022-02-24 16:55:56,382 [37eb1d61-39bb-4850-ab96-a7546aa7d2af@group-DC6257889264-LeaderElection56] INFO  ratis.XceiverServerRatis (XceiverServerRatis.java:handleLeaderChangedNotification(867)) - Leader change notification received for group: group-DC6257889264 with new leaderId: 37eb1d61-39bb-4850-ab96-a7546aa7d2af
2022-02-24 16:55:56,383 [37eb1d61-39bb-4850-ab96-a7546aa7d2af@group-DC6257889264-LeaderElection56] INFO  server.RaftServer$Division (ServerState.java:setLeader(285)) - 37eb1d61-39bb-4850-ab96-a7546aa7d2af@group-DC6257889264: change Leader from null to 37eb1d61-39bb-4850-ab96-a7546aa7d2af at term 1 for becomeLeader, leader elected after 5205ms
2022-02-24 16:55:56,383 [37eb1d61-39bb-4850-ab96-a7546aa7d2af@group-DC6257889264-LeaderElection56] INFO  server.RaftServerConfigKeys (ConfUtils.java:logGet(44)) - raft.server.staging.catchup.gap = 1000 (default)
2022-02-24 16:55:56,383 [37eb1d61-39bb-4850-ab96-a7546aa7d2af@group-DC6257889264-LeaderElection56] INFO  server.RaftServerConfigKeys (ConfUtils.java:logGet(44)) - raft.server.write.element-limit = 1024 (custom)
2022-02-24 16:55:56,384 [37eb1d61-39bb-4850-ab96-a7546aa7d2af@group-DC6257889264-LeaderElection56] INFO  server.RaftServerConfigKeys (ConfUtils.java:logGet(44)) - raft.server.write.byte-limit = 1024 M (=1073741824) (custom)
2022-02-24 16:55:56,387 [37eb1d61-39bb-4850-ab96-a7546aa7d2af@group-DC6257889264-LeaderElection56] INFO  server.RaftServerConfigKeys (ConfUtils.java:logGet(44)) - raft.server.watch.timeout = 3000ms (custom)
2022-02-24 16:55:56,391 [37eb1d61-39bb-4850-ab96-a7546aa7d2af@group-DC6257889264-LeaderElection56] INFO  server.RaftServerConfigKeys (ConfUtils.java:logGet(44)) - raft.server.watch.timeout.denomination = 1s (default)
2022-02-24 16:55:56,391 [37eb1d61-39bb-4850-ab96-a7546aa7d2af@group-DC6257889264-LeaderElection56] INFO  server.RaftServerConfigKeys (ConfUtils.java:logGet(44)) - raft.server.watch.element-limit = 65536 (default)
2022-02-24 16:55:56,391 [37eb1d61-39bb-4850-ab96-a7546aa7d2af@group-DC6257889264-LeaderElection56] INFO  server.RaftServerConfigKeys (ConfUtils.java:logGet(44)) - raft.server.write.element-limit = 1024 (custom)
2022-02-24 16:55:56,391 [37eb1d61-39bb-4850-ab96-a7546aa7d2af@group-DC6257889264-LeaderElection56] INFO  server.RaftServerConfigKeys (ConfUtils.java:logGet(44)) - raft.server.write.follower.gap.ratio.max = -1.0 (default)
2022-02-24 16:55:56,391 [37eb1d61-39bb-4850-ab96-a7546aa7d2af@group-DC6257889264-LeaderElection56] INFO  impl.RoleInfo (RoleInfo.java:updateAndGet(130)) - 37eb1d61-39bb-4850-ab96-a7546aa7d2af: start 37eb1d61-39bb-4850-ab96-a7546aa7d2af@group-DC6257889264-LeaderStateImpl
2022-02-24 16:55:56,391 [37eb1d61-39bb-4850-ab96-a7546aa7d2af@group-DC6257889264-LeaderElection56] INFO  segmented.SegmentedRaftLogWorker (SegmentedRaftLogWorker.java:startLogSegment(394)) - 37eb1d61-39bb-4850-ab96-a7546aa7d2af@group-DC6257889264-SegmentedRaftLogWorker: Starting segment from index:0
2022-02-24 16:55:56,393 [37eb1d61-39bb-4850-ab96-a7546aa7d2af@group-DC6257889264-SegmentedRaftLogWorker] INFO  segmented.SegmentedRaftLogWorker (SegmentedRaftLogWorker.java:execute(601)) - 37eb1d61-39bb-4850-ab96-a7546aa7d2af@group-DC6257889264-SegmentedRaftLogWorker: created new log segment /home/runner/work/ozone/ozone/hadoop-ozone/integration-test/target/test-dir/MiniOzoneClusterImpl-a9e0dedd-d836-4895-9472-52c2256152d3/datanode-5/data/ratis/30f9a1c0-7ef4-427c-b8b2-dc6257889264/current/log_inprogress_0
2022-02-24 16:55:56,411 [37eb1d61-39bb-4850-ab96-a7546aa7d2af@group-DC6257889264-LeaderElection56] INFO  server.RaftServer$Division (ServerState.java:setRaftConf(387)) - 37eb1d61-39bb-4850-ab96-a7546aa7d2af@group-DC6257889264: set configuration 0: [37eb1d61-39bb-4850-ab96-a7546aa7d2af|rpc:10.1.0.37:34927|dataStream:|priority:1], old=null
2022-02-24 16:55:57,095 [6b991a1f-9e77-4b13-a483-fcde5672bd4a@group-C3D2367B31B3-FollowerState] INFO  impl.FollowerState (FollowerState.java:run(134)) - 6b991a1f-9e77-4b13-a483-fcde5672bd4a@group-C3D2367B31B3-FollowerState: change to CANDIDATE, lastRpcElapsedTime:5166860489ns, electionTimeout:5161ms
2022-02-24 16:55:57,095 [6b991a1f-9e77-4b13-a483-fcde5672bd4a@group-C3D2367B31B3-FollowerState] INFO  impl.RoleInfo (RoleInfo.java:shutdownFollowerState(108)) - 6b991a1f-9e77-4b13-a483-fcde5672bd4a: shutdown 6b991a1f-9e77-4b13-a483-fcde5672bd4a@group-C3D2367B31B3-FollowerState
2022-02-24 16:55:57,095 [6b991a1f-9e77-4b13-a483-fcde5672bd4a@group-C3D2367B31B3-FollowerState] INFO  server.RaftServer$Division (RaftServerImpl.java:setRole(290)) - 6b991a1f-9e77-4b13-a483-fcde5672bd4a@group-C3D2367B31B3: changes role from  FOLLOWER to CANDIDATE at term 0 for changeToCandidate
2022-02-24 16:55:57,097 [6b991a1f-9e77-4b13-a483-fcde5672bd4a@group-C3D2367B31B3-FollowerState] INFO  server.RaftServerConfigKeys (ConfUtils.java:logGet(44)) - raft.server.leaderelection.pre-vote = false (custom)
2022-02-24 16:55:57,097 [6b991a1f-9e77-4b13-a483-fcde5672bd4a@group-C3D2367B31B3-FollowerState] INFO  impl.RoleInfo (RoleInfo.java:updateAndGet(130)) - 6b991a1f-9e77-4b13-a483-fcde5672bd4a: start 6b991a1f-9e77-4b13-a483-fcde5672bd4a@group-C3D2367B31B3-LeaderElection57
2022-02-24 16:55:57,114 [6b991a1f-9e77-4b13-a483-fcde5672bd4a@group-C3D2367B31B3-LeaderElection57] INFO  impl.LeaderElection (LeaderElection.java:askForVotes(306)) - 6b991a1f-9e77-4b13-a483-fcde5672bd4a@group-C3D2367B31B3-LeaderElection57 ELECTION round 0: submit vote requests at term 1 for -1: [6b991a1f-9e77-4b13-a483-fcde5672bd4a|rpc:10.1.0.37:38289|priority:1], old=null
2022-02-24 16:55:57,114 [6b991a1f-9e77-4b13-a483-fcde5672bd4a@group-C3D2367B31B3-LeaderElection57] INFO  impl.LeaderElection (LeaderElection.java:askForVotes(308)) - 6b991a1f-9e77-4b13-a483-fcde5672bd4a@group-C3D2367B31B3-LeaderElection57 ELECTION round 0: result PASSED (term=1)
2022-02-24 16:55:57,114 [6b991a1f-9e77-4b13-a483-fcde5672bd4a@group-C3D2367B31B3-LeaderElection57] INFO  impl.RoleInfo (RoleInfo.java:shutdownLeaderElection(121)) - 6b991a1f-9e77-4b13-a483-fcde5672bd4a: shutdown 6b991a1f-9e77-4b13-a483-fcde5672bd4a@group-C3D2367B31B3-LeaderElection57
2022-02-24 16:55:57,114 [6b991a1f-9e77-4b13-a483-fcde5672bd4a@group-C3D2367B31B3-LeaderElection57] INFO  server.RaftServer$Division (RaftServerImpl.java:setRole(290)) - 6b991a1f-9e77-4b13-a483-fcde5672bd4a@group-C3D2367B31B3: changes role from CANDIDATE to LEADER at term 1 for changeToLeader
2022-02-24 16:55:57,114 [6b991a1f-9e77-4b13-a483-fcde5672bd4a@group-C3D2367B31B3-LeaderElection57] INFO  ratis.XceiverServerRatis (XceiverServerRatis.java:handleLeaderChangedNotification(867)) - Leader change notification received for group: group-C3D2367B31B3 with new leaderId: 6b991a1f-9e77-4b13-a483-fcde5672bd4a
2022-02-24 16:55:57,114 [6b991a1f-9e77-4b13-a483-fcde5672bd4a@group-C3D2367B31B3-LeaderElection57] INFO  server.RaftServer$Division (ServerState.java:setLeader(285)) - 6b991a1f-9e77-4b13-a483-fcde5672bd4a@group-C3D2367B31B3: change Leader from null to 6b991a1f-9e77-4b13-a483-fcde5672bd4a at term 1 for becomeLeader, leader elected after 5207ms
2022-02-24 16:55:57,114 [6b991a1f-9e77-4b13-a483-fcde5672bd4a@group-C3D2367B31B3-LeaderElection57] INFO  server.RaftServerConfigKeys (ConfUtils.java:logGet(44)) - raft.server.staging.catchup.gap = 1000 (default)
2022-02-24 16:55:57,115 [6b991a1f-9e77-4b13-a483-fcde5672bd4a@group-C3D2367B31B3-LeaderElection57] INFO  server.RaftServerConfigKeys (ConfUtils.java:logGet(44)) - raft.server.write.element-limit = 1024 (custom)
2022-02-24 16:55:57,124 [6b991a1f-9e77-4b13-a483-fcde5672bd4a@group-C3D2367B31B3-LeaderElection57] INFO  server.RaftServerConfigKeys (ConfUtils.java:logGet(44)) - raft.server.write.byte-limit = 1024 M (=1073741824) (custom)
2022-02-24 16:55:57,124 [6b991a1f-9e77-4b13-a483-fcde5672bd4a@group-C3D2367B31B3-LeaderElection57] INFO  server.RaftServerConfigKeys (ConfUtils.java:logGet(44)) - raft.server.watch.timeout = 3000ms (custom)
2022-02-24 16:55:57,124 [6b991a1f-9e77-4b13-a483-fcde5672bd4a@group-C3D2367B31B3-LeaderElection57] INFO  server.RaftServerConfigKeys (ConfUtils.java:logGet(44)) - raft.server.watch.timeout.denomination = 1s (default)
2022-02-24 16:55:57,124 [6b991a1f-9e77-4b13-a483-fcde5672bd4a@group-C3D2367B31B3-LeaderElection57] INFO  server.RaftServerConfigKeys (ConfUtils.java:logGet(44)) - raft.server.watch.element-limit = 65536 (default)
2022-02-24 16:55:57,124 [6b991a1f-9e77-4b13-a483-fcde5672bd4a@group-C3D2367B31B3-LeaderElection57] INFO  server.RaftServerConfigKeys (ConfUtils.java:logGet(44)) - raft.server.write.element-limit = 1024 (custom)
2022-02-24 16:55:57,124 [6b991a1f-9e77-4b13-a483-fcde5672bd4a@group-C3D2367B31B3-LeaderElection57] INFO  server.RaftServerConfigKeys (ConfUtils.java:logGet(44)) - raft.server.write.follower.gap.ratio.max = -1.0 (default)
2022-02-24 16:55:57,125 [6b991a1f-9e77-4b13-a483-fcde5672bd4a@group-C3D2367B31B3-LeaderElection57] INFO  impl.RoleInfo (RoleInfo.java:updateAndGet(130)) - 6b991a1f-9e77-4b13-a483-fcde5672bd4a: start 6b991a1f-9e77-4b13-a483-fcde5672bd4a@group-C3D2367B31B3-LeaderStateImpl
2022-02-24 16:55:57,139 [6b991a1f-9e77-4b13-a483-fcde5672bd4a@group-C3D2367B31B3-LeaderElection57] INFO  segmented.SegmentedRaftLogWorker (SegmentedRaftLogWorker.java:startLogSegment(394)) - 6b991a1f-9e77-4b13-a483-fcde5672bd4a@group-C3D2367B31B3-SegmentedRaftLogWorker: Starting segment from index:0
2022-02-24 16:55:57,140 [6b991a1f-9e77-4b13-a483-fcde5672bd4a@group-C3D2367B31B3-SegmentedRaftLogWorker] INFO  segmented.SegmentedRaftLogWorker (SegmentedRaftLogWorker.java:execute(601)) - 6b991a1f-9e77-4b13-a483-fcde5672bd4a@group-C3D2367B31B3-SegmentedRaftLogWorker: created new log segment /home/runner/work/ozone/ozone/hadoop-ozone/integration-test/target/test-dir/MiniOzoneClusterImpl-a9e0dedd-d836-4895-9472-52c2256152d3/datanode-6/data/ratis/f649cc5f-229f-452a-a086-c3d2367b31b3/current/log_inprogress_0
2022-02-24 16:55:57,159 [6b991a1f-9e77-4b13-a483-fcde5672bd4a@group-C3D2367B31B3-LeaderElection57] INFO  server.RaftServer$Division (ServerState.java:setRaftConf(387)) - 6b991a1f-9e77-4b13-a483-fcde5672bd4a@group-C3D2367B31B3: set configuration 0: [6b991a1f-9e77-4b13-a483-fcde5672bd4a|rpc:10.1.0.37:38289|dataStream:|priority:1], old=null
2022-02-24 16:55:58,229 [b07270f0-c5b1-4afe-99f3-aa5758d6ba5c@group-F4FF6A221EE2-FollowerState] INFO  impl.FollowerState (FollowerState.java:run(134)) - b07270f0-c5b1-4afe-99f3-aa5758d6ba5c@group-F4FF6A221EE2-FollowerState: change to CANDIDATE, lastRpcElapsedTime:5025689769ns, electionTimeout:5013ms
2022-02-24 16:55:58,229 [b07270f0-c5b1-4afe-99f3-aa5758d6ba5c@group-F4FF6A221EE2-FollowerState] INFO  impl.RoleInfo (RoleInfo.java:shutdownFollowerState(108)) - b07270f0-c5b1-4afe-99f3-aa5758d6ba5c: shutdown b07270f0-c5b1-4afe-99f3-aa5758d6ba5c@group-F4FF6A221EE2-FollowerState
2022-02-24 16:55:58,229 [b07270f0-c5b1-4afe-99f3-aa5758d6ba5c@group-F4FF6A221EE2-FollowerState] INFO  server.RaftServer$Division (RaftServerImpl.java:setRole(290)) - b07270f0-c5b1-4afe-99f3-aa5758d6ba5c@group-F4FF6A221EE2: changes role from  FOLLOWER to CANDIDATE at term 1 for changeToCandidate
2022-02-24 16:55:58,230 [b07270f0-c5b1-4afe-99f3-aa5758d6ba5c@group-F4FF6A221EE2-FollowerState] INFO  server.RaftServerConfigKeys (ConfUtils.java:logGet(44)) - raft.server.leaderelection.pre-vote = false (custom)
2022-02-24 16:55:58,230 [b07270f0-c5b1-4afe-99f3-aa5758d6ba5c@group-F4FF6A221EE2-FollowerState] INFO  impl.RoleInfo (RoleInfo.java:updateAndGet(130)) - b07270f0-c5b1-4afe-99f3-aa5758d6ba5c: start b07270f0-c5b1-4afe-99f3-aa5758d6ba5c@group-F4FF6A221EE2-LeaderElection58
2022-02-24 16:55:58,235 [b07270f0-c5b1-4afe-99f3-aa5758d6ba5c@group-F4FF6A221EE2-LeaderElection58] INFO  impl.LeaderElection (LeaderElection.java:askForVotes(306)) - b07270f0-c5b1-4afe-99f3-aa5758d6ba5c@group-F4FF6A221EE2-LeaderElection58 ELECTION round 0: submit vote requests at term 2 for -1: [b07270f0-c5b1-4afe-99f3-aa5758d6ba5c|rpc:10.1.0.37:45647|priority:0, cf3a7bfa-0a59-4cf0-978b-44f71b96abbc|rpc:10.1.0.37:40183|priority:0, 2a15bd7e-7896-4db0-9e08-f7464bcd33ee|rpc:10.1.0.37:41995|priority:1], old=null
2022-02-24 16:55:58,236 [grpc-default-executor-3] INFO  server.RaftServer$Division (RaftServerImpl.java:requestVote(1046)) - cf3a7bfa-0a59-4cf0-978b-44f71b96abbc@group-F4FF6A221EE2: receive requestVote(ELECTION, b07270f0-c5b1-4afe-99f3-aa5758d6ba5c, group-F4FF6A221EE2, 2, (t:0, i:0))
2022-02-24 16:55:58,237 [grpc-default-executor-3] INFO  impl.VoteContext (VoteContext.java:log(48)) - cf3a7bfa-0a59-4cf0-978b-44f71b96abbc@group-F4FF6A221EE2-FOLLOWER: accept ELECTION from b07270f0-c5b1-4afe-99f3-aa5758d6ba5c: our priority 0 <= candidate's priority 0
2022-02-24 16:55:58,237 [grpc-default-executor-3] INFO  server.RaftServer$Division (RaftServerImpl.java:setRole(290)) - cf3a7bfa-0a59-4cf0-978b-44f71b96abbc@group-F4FF6A221EE2: changes role from  FOLLOWER to FOLLOWER at term 2 for candidate:b07270f0-c5b1-4afe-99f3-aa5758d6ba5c
2022-02-24 16:55:58,237 [grpc-default-executor-3] INFO  impl.RoleInfo (RoleInfo.java:shutdownFollowerState(108)) - cf3a7bfa-0a59-4cf0-978b-44f71b96abbc: shutdown cf3a7bfa-0a59-4cf0-978b-44f71b96abbc@group-F4FF6A221EE2-FollowerState
2022-02-24 16:55:58,248 [2a15bd7e-7896-4db0-9e08-f7464bcd33ee@group-F4FF6A221EE2-FollowerState] INFO  impl.FollowerState (FollowerState.java:run(134)) - 2a15bd7e-7896-4db0-9e08-f7464bcd33ee@group-F4FF6A221EE2-FollowerState: change to CANDIDATE, lastRpcElapsedTime:5048611694ns, electionTimeout:5031ms
2022-02-24 16:55:58,248 [2a15bd7e-7896-4db0-9e08-f7464bcd33ee@group-F4FF6A221EE2-FollowerState] INFO  impl.RoleInfo (RoleInfo.java:shutdownFollowerState(108)) - 2a15bd7e-7896-4db0-9e08-f7464bcd33ee: shutdown 2a15bd7e-7896-4db0-9e08-f7464bcd33ee@group-F4FF6A221EE2-FollowerState
2022-02-24 16:55:58,248 [2a15bd7e-7896-4db0-9e08-f7464bcd33ee@group-F4FF6A221EE2-FollowerState] INFO  server.RaftServer$Division (RaftServerImpl.java:setRole(290)) - 2a15bd7e-7896-4db0-9e08-f7464bcd33ee@group-F4FF6A221EE2: changes role from  FOLLOWER to CANDIDATE at term 1 for changeToCandidate
2022-02-24 16:55:58,263 [2a15bd7e-7896-4db0-9e08-f7464bcd33ee@group-F4FF6A221EE2-FollowerState] INFO  server.RaftServerConfigKeys (ConfUtils.java:logGet(44)) - raft.server.leaderelection.pre-vote = false (custom)
2022-02-24 16:55:58,263 [2a15bd7e-7896-4db0-9e08-f7464bcd33ee@group-F4FF6A221EE2-FollowerState] INFO  impl.RoleInfo (RoleInfo.java:updateAndGet(130)) - 2a15bd7e-7896-4db0-9e08-f7464bcd33ee: start 2a15bd7e-7896-4db0-9e08-f7464bcd33ee@group-F4FF6A221EE2-LeaderElection59
2022-02-24 16:55:58,263 [grpc-default-executor-3] INFO  impl.RoleInfo (RoleInfo.java:updateAndGet(130)) - cf3a7bfa-0a59-4cf0-978b-44f71b96abbc: start cf3a7bfa-0a59-4cf0-978b-44f71b96abbc@group-F4FF6A221EE2-FollowerState
2022-02-24 16:55:58,263 [cf3a7bfa-0a59-4cf0-978b-44f71b96abbc@group-F4FF6A221EE2-FollowerState] INFO  impl.FollowerState (FollowerState.java:run(143)) - cf3a7bfa-0a59-4cf0-978b-44f71b96abbc@group-F4FF6A221EE2-FollowerState was interrupted: {}
java.lang.InterruptedException: sleep interrupted
	at java.lang.Thread.sleep(Native Method)
	at java.lang.Thread.sleep(Thread.java:342)
	at java.util.concurrent.TimeUnit.sleep(TimeUnit.java:386)
	at org.apache.ratis.util.TimeDuration.sleep(TimeDuration.java:324)
	at org.apache.ratis.util.TimeDuration.sleep(TimeDuration.java:309)
	at org.apache.ratis.server.impl.FollowerState.run(FollowerState.java:118)
2022-02-24 16:55:58,265 [grpc-default-executor-3] INFO  server.RaftServer$Division (RaftServerImpl.java:requestVote(1078)) - cf3a7bfa-0a59-4cf0-978b-44f71b96abbc@group-F4FF6A221EE2 replies to ELECTION vote request: b07270f0-c5b1-4afe-99f3-aa5758d6ba5c<-cf3a7bfa-0a59-4cf0-978b-44f71b96abbc#0:OK-t2. Peer's state: cf3a7bfa-0a59-4cf0-978b-44f71b96abbc@group-F4FF6A221EE2:t2, leader=null, voted=b07270f0-c5b1-4afe-99f3-aa5758d6ba5c, raftlog=cf3a7bfa-0a59-4cf0-978b-44f71b96abbc@group-F4FF6A221EE2-SegmentedRaftLog:OPENED:c-1, conf=-1: [b07270f0-c5b1-4afe-99f3-aa5758d6ba5c|rpc:10.1.0.37:45647|dataStream:|priority:0, cf3a7bfa-0a59-4cf0-978b-44f71b96abbc|rpc:10.1.0.37:40183|dataStream:|priority:0, 2a15bd7e-7896-4db0-9e08-f7464bcd33ee|rpc:10.1.0.37:41995|dataStream:|priority:1], old=null
2022-02-24 16:55:58,273 [2a15bd7e-7896-4db0-9e08-f7464bcd33ee@group-F4FF6A221EE2-LeaderElection59] INFO  impl.LeaderElection (LeaderElection.java:askForVotes(306)) - 2a15bd7e-7896-4db0-9e08-f7464bcd33ee@group-F4FF6A221EE2-LeaderElection59 ELECTION round 0: submit vote requests at term 2 for -1: [b07270f0-c5b1-4afe-99f3-aa5758d6ba5c|rpc:10.1.0.37:45647|dataStream:|priority:0, cf3a7bfa-0a59-4cf0-978b-44f71b96abbc|rpc:10.1.0.37:40183|dataStream:|priority:0, 2a15bd7e-7896-4db0-9e08-f7464bcd33ee|rpc:10.1.0.37:41995|dataStream:|priority:1], old=null
2022-02-24 16:55:58,282 [grpc-default-executor-0] INFO  server.RaftServer$Division (RaftServerImpl.java:requestVote(1046)) - 2a15bd7e-7896-4db0-9e08-f7464bcd33ee@group-F4FF6A221EE2: receive requestVote(ELECTION, b07270f0-c5b1-4afe-99f3-aa5758d6ba5c, group-F4FF6A221EE2, 2, (t:0, i:0))
2022-02-24 16:55:58,282 [grpc-default-executor-0] INFO  impl.VoteContext (VoteContext.java:log(48)) - 2a15bd7e-7896-4db0-9e08-f7464bcd33ee@group-F4FF6A221EE2-CANDIDATE: reject ELECTION from b07270f0-c5b1-4afe-99f3-aa5758d6ba5c: already has voted for 2a15bd7e-7896-4db0-9e08-f7464bcd33ee at current term 2
2022-02-24 16:55:58,282 [grpc-default-executor-0] INFO  server.RaftServer$Division (RaftServerImpl.java:requestVote(1078)) - 2a15bd7e-7896-4db0-9e08-f7464bcd33ee@group-F4FF6A221EE2 replies to ELECTION vote request: b07270f0-c5b1-4afe-99f3-aa5758d6ba5c<-2a15bd7e-7896-4db0-9e08-f7464bcd33ee#0:FAIL-t2. Peer's state: 2a15bd7e-7896-4db0-9e08-f7464bcd33ee@group-F4FF6A221EE2:t2, leader=null, voted=2a15bd7e-7896-4db0-9e08-f7464bcd33ee, raftlog=2a15bd7e-7896-4db0-9e08-f7464bcd33ee@group-F4FF6A221EE2-SegmentedRaftLog:OPENED:c-1, conf=-1: [b07270f0-c5b1-4afe-99f3-aa5758d6ba5c|rpc:10.1.0.37:45647|dataStream:|priority:0, cf3a7bfa-0a59-4cf0-978b-44f71b96abbc|rpc:10.1.0.37:40183|dataStream:|priority:0, 2a15bd7e-7896-4db0-9e08-f7464bcd33ee|rpc:10.1.0.37:41995|dataStream:|priority:1], old=null
2022-02-24 16:55:58,283 [grpc-default-executor-3] INFO  server.RaftServer$Division (RaftServerImpl.java:requestVote(1046)) - b07270f0-c5b1-4afe-99f3-aa5758d6ba5c@group-F4FF6A221EE2: receive requestVote(ELECTION, 2a15bd7e-7896-4db0-9e08-f7464bcd33ee, group-F4FF6A221EE2, 2, (t:0, i:0))
2022-02-24 16:55:58,283 [grpc-default-executor-3] INFO  impl.VoteContext (VoteContext.java:log(48)) - b07270f0-c5b1-4afe-99f3-aa5758d6ba5c@group-F4FF6A221EE2-CANDIDATE: reject ELECTION from 2a15bd7e-7896-4db0-9e08-f7464bcd33ee: already has voted for b07270f0-c5b1-4afe-99f3-aa5758d6ba5c at current term 2
2022-02-24 16:55:58,283 [grpc-default-executor-3] INFO  server.RaftServer$Division (RaftServerImpl.java:requestVote(1078)) - b07270f0-c5b1-4afe-99f3-aa5758d6ba5c@group-F4FF6A221EE2 replies to ELECTION vote request: 2a15bd7e-7896-4db0-9e08-f7464bcd33ee<-b07270f0-c5b1-4afe-99f3-aa5758d6ba5c#0:FAIL-t2. Peer's state: b07270f0-c5b1-4afe-99f3-aa5758d6ba5c@group-F4FF6A221EE2:t2, leader=null, voted=b07270f0-c5b1-4afe-99f3-aa5758d6ba5c, raftlog=b07270f0-c5b1-4afe-99f3-aa5758d6ba5c@group-F4FF6A221EE2-SegmentedRaftLog:OPENED:c-1, conf=-1: [b07270f0-c5b1-4afe-99f3-aa5758d6ba5c|rpc:10.1.0.37:45647|priority:0, cf3a7bfa-0a59-4cf0-978b-44f71b96abbc|rpc:10.1.0.37:40183|priority:0, 2a15bd7e-7896-4db0-9e08-f7464bcd33ee|rpc:10.1.0.37:41995|priority:1], old=null
2022-02-24 16:55:58,303 [b07270f0-c5b1-4afe-99f3-aa5758d6ba5c@group-F4FF6A221EE2-LeaderElection58] INFO  impl.LeaderElection (LeaderElection.java:logAndReturn(89)) - b07270f0-c5b1-4afe-99f3-aa5758d6ba5c@group-F4FF6A221EE2-LeaderElection58: ELECTION REJECTED received 2 response(s) and 0 exception(s):
2022-02-24 16:55:58,303 [b07270f0-c5b1-4afe-99f3-aa5758d6ba5c@group-F4FF6A221EE2-LeaderElection58] INFO  impl.LeaderElection (LeaderElection.java:logAndReturn(93)) -   Response 0: b07270f0-c5b1-4afe-99f3-aa5758d6ba5c<-cf3a7bfa-0a59-4cf0-978b-44f71b96abbc#0:OK-t2
2022-02-24 16:55:58,303 [b07270f0-c5b1-4afe-99f3-aa5758d6ba5c@group-F4FF6A221EE2-LeaderElection58] INFO  impl.LeaderElection (LeaderElection.java:logAndReturn(93)) -   Response 1: b07270f0-c5b1-4afe-99f3-aa5758d6ba5c<-2a15bd7e-7896-4db0-9e08-f7464bcd33ee#0:FAIL-t2
2022-02-24 16:55:58,303 [b07270f0-c5b1-4afe-99f3-aa5758d6ba5c@group-F4FF6A221EE2-LeaderElection58] INFO  impl.LeaderElection (LeaderElection.java:askForVotes(308)) - b07270f0-c5b1-4afe-99f3-aa5758d6ba5c@group-F4FF6A221EE2-LeaderElection58 ELECTION round 0: result REJECTED
2022-02-24 16:55:58,303 [b07270f0-c5b1-4afe-99f3-aa5758d6ba5c@group-F4FF6A221EE2-LeaderElection58] INFO  server.RaftServer$Division (RaftServerImpl.java:setRole(290)) - b07270f0-c5b1-4afe-99f3-aa5758d6ba5c@group-F4FF6A221EE2: changes role from CANDIDATE to FOLLOWER at term 2 for REJECTED
2022-02-24 16:55:58,303 [b07270f0-c5b1-4afe-99f3-aa5758d6ba5c@group-F4FF6A221EE2-LeaderElection58] INFO  impl.RoleInfo (RoleInfo.java:shutdownLeaderElection(121)) - b07270f0-c5b1-4afe-99f3-aa5758d6ba5c: shutdown b07270f0-c5b1-4afe-99f3-aa5758d6ba5c@group-F4FF6A221EE2-LeaderElection58
2022-02-24 16:55:58,303 [b07270f0-c5b1-4afe-99f3-aa5758d6ba5c@group-F4FF6A221EE2-LeaderElection58] INFO  impl.RoleInfo (RoleInfo.java:updateAndGet(130)) - b07270f0-c5b1-4afe-99f3-aa5758d6ba5c: start b07270f0-c5b1-4afe-99f3-aa5758d6ba5c@group-F4FF6A221EE2-FollowerState
2022-02-24 16:55:58,303 [grpc-default-executor-3] INFO  server.RaftServer$Division (RaftServerImpl.java:requestVote(1046)) - cf3a7bfa-0a59-4cf0-978b-44f71b96abbc@group-F4FF6A221EE2: receive requestVote(ELECTION, 2a15bd7e-7896-4db0-9e08-f7464bcd33ee, group-F4FF6A221EE2, 2, (t:0, i:0))
2022-02-24 16:55:58,303 [grpc-default-executor-3] INFO  impl.VoteContext (VoteContext.java:log(48)) - cf3a7bfa-0a59-4cf0-978b-44f71b96abbc@group-F4FF6A221EE2-FOLLOWER: reject ELECTION from 2a15bd7e-7896-4db0-9e08-f7464bcd33ee: already has voted for b07270f0-c5b1-4afe-99f3-aa5758d6ba5c at current term 2
2022-02-24 16:55:58,304 [grpc-default-executor-3] INFO  server.RaftServer$Division (RaftServerImpl.java:requestVote(1078)) - cf3a7bfa-0a59-4cf0-978b-44f71b96abbc@group-F4FF6A221EE2 replies to ELECTION vote request: 2a15bd7e-7896-4db0-9e08-f7464bcd33ee<-cf3a7bfa-0a59-4cf0-978b-44f71b96abbc#0:FAIL-t2. Peer's state: cf3a7bfa-0a59-4cf0-978b-44f71b96abbc@group-F4FF6A221EE2:t2, leader=null, voted=b07270f0-c5b1-4afe-99f3-aa5758d6ba5c, raftlog=cf3a7bfa-0a59-4cf0-978b-44f71b96abbc@group-F4FF6A221EE2-SegmentedRaftLog:OPENED:c-1, conf=-1: [b07270f0-c5b1-4afe-99f3-aa5758d6ba5c|rpc:10.1.0.37:45647|dataStream:|priority:0, cf3a7bfa-0a59-4cf0-978b-44f71b96abbc|rpc:10.1.0.37:40183|dataStream:|priority:0, 2a15bd7e-7896-4db0-9e08-f7464bcd33ee|rpc:10.1.0.37:41995|dataStream:|priority:1], old=null
2022-02-24 16:55:58,314 [2a15bd7e-7896-4db0-9e08-f7464bcd33ee@group-F4FF6A221EE2-LeaderElection59] INFO  impl.LeaderElection (LeaderElection.java:logAndReturn(89)) - 2a15bd7e-7896-4db0-9e08-f7464bcd33ee@group-F4FF6A221EE2-LeaderElection59: ELECTION REJECTED received 2 response(s) and 0 exception(s):
2022-02-24 16:55:58,314 [2a15bd7e-7896-4db0-9e08-f7464bcd33ee@group-F4FF6A221EE2-LeaderElection59] INFO  impl.LeaderElection (LeaderElection.java:logAndReturn(93)) -   Response 0: 2a15bd7e-7896-4db0-9e08-f7464bcd33ee<-b07270f0-c5b1-4afe-99f3-aa5758d6ba5c#0:FAIL-t2
2022-02-24 16:55:58,314 [2a15bd7e-7896-4db0-9e08-f7464bcd33ee@group-F4FF6A221EE2-LeaderElection59] INFO  impl.LeaderElection (LeaderElection.java:logAndReturn(93)) -   Response 1: 2a15bd7e-7896-4db0-9e08-f7464bcd33ee<-cf3a7bfa-0a59-4cf0-978b-44f71b96abbc#0:FAIL-t2
2022-02-24 16:55:58,316 [2a15bd7e-7896-4db0-9e08-f7464bcd33ee@group-F4FF6A221EE2-LeaderElection59] INFO  impl.LeaderElection (LeaderElection.java:askForVotes(308)) - 2a15bd7e-7896-4db0-9e08-f7464bcd33ee@group-F4FF6A221EE2-LeaderElection59 ELECTION round 0: result REJECTED
2022-02-24 16:55:58,316 [2a15bd7e-7896-4db0-9e08-f7464bcd33ee@group-F4FF6A221EE2-LeaderElection59] INFO  server.RaftServer$Division (RaftServerImpl.java:setRole(290)) - 2a15bd7e-7896-4db0-9e08-f7464bcd33ee@group-F4FF6A221EE2: changes role from CANDIDATE to FOLLOWER at term 2 for REJECTED
2022-02-24 16:55:58,316 [2a15bd7e-7896-4db0-9e08-f7464bcd33ee@group-F4FF6A221EE2-LeaderElection59] INFO  impl.RoleInfo (RoleInfo.java:shutdownLeaderElection(121)) - 2a15bd7e-7896-4db0-9e08-f7464bcd33ee: shutdown 2a15bd7e-7896-4db0-9e08-f7464bcd33ee@group-F4FF6A221EE2-LeaderElection59
2022-02-24 16:55:58,316 [2a15bd7e-7896-4db0-9e08-f7464bcd33ee@group-F4FF6A221EE2-LeaderElection59] INFO  impl.RoleInfo (RoleInfo.java:updateAndGet(130)) - 2a15bd7e-7896-4db0-9e08-f7464bcd33ee: start 2a15bd7e-7896-4db0-9e08-f7464bcd33ee@group-F4FF6A221EE2-FollowerState
2022-02-24 16:55:58,673 [cf3a7bfa-0a59-4cf0-978b-44f71b96abbc@group-29500492D057-FollowerState] INFO  impl.FollowerState (FollowerState.java:run(134)) - cf3a7bfa-0a59-4cf0-978b-44f71b96abbc@group-29500492D057-FollowerState: change to CANDIDATE, lastRpcElapsedTime:5019401919ns, electionTimeout:5010ms
2022-02-24 16:55:58,673 [cf3a7bfa-0a59-4cf0-978b-44f71b96abbc@group-29500492D057-FollowerState] INFO  impl.RoleInfo (RoleInfo.java:shutdownFollowerState(108)) - cf3a7bfa-0a59-4cf0-978b-44f71b96abbc: shutdown cf3a7bfa-0a59-4cf0-978b-44f71b96abbc@group-29500492D057-FollowerState
2022-02-24 16:55:58,674 [cf3a7bfa-0a59-4cf0-978b-44f71b96abbc@group-29500492D057-FollowerState] INFO  server.RaftServer$Division (RaftServerImpl.java:setRole(290)) - cf3a7bfa-0a59-4cf0-978b-44f71b96abbc@group-29500492D057: changes role from  FOLLOWER to CANDIDATE at term 1 for changeToCandidate
2022-02-24 16:55:58,674 [cf3a7bfa-0a59-4cf0-978b-44f71b96abbc@group-29500492D057-FollowerState] INFO  server.RaftServerConfigKeys (ConfUtils.java:logGet(44)) - raft.server.leaderelection.pre-vote = false (custom)
2022-02-24 16:55:58,674 [cf3a7bfa-0a59-4cf0-978b-44f71b96abbc@group-29500492D057-FollowerState] INFO  impl.RoleInfo (RoleInfo.java:updateAndGet(130)) - cf3a7bfa-0a59-4cf0-978b-44f71b96abbc: start cf3a7bfa-0a59-4cf0-978b-44f71b96abbc@group-29500492D057-LeaderElection60
2022-02-24 16:55:58,715 [cf3a7bfa-0a59-4cf0-978b-44f71b96abbc@group-29500492D057-LeaderElection60] INFO  impl.LeaderElection (LeaderElection.java:askForVotes(306)) - cf3a7bfa-0a59-4cf0-978b-44f71b96abbc@group-29500492D057-LeaderElection60 ELECTION round 0: submit vote requests at term 2 for -1: [b07270f0-c5b1-4afe-99f3-aa5758d6ba5c|rpc:10.1.0.37:45647|dataStream:|priority:0, 2a15bd7e-7896-4db0-9e08-f7464bcd33ee|rpc:10.1.0.37:41995|dataStream:|priority:0, cf3a7bfa-0a59-4cf0-978b-44f71b96abbc|rpc:10.1.0.37:40183|dataStream:|priority:1], old=null
2022-02-24 16:55:58,754 [grpc-default-executor-3] INFO  server.RaftServer$Division (RaftServerImpl.java:requestVote(1046)) - 2a15bd7e-7896-4db0-9e08-f7464bcd33ee@group-29500492D057: receive requestVote(ELECTION, cf3a7bfa-0a59-4cf0-978b-44f71b96abbc, group-29500492D057, 2, (t:0, i:0))
2022-02-24 16:55:58,756 [grpc-default-executor-3] INFO  impl.VoteContext (VoteContext.java:log(48)) - 2a15bd7e-7896-4db0-9e08-f7464bcd33ee@group-29500492D057-FOLLOWER: accept ELECTION from cf3a7bfa-0a59-4cf0-978b-44f71b96abbc: our priority 0 <= candidate's priority 1
2022-02-24 16:55:58,757 [grpc-default-executor-3] INFO  server.RaftServer$Division (RaftServerImpl.java:setRole(290)) - 2a15bd7e-7896-4db0-9e08-f7464bcd33ee@group-29500492D057: changes role from  FOLLOWER to FOLLOWER at term 2 for candidate:cf3a7bfa-0a59-4cf0-978b-44f71b96abbc
2022-02-24 16:55:58,757 [grpc-default-executor-3] INFO  impl.RoleInfo (RoleInfo.java:shutdownFollowerState(108)) - 2a15bd7e-7896-4db0-9e08-f7464bcd33ee: shutdown 2a15bd7e-7896-4db0-9e08-f7464bcd33ee@group-29500492D057-FollowerState
2022-02-24 16:55:58,757 [grpc-default-executor-3] INFO  impl.RoleInfo (RoleInfo.java:updateAndGet(130)) - 2a15bd7e-7896-4db0-9e08-f7464bcd33ee: start 2a15bd7e-7896-4db0-9e08-f7464bcd33ee@group-29500492D057-FollowerState
2022-02-24 16:55:58,757 [2a15bd7e-7896-4db0-9e08-f7464bcd33ee@group-29500492D057-FollowerState] INFO  impl.FollowerState (FollowerState.java:run(143)) - 2a15bd7e-7896-4db0-9e08-f7464bcd33ee@group-29500492D057-FollowerState was interrupted: {}
java.lang.InterruptedException: sleep interrupted
	at java.lang.Thread.sleep(Native Method)
	at java.lang.Thread.sleep(Thread.java:342)
	at java.util.concurrent.TimeUnit.sleep(TimeUnit.java:386)
	at org.apache.ratis.util.TimeDuration.sleep(TimeDuration.java:324)
	at org.apache.ratis.util.TimeDuration.sleep(TimeDuration.java:309)
	at org.apache.ratis.server.impl.FollowerState.run(FollowerState.java:118)
2022-02-24 16:55:58,761 [grpc-default-executor-3] INFO  server.RaftServer$Division (RaftServerImpl.java:requestVote(1078)) - 2a15bd7e-7896-4db0-9e08-f7464bcd33ee@group-29500492D057 replies to ELECTION vote request: cf3a7bfa-0a59-4cf0-978b-44f71b96abbc<-2a15bd7e-7896-4db0-9e08-f7464bcd33ee#0:OK-t2. Peer's state: 2a15bd7e-7896-4db0-9e08-f7464bcd33ee@group-29500492D057:t2, leader=null, voted=cf3a7bfa-0a59-4cf0-978b-44f71b96abbc, raftlog=2a15bd7e-7896-4db0-9e08-f7464bcd33ee@group-29500492D057-SegmentedRaftLog:OPENED:c-1, conf=-1: [b07270f0-c5b1-4afe-99f3-aa5758d6ba5c|rpc:10.1.0.37:45647|dataStream:|priority:0, 2a15bd7e-7896-4db0-9e08-f7464bcd33ee|rpc:10.1.0.37:41995|dataStream:|priority:0, cf3a7bfa-0a59-4cf0-978b-44f71b96abbc|rpc:10.1.0.37:40183|dataStream:|priority:1], old=null
2022-02-24 16:55:58,779 [grpc-default-executor-3] INFO  server.RaftServer$Division (RaftServerImpl.java:requestVote(1046)) - b07270f0-c5b1-4afe-99f3-aa5758d6ba5c@group-29500492D057: receive requestVote(ELECTION, cf3a7bfa-0a59-4cf0-978b-44f71b96abbc, group-29500492D057, 2, (t:0, i:0))
2022-02-24 16:55:58,779 [grpc-default-executor-3] INFO  impl.VoteContext (VoteContext.java:log(48)) - b07270f0-c5b1-4afe-99f3-aa5758d6ba5c@group-29500492D057-FOLLOWER: accept ELECTION from cf3a7bfa-0a59-4cf0-978b-44f71b96abbc: our priority 0 <= candidate's priority 1
2022-02-24 16:55:58,779 [grpc-default-executor-3] INFO  server.RaftServer$Division (RaftServerImpl.java:setRole(290)) - b07270f0-c5b1-4afe-99f3-aa5758d6ba5c@group-29500492D057: changes role from  FOLLOWER to FOLLOWER at term 2 for candidate:cf3a7bfa-0a59-4cf0-978b-44f71b96abbc
2022-02-24 16:55:58,779 [grpc-default-executor-3] INFO  impl.RoleInfo (RoleInfo.java:shutdownFollowerState(108)) - b07270f0-c5b1-4afe-99f3-aa5758d6ba5c: shutdown b07270f0-c5b1-4afe-99f3-aa5758d6ba5c@group-29500492D057-FollowerState
2022-02-24 16:55:58,779 [grpc-default-executor-3] INFO  impl.RoleInfo (RoleInfo.java:updateAndGet(130)) - b07270f0-c5b1-4afe-99f3-aa5758d6ba5c: start b07270f0-c5b1-4afe-99f3-aa5758d6ba5c@group-29500492D057-FollowerState
2022-02-24 16:55:58,779 [b07270f0-c5b1-4afe-99f3-aa5758d6ba5c@group-29500492D057-FollowerState] INFO  impl.FollowerState (FollowerState.java:run(143)) - b07270f0-c5b1-4afe-99f3-aa5758d6ba5c@group-29500492D057-FollowerState was interrupted: {}
java.lang.InterruptedException: sleep interrupted
	at java.lang.Thread.sleep(Native Method)
	at java.lang.Thread.sleep(Thread.java:342)
	at java.util.concurrent.TimeUnit.sleep(TimeUnit.java:386)
	at org.apache.ratis.util.TimeDuration.sleep(TimeDuration.java:324)
	at org.apache.ratis.util.TimeDuration.sleep(TimeDuration.java:309)
	at org.apache.ratis.server.impl.FollowerState.run(FollowerState.java:118)
2022-02-24 16:55:58,791 [grpc-default-executor-3] INFO  server.RaftServer$Division (RaftServerImpl.java:requestVote(1078)) - b07270f0-c5b1-4afe-99f3-aa5758d6ba5c@group-29500492D057 replies to ELECTION vote request: cf3a7bfa-0a59-4cf0-978b-44f71b96abbc<-b07270f0-c5b1-4afe-99f3-aa5758d6ba5c#0:OK-t2. Peer's state: b07270f0-c5b1-4afe-99f3-aa5758d6ba5c@group-29500492D057:t2, leader=null, voted=cf3a7bfa-0a59-4cf0-978b-44f71b96abbc, raftlog=b07270f0-c5b1-4afe-99f3-aa5758d6ba5c@group-29500492D057-SegmentedRaftLog:OPENED:c-1, conf=-1: [b07270f0-c5b1-4afe-99f3-aa5758d6ba5c|rpc:10.1.0.37:45647|priority:0, 2a15bd7e-7896-4db0-9e08-f7464bcd33ee|rpc:10.1.0.37:41995|priority:0, cf3a7bfa-0a59-4cf0-978b-44f71b96abbc|rpc:10.1.0.37:40183|priority:1], old=null
2022-02-24 16:55:58,808 [cf3a7bfa-0a59-4cf0-978b-44f71b96abbc@group-29500492D057-LeaderElection60] INFO  impl.LeaderElection (LeaderElection.java:logAndReturn(89)) - cf3a7bfa-0a59-4cf0-978b-44f71b96abbc@group-29500492D057-LeaderElection60: ELECTION PASSED received 1 response(s) and 0 exception(s):
2022-02-24 16:55:58,808 [cf3a7bfa-0a59-4cf0-978b-44f71b96abbc@group-29500492D057-LeaderElection60] INFO  impl.LeaderElection (LeaderElection.java:logAndReturn(93)) -   Response 0: cf3a7bfa-0a59-4cf0-978b-44f71b96abbc<-2a15bd7e-7896-4db0-9e08-f7464bcd33ee#0:OK-t2
2022-02-24 16:55:58,808 [cf3a7bfa-0a59-4cf0-978b-44f71b96abbc@group-29500492D057-LeaderElection60] INFO  impl.LeaderElection (LeaderElection.java:askForVotes(308)) - cf3a7bfa-0a59-4cf0-978b-44f71b96abbc@group-29500492D057-LeaderElection60 ELECTION round 0: result PASSED
2022-02-24 16:55:58,808 [cf3a7bfa-0a59-4cf0-978b-44f71b96abbc@group-29500492D057-LeaderElection60] INFO  impl.RoleInfo (RoleInfo.java:shutdownLeaderElection(121)) - cf3a7bfa-0a59-4cf0-978b-44f71b96abbc: shutdown cf3a7bfa-0a59-4cf0-978b-44f71b96abbc@group-29500492D057-LeaderElection60
2022-02-24 16:55:58,808 [cf3a7bfa-0a59-4cf0-978b-44f71b96abbc@group-29500492D057-LeaderElection60] INFO  server.RaftServer$Division (RaftServerImpl.java:setRole(290)) - cf3a7bfa-0a59-4cf0-978b-44f71b96abbc@group-29500492D057: changes role from CANDIDATE to LEADER at term 2 for changeToLeader
2022-02-24 16:55:58,808 [cf3a7bfa-0a59-4cf0-978b-44f71b96abbc@group-29500492D057-LeaderElection60] INFO  ratis.XceiverServerRatis (XceiverServerRatis.java:handleLeaderChangedNotification(867)) - Leader change notification received for group: group-29500492D057 with new leaderId: cf3a7bfa-0a59-4cf0-978b-44f71b96abbc
2022-02-24 16:55:58,808 [cf3a7bfa-0a59-4cf0-978b-44f71b96abbc@group-29500492D057-LeaderElection60] INFO  server.RaftServer$Division (ServerState.java:setLeader(285)) - cf3a7bfa-0a59-4cf0-978b-44f71b96abbc@group-29500492D057: change Leader from null to cf3a7bfa-0a59-4cf0-978b-44f71b96abbc at term 2 for becomeLeader, leader elected after 10112ms
2022-02-24 16:55:58,808 [cf3a7bfa-0a59-4cf0-978b-44f71b96abbc@group-29500492D057-LeaderElection60] INFO  server.RaftServerConfigKeys (ConfUtils.java:logGet(44)) - raft.server.staging.catchup.gap = 1000 (default)
2022-02-24 16:55:58,808 [cf3a7bfa-0a59-4cf0-978b-44f71b96abbc@group-29500492D057-LeaderElection60] INFO  server.RaftServerConfigKeys (ConfUtils.java:logGet(44)) - raft.server.write.element-limit = 1024 (custom)
2022-02-24 16:55:58,809 [cf3a7bfa-0a59-4cf0-978b-44f71b96abbc@group-29500492D057-LeaderElection60] INFO  server.RaftServerConfigKeys (ConfUtils.java:logGet(44)) - raft.server.write.byte-limit = 1024 M (=1073741824) (custom)
2022-02-24 16:55:58,809 [cf3a7bfa-0a59-4cf0-978b-44f71b96abbc@group-29500492D057-LeaderElection60] INFO  server.RaftServerConfigKeys (ConfUtils.java:logGet(44)) - raft.server.watch.timeout = 3000ms (custom)
2022-02-24 16:55:58,809 [cf3a7bfa-0a59-4cf0-978b-44f71b96abbc@group-29500492D057-LeaderElection60] INFO  server.RaftServerConfigKeys (ConfUtils.java:logGet(44)) - raft.server.watch.timeout.denomination = 1s (default)
2022-02-24 16:55:58,809 [cf3a7bfa-0a59-4cf0-978b-44f71b96abbc@group-29500492D057-LeaderElection60] INFO  server.RaftServerConfigKeys (ConfUtils.java:logGet(44)) - raft.server.watch.element-limit = 65536 (default)
2022-02-24 16:55:58,809 [cf3a7bfa-0a59-4cf0-978b-44f71b96abbc@group-29500492D057-LeaderElection60] INFO  server.RaftServerConfigKeys (ConfUtils.java:logGet(44)) - raft.server.write.element-limit = 1024 (custom)
2022-02-24 16:55:58,809 [cf3a7bfa-0a59-4cf0-978b-44f71b96abbc@group-29500492D057-LeaderElection60] INFO  server.RaftServerConfigKeys (ConfUtils.java:logGet(44)) - raft.server.write.follower.gap.ratio.max = -1.0 (default)
2022-02-24 16:55:58,809 [cf3a7bfa-0a59-4cf0-978b-44f71b96abbc@group-29500492D057-LeaderElection60] INFO  server.RaftServerConfigKeys (ConfUtils.java:logGet(44)) - raft.server.log.appender.snapshot.chunk.size.max = 16MB (=16777216) (default)
2022-02-24 16:55:58,809 [cf3a7bfa-0a59-4cf0-978b-44f71b96abbc@group-29500492D057-LeaderElection60] INFO  server.RaftServerConfigKeys (ConfUtils.java:logGet(44)) - raft.server.log.appender.buffer.byte-limit = 33554432 (custom)
2022-02-24 16:55:58,809 [cf3a7bfa-0a59-4cf0-978b-44f71b96abbc@group-29500492D057-LeaderElection60] INFO  server.RaftServerConfigKeys (ConfUtils.java:logGet(44)) - raft.server.log.appender.buffer.element-limit = 1 (custom)
2022-02-24 16:55:58,809 [cf3a7bfa-0a59-4cf0-978b-44f71b96abbc@group-29500492D057-LeaderElection60] INFO  grpc.GrpcConfigKeys (ConfUtils.java:logGet(44)) - raft.grpc.server.leader.outstanding.appends.max = 128 (default)
2022-02-24 16:55:58,809 [cf3a7bfa-0a59-4cf0-978b-44f71b96abbc@group-29500492D057-LeaderElection60] INFO  server.RaftServerConfigKeys (ConfUtils.java:logGet(44)) - raft.server.rpc.request.timeout = 3000ms (default)
2022-02-24 16:55:58,809 [cf3a7bfa-0a59-4cf0-978b-44f71b96abbc@group-29500492D057-LeaderElection60] INFO  server.RaftServerConfigKeys (ConfUtils.java:logGet(44)) - raft.server.log.appender.install.snapshot.enabled = false (custom)
2022-02-24 16:55:58,810 [cf3a7bfa-0a59-4cf0-978b-44f71b96abbc@group-29500492D057-LeaderElection60] INFO  server.RaftServerConfigKeys (ConfUtils.java:logGet(44)) - raft.server.log.appender.snapshot.chunk.size.max = 16MB (=16777216) (default)
2022-02-24 16:55:58,810 [cf3a7bfa-0a59-4cf0-978b-44f71b96abbc@group-29500492D057-LeaderElection60] INFO  server.RaftServerConfigKeys (ConfUtils.java:logGet(44)) - raft.server.log.appender.buffer.byte-limit = 33554432 (custom)
2022-02-24 16:55:58,810 [cf3a7bfa-0a59-4cf0-978b-44f71b96abbc@group-29500492D057-LeaderElection60] INFO  server.RaftServerConfigKeys (ConfUtils.java:logGet(44)) - raft.server.log.appender.buffer.element-limit = 1 (custom)
2022-02-24 16:55:58,810 [cf3a7bfa-0a59-4cf0-978b-44f71b96abbc@group-29500492D057-LeaderElection60] INFO  grpc.GrpcConfigKeys (ConfUtils.java:logGet(44)) - raft.grpc.server.leader.outstanding.appends.max = 128 (default)
2022-02-24 16:55:58,810 [cf3a7bfa-0a59-4cf0-978b-44f71b96abbc@group-29500492D057-LeaderElection60] INFO  server.RaftServerConfigKeys (ConfUtils.java:logGet(44)) - raft.server.rpc.request.timeout = 3000ms (default)
2022-02-24 16:55:58,810 [cf3a7bfa-0a59-4cf0-978b-44f71b96abbc@group-29500492D057-LeaderElection60] INFO  server.RaftServerConfigKeys (ConfUtils.java:logGet(44)) - raft.server.log.appender.install.snapshot.enabled = false (custom)
2022-02-24 16:55:58,812 [cf3a7bfa-0a59-4cf0-978b-44f71b96abbc@group-29500492D057-LeaderElection60] INFO  impl.RoleInfo (RoleInfo.java:updateAndGet(130)) - cf3a7bfa-0a59-4cf0-978b-44f71b96abbc: start cf3a7bfa-0a59-4cf0-978b-44f71b96abbc@group-29500492D057-LeaderStateImpl
2022-02-24 16:55:58,812 [cf3a7bfa-0a59-4cf0-978b-44f71b96abbc@group-29500492D057-LeaderElection60] INFO  segmented.SegmentedRaftLogWorker (SegmentedRaftLogWorker.java:startLogSegment(394)) - cf3a7bfa-0a59-4cf0-978b-44f71b96abbc@group-29500492D057-SegmentedRaftLogWorker: Starting segment from index:0
2022-02-24 16:55:58,814 [cf3a7bfa-0a59-4cf0-978b-44f71b96abbc@group-29500492D057-SegmentedRaftLogWorker] INFO  segmented.SegmentedRaftLogWorker (SegmentedRaftLogWorker.java:execute(601)) - cf3a7bfa-0a59-4cf0-978b-44f71b96abbc@group-29500492D057-SegmentedRaftLogWorker: created new log segment /home/runner/work/ozone/ozone/hadoop-ozone/integration-test/target/test-dir/MiniOzoneClusterImpl-a9e0dedd-d836-4895-9472-52c2256152d3/datanode-1/data/ratis/9f1d42e2-676d-4b4b-b843-29500492d057/current/log_inprogress_0
2022-02-24 16:55:58,829 [grpc-default-executor-0] INFO  ratis.XceiverServerRatis (XceiverServerRatis.java:handleLeaderChangedNotification(867)) - Leader change notification received for group: group-29500492D057 with new leaderId: cf3a7bfa-0a59-4cf0-978b-44f71b96abbc
2022-02-24 16:55:58,830 [grpc-default-executor-0] INFO  server.RaftServer$Division (ServerState.java:setLeader(285)) - 2a15bd7e-7896-4db0-9e08-f7464bcd33ee@group-29500492D057: change Leader from null to cf3a7bfa-0a59-4cf0-978b-44f71b96abbc at term 2 for appendEntries, leader elected after 10238ms
2022-02-24 16:55:58,838 [grpc-default-executor-0] INFO  server.RaftServer$Division (ServerState.java:setRaftConf(387)) - 2a15bd7e-7896-4db0-9e08-f7464bcd33ee@group-29500492D057: set configuration 0: [b07270f0-c5b1-4afe-99f3-aa5758d6ba5c|rpc:10.1.0.37:45647|dataStream:|priority:0, 2a15bd7e-7896-4db0-9e08-f7464bcd33ee|rpc:10.1.0.37:41995|dataStream:|priority:0, cf3a7bfa-0a59-4cf0-978b-44f71b96abbc|rpc:10.1.0.37:40183|dataStream:|priority:1], old=null
2022-02-24 16:55:58,838 [grpc-default-executor-0] INFO  segmented.SegmentedRaftLogWorker (SegmentedRaftLogWorker.java:startLogSegment(394)) - 2a15bd7e-7896-4db0-9e08-f7464bcd33ee@group-29500492D057-SegmentedRaftLogWorker: Starting segment from index:0
2022-02-24 16:55:58,840 [2a15bd7e-7896-4db0-9e08-f7464bcd33ee@group-29500492D057-SegmentedRaftLogWorker] INFO  segmented.SegmentedRaftLogWorker (SegmentedRaftLogWorker.java:execute(601)) - 2a15bd7e-7896-4db0-9e08-f7464bcd33ee@group-29500492D057-SegmentedRaftLogWorker: created new log segment /home/runner/work/ozone/ozone/hadoop-ozone/integration-test/target/test-dir/MiniOzoneClusterImpl-a9e0dedd-d836-4895-9472-52c2256152d3/datanode-2/data/ratis/9f1d42e2-676d-4b4b-b843-29500492d057/current/log_inprogress_0
2022-02-24 16:55:58,840 [grpc-default-executor-0] INFO  ratis.XceiverServerRatis (XceiverServerRatis.java:handleLeaderChangedNotification(867)) - Leader change notification received for group: group-29500492D057 with new leaderId: cf3a7bfa-0a59-4cf0-978b-44f71b96abbc
2022-02-24 16:55:58,841 [grpc-default-executor-0] INFO  server.RaftServer$Division (ServerState.java:setLeader(285)) - b07270f0-c5b1-4afe-99f3-aa5758d6ba5c@group-29500492D057: change Leader from null to cf3a7bfa-0a59-4cf0-978b-44f71b96abbc at term 2 for appendEntries, leader elected after 10325ms
2022-02-24 16:55:58,868 [cf3a7bfa-0a59-4cf0-978b-44f71b96abbc@group-29500492D057-LeaderElection60] INFO  server.RaftServer$Division (ServerState.java:setRaftConf(387)) - cf3a7bfa-0a59-4cf0-978b-44f71b96abbc@group-29500492D057: set configuration 0: [b07270f0-c5b1-4afe-99f3-aa5758d6ba5c|rpc:10.1.0.37:45647|dataStream:|priority:0, 2a15bd7e-7896-4db0-9e08-f7464bcd33ee|rpc:10.1.0.37:41995|dataStream:|priority:0, cf3a7bfa-0a59-4cf0-978b-44f71b96abbc|rpc:10.1.0.37:40183|dataStream:|priority:1], old=null
2022-02-24 16:55:58,879 [grpc-default-executor-0] INFO  server.RaftServer$Division (ServerState.java:setRaftConf(387)) - b07270f0-c5b1-4afe-99f3-aa5758d6ba5c@group-29500492D057: set configuration 0: [b07270f0-c5b1-4afe-99f3-aa5758d6ba5c|rpc:10.1.0.37:45647|dataStream:|priority:0, 2a15bd7e-7896-4db0-9e08-f7464bcd33ee|rpc:10.1.0.37:41995|dataStream:|priority:0, cf3a7bfa-0a59-4cf0-978b-44f71b96abbc|rpc:10.1.0.37:40183|dataStream:|priority:1], old=null
2022-02-24 16:55:58,880 [grpc-default-executor-0] INFO  segmented.SegmentedRaftLogWorker (SegmentedRaftLogWorker.java:startLogSegment(394)) - b07270f0-c5b1-4afe-99f3-aa5758d6ba5c@group-29500492D057-SegmentedRaftLogWorker: Starting segment from index:0
2022-02-24 16:55:58,883 [b07270f0-c5b1-4afe-99f3-aa5758d6ba5c@group-29500492D057-SegmentedRaftLogWorker] INFO  segmented.SegmentedRaftLogWorker (SegmentedRaftLogWorker.java:execute(601)) - b07270f0-c5b1-4afe-99f3-aa5758d6ba5c@group-29500492D057-SegmentedRaftLogWorker: created new log segment /home/runner/work/ozone/ozone/hadoop-ozone/integration-test/target/test-dir/MiniOzoneClusterImpl-a9e0dedd-d836-4895-9472-52c2256152d3/datanode-0/data/ratis/9f1d42e2-676d-4b4b-b843-29500492d057/current/log_inprogress_0
2022-02-24 16:55:59,303 [Listener at 127.0.0.1/44987] INFO  ozoneimpl.OzoneContainer (OzoneContainer.java:stop(356)) - Attempting to stop container services.
2022-02-24 16:55:59,303 [Listener at 127.0.0.1/44987] INFO  server.RaftServer (RaftServerProxy.java:lambda$close$6(391)) - cf3a7bfa-0a59-4cf0-978b-44f71b96abbc: close
2022-02-24 16:55:59,304 [Listener at 127.0.0.1/44987] INFO  server.RaftServer$Division (RaftServerImpl.java:lambda$close$4(412)) - cf3a7bfa-0a59-4cf0-978b-44f71b96abbc@group-941F5D11DA8E: shutdown
2022-02-24 16:55:59,304 [Listener at 127.0.0.1/44987] INFO  util.JmxRegister (JmxRegister.java:unregister(73)) - Successfully un-registered JMX Bean with object name Ratis:service=RaftServer,group=group-941F5D11DA8E,id=cf3a7bfa-0a59-4cf0-978b-44f71b96abbc
2022-02-24 16:55:59,304 [Listener at 127.0.0.1/44987] INFO  impl.RoleInfo (RoleInfo.java:shutdownLeaderState(91)) - cf3a7bfa-0a59-4cf0-978b-44f71b96abbc: shutdown cf3a7bfa-0a59-4cf0-978b-44f71b96abbc@group-941F5D11DA8E-LeaderStateImpl
2022-02-24 16:55:59,304 [Listener at 127.0.0.1/44987] INFO  impl.PendingRequests (PendingRequests.java:sendNotLeaderResponses(282)) - cf3a7bfa-0a59-4cf0-978b-44f71b96abbc@group-941F5D11DA8E-PendingRequests: sendNotLeaderResponses
2022-02-24 16:55:59,310 [Listener at 127.0.0.1/44987] INFO  impl.StateMachineUpdater (StateMachineUpdater.java:stopAndJoin(149)) - cf3a7bfa-0a59-4cf0-978b-44f71b96abbc@group-941F5D11DA8E-StateMachineUpdater: set stopIndex = 11
2022-02-24 16:55:59,314 [cf3a7bfa-0a59-4cf0-978b-44f71b96abbc@group-941F5D11DA8E-StateMachineUpdater] INFO  ratis.ContainerStateMachine (ContainerStateMachine.java:takeSnapshot(304)) - group-941F5D11DA8E: Taking a snapshot at:(t:1, i:11) file /home/runner/work/ozone/ozone/hadoop-ozone/integration-test/target/test-dir/MiniOzoneClusterImpl-a9e0dedd-d836-4895-9472-52c2256152d3/datanode-1/data/ratis/491b94e5-b470-455f-9927-941f5d11da8e/sm/snapshot.1_11
2022-02-24 16:55:59,314 [ForkJoinPool.commonPool-worker-1] INFO  server.RaftServer$Division (RaftServerImpl.java:lambda$close$4(412)) - cf3a7bfa-0a59-4cf0-978b-44f71b96abbc@group-9C1E72ACA101: shutdown
2022-02-24 16:55:59,314 [ForkJoinPool.commonPool-worker-1] INFO  util.JmxRegister (JmxRegister.java:unregister(73)) - Successfully un-registered JMX Bean with object name Ratis:service=RaftServer,group=group-9C1E72ACA101,id=cf3a7bfa-0a59-4cf0-978b-44f71b96abbc
2022-02-24 16:55:59,314 [ForkJoinPool.commonPool-worker-1] INFO  impl.RoleInfo (RoleInfo.java:shutdownFollowerState(108)) - cf3a7bfa-0a59-4cf0-978b-44f71b96abbc: shutdown cf3a7bfa-0a59-4cf0-978b-44f71b96abbc@group-9C1E72ACA101-FollowerState
2022-02-24 16:55:59,314 [ForkJoinPool.commonPool-worker-1] INFO  impl.StateMachineUpdater (StateMachineUpdater.java:stopAndJoin(149)) - cf3a7bfa-0a59-4cf0-978b-44f71b96abbc@group-9C1E72ACA101-StateMachineUpdater: set stopIndex = 0
2022-02-24 16:55:59,315 [cf3a7bfa-0a59-4cf0-978b-44f71b96abbc@group-9C1E72ACA101-StateMachineUpdater] INFO  ratis.ContainerStateMachine (ContainerStateMachine.java:takeSnapshot(304)) - group-9C1E72ACA101: Taking a snapshot at:(t:1, i:0) file /home/runner/work/ozone/ozone/hadoop-ozone/integration-test/target/test-dir/MiniOzoneClusterImpl-a9e0dedd-d836-4895-9472-52c2256152d3/datanode-1/data/ratis/b23504de-3ed0-4c19-82f8-9c1e72aca101/sm/snapshot.1_0
2022-02-24 16:55:59,315 [cf3a7bfa-0a59-4cf0-978b-44f71b96abbc@group-941F5D11DA8E-StateMachineUpdater] INFO  ratis.ContainerStateMachine (ContainerStateMachine.java:takeSnapshot(315)) - group-941F5D11DA8E: Finished taking a snapshot at:(t:1, i:11) file:/home/runner/work/ozone/ozone/hadoop-ozone/integration-test/target/test-dir/MiniOzoneClusterImpl-a9e0dedd-d836-4895-9472-52c2256152d3/datanode-1/data/ratis/491b94e5-b470-455f-9927-941f5d11da8e/sm/snapshot.1_11 took: 1 ms
2022-02-24 16:55:59,315 [cf3a7bfa-0a59-4cf0-978b-44f71b96abbc@group-9C1E72ACA101-StateMachineUpdater] INFO  ratis.ContainerStateMachine (ContainerStateMachine.java:takeSnapshot(315)) - group-9C1E72ACA101: Finished taking a snapshot at:(t:1, i:0) file:/home/runner/work/ozone/ozone/hadoop-ozone/integration-test/target/test-dir/MiniOzoneClusterImpl-a9e0dedd-d836-4895-9472-52c2256152d3/datanode-1/data/ratis/b23504de-3ed0-4c19-82f8-9c1e72aca101/sm/snapshot.1_0 took: 0 ms
2022-02-24 16:55:59,315 [cf3a7bfa-0a59-4cf0-978b-44f71b96abbc@group-9C1E72ACA101-StateMachineUpdater] INFO  impl.StateMachineUpdater (StateMachineUpdater.java:takeSnapshot(281)) - cf3a7bfa-0a59-4cf0-978b-44f71b96abbc@group-9C1E72ACA101-StateMachineUpdater: Took a snapshot at index 0
2022-02-24 16:55:59,315 [cf3a7bfa-0a59-4cf0-978b-44f71b96abbc@group-9C1E72ACA101-StateMachineUpdater] INFO  impl.StateMachineUpdater (StateMachineUpdater.java:lambda$new$0(89)) - cf3a7bfa-0a59-4cf0-978b-44f71b96abbc@group-9C1E72ACA101-StateMachineUpdater: snapshotIndex: updateIncreasingly -1 -> 0
2022-02-24 16:55:59,316 [cf3a7bfa-0a59-4cf0-978b-44f71b96abbc@group-941F5D11DA8E-StateMachineUpdater] INFO  impl.StateMachineUpdater (StateMachineUpdater.java:takeSnapshot(281)) - cf3a7bfa-0a59-4cf0-978b-44f71b96abbc@group-941F5D11DA8E-StateMachineUpdater: Took a snapshot at index 11
2022-02-24 16:55:59,316 [cf3a7bfa-0a59-4cf0-978b-44f71b96abbc@group-941F5D11DA8E-StateMachineUpdater] INFO  impl.StateMachineUpdater (StateMachineUpdater.java:lambda$new$0(89)) - cf3a7bfa-0a59-4cf0-978b-44f71b96abbc@group-941F5D11DA8E-StateMachineUpdater: snapshotIndex: updateIncreasingly -1 -> 11
2022-02-24 16:55:59,316 [Listener at 127.0.0.1/44987] INFO  server.RaftServer$Division (ServerState.java:close(419)) - cf3a7bfa-0a59-4cf0-978b-44f71b96abbc@group-941F5D11DA8E: closes. applyIndex: 11
2022-02-24 16:55:59,317 [cf3a7bfa-0a59-4cf0-978b-44f71b96abbc@group-941F5D11DA8E-SegmentedRaftLogWorker] INFO  segmented.SegmentedRaftLogWorker (SegmentedRaftLogWorker.java:run(327)) - cf3a7bfa-0a59-4cf0-978b-44f71b96abbc@group-941F5D11DA8E-SegmentedRaftLogWorker was interrupted, exiting. There are 0 tasks remaining in the queue.
2022-02-24 16:55:59,317 [ForkJoinPool.commonPool-worker-1] INFO  server.RaftServer$Division (ServerState.java:close(419)) - cf3a7bfa-0a59-4cf0-978b-44f71b96abbc@group-9C1E72ACA101: closes. applyIndex: 0
2022-02-24 16:55:59,317 [cf3a7bfa-0a59-4cf0-978b-44f71b96abbc@group-9C1E72ACA101-SegmentedRaftLogWorker] INFO  segmented.SegmentedRaftLogWorker (SegmentedRaftLogWorker.java:run(327)) - cf3a7bfa-0a59-4cf0-978b-44f71b96abbc@group-9C1E72ACA101-SegmentedRaftLogWorker was interrupted, exiting. There are 0 tasks remaining in the queue.
2022-02-24 16:55:59,319 [cf3a7bfa-0a59-4cf0-978b-44f71b96abbc@group-9C1E72ACA101-FollowerState] INFO  impl.FollowerState (FollowerState.java:run(143)) - cf3a7bfa-0a59-4cf0-978b-44f71b96abbc@group-9C1E72ACA101-FollowerState was interrupted: {}
java.lang.InterruptedException: sleep interrupted
	at java.lang.Thread.sleep(Native Method)
	at java.lang.Thread.sleep(Thread.java:342)
	at java.util.concurrent.TimeUnit.sleep(TimeUnit.java:386)
	at org.apache.ratis.util.TimeDuration.sleep(TimeDuration.java:324)
	at org.apache.ratis.util.TimeDuration.sleep(TimeDuration.java:309)
	at org.apache.ratis.server.impl.FollowerState.run(FollowerState.java:118)
2022-02-24 16:55:59,329 [ForkJoinPool.commonPool-worker-1] INFO  segmented.SegmentedRaftLogWorker (SegmentedRaftLogWorker.java:close(237)) - cf3a7bfa-0a59-4cf0-978b-44f71b96abbc@group-9C1E72ACA101-SegmentedRaftLogWorker close()
2022-02-24 16:55:59,329 [Listener at 127.0.0.1/44987] INFO  segmented.SegmentedRaftLogWorker (SegmentedRaftLogWorker.java:close(237)) - cf3a7bfa-0a59-4cf0-978b-44f71b96abbc@group-941F5D11DA8E-SegmentedRaftLogWorker close()
2022-02-24 16:55:59,336 [ForkJoinPool.commonPool-worker-1] INFO  server.RaftServer$Division (RaftServerImpl.java:lambda$close$4(412)) - cf3a7bfa-0a59-4cf0-978b-44f71b96abbc@group-F4FF6A221EE2: shutdown
2022-02-24 16:55:59,352 [ForkJoinPool.commonPool-worker-1] INFO  util.JmxRegister (JmxRegister.java:unregister(73)) - Successfully un-registered JMX Bean with object name Ratis:service=RaftServer,group=group-F4FF6A221EE2,id=cf3a7bfa-0a59-4cf0-978b-44f71b96abbc
2022-02-24 16:55:59,353 [ForkJoinPool.commonPool-worker-1] INFO  impl.RoleInfo (RoleInfo.java:shutdownFollowerState(108)) - cf3a7bfa-0a59-4cf0-978b-44f71b96abbc: shutdown cf3a7bfa-0a59-4cf0-978b-44f71b96abbc@group-F4FF6A221EE2-FollowerState
2022-02-24 16:55:59,353 [ForkJoinPool.commonPool-worker-1] INFO  impl.StateMachineUpdater (StateMachineUpdater.java:stopAndJoin(149)) - cf3a7bfa-0a59-4cf0-978b-44f71b96abbc@group-F4FF6A221EE2-StateMachineUpdater: set stopIndex = -1
2022-02-24 16:55:59,353 [cf3a7bfa-0a59-4cf0-978b-44f71b96abbc@group-F4FF6A221EE2-FollowerState] INFO  impl.FollowerState (FollowerState.java:run(143)) - cf3a7bfa-0a59-4cf0-978b-44f71b96abbc@group-F4FF6A221EE2-FollowerState was interrupted: {}
java.lang.InterruptedException: sleep interrupted
	at java.lang.Thread.sleep(Native Method)
	at java.lang.Thread.sleep(Thread.java:342)
	at java.util.concurrent.TimeUnit.sleep(TimeUnit.java:386)
	at org.apache.ratis.util.TimeDuration.sleep(TimeDuration.java:324)
	at org.apache.ratis.util.TimeDuration.sleep(TimeDuration.java:309)
	at org.apache.ratis.server.impl.FollowerState.run(FollowerState.java:118)
2022-02-24 16:55:59,362 [ForkJoinPool.commonPool-worker-1] INFO  server.RaftServer$Division (ServerState.java:close(419)) - cf3a7bfa-0a59-4cf0-978b-44f71b96abbc@group-F4FF6A221EE2: closes. applyIndex: -1
2022-02-24 16:55:59,362 [cf3a7bfa-0a59-4cf0-978b-44f71b96abbc@group-F4FF6A221EE2-SegmentedRaftLogWorker] INFO  segmented.SegmentedRaftLogWorker (SegmentedRaftLogWorker.java:run(327)) - cf3a7bfa-0a59-4cf0-978b-44f71b96abbc@group-F4FF6A221EE2-SegmentedRaftLogWorker was interrupted, exiting. There are 0 tasks remaining in the queue.
2022-02-24 16:55:59,363 [ForkJoinPool.commonPool-worker-1] INFO  segmented.SegmentedRaftLogWorker (SegmentedRaftLogWorker.java:close(237)) - cf3a7bfa-0a59-4cf0-978b-44f71b96abbc@group-F4FF6A221EE2-SegmentedRaftLogWorker close()
2022-02-24 16:55:59,364 [ForkJoinPool.commonPool-worker-1] INFO  server.RaftServer$Division (RaftServerImpl.java:lambda$close$4(412)) - cf3a7bfa-0a59-4cf0-978b-44f71b96abbc@group-29500492D057: shutdown
2022-02-24 16:55:59,364 [ForkJoinPool.commonPool-worker-1] INFO  util.JmxRegister (JmxRegister.java:unregister(73)) - Successfully un-registered JMX Bean with object name Ratis:service=RaftServer,group=group-29500492D057,id=cf3a7bfa-0a59-4cf0-978b-44f71b96abbc
2022-02-24 16:55:59,364 [ForkJoinPool.commonPool-worker-1] INFO  impl.RoleInfo (RoleInfo.java:shutdownLeaderState(91)) - cf3a7bfa-0a59-4cf0-978b-44f71b96abbc: shutdown cf3a7bfa-0a59-4cf0-978b-44f71b96abbc@group-29500492D057-LeaderStateImpl
2022-02-24 16:55:59,364 [ForkJoinPool.commonPool-worker-1] INFO  impl.PendingRequests (PendingRequests.java:sendNotLeaderResponses(282)) - cf3a7bfa-0a59-4cf0-978b-44f71b96abbc@group-29500492D057-PendingRequests: sendNotLeaderResponses
2022-02-24 16:55:59,365 [cf3a7bfa-0a59-4cf0-978b-44f71b96abbc@group-29500492D057->b07270f0-c5b1-4afe-99f3-aa5758d6ba5c-GrpcLogAppender-LogAppenderDaemon] WARN  server.GrpcLogAppender (GrpcLogAppender.java:mayWait(177)) - cf3a7bfa-0a59-4cf0-978b-44f71b96abbc@group-29500492D057->b07270f0-c5b1-4afe-99f3-aa5758d6ba5c-GrpcLogAppender: Wait interrupted by java.lang.InterruptedException
2022-02-24 16:55:59,364 [cf3a7bfa-0a59-4cf0-978b-44f71b96abbc@group-29500492D057->2a15bd7e-7896-4db0-9e08-f7464bcd33ee-GrpcLogAppender-LogAppenderDaemon] WARN  server.GrpcLogAppender (GrpcLogAppender.java:mayWait(177)) - cf3a7bfa-0a59-4cf0-978b-44f71b96abbc@group-29500492D057->2a15bd7e-7896-4db0-9e08-f7464bcd33ee-GrpcLogAppender: Wait interrupted by java.lang.InterruptedException
2022-02-24 16:55:59,365 [ForkJoinPool.commonPool-worker-1] INFO  impl.StateMachineUpdater (StateMachineUpdater.java:stopAndJoin(149)) - cf3a7bfa-0a59-4cf0-978b-44f71b96abbc@group-29500492D057-StateMachineUpdater: set stopIndex = 0
2022-02-24 16:55:59,365 [cf3a7bfa-0a59-4cf0-978b-44f71b96abbc@group-29500492D057-StateMachineUpdater] INFO  ratis.ContainerStateMachine (ContainerStateMachine.java:takeSnapshot(304)) - group-29500492D057: Taking a snapshot at:(t:2, i:0) file /home/runner/work/ozone/ozone/hadoop-ozone/integration-test/target/test-dir/MiniOzoneClusterImpl-a9e0dedd-d836-4895-9472-52c2256152d3/datanode-1/data/ratis/9f1d42e2-676d-4b4b-b843-29500492d057/sm/snapshot.2_0
2022-02-24 16:55:59,366 [grpc-default-executor-4] INFO  server.GrpcServerProtocolService (GrpcServerProtocolService.java:onCompleted(140)) - b07270f0-c5b1-4afe-99f3-aa5758d6ba5c: Completed APPEND_ENTRIES, lastRequest: cf3a7bfa-0a59-4cf0-978b-44f71b96abbc->b07270f0-c5b1-4afe-99f3-aa5758d6ba5c#1-t2,previous=(t:0, i:0),leaderCommit=-1,initializing? true,entries: size=1, first=(t:2, i:0), CONFIGURATIONENTRY
2022-02-24 16:55:59,366 [grpc-default-executor-0] INFO  server.GrpcServerProtocolService (GrpcServerProtocolService.java:onCompleted(140)) - 2a15bd7e-7896-4db0-9e08-f7464bcd33ee: Completed APPEND_ENTRIES, lastRequest: cf3a7bfa-0a59-4cf0-978b-44f71b96abbc->2a15bd7e-7896-4db0-9e08-f7464bcd33ee#1-t2,previous=(t:0, i:0),leaderCommit=-1,initializing? true,entries: size=1, first=(t:2, i:0), CONFIGURATIONENTRY
2022-02-24 16:55:59,366 [cf3a7bfa-0a59-4cf0-978b-44f71b96abbc@group-29500492D057-StateMachineUpdater] INFO  ratis.ContainerStateMachine (ContainerStateMachine.java:takeSnapshot(315)) - group-29500492D057: Finished taking a snapshot at:(t:2, i:0) file:/home/runner/work/ozone/ozone/hadoop-ozone/integration-test/target/test-dir/MiniOzoneClusterImpl-a9e0dedd-d836-4895-9472-52c2256152d3/datanode-1/data/ratis/9f1d42e2-676d-4b4b-b843-29500492d057/sm/snapshot.2_0 took: 1 ms
2022-02-24 16:55:59,366 [cf3a7bfa-0a59-4cf0-978b-44f71b96abbc@group-29500492D057-StateMachineUpdater] INFO  impl.StateMachineUpdater (StateMachineUpdater.java:takeSnapshot(281)) - cf3a7bfa-0a59-4cf0-978b-44f71b96abbc@group-29500492D057-StateMachineUpdater: Took a snapshot at index 0
2022-02-24 16:55:59,366 [cf3a7bfa-0a59-4cf0-978b-44f71b96abbc@group-29500492D057-StateMachineUpdater] INFO  impl.StateMachineUpdater (StateMachineUpdater.java:lambda$new$0(89)) - cf3a7bfa-0a59-4cf0-978b-44f71b96abbc@group-29500492D057-StateMachineUpdater: snapshotIndex: updateIncreasingly -1 -> 0
2022-02-24 16:55:59,367 [ForkJoinPool.commonPool-worker-1] INFO  server.RaftServer$Division (ServerState.java:close(419)) - cf3a7bfa-0a59-4cf0-978b-44f71b96abbc@group-29500492D057: closes. applyIndex: 0
2022-02-24 16:55:59,367 [cf3a7bfa-0a59-4cf0-978b-44f71b96abbc@group-29500492D057-SegmentedRaftLogWorker] INFO  segmented.SegmentedRaftLogWorker (SegmentedRaftLogWorker.java:run(327)) - cf3a7bfa-0a59-4cf0-978b-44f71b96abbc@group-29500492D057-SegmentedRaftLogWorker was interrupted, exiting. There are 0 tasks remaining in the queue.
2022-02-24 16:55:59,367 [grpc-default-executor-0] INFO  server.GrpcLogAppender (GrpcLogAppender.java:onCompleted(346)) - cf3a7bfa-0a59-4cf0-978b-44f71b96abbc@group-29500492D057->b07270f0-c5b1-4afe-99f3-aa5758d6ba5c-AppendLogResponseHandler: follower responses appendEntries COMPLETED
2022-02-24 16:55:59,367 [grpc-default-executor-0] INFO  leader.FollowerInfo (FollowerInfoImpl.java:lambda$new$0(47)) - cf3a7bfa-0a59-4cf0-978b-44f71b96abbc@group-29500492D057->b07270f0-c5b1-4afe-99f3-aa5758d6ba5c: nextIndex: updateUnconditionally 1 -> 0
2022-02-24 16:55:59,368 [ForkJoinPool.commonPool-worker-1] INFO  segmented.SegmentedRaftLogWorker (SegmentedRaftLogWorker.java:close(237)) - cf3a7bfa-0a59-4cf0-978b-44f71b96abbc@group-29500492D057-SegmentedRaftLogWorker close()
2022-02-24 16:55:59,370 [Listener at 127.0.0.1/44987] INFO  server.GrpcService (GrpcService.java:closeImpl(262)) - cf3a7bfa-0a59-4cf0-978b-44f71b96abbc: shutdown server with port 40183 now
2022-02-24 16:55:59,371 [grpc-default-executor-0] WARN  server.GrpcServerProtocolService (LogUtils.java:warn(122)) - cf3a7bfa-0a59-4cf0-978b-44f71b96abbc: installSnapshot onError, lastRequest: b07270f0-c5b1-4afe-99f3-aa5758d6ba5c->cf3a7bfa-0a59-4cf0-978b-44f71b96abbc#1-t1,previous=(t:0, i:0),leaderCommit=0,initializing? true,entries: size=1, first=(t:1, i:0), CONFIGURATIONENTRY: org.apache.ratis.thirdparty.io.grpc.StatusRuntimeException: CANCELLED: client cancelled
2022-02-24 16:55:59,371 [grpc-default-executor-0] WARN  server.GrpcLogAppender (LogUtils.java:warn(122)) - b07270f0-c5b1-4afe-99f3-aa5758d6ba5c@group-9C1E72ACA101->cf3a7bfa-0a59-4cf0-978b-44f71b96abbc-AppendLogResponseHandler: Failed appendEntries: org.apache.ratis.thirdparty.io.grpc.StatusRuntimeException: CANCELLED: HTTP/2 error code: CANCEL
Received Rst Stream
2022-02-24 16:55:59,372 [grpc-default-executor-0] WARN  server.GrpcLogAppender (GrpcLogAppender.java:resetClient(110)) - b07270f0-c5b1-4afe-99f3-aa5758d6ba5c@group-9C1E72ACA101->cf3a7bfa-0a59-4cf0-978b-44f71b96abbc-GrpcLogAppender: Leader has not got in touch with Follower b07270f0-c5b1-4afe-99f3-aa5758d6ba5c@group-9C1E72ACA101->cf3a7bfa-0a59-4cf0-978b-44f71b96abbc(c0,m0,n1, attendVote=true, lastRpcSendTime=760, lastRpcResponseTime=752) yet, just keep nextIndex unchanged and retry.
2022-02-24 16:55:59,393 [Listener at 127.0.0.1/44987] INFO  server.GrpcService (GrpcService.java:closeImpl(271)) - cf3a7bfa-0a59-4cf0-978b-44f71b96abbc: shutdown server with port 40183 successfully
2022-02-24 16:55:59,393 [org.apache.ratis.util.JvmPauseMonitor$$Lambda$431/1797702346@27371efa] INFO  util.JvmPauseMonitor (JvmPauseMonitor.java:run(109)) - JvmPauseMonitor-cf3a7bfa-0a59-4cf0-978b-44f71b96abbc: Stopped
2022-02-24 16:55:59,407 [grpc-default-executor-0] INFO  server.GrpcLogAppender (GrpcLogAppender.java:onCompleted(346)) - cf3a7bfa-0a59-4cf0-978b-44f71b96abbc@group-29500492D057->2a15bd7e-7896-4db0-9e08-f7464bcd33ee-AppendLogResponseHandler: follower responses appendEntries COMPLETED
2022-02-24 16:55:59,407 [grpc-default-executor-0] WARN  server.GrpcLogAppender (GrpcLogAppender.java:resetClient(116)) - cf3a7bfa-0a59-4cf0-978b-44f71b96abbc@group-29500492D057->2a15bd7e-7896-4db0-9e08-f7464bcd33ee-GrpcLogAppender: Failed to getClient for 2a15bd7e-7896-4db0-9e08-f7464bcd33ee
org.apache.ratis.protocol.exceptions.AlreadyClosedException: cf3a7bfa-0a59-4cf0-978b-44f71b96abbc is already CLOSED
	at org.apache.ratis.util.PeerProxyMap$PeerAndProxy.getProxy(PeerProxyMap.java:60)
	at org.apache.ratis.util.PeerProxyMap.getProxy(PeerProxyMap.java:114)
	at org.apache.ratis.grpc.server.GrpcLogAppender.getClient(GrpcLogAppender.java:95)
	at org.apache.ratis.grpc.server.GrpcLogAppender.resetClient(GrpcLogAppender.java:100)
	at org.apache.ratis.grpc.server.GrpcLogAppender.access$500(GrpcLogAppender.java:53)
	at org.apache.ratis.grpc.server.GrpcLogAppender$AppendLogResponseHandler.onCompleted(GrpcLogAppender.java:347)
	at org.apache.ratis.thirdparty.io.grpc.stub.ClientCalls$StreamObserverToCallListenerAdapter.onClose(ClientCalls.java:476)
	at org.apache.ratis.thirdparty.io.grpc.internal.ClientCallImpl.closeObserver(ClientCallImpl.java:616)
	at org.apache.ratis.thirdparty.io.grpc.internal.ClientCallImpl.access$300(ClientCallImpl.java:69)
	at org.apache.ratis.thirdparty.io.grpc.internal.ClientCallImpl$ClientStreamListenerImpl$1StreamClosed.runInternal(ClientCallImpl.java:802)
	at org.apache.ratis.thirdparty.io.grpc.internal.ClientCallImpl$ClientStreamListenerImpl$1StreamClosed.runInContext(ClientCallImpl.java:781)
	at org.apache.ratis.thirdparty.io.grpc.internal.ContextRunnable.run(ContextRunnable.java:37)
	at org.apache.ratis.thirdparty.io.grpc.internal.SerializingExecutor.run(SerializingExecutor.java:123)
	at java.util.concurrent.ThreadPoolExecutor.runWorker(ThreadPoolExecutor.java:1149)
	at java.util.concurrent.ThreadPoolExecutor$Worker.run(ThreadPoolExecutor.java:624)
	at java.lang.Thread.run(Thread.java:750)
2022-02-24 16:56:00,352 [6aa02a95-f8ab-442c-9ba0-fd232060c81a@group-D1BF1DB2EA83-FollowerState] INFO  impl.FollowerState (FollowerState.java:run(134)) - 6aa02a95-f8ab-442c-9ba0-fd232060c81a@group-D1BF1DB2EA83-FollowerState: change to CANDIDATE, lastRpcElapsedTime:5071726050ns, electionTimeout:5064ms
2022-02-24 16:56:00,353 [6aa02a95-f8ab-442c-9ba0-fd232060c81a@group-D1BF1DB2EA83-FollowerState] INFO  impl.RoleInfo (RoleInfo.java:shutdownFollowerState(108)) - 6aa02a95-f8ab-442c-9ba0-fd232060c81a: shutdown 6aa02a95-f8ab-442c-9ba0-fd232060c81a@group-D1BF1DB2EA83-FollowerState
2022-02-24 16:56:00,353 [6aa02a95-f8ab-442c-9ba0-fd232060c81a@group-D1BF1DB2EA83-FollowerState] INFO  server.RaftServer$Division (RaftServerImpl.java:setRole(290)) - 6aa02a95-f8ab-442c-9ba0-fd232060c81a@group-D1BF1DB2EA83: changes role from  FOLLOWER to CANDIDATE at term 1 for changeToCandidate
2022-02-24 16:56:00,353 [6aa02a95-f8ab-442c-9ba0-fd232060c81a@group-D1BF1DB2EA83-FollowerState] INFO  server.RaftServerConfigKeys (ConfUtils.java:logGet(44)) - raft.server.leaderelection.pre-vote = false (custom)
2022-02-24 16:56:00,353 [6aa02a95-f8ab-442c-9ba0-fd232060c81a@group-D1BF1DB2EA83-FollowerState] INFO  impl.RoleInfo (RoleInfo.java:updateAndGet(130)) - 6aa02a95-f8ab-442c-9ba0-fd232060c81a: start 6aa02a95-f8ab-442c-9ba0-fd232060c81a@group-D1BF1DB2EA83-LeaderElection61
2022-02-24 16:56:00,392 [6aa02a95-f8ab-442c-9ba0-fd232060c81a@group-D1BF1DB2EA83-LeaderElection61] INFO  impl.LeaderElection (LeaderElection.java:askForVotes(306)) - 6aa02a95-f8ab-442c-9ba0-fd232060c81a@group-D1BF1DB2EA83-LeaderElection61 ELECTION round 0: submit vote requests at term 2 for -1: [6aa02a95-f8ab-442c-9ba0-fd232060c81a|rpc:10.1.0.37:41563|dataStream:|priority:1, 2ccab0b5-4479-416a-9931-5373164cc31d|rpc:10.1.0.37:41069|dataStream:|priority:0, 37eb1d61-39bb-4850-ab96-a7546aa7d2af|rpc:10.1.0.37:34927|dataStream:|priority:0], old=null
2022-02-24 16:56:00,399 [2ccab0b5-4479-416a-9931-5373164cc31d@group-D1BF1DB2EA83-FollowerState] INFO  impl.FollowerState (FollowerState.java:run(134)) - 2ccab0b5-4479-416a-9931-5373164cc31d@group-D1BF1DB2EA83-FollowerState: change to CANDIDATE, lastRpcElapsedTime:5038978368ns, electionTimeout:5029ms
2022-02-24 16:56:00,399 [2ccab0b5-4479-416a-9931-5373164cc31d@group-D1BF1DB2EA83-FollowerState] INFO  impl.RoleInfo (RoleInfo.java:shutdownFollowerState(108)) - 2ccab0b5-4479-416a-9931-5373164cc31d: shutdown 2ccab0b5-4479-416a-9931-5373164cc31d@group-D1BF1DB2EA83-FollowerState
2022-02-24 16:56:00,399 [2ccab0b5-4479-416a-9931-5373164cc31d@group-D1BF1DB2EA83-FollowerState] INFO  server.RaftServer$Division (RaftServerImpl.java:setRole(290)) - 2ccab0b5-4479-416a-9931-5373164cc31d@group-D1BF1DB2EA83: changes role from  FOLLOWER to CANDIDATE at term 1 for changeToCandidate
2022-02-24 16:56:00,403 [2ccab0b5-4479-416a-9931-5373164cc31d@group-D1BF1DB2EA83-FollowerState] INFO  server.RaftServerConfigKeys (ConfUtils.java:logGet(44)) - raft.server.leaderelection.pre-vote = false (custom)
2022-02-24 16:56:00,403 [2ccab0b5-4479-416a-9931-5373164cc31d@group-D1BF1DB2EA83-FollowerState] INFO  impl.RoleInfo (RoleInfo.java:updateAndGet(130)) - 2ccab0b5-4479-416a-9931-5373164cc31d: start 2ccab0b5-4479-416a-9931-5373164cc31d@group-D1BF1DB2EA83-LeaderElection62
2022-02-24 16:56:00,405 [grpc-default-executor-0] INFO  server.RaftServer$Division (RaftServerImpl.java:requestVote(1046)) - 2ccab0b5-4479-416a-9931-5373164cc31d@group-D1BF1DB2EA83: receive requestVote(ELECTION, 6aa02a95-f8ab-442c-9ba0-fd232060c81a, group-D1BF1DB2EA83, 2, (t:0, i:0))
2022-02-24 16:56:00,406 [grpc-default-executor-4] INFO  server.RaftServer$Division (RaftServerImpl.java:requestVote(1046)) - 37eb1d61-39bb-4850-ab96-a7546aa7d2af@group-D1BF1DB2EA83: receive requestVote(ELECTION, 6aa02a95-f8ab-442c-9ba0-fd232060c81a, group-D1BF1DB2EA83, 2, (t:0, i:0))
2022-02-24 16:56:00,406 [grpc-default-executor-4] INFO  impl.VoteContext (VoteContext.java:log(48)) - 37eb1d61-39bb-4850-ab96-a7546aa7d2af@group-D1BF1DB2EA83-FOLLOWER: accept ELECTION from 6aa02a95-f8ab-442c-9ba0-fd232060c81a: our priority 0 <= candidate's priority 1
2022-02-24 16:56:00,406 [grpc-default-executor-4] INFO  server.RaftServer$Division (RaftServerImpl.java:setRole(290)) - 37eb1d61-39bb-4850-ab96-a7546aa7d2af@group-D1BF1DB2EA83: changes role from  FOLLOWER to FOLLOWER at term 2 for candidate:6aa02a95-f8ab-442c-9ba0-fd232060c81a
2022-02-24 16:56:00,406 [grpc-default-executor-4] INFO  impl.RoleInfo (RoleInfo.java:shutdownFollowerState(108)) - 37eb1d61-39bb-4850-ab96-a7546aa7d2af: shutdown 37eb1d61-39bb-4850-ab96-a7546aa7d2af@group-D1BF1DB2EA83-FollowerState
2022-02-24 16:56:00,406 [grpc-default-executor-4] INFO  impl.RoleInfo (RoleInfo.java:updateAndGet(130)) - 37eb1d61-39bb-4850-ab96-a7546aa7d2af: start 37eb1d61-39bb-4850-ab96-a7546aa7d2af@group-D1BF1DB2EA83-FollowerState
2022-02-24 16:56:00,406 [37eb1d61-39bb-4850-ab96-a7546aa7d2af@group-D1BF1DB2EA83-FollowerState] INFO  impl.FollowerState (FollowerState.java:run(143)) - 37eb1d61-39bb-4850-ab96-a7546aa7d2af@group-D1BF1DB2EA83-FollowerState was interrupted: {}
java.lang.InterruptedException: sleep interrupted
	at java.lang.Thread.sleep(Native Method)
	at java.lang.Thread.sleep(Thread.java:342)
	at java.util.concurrent.TimeUnit.sleep(TimeUnit.java:386)
	at org.apache.ratis.util.TimeDuration.sleep(TimeDuration.java:324)
	at org.apache.ratis.util.TimeDuration.sleep(TimeDuration.java:309)
	at org.apache.ratis.server.impl.FollowerState.run(FollowerState.java:118)
2022-02-24 16:56:00,419 [2ccab0b5-4479-416a-9931-5373164cc31d@group-D1BF1DB2EA83-LeaderElection62] INFO  impl.LeaderElection (LeaderElection.java:askForVotes(306)) - 2ccab0b5-4479-416a-9931-5373164cc31d@group-D1BF1DB2EA83-LeaderElection62 ELECTION round 0: submit vote requests at term 2 for -1: [6aa02a95-f8ab-442c-9ba0-fd232060c81a|rpc:10.1.0.37:41563|priority:1, 2ccab0b5-4479-416a-9931-5373164cc31d|rpc:10.1.0.37:41069|priority:0, 37eb1d61-39bb-4850-ab96-a7546aa7d2af|rpc:10.1.0.37:34927|priority:0], old=null
2022-02-24 16:56:00,419 [grpc-default-executor-0] INFO  impl.VoteContext (VoteContext.java:log(48)) - 2ccab0b5-4479-416a-9931-5373164cc31d@group-D1BF1DB2EA83-CANDIDATE: reject ELECTION from 6aa02a95-f8ab-442c-9ba0-fd232060c81a: already has voted for 2ccab0b5-4479-416a-9931-5373164cc31d at current term 2
2022-02-24 16:56:00,419 [grpc-default-executor-0] INFO  server.RaftServer$Division (RaftServerImpl.java:requestVote(1078)) - 2ccab0b5-4479-416a-9931-5373164cc31d@group-D1BF1DB2EA83 replies to ELECTION vote request: 6aa02a95-f8ab-442c-9ba0-fd232060c81a<-2ccab0b5-4479-416a-9931-5373164cc31d#0:FAIL-t2. Peer's state: 2ccab0b5-4479-416a-9931-5373164cc31d@group-D1BF1DB2EA83:t2, leader=null, voted=2ccab0b5-4479-416a-9931-5373164cc31d, raftlog=2ccab0b5-4479-416a-9931-5373164cc31d@group-D1BF1DB2EA83-SegmentedRaftLog:OPENED:c-1, conf=-1: [6aa02a95-f8ab-442c-9ba0-fd232060c81a|rpc:10.1.0.37:41563|priority:1, 2ccab0b5-4479-416a-9931-5373164cc31d|rpc:10.1.0.37:41069|priority:0, 37eb1d61-39bb-4850-ab96-a7546aa7d2af|rpc:10.1.0.37:34927|priority:0], old=null
2022-02-24 16:56:00,428 [grpc-default-executor-4] INFO  server.RaftServer$Division (RaftServerImpl.java:requestVote(1078)) - 37eb1d61-39bb-4850-ab96-a7546aa7d2af@group-D1BF1DB2EA83 replies to ELECTION vote request: 6aa02a95-f8ab-442c-9ba0-fd232060c81a<-37eb1d61-39bb-4850-ab96-a7546aa7d2af#0:OK-t2. Peer's state: 37eb1d61-39bb-4850-ab96-a7546aa7d2af@group-D1BF1DB2EA83:t2, leader=null, voted=6aa02a95-f8ab-442c-9ba0-fd232060c81a, raftlog=37eb1d61-39bb-4850-ab96-a7546aa7d2af@group-D1BF1DB2EA83-SegmentedRaftLog:OPENED:c-1, conf=-1: [6aa02a95-f8ab-442c-9ba0-fd232060c81a|rpc:10.1.0.37:41563|dataStream:|priority:1, 2ccab0b5-4479-416a-9931-5373164cc31d|rpc:10.1.0.37:41069|dataStream:|priority:0, 37eb1d61-39bb-4850-ab96-a7546aa7d2af|rpc:10.1.0.37:34927|dataStream:|priority:0], old=null
2022-02-24 16:56:00,431 [6aa02a95-f8ab-442c-9ba0-fd232060c81a@group-D1BF1DB2EA83-LeaderElection61] INFO  impl.LeaderElection (LeaderElection.java:logAndReturn(89)) - 6aa02a95-f8ab-442c-9ba0-fd232060c81a@group-D1BF1DB2EA83-LeaderElection61: ELECTION PASSED received 2 response(s) and 0 exception(s):
2022-02-24 16:56:00,431 [6aa02a95-f8ab-442c-9ba0-fd232060c81a@group-D1BF1DB2EA83-LeaderElection61] INFO  impl.LeaderElection (LeaderElection.java:logAndReturn(93)) -   Response 0: 6aa02a95-f8ab-442c-9ba0-fd232060c81a<-2ccab0b5-4479-416a-9931-5373164cc31d#0:FAIL-t2
2022-02-24 16:56:00,431 [6aa02a95-f8ab-442c-9ba0-fd232060c81a@group-D1BF1DB2EA83-LeaderElection61] INFO  impl.LeaderElection (LeaderElection.java:logAndReturn(93)) -   Response 1: 6aa02a95-f8ab-442c-9ba0-fd232060c81a<-37eb1d61-39bb-4850-ab96-a7546aa7d2af#0:OK-t2
2022-02-24 16:56:00,431 [6aa02a95-f8ab-442c-9ba0-fd232060c81a@group-D1BF1DB2EA83-LeaderElection61] INFO  impl.LeaderElection (LeaderElection.java:askForVotes(308)) - 6aa02a95-f8ab-442c-9ba0-fd232060c81a@group-D1BF1DB2EA83-LeaderElection61 ELECTION round 0: result PASSED
2022-02-24 16:56:00,431 [6aa02a95-f8ab-442c-9ba0-fd232060c81a@group-D1BF1DB2EA83-LeaderElection61] INFO  impl.RoleInfo (RoleInfo.java:shutdownLeaderElection(121)) - 6aa02a95-f8ab-442c-9ba0-fd232060c81a: shutdown 6aa02a95-f8ab-442c-9ba0-fd232060c81a@group-D1BF1DB2EA83-LeaderElection61
2022-02-24 16:56:00,431 [6aa02a95-f8ab-442c-9ba0-fd232060c81a@group-D1BF1DB2EA83-LeaderElection61] INFO  server.RaftServer$Division (RaftServerImpl.java:setRole(290)) - 6aa02a95-f8ab-442c-9ba0-fd232060c81a@group-D1BF1DB2EA83: changes role from CANDIDATE to LEADER at term 2 for changeToLeader
2022-02-24 16:56:00,431 [6aa02a95-f8ab-442c-9ba0-fd232060c81a@group-D1BF1DB2EA83-LeaderElection61] INFO  ratis.XceiverServerRatis (XceiverServerRatis.java:handleLeaderChangedNotification(867)) - Leader change notification received for group: group-D1BF1DB2EA83 with new leaderId: 6aa02a95-f8ab-442c-9ba0-fd232060c81a
2022-02-24 16:56:00,431 [6aa02a95-f8ab-442c-9ba0-fd232060c81a@group-D1BF1DB2EA83-LeaderElection61] INFO  server.RaftServer$Division (ServerState.java:setLeader(285)) - 6aa02a95-f8ab-442c-9ba0-fd232060c81a@group-D1BF1DB2EA83: change Leader from null to 6aa02a95-f8ab-442c-9ba0-fd232060c81a at term 2 for becomeLeader, leader elected after 10319ms
2022-02-24 16:56:00,431 [6aa02a95-f8ab-442c-9ba0-fd232060c81a@group-D1BF1DB2EA83-LeaderElection61] INFO  server.RaftServerConfigKeys (ConfUtils.java:logGet(44)) - raft.server.staging.catchup.gap = 1000 (default)
2022-02-24 16:56:00,432 [6aa02a95-f8ab-442c-9ba0-fd232060c81a@group-D1BF1DB2EA83-LeaderElection61] INFO  server.RaftServerConfigKeys (ConfUtils.java:logGet(44)) - raft.server.write.element-limit = 1024 (custom)
2022-02-24 16:56:00,432 [6aa02a95-f8ab-442c-9ba0-fd232060c81a@group-D1BF1DB2EA83-LeaderElection61] INFO  server.RaftServerConfigKeys (ConfUtils.java:logGet(44)) - raft.server.write.byte-limit = 1024 M (=1073741824) (custom)
2022-02-24 16:56:00,432 [6aa02a95-f8ab-442c-9ba0-fd232060c81a@group-D1BF1DB2EA83-LeaderElection61] INFO  server.RaftServerConfigKeys (ConfUtils.java:logGet(44)) - raft.server.watch.timeout = 3000ms (custom)
2022-02-24 16:56:00,432 [6aa02a95-f8ab-442c-9ba0-fd232060c81a@group-D1BF1DB2EA83-LeaderElection61] INFO  server.RaftServerConfigKeys (ConfUtils.java:logGet(44)) - raft.server.watch.timeout.denomination = 1s (default)
2022-02-24 16:56:00,432 [6aa02a95-f8ab-442c-9ba0-fd232060c81a@group-D1BF1DB2EA83-LeaderElection61] INFO  server.RaftServerConfigKeys (ConfUtils.java:logGet(44)) - raft.server.watch.element-limit = 65536 (default)
2022-02-24 16:56:00,432 [6aa02a95-f8ab-442c-9ba0-fd232060c81a@group-D1BF1DB2EA83-LeaderElection61] INFO  server.RaftServerConfigKeys (ConfUtils.java:logGet(44)) - raft.server.write.element-limit = 1024 (custom)
2022-02-24 16:56:00,432 [6aa02a95-f8ab-442c-9ba0-fd232060c81a@group-D1BF1DB2EA83-LeaderElection61] INFO  server.RaftServerConfigKeys (ConfUtils.java:logGet(44)) - raft.server.write.follower.gap.ratio.max = -1.0 (default)
2022-02-24 16:56:00,432 [6aa02a95-f8ab-442c-9ba0-fd232060c81a@group-D1BF1DB2EA83-LeaderElection61] INFO  server.RaftServerConfigKeys (ConfUtils.java:logGet(44)) - raft.server.log.appender.snapshot.chunk.size.max = 16MB (=16777216) (default)
2022-02-24 16:56:00,432 [6aa02a95-f8ab-442c-9ba0-fd232060c81a@group-D1BF1DB2EA83-LeaderElection61] INFO  server.RaftServerConfigKeys (ConfUtils.java:logGet(44)) - raft.server.log.appender.buffer.byte-limit = 33554432 (custom)
2022-02-24 16:56:00,432 [6aa02a95-f8ab-442c-9ba0-fd232060c81a@group-D1BF1DB2EA83-LeaderElection61] INFO  server.RaftServerConfigKeys (ConfUtils.java:logGet(44)) - raft.server.log.appender.buffer.element-limit = 1 (custom)
2022-02-24 16:56:00,432 [6aa02a95-f8ab-442c-9ba0-fd232060c81a@group-D1BF1DB2EA83-LeaderElection61] INFO  grpc.GrpcConfigKeys (ConfUtils.java:logGet(44)) - raft.grpc.server.leader.outstanding.appends.max = 128 (default)
2022-02-24 16:56:00,433 [6aa02a95-f8ab-442c-9ba0-fd232060c81a@group-D1BF1DB2EA83-LeaderElection61] INFO  server.RaftServerConfigKeys (ConfUtils.java:logGet(44)) - raft.server.rpc.request.timeout = 3000ms (default)
2022-02-24 16:56:00,433 [6aa02a95-f8ab-442c-9ba0-fd232060c81a@group-D1BF1DB2EA83-LeaderElection61] INFO  server.RaftServerConfigKeys (ConfUtils.java:logGet(44)) - raft.server.log.appender.install.snapshot.enabled = false (custom)
2022-02-24 16:56:00,433 [6aa02a95-f8ab-442c-9ba0-fd232060c81a@group-D1BF1DB2EA83-LeaderElection61] INFO  server.RaftServerConfigKeys (ConfUtils.java:logGet(44)) - raft.server.log.appender.snapshot.chunk.size.max = 16MB (=16777216) (default)
2022-02-24 16:56:00,434 [6aa02a95-f8ab-442c-9ba0-fd232060c81a@group-D1BF1DB2EA83-LeaderElection61] INFO  server.RaftServerConfigKeys (ConfUtils.java:logGet(44)) - raft.server.log.appender.buffer.byte-limit = 33554432 (custom)
2022-02-24 16:56:00,434 [6aa02a95-f8ab-442c-9ba0-fd232060c81a@group-D1BF1DB2EA83-LeaderElection61] INFO  server.RaftServerConfigKeys (ConfUtils.java:logGet(44)) - raft.server.log.appender.buffer.element-limit = 1 (custom)
2022-02-24 16:56:00,434 [6aa02a95-f8ab-442c-9ba0-fd232060c81a@group-D1BF1DB2EA83-LeaderElection61] INFO  grpc.GrpcConfigKeys (ConfUtils.java:logGet(44)) - raft.grpc.server.leader.outstanding.appends.max = 128 (default)
2022-02-24 16:56:00,434 [6aa02a95-f8ab-442c-9ba0-fd232060c81a@group-D1BF1DB2EA83-LeaderElection61] INFO  server.RaftServerConfigKeys (ConfUtils.java:logGet(44)) - raft.server.rpc.request.timeout = 3000ms (default)
2022-02-24 16:56:00,434 [6aa02a95-f8ab-442c-9ba0-fd232060c81a@group-D1BF1DB2EA83-LeaderElection61] INFO  server.RaftServerConfigKeys (ConfUtils.java:logGet(44)) - raft.server.log.appender.install.snapshot.enabled = false (custom)
2022-02-24 16:56:00,434 [6aa02a95-f8ab-442c-9ba0-fd232060c81a@group-D1BF1DB2EA83-LeaderElection61] INFO  impl.RoleInfo (RoleInfo.java:updateAndGet(130)) - 6aa02a95-f8ab-442c-9ba0-fd232060c81a: start 6aa02a95-f8ab-442c-9ba0-fd232060c81a@group-D1BF1DB2EA83-LeaderStateImpl
2022-02-24 16:56:00,436 [6aa02a95-f8ab-442c-9ba0-fd232060c81a@group-D1BF1DB2EA83-LeaderElection61] INFO  segmented.SegmentedRaftLogWorker (SegmentedRaftLogWorker.java:startLogSegment(394)) - 6aa02a95-f8ab-442c-9ba0-fd232060c81a@group-D1BF1DB2EA83-SegmentedRaftLogWorker: Starting segment from index:0
2022-02-24 16:56:00,437 [EventQueue-PipelineReportForPipelineReportHandler] INFO  pipeline.PipelineManagerImpl (PipelineManagerImpl.java:openPipeline(291)) - Pipeline Pipeline[ Id: 15da9b58-d72e-47f2-bbe2-d1bf1db2ea83, Nodes: 6aa02a95-f8ab-442c-9ba0-fd232060c81a{ip: 10.1.0.37, host: fv-az59-243.csjynl4pkq3e1pkirw3ssqjfoh.cx.internal.cloudapp.net, ports: [REPLICATION=40825, RATIS=41563, RATIS_ADMIN=41563, RATIS_SERVER=41563, STANDALONE=35321], networkLocation: /default-rack, certSerialId: null, persistedOpState: IN_SERVICE, persistedOpStateExpiryEpochSec: 0}37eb1d61-39bb-4850-ab96-a7546aa7d2af{ip: 10.1.0.37, host: fv-az59-243.csjynl4pkq3e1pkirw3ssqjfoh.cx.internal.cloudapp.net, ports: [REPLICATION=45025, RATIS=34927, RATIS_ADMIN=34927, RATIS_SERVER=34927, STANDALONE=33481], networkLocation: /default-rack, certSerialId: null, persistedOpState: IN_SERVICE, persistedOpStateExpiryEpochSec: 0}2ccab0b5-4479-416a-9931-5373164cc31d{ip: 10.1.0.37, host: fv-az59-243.csjynl4pkq3e1pkirw3ssqjfoh.cx.internal.cloudapp.net, ports: [REPLICATION=38827, RATIS=41069, RATIS_ADMIN=41069, RATIS_SERVER=41069, STANDALONE=35309], networkLocation: /default-rack, certSerialId: null, persistedOpState: IN_SERVICE, persistedOpStateExpiryEpochSec: 0}, ReplicationConfig: RATIS/THREE, State:ALLOCATED, leaderId:6aa02a95-f8ab-442c-9ba0-fd232060c81a, CreationTimestamp2022-02-24T16:55:48.180Z[Etc/UTC]] moved to OPEN state
2022-02-24 16:56:00,438 [6aa02a95-f8ab-442c-9ba0-fd232060c81a@group-D1BF1DB2EA83-SegmentedRaftLogWorker] INFO  segmented.SegmentedRaftLogWorker (SegmentedRaftLogWorker.java:execute(601)) - 6aa02a95-f8ab-442c-9ba0-fd232060c81a@group-D1BF1DB2EA83-SegmentedRaftLogWorker: created new log segment /home/runner/work/ozone/ozone/hadoop-ozone/integration-test/target/test-dir/MiniOzoneClusterImpl-a9e0dedd-d836-4895-9472-52c2256152d3/datanode-4/data/ratis/15da9b58-d72e-47f2-bbe2-d1bf1db2ea83/current/log_inprogress_0
2022-02-24 16:56:00,468 [grpc-default-executor-4] INFO  ratis.XceiverServerRatis (XceiverServerRatis.java:handleLeaderChangedNotification(867)) - Leader change notification received for group: group-D1BF1DB2EA83 with new leaderId: 6aa02a95-f8ab-442c-9ba0-fd232060c81a
2022-02-24 16:56:00,468 [grpc-default-executor-4] INFO  server.RaftServer$Division (ServerState.java:setLeader(285)) - 37eb1d61-39bb-4850-ab96-a7546aa7d2af@group-D1BF1DB2EA83: change Leader from null to 6aa02a95-f8ab-442c-9ba0-fd232060c81a at term 2 for appendEntries, leader elected after 10203ms
2022-02-24 16:56:00,471 [grpc-default-executor-0] INFO  server.RaftServer$Division (RaftServerImpl.java:requestVote(1046)) - 6aa02a95-f8ab-442c-9ba0-fd232060c81a@group-D1BF1DB2EA83: receive requestVote(ELECTION, 2ccab0b5-4479-416a-9931-5373164cc31d, group-D1BF1DB2EA83, 2, (t:0, i:0))
2022-02-24 16:56:00,506 [6aa02a95-f8ab-442c-9ba0-fd232060c81a@group-D1BF1DB2EA83-LeaderElection61] INFO  server.RaftServer$Division (ServerState.java:setRaftConf(387)) - 6aa02a95-f8ab-442c-9ba0-fd232060c81a@group-D1BF1DB2EA83: set configuration 0: [6aa02a95-f8ab-442c-9ba0-fd232060c81a|rpc:10.1.0.37:41563|dataStream:|priority:1, 2ccab0b5-4479-416a-9931-5373164cc31d|rpc:10.1.0.37:41069|dataStream:|priority:0, 37eb1d61-39bb-4850-ab96-a7546aa7d2af|rpc:10.1.0.37:34927|dataStream:|priority:0], old=null
2022-02-24 16:56:00,506 [grpc-default-executor-0] INFO  impl.VoteContext (VoteContext.java:log(48)) - 6aa02a95-f8ab-442c-9ba0-fd232060c81a@group-D1BF1DB2EA83-LEADER: reject ELECTION from 2ccab0b5-4479-416a-9931-5373164cc31d: already has voted for 6aa02a95-f8ab-442c-9ba0-fd232060c81a at current term 2
2022-02-24 16:56:00,506 [grpc-default-executor-0] INFO  server.RaftServer$Division (RaftServerImpl.java:requestVote(1078)) - 6aa02a95-f8ab-442c-9ba0-fd232060c81a@group-D1BF1DB2EA83 replies to ELECTION vote request: 2ccab0b5-4479-416a-9931-5373164cc31d<-6aa02a95-f8ab-442c-9ba0-fd232060c81a#0:FAIL-t2. Peer's state: 6aa02a95-f8ab-442c-9ba0-fd232060c81a@group-D1BF1DB2EA83:t2, leader=6aa02a95-f8ab-442c-9ba0-fd232060c81a, voted=6aa02a95-f8ab-442c-9ba0-fd232060c81a, raftlog=6aa02a95-f8ab-442c-9ba0-fd232060c81a@group-D1BF1DB2EA83-SegmentedRaftLog:OPENED:c-1, conf=0: [6aa02a95-f8ab-442c-9ba0-fd232060c81a|rpc:10.1.0.37:41563|dataStream:|priority:1, 2ccab0b5-4479-416a-9931-5373164cc31d|rpc:10.1.0.37:41069|dataStream:|priority:0, 37eb1d61-39bb-4850-ab96-a7546aa7d2af|rpc:10.1.0.37:34927|dataStream:|priority:0], old=null
2022-02-24 16:56:00,507 [2ccab0b5-4479-416a-9931-5373164cc31d@group-D1BF1DB2EA83-LeaderElection62] INFO  impl.LeaderElection (LeaderElection.java:logAndReturn(89)) - 2ccab0b5-4479-416a-9931-5373164cc31d@group-D1BF1DB2EA83-LeaderElection62: ELECTION REJECTED received 1 response(s) and 0 exception(s):
2022-02-24 16:56:00,507 [2ccab0b5-4479-416a-9931-5373164cc31d@group-D1BF1DB2EA83-LeaderElection62] INFO  impl.LeaderElection (LeaderElection.java:logAndReturn(93)) -   Response 0: 2ccab0b5-4479-416a-9931-5373164cc31d<-6aa02a95-f8ab-442c-9ba0-fd232060c81a#0:FAIL-t2
2022-02-24 16:56:00,507 [2ccab0b5-4479-416a-9931-5373164cc31d@group-D1BF1DB2EA83-LeaderElection62] INFO  impl.LeaderElection (LeaderElection.java:askForVotes(308)) - 2ccab0b5-4479-416a-9931-5373164cc31d@group-D1BF1DB2EA83-LeaderElection62 ELECTION round 0: result REJECTED
2022-02-24 16:56:00,508 [2ccab0b5-4479-416a-9931-5373164cc31d@group-D1BF1DB2EA83-LeaderElection62] INFO  server.RaftServer$Division (RaftServerImpl.java:setRole(290)) - 2ccab0b5-4479-416a-9931-5373164cc31d@group-D1BF1DB2EA83: changes role from CANDIDATE to FOLLOWER at term 2 for REJECTED
2022-02-24 16:56:00,508 [2ccab0b5-4479-416a-9931-5373164cc31d@group-D1BF1DB2EA83-LeaderElection62] INFO  impl.RoleInfo (RoleInfo.java:shutdownLeaderElection(121)) - 2ccab0b5-4479-416a-9931-5373164cc31d: shutdown 2ccab0b5-4479-416a-9931-5373164cc31d@group-D1BF1DB2EA83-LeaderElection62
2022-02-24 16:56:00,508 [2ccab0b5-4479-416a-9931-5373164cc31d@group-D1BF1DB2EA83-LeaderElection62] INFO  impl.RoleInfo (RoleInfo.java:updateAndGet(130)) - 2ccab0b5-4479-416a-9931-5373164cc31d: start 2ccab0b5-4479-416a-9931-5373164cc31d@group-D1BF1DB2EA83-FollowerState
2022-02-24 16:56:00,508 [grpc-default-executor-4] INFO  server.RaftServer$Division (RaftServerImpl.java:requestVote(1046)) - 37eb1d61-39bb-4850-ab96-a7546aa7d2af@group-D1BF1DB2EA83: receive requestVote(ELECTION, 2ccab0b5-4479-416a-9931-5373164cc31d, group-D1BF1DB2EA83, 2, (t:0, i:0))
2022-02-24 16:56:00,508 [grpc-default-executor-4] INFO  impl.VoteContext (VoteContext.java:log(48)) - 37eb1d61-39bb-4850-ab96-a7546aa7d2af@group-D1BF1DB2EA83-FOLLOWER: reject ELECTION from 2ccab0b5-4479-416a-9931-5373164cc31d: already has voted for 6aa02a95-f8ab-442c-9ba0-fd232060c81a at current term 2
2022-02-24 16:56:00,508 [grpc-default-executor-4] INFO  server.RaftServer$Division (RaftServerImpl.java:requestVote(1078)) - 37eb1d61-39bb-4850-ab96-a7546aa7d2af@group-D1BF1DB2EA83 replies to ELECTION vote request: 2ccab0b5-4479-416a-9931-5373164cc31d<-37eb1d61-39bb-4850-ab96-a7546aa7d2af#0:FAIL-t2. Peer's state: 37eb1d61-39bb-4850-ab96-a7546aa7d2af@group-D1BF1DB2EA83:t2, leader=6aa02a95-f8ab-442c-9ba0-fd232060c81a, voted=6aa02a95-f8ab-442c-9ba0-fd232060c81a, raftlog=37eb1d61-39bb-4850-ab96-a7546aa7d2af@group-D1BF1DB2EA83-SegmentedRaftLog:OPENED:c-1, conf=-1: [6aa02a95-f8ab-442c-9ba0-fd232060c81a|rpc:10.1.0.37:41563|dataStream:|priority:1, 2ccab0b5-4479-416a-9931-5373164cc31d|rpc:10.1.0.37:41069|dataStream:|priority:0, 37eb1d61-39bb-4850-ab96-a7546aa7d2af|rpc:10.1.0.37:34927|dataStream:|priority:0], old=null
2022-02-24 16:56:00,509 [grpc-default-executor-0] INFO  server.RaftServer$Division (ServerState.java:setRaftConf(387)) - 37eb1d61-39bb-4850-ab96-a7546aa7d2af@group-D1BF1DB2EA83: set configuration 0: [6aa02a95-f8ab-442c-9ba0-fd232060c81a|rpc:10.1.0.37:41563|dataStream:|priority:1, 2ccab0b5-4479-416a-9931-5373164cc31d|rpc:10.1.0.37:41069|dataStream:|priority:0, 37eb1d61-39bb-4850-ab96-a7546aa7d2af|rpc:10.1.0.37:34927|dataStream:|priority:0], old=null
2022-02-24 16:56:00,509 [grpc-default-executor-0] INFO  segmented.SegmentedRaftLogWorker (SegmentedRaftLogWorker.java:startLogSegment(394)) - 37eb1d61-39bb-4850-ab96-a7546aa7d2af@group-D1BF1DB2EA83-SegmentedRaftLogWorker: Starting segment from index:0
2022-02-24 16:56:00,525 [37eb1d61-39bb-4850-ab96-a7546aa7d2af@group-D1BF1DB2EA83-SegmentedRaftLogWorker] INFO  segmented.SegmentedRaftLogWorker (SegmentedRaftLogWorker.java:execute(601)) - 37eb1d61-39bb-4850-ab96-a7546aa7d2af@group-D1BF1DB2EA83-SegmentedRaftLogWorker: created new log segment /home/runner/work/ozone/ozone/hadoop-ozone/integration-test/target/test-dir/MiniOzoneClusterImpl-a9e0dedd-d836-4895-9472-52c2256152d3/datanode-5/data/ratis/15da9b58-d72e-47f2-bbe2-d1bf1db2ea83/current/log_inprogress_0
2022-02-24 16:56:00,530 [grpc-default-executor-4] INFO  ratis.XceiverServerRatis (XceiverServerRatis.java:handleLeaderChangedNotification(867)) - Leader change notification received for group: group-D1BF1DB2EA83 with new leaderId: 6aa02a95-f8ab-442c-9ba0-fd232060c81a
2022-02-24 16:56:00,530 [grpc-default-executor-4] INFO  server.RaftServer$Division (ServerState.java:setLeader(285)) - 2ccab0b5-4479-416a-9931-5373164cc31d@group-D1BF1DB2EA83: change Leader from null to 6aa02a95-f8ab-442c-9ba0-fd232060c81a at term 2 for appendEntries, leader elected after 10509ms
2022-02-24 16:56:00,560 [grpc-default-executor-4] INFO  server.RaftServer$Division (ServerState.java:setRaftConf(387)) - 2ccab0b5-4479-416a-9931-5373164cc31d@group-D1BF1DB2EA83: set configuration 0: [6aa02a95-f8ab-442c-9ba0-fd232060c81a|rpc:10.1.0.37:41563|dataStream:|priority:1, 2ccab0b5-4479-416a-9931-5373164cc31d|rpc:10.1.0.37:41069|dataStream:|priority:0, 37eb1d61-39bb-4850-ab96-a7546aa7d2af|rpc:10.1.0.37:34927|dataStream:|priority:0], old=null
2022-02-24 16:56:00,560 [grpc-default-executor-4] INFO  segmented.SegmentedRaftLogWorker (SegmentedRaftLogWorker.java:startLogSegment(394)) - 2ccab0b5-4479-416a-9931-5373164cc31d@group-D1BF1DB2EA83-SegmentedRaftLogWorker: Starting segment from index:0
2022-02-24 16:56:00,585 [2ccab0b5-4479-416a-9931-5373164cc31d@group-D1BF1DB2EA83-SegmentedRaftLogWorker] INFO  segmented.SegmentedRaftLogWorker (SegmentedRaftLogWorker.java:execute(601)) - 2ccab0b5-4479-416a-9931-5373164cc31d@group-D1BF1DB2EA83-SegmentedRaftLogWorker: created new log segment /home/runner/work/ozone/ozone/hadoop-ozone/integration-test/target/test-dir/MiniOzoneClusterImpl-a9e0dedd-d836-4895-9472-52c2256152d3/datanode-3/data/ratis/15da9b58-d72e-47f2-bbe2-d1bf1db2ea83/current/log_inprogress_0
2022-02-24 16:56:00,636 [2ccab0b5-4479-416a-9931-5373164cc31d@group-05E598691DA2-FollowerState] INFO  impl.FollowerState (FollowerState.java:run(134)) - 2ccab0b5-4479-416a-9931-5373164cc31d@group-05E598691DA2-FollowerState: change to CANDIDATE, lastRpcElapsedTime:5053402840ns, electionTimeout:5032ms
2022-02-24 16:56:00,636 [2ccab0b5-4479-416a-9931-5373164cc31d@group-05E598691DA2-FollowerState] INFO  impl.RoleInfo (RoleInfo.java:shutdownFollowerState(108)) - 2ccab0b5-4479-416a-9931-5373164cc31d: shutdown 2ccab0b5-4479-416a-9931-5373164cc31d@group-05E598691DA2-FollowerState
2022-02-24 16:56:00,637 [2ccab0b5-4479-416a-9931-5373164cc31d@group-05E598691DA2-FollowerState] INFO  server.RaftServer$Division (RaftServerImpl.java:setRole(290)) - 2ccab0b5-4479-416a-9931-5373164cc31d@group-05E598691DA2: changes role from  FOLLOWER to CANDIDATE at term 1 for changeToCandidate
2022-02-24 16:56:00,637 [2ccab0b5-4479-416a-9931-5373164cc31d@group-05E598691DA2-FollowerState] INFO  server.RaftServerConfigKeys (ConfUtils.java:logGet(44)) - raft.server.leaderelection.pre-vote = false (custom)
2022-02-24 16:56:00,637 [2ccab0b5-4479-416a-9931-5373164cc31d@group-05E598691DA2-FollowerState] INFO  impl.RoleInfo (RoleInfo.java:updateAndGet(130)) - 2ccab0b5-4479-416a-9931-5373164cc31d: start 2ccab0b5-4479-416a-9931-5373164cc31d@group-05E598691DA2-LeaderElection63
2022-02-24 16:56:00,644 [2ccab0b5-4479-416a-9931-5373164cc31d@group-05E598691DA2-LeaderElection63] INFO  impl.LeaderElection (LeaderElection.java:askForVotes(306)) - 2ccab0b5-4479-416a-9931-5373164cc31d@group-05E598691DA2-LeaderElection63 ELECTION round 0: submit vote requests at term 2 for -1: [6aa02a95-f8ab-442c-9ba0-fd232060c81a|rpc:10.1.0.37:41563|priority:0, 2ccab0b5-4479-416a-9931-5373164cc31d|rpc:10.1.0.37:41069|priority:0, 37eb1d61-39bb-4850-ab96-a7546aa7d2af|rpc:10.1.0.37:34927|priority:1], old=null
2022-02-24 16:56:00,667 [grpc-default-executor-4] INFO  server.RaftServer$Division (RaftServerImpl.java:requestVote(1046)) - 6aa02a95-f8ab-442c-9ba0-fd232060c81a@group-05E598691DA2: receive requestVote(ELECTION, 2ccab0b5-4479-416a-9931-5373164cc31d, group-05E598691DA2, 2, (t:0, i:0))
2022-02-24 16:56:00,667 [grpc-default-executor-4] INFO  impl.VoteContext (VoteContext.java:log(48)) - 6aa02a95-f8ab-442c-9ba0-fd232060c81a@group-05E598691DA2-FOLLOWER: accept ELECTION from 2ccab0b5-4479-416a-9931-5373164cc31d: our priority 0 <= candidate's priority 0
2022-02-24 16:56:00,667 [grpc-default-executor-4] INFO  server.RaftServer$Division (RaftServerImpl.java:setRole(290)) - 6aa02a95-f8ab-442c-9ba0-fd232060c81a@group-05E598691DA2: changes role from  FOLLOWER to FOLLOWER at term 2 for candidate:2ccab0b5-4479-416a-9931-5373164cc31d
2022-02-24 16:56:00,667 [grpc-default-executor-4] INFO  impl.RoleInfo (RoleInfo.java:shutdownFollowerState(108)) - 6aa02a95-f8ab-442c-9ba0-fd232060c81a: shutdown 6aa02a95-f8ab-442c-9ba0-fd232060c81a@group-05E598691DA2-FollowerState
2022-02-24 16:56:00,671 [6aa02a95-f8ab-442c-9ba0-fd232060c81a@group-05E598691DA2-FollowerState] INFO  impl.FollowerState (FollowerState.java:run(143)) - 6aa02a95-f8ab-442c-9ba0-fd232060c81a@group-05E598691DA2-FollowerState was interrupted: {}
java.lang.InterruptedException: sleep interrupted
	at java.lang.Thread.sleep(Native Method)
	at java.lang.Thread.sleep(Thread.java:342)
	at java.util.concurrent.TimeUnit.sleep(TimeUnit.java:386)
	at org.apache.ratis.util.TimeDuration.sleep(TimeDuration.java:324)
	at org.apache.ratis.util.TimeDuration.sleep(TimeDuration.java:309)
	at org.apache.ratis.server.impl.FollowerState.run(FollowerState.java:118)
2022-02-24 16:56:00,671 [grpc-default-executor-4] INFO  impl.RoleInfo (RoleInfo.java:updateAndGet(130)) - 6aa02a95-f8ab-442c-9ba0-fd232060c81a: start 6aa02a95-f8ab-442c-9ba0-fd232060c81a@group-05E598691DA2-FollowerState
2022-02-24 16:56:00,672 [grpc-default-executor-0] INFO  server.RaftServer$Division (RaftServerImpl.java:requestVote(1046)) - 37eb1d61-39bb-4850-ab96-a7546aa7d2af@group-05E598691DA2: receive requestVote(ELECTION, 2ccab0b5-4479-416a-9931-5373164cc31d, group-05E598691DA2, 2, (t:0, i:0))
2022-02-24 16:56:00,672 [grpc-default-executor-0] INFO  impl.VoteContext (VoteContext.java:log(48)) - 37eb1d61-39bb-4850-ab96-a7546aa7d2af@group-05E598691DA2-FOLLOWER: reject ELECTION from 2ccab0b5-4479-416a-9931-5373164cc31d: our priority 1 > candidate's priority 0
2022-02-24 16:56:00,673 [grpc-default-executor-0] INFO  server.RaftServer$Division (RaftServerImpl.java:setRole(290)) - 37eb1d61-39bb-4850-ab96-a7546aa7d2af@group-05E598691DA2: changes role from  FOLLOWER to FOLLOWER at term 2 for candidate:2ccab0b5-4479-416a-9931-5373164cc31d
2022-02-24 16:56:00,673 [grpc-default-executor-0] INFO  impl.RoleInfo (RoleInfo.java:shutdownFollowerState(108)) - 37eb1d61-39bb-4850-ab96-a7546aa7d2af: shutdown 37eb1d61-39bb-4850-ab96-a7546aa7d2af@group-05E598691DA2-FollowerState
2022-02-24 16:56:00,676 [grpc-default-executor-0] INFO  impl.RoleInfo (RoleInfo.java:updateAndGet(130)) - 37eb1d61-39bb-4850-ab96-a7546aa7d2af: start 37eb1d61-39bb-4850-ab96-a7546aa7d2af@group-05E598691DA2-FollowerState
2022-02-24 16:56:00,676 [37eb1d61-39bb-4850-ab96-a7546aa7d2af@group-05E598691DA2-FollowerState] INFO  impl.FollowerState (FollowerState.java:run(143)) - 37eb1d61-39bb-4850-ab96-a7546aa7d2af@group-05E598691DA2-FollowerState was interrupted: {}
java.lang.InterruptedException: sleep interrupted
	at java.lang.Thread.sleep(Native Method)
	at java.lang.Thread.sleep(Thread.java:342)
	at java.util.concurrent.TimeUnit.sleep(TimeUnit.java:386)
	at org.apache.ratis.util.TimeDuration.sleep(TimeDuration.java:324)
	at org.apache.ratis.util.TimeDuration.sleep(TimeDuration.java:309)
	at org.apache.ratis.server.impl.FollowerState.run(FollowerState.java:118)
2022-02-24 16:56:00,677 [grpc-default-executor-4] INFO  server.RaftServer$Division (RaftServerImpl.java:requestVote(1078)) - 6aa02a95-f8ab-442c-9ba0-fd232060c81a@group-05E598691DA2 replies to ELECTION vote request: 2ccab0b5-4479-416a-9931-5373164cc31d<-6aa02a95-f8ab-442c-9ba0-fd232060c81a#0:OK-t2. Peer's state: 6aa02a95-f8ab-442c-9ba0-fd232060c81a@group-05E598691DA2:t2, leader=null, voted=2ccab0b5-4479-416a-9931-5373164cc31d, raftlog=6aa02a95-f8ab-442c-9ba0-fd232060c81a@group-05E598691DA2-SegmentedRaftLog:OPENED:c-1, conf=-1: [6aa02a95-f8ab-442c-9ba0-fd232060c81a|rpc:10.1.0.37:41563|dataStream:|priority:0, 2ccab0b5-4479-416a-9931-5373164cc31d|rpc:10.1.0.37:41069|dataStream:|priority:0, 37eb1d61-39bb-4850-ab96-a7546aa7d2af|rpc:10.1.0.37:34927|dataStream:|priority:1], old=null
2022-02-24 16:56:00,727 [grpc-default-executor-0] INFO  server.RaftServer$Division (RaftServerImpl.java:requestVote(1078)) - 37eb1d61-39bb-4850-ab96-a7546aa7d2af@group-05E598691DA2 replies to ELECTION vote request: 2ccab0b5-4479-416a-9931-5373164cc31d<-37eb1d61-39bb-4850-ab96-a7546aa7d2af#0:FAIL-t2. Peer's state: 37eb1d61-39bb-4850-ab96-a7546aa7d2af@group-05E598691DA2:t2, leader=null, voted=null, raftlog=37eb1d61-39bb-4850-ab96-a7546aa7d2af@group-05E598691DA2-SegmentedRaftLog:OPENED:c-1, conf=-1: [6aa02a95-f8ab-442c-9ba0-fd232060c81a|rpc:10.1.0.37:41563|dataStream:|priority:0, 2ccab0b5-4479-416a-9931-5373164cc31d|rpc:10.1.0.37:41069|dataStream:|priority:0, 37eb1d61-39bb-4850-ab96-a7546aa7d2af|rpc:10.1.0.37:34927|dataStream:|priority:1], old=null
2022-02-24 16:56:00,728 [2ccab0b5-4479-416a-9931-5373164cc31d@group-05E598691DA2-LeaderElection63] INFO  impl.LeaderElection (LeaderElection.java:logAndReturn(89)) - 2ccab0b5-4479-416a-9931-5373164cc31d@group-05E598691DA2-LeaderElection63: ELECTION REJECTED received 2 response(s) and 0 exception(s):
2022-02-24 16:56:00,728 [2ccab0b5-4479-416a-9931-5373164cc31d@group-05E598691DA2-LeaderElection63] INFO  impl.LeaderElection (LeaderElection.java:logAndReturn(93)) -   Response 0: 2ccab0b5-4479-416a-9931-5373164cc31d<-6aa02a95-f8ab-442c-9ba0-fd232060c81a#0:OK-t2
2022-02-24 16:56:00,728 [2ccab0b5-4479-416a-9931-5373164cc31d@group-05E598691DA2-LeaderElection63] INFO  impl.LeaderElection (LeaderElection.java:logAndReturn(93)) -   Response 1: 2ccab0b5-4479-416a-9931-5373164cc31d<-37eb1d61-39bb-4850-ab96-a7546aa7d2af#0:FAIL-t2
2022-02-24 16:56:00,728 [2ccab0b5-4479-416a-9931-5373164cc31d@group-05E598691DA2-LeaderElection63] INFO  impl.LeaderElection (LeaderElection.java:askForVotes(308)) - 2ccab0b5-4479-416a-9931-5373164cc31d@group-05E598691DA2-LeaderElection63 ELECTION round 0: result REJECTED
2022-02-24 16:56:00,728 [2ccab0b5-4479-416a-9931-5373164cc31d@group-05E598691DA2-LeaderElection63] INFO  server.RaftServer$Division (RaftServerImpl.java:setRole(290)) - 2ccab0b5-4479-416a-9931-5373164cc31d@group-05E598691DA2: changes role from CANDIDATE to FOLLOWER at term 2 for REJECTED
2022-02-24 16:56:00,728 [2ccab0b5-4479-416a-9931-5373164cc31d@group-05E598691DA2-LeaderElection63] INFO  impl.RoleInfo (RoleInfo.java:shutdownLeaderElection(121)) - 2ccab0b5-4479-416a-9931-5373164cc31d: shutdown 2ccab0b5-4479-416a-9931-5373164cc31d@group-05E598691DA2-LeaderElection63
2022-02-24 16:56:00,728 [2ccab0b5-4479-416a-9931-5373164cc31d@group-05E598691DA2-LeaderElection63] INFO  impl.RoleInfo (RoleInfo.java:updateAndGet(130)) - 2ccab0b5-4479-416a-9931-5373164cc31d: start 2ccab0b5-4479-416a-9931-5373164cc31d@group-05E598691DA2-FollowerState
2022-02-24 16:56:01,134 [grpc-default-executor-0] WARN  server.GrpcLogAppender (LogUtils.java:warn(122)) - b07270f0-c5b1-4afe-99f3-aa5758d6ba5c@group-9C1E72ACA101->cf3a7bfa-0a59-4cf0-978b-44f71b96abbc-AppendLogResponseHandler: Failed appendEntries: org.apache.ratis.thirdparty.io.grpc.StatusRuntimeException: UNAVAILABLE: io exception
2022-02-24 16:56:01,136 [grpc-default-executor-0] WARN  server.GrpcLogAppender (GrpcLogAppender.java:resetClient(110)) - b07270f0-c5b1-4afe-99f3-aa5758d6ba5c@group-9C1E72ACA101->cf3a7bfa-0a59-4cf0-978b-44f71b96abbc-GrpcLogAppender: Leader has not got in touch with Follower b07270f0-c5b1-4afe-99f3-aa5758d6ba5c@group-9C1E72ACA101->cf3a7bfa-0a59-4cf0-978b-44f71b96abbc(c0,m0,n1, attendVote=true, lastRpcSendTime=2524, lastRpcResponseTime=2516) yet, just keep nextIndex unchanged and retry.
2022-02-24 16:56:01,444 [Listener at 127.0.0.1/44987] INFO  utils.BackgroundService (BackgroundService.java:shutdown(132)) - Shutting down service BlockDeletingService
2022-02-24 16:56:03,405 [b07270f0-c5b1-4afe-99f3-aa5758d6ba5c@group-F4FF6A221EE2-FollowerState] INFO  impl.FollowerState (FollowerState.java:run(134)) - b07270f0-c5b1-4afe-99f3-aa5758d6ba5c@group-F4FF6A221EE2-FollowerState: change to CANDIDATE, lastRpcElapsedTime:5102024913ns, electionTimeout:5089ms
2022-02-24 16:56:03,405 [b07270f0-c5b1-4afe-99f3-aa5758d6ba5c@group-F4FF6A221EE2-FollowerState] INFO  impl.RoleInfo (RoleInfo.java:shutdownFollowerState(108)) - b07270f0-c5b1-4afe-99f3-aa5758d6ba5c: shutdown b07270f0-c5b1-4afe-99f3-aa5758d6ba5c@group-F4FF6A221EE2-FollowerState
2022-02-24 16:56:03,405 [b07270f0-c5b1-4afe-99f3-aa5758d6ba5c@group-F4FF6A221EE2-FollowerState] INFO  server.RaftServer$Division (RaftServerImpl.java:setRole(290)) - b07270f0-c5b1-4afe-99f3-aa5758d6ba5c@group-F4FF6A221EE2: changes role from  FOLLOWER to CANDIDATE at term 2 for changeToCandidate
2022-02-24 16:56:03,405 [b07270f0-c5b1-4afe-99f3-aa5758d6ba5c@group-F4FF6A221EE2-FollowerState] INFO  server.RaftServerConfigKeys (ConfUtils.java:logGet(44)) - raft.server.leaderelection.pre-vote = false (custom)
2022-02-24 16:56:03,405 [b07270f0-c5b1-4afe-99f3-aa5758d6ba5c@group-F4FF6A221EE2-FollowerState] INFO  impl.RoleInfo (RoleInfo.java:updateAndGet(130)) - b07270f0-c5b1-4afe-99f3-aa5758d6ba5c: start b07270f0-c5b1-4afe-99f3-aa5758d6ba5c@group-F4FF6A221EE2-LeaderElection64
2022-02-24 16:56:03,411 [b07270f0-c5b1-4afe-99f3-aa5758d6ba5c@group-F4FF6A221EE2-LeaderElection64] INFO  impl.LeaderElection (LeaderElection.java:askForVotes(306)) - b07270f0-c5b1-4afe-99f3-aa5758d6ba5c@group-F4FF6A221EE2-LeaderElection64 ELECTION round 0: submit vote requests at term 3 for -1: [b07270f0-c5b1-4afe-99f3-aa5758d6ba5c|rpc:10.1.0.37:45647|priority:0, cf3a7bfa-0a59-4cf0-978b-44f71b96abbc|rpc:10.1.0.37:40183|priority:0, 2a15bd7e-7896-4db0-9e08-f7464bcd33ee|rpc:10.1.0.37:41995|priority:1], old=null
2022-02-24 16:56:03,436 [b07270f0-c5b1-4afe-99f3-aa5758d6ba5c@group-F4FF6A221EE2-LeaderElection64] INFO  impl.LeaderElection (LogUtils.java:infoOrTrace(137)) - b07270f0-c5b1-4afe-99f3-aa5758d6ba5c@group-F4FF6A221EE2-LeaderElection64 got exception when requesting votes: java.util.concurrent.ExecutionException: org.apache.ratis.thirdparty.io.grpc.StatusRuntimeException: UNAVAILABLE: io exception
2022-02-24 16:56:03,439 [grpc-default-executor-0] INFO  server.RaftServer$Division (RaftServerImpl.java:requestVote(1046)) - 2a15bd7e-7896-4db0-9e08-f7464bcd33ee@group-F4FF6A221EE2: receive requestVote(ELECTION, b07270f0-c5b1-4afe-99f3-aa5758d6ba5c, group-F4FF6A221EE2, 3, (t:0, i:0))
2022-02-24 16:56:03,439 [grpc-default-executor-0] INFO  impl.VoteContext (VoteContext.java:log(48)) - 2a15bd7e-7896-4db0-9e08-f7464bcd33ee@group-F4FF6A221EE2-FOLLOWER: reject ELECTION from b07270f0-c5b1-4afe-99f3-aa5758d6ba5c: our priority 1 > candidate's priority 0
2022-02-24 16:56:03,439 [grpc-default-executor-0] INFO  server.RaftServer$Division (RaftServerImpl.java:setRole(290)) - 2a15bd7e-7896-4db0-9e08-f7464bcd33ee@group-F4FF6A221EE2: changes role from  FOLLOWER to FOLLOWER at term 3 for candidate:b07270f0-c5b1-4afe-99f3-aa5758d6ba5c
2022-02-24 16:56:03,439 [grpc-default-executor-0] INFO  impl.RoleInfo (RoleInfo.java:shutdownFollowerState(108)) - 2a15bd7e-7896-4db0-9e08-f7464bcd33ee: shutdown 2a15bd7e-7896-4db0-9e08-f7464bcd33ee@group-F4FF6A221EE2-FollowerState
2022-02-24 16:56:03,440 [grpc-default-executor-0] INFO  impl.RoleInfo (RoleInfo.java:updateAndGet(130)) - 2a15bd7e-7896-4db0-9e08-f7464bcd33ee: start 2a15bd7e-7896-4db0-9e08-f7464bcd33ee@group-F4FF6A221EE2-FollowerState
2022-02-24 16:56:03,440 [2a15bd7e-7896-4db0-9e08-f7464bcd33ee@group-F4FF6A221EE2-FollowerState] INFO  impl.FollowerState (FollowerState.java:run(143)) - 2a15bd7e-7896-4db0-9e08-f7464bcd33ee@group-F4FF6A221EE2-FollowerState was interrupted: {}
java.lang.InterruptedException: sleep interrupted
	at java.lang.Thread.sleep(Native Method)
	at java.lang.Thread.sleep(Thread.java:342)
	at java.util.concurrent.TimeUnit.sleep(TimeUnit.java:386)
	at org.apache.ratis.util.TimeDuration.sleep(TimeDuration.java:324)
	at org.apache.ratis.util.TimeDuration.sleep(TimeDuration.java:309)
	at org.apache.ratis.server.impl.FollowerState.run(FollowerState.java:118)
2022-02-24 16:56:03,451 [grpc-default-executor-0] INFO  server.RaftServer$Division (RaftServerImpl.java:requestVote(1078)) - 2a15bd7e-7896-4db0-9e08-f7464bcd33ee@group-F4FF6A221EE2 replies to ELECTION vote request: b07270f0-c5b1-4afe-99f3-aa5758d6ba5c<-2a15bd7e-7896-4db0-9e08-f7464bcd33ee#0:FAIL-t3. Peer's state: 2a15bd7e-7896-4db0-9e08-f7464bcd33ee@group-F4FF6A221EE2:t3, leader=null, voted=null, raftlog=2a15bd7e-7896-4db0-9e08-f7464bcd33ee@group-F4FF6A221EE2-SegmentedRaftLog:OPENED:c-1, conf=-1: [b07270f0-c5b1-4afe-99f3-aa5758d6ba5c|rpc:10.1.0.37:45647|dataStream:|priority:0, cf3a7bfa-0a59-4cf0-978b-44f71b96abbc|rpc:10.1.0.37:40183|dataStream:|priority:0, 2a15bd7e-7896-4db0-9e08-f7464bcd33ee|rpc:10.1.0.37:41995|dataStream:|priority:1], old=null
2022-02-24 16:56:03,452 [b07270f0-c5b1-4afe-99f3-aa5758d6ba5c@group-F4FF6A221EE2-LeaderElection64] INFO  impl.LeaderElection (LeaderElection.java:logAndReturn(89)) - b07270f0-c5b1-4afe-99f3-aa5758d6ba5c@group-F4FF6A221EE2-LeaderElection64: ELECTION REJECTED received 1 response(s) and 1 exception(s):
2022-02-24 16:56:03,452 [b07270f0-c5b1-4afe-99f3-aa5758d6ba5c@group-F4FF6A221EE2-LeaderElection64] INFO  impl.LeaderElection (LeaderElection.java:logAndReturn(93)) -   Response 0: b07270f0-c5b1-4afe-99f3-aa5758d6ba5c<-2a15bd7e-7896-4db0-9e08-f7464bcd33ee#0:FAIL-t3
2022-02-24 16:56:03,452 [b07270f0-c5b1-4afe-99f3-aa5758d6ba5c@group-F4FF6A221EE2-LeaderElection64] INFO  impl.LeaderElection (LogUtils.java:infoOrTrace(137)) -   Exception 1: java.util.concurrent.ExecutionException: org.apache.ratis.thirdparty.io.grpc.StatusRuntimeException: UNAVAILABLE: io exception
2022-02-24 16:56:03,452 [b07270f0-c5b1-4afe-99f3-aa5758d6ba5c@group-F4FF6A221EE2-LeaderElection64] INFO  impl.LeaderElection (LeaderElection.java:askForVotes(308)) - b07270f0-c5b1-4afe-99f3-aa5758d6ba5c@group-F4FF6A221EE2-LeaderElection64 ELECTION round 0: result REJECTED
2022-02-24 16:56:03,453 [b07270f0-c5b1-4afe-99f3-aa5758d6ba5c@group-F4FF6A221EE2-LeaderElection64] INFO  server.RaftServer$Division (RaftServerImpl.java:setRole(290)) - b07270f0-c5b1-4afe-99f3-aa5758d6ba5c@group-F4FF6A221EE2: changes role from CANDIDATE to FOLLOWER at term 3 for REJECTED
2022-02-24 16:56:03,453 [b07270f0-c5b1-4afe-99f3-aa5758d6ba5c@group-F4FF6A221EE2-LeaderElection64] INFO  impl.RoleInfo (RoleInfo.java:shutdownLeaderElection(121)) - b07270f0-c5b1-4afe-99f3-aa5758d6ba5c: shutdown b07270f0-c5b1-4afe-99f3-aa5758d6ba5c@group-F4FF6A221EE2-LeaderElection64
2022-02-24 16:56:03,453 [b07270f0-c5b1-4afe-99f3-aa5758d6ba5c@group-F4FF6A221EE2-LeaderElection64] INFO  impl.RoleInfo (RoleInfo.java:updateAndGet(130)) - b07270f0-c5b1-4afe-99f3-aa5758d6ba5c: start b07270f0-c5b1-4afe-99f3-aa5758d6ba5c@group-F4FF6A221EE2-FollowerState
2022-02-24 16:56:03,640 [grpc-default-executor-0] WARN  server.GrpcLogAppender (LogUtils.java:warn(122)) - b07270f0-c5b1-4afe-99f3-aa5758d6ba5c@group-9C1E72ACA101->cf3a7bfa-0a59-4cf0-978b-44f71b96abbc-AppendLogResponseHandler: Failed appendEntries: org.apache.ratis.thirdparty.io.grpc.StatusRuntimeException: UNAVAILABLE: io exception
2022-02-24 16:56:03,641 [grpc-default-executor-0] WARN  server.GrpcLogAppender (GrpcLogAppender.java:resetClient(110)) - b07270f0-c5b1-4afe-99f3-aa5758d6ba5c@group-9C1E72ACA101->cf3a7bfa-0a59-4cf0-978b-44f71b96abbc-GrpcLogAppender: Leader has not got in touch with Follower b07270f0-c5b1-4afe-99f3-aa5758d6ba5c@group-9C1E72ACA101->cf3a7bfa-0a59-4cf0-978b-44f71b96abbc(c0,m0,n1, attendVote=true, lastRpcSendTime=2501, lastRpcResponseTime=5021) yet, just keep nextIndex unchanged and retry.
2022-02-24 16:56:04,215 [EventQueue-StaleNodeForStaleNodeHandler] INFO  node.StaleNodeHandler (StaleNodeHandler.java:onMessage(58)) - Datanode cf3a7bfa-0a59-4cf0-978b-44f71b96abbc{ip: 10.1.0.37, host: fv-az59-243.csjynl4pkq3e1pkirw3ssqjfoh.cx.internal.cloudapp.net, ports: [REPLICATION=36859, RATIS=40183, RATIS_ADMIN=40183, RATIS_SERVER=40183, STANDALONE=46129], networkLocation: /default-rack, certSerialId: null, persistedOpState: IN_SERVICE, persistedOpStateExpiryEpochSec: 0} moved to stale state. Finalizing its pipelines [PipelineID=491b94e5-b470-455f-9927-941f5d11da8e, PipelineID=b23504de-3ed0-4c19-82f8-9c1e72aca101, PipelineID=fc4ff8a0-a9fc-4bf1-a572-f4ff6a221ee2, PipelineID=9f1d42e2-676d-4b4b-b843-29500492d057]
2022-02-24 16:56:04,245 [EventQueue-StaleNodeForStaleNodeHandler] INFO  pipeline.PipelineManagerImpl (PipelineManagerImpl.java:closeContainersForPipeline(344)) - Container #1 closed for pipeline=PipelineID=491b94e5-b470-455f-9927-941f5d11da8e
2022-02-24 16:56:04,267 [EventQueue-StaleNodeForStaleNodeHandler] INFO  pipeline.PipelineManagerImpl (PipelineManagerImpl.java:closePipeline(365)) - Pipeline Pipeline[ Id: 491b94e5-b470-455f-9927-941f5d11da8e, Nodes: cf3a7bfa-0a59-4cf0-978b-44f71b96abbc{ip: 10.1.0.37, host: fv-az59-243.csjynl4pkq3e1pkirw3ssqjfoh.cx.internal.cloudapp.net, ports: [REPLICATION=36859, RATIS=40183, RATIS_ADMIN=40183, RATIS_SERVER=40183, STANDALONE=46129], networkLocation: /default-rack, certSerialId: null, persistedOpState: IN_SERVICE, persistedOpStateExpiryEpochSec: 0}, ReplicationConfig: RATIS/ONE, State:OPEN, leaderId:cf3a7bfa-0a59-4cf0-978b-44f71b96abbc, CreationTimestamp2022-02-24T16:55:45.394Z[Etc/UTC]] moved to CLOSED state
2022-02-24 16:56:04,270 [EventQueue-StaleNodeForStaleNodeHandler] INFO  pipeline.PipelineManagerImpl (PipelineManagerImpl.java:closePipeline(365)) - Pipeline Pipeline[ Id: b23504de-3ed0-4c19-82f8-9c1e72aca101, Nodes: b07270f0-c5b1-4afe-99f3-aa5758d6ba5c{ip: 10.1.0.37, host: fv-az59-243.csjynl4pkq3e1pkirw3ssqjfoh.cx.internal.cloudapp.net, ports: [REPLICATION=41147, RATIS=45647, RATIS_ADMIN=45647, RATIS_SERVER=45647, STANDALONE=43127], networkLocation: /default-rack, certSerialId: null, persistedOpState: IN_SERVICE, persistedOpStateExpiryEpochSec: 0}2a15bd7e-7896-4db0-9e08-f7464bcd33ee{ip: 10.1.0.37, host: fv-az59-243.csjynl4pkq3e1pkirw3ssqjfoh.cx.internal.cloudapp.net, ports: [REPLICATION=43341, RATIS=41995, RATIS_ADMIN=41995, RATIS_SERVER=41995, STANDALONE=34861], networkLocation: /default-rack, certSerialId: null, persistedOpState: IN_SERVICE, persistedOpStateExpiryEpochSec: 0}cf3a7bfa-0a59-4cf0-978b-44f71b96abbc{ip: 10.1.0.37, host: fv-az59-243.csjynl4pkq3e1pkirw3ssqjfoh.cx.internal.cloudapp.net, ports: [REPLICATION=36859, RATIS=40183, RATIS_ADMIN=40183, RATIS_SERVER=40183, STANDALONE=46129], networkLocation: /default-rack, certSerialId: null, persistedOpState: IN_SERVICE, persistedOpStateExpiryEpochSec: 0}, ReplicationConfig: RATIS/THREE, State:OPEN, leaderId:b07270f0-c5b1-4afe-99f3-aa5758d6ba5c, CreationTimestamp2022-02-24T16:55:46.162Z[Etc/UTC]] moved to CLOSED state
2022-02-24 16:56:04,246 [EventQueue-CloseContainerForCloseContainerEventHandler] INFO  container.CloseContainerEventHandler (CloseContainerEventHandler.java:onMessage(69)) - Close container Event triggered for container : #1
2022-02-24 16:56:04,272 [EventQueue-StaleNodeForStaleNodeHandler] INFO  pipeline.PipelineManagerImpl (PipelineManagerImpl.java:closePipeline(365)) - Pipeline Pipeline[ Id: fc4ff8a0-a9fc-4bf1-a572-f4ff6a221ee2, Nodes: b07270f0-c5b1-4afe-99f3-aa5758d6ba5c{ip: 10.1.0.37, host: fv-az59-243.csjynl4pkq3e1pkirw3ssqjfoh.cx.internal.cloudapp.net, ports: [REPLICATION=41147, RATIS=45647, RATIS_ADMIN=45647, RATIS_SERVER=45647, STANDALONE=43127], networkLocation: /default-rack, certSerialId: null, persistedOpState: IN_SERVICE, persistedOpStateExpiryEpochSec: 0}cf3a7bfa-0a59-4cf0-978b-44f71b96abbc{ip: 10.1.0.37, host: fv-az59-243.csjynl4pkq3e1pkirw3ssqjfoh.cx.internal.cloudapp.net, ports: [REPLICATION=36859, RATIS=40183, RATIS_ADMIN=40183, RATIS_SERVER=40183, STANDALONE=46129], networkLocation: /default-rack, certSerialId: null, persistedOpState: IN_SERVICE, persistedOpStateExpiryEpochSec: 0}2a15bd7e-7896-4db0-9e08-f7464bcd33ee{ip: 10.1.0.37, host: fv-az59-243.csjynl4pkq3e1pkirw3ssqjfoh.cx.internal.cloudapp.net, ports: [REPLICATION=43341, RATIS=41995, RATIS_ADMIN=41995, RATIS_SERVER=41995, STANDALONE=34861], networkLocation: /default-rack, certSerialId: null, persistedOpState: IN_SERVICE, persistedOpStateExpiryEpochSec: 0}, ReplicationConfig: RATIS/THREE, State:ALLOCATED, leaderId:, CreationTimestamp2022-02-24T16:55:46.159Z[Etc/UTC]] moved to CLOSED state
2022-02-24 16:56:04,275 [EventQueue-StaleNodeForStaleNodeHandler] INFO  pipeline.PipelineManagerImpl (PipelineManagerImpl.java:closePipeline(365)) - Pipeline Pipeline[ Id: 9f1d42e2-676d-4b4b-b843-29500492d057, Nodes: 2a15bd7e-7896-4db0-9e08-f7464bcd33ee{ip: 10.1.0.37, host: fv-az59-243.csjynl4pkq3e1pkirw3ssqjfoh.cx.internal.cloudapp.net, ports: [REPLICATION=43341, RATIS=41995, RATIS_ADMIN=41995, RATIS_SERVER=41995, STANDALONE=34861], networkLocation: /default-rack, certSerialId: null, persistedOpState: IN_SERVICE, persistedOpStateExpiryEpochSec: 0}cf3a7bfa-0a59-4cf0-978b-44f71b96abbc{ip: 10.1.0.37, host: fv-az59-243.csjynl4pkq3e1pkirw3ssqjfoh.cx.internal.cloudapp.net, ports: [REPLICATION=36859, RATIS=40183, RATIS_ADMIN=40183, RATIS_SERVER=40183, STANDALONE=46129], networkLocation: /default-rack, certSerialId: null, persistedOpState: IN_SERVICE, persistedOpStateExpiryEpochSec: 0}b07270f0-c5b1-4afe-99f3-aa5758d6ba5c{ip: 10.1.0.37, host: fv-az59-243.csjynl4pkq3e1pkirw3ssqjfoh.cx.internal.cloudapp.net, ports: [REPLICATION=41147, RATIS=45647, RATIS_ADMIN=45647, RATIS_SERVER=45647, STANDALONE=43127], networkLocation: /default-rack, certSerialId: null, persistedOpState: IN_SERVICE, persistedOpStateExpiryEpochSec: 0}, ReplicationConfig: RATIS/THREE, State:ALLOCATED, leaderId:, CreationTimestamp2022-02-24T16:55:46.174Z[Etc/UTC]] moved to CLOSED state
2022-02-24 16:56:04,511 [Listener at 127.0.0.1/44987] INFO  statemachine.DatanodeStateMachine (DatanodeStateMachine.java:stopDaemon(529)) - Ozone container server stopped.
2022-02-24 16:56:04,512 [Listener at 127.0.0.1/44987] INFO  handler.ContextHandler (ContextHandler.java:doStop(1153)) - Stopped o.e.j.w.WebAppContext@3731ad36{hddsDatanode,/,null,STOPPED}{jar:file:/home/runner/.m2/repository/org/apache/ozone/hdds-container-service/1.3.0-SNAPSHOT/hdds-container-service-1.3.0-SNAPSHOT.jar!/webapps/hddsDatanode}
2022-02-24 16:56:04,512 [Listener at 127.0.0.1/44987] INFO  server.AbstractConnector (AbstractConnector.java:doStop(381)) - Stopped ServerConnector@5915d01f{HTTP/1.1, (http/1.1)}{0.0.0.0:0}
2022-02-24 16:56:04,513 [Listener at 127.0.0.1/44987] INFO  server.session (HouseKeeper.java:stopScavenging(149)) - node0 Stopped scavenging
2022-02-24 16:56:04,513 [Listener at 127.0.0.1/44987] INFO  handler.ContextHandler (ContextHandler.java:doStop(1153)) - Stopped o.e.j.s.ServletContextHandler@16cc0538{static,/static,jar:file:/home/runner/.m2/repository/org/apache/ozone/hdds-container-service/1.3.0-SNAPSHOT/hdds-container-service-1.3.0-SNAPSHOT.jar!/webapps/static,STOPPED}
2022-02-24 16:56:04,513 [Listener at 127.0.0.1/44987] INFO  handler.ContextHandler (ContextHandler.java:doStop(1153)) - Stopped o.e.j.s.ServletContextHandler@c05cff9{logs,/logs,file:///home/runner/work/ozone/ozone/hadoop-ozone/integration-test/target/log,STOPPED}
2022-02-24 16:56:05,868 [37eb1d61-39bb-4850-ab96-a7546aa7d2af@group-05E598691DA2-FollowerState] INFO  impl.FollowerState (FollowerState.java:run(134)) - 37eb1d61-39bb-4850-ab96-a7546aa7d2af@group-05E598691DA2-FollowerState: change to CANDIDATE, lastRpcElapsedTime:5192514927ns, electionTimeout:5140ms
2022-02-24 16:56:05,868 [37eb1d61-39bb-4850-ab96-a7546aa7d2af@group-05E598691DA2-FollowerState] INFO  impl.RoleInfo (RoleInfo.java:shutdownFollowerState(108)) - 37eb1d61-39bb-4850-ab96-a7546aa7d2af: shutdown 37eb1d61-39bb-4850-ab96-a7546aa7d2af@group-05E598691DA2-FollowerState
2022-02-24 16:56:05,868 [37eb1d61-39bb-4850-ab96-a7546aa7d2af@group-05E598691DA2-FollowerState] INFO  server.RaftServer$Division (RaftServerImpl.java:setRole(290)) - 37eb1d61-39bb-4850-ab96-a7546aa7d2af@group-05E598691DA2: changes role from  FOLLOWER to CANDIDATE at term 2 for changeToCandidate
2022-02-24 16:56:05,869 [37eb1d61-39bb-4850-ab96-a7546aa7d2af@group-05E598691DA2-FollowerState] INFO  server.RaftServerConfigKeys (ConfUtils.java:logGet(44)) - raft.server.leaderelection.pre-vote = false (custom)
2022-02-24 16:56:05,869 [37eb1d61-39bb-4850-ab96-a7546aa7d2af@group-05E598691DA2-FollowerState] INFO  impl.RoleInfo (RoleInfo.java:updateAndGet(130)) - 37eb1d61-39bb-4850-ab96-a7546aa7d2af: start 37eb1d61-39bb-4850-ab96-a7546aa7d2af@group-05E598691DA2-LeaderElection65
2022-02-24 16:56:05,899 [37eb1d61-39bb-4850-ab96-a7546aa7d2af@group-05E598691DA2-LeaderElection65] INFO  impl.LeaderElection (LeaderElection.java:askForVotes(306)) - 37eb1d61-39bb-4850-ab96-a7546aa7d2af@group-05E598691DA2-LeaderElection65 ELECTION round 0: submit vote requests at term 3 for -1: [6aa02a95-f8ab-442c-9ba0-fd232060c81a|rpc:10.1.0.37:41563|dataStream:|priority:0, 2ccab0b5-4479-416a-9931-5373164cc31d|rpc:10.1.0.37:41069|dataStream:|priority:0, 37eb1d61-39bb-4850-ab96-a7546aa7d2af|rpc:10.1.0.37:34927|dataStream:|priority:1], old=null
2022-02-24 16:56:05,927 [grpc-default-executor-0] INFO  server.RaftServer$Division (RaftServerImpl.java:requestVote(1046)) - 6aa02a95-f8ab-442c-9ba0-fd232060c81a@group-05E598691DA2: receive requestVote(ELECTION, 37eb1d61-39bb-4850-ab96-a7546aa7d2af, group-05E598691DA2, 3, (t:0, i:0))
2022-02-24 16:56:05,927 [grpc-default-executor-0] INFO  impl.VoteContext (VoteContext.java:log(48)) - 6aa02a95-f8ab-442c-9ba0-fd232060c81a@group-05E598691DA2-FOLLOWER: accept ELECTION from 37eb1d61-39bb-4850-ab96-a7546aa7d2af: our priority 0 <= candidate's priority 1
2022-02-24 16:56:05,927 [grpc-default-executor-0] INFO  server.RaftServer$Division (RaftServerImpl.java:setRole(290)) - 6aa02a95-f8ab-442c-9ba0-fd232060c81a@group-05E598691DA2: changes role from  FOLLOWER to FOLLOWER at term 3 for candidate:37eb1d61-39bb-4850-ab96-a7546aa7d2af
2022-02-24 16:56:05,927 [grpc-default-executor-0] INFO  impl.RoleInfo (RoleInfo.java:shutdownFollowerState(108)) - 6aa02a95-f8ab-442c-9ba0-fd232060c81a: shutdown 6aa02a95-f8ab-442c-9ba0-fd232060c81a@group-05E598691DA2-FollowerState
2022-02-24 16:56:05,935 [grpc-default-executor-0] INFO  impl.RoleInfo (RoleInfo.java:updateAndGet(130)) - 6aa02a95-f8ab-442c-9ba0-fd232060c81a: start 6aa02a95-f8ab-442c-9ba0-fd232060c81a@group-05E598691DA2-FollowerState
2022-02-24 16:56:05,935 [6aa02a95-f8ab-442c-9ba0-fd232060c81a@group-05E598691DA2-FollowerState] INFO  impl.FollowerState (FollowerState.java:run(143)) - 6aa02a95-f8ab-442c-9ba0-fd232060c81a@group-05E598691DA2-FollowerState was interrupted: {}
java.lang.InterruptedException: sleep interrupted
	at java.lang.Thread.sleep(Native Method)
	at java.lang.Thread.sleep(Thread.java:342)
	at java.util.concurrent.TimeUnit.sleep(TimeUnit.java:386)
	at org.apache.ratis.util.TimeDuration.sleep(TimeDuration.java:324)
	at org.apache.ratis.util.TimeDuration.sleep(TimeDuration.java:309)
	at org.apache.ratis.server.impl.FollowerState.run(FollowerState.java:118)
2022-02-24 16:56:05,943 [2ccab0b5-4479-416a-9931-5373164cc31d@group-05E598691DA2-FollowerState] INFO  impl.FollowerState (FollowerState.java:run(134)) - 2ccab0b5-4479-416a-9931-5373164cc31d@group-05E598691DA2-FollowerState: change to CANDIDATE, lastRpcElapsedTime:5214436045ns, electionTimeout:5199ms
2022-02-24 16:56:05,943 [2ccab0b5-4479-416a-9931-5373164cc31d@group-05E598691DA2-FollowerState] INFO  impl.RoleInfo (RoleInfo.java:shutdownFollowerState(108)) - 2ccab0b5-4479-416a-9931-5373164cc31d: shutdown 2ccab0b5-4479-416a-9931-5373164cc31d@group-05E598691DA2-FollowerState
2022-02-24 16:56:05,943 [2ccab0b5-4479-416a-9931-5373164cc31d@group-05E598691DA2-FollowerState] INFO  server.RaftServer$Division (RaftServerImpl.java:setRole(290)) - 2ccab0b5-4479-416a-9931-5373164cc31d@group-05E598691DA2: changes role from  FOLLOWER to CANDIDATE at term 2 for changeToCandidate
2022-02-24 16:56:05,948 [2ccab0b5-4479-416a-9931-5373164cc31d@group-05E598691DA2-FollowerState] INFO  server.RaftServerConfigKeys (ConfUtils.java:logGet(44)) - raft.server.leaderelection.pre-vote = false (custom)
2022-02-24 16:56:05,948 [2ccab0b5-4479-416a-9931-5373164cc31d@group-05E598691DA2-FollowerState] INFO  impl.RoleInfo (RoleInfo.java:updateAndGet(130)) - 2ccab0b5-4479-416a-9931-5373164cc31d: start 2ccab0b5-4479-416a-9931-5373164cc31d@group-05E598691DA2-LeaderElection66
2022-02-24 16:56:05,950 [grpc-default-executor-0] INFO  server.RaftServer$Division (RaftServerImpl.java:requestVote(1078)) - 6aa02a95-f8ab-442c-9ba0-fd232060c81a@group-05E598691DA2 replies to ELECTION vote request: 37eb1d61-39bb-4850-ab96-a7546aa7d2af<-6aa02a95-f8ab-442c-9ba0-fd232060c81a#0:OK-t3. Peer's state: 6aa02a95-f8ab-442c-9ba0-fd232060c81a@group-05E598691DA2:t3, leader=null, voted=37eb1d61-39bb-4850-ab96-a7546aa7d2af, raftlog=6aa02a95-f8ab-442c-9ba0-fd232060c81a@group-05E598691DA2-SegmentedRaftLog:OPENED:c-1, conf=-1: [6aa02a95-f8ab-442c-9ba0-fd232060c81a|rpc:10.1.0.37:41563|dataStream:|priority:0, 2ccab0b5-4479-416a-9931-5373164cc31d|rpc:10.1.0.37:41069|dataStream:|priority:0, 37eb1d61-39bb-4850-ab96-a7546aa7d2af|rpc:10.1.0.37:34927|dataStream:|priority:1], old=null
2022-02-24 16:56:05,951 [grpc-default-executor-0] INFO  server.RaftServer$Division (RaftServerImpl.java:requestVote(1046)) - 2ccab0b5-4479-416a-9931-5373164cc31d@group-05E598691DA2: receive requestVote(ELECTION, 37eb1d61-39bb-4850-ab96-a7546aa7d2af, group-05E598691DA2, 3, (t:0, i:0))
2022-02-24 16:56:05,954 [grpc-default-executor-0] INFO  impl.VoteContext (VoteContext.java:log(48)) - 2ccab0b5-4479-416a-9931-5373164cc31d@group-05E598691DA2-CANDIDATE: accept ELECTION from 37eb1d61-39bb-4850-ab96-a7546aa7d2af: our priority 0 <= candidate's priority 1
2022-02-24 16:56:05,954 [grpc-default-executor-0] INFO  server.RaftServer$Division (RaftServerImpl.java:setRole(290)) - 2ccab0b5-4479-416a-9931-5373164cc31d@group-05E598691DA2: changes role from CANDIDATE to FOLLOWER at term 3 for candidate:37eb1d61-39bb-4850-ab96-a7546aa7d2af
2022-02-24 16:56:05,954 [grpc-default-executor-0] INFO  impl.RoleInfo (RoleInfo.java:shutdownLeaderElection(121)) - 2ccab0b5-4479-416a-9931-5373164cc31d: shutdown 2ccab0b5-4479-416a-9931-5373164cc31d@group-05E598691DA2-LeaderElection66
2022-02-24 16:56:05,954 [grpc-default-executor-0] INFO  impl.RoleInfo (RoleInfo.java:updateAndGet(130)) - 2ccab0b5-4479-416a-9931-5373164cc31d: start 2ccab0b5-4479-416a-9931-5373164cc31d@group-05E598691DA2-FollowerState
2022-02-24 16:56:05,955 [2ccab0b5-4479-416a-9931-5373164cc31d@group-05E598691DA2-LeaderElection66] INFO  impl.LeaderElection (LeaderElection.java:run(230)) - 2ccab0b5-4479-416a-9931-5373164cc31d@group-05E598691DA2-LeaderElection66: skip running since this is already CLOSING
2022-02-24 16:56:05,971 [37eb1d61-39bb-4850-ab96-a7546aa7d2af@group-05E598691DA2-LeaderElection65] INFO  impl.LeaderElection (LeaderElection.java:logAndReturn(89)) - 37eb1d61-39bb-4850-ab96-a7546aa7d2af@group-05E598691DA2-LeaderElection65: ELECTION PASSED received 1 response(s) and 0 exception(s):
2022-02-24 16:56:05,972 [37eb1d61-39bb-4850-ab96-a7546aa7d2af@group-05E598691DA2-LeaderElection65] INFO  impl.LeaderElection (LeaderElection.java:logAndReturn(93)) -   Response 0: 37eb1d61-39bb-4850-ab96-a7546aa7d2af<-6aa02a95-f8ab-442c-9ba0-fd232060c81a#0:OK-t3
2022-02-24 16:56:05,972 [37eb1d61-39bb-4850-ab96-a7546aa7d2af@group-05E598691DA2-LeaderElection65] INFO  impl.LeaderElection (LeaderElection.java:askForVotes(308)) - 37eb1d61-39bb-4850-ab96-a7546aa7d2af@group-05E598691DA2-LeaderElection65 ELECTION round 0: result PASSED
2022-02-24 16:56:05,972 [37eb1d61-39bb-4850-ab96-a7546aa7d2af@group-05E598691DA2-LeaderElection65] INFO  impl.RoleInfo (RoleInfo.java:shutdownLeaderElection(121)) - 37eb1d61-39bb-4850-ab96-a7546aa7d2af: shutdown 37eb1d61-39bb-4850-ab96-a7546aa7d2af@group-05E598691DA2-LeaderElection65
2022-02-24 16:56:05,972 [37eb1d61-39bb-4850-ab96-a7546aa7d2af@group-05E598691DA2-LeaderElection65] INFO  server.RaftServer$Division (RaftServerImpl.java:setRole(290)) - 37eb1d61-39bb-4850-ab96-a7546aa7d2af@group-05E598691DA2: changes role from CANDIDATE to LEADER at term 3 for changeToLeader
2022-02-24 16:56:05,972 [37eb1d61-39bb-4850-ab96-a7546aa7d2af@group-05E598691DA2-LeaderElection65] INFO  ratis.XceiverServerRatis (XceiverServerRatis.java:handleLeaderChangedNotification(867)) - Leader change notification received for group: group-05E598691DA2 with new leaderId: 37eb1d61-39bb-4850-ab96-a7546aa7d2af
2022-02-24 16:56:05,972 [37eb1d61-39bb-4850-ab96-a7546aa7d2af@group-05E598691DA2-LeaderElection65] INFO  server.RaftServer$Division (ServerState.java:setLeader(285)) - 37eb1d61-39bb-4850-ab96-a7546aa7d2af@group-05E598691DA2: change Leader from null to 37eb1d61-39bb-4850-ab96-a7546aa7d2af at term 3 for becomeLeader, leader elected after 15430ms
2022-02-24 16:56:05,972 [37eb1d61-39bb-4850-ab96-a7546aa7d2af@group-05E598691DA2-LeaderElection65] INFO  server.RaftServerConfigKeys (ConfUtils.java:logGet(44)) - raft.server.staging.catchup.gap = 1000 (default)
2022-02-24 16:56:05,972 [37eb1d61-39bb-4850-ab96-a7546aa7d2af@group-05E598691DA2-LeaderElection65] INFO  server.RaftServerConfigKeys (ConfUtils.java:logGet(44)) - raft.server.write.element-limit = 1024 (custom)
2022-02-24 16:56:05,972 [37eb1d61-39bb-4850-ab96-a7546aa7d2af@group-05E598691DA2-LeaderElection65] INFO  server.RaftServerConfigKeys (ConfUtils.java:logGet(44)) - raft.server.write.byte-limit = 1024 M (=1073741824) (custom)
2022-02-24 16:56:05,973 [37eb1d61-39bb-4850-ab96-a7546aa7d2af@group-05E598691DA2-LeaderElection65] INFO  server.RaftServerConfigKeys (ConfUtils.java:logGet(44)) - raft.server.watch.timeout = 3000ms (custom)
2022-02-24 16:56:05,973 [37eb1d61-39bb-4850-ab96-a7546aa7d2af@group-05E598691DA2-LeaderElection65] INFO  server.RaftServerConfigKeys (ConfUtils.java:logGet(44)) - raft.server.watch.timeout.denomination = 1s (default)
2022-02-24 16:56:05,973 [37eb1d61-39bb-4850-ab96-a7546aa7d2af@group-05E598691DA2-LeaderElection65] INFO  server.RaftServerConfigKeys (ConfUtils.java:logGet(44)) - raft.server.watch.element-limit = 65536 (default)
2022-02-24 16:56:05,973 [37eb1d61-39bb-4850-ab96-a7546aa7d2af@group-05E598691DA2-LeaderElection65] INFO  server.RaftServerConfigKeys (ConfUtils.java:logGet(44)) - raft.server.write.element-limit = 1024 (custom)
2022-02-24 16:56:05,973 [37eb1d61-39bb-4850-ab96-a7546aa7d2af@group-05E598691DA2-LeaderElection65] INFO  server.RaftServerConfigKeys (ConfUtils.java:logGet(44)) - raft.server.write.follower.gap.ratio.max = -1.0 (default)
2022-02-24 16:56:05,973 [37eb1d61-39bb-4850-ab96-a7546aa7d2af@group-05E598691DA2-LeaderElection65] INFO  server.RaftServerConfigKeys (ConfUtils.java:logGet(44)) - raft.server.log.appender.snapshot.chunk.size.max = 16MB (=16777216) (default)
2022-02-24 16:56:05,973 [37eb1d61-39bb-4850-ab96-a7546aa7d2af@group-05E598691DA2-LeaderElection65] INFO  server.RaftServerConfigKeys (ConfUtils.java:logGet(44)) - raft.server.log.appender.buffer.byte-limit = 33554432 (custom)
2022-02-24 16:56:05,973 [37eb1d61-39bb-4850-ab96-a7546aa7d2af@group-05E598691DA2-LeaderElection65] INFO  server.RaftServerConfigKeys (ConfUtils.java:logGet(44)) - raft.server.log.appender.buffer.element-limit = 1 (custom)
2022-02-24 16:56:05,973 [37eb1d61-39bb-4850-ab96-a7546aa7d2af@group-05E598691DA2-LeaderElection65] INFO  grpc.GrpcConfigKeys (ConfUtils.java:logGet(44)) - raft.grpc.server.leader.outstanding.appends.max = 128 (default)
2022-02-24 16:56:05,973 [37eb1d61-39bb-4850-ab96-a7546aa7d2af@group-05E598691DA2-LeaderElection65] INFO  server.RaftServerConfigKeys (ConfUtils.java:logGet(44)) - raft.server.rpc.request.timeout = 3000ms (default)
2022-02-24 16:56:05,973 [37eb1d61-39bb-4850-ab96-a7546aa7d2af@group-05E598691DA2-LeaderElection65] INFO  server.RaftServerConfigKeys (ConfUtils.java:logGet(44)) - raft.server.log.appender.install.snapshot.enabled = false (custom)
2022-02-24 16:56:05,974 [37eb1d61-39bb-4850-ab96-a7546aa7d2af@group-05E598691DA2-LeaderElection65] INFO  server.RaftServerConfigKeys (ConfUtils.java:logGet(44)) - raft.server.log.appender.snapshot.chunk.size.max = 16MB (=16777216) (default)
2022-02-24 16:56:05,974 [37eb1d61-39bb-4850-ab96-a7546aa7d2af@group-05E598691DA2-LeaderElection65] INFO  server.RaftServerConfigKeys (ConfUtils.java:logGet(44)) - raft.server.log.appender.buffer.byte-limit = 33554432 (custom)
2022-02-24 16:56:05,974 [37eb1d61-39bb-4850-ab96-a7546aa7d2af@group-05E598691DA2-LeaderElection65] INFO  server.RaftServerConfigKeys (ConfUtils.java:logGet(44)) - raft.server.log.appender.buffer.element-limit = 1 (custom)
2022-02-24 16:56:05,974 [37eb1d61-39bb-4850-ab96-a7546aa7d2af@group-05E598691DA2-LeaderElection65] INFO  grpc.GrpcConfigKeys (ConfUtils.java:logGet(44)) - raft.grpc.server.leader.outstanding.appends.max = 128 (default)
2022-02-24 16:56:05,974 [37eb1d61-39bb-4850-ab96-a7546aa7d2af@group-05E598691DA2-LeaderElection65] INFO  server.RaftServerConfigKeys (ConfUtils.java:logGet(44)) - raft.server.rpc.request.timeout = 3000ms (default)
2022-02-24 16:56:05,979 [EventQueue-PipelineReportForPipelineReportHandler] INFO  pipeline.PipelineManagerImpl (PipelineManagerImpl.java:openPipeline(291)) - Pipeline Pipeline[ Id: 31d398e6-9b90-466b-8763-05e598691da2, Nodes: 6aa02a95-f8ab-442c-9ba0-fd232060c81a{ip: 10.1.0.37, host: fv-az59-243.csjynl4pkq3e1pkirw3ssqjfoh.cx.internal.cloudapp.net, ports: [REPLICATION=40825, RATIS=41563, RATIS_ADMIN=41563, RATIS_SERVER=41563, STANDALONE=35321], networkLocation: /default-rack, certSerialId: null, persistedOpState: IN_SERVICE, persistedOpStateExpiryEpochSec: 0}2ccab0b5-4479-416a-9931-5373164cc31d{ip: 10.1.0.37, host: fv-az59-243.csjynl4pkq3e1pkirw3ssqjfoh.cx.internal.cloudapp.net, ports: [REPLICATION=38827, RATIS=41069, RATIS_ADMIN=41069, RATIS_SERVER=41069, STANDALONE=35309], networkLocation: /default-rack, certSerialId: null, persistedOpState: IN_SERVICE, persistedOpStateExpiryEpochSec: 0}37eb1d61-39bb-4850-ab96-a7546aa7d2af{ip: 10.1.0.37, host: fv-az59-243.csjynl4pkq3e1pkirw3ssqjfoh.cx.internal.cloudapp.net, ports: [REPLICATION=45025, RATIS=34927, RATIS_ADMIN=34927, RATIS_SERVER=34927, STANDALONE=33481], networkLocation: /default-rack, certSerialId: null, persistedOpState: IN_SERVICE, persistedOpStateExpiryEpochSec: 0}, ReplicationConfig: RATIS/THREE, State:ALLOCATED, leaderId:37eb1d61-39bb-4850-ab96-a7546aa7d2af, CreationTimestamp2022-02-24T16:55:48.185Z[Etc/UTC]] moved to OPEN state
2022-02-24 16:56:05,983 [grpc-default-executor-0] INFO  server.RaftServer$Division (RaftServerImpl.java:requestVote(1078)) - 2ccab0b5-4479-416a-9931-5373164cc31d@group-05E598691DA2 replies to ELECTION vote request: 37eb1d61-39bb-4850-ab96-a7546aa7d2af<-2ccab0b5-4479-416a-9931-5373164cc31d#0:OK-t3. Peer's state: 2ccab0b5-4479-416a-9931-5373164cc31d@group-05E598691DA2:t3, leader=null, voted=37eb1d61-39bb-4850-ab96-a7546aa7d2af, raftlog=2ccab0b5-4479-416a-9931-5373164cc31d@group-05E598691DA2-SegmentedRaftLog:OPENED:c-1, conf=-1: [6aa02a95-f8ab-442c-9ba0-fd232060c81a|rpc:10.1.0.37:41563|priority:0, 2ccab0b5-4479-416a-9931-5373164cc31d|rpc:10.1.0.37:41069|priority:0, 37eb1d61-39bb-4850-ab96-a7546aa7d2af|rpc:10.1.0.37:34927|priority:1], old=null
2022-02-24 16:56:05,985 [37eb1d61-39bb-4850-ab96-a7546aa7d2af@group-05E598691DA2-LeaderElection65] INFO  server.RaftServerConfigKeys (ConfUtils.java:logGet(44)) - raft.server.log.appender.install.snapshot.enabled = false (custom)
2022-02-24 16:56:05,986 [37eb1d61-39bb-4850-ab96-a7546aa7d2af@group-05E598691DA2-LeaderElection65] INFO  impl.RoleInfo (RoleInfo.java:updateAndGet(130)) - 37eb1d61-39bb-4850-ab96-a7546aa7d2af: start 37eb1d61-39bb-4850-ab96-a7546aa7d2af@group-05E598691DA2-LeaderStateImpl
2022-02-24 16:56:05,986 [37eb1d61-39bb-4850-ab96-a7546aa7d2af@group-05E598691DA2-LeaderElection65] INFO  segmented.SegmentedRaftLogWorker (SegmentedRaftLogWorker.java:startLogSegment(394)) - 37eb1d61-39bb-4850-ab96-a7546aa7d2af@group-05E598691DA2-SegmentedRaftLogWorker: Starting segment from index:0
2022-02-24 16:56:05,990 [37eb1d61-39bb-4850-ab96-a7546aa7d2af@group-05E598691DA2-SegmentedRaftLogWorker] INFO  segmented.SegmentedRaftLogWorker (SegmentedRaftLogWorker.java:execute(601)) - 37eb1d61-39bb-4850-ab96-a7546aa7d2af@group-05E598691DA2-SegmentedRaftLogWorker: created new log segment /home/runner/work/ozone/ozone/hadoop-ozone/integration-test/target/test-dir/MiniOzoneClusterImpl-a9e0dedd-d836-4895-9472-52c2256152d3/datanode-5/data/ratis/31d398e6-9b90-466b-8763-05e598691da2/current/log_inprogress_0
2022-02-24 16:56:06,001 [grpc-default-executor-0] INFO  ratis.XceiverServerRatis (XceiverServerRatis.java:handleLeaderChangedNotification(867)) - Leader change notification received for group: group-05E598691DA2 with new leaderId: 37eb1d61-39bb-4850-ab96-a7546aa7d2af
2022-02-24 16:56:06,002 [grpc-default-executor-0] INFO  server.RaftServer$Division (ServerState.java:setLeader(285)) - 2ccab0b5-4479-416a-9931-5373164cc31d@group-05E598691DA2: change Leader from null to 37eb1d61-39bb-4850-ab96-a7546aa7d2af at term 3 for appendEntries, leader elected after 15644ms
2022-02-24 16:56:06,004 [37eb1d61-39bb-4850-ab96-a7546aa7d2af@group-05E598691DA2-LeaderElection65] INFO  server.RaftServer$Division (ServerState.java:setRaftConf(387)) - 37eb1d61-39bb-4850-ab96-a7546aa7d2af@group-05E598691DA2: set configuration 0: [6aa02a95-f8ab-442c-9ba0-fd232060c81a|rpc:10.1.0.37:41563|dataStream:|priority:0, 2ccab0b5-4479-416a-9931-5373164cc31d|rpc:10.1.0.37:41069|dataStream:|priority:0, 37eb1d61-39bb-4850-ab96-a7546aa7d2af|rpc:10.1.0.37:34927|dataStream:|priority:1], old=null
2022-02-24 16:56:06,008 [grpc-default-executor-3] INFO  ratis.XceiverServerRatis (XceiverServerRatis.java:handleLeaderChangedNotification(867)) - Leader change notification received for group: group-05E598691DA2 with new leaderId: 37eb1d61-39bb-4850-ab96-a7546aa7d2af
2022-02-24 16:56:06,009 [grpc-default-executor-3] INFO  server.RaftServer$Division (ServerState.java:setLeader(285)) - 6aa02a95-f8ab-442c-9ba0-fd232060c81a@group-05E598691DA2: change Leader from null to 37eb1d61-39bb-4850-ab96-a7546aa7d2af at term 3 for appendEntries, leader elected after 15546ms
2022-02-24 16:56:06,012 [grpc-default-executor-0] INFO  server.RaftServer$Division (ServerState.java:setRaftConf(387)) - 2ccab0b5-4479-416a-9931-5373164cc31d@group-05E598691DA2: set configuration 0: [6aa02a95-f8ab-442c-9ba0-fd232060c81a|rpc:10.1.0.37:41563|dataStream:|priority:0, 2ccab0b5-4479-416a-9931-5373164cc31d|rpc:10.1.0.37:41069|dataStream:|priority:0, 37eb1d61-39bb-4850-ab96-a7546aa7d2af|rpc:10.1.0.37:34927|dataStream:|priority:1], old=null
2022-02-24 16:56:06,012 [grpc-default-executor-0] INFO  segmented.SegmentedRaftLogWorker (SegmentedRaftLogWorker.java:startLogSegment(394)) - 2ccab0b5-4479-416a-9931-5373164cc31d@group-05E598691DA2-SegmentedRaftLogWorker: Starting segment from index:0
2022-02-24 16:56:06,050 [grpc-default-executor-3] INFO  server.RaftServer$Division (ServerState.java:setRaftConf(387)) - 6aa02a95-f8ab-442c-9ba0-fd232060c81a@group-05E598691DA2: set configuration 0: [6aa02a95-f8ab-442c-9ba0-fd232060c81a|rpc:10.1.0.37:41563|dataStream:|priority:0, 2ccab0b5-4479-416a-9931-5373164cc31d|rpc:10.1.0.37:41069|dataStream:|priority:0, 37eb1d61-39bb-4850-ab96-a7546aa7d2af|rpc:10.1.0.37:34927|dataStream:|priority:1], old=null
2022-02-24 16:56:06,051 [grpc-default-executor-3] INFO  segmented.SegmentedRaftLogWorker (SegmentedRaftLogWorker.java:startLogSegment(394)) - 6aa02a95-f8ab-442c-9ba0-fd232060c81a@group-05E598691DA2-SegmentedRaftLogWorker: Starting segment from index:0
2022-02-24 16:56:06,060 [2ccab0b5-4479-416a-9931-5373164cc31d@group-05E598691DA2-SegmentedRaftLogWorker] INFO  segmented.SegmentedRaftLogWorker (SegmentedRaftLogWorker.java:execute(601)) - 2ccab0b5-4479-416a-9931-5373164cc31d@group-05E598691DA2-SegmentedRaftLogWorker: created new log segment /home/runner/work/ozone/ozone/hadoop-ozone/integration-test/target/test-dir/MiniOzoneClusterImpl-a9e0dedd-d836-4895-9472-52c2256152d3/datanode-3/data/ratis/31d398e6-9b90-466b-8763-05e598691da2/current/log_inprogress_0
2022-02-24 16:56:06,061 [6aa02a95-f8ab-442c-9ba0-fd232060c81a@group-05E598691DA2-SegmentedRaftLogWorker] INFO  segmented.SegmentedRaftLogWorker (SegmentedRaftLogWorker.java:execute(601)) - 6aa02a95-f8ab-442c-9ba0-fd232060c81a@group-05E598691DA2-SegmentedRaftLogWorker: created new log segment /home/runner/work/ozone/ozone/hadoop-ozone/integration-test/target/test-dir/MiniOzoneClusterImpl-a9e0dedd-d836-4895-9472-52c2256152d3/datanode-4/data/ratis/31d398e6-9b90-466b-8763-05e598691da2/current/log_inprogress_0
2022-02-24 16:56:06,150 [grpc-default-executor-5] WARN  server.GrpcLogAppender (LogUtils.java:warn(122)) - b07270f0-c5b1-4afe-99f3-aa5758d6ba5c@group-9C1E72ACA101->cf3a7bfa-0a59-4cf0-978b-44f71b96abbc-AppendLogResponseHandler: Failed appendEntries: org.apache.ratis.thirdparty.io.grpc.StatusRuntimeException: UNAVAILABLE: io exception
2022-02-24 16:56:06,152 [grpc-default-executor-5] WARN  server.GrpcLogAppender (GrpcLogAppender.java:resetClient(110)) - b07270f0-c5b1-4afe-99f3-aa5758d6ba5c@group-9C1E72ACA101->cf3a7bfa-0a59-4cf0-978b-44f71b96abbc-GrpcLogAppender: Leader has not got in touch with Follower b07270f0-c5b1-4afe-99f3-aa5758d6ba5c@group-9C1E72ACA101->cf3a7bfa-0a59-4cf0-978b-44f71b96abbc(c0,m0,n1, attendVote=true, lastRpcSendTime=2510, lastRpcResponseTime=7533) yet, just keep nextIndex unchanged and retry.
2022-02-24 16:56:08,601 [b07270f0-c5b1-4afe-99f3-aa5758d6ba5c@group-F4FF6A221EE2-FollowerState] INFO  impl.FollowerState (FollowerState.java:run(134)) - b07270f0-c5b1-4afe-99f3-aa5758d6ba5c@group-F4FF6A221EE2-FollowerState: change to CANDIDATE, lastRpcElapsedTime:5148035794ns, electionTimeout:5135ms
2022-02-24 16:56:08,601 [b07270f0-c5b1-4afe-99f3-aa5758d6ba5c@group-F4FF6A221EE2-FollowerState] INFO  impl.RoleInfo (RoleInfo.java:shutdownFollowerState(108)) - b07270f0-c5b1-4afe-99f3-aa5758d6ba5c: shutdown b07270f0-c5b1-4afe-99f3-aa5758d6ba5c@group-F4FF6A221EE2-FollowerState
2022-02-24 16:56:08,601 [b07270f0-c5b1-4afe-99f3-aa5758d6ba5c@group-F4FF6A221EE2-FollowerState] INFO  server.RaftServer$Division (RaftServerImpl.java:setRole(290)) - b07270f0-c5b1-4afe-99f3-aa5758d6ba5c@group-F4FF6A221EE2: changes role from  FOLLOWER to CANDIDATE at term 3 for changeToCandidate
2022-02-24 16:56:08,601 [b07270f0-c5b1-4afe-99f3-aa5758d6ba5c@group-F4FF6A221EE2-FollowerState] INFO  server.RaftServerConfigKeys (ConfUtils.java:logGet(44)) - raft.server.leaderelection.pre-vote = false (custom)
2022-02-24 16:56:08,601 [b07270f0-c5b1-4afe-99f3-aa5758d6ba5c@group-F4FF6A221EE2-FollowerState] INFO  impl.RoleInfo (RoleInfo.java:updateAndGet(130)) - b07270f0-c5b1-4afe-99f3-aa5758d6ba5c: start b07270f0-c5b1-4afe-99f3-aa5758d6ba5c@group-F4FF6A221EE2-LeaderElection67
2022-02-24 16:56:08,606 [b07270f0-c5b1-4afe-99f3-aa5758d6ba5c@group-F4FF6A221EE2-LeaderElection67] INFO  impl.LeaderElection (LeaderElection.java:askForVotes(306)) - b07270f0-c5b1-4afe-99f3-aa5758d6ba5c@group-F4FF6A221EE2-LeaderElection67 ELECTION round 0: submit vote requests at term 4 for -1: [b07270f0-c5b1-4afe-99f3-aa5758d6ba5c|rpc:10.1.0.37:45647|priority:0, cf3a7bfa-0a59-4cf0-978b-44f71b96abbc|rpc:10.1.0.37:40183|priority:0, 2a15bd7e-7896-4db0-9e08-f7464bcd33ee|rpc:10.1.0.37:41995|priority:1], old=null
2022-02-24 16:56:08,608 [b07270f0-c5b1-4afe-99f3-aa5758d6ba5c@group-F4FF6A221EE2-LeaderElection67] INFO  impl.LeaderElection (LogUtils.java:infoOrTrace(137)) - b07270f0-c5b1-4afe-99f3-aa5758d6ba5c@group-F4FF6A221EE2-LeaderElection67 got exception when requesting votes: java.util.concurrent.ExecutionException: org.apache.ratis.thirdparty.io.grpc.StatusRuntimeException: UNAVAILABLE: io exception
2022-02-24 16:56:08,610 [grpc-default-executor-0] INFO  server.RaftServer$Division (RaftServerImpl.java:requestVote(1046)) - 2a15bd7e-7896-4db0-9e08-f7464bcd33ee@group-F4FF6A221EE2: receive requestVote(ELECTION, b07270f0-c5b1-4afe-99f3-aa5758d6ba5c, group-F4FF6A221EE2, 4, (t:0, i:0))
2022-02-24 16:56:08,610 [grpc-default-executor-0] INFO  impl.VoteContext (VoteContext.java:log(48)) - 2a15bd7e-7896-4db0-9e08-f7464bcd33ee@group-F4FF6A221EE2-FOLLOWER: reject ELECTION from b07270f0-c5b1-4afe-99f3-aa5758d6ba5c: our priority 1 > candidate's priority 0
2022-02-24 16:56:08,610 [grpc-default-executor-0] INFO  server.RaftServer$Division (RaftServerImpl.java:setRole(290)) - 2a15bd7e-7896-4db0-9e08-f7464bcd33ee@group-F4FF6A221EE2: changes role from  FOLLOWER to FOLLOWER at term 4 for candidate:b07270f0-c5b1-4afe-99f3-aa5758d6ba5c
2022-02-24 16:56:08,610 [grpc-default-executor-0] INFO  impl.RoleInfo (RoleInfo.java:shutdownFollowerState(108)) - 2a15bd7e-7896-4db0-9e08-f7464bcd33ee: shutdown 2a15bd7e-7896-4db0-9e08-f7464bcd33ee@group-F4FF6A221EE2-FollowerState
2022-02-24 16:56:08,610 [grpc-default-executor-0] INFO  impl.RoleInfo (RoleInfo.java:updateAndGet(130)) - 2a15bd7e-7896-4db0-9e08-f7464bcd33ee: start 2a15bd7e-7896-4db0-9e08-f7464bcd33ee@group-F4FF6A221EE2-FollowerState
2022-02-24 16:56:08,611 [2a15bd7e-7896-4db0-9e08-f7464bcd33ee@group-F4FF6A221EE2-FollowerState] INFO  impl.FollowerState (FollowerState.java:run(143)) - 2a15bd7e-7896-4db0-9e08-f7464bcd33ee@group-F4FF6A221EE2-FollowerState was interrupted: {}
java.lang.InterruptedException: sleep interrupted
	at java.lang.Thread.sleep(Native Method)
	at java.lang.Thread.sleep(Thread.java:342)
	at java.util.concurrent.TimeUnit.sleep(TimeUnit.java:386)
	at org.apache.ratis.util.TimeDuration.sleep(TimeDuration.java:324)
	at org.apache.ratis.util.TimeDuration.sleep(TimeDuration.java:309)
	at org.apache.ratis.server.impl.FollowerState.run(FollowerState.java:118)
2022-02-24 16:56:08,631 [grpc-default-executor-0] INFO  server.RaftServer$Division (RaftServerImpl.java:requestVote(1078)) - 2a15bd7e-7896-4db0-9e08-f7464bcd33ee@group-F4FF6A221EE2 replies to ELECTION vote request: b07270f0-c5b1-4afe-99f3-aa5758d6ba5c<-2a15bd7e-7896-4db0-9e08-f7464bcd33ee#0:FAIL-t4. Peer's state: 2a15bd7e-7896-4db0-9e08-f7464bcd33ee@group-F4FF6A221EE2:t4, leader=null, voted=null, raftlog=2a15bd7e-7896-4db0-9e08-f7464bcd33ee@group-F4FF6A221EE2-SegmentedRaftLog:OPENED:c-1, conf=-1: [b07270f0-c5b1-4afe-99f3-aa5758d6ba5c|rpc:10.1.0.37:45647|dataStream:|priority:0, cf3a7bfa-0a59-4cf0-978b-44f71b96abbc|rpc:10.1.0.37:40183|dataStream:|priority:0, 2a15bd7e-7896-4db0-9e08-f7464bcd33ee|rpc:10.1.0.37:41995|dataStream:|priority:1], old=null
2022-02-24 16:56:08,663 [grpc-default-executor-0] WARN  server.GrpcLogAppender (LogUtils.java:warn(122)) - b07270f0-c5b1-4afe-99f3-aa5758d6ba5c@group-9C1E72ACA101->cf3a7bfa-0a59-4cf0-978b-44f71b96abbc-AppendLogResponseHandler: Failed appendEntries: org.apache.ratis.thirdparty.io.grpc.StatusRuntimeException: UNAVAILABLE: io exception
2022-02-24 16:56:08,664 [grpc-default-executor-0] WARN  server.GrpcLogAppender (GrpcLogAppender.java:resetClient(110)) - b07270f0-c5b1-4afe-99f3-aa5758d6ba5c@group-9C1E72ACA101->cf3a7bfa-0a59-4cf0-978b-44f71b96abbc-GrpcLogAppender: Leader has not got in touch with Follower b07270f0-c5b1-4afe-99f3-aa5758d6ba5c@group-9C1E72ACA101->cf3a7bfa-0a59-4cf0-978b-44f71b96abbc(c0,m0,n1, attendVote=true, lastRpcSendTime=2510, lastRpcResponseTime=10044) yet, just keep nextIndex unchanged and retry.
2022-02-24 16:56:08,673 [b07270f0-c5b1-4afe-99f3-aa5758d6ba5c@group-F4FF6A221EE2-LeaderElection67] INFO  impl.LeaderElection (LeaderElection.java:logAndReturn(89)) - b07270f0-c5b1-4afe-99f3-aa5758d6ba5c@group-F4FF6A221EE2-LeaderElection67: ELECTION REJECTED received 1 response(s) and 1 exception(s):
2022-02-24 16:56:08,673 [b07270f0-c5b1-4afe-99f3-aa5758d6ba5c@group-F4FF6A221EE2-LeaderElection67] INFO  impl.LeaderElection (LeaderElection.java:logAndReturn(93)) -   Response 0: b07270f0-c5b1-4afe-99f3-aa5758d6ba5c<-2a15bd7e-7896-4db0-9e08-f7464bcd33ee#0:FAIL-t4
2022-02-24 16:56:08,673 [b07270f0-c5b1-4afe-99f3-aa5758d6ba5c@group-F4FF6A221EE2-LeaderElection67] INFO  impl.LeaderElection (LogUtils.java:infoOrTrace(137)) -   Exception 1: java.util.concurrent.ExecutionException: org.apache.ratis.thirdparty.io.grpc.StatusRuntimeException: UNAVAILABLE: io exception
2022-02-24 16:56:08,695 [b07270f0-c5b1-4afe-99f3-aa5758d6ba5c@group-F4FF6A221EE2-LeaderElection67] INFO  impl.LeaderElection (LeaderElection.java:askForVotes(308)) - b07270f0-c5b1-4afe-99f3-aa5758d6ba5c@group-F4FF6A221EE2-LeaderElection67 ELECTION round 0: result REJECTED
2022-02-24 16:56:08,695 [b07270f0-c5b1-4afe-99f3-aa5758d6ba5c@group-F4FF6A221EE2-LeaderElection67] INFO  server.RaftServer$Division (RaftServerImpl.java:setRole(290)) - b07270f0-c5b1-4afe-99f3-aa5758d6ba5c@group-F4FF6A221EE2: changes role from CANDIDATE to FOLLOWER at term 4 for REJECTED
2022-02-24 16:56:08,695 [b07270f0-c5b1-4afe-99f3-aa5758d6ba5c@group-F4FF6A221EE2-LeaderElection67] INFO  impl.RoleInfo (RoleInfo.java:shutdownLeaderElection(121)) - b07270f0-c5b1-4afe-99f3-aa5758d6ba5c: shutdown b07270f0-c5b1-4afe-99f3-aa5758d6ba5c@group-F4FF6A221EE2-LeaderElection67
2022-02-24 16:56:08,695 [b07270f0-c5b1-4afe-99f3-aa5758d6ba5c@group-F4FF6A221EE2-LeaderElection67] INFO  impl.RoleInfo (RoleInfo.java:updateAndGet(130)) - b07270f0-c5b1-4afe-99f3-aa5758d6ba5c: start b07270f0-c5b1-4afe-99f3-aa5758d6ba5c@group-F4FF6A221EE2-FollowerState
2022-02-24 16:56:08,983 [b07270f0-c5b1-4afe-99f3-aa5758d6ba5c@group-29500492D057-FollowerState] INFO  impl.FollowerState (FollowerState.java:run(134)) - b07270f0-c5b1-4afe-99f3-aa5758d6ba5c@group-29500492D057-FollowerState: change to CANDIDATE, lastRpcElapsedTime:10098993452ns, electionTimeout:5120ms
2022-02-24 16:56:08,983 [b07270f0-c5b1-4afe-99f3-aa5758d6ba5c@group-29500492D057-FollowerState] INFO  impl.RoleInfo (RoleInfo.java:shutdownFollowerState(108)) - b07270f0-c5b1-4afe-99f3-aa5758d6ba5c: shutdown b07270f0-c5b1-4afe-99f3-aa5758d6ba5c@group-29500492D057-FollowerState
2022-02-24 16:56:08,983 [b07270f0-c5b1-4afe-99f3-aa5758d6ba5c@group-29500492D057-FollowerState] INFO  server.RaftServer$Division (RaftServerImpl.java:setRole(290)) - b07270f0-c5b1-4afe-99f3-aa5758d6ba5c@group-29500492D057: changes role from  FOLLOWER to CANDIDATE at term 2 for changeToCandidate
2022-02-24 16:56:08,983 [b07270f0-c5b1-4afe-99f3-aa5758d6ba5c@group-29500492D057-FollowerState] INFO  server.RaftServerConfigKeys (ConfUtils.java:logGet(44)) - raft.server.leaderelection.pre-vote = false (custom)
2022-02-24 16:56:08,983 [b07270f0-c5b1-4afe-99f3-aa5758d6ba5c@group-29500492D057-FollowerState] INFO  impl.RoleInfo (RoleInfo.java:updateAndGet(130)) - b07270f0-c5b1-4afe-99f3-aa5758d6ba5c: start b07270f0-c5b1-4afe-99f3-aa5758d6ba5c@group-29500492D057-LeaderElection68
2022-02-24 16:56:08,991 [b07270f0-c5b1-4afe-99f3-aa5758d6ba5c@group-29500492D057-LeaderElection68] INFO  server.RaftServer$Division (ServerState.java:setLeader(285)) - b07270f0-c5b1-4afe-99f3-aa5758d6ba5c@group-29500492D057: change Leader from cf3a7bfa-0a59-4cf0-978b-44f71b96abbc to null at term 2 for ELECTION
2022-02-24 16:56:08,999 [b07270f0-c5b1-4afe-99f3-aa5758d6ba5c@group-29500492D057-LeaderElection68] INFO  impl.LeaderElection (LeaderElection.java:askForVotes(306)) - b07270f0-c5b1-4afe-99f3-aa5758d6ba5c@group-29500492D057-LeaderElection68 ELECTION round 0: submit vote requests at term 3 for 0: [b07270f0-c5b1-4afe-99f3-aa5758d6ba5c|rpc:10.1.0.37:45647|dataStream:|priority:0, 2a15bd7e-7896-4db0-9e08-f7464bcd33ee|rpc:10.1.0.37:41995|dataStream:|priority:0, cf3a7bfa-0a59-4cf0-978b-44f71b96abbc|rpc:10.1.0.37:40183|dataStream:|priority:1], old=null
2022-02-24 16:56:09,006 [grpc-default-executor-5] INFO  server.RaftServer$Division (RaftServerImpl.java:requestVote(1046)) - 2a15bd7e-7896-4db0-9e08-f7464bcd33ee@group-29500492D057: receive requestVote(ELECTION, b07270f0-c5b1-4afe-99f3-aa5758d6ba5c, group-29500492D057, 3, (t:2, i:0))
2022-02-24 16:56:09,006 [grpc-default-executor-5] INFO  impl.VoteContext (VoteContext.java:log(48)) - 2a15bd7e-7896-4db0-9e08-f7464bcd33ee@group-29500492D057-FOLLOWER: accept ELECTION from b07270f0-c5b1-4afe-99f3-aa5758d6ba5c: our priority 0 <= candidate's priority 0
2022-02-24 16:56:09,006 [grpc-default-executor-5] INFO  server.RaftServer$Division (ServerState.java:setLeader(285)) - 2a15bd7e-7896-4db0-9e08-f7464bcd33ee@group-29500492D057: change Leader from cf3a7bfa-0a59-4cf0-978b-44f71b96abbc to null at term 3 for updateCurrentTerm
2022-02-24 16:56:09,006 [grpc-default-executor-5] INFO  server.RaftServer$Division (RaftServerImpl.java:setRole(290)) - 2a15bd7e-7896-4db0-9e08-f7464bcd33ee@group-29500492D057: changes role from  FOLLOWER to FOLLOWER at term 3 for candidate:b07270f0-c5b1-4afe-99f3-aa5758d6ba5c
2022-02-24 16:56:09,006 [grpc-default-executor-5] INFO  impl.RoleInfo (RoleInfo.java:shutdownFollowerState(108)) - 2a15bd7e-7896-4db0-9e08-f7464bcd33ee: shutdown 2a15bd7e-7896-4db0-9e08-f7464bcd33ee@group-29500492D057-FollowerState
2022-02-24 16:56:09,006 [grpc-default-executor-5] INFO  impl.RoleInfo (RoleInfo.java:updateAndGet(130)) - 2a15bd7e-7896-4db0-9e08-f7464bcd33ee: start 2a15bd7e-7896-4db0-9e08-f7464bcd33ee@group-29500492D057-FollowerState
2022-02-24 16:56:09,007 [2a15bd7e-7896-4db0-9e08-f7464bcd33ee@group-29500492D057-FollowerState] INFO  impl.FollowerState (FollowerState.java:run(143)) - 2a15bd7e-7896-4db0-9e08-f7464bcd33ee@group-29500492D057-FollowerState was interrupted: {}
java.lang.InterruptedException: sleep interrupted
	at java.lang.Thread.sleep(Native Method)
	at java.lang.Thread.sleep(Thread.java:342)
	at java.util.concurrent.TimeUnit.sleep(TimeUnit.java:386)
	at org.apache.ratis.util.TimeDuration.sleep(TimeDuration.java:324)
	at org.apache.ratis.util.TimeDuration.sleep(TimeDuration.java:309)
	at org.apache.ratis.server.impl.FollowerState.run(FollowerState.java:118)
2022-02-24 16:56:09,009 [b07270f0-c5b1-4afe-99f3-aa5758d6ba5c@group-29500492D057-LeaderElection68] INFO  impl.LeaderElection (LogUtils.java:infoOrTrace(137)) - b07270f0-c5b1-4afe-99f3-aa5758d6ba5c@group-29500492D057-LeaderElection68 got exception when requesting votes: java.util.concurrent.ExecutionException: org.apache.ratis.thirdparty.io.grpc.StatusRuntimeException: UNAVAILABLE: io exception
2022-02-24 16:56:09,010 [grpc-default-executor-5] INFO  server.RaftServer$Division (RaftServerImpl.java:requestVote(1078)) - 2a15bd7e-7896-4db0-9e08-f7464bcd33ee@group-29500492D057 replies to ELECTION vote request: b07270f0-c5b1-4afe-99f3-aa5758d6ba5c<-2a15bd7e-7896-4db0-9e08-f7464bcd33ee#0:OK-t3. Peer's state: 2a15bd7e-7896-4db0-9e08-f7464bcd33ee@group-29500492D057:t3, leader=null, voted=b07270f0-c5b1-4afe-99f3-aa5758d6ba5c, raftlog=2a15bd7e-7896-4db0-9e08-f7464bcd33ee@group-29500492D057-SegmentedRaftLog:OPENED:c-1, conf=0: [b07270f0-c5b1-4afe-99f3-aa5758d6ba5c|rpc:10.1.0.37:45647|dataStream:|priority:0, 2a15bd7e-7896-4db0-9e08-f7464bcd33ee|rpc:10.1.0.37:41995|dataStream:|priority:0, cf3a7bfa-0a59-4cf0-978b-44f71b96abbc|rpc:10.1.0.37:40183|dataStream:|priority:1], old=null
2022-02-24 16:56:09,011 [b07270f0-c5b1-4afe-99f3-aa5758d6ba5c@group-29500492D057-LeaderElection68] INFO  impl.LeaderElection (LeaderElection.java:logAndReturn(89)) - b07270f0-c5b1-4afe-99f3-aa5758d6ba5c@group-29500492D057-LeaderElection68: ELECTION PASSED received 1 response(s) and 1 exception(s):
2022-02-24 16:56:09,011 [b07270f0-c5b1-4afe-99f3-aa5758d6ba5c@group-29500492D057-LeaderElection68] INFO  impl.LeaderElection (LeaderElection.java:logAndReturn(93)) -   Response 0: b07270f0-c5b1-4afe-99f3-aa5758d6ba5c<-2a15bd7e-7896-4db0-9e08-f7464bcd33ee#0:OK-t3
2022-02-24 16:56:09,011 [b07270f0-c5b1-4afe-99f3-aa5758d6ba5c@group-29500492D057-LeaderElection68] INFO  impl.LeaderElection (LogUtils.java:infoOrTrace(137)) -   Exception 1: java.util.concurrent.ExecutionException: org.apache.ratis.thirdparty.io.grpc.StatusRuntimeException: UNAVAILABLE: io exception
2022-02-24 16:56:09,011 [b07270f0-c5b1-4afe-99f3-aa5758d6ba5c@group-29500492D057-LeaderElection68] INFO  impl.LeaderElection (LeaderElection.java:askForVotes(308)) - b07270f0-c5b1-4afe-99f3-aa5758d6ba5c@group-29500492D057-LeaderElection68 ELECTION round 0: result PASSED
2022-02-24 16:56:09,011 [b07270f0-c5b1-4afe-99f3-aa5758d6ba5c@group-29500492D057-LeaderElection68] INFO  impl.RoleInfo (RoleInfo.java:shutdownLeaderElection(121)) - b07270f0-c5b1-4afe-99f3-aa5758d6ba5c: shutdown b07270f0-c5b1-4afe-99f3-aa5758d6ba5c@group-29500492D057-LeaderElection68
2022-02-24 16:56:09,011 [b07270f0-c5b1-4afe-99f3-aa5758d6ba5c@group-29500492D057-LeaderElection68] INFO  server.RaftServer$Division (RaftServerImpl.java:setRole(290)) - b07270f0-c5b1-4afe-99f3-aa5758d6ba5c@group-29500492D057: changes role from CANDIDATE to LEADER at term 3 for changeToLeader
2022-02-24 16:56:09,012 [b07270f0-c5b1-4afe-99f3-aa5758d6ba5c@group-29500492D057-LeaderElection68] INFO  ratis.XceiverServerRatis (XceiverServerRatis.java:handleLeaderChangedNotification(867)) - Leader change notification received for group: group-29500492D057 with new leaderId: b07270f0-c5b1-4afe-99f3-aa5758d6ba5c
2022-02-24 16:56:09,012 [b07270f0-c5b1-4afe-99f3-aa5758d6ba5c@group-29500492D057-LeaderElection68] INFO  server.RaftServer$Division (ServerState.java:setLeader(285)) - b07270f0-c5b1-4afe-99f3-aa5758d6ba5c@group-29500492D057: change Leader from null to b07270f0-c5b1-4afe-99f3-aa5758d6ba5c at term 3 for becomeLeader, leader elected after 20ms
2022-02-24 16:56:09,012 [b07270f0-c5b1-4afe-99f3-aa5758d6ba5c@group-29500492D057-LeaderElection68] INFO  server.RaftServerConfigKeys (ConfUtils.java:logGet(44)) - raft.server.staging.catchup.gap = 1000 (default)
2022-02-24 16:56:09,012 [b07270f0-c5b1-4afe-99f3-aa5758d6ba5c@group-29500492D057-LeaderElection68] INFO  server.RaftServerConfigKeys (ConfUtils.java:logGet(44)) - raft.server.write.element-limit = 1024 (custom)
2022-02-24 16:56:09,012 [b07270f0-c5b1-4afe-99f3-aa5758d6ba5c@group-29500492D057-LeaderElection68] INFO  server.RaftServerConfigKeys (ConfUtils.java:logGet(44)) - raft.server.write.byte-limit = 1024 M (=1073741824) (custom)
2022-02-24 16:56:09,012 [b07270f0-c5b1-4afe-99f3-aa5758d6ba5c@group-29500492D057-LeaderElection68] INFO  server.RaftServerConfigKeys (ConfUtils.java:logGet(44)) - raft.server.watch.timeout = 3000ms (custom)
2022-02-24 16:56:09,012 [b07270f0-c5b1-4afe-99f3-aa5758d6ba5c@group-29500492D057-LeaderElection68] INFO  server.RaftServerConfigKeys (ConfUtils.java:logGet(44)) - raft.server.watch.timeout.denomination = 1s (default)
2022-02-24 16:56:09,012 [b07270f0-c5b1-4afe-99f3-aa5758d6ba5c@group-29500492D057-LeaderElection68] INFO  server.RaftServerConfigKeys (ConfUtils.java:logGet(44)) - raft.server.watch.element-limit = 65536 (default)
2022-02-24 16:56:09,012 [b07270f0-c5b1-4afe-99f3-aa5758d6ba5c@group-29500492D057-LeaderElection68] INFO  server.RaftServerConfigKeys (ConfUtils.java:logGet(44)) - raft.server.write.element-limit = 1024 (custom)
2022-02-24 16:56:09,012 [b07270f0-c5b1-4afe-99f3-aa5758d6ba5c@group-29500492D057-LeaderElection68] INFO  server.RaftServerConfigKeys (ConfUtils.java:logGet(44)) - raft.server.write.follower.gap.ratio.max = -1.0 (default)
2022-02-24 16:56:09,013 [b07270f0-c5b1-4afe-99f3-aa5758d6ba5c@group-29500492D057-LeaderElection68] INFO  server.RaftServerConfigKeys (ConfUtils.java:logGet(44)) - raft.server.log.appender.snapshot.chunk.size.max = 16MB (=16777216) (default)
2022-02-24 16:56:09,013 [b07270f0-c5b1-4afe-99f3-aa5758d6ba5c@group-29500492D057-LeaderElection68] INFO  server.RaftServerConfigKeys (ConfUtils.java:logGet(44)) - raft.server.log.appender.buffer.byte-limit = 33554432 (custom)
2022-02-24 16:56:09,013 [b07270f0-c5b1-4afe-99f3-aa5758d6ba5c@group-29500492D057-LeaderElection68] INFO  server.RaftServerConfigKeys (ConfUtils.java:logGet(44)) - raft.server.log.appender.buffer.element-limit = 1 (custom)
2022-02-24 16:56:09,013 [b07270f0-c5b1-4afe-99f3-aa5758d6ba5c@group-29500492D057-LeaderElection68] INFO  grpc.GrpcConfigKeys (ConfUtils.java:logGet(44)) - raft.grpc.server.leader.outstanding.appends.max = 128 (default)
2022-02-24 16:56:09,013 [b07270f0-c5b1-4afe-99f3-aa5758d6ba5c@group-29500492D057-LeaderElection68] INFO  server.RaftServerConfigKeys (ConfUtils.java:logGet(44)) - raft.server.rpc.request.timeout = 3000ms (default)
2022-02-24 16:56:09,013 [b07270f0-c5b1-4afe-99f3-aa5758d6ba5c@group-29500492D057-LeaderElection68] INFO  server.RaftServerConfigKeys (ConfUtils.java:logGet(44)) - raft.server.log.appender.install.snapshot.enabled = false (custom)
2022-02-24 16:56:09,014 [b07270f0-c5b1-4afe-99f3-aa5758d6ba5c@group-29500492D057-LeaderElection68] INFO  server.RaftServerConfigKeys (ConfUtils.java:logGet(44)) - raft.server.log.appender.snapshot.chunk.size.max = 16MB (=16777216) (default)
2022-02-24 16:56:09,014 [b07270f0-c5b1-4afe-99f3-aa5758d6ba5c@group-29500492D057-LeaderElection68] INFO  server.RaftServerConfigKeys (ConfUtils.java:logGet(44)) - raft.server.log.appender.buffer.byte-limit = 33554432 (custom)
2022-02-24 16:56:09,014 [b07270f0-c5b1-4afe-99f3-aa5758d6ba5c@group-29500492D057-LeaderElection68] INFO  server.RaftServerConfigKeys (ConfUtils.java:logGet(44)) - raft.server.log.appender.buffer.element-limit = 1 (custom)
2022-02-24 16:56:09,014 [b07270f0-c5b1-4afe-99f3-aa5758d6ba5c@group-29500492D057-LeaderElection68] INFO  grpc.GrpcConfigKeys (ConfUtils.java:logGet(44)) - raft.grpc.server.leader.outstanding.appends.max = 128 (default)
2022-02-24 16:56:09,014 [b07270f0-c5b1-4afe-99f3-aa5758d6ba5c@group-29500492D057-LeaderElection68] INFO  server.RaftServerConfigKeys (ConfUtils.java:logGet(44)) - raft.server.rpc.request.timeout = 3000ms (default)
2022-02-24 16:56:09,014 [b07270f0-c5b1-4afe-99f3-aa5758d6ba5c@group-29500492D057-LeaderElection68] INFO  server.RaftServerConfigKeys (ConfUtils.java:logGet(44)) - raft.server.log.appender.install.snapshot.enabled = false (custom)
2022-02-24 16:56:09,016 [b07270f0-c5b1-4afe-99f3-aa5758d6ba5c@group-29500492D057-LeaderElection68] INFO  impl.RoleInfo (RoleInfo.java:updateAndGet(130)) - b07270f0-c5b1-4afe-99f3-aa5758d6ba5c: start b07270f0-c5b1-4afe-99f3-aa5758d6ba5c@group-29500492D057-LeaderStateImpl
2022-02-24 16:56:09,017 [b07270f0-c5b1-4afe-99f3-aa5758d6ba5c@group-29500492D057-LeaderElection68] INFO  segmented.SegmentedRaftLogWorker (SegmentedRaftLogWorker.java:rollLogSegment(399)) - b07270f0-c5b1-4afe-99f3-aa5758d6ba5c@group-29500492D057-SegmentedRaftLogWorker: Rolling segment log-0_0 to index:0
2022-02-24 16:56:09,017 [b07270f0-c5b1-4afe-99f3-aa5758d6ba5c@group-29500492D057-SegmentedRaftLogWorker] INFO  segmented.SegmentedRaftLogWorker (SegmentedRaftLogWorker.java:execute(558)) - b07270f0-c5b1-4afe-99f3-aa5758d6ba5c@group-29500492D057-SegmentedRaftLogWorker: Rolled log segment from /home/runner/work/ozone/ozone/hadoop-ozone/integration-test/target/test-dir/MiniOzoneClusterImpl-a9e0dedd-d836-4895-9472-52c2256152d3/datanode-0/data/ratis/9f1d42e2-676d-4b4b-b843-29500492d057/current/log_inprogress_0 to /home/runner/work/ozone/ozone/hadoop-ozone/integration-test/target/test-dir/MiniOzoneClusterImpl-a9e0dedd-d836-4895-9472-52c2256152d3/datanode-0/data/ratis/9f1d42e2-676d-4b4b-b843-29500492d057/current/log_0-0
2022-02-24 16:56:09,019 [b07270f0-c5b1-4afe-99f3-aa5758d6ba5c@group-29500492D057-SegmentedRaftLogWorker] INFO  segmented.SegmentedRaftLogWorker (SegmentedRaftLogWorker.java:execute(601)) - b07270f0-c5b1-4afe-99f3-aa5758d6ba5c@group-29500492D057-SegmentedRaftLogWorker: created new log segment /home/runner/work/ozone/ozone/hadoop-ozone/integration-test/target/test-dir/MiniOzoneClusterImpl-a9e0dedd-d836-4895-9472-52c2256152d3/datanode-0/data/ratis/9f1d42e2-676d-4b4b-b843-29500492d057/current/log_inprogress_1
2022-02-24 16:56:09,031 [grpc-default-executor-5] WARN  server.GrpcLogAppender (LogUtils.java:warn(122)) - b07270f0-c5b1-4afe-99f3-aa5758d6ba5c@group-29500492D057->cf3a7bfa-0a59-4cf0-978b-44f71b96abbc-AppendLogResponseHandler: Failed appendEntries: org.apache.ratis.thirdparty.io.grpc.StatusRuntimeException: UNAVAILABLE: io exception
2022-02-24 16:56:09,032 [grpc-default-executor-5] WARN  server.GrpcLogAppender (GrpcLogAppender.java:resetClient(110)) - b07270f0-c5b1-4afe-99f3-aa5758d6ba5c@group-29500492D057->cf3a7bfa-0a59-4cf0-978b-44f71b96abbc-GrpcLogAppender: Leader has not got in touch with Follower b07270f0-c5b1-4afe-99f3-aa5758d6ba5c@group-29500492D057->cf3a7bfa-0a59-4cf0-978b-44f71b96abbc(c-1,m0,n1, attendVote=true, lastRpcSendTime=5219, lastRpcResponseTime=5219) yet, just keep nextIndex unchanged and retry.
2022-02-24 16:56:09,034 [grpc-default-executor-5] WARN  server.GrpcLogAppender (LogUtils.java:warn(122)) - b07270f0-c5b1-4afe-99f3-aa5758d6ba5c@group-29500492D057->cf3a7bfa-0a59-4cf0-978b-44f71b96abbc-AppendLogResponseHandler: Failed appendEntries: org.apache.ratis.thirdparty.io.grpc.StatusRuntimeException: UNAVAILABLE: io exception
2022-02-24 16:56:09,034 [grpc-default-executor-5] WARN  server.GrpcLogAppender (GrpcLogAppender.java:resetClient(110)) - b07270f0-c5b1-4afe-99f3-aa5758d6ba5c@group-29500492D057->cf3a7bfa-0a59-4cf0-978b-44f71b96abbc-GrpcLogAppender: Leader has not got in touch with Follower b07270f0-c5b1-4afe-99f3-aa5758d6ba5c@group-29500492D057->cf3a7bfa-0a59-4cf0-978b-44f71b96abbc(c-1,m0,n2, attendVote=true, lastRpcSendTime=1, lastRpcResponseTime=5221) yet, just keep nextIndex unchanged and retry.
2022-02-24 16:56:09,035 [b07270f0-c5b1-4afe-99f3-aa5758d6ba5c@group-29500492D057-LeaderElection68] INFO  server.RaftServer$Division (ServerState.java:setRaftConf(387)) - b07270f0-c5b1-4afe-99f3-aa5758d6ba5c@group-29500492D057: set configuration 1: [b07270f0-c5b1-4afe-99f3-aa5758d6ba5c|rpc:10.1.0.37:45647|dataStream:|priority:0, 2a15bd7e-7896-4db0-9e08-f7464bcd33ee|rpc:10.1.0.37:41995|dataStream:|priority:0, cf3a7bfa-0a59-4cf0-978b-44f71b96abbc|rpc:10.1.0.37:40183|dataStream:|priority:1], old=null
2022-02-24 16:56:09,038 [grpc-default-executor-4] INFO  ratis.XceiverServerRatis (XceiverServerRatis.java:handleLeaderChangedNotification(867)) - Leader change notification received for group: group-29500492D057 with new leaderId: b07270f0-c5b1-4afe-99f3-aa5758d6ba5c
2022-02-24 16:56:09,038 [grpc-default-executor-4] INFO  server.RaftServer$Division (ServerState.java:setLeader(285)) - 2a15bd7e-7896-4db0-9e08-f7464bcd33ee@group-29500492D057: change Leader from null to b07270f0-c5b1-4afe-99f3-aa5758d6ba5c at term 3 for appendEntries, leader elected after 31ms
2022-02-24 16:56:09,062 [grpc-default-executor-4] INFO  server.RaftServer$Division (ServerState.java:setRaftConf(387)) - 2a15bd7e-7896-4db0-9e08-f7464bcd33ee@group-29500492D057: set configuration 1: [b07270f0-c5b1-4afe-99f3-aa5758d6ba5c|rpc:10.1.0.37:45647|dataStream:|priority:0, 2a15bd7e-7896-4db0-9e08-f7464bcd33ee|rpc:10.1.0.37:41995|dataStream:|priority:0, cf3a7bfa-0a59-4cf0-978b-44f71b96abbc|rpc:10.1.0.37:40183|dataStream:|priority:1], old=null
2022-02-24 16:56:09,063 [grpc-default-executor-4] INFO  segmented.SegmentedRaftLogWorker (SegmentedRaftLogWorker.java:rollLogSegment(399)) - 2a15bd7e-7896-4db0-9e08-f7464bcd33ee@group-29500492D057-SegmentedRaftLogWorker: Rolling segment log-0_0 to index:0
2022-02-24 16:56:09,064 [2a15bd7e-7896-4db0-9e08-f7464bcd33ee@group-29500492D057-SegmentedRaftLogWorker] INFO  segmented.SegmentedRaftLogWorker (SegmentedRaftLogWorker.java:execute(558)) - 2a15bd7e-7896-4db0-9e08-f7464bcd33ee@group-29500492D057-SegmentedRaftLogWorker: Rolled log segment from /home/runner/work/ozone/ozone/hadoop-ozone/integration-test/target/test-dir/MiniOzoneClusterImpl-a9e0dedd-d836-4895-9472-52c2256152d3/datanode-2/data/ratis/9f1d42e2-676d-4b4b-b843-29500492d057/current/log_inprogress_0 to /home/runner/work/ozone/ozone/hadoop-ozone/integration-test/target/test-dir/MiniOzoneClusterImpl-a9e0dedd-d836-4895-9472-52c2256152d3/datanode-2/data/ratis/9f1d42e2-676d-4b4b-b843-29500492d057/current/log_0-0
2022-02-24 16:56:09,065 [2a15bd7e-7896-4db0-9e08-f7464bcd33ee@group-29500492D057-SegmentedRaftLogWorker] INFO  segmented.SegmentedRaftLogWorker (SegmentedRaftLogWorker.java:execute(601)) - 2a15bd7e-7896-4db0-9e08-f7464bcd33ee@group-29500492D057-SegmentedRaftLogWorker: created new log segment /home/runner/work/ozone/ozone/hadoop-ozone/integration-test/target/test-dir/MiniOzoneClusterImpl-a9e0dedd-d836-4895-9472-52c2256152d3/datanode-2/data/ratis/9f1d42e2-676d-4b4b-b843-29500492d057/current/log_inprogress_1
2022-02-24 16:56:09,138 [grpc-default-executor-4] WARN  server.GrpcLogAppender (LogUtils.java:warn(122)) - b07270f0-c5b1-4afe-99f3-aa5758d6ba5c@group-29500492D057->cf3a7bfa-0a59-4cf0-978b-44f71b96abbc-AppendLogResponseHandler: Failed appendEntries: org.apache.ratis.thirdparty.io.grpc.StatusRuntimeException: UNAVAILABLE: io exception
2022-02-24 16:56:09,139 [grpc-default-executor-4] WARN  server.GrpcLogAppender (GrpcLogAppender.java:resetClient(110)) - b07270f0-c5b1-4afe-99f3-aa5758d6ba5c@group-29500492D057->cf3a7bfa-0a59-4cf0-978b-44f71b96abbc-GrpcLogAppender: Leader has not got in touch with Follower b07270f0-c5b1-4afe-99f3-aa5758d6ba5c@group-29500492D057->cf3a7bfa-0a59-4cf0-978b-44f71b96abbc(c-1,m0,n3, attendVote=true, lastRpcSendTime=104, lastRpcResponseTime=5326) yet, just keep nextIndex unchanged and retry.
2022-02-24 16:56:11,176 [grpc-default-executor-5] WARN  server.GrpcLogAppender (LogUtils.java:warn(122)) - b07270f0-c5b1-4afe-99f3-aa5758d6ba5c@group-9C1E72ACA101->cf3a7bfa-0a59-4cf0-978b-44f71b96abbc-AppendLogResponseHandler: Failed appendEntries: org.apache.ratis.thirdparty.io.grpc.StatusRuntimeException: UNAVAILABLE: io exception
2022-02-24 16:56:11,177 [grpc-default-executor-5] WARN  server.GrpcLogAppender (GrpcLogAppender.java:resetClient(110)) - b07270f0-c5b1-4afe-99f3-aa5758d6ba5c@group-9C1E72ACA101->cf3a7bfa-0a59-4cf0-978b-44f71b96abbc-GrpcLogAppender: Leader has not got in touch with Follower b07270f0-c5b1-4afe-99f3-aa5758d6ba5c@group-9C1E72ACA101->cf3a7bfa-0a59-4cf0-978b-44f71b96abbc(c0,m0,n1, attendVote=true, lastRpcSendTime=0, lastRpcResponseTime=12557) yet, just keep nextIndex unchanged and retry.
2022-02-24 16:56:11,687 [grpc-default-executor-4] WARN  server.GrpcLogAppender (LogUtils.java:warn(122)) - b07270f0-c5b1-4afe-99f3-aa5758d6ba5c@group-29500492D057->cf3a7bfa-0a59-4cf0-978b-44f71b96abbc-AppendLogResponseHandler: Failed appendEntries: org.apache.ratis.thirdparty.io.grpc.StatusRuntimeException: UNAVAILABLE: io exception
2022-02-24 16:56:11,687 [grpc-default-executor-4] WARN  server.GrpcLogAppender (GrpcLogAppender.java:resetClient(110)) - b07270f0-c5b1-4afe-99f3-aa5758d6ba5c@group-29500492D057->cf3a7bfa-0a59-4cf0-978b-44f71b96abbc-GrpcLogAppender: Leader has not got in touch with Follower b07270f0-c5b1-4afe-99f3-aa5758d6ba5c@group-29500492D057->cf3a7bfa-0a59-4cf0-978b-44f71b96abbc(c-1,m0,n3, attendVote=true, lastRpcSendTime=30, lastRpcResponseTime=7874) yet, just keep nextIndex unchanged and retry.
2022-02-24 16:56:13,654 [2a15bd7e-7896-4db0-9e08-f7464bcd33ee@group-F4FF6A221EE2-FollowerState] INFO  impl.FollowerState (FollowerState.java:run(134)) - 2a15bd7e-7896-4db0-9e08-f7464bcd33ee@group-F4FF6A221EE2-FollowerState: change to CANDIDATE, lastRpcElapsedTime:5043030064ns, electionTimeout:5025ms
2022-02-24 16:56:13,654 [2a15bd7e-7896-4db0-9e08-f7464bcd33ee@group-F4FF6A221EE2-FollowerState] INFO  impl.RoleInfo (RoleInfo.java:shutdownFollowerState(108)) - 2a15bd7e-7896-4db0-9e08-f7464bcd33ee: shutdown 2a15bd7e-7896-4db0-9e08-f7464bcd33ee@group-F4FF6A221EE2-FollowerState
2022-02-24 16:56:13,654 [2a15bd7e-7896-4db0-9e08-f7464bcd33ee@group-F4FF6A221EE2-FollowerState] INFO  server.RaftServer$Division (RaftServerImpl.java:setRole(290)) - 2a15bd7e-7896-4db0-9e08-f7464bcd33ee@group-F4FF6A221EE2: changes role from  FOLLOWER to CANDIDATE at term 4 for changeToCandidate
2022-02-24 16:56:13,654 [2a15bd7e-7896-4db0-9e08-f7464bcd33ee@group-F4FF6A221EE2-FollowerState] INFO  server.RaftServerConfigKeys (ConfUtils.java:logGet(44)) - raft.server.leaderelection.pre-vote = false (custom)
2022-02-24 16:56:13,654 [2a15bd7e-7896-4db0-9e08-f7464bcd33ee@group-F4FF6A221EE2-FollowerState] INFO  impl.RoleInfo (RoleInfo.java:updateAndGet(130)) - 2a15bd7e-7896-4db0-9e08-f7464bcd33ee: start 2a15bd7e-7896-4db0-9e08-f7464bcd33ee@group-F4FF6A221EE2-LeaderElection69
2022-02-24 16:56:13,704 [grpc-default-executor-0] WARN  server.GrpcLogAppender (LogUtils.java:warn(122)) - b07270f0-c5b1-4afe-99f3-aa5758d6ba5c@group-9C1E72ACA101->cf3a7bfa-0a59-4cf0-978b-44f71b96abbc-AppendLogResponseHandler: Failed appendEntries: org.apache.ratis.thirdparty.io.grpc.StatusRuntimeException: UNAVAILABLE: io exception
2022-02-24 16:56:13,704 [grpc-default-executor-0] WARN  server.GrpcLogAppender (GrpcLogAppender.java:resetClient(110)) - b07270f0-c5b1-4afe-99f3-aa5758d6ba5c@group-9C1E72ACA101->cf3a7bfa-0a59-4cf0-978b-44f71b96abbc-GrpcLogAppender: Leader has not got in touch with Follower b07270f0-c5b1-4afe-99f3-aa5758d6ba5c@group-9C1E72ACA101->cf3a7bfa-0a59-4cf0-978b-44f71b96abbc(c0,m0,n1, attendVote=true, lastRpcSendTime=0, lastRpcResponseTime=15085) yet, just keep nextIndex unchanged and retry.
2022-02-24 16:56:13,719 [2a15bd7e-7896-4db0-9e08-f7464bcd33ee@group-F4FF6A221EE2-LeaderElection69] INFO  impl.LeaderElection (LeaderElection.java:askForVotes(306)) - 2a15bd7e-7896-4db0-9e08-f7464bcd33ee@group-F4FF6A221EE2-LeaderElection69 ELECTION round 0: submit vote requests at term 5 for -1: [b07270f0-c5b1-4afe-99f3-aa5758d6ba5c|rpc:10.1.0.37:45647|dataStream:|priority:0, cf3a7bfa-0a59-4cf0-978b-44f71b96abbc|rpc:10.1.0.37:40183|dataStream:|priority:0, 2a15bd7e-7896-4db0-9e08-f7464bcd33ee|rpc:10.1.0.37:41995|dataStream:|priority:1], old=null
2022-02-24 16:56:13,761 [grpc-default-executor-4] INFO  server.RaftServer$Division (RaftServerImpl.java:requestVote(1046)) - b07270f0-c5b1-4afe-99f3-aa5758d6ba5c@group-F4FF6A221EE2: receive requestVote(ELECTION, 2a15bd7e-7896-4db0-9e08-f7464bcd33ee, group-F4FF6A221EE2, 5, (t:0, i:0))
2022-02-24 16:56:13,761 [grpc-default-executor-4] INFO  impl.VoteContext (VoteContext.java:log(48)) - b07270f0-c5b1-4afe-99f3-aa5758d6ba5c@group-F4FF6A221EE2-FOLLOWER: accept ELECTION from 2a15bd7e-7896-4db0-9e08-f7464bcd33ee: our priority 0 <= candidate's priority 1
2022-02-24 16:56:13,761 [grpc-default-executor-4] INFO  server.RaftServer$Division (RaftServerImpl.java:setRole(290)) - b07270f0-c5b1-4afe-99f3-aa5758d6ba5c@group-F4FF6A221EE2: changes role from  FOLLOWER to FOLLOWER at term 5 for candidate:2a15bd7e-7896-4db0-9e08-f7464bcd33ee
2022-02-24 16:56:13,761 [grpc-default-executor-4] INFO  impl.RoleInfo (RoleInfo.java:shutdownFollowerState(108)) - b07270f0-c5b1-4afe-99f3-aa5758d6ba5c: shutdown b07270f0-c5b1-4afe-99f3-aa5758d6ba5c@group-F4FF6A221EE2-FollowerState
2022-02-24 16:56:13,780 [grpc-default-executor-4] INFO  impl.RoleInfo (RoleInfo.java:updateAndGet(130)) - b07270f0-c5b1-4afe-99f3-aa5758d6ba5c: start b07270f0-c5b1-4afe-99f3-aa5758d6ba5c@group-F4FF6A221EE2-FollowerState
2022-02-24 16:56:13,781 [b07270f0-c5b1-4afe-99f3-aa5758d6ba5c@group-F4FF6A221EE2-FollowerState] INFO  impl.FollowerState (FollowerState.java:run(143)) - b07270f0-c5b1-4afe-99f3-aa5758d6ba5c@group-F4FF6A221EE2-FollowerState was interrupted: {}
java.lang.InterruptedException: sleep interrupted
	at java.lang.Thread.sleep(Native Method)
	at java.lang.Thread.sleep(Thread.java:342)
	at java.util.concurrent.TimeUnit.sleep(TimeUnit.java:386)
	at org.apache.ratis.util.TimeDuration.sleep(TimeDuration.java:324)
	at org.apache.ratis.util.TimeDuration.sleep(TimeDuration.java:309)
	at org.apache.ratis.server.impl.FollowerState.run(FollowerState.java:118)
2022-02-24 16:56:13,791 [2a15bd7e-7896-4db0-9e08-f7464bcd33ee@group-F4FF6A221EE2-LeaderElection69] INFO  impl.LeaderElection (LogUtils.java:infoOrTrace(137)) - 2a15bd7e-7896-4db0-9e08-f7464bcd33ee@group-F4FF6A221EE2-LeaderElection69 got exception when requesting votes: java.util.concurrent.ExecutionException: org.apache.ratis.thirdparty.io.grpc.StatusRuntimeException: UNAVAILABLE: io exception
2022-02-24 16:56:13,791 [grpc-default-executor-4] INFO  server.RaftServer$Division (RaftServerImpl.java:requestVote(1078)) - b07270f0-c5b1-4afe-99f3-aa5758d6ba5c@group-F4FF6A221EE2 replies to ELECTION vote request: 2a15bd7e-7896-4db0-9e08-f7464bcd33ee<-b07270f0-c5b1-4afe-99f3-aa5758d6ba5c#0:OK-t5. Peer's state: b07270f0-c5b1-4afe-99f3-aa5758d6ba5c@group-F4FF6A221EE2:t5, leader=null, voted=2a15bd7e-7896-4db0-9e08-f7464bcd33ee, raftlog=b07270f0-c5b1-4afe-99f3-aa5758d6ba5c@group-F4FF6A221EE2-SegmentedRaftLog:OPENED:c-1, conf=-1: [b07270f0-c5b1-4afe-99f3-aa5758d6ba5c|rpc:10.1.0.37:45647|priority:0, cf3a7bfa-0a59-4cf0-978b-44f71b96abbc|rpc:10.1.0.37:40183|priority:0, 2a15bd7e-7896-4db0-9e08-f7464bcd33ee|rpc:10.1.0.37:41995|priority:1], old=null
2022-02-24 16:56:13,797 [2a15bd7e-7896-4db0-9e08-f7464bcd33ee@group-F4FF6A221EE2-LeaderElection69] INFO  impl.LeaderElection (LeaderElection.java:logAndReturn(89)) - 2a15bd7e-7896-4db0-9e08-f7464bcd33ee@group-F4FF6A221EE2-LeaderElection69: ELECTION PASSED received 1 response(s) and 1 exception(s):
2022-02-24 16:56:13,797 [2a15bd7e-7896-4db0-9e08-f7464bcd33ee@group-F4FF6A221EE2-LeaderElection69] INFO  impl.LeaderElection (LeaderElection.java:logAndReturn(93)) -   Response 0: 2a15bd7e-7896-4db0-9e08-f7464bcd33ee<-b07270f0-c5b1-4afe-99f3-aa5758d6ba5c#0:OK-t5
2022-02-24 16:56:13,797 [2a15bd7e-7896-4db0-9e08-f7464bcd33ee@group-F4FF6A221EE2-LeaderElection69] INFO  impl.LeaderElection (LogUtils.java:infoOrTrace(137)) -   Exception 1: java.util.concurrent.ExecutionException: org.apache.ratis.thirdparty.io.grpc.StatusRuntimeException: UNAVAILABLE: io exception
2022-02-24 16:56:13,797 [2a15bd7e-7896-4db0-9e08-f7464bcd33ee@group-F4FF6A221EE2-LeaderElection69] INFO  impl.LeaderElection (LeaderElection.java:askForVotes(308)) - 2a15bd7e-7896-4db0-9e08-f7464bcd33ee@group-F4FF6A221EE2-LeaderElection69 ELECTION round 0: result PASSED
2022-02-24 16:56:13,797 [2a15bd7e-7896-4db0-9e08-f7464bcd33ee@group-F4FF6A221EE2-LeaderElection69] INFO  impl.RoleInfo (RoleInfo.java:shutdownLeaderElection(121)) - 2a15bd7e-7896-4db0-9e08-f7464bcd33ee: shutdown 2a15bd7e-7896-4db0-9e08-f7464bcd33ee@group-F4FF6A221EE2-LeaderElection69
2022-02-24 16:56:13,797 [2a15bd7e-7896-4db0-9e08-f7464bcd33ee@group-F4FF6A221EE2-LeaderElection69] INFO  server.RaftServer$Division (RaftServerImpl.java:setRole(290)) - 2a15bd7e-7896-4db0-9e08-f7464bcd33ee@group-F4FF6A221EE2: changes role from CANDIDATE to LEADER at term 5 for changeToLeader
2022-02-24 16:56:13,797 [2a15bd7e-7896-4db0-9e08-f7464bcd33ee@group-F4FF6A221EE2-LeaderElection69] INFO  ratis.XceiverServerRatis (XceiverServerRatis.java:handleLeaderChangedNotification(867)) - Leader change notification received for group: group-F4FF6A221EE2 with new leaderId: 2a15bd7e-7896-4db0-9e08-f7464bcd33ee
2022-02-24 16:56:13,797 [2a15bd7e-7896-4db0-9e08-f7464bcd33ee@group-F4FF6A221EE2-LeaderElection69] INFO  server.RaftServer$Division (ServerState.java:setLeader(285)) - 2a15bd7e-7896-4db0-9e08-f7464bcd33ee@group-F4FF6A221EE2: change Leader from null to 2a15bd7e-7896-4db0-9e08-f7464bcd33ee at term 5 for becomeLeader, leader elected after 25623ms
2022-02-24 16:56:13,797 [2a15bd7e-7896-4db0-9e08-f7464bcd33ee@group-F4FF6A221EE2-LeaderElection69] INFO  server.RaftServerConfigKeys (ConfUtils.java:logGet(44)) - raft.server.staging.catchup.gap = 1000 (default)
2022-02-24 16:56:13,797 [2a15bd7e-7896-4db0-9e08-f7464bcd33ee@group-F4FF6A221EE2-LeaderElection69] INFO  server.RaftServerConfigKeys (ConfUtils.java:logGet(44)) - raft.server.write.element-limit = 1024 (custom)
2022-02-24 16:56:13,797 [2a15bd7e-7896-4db0-9e08-f7464bcd33ee@group-F4FF6A221EE2-LeaderElection69] INFO  server.RaftServerConfigKeys (ConfUtils.java:logGet(44)) - raft.server.write.byte-limit = 1024 M (=1073741824) (custom)
2022-02-24 16:56:13,798 [2a15bd7e-7896-4db0-9e08-f7464bcd33ee@group-F4FF6A221EE2-LeaderElection69] INFO  server.RaftServerConfigKeys (ConfUtils.java:logGet(44)) - raft.server.watch.timeout = 3000ms (custom)
2022-02-24 16:56:13,798 [2a15bd7e-7896-4db0-9e08-f7464bcd33ee@group-F4FF6A221EE2-LeaderElection69] INFO  server.RaftServerConfigKeys (ConfUtils.java:logGet(44)) - raft.server.watch.timeout.denomination = 1s (default)
2022-02-24 16:56:13,798 [2a15bd7e-7896-4db0-9e08-f7464bcd33ee@group-F4FF6A221EE2-LeaderElection69] INFO  server.RaftServerConfigKeys (ConfUtils.java:logGet(44)) - raft.server.watch.element-limit = 65536 (default)
2022-02-24 16:56:13,798 [2a15bd7e-7896-4db0-9e08-f7464bcd33ee@group-F4FF6A221EE2-LeaderElection69] INFO  server.RaftServerConfigKeys (ConfUtils.java:logGet(44)) - raft.server.write.element-limit = 1024 (custom)
2022-02-24 16:56:13,798 [2a15bd7e-7896-4db0-9e08-f7464bcd33ee@group-F4FF6A221EE2-LeaderElection69] INFO  server.RaftServerConfigKeys (ConfUtils.java:logGet(44)) - raft.server.write.follower.gap.ratio.max = -1.0 (default)
2022-02-24 16:56:13,798 [2a15bd7e-7896-4db0-9e08-f7464bcd33ee@group-F4FF6A221EE2-LeaderElection69] INFO  server.RaftServerConfigKeys (ConfUtils.java:logGet(44)) - raft.server.log.appender.snapshot.chunk.size.max = 16MB (=16777216) (default)
2022-02-24 16:56:13,798 [2a15bd7e-7896-4db0-9e08-f7464bcd33ee@group-F4FF6A221EE2-LeaderElection69] INFO  server.RaftServerConfigKeys (ConfUtils.java:logGet(44)) - raft.server.log.appender.buffer.byte-limit = 33554432 (custom)
2022-02-24 16:56:13,798 [2a15bd7e-7896-4db0-9e08-f7464bcd33ee@group-F4FF6A221EE2-LeaderElection69] INFO  server.RaftServerConfigKeys (ConfUtils.java:logGet(44)) - raft.server.log.appender.buffer.element-limit = 1 (custom)
2022-02-24 16:56:13,798 [2a15bd7e-7896-4db0-9e08-f7464bcd33ee@group-F4FF6A221EE2-LeaderElection69] INFO  grpc.GrpcConfigKeys (ConfUtils.java:logGet(44)) - raft.grpc.server.leader.outstanding.appends.max = 128 (default)
2022-02-24 16:56:13,798 [2a15bd7e-7896-4db0-9e08-f7464bcd33ee@group-F4FF6A221EE2-LeaderElection69] INFO  server.RaftServerConfigKeys (ConfUtils.java:logGet(44)) - raft.server.rpc.request.timeout = 3000ms (default)
2022-02-24 16:56:13,798 [2a15bd7e-7896-4db0-9e08-f7464bcd33ee@group-F4FF6A221EE2-LeaderElection69] INFO  server.RaftServerConfigKeys (ConfUtils.java:logGet(44)) - raft.server.log.appender.install.snapshot.enabled = false (custom)
2022-02-24 16:56:13,803 [2a15bd7e-7896-4db0-9e08-f7464bcd33ee@group-F4FF6A221EE2-LeaderElection69] INFO  server.RaftServerConfigKeys (ConfUtils.java:logGet(44)) - raft.server.log.appender.snapshot.chunk.size.max = 16MB (=16777216) (default)
2022-02-24 16:56:13,803 [2a15bd7e-7896-4db0-9e08-f7464bcd33ee@group-F4FF6A221EE2-LeaderElection69] INFO  server.RaftServerConfigKeys (ConfUtils.java:logGet(44)) - raft.server.log.appender.buffer.byte-limit = 33554432 (custom)
2022-02-24 16:56:13,803 [2a15bd7e-7896-4db0-9e08-f7464bcd33ee@group-F4FF6A221EE2-LeaderElection69] INFO  server.RaftServerConfigKeys (ConfUtils.java:logGet(44)) - raft.server.log.appender.buffer.element-limit = 1 (custom)
2022-02-24 16:56:13,803 [2a15bd7e-7896-4db0-9e08-f7464bcd33ee@group-F4FF6A221EE2-LeaderElection69] INFO  grpc.GrpcConfigKeys (ConfUtils.java:logGet(44)) - raft.grpc.server.leader.outstanding.appends.max = 128 (default)
2022-02-24 16:56:13,803 [2a15bd7e-7896-4db0-9e08-f7464bcd33ee@group-F4FF6A221EE2-LeaderElection69] INFO  server.RaftServerConfigKeys (ConfUtils.java:logGet(44)) - raft.server.rpc.request.timeout = 3000ms (default)
2022-02-24 16:56:13,804 [2a15bd7e-7896-4db0-9e08-f7464bcd33ee@group-F4FF6A221EE2-LeaderElection69] INFO  server.RaftServerConfigKeys (ConfUtils.java:logGet(44)) - raft.server.log.appender.install.snapshot.enabled = false (custom)
2022-02-24 16:56:13,804 [2a15bd7e-7896-4db0-9e08-f7464bcd33ee@group-F4FF6A221EE2-LeaderElection69] INFO  impl.RoleInfo (RoleInfo.java:updateAndGet(130)) - 2a15bd7e-7896-4db0-9e08-f7464bcd33ee: start 2a15bd7e-7896-4db0-9e08-f7464bcd33ee@group-F4FF6A221EE2-LeaderStateImpl
2022-02-24 16:56:13,807 [2a15bd7e-7896-4db0-9e08-f7464bcd33ee@group-F4FF6A221EE2-LeaderElection69] INFO  segmented.SegmentedRaftLogWorker (SegmentedRaftLogWorker.java:startLogSegment(394)) - 2a15bd7e-7896-4db0-9e08-f7464bcd33ee@group-F4FF6A221EE2-SegmentedRaftLogWorker: Starting segment from index:0
2022-02-24 16:56:13,809 [2a15bd7e-7896-4db0-9e08-f7464bcd33ee@group-F4FF6A221EE2-SegmentedRaftLogWorker] INFO  segmented.SegmentedRaftLogWorker (SegmentedRaftLogWorker.java:execute(601)) - 2a15bd7e-7896-4db0-9e08-f7464bcd33ee@group-F4FF6A221EE2-SegmentedRaftLogWorker: created new log segment /home/runner/work/ozone/ozone/hadoop-ozone/integration-test/target/test-dir/MiniOzoneClusterImpl-a9e0dedd-d836-4895-9472-52c2256152d3/datanode-2/data/ratis/fc4ff8a0-a9fc-4bf1-a572-f4ff6a221ee2/current/log_inprogress_0
2022-02-24 16:56:13,840 [grpc-default-executor-4] WARN  server.GrpcLogAppender (LogUtils.java:warn(122)) - 2a15bd7e-7896-4db0-9e08-f7464bcd33ee@group-F4FF6A221EE2->cf3a7bfa-0a59-4cf0-978b-44f71b96abbc-AppendLogResponseHandler: Failed appendEntries: org.apache.ratis.thirdparty.io.grpc.StatusRuntimeException: UNAVAILABLE: io exception
2022-02-24 16:56:13,841 [grpc-default-executor-4] WARN  server.GrpcLogAppender (GrpcLogAppender.java:resetClient(110)) - 2a15bd7e-7896-4db0-9e08-f7464bcd33ee@group-F4FF6A221EE2->cf3a7bfa-0a59-4cf0-978b-44f71b96abbc-GrpcLogAppender: Leader has not got in touch with Follower 2a15bd7e-7896-4db0-9e08-f7464bcd33ee@group-F4FF6A221EE2->cf3a7bfa-0a59-4cf0-978b-44f71b96abbc(c-1,m0,n0, attendVote=true, lastRpcSendTime=5242, lastRpcResponseTime=5242) yet, just keep nextIndex unchanged and retry.
2022-02-24 16:56:13,845 [grpc-default-executor-4] WARN  server.GrpcLogAppender (LogUtils.java:warn(122)) - 2a15bd7e-7896-4db0-9e08-f7464bcd33ee@group-F4FF6A221EE2->cf3a7bfa-0a59-4cf0-978b-44f71b96abbc-AppendLogResponseHandler: Failed appendEntries: org.apache.ratis.thirdparty.io.grpc.StatusRuntimeException: UNAVAILABLE: io exception
2022-02-24 16:56:13,845 [grpc-default-executor-4] WARN  server.GrpcLogAppender (GrpcLogAppender.java:resetClient(110)) - 2a15bd7e-7896-4db0-9e08-f7464bcd33ee@group-F4FF6A221EE2->cf3a7bfa-0a59-4cf0-978b-44f71b96abbc-GrpcLogAppender: Leader has not got in touch with Follower 2a15bd7e-7896-4db0-9e08-f7464bcd33ee@group-F4FF6A221EE2->cf3a7bfa-0a59-4cf0-978b-44f71b96abbc(c-1,m0,n1, attendVote=true, lastRpcSendTime=3, lastRpcResponseTime=5247) yet, just keep nextIndex unchanged and retry.
2022-02-24 16:56:13,855 [2a15bd7e-7896-4db0-9e08-f7464bcd33ee@group-F4FF6A221EE2-LeaderElection69] INFO  server.RaftServer$Division (ServerState.java:setRaftConf(387)) - 2a15bd7e-7896-4db0-9e08-f7464bcd33ee@group-F4FF6A221EE2: set configuration 0: [b07270f0-c5b1-4afe-99f3-aa5758d6ba5c|rpc:10.1.0.37:45647|dataStream:|priority:0, cf3a7bfa-0a59-4cf0-978b-44f71b96abbc|rpc:10.1.0.37:40183|dataStream:|priority:0, 2a15bd7e-7896-4db0-9e08-f7464bcd33ee|rpc:10.1.0.37:41995|dataStream:|priority:1], old=null
2022-02-24 16:56:13,879 [grpc-default-executor-0] INFO  ratis.XceiverServerRatis (XceiverServerRatis.java:handleLeaderChangedNotification(867)) - Leader change notification received for group: group-F4FF6A221EE2 with new leaderId: 2a15bd7e-7896-4db0-9e08-f7464bcd33ee
2022-02-24 16:56:13,879 [grpc-default-executor-0] INFO  server.RaftServer$Division (ServerState.java:setLeader(285)) - b07270f0-c5b1-4afe-99f3-aa5758d6ba5c@group-F4FF6A221EE2: change Leader from null to 2a15bd7e-7896-4db0-9e08-f7464bcd33ee at term 5 for appendEntries, leader elected after 25871ms
2022-02-24 16:56:13,888 [grpc-default-executor-0] INFO  server.RaftServer$Division (ServerState.java:setRaftConf(387)) - b07270f0-c5b1-4afe-99f3-aa5758d6ba5c@group-F4FF6A221EE2: set configuration 0: [b07270f0-c5b1-4afe-99f3-aa5758d6ba5c|rpc:10.1.0.37:45647|dataStream:|priority:0, cf3a7bfa-0a59-4cf0-978b-44f71b96abbc|rpc:10.1.0.37:40183|dataStream:|priority:0, 2a15bd7e-7896-4db0-9e08-f7464bcd33ee|rpc:10.1.0.37:41995|dataStream:|priority:1], old=null
2022-02-24 16:56:13,888 [grpc-default-executor-0] INFO  segmented.SegmentedRaftLogWorker (SegmentedRaftLogWorker.java:startLogSegment(394)) - b07270f0-c5b1-4afe-99f3-aa5758d6ba5c@group-F4FF6A221EE2-SegmentedRaftLogWorker: Starting segment from index:0
2022-02-24 16:56:13,890 [b07270f0-c5b1-4afe-99f3-aa5758d6ba5c@group-F4FF6A221EE2-SegmentedRaftLogWorker] INFO  segmented.SegmentedRaftLogWorker (SegmentedRaftLogWorker.java:execute(601)) - b07270f0-c5b1-4afe-99f3-aa5758d6ba5c@group-F4FF6A221EE2-SegmentedRaftLogWorker: created new log segment /home/runner/work/ozone/ozone/hadoop-ozone/integration-test/target/test-dir/MiniOzoneClusterImpl-a9e0dedd-d836-4895-9472-52c2256152d3/datanode-0/data/ratis/fc4ff8a0-a9fc-4bf1-a572-f4ff6a221ee2/current/log_inprogress_0
2022-02-24 16:56:14,160 [grpc-default-executor-4] WARN  server.GrpcLogAppender (LogUtils.java:warn(122)) - b07270f0-c5b1-4afe-99f3-aa5758d6ba5c@group-29500492D057->cf3a7bfa-0a59-4cf0-978b-44f71b96abbc-AppendLogResponseHandler: Failed appendEntries: org.apache.ratis.thirdparty.io.grpc.StatusRuntimeException: UNAVAILABLE: io exception
2022-02-24 16:56:14,160 [grpc-default-executor-4] WARN  server.GrpcLogAppender (GrpcLogAppender.java:resetClient(110)) - b07270f0-c5b1-4afe-99f3-aa5758d6ba5c@group-29500492D057->cf3a7bfa-0a59-4cf0-978b-44f71b96abbc-GrpcLogAppender: Leader has not got in touch with Follower b07270f0-c5b1-4afe-99f3-aa5758d6ba5c@group-29500492D057->cf3a7bfa-0a59-4cf0-978b-44f71b96abbc(c-1,m0,n3, attendVote=true, lastRpcSendTime=2503, lastRpcResponseTime=10347) yet, just keep nextIndex unchanged and retry.
2022-02-24 16:56:14,221 [EventQueue-DeadNodeForDeadNodeHandler] INFO  node.DeadNodeHandler (DeadNodeHandler.java:onMessage(80)) - A dead datanode is detected. cf3a7bfa-0a59-4cf0-978b-44f71b96abbc{ip: 10.1.0.37, host: fv-az59-243.csjynl4pkq3e1pkirw3ssqjfoh.cx.internal.cloudapp.net, ports: [REPLICATION=36859, RATIS=40183, RATIS_ADMIN=40183, RATIS_SERVER=40183, STANDALONE=46129], networkLocation: /default-rack, certSerialId: null, persistedOpState: IN_SERVICE, persistedOpStateExpiryEpochSec: 0}
2022-02-24 16:56:14,228 [EventQueue-DeadNodeForDeadNodeHandler] INFO  pipeline.RatisPipelineProvider (RatisPipelineProvider.java:lambda$close$1(222)) - Send pipeline:PipelineID=491b94e5-b470-455f-9927-941f5d11da8e close command to datanode cf3a7bfa-0a59-4cf0-978b-44f71b96abbc
2022-02-24 16:56:14,237 [77c6fe3f-1b7a-40d0-9616-c5318e50343e@group-52C2256152D3-StateMachineUpdater] INFO  pipeline.PipelineStateManagerImpl (PipelineStateManagerImpl.java:removePipeline(223)) - Pipeline Pipeline[ Id: 491b94e5-b470-455f-9927-941f5d11da8e, Nodes: cf3a7bfa-0a59-4cf0-978b-44f71b96abbc{ip: 10.1.0.37, host: fv-az59-243.csjynl4pkq3e1pkirw3ssqjfoh.cx.internal.cloudapp.net, ports: [REPLICATION=36859, RATIS=40183, RATIS_ADMIN=40183, RATIS_SERVER=40183, STANDALONE=46129], networkLocation: /default-rack, certSerialId: null, persistedOpState: IN_SERVICE, persistedOpStateExpiryEpochSec: 0}, ReplicationConfig: RATIS/ONE, State:CLOSED, leaderId:cf3a7bfa-0a59-4cf0-978b-44f71b96abbc, CreationTimestamp2022-02-24T16:55:45.394Z[Etc/UTC]] removed.
2022-02-24 16:56:14,237 [EventQueue-DeadNodeForDeadNodeHandler] INFO  pipeline.RatisPipelineProvider (RatisPipelineProvider.java:lambda$close$1(222)) - Send pipeline:PipelineID=b23504de-3ed0-4c19-82f8-9c1e72aca101 close command to datanode b07270f0-c5b1-4afe-99f3-aa5758d6ba5c
2022-02-24 16:56:14,237 [EventQueue-DeadNodeForDeadNodeHandler] INFO  pipeline.RatisPipelineProvider (RatisPipelineProvider.java:lambda$close$1(222)) - Send pipeline:PipelineID=b23504de-3ed0-4c19-82f8-9c1e72aca101 close command to datanode 2a15bd7e-7896-4db0-9e08-f7464bcd33ee
2022-02-24 16:56:14,237 [EventQueue-DeadNodeForDeadNodeHandler] INFO  pipeline.RatisPipelineProvider (RatisPipelineProvider.java:lambda$close$1(222)) - Send pipeline:PipelineID=b23504de-3ed0-4c19-82f8-9c1e72aca101 close command to datanode cf3a7bfa-0a59-4cf0-978b-44f71b96abbc
2022-02-24 16:56:14,248 [77c6fe3f-1b7a-40d0-9616-c5318e50343e@group-52C2256152D3-StateMachineUpdater] INFO  pipeline.PipelineStateManagerImpl (PipelineStateManagerImpl.java:removePipeline(223)) - Pipeline Pipeline[ Id: b23504de-3ed0-4c19-82f8-9c1e72aca101, Nodes: b07270f0-c5b1-4afe-99f3-aa5758d6ba5c{ip: 10.1.0.37, host: fv-az59-243.csjynl4pkq3e1pkirw3ssqjfoh.cx.internal.cloudapp.net, ports: [REPLICATION=41147, RATIS=45647, RATIS_ADMIN=45647, RATIS_SERVER=45647, STANDALONE=43127], networkLocation: /default-rack, certSerialId: null, persistedOpState: IN_SERVICE, persistedOpStateExpiryEpochSec: 0}2a15bd7e-7896-4db0-9e08-f7464bcd33ee{ip: 10.1.0.37, host: fv-az59-243.csjynl4pkq3e1pkirw3ssqjfoh.cx.internal.cloudapp.net, ports: [REPLICATION=43341, RATIS=41995, RATIS_ADMIN=41995, RATIS_SERVER=41995, STANDALONE=34861], networkLocation: /default-rack, certSerialId: null, persistedOpState: IN_SERVICE, persistedOpStateExpiryEpochSec: 0}cf3a7bfa-0a59-4cf0-978b-44f71b96abbc{ip: 10.1.0.37, host: fv-az59-243.csjynl4pkq3e1pkirw3ssqjfoh.cx.internal.cloudapp.net, ports: [REPLICATION=36859, RATIS=40183, RATIS_ADMIN=40183, RATIS_SERVER=40183, STANDALONE=46129], networkLocation: /default-rack, certSerialId: null, persistedOpState: IN_SERVICE, persistedOpStateExpiryEpochSec: 0}, ReplicationConfig: RATIS/THREE, State:CLOSED, leaderId:b07270f0-c5b1-4afe-99f3-aa5758d6ba5c, CreationTimestamp2022-02-24T16:55:46.162Z[Etc/UTC]] removed.
2022-02-24 16:56:14,248 [EventQueue-DeadNodeForDeadNodeHandler] INFO  pipeline.RatisPipelineProvider (RatisPipelineProvider.java:lambda$close$1(222)) - Send pipeline:PipelineID=fc4ff8a0-a9fc-4bf1-a572-f4ff6a221ee2 close command to datanode b07270f0-c5b1-4afe-99f3-aa5758d6ba5c
2022-02-24 16:56:14,248 [EventQueue-DeadNodeForDeadNodeHandler] INFO  pipeline.RatisPipelineProvider (RatisPipelineProvider.java:lambda$close$1(222)) - Send pipeline:PipelineID=fc4ff8a0-a9fc-4bf1-a572-f4ff6a221ee2 close command to datanode cf3a7bfa-0a59-4cf0-978b-44f71b96abbc
2022-02-24 16:56:14,249 [EventQueue-DeadNodeForDeadNodeHandler] INFO  pipeline.RatisPipelineProvider (RatisPipelineProvider.java:lambda$close$1(222)) - Send pipeline:PipelineID=fc4ff8a0-a9fc-4bf1-a572-f4ff6a221ee2 close command to datanode 2a15bd7e-7896-4db0-9e08-f7464bcd33ee
2022-02-24 16:56:14,250 [77c6fe3f-1b7a-40d0-9616-c5318e50343e@group-52C2256152D3-StateMachineUpdater] INFO  pipeline.PipelineStateManagerImpl (PipelineStateManagerImpl.java:removePipeline(223)) - Pipeline Pipeline[ Id: fc4ff8a0-a9fc-4bf1-a572-f4ff6a221ee2, Nodes: b07270f0-c5b1-4afe-99f3-aa5758d6ba5c{ip: 10.1.0.37, host: fv-az59-243.csjynl4pkq3e1pkirw3ssqjfoh.cx.internal.cloudapp.net, ports: [REPLICATION=41147, RATIS=45647, RATIS_ADMIN=45647, RATIS_SERVER=45647, STANDALONE=43127], networkLocation: /default-rack, certSerialId: null, persistedOpState: IN_SERVICE, persistedOpStateExpiryEpochSec: 0}cf3a7bfa-0a59-4cf0-978b-44f71b96abbc{ip: 10.1.0.37, host: fv-az59-243.csjynl4pkq3e1pkirw3ssqjfoh.cx.internal.cloudapp.net, ports: [REPLICATION=36859, RATIS=40183, RATIS_ADMIN=40183, RATIS_SERVER=40183, STANDALONE=46129], networkLocation: /default-rack, certSerialId: null, persistedOpState: IN_SERVICE, persistedOpStateExpiryEpochSec: 0}2a15bd7e-7896-4db0-9e08-f7464bcd33ee{ip: 10.1.0.37, host: fv-az59-243.csjynl4pkq3e1pkirw3ssqjfoh.cx.internal.cloudapp.net, ports: [REPLICATION=43341, RATIS=41995, RATIS_ADMIN=41995, RATIS_SERVER=41995, STANDALONE=34861], networkLocation: /default-rack, certSerialId: null, persistedOpState: IN_SERVICE, persistedOpStateExpiryEpochSec: 0}, ReplicationConfig: RATIS/THREE, State:CLOSED, leaderId:2a15bd7e-7896-4db0-9e08-f7464bcd33ee, CreationTimestamp2022-02-24T16:55:46.159Z[Etc/UTC]] removed.
2022-02-24 16:56:14,250 [EventQueue-DeadNodeForDeadNodeHandler] INFO  pipeline.RatisPipelineProvider (RatisPipelineProvider.java:lambda$close$1(222)) - Send pipeline:PipelineID=9f1d42e2-676d-4b4b-b843-29500492d057 close command to datanode 2a15bd7e-7896-4db0-9e08-f7464bcd33ee
2022-02-24 16:56:14,250 [EventQueue-DeadNodeForDeadNodeHandler] INFO  pipeline.RatisPipelineProvider (RatisPipelineProvider.java:lambda$close$1(222)) - Send pipeline:PipelineID=9f1d42e2-676d-4b4b-b843-29500492d057 close command to datanode cf3a7bfa-0a59-4cf0-978b-44f71b96abbc
2022-02-24 16:56:14,250 [EventQueue-DeadNodeForDeadNodeHandler] INFO  pipeline.RatisPipelineProvider (RatisPipelineProvider.java:lambda$close$1(222)) - Send pipeline:PipelineID=9f1d42e2-676d-4b4b-b843-29500492d057 close command to datanode b07270f0-c5b1-4afe-99f3-aa5758d6ba5c
2022-02-24 16:56:14,252 [77c6fe3f-1b7a-40d0-9616-c5318e50343e@group-52C2256152D3-StateMachineUpdater] INFO  pipeline.PipelineStateManagerImpl (PipelineStateManagerImpl.java:removePipeline(223)) - Pipeline Pipeline[ Id: 9f1d42e2-676d-4b4b-b843-29500492d057, Nodes: 2a15bd7e-7896-4db0-9e08-f7464bcd33ee{ip: 10.1.0.37, host: fv-az59-243.csjynl4pkq3e1pkirw3ssqjfoh.cx.internal.cloudapp.net, ports: [REPLICATION=43341, RATIS=41995, RATIS_ADMIN=41995, RATIS_SERVER=41995, STANDALONE=34861], networkLocation: /default-rack, certSerialId: null, persistedOpState: IN_SERVICE, persistedOpStateExpiryEpochSec: 0}cf3a7bfa-0a59-4cf0-978b-44f71b96abbc{ip: 10.1.0.37, host: fv-az59-243.csjynl4pkq3e1pkirw3ssqjfoh.cx.internal.cloudapp.net, ports: [REPLICATION=36859, RATIS=40183, RATIS_ADMIN=40183, RATIS_SERVER=40183, STANDALONE=46129], networkLocation: /default-rack, certSerialId: null, persistedOpState: IN_SERVICE, persistedOpStateExpiryEpochSec: 0}b07270f0-c5b1-4afe-99f3-aa5758d6ba5c{ip: 10.1.0.37, host: fv-az59-243.csjynl4pkq3e1pkirw3ssqjfoh.cx.internal.cloudapp.net, ports: [REPLICATION=41147, RATIS=45647, RATIS_ADMIN=45647, RATIS_SERVER=45647, STANDALONE=43127], networkLocation: /default-rack, certSerialId: null, persistedOpState: IN_SERVICE, persistedOpStateExpiryEpochSec: 0}, ReplicationConfig: RATIS/THREE, State:CLOSED, leaderId:b07270f0-c5b1-4afe-99f3-aa5758d6ba5c, CreationTimestamp2022-02-24T16:55:46.174Z[Etc/UTC]] removed.
2022-02-24 16:56:14,252 [EventQueue-DeadNodeForDeadNodeHandler] INFO  net.NetworkTopologyImpl (NetworkTopologyImpl.java:remove(137)) - Removed a node: /default-rack/cf3a7bfa-0a59-4cf0-978b-44f71b96abbc
2022-02-24 16:56:15,799 [Command processor thread] INFO  server.RaftServer (RaftServerProxy.java:remove(106)) - 2a15bd7e-7896-4db0-9e08-f7464bcd33ee: remove  FOLLOWER 2a15bd7e-7896-4db0-9e08-f7464bcd33ee@group-9C1E72ACA101:t1, leader=b07270f0-c5b1-4afe-99f3-aa5758d6ba5c, voted=b07270f0-c5b1-4afe-99f3-aa5758d6ba5c, raftlog=2a15bd7e-7896-4db0-9e08-f7464bcd33ee@group-9C1E72ACA101-SegmentedRaftLog:OPENED:c0, conf=0: [b07270f0-c5b1-4afe-99f3-aa5758d6ba5c|rpc:10.1.0.37:45647|dataStream:|priority:1, 2a15bd7e-7896-4db0-9e08-f7464bcd33ee|rpc:10.1.0.37:41995|dataStream:|priority:0, cf3a7bfa-0a59-4cf0-978b-44f71b96abbc|rpc:10.1.0.37:40183|dataStream:|priority:0], old=null RUNNING
2022-02-24 16:56:15,800 [Command processor thread] INFO  server.RaftServer$Division (RaftServerImpl.java:lambda$close$4(412)) - 2a15bd7e-7896-4db0-9e08-f7464bcd33ee@group-9C1E72ACA101: shutdown
2022-02-24 16:56:15,800 [Command processor thread] INFO  util.JmxRegister (JmxRegister.java:unregister(73)) - Successfully un-registered JMX Bean with object name Ratis:service=RaftServer,group=group-9C1E72ACA101,id=2a15bd7e-7896-4db0-9e08-f7464bcd33ee
2022-02-24 16:56:15,800 [Command processor thread] INFO  impl.RoleInfo (RoleInfo.java:shutdownFollowerState(108)) - 2a15bd7e-7896-4db0-9e08-f7464bcd33ee: shutdown 2a15bd7e-7896-4db0-9e08-f7464bcd33ee@group-9C1E72ACA101-FollowerState
2022-02-24 16:56:15,800 [Command processor thread] INFO  impl.StateMachineUpdater (StateMachineUpdater.java:stopAndJoin(149)) - 2a15bd7e-7896-4db0-9e08-f7464bcd33ee@group-9C1E72ACA101-StateMachineUpdater: set stopIndex = 0
2022-02-24 16:56:15,801 [2a15bd7e-7896-4db0-9e08-f7464bcd33ee@group-9C1E72ACA101-FollowerState] INFO  impl.FollowerState (FollowerState.java:run(143)) - 2a15bd7e-7896-4db0-9e08-f7464bcd33ee@group-9C1E72ACA101-FollowerState was interrupted: {}
java.lang.InterruptedException: sleep interrupted
	at java.lang.Thread.sleep(Native Method)
	at java.lang.Thread.sleep(Thread.java:342)
	at java.util.concurrent.TimeUnit.sleep(TimeUnit.java:386)
	at org.apache.ratis.util.TimeDuration.sleep(TimeDuration.java:324)
	at org.apache.ratis.util.TimeDuration.sleep(TimeDuration.java:309)
	at org.apache.ratis.server.impl.FollowerState.run(FollowerState.java:118)
2022-02-24 16:56:15,801 [2a15bd7e-7896-4db0-9e08-f7464bcd33ee@group-9C1E72ACA101-StateMachineUpdater] INFO  ratis.ContainerStateMachine (ContainerStateMachine.java:takeSnapshot(304)) - group-9C1E72ACA101: Taking a snapshot at:(t:1, i:0) file /home/runner/work/ozone/ozone/hadoop-ozone/integration-test/target/test-dir/MiniOzoneClusterImpl-a9e0dedd-d836-4895-9472-52c2256152d3/datanode-2/data/ratis/b23504de-3ed0-4c19-82f8-9c1e72aca101/sm/snapshot.1_0
2022-02-24 16:56:15,803 [2a15bd7e-7896-4db0-9e08-f7464bcd33ee@group-9C1E72ACA101-StateMachineUpdater] INFO  ratis.ContainerStateMachine (ContainerStateMachine.java:takeSnapshot(315)) - group-9C1E72ACA101: Finished taking a snapshot at:(t:1, i:0) file:/home/runner/work/ozone/ozone/hadoop-ozone/integration-test/target/test-dir/MiniOzoneClusterImpl-a9e0dedd-d836-4895-9472-52c2256152d3/datanode-2/data/ratis/b23504de-3ed0-4c19-82f8-9c1e72aca101/sm/snapshot.1_0 took: 2 ms
2022-02-24 16:56:15,803 [2a15bd7e-7896-4db0-9e08-f7464bcd33ee@group-9C1E72ACA101-StateMachineUpdater] INFO  impl.StateMachineUpdater (StateMachineUpdater.java:takeSnapshot(281)) - 2a15bd7e-7896-4db0-9e08-f7464bcd33ee@group-9C1E72ACA101-StateMachineUpdater: Took a snapshot at index 0
2022-02-24 16:56:15,803 [2a15bd7e-7896-4db0-9e08-f7464bcd33ee@group-9C1E72ACA101-StateMachineUpdater] INFO  impl.StateMachineUpdater (StateMachineUpdater.java:lambda$new$0(89)) - 2a15bd7e-7896-4db0-9e08-f7464bcd33ee@group-9C1E72ACA101-StateMachineUpdater: snapshotIndex: updateIncreasingly -1 -> 0
2022-02-24 16:56:15,804 [Command processor thread] INFO  server.RaftServer$Division (ServerState.java:close(419)) - 2a15bd7e-7896-4db0-9e08-f7464bcd33ee@group-9C1E72ACA101: closes. applyIndex: 0
2022-02-24 16:56:15,809 [2a15bd7e-7896-4db0-9e08-f7464bcd33ee@group-9C1E72ACA101-SegmentedRaftLogWorker] INFO  segmented.SegmentedRaftLogWorker (SegmentedRaftLogWorker.java:run(327)) - 2a15bd7e-7896-4db0-9e08-f7464bcd33ee@group-9C1E72ACA101-SegmentedRaftLogWorker was interrupted, exiting. There are 0 tasks remaining in the queue.
2022-02-24 16:56:15,816 [Command processor thread] INFO  segmented.SegmentedRaftLogWorker (SegmentedRaftLogWorker.java:close(237)) - 2a15bd7e-7896-4db0-9e08-f7464bcd33ee@group-9C1E72ACA101-SegmentedRaftLogWorker close()
2022-02-24 16:56:15,818 [Command processor thread] INFO  server.RaftServer$Division (RaftServerImpl.java:groupRemove(382)) - 2a15bd7e-7896-4db0-9e08-f7464bcd33ee@group-9C1E72ACA101: Succeed to remove RaftStorageDirectory Storage Directory /home/runner/work/ozone/ozone/hadoop-ozone/integration-test/target/test-dir/MiniOzoneClusterImpl-a9e0dedd-d836-4895-9472-52c2256152d3/datanode-2/data/ratis/b23504de-3ed0-4c19-82f8-9c1e72aca101
2022-02-24 16:56:15,818 [Command processor thread] INFO  commandhandler.ClosePipelineCommandHandler (ClosePipelineCommandHandler.java:handle(78)) - Close Pipeline PipelineID=b23504de-3ed0-4c19-82f8-9c1e72aca101 command on datanode 2a15bd7e-7896-4db0-9e08-f7464bcd33ee.
2022-02-24 16:56:15,818 [Command processor thread] INFO  server.RaftServer (RaftServerProxy.java:remove(106)) - 2a15bd7e-7896-4db0-9e08-f7464bcd33ee: remove    LEADER 2a15bd7e-7896-4db0-9e08-f7464bcd33ee@group-F4FF6A221EE2:t5, leader=2a15bd7e-7896-4db0-9e08-f7464bcd33ee, voted=2a15bd7e-7896-4db0-9e08-f7464bcd33ee, raftlog=2a15bd7e-7896-4db0-9e08-f7464bcd33ee@group-F4FF6A221EE2-SegmentedRaftLog:OPENED:c0, conf=0: [b07270f0-c5b1-4afe-99f3-aa5758d6ba5c|rpc:10.1.0.37:45647|dataStream:|priority:0, cf3a7bfa-0a59-4cf0-978b-44f71b96abbc|rpc:10.1.0.37:40183|dataStream:|priority:0, 2a15bd7e-7896-4db0-9e08-f7464bcd33ee|rpc:10.1.0.37:41995|dataStream:|priority:1], old=null RUNNING
2022-02-24 16:56:15,818 [Command processor thread] INFO  server.RaftServer$Division (RaftServerImpl.java:lambda$close$4(412)) - 2a15bd7e-7896-4db0-9e08-f7464bcd33ee@group-F4FF6A221EE2: shutdown
2022-02-24 16:56:15,818 [Command processor thread] INFO  util.JmxRegister (JmxRegister.java:unregister(73)) - Successfully un-registered JMX Bean with object name Ratis:service=RaftServer,group=group-F4FF6A221EE2,id=2a15bd7e-7896-4db0-9e08-f7464bcd33ee
2022-02-24 16:56:15,818 [Command processor thread] INFO  impl.RoleInfo (RoleInfo.java:shutdownLeaderState(91)) - 2a15bd7e-7896-4db0-9e08-f7464bcd33ee: shutdown 2a15bd7e-7896-4db0-9e08-f7464bcd33ee@group-F4FF6A221EE2-LeaderStateImpl
2022-02-24 16:56:15,819 [Command processor thread] INFO  impl.PendingRequests (PendingRequests.java:sendNotLeaderResponses(282)) - 2a15bd7e-7896-4db0-9e08-f7464bcd33ee@group-F4FF6A221EE2-PendingRequests: sendNotLeaderResponses
2022-02-24 16:56:15,819 [Command processor thread] INFO  impl.StateMachineUpdater (StateMachineUpdater.java:stopAndJoin(149)) - 2a15bd7e-7896-4db0-9e08-f7464bcd33ee@group-F4FF6A221EE2-StateMachineUpdater: set stopIndex = 0
2022-02-24 16:56:15,821 [2a15bd7e-7896-4db0-9e08-f7464bcd33ee@group-F4FF6A221EE2-StateMachineUpdater] INFO  ratis.ContainerStateMachine (ContainerStateMachine.java:takeSnapshot(304)) - group-F4FF6A221EE2: Taking a snapshot at:(t:5, i:0) file /home/runner/work/ozone/ozone/hadoop-ozone/integration-test/target/test-dir/MiniOzoneClusterImpl-a9e0dedd-d836-4895-9472-52c2256152d3/datanode-2/data/ratis/fc4ff8a0-a9fc-4bf1-a572-f4ff6a221ee2/sm/snapshot.5_0
2022-02-24 16:56:15,823 [2a15bd7e-7896-4db0-9e08-f7464bcd33ee@group-F4FF6A221EE2->b07270f0-c5b1-4afe-99f3-aa5758d6ba5c-GrpcLogAppender-LogAppenderDaemon] WARN  server.GrpcLogAppender (GrpcLogAppender.java:mayWait(177)) - 2a15bd7e-7896-4db0-9e08-f7464bcd33ee@group-F4FF6A221EE2->b07270f0-c5b1-4afe-99f3-aa5758d6ba5c-GrpcLogAppender: Wait interrupted by java.lang.InterruptedException
2022-02-24 16:56:15,823 [grpc-default-executor-0] INFO  server.GrpcServerProtocolService (GrpcServerProtocolService.java:onCompleted(140)) - b07270f0-c5b1-4afe-99f3-aa5758d6ba5c: Completed APPEND_ENTRIES, lastRequest: 2a15bd7e-7896-4db0-9e08-f7464bcd33ee->b07270f0-c5b1-4afe-99f3-aa5758d6ba5c#1-t5,previous=(t:0, i:0),leaderCommit=0,initializing? true,entries: size=1, first=(t:5, i:0), CONFIGURATIONENTRY
2022-02-24 16:56:15,824 [grpc-default-executor-5] INFO  server.GrpcLogAppender (GrpcLogAppender.java:onCompleted(346)) - 2a15bd7e-7896-4db0-9e08-f7464bcd33ee@group-F4FF6A221EE2->b07270f0-c5b1-4afe-99f3-aa5758d6ba5c-AppendLogResponseHandler: follower responses appendEntries COMPLETED
2022-02-24 16:56:15,824 [grpc-default-executor-5] INFO  leader.FollowerInfo (FollowerInfoImpl.java:lambda$new$0(47)) - 2a15bd7e-7896-4db0-9e08-f7464bcd33ee@group-F4FF6A221EE2->b07270f0-c5b1-4afe-99f3-aa5758d6ba5c: nextIndex: updateUnconditionally 1 -> 0
2022-02-24 16:56:15,824 [2a15bd7e-7896-4db0-9e08-f7464bcd33ee@group-F4FF6A221EE2-StateMachineUpdater] INFO  ratis.ContainerStateMachine (ContainerStateMachine.java:takeSnapshot(315)) - group-F4FF6A221EE2: Finished taking a snapshot at:(t:5, i:0) file:/home/runner/work/ozone/ozone/hadoop-ozone/integration-test/target/test-dir/MiniOzoneClusterImpl-a9e0dedd-d836-4895-9472-52c2256152d3/datanode-2/data/ratis/fc4ff8a0-a9fc-4bf1-a572-f4ff6a221ee2/sm/snapshot.5_0 took: 3 ms
2022-02-24 16:56:15,824 [2a15bd7e-7896-4db0-9e08-f7464bcd33ee@group-F4FF6A221EE2-StateMachineUpdater] INFO  impl.StateMachineUpdater (StateMachineUpdater.java:takeSnapshot(281)) - 2a15bd7e-7896-4db0-9e08-f7464bcd33ee@group-F4FF6A221EE2-StateMachineUpdater: Took a snapshot at index 0
2022-02-24 16:56:15,824 [2a15bd7e-7896-4db0-9e08-f7464bcd33ee@group-F4FF6A221EE2-StateMachineUpdater] INFO  impl.StateMachineUpdater (StateMachineUpdater.java:lambda$new$0(89)) - 2a15bd7e-7896-4db0-9e08-f7464bcd33ee@group-F4FF6A221EE2-StateMachineUpdater: snapshotIndex: updateIncreasingly -1 -> 0
2022-02-24 16:56:15,831 [Command processor thread] INFO  server.RaftServer$Division (ServerState.java:close(419)) - 2a15bd7e-7896-4db0-9e08-f7464bcd33ee@group-F4FF6A221EE2: closes. applyIndex: 0
2022-02-24 16:56:15,841 [2a15bd7e-7896-4db0-9e08-f7464bcd33ee@group-F4FF6A221EE2-SegmentedRaftLogWorker] INFO  segmented.SegmentedRaftLogWorker (SegmentedRaftLogWorker.java:run(327)) - 2a15bd7e-7896-4db0-9e08-f7464bcd33ee@group-F4FF6A221EE2-SegmentedRaftLogWorker was interrupted, exiting. There are 0 tasks remaining in the queue.
2022-02-24 16:56:15,844 [Command processor thread] INFO  segmented.SegmentedRaftLogWorker (SegmentedRaftLogWorker.java:close(237)) - 2a15bd7e-7896-4db0-9e08-f7464bcd33ee@group-F4FF6A221EE2-SegmentedRaftLogWorker close()
2022-02-24 16:56:15,849 [Command processor thread] INFO  server.RaftServer$Division (RaftServerImpl.java:groupRemove(382)) - 2a15bd7e-7896-4db0-9e08-f7464bcd33ee@group-F4FF6A221EE2: Succeed to remove RaftStorageDirectory Storage Directory /home/runner/work/ozone/ozone/hadoop-ozone/integration-test/target/test-dir/MiniOzoneClusterImpl-a9e0dedd-d836-4895-9472-52c2256152d3/datanode-2/data/ratis/fc4ff8a0-a9fc-4bf1-a572-f4ff6a221ee2
2022-02-24 16:56:15,849 [Command processor thread] INFO  commandhandler.ClosePipelineCommandHandler (ClosePipelineCommandHandler.java:handle(78)) - Close Pipeline PipelineID=fc4ff8a0-a9fc-4bf1-a572-f4ff6a221ee2 command on datanode 2a15bd7e-7896-4db0-9e08-f7464bcd33ee.
2022-02-24 16:56:15,850 [Command processor thread] INFO  server.RaftServer (RaftServerProxy.java:remove(106)) - 2a15bd7e-7896-4db0-9e08-f7464bcd33ee: remove  FOLLOWER 2a15bd7e-7896-4db0-9e08-f7464bcd33ee@group-29500492D057:t3, leader=b07270f0-c5b1-4afe-99f3-aa5758d6ba5c, voted=b07270f0-c5b1-4afe-99f3-aa5758d6ba5c, raftlog=2a15bd7e-7896-4db0-9e08-f7464bcd33ee@group-29500492D057-SegmentedRaftLog:OPENED:c2, conf=1: [b07270f0-c5b1-4afe-99f3-aa5758d6ba5c|rpc:10.1.0.37:45647|dataStream:|priority:0, 2a15bd7e-7896-4db0-9e08-f7464bcd33ee|rpc:10.1.0.37:41995|dataStream:|priority:0, cf3a7bfa-0a59-4cf0-978b-44f71b96abbc|rpc:10.1.0.37:40183|dataStream:|priority:1], old=null RUNNING
2022-02-24 16:56:15,850 [Command processor thread] INFO  server.RaftServer$Division (RaftServerImpl.java:lambda$close$4(412)) - 2a15bd7e-7896-4db0-9e08-f7464bcd33ee@group-29500492D057: shutdown
2022-02-24 16:56:15,850 [Command processor thread] INFO  util.JmxRegister (JmxRegister.java:unregister(73)) - Successfully un-registered JMX Bean with object name Ratis:service=RaftServer,group=group-29500492D057,id=2a15bd7e-7896-4db0-9e08-f7464bcd33ee
2022-02-24 16:56:15,850 [Command processor thread] INFO  impl.RoleInfo (RoleInfo.java:shutdownFollowerState(108)) - 2a15bd7e-7896-4db0-9e08-f7464bcd33ee: shutdown 2a15bd7e-7896-4db0-9e08-f7464bcd33ee@group-29500492D057-FollowerState
2022-02-24 16:56:15,850 [Command processor thread] INFO  impl.StateMachineUpdater (StateMachineUpdater.java:stopAndJoin(149)) - 2a15bd7e-7896-4db0-9e08-f7464bcd33ee@group-29500492D057-StateMachineUpdater: set stopIndex = 2
2022-02-24 16:56:15,850 [2a15bd7e-7896-4db0-9e08-f7464bcd33ee@group-29500492D057-FollowerState] INFO  impl.FollowerState (FollowerState.java:run(143)) - 2a15bd7e-7896-4db0-9e08-f7464bcd33ee@group-29500492D057-FollowerState was interrupted: {}
java.lang.InterruptedException: sleep interrupted
	at java.lang.Thread.sleep(Native Method)
	at java.lang.Thread.sleep(Thread.java:342)
	at java.util.concurrent.TimeUnit.sleep(TimeUnit.java:386)
	at org.apache.ratis.util.TimeDuration.sleep(TimeDuration.java:324)
	at org.apache.ratis.util.TimeDuration.sleep(TimeDuration.java:309)
	at org.apache.ratis.server.impl.FollowerState.run(FollowerState.java:118)
2022-02-24 16:56:15,850 [2a15bd7e-7896-4db0-9e08-f7464bcd33ee@group-29500492D057-StateMachineUpdater] INFO  ratis.ContainerStateMachine (ContainerStateMachine.java:takeSnapshot(304)) - group-29500492D057: Taking a snapshot at:(t:3, i:2) file /home/runner/work/ozone/ozone/hadoop-ozone/integration-test/target/test-dir/MiniOzoneClusterImpl-a9e0dedd-d836-4895-9472-52c2256152d3/datanode-2/data/ratis/9f1d42e2-676d-4b4b-b843-29500492d057/sm/snapshot.3_2
2022-02-24 16:56:15,851 [2a15bd7e-7896-4db0-9e08-f7464bcd33ee@group-29500492D057-StateMachineUpdater] INFO  ratis.ContainerStateMachine (ContainerStateMachine.java:takeSnapshot(315)) - group-29500492D057: Finished taking a snapshot at:(t:3, i:2) file:/home/runner/work/ozone/ozone/hadoop-ozone/integration-test/target/test-dir/MiniOzoneClusterImpl-a9e0dedd-d836-4895-9472-52c2256152d3/datanode-2/data/ratis/9f1d42e2-676d-4b4b-b843-29500492d057/sm/snapshot.3_2 took: 1 ms
2022-02-24 16:56:15,851 [2a15bd7e-7896-4db0-9e08-f7464bcd33ee@group-29500492D057-StateMachineUpdater] INFO  impl.StateMachineUpdater (StateMachineUpdater.java:takeSnapshot(281)) - 2a15bd7e-7896-4db0-9e08-f7464bcd33ee@group-29500492D057-StateMachineUpdater: Took a snapshot at index 2
2022-02-24 16:56:15,851 [2a15bd7e-7896-4db0-9e08-f7464bcd33ee@group-29500492D057-StateMachineUpdater] INFO  impl.StateMachineUpdater (StateMachineUpdater.java:lambda$new$0(89)) - 2a15bd7e-7896-4db0-9e08-f7464bcd33ee@group-29500492D057-StateMachineUpdater: snapshotIndex: updateIncreasingly -1 -> 2
2022-02-24 16:56:15,853 [Command processor thread] INFO  server.RaftServer$Division (ServerState.java:close(419)) - 2a15bd7e-7896-4db0-9e08-f7464bcd33ee@group-29500492D057: closes. applyIndex: 2
2022-02-24 16:56:15,853 [2a15bd7e-7896-4db0-9e08-f7464bcd33ee@group-29500492D057-SegmentedRaftLogWorker] INFO  segmented.SegmentedRaftLogWorker (SegmentedRaftLogWorker.java:run(327)) - 2a15bd7e-7896-4db0-9e08-f7464bcd33ee@group-29500492D057-SegmentedRaftLogWorker was interrupted, exiting. There are 0 tasks remaining in the queue.
2022-02-24 16:56:15,860 [Command processor thread] INFO  segmented.SegmentedRaftLogWorker (SegmentedRaftLogWorker.java:close(237)) - 2a15bd7e-7896-4db0-9e08-f7464bcd33ee@group-29500492D057-SegmentedRaftLogWorker close()
2022-02-24 16:56:15,891 [Command processor thread] INFO  server.RaftServer$Division (RaftServerImpl.java:groupRemove(382)) - 2a15bd7e-7896-4db0-9e08-f7464bcd33ee@group-29500492D057: Succeed to remove RaftStorageDirectory Storage Directory /home/runner/work/ozone/ozone/hadoop-ozone/integration-test/target/test-dir/MiniOzoneClusterImpl-a9e0dedd-d836-4895-9472-52c2256152d3/datanode-2/data/ratis/9f1d42e2-676d-4b4b-b843-29500492d057
2022-02-24 16:56:15,891 [Command processor thread] INFO  commandhandler.ClosePipelineCommandHandler (ClosePipelineCommandHandler.java:handle(78)) - Close Pipeline PipelineID=9f1d42e2-676d-4b4b-b843-29500492d057 command on datanode 2a15bd7e-7896-4db0-9e08-f7464bcd33ee.
2022-02-24 16:56:16,019 [Command processor thread] INFO  server.RaftServer (RaftServerProxy.java:remove(106)) - b07270f0-c5b1-4afe-99f3-aa5758d6ba5c: remove    LEADER b07270f0-c5b1-4afe-99f3-aa5758d6ba5c@group-9C1E72ACA101:t1, leader=b07270f0-c5b1-4afe-99f3-aa5758d6ba5c, voted=b07270f0-c5b1-4afe-99f3-aa5758d6ba5c, raftlog=b07270f0-c5b1-4afe-99f3-aa5758d6ba5c@group-9C1E72ACA101-SegmentedRaftLog:OPENED:c0, conf=0: [b07270f0-c5b1-4afe-99f3-aa5758d6ba5c|rpc:10.1.0.37:45647|dataStream:|priority:1, 2a15bd7e-7896-4db0-9e08-f7464bcd33ee|rpc:10.1.0.37:41995|dataStream:|priority:0, cf3a7bfa-0a59-4cf0-978b-44f71b96abbc|rpc:10.1.0.37:40183|dataStream:|priority:0], old=null RUNNING
2022-02-24 16:56:16,019 [Command processor thread] INFO  server.RaftServer$Division (RaftServerImpl.java:lambda$close$4(412)) - b07270f0-c5b1-4afe-99f3-aa5758d6ba5c@group-9C1E72ACA101: shutdown
2022-02-24 16:56:16,019 [Command processor thread] INFO  util.JmxRegister (JmxRegister.java:unregister(73)) - Successfully un-registered JMX Bean with object name Ratis:service=RaftServer,group=group-9C1E72ACA101,id=b07270f0-c5b1-4afe-99f3-aa5758d6ba5c
2022-02-24 16:56:16,019 [Command processor thread] INFO  impl.RoleInfo (RoleInfo.java:shutdownLeaderState(91)) - b07270f0-c5b1-4afe-99f3-aa5758d6ba5c: shutdown b07270f0-c5b1-4afe-99f3-aa5758d6ba5c@group-9C1E72ACA101-LeaderStateImpl
2022-02-24 16:56:16,019 [Command processor thread] INFO  impl.PendingRequests (PendingRequests.java:sendNotLeaderResponses(282)) - b07270f0-c5b1-4afe-99f3-aa5758d6ba5c@group-9C1E72ACA101-PendingRequests: sendNotLeaderResponses
2022-02-24 16:56:16,020 [Command processor thread] INFO  impl.StateMachineUpdater (StateMachineUpdater.java:stopAndJoin(149)) - b07270f0-c5b1-4afe-99f3-aa5758d6ba5c@group-9C1E72ACA101-StateMachineUpdater: set stopIndex = 0
2022-02-24 16:56:16,020 [b07270f0-c5b1-4afe-99f3-aa5758d6ba5c@group-9C1E72ACA101->2a15bd7e-7896-4db0-9e08-f7464bcd33ee-GrpcLogAppender-LogAppenderDaemon] WARN  server.GrpcLogAppender (GrpcLogAppender.java:mayWait(177)) - b07270f0-c5b1-4afe-99f3-aa5758d6ba5c@group-9C1E72ACA101->2a15bd7e-7896-4db0-9e08-f7464bcd33ee-GrpcLogAppender: Wait interrupted by java.lang.InterruptedException
2022-02-24 16:56:16,020 [b07270f0-c5b1-4afe-99f3-aa5758d6ba5c@group-9C1E72ACA101-StateMachineUpdater] INFO  ratis.ContainerStateMachine (ContainerStateMachine.java:takeSnapshot(304)) - group-9C1E72ACA101: Taking a snapshot at:(t:1, i:0) file /home/runner/work/ozone/ozone/hadoop-ozone/integration-test/target/test-dir/MiniOzoneClusterImpl-a9e0dedd-d836-4895-9472-52c2256152d3/datanode-0/data/ratis/b23504de-3ed0-4c19-82f8-9c1e72aca101/sm/snapshot.1_0
2022-02-24 16:56:16,021 [grpc-default-executor-0] INFO  server.GrpcServerProtocolService (GrpcServerProtocolService.java:onCompleted(140)) - 2a15bd7e-7896-4db0-9e08-f7464bcd33ee: Completed APPEND_ENTRIES, lastRequest: b07270f0-c5b1-4afe-99f3-aa5758d6ba5c->2a15bd7e-7896-4db0-9e08-f7464bcd33ee#1-t1,previous=(t:0, i:0),leaderCommit=0,initializing? true,entries: size=1, first=(t:1, i:0), CONFIGURATIONENTRY
2022-02-24 16:56:16,021 [grpc-default-executor-5] INFO  server.GrpcLogAppender (GrpcLogAppender.java:onCompleted(346)) - b07270f0-c5b1-4afe-99f3-aa5758d6ba5c@group-9C1E72ACA101->2a15bd7e-7896-4db0-9e08-f7464bcd33ee-AppendLogResponseHandler: follower responses appendEntries COMPLETED
2022-02-24 16:56:16,021 [grpc-default-executor-5] INFO  leader.FollowerInfo (FollowerInfoImpl.java:lambda$new$0(47)) - b07270f0-c5b1-4afe-99f3-aa5758d6ba5c@group-9C1E72ACA101->2a15bd7e-7896-4db0-9e08-f7464bcd33ee: nextIndex: updateUnconditionally 1 -> 0
2022-02-24 16:56:16,023 [b07270f0-c5b1-4afe-99f3-aa5758d6ba5c@group-9C1E72ACA101-StateMachineUpdater] INFO  ratis.ContainerStateMachine (ContainerStateMachine.java:takeSnapshot(315)) - group-9C1E72ACA101: Finished taking a snapshot at:(t:1, i:0) file:/home/runner/work/ozone/ozone/hadoop-ozone/integration-test/target/test-dir/MiniOzoneClusterImpl-a9e0dedd-d836-4895-9472-52c2256152d3/datanode-0/data/ratis/b23504de-3ed0-4c19-82f8-9c1e72aca101/sm/snapshot.1_0 took: 3 ms
2022-02-24 16:56:16,023 [b07270f0-c5b1-4afe-99f3-aa5758d6ba5c@group-9C1E72ACA101-StateMachineUpdater] INFO  impl.StateMachineUpdater (StateMachineUpdater.java:takeSnapshot(281)) - b07270f0-c5b1-4afe-99f3-aa5758d6ba5c@group-9C1E72ACA101-StateMachineUpdater: Took a snapshot at index 0
2022-02-24 16:56:16,023 [b07270f0-c5b1-4afe-99f3-aa5758d6ba5c@group-9C1E72ACA101-StateMachineUpdater] INFO  impl.StateMachineUpdater (StateMachineUpdater.java:lambda$new$0(89)) - b07270f0-c5b1-4afe-99f3-aa5758d6ba5c@group-9C1E72ACA101-StateMachineUpdater: snapshotIndex: updateIncreasingly -1 -> 0
2022-02-24 16:56:16,027 [Command processor thread] INFO  server.RaftServer$Division (ServerState.java:close(419)) - b07270f0-c5b1-4afe-99f3-aa5758d6ba5c@group-9C1E72ACA101: closes. applyIndex: 0
2022-02-24 16:56:16,027 [b07270f0-c5b1-4afe-99f3-aa5758d6ba5c@group-9C1E72ACA101-SegmentedRaftLogWorker] INFO  segmented.SegmentedRaftLogWorker (SegmentedRaftLogWorker.java:run(327)) - b07270f0-c5b1-4afe-99f3-aa5758d6ba5c@group-9C1E72ACA101-SegmentedRaftLogWorker was interrupted, exiting. There are 0 tasks remaining in the queue.
2022-02-24 16:56:16,034 [Command processor thread] INFO  segmented.SegmentedRaftLogWorker (SegmentedRaftLogWorker.java:close(237)) - b07270f0-c5b1-4afe-99f3-aa5758d6ba5c@group-9C1E72ACA101-SegmentedRaftLogWorker close()
2022-02-24 16:56:16,060 [Command processor thread] INFO  server.RaftServer$Division (RaftServerImpl.java:groupRemove(382)) - b07270f0-c5b1-4afe-99f3-aa5758d6ba5c@group-9C1E72ACA101: Succeed to remove RaftStorageDirectory Storage Directory /home/runner/work/ozone/ozone/hadoop-ozone/integration-test/target/test-dir/MiniOzoneClusterImpl-a9e0dedd-d836-4895-9472-52c2256152d3/datanode-0/data/ratis/b23504de-3ed0-4c19-82f8-9c1e72aca101
2022-02-24 16:56:16,060 [Command processor thread] INFO  commandhandler.ClosePipelineCommandHandler (ClosePipelineCommandHandler.java:handle(78)) - Close Pipeline PipelineID=b23504de-3ed0-4c19-82f8-9c1e72aca101 command on datanode b07270f0-c5b1-4afe-99f3-aa5758d6ba5c.
2022-02-24 16:56:16,072 [Command processor thread] INFO  server.RaftServer (RaftServerProxy.java:remove(106)) - b07270f0-c5b1-4afe-99f3-aa5758d6ba5c: remove  FOLLOWER b07270f0-c5b1-4afe-99f3-aa5758d6ba5c@group-F4FF6A221EE2:t5, leader=2a15bd7e-7896-4db0-9e08-f7464bcd33ee, voted=2a15bd7e-7896-4db0-9e08-f7464bcd33ee, raftlog=b07270f0-c5b1-4afe-99f3-aa5758d6ba5c@group-F4FF6A221EE2-SegmentedRaftLog:OPENED:c0, conf=0: [b07270f0-c5b1-4afe-99f3-aa5758d6ba5c|rpc:10.1.0.37:45647|dataStream:|priority:0, cf3a7bfa-0a59-4cf0-978b-44f71b96abbc|rpc:10.1.0.37:40183|dataStream:|priority:0, 2a15bd7e-7896-4db0-9e08-f7464bcd33ee|rpc:10.1.0.37:41995|dataStream:|priority:1], old=null RUNNING
2022-02-24 16:56:16,072 [Command processor thread] INFO  server.RaftServer$Division (RaftServerImpl.java:lambda$close$4(412)) - b07270f0-c5b1-4afe-99f3-aa5758d6ba5c@group-F4FF6A221EE2: shutdown
2022-02-24 16:56:16,072 [Command processor thread] INFO  util.JmxRegister (JmxRegister.java:unregister(73)) - Successfully un-registered JMX Bean with object name Ratis:service=RaftServer,group=group-F4FF6A221EE2,id=b07270f0-c5b1-4afe-99f3-aa5758d6ba5c
2022-02-24 16:56:16,072 [Command processor thread] INFO  impl.RoleInfo (RoleInfo.java:shutdownFollowerState(108)) - b07270f0-c5b1-4afe-99f3-aa5758d6ba5c: shutdown b07270f0-c5b1-4afe-99f3-aa5758d6ba5c@group-F4FF6A221EE2-FollowerState
2022-02-24 16:56:16,072 [Command processor thread] INFO  impl.StateMachineUpdater (StateMachineUpdater.java:stopAndJoin(149)) - b07270f0-c5b1-4afe-99f3-aa5758d6ba5c@group-F4FF6A221EE2-StateMachineUpdater: set stopIndex = 0
2022-02-24 16:56:16,073 [b07270f0-c5b1-4afe-99f3-aa5758d6ba5c@group-F4FF6A221EE2-FollowerState] INFO  impl.FollowerState (FollowerState.java:run(143)) - b07270f0-c5b1-4afe-99f3-aa5758d6ba5c@group-F4FF6A221EE2-FollowerState was interrupted: {}
java.lang.InterruptedException: sleep interrupted
	at java.lang.Thread.sleep(Native Method)
	at java.lang.Thread.sleep(Thread.java:342)
	at java.util.concurrent.TimeUnit.sleep(TimeUnit.java:386)
	at org.apache.ratis.util.TimeDuration.sleep(TimeDuration.java:324)
	at org.apache.ratis.util.TimeDuration.sleep(TimeDuration.java:309)
	at org.apache.ratis.server.impl.FollowerState.run(FollowerState.java:118)
2022-02-24 16:56:16,077 [b07270f0-c5b1-4afe-99f3-aa5758d6ba5c@group-F4FF6A221EE2-StateMachineUpdater] INFO  ratis.ContainerStateMachine (ContainerStateMachine.java:takeSnapshot(304)) - group-F4FF6A221EE2: Taking a snapshot at:(t:5, i:0) file /home/runner/work/ozone/ozone/hadoop-ozone/integration-test/target/test-dir/MiniOzoneClusterImpl-a9e0dedd-d836-4895-9472-52c2256152d3/datanode-0/data/ratis/fc4ff8a0-a9fc-4bf1-a572-f4ff6a221ee2/sm/snapshot.5_0
2022-02-24 16:56:16,078 [b07270f0-c5b1-4afe-99f3-aa5758d6ba5c@group-F4FF6A221EE2-StateMachineUpdater] INFO  ratis.ContainerStateMachine (ContainerStateMachine.java:takeSnapshot(315)) - group-F4FF6A221EE2: Finished taking a snapshot at:(t:5, i:0) file:/home/runner/work/ozone/ozone/hadoop-ozone/integration-test/target/test-dir/MiniOzoneClusterImpl-a9e0dedd-d836-4895-9472-52c2256152d3/datanode-0/data/ratis/fc4ff8a0-a9fc-4bf1-a572-f4ff6a221ee2/sm/snapshot.5_0 took: 1 ms
2022-02-24 16:56:16,078 [b07270f0-c5b1-4afe-99f3-aa5758d6ba5c@group-F4FF6A221EE2-StateMachineUpdater] INFO  impl.StateMachineUpdater (StateMachineUpdater.java:takeSnapshot(281)) - b07270f0-c5b1-4afe-99f3-aa5758d6ba5c@group-F4FF6A221EE2-StateMachineUpdater: Took a snapshot at index 0
2022-02-24 16:56:16,078 [b07270f0-c5b1-4afe-99f3-aa5758d6ba5c@group-F4FF6A221EE2-StateMachineUpdater] INFO  impl.StateMachineUpdater (StateMachineUpdater.java:lambda$new$0(89)) - b07270f0-c5b1-4afe-99f3-aa5758d6ba5c@group-F4FF6A221EE2-StateMachineUpdater: snapshotIndex: updateIncreasingly -1 -> 0
2022-02-24 16:56:16,078 [Command processor thread] INFO  server.RaftServer$Division (ServerState.java:close(419)) - b07270f0-c5b1-4afe-99f3-aa5758d6ba5c@group-F4FF6A221EE2: closes. applyIndex: 0
2022-02-24 16:56:16,079 [b07270f0-c5b1-4afe-99f3-aa5758d6ba5c@group-F4FF6A221EE2-SegmentedRaftLogWorker] INFO  segmented.SegmentedRaftLogWorker (SegmentedRaftLogWorker.java:run(327)) - b07270f0-c5b1-4afe-99f3-aa5758d6ba5c@group-F4FF6A221EE2-SegmentedRaftLogWorker was interrupted, exiting. There are 0 tasks remaining in the queue.
2022-02-24 16:56:16,079 [Command processor thread] INFO  segmented.SegmentedRaftLogWorker (SegmentedRaftLogWorker.java:close(237)) - b07270f0-c5b1-4afe-99f3-aa5758d6ba5c@group-F4FF6A221EE2-SegmentedRaftLogWorker close()
2022-02-24 16:56:16,081 [Command processor thread] INFO  server.RaftServer$Division (RaftServerImpl.java:groupRemove(382)) - b07270f0-c5b1-4afe-99f3-aa5758d6ba5c@group-F4FF6A221EE2: Succeed to remove RaftStorageDirectory Storage Directory /home/runner/work/ozone/ozone/hadoop-ozone/integration-test/target/test-dir/MiniOzoneClusterImpl-a9e0dedd-d836-4895-9472-52c2256152d3/datanode-0/data/ratis/fc4ff8a0-a9fc-4bf1-a572-f4ff6a221ee2
2022-02-24 16:56:16,082 [Command processor thread] INFO  commandhandler.ClosePipelineCommandHandler (ClosePipelineCommandHandler.java:handle(78)) - Close Pipeline PipelineID=fc4ff8a0-a9fc-4bf1-a572-f4ff6a221ee2 command on datanode b07270f0-c5b1-4afe-99f3-aa5758d6ba5c.
2022-02-24 16:56:16,082 [Command processor thread] INFO  server.RaftServer (RaftServerProxy.java:remove(106)) - b07270f0-c5b1-4afe-99f3-aa5758d6ba5c: remove    LEADER b07270f0-c5b1-4afe-99f3-aa5758d6ba5c@group-29500492D057:t3, leader=b07270f0-c5b1-4afe-99f3-aa5758d6ba5c, voted=b07270f0-c5b1-4afe-99f3-aa5758d6ba5c, raftlog=b07270f0-c5b1-4afe-99f3-aa5758d6ba5c@group-29500492D057-SegmentedRaftLog:OPENED:c2, conf=1: [b07270f0-c5b1-4afe-99f3-aa5758d6ba5c|rpc:10.1.0.37:45647|dataStream:|priority:0, 2a15bd7e-7896-4db0-9e08-f7464bcd33ee|rpc:10.1.0.37:41995|dataStream:|priority:0, cf3a7bfa-0a59-4cf0-978b-44f71b96abbc|rpc:10.1.0.37:40183|dataStream:|priority:1], old=null RUNNING
2022-02-24 16:56:16,082 [Command processor thread] INFO  server.RaftServer$Division (RaftServerImpl.java:lambda$close$4(412)) - b07270f0-c5b1-4afe-99f3-aa5758d6ba5c@group-29500492D057: shutdown
2022-02-24 16:56:16,082 [Command processor thread] INFO  util.JmxRegister (JmxRegister.java:unregister(73)) - Successfully un-registered JMX Bean with object name Ratis:service=RaftServer,group=group-29500492D057,id=b07270f0-c5b1-4afe-99f3-aa5758d6ba5c
2022-02-24 16:56:16,082 [Command processor thread] INFO  impl.RoleInfo (RoleInfo.java:shutdownLeaderState(91)) - b07270f0-c5b1-4afe-99f3-aa5758d6ba5c: shutdown b07270f0-c5b1-4afe-99f3-aa5758d6ba5c@group-29500492D057-LeaderStateImpl
2022-02-24 16:56:16,082 [b07270f0-c5b1-4afe-99f3-aa5758d6ba5c@group-29500492D057->2a15bd7e-7896-4db0-9e08-f7464bcd33ee-GrpcLogAppender-LogAppenderDaemon] WARN  server.GrpcLogAppender (GrpcLogAppender.java:mayWait(177)) - b07270f0-c5b1-4afe-99f3-aa5758d6ba5c@group-29500492D057->2a15bd7e-7896-4db0-9e08-f7464bcd33ee-GrpcLogAppender: Wait interrupted by java.lang.InterruptedException
2022-02-24 16:56:16,083 [grpc-default-executor-0] INFO  server.GrpcServerProtocolService (GrpcServerProtocolService.java:onCompleted(140)) - 2a15bd7e-7896-4db0-9e08-f7464bcd33ee: Completed APPEND_ENTRIES, lastRequest: b07270f0-c5b1-4afe-99f3-aa5758d6ba5c->2a15bd7e-7896-4db0-9e08-f7464bcd33ee#2-t3,previous=(t:3, i:1),leaderCommit=1,initializing? true,entries: size=1, first=(t:3, i:2), METADATAENTRY(c:1)
2022-02-24 16:56:16,083 [grpc-default-executor-5] INFO  server.GrpcLogAppender (GrpcLogAppender.java:onCompleted(346)) - b07270f0-c5b1-4afe-99f3-aa5758d6ba5c@group-29500492D057->2a15bd7e-7896-4db0-9e08-f7464bcd33ee-AppendLogResponseHandler: follower responses appendEntries COMPLETED
2022-02-24 16:56:16,084 [grpc-default-executor-5] INFO  leader.FollowerInfo (FollowerInfoImpl.java:lambda$new$0(47)) - b07270f0-c5b1-4afe-99f3-aa5758d6ba5c@group-29500492D057->2a15bd7e-7896-4db0-9e08-f7464bcd33ee: nextIndex: updateUnconditionally 3 -> 2
2022-02-24 16:56:16,085 [Command processor thread] INFO  impl.PendingRequests (PendingRequests.java:sendNotLeaderResponses(282)) - b07270f0-c5b1-4afe-99f3-aa5758d6ba5c@group-29500492D057-PendingRequests: sendNotLeaderResponses
2022-02-24 16:56:16,093 [Command processor thread] INFO  impl.StateMachineUpdater (StateMachineUpdater.java:stopAndJoin(149)) - b07270f0-c5b1-4afe-99f3-aa5758d6ba5c@group-29500492D057-StateMachineUpdater: set stopIndex = 2
2022-02-24 16:56:16,093 [b07270f0-c5b1-4afe-99f3-aa5758d6ba5c@group-29500492D057-StateMachineUpdater] INFO  ratis.ContainerStateMachine (ContainerStateMachine.java:takeSnapshot(304)) - group-29500492D057: Taking a snapshot at:(t:3, i:2) file /home/runner/work/ozone/ozone/hadoop-ozone/integration-test/target/test-dir/MiniOzoneClusterImpl-a9e0dedd-d836-4895-9472-52c2256152d3/datanode-0/data/ratis/9f1d42e2-676d-4b4b-b843-29500492d057/sm/snapshot.3_2
2022-02-24 16:56:16,094 [b07270f0-c5b1-4afe-99f3-aa5758d6ba5c@group-29500492D057-StateMachineUpdater] INFO  ratis.ContainerStateMachine (ContainerStateMachine.java:takeSnapshot(315)) - group-29500492D057: Finished taking a snapshot at:(t:3, i:2) file:/home/runner/work/ozone/ozone/hadoop-ozone/integration-test/target/test-dir/MiniOzoneClusterImpl-a9e0dedd-d836-4895-9472-52c2256152d3/datanode-0/data/ratis/9f1d42e2-676d-4b4b-b843-29500492d057/sm/snapshot.3_2 took: 1 ms
2022-02-24 16:56:16,094 [b07270f0-c5b1-4afe-99f3-aa5758d6ba5c@group-29500492D057-StateMachineUpdater] INFO  impl.StateMachineUpdater (StateMachineUpdater.java:takeSnapshot(281)) - b07270f0-c5b1-4afe-99f3-aa5758d6ba5c@group-29500492D057-StateMachineUpdater: Took a snapshot at index 2
2022-02-24 16:56:16,094 [b07270f0-c5b1-4afe-99f3-aa5758d6ba5c@group-29500492D057-StateMachineUpdater] INFO  impl.StateMachineUpdater (StateMachineUpdater.java:lambda$new$0(89)) - b07270f0-c5b1-4afe-99f3-aa5758d6ba5c@group-29500492D057-StateMachineUpdater: snapshotIndex: updateIncreasingly -1 -> 2
2022-02-24 16:56:16,096 [Command processor thread] INFO  server.RaftServer$Division (ServerState.java:close(419)) - b07270f0-c5b1-4afe-99f3-aa5758d6ba5c@group-29500492D057: closes. applyIndex: 2
2022-02-24 16:56:16,097 [b07270f0-c5b1-4afe-99f3-aa5758d6ba5c@group-29500492D057-SegmentedRaftLogWorker] INFO  segmented.SegmentedRaftLogWorker (SegmentedRaftLogWorker.java:run(327)) - b07270f0-c5b1-4afe-99f3-aa5758d6ba5c@group-29500492D057-SegmentedRaftLogWorker was interrupted, exiting. There are 0 tasks remaining in the queue.
2022-02-24 16:56:16,099 [Command processor thread] INFO  segmented.SegmentedRaftLogWorker (SegmentedRaftLogWorker.java:close(237)) - b07270f0-c5b1-4afe-99f3-aa5758d6ba5c@group-29500492D057-SegmentedRaftLogWorker close()
2022-02-24 16:56:16,106 [Command processor thread] INFO  server.RaftServer$Division (RaftServerImpl.java:groupRemove(382)) - b07270f0-c5b1-4afe-99f3-aa5758d6ba5c@group-29500492D057: Succeed to remove RaftStorageDirectory Storage Directory /home/runner/work/ozone/ozone/hadoop-ozone/integration-test/target/test-dir/MiniOzoneClusterImpl-a9e0dedd-d836-4895-9472-52c2256152d3/datanode-0/data/ratis/9f1d42e2-676d-4b4b-b843-29500492d057
2022-02-24 16:56:16,106 [Command processor thread] INFO  commandhandler.ClosePipelineCommandHandler (ClosePipelineCommandHandler.java:handle(78)) - Close Pipeline PipelineID=9f1d42e2-676d-4b4b-b843-29500492d057 command on datanode b07270f0-c5b1-4afe-99f3-aa5758d6ba5c.
2022-02-24 16:56:20,857 [org.apache.ratis.util.JvmPauseMonitor$$Lambda$431/1797702346@1ed35d34] WARN  util.JvmPauseMonitor (JvmPauseMonitor.java:detectPause(124)) - JvmPauseMonitor-6aa02a95-f8ab-442c-9ba0-fd232060c81a: Detected pause in JVM or host machine (eg GC): pause of approximately 157654220ns.
GC pool 'PS MarkSweep' had collection(s): count=1 time=203ms
GC pool 'PS Scavenge' had collection(s): count=1 time=9ms
2022-02-24 16:56:20,857 [org.apache.ratis.util.JvmPauseMonitor$$Lambda$431/1797702346@612d02cc] WARN  util.JvmPauseMonitor (JvmPauseMonitor.java:detectPause(124)) - JvmPauseMonitor-b07270f0-c5b1-4afe-99f3-aa5758d6ba5c: Detected pause in JVM or host machine (eg GC): pause of approximately 186061071ns.
GC pool 'PS MarkSweep' had collection(s): count=1 time=203ms
GC pool 'PS Scavenge' had collection(s): count=1 time=9ms
2022-02-24 16:56:20,857 [org.apache.ratis.util.JvmPauseMonitor$$Lambda$431/1797702346@281cc0e5] WARN  util.JvmPauseMonitor (JvmPauseMonitor.java:detectPause(124)) - JvmPauseMonitor-77c6fe3f-1b7a-40d0-9616-c5318e50343e: Detected pause in JVM or host machine (eg GC): pause of approximately 186055172ns.
GC pool 'PS MarkSweep' had collection(s): count=1 time=203ms
GC pool 'PS Scavenge' had collection(s): count=1 time=9ms
2022-02-24 16:56:35,607 [Listener at 127.0.0.1/44987] WARN  io.KeyOutputStream (KeyOutputStream.java:handleException(310)) - Encountered exception java.io.IOException: Unexpected Storage Container Exception: java.util.concurrent.CompletionException: Failed to write chunk 109611004723200001_chunk_6 into block conID: 1 locID: 109611004723200001 bcsId: 10 on the pipeline Pipeline[ Id: 491b94e5-b470-455f-9927-941f5d11da8e, Nodes: cf3a7bfa-0a59-4cf0-978b-44f71b96abbc{ip: 10.1.0.37, host: fv-az59-243.csjynl4pkq3e1pkirw3ssqjfoh.cx.internal.cloudapp.net, ports: [REPLICATION=36859, RATIS=40183, RATIS_ADMIN=40183, RATIS_SERVER=40183, STANDALONE=46129], networkLocation: /default-rack, certSerialId: null, persistedOpState: IN_SERVICE, persistedOpStateExpiryEpochSec: 0}, ReplicationConfig: RATIS/ONE, State:OPEN, leaderId:cf3a7bfa-0a59-4cf0-978b-44f71b96abbc, CreationTimestamp2022-02-24T16:55:45.394Z[Etc/UTC]]. The last committed block length is 500, uncommitted data length is 300 retry count 0
2022-02-24 16:56:36,040 [Listener at 127.0.0.1/44987] WARN  impl.MetricRegistriesImpl (MetricRegistriesImpl.java:addReporterRegistration(111)) - New reporters are added after registries were created. Some metrics will be missing from the reporter. Please add reporter before adding any new registry.
2022-02-24 16:56:36,040 [Listener at 127.0.0.1/44987] WARN  impl.MetricRegistriesImpl (MetricRegistriesImpl.java:addReporterRegistration(111)) - New reporters are added after registries were created. Some metrics will be missing from the reporter. Please add reporter before adding any new registry.
2022-02-24 16:56:36,040 [Listener at 127.0.0.1/44987] INFO  impl.MetricsSystemImpl (MetricsSystemImpl.java:init(158)) - HddsDatanode metrics system started (again)
2022-02-24 16:56:36,141 [Listener at 127.0.0.1/44987] INFO  ozone.HddsDatanodeService (HddsDatanodeService.java:start(233)) - HddsDatanodeService host:fv-az59-243.csjynl4pkq3e1pkirw3ssqjfoh.cx.internal.cloudapp.net ip:10.1.0.37
2022-02-24 16:56:36,211 [Listener at 127.0.0.1/44987] INFO  upgrade.AbstractLayoutVersionManager (AbstractLayoutVersionManager.java:init(79)) - Initializing Layout version manager with metadata layout = SCM_HA (version = 2), software layout = SCM_HA (version = 2)
2022-02-24 16:56:36,390 [Listener at 127.0.0.1/44987] INFO  reflections.Reflections (Reflections.java:scan(232)) - Reflections took 178 ms to scan 7 urls, producing 121 keys and 285 values 
2022-02-24 16:56:36,391 [Listener at 127.0.0.1/44987] INFO  statemachine.DatanodeStateMachine (DatanodeStateMachine.java:getEndPointTaskThreadPoolSize(222)) - Datanode State Machine Task Thread Pool size 2
2022-02-24 16:56:36,393 [Listener at 127.0.0.1/44987] INFO  volume.HddsVolume (HddsVolume.java:<init>(120)) - Creating HddsVolume: /home/runner/work/ozone/ozone/hadoop-ozone/integration-test/target/test-dir/MiniOzoneClusterImpl-a9e0dedd-d836-4895-9472-52c2256152d3/datanode-1/data-0/containers/hdds of storage type : DISK capacity : 9223372036854775807
2022-02-24 16:56:36,393 [Listener at 127.0.0.1/44987] INFO  volume.MutableVolumeSet (MutableVolumeSet.java:initializeVolumeSet(168)) - Added Volume : /home/runner/work/ozone/ozone/hadoop-ozone/integration-test/target/test-dir/MiniOzoneClusterImpl-a9e0dedd-d836-4895-9472-52c2256152d3/datanode-1/data-0/containers/hdds to VolumeSet
2022-02-24 16:56:36,393 [Listener at 127.0.0.1/44987] INFO  volume.ThrottledAsyncChecker (ThrottledAsyncChecker.java:schedule(141)) - Scheduling a check for /home/runner/work/ozone/ozone/hadoop-ozone/integration-test/target/test-dir/MiniOzoneClusterImpl-a9e0dedd-d836-4895-9472-52c2256152d3/datanode-1/data-0/containers/hdds
2022-02-24 16:56:36,394 [Listener at 127.0.0.1/44987] INFO  volume.StorageVolumeChecker (StorageVolumeChecker.java:checkAllVolumes(202)) - Scheduled health check for volume /home/runner/work/ozone/ozone/hadoop-ozone/integration-test/target/test-dir/MiniOzoneClusterImpl-a9e0dedd-d836-4895-9472-52c2256152d3/datanode-1/data-0/containers/hdds
2022-02-24 16:56:36,408 [Listener at 127.0.0.1/44987] INFO  volume.MutableVolumeSet (MutableVolumeSet.java:initializeVolumeSet(168)) - Added Volume : /home/runner/work/ozone/ozone/hadoop-ozone/integration-test/target/test-dir/MiniOzoneClusterImpl-a9e0dedd-d836-4895-9472-52c2256152d3/datanode-1/data/ratis to VolumeSet
2022-02-24 16:56:36,408 [Listener at 127.0.0.1/44987] INFO  volume.ThrottledAsyncChecker (ThrottledAsyncChecker.java:schedule(141)) - Scheduling a check for /home/runner/work/ozone/ozone/hadoop-ozone/integration-test/target/test-dir/MiniOzoneClusterImpl-a9e0dedd-d836-4895-9472-52c2256152d3/datanode-1/data/ratis
2022-02-24 16:56:36,408 [Listener at 127.0.0.1/44987] INFO  volume.StorageVolumeChecker (StorageVolumeChecker.java:checkAllVolumes(202)) - Scheduled health check for volume /home/runner/work/ozone/ozone/hadoop-ozone/integration-test/target/test-dir/MiniOzoneClusterImpl-a9e0dedd-d836-4895-9472-52c2256152d3/datanode-1/data/ratis
2022-02-24 16:56:36,497 [Thread-1274] INFO  ozoneimpl.ContainerReader (ContainerReader.java:readVolume(142)) - Start to verify containers on volume /home/runner/work/ozone/ozone/hadoop-ozone/integration-test/target/test-dir/MiniOzoneClusterImpl-a9e0dedd-d836-4895-9472-52c2256152d3/datanode-1/data-0/containers/hdds
2022-02-24 16:56:36,637 [Thread-1274] INFO  ozoneimpl.ContainerReader (ContainerReader.java:readVolume(172)) - Finish verifying containers on volume /home/runner/work/ozone/ozone/hadoop-ozone/integration-test/target/test-dir/MiniOzoneClusterImpl-a9e0dedd-d836-4895-9472-52c2256152d3/datanode-1/data-0/containers/hdds
2022-02-24 16:56:36,637 [Listener at 127.0.0.1/44987] INFO  ozoneimpl.OzoneContainer (OzoneContainer.java:buildContainerSet(257)) - Build ContainerSet costs 0s
2022-02-24 16:56:36,640 [Listener at 127.0.0.1/44987] INFO  server.RaftServer (ConfUtils.java:logGet(44)) - raft.rpc.type = GRPC (default)
2022-02-24 16:56:36,640 [Listener at 127.0.0.1/44987] INFO  grpc.GrpcFactory (GrpcFactory.java:checkPooledByteBufAllocatorUseCacheForAllThreads(48)) - PERFORMANCE WARNING: useCacheForAllThreads is true that may cause Netty to create a lot garbage objects and, as a result, trigger GC.
	It is recommended to disable useCacheForAllThreads by setting -Dorg.apache.ratis.thirdparty.io.netty.allocator.useCacheForAllThreads=false in command line.
2022-02-24 16:56:36,641 [Listener at 127.0.0.1/44987] INFO  grpc.GrpcConfigKeys (ConfUtils.java:logGet(44)) - raft.grpc.admin.port = 40183 (custom)
2022-02-24 16:56:36,641 [Listener at 127.0.0.1/44987] INFO  grpc.GrpcConfigKeys (ConfUtils.java:logGet(44)) - raft.grpc.client.port = 40183 (custom)
2022-02-24 16:56:36,641 [Listener at 127.0.0.1/44987] INFO  grpc.GrpcConfigKeys (ConfUtils.java:logGet(44)) - raft.grpc.server.port = 40183 (custom)
2022-02-24 16:56:36,641 [Listener at 127.0.0.1/44987] INFO  server.GrpcService (ConfUtils.java:logGet(44)) - raft.grpc.message.size.max = 32MB (=33554432) (custom)
2022-02-24 16:56:36,641 [Listener at 127.0.0.1/44987] INFO  server.RaftServerConfigKeys (ConfUtils.java:logGet(44)) - raft.server.log.appender.buffer.byte-limit = 33554432 (custom)
2022-02-24 16:56:36,641 [Listener at 127.0.0.1/44987] INFO  server.GrpcService (ConfUtils.java:logGet(44)) - raft.grpc.flow.control.window = 5MB (=5242880) (custom)
2022-02-24 16:56:36,641 [Listener at 127.0.0.1/44987] INFO  server.RaftServerConfigKeys (ConfUtils.java:logGet(44)) - raft.server.rpc.request.timeout = 3000ms (default)
2022-02-24 16:56:36,642 [Listener at 127.0.0.1/44987] INFO  impl.DataStreamServerImpl (ConfUtils.java:logGet(44)) - raft.datastream.type = DISABLED (default)
2022-02-24 16:56:36,643 [Listener at 127.0.0.1/44987] INFO  server.RaftServerConfigKeys (ConfUtils.java:logGet(44)) - raft.server.rpc.slowness.timeout = 300000ms (custom)
2022-02-24 16:56:36,643 [Listener at 127.0.0.1/44987] INFO  server.RaftServerConfigKeys (ConfUtils.java:logGet(44)) - raft.server.leaderelection.leader.step-down.wait-time = 10s (default)
2022-02-24 16:56:36,643 [Listener at 127.0.0.1/44987] INFO  server.RaftServerConfigKeys (ConfUtils.java:logGet(44)) - raft.server.storage.dir = [/home/runner/work/ozone/ozone/hadoop-ozone/integration-test/target/test-dir/MiniOzoneClusterImpl-a9e0dedd-d836-4895-9472-52c2256152d3/datanode-1/data/ratis] (custom)
2022-02-24 16:56:36,643 [Listener at 127.0.0.1/44987] INFO  server.RaftServer (RaftServerProxy.java:lambda$null$1(235)) - cf3a7bfa-0a59-4cf0-978b-44f71b96abbc: found a subdirectory /home/runner/work/ozone/ozone/hadoop-ozone/integration-test/target/test-dir/MiniOzoneClusterImpl-a9e0dedd-d836-4895-9472-52c2256152d3/datanode-1/data/ratis/fc4ff8a0-a9fc-4bf1-a572-f4ff6a221ee2
2022-02-24 16:56:36,645 [Listener at 127.0.0.1/44987] INFO  server.RaftServer (RaftServerProxy.java:addNew(95)) - cf3a7bfa-0a59-4cf0-978b-44f71b96abbc: addNew group-F4FF6A221EE2:[] returns group-F4FF6A221EE2:java.util.concurrent.CompletableFuture@5d9f65e9[Not completed]
2022-02-24 16:56:36,645 [Listener at 127.0.0.1/44987] INFO  server.RaftServer (RaftServerProxy.java:lambda$null$1(235)) - cf3a7bfa-0a59-4cf0-978b-44f71b96abbc: found a subdirectory /home/runner/work/ozone/ozone/hadoop-ozone/integration-test/target/test-dir/MiniOzoneClusterImpl-a9e0dedd-d836-4895-9472-52c2256152d3/datanode-1/data/ratis/491b94e5-b470-455f-9927-941f5d11da8e
2022-02-24 16:56:36,645 [Listener at 127.0.0.1/44987] INFO  server.RaftServer (RaftServerProxy.java:addNew(95)) - cf3a7bfa-0a59-4cf0-978b-44f71b96abbc: addNew group-941F5D11DA8E:[] returns group-941F5D11DA8E:java.util.concurrent.CompletableFuture@24f2455a[Not completed]
2022-02-24 16:56:36,645 [Listener at 127.0.0.1/44987] INFO  server.RaftServer (RaftServerProxy.java:lambda$null$1(235)) - cf3a7bfa-0a59-4cf0-978b-44f71b96abbc: found a subdirectory /home/runner/work/ozone/ozone/hadoop-ozone/integration-test/target/test-dir/MiniOzoneClusterImpl-a9e0dedd-d836-4895-9472-52c2256152d3/datanode-1/data/ratis/b23504de-3ed0-4c19-82f8-9c1e72aca101
2022-02-24 16:56:36,645 [Listener at 127.0.0.1/44987] INFO  server.RaftServer (RaftServerProxy.java:addNew(95)) - cf3a7bfa-0a59-4cf0-978b-44f71b96abbc: addNew group-9C1E72ACA101:[] returns group-9C1E72ACA101:java.util.concurrent.CompletableFuture@291aab2f[Not completed]
2022-02-24 16:56:36,645 [Listener at 127.0.0.1/44987] INFO  server.RaftServer (RaftServerProxy.java:lambda$null$1(235)) - cf3a7bfa-0a59-4cf0-978b-44f71b96abbc: found a subdirectory /home/runner/work/ozone/ozone/hadoop-ozone/integration-test/target/test-dir/MiniOzoneClusterImpl-a9e0dedd-d836-4895-9472-52c2256152d3/datanode-1/data/ratis/9f1d42e2-676d-4b4b-b843-29500492d057
2022-02-24 16:56:36,645 [Listener at 127.0.0.1/44987] INFO  server.RaftServer (RaftServerProxy.java:addNew(95)) - cf3a7bfa-0a59-4cf0-978b-44f71b96abbc: addNew group-29500492D057:[] returns group-29500492D057:java.util.concurrent.CompletableFuture@297fb289[Not completed]
2022-02-24 16:56:36,647 [Listener at 127.0.0.1/44987] INFO  server.XceiverServerGrpc (XceiverServerGrpc.java:<init>(132)) - GrpcServer channel type EpollServerSocketChannel
2022-02-24 16:56:36,651 [pool-506-thread-1] INFO  server.RaftServer$Division (RaftServerImpl.java:<init>(184)) - cf3a7bfa-0a59-4cf0-978b-44f71b96abbc: new RaftServerImpl for group-F4FF6A221EE2:[] with ContainerStateMachine:uninitialized
2022-02-24 16:56:36,663 [pool-506-thread-1] INFO  server.RaftServerConfigKeys (ConfUtils.java:logGet(44)) - raft.server.rpc.timeout.min = 5s (custom)
2022-02-24 16:56:36,663 [pool-506-thread-1] INFO  server.RaftServerConfigKeys (ConfUtils.java:logGet(44)) - raft.server.rpc.timeout.max = 5200ms (custom)
2022-02-24 16:56:36,663 [pool-506-thread-1] INFO  server.RaftServerConfigKeys (ConfUtils.java:logGet(44)) - raft.server.rpc.sleep.time = 25ms (default)
2022-02-24 16:56:36,663 [pool-506-thread-1] INFO  server.RaftServerConfigKeys (ConfUtils.java:logGet(44)) - raft.server.rpc.slowness.timeout = 300000ms (custom)
2022-02-24 16:56:36,663 [pool-506-thread-1] INFO  server.RaftServerConfigKeys (ConfUtils.java:logGet(44)) - raft.server.leaderelection.leader.step-down.wait-time = 10s (default)
2022-02-24 16:56:36,663 [pool-506-thread-1] INFO  server.RaftServerConfigKeys (ConfUtils.java:logGet(44)) - raft.server.sleep.deviation.threshold = 300ms (default)
2022-02-24 16:56:36,663 [pool-506-thread-1] INFO  server.RaftServerConfigKeys (ConfUtils.java:logGet(44)) - raft.server.log.appender.install.snapshot.enabled = false (custom)
2022-02-24 16:56:36,663 [pool-506-thread-1] INFO  server.RaftServer$Division (ServerState.java:<init>(105)) - cf3a7bfa-0a59-4cf0-978b-44f71b96abbc@group-F4FF6A221EE2: ConfigurationManager, init=-1: [], old=null, confs=<EMPTY_MAP>
2022-02-24 16:56:36,663 [pool-506-thread-1] INFO  server.RaftServerConfigKeys (ConfUtils.java:logGet(44)) - raft.server.storage.dir = [/home/runner/work/ozone/ozone/hadoop-ozone/integration-test/target/test-dir/MiniOzoneClusterImpl-a9e0dedd-d836-4895-9472-52c2256152d3/datanode-1/data/ratis] (custom)
2022-02-24 16:56:36,663 [pool-506-thread-1] INFO  server.RaftServerConfigKeys (ConfUtils.java:logGet(44)) - raft.server.log.corruption.policy = EXCEPTION (default)
2022-02-24 16:56:36,692 [Listener at 127.0.0.1/44987] INFO  http.BaseHttpServer (BaseHttpServer.java:newHttpServer2BuilderForOzone(209)) - Starting Web-server for hddsDatanode at: http://0.0.0.0:41679
2022-02-24 16:56:36,692 [Listener at 127.0.0.1/44987] INFO  http.BaseHttpServer (BaseHttpServer.java:<init>(107)) - Hadoop Security Enabled: false Ozone Security Enabled: false Ozone HTTP Security Enabled: false 
2022-02-24 16:56:36,693 [Listener at 127.0.0.1/44987] INFO  server.AuthenticationFilter (AuthenticationFilter.java:constructSecretProvider(240)) - Unable to initialize FileSignerSecretProvider, falling back to use random secrets.
2022-02-24 16:56:36,692 [pool-506-thread-1] INFO  server.RaftServerConfigKeys (ConfUtils.java:logGet(44)) - raft.server.storage.free-space.min = 0MB (=0) (default)
2022-02-24 16:56:36,695 [pool-506-thread-1] INFO  storage.RaftStorageDirectory (RaftStorageDirectoryImpl.java:tryLock(230)) - Lock on /home/runner/work/ozone/ozone/hadoop-ozone/integration-test/target/test-dir/MiniOzoneClusterImpl-a9e0dedd-d836-4895-9472-52c2256152d3/datanode-1/data/ratis/fc4ff8a0-a9fc-4bf1-a572-f4ff6a221ee2/in_use.lock acquired by nodename 3150@fv-az59-243
2022-02-24 16:56:36,695 [pool-506-thread-1] INFO  storage.RaftStorage (RaftStorageImpl.java:analyzeAndRecoverStorage(110)) - Read RaftStorageMetadata{term=2, votedFor=b07270f0-c5b1-4afe-99f3-aa5758d6ba5c} from /home/runner/work/ozone/ozone/hadoop-ozone/integration-test/target/test-dir/MiniOzoneClusterImpl-a9e0dedd-d836-4895-9472-52c2256152d3/datanode-1/data/ratis/fc4ff8a0-a9fc-4bf1-a572-f4ff6a221ee2/current/raft-meta
2022-02-24 16:56:36,701 [Listener at 127.0.0.1/44987] WARN  http.HttpRequestLog (HttpRequestLog.java:getRequestLog(103)) - Jetty request log can only be enabled using Log4j
2022-02-24 16:56:36,702 [Listener at 127.0.0.1/44987] INFO  http.HttpServer2 (HttpServer2.java:addGlobalFilter(1030)) - Added global filter 'safety' (class=org.apache.hadoop.hdds.server.http.HttpServer2$QuotingInputFilter)
2022-02-24 16:56:36,702 [Listener at 127.0.0.1/44987] INFO  http.HttpServer2 (HttpServer2.java:addFilter(1006)) - Added filter static_user_filter (class=org.apache.hadoop.http.lib.StaticUserWebFilter$StaticUserFilter) to context hddsDatanode
2022-02-24 16:56:36,702 [Listener at 127.0.0.1/44987] INFO  http.HttpServer2 (HttpServer2.java:addFilter(1014)) - Added filter static_user_filter (class=org.apache.hadoop.http.lib.StaticUserWebFilter$StaticUserFilter) to context logs
2022-02-24 16:56:36,702 [Listener at 127.0.0.1/44987] INFO  http.HttpServer2 (HttpServer2.java:addFilter(1014)) - Added filter static_user_filter (class=org.apache.hadoop.http.lib.StaticUserWebFilter$StaticUserFilter) to context static
2022-02-24 16:56:36,712 [pool-506-thread-1] INFO  ratis.ContainerStateMachine (ContainerStateMachine.java:loadSnapshot(236)) - group-F4FF6A221EE2: The snapshot info is null. Setting the last applied indexto:(t:0, i:~)
2022-02-24 16:56:36,712 [pool-506-thread-1] INFO  server.RaftServerConfigKeys (ConfUtils.java:logGet(44)) - raft.server.notification.no-leader.timeout = 300000ms (custom)
2022-02-24 16:56:36,712 [pool-506-thread-1] INFO  server.RaftServerConfigKeys (ConfUtils.java:logGet(44)) - raft.server.log.use.memory = false (default)
2022-02-24 16:56:36,712 [pool-506-thread-1] INFO  server.RaftServerConfigKeys (ConfUtils.java:logGet(44)) - raft.server.log.purge.gap = 1000000 (custom)
2022-02-24 16:56:36,712 [pool-506-thread-1] INFO  server.RaftServerConfigKeys (ConfUtils.java:logGet(44)) - raft.server.log.appender.buffer.byte-limit = 33554432 (custom)
2022-02-24 16:56:36,712 [pool-506-thread-1] INFO  server.RaftServerConfigKeys (ConfUtils.java:logGet(44)) - raft.server.log.segment.size.max = 1048576 (custom)
2022-02-24 16:56:36,713 [pool-506-thread-1] INFO  server.RaftServerConfigKeys (ConfUtils.java:logGet(44)) - raft.server.log.segment.cache.num.max = 2 (custom)
2022-02-24 16:56:36,713 [pool-506-thread-1] INFO  server.RaftServerConfigKeys (ConfUtils.java:logGet(44)) - raft.server.log.segment.cache.size.max = 200MB (=209715200) (default)
2022-02-24 16:56:36,713 [pool-506-thread-1] INFO  segmented.SegmentedRaftLogWorker (SegmentedRaftLogWorker.java:<init>(182)) - new cf3a7bfa-0a59-4cf0-978b-44f71b96abbc@group-F4FF6A221EE2-SegmentedRaftLogWorker for RaftStorageImpl:Storage Directory /home/runner/work/ozone/ozone/hadoop-ozone/integration-test/target/test-dir/MiniOzoneClusterImpl-a9e0dedd-d836-4895-9472-52c2256152d3/datanode-1/data/ratis/fc4ff8a0-a9fc-4bf1-a572-f4ff6a221ee2
2022-02-24 16:56:36,713 [pool-506-thread-1] INFO  server.RaftServerConfigKeys (ConfUtils.java:logGet(44)) - raft.server.log.queue.byte-limit = 4294967296 (custom)
2022-02-24 16:56:36,713 [pool-506-thread-1] INFO  server.RaftServerConfigKeys (ConfUtils.java:logGet(44)) - raft.server.log.queue.element-limit = 1024 (custom)
2022-02-24 16:56:36,713 [pool-506-thread-1] INFO  server.RaftServerConfigKeys (ConfUtils.java:logGet(44)) - raft.server.log.segment.size.max = 1048576 (custom)
2022-02-24 16:56:36,713 [pool-506-thread-1] INFO  server.RaftServerConfigKeys (ConfUtils.java:logGet(44)) - raft.server.log.preallocated.size = 16384 (custom)
2022-02-24 16:56:36,713 [pool-506-thread-1] INFO  server.RaftServerConfigKeys (ConfUtils.java:logGet(44)) - raft.server.log.force.sync.num = 128 (default)
2022-02-24 16:56:36,713 [pool-506-thread-1] INFO  server.RaftServerConfigKeys (ConfUtils.java:logGet(44)) - raft.server.log.statemachine.data.sync = true (default)
2022-02-24 16:56:36,713 [pool-506-thread-1] INFO  server.RaftServerConfigKeys (ConfUtils.java:logGet(44)) - raft.server.log.statemachine.data.sync.timeout = 10s (default)
2022-02-24 16:56:36,713 [pool-506-thread-1] INFO  server.RaftServerConfigKeys (ConfUtils.java:logGet(44)) - raft.server.log.statemachine.data.sync.timeout.retry = -1 (default)
2022-02-24 16:56:36,714 [pool-506-thread-1] INFO  server.RaftServerConfigKeys (ConfUtils.java:logGet(44)) - raft.server.log.write.buffer.size = 1048576 (custom)
2022-02-24 16:56:36,714 [pool-506-thread-1] INFO  server.RaftServerConfigKeys (ConfUtils.java:logGet(44)) - raft.server.log.statemachine.data.caching.enabled = true (custom)
2022-02-24 16:56:36,715 [pool-506-thread-1] INFO  segmented.SegmentedRaftLogWorker (SegmentedRaftLogWorker.java:lambda$new$0(133)) - cf3a7bfa-0a59-4cf0-978b-44f71b96abbc@group-F4FF6A221EE2-SegmentedRaftLogWorker: flushIndex: setUnconditionally 0 -> -1
2022-02-24 16:56:36,715 [pool-506-thread-1] INFO  segmented.SegmentedRaftLogWorker (SegmentedRaftLogWorker.java:lambda$new$0(133)) - cf3a7bfa-0a59-4cf0-978b-44f71b96abbc@group-F4FF6A221EE2-SegmentedRaftLogWorker: safeCacheEvictIndex: setUnconditionally 0 -> -1
2022-02-24 16:56:36,715 [pool-506-thread-1] INFO  server.RaftServerConfigKeys (ConfUtils.java:logGet(44)) - raft.server.snapshot.auto.trigger.enabled = true (custom)
2022-02-24 16:56:36,715 [pool-506-thread-1] INFO  server.RaftServerConfigKeys (ConfUtils.java:logGet(44)) - raft.server.snapshot.auto.trigger.threshold = 10000 (custom)
2022-02-24 16:56:36,715 [pool-506-thread-1] INFO  server.RaftServerConfigKeys (ConfUtils.java:logGet(44)) - raft.server.snapshot.retention.file.num = 5 (custom)
2022-02-24 16:56:36,715 [pool-506-thread-1] INFO  server.RaftServerConfigKeys (ConfUtils.java:logGet(44)) - raft.server.log.purge.upto.snapshot.index = false (default)
2022-02-24 16:56:36,715 [pool-506-thread-1] INFO  server.RaftServerConfigKeys (ConfUtils.java:logGet(44)) - raft.server.retrycache.expirytime = 600000ms (custom)
2022-02-24 16:56:36,715 [pool-506-thread-1] INFO  server.RaftServerConfigKeys (ConfUtils.java:logGet(44)) - raft.server.retrycache.statistics.expirytime = 100μs (default)
2022-02-24 16:56:36,717 [pool-506-thread-1] INFO  server.RaftServer$Division (RaftServerImpl.java:<init>(184)) - cf3a7bfa-0a59-4cf0-978b-44f71b96abbc: new RaftServerImpl for group-941F5D11DA8E:[] with ContainerStateMachine:uninitialized
2022-02-24 16:56:36,717 [pool-506-thread-1] INFO  server.RaftServerConfigKeys (ConfUtils.java:logGet(44)) - raft.server.rpc.timeout.min = 5s (custom)
2022-02-24 16:56:36,717 [pool-506-thread-1] INFO  server.RaftServerConfigKeys (ConfUtils.java:logGet(44)) - raft.server.rpc.timeout.max = 5200ms (custom)
2022-02-24 16:56:36,717 [pool-506-thread-1] INFO  server.RaftServerConfigKeys (ConfUtils.java:logGet(44)) - raft.server.rpc.sleep.time = 25ms (default)
2022-02-24 16:56:36,717 [pool-506-thread-1] INFO  server.RaftServerConfigKeys (ConfUtils.java:logGet(44)) - raft.server.rpc.slowness.timeout = 300000ms (custom)
2022-02-24 16:56:36,717 [pool-506-thread-1] INFO  server.RaftServerConfigKeys (ConfUtils.java:logGet(44)) - raft.server.leaderelection.leader.step-down.wait-time = 10s (default)
2022-02-24 16:56:36,717 [pool-506-thread-1] INFO  server.RaftServerConfigKeys (ConfUtils.java:logGet(44)) - raft.server.sleep.deviation.threshold = 300ms (default)
2022-02-24 16:56:36,717 [pool-506-thread-1] INFO  server.RaftServerConfigKeys (ConfUtils.java:logGet(44)) - raft.server.log.appender.install.snapshot.enabled = false (custom)
2022-02-24 16:56:36,717 [pool-506-thread-1] INFO  server.RaftServer$Division (ServerState.java:<init>(105)) - cf3a7bfa-0a59-4cf0-978b-44f71b96abbc@group-941F5D11DA8E: ConfigurationManager, init=-1: [], old=null, confs=<EMPTY_MAP>
2022-02-24 16:56:36,717 [pool-506-thread-1] INFO  server.RaftServerConfigKeys (ConfUtils.java:logGet(44)) - raft.server.storage.dir = [/home/runner/work/ozone/ozone/hadoop-ozone/integration-test/target/test-dir/MiniOzoneClusterImpl-a9e0dedd-d836-4895-9472-52c2256152d3/datanode-1/data/ratis] (custom)
2022-02-24 16:56:36,718 [pool-506-thread-1] INFO  server.RaftServerConfigKeys (ConfUtils.java:logGet(44)) - raft.server.log.corruption.policy = EXCEPTION (default)
2022-02-24 16:56:36,718 [pool-506-thread-1] INFO  server.RaftServerConfigKeys (ConfUtils.java:logGet(44)) - raft.server.storage.free-space.min = 0MB (=0) (default)
2022-02-24 16:56:36,727 [pool-506-thread-1] INFO  storage.RaftStorageDirectory (RaftStorageDirectoryImpl.java:tryLock(230)) - Lock on /home/runner/work/ozone/ozone/hadoop-ozone/integration-test/target/test-dir/MiniOzoneClusterImpl-a9e0dedd-d836-4895-9472-52c2256152d3/datanode-1/data/ratis/491b94e5-b470-455f-9927-941f5d11da8e/in_use.lock acquired by nodename 3150@fv-az59-243
2022-02-24 16:56:36,728 [Listener at 127.0.0.1/44987] INFO  http.HttpServer2 (HttpServer2.java:bindListener(1249)) - Jetty bound to port 41679
2022-02-24 16:56:36,728 [Listener at 127.0.0.1/44987] INFO  server.Server (Server.java:doStart(375)) - jetty-9.4.43.v20210629; built: 2021-06-30T11:07:22.254Z; git: 526006ecfa3af7f1a27ef3a288e2bef7ea9dd7e8; jvm 1.8.0_322-b06
2022-02-24 16:56:36,733 [pool-506-thread-1] INFO  storage.RaftStorage (RaftStorageImpl.java:analyzeAndRecoverStorage(110)) - Read RaftStorageMetadata{term=1, votedFor=cf3a7bfa-0a59-4cf0-978b-44f71b96abbc} from /home/runner/work/ozone/ozone/hadoop-ozone/integration-test/target/test-dir/MiniOzoneClusterImpl-a9e0dedd-d836-4895-9472-52c2256152d3/datanode-1/data/ratis/491b94e5-b470-455f-9927-941f5d11da8e/current/raft-meta
2022-02-24 16:56:36,736 [pool-506-thread-1] INFO  ratis.ContainerStateMachine (ContainerStateMachine.java:loadSnapshot(245)) - group-941F5D11DA8E: Setting the last applied index to (t:1, i:11)
2022-02-24 16:56:36,762 [pool-506-thread-1] INFO  server.RaftServer$Division (ServerState.java:setRaftConf(387)) - cf3a7bfa-0a59-4cf0-978b-44f71b96abbc@group-941F5D11DA8E: set configuration 0: [cf3a7bfa-0a59-4cf0-978b-44f71b96abbc|rpc:10.1.0.37:40183|dataStream:|priority:1], old=null
2022-02-24 16:56:36,776 [pool-506-thread-1] INFO  server.RaftServerConfigKeys (ConfUtils.java:logGet(44)) - raft.server.notification.no-leader.timeout = 300000ms (custom)
2022-02-24 16:56:36,776 [pool-506-thread-1] INFO  server.RaftServerConfigKeys (ConfUtils.java:logGet(44)) - raft.server.log.use.memory = false (default)
2022-02-24 16:56:36,776 [pool-506-thread-1] INFO  server.RaftServerConfigKeys (ConfUtils.java:logGet(44)) - raft.server.log.purge.gap = 1000000 (custom)
2022-02-24 16:56:36,777 [pool-506-thread-1] INFO  server.RaftServerConfigKeys (ConfUtils.java:logGet(44)) - raft.server.log.appender.buffer.byte-limit = 33554432 (custom)
2022-02-24 16:56:36,777 [pool-506-thread-1] INFO  server.RaftServerConfigKeys (ConfUtils.java:logGet(44)) - raft.server.log.segment.size.max = 1048576 (custom)
2022-02-24 16:56:36,777 [pool-506-thread-1] INFO  server.RaftServerConfigKeys (ConfUtils.java:logGet(44)) - raft.server.log.segment.cache.num.max = 2 (custom)
2022-02-24 16:56:36,777 [pool-506-thread-1] INFO  server.RaftServerConfigKeys (ConfUtils.java:logGet(44)) - raft.server.log.segment.cache.size.max = 200MB (=209715200) (default)
2022-02-24 16:56:36,777 [pool-506-thread-1] INFO  segmented.SegmentedRaftLogWorker (SegmentedRaftLogWorker.java:<init>(182)) - new cf3a7bfa-0a59-4cf0-978b-44f71b96abbc@group-941F5D11DA8E-SegmentedRaftLogWorker for RaftStorageImpl:Storage Directory /home/runner/work/ozone/ozone/hadoop-ozone/integration-test/target/test-dir/MiniOzoneClusterImpl-a9e0dedd-d836-4895-9472-52c2256152d3/datanode-1/data/ratis/491b94e5-b470-455f-9927-941f5d11da8e
2022-02-24 16:56:36,779 [pool-506-thread-1] INFO  server.RaftServerConfigKeys (ConfUtils.java:logGet(44)) - raft.server.log.queue.byte-limit = 4294967296 (custom)
2022-02-24 16:56:36,779 [pool-506-thread-1] INFO  server.RaftServerConfigKeys (ConfUtils.java:logGet(44)) - raft.server.log.queue.element-limit = 1024 (custom)
2022-02-24 16:56:36,779 [pool-506-thread-1] INFO  server.RaftServerConfigKeys (ConfUtils.java:logGet(44)) - raft.server.log.segment.size.max = 1048576 (custom)
2022-02-24 16:56:36,779 [pool-506-thread-1] INFO  server.RaftServerConfigKeys (ConfUtils.java:logGet(44)) - raft.server.log.preallocated.size = 16384 (custom)
2022-02-24 16:56:36,779 [pool-506-thread-1] INFO  server.RaftServerConfigKeys (ConfUtils.java:logGet(44)) - raft.server.log.force.sync.num = 128 (default)
2022-02-24 16:56:36,779 [pool-506-thread-1] INFO  server.RaftServerConfigKeys (ConfUtils.java:logGet(44)) - raft.server.log.statemachine.data.sync = true (default)
2022-02-24 16:56:36,779 [pool-506-thread-1] INFO  server.RaftServerConfigKeys (ConfUtils.java:logGet(44)) - raft.server.log.statemachine.data.sync.timeout = 10s (default)
2022-02-24 16:56:36,780 [pool-506-thread-1] INFO  server.RaftServerConfigKeys (ConfUtils.java:logGet(44)) - raft.server.log.statemachine.data.sync.timeout.retry = -1 (default)
2022-02-24 16:56:36,819 [Listener at 127.0.0.1/44987] INFO  server.session (DefaultSessionIdManager.java:doStart(334)) - DefaultSessionIdManager workerName=node0
2022-02-24 16:56:36,819 [Listener at 127.0.0.1/44987] INFO  server.session (DefaultSessionIdManager.java:doStart(339)) - No SessionScavenger set, using defaults
2022-02-24 16:56:36,820 [Listener at 127.0.0.1/44987] INFO  server.session (HouseKeeper.java:startScavenging(132)) - node0 Scavenging every 600000ms
2022-02-24 16:56:36,821 [Listener at 127.0.0.1/44987] INFO  handler.ContextHandler (ContextHandler.java:doStart(915)) - Started o.e.j.s.ServletContextHandler@57fa8ccd{logs,/logs,file:///home/runner/work/ozone/ozone/hadoop-ozone/integration-test/target/log,AVAILABLE}
2022-02-24 16:56:36,821 [Listener at 127.0.0.1/44987] INFO  handler.ContextHandler (ContextHandler.java:doStart(915)) - Started o.e.j.s.ServletContextHandler@7537a43a{static,/static,jar:file:/home/runner/.m2/repository/org/apache/ozone/hdds-container-service/1.3.0-SNAPSHOT/hdds-container-service-1.3.0-SNAPSHOT.jar!/webapps/static,AVAILABLE}
2022-02-24 16:56:36,823 [pool-506-thread-1] INFO  server.RaftServerConfigKeys (ConfUtils.java:logGet(44)) - raft.server.log.write.buffer.size = 1048576 (custom)
2022-02-24 16:56:36,824 [pool-506-thread-1] INFO  server.RaftServerConfigKeys (ConfUtils.java:logGet(44)) - raft.server.log.statemachine.data.caching.enabled = true (custom)
2022-02-24 16:56:36,824 [pool-506-thread-1] INFO  server.RaftServer$Division (ServerState.java:setRaftConf(387)) - cf3a7bfa-0a59-4cf0-978b-44f71b96abbc@group-941F5D11DA8E: set configuration 0: [cf3a7bfa-0a59-4cf0-978b-44f71b96abbc|rpc:10.1.0.37:40183|dataStream:|priority:1], old=null
2022-02-24 16:56:36,825 [pool-506-thread-1] INFO  segmented.LogSegment (LogSegment.java:loadSegment(173)) - Successfully read 12 entries from segment file /home/runner/work/ozone/ozone/hadoop-ozone/integration-test/target/test-dir/MiniOzoneClusterImpl-a9e0dedd-d836-4895-9472-52c2256152d3/datanode-1/data/ratis/491b94e5-b470-455f-9927-941f5d11da8e/current/log_inprogress_0
2022-02-24 16:56:36,825 [pool-506-thread-1] INFO  segmented.SegmentedRaftLogWorker (SegmentedRaftLogWorker.java:lambda$new$0(133)) - cf3a7bfa-0a59-4cf0-978b-44f71b96abbc@group-941F5D11DA8E-SegmentedRaftLogWorker: flushIndex: setUnconditionally 0 -> 11
2022-02-24 16:56:36,825 [pool-506-thread-1] INFO  segmented.SegmentedRaftLogWorker (SegmentedRaftLogWorker.java:lambda$new$0(133)) - cf3a7bfa-0a59-4cf0-978b-44f71b96abbc@group-941F5D11DA8E-SegmentedRaftLogWorker: safeCacheEvictIndex: setUnconditionally 0 -> -1
2022-02-24 16:56:36,831 [pool-506-thread-1] INFO  raftlog.RaftLog (RaftLogBase.java:lambda$new$0(53)) - cf3a7bfa-0a59-4cf0-978b-44f71b96abbc@group-941F5D11DA8E-SegmentedRaftLog: commitIndex: updateToMax old=11, new=10, updated? false
2022-02-24 16:56:36,831 [pool-506-thread-1] INFO  server.RaftServerConfigKeys (ConfUtils.java:logGet(44)) - raft.server.snapshot.auto.trigger.enabled = true (custom)
2022-02-24 16:56:36,831 [pool-506-thread-1] INFO  server.RaftServerConfigKeys (ConfUtils.java:logGet(44)) - raft.server.snapshot.auto.trigger.threshold = 10000 (custom)
2022-02-24 16:56:36,831 [pool-506-thread-1] INFO  server.RaftServerConfigKeys (ConfUtils.java:logGet(44)) - raft.server.snapshot.retention.file.num = 5 (custom)
2022-02-24 16:56:36,831 [pool-506-thread-1] INFO  server.RaftServerConfigKeys (ConfUtils.java:logGet(44)) - raft.server.log.purge.upto.snapshot.index = false (default)
2022-02-24 16:56:36,831 [pool-506-thread-1] INFO  server.RaftServerConfigKeys (ConfUtils.java:logGet(44)) - raft.server.retrycache.expirytime = 600000ms (custom)
2022-02-24 16:56:36,831 [pool-506-thread-1] INFO  server.RaftServerConfigKeys (ConfUtils.java:logGet(44)) - raft.server.retrycache.statistics.expirytime = 100μs (default)
2022-02-24 16:56:36,833 [pool-506-thread-1] INFO  server.RaftServer$Division (RaftServerImpl.java:<init>(184)) - cf3a7bfa-0a59-4cf0-978b-44f71b96abbc: new RaftServerImpl for group-9C1E72ACA101:[] with ContainerStateMachine:uninitialized
2022-02-24 16:56:36,833 [pool-506-thread-1] INFO  server.RaftServerConfigKeys (ConfUtils.java:logGet(44)) - raft.server.rpc.timeout.min = 5s (custom)
2022-02-24 16:56:36,833 [pool-506-thread-1] INFO  server.RaftServerConfigKeys (ConfUtils.java:logGet(44)) - raft.server.rpc.timeout.max = 5200ms (custom)
2022-02-24 16:56:36,833 [pool-506-thread-1] INFO  server.RaftServerConfigKeys (ConfUtils.java:logGet(44)) - raft.server.rpc.sleep.time = 25ms (default)
2022-02-24 16:56:36,833 [pool-506-thread-1] INFO  server.RaftServerConfigKeys (ConfUtils.java:logGet(44)) - raft.server.rpc.slowness.timeout = 300000ms (custom)
2022-02-24 16:56:36,833 [pool-506-thread-1] INFO  server.RaftServerConfigKeys (ConfUtils.java:logGet(44)) - raft.server.leaderelection.leader.step-down.wait-time = 10s (default)
2022-02-24 16:56:36,833 [pool-506-thread-1] INFO  server.RaftServerConfigKeys (ConfUtils.java:logGet(44)) - raft.server.sleep.deviation.threshold = 300ms (default)
2022-02-24 16:56:36,833 [pool-506-thread-1] INFO  server.RaftServerConfigKeys (ConfUtils.java:logGet(44)) - raft.server.log.appender.install.snapshot.enabled = false (custom)
2022-02-24 16:56:36,834 [pool-506-thread-1] INFO  server.RaftServer$Division (ServerState.java:<init>(105)) - cf3a7bfa-0a59-4cf0-978b-44f71b96abbc@group-9C1E72ACA101: ConfigurationManager, init=-1: [], old=null, confs=<EMPTY_MAP>
2022-02-24 16:56:36,834 [pool-506-thread-1] INFO  server.RaftServerConfigKeys (ConfUtils.java:logGet(44)) - raft.server.storage.dir = [/home/runner/work/ozone/ozone/hadoop-ozone/integration-test/target/test-dir/MiniOzoneClusterImpl-a9e0dedd-d836-4895-9472-52c2256152d3/datanode-1/data/ratis] (custom)
2022-02-24 16:56:36,834 [pool-506-thread-1] INFO  server.RaftServerConfigKeys (ConfUtils.java:logGet(44)) - raft.server.log.corruption.policy = EXCEPTION (default)
2022-02-24 16:56:36,834 [pool-506-thread-1] INFO  server.RaftServerConfigKeys (ConfUtils.java:logGet(44)) - raft.server.storage.free-space.min = 0MB (=0) (default)
2022-02-24 16:56:36,835 [pool-506-thread-1] INFO  storage.RaftStorageDirectory (RaftStorageDirectoryImpl.java:tryLock(230)) - Lock on /home/runner/work/ozone/ozone/hadoop-ozone/integration-test/target/test-dir/MiniOzoneClusterImpl-a9e0dedd-d836-4895-9472-52c2256152d3/datanode-1/data/ratis/b23504de-3ed0-4c19-82f8-9c1e72aca101/in_use.lock acquired by nodename 3150@fv-az59-243
2022-02-24 16:56:36,835 [pool-506-thread-1] INFO  storage.RaftStorage (RaftStorageImpl.java:analyzeAndRecoverStorage(110)) - Read RaftStorageMetadata{term=1, votedFor=b07270f0-c5b1-4afe-99f3-aa5758d6ba5c} from /home/runner/work/ozone/ozone/hadoop-ozone/integration-test/target/test-dir/MiniOzoneClusterImpl-a9e0dedd-d836-4895-9472-52c2256152d3/datanode-1/data/ratis/b23504de-3ed0-4c19-82f8-9c1e72aca101/current/raft-meta
2022-02-24 16:56:36,844 [pool-506-thread-1] INFO  ratis.ContainerStateMachine (ContainerStateMachine.java:loadSnapshot(245)) - group-9C1E72ACA101: Setting the last applied index to (t:1, i:0)
2022-02-24 16:56:36,844 [pool-506-thread-1] INFO  server.RaftServer$Division (ServerState.java:setRaftConf(387)) - cf3a7bfa-0a59-4cf0-978b-44f71b96abbc@group-9C1E72ACA101: set configuration 0: [b07270f0-c5b1-4afe-99f3-aa5758d6ba5c|rpc:10.1.0.37:45647|dataStream:|priority:1, 2a15bd7e-7896-4db0-9e08-f7464bcd33ee|rpc:10.1.0.37:41995|dataStream:|priority:0, cf3a7bfa-0a59-4cf0-978b-44f71b96abbc|rpc:10.1.0.37:40183|dataStream:|priority:0], old=null
2022-02-24 16:56:36,844 [pool-506-thread-1] INFO  server.RaftServerConfigKeys (ConfUtils.java:logGet(44)) - raft.server.notification.no-leader.timeout = 300000ms (custom)
2022-02-24 16:56:36,844 [pool-506-thread-1] INFO  server.RaftServerConfigKeys (ConfUtils.java:logGet(44)) - raft.server.log.use.memory = false (default)
2022-02-24 16:56:36,845 [pool-506-thread-1] INFO  server.RaftServerConfigKeys (ConfUtils.java:logGet(44)) - raft.server.log.purge.gap = 1000000 (custom)
2022-02-24 16:56:36,845 [pool-506-thread-1] INFO  server.RaftServerConfigKeys (ConfUtils.java:logGet(44)) - raft.server.log.appender.buffer.byte-limit = 33554432 (custom)
2022-02-24 16:56:36,845 [pool-506-thread-1] INFO  server.RaftServerConfigKeys (ConfUtils.java:logGet(44)) - raft.server.log.segment.size.max = 1048576 (custom)
2022-02-24 16:56:36,845 [pool-506-thread-1] INFO  server.RaftServerConfigKeys (ConfUtils.java:logGet(44)) - raft.server.log.segment.cache.num.max = 2 (custom)
2022-02-24 16:56:36,845 [pool-506-thread-1] INFO  server.RaftServerConfigKeys (ConfUtils.java:logGet(44)) - raft.server.log.segment.cache.size.max = 200MB (=209715200) (default)
2022-02-24 16:56:36,845 [pool-506-thread-1] INFO  segmented.SegmentedRaftLogWorker (SegmentedRaftLogWorker.java:<init>(182)) - new cf3a7bfa-0a59-4cf0-978b-44f71b96abbc@group-9C1E72ACA101-SegmentedRaftLogWorker for RaftStorageImpl:Storage Directory /home/runner/work/ozone/ozone/hadoop-ozone/integration-test/target/test-dir/MiniOzoneClusterImpl-a9e0dedd-d836-4895-9472-52c2256152d3/datanode-1/data/ratis/b23504de-3ed0-4c19-82f8-9c1e72aca101
2022-02-24 16:56:36,851 [pool-506-thread-1] INFO  server.RaftServerConfigKeys (ConfUtils.java:logGet(44)) - raft.server.log.queue.byte-limit = 4294967296 (custom)
2022-02-24 16:56:36,851 [pool-506-thread-1] INFO  server.RaftServerConfigKeys (ConfUtils.java:logGet(44)) - raft.server.log.queue.element-limit = 1024 (custom)
2022-02-24 16:56:36,851 [pool-506-thread-1] INFO  server.RaftServerConfigKeys (ConfUtils.java:logGet(44)) - raft.server.log.segment.size.max = 1048576 (custom)
2022-02-24 16:56:36,851 [pool-506-thread-1] INFO  server.RaftServerConfigKeys (ConfUtils.java:logGet(44)) - raft.server.log.preallocated.size = 16384 (custom)
2022-02-24 16:56:36,851 [pool-506-thread-1] INFO  server.RaftServerConfigKeys (ConfUtils.java:logGet(44)) - raft.server.log.force.sync.num = 128 (default)
2022-02-24 16:56:36,851 [pool-506-thread-1] INFO  server.RaftServerConfigKeys (ConfUtils.java:logGet(44)) - raft.server.log.statemachine.data.sync = true (default)
2022-02-24 16:56:36,851 [pool-506-thread-1] INFO  server.RaftServerConfigKeys (ConfUtils.java:logGet(44)) - raft.server.log.statemachine.data.sync.timeout = 10s (default)
2022-02-24 16:56:36,851 [pool-506-thread-1] INFO  server.RaftServerConfigKeys (ConfUtils.java:logGet(44)) - raft.server.log.statemachine.data.sync.timeout.retry = -1 (default)
2022-02-24 16:56:36,852 [pool-506-thread-1] INFO  server.RaftServerConfigKeys (ConfUtils.java:logGet(44)) - raft.server.log.write.buffer.size = 1048576 (custom)
2022-02-24 16:56:36,852 [pool-506-thread-1] INFO  server.RaftServerConfigKeys (ConfUtils.java:logGet(44)) - raft.server.log.statemachine.data.caching.enabled = true (custom)
2022-02-24 16:56:36,853 [pool-506-thread-1] INFO  server.RaftServer$Division (ServerState.java:setRaftConf(387)) - cf3a7bfa-0a59-4cf0-978b-44f71b96abbc@group-9C1E72ACA101: set configuration 0: [b07270f0-c5b1-4afe-99f3-aa5758d6ba5c|rpc:10.1.0.37:45647|dataStream:|priority:1, 2a15bd7e-7896-4db0-9e08-f7464bcd33ee|rpc:10.1.0.37:41995|dataStream:|priority:0, cf3a7bfa-0a59-4cf0-978b-44f71b96abbc|rpc:10.1.0.37:40183|dataStream:|priority:0], old=null
2022-02-24 16:56:36,853 [pool-506-thread-1] INFO  segmented.LogSegment (LogSegment.java:loadSegment(173)) - Successfully read 1 entries from segment file /home/runner/work/ozone/ozone/hadoop-ozone/integration-test/target/test-dir/MiniOzoneClusterImpl-a9e0dedd-d836-4895-9472-52c2256152d3/datanode-1/data/ratis/b23504de-3ed0-4c19-82f8-9c1e72aca101/current/log_inprogress_0
2022-02-24 16:56:36,853 [pool-506-thread-1] INFO  segmented.SegmentedRaftLogWorker (SegmentedRaftLogWorker.java:lambda$new$0(133)) - cf3a7bfa-0a59-4cf0-978b-44f71b96abbc@group-9C1E72ACA101-SegmentedRaftLogWorker: flushIndex: setUnconditionally 0 -> 0
2022-02-24 16:56:36,853 [pool-506-thread-1] INFO  segmented.SegmentedRaftLogWorker (SegmentedRaftLogWorker.java:lambda$new$0(133)) - cf3a7bfa-0a59-4cf0-978b-44f71b96abbc@group-9C1E72ACA101-SegmentedRaftLogWorker: safeCacheEvictIndex: setUnconditionally 0 -> -1
2022-02-24 16:56:36,853 [pool-506-thread-1] INFO  server.RaftServerConfigKeys (ConfUtils.java:logGet(44)) - raft.server.snapshot.auto.trigger.enabled = true (custom)
2022-02-24 16:56:36,853 [pool-506-thread-1] INFO  server.RaftServerConfigKeys (ConfUtils.java:logGet(44)) - raft.server.snapshot.auto.trigger.threshold = 10000 (custom)
2022-02-24 16:56:36,853 [pool-506-thread-1] INFO  server.RaftServerConfigKeys (ConfUtils.java:logGet(44)) - raft.server.snapshot.retention.file.num = 5 (custom)
2022-02-24 16:56:36,862 [pool-506-thread-1] INFO  server.RaftServerConfigKeys (ConfUtils.java:logGet(44)) - raft.server.log.purge.upto.snapshot.index = false (default)
2022-02-24 16:56:36,862 [pool-506-thread-1] INFO  server.RaftServerConfigKeys (ConfUtils.java:logGet(44)) - raft.server.retrycache.expirytime = 600000ms (custom)
2022-02-24 16:56:36,862 [pool-506-thread-1] INFO  server.RaftServerConfigKeys (ConfUtils.java:logGet(44)) - raft.server.retrycache.statistics.expirytime = 100μs (default)
2022-02-24 16:56:36,867 [pool-506-thread-1] INFO  server.RaftServer$Division (RaftServerImpl.java:<init>(184)) - cf3a7bfa-0a59-4cf0-978b-44f71b96abbc: new RaftServerImpl for group-29500492D057:[] with ContainerStateMachine:uninitialized
2022-02-24 16:56:36,867 [pool-506-thread-1] INFO  server.RaftServerConfigKeys (ConfUtils.java:logGet(44)) - raft.server.rpc.timeout.min = 5s (custom)
2022-02-24 16:56:36,867 [pool-506-thread-1] INFO  server.RaftServerConfigKeys (ConfUtils.java:logGet(44)) - raft.server.rpc.timeout.max = 5200ms (custom)
2022-02-24 16:56:36,867 [pool-506-thread-1] INFO  server.RaftServerConfigKeys (ConfUtils.java:logGet(44)) - raft.server.rpc.sleep.time = 25ms (default)
2022-02-24 16:56:36,868 [pool-506-thread-1] INFO  server.RaftServerConfigKeys (ConfUtils.java:logGet(44)) - raft.server.rpc.slowness.timeout = 300000ms (custom)
2022-02-24 16:56:36,868 [pool-506-thread-1] INFO  server.RaftServerConfigKeys (ConfUtils.java:logGet(44)) - raft.server.leaderelection.leader.step-down.wait-time = 10s (default)
2022-02-24 16:56:36,868 [pool-506-thread-1] INFO  server.RaftServerConfigKeys (ConfUtils.java:logGet(44)) - raft.server.sleep.deviation.threshold = 300ms (default)
2022-02-24 16:56:36,868 [pool-506-thread-1] INFO  server.RaftServerConfigKeys (ConfUtils.java:logGet(44)) - raft.server.log.appender.install.snapshot.enabled = false (custom)
2022-02-24 16:56:36,868 [pool-506-thread-1] INFO  server.RaftServer$Division (ServerState.java:<init>(105)) - cf3a7bfa-0a59-4cf0-978b-44f71b96abbc@group-29500492D057: ConfigurationManager, init=-1: [], old=null, confs=<EMPTY_MAP>
2022-02-24 16:56:36,868 [pool-506-thread-1] INFO  server.RaftServerConfigKeys (ConfUtils.java:logGet(44)) - raft.server.storage.dir = [/home/runner/work/ozone/ozone/hadoop-ozone/integration-test/target/test-dir/MiniOzoneClusterImpl-a9e0dedd-d836-4895-9472-52c2256152d3/datanode-1/data/ratis] (custom)
2022-02-24 16:56:36,879 [pool-506-thread-1] INFO  server.RaftServerConfigKeys (ConfUtils.java:logGet(44)) - raft.server.log.corruption.policy = EXCEPTION (default)
2022-02-24 16:56:36,879 [pool-506-thread-1] INFO  server.RaftServerConfigKeys (ConfUtils.java:logGet(44)) - raft.server.storage.free-space.min = 0MB (=0) (default)
2022-02-24 16:56:36,881 [pool-506-thread-1] INFO  storage.RaftStorageDirectory (RaftStorageDirectoryImpl.java:tryLock(230)) - Lock on /home/runner/work/ozone/ozone/hadoop-ozone/integration-test/target/test-dir/MiniOzoneClusterImpl-a9e0dedd-d836-4895-9472-52c2256152d3/datanode-1/data/ratis/9f1d42e2-676d-4b4b-b843-29500492d057/in_use.lock acquired by nodename 3150@fv-az59-243
2022-02-24 16:56:36,881 [pool-506-thread-1] INFO  storage.RaftStorage (RaftStorageImpl.java:analyzeAndRecoverStorage(110)) - Read RaftStorageMetadata{term=2, votedFor=cf3a7bfa-0a59-4cf0-978b-44f71b96abbc} from /home/runner/work/ozone/ozone/hadoop-ozone/integration-test/target/test-dir/MiniOzoneClusterImpl-a9e0dedd-d836-4895-9472-52c2256152d3/datanode-1/data/ratis/9f1d42e2-676d-4b4b-b843-29500492d057/current/raft-meta
2022-02-24 16:56:36,882 [pool-506-thread-1] INFO  ratis.ContainerStateMachine (ContainerStateMachine.java:loadSnapshot(245)) - group-29500492D057: Setting the last applied index to (t:2, i:0)
2022-02-24 16:56:36,882 [pool-506-thread-1] INFO  server.RaftServer$Division (ServerState.java:setRaftConf(387)) - cf3a7bfa-0a59-4cf0-978b-44f71b96abbc@group-29500492D057: set configuration 0: [b07270f0-c5b1-4afe-99f3-aa5758d6ba5c|rpc:10.1.0.37:45647|dataStream:|priority:0, 2a15bd7e-7896-4db0-9e08-f7464bcd33ee|rpc:10.1.0.37:41995|dataStream:|priority:0, cf3a7bfa-0a59-4cf0-978b-44f71b96abbc|rpc:10.1.0.37:40183|dataStream:|priority:1], old=null
2022-02-24 16:56:36,882 [pool-506-thread-1] INFO  server.RaftServerConfigKeys (ConfUtils.java:logGet(44)) - raft.server.notification.no-leader.timeout = 300000ms (custom)
2022-02-24 16:56:36,882 [pool-506-thread-1] INFO  server.RaftServerConfigKeys (ConfUtils.java:logGet(44)) - raft.server.log.use.memory = false (default)
2022-02-24 16:56:36,882 [pool-506-thread-1] INFO  server.RaftServerConfigKeys (ConfUtils.java:logGet(44)) - raft.server.log.purge.gap = 1000000 (custom)
2022-02-24 16:56:36,882 [pool-506-thread-1] INFO  server.RaftServerConfigKeys (ConfUtils.java:logGet(44)) - raft.server.log.appender.buffer.byte-limit = 33554432 (custom)
2022-02-24 16:56:36,882 [pool-506-thread-1] INFO  server.RaftServerConfigKeys (ConfUtils.java:logGet(44)) - raft.server.log.segment.size.max = 1048576 (custom)
2022-02-24 16:56:36,883 [pool-506-thread-1] INFO  server.RaftServerConfigKeys (ConfUtils.java:logGet(44)) - raft.server.log.segment.cache.num.max = 2 (custom)
2022-02-24 16:56:36,883 [pool-506-thread-1] INFO  server.RaftServerConfigKeys (ConfUtils.java:logGet(44)) - raft.server.log.segment.cache.size.max = 200MB (=209715200) (default)
2022-02-24 16:56:36,883 [pool-506-thread-1] INFO  segmented.SegmentedRaftLogWorker (SegmentedRaftLogWorker.java:<init>(182)) - new cf3a7bfa-0a59-4cf0-978b-44f71b96abbc@group-29500492D057-SegmentedRaftLogWorker for RaftStorageImpl:Storage Directory /home/runner/work/ozone/ozone/hadoop-ozone/integration-test/target/test-dir/MiniOzoneClusterImpl-a9e0dedd-d836-4895-9472-52c2256152d3/datanode-1/data/ratis/9f1d42e2-676d-4b4b-b843-29500492d057
2022-02-24 16:56:36,884 [pool-506-thread-1] INFO  server.RaftServerConfigKeys (ConfUtils.java:logGet(44)) - raft.server.log.queue.byte-limit = 4294967296 (custom)
2022-02-24 16:56:36,884 [pool-506-thread-1] INFO  server.RaftServerConfigKeys (ConfUtils.java:logGet(44)) - raft.server.log.queue.element-limit = 1024 (custom)
2022-02-24 16:56:36,884 [pool-506-thread-1] INFO  server.RaftServerConfigKeys (ConfUtils.java:logGet(44)) - raft.server.log.segment.size.max = 1048576 (custom)
2022-02-24 16:56:36,884 [pool-506-thread-1] INFO  server.RaftServerConfigKeys (ConfUtils.java:logGet(44)) - raft.server.log.preallocated.size = 16384 (custom)
2022-02-24 16:56:36,884 [pool-506-thread-1] INFO  server.RaftServerConfigKeys (ConfUtils.java:logGet(44)) - raft.server.log.force.sync.num = 128 (default)
2022-02-24 16:56:36,908 [pool-506-thread-1] INFO  server.RaftServerConfigKeys (ConfUtils.java:logGet(44)) - raft.server.log.statemachine.data.sync = true (default)
2022-02-24 16:56:36,908 [pool-506-thread-1] INFO  server.RaftServerConfigKeys (ConfUtils.java:logGet(44)) - raft.server.log.statemachine.data.sync.timeout = 10s (default)
2022-02-24 16:56:36,908 [pool-506-thread-1] INFO  server.RaftServerConfigKeys (ConfUtils.java:logGet(44)) - raft.server.log.statemachine.data.sync.timeout.retry = -1 (default)
2022-02-24 16:56:36,909 [pool-506-thread-1] INFO  server.RaftServerConfigKeys (ConfUtils.java:logGet(44)) - raft.server.log.write.buffer.size = 1048576 (custom)
2022-02-24 16:56:36,910 [pool-506-thread-1] INFO  server.RaftServerConfigKeys (ConfUtils.java:logGet(44)) - raft.server.log.statemachine.data.caching.enabled = true (custom)
2022-02-24 16:56:36,915 [pool-506-thread-1] INFO  server.RaftServer$Division (ServerState.java:setRaftConf(387)) - cf3a7bfa-0a59-4cf0-978b-44f71b96abbc@group-29500492D057: set configuration 0: [b07270f0-c5b1-4afe-99f3-aa5758d6ba5c|rpc:10.1.0.37:45647|dataStream:|priority:0, 2a15bd7e-7896-4db0-9e08-f7464bcd33ee|rpc:10.1.0.37:41995|dataStream:|priority:0, cf3a7bfa-0a59-4cf0-978b-44f71b96abbc|rpc:10.1.0.37:40183|dataStream:|priority:1], old=null
2022-02-24 16:56:36,915 [pool-506-thread-1] INFO  segmented.LogSegment (LogSegment.java:loadSegment(173)) - Successfully read 1 entries from segment file /home/runner/work/ozone/ozone/hadoop-ozone/integration-test/target/test-dir/MiniOzoneClusterImpl-a9e0dedd-d836-4895-9472-52c2256152d3/datanode-1/data/ratis/9f1d42e2-676d-4b4b-b843-29500492d057/current/log_inprogress_0
2022-02-24 16:56:36,916 [pool-506-thread-1] INFO  segmented.SegmentedRaftLogWorker (SegmentedRaftLogWorker.java:lambda$new$0(133)) - cf3a7bfa-0a59-4cf0-978b-44f71b96abbc@group-29500492D057-SegmentedRaftLogWorker: flushIndex: setUnconditionally 0 -> 0
2022-02-24 16:56:36,916 [pool-506-thread-1] INFO  segmented.SegmentedRaftLogWorker (SegmentedRaftLogWorker.java:lambda$new$0(133)) - cf3a7bfa-0a59-4cf0-978b-44f71b96abbc@group-29500492D057-SegmentedRaftLogWorker: safeCacheEvictIndex: setUnconditionally 0 -> -1
2022-02-24 16:56:36,939 [pool-506-thread-1] INFO  server.RaftServerConfigKeys (ConfUtils.java:logGet(44)) - raft.server.snapshot.auto.trigger.enabled = true (custom)
2022-02-24 16:56:36,939 [pool-506-thread-1] INFO  server.RaftServerConfigKeys (ConfUtils.java:logGet(44)) - raft.server.snapshot.auto.trigger.threshold = 10000 (custom)
2022-02-24 16:56:36,939 [pool-506-thread-1] INFO  server.RaftServerConfigKeys (ConfUtils.java:logGet(44)) - raft.server.snapshot.retention.file.num = 5 (custom)
2022-02-24 16:56:36,939 [pool-506-thread-1] INFO  server.RaftServerConfigKeys (ConfUtils.java:logGet(44)) - raft.server.log.purge.upto.snapshot.index = false (default)
2022-02-24 16:56:36,939 [pool-506-thread-1] INFO  server.RaftServerConfigKeys (ConfUtils.java:logGet(44)) - raft.server.retrycache.expirytime = 600000ms (custom)
2022-02-24 16:56:36,939 [pool-506-thread-1] INFO  server.RaftServerConfigKeys (ConfUtils.java:logGet(44)) - raft.server.retrycache.statistics.expirytime = 100μs (default)
2022-02-24 16:56:37,024 [Listener at 127.0.0.1/44987] INFO  handler.ContextHandler (ContextHandler.java:doStart(915)) - Started o.e.j.w.WebAppContext@67dc5e7b{hddsDatanode,/,file:///tmp/jetty-0_0_0_0-41679-hdds-container-service-1_3_0-SNAPSHOT_jar-_-any-4087069457627601870/webapp/,AVAILABLE}{jar:file:/home/runner/.m2/repository/org/apache/ozone/hdds-container-service/1.3.0-SNAPSHOT/hdds-container-service-1.3.0-SNAPSHOT.jar!/webapps/hddsDatanode}
2022-02-24 16:56:37,048 [Listener at 127.0.0.1/44987] INFO  server.AbstractConnector (AbstractConnector.java:doStart(331)) - Started ServerConnector@4fd162{HTTP/1.1, (http/1.1)}{0.0.0.0:41679}
2022-02-24 16:56:37,049 [Listener at 127.0.0.1/44987] INFO  server.Server (Server.java:doStart(415)) - Started @161680ms
2022-02-24 16:56:37,049 [Listener at 127.0.0.1/44987] WARN  impl.MetricsSystemImpl (MetricsSystemImpl.java:register(279)) - Sink prometheus already exists!
2022-02-24 16:56:37,051 [Listener at 127.0.0.1/44987] INFO  http.BaseHttpServer (BaseHttpServer.java:updateConnectorAddress(329)) - HTTP server of hddsDatanode listening at http://0.0.0.0:41679
2022-02-24 16:56:37,057 [Listener at 127.0.0.1/44987] INFO  ozone.MiniOzoneClusterImpl (MiniOzoneClusterImpl.java:lambda$waitForClusterToBeReady$0(219)) - Waiting for nodes to be ready. Got 6 of 7 DN Heartbeats.
2022-02-24 16:56:37,057 [Listener at 127.0.0.1/44987] INFO  ozone.MiniOzoneClusterImpl (MiniOzoneClusterImpl.java:lambda$waitForClusterToBeReady$0(222)) - Cluster exits safe mode
2022-02-24 16:56:37,057 [Listener at 127.0.0.1/44987] INFO  ozone.MiniOzoneClusterImpl (MiniOzoneClusterImpl.java:lambda$waitForClusterToBeReady$0(224)) - SCM became leader
2022-02-24 16:56:37,059 [Datanode State Machine Daemon Thread] INFO  statemachine.DatanodeStateMachine (DatanodeStateMachine.java:lambda$startDaemon$0(470)) - Ozone container server started.
2022-02-24 16:56:37,148 [org.apache.hadoop.util.JvmPauseMonitor$Monitor@137024fb] INFO  util.JvmPauseMonitor (JvmPauseMonitor.java:run(188)) - Starting JVM pause monitor
2022-02-24 16:56:38,057 [Listener at 127.0.0.1/44987] INFO  ozone.MiniOzoneClusterImpl (MiniOzoneClusterImpl.java:lambda$waitForClusterToBeReady$0(219)) - Waiting for nodes to be ready. Got 6 of 7 DN Heartbeats.
2022-02-24 16:56:38,058 [Listener at 127.0.0.1/44987] INFO  ozone.MiniOzoneClusterImpl (MiniOzoneClusterImpl.java:lambda$waitForClusterToBeReady$0(222)) - Cluster exits safe mode
2022-02-24 16:56:38,058 [Listener at 127.0.0.1/44987] INFO  ozone.MiniOzoneClusterImpl (MiniOzoneClusterImpl.java:lambda$waitForClusterToBeReady$0(224)) - SCM became leader
2022-02-24 16:56:39,058 [Listener at 127.0.0.1/44987] INFO  ozone.MiniOzoneClusterImpl (MiniOzoneClusterImpl.java:lambda$waitForClusterToBeReady$0(219)) - Waiting for nodes to be ready. Got 6 of 7 DN Heartbeats.
2022-02-24 16:56:39,058 [Listener at 127.0.0.1/44987] INFO  ozone.MiniOzoneClusterImpl (MiniOzoneClusterImpl.java:lambda$waitForClusterToBeReady$0(222)) - Cluster exits safe mode
2022-02-24 16:56:39,058 [Listener at 127.0.0.1/44987] INFO  ozone.MiniOzoneClusterImpl (MiniOzoneClusterImpl.java:lambda$waitForClusterToBeReady$0(224)) - SCM became leader
2022-02-24 16:56:39,158 [EndpointStateMachine task thread for /0.0.0.0:33111 - 0 ] INFO  ozoneimpl.OzoneContainer (OzoneContainer.java:start(335)) - Attempting to start container services.
2022-02-24 16:56:39,158 [EndpointStateMachine task thread for /0.0.0.0:33111 - 0 ] INFO  ozoneimpl.OzoneContainer (OzoneContainer.java:startContainerScrub(270)) - Background container scanner has been disabled.
2022-02-24 16:56:39,160 [EndpointStateMachine task thread for /0.0.0.0:33111 - 0 ] INFO  replication.ReplicationServer (ReplicationServer.java:start(111)) - ReplicationServer is started using port 44193
2022-02-24 16:56:39,167 [EndpointStateMachine task thread for /0.0.0.0:33111 - 0 ] INFO  ratis.XceiverServerRatis (XceiverServerRatis.java:start(485)) - Starting XceiverServerRatis cf3a7bfa-0a59-4cf0-978b-44f71b96abbc
2022-02-24 16:56:39,208 [EndpointStateMachine task thread for /0.0.0.0:33111 - 0 ] INFO  server.RaftServer$Division (RaftServerImpl.java:start(304)) - cf3a7bfa-0a59-4cf0-978b-44f71b96abbc@group-F4FF6A221EE2: start with initializing state, conf=-1: [], old=null
2022-02-24 16:56:39,208 [EndpointStateMachine task thread for /0.0.0.0:33111 - 0 ] INFO  server.RaftServer$Division (RaftServerImpl.java:setRole(290)) - cf3a7bfa-0a59-4cf0-978b-44f71b96abbc@group-F4FF6A221EE2: changes role from      null to FOLLOWER at term 2 for startInitializing
2022-02-24 16:56:39,209 [EndpointStateMachine task thread for /0.0.0.0:33111 - 0 ] INFO  util.JmxRegister (JmxRegister.java:tryRegister(44)) - Successfully registered JMX Bean with object name Ratis:service=RaftServer,group=group-F4FF6A221EE2,id=cf3a7bfa-0a59-4cf0-978b-44f71b96abbc
2022-02-24 16:56:39,209 [ForkJoinPool.commonPool-worker-1] INFO  server.RaftServer$Division (RaftServerImpl.java:start(301)) - cf3a7bfa-0a59-4cf0-978b-44f71b96abbc@group-9C1E72ACA101: start as a follower, conf=0: [b07270f0-c5b1-4afe-99f3-aa5758d6ba5c|rpc:10.1.0.37:45647|dataStream:|priority:1, 2a15bd7e-7896-4db0-9e08-f7464bcd33ee|rpc:10.1.0.37:41995|dataStream:|priority:0, cf3a7bfa-0a59-4cf0-978b-44f71b96abbc|rpc:10.1.0.37:40183|dataStream:|priority:0], old=null
2022-02-24 16:56:39,210 [ForkJoinPool.commonPool-worker-1] INFO  server.RaftServer$Division (RaftServerImpl.java:setRole(290)) - cf3a7bfa-0a59-4cf0-978b-44f71b96abbc@group-9C1E72ACA101: changes role from      null to FOLLOWER at term 1 for startAsFollower
2022-02-24 16:56:39,210 [EndpointStateMachine task thread for /0.0.0.0:33111 - 0 ] INFO  server.RaftServer$Division (RaftServerImpl.java:start(301)) - cf3a7bfa-0a59-4cf0-978b-44f71b96abbc@group-29500492D057: start as a follower, conf=0: [b07270f0-c5b1-4afe-99f3-aa5758d6ba5c|rpc:10.1.0.37:45647|dataStream:|priority:0, 2a15bd7e-7896-4db0-9e08-f7464bcd33ee|rpc:10.1.0.37:41995|dataStream:|priority:0, cf3a7bfa-0a59-4cf0-978b-44f71b96abbc|rpc:10.1.0.37:40183|dataStream:|priority:1], old=null
2022-02-24 16:56:39,210 [EndpointStateMachine task thread for /0.0.0.0:33111 - 0 ] INFO  server.RaftServer$Division (RaftServerImpl.java:setRole(290)) - cf3a7bfa-0a59-4cf0-978b-44f71b96abbc@group-29500492D057: changes role from      null to FOLLOWER at term 2 for startAsFollower
2022-02-24 16:56:39,210 [EndpointStateMachine task thread for /0.0.0.0:33111 - 0 ] INFO  impl.RoleInfo (RoleInfo.java:updateAndGet(130)) - cf3a7bfa-0a59-4cf0-978b-44f71b96abbc: start cf3a7bfa-0a59-4cf0-978b-44f71b96abbc@group-29500492D057-FollowerState
2022-02-24 16:56:39,210 [EndpointStateMachine task thread for /0.0.0.0:33111 - 0 ] INFO  util.JmxRegister (JmxRegister.java:tryRegister(44)) - Successfully registered JMX Bean with object name Ratis:service=RaftServer,group=group-29500492D057,id=cf3a7bfa-0a59-4cf0-978b-44f71b96abbc
2022-02-24 16:56:39,214 [EndpointStateMachine task thread for /0.0.0.0:33111 - 0 ] INFO  server.RaftServer$Division (RaftServerImpl.java:start(301)) - cf3a7bfa-0a59-4cf0-978b-44f71b96abbc@group-941F5D11DA8E: start as a follower, conf=0: [cf3a7bfa-0a59-4cf0-978b-44f71b96abbc|rpc:10.1.0.37:40183|dataStream:|priority:1], old=null
2022-02-24 16:56:39,214 [EndpointStateMachine task thread for /0.0.0.0:33111 - 0 ] INFO  server.RaftServer$Division (RaftServerImpl.java:setRole(290)) - cf3a7bfa-0a59-4cf0-978b-44f71b96abbc@group-941F5D11DA8E: changes role from      null to FOLLOWER at term 1 for startAsFollower
2022-02-24 16:56:39,214 [EndpointStateMachine task thread for /0.0.0.0:33111 - 0 ] INFO  impl.RoleInfo (RoleInfo.java:updateAndGet(130)) - cf3a7bfa-0a59-4cf0-978b-44f71b96abbc: start cf3a7bfa-0a59-4cf0-978b-44f71b96abbc@group-941F5D11DA8E-FollowerState
2022-02-24 16:56:39,215 [EndpointStateMachine task thread for /0.0.0.0:33111 - 0 ] INFO  util.JmxRegister (JmxRegister.java:tryRegister(44)) - Successfully registered JMX Bean with object name Ratis:service=RaftServer,group=group-941F5D11DA8E,id=cf3a7bfa-0a59-4cf0-978b-44f71b96abbc
2022-02-24 16:56:39,226 [ForkJoinPool.commonPool-worker-1] INFO  impl.RoleInfo (RoleInfo.java:updateAndGet(130)) - cf3a7bfa-0a59-4cf0-978b-44f71b96abbc: start cf3a7bfa-0a59-4cf0-978b-44f71b96abbc@group-9C1E72ACA101-FollowerState
2022-02-24 16:56:39,226 [ForkJoinPool.commonPool-worker-1] INFO  util.JmxRegister (JmxRegister.java:tryRegister(44)) - Successfully registered JMX Bean with object name Ratis:service=RaftServer,group=group-9C1E72ACA101,id=cf3a7bfa-0a59-4cf0-978b-44f71b96abbc
2022-02-24 16:56:39,227 [EndpointStateMachine task thread for /0.0.0.0:33111 - 0 ] INFO  server.RaftServer (RaftServerProxy.java:lambda$start$5(374)) - cf3a7bfa-0a59-4cf0-978b-44f71b96abbc: start RPC server
2022-02-24 16:56:39,227 [EndpointStateMachine task thread for /0.0.0.0:33111 - 0 ] INFO  server.GrpcService (GrpcService.java:startImpl(253)) - cf3a7bfa-0a59-4cf0-978b-44f71b96abbc: GrpcService started, listening on 40183
2022-02-24 16:56:39,228 [EndpointStateMachine task thread for /0.0.0.0:33111 - 0 ] INFO  ratis.XceiverServerRatis (XceiverServerRatis.java:getRealPort(506)) - XceiverServerRatis cf3a7bfa-0a59-4cf0-978b-44f71b96abbc is started using port 40183 for RATIS
2022-02-24 16:56:39,228 [EndpointStateMachine task thread for /0.0.0.0:33111 - 0 ] INFO  ratis.XceiverServerRatis (XceiverServerRatis.java:getRealPort(506)) - XceiverServerRatis cf3a7bfa-0a59-4cf0-978b-44f71b96abbc is started using port 40183 for RATIS_ADMIN
2022-02-24 16:56:39,228 [EndpointStateMachine task thread for /0.0.0.0:33111 - 0 ] INFO  ratis.XceiverServerRatis (XceiverServerRatis.java:getRealPort(506)) - XceiverServerRatis cf3a7bfa-0a59-4cf0-978b-44f71b96abbc is started using port 40183 for RATIS_SERVER
2022-02-24 16:56:39,228 [org.apache.ratis.util.JvmPauseMonitor$$Lambda$431/1797702346@26c6d46e] INFO  util.JvmPauseMonitor (JvmPauseMonitor.java:run(103)) - JvmPauseMonitor-cf3a7bfa-0a59-4cf0-978b-44f71b96abbc: Started
2022-02-24 16:56:40,058 [Listener at 127.0.0.1/44987] INFO  ozone.MiniOzoneClusterImpl (MiniOzoneClusterImpl.java:lambda$waitForClusterToBeReady$0(219)) - Waiting for nodes to be ready. Got 6 of 7 DN Heartbeats.
2022-02-24 16:56:40,058 [Listener at 127.0.0.1/44987] INFO  ozone.MiniOzoneClusterImpl (MiniOzoneClusterImpl.java:lambda$waitForClusterToBeReady$0(222)) - Cluster exits safe mode
2022-02-24 16:56:40,058 [Listener at 127.0.0.1/44987] INFO  ozone.MiniOzoneClusterImpl (MiniOzoneClusterImpl.java:lambda$waitForClusterToBeReady$0(224)) - SCM became leader
2022-02-24 16:56:41,063 [Listener at 127.0.0.1/44987] INFO  ozone.MiniOzoneClusterImpl (MiniOzoneClusterImpl.java:lambda$waitForClusterToBeReady$0(219)) - Waiting for nodes to be ready. Got 6 of 7 DN Heartbeats.
2022-02-24 16:56:41,063 [Listener at 127.0.0.1/44987] INFO  ozone.MiniOzoneClusterImpl (MiniOzoneClusterImpl.java:lambda$waitForClusterToBeReady$0(222)) - Cluster exits safe mode
2022-02-24 16:56:41,063 [Listener at 127.0.0.1/44987] INFO  ozone.MiniOzoneClusterImpl (MiniOzoneClusterImpl.java:lambda$waitForClusterToBeReady$0(224)) - SCM became leader
2022-02-24 16:56:41,156 [EventQueue-PipelineReportForPipelineReportHandler] INFO  pipeline.PipelineReportHandler (PipelineReportHandler.java:processPipelineReport(113)) - Reported pipeline PipelineID=491b94e5-b470-455f-9927-941f5d11da8e is not found
2022-02-24 16:56:41,157 [EventQueue-PipelineReportForPipelineReportHandler] INFO  pipeline.PipelineReportHandler (PipelineReportHandler.java:processPipelineReport(113)) - Reported pipeline PipelineID=b23504de-3ed0-4c19-82f8-9c1e72aca101 is not found
2022-02-24 16:56:41,157 [EventQueue-PipelineReportForPipelineReportHandler] INFO  pipeline.PipelineReportHandler (PipelineReportHandler.java:processPipelineReport(113)) - Reported pipeline PipelineID=fc4ff8a0-a9fc-4bf1-a572-f4ff6a221ee2 is not found
2022-02-24 16:56:41,157 [EventQueue-PipelineReportForPipelineReportHandler] INFO  pipeline.PipelineReportHandler (PipelineReportHandler.java:processPipelineReport(113)) - Reported pipeline PipelineID=9f1d42e2-676d-4b4b-b843-29500492d057 is not found
2022-02-24 16:56:42,063 [Listener at 127.0.0.1/44987] INFO  ozone.MiniOzoneClusterImpl (MiniOzoneClusterImpl.java:lambda$waitForClusterToBeReady$0(219)) - Waiting for nodes to be ready. Got 6 of 7 DN Heartbeats.
2022-02-24 16:56:42,063 [Listener at 127.0.0.1/44987] INFO  ozone.MiniOzoneClusterImpl (MiniOzoneClusterImpl.java:lambda$waitForClusterToBeReady$0(222)) - Cluster exits safe mode
2022-02-24 16:56:42,063 [Listener at 127.0.0.1/44987] INFO  ozone.MiniOzoneClusterImpl (MiniOzoneClusterImpl.java:lambda$waitForClusterToBeReady$0(224)) - SCM became leader
2022-02-24 16:56:43,063 [Listener at 127.0.0.1/44987] INFO  ozone.MiniOzoneClusterImpl (MiniOzoneClusterImpl.java:lambda$waitForClusterToBeReady$0(219)) - Waiting for nodes to be ready. Got 6 of 7 DN Heartbeats.
2022-02-24 16:56:43,064 [Listener at 127.0.0.1/44987] INFO  ozone.MiniOzoneClusterImpl (MiniOzoneClusterImpl.java:lambda$waitForClusterToBeReady$0(222)) - Cluster exits safe mode
2022-02-24 16:56:43,064 [Listener at 127.0.0.1/44987] INFO  ozone.MiniOzoneClusterImpl (MiniOzoneClusterImpl.java:lambda$waitForClusterToBeReady$0(224)) - SCM became leader
2022-02-24 16:56:43,159 [EventQueue-HealthyReadonlyNodeForHealthyReadOnlyNodeHandler] INFO  node.HealthyReadOnlyNodeHandler (HealthyReadOnlyNodeHandler.java:onMessage(58)) - Datanode cf3a7bfa-0a59-4cf0-978b-44f71b96abbc{ip: 10.1.0.37, host: fv-az59-243.csjynl4pkq3e1pkirw3ssqjfoh.cx.internal.cloudapp.net, ports: [REPLICATION=36859, RATIS=40183, RATIS_ADMIN=40183, RATIS_SERVER=40183, STANDALONE=46129], networkLocation: /default-rack, certSerialId: null, persistedOpState: IN_SERVICE, persistedOpStateExpiryEpochSec: 0} moved to HEALTHY READONLY state.
2022-02-24 16:56:43,160 [EventQueue-HealthyReadonlyNodeForHealthyReadOnlyNodeHandler] INFO  net.NetworkTopologyImpl (NetworkTopologyImpl.java:add(112)) - Added a new node: /default-rack/cf3a7bfa-0a59-4cf0-978b-44f71b96abbc
2022-02-24 16:56:43,260 [EventQueue-HealthyReadonlyToHealthyNodeForReadOnlyHealthyToHealthyNodeHandler] INFO  node.ReadOnlyHealthyToHealthyNodeHandler (ReadOnlyHealthyToHealthyNodeHandler.java:onMessage(51)) - Datanode cf3a7bfa-0a59-4cf0-978b-44f71b96abbc{ip: 10.1.0.37, host: fv-az59-243.csjynl4pkq3e1pkirw3ssqjfoh.cx.internal.cloudapp.net, ports: [REPLICATION=36859, RATIS=40183, RATIS_ADMIN=40183, RATIS_SERVER=40183, STANDALONE=46129], networkLocation: /default-rack, certSerialId: null, persistedOpState: IN_SERVICE, persistedOpStateExpiryEpochSec: 0} moved to HEALTHY state.
2022-02-24 16:56:43,260 [EventQueue-HealthyReadonlyToHealthyNodeForReadOnlyHealthyToHealthyNodeHandler] INFO  pipeline.BackgroundPipelineCreator (BackgroundPipelineCreator.java:notifyEventTriggered(285)) - trigger a one-shot run on RatisPipelineUtilsThread.
2022-02-24 16:56:43,263 [RatisPipelineUtilsThread - 0] INFO  pipeline.RatisPipelineProvider (RatisPipelineProvider.java:lambda$create$0(183)) - Sending CreatePipelineCommand for pipeline:PipelineID=1f4e49ad-f9db-4751-8d36-7905f06c5baf to datanode:cf3a7bfa-0a59-4cf0-978b-44f71b96abbc
2022-02-24 16:56:43,266 [77c6fe3f-1b7a-40d0-9616-c5318e50343e@group-52C2256152D3-StateMachineUpdater] INFO  pipeline.PipelineStateManagerImpl (PipelineStateManagerImpl.java:addPipeline(101)) - Created pipeline Pipeline[ Id: 1f4e49ad-f9db-4751-8d36-7905f06c5baf, Nodes: cf3a7bfa-0a59-4cf0-978b-44f71b96abbc{ip: 10.1.0.37, host: fv-az59-243.csjynl4pkq3e1pkirw3ssqjfoh.cx.internal.cloudapp.net, ports: [REPLICATION=36859, RATIS=40183, RATIS_ADMIN=40183, RATIS_SERVER=40183, STANDALONE=46129], networkLocation: /default-rack, certSerialId: null, persistedOpState: IN_SERVICE, persistedOpStateExpiryEpochSec: 0}, ReplicationConfig: RATIS/ONE, State:ALLOCATED, leaderId:, CreationTimestamp2022-02-24T16:56:43.263Z[Etc/UTC]].
2022-02-24 16:56:43,268 [RatisPipelineUtilsThread - 0] INFO  pipeline.RatisPipelineProvider (RatisPipelineProvider.java:lambda$create$0(183)) - Sending CreatePipelineCommand for pipeline:PipelineID=9d89eb0f-cdb5-491e-824c-d784b15b949e to datanode:cf3a7bfa-0a59-4cf0-978b-44f71b96abbc
2022-02-24 16:56:43,269 [RatisPipelineUtilsThread - 0] INFO  pipeline.RatisPipelineProvider (RatisPipelineProvider.java:lambda$create$0(183)) - Sending CreatePipelineCommand for pipeline:PipelineID=9d89eb0f-cdb5-491e-824c-d784b15b949e to datanode:b07270f0-c5b1-4afe-99f3-aa5758d6ba5c
2022-02-24 16:56:43,269 [RatisPipelineUtilsThread - 0] INFO  pipeline.RatisPipelineProvider (RatisPipelineProvider.java:lambda$create$0(183)) - Sending CreatePipelineCommand for pipeline:PipelineID=9d89eb0f-cdb5-491e-824c-d784b15b949e to datanode:6b991a1f-9e77-4b13-a483-fcde5672bd4a
2022-02-24 16:56:43,272 [77c6fe3f-1b7a-40d0-9616-c5318e50343e@group-52C2256152D3-StateMachineUpdater] INFO  pipeline.PipelineStateManagerImpl (PipelineStateManagerImpl.java:addPipeline(101)) - Created pipeline Pipeline[ Id: 9d89eb0f-cdb5-491e-824c-d784b15b949e, Nodes: cf3a7bfa-0a59-4cf0-978b-44f71b96abbc{ip: 10.1.0.37, host: fv-az59-243.csjynl4pkq3e1pkirw3ssqjfoh.cx.internal.cloudapp.net, ports: [REPLICATION=36859, RATIS=40183, RATIS_ADMIN=40183, RATIS_SERVER=40183, STANDALONE=46129], networkLocation: /default-rack, certSerialId: null, persistedOpState: IN_SERVICE, persistedOpStateExpiryEpochSec: 0}b07270f0-c5b1-4afe-99f3-aa5758d6ba5c{ip: 10.1.0.37, host: fv-az59-243.csjynl4pkq3e1pkirw3ssqjfoh.cx.internal.cloudapp.net, ports: [REPLICATION=41147, RATIS=45647, RATIS_ADMIN=45647, RATIS_SERVER=45647, STANDALONE=43127], networkLocation: /default-rack, certSerialId: null, persistedOpState: IN_SERVICE, persistedOpStateExpiryEpochSec: 0}6b991a1f-9e77-4b13-a483-fcde5672bd4a{ip: 10.1.0.37, host: fv-az59-243.csjynl4pkq3e1pkirw3ssqjfoh.cx.internal.cloudapp.net, ports: [REPLICATION=34893, RATIS=38289, RATIS_ADMIN=38289, RATIS_SERVER=38289, STANDALONE=42165], networkLocation: /default-rack, certSerialId: null, persistedOpState: IN_SERVICE, persistedOpStateExpiryEpochSec: 0}, ReplicationConfig: RATIS/THREE, State:ALLOCATED, leaderId:, CreationTimestamp2022-02-24T16:56:43.268Z[Etc/UTC]].
2022-02-24 16:56:43,273 [RatisPipelineUtilsThread - 0] INFO  pipeline.RatisPipelineProvider (RatisPipelineProvider.java:lambda$create$0(183)) - Sending CreatePipelineCommand for pipeline:PipelineID=451cfd88-c86e-482f-ac50-d7e6b7717086 to datanode:2a15bd7e-7896-4db0-9e08-f7464bcd33ee
2022-02-24 16:56:43,274 [RatisPipelineUtilsThread - 0] INFO  pipeline.RatisPipelineProvider (RatisPipelineProvider.java:lambda$create$0(183)) - Sending CreatePipelineCommand for pipeline:PipelineID=451cfd88-c86e-482f-ac50-d7e6b7717086 to datanode:cf3a7bfa-0a59-4cf0-978b-44f71b96abbc
2022-02-24 16:56:43,274 [RatisPipelineUtilsThread - 0] INFO  pipeline.RatisPipelineProvider (RatisPipelineProvider.java:lambda$create$0(183)) - Sending CreatePipelineCommand for pipeline:PipelineID=451cfd88-c86e-482f-ac50-d7e6b7717086 to datanode:6b991a1f-9e77-4b13-a483-fcde5672bd4a
2022-02-24 16:56:43,275 [77c6fe3f-1b7a-40d0-9616-c5318e50343e@group-52C2256152D3-StateMachineUpdater] INFO  pipeline.PipelineStateManagerImpl (PipelineStateManagerImpl.java:addPipeline(101)) - Created pipeline Pipeline[ Id: 451cfd88-c86e-482f-ac50-d7e6b7717086, Nodes: 2a15bd7e-7896-4db0-9e08-f7464bcd33ee{ip: 10.1.0.37, host: fv-az59-243.csjynl4pkq3e1pkirw3ssqjfoh.cx.internal.cloudapp.net, ports: [REPLICATION=43341, RATIS=41995, RATIS_ADMIN=41995, RATIS_SERVER=41995, STANDALONE=34861], networkLocation: /default-rack, certSerialId: null, persistedOpState: IN_SERVICE, persistedOpStateExpiryEpochSec: 0}cf3a7bfa-0a59-4cf0-978b-44f71b96abbc{ip: 10.1.0.37, host: fv-az59-243.csjynl4pkq3e1pkirw3ssqjfoh.cx.internal.cloudapp.net, ports: [REPLICATION=36859, RATIS=40183, RATIS_ADMIN=40183, RATIS_SERVER=40183, STANDALONE=46129], networkLocation: /default-rack, certSerialId: null, persistedOpState: IN_SERVICE, persistedOpStateExpiryEpochSec: 0}6b991a1f-9e77-4b13-a483-fcde5672bd4a{ip: 10.1.0.37, host: fv-az59-243.csjynl4pkq3e1pkirw3ssqjfoh.cx.internal.cloudapp.net, ports: [REPLICATION=34893, RATIS=38289, RATIS_ADMIN=38289, RATIS_SERVER=38289, STANDALONE=42165], networkLocation: /default-rack, certSerialId: null, persistedOpState: IN_SERVICE, persistedOpStateExpiryEpochSec: 0}, ReplicationConfig: RATIS/THREE, State:ALLOCATED, leaderId:, CreationTimestamp2022-02-24T16:56:43.273Z[Etc/UTC]].
2022-02-24 16:56:43,276 [RatisPipelineUtilsThread - 0] INFO  pipeline.RatisPipelineProvider (RatisPipelineProvider.java:lambda$create$0(183)) - Sending CreatePipelineCommand for pipeline:PipelineID=a109b66f-d9f5-4f13-88ed-ca206d264f63 to datanode:cf3a7bfa-0a59-4cf0-978b-44f71b96abbc
2022-02-24 16:56:43,276 [RatisPipelineUtilsThread - 0] INFO  pipeline.RatisPipelineProvider (RatisPipelineProvider.java:lambda$create$0(183)) - Sending CreatePipelineCommand for pipeline:PipelineID=a109b66f-d9f5-4f13-88ed-ca206d264f63 to datanode:2a15bd7e-7896-4db0-9e08-f7464bcd33ee
2022-02-24 16:56:43,276 [RatisPipelineUtilsThread - 0] INFO  pipeline.RatisPipelineProvider (RatisPipelineProvider.java:lambda$create$0(183)) - Sending CreatePipelineCommand for pipeline:PipelineID=a109b66f-d9f5-4f13-88ed-ca206d264f63 to datanode:b07270f0-c5b1-4afe-99f3-aa5758d6ba5c
2022-02-24 16:56:43,278 [77c6fe3f-1b7a-40d0-9616-c5318e50343e@group-52C2256152D3-StateMachineUpdater] INFO  pipeline.PipelineStateManagerImpl (PipelineStateManagerImpl.java:addPipeline(101)) - Created pipeline Pipeline[ Id: a109b66f-d9f5-4f13-88ed-ca206d264f63, Nodes: cf3a7bfa-0a59-4cf0-978b-44f71b96abbc{ip: 10.1.0.37, host: fv-az59-243.csjynl4pkq3e1pkirw3ssqjfoh.cx.internal.cloudapp.net, ports: [REPLICATION=36859, RATIS=40183, RATIS_ADMIN=40183, RATIS_SERVER=40183, STANDALONE=46129], networkLocation: /default-rack, certSerialId: null, persistedOpState: IN_SERVICE, persistedOpStateExpiryEpochSec: 0}2a15bd7e-7896-4db0-9e08-f7464bcd33ee{ip: 10.1.0.37, host: fv-az59-243.csjynl4pkq3e1pkirw3ssqjfoh.cx.internal.cloudapp.net, ports: [REPLICATION=43341, RATIS=41995, RATIS_ADMIN=41995, RATIS_SERVER=41995, STANDALONE=34861], networkLocation: /default-rack, certSerialId: null, persistedOpState: IN_SERVICE, persistedOpStateExpiryEpochSec: 0}b07270f0-c5b1-4afe-99f3-aa5758d6ba5c{ip: 10.1.0.37, host: fv-az59-243.csjynl4pkq3e1pkirw3ssqjfoh.cx.internal.cloudapp.net, ports: [REPLICATION=41147, RATIS=45647, RATIS_ADMIN=45647, RATIS_SERVER=45647, STANDALONE=43127], networkLocation: /default-rack, certSerialId: null, persistedOpState: IN_SERVICE, persistedOpStateExpiryEpochSec: 0}, ReplicationConfig: RATIS/THREE, State:ALLOCATED, leaderId:, CreationTimestamp2022-02-24T16:56:43.276Z[Etc/UTC]].
2022-02-24 16:56:43,278 [RatisPipelineUtilsThread - 0] INFO  pipeline.RatisPipelineProvider (RatisPipelineProvider.java:lambda$create$0(183)) - Sending CreatePipelineCommand for pipeline:PipelineID=497dee7c-6395-4f7c-8faa-a8f55bfd1212 to datanode:2a15bd7e-7896-4db0-9e08-f7464bcd33ee
2022-02-24 16:56:43,281 [RatisPipelineUtilsThread - 0] INFO  pipeline.RatisPipelineProvider (RatisPipelineProvider.java:lambda$create$0(183)) - Sending CreatePipelineCommand for pipeline:PipelineID=497dee7c-6395-4f7c-8faa-a8f55bfd1212 to datanode:6b991a1f-9e77-4b13-a483-fcde5672bd4a
2022-02-24 16:56:43,281 [RatisPipelineUtilsThread - 0] INFO  pipeline.RatisPipelineProvider (RatisPipelineProvider.java:lambda$create$0(183)) - Sending CreatePipelineCommand for pipeline:PipelineID=497dee7c-6395-4f7c-8faa-a8f55bfd1212 to datanode:b07270f0-c5b1-4afe-99f3-aa5758d6ba5c
2022-02-24 16:56:43,282 [77c6fe3f-1b7a-40d0-9616-c5318e50343e@group-52C2256152D3-StateMachineUpdater] INFO  pipeline.PipelineStateManagerImpl (PipelineStateManagerImpl.java:addPipeline(101)) - Created pipeline Pipeline[ Id: 497dee7c-6395-4f7c-8faa-a8f55bfd1212, Nodes: 2a15bd7e-7896-4db0-9e08-f7464bcd33ee{ip: 10.1.0.37, host: fv-az59-243.csjynl4pkq3e1pkirw3ssqjfoh.cx.internal.cloudapp.net, ports: [REPLICATION=43341, RATIS=41995, RATIS_ADMIN=41995, RATIS_SERVER=41995, STANDALONE=34861], networkLocation: /default-rack, certSerialId: null, persistedOpState: IN_SERVICE, persistedOpStateExpiryEpochSec: 0}6b991a1f-9e77-4b13-a483-fcde5672bd4a{ip: 10.1.0.37, host: fv-az59-243.csjynl4pkq3e1pkirw3ssqjfoh.cx.internal.cloudapp.net, ports: [REPLICATION=34893, RATIS=38289, RATIS_ADMIN=38289, RATIS_SERVER=38289, STANDALONE=42165], networkLocation: /default-rack, certSerialId: null, persistedOpState: IN_SERVICE, persistedOpStateExpiryEpochSec: 0}b07270f0-c5b1-4afe-99f3-aa5758d6ba5c{ip: 10.1.0.37, host: fv-az59-243.csjynl4pkq3e1pkirw3ssqjfoh.cx.internal.cloudapp.net, ports: [REPLICATION=41147, RATIS=45647, RATIS_ADMIN=45647, RATIS_SERVER=45647, STANDALONE=43127], networkLocation: /default-rack, certSerialId: null, persistedOpState: IN_SERVICE, persistedOpStateExpiryEpochSec: 0}, ReplicationConfig: RATIS/THREE, State:ALLOCATED, leaderId:, CreationTimestamp2022-02-24T16:56:43.278Z[Etc/UTC]].
2022-02-24 16:56:44,064 [Listener at 127.0.0.1/44987] INFO  ozone.MiniOzoneClusterImpl (MiniOzoneClusterImpl.java:lambda$waitForClusterToBeReady$0(219)) - Nodes are ready. Got 7 of 7 DN Heartbeats.
2022-02-24 16:56:44,064 [Listener at 127.0.0.1/44987] INFO  ozone.MiniOzoneClusterImpl (MiniOzoneClusterImpl.java:lambda$waitForClusterToBeReady$0(222)) - Cluster exits safe mode
2022-02-24 16:56:44,064 [Listener at 127.0.0.1/44987] INFO  ozone.MiniOzoneClusterImpl (MiniOzoneClusterImpl.java:lambda$waitForClusterToBeReady$0(224)) - SCM became leader
2022-02-24 16:56:44,166 [Command processor thread] INFO  server.RaftServer (RaftServerProxy.java:remove(106)) - cf3a7bfa-0a59-4cf0-978b-44f71b96abbc: remove  FOLLOWER cf3a7bfa-0a59-4cf0-978b-44f71b96abbc@group-941F5D11DA8E:t1, leader=null, voted=cf3a7bfa-0a59-4cf0-978b-44f71b96abbc, raftlog=cf3a7bfa-0a59-4cf0-978b-44f71b96abbc@group-941F5D11DA8E-SegmentedRaftLog:OPENED:c11, conf=0: [cf3a7bfa-0a59-4cf0-978b-44f71b96abbc|rpc:10.1.0.37:40183|dataStream:|priority:1], old=null RUNNING
2022-02-24 16:56:44,166 [Command processor thread] INFO  server.RaftServer$Division (RaftServerImpl.java:lambda$close$4(412)) - cf3a7bfa-0a59-4cf0-978b-44f71b96abbc@group-941F5D11DA8E: shutdown
2022-02-24 16:56:44,166 [Command processor thread] INFO  util.JmxRegister (JmxRegister.java:unregister(73)) - Successfully un-registered JMX Bean with object name Ratis:service=RaftServer,group=group-941F5D11DA8E,id=cf3a7bfa-0a59-4cf0-978b-44f71b96abbc
2022-02-24 16:56:44,166 [Command processor thread] INFO  impl.RoleInfo (RoleInfo.java:shutdownFollowerState(108)) - cf3a7bfa-0a59-4cf0-978b-44f71b96abbc: shutdown cf3a7bfa-0a59-4cf0-978b-44f71b96abbc@group-941F5D11DA8E-FollowerState
2022-02-24 16:56:44,166 [Command processor thread] INFO  impl.StateMachineUpdater (StateMachineUpdater.java:stopAndJoin(149)) - cf3a7bfa-0a59-4cf0-978b-44f71b96abbc@group-941F5D11DA8E-StateMachineUpdater: set stopIndex = 11
2022-02-24 16:56:44,166 [Command processor thread] INFO  server.RaftServer$Division (ServerState.java:close(419)) - cf3a7bfa-0a59-4cf0-978b-44f71b96abbc@group-941F5D11DA8E: closes. applyIndex: 11
2022-02-24 16:56:44,166 [cf3a7bfa-0a59-4cf0-978b-44f71b96abbc@group-941F5D11DA8E-SegmentedRaftLogWorker] INFO  segmented.SegmentedRaftLogWorker (SegmentedRaftLogWorker.java:run(327)) - cf3a7bfa-0a59-4cf0-978b-44f71b96abbc@group-941F5D11DA8E-SegmentedRaftLogWorker was interrupted, exiting. There are 0 tasks remaining in the queue.
2022-02-24 16:56:44,172 [Command processor thread] INFO  segmented.SegmentedRaftLogWorker (SegmentedRaftLogWorker.java:close(237)) - cf3a7bfa-0a59-4cf0-978b-44f71b96abbc@group-941F5D11DA8E-SegmentedRaftLogWorker close()
2022-02-24 16:56:44,174 [Command processor thread] INFO  keyvalue.KeyValueContainer (KeyValueContainer.java:flushAndSyncDB(427)) - Container 1 is synced with bcsId 10.
2022-02-24 16:56:44,174 [Command processor thread] INFO  keyvalue.KeyValueContainer (KeyValueContainer.java:flushAndSyncDB(427)) - Container 1 is synced with bcsId 10.
2022-02-24 16:56:44,179 [Command processor thread] INFO  server.RaftServer$Division (RaftServerImpl.java:groupRemove(382)) - cf3a7bfa-0a59-4cf0-978b-44f71b96abbc@group-941F5D11DA8E: Succeed to remove RaftStorageDirectory Storage Directory /home/runner/work/ozone/ozone/hadoop-ozone/integration-test/target/test-dir/MiniOzoneClusterImpl-a9e0dedd-d836-4895-9472-52c2256152d3/datanode-1/data/ratis/491b94e5-b470-455f-9927-941f5d11da8e
2022-02-24 16:56:44,179 [Command processor thread] INFO  commandhandler.ClosePipelineCommandHandler (ClosePipelineCommandHandler.java:handle(78)) - Close Pipeline PipelineID=491b94e5-b470-455f-9927-941f5d11da8e command on datanode cf3a7bfa-0a59-4cf0-978b-44f71b96abbc.
2022-02-24 16:56:44,180 [cf3a7bfa-0a59-4cf0-978b-44f71b96abbc@group-941F5D11DA8E-FollowerState] INFO  impl.FollowerState (FollowerState.java:run(143)) - cf3a7bfa-0a59-4cf0-978b-44f71b96abbc@group-941F5D11DA8E-FollowerState was interrupted: {}
java.lang.InterruptedException: sleep interrupted
	at java.lang.Thread.sleep(Native Method)
	at java.lang.Thread.sleep(Thread.java:342)
	at java.util.concurrent.TimeUnit.sleep(TimeUnit.java:386)
	at org.apache.ratis.util.TimeDuration.sleep(TimeDuration.java:324)
	at org.apache.ratis.util.TimeDuration.sleep(TimeDuration.java:309)
	at org.apache.ratis.server.impl.FollowerState.run(FollowerState.java:118)
2022-02-24 16:56:44,180 [Command processor thread] INFO  server.RaftServer (RaftServerProxy.java:remove(106)) - cf3a7bfa-0a59-4cf0-978b-44f71b96abbc: remove  FOLLOWER cf3a7bfa-0a59-4cf0-978b-44f71b96abbc@group-9C1E72ACA101:t1, leader=null, voted=b07270f0-c5b1-4afe-99f3-aa5758d6ba5c, raftlog=cf3a7bfa-0a59-4cf0-978b-44f71b96abbc@group-9C1E72ACA101-SegmentedRaftLog:OPENED:c0, conf=0: [b07270f0-c5b1-4afe-99f3-aa5758d6ba5c|rpc:10.1.0.37:45647|dataStream:|priority:1, 2a15bd7e-7896-4db0-9e08-f7464bcd33ee|rpc:10.1.0.37:41995|dataStream:|priority:0, cf3a7bfa-0a59-4cf0-978b-44f71b96abbc|rpc:10.1.0.37:40183|dataStream:|priority:0], old=null RUNNING
2022-02-24 16:56:44,181 [Command processor thread] INFO  server.RaftServer$Division (RaftServerImpl.java:lambda$close$4(412)) - cf3a7bfa-0a59-4cf0-978b-44f71b96abbc@group-9C1E72ACA101: shutdown
2022-02-24 16:56:44,181 [FixedThreadPoolWithAffinityExecutor-0-0] INFO  container.IncrementalContainerReportHandler (AbstractContainerReportHandler.java:updateContainerState(216)) - Moving container #1 to QUASI_CLOSED state, datanode cf3a7bfa-0a59-4cf0-978b-44f71b96abbc{ip: 10.1.0.37, host: fv-az59-243.csjynl4pkq3e1pkirw3ssqjfoh.cx.internal.cloudapp.net, ports: [REPLICATION=36859, RATIS=40183, RATIS_ADMIN=40183, RATIS_SERVER=40183, STANDALONE=46129], networkLocation: /default-rack, certSerialId: null, persistedOpState: IN_SERVICE, persistedOpStateExpiryEpochSec: 0} reported QUASI_CLOSED replica.
2022-02-24 16:56:44,181 [Command processor thread] INFO  util.JmxRegister (JmxRegister.java:unregister(73)) - Successfully un-registered JMX Bean with object name Ratis:service=RaftServer,group=group-9C1E72ACA101,id=cf3a7bfa-0a59-4cf0-978b-44f71b96abbc
2022-02-24 16:56:44,181 [Command processor thread] INFO  impl.RoleInfo (RoleInfo.java:shutdownFollowerState(108)) - cf3a7bfa-0a59-4cf0-978b-44f71b96abbc: shutdown cf3a7bfa-0a59-4cf0-978b-44f71b96abbc@group-9C1E72ACA101-FollowerState
2022-02-24 16:56:44,181 [cf3a7bfa-0a59-4cf0-978b-44f71b96abbc@group-9C1E72ACA101-FollowerState] INFO  impl.FollowerState (FollowerState.java:run(143)) - cf3a7bfa-0a59-4cf0-978b-44f71b96abbc@group-9C1E72ACA101-FollowerState was interrupted: {}
java.lang.InterruptedException: sleep interrupted
	at java.lang.Thread.sleep(Native Method)
	at java.lang.Thread.sleep(Thread.java:342)
	at java.util.concurrent.TimeUnit.sleep(TimeUnit.java:386)
	at org.apache.ratis.util.TimeDuration.sleep(TimeDuration.java:324)
	at org.apache.ratis.util.TimeDuration.sleep(TimeDuration.java:309)
	at org.apache.ratis.server.impl.FollowerState.run(FollowerState.java:118)
2022-02-24 16:56:44,182 [Command processor thread] INFO  impl.StateMachineUpdater (StateMachineUpdater.java:stopAndJoin(149)) - cf3a7bfa-0a59-4cf0-978b-44f71b96abbc@group-9C1E72ACA101-StateMachineUpdater: set stopIndex = 0
2022-02-24 16:56:44,182 [Command processor thread] INFO  server.RaftServer$Division (ServerState.java:close(419)) - cf3a7bfa-0a59-4cf0-978b-44f71b96abbc@group-9C1E72ACA101: closes. applyIndex: 0
2022-02-24 16:56:44,183 [cf3a7bfa-0a59-4cf0-978b-44f71b96abbc@group-9C1E72ACA101-SegmentedRaftLogWorker] INFO  segmented.SegmentedRaftLogWorker (SegmentedRaftLogWorker.java:run(327)) - cf3a7bfa-0a59-4cf0-978b-44f71b96abbc@group-9C1E72ACA101-SegmentedRaftLogWorker was interrupted, exiting. There are 0 tasks remaining in the queue.
2022-02-24 16:56:44,199 [Command processor thread] INFO  segmented.SegmentedRaftLogWorker (SegmentedRaftLogWorker.java:close(237)) - cf3a7bfa-0a59-4cf0-978b-44f71b96abbc@group-9C1E72ACA101-SegmentedRaftLogWorker close()
2022-02-24 16:56:44,215 [Command processor thread] INFO  server.RaftServer$Division (RaftServerImpl.java:groupRemove(382)) - cf3a7bfa-0a59-4cf0-978b-44f71b96abbc@group-9C1E72ACA101: Succeed to remove RaftStorageDirectory Storage Directory /home/runner/work/ozone/ozone/hadoop-ozone/integration-test/target/test-dir/MiniOzoneClusterImpl-a9e0dedd-d836-4895-9472-52c2256152d3/datanode-1/data/ratis/b23504de-3ed0-4c19-82f8-9c1e72aca101
2022-02-24 16:56:44,215 [Command processor thread] INFO  commandhandler.ClosePipelineCommandHandler (ClosePipelineCommandHandler.java:handle(78)) - Close Pipeline PipelineID=b23504de-3ed0-4c19-82f8-9c1e72aca101 command on datanode cf3a7bfa-0a59-4cf0-978b-44f71b96abbc.
2022-02-24 16:56:44,215 [Command processor thread] INFO  server.RaftServer (RaftServerProxy.java:remove(106)) - cf3a7bfa-0a59-4cf0-978b-44f71b96abbc: remove  FOLLOWER cf3a7bfa-0a59-4cf0-978b-44f71b96abbc@group-F4FF6A221EE2:t2, leader=null, voted=b07270f0-c5b1-4afe-99f3-aa5758d6ba5c, raftlog=cf3a7bfa-0a59-4cf0-978b-44f71b96abbc@group-F4FF6A221EE2-SegmentedRaftLog:OPENED:c-1, conf=-1: [], old=null STARTING
2022-02-24 16:56:44,215 [Command processor thread] INFO  server.RaftServer$Division (RaftServerImpl.java:lambda$close$4(412)) - cf3a7bfa-0a59-4cf0-978b-44f71b96abbc@group-F4FF6A221EE2: shutdown
2022-02-24 16:56:44,215 [Command processor thread] INFO  util.JmxRegister (JmxRegister.java:unregister(73)) - Successfully un-registered JMX Bean with object name Ratis:service=RaftServer,group=group-F4FF6A221EE2,id=cf3a7bfa-0a59-4cf0-978b-44f71b96abbc
2022-02-24 16:56:44,215 [Command processor thread] INFO  impl.StateMachineUpdater (StateMachineUpdater.java:stopAndJoin(149)) - cf3a7bfa-0a59-4cf0-978b-44f71b96abbc@group-F4FF6A221EE2-StateMachineUpdater: set stopIndex = -1
2022-02-24 16:56:44,219 [Command processor thread] INFO  server.RaftServer$Division (ServerState.java:close(419)) - cf3a7bfa-0a59-4cf0-978b-44f71b96abbc@group-F4FF6A221EE2: closes. applyIndex: -1
2022-02-24 16:56:44,219 [cf3a7bfa-0a59-4cf0-978b-44f71b96abbc@group-F4FF6A221EE2-SegmentedRaftLogWorker] INFO  segmented.SegmentedRaftLogWorker (SegmentedRaftLogWorker.java:run(327)) - cf3a7bfa-0a59-4cf0-978b-44f71b96abbc@group-F4FF6A221EE2-SegmentedRaftLogWorker was interrupted, exiting. There are 0 tasks remaining in the queue.
2022-02-24 16:56:44,219 [Command processor thread] INFO  segmented.SegmentedRaftLogWorker (SegmentedRaftLogWorker.java:close(237)) - cf3a7bfa-0a59-4cf0-978b-44f71b96abbc@group-F4FF6A221EE2-SegmentedRaftLogWorker close()
2022-02-24 16:56:44,226 [Command processor thread] INFO  server.RaftServer$Division (RaftServerImpl.java:groupRemove(382)) - cf3a7bfa-0a59-4cf0-978b-44f71b96abbc@group-F4FF6A221EE2: Succeed to remove RaftStorageDirectory Storage Directory /home/runner/work/ozone/ozone/hadoop-ozone/integration-test/target/test-dir/MiniOzoneClusterImpl-a9e0dedd-d836-4895-9472-52c2256152d3/datanode-1/data/ratis/fc4ff8a0-a9fc-4bf1-a572-f4ff6a221ee2
2022-02-24 16:56:44,226 [Command processor thread] INFO  commandhandler.ClosePipelineCommandHandler (ClosePipelineCommandHandler.java:handle(78)) - Close Pipeline PipelineID=fc4ff8a0-a9fc-4bf1-a572-f4ff6a221ee2 command on datanode cf3a7bfa-0a59-4cf0-978b-44f71b96abbc.
2022-02-24 16:56:44,227 [Command processor thread] INFO  server.RaftServer (RaftServerProxy.java:remove(106)) - cf3a7bfa-0a59-4cf0-978b-44f71b96abbc: remove  FOLLOWER cf3a7bfa-0a59-4cf0-978b-44f71b96abbc@group-29500492D057:t2, leader=null, voted=cf3a7bfa-0a59-4cf0-978b-44f71b96abbc, raftlog=cf3a7bfa-0a59-4cf0-978b-44f71b96abbc@group-29500492D057-SegmentedRaftLog:OPENED:c0, conf=0: [b07270f0-c5b1-4afe-99f3-aa5758d6ba5c|rpc:10.1.0.37:45647|dataStream:|priority:0, 2a15bd7e-7896-4db0-9e08-f7464bcd33ee|rpc:10.1.0.37:41995|dataStream:|priority:0, cf3a7bfa-0a59-4cf0-978b-44f71b96abbc|rpc:10.1.0.37:40183|dataStream:|priority:1], old=null RUNNING
2022-02-24 16:56:44,227 [Command processor thread] INFO  server.RaftServer$Division (RaftServerImpl.java:lambda$close$4(412)) - cf3a7bfa-0a59-4cf0-978b-44f71b96abbc@group-29500492D057: shutdown
2022-02-24 16:56:44,227 [Command processor thread] INFO  util.JmxRegister (JmxRegister.java:unregister(73)) - Successfully un-registered JMX Bean with object name Ratis:service=RaftServer,group=group-29500492D057,id=cf3a7bfa-0a59-4cf0-978b-44f71b96abbc
2022-02-24 16:56:44,227 [Command processor thread] INFO  impl.RoleInfo (RoleInfo.java:shutdownFollowerState(108)) - cf3a7bfa-0a59-4cf0-978b-44f71b96abbc: shutdown cf3a7bfa-0a59-4cf0-978b-44f71b96abbc@group-29500492D057-FollowerState
2022-02-24 16:56:44,227 [Command processor thread] INFO  impl.StateMachineUpdater (StateMachineUpdater.java:stopAndJoin(149)) - cf3a7bfa-0a59-4cf0-978b-44f71b96abbc@group-29500492D057-StateMachineUpdater: set stopIndex = 0
2022-02-24 16:56:44,227 [cf3a7bfa-0a59-4cf0-978b-44f71b96abbc@group-29500492D057-FollowerState] INFO  impl.FollowerState (FollowerState.java:run(143)) - cf3a7bfa-0a59-4cf0-978b-44f71b96abbc@group-29500492D057-FollowerState was interrupted: {}
java.lang.InterruptedException: sleep interrupted
	at java.lang.Thread.sleep(Native Method)
	at java.lang.Thread.sleep(Thread.java:342)
	at java.util.concurrent.TimeUnit.sleep(TimeUnit.java:386)
	at org.apache.ratis.util.TimeDuration.sleep(TimeDuration.java:324)
	at org.apache.ratis.util.TimeDuration.sleep(TimeDuration.java:309)
	at org.apache.ratis.server.impl.FollowerState.run(FollowerState.java:118)
2022-02-24 16:56:44,227 [Command processor thread] INFO  server.RaftServer$Division (ServerState.java:close(419)) - cf3a7bfa-0a59-4cf0-978b-44f71b96abbc@group-29500492D057: closes. applyIndex: 0
2022-02-24 16:56:44,227 [cf3a7bfa-0a59-4cf0-978b-44f71b96abbc@group-29500492D057-SegmentedRaftLogWorker] INFO  segmented.SegmentedRaftLogWorker (SegmentedRaftLogWorker.java:run(327)) - cf3a7bfa-0a59-4cf0-978b-44f71b96abbc@group-29500492D057-SegmentedRaftLogWorker was interrupted, exiting. There are 0 tasks remaining in the queue.
2022-02-24 16:56:44,230 [Command processor thread] INFO  segmented.SegmentedRaftLogWorker (SegmentedRaftLogWorker.java:close(237)) - cf3a7bfa-0a59-4cf0-978b-44f71b96abbc@group-29500492D057-SegmentedRaftLogWorker close()
2022-02-24 16:56:44,237 [Command processor thread] INFO  server.RaftServer$Division (RaftServerImpl.java:groupRemove(382)) - cf3a7bfa-0a59-4cf0-978b-44f71b96abbc@group-29500492D057: Succeed to remove RaftStorageDirectory Storage Directory /home/runner/work/ozone/ozone/hadoop-ozone/integration-test/target/test-dir/MiniOzoneClusterImpl-a9e0dedd-d836-4895-9472-52c2256152d3/datanode-1/data/ratis/9f1d42e2-676d-4b4b-b843-29500492d057
2022-02-24 16:56:44,237 [Command processor thread] INFO  commandhandler.ClosePipelineCommandHandler (ClosePipelineCommandHandler.java:handle(78)) - Close Pipeline PipelineID=9f1d42e2-676d-4b4b-b843-29500492d057 command on datanode cf3a7bfa-0a59-4cf0-978b-44f71b96abbc.
2022-02-24 16:56:44,237 [Command processor thread] INFO  server.RaftServer (RaftServerProxy.java:addNew(95)) - cf3a7bfa-0a59-4cf0-978b-44f71b96abbc: addNew group-7905F06C5BAF:[cf3a7bfa-0a59-4cf0-978b-44f71b96abbc|rpc:10.1.0.37:40183|priority:1] returns group-7905F06C5BAF:java.util.concurrent.CompletableFuture@61f2f17e[Not completed]
2022-02-24 16:56:44,238 [pool-506-thread-1] INFO  server.RaftServer$Division (RaftServerImpl.java:<init>(184)) - cf3a7bfa-0a59-4cf0-978b-44f71b96abbc: new RaftServerImpl for group-7905F06C5BAF:[cf3a7bfa-0a59-4cf0-978b-44f71b96abbc|rpc:10.1.0.37:40183|priority:1] with ContainerStateMachine:uninitialized
2022-02-24 16:56:44,238 [pool-506-thread-1] INFO  server.RaftServerConfigKeys (ConfUtils.java:logGet(44)) - raft.server.rpc.timeout.min = 5s (custom)
2022-02-24 16:56:44,238 [pool-506-thread-1] INFO  server.RaftServerConfigKeys (ConfUtils.java:logGet(44)) - raft.server.rpc.timeout.max = 5200ms (custom)
2022-02-24 16:56:44,238 [pool-506-thread-1] INFO  server.RaftServerConfigKeys (ConfUtils.java:logGet(44)) - raft.server.rpc.sleep.time = 25ms (default)
2022-02-24 16:56:44,238 [pool-506-thread-1] INFO  server.RaftServerConfigKeys (ConfUtils.java:logGet(44)) - raft.server.rpc.slowness.timeout = 300000ms (custom)
2022-02-24 16:56:44,239 [pool-506-thread-1] INFO  server.RaftServerConfigKeys (ConfUtils.java:logGet(44)) - raft.server.leaderelection.leader.step-down.wait-time = 10s (default)
2022-02-24 16:56:44,239 [pool-506-thread-1] INFO  server.RaftServerConfigKeys (ConfUtils.java:logGet(44)) - raft.server.sleep.deviation.threshold = 300ms (default)
2022-02-24 16:56:44,239 [pool-506-thread-1] INFO  server.RaftServerConfigKeys (ConfUtils.java:logGet(44)) - raft.server.log.appender.install.snapshot.enabled = false (custom)
2022-02-24 16:56:44,239 [pool-506-thread-1] INFO  server.RaftServer$Division (ServerState.java:<init>(105)) - cf3a7bfa-0a59-4cf0-978b-44f71b96abbc@group-7905F06C5BAF: ConfigurationManager, init=-1: [cf3a7bfa-0a59-4cf0-978b-44f71b96abbc|rpc:10.1.0.37:40183|priority:1], old=null, confs=<EMPTY_MAP>
2022-02-24 16:56:44,239 [pool-506-thread-1] INFO  server.RaftServerConfigKeys (ConfUtils.java:logGet(44)) - raft.server.storage.dir = [/home/runner/work/ozone/ozone/hadoop-ozone/integration-test/target/test-dir/MiniOzoneClusterImpl-a9e0dedd-d836-4895-9472-52c2256152d3/datanode-1/data/ratis] (custom)
2022-02-24 16:56:44,239 [pool-506-thread-1] INFO  server.RaftServerConfigKeys (ConfUtils.java:logGet(44)) - raft.server.log.corruption.policy = EXCEPTION (default)
2022-02-24 16:56:44,239 [pool-506-thread-1] INFO  server.RaftServerConfigKeys (ConfUtils.java:logGet(44)) - raft.server.storage.free-space.min = 0MB (=0) (default)
2022-02-24 16:56:44,239 [pool-506-thread-1] INFO  storage.RaftStorageDirectory (RaftStorageDirectoryImpl.java:analyzeStorage(135)) - The storage directory /home/runner/work/ozone/ozone/hadoop-ozone/integration-test/target/test-dir/MiniOzoneClusterImpl-a9e0dedd-d836-4895-9472-52c2256152d3/datanode-1/data/ratis/1f4e49ad-f9db-4751-8d36-7905f06c5baf does not exist. Creating ...
2022-02-24 16:56:44,241 [pool-506-thread-1] INFO  storage.RaftStorageDirectory (RaftStorageDirectoryImpl.java:tryLock(230)) - Lock on /home/runner/work/ozone/ozone/hadoop-ozone/integration-test/target/test-dir/MiniOzoneClusterImpl-a9e0dedd-d836-4895-9472-52c2256152d3/datanode-1/data/ratis/1f4e49ad-f9db-4751-8d36-7905f06c5baf/in_use.lock acquired by nodename 3150@fv-az59-243
2022-02-24 16:56:44,242 [pool-506-thread-1] INFO  storage.RaftStorage (RaftStorageImpl.java:format(89)) - Storage directory /home/runner/work/ozone/ozone/hadoop-ozone/integration-test/target/test-dir/MiniOzoneClusterImpl-a9e0dedd-d836-4895-9472-52c2256152d3/datanode-1/data/ratis/1f4e49ad-f9db-4751-8d36-7905f06c5baf has been successfully formatted.
2022-02-24 16:56:44,243 [pool-506-thread-1] INFO  ratis.ContainerStateMachine (ContainerStateMachine.java:loadSnapshot(236)) - group-7905F06C5BAF: The snapshot info is null. Setting the last applied indexto:(t:0, i:~)
2022-02-24 16:56:44,243 [pool-506-thread-1] INFO  server.RaftServerConfigKeys (ConfUtils.java:logGet(44)) - raft.server.notification.no-leader.timeout = 300000ms (custom)
2022-02-24 16:56:44,243 [pool-506-thread-1] INFO  server.RaftServerConfigKeys (ConfUtils.java:logGet(44)) - raft.server.log.use.memory = false (default)
2022-02-24 16:56:44,243 [EventQueue-PipelineReportForPipelineReportHandler] INFO  pipeline.PipelineManagerImpl (PipelineManagerImpl.java:openPipeline(291)) - Pipeline Pipeline[ Id: 1f4e49ad-f9db-4751-8d36-7905f06c5baf, Nodes: cf3a7bfa-0a59-4cf0-978b-44f71b96abbc{ip: 10.1.0.37, host: fv-az59-243.csjynl4pkq3e1pkirw3ssqjfoh.cx.internal.cloudapp.net, ports: [REPLICATION=36859, RATIS=40183, RATIS_ADMIN=40183, RATIS_SERVER=40183, STANDALONE=46129], networkLocation: /default-rack, certSerialId: null, persistedOpState: IN_SERVICE, persistedOpStateExpiryEpochSec: 0}, ReplicationConfig: RATIS/ONE, State:ALLOCATED, leaderId:cf3a7bfa-0a59-4cf0-978b-44f71b96abbc, CreationTimestamp2022-02-24T16:56:43.263Z[Etc/UTC]] moved to OPEN state
2022-02-24 16:56:44,243 [pool-506-thread-1] INFO  server.RaftServerConfigKeys (ConfUtils.java:logGet(44)) - raft.server.log.purge.gap = 1000000 (custom)
2022-02-24 16:56:44,244 [pool-506-thread-1] INFO  server.RaftServerConfigKeys (ConfUtils.java:logGet(44)) - raft.server.log.appender.buffer.byte-limit = 33554432 (custom)
2022-02-24 16:56:44,244 [pool-506-thread-1] INFO  server.RaftServerConfigKeys (ConfUtils.java:logGet(44)) - raft.server.log.segment.size.max = 1048576 (custom)
2022-02-24 16:56:44,244 [pool-506-thread-1] INFO  server.RaftServerConfigKeys (ConfUtils.java:logGet(44)) - raft.server.log.segment.cache.num.max = 2 (custom)
2022-02-24 16:56:44,245 [pool-506-thread-1] INFO  server.RaftServerConfigKeys (ConfUtils.java:logGet(44)) - raft.server.log.segment.cache.size.max = 200MB (=209715200) (default)
2022-02-24 16:56:44,245 [pool-506-thread-1] INFO  segmented.SegmentedRaftLogWorker (SegmentedRaftLogWorker.java:<init>(182)) - new cf3a7bfa-0a59-4cf0-978b-44f71b96abbc@group-7905F06C5BAF-SegmentedRaftLogWorker for RaftStorageImpl:Storage Directory /home/runner/work/ozone/ozone/hadoop-ozone/integration-test/target/test-dir/MiniOzoneClusterImpl-a9e0dedd-d836-4895-9472-52c2256152d3/datanode-1/data/ratis/1f4e49ad-f9db-4751-8d36-7905f06c5baf
2022-02-24 16:56:44,245 [pool-506-thread-1] INFO  server.RaftServerConfigKeys (ConfUtils.java:logGet(44)) - raft.server.log.queue.byte-limit = 4294967296 (custom)
2022-02-24 16:56:44,245 [pool-506-thread-1] INFO  server.RaftServerConfigKeys (ConfUtils.java:logGet(44)) - raft.server.log.queue.element-limit = 1024 (custom)
2022-02-24 16:56:44,245 [pool-506-thread-1] INFO  server.RaftServerConfigKeys (ConfUtils.java:logGet(44)) - raft.server.log.segment.size.max = 1048576 (custom)
2022-02-24 16:56:44,245 [pool-506-thread-1] INFO  server.RaftServerConfigKeys (ConfUtils.java:logGet(44)) - raft.server.log.preallocated.size = 16384 (custom)
2022-02-24 16:56:44,245 [pool-506-thread-1] INFO  server.RaftServerConfigKeys (ConfUtils.java:logGet(44)) - raft.server.log.force.sync.num = 128 (default)
2022-02-24 16:56:44,248 [pool-506-thread-1] INFO  server.RaftServerConfigKeys (ConfUtils.java:logGet(44)) - raft.server.log.statemachine.data.sync = true (default)
2022-02-24 16:56:44,248 [pool-506-thread-1] INFO  server.RaftServerConfigKeys (ConfUtils.java:logGet(44)) - raft.server.log.statemachine.data.sync.timeout = 10s (default)
2022-02-24 16:56:44,248 [pool-506-thread-1] INFO  server.RaftServerConfigKeys (ConfUtils.java:logGet(44)) - raft.server.log.statemachine.data.sync.timeout.retry = -1 (default)
2022-02-24 16:56:44,248 [pool-506-thread-1] INFO  server.RaftServerConfigKeys (ConfUtils.java:logGet(44)) - raft.server.log.write.buffer.size = 1048576 (custom)
2022-02-24 16:56:44,249 [pool-506-thread-1] INFO  server.RaftServerConfigKeys (ConfUtils.java:logGet(44)) - raft.server.log.statemachine.data.caching.enabled = true (custom)
2022-02-24 16:56:44,251 [pool-506-thread-1] INFO  segmented.SegmentedRaftLogWorker (SegmentedRaftLogWorker.java:lambda$new$0(133)) - cf3a7bfa-0a59-4cf0-978b-44f71b96abbc@group-7905F06C5BAF-SegmentedRaftLogWorker: flushIndex: setUnconditionally 0 -> -1
2022-02-24 16:56:44,251 [pool-506-thread-1] INFO  segmented.SegmentedRaftLogWorker (SegmentedRaftLogWorker.java:lambda$new$0(133)) - cf3a7bfa-0a59-4cf0-978b-44f71b96abbc@group-7905F06C5BAF-SegmentedRaftLogWorker: safeCacheEvictIndex: setUnconditionally 0 -> -1
2022-02-24 16:56:44,256 [pool-506-thread-1] INFO  server.RaftServerConfigKeys (ConfUtils.java:logGet(44)) - raft.server.snapshot.auto.trigger.enabled = true (custom)
2022-02-24 16:56:44,260 [pool-506-thread-1] INFO  server.RaftServerConfigKeys (ConfUtils.java:logGet(44)) - raft.server.snapshot.auto.trigger.threshold = 10000 (custom)
2022-02-24 16:56:44,260 [pool-506-thread-1] INFO  server.RaftServerConfigKeys (ConfUtils.java:logGet(44)) - raft.server.snapshot.retention.file.num = 5 (custom)
2022-02-24 16:56:44,260 [pool-506-thread-1] INFO  server.RaftServerConfigKeys (ConfUtils.java:logGet(44)) - raft.server.log.purge.upto.snapshot.index = false (default)
2022-02-24 16:56:44,260 [pool-506-thread-1] INFO  server.RaftServerConfigKeys (ConfUtils.java:logGet(44)) - raft.server.retrycache.expirytime = 600000ms (custom)
2022-02-24 16:56:44,260 [pool-506-thread-1] INFO  server.RaftServerConfigKeys (ConfUtils.java:logGet(44)) - raft.server.retrycache.statistics.expirytime = 100μs (default)
2022-02-24 16:56:44,261 [pool-506-thread-1] INFO  server.RaftServer$Division (RaftServerImpl.java:start(301)) - cf3a7bfa-0a59-4cf0-978b-44f71b96abbc@group-7905F06C5BAF: start as a follower, conf=-1: [cf3a7bfa-0a59-4cf0-978b-44f71b96abbc|rpc:10.1.0.37:40183|priority:1], old=null
2022-02-24 16:56:44,261 [pool-506-thread-1] INFO  server.RaftServer$Division (RaftServerImpl.java:setRole(290)) - cf3a7bfa-0a59-4cf0-978b-44f71b96abbc@group-7905F06C5BAF: changes role from      null to FOLLOWER at term 0 for startAsFollower
2022-02-24 16:56:44,261 [pool-506-thread-1] INFO  impl.RoleInfo (RoleInfo.java:updateAndGet(130)) - cf3a7bfa-0a59-4cf0-978b-44f71b96abbc: start cf3a7bfa-0a59-4cf0-978b-44f71b96abbc@group-7905F06C5BAF-FollowerState
2022-02-24 16:56:44,261 [pool-506-thread-1] INFO  util.JmxRegister (JmxRegister.java:tryRegister(44)) - Successfully registered JMX Bean with object name Ratis:service=RaftServer,group=group-7905F06C5BAF,id=cf3a7bfa-0a59-4cf0-978b-44f71b96abbc
2022-02-24 16:56:44,269 [Command processor thread] INFO  ratis.XceiverServerRatis (XceiverServerRatis.java:addGroup(769)) - Created group PipelineID=1f4e49ad-f9db-4751-8d36-7905f06c5baf
2022-02-24 16:56:44,269 [Command processor thread] INFO  commandhandler.CreatePipelineCommandHandler (CreatePipelineCommandHandler.java:handle(106)) - Created Pipeline RATIS ONE PipelineID=1f4e49ad-f9db-4751-8d36-7905f06c5baf.
2022-02-24 16:56:44,269 [Command processor thread] INFO  server.RaftServer (RaftServerProxy.java:addNew(95)) - cf3a7bfa-0a59-4cf0-978b-44f71b96abbc: addNew group-D784B15B949E:[b07270f0-c5b1-4afe-99f3-aa5758d6ba5c|rpc:10.1.0.37:45647|priority:1, 6b991a1f-9e77-4b13-a483-fcde5672bd4a|rpc:10.1.0.37:38289|priority:0, cf3a7bfa-0a59-4cf0-978b-44f71b96abbc|rpc:10.1.0.37:40183|priority:0] returns group-D784B15B949E:java.util.concurrent.CompletableFuture@60613ddf[Not completed]
2022-02-24 16:56:44,270 [pool-506-thread-1] INFO  server.RaftServer$Division (RaftServerImpl.java:<init>(184)) - cf3a7bfa-0a59-4cf0-978b-44f71b96abbc: new RaftServerImpl for group-D784B15B949E:[b07270f0-c5b1-4afe-99f3-aa5758d6ba5c|rpc:10.1.0.37:45647|priority:1, 6b991a1f-9e77-4b13-a483-fcde5672bd4a|rpc:10.1.0.37:38289|priority:0, cf3a7bfa-0a59-4cf0-978b-44f71b96abbc|rpc:10.1.0.37:40183|priority:0] with ContainerStateMachine:uninitialized
2022-02-24 16:56:44,270 [pool-506-thread-1] INFO  server.RaftServerConfigKeys (ConfUtils.java:logGet(44)) - raft.server.rpc.timeout.min = 5s (custom)
2022-02-24 16:56:44,270 [pool-506-thread-1] INFO  server.RaftServerConfigKeys (ConfUtils.java:logGet(44)) - raft.server.rpc.timeout.max = 5200ms (custom)
2022-02-24 16:56:44,270 [pool-506-thread-1] INFO  server.RaftServerConfigKeys (ConfUtils.java:logGet(44)) - raft.server.rpc.sleep.time = 25ms (default)
2022-02-24 16:56:44,270 [pool-506-thread-1] INFO  server.RaftServerConfigKeys (ConfUtils.java:logGet(44)) - raft.server.rpc.slowness.timeout = 300000ms (custom)
2022-02-24 16:56:44,270 [pool-506-thread-1] INFO  server.RaftServerConfigKeys (ConfUtils.java:logGet(44)) - raft.server.leaderelection.leader.step-down.wait-time = 10s (default)
2022-02-24 16:56:44,270 [pool-506-thread-1] INFO  server.RaftServerConfigKeys (ConfUtils.java:logGet(44)) - raft.server.sleep.deviation.threshold = 300ms (default)
2022-02-24 16:56:44,270 [pool-506-thread-1] INFO  server.RaftServerConfigKeys (ConfUtils.java:logGet(44)) - raft.server.log.appender.install.snapshot.enabled = false (custom)
2022-02-24 16:56:44,270 [pool-506-thread-1] INFO  server.RaftServer$Division (ServerState.java:<init>(105)) - cf3a7bfa-0a59-4cf0-978b-44f71b96abbc@group-D784B15B949E: ConfigurationManager, init=-1: [b07270f0-c5b1-4afe-99f3-aa5758d6ba5c|rpc:10.1.0.37:45647|priority:1, 6b991a1f-9e77-4b13-a483-fcde5672bd4a|rpc:10.1.0.37:38289|priority:0, cf3a7bfa-0a59-4cf0-978b-44f71b96abbc|rpc:10.1.0.37:40183|priority:0], old=null, confs=<EMPTY_MAP>
2022-02-24 16:56:44,270 [pool-506-thread-1] INFO  server.RaftServerConfigKeys (ConfUtils.java:logGet(44)) - raft.server.storage.dir = [/home/runner/work/ozone/ozone/hadoop-ozone/integration-test/target/test-dir/MiniOzoneClusterImpl-a9e0dedd-d836-4895-9472-52c2256152d3/datanode-1/data/ratis] (custom)
2022-02-24 16:56:44,271 [pool-506-thread-1] INFO  server.RaftServerConfigKeys (ConfUtils.java:logGet(44)) - raft.server.log.corruption.policy = EXCEPTION (default)
2022-02-24 16:56:44,271 [pool-506-thread-1] INFO  server.RaftServerConfigKeys (ConfUtils.java:logGet(44)) - raft.server.storage.free-space.min = 0MB (=0) (default)
2022-02-24 16:56:44,271 [pool-506-thread-1] INFO  storage.RaftStorageDirectory (RaftStorageDirectoryImpl.java:analyzeStorage(135)) - The storage directory /home/runner/work/ozone/ozone/hadoop-ozone/integration-test/target/test-dir/MiniOzoneClusterImpl-a9e0dedd-d836-4895-9472-52c2256152d3/datanode-1/data/ratis/9d89eb0f-cdb5-491e-824c-d784b15b949e does not exist. Creating ...
2022-02-24 16:56:44,273 [pool-506-thread-1] INFO  storage.RaftStorageDirectory (RaftStorageDirectoryImpl.java:tryLock(230)) - Lock on /home/runner/work/ozone/ozone/hadoop-ozone/integration-test/target/test-dir/MiniOzoneClusterImpl-a9e0dedd-d836-4895-9472-52c2256152d3/datanode-1/data/ratis/9d89eb0f-cdb5-491e-824c-d784b15b949e/in_use.lock acquired by nodename 3150@fv-az59-243
2022-02-24 16:56:44,275 [pool-506-thread-1] INFO  storage.RaftStorage (RaftStorageImpl.java:format(89)) - Storage directory /home/runner/work/ozone/ozone/hadoop-ozone/integration-test/target/test-dir/MiniOzoneClusterImpl-a9e0dedd-d836-4895-9472-52c2256152d3/datanode-1/data/ratis/9d89eb0f-cdb5-491e-824c-d784b15b949e has been successfully formatted.
2022-02-24 16:56:44,289 [pool-506-thread-1] INFO  ratis.ContainerStateMachine (ContainerStateMachine.java:loadSnapshot(236)) - group-D784B15B949E: The snapshot info is null. Setting the last applied indexto:(t:0, i:~)
2022-02-24 16:56:44,289 [pool-506-thread-1] INFO  server.RaftServerConfigKeys (ConfUtils.java:logGet(44)) - raft.server.notification.no-leader.timeout = 300000ms (custom)
2022-02-24 16:56:44,289 [pool-506-thread-1] INFO  server.RaftServerConfigKeys (ConfUtils.java:logGet(44)) - raft.server.log.use.memory = false (default)
2022-02-24 16:56:44,289 [pool-506-thread-1] INFO  server.RaftServerConfigKeys (ConfUtils.java:logGet(44)) - raft.server.log.purge.gap = 1000000 (custom)
2022-02-24 16:56:44,289 [pool-506-thread-1] INFO  server.RaftServerConfigKeys (ConfUtils.java:logGet(44)) - raft.server.log.appender.buffer.byte-limit = 33554432 (custom)
2022-02-24 16:56:44,289 [pool-506-thread-1] INFO  server.RaftServerConfigKeys (ConfUtils.java:logGet(44)) - raft.server.log.segment.size.max = 1048576 (custom)
2022-02-24 16:56:44,290 [pool-506-thread-1] INFO  server.RaftServerConfigKeys (ConfUtils.java:logGet(44)) - raft.server.log.segment.cache.num.max = 2 (custom)
2022-02-24 16:56:44,290 [pool-506-thread-1] INFO  server.RaftServerConfigKeys (ConfUtils.java:logGet(44)) - raft.server.log.segment.cache.size.max = 200MB (=209715200) (default)
2022-02-24 16:56:44,290 [pool-506-thread-1] INFO  segmented.SegmentedRaftLogWorker (SegmentedRaftLogWorker.java:<init>(182)) - new cf3a7bfa-0a59-4cf0-978b-44f71b96abbc@group-D784B15B949E-SegmentedRaftLogWorker for RaftStorageImpl:Storage Directory /home/runner/work/ozone/ozone/hadoop-ozone/integration-test/target/test-dir/MiniOzoneClusterImpl-a9e0dedd-d836-4895-9472-52c2256152d3/datanode-1/data/ratis/9d89eb0f-cdb5-491e-824c-d784b15b949e
2022-02-24 16:56:44,290 [pool-506-thread-1] INFO  server.RaftServerConfigKeys (ConfUtils.java:logGet(44)) - raft.server.log.queue.byte-limit = 4294967296 (custom)
2022-02-24 16:56:44,290 [pool-506-thread-1] INFO  server.RaftServerConfigKeys (ConfUtils.java:logGet(44)) - raft.server.log.queue.element-limit = 1024 (custom)
2022-02-24 16:56:44,290 [pool-506-thread-1] INFO  server.RaftServerConfigKeys (ConfUtils.java:logGet(44)) - raft.server.log.segment.size.max = 1048576 (custom)
2022-02-24 16:56:44,290 [pool-506-thread-1] INFO  server.RaftServerConfigKeys (ConfUtils.java:logGet(44)) - raft.server.log.preallocated.size = 16384 (custom)
2022-02-24 16:56:44,290 [pool-506-thread-1] INFO  server.RaftServerConfigKeys (ConfUtils.java:logGet(44)) - raft.server.log.force.sync.num = 128 (default)
2022-02-24 16:56:44,290 [pool-506-thread-1] INFO  server.RaftServerConfigKeys (ConfUtils.java:logGet(44)) - raft.server.log.statemachine.data.sync = true (default)
2022-02-24 16:56:44,290 [pool-506-thread-1] INFO  server.RaftServerConfigKeys (ConfUtils.java:logGet(44)) - raft.server.log.statemachine.data.sync.timeout = 10s (default)
2022-02-24 16:56:44,290 [pool-506-thread-1] INFO  server.RaftServerConfigKeys (ConfUtils.java:logGet(44)) - raft.server.log.statemachine.data.sync.timeout.retry = -1 (default)
2022-02-24 16:56:44,291 [pool-506-thread-1] INFO  server.RaftServerConfigKeys (ConfUtils.java:logGet(44)) - raft.server.log.write.buffer.size = 1048576 (custom)
2022-02-24 16:56:44,293 [pool-506-thread-1] INFO  server.RaftServerConfigKeys (ConfUtils.java:logGet(44)) - raft.server.log.statemachine.data.caching.enabled = true (custom)
2022-02-24 16:56:44,293 [pool-506-thread-1] INFO  segmented.SegmentedRaftLogWorker (SegmentedRaftLogWorker.java:lambda$new$0(133)) - cf3a7bfa-0a59-4cf0-978b-44f71b96abbc@group-D784B15B949E-SegmentedRaftLogWorker: flushIndex: setUnconditionally 0 -> -1
2022-02-24 16:56:44,293 [pool-506-thread-1] INFO  segmented.SegmentedRaftLogWorker (SegmentedRaftLogWorker.java:lambda$new$0(133)) - cf3a7bfa-0a59-4cf0-978b-44f71b96abbc@group-D784B15B949E-SegmentedRaftLogWorker: safeCacheEvictIndex: setUnconditionally 0 -> -1
2022-02-24 16:56:44,300 [pool-506-thread-1] INFO  server.RaftServerConfigKeys (ConfUtils.java:logGet(44)) - raft.server.snapshot.auto.trigger.enabled = true (custom)
2022-02-24 16:56:44,300 [pool-506-thread-1] INFO  server.RaftServerConfigKeys (ConfUtils.java:logGet(44)) - raft.server.snapshot.auto.trigger.threshold = 10000 (custom)
2022-02-24 16:56:44,300 [pool-506-thread-1] INFO  server.RaftServerConfigKeys (ConfUtils.java:logGet(44)) - raft.server.snapshot.retention.file.num = 5 (custom)
2022-02-24 16:56:44,300 [pool-506-thread-1] INFO  server.RaftServerConfigKeys (ConfUtils.java:logGet(44)) - raft.server.log.purge.upto.snapshot.index = false (default)
2022-02-24 16:56:44,300 [pool-506-thread-1] INFO  server.RaftServerConfigKeys (ConfUtils.java:logGet(44)) - raft.server.retrycache.expirytime = 600000ms (custom)
2022-02-24 16:56:44,300 [pool-506-thread-1] INFO  server.RaftServerConfigKeys (ConfUtils.java:logGet(44)) - raft.server.retrycache.statistics.expirytime = 100μs (default)
2022-02-24 16:56:44,301 [pool-506-thread-1] INFO  server.RaftServer$Division (RaftServerImpl.java:start(301)) - cf3a7bfa-0a59-4cf0-978b-44f71b96abbc@group-D784B15B949E: start as a follower, conf=-1: [b07270f0-c5b1-4afe-99f3-aa5758d6ba5c|rpc:10.1.0.37:45647|priority:1, 6b991a1f-9e77-4b13-a483-fcde5672bd4a|rpc:10.1.0.37:38289|priority:0, cf3a7bfa-0a59-4cf0-978b-44f71b96abbc|rpc:10.1.0.37:40183|priority:0], old=null
2022-02-24 16:56:44,301 [pool-506-thread-1] INFO  server.RaftServer$Division (RaftServerImpl.java:setRole(290)) - cf3a7bfa-0a59-4cf0-978b-44f71b96abbc@group-D784B15B949E: changes role from      null to FOLLOWER at term 0 for startAsFollower
2022-02-24 16:56:44,301 [pool-506-thread-1] INFO  impl.RoleInfo (RoleInfo.java:updateAndGet(130)) - cf3a7bfa-0a59-4cf0-978b-44f71b96abbc: start cf3a7bfa-0a59-4cf0-978b-44f71b96abbc@group-D784B15B949E-FollowerState
2022-02-24 16:56:44,307 [pool-506-thread-1] INFO  util.JmxRegister (JmxRegister.java:tryRegister(44)) - Successfully registered JMX Bean with object name Ratis:service=RaftServer,group=group-D784B15B949E,id=cf3a7bfa-0a59-4cf0-978b-44f71b96abbc
2022-02-24 16:56:44,307 [Command processor thread] INFO  ratis.XceiverServerRatis (XceiverServerRatis.java:addGroup(769)) - Created group PipelineID=9d89eb0f-cdb5-491e-824c-d784b15b949e
2022-02-24 16:56:44,313 [grpc-default-executor-5] INFO  server.RaftServer (RaftServerProxy.java:addNew(95)) - b07270f0-c5b1-4afe-99f3-aa5758d6ba5c: addNew group-D784B15B949E:[b07270f0-c5b1-4afe-99f3-aa5758d6ba5c|rpc:10.1.0.37:45647|dataStream:|priority:1, 6b991a1f-9e77-4b13-a483-fcde5672bd4a|rpc:10.1.0.37:38289|dataStream:|priority:0, cf3a7bfa-0a59-4cf0-978b-44f71b96abbc|rpc:10.1.0.37:40183|dataStream:|priority:0] returns group-D784B15B949E:java.util.concurrent.CompletableFuture@5eaf07f9[Not completed]
2022-02-24 16:56:44,313 [pool-320-thread-1] INFO  server.RaftServer$Division (RaftServerImpl.java:<init>(184)) - b07270f0-c5b1-4afe-99f3-aa5758d6ba5c: new RaftServerImpl for group-D784B15B949E:[b07270f0-c5b1-4afe-99f3-aa5758d6ba5c|rpc:10.1.0.37:45647|dataStream:|priority:1, 6b991a1f-9e77-4b13-a483-fcde5672bd4a|rpc:10.1.0.37:38289|dataStream:|priority:0, cf3a7bfa-0a59-4cf0-978b-44f71b96abbc|rpc:10.1.0.37:40183|dataStream:|priority:0] with ContainerStateMachine:uninitialized
2022-02-24 16:56:44,314 [pool-320-thread-1] INFO  server.RaftServerConfigKeys (ConfUtils.java:logGet(44)) - raft.server.rpc.timeout.min = 5s (custom)
2022-02-24 16:56:44,314 [pool-320-thread-1] INFO  server.RaftServerConfigKeys (ConfUtils.java:logGet(44)) - raft.server.rpc.timeout.max = 5200ms (custom)
2022-02-24 16:56:44,314 [pool-320-thread-1] INFO  server.RaftServerConfigKeys (ConfUtils.java:logGet(44)) - raft.server.rpc.sleep.time = 25ms (default)
2022-02-24 16:56:44,314 [pool-320-thread-1] INFO  server.RaftServerConfigKeys (ConfUtils.java:logGet(44)) - raft.server.rpc.slowness.timeout = 300000ms (custom)
2022-02-24 16:56:44,314 [pool-320-thread-1] INFO  server.RaftServerConfigKeys (ConfUtils.java:logGet(44)) - raft.server.leaderelection.leader.step-down.wait-time = 10s (default)
2022-02-24 16:56:44,314 [pool-320-thread-1] INFO  server.RaftServerConfigKeys (ConfUtils.java:logGet(44)) - raft.server.sleep.deviation.threshold = 300ms (default)
2022-02-24 16:56:44,314 [pool-320-thread-1] INFO  server.RaftServerConfigKeys (ConfUtils.java:logGet(44)) - raft.server.log.appender.install.snapshot.enabled = false (custom)
2022-02-24 16:56:44,314 [pool-320-thread-1] INFO  server.RaftServer$Division (ServerState.java:<init>(105)) - b07270f0-c5b1-4afe-99f3-aa5758d6ba5c@group-D784B15B949E: ConfigurationManager, init=-1: [b07270f0-c5b1-4afe-99f3-aa5758d6ba5c|rpc:10.1.0.37:45647|dataStream:|priority:1, 6b991a1f-9e77-4b13-a483-fcde5672bd4a|rpc:10.1.0.37:38289|dataStream:|priority:0, cf3a7bfa-0a59-4cf0-978b-44f71b96abbc|rpc:10.1.0.37:40183|dataStream:|priority:0], old=null, confs=<EMPTY_MAP>
2022-02-24 16:56:44,314 [pool-320-thread-1] INFO  server.RaftServerConfigKeys (ConfUtils.java:logGet(44)) - raft.server.storage.dir = [/home/runner/work/ozone/ozone/hadoop-ozone/integration-test/target/test-dir/MiniOzoneClusterImpl-a9e0dedd-d836-4895-9472-52c2256152d3/datanode-0/data/ratis] (custom)
2022-02-24 16:56:44,314 [pool-320-thread-1] INFO  server.RaftServerConfigKeys (ConfUtils.java:logGet(44)) - raft.server.log.corruption.policy = EXCEPTION (default)
2022-02-24 16:56:44,314 [pool-320-thread-1] INFO  server.RaftServerConfigKeys (ConfUtils.java:logGet(44)) - raft.server.storage.free-space.min = 0MB (=0) (default)
2022-02-24 16:56:44,314 [pool-320-thread-1] INFO  storage.RaftStorageDirectory (RaftStorageDirectoryImpl.java:analyzeStorage(135)) - The storage directory /home/runner/work/ozone/ozone/hadoop-ozone/integration-test/target/test-dir/MiniOzoneClusterImpl-a9e0dedd-d836-4895-9472-52c2256152d3/datanode-0/data/ratis/9d89eb0f-cdb5-491e-824c-d784b15b949e does not exist. Creating ...
2022-02-24 16:56:44,316 [pool-320-thread-1] INFO  storage.RaftStorageDirectory (RaftStorageDirectoryImpl.java:tryLock(230)) - Lock on /home/runner/work/ozone/ozone/hadoop-ozone/integration-test/target/test-dir/MiniOzoneClusterImpl-a9e0dedd-d836-4895-9472-52c2256152d3/datanode-0/data/ratis/9d89eb0f-cdb5-491e-824c-d784b15b949e/in_use.lock acquired by nodename 3150@fv-az59-243
2022-02-24 16:56:44,317 [pool-320-thread-1] INFO  storage.RaftStorage (RaftStorageImpl.java:format(89)) - Storage directory /home/runner/work/ozone/ozone/hadoop-ozone/integration-test/target/test-dir/MiniOzoneClusterImpl-a9e0dedd-d836-4895-9472-52c2256152d3/datanode-0/data/ratis/9d89eb0f-cdb5-491e-824c-d784b15b949e has been successfully formatted.
2022-02-24 16:56:44,329 [pool-320-thread-1] INFO  ratis.ContainerStateMachine (ContainerStateMachine.java:loadSnapshot(236)) - group-D784B15B949E: The snapshot info is null. Setting the last applied indexto:(t:0, i:~)
2022-02-24 16:56:44,330 [pool-320-thread-1] INFO  server.RaftServerConfigKeys (ConfUtils.java:logGet(44)) - raft.server.notification.no-leader.timeout = 300000ms (custom)
2022-02-24 16:56:44,330 [pool-320-thread-1] INFO  server.RaftServerConfigKeys (ConfUtils.java:logGet(44)) - raft.server.log.use.memory = false (default)
2022-02-24 16:56:44,330 [pool-320-thread-1] INFO  server.RaftServerConfigKeys (ConfUtils.java:logGet(44)) - raft.server.log.purge.gap = 1000000 (custom)
2022-02-24 16:56:44,330 [pool-320-thread-1] INFO  server.RaftServerConfigKeys (ConfUtils.java:logGet(44)) - raft.server.log.appender.buffer.byte-limit = 33554432 (custom)
2022-02-24 16:56:44,330 [pool-320-thread-1] INFO  server.RaftServerConfigKeys (ConfUtils.java:logGet(44)) - raft.server.log.segment.size.max = 1048576 (custom)
2022-02-24 16:56:44,330 [pool-320-thread-1] INFO  server.RaftServerConfigKeys (ConfUtils.java:logGet(44)) - raft.server.log.segment.cache.num.max = 2 (custom)
2022-02-24 16:56:44,330 [pool-320-thread-1] INFO  server.RaftServerConfigKeys (ConfUtils.java:logGet(44)) - raft.server.log.segment.cache.size.max = 200MB (=209715200) (default)
2022-02-24 16:56:44,330 [pool-320-thread-1] INFO  segmented.SegmentedRaftLogWorker (SegmentedRaftLogWorker.java:<init>(182)) - new b07270f0-c5b1-4afe-99f3-aa5758d6ba5c@group-D784B15B949E-SegmentedRaftLogWorker for RaftStorageImpl:Storage Directory /home/runner/work/ozone/ozone/hadoop-ozone/integration-test/target/test-dir/MiniOzoneClusterImpl-a9e0dedd-d836-4895-9472-52c2256152d3/datanode-0/data/ratis/9d89eb0f-cdb5-491e-824c-d784b15b949e
2022-02-24 16:56:44,330 [pool-320-thread-1] INFO  server.RaftServerConfigKeys (ConfUtils.java:logGet(44)) - raft.server.log.queue.byte-limit = 4294967296 (custom)
2022-02-24 16:56:44,330 [pool-320-thread-1] INFO  server.RaftServerConfigKeys (ConfUtils.java:logGet(44)) - raft.server.log.queue.element-limit = 1024 (custom)
2022-02-24 16:56:44,330 [pool-320-thread-1] INFO  server.RaftServerConfigKeys (ConfUtils.java:logGet(44)) - raft.server.log.segment.size.max = 1048576 (custom)
2022-02-24 16:56:44,331 [pool-320-thread-1] INFO  server.RaftServerConfigKeys (ConfUtils.java:logGet(44)) - raft.server.log.preallocated.size = 16384 (custom)
2022-02-24 16:56:44,331 [pool-320-thread-1] INFO  server.RaftServerConfigKeys (ConfUtils.java:logGet(44)) - raft.server.log.force.sync.num = 128 (default)
2022-02-24 16:56:44,331 [pool-320-thread-1] INFO  server.RaftServerConfigKeys (ConfUtils.java:logGet(44)) - raft.server.log.statemachine.data.sync = true (default)
2022-02-24 16:56:44,331 [pool-320-thread-1] INFO  server.RaftServerConfigKeys (ConfUtils.java:logGet(44)) - raft.server.log.statemachine.data.sync.timeout = 10s (default)
2022-02-24 16:56:44,331 [pool-320-thread-1] INFO  server.RaftServerConfigKeys (ConfUtils.java:logGet(44)) - raft.server.log.statemachine.data.sync.timeout.retry = -1 (default)
2022-02-24 16:56:44,331 [pool-320-thread-1] INFO  server.RaftServerConfigKeys (ConfUtils.java:logGet(44)) - raft.server.log.write.buffer.size = 1048576 (custom)
2022-02-24 16:56:44,333 [pool-320-thread-1] INFO  server.RaftServerConfigKeys (ConfUtils.java:logGet(44)) - raft.server.log.statemachine.data.caching.enabled = true (custom)
2022-02-24 16:56:44,334 [pool-320-thread-1] INFO  segmented.SegmentedRaftLogWorker (SegmentedRaftLogWorker.java:lambda$new$0(133)) - b07270f0-c5b1-4afe-99f3-aa5758d6ba5c@group-D784B15B949E-SegmentedRaftLogWorker: flushIndex: setUnconditionally 0 -> -1
2022-02-24 16:56:44,334 [pool-320-thread-1] INFO  segmented.SegmentedRaftLogWorker (SegmentedRaftLogWorker.java:lambda$new$0(133)) - b07270f0-c5b1-4afe-99f3-aa5758d6ba5c@group-D784B15B949E-SegmentedRaftLogWorker: safeCacheEvictIndex: setUnconditionally 0 -> -1
2022-02-24 16:56:44,335 [pool-320-thread-1] INFO  server.RaftServerConfigKeys (ConfUtils.java:logGet(44)) - raft.server.snapshot.auto.trigger.enabled = true (custom)
2022-02-24 16:56:44,335 [pool-320-thread-1] INFO  server.RaftServerConfigKeys (ConfUtils.java:logGet(44)) - raft.server.snapshot.auto.trigger.threshold = 10000 (custom)
2022-02-24 16:56:44,335 [pool-320-thread-1] INFO  server.RaftServerConfigKeys (ConfUtils.java:logGet(44)) - raft.server.snapshot.retention.file.num = 5 (custom)
2022-02-24 16:56:44,335 [pool-320-thread-1] INFO  server.RaftServerConfigKeys (ConfUtils.java:logGet(44)) - raft.server.log.purge.upto.snapshot.index = false (default)
2022-02-24 16:56:44,336 [pool-320-thread-1] INFO  server.RaftServerConfigKeys (ConfUtils.java:logGet(44)) - raft.server.retrycache.expirytime = 600000ms (custom)
2022-02-24 16:56:44,336 [pool-320-thread-1] INFO  server.RaftServerConfigKeys (ConfUtils.java:logGet(44)) - raft.server.retrycache.statistics.expirytime = 100μs (default)
2022-02-24 16:56:44,337 [pool-320-thread-1] INFO  server.RaftServer$Division (RaftServerImpl.java:start(301)) - b07270f0-c5b1-4afe-99f3-aa5758d6ba5c@group-D784B15B949E: start as a follower, conf=-1: [b07270f0-c5b1-4afe-99f3-aa5758d6ba5c|rpc:10.1.0.37:45647|dataStream:|priority:1, 6b991a1f-9e77-4b13-a483-fcde5672bd4a|rpc:10.1.0.37:38289|dataStream:|priority:0, cf3a7bfa-0a59-4cf0-978b-44f71b96abbc|rpc:10.1.0.37:40183|dataStream:|priority:0], old=null
2022-02-24 16:56:44,337 [pool-320-thread-1] INFO  server.RaftServer$Division (RaftServerImpl.java:setRole(290)) - b07270f0-c5b1-4afe-99f3-aa5758d6ba5c@group-D784B15B949E: changes role from      null to FOLLOWER at term 0 for startAsFollower
2022-02-24 16:56:44,337 [pool-320-thread-1] INFO  impl.RoleInfo (RoleInfo.java:updateAndGet(130)) - b07270f0-c5b1-4afe-99f3-aa5758d6ba5c: start b07270f0-c5b1-4afe-99f3-aa5758d6ba5c@group-D784B15B949E-FollowerState
2022-02-24 16:56:44,338 [pool-320-thread-1] INFO  util.JmxRegister (JmxRegister.java:tryRegister(44)) - Successfully registered JMX Bean with object name Ratis:service=RaftServer,group=group-D784B15B949E,id=b07270f0-c5b1-4afe-99f3-aa5758d6ba5c
2022-02-24 16:56:44,394 [grpc-default-executor-4] INFO  server.RaftServer (RaftServerProxy.java:addNew(95)) - 6b991a1f-9e77-4b13-a483-fcde5672bd4a: addNew group-D784B15B949E:[b07270f0-c5b1-4afe-99f3-aa5758d6ba5c|rpc:10.1.0.37:45647|dataStream:|priority:1, 6b991a1f-9e77-4b13-a483-fcde5672bd4a|rpc:10.1.0.37:38289|dataStream:|priority:0, cf3a7bfa-0a59-4cf0-978b-44f71b96abbc|rpc:10.1.0.37:40183|dataStream:|priority:0] returns group-D784B15B949E:java.util.concurrent.CompletableFuture@5f8c677[Not completed]
2022-02-24 16:56:44,395 [pool-446-thread-1] INFO  server.RaftServer$Division (RaftServerImpl.java:<init>(184)) - 6b991a1f-9e77-4b13-a483-fcde5672bd4a: new RaftServerImpl for group-D784B15B949E:[b07270f0-c5b1-4afe-99f3-aa5758d6ba5c|rpc:10.1.0.37:45647|dataStream:|priority:1, 6b991a1f-9e77-4b13-a483-fcde5672bd4a|rpc:10.1.0.37:38289|dataStream:|priority:0, cf3a7bfa-0a59-4cf0-978b-44f71b96abbc|rpc:10.1.0.37:40183|dataStream:|priority:0] with ContainerStateMachine:uninitialized
2022-02-24 16:56:44,395 [pool-446-thread-1] INFO  server.RaftServerConfigKeys (ConfUtils.java:logGet(44)) - raft.server.rpc.timeout.min = 5s (custom)
2022-02-24 16:56:44,395 [pool-446-thread-1] INFO  server.RaftServerConfigKeys (ConfUtils.java:logGet(44)) - raft.server.rpc.timeout.max = 5200ms (custom)
2022-02-24 16:56:44,395 [pool-446-thread-1] INFO  server.RaftServerConfigKeys (ConfUtils.java:logGet(44)) - raft.server.rpc.sleep.time = 25ms (default)
2022-02-24 16:56:44,395 [pool-446-thread-1] INFO  server.RaftServerConfigKeys (ConfUtils.java:logGet(44)) - raft.server.rpc.slowness.timeout = 300000ms (custom)
2022-02-24 16:56:44,395 [pool-446-thread-1] INFO  server.RaftServerConfigKeys (ConfUtils.java:logGet(44)) - raft.server.leaderelection.leader.step-down.wait-time = 10s (default)
2022-02-24 16:56:44,395 [pool-446-thread-1] INFO  server.RaftServerConfigKeys (ConfUtils.java:logGet(44)) - raft.server.sleep.deviation.threshold = 300ms (default)
2022-02-24 16:56:44,395 [pool-446-thread-1] INFO  server.RaftServerConfigKeys (ConfUtils.java:logGet(44)) - raft.server.log.appender.install.snapshot.enabled = false (custom)
2022-02-24 16:56:44,395 [pool-446-thread-1] INFO  server.RaftServer$Division (ServerState.java:<init>(105)) - 6b991a1f-9e77-4b13-a483-fcde5672bd4a@group-D784B15B949E: ConfigurationManager, init=-1: [b07270f0-c5b1-4afe-99f3-aa5758d6ba5c|rpc:10.1.0.37:45647|dataStream:|priority:1, 6b991a1f-9e77-4b13-a483-fcde5672bd4a|rpc:10.1.0.37:38289|dataStream:|priority:0, cf3a7bfa-0a59-4cf0-978b-44f71b96abbc|rpc:10.1.0.37:40183|dataStream:|priority:0], old=null, confs=<EMPTY_MAP>
2022-02-24 16:56:44,395 [pool-446-thread-1] INFO  server.RaftServerConfigKeys (ConfUtils.java:logGet(44)) - raft.server.storage.dir = [/home/runner/work/ozone/ozone/hadoop-ozone/integration-test/target/test-dir/MiniOzoneClusterImpl-a9e0dedd-d836-4895-9472-52c2256152d3/datanode-6/data/ratis] (custom)
2022-02-24 16:56:44,395 [pool-446-thread-1] INFO  server.RaftServerConfigKeys (ConfUtils.java:logGet(44)) - raft.server.log.corruption.policy = EXCEPTION (default)
2022-02-24 16:56:44,395 [pool-446-thread-1] INFO  server.RaftServerConfigKeys (ConfUtils.java:logGet(44)) - raft.server.storage.free-space.min = 0MB (=0) (default)
2022-02-24 16:56:44,395 [pool-446-thread-1] INFO  storage.RaftStorageDirectory (RaftStorageDirectoryImpl.java:analyzeStorage(135)) - The storage directory /home/runner/work/ozone/ozone/hadoop-ozone/integration-test/target/test-dir/MiniOzoneClusterImpl-a9e0dedd-d836-4895-9472-52c2256152d3/datanode-6/data/ratis/9d89eb0f-cdb5-491e-824c-d784b15b949e does not exist. Creating ...
2022-02-24 16:56:44,398 [pool-446-thread-1] INFO  storage.RaftStorageDirectory (RaftStorageDirectoryImpl.java:tryLock(230)) - Lock on /home/runner/work/ozone/ozone/hadoop-ozone/integration-test/target/test-dir/MiniOzoneClusterImpl-a9e0dedd-d836-4895-9472-52c2256152d3/datanode-6/data/ratis/9d89eb0f-cdb5-491e-824c-d784b15b949e/in_use.lock acquired by nodename 3150@fv-az59-243
2022-02-24 16:56:44,399 [pool-446-thread-1] INFO  storage.RaftStorage (RaftStorageImpl.java:format(89)) - Storage directory /home/runner/work/ozone/ozone/hadoop-ozone/integration-test/target/test-dir/MiniOzoneClusterImpl-a9e0dedd-d836-4895-9472-52c2256152d3/datanode-6/data/ratis/9d89eb0f-cdb5-491e-824c-d784b15b949e has been successfully formatted.
2022-02-24 16:56:44,400 [pool-446-thread-1] INFO  ratis.ContainerStateMachine (ContainerStateMachine.java:loadSnapshot(236)) - group-D784B15B949E: The snapshot info is null. Setting the last applied indexto:(t:0, i:~)
2022-02-24 16:56:44,400 [pool-446-thread-1] INFO  server.RaftServerConfigKeys (ConfUtils.java:logGet(44)) - raft.server.notification.no-leader.timeout = 300000ms (custom)
2022-02-24 16:56:44,400 [pool-446-thread-1] INFO  server.RaftServerConfigKeys (ConfUtils.java:logGet(44)) - raft.server.log.use.memory = false (default)
2022-02-24 16:56:44,400 [pool-446-thread-1] INFO  server.RaftServerConfigKeys (ConfUtils.java:logGet(44)) - raft.server.log.purge.gap = 1000000 (custom)
2022-02-24 16:56:44,400 [pool-446-thread-1] INFO  server.RaftServerConfigKeys (ConfUtils.java:logGet(44)) - raft.server.log.appender.buffer.byte-limit = 33554432 (custom)
2022-02-24 16:56:44,400 [pool-446-thread-1] INFO  server.RaftServerConfigKeys (ConfUtils.java:logGet(44)) - raft.server.log.segment.size.max = 1048576 (custom)
2022-02-24 16:56:44,400 [pool-446-thread-1] INFO  server.RaftServerConfigKeys (ConfUtils.java:logGet(44)) - raft.server.log.segment.cache.num.max = 2 (custom)
2022-02-24 16:56:44,400 [pool-446-thread-1] INFO  server.RaftServerConfigKeys (ConfUtils.java:logGet(44)) - raft.server.log.segment.cache.size.max = 200MB (=209715200) (default)
2022-02-24 16:56:44,400 [pool-446-thread-1] INFO  segmented.SegmentedRaftLogWorker (SegmentedRaftLogWorker.java:<init>(182)) - new 6b991a1f-9e77-4b13-a483-fcde5672bd4a@group-D784B15B949E-SegmentedRaftLogWorker for RaftStorageImpl:Storage Directory /home/runner/work/ozone/ozone/hadoop-ozone/integration-test/target/test-dir/MiniOzoneClusterImpl-a9e0dedd-d836-4895-9472-52c2256152d3/datanode-6/data/ratis/9d89eb0f-cdb5-491e-824c-d784b15b949e
2022-02-24 16:56:44,401 [pool-446-thread-1] INFO  server.RaftServerConfigKeys (ConfUtils.java:logGet(44)) - raft.server.log.queue.byte-limit = 4294967296 (custom)
2022-02-24 16:56:44,401 [pool-446-thread-1] INFO  server.RaftServerConfigKeys (ConfUtils.java:logGet(44)) - raft.server.log.queue.element-limit = 1024 (custom)
2022-02-24 16:56:44,401 [pool-446-thread-1] INFO  server.RaftServerConfigKeys (ConfUtils.java:logGet(44)) - raft.server.log.segment.size.max = 1048576 (custom)
2022-02-24 16:56:44,401 [pool-446-thread-1] INFO  server.RaftServerConfigKeys (ConfUtils.java:logGet(44)) - raft.server.log.preallocated.size = 16384 (custom)
2022-02-24 16:56:44,401 [pool-446-thread-1] INFO  server.RaftServerConfigKeys (ConfUtils.java:logGet(44)) - raft.server.log.force.sync.num = 128 (default)
2022-02-24 16:56:44,401 [pool-446-thread-1] INFO  server.RaftServerConfigKeys (ConfUtils.java:logGet(44)) - raft.server.log.statemachine.data.sync = true (default)
2022-02-24 16:56:44,401 [pool-446-thread-1] INFO  server.RaftServerConfigKeys (ConfUtils.java:logGet(44)) - raft.server.log.statemachine.data.sync.timeout = 10s (default)
2022-02-24 16:56:44,401 [pool-446-thread-1] INFO  server.RaftServerConfigKeys (ConfUtils.java:logGet(44)) - raft.server.log.statemachine.data.sync.timeout.retry = -1 (default)
2022-02-24 16:56:44,402 [pool-446-thread-1] INFO  server.RaftServerConfigKeys (ConfUtils.java:logGet(44)) - raft.server.log.write.buffer.size = 1048576 (custom)
2022-02-24 16:56:44,402 [pool-446-thread-1] INFO  server.RaftServerConfigKeys (ConfUtils.java:logGet(44)) - raft.server.log.statemachine.data.caching.enabled = true (custom)
2022-02-24 16:56:44,403 [pool-446-thread-1] INFO  segmented.SegmentedRaftLogWorker (SegmentedRaftLogWorker.java:lambda$new$0(133)) - 6b991a1f-9e77-4b13-a483-fcde5672bd4a@group-D784B15B949E-SegmentedRaftLogWorker: flushIndex: setUnconditionally 0 -> -1
2022-02-24 16:56:44,403 [pool-446-thread-1] INFO  segmented.SegmentedRaftLogWorker (SegmentedRaftLogWorker.java:lambda$new$0(133)) - 6b991a1f-9e77-4b13-a483-fcde5672bd4a@group-D784B15B949E-SegmentedRaftLogWorker: safeCacheEvictIndex: setUnconditionally 0 -> -1
2022-02-24 16:56:44,444 [pool-446-thread-1] INFO  server.RaftServerConfigKeys (ConfUtils.java:logGet(44)) - raft.server.snapshot.auto.trigger.enabled = true (custom)
2022-02-24 16:56:44,444 [pool-446-thread-1] INFO  server.RaftServerConfigKeys (ConfUtils.java:logGet(44)) - raft.server.snapshot.auto.trigger.threshold = 10000 (custom)
2022-02-24 16:56:44,444 [pool-446-thread-1] INFO  server.RaftServerConfigKeys (ConfUtils.java:logGet(44)) - raft.server.snapshot.retention.file.num = 5 (custom)
2022-02-24 16:56:44,444 [pool-446-thread-1] INFO  server.RaftServerConfigKeys (ConfUtils.java:logGet(44)) - raft.server.log.purge.upto.snapshot.index = false (default)
2022-02-24 16:56:44,444 [pool-446-thread-1] INFO  server.RaftServerConfigKeys (ConfUtils.java:logGet(44)) - raft.server.retrycache.expirytime = 600000ms (custom)
2022-02-24 16:56:44,444 [pool-446-thread-1] INFO  server.RaftServerConfigKeys (ConfUtils.java:logGet(44)) - raft.server.retrycache.statistics.expirytime = 100μs (default)
2022-02-24 16:56:44,446 [pool-446-thread-1] INFO  server.RaftServer$Division (RaftServerImpl.java:start(301)) - 6b991a1f-9e77-4b13-a483-fcde5672bd4a@group-D784B15B949E: start as a follower, conf=-1: [b07270f0-c5b1-4afe-99f3-aa5758d6ba5c|rpc:10.1.0.37:45647|dataStream:|priority:1, 6b991a1f-9e77-4b13-a483-fcde5672bd4a|rpc:10.1.0.37:38289|dataStream:|priority:0, cf3a7bfa-0a59-4cf0-978b-44f71b96abbc|rpc:10.1.0.37:40183|dataStream:|priority:0], old=null
2022-02-24 16:56:44,446 [pool-446-thread-1] INFO  server.RaftServer$Division (RaftServerImpl.java:setRole(290)) - 6b991a1f-9e77-4b13-a483-fcde5672bd4a@group-D784B15B949E: changes role from      null to FOLLOWER at term 0 for startAsFollower
2022-02-24 16:56:44,446 [pool-446-thread-1] INFO  impl.RoleInfo (RoleInfo.java:updateAndGet(130)) - 6b991a1f-9e77-4b13-a483-fcde5672bd4a: start 6b991a1f-9e77-4b13-a483-fcde5672bd4a@group-D784B15B949E-FollowerState
2022-02-24 16:56:44,452 [pool-446-thread-1] INFO  util.JmxRegister (JmxRegister.java:tryRegister(44)) - Successfully registered JMX Bean with object name Ratis:service=RaftServer,group=group-D784B15B949E,id=6b991a1f-9e77-4b13-a483-fcde5672bd4a
2022-02-24 16:56:44,492 [Command processor thread] INFO  commandhandler.CreatePipelineCommandHandler (CreatePipelineCommandHandler.java:handle(106)) - Created Pipeline RATIS THREE PipelineID=9d89eb0f-cdb5-491e-824c-d784b15b949e.
2022-02-24 16:56:44,492 [Command processor thread] INFO  server.RaftServer (RaftServerProxy.java:addNew(95)) - cf3a7bfa-0a59-4cf0-978b-44f71b96abbc: addNew group-D7E6B7717086:[6b991a1f-9e77-4b13-a483-fcde5672bd4a|rpc:10.1.0.37:38289|priority:0, 2a15bd7e-7896-4db0-9e08-f7464bcd33ee|rpc:10.1.0.37:41995|priority:1, cf3a7bfa-0a59-4cf0-978b-44f71b96abbc|rpc:10.1.0.37:40183|priority:0] returns group-D7E6B7717086:java.util.concurrent.CompletableFuture@1cd8842[Not completed]
2022-02-24 16:56:44,493 [pool-506-thread-1] INFO  server.RaftServer$Division (RaftServerImpl.java:<init>(184)) - cf3a7bfa-0a59-4cf0-978b-44f71b96abbc: new RaftServerImpl for group-D7E6B7717086:[6b991a1f-9e77-4b13-a483-fcde5672bd4a|rpc:10.1.0.37:38289|priority:0, 2a15bd7e-7896-4db0-9e08-f7464bcd33ee|rpc:10.1.0.37:41995|priority:1, cf3a7bfa-0a59-4cf0-978b-44f71b96abbc|rpc:10.1.0.37:40183|priority:0] with ContainerStateMachine:uninitialized
2022-02-24 16:56:44,493 [pool-506-thread-1] INFO  server.RaftServerConfigKeys (ConfUtils.java:logGet(44)) - raft.server.rpc.timeout.min = 5s (custom)
2022-02-24 16:56:44,493 [pool-506-thread-1] INFO  server.RaftServerConfigKeys (ConfUtils.java:logGet(44)) - raft.server.rpc.timeout.max = 5200ms (custom)
2022-02-24 16:56:44,493 [pool-506-thread-1] INFO  server.RaftServerConfigKeys (ConfUtils.java:logGet(44)) - raft.server.rpc.sleep.time = 25ms (default)
2022-02-24 16:56:44,493 [pool-506-thread-1] INFO  server.RaftServerConfigKeys (ConfUtils.java:logGet(44)) - raft.server.rpc.slowness.timeout = 300000ms (custom)
2022-02-24 16:56:44,493 [pool-506-thread-1] INFO  server.RaftServerConfigKeys (ConfUtils.java:logGet(44)) - raft.server.leaderelection.leader.step-down.wait-time = 10s (default)
2022-02-24 16:56:44,493 [pool-506-thread-1] INFO  server.RaftServerConfigKeys (ConfUtils.java:logGet(44)) - raft.server.sleep.deviation.threshold = 300ms (default)
2022-02-24 16:56:44,493 [pool-506-thread-1] INFO  server.RaftServerConfigKeys (ConfUtils.java:logGet(44)) - raft.server.log.appender.install.snapshot.enabled = false (custom)
2022-02-24 16:56:44,493 [pool-506-thread-1] INFO  server.RaftServer$Division (ServerState.java:<init>(105)) - cf3a7bfa-0a59-4cf0-978b-44f71b96abbc@group-D7E6B7717086: ConfigurationManager, init=-1: [6b991a1f-9e77-4b13-a483-fcde5672bd4a|rpc:10.1.0.37:38289|priority:0, 2a15bd7e-7896-4db0-9e08-f7464bcd33ee|rpc:10.1.0.37:41995|priority:1, cf3a7bfa-0a59-4cf0-978b-44f71b96abbc|rpc:10.1.0.37:40183|priority:0], old=null, confs=<EMPTY_MAP>
2022-02-24 16:56:44,493 [pool-506-thread-1] INFO  server.RaftServerConfigKeys (ConfUtils.java:logGet(44)) - raft.server.storage.dir = [/home/runner/work/ozone/ozone/hadoop-ozone/integration-test/target/test-dir/MiniOzoneClusterImpl-a9e0dedd-d836-4895-9472-52c2256152d3/datanode-1/data/ratis] (custom)
2022-02-24 16:56:44,493 [pool-506-thread-1] INFO  server.RaftServerConfigKeys (ConfUtils.java:logGet(44)) - raft.server.log.corruption.policy = EXCEPTION (default)
2022-02-24 16:56:44,494 [pool-506-thread-1] INFO  server.RaftServerConfigKeys (ConfUtils.java:logGet(44)) - raft.server.storage.free-space.min = 0MB (=0) (default)
2022-02-24 16:56:44,494 [pool-506-thread-1] INFO  storage.RaftStorageDirectory (RaftStorageDirectoryImpl.java:analyzeStorage(135)) - The storage directory /home/runner/work/ozone/ozone/hadoop-ozone/integration-test/target/test-dir/MiniOzoneClusterImpl-a9e0dedd-d836-4895-9472-52c2256152d3/datanode-1/data/ratis/451cfd88-c86e-482f-ac50-d7e6b7717086 does not exist. Creating ...
2022-02-24 16:56:44,499 [pool-506-thread-1] INFO  storage.RaftStorageDirectory (RaftStorageDirectoryImpl.java:tryLock(230)) - Lock on /home/runner/work/ozone/ozone/hadoop-ozone/integration-test/target/test-dir/MiniOzoneClusterImpl-a9e0dedd-d836-4895-9472-52c2256152d3/datanode-1/data/ratis/451cfd88-c86e-482f-ac50-d7e6b7717086/in_use.lock acquired by nodename 3150@fv-az59-243
2022-02-24 16:56:44,506 [pool-506-thread-1] INFO  storage.RaftStorage (RaftStorageImpl.java:format(89)) - Storage directory /home/runner/work/ozone/ozone/hadoop-ozone/integration-test/target/test-dir/MiniOzoneClusterImpl-a9e0dedd-d836-4895-9472-52c2256152d3/datanode-1/data/ratis/451cfd88-c86e-482f-ac50-d7e6b7717086 has been successfully formatted.
2022-02-24 16:56:44,518 [pool-506-thread-1] INFO  ratis.ContainerStateMachine (ContainerStateMachine.java:loadSnapshot(236)) - group-D7E6B7717086: The snapshot info is null. Setting the last applied indexto:(t:0, i:~)
2022-02-24 16:56:44,519 [pool-506-thread-1] INFO  server.RaftServerConfigKeys (ConfUtils.java:logGet(44)) - raft.server.notification.no-leader.timeout = 300000ms (custom)
2022-02-24 16:56:44,519 [pool-506-thread-1] INFO  server.RaftServerConfigKeys (ConfUtils.java:logGet(44)) - raft.server.log.use.memory = false (default)
2022-02-24 16:56:44,519 [pool-506-thread-1] INFO  server.RaftServerConfigKeys (ConfUtils.java:logGet(44)) - raft.server.log.purge.gap = 1000000 (custom)
2022-02-24 16:56:44,519 [pool-506-thread-1] INFO  server.RaftServerConfigKeys (ConfUtils.java:logGet(44)) - raft.server.log.appender.buffer.byte-limit = 33554432 (custom)
2022-02-24 16:56:44,519 [pool-506-thread-1] INFO  server.RaftServerConfigKeys (ConfUtils.java:logGet(44)) - raft.server.log.segment.size.max = 1048576 (custom)
2022-02-24 16:56:44,519 [pool-506-thread-1] INFO  server.RaftServerConfigKeys (ConfUtils.java:logGet(44)) - raft.server.log.segment.cache.num.max = 2 (custom)
2022-02-24 16:56:44,519 [pool-506-thread-1] INFO  server.RaftServerConfigKeys (ConfUtils.java:logGet(44)) - raft.server.log.segment.cache.size.max = 200MB (=209715200) (default)
2022-02-24 16:56:44,520 [pool-506-thread-1] INFO  segmented.SegmentedRaftLogWorker (SegmentedRaftLogWorker.java:<init>(182)) - new cf3a7bfa-0a59-4cf0-978b-44f71b96abbc@group-D7E6B7717086-SegmentedRaftLogWorker for RaftStorageImpl:Storage Directory /home/runner/work/ozone/ozone/hadoop-ozone/integration-test/target/test-dir/MiniOzoneClusterImpl-a9e0dedd-d836-4895-9472-52c2256152d3/datanode-1/data/ratis/451cfd88-c86e-482f-ac50-d7e6b7717086
2022-02-24 16:56:44,520 [pool-506-thread-1] INFO  server.RaftServerConfigKeys (ConfUtils.java:logGet(44)) - raft.server.log.queue.byte-limit = 4294967296 (custom)
2022-02-24 16:56:44,520 [pool-506-thread-1] INFO  server.RaftServerConfigKeys (ConfUtils.java:logGet(44)) - raft.server.log.queue.element-limit = 1024 (custom)
2022-02-24 16:56:44,520 [pool-506-thread-1] INFO  server.RaftServerConfigKeys (ConfUtils.java:logGet(44)) - raft.server.log.segment.size.max = 1048576 (custom)
2022-02-24 16:56:44,520 [pool-506-thread-1] INFO  server.RaftServerConfigKeys (ConfUtils.java:logGet(44)) - raft.server.log.preallocated.size = 16384 (custom)
2022-02-24 16:56:44,520 [pool-506-thread-1] INFO  server.RaftServerConfigKeys (ConfUtils.java:logGet(44)) - raft.server.log.force.sync.num = 128 (default)
2022-02-24 16:56:44,520 [pool-506-thread-1] INFO  server.RaftServerConfigKeys (ConfUtils.java:logGet(44)) - raft.server.log.statemachine.data.sync = true (default)
2022-02-24 16:56:44,520 [pool-506-thread-1] INFO  server.RaftServerConfigKeys (ConfUtils.java:logGet(44)) - raft.server.log.statemachine.data.sync.timeout = 10s (default)
2022-02-24 16:56:44,520 [pool-506-thread-1] INFO  server.RaftServerConfigKeys (ConfUtils.java:logGet(44)) - raft.server.log.statemachine.data.sync.timeout.retry = -1 (default)
2022-02-24 16:56:44,521 [pool-506-thread-1] INFO  server.RaftServerConfigKeys (ConfUtils.java:logGet(44)) - raft.server.log.write.buffer.size = 1048576 (custom)
2022-02-24 16:56:44,521 [pool-506-thread-1] INFO  server.RaftServerConfigKeys (ConfUtils.java:logGet(44)) - raft.server.log.statemachine.data.caching.enabled = true (custom)
2022-02-24 16:56:44,521 [pool-506-thread-1] INFO  segmented.SegmentedRaftLogWorker (SegmentedRaftLogWorker.java:lambda$new$0(133)) - cf3a7bfa-0a59-4cf0-978b-44f71b96abbc@group-D7E6B7717086-SegmentedRaftLogWorker: flushIndex: setUnconditionally 0 -> -1
2022-02-24 16:56:44,522 [pool-506-thread-1] INFO  segmented.SegmentedRaftLogWorker (SegmentedRaftLogWorker.java:lambda$new$0(133)) - cf3a7bfa-0a59-4cf0-978b-44f71b96abbc@group-D7E6B7717086-SegmentedRaftLogWorker: safeCacheEvictIndex: setUnconditionally 0 -> -1
2022-02-24 16:56:44,536 [Listener at 127.0.0.1/44987] INFO  ozone.MiniOzoneClusterImpl (MiniOzoneClusterImpl.java:shutdown(449)) - Shutting down the Mini Ozone Cluster
2022-02-24 16:56:44,537 [Listener at 127.0.0.1/44987] INFO  ozone.MiniOzoneClusterImpl (MiniOzoneClusterImpl.java:stop(464)) - Stopping the Mini Ozone Cluster
2022-02-24 16:56:44,537 [Listener at 127.0.0.1/44987] INFO  ozone.MiniOzoneClusterImpl (MiniOzoneClusterImpl.java:stopOM(546)) - Stopping the OzoneManager
2022-02-24 16:56:44,537 [Listener at 127.0.0.1/44987] INFO  om.OzoneManager (OzoneManager.java:stop(1893)) - om1[localhost:0]: Stopping Ozone Manager
2022-02-24 16:56:44,537 [Listener at 127.0.0.1/44987] INFO  ipc.Server (Server.java:stop(3414)) - Stopping server on 44987
2022-02-24 16:56:44,555 [IPC Server Responder] INFO  ipc.Server (Server.java:run(1512)) - Stopping IPC Server Responder
2022-02-24 16:56:44,555 [Listener at 127.0.0.1/44987] INFO  server.RaftServer (RaftServerProxy.java:lambda$close$6(391)) - om1: close
2022-02-24 16:56:44,555 [Listener at 127.0.0.1/44987] INFO  server.RaftServer$Division (RaftServerImpl.java:lambda$close$4(412)) - om1@group-C5BA1605619E: shutdown
2022-02-24 16:56:44,555 [Listener at 127.0.0.1/44987] INFO  util.JmxRegister (JmxRegister.java:unregister(73)) - Successfully un-registered JMX Bean with object name Ratis:service=RaftServer,group=group-C5BA1605619E,id=om1
2022-02-24 16:56:44,555 [Listener at 127.0.0.1/44987] INFO  impl.RoleInfo (RoleInfo.java:shutdownLeaderState(91)) - om1: shutdown om1@group-C5BA1605619E-LeaderStateImpl
2022-02-24 16:56:44,555 [Listener at 127.0.0.1/44987] INFO  impl.PendingRequests (PendingRequests.java:sendNotLeaderResponses(282)) - om1@group-C5BA1605619E-PendingRequests: sendNotLeaderResponses
2022-02-24 16:56:44,568 [pool-506-thread-1] INFO  server.RaftServerConfigKeys (ConfUtils.java:logGet(44)) - raft.server.snapshot.auto.trigger.enabled = true (custom)
2022-02-24 16:56:44,568 [pool-506-thread-1] INFO  server.RaftServerConfigKeys (ConfUtils.java:logGet(44)) - raft.server.snapshot.auto.trigger.threshold = 10000 (custom)
2022-02-24 16:56:44,568 [pool-506-thread-1] INFO  server.RaftServerConfigKeys (ConfUtils.java:logGet(44)) - raft.server.snapshot.retention.file.num = 5 (custom)
2022-02-24 16:56:44,568 [pool-506-thread-1] INFO  server.RaftServerConfigKeys (ConfUtils.java:logGet(44)) - raft.server.log.purge.upto.snapshot.index = false (default)
2022-02-24 16:56:44,568 [pool-506-thread-1] INFO  server.RaftServerConfigKeys (ConfUtils.java:logGet(44)) - raft.server.retrycache.expirytime = 600000ms (custom)
2022-02-24 16:56:44,568 [pool-506-thread-1] INFO  server.RaftServerConfigKeys (ConfUtils.java:logGet(44)) - raft.server.retrycache.statistics.expirytime = 100μs (default)
2022-02-24 16:56:44,569 [pool-506-thread-1] INFO  server.RaftServer$Division (RaftServerImpl.java:start(301)) - cf3a7bfa-0a59-4cf0-978b-44f71b96abbc@group-D7E6B7717086: start as a follower, conf=-1: [6b991a1f-9e77-4b13-a483-fcde5672bd4a|rpc:10.1.0.37:38289|priority:0, 2a15bd7e-7896-4db0-9e08-f7464bcd33ee|rpc:10.1.0.37:41995|priority:1, cf3a7bfa-0a59-4cf0-978b-44f71b96abbc|rpc:10.1.0.37:40183|priority:0], old=null
2022-02-24 16:56:44,569 [pool-506-thread-1] INFO  server.RaftServer$Division (RaftServerImpl.java:setRole(290)) - cf3a7bfa-0a59-4cf0-978b-44f71b96abbc@group-D7E6B7717086: changes role from      null to FOLLOWER at term 0 for startAsFollower
2022-02-24 16:56:44,569 [pool-506-thread-1] INFO  impl.RoleInfo (RoleInfo.java:updateAndGet(130)) - cf3a7bfa-0a59-4cf0-978b-44f71b96abbc: start cf3a7bfa-0a59-4cf0-978b-44f71b96abbc@group-D7E6B7717086-FollowerState
2022-02-24 16:56:44,569 [pool-506-thread-1] INFO  util.JmxRegister (JmxRegister.java:tryRegister(44)) - Successfully registered JMX Bean with object name Ratis:service=RaftServer,group=group-D7E6B7717086,id=cf3a7bfa-0a59-4cf0-978b-44f71b96abbc
2022-02-24 16:56:44,570 [Command processor thread] INFO  ratis.XceiverServerRatis (XceiverServerRatis.java:addGroup(769)) - Created group PipelineID=451cfd88-c86e-482f-ac50-d7e6b7717086
2022-02-24 16:56:44,575 [IPC Server listener on 0] INFO  ipc.Server (Server.java:run(1376)) - Stopping IPC Server listener on 0
2022-02-24 16:56:44,604 [Listener at 127.0.0.1/44987] INFO  impl.StateMachineUpdater (StateMachineUpdater.java:stopAndJoin(149)) - om1@group-C5BA1605619E-StateMachineUpdater: set stopIndex = 8
2022-02-24 16:56:44,604 [om1@group-C5BA1605619E-StateMachineUpdater] INFO  ratis.OzoneManagerStateMachine (OzoneManagerStateMachine.java:takeSnapshot(417)) - Current Snapshot Index (t:1, i:8)
2022-02-24 16:56:44,604 [om1@group-C5BA1605619E-StateMachineUpdater] INFO  impl.StateMachineUpdater (StateMachineUpdater.java:takeSnapshot(281)) - om1@group-C5BA1605619E-StateMachineUpdater: Took a snapshot at index 8
2022-02-24 16:56:44,604 [om1@group-C5BA1605619E-StateMachineUpdater] INFO  impl.StateMachineUpdater (StateMachineUpdater.java:lambda$new$0(89)) - om1@group-C5BA1605619E-StateMachineUpdater: snapshotIndex: updateIncreasingly -1 -> 8
2022-02-24 16:56:44,604 [om1@group-C5BA1605619E-StateMachineUpdater] INFO  ratis.OzoneManagerStateMachine (OzoneManagerStateMachine.java:close(471)) - StateMachine has shutdown. Shutdown OzoneManager if not already shutdown.
2022-02-24 16:56:44,605 [Listener at 127.0.0.1/44987] INFO  server.RaftServer$Division (ServerState.java:close(419)) - om1@group-C5BA1605619E: closes. applyIndex: 8
2022-02-24 16:56:44,605 [grpc-default-executor-4] INFO  server.RaftServer (RaftServerProxy.java:addNew(95)) - 2a15bd7e-7896-4db0-9e08-f7464bcd33ee: addNew group-D7E6B7717086:[6b991a1f-9e77-4b13-a483-fcde5672bd4a|rpc:10.1.0.37:38289|dataStream:|priority:0, 2a15bd7e-7896-4db0-9e08-f7464bcd33ee|rpc:10.1.0.37:41995|dataStream:|priority:1, cf3a7bfa-0a59-4cf0-978b-44f71b96abbc|rpc:10.1.0.37:40183|dataStream:|priority:0] returns group-D7E6B7717086:java.util.concurrent.CompletableFuture@9d83c1b[Not completed]
2022-02-24 16:56:44,606 [pool-362-thread-1] INFO  server.RaftServer$Division (RaftServerImpl.java:<init>(184)) - 2a15bd7e-7896-4db0-9e08-f7464bcd33ee: new RaftServerImpl for group-D7E6B7717086:[6b991a1f-9e77-4b13-a483-fcde5672bd4a|rpc:10.1.0.37:38289|dataStream:|priority:0, 2a15bd7e-7896-4db0-9e08-f7464bcd33ee|rpc:10.1.0.37:41995|dataStream:|priority:1, cf3a7bfa-0a59-4cf0-978b-44f71b96abbc|rpc:10.1.0.37:40183|dataStream:|priority:0] with ContainerStateMachine:uninitialized
2022-02-24 16:56:44,606 [pool-362-thread-1] INFO  server.RaftServerConfigKeys (ConfUtils.java:logGet(44)) - raft.server.rpc.timeout.min = 5s (custom)
2022-02-24 16:56:44,606 [pool-362-thread-1] INFO  server.RaftServerConfigKeys (ConfUtils.java:logGet(44)) - raft.server.rpc.timeout.max = 5200ms (custom)
2022-02-24 16:56:44,606 [pool-362-thread-1] INFO  server.RaftServerConfigKeys (ConfUtils.java:logGet(44)) - raft.server.rpc.sleep.time = 25ms (default)
2022-02-24 16:56:44,606 [pool-362-thread-1] INFO  server.RaftServerConfigKeys (ConfUtils.java:logGet(44)) - raft.server.rpc.slowness.timeout = 300000ms (custom)
2022-02-24 16:56:44,606 [pool-362-thread-1] INFO  server.RaftServerConfigKeys (ConfUtils.java:logGet(44)) - raft.server.leaderelection.leader.step-down.wait-time = 10s (default)
2022-02-24 16:56:44,606 [pool-362-thread-1] INFO  server.RaftServerConfigKeys (ConfUtils.java:logGet(44)) - raft.server.sleep.deviation.threshold = 300ms (default)
2022-02-24 16:56:44,606 [pool-362-thread-1] INFO  server.RaftServerConfigKeys (ConfUtils.java:logGet(44)) - raft.server.log.appender.install.snapshot.enabled = false (custom)
2022-02-24 16:56:44,606 [pool-362-thread-1] INFO  server.RaftServer$Division (ServerState.java:<init>(105)) - 2a15bd7e-7896-4db0-9e08-f7464bcd33ee@group-D7E6B7717086: ConfigurationManager, init=-1: [6b991a1f-9e77-4b13-a483-fcde5672bd4a|rpc:10.1.0.37:38289|dataStream:|priority:0, 2a15bd7e-7896-4db0-9e08-f7464bcd33ee|rpc:10.1.0.37:41995|dataStream:|priority:1, cf3a7bfa-0a59-4cf0-978b-44f71b96abbc|rpc:10.1.0.37:40183|dataStream:|priority:0], old=null, confs=<EMPTY_MAP>
2022-02-24 16:56:44,606 [pool-362-thread-1] INFO  server.RaftServerConfigKeys (ConfUtils.java:logGet(44)) - raft.server.storage.dir = [/home/runner/work/ozone/ozone/hadoop-ozone/integration-test/target/test-dir/MiniOzoneClusterImpl-a9e0dedd-d836-4895-9472-52c2256152d3/datanode-2/data/ratis] (custom)
2022-02-24 16:56:44,607 [pool-362-thread-1] INFO  server.RaftServerConfigKeys (ConfUtils.java:logGet(44)) - raft.server.log.corruption.policy = EXCEPTION (default)
2022-02-24 16:56:44,607 [pool-362-thread-1] INFO  server.RaftServerConfigKeys (ConfUtils.java:logGet(44)) - raft.server.storage.free-space.min = 0MB (=0) (default)
2022-02-24 16:56:44,607 [pool-362-thread-1] INFO  storage.RaftStorageDirectory (RaftStorageDirectoryImpl.java:analyzeStorage(135)) - The storage directory /home/runner/work/ozone/ozone/hadoop-ozone/integration-test/target/test-dir/MiniOzoneClusterImpl-a9e0dedd-d836-4895-9472-52c2256152d3/datanode-2/data/ratis/451cfd88-c86e-482f-ac50-d7e6b7717086 does not exist. Creating ...
2022-02-24 16:56:44,605 [om1@group-C5BA1605619E-SegmentedRaftLogWorker] INFO  segmented.SegmentedRaftLogWorker (SegmentedRaftLogWorker.java:run(327)) - om1@group-C5BA1605619E-SegmentedRaftLogWorker was interrupted, exiting. There are 0 tasks remaining in the queue.
2022-02-24 16:56:44,616 [Listener at 127.0.0.1/44987] INFO  segmented.SegmentedRaftLogWorker (SegmentedRaftLogWorker.java:close(237)) - om1@group-C5BA1605619E-SegmentedRaftLogWorker close()
2022-02-24 16:56:44,618 [Listener at 127.0.0.1/44987] INFO  server.GrpcService (GrpcService.java:closeImpl(262)) - om1: shutdown server with port 9872 now
2022-02-24 16:56:44,618 [Listener at 127.0.0.1/44987] INFO  server.GrpcService (GrpcService.java:closeImpl(271)) - om1: shutdown server with port 9872 successfully
2022-02-24 16:56:44,618 [org.apache.ratis.util.JvmPauseMonitor$$Lambda$431/1797702346@75bd099a] INFO  util.JvmPauseMonitor (JvmPauseMonitor.java:run(109)) - JvmPauseMonitor-om1: Stopped
2022-02-24 16:56:44,618 [Listener at 127.0.0.1/44987] INFO  ratis.OzoneManagerDoubleBuffer (OzoneManagerDoubleBuffer.java:stop(437)) - Stopping OMDoubleBuffer flush thread
2022-02-24 16:56:44,618 [OMDoubleBufferFlushThread] INFO  ratis.OzoneManagerDoubleBuffer (OzoneManagerDoubleBuffer.java:flushTransactions(356)) - OMDoubleBuffer flush thread OMDoubleBufferFlushThread is interrupted and will exit. OMDoubleBufferFlushThread
2022-02-24 16:56:44,626 [pool-362-thread-1] INFO  storage.RaftStorageDirectory (RaftStorageDirectoryImpl.java:tryLock(230)) - Lock on /home/runner/work/ozone/ozone/hadoop-ozone/integration-test/target/test-dir/MiniOzoneClusterImpl-a9e0dedd-d836-4895-9472-52c2256152d3/datanode-2/data/ratis/451cfd88-c86e-482f-ac50-d7e6b7717086/in_use.lock acquired by nodename 3150@fv-az59-243
2022-02-24 16:56:44,626 [Listener at 127.0.0.1/44987] INFO  utils.BackgroundService (BackgroundService.java:shutdown(132)) - Shutting down service KeyDeletingService
2022-02-24 16:56:44,627 [pool-362-thread-1] INFO  storage.RaftStorage (RaftStorageImpl.java:format(89)) - Storage directory /home/runner/work/ozone/ozone/hadoop-ozone/integration-test/target/test-dir/MiniOzoneClusterImpl-a9e0dedd-d836-4895-9472-52c2256152d3/datanode-2/data/ratis/451cfd88-c86e-482f-ac50-d7e6b7717086 has been successfully formatted.
2022-02-24 16:56:44,628 [pool-362-thread-1] INFO  ratis.ContainerStateMachine (ContainerStateMachine.java:loadSnapshot(236)) - group-D7E6B7717086: The snapshot info is null. Setting the last applied indexto:(t:0, i:~)
2022-02-24 16:56:44,628 [pool-362-thread-1] INFO  server.RaftServerConfigKeys (ConfUtils.java:logGet(44)) - raft.server.notification.no-leader.timeout = 300000ms (custom)
2022-02-24 16:56:44,628 [pool-362-thread-1] INFO  server.RaftServerConfigKeys (ConfUtils.java:logGet(44)) - raft.server.log.use.memory = false (default)
2022-02-24 16:56:44,628 [pool-362-thread-1] INFO  server.RaftServerConfigKeys (ConfUtils.java:logGet(44)) - raft.server.log.purge.gap = 1000000 (custom)
2022-02-24 16:56:44,628 [pool-362-thread-1] INFO  server.RaftServerConfigKeys (ConfUtils.java:logGet(44)) - raft.server.log.appender.buffer.byte-limit = 33554432 (custom)
2022-02-24 16:56:44,628 [pool-362-thread-1] INFO  server.RaftServerConfigKeys (ConfUtils.java:logGet(44)) - raft.server.log.segment.size.max = 1048576 (custom)
2022-02-24 16:56:44,629 [pool-362-thread-1] INFO  server.RaftServerConfigKeys (ConfUtils.java:logGet(44)) - raft.server.log.segment.cache.num.max = 2 (custom)
2022-02-24 16:56:44,629 [pool-362-thread-1] INFO  server.RaftServerConfigKeys (ConfUtils.java:logGet(44)) - raft.server.log.segment.cache.size.max = 200MB (=209715200) (default)
2022-02-24 16:56:44,629 [pool-362-thread-1] INFO  segmented.SegmentedRaftLogWorker (SegmentedRaftLogWorker.java:<init>(182)) - new 2a15bd7e-7896-4db0-9e08-f7464bcd33ee@group-D7E6B7717086-SegmentedRaftLogWorker for RaftStorageImpl:Storage Directory /home/runner/work/ozone/ozone/hadoop-ozone/integration-test/target/test-dir/MiniOzoneClusterImpl-a9e0dedd-d836-4895-9472-52c2256152d3/datanode-2/data/ratis/451cfd88-c86e-482f-ac50-d7e6b7717086
2022-02-24 16:56:44,629 [pool-362-thread-1] INFO  server.RaftServerConfigKeys (ConfUtils.java:logGet(44)) - raft.server.log.queue.byte-limit = 4294967296 (custom)
2022-02-24 16:56:44,629 [pool-362-thread-1] INFO  server.RaftServerConfigKeys (ConfUtils.java:logGet(44)) - raft.server.log.queue.element-limit = 1024 (custom)
2022-02-24 16:56:44,629 [pool-362-thread-1] INFO  server.RaftServerConfigKeys (ConfUtils.java:logGet(44)) - raft.server.log.segment.size.max = 1048576 (custom)
2022-02-24 16:56:44,629 [pool-362-thread-1] INFO  server.RaftServerConfigKeys (ConfUtils.java:logGet(44)) - raft.server.log.preallocated.size = 16384 (custom)
2022-02-24 16:56:44,629 [pool-362-thread-1] INFO  server.RaftServerConfigKeys (ConfUtils.java:logGet(44)) - raft.server.log.force.sync.num = 128 (default)
2022-02-24 16:56:44,629 [pool-362-thread-1] INFO  server.RaftServerConfigKeys (ConfUtils.java:logGet(44)) - raft.server.log.statemachine.data.sync = true (default)
2022-02-24 16:56:44,629 [pool-362-thread-1] INFO  server.RaftServerConfigKeys (ConfUtils.java:logGet(44)) - raft.server.log.statemachine.data.sync.timeout = 10s (default)
2022-02-24 16:56:44,629 [pool-362-thread-1] INFO  server.RaftServerConfigKeys (ConfUtils.java:logGet(44)) - raft.server.log.statemachine.data.sync.timeout.retry = -1 (default)
2022-02-24 16:56:44,630 [pool-362-thread-1] INFO  server.RaftServerConfigKeys (ConfUtils.java:logGet(44)) - raft.server.log.write.buffer.size = 1048576 (custom)
2022-02-24 16:56:44,634 [pool-362-thread-1] INFO  server.RaftServerConfigKeys (ConfUtils.java:logGet(44)) - raft.server.log.statemachine.data.caching.enabled = true (custom)
2022-02-24 16:56:44,634 [pool-362-thread-1] INFO  segmented.SegmentedRaftLogWorker (SegmentedRaftLogWorker.java:lambda$new$0(133)) - 2a15bd7e-7896-4db0-9e08-f7464bcd33ee@group-D7E6B7717086-SegmentedRaftLogWorker: flushIndex: setUnconditionally 0 -> -1
2022-02-24 16:56:44,634 [pool-362-thread-1] INFO  segmented.SegmentedRaftLogWorker (SegmentedRaftLogWorker.java:lambda$new$0(133)) - 2a15bd7e-7896-4db0-9e08-f7464bcd33ee@group-D7E6B7717086-SegmentedRaftLogWorker: safeCacheEvictIndex: setUnconditionally 0 -> -1
2022-02-24 16:56:44,635 [Listener at 127.0.0.1/44987] INFO  utils.BackgroundService (BackgroundService.java:shutdown(132)) - Shutting down service DirectoryDeletingService
2022-02-24 16:56:44,655 [pool-362-thread-1] INFO  server.RaftServerConfigKeys (ConfUtils.java:logGet(44)) - raft.server.snapshot.auto.trigger.enabled = true (custom)
2022-02-24 16:56:44,655 [pool-362-thread-1] INFO  server.RaftServerConfigKeys (ConfUtils.java:logGet(44)) - raft.server.snapshot.auto.trigger.threshold = 10000 (custom)
2022-02-24 16:56:44,656 [pool-362-thread-1] INFO  server.RaftServerConfigKeys (ConfUtils.java:logGet(44)) - raft.server.snapshot.retention.file.num = 5 (custom)
2022-02-24 16:56:44,656 [pool-362-thread-1] INFO  server.RaftServerConfigKeys (ConfUtils.java:logGet(44)) - raft.server.log.purge.upto.snapshot.index = false (default)
2022-02-24 16:56:44,656 [pool-362-thread-1] INFO  server.RaftServerConfigKeys (ConfUtils.java:logGet(44)) - raft.server.retrycache.expirytime = 600000ms (custom)
2022-02-24 16:56:44,656 [pool-362-thread-1] INFO  server.RaftServerConfigKeys (ConfUtils.java:logGet(44)) - raft.server.retrycache.statistics.expirytime = 100μs (default)
2022-02-24 16:56:44,657 [pool-362-thread-1] INFO  server.RaftServer$Division (RaftServerImpl.java:start(301)) - 2a15bd7e-7896-4db0-9e08-f7464bcd33ee@group-D7E6B7717086: start as a follower, conf=-1: [6b991a1f-9e77-4b13-a483-fcde5672bd4a|rpc:10.1.0.37:38289|dataStream:|priority:0, 2a15bd7e-7896-4db0-9e08-f7464bcd33ee|rpc:10.1.0.37:41995|dataStream:|priority:1, cf3a7bfa-0a59-4cf0-978b-44f71b96abbc|rpc:10.1.0.37:40183|dataStream:|priority:0], old=null
2022-02-24 16:56:44,657 [pool-362-thread-1] INFO  server.RaftServer$Division (RaftServerImpl.java:setRole(290)) - 2a15bd7e-7896-4db0-9e08-f7464bcd33ee@group-D7E6B7717086: changes role from      null to FOLLOWER at term 0 for startAsFollower
2022-02-24 16:56:44,657 [pool-362-thread-1] INFO  impl.RoleInfo (RoleInfo.java:updateAndGet(130)) - 2a15bd7e-7896-4db0-9e08-f7464bcd33ee: start 2a15bd7e-7896-4db0-9e08-f7464bcd33ee@group-D7E6B7717086-FollowerState
2022-02-24 16:56:44,657 [pool-362-thread-1] INFO  util.JmxRegister (JmxRegister.java:tryRegister(44)) - Successfully registered JMX Bean with object name Ratis:service=RaftServer,group=group-D7E6B7717086,id=2a15bd7e-7896-4db0-9e08-f7464bcd33ee
2022-02-24 16:56:44,667 [Listener at 127.0.0.1/44987] INFO  handler.ContextHandler (ContextHandler.java:doStop(1153)) - Stopped o.e.j.w.WebAppContext@b03fd88{ozoneManager,/,null,STOPPED}{file:/home/runner/work/ozone/ozone/hadoop-ozone/integration-test/target/test-classes/webapps/ozoneManager}
2022-02-24 16:56:44,668 [Listener at 127.0.0.1/44987] INFO  server.AbstractConnector (AbstractConnector.java:doStop(381)) - Stopped ServerConnector@d525ac8{HTTP/1.1, (http/1.1)}{0.0.0.0:0}
2022-02-24 16:56:44,668 [Listener at 127.0.0.1/44987] INFO  server.session (HouseKeeper.java:stopScavenging(149)) - node0 Stopped scavenging
2022-02-24 16:56:44,669 [Listener at 127.0.0.1/44987] INFO  handler.ContextHandler (ContextHandler.java:doStop(1153)) - Stopped o.e.j.s.ServletContextHandler@5fb0fb51{static,/static,file:///home/runner/work/ozone/ozone/hadoop-ozone/integration-test/target/test-classes/webapps/static,STOPPED}
2022-02-24 16:56:44,669 [Listener at 127.0.0.1/44987] INFO  handler.ContextHandler (ContextHandler.java:doStop(1153)) - Stopped o.e.j.s.ServletContextHandler@3f10f127{logs,/logs,file:///home/runner/work/ozone/ozone/hadoop-ozone/integration-test/target/log,STOPPED}
2022-02-24 16:56:44,691 [Listener at 127.0.0.1/44987] INFO  ozone.MiniOzoneClusterImpl (MiniOzoneClusterImpl.java:stopDatanodes(523)) - Stopping the HddsDatanodes
2022-02-24 16:56:44,724 [grpc-default-executor-4] INFO  server.RaftServer (RaftServerProxy.java:addNew(95)) - 6b991a1f-9e77-4b13-a483-fcde5672bd4a: addNew group-D7E6B7717086:[6b991a1f-9e77-4b13-a483-fcde5672bd4a|rpc:10.1.0.37:38289|dataStream:|priority:0, 2a15bd7e-7896-4db0-9e08-f7464bcd33ee|rpc:10.1.0.37:41995|dataStream:|priority:1, cf3a7bfa-0a59-4cf0-978b-44f71b96abbc|rpc:10.1.0.37:40183|dataStream:|priority:0] returns group-D7E6B7717086:java.util.concurrent.CompletableFuture@2ef67194[Not completed]
2022-02-24 16:56:44,725 [pool-446-thread-1] INFO  server.RaftServer$Division (RaftServerImpl.java:<init>(184)) - 6b991a1f-9e77-4b13-a483-fcde5672bd4a: new RaftServerImpl for group-D7E6B7717086:[6b991a1f-9e77-4b13-a483-fcde5672bd4a|rpc:10.1.0.37:38289|dataStream:|priority:0, 2a15bd7e-7896-4db0-9e08-f7464bcd33ee|rpc:10.1.0.37:41995|dataStream:|priority:1, cf3a7bfa-0a59-4cf0-978b-44f71b96abbc|rpc:10.1.0.37:40183|dataStream:|priority:0] with ContainerStateMachine:uninitialized
2022-02-24 16:56:44,725 [pool-446-thread-1] INFO  server.RaftServerConfigKeys (ConfUtils.java:logGet(44)) - raft.server.rpc.timeout.min = 5s (custom)
2022-02-24 16:56:44,725 [pool-446-thread-1] INFO  server.RaftServerConfigKeys (ConfUtils.java:logGet(44)) - raft.server.rpc.timeout.max = 5200ms (custom)
2022-02-24 16:56:44,725 [pool-446-thread-1] INFO  server.RaftServerConfigKeys (ConfUtils.java:logGet(44)) - raft.server.rpc.sleep.time = 25ms (default)
2022-02-24 16:56:44,725 [pool-446-thread-1] INFO  server.RaftServerConfigKeys (ConfUtils.java:logGet(44)) - raft.server.rpc.slowness.timeout = 300000ms (custom)
2022-02-24 16:56:44,725 [pool-446-thread-1] INFO  server.RaftServerConfigKeys (ConfUtils.java:logGet(44)) - raft.server.leaderelection.leader.step-down.wait-time = 10s (default)
2022-02-24 16:56:44,725 [pool-446-thread-1] INFO  server.RaftServerConfigKeys (ConfUtils.java:logGet(44)) - raft.server.sleep.deviation.threshold = 300ms (default)
2022-02-24 16:56:44,725 [pool-446-thread-1] INFO  server.RaftServerConfigKeys (ConfUtils.java:logGet(44)) - raft.server.log.appender.install.snapshot.enabled = false (custom)
2022-02-24 16:56:44,725 [pool-446-thread-1] INFO  server.RaftServer$Division (ServerState.java:<init>(105)) - 6b991a1f-9e77-4b13-a483-fcde5672bd4a@group-D7E6B7717086: ConfigurationManager, init=-1: [6b991a1f-9e77-4b13-a483-fcde5672bd4a|rpc:10.1.0.37:38289|dataStream:|priority:0, 2a15bd7e-7896-4db0-9e08-f7464bcd33ee|rpc:10.1.0.37:41995|dataStream:|priority:1, cf3a7bfa-0a59-4cf0-978b-44f71b96abbc|rpc:10.1.0.37:40183|dataStream:|priority:0], old=null, confs=<EMPTY_MAP>
2022-02-24 16:56:44,725 [pool-446-thread-1] INFO  server.RaftServerConfigKeys (ConfUtils.java:logGet(44)) - raft.server.storage.dir = [/home/runner/work/ozone/ozone/hadoop-ozone/integration-test/target/test-dir/MiniOzoneClusterImpl-a9e0dedd-d836-4895-9472-52c2256152d3/datanode-6/data/ratis] (custom)
2022-02-24 16:56:44,726 [pool-446-thread-1] INFO  server.RaftServerConfigKeys (ConfUtils.java:logGet(44)) - raft.server.log.corruption.policy = EXCEPTION (default)
2022-02-24 16:56:44,726 [pool-446-thread-1] INFO  server.RaftServerConfigKeys (ConfUtils.java:logGet(44)) - raft.server.storage.free-space.min = 0MB (=0) (default)
2022-02-24 16:56:44,726 [pool-446-thread-1] INFO  storage.RaftStorageDirectory (RaftStorageDirectoryImpl.java:analyzeStorage(135)) - The storage directory /home/runner/work/ozone/ozone/hadoop-ozone/integration-test/target/test-dir/MiniOzoneClusterImpl-a9e0dedd-d836-4895-9472-52c2256152d3/datanode-6/data/ratis/451cfd88-c86e-482f-ac50-d7e6b7717086 does not exist. Creating ...
2022-02-24 16:56:44,728 [pool-446-thread-1] INFO  storage.RaftStorageDirectory (RaftStorageDirectoryImpl.java:tryLock(230)) - Lock on /home/runner/work/ozone/ozone/hadoop-ozone/integration-test/target/test-dir/MiniOzoneClusterImpl-a9e0dedd-d836-4895-9472-52c2256152d3/datanode-6/data/ratis/451cfd88-c86e-482f-ac50-d7e6b7717086/in_use.lock acquired by nodename 3150@fv-az59-243
2022-02-24 16:56:44,729 [pool-446-thread-1] INFO  storage.RaftStorage (RaftStorageImpl.java:format(89)) - Storage directory /home/runner/work/ozone/ozone/hadoop-ozone/integration-test/target/test-dir/MiniOzoneClusterImpl-a9e0dedd-d836-4895-9472-52c2256152d3/datanode-6/data/ratis/451cfd88-c86e-482f-ac50-d7e6b7717086 has been successfully formatted.
2022-02-24 16:56:44,729 [pool-446-thread-1] INFO  ratis.ContainerStateMachine (ContainerStateMachine.java:loadSnapshot(236)) - group-D7E6B7717086: The snapshot info is null. Setting the last applied indexto:(t:0, i:~)
2022-02-24 16:56:44,730 [pool-446-thread-1] INFO  server.RaftServerConfigKeys (ConfUtils.java:logGet(44)) - raft.server.notification.no-leader.timeout = 300000ms (custom)
2022-02-24 16:56:44,730 [pool-446-thread-1] INFO  server.RaftServerConfigKeys (ConfUtils.java:logGet(44)) - raft.server.log.use.memory = false (default)
2022-02-24 16:56:44,730 [pool-446-thread-1] INFO  server.RaftServerConfigKeys (ConfUtils.java:logGet(44)) - raft.server.log.purge.gap = 1000000 (custom)
2022-02-24 16:56:44,731 [pool-446-thread-1] INFO  server.RaftServerConfigKeys (ConfUtils.java:logGet(44)) - raft.server.log.appender.buffer.byte-limit = 33554432 (custom)
2022-02-24 16:56:44,731 [pool-446-thread-1] INFO  server.RaftServerConfigKeys (ConfUtils.java:logGet(44)) - raft.server.log.segment.size.max = 1048576 (custom)
2022-02-24 16:56:44,731 [pool-446-thread-1] INFO  server.RaftServerConfigKeys (ConfUtils.java:logGet(44)) - raft.server.log.segment.cache.num.max = 2 (custom)
2022-02-24 16:56:44,731 [pool-446-thread-1] INFO  server.RaftServerConfigKeys (ConfUtils.java:logGet(44)) - raft.server.log.segment.cache.size.max = 200MB (=209715200) (default)
2022-02-24 16:56:44,731 [pool-446-thread-1] INFO  segmented.SegmentedRaftLogWorker (SegmentedRaftLogWorker.java:<init>(182)) - new 6b991a1f-9e77-4b13-a483-fcde5672bd4a@group-D7E6B7717086-SegmentedRaftLogWorker for RaftStorageImpl:Storage Directory /home/runner/work/ozone/ozone/hadoop-ozone/integration-test/target/test-dir/MiniOzoneClusterImpl-a9e0dedd-d836-4895-9472-52c2256152d3/datanode-6/data/ratis/451cfd88-c86e-482f-ac50-d7e6b7717086
2022-02-24 16:56:44,731 [pool-446-thread-1] INFO  server.RaftServerConfigKeys (ConfUtils.java:logGet(44)) - raft.server.log.queue.byte-limit = 4294967296 (custom)
2022-02-24 16:56:44,731 [pool-446-thread-1] INFO  server.RaftServerConfigKeys (ConfUtils.java:logGet(44)) - raft.server.log.queue.element-limit = 1024 (custom)
2022-02-24 16:56:44,732 [pool-446-thread-1] INFO  server.RaftServerConfigKeys (ConfUtils.java:logGet(44)) - raft.server.log.segment.size.max = 1048576 (custom)
2022-02-24 16:56:44,732 [pool-446-thread-1] INFO  server.RaftServerConfigKeys (ConfUtils.java:logGet(44)) - raft.server.log.preallocated.size = 16384 (custom)
2022-02-24 16:56:44,732 [pool-446-thread-1] INFO  server.RaftServerConfigKeys (ConfUtils.java:logGet(44)) - raft.server.log.force.sync.num = 128 (default)
2022-02-24 16:56:44,732 [pool-446-thread-1] INFO  server.RaftServerConfigKeys (ConfUtils.java:logGet(44)) - raft.server.log.statemachine.data.sync = true (default)
2022-02-24 16:56:44,732 [pool-446-thread-1] INFO  server.RaftServerConfigKeys (ConfUtils.java:logGet(44)) - raft.server.log.statemachine.data.sync.timeout = 10s (default)
2022-02-24 16:56:44,732 [pool-446-thread-1] INFO  server.RaftServerConfigKeys (ConfUtils.java:logGet(44)) - raft.server.log.statemachine.data.sync.timeout.retry = -1 (default)
2022-02-24 16:56:44,733 [pool-446-thread-1] INFO  server.RaftServerConfigKeys (ConfUtils.java:logGet(44)) - raft.server.log.write.buffer.size = 1048576 (custom)
2022-02-24 16:56:44,734 [pool-446-thread-1] INFO  server.RaftServerConfigKeys (ConfUtils.java:logGet(44)) - raft.server.log.statemachine.data.caching.enabled = true (custom)
2022-02-24 16:56:44,734 [pool-446-thread-1] INFO  segmented.SegmentedRaftLogWorker (SegmentedRaftLogWorker.java:lambda$new$0(133)) - 6b991a1f-9e77-4b13-a483-fcde5672bd4a@group-D7E6B7717086-SegmentedRaftLogWorker: flushIndex: setUnconditionally 0 -> -1
2022-02-24 16:56:44,734 [pool-446-thread-1] INFO  segmented.SegmentedRaftLogWorker (SegmentedRaftLogWorker.java:lambda$new$0(133)) - 6b991a1f-9e77-4b13-a483-fcde5672bd4a@group-D7E6B7717086-SegmentedRaftLogWorker: safeCacheEvictIndex: setUnconditionally 0 -> -1
2022-02-24 16:56:44,743 [pool-446-thread-1] INFO  server.RaftServerConfigKeys (ConfUtils.java:logGet(44)) - raft.server.snapshot.auto.trigger.enabled = true (custom)
2022-02-24 16:56:44,743 [pool-446-thread-1] INFO  server.RaftServerConfigKeys (ConfUtils.java:logGet(44)) - raft.server.snapshot.auto.trigger.threshold = 10000 (custom)
2022-02-24 16:56:44,743 [pool-446-thread-1] INFO  server.RaftServerConfigKeys (ConfUtils.java:logGet(44)) - raft.server.snapshot.retention.file.num = 5 (custom)
2022-02-24 16:56:44,743 [pool-446-thread-1] INFO  server.RaftServerConfigKeys (ConfUtils.java:logGet(44)) - raft.server.log.purge.upto.snapshot.index = false (default)
2022-02-24 16:56:44,743 [pool-446-thread-1] INFO  server.RaftServerConfigKeys (ConfUtils.java:logGet(44)) - raft.server.retrycache.expirytime = 600000ms (custom)
2022-02-24 16:56:44,743 [pool-446-thread-1] INFO  server.RaftServerConfigKeys (ConfUtils.java:logGet(44)) - raft.server.retrycache.statistics.expirytime = 100μs (default)
2022-02-24 16:56:44,744 [pool-446-thread-1] INFO  server.RaftServer$Division (RaftServerImpl.java:start(301)) - 6b991a1f-9e77-4b13-a483-fcde5672bd4a@group-D7E6B7717086: start as a follower, conf=-1: [6b991a1f-9e77-4b13-a483-fcde5672bd4a|rpc:10.1.0.37:38289|dataStream:|priority:0, 2a15bd7e-7896-4db0-9e08-f7464bcd33ee|rpc:10.1.0.37:41995|dataStream:|priority:1, cf3a7bfa-0a59-4cf0-978b-44f71b96abbc|rpc:10.1.0.37:40183|dataStream:|priority:0], old=null
2022-02-24 16:56:44,744 [pool-446-thread-1] INFO  server.RaftServer$Division (RaftServerImpl.java:setRole(290)) - 6b991a1f-9e77-4b13-a483-fcde5672bd4a@group-D7E6B7717086: changes role from      null to FOLLOWER at term 0 for startAsFollower
2022-02-24 16:56:44,744 [pool-446-thread-1] INFO  impl.RoleInfo (RoleInfo.java:updateAndGet(130)) - 6b991a1f-9e77-4b13-a483-fcde5672bd4a: start 6b991a1f-9e77-4b13-a483-fcde5672bd4a@group-D7E6B7717086-FollowerState
2022-02-24 16:56:44,745 [Command processor thread] INFO  server.RaftServer (RaftServerProxy.java:addNew(95)) - 2a15bd7e-7896-4db0-9e08-f7464bcd33ee: addNew group-CA206D264F63:[b07270f0-c5b1-4afe-99f3-aa5758d6ba5c|rpc:10.1.0.37:45647|priority:0, cf3a7bfa-0a59-4cf0-978b-44f71b96abbc|rpc:10.1.0.37:40183|priority:1, 2a15bd7e-7896-4db0-9e08-f7464bcd33ee|rpc:10.1.0.37:41995|priority:0] returns group-CA206D264F63:java.util.concurrent.CompletableFuture@20a8b6ff[Not completed]
2022-02-24 16:56:44,746 [pool-362-thread-1] INFO  server.RaftServer$Division (RaftServerImpl.java:<init>(184)) - 2a15bd7e-7896-4db0-9e08-f7464bcd33ee: new RaftServerImpl for group-CA206D264F63:[b07270f0-c5b1-4afe-99f3-aa5758d6ba5c|rpc:10.1.0.37:45647|priority:0, cf3a7bfa-0a59-4cf0-978b-44f71b96abbc|rpc:10.1.0.37:40183|priority:1, 2a15bd7e-7896-4db0-9e08-f7464bcd33ee|rpc:10.1.0.37:41995|priority:0] with ContainerStateMachine:uninitialized
2022-02-24 16:56:44,746 [pool-362-thread-1] INFO  server.RaftServerConfigKeys (ConfUtils.java:logGet(44)) - raft.server.rpc.timeout.min = 5s (custom)
2022-02-24 16:56:44,746 [pool-362-thread-1] INFO  server.RaftServerConfigKeys (ConfUtils.java:logGet(44)) - raft.server.rpc.timeout.max = 5200ms (custom)
2022-02-24 16:56:44,746 [pool-362-thread-1] INFO  server.RaftServerConfigKeys (ConfUtils.java:logGet(44)) - raft.server.rpc.sleep.time = 25ms (default)
2022-02-24 16:56:44,746 [pool-362-thread-1] INFO  server.RaftServerConfigKeys (ConfUtils.java:logGet(44)) - raft.server.rpc.slowness.timeout = 300000ms (custom)
2022-02-24 16:56:44,746 [pool-362-thread-1] INFO  server.RaftServerConfigKeys (ConfUtils.java:logGet(44)) - raft.server.leaderelection.leader.step-down.wait-time = 10s (default)
2022-02-24 16:56:44,746 [pool-362-thread-1] INFO  server.RaftServerConfigKeys (ConfUtils.java:logGet(44)) - raft.server.sleep.deviation.threshold = 300ms (default)
2022-02-24 16:56:44,746 [pool-362-thread-1] INFO  server.RaftServerConfigKeys (ConfUtils.java:logGet(44)) - raft.server.log.appender.install.snapshot.enabled = false (custom)
2022-02-24 16:56:44,746 [pool-362-thread-1] INFO  server.RaftServer$Division (ServerState.java:<init>(105)) - 2a15bd7e-7896-4db0-9e08-f7464bcd33ee@group-CA206D264F63: ConfigurationManager, init=-1: [b07270f0-c5b1-4afe-99f3-aa5758d6ba5c|rpc:10.1.0.37:45647|priority:0, cf3a7bfa-0a59-4cf0-978b-44f71b96abbc|rpc:10.1.0.37:40183|priority:1, 2a15bd7e-7896-4db0-9e08-f7464bcd33ee|rpc:10.1.0.37:41995|priority:0], old=null, confs=<EMPTY_MAP>
2022-02-24 16:56:44,747 [pool-362-thread-1] INFO  server.RaftServerConfigKeys (ConfUtils.java:logGet(44)) - raft.server.storage.dir = [/home/runner/work/ozone/ozone/hadoop-ozone/integration-test/target/test-dir/MiniOzoneClusterImpl-a9e0dedd-d836-4895-9472-52c2256152d3/datanode-2/data/ratis] (custom)
2022-02-24 16:56:44,747 [pool-362-thread-1] INFO  server.RaftServerConfigKeys (ConfUtils.java:logGet(44)) - raft.server.log.corruption.policy = EXCEPTION (default)
2022-02-24 16:56:44,747 [pool-362-thread-1] INFO  server.RaftServerConfigKeys (ConfUtils.java:logGet(44)) - raft.server.storage.free-space.min = 0MB (=0) (default)
2022-02-24 16:56:44,747 [pool-362-thread-1] INFO  storage.RaftStorageDirectory (RaftStorageDirectoryImpl.java:analyzeStorage(135)) - The storage directory /home/runner/work/ozone/ozone/hadoop-ozone/integration-test/target/test-dir/MiniOzoneClusterImpl-a9e0dedd-d836-4895-9472-52c2256152d3/datanode-2/data/ratis/a109b66f-d9f5-4f13-88ed-ca206d264f63 does not exist. Creating ...
2022-02-24 16:56:44,755 [pool-362-thread-1] INFO  storage.RaftStorageDirectory (RaftStorageDirectoryImpl.java:tryLock(230)) - Lock on /home/runner/work/ozone/ozone/hadoop-ozone/integration-test/target/test-dir/MiniOzoneClusterImpl-a9e0dedd-d836-4895-9472-52c2256152d3/datanode-2/data/ratis/a109b66f-d9f5-4f13-88ed-ca206d264f63/in_use.lock acquired by nodename 3150@fv-az59-243
2022-02-24 16:56:44,759 [pool-446-thread-1] INFO  util.JmxRegister (JmxRegister.java:tryRegister(44)) - Successfully registered JMX Bean with object name Ratis:service=RaftServer,group=group-D7E6B7717086,id=6b991a1f-9e77-4b13-a483-fcde5672bd4a
2022-02-24 16:56:44,760 [pool-362-thread-1] INFO  storage.RaftStorage (RaftStorageImpl.java:format(89)) - Storage directory /home/runner/work/ozone/ozone/hadoop-ozone/integration-test/target/test-dir/MiniOzoneClusterImpl-a9e0dedd-d836-4895-9472-52c2256152d3/datanode-2/data/ratis/a109b66f-d9f5-4f13-88ed-ca206d264f63 has been successfully formatted.
2022-02-24 16:56:44,789 [pool-362-thread-1] INFO  ratis.ContainerStateMachine (ContainerStateMachine.java:loadSnapshot(236)) - group-CA206D264F63: The snapshot info is null. Setting the last applied indexto:(t:0, i:~)
2022-02-24 16:56:44,789 [pool-362-thread-1] INFO  server.RaftServerConfigKeys (ConfUtils.java:logGet(44)) - raft.server.notification.no-leader.timeout = 300000ms (custom)
2022-02-24 16:56:44,789 [pool-362-thread-1] INFO  server.RaftServerConfigKeys (ConfUtils.java:logGet(44)) - raft.server.log.use.memory = false (default)
2022-02-24 16:56:44,789 [pool-362-thread-1] INFO  server.RaftServerConfigKeys (ConfUtils.java:logGet(44)) - raft.server.log.purge.gap = 1000000 (custom)
2022-02-24 16:56:44,789 [pool-362-thread-1] INFO  server.RaftServerConfigKeys (ConfUtils.java:logGet(44)) - raft.server.log.appender.buffer.byte-limit = 33554432 (custom)
2022-02-24 16:56:44,789 [pool-362-thread-1] INFO  server.RaftServerConfigKeys (ConfUtils.java:logGet(44)) - raft.server.log.segment.size.max = 1048576 (custom)
2022-02-24 16:56:44,790 [pool-362-thread-1] INFO  server.RaftServerConfigKeys (ConfUtils.java:logGet(44)) - raft.server.log.segment.cache.num.max = 2 (custom)
2022-02-24 16:56:44,790 [pool-362-thread-1] INFO  server.RaftServerConfigKeys (ConfUtils.java:logGet(44)) - raft.server.log.segment.cache.size.max = 200MB (=209715200) (default)
2022-02-24 16:56:44,790 [pool-362-thread-1] INFO  segmented.SegmentedRaftLogWorker (SegmentedRaftLogWorker.java:<init>(182)) - new 2a15bd7e-7896-4db0-9e08-f7464bcd33ee@group-CA206D264F63-SegmentedRaftLogWorker for RaftStorageImpl:Storage Directory /home/runner/work/ozone/ozone/hadoop-ozone/integration-test/target/test-dir/MiniOzoneClusterImpl-a9e0dedd-d836-4895-9472-52c2256152d3/datanode-2/data/ratis/a109b66f-d9f5-4f13-88ed-ca206d264f63
2022-02-24 16:56:44,790 [pool-362-thread-1] INFO  server.RaftServerConfigKeys (ConfUtils.java:logGet(44)) - raft.server.log.queue.byte-limit = 4294967296 (custom)
2022-02-24 16:56:44,790 [pool-362-thread-1] INFO  server.RaftServerConfigKeys (ConfUtils.java:logGet(44)) - raft.server.log.queue.element-limit = 1024 (custom)
2022-02-24 16:56:44,790 [pool-362-thread-1] INFO  server.RaftServerConfigKeys (ConfUtils.java:logGet(44)) - raft.server.log.segment.size.max = 1048576 (custom)
2022-02-24 16:56:44,790 [pool-362-thread-1] INFO  server.RaftServerConfigKeys (ConfUtils.java:logGet(44)) - raft.server.log.preallocated.size = 16384 (custom)
2022-02-24 16:56:44,790 [pool-362-thread-1] INFO  server.RaftServerConfigKeys (ConfUtils.java:logGet(44)) - raft.server.log.force.sync.num = 128 (default)
2022-02-24 16:56:44,790 [pool-362-thread-1] INFO  server.RaftServerConfigKeys (ConfUtils.java:logGet(44)) - raft.server.log.statemachine.data.sync = true (default)
2022-02-24 16:56:44,790 [pool-362-thread-1] INFO  server.RaftServerConfigKeys (ConfUtils.java:logGet(44)) - raft.server.log.statemachine.data.sync.timeout = 10s (default)
2022-02-24 16:56:44,790 [pool-362-thread-1] INFO  server.RaftServerConfigKeys (ConfUtils.java:logGet(44)) - raft.server.log.statemachine.data.sync.timeout.retry = -1 (default)
2022-02-24 16:56:44,792 [pool-362-thread-1] INFO  server.RaftServerConfigKeys (ConfUtils.java:logGet(44)) - raft.server.log.write.buffer.size = 1048576 (custom)
2022-02-24 16:56:44,793 [pool-362-thread-1] INFO  server.RaftServerConfigKeys (ConfUtils.java:logGet(44)) - raft.server.log.statemachine.data.caching.enabled = true (custom)
2022-02-24 16:56:44,793 [pool-362-thread-1] INFO  segmented.SegmentedRaftLogWorker (SegmentedRaftLogWorker.java:lambda$new$0(133)) - 2a15bd7e-7896-4db0-9e08-f7464bcd33ee@group-CA206D264F63-SegmentedRaftLogWorker: flushIndex: setUnconditionally 0 -> -1
2022-02-24 16:56:44,793 [pool-362-thread-1] INFO  segmented.SegmentedRaftLogWorker (SegmentedRaftLogWorker.java:lambda$new$0(133)) - 2a15bd7e-7896-4db0-9e08-f7464bcd33ee@group-CA206D264F63-SegmentedRaftLogWorker: safeCacheEvictIndex: setUnconditionally 0 -> -1
2022-02-24 16:56:44,801 [pool-362-thread-1] INFO  server.RaftServerConfigKeys (ConfUtils.java:logGet(44)) - raft.server.snapshot.auto.trigger.enabled = true (custom)
2022-02-24 16:56:44,801 [pool-362-thread-1] INFO  server.RaftServerConfigKeys (ConfUtils.java:logGet(44)) - raft.server.snapshot.auto.trigger.threshold = 10000 (custom)
2022-02-24 16:56:44,801 [pool-362-thread-1] INFO  server.RaftServerConfigKeys (ConfUtils.java:logGet(44)) - raft.server.snapshot.retention.file.num = 5 (custom)
2022-02-24 16:56:44,801 [pool-362-thread-1] INFO  server.RaftServerConfigKeys (ConfUtils.java:logGet(44)) - raft.server.log.purge.upto.snapshot.index = false (default)
2022-02-24 16:56:44,801 [pool-362-thread-1] INFO  server.RaftServerConfigKeys (ConfUtils.java:logGet(44)) - raft.server.retrycache.expirytime = 600000ms (custom)
2022-02-24 16:56:44,801 [pool-362-thread-1] INFO  server.RaftServerConfigKeys (ConfUtils.java:logGet(44)) - raft.server.retrycache.statistics.expirytime = 100μs (default)
2022-02-24 16:56:44,821 [pool-362-thread-1] INFO  server.RaftServer$Division (RaftServerImpl.java:start(301)) - 2a15bd7e-7896-4db0-9e08-f7464bcd33ee@group-CA206D264F63: start as a follower, conf=-1: [b07270f0-c5b1-4afe-99f3-aa5758d6ba5c|rpc:10.1.0.37:45647|priority:0, cf3a7bfa-0a59-4cf0-978b-44f71b96abbc|rpc:10.1.0.37:40183|priority:1, 2a15bd7e-7896-4db0-9e08-f7464bcd33ee|rpc:10.1.0.37:41995|priority:0], old=null
2022-02-24 16:56:44,821 [pool-362-thread-1] INFO  server.RaftServer$Division (RaftServerImpl.java:setRole(290)) - 2a15bd7e-7896-4db0-9e08-f7464bcd33ee@group-CA206D264F63: changes role from      null to FOLLOWER at term 0 for startAsFollower
2022-02-24 16:56:44,821 [pool-362-thread-1] INFO  impl.RoleInfo (RoleInfo.java:updateAndGet(130)) - 2a15bd7e-7896-4db0-9e08-f7464bcd33ee: start 2a15bd7e-7896-4db0-9e08-f7464bcd33ee@group-CA206D264F63-FollowerState
2022-02-24 16:56:44,823 [pool-362-thread-1] INFO  util.JmxRegister (JmxRegister.java:tryRegister(44)) - Successfully registered JMX Bean with object name Ratis:service=RaftServer,group=group-CA206D264F63,id=2a15bd7e-7896-4db0-9e08-f7464bcd33ee
2022-02-24 16:56:44,825 [Command processor thread] INFO  commandhandler.CreatePipelineCommandHandler (CreatePipelineCommandHandler.java:handle(106)) - Created Pipeline RATIS THREE PipelineID=451cfd88-c86e-482f-ac50-d7e6b7717086.
2022-02-24 16:56:44,849 [Command processor thread] INFO  ratis.XceiverServerRatis (XceiverServerRatis.java:addGroup(769)) - Created group PipelineID=a109b66f-d9f5-4f13-88ed-ca206d264f63
2022-02-24 16:56:44,863 [grpc-default-executor-4] INFO  server.RaftServer (RaftServerProxy.java:addNew(95)) - cf3a7bfa-0a59-4cf0-978b-44f71b96abbc: addNew group-CA206D264F63:[b07270f0-c5b1-4afe-99f3-aa5758d6ba5c|rpc:10.1.0.37:45647|dataStream:|priority:0, cf3a7bfa-0a59-4cf0-978b-44f71b96abbc|rpc:10.1.0.37:40183|dataStream:|priority:1, 2a15bd7e-7896-4db0-9e08-f7464bcd33ee|rpc:10.1.0.37:41995|dataStream:|priority:0] returns group-CA206D264F63:java.util.concurrent.CompletableFuture@26265d36[Not completed]
2022-02-24 16:56:44,864 [pool-506-thread-1] INFO  server.RaftServer$Division (RaftServerImpl.java:<init>(184)) - cf3a7bfa-0a59-4cf0-978b-44f71b96abbc: new RaftServerImpl for group-CA206D264F63:[b07270f0-c5b1-4afe-99f3-aa5758d6ba5c|rpc:10.1.0.37:45647|dataStream:|priority:0, cf3a7bfa-0a59-4cf0-978b-44f71b96abbc|rpc:10.1.0.37:40183|dataStream:|priority:1, 2a15bd7e-7896-4db0-9e08-f7464bcd33ee|rpc:10.1.0.37:41995|dataStream:|priority:0] with ContainerStateMachine:uninitialized
2022-02-24 16:56:44,864 [pool-506-thread-1] INFO  server.RaftServerConfigKeys (ConfUtils.java:logGet(44)) - raft.server.rpc.timeout.min = 5s (custom)
2022-02-24 16:56:44,864 [pool-506-thread-1] INFO  server.RaftServerConfigKeys (ConfUtils.java:logGet(44)) - raft.server.rpc.timeout.max = 5200ms (custom)
2022-02-24 16:56:44,864 [pool-506-thread-1] INFO  server.RaftServerConfigKeys (ConfUtils.java:logGet(44)) - raft.server.rpc.sleep.time = 25ms (default)
2022-02-24 16:56:44,864 [pool-506-thread-1] INFO  server.RaftServerConfigKeys (ConfUtils.java:logGet(44)) - raft.server.rpc.slowness.timeout = 300000ms (custom)
2022-02-24 16:56:44,864 [pool-506-thread-1] INFO  server.RaftServerConfigKeys (ConfUtils.java:logGet(44)) - raft.server.leaderelection.leader.step-down.wait-time = 10s (default)
2022-02-24 16:56:44,864 [pool-506-thread-1] INFO  server.RaftServerConfigKeys (ConfUtils.java:logGet(44)) - raft.server.sleep.deviation.threshold = 300ms (default)
2022-02-24 16:56:44,864 [pool-506-thread-1] INFO  server.RaftServerConfigKeys (ConfUtils.java:logGet(44)) - raft.server.log.appender.install.snapshot.enabled = false (custom)
2022-02-24 16:56:44,864 [pool-506-thread-1] INFO  server.RaftServer$Division (ServerState.java:<init>(105)) - cf3a7bfa-0a59-4cf0-978b-44f71b96abbc@group-CA206D264F63: ConfigurationManager, init=-1: [b07270f0-c5b1-4afe-99f3-aa5758d6ba5c|rpc:10.1.0.37:45647|dataStream:|priority:0, cf3a7bfa-0a59-4cf0-978b-44f71b96abbc|rpc:10.1.0.37:40183|dataStream:|priority:1, 2a15bd7e-7896-4db0-9e08-f7464bcd33ee|rpc:10.1.0.37:41995|dataStream:|priority:0], old=null, confs=<EMPTY_MAP>
2022-02-24 16:56:44,864 [pool-506-thread-1] INFO  server.RaftServerConfigKeys (ConfUtils.java:logGet(44)) - raft.server.storage.dir = [/home/runner/work/ozone/ozone/hadoop-ozone/integration-test/target/test-dir/MiniOzoneClusterImpl-a9e0dedd-d836-4895-9472-52c2256152d3/datanode-1/data/ratis] (custom)
2022-02-24 16:56:44,864 [pool-506-thread-1] INFO  server.RaftServerConfigKeys (ConfUtils.java:logGet(44)) - raft.server.log.corruption.policy = EXCEPTION (default)
2022-02-24 16:56:44,864 [pool-506-thread-1] INFO  server.RaftServerConfigKeys (ConfUtils.java:logGet(44)) - raft.server.storage.free-space.min = 0MB (=0) (default)
2022-02-24 16:56:44,864 [pool-506-thread-1] INFO  storage.RaftStorageDirectory (RaftStorageDirectoryImpl.java:analyzeStorage(135)) - The storage directory /home/runner/work/ozone/ozone/hadoop-ozone/integration-test/target/test-dir/MiniOzoneClusterImpl-a9e0dedd-d836-4895-9472-52c2256152d3/datanode-1/data/ratis/a109b66f-d9f5-4f13-88ed-ca206d264f63 does not exist. Creating ...
2022-02-24 16:56:44,866 [pool-506-thread-1] INFO  storage.RaftStorageDirectory (RaftStorageDirectoryImpl.java:tryLock(230)) - Lock on /home/runner/work/ozone/ozone/hadoop-ozone/integration-test/target/test-dir/MiniOzoneClusterImpl-a9e0dedd-d836-4895-9472-52c2256152d3/datanode-1/data/ratis/a109b66f-d9f5-4f13-88ed-ca206d264f63/in_use.lock acquired by nodename 3150@fv-az59-243
2022-02-24 16:56:44,869 [pool-506-thread-1] INFO  storage.RaftStorage (RaftStorageImpl.java:format(89)) - Storage directory /home/runner/work/ozone/ozone/hadoop-ozone/integration-test/target/test-dir/MiniOzoneClusterImpl-a9e0dedd-d836-4895-9472-52c2256152d3/datanode-1/data/ratis/a109b66f-d9f5-4f13-88ed-ca206d264f63 has been successfully formatted.
2022-02-24 16:56:44,870 [pool-506-thread-1] INFO  ratis.ContainerStateMachine (ContainerStateMachine.java:loadSnapshot(236)) - group-CA206D264F63: The snapshot info is null. Setting the last applied indexto:(t:0, i:~)
2022-02-24 16:56:44,883 [pool-506-thread-1] INFO  server.RaftServerConfigKeys (ConfUtils.java:logGet(44)) - raft.server.notification.no-leader.timeout = 300000ms (custom)
2022-02-24 16:56:44,883 [pool-506-thread-1] INFO  server.RaftServerConfigKeys (ConfUtils.java:logGet(44)) - raft.server.log.use.memory = false (default)
2022-02-24 16:56:44,883 [pool-506-thread-1] INFO  server.RaftServerConfigKeys (ConfUtils.java:logGet(44)) - raft.server.log.purge.gap = 1000000 (custom)
2022-02-24 16:56:44,883 [pool-506-thread-1] INFO  server.RaftServerConfigKeys (ConfUtils.java:logGet(44)) - raft.server.log.appender.buffer.byte-limit = 33554432 (custom)
2022-02-24 16:56:44,883 [pool-506-thread-1] INFO  server.RaftServerConfigKeys (ConfUtils.java:logGet(44)) - raft.server.log.segment.size.max = 1048576 (custom)
2022-02-24 16:56:44,883 [pool-506-thread-1] INFO  server.RaftServerConfigKeys (ConfUtils.java:logGet(44)) - raft.server.log.segment.cache.num.max = 2 (custom)
2022-02-24 16:56:44,883 [pool-506-thread-1] INFO  server.RaftServerConfigKeys (ConfUtils.java:logGet(44)) - raft.server.log.segment.cache.size.max = 200MB (=209715200) (default)
2022-02-24 16:56:44,883 [pool-506-thread-1] INFO  segmented.SegmentedRaftLogWorker (SegmentedRaftLogWorker.java:<init>(182)) - new cf3a7bfa-0a59-4cf0-978b-44f71b96abbc@group-CA206D264F63-SegmentedRaftLogWorker for RaftStorageImpl:Storage Directory /home/runner/work/ozone/ozone/hadoop-ozone/integration-test/target/test-dir/MiniOzoneClusterImpl-a9e0dedd-d836-4895-9472-52c2256152d3/datanode-1/data/ratis/a109b66f-d9f5-4f13-88ed-ca206d264f63
2022-02-24 16:56:44,883 [pool-506-thread-1] INFO  server.RaftServerConfigKeys (ConfUtils.java:logGet(44)) - raft.server.log.queue.byte-limit = 4294967296 (custom)
2022-02-24 16:56:44,883 [pool-506-thread-1] INFO  server.RaftServerConfigKeys (ConfUtils.java:logGet(44)) - raft.server.log.queue.element-limit = 1024 (custom)
2022-02-24 16:56:44,883 [pool-506-thread-1] INFO  server.RaftServerConfigKeys (ConfUtils.java:logGet(44)) - raft.server.log.segment.size.max = 1048576 (custom)
2022-02-24 16:56:44,883 [pool-506-thread-1] INFO  server.RaftServerConfigKeys (ConfUtils.java:logGet(44)) - raft.server.log.preallocated.size = 16384 (custom)
2022-02-24 16:56:44,884 [pool-506-thread-1] INFO  server.RaftServerConfigKeys (ConfUtils.java:logGet(44)) - raft.server.log.force.sync.num = 128 (default)
2022-02-24 16:56:44,884 [pool-506-thread-1] INFO  server.RaftServerConfigKeys (ConfUtils.java:logGet(44)) - raft.server.log.statemachine.data.sync = true (default)
2022-02-24 16:56:44,884 [pool-506-thread-1] INFO  server.RaftServerConfigKeys (ConfUtils.java:logGet(44)) - raft.server.log.statemachine.data.sync.timeout = 10s (default)
2022-02-24 16:56:44,884 [pool-506-thread-1] INFO  server.RaftServerConfigKeys (ConfUtils.java:logGet(44)) - raft.server.log.statemachine.data.sync.timeout.retry = -1 (default)
2022-02-24 16:56:44,884 [pool-506-thread-1] INFO  server.RaftServerConfigKeys (ConfUtils.java:logGet(44)) - raft.server.log.write.buffer.size = 1048576 (custom)
2022-02-24 16:56:44,885 [pool-506-thread-1] INFO  server.RaftServerConfigKeys (ConfUtils.java:logGet(44)) - raft.server.log.statemachine.data.caching.enabled = true (custom)
2022-02-24 16:56:44,885 [pool-506-thread-1] INFO  segmented.SegmentedRaftLogWorker (SegmentedRaftLogWorker.java:lambda$new$0(133)) - cf3a7bfa-0a59-4cf0-978b-44f71b96abbc@group-CA206D264F63-SegmentedRaftLogWorker: flushIndex: setUnconditionally 0 -> -1
2022-02-24 16:56:44,885 [pool-506-thread-1] INFO  segmented.SegmentedRaftLogWorker (SegmentedRaftLogWorker.java:lambda$new$0(133)) - cf3a7bfa-0a59-4cf0-978b-44f71b96abbc@group-CA206D264F63-SegmentedRaftLogWorker: safeCacheEvictIndex: setUnconditionally 0 -> -1
2022-02-24 16:56:44,889 [pool-506-thread-1] INFO  server.RaftServerConfigKeys (ConfUtils.java:logGet(44)) - raft.server.snapshot.auto.trigger.enabled = true (custom)
2022-02-24 16:56:44,890 [pool-506-thread-1] INFO  server.RaftServerConfigKeys (ConfUtils.java:logGet(44)) - raft.server.snapshot.auto.trigger.threshold = 10000 (custom)
2022-02-24 16:56:44,890 [pool-506-thread-1] INFO  server.RaftServerConfigKeys (ConfUtils.java:logGet(44)) - raft.server.snapshot.retention.file.num = 5 (custom)
2022-02-24 16:56:44,890 [pool-506-thread-1] INFO  server.RaftServerConfigKeys (ConfUtils.java:logGet(44)) - raft.server.log.purge.upto.snapshot.index = false (default)
2022-02-24 16:56:44,890 [pool-506-thread-1] INFO  server.RaftServerConfigKeys (ConfUtils.java:logGet(44)) - raft.server.retrycache.expirytime = 600000ms (custom)
2022-02-24 16:56:44,890 [pool-506-thread-1] INFO  server.RaftServerConfigKeys (ConfUtils.java:logGet(44)) - raft.server.retrycache.statistics.expirytime = 100μs (default)
2022-02-24 16:56:44,891 [pool-506-thread-1] INFO  server.RaftServer$Division (RaftServerImpl.java:start(301)) - cf3a7bfa-0a59-4cf0-978b-44f71b96abbc@group-CA206D264F63: start as a follower, conf=-1: [b07270f0-c5b1-4afe-99f3-aa5758d6ba5c|rpc:10.1.0.37:45647|dataStream:|priority:0, cf3a7bfa-0a59-4cf0-978b-44f71b96abbc|rpc:10.1.0.37:40183|dataStream:|priority:1, 2a15bd7e-7896-4db0-9e08-f7464bcd33ee|rpc:10.1.0.37:41995|dataStream:|priority:0], old=null
2022-02-24 16:56:44,891 [pool-506-thread-1] INFO  server.RaftServer$Division (RaftServerImpl.java:setRole(290)) - cf3a7bfa-0a59-4cf0-978b-44f71b96abbc@group-CA206D264F63: changes role from      null to FOLLOWER at term 0 for startAsFollower
2022-02-24 16:56:44,891 [pool-506-thread-1] INFO  impl.RoleInfo (RoleInfo.java:updateAndGet(130)) - cf3a7bfa-0a59-4cf0-978b-44f71b96abbc: start cf3a7bfa-0a59-4cf0-978b-44f71b96abbc@group-CA206D264F63-FollowerState
2022-02-24 16:56:44,907 [pool-506-thread-1] INFO  util.JmxRegister (JmxRegister.java:tryRegister(44)) - Successfully registered JMX Bean with object name Ratis:service=RaftServer,group=group-CA206D264F63,id=cf3a7bfa-0a59-4cf0-978b-44f71b96abbc
2022-02-24 16:56:44,973 [grpc-default-executor-4] INFO  server.RaftServer (RaftServerProxy.java:addNew(95)) - b07270f0-c5b1-4afe-99f3-aa5758d6ba5c: addNew group-CA206D264F63:[b07270f0-c5b1-4afe-99f3-aa5758d6ba5c|rpc:10.1.0.37:45647|dataStream:|priority:0, cf3a7bfa-0a59-4cf0-978b-44f71b96abbc|rpc:10.1.0.37:40183|dataStream:|priority:1, 2a15bd7e-7896-4db0-9e08-f7464bcd33ee|rpc:10.1.0.37:41995|dataStream:|priority:0] returns group-CA206D264F63:java.util.concurrent.CompletableFuture@68a693e1[Not completed]
2022-02-24 16:56:44,974 [pool-320-thread-1] INFO  server.RaftServer$Division (RaftServerImpl.java:<init>(184)) - b07270f0-c5b1-4afe-99f3-aa5758d6ba5c: new RaftServerImpl for group-CA206D264F63:[b07270f0-c5b1-4afe-99f3-aa5758d6ba5c|rpc:10.1.0.37:45647|dataStream:|priority:0, cf3a7bfa-0a59-4cf0-978b-44f71b96abbc|rpc:10.1.0.37:40183|dataStream:|priority:1, 2a15bd7e-7896-4db0-9e08-f7464bcd33ee|rpc:10.1.0.37:41995|dataStream:|priority:0] with ContainerStateMachine:uninitialized
2022-02-24 16:56:44,974 [pool-320-thread-1] INFO  server.RaftServerConfigKeys (ConfUtils.java:logGet(44)) - raft.server.rpc.timeout.min = 5s (custom)
2022-02-24 16:56:44,974 [pool-320-thread-1] INFO  server.RaftServerConfigKeys (ConfUtils.java:logGet(44)) - raft.server.rpc.timeout.max = 5200ms (custom)
2022-02-24 16:56:44,974 [pool-320-thread-1] INFO  server.RaftServerConfigKeys (ConfUtils.java:logGet(44)) - raft.server.rpc.sleep.time = 25ms (default)
2022-02-24 16:56:44,974 [pool-320-thread-1] INFO  server.RaftServerConfigKeys (ConfUtils.java:logGet(44)) - raft.server.rpc.slowness.timeout = 300000ms (custom)
2022-02-24 16:56:44,974 [pool-320-thread-1] INFO  server.RaftServerConfigKeys (ConfUtils.java:logGet(44)) - raft.server.leaderelection.leader.step-down.wait-time = 10s (default)
2022-02-24 16:56:44,974 [pool-320-thread-1] INFO  server.RaftServerConfigKeys (ConfUtils.java:logGet(44)) - raft.server.sleep.deviation.threshold = 300ms (default)
2022-02-24 16:56:44,974 [pool-320-thread-1] INFO  server.RaftServerConfigKeys (ConfUtils.java:logGet(44)) - raft.server.log.appender.install.snapshot.enabled = false (custom)
2022-02-24 16:56:44,974 [pool-320-thread-1] INFO  server.RaftServer$Division (ServerState.java:<init>(105)) - b07270f0-c5b1-4afe-99f3-aa5758d6ba5c@group-CA206D264F63: ConfigurationManager, init=-1: [b07270f0-c5b1-4afe-99f3-aa5758d6ba5c|rpc:10.1.0.37:45647|dataStream:|priority:0, cf3a7bfa-0a59-4cf0-978b-44f71b96abbc|rpc:10.1.0.37:40183|dataStream:|priority:1, 2a15bd7e-7896-4db0-9e08-f7464bcd33ee|rpc:10.1.0.37:41995|dataStream:|priority:0], old=null, confs=<EMPTY_MAP>
2022-02-24 16:56:44,974 [pool-320-thread-1] INFO  server.RaftServerConfigKeys (ConfUtils.java:logGet(44)) - raft.server.storage.dir = [/home/runner/work/ozone/ozone/hadoop-ozone/integration-test/target/test-dir/MiniOzoneClusterImpl-a9e0dedd-d836-4895-9472-52c2256152d3/datanode-0/data/ratis] (custom)
2022-02-24 16:56:44,974 [pool-320-thread-1] INFO  server.RaftServerConfigKeys (ConfUtils.java:logGet(44)) - raft.server.log.corruption.policy = EXCEPTION (default)
2022-02-24 16:56:44,974 [pool-320-thread-1] INFO  server.RaftServerConfigKeys (ConfUtils.java:logGet(44)) - raft.server.storage.free-space.min = 0MB (=0) (default)
2022-02-24 16:56:44,974 [pool-320-thread-1] INFO  storage.RaftStorageDirectory (RaftStorageDirectoryImpl.java:analyzeStorage(135)) - The storage directory /home/runner/work/ozone/ozone/hadoop-ozone/integration-test/target/test-dir/MiniOzoneClusterImpl-a9e0dedd-d836-4895-9472-52c2256152d3/datanode-0/data/ratis/a109b66f-d9f5-4f13-88ed-ca206d264f63 does not exist. Creating ...
2022-02-24 16:56:44,976 [pool-320-thread-1] INFO  storage.RaftStorageDirectory (RaftStorageDirectoryImpl.java:tryLock(230)) - Lock on /home/runner/work/ozone/ozone/hadoop-ozone/integration-test/target/test-dir/MiniOzoneClusterImpl-a9e0dedd-d836-4895-9472-52c2256152d3/datanode-0/data/ratis/a109b66f-d9f5-4f13-88ed-ca206d264f63/in_use.lock acquired by nodename 3150@fv-az59-243
2022-02-24 16:56:44,977 [pool-320-thread-1] INFO  storage.RaftStorage (RaftStorageImpl.java:format(89)) - Storage directory /home/runner/work/ozone/ozone/hadoop-ozone/integration-test/target/test-dir/MiniOzoneClusterImpl-a9e0dedd-d836-4895-9472-52c2256152d3/datanode-0/data/ratis/a109b66f-d9f5-4f13-88ed-ca206d264f63 has been successfully formatted.
2022-02-24 16:56:44,979 [pool-320-thread-1] INFO  ratis.ContainerStateMachine (ContainerStateMachine.java:loadSnapshot(236)) - group-CA206D264F63: The snapshot info is null. Setting the last applied indexto:(t:0, i:~)
2022-02-24 16:56:44,979 [pool-320-thread-1] INFO  server.RaftServerConfigKeys (ConfUtils.java:logGet(44)) - raft.server.notification.no-leader.timeout = 300000ms (custom)
2022-02-24 16:56:44,979 [pool-320-thread-1] INFO  server.RaftServerConfigKeys (ConfUtils.java:logGet(44)) - raft.server.log.use.memory = false (default)
2022-02-24 16:56:44,979 [pool-320-thread-1] INFO  server.RaftServerConfigKeys (ConfUtils.java:logGet(44)) - raft.server.log.purge.gap = 1000000 (custom)
2022-02-24 16:56:44,979 [pool-320-thread-1] INFO  server.RaftServerConfigKeys (ConfUtils.java:logGet(44)) - raft.server.log.appender.buffer.byte-limit = 33554432 (custom)
2022-02-24 16:56:44,979 [pool-320-thread-1] INFO  server.RaftServerConfigKeys (ConfUtils.java:logGet(44)) - raft.server.log.segment.size.max = 1048576 (custom)
2022-02-24 16:56:44,980 [pool-320-thread-1] INFO  server.RaftServerConfigKeys (ConfUtils.java:logGet(44)) - raft.server.log.segment.cache.num.max = 2 (custom)
2022-02-24 16:56:44,980 [pool-320-thread-1] INFO  server.RaftServerConfigKeys (ConfUtils.java:logGet(44)) - raft.server.log.segment.cache.size.max = 200MB (=209715200) (default)
2022-02-24 16:56:44,980 [pool-320-thread-1] INFO  segmented.SegmentedRaftLogWorker (SegmentedRaftLogWorker.java:<init>(182)) - new b07270f0-c5b1-4afe-99f3-aa5758d6ba5c@group-CA206D264F63-SegmentedRaftLogWorker for RaftStorageImpl:Storage Directory /home/runner/work/ozone/ozone/hadoop-ozone/integration-test/target/test-dir/MiniOzoneClusterImpl-a9e0dedd-d836-4895-9472-52c2256152d3/datanode-0/data/ratis/a109b66f-d9f5-4f13-88ed-ca206d264f63
2022-02-24 16:56:44,980 [pool-320-thread-1] INFO  server.RaftServerConfigKeys (ConfUtils.java:logGet(44)) - raft.server.log.queue.byte-limit = 4294967296 (custom)
2022-02-24 16:56:44,981 [pool-320-thread-1] INFO  server.RaftServerConfigKeys (ConfUtils.java:logGet(44)) - raft.server.log.queue.element-limit = 1024 (custom)
2022-02-24 16:56:44,981 [pool-320-thread-1] INFO  server.RaftServerConfigKeys (ConfUtils.java:logGet(44)) - raft.server.log.segment.size.max = 1048576 (custom)
2022-02-24 16:56:44,981 [pool-320-thread-1] INFO  server.RaftServerConfigKeys (ConfUtils.java:logGet(44)) - raft.server.log.preallocated.size = 16384 (custom)
2022-02-24 16:56:44,981 [pool-320-thread-1] INFO  server.RaftServerConfigKeys (ConfUtils.java:logGet(44)) - raft.server.log.force.sync.num = 128 (default)
2022-02-24 16:56:44,981 [pool-320-thread-1] INFO  server.RaftServerConfigKeys (ConfUtils.java:logGet(44)) - raft.server.log.statemachine.data.sync = true (default)
2022-02-24 16:56:44,981 [pool-320-thread-1] INFO  server.RaftServerConfigKeys (ConfUtils.java:logGet(44)) - raft.server.log.statemachine.data.sync.timeout = 10s (default)
2022-02-24 16:56:44,981 [pool-320-thread-1] INFO  server.RaftServerConfigKeys (ConfUtils.java:logGet(44)) - raft.server.log.statemachine.data.sync.timeout.retry = -1 (default)
2022-02-24 16:56:44,982 [pool-320-thread-1] INFO  server.RaftServerConfigKeys (ConfUtils.java:logGet(44)) - raft.server.log.write.buffer.size = 1048576 (custom)
2022-02-24 16:56:44,983 [pool-320-thread-1] INFO  server.RaftServerConfigKeys (ConfUtils.java:logGet(44)) - raft.server.log.statemachine.data.caching.enabled = true (custom)
2022-02-24 16:56:44,985 [pool-320-thread-1] INFO  segmented.SegmentedRaftLogWorker (SegmentedRaftLogWorker.java:lambda$new$0(133)) - b07270f0-c5b1-4afe-99f3-aa5758d6ba5c@group-CA206D264F63-SegmentedRaftLogWorker: flushIndex: setUnconditionally 0 -> -1
2022-02-24 16:56:44,985 [pool-320-thread-1] INFO  segmented.SegmentedRaftLogWorker (SegmentedRaftLogWorker.java:lambda$new$0(133)) - b07270f0-c5b1-4afe-99f3-aa5758d6ba5c@group-CA206D264F63-SegmentedRaftLogWorker: safeCacheEvictIndex: setUnconditionally 0 -> -1
2022-02-24 16:56:44,987 [pool-320-thread-1] INFO  server.RaftServerConfigKeys (ConfUtils.java:logGet(44)) - raft.server.snapshot.auto.trigger.enabled = true (custom)
2022-02-24 16:56:44,987 [pool-320-thread-1] INFO  server.RaftServerConfigKeys (ConfUtils.java:logGet(44)) - raft.server.snapshot.auto.trigger.threshold = 10000 (custom)
2022-02-24 16:56:44,987 [pool-320-thread-1] INFO  server.RaftServerConfigKeys (ConfUtils.java:logGet(44)) - raft.server.snapshot.retention.file.num = 5 (custom)
2022-02-24 16:56:44,987 [pool-320-thread-1] INFO  server.RaftServerConfigKeys (ConfUtils.java:logGet(44)) - raft.server.log.purge.upto.snapshot.index = false (default)
2022-02-24 16:56:44,987 [pool-320-thread-1] INFO  server.RaftServerConfigKeys (ConfUtils.java:logGet(44)) - raft.server.retrycache.expirytime = 600000ms (custom)
2022-02-24 16:56:44,987 [pool-320-thread-1] INFO  server.RaftServerConfigKeys (ConfUtils.java:logGet(44)) - raft.server.retrycache.statistics.expirytime = 100μs (default)
2022-02-24 16:56:44,989 [pool-320-thread-1] INFO  server.RaftServer$Division (RaftServerImpl.java:start(301)) - b07270f0-c5b1-4afe-99f3-aa5758d6ba5c@group-CA206D264F63: start as a follower, conf=-1: [b07270f0-c5b1-4afe-99f3-aa5758d6ba5c|rpc:10.1.0.37:45647|dataStream:|priority:0, cf3a7bfa-0a59-4cf0-978b-44f71b96abbc|rpc:10.1.0.37:40183|dataStream:|priority:1, 2a15bd7e-7896-4db0-9e08-f7464bcd33ee|rpc:10.1.0.37:41995|dataStream:|priority:0], old=null
2022-02-24 16:56:44,989 [pool-320-thread-1] INFO  server.RaftServer$Division (RaftServerImpl.java:setRole(290)) - b07270f0-c5b1-4afe-99f3-aa5758d6ba5c@group-CA206D264F63: changes role from      null to FOLLOWER at term 0 for startAsFollower
2022-02-24 16:56:45,003 [pool-320-thread-1] INFO  impl.RoleInfo (RoleInfo.java:updateAndGet(130)) - b07270f0-c5b1-4afe-99f3-aa5758d6ba5c: start b07270f0-c5b1-4afe-99f3-aa5758d6ba5c@group-CA206D264F63-FollowerState
2022-02-24 16:56:45,007 [pool-320-thread-1] INFO  util.JmxRegister (JmxRegister.java:tryRegister(44)) - Successfully registered JMX Bean with object name Ratis:service=RaftServer,group=group-CA206D264F63,id=b07270f0-c5b1-4afe-99f3-aa5758d6ba5c
2022-02-24 16:56:45,055 [Command processor thread] INFO  commandhandler.CreatePipelineCommandHandler (CreatePipelineCommandHandler.java:handle(106)) - Created Pipeline RATIS THREE PipelineID=a109b66f-d9f5-4f13-88ed-ca206d264f63.
2022-02-24 16:56:45,055 [Command processor thread] INFO  server.RaftServer (RaftServerProxy.java:addNew(95)) - 2a15bd7e-7896-4db0-9e08-f7464bcd33ee: addNew group-A8F55BFD1212:[b07270f0-c5b1-4afe-99f3-aa5758d6ba5c|rpc:10.1.0.37:45647|priority:0, 6b991a1f-9e77-4b13-a483-fcde5672bd4a|rpc:10.1.0.37:38289|priority:1, 2a15bd7e-7896-4db0-9e08-f7464bcd33ee|rpc:10.1.0.37:41995|priority:0] returns group-A8F55BFD1212:java.util.concurrent.CompletableFuture@1fe717d6[Not completed]
2022-02-24 16:56:45,056 [pool-362-thread-1] INFO  server.RaftServer$Division (RaftServerImpl.java:<init>(184)) - 2a15bd7e-7896-4db0-9e08-f7464bcd33ee: new RaftServerImpl for group-A8F55BFD1212:[b07270f0-c5b1-4afe-99f3-aa5758d6ba5c|rpc:10.1.0.37:45647|priority:0, 6b991a1f-9e77-4b13-a483-fcde5672bd4a|rpc:10.1.0.37:38289|priority:1, 2a15bd7e-7896-4db0-9e08-f7464bcd33ee|rpc:10.1.0.37:41995|priority:0] with ContainerStateMachine:uninitialized
2022-02-24 16:56:45,056 [pool-362-thread-1] INFO  server.RaftServerConfigKeys (ConfUtils.java:logGet(44)) - raft.server.rpc.timeout.min = 5s (custom)
2022-02-24 16:56:45,056 [pool-362-thread-1] INFO  server.RaftServerConfigKeys (ConfUtils.java:logGet(44)) - raft.server.rpc.timeout.max = 5200ms (custom)
2022-02-24 16:56:45,056 [pool-362-thread-1] INFO  server.RaftServerConfigKeys (ConfUtils.java:logGet(44)) - raft.server.rpc.sleep.time = 25ms (default)
2022-02-24 16:56:45,056 [pool-362-thread-1] INFO  server.RaftServerConfigKeys (ConfUtils.java:logGet(44)) - raft.server.rpc.slowness.timeout = 300000ms (custom)
2022-02-24 16:56:45,056 [pool-362-thread-1] INFO  server.RaftServerConfigKeys (ConfUtils.java:logGet(44)) - raft.server.leaderelection.leader.step-down.wait-time = 10s (default)
2022-02-24 16:56:45,056 [pool-362-thread-1] INFO  server.RaftServerConfigKeys (ConfUtils.java:logGet(44)) - raft.server.sleep.deviation.threshold = 300ms (default)
2022-02-24 16:56:45,056 [pool-362-thread-1] INFO  server.RaftServerConfigKeys (ConfUtils.java:logGet(44)) - raft.server.log.appender.install.snapshot.enabled = false (custom)
2022-02-24 16:56:45,056 [pool-362-thread-1] INFO  server.RaftServer$Division (ServerState.java:<init>(105)) - 2a15bd7e-7896-4db0-9e08-f7464bcd33ee@group-A8F55BFD1212: ConfigurationManager, init=-1: [b07270f0-c5b1-4afe-99f3-aa5758d6ba5c|rpc:10.1.0.37:45647|priority:0, 6b991a1f-9e77-4b13-a483-fcde5672bd4a|rpc:10.1.0.37:38289|priority:1, 2a15bd7e-7896-4db0-9e08-f7464bcd33ee|rpc:10.1.0.37:41995|priority:0], old=null, confs=<EMPTY_MAP>
2022-02-24 16:56:45,056 [pool-362-thread-1] INFO  server.RaftServerConfigKeys (ConfUtils.java:logGet(44)) - raft.server.storage.dir = [/home/runner/work/ozone/ozone/hadoop-ozone/integration-test/target/test-dir/MiniOzoneClusterImpl-a9e0dedd-d836-4895-9472-52c2256152d3/datanode-2/data/ratis] (custom)
2022-02-24 16:56:45,057 [pool-362-thread-1] INFO  server.RaftServerConfigKeys (ConfUtils.java:logGet(44)) - raft.server.log.corruption.policy = EXCEPTION (default)
2022-02-24 16:56:45,057 [pool-362-thread-1] INFO  server.RaftServerConfigKeys (ConfUtils.java:logGet(44)) - raft.server.storage.free-space.min = 0MB (=0) (default)
2022-02-24 16:56:45,057 [pool-362-thread-1] INFO  storage.RaftStorageDirectory (RaftStorageDirectoryImpl.java:analyzeStorage(135)) - The storage directory /home/runner/work/ozone/ozone/hadoop-ozone/integration-test/target/test-dir/MiniOzoneClusterImpl-a9e0dedd-d836-4895-9472-52c2256152d3/datanode-2/data/ratis/497dee7c-6395-4f7c-8faa-a8f55bfd1212 does not exist. Creating ...
2022-02-24 16:56:45,061 [pool-362-thread-1] INFO  storage.RaftStorageDirectory (RaftStorageDirectoryImpl.java:tryLock(230)) - Lock on /home/runner/work/ozone/ozone/hadoop-ozone/integration-test/target/test-dir/MiniOzoneClusterImpl-a9e0dedd-d836-4895-9472-52c2256152d3/datanode-2/data/ratis/497dee7c-6395-4f7c-8faa-a8f55bfd1212/in_use.lock acquired by nodename 3150@fv-az59-243
2022-02-24 16:56:45,061 [Command processor thread] INFO  server.RaftServer (RaftServerProxy.java:addNew(95)) - b07270f0-c5b1-4afe-99f3-aa5758d6ba5c: addNew group-A8F55BFD1212:[b07270f0-c5b1-4afe-99f3-aa5758d6ba5c|rpc:10.1.0.37:45647|priority:0, 6b991a1f-9e77-4b13-a483-fcde5672bd4a|rpc:10.1.0.37:38289|priority:1, 2a15bd7e-7896-4db0-9e08-f7464bcd33ee|rpc:10.1.0.37:41995|priority:0] returns group-A8F55BFD1212:java.util.concurrent.CompletableFuture@3e958093[Not completed]
2022-02-24 16:56:45,062 [pool-320-thread-1] INFO  server.RaftServer$Division (RaftServerImpl.java:<init>(184)) - b07270f0-c5b1-4afe-99f3-aa5758d6ba5c: new RaftServerImpl for group-A8F55BFD1212:[b07270f0-c5b1-4afe-99f3-aa5758d6ba5c|rpc:10.1.0.37:45647|priority:0, 6b991a1f-9e77-4b13-a483-fcde5672bd4a|rpc:10.1.0.37:38289|priority:1, 2a15bd7e-7896-4db0-9e08-f7464bcd33ee|rpc:10.1.0.37:41995|priority:0] with ContainerStateMachine:uninitialized
2022-02-24 16:56:45,062 [pool-320-thread-1] INFO  server.RaftServerConfigKeys (ConfUtils.java:logGet(44)) - raft.server.rpc.timeout.min = 5s (custom)
2022-02-24 16:56:45,062 [pool-320-thread-1] INFO  server.RaftServerConfigKeys (ConfUtils.java:logGet(44)) - raft.server.rpc.timeout.max = 5200ms (custom)
2022-02-24 16:56:45,062 [pool-320-thread-1] INFO  server.RaftServerConfigKeys (ConfUtils.java:logGet(44)) - raft.server.rpc.sleep.time = 25ms (default)
2022-02-24 16:56:45,062 [pool-320-thread-1] INFO  server.RaftServerConfigKeys (ConfUtils.java:logGet(44)) - raft.server.rpc.slowness.timeout = 300000ms (custom)
2022-02-24 16:56:45,062 [pool-320-thread-1] INFO  server.RaftServerConfigKeys (ConfUtils.java:logGet(44)) - raft.server.leaderelection.leader.step-down.wait-time = 10s (default)
2022-02-24 16:56:45,062 [pool-320-thread-1] INFO  server.RaftServerConfigKeys (ConfUtils.java:logGet(44)) - raft.server.sleep.deviation.threshold = 300ms (default)
2022-02-24 16:56:45,062 [pool-320-thread-1] INFO  server.RaftServerConfigKeys (ConfUtils.java:logGet(44)) - raft.server.log.appender.install.snapshot.enabled = false (custom)
2022-02-24 16:56:45,062 [pool-320-thread-1] INFO  server.RaftServer$Division (ServerState.java:<init>(105)) - b07270f0-c5b1-4afe-99f3-aa5758d6ba5c@group-A8F55BFD1212: ConfigurationManager, init=-1: [b07270f0-c5b1-4afe-99f3-aa5758d6ba5c|rpc:10.1.0.37:45647|priority:0, 6b991a1f-9e77-4b13-a483-fcde5672bd4a|rpc:10.1.0.37:38289|priority:1, 2a15bd7e-7896-4db0-9e08-f7464bcd33ee|rpc:10.1.0.37:41995|priority:0], old=null, confs=<EMPTY_MAP>
2022-02-24 16:56:45,062 [pool-320-thread-1] INFO  server.RaftServerConfigKeys (ConfUtils.java:logGet(44)) - raft.server.storage.dir = [/home/runner/work/ozone/ozone/hadoop-ozone/integration-test/target/test-dir/MiniOzoneClusterImpl-a9e0dedd-d836-4895-9472-52c2256152d3/datanode-0/data/ratis] (custom)
2022-02-24 16:56:45,062 [pool-320-thread-1] INFO  server.RaftServerConfigKeys (ConfUtils.java:logGet(44)) - raft.server.log.corruption.policy = EXCEPTION (default)
2022-02-24 16:56:45,062 [pool-320-thread-1] INFO  server.RaftServerConfigKeys (ConfUtils.java:logGet(44)) - raft.server.storage.free-space.min = 0MB (=0) (default)
2022-02-24 16:56:45,062 [pool-320-thread-1] INFO  storage.RaftStorageDirectory (RaftStorageDirectoryImpl.java:analyzeStorage(135)) - The storage directory /home/runner/work/ozone/ozone/hadoop-ozone/integration-test/target/test-dir/MiniOzoneClusterImpl-a9e0dedd-d836-4895-9472-52c2256152d3/datanode-0/data/ratis/497dee7c-6395-4f7c-8faa-a8f55bfd1212 does not exist. Creating ...
2022-02-24 16:56:45,073 [pool-320-thread-1] INFO  storage.RaftStorageDirectory (RaftStorageDirectoryImpl.java:tryLock(230)) - Lock on /home/runner/work/ozone/ozone/hadoop-ozone/integration-test/target/test-dir/MiniOzoneClusterImpl-a9e0dedd-d836-4895-9472-52c2256152d3/datanode-0/data/ratis/497dee7c-6395-4f7c-8faa-a8f55bfd1212/in_use.lock acquired by nodename 3150@fv-az59-243
2022-02-24 16:56:45,074 [pool-362-thread-1] INFO  storage.RaftStorage (RaftStorageImpl.java:format(89)) - Storage directory /home/runner/work/ozone/ozone/hadoop-ozone/integration-test/target/test-dir/MiniOzoneClusterImpl-a9e0dedd-d836-4895-9472-52c2256152d3/datanode-2/data/ratis/497dee7c-6395-4f7c-8faa-a8f55bfd1212 has been successfully formatted.
2022-02-24 16:56:45,074 [pool-362-thread-1] INFO  ratis.ContainerStateMachine (ContainerStateMachine.java:loadSnapshot(236)) - group-A8F55BFD1212: The snapshot info is null. Setting the last applied indexto:(t:0, i:~)
2022-02-24 16:56:45,074 [pool-362-thread-1] INFO  server.RaftServerConfigKeys (ConfUtils.java:logGet(44)) - raft.server.notification.no-leader.timeout = 300000ms (custom)
2022-02-24 16:56:45,075 [pool-362-thread-1] INFO  server.RaftServerConfigKeys (ConfUtils.java:logGet(44)) - raft.server.log.use.memory = false (default)
2022-02-24 16:56:45,075 [pool-362-thread-1] INFO  server.RaftServerConfigKeys (ConfUtils.java:logGet(44)) - raft.server.log.purge.gap = 1000000 (custom)
2022-02-24 16:56:45,076 [pool-362-thread-1] INFO  server.RaftServerConfigKeys (ConfUtils.java:logGet(44)) - raft.server.log.appender.buffer.byte-limit = 33554432 (custom)
2022-02-24 16:56:45,076 [pool-362-thread-1] INFO  server.RaftServerConfigKeys (ConfUtils.java:logGet(44)) - raft.server.log.segment.size.max = 1048576 (custom)
2022-02-24 16:56:45,076 [pool-362-thread-1] INFO  server.RaftServerConfigKeys (ConfUtils.java:logGet(44)) - raft.server.log.segment.cache.num.max = 2 (custom)
2022-02-24 16:56:45,076 [pool-362-thread-1] INFO  server.RaftServerConfigKeys (ConfUtils.java:logGet(44)) - raft.server.log.segment.cache.size.max = 200MB (=209715200) (default)
2022-02-24 16:56:45,076 [pool-362-thread-1] INFO  segmented.SegmentedRaftLogWorker (SegmentedRaftLogWorker.java:<init>(182)) - new 2a15bd7e-7896-4db0-9e08-f7464bcd33ee@group-A8F55BFD1212-SegmentedRaftLogWorker for RaftStorageImpl:Storage Directory /home/runner/work/ozone/ozone/hadoop-ozone/integration-test/target/test-dir/MiniOzoneClusterImpl-a9e0dedd-d836-4895-9472-52c2256152d3/datanode-2/data/ratis/497dee7c-6395-4f7c-8faa-a8f55bfd1212
2022-02-24 16:56:45,076 [pool-362-thread-1] INFO  server.RaftServerConfigKeys (ConfUtils.java:logGet(44)) - raft.server.log.queue.byte-limit = 4294967296 (custom)
2022-02-24 16:56:45,076 [pool-362-thread-1] INFO  server.RaftServerConfigKeys (ConfUtils.java:logGet(44)) - raft.server.log.queue.element-limit = 1024 (custom)
2022-02-24 16:56:45,076 [pool-362-thread-1] INFO  server.RaftServerConfigKeys (ConfUtils.java:logGet(44)) - raft.server.log.segment.size.max = 1048576 (custom)
2022-02-24 16:56:45,076 [pool-362-thread-1] INFO  server.RaftServerConfigKeys (ConfUtils.java:logGet(44)) - raft.server.log.preallocated.size = 16384 (custom)
2022-02-24 16:56:45,076 [pool-362-thread-1] INFO  server.RaftServerConfigKeys (ConfUtils.java:logGet(44)) - raft.server.log.force.sync.num = 128 (default)
2022-02-24 16:56:45,076 [pool-362-thread-1] INFO  server.RaftServerConfigKeys (ConfUtils.java:logGet(44)) - raft.server.log.statemachine.data.sync = true (default)
2022-02-24 16:56:45,076 [pool-362-thread-1] INFO  server.RaftServerConfigKeys (ConfUtils.java:logGet(44)) - raft.server.log.statemachine.data.sync.timeout = 10s (default)
2022-02-24 16:56:45,076 [pool-362-thread-1] INFO  server.RaftServerConfigKeys (ConfUtils.java:logGet(44)) - raft.server.log.statemachine.data.sync.timeout.retry = -1 (default)
2022-02-24 16:56:45,077 [pool-362-thread-1] INFO  server.RaftServerConfigKeys (ConfUtils.java:logGet(44)) - raft.server.log.write.buffer.size = 1048576 (custom)
2022-02-24 16:56:45,078 [pool-362-thread-1] INFO  server.RaftServerConfigKeys (ConfUtils.java:logGet(44)) - raft.server.log.statemachine.data.caching.enabled = true (custom)
2022-02-24 16:56:45,078 [pool-362-thread-1] INFO  segmented.SegmentedRaftLogWorker (SegmentedRaftLogWorker.java:lambda$new$0(133)) - 2a15bd7e-7896-4db0-9e08-f7464bcd33ee@group-A8F55BFD1212-SegmentedRaftLogWorker: flushIndex: setUnconditionally 0 -> -1
2022-02-24 16:56:45,078 [pool-362-thread-1] INFO  segmented.SegmentedRaftLogWorker (SegmentedRaftLogWorker.java:lambda$new$0(133)) - 2a15bd7e-7896-4db0-9e08-f7464bcd33ee@group-A8F55BFD1212-SegmentedRaftLogWorker: safeCacheEvictIndex: setUnconditionally 0 -> -1
2022-02-24 16:56:45,081 [pool-320-thread-1] INFO  storage.RaftStorage (RaftStorageImpl.java:format(89)) - Storage directory /home/runner/work/ozone/ozone/hadoop-ozone/integration-test/target/test-dir/MiniOzoneClusterImpl-a9e0dedd-d836-4895-9472-52c2256152d3/datanode-0/data/ratis/497dee7c-6395-4f7c-8faa-a8f55bfd1212 has been successfully formatted.
2022-02-24 16:56:45,083 [pool-320-thread-1] INFO  ratis.ContainerStateMachine (ContainerStateMachine.java:loadSnapshot(236)) - group-A8F55BFD1212: The snapshot info is null. Setting the last applied indexto:(t:0, i:~)
2022-02-24 16:56:45,083 [pool-320-thread-1] INFO  server.RaftServerConfigKeys (ConfUtils.java:logGet(44)) - raft.server.notification.no-leader.timeout = 300000ms (custom)
2022-02-24 16:56:45,083 [pool-320-thread-1] INFO  server.RaftServerConfigKeys (ConfUtils.java:logGet(44)) - raft.server.log.use.memory = false (default)
2022-02-24 16:56:45,083 [pool-320-thread-1] INFO  server.RaftServerConfigKeys (ConfUtils.java:logGet(44)) - raft.server.log.purge.gap = 1000000 (custom)
2022-02-24 16:56:45,083 [pool-320-thread-1] INFO  server.RaftServerConfigKeys (ConfUtils.java:logGet(44)) - raft.server.log.appender.buffer.byte-limit = 33554432 (custom)
2022-02-24 16:56:45,083 [pool-320-thread-1] INFO  server.RaftServerConfigKeys (ConfUtils.java:logGet(44)) - raft.server.log.segment.size.max = 1048576 (custom)
2022-02-24 16:56:45,083 [pool-320-thread-1] INFO  server.RaftServerConfigKeys (ConfUtils.java:logGet(44)) - raft.server.log.segment.cache.num.max = 2 (custom)
2022-02-24 16:56:45,083 [pool-320-thread-1] INFO  server.RaftServerConfigKeys (ConfUtils.java:logGet(44)) - raft.server.log.segment.cache.size.max = 200MB (=209715200) (default)
2022-02-24 16:56:45,084 [pool-320-thread-1] INFO  segmented.SegmentedRaftLogWorker (SegmentedRaftLogWorker.java:<init>(182)) - new b07270f0-c5b1-4afe-99f3-aa5758d6ba5c@group-A8F55BFD1212-SegmentedRaftLogWorker for RaftStorageImpl:Storage Directory /home/runner/work/ozone/ozone/hadoop-ozone/integration-test/target/test-dir/MiniOzoneClusterImpl-a9e0dedd-d836-4895-9472-52c2256152d3/datanode-0/data/ratis/497dee7c-6395-4f7c-8faa-a8f55bfd1212
2022-02-24 16:56:45,084 [pool-320-thread-1] INFO  server.RaftServerConfigKeys (ConfUtils.java:logGet(44)) - raft.server.log.queue.byte-limit = 4294967296 (custom)
2022-02-24 16:56:45,084 [pool-320-thread-1] INFO  server.RaftServerConfigKeys (ConfUtils.java:logGet(44)) - raft.server.log.queue.element-limit = 1024 (custom)
2022-02-24 16:56:45,084 [pool-320-thread-1] INFO  server.RaftServerConfigKeys (ConfUtils.java:logGet(44)) - raft.server.log.segment.size.max = 1048576 (custom)
2022-02-24 16:56:45,084 [pool-320-thread-1] INFO  server.RaftServerConfigKeys (ConfUtils.java:logGet(44)) - raft.server.log.preallocated.size = 16384 (custom)
2022-02-24 16:56:45,084 [pool-320-thread-1] INFO  server.RaftServerConfigKeys (ConfUtils.java:logGet(44)) - raft.server.log.force.sync.num = 128 (default)
2022-02-24 16:56:45,084 [pool-320-thread-1] INFO  server.RaftServerConfigKeys (ConfUtils.java:logGet(44)) - raft.server.log.statemachine.data.sync = true (default)
2022-02-24 16:56:45,084 [pool-320-thread-1] INFO  server.RaftServerConfigKeys (ConfUtils.java:logGet(44)) - raft.server.log.statemachine.data.sync.timeout = 10s (default)
2022-02-24 16:56:45,084 [pool-320-thread-1] INFO  server.RaftServerConfigKeys (ConfUtils.java:logGet(44)) - raft.server.log.statemachine.data.sync.timeout.retry = -1 (default)
2022-02-24 16:56:45,085 [pool-320-thread-1] INFO  server.RaftServerConfigKeys (ConfUtils.java:logGet(44)) - raft.server.log.write.buffer.size = 1048576 (custom)
2022-02-24 16:56:45,085 [pool-320-thread-1] INFO  server.RaftServerConfigKeys (ConfUtils.java:logGet(44)) - raft.server.log.statemachine.data.caching.enabled = true (custom)
2022-02-24 16:56:45,085 [pool-320-thread-1] INFO  segmented.SegmentedRaftLogWorker (SegmentedRaftLogWorker.java:lambda$new$0(133)) - b07270f0-c5b1-4afe-99f3-aa5758d6ba5c@group-A8F55BFD1212-SegmentedRaftLogWorker: flushIndex: setUnconditionally 0 -> -1
2022-02-24 16:56:45,086 [pool-320-thread-1] INFO  segmented.SegmentedRaftLogWorker (SegmentedRaftLogWorker.java:lambda$new$0(133)) - b07270f0-c5b1-4afe-99f3-aa5758d6ba5c@group-A8F55BFD1212-SegmentedRaftLogWorker: safeCacheEvictIndex: setUnconditionally 0 -> -1
2022-02-24 16:56:45,087 [pool-362-thread-1] INFO  server.RaftServerConfigKeys (ConfUtils.java:logGet(44)) - raft.server.snapshot.auto.trigger.enabled = true (custom)
2022-02-24 16:56:45,087 [pool-362-thread-1] INFO  server.RaftServerConfigKeys (ConfUtils.java:logGet(44)) - raft.server.snapshot.auto.trigger.threshold = 10000 (custom)
2022-02-24 16:56:45,087 [pool-362-thread-1] INFO  server.RaftServerConfigKeys (ConfUtils.java:logGet(44)) - raft.server.snapshot.retention.file.num = 5 (custom)
2022-02-24 16:56:45,087 [pool-362-thread-1] INFO  server.RaftServerConfigKeys (ConfUtils.java:logGet(44)) - raft.server.log.purge.upto.snapshot.index = false (default)
2022-02-24 16:56:45,087 [pool-320-thread-1] INFO  server.RaftServerConfigKeys (ConfUtils.java:logGet(44)) - raft.server.snapshot.auto.trigger.enabled = true (custom)
2022-02-24 16:56:45,087 [pool-320-thread-1] INFO  server.RaftServerConfigKeys (ConfUtils.java:logGet(44)) - raft.server.snapshot.auto.trigger.threshold = 10000 (custom)
2022-02-24 16:56:45,087 [pool-320-thread-1] INFO  server.RaftServerConfigKeys (ConfUtils.java:logGet(44)) - raft.server.snapshot.retention.file.num = 5 (custom)
2022-02-24 16:56:45,087 [pool-320-thread-1] INFO  server.RaftServerConfigKeys (ConfUtils.java:logGet(44)) - raft.server.log.purge.upto.snapshot.index = false (default)
2022-02-24 16:56:45,087 [pool-320-thread-1] INFO  server.RaftServerConfigKeys (ConfUtils.java:logGet(44)) - raft.server.retrycache.expirytime = 600000ms (custom)
2022-02-24 16:56:45,087 [pool-320-thread-1] INFO  server.RaftServerConfigKeys (ConfUtils.java:logGet(44)) - raft.server.retrycache.statistics.expirytime = 100μs (default)
2022-02-24 16:56:45,088 [pool-320-thread-1] INFO  server.RaftServer$Division (RaftServerImpl.java:start(301)) - b07270f0-c5b1-4afe-99f3-aa5758d6ba5c@group-A8F55BFD1212: start as a follower, conf=-1: [b07270f0-c5b1-4afe-99f3-aa5758d6ba5c|rpc:10.1.0.37:45647|priority:0, 6b991a1f-9e77-4b13-a483-fcde5672bd4a|rpc:10.1.0.37:38289|priority:1, 2a15bd7e-7896-4db0-9e08-f7464bcd33ee|rpc:10.1.0.37:41995|priority:0], old=null
2022-02-24 16:56:45,088 [pool-320-thread-1] INFO  server.RaftServer$Division (RaftServerImpl.java:setRole(290)) - b07270f0-c5b1-4afe-99f3-aa5758d6ba5c@group-A8F55BFD1212: changes role from      null to FOLLOWER at term 0 for startAsFollower
2022-02-24 16:56:45,088 [pool-320-thread-1] INFO  impl.RoleInfo (RoleInfo.java:updateAndGet(130)) - b07270f0-c5b1-4afe-99f3-aa5758d6ba5c: start b07270f0-c5b1-4afe-99f3-aa5758d6ba5c@group-A8F55BFD1212-FollowerState
2022-02-24 16:56:45,103 [pool-320-thread-1] INFO  util.JmxRegister (JmxRegister.java:tryRegister(44)) - Successfully registered JMX Bean with object name Ratis:service=RaftServer,group=group-A8F55BFD1212,id=b07270f0-c5b1-4afe-99f3-aa5758d6ba5c
2022-02-24 16:56:45,111 [Command processor thread] INFO  ratis.XceiverServerRatis (XceiverServerRatis.java:addGroup(769)) - Created group PipelineID=497dee7c-6395-4f7c-8faa-a8f55bfd1212
2022-02-24 16:56:45,113 [pool-362-thread-1] INFO  server.RaftServerConfigKeys (ConfUtils.java:logGet(44)) - raft.server.retrycache.expirytime = 600000ms (custom)
2022-02-24 16:56:45,113 [pool-362-thread-1] INFO  server.RaftServerConfigKeys (ConfUtils.java:logGet(44)) - raft.server.retrycache.statistics.expirytime = 100μs (default)
2022-02-24 16:56:45,114 [pool-362-thread-1] INFO  server.RaftServer$Division (RaftServerImpl.java:start(301)) - 2a15bd7e-7896-4db0-9e08-f7464bcd33ee@group-A8F55BFD1212: start as a follower, conf=-1: [b07270f0-c5b1-4afe-99f3-aa5758d6ba5c|rpc:10.1.0.37:45647|priority:0, 6b991a1f-9e77-4b13-a483-fcde5672bd4a|rpc:10.1.0.37:38289|priority:1, 2a15bd7e-7896-4db0-9e08-f7464bcd33ee|rpc:10.1.0.37:41995|priority:0], old=null
2022-02-24 16:56:45,114 [pool-362-thread-1] INFO  server.RaftServer$Division (RaftServerImpl.java:setRole(290)) - 2a15bd7e-7896-4db0-9e08-f7464bcd33ee@group-A8F55BFD1212: changes role from      null to FOLLOWER at term 0 for startAsFollower
2022-02-24 16:56:45,114 [pool-362-thread-1] INFO  impl.RoleInfo (RoleInfo.java:updateAndGet(130)) - 2a15bd7e-7896-4db0-9e08-f7464bcd33ee: start 2a15bd7e-7896-4db0-9e08-f7464bcd33ee@group-A8F55BFD1212-FollowerState
2022-02-24 16:56:45,123 [pool-362-thread-1] INFO  util.JmxRegister (JmxRegister.java:tryRegister(44)) - Successfully registered JMX Bean with object name Ratis:service=RaftServer,group=group-A8F55BFD1212,id=2a15bd7e-7896-4db0-9e08-f7464bcd33ee
2022-02-24 16:56:45,148 [Command processor thread] INFO  ratis.XceiverServerRatis (XceiverServerRatis.java:addGroup(769)) - Created group PipelineID=497dee7c-6395-4f7c-8faa-a8f55bfd1212
2022-02-24 16:56:45,150 [Command processor thread] INFO  server.RaftServer (RaftServerProxy.java:addNew(95)) - 6b991a1f-9e77-4b13-a483-fcde5672bd4a: addNew group-A8F55BFD1212:[b07270f0-c5b1-4afe-99f3-aa5758d6ba5c|rpc:10.1.0.37:45647|priority:0, 6b991a1f-9e77-4b13-a483-fcde5672bd4a|rpc:10.1.0.37:38289|priority:1, 2a15bd7e-7896-4db0-9e08-f7464bcd33ee|rpc:10.1.0.37:41995|priority:0] returns group-A8F55BFD1212:java.util.concurrent.CompletableFuture@5567cdb5[Not completed]
2022-02-24 16:56:45,153 [pool-446-thread-1] INFO  server.RaftServer$Division (RaftServerImpl.java:<init>(184)) - 6b991a1f-9e77-4b13-a483-fcde5672bd4a: new RaftServerImpl for group-A8F55BFD1212:[b07270f0-c5b1-4afe-99f3-aa5758d6ba5c|rpc:10.1.0.37:45647|priority:0, 6b991a1f-9e77-4b13-a483-fcde5672bd4a|rpc:10.1.0.37:38289|priority:1, 2a15bd7e-7896-4db0-9e08-f7464bcd33ee|rpc:10.1.0.37:41995|priority:0] with ContainerStateMachine:uninitialized
2022-02-24 16:56:45,153 [pool-446-thread-1] INFO  server.RaftServerConfigKeys (ConfUtils.java:logGet(44)) - raft.server.rpc.timeout.min = 5s (custom)
2022-02-24 16:56:45,153 [pool-446-thread-1] INFO  server.RaftServerConfigKeys (ConfUtils.java:logGet(44)) - raft.server.rpc.timeout.max = 5200ms (custom)
2022-02-24 16:56:45,153 [pool-446-thread-1] INFO  server.RaftServerConfigKeys (ConfUtils.java:logGet(44)) - raft.server.rpc.sleep.time = 25ms (default)
2022-02-24 16:56:45,153 [pool-446-thread-1] INFO  server.RaftServerConfigKeys (ConfUtils.java:logGet(44)) - raft.server.rpc.slowness.timeout = 300000ms (custom)
2022-02-24 16:56:45,153 [pool-446-thread-1] INFO  server.RaftServerConfigKeys (ConfUtils.java:logGet(44)) - raft.server.leaderelection.leader.step-down.wait-time = 10s (default)
2022-02-24 16:56:45,153 [pool-446-thread-1] INFO  server.RaftServerConfigKeys (ConfUtils.java:logGet(44)) - raft.server.sleep.deviation.threshold = 300ms (default)
2022-02-24 16:56:45,153 [pool-446-thread-1] INFO  server.RaftServerConfigKeys (ConfUtils.java:logGet(44)) - raft.server.log.appender.install.snapshot.enabled = false (custom)
2022-02-24 16:56:45,153 [pool-446-thread-1] INFO  server.RaftServer$Division (ServerState.java:<init>(105)) - 6b991a1f-9e77-4b13-a483-fcde5672bd4a@group-A8F55BFD1212: ConfigurationManager, init=-1: [b07270f0-c5b1-4afe-99f3-aa5758d6ba5c|rpc:10.1.0.37:45647|priority:0, 6b991a1f-9e77-4b13-a483-fcde5672bd4a|rpc:10.1.0.37:38289|priority:1, 2a15bd7e-7896-4db0-9e08-f7464bcd33ee|rpc:10.1.0.37:41995|priority:0], old=null, confs=<EMPTY_MAP>
2022-02-24 16:56:45,153 [pool-446-thread-1] INFO  server.RaftServerConfigKeys (ConfUtils.java:logGet(44)) - raft.server.storage.dir = [/home/runner/work/ozone/ozone/hadoop-ozone/integration-test/target/test-dir/MiniOzoneClusterImpl-a9e0dedd-d836-4895-9472-52c2256152d3/datanode-6/data/ratis] (custom)
2022-02-24 16:56:45,153 [pool-446-thread-1] INFO  server.RaftServerConfigKeys (ConfUtils.java:logGet(44)) - raft.server.log.corruption.policy = EXCEPTION (default)
2022-02-24 16:56:45,153 [pool-446-thread-1] INFO  server.RaftServerConfigKeys (ConfUtils.java:logGet(44)) - raft.server.storage.free-space.min = 0MB (=0) (default)
2022-02-24 16:56:45,153 [pool-446-thread-1] INFO  storage.RaftStorageDirectory (RaftStorageDirectoryImpl.java:analyzeStorage(135)) - The storage directory /home/runner/work/ozone/ozone/hadoop-ozone/integration-test/target/test-dir/MiniOzoneClusterImpl-a9e0dedd-d836-4895-9472-52c2256152d3/datanode-6/data/ratis/497dee7c-6395-4f7c-8faa-a8f55bfd1212 does not exist. Creating ...
2022-02-24 16:56:45,155 [pool-446-thread-1] INFO  storage.RaftStorageDirectory (RaftStorageDirectoryImpl.java:tryLock(230)) - Lock on /home/runner/work/ozone/ozone/hadoop-ozone/integration-test/target/test-dir/MiniOzoneClusterImpl-a9e0dedd-d836-4895-9472-52c2256152d3/datanode-6/data/ratis/497dee7c-6395-4f7c-8faa-a8f55bfd1212/in_use.lock acquired by nodename 3150@fv-az59-243
2022-02-24 16:56:45,174 [pool-446-thread-1] INFO  storage.RaftStorage (RaftStorageImpl.java:format(89)) - Storage directory /home/runner/work/ozone/ozone/hadoop-ozone/integration-test/target/test-dir/MiniOzoneClusterImpl-a9e0dedd-d836-4895-9472-52c2256152d3/datanode-6/data/ratis/497dee7c-6395-4f7c-8faa-a8f55bfd1212 has been successfully formatted.
2022-02-24 16:56:45,187 [pool-446-thread-1] INFO  ratis.ContainerStateMachine (ContainerStateMachine.java:loadSnapshot(236)) - group-A8F55BFD1212: The snapshot info is null. Setting the last applied indexto:(t:0, i:~)
2022-02-24 16:56:45,206 [pool-446-thread-1] INFO  server.RaftServerConfigKeys (ConfUtils.java:logGet(44)) - raft.server.notification.no-leader.timeout = 300000ms (custom)
2022-02-24 16:56:45,206 [pool-446-thread-1] INFO  server.RaftServerConfigKeys (ConfUtils.java:logGet(44)) - raft.server.log.use.memory = false (default)
2022-02-24 16:56:45,206 [pool-446-thread-1] INFO  server.RaftServerConfigKeys (ConfUtils.java:logGet(44)) - raft.server.log.purge.gap = 1000000 (custom)
2022-02-24 16:56:45,206 [pool-446-thread-1] INFO  server.RaftServerConfigKeys (ConfUtils.java:logGet(44)) - raft.server.log.appender.buffer.byte-limit = 33554432 (custom)
2022-02-24 16:56:45,207 [pool-446-thread-1] INFO  server.RaftServerConfigKeys (ConfUtils.java:logGet(44)) - raft.server.log.segment.size.max = 1048576 (custom)
2022-02-24 16:56:45,207 [pool-446-thread-1] INFO  server.RaftServerConfigKeys (ConfUtils.java:logGet(44)) - raft.server.log.segment.cache.num.max = 2 (custom)
2022-02-24 16:56:45,207 [pool-446-thread-1] INFO  server.RaftServerConfigKeys (ConfUtils.java:logGet(44)) - raft.server.log.segment.cache.size.max = 200MB (=209715200) (default)
2022-02-24 16:56:45,207 [pool-446-thread-1] INFO  segmented.SegmentedRaftLogWorker (SegmentedRaftLogWorker.java:<init>(182)) - new 6b991a1f-9e77-4b13-a483-fcde5672bd4a@group-A8F55BFD1212-SegmentedRaftLogWorker for RaftStorageImpl:Storage Directory /home/runner/work/ozone/ozone/hadoop-ozone/integration-test/target/test-dir/MiniOzoneClusterImpl-a9e0dedd-d836-4895-9472-52c2256152d3/datanode-6/data/ratis/497dee7c-6395-4f7c-8faa-a8f55bfd1212
2022-02-24 16:56:45,207 [pool-446-thread-1] INFO  server.RaftServerConfigKeys (ConfUtils.java:logGet(44)) - raft.server.log.queue.byte-limit = 4294967296 (custom)
2022-02-24 16:56:45,207 [pool-446-thread-1] INFO  server.RaftServerConfigKeys (ConfUtils.java:logGet(44)) - raft.server.log.queue.element-limit = 1024 (custom)
2022-02-24 16:56:45,207 [pool-446-thread-1] INFO  server.RaftServerConfigKeys (ConfUtils.java:logGet(44)) - raft.server.log.segment.size.max = 1048576 (custom)
2022-02-24 16:56:45,207 [pool-446-thread-1] INFO  server.RaftServerConfigKeys (ConfUtils.java:logGet(44)) - raft.server.log.preallocated.size = 16384 (custom)
2022-02-24 16:56:45,207 [pool-446-thread-1] INFO  server.RaftServerConfigKeys (ConfUtils.java:logGet(44)) - raft.server.log.force.sync.num = 128 (default)
2022-02-24 16:56:45,207 [pool-446-thread-1] INFO  server.RaftServerConfigKeys (ConfUtils.java:logGet(44)) - raft.server.log.statemachine.data.sync = true (default)
2022-02-24 16:56:45,207 [pool-446-thread-1] INFO  server.RaftServerConfigKeys (ConfUtils.java:logGet(44)) - raft.server.log.statemachine.data.sync.timeout = 10s (default)
2022-02-24 16:56:45,207 [pool-446-thread-1] INFO  server.RaftServerConfigKeys (ConfUtils.java:logGet(44)) - raft.server.log.statemachine.data.sync.timeout.retry = -1 (default)
2022-02-24 16:56:45,208 [pool-446-thread-1] INFO  server.RaftServerConfigKeys (ConfUtils.java:logGet(44)) - raft.server.log.write.buffer.size = 1048576 (custom)
2022-02-24 16:56:45,209 [pool-446-thread-1] INFO  server.RaftServerConfigKeys (ConfUtils.java:logGet(44)) - raft.server.log.statemachine.data.caching.enabled = true (custom)
2022-02-24 16:56:45,209 [pool-446-thread-1] INFO  segmented.SegmentedRaftLogWorker (SegmentedRaftLogWorker.java:lambda$new$0(133)) - 6b991a1f-9e77-4b13-a483-fcde5672bd4a@group-A8F55BFD1212-SegmentedRaftLogWorker: flushIndex: setUnconditionally 0 -> -1
2022-02-24 16:56:45,209 [pool-446-thread-1] INFO  segmented.SegmentedRaftLogWorker (SegmentedRaftLogWorker.java:lambda$new$0(133)) - 6b991a1f-9e77-4b13-a483-fcde5672bd4a@group-A8F55BFD1212-SegmentedRaftLogWorker: safeCacheEvictIndex: setUnconditionally 0 -> -1
2022-02-24 16:56:45,211 [pool-446-thread-1] INFO  server.RaftServerConfigKeys (ConfUtils.java:logGet(44)) - raft.server.snapshot.auto.trigger.enabled = true (custom)
2022-02-24 16:56:45,211 [pool-446-thread-1] INFO  server.RaftServerConfigKeys (ConfUtils.java:logGet(44)) - raft.server.snapshot.auto.trigger.threshold = 10000 (custom)
2022-02-24 16:56:45,211 [pool-446-thread-1] INFO  server.RaftServerConfigKeys (ConfUtils.java:logGet(44)) - raft.server.snapshot.retention.file.num = 5 (custom)
2022-02-24 16:56:45,211 [pool-446-thread-1] INFO  server.RaftServerConfigKeys (ConfUtils.java:logGet(44)) - raft.server.log.purge.upto.snapshot.index = false (default)
2022-02-24 16:56:45,211 [pool-446-thread-1] INFO  server.RaftServerConfigKeys (ConfUtils.java:logGet(44)) - raft.server.retrycache.expirytime = 600000ms (custom)
2022-02-24 16:56:45,211 [pool-446-thread-1] INFO  server.RaftServerConfigKeys (ConfUtils.java:logGet(44)) - raft.server.retrycache.statistics.expirytime = 100μs (default)
2022-02-24 16:56:45,212 [pool-446-thread-1] INFO  server.RaftServer$Division (RaftServerImpl.java:start(301)) - 6b991a1f-9e77-4b13-a483-fcde5672bd4a@group-A8F55BFD1212: start as a follower, conf=-1: [b07270f0-c5b1-4afe-99f3-aa5758d6ba5c|rpc:10.1.0.37:45647|priority:0, 6b991a1f-9e77-4b13-a483-fcde5672bd4a|rpc:10.1.0.37:38289|priority:1, 2a15bd7e-7896-4db0-9e08-f7464bcd33ee|rpc:10.1.0.37:41995|priority:0], old=null
2022-02-24 16:56:45,212 [pool-446-thread-1] INFO  server.RaftServer$Division (RaftServerImpl.java:setRole(290)) - 6b991a1f-9e77-4b13-a483-fcde5672bd4a@group-A8F55BFD1212: changes role from      null to FOLLOWER at term 0 for startAsFollower
2022-02-24 16:56:45,212 [pool-446-thread-1] INFO  impl.RoleInfo (RoleInfo.java:updateAndGet(130)) - 6b991a1f-9e77-4b13-a483-fcde5672bd4a: start 6b991a1f-9e77-4b13-a483-fcde5672bd4a@group-A8F55BFD1212-FollowerState
2022-02-24 16:56:45,215 [pool-446-thread-1] INFO  util.JmxRegister (JmxRegister.java:tryRegister(44)) - Successfully registered JMX Bean with object name Ratis:service=RaftServer,group=group-A8F55BFD1212,id=6b991a1f-9e77-4b13-a483-fcde5672bd4a
2022-02-24 16:56:45,222 [Command processor thread] INFO  ratis.XceiverServerRatis (XceiverServerRatis.java:addGroup(769)) - Created group PipelineID=497dee7c-6395-4f7c-8faa-a8f55bfd1212
2022-02-24 16:56:45,319 [Command processor thread] INFO  commandhandler.CreatePipelineCommandHandler (CreatePipelineCommandHandler.java:handle(106)) - Created Pipeline RATIS THREE PipelineID=497dee7c-6395-4f7c-8faa-a8f55bfd1212.
2022-02-24 16:56:45,383 [Command processor thread] INFO  commandhandler.CreatePipelineCommandHandler (CreatePipelineCommandHandler.java:handle(106)) - Created Pipeline RATIS THREE PipelineID=497dee7c-6395-4f7c-8faa-a8f55bfd1212.
2022-02-24 16:56:49,268 [cf3a7bfa-0a59-4cf0-978b-44f71b96abbc@group-7905F06C5BAF-FollowerState] INFO  impl.FollowerState (FollowerState.java:run(134)) - cf3a7bfa-0a59-4cf0-978b-44f71b96abbc@group-7905F06C5BAF-FollowerState: change to CANDIDATE, lastRpcElapsedTime:5007006127ns, electionTimeout:5006ms
2022-02-24 16:56:49,269 [cf3a7bfa-0a59-4cf0-978b-44f71b96abbc@group-7905F06C5BAF-FollowerState] INFO  impl.RoleInfo (RoleInfo.java:shutdownFollowerState(108)) - cf3a7bfa-0a59-4cf0-978b-44f71b96abbc: shutdown cf3a7bfa-0a59-4cf0-978b-44f71b96abbc@group-7905F06C5BAF-FollowerState
2022-02-24 16:56:49,269 [cf3a7bfa-0a59-4cf0-978b-44f71b96abbc@group-7905F06C5BAF-FollowerState] INFO  server.RaftServer$Division (RaftServerImpl.java:setRole(290)) - cf3a7bfa-0a59-4cf0-978b-44f71b96abbc@group-7905F06C5BAF: changes role from  FOLLOWER to CANDIDATE at term 0 for changeToCandidate
2022-02-24 16:56:49,269 [cf3a7bfa-0a59-4cf0-978b-44f71b96abbc@group-7905F06C5BAF-FollowerState] INFO  server.RaftServerConfigKeys (ConfUtils.java:logGet(44)) - raft.server.leaderelection.pre-vote = false (custom)
2022-02-24 16:56:49,269 [cf3a7bfa-0a59-4cf0-978b-44f71b96abbc@group-7905F06C5BAF-FollowerState] INFO  impl.RoleInfo (RoleInfo.java:updateAndGet(130)) - cf3a7bfa-0a59-4cf0-978b-44f71b96abbc: start cf3a7bfa-0a59-4cf0-978b-44f71b96abbc@group-7905F06C5BAF-LeaderElection70
2022-02-24 16:56:49,300 [cf3a7bfa-0a59-4cf0-978b-44f71b96abbc@group-7905F06C5BAF-LeaderElection70] INFO  impl.LeaderElection (LeaderElection.java:askForVotes(306)) - cf3a7bfa-0a59-4cf0-978b-44f71b96abbc@group-7905F06C5BAF-LeaderElection70 ELECTION round 0: submit vote requests at term 1 for -1: [cf3a7bfa-0a59-4cf0-978b-44f71b96abbc|rpc:10.1.0.37:40183|priority:1], old=null
2022-02-24 16:56:49,300 [cf3a7bfa-0a59-4cf0-978b-44f71b96abbc@group-7905F06C5BAF-LeaderElection70] INFO  impl.LeaderElection (LeaderElection.java:askForVotes(308)) - cf3a7bfa-0a59-4cf0-978b-44f71b96abbc@group-7905F06C5BAF-LeaderElection70 ELECTION round 0: result PASSED (term=1)
2022-02-24 16:56:49,300 [cf3a7bfa-0a59-4cf0-978b-44f71b96abbc@group-7905F06C5BAF-LeaderElection70] INFO  impl.RoleInfo (RoleInfo.java:shutdownLeaderElection(121)) - cf3a7bfa-0a59-4cf0-978b-44f71b96abbc: shutdown cf3a7bfa-0a59-4cf0-978b-44f71b96abbc@group-7905F06C5BAF-LeaderElection70
2022-02-24 16:56:49,300 [cf3a7bfa-0a59-4cf0-978b-44f71b96abbc@group-7905F06C5BAF-LeaderElection70] INFO  server.RaftServer$Division (RaftServerImpl.java:setRole(290)) - cf3a7bfa-0a59-4cf0-978b-44f71b96abbc@group-7905F06C5BAF: changes role from CANDIDATE to LEADER at term 1 for changeToLeader
2022-02-24 16:56:49,300 [cf3a7bfa-0a59-4cf0-978b-44f71b96abbc@group-7905F06C5BAF-LeaderElection70] INFO  ratis.XceiverServerRatis (XceiverServerRatis.java:handleLeaderChangedNotification(867)) - Leader change notification received for group: group-7905F06C5BAF with new leaderId: cf3a7bfa-0a59-4cf0-978b-44f71b96abbc
2022-02-24 16:56:49,300 [cf3a7bfa-0a59-4cf0-978b-44f71b96abbc@group-7905F06C5BAF-LeaderElection70] INFO  server.RaftServer$Division (ServerState.java:setLeader(285)) - cf3a7bfa-0a59-4cf0-978b-44f71b96abbc@group-7905F06C5BAF: change Leader from null to cf3a7bfa-0a59-4cf0-978b-44f71b96abbc at term 1 for becomeLeader, leader elected after 5057ms
2022-02-24 16:56:49,303 [cf3a7bfa-0a59-4cf0-978b-44f71b96abbc@group-7905F06C5BAF-LeaderElection70] INFO  server.RaftServerConfigKeys (ConfUtils.java:logGet(44)) - raft.server.staging.catchup.gap = 1000 (default)
2022-02-24 16:56:49,304 [cf3a7bfa-0a59-4cf0-978b-44f71b96abbc@group-7905F06C5BAF-LeaderElection70] INFO  server.RaftServerConfigKeys (ConfUtils.java:logGet(44)) - raft.server.write.element-limit = 1024 (custom)
2022-02-24 16:56:49,304 [cf3a7bfa-0a59-4cf0-978b-44f71b96abbc@group-7905F06C5BAF-LeaderElection70] INFO  server.RaftServerConfigKeys (ConfUtils.java:logGet(44)) - raft.server.write.byte-limit = 1024 M (=1073741824) (custom)
2022-02-24 16:56:49,304 [cf3a7bfa-0a59-4cf0-978b-44f71b96abbc@group-7905F06C5BAF-LeaderElection70] INFO  server.RaftServerConfigKeys (ConfUtils.java:logGet(44)) - raft.server.watch.timeout = 3000ms (custom)
2022-02-24 16:56:49,304 [cf3a7bfa-0a59-4cf0-978b-44f71b96abbc@group-7905F06C5BAF-LeaderElection70] INFO  server.RaftServerConfigKeys (ConfUtils.java:logGet(44)) - raft.server.watch.timeout.denomination = 1s (default)
2022-02-24 16:56:49,304 [cf3a7bfa-0a59-4cf0-978b-44f71b96abbc@group-7905F06C5BAF-LeaderElection70] INFO  server.RaftServerConfigKeys (ConfUtils.java:logGet(44)) - raft.server.watch.element-limit = 65536 (default)
2022-02-24 16:56:49,305 [cf3a7bfa-0a59-4cf0-978b-44f71b96abbc@group-7905F06C5BAF-LeaderElection70] INFO  server.RaftServerConfigKeys (ConfUtils.java:logGet(44)) - raft.server.write.element-limit = 1024 (custom)
2022-02-24 16:56:49,305 [cf3a7bfa-0a59-4cf0-978b-44f71b96abbc@group-7905F06C5BAF-LeaderElection70] INFO  server.RaftServerConfigKeys (ConfUtils.java:logGet(44)) - raft.server.write.follower.gap.ratio.max = -1.0 (default)
2022-02-24 16:56:49,305 [cf3a7bfa-0a59-4cf0-978b-44f71b96abbc@group-7905F06C5BAF-LeaderElection70] INFO  impl.RoleInfo (RoleInfo.java:updateAndGet(130)) - cf3a7bfa-0a59-4cf0-978b-44f71b96abbc: start cf3a7bfa-0a59-4cf0-978b-44f71b96abbc@group-7905F06C5BAF-LeaderStateImpl
2022-02-24 16:56:49,306 [cf3a7bfa-0a59-4cf0-978b-44f71b96abbc@group-7905F06C5BAF-LeaderElection70] INFO  segmented.SegmentedRaftLogWorker (SegmentedRaftLogWorker.java:startLogSegment(394)) - cf3a7bfa-0a59-4cf0-978b-44f71b96abbc@group-7905F06C5BAF-SegmentedRaftLogWorker: Starting segment from index:0
2022-02-24 16:56:49,328 [cf3a7bfa-0a59-4cf0-978b-44f71b96abbc@group-7905F06C5BAF-LeaderElection70] INFO  server.RaftServer$Division (ServerState.java:setRaftConf(387)) - cf3a7bfa-0a59-4cf0-978b-44f71b96abbc@group-7905F06C5BAF: set configuration 0: [cf3a7bfa-0a59-4cf0-978b-44f71b96abbc|rpc:10.1.0.37:40183|dataStream:|priority:1], old=null
2022-02-24 16:56:49,328 [cf3a7bfa-0a59-4cf0-978b-44f71b96abbc@group-7905F06C5BAF-SegmentedRaftLogWorker] INFO  segmented.SegmentedRaftLogWorker (SegmentedRaftLogWorker.java:execute(601)) - cf3a7bfa-0a59-4cf0-978b-44f71b96abbc@group-7905F06C5BAF-SegmentedRaftLogWorker: created new log segment /home/runner/work/ozone/ozone/hadoop-ozone/integration-test/target/test-dir/MiniOzoneClusterImpl-a9e0dedd-d836-4895-9472-52c2256152d3/datanode-1/data/ratis/1f4e49ad-f9db-4751-8d36-7905f06c5baf/current/log_inprogress_0
2022-02-24 16:56:49,442 [cf3a7bfa-0a59-4cf0-978b-44f71b96abbc@group-D784B15B949E-FollowerState] INFO  impl.FollowerState (FollowerState.java:run(134)) - cf3a7bfa-0a59-4cf0-978b-44f71b96abbc@group-D784B15B949E-FollowerState: change to CANDIDATE, lastRpcElapsedTime:5141089923ns, electionTimeout:5135ms
2022-02-24 16:56:49,443 [cf3a7bfa-0a59-4cf0-978b-44f71b96abbc@group-D784B15B949E-FollowerState] INFO  impl.RoleInfo (RoleInfo.java:shutdownFollowerState(108)) - cf3a7bfa-0a59-4cf0-978b-44f71b96abbc: shutdown cf3a7bfa-0a59-4cf0-978b-44f71b96abbc@group-D784B15B949E-FollowerState
2022-02-24 16:56:49,443 [cf3a7bfa-0a59-4cf0-978b-44f71b96abbc@group-D784B15B949E-FollowerState] INFO  server.RaftServer$Division (RaftServerImpl.java:setRole(290)) - cf3a7bfa-0a59-4cf0-978b-44f71b96abbc@group-D784B15B949E: changes role from  FOLLOWER to CANDIDATE at term 0 for changeToCandidate
2022-02-24 16:56:49,443 [cf3a7bfa-0a59-4cf0-978b-44f71b96abbc@group-D784B15B949E-FollowerState] INFO  server.RaftServerConfigKeys (ConfUtils.java:logGet(44)) - raft.server.leaderelection.pre-vote = false (custom)
2022-02-24 16:56:49,443 [cf3a7bfa-0a59-4cf0-978b-44f71b96abbc@group-D784B15B949E-FollowerState] INFO  impl.RoleInfo (RoleInfo.java:updateAndGet(130)) - cf3a7bfa-0a59-4cf0-978b-44f71b96abbc: start cf3a7bfa-0a59-4cf0-978b-44f71b96abbc@group-D784B15B949E-LeaderElection71
2022-02-24 16:56:49,459 [cf3a7bfa-0a59-4cf0-978b-44f71b96abbc@group-D784B15B949E-LeaderElection71] INFO  impl.LeaderElection (LeaderElection.java:askForVotes(306)) - cf3a7bfa-0a59-4cf0-978b-44f71b96abbc@group-D784B15B949E-LeaderElection71 ELECTION round 0: submit vote requests at term 1 for -1: [b07270f0-c5b1-4afe-99f3-aa5758d6ba5c|rpc:10.1.0.37:45647|priority:1, 6b991a1f-9e77-4b13-a483-fcde5672bd4a|rpc:10.1.0.37:38289|priority:0, cf3a7bfa-0a59-4cf0-978b-44f71b96abbc|rpc:10.1.0.37:40183|priority:0], old=null
2022-02-24 16:56:49,484 [grpc-default-executor-5] INFO  server.RaftServer$Division (RaftServerImpl.java:requestVote(1046)) - b07270f0-c5b1-4afe-99f3-aa5758d6ba5c@group-D784B15B949E: receive requestVote(ELECTION, cf3a7bfa-0a59-4cf0-978b-44f71b96abbc, group-D784B15B949E, 1, (t:0, i:0))
2022-02-24 16:56:49,484 [grpc-default-executor-5] INFO  impl.VoteContext (VoteContext.java:log(48)) - b07270f0-c5b1-4afe-99f3-aa5758d6ba5c@group-D784B15B949E-FOLLOWER: reject ELECTION from cf3a7bfa-0a59-4cf0-978b-44f71b96abbc: our priority 1 > candidate's priority 0
2022-02-24 16:56:49,484 [grpc-default-executor-5] INFO  server.RaftServer$Division (RaftServerImpl.java:setRole(290)) - b07270f0-c5b1-4afe-99f3-aa5758d6ba5c@group-D784B15B949E: changes role from  FOLLOWER to FOLLOWER at term 1 for candidate:cf3a7bfa-0a59-4cf0-978b-44f71b96abbc
2022-02-24 16:56:49,484 [grpc-default-executor-5] INFO  impl.RoleInfo (RoleInfo.java:shutdownFollowerState(108)) - b07270f0-c5b1-4afe-99f3-aa5758d6ba5c: shutdown b07270f0-c5b1-4afe-99f3-aa5758d6ba5c@group-D784B15B949E-FollowerState
2022-02-24 16:56:49,484 [grpc-default-executor-5] INFO  impl.RoleInfo (RoleInfo.java:updateAndGet(130)) - b07270f0-c5b1-4afe-99f3-aa5758d6ba5c: start b07270f0-c5b1-4afe-99f3-aa5758d6ba5c@group-D784B15B949E-FollowerState
2022-02-24 16:56:49,484 [b07270f0-c5b1-4afe-99f3-aa5758d6ba5c@group-D784B15B949E-FollowerState] INFO  impl.FollowerState (FollowerState.java:run(143)) - b07270f0-c5b1-4afe-99f3-aa5758d6ba5c@group-D784B15B949E-FollowerState was interrupted: {}
java.lang.InterruptedException: sleep interrupted
	at java.lang.Thread.sleep(Native Method)
	at java.lang.Thread.sleep(Thread.java:342)
	at java.util.concurrent.TimeUnit.sleep(TimeUnit.java:386)
	at org.apache.ratis.util.TimeDuration.sleep(TimeDuration.java:324)
	at org.apache.ratis.util.TimeDuration.sleep(TimeDuration.java:309)
	at org.apache.ratis.server.impl.FollowerState.run(FollowerState.java:118)
2022-02-24 16:56:49,492 [grpc-default-executor-5] INFO  server.RaftServer$Division (RaftServerImpl.java:requestVote(1078)) - b07270f0-c5b1-4afe-99f3-aa5758d6ba5c@group-D784B15B949E replies to ELECTION vote request: cf3a7bfa-0a59-4cf0-978b-44f71b96abbc<-b07270f0-c5b1-4afe-99f3-aa5758d6ba5c#0:FAIL-t1. Peer's state: b07270f0-c5b1-4afe-99f3-aa5758d6ba5c@group-D784B15B949E:t1, leader=null, voted=null, raftlog=b07270f0-c5b1-4afe-99f3-aa5758d6ba5c@group-D784B15B949E-SegmentedRaftLog:OPENED:c-1, conf=-1: [b07270f0-c5b1-4afe-99f3-aa5758d6ba5c|rpc:10.1.0.37:45647|dataStream:|priority:1, 6b991a1f-9e77-4b13-a483-fcde5672bd4a|rpc:10.1.0.37:38289|dataStream:|priority:0, cf3a7bfa-0a59-4cf0-978b-44f71b96abbc|rpc:10.1.0.37:40183|dataStream:|priority:0], old=null
2022-02-24 16:56:49,493 [cf3a7bfa-0a59-4cf0-978b-44f71b96abbc@group-D784B15B949E-LeaderElection71] INFO  impl.LeaderElection (LeaderElection.java:logAndReturn(89)) - cf3a7bfa-0a59-4cf0-978b-44f71b96abbc@group-D784B15B949E-LeaderElection71: ELECTION REJECTED received 1 response(s) and 0 exception(s):
2022-02-24 16:56:49,493 [cf3a7bfa-0a59-4cf0-978b-44f71b96abbc@group-D784B15B949E-LeaderElection71] INFO  impl.LeaderElection (LeaderElection.java:logAndReturn(93)) -   Response 0: cf3a7bfa-0a59-4cf0-978b-44f71b96abbc<-b07270f0-c5b1-4afe-99f3-aa5758d6ba5c#0:FAIL-t1
2022-02-24 16:56:49,493 [cf3a7bfa-0a59-4cf0-978b-44f71b96abbc@group-D784B15B949E-LeaderElection71] INFO  impl.LeaderElection (LeaderElection.java:askForVotes(308)) - cf3a7bfa-0a59-4cf0-978b-44f71b96abbc@group-D784B15B949E-LeaderElection71 ELECTION round 0: result REJECTED
2022-02-24 16:56:49,493 [cf3a7bfa-0a59-4cf0-978b-44f71b96abbc@group-D784B15B949E-LeaderElection71] INFO  server.RaftServer$Division (RaftServerImpl.java:setRole(290)) - cf3a7bfa-0a59-4cf0-978b-44f71b96abbc@group-D784B15B949E: changes role from CANDIDATE to FOLLOWER at term 1 for REJECTED
2022-02-24 16:56:49,494 [cf3a7bfa-0a59-4cf0-978b-44f71b96abbc@group-D784B15B949E-LeaderElection71] INFO  impl.RoleInfo (RoleInfo.java:shutdownLeaderElection(121)) - cf3a7bfa-0a59-4cf0-978b-44f71b96abbc: shutdown cf3a7bfa-0a59-4cf0-978b-44f71b96abbc@group-D784B15B949E-LeaderElection71
2022-02-24 16:56:49,494 [cf3a7bfa-0a59-4cf0-978b-44f71b96abbc@group-D784B15B949E-LeaderElection71] INFO  impl.RoleInfo (RoleInfo.java:updateAndGet(130)) - cf3a7bfa-0a59-4cf0-978b-44f71b96abbc: start cf3a7bfa-0a59-4cf0-978b-44f71b96abbc@group-D784B15B949E-FollowerState
2022-02-24 16:56:49,496 [grpc-default-executor-5] INFO  server.RaftServer$Division (RaftServerImpl.java:requestVote(1046)) - 6b991a1f-9e77-4b13-a483-fcde5672bd4a@group-D784B15B949E: receive requestVote(ELECTION, cf3a7bfa-0a59-4cf0-978b-44f71b96abbc, group-D784B15B949E, 1, (t:0, i:0))
2022-02-24 16:56:49,496 [grpc-default-executor-5] INFO  impl.VoteContext (VoteContext.java:log(48)) - 6b991a1f-9e77-4b13-a483-fcde5672bd4a@group-D784B15B949E-FOLLOWER: accept ELECTION from cf3a7bfa-0a59-4cf0-978b-44f71b96abbc: our priority 0 <= candidate's priority 0
2022-02-24 16:56:49,496 [grpc-default-executor-5] INFO  server.RaftServer$Division (RaftServerImpl.java:setRole(290)) - 6b991a1f-9e77-4b13-a483-fcde5672bd4a@group-D784B15B949E: changes role from  FOLLOWER to FOLLOWER at term 1 for candidate:cf3a7bfa-0a59-4cf0-978b-44f71b96abbc
2022-02-24 16:56:49,496 [grpc-default-executor-5] INFO  impl.RoleInfo (RoleInfo.java:shutdownFollowerState(108)) - 6b991a1f-9e77-4b13-a483-fcde5672bd4a: shutdown 6b991a1f-9e77-4b13-a483-fcde5672bd4a@group-D784B15B949E-FollowerState
2022-02-24 16:56:49,497 [grpc-default-executor-5] INFO  impl.RoleInfo (RoleInfo.java:updateAndGet(130)) - 6b991a1f-9e77-4b13-a483-fcde5672bd4a: start 6b991a1f-9e77-4b13-a483-fcde5672bd4a@group-D784B15B949E-FollowerState
2022-02-24 16:56:49,497 [6b991a1f-9e77-4b13-a483-fcde5672bd4a@group-D784B15B949E-FollowerState] INFO  impl.FollowerState (FollowerState.java:run(143)) - 6b991a1f-9e77-4b13-a483-fcde5672bd4a@group-D784B15B949E-FollowerState was interrupted: {}
java.lang.InterruptedException: sleep interrupted
	at java.lang.Thread.sleep(Native Method)
	at java.lang.Thread.sleep(Thread.java:342)
	at java.util.concurrent.TimeUnit.sleep(TimeUnit.java:386)
	at org.apache.ratis.util.TimeDuration.sleep(TimeDuration.java:324)
	at org.apache.ratis.util.TimeDuration.sleep(TimeDuration.java:309)
	at org.apache.ratis.server.impl.FollowerState.run(FollowerState.java:118)
2022-02-24 16:56:49,513 [grpc-default-executor-5] INFO  server.RaftServer$Division (RaftServerImpl.java:requestVote(1078)) - 6b991a1f-9e77-4b13-a483-fcde5672bd4a@group-D784B15B949E replies to ELECTION vote request: cf3a7bfa-0a59-4cf0-978b-44f71b96abbc<-6b991a1f-9e77-4b13-a483-fcde5672bd4a#0:OK-t1. Peer's state: 6b991a1f-9e77-4b13-a483-fcde5672bd4a@group-D784B15B949E:t1, leader=null, voted=cf3a7bfa-0a59-4cf0-978b-44f71b96abbc, raftlog=6b991a1f-9e77-4b13-a483-fcde5672bd4a@group-D784B15B949E-SegmentedRaftLog:OPENED:c-1, conf=-1: [b07270f0-c5b1-4afe-99f3-aa5758d6ba5c|rpc:10.1.0.37:45647|dataStream:|priority:1, 6b991a1f-9e77-4b13-a483-fcde5672bd4a|rpc:10.1.0.37:38289|dataStream:|priority:0, cf3a7bfa-0a59-4cf0-978b-44f71b96abbc|rpc:10.1.0.37:40183|dataStream:|priority:0], old=null
2022-02-24 16:56:49,589 [cf3a7bfa-0a59-4cf0-978b-44f71b96abbc@group-D7E6B7717086-FollowerState] INFO  impl.FollowerState (FollowerState.java:run(134)) - cf3a7bfa-0a59-4cf0-978b-44f71b96abbc@group-D7E6B7717086-FollowerState: change to CANDIDATE, lastRpcElapsedTime:5019948387ns, electionTimeout:5019ms
2022-02-24 16:56:49,589 [cf3a7bfa-0a59-4cf0-978b-44f71b96abbc@group-D7E6B7717086-FollowerState] INFO  impl.RoleInfo (RoleInfo.java:shutdownFollowerState(108)) - cf3a7bfa-0a59-4cf0-978b-44f71b96abbc: shutdown cf3a7bfa-0a59-4cf0-978b-44f71b96abbc@group-D7E6B7717086-FollowerState
2022-02-24 16:56:49,589 [cf3a7bfa-0a59-4cf0-978b-44f71b96abbc@group-D7E6B7717086-FollowerState] INFO  server.RaftServer$Division (RaftServerImpl.java:setRole(290)) - cf3a7bfa-0a59-4cf0-978b-44f71b96abbc@group-D7E6B7717086: changes role from  FOLLOWER to CANDIDATE at term 0 for changeToCandidate
2022-02-24 16:56:49,590 [cf3a7bfa-0a59-4cf0-978b-44f71b96abbc@group-D7E6B7717086-FollowerState] INFO  server.RaftServerConfigKeys (ConfUtils.java:logGet(44)) - raft.server.leaderelection.pre-vote = false (custom)
2022-02-24 16:56:49,590 [cf3a7bfa-0a59-4cf0-978b-44f71b96abbc@group-D7E6B7717086-FollowerState] INFO  impl.RoleInfo (RoleInfo.java:updateAndGet(130)) - cf3a7bfa-0a59-4cf0-978b-44f71b96abbc: start cf3a7bfa-0a59-4cf0-978b-44f71b96abbc@group-D7E6B7717086-LeaderElection72
2022-02-24 16:56:49,617 [cf3a7bfa-0a59-4cf0-978b-44f71b96abbc@group-D7E6B7717086-LeaderElection72] INFO  impl.LeaderElection (LeaderElection.java:askForVotes(306)) - cf3a7bfa-0a59-4cf0-978b-44f71b96abbc@group-D7E6B7717086-LeaderElection72 ELECTION round 0: submit vote requests at term 1 for -1: [6b991a1f-9e77-4b13-a483-fcde5672bd4a|rpc:10.1.0.37:38289|priority:0, 2a15bd7e-7896-4db0-9e08-f7464bcd33ee|rpc:10.1.0.37:41995|priority:1, cf3a7bfa-0a59-4cf0-978b-44f71b96abbc|rpc:10.1.0.37:40183|priority:0], old=null
2022-02-24 16:56:49,619 [grpc-default-executor-5] INFO  server.RaftServer$Division (RaftServerImpl.java:requestVote(1046)) - 6b991a1f-9e77-4b13-a483-fcde5672bd4a@group-D7E6B7717086: receive requestVote(ELECTION, cf3a7bfa-0a59-4cf0-978b-44f71b96abbc, group-D7E6B7717086, 1, (t:0, i:0))
2022-02-24 16:56:49,619 [grpc-default-executor-5] INFO  impl.VoteContext (VoteContext.java:log(48)) - 6b991a1f-9e77-4b13-a483-fcde5672bd4a@group-D7E6B7717086-FOLLOWER: accept ELECTION from cf3a7bfa-0a59-4cf0-978b-44f71b96abbc: our priority 0 <= candidate's priority 0
2022-02-24 16:56:49,619 [grpc-default-executor-5] INFO  server.RaftServer$Division (RaftServerImpl.java:setRole(290)) - 6b991a1f-9e77-4b13-a483-fcde5672bd4a@group-D7E6B7717086: changes role from  FOLLOWER to FOLLOWER at term 1 for candidate:cf3a7bfa-0a59-4cf0-978b-44f71b96abbc
2022-02-24 16:56:49,620 [grpc-default-executor-5] INFO  impl.RoleInfo (RoleInfo.java:shutdownFollowerState(108)) - 6b991a1f-9e77-4b13-a483-fcde5672bd4a: shutdown 6b991a1f-9e77-4b13-a483-fcde5672bd4a@group-D7E6B7717086-FollowerState
2022-02-24 16:56:49,620 [grpc-default-executor-5] INFO  impl.RoleInfo (RoleInfo.java:updateAndGet(130)) - 6b991a1f-9e77-4b13-a483-fcde5672bd4a: start 6b991a1f-9e77-4b13-a483-fcde5672bd4a@group-D7E6B7717086-FollowerState
2022-02-24 16:56:49,620 [6b991a1f-9e77-4b13-a483-fcde5672bd4a@group-D7E6B7717086-FollowerState] INFO  impl.FollowerState (FollowerState.java:run(143)) - 6b991a1f-9e77-4b13-a483-fcde5672bd4a@group-D7E6B7717086-FollowerState was interrupted: {}
java.lang.InterruptedException: sleep interrupted
	at java.lang.Thread.sleep(Native Method)
	at java.lang.Thread.sleep(Thread.java:342)
	at java.util.concurrent.TimeUnit.sleep(TimeUnit.java:386)
	at org.apache.ratis.util.TimeDuration.sleep(TimeDuration.java:324)
	at org.apache.ratis.util.TimeDuration.sleep(TimeDuration.java:309)
	at org.apache.ratis.server.impl.FollowerState.run(FollowerState.java:118)
2022-02-24 16:56:49,640 [grpc-default-executor-4] INFO  server.RaftServer$Division (RaftServerImpl.java:requestVote(1046)) - 2a15bd7e-7896-4db0-9e08-f7464bcd33ee@group-D7E6B7717086: receive requestVote(ELECTION, cf3a7bfa-0a59-4cf0-978b-44f71b96abbc, group-D7E6B7717086, 1, (t:0, i:0))
2022-02-24 16:56:49,640 [grpc-default-executor-4] INFO  impl.VoteContext (VoteContext.java:log(48)) - 2a15bd7e-7896-4db0-9e08-f7464bcd33ee@group-D7E6B7717086-FOLLOWER: reject ELECTION from cf3a7bfa-0a59-4cf0-978b-44f71b96abbc: our priority 1 > candidate's priority 0
2022-02-24 16:56:49,640 [grpc-default-executor-4] INFO  server.RaftServer$Division (RaftServerImpl.java:setRole(290)) - 2a15bd7e-7896-4db0-9e08-f7464bcd33ee@group-D7E6B7717086: changes role from  FOLLOWER to FOLLOWER at term 1 for candidate:cf3a7bfa-0a59-4cf0-978b-44f71b96abbc
2022-02-24 16:56:49,640 [grpc-default-executor-4] INFO  impl.RoleInfo (RoleInfo.java:shutdownFollowerState(108)) - 2a15bd7e-7896-4db0-9e08-f7464bcd33ee: shutdown 2a15bd7e-7896-4db0-9e08-f7464bcd33ee@group-D7E6B7717086-FollowerState
2022-02-24 16:56:49,640 [grpc-default-executor-4] INFO  impl.RoleInfo (RoleInfo.java:updateAndGet(130)) - 2a15bd7e-7896-4db0-9e08-f7464bcd33ee: start 2a15bd7e-7896-4db0-9e08-f7464bcd33ee@group-D7E6B7717086-FollowerState
2022-02-24 16:56:49,640 [2a15bd7e-7896-4db0-9e08-f7464bcd33ee@group-D7E6B7717086-FollowerState] INFO  impl.FollowerState (FollowerState.java:run(143)) - 2a15bd7e-7896-4db0-9e08-f7464bcd33ee@group-D7E6B7717086-FollowerState was interrupted: {}
java.lang.InterruptedException: sleep interrupted
	at java.lang.Thread.sleep(Native Method)
	at java.lang.Thread.sleep(Thread.java:342)
	at java.util.concurrent.TimeUnit.sleep(TimeUnit.java:386)
	at org.apache.ratis.util.TimeDuration.sleep(TimeDuration.java:324)
	at org.apache.ratis.util.TimeDuration.sleep(TimeDuration.java:309)
	at org.apache.ratis.server.impl.FollowerState.run(FollowerState.java:118)
2022-02-24 16:56:49,641 [grpc-default-executor-5] INFO  server.RaftServer$Division (RaftServerImpl.java:requestVote(1078)) - 6b991a1f-9e77-4b13-a483-fcde5672bd4a@group-D7E6B7717086 replies to ELECTION vote request: cf3a7bfa-0a59-4cf0-978b-44f71b96abbc<-6b991a1f-9e77-4b13-a483-fcde5672bd4a#0:OK-t1. Peer's state: 6b991a1f-9e77-4b13-a483-fcde5672bd4a@group-D7E6B7717086:t1, leader=null, voted=cf3a7bfa-0a59-4cf0-978b-44f71b96abbc, raftlog=6b991a1f-9e77-4b13-a483-fcde5672bd4a@group-D7E6B7717086-SegmentedRaftLog:OPENED:c-1, conf=-1: [6b991a1f-9e77-4b13-a483-fcde5672bd4a|rpc:10.1.0.37:38289|dataStream:|priority:0, 2a15bd7e-7896-4db0-9e08-f7464bcd33ee|rpc:10.1.0.37:41995|dataStream:|priority:1, cf3a7bfa-0a59-4cf0-978b-44f71b96abbc|rpc:10.1.0.37:40183|dataStream:|priority:0], old=null
2022-02-24 16:56:49,642 [grpc-default-executor-4] INFO  server.RaftServer$Division (RaftServerImpl.java:requestVote(1078)) - 2a15bd7e-7896-4db0-9e08-f7464bcd33ee@group-D7E6B7717086 replies to ELECTION vote request: cf3a7bfa-0a59-4cf0-978b-44f71b96abbc<-2a15bd7e-7896-4db0-9e08-f7464bcd33ee#0:FAIL-t1. Peer's state: 2a15bd7e-7896-4db0-9e08-f7464bcd33ee@group-D7E6B7717086:t1, leader=null, voted=null, raftlog=2a15bd7e-7896-4db0-9e08-f7464bcd33ee@group-D7E6B7717086-SegmentedRaftLog:OPENED:c-1, conf=-1: [6b991a1f-9e77-4b13-a483-fcde5672bd4a|rpc:10.1.0.37:38289|dataStream:|priority:0, 2a15bd7e-7896-4db0-9e08-f7464bcd33ee|rpc:10.1.0.37:41995|dataStream:|priority:1, cf3a7bfa-0a59-4cf0-978b-44f71b96abbc|rpc:10.1.0.37:40183|dataStream:|priority:0], old=null
2022-02-24 16:56:49,650 [cf3a7bfa-0a59-4cf0-978b-44f71b96abbc@group-D7E6B7717086-LeaderElection72] INFO  impl.LeaderElection (LeaderElection.java:logAndReturn(89)) - cf3a7bfa-0a59-4cf0-978b-44f71b96abbc@group-D7E6B7717086-LeaderElection72: ELECTION REJECTED received 2 response(s) and 0 exception(s):
2022-02-24 16:56:49,651 [cf3a7bfa-0a59-4cf0-978b-44f71b96abbc@group-D7E6B7717086-LeaderElection72] INFO  impl.LeaderElection (LeaderElection.java:logAndReturn(93)) -   Response 0: cf3a7bfa-0a59-4cf0-978b-44f71b96abbc<-6b991a1f-9e77-4b13-a483-fcde5672bd4a#0:OK-t1
2022-02-24 16:56:49,651 [cf3a7bfa-0a59-4cf0-978b-44f71b96abbc@group-D7E6B7717086-LeaderElection72] INFO  impl.LeaderElection (LeaderElection.java:logAndReturn(93)) -   Response 1: cf3a7bfa-0a59-4cf0-978b-44f71b96abbc<-2a15bd7e-7896-4db0-9e08-f7464bcd33ee#0:FAIL-t1
2022-02-24 16:56:49,651 [cf3a7bfa-0a59-4cf0-978b-44f71b96abbc@group-D7E6B7717086-LeaderElection72] INFO  impl.LeaderElection (LeaderElection.java:askForVotes(308)) - cf3a7bfa-0a59-4cf0-978b-44f71b96abbc@group-D7E6B7717086-LeaderElection72 ELECTION round 0: result REJECTED
2022-02-24 16:56:49,651 [cf3a7bfa-0a59-4cf0-978b-44f71b96abbc@group-D7E6B7717086-LeaderElection72] INFO  server.RaftServer$Division (RaftServerImpl.java:setRole(290)) - cf3a7bfa-0a59-4cf0-978b-44f71b96abbc@group-D7E6B7717086: changes role from CANDIDATE to FOLLOWER at term 1 for REJECTED
2022-02-24 16:56:49,651 [cf3a7bfa-0a59-4cf0-978b-44f71b96abbc@group-D7E6B7717086-LeaderElection72] INFO  impl.RoleInfo (RoleInfo.java:shutdownLeaderElection(121)) - cf3a7bfa-0a59-4cf0-978b-44f71b96abbc: shutdown cf3a7bfa-0a59-4cf0-978b-44f71b96abbc@group-D7E6B7717086-LeaderElection72
2022-02-24 16:56:49,651 [cf3a7bfa-0a59-4cf0-978b-44f71b96abbc@group-D7E6B7717086-LeaderElection72] INFO  impl.RoleInfo (RoleInfo.java:updateAndGet(130)) - cf3a7bfa-0a59-4cf0-978b-44f71b96abbc: start cf3a7bfa-0a59-4cf0-978b-44f71b96abbc@group-D7E6B7717086-FollowerState
2022-02-24 16:56:49,694 [ForkJoinPool.commonPool-worker-0] INFO  ozoneimpl.OzoneContainer (OzoneContainer.java:stop(356)) - Attempting to stop container services.
2022-02-24 16:56:49,694 [ForkJoinPool.commonPool-worker-0] INFO  server.RaftServer (RaftServerProxy.java:lambda$close$6(391)) - cf3a7bfa-0a59-4cf0-978b-44f71b96abbc: close
2022-02-24 16:56:49,694 [ForkJoinPool.commonPool-worker-0] INFO  server.RaftServer$Division (RaftServerImpl.java:lambda$close$4(412)) - cf3a7bfa-0a59-4cf0-978b-44f71b96abbc@group-D7E6B7717086: shutdown
2022-02-24 16:56:49,694 [ForkJoinPool.commonPool-worker-0] INFO  util.JmxRegister (JmxRegister.java:unregister(73)) - Successfully un-registered JMX Bean with object name Ratis:service=RaftServer,group=group-D7E6B7717086,id=cf3a7bfa-0a59-4cf0-978b-44f71b96abbc
2022-02-24 16:56:49,694 [ForkJoinPool.commonPool-worker-0] INFO  impl.RoleInfo (RoleInfo.java:shutdownFollowerState(108)) - cf3a7bfa-0a59-4cf0-978b-44f71b96abbc: shutdown cf3a7bfa-0a59-4cf0-978b-44f71b96abbc@group-D7E6B7717086-FollowerState
2022-02-24 16:56:49,695 [ForkJoinPool.commonPool-worker-0] INFO  impl.StateMachineUpdater (StateMachineUpdater.java:stopAndJoin(149)) - cf3a7bfa-0a59-4cf0-978b-44f71b96abbc@group-D7E6B7717086-StateMachineUpdater: set stopIndex = -1
2022-02-24 16:56:49,695 [ForkJoinPool.commonPool-worker-0] INFO  server.RaftServer$Division (ServerState.java:close(419)) - cf3a7bfa-0a59-4cf0-978b-44f71b96abbc@group-D7E6B7717086: closes. applyIndex: -1
2022-02-24 16:56:49,695 [cf3a7bfa-0a59-4cf0-978b-44f71b96abbc@group-D7E6B7717086-FollowerState] INFO  impl.FollowerState (FollowerState.java:run(143)) - cf3a7bfa-0a59-4cf0-978b-44f71b96abbc@group-D7E6B7717086-FollowerState was interrupted: {}
java.lang.InterruptedException: sleep interrupted
	at java.lang.Thread.sleep(Native Method)
	at java.lang.Thread.sleep(Thread.java:342)
	at java.util.concurrent.TimeUnit.sleep(TimeUnit.java:386)
	at org.apache.ratis.util.TimeDuration.sleep(TimeDuration.java:324)
	at org.apache.ratis.util.TimeDuration.sleep(TimeDuration.java:309)
	at org.apache.ratis.server.impl.FollowerState.run(FollowerState.java:118)
2022-02-24 16:56:49,695 [cf3a7bfa-0a59-4cf0-978b-44f71b96abbc@group-D7E6B7717086-SegmentedRaftLogWorker] INFO  segmented.SegmentedRaftLogWorker (SegmentedRaftLogWorker.java:run(327)) - cf3a7bfa-0a59-4cf0-978b-44f71b96abbc@group-D7E6B7717086-SegmentedRaftLogWorker was interrupted, exiting. There are 0 tasks remaining in the queue.
2022-02-24 16:56:49,695 [ForkJoinPool.commonPool-worker-0] INFO  segmented.SegmentedRaftLogWorker (SegmentedRaftLogWorker.java:close(237)) - cf3a7bfa-0a59-4cf0-978b-44f71b96abbc@group-D7E6B7717086-SegmentedRaftLogWorker close()
2022-02-24 16:56:49,697 [ForkJoinPool.commonPool-worker-0] INFO  server.RaftServer$Division (RaftServerImpl.java:lambda$close$4(412)) - cf3a7bfa-0a59-4cf0-978b-44f71b96abbc@group-D784B15B949E: shutdown
2022-02-24 16:56:49,697 [ForkJoinPool.commonPool-worker-0] INFO  util.JmxRegister (JmxRegister.java:unregister(73)) - Successfully un-registered JMX Bean with object name Ratis:service=RaftServer,group=group-D784B15B949E,id=cf3a7bfa-0a59-4cf0-978b-44f71b96abbc
2022-02-24 16:56:49,697 [ForkJoinPool.commonPool-worker-0] INFO  impl.RoleInfo (RoleInfo.java:shutdownFollowerState(108)) - cf3a7bfa-0a59-4cf0-978b-44f71b96abbc: shutdown cf3a7bfa-0a59-4cf0-978b-44f71b96abbc@group-D784B15B949E-FollowerState
2022-02-24 16:56:49,698 [ForkJoinPool.commonPool-worker-0] INFO  impl.StateMachineUpdater (StateMachineUpdater.java:stopAndJoin(149)) - cf3a7bfa-0a59-4cf0-978b-44f71b96abbc@group-D784B15B949E-StateMachineUpdater: set stopIndex = -1
2022-02-24 16:56:49,698 [cf3a7bfa-0a59-4cf0-978b-44f71b96abbc@group-D784B15B949E-FollowerState] INFO  impl.FollowerState (FollowerState.java:run(143)) - cf3a7bfa-0a59-4cf0-978b-44f71b96abbc@group-D784B15B949E-FollowerState was interrupted: {}
java.lang.InterruptedException: sleep interrupted
	at java.lang.Thread.sleep(Native Method)
	at java.lang.Thread.sleep(Thread.java:342)
	at java.util.concurrent.TimeUnit.sleep(TimeUnit.java:386)
	at org.apache.ratis.util.TimeDuration.sleep(TimeDuration.java:324)
	at org.apache.ratis.util.TimeDuration.sleep(TimeDuration.java:309)
	at org.apache.ratis.server.impl.FollowerState.run(FollowerState.java:118)
2022-02-24 16:56:49,698 [ForkJoinPool.commonPool-worker-0] INFO  server.RaftServer$Division (ServerState.java:close(419)) - cf3a7bfa-0a59-4cf0-978b-44f71b96abbc@group-D784B15B949E: closes. applyIndex: -1
2022-02-24 16:56:49,698 [cf3a7bfa-0a59-4cf0-978b-44f71b96abbc@group-D784B15B949E-SegmentedRaftLogWorker] INFO  segmented.SegmentedRaftLogWorker (SegmentedRaftLogWorker.java:run(327)) - cf3a7bfa-0a59-4cf0-978b-44f71b96abbc@group-D784B15B949E-SegmentedRaftLogWorker was interrupted, exiting. There are 0 tasks remaining in the queue.
2022-02-24 16:56:49,698 [ForkJoinPool.commonPool-worker-0] INFO  segmented.SegmentedRaftLogWorker (SegmentedRaftLogWorker.java:close(237)) - cf3a7bfa-0a59-4cf0-978b-44f71b96abbc@group-D784B15B949E-SegmentedRaftLogWorker close()
2022-02-24 16:56:49,701 [ForkJoinPool.commonPool-worker-0] INFO  server.RaftServer$Division (RaftServerImpl.java:lambda$close$4(412)) - cf3a7bfa-0a59-4cf0-978b-44f71b96abbc@group-CA206D264F63: shutdown
2022-02-24 16:56:49,701 [ForkJoinPool.commonPool-worker-0] INFO  util.JmxRegister (JmxRegister.java:unregister(73)) - Successfully un-registered JMX Bean with object name Ratis:service=RaftServer,group=group-CA206D264F63,id=cf3a7bfa-0a59-4cf0-978b-44f71b96abbc
2022-02-24 16:56:49,701 [ForkJoinPool.commonPool-worker-0] INFO  impl.RoleInfo (RoleInfo.java:shutdownFollowerState(108)) - cf3a7bfa-0a59-4cf0-978b-44f71b96abbc: shutdown cf3a7bfa-0a59-4cf0-978b-44f71b96abbc@group-CA206D264F63-FollowerState
2022-02-24 16:56:49,701 [ForkJoinPool.commonPool-worker-0] INFO  impl.StateMachineUpdater (StateMachineUpdater.java:stopAndJoin(149)) - cf3a7bfa-0a59-4cf0-978b-44f71b96abbc@group-CA206D264F63-StateMachineUpdater: set stopIndex = -1
2022-02-24 16:56:49,701 [cf3a7bfa-0a59-4cf0-978b-44f71b96abbc@group-CA206D264F63-FollowerState] INFO  impl.FollowerState (FollowerState.java:run(143)) - cf3a7bfa-0a59-4cf0-978b-44f71b96abbc@group-CA206D264F63-FollowerState was interrupted: {}
java.lang.InterruptedException: sleep interrupted
	at java.lang.Thread.sleep(Native Method)
	at java.lang.Thread.sleep(Thread.java:342)
	at java.util.concurrent.TimeUnit.sleep(TimeUnit.java:386)
	at org.apache.ratis.util.TimeDuration.sleep(TimeDuration.java:324)
	at org.apache.ratis.util.TimeDuration.sleep(TimeDuration.java:309)
	at org.apache.ratis.server.impl.FollowerState.run(FollowerState.java:118)
2022-02-24 16:56:49,702 [Listener at 127.0.0.1/44987] INFO  ozoneimpl.OzoneContainer (OzoneContainer.java:stop(356)) - Attempting to stop container services.
2022-02-24 16:56:49,702 [ForkJoinPool.commonPool-worker-0] INFO  server.RaftServer$Division (ServerState.java:close(419)) - cf3a7bfa-0a59-4cf0-978b-44f71b96abbc@group-CA206D264F63: closes. applyIndex: -1
2022-02-24 16:56:49,702 [cf3a7bfa-0a59-4cf0-978b-44f71b96abbc@group-CA206D264F63-SegmentedRaftLogWorker] INFO  segmented.SegmentedRaftLogWorker (SegmentedRaftLogWorker.java:run(327)) - cf3a7bfa-0a59-4cf0-978b-44f71b96abbc@group-CA206D264F63-SegmentedRaftLogWorker was interrupted, exiting. There are 0 tasks remaining in the queue.
2022-02-24 16:56:49,704 [ForkJoinPool.commonPool-worker-0] INFO  segmented.SegmentedRaftLogWorker (SegmentedRaftLogWorker.java:close(237)) - cf3a7bfa-0a59-4cf0-978b-44f71b96abbc@group-CA206D264F63-SegmentedRaftLogWorker close()
2022-02-24 16:56:49,706 [ForkJoinPool.commonPool-worker-0] INFO  server.RaftServer$Division (RaftServerImpl.java:lambda$close$4(412)) - cf3a7bfa-0a59-4cf0-978b-44f71b96abbc@group-7905F06C5BAF: shutdown
2022-02-24 16:56:49,706 [ForkJoinPool.commonPool-worker-0] INFO  util.JmxRegister (JmxRegister.java:unregister(73)) - Successfully un-registered JMX Bean with object name Ratis:service=RaftServer,group=group-7905F06C5BAF,id=cf3a7bfa-0a59-4cf0-978b-44f71b96abbc
2022-02-24 16:56:49,706 [ForkJoinPool.commonPool-worker-0] INFO  impl.RoleInfo (RoleInfo.java:shutdownLeaderState(91)) - cf3a7bfa-0a59-4cf0-978b-44f71b96abbc: shutdown cf3a7bfa-0a59-4cf0-978b-44f71b96abbc@group-7905F06C5BAF-LeaderStateImpl
2022-02-24 16:56:49,706 [ForkJoinPool.commonPool-worker-0] INFO  impl.PendingRequests (PendingRequests.java:sendNotLeaderResponses(282)) - cf3a7bfa-0a59-4cf0-978b-44f71b96abbc@group-7905F06C5BAF-PendingRequests: sendNotLeaderResponses
2022-02-24 16:56:49,707 [ForkJoinPool.commonPool-worker-0] INFO  impl.StateMachineUpdater (StateMachineUpdater.java:stopAndJoin(149)) - cf3a7bfa-0a59-4cf0-978b-44f71b96abbc@group-7905F06C5BAF-StateMachineUpdater: set stopIndex = 0
2022-02-24 16:56:49,711 [cf3a7bfa-0a59-4cf0-978b-44f71b96abbc@group-7905F06C5BAF-StateMachineUpdater] INFO  ratis.ContainerStateMachine (ContainerStateMachine.java:takeSnapshot(304)) - group-7905F06C5BAF: Taking a snapshot at:(t:1, i:0) file /home/runner/work/ozone/ozone/hadoop-ozone/integration-test/target/test-dir/MiniOzoneClusterImpl-a9e0dedd-d836-4895-9472-52c2256152d3/datanode-1/data/ratis/1f4e49ad-f9db-4751-8d36-7905f06c5baf/sm/snapshot.1_0
2022-02-24 16:56:49,712 [cf3a7bfa-0a59-4cf0-978b-44f71b96abbc@group-7905F06C5BAF-StateMachineUpdater] INFO  ratis.ContainerStateMachine (ContainerStateMachine.java:takeSnapshot(315)) - group-7905F06C5BAF: Finished taking a snapshot at:(t:1, i:0) file:/home/runner/work/ozone/ozone/hadoop-ozone/integration-test/target/test-dir/MiniOzoneClusterImpl-a9e0dedd-d836-4895-9472-52c2256152d3/datanode-1/data/ratis/1f4e49ad-f9db-4751-8d36-7905f06c5baf/sm/snapshot.1_0 took: 1 ms
2022-02-24 16:56:49,712 [cf3a7bfa-0a59-4cf0-978b-44f71b96abbc@group-7905F06C5BAF-StateMachineUpdater] INFO  impl.StateMachineUpdater (StateMachineUpdater.java:takeSnapshot(281)) - cf3a7bfa-0a59-4cf0-978b-44f71b96abbc@group-7905F06C5BAF-StateMachineUpdater: Took a snapshot at index 0
2022-02-24 16:56:49,712 [cf3a7bfa-0a59-4cf0-978b-44f71b96abbc@group-7905F06C5BAF-StateMachineUpdater] INFO  impl.StateMachineUpdater (StateMachineUpdater.java:lambda$new$0(89)) - cf3a7bfa-0a59-4cf0-978b-44f71b96abbc@group-7905F06C5BAF-StateMachineUpdater: snapshotIndex: updateIncreasingly -1 -> 0
2022-02-24 16:56:49,712 [ForkJoinPool.commonPool-worker-0] INFO  server.RaftServer$Division (ServerState.java:close(419)) - cf3a7bfa-0a59-4cf0-978b-44f71b96abbc@group-7905F06C5BAF: closes. applyIndex: 0
2022-02-24 16:56:49,712 [cf3a7bfa-0a59-4cf0-978b-44f71b96abbc@group-7905F06C5BAF-SegmentedRaftLogWorker] INFO  segmented.SegmentedRaftLogWorker (SegmentedRaftLogWorker.java:run(327)) - cf3a7bfa-0a59-4cf0-978b-44f71b96abbc@group-7905F06C5BAF-SegmentedRaftLogWorker was interrupted, exiting. There are 0 tasks remaining in the queue.
2022-02-24 16:56:49,715 [ForkJoinPool.commonPool-worker-0] INFO  segmented.SegmentedRaftLogWorker (SegmentedRaftLogWorker.java:close(237)) - cf3a7bfa-0a59-4cf0-978b-44f71b96abbc@group-7905F06C5BAF-SegmentedRaftLogWorker close()
2022-02-24 16:56:49,716 [ForkJoinPool.commonPool-worker-0] INFO  server.GrpcService (GrpcService.java:closeImpl(262)) - cf3a7bfa-0a59-4cf0-978b-44f71b96abbc: shutdown server with port 40183 now
2022-02-24 16:56:49,719 [Listener at 127.0.0.1/44987] INFO  server.RaftServer (RaftServerProxy.java:lambda$close$6(391)) - 6aa02a95-f8ab-442c-9ba0-fd232060c81a: close
2022-02-24 16:56:49,719 [Listener at 127.0.0.1/44987] INFO  server.RaftServer$Division (RaftServerImpl.java:lambda$close$4(412)) - 6aa02a95-f8ab-442c-9ba0-fd232060c81a@group-D1BF1DB2EA83: shutdown
2022-02-24 16:56:49,719 [Listener at 127.0.0.1/44987] INFO  util.JmxRegister (JmxRegister.java:unregister(73)) - Successfully un-registered JMX Bean with object name Ratis:service=RaftServer,group=group-D1BF1DB2EA83,id=6aa02a95-f8ab-442c-9ba0-fd232060c81a
2022-02-24 16:56:49,719 [Listener at 127.0.0.1/44987] INFO  impl.RoleInfo (RoleInfo.java:shutdownLeaderState(91)) - 6aa02a95-f8ab-442c-9ba0-fd232060c81a: shutdown 6aa02a95-f8ab-442c-9ba0-fd232060c81a@group-D1BF1DB2EA83-LeaderStateImpl
2022-02-24 16:56:49,720 [6aa02a95-f8ab-442c-9ba0-fd232060c81a@group-D1BF1DB2EA83->37eb1d61-39bb-4850-ab96-a7546aa7d2af-GrpcLogAppender-LogAppenderDaemon] WARN  server.GrpcLogAppender (GrpcLogAppender.java:mayWait(177)) - 6aa02a95-f8ab-442c-9ba0-fd232060c81a@group-D1BF1DB2EA83->37eb1d61-39bb-4850-ab96-a7546aa7d2af-GrpcLogAppender: Wait interrupted by java.lang.InterruptedException
2022-02-24 16:56:49,720 [Listener at 127.0.0.1/44987] INFO  impl.PendingRequests (PendingRequests.java:sendNotLeaderResponses(282)) - 6aa02a95-f8ab-442c-9ba0-fd232060c81a@group-D1BF1DB2EA83-PendingRequests: sendNotLeaderResponses
2022-02-24 16:56:49,720 [6aa02a95-f8ab-442c-9ba0-fd232060c81a@group-D1BF1DB2EA83->2ccab0b5-4479-416a-9931-5373164cc31d-GrpcLogAppender-LogAppenderDaemon] WARN  server.GrpcLogAppender (GrpcLogAppender.java:mayWait(177)) - 6aa02a95-f8ab-442c-9ba0-fd232060c81a@group-D1BF1DB2EA83->2ccab0b5-4479-416a-9931-5373164cc31d-GrpcLogAppender: Wait interrupted by java.lang.InterruptedException
2022-02-24 16:56:49,720 [Listener at 127.0.0.1/44987] INFO  impl.StateMachineUpdater (StateMachineUpdater.java:stopAndJoin(149)) - 6aa02a95-f8ab-442c-9ba0-fd232060c81a@group-D1BF1DB2EA83-StateMachineUpdater: set stopIndex = 0
2022-02-24 16:56:49,721 [6aa02a95-f8ab-442c-9ba0-fd232060c81a@group-D1BF1DB2EA83-StateMachineUpdater] INFO  ratis.ContainerStateMachine (ContainerStateMachine.java:takeSnapshot(304)) - group-D1BF1DB2EA83: Taking a snapshot at:(t:2, i:0) file /home/runner/work/ozone/ozone/hadoop-ozone/integration-test/target/test-dir/MiniOzoneClusterImpl-a9e0dedd-d836-4895-9472-52c2256152d3/datanode-4/data/ratis/15da9b58-d72e-47f2-bbe2-d1bf1db2ea83/sm/snapshot.2_0
2022-02-24 16:56:49,722 [6aa02a95-f8ab-442c-9ba0-fd232060c81a@group-D1BF1DB2EA83-StateMachineUpdater] INFO  ratis.ContainerStateMachine (ContainerStateMachine.java:takeSnapshot(315)) - group-D1BF1DB2EA83: Finished taking a snapshot at:(t:2, i:0) file:/home/runner/work/ozone/ozone/hadoop-ozone/integration-test/target/test-dir/MiniOzoneClusterImpl-a9e0dedd-d836-4895-9472-52c2256152d3/datanode-4/data/ratis/15da9b58-d72e-47f2-bbe2-d1bf1db2ea83/sm/snapshot.2_0 took: 1 ms
2022-02-24 16:56:49,722 [6aa02a95-f8ab-442c-9ba0-fd232060c81a@group-D1BF1DB2EA83-StateMachineUpdater] INFO  impl.StateMachineUpdater (StateMachineUpdater.java:takeSnapshot(281)) - 6aa02a95-f8ab-442c-9ba0-fd232060c81a@group-D1BF1DB2EA83-StateMachineUpdater: Took a snapshot at index 0
2022-02-24 16:56:49,722 [6aa02a95-f8ab-442c-9ba0-fd232060c81a@group-D1BF1DB2EA83-StateMachineUpdater] INFO  impl.StateMachineUpdater (StateMachineUpdater.java:lambda$new$0(89)) - 6aa02a95-f8ab-442c-9ba0-fd232060c81a@group-D1BF1DB2EA83-StateMachineUpdater: snapshotIndex: updateIncreasingly -1 -> 0
2022-02-24 16:56:49,725 [grpc-default-executor-4] INFO  server.GrpcServerProtocolService (GrpcServerProtocolService.java:onCompleted(140)) - 37eb1d61-39bb-4850-ab96-a7546aa7d2af: Completed APPEND_ENTRIES, lastRequest: 6aa02a95-f8ab-442c-9ba0-fd232060c81a->37eb1d61-39bb-4850-ab96-a7546aa7d2af#1-t2,previous=(t:0, i:0),leaderCommit=-1,initializing? true,entries: size=1, first=(t:2, i:0), CONFIGURATIONENTRY
2022-02-24 16:56:49,725 [grpc-default-executor-4] INFO  server.GrpcServerProtocolService (GrpcServerProtocolService.java:onCompleted(140)) - 2ccab0b5-4479-416a-9931-5373164cc31d: Completed APPEND_ENTRIES, lastRequest: 6aa02a95-f8ab-442c-9ba0-fd232060c81a->2ccab0b5-4479-416a-9931-5373164cc31d#1-t2,previous=(t:0, i:0),leaderCommit=0,initializing? true,entries: size=1, first=(t:2, i:0), CONFIGURATIONENTRY
2022-02-24 16:56:49,726 [grpc-default-executor-4] INFO  server.GrpcLogAppender (GrpcLogAppender.java:onCompleted(346)) - 6aa02a95-f8ab-442c-9ba0-fd232060c81a@group-D1BF1DB2EA83->2ccab0b5-4479-416a-9931-5373164cc31d-AppendLogResponseHandler: follower responses appendEntries COMPLETED
2022-02-24 16:56:49,726 [grpc-default-executor-4] INFO  leader.FollowerInfo (FollowerInfoImpl.java:lambda$new$0(47)) - 6aa02a95-f8ab-442c-9ba0-fd232060c81a@group-D1BF1DB2EA83->2ccab0b5-4479-416a-9931-5373164cc31d: nextIndex: updateUnconditionally 1 -> 0
2022-02-24 16:56:49,726 [grpc-default-executor-4] INFO  server.GrpcLogAppender (GrpcLogAppender.java:onCompleted(346)) - 6aa02a95-f8ab-442c-9ba0-fd232060c81a@group-D1BF1DB2EA83->37eb1d61-39bb-4850-ab96-a7546aa7d2af-AppendLogResponseHandler: follower responses appendEntries COMPLETED
2022-02-24 16:56:49,727 [grpc-default-executor-4] INFO  leader.FollowerInfo (FollowerInfoImpl.java:lambda$new$0(47)) - 6aa02a95-f8ab-442c-9ba0-fd232060c81a@group-D1BF1DB2EA83->37eb1d61-39bb-4850-ab96-a7546aa7d2af: nextIndex: updateUnconditionally 1 -> 0
2022-02-24 16:56:49,727 [Listener at 127.0.0.1/44987] INFO  server.RaftServer$Division (ServerState.java:close(419)) - 6aa02a95-f8ab-442c-9ba0-fd232060c81a@group-D1BF1DB2EA83: closes. applyIndex: 0
2022-02-24 16:56:49,727 [6aa02a95-f8ab-442c-9ba0-fd232060c81a@group-D1BF1DB2EA83-SegmentedRaftLogWorker] INFO  segmented.SegmentedRaftLogWorker (SegmentedRaftLogWorker.java:run(327)) - 6aa02a95-f8ab-442c-9ba0-fd232060c81a@group-D1BF1DB2EA83-SegmentedRaftLogWorker was interrupted, exiting. There are 0 tasks remaining in the queue.
2022-02-24 16:56:49,727 [Listener at 127.0.0.1/44987] INFO  segmented.SegmentedRaftLogWorker (SegmentedRaftLogWorker.java:close(237)) - 6aa02a95-f8ab-442c-9ba0-fd232060c81a@group-D1BF1DB2EA83-SegmentedRaftLogWorker close()
2022-02-24 16:56:49,746 [Listener at 127.0.0.1/44987] INFO  server.RaftServer$Division (RaftServerImpl.java:lambda$close$4(412)) - 6aa02a95-f8ab-442c-9ba0-fd232060c81a@group-05E598691DA2: shutdown
2022-02-24 16:56:49,746 [Listener at 127.0.0.1/44987] INFO  util.JmxRegister (JmxRegister.java:unregister(73)) - Successfully un-registered JMX Bean with object name Ratis:service=RaftServer,group=group-05E598691DA2,id=6aa02a95-f8ab-442c-9ba0-fd232060c81a
2022-02-24 16:56:49,746 [Listener at 127.0.0.1/44987] INFO  impl.RoleInfo (RoleInfo.java:shutdownFollowerState(108)) - 6aa02a95-f8ab-442c-9ba0-fd232060c81a: shutdown 6aa02a95-f8ab-442c-9ba0-fd232060c81a@group-05E598691DA2-FollowerState
2022-02-24 16:56:49,746 [Listener at 127.0.0.1/44987] INFO  impl.StateMachineUpdater (StateMachineUpdater.java:stopAndJoin(149)) - 6aa02a95-f8ab-442c-9ba0-fd232060c81a@group-05E598691DA2-StateMachineUpdater: set stopIndex = 0
2022-02-24 16:56:49,747 [6aa02a95-f8ab-442c-9ba0-fd232060c81a@group-05E598691DA2-StateMachineUpdater] INFO  ratis.ContainerStateMachine (ContainerStateMachine.java:takeSnapshot(304)) - group-05E598691DA2: Taking a snapshot at:(t:3, i:0) file /home/runner/work/ozone/ozone/hadoop-ozone/integration-test/target/test-dir/MiniOzoneClusterImpl-a9e0dedd-d836-4895-9472-52c2256152d3/datanode-4/data/ratis/31d398e6-9b90-466b-8763-05e598691da2/sm/snapshot.3_0
2022-02-24 16:56:49,747 [6aa02a95-f8ab-442c-9ba0-fd232060c81a@group-05E598691DA2-FollowerState] INFO  impl.FollowerState (FollowerState.java:run(143)) - 6aa02a95-f8ab-442c-9ba0-fd232060c81a@group-05E598691DA2-FollowerState was interrupted: {}
java.lang.InterruptedException: sleep interrupted
	at java.lang.Thread.sleep(Native Method)
	at java.lang.Thread.sleep(Thread.java:342)
	at java.util.concurrent.TimeUnit.sleep(TimeUnit.java:386)
	at org.apache.ratis.util.TimeDuration.sleep(TimeDuration.java:324)
	at org.apache.ratis.util.TimeDuration.sleep(TimeDuration.java:309)
	at org.apache.ratis.server.impl.FollowerState.run(FollowerState.java:118)
2022-02-24 16:56:49,747 [6aa02a95-f8ab-442c-9ba0-fd232060c81a@group-05E598691DA2-StateMachineUpdater] INFO  ratis.ContainerStateMachine (ContainerStateMachine.java:takeSnapshot(315)) - group-05E598691DA2: Finished taking a snapshot at:(t:3, i:0) file:/home/runner/work/ozone/ozone/hadoop-ozone/integration-test/target/test-dir/MiniOzoneClusterImpl-a9e0dedd-d836-4895-9472-52c2256152d3/datanode-4/data/ratis/31d398e6-9b90-466b-8763-05e598691da2/sm/snapshot.3_0 took: 1 ms
2022-02-24 16:56:49,748 [6aa02a95-f8ab-442c-9ba0-fd232060c81a@group-05E598691DA2-StateMachineUpdater] INFO  impl.StateMachineUpdater (StateMachineUpdater.java:takeSnapshot(281)) - 6aa02a95-f8ab-442c-9ba0-fd232060c81a@group-05E598691DA2-StateMachineUpdater: Took a snapshot at index 0
2022-02-24 16:56:49,748 [6aa02a95-f8ab-442c-9ba0-fd232060c81a@group-05E598691DA2-StateMachineUpdater] INFO  impl.StateMachineUpdater (StateMachineUpdater.java:lambda$new$0(89)) - 6aa02a95-f8ab-442c-9ba0-fd232060c81a@group-05E598691DA2-StateMachineUpdater: snapshotIndex: updateIncreasingly -1 -> 0
2022-02-24 16:56:49,748 [Listener at 127.0.0.1/44987] INFO  server.RaftServer$Division (ServerState.java:close(419)) - 6aa02a95-f8ab-442c-9ba0-fd232060c81a@group-05E598691DA2: closes. applyIndex: 0
2022-02-24 16:56:49,767 [6aa02a95-f8ab-442c-9ba0-fd232060c81a@group-05E598691DA2-SegmentedRaftLogWorker] INFO  segmented.SegmentedRaftLogWorker (SegmentedRaftLogWorker.java:run(327)) - 6aa02a95-f8ab-442c-9ba0-fd232060c81a@group-05E598691DA2-SegmentedRaftLogWorker was interrupted, exiting. There are 0 tasks remaining in the queue.
2022-02-24 16:56:49,757 [ForkJoinPool.commonPool-worker-0] INFO  server.GrpcService (GrpcService.java:closeImpl(271)) - cf3a7bfa-0a59-4cf0-978b-44f71b96abbc: shutdown server with port 40183 successfully
2022-02-24 16:56:49,767 [org.apache.ratis.util.JvmPauseMonitor$$Lambda$431/1797702346@26c6d46e] INFO  util.JvmPauseMonitor (JvmPauseMonitor.java:run(109)) - JvmPauseMonitor-cf3a7bfa-0a59-4cf0-978b-44f71b96abbc: Stopped
2022-02-24 16:56:49,767 [Listener at 127.0.0.1/44987] INFO  segmented.SegmentedRaftLogWorker (SegmentedRaftLogWorker.java:close(237)) - 6aa02a95-f8ab-442c-9ba0-fd232060c81a@group-05E598691DA2-SegmentedRaftLogWorker close()
2022-02-24 16:56:49,768 [Listener at 127.0.0.1/44987] INFO  server.RaftServer$Division (RaftServerImpl.java:lambda$close$4(412)) - 6aa02a95-f8ab-442c-9ba0-fd232060c81a@group-00F5C2898BFA: shutdown
2022-02-24 16:56:49,768 [Listener at 127.0.0.1/44987] INFO  util.JmxRegister (JmxRegister.java:unregister(73)) - Successfully un-registered JMX Bean with object name Ratis:service=RaftServer,group=group-00F5C2898BFA,id=6aa02a95-f8ab-442c-9ba0-fd232060c81a
2022-02-24 16:56:49,768 [Listener at 127.0.0.1/44987] INFO  impl.RoleInfo (RoleInfo.java:shutdownFollowerState(108)) - 6aa02a95-f8ab-442c-9ba0-fd232060c81a: shutdown 6aa02a95-f8ab-442c-9ba0-fd232060c81a@group-00F5C2898BFA-FollowerState
2022-02-24 16:56:49,768 [Listener at 127.0.0.1/44987] INFO  impl.StateMachineUpdater (StateMachineUpdater.java:stopAndJoin(149)) - 6aa02a95-f8ab-442c-9ba0-fd232060c81a@group-00F5C2898BFA-StateMachineUpdater: set stopIndex = 0
2022-02-24 16:56:49,768 [6aa02a95-f8ab-442c-9ba0-fd232060c81a@group-00F5C2898BFA-StateMachineUpdater] INFO  ratis.ContainerStateMachine (ContainerStateMachine.java:takeSnapshot(304)) - group-00F5C2898BFA: Taking a snapshot at:(t:1, i:0) file /home/runner/work/ozone/ozone/hadoop-ozone/integration-test/target/test-dir/MiniOzoneClusterImpl-a9e0dedd-d836-4895-9472-52c2256152d3/datanode-4/data/ratis/cb254f30-eede-410a-88df-00f5c2898bfa/sm/snapshot.1_0
2022-02-24 16:56:49,768 [6aa02a95-f8ab-442c-9ba0-fd232060c81a@group-00F5C2898BFA-FollowerState] INFO  impl.FollowerState (FollowerState.java:run(143)) - 6aa02a95-f8ab-442c-9ba0-fd232060c81a@group-00F5C2898BFA-FollowerState was interrupted: {}
java.lang.InterruptedException: sleep interrupted
	at java.lang.Thread.sleep(Native Method)
	at java.lang.Thread.sleep(Thread.java:342)
	at java.util.concurrent.TimeUnit.sleep(TimeUnit.java:386)
	at org.apache.ratis.util.TimeDuration.sleep(TimeDuration.java:324)
	at org.apache.ratis.util.TimeDuration.sleep(TimeDuration.java:309)
	at org.apache.ratis.server.impl.FollowerState.run(FollowerState.java:118)
2022-02-24 16:56:49,770 [6aa02a95-f8ab-442c-9ba0-fd232060c81a@group-00F5C2898BFA-StateMachineUpdater] INFO  ratis.ContainerStateMachine (ContainerStateMachine.java:takeSnapshot(315)) - group-00F5C2898BFA: Finished taking a snapshot at:(t:1, i:0) file:/home/runner/work/ozone/ozone/hadoop-ozone/integration-test/target/test-dir/MiniOzoneClusterImpl-a9e0dedd-d836-4895-9472-52c2256152d3/datanode-4/data/ratis/cb254f30-eede-410a-88df-00f5c2898bfa/sm/snapshot.1_0 took: 2 ms
2022-02-24 16:56:49,770 [6aa02a95-f8ab-442c-9ba0-fd232060c81a@group-00F5C2898BFA-StateMachineUpdater] INFO  impl.StateMachineUpdater (StateMachineUpdater.java:takeSnapshot(281)) - 6aa02a95-f8ab-442c-9ba0-fd232060c81a@group-00F5C2898BFA-StateMachineUpdater: Took a snapshot at index 0
2022-02-24 16:56:49,770 [6aa02a95-f8ab-442c-9ba0-fd232060c81a@group-00F5C2898BFA-StateMachineUpdater] INFO  impl.StateMachineUpdater (StateMachineUpdater.java:lambda$new$0(89)) - 6aa02a95-f8ab-442c-9ba0-fd232060c81a@group-00F5C2898BFA-StateMachineUpdater: snapshotIndex: updateIncreasingly -1 -> 0
2022-02-24 16:56:49,771 [Listener at 127.0.0.1/44987] INFO  server.RaftServer$Division (ServerState.java:close(419)) - 6aa02a95-f8ab-442c-9ba0-fd232060c81a@group-00F5C2898BFA: closes. applyIndex: 0
2022-02-24 16:56:49,771 [6aa02a95-f8ab-442c-9ba0-fd232060c81a@group-00F5C2898BFA-SegmentedRaftLogWorker] INFO  segmented.SegmentedRaftLogWorker (SegmentedRaftLogWorker.java:run(327)) - 6aa02a95-f8ab-442c-9ba0-fd232060c81a@group-00F5C2898BFA-SegmentedRaftLogWorker was interrupted, exiting. There are 0 tasks remaining in the queue.
2022-02-24 16:56:49,771 [Listener at 127.0.0.1/44987] INFO  segmented.SegmentedRaftLogWorker (SegmentedRaftLogWorker.java:close(237)) - 6aa02a95-f8ab-442c-9ba0-fd232060c81a@group-00F5C2898BFA-SegmentedRaftLogWorker close()
2022-02-24 16:56:49,771 [Listener at 127.0.0.1/44987] INFO  server.RaftServer$Division (RaftServerImpl.java:lambda$close$4(412)) - 6aa02a95-f8ab-442c-9ba0-fd232060c81a@group-56B0A5BD8601: shutdown
2022-02-24 16:56:49,772 [Listener at 127.0.0.1/44987] INFO  util.JmxRegister (JmxRegister.java:unregister(73)) - Successfully un-registered JMX Bean with object name Ratis:service=RaftServer,group=group-56B0A5BD8601,id=6aa02a95-f8ab-442c-9ba0-fd232060c81a
2022-02-24 16:56:49,772 [Listener at 127.0.0.1/44987] INFO  impl.RoleInfo (RoleInfo.java:shutdownLeaderState(91)) - 6aa02a95-f8ab-442c-9ba0-fd232060c81a: shutdown 6aa02a95-f8ab-442c-9ba0-fd232060c81a@group-56B0A5BD8601-LeaderStateImpl
2022-02-24 16:56:49,772 [Listener at 127.0.0.1/44987] INFO  impl.PendingRequests (PendingRequests.java:sendNotLeaderResponses(282)) - 6aa02a95-f8ab-442c-9ba0-fd232060c81a@group-56B0A5BD8601-PendingRequests: sendNotLeaderResponses
2022-02-24 16:56:49,773 [6aa02a95-f8ab-442c-9ba0-fd232060c81a@group-56B0A5BD8601-StateMachineUpdater] INFO  ratis.ContainerStateMachine (ContainerStateMachine.java:takeSnapshot(304)) - group-56B0A5BD8601: Taking a snapshot at:(t:1, i:0) file /home/runner/work/ozone/ozone/hadoop-ozone/integration-test/target/test-dir/MiniOzoneClusterImpl-a9e0dedd-d836-4895-9472-52c2256152d3/datanode-4/data/ratis/86cbf4e9-b0db-4937-96de-56b0a5bd8601/sm/snapshot.1_0
2022-02-24 16:56:49,773 [Listener at 127.0.0.1/44987] INFO  impl.StateMachineUpdater (StateMachineUpdater.java:stopAndJoin(149)) - 6aa02a95-f8ab-442c-9ba0-fd232060c81a@group-56B0A5BD8601-StateMachineUpdater: set stopIndex = 0
2022-02-24 16:56:49,773 [6aa02a95-f8ab-442c-9ba0-fd232060c81a@group-56B0A5BD8601-StateMachineUpdater] INFO  ratis.ContainerStateMachine (ContainerStateMachine.java:takeSnapshot(315)) - group-56B0A5BD8601: Finished taking a snapshot at:(t:1, i:0) file:/home/runner/work/ozone/ozone/hadoop-ozone/integration-test/target/test-dir/MiniOzoneClusterImpl-a9e0dedd-d836-4895-9472-52c2256152d3/datanode-4/data/ratis/86cbf4e9-b0db-4937-96de-56b0a5bd8601/sm/snapshot.1_0 took: 0 ms
2022-02-24 16:56:49,774 [6aa02a95-f8ab-442c-9ba0-fd232060c81a@group-56B0A5BD8601-StateMachineUpdater] INFO  impl.StateMachineUpdater (StateMachineUpdater.java:takeSnapshot(281)) - 6aa02a95-f8ab-442c-9ba0-fd232060c81a@group-56B0A5BD8601-StateMachineUpdater: Took a snapshot at index 0
2022-02-24 16:56:49,774 [6aa02a95-f8ab-442c-9ba0-fd232060c81a@group-56B0A5BD8601-StateMachineUpdater] INFO  impl.StateMachineUpdater (StateMachineUpdater.java:lambda$new$0(89)) - 6aa02a95-f8ab-442c-9ba0-fd232060c81a@group-56B0A5BD8601-StateMachineUpdater: snapshotIndex: updateIncreasingly -1 -> 0
2022-02-24 16:56:49,774 [Listener at 127.0.0.1/44987] INFO  server.RaftServer$Division (ServerState.java:close(419)) - 6aa02a95-f8ab-442c-9ba0-fd232060c81a@group-56B0A5BD8601: closes. applyIndex: 0
2022-02-24 16:56:49,778 [6aa02a95-f8ab-442c-9ba0-fd232060c81a@group-56B0A5BD8601-SegmentedRaftLogWorker] INFO  segmented.SegmentedRaftLogWorker (SegmentedRaftLogWorker.java:run(327)) - 6aa02a95-f8ab-442c-9ba0-fd232060c81a@group-56B0A5BD8601-SegmentedRaftLogWorker was interrupted, exiting. There are 0 tasks remaining in the queue.
2022-02-24 16:56:49,778 [Listener at 127.0.0.1/44987] INFO  segmented.SegmentedRaftLogWorker (SegmentedRaftLogWorker.java:close(237)) - 6aa02a95-f8ab-442c-9ba0-fd232060c81a@group-56B0A5BD8601-SegmentedRaftLogWorker close()
2022-02-24 16:56:49,785 [Listener at 127.0.0.1/44987] INFO  server.GrpcService (GrpcService.java:closeImpl(262)) - 6aa02a95-f8ab-442c-9ba0-fd232060c81a: shutdown server with port 41563 now
2022-02-24 16:56:49,807 [grpc-default-executor-5] WARN  server.GrpcServerProtocolService (LogUtils.java:warn(122)) - 6aa02a95-f8ab-442c-9ba0-fd232060c81a: installSnapshot onError, lastRequest: 37eb1d61-39bb-4850-ab96-a7546aa7d2af->6aa02a95-f8ab-442c-9ba0-fd232060c81a#1-t3,previous=(t:0, i:0),leaderCommit=0,initializing? true,entries: size=1, first=(t:3, i:0), CONFIGURATIONENTRY: org.apache.ratis.thirdparty.io.grpc.StatusRuntimeException: CANCELLED: client cancelled
2022-02-24 16:56:49,809 [grpc-default-executor-4] WARN  server.GrpcLogAppender (LogUtils.java:warn(122)) - 37eb1d61-39bb-4850-ab96-a7546aa7d2af@group-05E598691DA2->6aa02a95-f8ab-442c-9ba0-fd232060c81a-AppendLogResponseHandler: Failed appendEntries: org.apache.ratis.thirdparty.io.grpc.StatusRuntimeException: CANCELLED: HTTP/2 error code: CANCEL
Received Rst Stream
2022-02-24 16:56:49,809 [grpc-default-executor-4] WARN  server.GrpcLogAppender (GrpcLogAppender.java:resetClient(110)) - 37eb1d61-39bb-4850-ab96-a7546aa7d2af@group-05E598691DA2->6aa02a95-f8ab-442c-9ba0-fd232060c81a-GrpcLogAppender: Leader has not got in touch with Follower 37eb1d61-39bb-4850-ab96-a7546aa7d2af@group-05E598691DA2->6aa02a95-f8ab-442c-9ba0-fd232060c81a(c0,m0,n1, attendVote=true, lastRpcSendTime=918, lastRpcResponseTime=911) yet, just keep nextIndex unchanged and retry.
2022-02-24 16:56:49,809 [grpc-default-executor-0] WARN  server.GrpcServerProtocolService (LogUtils.java:warn(122)) - 6aa02a95-f8ab-442c-9ba0-fd232060c81a: installSnapshot onError, lastRequest: 2ccab0b5-4479-416a-9931-5373164cc31d->6aa02a95-f8ab-442c-9ba0-fd232060c81a#1-t1,previous=(t:0, i:0),leaderCommit=0,initializing? true,entries: size=1, first=(t:1, i:0), CONFIGURATIONENTRY: org.apache.ratis.thirdparty.io.grpc.StatusRuntimeException: CANCELLED: client cancelled
2022-02-24 16:56:49,809 [Listener at 127.0.0.1/44987] INFO  server.GrpcService (GrpcService.java:closeImpl(271)) - 6aa02a95-f8ab-442c-9ba0-fd232060c81a: shutdown server with port 41563 successfully
2022-02-24 16:56:49,811 [grpc-default-executor-6] WARN  server.GrpcLogAppender (LogUtils.java:warn(122)) - 2ccab0b5-4479-416a-9931-5373164cc31d@group-00F5C2898BFA->6aa02a95-f8ab-442c-9ba0-fd232060c81a-AppendLogResponseHandler: Failed appendEntries: org.apache.ratis.thirdparty.io.grpc.StatusRuntimeException: CANCELLED: HTTP/2 error code: CANCEL
Received Rst Stream
2022-02-24 16:56:49,811 [grpc-default-executor-6] WARN  server.GrpcLogAppender (GrpcLogAppender.java:resetClient(110)) - 2ccab0b5-4479-416a-9931-5373164cc31d@group-00F5C2898BFA->6aa02a95-f8ab-442c-9ba0-fd232060c81a-GrpcLogAppender: Leader has not got in touch with Follower 2ccab0b5-4479-416a-9931-5373164cc31d@group-00F5C2898BFA->6aa02a95-f8ab-442c-9ba0-fd232060c81a(c0,m0,n1, attendVote=true, lastRpcSendTime=905, lastRpcResponseTime=901) yet, just keep nextIndex unchanged and retry.
2022-02-24 16:56:49,815 [org.apache.ratis.util.JvmPauseMonitor$$Lambda$431/1797702346@1ed35d34] INFO  util.JvmPauseMonitor (JvmPauseMonitor.java:run(109)) - JvmPauseMonitor-6aa02a95-f8ab-442c-9ba0-fd232060c81a: Stopped
2022-02-24 16:56:49,950 [2a15bd7e-7896-4db0-9e08-f7464bcd33ee@group-CA206D264F63-FollowerState] INFO  impl.FollowerState (FollowerState.java:run(134)) - 2a15bd7e-7896-4db0-9e08-f7464bcd33ee@group-CA206D264F63-FollowerState: change to CANDIDATE, lastRpcElapsedTime:5128631647ns, electionTimeout:5101ms
2022-02-24 16:56:49,950 [2a15bd7e-7896-4db0-9e08-f7464bcd33ee@group-CA206D264F63-FollowerState] INFO  impl.RoleInfo (RoleInfo.java:shutdownFollowerState(108)) - 2a15bd7e-7896-4db0-9e08-f7464bcd33ee: shutdown 2a15bd7e-7896-4db0-9e08-f7464bcd33ee@group-CA206D264F63-FollowerState
2022-02-24 16:56:49,950 [2a15bd7e-7896-4db0-9e08-f7464bcd33ee@group-CA206D264F63-FollowerState] INFO  server.RaftServer$Division (RaftServerImpl.java:setRole(290)) - 2a15bd7e-7896-4db0-9e08-f7464bcd33ee@group-CA206D264F63: changes role from  FOLLOWER to CANDIDATE at term 0 for changeToCandidate
2022-02-24 16:56:49,950 [2a15bd7e-7896-4db0-9e08-f7464bcd33ee@group-CA206D264F63-FollowerState] INFO  server.RaftServerConfigKeys (ConfUtils.java:logGet(44)) - raft.server.leaderelection.pre-vote = false (custom)
2022-02-24 16:56:49,950 [2a15bd7e-7896-4db0-9e08-f7464bcd33ee@group-CA206D264F63-FollowerState] INFO  impl.RoleInfo (RoleInfo.java:updateAndGet(130)) - 2a15bd7e-7896-4db0-9e08-f7464bcd33ee: start 2a15bd7e-7896-4db0-9e08-f7464bcd33ee@group-CA206D264F63-LeaderElection73
2022-02-24 16:56:49,963 [2a15bd7e-7896-4db0-9e08-f7464bcd33ee@group-CA206D264F63-LeaderElection73] INFO  impl.LeaderElection (LeaderElection.java:askForVotes(306)) - 2a15bd7e-7896-4db0-9e08-f7464bcd33ee@group-CA206D264F63-LeaderElection73 ELECTION round 0: submit vote requests at term 1 for -1: [b07270f0-c5b1-4afe-99f3-aa5758d6ba5c|rpc:10.1.0.37:45647|priority:0, cf3a7bfa-0a59-4cf0-978b-44f71b96abbc|rpc:10.1.0.37:40183|priority:1, 2a15bd7e-7896-4db0-9e08-f7464bcd33ee|rpc:10.1.0.37:41995|priority:0], old=null
2022-02-24 16:56:49,991 [grpc-default-executor-6] INFO  server.RaftServer$Division (RaftServerImpl.java:requestVote(1046)) - b07270f0-c5b1-4afe-99f3-aa5758d6ba5c@group-CA206D264F63: receive requestVote(ELECTION, 2a15bd7e-7896-4db0-9e08-f7464bcd33ee, group-CA206D264F63, 1, (t:0, i:0))
2022-02-24 16:56:49,991 [grpc-default-executor-6] INFO  impl.VoteContext (VoteContext.java:log(48)) - b07270f0-c5b1-4afe-99f3-aa5758d6ba5c@group-CA206D264F63-FOLLOWER: accept ELECTION from 2a15bd7e-7896-4db0-9e08-f7464bcd33ee: our priority 0 <= candidate's priority 0
2022-02-24 16:56:49,991 [grpc-default-executor-6] INFO  server.RaftServer$Division (RaftServerImpl.java:setRole(290)) - b07270f0-c5b1-4afe-99f3-aa5758d6ba5c@group-CA206D264F63: changes role from  FOLLOWER to FOLLOWER at term 1 for candidate:2a15bd7e-7896-4db0-9e08-f7464bcd33ee
2022-02-24 16:56:49,991 [grpc-default-executor-6] INFO  impl.RoleInfo (RoleInfo.java:shutdownFollowerState(108)) - b07270f0-c5b1-4afe-99f3-aa5758d6ba5c: shutdown b07270f0-c5b1-4afe-99f3-aa5758d6ba5c@group-CA206D264F63-FollowerState
2022-02-24 16:56:49,991 [grpc-default-executor-6] INFO  impl.RoleInfo (RoleInfo.java:updateAndGet(130)) - b07270f0-c5b1-4afe-99f3-aa5758d6ba5c: start b07270f0-c5b1-4afe-99f3-aa5758d6ba5c@group-CA206D264F63-FollowerState
2022-02-24 16:56:49,991 [b07270f0-c5b1-4afe-99f3-aa5758d6ba5c@group-CA206D264F63-FollowerState] INFO  impl.FollowerState (FollowerState.java:run(143)) - b07270f0-c5b1-4afe-99f3-aa5758d6ba5c@group-CA206D264F63-FollowerState was interrupted: {}
java.lang.InterruptedException: sleep interrupted
	at java.lang.Thread.sleep(Native Method)
	at java.lang.Thread.sleep(Thread.java:342)
	at java.util.concurrent.TimeUnit.sleep(TimeUnit.java:386)
	at org.apache.ratis.util.TimeDuration.sleep(TimeDuration.java:324)
	at org.apache.ratis.util.TimeDuration.sleep(TimeDuration.java:309)
	at org.apache.ratis.server.impl.FollowerState.run(FollowerState.java:118)
2022-02-24 16:56:49,999 [2a15bd7e-7896-4db0-9e08-f7464bcd33ee@group-CA206D264F63-LeaderElection73] INFO  impl.LeaderElection (LogUtils.java:infoOrTrace(137)) - 2a15bd7e-7896-4db0-9e08-f7464bcd33ee@group-CA206D264F63-LeaderElection73 got exception when requesting votes: java.util.concurrent.ExecutionException: org.apache.ratis.thirdparty.io.grpc.StatusRuntimeException: UNAVAILABLE: io exception
2022-02-24 16:56:50,001 [grpc-default-executor-6] INFO  server.RaftServer$Division (RaftServerImpl.java:requestVote(1078)) - b07270f0-c5b1-4afe-99f3-aa5758d6ba5c@group-CA206D264F63 replies to ELECTION vote request: 2a15bd7e-7896-4db0-9e08-f7464bcd33ee<-b07270f0-c5b1-4afe-99f3-aa5758d6ba5c#0:OK-t1. Peer's state: b07270f0-c5b1-4afe-99f3-aa5758d6ba5c@group-CA206D264F63:t1, leader=null, voted=2a15bd7e-7896-4db0-9e08-f7464bcd33ee, raftlog=b07270f0-c5b1-4afe-99f3-aa5758d6ba5c@group-CA206D264F63-SegmentedRaftLog:OPENED:c-1, conf=-1: [b07270f0-c5b1-4afe-99f3-aa5758d6ba5c|rpc:10.1.0.37:45647|dataStream:|priority:0, cf3a7bfa-0a59-4cf0-978b-44f71b96abbc|rpc:10.1.0.37:40183|dataStream:|priority:1, 2a15bd7e-7896-4db0-9e08-f7464bcd33ee|rpc:10.1.0.37:41995|dataStream:|priority:0], old=null
2022-02-24 16:56:50,002 [2a15bd7e-7896-4db0-9e08-f7464bcd33ee@group-CA206D264F63-LeaderElection73] INFO  impl.LeaderElection (LeaderElection.java:logAndReturn(89)) - 2a15bd7e-7896-4db0-9e08-f7464bcd33ee@group-CA206D264F63-LeaderElection73: ELECTION PASSED received 1 response(s) and 1 exception(s):
2022-02-24 16:56:50,002 [2a15bd7e-7896-4db0-9e08-f7464bcd33ee@group-CA206D264F63-LeaderElection73] INFO  impl.LeaderElection (LeaderElection.java:logAndReturn(93)) -   Response 0: 2a15bd7e-7896-4db0-9e08-f7464bcd33ee<-b07270f0-c5b1-4afe-99f3-aa5758d6ba5c#0:OK-t1
2022-02-24 16:56:50,002 [2a15bd7e-7896-4db0-9e08-f7464bcd33ee@group-CA206D264F63-LeaderElection73] INFO  impl.LeaderElection (LogUtils.java:infoOrTrace(137)) -   Exception 1: java.util.concurrent.ExecutionException: org.apache.ratis.thirdparty.io.grpc.StatusRuntimeException: UNAVAILABLE: io exception
2022-02-24 16:56:50,002 [2a15bd7e-7896-4db0-9e08-f7464bcd33ee@group-CA206D264F63-LeaderElection73] INFO  impl.LeaderElection (LeaderElection.java:askForVotes(308)) - 2a15bd7e-7896-4db0-9e08-f7464bcd33ee@group-CA206D264F63-LeaderElection73 ELECTION round 0: result PASSED
2022-02-24 16:56:50,002 [2a15bd7e-7896-4db0-9e08-f7464bcd33ee@group-CA206D264F63-LeaderElection73] INFO  impl.RoleInfo (RoleInfo.java:shutdownLeaderElection(121)) - 2a15bd7e-7896-4db0-9e08-f7464bcd33ee: shutdown 2a15bd7e-7896-4db0-9e08-f7464bcd33ee@group-CA206D264F63-LeaderElection73
2022-02-24 16:56:50,002 [2a15bd7e-7896-4db0-9e08-f7464bcd33ee@group-CA206D264F63-LeaderElection73] INFO  server.RaftServer$Division (RaftServerImpl.java:setRole(290)) - 2a15bd7e-7896-4db0-9e08-f7464bcd33ee@group-CA206D264F63: changes role from CANDIDATE to LEADER at term 1 for changeToLeader
2022-02-24 16:56:50,002 [2a15bd7e-7896-4db0-9e08-f7464bcd33ee@group-CA206D264F63-LeaderElection73] INFO  ratis.XceiverServerRatis (XceiverServerRatis.java:handleLeaderChangedNotification(867)) - Leader change notification received for group: group-CA206D264F63 with new leaderId: 2a15bd7e-7896-4db0-9e08-f7464bcd33ee
2022-02-24 16:56:50,003 [2a15bd7e-7896-4db0-9e08-f7464bcd33ee@group-CA206D264F63-LeaderElection73] INFO  server.RaftServer$Division (ServerState.java:setLeader(285)) - 2a15bd7e-7896-4db0-9e08-f7464bcd33ee@group-CA206D264F63: change Leader from null to 2a15bd7e-7896-4db0-9e08-f7464bcd33ee at term 1 for becomeLeader, leader elected after 5213ms
2022-02-24 16:56:50,003 [2a15bd7e-7896-4db0-9e08-f7464bcd33ee@group-CA206D264F63-LeaderElection73] INFO  server.RaftServerConfigKeys (ConfUtils.java:logGet(44)) - raft.server.staging.catchup.gap = 1000 (default)
2022-02-24 16:56:50,003 [2a15bd7e-7896-4db0-9e08-f7464bcd33ee@group-CA206D264F63-LeaderElection73] INFO  server.RaftServerConfigKeys (ConfUtils.java:logGet(44)) - raft.server.write.element-limit = 1024 (custom)
2022-02-24 16:56:50,003 [2a15bd7e-7896-4db0-9e08-f7464bcd33ee@group-CA206D264F63-LeaderElection73] INFO  server.RaftServerConfigKeys (ConfUtils.java:logGet(44)) - raft.server.write.byte-limit = 1024 M (=1073741824) (custom)
2022-02-24 16:56:50,003 [2a15bd7e-7896-4db0-9e08-f7464bcd33ee@group-CA206D264F63-LeaderElection73] INFO  server.RaftServerConfigKeys (ConfUtils.java:logGet(44)) - raft.server.watch.timeout = 3000ms (custom)
2022-02-24 16:56:50,003 [2a15bd7e-7896-4db0-9e08-f7464bcd33ee@group-CA206D264F63-LeaderElection73] INFO  server.RaftServerConfigKeys (ConfUtils.java:logGet(44)) - raft.server.watch.timeout.denomination = 1s (default)
2022-02-24 16:56:50,003 [2a15bd7e-7896-4db0-9e08-f7464bcd33ee@group-CA206D264F63-LeaderElection73] INFO  server.RaftServerConfigKeys (ConfUtils.java:logGet(44)) - raft.server.watch.element-limit = 65536 (default)
2022-02-24 16:56:50,003 [2a15bd7e-7896-4db0-9e08-f7464bcd33ee@group-CA206D264F63-LeaderElection73] INFO  server.RaftServerConfigKeys (ConfUtils.java:logGet(44)) - raft.server.write.element-limit = 1024 (custom)
2022-02-24 16:56:50,003 [2a15bd7e-7896-4db0-9e08-f7464bcd33ee@group-CA206D264F63-LeaderElection73] INFO  server.RaftServerConfigKeys (ConfUtils.java:logGet(44)) - raft.server.write.follower.gap.ratio.max = -1.0 (default)
2022-02-24 16:56:50,003 [2a15bd7e-7896-4db0-9e08-f7464bcd33ee@group-CA206D264F63-LeaderElection73] INFO  server.RaftServerConfigKeys (ConfUtils.java:logGet(44)) - raft.server.log.appender.snapshot.chunk.size.max = 16MB (=16777216) (default)
2022-02-24 16:56:50,004 [2a15bd7e-7896-4db0-9e08-f7464bcd33ee@group-CA206D264F63-LeaderElection73] INFO  server.RaftServerConfigKeys (ConfUtils.java:logGet(44)) - raft.server.log.appender.buffer.byte-limit = 33554432 (custom)
2022-02-24 16:56:50,004 [2a15bd7e-7896-4db0-9e08-f7464bcd33ee@group-CA206D264F63-LeaderElection73] INFO  server.RaftServerConfigKeys (ConfUtils.java:logGet(44)) - raft.server.log.appender.buffer.element-limit = 1 (custom)
2022-02-24 16:56:50,004 [2a15bd7e-7896-4db0-9e08-f7464bcd33ee@group-CA206D264F63-LeaderElection73] INFO  grpc.GrpcConfigKeys (ConfUtils.java:logGet(44)) - raft.grpc.server.leader.outstanding.appends.max = 128 (default)
2022-02-24 16:56:50,004 [2a15bd7e-7896-4db0-9e08-f7464bcd33ee@group-CA206D264F63-LeaderElection73] INFO  server.RaftServerConfigKeys (ConfUtils.java:logGet(44)) - raft.server.rpc.request.timeout = 3000ms (default)
2022-02-24 16:56:50,004 [2a15bd7e-7896-4db0-9e08-f7464bcd33ee@group-CA206D264F63-LeaderElection73] INFO  server.RaftServerConfigKeys (ConfUtils.java:logGet(44)) - raft.server.log.appender.install.snapshot.enabled = false (custom)
2022-02-24 16:56:50,005 [2a15bd7e-7896-4db0-9e08-f7464bcd33ee@group-CA206D264F63-LeaderElection73] INFO  server.RaftServerConfigKeys (ConfUtils.java:logGet(44)) - raft.server.log.appender.snapshot.chunk.size.max = 16MB (=16777216) (default)
2022-02-24 16:56:50,005 [2a15bd7e-7896-4db0-9e08-f7464bcd33ee@group-CA206D264F63-LeaderElection73] INFO  server.RaftServerConfigKeys (ConfUtils.java:logGet(44)) - raft.server.log.appender.buffer.byte-limit = 33554432 (custom)
2022-02-24 16:56:50,005 [2a15bd7e-7896-4db0-9e08-f7464bcd33ee@group-CA206D264F63-LeaderElection73] INFO  server.RaftServerConfigKeys (ConfUtils.java:logGet(44)) - raft.server.log.appender.buffer.element-limit = 1 (custom)
2022-02-24 16:56:50,005 [2a15bd7e-7896-4db0-9e08-f7464bcd33ee@group-CA206D264F63-LeaderElection73] INFO  grpc.GrpcConfigKeys (ConfUtils.java:logGet(44)) - raft.grpc.server.leader.outstanding.appends.max = 128 (default)
2022-02-24 16:56:50,005 [2a15bd7e-7896-4db0-9e08-f7464bcd33ee@group-CA206D264F63-LeaderElection73] INFO  server.RaftServerConfigKeys (ConfUtils.java:logGet(44)) - raft.server.rpc.request.timeout = 3000ms (default)
2022-02-24 16:56:50,005 [2a15bd7e-7896-4db0-9e08-f7464bcd33ee@group-CA206D264F63-LeaderElection73] INFO  server.RaftServerConfigKeys (ConfUtils.java:logGet(44)) - raft.server.log.appender.install.snapshot.enabled = false (custom)
2022-02-24 16:56:50,006 [2a15bd7e-7896-4db0-9e08-f7464bcd33ee@group-CA206D264F63-LeaderElection73] INFO  impl.RoleInfo (RoleInfo.java:updateAndGet(130)) - 2a15bd7e-7896-4db0-9e08-f7464bcd33ee: start 2a15bd7e-7896-4db0-9e08-f7464bcd33ee@group-CA206D264F63-LeaderStateImpl
2022-02-24 16:56:50,006 [2a15bd7e-7896-4db0-9e08-f7464bcd33ee@group-CA206D264F63-LeaderElection73] INFO  segmented.SegmentedRaftLogWorker (SegmentedRaftLogWorker.java:startLogSegment(394)) - 2a15bd7e-7896-4db0-9e08-f7464bcd33ee@group-CA206D264F63-SegmentedRaftLogWorker: Starting segment from index:0
2022-02-24 16:56:50,008 [2a15bd7e-7896-4db0-9e08-f7464bcd33ee@group-CA206D264F63-SegmentedRaftLogWorker] INFO  segmented.SegmentedRaftLogWorker (SegmentedRaftLogWorker.java:execute(601)) - 2a15bd7e-7896-4db0-9e08-f7464bcd33ee@group-CA206D264F63-SegmentedRaftLogWorker: created new log segment /home/runner/work/ozone/ozone/hadoop-ozone/integration-test/target/test-dir/MiniOzoneClusterImpl-a9e0dedd-d836-4895-9472-52c2256152d3/datanode-2/data/ratis/a109b66f-d9f5-4f13-88ed-ca206d264f63/current/log_inprogress_0
2022-02-24 16:56:50,031 [grpc-default-executor-6] WARN  server.GrpcLogAppender (LogUtils.java:warn(122)) - 2a15bd7e-7896-4db0-9e08-f7464bcd33ee@group-CA206D264F63->cf3a7bfa-0a59-4cf0-978b-44f71b96abbc-AppendLogResponseHandler: Failed appendEntries: org.apache.ratis.thirdparty.io.grpc.StatusRuntimeException: UNAVAILABLE: io exception
2022-02-24 16:56:50,032 [grpc-default-executor-6] WARN  server.GrpcLogAppender (GrpcLogAppender.java:resetClient(110)) - 2a15bd7e-7896-4db0-9e08-f7464bcd33ee@group-CA206D264F63->cf3a7bfa-0a59-4cf0-978b-44f71b96abbc-GrpcLogAppender: Leader has not got in touch with Follower 2a15bd7e-7896-4db0-9e08-f7464bcd33ee@group-CA206D264F63->cf3a7bfa-0a59-4cf0-978b-44f71b96abbc(c-1,m0,n0, attendVote=true, lastRpcSendTime=5228, lastRpcResponseTime=5228) yet, just keep nextIndex unchanged and retry.
2022-02-24 16:56:50,034 [grpc-default-executor-6] WARN  server.GrpcLogAppender (LogUtils.java:warn(122)) - 2a15bd7e-7896-4db0-9e08-f7464bcd33ee@group-CA206D264F63->cf3a7bfa-0a59-4cf0-978b-44f71b96abbc-AppendLogResponseHandler: Failed appendEntries: org.apache.ratis.thirdparty.io.grpc.StatusRuntimeException: UNAVAILABLE: io exception
2022-02-24 16:56:50,035 [grpc-default-executor-6] WARN  server.GrpcLogAppender (GrpcLogAppender.java:resetClient(110)) - 2a15bd7e-7896-4db0-9e08-f7464bcd33ee@group-CA206D264F63->cf3a7bfa-0a59-4cf0-978b-44f71b96abbc-GrpcLogAppender: Leader has not got in touch with Follower 2a15bd7e-7896-4db0-9e08-f7464bcd33ee@group-CA206D264F63->cf3a7bfa-0a59-4cf0-978b-44f71b96abbc(c-1,m0,n1, attendVote=true, lastRpcSendTime=3, lastRpcResponseTime=5231) yet, just keep nextIndex unchanged and retry.
2022-02-24 16:56:50,073 [2a15bd7e-7896-4db0-9e08-f7464bcd33ee@group-CA206D264F63-LeaderElection73] INFO  server.RaftServer$Division (ServerState.java:setRaftConf(387)) - 2a15bd7e-7896-4db0-9e08-f7464bcd33ee@group-CA206D264F63: set configuration 0: [b07270f0-c5b1-4afe-99f3-aa5758d6ba5c|rpc:10.1.0.37:45647|dataStream:|priority:0, cf3a7bfa-0a59-4cf0-978b-44f71b96abbc|rpc:10.1.0.37:40183|dataStream:|priority:1, 2a15bd7e-7896-4db0-9e08-f7464bcd33ee|rpc:10.1.0.37:41995|dataStream:|priority:0], old=null
2022-02-24 16:56:50,087 [grpc-default-executor-6] INFO  ratis.XceiverServerRatis (XceiverServerRatis.java:handleLeaderChangedNotification(867)) - Leader change notification received for group: group-CA206D264F63 with new leaderId: 2a15bd7e-7896-4db0-9e08-f7464bcd33ee
2022-02-24 16:56:50,087 [grpc-default-executor-6] INFO  server.RaftServer$Division (ServerState.java:setLeader(285)) - b07270f0-c5b1-4afe-99f3-aa5758d6ba5c@group-CA206D264F63: change Leader from null to 2a15bd7e-7896-4db0-9e08-f7464bcd33ee at term 1 for appendEntries, leader elected after 5107ms
2022-02-24 16:56:50,117 [grpc-default-executor-6] INFO  server.RaftServer$Division (ServerState.java:setRaftConf(387)) - b07270f0-c5b1-4afe-99f3-aa5758d6ba5c@group-CA206D264F63: set configuration 0: [b07270f0-c5b1-4afe-99f3-aa5758d6ba5c|rpc:10.1.0.37:45647|dataStream:|priority:0, cf3a7bfa-0a59-4cf0-978b-44f71b96abbc|rpc:10.1.0.37:40183|dataStream:|priority:1, 2a15bd7e-7896-4db0-9e08-f7464bcd33ee|rpc:10.1.0.37:41995|dataStream:|priority:0], old=null
2022-02-24 16:56:50,117 [grpc-default-executor-6] INFO  segmented.SegmentedRaftLogWorker (SegmentedRaftLogWorker.java:startLogSegment(394)) - b07270f0-c5b1-4afe-99f3-aa5758d6ba5c@group-CA206D264F63-SegmentedRaftLogWorker: Starting segment from index:0
2022-02-24 16:56:50,165 [b07270f0-c5b1-4afe-99f3-aa5758d6ba5c@group-CA206D264F63-SegmentedRaftLogWorker] INFO  segmented.SegmentedRaftLogWorker (SegmentedRaftLogWorker.java:execute(601)) - b07270f0-c5b1-4afe-99f3-aa5758d6ba5c@group-CA206D264F63-SegmentedRaftLogWorker: created new log segment /home/runner/work/ozone/ozone/hadoop-ozone/integration-test/target/test-dir/MiniOzoneClusterImpl-a9e0dedd-d836-4895-9472-52c2256152d3/datanode-0/data/ratis/a109b66f-d9f5-4f13-88ed-ca206d264f63/current/log_inprogress_0
2022-02-24 16:56:50,212 [b07270f0-c5b1-4afe-99f3-aa5758d6ba5c@group-A8F55BFD1212-FollowerState] INFO  impl.FollowerState (FollowerState.java:run(134)) - b07270f0-c5b1-4afe-99f3-aa5758d6ba5c@group-A8F55BFD1212-FollowerState: change to CANDIDATE, lastRpcElapsedTime:5123268513ns, electionTimeout:5101ms
2022-02-24 16:56:50,212 [b07270f0-c5b1-4afe-99f3-aa5758d6ba5c@group-A8F55BFD1212-FollowerState] INFO  impl.RoleInfo (RoleInfo.java:shutdownFollowerState(108)) - b07270f0-c5b1-4afe-99f3-aa5758d6ba5c: shutdown b07270f0-c5b1-4afe-99f3-aa5758d6ba5c@group-A8F55BFD1212-FollowerState
2022-02-24 16:56:50,212 [b07270f0-c5b1-4afe-99f3-aa5758d6ba5c@group-A8F55BFD1212-FollowerState] INFO  server.RaftServer$Division (RaftServerImpl.java:setRole(290)) - b07270f0-c5b1-4afe-99f3-aa5758d6ba5c@group-A8F55BFD1212: changes role from  FOLLOWER to CANDIDATE at term 0 for changeToCandidate
2022-02-24 16:56:50,212 [b07270f0-c5b1-4afe-99f3-aa5758d6ba5c@group-A8F55BFD1212-FollowerState] INFO  server.RaftServerConfigKeys (ConfUtils.java:logGet(44)) - raft.server.leaderelection.pre-vote = false (custom)
2022-02-24 16:56:50,212 [b07270f0-c5b1-4afe-99f3-aa5758d6ba5c@group-A8F55BFD1212-FollowerState] INFO  impl.RoleInfo (RoleInfo.java:updateAndGet(130)) - b07270f0-c5b1-4afe-99f3-aa5758d6ba5c: start b07270f0-c5b1-4afe-99f3-aa5758d6ba5c@group-A8F55BFD1212-LeaderElection74
2022-02-24 16:56:50,238 [2a15bd7e-7896-4db0-9e08-f7464bcd33ee@group-A8F55BFD1212-FollowerState] INFO  impl.FollowerState (FollowerState.java:run(134)) - 2a15bd7e-7896-4db0-9e08-f7464bcd33ee@group-A8F55BFD1212-FollowerState: change to CANDIDATE, lastRpcElapsedTime:5124201917ns, electionTimeout:5115ms
2022-02-24 16:56:50,239 [2a15bd7e-7896-4db0-9e08-f7464bcd33ee@group-A8F55BFD1212-FollowerState] INFO  impl.RoleInfo (RoleInfo.java:shutdownFollowerState(108)) - 2a15bd7e-7896-4db0-9e08-f7464bcd33ee: shutdown 2a15bd7e-7896-4db0-9e08-f7464bcd33ee@group-A8F55BFD1212-FollowerState
2022-02-24 16:56:50,239 [2a15bd7e-7896-4db0-9e08-f7464bcd33ee@group-A8F55BFD1212-FollowerState] INFO  server.RaftServer$Division (RaftServerImpl.java:setRole(290)) - 2a15bd7e-7896-4db0-9e08-f7464bcd33ee@group-A8F55BFD1212: changes role from  FOLLOWER to CANDIDATE at term 0 for changeToCandidate
2022-02-24 16:56:50,239 [2a15bd7e-7896-4db0-9e08-f7464bcd33ee@group-A8F55BFD1212-FollowerState] INFO  server.RaftServerConfigKeys (ConfUtils.java:logGet(44)) - raft.server.leaderelection.pre-vote = false (custom)
2022-02-24 16:56:50,239 [2a15bd7e-7896-4db0-9e08-f7464bcd33ee@group-A8F55BFD1212-FollowerState] INFO  impl.RoleInfo (RoleInfo.java:updateAndGet(130)) - 2a15bd7e-7896-4db0-9e08-f7464bcd33ee: start 2a15bd7e-7896-4db0-9e08-f7464bcd33ee@group-A8F55BFD1212-LeaderElection75
2022-02-24 16:56:50,264 [b07270f0-c5b1-4afe-99f3-aa5758d6ba5c@group-A8F55BFD1212-LeaderElection74] INFO  impl.LeaderElection (LeaderElection.java:askForVotes(306)) - b07270f0-c5b1-4afe-99f3-aa5758d6ba5c@group-A8F55BFD1212-LeaderElection74 ELECTION round 0: submit vote requests at term 1 for -1: [b07270f0-c5b1-4afe-99f3-aa5758d6ba5c|rpc:10.1.0.37:45647|priority:0, 6b991a1f-9e77-4b13-a483-fcde5672bd4a|rpc:10.1.0.37:38289|priority:1, 2a15bd7e-7896-4db0-9e08-f7464bcd33ee|rpc:10.1.0.37:41995|priority:0], old=null
2022-02-24 16:56:50,278 [6b991a1f-9e77-4b13-a483-fcde5672bd4a@group-A8F55BFD1212-FollowerState] INFO  impl.FollowerState (FollowerState.java:run(134)) - 6b991a1f-9e77-4b13-a483-fcde5672bd4a@group-A8F55BFD1212-FollowerState: change to CANDIDATE, lastRpcElapsedTime:5066325613ns, electionTimeout:5063ms
2022-02-24 16:56:50,279 [6b991a1f-9e77-4b13-a483-fcde5672bd4a@group-A8F55BFD1212-FollowerState] INFO  impl.RoleInfo (RoleInfo.java:shutdownFollowerState(108)) - 6b991a1f-9e77-4b13-a483-fcde5672bd4a: shutdown 6b991a1f-9e77-4b13-a483-fcde5672bd4a@group-A8F55BFD1212-FollowerState
2022-02-24 16:56:50,279 [6b991a1f-9e77-4b13-a483-fcde5672bd4a@group-A8F55BFD1212-FollowerState] INFO  server.RaftServer$Division (RaftServerImpl.java:setRole(290)) - 6b991a1f-9e77-4b13-a483-fcde5672bd4a@group-A8F55BFD1212: changes role from  FOLLOWER to CANDIDATE at term 0 for changeToCandidate
2022-02-24 16:56:50,283 [grpc-default-executor-6] INFO  server.RaftServer$Division (RaftServerImpl.java:requestVote(1046)) - 6b991a1f-9e77-4b13-a483-fcde5672bd4a@group-A8F55BFD1212: receive requestVote(ELECTION, b07270f0-c5b1-4afe-99f3-aa5758d6ba5c, group-A8F55BFD1212, 1, (t:0, i:0))
2022-02-24 16:56:50,294 [grpc-default-executor-5] INFO  server.RaftServer$Division (RaftServerImpl.java:requestVote(1046)) - 2a15bd7e-7896-4db0-9e08-f7464bcd33ee@group-A8F55BFD1212: receive requestVote(ELECTION, b07270f0-c5b1-4afe-99f3-aa5758d6ba5c, group-A8F55BFD1212, 1, (t:0, i:0))
2022-02-24 16:56:50,304 [6b991a1f-9e77-4b13-a483-fcde5672bd4a@group-A8F55BFD1212-FollowerState] INFO  server.RaftServerConfigKeys (ConfUtils.java:logGet(44)) - raft.server.leaderelection.pre-vote = false (custom)
2022-02-24 16:56:50,304 [6b991a1f-9e77-4b13-a483-fcde5672bd4a@group-A8F55BFD1212-FollowerState] INFO  impl.RoleInfo (RoleInfo.java:updateAndGet(130)) - 6b991a1f-9e77-4b13-a483-fcde5672bd4a: start 6b991a1f-9e77-4b13-a483-fcde5672bd4a@group-A8F55BFD1212-LeaderElection76
2022-02-24 16:56:50,304 [grpc-default-executor-5] INFO  impl.VoteContext (VoteContext.java:log(48)) - 2a15bd7e-7896-4db0-9e08-f7464bcd33ee@group-A8F55BFD1212-CANDIDATE: accept ELECTION from b07270f0-c5b1-4afe-99f3-aa5758d6ba5c: our priority 0 <= candidate's priority 0
2022-02-24 16:56:50,304 [grpc-default-executor-5] INFO  server.RaftServer$Division (RaftServerImpl.java:setRole(290)) - 2a15bd7e-7896-4db0-9e08-f7464bcd33ee@group-A8F55BFD1212: changes role from CANDIDATE to FOLLOWER at term 1 for candidate:b07270f0-c5b1-4afe-99f3-aa5758d6ba5c
2022-02-24 16:56:50,304 [grpc-default-executor-5] INFO  impl.RoleInfo (RoleInfo.java:shutdownLeaderElection(121)) - 2a15bd7e-7896-4db0-9e08-f7464bcd33ee: shutdown 2a15bd7e-7896-4db0-9e08-f7464bcd33ee@group-A8F55BFD1212-LeaderElection75
2022-02-24 16:56:50,304 [grpc-default-executor-5] INFO  impl.RoleInfo (RoleInfo.java:updateAndGet(130)) - 2a15bd7e-7896-4db0-9e08-f7464bcd33ee: start 2a15bd7e-7896-4db0-9e08-f7464bcd33ee@group-A8F55BFD1212-FollowerState
2022-02-24 16:56:50,304 [grpc-default-executor-6] INFO  impl.VoteContext (VoteContext.java:log(48)) - 6b991a1f-9e77-4b13-a483-fcde5672bd4a@group-A8F55BFD1212-CANDIDATE: reject ELECTION from b07270f0-c5b1-4afe-99f3-aa5758d6ba5c: our priority 1 > candidate's priority 0
2022-02-24 16:56:50,304 [grpc-default-executor-6] INFO  server.RaftServer$Division (RaftServerImpl.java:setRole(290)) - 6b991a1f-9e77-4b13-a483-fcde5672bd4a@group-A8F55BFD1212: changes role from CANDIDATE to FOLLOWER at term 1 for candidate:b07270f0-c5b1-4afe-99f3-aa5758d6ba5c
2022-02-24 16:56:50,304 [grpc-default-executor-6] INFO  impl.RoleInfo (RoleInfo.java:shutdownLeaderElection(121)) - 6b991a1f-9e77-4b13-a483-fcde5672bd4a: shutdown 6b991a1f-9e77-4b13-a483-fcde5672bd4a@group-A8F55BFD1212-LeaderElection76
2022-02-24 16:56:50,304 [grpc-default-executor-6] INFO  impl.RoleInfo (RoleInfo.java:updateAndGet(130)) - 6b991a1f-9e77-4b13-a483-fcde5672bd4a: start 6b991a1f-9e77-4b13-a483-fcde5672bd4a@group-A8F55BFD1212-FollowerState
2022-02-24 16:56:50,305 [6b991a1f-9e77-4b13-a483-fcde5672bd4a@group-A8F55BFD1212-LeaderElection76] INFO  impl.LeaderElection (LeaderElection.java:run(230)) - 6b991a1f-9e77-4b13-a483-fcde5672bd4a@group-A8F55BFD1212-LeaderElection76: skip running since this is already CLOSING
2022-02-24 16:56:50,311 [grpc-default-executor-5] INFO  server.RaftServer$Division (RaftServerImpl.java:requestVote(1078)) - 2a15bd7e-7896-4db0-9e08-f7464bcd33ee@group-A8F55BFD1212 replies to ELECTION vote request: b07270f0-c5b1-4afe-99f3-aa5758d6ba5c<-2a15bd7e-7896-4db0-9e08-f7464bcd33ee#0:OK-t1. Peer's state: 2a15bd7e-7896-4db0-9e08-f7464bcd33ee@group-A8F55BFD1212:t1, leader=null, voted=b07270f0-c5b1-4afe-99f3-aa5758d6ba5c, raftlog=2a15bd7e-7896-4db0-9e08-f7464bcd33ee@group-A8F55BFD1212-SegmentedRaftLog:OPENED:c-1, conf=-1: [b07270f0-c5b1-4afe-99f3-aa5758d6ba5c|rpc:10.1.0.37:45647|priority:0, 6b991a1f-9e77-4b13-a483-fcde5672bd4a|rpc:10.1.0.37:38289|priority:1, 2a15bd7e-7896-4db0-9e08-f7464bcd33ee|rpc:10.1.0.37:41995|priority:0], old=null
2022-02-24 16:56:50,315 [grpc-default-executor-6] INFO  server.RaftServer$Division (RaftServerImpl.java:requestVote(1078)) - 6b991a1f-9e77-4b13-a483-fcde5672bd4a@group-A8F55BFD1212 replies to ELECTION vote request: b07270f0-c5b1-4afe-99f3-aa5758d6ba5c<-6b991a1f-9e77-4b13-a483-fcde5672bd4a#0:FAIL-t1. Peer's state: 6b991a1f-9e77-4b13-a483-fcde5672bd4a@group-A8F55BFD1212:t1, leader=null, voted=null, raftlog=6b991a1f-9e77-4b13-a483-fcde5672bd4a@group-A8F55BFD1212-SegmentedRaftLog:OPENED:c-1, conf=-1: [b07270f0-c5b1-4afe-99f3-aa5758d6ba5c|rpc:10.1.0.37:45647|priority:0, 6b991a1f-9e77-4b13-a483-fcde5672bd4a|rpc:10.1.0.37:38289|priority:1, 2a15bd7e-7896-4db0-9e08-f7464bcd33ee|rpc:10.1.0.37:41995|priority:0], old=null
2022-02-24 16:56:50,317 [b07270f0-c5b1-4afe-99f3-aa5758d6ba5c@group-A8F55BFD1212-LeaderElection74] INFO  impl.LeaderElection (LeaderElection.java:logAndReturn(89)) - b07270f0-c5b1-4afe-99f3-aa5758d6ba5c@group-A8F55BFD1212-LeaderElection74: ELECTION REJECTED received 2 response(s) and 0 exception(s):
2022-02-24 16:56:50,317 [b07270f0-c5b1-4afe-99f3-aa5758d6ba5c@group-A8F55BFD1212-LeaderElection74] INFO  impl.LeaderElection (LeaderElection.java:logAndReturn(93)) -   Response 0: b07270f0-c5b1-4afe-99f3-aa5758d6ba5c<-6b991a1f-9e77-4b13-a483-fcde5672bd4a#0:FAIL-t1
2022-02-24 16:56:50,317 [b07270f0-c5b1-4afe-99f3-aa5758d6ba5c@group-A8F55BFD1212-LeaderElection74] INFO  impl.LeaderElection (LeaderElection.java:logAndReturn(93)) -   Response 1: b07270f0-c5b1-4afe-99f3-aa5758d6ba5c<-2a15bd7e-7896-4db0-9e08-f7464bcd33ee#0:OK-t1
2022-02-24 16:56:50,317 [b07270f0-c5b1-4afe-99f3-aa5758d6ba5c@group-A8F55BFD1212-LeaderElection74] INFO  impl.LeaderElection (LeaderElection.java:askForVotes(308)) - b07270f0-c5b1-4afe-99f3-aa5758d6ba5c@group-A8F55BFD1212-LeaderElection74 ELECTION round 0: result REJECTED
2022-02-24 16:56:50,317 [b07270f0-c5b1-4afe-99f3-aa5758d6ba5c@group-A8F55BFD1212-LeaderElection74] INFO  server.RaftServer$Division (RaftServerImpl.java:setRole(290)) - b07270f0-c5b1-4afe-99f3-aa5758d6ba5c@group-A8F55BFD1212: changes role from CANDIDATE to FOLLOWER at term 1 for REJECTED
2022-02-24 16:56:50,317 [b07270f0-c5b1-4afe-99f3-aa5758d6ba5c@group-A8F55BFD1212-LeaderElection74] INFO  impl.RoleInfo (RoleInfo.java:shutdownLeaderElection(121)) - b07270f0-c5b1-4afe-99f3-aa5758d6ba5c: shutdown b07270f0-c5b1-4afe-99f3-aa5758d6ba5c@group-A8F55BFD1212-LeaderElection74
2022-02-24 16:56:50,317 [b07270f0-c5b1-4afe-99f3-aa5758d6ba5c@group-A8F55BFD1212-LeaderElection74] INFO  impl.RoleInfo (RoleInfo.java:updateAndGet(130)) - b07270f0-c5b1-4afe-99f3-aa5758d6ba5c: start b07270f0-c5b1-4afe-99f3-aa5758d6ba5c@group-A8F55BFD1212-FollowerState
2022-02-24 16:56:51,409 [grpc-default-executor-5] WARN  server.GrpcLogAppender (LogUtils.java:warn(122)) - 37eb1d61-39bb-4850-ab96-a7546aa7d2af@group-05E598691DA2->6aa02a95-f8ab-442c-9ba0-fd232060c81a-AppendLogResponseHandler: Failed appendEntries: org.apache.ratis.thirdparty.io.grpc.StatusRuntimeException: UNAVAILABLE: io exception
2022-02-24 16:56:51,410 [grpc-default-executor-5] WARN  server.GrpcLogAppender (GrpcLogAppender.java:resetClient(110)) - 37eb1d61-39bb-4850-ab96-a7546aa7d2af@group-05E598691DA2->6aa02a95-f8ab-442c-9ba0-fd232060c81a-GrpcLogAppender: Leader has not got in touch with Follower 37eb1d61-39bb-4850-ab96-a7546aa7d2af@group-05E598691DA2->6aa02a95-f8ab-442c-9ba0-fd232060c81a(c0,m0,n1, attendVote=true, lastRpcSendTime=2519, lastRpcResponseTime=2512) yet, just keep nextIndex unchanged and retry.
2022-02-24 16:56:51,418 [grpc-default-executor-6] WARN  server.GrpcLogAppender (LogUtils.java:warn(122)) - 2ccab0b5-4479-416a-9931-5373164cc31d@group-00F5C2898BFA->6aa02a95-f8ab-442c-9ba0-fd232060c81a-AppendLogResponseHandler: Failed appendEntries: org.apache.ratis.thirdparty.io.grpc.StatusRuntimeException: UNAVAILABLE: io exception
2022-02-24 16:56:51,418 [grpc-default-executor-6] WARN  server.GrpcLogAppender (GrpcLogAppender.java:resetClient(110)) - 2ccab0b5-4479-416a-9931-5373164cc31d@group-00F5C2898BFA->6aa02a95-f8ab-442c-9ba0-fd232060c81a-GrpcLogAppender: Leader has not got in touch with Follower 2ccab0b5-4479-416a-9931-5373164cc31d@group-00F5C2898BFA->6aa02a95-f8ab-442c-9ba0-fd232060c81a(c0,m0,n1, attendVote=true, lastRpcSendTime=0, lastRpcResponseTime=2509) yet, just keep nextIndex unchanged and retry.
2022-02-24 16:56:51,829 [ForkJoinPool.commonPool-worker-0] INFO  utils.BackgroundService (BackgroundService.java:shutdown(132)) - Shutting down service BlockDeletingService
2022-02-24 16:56:51,924 [Listener at 127.0.0.1/44987] INFO  utils.BackgroundService (BackgroundService.java:shutdown(132)) - Shutting down service BlockDeletingService
2022-02-24 16:56:52,561 [grpc-default-executor-6] WARN  server.GrpcLogAppender (LogUtils.java:warn(122)) - 2a15bd7e-7896-4db0-9e08-f7464bcd33ee@group-CA206D264F63->cf3a7bfa-0a59-4cf0-978b-44f71b96abbc-AppendLogResponseHandler: Failed appendEntries: org.apache.ratis.thirdparty.io.grpc.StatusRuntimeException: UNAVAILABLE: io exception
2022-02-24 16:56:52,562 [grpc-default-executor-6] WARN  server.GrpcLogAppender (GrpcLogAppender.java:resetClient(110)) - 2a15bd7e-7896-4db0-9e08-f7464bcd33ee@group-CA206D264F63->cf3a7bfa-0a59-4cf0-978b-44f71b96abbc-GrpcLogAppender: Leader has not got in touch with Follower 2a15bd7e-7896-4db0-9e08-f7464bcd33ee@group-CA206D264F63->cf3a7bfa-0a59-4cf0-978b-44f71b96abbc(c-1,m0,n1, attendVote=true, lastRpcSendTime=2527, lastRpcResponseTime=7758) yet, just keep nextIndex unchanged and retry.
2022-02-24 16:56:53,931 [grpc-default-executor-5] WARN  server.GrpcLogAppender (LogUtils.java:warn(122)) - 2ccab0b5-4479-416a-9931-5373164cc31d@group-00F5C2898BFA->6aa02a95-f8ab-442c-9ba0-fd232060c81a-AppendLogResponseHandler: Failed appendEntries: org.apache.ratis.thirdparty.io.grpc.StatusRuntimeException: UNAVAILABLE: io exception
2022-02-24 16:56:53,931 [grpc-default-executor-5] WARN  server.GrpcLogAppender (GrpcLogAppender.java:resetClient(110)) - 2ccab0b5-4479-416a-9931-5373164cc31d@group-00F5C2898BFA->6aa02a95-f8ab-442c-9ba0-fd232060c81a-GrpcLogAppender: Leader has not got in touch with Follower 2ccab0b5-4479-416a-9931-5373164cc31d@group-00F5C2898BFA->6aa02a95-f8ab-442c-9ba0-fd232060c81a(c0,m0,n1, attendVote=true, lastRpcSendTime=2513, lastRpcResponseTime=5021) yet, just keep nextIndex unchanged and retry.
2022-02-24 16:56:53,934 [grpc-default-executor-6] WARN  server.GrpcLogAppender (LogUtils.java:warn(122)) - 37eb1d61-39bb-4850-ab96-a7546aa7d2af@group-05E598691DA2->6aa02a95-f8ab-442c-9ba0-fd232060c81a-AppendLogResponseHandler: Failed appendEntries: org.apache.ratis.thirdparty.io.grpc.StatusRuntimeException: UNAVAILABLE: io exception
2022-02-24 16:56:53,936 [grpc-default-executor-6] WARN  server.GrpcLogAppender (GrpcLogAppender.java:resetClient(110)) - 37eb1d61-39bb-4850-ab96-a7546aa7d2af@group-05E598691DA2->6aa02a95-f8ab-442c-9ba0-fd232060c81a-GrpcLogAppender: Leader has not got in touch with Follower 37eb1d61-39bb-4850-ab96-a7546aa7d2af@group-05E598691DA2->6aa02a95-f8ab-442c-9ba0-fd232060c81a(c0,m0,n1, attendVote=true, lastRpcSendTime=2507, lastRpcResponseTime=5038) yet, just keep nextIndex unchanged and retry.
2022-02-24 16:56:54,536 [EventQueue-StaleNodeForStaleNodeHandler] INFO  node.StaleNodeHandler (StaleNodeHandler.java:onMessage(58)) - Datanode 6aa02a95-f8ab-442c-9ba0-fd232060c81a{ip: 10.1.0.37, host: fv-az59-243.csjynl4pkq3e1pkirw3ssqjfoh.cx.internal.cloudapp.net, ports: [REPLICATION=40825, RATIS=41563, RATIS_ADMIN=41563, RATIS_SERVER=41563, STANDALONE=35321], networkLocation: /default-rack, certSerialId: null, persistedOpState: IN_SERVICE, persistedOpStateExpiryEpochSec: 0} moved to stale state. Finalizing its pipelines [PipelineID=15da9b58-d72e-47f2-bbe2-d1bf1db2ea83, PipelineID=31d398e6-9b90-466b-8763-05e598691da2, PipelineID=cb254f30-eede-410a-88df-00f5c2898bfa, PipelineID=86cbf4e9-b0db-4937-96de-56b0a5bd8601]
2022-02-24 16:56:54,540 [b07270f0-c5b1-4afe-99f3-aa5758d6ba5c@group-D784B15B949E-FollowerState] INFO  impl.FollowerState (FollowerState.java:run(134)) - b07270f0-c5b1-4afe-99f3-aa5758d6ba5c@group-D784B15B949E-FollowerState: change to CANDIDATE, lastRpcElapsedTime:5056339366ns, electionTimeout:5045ms
2022-02-24 16:56:54,562 [b07270f0-c5b1-4afe-99f3-aa5758d6ba5c@group-D784B15B949E-FollowerState] INFO  impl.RoleInfo (RoleInfo.java:shutdownFollowerState(108)) - b07270f0-c5b1-4afe-99f3-aa5758d6ba5c: shutdown b07270f0-c5b1-4afe-99f3-aa5758d6ba5c@group-D784B15B949E-FollowerState
2022-02-24 16:56:54,562 [b07270f0-c5b1-4afe-99f3-aa5758d6ba5c@group-D784B15B949E-FollowerState] INFO  server.RaftServer$Division (RaftServerImpl.java:setRole(290)) - b07270f0-c5b1-4afe-99f3-aa5758d6ba5c@group-D784B15B949E: changes role from  FOLLOWER to CANDIDATE at term 1 for changeToCandidate
2022-02-24 16:56:54,562 [b07270f0-c5b1-4afe-99f3-aa5758d6ba5c@group-D784B15B949E-FollowerState] INFO  server.RaftServerConfigKeys (ConfUtils.java:logGet(44)) - raft.server.leaderelection.pre-vote = false (custom)
2022-02-24 16:56:54,562 [b07270f0-c5b1-4afe-99f3-aa5758d6ba5c@group-D784B15B949E-FollowerState] INFO  impl.RoleInfo (RoleInfo.java:updateAndGet(130)) - b07270f0-c5b1-4afe-99f3-aa5758d6ba5c: start b07270f0-c5b1-4afe-99f3-aa5758d6ba5c@group-D784B15B949E-LeaderElection77
2022-02-24 16:56:54,563 [EventQueue-StaleNodeForStaleNodeHandler] INFO  pipeline.PipelineManagerImpl (PipelineManagerImpl.java:closePipeline(365)) - Pipeline Pipeline[ Id: 15da9b58-d72e-47f2-bbe2-d1bf1db2ea83, Nodes: 6aa02a95-f8ab-442c-9ba0-fd232060c81a{ip: 10.1.0.37, host: fv-az59-243.csjynl4pkq3e1pkirw3ssqjfoh.cx.internal.cloudapp.net, ports: [REPLICATION=40825, RATIS=41563, RATIS_ADMIN=41563, RATIS_SERVER=41563, STANDALONE=35321], networkLocation: /default-rack, certSerialId: null, persistedOpState: IN_SERVICE, persistedOpStateExpiryEpochSec: 0}37eb1d61-39bb-4850-ab96-a7546aa7d2af{ip: 10.1.0.37, host: fv-az59-243.csjynl4pkq3e1pkirw3ssqjfoh.cx.internal.cloudapp.net, ports: [REPLICATION=45025, RATIS=34927, RATIS_ADMIN=34927, RATIS_SERVER=34927, STANDALONE=33481], networkLocation: /default-rack, certSerialId: null, persistedOpState: IN_SERVICE, persistedOpStateExpiryEpochSec: 0}2ccab0b5-4479-416a-9931-5373164cc31d{ip: 10.1.0.37, host: fv-az59-243.csjynl4pkq3e1pkirw3ssqjfoh.cx.internal.cloudapp.net, ports: [REPLICATION=38827, RATIS=41069, RATIS_ADMIN=41069, RATIS_SERVER=41069, STANDALONE=35309], networkLocation: /default-rack, certSerialId: null, persistedOpState: IN_SERVICE, persistedOpStateExpiryEpochSec: 0}, ReplicationConfig: RATIS/THREE, State:OPEN, leaderId:6aa02a95-f8ab-442c-9ba0-fd232060c81a, CreationTimestamp2022-02-24T16:55:48.180Z[Etc/UTC]] moved to CLOSED state
2022-02-24 16:56:54,566 [EventQueue-StaleNodeForStaleNodeHandler] INFO  pipeline.PipelineManagerImpl (PipelineManagerImpl.java:closePipeline(365)) - Pipeline Pipeline[ Id: 31d398e6-9b90-466b-8763-05e598691da2, Nodes: 6aa02a95-f8ab-442c-9ba0-fd232060c81a{ip: 10.1.0.37, host: fv-az59-243.csjynl4pkq3e1pkirw3ssqjfoh.cx.internal.cloudapp.net, ports: [REPLICATION=40825, RATIS=41563, RATIS_ADMIN=41563, RATIS_SERVER=41563, STANDALONE=35321], networkLocation: /default-rack, certSerialId: null, persistedOpState: IN_SERVICE, persistedOpStateExpiryEpochSec: 0}2ccab0b5-4479-416a-9931-5373164cc31d{ip: 10.1.0.37, host: fv-az59-243.csjynl4pkq3e1pkirw3ssqjfoh.cx.internal.cloudapp.net, ports: [REPLICATION=38827, RATIS=41069, RATIS_ADMIN=41069, RATIS_SERVER=41069, STANDALONE=35309], networkLocation: /default-rack, certSerialId: null, persistedOpState: IN_SERVICE, persistedOpStateExpiryEpochSec: 0}37eb1d61-39bb-4850-ab96-a7546aa7d2af{ip: 10.1.0.37, host: fv-az59-243.csjynl4pkq3e1pkirw3ssqjfoh.cx.internal.cloudapp.net, ports: [REPLICATION=45025, RATIS=34927, RATIS_ADMIN=34927, RATIS_SERVER=34927, STANDALONE=33481], networkLocation: /default-rack, certSerialId: null, persistedOpState: IN_SERVICE, persistedOpStateExpiryEpochSec: 0}, ReplicationConfig: RATIS/THREE, State:OPEN, leaderId:37eb1d61-39bb-4850-ab96-a7546aa7d2af, CreationTimestamp2022-02-24T16:55:48.185Z[Etc/UTC]] moved to CLOSED state
2022-02-24 16:56:54,567 [EventQueue-StaleNodeForStaleNodeHandler] INFO  pipeline.PipelineManagerImpl (PipelineManagerImpl.java:closePipeline(365)) - Pipeline Pipeline[ Id: cb254f30-eede-410a-88df-00f5c2898bfa, Nodes: 2ccab0b5-4479-416a-9931-5373164cc31d{ip: 10.1.0.37, host: fv-az59-243.csjynl4pkq3e1pkirw3ssqjfoh.cx.internal.cloudapp.net, ports: [REPLICATION=38827, RATIS=41069, RATIS_ADMIN=41069, RATIS_SERVER=41069, STANDALONE=35309], networkLocation: /default-rack, certSerialId: null, persistedOpState: IN_SERVICE, persistedOpStateExpiryEpochSec: 0}37eb1d61-39bb-4850-ab96-a7546aa7d2af{ip: 10.1.0.37, host: fv-az59-243.csjynl4pkq3e1pkirw3ssqjfoh.cx.internal.cloudapp.net, ports: [REPLICATION=45025, RATIS=34927, RATIS_ADMIN=34927, RATIS_SERVER=34927, STANDALONE=33481], networkLocation: /default-rack, certSerialId: null, persistedOpState: IN_SERVICE, persistedOpStateExpiryEpochSec: 0}6aa02a95-f8ab-442c-9ba0-fd232060c81a{ip: 10.1.0.37, host: fv-az59-243.csjynl4pkq3e1pkirw3ssqjfoh.cx.internal.cloudapp.net, ports: [REPLICATION=40825, RATIS=41563, RATIS_ADMIN=41563, RATIS_SERVER=41563, STANDALONE=35321], networkLocation: /default-rack, certSerialId: null, persistedOpState: IN_SERVICE, persistedOpStateExpiryEpochSec: 0}, ReplicationConfig: RATIS/THREE, State:OPEN, leaderId:2ccab0b5-4479-416a-9931-5373164cc31d, CreationTimestamp2022-02-24T16:55:48.188Z[Etc/UTC]] moved to CLOSED state
2022-02-24 16:56:54,569 [EventQueue-StaleNodeForStaleNodeHandler] INFO  pipeline.PipelineManagerImpl (PipelineManagerImpl.java:closePipeline(365)) - Pipeline Pipeline[ Id: 86cbf4e9-b0db-4937-96de-56b0a5bd8601, Nodes: 6aa02a95-f8ab-442c-9ba0-fd232060c81a{ip: 10.1.0.37, host: fv-az59-243.csjynl4pkq3e1pkirw3ssqjfoh.cx.internal.cloudapp.net, ports: [REPLICATION=40825, RATIS=41563, RATIS_ADMIN=41563, RATIS_SERVER=41563, STANDALONE=35321], networkLocation: /default-rack, certSerialId: null, persistedOpState: IN_SERVICE, persistedOpStateExpiryEpochSec: 0}, ReplicationConfig: RATIS/ONE, State:OPEN, leaderId:6aa02a95-f8ab-442c-9ba0-fd232060c81a, CreationTimestamp2022-02-24T16:55:47.569Z[Etc/UTC]] moved to CLOSED state
2022-02-24 16:56:54,569 [EventQueue-StaleNodeForStaleNodeHandler] INFO  node.StaleNodeHandler (StaleNodeHandler.java:onMessage(58)) - Datanode cf3a7bfa-0a59-4cf0-978b-44f71b96abbc{ip: 10.1.0.37, host: fv-az59-243.csjynl4pkq3e1pkirw3ssqjfoh.cx.internal.cloudapp.net, ports: [REPLICATION=36859, RATIS=40183, RATIS_ADMIN=40183, RATIS_SERVER=40183, STANDALONE=46129], networkLocation: /default-rack, certSerialId: null, persistedOpState: IN_SERVICE, persistedOpStateExpiryEpochSec: 0} moved to stale state. Finalizing its pipelines [PipelineID=9d89eb0f-cdb5-491e-824c-d784b15b949e, PipelineID=451cfd88-c86e-482f-ac50-d7e6b7717086, PipelineID=a109b66f-d9f5-4f13-88ed-ca206d264f63, PipelineID=1f4e49ad-f9db-4751-8d36-7905f06c5baf]
2022-02-24 16:56:54,573 [EventQueue-StaleNodeForStaleNodeHandler] INFO  pipeline.PipelineManagerImpl (PipelineManagerImpl.java:closePipeline(365)) - Pipeline Pipeline[ Id: 9d89eb0f-cdb5-491e-824c-d784b15b949e, Nodes: cf3a7bfa-0a59-4cf0-978b-44f71b96abbc{ip: 10.1.0.37, host: fv-az59-243.csjynl4pkq3e1pkirw3ssqjfoh.cx.internal.cloudapp.net, ports: [REPLICATION=36859, RATIS=40183, RATIS_ADMIN=40183, RATIS_SERVER=40183, STANDALONE=46129], networkLocation: /default-rack, certSerialId: null, persistedOpState: IN_SERVICE, persistedOpStateExpiryEpochSec: 0}b07270f0-c5b1-4afe-99f3-aa5758d6ba5c{ip: 10.1.0.37, host: fv-az59-243.csjynl4pkq3e1pkirw3ssqjfoh.cx.internal.cloudapp.net, ports: [REPLICATION=41147, RATIS=45647, RATIS_ADMIN=45647, RATIS_SERVER=45647, STANDALONE=43127], networkLocation: /default-rack, certSerialId: null, persistedOpState: IN_SERVICE, persistedOpStateExpiryEpochSec: 0}6b991a1f-9e77-4b13-a483-fcde5672bd4a{ip: 10.1.0.37, host: fv-az59-243.csjynl4pkq3e1pkirw3ssqjfoh.cx.internal.cloudapp.net, ports: [REPLICATION=34893, RATIS=38289, RATIS_ADMIN=38289, RATIS_SERVER=38289, STANDALONE=42165], networkLocation: /default-rack, certSerialId: null, persistedOpState: IN_SERVICE, persistedOpStateExpiryEpochSec: 0}, ReplicationConfig: RATIS/THREE, State:ALLOCATED, leaderId:, CreationTimestamp2022-02-24T16:56:43.268Z[Etc/UTC]] moved to CLOSED state
2022-02-24 16:56:54,574 [EventQueue-StaleNodeForStaleNodeHandler] INFO  pipeline.PipelineManagerImpl (PipelineManagerImpl.java:closePipeline(365)) - Pipeline Pipeline[ Id: 451cfd88-c86e-482f-ac50-d7e6b7717086, Nodes: 2a15bd7e-7896-4db0-9e08-f7464bcd33ee{ip: 10.1.0.37, host: fv-az59-243.csjynl4pkq3e1pkirw3ssqjfoh.cx.internal.cloudapp.net, ports: [REPLICATION=43341, RATIS=41995, RATIS_ADMIN=41995, RATIS_SERVER=41995, STANDALONE=34861], networkLocation: /default-rack, certSerialId: null, persistedOpState: IN_SERVICE, persistedOpStateExpiryEpochSec: 0}cf3a7bfa-0a59-4cf0-978b-44f71b96abbc{ip: 10.1.0.37, host: fv-az59-243.csjynl4pkq3e1pkirw3ssqjfoh.cx.internal.cloudapp.net, ports: [REPLICATION=36859, RATIS=40183, RATIS_ADMIN=40183, RATIS_SERVER=40183, STANDALONE=46129], networkLocation: /default-rack, certSerialId: null, persistedOpState: IN_SERVICE, persistedOpStateExpiryEpochSec: 0}6b991a1f-9e77-4b13-a483-fcde5672bd4a{ip: 10.1.0.37, host: fv-az59-243.csjynl4pkq3e1pkirw3ssqjfoh.cx.internal.cloudapp.net, ports: [REPLICATION=34893, RATIS=38289, RATIS_ADMIN=38289, RATIS_SERVER=38289, STANDALONE=42165], networkLocation: /default-rack, certSerialId: null, persistedOpState: IN_SERVICE, persistedOpStateExpiryEpochSec: 0}, ReplicationConfig: RATIS/THREE, State:ALLOCATED, leaderId:, CreationTimestamp2022-02-24T16:56:43.273Z[Etc/UTC]] moved to CLOSED state
2022-02-24 16:56:54,577 [EventQueue-StaleNodeForStaleNodeHandler] INFO  pipeline.PipelineManagerImpl (PipelineManagerImpl.java:closePipeline(365)) - Pipeline Pipeline[ Id: a109b66f-d9f5-4f13-88ed-ca206d264f63, Nodes: cf3a7bfa-0a59-4cf0-978b-44f71b96abbc{ip: 10.1.0.37, host: fv-az59-243.csjynl4pkq3e1pkirw3ssqjfoh.cx.internal.cloudapp.net, ports: [REPLICATION=36859, RATIS=40183, RATIS_ADMIN=40183, RATIS_SERVER=40183, STANDALONE=46129], networkLocation: /default-rack, certSerialId: null, persistedOpState: IN_SERVICE, persistedOpStateExpiryEpochSec: 0}2a15bd7e-7896-4db0-9e08-f7464bcd33ee{ip: 10.1.0.37, host: fv-az59-243.csjynl4pkq3e1pkirw3ssqjfoh.cx.internal.cloudapp.net, ports: [REPLICATION=43341, RATIS=41995, RATIS_ADMIN=41995, RATIS_SERVER=41995, STANDALONE=34861], networkLocation: /default-rack, certSerialId: null, persistedOpState: IN_SERVICE, persistedOpStateExpiryEpochSec: 0}b07270f0-c5b1-4afe-99f3-aa5758d6ba5c{ip: 10.1.0.37, host: fv-az59-243.csjynl4pkq3e1pkirw3ssqjfoh.cx.internal.cloudapp.net, ports: [REPLICATION=41147, RATIS=45647, RATIS_ADMIN=45647, RATIS_SERVER=45647, STANDALONE=43127], networkLocation: /default-rack, certSerialId: null, persistedOpState: IN_SERVICE, persistedOpStateExpiryEpochSec: 0}, ReplicationConfig: RATIS/THREE, State:ALLOCATED, leaderId:2a15bd7e-7896-4db0-9e08-f7464bcd33ee, CreationTimestamp2022-02-24T16:56:43.276Z[Etc/UTC]] moved to CLOSED state
2022-02-24 16:56:54,580 [EventQueue-StaleNodeForStaleNodeHandler] INFO  pipeline.PipelineManagerImpl (PipelineManagerImpl.java:closePipeline(365)) - Pipeline Pipeline[ Id: 1f4e49ad-f9db-4751-8d36-7905f06c5baf, Nodes: cf3a7bfa-0a59-4cf0-978b-44f71b96abbc{ip: 10.1.0.37, host: fv-az59-243.csjynl4pkq3e1pkirw3ssqjfoh.cx.internal.cloudapp.net, ports: [REPLICATION=36859, RATIS=40183, RATIS_ADMIN=40183, RATIS_SERVER=40183, STANDALONE=46129], networkLocation: /default-rack, certSerialId: null, persistedOpState: IN_SERVICE, persistedOpStateExpiryEpochSec: 0}, ReplicationConfig: RATIS/ONE, State:OPEN, leaderId:cf3a7bfa-0a59-4cf0-978b-44f71b96abbc, CreationTimestamp2022-02-24T16:56:43.263Z[Etc/UTC]] moved to CLOSED state
2022-02-24 16:56:54,595 [b07270f0-c5b1-4afe-99f3-aa5758d6ba5c@group-D784B15B949E-LeaderElection77] INFO  impl.LeaderElection (LeaderElection.java:askForVotes(306)) - b07270f0-c5b1-4afe-99f3-aa5758d6ba5c@group-D784B15B949E-LeaderElection77 ELECTION round 0: submit vote requests at term 2 for -1: [b07270f0-c5b1-4afe-99f3-aa5758d6ba5c|rpc:10.1.0.37:45647|dataStream:|priority:1, 6b991a1f-9e77-4b13-a483-fcde5672bd4a|rpc:10.1.0.37:38289|dataStream:|priority:0, cf3a7bfa-0a59-4cf0-978b-44f71b96abbc|rpc:10.1.0.37:40183|dataStream:|priority:0], old=null
2022-02-24 16:56:54,603 [grpc-default-executor-6] INFO  server.RaftServer$Division (RaftServerImpl.java:requestVote(1046)) - 6b991a1f-9e77-4b13-a483-fcde5672bd4a@group-D784B15B949E: receive requestVote(ELECTION, b07270f0-c5b1-4afe-99f3-aa5758d6ba5c, group-D784B15B949E, 2, (t:0, i:0))
2022-02-24 16:56:54,612 [grpc-default-executor-6] INFO  impl.VoteContext (VoteContext.java:log(48)) - 6b991a1f-9e77-4b13-a483-fcde5672bd4a@group-D784B15B949E-FOLLOWER: accept ELECTION from b07270f0-c5b1-4afe-99f3-aa5758d6ba5c: our priority 0 <= candidate's priority 1
2022-02-24 16:56:54,612 [grpc-default-executor-6] INFO  server.RaftServer$Division (RaftServerImpl.java:setRole(290)) - 6b991a1f-9e77-4b13-a483-fcde5672bd4a@group-D784B15B949E: changes role from  FOLLOWER to FOLLOWER at term 2 for candidate:b07270f0-c5b1-4afe-99f3-aa5758d6ba5c
2022-02-24 16:56:54,612 [grpc-default-executor-6] INFO  impl.RoleInfo (RoleInfo.java:shutdownFollowerState(108)) - 6b991a1f-9e77-4b13-a483-fcde5672bd4a: shutdown 6b991a1f-9e77-4b13-a483-fcde5672bd4a@group-D784B15B949E-FollowerState
2022-02-24 16:56:54,612 [grpc-default-executor-6] INFO  impl.RoleInfo (RoleInfo.java:updateAndGet(130)) - 6b991a1f-9e77-4b13-a483-fcde5672bd4a: start 6b991a1f-9e77-4b13-a483-fcde5672bd4a@group-D784B15B949E-FollowerState
2022-02-24 16:56:54,612 [6b991a1f-9e77-4b13-a483-fcde5672bd4a@group-D784B15B949E-FollowerState] INFO  impl.FollowerState (FollowerState.java:run(143)) - 6b991a1f-9e77-4b13-a483-fcde5672bd4a@group-D784B15B949E-FollowerState was interrupted: {}
java.lang.InterruptedException: sleep interrupted
	at java.lang.Thread.sleep(Native Method)
	at java.lang.Thread.sleep(Thread.java:342)
	at java.util.concurrent.TimeUnit.sleep(TimeUnit.java:386)
	at org.apache.ratis.util.TimeDuration.sleep(TimeDuration.java:324)
	at org.apache.ratis.util.TimeDuration.sleep(TimeDuration.java:309)
	at org.apache.ratis.server.impl.FollowerState.run(FollowerState.java:118)
2022-02-24 16:56:54,619 [grpc-default-executor-6] INFO  server.RaftServer$Division (RaftServerImpl.java:requestVote(1078)) - 6b991a1f-9e77-4b13-a483-fcde5672bd4a@group-D784B15B949E replies to ELECTION vote request: b07270f0-c5b1-4afe-99f3-aa5758d6ba5c<-6b991a1f-9e77-4b13-a483-fcde5672bd4a#0:OK-t2. Peer's state: 6b991a1f-9e77-4b13-a483-fcde5672bd4a@group-D784B15B949E:t2, leader=null, voted=b07270f0-c5b1-4afe-99f3-aa5758d6ba5c, raftlog=6b991a1f-9e77-4b13-a483-fcde5672bd4a@group-D784B15B949E-SegmentedRaftLog:OPENED:c-1, conf=-1: [b07270f0-c5b1-4afe-99f3-aa5758d6ba5c|rpc:10.1.0.37:45647|dataStream:|priority:1, 6b991a1f-9e77-4b13-a483-fcde5672bd4a|rpc:10.1.0.37:38289|dataStream:|priority:0, cf3a7bfa-0a59-4cf0-978b-44f71b96abbc|rpc:10.1.0.37:40183|dataStream:|priority:0], old=null
2022-02-24 16:56:54,622 [b07270f0-c5b1-4afe-99f3-aa5758d6ba5c@group-D784B15B949E-LeaderElection77] INFO  impl.LeaderElection (LeaderElection.java:logAndReturn(89)) - b07270f0-c5b1-4afe-99f3-aa5758d6ba5c@group-D784B15B949E-LeaderElection77: ELECTION PASSED received 1 response(s) and 0 exception(s):
2022-02-24 16:56:54,622 [b07270f0-c5b1-4afe-99f3-aa5758d6ba5c@group-D784B15B949E-LeaderElection77] INFO  impl.LeaderElection (LeaderElection.java:logAndReturn(93)) -   Response 0: b07270f0-c5b1-4afe-99f3-aa5758d6ba5c<-6b991a1f-9e77-4b13-a483-fcde5672bd4a#0:OK-t2
2022-02-24 16:56:54,622 [b07270f0-c5b1-4afe-99f3-aa5758d6ba5c@group-D784B15B949E-LeaderElection77] INFO  impl.LeaderElection (LeaderElection.java:askForVotes(308)) - b07270f0-c5b1-4afe-99f3-aa5758d6ba5c@group-D784B15B949E-LeaderElection77 ELECTION round 0: result PASSED
2022-02-24 16:56:54,622 [b07270f0-c5b1-4afe-99f3-aa5758d6ba5c@group-D784B15B949E-LeaderElection77] INFO  impl.RoleInfo (RoleInfo.java:shutdownLeaderElection(121)) - b07270f0-c5b1-4afe-99f3-aa5758d6ba5c: shutdown b07270f0-c5b1-4afe-99f3-aa5758d6ba5c@group-D784B15B949E-LeaderElection77
2022-02-24 16:56:54,622 [b07270f0-c5b1-4afe-99f3-aa5758d6ba5c@group-D784B15B949E-LeaderElection77] INFO  server.RaftServer$Division (RaftServerImpl.java:setRole(290)) - b07270f0-c5b1-4afe-99f3-aa5758d6ba5c@group-D784B15B949E: changes role from CANDIDATE to LEADER at term 2 for changeToLeader
2022-02-24 16:56:54,622 [b07270f0-c5b1-4afe-99f3-aa5758d6ba5c@group-D784B15B949E-LeaderElection77] INFO  ratis.XceiverServerRatis (XceiverServerRatis.java:handleLeaderChangedNotification(867)) - Leader change notification received for group: group-D784B15B949E with new leaderId: b07270f0-c5b1-4afe-99f3-aa5758d6ba5c
2022-02-24 16:56:54,622 [b07270f0-c5b1-4afe-99f3-aa5758d6ba5c@group-D784B15B949E-LeaderElection77] INFO  server.RaftServer$Division (ServerState.java:setLeader(285)) - b07270f0-c5b1-4afe-99f3-aa5758d6ba5c@group-D784B15B949E: change Leader from null to b07270f0-c5b1-4afe-99f3-aa5758d6ba5c at term 2 for becomeLeader, leader elected after 10292ms
2022-02-24 16:56:54,622 [b07270f0-c5b1-4afe-99f3-aa5758d6ba5c@group-D784B15B949E-LeaderElection77] INFO  server.RaftServerConfigKeys (ConfUtils.java:logGet(44)) - raft.server.staging.catchup.gap = 1000 (default)
2022-02-24 16:56:54,622 [b07270f0-c5b1-4afe-99f3-aa5758d6ba5c@group-D784B15B949E-LeaderElection77] INFO  server.RaftServerConfigKeys (ConfUtils.java:logGet(44)) - raft.server.write.element-limit = 1024 (custom)
2022-02-24 16:56:54,622 [b07270f0-c5b1-4afe-99f3-aa5758d6ba5c@group-D784B15B949E-LeaderElection77] INFO  server.RaftServerConfigKeys (ConfUtils.java:logGet(44)) - raft.server.write.byte-limit = 1024 M (=1073741824) (custom)
2022-02-24 16:56:54,624 [b07270f0-c5b1-4afe-99f3-aa5758d6ba5c@group-D784B15B949E-LeaderElection77] INFO  server.RaftServerConfigKeys (ConfUtils.java:logGet(44)) - raft.server.watch.timeout = 3000ms (custom)
2022-02-24 16:56:54,624 [b07270f0-c5b1-4afe-99f3-aa5758d6ba5c@group-D784B15B949E-LeaderElection77] INFO  server.RaftServerConfigKeys (ConfUtils.java:logGet(44)) - raft.server.watch.timeout.denomination = 1s (default)
2022-02-24 16:56:54,624 [b07270f0-c5b1-4afe-99f3-aa5758d6ba5c@group-D784B15B949E-LeaderElection77] INFO  server.RaftServerConfigKeys (ConfUtils.java:logGet(44)) - raft.server.watch.element-limit = 65536 (default)
2022-02-24 16:56:54,624 [b07270f0-c5b1-4afe-99f3-aa5758d6ba5c@group-D784B15B949E-LeaderElection77] INFO  server.RaftServerConfigKeys (ConfUtils.java:logGet(44)) - raft.server.write.element-limit = 1024 (custom)
2022-02-24 16:56:54,624 [b07270f0-c5b1-4afe-99f3-aa5758d6ba5c@group-D784B15B949E-LeaderElection77] INFO  server.RaftServerConfigKeys (ConfUtils.java:logGet(44)) - raft.server.write.follower.gap.ratio.max = -1.0 (default)
2022-02-24 16:56:54,625 [b07270f0-c5b1-4afe-99f3-aa5758d6ba5c@group-D784B15B949E-LeaderElection77] INFO  server.RaftServerConfigKeys (ConfUtils.java:logGet(44)) - raft.server.log.appender.snapshot.chunk.size.max = 16MB (=16777216) (default)
2022-02-24 16:56:54,625 [b07270f0-c5b1-4afe-99f3-aa5758d6ba5c@group-D784B15B949E-LeaderElection77] INFO  server.RaftServerConfigKeys (ConfUtils.java:logGet(44)) - raft.server.log.appender.buffer.byte-limit = 33554432 (custom)
2022-02-24 16:56:54,625 [b07270f0-c5b1-4afe-99f3-aa5758d6ba5c@group-D784B15B949E-LeaderElection77] INFO  server.RaftServerConfigKeys (ConfUtils.java:logGet(44)) - raft.server.log.appender.buffer.element-limit = 1 (custom)
2022-02-24 16:56:54,625 [b07270f0-c5b1-4afe-99f3-aa5758d6ba5c@group-D784B15B949E-LeaderElection77] INFO  grpc.GrpcConfigKeys (ConfUtils.java:logGet(44)) - raft.grpc.server.leader.outstanding.appends.max = 128 (default)
2022-02-24 16:56:54,625 [b07270f0-c5b1-4afe-99f3-aa5758d6ba5c@group-D784B15B949E-LeaderElection77] INFO  server.RaftServerConfigKeys (ConfUtils.java:logGet(44)) - raft.server.rpc.request.timeout = 3000ms (default)
2022-02-24 16:56:54,625 [b07270f0-c5b1-4afe-99f3-aa5758d6ba5c@group-D784B15B949E-LeaderElection77] INFO  server.RaftServerConfigKeys (ConfUtils.java:logGet(44)) - raft.server.log.appender.install.snapshot.enabled = false (custom)
2022-02-24 16:56:54,626 [b07270f0-c5b1-4afe-99f3-aa5758d6ba5c@group-D784B15B949E-LeaderElection77] INFO  server.RaftServerConfigKeys (ConfUtils.java:logGet(44)) - raft.server.log.appender.snapshot.chunk.size.max = 16MB (=16777216) (default)
2022-02-24 16:56:54,626 [b07270f0-c5b1-4afe-99f3-aa5758d6ba5c@group-D784B15B949E-LeaderElection77] INFO  server.RaftServerConfigKeys (ConfUtils.java:logGet(44)) - raft.server.log.appender.buffer.byte-limit = 33554432 (custom)
2022-02-24 16:56:54,626 [b07270f0-c5b1-4afe-99f3-aa5758d6ba5c@group-D784B15B949E-LeaderElection77] INFO  server.RaftServerConfigKeys (ConfUtils.java:logGet(44)) - raft.server.log.appender.buffer.element-limit = 1 (custom)
2022-02-24 16:56:54,626 [b07270f0-c5b1-4afe-99f3-aa5758d6ba5c@group-D784B15B949E-LeaderElection77] INFO  grpc.GrpcConfigKeys (ConfUtils.java:logGet(44)) - raft.grpc.server.leader.outstanding.appends.max = 128 (default)
2022-02-24 16:56:54,626 [b07270f0-c5b1-4afe-99f3-aa5758d6ba5c@group-D784B15B949E-LeaderElection77] INFO  server.RaftServerConfigKeys (ConfUtils.java:logGet(44)) - raft.server.rpc.request.timeout = 3000ms (default)
2022-02-24 16:56:54,626 [b07270f0-c5b1-4afe-99f3-aa5758d6ba5c@group-D784B15B949E-LeaderElection77] INFO  server.RaftServerConfigKeys (ConfUtils.java:logGet(44)) - raft.server.log.appender.install.snapshot.enabled = false (custom)
2022-02-24 16:56:54,647 [b07270f0-c5b1-4afe-99f3-aa5758d6ba5c@group-D784B15B949E-LeaderElection77] INFO  impl.RoleInfo (RoleInfo.java:updateAndGet(130)) - b07270f0-c5b1-4afe-99f3-aa5758d6ba5c: start b07270f0-c5b1-4afe-99f3-aa5758d6ba5c@group-D784B15B949E-LeaderStateImpl
2022-02-24 16:56:54,648 [b07270f0-c5b1-4afe-99f3-aa5758d6ba5c@group-D784B15B949E-LeaderElection77] INFO  segmented.SegmentedRaftLogWorker (SegmentedRaftLogWorker.java:startLogSegment(394)) - b07270f0-c5b1-4afe-99f3-aa5758d6ba5c@group-D784B15B949E-SegmentedRaftLogWorker: Starting segment from index:0
2022-02-24 16:56:54,650 [b07270f0-c5b1-4afe-99f3-aa5758d6ba5c@group-D784B15B949E-SegmentedRaftLogWorker] INFO  segmented.SegmentedRaftLogWorker (SegmentedRaftLogWorker.java:execute(601)) - b07270f0-c5b1-4afe-99f3-aa5758d6ba5c@group-D784B15B949E-SegmentedRaftLogWorker: created new log segment /home/runner/work/ozone/ozone/hadoop-ozone/integration-test/target/test-dir/MiniOzoneClusterImpl-a9e0dedd-d836-4895-9472-52c2256152d3/datanode-0/data/ratis/9d89eb0f-cdb5-491e-824c-d784b15b949e/current/log_inprogress_0
2022-02-24 16:56:54,672 [grpc-default-executor-5] WARN  server.GrpcLogAppender (LogUtils.java:warn(122)) - b07270f0-c5b1-4afe-99f3-aa5758d6ba5c@group-D784B15B949E->cf3a7bfa-0a59-4cf0-978b-44f71b96abbc-AppendLogResponseHandler: Failed appendEntries: org.apache.ratis.thirdparty.io.grpc.StatusRuntimeException: UNAVAILABLE: io exception
2022-02-24 16:56:54,673 [grpc-default-executor-5] WARN  server.GrpcLogAppender (GrpcLogAppender.java:resetClient(110)) - b07270f0-c5b1-4afe-99f3-aa5758d6ba5c@group-D784B15B949E->cf3a7bfa-0a59-4cf0-978b-44f71b96abbc-GrpcLogAppender: Leader has not got in touch with Follower b07270f0-c5b1-4afe-99f3-aa5758d6ba5c@group-D784B15B949E->cf3a7bfa-0a59-4cf0-978b-44f71b96abbc(c-1,m0,n1, attendVote=true, lastRpcSendTime=1, lastRpcResponseTime=5248) yet, just keep nextIndex unchanged and retry.
2022-02-24 16:56:54,687 [6b991a1f-9e77-4b13-a483-fcde5672bd4a@group-D7E6B7717086-FollowerState] INFO  impl.FollowerState (FollowerState.java:run(134)) - 6b991a1f-9e77-4b13-a483-fcde5672bd4a@group-D7E6B7717086-FollowerState: change to CANDIDATE, lastRpcElapsedTime:5045745907ns, electionTimeout:5010ms
2022-02-24 16:56:54,687 [b07270f0-c5b1-4afe-99f3-aa5758d6ba5c@group-D784B15B949E-LeaderElection77] INFO  server.RaftServer$Division (ServerState.java:setRaftConf(387)) - b07270f0-c5b1-4afe-99f3-aa5758d6ba5c@group-D784B15B949E: set configuration 0: [b07270f0-c5b1-4afe-99f3-aa5758d6ba5c|rpc:10.1.0.37:45647|dataStream:|priority:1, 6b991a1f-9e77-4b13-a483-fcde5672bd4a|rpc:10.1.0.37:38289|dataStream:|priority:0, cf3a7bfa-0a59-4cf0-978b-44f71b96abbc|rpc:10.1.0.37:40183|dataStream:|priority:0], old=null
2022-02-24 16:56:54,687 [6b991a1f-9e77-4b13-a483-fcde5672bd4a@group-D7E6B7717086-FollowerState] INFO  impl.RoleInfo (RoleInfo.java:shutdownFollowerState(108)) - 6b991a1f-9e77-4b13-a483-fcde5672bd4a: shutdown 6b991a1f-9e77-4b13-a483-fcde5672bd4a@group-D7E6B7717086-FollowerState
2022-02-24 16:56:54,687 [6b991a1f-9e77-4b13-a483-fcde5672bd4a@group-D7E6B7717086-FollowerState] INFO  server.RaftServer$Division (RaftServerImpl.java:setRole(290)) - 6b991a1f-9e77-4b13-a483-fcde5672bd4a@group-D7E6B7717086: changes role from  FOLLOWER to CANDIDATE at term 1 for changeToCandidate
2022-02-24 16:56:54,687 [6b991a1f-9e77-4b13-a483-fcde5672bd4a@group-D7E6B7717086-FollowerState] INFO  server.RaftServerConfigKeys (ConfUtils.java:logGet(44)) - raft.server.leaderelection.pre-vote = false (custom)
2022-02-24 16:56:54,687 [6b991a1f-9e77-4b13-a483-fcde5672bd4a@group-D7E6B7717086-FollowerState] INFO  impl.RoleInfo (RoleInfo.java:updateAndGet(130)) - 6b991a1f-9e77-4b13-a483-fcde5672bd4a: start 6b991a1f-9e77-4b13-a483-fcde5672bd4a@group-D7E6B7717086-LeaderElection78
2022-02-24 16:56:54,720 [grpc-default-executor-6] INFO  ratis.XceiverServerRatis (XceiverServerRatis.java:handleLeaderChangedNotification(867)) - Leader change notification received for group: group-D784B15B949E with new leaderId: b07270f0-c5b1-4afe-99f3-aa5758d6ba5c
2022-02-24 16:56:54,720 [grpc-default-executor-6] INFO  server.RaftServer$Division (ServerState.java:setLeader(285)) - 6b991a1f-9e77-4b13-a483-fcde5672bd4a@group-D784B15B949E: change Leader from null to b07270f0-c5b1-4afe-99f3-aa5758d6ba5c at term 2 for appendEntries, leader elected after 10319ms
2022-02-24 16:56:54,731 [6b991a1f-9e77-4b13-a483-fcde5672bd4a@group-D7E6B7717086-LeaderElection78] INFO  impl.LeaderElection (LeaderElection.java:askForVotes(306)) - 6b991a1f-9e77-4b13-a483-fcde5672bd4a@group-D7E6B7717086-LeaderElection78 ELECTION round 0: submit vote requests at term 2 for -1: [6b991a1f-9e77-4b13-a483-fcde5672bd4a|rpc:10.1.0.37:38289|dataStream:|priority:0, 2a15bd7e-7896-4db0-9e08-f7464bcd33ee|rpc:10.1.0.37:41995|dataStream:|priority:1, cf3a7bfa-0a59-4cf0-978b-44f71b96abbc|rpc:10.1.0.37:40183|dataStream:|priority:0], old=null
2022-02-24 16:56:54,767 [grpc-default-executor-6] INFO  server.RaftServer$Division (ServerState.java:setRaftConf(387)) - 6b991a1f-9e77-4b13-a483-fcde5672bd4a@group-D784B15B949E: set configuration 0: [b07270f0-c5b1-4afe-99f3-aa5758d6ba5c|rpc:10.1.0.37:45647|dataStream:|priority:1, 6b991a1f-9e77-4b13-a483-fcde5672bd4a|rpc:10.1.0.37:38289|dataStream:|priority:0, cf3a7bfa-0a59-4cf0-978b-44f71b96abbc|rpc:10.1.0.37:40183|dataStream:|priority:0], old=null
2022-02-24 16:56:54,767 [grpc-default-executor-6] INFO  segmented.SegmentedRaftLogWorker (SegmentedRaftLogWorker.java:startLogSegment(394)) - 6b991a1f-9e77-4b13-a483-fcde5672bd4a@group-D784B15B949E-SegmentedRaftLogWorker: Starting segment from index:0
2022-02-24 16:56:54,770 [6b991a1f-9e77-4b13-a483-fcde5672bd4a@group-D784B15B949E-SegmentedRaftLogWorker] INFO  segmented.SegmentedRaftLogWorker (SegmentedRaftLogWorker.java:execute(601)) - 6b991a1f-9e77-4b13-a483-fcde5672bd4a@group-D784B15B949E-SegmentedRaftLogWorker: created new log segment /home/runner/work/ozone/ozone/hadoop-ozone/integration-test/target/test-dir/MiniOzoneClusterImpl-a9e0dedd-d836-4895-9472-52c2256152d3/datanode-6/data/ratis/9d89eb0f-cdb5-491e-824c-d784b15b949e/current/log_inprogress_0
2022-02-24 16:56:54,775 [grpc-default-executor-6] INFO  server.RaftServer$Division (RaftServerImpl.java:requestVote(1046)) - 2a15bd7e-7896-4db0-9e08-f7464bcd33ee@group-D7E6B7717086: receive requestVote(ELECTION, 6b991a1f-9e77-4b13-a483-fcde5672bd4a, group-D7E6B7717086, 2, (t:0, i:0))
2022-02-24 16:56:54,800 [grpc-default-executor-6] INFO  impl.VoteContext (VoteContext.java:log(48)) - 2a15bd7e-7896-4db0-9e08-f7464bcd33ee@group-D7E6B7717086-FOLLOWER: reject ELECTION from 6b991a1f-9e77-4b13-a483-fcde5672bd4a: our priority 1 > candidate's priority 0
2022-02-24 16:56:54,800 [grpc-default-executor-6] INFO  server.RaftServer$Division (RaftServerImpl.java:setRole(290)) - 2a15bd7e-7896-4db0-9e08-f7464bcd33ee@group-D7E6B7717086: changes role from  FOLLOWER to FOLLOWER at term 2 for candidate:6b991a1f-9e77-4b13-a483-fcde5672bd4a
2022-02-24 16:56:54,800 [grpc-default-executor-6] INFO  impl.RoleInfo (RoleInfo.java:shutdownFollowerState(108)) - 2a15bd7e-7896-4db0-9e08-f7464bcd33ee: shutdown 2a15bd7e-7896-4db0-9e08-f7464bcd33ee@group-D7E6B7717086-FollowerState
2022-02-24 16:56:54,800 [grpc-default-executor-6] INFO  impl.RoleInfo (RoleInfo.java:updateAndGet(130)) - 2a15bd7e-7896-4db0-9e08-f7464bcd33ee: start 2a15bd7e-7896-4db0-9e08-f7464bcd33ee@group-D7E6B7717086-FollowerState
2022-02-24 16:56:54,800 [2a15bd7e-7896-4db0-9e08-f7464bcd33ee@group-D7E6B7717086-FollowerState] INFO  impl.FollowerState (FollowerState.java:run(143)) - 2a15bd7e-7896-4db0-9e08-f7464bcd33ee@group-D7E6B7717086-FollowerState was interrupted: {}
java.lang.InterruptedException: sleep interrupted
	at java.lang.Thread.sleep(Native Method)
	at java.lang.Thread.sleep(Thread.java:342)
	at java.util.concurrent.TimeUnit.sleep(TimeUnit.java:386)
	at org.apache.ratis.util.TimeDuration.sleep(TimeDuration.java:324)
	at org.apache.ratis.util.TimeDuration.sleep(TimeDuration.java:309)
	at org.apache.ratis.server.impl.FollowerState.run(FollowerState.java:118)
2022-02-24 16:56:54,807 [grpc-default-executor-6] INFO  server.RaftServer$Division (RaftServerImpl.java:requestVote(1078)) - 2a15bd7e-7896-4db0-9e08-f7464bcd33ee@group-D7E6B7717086 replies to ELECTION vote request: 6b991a1f-9e77-4b13-a483-fcde5672bd4a<-2a15bd7e-7896-4db0-9e08-f7464bcd33ee#0:FAIL-t2. Peer's state: 2a15bd7e-7896-4db0-9e08-f7464bcd33ee@group-D7E6B7717086:t2, leader=null, voted=null, raftlog=2a15bd7e-7896-4db0-9e08-f7464bcd33ee@group-D7E6B7717086-SegmentedRaftLog:OPENED:c-1, conf=-1: [6b991a1f-9e77-4b13-a483-fcde5672bd4a|rpc:10.1.0.37:38289|dataStream:|priority:0, 2a15bd7e-7896-4db0-9e08-f7464bcd33ee|rpc:10.1.0.37:41995|dataStream:|priority:1, cf3a7bfa-0a59-4cf0-978b-44f71b96abbc|rpc:10.1.0.37:40183|dataStream:|priority:0], old=null
2022-02-24 16:56:54,823 [6b991a1f-9e77-4b13-a483-fcde5672bd4a@group-D7E6B7717086-LeaderElection78] INFO  impl.LeaderElection (LogUtils.java:infoOrTrace(137)) - 6b991a1f-9e77-4b13-a483-fcde5672bd4a@group-D7E6B7717086-LeaderElection78 got exception when requesting votes: java.util.concurrent.ExecutionException: org.apache.ratis.thirdparty.io.grpc.StatusRuntimeException: UNAVAILABLE: io exception
2022-02-24 16:56:54,823 [6b991a1f-9e77-4b13-a483-fcde5672bd4a@group-D7E6B7717086-LeaderElection78] INFO  impl.LeaderElection (LeaderElection.java:logAndReturn(89)) - 6b991a1f-9e77-4b13-a483-fcde5672bd4a@group-D7E6B7717086-LeaderElection78: ELECTION REJECTED received 1 response(s) and 1 exception(s):
2022-02-24 16:56:54,823 [6b991a1f-9e77-4b13-a483-fcde5672bd4a@group-D7E6B7717086-LeaderElection78] INFO  impl.LeaderElection (LeaderElection.java:logAndReturn(93)) -   Response 0: 6b991a1f-9e77-4b13-a483-fcde5672bd4a<-2a15bd7e-7896-4db0-9e08-f7464bcd33ee#0:FAIL-t2
2022-02-24 16:56:54,823 [6b991a1f-9e77-4b13-a483-fcde5672bd4a@group-D7E6B7717086-LeaderElection78] INFO  impl.LeaderElection (LogUtils.java:infoOrTrace(137)) -   Exception 1: java.util.concurrent.ExecutionException: org.apache.ratis.thirdparty.io.grpc.StatusRuntimeException: UNAVAILABLE: io exception
2022-02-24 16:56:54,823 [6b991a1f-9e77-4b13-a483-fcde5672bd4a@group-D7E6B7717086-LeaderElection78] INFO  impl.LeaderElection (LeaderElection.java:askForVotes(308)) - 6b991a1f-9e77-4b13-a483-fcde5672bd4a@group-D7E6B7717086-LeaderElection78 ELECTION round 0: result REJECTED
2022-02-24 16:56:54,823 [6b991a1f-9e77-4b13-a483-fcde5672bd4a@group-D7E6B7717086-LeaderElection78] INFO  server.RaftServer$Division (RaftServerImpl.java:setRole(290)) - 6b991a1f-9e77-4b13-a483-fcde5672bd4a@group-D7E6B7717086: changes role from CANDIDATE to FOLLOWER at term 2 for REJECTED
2022-02-24 16:56:54,823 [6b991a1f-9e77-4b13-a483-fcde5672bd4a@group-D7E6B7717086-LeaderElection78] INFO  impl.RoleInfo (RoleInfo.java:shutdownLeaderElection(121)) - 6b991a1f-9e77-4b13-a483-fcde5672bd4a: shutdown 6b991a1f-9e77-4b13-a483-fcde5672bd4a@group-D7E6B7717086-LeaderElection78
2022-02-24 16:56:54,823 [6b991a1f-9e77-4b13-a483-fcde5672bd4a@group-D7E6B7717086-LeaderElection78] INFO  impl.RoleInfo (RoleInfo.java:updateAndGet(130)) - 6b991a1f-9e77-4b13-a483-fcde5672bd4a: start 6b991a1f-9e77-4b13-a483-fcde5672bd4a@group-D7E6B7717086-FollowerState
2022-02-24 16:56:54,896 [ForkJoinPool.commonPool-worker-0] INFO  statemachine.DatanodeStateMachine (DatanodeStateMachine.java:stopDaemon(529)) - Ozone container server stopped.
2022-02-24 16:56:54,955 [ForkJoinPool.commonPool-worker-0] INFO  handler.ContextHandler (ContextHandler.java:doStop(1153)) - Stopped o.e.j.w.WebAppContext@67dc5e7b{hddsDatanode,/,null,STOPPED}{jar:file:/home/runner/.m2/repository/org/apache/ozone/hdds-container-service/1.3.0-SNAPSHOT/hdds-container-service-1.3.0-SNAPSHOT.jar!/webapps/hddsDatanode}
2022-02-24 16:56:54,957 [ForkJoinPool.commonPool-worker-0] INFO  server.AbstractConnector (AbstractConnector.java:doStop(381)) - Stopped ServerConnector@4fd162{HTTP/1.1, (http/1.1)}{0.0.0.0:41679}
2022-02-24 16:56:54,957 [ForkJoinPool.commonPool-worker-0] INFO  server.session (HouseKeeper.java:stopScavenging(149)) - node0 Stopped scavenging
2022-02-24 16:56:54,971 [ForkJoinPool.commonPool-worker-0] INFO  handler.ContextHandler (ContextHandler.java:doStop(1153)) - Stopped o.e.j.s.ServletContextHandler@7537a43a{static,/static,jar:file:/home/runner/.m2/repository/org/apache/ozone/hdds-container-service/1.3.0-SNAPSHOT/hdds-container-service-1.3.0-SNAPSHOT.jar!/webapps/static,STOPPED}
2022-02-24 16:56:55,005 [Listener at 127.0.0.1/44987] INFO  statemachine.DatanodeStateMachine (DatanodeStateMachine.java:stopDaemon(529)) - Ozone container server stopped.
2022-02-24 16:56:55,006 [Listener at 127.0.0.1/44987] INFO  handler.ContextHandler (ContextHandler.java:doStop(1153)) - Stopped o.e.j.w.WebAppContext@1f3e7cfa{hddsDatanode,/,null,STOPPED}{jar:file:/home/runner/.m2/repository/org/apache/ozone/hdds-container-service/1.3.0-SNAPSHOT/hdds-container-service-1.3.0-SNAPSHOT.jar!/webapps/hddsDatanode}
2022-02-24 16:56:55,007 [ForkJoinPool.commonPool-worker-0] INFO  handler.ContextHandler (ContextHandler.java:doStop(1153)) - Stopped o.e.j.s.ServletContextHandler@57fa8ccd{logs,/logs,file:///home/runner/work/ozone/ozone/hadoop-ozone/integration-test/target/log,STOPPED}
2022-02-24 16:56:55,010 [Listener at 127.0.0.1/44987] INFO  server.AbstractConnector (AbstractConnector.java:doStop(381)) - Stopped ServerConnector@5089c47e{HTTP/1.1, (http/1.1)}{0.0.0.0:0}
2022-02-24 16:56:55,010 [Listener at 127.0.0.1/44987] INFO  server.session (HouseKeeper.java:stopScavenging(149)) - node0 Stopped scavenging
2022-02-24 16:56:55,010 [Listener at 127.0.0.1/44987] INFO  handler.ContextHandler (ContextHandler.java:doStop(1153)) - Stopped o.e.j.s.ServletContextHandler@712512d1{static,/static,jar:file:/home/runner/.m2/repository/org/apache/ozone/hdds-container-service/1.3.0-SNAPSHOT/hdds-container-service-1.3.0-SNAPSHOT.jar!/webapps/static,STOPPED}
2022-02-24 16:56:55,010 [Listener at 127.0.0.1/44987] INFO  handler.ContextHandler (ContextHandler.java:doStop(1153)) - Stopped o.e.j.s.ServletContextHandler@4635285b{logs,/logs,file:///home/runner/work/ozone/ozone/hadoop-ozone/integration-test/target/log,STOPPED}
2022-02-24 16:56:55,070 [grpc-default-executor-6] WARN  server.GrpcLogAppender (LogUtils.java:warn(122)) - 2a15bd7e-7896-4db0-9e08-f7464bcd33ee@group-CA206D264F63->cf3a7bfa-0a59-4cf0-978b-44f71b96abbc-AppendLogResponseHandler: Failed appendEntries: org.apache.ratis.thirdparty.io.grpc.StatusRuntimeException: UNAVAILABLE: io exception
2022-02-24 16:56:55,070 [grpc-default-executor-6] WARN  server.GrpcLogAppender (GrpcLogAppender.java:resetClient(110)) - 2a15bd7e-7896-4db0-9e08-f7464bcd33ee@group-CA206D264F63->cf3a7bfa-0a59-4cf0-978b-44f71b96abbc-GrpcLogAppender: Leader has not got in touch with Follower 2a15bd7e-7896-4db0-9e08-f7464bcd33ee@group-CA206D264F63->cf3a7bfa-0a59-4cf0-978b-44f71b96abbc(c-1,m0,n1, attendVote=true, lastRpcSendTime=2507, lastRpcResponseTime=10266) yet, just keep nextIndex unchanged and retry.
2022-02-24 16:56:55,274 [2a15bd7e-7896-4db0-9e08-f7464bcd33ee@group-CA206D264F63-LeaderStateImpl] INFO  server.RaftServer$Division (LeaderStateImpl.java:yieldLeaderToHigherPriorityPeer(930)) - 2a15bd7e-7896-4db0-9e08-f7464bcd33ee@group-CA206D264F63-LeaderStateImpl send StartLeaderElectionRequest to follower:cf3a7bfa-0a59-4cf0-978b-44f71b96abbc on term:1 because follower's priority:1 is higher than leader's:0 and follower's lastEntry index:0 catch up with leader's:0
2022-02-24 16:56:55,356 [6b991a1f-9e77-4b13-a483-fcde5672bd4a@group-A8F55BFD1212-FollowerState] INFO  impl.FollowerState (FollowerState.java:run(134)) - 6b991a1f-9e77-4b13-a483-fcde5672bd4a@group-A8F55BFD1212-FollowerState: change to CANDIDATE, lastRpcElapsedTime:5051410322ns, electionTimeout:5013ms
2022-02-24 16:56:55,356 [6b991a1f-9e77-4b13-a483-fcde5672bd4a@group-A8F55BFD1212-FollowerState] INFO  impl.RoleInfo (RoleInfo.java:shutdownFollowerState(108)) - 6b991a1f-9e77-4b13-a483-fcde5672bd4a: shutdown 6b991a1f-9e77-4b13-a483-fcde5672bd4a@group-A8F55BFD1212-FollowerState
2022-02-24 16:56:55,356 [6b991a1f-9e77-4b13-a483-fcde5672bd4a@group-A8F55BFD1212-FollowerState] INFO  server.RaftServer$Division (RaftServerImpl.java:setRole(290)) - 6b991a1f-9e77-4b13-a483-fcde5672bd4a@group-A8F55BFD1212: changes role from  FOLLOWER to CANDIDATE at term 1 for changeToCandidate
2022-02-24 16:56:55,356 [6b991a1f-9e77-4b13-a483-fcde5672bd4a@group-A8F55BFD1212-FollowerState] INFO  server.RaftServerConfigKeys (ConfUtils.java:logGet(44)) - raft.server.leaderelection.pre-vote = false (custom)
2022-02-24 16:56:55,356 [6b991a1f-9e77-4b13-a483-fcde5672bd4a@group-A8F55BFD1212-FollowerState] INFO  impl.RoleInfo (RoleInfo.java:updateAndGet(130)) - 6b991a1f-9e77-4b13-a483-fcde5672bd4a: start 6b991a1f-9e77-4b13-a483-fcde5672bd4a@group-A8F55BFD1212-LeaderElection79
2022-02-24 16:56:55,383 [6b991a1f-9e77-4b13-a483-fcde5672bd4a@group-A8F55BFD1212-LeaderElection79] INFO  impl.LeaderElection (LeaderElection.java:askForVotes(306)) - 6b991a1f-9e77-4b13-a483-fcde5672bd4a@group-A8F55BFD1212-LeaderElection79 ELECTION round 0: submit vote requests at term 2 for -1: [b07270f0-c5b1-4afe-99f3-aa5758d6ba5c|rpc:10.1.0.37:45647|priority:0, 6b991a1f-9e77-4b13-a483-fcde5672bd4a|rpc:10.1.0.37:38289|priority:1, 2a15bd7e-7896-4db0-9e08-f7464bcd33ee|rpc:10.1.0.37:41995|priority:0], old=null
2022-02-24 16:56:55,404 [grpc-default-executor-6] INFO  server.RaftServer$Division (RaftServerImpl.java:requestVote(1046)) - 2a15bd7e-7896-4db0-9e08-f7464bcd33ee@group-A8F55BFD1212: receive requestVote(ELECTION, 6b991a1f-9e77-4b13-a483-fcde5672bd4a, group-A8F55BFD1212, 2, (t:0, i:0))
2022-02-24 16:56:55,404 [grpc-default-executor-6] INFO  impl.VoteContext (VoteContext.java:log(48)) - 2a15bd7e-7896-4db0-9e08-f7464bcd33ee@group-A8F55BFD1212-FOLLOWER: accept ELECTION from 6b991a1f-9e77-4b13-a483-fcde5672bd4a: our priority 0 <= candidate's priority 1
2022-02-24 16:56:55,404 [grpc-default-executor-6] INFO  server.RaftServer$Division (RaftServerImpl.java:setRole(290)) - 2a15bd7e-7896-4db0-9e08-f7464bcd33ee@group-A8F55BFD1212: changes role from  FOLLOWER to FOLLOWER at term 2 for candidate:6b991a1f-9e77-4b13-a483-fcde5672bd4a
2022-02-24 16:56:55,404 [grpc-default-executor-6] INFO  impl.RoleInfo (RoleInfo.java:shutdownFollowerState(108)) - 2a15bd7e-7896-4db0-9e08-f7464bcd33ee: shutdown 2a15bd7e-7896-4db0-9e08-f7464bcd33ee@group-A8F55BFD1212-FollowerState
2022-02-24 16:56:55,404 [grpc-default-executor-6] INFO  impl.RoleInfo (RoleInfo.java:updateAndGet(130)) - 2a15bd7e-7896-4db0-9e08-f7464bcd33ee: start 2a15bd7e-7896-4db0-9e08-f7464bcd33ee@group-A8F55BFD1212-FollowerState
2022-02-24 16:56:55,406 [grpc-default-executor-5] INFO  server.RaftServer$Division (RaftServerImpl.java:requestVote(1046)) - b07270f0-c5b1-4afe-99f3-aa5758d6ba5c@group-A8F55BFD1212: receive requestVote(ELECTION, 6b991a1f-9e77-4b13-a483-fcde5672bd4a, group-A8F55BFD1212, 2, (t:0, i:0))
2022-02-24 16:56:55,406 [grpc-default-executor-5] INFO  impl.VoteContext (VoteContext.java:log(48)) - b07270f0-c5b1-4afe-99f3-aa5758d6ba5c@group-A8F55BFD1212-FOLLOWER: accept ELECTION from 6b991a1f-9e77-4b13-a483-fcde5672bd4a: our priority 0 <= candidate's priority 1
2022-02-24 16:56:55,406 [grpc-default-executor-5] INFO  server.RaftServer$Division (RaftServerImpl.java:setRole(290)) - b07270f0-c5b1-4afe-99f3-aa5758d6ba5c@group-A8F55BFD1212: changes role from  FOLLOWER to FOLLOWER at term 2 for candidate:6b991a1f-9e77-4b13-a483-fcde5672bd4a
2022-02-24 16:56:55,406 [grpc-default-executor-5] INFO  impl.RoleInfo (RoleInfo.java:shutdownFollowerState(108)) - b07270f0-c5b1-4afe-99f3-aa5758d6ba5c: shutdown b07270f0-c5b1-4afe-99f3-aa5758d6ba5c@group-A8F55BFD1212-FollowerState
2022-02-24 16:56:55,431 [grpc-default-executor-5] INFO  impl.RoleInfo (RoleInfo.java:updateAndGet(130)) - b07270f0-c5b1-4afe-99f3-aa5758d6ba5c: start b07270f0-c5b1-4afe-99f3-aa5758d6ba5c@group-A8F55BFD1212-FollowerState
2022-02-24 16:56:55,432 [b07270f0-c5b1-4afe-99f3-aa5758d6ba5c@group-A8F55BFD1212-FollowerState] INFO  impl.FollowerState (FollowerState.java:run(143)) - b07270f0-c5b1-4afe-99f3-aa5758d6ba5c@group-A8F55BFD1212-FollowerState was interrupted: {}
java.lang.InterruptedException: sleep interrupted
	at java.lang.Thread.sleep(Native Method)
	at java.lang.Thread.sleep(Thread.java:342)
	at java.util.concurrent.TimeUnit.sleep(TimeUnit.java:386)
	at org.apache.ratis.util.TimeDuration.sleep(TimeDuration.java:324)
	at org.apache.ratis.util.TimeDuration.sleep(TimeDuration.java:309)
	at org.apache.ratis.server.impl.FollowerState.run(FollowerState.java:118)
2022-02-24 16:56:55,432 [grpc-default-executor-6] INFO  server.RaftServer$Division (RaftServerImpl.java:requestVote(1078)) - 2a15bd7e-7896-4db0-9e08-f7464bcd33ee@group-A8F55BFD1212 replies to ELECTION vote request: 6b991a1f-9e77-4b13-a483-fcde5672bd4a<-2a15bd7e-7896-4db0-9e08-f7464bcd33ee#0:OK-t2. Peer's state: 2a15bd7e-7896-4db0-9e08-f7464bcd33ee@group-A8F55BFD1212:t2, leader=null, voted=6b991a1f-9e77-4b13-a483-fcde5672bd4a, raftlog=2a15bd7e-7896-4db0-9e08-f7464bcd33ee@group-A8F55BFD1212-SegmentedRaftLog:OPENED:c-1, conf=-1: [b07270f0-c5b1-4afe-99f3-aa5758d6ba5c|rpc:10.1.0.37:45647|priority:0, 6b991a1f-9e77-4b13-a483-fcde5672bd4a|rpc:10.1.0.37:38289|priority:1, 2a15bd7e-7896-4db0-9e08-f7464bcd33ee|rpc:10.1.0.37:41995|priority:0], old=null
2022-02-24 16:56:55,439 [6b991a1f-9e77-4b13-a483-fcde5672bd4a@group-A8F55BFD1212-LeaderElection79] INFO  impl.LeaderElection (LeaderElection.java:logAndReturn(89)) - 6b991a1f-9e77-4b13-a483-fcde5672bd4a@group-A8F55BFD1212-LeaderElection79: ELECTION PASSED received 1 response(s) and 0 exception(s):
2022-02-24 16:56:55,439 [6b991a1f-9e77-4b13-a483-fcde5672bd4a@group-A8F55BFD1212-LeaderElection79] INFO  impl.LeaderElection (LeaderElection.java:logAndReturn(93)) -   Response 0: 6b991a1f-9e77-4b13-a483-fcde5672bd4a<-2a15bd7e-7896-4db0-9e08-f7464bcd33ee#0:OK-t2
2022-02-24 16:56:55,439 [6b991a1f-9e77-4b13-a483-fcde5672bd4a@group-A8F55BFD1212-LeaderElection79] INFO  impl.LeaderElection (LeaderElection.java:askForVotes(308)) - 6b991a1f-9e77-4b13-a483-fcde5672bd4a@group-A8F55BFD1212-LeaderElection79 ELECTION round 0: result PASSED
2022-02-24 16:56:55,439 [6b991a1f-9e77-4b13-a483-fcde5672bd4a@group-A8F55BFD1212-LeaderElection79] INFO  impl.RoleInfo (RoleInfo.java:shutdownLeaderElection(121)) - 6b991a1f-9e77-4b13-a483-fcde5672bd4a: shutdown 6b991a1f-9e77-4b13-a483-fcde5672bd4a@group-A8F55BFD1212-LeaderElection79
2022-02-24 16:56:55,439 [6b991a1f-9e77-4b13-a483-fcde5672bd4a@group-A8F55BFD1212-LeaderElection79] INFO  server.RaftServer$Division (RaftServerImpl.java:setRole(290)) - 6b991a1f-9e77-4b13-a483-fcde5672bd4a@group-A8F55BFD1212: changes role from CANDIDATE to LEADER at term 2 for changeToLeader
2022-02-24 16:56:55,439 [6b991a1f-9e77-4b13-a483-fcde5672bd4a@group-A8F55BFD1212-LeaderElection79] INFO  ratis.XceiverServerRatis (XceiverServerRatis.java:handleLeaderChangedNotification(867)) - Leader change notification received for group: group-A8F55BFD1212 with new leaderId: 6b991a1f-9e77-4b13-a483-fcde5672bd4a
2022-02-24 16:56:55,440 [6b991a1f-9e77-4b13-a483-fcde5672bd4a@group-A8F55BFD1212-LeaderElection79] INFO  server.RaftServer$Division (ServerState.java:setLeader(285)) - 6b991a1f-9e77-4b13-a483-fcde5672bd4a@group-A8F55BFD1212: change Leader from null to 6b991a1f-9e77-4b13-a483-fcde5672bd4a at term 2 for becomeLeader, leader elected after 10233ms
2022-02-24 16:56:55,440 [6b991a1f-9e77-4b13-a483-fcde5672bd4a@group-A8F55BFD1212-LeaderElection79] INFO  server.RaftServerConfigKeys (ConfUtils.java:logGet(44)) - raft.server.staging.catchup.gap = 1000 (default)
2022-02-24 16:56:55,440 [6b991a1f-9e77-4b13-a483-fcde5672bd4a@group-A8F55BFD1212-LeaderElection79] INFO  server.RaftServerConfigKeys (ConfUtils.java:logGet(44)) - raft.server.write.element-limit = 1024 (custom)
2022-02-24 16:56:55,440 [6b991a1f-9e77-4b13-a483-fcde5672bd4a@group-A8F55BFD1212-LeaderElection79] INFO  server.RaftServerConfigKeys (ConfUtils.java:logGet(44)) - raft.server.write.byte-limit = 1024 M (=1073741824) (custom)
2022-02-24 16:56:55,440 [6b991a1f-9e77-4b13-a483-fcde5672bd4a@group-A8F55BFD1212-LeaderElection79] INFO  server.RaftServerConfigKeys (ConfUtils.java:logGet(44)) - raft.server.watch.timeout = 3000ms (custom)
2022-02-24 16:56:55,440 [6b991a1f-9e77-4b13-a483-fcde5672bd4a@group-A8F55BFD1212-LeaderElection79] INFO  server.RaftServerConfigKeys (ConfUtils.java:logGet(44)) - raft.server.watch.timeout.denomination = 1s (default)
2022-02-24 16:56:55,440 [6b991a1f-9e77-4b13-a483-fcde5672bd4a@group-A8F55BFD1212-LeaderElection79] INFO  server.RaftServerConfigKeys (ConfUtils.java:logGet(44)) - raft.server.watch.element-limit = 65536 (default)
2022-02-24 16:56:55,440 [6b991a1f-9e77-4b13-a483-fcde5672bd4a@group-A8F55BFD1212-LeaderElection79] INFO  server.RaftServerConfigKeys (ConfUtils.java:logGet(44)) - raft.server.write.element-limit = 1024 (custom)
2022-02-24 16:56:55,440 [6b991a1f-9e77-4b13-a483-fcde5672bd4a@group-A8F55BFD1212-LeaderElection79] INFO  server.RaftServerConfigKeys (ConfUtils.java:logGet(44)) - raft.server.write.follower.gap.ratio.max = -1.0 (default)
2022-02-24 16:56:55,440 [6b991a1f-9e77-4b13-a483-fcde5672bd4a@group-A8F55BFD1212-LeaderElection79] INFO  server.RaftServerConfigKeys (ConfUtils.java:logGet(44)) - raft.server.log.appender.snapshot.chunk.size.max = 16MB (=16777216) (default)
2022-02-24 16:56:55,440 [6b991a1f-9e77-4b13-a483-fcde5672bd4a@group-A8F55BFD1212-LeaderElection79] INFO  server.RaftServerConfigKeys (ConfUtils.java:logGet(44)) - raft.server.log.appender.buffer.byte-limit = 33554432 (custom)
2022-02-24 16:56:55,440 [6b991a1f-9e77-4b13-a483-fcde5672bd4a@group-A8F55BFD1212-LeaderElection79] INFO  server.RaftServerConfigKeys (ConfUtils.java:logGet(44)) - raft.server.log.appender.buffer.element-limit = 1 (custom)
2022-02-24 16:56:55,441 [6b991a1f-9e77-4b13-a483-fcde5672bd4a@group-A8F55BFD1212-LeaderElection79] INFO  grpc.GrpcConfigKeys (ConfUtils.java:logGet(44)) - raft.grpc.server.leader.outstanding.appends.max = 128 (default)
2022-02-24 16:56:55,441 [6b991a1f-9e77-4b13-a483-fcde5672bd4a@group-A8F55BFD1212-LeaderElection79] INFO  server.RaftServerConfigKeys (ConfUtils.java:logGet(44)) - raft.server.rpc.request.timeout = 3000ms (default)
2022-02-24 16:56:55,441 [6b991a1f-9e77-4b13-a483-fcde5672bd4a@group-A8F55BFD1212-LeaderElection79] INFO  server.RaftServerConfigKeys (ConfUtils.java:logGet(44)) - raft.server.log.appender.install.snapshot.enabled = false (custom)
2022-02-24 16:56:55,441 [6b991a1f-9e77-4b13-a483-fcde5672bd4a@group-A8F55BFD1212-LeaderElection79] INFO  server.RaftServerConfigKeys (ConfUtils.java:logGet(44)) - raft.server.log.appender.snapshot.chunk.size.max = 16MB (=16777216) (default)
2022-02-24 16:56:55,442 [6b991a1f-9e77-4b13-a483-fcde5672bd4a@group-A8F55BFD1212-LeaderElection79] INFO  server.RaftServerConfigKeys (ConfUtils.java:logGet(44)) - raft.server.log.appender.buffer.byte-limit = 33554432 (custom)
2022-02-24 16:56:55,442 [6b991a1f-9e77-4b13-a483-fcde5672bd4a@group-A8F55BFD1212-LeaderElection79] INFO  server.RaftServerConfigKeys (ConfUtils.java:logGet(44)) - raft.server.log.appender.buffer.element-limit = 1 (custom)
2022-02-24 16:56:55,442 [6b991a1f-9e77-4b13-a483-fcde5672bd4a@group-A8F55BFD1212-LeaderElection79] INFO  grpc.GrpcConfigKeys (ConfUtils.java:logGet(44)) - raft.grpc.server.leader.outstanding.appends.max = 128 (default)
2022-02-24 16:56:55,442 [6b991a1f-9e77-4b13-a483-fcde5672bd4a@group-A8F55BFD1212-LeaderElection79] INFO  server.RaftServerConfigKeys (ConfUtils.java:logGet(44)) - raft.server.rpc.request.timeout = 3000ms (default)
2022-02-24 16:56:55,442 [6b991a1f-9e77-4b13-a483-fcde5672bd4a@group-A8F55BFD1212-LeaderElection79] INFO  server.RaftServerConfigKeys (ConfUtils.java:logGet(44)) - raft.server.log.appender.install.snapshot.enabled = false (custom)
2022-02-24 16:56:55,443 [2a15bd7e-7896-4db0-9e08-f7464bcd33ee@group-A8F55BFD1212-FollowerState] INFO  impl.FollowerState (FollowerState.java:run(143)) - 2a15bd7e-7896-4db0-9e08-f7464bcd33ee@group-A8F55BFD1212-FollowerState was interrupted: {}
java.lang.InterruptedException: sleep interrupted
	at java.lang.Thread.sleep(Native Method)
	at java.lang.Thread.sleep(Thread.java:342)
	at java.util.concurrent.TimeUnit.sleep(TimeUnit.java:386)
	at org.apache.ratis.util.TimeDuration.sleep(TimeDuration.java:324)
	at org.apache.ratis.util.TimeDuration.sleep(TimeDuration.java:309)
	at org.apache.ratis.server.impl.FollowerState.run(FollowerState.java:118)
2022-02-24 16:56:55,446 [EventQueue-PipelineReportForPipelineReportHandler] INFO  pipeline.PipelineManagerImpl (PipelineManagerImpl.java:openPipeline(291)) - Pipeline Pipeline[ Id: 497dee7c-6395-4f7c-8faa-a8f55bfd1212, Nodes: 2a15bd7e-7896-4db0-9e08-f7464bcd33ee{ip: 10.1.0.37, host: fv-az59-243.csjynl4pkq3e1pkirw3ssqjfoh.cx.internal.cloudapp.net, ports: [REPLICATION=43341, RATIS=41995, RATIS_ADMIN=41995, RATIS_SERVER=41995, STANDALONE=34861], networkLocation: /default-rack, certSerialId: null, persistedOpState: IN_SERVICE, persistedOpStateExpiryEpochSec: 0}6b991a1f-9e77-4b13-a483-fcde5672bd4a{ip: 10.1.0.37, host: fv-az59-243.csjynl4pkq3e1pkirw3ssqjfoh.cx.internal.cloudapp.net, ports: [REPLICATION=34893, RATIS=38289, RATIS_ADMIN=38289, RATIS_SERVER=38289, STANDALONE=42165], networkLocation: /default-rack, certSerialId: null, persistedOpState: IN_SERVICE, persistedOpStateExpiryEpochSec: 0}b07270f0-c5b1-4afe-99f3-aa5758d6ba5c{ip: 10.1.0.37, host: fv-az59-243.csjynl4pkq3e1pkirw3ssqjfoh.cx.internal.cloudapp.net, ports: [REPLICATION=41147, RATIS=45647, RATIS_ADMIN=45647, RATIS_SERVER=45647, STANDALONE=43127], networkLocation: /default-rack, certSerialId: null, persistedOpState: IN_SERVICE, persistedOpStateExpiryEpochSec: 0}, ReplicationConfig: RATIS/THREE, State:ALLOCATED, leaderId:6b991a1f-9e77-4b13-a483-fcde5672bd4a, CreationTimestamp2022-02-24T16:56:43.278Z[Etc/UTC]] moved to OPEN state
2022-02-24 16:56:55,447 [6b991a1f-9e77-4b13-a483-fcde5672bd4a@group-A8F55BFD1212-LeaderElection79] INFO  impl.RoleInfo (RoleInfo.java:updateAndGet(130)) - 6b991a1f-9e77-4b13-a483-fcde5672bd4a: start 6b991a1f-9e77-4b13-a483-fcde5672bd4a@group-A8F55BFD1212-LeaderStateImpl
2022-02-24 16:56:55,448 [6b991a1f-9e77-4b13-a483-fcde5672bd4a@group-A8F55BFD1212-LeaderElection79] INFO  segmented.SegmentedRaftLogWorker (SegmentedRaftLogWorker.java:startLogSegment(394)) - 6b991a1f-9e77-4b13-a483-fcde5672bd4a@group-A8F55BFD1212-SegmentedRaftLogWorker: Starting segment from index:0
2022-02-24 16:56:55,449 [6b991a1f-9e77-4b13-a483-fcde5672bd4a@group-A8F55BFD1212-SegmentedRaftLogWorker] INFO  segmented.SegmentedRaftLogWorker (SegmentedRaftLogWorker.java:execute(601)) - 6b991a1f-9e77-4b13-a483-fcde5672bd4a@group-A8F55BFD1212-SegmentedRaftLogWorker: created new log segment /home/runner/work/ozone/ozone/hadoop-ozone/integration-test/target/test-dir/MiniOzoneClusterImpl-a9e0dedd-d836-4895-9472-52c2256152d3/datanode-6/data/ratis/497dee7c-6395-4f7c-8faa-a8f55bfd1212/current/log_inprogress_0
2022-02-24 16:56:55,460 [grpc-default-executor-5] INFO  server.RaftServer$Division (RaftServerImpl.java:requestVote(1078)) - b07270f0-c5b1-4afe-99f3-aa5758d6ba5c@group-A8F55BFD1212 replies to ELECTION vote request: 6b991a1f-9e77-4b13-a483-fcde5672bd4a<-b07270f0-c5b1-4afe-99f3-aa5758d6ba5c#0:OK-t2. Peer's state: b07270f0-c5b1-4afe-99f3-aa5758d6ba5c@group-A8F55BFD1212:t2, leader=null, voted=6b991a1f-9e77-4b13-a483-fcde5672bd4a, raftlog=b07270f0-c5b1-4afe-99f3-aa5758d6ba5c@group-A8F55BFD1212-SegmentedRaftLog:OPENED:c-1, conf=-1: [b07270f0-c5b1-4afe-99f3-aa5758d6ba5c|rpc:10.1.0.37:45647|priority:0, 6b991a1f-9e77-4b13-a483-fcde5672bd4a|rpc:10.1.0.37:38289|priority:1, 2a15bd7e-7896-4db0-9e08-f7464bcd33ee|rpc:10.1.0.37:41995|priority:0], old=null
2022-02-24 16:56:55,479 [6b991a1f-9e77-4b13-a483-fcde5672bd4a@group-A8F55BFD1212-LeaderElection79] INFO  server.RaftServer$Division (ServerState.java:setRaftConf(387)) - 6b991a1f-9e77-4b13-a483-fcde5672bd4a@group-A8F55BFD1212: set configuration 0: [b07270f0-c5b1-4afe-99f3-aa5758d6ba5c|rpc:10.1.0.37:45647|dataStream:|priority:0, 6b991a1f-9e77-4b13-a483-fcde5672bd4a|rpc:10.1.0.37:38289|dataStream:|priority:1, 2a15bd7e-7896-4db0-9e08-f7464bcd33ee|rpc:10.1.0.37:41995|dataStream:|priority:0], old=null
2022-02-24 16:56:55,534 [grpc-default-executor-6] INFO  ratis.XceiverServerRatis (XceiverServerRatis.java:handleLeaderChangedNotification(867)) - Leader change notification received for group: group-A8F55BFD1212 with new leaderId: 6b991a1f-9e77-4b13-a483-fcde5672bd4a
2022-02-24 16:56:55,534 [grpc-default-executor-6] INFO  server.RaftServer$Division (ServerState.java:setLeader(285)) - 2a15bd7e-7896-4db0-9e08-f7464bcd33ee@group-A8F55BFD1212: change Leader from null to 6b991a1f-9e77-4b13-a483-fcde5672bd4a at term 2 for appendEntries, leader elected after 10459ms
2022-02-24 16:56:55,543 [grpc-default-executor-5] INFO  ratis.XceiverServerRatis (XceiverServerRatis.java:handleLeaderChangedNotification(867)) - Leader change notification received for group: group-A8F55BFD1212 with new leaderId: 6b991a1f-9e77-4b13-a483-fcde5672bd4a
2022-02-24 16:56:55,543 [grpc-default-executor-5] INFO  server.RaftServer$Division (ServerState.java:setLeader(285)) - b07270f0-c5b1-4afe-99f3-aa5758d6ba5c@group-A8F55BFD1212: change Leader from null to 6b991a1f-9e77-4b13-a483-fcde5672bd4a at term 2 for appendEntries, leader elected after 10460ms
2022-02-24 16:56:55,583 [grpc-default-executor-6] INFO  server.RaftServer$Division (ServerState.java:setRaftConf(387)) - 2a15bd7e-7896-4db0-9e08-f7464bcd33ee@group-A8F55BFD1212: set configuration 0: [b07270f0-c5b1-4afe-99f3-aa5758d6ba5c|rpc:10.1.0.37:45647|dataStream:|priority:0, 6b991a1f-9e77-4b13-a483-fcde5672bd4a|rpc:10.1.0.37:38289|dataStream:|priority:1, 2a15bd7e-7896-4db0-9e08-f7464bcd33ee|rpc:10.1.0.37:41995|dataStream:|priority:0], old=null
2022-02-24 16:56:55,583 [grpc-default-executor-5] INFO  server.RaftServer$Division (ServerState.java:setRaftConf(387)) - b07270f0-c5b1-4afe-99f3-aa5758d6ba5c@group-A8F55BFD1212: set configuration 0: [b07270f0-c5b1-4afe-99f3-aa5758d6ba5c|rpc:10.1.0.37:45647|dataStream:|priority:0, 6b991a1f-9e77-4b13-a483-fcde5672bd4a|rpc:10.1.0.37:38289|dataStream:|priority:1, 2a15bd7e-7896-4db0-9e08-f7464bcd33ee|rpc:10.1.0.37:41995|dataStream:|priority:0], old=null
2022-02-24 16:56:55,583 [grpc-default-executor-6] INFO  segmented.SegmentedRaftLogWorker (SegmentedRaftLogWorker.java:startLogSegment(394)) - 2a15bd7e-7896-4db0-9e08-f7464bcd33ee@group-A8F55BFD1212-SegmentedRaftLogWorker: Starting segment from index:0
2022-02-24 16:56:55,583 [grpc-default-executor-5] INFO  segmented.SegmentedRaftLogWorker (SegmentedRaftLogWorker.java:startLogSegment(394)) - b07270f0-c5b1-4afe-99f3-aa5758d6ba5c@group-A8F55BFD1212-SegmentedRaftLogWorker: Starting segment from index:0
2022-02-24 16:56:55,589 [2a15bd7e-7896-4db0-9e08-f7464bcd33ee@group-A8F55BFD1212-SegmentedRaftLogWorker] INFO  segmented.SegmentedRaftLogWorker (SegmentedRaftLogWorker.java:execute(601)) - 2a15bd7e-7896-4db0-9e08-f7464bcd33ee@group-A8F55BFD1212-SegmentedRaftLogWorker: created new log segment /home/runner/work/ozone/ozone/hadoop-ozone/integration-test/target/test-dir/MiniOzoneClusterImpl-a9e0dedd-d836-4895-9472-52c2256152d3/datanode-2/data/ratis/497dee7c-6395-4f7c-8faa-a8f55bfd1212/current/log_inprogress_0
2022-02-24 16:56:55,590 [b07270f0-c5b1-4afe-99f3-aa5758d6ba5c@group-A8F55BFD1212-SegmentedRaftLogWorker] INFO  segmented.SegmentedRaftLogWorker (SegmentedRaftLogWorker.java:execute(601)) - b07270f0-c5b1-4afe-99f3-aa5758d6ba5c@group-A8F55BFD1212-SegmentedRaftLogWorker: created new log segment /home/runner/work/ozone/ozone/hadoop-ozone/integration-test/target/test-dir/MiniOzoneClusterImpl-a9e0dedd-d836-4895-9472-52c2256152d3/datanode-0/data/ratis/497dee7c-6395-4f7c-8faa-a8f55bfd1212/current/log_inprogress_0
2022-02-24 16:56:56,453 [grpc-default-executor-6] WARN  server.GrpcLogAppender (LogUtils.java:warn(122)) - 2ccab0b5-4479-416a-9931-5373164cc31d@group-00F5C2898BFA->6aa02a95-f8ab-442c-9ba0-fd232060c81a-AppendLogResponseHandler: Failed appendEntries: org.apache.ratis.thirdparty.io.grpc.StatusRuntimeException: UNAVAILABLE: io exception
2022-02-24 16:56:56,454 [grpc-default-executor-6] WARN  server.GrpcLogAppender (GrpcLogAppender.java:resetClient(110)) - 2ccab0b5-4479-416a-9931-5373164cc31d@group-00F5C2898BFA->6aa02a95-f8ab-442c-9ba0-fd232060c81a-GrpcLogAppender: Leader has not got in touch with Follower 2ccab0b5-4479-416a-9931-5373164cc31d@group-00F5C2898BFA->6aa02a95-f8ab-442c-9ba0-fd232060c81a(c0,m0,n1, attendVote=true, lastRpcSendTime=2521, lastRpcResponseTime=7544) yet, just keep nextIndex unchanged and retry.
2022-02-24 16:56:56,469 [grpc-default-executor-0] WARN  server.GrpcLogAppender (LogUtils.java:warn(122)) - 37eb1d61-39bb-4850-ab96-a7546aa7d2af@group-05E598691DA2->6aa02a95-f8ab-442c-9ba0-fd232060c81a-AppendLogResponseHandler: Failed appendEntries: org.apache.ratis.thirdparty.io.grpc.StatusRuntimeException: UNAVAILABLE: io exception
2022-02-24 16:56:56,469 [grpc-default-executor-0] WARN  server.GrpcLogAppender (GrpcLogAppender.java:resetClient(110)) - 37eb1d61-39bb-4850-ab96-a7546aa7d2af@group-05E598691DA2->6aa02a95-f8ab-442c-9ba0-fd232060c81a-GrpcLogAppender: Leader has not got in touch with Follower 37eb1d61-39bb-4850-ab96-a7546aa7d2af@group-05E598691DA2->6aa02a95-f8ab-442c-9ba0-fd232060c81a(c0,m0,n1, attendVote=true, lastRpcSendTime=0, lastRpcResponseTime=7571) yet, just keep nextIndex unchanged and retry.
2022-02-24 16:56:56,697 [2ccab0b5-4479-416a-9931-5373164cc31d@group-D1BF1DB2EA83-FollowerState] INFO  impl.FollowerState (FollowerState.java:run(134)) - 2ccab0b5-4479-416a-9931-5373164cc31d@group-D1BF1DB2EA83-FollowerState: change to CANDIDATE, lastRpcElapsedTime:8070125798ns, electionTimeout:5096ms
2022-02-24 16:56:56,697 [2ccab0b5-4479-416a-9931-5373164cc31d@group-D1BF1DB2EA83-FollowerState] INFO  impl.RoleInfo (RoleInfo.java:shutdownFollowerState(108)) - 2ccab0b5-4479-416a-9931-5373164cc31d: shutdown 2ccab0b5-4479-416a-9931-5373164cc31d@group-D1BF1DB2EA83-FollowerState
2022-02-24 16:56:56,697 [2ccab0b5-4479-416a-9931-5373164cc31d@group-D1BF1DB2EA83-FollowerState] INFO  server.RaftServer$Division (RaftServerImpl.java:setRole(290)) - 2ccab0b5-4479-416a-9931-5373164cc31d@group-D1BF1DB2EA83: changes role from  FOLLOWER to CANDIDATE at term 2 for changeToCandidate
2022-02-24 16:56:56,697 [2ccab0b5-4479-416a-9931-5373164cc31d@group-D1BF1DB2EA83-FollowerState] INFO  server.RaftServerConfigKeys (ConfUtils.java:logGet(44)) - raft.server.leaderelection.pre-vote = false (custom)
2022-02-24 16:56:56,697 [2ccab0b5-4479-416a-9931-5373164cc31d@group-D1BF1DB2EA83-FollowerState] INFO  impl.RoleInfo (RoleInfo.java:updateAndGet(130)) - 2ccab0b5-4479-416a-9931-5373164cc31d: start 2ccab0b5-4479-416a-9931-5373164cc31d@group-D1BF1DB2EA83-LeaderElection80
2022-02-24 16:56:56,722 [37eb1d61-39bb-4850-ab96-a7546aa7d2af@group-D1BF1DB2EA83-FollowerState] INFO  impl.FollowerState (FollowerState.java:run(134)) - 37eb1d61-39bb-4850-ab96-a7546aa7d2af@group-D1BF1DB2EA83-FollowerState: change to CANDIDATE, lastRpcElapsedTime:8172463630ns, electionTimeout:5185ms
2022-02-24 16:56:56,723 [37eb1d61-39bb-4850-ab96-a7546aa7d2af@group-D1BF1DB2EA83-FollowerState] INFO  impl.RoleInfo (RoleInfo.java:shutdownFollowerState(108)) - 37eb1d61-39bb-4850-ab96-a7546aa7d2af: shutdown 37eb1d61-39bb-4850-ab96-a7546aa7d2af@group-D1BF1DB2EA83-FollowerState
2022-02-24 16:56:56,723 [37eb1d61-39bb-4850-ab96-a7546aa7d2af@group-D1BF1DB2EA83-FollowerState] INFO  server.RaftServer$Division (RaftServerImpl.java:setRole(290)) - 37eb1d61-39bb-4850-ab96-a7546aa7d2af@group-D1BF1DB2EA83: changes role from  FOLLOWER to CANDIDATE at term 2 for changeToCandidate
2022-02-24 16:56:56,723 [2ccab0b5-4479-416a-9931-5373164cc31d@group-D1BF1DB2EA83-LeaderElection80] INFO  server.RaftServer$Division (ServerState.java:setLeader(285)) - 2ccab0b5-4479-416a-9931-5373164cc31d@group-D1BF1DB2EA83: change Leader from 6aa02a95-f8ab-442c-9ba0-fd232060c81a to null at term 2 for ELECTION
2022-02-24 16:56:56,725 [37eb1d61-39bb-4850-ab96-a7546aa7d2af@group-D1BF1DB2EA83-FollowerState] INFO  server.RaftServerConfigKeys (ConfUtils.java:logGet(44)) - raft.server.leaderelection.pre-vote = false (custom)
2022-02-24 16:56:56,725 [37eb1d61-39bb-4850-ab96-a7546aa7d2af@group-D1BF1DB2EA83-FollowerState] INFO  impl.RoleInfo (RoleInfo.java:updateAndGet(130)) - 37eb1d61-39bb-4850-ab96-a7546aa7d2af: start 37eb1d61-39bb-4850-ab96-a7546aa7d2af@group-D1BF1DB2EA83-LeaderElection81
2022-02-24 16:56:56,731 [37eb1d61-39bb-4850-ab96-a7546aa7d2af@group-D1BF1DB2EA83-LeaderElection81] INFO  server.RaftServer$Division (ServerState.java:setLeader(285)) - 37eb1d61-39bb-4850-ab96-a7546aa7d2af@group-D1BF1DB2EA83: change Leader from 6aa02a95-f8ab-442c-9ba0-fd232060c81a to null at term 2 for ELECTION
2022-02-24 16:56:56,735 [37eb1d61-39bb-4850-ab96-a7546aa7d2af@group-D1BF1DB2EA83-LeaderElection81] INFO  impl.LeaderElection (LeaderElection.java:askForVotes(306)) - 37eb1d61-39bb-4850-ab96-a7546aa7d2af@group-D1BF1DB2EA83-LeaderElection81 ELECTION round 0: submit vote requests at term 3 for 0: [6aa02a95-f8ab-442c-9ba0-fd232060c81a|rpc:10.1.0.37:41563|dataStream:|priority:1, 2ccab0b5-4479-416a-9931-5373164cc31d|rpc:10.1.0.37:41069|dataStream:|priority:0, 37eb1d61-39bb-4850-ab96-a7546aa7d2af|rpc:10.1.0.37:34927|dataStream:|priority:0], old=null
2022-02-24 16:56:56,739 [2ccab0b5-4479-416a-9931-5373164cc31d@group-D1BF1DB2EA83-LeaderElection80] INFO  impl.LeaderElection (LeaderElection.java:askForVotes(306)) - 2ccab0b5-4479-416a-9931-5373164cc31d@group-D1BF1DB2EA83-LeaderElection80 ELECTION round 0: submit vote requests at term 3 for 0: [6aa02a95-f8ab-442c-9ba0-fd232060c81a|rpc:10.1.0.37:41563|dataStream:|priority:1, 2ccab0b5-4479-416a-9931-5373164cc31d|rpc:10.1.0.37:41069|dataStream:|priority:0, 37eb1d61-39bb-4850-ab96-a7546aa7d2af|rpc:10.1.0.37:34927|dataStream:|priority:0], old=null
2022-02-24 16:56:56,755 [37eb1d61-39bb-4850-ab96-a7546aa7d2af@group-D1BF1DB2EA83-LeaderElection81] INFO  impl.LeaderElection (LogUtils.java:infoOrTrace(137)) - 37eb1d61-39bb-4850-ab96-a7546aa7d2af@group-D1BF1DB2EA83-LeaderElection81 got exception when requesting votes: java.util.concurrent.ExecutionException: org.apache.ratis.thirdparty.io.grpc.StatusRuntimeException: UNAVAILABLE: io exception
2022-02-24 16:56:56,766 [grpc-default-executor-6] INFO  server.RaftServer$Division (RaftServerImpl.java:requestVote(1046)) - 2ccab0b5-4479-416a-9931-5373164cc31d@group-D1BF1DB2EA83: receive requestVote(ELECTION, 37eb1d61-39bb-4850-ab96-a7546aa7d2af, group-D1BF1DB2EA83, 3, (t:2, i:0))
2022-02-24 16:56:56,766 [grpc-default-executor-6] INFO  impl.VoteContext (VoteContext.java:log(48)) - 2ccab0b5-4479-416a-9931-5373164cc31d@group-D1BF1DB2EA83-CANDIDATE: reject ELECTION from 37eb1d61-39bb-4850-ab96-a7546aa7d2af: already has voted for 2ccab0b5-4479-416a-9931-5373164cc31d at current term 3
2022-02-24 16:56:56,766 [grpc-default-executor-6] INFO  server.RaftServer$Division (RaftServerImpl.java:requestVote(1078)) - 2ccab0b5-4479-416a-9931-5373164cc31d@group-D1BF1DB2EA83 replies to ELECTION vote request: 37eb1d61-39bb-4850-ab96-a7546aa7d2af<-2ccab0b5-4479-416a-9931-5373164cc31d#0:FAIL-t3. Peer's state: 2ccab0b5-4479-416a-9931-5373164cc31d@group-D1BF1DB2EA83:t3, leader=null, voted=2ccab0b5-4479-416a-9931-5373164cc31d, raftlog=2ccab0b5-4479-416a-9931-5373164cc31d@group-D1BF1DB2EA83-SegmentedRaftLog:OPENED:c0, conf=0: [6aa02a95-f8ab-442c-9ba0-fd232060c81a|rpc:10.1.0.37:41563|dataStream:|priority:1, 2ccab0b5-4479-416a-9931-5373164cc31d|rpc:10.1.0.37:41069|dataStream:|priority:0, 37eb1d61-39bb-4850-ab96-a7546aa7d2af|rpc:10.1.0.37:34927|dataStream:|priority:0], old=null
2022-02-24 16:56:56,787 [37eb1d61-39bb-4850-ab96-a7546aa7d2af@group-D1BF1DB2EA83-LeaderElection81] INFO  impl.LeaderElection (LeaderElection.java:logAndReturn(89)) - 37eb1d61-39bb-4850-ab96-a7546aa7d2af@group-D1BF1DB2EA83-LeaderElection81: ELECTION REJECTED received 1 response(s) and 1 exception(s):
2022-02-24 16:56:56,787 [37eb1d61-39bb-4850-ab96-a7546aa7d2af@group-D1BF1DB2EA83-LeaderElection81] INFO  impl.LeaderElection (LeaderElection.java:logAndReturn(93)) -   Response 0: 37eb1d61-39bb-4850-ab96-a7546aa7d2af<-2ccab0b5-4479-416a-9931-5373164cc31d#0:FAIL-t3
2022-02-24 16:56:56,787 [37eb1d61-39bb-4850-ab96-a7546aa7d2af@group-D1BF1DB2EA83-LeaderElection81] INFO  impl.LeaderElection (LogUtils.java:infoOrTrace(137)) -   Exception 1: java.util.concurrent.ExecutionException: org.apache.ratis.thirdparty.io.grpc.StatusRuntimeException: UNAVAILABLE: io exception
2022-02-24 16:56:56,791 [37eb1d61-39bb-4850-ab96-a7546aa7d2af@group-D1BF1DB2EA83-LeaderElection81] INFO  impl.LeaderElection (LeaderElection.java:askForVotes(308)) - 37eb1d61-39bb-4850-ab96-a7546aa7d2af@group-D1BF1DB2EA83-LeaderElection81 ELECTION round 0: result REJECTED
2022-02-24 16:56:56,791 [2ccab0b5-4479-416a-9931-5373164cc31d@group-D1BF1DB2EA83-LeaderElection80] INFO  impl.LeaderElection (LogUtils.java:infoOrTrace(137)) - 2ccab0b5-4479-416a-9931-5373164cc31d@group-D1BF1DB2EA83-LeaderElection80 got exception when requesting votes: java.util.concurrent.ExecutionException: org.apache.ratis.thirdparty.io.grpc.StatusRuntimeException: UNAVAILABLE: io exception
2022-02-24 16:56:56,791 [37eb1d61-39bb-4850-ab96-a7546aa7d2af@group-D1BF1DB2EA83-LeaderElection81] INFO  server.RaftServer$Division (RaftServerImpl.java:setRole(290)) - 37eb1d61-39bb-4850-ab96-a7546aa7d2af@group-D1BF1DB2EA83: changes role from CANDIDATE to FOLLOWER at term 3 for REJECTED
2022-02-24 16:56:56,791 [37eb1d61-39bb-4850-ab96-a7546aa7d2af@group-D1BF1DB2EA83-LeaderElection81] INFO  impl.RoleInfo (RoleInfo.java:shutdownLeaderElection(121)) - 37eb1d61-39bb-4850-ab96-a7546aa7d2af: shutdown 37eb1d61-39bb-4850-ab96-a7546aa7d2af@group-D1BF1DB2EA83-LeaderElection81
2022-02-24 16:56:56,791 [37eb1d61-39bb-4850-ab96-a7546aa7d2af@group-D1BF1DB2EA83-LeaderElection81] INFO  impl.RoleInfo (RoleInfo.java:updateAndGet(130)) - 37eb1d61-39bb-4850-ab96-a7546aa7d2af: start 37eb1d61-39bb-4850-ab96-a7546aa7d2af@group-D1BF1DB2EA83-FollowerState
2022-02-24 16:56:56,792 [grpc-default-executor-6] INFO  server.RaftServer$Division (RaftServerImpl.java:requestVote(1046)) - 37eb1d61-39bb-4850-ab96-a7546aa7d2af@group-D1BF1DB2EA83: receive requestVote(ELECTION, 2ccab0b5-4479-416a-9931-5373164cc31d, group-D1BF1DB2EA83, 3, (t:2, i:0))
2022-02-24 16:56:56,799 [grpc-default-executor-6] INFO  impl.VoteContext (VoteContext.java:log(48)) - 37eb1d61-39bb-4850-ab96-a7546aa7d2af@group-D1BF1DB2EA83-FOLLOWER: reject ELECTION from 2ccab0b5-4479-416a-9931-5373164cc31d: already has voted for 37eb1d61-39bb-4850-ab96-a7546aa7d2af at current term 3
2022-02-24 16:56:56,800 [grpc-default-executor-6] INFO  server.RaftServer$Division (RaftServerImpl.java:requestVote(1078)) - 37eb1d61-39bb-4850-ab96-a7546aa7d2af@group-D1BF1DB2EA83 replies to ELECTION vote request: 2ccab0b5-4479-416a-9931-5373164cc31d<-37eb1d61-39bb-4850-ab96-a7546aa7d2af#0:FAIL-t3. Peer's state: 37eb1d61-39bb-4850-ab96-a7546aa7d2af@group-D1BF1DB2EA83:t3, leader=null, voted=37eb1d61-39bb-4850-ab96-a7546aa7d2af, raftlog=37eb1d61-39bb-4850-ab96-a7546aa7d2af@group-D1BF1DB2EA83-SegmentedRaftLog:OPENED:c0, conf=0: [6aa02a95-f8ab-442c-9ba0-fd232060c81a|rpc:10.1.0.37:41563|dataStream:|priority:1, 2ccab0b5-4479-416a-9931-5373164cc31d|rpc:10.1.0.37:41069|dataStream:|priority:0, 37eb1d61-39bb-4850-ab96-a7546aa7d2af|rpc:10.1.0.37:34927|dataStream:|priority:0], old=null
2022-02-24 16:56:56,803 [2ccab0b5-4479-416a-9931-5373164cc31d@group-D1BF1DB2EA83-LeaderElection80] INFO  impl.LeaderElection (LeaderElection.java:logAndReturn(89)) - 2ccab0b5-4479-416a-9931-5373164cc31d@group-D1BF1DB2EA83-LeaderElection80: ELECTION REJECTED received 1 response(s) and 1 exception(s):
2022-02-24 16:56:56,803 [2ccab0b5-4479-416a-9931-5373164cc31d@group-D1BF1DB2EA83-LeaderElection80] INFO  impl.LeaderElection (LeaderElection.java:logAndReturn(93)) -   Response 0: 2ccab0b5-4479-416a-9931-5373164cc31d<-37eb1d61-39bb-4850-ab96-a7546aa7d2af#0:FAIL-t3
2022-02-24 16:56:56,803 [2ccab0b5-4479-416a-9931-5373164cc31d@group-D1BF1DB2EA83-LeaderElection80] INFO  impl.LeaderElection (LogUtils.java:infoOrTrace(137)) -   Exception 1: java.util.concurrent.ExecutionException: org.apache.ratis.thirdparty.io.grpc.StatusRuntimeException: UNAVAILABLE: io exception
2022-02-24 16:56:56,803 [2ccab0b5-4479-416a-9931-5373164cc31d@group-D1BF1DB2EA83-LeaderElection80] INFO  impl.LeaderElection (LeaderElection.java:askForVotes(308)) - 2ccab0b5-4479-416a-9931-5373164cc31d@group-D1BF1DB2EA83-LeaderElection80 ELECTION round 0: result REJECTED
2022-02-24 16:56:56,803 [2ccab0b5-4479-416a-9931-5373164cc31d@group-D1BF1DB2EA83-LeaderElection80] INFO  server.RaftServer$Division (RaftServerImpl.java:setRole(290)) - 2ccab0b5-4479-416a-9931-5373164cc31d@group-D1BF1DB2EA83: changes role from CANDIDATE to FOLLOWER at term 3 for REJECTED
2022-02-24 16:56:56,803 [2ccab0b5-4479-416a-9931-5373164cc31d@group-D1BF1DB2EA83-LeaderElection80] INFO  impl.RoleInfo (RoleInfo.java:shutdownLeaderElection(121)) - 2ccab0b5-4479-416a-9931-5373164cc31d: shutdown 2ccab0b5-4479-416a-9931-5373164cc31d@group-D1BF1DB2EA83-LeaderElection80
2022-02-24 16:56:56,803 [2ccab0b5-4479-416a-9931-5373164cc31d@group-D1BF1DB2EA83-LeaderElection80] INFO  impl.RoleInfo (RoleInfo.java:updateAndGet(130)) - 2ccab0b5-4479-416a-9931-5373164cc31d: start 2ccab0b5-4479-416a-9931-5373164cc31d@group-D1BF1DB2EA83-FollowerState
2022-02-24 16:56:57,177 [grpc-default-executor-6] WARN  server.GrpcLogAppender (LogUtils.java:warn(122)) - b07270f0-c5b1-4afe-99f3-aa5758d6ba5c@group-D784B15B949E->cf3a7bfa-0a59-4cf0-978b-44f71b96abbc-AppendLogResponseHandler: Failed appendEntries: org.apache.ratis.thirdparty.io.grpc.StatusRuntimeException: UNAVAILABLE: io exception
2022-02-24 16:56:57,177 [grpc-default-executor-6] WARN  server.GrpcLogAppender (GrpcLogAppender.java:resetClient(110)) - b07270f0-c5b1-4afe-99f3-aa5758d6ba5c@group-D784B15B949E->cf3a7bfa-0a59-4cf0-978b-44f71b96abbc-GrpcLogAppender: Leader has not got in touch with Follower b07270f0-c5b1-4afe-99f3-aa5758d6ba5c@group-D784B15B949E->cf3a7bfa-0a59-4cf0-978b-44f71b96abbc(c-1,m0,n1, attendVote=true, lastRpcSendTime=2505, lastRpcResponseTime=7752) yet, just keep nextIndex unchanged and retry.
2022-02-24 16:56:57,577 [grpc-default-executor-6] WARN  server.GrpcLogAppender (LogUtils.java:warn(122)) - 2a15bd7e-7896-4db0-9e08-f7464bcd33ee@group-CA206D264F63->cf3a7bfa-0a59-4cf0-978b-44f71b96abbc-AppendLogResponseHandler: Failed appendEntries: org.apache.ratis.thirdparty.io.grpc.StatusRuntimeException: UNAVAILABLE: io exception
2022-02-24 16:56:57,578 [grpc-default-executor-6] WARN  server.GrpcLogAppender (GrpcLogAppender.java:resetClient(110)) - 2a15bd7e-7896-4db0-9e08-f7464bcd33ee@group-CA206D264F63->cf3a7bfa-0a59-4cf0-978b-44f71b96abbc-GrpcLogAppender: Leader has not got in touch with Follower 2a15bd7e-7896-4db0-9e08-f7464bcd33ee@group-CA206D264F63->cf3a7bfa-0a59-4cf0-978b-44f71b96abbc(c-1,m0,n1, attendVote=true, lastRpcSendTime=2506, lastRpcResponseTime=12774) yet, just keep nextIndex unchanged and retry.
2022-02-24 16:56:58,959 [grpc-default-executor-0] WARN  server.GrpcLogAppender (LogUtils.java:warn(122)) - 2ccab0b5-4479-416a-9931-5373164cc31d@group-00F5C2898BFA->6aa02a95-f8ab-442c-9ba0-fd232060c81a-AppendLogResponseHandler: Failed appendEntries: org.apache.ratis.thirdparty.io.grpc.StatusRuntimeException: UNAVAILABLE: io exception
2022-02-24 16:56:58,959 [grpc-default-executor-0] WARN  server.GrpcLogAppender (GrpcLogAppender.java:resetClient(110)) - 2ccab0b5-4479-416a-9931-5373164cc31d@group-00F5C2898BFA->6aa02a95-f8ab-442c-9ba0-fd232060c81a-GrpcLogAppender: Leader has not got in touch with Follower 2ccab0b5-4479-416a-9931-5373164cc31d@group-00F5C2898BFA->6aa02a95-f8ab-442c-9ba0-fd232060c81a(c0,m0,n1, attendVote=true, lastRpcSendTime=2504, lastRpcResponseTime=10049) yet, just keep nextIndex unchanged and retry.
2022-02-24 16:56:58,971 [grpc-default-executor-0] WARN  server.GrpcLogAppender (LogUtils.java:warn(122)) - 37eb1d61-39bb-4850-ab96-a7546aa7d2af@group-05E598691DA2->6aa02a95-f8ab-442c-9ba0-fd232060c81a-AppendLogResponseHandler: Failed appendEntries: org.apache.ratis.thirdparty.io.grpc.StatusRuntimeException: UNAVAILABLE: io exception
2022-02-24 16:56:58,972 [grpc-default-executor-0] WARN  server.GrpcLogAppender (GrpcLogAppender.java:resetClient(110)) - 37eb1d61-39bb-4850-ab96-a7546aa7d2af@group-05E598691DA2->6aa02a95-f8ab-442c-9ba0-fd232060c81a-GrpcLogAppender: Leader has not got in touch with Follower 37eb1d61-39bb-4850-ab96-a7546aa7d2af@group-05E598691DA2->6aa02a95-f8ab-442c-9ba0-fd232060c81a(c0,m0,n1, attendVote=true, lastRpcSendTime=0, lastRpcResponseTime=10073) yet, just keep nextIndex unchanged and retry.
2022-02-24 16:56:59,689 [grpc-default-executor-0] WARN  server.GrpcLogAppender (LogUtils.java:warn(122)) - b07270f0-c5b1-4afe-99f3-aa5758d6ba5c@group-D784B15B949E->cf3a7bfa-0a59-4cf0-978b-44f71b96abbc-AppendLogResponseHandler: Failed appendEntries: org.apache.ratis.thirdparty.io.grpc.StatusRuntimeException: UNAVAILABLE: io exception
2022-02-24 16:56:59,690 [grpc-default-executor-0] WARN  server.GrpcLogAppender (GrpcLogAppender.java:resetClient(110)) - b07270f0-c5b1-4afe-99f3-aa5758d6ba5c@group-D784B15B949E->cf3a7bfa-0a59-4cf0-978b-44f71b96abbc-GrpcLogAppender: Leader has not got in touch with Follower b07270f0-c5b1-4afe-99f3-aa5758d6ba5c@group-D784B15B949E->cf3a7bfa-0a59-4cf0-978b-44f71b96abbc(c-1,m0,n1, attendVote=true, lastRpcSendTime=2511, lastRpcResponseTime=10265) yet, just keep nextIndex unchanged and retry.
2022-02-24 16:56:59,869 [2a15bd7e-7896-4db0-9e08-f7464bcd33ee@group-D7E6B7717086-FollowerState] INFO  impl.FollowerState (FollowerState.java:run(134)) - 2a15bd7e-7896-4db0-9e08-f7464bcd33ee@group-D7E6B7717086-FollowerState: change to CANDIDATE, lastRpcElapsedTime:5069027316ns, electionTimeout:5021ms
2022-02-24 16:56:59,869 [2a15bd7e-7896-4db0-9e08-f7464bcd33ee@group-D7E6B7717086-FollowerState] INFO  impl.RoleInfo (RoleInfo.java:shutdownFollowerState(108)) - 2a15bd7e-7896-4db0-9e08-f7464bcd33ee: shutdown 2a15bd7e-7896-4db0-9e08-f7464bcd33ee@group-D7E6B7717086-FollowerState
2022-02-24 16:56:59,869 [2a15bd7e-7896-4db0-9e08-f7464bcd33ee@group-D7E6B7717086-FollowerState] INFO  server.RaftServer$Division (RaftServerImpl.java:setRole(290)) - 2a15bd7e-7896-4db0-9e08-f7464bcd33ee@group-D7E6B7717086: changes role from  FOLLOWER to CANDIDATE at term 2 for changeToCandidate
2022-02-24 16:56:59,874 [2a15bd7e-7896-4db0-9e08-f7464bcd33ee@group-D7E6B7717086-FollowerState] INFO  server.RaftServerConfigKeys (ConfUtils.java:logGet(44)) - raft.server.leaderelection.pre-vote = false (custom)
2022-02-24 16:56:59,874 [2a15bd7e-7896-4db0-9e08-f7464bcd33ee@group-D7E6B7717086-FollowerState] INFO  impl.RoleInfo (RoleInfo.java:updateAndGet(130)) - 2a15bd7e-7896-4db0-9e08-f7464bcd33ee: start 2a15bd7e-7896-4db0-9e08-f7464bcd33ee@group-D7E6B7717086-LeaderElection82
2022-02-24 16:56:59,880 [6b991a1f-9e77-4b13-a483-fcde5672bd4a@group-D7E6B7717086-FollowerState] INFO  impl.FollowerState (FollowerState.java:run(134)) - 6b991a1f-9e77-4b13-a483-fcde5672bd4a@group-D7E6B7717086-FollowerState: change to CANDIDATE, lastRpcElapsedTime:5056987153ns, electionTimeout:5053ms
2022-02-24 16:56:59,880 [6b991a1f-9e77-4b13-a483-fcde5672bd4a@group-D7E6B7717086-FollowerState] INFO  impl.RoleInfo (RoleInfo.java:shutdownFollowerState(108)) - 6b991a1f-9e77-4b13-a483-fcde5672bd4a: shutdown 6b991a1f-9e77-4b13-a483-fcde5672bd4a@group-D7E6B7717086-FollowerState
2022-02-24 16:56:59,880 [6b991a1f-9e77-4b13-a483-fcde5672bd4a@group-D7E6B7717086-FollowerState] INFO  server.RaftServer$Division (RaftServerImpl.java:setRole(290)) - 6b991a1f-9e77-4b13-a483-fcde5672bd4a@group-D7E6B7717086: changes role from  FOLLOWER to CANDIDATE at term 2 for changeToCandidate
2022-02-24 16:56:59,895 [6b991a1f-9e77-4b13-a483-fcde5672bd4a@group-D7E6B7717086-FollowerState] INFO  server.RaftServerConfigKeys (ConfUtils.java:logGet(44)) - raft.server.leaderelection.pre-vote = false (custom)
2022-02-24 16:56:59,895 [6b991a1f-9e77-4b13-a483-fcde5672bd4a@group-D7E6B7717086-FollowerState] INFO  impl.RoleInfo (RoleInfo.java:updateAndGet(130)) - 6b991a1f-9e77-4b13-a483-fcde5672bd4a: start 6b991a1f-9e77-4b13-a483-fcde5672bd4a@group-D7E6B7717086-LeaderElection83
2022-02-24 16:56:59,900 [2a15bd7e-7896-4db0-9e08-f7464bcd33ee@group-D7E6B7717086-LeaderElection82] INFO  impl.LeaderElection (LeaderElection.java:askForVotes(306)) - 2a15bd7e-7896-4db0-9e08-f7464bcd33ee@group-D7E6B7717086-LeaderElection82 ELECTION round 0: submit vote requests at term 3 for -1: [6b991a1f-9e77-4b13-a483-fcde5672bd4a|rpc:10.1.0.37:38289|dataStream:|priority:0, 2a15bd7e-7896-4db0-9e08-f7464bcd33ee|rpc:10.1.0.37:41995|dataStream:|priority:1, cf3a7bfa-0a59-4cf0-978b-44f71b96abbc|rpc:10.1.0.37:40183|dataStream:|priority:0], old=null
2022-02-24 16:56:59,928 [6b991a1f-9e77-4b13-a483-fcde5672bd4a@group-D7E6B7717086-LeaderElection83] INFO  impl.LeaderElection (LeaderElection.java:askForVotes(306)) - 6b991a1f-9e77-4b13-a483-fcde5672bd4a@group-D7E6B7717086-LeaderElection83 ELECTION round 0: submit vote requests at term 3 for -1: [6b991a1f-9e77-4b13-a483-fcde5672bd4a|rpc:10.1.0.37:38289|dataStream:|priority:0, 2a15bd7e-7896-4db0-9e08-f7464bcd33ee|rpc:10.1.0.37:41995|dataStream:|priority:1, cf3a7bfa-0a59-4cf0-978b-44f71b96abbc|rpc:10.1.0.37:40183|dataStream:|priority:0], old=null
2022-02-24 16:56:59,978 [2a15bd7e-7896-4db0-9e08-f7464bcd33ee@group-D7E6B7717086-LeaderElection82] INFO  impl.LeaderElection (LogUtils.java:infoOrTrace(137)) - 2a15bd7e-7896-4db0-9e08-f7464bcd33ee@group-D7E6B7717086-LeaderElection82 got exception when requesting votes: java.util.concurrent.ExecutionException: org.apache.ratis.thirdparty.io.grpc.StatusRuntimeException: UNAVAILABLE: io exception
2022-02-24 16:56:59,978 [6b991a1f-9e77-4b13-a483-fcde5672bd4a@group-D7E6B7717086-LeaderElection83] INFO  impl.LeaderElection (LogUtils.java:infoOrTrace(137)) - 6b991a1f-9e77-4b13-a483-fcde5672bd4a@group-D7E6B7717086-LeaderElection83 got exception when requesting votes: java.util.concurrent.ExecutionException: org.apache.ratis.thirdparty.io.grpc.StatusRuntimeException: UNAVAILABLE: io exception
2022-02-24 16:56:59,979 [grpc-default-executor-0] INFO  server.RaftServer$Division (RaftServerImpl.java:requestVote(1046)) - 2a15bd7e-7896-4db0-9e08-f7464bcd33ee@group-D7E6B7717086: receive requestVote(ELECTION, 6b991a1f-9e77-4b13-a483-fcde5672bd4a, group-D7E6B7717086, 3, (t:0, i:0))
2022-02-24 16:56:59,979 [grpc-default-executor-0] INFO  impl.VoteContext (VoteContext.java:log(48)) - 2a15bd7e-7896-4db0-9e08-f7464bcd33ee@group-D7E6B7717086-CANDIDATE: reject ELECTION from 6b991a1f-9e77-4b13-a483-fcde5672bd4a: already has voted for 2a15bd7e-7896-4db0-9e08-f7464bcd33ee at current term 3
2022-02-24 16:56:59,979 [grpc-default-executor-0] INFO  server.RaftServer$Division (RaftServerImpl.java:requestVote(1078)) - 2a15bd7e-7896-4db0-9e08-f7464bcd33ee@group-D7E6B7717086 replies to ELECTION vote request: 6b991a1f-9e77-4b13-a483-fcde5672bd4a<-2a15bd7e-7896-4db0-9e08-f7464bcd33ee#0:FAIL-t3. Peer's state: 2a15bd7e-7896-4db0-9e08-f7464bcd33ee@group-D7E6B7717086:t3, leader=null, voted=2a15bd7e-7896-4db0-9e08-f7464bcd33ee, raftlog=2a15bd7e-7896-4db0-9e08-f7464bcd33ee@group-D7E6B7717086-SegmentedRaftLog:OPENED:c-1, conf=-1: [6b991a1f-9e77-4b13-a483-fcde5672bd4a|rpc:10.1.0.37:38289|dataStream:|priority:0, 2a15bd7e-7896-4db0-9e08-f7464bcd33ee|rpc:10.1.0.37:41995|dataStream:|priority:1, cf3a7bfa-0a59-4cf0-978b-44f71b96abbc|rpc:10.1.0.37:40183|dataStream:|priority:0], old=null
2022-02-24 16:56:59,980 [grpc-default-executor-0] INFO  server.RaftServer$Division (RaftServerImpl.java:requestVote(1046)) - 6b991a1f-9e77-4b13-a483-fcde5672bd4a@group-D7E6B7717086: receive requestVote(ELECTION, 2a15bd7e-7896-4db0-9e08-f7464bcd33ee, group-D7E6B7717086, 3, (t:0, i:0))
2022-02-24 16:56:59,980 [6b991a1f-9e77-4b13-a483-fcde5672bd4a@group-D7E6B7717086-LeaderElection83] INFO  impl.LeaderElection (LeaderElection.java:logAndReturn(89)) - 6b991a1f-9e77-4b13-a483-fcde5672bd4a@group-D7E6B7717086-LeaderElection83: ELECTION REJECTED received 1 response(s) and 1 exception(s):
2022-02-24 16:56:59,981 [6b991a1f-9e77-4b13-a483-fcde5672bd4a@group-D7E6B7717086-LeaderElection83] INFO  impl.LeaderElection (LeaderElection.java:logAndReturn(93)) -   Response 0: 6b991a1f-9e77-4b13-a483-fcde5672bd4a<-2a15bd7e-7896-4db0-9e08-f7464bcd33ee#0:FAIL-t3
2022-02-24 16:56:59,981 [6b991a1f-9e77-4b13-a483-fcde5672bd4a@group-D7E6B7717086-LeaderElection83] INFO  impl.LeaderElection (LogUtils.java:infoOrTrace(137)) -   Exception 1: java.util.concurrent.ExecutionException: org.apache.ratis.thirdparty.io.grpc.StatusRuntimeException: UNAVAILABLE: io exception
2022-02-24 16:56:59,981 [6b991a1f-9e77-4b13-a483-fcde5672bd4a@group-D7E6B7717086-LeaderElection83] INFO  impl.LeaderElection (LeaderElection.java:askForVotes(308)) - 6b991a1f-9e77-4b13-a483-fcde5672bd4a@group-D7E6B7717086-LeaderElection83 ELECTION round 0: result REJECTED
2022-02-24 16:56:59,981 [grpc-default-executor-0] INFO  impl.VoteContext (VoteContext.java:log(48)) - 6b991a1f-9e77-4b13-a483-fcde5672bd4a@group-D7E6B7717086-CANDIDATE: reject ELECTION from 2a15bd7e-7896-4db0-9e08-f7464bcd33ee: already has voted for 6b991a1f-9e77-4b13-a483-fcde5672bd4a at current term 3
2022-02-24 16:56:59,981 [grpc-default-executor-0] INFO  server.RaftServer$Division (RaftServerImpl.java:requestVote(1078)) - 6b991a1f-9e77-4b13-a483-fcde5672bd4a@group-D7E6B7717086 replies to ELECTION vote request: 2a15bd7e-7896-4db0-9e08-f7464bcd33ee<-6b991a1f-9e77-4b13-a483-fcde5672bd4a#0:FAIL-t3. Peer's state: 6b991a1f-9e77-4b13-a483-fcde5672bd4a@group-D7E6B7717086:t3, leader=null, voted=6b991a1f-9e77-4b13-a483-fcde5672bd4a, raftlog=6b991a1f-9e77-4b13-a483-fcde5672bd4a@group-D7E6B7717086-SegmentedRaftLog:OPENED:c-1, conf=-1: [6b991a1f-9e77-4b13-a483-fcde5672bd4a|rpc:10.1.0.37:38289|dataStream:|priority:0, 2a15bd7e-7896-4db0-9e08-f7464bcd33ee|rpc:10.1.0.37:41995|dataStream:|priority:1, cf3a7bfa-0a59-4cf0-978b-44f71b96abbc|rpc:10.1.0.37:40183|dataStream:|priority:0], old=null
2022-02-24 16:56:59,981 [6b991a1f-9e77-4b13-a483-fcde5672bd4a@group-D7E6B7717086-LeaderElection83] INFO  server.RaftServer$Division (RaftServerImpl.java:setRole(290)) - 6b991a1f-9e77-4b13-a483-fcde5672bd4a@group-D7E6B7717086: changes role from CANDIDATE to FOLLOWER at term 3 for REJECTED
2022-02-24 16:56:59,981 [6b991a1f-9e77-4b13-a483-fcde5672bd4a@group-D7E6B7717086-LeaderElection83] INFO  impl.RoleInfo (RoleInfo.java:shutdownLeaderElection(121)) - 6b991a1f-9e77-4b13-a483-fcde5672bd4a: shutdown 6b991a1f-9e77-4b13-a483-fcde5672bd4a@group-D7E6B7717086-LeaderElection83
2022-02-24 16:56:59,981 [6b991a1f-9e77-4b13-a483-fcde5672bd4a@group-D7E6B7717086-LeaderElection83] INFO  impl.RoleInfo (RoleInfo.java:updateAndGet(130)) - 6b991a1f-9e77-4b13-a483-fcde5672bd4a: start 6b991a1f-9e77-4b13-a483-fcde5672bd4a@group-D7E6B7717086-FollowerState
2022-02-24 16:57:00,003 [2a15bd7e-7896-4db0-9e08-f7464bcd33ee@group-D7E6B7717086-LeaderElection82] INFO  impl.LeaderElection (LeaderElection.java:logAndReturn(89)) - 2a15bd7e-7896-4db0-9e08-f7464bcd33ee@group-D7E6B7717086-LeaderElection82: ELECTION REJECTED received 1 response(s) and 1 exception(s):
2022-02-24 16:57:00,003 [2a15bd7e-7896-4db0-9e08-f7464bcd33ee@group-D7E6B7717086-LeaderElection82] INFO  impl.LeaderElection (LeaderElection.java:logAndReturn(93)) -   Response 0: 2a15bd7e-7896-4db0-9e08-f7464bcd33ee<-6b991a1f-9e77-4b13-a483-fcde5672bd4a#0:FAIL-t3
2022-02-24 16:57:00,003 [2a15bd7e-7896-4db0-9e08-f7464bcd33ee@group-D7E6B7717086-LeaderElection82] INFO  impl.LeaderElection (LogUtils.java:infoOrTrace(137)) -   Exception 1: java.util.concurrent.ExecutionException: org.apache.ratis.thirdparty.io.grpc.StatusRuntimeException: UNAVAILABLE: io exception
2022-02-24 16:57:00,003 [2a15bd7e-7896-4db0-9e08-f7464bcd33ee@group-D7E6B7717086-LeaderElection82] INFO  impl.LeaderElection (LeaderElection.java:askForVotes(308)) - 2a15bd7e-7896-4db0-9e08-f7464bcd33ee@group-D7E6B7717086-LeaderElection82 ELECTION round 0: result REJECTED
2022-02-24 16:57:00,003 [2a15bd7e-7896-4db0-9e08-f7464bcd33ee@group-D7E6B7717086-LeaderElection82] INFO  server.RaftServer$Division (RaftServerImpl.java:setRole(290)) - 2a15bd7e-7896-4db0-9e08-f7464bcd33ee@group-D7E6B7717086: changes role from CANDIDATE to FOLLOWER at term 3 for REJECTED
2022-02-24 16:57:00,003 [2a15bd7e-7896-4db0-9e08-f7464bcd33ee@group-D7E6B7717086-LeaderElection82] INFO  impl.RoleInfo (RoleInfo.java:shutdownLeaderElection(121)) - 2a15bd7e-7896-4db0-9e08-f7464bcd33ee: shutdown 2a15bd7e-7896-4db0-9e08-f7464bcd33ee@group-D7E6B7717086-LeaderElection82
2022-02-24 16:57:00,003 [2a15bd7e-7896-4db0-9e08-f7464bcd33ee@group-D7E6B7717086-LeaderElection82] INFO  impl.RoleInfo (RoleInfo.java:updateAndGet(130)) - 2a15bd7e-7896-4db0-9e08-f7464bcd33ee: start 2a15bd7e-7896-4db0-9e08-f7464bcd33ee@group-D7E6B7717086-FollowerState
2022-02-24 16:57:00,023 [ForkJoinPool.commonPool-worker-0] INFO  ozoneimpl.OzoneContainer (OzoneContainer.java:stop(356)) - Attempting to stop container services.
2022-02-24 16:57:00,023 [Listener at 127.0.0.1/44987] INFO  ozoneimpl.OzoneContainer (OzoneContainer.java:stop(356)) - Attempting to stop container services.
2022-02-24 16:57:00,024 [Listener at 127.0.0.1/44987] INFO  server.RaftServer (RaftServerProxy.java:lambda$close$6(391)) - b07270f0-c5b1-4afe-99f3-aa5758d6ba5c: close
2022-02-24 16:57:00,024 [Listener at 127.0.0.1/44987] INFO  server.RaftServer$Division (RaftServerImpl.java:lambda$close$4(412)) - b07270f0-c5b1-4afe-99f3-aa5758d6ba5c@group-D784B15B949E: shutdown
2022-02-24 16:57:00,024 [Listener at 127.0.0.1/44987] INFO  util.JmxRegister (JmxRegister.java:unregister(73)) - Successfully un-registered JMX Bean with object name Ratis:service=RaftServer,group=group-D784B15B949E,id=b07270f0-c5b1-4afe-99f3-aa5758d6ba5c
2022-02-24 16:57:00,024 [Listener at 127.0.0.1/44987] INFO  impl.RoleInfo (RoleInfo.java:shutdownLeaderState(91)) - b07270f0-c5b1-4afe-99f3-aa5758d6ba5c: shutdown b07270f0-c5b1-4afe-99f3-aa5758d6ba5c@group-D784B15B949E-LeaderStateImpl
2022-02-24 16:57:00,024 [Listener at 127.0.0.1/44987] INFO  impl.PendingRequests (PendingRequests.java:sendNotLeaderResponses(282)) - b07270f0-c5b1-4afe-99f3-aa5758d6ba5c@group-D784B15B949E-PendingRequests: sendNotLeaderResponses
2022-02-24 16:57:00,025 [Listener at 127.0.0.1/44987] INFO  impl.StateMachineUpdater (StateMachineUpdater.java:stopAndJoin(149)) - b07270f0-c5b1-4afe-99f3-aa5758d6ba5c@group-D784B15B949E-StateMachineUpdater: set stopIndex = 0
2022-02-24 16:57:00,034 [b07270f0-c5b1-4afe-99f3-aa5758d6ba5c@group-D784B15B949E-StateMachineUpdater] INFO  ratis.ContainerStateMachine (ContainerStateMachine.java:takeSnapshot(304)) - group-D784B15B949E: Taking a snapshot at:(t:2, i:0) file /home/runner/work/ozone/ozone/hadoop-ozone/integration-test/target/test-dir/MiniOzoneClusterImpl-a9e0dedd-d836-4895-9472-52c2256152d3/datanode-0/data/ratis/9d89eb0f-cdb5-491e-824c-d784b15b949e/sm/snapshot.2_0
2022-02-24 16:57:00,034 [ForkJoinPool.commonPool-worker-0] INFO  server.RaftServer (RaftServerProxy.java:lambda$close$6(391)) - 2a15bd7e-7896-4db0-9e08-f7464bcd33ee: close
2022-02-24 16:57:00,034 [ForkJoinPool.commonPool-worker-0] INFO  server.RaftServer$Division (RaftServerImpl.java:lambda$close$4(412)) - 2a15bd7e-7896-4db0-9e08-f7464bcd33ee@group-D7E6B7717086: shutdown
2022-02-24 16:57:00,034 [ForkJoinPool.commonPool-worker-0] INFO  util.JmxRegister (JmxRegister.java:unregister(73)) - Successfully un-registered JMX Bean with object name Ratis:service=RaftServer,group=group-D7E6B7717086,id=2a15bd7e-7896-4db0-9e08-f7464bcd33ee
2022-02-24 16:57:00,034 [ForkJoinPool.commonPool-worker-0] INFO  impl.RoleInfo (RoleInfo.java:shutdownFollowerState(108)) - 2a15bd7e-7896-4db0-9e08-f7464bcd33ee: shutdown 2a15bd7e-7896-4db0-9e08-f7464bcd33ee@group-D7E6B7717086-FollowerState
2022-02-24 16:57:00,035 [ForkJoinPool.commonPool-worker-0] INFO  impl.StateMachineUpdater (StateMachineUpdater.java:stopAndJoin(149)) - 2a15bd7e-7896-4db0-9e08-f7464bcd33ee@group-D7E6B7717086-StateMachineUpdater: set stopIndex = -1
2022-02-24 16:57:00,035 [ForkJoinPool.commonPool-worker-0] INFO  server.RaftServer$Division (ServerState.java:close(419)) - 2a15bd7e-7896-4db0-9e08-f7464bcd33ee@group-D7E6B7717086: closes. applyIndex: -1
2022-02-24 16:57:00,035 [2a15bd7e-7896-4db0-9e08-f7464bcd33ee@group-D7E6B7717086-SegmentedRaftLogWorker] INFO  segmented.SegmentedRaftLogWorker (SegmentedRaftLogWorker.java:run(327)) - 2a15bd7e-7896-4db0-9e08-f7464bcd33ee@group-D7E6B7717086-SegmentedRaftLogWorker was interrupted, exiting. There are 0 tasks remaining in the queue.
2022-02-24 16:57:00,035 [b07270f0-c5b1-4afe-99f3-aa5758d6ba5c@group-D784B15B949E-StateMachineUpdater] INFO  ratis.ContainerStateMachine (ContainerStateMachine.java:takeSnapshot(315)) - group-D784B15B949E: Finished taking a snapshot at:(t:2, i:0) file:/home/runner/work/ozone/ozone/hadoop-ozone/integration-test/target/test-dir/MiniOzoneClusterImpl-a9e0dedd-d836-4895-9472-52c2256152d3/datanode-0/data/ratis/9d89eb0f-cdb5-491e-824c-d784b15b949e/sm/snapshot.2_0 took: 1 ms
2022-02-24 16:57:00,035 [b07270f0-c5b1-4afe-99f3-aa5758d6ba5c@group-D784B15B949E-StateMachineUpdater] INFO  impl.StateMachineUpdater (StateMachineUpdater.java:takeSnapshot(281)) - b07270f0-c5b1-4afe-99f3-aa5758d6ba5c@group-D784B15B949E-StateMachineUpdater: Took a snapshot at index 0
2022-02-24 16:57:00,035 [b07270f0-c5b1-4afe-99f3-aa5758d6ba5c@group-D784B15B949E-StateMachineUpdater] INFO  impl.StateMachineUpdater (StateMachineUpdater.java:lambda$new$0(89)) - b07270f0-c5b1-4afe-99f3-aa5758d6ba5c@group-D784B15B949E-StateMachineUpdater: snapshotIndex: updateIncreasingly -1 -> 0
2022-02-24 16:57:00,036 [ForkJoinPool.commonPool-worker-0] INFO  segmented.SegmentedRaftLogWorker (SegmentedRaftLogWorker.java:close(237)) - 2a15bd7e-7896-4db0-9e08-f7464bcd33ee@group-D7E6B7717086-SegmentedRaftLogWorker close()
2022-02-24 16:57:00,036 [Listener at 127.0.0.1/44987] INFO  server.RaftServer$Division (ServerState.java:close(419)) - b07270f0-c5b1-4afe-99f3-aa5758d6ba5c@group-D784B15B949E: closes. applyIndex: 0
2022-02-24 16:57:00,036 [b07270f0-c5b1-4afe-99f3-aa5758d6ba5c@group-D784B15B949E-SegmentedRaftLogWorker] INFO  segmented.SegmentedRaftLogWorker (SegmentedRaftLogWorker.java:run(327)) - b07270f0-c5b1-4afe-99f3-aa5758d6ba5c@group-D784B15B949E-SegmentedRaftLogWorker was interrupted, exiting. There are 0 tasks remaining in the queue.
2022-02-24 16:57:00,044 [ForkJoinPool.commonPool-worker-0] INFO  server.RaftServer$Division (RaftServerImpl.java:lambda$close$4(412)) - 2a15bd7e-7896-4db0-9e08-f7464bcd33ee@group-FF6F608FF5FD: shutdown
2022-02-24 16:57:00,044 [ForkJoinPool.commonPool-worker-0] INFO  util.JmxRegister (JmxRegister.java:unregister(73)) - Successfully un-registered JMX Bean with object name Ratis:service=RaftServer,group=group-FF6F608FF5FD,id=2a15bd7e-7896-4db0-9e08-f7464bcd33ee
2022-02-24 16:57:00,044 [ForkJoinPool.commonPool-worker-0] INFO  impl.RoleInfo (RoleInfo.java:shutdownLeaderState(91)) - 2a15bd7e-7896-4db0-9e08-f7464bcd33ee: shutdown 2a15bd7e-7896-4db0-9e08-f7464bcd33ee@group-FF6F608FF5FD-LeaderStateImpl
2022-02-24 16:57:00,044 [b07270f0-c5b1-4afe-99f3-aa5758d6ba5c@group-D784B15B949E->6b991a1f-9e77-4b13-a483-fcde5672bd4a-GrpcLogAppender-LogAppenderDaemon] WARN  server.GrpcLogAppender (GrpcLogAppender.java:mayWait(177)) - b07270f0-c5b1-4afe-99f3-aa5758d6ba5c@group-D784B15B949E->6b991a1f-9e77-4b13-a483-fcde5672bd4a-GrpcLogAppender: Wait interrupted by java.lang.InterruptedException
2022-02-24 16:57:00,044 [ForkJoinPool.commonPool-worker-0] INFO  impl.PendingRequests (PendingRequests.java:sendNotLeaderResponses(282)) - 2a15bd7e-7896-4db0-9e08-f7464bcd33ee@group-FF6F608FF5FD-PendingRequests: sendNotLeaderResponses
2022-02-24 16:57:00,075 [2a15bd7e-7896-4db0-9e08-f7464bcd33ee@group-D7E6B7717086-FollowerState] INFO  impl.FollowerState (FollowerState.java:run(143)) - 2a15bd7e-7896-4db0-9e08-f7464bcd33ee@group-D7E6B7717086-FollowerState was interrupted: {}
java.lang.InterruptedException: sleep interrupted
	at java.lang.Thread.sleep(Native Method)
	at java.lang.Thread.sleep(Thread.java:342)
	at java.util.concurrent.TimeUnit.sleep(TimeUnit.java:386)
	at org.apache.ratis.util.TimeDuration.sleep(TimeDuration.java:324)
	at org.apache.ratis.util.TimeDuration.sleep(TimeDuration.java:309)
	at org.apache.ratis.server.impl.FollowerState.run(FollowerState.java:118)
2022-02-24 16:57:00,077 [ForkJoinPool.commonPool-worker-0] INFO  impl.StateMachineUpdater (StateMachineUpdater.java:stopAndJoin(149)) - 2a15bd7e-7896-4db0-9e08-f7464bcd33ee@group-FF6F608FF5FD-StateMachineUpdater: set stopIndex = 13
2022-02-24 16:57:00,077 [2a15bd7e-7896-4db0-9e08-f7464bcd33ee@group-FF6F608FF5FD-StateMachineUpdater] INFO  ratis.ContainerStateMachine (ContainerStateMachine.java:takeSnapshot(304)) - group-FF6F608FF5FD: Taking a snapshot at:(t:1, i:13) file /home/runner/work/ozone/ozone/hadoop-ozone/integration-test/target/test-dir/MiniOzoneClusterImpl-a9e0dedd-d836-4895-9472-52c2256152d3/datanode-2/data/ratis/5f44144d-712d-461a-aa66-ff6f608ff5fd/sm/snapshot.1_13
2022-02-24 16:57:00,079 [2a15bd7e-7896-4db0-9e08-f7464bcd33ee@group-FF6F608FF5FD-StateMachineUpdater] INFO  ratis.ContainerStateMachine (ContainerStateMachine.java:takeSnapshot(315)) - group-FF6F608FF5FD: Finished taking a snapshot at:(t:1, i:13) file:/home/runner/work/ozone/ozone/hadoop-ozone/integration-test/target/test-dir/MiniOzoneClusterImpl-a9e0dedd-d836-4895-9472-52c2256152d3/datanode-2/data/ratis/5f44144d-712d-461a-aa66-ff6f608ff5fd/sm/snapshot.1_13 took: 2 ms
2022-02-24 16:57:00,080 [2a15bd7e-7896-4db0-9e08-f7464bcd33ee@group-FF6F608FF5FD-StateMachineUpdater] INFO  impl.StateMachineUpdater (StateMachineUpdater.java:takeSnapshot(281)) - 2a15bd7e-7896-4db0-9e08-f7464bcd33ee@group-FF6F608FF5FD-StateMachineUpdater: Took a snapshot at index 13
2022-02-24 16:57:00,080 [2a15bd7e-7896-4db0-9e08-f7464bcd33ee@group-FF6F608FF5FD-StateMachineUpdater] INFO  impl.StateMachineUpdater (StateMachineUpdater.java:lambda$new$0(89)) - 2a15bd7e-7896-4db0-9e08-f7464bcd33ee@group-FF6F608FF5FD-StateMachineUpdater: snapshotIndex: updateIncreasingly -1 -> 13
2022-02-24 16:57:00,080 [ForkJoinPool.commonPool-worker-0] INFO  server.RaftServer$Division (ServerState.java:close(419)) - 2a15bd7e-7896-4db0-9e08-f7464bcd33ee@group-FF6F608FF5FD: closes. applyIndex: 13
2022-02-24 16:57:00,080 [2a15bd7e-7896-4db0-9e08-f7464bcd33ee@group-FF6F608FF5FD-SegmentedRaftLogWorker] INFO  segmented.SegmentedRaftLogWorker (SegmentedRaftLogWorker.java:run(327)) - 2a15bd7e-7896-4db0-9e08-f7464bcd33ee@group-FF6F608FF5FD-SegmentedRaftLogWorker was interrupted, exiting. There are 0 tasks remaining in the queue.
2022-02-24 16:57:00,089 [grpc-default-executor-0] WARN  server.GrpcLogAppender (LogUtils.java:warn(122)) - 2a15bd7e-7896-4db0-9e08-f7464bcd33ee@group-CA206D264F63->cf3a7bfa-0a59-4cf0-978b-44f71b96abbc-AppendLogResponseHandler: Failed appendEntries: org.apache.ratis.thirdparty.io.grpc.StatusRuntimeException: UNAVAILABLE: io exception
2022-02-24 16:57:00,090 [grpc-default-executor-0] WARN  server.GrpcLogAppender (GrpcLogAppender.java:resetClient(110)) - 2a15bd7e-7896-4db0-9e08-f7464bcd33ee@group-CA206D264F63->cf3a7bfa-0a59-4cf0-978b-44f71b96abbc-GrpcLogAppender: Leader has not got in touch with Follower 2a15bd7e-7896-4db0-9e08-f7464bcd33ee@group-CA206D264F63->cf3a7bfa-0a59-4cf0-978b-44f71b96abbc(c-1,m0,n1, attendVote=true, lastRpcSendTime=2511, lastRpcResponseTime=15286) yet, just keep nextIndex unchanged and retry.
2022-02-24 16:57:00,095 [Listener at 127.0.0.1/44987] INFO  segmented.SegmentedRaftLogWorker (SegmentedRaftLogWorker.java:close(237)) - b07270f0-c5b1-4afe-99f3-aa5758d6ba5c@group-D784B15B949E-SegmentedRaftLogWorker close()
2022-02-24 16:57:00,095 [ForkJoinPool.commonPool-worker-0] INFO  segmented.SegmentedRaftLogWorker (SegmentedRaftLogWorker.java:close(237)) - 2a15bd7e-7896-4db0-9e08-f7464bcd33ee@group-FF6F608FF5FD-SegmentedRaftLogWorker close()
2022-02-24 16:57:00,095 [ForkJoinPool.commonPool-worker-0] INFO  server.RaftServer$Division (RaftServerImpl.java:lambda$close$4(412)) - 2a15bd7e-7896-4db0-9e08-f7464bcd33ee@group-CA206D264F63: shutdown
2022-02-24 16:57:00,095 [ForkJoinPool.commonPool-worker-0] INFO  util.JmxRegister (JmxRegister.java:unregister(73)) - Successfully un-registered JMX Bean with object name Ratis:service=RaftServer,group=group-CA206D264F63,id=2a15bd7e-7896-4db0-9e08-f7464bcd33ee
2022-02-24 16:57:00,095 [ForkJoinPool.commonPool-worker-0] INFO  impl.RoleInfo (RoleInfo.java:shutdownLeaderState(91)) - 2a15bd7e-7896-4db0-9e08-f7464bcd33ee: shutdown 2a15bd7e-7896-4db0-9e08-f7464bcd33ee@group-CA206D264F63-LeaderStateImpl
2022-02-24 16:57:00,095 [ForkJoinPool.commonPool-worker-0] INFO  impl.PendingRequests (PendingRequests.java:sendNotLeaderResponses(282)) - 2a15bd7e-7896-4db0-9e08-f7464bcd33ee@group-CA206D264F63-PendingRequests: sendNotLeaderResponses
2022-02-24 16:57:00,096 [ForkJoinPool.commonPool-worker-0] INFO  impl.StateMachineUpdater (StateMachineUpdater.java:stopAndJoin(149)) - 2a15bd7e-7896-4db0-9e08-f7464bcd33ee@group-CA206D264F63-StateMachineUpdater: set stopIndex = 0
2022-02-24 16:57:00,097 [2a15bd7e-7896-4db0-9e08-f7464bcd33ee@group-CA206D264F63->b07270f0-c5b1-4afe-99f3-aa5758d6ba5c-GrpcLogAppender-LogAppenderDaemon] WARN  server.GrpcLogAppender (GrpcLogAppender.java:mayWait(177)) - 2a15bd7e-7896-4db0-9e08-f7464bcd33ee@group-CA206D264F63->b07270f0-c5b1-4afe-99f3-aa5758d6ba5c-GrpcLogAppender: Wait interrupted by java.lang.InterruptedException
2022-02-24 16:57:00,098 [2a15bd7e-7896-4db0-9e08-f7464bcd33ee@group-CA206D264F63-StateMachineUpdater] INFO  ratis.ContainerStateMachine (ContainerStateMachine.java:takeSnapshot(304)) - group-CA206D264F63: Taking a snapshot at:(t:1, i:0) file /home/runner/work/ozone/ozone/hadoop-ozone/integration-test/target/test-dir/MiniOzoneClusterImpl-a9e0dedd-d836-4895-9472-52c2256152d3/datanode-2/data/ratis/a109b66f-d9f5-4f13-88ed-ca206d264f63/sm/snapshot.1_0
2022-02-24 16:57:00,100 [grpc-default-executor-5] INFO  server.GrpcServerProtocolService (GrpcServerProtocolService.java:onCompleted(140)) - b07270f0-c5b1-4afe-99f3-aa5758d6ba5c: Completed APPEND_ENTRIES, lastRequest: 2a15bd7e-7896-4db0-9e08-f7464bcd33ee->b07270f0-c5b1-4afe-99f3-aa5758d6ba5c#1-t1,previous=(t:0, i:0),leaderCommit=0,initializing? true,entries: size=1, first=(t:1, i:0), CONFIGURATIONENTRY
2022-02-24 16:57:00,100 [grpc-default-executor-0] INFO  server.GrpcServerProtocolService (GrpcServerProtocolService.java:onCompleted(140)) - 6b991a1f-9e77-4b13-a483-fcde5672bd4a: Completed APPEND_ENTRIES, lastRequest: b07270f0-c5b1-4afe-99f3-aa5758d6ba5c->6b991a1f-9e77-4b13-a483-fcde5672bd4a#1-t2,previous=(t:0, i:0),leaderCommit=0,initializing? true,entries: size=1, first=(t:2, i:0), CONFIGURATIONENTRY
2022-02-24 16:57:00,101 [2a15bd7e-7896-4db0-9e08-f7464bcd33ee@group-CA206D264F63-StateMachineUpdater] INFO  ratis.ContainerStateMachine (ContainerStateMachine.java:takeSnapshot(315)) - group-CA206D264F63: Finished taking a snapshot at:(t:1, i:0) file:/home/runner/work/ozone/ozone/hadoop-ozone/integration-test/target/test-dir/MiniOzoneClusterImpl-a9e0dedd-d836-4895-9472-52c2256152d3/datanode-2/data/ratis/a109b66f-d9f5-4f13-88ed-ca206d264f63/sm/snapshot.1_0 took: 3 ms
2022-02-24 16:57:00,101 [2a15bd7e-7896-4db0-9e08-f7464bcd33ee@group-CA206D264F63-StateMachineUpdater] INFO  impl.StateMachineUpdater (StateMachineUpdater.java:takeSnapshot(281)) - 2a15bd7e-7896-4db0-9e08-f7464bcd33ee@group-CA206D264F63-StateMachineUpdater: Took a snapshot at index 0
2022-02-24 16:57:00,101 [2a15bd7e-7896-4db0-9e08-f7464bcd33ee@group-CA206D264F63-StateMachineUpdater] INFO  impl.StateMachineUpdater (StateMachineUpdater.java:lambda$new$0(89)) - 2a15bd7e-7896-4db0-9e08-f7464bcd33ee@group-CA206D264F63-StateMachineUpdater: snapshotIndex: updateIncreasingly -1 -> 0
2022-02-24 16:57:00,102 [grpc-default-executor-0] INFO  server.GrpcLogAppender (GrpcLogAppender.java:onCompleted(346)) - b07270f0-c5b1-4afe-99f3-aa5758d6ba5c@group-D784B15B949E->6b991a1f-9e77-4b13-a483-fcde5672bd4a-AppendLogResponseHandler: follower responses appendEntries COMPLETED
2022-02-24 16:57:00,102 [grpc-default-executor-0] INFO  leader.FollowerInfo (FollowerInfoImpl.java:lambda$new$0(47)) - b07270f0-c5b1-4afe-99f3-aa5758d6ba5c@group-D784B15B949E->6b991a1f-9e77-4b13-a483-fcde5672bd4a: nextIndex: updateUnconditionally 1 -> 0
2022-02-24 16:57:00,102 [grpc-default-executor-0] INFO  server.GrpcLogAppender (GrpcLogAppender.java:onCompleted(346)) - 2a15bd7e-7896-4db0-9e08-f7464bcd33ee@group-CA206D264F63->b07270f0-c5b1-4afe-99f3-aa5758d6ba5c-AppendLogResponseHandler: follower responses appendEntries COMPLETED
2022-02-24 16:57:00,102 [grpc-default-executor-0] INFO  leader.FollowerInfo (FollowerInfoImpl.java:lambda$new$0(47)) - 2a15bd7e-7896-4db0-9e08-f7464bcd33ee@group-CA206D264F63->b07270f0-c5b1-4afe-99f3-aa5758d6ba5c: nextIndex: updateUnconditionally 1 -> 0
2022-02-24 16:57:00,103 [ForkJoinPool.commonPool-worker-0] INFO  server.RaftServer$Division (ServerState.java:close(419)) - 2a15bd7e-7896-4db0-9e08-f7464bcd33ee@group-CA206D264F63: closes. applyIndex: 0
2022-02-24 16:57:00,105 [2a15bd7e-7896-4db0-9e08-f7464bcd33ee@group-CA206D264F63-SegmentedRaftLogWorker] INFO  segmented.SegmentedRaftLogWorker (SegmentedRaftLogWorker.java:run(327)) - 2a15bd7e-7896-4db0-9e08-f7464bcd33ee@group-CA206D264F63-SegmentedRaftLogWorker was interrupted, exiting. There are 0 tasks remaining in the queue.
2022-02-24 16:57:00,112 [ForkJoinPool.commonPool-worker-0] INFO  segmented.SegmentedRaftLogWorker (SegmentedRaftLogWorker.java:close(237)) - 2a15bd7e-7896-4db0-9e08-f7464bcd33ee@group-CA206D264F63-SegmentedRaftLogWorker close()
2022-02-24 16:57:00,112 [Listener at 127.0.0.1/44987] INFO  server.RaftServer$Division (RaftServerImpl.java:lambda$close$4(412)) - b07270f0-c5b1-4afe-99f3-aa5758d6ba5c@group-BBC704AC6F1A: shutdown
2022-02-24 16:57:00,112 [Listener at 127.0.0.1/44987] INFO  util.JmxRegister (JmxRegister.java:unregister(73)) - Successfully un-registered JMX Bean with object name Ratis:service=RaftServer,group=group-BBC704AC6F1A,id=b07270f0-c5b1-4afe-99f3-aa5758d6ba5c
2022-02-24 16:57:00,112 [Listener at 127.0.0.1/44987] INFO  impl.RoleInfo (RoleInfo.java:shutdownLeaderState(91)) - b07270f0-c5b1-4afe-99f3-aa5758d6ba5c: shutdown b07270f0-c5b1-4afe-99f3-aa5758d6ba5c@group-BBC704AC6F1A-LeaderStateImpl
2022-02-24 16:57:00,112 [Listener at 127.0.0.1/44987] INFO  impl.PendingRequests (PendingRequests.java:sendNotLeaderResponses(282)) - b07270f0-c5b1-4afe-99f3-aa5758d6ba5c@group-BBC704AC6F1A-PendingRequests: sendNotLeaderResponses
2022-02-24 16:57:00,113 [Listener at 127.0.0.1/44987] INFO  impl.StateMachineUpdater (StateMachineUpdater.java:stopAndJoin(149)) - b07270f0-c5b1-4afe-99f3-aa5758d6ba5c@group-BBC704AC6F1A-StateMachineUpdater: set stopIndex = 0
2022-02-24 16:57:00,113 [b07270f0-c5b1-4afe-99f3-aa5758d6ba5c@group-BBC704AC6F1A-StateMachineUpdater] INFO  ratis.ContainerStateMachine (ContainerStateMachine.java:takeSnapshot(304)) - group-BBC704AC6F1A: Taking a snapshot at:(t:1, i:0) file /home/runner/work/ozone/ozone/hadoop-ozone/integration-test/target/test-dir/MiniOzoneClusterImpl-a9e0dedd-d836-4895-9472-52c2256152d3/datanode-0/data/ratis/4380a834-1b4d-4ba4-846d-bbc704ac6f1a/sm/snapshot.1_0
2022-02-24 16:57:00,119 [b07270f0-c5b1-4afe-99f3-aa5758d6ba5c@group-BBC704AC6F1A-StateMachineUpdater] INFO  ratis.ContainerStateMachine (ContainerStateMachine.java:takeSnapshot(315)) - group-BBC704AC6F1A: Finished taking a snapshot at:(t:1, i:0) file:/home/runner/work/ozone/ozone/hadoop-ozone/integration-test/target/test-dir/MiniOzoneClusterImpl-a9e0dedd-d836-4895-9472-52c2256152d3/datanode-0/data/ratis/4380a834-1b4d-4ba4-846d-bbc704ac6f1a/sm/snapshot.1_0 took: 6 ms
2022-02-24 16:57:00,119 [b07270f0-c5b1-4afe-99f3-aa5758d6ba5c@group-BBC704AC6F1A-StateMachineUpdater] INFO  impl.StateMachineUpdater (StateMachineUpdater.java:takeSnapshot(281)) - b07270f0-c5b1-4afe-99f3-aa5758d6ba5c@group-BBC704AC6F1A-StateMachineUpdater: Took a snapshot at index 0
2022-02-24 16:57:00,119 [b07270f0-c5b1-4afe-99f3-aa5758d6ba5c@group-BBC704AC6F1A-StateMachineUpdater] INFO  impl.StateMachineUpdater (StateMachineUpdater.java:lambda$new$0(89)) - b07270f0-c5b1-4afe-99f3-aa5758d6ba5c@group-BBC704AC6F1A-StateMachineUpdater: snapshotIndex: updateIncreasingly -1 -> 0
2022-02-24 16:57:00,119 [Listener at 127.0.0.1/44987] INFO  server.RaftServer$Division (ServerState.java:close(419)) - b07270f0-c5b1-4afe-99f3-aa5758d6ba5c@group-BBC704AC6F1A: closes. applyIndex: 0
2022-02-24 16:57:00,119 [b07270f0-c5b1-4afe-99f3-aa5758d6ba5c@group-BBC704AC6F1A-SegmentedRaftLogWorker] INFO  segmented.SegmentedRaftLogWorker (SegmentedRaftLogWorker.java:run(327)) - b07270f0-c5b1-4afe-99f3-aa5758d6ba5c@group-BBC704AC6F1A-SegmentedRaftLogWorker was interrupted, exiting. There are 0 tasks remaining in the queue.
2022-02-24 16:57:00,120 [Listener at 127.0.0.1/44987] INFO  segmented.SegmentedRaftLogWorker (SegmentedRaftLogWorker.java:close(237)) - b07270f0-c5b1-4afe-99f3-aa5758d6ba5c@group-BBC704AC6F1A-SegmentedRaftLogWorker close()
2022-02-24 16:57:00,120 [Listener at 127.0.0.1/44987] INFO  server.RaftServer$Division (RaftServerImpl.java:lambda$close$4(412)) - b07270f0-c5b1-4afe-99f3-aa5758d6ba5c@group-CA206D264F63: shutdown
2022-02-24 16:57:00,120 [Listener at 127.0.0.1/44987] INFO  util.JmxRegister (JmxRegister.java:unregister(73)) - Successfully un-registered JMX Bean with object name Ratis:service=RaftServer,group=group-CA206D264F63,id=b07270f0-c5b1-4afe-99f3-aa5758d6ba5c
2022-02-24 16:57:00,120 [Listener at 127.0.0.1/44987] INFO  impl.RoleInfo (RoleInfo.java:shutdownFollowerState(108)) - b07270f0-c5b1-4afe-99f3-aa5758d6ba5c: shutdown b07270f0-c5b1-4afe-99f3-aa5758d6ba5c@group-CA206D264F63-FollowerState
2022-02-24 16:57:00,120 [b07270f0-c5b1-4afe-99f3-aa5758d6ba5c@group-CA206D264F63-FollowerState] INFO  impl.FollowerState (FollowerState.java:run(143)) - b07270f0-c5b1-4afe-99f3-aa5758d6ba5c@group-CA206D264F63-FollowerState was interrupted: {}
java.lang.InterruptedException: sleep interrupted
	at java.lang.Thread.sleep(Native Method)
	at java.lang.Thread.sleep(Thread.java:342)
	at java.util.concurrent.TimeUnit.sleep(TimeUnit.java:386)
	at org.apache.ratis.util.TimeDuration.sleep(TimeDuration.java:324)
	at org.apache.ratis.util.TimeDuration.sleep(TimeDuration.java:309)
	at org.apache.ratis.server.impl.FollowerState.run(FollowerState.java:118)
2022-02-24 16:57:00,120 [Listener at 127.0.0.1/44987] INFO  impl.StateMachineUpdater (StateMachineUpdater.java:stopAndJoin(149)) - b07270f0-c5b1-4afe-99f3-aa5758d6ba5c@group-CA206D264F63-StateMachineUpdater: set stopIndex = 0
2022-02-24 16:57:00,121 [b07270f0-c5b1-4afe-99f3-aa5758d6ba5c@group-CA206D264F63-StateMachineUpdater] INFO  ratis.ContainerStateMachine (ContainerStateMachine.java:takeSnapshot(304)) - group-CA206D264F63: Taking a snapshot at:(t:1, i:0) file /home/runner/work/ozone/ozone/hadoop-ozone/integration-test/target/test-dir/MiniOzoneClusterImpl-a9e0dedd-d836-4895-9472-52c2256152d3/datanode-0/data/ratis/a109b66f-d9f5-4f13-88ed-ca206d264f63/sm/snapshot.1_0
2022-02-24 16:57:00,121 [2a15bd7e-7896-4db0-9e08-f7464bcd33ee@group-CA206D264F63->cf3a7bfa-0a59-4cf0-978b-44f71b96abbc-GrpcLogAppender-LogAppenderDaemon] ERROR leader.LogAppenderDaemon (LogAppenderDaemon.java:run(86)) - 2a15bd7e-7896-4db0-9e08-f7464bcd33ee@group-CA206D264F63->cf3a7bfa-0a59-4cf0-978b-44f71b96abbc-GrpcLogAppender-LogAppenderDaemon failed
java.lang.IllegalArgumentException: 2a15bd7e-7896-4db0-9e08-f7464bcd33ee@group-CA206D264F63-SegmentedRaftLog is expected to be opened but it is CLOSED
	at org.apache.ratis.util.OpenCloseState.assertOpen(OpenCloseState.java:63)
	at org.apache.ratis.server.raftlog.RaftLogBase.checkLogState(RaftLogBase.java:107)
	at org.apache.ratis.server.raftlog.segmented.SegmentedRaftLog.getTermIndex(SegmentedRaftLog.java:322)
	at org.apache.ratis.server.leader.LogAppenderBase.getPrevious(LogAppenderBase.java:110)
	at org.apache.ratis.server.leader.LogAppenderBase.newAppendEntriesRequest(LogAppenderBase.java:128)
	at org.apache.ratis.grpc.server.GrpcLogAppender.appendLog(GrpcLogAppender.java:213)
	at org.apache.ratis.grpc.server.GrpcLogAppender.run(GrpcLogAppender.java:147)
	at org.apache.ratis.server.leader.LogAppenderDaemon.run(LogAppenderDaemon.java:77)
	at java.lang.Thread.run(Thread.java:750)
Caused by: org.apache.ratis.util.OpenCloseState$CloseTrace: Close 2a15bd7e-7896-4db0-9e08-f7464bcd33ee@group-CA206D264F63-SegmentedRaftLog
	at org.apache.ratis.util.OpenCloseState.lambda$close$1(OpenCloseState.java:109)
	at java.util.concurrent.atomic.AtomicReference.getAndUpdate(AtomicReference.java:160)
	at org.apache.ratis.util.OpenCloseState.close(OpenCloseState.java:109)
	at org.apache.ratis.server.raftlog.RaftLogBase.close(RaftLogBase.java:356)
	at org.apache.ratis.server.raftlog.segmented.SegmentedRaftLog.close(SegmentedRaftLog.java:505)
	at org.apache.ratis.server.impl.ServerState.close(ServerState.java:421)
	at org.apache.ratis.server.impl.RaftServerImpl.lambda$close$4(RaftServerImpl.java:434)
	at org.apache.ratis.util.LifeCycle.lambda$checkStateAndClose$4(LifeCycle.java:299)
	at org.apache.ratis.util.LifeCycle.checkStateAndClose(LifeCycle.java:319)
	at org.apache.ratis.util.LifeCycle.checkStateAndClose(LifeCycle.java:297)
	at org.apache.ratis.server.impl.RaftServerImpl.close(RaftServerImpl.java:411)
	at org.apache.ratis.server.impl.RaftServerProxy$ImplMap.close(RaftServerProxy.java:129)
	at org.apache.ratis.server.impl.RaftServerProxy$ImplMap.lambda$close$0(RaftServerProxy.java:117)
	at java.util.stream.ForEachOps$ForEachOp$OfRef.accept(ForEachOps.java:183)
	at java.util.concurrent.ConcurrentHashMap$EntrySpliterator.forEachRemaining(ConcurrentHashMap.java:3606)
	at java.util.stream.AbstractPipeline.copyInto(AbstractPipeline.java:482)
	at java.util.stream.ForEachOps$ForEachTask.compute(ForEachOps.java:290)
	at java.util.concurrent.CountedCompleter.exec(CountedCompleter.java:731)
	at java.util.concurrent.ForkJoinTask.doExec(ForkJoinTask.java:289)
	at java.util.concurrent.ForkJoinPool.helpComplete(ForkJoinPool.java:1870)
	at java.util.concurrent.ForkJoinPool.awaitJoin(ForkJoinPool.java:2045)
	at java.util.concurrent.ForkJoinTask.doInvoke(ForkJoinTask.java:404)
	at java.util.concurrent.ForkJoinTask.invoke(ForkJoinTask.java:734)
	at java.util.stream.ForEachOps$ForEachOp.evaluateParallel(ForEachOps.java:159)
	at java.util.stream.ForEachOps$ForEachOp$OfRef.evaluateParallel(ForEachOps.java:173)
	at java.util.stream.AbstractPipeline.evaluate(AbstractPipeline.java:233)
	at java.util.stream.ReferencePipeline.forEach(ReferencePipeline.java:485)
	at java.util.stream.ReferencePipeline$Head.forEach(ReferencePipeline.java:650)
	at org.apache.ratis.server.impl.RaftServerProxy$ImplMap.close(RaftServerProxy.java:117)
	at org.apache.ratis.server.impl.RaftServerProxy.lambda$close$6(RaftServerProxy.java:392)
	at org.apache.ratis.util.LifeCycle.lambda$checkStateAndClose$4(LifeCycle.java:299)
	at org.apache.ratis.util.LifeCycle.checkStateAndClose(LifeCycle.java:319)
	at org.apache.ratis.util.LifeCycle.checkStateAndClose(LifeCycle.java:297)
	at org.apache.ratis.server.impl.RaftServerProxy.close(RaftServerProxy.java:390)
	at org.apache.hadoop.ozone.container.common.transport.server.ratis.XceiverServerRatis.stop(XceiverServerRatis.java:517)
	at org.apache.hadoop.ozone.container.ozoneimpl.OzoneContainer.stop(OzoneContainer.java:359)
	at org.apache.hadoop.ozone.container.common.statemachine.DatanodeStateMachine.close(DatanodeStateMachine.java:383)
	at org.apache.hadoop.ozone.container.common.statemachine.DatanodeStateMachine.stopDaemon(DatanodeStateMachine.java:528)
	at org.apache.hadoop.ozone.HddsDatanodeService.stop(HddsDatanodeService.java:568)
	at org.apache.hadoop.ozone.MiniOzoneClusterImpl.stopDatanode(MiniOzoneClusterImpl.java:531)
	at java.util.stream.ForEachOps$ForEachOp$OfRef.accept(ForEachOps.java:183)
	at java.util.ArrayList$ArrayListSpliterator.forEachRemaining(ArrayList.java:1384)
	at java.util.stream.AbstractPipeline.copyInto(AbstractPipeline.java:482)
	at java.util.stream.ForEachOps$ForEachTask.compute(ForEachOps.java:290)
	at java.util.concurrent.CountedCompleter.exec(CountedCompleter.java:731)
	at java.util.concurrent.ForkJoinTask.doExec(ForkJoinTask.java:289)
	at java.util.concurrent.ForkJoinPool$WorkQueue.execLocalTasks(ForkJoinPool.java:1040)
	at java.util.concurrent.ForkJoinPool$WorkQueue.runTask(ForkJoinPool.java:1058)
	at java.util.concurrent.ForkJoinPool.runWorker(ForkJoinPool.java:1692)
	at java.util.concurrent.ForkJoinWorkerThread.run(ForkJoinWorkerThread.java:175)
2022-02-24 16:57:00,152 [ForkJoinPool.commonPool-worker-0] INFO  server.RaftServer$Division (RaftServerImpl.java:lambda$close$4(412)) - 2a15bd7e-7896-4db0-9e08-f7464bcd33ee@group-A8F55BFD1212: shutdown
2022-02-24 16:57:00,191 [ForkJoinPool.commonPool-worker-0] INFO  util.JmxRegister (JmxRegister.java:unregister(73)) - Successfully un-registered JMX Bean with object name Ratis:service=RaftServer,group=group-A8F55BFD1212,id=2a15bd7e-7896-4db0-9e08-f7464bcd33ee
2022-02-24 16:57:00,191 [ForkJoinPool.commonPool-worker-0] INFO  impl.RoleInfo (RoleInfo.java:shutdownFollowerState(108)) - 2a15bd7e-7896-4db0-9e08-f7464bcd33ee: shutdown 2a15bd7e-7896-4db0-9e08-f7464bcd33ee@group-A8F55BFD1212-FollowerState
2022-02-24 16:57:00,191 [ForkJoinPool.commonPool-worker-0] INFO  impl.StateMachineUpdater (StateMachineUpdater.java:stopAndJoin(149)) - 2a15bd7e-7896-4db0-9e08-f7464bcd33ee@group-A8F55BFD1212-StateMachineUpdater: set stopIndex = 0
2022-02-24 16:57:00,121 [b07270f0-c5b1-4afe-99f3-aa5758d6ba5c@group-CA206D264F63-StateMachineUpdater] INFO  ratis.ContainerStateMachine (ContainerStateMachine.java:takeSnapshot(315)) - group-CA206D264F63: Finished taking a snapshot at:(t:1, i:0) file:/home/runner/work/ozone/ozone/hadoop-ozone/integration-test/target/test-dir/MiniOzoneClusterImpl-a9e0dedd-d836-4895-9472-52c2256152d3/datanode-0/data/ratis/a109b66f-d9f5-4f13-88ed-ca206d264f63/sm/snapshot.1_0 took: 0 ms
2022-02-24 16:57:00,192 [b07270f0-c5b1-4afe-99f3-aa5758d6ba5c@group-CA206D264F63-StateMachineUpdater] INFO  impl.StateMachineUpdater (StateMachineUpdater.java:takeSnapshot(281)) - b07270f0-c5b1-4afe-99f3-aa5758d6ba5c@group-CA206D264F63-StateMachineUpdater: Took a snapshot at index 0
2022-02-24 16:57:00,192 [b07270f0-c5b1-4afe-99f3-aa5758d6ba5c@group-CA206D264F63-StateMachineUpdater] INFO  impl.StateMachineUpdater (StateMachineUpdater.java:lambda$new$0(89)) - b07270f0-c5b1-4afe-99f3-aa5758d6ba5c@group-CA206D264F63-StateMachineUpdater: snapshotIndex: updateIncreasingly -1 -> 0
2022-02-24 16:57:00,192 [2a15bd7e-7896-4db0-9e08-f7464bcd33ee@group-A8F55BFD1212-FollowerState] INFO  impl.FollowerState (FollowerState.java:run(143)) - 2a15bd7e-7896-4db0-9e08-f7464bcd33ee@group-A8F55BFD1212-FollowerState was interrupted: {}
java.lang.InterruptedException: sleep interrupted
	at java.lang.Thread.sleep(Native Method)
	at java.lang.Thread.sleep(Thread.java:342)
	at java.util.concurrent.TimeUnit.sleep(TimeUnit.java:386)
	at org.apache.ratis.util.TimeDuration.sleep(TimeDuration.java:324)
	at org.apache.ratis.util.TimeDuration.sleep(TimeDuration.java:309)
	at org.apache.ratis.server.impl.FollowerState.run(FollowerState.java:118)
2022-02-24 16:57:00,192 [Listener at 127.0.0.1/44987] INFO  server.RaftServer$Division (ServerState.java:close(419)) - b07270f0-c5b1-4afe-99f3-aa5758d6ba5c@group-CA206D264F63: closes. applyIndex: 0
2022-02-24 16:57:00,192 [2a15bd7e-7896-4db0-9e08-f7464bcd33ee@group-A8F55BFD1212-StateMachineUpdater] INFO  ratis.ContainerStateMachine (ContainerStateMachine.java:takeSnapshot(304)) - group-A8F55BFD1212: Taking a snapshot at:(t:2, i:0) file /home/runner/work/ozone/ozone/hadoop-ozone/integration-test/target/test-dir/MiniOzoneClusterImpl-a9e0dedd-d836-4895-9472-52c2256152d3/datanode-2/data/ratis/497dee7c-6395-4f7c-8faa-a8f55bfd1212/sm/snapshot.2_0
2022-02-24 16:57:00,222 [b07270f0-c5b1-4afe-99f3-aa5758d6ba5c@group-CA206D264F63-SegmentedRaftLogWorker] INFO  segmented.SegmentedRaftLogWorker (SegmentedRaftLogWorker.java:run(327)) - b07270f0-c5b1-4afe-99f3-aa5758d6ba5c@group-CA206D264F63-SegmentedRaftLogWorker was interrupted, exiting. There are 0 tasks remaining in the queue.
2022-02-24 16:57:00,229 [2a15bd7e-7896-4db0-9e08-f7464bcd33ee@group-A8F55BFD1212-StateMachineUpdater] INFO  ratis.ContainerStateMachine (ContainerStateMachine.java:takeSnapshot(315)) - group-A8F55BFD1212: Finished taking a snapshot at:(t:2, i:0) file:/home/runner/work/ozone/ozone/hadoop-ozone/integration-test/target/test-dir/MiniOzoneClusterImpl-a9e0dedd-d836-4895-9472-52c2256152d3/datanode-2/data/ratis/497dee7c-6395-4f7c-8faa-a8f55bfd1212/sm/snapshot.2_0 took: 37 ms
2022-02-24 16:57:00,230 [2a15bd7e-7896-4db0-9e08-f7464bcd33ee@group-A8F55BFD1212-StateMachineUpdater] INFO  impl.StateMachineUpdater (StateMachineUpdater.java:takeSnapshot(281)) - 2a15bd7e-7896-4db0-9e08-f7464bcd33ee@group-A8F55BFD1212-StateMachineUpdater: Took a snapshot at index 0
2022-02-24 16:57:00,230 [2a15bd7e-7896-4db0-9e08-f7464bcd33ee@group-A8F55BFD1212-StateMachineUpdater] INFO  impl.StateMachineUpdater (StateMachineUpdater.java:lambda$new$0(89)) - 2a15bd7e-7896-4db0-9e08-f7464bcd33ee@group-A8F55BFD1212-StateMachineUpdater: snapshotIndex: updateIncreasingly -1 -> 0
2022-02-24 16:57:00,230 [ForkJoinPool.commonPool-worker-0] INFO  server.RaftServer$Division (ServerState.java:close(419)) - 2a15bd7e-7896-4db0-9e08-f7464bcd33ee@group-A8F55BFD1212: closes. applyIndex: 0
2022-02-24 16:57:00,230 [2a15bd7e-7896-4db0-9e08-f7464bcd33ee@group-A8F55BFD1212-SegmentedRaftLogWorker] INFO  segmented.SegmentedRaftLogWorker (SegmentedRaftLogWorker.java:run(327)) - 2a15bd7e-7896-4db0-9e08-f7464bcd33ee@group-A8F55BFD1212-SegmentedRaftLogWorker was interrupted, exiting. There are 0 tasks remaining in the queue.
2022-02-24 16:57:00,279 [ForkJoinPool.commonPool-worker-0] INFO  segmented.SegmentedRaftLogWorker (SegmentedRaftLogWorker.java:close(237)) - 2a15bd7e-7896-4db0-9e08-f7464bcd33ee@group-A8F55BFD1212-SegmentedRaftLogWorker close()
2022-02-24 16:57:00,279 [ForkJoinPool.commonPool-worker-0] INFO  server.GrpcService (GrpcService.java:closeImpl(262)) - 2a15bd7e-7896-4db0-9e08-f7464bcd33ee: shutdown server with port 41995 now
2022-02-24 16:57:00,279 [Listener at 127.0.0.1/44987] INFO  segmented.SegmentedRaftLogWorker (SegmentedRaftLogWorker.java:close(237)) - b07270f0-c5b1-4afe-99f3-aa5758d6ba5c@group-CA206D264F63-SegmentedRaftLogWorker close()
2022-02-24 16:57:00,283 [Listener at 127.0.0.1/44987] INFO  server.RaftServer$Division (RaftServerImpl.java:lambda$close$4(412)) - b07270f0-c5b1-4afe-99f3-aa5758d6ba5c@group-A8F55BFD1212: shutdown
2022-02-24 16:57:00,283 [Listener at 127.0.0.1/44987] INFO  util.JmxRegister (JmxRegister.java:unregister(73)) - Successfully un-registered JMX Bean with object name Ratis:service=RaftServer,group=group-A8F55BFD1212,id=b07270f0-c5b1-4afe-99f3-aa5758d6ba5c
2022-02-24 16:57:00,283 [Listener at 127.0.0.1/44987] INFO  impl.RoleInfo (RoleInfo.java:shutdownFollowerState(108)) - b07270f0-c5b1-4afe-99f3-aa5758d6ba5c: shutdown b07270f0-c5b1-4afe-99f3-aa5758d6ba5c@group-A8F55BFD1212-FollowerState
2022-02-24 16:57:00,283 [Listener at 127.0.0.1/44987] INFO  impl.StateMachineUpdater (StateMachineUpdater.java:stopAndJoin(149)) - b07270f0-c5b1-4afe-99f3-aa5758d6ba5c@group-A8F55BFD1212-StateMachineUpdater: set stopIndex = 0
2022-02-24 16:57:00,287 [b07270f0-c5b1-4afe-99f3-aa5758d6ba5c@group-A8F55BFD1212-StateMachineUpdater] INFO  ratis.ContainerStateMachine (ContainerStateMachine.java:takeSnapshot(304)) - group-A8F55BFD1212: Taking a snapshot at:(t:2, i:0) file /home/runner/work/ozone/ozone/hadoop-ozone/integration-test/target/test-dir/MiniOzoneClusterImpl-a9e0dedd-d836-4895-9472-52c2256152d3/datanode-0/data/ratis/497dee7c-6395-4f7c-8faa-a8f55bfd1212/sm/snapshot.2_0
2022-02-24 16:57:00,283 [b07270f0-c5b1-4afe-99f3-aa5758d6ba5c@group-A8F55BFD1212-FollowerState] INFO  impl.FollowerState (FollowerState.java:run(143)) - b07270f0-c5b1-4afe-99f3-aa5758d6ba5c@group-A8F55BFD1212-FollowerState was interrupted: {}
java.lang.InterruptedException: sleep interrupted
	at java.lang.Thread.sleep(Native Method)
	at java.lang.Thread.sleep(Thread.java:342)
	at java.util.concurrent.TimeUnit.sleep(TimeUnit.java:386)
	at org.apache.ratis.util.TimeDuration.sleep(TimeDuration.java:324)
	at org.apache.ratis.util.TimeDuration.sleep(TimeDuration.java:309)
	at org.apache.ratis.server.impl.FollowerState.run(FollowerState.java:118)
2022-02-24 16:57:00,288 [b07270f0-c5b1-4afe-99f3-aa5758d6ba5c@group-A8F55BFD1212-StateMachineUpdater] INFO  ratis.ContainerStateMachine (ContainerStateMachine.java:takeSnapshot(315)) - group-A8F55BFD1212: Finished taking a snapshot at:(t:2, i:0) file:/home/runner/work/ozone/ozone/hadoop-ozone/integration-test/target/test-dir/MiniOzoneClusterImpl-a9e0dedd-d836-4895-9472-52c2256152d3/datanode-0/data/ratis/497dee7c-6395-4f7c-8faa-a8f55bfd1212/sm/snapshot.2_0 took: 1 ms
2022-02-24 16:57:00,288 [b07270f0-c5b1-4afe-99f3-aa5758d6ba5c@group-A8F55BFD1212-StateMachineUpdater] INFO  impl.StateMachineUpdater (StateMachineUpdater.java:takeSnapshot(281)) - b07270f0-c5b1-4afe-99f3-aa5758d6ba5c@group-A8F55BFD1212-StateMachineUpdater: Took a snapshot at index 0
2022-02-24 16:57:00,288 [b07270f0-c5b1-4afe-99f3-aa5758d6ba5c@group-A8F55BFD1212-StateMachineUpdater] INFO  impl.StateMachineUpdater (StateMachineUpdater.java:lambda$new$0(89)) - b07270f0-c5b1-4afe-99f3-aa5758d6ba5c@group-A8F55BFD1212-StateMachineUpdater: snapshotIndex: updateIncreasingly -1 -> 0
2022-02-24 16:57:00,288 [Listener at 127.0.0.1/44987] INFO  server.RaftServer$Division (ServerState.java:close(419)) - b07270f0-c5b1-4afe-99f3-aa5758d6ba5c@group-A8F55BFD1212: closes. applyIndex: 0
2022-02-24 16:57:00,289 [b07270f0-c5b1-4afe-99f3-aa5758d6ba5c@group-A8F55BFD1212-SegmentedRaftLogWorker] INFO  segmented.SegmentedRaftLogWorker (SegmentedRaftLogWorker.java:run(327)) - b07270f0-c5b1-4afe-99f3-aa5758d6ba5c@group-A8F55BFD1212-SegmentedRaftLogWorker was interrupted, exiting. There are 0 tasks remaining in the queue.
2022-02-24 16:57:00,289 [Listener at 127.0.0.1/44987] INFO  segmented.SegmentedRaftLogWorker (SegmentedRaftLogWorker.java:close(237)) - b07270f0-c5b1-4afe-99f3-aa5758d6ba5c@group-A8F55BFD1212-SegmentedRaftLogWorker close()
2022-02-24 16:57:00,289 [Listener at 127.0.0.1/44987] INFO  server.GrpcService (GrpcService.java:closeImpl(262)) - b07270f0-c5b1-4afe-99f3-aa5758d6ba5c: shutdown server with port 45647 now
2022-02-24 16:57:00,298 [grpc-default-executor-3] WARN  server.GrpcServerProtocolService (LogUtils.java:warn(122)) - b07270f0-c5b1-4afe-99f3-aa5758d6ba5c: installSnapshot onError, lastRequest: 6b991a1f-9e77-4b13-a483-fcde5672bd4a->b07270f0-c5b1-4afe-99f3-aa5758d6ba5c#1-t2,previous=(t:0, i:0),leaderCommit=-1,initializing? true,entries: size=1, first=(t:2, i:0), CONFIGURATIONENTRY: org.apache.ratis.thirdparty.io.grpc.StatusRuntimeException: CANCELLED: client cancelled
2022-02-24 16:57:00,330 [grpc-default-executor-6] WARN  server.GrpcLogAppender (LogUtils.java:warn(122)) - 6b991a1f-9e77-4b13-a483-fcde5672bd4a@group-A8F55BFD1212->b07270f0-c5b1-4afe-99f3-aa5758d6ba5c-AppendLogResponseHandler: Failed appendEntries: org.apache.ratis.thirdparty.io.grpc.StatusRuntimeException: CANCELLED: HTTP/2 error code: CANCEL
Received Rst Stream
2022-02-24 16:57:00,331 [grpc-default-executor-6] WARN  server.GrpcLogAppender (GrpcLogAppender.java:resetClient(110)) - 6b991a1f-9e77-4b13-a483-fcde5672bd4a@group-A8F55BFD1212->b07270f0-c5b1-4afe-99f3-aa5758d6ba5c-GrpcLogAppender: Leader has not got in touch with Follower 6b991a1f-9e77-4b13-a483-fcde5672bd4a@group-A8F55BFD1212->b07270f0-c5b1-4afe-99f3-aa5758d6ba5c(c0,m0,n1, attendVote=true, lastRpcSendTime=2170, lastRpcResponseTime=2155) yet, just keep nextIndex unchanged and retry.
2022-02-24 16:57:00,331 [grpc-default-executor-3] WARN  server.GrpcServerProtocolService (LogUtils.java:warn(122)) - 2a15bd7e-7896-4db0-9e08-f7464bcd33ee: installSnapshot onError, lastRequest: 6b991a1f-9e77-4b13-a483-fcde5672bd4a->2a15bd7e-7896-4db0-9e08-f7464bcd33ee#1-t2,previous=(t:0, i:0),leaderCommit=-1,initializing? true,entries: size=1, first=(t:2, i:0), CONFIGURATIONENTRY: org.apache.ratis.thirdparty.io.grpc.StatusRuntimeException: CANCELLED: client cancelled
2022-02-24 16:57:00,367 [Listener at 127.0.0.1/44987] INFO  server.GrpcService (GrpcService.java:closeImpl(271)) - b07270f0-c5b1-4afe-99f3-aa5758d6ba5c: shutdown server with port 45647 successfully
2022-02-24 16:57:00,367 [org.apache.ratis.util.JvmPauseMonitor$$Lambda$431/1797702346@612d02cc] INFO  util.JvmPauseMonitor (JvmPauseMonitor.java:run(109)) - JvmPauseMonitor-b07270f0-c5b1-4afe-99f3-aa5758d6ba5c: Stopped
2022-02-24 16:57:00,393 [ForkJoinPool.commonPool-worker-0] INFO  server.GrpcService (GrpcService.java:closeImpl(271)) - 2a15bd7e-7896-4db0-9e08-f7464bcd33ee: shutdown server with port 41995 successfully
2022-02-24 16:57:00,393 [grpc-default-executor-3] WARN  server.GrpcLogAppender (LogUtils.java:warn(122)) - 6b991a1f-9e77-4b13-a483-fcde5672bd4a@group-A8F55BFD1212->2a15bd7e-7896-4db0-9e08-f7464bcd33ee-AppendLogResponseHandler: Failed appendEntries: org.apache.ratis.thirdparty.io.grpc.StatusRuntimeException: CANCELLED: HTTP/2 error code: CANCEL
Received Rst Stream
2022-02-24 16:57:00,393 [grpc-default-executor-3] WARN  server.GrpcLogAppender (GrpcLogAppender.java:resetClient(110)) - 6b991a1f-9e77-4b13-a483-fcde5672bd4a@group-A8F55BFD1212->2a15bd7e-7896-4db0-9e08-f7464bcd33ee-GrpcLogAppender: Leader has not got in touch with Follower 6b991a1f-9e77-4b13-a483-fcde5672bd4a@group-A8F55BFD1212->2a15bd7e-7896-4db0-9e08-f7464bcd33ee(c0,m0,n1, attendVote=true, lastRpcSendTime=2235, lastRpcResponseTime=2221) yet, just keep nextIndex unchanged and retry.
2022-02-24 16:57:00,415 [org.apache.ratis.util.JvmPauseMonitor$$Lambda$431/1797702346@5a0ee6f3] INFO  util.JvmPauseMonitor (JvmPauseMonitor.java:run(109)) - JvmPauseMonitor-2a15bd7e-7896-4db0-9e08-f7464bcd33ee: Stopped
2022-02-24 16:57:00,688 [grpc-default-executor-3] WARN  server.GrpcLogAppender (LogUtils.java:warn(122)) - 6b991a1f-9e77-4b13-a483-fcde5672bd4a@group-A8F55BFD1212->2a15bd7e-7896-4db0-9e08-f7464bcd33ee-AppendLogResponseHandler: Failed appendEntries: org.apache.ratis.thirdparty.io.grpc.StatusRuntimeException: UNAVAILABLE: io exception
2022-02-24 16:57:00,689 [grpc-default-executor-3] WARN  server.GrpcLogAppender (GrpcLogAppender.java:resetClient(110)) - 6b991a1f-9e77-4b13-a483-fcde5672bd4a@group-A8F55BFD1212->2a15bd7e-7896-4db0-9e08-f7464bcd33ee-GrpcLogAppender: Leader has not got in touch with Follower 6b991a1f-9e77-4b13-a483-fcde5672bd4a@group-A8F55BFD1212->2a15bd7e-7896-4db0-9e08-f7464bcd33ee(c0,m0,n1, attendVote=true, lastRpcSendTime=0, lastRpcResponseTime=2517) yet, just keep nextIndex unchanged and retry.
2022-02-24 16:57:00,693 [grpc-default-executor-3] WARN  server.GrpcLogAppender (LogUtils.java:warn(122)) - 6b991a1f-9e77-4b13-a483-fcde5672bd4a@group-A8F55BFD1212->b07270f0-c5b1-4afe-99f3-aa5758d6ba5c-AppendLogResponseHandler: Failed appendEntries: org.apache.ratis.thirdparty.io.grpc.StatusRuntimeException: UNAVAILABLE: io exception
2022-02-24 16:57:00,694 [grpc-default-executor-3] WARN  server.GrpcLogAppender (GrpcLogAppender.java:resetClient(110)) - 6b991a1f-9e77-4b13-a483-fcde5672bd4a@group-A8F55BFD1212->b07270f0-c5b1-4afe-99f3-aa5758d6ba5c-GrpcLogAppender: Leader has not got in touch with Follower 6b991a1f-9e77-4b13-a483-fcde5672bd4a@group-A8F55BFD1212->b07270f0-c5b1-4afe-99f3-aa5758d6ba5c(c0,m0,n1, attendVote=true, lastRpcSendTime=2533, lastRpcResponseTime=2518) yet, just keep nextIndex unchanged and retry.
2022-02-24 16:57:01,471 [grpc-default-executor-3] WARN  server.GrpcLogAppender (LogUtils.java:warn(122)) - 2ccab0b5-4479-416a-9931-5373164cc31d@group-00F5C2898BFA->6aa02a95-f8ab-442c-9ba0-fd232060c81a-AppendLogResponseHandler: Failed appendEntries: org.apache.ratis.thirdparty.io.grpc.StatusRuntimeException: UNAVAILABLE: io exception
2022-02-24 16:57:01,471 [grpc-default-executor-3] WARN  server.GrpcLogAppender (GrpcLogAppender.java:resetClient(110)) - 2ccab0b5-4479-416a-9931-5373164cc31d@group-00F5C2898BFA->6aa02a95-f8ab-442c-9ba0-fd232060c81a-GrpcLogAppender: Leader has not got in touch with Follower 2ccab0b5-4479-416a-9931-5373164cc31d@group-00F5C2898BFA->6aa02a95-f8ab-442c-9ba0-fd232060c81a(c0,m0,n1, attendVote=true, lastRpcSendTime=0, lastRpcResponseTime=12561) yet, just keep nextIndex unchanged and retry.
2022-02-24 16:57:01,487 [grpc-default-executor-3] WARN  server.GrpcLogAppender (LogUtils.java:warn(122)) - 37eb1d61-39bb-4850-ab96-a7546aa7d2af@group-05E598691DA2->6aa02a95-f8ab-442c-9ba0-fd232060c81a-AppendLogResponseHandler: Failed appendEntries: org.apache.ratis.thirdparty.io.grpc.StatusRuntimeException: UNAVAILABLE: io exception
2022-02-24 16:57:01,487 [grpc-default-executor-3] WARN  server.GrpcLogAppender (GrpcLogAppender.java:resetClient(110)) - 37eb1d61-39bb-4850-ab96-a7546aa7d2af@group-05E598691DA2->6aa02a95-f8ab-442c-9ba0-fd232060c81a-GrpcLogAppender: Leader has not got in touch with Follower 37eb1d61-39bb-4850-ab96-a7546aa7d2af@group-05E598691DA2->6aa02a95-f8ab-442c-9ba0-fd232060c81a(c0,m0,n1, attendVote=true, lastRpcSendTime=2516, lastRpcResponseTime=12589) yet, just keep nextIndex unchanged and retry.
2022-02-24 16:57:01,858 [2ccab0b5-4479-416a-9931-5373164cc31d@group-D1BF1DB2EA83-FollowerState] INFO  impl.FollowerState (FollowerState.java:run(134)) - 2ccab0b5-4479-416a-9931-5373164cc31d@group-D1BF1DB2EA83-FollowerState: change to CANDIDATE, lastRpcElapsedTime:5054391398ns, electionTimeout:5035ms
2022-02-24 16:57:01,858 [2ccab0b5-4479-416a-9931-5373164cc31d@group-D1BF1DB2EA83-FollowerState] INFO  impl.RoleInfo (RoleInfo.java:shutdownFollowerState(108)) - 2ccab0b5-4479-416a-9931-5373164cc31d: shutdown 2ccab0b5-4479-416a-9931-5373164cc31d@group-D1BF1DB2EA83-FollowerState
2022-02-24 16:57:01,858 [2ccab0b5-4479-416a-9931-5373164cc31d@group-D1BF1DB2EA83-FollowerState] INFO  server.RaftServer$Division (RaftServerImpl.java:setRole(290)) - 2ccab0b5-4479-416a-9931-5373164cc31d@group-D1BF1DB2EA83: changes role from  FOLLOWER to CANDIDATE at term 3 for changeToCandidate
2022-02-24 16:57:01,858 [2ccab0b5-4479-416a-9931-5373164cc31d@group-D1BF1DB2EA83-FollowerState] INFO  server.RaftServerConfigKeys (ConfUtils.java:logGet(44)) - raft.server.leaderelection.pre-vote = false (custom)
2022-02-24 16:57:01,858 [2ccab0b5-4479-416a-9931-5373164cc31d@group-D1BF1DB2EA83-FollowerState] INFO  impl.RoleInfo (RoleInfo.java:updateAndGet(130)) - 2ccab0b5-4479-416a-9931-5373164cc31d: start 2ccab0b5-4479-416a-9931-5373164cc31d@group-D1BF1DB2EA83-LeaderElection84
2022-02-24 16:57:01,871 [2ccab0b5-4479-416a-9931-5373164cc31d@group-D1BF1DB2EA83-LeaderElection84] INFO  impl.LeaderElection (LeaderElection.java:askForVotes(306)) - 2ccab0b5-4479-416a-9931-5373164cc31d@group-D1BF1DB2EA83-LeaderElection84 ELECTION round 0: submit vote requests at term 4 for 0: [6aa02a95-f8ab-442c-9ba0-fd232060c81a|rpc:10.1.0.37:41563|dataStream:|priority:1, 2ccab0b5-4479-416a-9931-5373164cc31d|rpc:10.1.0.37:41069|dataStream:|priority:0, 37eb1d61-39bb-4850-ab96-a7546aa7d2af|rpc:10.1.0.37:34927|dataStream:|priority:0], old=null
2022-02-24 16:57:01,875 [37eb1d61-39bb-4850-ab96-a7546aa7d2af@group-D1BF1DB2EA83-FollowerState] INFO  impl.FollowerState (FollowerState.java:run(134)) - 37eb1d61-39bb-4850-ab96-a7546aa7d2af@group-D1BF1DB2EA83-FollowerState: change to CANDIDATE, lastRpcElapsedTime:5083671148ns, electionTimeout:5074ms
2022-02-24 16:57:01,875 [37eb1d61-39bb-4850-ab96-a7546aa7d2af@group-D1BF1DB2EA83-FollowerState] INFO  impl.RoleInfo (RoleInfo.java:shutdownFollowerState(108)) - 37eb1d61-39bb-4850-ab96-a7546aa7d2af: shutdown 37eb1d61-39bb-4850-ab96-a7546aa7d2af@group-D1BF1DB2EA83-FollowerState
2022-02-24 16:57:01,875 [37eb1d61-39bb-4850-ab96-a7546aa7d2af@group-D1BF1DB2EA83-FollowerState] INFO  server.RaftServer$Division (RaftServerImpl.java:setRole(290)) - 37eb1d61-39bb-4850-ab96-a7546aa7d2af@group-D1BF1DB2EA83: changes role from  FOLLOWER to CANDIDATE at term 3 for changeToCandidate
2022-02-24 16:57:01,923 [37eb1d61-39bb-4850-ab96-a7546aa7d2af@group-D1BF1DB2EA83-FollowerState] INFO  server.RaftServerConfigKeys (ConfUtils.java:logGet(44)) - raft.server.leaderelection.pre-vote = false (custom)
2022-02-24 16:57:01,923 [37eb1d61-39bb-4850-ab96-a7546aa7d2af@group-D1BF1DB2EA83-FollowerState] INFO  impl.RoleInfo (RoleInfo.java:updateAndGet(130)) - 37eb1d61-39bb-4850-ab96-a7546aa7d2af: start 37eb1d61-39bb-4850-ab96-a7546aa7d2af@group-D1BF1DB2EA83-LeaderElection85
2022-02-24 16:57:01,947 [2ccab0b5-4479-416a-9931-5373164cc31d@group-D1BF1DB2EA83-LeaderElection84] INFO  impl.LeaderElection (LogUtils.java:infoOrTrace(137)) - 2ccab0b5-4479-416a-9931-5373164cc31d@group-D1BF1DB2EA83-LeaderElection84 got exception when requesting votes: java.util.concurrent.ExecutionException: org.apache.ratis.thirdparty.io.grpc.StatusRuntimeException: UNAVAILABLE: io exception
2022-02-24 16:57:01,949 [grpc-default-executor-3] INFO  server.RaftServer$Division (RaftServerImpl.java:requestVote(1046)) - 37eb1d61-39bb-4850-ab96-a7546aa7d2af@group-D1BF1DB2EA83: receive requestVote(ELECTION, 2ccab0b5-4479-416a-9931-5373164cc31d, group-D1BF1DB2EA83, 4, (t:2, i:0))
2022-02-24 16:57:01,950 [grpc-default-executor-3] INFO  impl.VoteContext (VoteContext.java:log(48)) - 37eb1d61-39bb-4850-ab96-a7546aa7d2af@group-D1BF1DB2EA83-CANDIDATE: accept ELECTION from 2ccab0b5-4479-416a-9931-5373164cc31d: our priority 0 <= candidate's priority 0
2022-02-24 16:57:01,950 [grpc-default-executor-3] INFO  server.RaftServer$Division (RaftServerImpl.java:setRole(290)) - 37eb1d61-39bb-4850-ab96-a7546aa7d2af@group-D1BF1DB2EA83: changes role from CANDIDATE to FOLLOWER at term 4 for candidate:2ccab0b5-4479-416a-9931-5373164cc31d
2022-02-24 16:57:01,950 [grpc-default-executor-3] INFO  impl.RoleInfo (RoleInfo.java:shutdownLeaderElection(121)) - 37eb1d61-39bb-4850-ab96-a7546aa7d2af: shutdown 37eb1d61-39bb-4850-ab96-a7546aa7d2af@group-D1BF1DB2EA83-LeaderElection85
2022-02-24 16:57:01,950 [grpc-default-executor-3] INFO  impl.RoleInfo (RoleInfo.java:updateAndGet(130)) - 37eb1d61-39bb-4850-ab96-a7546aa7d2af: start 37eb1d61-39bb-4850-ab96-a7546aa7d2af@group-D1BF1DB2EA83-FollowerState
2022-02-24 16:57:01,951 [37eb1d61-39bb-4850-ab96-a7546aa7d2af@group-D1BF1DB2EA83-LeaderElection85] INFO  impl.LeaderElection (LeaderElection.java:run(230)) - 37eb1d61-39bb-4850-ab96-a7546aa7d2af@group-D1BF1DB2EA83-LeaderElection85: skip running since this is already CLOSING
2022-02-24 16:57:01,973 [grpc-default-executor-3] INFO  server.RaftServer$Division (RaftServerImpl.java:requestVote(1078)) - 37eb1d61-39bb-4850-ab96-a7546aa7d2af@group-D1BF1DB2EA83 replies to ELECTION vote request: 2ccab0b5-4479-416a-9931-5373164cc31d<-37eb1d61-39bb-4850-ab96-a7546aa7d2af#0:OK-t4. Peer's state: 37eb1d61-39bb-4850-ab96-a7546aa7d2af@group-D1BF1DB2EA83:t4, leader=null, voted=2ccab0b5-4479-416a-9931-5373164cc31d, raftlog=37eb1d61-39bb-4850-ab96-a7546aa7d2af@group-D1BF1DB2EA83-SegmentedRaftLog:OPENED:c0, conf=0: [6aa02a95-f8ab-442c-9ba0-fd232060c81a|rpc:10.1.0.37:41563|dataStream:|priority:1, 2ccab0b5-4479-416a-9931-5373164cc31d|rpc:10.1.0.37:41069|dataStream:|priority:0, 37eb1d61-39bb-4850-ab96-a7546aa7d2af|rpc:10.1.0.37:34927|dataStream:|priority:0], old=null
2022-02-24 16:57:01,974 [2ccab0b5-4479-416a-9931-5373164cc31d@group-D1BF1DB2EA83-LeaderElection84] INFO  impl.LeaderElection (LeaderElection.java:logAndReturn(89)) - 2ccab0b5-4479-416a-9931-5373164cc31d@group-D1BF1DB2EA83-LeaderElection84: ELECTION PASSED received 1 response(s) and 1 exception(s):
2022-02-24 16:57:01,974 [2ccab0b5-4479-416a-9931-5373164cc31d@group-D1BF1DB2EA83-LeaderElection84] INFO  impl.LeaderElection (LeaderElection.java:logAndReturn(93)) -   Response 0: 2ccab0b5-4479-416a-9931-5373164cc31d<-37eb1d61-39bb-4850-ab96-a7546aa7d2af#0:OK-t4
2022-02-24 16:57:01,974 [2ccab0b5-4479-416a-9931-5373164cc31d@group-D1BF1DB2EA83-LeaderElection84] INFO  impl.LeaderElection (LogUtils.java:infoOrTrace(137)) -   Exception 1: java.util.concurrent.ExecutionException: org.apache.ratis.thirdparty.io.grpc.StatusRuntimeException: UNAVAILABLE: io exception
2022-02-24 16:57:01,974 [2ccab0b5-4479-416a-9931-5373164cc31d@group-D1BF1DB2EA83-LeaderElection84] INFO  impl.LeaderElection (LeaderElection.java:askForVotes(308)) - 2ccab0b5-4479-416a-9931-5373164cc31d@group-D1BF1DB2EA83-LeaderElection84 ELECTION round 0: result PASSED
2022-02-24 16:57:01,974 [2ccab0b5-4479-416a-9931-5373164cc31d@group-D1BF1DB2EA83-LeaderElection84] INFO  impl.RoleInfo (RoleInfo.java:shutdownLeaderElection(121)) - 2ccab0b5-4479-416a-9931-5373164cc31d: shutdown 2ccab0b5-4479-416a-9931-5373164cc31d@group-D1BF1DB2EA83-LeaderElection84
2022-02-24 16:57:01,974 [2ccab0b5-4479-416a-9931-5373164cc31d@group-D1BF1DB2EA83-LeaderElection84] INFO  server.RaftServer$Division (RaftServerImpl.java:setRole(290)) - 2ccab0b5-4479-416a-9931-5373164cc31d@group-D1BF1DB2EA83: changes role from CANDIDATE to LEADER at term 4 for changeToLeader
2022-02-24 16:57:01,974 [2ccab0b5-4479-416a-9931-5373164cc31d@group-D1BF1DB2EA83-LeaderElection84] INFO  ratis.XceiverServerRatis (XceiverServerRatis.java:handleLeaderChangedNotification(867)) - Leader change notification received for group: group-D1BF1DB2EA83 with new leaderId: 2ccab0b5-4479-416a-9931-5373164cc31d
2022-02-24 16:57:01,974 [2ccab0b5-4479-416a-9931-5373164cc31d@group-D1BF1DB2EA83-LeaderElection84] INFO  server.RaftServer$Division (ServerState.java:setLeader(285)) - 2ccab0b5-4479-416a-9931-5373164cc31d@group-D1BF1DB2EA83: change Leader from null to 2ccab0b5-4479-416a-9931-5373164cc31d at term 4 for becomeLeader, leader elected after 5250ms
2022-02-24 16:57:01,974 [2ccab0b5-4479-416a-9931-5373164cc31d@group-D1BF1DB2EA83-LeaderElection84] INFO  server.RaftServerConfigKeys (ConfUtils.java:logGet(44)) - raft.server.staging.catchup.gap = 1000 (default)
2022-02-24 16:57:01,974 [2ccab0b5-4479-416a-9931-5373164cc31d@group-D1BF1DB2EA83-LeaderElection84] INFO  server.RaftServerConfigKeys (ConfUtils.java:logGet(44)) - raft.server.write.element-limit = 1024 (custom)
2022-02-24 16:57:01,974 [2ccab0b5-4479-416a-9931-5373164cc31d@group-D1BF1DB2EA83-LeaderElection84] INFO  server.RaftServerConfigKeys (ConfUtils.java:logGet(44)) - raft.server.write.byte-limit = 1024 M (=1073741824) (custom)
2022-02-24 16:57:01,975 [2ccab0b5-4479-416a-9931-5373164cc31d@group-D1BF1DB2EA83-LeaderElection84] INFO  server.RaftServerConfigKeys (ConfUtils.java:logGet(44)) - raft.server.watch.timeout = 3000ms (custom)
2022-02-24 16:57:01,975 [2ccab0b5-4479-416a-9931-5373164cc31d@group-D1BF1DB2EA83-LeaderElection84] INFO  server.RaftServerConfigKeys (ConfUtils.java:logGet(44)) - raft.server.watch.timeout.denomination = 1s (default)
2022-02-24 16:57:01,975 [2ccab0b5-4479-416a-9931-5373164cc31d@group-D1BF1DB2EA83-LeaderElection84] INFO  server.RaftServerConfigKeys (ConfUtils.java:logGet(44)) - raft.server.watch.element-limit = 65536 (default)
2022-02-24 16:57:01,975 [2ccab0b5-4479-416a-9931-5373164cc31d@group-D1BF1DB2EA83-LeaderElection84] INFO  server.RaftServerConfigKeys (ConfUtils.java:logGet(44)) - raft.server.write.element-limit = 1024 (custom)
2022-02-24 16:57:01,975 [2ccab0b5-4479-416a-9931-5373164cc31d@group-D1BF1DB2EA83-LeaderElection84] INFO  server.RaftServerConfigKeys (ConfUtils.java:logGet(44)) - raft.server.write.follower.gap.ratio.max = -1.0 (default)
2022-02-24 16:57:01,975 [2ccab0b5-4479-416a-9931-5373164cc31d@group-D1BF1DB2EA83-LeaderElection84] INFO  server.RaftServerConfigKeys (ConfUtils.java:logGet(44)) - raft.server.log.appender.snapshot.chunk.size.max = 16MB (=16777216) (default)
2022-02-24 16:57:01,975 [2ccab0b5-4479-416a-9931-5373164cc31d@group-D1BF1DB2EA83-LeaderElection84] INFO  server.RaftServerConfigKeys (ConfUtils.java:logGet(44)) - raft.server.log.appender.buffer.byte-limit = 33554432 (custom)
2022-02-24 16:57:01,975 [2ccab0b5-4479-416a-9931-5373164cc31d@group-D1BF1DB2EA83-LeaderElection84] INFO  server.RaftServerConfigKeys (ConfUtils.java:logGet(44)) - raft.server.log.appender.buffer.element-limit = 1 (custom)
2022-02-24 16:57:01,975 [2ccab0b5-4479-416a-9931-5373164cc31d@group-D1BF1DB2EA83-LeaderElection84] INFO  grpc.GrpcConfigKeys (ConfUtils.java:logGet(44)) - raft.grpc.server.leader.outstanding.appends.max = 128 (default)
2022-02-24 16:57:01,975 [2ccab0b5-4479-416a-9931-5373164cc31d@group-D1BF1DB2EA83-LeaderElection84] INFO  server.RaftServerConfigKeys (ConfUtils.java:logGet(44)) - raft.server.rpc.request.timeout = 3000ms (default)
2022-02-24 16:57:01,975 [2ccab0b5-4479-416a-9931-5373164cc31d@group-D1BF1DB2EA83-LeaderElection84] INFO  server.RaftServerConfigKeys (ConfUtils.java:logGet(44)) - raft.server.log.appender.install.snapshot.enabled = false (custom)
2022-02-24 16:57:01,977 [2ccab0b5-4479-416a-9931-5373164cc31d@group-D1BF1DB2EA83-LeaderElection84] INFO  server.RaftServerConfigKeys (ConfUtils.java:logGet(44)) - raft.server.log.appender.snapshot.chunk.size.max = 16MB (=16777216) (default)
2022-02-24 16:57:01,977 [2ccab0b5-4479-416a-9931-5373164cc31d@group-D1BF1DB2EA83-LeaderElection84] INFO  server.RaftServerConfigKeys (ConfUtils.java:logGet(44)) - raft.server.log.appender.buffer.byte-limit = 33554432 (custom)
2022-02-24 16:57:01,977 [2ccab0b5-4479-416a-9931-5373164cc31d@group-D1BF1DB2EA83-LeaderElection84] INFO  server.RaftServerConfigKeys (ConfUtils.java:logGet(44)) - raft.server.log.appender.buffer.element-limit = 1 (custom)
2022-02-24 16:57:01,977 [2ccab0b5-4479-416a-9931-5373164cc31d@group-D1BF1DB2EA83-LeaderElection84] INFO  grpc.GrpcConfigKeys (ConfUtils.java:logGet(44)) - raft.grpc.server.leader.outstanding.appends.max = 128 (default)
2022-02-24 16:57:01,978 [2ccab0b5-4479-416a-9931-5373164cc31d@group-D1BF1DB2EA83-LeaderElection84] INFO  server.RaftServerConfigKeys (ConfUtils.java:logGet(44)) - raft.server.rpc.request.timeout = 3000ms (default)
2022-02-24 16:57:01,978 [2ccab0b5-4479-416a-9931-5373164cc31d@group-D1BF1DB2EA83-LeaderElection84] INFO  server.RaftServerConfigKeys (ConfUtils.java:logGet(44)) - raft.server.log.appender.install.snapshot.enabled = false (custom)
2022-02-24 16:57:01,978 [2ccab0b5-4479-416a-9931-5373164cc31d@group-D1BF1DB2EA83-LeaderElection84] INFO  impl.RoleInfo (RoleInfo.java:updateAndGet(130)) - 2ccab0b5-4479-416a-9931-5373164cc31d: start 2ccab0b5-4479-416a-9931-5373164cc31d@group-D1BF1DB2EA83-LeaderStateImpl
2022-02-24 16:57:01,979 [2ccab0b5-4479-416a-9931-5373164cc31d@group-D1BF1DB2EA83-LeaderElection84] INFO  segmented.SegmentedRaftLogWorker (SegmentedRaftLogWorker.java:rollLogSegment(399)) - 2ccab0b5-4479-416a-9931-5373164cc31d@group-D1BF1DB2EA83-SegmentedRaftLogWorker: Rolling segment log-0_0 to index:0
2022-02-24 16:57:01,979 [2ccab0b5-4479-416a-9931-5373164cc31d@group-D1BF1DB2EA83-SegmentedRaftLogWorker] INFO  segmented.SegmentedRaftLogWorker (SegmentedRaftLogWorker.java:execute(558)) - 2ccab0b5-4479-416a-9931-5373164cc31d@group-D1BF1DB2EA83-SegmentedRaftLogWorker: Rolled log segment from /home/runner/work/ozone/ozone/hadoop-ozone/integration-test/target/test-dir/MiniOzoneClusterImpl-a9e0dedd-d836-4895-9472-52c2256152d3/datanode-3/data/ratis/15da9b58-d72e-47f2-bbe2-d1bf1db2ea83/current/log_inprogress_0 to /home/runner/work/ozone/ozone/hadoop-ozone/integration-test/target/test-dir/MiniOzoneClusterImpl-a9e0dedd-d836-4895-9472-52c2256152d3/datanode-3/data/ratis/15da9b58-d72e-47f2-bbe2-d1bf1db2ea83/current/log_0-0
2022-02-24 16:57:01,981 [2ccab0b5-4479-416a-9931-5373164cc31d@group-D1BF1DB2EA83-SegmentedRaftLogWorker] INFO  segmented.SegmentedRaftLogWorker (SegmentedRaftLogWorker.java:execute(601)) - 2ccab0b5-4479-416a-9931-5373164cc31d@group-D1BF1DB2EA83-SegmentedRaftLogWorker: created new log segment /home/runner/work/ozone/ozone/hadoop-ozone/integration-test/target/test-dir/MiniOzoneClusterImpl-a9e0dedd-d836-4895-9472-52c2256152d3/datanode-3/data/ratis/15da9b58-d72e-47f2-bbe2-d1bf1db2ea83/current/log_inprogress_1
2022-02-24 16:57:02,016 [grpc-default-executor-0] INFO  ratis.XceiverServerRatis (XceiverServerRatis.java:handleLeaderChangedNotification(867)) - Leader change notification received for group: group-D1BF1DB2EA83 with new leaderId: 2ccab0b5-4479-416a-9931-5373164cc31d
2022-02-24 16:57:02,016 [grpc-default-executor-0] INFO  server.RaftServer$Division (ServerState.java:setLeader(285)) - 37eb1d61-39bb-4850-ab96-a7546aa7d2af@group-D1BF1DB2EA83: change Leader from null to 2ccab0b5-4479-416a-9931-5373164cc31d at term 4 for appendEntries, leader elected after 5285ms
2022-02-24 16:57:02,035 [grpc-default-executor-3] WARN  server.GrpcLogAppender (LogUtils.java:warn(122)) - 2ccab0b5-4479-416a-9931-5373164cc31d@group-D1BF1DB2EA83->6aa02a95-f8ab-442c-9ba0-fd232060c81a-AppendLogResponseHandler: Failed appendEntries: org.apache.ratis.thirdparty.io.grpc.StatusRuntimeException: UNAVAILABLE: io exception
2022-02-24 16:57:02,036 [grpc-default-executor-3] WARN  server.GrpcLogAppender (GrpcLogAppender.java:resetClient(110)) - 2ccab0b5-4479-416a-9931-5373164cc31d@group-D1BF1DB2EA83->6aa02a95-f8ab-442c-9ba0-fd232060c81a-GrpcLogAppender: Leader has not got in touch with Follower 2ccab0b5-4479-416a-9931-5373164cc31d@group-D1BF1DB2EA83->6aa02a95-f8ab-442c-9ba0-fd232060c81a(c-1,m0,n1, attendVote=true, lastRpcSendTime=5260, lastRpcResponseTime=5260) yet, just keep nextIndex unchanged and retry.
2022-02-24 16:57:02,037 [grpc-default-executor-3] WARN  server.GrpcLogAppender (LogUtils.java:warn(122)) - 2ccab0b5-4479-416a-9931-5373164cc31d@group-D1BF1DB2EA83->6aa02a95-f8ab-442c-9ba0-fd232060c81a-AppendLogResponseHandler: Failed appendEntries: org.apache.ratis.thirdparty.io.grpc.StatusRuntimeException: UNAVAILABLE: io exception
2022-02-24 16:57:02,037 [grpc-default-executor-3] WARN  server.GrpcLogAppender (GrpcLogAppender.java:resetClient(110)) - 2ccab0b5-4479-416a-9931-5373164cc31d@group-D1BF1DB2EA83->6aa02a95-f8ab-442c-9ba0-fd232060c81a-GrpcLogAppender: Leader has not got in touch with Follower 2ccab0b5-4479-416a-9931-5373164cc31d@group-D1BF1DB2EA83->6aa02a95-f8ab-442c-9ba0-fd232060c81a(c-1,m0,n2, attendVote=true, lastRpcSendTime=0, lastRpcResponseTime=5262) yet, just keep nextIndex unchanged and retry.
2022-02-24 16:57:02,067 [2ccab0b5-4479-416a-9931-5373164cc31d@group-D1BF1DB2EA83-LeaderElection84] INFO  server.RaftServer$Division (ServerState.java:setRaftConf(387)) - 2ccab0b5-4479-416a-9931-5373164cc31d@group-D1BF1DB2EA83: set configuration 1: [6aa02a95-f8ab-442c-9ba0-fd232060c81a|rpc:10.1.0.37:41563|dataStream:|priority:1, 2ccab0b5-4479-416a-9931-5373164cc31d|rpc:10.1.0.37:41069|dataStream:|priority:0, 37eb1d61-39bb-4850-ab96-a7546aa7d2af|rpc:10.1.0.37:34927|dataStream:|priority:0], old=null
2022-02-24 16:57:02,123 [grpc-default-executor-0] INFO  server.RaftServer$Division (ServerState.java:setRaftConf(387)) - 37eb1d61-39bb-4850-ab96-a7546aa7d2af@group-D1BF1DB2EA83: set configuration 1: [6aa02a95-f8ab-442c-9ba0-fd232060c81a|rpc:10.1.0.37:41563|dataStream:|priority:1, 2ccab0b5-4479-416a-9931-5373164cc31d|rpc:10.1.0.37:41069|dataStream:|priority:0, 37eb1d61-39bb-4850-ab96-a7546aa7d2af|rpc:10.1.0.37:34927|dataStream:|priority:0], old=null
2022-02-24 16:57:02,123 [grpc-default-executor-0] INFO  segmented.SegmentedRaftLogWorker (SegmentedRaftLogWorker.java:rollLogSegment(399)) - 37eb1d61-39bb-4850-ab96-a7546aa7d2af@group-D1BF1DB2EA83-SegmentedRaftLogWorker: Rolling segment log-0_0 to index:0
2022-02-24 16:57:02,124 [37eb1d61-39bb-4850-ab96-a7546aa7d2af@group-D1BF1DB2EA83-SegmentedRaftLogWorker] INFO  segmented.SegmentedRaftLogWorker (SegmentedRaftLogWorker.java:execute(558)) - 37eb1d61-39bb-4850-ab96-a7546aa7d2af@group-D1BF1DB2EA83-SegmentedRaftLogWorker: Rolled log segment from /home/runner/work/ozone/ozone/hadoop-ozone/integration-test/target/test-dir/MiniOzoneClusterImpl-a9e0dedd-d836-4895-9472-52c2256152d3/datanode-5/data/ratis/15da9b58-d72e-47f2-bbe2-d1bf1db2ea83/current/log_inprogress_0 to /home/runner/work/ozone/ozone/hadoop-ozone/integration-test/target/test-dir/MiniOzoneClusterImpl-a9e0dedd-d836-4895-9472-52c2256152d3/datanode-5/data/ratis/15da9b58-d72e-47f2-bbe2-d1bf1db2ea83/current/log_0-0
2022-02-24 16:57:02,125 [37eb1d61-39bb-4850-ab96-a7546aa7d2af@group-D1BF1DB2EA83-SegmentedRaftLogWorker] INFO  segmented.SegmentedRaftLogWorker (SegmentedRaftLogWorker.java:execute(601)) - 37eb1d61-39bb-4850-ab96-a7546aa7d2af@group-D1BF1DB2EA83-SegmentedRaftLogWorker: created new log segment /home/runner/work/ozone/ozone/hadoop-ozone/integration-test/target/test-dir/MiniOzoneClusterImpl-a9e0dedd-d836-4895-9472-52c2256152d3/datanode-5/data/ratis/15da9b58-d72e-47f2-bbe2-d1bf1db2ea83/current/log_inprogress_1
2022-02-24 16:57:02,175 [grpc-default-executor-0] WARN  server.GrpcLogAppender (LogUtils.java:warn(122)) - 2ccab0b5-4479-416a-9931-5373164cc31d@group-D1BF1DB2EA83->6aa02a95-f8ab-442c-9ba0-fd232060c81a-AppendLogResponseHandler: Failed appendEntries: org.apache.ratis.thirdparty.io.grpc.StatusRuntimeException: UNAVAILABLE: io exception
2022-02-24 16:57:02,176 [grpc-default-executor-0] WARN  server.GrpcLogAppender (GrpcLogAppender.java:resetClient(110)) - 2ccab0b5-4479-416a-9931-5373164cc31d@group-D1BF1DB2EA83->6aa02a95-f8ab-442c-9ba0-fd232060c81a-GrpcLogAppender: Leader has not got in touch with Follower 2ccab0b5-4479-416a-9931-5373164cc31d@group-D1BF1DB2EA83->6aa02a95-f8ab-442c-9ba0-fd232060c81a(c-1,m0,n3, attendVote=true, lastRpcSendTime=137, lastRpcResponseTime=5400) yet, just keep nextIndex unchanged and retry.
2022-02-24 16:57:02,431 [Listener at 127.0.0.1/44987] INFO  utils.BackgroundService (BackgroundService.java:shutdown(132)) - Shutting down service BlockDeletingService
2022-02-24 16:57:02,577 [ForkJoinPool.commonPool-worker-0] INFO  utils.BackgroundService (BackgroundService.java:shutdown(132)) - Shutting down service BlockDeletingService
2022-02-24 16:57:03,191 [grpc-default-executor-0] WARN  server.GrpcLogAppender (LogUtils.java:warn(122)) - 6b991a1f-9e77-4b13-a483-fcde5672bd4a@group-A8F55BFD1212->2a15bd7e-7896-4db0-9e08-f7464bcd33ee-AppendLogResponseHandler: Failed appendEntries: org.apache.ratis.thirdparty.io.grpc.StatusRuntimeException: UNAVAILABLE: io exception
2022-02-24 16:57:03,192 [grpc-default-executor-0] WARN  server.GrpcLogAppender (GrpcLogAppender.java:resetClient(110)) - 6b991a1f-9e77-4b13-a483-fcde5672bd4a@group-A8F55BFD1212->2a15bd7e-7896-4db0-9e08-f7464bcd33ee-GrpcLogAppender: Leader has not got in touch with Follower 6b991a1f-9e77-4b13-a483-fcde5672bd4a@group-A8F55BFD1212->2a15bd7e-7896-4db0-9e08-f7464bcd33ee(c0,m0,n1, attendVote=true, lastRpcSendTime=2503, lastRpcResponseTime=5020) yet, just keep nextIndex unchanged and retry.
2022-02-24 16:57:03,204 [grpc-default-executor-0] WARN  server.GrpcLogAppender (LogUtils.java:warn(122)) - 6b991a1f-9e77-4b13-a483-fcde5672bd4a@group-A8F55BFD1212->b07270f0-c5b1-4afe-99f3-aa5758d6ba5c-AppendLogResponseHandler: Failed appendEntries: org.apache.ratis.thirdparty.io.grpc.StatusRuntimeException: UNAVAILABLE: io exception
2022-02-24 16:57:03,204 [grpc-default-executor-0] WARN  server.GrpcLogAppender (GrpcLogAppender.java:resetClient(110)) - 6b991a1f-9e77-4b13-a483-fcde5672bd4a@group-A8F55BFD1212->b07270f0-c5b1-4afe-99f3-aa5758d6ba5c-GrpcLogAppender: Leader has not got in touch with Follower 6b991a1f-9e77-4b13-a483-fcde5672bd4a@group-A8F55BFD1212->b07270f0-c5b1-4afe-99f3-aa5758d6ba5c(c0,m0,n1, attendVote=true, lastRpcSendTime=2509, lastRpcResponseTime=5029) yet, just keep nextIndex unchanged and retry.
2022-02-24 16:57:03,985 [grpc-default-executor-0] WARN  server.GrpcLogAppender (LogUtils.java:warn(122)) - 2ccab0b5-4479-416a-9931-5373164cc31d@group-00F5C2898BFA->6aa02a95-f8ab-442c-9ba0-fd232060c81a-AppendLogResponseHandler: Failed appendEntries: org.apache.ratis.thirdparty.io.grpc.StatusRuntimeException: UNAVAILABLE: io exception
2022-02-24 16:57:03,985 [grpc-default-executor-0] WARN  server.GrpcLogAppender (GrpcLogAppender.java:resetClient(110)) - 2ccab0b5-4479-416a-9931-5373164cc31d@group-00F5C2898BFA->6aa02a95-f8ab-442c-9ba0-fd232060c81a-GrpcLogAppender: Leader has not got in touch with Follower 2ccab0b5-4479-416a-9931-5373164cc31d@group-00F5C2898BFA->6aa02a95-f8ab-442c-9ba0-fd232060c81a(c0,m0,n1, attendVote=true, lastRpcSendTime=2514, lastRpcResponseTime=15075) yet, just keep nextIndex unchanged and retry.
2022-02-24 16:57:04,005 [grpc-default-executor-0] WARN  server.GrpcLogAppender (LogUtils.java:warn(122)) - 37eb1d61-39bb-4850-ab96-a7546aa7d2af@group-05E598691DA2->6aa02a95-f8ab-442c-9ba0-fd232060c81a-AppendLogResponseHandler: Failed appendEntries: org.apache.ratis.thirdparty.io.grpc.StatusRuntimeException: UNAVAILABLE: io exception
2022-02-24 16:57:04,005 [grpc-default-executor-0] WARN  server.GrpcLogAppender (GrpcLogAppender.java:resetClient(110)) - 37eb1d61-39bb-4850-ab96-a7546aa7d2af@group-05E598691DA2->6aa02a95-f8ab-442c-9ba0-fd232060c81a-GrpcLogAppender: Leader has not got in touch with Follower 37eb1d61-39bb-4850-ab96-a7546aa7d2af@group-05E598691DA2->6aa02a95-f8ab-442c-9ba0-fd232060c81a(c0,m0,n1, attendVote=true, lastRpcSendTime=0, lastRpcResponseTime=15107) yet, just keep nextIndex unchanged and retry.
2022-02-24 16:57:04,052 [EventQueue-StaleNodeForStaleNodeHandler] INFO  node.StaleNodeHandler (StaleNodeHandler.java:onMessage(58)) - Datanode 2a15bd7e-7896-4db0-9e08-f7464bcd33ee{ip: 10.1.0.37, host: fv-az59-243.csjynl4pkq3e1pkirw3ssqjfoh.cx.internal.cloudapp.net, ports: [REPLICATION=43341, RATIS=41995, RATIS_ADMIN=41995, RATIS_SERVER=41995, STANDALONE=34861], networkLocation: /default-rack, certSerialId: null, persistedOpState: IN_SERVICE, persistedOpStateExpiryEpochSec: 0} moved to stale state. Finalizing its pipelines [PipelineID=451cfd88-c86e-482f-ac50-d7e6b7717086, PipelineID=5f44144d-712d-461a-aa66-ff6f608ff5fd, PipelineID=a109b66f-d9f5-4f13-88ed-ca206d264f63, PipelineID=497dee7c-6395-4f7c-8faa-a8f55bfd1212]
2022-02-24 16:57:04,060 [EventQueue-StaleNodeForStaleNodeHandler] INFO  pipeline.PipelineManagerImpl (PipelineManagerImpl.java:closeContainersForPipeline(344)) - Container #2 closed for pipeline=PipelineID=5f44144d-712d-461a-aa66-ff6f608ff5fd
2022-02-24 16:57:04,060 [EventQueue-CloseContainerForCloseContainerEventHandler] INFO  container.CloseContainerEventHandler (CloseContainerEventHandler.java:onMessage(69)) - Close container Event triggered for container : #2
2022-02-24 16:57:04,065 [EventQueue-StaleNodeForStaleNodeHandler] INFO  pipeline.PipelineManagerImpl (PipelineManagerImpl.java:closePipeline(365)) - Pipeline Pipeline[ Id: 5f44144d-712d-461a-aa66-ff6f608ff5fd, Nodes: 2a15bd7e-7896-4db0-9e08-f7464bcd33ee{ip: 10.1.0.37, host: fv-az59-243.csjynl4pkq3e1pkirw3ssqjfoh.cx.internal.cloudapp.net, ports: [REPLICATION=43341, RATIS=41995, RATIS_ADMIN=41995, RATIS_SERVER=41995, STANDALONE=34861], networkLocation: /default-rack, certSerialId: null, persistedOpState: IN_SERVICE, persistedOpStateExpiryEpochSec: 0}, ReplicationConfig: RATIS/ONE, State:OPEN, leaderId:2a15bd7e-7896-4db0-9e08-f7464bcd33ee, CreationTimestamp2022-02-24T16:55:46.155Z[Etc/UTC]] moved to CLOSED state
2022-02-24 16:57:04,067 [EventQueue-StaleNodeForStaleNodeHandler] INFO  pipeline.PipelineManagerImpl (PipelineManagerImpl.java:closePipeline(365)) - Pipeline Pipeline[ Id: 497dee7c-6395-4f7c-8faa-a8f55bfd1212, Nodes: 2a15bd7e-7896-4db0-9e08-f7464bcd33ee{ip: 10.1.0.37, host: fv-az59-243.csjynl4pkq3e1pkirw3ssqjfoh.cx.internal.cloudapp.net, ports: [REPLICATION=43341, RATIS=41995, RATIS_ADMIN=41995, RATIS_SERVER=41995, STANDALONE=34861], networkLocation: /default-rack, certSerialId: null, persistedOpState: IN_SERVICE, persistedOpStateExpiryEpochSec: 0}6b991a1f-9e77-4b13-a483-fcde5672bd4a{ip: 10.1.0.37, host: fv-az59-243.csjynl4pkq3e1pkirw3ssqjfoh.cx.internal.cloudapp.net, ports: [REPLICATION=34893, RATIS=38289, RATIS_ADMIN=38289, RATIS_SERVER=38289, STANDALONE=42165], networkLocation: /default-rack, certSerialId: null, persistedOpState: IN_SERVICE, persistedOpStateExpiryEpochSec: 0}b07270f0-c5b1-4afe-99f3-aa5758d6ba5c{ip: 10.1.0.37, host: fv-az59-243.csjynl4pkq3e1pkirw3ssqjfoh.cx.internal.cloudapp.net, ports: [REPLICATION=41147, RATIS=45647, RATIS_ADMIN=45647, RATIS_SERVER=45647, STANDALONE=43127], networkLocation: /default-rack, certSerialId: null, persistedOpState: IN_SERVICE, persistedOpStateExpiryEpochSec: 0}, ReplicationConfig: RATIS/THREE, State:OPEN, leaderId:6b991a1f-9e77-4b13-a483-fcde5672bd4a, CreationTimestamp2022-02-24T16:56:43.278Z[Etc/UTC]] moved to CLOSED state
2022-02-24 16:57:04,467 [EventQueue-DeadNodeForDeadNodeHandler] INFO  node.DeadNodeHandler (DeadNodeHandler.java:onMessage(80)) - A dead datanode is detected. 6aa02a95-f8ab-442c-9ba0-fd232060c81a{ip: 10.1.0.37, host: fv-az59-243.csjynl4pkq3e1pkirw3ssqjfoh.cx.internal.cloudapp.net, ports: [REPLICATION=40825, RATIS=41563, RATIS_ADMIN=41563, RATIS_SERVER=41563, STANDALONE=35321], networkLocation: /default-rack, certSerialId: null, persistedOpState: IN_SERVICE, persistedOpStateExpiryEpochSec: 0}
2022-02-24 16:57:04,467 [EventQueue-DeadNodeForDeadNodeHandler] INFO  pipeline.RatisPipelineProvider (RatisPipelineProvider.java:lambda$close$1(222)) - Send pipeline:PipelineID=15da9b58-d72e-47f2-bbe2-d1bf1db2ea83 close command to datanode 6aa02a95-f8ab-442c-9ba0-fd232060c81a
2022-02-24 16:57:04,467 [EventQueue-DeadNodeForDeadNodeHandler] INFO  pipeline.RatisPipelineProvider (RatisPipelineProvider.java:lambda$close$1(222)) - Send pipeline:PipelineID=15da9b58-d72e-47f2-bbe2-d1bf1db2ea83 close command to datanode 37eb1d61-39bb-4850-ab96-a7546aa7d2af
2022-02-24 16:57:04,467 [EventQueue-DeadNodeForDeadNodeHandler] INFO  pipeline.RatisPipelineProvider (RatisPipelineProvider.java:lambda$close$1(222)) - Send pipeline:PipelineID=15da9b58-d72e-47f2-bbe2-d1bf1db2ea83 close command to datanode 2ccab0b5-4479-416a-9931-5373164cc31d
2022-02-24 16:57:04,469 [77c6fe3f-1b7a-40d0-9616-c5318e50343e@group-52C2256152D3-StateMachineUpdater] INFO  pipeline.PipelineStateManagerImpl (PipelineStateManagerImpl.java:removePipeline(223)) - Pipeline Pipeline[ Id: 15da9b58-d72e-47f2-bbe2-d1bf1db2ea83, Nodes: 6aa02a95-f8ab-442c-9ba0-fd232060c81a{ip: 10.1.0.37, host: fv-az59-243.csjynl4pkq3e1pkirw3ssqjfoh.cx.internal.cloudapp.net, ports: [REPLICATION=40825, RATIS=41563, RATIS_ADMIN=41563, RATIS_SERVER=41563, STANDALONE=35321], networkLocation: /default-rack, certSerialId: null, persistedOpState: IN_SERVICE, persistedOpStateExpiryEpochSec: 0}37eb1d61-39bb-4850-ab96-a7546aa7d2af{ip: 10.1.0.37, host: fv-az59-243.csjynl4pkq3e1pkirw3ssqjfoh.cx.internal.cloudapp.net, ports: [REPLICATION=45025, RATIS=34927, RATIS_ADMIN=34927, RATIS_SERVER=34927, STANDALONE=33481], networkLocation: /default-rack, certSerialId: null, persistedOpState: IN_SERVICE, persistedOpStateExpiryEpochSec: 0}2ccab0b5-4479-416a-9931-5373164cc31d{ip: 10.1.0.37, host: fv-az59-243.csjynl4pkq3e1pkirw3ssqjfoh.cx.internal.cloudapp.net, ports: [REPLICATION=38827, RATIS=41069, RATIS_ADMIN=41069, RATIS_SERVER=41069, STANDALONE=35309], networkLocation: /default-rack, certSerialId: null, persistedOpState: IN_SERVICE, persistedOpStateExpiryEpochSec: 0}, ReplicationConfig: RATIS/THREE, State:CLOSED, leaderId:2ccab0b5-4479-416a-9931-5373164cc31d, CreationTimestamp2022-02-24T16:55:48.180Z[Etc/UTC]] removed.
2022-02-24 16:57:04,470 [EventQueue-DeadNodeForDeadNodeHandler] INFO  pipeline.RatisPipelineProvider (RatisPipelineProvider.java:lambda$close$1(222)) - Send pipeline:PipelineID=31d398e6-9b90-466b-8763-05e598691da2 close command to datanode 6aa02a95-f8ab-442c-9ba0-fd232060c81a
2022-02-24 16:57:04,470 [EventQueue-DeadNodeForDeadNodeHandler] INFO  pipeline.RatisPipelineProvider (RatisPipelineProvider.java:lambda$close$1(222)) - Send pipeline:PipelineID=31d398e6-9b90-466b-8763-05e598691da2 close command to datanode 2ccab0b5-4479-416a-9931-5373164cc31d
2022-02-24 16:57:04,470 [EventQueue-DeadNodeForDeadNodeHandler] INFO  pipeline.RatisPipelineProvider (RatisPipelineProvider.java:lambda$close$1(222)) - Send pipeline:PipelineID=31d398e6-9b90-466b-8763-05e598691da2 close command to datanode 37eb1d61-39bb-4850-ab96-a7546aa7d2af
2022-02-24 16:57:04,471 [77c6fe3f-1b7a-40d0-9616-c5318e50343e@group-52C2256152D3-StateMachineUpdater] INFO  pipeline.PipelineStateManagerImpl (PipelineStateManagerImpl.java:removePipeline(223)) - Pipeline Pipeline[ Id: 31d398e6-9b90-466b-8763-05e598691da2, Nodes: 6aa02a95-f8ab-442c-9ba0-fd232060c81a{ip: 10.1.0.37, host: fv-az59-243.csjynl4pkq3e1pkirw3ssqjfoh.cx.internal.cloudapp.net, ports: [REPLICATION=40825, RATIS=41563, RATIS_ADMIN=41563, RATIS_SERVER=41563, STANDALONE=35321], networkLocation: /default-rack, certSerialId: null, persistedOpState: IN_SERVICE, persistedOpStateExpiryEpochSec: 0}2ccab0b5-4479-416a-9931-5373164cc31d{ip: 10.1.0.37, host: fv-az59-243.csjynl4pkq3e1pkirw3ssqjfoh.cx.internal.cloudapp.net, ports: [REPLICATION=38827, RATIS=41069, RATIS_ADMIN=41069, RATIS_SERVER=41069, STANDALONE=35309], networkLocation: /default-rack, certSerialId: null, persistedOpState: IN_SERVICE, persistedOpStateExpiryEpochSec: 0}37eb1d61-39bb-4850-ab96-a7546aa7d2af{ip: 10.1.0.37, host: fv-az59-243.csjynl4pkq3e1pkirw3ssqjfoh.cx.internal.cloudapp.net, ports: [REPLICATION=45025, RATIS=34927, RATIS_ADMIN=34927, RATIS_SERVER=34927, STANDALONE=33481], networkLocation: /default-rack, certSerialId: null, persistedOpState: IN_SERVICE, persistedOpStateExpiryEpochSec: 0}, ReplicationConfig: RATIS/THREE, State:CLOSED, leaderId:37eb1d61-39bb-4850-ab96-a7546aa7d2af, CreationTimestamp2022-02-24T16:55:48.185Z[Etc/UTC]] removed.
2022-02-24 16:57:04,471 [EventQueue-DeadNodeForDeadNodeHandler] INFO  pipeline.RatisPipelineProvider (RatisPipelineProvider.java:lambda$close$1(222)) - Send pipeline:PipelineID=cb254f30-eede-410a-88df-00f5c2898bfa close command to datanode 2ccab0b5-4479-416a-9931-5373164cc31d
2022-02-24 16:57:04,471 [EventQueue-DeadNodeForDeadNodeHandler] INFO  pipeline.RatisPipelineProvider (RatisPipelineProvider.java:lambda$close$1(222)) - Send pipeline:PipelineID=cb254f30-eede-410a-88df-00f5c2898bfa close command to datanode 37eb1d61-39bb-4850-ab96-a7546aa7d2af
2022-02-24 16:57:04,471 [EventQueue-DeadNodeForDeadNodeHandler] INFO  pipeline.RatisPipelineProvider (RatisPipelineProvider.java:lambda$close$1(222)) - Send pipeline:PipelineID=cb254f30-eede-410a-88df-00f5c2898bfa close command to datanode 6aa02a95-f8ab-442c-9ba0-fd232060c81a
2022-02-24 16:57:04,475 [77c6fe3f-1b7a-40d0-9616-c5318e50343e@group-52C2256152D3-StateMachineUpdater] INFO  pipeline.PipelineStateManagerImpl (PipelineStateManagerImpl.java:removePipeline(223)) - Pipeline Pipeline[ Id: cb254f30-eede-410a-88df-00f5c2898bfa, Nodes: 2ccab0b5-4479-416a-9931-5373164cc31d{ip: 10.1.0.37, host: fv-az59-243.csjynl4pkq3e1pkirw3ssqjfoh.cx.internal.cloudapp.net, ports: [REPLICATION=38827, RATIS=41069, RATIS_ADMIN=41069, RATIS_SERVER=41069, STANDALONE=35309], networkLocation: /default-rack, certSerialId: null, persistedOpState: IN_SERVICE, persistedOpStateExpiryEpochSec: 0}37eb1d61-39bb-4850-ab96-a7546aa7d2af{ip: 10.1.0.37, host: fv-az59-243.csjynl4pkq3e1pkirw3ssqjfoh.cx.internal.cloudapp.net, ports: [REPLICATION=45025, RATIS=34927, RATIS_ADMIN=34927, RATIS_SERVER=34927, STANDALONE=33481], networkLocation: /default-rack, certSerialId: null, persistedOpState: IN_SERVICE, persistedOpStateExpiryEpochSec: 0}6aa02a95-f8ab-442c-9ba0-fd232060c81a{ip: 10.1.0.37, host: fv-az59-243.csjynl4pkq3e1pkirw3ssqjfoh.cx.internal.cloudapp.net, ports: [REPLICATION=40825, RATIS=41563, RATIS_ADMIN=41563, RATIS_SERVER=41563, STANDALONE=35321], networkLocation: /default-rack, certSerialId: null, persistedOpState: IN_SERVICE, persistedOpStateExpiryEpochSec: 0}, ReplicationConfig: RATIS/THREE, State:CLOSED, leaderId:2ccab0b5-4479-416a-9931-5373164cc31d, CreationTimestamp2022-02-24T16:55:48.188Z[Etc/UTC]] removed.
2022-02-24 16:57:04,475 [EventQueue-DeadNodeForDeadNodeHandler] INFO  pipeline.RatisPipelineProvider (RatisPipelineProvider.java:lambda$close$1(222)) - Send pipeline:PipelineID=86cbf4e9-b0db-4937-96de-56b0a5bd8601 close command to datanode 6aa02a95-f8ab-442c-9ba0-fd232060c81a
2022-02-24 16:57:04,476 [77c6fe3f-1b7a-40d0-9616-c5318e50343e@group-52C2256152D3-StateMachineUpdater] INFO  pipeline.PipelineStateManagerImpl (PipelineStateManagerImpl.java:removePipeline(223)) - Pipeline Pipeline[ Id: 86cbf4e9-b0db-4937-96de-56b0a5bd8601, Nodes: 6aa02a95-f8ab-442c-9ba0-fd232060c81a{ip: 10.1.0.37, host: fv-az59-243.csjynl4pkq3e1pkirw3ssqjfoh.cx.internal.cloudapp.net, ports: [REPLICATION=40825, RATIS=41563, RATIS_ADMIN=41563, RATIS_SERVER=41563, STANDALONE=35321], networkLocation: /default-rack, certSerialId: null, persistedOpState: IN_SERVICE, persistedOpStateExpiryEpochSec: 0}, ReplicationConfig: RATIS/ONE, State:CLOSED, leaderId:6aa02a95-f8ab-442c-9ba0-fd232060c81a, CreationTimestamp2022-02-24T16:55:47.569Z[Etc/UTC]] removed.
2022-02-24 16:57:04,476 [EventQueue-DeadNodeForDeadNodeHandler] INFO  net.NetworkTopologyImpl (NetworkTopologyImpl.java:remove(137)) - Removed a node: /default-rack/6aa02a95-f8ab-442c-9ba0-fd232060c81a
2022-02-24 16:57:04,571 [EventQueue-DeadNodeForDeadNodeHandler] INFO  node.DeadNodeHandler (DeadNodeHandler.java:onMessage(80)) - A dead datanode is detected. cf3a7bfa-0a59-4cf0-978b-44f71b96abbc{ip: 10.1.0.37, host: fv-az59-243.csjynl4pkq3e1pkirw3ssqjfoh.cx.internal.cloudapp.net, ports: [REPLICATION=36859, RATIS=40183, RATIS_ADMIN=40183, RATIS_SERVER=40183, STANDALONE=46129], networkLocation: /default-rack, certSerialId: null, persistedOpState: IN_SERVICE, persistedOpStateExpiryEpochSec: 0}
2022-02-24 16:57:04,571 [EventQueue-DeadNodeForDeadNodeHandler] INFO  pipeline.RatisPipelineProvider (RatisPipelineProvider.java:lambda$close$1(222)) - Send pipeline:PipelineID=9d89eb0f-cdb5-491e-824c-d784b15b949e close command to datanode cf3a7bfa-0a59-4cf0-978b-44f71b96abbc
2022-02-24 16:57:04,571 [EventQueue-DeadNodeForDeadNodeHandler] INFO  pipeline.RatisPipelineProvider (RatisPipelineProvider.java:lambda$close$1(222)) - Send pipeline:PipelineID=9d89eb0f-cdb5-491e-824c-d784b15b949e close command to datanode b07270f0-c5b1-4afe-99f3-aa5758d6ba5c
2022-02-24 16:57:04,571 [EventQueue-DeadNodeForDeadNodeHandler] INFO  pipeline.RatisPipelineProvider (RatisPipelineProvider.java:lambda$close$1(222)) - Send pipeline:PipelineID=9d89eb0f-cdb5-491e-824c-d784b15b949e close command to datanode 6b991a1f-9e77-4b13-a483-fcde5672bd4a
2022-02-24 16:57:04,573 [77c6fe3f-1b7a-40d0-9616-c5318e50343e@group-52C2256152D3-StateMachineUpdater] INFO  pipeline.PipelineStateManagerImpl (PipelineStateManagerImpl.java:removePipeline(223)) - Pipeline Pipeline[ Id: 9d89eb0f-cdb5-491e-824c-d784b15b949e, Nodes: cf3a7bfa-0a59-4cf0-978b-44f71b96abbc{ip: 10.1.0.37, host: fv-az59-243.csjynl4pkq3e1pkirw3ssqjfoh.cx.internal.cloudapp.net, ports: [REPLICATION=36859, RATIS=40183, RATIS_ADMIN=40183, RATIS_SERVER=40183, STANDALONE=46129], networkLocation: /default-rack, certSerialId: null, persistedOpState: IN_SERVICE, persistedOpStateExpiryEpochSec: 0}b07270f0-c5b1-4afe-99f3-aa5758d6ba5c{ip: 10.1.0.37, host: fv-az59-243.csjynl4pkq3e1pkirw3ssqjfoh.cx.internal.cloudapp.net, ports: [REPLICATION=41147, RATIS=45647, RATIS_ADMIN=45647, RATIS_SERVER=45647, STANDALONE=43127], networkLocation: /default-rack, certSerialId: null, persistedOpState: IN_SERVICE, persistedOpStateExpiryEpochSec: 0}6b991a1f-9e77-4b13-a483-fcde5672bd4a{ip: 10.1.0.37, host: fv-az59-243.csjynl4pkq3e1pkirw3ssqjfoh.cx.internal.cloudapp.net, ports: [REPLICATION=34893, RATIS=38289, RATIS_ADMIN=38289, RATIS_SERVER=38289, STANDALONE=42165], networkLocation: /default-rack, certSerialId: null, persistedOpState: IN_SERVICE, persistedOpStateExpiryEpochSec: 0}, ReplicationConfig: RATIS/THREE, State:CLOSED, leaderId:b07270f0-c5b1-4afe-99f3-aa5758d6ba5c, CreationTimestamp2022-02-24T16:56:43.268Z[Etc/UTC]] removed.
2022-02-24 16:57:04,575 [EventQueue-DeadNodeForDeadNodeHandler] INFO  pipeline.RatisPipelineProvider (RatisPipelineProvider.java:lambda$close$1(222)) - Send pipeline:PipelineID=451cfd88-c86e-482f-ac50-d7e6b7717086 close command to datanode 2a15bd7e-7896-4db0-9e08-f7464bcd33ee
2022-02-24 16:57:04,576 [EventQueue-DeadNodeForDeadNodeHandler] INFO  pipeline.RatisPipelineProvider (RatisPipelineProvider.java:lambda$close$1(222)) - Send pipeline:PipelineID=451cfd88-c86e-482f-ac50-d7e6b7717086 close command to datanode cf3a7bfa-0a59-4cf0-978b-44f71b96abbc
2022-02-24 16:57:04,576 [EventQueue-DeadNodeForDeadNodeHandler] INFO  pipeline.RatisPipelineProvider (RatisPipelineProvider.java:lambda$close$1(222)) - Send pipeline:PipelineID=451cfd88-c86e-482f-ac50-d7e6b7717086 close command to datanode 6b991a1f-9e77-4b13-a483-fcde5672bd4a
2022-02-24 16:57:04,578 [77c6fe3f-1b7a-40d0-9616-c5318e50343e@group-52C2256152D3-StateMachineUpdater] INFO  pipeline.PipelineStateManagerImpl (PipelineStateManagerImpl.java:removePipeline(223)) - Pipeline Pipeline[ Id: 451cfd88-c86e-482f-ac50-d7e6b7717086, Nodes: 2a15bd7e-7896-4db0-9e08-f7464bcd33ee{ip: 10.1.0.37, host: fv-az59-243.csjynl4pkq3e1pkirw3ssqjfoh.cx.internal.cloudapp.net, ports: [REPLICATION=43341, RATIS=41995, RATIS_ADMIN=41995, RATIS_SERVER=41995, STANDALONE=34861], networkLocation: /default-rack, certSerialId: null, persistedOpState: IN_SERVICE, persistedOpStateExpiryEpochSec: 0}cf3a7bfa-0a59-4cf0-978b-44f71b96abbc{ip: 10.1.0.37, host: fv-az59-243.csjynl4pkq3e1pkirw3ssqjfoh.cx.internal.cloudapp.net, ports: [REPLICATION=36859, RATIS=40183, RATIS_ADMIN=40183, RATIS_SERVER=40183, STANDALONE=46129], networkLocation: /default-rack, certSerialId: null, persistedOpState: IN_SERVICE, persistedOpStateExpiryEpochSec: 0}6b991a1f-9e77-4b13-a483-fcde5672bd4a{ip: 10.1.0.37, host: fv-az59-243.csjynl4pkq3e1pkirw3ssqjfoh.cx.internal.cloudapp.net, ports: [REPLICATION=34893, RATIS=38289, RATIS_ADMIN=38289, RATIS_SERVER=38289, STANDALONE=42165], networkLocation: /default-rack, certSerialId: null, persistedOpState: IN_SERVICE, persistedOpStateExpiryEpochSec: 0}, ReplicationConfig: RATIS/THREE, State:CLOSED, leaderId:, CreationTimestamp2022-02-24T16:56:43.273Z[Etc/UTC]] removed.
2022-02-24 16:57:04,580 [EventQueue-DeadNodeForDeadNodeHandler] INFO  pipeline.RatisPipelineProvider (RatisPipelineProvider.java:lambda$close$1(222)) - Send pipeline:PipelineID=a109b66f-d9f5-4f13-88ed-ca206d264f63 close command to datanode cf3a7bfa-0a59-4cf0-978b-44f71b96abbc
2022-02-24 16:57:04,580 [EventQueue-DeadNodeForDeadNodeHandler] INFO  pipeline.RatisPipelineProvider (RatisPipelineProvider.java:lambda$close$1(222)) - Send pipeline:PipelineID=a109b66f-d9f5-4f13-88ed-ca206d264f63 close command to datanode 2a15bd7e-7896-4db0-9e08-f7464bcd33ee
2022-02-24 16:57:04,580 [EventQueue-DeadNodeForDeadNodeHandler] INFO  pipeline.RatisPipelineProvider (RatisPipelineProvider.java:lambda$close$1(222)) - Send pipeline:PipelineID=a109b66f-d9f5-4f13-88ed-ca206d264f63 close command to datanode b07270f0-c5b1-4afe-99f3-aa5758d6ba5c
2022-02-24 16:57:04,581 [77c6fe3f-1b7a-40d0-9616-c5318e50343e@group-52C2256152D3-StateMachineUpdater] INFO  pipeline.PipelineStateManagerImpl (PipelineStateManagerImpl.java:removePipeline(223)) - Pipeline Pipeline[ Id: a109b66f-d9f5-4f13-88ed-ca206d264f63, Nodes: cf3a7bfa-0a59-4cf0-978b-44f71b96abbc{ip: 10.1.0.37, host: fv-az59-243.csjynl4pkq3e1pkirw3ssqjfoh.cx.internal.cloudapp.net, ports: [REPLICATION=36859, RATIS=40183, RATIS_ADMIN=40183, RATIS_SERVER=40183, STANDALONE=46129], networkLocation: /default-rack, certSerialId: null, persistedOpState: IN_SERVICE, persistedOpStateExpiryEpochSec: 0}2a15bd7e-7896-4db0-9e08-f7464bcd33ee{ip: 10.1.0.37, host: fv-az59-243.csjynl4pkq3e1pkirw3ssqjfoh.cx.internal.cloudapp.net, ports: [REPLICATION=43341, RATIS=41995, RATIS_ADMIN=41995, RATIS_SERVER=41995, STANDALONE=34861], networkLocation: /default-rack, certSerialId: null, persistedOpState: IN_SERVICE, persistedOpStateExpiryEpochSec: 0}b07270f0-c5b1-4afe-99f3-aa5758d6ba5c{ip: 10.1.0.37, host: fv-az59-243.csjynl4pkq3e1pkirw3ssqjfoh.cx.internal.cloudapp.net, ports: [REPLICATION=41147, RATIS=45647, RATIS_ADMIN=45647, RATIS_SERVER=45647, STANDALONE=43127], networkLocation: /default-rack, certSerialId: null, persistedOpState: IN_SERVICE, persistedOpStateExpiryEpochSec: 0}, ReplicationConfig: RATIS/THREE, State:CLOSED, leaderId:2a15bd7e-7896-4db0-9e08-f7464bcd33ee, CreationTimestamp2022-02-24T16:56:43.276Z[Etc/UTC]] removed.
2022-02-24 16:57:04,582 [EventQueue-DeadNodeForDeadNodeHandler] INFO  pipeline.RatisPipelineProvider (RatisPipelineProvider.java:lambda$close$1(222)) - Send pipeline:PipelineID=1f4e49ad-f9db-4751-8d36-7905f06c5baf close command to datanode cf3a7bfa-0a59-4cf0-978b-44f71b96abbc
2022-02-24 16:57:04,583 [77c6fe3f-1b7a-40d0-9616-c5318e50343e@group-52C2256152D3-StateMachineUpdater] INFO  pipeline.PipelineStateManagerImpl (PipelineStateManagerImpl.java:removePipeline(223)) - Pipeline Pipeline[ Id: 1f4e49ad-f9db-4751-8d36-7905f06c5baf, Nodes: cf3a7bfa-0a59-4cf0-978b-44f71b96abbc{ip: 10.1.0.37, host: fv-az59-243.csjynl4pkq3e1pkirw3ssqjfoh.cx.internal.cloudapp.net, ports: [REPLICATION=36859, RATIS=40183, RATIS_ADMIN=40183, RATIS_SERVER=40183, STANDALONE=46129], networkLocation: /default-rack, certSerialId: null, persistedOpState: IN_SERVICE, persistedOpStateExpiryEpochSec: 0}, ReplicationConfig: RATIS/ONE, State:CLOSED, leaderId:cf3a7bfa-0a59-4cf0-978b-44f71b96abbc, CreationTimestamp2022-02-24T16:56:43.263Z[Etc/UTC]] removed.
2022-02-24 16:57:04,584 [EventQueue-DeadNodeForDeadNodeHandler] INFO  net.NetworkTopologyImpl (NetworkTopologyImpl.java:remove(137)) - Removed a node: /default-rack/cf3a7bfa-0a59-4cf0-978b-44f71b96abbc
2022-02-24 16:57:04,671 [EventQueue-StaleNodeForStaleNodeHandler] INFO  node.StaleNodeHandler (StaleNodeHandler.java:onMessage(58)) - Datanode b07270f0-c5b1-4afe-99f3-aa5758d6ba5c{ip: 10.1.0.37, host: fv-az59-243.csjynl4pkq3e1pkirw3ssqjfoh.cx.internal.cloudapp.net, ports: [REPLICATION=41147, RATIS=45647, RATIS_ADMIN=45647, RATIS_SERVER=45647, STANDALONE=43127], networkLocation: /default-rack, certSerialId: null, persistedOpState: IN_SERVICE, persistedOpStateExpiryEpochSec: 0} moved to stale state. Finalizing its pipelines [PipelineID=4380a834-1b4d-4ba4-846d-bbc704ac6f1a, PipelineID=497dee7c-6395-4f7c-8faa-a8f55bfd1212]
2022-02-24 16:57:04,673 [EventQueue-StaleNodeForStaleNodeHandler] INFO  pipeline.PipelineManagerImpl (PipelineManagerImpl.java:closePipeline(365)) - Pipeline Pipeline[ Id: 4380a834-1b4d-4ba4-846d-bbc704ac6f1a, Nodes: b07270f0-c5b1-4afe-99f3-aa5758d6ba5c{ip: 10.1.0.37, host: fv-az59-243.csjynl4pkq3e1pkirw3ssqjfoh.cx.internal.cloudapp.net, ports: [REPLICATION=41147, RATIS=45647, RATIS_ADMIN=45647, RATIS_SERVER=45647, STANDALONE=43127], networkLocation: /default-rack, certSerialId: null, persistedOpState: IN_SERVICE, persistedOpStateExpiryEpochSec: 0}, ReplicationConfig: RATIS/ONE, State:OPEN, leaderId:b07270f0-c5b1-4afe-99f3-aa5758d6ba5c, CreationTimestamp2022-02-24T16:55:44.895Z[Etc/UTC]] moved to CLOSED state
2022-02-24 16:57:04,680 [grpc-default-executor-0] WARN  server.GrpcLogAppender (LogUtils.java:warn(122)) - 2ccab0b5-4479-416a-9931-5373164cc31d@group-D1BF1DB2EA83->6aa02a95-f8ab-442c-9ba0-fd232060c81a-AppendLogResponseHandler: Failed appendEntries: org.apache.ratis.thirdparty.io.grpc.StatusRuntimeException: UNAVAILABLE: io exception
2022-02-24 16:57:04,681 [grpc-default-executor-0] WARN  server.GrpcLogAppender (GrpcLogAppender.java:resetClient(110)) - 2ccab0b5-4479-416a-9931-5373164cc31d@group-D1BF1DB2EA83->6aa02a95-f8ab-442c-9ba0-fd232060c81a-GrpcLogAppender: Leader has not got in touch with Follower 2ccab0b5-4479-416a-9931-5373164cc31d@group-D1BF1DB2EA83->6aa02a95-f8ab-442c-9ba0-fd232060c81a(c-1,m0,n3, attendVote=true, lastRpcSendTime=2504, lastRpcResponseTime=7905) yet, just keep nextIndex unchanged and retry.
2022-02-24 16:57:05,197 [6b991a1f-9e77-4b13-a483-fcde5672bd4a@group-D7E6B7717086-FollowerState] INFO  impl.FollowerState (FollowerState.java:run(134)) - 6b991a1f-9e77-4b13-a483-fcde5672bd4a@group-D7E6B7717086-FollowerState: change to CANDIDATE, lastRpcElapsedTime:5215502760ns, electionTimeout:5094ms
2022-02-24 16:57:05,197 [6b991a1f-9e77-4b13-a483-fcde5672bd4a@group-D7E6B7717086-FollowerState] INFO  impl.RoleInfo (RoleInfo.java:shutdownFollowerState(108)) - 6b991a1f-9e77-4b13-a483-fcde5672bd4a: shutdown 6b991a1f-9e77-4b13-a483-fcde5672bd4a@group-D7E6B7717086-FollowerState
2022-02-24 16:57:05,197 [6b991a1f-9e77-4b13-a483-fcde5672bd4a@group-D7E6B7717086-FollowerState] INFO  server.RaftServer$Division (RaftServerImpl.java:setRole(290)) - 6b991a1f-9e77-4b13-a483-fcde5672bd4a@group-D7E6B7717086: changes role from  FOLLOWER to CANDIDATE at term 3 for changeToCandidate
2022-02-24 16:57:05,197 [6b991a1f-9e77-4b13-a483-fcde5672bd4a@group-D7E6B7717086-FollowerState] INFO  server.RaftServerConfigKeys (ConfUtils.java:logGet(44)) - raft.server.leaderelection.pre-vote = false (custom)
2022-02-24 16:57:05,197 [6b991a1f-9e77-4b13-a483-fcde5672bd4a@group-D7E6B7717086-FollowerState] INFO  impl.RoleInfo (RoleInfo.java:updateAndGet(130)) - 6b991a1f-9e77-4b13-a483-fcde5672bd4a: start 6b991a1f-9e77-4b13-a483-fcde5672bd4a@group-D7E6B7717086-LeaderElection86
2022-02-24 16:57:05,222 [6b991a1f-9e77-4b13-a483-fcde5672bd4a@group-D7E6B7717086-LeaderElection86] INFO  impl.LeaderElection (LeaderElection.java:askForVotes(306)) - 6b991a1f-9e77-4b13-a483-fcde5672bd4a@group-D7E6B7717086-LeaderElection86 ELECTION round 0: submit vote requests at term 4 for -1: [6b991a1f-9e77-4b13-a483-fcde5672bd4a|rpc:10.1.0.37:38289|dataStream:|priority:0, 2a15bd7e-7896-4db0-9e08-f7464bcd33ee|rpc:10.1.0.37:41995|dataStream:|priority:1, cf3a7bfa-0a59-4cf0-978b-44f71b96abbc|rpc:10.1.0.37:40183|dataStream:|priority:0], old=null
2022-02-24 16:57:05,255 [6b991a1f-9e77-4b13-a483-fcde5672bd4a@group-D7E6B7717086-LeaderElection86] INFO  impl.LeaderElection (LogUtils.java:infoOrTrace(137)) - 6b991a1f-9e77-4b13-a483-fcde5672bd4a@group-D7E6B7717086-LeaderElection86 got exception when requesting votes: java.util.concurrent.ExecutionException: org.apache.ratis.thirdparty.io.grpc.StatusRuntimeException: UNAVAILABLE: io exception
2022-02-24 16:57:05,255 [6b991a1f-9e77-4b13-a483-fcde5672bd4a@group-D7E6B7717086-LeaderElection86] INFO  impl.LeaderElection (LogUtils.java:infoOrTrace(137)) - 6b991a1f-9e77-4b13-a483-fcde5672bd4a@group-D7E6B7717086-LeaderElection86 got exception when requesting votes: java.util.concurrent.ExecutionException: org.apache.ratis.thirdparty.io.grpc.StatusRuntimeException: UNAVAILABLE: io exception
2022-02-24 16:57:05,255 [6b991a1f-9e77-4b13-a483-fcde5672bd4a@group-D7E6B7717086-LeaderElection86] INFO  impl.LeaderElection (LeaderElection.java:logAndReturn(89)) - 6b991a1f-9e77-4b13-a483-fcde5672bd4a@group-D7E6B7717086-LeaderElection86: ELECTION REJECTED received 0 response(s) and 2 exception(s):
2022-02-24 16:57:05,255 [6b991a1f-9e77-4b13-a483-fcde5672bd4a@group-D7E6B7717086-LeaderElection86] INFO  impl.LeaderElection (LogUtils.java:infoOrTrace(137)) -   Exception 0: java.util.concurrent.ExecutionException: org.apache.ratis.thirdparty.io.grpc.StatusRuntimeException: UNAVAILABLE: io exception
2022-02-24 16:57:05,256 [6b991a1f-9e77-4b13-a483-fcde5672bd4a@group-D7E6B7717086-LeaderElection86] INFO  impl.LeaderElection (LogUtils.java:infoOrTrace(137)) -   Exception 1: java.util.concurrent.ExecutionException: org.apache.ratis.thirdparty.io.grpc.StatusRuntimeException: UNAVAILABLE: io exception
2022-02-24 16:57:05,256 [6b991a1f-9e77-4b13-a483-fcde5672bd4a@group-D7E6B7717086-LeaderElection86] INFO  impl.LeaderElection (LeaderElection.java:askForVotes(308)) - 6b991a1f-9e77-4b13-a483-fcde5672bd4a@group-D7E6B7717086-LeaderElection86 ELECTION round 0: result REJECTED
2022-02-24 16:57:05,256 [6b991a1f-9e77-4b13-a483-fcde5672bd4a@group-D7E6B7717086-LeaderElection86] INFO  server.RaftServer$Division (RaftServerImpl.java:setRole(290)) - 6b991a1f-9e77-4b13-a483-fcde5672bd4a@group-D7E6B7717086: changes role from CANDIDATE to FOLLOWER at term 4 for REJECTED
2022-02-24 16:57:05,256 [6b991a1f-9e77-4b13-a483-fcde5672bd4a@group-D7E6B7717086-LeaderElection86] INFO  impl.RoleInfo (RoleInfo.java:shutdownLeaderElection(121)) - 6b991a1f-9e77-4b13-a483-fcde5672bd4a: shutdown 6b991a1f-9e77-4b13-a483-fcde5672bd4a@group-D7E6B7717086-LeaderElection86
2022-02-24 16:57:05,256 [6b991a1f-9e77-4b13-a483-fcde5672bd4a@group-D7E6B7717086-LeaderElection86] INFO  impl.RoleInfo (RoleInfo.java:updateAndGet(130)) - 6b991a1f-9e77-4b13-a483-fcde5672bd4a: start 6b991a1f-9e77-4b13-a483-fcde5672bd4a@group-D7E6B7717086-FollowerState
2022-02-24 16:57:05,436 [Listener at 127.0.0.1/44987] INFO  statemachine.DatanodeStateMachine (DatanodeStateMachine.java:stopDaemon(529)) - Ozone container server stopped.
2022-02-24 16:57:05,437 [Listener at 127.0.0.1/44987] INFO  handler.ContextHandler (ContextHandler.java:doStop(1153)) - Stopped o.e.j.w.WebAppContext@61753e30{hddsDatanode,/,null,STOPPED}{jar:file:/home/runner/.m2/repository/org/apache/ozone/hdds-container-service/1.3.0-SNAPSHOT/hdds-container-service-1.3.0-SNAPSHOT.jar!/webapps/hddsDatanode}
2022-02-24 16:57:05,446 [Command processor thread] INFO  server.RaftServer (RaftServerProxy.java:remove(106)) - 6b991a1f-9e77-4b13-a483-fcde5672bd4a: remove  FOLLOWER 6b991a1f-9e77-4b13-a483-fcde5672bd4a@group-D784B15B949E:t2, leader=b07270f0-c5b1-4afe-99f3-aa5758d6ba5c, voted=b07270f0-c5b1-4afe-99f3-aa5758d6ba5c, raftlog=6b991a1f-9e77-4b13-a483-fcde5672bd4a@group-D784B15B949E-SegmentedRaftLog:OPENED:c0, conf=0: [b07270f0-c5b1-4afe-99f3-aa5758d6ba5c|rpc:10.1.0.37:45647|dataStream:|priority:1, 6b991a1f-9e77-4b13-a483-fcde5672bd4a|rpc:10.1.0.37:38289|dataStream:|priority:0, cf3a7bfa-0a59-4cf0-978b-44f71b96abbc|rpc:10.1.0.37:40183|dataStream:|priority:0], old=null RUNNING
2022-02-24 16:57:05,446 [Command processor thread] INFO  server.RaftServer$Division (RaftServerImpl.java:lambda$close$4(412)) - 6b991a1f-9e77-4b13-a483-fcde5672bd4a@group-D784B15B949E: shutdown
2022-02-24 16:57:05,446 [Command processor thread] INFO  util.JmxRegister (JmxRegister.java:unregister(73)) - Successfully un-registered JMX Bean with object name Ratis:service=RaftServer,group=group-D784B15B949E,id=6b991a1f-9e77-4b13-a483-fcde5672bd4a
2022-02-24 16:57:05,446 [Command processor thread] INFO  impl.RoleInfo (RoleInfo.java:shutdownFollowerState(108)) - 6b991a1f-9e77-4b13-a483-fcde5672bd4a: shutdown 6b991a1f-9e77-4b13-a483-fcde5672bd4a@group-D784B15B949E-FollowerState
2022-02-24 16:57:05,446 [Command processor thread] INFO  impl.StateMachineUpdater (StateMachineUpdater.java:stopAndJoin(149)) - 6b991a1f-9e77-4b13-a483-fcde5672bd4a@group-D784B15B949E-StateMachineUpdater: set stopIndex = 0
2022-02-24 16:57:05,446 [6b991a1f-9e77-4b13-a483-fcde5672bd4a@group-D784B15B949E-FollowerState] INFO  impl.FollowerState (FollowerState.java:run(143)) - 6b991a1f-9e77-4b13-a483-fcde5672bd4a@group-D784B15B949E-FollowerState was interrupted: {}
java.lang.InterruptedException: sleep interrupted
	at java.lang.Thread.sleep(Native Method)
	at java.lang.Thread.sleep(Thread.java:342)
	at java.util.concurrent.TimeUnit.sleep(TimeUnit.java:386)
	at org.apache.ratis.util.TimeDuration.sleep(TimeDuration.java:324)
	at org.apache.ratis.util.TimeDuration.sleep(TimeDuration.java:309)
	at org.apache.ratis.server.impl.FollowerState.run(FollowerState.java:118)
2022-02-24 16:57:05,446 [6b991a1f-9e77-4b13-a483-fcde5672bd4a@group-D784B15B949E-StateMachineUpdater] INFO  ratis.ContainerStateMachine (ContainerStateMachine.java:takeSnapshot(304)) - group-D784B15B949E: Taking a snapshot at:(t:2, i:0) file /home/runner/work/ozone/ozone/hadoop-ozone/integration-test/target/test-dir/MiniOzoneClusterImpl-a9e0dedd-d836-4895-9472-52c2256152d3/datanode-6/data/ratis/9d89eb0f-cdb5-491e-824c-d784b15b949e/sm/snapshot.2_0
2022-02-24 16:57:05,447 [Listener at 127.0.0.1/44987] INFO  server.AbstractConnector (AbstractConnector.java:doStop(381)) - Stopped ServerConnector@47d68695{HTTP/1.1, (http/1.1)}{0.0.0.0:0}
2022-02-24 16:57:05,447 [Listener at 127.0.0.1/44987] INFO  server.session (HouseKeeper.java:stopScavenging(149)) - node0 Stopped scavenging
2022-02-24 16:57:05,447 [Listener at 127.0.0.1/44987] INFO  handler.ContextHandler (ContextHandler.java:doStop(1153)) - Stopped o.e.j.s.ServletContextHandler@419c8f32{static,/static,jar:file:/home/runner/.m2/repository/org/apache/ozone/hdds-container-service/1.3.0-SNAPSHOT/hdds-container-service-1.3.0-SNAPSHOT.jar!/webapps/static,STOPPED}
2022-02-24 16:57:05,448 [6b991a1f-9e77-4b13-a483-fcde5672bd4a@group-D784B15B949E-StateMachineUpdater] INFO  ratis.ContainerStateMachine (ContainerStateMachine.java:takeSnapshot(315)) - group-D784B15B949E: Finished taking a snapshot at:(t:2, i:0) file:/home/runner/work/ozone/ozone/hadoop-ozone/integration-test/target/test-dir/MiniOzoneClusterImpl-a9e0dedd-d836-4895-9472-52c2256152d3/datanode-6/data/ratis/9d89eb0f-cdb5-491e-824c-d784b15b949e/sm/snapshot.2_0 took: 2 ms
2022-02-24 16:57:05,448 [Listener at 127.0.0.1/44987] INFO  handler.ContextHandler (ContextHandler.java:doStop(1153)) - Stopped o.e.j.s.ServletContextHandler@6a347ef2{logs,/logs,file:///home/runner/work/ozone/ozone/hadoop-ozone/integration-test/target/log,STOPPED}
2022-02-24 16:57:05,448 [6b991a1f-9e77-4b13-a483-fcde5672bd4a@group-D784B15B949E-StateMachineUpdater] INFO  impl.StateMachineUpdater (StateMachineUpdater.java:takeSnapshot(281)) - 6b991a1f-9e77-4b13-a483-fcde5672bd4a@group-D784B15B949E-StateMachineUpdater: Took a snapshot at index 0
2022-02-24 16:57:05,448 [6b991a1f-9e77-4b13-a483-fcde5672bd4a@group-D784B15B949E-StateMachineUpdater] INFO  impl.StateMachineUpdater (StateMachineUpdater.java:lambda$new$0(89)) - 6b991a1f-9e77-4b13-a483-fcde5672bd4a@group-D784B15B949E-StateMachineUpdater: snapshotIndex: updateIncreasingly -1 -> 0
2022-02-24 16:57:05,450 [Command processor thread] INFO  server.RaftServer$Division (ServerState.java:close(419)) - 6b991a1f-9e77-4b13-a483-fcde5672bd4a@group-D784B15B949E: closes. applyIndex: 0
2022-02-24 16:57:05,451 [6b991a1f-9e77-4b13-a483-fcde5672bd4a@group-D784B15B949E-SegmentedRaftLogWorker] INFO  segmented.SegmentedRaftLogWorker (SegmentedRaftLogWorker.java:run(327)) - 6b991a1f-9e77-4b13-a483-fcde5672bd4a@group-D784B15B949E-SegmentedRaftLogWorker was interrupted, exiting. There are 0 tasks remaining in the queue.
2022-02-24 16:57:05,451 [Command processor thread] INFO  segmented.SegmentedRaftLogWorker (SegmentedRaftLogWorker.java:close(237)) - 6b991a1f-9e77-4b13-a483-fcde5672bd4a@group-D784B15B949E-SegmentedRaftLogWorker close()
2022-02-24 16:57:05,452 [Command processor thread] INFO  server.RaftServer$Division (RaftServerImpl.java:groupRemove(382)) - 6b991a1f-9e77-4b13-a483-fcde5672bd4a@group-D784B15B949E: Succeed to remove RaftStorageDirectory Storage Directory /home/runner/work/ozone/ozone/hadoop-ozone/integration-test/target/test-dir/MiniOzoneClusterImpl-a9e0dedd-d836-4895-9472-52c2256152d3/datanode-6/data/ratis/9d89eb0f-cdb5-491e-824c-d784b15b949e
2022-02-24 16:57:05,452 [Command processor thread] INFO  commandhandler.ClosePipelineCommandHandler (ClosePipelineCommandHandler.java:handle(78)) - Close Pipeline PipelineID=9d89eb0f-cdb5-491e-824c-d784b15b949e command on datanode 6b991a1f-9e77-4b13-a483-fcde5672bd4a.
2022-02-24 16:57:05,707 [ForkJoinPool.commonPool-worker-0] INFO  statemachine.DatanodeStateMachine (DatanodeStateMachine.java:stopDaemon(529)) - Ozone container server stopped.
2022-02-24 16:57:05,713 [ForkJoinPool.commonPool-worker-0] INFO  handler.ContextHandler (ContextHandler.java:doStop(1153)) - Stopped o.e.j.w.WebAppContext@4b52c6d6{hddsDatanode,/,null,STOPPED}{jar:file:/home/runner/.m2/repository/org/apache/ozone/hdds-container-service/1.3.0-SNAPSHOT/hdds-container-service-1.3.0-SNAPSHOT.jar!/webapps/hddsDatanode}
2022-02-24 16:57:05,727 [ForkJoinPool.commonPool-worker-0] INFO  server.AbstractConnector (AbstractConnector.java:doStop(381)) - Stopped ServerConnector@1c894a6f{HTTP/1.1, (http/1.1)}{0.0.0.0:0}
2022-02-24 16:57:05,727 [ForkJoinPool.commonPool-worker-0] INFO  server.session (HouseKeeper.java:stopScavenging(149)) - node0 Stopped scavenging
2022-02-24 16:57:05,735 [ForkJoinPool.commonPool-worker-0] INFO  handler.ContextHandler (ContextHandler.java:doStop(1153)) - Stopped o.e.j.s.ServletContextHandler@77173e1d{static,/static,jar:file:/home/runner/.m2/repository/org/apache/ozone/hdds-container-service/1.3.0-SNAPSHOT/hdds-container-service-1.3.0-SNAPSHOT.jar!/webapps/static,STOPPED}
2022-02-24 16:57:05,736 [ForkJoinPool.commonPool-worker-0] INFO  handler.ContextHandler (ContextHandler.java:doStop(1153)) - Stopped o.e.j.s.ServletContextHandler@2af9afca{logs,/logs,file:///home/runner/work/ozone/ozone/hadoop-ozone/integration-test/target/log,STOPPED}
2022-02-24 16:57:05,739 [grpc-default-executor-0] WARN  server.GrpcLogAppender (LogUtils.java:warn(122)) - 6b991a1f-9e77-4b13-a483-fcde5672bd4a@group-A8F55BFD1212->2a15bd7e-7896-4db0-9e08-f7464bcd33ee-AppendLogResponseHandler: Failed appendEntries: org.apache.ratis.thirdparty.io.grpc.StatusRuntimeException: UNAVAILABLE: io exception
2022-02-24 16:57:05,740 [grpc-default-executor-0] WARN  server.GrpcLogAppender (GrpcLogAppender.java:resetClient(110)) - 6b991a1f-9e77-4b13-a483-fcde5672bd4a@group-A8F55BFD1212->2a15bd7e-7896-4db0-9e08-f7464bcd33ee-GrpcLogAppender: Leader has not got in touch with Follower 6b991a1f-9e77-4b13-a483-fcde5672bd4a@group-A8F55BFD1212->2a15bd7e-7896-4db0-9e08-f7464bcd33ee(c0,m0,n1, attendVote=true, lastRpcSendTime=0, lastRpcResponseTime=7568) yet, just keep nextIndex unchanged and retry.
2022-02-24 16:57:05,740 [grpc-default-executor-3] WARN  server.GrpcLogAppender (LogUtils.java:warn(122)) - 6b991a1f-9e77-4b13-a483-fcde5672bd4a@group-A8F55BFD1212->b07270f0-c5b1-4afe-99f3-aa5758d6ba5c-AppendLogResponseHandler: Failed appendEntries: org.apache.ratis.thirdparty.io.grpc.StatusRuntimeException: UNAVAILABLE: io exception
2022-02-24 16:57:05,740 [grpc-default-executor-3] WARN  server.GrpcLogAppender (GrpcLogAppender.java:resetClient(110)) - 6b991a1f-9e77-4b13-a483-fcde5672bd4a@group-A8F55BFD1212->b07270f0-c5b1-4afe-99f3-aa5758d6ba5c-GrpcLogAppender: Leader has not got in touch with Follower 6b991a1f-9e77-4b13-a483-fcde5672bd4a@group-A8F55BFD1212->b07270f0-c5b1-4afe-99f3-aa5758d6ba5c(c0,m0,n1, attendVote=true, lastRpcSendTime=1, lastRpcResponseTime=7565) yet, just keep nextIndex unchanged and retry.
2022-02-24 16:57:05,935 [6b991a1f-9e77-4b13-a483-fcde5672bd4a@group-A8F55BFD1212-LeaderStateImpl] WARN  server.RaftServer$Division (LeaderStateImpl.java:checkLeadership(974)) - 6b991a1f-9e77-4b13-a483-fcde5672bd4a@group-A8F55BFD1212-LeaderStateImpl: Lost leadership on term: 2. Election timeout: 5200ms. In charge for: 10495ms. Conf: 0: [b07270f0-c5b1-4afe-99f3-aa5758d6ba5c|rpc:10.1.0.37:45647|dataStream:|priority:0, 6b991a1f-9e77-4b13-a483-fcde5672bd4a|rpc:10.1.0.37:38289|dataStream:|priority:1, 2a15bd7e-7896-4db0-9e08-f7464bcd33ee|rpc:10.1.0.37:41995|dataStream:|priority:0], old=null
2022-02-24 16:57:05,935 [6b991a1f-9e77-4b13-a483-fcde5672bd4a@group-A8F55BFD1212-LeaderStateImpl] WARN  server.RaftServer$Division (LeaderStateImpl.java:lambda$checkLeadership$15(978)) - Follower 6b991a1f-9e77-4b13-a483-fcde5672bd4a@group-A8F55BFD1212->b07270f0-c5b1-4afe-99f3-aa5758d6ba5c(c0,m0,n1, attendVote=true, lastRpcSendTime=196, lastRpcResponseTime=7760)
2022-02-24 16:57:05,935 [6b991a1f-9e77-4b13-a483-fcde5672bd4a@group-A8F55BFD1212-LeaderStateImpl] WARN  server.RaftServer$Division (LeaderStateImpl.java:lambda$checkLeadership$15(978)) - Follower 6b991a1f-9e77-4b13-a483-fcde5672bd4a@group-A8F55BFD1212->2a15bd7e-7896-4db0-9e08-f7464bcd33ee(c0,m0,n1, attendVote=true, lastRpcSendTime=196, lastRpcResponseTime=7764)
2022-02-24 16:57:05,936 [6b991a1f-9e77-4b13-a483-fcde5672bd4a@group-A8F55BFD1212-LeaderStateImpl] INFO  server.RaftServer$Division (RaftServerImpl.java:setRole(290)) - 6b991a1f-9e77-4b13-a483-fcde5672bd4a@group-A8F55BFD1212: changes role from    LEADER to FOLLOWER at term 2 for StepDownReason:LOST_MAJORITY_HEARTBEATS
2022-02-24 16:57:05,936 [6b991a1f-9e77-4b13-a483-fcde5672bd4a@group-A8F55BFD1212-LeaderStateImpl] INFO  impl.RoleInfo (RoleInfo.java:shutdownLeaderState(91)) - 6b991a1f-9e77-4b13-a483-fcde5672bd4a: shutdown 6b991a1f-9e77-4b13-a483-fcde5672bd4a@group-A8F55BFD1212-LeaderStateImpl
2022-02-24 16:57:05,936 [6b991a1f-9e77-4b13-a483-fcde5672bd4a@group-A8F55BFD1212-LeaderStateImpl] INFO  impl.PendingRequests (PendingRequests.java:sendNotLeaderResponses(282)) - 6b991a1f-9e77-4b13-a483-fcde5672bd4a@group-A8F55BFD1212-PendingRequests: sendNotLeaderResponses
2022-02-24 16:57:05,936 [6b991a1f-9e77-4b13-a483-fcde5672bd4a@group-A8F55BFD1212-LeaderStateImpl] INFO  impl.RoleInfo (RoleInfo.java:updateAndGet(130)) - 6b991a1f-9e77-4b13-a483-fcde5672bd4a: start 6b991a1f-9e77-4b13-a483-fcde5672bd4a@group-A8F55BFD1212-FollowerState
2022-02-24 16:57:05,983 [Command processor thread] INFO  server.RaftServer (RaftServerProxy.java:remove(106)) - 2ccab0b5-4479-416a-9931-5373164cc31d: remove    LEADER 2ccab0b5-4479-416a-9931-5373164cc31d@group-D1BF1DB2EA83:t4, leader=2ccab0b5-4479-416a-9931-5373164cc31d, voted=2ccab0b5-4479-416a-9931-5373164cc31d, raftlog=2ccab0b5-4479-416a-9931-5373164cc31d@group-D1BF1DB2EA83-SegmentedRaftLog:OPENED:c2, conf=1: [6aa02a95-f8ab-442c-9ba0-fd232060c81a|rpc:10.1.0.37:41563|dataStream:|priority:1, 2ccab0b5-4479-416a-9931-5373164cc31d|rpc:10.1.0.37:41069|dataStream:|priority:0, 37eb1d61-39bb-4850-ab96-a7546aa7d2af|rpc:10.1.0.37:34927|dataStream:|priority:0], old=null RUNNING
2022-02-24 16:57:05,983 [Command processor thread] INFO  server.RaftServer$Division (RaftServerImpl.java:lambda$close$4(412)) - 2ccab0b5-4479-416a-9931-5373164cc31d@group-D1BF1DB2EA83: shutdown
2022-02-24 16:57:05,983 [Command processor thread] INFO  util.JmxRegister (JmxRegister.java:unregister(73)) - Successfully un-registered JMX Bean with object name Ratis:service=RaftServer,group=group-D1BF1DB2EA83,id=2ccab0b5-4479-416a-9931-5373164cc31d
2022-02-24 16:57:05,983 [Command processor thread] INFO  impl.RoleInfo (RoleInfo.java:shutdownLeaderState(91)) - 2ccab0b5-4479-416a-9931-5373164cc31d: shutdown 2ccab0b5-4479-416a-9931-5373164cc31d@group-D1BF1DB2EA83-LeaderStateImpl
2022-02-24 16:57:05,983 [Command processor thread] INFO  impl.PendingRequests (PendingRequests.java:sendNotLeaderResponses(282)) - 2ccab0b5-4479-416a-9931-5373164cc31d@group-D1BF1DB2EA83-PendingRequests: sendNotLeaderResponses
2022-02-24 16:57:05,989 [Command processor thread] INFO  impl.StateMachineUpdater (StateMachineUpdater.java:stopAndJoin(149)) - 2ccab0b5-4479-416a-9931-5373164cc31d@group-D1BF1DB2EA83-StateMachineUpdater: set stopIndex = 2
2022-02-24 16:57:05,989 [2ccab0b5-4479-416a-9931-5373164cc31d@group-D1BF1DB2EA83-StateMachineUpdater] INFO  ratis.ContainerStateMachine (ContainerStateMachine.java:takeSnapshot(304)) - group-D1BF1DB2EA83: Taking a snapshot at:(t:4, i:2) file /home/runner/work/ozone/ozone/hadoop-ozone/integration-test/target/test-dir/MiniOzoneClusterImpl-a9e0dedd-d836-4895-9472-52c2256152d3/datanode-3/data/ratis/15da9b58-d72e-47f2-bbe2-d1bf1db2ea83/sm/snapshot.4_2
2022-02-24 16:57:06,015 [Command processor thread] INFO  server.RaftServer (RaftServerProxy.java:remove(106)) - 37eb1d61-39bb-4850-ab96-a7546aa7d2af: remove  FOLLOWER 37eb1d61-39bb-4850-ab96-a7546aa7d2af@group-D1BF1DB2EA83:t4, leader=2ccab0b5-4479-416a-9931-5373164cc31d, voted=2ccab0b5-4479-416a-9931-5373164cc31d, raftlog=37eb1d61-39bb-4850-ab96-a7546aa7d2af@group-D1BF1DB2EA83-SegmentedRaftLog:OPENED:c2, conf=1: [6aa02a95-f8ab-442c-9ba0-fd232060c81a|rpc:10.1.0.37:41563|dataStream:|priority:1, 2ccab0b5-4479-416a-9931-5373164cc31d|rpc:10.1.0.37:41069|dataStream:|priority:0, 37eb1d61-39bb-4850-ab96-a7546aa7d2af|rpc:10.1.0.37:34927|dataStream:|priority:0], old=null RUNNING
2022-02-24 16:57:06,015 [Command processor thread] INFO  server.RaftServer$Division (RaftServerImpl.java:lambda$close$4(412)) - 37eb1d61-39bb-4850-ab96-a7546aa7d2af@group-D1BF1DB2EA83: shutdown
2022-02-24 16:57:06,015 [Command processor thread] INFO  util.JmxRegister (JmxRegister.java:unregister(73)) - Successfully un-registered JMX Bean with object name Ratis:service=RaftServer,group=group-D1BF1DB2EA83,id=37eb1d61-39bb-4850-ab96-a7546aa7d2af
2022-02-24 16:57:06,015 [Command processor thread] INFO  impl.RoleInfo (RoleInfo.java:shutdownFollowerState(108)) - 37eb1d61-39bb-4850-ab96-a7546aa7d2af: shutdown 37eb1d61-39bb-4850-ab96-a7546aa7d2af@group-D1BF1DB2EA83-FollowerState
2022-02-24 16:57:06,015 [Command processor thread] INFO  impl.StateMachineUpdater (StateMachineUpdater.java:stopAndJoin(149)) - 37eb1d61-39bb-4850-ab96-a7546aa7d2af@group-D1BF1DB2EA83-StateMachineUpdater: set stopIndex = 2
2022-02-24 16:57:06,016 [37eb1d61-39bb-4850-ab96-a7546aa7d2af@group-D1BF1DB2EA83-FollowerState] INFO  impl.FollowerState (FollowerState.java:run(143)) - 37eb1d61-39bb-4850-ab96-a7546aa7d2af@group-D1BF1DB2EA83-FollowerState was interrupted: {}
java.lang.InterruptedException: sleep interrupted
	at java.lang.Thread.sleep(Native Method)
	at java.lang.Thread.sleep(Thread.java:342)
	at java.util.concurrent.TimeUnit.sleep(TimeUnit.java:386)
	at org.apache.ratis.util.TimeDuration.sleep(TimeDuration.java:324)
	at org.apache.ratis.util.TimeDuration.sleep(TimeDuration.java:309)
	at org.apache.ratis.server.impl.FollowerState.run(FollowerState.java:118)
2022-02-24 16:57:06,016 [37eb1d61-39bb-4850-ab96-a7546aa7d2af@group-D1BF1DB2EA83-StateMachineUpdater] INFO  ratis.ContainerStateMachine (ContainerStateMachine.java:takeSnapshot(304)) - group-D1BF1DB2EA83: Taking a snapshot at:(t:4, i:2) file /home/runner/work/ozone/ozone/hadoop-ozone/integration-test/target/test-dir/MiniOzoneClusterImpl-a9e0dedd-d836-4895-9472-52c2256152d3/datanode-5/data/ratis/15da9b58-d72e-47f2-bbe2-d1bf1db2ea83/sm/snapshot.4_2
2022-02-24 16:57:06,017 [2ccab0b5-4479-416a-9931-5373164cc31d@group-D1BF1DB2EA83->37eb1d61-39bb-4850-ab96-a7546aa7d2af-GrpcLogAppender-LogAppenderDaemon] WARN  server.GrpcLogAppender (GrpcLogAppender.java:mayWait(177)) - 2ccab0b5-4479-416a-9931-5373164cc31d@group-D1BF1DB2EA83->37eb1d61-39bb-4850-ab96-a7546aa7d2af-GrpcLogAppender: Wait interrupted by java.lang.InterruptedException
2022-02-24 16:57:06,018 [2ccab0b5-4479-416a-9931-5373164cc31d@group-D1BF1DB2EA83-StateMachineUpdater] INFO  ratis.ContainerStateMachine (ContainerStateMachine.java:takeSnapshot(315)) - group-D1BF1DB2EA83: Finished taking a snapshot at:(t:4, i:2) file:/home/runner/work/ozone/ozone/hadoop-ozone/integration-test/target/test-dir/MiniOzoneClusterImpl-a9e0dedd-d836-4895-9472-52c2256152d3/datanode-3/data/ratis/15da9b58-d72e-47f2-bbe2-d1bf1db2ea83/sm/snapshot.4_2 took: 29 ms
2022-02-24 16:57:06,018 [2ccab0b5-4479-416a-9931-5373164cc31d@group-D1BF1DB2EA83-StateMachineUpdater] INFO  impl.StateMachineUpdater (StateMachineUpdater.java:takeSnapshot(281)) - 2ccab0b5-4479-416a-9931-5373164cc31d@group-D1BF1DB2EA83-StateMachineUpdater: Took a snapshot at index 2
2022-02-24 16:57:06,018 [2ccab0b5-4479-416a-9931-5373164cc31d@group-D1BF1DB2EA83-StateMachineUpdater] INFO  impl.StateMachineUpdater (StateMachineUpdater.java:lambda$new$0(89)) - 2ccab0b5-4479-416a-9931-5373164cc31d@group-D1BF1DB2EA83-StateMachineUpdater: snapshotIndex: updateIncreasingly -1 -> 2
2022-02-24 16:57:06,019 [Command processor thread] INFO  server.RaftServer$Division (ServerState.java:close(419)) - 2ccab0b5-4479-416a-9931-5373164cc31d@group-D1BF1DB2EA83: closes. applyIndex: 2
2022-02-24 16:57:06,019 [grpc-default-executor-3] INFO  server.GrpcServerProtocolService (GrpcServerProtocolService.java:onCompleted(140)) - 37eb1d61-39bb-4850-ab96-a7546aa7d2af: Completed APPEND_ENTRIES, lastRequest: 2ccab0b5-4479-416a-9931-5373164cc31d->37eb1d61-39bb-4850-ab96-a7546aa7d2af#2-t4,previous=(t:4, i:1),leaderCommit=1,initializing? true,entries: size=1, first=(t:4, i:2), METADATAENTRY(c:1)
2022-02-24 16:57:06,019 [2ccab0b5-4479-416a-9931-5373164cc31d@group-D1BF1DB2EA83-SegmentedRaftLogWorker] INFO  segmented.SegmentedRaftLogWorker (SegmentedRaftLogWorker.java:run(327)) - 2ccab0b5-4479-416a-9931-5373164cc31d@group-D1BF1DB2EA83-SegmentedRaftLogWorker was interrupted, exiting. There are 0 tasks remaining in the queue.
2022-02-24 16:57:06,020 [37eb1d61-39bb-4850-ab96-a7546aa7d2af@group-D1BF1DB2EA83-StateMachineUpdater] INFO  ratis.ContainerStateMachine (ContainerStateMachine.java:takeSnapshot(315)) - group-D1BF1DB2EA83: Finished taking a snapshot at:(t:4, i:2) file:/home/runner/work/ozone/ozone/hadoop-ozone/integration-test/target/test-dir/MiniOzoneClusterImpl-a9e0dedd-d836-4895-9472-52c2256152d3/datanode-5/data/ratis/15da9b58-d72e-47f2-bbe2-d1bf1db2ea83/sm/snapshot.4_2 took: 4 ms
2022-02-24 16:57:06,020 [37eb1d61-39bb-4850-ab96-a7546aa7d2af@group-D1BF1DB2EA83-StateMachineUpdater] INFO  impl.StateMachineUpdater (StateMachineUpdater.java:takeSnapshot(281)) - 37eb1d61-39bb-4850-ab96-a7546aa7d2af@group-D1BF1DB2EA83-StateMachineUpdater: Took a snapshot at index 2
2022-02-24 16:57:06,020 [37eb1d61-39bb-4850-ab96-a7546aa7d2af@group-D1BF1DB2EA83-StateMachineUpdater] INFO  impl.StateMachineUpdater (StateMachineUpdater.java:lambda$new$0(89)) - 37eb1d61-39bb-4850-ab96-a7546aa7d2af@group-D1BF1DB2EA83-StateMachineUpdater: snapshotIndex: updateIncreasingly -1 -> 2
2022-02-24 16:57:06,022 [grpc-default-executor-3] INFO  server.GrpcLogAppender (GrpcLogAppender.java:onCompleted(346)) - 2ccab0b5-4479-416a-9931-5373164cc31d@group-D1BF1DB2EA83->37eb1d61-39bb-4850-ab96-a7546aa7d2af-AppendLogResponseHandler: follower responses appendEntries COMPLETED
2022-02-24 16:57:06,023 [grpc-default-executor-3] INFO  leader.FollowerInfo (FollowerInfoImpl.java:lambda$new$0(47)) - 2ccab0b5-4479-416a-9931-5373164cc31d@group-D1BF1DB2EA83->37eb1d61-39bb-4850-ab96-a7546aa7d2af: nextIndex: updateUnconditionally 3 -> 2
2022-02-24 16:57:06,023 [Command processor thread] INFO  server.RaftServer$Division (ServerState.java:close(419)) - 37eb1d61-39bb-4850-ab96-a7546aa7d2af@group-D1BF1DB2EA83: closes. applyIndex: 2
2022-02-24 16:57:06,023 [37eb1d61-39bb-4850-ab96-a7546aa7d2af@group-D1BF1DB2EA83-SegmentedRaftLogWorker] INFO  segmented.SegmentedRaftLogWorker (SegmentedRaftLogWorker.java:run(327)) - 37eb1d61-39bb-4850-ab96-a7546aa7d2af@group-D1BF1DB2EA83-SegmentedRaftLogWorker was interrupted, exiting. There are 0 tasks remaining in the queue.
2022-02-24 16:57:06,032 [Command processor thread] INFO  segmented.SegmentedRaftLogWorker (SegmentedRaftLogWorker.java:close(237)) - 2ccab0b5-4479-416a-9931-5373164cc31d@group-D1BF1DB2EA83-SegmentedRaftLogWorker close()
2022-02-24 16:57:06,032 [Command processor thread] INFO  server.RaftServer$Division (RaftServerImpl.java:groupRemove(382)) - 2ccab0b5-4479-416a-9931-5373164cc31d@group-D1BF1DB2EA83: Succeed to remove RaftStorageDirectory Storage Directory /home/runner/work/ozone/ozone/hadoop-ozone/integration-test/target/test-dir/MiniOzoneClusterImpl-a9e0dedd-d836-4895-9472-52c2256152d3/datanode-3/data/ratis/15da9b58-d72e-47f2-bbe2-d1bf1db2ea83
2022-02-24 16:57:06,032 [Command processor thread] INFO  commandhandler.ClosePipelineCommandHandler (ClosePipelineCommandHandler.java:handle(78)) - Close Pipeline PipelineID=15da9b58-d72e-47f2-bbe2-d1bf1db2ea83 command on datanode 2ccab0b5-4479-416a-9931-5373164cc31d.
2022-02-24 16:57:06,033 [Command processor thread] INFO  server.RaftServer (RaftServerProxy.java:remove(106)) - 2ccab0b5-4479-416a-9931-5373164cc31d: remove  FOLLOWER 2ccab0b5-4479-416a-9931-5373164cc31d@group-05E598691DA2:t3, leader=37eb1d61-39bb-4850-ab96-a7546aa7d2af, voted=37eb1d61-39bb-4850-ab96-a7546aa7d2af, raftlog=2ccab0b5-4479-416a-9931-5373164cc31d@group-05E598691DA2-SegmentedRaftLog:OPENED:c0, conf=0: [6aa02a95-f8ab-442c-9ba0-fd232060c81a|rpc:10.1.0.37:41563|dataStream:|priority:0, 2ccab0b5-4479-416a-9931-5373164cc31d|rpc:10.1.0.37:41069|dataStream:|priority:0, 37eb1d61-39bb-4850-ab96-a7546aa7d2af|rpc:10.1.0.37:34927|dataStream:|priority:1], old=null RUNNING
2022-02-24 16:57:06,033 [Command processor thread] INFO  server.RaftServer$Division (RaftServerImpl.java:lambda$close$4(412)) - 2ccab0b5-4479-416a-9931-5373164cc31d@group-05E598691DA2: shutdown
2022-02-24 16:57:06,033 [Command processor thread] INFO  util.JmxRegister (JmxRegister.java:unregister(73)) - Successfully un-registered JMX Bean with object name Ratis:service=RaftServer,group=group-05E598691DA2,id=2ccab0b5-4479-416a-9931-5373164cc31d
2022-02-24 16:57:06,033 [Command processor thread] INFO  impl.RoleInfo (RoleInfo.java:shutdownFollowerState(108)) - 2ccab0b5-4479-416a-9931-5373164cc31d: shutdown 2ccab0b5-4479-416a-9931-5373164cc31d@group-05E598691DA2-FollowerState
2022-02-24 16:57:06,033 [Command processor thread] INFO  impl.StateMachineUpdater (StateMachineUpdater.java:stopAndJoin(149)) - 2ccab0b5-4479-416a-9931-5373164cc31d@group-05E598691DA2-StateMachineUpdater: set stopIndex = 0
2022-02-24 16:57:06,033 [2ccab0b5-4479-416a-9931-5373164cc31d@group-05E598691DA2-FollowerState] INFO  impl.FollowerState (FollowerState.java:run(143)) - 2ccab0b5-4479-416a-9931-5373164cc31d@group-05E598691DA2-FollowerState was interrupted: {}
java.lang.InterruptedException: sleep interrupted
	at java.lang.Thread.sleep(Native Method)
	at java.lang.Thread.sleep(Thread.java:342)
	at java.util.concurrent.TimeUnit.sleep(TimeUnit.java:386)
	at org.apache.ratis.util.TimeDuration.sleep(TimeDuration.java:324)
	at org.apache.ratis.util.TimeDuration.sleep(TimeDuration.java:309)
	at org.apache.ratis.server.impl.FollowerState.run(FollowerState.java:118)
2022-02-24 16:57:06,033 [2ccab0b5-4479-416a-9931-5373164cc31d@group-05E598691DA2-StateMachineUpdater] INFO  ratis.ContainerStateMachine (ContainerStateMachine.java:takeSnapshot(304)) - group-05E598691DA2: Taking a snapshot at:(t:3, i:0) file /home/runner/work/ozone/ozone/hadoop-ozone/integration-test/target/test-dir/MiniOzoneClusterImpl-a9e0dedd-d836-4895-9472-52c2256152d3/datanode-3/data/ratis/31d398e6-9b90-466b-8763-05e598691da2/sm/snapshot.3_0
2022-02-24 16:57:06,033 [Command processor thread] INFO  segmented.SegmentedRaftLogWorker (SegmentedRaftLogWorker.java:close(237)) - 37eb1d61-39bb-4850-ab96-a7546aa7d2af@group-D1BF1DB2EA83-SegmentedRaftLogWorker close()
2022-02-24 16:57:06,035 [2ccab0b5-4479-416a-9931-5373164cc31d@group-05E598691DA2-StateMachineUpdater] INFO  ratis.ContainerStateMachine (ContainerStateMachine.java:takeSnapshot(315)) - group-05E598691DA2: Finished taking a snapshot at:(t:3, i:0) file:/home/runner/work/ozone/ozone/hadoop-ozone/integration-test/target/test-dir/MiniOzoneClusterImpl-a9e0dedd-d836-4895-9472-52c2256152d3/datanode-3/data/ratis/31d398e6-9b90-466b-8763-05e598691da2/sm/snapshot.3_0 took: 2 ms
2022-02-24 16:57:06,035 [2ccab0b5-4479-416a-9931-5373164cc31d@group-05E598691DA2-StateMachineUpdater] INFO  impl.StateMachineUpdater (StateMachineUpdater.java:takeSnapshot(281)) - 2ccab0b5-4479-416a-9931-5373164cc31d@group-05E598691DA2-StateMachineUpdater: Took a snapshot at index 0
2022-02-24 16:57:06,035 [2ccab0b5-4479-416a-9931-5373164cc31d@group-05E598691DA2-StateMachineUpdater] INFO  impl.StateMachineUpdater (StateMachineUpdater.java:lambda$new$0(89)) - 2ccab0b5-4479-416a-9931-5373164cc31d@group-05E598691DA2-StateMachineUpdater: snapshotIndex: updateIncreasingly -1 -> 0
2022-02-24 16:57:06,037 [Command processor thread] INFO  server.RaftServer$Division (RaftServerImpl.java:groupRemove(382)) - 37eb1d61-39bb-4850-ab96-a7546aa7d2af@group-D1BF1DB2EA83: Succeed to remove RaftStorageDirectory Storage Directory /home/runner/work/ozone/ozone/hadoop-ozone/integration-test/target/test-dir/MiniOzoneClusterImpl-a9e0dedd-d836-4895-9472-52c2256152d3/datanode-5/data/ratis/15da9b58-d72e-47f2-bbe2-d1bf1db2ea83
2022-02-24 16:57:06,037 [Command processor thread] INFO  commandhandler.ClosePipelineCommandHandler (ClosePipelineCommandHandler.java:handle(78)) - Close Pipeline PipelineID=15da9b58-d72e-47f2-bbe2-d1bf1db2ea83 command on datanode 37eb1d61-39bb-4850-ab96-a7546aa7d2af.
2022-02-24 16:57:06,037 [Command processor thread] INFO  server.RaftServer (RaftServerProxy.java:remove(106)) - 37eb1d61-39bb-4850-ab96-a7546aa7d2af: remove    LEADER 37eb1d61-39bb-4850-ab96-a7546aa7d2af@group-05E598691DA2:t3, leader=37eb1d61-39bb-4850-ab96-a7546aa7d2af, voted=37eb1d61-39bb-4850-ab96-a7546aa7d2af, raftlog=37eb1d61-39bb-4850-ab96-a7546aa7d2af@group-05E598691DA2-SegmentedRaftLog:OPENED:c0, conf=0: [6aa02a95-f8ab-442c-9ba0-fd232060c81a|rpc:10.1.0.37:41563|dataStream:|priority:0, 2ccab0b5-4479-416a-9931-5373164cc31d|rpc:10.1.0.37:41069|dataStream:|priority:0, 37eb1d61-39bb-4850-ab96-a7546aa7d2af|rpc:10.1.0.37:34927|dataStream:|priority:1], old=null RUNNING
2022-02-24 16:57:06,037 [Command processor thread] INFO  server.RaftServer$Division (RaftServerImpl.java:lambda$close$4(412)) - 37eb1d61-39bb-4850-ab96-a7546aa7d2af@group-05E598691DA2: shutdown
2022-02-24 16:57:06,037 [Command processor thread] INFO  util.JmxRegister (JmxRegister.java:unregister(73)) - Successfully un-registered JMX Bean with object name Ratis:service=RaftServer,group=group-05E598691DA2,id=37eb1d61-39bb-4850-ab96-a7546aa7d2af
2022-02-24 16:57:06,037 [Command processor thread] INFO  impl.RoleInfo (RoleInfo.java:shutdownLeaderState(91)) - 37eb1d61-39bb-4850-ab96-a7546aa7d2af: shutdown 37eb1d61-39bb-4850-ab96-a7546aa7d2af@group-05E598691DA2-LeaderStateImpl
2022-02-24 16:57:06,037 [Command processor thread] INFO  impl.PendingRequests (PendingRequests.java:sendNotLeaderResponses(282)) - 37eb1d61-39bb-4850-ab96-a7546aa7d2af@group-05E598691DA2-PendingRequests: sendNotLeaderResponses
2022-02-24 16:57:06,038 [Command processor thread] INFO  impl.StateMachineUpdater (StateMachineUpdater.java:stopAndJoin(149)) - 37eb1d61-39bb-4850-ab96-a7546aa7d2af@group-05E598691DA2-StateMachineUpdater: set stopIndex = 0
2022-02-24 16:57:06,038 [37eb1d61-39bb-4850-ab96-a7546aa7d2af@group-05E598691DA2-StateMachineUpdater] INFO  ratis.ContainerStateMachine (ContainerStateMachine.java:takeSnapshot(304)) - group-05E598691DA2: Taking a snapshot at:(t:3, i:0) file /home/runner/work/ozone/ozone/hadoop-ozone/integration-test/target/test-dir/MiniOzoneClusterImpl-a9e0dedd-d836-4895-9472-52c2256152d3/datanode-5/data/ratis/31d398e6-9b90-466b-8763-05e598691da2/sm/snapshot.3_0
2022-02-24 16:57:06,039 [37eb1d61-39bb-4850-ab96-a7546aa7d2af@group-05E598691DA2-StateMachineUpdater] INFO  ratis.ContainerStateMachine (ContainerStateMachine.java:takeSnapshot(315)) - group-05E598691DA2: Finished taking a snapshot at:(t:3, i:0) file:/home/runner/work/ozone/ozone/hadoop-ozone/integration-test/target/test-dir/MiniOzoneClusterImpl-a9e0dedd-d836-4895-9472-52c2256152d3/datanode-5/data/ratis/31d398e6-9b90-466b-8763-05e598691da2/sm/snapshot.3_0 took: 1 ms
2022-02-24 16:57:06,039 [37eb1d61-39bb-4850-ab96-a7546aa7d2af@group-05E598691DA2-StateMachineUpdater] INFO  impl.StateMachineUpdater (StateMachineUpdater.java:takeSnapshot(281)) - 37eb1d61-39bb-4850-ab96-a7546aa7d2af@group-05E598691DA2-StateMachineUpdater: Took a snapshot at index 0
2022-02-24 16:57:06,039 [37eb1d61-39bb-4850-ab96-a7546aa7d2af@group-05E598691DA2-StateMachineUpdater] INFO  impl.StateMachineUpdater (StateMachineUpdater.java:lambda$new$0(89)) - 37eb1d61-39bb-4850-ab96-a7546aa7d2af@group-05E598691DA2-StateMachineUpdater: snapshotIndex: updateIncreasingly -1 -> 0
2022-02-24 16:57:06,039 [Command processor thread] INFO  server.RaftServer$Division (ServerState.java:close(419)) - 2ccab0b5-4479-416a-9931-5373164cc31d@group-05E598691DA2: closes. applyIndex: 0
2022-02-24 16:57:06,039 [2ccab0b5-4479-416a-9931-5373164cc31d@group-05E598691DA2-SegmentedRaftLogWorker] INFO  segmented.SegmentedRaftLogWorker (SegmentedRaftLogWorker.java:run(327)) - 2ccab0b5-4479-416a-9931-5373164cc31d@group-05E598691DA2-SegmentedRaftLogWorker was interrupted, exiting. There are 0 tasks remaining in the queue.
2022-02-24 16:57:06,040 [Command processor thread] INFO  segmented.SegmentedRaftLogWorker (SegmentedRaftLogWorker.java:close(237)) - 2ccab0b5-4479-416a-9931-5373164cc31d@group-05E598691DA2-SegmentedRaftLogWorker close()
2022-02-24 16:57:06,040 [Command processor thread] INFO  server.RaftServer$Division (RaftServerImpl.java:groupRemove(382)) - 2ccab0b5-4479-416a-9931-5373164cc31d@group-05E598691DA2: Succeed to remove RaftStorageDirectory Storage Directory /home/runner/work/ozone/ozone/hadoop-ozone/integration-test/target/test-dir/MiniOzoneClusterImpl-a9e0dedd-d836-4895-9472-52c2256152d3/datanode-3/data/ratis/31d398e6-9b90-466b-8763-05e598691da2
2022-02-24 16:57:06,040 [Command processor thread] INFO  commandhandler.ClosePipelineCommandHandler (ClosePipelineCommandHandler.java:handle(78)) - Close Pipeline PipelineID=31d398e6-9b90-466b-8763-05e598691da2 command on datanode 2ccab0b5-4479-416a-9931-5373164cc31d.
2022-02-24 16:57:06,040 [Command processor thread] INFO  server.RaftServer (RaftServerProxy.java:remove(106)) - 2ccab0b5-4479-416a-9931-5373164cc31d: remove    LEADER 2ccab0b5-4479-416a-9931-5373164cc31d@group-00F5C2898BFA:t1, leader=2ccab0b5-4479-416a-9931-5373164cc31d, voted=2ccab0b5-4479-416a-9931-5373164cc31d, raftlog=2ccab0b5-4479-416a-9931-5373164cc31d@group-00F5C2898BFA-SegmentedRaftLog:OPENED:c0, conf=0: [2ccab0b5-4479-416a-9931-5373164cc31d|rpc:10.1.0.37:41069|dataStream:|priority:1, 6aa02a95-f8ab-442c-9ba0-fd232060c81a|rpc:10.1.0.37:41563|dataStream:|priority:0, 37eb1d61-39bb-4850-ab96-a7546aa7d2af|rpc:10.1.0.37:34927|dataStream:|priority:0], old=null RUNNING
2022-02-24 16:57:06,040 [Command processor thread] INFO  server.RaftServer$Division (RaftServerImpl.java:lambda$close$4(412)) - 2ccab0b5-4479-416a-9931-5373164cc31d@group-00F5C2898BFA: shutdown
2022-02-24 16:57:06,040 [Command processor thread] INFO  util.JmxRegister (JmxRegister.java:unregister(73)) - Successfully un-registered JMX Bean with object name Ratis:service=RaftServer,group=group-00F5C2898BFA,id=2ccab0b5-4479-416a-9931-5373164cc31d
2022-02-24 16:57:06,040 [Command processor thread] INFO  impl.RoleInfo (RoleInfo.java:shutdownLeaderState(91)) - 2ccab0b5-4479-416a-9931-5373164cc31d: shutdown 2ccab0b5-4479-416a-9931-5373164cc31d@group-00F5C2898BFA-LeaderStateImpl
2022-02-24 16:57:06,040 [Command processor thread] INFO  impl.PendingRequests (PendingRequests.java:sendNotLeaderResponses(282)) - 2ccab0b5-4479-416a-9931-5373164cc31d@group-00F5C2898BFA-PendingRequests: sendNotLeaderResponses
2022-02-24 16:57:06,041 [Command processor thread] INFO  impl.StateMachineUpdater (StateMachineUpdater.java:stopAndJoin(149)) - 2ccab0b5-4479-416a-9931-5373164cc31d@group-00F5C2898BFA-StateMachineUpdater: set stopIndex = 0
2022-02-24 16:57:06,041 [Command processor thread] INFO  server.RaftServer$Division (ServerState.java:close(419)) - 37eb1d61-39bb-4850-ab96-a7546aa7d2af@group-05E598691DA2: closes. applyIndex: 0
2022-02-24 16:57:06,041 [37eb1d61-39bb-4850-ab96-a7546aa7d2af@group-05E598691DA2-SegmentedRaftLogWorker] INFO  segmented.SegmentedRaftLogWorker (SegmentedRaftLogWorker.java:run(327)) - 37eb1d61-39bb-4850-ab96-a7546aa7d2af@group-05E598691DA2-SegmentedRaftLogWorker was interrupted, exiting. There are 0 tasks remaining in the queue.
2022-02-24 16:57:06,041 [2ccab0b5-4479-416a-9931-5373164cc31d@group-00F5C2898BFA-StateMachineUpdater] INFO  ratis.ContainerStateMachine (ContainerStateMachine.java:takeSnapshot(304)) - group-00F5C2898BFA: Taking a snapshot at:(t:1, i:0) file /home/runner/work/ozone/ozone/hadoop-ozone/integration-test/target/test-dir/MiniOzoneClusterImpl-a9e0dedd-d836-4895-9472-52c2256152d3/datanode-3/data/ratis/cb254f30-eede-410a-88df-00f5c2898bfa/sm/snapshot.1_0
2022-02-24 16:57:06,043 [2ccab0b5-4479-416a-9931-5373164cc31d@group-00F5C2898BFA-StateMachineUpdater] INFO  ratis.ContainerStateMachine (ContainerStateMachine.java:takeSnapshot(315)) - group-00F5C2898BFA: Finished taking a snapshot at:(t:1, i:0) file:/home/runner/work/ozone/ozone/hadoop-ozone/integration-test/target/test-dir/MiniOzoneClusterImpl-a9e0dedd-d836-4895-9472-52c2256152d3/datanode-3/data/ratis/cb254f30-eede-410a-88df-00f5c2898bfa/sm/snapshot.1_0 took: 2 ms
2022-02-24 16:57:06,043 [2ccab0b5-4479-416a-9931-5373164cc31d@group-00F5C2898BFA-StateMachineUpdater] INFO  impl.StateMachineUpdater (StateMachineUpdater.java:takeSnapshot(281)) - 2ccab0b5-4479-416a-9931-5373164cc31d@group-00F5C2898BFA-StateMachineUpdater: Took a snapshot at index 0
2022-02-24 16:57:06,043 [2ccab0b5-4479-416a-9931-5373164cc31d@group-00F5C2898BFA-StateMachineUpdater] INFO  impl.StateMachineUpdater (StateMachineUpdater.java:lambda$new$0(89)) - 2ccab0b5-4479-416a-9931-5373164cc31d@group-00F5C2898BFA-StateMachineUpdater: snapshotIndex: updateIncreasingly -1 -> 0
2022-02-24 16:57:06,044 [Command processor thread] INFO  segmented.SegmentedRaftLogWorker (SegmentedRaftLogWorker.java:close(237)) - 37eb1d61-39bb-4850-ab96-a7546aa7d2af@group-05E598691DA2-SegmentedRaftLogWorker close()
2022-02-24 16:57:06,045 [Command processor thread] INFO  server.RaftServer$Division (RaftServerImpl.java:groupRemove(382)) - 37eb1d61-39bb-4850-ab96-a7546aa7d2af@group-05E598691DA2: Succeed to remove RaftStorageDirectory Storage Directory /home/runner/work/ozone/ozone/hadoop-ozone/integration-test/target/test-dir/MiniOzoneClusterImpl-a9e0dedd-d836-4895-9472-52c2256152d3/datanode-5/data/ratis/31d398e6-9b90-466b-8763-05e598691da2
2022-02-24 16:57:06,045 [Command processor thread] INFO  commandhandler.ClosePipelineCommandHandler (ClosePipelineCommandHandler.java:handle(78)) - Close Pipeline PipelineID=31d398e6-9b90-466b-8763-05e598691da2 command on datanode 37eb1d61-39bb-4850-ab96-a7546aa7d2af.
2022-02-24 16:57:06,045 [Command processor thread] INFO  server.RaftServer (RaftServerProxy.java:remove(106)) - 37eb1d61-39bb-4850-ab96-a7546aa7d2af: remove  FOLLOWER 37eb1d61-39bb-4850-ab96-a7546aa7d2af@group-00F5C2898BFA:t1, leader=2ccab0b5-4479-416a-9931-5373164cc31d, voted=2ccab0b5-4479-416a-9931-5373164cc31d, raftlog=37eb1d61-39bb-4850-ab96-a7546aa7d2af@group-00F5C2898BFA-SegmentedRaftLog:OPENED:c0, conf=0: [2ccab0b5-4479-416a-9931-5373164cc31d|rpc:10.1.0.37:41069|dataStream:|priority:1, 6aa02a95-f8ab-442c-9ba0-fd232060c81a|rpc:10.1.0.37:41563|dataStream:|priority:0, 37eb1d61-39bb-4850-ab96-a7546aa7d2af|rpc:10.1.0.37:34927|dataStream:|priority:0], old=null RUNNING
2022-02-24 16:57:06,045 [Command processor thread] INFO  server.RaftServer$Division (RaftServerImpl.java:lambda$close$4(412)) - 37eb1d61-39bb-4850-ab96-a7546aa7d2af@group-00F5C2898BFA: shutdown
2022-02-24 16:57:06,045 [Command processor thread] INFO  util.JmxRegister (JmxRegister.java:unregister(73)) - Successfully un-registered JMX Bean with object name Ratis:service=RaftServer,group=group-00F5C2898BFA,id=37eb1d61-39bb-4850-ab96-a7546aa7d2af
2022-02-24 16:57:06,045 [Command processor thread] INFO  impl.RoleInfo (RoleInfo.java:shutdownFollowerState(108)) - 37eb1d61-39bb-4850-ab96-a7546aa7d2af: shutdown 37eb1d61-39bb-4850-ab96-a7546aa7d2af@group-00F5C2898BFA-FollowerState
2022-02-24 16:57:06,045 [Command processor thread] INFO  impl.StateMachineUpdater (StateMachineUpdater.java:stopAndJoin(149)) - 37eb1d61-39bb-4850-ab96-a7546aa7d2af@group-00F5C2898BFA-StateMachineUpdater: set stopIndex = 0
2022-02-24 16:57:06,046 [37eb1d61-39bb-4850-ab96-a7546aa7d2af@group-00F5C2898BFA-StateMachineUpdater] INFO  ratis.ContainerStateMachine (ContainerStateMachine.java:takeSnapshot(304)) - group-00F5C2898BFA: Taking a snapshot at:(t:1, i:0) file /home/runner/work/ozone/ozone/hadoop-ozone/integration-test/target/test-dir/MiniOzoneClusterImpl-a9e0dedd-d836-4895-9472-52c2256152d3/datanode-5/data/ratis/cb254f30-eede-410a-88df-00f5c2898bfa/sm/snapshot.1_0
2022-02-24 16:57:06,045 [37eb1d61-39bb-4850-ab96-a7546aa7d2af@group-00F5C2898BFA-FollowerState] INFO  impl.FollowerState (FollowerState.java:run(143)) - 37eb1d61-39bb-4850-ab96-a7546aa7d2af@group-00F5C2898BFA-FollowerState was interrupted: {}
java.lang.InterruptedException: sleep interrupted
	at java.lang.Thread.sleep(Native Method)
	at java.lang.Thread.sleep(Thread.java:342)
	at java.util.concurrent.TimeUnit.sleep(TimeUnit.java:386)
	at org.apache.ratis.util.TimeDuration.sleep(TimeDuration.java:324)
	at org.apache.ratis.util.TimeDuration.sleep(TimeDuration.java:309)
	at org.apache.ratis.server.impl.FollowerState.run(FollowerState.java:118)
2022-02-24 16:57:06,046 [37eb1d61-39bb-4850-ab96-a7546aa7d2af@group-00F5C2898BFA-StateMachineUpdater] INFO  ratis.ContainerStateMachine (ContainerStateMachine.java:takeSnapshot(315)) - group-00F5C2898BFA: Finished taking a snapshot at:(t:1, i:0) file:/home/runner/work/ozone/ozone/hadoop-ozone/integration-test/target/test-dir/MiniOzoneClusterImpl-a9e0dedd-d836-4895-9472-52c2256152d3/datanode-5/data/ratis/cb254f30-eede-410a-88df-00f5c2898bfa/sm/snapshot.1_0 took: 0 ms
2022-02-24 16:57:06,047 [37eb1d61-39bb-4850-ab96-a7546aa7d2af@group-00F5C2898BFA-StateMachineUpdater] INFO  impl.StateMachineUpdater (StateMachineUpdater.java:takeSnapshot(281)) - 37eb1d61-39bb-4850-ab96-a7546aa7d2af@group-00F5C2898BFA-StateMachineUpdater: Took a snapshot at index 0
2022-02-24 16:57:06,047 [37eb1d61-39bb-4850-ab96-a7546aa7d2af@group-00F5C2898BFA-StateMachineUpdater] INFO  impl.StateMachineUpdater (StateMachineUpdater.java:lambda$new$0(89)) - 37eb1d61-39bb-4850-ab96-a7546aa7d2af@group-00F5C2898BFA-StateMachineUpdater: snapshotIndex: updateIncreasingly -1 -> 0
2022-02-24 16:57:06,051 [Command processor thread] INFO  server.RaftServer$Division (ServerState.java:close(419)) - 37eb1d61-39bb-4850-ab96-a7546aa7d2af@group-00F5C2898BFA: closes. applyIndex: 0
2022-02-24 16:57:06,051 [Command processor thread] INFO  server.RaftServer$Division (ServerState.java:close(419)) - 2ccab0b5-4479-416a-9931-5373164cc31d@group-00F5C2898BFA: closes. applyIndex: 0
2022-02-24 16:57:06,051 [37eb1d61-39bb-4850-ab96-a7546aa7d2af@group-00F5C2898BFA-SegmentedRaftLogWorker] INFO  segmented.SegmentedRaftLogWorker (SegmentedRaftLogWorker.java:run(327)) - 37eb1d61-39bb-4850-ab96-a7546aa7d2af@group-00F5C2898BFA-SegmentedRaftLogWorker was interrupted, exiting. There are 0 tasks remaining in the queue.
2022-02-24 16:57:06,051 [Command processor thread] INFO  segmented.SegmentedRaftLogWorker (SegmentedRaftLogWorker.java:close(237)) - 37eb1d61-39bb-4850-ab96-a7546aa7d2af@group-00F5C2898BFA-SegmentedRaftLogWorker close()
2022-02-24 16:57:06,051 [Command processor thread] INFO  server.RaftServer$Division (RaftServerImpl.java:groupRemove(382)) - 37eb1d61-39bb-4850-ab96-a7546aa7d2af@group-00F5C2898BFA: Succeed to remove RaftStorageDirectory Storage Directory /home/runner/work/ozone/ozone/hadoop-ozone/integration-test/target/test-dir/MiniOzoneClusterImpl-a9e0dedd-d836-4895-9472-52c2256152d3/datanode-5/data/ratis/cb254f30-eede-410a-88df-00f5c2898bfa
2022-02-24 16:57:06,051 [Command processor thread] INFO  commandhandler.ClosePipelineCommandHandler (ClosePipelineCommandHandler.java:handle(78)) - Close Pipeline PipelineID=cb254f30-eede-410a-88df-00f5c2898bfa command on datanode 37eb1d61-39bb-4850-ab96-a7546aa7d2af.
2022-02-24 16:57:06,063 [37eb1d61-39bb-4850-ab96-a7546aa7d2af@group-05E598691DA2->2ccab0b5-4479-416a-9931-5373164cc31d-GrpcLogAppender-LogAppenderDaemon] WARN  server.GrpcLogAppender (GrpcLogAppender.java:mayWait(177)) - 37eb1d61-39bb-4850-ab96-a7546aa7d2af@group-05E598691DA2->2ccab0b5-4479-416a-9931-5373164cc31d-GrpcLogAppender: Wait interrupted by java.lang.InterruptedException
2022-02-24 16:57:06,063 [2ccab0b5-4479-416a-9931-5373164cc31d@group-00F5C2898BFA->37eb1d61-39bb-4850-ab96-a7546aa7d2af-GrpcLogAppender-LogAppenderDaemon] WARN  server.GrpcLogAppender (GrpcLogAppender.java:mayWait(177)) - 2ccab0b5-4479-416a-9931-5373164cc31d@group-00F5C2898BFA->37eb1d61-39bb-4850-ab96-a7546aa7d2af-GrpcLogAppender: Wait interrupted by java.lang.InterruptedException
2022-02-24 16:57:06,064 [2ccab0b5-4479-416a-9931-5373164cc31d@group-00F5C2898BFA-SegmentedRaftLogWorker] INFO  segmented.SegmentedRaftLogWorker (SegmentedRaftLogWorker.java:run(327)) - 2ccab0b5-4479-416a-9931-5373164cc31d@group-00F5C2898BFA-SegmentedRaftLogWorker was interrupted, exiting. There are 0 tasks remaining in the queue.
2022-02-24 16:57:06,064 [Command processor thread] INFO  segmented.SegmentedRaftLogWorker (SegmentedRaftLogWorker.java:close(237)) - 2ccab0b5-4479-416a-9931-5373164cc31d@group-00F5C2898BFA-SegmentedRaftLogWorker close()
2022-02-24 16:57:06,065 [Command processor thread] INFO  server.RaftServer$Division (RaftServerImpl.java:groupRemove(382)) - 2ccab0b5-4479-416a-9931-5373164cc31d@group-00F5C2898BFA: Succeed to remove RaftStorageDirectory Storage Directory /home/runner/work/ozone/ozone/hadoop-ozone/integration-test/target/test-dir/MiniOzoneClusterImpl-a9e0dedd-d836-4895-9472-52c2256152d3/datanode-3/data/ratis/cb254f30-eede-410a-88df-00f5c2898bfa
2022-02-24 16:57:06,065 [Command processor thread] INFO  commandhandler.ClosePipelineCommandHandler (ClosePipelineCommandHandler.java:handle(78)) - Close Pipeline PipelineID=cb254f30-eede-410a-88df-00f5c2898bfa command on datanode 2ccab0b5-4479-416a-9931-5373164cc31d.
2022-02-24 16:57:06,064 [grpc-default-executor-3] INFO  server.GrpcServerProtocolService (GrpcServerProtocolService.java:onCompleted(140)) - 2ccab0b5-4479-416a-9931-5373164cc31d: Completed APPEND_ENTRIES, lastRequest: 37eb1d61-39bb-4850-ab96-a7546aa7d2af->2ccab0b5-4479-416a-9931-5373164cc31d#1-t3,previous=(t:0, i:0),leaderCommit=-1,initializing? true,entries: size=1, first=(t:3, i:0), CONFIGURATIONENTRY
2022-02-24 16:57:06,066 [grpc-default-executor-0] INFO  server.GrpcLogAppender (GrpcLogAppender.java:onCompleted(346)) - 37eb1d61-39bb-4850-ab96-a7546aa7d2af@group-05E598691DA2->2ccab0b5-4479-416a-9931-5373164cc31d-AppendLogResponseHandler: follower responses appendEntries COMPLETED
2022-02-24 16:57:06,066 [grpc-default-executor-0] INFO  leader.FollowerInfo (FollowerInfoImpl.java:lambda$new$0(47)) - 37eb1d61-39bb-4850-ab96-a7546aa7d2af@group-05E598691DA2->2ccab0b5-4479-416a-9931-5373164cc31d: nextIndex: updateUnconditionally 1 -> 0
2022-02-24 16:57:06,067 [grpc-default-executor-3] INFO  server.GrpcServerProtocolService (GrpcServerProtocolService.java:onCompleted(140)) - 37eb1d61-39bb-4850-ab96-a7546aa7d2af: Completed APPEND_ENTRIES, lastRequest: 2ccab0b5-4479-416a-9931-5373164cc31d->37eb1d61-39bb-4850-ab96-a7546aa7d2af#1-t1,previous=(t:0, i:0),leaderCommit=-1,initializing? true,entries: size=1, first=(t:1, i:0), CONFIGURATIONENTRY
2022-02-24 16:57:06,067 [grpc-default-executor-3] INFO  server.GrpcLogAppender (GrpcLogAppender.java:onCompleted(346)) - 2ccab0b5-4479-416a-9931-5373164cc31d@group-00F5C2898BFA->37eb1d61-39bb-4850-ab96-a7546aa7d2af-AppendLogResponseHandler: follower responses appendEntries COMPLETED
2022-02-24 16:57:06,067 [grpc-default-executor-3] INFO  leader.FollowerInfo (FollowerInfoImpl.java:lambda$new$0(47)) - 2ccab0b5-4479-416a-9931-5373164cc31d@group-00F5C2898BFA->37eb1d61-39bb-4850-ab96-a7546aa7d2af: nextIndex: updateUnconditionally 1 -> 0
2022-02-24 16:57:10,416 [6b991a1f-9e77-4b13-a483-fcde5672bd4a@group-D7E6B7717086-FollowerState] INFO  impl.FollowerState (FollowerState.java:run(134)) - 6b991a1f-9e77-4b13-a483-fcde5672bd4a@group-D7E6B7717086-FollowerState: change to CANDIDATE, lastRpcElapsedTime:5160185568ns, electionTimeout:5153ms
2022-02-24 16:57:10,416 [6b991a1f-9e77-4b13-a483-fcde5672bd4a@group-D7E6B7717086-FollowerState] INFO  impl.RoleInfo (RoleInfo.java:shutdownFollowerState(108)) - 6b991a1f-9e77-4b13-a483-fcde5672bd4a: shutdown 6b991a1f-9e77-4b13-a483-fcde5672bd4a@group-D7E6B7717086-FollowerState
2022-02-24 16:57:10,416 [6b991a1f-9e77-4b13-a483-fcde5672bd4a@group-D7E6B7717086-FollowerState] INFO  server.RaftServer$Division (RaftServerImpl.java:setRole(290)) - 6b991a1f-9e77-4b13-a483-fcde5672bd4a@group-D7E6B7717086: changes role from  FOLLOWER to CANDIDATE at term 4 for changeToCandidate
2022-02-24 16:57:10,416 [6b991a1f-9e77-4b13-a483-fcde5672bd4a@group-D7E6B7717086-FollowerState] INFO  server.RaftServerConfigKeys (ConfUtils.java:logGet(44)) - raft.server.leaderelection.pre-vote = false (custom)
2022-02-24 16:57:10,416 [6b991a1f-9e77-4b13-a483-fcde5672bd4a@group-D7E6B7717086-FollowerState] INFO  impl.RoleInfo (RoleInfo.java:updateAndGet(130)) - 6b991a1f-9e77-4b13-a483-fcde5672bd4a: start 6b991a1f-9e77-4b13-a483-fcde5672bd4a@group-D7E6B7717086-LeaderElection87
2022-02-24 16:57:10,429 [6b991a1f-9e77-4b13-a483-fcde5672bd4a@group-D7E6B7717086-LeaderElection87] INFO  impl.LeaderElection (LeaderElection.java:askForVotes(306)) - 6b991a1f-9e77-4b13-a483-fcde5672bd4a@group-D7E6B7717086-LeaderElection87 ELECTION round 0: submit vote requests at term 5 for -1: [6b991a1f-9e77-4b13-a483-fcde5672bd4a|rpc:10.1.0.37:38289|dataStream:|priority:0, 2a15bd7e-7896-4db0-9e08-f7464bcd33ee|rpc:10.1.0.37:41995|dataStream:|priority:1, cf3a7bfa-0a59-4cf0-978b-44f71b96abbc|rpc:10.1.0.37:40183|dataStream:|priority:0], old=null
2022-02-24 16:57:10,431 [6b991a1f-9e77-4b13-a483-fcde5672bd4a@group-D7E6B7717086-LeaderElection87] INFO  impl.LeaderElection (LogUtils.java:infoOrTrace(137)) - 6b991a1f-9e77-4b13-a483-fcde5672bd4a@group-D7E6B7717086-LeaderElection87 got exception when requesting votes: java.util.concurrent.ExecutionException: org.apache.ratis.thirdparty.io.grpc.StatusRuntimeException: UNAVAILABLE: io exception
2022-02-24 16:57:10,432 [6b991a1f-9e77-4b13-a483-fcde5672bd4a@group-D7E6B7717086-LeaderElection87] INFO  impl.LeaderElection (LogUtils.java:infoOrTrace(137)) - 6b991a1f-9e77-4b13-a483-fcde5672bd4a@group-D7E6B7717086-LeaderElection87 got exception when requesting votes: java.util.concurrent.ExecutionException: org.apache.ratis.thirdparty.io.grpc.StatusRuntimeException: UNAVAILABLE: io exception
2022-02-24 16:57:10,432 [6b991a1f-9e77-4b13-a483-fcde5672bd4a@group-D7E6B7717086-LeaderElection87] INFO  impl.LeaderElection (LeaderElection.java:logAndReturn(89)) - 6b991a1f-9e77-4b13-a483-fcde5672bd4a@group-D7E6B7717086-LeaderElection87: ELECTION REJECTED received 0 response(s) and 2 exception(s):
2022-02-24 16:57:10,432 [6b991a1f-9e77-4b13-a483-fcde5672bd4a@group-D7E6B7717086-LeaderElection87] INFO  impl.LeaderElection (LogUtils.java:infoOrTrace(137)) -   Exception 0: java.util.concurrent.ExecutionException: org.apache.ratis.thirdparty.io.grpc.StatusRuntimeException: UNAVAILABLE: io exception
2022-02-24 16:57:10,432 [6b991a1f-9e77-4b13-a483-fcde5672bd4a@group-D7E6B7717086-LeaderElection87] INFO  impl.LeaderElection (LogUtils.java:infoOrTrace(137)) -   Exception 1: java.util.concurrent.ExecutionException: org.apache.ratis.thirdparty.io.grpc.StatusRuntimeException: UNAVAILABLE: io exception
2022-02-24 16:57:10,432 [6b991a1f-9e77-4b13-a483-fcde5672bd4a@group-D7E6B7717086-LeaderElection87] INFO  impl.LeaderElection (LeaderElection.java:askForVotes(308)) - 6b991a1f-9e77-4b13-a483-fcde5672bd4a@group-D7E6B7717086-LeaderElection87 ELECTION round 0: result REJECTED
2022-02-24 16:57:10,432 [6b991a1f-9e77-4b13-a483-fcde5672bd4a@group-D7E6B7717086-LeaderElection87] INFO  server.RaftServer$Division (RaftServerImpl.java:setRole(290)) - 6b991a1f-9e77-4b13-a483-fcde5672bd4a@group-D7E6B7717086: changes role from CANDIDATE to FOLLOWER at term 5 for REJECTED
2022-02-24 16:57:10,432 [6b991a1f-9e77-4b13-a483-fcde5672bd4a@group-D7E6B7717086-LeaderElection87] INFO  impl.RoleInfo (RoleInfo.java:shutdownLeaderElection(121)) - 6b991a1f-9e77-4b13-a483-fcde5672bd4a: shutdown 6b991a1f-9e77-4b13-a483-fcde5672bd4a@group-D7E6B7717086-LeaderElection87
2022-02-24 16:57:10,432 [6b991a1f-9e77-4b13-a483-fcde5672bd4a@group-D7E6B7717086-LeaderElection87] INFO  impl.RoleInfo (RoleInfo.java:updateAndGet(130)) - 6b991a1f-9e77-4b13-a483-fcde5672bd4a: start 6b991a1f-9e77-4b13-a483-fcde5672bd4a@group-D7E6B7717086-FollowerState
2022-02-24 16:57:10,452 [Listener at 127.0.0.1/44987] INFO  ozoneimpl.OzoneContainer (OzoneContainer.java:stop(356)) - Attempting to stop container services.
2022-02-24 16:57:10,453 [Listener at 127.0.0.1/44987] INFO  server.RaftServer (RaftServerProxy.java:lambda$close$6(391)) - 6b991a1f-9e77-4b13-a483-fcde5672bd4a: close
2022-02-24 16:57:10,453 [Listener at 127.0.0.1/44987] INFO  server.RaftServer$Division (RaftServerImpl.java:lambda$close$4(412)) - 6b991a1f-9e77-4b13-a483-fcde5672bd4a@group-D7E6B7717086: shutdown
2022-02-24 16:57:10,453 [Listener at 127.0.0.1/44987] INFO  util.JmxRegister (JmxRegister.java:unregister(73)) - Successfully un-registered JMX Bean with object name Ratis:service=RaftServer,group=group-D7E6B7717086,id=6b991a1f-9e77-4b13-a483-fcde5672bd4a
2022-02-24 16:57:10,453 [Listener at 127.0.0.1/44987] INFO  impl.RoleInfo (RoleInfo.java:shutdownFollowerState(108)) - 6b991a1f-9e77-4b13-a483-fcde5672bd4a: shutdown 6b991a1f-9e77-4b13-a483-fcde5672bd4a@group-D7E6B7717086-FollowerState
2022-02-24 16:57:10,453 [Listener at 127.0.0.1/44987] INFO  impl.StateMachineUpdater (StateMachineUpdater.java:stopAndJoin(149)) - 6b991a1f-9e77-4b13-a483-fcde5672bd4a@group-D7E6B7717086-StateMachineUpdater: set stopIndex = -1
2022-02-24 16:57:10,453 [Listener at 127.0.0.1/44987] INFO  server.RaftServer$Division (ServerState.java:close(419)) - 6b991a1f-9e77-4b13-a483-fcde5672bd4a@group-D7E6B7717086: closes. applyIndex: -1
2022-02-24 16:57:10,454 [6b991a1f-9e77-4b13-a483-fcde5672bd4a@group-D7E6B7717086-SegmentedRaftLogWorker] INFO  segmented.SegmentedRaftLogWorker (SegmentedRaftLogWorker.java:run(327)) - 6b991a1f-9e77-4b13-a483-fcde5672bd4a@group-D7E6B7717086-SegmentedRaftLogWorker was interrupted, exiting. There are 0 tasks remaining in the queue.
2022-02-24 16:57:10,454 [Listener at 127.0.0.1/44987] INFO  segmented.SegmentedRaftLogWorker (SegmentedRaftLogWorker.java:close(237)) - 6b991a1f-9e77-4b13-a483-fcde5672bd4a@group-D7E6B7717086-SegmentedRaftLogWorker close()
2022-02-24 16:57:10,454 [Listener at 127.0.0.1/44987] INFO  server.RaftServer$Division (RaftServerImpl.java:lambda$close$4(412)) - 6b991a1f-9e77-4b13-a483-fcde5672bd4a@group-A8F55BFD1212: shutdown
2022-02-24 16:57:10,454 [Listener at 127.0.0.1/44987] INFO  util.JmxRegister (JmxRegister.java:unregister(73)) - Successfully un-registered JMX Bean with object name Ratis:service=RaftServer,group=group-A8F55BFD1212,id=6b991a1f-9e77-4b13-a483-fcde5672bd4a
2022-02-24 16:57:10,454 [Listener at 127.0.0.1/44987] INFO  impl.RoleInfo (RoleInfo.java:shutdownFollowerState(108)) - 6b991a1f-9e77-4b13-a483-fcde5672bd4a: shutdown 6b991a1f-9e77-4b13-a483-fcde5672bd4a@group-A8F55BFD1212-FollowerState
2022-02-24 16:57:10,454 [Listener at 127.0.0.1/44987] INFO  impl.StateMachineUpdater (StateMachineUpdater.java:stopAndJoin(149)) - 6b991a1f-9e77-4b13-a483-fcde5672bd4a@group-A8F55BFD1212-StateMachineUpdater: set stopIndex = 0
2022-02-24 16:57:10,455 [6b991a1f-9e77-4b13-a483-fcde5672bd4a@group-D7E6B7717086-FollowerState] INFO  impl.FollowerState (FollowerState.java:run(143)) - 6b991a1f-9e77-4b13-a483-fcde5672bd4a@group-D7E6B7717086-FollowerState was interrupted: {}
java.lang.InterruptedException: sleep interrupted
	at java.lang.Thread.sleep(Native Method)
	at java.lang.Thread.sleep(Thread.java:342)
	at java.util.concurrent.TimeUnit.sleep(TimeUnit.java:386)
	at org.apache.ratis.util.TimeDuration.sleep(TimeDuration.java:324)
	at org.apache.ratis.util.TimeDuration.sleep(TimeDuration.java:309)
	at org.apache.ratis.server.impl.FollowerState.run(FollowerState.java:118)
2022-02-24 16:57:10,454 [6b991a1f-9e77-4b13-a483-fcde5672bd4a@group-A8F55BFD1212-FollowerState] INFO  impl.FollowerState (FollowerState.java:run(143)) - 6b991a1f-9e77-4b13-a483-fcde5672bd4a@group-A8F55BFD1212-FollowerState was interrupted: {}
java.lang.InterruptedException: sleep interrupted
	at java.lang.Thread.sleep(Native Method)
	at java.lang.Thread.sleep(Thread.java:342)
	at java.util.concurrent.TimeUnit.sleep(TimeUnit.java:386)
	at org.apache.ratis.util.TimeDuration.sleep(TimeDuration.java:324)
	at org.apache.ratis.util.TimeDuration.sleep(TimeDuration.java:309)
	at org.apache.ratis.server.impl.FollowerState.run(FollowerState.java:118)
2022-02-24 16:57:10,455 [6b991a1f-9e77-4b13-a483-fcde5672bd4a@group-A8F55BFD1212-StateMachineUpdater] INFO  ratis.ContainerStateMachine (ContainerStateMachine.java:takeSnapshot(304)) - group-A8F55BFD1212: Taking a snapshot at:(t:2, i:0) file /home/runner/work/ozone/ozone/hadoop-ozone/integration-test/target/test-dir/MiniOzoneClusterImpl-a9e0dedd-d836-4895-9472-52c2256152d3/datanode-6/data/ratis/497dee7c-6395-4f7c-8faa-a8f55bfd1212/sm/snapshot.2_0
2022-02-24 16:57:10,456 [6b991a1f-9e77-4b13-a483-fcde5672bd4a@group-A8F55BFD1212-StateMachineUpdater] INFO  ratis.ContainerStateMachine (ContainerStateMachine.java:takeSnapshot(315)) - group-A8F55BFD1212: Finished taking a snapshot at:(t:2, i:0) file:/home/runner/work/ozone/ozone/hadoop-ozone/integration-test/target/test-dir/MiniOzoneClusterImpl-a9e0dedd-d836-4895-9472-52c2256152d3/datanode-6/data/ratis/497dee7c-6395-4f7c-8faa-a8f55bfd1212/sm/snapshot.2_0 took: 1 ms
2022-02-24 16:57:10,456 [6b991a1f-9e77-4b13-a483-fcde5672bd4a@group-A8F55BFD1212-StateMachineUpdater] INFO  impl.StateMachineUpdater (StateMachineUpdater.java:takeSnapshot(281)) - 6b991a1f-9e77-4b13-a483-fcde5672bd4a@group-A8F55BFD1212-StateMachineUpdater: Took a snapshot at index 0
2022-02-24 16:57:10,456 [6b991a1f-9e77-4b13-a483-fcde5672bd4a@group-A8F55BFD1212-StateMachineUpdater] INFO  impl.StateMachineUpdater (StateMachineUpdater.java:lambda$new$0(89)) - 6b991a1f-9e77-4b13-a483-fcde5672bd4a@group-A8F55BFD1212-StateMachineUpdater: snapshotIndex: updateIncreasingly -1 -> 0
2022-02-24 16:57:10,457 [Listener at 127.0.0.1/44987] INFO  server.RaftServer$Division (ServerState.java:close(419)) - 6b991a1f-9e77-4b13-a483-fcde5672bd4a@group-A8F55BFD1212: closes. applyIndex: 0
2022-02-24 16:57:10,457 [6b991a1f-9e77-4b13-a483-fcde5672bd4a@group-A8F55BFD1212-SegmentedRaftLogWorker] INFO  segmented.SegmentedRaftLogWorker (SegmentedRaftLogWorker.java:run(327)) - 6b991a1f-9e77-4b13-a483-fcde5672bd4a@group-A8F55BFD1212-SegmentedRaftLogWorker was interrupted, exiting. There are 0 tasks remaining in the queue.
2022-02-24 16:57:10,457 [Listener at 127.0.0.1/44987] INFO  segmented.SegmentedRaftLogWorker (SegmentedRaftLogWorker.java:close(237)) - 6b991a1f-9e77-4b13-a483-fcde5672bd4a@group-A8F55BFD1212-SegmentedRaftLogWorker close()
2022-02-24 16:57:10,457 [Listener at 127.0.0.1/44987] INFO  server.RaftServer$Division (RaftServerImpl.java:lambda$close$4(412)) - 6b991a1f-9e77-4b13-a483-fcde5672bd4a@group-C3D2367B31B3: shutdown
2022-02-24 16:57:10,457 [Listener at 127.0.0.1/44987] INFO  util.JmxRegister (JmxRegister.java:unregister(73)) - Successfully un-registered JMX Bean with object name Ratis:service=RaftServer,group=group-C3D2367B31B3,id=6b991a1f-9e77-4b13-a483-fcde5672bd4a
2022-02-24 16:57:10,457 [Listener at 127.0.0.1/44987] INFO  impl.RoleInfo (RoleInfo.java:shutdownLeaderState(91)) - 6b991a1f-9e77-4b13-a483-fcde5672bd4a: shutdown 6b991a1f-9e77-4b13-a483-fcde5672bd4a@group-C3D2367B31B3-LeaderStateImpl
2022-02-24 16:57:10,458 [Listener at 127.0.0.1/44987] INFO  impl.PendingRequests (PendingRequests.java:sendNotLeaderResponses(282)) - 6b991a1f-9e77-4b13-a483-fcde5672bd4a@group-C3D2367B31B3-PendingRequests: sendNotLeaderResponses
2022-02-24 16:57:10,458 [6b991a1f-9e77-4b13-a483-fcde5672bd4a@group-C3D2367B31B3-StateMachineUpdater] INFO  ratis.ContainerStateMachine (ContainerStateMachine.java:takeSnapshot(304)) - group-C3D2367B31B3: Taking a snapshot at:(t:1, i:0) file /home/runner/work/ozone/ozone/hadoop-ozone/integration-test/target/test-dir/MiniOzoneClusterImpl-a9e0dedd-d836-4895-9472-52c2256152d3/datanode-6/data/ratis/f649cc5f-229f-452a-a086-c3d2367b31b3/sm/snapshot.1_0
2022-02-24 16:57:10,458 [Listener at 127.0.0.1/44987] INFO  impl.StateMachineUpdater (StateMachineUpdater.java:stopAndJoin(149)) - 6b991a1f-9e77-4b13-a483-fcde5672bd4a@group-C3D2367B31B3-StateMachineUpdater: set stopIndex = 0
2022-02-24 16:57:10,459 [6b991a1f-9e77-4b13-a483-fcde5672bd4a@group-C3D2367B31B3-StateMachineUpdater] INFO  ratis.ContainerStateMachine (ContainerStateMachine.java:takeSnapshot(315)) - group-C3D2367B31B3: Finished taking a snapshot at:(t:1, i:0) file:/home/runner/work/ozone/ozone/hadoop-ozone/integration-test/target/test-dir/MiniOzoneClusterImpl-a9e0dedd-d836-4895-9472-52c2256152d3/datanode-6/data/ratis/f649cc5f-229f-452a-a086-c3d2367b31b3/sm/snapshot.1_0 took: 1 ms
2022-02-24 16:57:10,459 [6b991a1f-9e77-4b13-a483-fcde5672bd4a@group-C3D2367B31B3-StateMachineUpdater] INFO  impl.StateMachineUpdater (StateMachineUpdater.java:takeSnapshot(281)) - 6b991a1f-9e77-4b13-a483-fcde5672bd4a@group-C3D2367B31B3-StateMachineUpdater: Took a snapshot at index 0
2022-02-24 16:57:10,459 [6b991a1f-9e77-4b13-a483-fcde5672bd4a@group-C3D2367B31B3-StateMachineUpdater] INFO  impl.StateMachineUpdater (StateMachineUpdater.java:lambda$new$0(89)) - 6b991a1f-9e77-4b13-a483-fcde5672bd4a@group-C3D2367B31B3-StateMachineUpdater: snapshotIndex: updateIncreasingly -1 -> 0
2022-02-24 16:57:10,462 [Listener at 127.0.0.1/44987] INFO  server.RaftServer$Division (ServerState.java:close(419)) - 6b991a1f-9e77-4b13-a483-fcde5672bd4a@group-C3D2367B31B3: closes. applyIndex: 0
2022-02-24 16:57:10,462 [6b991a1f-9e77-4b13-a483-fcde5672bd4a@group-C3D2367B31B3-SegmentedRaftLogWorker] INFO  segmented.SegmentedRaftLogWorker (SegmentedRaftLogWorker.java:run(327)) - 6b991a1f-9e77-4b13-a483-fcde5672bd4a@group-C3D2367B31B3-SegmentedRaftLogWorker was interrupted, exiting. There are 0 tasks remaining in the queue.
2022-02-24 16:57:10,462 [Listener at 127.0.0.1/44987] INFO  segmented.SegmentedRaftLogWorker (SegmentedRaftLogWorker.java:close(237)) - 6b991a1f-9e77-4b13-a483-fcde5672bd4a@group-C3D2367B31B3-SegmentedRaftLogWorker close()
2022-02-24 16:57:10,463 [Listener at 127.0.0.1/44987] INFO  server.GrpcService (GrpcService.java:closeImpl(262)) - 6b991a1f-9e77-4b13-a483-fcde5672bd4a: shutdown server with port 38289 now
2022-02-24 16:57:10,503 [Listener at 127.0.0.1/44987] INFO  server.GrpcService (GrpcService.java:closeImpl(271)) - 6b991a1f-9e77-4b13-a483-fcde5672bd4a: shutdown server with port 38289 successfully
2022-02-24 16:57:10,503 [org.apache.ratis.util.JvmPauseMonitor$$Lambda$431/1797702346@590056d7] INFO  util.JvmPauseMonitor (JvmPauseMonitor.java:run(109)) - JvmPauseMonitor-6b991a1f-9e77-4b13-a483-fcde5672bd4a: Stopped
2022-02-24 16:57:12,571 [Listener at 127.0.0.1/44987] INFO  utils.BackgroundService (BackgroundService.java:shutdown(132)) - Shutting down service BlockDeletingService
2022-02-24 16:57:14,036 [EventQueue-DeadNodeForDeadNodeHandler] INFO  node.DeadNodeHandler (DeadNodeHandler.java:onMessage(80)) - A dead datanode is detected. 2a15bd7e-7896-4db0-9e08-f7464bcd33ee{ip: 10.1.0.37, host: fv-az59-243.csjynl4pkq3e1pkirw3ssqjfoh.cx.internal.cloudapp.net, ports: [REPLICATION=43341, RATIS=41995, RATIS_ADMIN=41995, RATIS_SERVER=41995, STANDALONE=34861], networkLocation: /default-rack, certSerialId: null, persistedOpState: IN_SERVICE, persistedOpStateExpiryEpochSec: 0}
2022-02-24 16:57:14,036 [EventQueue-DeadNodeForDeadNodeHandler] INFO  pipeline.RatisPipelineProvider (RatisPipelineProvider.java:lambda$close$1(222)) - Send pipeline:PipelineID=5f44144d-712d-461a-aa66-ff6f608ff5fd close command to datanode 2a15bd7e-7896-4db0-9e08-f7464bcd33ee
2022-02-24 16:57:14,038 [77c6fe3f-1b7a-40d0-9616-c5318e50343e@group-52C2256152D3-StateMachineUpdater] INFO  pipeline.PipelineStateManagerImpl (PipelineStateManagerImpl.java:removePipeline(223)) - Pipeline Pipeline[ Id: 5f44144d-712d-461a-aa66-ff6f608ff5fd, Nodes: 2a15bd7e-7896-4db0-9e08-f7464bcd33ee{ip: 10.1.0.37, host: fv-az59-243.csjynl4pkq3e1pkirw3ssqjfoh.cx.internal.cloudapp.net, ports: [REPLICATION=43341, RATIS=41995, RATIS_ADMIN=41995, RATIS_SERVER=41995, STANDALONE=34861], networkLocation: /default-rack, certSerialId: null, persistedOpState: IN_SERVICE, persistedOpStateExpiryEpochSec: 0}, ReplicationConfig: RATIS/ONE, State:CLOSED, leaderId:2a15bd7e-7896-4db0-9e08-f7464bcd33ee, CreationTimestamp2022-02-24T16:55:46.155Z[Etc/UTC]] removed.
2022-02-24 16:57:14,039 [EventQueue-DeadNodeForDeadNodeHandler] INFO  pipeline.RatisPipelineProvider (RatisPipelineProvider.java:lambda$close$1(222)) - Send pipeline:PipelineID=497dee7c-6395-4f7c-8faa-a8f55bfd1212 close command to datanode 2a15bd7e-7896-4db0-9e08-f7464bcd33ee
2022-02-24 16:57:14,039 [EventQueue-DeadNodeForDeadNodeHandler] INFO  pipeline.RatisPipelineProvider (RatisPipelineProvider.java:lambda$close$1(222)) - Send pipeline:PipelineID=497dee7c-6395-4f7c-8faa-a8f55bfd1212 close command to datanode 6b991a1f-9e77-4b13-a483-fcde5672bd4a
2022-02-24 16:57:14,039 [EventQueue-DeadNodeForDeadNodeHandler] INFO  pipeline.RatisPipelineProvider (RatisPipelineProvider.java:lambda$close$1(222)) - Send pipeline:PipelineID=497dee7c-6395-4f7c-8faa-a8f55bfd1212 close command to datanode b07270f0-c5b1-4afe-99f3-aa5758d6ba5c
2022-02-24 16:57:14,040 [77c6fe3f-1b7a-40d0-9616-c5318e50343e@group-52C2256152D3-StateMachineUpdater] INFO  pipeline.PipelineStateManagerImpl (PipelineStateManagerImpl.java:removePipeline(223)) - Pipeline Pipeline[ Id: 497dee7c-6395-4f7c-8faa-a8f55bfd1212, Nodes: 2a15bd7e-7896-4db0-9e08-f7464bcd33ee{ip: 10.1.0.37, host: fv-az59-243.csjynl4pkq3e1pkirw3ssqjfoh.cx.internal.cloudapp.net, ports: [REPLICATION=43341, RATIS=41995, RATIS_ADMIN=41995, RATIS_SERVER=41995, STANDALONE=34861], networkLocation: /default-rack, certSerialId: null, persistedOpState: IN_SERVICE, persistedOpStateExpiryEpochSec: 0}6b991a1f-9e77-4b13-a483-fcde5672bd4a{ip: 10.1.0.37, host: fv-az59-243.csjynl4pkq3e1pkirw3ssqjfoh.cx.internal.cloudapp.net, ports: [REPLICATION=34893, RATIS=38289, RATIS_ADMIN=38289, RATIS_SERVER=38289, STANDALONE=42165], networkLocation: /default-rack, certSerialId: null, persistedOpState: IN_SERVICE, persistedOpStateExpiryEpochSec: 0}b07270f0-c5b1-4afe-99f3-aa5758d6ba5c{ip: 10.1.0.37, host: fv-az59-243.csjynl4pkq3e1pkirw3ssqjfoh.cx.internal.cloudapp.net, ports: [REPLICATION=41147, RATIS=45647, RATIS_ADMIN=45647, RATIS_SERVER=45647, STANDALONE=43127], networkLocation: /default-rack, certSerialId: null, persistedOpState: IN_SERVICE, persistedOpStateExpiryEpochSec: 0}, ReplicationConfig: RATIS/THREE, State:CLOSED, leaderId:6b991a1f-9e77-4b13-a483-fcde5672bd4a, CreationTimestamp2022-02-24T16:56:43.278Z[Etc/UTC]] removed.
2022-02-24 16:57:14,043 [EventQueue-DeadNodeForDeadNodeHandler] INFO  net.NetworkTopologyImpl (NetworkTopologyImpl.java:remove(137)) - Removed a node: /default-rack/2a15bd7e-7896-4db0-9e08-f7464bcd33ee
2022-02-24 16:57:14,642 [EventQueue-DeadNodeForDeadNodeHandler] INFO  node.DeadNodeHandler (DeadNodeHandler.java:onMessage(80)) - A dead datanode is detected. b07270f0-c5b1-4afe-99f3-aa5758d6ba5c{ip: 10.1.0.37, host: fv-az59-243.csjynl4pkq3e1pkirw3ssqjfoh.cx.internal.cloudapp.net, ports: [REPLICATION=41147, RATIS=45647, RATIS_ADMIN=45647, RATIS_SERVER=45647, STANDALONE=43127], networkLocation: /default-rack, certSerialId: null, persistedOpState: IN_SERVICE, persistedOpStateExpiryEpochSec: 0}
2022-02-24 16:57:14,642 [EventQueue-DeadNodeForDeadNodeHandler] INFO  pipeline.RatisPipelineProvider (RatisPipelineProvider.java:lambda$close$1(222)) - Send pipeline:PipelineID=4380a834-1b4d-4ba4-846d-bbc704ac6f1a close command to datanode b07270f0-c5b1-4afe-99f3-aa5758d6ba5c
2022-02-24 16:57:14,644 [77c6fe3f-1b7a-40d0-9616-c5318e50343e@group-52C2256152D3-StateMachineUpdater] INFO  pipeline.PipelineStateManagerImpl (PipelineStateManagerImpl.java:removePipeline(223)) - Pipeline Pipeline[ Id: 4380a834-1b4d-4ba4-846d-bbc704ac6f1a, Nodes: b07270f0-c5b1-4afe-99f3-aa5758d6ba5c{ip: 10.1.0.37, host: fv-az59-243.csjynl4pkq3e1pkirw3ssqjfoh.cx.internal.cloudapp.net, ports: [REPLICATION=41147, RATIS=45647, RATIS_ADMIN=45647, RATIS_SERVER=45647, STANDALONE=43127], networkLocation: /default-rack, certSerialId: null, persistedOpState: IN_SERVICE, persistedOpStateExpiryEpochSec: 0}, ReplicationConfig: RATIS/ONE, State:CLOSED, leaderId:b07270f0-c5b1-4afe-99f3-aa5758d6ba5c, CreationTimestamp2022-02-24T16:55:44.895Z[Etc/UTC]] removed.
2022-02-24 16:57:14,645 [EventQueue-DeadNodeForDeadNodeHandler] INFO  net.NetworkTopologyImpl (NetworkTopologyImpl.java:remove(137)) - Removed a node: /default-rack/b07270f0-c5b1-4afe-99f3-aa5758d6ba5c
2022-02-24 16:57:15,446 [EventQueue-StaleNodeForStaleNodeHandler] INFO  node.StaleNodeHandler (StaleNodeHandler.java:onMessage(58)) - Datanode 6b991a1f-9e77-4b13-a483-fcde5672bd4a{ip: 10.1.0.37, host: fv-az59-243.csjynl4pkq3e1pkirw3ssqjfoh.cx.internal.cloudapp.net, ports: [REPLICATION=34893, RATIS=38289, RATIS_ADMIN=38289, RATIS_SERVER=38289, STANDALONE=42165], networkLocation: /default-rack, certSerialId: null, persistedOpState: IN_SERVICE, persistedOpStateExpiryEpochSec: 0} moved to stale state. Finalizing its pipelines [PipelineID=f649cc5f-229f-452a-a086-c3d2367b31b3]
2022-02-24 16:57:15,449 [EventQueue-StaleNodeForStaleNodeHandler] INFO  pipeline.PipelineManagerImpl (PipelineManagerImpl.java:closePipeline(365)) - Pipeline Pipeline[ Id: f649cc5f-229f-452a-a086-c3d2367b31b3, Nodes: 6b991a1f-9e77-4b13-a483-fcde5672bd4a{ip: 10.1.0.37, host: fv-az59-243.csjynl4pkq3e1pkirw3ssqjfoh.cx.internal.cloudapp.net, ports: [REPLICATION=34893, RATIS=38289, RATIS_ADMIN=38289, RATIS_SERVER=38289, STANDALONE=42165], networkLocation: /default-rack, certSerialId: null, persistedOpState: IN_SERVICE, persistedOpStateExpiryEpochSec: 0}, ReplicationConfig: RATIS/ONE, State:OPEN, leaderId:6b991a1f-9e77-4b13-a483-fcde5672bd4a, CreationTimestamp2022-02-24T16:55:48.842Z[Etc/UTC]] moved to CLOSED state
2022-02-24 16:57:15,616 [Listener at 127.0.0.1/44987] INFO  statemachine.DatanodeStateMachine (DatanodeStateMachine.java:stopDaemon(529)) - Ozone container server stopped.
2022-02-24 16:57:15,617 [Listener at 127.0.0.1/44987] INFO  handler.ContextHandler (ContextHandler.java:doStop(1153)) - Stopped o.e.j.w.WebAppContext@c232cf8{hddsDatanode,/,null,STOPPED}{jar:file:/home/runner/.m2/repository/org/apache/ozone/hdds-container-service/1.3.0-SNAPSHOT/hdds-container-service-1.3.0-SNAPSHOT.jar!/webapps/hddsDatanode}
2022-02-24 16:57:15,628 [Listener at 127.0.0.1/44987] INFO  server.AbstractConnector (AbstractConnector.java:doStop(381)) - Stopped ServerConnector@5aa75c66{HTTP/1.1, (http/1.1)}{0.0.0.0:0}
2022-02-24 16:57:15,628 [Listener at 127.0.0.1/44987] INFO  server.session (HouseKeeper.java:stopScavenging(149)) - node0 Stopped scavenging
2022-02-24 16:57:15,628 [Listener at 127.0.0.1/44987] INFO  handler.ContextHandler (ContextHandler.java:doStop(1153)) - Stopped o.e.j.s.ServletContextHandler@2dc2777f{static,/static,jar:file:/home/runner/.m2/repository/org/apache/ozone/hdds-container-service/1.3.0-SNAPSHOT/hdds-container-service-1.3.0-SNAPSHOT.jar!/webapps/static,STOPPED}
2022-02-24 16:57:15,629 [Listener at 127.0.0.1/44987] INFO  handler.ContextHandler (ContextHandler.java:doStop(1153)) - Stopped o.e.j.s.ServletContextHandler@2aaf8b1b{logs,/logs,file:///home/runner/work/ozone/ozone/hadoop-ozone/integration-test/target/log,STOPPED}
2022-02-24 16:57:20,636 [Listener at 127.0.0.1/44987] INFO  ozoneimpl.OzoneContainer (OzoneContainer.java:stop(356)) - Attempting to stop container services.
2022-02-24 16:57:20,637 [Listener at 127.0.0.1/44987] INFO  server.RaftServer (RaftServerProxy.java:lambda$close$6(391)) - 37eb1d61-39bb-4850-ab96-a7546aa7d2af: close
2022-02-24 16:57:20,637 [Listener at 127.0.0.1/44987] INFO  server.RaftServer$Division (RaftServerImpl.java:lambda$close$4(412)) - 37eb1d61-39bb-4850-ab96-a7546aa7d2af@group-DC6257889264: shutdown
2022-02-24 16:57:20,637 [Listener at 127.0.0.1/44987] INFO  util.JmxRegister (JmxRegister.java:unregister(73)) - Successfully un-registered JMX Bean with object name Ratis:service=RaftServer,group=group-DC6257889264,id=37eb1d61-39bb-4850-ab96-a7546aa7d2af
2022-02-24 16:57:20,637 [Listener at 127.0.0.1/44987] INFO  impl.RoleInfo (RoleInfo.java:shutdownLeaderState(91)) - 37eb1d61-39bb-4850-ab96-a7546aa7d2af: shutdown 37eb1d61-39bb-4850-ab96-a7546aa7d2af@group-DC6257889264-LeaderStateImpl
2022-02-24 16:57:20,637 [Listener at 127.0.0.1/44987] INFO  impl.PendingRequests (PendingRequests.java:sendNotLeaderResponses(282)) - 37eb1d61-39bb-4850-ab96-a7546aa7d2af@group-DC6257889264-PendingRequests: sendNotLeaderResponses
2022-02-24 16:57:20,638 [Listener at 127.0.0.1/44987] INFO  impl.StateMachineUpdater (StateMachineUpdater.java:stopAndJoin(149)) - 37eb1d61-39bb-4850-ab96-a7546aa7d2af@group-DC6257889264-StateMachineUpdater: set stopIndex = 0
2022-02-24 16:57:20,638 [37eb1d61-39bb-4850-ab96-a7546aa7d2af@group-DC6257889264-StateMachineUpdater] INFO  ratis.ContainerStateMachine (ContainerStateMachine.java:takeSnapshot(304)) - group-DC6257889264: Taking a snapshot at:(t:1, i:0) file /home/runner/work/ozone/ozone/hadoop-ozone/integration-test/target/test-dir/MiniOzoneClusterImpl-a9e0dedd-d836-4895-9472-52c2256152d3/datanode-5/data/ratis/30f9a1c0-7ef4-427c-b8b2-dc6257889264/sm/snapshot.1_0
2022-02-24 16:57:20,640 [37eb1d61-39bb-4850-ab96-a7546aa7d2af@group-DC6257889264-StateMachineUpdater] INFO  ratis.ContainerStateMachine (ContainerStateMachine.java:takeSnapshot(315)) - group-DC6257889264: Finished taking a snapshot at:(t:1, i:0) file:/home/runner/work/ozone/ozone/hadoop-ozone/integration-test/target/test-dir/MiniOzoneClusterImpl-a9e0dedd-d836-4895-9472-52c2256152d3/datanode-5/data/ratis/30f9a1c0-7ef4-427c-b8b2-dc6257889264/sm/snapshot.1_0 took: 2 ms
2022-02-24 16:57:20,640 [37eb1d61-39bb-4850-ab96-a7546aa7d2af@group-DC6257889264-StateMachineUpdater] INFO  impl.StateMachineUpdater (StateMachineUpdater.java:takeSnapshot(281)) - 37eb1d61-39bb-4850-ab96-a7546aa7d2af@group-DC6257889264-StateMachineUpdater: Took a snapshot at index 0
2022-02-24 16:57:20,640 [37eb1d61-39bb-4850-ab96-a7546aa7d2af@group-DC6257889264-StateMachineUpdater] INFO  impl.StateMachineUpdater (StateMachineUpdater.java:lambda$new$0(89)) - 37eb1d61-39bb-4850-ab96-a7546aa7d2af@group-DC6257889264-StateMachineUpdater: snapshotIndex: updateIncreasingly -1 -> 0
2022-02-24 16:57:20,640 [Listener at 127.0.0.1/44987] INFO  server.RaftServer$Division (ServerState.java:close(419)) - 37eb1d61-39bb-4850-ab96-a7546aa7d2af@group-DC6257889264: closes. applyIndex: 0
2022-02-24 16:57:20,641 [37eb1d61-39bb-4850-ab96-a7546aa7d2af@group-DC6257889264-SegmentedRaftLogWorker] INFO  segmented.SegmentedRaftLogWorker (SegmentedRaftLogWorker.java:run(327)) - 37eb1d61-39bb-4850-ab96-a7546aa7d2af@group-DC6257889264-SegmentedRaftLogWorker was interrupted, exiting. There are 0 tasks remaining in the queue.
2022-02-24 16:57:20,641 [Listener at 127.0.0.1/44987] INFO  segmented.SegmentedRaftLogWorker (SegmentedRaftLogWorker.java:close(237)) - 37eb1d61-39bb-4850-ab96-a7546aa7d2af@group-DC6257889264-SegmentedRaftLogWorker close()
2022-02-24 16:57:20,641 [Listener at 127.0.0.1/44987] INFO  server.GrpcService (GrpcService.java:closeImpl(262)) - 37eb1d61-39bb-4850-ab96-a7546aa7d2af: shutdown server with port 34927 now
2022-02-24 16:57:20,667 [Listener at 127.0.0.1/44987] INFO  server.GrpcService (GrpcService.java:closeImpl(271)) - 37eb1d61-39bb-4850-ab96-a7546aa7d2af: shutdown server with port 34927 successfully
2022-02-24 16:57:20,667 [org.apache.ratis.util.JvmPauseMonitor$$Lambda$431/1797702346@5d8063bf] INFO  util.JvmPauseMonitor (JvmPauseMonitor.java:run(109)) - JvmPauseMonitor-37eb1d61-39bb-4850-ab96-a7546aa7d2af: Stopped
2022-02-24 16:57:22,742 [Listener at 127.0.0.1/44987] INFO  utils.BackgroundService (BackgroundService.java:shutdown(132)) - Shutting down service BlockDeletingService
2022-02-24 16:57:25,082 [EventQueue-StaleNodeForStaleNodeHandler] INFO  node.StaleNodeHandler (StaleNodeHandler.java:onMessage(58)) - Datanode 37eb1d61-39bb-4850-ab96-a7546aa7d2af{ip: 10.1.0.37, host: fv-az59-243.csjynl4pkq3e1pkirw3ssqjfoh.cx.internal.cloudapp.net, ports: [REPLICATION=45025, RATIS=34927, RATIS_ADMIN=34927, RATIS_SERVER=34927, STANDALONE=33481], networkLocation: /default-rack, certSerialId: null, persistedOpState: IN_SERVICE, persistedOpStateExpiryEpochSec: 0} moved to stale state. Finalizing its pipelines [PipelineID=30f9a1c0-7ef4-427c-b8b2-dc6257889264]
2022-02-24 16:57:25,087 [EventQueue-StaleNodeForStaleNodeHandler] INFO  pipeline.PipelineManagerImpl (PipelineManagerImpl.java:closePipeline(365)) - Pipeline Pipeline[ Id: 30f9a1c0-7ef4-427c-b8b2-dc6257889264, Nodes: 37eb1d61-39bb-4850-ab96-a7546aa7d2af{ip: 10.1.0.37, host: fv-az59-243.csjynl4pkq3e1pkirw3ssqjfoh.cx.internal.cloudapp.net, ports: [REPLICATION=45025, RATIS=34927, RATIS_ADMIN=34927, RATIS_SERVER=34927, STANDALONE=33481], networkLocation: /default-rack, certSerialId: null, persistedOpState: IN_SERVICE, persistedOpStateExpiryEpochSec: 0}, ReplicationConfig: RATIS/ONE, State:OPEN, leaderId:37eb1d61-39bb-4850-ab96-a7546aa7d2af, CreationTimestamp2022-02-24T16:55:48.175Z[Etc/UTC]] moved to CLOSED state
2022-02-24 16:57:25,485 [EventQueue-DeadNodeForDeadNodeHandler] INFO  node.DeadNodeHandler (DeadNodeHandler.java:onMessage(80)) - A dead datanode is detected. 6b991a1f-9e77-4b13-a483-fcde5672bd4a{ip: 10.1.0.37, host: fv-az59-243.csjynl4pkq3e1pkirw3ssqjfoh.cx.internal.cloudapp.net, ports: [REPLICATION=34893, RATIS=38289, RATIS_ADMIN=38289, RATIS_SERVER=38289, STANDALONE=42165], networkLocation: /default-rack, certSerialId: null, persistedOpState: IN_SERVICE, persistedOpStateExpiryEpochSec: 0}
2022-02-24 16:57:25,485 [EventQueue-DeadNodeForDeadNodeHandler] INFO  pipeline.RatisPipelineProvider (RatisPipelineProvider.java:lambda$close$1(222)) - Send pipeline:PipelineID=f649cc5f-229f-452a-a086-c3d2367b31b3 close command to datanode 6b991a1f-9e77-4b13-a483-fcde5672bd4a
2022-02-24 16:57:25,490 [77c6fe3f-1b7a-40d0-9616-c5318e50343e@group-52C2256152D3-StateMachineUpdater] INFO  pipeline.PipelineStateManagerImpl (PipelineStateManagerImpl.java:removePipeline(223)) - Pipeline Pipeline[ Id: f649cc5f-229f-452a-a086-c3d2367b31b3, Nodes: 6b991a1f-9e77-4b13-a483-fcde5672bd4a{ip: 10.1.0.37, host: fv-az59-243.csjynl4pkq3e1pkirw3ssqjfoh.cx.internal.cloudapp.net, ports: [REPLICATION=34893, RATIS=38289, RATIS_ADMIN=38289, RATIS_SERVER=38289, STANDALONE=42165], networkLocation: /default-rack, certSerialId: null, persistedOpState: IN_SERVICE, persistedOpStateExpiryEpochSec: 0}, ReplicationConfig: RATIS/ONE, State:CLOSED, leaderId:6b991a1f-9e77-4b13-a483-fcde5672bd4a, CreationTimestamp2022-02-24T16:55:48.842Z[Etc/UTC]] removed.
2022-02-24 16:57:25,491 [EventQueue-DeadNodeForDeadNodeHandler] INFO  net.NetworkTopologyImpl (NetworkTopologyImpl.java:remove(137)) - Removed a node: /default-rack/6b991a1f-9e77-4b13-a483-fcde5672bd4a
2022-02-24 16:57:25,824 [Listener at 127.0.0.1/44987] INFO  statemachine.DatanodeStateMachine (DatanodeStateMachine.java:stopDaemon(529)) - Ozone container server stopped.
2022-02-24 16:57:25,825 [Listener at 127.0.0.1/44987] INFO  handler.ContextHandler (ContextHandler.java:doStop(1153)) - Stopped o.e.j.w.WebAppContext@26d96f7f{hddsDatanode,/,null,STOPPED}{jar:file:/home/runner/.m2/repository/org/apache/ozone/hdds-container-service/1.3.0-SNAPSHOT/hdds-container-service-1.3.0-SNAPSHOT.jar!/webapps/hddsDatanode}
2022-02-24 16:57:25,847 [Listener at 127.0.0.1/44987] INFO  server.AbstractConnector (AbstractConnector.java:doStop(381)) - Stopped ServerConnector@b17dc6b{HTTP/1.1, (http/1.1)}{0.0.0.0:0}
2022-02-24 16:57:25,847 [Listener at 127.0.0.1/44987] INFO  server.session (HouseKeeper.java:stopScavenging(149)) - node0 Stopped scavenging
2022-02-24 16:57:25,847 [Listener at 127.0.0.1/44987] INFO  handler.ContextHandler (ContextHandler.java:doStop(1153)) - Stopped o.e.j.s.ServletContextHandler@278f42c5{static,/static,jar:file:/home/runner/.m2/repository/org/apache/ozone/hdds-container-service/1.3.0-SNAPSHOT/hdds-container-service-1.3.0-SNAPSHOT.jar!/webapps/static,STOPPED}
2022-02-24 16:57:25,847 [Listener at 127.0.0.1/44987] INFO  handler.ContextHandler (ContextHandler.java:doStop(1153)) - Stopped o.e.j.s.ServletContextHandler@68ed395a{logs,/logs,file:///home/runner/work/ozone/ozone/hadoop-ozone/integration-test/target/log,STOPPED}
2022-02-24 16:57:30,852 [Listener at 127.0.0.1/44987] INFO  ozoneimpl.OzoneContainer (OzoneContainer.java:stop(356)) - Attempting to stop container services.
2022-02-24 16:57:30,852 [Listener at 127.0.0.1/44987] INFO  server.RaftServer (RaftServerProxy.java:lambda$close$6(391)) - 2ccab0b5-4479-416a-9931-5373164cc31d: close
2022-02-24 16:57:30,852 [Listener at 127.0.0.1/44987] INFO  server.RaftServer$Division (RaftServerImpl.java:lambda$close$4(412)) - 2ccab0b5-4479-416a-9931-5373164cc31d@group-BB03F3D9DF88: shutdown
2022-02-24 16:57:30,853 [Listener at 127.0.0.1/44987] INFO  util.JmxRegister (JmxRegister.java:unregister(73)) - Successfully un-registered JMX Bean with object name Ratis:service=RaftServer,group=group-BB03F3D9DF88,id=2ccab0b5-4479-416a-9931-5373164cc31d
2022-02-24 16:57:30,853 [Listener at 127.0.0.1/44987] INFO  impl.RoleInfo (RoleInfo.java:shutdownLeaderState(91)) - 2ccab0b5-4479-416a-9931-5373164cc31d: shutdown 2ccab0b5-4479-416a-9931-5373164cc31d@group-BB03F3D9DF88-LeaderStateImpl
2022-02-24 16:57:30,853 [Listener at 127.0.0.1/44987] INFO  impl.PendingRequests (PendingRequests.java:sendNotLeaderResponses(282)) - 2ccab0b5-4479-416a-9931-5373164cc31d@group-BB03F3D9DF88-PendingRequests: sendNotLeaderResponses
2022-02-24 16:57:30,854 [Listener at 127.0.0.1/44987] INFO  impl.StateMachineUpdater (StateMachineUpdater.java:stopAndJoin(149)) - 2ccab0b5-4479-416a-9931-5373164cc31d@group-BB03F3D9DF88-StateMachineUpdater: set stopIndex = 0
2022-02-24 16:57:30,854 [2ccab0b5-4479-416a-9931-5373164cc31d@group-BB03F3D9DF88-StateMachineUpdater] INFO  ratis.ContainerStateMachine (ContainerStateMachine.java:takeSnapshot(304)) - group-BB03F3D9DF88: Taking a snapshot at:(t:1, i:0) file /home/runner/work/ozone/ozone/hadoop-ozone/integration-test/target/test-dir/MiniOzoneClusterImpl-a9e0dedd-d836-4895-9472-52c2256152d3/datanode-3/data/ratis/71d6a2a9-1101-4293-8e60-bb03f3d9df88/sm/snapshot.1_0
2022-02-24 16:57:30,855 [2ccab0b5-4479-416a-9931-5373164cc31d@group-BB03F3D9DF88-StateMachineUpdater] INFO  ratis.ContainerStateMachine (ContainerStateMachine.java:takeSnapshot(315)) - group-BB03F3D9DF88: Finished taking a snapshot at:(t:1, i:0) file:/home/runner/work/ozone/ozone/hadoop-ozone/integration-test/target/test-dir/MiniOzoneClusterImpl-a9e0dedd-d836-4895-9472-52c2256152d3/datanode-3/data/ratis/71d6a2a9-1101-4293-8e60-bb03f3d9df88/sm/snapshot.1_0 took: 1 ms
2022-02-24 16:57:30,855 [2ccab0b5-4479-416a-9931-5373164cc31d@group-BB03F3D9DF88-StateMachineUpdater] INFO  impl.StateMachineUpdater (StateMachineUpdater.java:takeSnapshot(281)) - 2ccab0b5-4479-416a-9931-5373164cc31d@group-BB03F3D9DF88-StateMachineUpdater: Took a snapshot at index 0
2022-02-24 16:57:30,855 [2ccab0b5-4479-416a-9931-5373164cc31d@group-BB03F3D9DF88-StateMachineUpdater] INFO  impl.StateMachineUpdater (StateMachineUpdater.java:lambda$new$0(89)) - 2ccab0b5-4479-416a-9931-5373164cc31d@group-BB03F3D9DF88-StateMachineUpdater: snapshotIndex: updateIncreasingly -1 -> 0
2022-02-24 16:57:30,861 [Listener at 127.0.0.1/44987] INFO  server.RaftServer$Division (ServerState.java:close(419)) - 2ccab0b5-4479-416a-9931-5373164cc31d@group-BB03F3D9DF88: closes. applyIndex: 0
2022-02-24 16:57:30,861 [2ccab0b5-4479-416a-9931-5373164cc31d@group-BB03F3D9DF88-SegmentedRaftLogWorker] INFO  segmented.SegmentedRaftLogWorker (SegmentedRaftLogWorker.java:run(327)) - 2ccab0b5-4479-416a-9931-5373164cc31d@group-BB03F3D9DF88-SegmentedRaftLogWorker was interrupted, exiting. There are 0 tasks remaining in the queue.
2022-02-24 16:57:30,862 [Listener at 127.0.0.1/44987] INFO  segmented.SegmentedRaftLogWorker (SegmentedRaftLogWorker.java:close(237)) - 2ccab0b5-4479-416a-9931-5373164cc31d@group-BB03F3D9DF88-SegmentedRaftLogWorker close()
2022-02-24 16:57:30,863 [Listener at 127.0.0.1/44987] INFO  server.GrpcService (GrpcService.java:closeImpl(262)) - 2ccab0b5-4479-416a-9931-5373164cc31d: shutdown server with port 41069 now
2022-02-24 16:57:30,884 [Listener at 127.0.0.1/44987] INFO  server.GrpcService (GrpcService.java:closeImpl(271)) - 2ccab0b5-4479-416a-9931-5373164cc31d: shutdown server with port 41069 successfully
2022-02-24 16:57:30,884 [org.apache.ratis.util.JvmPauseMonitor$$Lambda$431/1797702346@514b248f] INFO  util.JvmPauseMonitor (JvmPauseMonitor.java:run(109)) - JvmPauseMonitor-2ccab0b5-4479-416a-9931-5373164cc31d: Stopped
2022-02-24 16:57:32,919 [Listener at 127.0.0.1/44987] INFO  utils.BackgroundService (BackgroundService.java:shutdown(132)) - Shutting down service BlockDeletingService
2022-02-24 16:57:35,060 [EventQueue-DeadNodeForDeadNodeHandler] INFO  node.DeadNodeHandler (DeadNodeHandler.java:onMessage(80)) - A dead datanode is detected. 37eb1d61-39bb-4850-ab96-a7546aa7d2af{ip: 10.1.0.37, host: fv-az59-243.csjynl4pkq3e1pkirw3ssqjfoh.cx.internal.cloudapp.net, ports: [REPLICATION=45025, RATIS=34927, RATIS_ADMIN=34927, RATIS_SERVER=34927, STANDALONE=33481], networkLocation: /default-rack, certSerialId: null, persistedOpState: IN_SERVICE, persistedOpStateExpiryEpochSec: 0}
2022-02-24 16:57:35,060 [EventQueue-DeadNodeForDeadNodeHandler] INFO  pipeline.RatisPipelineProvider (RatisPipelineProvider.java:lambda$close$1(222)) - Send pipeline:PipelineID=30f9a1c0-7ef4-427c-b8b2-dc6257889264 close command to datanode 37eb1d61-39bb-4850-ab96-a7546aa7d2af
2022-02-24 16:57:35,061 [EventQueue-StaleNodeForStaleNodeHandler] INFO  node.StaleNodeHandler (StaleNodeHandler.java:onMessage(58)) - Datanode 2ccab0b5-4479-416a-9931-5373164cc31d{ip: 10.1.0.37, host: fv-az59-243.csjynl4pkq3e1pkirw3ssqjfoh.cx.internal.cloudapp.net, ports: [REPLICATION=38827, RATIS=41069, RATIS_ADMIN=41069, RATIS_SERVER=41069, STANDALONE=35309], networkLocation: /default-rack, certSerialId: null, persistedOpState: IN_SERVICE, persistedOpStateExpiryEpochSec: 0} moved to stale state. Finalizing its pipelines [PipelineID=71d6a2a9-1101-4293-8e60-bb03f3d9df88]
2022-02-24 16:57:35,063 [77c6fe3f-1b7a-40d0-9616-c5318e50343e@group-52C2256152D3-StateMachineUpdater] INFO  pipeline.PipelineStateManagerImpl (PipelineStateManagerImpl.java:removePipeline(223)) - Pipeline Pipeline[ Id: 30f9a1c0-7ef4-427c-b8b2-dc6257889264, Nodes: 37eb1d61-39bb-4850-ab96-a7546aa7d2af{ip: 10.1.0.37, host: fv-az59-243.csjynl4pkq3e1pkirw3ssqjfoh.cx.internal.cloudapp.net, ports: [REPLICATION=45025, RATIS=34927, RATIS_ADMIN=34927, RATIS_SERVER=34927, STANDALONE=33481], networkLocation: /default-rack, certSerialId: null, persistedOpState: IN_SERVICE, persistedOpStateExpiryEpochSec: 0}, ReplicationConfig: RATIS/ONE, State:CLOSED, leaderId:37eb1d61-39bb-4850-ab96-a7546aa7d2af, CreationTimestamp2022-02-24T16:55:48.175Z[Etc/UTC]] removed.
2022-02-24 16:57:35,064 [EventQueue-StaleNodeForStaleNodeHandler] INFO  pipeline.PipelineManagerImpl (PipelineManagerImpl.java:closeContainersForPipeline(344)) - Container #3 closed for pipeline=PipelineID=71d6a2a9-1101-4293-8e60-bb03f3d9df88
2022-02-24 16:57:35,064 [EventQueue-DeadNodeForDeadNodeHandler] INFO  net.NetworkTopologyImpl (NetworkTopologyImpl.java:remove(137)) - Removed a node: /default-rack/37eb1d61-39bb-4850-ab96-a7546aa7d2af
2022-02-24 16:57:35,067 [EventQueue-StaleNodeForStaleNodeHandler] INFO  pipeline.PipelineManagerImpl (PipelineManagerImpl.java:closePipeline(365)) - Pipeline Pipeline[ Id: 71d6a2a9-1101-4293-8e60-bb03f3d9df88, Nodes: 2ccab0b5-4479-416a-9931-5373164cc31d{ip: 10.1.0.37, host: fv-az59-243.csjynl4pkq3e1pkirw3ssqjfoh.cx.internal.cloudapp.net, ports: [REPLICATION=38827, RATIS=41069, RATIS_ADMIN=41069, RATIS_SERVER=41069, STANDALONE=35309], networkLocation: /default-rack, certSerialId: null, persistedOpState: IN_SERVICE, persistedOpStateExpiryEpochSec: 0}, ReplicationConfig: RATIS/ONE, State:OPEN, leaderId:2ccab0b5-4479-416a-9931-5373164cc31d, CreationTimestamp2022-02-24T16:55:46.957Z[Etc/UTC]] moved to CLOSED state
2022-02-24 16:57:35,071 [EventQueue-CloseContainerForCloseContainerEventHandler] INFO  container.CloseContainerEventHandler (CloseContainerEventHandler.java:onMessage(69)) - Close container Event triggered for container : #3
2022-02-24 16:57:35,948 [Listener at 127.0.0.1/44987] INFO  statemachine.DatanodeStateMachine (DatanodeStateMachine.java:stopDaemon(529)) - Ozone container server stopped.
2022-02-24 16:57:35,949 [Listener at 127.0.0.1/44987] INFO  handler.ContextHandler (ContextHandler.java:doStop(1153)) - Stopped o.e.j.w.WebAppContext@b5cc878{hddsDatanode,/,null,STOPPED}{jar:file:/home/runner/.m2/repository/org/apache/ozone/hdds-container-service/1.3.0-SNAPSHOT/hdds-container-service-1.3.0-SNAPSHOT.jar!/webapps/hddsDatanode}
2022-02-24 16:57:35,951 [Listener at 127.0.0.1/44987] INFO  server.AbstractConnector (AbstractConnector.java:doStop(381)) - Stopped ServerConnector@4cd411c5{HTTP/1.1, (http/1.1)}{0.0.0.0:0}
2022-02-24 16:57:35,951 [Listener at 127.0.0.1/44987] INFO  server.session (HouseKeeper.java:stopScavenging(149)) - node0 Stopped scavenging
2022-02-24 16:57:35,951 [Listener at 127.0.0.1/44987] INFO  handler.ContextHandler (ContextHandler.java:doStop(1153)) - Stopped o.e.j.s.ServletContextHandler@2dbb82df{static,/static,jar:file:/home/runner/.m2/repository/org/apache/ozone/hdds-container-service/1.3.0-SNAPSHOT/hdds-container-service-1.3.0-SNAPSHOT.jar!/webapps/static,STOPPED}
2022-02-24 16:57:35,951 [Listener at 127.0.0.1/44987] INFO  handler.ContextHandler (ContextHandler.java:doStop(1153)) - Stopped o.e.j.s.ServletContextHandler@3de1088d{logs,/logs,file:///home/runner/work/ozone/ozone/hadoop-ozone/integration-test/target/log,STOPPED}
2022-02-24 16:57:45,043 [EventQueue-DeadNodeForDeadNodeHandler] INFO  node.DeadNodeHandler (DeadNodeHandler.java:onMessage(80)) - A dead datanode is detected. 2ccab0b5-4479-416a-9931-5373164cc31d{ip: 10.1.0.37, host: fv-az59-243.csjynl4pkq3e1pkirw3ssqjfoh.cx.internal.cloudapp.net, ports: [REPLICATION=38827, RATIS=41069, RATIS_ADMIN=41069, RATIS_SERVER=41069, STANDALONE=35309], networkLocation: /default-rack, certSerialId: null, persistedOpState: IN_SERVICE, persistedOpStateExpiryEpochSec: 0}
2022-02-24 16:57:45,043 [EventQueue-DeadNodeForDeadNodeHandler] INFO  pipeline.RatisPipelineProvider (RatisPipelineProvider.java:lambda$close$1(222)) - Send pipeline:PipelineID=71d6a2a9-1101-4293-8e60-bb03f3d9df88 close command to datanode 2ccab0b5-4479-416a-9931-5373164cc31d
2022-02-24 16:57:45,045 [77c6fe3f-1b7a-40d0-9616-c5318e50343e@group-52C2256152D3-StateMachineUpdater] INFO  pipeline.PipelineStateManagerImpl (PipelineStateManagerImpl.java:removePipeline(223)) - Pipeline Pipeline[ Id: 71d6a2a9-1101-4293-8e60-bb03f3d9df88, Nodes: 2ccab0b5-4479-416a-9931-5373164cc31d{ip: 10.1.0.37, host: fv-az59-243.csjynl4pkq3e1pkirw3ssqjfoh.cx.internal.cloudapp.net, ports: [REPLICATION=38827, RATIS=41069, RATIS_ADMIN=41069, RATIS_SERVER=41069, STANDALONE=35309], networkLocation: /default-rack, certSerialId: null, persistedOpState: IN_SERVICE, persistedOpStateExpiryEpochSec: 0}, ReplicationConfig: RATIS/ONE, State:CLOSED, leaderId:2ccab0b5-4479-416a-9931-5373164cc31d, CreationTimestamp2022-02-24T16:55:46.957Z[Etc/UTC]] removed.
2022-02-24 16:57:45,045 [EventQueue-DeadNodeForDeadNodeHandler] INFO  net.NetworkTopologyImpl (NetworkTopologyImpl.java:remove(137)) - Removed a node: /default-rack/2ccab0b5-4479-416a-9931-5373164cc31d
2022-02-24 16:58:43,284 [RatisPipelineUtilsThread - 0] ERROR scm.SCMCommonPlacementPolicy (SCMCommonPlacementPolicy.java:filterNodesWithSpace(171)) - Unable to find enough nodes that meet the space requirement of 1073741824 bytes for metadata and 5368709120 bytes for data in healthy node set. Required 3. Found 0.
]]></system-out>
    <system-err><![CDATA[Feb 24, 2022 4:56:22 PM org.apache.ratis.thirdparty.io.grpc.internal.ManagedChannelOrphanWrapper$ManagedChannelReference cleanQueue
SEVERE: *~*~*~ Channel ManagedChannelImpl{logId=339, target=10.1.0.37:39095} was not shutdown properly!!! ~*~*~*
    Make sure to call shutdown()/shutdownNow() and wait until awaitTermination() returns true.
java.lang.RuntimeException: ManagedChannel allocation site
	at org.apache.ratis.thirdparty.io.grpc.internal.ManagedChannelOrphanWrapper$ManagedChannelReference.<init>(ManagedChannelOrphanWrapper.java:93)
	at org.apache.ratis.thirdparty.io.grpc.internal.ManagedChannelOrphanWrapper.<init>(ManagedChannelOrphanWrapper.java:53)
	at org.apache.ratis.thirdparty.io.grpc.internal.ManagedChannelOrphanWrapper.<init>(ManagedChannelOrphanWrapper.java:44)
	at org.apache.ratis.thirdparty.io.grpc.internal.ManagedChannelImplBuilder.build(ManagedChannelImplBuilder.java:596)
	at org.apache.ratis.thirdparty.io.grpc.ForwardingChannelBuilder.build(ForwardingChannelBuilder.java:255)
	at org.apache.hadoop.hdds.scm.XceiverClientGrpc.connectToDatanode(XceiverClientGrpc.java:195)
	at org.apache.hadoop.hdds.scm.XceiverClientGrpc.reconnect(XceiverClientGrpc.java:559)
	at org.apache.hadoop.hdds.scm.XceiverClientGrpc.checkOpen(XceiverClientGrpc.java:550)
	at org.apache.hadoop.hdds.scm.XceiverClientGrpc.sendCommandAsync(XceiverClientGrpc.java:477)
	at org.apache.hadoop.hdds.scm.XceiverClientGrpc.sendCommandWithRetry(XceiverClientGrpc.java:380)
	at org.apache.hadoop.hdds.scm.XceiverClientGrpc.lambda$sendCommandWithTraceIDAndRetry$0(XceiverClientGrpc.java:319)
	at org.apache.hadoop.hdds.tracing.TracingUtil.executeInSpan(TracingUtil.java:174)
	at org.apache.hadoop.hdds.tracing.TracingUtil.executeInNewSpan(TracingUtil.java:148)
	at org.apache.hadoop.hdds.scm.XceiverClientGrpc.sendCommandWithTraceIDAndRetry(XceiverClientGrpc.java:313)
	at org.apache.hadoop.hdds.scm.XceiverClientGrpc.sendCommand(XceiverClientGrpc.java:294)
	at org.apache.hadoop.hdds.scm.storage.ContainerProtocolCalls.getBlock(ContainerProtocolCalls.java:105)
	at org.apache.hadoop.hdds.scm.storage.BlockInputStream.getChunkInfos(BlockInputStream.java:241)
	at org.apache.hadoop.hdds.scm.storage.BlockInputStream.initialize(BlockInputStream.java:153)
	at org.apache.hadoop.hdds.scm.storage.BlockInputStream.readWithStrategy(BlockInputStream.java:314)
	at org.apache.hadoop.hdds.scm.storage.BlockInputStream.read(BlockInputStream.java:297)
	at org.apache.hadoop.hdds.scm.storage.ByteArrayReader.readFromBlock(ByteArrayReader.java:57)
	at org.apache.hadoop.ozone.client.io.KeyInputStream.readWithStrategy(KeyInputStream.java:262)
	at org.apache.hadoop.ozone.client.io.KeyInputStream.read(KeyInputStream.java:230)
	at org.apache.hadoop.ozone.client.io.OzoneInputStream.read(OzoneInputStream.java:56)
	at java.io.InputStream.read(InputStream.java:101)
	at org.apache.hadoop.ozone.container.TestHelper.validateData(TestHelper.java:155)
	at org.apache.hadoop.ozone.client.rpc.TestBlockOutputStreamWithFailuresFlushDelay.validateData(TestBlockOutputStreamWithFailuresFlushDelay.java:876)
	at org.apache.hadoop.ozone.client.rpc.TestBlockOutputStreamWithFailuresFlushDelay.test2DatanodesFailure(TestBlockOutputStreamWithFailuresFlushDelay.java:450)
	at sun.reflect.NativeMethodAccessorImpl.invoke0(Native Method)
	at sun.reflect.NativeMethodAccessorImpl.invoke(NativeMethodAccessorImpl.java:62)
	at sun.reflect.DelegatingMethodAccessorImpl.invoke(DelegatingMethodAccessorImpl.java:43)
	at java.lang.reflect.Method.invoke(Method.java:498)
	at org.junit.runners.model.FrameworkMethod$1.runReflectiveCall(FrameworkMethod.java:59)
	at org.junit.internal.runners.model.ReflectiveCallable.run(ReflectiveCallable.java:12)
	at org.junit.runners.model.FrameworkMethod.invokeExplosively(FrameworkMethod.java:56)
	at org.junit.internal.runners.statements.InvokeMethod.evaluate(InvokeMethod.java:17)
	at org.junit.internal.runners.statements.RunBefores.evaluate(RunBefores.java:26)
	at org.junit.internal.runners.statements.RunAfters.evaluate(RunAfters.java:27)
	at org.junit.internal.runners.statements.FailOnTimeout$CallableStatement.call(FailOnTimeout.java:288)
	at org.junit.internal.runners.statements.FailOnTimeout$CallableStatement.call(FailOnTimeout.java:282)
	at java.util.concurrent.FutureTask.run(FutureTask.java:266)
	at java.lang.Thread.run(Thread.java:750)

Feb 24, 2022 4:56:22 PM org.apache.ratis.thirdparty.io.grpc.internal.ManagedChannelOrphanWrapper$ManagedChannelReference cleanQueue
SEVERE: *~*~*~ Channel ManagedChannelImpl{logId=335, target=10.1.0.37:43821} was not shutdown properly!!! ~*~*~*
    Make sure to call shutdown()/shutdownNow() and wait until awaitTermination() returns true.
java.lang.RuntimeException: ManagedChannel allocation site
	at org.apache.ratis.thirdparty.io.grpc.internal.ManagedChannelOrphanWrapper$ManagedChannelReference.<init>(ManagedChannelOrphanWrapper.java:93)
	at org.apache.ratis.thirdparty.io.grpc.internal.ManagedChannelOrphanWrapper.<init>(ManagedChannelOrphanWrapper.java:53)
	at org.apache.ratis.thirdparty.io.grpc.internal.ManagedChannelOrphanWrapper.<init>(ManagedChannelOrphanWrapper.java:44)
	at org.apache.ratis.thirdparty.io.grpc.internal.ManagedChannelImplBuilder.build(ManagedChannelImplBuilder.java:596)
	at org.apache.ratis.thirdparty.io.grpc.ForwardingChannelBuilder.build(ForwardingChannelBuilder.java:255)
	at org.apache.hadoop.hdds.scm.XceiverClientGrpc.connectToDatanode(XceiverClientGrpc.java:195)
	at org.apache.hadoop.hdds.scm.XceiverClientGrpc.connect(XceiverClientGrpc.java:144)
	at org.apache.hadoop.hdds.scm.XceiverClientManager$2.call(XceiverClientManager.java:237)
	at org.apache.hadoop.hdds.scm.XceiverClientManager$2.call(XceiverClientManager.java:221)
	at com.google.common.cache.LocalCache$LocalManualCache$1.load(LocalCache.java:4864)
	at com.google.common.cache.LocalCache$LoadingValueReference.loadFuture(LocalCache.java:3529)
	at com.google.common.cache.LocalCache$Segment.loadSync(LocalCache.java:2278)
	at com.google.common.cache.LocalCache$Segment.lockedGetOrLoad(LocalCache.java:2155)
	at com.google.common.cache.LocalCache$Segment.get(LocalCache.java:2045)
	at com.google.common.cache.LocalCache.get(LocalCache.java:3962)
	at com.google.common.cache.LocalCache$LocalManualCache.get(LocalCache.java:4859)
	at org.apache.hadoop.hdds.scm.XceiverClientManager.getClient(XceiverClientManager.java:221)
	at org.apache.hadoop.hdds.scm.XceiverClientManager.acquireClient(XceiverClientManager.java:165)
	at org.apache.hadoop.hdds.scm.XceiverClientManager.acquireClientForReadData(XceiverClientManager.java:154)
	at org.apache.hadoop.hdds.scm.storage.BlockInputStream.acquireClient(BlockInputStream.java:255)
	at org.apache.hadoop.hdds.scm.storage.BlockInputStream.getChunkInfos(BlockInputStream.java:229)
	at org.apache.hadoop.hdds.scm.storage.BlockInputStream.initialize(BlockInputStream.java:153)
	at org.apache.hadoop.hdds.scm.storage.BlockInputStream.readWithStrategy(BlockInputStream.java:314)
	at org.apache.hadoop.hdds.scm.storage.BlockInputStream.read(BlockInputStream.java:297)
	at org.apache.hadoop.hdds.scm.storage.ByteArrayReader.readFromBlock(ByteArrayReader.java:57)
	at org.apache.hadoop.ozone.client.io.KeyInputStream.readWithStrategy(KeyInputStream.java:262)
	at org.apache.hadoop.ozone.client.io.KeyInputStream.read(KeyInputStream.java:230)
	at org.apache.hadoop.ozone.client.io.OzoneInputStream.read(OzoneInputStream.java:56)
	at java.io.InputStream.read(InputStream.java:101)
	at org.apache.hadoop.ozone.container.TestHelper.validateData(TestHelper.java:155)
	at org.apache.hadoop.ozone.client.rpc.TestBlockOutputStreamWithFailuresFlushDelay.validateData(TestBlockOutputStreamWithFailuresFlushDelay.java:876)
	at org.apache.hadoop.ozone.client.rpc.TestBlockOutputStreamWithFailuresFlushDelay.test2DatanodesFailure(TestBlockOutputStreamWithFailuresFlushDelay.java:450)
	at sun.reflect.NativeMethodAccessorImpl.invoke0(Native Method)
	at sun.reflect.NativeMethodAccessorImpl.invoke(NativeMethodAccessorImpl.java:62)
	at sun.reflect.DelegatingMethodAccessorImpl.invoke(DelegatingMethodAccessorImpl.java:43)
	at java.lang.reflect.Method.invoke(Method.java:498)
	at org.junit.runners.model.FrameworkMethod$1.runReflectiveCall(FrameworkMethod.java:59)
	at org.junit.internal.runners.model.ReflectiveCallable.run(ReflectiveCallable.java:12)
	at org.junit.runners.model.FrameworkMethod.invokeExplosively(FrameworkMethod.java:56)
	at org.junit.internal.runners.statements.InvokeMethod.evaluate(InvokeMethod.java:17)
	at org.junit.internal.runners.statements.RunBefores.evaluate(RunBefores.java:26)
	at org.junit.internal.runners.statements.RunAfters.evaluate(RunAfters.java:27)
	at org.junit.internal.runners.statements.FailOnTimeout$CallableStatement.call(FailOnTimeout.java:288)
	at org.junit.internal.runners.statements.FailOnTimeout$CallableStatement.call(FailOnTimeout.java:282)
	at java.util.concurrent.FutureTask.run(FutureTask.java:266)
	at java.lang.Thread.run(Thread.java:750)

Feb 24, 2022 4:56:22 PM org.apache.ratis.thirdparty.io.grpc.internal.ManagedChannelOrphanWrapper$ManagedChannelReference cleanQueue
SEVERE: *~*~*~ Channel ManagedChannelImpl{logId=330, target=10.1.0.37:46115} was not shutdown properly!!! ~*~*~*
    Make sure to call shutdown()/shutdownNow() and wait until awaitTermination() returns true.
java.lang.RuntimeException: ManagedChannel allocation site
	at org.apache.ratis.thirdparty.io.grpc.internal.ManagedChannelOrphanWrapper$ManagedChannelReference.<init>(ManagedChannelOrphanWrapper.java:93)
	at org.apache.ratis.thirdparty.io.grpc.internal.ManagedChannelOrphanWrapper.<init>(ManagedChannelOrphanWrapper.java:53)
	at org.apache.ratis.thirdparty.io.grpc.internal.ManagedChannelOrphanWrapper.<init>(ManagedChannelOrphanWrapper.java:44)
	at org.apache.ratis.thirdparty.io.grpc.internal.ManagedChannelImplBuilder.build(ManagedChannelImplBuilder.java:596)
	at org.apache.ratis.thirdparty.io.grpc.ForwardingChannelBuilder.build(ForwardingChannelBuilder.java:255)
	at org.apache.ratis.grpc.client.GrpcClientProtocolClient.buildChannel(GrpcClientProtocolClient.java:159)
	at org.apache.ratis.grpc.client.GrpcClientProtocolClient.<init>(GrpcClientProtocolClient.java:111)
	at org.apache.ratis.grpc.client.GrpcClientRpc.lambda$new$0(GrpcClientRpc.java:57)
	at org.apache.ratis.util.PeerProxyMap$PeerAndProxy.lambda$getProxy$0(PeerProxyMap.java:63)
	at org.apache.ratis.util.LifeCycle.startAndTransition(LifeCycle.java:270)
	at org.apache.ratis.util.PeerProxyMap$PeerAndProxy.getProxy(PeerProxyMap.java:62)
	at org.apache.ratis.util.PeerProxyMap.getProxy(PeerProxyMap.java:114)
	at org.apache.ratis.grpc.client.GrpcClientRpc.sendRequestAsync(GrpcClientRpc.java:67)
	at org.apache.ratis.client.impl.OrderedAsync.sendRequest(OrderedAsync.java:236)
	at org.apache.ratis.client.impl.OrderedAsync.sendRequestWithRetry(OrderedAsync.java:189)
	at org.apache.ratis.util.SlidingWindow$Client.sendOrDelayRequest(SlidingWindow.java:280)
	at org.apache.ratis.util.SlidingWindow$Client.submitNewRequest(SlidingWindow.java:259)
	at org.apache.ratis.client.impl.OrderedAsync.send(OrderedAsync.java:170)
	at org.apache.ratis.client.impl.OrderedAsync.newInstance(OrderedAsync.java:118)
	at org.apache.ratis.client.impl.RaftClientImpl.lambda$new$0(RaftClientImpl.java:162)
	at org.apache.ratis.util.MemoizedSupplier.get(MemoizedSupplier.java:62)
	at org.apache.ratis.client.impl.RaftClientImpl.getOrderedAsync(RaftClientImpl.java:215)
	at org.apache.ratis.client.impl.AsyncImpl.send(AsyncImpl.java:41)
	at org.apache.ratis.client.impl.AsyncImpl.send(AsyncImpl.java:46)
	at org.apache.hadoop.hdds.scm.XceiverClientRatis.lambda$sendRequestAsync$3(XceiverClientRatis.java:225)
	at org.apache.hadoop.hdds.tracing.TracingUtil.executeInNewSpan(TracingUtil.java:159)
	at org.apache.hadoop.hdds.scm.XceiverClientRatis.sendRequestAsync(XceiverClientRatis.java:210)
	at org.apache.hadoop.hdds.scm.XceiverClientRatis.sendCommandAsync(XceiverClientRatis.java:306)
	at org.apache.hadoop.hdds.scm.storage.ContainerProtocolCalls.writeChunkAsync(ContainerProtocolCalls.java:300)
	at org.apache.hadoop.hdds.scm.storage.BlockOutputStream.writeChunkToContainer(BlockOutputStream.java:666)
	at org.apache.hadoop.hdds.scm.storage.BlockOutputStream.writeChunk(BlockOutputStream.java:506)
	at org.apache.hadoop.hdds.scm.storage.BlockOutputStream.writeOnRetry(BlockOutputStream.java:306)
	at org.apache.hadoop.ozone.client.io.BlockOutputStreamEntry.writeOnRetry(BlockOutputStreamEntry.java:123)
	at org.apache.hadoop.ozone.client.io.KeyOutputStream.writeToOutputStream(KeyOutputStream.java:253)
	at org.apache.hadoop.ozone.client.io.KeyOutputStream.handleWrite(KeyOutputStream.java:233)
	at org.apache.hadoop.ozone.client.io.KeyOutputStream.handleRetry(KeyOutputStream.java:415)
	at org.apache.hadoop.ozone.client.io.KeyOutputStream.handleException(KeyOutputStream.java:360)
	at org.apache.hadoop.ozone.client.io.KeyOutputStream.handleFlushOrClose(KeyOutputStream.java:471)
	at org.apache.hadoop.ozone.client.io.KeyOutputStream.handleWrite(KeyOutputStream.java:237)
	at org.apache.hadoop.ozone.client.io.KeyOutputStream.write(KeyOutputStream.java:213)
	at org.apache.hadoop.ozone.client.io.OzoneOutputStream.write(OzoneOutputStream.java:50)
	at java.io.OutputStream.write(OutputStream.java:75)
	at org.apache.hadoop.ozone.client.rpc.TestBlockOutputStreamWithFailuresFlushDelay.test2DatanodesFailure(TestBlockOutputStreamWithFailuresFlushDelay.java:416)
	at sun.reflect.NativeMethodAccessorImpl.invoke0(Native Method)
	at sun.reflect.NativeMethodAccessorImpl.invoke(NativeMethodAccessorImpl.java:62)
	at sun.reflect.DelegatingMethodAccessorImpl.invoke(DelegatingMethodAccessorImpl.java:43)
	at java.lang.reflect.Method.invoke(Method.java:498)
	at org.junit.runners.model.FrameworkMethod$1.runReflectiveCall(FrameworkMethod.java:59)
	at org.junit.internal.runners.model.ReflectiveCallable.run(ReflectiveCallable.java:12)
	at org.junit.runners.model.FrameworkMethod.invokeExplosively(FrameworkMethod.java:56)
	at org.junit.internal.runners.statements.InvokeMethod.evaluate(InvokeMethod.java:17)
	at org.junit.internal.runners.statements.RunBefores.evaluate(RunBefores.java:26)
	at org.junit.internal.runners.statements.RunAfters.evaluate(RunAfters.java:27)
	at org.junit.internal.runners.statements.FailOnTimeout$CallableStatement.call(FailOnTimeout.java:288)
	at org.junit.internal.runners.statements.FailOnTimeout$CallableStatement.call(FailOnTimeout.java:282)
	at java.util.concurrent.FutureTask.run(FutureTask.java:266)
	at java.lang.Thread.run(Thread.java:750)

]]></system-err>
  </testcase>
  <testcase name="testDatanodeFailureWithSingleNodeRatis" classname="org.apache.hadoop.ozone.client.rpc.TestBlockOutputStreamWithFailuresFlushDelay" time="0.267">
    <error message="Not started" type="java.lang.IllegalStateException">java.lang.IllegalStateException: Not started
	at org.apache.ratis.thirdparty.com.google.common.base.Preconditions.checkState(Preconditions.java:508)
	at org.apache.ratis.thirdparty.io.grpc.internal.ServerImpl.getPort(ServerImpl.java:196)
	at org.apache.ratis.grpc.server.GrpcService.closeImpl(GrpcService.java:261)
	at org.apache.ratis.util.LifeCycle.lambda$checkStateAndClose$4(LifeCycle.java:299)
	at org.apache.ratis.util.LifeCycle.checkStateAndClose(LifeCycle.java:319)
	at org.apache.ratis.util.LifeCycle.checkStateAndClose(LifeCycle.java:297)
	at org.apache.ratis.server.RaftServerRpcWithProxy.close(RaftServerRpcWithProxy.java:80)
	at org.apache.ratis.server.impl.RaftServerProxy.lambda$close$6(RaftServerProxy.java:395)
	at org.apache.ratis.util.LifeCycle.lambda$checkStateAndClose$4(LifeCycle.java:299)
	at org.apache.ratis.util.LifeCycle.checkStateAndClose(LifeCycle.java:319)
	at org.apache.ratis.util.LifeCycle.checkStateAndClose(LifeCycle.java:297)
	at org.apache.ratis.server.impl.RaftServerProxy.close(RaftServerProxy.java:390)
	at org.apache.hadoop.hdds.scm.ha.SCMRatisServerImpl.initialize(SCMRatisServerImpl.java:125)
	at org.apache.hadoop.ozone.MiniOzoneClusterImpl$Builder.initializeScmStorage(MiniOzoneClusterImpl.java:743)
	at org.apache.hadoop.ozone.MiniOzoneClusterImpl$Builder.createSCM(MiniOzoneClusterImpl.java:717)
	at org.apache.hadoop.ozone.MiniOzoneClusterImpl$Builder.build(MiniOzoneClusterImpl.java:587)
	at org.apache.hadoop.ozone.client.rpc.TestBlockOutputStreamWithFailuresFlushDelay.init(TestBlockOutputStreamWithFailuresFlushDelay.java:136)
	at sun.reflect.NativeMethodAccessorImpl.invoke0(Native Method)
	at sun.reflect.NativeMethodAccessorImpl.invoke(NativeMethodAccessorImpl.java:62)
	at sun.reflect.DelegatingMethodAccessorImpl.invoke(DelegatingMethodAccessorImpl.java:43)
	at java.lang.reflect.Method.invoke(Method.java:498)
	at org.junit.runners.model.FrameworkMethod$1.runReflectiveCall(FrameworkMethod.java:59)
	at org.junit.internal.runners.model.ReflectiveCallable.run(ReflectiveCallable.java:12)
	at org.junit.runners.model.FrameworkMethod.invokeExplosively(FrameworkMethod.java:56)
	at org.junit.internal.runners.statements.RunBefores.invokeMethod(RunBefores.java:33)
	at org.junit.internal.runners.statements.RunBefores.evaluate(RunBefores.java:24)
	at org.junit.internal.runners.statements.RunAfters.evaluate(RunAfters.java:27)
	at org.junit.internal.runners.statements.FailOnTimeout$CallableStatement.call(FailOnTimeout.java:288)
	at org.junit.internal.runners.statements.FailOnTimeout$CallableStatement.call(FailOnTimeout.java:282)
	at java.util.concurrent.FutureTask.run(FutureTask.java:266)
	at java.lang.Thread.run(Thread.java:750)
</error>
    <system-out><![CDATA[2022-02-24 17:00:25,840 [Time-limited test] WARN  server.ServerUtils (ServerUtils.java:getScmDbDir(148)) - ozone.scm.db.dirs is not configured. We recommend adding this setting. Falling back to ozone.metadata.dirs instead.
2022-02-24 17:00:25,867 [Time-limited test] INFO  ha.SCMHANodeDetails (SCMHANodeDetails.java:loadSCMHAConfig(157)) - ServiceID for StorageContainerManager is null
2022-02-24 17:00:25,867 [Time-limited test] INFO  ha.SCMHANodeDetails (SCMHANodeDetails.java:loadSCMHAConfig(162)) - ozone.scm.default.service.id is not defined, falling back to ozone.scm.service.ids to find serviceID for StorageContainerManager if it is HA enabled cluster
2022-02-24 17:00:25,868 [Time-limited test] INFO  server.RaftServer (ConfUtils.java:logGet(44)) - raft.rpc.type = GRPC (default)
2022-02-24 17:00:25,868 [Time-limited test] INFO  grpc.GrpcFactory (GrpcFactory.java:checkPooledByteBufAllocatorUseCacheForAllThreads(48)) - PERFORMANCE WARNING: useCacheForAllThreads is true that may cause Netty to create a lot garbage objects and, as a result, trigger GC.
	It is recommended to disable useCacheForAllThreads by setting -Dorg.apache.ratis.thirdparty.io.netty.allocator.useCacheForAllThreads=false in command line.
2022-02-24 17:00:25,868 [Time-limited test] INFO  grpc.GrpcConfigKeys (ConfUtils.java:logGet(44)) - raft.grpc.admin.port = -1 (default)
2022-02-24 17:00:25,868 [Time-limited test] INFO  grpc.GrpcConfigKeys (ConfUtils.java:logGet(44)) - raft.grpc.server.port = 9894 (custom)
2022-02-24 17:00:25,868 [Time-limited test] INFO  grpc.GrpcConfigKeys (ConfUtils.java:logGet(44)) - raft.grpc.client.port = -1 (default)
2022-02-24 17:00:25,868 [Time-limited test] INFO  grpc.GrpcConfigKeys (ConfUtils.java:logGet(44)) - raft.grpc.server.port = 9894 (custom)
2022-02-24 17:00:25,868 [Time-limited test] INFO  grpc.GrpcConfigKeys (ConfUtils.java:logGet(44)) - raft.grpc.server.port = 9894 (custom)
2022-02-24 17:00:25,868 [Time-limited test] INFO  server.GrpcService (ConfUtils.java:logGet(44)) - raft.grpc.message.size.max = 32m (=33554432) (custom)
2022-02-24 17:00:25,868 [Time-limited test] INFO  server.RaftServerConfigKeys (ConfUtils.java:logGet(44)) - raft.server.log.appender.buffer.byte-limit = 33554432 (custom)
2022-02-24 17:00:25,869 [Time-limited test] INFO  server.GrpcService (ConfUtils.java:logGet(44)) - raft.grpc.flow.control.window = 1MB (=1048576) (default)
2022-02-24 17:00:25,869 [Time-limited test] INFO  server.RaftServerConfigKeys (ConfUtils.java:logGet(44)) - raft.server.rpc.request.timeout = 30000ms (custom)
2022-02-24 17:00:25,870 [Time-limited test] INFO  impl.DataStreamServerImpl (ConfUtils.java:logGet(44)) - raft.datastream.type = DISABLED (default)
2022-02-24 17:00:25,875 [Time-limited test] INFO  server.RaftServerConfigKeys (ConfUtils.java:logGet(44)) - raft.server.rpc.slowness.timeout = 120000ms (custom)
2022-02-24 17:00:25,875 [Time-limited test] INFO  server.RaftServerConfigKeys (ConfUtils.java:logGet(44)) - raft.server.leaderelection.leader.step-down.wait-time = 10s (default)
2022-02-24 17:00:25,881 [Time-limited test] INFO  server.RaftServerConfigKeys (ConfUtils.java:logGet(44)) - raft.server.storage.dir = [/home/runner/work/ozone/ozone/hadoop-ozone/integration-test/target/test-dir/MiniOzoneClusterImpl-e4346de1-6c30-4c46-adcd-b3d56a3fbed4/ozone-meta/scm-ha] (custom)
2022-02-24 17:00:25,920 [Time-limited test] INFO  server.RaftServer (RaftServerProxy.java:addNew(95)) - 82fd88ca-911f-4fbf-955b-7abd56892f1a: addNew group-B3D56A3FBED4:[82fd88ca-911f-4fbf-955b-7abd56892f1a|rpc:fv-az59-243:9894|priority:0] returns group-B3D56A3FBED4:java.util.concurrent.CompletableFuture@33e3a9b3[Not completed]
2022-02-24 17:00:25,921 [pool-533-thread-1] INFO  server.RaftServer$Division (RaftServerImpl.java:<init>(184)) - 82fd88ca-911f-4fbf-955b-7abd56892f1a: new RaftServerImpl for group-B3D56A3FBED4:[82fd88ca-911f-4fbf-955b-7abd56892f1a|rpc:fv-az59-243:9894|priority:0] with SCMStateMachine:uninitialized
2022-02-24 17:00:25,951 [pool-533-thread-1] INFO  server.RaftServerConfigKeys (ConfUtils.java:logGet(44)) - raft.server.rpc.timeout.min = 5000ms (custom)
2022-02-24 17:00:25,951 [pool-533-thread-1] INFO  server.RaftServerConfigKeys (ConfUtils.java:logGet(44)) - raft.server.rpc.timeout.max = 5200ms (custom)
2022-02-24 17:00:25,951 [pool-533-thread-1] INFO  server.RaftServerConfigKeys (ConfUtils.java:logGet(44)) - raft.server.rpc.sleep.time = 25ms (default)
2022-02-24 17:00:25,951 [pool-533-thread-1] INFO  server.RaftServerConfigKeys (ConfUtils.java:logGet(44)) - raft.server.rpc.slowness.timeout = 120000ms (custom)
2022-02-24 17:00:25,951 [pool-533-thread-1] INFO  server.RaftServerConfigKeys (ConfUtils.java:logGet(44)) - raft.server.leaderelection.leader.step-down.wait-time = 10s (default)
2022-02-24 17:00:25,951 [pool-533-thread-1] INFO  server.RaftServerConfigKeys (ConfUtils.java:logGet(44)) - raft.server.sleep.deviation.threshold = 300ms (default)
2022-02-24 17:00:25,955 [pool-533-thread-1] INFO  server.RaftServerConfigKeys (ConfUtils.java:logGet(44)) - raft.server.log.appender.install.snapshot.enabled = false (custom)
2022-02-24 17:00:25,955 [pool-533-thread-1] INFO  server.RaftServer$Division (ServerState.java:<init>(105)) - 82fd88ca-911f-4fbf-955b-7abd56892f1a@group-B3D56A3FBED4: ConfigurationManager, init=-1: [82fd88ca-911f-4fbf-955b-7abd56892f1a|rpc:fv-az59-243:9894|priority:0], old=null, confs=<EMPTY_MAP>
2022-02-24 17:00:25,955 [pool-533-thread-1] INFO  server.RaftServerConfigKeys (ConfUtils.java:logGet(44)) - raft.server.storage.dir = [/home/runner/work/ozone/ozone/hadoop-ozone/integration-test/target/test-dir/MiniOzoneClusterImpl-e4346de1-6c30-4c46-adcd-b3d56a3fbed4/ozone-meta/scm-ha] (custom)
2022-02-24 17:00:25,955 [pool-533-thread-1] INFO  server.RaftServerConfigKeys (ConfUtils.java:logGet(44)) - raft.server.log.corruption.policy = EXCEPTION (default)
2022-02-24 17:00:25,955 [pool-533-thread-1] INFO  server.RaftServerConfigKeys (ConfUtils.java:logGet(44)) - raft.server.storage.free-space.min = 0MB (=0) (default)
2022-02-24 17:00:25,955 [pool-533-thread-1] INFO  storage.RaftStorageDirectory (RaftStorageDirectoryImpl.java:analyzeStorage(135)) - The storage directory /home/runner/work/ozone/ozone/hadoop-ozone/integration-test/target/test-dir/MiniOzoneClusterImpl-e4346de1-6c30-4c46-adcd-b3d56a3fbed4/ozone-meta/scm-ha/e4346de1-6c30-4c46-adcd-b3d56a3fbed4 does not exist. Creating ...
2022-02-24 17:00:25,959 [pool-533-thread-1] INFO  storage.RaftStorageDirectory (RaftStorageDirectoryImpl.java:tryLock(230)) - Lock on /home/runner/work/ozone/ozone/hadoop-ozone/integration-test/target/test-dir/MiniOzoneClusterImpl-e4346de1-6c30-4c46-adcd-b3d56a3fbed4/ozone-meta/scm-ha/e4346de1-6c30-4c46-adcd-b3d56a3fbed4/in_use.lock acquired by nodename 3150@fv-az59-243
2022-02-24 17:00:25,990 [pool-533-thread-1] INFO  storage.RaftStorage (RaftStorageImpl.java:format(89)) - Storage directory /home/runner/work/ozone/ozone/hadoop-ozone/integration-test/target/test-dir/MiniOzoneClusterImpl-e4346de1-6c30-4c46-adcd-b3d56a3fbed4/ozone-meta/scm-ha/e4346de1-6c30-4c46-adcd-b3d56a3fbed4 has been successfully formatted.
2022-02-24 17:00:25,990 [pool-533-thread-1] INFO  server.RaftServerConfigKeys (ConfUtils.java:logGet(44)) - raft.server.notification.no-leader.timeout = 60s (default)
2022-02-24 17:00:25,990 [pool-533-thread-1] INFO  server.RaftServerConfigKeys (ConfUtils.java:logGet(44)) - raft.server.log.use.memory = false (default)
2022-02-24 17:00:25,990 [pool-533-thread-1] INFO  server.RaftServerConfigKeys (ConfUtils.java:logGet(44)) - raft.server.log.purge.gap = 1000000 (custom)
2022-02-24 17:00:25,990 [pool-533-thread-1] INFO  server.RaftServerConfigKeys (ConfUtils.java:logGet(44)) - raft.server.log.appender.buffer.byte-limit = 33554432 (custom)
2022-02-24 17:00:25,990 [pool-533-thread-1] INFO  server.RaftServerConfigKeys (ConfUtils.java:logGet(44)) - raft.server.log.segment.size.max = 4194304 (custom)
2022-02-24 17:00:25,991 [pool-533-thread-1] INFO  server.RaftServerConfigKeys (ConfUtils.java:logGet(44)) - raft.server.log.segment.cache.num.max = 2 (custom)
2022-02-24 17:00:25,991 [pool-533-thread-1] INFO  server.RaftServerConfigKeys (ConfUtils.java:logGet(44)) - raft.server.log.segment.cache.size.max = 200MB (=209715200) (default)
2022-02-24 17:00:25,991 [pool-533-thread-1] INFO  segmented.SegmentedRaftLogWorker (SegmentedRaftLogWorker.java:<init>(182)) - new 82fd88ca-911f-4fbf-955b-7abd56892f1a@group-B3D56A3FBED4-SegmentedRaftLogWorker for RaftStorageImpl:Storage Directory /home/runner/work/ozone/ozone/hadoop-ozone/integration-test/target/test-dir/MiniOzoneClusterImpl-e4346de1-6c30-4c46-adcd-b3d56a3fbed4/ozone-meta/scm-ha/e4346de1-6c30-4c46-adcd-b3d56a3fbed4
2022-02-24 17:00:25,991 [pool-533-thread-1] INFO  server.RaftServerConfigKeys (ConfUtils.java:logGet(44)) - raft.server.log.queue.byte-limit = 64MB (=67108864) (default)
2022-02-24 17:00:25,991 [pool-533-thread-1] INFO  server.RaftServerConfigKeys (ConfUtils.java:logGet(44)) - raft.server.log.queue.element-limit = 4096 (default)
2022-02-24 17:00:25,991 [pool-533-thread-1] INFO  server.RaftServerConfigKeys (ConfUtils.java:logGet(44)) - raft.server.log.segment.size.max = 4194304 (custom)
2022-02-24 17:00:25,991 [pool-533-thread-1] INFO  server.RaftServerConfigKeys (ConfUtils.java:logGet(44)) - raft.server.log.preallocated.size = 4194304 (custom)
2022-02-24 17:00:25,991 [pool-533-thread-1] INFO  server.RaftServerConfigKeys (ConfUtils.java:logGet(44)) - raft.server.log.force.sync.num = 128 (default)
2022-02-24 17:00:25,991 [pool-533-thread-1] INFO  server.RaftServerConfigKeys (ConfUtils.java:logGet(44)) - raft.server.log.statemachine.data.sync = true (default)
2022-02-24 17:00:25,991 [pool-533-thread-1] INFO  server.RaftServerConfigKeys (ConfUtils.java:logGet(44)) - raft.server.log.statemachine.data.sync.timeout = 10s (default)
2022-02-24 17:00:25,991 [pool-533-thread-1] INFO  server.RaftServerConfigKeys (ConfUtils.java:logGet(44)) - raft.server.log.statemachine.data.sync.timeout.retry = -1 (default)
2022-02-24 17:00:25,992 [pool-533-thread-1] INFO  server.RaftServerConfigKeys (ConfUtils.java:logGet(44)) - raft.server.log.write.buffer.size = 64KB (=65536) (default)
2022-02-24 17:00:25,992 [pool-533-thread-1] INFO  server.RaftServerConfigKeys (ConfUtils.java:logGet(44)) - raft.server.log.statemachine.data.caching.enabled = false (default)
2022-02-24 17:00:25,992 [pool-533-thread-1] INFO  segmented.SegmentedRaftLogWorker (SegmentedRaftLogWorker.java:lambda$new$0(133)) - 82fd88ca-911f-4fbf-955b-7abd56892f1a@group-B3D56A3FBED4-SegmentedRaftLogWorker: flushIndex: setUnconditionally 0 -> -1
2022-02-24 17:00:25,992 [pool-533-thread-1] INFO  segmented.SegmentedRaftLogWorker (SegmentedRaftLogWorker.java:lambda$new$0(133)) - 82fd88ca-911f-4fbf-955b-7abd56892f1a@group-B3D56A3FBED4-SegmentedRaftLogWorker: safeCacheEvictIndex: setUnconditionally 0 -> -1
2022-02-24 17:00:26,007 [pool-533-thread-1] INFO  server.RaftServerConfigKeys (ConfUtils.java:logGet(44)) - raft.server.snapshot.auto.trigger.enabled = true (custom)
2022-02-24 17:00:26,007 [pool-533-thread-1] INFO  server.RaftServerConfigKeys (ConfUtils.java:logGet(44)) - raft.server.snapshot.auto.trigger.threshold = 1000 (custom)
2022-02-24 17:00:26,007 [pool-533-thread-1] INFO  server.RaftServerConfigKeys (ConfUtils.java:logGet(44)) - raft.server.snapshot.retention.file.num = -1 (default)
2022-02-24 17:00:26,007 [pool-533-thread-1] INFO  server.RaftServerConfigKeys (ConfUtils.java:logGet(44)) - raft.server.log.purge.upto.snapshot.index = false (default)
2022-02-24 17:00:26,007 [pool-533-thread-1] INFO  server.RaftServerConfigKeys (ConfUtils.java:logGet(44)) - raft.server.retrycache.expirytime = 60000ms (default)
2022-02-24 17:00:26,007 [pool-533-thread-1] INFO  server.RaftServerConfigKeys (ConfUtils.java:logGet(44)) - raft.server.retrycache.statistics.expirytime = 100μs (default)
2022-02-24 17:00:26,009 [Time-limited test] INFO  server.RaftServer$Division (RaftServerImpl.java:start(301)) - 82fd88ca-911f-4fbf-955b-7abd56892f1a@group-B3D56A3FBED4: start as a follower, conf=-1: [82fd88ca-911f-4fbf-955b-7abd56892f1a|rpc:fv-az59-243:9894|priority:0], old=null
2022-02-24 17:00:26,009 [Time-limited test] INFO  server.RaftServer$Division (RaftServerImpl.java:setRole(290)) - 82fd88ca-911f-4fbf-955b-7abd56892f1a@group-B3D56A3FBED4: changes role from      null to FOLLOWER at term 0 for startAsFollower
2022-02-24 17:00:26,009 [Time-limited test] INFO  impl.RoleInfo (RoleInfo.java:updateAndGet(130)) - 82fd88ca-911f-4fbf-955b-7abd56892f1a: start 82fd88ca-911f-4fbf-955b-7abd56892f1a@group-B3D56A3FBED4-FollowerState
2022-02-24 17:00:26,031 [Time-limited test] INFO  util.JmxRegister (JmxRegister.java:tryRegister(44)) - Successfully registered JMX Bean with object name Ratis:service=RaftServer,group=group-B3D56A3FBED4,id=82fd88ca-911f-4fbf-955b-7abd56892f1a
2022-02-24 17:00:26,034 [Time-limited test] INFO  server.RaftServer (RaftServerProxy.java:lambda$start$5(374)) - 82fd88ca-911f-4fbf-955b-7abd56892f1a: start RPC server
2022-02-24 17:00:26,035 [Time-limited test] ERROR server.GrpcService (ExitUtils.java:terminate(133)) - Terminating with exit status 1: Failed to start Grpc server
java.io.IOException: Failed to bind
	at org.apache.ratis.thirdparty.io.grpc.netty.NettyServer.start(NettyServer.java:264)
	at org.apache.ratis.thirdparty.io.grpc.internal.ServerImpl.start(ServerImpl.java:183)
	at org.apache.ratis.thirdparty.io.grpc.internal.ServerImpl.start(ServerImpl.java:90)
	at org.apache.ratis.grpc.server.GrpcService.startImpl(GrpcService.java:249)
	at org.apache.ratis.util.LifeCycle.startAndTransition(LifeCycle.java:270)
	at org.apache.ratis.server.RaftServerRpcWithProxy.start(RaftServerRpcWithProxy.java:72)
	at org.apache.ratis.server.impl.RaftServerProxy.lambda$start$5(RaftServerProxy.java:375)
	at org.apache.ratis.util.LifeCycle.startAndTransition(LifeCycle.java:270)
	at org.apache.ratis.server.impl.RaftServerProxy.start(RaftServerProxy.java:373)
	at org.apache.hadoop.hdds.scm.ha.SCMRatisServerImpl.initialize(SCMRatisServerImpl.java:121)
	at org.apache.hadoop.ozone.MiniOzoneClusterImpl$Builder.initializeScmStorage(MiniOzoneClusterImpl.java:743)
	at org.apache.hadoop.ozone.MiniOzoneClusterImpl$Builder.createSCM(MiniOzoneClusterImpl.java:717)
	at org.apache.hadoop.ozone.MiniOzoneClusterImpl$Builder.build(MiniOzoneClusterImpl.java:587)
	at org.apache.hadoop.ozone.client.rpc.TestBlockOutputStreamWithFailuresFlushDelay.init(TestBlockOutputStreamWithFailuresFlushDelay.java:136)
	at sun.reflect.NativeMethodAccessorImpl.invoke0(Native Method)
	at sun.reflect.NativeMethodAccessorImpl.invoke(NativeMethodAccessorImpl.java:62)
	at sun.reflect.DelegatingMethodAccessorImpl.invoke(DelegatingMethodAccessorImpl.java:43)
	at java.lang.reflect.Method.invoke(Method.java:498)
	at org.junit.runners.model.FrameworkMethod$1.runReflectiveCall(FrameworkMethod.java:59)
	at org.junit.internal.runners.model.ReflectiveCallable.run(ReflectiveCallable.java:12)
	at org.junit.runners.model.FrameworkMethod.invokeExplosively(FrameworkMethod.java:56)
	at org.junit.internal.runners.statements.RunBefores.invokeMethod(RunBefores.java:33)
	at org.junit.internal.runners.statements.RunBefores.evaluate(RunBefores.java:24)
	at org.junit.internal.runners.statements.RunAfters.evaluate(RunAfters.java:27)
	at org.junit.internal.runners.statements.FailOnTimeout$CallableStatement.call(FailOnTimeout.java:288)
	at org.junit.internal.runners.statements.FailOnTimeout$CallableStatement.call(FailOnTimeout.java:282)
	at java.util.concurrent.FutureTask.run(FutureTask.java:266)
	at java.lang.Thread.run(Thread.java:750)
Caused by: org.apache.ratis.thirdparty.io.netty.channel.unix.Errors$NativeIoException: bind(..) failed: Address already in use
2022-02-24 17:00:26,036 [Time-limited test] INFO  server.RaftServer (RaftServerProxy.java:lambda$close$6(391)) - 82fd88ca-911f-4fbf-955b-7abd56892f1a: close
2022-02-24 17:00:26,036 [Time-limited test] INFO  server.RaftServer$Division (RaftServerImpl.java:lambda$close$4(412)) - 82fd88ca-911f-4fbf-955b-7abd56892f1a@group-B3D56A3FBED4: shutdown
2022-02-24 17:00:26,037 [Time-limited test] INFO  util.JmxRegister (JmxRegister.java:unregister(73)) - Successfully un-registered JMX Bean with object name Ratis:service=RaftServer,group=group-B3D56A3FBED4,id=82fd88ca-911f-4fbf-955b-7abd56892f1a
2022-02-24 17:00:26,037 [Time-limited test] INFO  impl.RoleInfo (RoleInfo.java:shutdownFollowerState(108)) - 82fd88ca-911f-4fbf-955b-7abd56892f1a: shutdown 82fd88ca-911f-4fbf-955b-7abd56892f1a@group-B3D56A3FBED4-FollowerState
2022-02-24 17:00:26,037 [Time-limited test] INFO  impl.StateMachineUpdater (StateMachineUpdater.java:stopAndJoin(149)) - 82fd88ca-911f-4fbf-955b-7abd56892f1a@group-B3D56A3FBED4-StateMachineUpdater: set stopIndex = -1
2022-02-24 17:00:26,037 [82fd88ca-911f-4fbf-955b-7abd56892f1a@group-B3D56A3FBED4-FollowerState] INFO  impl.FollowerState (FollowerState.java:run(143)) - 82fd88ca-911f-4fbf-955b-7abd56892f1a@group-B3D56A3FBED4-FollowerState was interrupted: {}
java.lang.InterruptedException: sleep interrupted
	at java.lang.Thread.sleep(Native Method)
	at java.lang.Thread.sleep(Thread.java:342)
	at java.util.concurrent.TimeUnit.sleep(TimeUnit.java:386)
	at org.apache.ratis.util.TimeDuration.sleep(TimeDuration.java:324)
	at org.apache.ratis.util.TimeDuration.sleep(TimeDuration.java:309)
	at org.apache.ratis.server.impl.FollowerState.run(FollowerState.java:118)
2022-02-24 17:00:26,047 [Time-limited test] INFO  server.RaftServer$Division (ServerState.java:close(419)) - 82fd88ca-911f-4fbf-955b-7abd56892f1a@group-B3D56A3FBED4: closes. applyIndex: -1
2022-02-24 17:00:26,047 [82fd88ca-911f-4fbf-955b-7abd56892f1a@group-B3D56A3FBED4-SegmentedRaftLogWorker] INFO  segmented.SegmentedRaftLogWorker (SegmentedRaftLogWorker.java:run(327)) - 82fd88ca-911f-4fbf-955b-7abd56892f1a@group-B3D56A3FBED4-SegmentedRaftLogWorker was interrupted, exiting. There are 0 tasks remaining in the queue.
2022-02-24 17:00:26,047 [Time-limited test] INFO  segmented.SegmentedRaftLogWorker (SegmentedRaftLogWorker.java:close(237)) - 82fd88ca-911f-4fbf-955b-7abd56892f1a@group-B3D56A3FBED4-SegmentedRaftLogWorker close()
]]></system-out>
  </testcase>
  <testcase name="testWatchForCommitDatanodeFailure" classname="org.apache.hadoop.ozone.client.rpc.TestBlockOutputStreamWithFailuresFlushDelay" time="0.324">
    <error message="Not started" type="java.lang.IllegalStateException">java.lang.IllegalStateException: Not started
	at org.apache.ratis.thirdparty.com.google.common.base.Preconditions.checkState(Preconditions.java:508)
	at org.apache.ratis.thirdparty.io.grpc.internal.ServerImpl.getPort(ServerImpl.java:196)
	at org.apache.ratis.grpc.server.GrpcService.closeImpl(GrpcService.java:261)
	at org.apache.ratis.util.LifeCycle.lambda$checkStateAndClose$4(LifeCycle.java:299)
	at org.apache.ratis.util.LifeCycle.checkStateAndClose(LifeCycle.java:319)
	at org.apache.ratis.util.LifeCycle.checkStateAndClose(LifeCycle.java:297)
	at org.apache.ratis.server.RaftServerRpcWithProxy.close(RaftServerRpcWithProxy.java:80)
	at org.apache.ratis.server.impl.RaftServerProxy.lambda$close$6(RaftServerProxy.java:395)
	at org.apache.ratis.util.LifeCycle.lambda$checkStateAndClose$4(LifeCycle.java:299)
	at org.apache.ratis.util.LifeCycle.checkStateAndClose(LifeCycle.java:319)
	at org.apache.ratis.util.LifeCycle.checkStateAndClose(LifeCycle.java:297)
	at org.apache.ratis.server.impl.RaftServerProxy.close(RaftServerProxy.java:390)
	at org.apache.hadoop.hdds.scm.ha.SCMRatisServerImpl.initialize(SCMRatisServerImpl.java:125)
	at org.apache.hadoop.ozone.MiniOzoneClusterImpl$Builder.initializeScmStorage(MiniOzoneClusterImpl.java:743)
	at org.apache.hadoop.ozone.MiniOzoneClusterImpl$Builder.createSCM(MiniOzoneClusterImpl.java:717)
	at org.apache.hadoop.ozone.MiniOzoneClusterImpl$Builder.build(MiniOzoneClusterImpl.java:587)
	at org.apache.hadoop.ozone.client.rpc.TestBlockOutputStreamWithFailuresFlushDelay.init(TestBlockOutputStreamWithFailuresFlushDelay.java:136)
	at sun.reflect.NativeMethodAccessorImpl.invoke0(Native Method)
	at sun.reflect.NativeMethodAccessorImpl.invoke(NativeMethodAccessorImpl.java:62)
	at sun.reflect.DelegatingMethodAccessorImpl.invoke(DelegatingMethodAccessorImpl.java:43)
	at java.lang.reflect.Method.invoke(Method.java:498)
	at org.junit.runners.model.FrameworkMethod$1.runReflectiveCall(FrameworkMethod.java:59)
	at org.junit.internal.runners.model.ReflectiveCallable.run(ReflectiveCallable.java:12)
	at org.junit.runners.model.FrameworkMethod.invokeExplosively(FrameworkMethod.java:56)
	at org.junit.internal.runners.statements.RunBefores.invokeMethod(RunBefores.java:33)
	at org.junit.internal.runners.statements.RunBefores.evaluate(RunBefores.java:24)
	at org.junit.internal.runners.statements.RunAfters.evaluate(RunAfters.java:27)
	at org.junit.internal.runners.statements.FailOnTimeout$CallableStatement.call(FailOnTimeout.java:288)
	at org.junit.internal.runners.statements.FailOnTimeout$CallableStatement.call(FailOnTimeout.java:282)
	at java.util.concurrent.FutureTask.run(FutureTask.java:266)
	at java.lang.Thread.run(Thread.java:750)
</error>
    <system-out><![CDATA[2022-02-24 17:00:26,202 [Time-limited test] WARN  server.ServerUtils (ServerUtils.java:getScmDbDir(148)) - ozone.scm.db.dirs is not configured. We recommend adding this setting. Falling back to ozone.metadata.dirs instead.
2022-02-24 17:00:26,222 [Time-limited test] INFO  ha.SCMHANodeDetails (SCMHANodeDetails.java:loadSCMHAConfig(157)) - ServiceID for StorageContainerManager is null
2022-02-24 17:00:26,222 [Time-limited test] INFO  ha.SCMHANodeDetails (SCMHANodeDetails.java:loadSCMHAConfig(162)) - ozone.scm.default.service.id is not defined, falling back to ozone.scm.service.ids to find serviceID for StorageContainerManager if it is HA enabled cluster
2022-02-24 17:00:26,222 [Time-limited test] INFO  server.RaftServer (ConfUtils.java:logGet(44)) - raft.rpc.type = GRPC (default)
2022-02-24 17:00:26,222 [Time-limited test] INFO  grpc.GrpcFactory (GrpcFactory.java:checkPooledByteBufAllocatorUseCacheForAllThreads(48)) - PERFORMANCE WARNING: useCacheForAllThreads is true that may cause Netty to create a lot garbage objects and, as a result, trigger GC.
	It is recommended to disable useCacheForAllThreads by setting -Dorg.apache.ratis.thirdparty.io.netty.allocator.useCacheForAllThreads=false in command line.
2022-02-24 17:00:26,223 [Time-limited test] INFO  grpc.GrpcConfigKeys (ConfUtils.java:logGet(44)) - raft.grpc.admin.port = -1 (default)
2022-02-24 17:00:26,223 [Time-limited test] INFO  grpc.GrpcConfigKeys (ConfUtils.java:logGet(44)) - raft.grpc.server.port = 9894 (custom)
2022-02-24 17:00:26,223 [Time-limited test] INFO  grpc.GrpcConfigKeys (ConfUtils.java:logGet(44)) - raft.grpc.client.port = -1 (default)
2022-02-24 17:00:26,223 [Time-limited test] INFO  grpc.GrpcConfigKeys (ConfUtils.java:logGet(44)) - raft.grpc.server.port = 9894 (custom)
2022-02-24 17:00:26,223 [Time-limited test] INFO  grpc.GrpcConfigKeys (ConfUtils.java:logGet(44)) - raft.grpc.server.port = 9894 (custom)
2022-02-24 17:00:26,223 [Time-limited test] INFO  server.GrpcService (ConfUtils.java:logGet(44)) - raft.grpc.message.size.max = 32m (=33554432) (custom)
2022-02-24 17:00:26,223 [Time-limited test] INFO  server.RaftServerConfigKeys (ConfUtils.java:logGet(44)) - raft.server.log.appender.buffer.byte-limit = 33554432 (custom)
2022-02-24 17:00:26,223 [Time-limited test] INFO  server.GrpcService (ConfUtils.java:logGet(44)) - raft.grpc.flow.control.window = 1MB (=1048576) (default)
2022-02-24 17:00:26,223 [Time-limited test] INFO  server.RaftServerConfigKeys (ConfUtils.java:logGet(44)) - raft.server.rpc.request.timeout = 30000ms (custom)
2022-02-24 17:00:26,224 [Time-limited test] INFO  impl.DataStreamServerImpl (ConfUtils.java:logGet(44)) - raft.datastream.type = DISABLED (default)
2022-02-24 17:00:26,224 [Time-limited test] INFO  server.RaftServerConfigKeys (ConfUtils.java:logGet(44)) - raft.server.rpc.slowness.timeout = 120000ms (custom)
2022-02-24 17:00:26,224 [Time-limited test] INFO  server.RaftServerConfigKeys (ConfUtils.java:logGet(44)) - raft.server.leaderelection.leader.step-down.wait-time = 10s (default)
2022-02-24 17:00:26,224 [Time-limited test] INFO  server.RaftServerConfigKeys (ConfUtils.java:logGet(44)) - raft.server.storage.dir = [/home/runner/work/ozone/ozone/hadoop-ozone/integration-test/target/test-dir/MiniOzoneClusterImpl-d296eb89-159b-468f-a20c-84d30600ad6c/ozone-meta/scm-ha] (custom)
2022-02-24 17:00:26,282 [Time-limited test] INFO  server.RaftServer (RaftServerProxy.java:addNew(95)) - 415e1c7c-37cd-4b05-bb5a-d5c36360b865: addNew group-84D30600AD6C:[415e1c7c-37cd-4b05-bb5a-d5c36360b865|rpc:fv-az59-243:9894|priority:0] returns group-84D30600AD6C:java.util.concurrent.CompletableFuture@4c00f76a[Not completed]
2022-02-24 17:00:26,283 [pool-534-thread-1] INFO  server.RaftServer$Division (RaftServerImpl.java:<init>(184)) - 415e1c7c-37cd-4b05-bb5a-d5c36360b865: new RaftServerImpl for group-84D30600AD6C:[415e1c7c-37cd-4b05-bb5a-d5c36360b865|rpc:fv-az59-243:9894|priority:0] with SCMStateMachine:uninitialized
2022-02-24 17:00:26,303 [pool-534-thread-1] INFO  server.RaftServerConfigKeys (ConfUtils.java:logGet(44)) - raft.server.rpc.timeout.min = 5000ms (custom)
2022-02-24 17:00:26,303 [pool-534-thread-1] INFO  server.RaftServerConfigKeys (ConfUtils.java:logGet(44)) - raft.server.rpc.timeout.max = 5200ms (custom)
2022-02-24 17:00:26,303 [pool-534-thread-1] INFO  server.RaftServerConfigKeys (ConfUtils.java:logGet(44)) - raft.server.rpc.sleep.time = 25ms (default)
2022-02-24 17:00:26,303 [pool-534-thread-1] INFO  server.RaftServerConfigKeys (ConfUtils.java:logGet(44)) - raft.server.rpc.slowness.timeout = 120000ms (custom)
2022-02-24 17:00:26,303 [pool-534-thread-1] INFO  server.RaftServerConfigKeys (ConfUtils.java:logGet(44)) - raft.server.leaderelection.leader.step-down.wait-time = 10s (default)
2022-02-24 17:00:26,303 [pool-534-thread-1] INFO  server.RaftServerConfigKeys (ConfUtils.java:logGet(44)) - raft.server.sleep.deviation.threshold = 300ms (default)
2022-02-24 17:00:26,303 [pool-534-thread-1] INFO  server.RaftServerConfigKeys (ConfUtils.java:logGet(44)) - raft.server.log.appender.install.snapshot.enabled = false (custom)
2022-02-24 17:00:26,304 [pool-534-thread-1] INFO  server.RaftServer$Division (ServerState.java:<init>(105)) - 415e1c7c-37cd-4b05-bb5a-d5c36360b865@group-84D30600AD6C: ConfigurationManager, init=-1: [415e1c7c-37cd-4b05-bb5a-d5c36360b865|rpc:fv-az59-243:9894|priority:0], old=null, confs=<EMPTY_MAP>
2022-02-24 17:00:26,304 [pool-534-thread-1] INFO  server.RaftServerConfigKeys (ConfUtils.java:logGet(44)) - raft.server.storage.dir = [/home/runner/work/ozone/ozone/hadoop-ozone/integration-test/target/test-dir/MiniOzoneClusterImpl-d296eb89-159b-468f-a20c-84d30600ad6c/ozone-meta/scm-ha] (custom)
2022-02-24 17:00:26,304 [pool-534-thread-1] INFO  server.RaftServerConfigKeys (ConfUtils.java:logGet(44)) - raft.server.log.corruption.policy = EXCEPTION (default)
2022-02-24 17:00:26,304 [pool-534-thread-1] INFO  server.RaftServerConfigKeys (ConfUtils.java:logGet(44)) - raft.server.storage.free-space.min = 0MB (=0) (default)
2022-02-24 17:00:26,304 [pool-534-thread-1] INFO  storage.RaftStorageDirectory (RaftStorageDirectoryImpl.java:analyzeStorage(135)) - The storage directory /home/runner/work/ozone/ozone/hadoop-ozone/integration-test/target/test-dir/MiniOzoneClusterImpl-d296eb89-159b-468f-a20c-84d30600ad6c/ozone-meta/scm-ha/d296eb89-159b-468f-a20c-84d30600ad6c does not exist. Creating ...
2022-02-24 17:00:26,311 [pool-534-thread-1] INFO  storage.RaftStorageDirectory (RaftStorageDirectoryImpl.java:tryLock(230)) - Lock on /home/runner/work/ozone/ozone/hadoop-ozone/integration-test/target/test-dir/MiniOzoneClusterImpl-d296eb89-159b-468f-a20c-84d30600ad6c/ozone-meta/scm-ha/d296eb89-159b-468f-a20c-84d30600ad6c/in_use.lock acquired by nodename 3150@fv-az59-243
2022-02-24 17:00:26,313 [pool-534-thread-1] INFO  storage.RaftStorage (RaftStorageImpl.java:format(89)) - Storage directory /home/runner/work/ozone/ozone/hadoop-ozone/integration-test/target/test-dir/MiniOzoneClusterImpl-d296eb89-159b-468f-a20c-84d30600ad6c/ozone-meta/scm-ha/d296eb89-159b-468f-a20c-84d30600ad6c has been successfully formatted.
2022-02-24 17:00:26,314 [pool-534-thread-1] INFO  server.RaftServerConfigKeys (ConfUtils.java:logGet(44)) - raft.server.notification.no-leader.timeout = 60s (default)
2022-02-24 17:00:26,314 [pool-534-thread-1] INFO  server.RaftServerConfigKeys (ConfUtils.java:logGet(44)) - raft.server.log.use.memory = false (default)
2022-02-24 17:00:26,314 [pool-534-thread-1] INFO  server.RaftServerConfigKeys (ConfUtils.java:logGet(44)) - raft.server.log.purge.gap = 1000000 (custom)
2022-02-24 17:00:26,314 [pool-534-thread-1] INFO  server.RaftServerConfigKeys (ConfUtils.java:logGet(44)) - raft.server.log.appender.buffer.byte-limit = 33554432 (custom)
2022-02-24 17:00:26,314 [pool-534-thread-1] INFO  server.RaftServerConfigKeys (ConfUtils.java:logGet(44)) - raft.server.log.segment.size.max = 4194304 (custom)
2022-02-24 17:00:26,314 [pool-534-thread-1] INFO  server.RaftServerConfigKeys (ConfUtils.java:logGet(44)) - raft.server.log.segment.cache.num.max = 2 (custom)
2022-02-24 17:00:26,314 [pool-534-thread-1] INFO  server.RaftServerConfigKeys (ConfUtils.java:logGet(44)) - raft.server.log.segment.cache.size.max = 200MB (=209715200) (default)
2022-02-24 17:00:26,314 [pool-534-thread-1] INFO  segmented.SegmentedRaftLogWorker (SegmentedRaftLogWorker.java:<init>(182)) - new 415e1c7c-37cd-4b05-bb5a-d5c36360b865@group-84D30600AD6C-SegmentedRaftLogWorker for RaftStorageImpl:Storage Directory /home/runner/work/ozone/ozone/hadoop-ozone/integration-test/target/test-dir/MiniOzoneClusterImpl-d296eb89-159b-468f-a20c-84d30600ad6c/ozone-meta/scm-ha/d296eb89-159b-468f-a20c-84d30600ad6c
2022-02-24 17:00:26,314 [pool-534-thread-1] INFO  server.RaftServerConfigKeys (ConfUtils.java:logGet(44)) - raft.server.log.queue.byte-limit = 64MB (=67108864) (default)
2022-02-24 17:00:26,315 [pool-534-thread-1] INFO  server.RaftServerConfigKeys (ConfUtils.java:logGet(44)) - raft.server.log.queue.element-limit = 4096 (default)
2022-02-24 17:00:26,315 [pool-534-thread-1] INFO  server.RaftServerConfigKeys (ConfUtils.java:logGet(44)) - raft.server.log.segment.size.max = 4194304 (custom)
2022-02-24 17:00:26,315 [pool-534-thread-1] INFO  server.RaftServerConfigKeys (ConfUtils.java:logGet(44)) - raft.server.log.preallocated.size = 4194304 (custom)
2022-02-24 17:00:26,315 [pool-534-thread-1] INFO  server.RaftServerConfigKeys (ConfUtils.java:logGet(44)) - raft.server.log.force.sync.num = 128 (default)
2022-02-24 17:00:26,319 [pool-534-thread-1] INFO  server.RaftServerConfigKeys (ConfUtils.java:logGet(44)) - raft.server.log.statemachine.data.sync = true (default)
2022-02-24 17:00:26,319 [pool-534-thread-1] INFO  server.RaftServerConfigKeys (ConfUtils.java:logGet(44)) - raft.server.log.statemachine.data.sync.timeout = 10s (default)
2022-02-24 17:00:26,321 [pool-534-thread-1] INFO  server.RaftServerConfigKeys (ConfUtils.java:logGet(44)) - raft.server.log.statemachine.data.sync.timeout.retry = -1 (default)
2022-02-24 17:00:26,322 [pool-534-thread-1] INFO  server.RaftServerConfigKeys (ConfUtils.java:logGet(44)) - raft.server.log.write.buffer.size = 64KB (=65536) (default)
2022-02-24 17:00:26,327 [pool-534-thread-1] INFO  server.RaftServerConfigKeys (ConfUtils.java:logGet(44)) - raft.server.log.statemachine.data.caching.enabled = false (default)
2022-02-24 17:00:26,327 [pool-534-thread-1] INFO  segmented.SegmentedRaftLogWorker (SegmentedRaftLogWorker.java:lambda$new$0(133)) - 415e1c7c-37cd-4b05-bb5a-d5c36360b865@group-84D30600AD6C-SegmentedRaftLogWorker: flushIndex: setUnconditionally 0 -> -1
2022-02-24 17:00:26,327 [pool-534-thread-1] INFO  segmented.SegmentedRaftLogWorker (SegmentedRaftLogWorker.java:lambda$new$0(133)) - 415e1c7c-37cd-4b05-bb5a-d5c36360b865@group-84D30600AD6C-SegmentedRaftLogWorker: safeCacheEvictIndex: setUnconditionally 0 -> -1
2022-02-24 17:00:26,333 [pool-534-thread-1] INFO  server.RaftServerConfigKeys (ConfUtils.java:logGet(44)) - raft.server.snapshot.auto.trigger.enabled = true (custom)
2022-02-24 17:00:26,333 [pool-534-thread-1] INFO  server.RaftServerConfigKeys (ConfUtils.java:logGet(44)) - raft.server.snapshot.auto.trigger.threshold = 1000 (custom)
2022-02-24 17:00:26,333 [pool-534-thread-1] INFO  server.RaftServerConfigKeys (ConfUtils.java:logGet(44)) - raft.server.snapshot.retention.file.num = -1 (default)
2022-02-24 17:00:26,333 [pool-534-thread-1] INFO  server.RaftServerConfigKeys (ConfUtils.java:logGet(44)) - raft.server.log.purge.upto.snapshot.index = false (default)
2022-02-24 17:00:26,333 [pool-534-thread-1] INFO  server.RaftServerConfigKeys (ConfUtils.java:logGet(44)) - raft.server.retrycache.expirytime = 60000ms (default)
2022-02-24 17:00:26,333 [pool-534-thread-1] INFO  server.RaftServerConfigKeys (ConfUtils.java:logGet(44)) - raft.server.retrycache.statistics.expirytime = 100μs (default)
2022-02-24 17:00:26,334 [Time-limited test] INFO  server.RaftServer$Division (RaftServerImpl.java:start(301)) - 415e1c7c-37cd-4b05-bb5a-d5c36360b865@group-84D30600AD6C: start as a follower, conf=-1: [415e1c7c-37cd-4b05-bb5a-d5c36360b865|rpc:fv-az59-243:9894|priority:0], old=null
2022-02-24 17:00:26,334 [Time-limited test] INFO  server.RaftServer$Division (RaftServerImpl.java:setRole(290)) - 415e1c7c-37cd-4b05-bb5a-d5c36360b865@group-84D30600AD6C: changes role from      null to FOLLOWER at term 0 for startAsFollower
2022-02-24 17:00:26,335 [Time-limited test] INFO  impl.RoleInfo (RoleInfo.java:updateAndGet(130)) - 415e1c7c-37cd-4b05-bb5a-d5c36360b865: start 415e1c7c-37cd-4b05-bb5a-d5c36360b865@group-84D30600AD6C-FollowerState
2022-02-24 17:00:26,339 [Time-limited test] INFO  util.JmxRegister (JmxRegister.java:tryRegister(44)) - Successfully registered JMX Bean with object name Ratis:service=RaftServer,group=group-84D30600AD6C,id=415e1c7c-37cd-4b05-bb5a-d5c36360b865
2022-02-24 17:00:26,351 [Time-limited test] INFO  server.RaftServer (RaftServerProxy.java:lambda$start$5(374)) - 415e1c7c-37cd-4b05-bb5a-d5c36360b865: start RPC server
2022-02-24 17:00:26,352 [Time-limited test] ERROR server.GrpcService (ExitUtils.java:terminate(133)) - Terminating with exit status 1: Failed to start Grpc server
java.io.IOException: Failed to bind
	at org.apache.ratis.thirdparty.io.grpc.netty.NettyServer.start(NettyServer.java:264)
	at org.apache.ratis.thirdparty.io.grpc.internal.ServerImpl.start(ServerImpl.java:183)
	at org.apache.ratis.thirdparty.io.grpc.internal.ServerImpl.start(ServerImpl.java:90)
	at org.apache.ratis.grpc.server.GrpcService.startImpl(GrpcService.java:249)
	at org.apache.ratis.util.LifeCycle.startAndTransition(LifeCycle.java:270)
	at org.apache.ratis.server.RaftServerRpcWithProxy.start(RaftServerRpcWithProxy.java:72)
	at org.apache.ratis.server.impl.RaftServerProxy.lambda$start$5(RaftServerProxy.java:375)
	at org.apache.ratis.util.LifeCycle.startAndTransition(LifeCycle.java:270)
	at org.apache.ratis.server.impl.RaftServerProxy.start(RaftServerProxy.java:373)
	at org.apache.hadoop.hdds.scm.ha.SCMRatisServerImpl.initialize(SCMRatisServerImpl.java:121)
	at org.apache.hadoop.ozone.MiniOzoneClusterImpl$Builder.initializeScmStorage(MiniOzoneClusterImpl.java:743)
	at org.apache.hadoop.ozone.MiniOzoneClusterImpl$Builder.createSCM(MiniOzoneClusterImpl.java:717)
	at org.apache.hadoop.ozone.MiniOzoneClusterImpl$Builder.build(MiniOzoneClusterImpl.java:587)
	at org.apache.hadoop.ozone.client.rpc.TestBlockOutputStreamWithFailuresFlushDelay.init(TestBlockOutputStreamWithFailuresFlushDelay.java:136)
	at sun.reflect.NativeMethodAccessorImpl.invoke0(Native Method)
	at sun.reflect.NativeMethodAccessorImpl.invoke(NativeMethodAccessorImpl.java:62)
	at sun.reflect.DelegatingMethodAccessorImpl.invoke(DelegatingMethodAccessorImpl.java:43)
	at java.lang.reflect.Method.invoke(Method.java:498)
	at org.junit.runners.model.FrameworkMethod$1.runReflectiveCall(FrameworkMethod.java:59)
	at org.junit.internal.runners.model.ReflectiveCallable.run(ReflectiveCallable.java:12)
	at org.junit.runners.model.FrameworkMethod.invokeExplosively(FrameworkMethod.java:56)
	at org.junit.internal.runners.statements.RunBefores.invokeMethod(RunBefores.java:33)
	at org.junit.internal.runners.statements.RunBefores.evaluate(RunBefores.java:24)
	at org.junit.internal.runners.statements.RunAfters.evaluate(RunAfters.java:27)
	at org.junit.internal.runners.statements.FailOnTimeout$CallableStatement.call(FailOnTimeout.java:288)
	at org.junit.internal.runners.statements.FailOnTimeout$CallableStatement.call(FailOnTimeout.java:282)
	at java.util.concurrent.FutureTask.run(FutureTask.java:266)
	at java.lang.Thread.run(Thread.java:750)
Caused by: org.apache.ratis.thirdparty.io.netty.channel.unix.Errors$NativeIoException: bind(..) failed: Address already in use
2022-02-24 17:00:26,356 [Time-limited test] INFO  server.RaftServer (RaftServerProxy.java:lambda$close$6(391)) - 415e1c7c-37cd-4b05-bb5a-d5c36360b865: close
2022-02-24 17:00:26,356 [Time-limited test] INFO  server.RaftServer$Division (RaftServerImpl.java:lambda$close$4(412)) - 415e1c7c-37cd-4b05-bb5a-d5c36360b865@group-84D30600AD6C: shutdown
2022-02-24 17:00:26,356 [Time-limited test] INFO  util.JmxRegister (JmxRegister.java:unregister(73)) - Successfully un-registered JMX Bean with object name Ratis:service=RaftServer,group=group-84D30600AD6C,id=415e1c7c-37cd-4b05-bb5a-d5c36360b865
2022-02-24 17:00:26,356 [Time-limited test] INFO  impl.RoleInfo (RoleInfo.java:shutdownFollowerState(108)) - 415e1c7c-37cd-4b05-bb5a-d5c36360b865: shutdown 415e1c7c-37cd-4b05-bb5a-d5c36360b865@group-84D30600AD6C-FollowerState
2022-02-24 17:00:26,356 [Time-limited test] INFO  impl.StateMachineUpdater (StateMachineUpdater.java:stopAndJoin(149)) - 415e1c7c-37cd-4b05-bb5a-d5c36360b865@group-84D30600AD6C-StateMachineUpdater: set stopIndex = -1
2022-02-24 17:00:26,356 [415e1c7c-37cd-4b05-bb5a-d5c36360b865@group-84D30600AD6C-FollowerState] INFO  impl.FollowerState (FollowerState.java:run(143)) - 415e1c7c-37cd-4b05-bb5a-d5c36360b865@group-84D30600AD6C-FollowerState was interrupted: {}
java.lang.InterruptedException: sleep interrupted
	at java.lang.Thread.sleep(Native Method)
	at java.lang.Thread.sleep(Thread.java:342)
	at java.util.concurrent.TimeUnit.sleep(TimeUnit.java:386)
	at org.apache.ratis.util.TimeDuration.sleep(TimeDuration.java:324)
	at org.apache.ratis.util.TimeDuration.sleep(TimeDuration.java:309)
	at org.apache.ratis.server.impl.FollowerState.run(FollowerState.java:118)
2022-02-24 17:00:26,356 [Time-limited test] INFO  server.RaftServer$Division (ServerState.java:close(419)) - 415e1c7c-37cd-4b05-bb5a-d5c36360b865@group-84D30600AD6C: closes. applyIndex: -1
2022-02-24 17:00:26,357 [415e1c7c-37cd-4b05-bb5a-d5c36360b865@group-84D30600AD6C-SegmentedRaftLogWorker] INFO  segmented.SegmentedRaftLogWorker (SegmentedRaftLogWorker.java:run(327)) - 415e1c7c-37cd-4b05-bb5a-d5c36360b865@group-84D30600AD6C-SegmentedRaftLogWorker was interrupted, exiting. There are 0 tasks remaining in the queue.
2022-02-24 17:00:26,357 [Time-limited test] INFO  segmented.SegmentedRaftLogWorker (SegmentedRaftLogWorker.java:close(237)) - 415e1c7c-37cd-4b05-bb5a-d5c36360b865@group-84D30600AD6C-SegmentedRaftLogWorker close()
]]></system-out>
  </testcase>
  <testcase name="testContainerClose" classname="org.apache.hadoop.ozone.client.rpc.TestBlockOutputStreamWithFailuresFlushDelay" time="0.22">
    <error message="Not started" type="java.lang.IllegalStateException">java.lang.IllegalStateException: Not started
	at org.apache.ratis.thirdparty.com.google.common.base.Preconditions.checkState(Preconditions.java:508)
	at org.apache.ratis.thirdparty.io.grpc.internal.ServerImpl.getPort(ServerImpl.java:196)
	at org.apache.ratis.grpc.server.GrpcService.closeImpl(GrpcService.java:261)
	at org.apache.ratis.util.LifeCycle.lambda$checkStateAndClose$4(LifeCycle.java:299)
	at org.apache.ratis.util.LifeCycle.checkStateAndClose(LifeCycle.java:319)
	at org.apache.ratis.util.LifeCycle.checkStateAndClose(LifeCycle.java:297)
	at org.apache.ratis.server.RaftServerRpcWithProxy.close(RaftServerRpcWithProxy.java:80)
	at org.apache.ratis.server.impl.RaftServerProxy.lambda$close$6(RaftServerProxy.java:395)
	at org.apache.ratis.util.LifeCycle.lambda$checkStateAndClose$4(LifeCycle.java:299)
	at org.apache.ratis.util.LifeCycle.checkStateAndClose(LifeCycle.java:319)
	at org.apache.ratis.util.LifeCycle.checkStateAndClose(LifeCycle.java:297)
	at org.apache.ratis.server.impl.RaftServerProxy.close(RaftServerProxy.java:390)
	at org.apache.hadoop.hdds.scm.ha.SCMRatisServerImpl.initialize(SCMRatisServerImpl.java:125)
	at org.apache.hadoop.ozone.MiniOzoneClusterImpl$Builder.initializeScmStorage(MiniOzoneClusterImpl.java:743)
	at org.apache.hadoop.ozone.MiniOzoneClusterImpl$Builder.createSCM(MiniOzoneClusterImpl.java:717)
	at org.apache.hadoop.ozone.MiniOzoneClusterImpl$Builder.build(MiniOzoneClusterImpl.java:587)
	at org.apache.hadoop.ozone.client.rpc.TestBlockOutputStreamWithFailuresFlushDelay.init(TestBlockOutputStreamWithFailuresFlushDelay.java:136)
	at sun.reflect.NativeMethodAccessorImpl.invoke0(Native Method)
	at sun.reflect.NativeMethodAccessorImpl.invoke(NativeMethodAccessorImpl.java:62)
	at sun.reflect.DelegatingMethodAccessorImpl.invoke(DelegatingMethodAccessorImpl.java:43)
	at java.lang.reflect.Method.invoke(Method.java:498)
	at org.junit.runners.model.FrameworkMethod$1.runReflectiveCall(FrameworkMethod.java:59)
	at org.junit.internal.runners.model.ReflectiveCallable.run(ReflectiveCallable.java:12)
	at org.junit.runners.model.FrameworkMethod.invokeExplosively(FrameworkMethod.java:56)
	at org.junit.internal.runners.statements.RunBefores.invokeMethod(RunBefores.java:33)
	at org.junit.internal.runners.statements.RunBefores.evaluate(RunBefores.java:24)
	at org.junit.internal.runners.statements.RunAfters.evaluate(RunAfters.java:27)
	at org.junit.internal.runners.statements.FailOnTimeout$CallableStatement.call(FailOnTimeout.java:288)
	at org.junit.internal.runners.statements.FailOnTimeout$CallableStatement.call(FailOnTimeout.java:282)
	at java.util.concurrent.FutureTask.run(FutureTask.java:266)
	at java.lang.Thread.run(Thread.java:750)
</error>
    <system-out><![CDATA[2022-02-24 17:00:26,434 [Time-limited test] WARN  server.ServerUtils (ServerUtils.java:getScmDbDir(148)) - ozone.scm.db.dirs is not configured. We recommend adding this setting. Falling back to ozone.metadata.dirs instead.
2022-02-24 17:00:26,437 [Time-limited test] INFO  ha.SCMHANodeDetails (SCMHANodeDetails.java:loadSCMHAConfig(157)) - ServiceID for StorageContainerManager is null
2022-02-24 17:00:26,437 [Time-limited test] INFO  ha.SCMHANodeDetails (SCMHANodeDetails.java:loadSCMHAConfig(162)) - ozone.scm.default.service.id is not defined, falling back to ozone.scm.service.ids to find serviceID for StorageContainerManager if it is HA enabled cluster
2022-02-24 17:00:26,437 [Time-limited test] INFO  server.RaftServer (ConfUtils.java:logGet(44)) - raft.rpc.type = GRPC (default)
2022-02-24 17:00:26,438 [Time-limited test] INFO  grpc.GrpcFactory (GrpcFactory.java:checkPooledByteBufAllocatorUseCacheForAllThreads(48)) - PERFORMANCE WARNING: useCacheForAllThreads is true that may cause Netty to create a lot garbage objects and, as a result, trigger GC.
	It is recommended to disable useCacheForAllThreads by setting -Dorg.apache.ratis.thirdparty.io.netty.allocator.useCacheForAllThreads=false in command line.
2022-02-24 17:00:26,438 [Time-limited test] INFO  grpc.GrpcConfigKeys (ConfUtils.java:logGet(44)) - raft.grpc.admin.port = -1 (default)
2022-02-24 17:00:26,438 [Time-limited test] INFO  grpc.GrpcConfigKeys (ConfUtils.java:logGet(44)) - raft.grpc.server.port = 9894 (custom)
2022-02-24 17:00:26,438 [Time-limited test] INFO  grpc.GrpcConfigKeys (ConfUtils.java:logGet(44)) - raft.grpc.client.port = -1 (default)
2022-02-24 17:00:26,438 [Time-limited test] INFO  grpc.GrpcConfigKeys (ConfUtils.java:logGet(44)) - raft.grpc.server.port = 9894 (custom)
2022-02-24 17:00:26,438 [Time-limited test] INFO  grpc.GrpcConfigKeys (ConfUtils.java:logGet(44)) - raft.grpc.server.port = 9894 (custom)
2022-02-24 17:00:26,438 [Time-limited test] INFO  server.GrpcService (ConfUtils.java:logGet(44)) - raft.grpc.message.size.max = 32m (=33554432) (custom)
2022-02-24 17:00:26,438 [Time-limited test] INFO  server.RaftServerConfigKeys (ConfUtils.java:logGet(44)) - raft.server.log.appender.buffer.byte-limit = 33554432 (custom)
2022-02-24 17:00:26,438 [Time-limited test] INFO  server.GrpcService (ConfUtils.java:logGet(44)) - raft.grpc.flow.control.window = 1MB (=1048576) (default)
2022-02-24 17:00:26,438 [Time-limited test] INFO  server.RaftServerConfigKeys (ConfUtils.java:logGet(44)) - raft.server.rpc.request.timeout = 30000ms (custom)
2022-02-24 17:00:26,439 [Time-limited test] INFO  impl.DataStreamServerImpl (ConfUtils.java:logGet(44)) - raft.datastream.type = DISABLED (default)
2022-02-24 17:00:26,440 [Time-limited test] INFO  server.RaftServerConfigKeys (ConfUtils.java:logGet(44)) - raft.server.rpc.slowness.timeout = 120000ms (custom)
2022-02-24 17:00:26,440 [Time-limited test] INFO  server.RaftServerConfigKeys (ConfUtils.java:logGet(44)) - raft.server.leaderelection.leader.step-down.wait-time = 10s (default)
2022-02-24 17:00:26,440 [Time-limited test] INFO  server.RaftServerConfigKeys (ConfUtils.java:logGet(44)) - raft.server.storage.dir = [/home/runner/work/ozone/ozone/hadoop-ozone/integration-test/target/test-dir/MiniOzoneClusterImpl-909855e4-3cd3-42dc-a4fe-0902ee710bb1/ozone-meta/scm-ha] (custom)
2022-02-24 17:00:26,495 [Time-limited test] INFO  server.RaftServer (RaftServerProxy.java:addNew(95)) - 9f58217d-d277-4e77-a21e-c93671c8556b: addNew group-0902EE710BB1:[9f58217d-d277-4e77-a21e-c93671c8556b|rpc:fv-az59-243:9894|priority:0] returns group-0902EE710BB1:java.util.concurrent.CompletableFuture@2dd78289[Not completed]
2022-02-24 17:00:26,495 [pool-535-thread-1] INFO  server.RaftServer$Division (RaftServerImpl.java:<init>(184)) - 9f58217d-d277-4e77-a21e-c93671c8556b: new RaftServerImpl for group-0902EE710BB1:[9f58217d-d277-4e77-a21e-c93671c8556b|rpc:fv-az59-243:9894|priority:0] with SCMStateMachine:uninitialized
2022-02-24 17:00:26,515 [pool-535-thread-1] INFO  server.RaftServerConfigKeys (ConfUtils.java:logGet(44)) - raft.server.rpc.timeout.min = 5000ms (custom)
2022-02-24 17:00:26,515 [pool-535-thread-1] INFO  server.RaftServerConfigKeys (ConfUtils.java:logGet(44)) - raft.server.rpc.timeout.max = 5200ms (custom)
2022-02-24 17:00:26,515 [pool-535-thread-1] INFO  server.RaftServerConfigKeys (ConfUtils.java:logGet(44)) - raft.server.rpc.sleep.time = 25ms (default)
2022-02-24 17:00:26,515 [pool-535-thread-1] INFO  server.RaftServerConfigKeys (ConfUtils.java:logGet(44)) - raft.server.rpc.slowness.timeout = 120000ms (custom)
2022-02-24 17:00:26,515 [pool-535-thread-1] INFO  server.RaftServerConfigKeys (ConfUtils.java:logGet(44)) - raft.server.leaderelection.leader.step-down.wait-time = 10s (default)
2022-02-24 17:00:26,515 [pool-535-thread-1] INFO  server.RaftServerConfigKeys (ConfUtils.java:logGet(44)) - raft.server.sleep.deviation.threshold = 300ms (default)
2022-02-24 17:00:26,515 [pool-535-thread-1] INFO  server.RaftServerConfigKeys (ConfUtils.java:logGet(44)) - raft.server.log.appender.install.snapshot.enabled = false (custom)
2022-02-24 17:00:26,515 [pool-535-thread-1] INFO  server.RaftServer$Division (ServerState.java:<init>(105)) - 9f58217d-d277-4e77-a21e-c93671c8556b@group-0902EE710BB1: ConfigurationManager, init=-1: [9f58217d-d277-4e77-a21e-c93671c8556b|rpc:fv-az59-243:9894|priority:0], old=null, confs=<EMPTY_MAP>
2022-02-24 17:00:26,515 [pool-535-thread-1] INFO  server.RaftServerConfigKeys (ConfUtils.java:logGet(44)) - raft.server.storage.dir = [/home/runner/work/ozone/ozone/hadoop-ozone/integration-test/target/test-dir/MiniOzoneClusterImpl-909855e4-3cd3-42dc-a4fe-0902ee710bb1/ozone-meta/scm-ha] (custom)
2022-02-24 17:00:26,516 [pool-535-thread-1] INFO  server.RaftServerConfigKeys (ConfUtils.java:logGet(44)) - raft.server.log.corruption.policy = EXCEPTION (default)
2022-02-24 17:00:26,516 [pool-535-thread-1] INFO  server.RaftServerConfigKeys (ConfUtils.java:logGet(44)) - raft.server.storage.free-space.min = 0MB (=0) (default)
2022-02-24 17:00:26,516 [pool-535-thread-1] INFO  storage.RaftStorageDirectory (RaftStorageDirectoryImpl.java:analyzeStorage(135)) - The storage directory /home/runner/work/ozone/ozone/hadoop-ozone/integration-test/target/test-dir/MiniOzoneClusterImpl-909855e4-3cd3-42dc-a4fe-0902ee710bb1/ozone-meta/scm-ha/909855e4-3cd3-42dc-a4fe-0902ee710bb1 does not exist. Creating ...
2022-02-24 17:00:26,517 [pool-535-thread-1] INFO  storage.RaftStorageDirectory (RaftStorageDirectoryImpl.java:tryLock(230)) - Lock on /home/runner/work/ozone/ozone/hadoop-ozone/integration-test/target/test-dir/MiniOzoneClusterImpl-909855e4-3cd3-42dc-a4fe-0902ee710bb1/ozone-meta/scm-ha/909855e4-3cd3-42dc-a4fe-0902ee710bb1/in_use.lock acquired by nodename 3150@fv-az59-243
2022-02-24 17:00:26,519 [pool-535-thread-1] INFO  storage.RaftStorage (RaftStorageImpl.java:format(89)) - Storage directory /home/runner/work/ozone/ozone/hadoop-ozone/integration-test/target/test-dir/MiniOzoneClusterImpl-909855e4-3cd3-42dc-a4fe-0902ee710bb1/ozone-meta/scm-ha/909855e4-3cd3-42dc-a4fe-0902ee710bb1 has been successfully formatted.
2022-02-24 17:00:26,519 [pool-535-thread-1] INFO  server.RaftServerConfigKeys (ConfUtils.java:logGet(44)) - raft.server.notification.no-leader.timeout = 60s (default)
2022-02-24 17:00:26,519 [pool-535-thread-1] INFO  server.RaftServerConfigKeys (ConfUtils.java:logGet(44)) - raft.server.log.use.memory = false (default)
2022-02-24 17:00:26,519 [pool-535-thread-1] INFO  server.RaftServerConfigKeys (ConfUtils.java:logGet(44)) - raft.server.log.purge.gap = 1000000 (custom)
2022-02-24 17:00:26,519 [pool-535-thread-1] INFO  server.RaftServerConfigKeys (ConfUtils.java:logGet(44)) - raft.server.log.appender.buffer.byte-limit = 33554432 (custom)
2022-02-24 17:00:26,519 [pool-535-thread-1] INFO  server.RaftServerConfigKeys (ConfUtils.java:logGet(44)) - raft.server.log.segment.size.max = 4194304 (custom)
2022-02-24 17:00:26,520 [pool-535-thread-1] INFO  server.RaftServerConfigKeys (ConfUtils.java:logGet(44)) - raft.server.log.segment.cache.num.max = 2 (custom)
2022-02-24 17:00:26,520 [pool-535-thread-1] INFO  server.RaftServerConfigKeys (ConfUtils.java:logGet(44)) - raft.server.log.segment.cache.size.max = 200MB (=209715200) (default)
2022-02-24 17:00:26,520 [pool-535-thread-1] INFO  segmented.SegmentedRaftLogWorker (SegmentedRaftLogWorker.java:<init>(182)) - new 9f58217d-d277-4e77-a21e-c93671c8556b@group-0902EE710BB1-SegmentedRaftLogWorker for RaftStorageImpl:Storage Directory /home/runner/work/ozone/ozone/hadoop-ozone/integration-test/target/test-dir/MiniOzoneClusterImpl-909855e4-3cd3-42dc-a4fe-0902ee710bb1/ozone-meta/scm-ha/909855e4-3cd3-42dc-a4fe-0902ee710bb1
2022-02-24 17:00:26,520 [pool-535-thread-1] INFO  server.RaftServerConfigKeys (ConfUtils.java:logGet(44)) - raft.server.log.queue.byte-limit = 64MB (=67108864) (default)
2022-02-24 17:00:26,520 [pool-535-thread-1] INFO  server.RaftServerConfigKeys (ConfUtils.java:logGet(44)) - raft.server.log.queue.element-limit = 4096 (default)
2022-02-24 17:00:26,520 [pool-535-thread-1] INFO  server.RaftServerConfigKeys (ConfUtils.java:logGet(44)) - raft.server.log.segment.size.max = 4194304 (custom)
2022-02-24 17:00:26,520 [pool-535-thread-1] INFO  server.RaftServerConfigKeys (ConfUtils.java:logGet(44)) - raft.server.log.preallocated.size = 4194304 (custom)
2022-02-24 17:00:26,520 [pool-535-thread-1] INFO  server.RaftServerConfigKeys (ConfUtils.java:logGet(44)) - raft.server.log.force.sync.num = 128 (default)
2022-02-24 17:00:26,520 [pool-535-thread-1] INFO  server.RaftServerConfigKeys (ConfUtils.java:logGet(44)) - raft.server.log.statemachine.data.sync = true (default)
2022-02-24 17:00:26,520 [pool-535-thread-1] INFO  server.RaftServerConfigKeys (ConfUtils.java:logGet(44)) - raft.server.log.statemachine.data.sync.timeout = 10s (default)
2022-02-24 17:00:26,520 [pool-535-thread-1] INFO  server.RaftServerConfigKeys (ConfUtils.java:logGet(44)) - raft.server.log.statemachine.data.sync.timeout.retry = -1 (default)
2022-02-24 17:00:26,521 [pool-535-thread-1] INFO  server.RaftServerConfigKeys (ConfUtils.java:logGet(44)) - raft.server.log.write.buffer.size = 64KB (=65536) (default)
2022-02-24 17:00:26,521 [pool-535-thread-1] INFO  server.RaftServerConfigKeys (ConfUtils.java:logGet(44)) - raft.server.log.statemachine.data.caching.enabled = false (default)
2022-02-24 17:00:26,528 [pool-535-thread-1] INFO  segmented.SegmentedRaftLogWorker (SegmentedRaftLogWorker.java:lambda$new$0(133)) - 9f58217d-d277-4e77-a21e-c93671c8556b@group-0902EE710BB1-SegmentedRaftLogWorker: flushIndex: setUnconditionally 0 -> -1
2022-02-24 17:00:26,528 [pool-535-thread-1] INFO  segmented.SegmentedRaftLogWorker (SegmentedRaftLogWorker.java:lambda$new$0(133)) - 9f58217d-d277-4e77-a21e-c93671c8556b@group-0902EE710BB1-SegmentedRaftLogWorker: safeCacheEvictIndex: setUnconditionally 0 -> -1
2022-02-24 17:00:26,534 [pool-535-thread-1] INFO  server.RaftServerConfigKeys (ConfUtils.java:logGet(44)) - raft.server.snapshot.auto.trigger.enabled = true (custom)
2022-02-24 17:00:26,534 [pool-535-thread-1] INFO  server.RaftServerConfigKeys (ConfUtils.java:logGet(44)) - raft.server.snapshot.auto.trigger.threshold = 1000 (custom)
2022-02-24 17:00:26,535 [pool-535-thread-1] INFO  server.RaftServerConfigKeys (ConfUtils.java:logGet(44)) - raft.server.snapshot.retention.file.num = -1 (default)
2022-02-24 17:00:26,535 [pool-535-thread-1] INFO  server.RaftServerConfigKeys (ConfUtils.java:logGet(44)) - raft.server.log.purge.upto.snapshot.index = false (default)
2022-02-24 17:00:26,535 [pool-535-thread-1] INFO  server.RaftServerConfigKeys (ConfUtils.java:logGet(44)) - raft.server.retrycache.expirytime = 60000ms (default)
2022-02-24 17:00:26,535 [pool-535-thread-1] INFO  server.RaftServerConfigKeys (ConfUtils.java:logGet(44)) - raft.server.retrycache.statistics.expirytime = 100μs (default)
2022-02-24 17:00:26,536 [Time-limited test] INFO  server.RaftServer$Division (RaftServerImpl.java:start(301)) - 9f58217d-d277-4e77-a21e-c93671c8556b@group-0902EE710BB1: start as a follower, conf=-1: [9f58217d-d277-4e77-a21e-c93671c8556b|rpc:fv-az59-243:9894|priority:0], old=null
2022-02-24 17:00:26,536 [Time-limited test] INFO  server.RaftServer$Division (RaftServerImpl.java:setRole(290)) - 9f58217d-d277-4e77-a21e-c93671c8556b@group-0902EE710BB1: changes role from      null to FOLLOWER at term 0 for startAsFollower
2022-02-24 17:00:26,536 [Time-limited test] INFO  impl.RoleInfo (RoleInfo.java:updateAndGet(130)) - 9f58217d-d277-4e77-a21e-c93671c8556b: start 9f58217d-d277-4e77-a21e-c93671c8556b@group-0902EE710BB1-FollowerState
2022-02-24 17:00:26,548 [Time-limited test] INFO  util.JmxRegister (JmxRegister.java:tryRegister(44)) - Successfully registered JMX Bean with object name Ratis:service=RaftServer,group=group-0902EE710BB1,id=9f58217d-d277-4e77-a21e-c93671c8556b
2022-02-24 17:00:26,550 [Time-limited test] INFO  server.RaftServer (RaftServerProxy.java:lambda$start$5(374)) - 9f58217d-d277-4e77-a21e-c93671c8556b: start RPC server
2022-02-24 17:00:26,583 [Time-limited test] ERROR server.GrpcService (ExitUtils.java:terminate(133)) - Terminating with exit status 1: Failed to start Grpc server
java.io.IOException: Failed to bind
	at org.apache.ratis.thirdparty.io.grpc.netty.NettyServer.start(NettyServer.java:264)
	at org.apache.ratis.thirdparty.io.grpc.internal.ServerImpl.start(ServerImpl.java:183)
	at org.apache.ratis.thirdparty.io.grpc.internal.ServerImpl.start(ServerImpl.java:90)
	at org.apache.ratis.grpc.server.GrpcService.startImpl(GrpcService.java:249)
	at org.apache.ratis.util.LifeCycle.startAndTransition(LifeCycle.java:270)
	at org.apache.ratis.server.RaftServerRpcWithProxy.start(RaftServerRpcWithProxy.java:72)
	at org.apache.ratis.server.impl.RaftServerProxy.lambda$start$5(RaftServerProxy.java:375)
	at org.apache.ratis.util.LifeCycle.startAndTransition(LifeCycle.java:270)
	at org.apache.ratis.server.impl.RaftServerProxy.start(RaftServerProxy.java:373)
	at org.apache.hadoop.hdds.scm.ha.SCMRatisServerImpl.initialize(SCMRatisServerImpl.java:121)
	at org.apache.hadoop.ozone.MiniOzoneClusterImpl$Builder.initializeScmStorage(MiniOzoneClusterImpl.java:743)
	at org.apache.hadoop.ozone.MiniOzoneClusterImpl$Builder.createSCM(MiniOzoneClusterImpl.java:717)
	at org.apache.hadoop.ozone.MiniOzoneClusterImpl$Builder.build(MiniOzoneClusterImpl.java:587)
	at org.apache.hadoop.ozone.client.rpc.TestBlockOutputStreamWithFailuresFlushDelay.init(TestBlockOutputStreamWithFailuresFlushDelay.java:136)
	at sun.reflect.NativeMethodAccessorImpl.invoke0(Native Method)
	at sun.reflect.NativeMethodAccessorImpl.invoke(NativeMethodAccessorImpl.java:62)
	at sun.reflect.DelegatingMethodAccessorImpl.invoke(DelegatingMethodAccessorImpl.java:43)
	at java.lang.reflect.Method.invoke(Method.java:498)
	at org.junit.runners.model.FrameworkMethod$1.runReflectiveCall(FrameworkMethod.java:59)
	at org.junit.internal.runners.model.ReflectiveCallable.run(ReflectiveCallable.java:12)
	at org.junit.runners.model.FrameworkMethod.invokeExplosively(FrameworkMethod.java:56)
	at org.junit.internal.runners.statements.RunBefores.invokeMethod(RunBefores.java:33)
	at org.junit.internal.runners.statements.RunBefores.evaluate(RunBefores.java:24)
	at org.junit.internal.runners.statements.RunAfters.evaluate(RunAfters.java:27)
	at org.junit.internal.runners.statements.FailOnTimeout$CallableStatement.call(FailOnTimeout.java:288)
	at org.junit.internal.runners.statements.FailOnTimeout$CallableStatement.call(FailOnTimeout.java:282)
	at java.util.concurrent.FutureTask.run(FutureTask.java:266)
	at java.lang.Thread.run(Thread.java:750)
Caused by: org.apache.ratis.thirdparty.io.netty.channel.unix.Errors$NativeIoException: bind(..) failed: Address already in use
2022-02-24 17:00:26,595 [Time-limited test] INFO  server.RaftServer (RaftServerProxy.java:lambda$close$6(391)) - 9f58217d-d277-4e77-a21e-c93671c8556b: close
2022-02-24 17:00:26,595 [Time-limited test] INFO  server.RaftServer$Division (RaftServerImpl.java:lambda$close$4(412)) - 9f58217d-d277-4e77-a21e-c93671c8556b@group-0902EE710BB1: shutdown
2022-02-24 17:00:26,595 [Time-limited test] INFO  util.JmxRegister (JmxRegister.java:unregister(73)) - Successfully un-registered JMX Bean with object name Ratis:service=RaftServer,group=group-0902EE710BB1,id=9f58217d-d277-4e77-a21e-c93671c8556b
2022-02-24 17:00:26,595 [Time-limited test] INFO  impl.RoleInfo (RoleInfo.java:shutdownFollowerState(108)) - 9f58217d-d277-4e77-a21e-c93671c8556b: shutdown 9f58217d-d277-4e77-a21e-c93671c8556b@group-0902EE710BB1-FollowerState
2022-02-24 17:00:26,595 [Time-limited test] INFO  impl.StateMachineUpdater (StateMachineUpdater.java:stopAndJoin(149)) - 9f58217d-d277-4e77-a21e-c93671c8556b@group-0902EE710BB1-StateMachineUpdater: set stopIndex = -1
2022-02-24 17:00:26,595 [9f58217d-d277-4e77-a21e-c93671c8556b@group-0902EE710BB1-FollowerState] INFO  impl.FollowerState (FollowerState.java:run(143)) - 9f58217d-d277-4e77-a21e-c93671c8556b@group-0902EE710BB1-FollowerState was interrupted: {}
java.lang.InterruptedException: sleep interrupted
	at java.lang.Thread.sleep(Native Method)
	at java.lang.Thread.sleep(Thread.java:342)
	at java.util.concurrent.TimeUnit.sleep(TimeUnit.java:386)
	at org.apache.ratis.util.TimeDuration.sleep(TimeDuration.java:324)
	at org.apache.ratis.util.TimeDuration.sleep(TimeDuration.java:309)
	at org.apache.ratis.server.impl.FollowerState.run(FollowerState.java:118)
2022-02-24 17:00:26,595 [Time-limited test] INFO  server.RaftServer$Division (ServerState.java:close(419)) - 9f58217d-d277-4e77-a21e-c93671c8556b@group-0902EE710BB1: closes. applyIndex: -1
2022-02-24 17:00:26,596 [9f58217d-d277-4e77-a21e-c93671c8556b@group-0902EE710BB1-SegmentedRaftLogWorker] INFO  segmented.SegmentedRaftLogWorker (SegmentedRaftLogWorker.java:run(327)) - 9f58217d-d277-4e77-a21e-c93671c8556b@group-0902EE710BB1-SegmentedRaftLogWorker was interrupted, exiting. There are 0 tasks remaining in the queue.
2022-02-24 17:00:26,596 [Time-limited test] INFO  segmented.SegmentedRaftLogWorker (SegmentedRaftLogWorker.java:close(237)) - 9f58217d-d277-4e77-a21e-c93671c8556b@group-0902EE710BB1-SegmentedRaftLogWorker close()
]]></system-out>
  </testcase>
</testsuite>