<?xml version="1.0" encoding="UTF-8"?>
<testsuite xmlns:xsi="http://www.w3.org/2001/XMLSchema-instance" xsi:noNamespaceSchemaLocation="https://maven.apache.org/surefire/maven-surefire-plugin/xsd/surefire-test-report-3.0.xsd" version="3.0" name="org.apache.hadoop.hdds.scm.TestSecretKeysApi" time="188.991" tests="4" errors="0" skipped="0" failures="1">
  <properties>
    <property name="java.specification.version" value="17"/>
    <property name="sun.jnu.encoding" value="UTF-8"/>
    <property name="java.class.path" value="/home/runner/work/ozone/ozone/hadoop-ozone/integration-test/target/test-classes:/home/runner/work/ozone/ozone/hadoop-ozone/integration-test/target/classes:/home/runner/work/ozone/ozone/hadoop-ozone/common/target/ozone-common-1.5.0-SNAPSHOT.jar:/home/runner/.m2/repository/io/grpc/grpc-netty/1.58.0/grpc-netty-1.58.0.jar:/home/runner/.m2/repository/io/grpc/grpc-core/1.58.0/grpc-core-1.58.0.jar:/home/runner/.m2/repository/com/google/android/annotations/4.1.1.4/annotations-4.1.1.4.jar:/home/runner/.m2/repository/org/codehaus/mojo/animal-sniffer-annotations/1.23/animal-sniffer-annotations-1.23.jar:/home/runner/.m2/repository/io/grpc/grpc-context/1.58.0/grpc-context-1.58.0.jar:/home/runner/.m2/repository/io/grpc/grpc-util/1.58.0/grpc-util-1.58.0.jar:/home/runner/.m2/repository/com/google/errorprone/error_prone_annotations/2.2.0/error_prone_annotations-2.2.0.jar:/home/runner/.m2/repository/io/perfmark/perfmark-api/0.26.0/perfmark-api-0.26.0.jar:/home/runner/.m2/repository/io/netty/netty-codec-http2/4.1.109.Final/netty-codec-http2-4.1.109.Final.jar:/home/runner/.m2/repository/io/netty/netty-common/4.1.109.Final/netty-common-4.1.109.Final.jar:/home/runner/.m2/repository/io/netty/netty-buffer/4.1.109.Final/netty-buffer-4.1.109.Final.jar:/home/runner/.m2/repository/io/netty/netty-codec-http/4.1.109.Final/netty-codec-http-4.1.109.Final.jar:/home/runner/.m2/repository/io/netty/netty-handler-proxy/4.1.109.Final/netty-handler-proxy-4.1.109.Final.jar:/home/runner/.m2/repository/io/netty/netty-codec-socks/4.1.109.Final/netty-codec-socks-4.1.109.Final.jar:/home/runner/.m2/repository/io/netty/netty-tcnative-boringssl-static/2.0.65.Final/netty-tcnative-boringssl-static-2.0.65.Final.jar:/home/runner/.m2/repository/io/netty/netty-tcnative-classes/2.0.65.Final/netty-tcnative-classes-2.0.65.Final.jar:/home/runner/.m2/repository/io/netty/netty-tcnative-boringssl-static/2.0.65.Final/netty-tcnative-boringssl-static-2.0.65.Final-linux-x86_64.jar:/home/runner/.m2/repository/io/netty/netty-tcnative-boringssl-static/2.0.65.Final/netty-tcnative-boringssl-static-2.0.65.Final-linux-aarch_64.jar:/home/runner/.m2/repository/io/netty/netty-tcnative-boringssl-static/2.0.65.Final/netty-tcnative-boringssl-static-2.0.65.Final-osx-x86_64.jar:/home/runner/.m2/repository/io/netty/netty-tcnative-boringssl-static/2.0.65.Final/netty-tcnative-boringssl-static-2.0.65.Final-osx-aarch_64.jar:/home/runner/.m2/repository/io/netty/netty-tcnative-boringssl-static/2.0.65.Final/netty-tcnative-boringssl-static-2.0.65.Final-windows-x86_64.jar:/home/runner/.m2/repository/org/apache/commons/commons-compress/1.26.0/commons-compress-1.26.0.jar:/home/runner/work/ozone/ozone/hadoop-hdds/common/target/hdds-common-1.5.0-SNAPSHOT.jar:/home/runner/work/ozone/ozone/hadoop-hdds/client/target/hdds-client-1.5.0-SNAPSHOT.jar:/home/runner/work/ozone/ozone/hadoop-ozone/interface-client/target/ozone-interface-client-1.5.0-SNAPSHOT.jar:/home/runner/.m2/repository/org/apache/hadoop/hadoop-hdfs-client/3.3.6/hadoop-hdfs-client-3.3.6.jar:/home/runner/.m2/repository/com/squareup/okhttp3/okhttp/4.12.0/okhttp-4.12.0.jar:/home/runner/.m2/repository/com/squareup/okio/okio/3.6.0/okio-3.6.0.jar:/home/runner/.m2/repository/com/squareup/okio/okio-jvm/3.6.0/okio-jvm-3.6.0.jar:/home/runner/.m2/repository/org/jetbrains/kotlin/kotlin-stdlib-jdk8/1.9.24/kotlin-stdlib-jdk8-1.9.24.jar:/home/runner/.m2/repository/org/jetbrains/kotlin/kotlin-stdlib-jdk7/1.9.24/kotlin-stdlib-jdk7-1.9.24.jar:/home/runner/.m2/repository/org/jetbrains/kotlin/kotlin-stdlib-common/1.9.24/kotlin-stdlib-common-1.9.24.jar:/home/runner/.m2/repository/com/github/stephenc/jcip/jcip-annotations/1.0-1/jcip-annotations-1.0-1.jar:/home/runner/work/ozone/ozone/hadoop-hdds/test-utils/target/hdds-test-utils-1.5.0-SNAPSHOT.jar:/home/runner/.m2/repository/org/assertj/assertj-core/3.26.0/assertj-core-3.26.0.jar:/home/runner/.m2/repository/net/bytebuddy/byte-buddy/1.14.16/byte-buddy-1.14.16.jar:/home/runner/.m2/repository/com/google/guava/guava/32.1.3-jre/guava-32.1.3-jre.jar:/home/runner/.m2/repository/com/google/guava/failureaccess/1.0.1/failureaccess-1.0.1.jar:/home/runner/.m2/repository/com/google/guava/listenablefuture/9999.0-empty-to-avoid-conflict-with-guava/listenablefuture-9999.0-empty-to-avoid-conflict-with-guava.jar:/home/runner/.m2/repository/org/checkerframework/checker-qual/3.37.0/checker-qual-3.37.0.jar:/home/runner/.m2/repository/com/google/j2objc/j2objc-annotations/2.8/j2objc-annotations-2.8.jar:/home/runner/.m2/repository/commons-io/commons-io/2.16.1/commons-io-2.16.1.jar:/home/runner/.m2/repository/commons-logging/commons-logging/1.2/commons-logging-1.2.jar:/home/runner/.m2/repository/org/junit/jupiter/junit-jupiter-api/5.10.3/junit-jupiter-api-5.10.3.jar:/home/runner/.m2/repository/org/opentest4j/opentest4j/1.3.0/opentest4j-1.3.0.jar:/home/runner/.m2/repository/org/junit/platform/junit-platform-commons/1.10.3/junit-platform-commons-1.10.3.jar:/home/runner/.m2/repository/ch/qos/reload4j/reload4j/1.2.25/reload4j-1.2.25.jar:/home/runner/.m2/repository/jakarta/annotation/jakarta.annotation-api/2.1.1/jakarta.annotation-api-2.1.1.jar:/home/runner/.m2/repository/org/slf4j/slf4j-api/2.0.13/slf4j-api-2.0.13.jar:/home/runner/.m2/repository/org/apache/logging/log4j/log4j-api/2.17.1/log4j-api-2.17.1.jar:/home/runner/work/ozone/ozone/hadoop-hdds/server-scm/target/hdds-server-scm-1.5.0-SNAPSHOT.jar:/home/runner/.m2/repository/com/google/protobuf/protobuf-java/2.5.0/protobuf-java-2.5.0.jar:/home/runner/work/ozone/ozone/hadoop-hdds/container-service/target/hdds-container-service-1.5.0-SNAPSHOT.jar:/home/runner/work/ozone/ozone/hadoop-hdds/hadoop-dependency-server/target/hdds-hadoop-dependency-server-1.5.0-SNAPSHOT.jar:/home/runner/.m2/repository/com/nimbusds/nimbus-jose-jwt/9.40/nimbus-jose-jwt-9.40.jar:/home/runner/.m2/repository/org/apache/hadoop/hadoop-hdfs/3.3.6/hadoop-hdfs-3.3.6.jar:/home/runner/.m2/repository/commons-daemon/commons-daemon/1.3.4/commons-daemon-1.3.4.jar:/home/runner/.m2/repository/org/apache/kerby/kerb-core/1.0.1/kerb-core-1.0.1.jar:/home/runner/.m2/repository/org/apache/kerby/kerby-pkix/1.0.1/kerby-pkix-1.0.1.jar:/home/runner/.m2/repository/org/apache/kerby/kerby-asn1/1.0.1/kerby-asn1-1.0.1.jar:/home/runner/.m2/repository/org/apache/kerby/kerby-util/1.0.1/kerby-util-1.0.1.jar:/home/runner/.m2/repository/org/apache/kerby/kerb-util/1.0.1/kerb-util-1.0.1.jar:/home/runner/.m2/repository/org/apache/kerby/kerby-config/1.0.1/kerby-config-1.0.1.jar:/home/runner/.m2/repository/org/apache/kerby/kerb-crypto/1.0.1/kerb-crypto-1.0.1.jar:/home/runner/.m2/repository/org/xerial/snappy/snappy-java/1.1.10.5/snappy-java-1.1.10.5.jar:/home/runner/work/ozone/ozone/hadoop-hdds/framework/target/hdds-server-framework-1.5.0-SNAPSHOT.jar:/home/runner/.m2/repository/org/bouncycastle/bcprov-jdk18on/1.78.1/bcprov-jdk18on-1.78.1.jar:/home/runner/.m2/repository/io/dropwizard/metrics/metrics-core/3.2.6/metrics-core-3.2.6.jar:/home/runner/.m2/repository/org/apache/commons/commons-text/1.12.0/commons-text-1.12.0.jar:/home/runner/work/ozone/ozone/hadoop-hdds/framework/target/hdds-server-framework-1.5.0-SNAPSHOT-tests.jar:/home/runner/work/ozone/ozone/hadoop-hdds/interface-server/target/hdds-interface-server-1.5.0-SNAPSHOT.jar:/home/runner/work/ozone/ozone/hadoop-hdds/interface-admin/target/hdds-interface-admin-1.5.0-SNAPSHOT.jar:/home/runner/work/ozone/ozone/hadoop-hdds/managed-rocksdb/target/hdds-managed-rocksdb-1.5.0-SNAPSHOT.jar:/home/runner/.m2/repository/org/rocksdb/rocksdbjni/7.7.3/rocksdbjni-7.7.3.jar:/home/runner/.m2/repository/org/slf4j/slf4j-reload4j/2.0.13/slf4j-reload4j-2.0.13.jar:/home/runner/.m2/repository/org/apache/commons/commons-configuration2/2.10.1/commons-configuration2-2.10.1.jar:/home/runner/.m2/repository/commons-fileupload/commons-fileupload/1.5/commons-fileupload-1.5.jar:/home/runner/.m2/repository/org/apache/logging/log4j/log4j-core/2.17.1/log4j-core-2.17.1.jar:/home/runner/.m2/repository/com/lmax/disruptor/3.4.4/disruptor-3.4.4.jar:/home/runner/.m2/repository/org/eclipse/jetty/jetty-util/9.4.55.v20240627/jetty-util-9.4.55.v20240627.jar:/home/runner/.m2/repository/org/eclipse/jetty/jetty-server/9.4.55.v20240627/jetty-server-9.4.55.v20240627.jar:/home/runner/.m2/repository/org/eclipse/jetty/jetty-http/9.4.55.v20240627/jetty-http-9.4.55.v20240627.jar:/home/runner/.m2/repository/org/eclipse/jetty/jetty-io/9.4.55.v20240627/jetty-io-9.4.55.v20240627.jar:/home/runner/.m2/repository/org/eclipse/jetty/jetty-servlet/9.4.55.v20240627/jetty-servlet-9.4.55.v20240627.jar:/home/runner/.m2/repository/org/eclipse/jetty/jetty-security/9.4.55.v20240627/jetty-security-9.4.55.v20240627.jar:/home/runner/.m2/repository/org/eclipse/jetty/jetty-util-ajax/9.4.55.v20240627/jetty-util-ajax-9.4.55.v20240627.jar:/home/runner/.m2/repository/org/eclipse/jetty/jetty-webapp/9.4.55.v20240627/jetty-webapp-9.4.55.v20240627.jar:/home/runner/.m2/repository/org/eclipse/jetty/jetty-xml/9.4.55.v20240627/jetty-xml-9.4.55.v20240627.jar:/home/runner/.m2/repository/org/apache/ratis/ratis-server/3.1.0/ratis-server-3.1.0.jar:/home/runner/.m2/repository/org/apache/ratis/ratis-thirdparty-misc/1.0.6/ratis-thirdparty-misc-1.0.6.jar:/home/runner/.m2/repository/org/apache/ratis/ratis-proto/3.1.0/ratis-proto-3.1.0.jar:/home/runner/.m2/repository/org/apache/ratis/ratis-common/3.1.0/ratis-common-3.1.0.jar:/home/runner/.m2/repository/org/apache/ratis/ratis-client/3.1.0/ratis-client-3.1.0.jar:/home/runner/.m2/repository/org/apache/ratis/ratis-metrics-api/3.1.0/ratis-metrics-api-3.1.0.jar:/home/runner/.m2/repository/org/apache/ratis/ratis-metrics-dropwizard3/3.1.0/ratis-metrics-dropwizard3-3.1.0.jar:/home/runner/.m2/repository/io/prometheus/simpleclient_dropwizard/0.16.0/simpleclient_dropwizard-0.16.0.jar:/home/runner/.m2/repository/io/prometheus/simpleclient/0.16.0/simpleclient-0.16.0.jar:/home/runner/.m2/repository/io/prometheus/simpleclient_common/0.16.0/simpleclient_common-0.16.0.jar:/home/runner/.m2/repository/com/fasterxml/jackson/datatype/jackson-datatype-jsr310/2.16.2/jackson-datatype-jsr310-2.16.2.jar:/home/runner/.m2/repository/com/fasterxml/jackson/core/jackson-core/2.16.2/jackson-core-2.16.2.jar:/home/runner/.m2/repository/com/github/jnr/jnr-posix/3.1.19/jnr-posix-3.1.19.jar:/home/runner/.m2/repository/com/github/jnr/jnr-ffi/2.2.16/jnr-ffi-2.2.16.jar:/home/runner/.m2/repository/com/github/jnr/jffi/1.3.13/jffi-1.3.13.jar:/home/runner/.m2/repository/com/github/jnr/jffi/1.3.13/jffi-1.3.13-native.jar:/home/runner/.m2/repository/org/ow2/asm/asm/9.2/asm-9.2.jar:/home/runner/.m2/repository/org/ow2/asm/asm-commons/9.2/asm-commons-9.2.jar:/home/runner/.m2/repository/org/ow2/asm/asm-analysis/9.2/asm-analysis-9.2.jar:/home/runner/.m2/repository/org/ow2/asm/asm-tree/9.2/asm-tree-9.2.jar:/home/runner/.m2/repository/org/ow2/asm/asm-util/9.2/asm-util-9.2.jar:/home/runner/.m2/repository/com/github/jnr/jnr-a64asm/1.0.0/jnr-a64asm-1.0.0.jar:/home/runner/.m2/repository/com/github/jnr/jnr-x86asm/1.0.2/jnr-x86asm-1.0.2.jar:/home/runner/.m2/repository/com/github/jnr/jnr-constants/0.10.4/jnr-constants-0.10.4.jar:/home/runner/work/ozone/ozone/hadoop-hdds/rocksdb-checkpoint-differ/target/rocksdb-checkpoint-differ-1.5.0-SNAPSHOT.jar:/home/runner/.m2/repository/org/jgrapht/jgrapht-core/1.4.0/jgrapht-core-1.4.0.jar:/home/runner/.m2/repository/org/jheaps/jheaps/0.11/jheaps-0.11.jar:/home/runner/.m2/repository/org/jgrapht/jgrapht-ext/1.4.0/jgrapht-ext-1.4.0.jar:/home/runner/.m2/repository/com/github/vlsi/mxgraph/jgraphx/3.9.8.1/jgraphx-3.9.8.1.jar:/home/runner/work/ozone/ozone/hadoop-ozone/ozone-manager/target/ozone-manager-1.5.0-SNAPSHOT.jar:/home/runner/.m2/repository/org/aspectj/aspectjrt/1.9.7/aspectjrt-1.9.7.jar:/home/runner/.m2/repository/org/aspectj/aspectjweaver/1.9.7/aspectjweaver-1.9.7.jar:/home/runner/work/ozone/ozone/hadoop-hdds/interface-client/target/hdds-interface-client-1.5.0-SNAPSHOT.jar:/home/runner/.m2/repository/org/apache/hadoop/thirdparty/hadoop-shaded-protobuf_3_7/1.1.1/hadoop-shaded-protobuf_3_7-1.1.1.jar:/home/runner/work/ozone/ozone/hadoop-ozone/interface-storage/target/ozone-interface-storage-1.5.0-SNAPSHOT.jar:/home/runner/.m2/repository/org/reflections/reflections/0.10.2/reflections-0.10.2.jar:/home/runner/.m2/repository/com/sun/jersey/jersey-client/1.19.4/jersey-client-1.19.4.jar:/home/runner/.m2/repository/org/codehaus/jackson/jackson-core-asl/1.9.13/jackson-core-asl-1.9.13.jar:/home/runner/.m2/repository/org/codehaus/jackson/jackson-mapper-asl/1.9.13/jackson-mapper-asl-1.9.13.jar:/home/runner/.m2/repository/org/codehaus/jackson/jackson-jaxrs/1.9.13/jackson-jaxrs-1.9.13.jar:/home/runner/.m2/repository/org/apache/ranger/ranger-intg/2.3.0/ranger-intg-2.3.0.jar:/home/runner/.m2/repository/org/apache/ranger/ranger-plugins-common/2.3.0/ranger-plugins-common-2.3.0.jar:/home/runner/.m2/repository/commons-lang/commons-lang/2.6/commons-lang-2.6.jar:/home/runner/.m2/repository/org/apache/ranger/ranger-plugins-cred/2.3.0/ranger-plugins-cred-2.3.0.jar:/home/runner/.m2/repository/org/apache/ranger/ranger-plugins-audit/2.3.0/ranger-plugins-audit-2.3.0.jar:/home/runner/.m2/repository/org/eclipse/jetty/jetty-client/9.4.55.v20240627/jetty-client-9.4.55.v20240627.jar:/home/runner/.m2/repository/org/apache/httpcomponents/httpmime/4.5.6/httpmime-4.5.6.jar:/home/runner/.m2/repository/org/apache/httpcomponents/httpcore-nio/4.4.16/httpcore-nio-4.4.16.jar:/home/runner/.m2/repository/org/apache/httpcomponents/httpasyncclient/4.1.3/httpasyncclient-4.1.3.jar:/home/runner/.m2/repository/com/carrotsearch/hppc/0.8.0/hppc-0.8.0.jar:/home/runner/.m2/repository/org/apache/orc/orc-core/1.5.8/orc-core-1.5.8.jar:/home/runner/.m2/repository/net/java/dev/jna/jna/5.2.0/jna-5.2.0.jar:/home/runner/.m2/repository/net/java/dev/jna/jna-platform/5.2.0/jna-platform-5.2.0.jar:/home/runner/.m2/repository/com/kstruct/gethostname4j/0.0.2/gethostname4j-0.0.2.jar:/home/runner/.m2/repository/org/apache/ranger/ranger-plugin-classloader/2.3.0/ranger-plugin-classloader-2.3.0.jar:/home/runner/work/ozone/ozone/hadoop-hdds/rocks-native/target/hdds-rocks-native-1.5.0-SNAPSHOT.jar:/home/runner/.m2/repository/org/apache/hadoop/hadoop-minikdc/3.3.6/hadoop-minikdc-3.3.6.jar:/home/runner/.m2/repository/org/apache/kerby/kerb-simplekdc/1.0.1/kerb-simplekdc-1.0.1.jar:/home/runner/.m2/repository/org/apache/kerby/kerb-client/1.0.1/kerb-client-1.0.1.jar:/home/runner/.m2/repository/org/apache/kerby/kerb-common/1.0.1/kerb-common-1.0.1.jar:/home/runner/.m2/repository/org/apache/kerby/token-provider/1.0.1/token-provider-1.0.1.jar:/home/runner/.m2/repository/org/apache/kerby/kerb-admin/1.0.1/kerb-admin-1.0.1.jar:/home/runner/.m2/repository/org/apache/kerby/kerb-server/1.0.1/kerb-server-1.0.1.jar:/home/runner/.m2/repository/org/apache/kerby/kerb-identity/1.0.1/kerb-identity-1.0.1.jar:/home/runner/.m2/repository/org/apache/kerby/kerby-xdr/1.0.1/kerby-xdr-1.0.1.jar:/home/runner/.m2/repository/junit/junit/4.13.2/junit-4.13.2.jar:/home/runner/.m2/repository/org/hamcrest/hamcrest-core/1.3/hamcrest-core-1.3.jar:/home/runner/work/ozone/ozone/hadoop-ozone/s3gateway/target/ozone-s3gateway-1.5.0-SNAPSHOT.jar:/home/runner/.m2/repository/org/javassist/javassist/3.30.2-GA/javassist-3.30.2-GA.jar:/home/runner/.m2/repository/org/jboss/weld/servlet/weld-servlet-shaded/3.1.9.Final/weld-servlet-shaded-3.1.9.Final.jar:/home/runner/.m2/repository/org/glassfish/jersey/containers/jersey-container-servlet-core/2.43/jersey-container-servlet-core-2.43.jar:/home/runner/.m2/repository/org/glassfish/hk2/external/jakarta.inject/2.6.1/jakarta.inject-2.6.1.jar:/home/runner/.m2/repository/org/glassfish/jersey/core/jersey-common/2.43/jersey-common-2.43.jar:/home/runner/.m2/repository/jakarta/ws/rs/jakarta.ws.rs-api/2.1.6/jakarta.ws.rs-api-2.1.6.jar:/home/runner/.m2/repository/org/glassfish/jersey/ext/cdi/jersey-cdi1x/2.43/jersey-cdi1x-2.43.jar:/home/runner/.m2/repository/org/glassfish/jersey/inject/jersey-hk2/2.43/jersey-hk2-2.43.jar:/home/runner/.m2/repository/org/glassfish/hk2/hk2-locator/2.6.1/hk2-locator-2.6.1.jar:/home/runner/.m2/repository/org/glassfish/jersey/media/jersey-media-jaxb/2.43/jersey-media-jaxb-2.43.jar:/home/runner/.m2/repository/org/glassfish/hk2/osgi-resource-locator/1.0.3/osgi-resource-locator-1.0.3.jar:/home/runner/.m2/repository/org/glassfish/hk2/hk2-api/2.6.1/hk2-api-2.6.1.jar:/home/runner/.m2/repository/org/glassfish/hk2/hk2-utils/2.6.1/hk2-utils-2.6.1.jar:/home/runner/.m2/repository/org/glassfish/hk2/external/aopalliance-repackaged/2.6.1/aopalliance-repackaged-2.6.1.jar:/home/runner/.m2/repository/com/fasterxml/jackson/dataformat/jackson-dataformat-xml/2.16.2/jackson-dataformat-xml-2.16.2.jar:/home/runner/.m2/repository/org/codehaus/woodstox/stax2-api/4.2.2/stax2-api-4.2.2.jar:/home/runner/.m2/repository/com/fasterxml/woodstox/woodstox-core/5.4.0/woodstox-core-5.4.0.jar:/home/runner/.m2/repository/com/fasterxml/jackson/module/jackson-module-jaxb-annotations/2.16.2/jackson-module-jaxb-annotations-2.16.2.jar:/home/runner/.m2/repository/javax/enterprise/cdi-api/2.0/cdi-api-2.0.jar:/home/runner/.m2/repository/javax/el/javax.el-api/3.0.0/javax.el-api-3.0.0.jar:/home/runner/.m2/repository/javax/interceptor/javax.interceptor-api/1.2/javax.interceptor-api-1.2.jar:/home/runner/.m2/repository/javax/inject/javax.inject/1/javax.inject-1.jar:/home/runner/.m2/repository/jakarta/xml/bind/jakarta.xml.bind-api/2.3.3/jakarta.xml.bind-api-2.3.3.jar:/home/runner/.m2/repository/org/glassfish/jaxb/jaxb-runtime/2.3.9/jaxb-runtime-2.3.9.jar:/home/runner/.m2/repository/org/glassfish/jaxb/txw2/2.3.9/txw2-2.3.9.jar:/home/runner/.m2/repository/com/sun/istack/istack-commons-runtime/3.0.12/istack-commons-runtime-3.0.12.jar:/home/runner/.m2/repository/com/sun/activation/jakarta.activation/1.2.2/jakarta.activation-1.2.2.jar:/home/runner/.m2/repository/jakarta/activation/jakarta.activation-api/1.2.2/jakarta.activation-api-1.2.2.jar:/home/runner/.m2/repository/io/grpc/grpc-protobuf/1.58.0/grpc-protobuf-1.58.0.jar:/home/runner/.m2/repository/com/google/api/grpc/proto-google-common-protos/2.22.0/proto-google-common-protos-2.22.0.jar:/home/runner/.m2/repository/io/grpc/grpc-protobuf-lite/1.58.0/grpc-protobuf-lite-1.58.0.jar:/home/runner/.m2/repository/io/grpc/grpc-stub/1.58.0/grpc-stub-1.58.0.jar:/home/runner/.m2/repository/io/netty/netty-transport/4.1.109.Final/netty-transport-4.1.109.Final.jar:/home/runner/.m2/repository/io/netty/netty-resolver/4.1.109.Final/netty-resolver-4.1.109.Final.jar:/home/runner/work/ozone/ozone/hadoop-ozone/csi/target/ozone-csi-1.5.0-SNAPSHOT.jar:/home/runner/.m2/repository/com/google/protobuf/protobuf-java-util/3.19.6/protobuf-java-util-3.19.6.jar:/home/runner/.m2/repository/com/google/code/gson/gson/2.10.1/gson-2.10.1.jar:/home/runner/work/ozone/ozone/hadoop-hdds/config/target/hdds-config-1.5.0-SNAPSHOT.jar:/home/runner/.m2/repository/io/netty/netty-transport-native-epoll/4.1.109.Final/netty-transport-native-epoll-4.1.109.Final-linux-x86_64.jar:/home/runner/.m2/repository/io/netty/netty-transport-classes-epoll/4.1.109.Final/netty-transport-classes-epoll-4.1.109.Final.jar:/home/runner/.m2/repository/io/netty/netty-transport-native-unix-common/4.1.109.Final/netty-transport-native-unix-common-4.1.109.Final.jar:/home/runner/work/ozone/ozone/hadoop-ozone/recon/target/ozone-recon-1.5.0-SNAPSHOT.jar:/home/runner/work/ozone/ozone/hadoop-ozone/recon-codegen/target/ozone-reconcodegen-1.5.0-SNAPSHOT.jar:/home/runner/.m2/repository/com/google/inject/guice/6.0.0/guice-6.0.0.jar:/home/runner/.m2/repository/jakarta/inject/jakarta.inject-api/2.0.1/jakarta.inject-api-2.0.1.jar:/home/runner/.m2/repository/aopalliance/aopalliance/1.0/aopalliance-1.0.jar:/home/runner/.m2/repository/com/google/inject/extensions/guice-assistedinject/6.0.0/guice-assistedinject-6.0.0.jar:/home/runner/.m2/repository/com/google/inject/extensions/guice-servlet/6.0.0/guice-servlet-6.0.0.jar:/home/runner/.m2/repository/org/glassfish/jersey/containers/jersey-container-servlet/2.43/jersey-container-servlet-2.43.jar:/home/runner/.m2/repository/org/glassfish/hk2/guice-bridge/2.6.1/guice-bridge-2.6.1.jar:/home/runner/.m2/repository/org/glassfish/jersey/core/jersey-server/2.43/jersey-server-2.43.jar:/home/runner/.m2/repository/org/glassfish/jersey/core/jersey-client/2.43/jersey-client-2.43.jar:/home/runner/.m2/repository/jakarta/validation/jakarta.validation-api/2.0.2/jakarta.validation-api-2.0.2.jar:/home/runner/.m2/repository/org/glassfish/jersey/media/jersey-media-json-jackson/2.43/jersey-media-json-jackson-2.43.jar:/home/runner/.m2/repository/org/glassfish/jersey/ext/jersey-entity-filtering/2.43/jersey-entity-filtering-2.43.jar:/home/runner/.m2/repository/org/jooq/jooq/3.11.10/jooq-3.11.10.jar:/home/runner/.m2/repository/org/jooq/jooq-meta/3.11.10/jooq-meta-3.11.10.jar:/home/runner/.m2/repository/org/jooq/jooq-codegen/3.11.10/jooq-codegen-3.11.10.jar:/home/runner/.m2/repository/com/jolbox/bonecp/0.8.0.RELEASE/bonecp-0.8.0.RELEASE.jar:/home/runner/.m2/repository/org/apache/derby/derby/10.14.2.0/derby-10.14.2.0.jar:/home/runner/.m2/repository/org/xerial/sqlite-jdbc/3.44.1.0/sqlite-jdbc-3.44.1.0.jar:/home/runner/.m2/repository/org/springframework/spring-jdbc/5.3.34/spring-jdbc-5.3.34.jar:/home/runner/.m2/repository/org/springframework/spring-beans/5.3.34/spring-beans-5.3.34.jar:/home/runner/.m2/repository/org/springframework/spring-core/5.3.34/spring-core-5.3.34.jar:/home/runner/.m2/repository/org/springframework/spring-tx/5.3.34/spring-tx-5.3.34.jar:/home/runner/work/ozone/ozone/hadoop-ozone/client/target/ozone-client-1.5.0-SNAPSHOT.jar:/home/runner/work/ozone/ozone/hadoop-hdds/erasurecode/target/hdds-erasurecode-1.5.0-SNAPSHOT.jar:/home/runner/work/ozone/ozone/hadoop-ozone/ozonefs/target/ozone-filesystem-1.5.0-SNAPSHOT.jar:/home/runner/work/ozone/ozone/hadoop-ozone/ozonefs-common/target/ozone-filesystem-common-1.5.0-SNAPSHOT.jar:/home/runner/work/ozone/ozone/hadoop-ozone/tools/target/ozone-tools-1.5.0-SNAPSHOT.jar:/home/runner/.m2/repository/com/amazonaws/aws-java-sdk-core/1.12.661/aws-java-sdk-core-1.12.661.jar:/home/runner/.m2/repository/org/apache/httpcomponents/httpclient/4.5.14/httpclient-4.5.14.jar:/home/runner/.m2/repository/org/apache/httpcomponents/httpcore/4.4.16/httpcore-4.4.16.jar:/home/runner/.m2/repository/com/fasterxml/jackson/dataformat/jackson-dataformat-cbor/2.16.2/jackson-dataformat-cbor-2.16.2.jar:/home/runner/.m2/repository/joda-time/joda-time/2.12.7/joda-time-2.12.7.jar:/home/runner/.m2/repository/com/amazonaws/aws-java-sdk-s3/1.12.661/aws-java-sdk-s3-1.12.661.jar:/home/runner/.m2/repository/com/amazonaws/aws-java-sdk-kms/1.12.661/aws-java-sdk-kms-1.12.661.jar:/home/runner/.m2/repository/com/amazonaws/jmespath-java/1.12.661/jmespath-java-1.12.661.jar:/home/runner/.m2/repository/org/kohsuke/metainf-services/metainf-services/1.11/metainf-services-1.11.jar:/home/runner/work/ozone/ozone/hadoop-hdds/tools/target/hdds-tools-1.5.0-SNAPSHOT.jar:/home/runner/.m2/repository/org/apache/ratis/ratis-tools/3.1.0/ratis-tools-3.1.0.jar:/home/runner/.m2/repository/commons-cli/commons-cli/1.8.0/commons-cli-1.8.0.jar:/home/runner/.m2/repository/org/apache/commons/commons-lang3/3.14.0/commons-lang3-3.14.0.jar:/home/runner/work/ozone/ozone/hadoop-ozone/ozone-manager/target/ozone-manager-1.5.0-SNAPSHOT-tests.jar:/home/runner/work/ozone/ozone/hadoop-hdds/common/target/hdds-common-1.5.0-SNAPSHOT-tests.jar:/home/runner/work/ozone/ozone/hadoop-hdds/hadoop-dependency-client/target/hdds-hadoop-dependency-client-1.5.0-SNAPSHOT.jar:/home/runner/.m2/repository/info/picocli/picocli/4.7.6/picocli-4.7.6.jar:/home/runner/.m2/repository/com/fasterxml/jackson/core/jackson-annotations/2.16.2/jackson-annotations-2.16.2.jar:/home/runner/work/ozone/ozone/hadoop-hdds/annotations/target/hdds-annotation-processing-1.5.0-SNAPSHOT.jar:/home/runner/.m2/repository/javax/annotation/javax.annotation-api/1.3.2/javax.annotation-api-1.3.2.jar:/home/runner/.m2/repository/org/apache/ratis/ratis-server-api/3.1.0/ratis-server-api-3.1.0.jar:/home/runner/.m2/repository/org/apache/ratis/ratis-netty/3.1.0/ratis-netty-3.1.0.jar:/home/runner/.m2/repository/org/apache/ratis/ratis-grpc/3.1.0/ratis-grpc-3.1.0.jar:/home/runner/.m2/repository/org/bouncycastle/bcpkix-jdk18on/1.78.1/bcpkix-jdk18on-1.78.1.jar:/home/runner/.m2/repository/org/bouncycastle/bcutil-jdk18on/1.78.1/bcutil-jdk18on-1.78.1.jar:/home/runner/.m2/repository/commons-validator/commons-validator/1.6/commons-validator-1.6.jar:/home/runner/.m2/repository/commons-beanutils/commons-beanutils/1.9.4/commons-beanutils-1.9.4.jar:/home/runner/.m2/repository/commons-digester/commons-digester/1.8.1/commons-digester-1.8.1.jar:/home/runner/.m2/repository/commons-collections/commons-collections/3.2.2/commons-collections-3.2.2.jar:/home/runner/.m2/repository/io/jaegertracing/jaeger-client/1.8.1/jaeger-client-1.8.1.jar:/home/runner/.m2/repository/io/jaegertracing/jaeger-thrift/1.8.1/jaeger-thrift-1.8.1.jar:/home/runner/.m2/repository/org/apache/thrift/libthrift/0.15.0/libthrift-0.15.0.jar:/home/runner/.m2/repository/io/jaegertracing/jaeger-core/1.8.1/jaeger-core-1.8.1.jar:/home/runner/.m2/repository/io/jaegertracing/jaeger-tracerresolver/1.8.1/jaeger-tracerresolver-1.8.1.jar:/home/runner/.m2/repository/io/opentracing/contrib/opentracing-tracerresolver/0.1.8/opentracing-tracerresolver-0.1.8.jar:/home/runner/.m2/repository/org/jetbrains/kotlin/kotlin-stdlib/1.9.24/kotlin-stdlib-1.9.24.jar:/home/runner/.m2/repository/org/jetbrains/annotations/13.0/annotations-13.0.jar:/home/runner/.m2/repository/io/opentracing/opentracing-util/0.33.0/opentracing-util-0.33.0.jar:/home/runner/.m2/repository/io/opentracing/opentracing-api/0.33.0/opentracing-api-0.33.0.jar:/home/runner/.m2/repository/io/opentracing/opentracing-noop/0.33.0/opentracing-noop-0.33.0.jar:/home/runner/.m2/repository/org/yaml/snakeyaml/2.0/snakeyaml-2.0.jar:/home/runner/.m2/repository/io/grpc/grpc-api/1.58.0/grpc-api-1.58.0.jar:/home/runner/.m2/repository/org/junit/platform/junit-platform-launcher/1.10.3/junit-platform-launcher-1.10.3.jar:/home/runner/.m2/repository/org/junit/platform/junit-platform-engine/1.10.3/junit-platform-engine-1.10.3.jar:/home/runner/.m2/repository/org/apiguardian/apiguardian-api/1.1.2/apiguardian-api-1.1.2.jar:/home/runner/.m2/repository/org/apache/hadoop/hadoop-kms/3.3.6/hadoop-kms-3.3.6.jar:/home/runner/.m2/repository/org/apache/hadoop/hadoop-auth/3.3.6/hadoop-auth-3.3.6.jar:/home/runner/.m2/repository/org/apache/zookeeper/zookeeper/3.8.4/zookeeper-3.8.4.jar:/home/runner/.m2/repository/org/apache/zookeeper/zookeeper-jute/3.8.4/zookeeper-jute-3.8.4.jar:/home/runner/.m2/repository/org/apache/yetus/audience-annotations/0.12.0/audience-annotations-0.12.0.jar:/home/runner/.m2/repository/org/apache/curator/curator-framework/4.2.0/curator-framework-4.2.0.jar:/home/runner/.m2/repository/org/apache/hadoop/thirdparty/hadoop-shaded-guava/1.2.0/hadoop-shaded-guava-1.2.0.jar:/home/runner/.m2/repository/com/sun/jersey/jersey-core/1.19.4/jersey-core-1.19.4.jar:/home/runner/.m2/repository/javax/ws/rs/jsr311-api/1.1.1/jsr311-api-1.1.1.jar:/home/runner/.m2/repository/com/sun/jersey/jersey-server/1.19.4/jersey-server-1.19.4.jar:/home/runner/.m2/repository/javax/servlet/javax.servlet-api/3.1.0/javax.servlet-api-3.1.0.jar:/home/runner/.m2/repository/org/apache/hadoop/hadoop-common/3.3.6/hadoop-common-3.3.6.jar:/home/runner/.m2/repository/org/apache/commons/commons-math3/3.6.1/commons-math3-3.6.1.jar:/home/runner/.m2/repository/commons-net/commons-net/3.10.0/commons-net-3.10.0.jar:/home/runner/.m2/repository/com/sun/jersey/jersey-servlet/1.19.4/jersey-servlet-1.19.4.jar:/home/runner/.m2/repository/com/github/pjfanning/jersey-json/1.20/jersey-json-1.20.jar:/home/runner/.m2/repository/org/codehaus/jettison/jettison/1.1/jettison-1.1.jar:/home/runner/.m2/repository/com/sun/xml/bind/jaxb-impl/2.2.3-1/jaxb-impl-2.2.3-1.jar:/home/runner/.m2/repository/com/google/re2j/re2j/1.7/re2j-1.7.jar:/home/runner/.m2/repository/com/jcraft/jsch/0.1.55/jsch-0.1.55.jar:/home/runner/.m2/repository/org/apache/curator/curator-client/4.2.0/curator-client-4.2.0.jar:/home/runner/.m2/repository/org/apache/curator/curator-recipes/5.2.0/curator-recipes-5.2.0.jar:/home/runner/.m2/repository/com/google/code/findbugs/jsr305/3.0.2/jsr305-3.0.2.jar:/home/runner/.m2/repository/dnsjava/dnsjava/2.1.9/dnsjava-2.1.9.jar:/home/runner/.m2/repository/com/fasterxml/jackson/core/jackson-databind/2.16.2/jackson-databind-2.16.2.jar:/home/runner/.m2/repository/org/apache/hadoop/hadoop-kms/3.3.6/hadoop-kms-3.3.6-tests.jar:/home/runner/work/ozone/ozone/hadoop-hdds/server-scm/target/hdds-server-scm-1.5.0-SNAPSHOT-tests.jar:/home/runner/work/ozone/ozone/hadoop-hdds/container-service/target/hdds-container-service-1.5.0-SNAPSHOT-tests.jar:/home/runner/.m2/repository/com/github/luben/zstd-jni/1.5.6-3/zstd-jni-1.5.6-3.jar:/home/runner/.m2/repository/commons-codec/commons-codec/1.17.0/commons-codec-1.17.0.jar:/home/runner/.m2/repository/io/netty/netty-codec/4.1.109.Final/netty-codec-4.1.109.Final.jar:/home/runner/.m2/repository/io/netty/netty-handler/4.1.109.Final/netty-handler-4.1.109.Final.jar:/home/runner/work/ozone/ozone/hadoop-hdds/hadoop-dependency-test/target/hdds-hadoop-dependency-test-1.5.0-SNAPSHOT.jar:/home/runner/.m2/repository/org/apache/hadoop/hadoop-common/3.3.6/hadoop-common-3.3.6-tests.jar:/home/runner/.m2/repository/org/apache/hadoop/hadoop-hdfs/3.3.6/hadoop-hdfs-3.3.6-tests.jar:/home/runner/.m2/repository/org/junit/jupiter/junit-jupiter-engine/5.10.3/junit-jupiter-engine-5.10.3.jar:/home/runner/.m2/repository/org/junit/jupiter/junit-jupiter-params/5.10.3/junit-jupiter-params-5.10.3.jar:/home/runner/.m2/repository/org/mockito/mockito-core/4.11.0/mockito-core-4.11.0.jar:/home/runner/.m2/repository/net/bytebuddy/byte-buddy-agent/1.12.19/byte-buddy-agent-1.12.19.jar:/home/runner/.m2/repository/org/objenesis/objenesis/3.3/objenesis-3.3.jar:/home/runner/.m2/repository/org/mockito/mockito-inline/4.11.0/mockito-inline-4.11.0.jar:/home/runner/.m2/repository/org/mockito/mockito-junit-jupiter/4.11.0/mockito-junit-jupiter-4.11.0.jar:/home/runner/.m2/repository/org/apache/hadoop/hadoop-distcp/3.3.6/hadoop-distcp-3.3.6.jar:/home/runner/.m2/repository/org/apache/hadoop/hadoop-mapreduce-client-jobclient/3.3.6/hadoop-mapreduce-client-jobclient-3.3.6.jar:/home/runner/.m2/repository/org/apache/hadoop/hadoop-mapreduce-client-common/3.3.6/hadoop-mapreduce-client-common-3.3.6.jar:/home/runner/.m2/repository/org/apache/hadoop/hadoop-yarn-common/3.3.6/hadoop-yarn-common-3.3.6.jar:/home/runner/.m2/repository/org/apache/hadoop/hadoop-yarn-api/3.3.6/hadoop-yarn-api-3.3.6.jar:/home/runner/.m2/repository/javax/xml/bind/jaxb-api/2.2.11/jaxb-api-2.2.11.jar:/home/runner/.m2/repository/com/sun/jersey/contribs/jersey-guice/1.19.4/jersey-guice-1.19.4.jar:/home/runner/.m2/repository/com/fasterxml/jackson/jaxrs/jackson-jaxrs-json-provider/2.16.2/jackson-jaxrs-json-provider-2.16.2.jar:/home/runner/.m2/repository/com/fasterxml/jackson/jaxrs/jackson-jaxrs-base/2.16.2/jackson-jaxrs-base-2.16.2.jar:/home/runner/.m2/repository/org/apache/hadoop/hadoop-yarn-client/3.3.6/hadoop-yarn-client-3.3.6.jar:/home/runner/.m2/repository/org/eclipse/jetty/websocket/websocket-client/9.4.51.v20230217/websocket-client-9.4.51.v20230217.jar:/home/runner/.m2/repository/org/eclipse/jetty/websocket/websocket-common/9.4.51.v20230217/websocket-common-9.4.51.v20230217.jar:/home/runner/.m2/repository/org/eclipse/jetty/websocket/websocket-api/9.4.51.v20230217/websocket-api-9.4.51.v20230217.jar:/home/runner/.m2/repository/org/jline/jline/3.9.0/jline-3.9.0.jar:/home/runner/.m2/repository/org/apache/hadoop/hadoop-mapreduce-client-core/3.3.6/hadoop-mapreduce-client-core-3.3.6.jar:/home/runner/.m2/repository/org/apache/avro/avro/1.7.7/avro-1.7.7.jar:/home/runner/.m2/repository/com/thoughtworks/paranamer/paranamer/2.3/paranamer-2.3.jar:/home/runner/.m2/repository/org/apache/hadoop/hadoop-annotations/3.3.6/hadoop-annotations-3.3.6.jar:/home/runner/.m2/repository/io/netty/netty/3.10.6.Final/netty-3.10.6.Final.jar:/home/runner/.m2/repository/org/apache/hadoop/hadoop-distcp/3.3.6/hadoop-distcp-3.3.6-tests.jar:/home/runner/.m2/repository/org/hamcrest/hamcrest/2.2/hamcrest-2.2.jar:/home/runner/.m2/repository/org/slf4j/jul-to-slf4j/2.0.13/jul-to-slf4j-2.0.13.jar:/home/runner/work/ozone/ozone/hadoop-ozone/integration-test/target/gradle-enterprise/test-listeners.jar:"/>
    <property name="java.vm.vendor" value="Eclipse Adoptium"/>
    <property name="sun.arch.data.model" value="64"/>
    <property name="test.build.dir" value="/home/runner/work/ozone/ozone/hadoop-ozone/integration-test/target/test-dir"/>
    <property name="sun.security.krb5.debug" value="false"/>
    <property name="test.cache.data" value=""/>
    <property name="java.vendor.url" value="https://adoptium.net/"/>
    <property name="user.timezone" value="Etc/UTC"/>
    <property name="maven-surefire-plugin.argLineAccessArgs" value=" --add-opens java.management/com.sun.jmx.mbeanserver=ALL-UNNAMED --add-exports java.management/com.sun.jmx.mbeanserver=ALL-UNNAMED --add-opens java.base/java.nio=ALL-UNNAMED --add-opens java.base/java.lang=ALL-UNNAMED --add-opens java.base/java.lang.reflect=ALL-UNNAMED"/>
    <property name="os.name" value="Linux"/>
    <property name="java.vm.specification.version" value="17"/>
    <property name="test.build.data" value="/home/runner/work/ozone/ozone/hadoop-ozone/integration-test/target/test-dir"/>
    <property name="sun.java.launcher" value="SUN_STANDARD"/>
    <property name="sun.boot.library.path" value="/usr/lib/jvm/temurin-17-jdk-amd64/lib"/>
    <property name="sun.java.command" value="/home/runner/work/ozone/ozone/hadoop-ozone/integration-test/target/surefire/surefirebooter15233616931967372406.jar /home/runner/work/ozone/ozone/hadoop-ozone/integration-test/target/surefire 2024-07-06T11-26-26_974-jvmRun1 surefire9985224394161313865tmp surefire_2914041071262969434159tmp"/>
    <property name="jdk.debug" value="release"/>
    <property name="native.lib.tmp.dir" value="/tmp"/>
    <property name="surefire.test.class.path" value="/home/runner/work/ozone/ozone/hadoop-ozone/integration-test/target/test-classes:/home/runner/work/ozone/ozone/hadoop-ozone/integration-test/target/classes:/home/runner/work/ozone/ozone/hadoop-ozone/common/target/ozone-common-1.5.0-SNAPSHOT.jar:/home/runner/.m2/repository/io/grpc/grpc-netty/1.58.0/grpc-netty-1.58.0.jar:/home/runner/.m2/repository/io/grpc/grpc-core/1.58.0/grpc-core-1.58.0.jar:/home/runner/.m2/repository/com/google/android/annotations/4.1.1.4/annotations-4.1.1.4.jar:/home/runner/.m2/repository/org/codehaus/mojo/animal-sniffer-annotations/1.23/animal-sniffer-annotations-1.23.jar:/home/runner/.m2/repository/io/grpc/grpc-context/1.58.0/grpc-context-1.58.0.jar:/home/runner/.m2/repository/io/grpc/grpc-util/1.58.0/grpc-util-1.58.0.jar:/home/runner/.m2/repository/com/google/errorprone/error_prone_annotations/2.2.0/error_prone_annotations-2.2.0.jar:/home/runner/.m2/repository/io/perfmark/perfmark-api/0.26.0/perfmark-api-0.26.0.jar:/home/runner/.m2/repository/io/netty/netty-codec-http2/4.1.109.Final/netty-codec-http2-4.1.109.Final.jar:/home/runner/.m2/repository/io/netty/netty-common/4.1.109.Final/netty-common-4.1.109.Final.jar:/home/runner/.m2/repository/io/netty/netty-buffer/4.1.109.Final/netty-buffer-4.1.109.Final.jar:/home/runner/.m2/repository/io/netty/netty-codec-http/4.1.109.Final/netty-codec-http-4.1.109.Final.jar:/home/runner/.m2/repository/io/netty/netty-handler-proxy/4.1.109.Final/netty-handler-proxy-4.1.109.Final.jar:/home/runner/.m2/repository/io/netty/netty-codec-socks/4.1.109.Final/netty-codec-socks-4.1.109.Final.jar:/home/runner/.m2/repository/io/netty/netty-tcnative-boringssl-static/2.0.65.Final/netty-tcnative-boringssl-static-2.0.65.Final.jar:/home/runner/.m2/repository/io/netty/netty-tcnative-classes/2.0.65.Final/netty-tcnative-classes-2.0.65.Final.jar:/home/runner/.m2/repository/io/netty/netty-tcnative-boringssl-static/2.0.65.Final/netty-tcnative-boringssl-static-2.0.65.Final-linux-x86_64.jar:/home/runner/.m2/repository/io/netty/netty-tcnative-boringssl-static/2.0.65.Final/netty-tcnative-boringssl-static-2.0.65.Final-linux-aarch_64.jar:/home/runner/.m2/repository/io/netty/netty-tcnative-boringssl-static/2.0.65.Final/netty-tcnative-boringssl-static-2.0.65.Final-osx-x86_64.jar:/home/runner/.m2/repository/io/netty/netty-tcnative-boringssl-static/2.0.65.Final/netty-tcnative-boringssl-static-2.0.65.Final-osx-aarch_64.jar:/home/runner/.m2/repository/io/netty/netty-tcnative-boringssl-static/2.0.65.Final/netty-tcnative-boringssl-static-2.0.65.Final-windows-x86_64.jar:/home/runner/.m2/repository/org/apache/commons/commons-compress/1.26.0/commons-compress-1.26.0.jar:/home/runner/work/ozone/ozone/hadoop-hdds/common/target/hdds-common-1.5.0-SNAPSHOT.jar:/home/runner/work/ozone/ozone/hadoop-hdds/client/target/hdds-client-1.5.0-SNAPSHOT.jar:/home/runner/work/ozone/ozone/hadoop-ozone/interface-client/target/ozone-interface-client-1.5.0-SNAPSHOT.jar:/home/runner/.m2/repository/org/apache/hadoop/hadoop-hdfs-client/3.3.6/hadoop-hdfs-client-3.3.6.jar:/home/runner/.m2/repository/com/squareup/okhttp3/okhttp/4.12.0/okhttp-4.12.0.jar:/home/runner/.m2/repository/com/squareup/okio/okio/3.6.0/okio-3.6.0.jar:/home/runner/.m2/repository/com/squareup/okio/okio-jvm/3.6.0/okio-jvm-3.6.0.jar:/home/runner/.m2/repository/org/jetbrains/kotlin/kotlin-stdlib-jdk8/1.9.24/kotlin-stdlib-jdk8-1.9.24.jar:/home/runner/.m2/repository/org/jetbrains/kotlin/kotlin-stdlib-jdk7/1.9.24/kotlin-stdlib-jdk7-1.9.24.jar:/home/runner/.m2/repository/org/jetbrains/kotlin/kotlin-stdlib-common/1.9.24/kotlin-stdlib-common-1.9.24.jar:/home/runner/.m2/repository/com/github/stephenc/jcip/jcip-annotations/1.0-1/jcip-annotations-1.0-1.jar:/home/runner/work/ozone/ozone/hadoop-hdds/test-utils/target/hdds-test-utils-1.5.0-SNAPSHOT.jar:/home/runner/.m2/repository/org/assertj/assertj-core/3.26.0/assertj-core-3.26.0.jar:/home/runner/.m2/repository/net/bytebuddy/byte-buddy/1.14.16/byte-buddy-1.14.16.jar:/home/runner/.m2/repository/com/google/guava/guava/32.1.3-jre/guava-32.1.3-jre.jar:/home/runner/.m2/repository/com/google/guava/failureaccess/1.0.1/failureaccess-1.0.1.jar:/home/runner/.m2/repository/com/google/guava/listenablefuture/9999.0-empty-to-avoid-conflict-with-guava/listenablefuture-9999.0-empty-to-avoid-conflict-with-guava.jar:/home/runner/.m2/repository/org/checkerframework/checker-qual/3.37.0/checker-qual-3.37.0.jar:/home/runner/.m2/repository/com/google/j2objc/j2objc-annotations/2.8/j2objc-annotations-2.8.jar:/home/runner/.m2/repository/commons-io/commons-io/2.16.1/commons-io-2.16.1.jar:/home/runner/.m2/repository/commons-logging/commons-logging/1.2/commons-logging-1.2.jar:/home/runner/.m2/repository/org/junit/jupiter/junit-jupiter-api/5.10.3/junit-jupiter-api-5.10.3.jar:/home/runner/.m2/repository/org/opentest4j/opentest4j/1.3.0/opentest4j-1.3.0.jar:/home/runner/.m2/repository/org/junit/platform/junit-platform-commons/1.10.3/junit-platform-commons-1.10.3.jar:/home/runner/.m2/repository/ch/qos/reload4j/reload4j/1.2.25/reload4j-1.2.25.jar:/home/runner/.m2/repository/jakarta/annotation/jakarta.annotation-api/2.1.1/jakarta.annotation-api-2.1.1.jar:/home/runner/.m2/repository/org/slf4j/slf4j-api/2.0.13/slf4j-api-2.0.13.jar:/home/runner/.m2/repository/org/apache/logging/log4j/log4j-api/2.17.1/log4j-api-2.17.1.jar:/home/runner/work/ozone/ozone/hadoop-hdds/server-scm/target/hdds-server-scm-1.5.0-SNAPSHOT.jar:/home/runner/.m2/repository/com/google/protobuf/protobuf-java/2.5.0/protobuf-java-2.5.0.jar:/home/runner/work/ozone/ozone/hadoop-hdds/container-service/target/hdds-container-service-1.5.0-SNAPSHOT.jar:/home/runner/work/ozone/ozone/hadoop-hdds/hadoop-dependency-server/target/hdds-hadoop-dependency-server-1.5.0-SNAPSHOT.jar:/home/runner/.m2/repository/com/nimbusds/nimbus-jose-jwt/9.40/nimbus-jose-jwt-9.40.jar:/home/runner/.m2/repository/org/apache/hadoop/hadoop-hdfs/3.3.6/hadoop-hdfs-3.3.6.jar:/home/runner/.m2/repository/commons-daemon/commons-daemon/1.3.4/commons-daemon-1.3.4.jar:/home/runner/.m2/repository/org/apache/kerby/kerb-core/1.0.1/kerb-core-1.0.1.jar:/home/runner/.m2/repository/org/apache/kerby/kerby-pkix/1.0.1/kerby-pkix-1.0.1.jar:/home/runner/.m2/repository/org/apache/kerby/kerby-asn1/1.0.1/kerby-asn1-1.0.1.jar:/home/runner/.m2/repository/org/apache/kerby/kerby-util/1.0.1/kerby-util-1.0.1.jar:/home/runner/.m2/repository/org/apache/kerby/kerb-util/1.0.1/kerb-util-1.0.1.jar:/home/runner/.m2/repository/org/apache/kerby/kerby-config/1.0.1/kerby-config-1.0.1.jar:/home/runner/.m2/repository/org/apache/kerby/kerb-crypto/1.0.1/kerb-crypto-1.0.1.jar:/home/runner/.m2/repository/org/xerial/snappy/snappy-java/1.1.10.5/snappy-java-1.1.10.5.jar:/home/runner/work/ozone/ozone/hadoop-hdds/framework/target/hdds-server-framework-1.5.0-SNAPSHOT.jar:/home/runner/.m2/repository/org/bouncycastle/bcprov-jdk18on/1.78.1/bcprov-jdk18on-1.78.1.jar:/home/runner/.m2/repository/io/dropwizard/metrics/metrics-core/3.2.6/metrics-core-3.2.6.jar:/home/runner/.m2/repository/org/apache/commons/commons-text/1.12.0/commons-text-1.12.0.jar:/home/runner/work/ozone/ozone/hadoop-hdds/framework/target/hdds-server-framework-1.5.0-SNAPSHOT-tests.jar:/home/runner/work/ozone/ozone/hadoop-hdds/interface-server/target/hdds-interface-server-1.5.0-SNAPSHOT.jar:/home/runner/work/ozone/ozone/hadoop-hdds/interface-admin/target/hdds-interface-admin-1.5.0-SNAPSHOT.jar:/home/runner/work/ozone/ozone/hadoop-hdds/managed-rocksdb/target/hdds-managed-rocksdb-1.5.0-SNAPSHOT.jar:/home/runner/.m2/repository/org/rocksdb/rocksdbjni/7.7.3/rocksdbjni-7.7.3.jar:/home/runner/.m2/repository/org/slf4j/slf4j-reload4j/2.0.13/slf4j-reload4j-2.0.13.jar:/home/runner/.m2/repository/org/apache/commons/commons-configuration2/2.10.1/commons-configuration2-2.10.1.jar:/home/runner/.m2/repository/commons-fileupload/commons-fileupload/1.5/commons-fileupload-1.5.jar:/home/runner/.m2/repository/org/apache/logging/log4j/log4j-core/2.17.1/log4j-core-2.17.1.jar:/home/runner/.m2/repository/com/lmax/disruptor/3.4.4/disruptor-3.4.4.jar:/home/runner/.m2/repository/org/eclipse/jetty/jetty-util/9.4.55.v20240627/jetty-util-9.4.55.v20240627.jar:/home/runner/.m2/repository/org/eclipse/jetty/jetty-server/9.4.55.v20240627/jetty-server-9.4.55.v20240627.jar:/home/runner/.m2/repository/org/eclipse/jetty/jetty-http/9.4.55.v20240627/jetty-http-9.4.55.v20240627.jar:/home/runner/.m2/repository/org/eclipse/jetty/jetty-io/9.4.55.v20240627/jetty-io-9.4.55.v20240627.jar:/home/runner/.m2/repository/org/eclipse/jetty/jetty-servlet/9.4.55.v20240627/jetty-servlet-9.4.55.v20240627.jar:/home/runner/.m2/repository/org/eclipse/jetty/jetty-security/9.4.55.v20240627/jetty-security-9.4.55.v20240627.jar:/home/runner/.m2/repository/org/eclipse/jetty/jetty-util-ajax/9.4.55.v20240627/jetty-util-ajax-9.4.55.v20240627.jar:/home/runner/.m2/repository/org/eclipse/jetty/jetty-webapp/9.4.55.v20240627/jetty-webapp-9.4.55.v20240627.jar:/home/runner/.m2/repository/org/eclipse/jetty/jetty-xml/9.4.55.v20240627/jetty-xml-9.4.55.v20240627.jar:/home/runner/.m2/repository/org/apache/ratis/ratis-server/3.1.0/ratis-server-3.1.0.jar:/home/runner/.m2/repository/org/apache/ratis/ratis-thirdparty-misc/1.0.6/ratis-thirdparty-misc-1.0.6.jar:/home/runner/.m2/repository/org/apache/ratis/ratis-proto/3.1.0/ratis-proto-3.1.0.jar:/home/runner/.m2/repository/org/apache/ratis/ratis-common/3.1.0/ratis-common-3.1.0.jar:/home/runner/.m2/repository/org/apache/ratis/ratis-client/3.1.0/ratis-client-3.1.0.jar:/home/runner/.m2/repository/org/apache/ratis/ratis-metrics-api/3.1.0/ratis-metrics-api-3.1.0.jar:/home/runner/.m2/repository/org/apache/ratis/ratis-metrics-dropwizard3/3.1.0/ratis-metrics-dropwizard3-3.1.0.jar:/home/runner/.m2/repository/io/prometheus/simpleclient_dropwizard/0.16.0/simpleclient_dropwizard-0.16.0.jar:/home/runner/.m2/repository/io/prometheus/simpleclient/0.16.0/simpleclient-0.16.0.jar:/home/runner/.m2/repository/io/prometheus/simpleclient_common/0.16.0/simpleclient_common-0.16.0.jar:/home/runner/.m2/repository/com/fasterxml/jackson/datatype/jackson-datatype-jsr310/2.16.2/jackson-datatype-jsr310-2.16.2.jar:/home/runner/.m2/repository/com/fasterxml/jackson/core/jackson-core/2.16.2/jackson-core-2.16.2.jar:/home/runner/.m2/repository/com/github/jnr/jnr-posix/3.1.19/jnr-posix-3.1.19.jar:/home/runner/.m2/repository/com/github/jnr/jnr-ffi/2.2.16/jnr-ffi-2.2.16.jar:/home/runner/.m2/repository/com/github/jnr/jffi/1.3.13/jffi-1.3.13.jar:/home/runner/.m2/repository/com/github/jnr/jffi/1.3.13/jffi-1.3.13-native.jar:/home/runner/.m2/repository/org/ow2/asm/asm/9.2/asm-9.2.jar:/home/runner/.m2/repository/org/ow2/asm/asm-commons/9.2/asm-commons-9.2.jar:/home/runner/.m2/repository/org/ow2/asm/asm-analysis/9.2/asm-analysis-9.2.jar:/home/runner/.m2/repository/org/ow2/asm/asm-tree/9.2/asm-tree-9.2.jar:/home/runner/.m2/repository/org/ow2/asm/asm-util/9.2/asm-util-9.2.jar:/home/runner/.m2/repository/com/github/jnr/jnr-a64asm/1.0.0/jnr-a64asm-1.0.0.jar:/home/runner/.m2/repository/com/github/jnr/jnr-x86asm/1.0.2/jnr-x86asm-1.0.2.jar:/home/runner/.m2/repository/com/github/jnr/jnr-constants/0.10.4/jnr-constants-0.10.4.jar:/home/runner/work/ozone/ozone/hadoop-hdds/rocksdb-checkpoint-differ/target/rocksdb-checkpoint-differ-1.5.0-SNAPSHOT.jar:/home/runner/.m2/repository/org/jgrapht/jgrapht-core/1.4.0/jgrapht-core-1.4.0.jar:/home/runner/.m2/repository/org/jheaps/jheaps/0.11/jheaps-0.11.jar:/home/runner/.m2/repository/org/jgrapht/jgrapht-ext/1.4.0/jgrapht-ext-1.4.0.jar:/home/runner/.m2/repository/com/github/vlsi/mxgraph/jgraphx/3.9.8.1/jgraphx-3.9.8.1.jar:/home/runner/work/ozone/ozone/hadoop-ozone/ozone-manager/target/ozone-manager-1.5.0-SNAPSHOT.jar:/home/runner/.m2/repository/org/aspectj/aspectjrt/1.9.7/aspectjrt-1.9.7.jar:/home/runner/.m2/repository/org/aspectj/aspectjweaver/1.9.7/aspectjweaver-1.9.7.jar:/home/runner/work/ozone/ozone/hadoop-hdds/interface-client/target/hdds-interface-client-1.5.0-SNAPSHOT.jar:/home/runner/.m2/repository/org/apache/hadoop/thirdparty/hadoop-shaded-protobuf_3_7/1.1.1/hadoop-shaded-protobuf_3_7-1.1.1.jar:/home/runner/work/ozone/ozone/hadoop-ozone/interface-storage/target/ozone-interface-storage-1.5.0-SNAPSHOT.jar:/home/runner/.m2/repository/org/reflections/reflections/0.10.2/reflections-0.10.2.jar:/home/runner/.m2/repository/com/sun/jersey/jersey-client/1.19.4/jersey-client-1.19.4.jar:/home/runner/.m2/repository/org/codehaus/jackson/jackson-core-asl/1.9.13/jackson-core-asl-1.9.13.jar:/home/runner/.m2/repository/org/codehaus/jackson/jackson-mapper-asl/1.9.13/jackson-mapper-asl-1.9.13.jar:/home/runner/.m2/repository/org/codehaus/jackson/jackson-jaxrs/1.9.13/jackson-jaxrs-1.9.13.jar:/home/runner/.m2/repository/org/apache/ranger/ranger-intg/2.3.0/ranger-intg-2.3.0.jar:/home/runner/.m2/repository/org/apache/ranger/ranger-plugins-common/2.3.0/ranger-plugins-common-2.3.0.jar:/home/runner/.m2/repository/commons-lang/commons-lang/2.6/commons-lang-2.6.jar:/home/runner/.m2/repository/org/apache/ranger/ranger-plugins-cred/2.3.0/ranger-plugins-cred-2.3.0.jar:/home/runner/.m2/repository/org/apache/ranger/ranger-plugins-audit/2.3.0/ranger-plugins-audit-2.3.0.jar:/home/runner/.m2/repository/org/eclipse/jetty/jetty-client/9.4.55.v20240627/jetty-client-9.4.55.v20240627.jar:/home/runner/.m2/repository/org/apache/httpcomponents/httpmime/4.5.6/httpmime-4.5.6.jar:/home/runner/.m2/repository/org/apache/httpcomponents/httpcore-nio/4.4.16/httpcore-nio-4.4.16.jar:/home/runner/.m2/repository/org/apache/httpcomponents/httpasyncclient/4.1.3/httpasyncclient-4.1.3.jar:/home/runner/.m2/repository/com/carrotsearch/hppc/0.8.0/hppc-0.8.0.jar:/home/runner/.m2/repository/org/apache/orc/orc-core/1.5.8/orc-core-1.5.8.jar:/home/runner/.m2/repository/net/java/dev/jna/jna/5.2.0/jna-5.2.0.jar:/home/runner/.m2/repository/net/java/dev/jna/jna-platform/5.2.0/jna-platform-5.2.0.jar:/home/runner/.m2/repository/com/kstruct/gethostname4j/0.0.2/gethostname4j-0.0.2.jar:/home/runner/.m2/repository/org/apache/ranger/ranger-plugin-classloader/2.3.0/ranger-plugin-classloader-2.3.0.jar:/home/runner/work/ozone/ozone/hadoop-hdds/rocks-native/target/hdds-rocks-native-1.5.0-SNAPSHOT.jar:/home/runner/.m2/repository/org/apache/hadoop/hadoop-minikdc/3.3.6/hadoop-minikdc-3.3.6.jar:/home/runner/.m2/repository/org/apache/kerby/kerb-simplekdc/1.0.1/kerb-simplekdc-1.0.1.jar:/home/runner/.m2/repository/org/apache/kerby/kerb-client/1.0.1/kerb-client-1.0.1.jar:/home/runner/.m2/repository/org/apache/kerby/kerb-common/1.0.1/kerb-common-1.0.1.jar:/home/runner/.m2/repository/org/apache/kerby/token-provider/1.0.1/token-provider-1.0.1.jar:/home/runner/.m2/repository/org/apache/kerby/kerb-admin/1.0.1/kerb-admin-1.0.1.jar:/home/runner/.m2/repository/org/apache/kerby/kerb-server/1.0.1/kerb-server-1.0.1.jar:/home/runner/.m2/repository/org/apache/kerby/kerb-identity/1.0.1/kerb-identity-1.0.1.jar:/home/runner/.m2/repository/org/apache/kerby/kerby-xdr/1.0.1/kerby-xdr-1.0.1.jar:/home/runner/.m2/repository/junit/junit/4.13.2/junit-4.13.2.jar:/home/runner/.m2/repository/org/hamcrest/hamcrest-core/1.3/hamcrest-core-1.3.jar:/home/runner/work/ozone/ozone/hadoop-ozone/s3gateway/target/ozone-s3gateway-1.5.0-SNAPSHOT.jar:/home/runner/.m2/repository/org/javassist/javassist/3.30.2-GA/javassist-3.30.2-GA.jar:/home/runner/.m2/repository/org/jboss/weld/servlet/weld-servlet-shaded/3.1.9.Final/weld-servlet-shaded-3.1.9.Final.jar:/home/runner/.m2/repository/org/glassfish/jersey/containers/jersey-container-servlet-core/2.43/jersey-container-servlet-core-2.43.jar:/home/runner/.m2/repository/org/glassfish/hk2/external/jakarta.inject/2.6.1/jakarta.inject-2.6.1.jar:/home/runner/.m2/repository/org/glassfish/jersey/core/jersey-common/2.43/jersey-common-2.43.jar:/home/runner/.m2/repository/jakarta/ws/rs/jakarta.ws.rs-api/2.1.6/jakarta.ws.rs-api-2.1.6.jar:/home/runner/.m2/repository/org/glassfish/jersey/ext/cdi/jersey-cdi1x/2.43/jersey-cdi1x-2.43.jar:/home/runner/.m2/repository/org/glassfish/jersey/inject/jersey-hk2/2.43/jersey-hk2-2.43.jar:/home/runner/.m2/repository/org/glassfish/hk2/hk2-locator/2.6.1/hk2-locator-2.6.1.jar:/home/runner/.m2/repository/org/glassfish/jersey/media/jersey-media-jaxb/2.43/jersey-media-jaxb-2.43.jar:/home/runner/.m2/repository/org/glassfish/hk2/osgi-resource-locator/1.0.3/osgi-resource-locator-1.0.3.jar:/home/runner/.m2/repository/org/glassfish/hk2/hk2-api/2.6.1/hk2-api-2.6.1.jar:/home/runner/.m2/repository/org/glassfish/hk2/hk2-utils/2.6.1/hk2-utils-2.6.1.jar:/home/runner/.m2/repository/org/glassfish/hk2/external/aopalliance-repackaged/2.6.1/aopalliance-repackaged-2.6.1.jar:/home/runner/.m2/repository/com/fasterxml/jackson/dataformat/jackson-dataformat-xml/2.16.2/jackson-dataformat-xml-2.16.2.jar:/home/runner/.m2/repository/org/codehaus/woodstox/stax2-api/4.2.2/stax2-api-4.2.2.jar:/home/runner/.m2/repository/com/fasterxml/woodstox/woodstox-core/5.4.0/woodstox-core-5.4.0.jar:/home/runner/.m2/repository/com/fasterxml/jackson/module/jackson-module-jaxb-annotations/2.16.2/jackson-module-jaxb-annotations-2.16.2.jar:/home/runner/.m2/repository/javax/enterprise/cdi-api/2.0/cdi-api-2.0.jar:/home/runner/.m2/repository/javax/el/javax.el-api/3.0.0/javax.el-api-3.0.0.jar:/home/runner/.m2/repository/javax/interceptor/javax.interceptor-api/1.2/javax.interceptor-api-1.2.jar:/home/runner/.m2/repository/javax/inject/javax.inject/1/javax.inject-1.jar:/home/runner/.m2/repository/jakarta/xml/bind/jakarta.xml.bind-api/2.3.3/jakarta.xml.bind-api-2.3.3.jar:/home/runner/.m2/repository/org/glassfish/jaxb/jaxb-runtime/2.3.9/jaxb-runtime-2.3.9.jar:/home/runner/.m2/repository/org/glassfish/jaxb/txw2/2.3.9/txw2-2.3.9.jar:/home/runner/.m2/repository/com/sun/istack/istack-commons-runtime/3.0.12/istack-commons-runtime-3.0.12.jar:/home/runner/.m2/repository/com/sun/activation/jakarta.activation/1.2.2/jakarta.activation-1.2.2.jar:/home/runner/.m2/repository/jakarta/activation/jakarta.activation-api/1.2.2/jakarta.activation-api-1.2.2.jar:/home/runner/.m2/repository/io/grpc/grpc-protobuf/1.58.0/grpc-protobuf-1.58.0.jar:/home/runner/.m2/repository/com/google/api/grpc/proto-google-common-protos/2.22.0/proto-google-common-protos-2.22.0.jar:/home/runner/.m2/repository/io/grpc/grpc-protobuf-lite/1.58.0/grpc-protobuf-lite-1.58.0.jar:/home/runner/.m2/repository/io/grpc/grpc-stub/1.58.0/grpc-stub-1.58.0.jar:/home/runner/.m2/repository/io/netty/netty-transport/4.1.109.Final/netty-transport-4.1.109.Final.jar:/home/runner/.m2/repository/io/netty/netty-resolver/4.1.109.Final/netty-resolver-4.1.109.Final.jar:/home/runner/work/ozone/ozone/hadoop-ozone/csi/target/ozone-csi-1.5.0-SNAPSHOT.jar:/home/runner/.m2/repository/com/google/protobuf/protobuf-java-util/3.19.6/protobuf-java-util-3.19.6.jar:/home/runner/.m2/repository/com/google/code/gson/gson/2.10.1/gson-2.10.1.jar:/home/runner/work/ozone/ozone/hadoop-hdds/config/target/hdds-config-1.5.0-SNAPSHOT.jar:/home/runner/.m2/repository/io/netty/netty-transport-native-epoll/4.1.109.Final/netty-transport-native-epoll-4.1.109.Final-linux-x86_64.jar:/home/runner/.m2/repository/io/netty/netty-transport-classes-epoll/4.1.109.Final/netty-transport-classes-epoll-4.1.109.Final.jar:/home/runner/.m2/repository/io/netty/netty-transport-native-unix-common/4.1.109.Final/netty-transport-native-unix-common-4.1.109.Final.jar:/home/runner/work/ozone/ozone/hadoop-ozone/recon/target/ozone-recon-1.5.0-SNAPSHOT.jar:/home/runner/work/ozone/ozone/hadoop-ozone/recon-codegen/target/ozone-reconcodegen-1.5.0-SNAPSHOT.jar:/home/runner/.m2/repository/com/google/inject/guice/6.0.0/guice-6.0.0.jar:/home/runner/.m2/repository/jakarta/inject/jakarta.inject-api/2.0.1/jakarta.inject-api-2.0.1.jar:/home/runner/.m2/repository/aopalliance/aopalliance/1.0/aopalliance-1.0.jar:/home/runner/.m2/repository/com/google/inject/extensions/guice-assistedinject/6.0.0/guice-assistedinject-6.0.0.jar:/home/runner/.m2/repository/com/google/inject/extensions/guice-servlet/6.0.0/guice-servlet-6.0.0.jar:/home/runner/.m2/repository/org/glassfish/jersey/containers/jersey-container-servlet/2.43/jersey-container-servlet-2.43.jar:/home/runner/.m2/repository/org/glassfish/hk2/guice-bridge/2.6.1/guice-bridge-2.6.1.jar:/home/runner/.m2/repository/org/glassfish/jersey/core/jersey-server/2.43/jersey-server-2.43.jar:/home/runner/.m2/repository/org/glassfish/jersey/core/jersey-client/2.43/jersey-client-2.43.jar:/home/runner/.m2/repository/jakarta/validation/jakarta.validation-api/2.0.2/jakarta.validation-api-2.0.2.jar:/home/runner/.m2/repository/org/glassfish/jersey/media/jersey-media-json-jackson/2.43/jersey-media-json-jackson-2.43.jar:/home/runner/.m2/repository/org/glassfish/jersey/ext/jersey-entity-filtering/2.43/jersey-entity-filtering-2.43.jar:/home/runner/.m2/repository/org/jooq/jooq/3.11.10/jooq-3.11.10.jar:/home/runner/.m2/repository/org/jooq/jooq-meta/3.11.10/jooq-meta-3.11.10.jar:/home/runner/.m2/repository/org/jooq/jooq-codegen/3.11.10/jooq-codegen-3.11.10.jar:/home/runner/.m2/repository/com/jolbox/bonecp/0.8.0.RELEASE/bonecp-0.8.0.RELEASE.jar:/home/runner/.m2/repository/org/apache/derby/derby/10.14.2.0/derby-10.14.2.0.jar:/home/runner/.m2/repository/org/xerial/sqlite-jdbc/3.44.1.0/sqlite-jdbc-3.44.1.0.jar:/home/runner/.m2/repository/org/springframework/spring-jdbc/5.3.34/spring-jdbc-5.3.34.jar:/home/runner/.m2/repository/org/springframework/spring-beans/5.3.34/spring-beans-5.3.34.jar:/home/runner/.m2/repository/org/springframework/spring-core/5.3.34/spring-core-5.3.34.jar:/home/runner/.m2/repository/org/springframework/spring-tx/5.3.34/spring-tx-5.3.34.jar:/home/runner/work/ozone/ozone/hadoop-ozone/client/target/ozone-client-1.5.0-SNAPSHOT.jar:/home/runner/work/ozone/ozone/hadoop-hdds/erasurecode/target/hdds-erasurecode-1.5.0-SNAPSHOT.jar:/home/runner/work/ozone/ozone/hadoop-ozone/ozonefs/target/ozone-filesystem-1.5.0-SNAPSHOT.jar:/home/runner/work/ozone/ozone/hadoop-ozone/ozonefs-common/target/ozone-filesystem-common-1.5.0-SNAPSHOT.jar:/home/runner/work/ozone/ozone/hadoop-ozone/tools/target/ozone-tools-1.5.0-SNAPSHOT.jar:/home/runner/.m2/repository/com/amazonaws/aws-java-sdk-core/1.12.661/aws-java-sdk-core-1.12.661.jar:/home/runner/.m2/repository/org/apache/httpcomponents/httpclient/4.5.14/httpclient-4.5.14.jar:/home/runner/.m2/repository/org/apache/httpcomponents/httpcore/4.4.16/httpcore-4.4.16.jar:/home/runner/.m2/repository/com/fasterxml/jackson/dataformat/jackson-dataformat-cbor/2.16.2/jackson-dataformat-cbor-2.16.2.jar:/home/runner/.m2/repository/joda-time/joda-time/2.12.7/joda-time-2.12.7.jar:/home/runner/.m2/repository/com/amazonaws/aws-java-sdk-s3/1.12.661/aws-java-sdk-s3-1.12.661.jar:/home/runner/.m2/repository/com/amazonaws/aws-java-sdk-kms/1.12.661/aws-java-sdk-kms-1.12.661.jar:/home/runner/.m2/repository/com/amazonaws/jmespath-java/1.12.661/jmespath-java-1.12.661.jar:/home/runner/.m2/repository/org/kohsuke/metainf-services/metainf-services/1.11/metainf-services-1.11.jar:/home/runner/work/ozone/ozone/hadoop-hdds/tools/target/hdds-tools-1.5.0-SNAPSHOT.jar:/home/runner/.m2/repository/org/apache/ratis/ratis-tools/3.1.0/ratis-tools-3.1.0.jar:/home/runner/.m2/repository/commons-cli/commons-cli/1.8.0/commons-cli-1.8.0.jar:/home/runner/.m2/repository/org/apache/commons/commons-lang3/3.14.0/commons-lang3-3.14.0.jar:/home/runner/work/ozone/ozone/hadoop-ozone/ozone-manager/target/ozone-manager-1.5.0-SNAPSHOT-tests.jar:/home/runner/work/ozone/ozone/hadoop-hdds/common/target/hdds-common-1.5.0-SNAPSHOT-tests.jar:/home/runner/work/ozone/ozone/hadoop-hdds/hadoop-dependency-client/target/hdds-hadoop-dependency-client-1.5.0-SNAPSHOT.jar:/home/runner/.m2/repository/info/picocli/picocli/4.7.6/picocli-4.7.6.jar:/home/runner/.m2/repository/com/fasterxml/jackson/core/jackson-annotations/2.16.2/jackson-annotations-2.16.2.jar:/home/runner/work/ozone/ozone/hadoop-hdds/annotations/target/hdds-annotation-processing-1.5.0-SNAPSHOT.jar:/home/runner/.m2/repository/javax/annotation/javax.annotation-api/1.3.2/javax.annotation-api-1.3.2.jar:/home/runner/.m2/repository/org/apache/ratis/ratis-server-api/3.1.0/ratis-server-api-3.1.0.jar:/home/runner/.m2/repository/org/apache/ratis/ratis-netty/3.1.0/ratis-netty-3.1.0.jar:/home/runner/.m2/repository/org/apache/ratis/ratis-grpc/3.1.0/ratis-grpc-3.1.0.jar:/home/runner/.m2/repository/org/bouncycastle/bcpkix-jdk18on/1.78.1/bcpkix-jdk18on-1.78.1.jar:/home/runner/.m2/repository/org/bouncycastle/bcutil-jdk18on/1.78.1/bcutil-jdk18on-1.78.1.jar:/home/runner/.m2/repository/commons-validator/commons-validator/1.6/commons-validator-1.6.jar:/home/runner/.m2/repository/commons-beanutils/commons-beanutils/1.9.4/commons-beanutils-1.9.4.jar:/home/runner/.m2/repository/commons-digester/commons-digester/1.8.1/commons-digester-1.8.1.jar:/home/runner/.m2/repository/commons-collections/commons-collections/3.2.2/commons-collections-3.2.2.jar:/home/runner/.m2/repository/io/jaegertracing/jaeger-client/1.8.1/jaeger-client-1.8.1.jar:/home/runner/.m2/repository/io/jaegertracing/jaeger-thrift/1.8.1/jaeger-thrift-1.8.1.jar:/home/runner/.m2/repository/org/apache/thrift/libthrift/0.15.0/libthrift-0.15.0.jar:/home/runner/.m2/repository/io/jaegertracing/jaeger-core/1.8.1/jaeger-core-1.8.1.jar:/home/runner/.m2/repository/io/jaegertracing/jaeger-tracerresolver/1.8.1/jaeger-tracerresolver-1.8.1.jar:/home/runner/.m2/repository/io/opentracing/contrib/opentracing-tracerresolver/0.1.8/opentracing-tracerresolver-0.1.8.jar:/home/runner/.m2/repository/org/jetbrains/kotlin/kotlin-stdlib/1.9.24/kotlin-stdlib-1.9.24.jar:/home/runner/.m2/repository/org/jetbrains/annotations/13.0/annotations-13.0.jar:/home/runner/.m2/repository/io/opentracing/opentracing-util/0.33.0/opentracing-util-0.33.0.jar:/home/runner/.m2/repository/io/opentracing/opentracing-api/0.33.0/opentracing-api-0.33.0.jar:/home/runner/.m2/repository/io/opentracing/opentracing-noop/0.33.0/opentracing-noop-0.33.0.jar:/home/runner/.m2/repository/org/yaml/snakeyaml/2.0/snakeyaml-2.0.jar:/home/runner/.m2/repository/io/grpc/grpc-api/1.58.0/grpc-api-1.58.0.jar:/home/runner/.m2/repository/org/junit/platform/junit-platform-launcher/1.10.3/junit-platform-launcher-1.10.3.jar:/home/runner/.m2/repository/org/junit/platform/junit-platform-engine/1.10.3/junit-platform-engine-1.10.3.jar:/home/runner/.m2/repository/org/apiguardian/apiguardian-api/1.1.2/apiguardian-api-1.1.2.jar:/home/runner/.m2/repository/org/apache/hadoop/hadoop-kms/3.3.6/hadoop-kms-3.3.6.jar:/home/runner/.m2/repository/org/apache/hadoop/hadoop-auth/3.3.6/hadoop-auth-3.3.6.jar:/home/runner/.m2/repository/org/apache/zookeeper/zookeeper/3.8.4/zookeeper-3.8.4.jar:/home/runner/.m2/repository/org/apache/zookeeper/zookeeper-jute/3.8.4/zookeeper-jute-3.8.4.jar:/home/runner/.m2/repository/org/apache/yetus/audience-annotations/0.12.0/audience-annotations-0.12.0.jar:/home/runner/.m2/repository/org/apache/curator/curator-framework/4.2.0/curator-framework-4.2.0.jar:/home/runner/.m2/repository/org/apache/hadoop/thirdparty/hadoop-shaded-guava/1.2.0/hadoop-shaded-guava-1.2.0.jar:/home/runner/.m2/repository/com/sun/jersey/jersey-core/1.19.4/jersey-core-1.19.4.jar:/home/runner/.m2/repository/javax/ws/rs/jsr311-api/1.1.1/jsr311-api-1.1.1.jar:/home/runner/.m2/repository/com/sun/jersey/jersey-server/1.19.4/jersey-server-1.19.4.jar:/home/runner/.m2/repository/javax/servlet/javax.servlet-api/3.1.0/javax.servlet-api-3.1.0.jar:/home/runner/.m2/repository/org/apache/hadoop/hadoop-common/3.3.6/hadoop-common-3.3.6.jar:/home/runner/.m2/repository/org/apache/commons/commons-math3/3.6.1/commons-math3-3.6.1.jar:/home/runner/.m2/repository/commons-net/commons-net/3.10.0/commons-net-3.10.0.jar:/home/runner/.m2/repository/com/sun/jersey/jersey-servlet/1.19.4/jersey-servlet-1.19.4.jar:/home/runner/.m2/repository/com/github/pjfanning/jersey-json/1.20/jersey-json-1.20.jar:/home/runner/.m2/repository/org/codehaus/jettison/jettison/1.1/jettison-1.1.jar:/home/runner/.m2/repository/com/sun/xml/bind/jaxb-impl/2.2.3-1/jaxb-impl-2.2.3-1.jar:/home/runner/.m2/repository/com/google/re2j/re2j/1.7/re2j-1.7.jar:/home/runner/.m2/repository/com/jcraft/jsch/0.1.55/jsch-0.1.55.jar:/home/runner/.m2/repository/org/apache/curator/curator-client/4.2.0/curator-client-4.2.0.jar:/home/runner/.m2/repository/org/apache/curator/curator-recipes/5.2.0/curator-recipes-5.2.0.jar:/home/runner/.m2/repository/com/google/code/findbugs/jsr305/3.0.2/jsr305-3.0.2.jar:/home/runner/.m2/repository/dnsjava/dnsjava/2.1.9/dnsjava-2.1.9.jar:/home/runner/.m2/repository/com/fasterxml/jackson/core/jackson-databind/2.16.2/jackson-databind-2.16.2.jar:/home/runner/.m2/repository/org/apache/hadoop/hadoop-kms/3.3.6/hadoop-kms-3.3.6-tests.jar:/home/runner/work/ozone/ozone/hadoop-hdds/server-scm/target/hdds-server-scm-1.5.0-SNAPSHOT-tests.jar:/home/runner/work/ozone/ozone/hadoop-hdds/container-service/target/hdds-container-service-1.5.0-SNAPSHOT-tests.jar:/home/runner/.m2/repository/com/github/luben/zstd-jni/1.5.6-3/zstd-jni-1.5.6-3.jar:/home/runner/.m2/repository/commons-codec/commons-codec/1.17.0/commons-codec-1.17.0.jar:/home/runner/.m2/repository/io/netty/netty-codec/4.1.109.Final/netty-codec-4.1.109.Final.jar:/home/runner/.m2/repository/io/netty/netty-handler/4.1.109.Final/netty-handler-4.1.109.Final.jar:/home/runner/work/ozone/ozone/hadoop-hdds/hadoop-dependency-test/target/hdds-hadoop-dependency-test-1.5.0-SNAPSHOT.jar:/home/runner/.m2/repository/org/apache/hadoop/hadoop-common/3.3.6/hadoop-common-3.3.6-tests.jar:/home/runner/.m2/repository/org/apache/hadoop/hadoop-hdfs/3.3.6/hadoop-hdfs-3.3.6-tests.jar:/home/runner/.m2/repository/org/junit/jupiter/junit-jupiter-engine/5.10.3/junit-jupiter-engine-5.10.3.jar:/home/runner/.m2/repository/org/junit/jupiter/junit-jupiter-params/5.10.3/junit-jupiter-params-5.10.3.jar:/home/runner/.m2/repository/org/mockito/mockito-core/4.11.0/mockito-core-4.11.0.jar:/home/runner/.m2/repository/net/bytebuddy/byte-buddy-agent/1.12.19/byte-buddy-agent-1.12.19.jar:/home/runner/.m2/repository/org/objenesis/objenesis/3.3/objenesis-3.3.jar:/home/runner/.m2/repository/org/mockito/mockito-inline/4.11.0/mockito-inline-4.11.0.jar:/home/runner/.m2/repository/org/mockito/mockito-junit-jupiter/4.11.0/mockito-junit-jupiter-4.11.0.jar:/home/runner/.m2/repository/org/apache/hadoop/hadoop-distcp/3.3.6/hadoop-distcp-3.3.6.jar:/home/runner/.m2/repository/org/apache/hadoop/hadoop-mapreduce-client-jobclient/3.3.6/hadoop-mapreduce-client-jobclient-3.3.6.jar:/home/runner/.m2/repository/org/apache/hadoop/hadoop-mapreduce-client-common/3.3.6/hadoop-mapreduce-client-common-3.3.6.jar:/home/runner/.m2/repository/org/apache/hadoop/hadoop-yarn-common/3.3.6/hadoop-yarn-common-3.3.6.jar:/home/runner/.m2/repository/org/apache/hadoop/hadoop-yarn-api/3.3.6/hadoop-yarn-api-3.3.6.jar:/home/runner/.m2/repository/javax/xml/bind/jaxb-api/2.2.11/jaxb-api-2.2.11.jar:/home/runner/.m2/repository/com/sun/jersey/contribs/jersey-guice/1.19.4/jersey-guice-1.19.4.jar:/home/runner/.m2/repository/com/fasterxml/jackson/jaxrs/jackson-jaxrs-json-provider/2.16.2/jackson-jaxrs-json-provider-2.16.2.jar:/home/runner/.m2/repository/com/fasterxml/jackson/jaxrs/jackson-jaxrs-base/2.16.2/jackson-jaxrs-base-2.16.2.jar:/home/runner/.m2/repository/org/apache/hadoop/hadoop-yarn-client/3.3.6/hadoop-yarn-client-3.3.6.jar:/home/runner/.m2/repository/org/eclipse/jetty/websocket/websocket-client/9.4.51.v20230217/websocket-client-9.4.51.v20230217.jar:/home/runner/.m2/repository/org/eclipse/jetty/websocket/websocket-common/9.4.51.v20230217/websocket-common-9.4.51.v20230217.jar:/home/runner/.m2/repository/org/eclipse/jetty/websocket/websocket-api/9.4.51.v20230217/websocket-api-9.4.51.v20230217.jar:/home/runner/.m2/repository/org/jline/jline/3.9.0/jline-3.9.0.jar:/home/runner/.m2/repository/org/apache/hadoop/hadoop-mapreduce-client-core/3.3.6/hadoop-mapreduce-client-core-3.3.6.jar:/home/runner/.m2/repository/org/apache/avro/avro/1.7.7/avro-1.7.7.jar:/home/runner/.m2/repository/com/thoughtworks/paranamer/paranamer/2.3/paranamer-2.3.jar:/home/runner/.m2/repository/org/apache/hadoop/hadoop-annotations/3.3.6/hadoop-annotations-3.3.6.jar:/home/runner/.m2/repository/io/netty/netty/3.10.6.Final/netty-3.10.6.Final.jar:/home/runner/.m2/repository/org/apache/hadoop/hadoop-distcp/3.3.6/hadoop-distcp-3.3.6-tests.jar:/home/runner/.m2/repository/org/hamcrest/hamcrest/2.2/hamcrest-2.2.jar:/home/runner/.m2/repository/org/slf4j/jul-to-slf4j/2.0.13/jul-to-slf4j-2.0.13.jar:/home/runner/work/ozone/ozone/hadoop-ozone/integration-test/target/gradle-enterprise/test-listeners.jar:"/>
    <property name="sun.cpu.endian" value="little"/>
    <property name="user.home" value="/home/runner"/>
    <property name="user.language" value="en"/>
    <property name="java.specification.vendor" value="Oracle Corporation"/>
    <property name="java.version.date" value="2024-04-16"/>
    <property name="java.home" value="/usr/lib/jvm/temurin-17-jdk-amd64"/>
    <property name="java.security.krb5.conf" value="/tmp/junit9964700997847685636/1720266950078/krb5.conf"/>
    <property name="file.separator" value="/"/>
    <property name="basedir" value="/home/runner/work/ozone/ozone/hadoop-ozone/integration-test"/>
    <property name="java.vm.compressedOopsMode" value="Zero based"/>
    <property name="line.separator" value="&#10;"/>
    <property name="java.vm.specification.vendor" value="Oracle Corporation"/>
    <property name="java.specification.name" value="Java Platform API Specification"/>
    <property name="skip.installnpx" value="true"/>
    <property name="surefire.real.class.path" value="/home/runner/work/ozone/ozone/hadoop-ozone/integration-test/target/surefire/surefirebooter15233616931967372406.jar"/>
    <property name="hadoop.log.dir" value="/home/runner/work/ozone/ozone/hadoop-ozone/integration-test/target/log"/>
    <property name="sun.management.compiler" value="HotSpot 64-Bit Tiered Compilers"/>
    <property name="java.runtime.version" value="17.0.11+9"/>
    <property name="skip.npx" value="true"/>
    <property name="user.name" value="runner"/>
    <property name="java.net.preferIPv4Stack" value="true"/>
    <property name="path.separator" value=":"/>
    <property name="java.security.egd" value="file:///dev/urandom"/>
    <property name="os.version" value="5.15.0-1064-azure"/>
    <property name="java.runtime.name" value="OpenJDK Runtime Environment"/>
    <property name="com.gradle.maven.scan.extension.test.listener.junitplatform.NestedExecutionSafeDelegatingTestExecutionListener" value="574b560f"/>
    <property name="file.encoding" value="UTF-8"/>
    <property name="java.vm.name" value="OpenJDK 64-Bit Server VM"/>
    <property name="java.vendor.version" value="Temurin-17.0.11+9"/>
    <property name="test.build.webapps" value=""/>
    <property name="develocity.listener.surefire.forkId" value="1"/>
    <property name="localRepository" value="/home/runner/.m2/repository"/>
    <property name="java.vendor.url.bug" value="https://github.com/adoptium/adoptium-support/issues"/>
    <property name="jetty.git.hash" value="70015831e5195ba74da6383c4ab7c90c56bb08af"/>
    <property name="java.io.tmpdir" value="/tmp"/>
    <property name="require.test.libhadoop" value=""/>
    <property name="java.version" value="17.0.11"/>
    <property name="user.dir" value="/home/runner/work/ozone/ozone/hadoop-ozone/integration-test"/>
    <property name="os.arch" value="amd64"/>
    <property name="java.vm.specification.name" value="Java Virtual Machine Specification"/>
    <property name="test.build.classes" value="/home/runner/work/ozone/ozone/hadoop-ozone/integration-test/target/test-classes"/>
    <property name="org.apache.ratis.thirdparty.io.netty.allocator.useCacheForAllThreads" value="false"/>
    <property name="native.encoding" value="UTF-8"/>
    <property name="hadoop.tmp.dir" value="/home/runner/work/ozone/ozone/hadoop-ozone/integration-test/target/tmp"/>
    <property name="java.library.path" value="/usr/java/packages/lib:/usr/lib64:/lib64:/lib:/usr/lib"/>
    <property name="java.vm.info" value="mixed mode, sharing"/>
    <property name="java.vendor" value="Eclipse Adoptium"/>
    <property name="java.vm.version" value="17.0.11+9"/>
    <property name="sun.io.unicode.encoding" value="UnicodeLittle"/>
    <property name="develocity.listener.port" value="44653"/>
    <property name="java.class.version" value="61.0"/>
  </properties>
  <testcase name="testSecretKeyApiSuccess" classname="org.apache.hadoop.hdds.scm.TestSecretKeysApi" time="71.059">
    <failure type="org.opentest4j.AssertionFailedError"><![CDATA[org.opentest4j.AssertionFailedError: expected: <SecretKey(id = bab241fe-9c3a-4f0c-9a67-3b8c7de0fca8, creation at: 2024-07-06T11:54:12.268Z, expire at: 2024-07-06T11:54:15.268Z)> but was: <SecretKey(id = f61d425c-74f1-427a-8f98-7e90d8f14aff, creation at: 2024-07-06T11:54:13.368Z, expire at: 2024-07-06T11:54:16.368Z)>
	at org.junit.jupiter.api.AssertionFailureBuilder.build(AssertionFailureBuilder.java:151)
	at org.junit.jupiter.api.AssertionFailureBuilder.buildAndThrow(AssertionFailureBuilder.java:132)
	at org.junit.jupiter.api.AssertEquals.failNotEqual(AssertEquals.java:197)
	at org.junit.jupiter.api.AssertEquals.assertEquals(AssertEquals.java:182)
	at org.junit.jupiter.api.AssertEquals.assertEquals(AssertEquals.java:177)
	at org.junit.jupiter.api.Assertions.assertEquals(Assertions.java:1145)
	at org.apache.hadoop.hdds.scm.TestSecretKeysApi.testSecretKeyApiSuccess(TestSecretKeysApi.java:210)
	at java.base/java.lang.reflect.Method.invoke(Method.java:568)
	at java.base/java.util.ArrayList.forEach(ArrayList.java:1511)
	at java.base/java.util.ArrayList.forEach(ArrayList.java:1511)
]]></failure>
    <system-out><![CDATA[2024-07-06 11:53:35,812 [main] INFO  minikdc.MiniKdc (MiniKdc.java:<init>(225)) - Configuration:
2024-07-06 11:53:35,814 [main] INFO  minikdc.MiniKdc (MiniKdc.java:<init>(226)) - ---------------------------------------------------------------
2024-07-06 11:53:35,814 [main] INFO  minikdc.MiniKdc (MiniKdc.java:<init>(228)) -   max.renewable.lifetime: 604800000
2024-07-06 11:53:35,814 [main] INFO  minikdc.MiniKdc (MiniKdc.java:<init>(228)) -   instance: DefaultKrbServer
2024-07-06 11:53:35,815 [main] INFO  minikdc.MiniKdc (MiniKdc.java:<init>(228)) -   debug: false
2024-07-06 11:53:35,815 [main] INFO  minikdc.MiniKdc (MiniKdc.java:<init>(228)) -   kdc.bind.address: localhost
2024-07-06 11:53:35,815 [main] INFO  minikdc.MiniKdc (MiniKdc.java:<init>(228)) -   max.ticket.lifetime: 86400000
2024-07-06 11:53:35,816 [main] INFO  minikdc.MiniKdc (MiniKdc.java:<init>(228)) -   transport: TCP
2024-07-06 11:53:35,816 [main] INFO  minikdc.MiniKdc (MiniKdc.java:<init>(228)) -   org.name: EXAMPLE
2024-07-06 11:53:35,816 [main] INFO  minikdc.MiniKdc (MiniKdc.java:<init>(228)) -   org.domain: COM
2024-07-06 11:53:35,817 [main] INFO  minikdc.MiniKdc (MiniKdc.java:<init>(228)) -   kdc.port: 0
2024-07-06 11:53:35,817 [main] INFO  minikdc.MiniKdc (MiniKdc.java:<init>(230)) - ---------------------------------------------------------------
2024-07-06 11:53:35,866 [main] INFO  minikdc.MiniKdc (MiniKdc.java:start(285)) - MiniKdc started.
2024-07-06 11:53:36,325 [main] INFO  audit.AuditLogger (AuditLogger.java:refreshDebugCmdSet(135)) - Refresh DebugCmdSet for OMAudit to [].
2024-07-06 11:53:36,547 [main] WARN  server.ServerUtils (ServerUtils.java:getScmDbDir(143)) - ozone.scm.db.dirs is not configured. We recommend adding this setting. Falling back to ozone.metadata.dirs instead.
2024-07-06 11:53:36,703 [main] INFO  reflections.Reflections (Reflections.java:scan(219)) - Reflections took 139 ms to scan 7 urls, producing 158 keys and 370 values
2024-07-06 11:53:36,796 [main] INFO  ha.SCMHANodeDetails (SCMHANodeDetails.java:loadSCMHAConfig(207)) - ServiceID for StorageContainerManager is TestSecretKey
2024-07-06 11:53:36,803 [main] INFO  ha.SCMHANodeDetails (SCMHANodeDetails.java:loadSCMHAConfig(218)) - ServiceID for StorageContainerManager is TestSecretKey
2024-07-06 11:53:36,821 [main] WARN  scm.ScmUtils (ScmUtils.java:logWarn(192)) - ConfigKey ozone.scm.block.client.address is deprecated, For configuring different ports for each SCM use PortConfigKey ozone.scm.block.client.port appended with serviceId and nodeId. If want to configure same port configure ozone.scm.block.client.port
2024-07-06 11:53:36,823 [main] WARN  scm.ScmUtils (ScmUtils.java:logWarn(192)) - ConfigKey ozone.scm.client.address is deprecated, For configuring different ports for each SCM use PortConfigKey ozone.scm.client.port appended with serviceId and nodeId. If want to configure same port configure ozone.scm.client.port
2024-07-06 11:53:36,824 [main] WARN  scm.ScmUtils (ScmUtils.java:logWarn(192)) - ConfigKey ozone.scm.datanode.address is deprecated, For configuring different ports for each SCM use PortConfigKey ozone.scm.datanode.port appended with serviceId and nodeId. If want to configure same port configure ozone.scm.datanode.port
2024-07-06 11:53:36,826 [main] WARN  scm.ScmUtils (ScmUtils.java:logWarn(192)) - ConfigKey ozone.scm.block.client.address is deprecated, For configuring different ports for each SCM use PortConfigKey ozone.scm.block.client.port appended with serviceId and nodeId. If want to configure same port configure ozone.scm.block.client.port
2024-07-06 11:53:36,826 [main] WARN  scm.ScmUtils (ScmUtils.java:logWarn(192)) - ConfigKey ozone.scm.client.address is deprecated, For configuring different ports for each SCM use PortConfigKey ozone.scm.client.port appended with serviceId and nodeId. If want to configure same port configure ozone.scm.client.port
2024-07-06 11:53:36,827 [main] WARN  scm.ScmUtils (ScmUtils.java:logWarn(192)) - ConfigKey ozone.scm.datanode.address is deprecated, For configuring different ports for each SCM use PortConfigKey ozone.scm.datanode.port appended with serviceId and nodeId. If want to configure same port configure ozone.scm.datanode.port
2024-07-06 11:53:36,827 [main] INFO  ha.SCMHANodeDetails (SCMHANodeDetails.java:loadSCMHAConfig(305)) - Found matching SCM address with SCMServiceId: TestSecretKey, SCMNodeId: scmNode-1, RPC Address: localhost:15003 and Ratis port: 15003
2024-07-06 11:53:36,827 [main] INFO  ha.SCMHANodeDetails (ConfUtils.java:setNodeSpecificConfigs(97)) - Setting configuration key ozone.scm.datanode.address with value of key ozone.scm.datanode.address.TestSecretKey.scmNode-1: 127.0.0.1:15004
2024-07-06 11:53:36,828 [main] INFO  ha.SCMHANodeDetails (ConfUtils.java:setNodeSpecificConfigs(97)) - Setting configuration key ozone.scm.block.client.address with value of key ozone.scm.block.client.address.TestSecretKey.scmNode-1: 127.0.0.1:15007
2024-07-06 11:53:36,828 [main] INFO  ha.SCMHANodeDetails (ConfUtils.java:setNodeSpecificConfigs(97)) - Setting configuration key ozone.scm.client.address with value of key ozone.scm.client.address.TestSecretKey.scmNode-1: 127.0.0.1:15005
2024-07-06 11:53:36,828 [main] INFO  ha.SCMHANodeDetails (ConfUtils.java:setNodeSpecificConfigs(97)) - Setting configuration key ozone.scm.security.service.address with value of key ozone.scm.security.service.address.TestSecretKey.scmNode-1: 127.0.0.1:15002
2024-07-06 11:53:36,829 [main] INFO  ha.SCMHANodeDetails (ConfUtils.java:setNodeSpecificConfigs(97)) - Setting configuration key ozone.scm.ratis.port with value of key ozone.scm.ratis.port.TestSecretKey.scmNode-1: 15003
2024-07-06 11:53:36,829 [main] INFO  ha.SCMHANodeDetails (ConfUtils.java:setNodeSpecificConfigs(97)) - Setting configuration key ozone.scm.grpc.port with value of key ozone.scm.grpc.port.TestSecretKey.scmNode-1: 15006
2024-07-06 11:53:36,829 [main] INFO  ha.SCMHANodeDetails (ConfUtils.java:setNodeSpecificConfigs(97)) - Setting configuration key ozone.scm.http-address with value of key ozone.scm.http-address.TestSecretKey.scmNode-1: 127.0.0.1:15000
2024-07-06 11:53:36,830 [main] INFO  ha.SCMHANodeDetails (ConfUtils.java:setNodeSpecificConfigs(97)) - Setting configuration key ozone.scm.https-address with value of key ozone.scm.https-address.TestSecretKey.scmNode-1: 127.0.0.1:15001
2024-07-06 11:53:36,830 [main] INFO  ha.SCMHANodeDetails (ConfUtils.java:setNodeSpecificConfigs(97)) - Setting configuration key ozone.scm.address with value of key ozone.scm.address.TestSecretKey.scmNode-1: 127.0.0.1
2024-07-06 11:53:36,830 [main] WARN  scm.ScmUtils (ScmUtils.java:logWarn(192)) - ConfigKey ozone.scm.block.client.address is deprecated, For configuring different ports for each SCM use PortConfigKey ozone.scm.block.client.port appended with serviceId and nodeId. If want to configure same port configure ozone.scm.block.client.port
2024-07-06 11:53:36,831 [main] WARN  scm.ScmUtils (ScmUtils.java:logWarn(192)) - ConfigKey ozone.scm.client.address is deprecated, For configuring different ports for each SCM use PortConfigKey ozone.scm.client.port appended with serviceId and nodeId. If want to configure same port configure ozone.scm.client.port
2024-07-06 11:53:36,831 [main] WARN  scm.ScmUtils (ScmUtils.java:logWarn(192)) - ConfigKey ozone.scm.datanode.address is deprecated, For configuring different ports for each SCM use PortConfigKey ozone.scm.datanode.port appended with serviceId and nodeId. If want to configure same port configure ozone.scm.datanode.port
2024-07-06 11:53:37,151 [main] INFO  ha.SCMNodeInfo (SCMNodeInfo.java:getPort(197)) - ConfigKey ozone.scm.client.address is deprecated, For configuring different ports for each SCM use PortConfigKey ozone.scm.client.port appended with serviceId and nodeId
2024-07-06 11:53:37,152 [main] INFO  ha.SCMNodeInfo (SCMNodeInfo.java:getPort(197)) - ConfigKey ozone.scm.block.client.address is deprecated, For configuring different ports for each SCM use PortConfigKey ozone.scm.block.client.port appended with serviceId and nodeId
2024-07-06 11:53:37,152 [main] INFO  ha.SCMNodeInfo (SCMNodeInfo.java:getPort(197)) - ConfigKey ozone.scm.security.service.address is deprecated, For configuring different ports for each SCM use PortConfigKey ozone.scm.security.service.port appended with serviceId and nodeId
2024-07-06 11:53:37,152 [main] INFO  ha.SCMNodeInfo (SCMNodeInfo.java:getPort(197)) - ConfigKey ozone.scm.datanode.address is deprecated, For configuring different ports for each SCM use PortConfigKey ozone.scm.datanode.port appended with serviceId and nodeId
2024-07-06 11:53:37,153 [main] INFO  ha.SCMNodeInfo (SCMNodeInfo.java:getPort(197)) - ConfigKey ozone.scm.client.address is deprecated, For configuring different ports for each SCM use PortConfigKey ozone.scm.client.port appended with serviceId and nodeId
2024-07-06 11:53:37,153 [main] INFO  ha.SCMNodeInfo (SCMNodeInfo.java:getPort(197)) - ConfigKey ozone.scm.block.client.address is deprecated, For configuring different ports for each SCM use PortConfigKey ozone.scm.block.client.port appended with serviceId and nodeId
2024-07-06 11:53:37,153 [main] INFO  ha.SCMNodeInfo (SCMNodeInfo.java:getPort(197)) - ConfigKey ozone.scm.security.service.address is deprecated, For configuring different ports for each SCM use PortConfigKey ozone.scm.security.service.port appended with serviceId and nodeId
2024-07-06 11:53:37,154 [main] INFO  ha.SCMNodeInfo (SCMNodeInfo.java:getPort(197)) - ConfigKey ozone.scm.datanode.address is deprecated, For configuring different ports for each SCM use PortConfigKey ozone.scm.datanode.port appended with serviceId and nodeId
2024-07-06 11:53:37,154 [main] INFO  ha.SCMNodeInfo (SCMNodeInfo.java:getPort(197)) - ConfigKey ozone.scm.client.address is deprecated, For configuring different ports for each SCM use PortConfigKey ozone.scm.client.port appended with serviceId and nodeId
2024-07-06 11:53:37,154 [main] INFO  ha.SCMNodeInfo (SCMNodeInfo.java:getPort(197)) - ConfigKey ozone.scm.block.client.address is deprecated, For configuring different ports for each SCM use PortConfigKey ozone.scm.block.client.port appended with serviceId and nodeId
2024-07-06 11:53:37,154 [main] INFO  ha.SCMNodeInfo (SCMNodeInfo.java:getPort(197)) - ConfigKey ozone.scm.security.service.address is deprecated, For configuring different ports for each SCM use PortConfigKey ozone.scm.security.service.port appended with serviceId and nodeId
2024-07-06 11:53:37,155 [main] INFO  ha.SCMNodeInfo (SCMNodeInfo.java:getPort(197)) - ConfigKey ozone.scm.datanode.address is deprecated, For configuring different ports for each SCM use PortConfigKey ozone.scm.datanode.port appended with serviceId and nodeId
2024-07-06 11:53:37,157 [main] INFO  ha.HASecurityUtils (HASecurityUtils.java:initializeSecurity(81)) - Initializing secure StorageContainerManager.
2024-07-06 11:53:37,169 [main] INFO  ha.SCMNodeInfo (SCMNodeInfo.java:getPort(197)) - ConfigKey ozone.scm.client.address is deprecated, For configuring different ports for each SCM use PortConfigKey ozone.scm.client.port appended with serviceId and nodeId
2024-07-06 11:53:37,169 [main] INFO  ha.SCMNodeInfo (SCMNodeInfo.java:getPort(197)) - ConfigKey ozone.scm.block.client.address is deprecated, For configuring different ports for each SCM use PortConfigKey ozone.scm.block.client.port appended with serviceId and nodeId
2024-07-06 11:53:37,169 [main] INFO  ha.SCMNodeInfo (SCMNodeInfo.java:getPort(197)) - ConfigKey ozone.scm.security.service.address is deprecated, For configuring different ports for each SCM use PortConfigKey ozone.scm.security.service.port appended with serviceId and nodeId
2024-07-06 11:53:37,170 [main] INFO  ha.SCMNodeInfo (SCMNodeInfo.java:getPort(197)) - ConfigKey ozone.scm.datanode.address is deprecated, For configuring different ports for each SCM use PortConfigKey ozone.scm.datanode.port appended with serviceId and nodeId
2024-07-06 11:53:37,170 [main] INFO  ha.SCMNodeInfo (SCMNodeInfo.java:getPort(197)) - ConfigKey ozone.scm.client.address is deprecated, For configuring different ports for each SCM use PortConfigKey ozone.scm.client.port appended with serviceId and nodeId
2024-07-06 11:53:37,170 [main] INFO  ha.SCMNodeInfo (SCMNodeInfo.java:getPort(197)) - ConfigKey ozone.scm.block.client.address is deprecated, For configuring different ports for each SCM use PortConfigKey ozone.scm.block.client.port appended with serviceId and nodeId
2024-07-06 11:53:37,171 [main] INFO  ha.SCMNodeInfo (SCMNodeInfo.java:getPort(197)) - ConfigKey ozone.scm.security.service.address is deprecated, For configuring different ports for each SCM use PortConfigKey ozone.scm.security.service.port appended with serviceId and nodeId
2024-07-06 11:53:37,171 [main] INFO  ha.SCMNodeInfo (SCMNodeInfo.java:getPort(197)) - ConfigKey ozone.scm.datanode.address is deprecated, For configuring different ports for each SCM use PortConfigKey ozone.scm.datanode.port appended with serviceId and nodeId
2024-07-06 11:53:37,171 [main] INFO  ha.SCMNodeInfo (SCMNodeInfo.java:getPort(197)) - ConfigKey ozone.scm.client.address is deprecated, For configuring different ports for each SCM use PortConfigKey ozone.scm.client.port appended with serviceId and nodeId
2024-07-06 11:53:37,171 [main] INFO  ha.SCMNodeInfo (SCMNodeInfo.java:getPort(197)) - ConfigKey ozone.scm.block.client.address is deprecated, For configuring different ports for each SCM use PortConfigKey ozone.scm.block.client.port appended with serviceId and nodeId
2024-07-06 11:53:37,172 [main] INFO  ha.SCMNodeInfo (SCMNodeInfo.java:getPort(197)) - ConfigKey ozone.scm.security.service.address is deprecated, For configuring different ports for each SCM use PortConfigKey ozone.scm.security.service.port appended with serviceId and nodeId
2024-07-06 11:53:37,172 [main] INFO  ha.SCMNodeInfo (SCMNodeInfo.java:getPort(197)) - ConfigKey ozone.scm.datanode.address is deprecated, For configuring different ports for each SCM use PortConfigKey ozone.scm.datanode.port appended with serviceId and nodeId
2024-07-06 11:53:37,277 [main] INFO  client.SCMCertificateClient (DefaultCertificateClient.java:updateCertSerialId(1313)) - Certificate serial ID set to null
2024-07-06 11:53:37,279 [main] ERROR client.SCMCertificateClient (DefaultCertificateClient.java:getCertPath(376)) - Default certificate serial id is not set. Can't locate the default certificate for this client.
2024-07-06 11:53:37,279 [main] INFO  client.SCMCertificateClient (DefaultCertificateClient.java:init(720)) - Certificate client init case: 0
2024-07-06 11:53:37,282 [main] INFO  client.SCMCertificateClient (DefaultCertificateClient.java:handleCase(738)) - Creating keypair for client as keypair and certificate not found.
2024-07-06 11:53:37,672 [main] INFO  client.SCMCertificateClient (SCMCertificateClient.java:recoverStateIfNeeded(284)) - Init response: GETCERT
2024-07-06 11:53:37,865 [main] INFO  ozone.OzoneSecurityUtil (OzoneSecurityUtil.java:getValidInetsForCurrentHost(120)) - ip:fe80:0:0:0:6245:bdff:fed7:3321%eth0 not returned.
2024-07-06 11:53:37,866 [main] INFO  ozone.OzoneSecurityUtil (OzoneSecurityUtil.java:getValidInetsForCurrentHost(117)) - Adding ip:10.1.0.11,host:fv-az1041-405.cgqmq5qunpnelbz5tk1v55v5te.bx.internal.cloudapp.net
2024-07-06 11:53:37,867 [main] INFO  ozone.OzoneSecurityUtil (OzoneSecurityUtil.java:getValidInetsForCurrentHost(120)) - ip:0:0:0:0:0:0:0:1%lo not returned.
2024-07-06 11:53:37,868 [main] INFO  ozone.OzoneSecurityUtil (OzoneSecurityUtil.java:getValidInetsForCurrentHost(120)) - ip:127.0.0.1 not returned.
2024-07-06 11:53:37,942 [main] INFO  utils.SelfSignedCertificate (SelfSignedCertificate.java:generateCertificate(160)) - Certificate 1 is issued by SERIALNUMBER=1, O=23934d72-33be-4118-bcff-1eb1b476413a, OU=eb66df86-6ffc-4e53-b873-cb2b44d5f35d, CN=scm@fv-az1041-405 to SERIALNUMBER=1, O=23934d72-33be-4118-bcff-1eb1b476413a, OU=eb66df86-6ffc-4e53-b873-cb2b44d5f35d, CN=scm@fv-az1041-405, valid from Sat Jul 06 11:53:37 UTC 2024 to Tue Aug 14 11:53:37 UTC 2029
2024-07-06 11:53:37,947 [main] INFO  utils.CertificateCodec (CertificateCodec.java:writeCertificate(253)) - Save certificate to /home/runner/work/ozone/ozone/hadoop-ozone/integration-test/target/test-dir/MiniOzoneClusterImpl-23934d72-33be-4118-bcff-1eb1b476413a/scmNode-1/scm/ca/certs/certificate.crt
2024-07-06 11:53:37,948 [main] INFO  utils.CertificateCodec (CertificateCodec.java:writeCertificate(254)) - Certificate -----BEGIN CERTIFICATE-----
MIIEADCCAuigAwIBAgIBATANBgkqhkiG9w0BAQsFADCBhjEaMBgGA1UEAwwRc2Nt
QGZ2LWF6MTA0MS00MDUxLTArBgNVBAsMJGViNjZkZjg2LTZmZmMtNGU1My1iODcz
LWNiMmI0NGQ1ZjM1ZDEtMCsGA1UECgwkMjM5MzRkNzItMzNiZS00MTE4LWJjZmYt
MWViMWI0NzY0MTNhMQowCAYDVQQFEwExMB4XDTI0MDcwNjExNTMzN1oXDTI5MDgx
NDExNTMzN1owgYYxGjAYBgNVBAMMEXNjbUBmdi1hejEwNDEtNDA1MS0wKwYDVQQL
DCRlYjY2ZGY4Ni02ZmZjLTRlNTMtYjg3My1jYjJiNDRkNWYzNWQxLTArBgNVBAoM
JDIzOTM0ZDcyLTMzYmUtNDExOC1iY2ZmLTFlYjFiNDc2NDEzYTEKMAgGA1UEBRMB
MTCCASIwDQYJKoZIhvcNAQEBBQADggEPADCCAQoCggEBAISmOYOluZt/lCgZxU9H
gvcsRqfRemrHFDZGFVDnpT5vtK374ntRLw6MYBdectIJAU2BZMRW1tU/pcvvodWO
cd/nlOosnhiBrABr0QIY3B4bFba/t5RfUn+iQQt5KmDmh8vFaFyuBrHzNF7amGrx
6hflYrKbY+aMZW2nHXs3Mk45uAeD2zSSem9/oImjiVvWqFxiSsGemn5RSP15Urz9
pO9VzeKwKhrTjP5jG6I10Nol4P9q6zGnYqj0pHgsFKaYnTd7X1eaH6pJo9Acdaqe
XPVM9f7ZFENikdcMP0RynUYBUzHfbillRgGBagITAjg/AtCnhlmAjTS/DXTH69dS
l1sCAwEAAaN3MHUwDwYDVR0TAQH/BAUwAwEB/zAOBgNVHQ8BAf8EBAMCAQYwUgYD
VR0RBEswSYcECgEAC4JBZnYtYXoxMDQxLTQwNS5jZ3FtcTVxdW5wbmVsYno1dGsx
djU1djV0ZS5ieC5pbnRlcm5hbC5jbG91ZGFwcC5uZXQwDQYJKoZIhvcNAQELBQAD
ggEBAGlIIHbij1bSYen9Ao1XYwzuFXzchqSUxADvCYG1Rt5iAYYTuzsnRSJxfb+w
Dv0ZSjfEDDCi3nugf7zGyV3fVMZP6Jmnb7fi05mFm37hE4DVR1bPOt+Fi4cim9F7
NjkAxiCcW68EMqxaYnMyk0gA16J6rQPjU54QemBDUpFvqq+oejkWWku45hIzwW/L
NX3qEOOAtaVwaGL0Etxcfo4dXRKwaQGN2Q8HeFOejNq1koQR7sSUX0psuShZNZ/j
sK9X9JrCD/F0377/CpgbbRfwVUoiqx4euBCrgEnYbcLJZs0x4iLW9B+oN3MfcuJP
cMcTfU+42boeZaemislAMeJ6P5c=
-----END CERTIFICATE-----

2024-07-06 11:53:37,970 [main] INFO  client.SCMCertificateClient (SCMCertificateClient.java:getCSRBuilder(144)) - Creating csr for SCM->hostName:localhost,scmId:eb66df86-6ffc-4e53-b873-cb2b44d5f35d,clusterId:23934d72-33be-4118-bcff-1eb1b476413a,subject:scm-sub@localhost
2024-07-06 11:53:37,972 [main] INFO  ozone.OzoneSecurityUtil (OzoneSecurityUtil.java:getValidInetsForCurrentHost(120)) - ip:fe80:0:0:0:6245:bdff:fed7:3321%eth0 not returned.
2024-07-06 11:53:37,973 [main] INFO  ozone.OzoneSecurityUtil (OzoneSecurityUtil.java:getValidInetsForCurrentHost(117)) - Adding ip:10.1.0.11,host:fv-az1041-405.cgqmq5qunpnelbz5tk1v55v5te.bx.internal.cloudapp.net
2024-07-06 11:53:37,973 [main] INFO  ozone.OzoneSecurityUtil (OzoneSecurityUtil.java:getValidInetsForCurrentHost(120)) - ip:0:0:0:0:0:0:0:1%lo not returned.
2024-07-06 11:53:37,974 [main] INFO  ozone.OzoneSecurityUtil (OzoneSecurityUtil.java:getValidInetsForCurrentHost(120)) - ip:127.0.0.1 not returned.
2024-07-06 11:53:38,024 [main] INFO  authority.DefaultApprover (DefaultApprover.java:sign(174)) - Extensions in CSR: 2.5.29.19, 2.5.29.15, 2.5.29.17
2024-07-06 11:53:38,025 [main] INFO  authority.DefaultApprover (DefaultApprover.java:sign(178)) - Extensions to add to the certificate if they present in CSR: 2.5.29.15, 2.5.29.17, 2.5.29.35, 2.5.29.37, 2.5.29.19, 1.3.6.1.5.5.7.1.12
2024-07-06 11:53:38,039 [main] INFO  utils.CertificateCodec (CertificateCodec.java:writeCertificate(253)) - Save certificate to /home/runner/work/ozone/ozone/hadoop-ozone/integration-test/target/test-dir/MiniOzoneClusterImpl-23934d72-33be-4118-bcff-1eb1b476413a/scmNode-1/scm/sub-ca/certs/CA-1.crt
2024-07-06 11:53:38,039 [main] INFO  utils.CertificateCodec (CertificateCodec.java:writeCertificate(254)) - Certificate -----BEGIN CERTIFICATE-----
MIIEADCCAuigAwIBAgIBATANBgkqhkiG9w0BAQsFADCBhjEaMBgGA1UEAwwRc2Nt
QGZ2LWF6MTA0MS00MDUxLTArBgNVBAsMJGViNjZkZjg2LTZmZmMtNGU1My1iODcz
LWNiMmI0NGQ1ZjM1ZDEtMCsGA1UECgwkMjM5MzRkNzItMzNiZS00MTE4LWJjZmYt
MWViMWI0NzY0MTNhMQowCAYDVQQFEwExMB4XDTI0MDcwNjExNTMzN1oXDTI5MDgx
NDExNTMzN1owgYYxGjAYBgNVBAMMEXNjbUBmdi1hejEwNDEtNDA1MS0wKwYDVQQL
DCRlYjY2ZGY4Ni02ZmZjLTRlNTMtYjg3My1jYjJiNDRkNWYzNWQxLTArBgNVBAoM
JDIzOTM0ZDcyLTMzYmUtNDExOC1iY2ZmLTFlYjFiNDc2NDEzYTEKMAgGA1UEBRMB
MTCCASIwDQYJKoZIhvcNAQEBBQADggEPADCCAQoCggEBAISmOYOluZt/lCgZxU9H
gvcsRqfRemrHFDZGFVDnpT5vtK374ntRLw6MYBdectIJAU2BZMRW1tU/pcvvodWO
cd/nlOosnhiBrABr0QIY3B4bFba/t5RfUn+iQQt5KmDmh8vFaFyuBrHzNF7amGrx
6hflYrKbY+aMZW2nHXs3Mk45uAeD2zSSem9/oImjiVvWqFxiSsGemn5RSP15Urz9
pO9VzeKwKhrTjP5jG6I10Nol4P9q6zGnYqj0pHgsFKaYnTd7X1eaH6pJo9Acdaqe
XPVM9f7ZFENikdcMP0RynUYBUzHfbillRgGBagITAjg/AtCnhlmAjTS/DXTH69dS
l1sCAwEAAaN3MHUwDwYDVR0TAQH/BAUwAwEB/zAOBgNVHQ8BAf8EBAMCAQYwUgYD
VR0RBEswSYcECgEAC4JBZnYtYXoxMDQxLTQwNS5jZ3FtcTVxdW5wbmVsYno1dGsx
djU1djV0ZS5ieC5pbnRlcm5hbC5jbG91ZGFwcC5uZXQwDQYJKoZIhvcNAQELBQAD
ggEBAGlIIHbij1bSYen9Ao1XYwzuFXzchqSUxADvCYG1Rt5iAYYTuzsnRSJxfb+w
Dv0ZSjfEDDCi3nugf7zGyV3fVMZP6Jmnb7fi05mFm37hE4DVR1bPOt+Fi4cim9F7
NjkAxiCcW68EMqxaYnMyk0gA16J6rQPjU54QemBDUpFvqq+oejkWWku45hIzwW/L
NX3qEOOAtaVwaGL0Etxcfo4dXRKwaQGN2Q8HeFOejNq1koQR7sSUX0psuShZNZ/j
sK9X9JrCD/F0377/CpgbbRfwVUoiqx4euBCrgEnYbcLJZs0x4iLW9B+oN3MfcuJP
cMcTfU+42boeZaemislAMeJ6P5c=
-----END CERTIFICATE-----

2024-07-06 11:53:38,042 [main] INFO  utils.CertificateCodec (CertificateCodec.java:writeCertificate(253)) - Save certificate to /home/runner/work/ozone/ozone/hadoop-ozone/integration-test/target/test-dir/MiniOzoneClusterImpl-23934d72-33be-4118-bcff-1eb1b476413a/scmNode-1/scm/sub-ca/certs/2.crt
2024-07-06 11:53:38,042 [main] INFO  utils.CertificateCodec (CertificateCodec.java:writeCertificate(254)) - Certificate -----BEGIN CERTIFICATE-----
MIIEADCCAuigAwIBAgIBAjANBgkqhkiG9w0BAQsFADCBhjEaMBgGA1UEAwwRc2Nt
QGZ2LWF6MTA0MS00MDUxLTArBgNVBAsMJGViNjZkZjg2LTZmZmMtNGU1My1iODcz
LWNiMmI0NGQ1ZjM1ZDEtMCsGA1UECgwkMjM5MzRkNzItMzNiZS00MTE4LWJjZmYt
MWViMWI0NzY0MTNhMQowCAYDVQQFEwExMB4XDTI0MDcwNjExNTMzN1oXDTI5MDgx
NDExNTMzN1owgYYxGjAYBgNVBAMMEXNjbS1zdWJAbG9jYWxob3N0MS0wKwYDVQQL
DCRlYjY2ZGY4Ni02ZmZjLTRlNTMtYjg3My1jYjJiNDRkNWYzNWQxLTArBgNVBAoM
JDIzOTM0ZDcyLTMzYmUtNDExOC1iY2ZmLTFlYjFiNDc2NDEzYTEKMAgGA1UEBRMB
MjCCASIwDQYJKoZIhvcNAQEBBQADggEPADCCAQoCggEBAI9Ye6jhc8eewG6uvADS
jjH4n7H8xV5BeLfO+iOnnpmat2rPbporEWNfCre+xQYcSuUORf/LZ7KIjdHp+ipQ
ReTGtMIoToDJony/E9YZf6yROZaZUd7+PZHs1s8ZOPA93J6aFQvG6qRSjO9QuZeo
BiAdNqYuoyihEUY7BAzoJElOP6nojwgcgd/qtkVsIjR0hft2yS7rtfPxiosoqNwT
TjC5/4SSP/VcuL2CsyYVRALRO7FiDgsrBJPUwj4I9bgWnrY0jjIxnI6Z3D9rPcre
KvshbMPmJDeN4Ghd1EH14DAP+ZfA4TLhZMdCL6mh+qVrUEMm1fR6LFwad9D6U/9X
ONECAwEAAaN3MHUwDgYDVR0PAQH/BAQDAgG+MFIGA1UdEQRLMEmHBAoBAAuCQWZ2
LWF6MTA0MS00MDUuY2dxbXE1cXVucG5lbGJ6NXRrMXY1NXY1dGUuYnguaW50ZXJu
YWwuY2xvdWRhcHAubmV0MA8GA1UdEwEB/wQFMAMBAf8wDQYJKoZIhvcNAQELBQAD
ggEBAEn6t5IxwWoYkgosnNwulVIeHljhuMenV5jE8iJlNA81ytCU/Fmlxnazacr/
n8rjbSvu0oGBKefyzu6oN3zpNNnvjQuffmQlK5QgZnTd2PH0drqPWxb049IegWzX
O5U9B9F9AwA3eQ46EERZPireJVMA8AzZwG367v0bUMxupfxCwfnT6Yc7vJ/O+dj2
Od9xed8EEd0CbMLB36lRyyFOd4j+BXCurp59p5AgsXuWBkcTe9j8aqqxztEU3A7o
FMYKDKLv82h3kAKyL6MFnMVWGA5+6CwAXhcFbwCuqRv10FoMLMenzaXHhPL+Zw/E
ZM3EFkeVbLESdq/SMW6cnKU7cts=
-----END CERTIFICATE-----

-----BEGIN CERTIFICATE-----
MIIEADCCAuigAwIBAgIBATANBgkqhkiG9w0BAQsFADCBhjEaMBgGA1UEAwwRc2Nt
QGZ2LWF6MTA0MS00MDUxLTArBgNVBAsMJGViNjZkZjg2LTZmZmMtNGU1My1iODcz
LWNiMmI0NGQ1ZjM1ZDEtMCsGA1UECgwkMjM5MzRkNzItMzNiZS00MTE4LWJjZmYt
MWViMWI0NzY0MTNhMQowCAYDVQQFEwExMB4XDTI0MDcwNjExNTMzN1oXDTI5MDgx
NDExNTMzN1owgYYxGjAYBgNVBAMMEXNjbUBmdi1hejEwNDEtNDA1MS0wKwYDVQQL
DCRlYjY2ZGY4Ni02ZmZjLTRlNTMtYjg3My1jYjJiNDRkNWYzNWQxLTArBgNVBAoM
JDIzOTM0ZDcyLTMzYmUtNDExOC1iY2ZmLTFlYjFiNDc2NDEzYTEKMAgGA1UEBRMB
MTCCASIwDQYJKoZIhvcNAQEBBQADggEPADCCAQoCggEBAISmOYOluZt/lCgZxU9H
gvcsRqfRemrHFDZGFVDnpT5vtK374ntRLw6MYBdectIJAU2BZMRW1tU/pcvvodWO
cd/nlOosnhiBrABr0QIY3B4bFba/t5RfUn+iQQt5KmDmh8vFaFyuBrHzNF7amGrx
6hflYrKbY+aMZW2nHXs3Mk45uAeD2zSSem9/oImjiVvWqFxiSsGemn5RSP15Urz9
pO9VzeKwKhrTjP5jG6I10Nol4P9q6zGnYqj0pHgsFKaYnTd7X1eaH6pJo9Acdaqe
XPVM9f7ZFENikdcMP0RynUYBUzHfbillRgGBagITAjg/AtCnhlmAjTS/DXTH69dS
l1sCAwEAAaN3MHUwDwYDVR0TAQH/BAUwAwEB/zAOBgNVHQ8BAf8EBAMCAQYwUgYD
VR0RBEswSYcECgEAC4JBZnYtYXoxMDQxLTQwNS5jZ3FtcTVxdW5wbmVsYno1dGsx
djU1djV0ZS5ieC5pbnRlcm5hbC5jbG91ZGFwcC5uZXQwDQYJKoZIhvcNAQELBQAD
ggEBAGlIIHbij1bSYen9Ao1XYwzuFXzchqSUxADvCYG1Rt5iAYYTuzsnRSJxfb+w
Dv0ZSjfEDDCi3nugf7zGyV3fVMZP6Jmnb7fi05mFm37hE4DVR1bPOt+Fi4cim9F7
NjkAxiCcW68EMqxaYnMyk0gA16J6rQPjU54QemBDUpFvqq+oejkWWku45hIzwW/L
NX3qEOOAtaVwaGL0Etxcfo4dXRKwaQGN2Q8HeFOejNq1koQR7sSUX0psuShZNZ/j
sK9X9JrCD/F0377/CpgbbRfwVUoiqx4euBCrgEnYbcLJZs0x4iLW9B+oN3MfcuJP
cMcTfU+42boeZaemislAMeJ6P5c=
-----END CERTIFICATE-----

2024-07-06 11:53:38,043 [main] INFO  utils.CertificateCodec (CertificateCodec.java:writeCertificate(253)) - Save certificate to /home/runner/work/ozone/ozone/hadoop-ozone/integration-test/target/test-dir/MiniOzoneClusterImpl-23934d72-33be-4118-bcff-1eb1b476413a/scmNode-1/scm/sub-ca/certs/certificate.crt
2024-07-06 11:53:38,043 [main] INFO  utils.CertificateCodec (CertificateCodec.java:writeCertificate(254)) - Certificate -----BEGIN CERTIFICATE-----
MIIEADCCAuigAwIBAgIBAjANBgkqhkiG9w0BAQsFADCBhjEaMBgGA1UEAwwRc2Nt
QGZ2LWF6MTA0MS00MDUxLTArBgNVBAsMJGViNjZkZjg2LTZmZmMtNGU1My1iODcz
LWNiMmI0NGQ1ZjM1ZDEtMCsGA1UECgwkMjM5MzRkNzItMzNiZS00MTE4LWJjZmYt
MWViMWI0NzY0MTNhMQowCAYDVQQFEwExMB4XDTI0MDcwNjExNTMzN1oXDTI5MDgx
NDExNTMzN1owgYYxGjAYBgNVBAMMEXNjbS1zdWJAbG9jYWxob3N0MS0wKwYDVQQL
DCRlYjY2ZGY4Ni02ZmZjLTRlNTMtYjg3My1jYjJiNDRkNWYzNWQxLTArBgNVBAoM
JDIzOTM0ZDcyLTMzYmUtNDExOC1iY2ZmLTFlYjFiNDc2NDEzYTEKMAgGA1UEBRMB
MjCCASIwDQYJKoZIhvcNAQEBBQADggEPADCCAQoCggEBAI9Ye6jhc8eewG6uvADS
jjH4n7H8xV5BeLfO+iOnnpmat2rPbporEWNfCre+xQYcSuUORf/LZ7KIjdHp+ipQ
ReTGtMIoToDJony/E9YZf6yROZaZUd7+PZHs1s8ZOPA93J6aFQvG6qRSjO9QuZeo
BiAdNqYuoyihEUY7BAzoJElOP6nojwgcgd/qtkVsIjR0hft2yS7rtfPxiosoqNwT
TjC5/4SSP/VcuL2CsyYVRALRO7FiDgsrBJPUwj4I9bgWnrY0jjIxnI6Z3D9rPcre
KvshbMPmJDeN4Ghd1EH14DAP+ZfA4TLhZMdCL6mh+qVrUEMm1fR6LFwad9D6U/9X
ONECAwEAAaN3MHUwDgYDVR0PAQH/BAQDAgG+MFIGA1UdEQRLMEmHBAoBAAuCQWZ2
LWF6MTA0MS00MDUuY2dxbXE1cXVucG5lbGJ6NXRrMXY1NXY1dGUuYnguaW50ZXJu
YWwuY2xvdWRhcHAubmV0MA8GA1UdEwEB/wQFMAMBAf8wDQYJKoZIhvcNAQELBQAD
ggEBAEn6t5IxwWoYkgosnNwulVIeHljhuMenV5jE8iJlNA81ytCU/Fmlxnazacr/
n8rjbSvu0oGBKefyzu6oN3zpNNnvjQuffmQlK5QgZnTd2PH0drqPWxb049IegWzX
O5U9B9F9AwA3eQ46EERZPireJVMA8AzZwG367v0bUMxupfxCwfnT6Yc7vJ/O+dj2
Od9xed8EEd0CbMLB36lRyyFOd4j+BXCurp59p5AgsXuWBkcTe9j8aqqxztEU3A7o
FMYKDKLv82h3kAKyL6MFnMVWGA5+6CwAXhcFbwCuqRv10FoMLMenzaXHhPL+Zw/E
ZM3EFkeVbLESdq/SMW6cnKU7cts=
-----END CERTIFICATE-----

-----BEGIN CERTIFICATE-----
MIIEADCCAuigAwIBAgIBATANBgkqhkiG9w0BAQsFADCBhjEaMBgGA1UEAwwRc2Nt
QGZ2LWF6MTA0MS00MDUxLTArBgNVBAsMJGViNjZkZjg2LTZmZmMtNGU1My1iODcz
LWNiMmI0NGQ1ZjM1ZDEtMCsGA1UECgwkMjM5MzRkNzItMzNiZS00MTE4LWJjZmYt
MWViMWI0NzY0MTNhMQowCAYDVQQFEwExMB4XDTI0MDcwNjExNTMzN1oXDTI5MDgx
NDExNTMzN1owgYYxGjAYBgNVBAMMEXNjbUBmdi1hejEwNDEtNDA1MS0wKwYDVQQL
DCRlYjY2ZGY4Ni02ZmZjLTRlNTMtYjg3My1jYjJiNDRkNWYzNWQxLTArBgNVBAoM
JDIzOTM0ZDcyLTMzYmUtNDExOC1iY2ZmLTFlYjFiNDc2NDEzYTEKMAgGA1UEBRMB
MTCCASIwDQYJKoZIhvcNAQEBBQADggEPADCCAQoCggEBAISmOYOluZt/lCgZxU9H
gvcsRqfRemrHFDZGFVDnpT5vtK374ntRLw6MYBdectIJAU2BZMRW1tU/pcvvodWO
cd/nlOosnhiBrABr0QIY3B4bFba/t5RfUn+iQQt5KmDmh8vFaFyuBrHzNF7amGrx
6hflYrKbY+aMZW2nHXs3Mk45uAeD2zSSem9/oImjiVvWqFxiSsGemn5RSP15Urz9
pO9VzeKwKhrTjP5jG6I10Nol4P9q6zGnYqj0pHgsFKaYnTd7X1eaH6pJo9Acdaqe
XPVM9f7ZFENikdcMP0RynUYBUzHfbillRgGBagITAjg/AtCnhlmAjTS/DXTH69dS
l1sCAwEAAaN3MHUwDwYDVR0TAQH/BAUwAwEB/zAOBgNVHQ8BAf8EBAMCAQYwUgYD
VR0RBEswSYcECgEAC4JBZnYtYXoxMDQxLTQwNS5jZ3FtcTVxdW5wbmVsYno1dGsx
djU1djV0ZS5ieC5pbnRlcm5hbC5jbG91ZGFwcC5uZXQwDQYJKoZIhvcNAQELBQAD
ggEBAGlIIHbij1bSYen9Ao1XYwzuFXzchqSUxADvCYG1Rt5iAYYTuzsnRSJxfb+w
Dv0ZSjfEDDCi3nugf7zGyV3fVMZP6Jmnb7fi05mFm37hE4DVR1bPOt+Fi4cim9F7
NjkAxiCcW68EMqxaYnMyk0gA16J6rQPjU54QemBDUpFvqq+oejkWWku45hIzwW/L
NX3qEOOAtaVwaGL0Etxcfo4dXRKwaQGN2Q8HeFOejNq1koQR7sSUX0psuShZNZ/j
sK9X9JrCD/F0377/CpgbbRfwVUoiqx4euBCrgEnYbcLJZs0x4iLW9B+oN3MfcuJP
cMcTfU+42boeZaemislAMeJ6P5c=
-----END CERTIFICATE-----

2024-07-06 11:53:38,044 [main] INFO  client.SCMCertificateClient (SCMCertificateClient.java:recoverStateIfNeeded(295)) - Successfully stored SCM signed certificate.
2024-07-06 11:53:38,120 [main] INFO  server.RaftServer (ConfUtils.java:logGet(46)) - raft.rpc.type = GRPC (default)
2024-07-06 11:53:38,171 [main] INFO  grpc.GrpcConfigKeys (ConfUtils.java:logFallback(53)) - raft.grpc.admin.host = null (fallback to raft.grpc.server.host)
2024-07-06 11:53:38,172 [main] INFO  grpc.GrpcConfigKeys (ConfUtils.java:logFallback(53)) - raft.grpc.admin.port = 15003 (fallback to raft.grpc.server.port)
2024-07-06 11:53:38,173 [main] INFO  grpc.GrpcConfigKeys (ConfUtils.java:logFallback(53)) - raft.grpc.client.host = null (fallback to raft.grpc.server.host)
2024-07-06 11:53:38,174 [main] INFO  grpc.GrpcConfigKeys (ConfUtils.java:logFallback(53)) - raft.grpc.client.port = 15003 (fallback to raft.grpc.server.port)
2024-07-06 11:53:38,174 [main] INFO  grpc.GrpcConfigKeys (ConfUtils.java:logGet(46)) - raft.grpc.server.host = null (default)
2024-07-06 11:53:38,175 [main] INFO  grpc.GrpcConfigKeys (ConfUtils.java:logGet(46)) - raft.grpc.server.port = 15003 (custom)
2024-07-06 11:53:38,175 [main] INFO  server.GrpcService (ConfUtils.java:logGet(46)) - raft.grpc.message.size.max = 32m (=33554432) (custom)
2024-07-06 11:53:38,176 [main] INFO  server.RaftServerConfigKeys (ConfUtils.java:logGet(46)) - raft.server.log.appender.buffer.byte-limit = 4194304 (custom)
2024-07-06 11:53:38,177 [main] INFO  server.GrpcService (ConfUtils.java:logGet(46)) - raft.grpc.flow.control.window = 1MB (=1048576) (default)
2024-07-06 11:53:38,178 [main] INFO  server.RaftServerConfigKeys (ConfUtils.java:logGet(46)) - raft.server.rpc.request.timeout = 30000ms (custom)
2024-07-06 11:53:38,185 [main] INFO  grpc.GrpcConfigKeys (ConfUtils.java:logGet(46)) - raft.grpc.server.heartbeat.channel = true (default)
2024-07-06 11:53:38,189 [main] INFO  grpc.GrpcConfigKeys (ConfUtils.java:logGet(46)) - raft.grpc.server.async.request.thread.pool.cached = true (default)
2024-07-06 11:53:38,189 [main] INFO  grpc.GrpcConfigKeys (ConfUtils.java:logGet(46)) - raft.grpc.server.async.request.thread.pool.size = 32 (default)
2024-07-06 11:53:38,330 [main] INFO  impl.DataStreamServerImpl (ConfUtils.java:logGet(46)) - raft.datastream.type = DISABLED (default)
2024-07-06 11:53:38,331 [main] INFO  server.RaftServerConfigKeys (ConfUtils.java:logGet(46)) - raft.server.sleep.deviation.threshold = 300ms (default)
2024-07-06 11:53:38,331 [main] INFO  server.RaftServerConfigKeys (ConfUtils.java:logGet(46)) - raft.server.close.threshold = 60s (default)
2024-07-06 11:53:38,332 [main] INFO  server.RaftServerConfigKeys (ConfUtils.java:logGet(46)) - raft.server.leaderelection.leader.step-down.wait-time = 10s (default)
2024-07-06 11:53:38,334 [main] INFO  server.RaftServerConfigKeys (ConfUtils.java:logGet(46)) - raft.server.storage.dir = [/home/runner/work/ozone/ozone/hadoop-ozone/integration-test/target/test-dir/MiniOzoneClusterImpl-23934d72-33be-4118-bcff-1eb1b476413a/scmNode-1/scm-ha] (custom)
2024-07-06 11:53:38,335 [main] INFO  server.RaftServerConfigKeys (ConfUtils.java:logGet(46)) - raft.server.threadpool.proxy.cached = true (default)
2024-07-06 11:53:38,335 [main] INFO  server.RaftServerConfigKeys (ConfUtils.java:logGet(46)) - raft.server.threadpool.proxy.size = 0 (default)
2024-07-06 11:53:38,340 [main] INFO  server.RaftServer (RaftServerProxy.java:addNew(101)) - eb66df86-6ffc-4e53-b873-cb2b44d5f35d: addNew group-1EB1B476413A:[eb66df86-6ffc-4e53-b873-cb2b44d5f35d|localhost:15003] returns group-1EB1B476413A:java.util.concurrent.CompletableFuture@350342e0[Not completed]
2024-07-06 11:53:38,351 [eb66df86-6ffc-4e53-b873-cb2b44d5f35d-groupManagement] INFO  server.RaftServer$Division (RaftServerImpl.java:<init>(253)) - eb66df86-6ffc-4e53-b873-cb2b44d5f35d: new RaftServerImpl for group-1EB1B476413A:[eb66df86-6ffc-4e53-b873-cb2b44d5f35d|localhost:15003] with SCMStateMachine:uninitialized
2024-07-06 11:53:38,352 [eb66df86-6ffc-4e53-b873-cb2b44d5f35d-groupManagement] INFO  server.RaftServerConfigKeys (ConfUtils.java:logGet(46)) - raft.server.rpc.timeout.min = 5000ms (custom)
2024-07-06 11:53:38,352 [eb66df86-6ffc-4e53-b873-cb2b44d5f35d-groupManagement] INFO  server.RaftServerConfigKeys (ConfUtils.java:logGet(46)) - raft.server.rpc.timeout.max = 5200ms (custom)
2024-07-06 11:53:38,352 [eb66df86-6ffc-4e53-b873-cb2b44d5f35d-groupManagement] INFO  server.RaftServerConfigKeys (ConfUtils.java:logGet(46)) - raft.server.rpc.sleep.time = 25ms (default)
2024-07-06 11:53:38,352 [eb66df86-6ffc-4e53-b873-cb2b44d5f35d-groupManagement] INFO  server.RaftServerConfigKeys (ConfUtils.java:logGet(46)) - raft.server.rpc.slowness.timeout = 120000ms (custom)
2024-07-06 11:53:38,352 [eb66df86-6ffc-4e53-b873-cb2b44d5f35d-groupManagement] INFO  server.RaftServerConfigKeys (ConfUtils.java:logGet(46)) - raft.server.leaderelection.leader.step-down.wait-time = 10s (default)
2024-07-06 11:53:38,353 [eb66df86-6ffc-4e53-b873-cb2b44d5f35d-groupManagement] INFO  server.RaftServerConfigKeys (ConfUtils.java:logGet(46)) - raft.server.leaderelection.member.majority-add = false (default)
2024-07-06 11:53:38,353 [eb66df86-6ffc-4e53-b873-cb2b44d5f35d-groupManagement] INFO  server.RaftServerConfigKeys (ConfUtils.java:logGet(46)) - raft.server.sleep.deviation.threshold = 300ms (default)
2024-07-06 11:53:38,357 [eb66df86-6ffc-4e53-b873-cb2b44d5f35d-groupManagement] INFO  server.RaftServer$Division (ServerState.java:<init>(114)) - eb66df86-6ffc-4e53-b873-cb2b44d5f35d@group-1EB1B476413A: ConfigurationManager, init=conf: {index: -1, cur=peers:[eb66df86-6ffc-4e53-b873-cb2b44d5f35d|localhost:15003]|listeners:[], old=null}, confs=<EMPTY_MAP>
2024-07-06 11:53:38,361 [eb66df86-6ffc-4e53-b873-cb2b44d5f35d-groupManagement] INFO  server.RaftServerConfigKeys (ConfUtils.java:logGet(46)) - raft.server.notification.no-leader.timeout = 60s (default)
2024-07-06 11:53:38,363 [eb66df86-6ffc-4e53-b873-cb2b44d5f35d-groupManagement] INFO  server.RaftServerConfigKeys (ConfUtils.java:logGet(46)) - raft.server.read.timeout = 10s (default)
2024-07-06 11:53:38,366 [eb66df86-6ffc-4e53-b873-cb2b44d5f35d-groupManagement] INFO  server.RaftServerConfigKeys (ConfUtils.java:logGet(46)) - raft.server.retrycache.expirytime = 60000ms (default)
2024-07-06 11:53:38,366 [eb66df86-6ffc-4e53-b873-cb2b44d5f35d-groupManagement] INFO  server.RaftServerConfigKeys (ConfUtils.java:logGet(46)) - raft.server.retrycache.statistics.expirytime = 100ms (default)
2024-07-06 11:53:38,369 [eb66df86-6ffc-4e53-b873-cb2b44d5f35d-groupManagement] INFO  server.RaftServerConfigKeys (ConfUtils.java:logGet(46)) - raft.server.read.option = DEFAULT (default)
2024-07-06 11:53:38,369 [eb66df86-6ffc-4e53-b873-cb2b44d5f35d-groupManagement] INFO  server.RaftServerConfigKeys (ConfUtils.java:logGet(46)) - raft.server.read.read-after-write-consistent.write-index-cache.expiry-time = 60s (default)
2024-07-06 11:53:38,374 [eb66df86-6ffc-4e53-b873-cb2b44d5f35d-groupManagement] INFO  metrics.MetricRegistries (MetricRegistriesLoader.java:load(64)) - Loaded MetricRegistries class org.apache.ratis.metrics.dropwizard3.Dm3MetricRegistriesImpl
2024-07-06 11:53:38,396 [eb66df86-6ffc-4e53-b873-cb2b44d5f35d-groupManagement] INFO  server.RaftServerConfigKeys (ConfUtils.java:logGet(46)) - raft.server.rpc.request.timeout = 30000ms (custom)
2024-07-06 11:53:38,398 [eb66df86-6ffc-4e53-b873-cb2b44d5f35d-groupManagement] INFO  server.RaftServerConfigKeys (ConfUtils.java:logGet(46)) - raft.server.log.appender.install.snapshot.enabled = false (custom)
2024-07-06 11:53:38,398 [eb66df86-6ffc-4e53-b873-cb2b44d5f35d-groupManagement] INFO  server.RaftServerConfigKeys (ConfUtils.java:logGet(46)) - raft.server.threadpool.server.cached = true (default)
2024-07-06 11:53:38,399 [eb66df86-6ffc-4e53-b873-cb2b44d5f35d-groupManagement] INFO  server.RaftServerConfigKeys (ConfUtils.java:logGet(46)) - raft.server.threadpool.server.size = 0 (default)
2024-07-06 11:53:38,399 [eb66df86-6ffc-4e53-b873-cb2b44d5f35d-groupManagement] INFO  server.RaftServerConfigKeys (ConfUtils.java:logGet(46)) - raft.server.threadpool.client.cached = true (default)
2024-07-06 11:53:38,400 [eb66df86-6ffc-4e53-b873-cb2b44d5f35d-groupManagement] INFO  server.RaftServerConfigKeys (ConfUtils.java:logGet(46)) - raft.server.threadpool.client.size = 0 (default)
2024-07-06 11:53:38,401 [eb66df86-6ffc-4e53-b873-cb2b44d5f35d-impl-thread1] INFO  server.RaftServerConfigKeys (ConfUtils.java:logGet(46)) - raft.server.storage.free-space.min = 0MB (=0) (default)
2024-07-06 11:53:38,401 [eb66df86-6ffc-4e53-b873-cb2b44d5f35d-impl-thread1] INFO  server.RaftServerConfigKeys (ConfUtils.java:logGet(46)) - raft.server.log.corruption.policy = EXCEPTION (default)
2024-07-06 11:53:38,401 [eb66df86-6ffc-4e53-b873-cb2b44d5f35d-impl-thread1] INFO  server.RaftServerConfigKeys (ConfUtils.java:logGet(46)) - raft.server.storage.dir = [/home/runner/work/ozone/ozone/hadoop-ozone/integration-test/target/test-dir/MiniOzoneClusterImpl-23934d72-33be-4118-bcff-1eb1b476413a/scmNode-1/scm-ha] (custom)
2024-07-06 11:53:38,407 [eb66df86-6ffc-4e53-b873-cb2b44d5f35d-impl-thread1] INFO  storage.RaftStorageDirectory (RaftStorageDirectoryImpl.java:analyzeStorage(138)) - The storage directory /home/runner/work/ozone/ozone/hadoop-ozone/integration-test/target/test-dir/MiniOzoneClusterImpl-23934d72-33be-4118-bcff-1eb1b476413a/scmNode-1/scm-ha/23934d72-33be-4118-bcff-1eb1b476413a does not exist. Creating ...
2024-07-06 11:53:38,411 [eb66df86-6ffc-4e53-b873-cb2b44d5f35d-impl-thread1] INFO  storage.RaftStorageDirectory (RaftStorageDirectoryImpl.java:tryLock(229)) - Lock on /home/runner/work/ozone/ozone/hadoop-ozone/integration-test/target/test-dir/MiniOzoneClusterImpl-23934d72-33be-4118-bcff-1eb1b476413a/scmNode-1/scm-ha/23934d72-33be-4118-bcff-1eb1b476413a/in_use.lock acquired by nodename 98265@fv-az1041-405
2024-07-06 11:53:38,416 [eb66df86-6ffc-4e53-b873-cb2b44d5f35d-impl-thread1] INFO  storage.RaftStorage (RaftStorageImpl.java:format(98)) - Storage directory /home/runner/work/ozone/ozone/hadoop-ozone/integration-test/target/test-dir/MiniOzoneClusterImpl-23934d72-33be-4118-bcff-1eb1b476413a/scmNode-1/scm-ha/23934d72-33be-4118-bcff-1eb1b476413a has been successfully formatted.
2024-07-06 11:53:38,418 [eb66df86-6ffc-4e53-b873-cb2b44d5f35d-impl-thread1] INFO  server.RaftServerConfigKeys (ConfUtils.java:logGet(46)) - raft.server.log.use.memory = false (default)
2024-07-06 11:53:38,424 [eb66df86-6ffc-4e53-b873-cb2b44d5f35d-impl-thread1] INFO  server.RaftServerConfigKeys (ConfUtils.java:logGet(46)) - raft.server.log.purge.gap = 1000000 (custom)
2024-07-06 11:53:38,424 [eb66df86-6ffc-4e53-b873-cb2b44d5f35d-impl-thread1] INFO  server.RaftServerConfigKeys (ConfUtils.java:logGet(46)) - raft.server.log.appender.buffer.byte-limit = 4194304 (custom)
2024-07-06 11:53:38,425 [eb66df86-6ffc-4e53-b873-cb2b44d5f35d-impl-thread1] INFO  server.RaftServerConfigKeys (ConfUtils.java:logGet(46)) - raft.server.log.statemachine.data.read.timeout = 1000ms (default)
2024-07-06 11:53:38,426 [eb66df86-6ffc-4e53-b873-cb2b44d5f35d-impl-thread1] INFO  server.RaftServerConfigKeys (ConfUtils.java:logGet(46)) - raft.server.log.purge.preservation.log.num = 0 (default)
2024-07-06 11:53:38,428 [eb66df86-6ffc-4e53-b873-cb2b44d5f35d-impl-thread1] INFO  server.RaftServerConfigKeys (ConfUtils.java:logGet(46)) - raft.server.log.segment.size.max = 4194304 (custom)
2024-07-06 11:53:38,432 [eb66df86-6ffc-4e53-b873-cb2b44d5f35d-impl-thread1] INFO  server.RaftServerConfigKeys (ConfUtils.java:logGet(46)) - raft.server.log.segment.cache.num.max = 2 (custom)
2024-07-06 11:53:38,432 [eb66df86-6ffc-4e53-b873-cb2b44d5f35d-impl-thread1] INFO  server.RaftServerConfigKeys (ConfUtils.java:logGet(46)) - raft.server.log.segment.cache.size.max = 200MB (=209715200) (default)
2024-07-06 11:53:38,432 [eb66df86-6ffc-4e53-b873-cb2b44d5f35d-impl-thread1] INFO  server.RaftServerConfigKeys (ConfUtils.java:logGet(46)) - raft.server.log.appender.buffer.byte-limit = 4194304 (custom)
2024-07-06 11:53:38,434 [eb66df86-6ffc-4e53-b873-cb2b44d5f35d-impl-thread1] INFO  util.AwaitToRun (AwaitToRun.java:start(81)) - Thread[eb66df86-6ffc-4e53-b873-cb2b44d5f35d@group-1EB1B476413A-cacheEviction-AwaitToRun,5,main] started
2024-07-06 11:53:38,436 [eb66df86-6ffc-4e53-b873-cb2b44d5f35d-impl-thread1] INFO  segmented.SegmentedRaftLogWorker (SegmentedRaftLogWorker.java:<init>(184)) - new eb66df86-6ffc-4e53-b873-cb2b44d5f35d@group-1EB1B476413A-SegmentedRaftLogWorker for RaftStorageImpl:Storage Directory /home/runner/work/ozone/ozone/hadoop-ozone/integration-test/target/test-dir/MiniOzoneClusterImpl-23934d72-33be-4118-bcff-1eb1b476413a/scmNode-1/scm-ha/23934d72-33be-4118-bcff-1eb1b476413a
2024-07-06 11:53:38,437 [eb66df86-6ffc-4e53-b873-cb2b44d5f35d-impl-thread1] INFO  server.RaftServerConfigKeys (ConfUtils.java:logGet(46)) - raft.server.log.queue.byte-limit = 64MB (=67108864) (default)
2024-07-06 11:53:38,437 [eb66df86-6ffc-4e53-b873-cb2b44d5f35d-impl-thread1] INFO  server.RaftServerConfigKeys (ConfUtils.java:logGet(46)) - raft.server.log.queue.element-limit = 4096 (default)
2024-07-06 11:53:38,438 [eb66df86-6ffc-4e53-b873-cb2b44d5f35d-impl-thread1] INFO  server.RaftServerConfigKeys (ConfUtils.java:logGet(46)) - raft.server.log.segment.size.max = 4194304 (custom)
2024-07-06 11:53:38,439 [eb66df86-6ffc-4e53-b873-cb2b44d5f35d-impl-thread1] INFO  server.RaftServerConfigKeys (ConfUtils.java:logGet(46)) - raft.server.log.preallocated.size = 4194304 (custom)
2024-07-06 11:53:38,439 [eb66df86-6ffc-4e53-b873-cb2b44d5f35d-impl-thread1] INFO  server.RaftServerConfigKeys (ConfUtils.java:logGet(46)) - raft.server.log.force.sync.num = 128 (default)
2024-07-06 11:53:38,439 [eb66df86-6ffc-4e53-b873-cb2b44d5f35d-impl-thread1] INFO  server.RaftServerConfigKeys (ConfUtils.java:logGet(46)) - raft.server.log.statemachine.data.sync = true (default)
2024-07-06 11:53:38,440 [eb66df86-6ffc-4e53-b873-cb2b44d5f35d-impl-thread1] INFO  server.RaftServerConfigKeys (ConfUtils.java:logGet(46)) - raft.server.log.statemachine.data.sync.timeout = 10s (default)
2024-07-06 11:53:38,440 [eb66df86-6ffc-4e53-b873-cb2b44d5f35d-impl-thread1] INFO  server.RaftServerConfigKeys (ConfUtils.java:logGet(46)) - raft.server.log.statemachine.data.sync.timeout.retry = -1 (default)
2024-07-06 11:53:38,442 [eb66df86-6ffc-4e53-b873-cb2b44d5f35d-impl-thread1] INFO  server.RaftServerConfigKeys (ConfUtils.java:logGet(46)) - raft.server.log.write.buffer.size = 4194312 (custom)
2024-07-06 11:53:38,443 [eb66df86-6ffc-4e53-b873-cb2b44d5f35d-impl-thread1] INFO  server.RaftServerConfigKeys (ConfUtils.java:logGet(46)) - raft.server.log.appender.buffer.byte-limit = 4194304 (custom)
2024-07-06 11:53:38,443 [eb66df86-6ffc-4e53-b873-cb2b44d5f35d-impl-thread1] INFO  server.RaftServerConfigKeys (ConfUtils.java:logGet(46)) - raft.server.log.unsafe-flush.enabled = false (default)
2024-07-06 11:53:38,444 [eb66df86-6ffc-4e53-b873-cb2b44d5f35d-impl-thread1] INFO  server.RaftServerConfigKeys (ConfUtils.java:logGet(46)) - raft.server.log.async-flush.enabled = false (default)
2024-07-06 11:53:38,444 [eb66df86-6ffc-4e53-b873-cb2b44d5f35d-impl-thread1] INFO  server.RaftServerConfigKeys (ConfUtils.java:logGet(46)) - raft.server.log.statemachine.data.caching.enabled = false (default)
2024-07-06 11:53:38,449 [eb66df86-6ffc-4e53-b873-cb2b44d5f35d-impl-thread1] INFO  segmented.SegmentedRaftLogWorker (SegmentedRaftLogWorker.java:lambda$new$0(135)) - eb66df86-6ffc-4e53-b873-cb2b44d5f35d@group-1EB1B476413A-SegmentedRaftLogWorker: flushIndex: setUnconditionally 0 -> -1
2024-07-06 11:53:38,449 [eb66df86-6ffc-4e53-b873-cb2b44d5f35d-impl-thread1] INFO  segmented.SegmentedRaftLogWorker (SegmentedRaftLogWorker.java:lambda$new$0(135)) - eb66df86-6ffc-4e53-b873-cb2b44d5f35d@group-1EB1B476413A-SegmentedRaftLogWorker: safeCacheEvictIndex: setUnconditionally 0 -> -1
2024-07-06 11:53:38,451 [eb66df86-6ffc-4e53-b873-cb2b44d5f35d-impl-thread1] INFO  server.RaftServer$Division (RaftServerImpl.java:start(389)) - eb66df86-6ffc-4e53-b873-cb2b44d5f35d@group-1EB1B476413A: start as a follower, conf=conf: {index: -1, cur=peers:[eb66df86-6ffc-4e53-b873-cb2b44d5f35d|localhost:15003]|listeners:[], old=null}
2024-07-06 11:53:38,451 [eb66df86-6ffc-4e53-b873-cb2b44d5f35d-impl-thread1] INFO  server.RaftServer$Division (RaftServerImpl.java:setRole(376)) - eb66df86-6ffc-4e53-b873-cb2b44d5f35d@group-1EB1B476413A: changes role from      null to FOLLOWER at term 0 for startAsFollower
2024-07-06 11:53:38,452 [eb66df86-6ffc-4e53-b873-cb2b44d5f35d-impl-thread1] INFO  impl.RoleInfo (RoleInfo.java:updateAndGet(148)) - eb66df86-6ffc-4e53-b873-cb2b44d5f35d: start eb66df86-6ffc-4e53-b873-cb2b44d5f35d@group-1EB1B476413A-FollowerState
2024-07-06 11:53:38,453 [eb66df86-6ffc-4e53-b873-cb2b44d5f35d-impl-thread1] INFO  util.JmxRegister (JmxRegister.java:tryRegister(44)) - Successfully registered JMX Bean with object name Ratis:service=RaftServer,group=group-1EB1B476413A,id=eb66df86-6ffc-4e53-b873-cb2b44d5f35d
2024-07-06 11:53:38,453 [eb66df86-6ffc-4e53-b873-cb2b44d5f35d-impl-thread1] INFO  util.JmxRegister (JmxRegister.java:register(58)) - register mxBean class org.apache.ratis.server.impl.RaftServerJmxAdapter as Ratis:service=RaftServer,group=group-1EB1B476413A,id=eb66df86-6ffc-4e53-b873-cb2b44d5f35d
2024-07-06 11:53:38,455 [eb66df86-6ffc-4e53-b873-cb2b44d5f35d-impl-thread1] INFO  server.RaftServerConfigKeys (ConfUtils.java:logGet(46)) - raft.server.snapshot.trigger-when-stop.enabled = true (default)
2024-07-06 11:53:38,455 [eb66df86-6ffc-4e53-b873-cb2b44d5f35d-impl-thread1] INFO  server.RaftServerConfigKeys (ConfUtils.java:logGet(46)) - raft.server.snapshot.trigger-when-remove.enabled = true (default)
2024-07-06 11:53:38,455 [eb66df86-6ffc-4e53-b873-cb2b44d5f35d-impl-thread1] INFO  server.RaftServerConfigKeys (ConfUtils.java:logGet(46)) - raft.server.snapshot.auto.trigger.enabled = true (custom)
2024-07-06 11:53:38,456 [eb66df86-6ffc-4e53-b873-cb2b44d5f35d-impl-thread1] INFO  server.RaftServerConfigKeys (ConfUtils.java:logGet(46)) - raft.server.snapshot.auto.trigger.threshold = 1000 (custom)
2024-07-06 11:53:38,456 [eb66df86-6ffc-4e53-b873-cb2b44d5f35d-impl-thread1] INFO  server.RaftServerConfigKeys (ConfUtils.java:logGet(46)) - raft.server.snapshot.retention.file.num = -1 (default)
2024-07-06 11:53:38,457 [eb66df86-6ffc-4e53-b873-cb2b44d5f35d-impl-thread1] INFO  server.RaftServerConfigKeys (ConfUtils.java:logGet(46)) - raft.server.log.purge.upto.snapshot.index = false (default)
2024-07-06 11:53:38,459 [eb66df86-6ffc-4e53-b873-cb2b44d5f35d@group-1EB1B476413A-FollowerState] INFO  server.RaftServerConfigKeys (ConfUtils.java:logFallback(53)) - raft.server.rpc.first-election.timeout.min = 5000ms (fallback to raft.server.rpc.timeout.min)
2024-07-06 11:53:38,459 [eb66df86-6ffc-4e53-b873-cb2b44d5f35d@group-1EB1B476413A-FollowerState] INFO  server.RaftServerConfigKeys (ConfUtils.java:logFallback(53)) - raft.server.rpc.first-election.timeout.max = 5200ms (fallback to raft.server.rpc.timeout.max)
2024-07-06 11:53:38,462 [main] INFO  server.RaftServer (RaftServerProxy.java:startImpl(408)) - eb66df86-6ffc-4e53-b873-cb2b44d5f35d: start RPC server
2024-07-06 11:53:38,494 [main] INFO  server.GrpcService (GrpcService.java:startImpl(302)) - eb66df86-6ffc-4e53-b873-cb2b44d5f35d: GrpcService started, listening on 15003
2024-07-06 11:53:38,496 [JvmPauseMonitor0] INFO  util.JvmPauseMonitor (JvmPauseMonitor.java:run(146)) - JvmPauseMonitor-eb66df86-6ffc-4e53-b873-cb2b44d5f35d: Started
2024-07-06 11:53:43,579 [eb66df86-6ffc-4e53-b873-cb2b44d5f35d@group-1EB1B476413A-FollowerState] INFO  impl.FollowerState (FollowerState.java:run(144)) - eb66df86-6ffc-4e53-b873-cb2b44d5f35d@group-1EB1B476413A-FollowerState: change to CANDIDATE, lastRpcElapsedTime:5127076009ns, electionTimeout:5118ms
2024-07-06 11:53:43,579 [eb66df86-6ffc-4e53-b873-cb2b44d5f35d@group-1EB1B476413A-FollowerState] INFO  impl.RoleInfo (RoleInfo.java:shutdownFollowerState(119)) - eb66df86-6ffc-4e53-b873-cb2b44d5f35d: shutdown eb66df86-6ffc-4e53-b873-cb2b44d5f35d@group-1EB1B476413A-FollowerState
2024-07-06 11:53:43,579 [eb66df86-6ffc-4e53-b873-cb2b44d5f35d@group-1EB1B476413A-FollowerState] INFO  server.RaftServer$Division (RaftServerImpl.java:setRole(376)) - eb66df86-6ffc-4e53-b873-cb2b44d5f35d@group-1EB1B476413A: changes role from  FOLLOWER to CANDIDATE at term 0 for changeToCandidate
2024-07-06 11:53:43,581 [eb66df86-6ffc-4e53-b873-cb2b44d5f35d@group-1EB1B476413A-FollowerState] INFO  server.RaftServerConfigKeys (ConfUtils.java:logGet(46)) - raft.server.leaderelection.pre-vote = true (default)
2024-07-06 11:53:43,581 [eb66df86-6ffc-4e53-b873-cb2b44d5f35d@group-1EB1B476413A-FollowerState] INFO  impl.RoleInfo (RoleInfo.java:updateAndGet(148)) - eb66df86-6ffc-4e53-b873-cb2b44d5f35d: start eb66df86-6ffc-4e53-b873-cb2b44d5f35d@group-1EB1B476413A-LeaderElection1
2024-07-06 11:53:43,583 [eb66df86-6ffc-4e53-b873-cb2b44d5f35d@group-1EB1B476413A-LeaderElection1] INFO  impl.LeaderElection (LeaderElection.java:askForVotes(321)) - eb66df86-6ffc-4e53-b873-cb2b44d5f35d@group-1EB1B476413A-LeaderElection1 PRE_VOTE round 0: submit vote requests at term 0 for conf: {index: -1, cur=peers:[eb66df86-6ffc-4e53-b873-cb2b44d5f35d|localhost:15003]|listeners:[], old=null}
2024-07-06 11:53:43,584 [eb66df86-6ffc-4e53-b873-cb2b44d5f35d@group-1EB1B476413A-LeaderElection1] INFO  impl.LeaderElection (LeaderElection.java:askForVotes(323)) - eb66df86-6ffc-4e53-b873-cb2b44d5f35d@group-1EB1B476413A-LeaderElection1 PRE_VOTE round 0: result PASSED (term=0)
2024-07-06 11:53:43,586 [eb66df86-6ffc-4e53-b873-cb2b44d5f35d@group-1EB1B476413A-LeaderElection1] INFO  impl.LeaderElection (LeaderElection.java:askForVotes(321)) - eb66df86-6ffc-4e53-b873-cb2b44d5f35d@group-1EB1B476413A-LeaderElection1 ELECTION round 0: submit vote requests at term 1 for conf: {index: -1, cur=peers:[eb66df86-6ffc-4e53-b873-cb2b44d5f35d|localhost:15003]|listeners:[], old=null}
2024-07-06 11:53:43,586 [eb66df86-6ffc-4e53-b873-cb2b44d5f35d@group-1EB1B476413A-LeaderElection1] INFO  impl.LeaderElection (LeaderElection.java:askForVotes(323)) - eb66df86-6ffc-4e53-b873-cb2b44d5f35d@group-1EB1B476413A-LeaderElection1 ELECTION round 0: result PASSED (term=1)
2024-07-06 11:53:43,586 [eb66df86-6ffc-4e53-b873-cb2b44d5f35d@group-1EB1B476413A-LeaderElection1] INFO  impl.RoleInfo (RoleInfo.java:shutdownLeaderElection(139)) - eb66df86-6ffc-4e53-b873-cb2b44d5f35d: shutdown eb66df86-6ffc-4e53-b873-cb2b44d5f35d@group-1EB1B476413A-LeaderElection1
2024-07-06 11:53:43,587 [eb66df86-6ffc-4e53-b873-cb2b44d5f35d@group-1EB1B476413A-LeaderElection1] INFO  server.RaftServer$Division (RaftServerImpl.java:setRole(376)) - eb66df86-6ffc-4e53-b873-cb2b44d5f35d@group-1EB1B476413A: changes role from CANDIDATE to LEADER at term 1 for changeToLeader
2024-07-06 11:53:43,590 [eb66df86-6ffc-4e53-b873-cb2b44d5f35d@group-1EB1B476413A-LeaderElection1] INFO  server.RaftServerConfigKeys (ConfUtils.java:logGet(46)) - raft.server.staging.catchup.gap = 1000 (default)
2024-07-06 11:53:43,592 [eb66df86-6ffc-4e53-b873-cb2b44d5f35d@group-1EB1B476413A-LeaderElection1] INFO  server.RaftServerConfigKeys (ConfUtils.java:logGet(46)) - raft.server.write.element-limit = 4096 (default)
2024-07-06 11:53:43,592 [eb66df86-6ffc-4e53-b873-cb2b44d5f35d@group-1EB1B476413A-LeaderElection1] INFO  server.RaftServerConfigKeys (ConfUtils.java:logGet(46)) - raft.server.write.byte-limit = 64MB (=67108864) (default)
2024-07-06 11:53:43,594 [eb66df86-6ffc-4e53-b873-cb2b44d5f35d@group-1EB1B476413A-LeaderElection1] INFO  server.RaftServerConfigKeys (ConfUtils.java:logGet(46)) - raft.server.watch.timeout = 10s (default)
2024-07-06 11:53:43,594 [eb66df86-6ffc-4e53-b873-cb2b44d5f35d@group-1EB1B476413A-LeaderElection1] INFO  server.RaftServerConfigKeys (ConfUtils.java:logGet(46)) - raft.server.watch.timeout.denomination = 1s (default)
2024-07-06 11:53:43,595 [eb66df86-6ffc-4e53-b873-cb2b44d5f35d@group-1EB1B476413A-LeaderElection1] INFO  server.RaftServerConfigKeys (ConfUtils.java:logGet(46)) - raft.server.watch.element-limit = 65536 (default)
2024-07-06 11:53:43,600 [eb66df86-6ffc-4e53-b873-cb2b44d5f35d@group-1EB1B476413A-LeaderElection1] INFO  server.RaftServerConfigKeys (ConfUtils.java:logGet(46)) - raft.server.read.leader.lease.enabled = false (default)
2024-07-06 11:53:43,602 [eb66df86-6ffc-4e53-b873-cb2b44d5f35d@group-1EB1B476413A-LeaderElection1] INFO  server.RaftServerConfigKeys (ConfUtils.java:logGet(46)) - raft.server.read.leader.lease.timeout.ratio = 0.9 (default)
2024-07-06 11:53:43,602 [eb66df86-6ffc-4e53-b873-cb2b44d5f35d@group-1EB1B476413A-LeaderElection1] INFO  server.RaftServerConfigKeys (ConfUtils.java:logGet(46)) - raft.server.rpc.timeout.min = 5000ms (custom)
2024-07-06 11:53:43,602 [eb66df86-6ffc-4e53-b873-cb2b44d5f35d@group-1EB1B476413A-LeaderElection1] INFO  server.RaftServerConfigKeys (ConfUtils.java:logGet(46)) - raft.server.log.log-metadata.enabled = true (default)
2024-07-06 11:53:43,602 [eb66df86-6ffc-4e53-b873-cb2b44d5f35d@group-1EB1B476413A-LeaderElection1] INFO  server.RaftServerConfigKeys (ConfUtils.java:logGet(46)) - raft.server.write.element-limit = 4096 (default)
2024-07-06 11:53:43,603 [eb66df86-6ffc-4e53-b873-cb2b44d5f35d@group-1EB1B476413A-LeaderElection1] INFO  server.RaftServerConfigKeys (ConfUtils.java:logGet(46)) - raft.server.write.follower.gap.ratio.max = -1.0 (default)
2024-07-06 11:53:43,604 [eb66df86-6ffc-4e53-b873-cb2b44d5f35d@group-1EB1B476413A-LeaderElection1] INFO  impl.RoleInfo (RoleInfo.java:updateAndGet(148)) - eb66df86-6ffc-4e53-b873-cb2b44d5f35d: start eb66df86-6ffc-4e53-b873-cb2b44d5f35d@group-1EB1B476413A-LeaderStateImpl
2024-07-06 11:53:43,604 [eb66df86-6ffc-4e53-b873-cb2b44d5f35d@group-1EB1B476413A-LeaderElection1] INFO  server.RaftServer$Division (RaftServerImpl.java:setFirstElection(549)) - eb66df86-6ffc-4e53-b873-cb2b44d5f35d@group-1EB1B476413A: set firstElectionSinceStartup to false for becomeLeader
2024-07-06 11:53:43,604 [eb66df86-6ffc-4e53-b873-cb2b44d5f35d@group-1EB1B476413A-LeaderElection1] INFO  server.RaftServer$Division (ServerState.java:setLeader(272)) - eb66df86-6ffc-4e53-b873-cb2b44d5f35d@group-1EB1B476413A: change Leader from null to eb66df86-6ffc-4e53-b873-cb2b44d5f35d at term 1 for becomeLeader, leader elected after 5243ms
2024-07-06 11:53:43,622 [eb66df86-6ffc-4e53-b873-cb2b44d5f35d@group-1EB1B476413A-LeaderElection1] INFO  segmented.SegmentedRaftLogWorker (SegmentedRaftLogWorker.java:startLogSegment(433)) - eb66df86-6ffc-4e53-b873-cb2b44d5f35d@group-1EB1B476413A-SegmentedRaftLogWorker: Starting segment from index:0
2024-07-06 11:53:43,635 [eb66df86-6ffc-4e53-b873-cb2b44d5f35d@group-1EB1B476413A-SegmentedRaftLogWorker] INFO  segmented.BufferedWriteChannel (BufferedWriteChannel.java:open(61)) - open log_inprogress_0 at position 0
2024-07-06 11:53:43,635 [eb66df86-6ffc-4e53-b873-cb2b44d5f35d@group-1EB1B476413A-LeaderElection1] INFO  server.RaftServer$Division (ServerState.java:setRaftConf(386)) - eb66df86-6ffc-4e53-b873-cb2b44d5f35d@group-1EB1B476413A: set configuration conf: {index: 0, cur=peers:[eb66df86-6ffc-4e53-b873-cb2b44d5f35d|localhost:15003]|listeners:[], old=null}
2024-07-06 11:53:43,642 [eb66df86-6ffc-4e53-b873-cb2b44d5f35d@group-1EB1B476413A-SegmentedRaftLogWorker] INFO  segmented.SegmentedRaftLogWorker (SegmentedRaftLogWorker.java:execute(637)) - eb66df86-6ffc-4e53-b873-cb2b44d5f35d@group-1EB1B476413A-SegmentedRaftLogWorker: created new log segment /home/runner/work/ozone/ozone/hadoop-ozone/integration-test/target/test-dir/MiniOzoneClusterImpl-23934d72-33be-4118-bcff-1eb1b476413a/scmNode-1/scm-ha/23934d72-33be-4118-bcff-1eb1b476413a/current/log_inprogress_0
2024-07-06 11:53:43,649 [eb66df86-6ffc-4e53-b873-cb2b44d5f35d@group-1EB1B476413A-StateMachineUpdater] INFO  server.RaftServer$Division (LeaderStateImpl.java:checkStartIndex(316)) - Leader eb66df86-6ffc-4e53-b873-cb2b44d5f35d@group-1EB1B476413A-LeaderStateImpl is ready since appliedIndex == startIndex == 0
2024-07-06 11:53:44,497 [main] INFO  server.RaftServer (RaftServerProxy.java:lambda$close$9(418)) - eb66df86-6ffc-4e53-b873-cb2b44d5f35d: close
2024-07-06 11:53:44,498 [eb66df86-6ffc-4e53-b873-cb2b44d5f35d-impl-thread1] INFO  server.RaftServer$Division (RaftServerImpl.java:lambda$close$1(501)) - eb66df86-6ffc-4e53-b873-cb2b44d5f35d@group-1EB1B476413A: shutdown
2024-07-06 11:53:44,498 [main] INFO  server.GrpcService (GrpcService.java:closeImpl(311)) - eb66df86-6ffc-4e53-b873-cb2b44d5f35d: shutdown server GrpcServerProtocolService now
2024-07-06 11:53:44,498 [eb66df86-6ffc-4e53-b873-cb2b44d5f35d-impl-thread1] INFO  util.JmxRegister (JmxRegister.java:unregister(74)) - Successfully un-registered JMX Bean with object name Ratis:service=RaftServer,group=group-1EB1B476413A,id=eb66df86-6ffc-4e53-b873-cb2b44d5f35d
2024-07-06 11:53:44,499 [eb66df86-6ffc-4e53-b873-cb2b44d5f35d-impl-thread1] INFO  impl.RoleInfo (RoleInfo.java:shutdownLeaderState(103)) - eb66df86-6ffc-4e53-b873-cb2b44d5f35d: shutdown eb66df86-6ffc-4e53-b873-cb2b44d5f35d@group-1EB1B476413A-LeaderStateImpl
2024-07-06 11:53:44,501 [eb66df86-6ffc-4e53-b873-cb2b44d5f35d-impl-thread1] INFO  impl.PendingRequests (PendingRequests.java:sendNotLeaderResponses(287)) - eb66df86-6ffc-4e53-b873-cb2b44d5f35d@group-1EB1B476413A-PendingRequests: sendNotLeaderResponses
2024-07-06 11:53:44,503 [main] INFO  server.GrpcService (GrpcService.java:closeImpl(320)) - eb66df86-6ffc-4e53-b873-cb2b44d5f35d: shutdown server GrpcServerProtocolService successfully
2024-07-06 11:53:44,504 [eb66df86-6ffc-4e53-b873-cb2b44d5f35d-impl-thread1] INFO  impl.StateMachineUpdater (StateMachineUpdater.java:stopAndJoin(164)) - eb66df86-6ffc-4e53-b873-cb2b44d5f35d@group-1EB1B476413A-StateMachineUpdater: set stopIndex = 0
2024-07-06 11:53:44,505 [eb66df86-6ffc-4e53-b873-cb2b44d5f35d@group-1EB1B476413A-StateMachineUpdater] INFO  impl.StateMachineUpdater (StateMachineUpdater.java:takeSnapshot(303)) - eb66df86-6ffc-4e53-b873-cb2b44d5f35d@group-1EB1B476413A-StateMachineUpdater: Took a snapshot at index 0
2024-07-06 11:53:44,505 [eb66df86-6ffc-4e53-b873-cb2b44d5f35d@group-1EB1B476413A-StateMachineUpdater] INFO  impl.StateMachineUpdater (StateMachineUpdater.java:lambda$new$0(102)) - eb66df86-6ffc-4e53-b873-cb2b44d5f35d@group-1EB1B476413A-StateMachineUpdater: snapshotIndex: updateIncreasingly -1 -> 0
2024-07-06 11:53:44,507 [eb66df86-6ffc-4e53-b873-cb2b44d5f35d@group-1EB1B476413A-StateMachineUpdater] INFO  impl.StateMachineUpdater (StateMachineUpdater.java:stop(141)) - eb66df86-6ffc-4e53-b873-cb2b44d5f35d@group-1EB1B476413A-StateMachineUpdater: closing SCMStateMachine, lastApplied=(t:1, i:0)
2024-07-06 11:53:44,508 [eb66df86-6ffc-4e53-b873-cb2b44d5f35d@group-1EB1B476413A-cacheEviction-AwaitToRun] INFO  util.AwaitToRun (AwaitToRun.java:run(49)) - eb66df86-6ffc-4e53-b873-cb2b44d5f35d@group-1EB1B476413A-cacheEviction-AwaitToRun-AwaitForSignal is interrupted
2024-07-06 11:53:44,646 [eb66df86-6ffc-4e53-b873-cb2b44d5f35d-impl-thread1] INFO  segmented.SegmentedRaftLogWorker (SegmentedRaftLogWorker.java:close(248)) - eb66df86-6ffc-4e53-b873-cb2b44d5f35d@group-1EB1B476413A-SegmentedRaftLogWorker close()
2024-07-06 11:53:44,650 [JvmPauseMonitor0] INFO  util.JvmPauseMonitor (JvmPauseMonitor.java:run(152)) - JvmPauseMonitor-eb66df86-6ffc-4e53-b873-cb2b44d5f35d: Stopped
2024-07-06 11:53:44,650 [main] WARN  server.ServerUtils (ServerUtils.java:getScmDbDir(143)) - ozone.scm.db.dirs is not configured. We recommend adding this setting. Falling back to ozone.metadata.dirs instead.
2024-07-06 11:53:44,652 [main] INFO  server.StorageContainerManager (StorageContainerManager.java:scmInit(1300)) - SCM initialization succeeded. Current cluster id for sd=/home/runner/work/ozone/ozone/hadoop-ozone/integration-test/target/test-dir/MiniOzoneClusterImpl-23934d72-33be-4118-bcff-1eb1b476413a/scmNode-1/scm; cid=23934d72-33be-4118-bcff-1eb1b476413a; layoutVersion=7; scmId=eb66df86-6ffc-4e53-b873-cb2b44d5f35d
2024-07-06 11:53:44,661 [main] WARN  server.ServerUtils (ServerUtils.java:getScmDbDir(143)) - ozone.scm.db.dirs is not configured. We recommend adding this setting. Falling back to ozone.metadata.dirs instead.
2024-07-06 11:53:44,661 [main] INFO  ha.SCMHANodeDetails (SCMHANodeDetails.java:loadSCMHAConfig(207)) - ServiceID for StorageContainerManager is TestSecretKey
2024-07-06 11:53:44,662 [main] INFO  ha.SCMHANodeDetails (SCMHANodeDetails.java:loadSCMHAConfig(218)) - ServiceID for StorageContainerManager is TestSecretKey
2024-07-06 11:53:44,662 [main] WARN  scm.ScmUtils (ScmUtils.java:logWarn(192)) - ConfigKey ozone.scm.block.client.address is deprecated, For configuring different ports for each SCM use PortConfigKey ozone.scm.block.client.port appended with serviceId and nodeId. If want to configure same port configure ozone.scm.block.client.port
2024-07-06 11:53:44,662 [main] WARN  scm.ScmUtils (ScmUtils.java:logWarn(192)) - ConfigKey ozone.scm.client.address is deprecated, For configuring different ports for each SCM use PortConfigKey ozone.scm.client.port appended with serviceId and nodeId. If want to configure same port configure ozone.scm.client.port
2024-07-06 11:53:44,663 [main] WARN  scm.ScmUtils (ScmUtils.java:logWarn(192)) - ConfigKey ozone.scm.datanode.address is deprecated, For configuring different ports for each SCM use PortConfigKey ozone.scm.datanode.port appended with serviceId and nodeId. If want to configure same port configure ozone.scm.datanode.port
2024-07-06 11:53:44,663 [main] WARN  scm.ScmUtils (ScmUtils.java:logWarn(192)) - ConfigKey ozone.scm.block.client.address is deprecated, For configuring different ports for each SCM use PortConfigKey ozone.scm.block.client.port appended with serviceId and nodeId. If want to configure same port configure ozone.scm.block.client.port
2024-07-06 11:53:44,663 [main] WARN  scm.ScmUtils (ScmUtils.java:logWarn(192)) - ConfigKey ozone.scm.client.address is deprecated, For configuring different ports for each SCM use PortConfigKey ozone.scm.client.port appended with serviceId and nodeId. If want to configure same port configure ozone.scm.client.port
2024-07-06 11:53:44,664 [main] WARN  scm.ScmUtils (ScmUtils.java:logWarn(192)) - ConfigKey ozone.scm.datanode.address is deprecated, For configuring different ports for each SCM use PortConfigKey ozone.scm.datanode.port appended with serviceId and nodeId. If want to configure same port configure ozone.scm.datanode.port
2024-07-06 11:53:44,664 [main] INFO  ha.SCMHANodeDetails (SCMHANodeDetails.java:loadSCMHAConfig(305)) - Found matching SCM address with SCMServiceId: TestSecretKey, SCMNodeId: scmNode-1, RPC Address: localhost:15003 and Ratis port: 15003
2024-07-06 11:53:44,664 [main] INFO  ha.SCMHANodeDetails (ConfUtils.java:setNodeSpecificConfigs(97)) - Setting configuration key ozone.scm.datanode.address with value of key ozone.scm.datanode.address.TestSecretKey.scmNode-1: 127.0.0.1:15004
2024-07-06 11:53:44,664 [main] INFO  ha.SCMHANodeDetails (ConfUtils.java:setNodeSpecificConfigs(97)) - Setting configuration key ozone.scm.block.client.address with value of key ozone.scm.block.client.address.TestSecretKey.scmNode-1: 127.0.0.1:15007
2024-07-06 11:53:44,664 [main] INFO  ha.SCMHANodeDetails (ConfUtils.java:setNodeSpecificConfigs(97)) - Setting configuration key ozone.scm.client.address with value of key ozone.scm.client.address.TestSecretKey.scmNode-1: 127.0.0.1:15005
2024-07-06 11:53:44,665 [main] INFO  ha.SCMHANodeDetails (ConfUtils.java:setNodeSpecificConfigs(97)) - Setting configuration key ozone.scm.security.service.address with value of key ozone.scm.security.service.address.TestSecretKey.scmNode-1: 127.0.0.1:15002
2024-07-06 11:53:44,665 [main] INFO  ha.SCMHANodeDetails (ConfUtils.java:setNodeSpecificConfigs(97)) - Setting configuration key ozone.scm.ratis.port with value of key ozone.scm.ratis.port.TestSecretKey.scmNode-1: 15003
2024-07-06 11:53:44,665 [main] INFO  ha.SCMHANodeDetails (ConfUtils.java:setNodeSpecificConfigs(97)) - Setting configuration key ozone.scm.grpc.port with value of key ozone.scm.grpc.port.TestSecretKey.scmNode-1: 15006
2024-07-06 11:53:44,665 [main] INFO  ha.SCMHANodeDetails (ConfUtils.java:setNodeSpecificConfigs(97)) - Setting configuration key ozone.scm.http-address with value of key ozone.scm.http-address.TestSecretKey.scmNode-1: 127.0.0.1:15000
2024-07-06 11:53:44,665 [main] INFO  ha.SCMHANodeDetails (ConfUtils.java:setNodeSpecificConfigs(97)) - Setting configuration key ozone.scm.https-address with value of key ozone.scm.https-address.TestSecretKey.scmNode-1: 127.0.0.1:15001
2024-07-06 11:53:44,666 [main] INFO  ha.SCMHANodeDetails (ConfUtils.java:setNodeSpecificConfigs(97)) - Setting configuration key ozone.scm.address with value of key ozone.scm.address.TestSecretKey.scmNode-1: 127.0.0.1
2024-07-06 11:53:44,666 [main] WARN  scm.ScmUtils (ScmUtils.java:logWarn(192)) - ConfigKey ozone.scm.block.client.address is deprecated, For configuring different ports for each SCM use PortConfigKey ozone.scm.block.client.port appended with serviceId and nodeId. If want to configure same port configure ozone.scm.block.client.port
2024-07-06 11:53:44,666 [main] WARN  scm.ScmUtils (ScmUtils.java:logWarn(192)) - ConfigKey ozone.scm.client.address is deprecated, For configuring different ports for each SCM use PortConfigKey ozone.scm.client.port appended with serviceId and nodeId. If want to configure same port configure ozone.scm.client.port
2024-07-06 11:53:44,666 [main] WARN  scm.ScmUtils (ScmUtils.java:logWarn(192)) - ConfigKey ozone.scm.datanode.address is deprecated, For configuring different ports for each SCM use PortConfigKey ozone.scm.datanode.port appended with serviceId and nodeId. If want to configure same port configure ozone.scm.datanode.port
2024-07-06 11:53:44,677 [main] INFO  ha.SCMNodeInfo (SCMNodeInfo.java:getPort(197)) - ConfigKey ozone.scm.client.address is deprecated, For configuring different ports for each SCM use PortConfigKey ozone.scm.client.port appended with serviceId and nodeId
2024-07-06 11:53:44,677 [main] INFO  ha.SCMNodeInfo (SCMNodeInfo.java:getPort(197)) - ConfigKey ozone.scm.block.client.address is deprecated, For configuring different ports for each SCM use PortConfigKey ozone.scm.block.client.port appended with serviceId and nodeId
2024-07-06 11:53:44,677 [main] INFO  ha.SCMNodeInfo (SCMNodeInfo.java:getPort(197)) - ConfigKey ozone.scm.security.service.address is deprecated, For configuring different ports for each SCM use PortConfigKey ozone.scm.security.service.port appended with serviceId and nodeId
2024-07-06 11:53:44,677 [main] INFO  ha.SCMNodeInfo (SCMNodeInfo.java:getPort(197)) - ConfigKey ozone.scm.datanode.address is deprecated, For configuring different ports for each SCM use PortConfigKey ozone.scm.datanode.port appended with serviceId and nodeId
2024-07-06 11:53:44,678 [main] INFO  ha.SCMNodeInfo (SCMNodeInfo.java:getPort(197)) - ConfigKey ozone.scm.client.address is deprecated, For configuring different ports for each SCM use PortConfigKey ozone.scm.client.port appended with serviceId and nodeId
2024-07-06 11:53:44,678 [main] INFO  ha.SCMNodeInfo (SCMNodeInfo.java:getPort(197)) - ConfigKey ozone.scm.block.client.address is deprecated, For configuring different ports for each SCM use PortConfigKey ozone.scm.block.client.port appended with serviceId and nodeId
2024-07-06 11:53:44,678 [main] INFO  ha.SCMNodeInfo (SCMNodeInfo.java:getPort(197)) - ConfigKey ozone.scm.security.service.address is deprecated, For configuring different ports for each SCM use PortConfigKey ozone.scm.security.service.port appended with serviceId and nodeId
2024-07-06 11:53:44,678 [main] INFO  ha.SCMNodeInfo (SCMNodeInfo.java:getPort(197)) - ConfigKey ozone.scm.datanode.address is deprecated, For configuring different ports for each SCM use PortConfigKey ozone.scm.datanode.port appended with serviceId and nodeId
2024-07-06 11:53:44,678 [main] INFO  ha.SCMNodeInfo (SCMNodeInfo.java:getPort(197)) - ConfigKey ozone.scm.client.address is deprecated, For configuring different ports for each SCM use PortConfigKey ozone.scm.client.port appended with serviceId and nodeId
2024-07-06 11:53:44,678 [main] INFO  ha.SCMNodeInfo (SCMNodeInfo.java:getPort(197)) - ConfigKey ozone.scm.block.client.address is deprecated, For configuring different ports for each SCM use PortConfigKey ozone.scm.block.client.port appended with serviceId and nodeId
2024-07-06 11:53:44,679 [main] INFO  ha.SCMNodeInfo (SCMNodeInfo.java:getPort(197)) - ConfigKey ozone.scm.security.service.address is deprecated, For configuring different ports for each SCM use PortConfigKey ozone.scm.security.service.port appended with serviceId and nodeId
2024-07-06 11:53:44,679 [main] INFO  ha.SCMNodeInfo (SCMNodeInfo.java:getPort(197)) - ConfigKey ozone.scm.datanode.address is deprecated, For configuring different ports for each SCM use PortConfigKey ozone.scm.datanode.port appended with serviceId and nodeId
2024-07-06 11:53:44,712 [pool-1-thread-1] INFO  request.KdcRequest (KdcRequest.java:preauth(651)) - The preauth data is empty.
2024-07-06 11:53:44,715 [pool-1-thread-1] INFO  server.KdcHandler (KdcHandler.java:handleRecoverableException(177)) - KRB error occurred while processing request:Additional pre-authentication required
2024-07-06 11:53:44,739 [pool-1-thread-1] INFO  request.AsRequest (AsRequest.java:issueTicket(112)) - AS_REQ ISSUE: authtime 1720266824737,scm/fv-az1041-405.cgqmq5qunpnelbz5tk1v55v5te.bx.internal.cloudapp.net@EXAMPLE.COM for krbtgt/EXAMPLE.COM@EXAMPLE.COM
2024-07-06 11:53:44,746 [main] INFO  security.UserGroupInformation (UserGroupInformation.java:loginUserFromKeytab(1132)) - Login successful for user scm/fv-az1041-405.cgqmq5qunpnelbz5tk1v55v5te.bx.internal.cloudapp.net@EXAMPLE.COM using keytab file scm.keytab. Keytab auto renewal enabled : false
2024-07-06 11:53:44,746 [main] INFO  server.StorageContainerManager (StorageContainerManager.java:loginAsSCMUserIfSecurityEnabled(1069)) - SCM login successful.
2024-07-06 11:53:44,754 [main] INFO  ha.SCMNodeInfo (SCMNodeInfo.java:getPort(197)) - ConfigKey ozone.scm.client.address is deprecated, For configuring different ports for each SCM use PortConfigKey ozone.scm.client.port appended with serviceId and nodeId
2024-07-06 11:53:44,754 [main] INFO  ha.SCMNodeInfo (SCMNodeInfo.java:getPort(197)) - ConfigKey ozone.scm.block.client.address is deprecated, For configuring different ports for each SCM use PortConfigKey ozone.scm.block.client.port appended with serviceId and nodeId
2024-07-06 11:53:44,755 [main] INFO  ha.SCMNodeInfo (SCMNodeInfo.java:getPort(197)) - ConfigKey ozone.scm.security.service.address is deprecated, For configuring different ports for each SCM use PortConfigKey ozone.scm.security.service.port appended with serviceId and nodeId
2024-07-06 11:53:44,755 [main] INFO  ha.SCMNodeInfo (SCMNodeInfo.java:getPort(197)) - ConfigKey ozone.scm.datanode.address is deprecated, For configuring different ports for each SCM use PortConfigKey ozone.scm.datanode.port appended with serviceId and nodeId
2024-07-06 11:53:44,756 [main] INFO  ha.SCMNodeInfo (SCMNodeInfo.java:getPort(197)) - ConfigKey ozone.scm.client.address is deprecated, For configuring different ports for each SCM use PortConfigKey ozone.scm.client.port appended with serviceId and nodeId
2024-07-06 11:53:44,756 [main] INFO  ha.SCMNodeInfo (SCMNodeInfo.java:getPort(197)) - ConfigKey ozone.scm.block.client.address is deprecated, For configuring different ports for each SCM use PortConfigKey ozone.scm.block.client.port appended with serviceId and nodeId
2024-07-06 11:53:44,756 [main] INFO  ha.SCMNodeInfo (SCMNodeInfo.java:getPort(197)) - ConfigKey ozone.scm.security.service.address is deprecated, For configuring different ports for each SCM use PortConfigKey ozone.scm.security.service.port appended with serviceId and nodeId
2024-07-06 11:53:44,757 [main] INFO  ha.SCMNodeInfo (SCMNodeInfo.java:getPort(197)) - ConfigKey ozone.scm.datanode.address is deprecated, For configuring different ports for each SCM use PortConfigKey ozone.scm.datanode.port appended with serviceId and nodeId
2024-07-06 11:53:44,757 [main] INFO  ha.SCMNodeInfo (SCMNodeInfo.java:getPort(197)) - ConfigKey ozone.scm.client.address is deprecated, For configuring different ports for each SCM use PortConfigKey ozone.scm.client.port appended with serviceId and nodeId
2024-07-06 11:53:44,758 [main] INFO  ha.SCMNodeInfo (SCMNodeInfo.java:getPort(197)) - ConfigKey ozone.scm.block.client.address is deprecated, For configuring different ports for each SCM use PortConfigKey ozone.scm.block.client.port appended with serviceId and nodeId
2024-07-06 11:53:44,758 [main] INFO  ha.SCMNodeInfo (SCMNodeInfo.java:getPort(197)) - ConfigKey ozone.scm.security.service.address is deprecated, For configuring different ports for each SCM use PortConfigKey ozone.scm.security.service.port appended with serviceId and nodeId
2024-07-06 11:53:44,759 [main] INFO  ha.SCMNodeInfo (SCMNodeInfo.java:getPort(197)) - ConfigKey ozone.scm.datanode.address is deprecated, For configuring different ports for each SCM use PortConfigKey ozone.scm.datanode.port appended with serviceId and nodeId
2024-07-06 11:53:44,772 [main] INFO  ha.SCMNodeInfo (SCMNodeInfo.java:getPort(197)) - ConfigKey ozone.scm.client.address is deprecated, For configuring different ports for each SCM use PortConfigKey ozone.scm.client.port appended with serviceId and nodeId
2024-07-06 11:53:44,773 [main] INFO  ha.SCMNodeInfo (SCMNodeInfo.java:getPort(197)) - ConfigKey ozone.scm.block.client.address is deprecated, For configuring different ports for each SCM use PortConfigKey ozone.scm.block.client.port appended with serviceId and nodeId
2024-07-06 11:53:44,773 [main] INFO  ha.SCMNodeInfo (SCMNodeInfo.java:getPort(197)) - ConfigKey ozone.scm.security.service.address is deprecated, For configuring different ports for each SCM use PortConfigKey ozone.scm.security.service.port appended with serviceId and nodeId
2024-07-06 11:53:44,773 [main] INFO  ha.SCMNodeInfo (SCMNodeInfo.java:getPort(197)) - ConfigKey ozone.scm.datanode.address is deprecated, For configuring different ports for each SCM use PortConfigKey ozone.scm.datanode.port appended with serviceId and nodeId
2024-07-06 11:53:44,774 [main] INFO  ha.SCMNodeInfo (SCMNodeInfo.java:getPort(197)) - ConfigKey ozone.scm.client.address is deprecated, For configuring different ports for each SCM use PortConfigKey ozone.scm.client.port appended with serviceId and nodeId
2024-07-06 11:53:44,774 [main] INFO  ha.SCMNodeInfo (SCMNodeInfo.java:getPort(197)) - ConfigKey ozone.scm.block.client.address is deprecated, For configuring different ports for each SCM use PortConfigKey ozone.scm.block.client.port appended with serviceId and nodeId
2024-07-06 11:53:44,775 [main] INFO  ha.SCMNodeInfo (SCMNodeInfo.java:getPort(197)) - ConfigKey ozone.scm.security.service.address is deprecated, For configuring different ports for each SCM use PortConfigKey ozone.scm.security.service.port appended with serviceId and nodeId
2024-07-06 11:53:44,775 [main] INFO  ha.SCMNodeInfo (SCMNodeInfo.java:getPort(197)) - ConfigKey ozone.scm.datanode.address is deprecated, For configuring different ports for each SCM use PortConfigKey ozone.scm.datanode.port appended with serviceId and nodeId
2024-07-06 11:53:44,775 [main] INFO  ha.SCMNodeInfo (SCMNodeInfo.java:getPort(197)) - ConfigKey ozone.scm.client.address is deprecated, For configuring different ports for each SCM use PortConfigKey ozone.scm.client.port appended with serviceId and nodeId
2024-07-06 11:53:44,776 [main] INFO  ha.SCMNodeInfo (SCMNodeInfo.java:getPort(197)) - ConfigKey ozone.scm.block.client.address is deprecated, For configuring different ports for each SCM use PortConfigKey ozone.scm.block.client.port appended with serviceId and nodeId
2024-07-06 11:53:44,776 [main] INFO  ha.SCMNodeInfo (SCMNodeInfo.java:getPort(197)) - ConfigKey ozone.scm.security.service.address is deprecated, For configuring different ports for each SCM use PortConfigKey ozone.scm.security.service.port appended with serviceId and nodeId
2024-07-06 11:53:44,777 [main] INFO  ha.SCMNodeInfo (SCMNodeInfo.java:getPort(197)) - ConfigKey ozone.scm.datanode.address is deprecated, For configuring different ports for each SCM use PortConfigKey ozone.scm.datanode.port appended with serviceId and nodeId
2024-07-06 11:53:44,777 [main] INFO  client.SCMCertificateClient (DefaultCertificateClient.java:updateCertSerialId(1313)) - Certificate serial ID set to 2
2024-07-06 11:53:44,780 [main] INFO  client.SCMCertificateClient (DefaultCertificateClient.java:readCertificateFile(248)) - Added certificate 2 from file: /home/runner/work/ozone/ozone/hadoop-ozone/integration-test/target/test-dir/MiniOzoneClusterImpl-23934d72-33be-4118-bcff-1eb1b476413a/scmNode-1/scm/sub-ca/certs/2.crt.
2024-07-06 11:53:44,782 [main] INFO  client.SCMCertificateClient (DefaultCertificateClient.java:readCertificateFile(248)) - Added certificate 2 from file: /home/runner/work/ozone/ozone/hadoop-ozone/integration-test/target/test-dir/MiniOzoneClusterImpl-23934d72-33be-4118-bcff-1eb1b476413a/scmNode-1/scm/sub-ca/certs/certificate.crt.
2024-07-06 11:53:44,783 [main] INFO  client.SCMCertificateClient (DefaultCertificateClient.java:readCertificateFile(248)) - Added certificate 1 from file: /home/runner/work/ozone/ozone/hadoop-ozone/integration-test/target/test-dir/MiniOzoneClusterImpl-23934d72-33be-4118-bcff-1eb1b476413a/scmNode-1/scm/sub-ca/certs/CA-1.crt.
2024-07-06 11:53:44,784 [main] INFO  client.SCMCertificateClient (DefaultCertificateClient.java:loadAllCertificates(197)) - CertificateRenewerService and root ca rotation polling is disabled for scm/sub-ca
2024-07-06 11:53:44,831 [main] WARN  utils.HAUtils (HAUtils.java:getMetaDir(339)) - ozone.scm.db.dirs is not configured. We recommend adding this setting. Falling back to ozone.metadata.dirs instead.
2024-07-06 11:53:44,928 [main] WARN  db.DBStoreBuilder (DBStoreBuilder.java:applyDBDefinition(171)) - ozone.scm.db.dirs is not configured. We recommend adding this setting. Falling back to ozone.metadata.dirs instead.
2024-07-06 11:53:44,936 [main] INFO  utils.LeakDetector (LeakDetector.java:start(73)) - Starting leak detector thread ManagedRocksObject0.
2024-07-06 11:53:45,103 [main] INFO  net.NodeSchemaLoader (NodeSchemaLoader.java:loadSchemaFromFile(129)) - Loading schema from [jar:file:/home/runner/work/ozone/ozone/hadoop-hdds/common/target/hdds-common-1.5.0-SNAPSHOT.jar!/network-topology-default.xml]
2024-07-06 11:53:45,105 [main] INFO  net.NodeSchemaLoader (NodeSchemaLoader.java:loadSchema(176)) - Loading network topology layer schema file
2024-07-06 11:53:45,192 [main] INFO  ha.SCMRatisServerImpl (SCMRatisServerImpl.java:<init>(99)) - starting Raft server for scm:eb66df86-6ffc-4e53-b873-cb2b44d5f35d
2024-07-06 11:53:45,195 [main] INFO  server.RaftServer (ConfUtils.java:logGet(46)) - raft.rpc.type = GRPC (default)
2024-07-06 11:53:45,196 [main] INFO  grpc.GrpcConfigKeys (ConfUtils.java:logFallback(53)) - raft.grpc.admin.host = null (fallback to raft.grpc.server.host)
2024-07-06 11:53:45,196 [main] INFO  grpc.GrpcConfigKeys (ConfUtils.java:logFallback(53)) - raft.grpc.admin.port = 15003 (fallback to raft.grpc.server.port)
2024-07-06 11:53:45,197 [main] INFO  grpc.GrpcConfigKeys (ConfUtils.java:logFallback(53)) - raft.grpc.client.host = null (fallback to raft.grpc.server.host)
2024-07-06 11:53:45,197 [main] INFO  grpc.GrpcConfigKeys (ConfUtils.java:logFallback(53)) - raft.grpc.client.port = 15003 (fallback to raft.grpc.server.port)
2024-07-06 11:53:45,197 [main] INFO  grpc.GrpcConfigKeys (ConfUtils.java:logGet(46)) - raft.grpc.server.host = null (default)
2024-07-06 11:53:45,198 [main] INFO  grpc.GrpcConfigKeys (ConfUtils.java:logGet(46)) - raft.grpc.server.port = 15003 (custom)
2024-07-06 11:53:45,198 [main] INFO  server.GrpcService (ConfUtils.java:logGet(46)) - raft.grpc.message.size.max = 32m (=33554432) (custom)
2024-07-06 11:53:45,199 [main] INFO  server.RaftServerConfigKeys (ConfUtils.java:logGet(46)) - raft.server.log.appender.buffer.byte-limit = 4194304 (custom)
2024-07-06 11:53:45,199 [main] INFO  server.GrpcService (ConfUtils.java:logGet(46)) - raft.grpc.flow.control.window = 1MB (=1048576) (default)
2024-07-06 11:53:45,200 [main] INFO  server.RaftServerConfigKeys (ConfUtils.java:logGet(46)) - raft.server.rpc.request.timeout = 30000ms (custom)
2024-07-06 11:53:45,200 [main] INFO  grpc.GrpcConfigKeys (ConfUtils.java:logGet(46)) - raft.grpc.server.heartbeat.channel = true (default)
2024-07-06 11:53:45,200 [main] INFO  grpc.GrpcConfigKeys (ConfUtils.java:logGet(46)) - raft.grpc.server.async.request.thread.pool.cached = true (default)
2024-07-06 11:53:45,201 [main] INFO  grpc.GrpcConfigKeys (ConfUtils.java:logGet(46)) - raft.grpc.server.async.request.thread.pool.size = 32 (default)
2024-07-06 11:53:45,202 [main] INFO  impl.DataStreamServerImpl (ConfUtils.java:logGet(46)) - raft.datastream.type = DISABLED (default)
2024-07-06 11:53:45,202 [main] INFO  server.RaftServerConfigKeys (ConfUtils.java:logGet(46)) - raft.server.sleep.deviation.threshold = 300ms (default)
2024-07-06 11:53:45,203 [main] INFO  server.RaftServerConfigKeys (ConfUtils.java:logGet(46)) - raft.server.close.threshold = 60s (default)
2024-07-06 11:53:45,203 [main] INFO  server.RaftServerConfigKeys (ConfUtils.java:logGet(46)) - raft.server.leaderelection.leader.step-down.wait-time = 10s (default)
2024-07-06 11:53:45,204 [main] INFO  server.RaftServerConfigKeys (ConfUtils.java:logGet(46)) - raft.server.storage.dir = [/home/runner/work/ozone/ozone/hadoop-ozone/integration-test/target/test-dir/MiniOzoneClusterImpl-23934d72-33be-4118-bcff-1eb1b476413a/scmNode-1/scm-ha] (custom)
2024-07-06 11:53:45,204 [main] INFO  server.RaftServerConfigKeys (ConfUtils.java:logGet(46)) - raft.server.threadpool.proxy.cached = true (default)
2024-07-06 11:53:45,204 [main] INFO  server.RaftServerConfigKeys (ConfUtils.java:logGet(46)) - raft.server.threadpool.proxy.size = 0 (default)
2024-07-06 11:53:45,209 [eb66df86-6ffc-4e53-b873-cb2b44d5f35d-impl-thread1] INFO  server.RaftServer (RaftServerProxy.java:initGroupDir(266)) - eb66df86-6ffc-4e53-b873-cb2b44d5f35d: found a subdirectory /home/runner/work/ozone/ozone/hadoop-ozone/integration-test/target/test-dir/MiniOzoneClusterImpl-23934d72-33be-4118-bcff-1eb1b476413a/scmNode-1/scm-ha/23934d72-33be-4118-bcff-1eb1b476413a
2024-07-06 11:53:45,209 [main] INFO  server.RaftServer (RaftServerProxy.java:addNew(101)) - eb66df86-6ffc-4e53-b873-cb2b44d5f35d: addNew group-1EB1B476413A:[] returns group-1EB1B476413A:java.util.concurrent.CompletableFuture@688efeb2[Not completed]
2024-07-06 11:53:45,212 [eb66df86-6ffc-4e53-b873-cb2b44d5f35d-groupManagement] INFO  server.RaftServer$Division (RaftServerImpl.java:<init>(253)) - eb66df86-6ffc-4e53-b873-cb2b44d5f35d: new RaftServerImpl for group-1EB1B476413A:[] with SCMStateMachine:uninitialized
2024-07-06 11:53:45,212 [eb66df86-6ffc-4e53-b873-cb2b44d5f35d-groupManagement] INFO  server.RaftServerConfigKeys (ConfUtils.java:logGet(46)) - raft.server.rpc.timeout.min = 5000ms (custom)
2024-07-06 11:53:45,212 [eb66df86-6ffc-4e53-b873-cb2b44d5f35d-groupManagement] INFO  server.RaftServerConfigKeys (ConfUtils.java:logGet(46)) - raft.server.rpc.timeout.max = 5200ms (custom)
2024-07-06 11:53:45,213 [eb66df86-6ffc-4e53-b873-cb2b44d5f35d-groupManagement] INFO  server.RaftServerConfigKeys (ConfUtils.java:logGet(46)) - raft.server.rpc.sleep.time = 25ms (default)
2024-07-06 11:53:45,213 [eb66df86-6ffc-4e53-b873-cb2b44d5f35d-groupManagement] INFO  server.RaftServerConfigKeys (ConfUtils.java:logGet(46)) - raft.server.rpc.slowness.timeout = 120000ms (custom)
2024-07-06 11:53:45,213 [eb66df86-6ffc-4e53-b873-cb2b44d5f35d-groupManagement] INFO  server.RaftServerConfigKeys (ConfUtils.java:logGet(46)) - raft.server.leaderelection.leader.step-down.wait-time = 10s (default)
2024-07-06 11:53:45,214 [eb66df86-6ffc-4e53-b873-cb2b44d5f35d-groupManagement] INFO  server.RaftServerConfigKeys (ConfUtils.java:logGet(46)) - raft.server.leaderelection.member.majority-add = false (default)
2024-07-06 11:53:45,214 [eb66df86-6ffc-4e53-b873-cb2b44d5f35d-groupManagement] INFO  server.RaftServerConfigKeys (ConfUtils.java:logGet(46)) - raft.server.sleep.deviation.threshold = 300ms (default)
2024-07-06 11:53:45,214 [eb66df86-6ffc-4e53-b873-cb2b44d5f35d-groupManagement] INFO  server.RaftServer$Division (ServerState.java:<init>(114)) - eb66df86-6ffc-4e53-b873-cb2b44d5f35d@group-1EB1B476413A: ConfigurationManager, init=conf: {index: -1, cur=peers:[]|listeners:[], old=null}, confs=<EMPTY_MAP>
2024-07-06 11:53:45,214 [eb66df86-6ffc-4e53-b873-cb2b44d5f35d-groupManagement] INFO  server.RaftServerConfigKeys (ConfUtils.java:logGet(46)) - raft.server.notification.no-leader.timeout = 60s (default)
2024-07-06 11:53:45,215 [eb66df86-6ffc-4e53-b873-cb2b44d5f35d-groupManagement] INFO  server.RaftServerConfigKeys (ConfUtils.java:logGet(46)) - raft.server.read.timeout = 10s (default)
2024-07-06 11:53:45,215 [eb66df86-6ffc-4e53-b873-cb2b44d5f35d-groupManagement] INFO  server.RaftServerConfigKeys (ConfUtils.java:logGet(46)) - raft.server.retrycache.expirytime = 60000ms (default)
2024-07-06 11:53:45,215 [eb66df86-6ffc-4e53-b873-cb2b44d5f35d-groupManagement] INFO  server.RaftServerConfigKeys (ConfUtils.java:logGet(46)) - raft.server.retrycache.statistics.expirytime = 100ms (default)
2024-07-06 11:53:45,216 [eb66df86-6ffc-4e53-b873-cb2b44d5f35d-groupManagement] INFO  server.RaftServerConfigKeys (ConfUtils.java:logGet(46)) - raft.server.read.option = DEFAULT (default)
2024-07-06 11:53:45,216 [eb66df86-6ffc-4e53-b873-cb2b44d5f35d-groupManagement] INFO  server.RaftServerConfigKeys (ConfUtils.java:logGet(46)) - raft.server.read.read-after-write-consistent.write-index-cache.expiry-time = 60s (default)
2024-07-06 11:53:45,225 [eb66df86-6ffc-4e53-b873-cb2b44d5f35d-groupManagement] INFO  server.RaftServerConfigKeys (ConfUtils.java:logGet(46)) - raft.server.rpc.request.timeout = 30000ms (custom)
2024-07-06 11:53:45,225 [eb66df86-6ffc-4e53-b873-cb2b44d5f35d-groupManagement] INFO  server.RaftServerConfigKeys (ConfUtils.java:logGet(46)) - raft.server.log.appender.install.snapshot.enabled = false (custom)
2024-07-06 11:53:45,225 [eb66df86-6ffc-4e53-b873-cb2b44d5f35d-groupManagement] INFO  server.RaftServerConfigKeys (ConfUtils.java:logGet(46)) - raft.server.threadpool.server.cached = true (default)
2024-07-06 11:53:45,226 [eb66df86-6ffc-4e53-b873-cb2b44d5f35d-groupManagement] INFO  server.RaftServerConfigKeys (ConfUtils.java:logGet(46)) - raft.server.threadpool.server.size = 0 (default)
2024-07-06 11:53:45,226 [eb66df86-6ffc-4e53-b873-cb2b44d5f35d-groupManagement] INFO  server.RaftServerConfigKeys (ConfUtils.java:logGet(46)) - raft.server.threadpool.client.cached = true (default)
2024-07-06 11:53:45,226 [eb66df86-6ffc-4e53-b873-cb2b44d5f35d-groupManagement] INFO  server.RaftServerConfigKeys (ConfUtils.java:logGet(46)) - raft.server.threadpool.client.size = 0 (default)
2024-07-06 11:53:45,228 [main] INFO  ha.SCMSnapshotProvider (SCMSnapshotProvider.java:<init>(66)) - Initializing SCM Snapshot Provider
2024-07-06 11:53:45,228 [main] WARN  server.ServerUtils (ServerUtils.java:getDefaultRatisDirectory(311)) - Storage directory for Ratis is not configured. It is a good idea to map this to an SSD disk. Falling back to ozone.metadata.dirs
2024-07-06 11:53:45,229 [main] WARN  ha.SCMHAUtils (SCMHAUtils.java:getSCMRatisSnapshotDirectory(158)) - SCM snapshot dir is not configured. Falling back to ozone.metadata.dirs config
2024-07-06 11:53:45,252 [main] INFO  upgrade.AbstractLayoutVersionManager (AbstractLayoutVersionManager.java:init(83)) - Initializing Layout version manager with metadata layout = HADOOP_PRC_PORTS_IN_DATANODEDETAILS (version = 7), software layout = HADOOP_PRC_PORTS_IN_DATANODEDETAILS (version = 7)
2024-07-06 11:53:45,279 [main] INFO  ha.SequenceIdGenerator (SequenceIdGenerator.java:upgradeToSequenceId(369)) - upgrade localId to 113750153625600000
2024-07-06 11:53:45,280 [main] INFO  ha.SequenceIdGenerator (SequenceIdGenerator.java:upgradeToSequenceId(379)) - upgrade delTxnId to 0
2024-07-06 11:53:45,286 [main] INFO  ha.SequenceIdGenerator (SequenceIdGenerator.java:upgradeToSequenceId(396)) - upgrade containerId to 0
2024-07-06 11:53:45,289 [main] INFO  ha.SequenceIdGenerator (SequenceIdGenerator.java:upgradeToCertificateSequenceId(433)) - upgrade CertificateId to 2
2024-07-06 11:53:45,291 [main] INFO  ha.SequenceIdGenerator (SequenceIdGenerator.java:<init>(240)) - Init the HA SequenceIdGenerator.
2024-07-06 11:53:45,341 [main] WARN  server.ServerUtils (ServerUtils.java:sanitizeUserArgs(79)) - ozone.scm.stale.node.interval value = 300000 is larger than max = 100000 based on the key value of ozone.scm.heartbeat.thread.interval, reset to the max value 100000.
2024-07-06 11:53:45,341 [main] WARN  server.ServerUtils (ServerUtils.java:sanitizeUserArgs(79)) - ozone.scm.stale.node.interval value = 300000 is larger than max = 100000 based on the key value of ozone.scm.heartbeat.thread.interval, reset to the max value 100000.
2024-07-06 11:53:45,346 [main] INFO  node.SCMNodeManager (SCMNodeManager.java:<init>(177)) - Entering startup safe mode.
2024-07-06 11:53:45,359 [main] INFO  algorithms.ContainerPlacementPolicyFactory (ContainerPlacementPolicyFactory.java:getPolicyInternal(86)) - Create container placement policy of type org.apache.hadoop.hdds.scm.container.placement.algorithms.SCMContainerPlacementRackAware
2024-07-06 11:53:45,360 [main] INFO  algorithms.ContainerPlacementPolicyFactory (ContainerPlacementPolicyFactory.java:getPolicyInternal(86)) - Create container placement policy of type org.apache.hadoop.hdds.scm.container.placement.algorithms.SCMContainerPlacementRackScatter
2024-07-06 11:53:45,369 [main] INFO  pipeline.PipelineStateManagerImpl (PipelineStateManagerImpl.java:initialize(78)) - No pipeline exists in current db
2024-07-06 11:53:45,381 [main] INFO  algorithms.LeaderChoosePolicyFactory (LeaderChoosePolicyFactory.java:getPolicy(57)) - Create leader choose policy of type org.apache.hadoop.hdds.scm.pipeline.leader.choose.algorithms.MinLeaderCountChoosePolicy
2024-07-06 11:53:45,382 [main] INFO  algorithms.ContainerPlacementPolicyFactory (ContainerPlacementPolicyFactory.java:getPolicyInternal(86)) - Create container placement policy of type org.apache.hadoop.hdds.scm.container.placement.algorithms.SCMContainerPlacementRackScatter
2024-07-06 11:53:45,387 [main] INFO  ha.SCMServiceManager (SCMServiceManager.java:register(42)) - Registering service BackgroundPipelineCreator.
2024-07-06 11:53:45,387 [main] INFO  pipeline.BackgroundPipelineCreator (BackgroundPipelineCreator.java:start(127)) - Starting scmNode-1-RatisPipelineUtilsThread.
2024-07-06 11:53:45,390 [main] INFO  BackgroundPipelineScrubber (BackgroundSCMService.java:start(65)) - Starting BackgroundPipelineScrubber Service.
2024-07-06 11:53:45,390 [main] INFO  ha.SCMServiceManager (SCMServiceManager.java:register(42)) - Registering service BackgroundPipelineScrubber.
2024-07-06 11:53:45,396 [main] INFO  ExpiredContainerReplicaOpScrubber (BackgroundSCMService.java:start(65)) - Starting ExpiredContainerReplicaOpScrubber Service.
2024-07-06 11:53:45,396 [main] INFO  ha.SCMServiceManager (SCMServiceManager.java:register(42)) - Registering service ExpiredContainerReplicaOpScrubber.
2024-07-06 11:53:45,418 [main] INFO  algorithms.PipelineChoosePolicyFactory (PipelineChoosePolicyFactory.java:createPipelineChoosePolicyFromClass(80)) - Create pipeline choose policy of type org.apache.hadoop.hdds.scm.pipeline.choose.algorithms.RandomPipelineChoosePolicy
2024-07-06 11:53:45,418 [main] INFO  algorithms.PipelineChoosePolicyFactory (PipelineChoosePolicyFactory.java:createPipelineChoosePolicyFromClass(80)) - Create pipeline choose policy of type org.apache.hadoop.hdds.scm.pipeline.choose.algorithms.RandomPipelineChoosePolicy
2024-07-06 11:53:45,443 [main] INFO  ha.SCMServiceManager (SCMServiceManager.java:register(42)) - Registering service SCMBlockDeletingService.
2024-07-06 11:53:45,504 [main] INFO  replication.ReplicationManager (ReplicationManager.java:start(296)) - Starting Replication Monitor Thread.
2024-07-06 11:53:45,505 [main] INFO  ha.SCMServiceManager (SCMServiceManager.java:register(42)) - Registering service ReplicationManager.
2024-07-06 11:53:45,514 [main] INFO  safemode.ContainerSafeModeRule (ContainerSafeModeRule.java:<init>(91)) - containers with one replica threshold count 0
2024-07-06 11:53:45,518 [main] INFO  safemode.HealthyPipelineSafeModeRule (HealthyPipelineSafeModeRule.java:initializeRule(176)) - Total pipeline count is 0, healthy pipeline threshold count is 1
2024-07-06 11:53:45,520 [main] INFO  safemode.OneReplicaPipelineSafeModeRule (OneReplicaPipelineSafeModeRule.java:initializeRule(193)) - Total pipeline count is 0, pipeline's with at least one datanode reported threshold count is 0
2024-07-06 11:53:45,567 [main] INFO  security.SecretKeyManagerService (SecretKeyManagerService.java:start(144)) - Scheduling rotation checker with interval PT0.1S
2024-07-06 11:53:45,568 [main] INFO  ha.SCMServiceManager (SCMServiceManager.java:register(42)) - Registering service SecretKeyManagerService.
2024-07-06 11:53:45,571 [main] INFO  authority.DefaultCAServer (DefaultCAServer.java:lambda$processVerificationStatus$0(397)) - CertificateServer validation is successful
2024-07-06 11:53:45,571 [main] INFO  authority.DefaultCAServer (DefaultCAServer.java:lambda$processVerificationStatus$0(397)) - CertificateServer validation is successful
2024-07-06 11:53:45,572 [main] INFO  server.StorageContainerManager (StorageContainerManager.java:persistPrimarySCMCerts(957)) - Storing sub-ca certificate serialId 2 on primary SCM
2024-07-06 11:53:45,582 [main] INFO  server.SCMCertStore (SCMCertStore.java:storeValidScmCertificate(101)) - Scm certificate 2 for CN=scm-sub@localhost,OU=eb66df86-6ffc-4e53-b873-cb2b44d5f35d,O=23934d72-33be-4118-bcff-1eb1b476413a,SERIALNUMBER=2 is stored
2024-07-06 11:53:45,582 [main] INFO  server.StorageContainerManager (StorageContainerManager.java:persistPrimarySCMCerts(964)) - Storing root certificate serialId 1
2024-07-06 11:53:45,584 [main] INFO  server.SCMCertStore (SCMCertStore.java:storeValidScmCertificate(101)) - Scm certificate 1 for CN=scm@fv-az1041-405,OU=eb66df86-6ffc-4e53-b873-cb2b44d5f35d,O=23934d72-33be-4118-bcff-1eb1b476413a,SERIALNUMBER=1 is stored
2024-07-06 11:53:45,589 [main] INFO  ha.SequenceIdGenerator (SequenceIdGenerator.java:upgradeToCertificateSequenceId(433)) - upgrade CertificateId to 2
2024-07-06 11:53:45,606 [main] INFO  ipc.CallQueueManager (CallQueueManager.java:<init>(90)) - Using callQueue: class java.util.concurrent.LinkedBlockingQueue, queueCapacity: 200, scheduler: class org.apache.hadoop.ipc.DefaultRpcScheduler, ipcBackoff: false.
2024-07-06 11:53:45,633 [main] INFO  ipc.Server (Server.java:<init>(1287)) - Listener at 0.0.0.0:15002
2024-07-06 11:53:45,634 [Socket Reader #1 for port 15002] INFO  ipc.Server (Server.java:run(1323)) - Starting Socket Reader #1 for port 15002
2024-07-06 11:53:45,662 [main] INFO  server.StorageContainerManager (StorageContainerManager.java:<init>(440)) - SCM start with adminUsers: [runner, scm]
2024-07-06 11:53:45,685 [main] INFO  audit.AuditLogger (AuditLogger.java:refreshDebugCmdSet(135)) - Refresh DebugCmdSet for SCMAudit to [].
2024-07-06 11:53:45,690 [main] INFO  ipc.CallQueueManager (CallQueueManager.java:<init>(90)) - Using callQueue: class java.util.concurrent.LinkedBlockingQueue, queueCapacity: 10000, scheduler: class org.apache.hadoop.ipc.DefaultRpcScheduler, ipcBackoff: false.
2024-07-06 11:53:45,690 [main] INFO  ipc.Server (Server.java:<init>(1287)) - Listener at 0.0.0.0:15004
2024-07-06 11:53:45,693 [Socket Reader #1 for port 15004] INFO  ipc.Server (Server.java:run(1323)) - Starting Socket Reader #1 for port 15004
2024-07-06 11:53:45,713 [main] INFO  audit.AuditLogger (AuditLogger.java:refreshDebugCmdSet(135)) - Refresh DebugCmdSet for SCMAudit to [].
2024-07-06 11:53:45,716 [main] INFO  ipc.CallQueueManager (CallQueueManager.java:<init>(90)) - Using callQueue: class java.util.concurrent.LinkedBlockingQueue, queueCapacity: 10000, scheduler: class org.apache.hadoop.ipc.DefaultRpcScheduler, ipcBackoff: false.
2024-07-06 11:53:45,717 [main] INFO  ipc.Server (Server.java:<init>(1287)) - Listener at 0.0.0.0:15007
2024-07-06 11:53:45,717 [Socket Reader #1 for port 15007] INFO  ipc.Server (Server.java:run(1323)) - Starting Socket Reader #1 for port 15007
2024-07-06 11:53:45,743 [main] INFO  audit.AuditLogger (AuditLogger.java:refreshDebugCmdSet(135)) - Refresh DebugCmdSet for SCMAudit to [].
2024-07-06 11:53:45,750 [main] INFO  ipc.CallQueueManager (CallQueueManager.java:<init>(90)) - Using callQueue: class java.util.concurrent.LinkedBlockingQueue, queueCapacity: 10000, scheduler: class org.apache.hadoop.ipc.DefaultRpcScheduler, ipcBackoff: false.
2024-07-06 11:53:45,751 [main] INFO  ipc.Server (Server.java:<init>(1287)) - Listener at 0.0.0.0:15005
2024-07-06 11:53:45,751 [Socket Reader #1 for port 15005] INFO  ipc.Server (Server.java:run(1323)) - Starting Socket Reader #1 for port 15005
2024-07-06 11:53:45,793 [main] INFO  ha.SCMServiceManager (SCMServiceManager.java:register(42)) - Registering service ContainerBalancer.
2024-07-06 11:53:45,793 [main] INFO  ha.SCMContext (SCMContext.java:updateSafeModeStatus(225)) - Update SafeModeStatus from SafeModeStatus{safeModeStatus=true, preCheckPassed=false} to SafeModeStatus{safeModeStatus=true, preCheckPassed=false}.
2024-07-06 11:53:45,795 [main] INFO  server.StorageContainerManager (StorageContainerManager.java:start(1538)) - StorageContainerLocationProtocol RPC server is listening at /0.0.0.0:15005
2024-07-06 11:53:45,796 [main] INFO  ha.SCMRatisServerImpl (SCMRatisServerImpl.java:start(192)) - starting ratis server 0.0.0.0:15003
2024-07-06 11:53:45,796 [eb66df86-6ffc-4e53-b873-cb2b44d5f35d-impl-thread1] INFO  server.RaftServerConfigKeys (ConfUtils.java:logGet(46)) - raft.server.storage.free-space.min = 0MB (=0) (default)
2024-07-06 11:53:45,797 [eb66df86-6ffc-4e53-b873-cb2b44d5f35d-impl-thread1] INFO  server.RaftServerConfigKeys (ConfUtils.java:logGet(46)) - raft.server.log.corruption.policy = EXCEPTION (default)
2024-07-06 11:53:45,797 [eb66df86-6ffc-4e53-b873-cb2b44d5f35d-impl-thread1] INFO  server.RaftServerConfigKeys (ConfUtils.java:logGet(46)) - raft.server.storage.dir = [/home/runner/work/ozone/ozone/hadoop-ozone/integration-test/target/test-dir/MiniOzoneClusterImpl-23934d72-33be-4118-bcff-1eb1b476413a/scmNode-1/scm-ha] (custom)
2024-07-06 11:53:45,798 [eb66df86-6ffc-4e53-b873-cb2b44d5f35d-impl-thread1] INFO  storage.RaftStorageDirectory (RaftStorageDirectoryImpl.java:tryLock(229)) - Lock on /home/runner/work/ozone/ozone/hadoop-ozone/integration-test/target/test-dir/MiniOzoneClusterImpl-23934d72-33be-4118-bcff-1eb1b476413a/scmNode-1/scm-ha/23934d72-33be-4118-bcff-1eb1b476413a/in_use.lock acquired by nodename 98265@fv-az1041-405
2024-07-06 11:53:45,799 [eb66df86-6ffc-4e53-b873-cb2b44d5f35d-impl-thread1] INFO  storage.RaftStorage (RaftStorageImpl.java:analyzeAndRecoverStorage(118)) - Read RaftStorageMetadata{term=1, votedFor=eb66df86-6ffc-4e53-b873-cb2b44d5f35d} from /home/runner/work/ozone/ozone/hadoop-ozone/integration-test/target/test-dir/MiniOzoneClusterImpl-23934d72-33be-4118-bcff-1eb1b476413a/scmNode-1/scm-ha/23934d72-33be-4118-bcff-1eb1b476413a/current/raft-meta
2024-07-06 11:53:45,801 [eb66df86-6ffc-4e53-b873-cb2b44d5f35d-impl-thread1] INFO  server.RaftServer$Division (ServerState.java:setRaftConf(386)) - eb66df86-6ffc-4e53-b873-cb2b44d5f35d@group-1EB1B476413A: set configuration conf: {index: 0, cur=peers:[eb66df86-6ffc-4e53-b873-cb2b44d5f35d|localhost:15003]|listeners:[], old=null}
2024-07-06 11:53:45,801 [eb66df86-6ffc-4e53-b873-cb2b44d5f35d-impl-thread1] INFO  server.RaftServerConfigKeys (ConfUtils.java:logGet(46)) - raft.server.log.use.memory = false (default)
2024-07-06 11:53:45,802 [eb66df86-6ffc-4e53-b873-cb2b44d5f35d-impl-thread1] INFO  server.RaftServerConfigKeys (ConfUtils.java:logGet(46)) - raft.server.log.purge.gap = 1000000 (custom)
2024-07-06 11:53:45,802 [eb66df86-6ffc-4e53-b873-cb2b44d5f35d-impl-thread1] INFO  server.RaftServerConfigKeys (ConfUtils.java:logGet(46)) - raft.server.log.appender.buffer.byte-limit = 4194304 (custom)
2024-07-06 11:53:45,802 [eb66df86-6ffc-4e53-b873-cb2b44d5f35d-impl-thread1] INFO  server.RaftServerConfigKeys (ConfUtils.java:logGet(46)) - raft.server.log.statemachine.data.read.timeout = 1000ms (default)
2024-07-06 11:53:45,802 [eb66df86-6ffc-4e53-b873-cb2b44d5f35d-impl-thread1] INFO  server.RaftServerConfigKeys (ConfUtils.java:logGet(46)) - raft.server.log.purge.preservation.log.num = 0 (default)
2024-07-06 11:53:45,804 [eb66df86-6ffc-4e53-b873-cb2b44d5f35d-impl-thread1] INFO  server.RaftServerConfigKeys (ConfUtils.java:logGet(46)) - raft.server.log.segment.size.max = 4194304 (custom)
2024-07-06 11:53:45,805 [eb66df86-6ffc-4e53-b873-cb2b44d5f35d-impl-thread1] INFO  server.RaftServerConfigKeys (ConfUtils.java:logGet(46)) - raft.server.log.segment.cache.num.max = 2 (custom)
2024-07-06 11:53:45,805 [eb66df86-6ffc-4e53-b873-cb2b44d5f35d-impl-thread1] INFO  server.RaftServerConfigKeys (ConfUtils.java:logGet(46)) - raft.server.log.segment.cache.size.max = 200MB (=209715200) (default)
2024-07-06 11:53:45,805 [eb66df86-6ffc-4e53-b873-cb2b44d5f35d-impl-thread1] INFO  server.RaftServerConfigKeys (ConfUtils.java:logGet(46)) - raft.server.log.appender.buffer.byte-limit = 4194304 (custom)
2024-07-06 11:53:45,809 [eb66df86-6ffc-4e53-b873-cb2b44d5f35d-impl-thread1] INFO  util.AwaitToRun (AwaitToRun.java:start(81)) - Thread[eb66df86-6ffc-4e53-b873-cb2b44d5f35d@group-1EB1B476413A-cacheEviction-AwaitToRun,5,main] started
2024-07-06 11:53:45,809 [eb66df86-6ffc-4e53-b873-cb2b44d5f35d-impl-thread1] INFO  segmented.SegmentedRaftLogWorker (SegmentedRaftLogWorker.java:<init>(184)) - new eb66df86-6ffc-4e53-b873-cb2b44d5f35d@group-1EB1B476413A-SegmentedRaftLogWorker for RaftStorageImpl:Storage Directory /home/runner/work/ozone/ozone/hadoop-ozone/integration-test/target/test-dir/MiniOzoneClusterImpl-23934d72-33be-4118-bcff-1eb1b476413a/scmNode-1/scm-ha/23934d72-33be-4118-bcff-1eb1b476413a
2024-07-06 11:53:45,809 [eb66df86-6ffc-4e53-b873-cb2b44d5f35d-impl-thread1] INFO  server.RaftServerConfigKeys (ConfUtils.java:logGet(46)) - raft.server.log.queue.byte-limit = 64MB (=67108864) (default)
2024-07-06 11:53:45,809 [eb66df86-6ffc-4e53-b873-cb2b44d5f35d-impl-thread1] INFO  server.RaftServerConfigKeys (ConfUtils.java:logGet(46)) - raft.server.log.queue.element-limit = 4096 (default)
2024-07-06 11:53:45,809 [eb66df86-6ffc-4e53-b873-cb2b44d5f35d-impl-thread1] INFO  server.RaftServerConfigKeys (ConfUtils.java:logGet(46)) - raft.server.log.segment.size.max = 4194304 (custom)
2024-07-06 11:53:45,809 [eb66df86-6ffc-4e53-b873-cb2b44d5f35d-impl-thread1] INFO  server.RaftServerConfigKeys (ConfUtils.java:logGet(46)) - raft.server.log.preallocated.size = 4194304 (custom)
2024-07-06 11:53:45,809 [eb66df86-6ffc-4e53-b873-cb2b44d5f35d-impl-thread1] INFO  server.RaftServerConfigKeys (ConfUtils.java:logGet(46)) - raft.server.log.force.sync.num = 128 (default)
2024-07-06 11:53:45,810 [eb66df86-6ffc-4e53-b873-cb2b44d5f35d-impl-thread1] INFO  server.RaftServerConfigKeys (ConfUtils.java:logGet(46)) - raft.server.log.statemachine.data.sync = true (default)
2024-07-06 11:53:45,810 [eb66df86-6ffc-4e53-b873-cb2b44d5f35d-impl-thread1] INFO  server.RaftServerConfigKeys (ConfUtils.java:logGet(46)) - raft.server.log.statemachine.data.sync.timeout = 10s (default)
2024-07-06 11:53:45,810 [eb66df86-6ffc-4e53-b873-cb2b44d5f35d-impl-thread1] INFO  server.RaftServerConfigKeys (ConfUtils.java:logGet(46)) - raft.server.log.statemachine.data.sync.timeout.retry = -1 (default)
2024-07-06 11:53:45,810 [eb66df86-6ffc-4e53-b873-cb2b44d5f35d-impl-thread1] INFO  server.RaftServerConfigKeys (ConfUtils.java:logGet(46)) - raft.server.log.write.buffer.size = 4194312 (custom)
2024-07-06 11:53:45,812 [eb66df86-6ffc-4e53-b873-cb2b44d5f35d-impl-thread1] INFO  server.RaftServerConfigKeys (ConfUtils.java:logGet(46)) - raft.server.log.appender.buffer.byte-limit = 4194304 (custom)
2024-07-06 11:53:45,812 [eb66df86-6ffc-4e53-b873-cb2b44d5f35d-impl-thread1] INFO  server.RaftServerConfigKeys (ConfUtils.java:logGet(46)) - raft.server.log.unsafe-flush.enabled = false (default)
2024-07-06 11:53:45,812 [eb66df86-6ffc-4e53-b873-cb2b44d5f35d-impl-thread1] INFO  server.RaftServerConfigKeys (ConfUtils.java:logGet(46)) - raft.server.log.async-flush.enabled = false (default)
2024-07-06 11:53:45,812 [eb66df86-6ffc-4e53-b873-cb2b44d5f35d-impl-thread1] INFO  server.RaftServerConfigKeys (ConfUtils.java:logGet(46)) - raft.server.log.statemachine.data.caching.enabled = false (default)
2024-07-06 11:53:45,816 [eb66df86-6ffc-4e53-b873-cb2b44d5f35d-impl-thread1] INFO  server.RaftServer$Division (ServerState.java:setRaftConf(386)) - eb66df86-6ffc-4e53-b873-cb2b44d5f35d@group-1EB1B476413A: set configuration conf: {index: 0, cur=peers:[eb66df86-6ffc-4e53-b873-cb2b44d5f35d|localhost:15003]|listeners:[], old=null}
2024-07-06 11:53:45,817 [eb66df86-6ffc-4e53-b873-cb2b44d5f35d-impl-thread1] INFO  segmented.LogSegment (LogSegment.java:loadSegment(175)) - Successfully read 1 entries from segment file /home/runner/work/ozone/ozone/hadoop-ozone/integration-test/target/test-dir/MiniOzoneClusterImpl-23934d72-33be-4118-bcff-1eb1b476413a/scmNode-1/scm-ha/23934d72-33be-4118-bcff-1eb1b476413a/current/log_inprogress_0
2024-07-06 11:53:45,817 [eb66df86-6ffc-4e53-b873-cb2b44d5f35d-impl-thread1] INFO  segmented.SegmentedRaftLogWorker (SegmentedRaftLogWorker.java:lambda$new$0(135)) - eb66df86-6ffc-4e53-b873-cb2b44d5f35d@group-1EB1B476413A-SegmentedRaftLogWorker: safeCacheEvictIndex: setUnconditionally 0 -> -1
2024-07-06 11:53:45,817 [eb66df86-6ffc-4e53-b873-cb2b44d5f35d-impl-thread1] INFO  segmented.BufferedWriteChannel (BufferedWriteChannel.java:open(61)) - open log_inprogress_0 (append) at position 76
2024-07-06 11:53:45,819 [eb66df86-6ffc-4e53-b873-cb2b44d5f35d-impl-thread1] INFO  server.RaftServer$Division (RaftServerImpl.java:start(389)) - eb66df86-6ffc-4e53-b873-cb2b44d5f35d@group-1EB1B476413A: start as a follower, conf=conf: {index: 0, cur=peers:[eb66df86-6ffc-4e53-b873-cb2b44d5f35d|localhost:15003]|listeners:[], old=null}
2024-07-06 11:53:45,819 [eb66df86-6ffc-4e53-b873-cb2b44d5f35d-impl-thread1] INFO  server.RaftServer$Division (RaftServerImpl.java:setRole(376)) - eb66df86-6ffc-4e53-b873-cb2b44d5f35d@group-1EB1B476413A: changes role from      null to FOLLOWER at term 1 for startAsFollower
2024-07-06 11:53:45,820 [eb66df86-6ffc-4e53-b873-cb2b44d5f35d-impl-thread1] INFO  impl.RoleInfo (RoleInfo.java:updateAndGet(148)) - eb66df86-6ffc-4e53-b873-cb2b44d5f35d: start eb66df86-6ffc-4e53-b873-cb2b44d5f35d@group-1EB1B476413A-FollowerState
2024-07-06 11:53:45,821 [eb66df86-6ffc-4e53-b873-cb2b44d5f35d-impl-thread1] INFO  util.JmxRegister (JmxRegister.java:tryRegister(44)) - Successfully registered JMX Bean with object name Ratis:service=RaftServer,group=group-1EB1B476413A,id=eb66df86-6ffc-4e53-b873-cb2b44d5f35d
2024-07-06 11:53:45,821 [eb66df86-6ffc-4e53-b873-cb2b44d5f35d-impl-thread1] INFO  util.JmxRegister (JmxRegister.java:register(58)) - register mxBean class org.apache.ratis.server.impl.RaftServerJmxAdapter as Ratis:service=RaftServer,group=group-1EB1B476413A,id=eb66df86-6ffc-4e53-b873-cb2b44d5f35d
2024-07-06 11:53:45,821 [eb66df86-6ffc-4e53-b873-cb2b44d5f35d-impl-thread1] INFO  server.RaftServerConfigKeys (ConfUtils.java:logGet(46)) - raft.server.snapshot.trigger-when-stop.enabled = true (default)
2024-07-06 11:53:45,821 [eb66df86-6ffc-4e53-b873-cb2b44d5f35d-impl-thread1] INFO  server.RaftServerConfigKeys (ConfUtils.java:logGet(46)) - raft.server.snapshot.trigger-when-remove.enabled = true (default)
2024-07-06 11:53:45,821 [eb66df86-6ffc-4e53-b873-cb2b44d5f35d-impl-thread1] INFO  server.RaftServerConfigKeys (ConfUtils.java:logGet(46)) - raft.server.snapshot.auto.trigger.enabled = true (custom)
2024-07-06 11:53:45,821 [eb66df86-6ffc-4e53-b873-cb2b44d5f35d-impl-thread1] INFO  server.RaftServerConfigKeys (ConfUtils.java:logGet(46)) - raft.server.snapshot.auto.trigger.threshold = 1000 (custom)
2024-07-06 11:53:45,821 [eb66df86-6ffc-4e53-b873-cb2b44d5f35d-impl-thread1] INFO  server.RaftServerConfigKeys (ConfUtils.java:logGet(46)) - raft.server.snapshot.retention.file.num = -1 (default)
2024-07-06 11:53:45,821 [eb66df86-6ffc-4e53-b873-cb2b44d5f35d-impl-thread1] INFO  server.RaftServerConfigKeys (ConfUtils.java:logGet(46)) - raft.server.log.purge.upto.snapshot.index = false (default)
2024-07-06 11:53:45,822 [eb66df86-6ffc-4e53-b873-cb2b44d5f35d@group-1EB1B476413A-FollowerState] INFO  server.RaftServerConfigKeys (ConfUtils.java:logFallback(53)) - raft.server.rpc.first-election.timeout.min = 5000ms (fallback to raft.server.rpc.timeout.min)
2024-07-06 11:53:45,822 [eb66df86-6ffc-4e53-b873-cb2b44d5f35d@group-1EB1B476413A-FollowerState] INFO  server.RaftServerConfigKeys (ConfUtils.java:logFallback(53)) - raft.server.rpc.first-election.timeout.max = 5200ms (fallback to raft.server.rpc.timeout.max)
2024-07-06 11:53:45,824 [main] INFO  server.RaftServer (RaftServerProxy.java:startImpl(408)) - eb66df86-6ffc-4e53-b873-cb2b44d5f35d: start RPC server
2024-07-06 11:53:45,825 [main] INFO  server.GrpcService (GrpcService.java:startImpl(302)) - eb66df86-6ffc-4e53-b873-cb2b44d5f35d: GrpcService started, listening on 15003
2024-07-06 11:53:45,825 [JvmPauseMonitor1] INFO  util.JvmPauseMonitor (JvmPauseMonitor.java:run(146)) - JvmPauseMonitor-eb66df86-6ffc-4e53-b873-cb2b44d5f35d: Started
2024-07-06 11:53:45,831 [main] INFO  ha.SCMHAManagerImpl (SCMHAManagerImpl.java:start(144)) -  scm role is FOLLOWER peers [eb66df86-6ffc-4e53-b873-cb2b44d5f35d|localhost:15003]
2024-07-06 11:53:45,831 [main] INFO  ha.InterSCMGrpcService (InterSCMGrpcProtocolService.java:start(101)) - Starting SCM Grpc Service at port 15006
2024-07-06 11:53:45,833 [main] INFO  SCMHATransactionMonitor (BackgroundSCMService.java:start(65)) - Starting SCMHATransactionMonitor Service.
2024-07-06 11:53:45,837 [main] INFO  ha.SCMServiceManager (SCMServiceManager.java:register(42)) - Registering service SCMHATransactionMonitor.
2024-07-06 11:53:45,837 [main] INFO  SCMHATransactionMonitor (BackgroundSCMService.java:start(62)) - SCMHATransactionMonitor Service is already running, skip start.
2024-07-06 11:53:45,874 [main] WARN  impl.MetricsConfig (MetricsConfig.java:loadFirst(136)) - Cannot locate configuration: tried hadoop-metrics2-storagecontainermanager.properties,hadoop-metrics2.properties
2024-07-06 11:53:45,887 [main] INFO  impl.MetricsSystemImpl (MetricsSystemImpl.java:startTimer(378)) - Scheduled Metric snapshot period at 10 second(s).
2024-07-06 11:53:45,887 [main] INFO  impl.MetricsSystemImpl (MetricsSystemImpl.java:start(191)) - StorageContainerManager metrics system started
2024-07-06 11:53:45,947 [main] INFO  server.SCMClientProtocolServer (SCMClientProtocolServer.java:start(204)) - RPC server for Client  is listening at /0.0.0.0:15005
2024-07-06 11:53:45,948 [IPC Server Responder] INFO  ipc.Server (Server.java:run(1562)) - IPC Server Responder: starting
2024-07-06 11:53:45,948 [IPC Server listener on 15005] INFO  ipc.Server (Server.java:run(1402)) - IPC Server listener on 15005: starting
2024-07-06 11:53:45,964 [main] INFO  server.StorageContainerManager (StorageContainerManager.java:start(1551)) - ScmBlockLocationProtocol RPC server is listening at /0.0.0.0:15007
2024-07-06 11:53:45,965 [main] INFO  server.SCMBlockProtocolServer (SCMBlockProtocolServer.java:start(167)) - RPC server for Block Protocol is listening at /0.0.0.0:15007
2024-07-06 11:53:45,966 [IPC Server listener on 15007] INFO  ipc.Server (Server.java:run(1402)) - IPC Server listener on 15007: starting
2024-07-06 11:53:45,966 [IPC Server Responder] INFO  ipc.Server (Server.java:run(1562)) - IPC Server Responder: starting
2024-07-06 11:53:45,981 [main] INFO  server.SCMSecurityProtocolServer (SCMSecurityProtocolServer.java:start(504)) - Starting RPC server for SCMSecurityProtocolServer. is listening at /0.0.0.0:15002
2024-07-06 11:53:45,984 [IPC Server listener on 15002] INFO  ipc.Server (Server.java:run(1402)) - IPC Server listener on 15002: starting
2024-07-06 11:53:45,984 [IPC Server Responder] INFO  ipc.Server (Server.java:run(1562)) - IPC Server Responder: starting
2024-07-06 11:53:45,997 [main] INFO  http.BaseHttpServer (BaseHttpServer.java:newHttpServer2BuilderForOzone(223)) - Starting Web-server for scm at: http://0.0.0.0:15000
2024-07-06 11:53:45,998 [main] INFO  http.BaseHttpServer (BaseHttpServer.java:<init>(110)) - Hadoop Security Enabled: true Ozone Security Enabled: true Ozone HTTP Security Enabled: false 
2024-07-06 11:53:46,014 [main] INFO  util.log (Log.java:initialized(170)) - Logging initialized @11218ms to org.eclipse.jetty.util.log.Slf4jLog
2024-07-06 11:53:46,068 [main] WARN  server.AuthenticationFilter (AuthenticationFilter.java:constructSecretProvider(240)) - Unable to initialize FileSignerSecretProvider, falling back to use random secrets. Reason: Could not read signature secret file: /home/runner/hadoop-http-auth-signature-secret
2024-07-06 11:53:46,072 [main] INFO  http.HttpRequestLog (HttpRequestLog.java:getRequestLog(86)) - Http request log for http.requests.scm is not defined
2024-07-06 11:53:46,076 [main] INFO  http.HttpServer2 (HttpServer2.java:addGlobalFilter(1036)) - Added global filter 'safety' (class=org.apache.hadoop.hdds.server.http.HttpServer2$QuotingInputFilter)
2024-07-06 11:53:46,078 [main] INFO  http.HttpServer2 (HttpServer2.java:addFilter(1012)) - Added filter static_user_filter (class=org.apache.hadoop.http.lib.StaticUserWebFilter$StaticUserFilter) to context scm
2024-07-06 11:53:46,078 [main] INFO  http.HttpServer2 (HttpServer2.java:addFilter(1020)) - Added filter static_user_filter (class=org.apache.hadoop.http.lib.StaticUserWebFilter$StaticUserFilter) to context static
2024-07-06 11:53:46,078 [main] INFO  http.HttpServer2 (HttpServer2.java:addFilter(1020)) - Added filter static_user_filter (class=org.apache.hadoop.http.lib.StaticUserWebFilter$StaticUserFilter) to context logs
2024-07-06 11:53:46,100 [main] INFO  http.BaseHttpServer (BaseHttpServer.java:<init>(189)) - HTTP server of scm uses base directory /home/runner/work/ozone/ozone/hadoop-ozone/integration-test/target/test-dir/MiniOzoneClusterImpl-23934d72-33be-4118-bcff-1eb1b476413a/scmNode-1/webserver
2024-07-06 11:53:46,101 [main] INFO  http.HttpServer2 (HttpServer2.java:bindListener(1236)) - Jetty bound to port 15000
2024-07-06 11:53:46,102 [main] INFO  server.Server (Server.java:doStart(375)) - jetty-9.4.55.v20240627; built: 2024-06-27T15:05:37.765Z; git: 70015831e5195ba74da6383c4ab7c90c56bb08af; jvm 17.0.11+9
2024-07-06 11:53:46,120 [main] INFO  server.session (DefaultSessionIdManager.java:doStart(334)) - DefaultSessionIdManager workerName=node0
2024-07-06 11:53:46,120 [main] INFO  server.session (DefaultSessionIdManager.java:doStart(339)) - No SessionScavenger set, using defaults
2024-07-06 11:53:46,121 [main] INFO  server.session (HouseKeeper.java:startScavenging(132)) - node0 Scavenging every 660000ms
2024-07-06 11:53:46,128 [main] INFO  handler.ContextHandler (ContextHandler.java:doStart(921)) - Started o.e.j.s.ServletContextHandler@47166740{logs,/logs,file:///home/runner/work/ozone/ozone/hadoop-ozone/integration-test/target/log,AVAILABLE}
2024-07-06 11:53:46,128 [main] INFO  handler.ContextHandler (ContextHandler.java:doStart(921)) - Started o.e.j.s.ServletContextHandler@731a5a39{static,/static,file:///home/runner/work/ozone/ozone/hadoop-ozone/integration-test/target/test-classes/webapps/static,AVAILABLE}
2024-07-06 11:53:46,155 [main] INFO  handler.ContextHandler (ContextHandler.java:doStart(921)) - Started o.e.j.w.WebAppContext@808f65{scm,/,file:///home/runner/work/ozone/ozone/hadoop-ozone/integration-test/target/test-classes/webapps/scm/,AVAILABLE}{file:/home/runner/work/ozone/ozone/hadoop-ozone/integration-test/target/test-classes/webapps/scm}
2024-07-06 11:53:46,158 [main] INFO  server.AbstractConnector (AbstractConnector.java:doStart(333)) - Started ServerConnector@6945fdb8{HTTP/1.1, (http/1.1)}{0.0.0.0:15000}
2024-07-06 11:53:46,159 [main] INFO  server.Server (Server.java:doStart(415)) - Started @11364ms
2024-07-06 11:53:46,161 [main] INFO  impl.MetricsSinkAdapter (MetricsSinkAdapter.java:start(204)) - Sink prometheus started
2024-07-06 11:53:46,161 [main] INFO  impl.MetricsSystemImpl (MetricsSystemImpl.java:registerSink(305)) - Registered sink prometheus
2024-07-06 11:53:46,162 [main] INFO  http.BaseHttpServer (BaseHttpServer.java:updateConnectorAddress(354)) - HTTP server of scm listening at http://0.0.0.0:15000
2024-07-06 11:53:46,166 [main] INFO  db.CodecBuffer (CodecBuffer.java:set(63)) - Successfully set constructor to org.apache.hadoop.hdds.utils.db.CodecBuffer$$Lambda$1317/0x00007f066c754150@11f81488
2024-07-06 11:53:46,166 [main] INFO  ozone.MiniOzoneHAClusterImpl (MiniOzoneHAClusterImpl.java:createSCMService(590)) - Started SCM RPC server at /0.0.0.0:15005
2024-07-06 11:53:46,168 [main] WARN  server.ServerUtils (ServerUtils.java:getScmDbDir(143)) - ozone.scm.db.dirs is not configured. We recommend adding this setting. Falling back to ozone.metadata.dirs instead.
2024-07-06 11:53:46,168 [main] INFO  ha.SCMHANodeDetails (SCMHANodeDetails.java:loadSCMHAConfig(207)) - ServiceID for StorageContainerManager is TestSecretKey
2024-07-06 11:53:46,169 [main] INFO  ha.SCMHANodeDetails (SCMHANodeDetails.java:loadSCMHAConfig(218)) - ServiceID for StorageContainerManager is TestSecretKey
2024-07-06 11:53:46,172 [main] WARN  scm.ScmUtils (ScmUtils.java:logWarn(192)) - ConfigKey ozone.scm.block.client.address is deprecated, For configuring different ports for each SCM use PortConfigKey ozone.scm.block.client.port appended with serviceId and nodeId. If want to configure same port configure ozone.scm.block.client.port
2024-07-06 11:53:46,173 [main] WARN  scm.ScmUtils (ScmUtils.java:logWarn(192)) - ConfigKey ozone.scm.client.address is deprecated, For configuring different ports for each SCM use PortConfigKey ozone.scm.client.port appended with serviceId and nodeId. If want to configure same port configure ozone.scm.client.port
2024-07-06 11:53:46,173 [main] WARN  scm.ScmUtils (ScmUtils.java:logWarn(192)) - ConfigKey ozone.scm.datanode.address is deprecated, For configuring different ports for each SCM use PortConfigKey ozone.scm.datanode.port appended with serviceId and nodeId. If want to configure same port configure ozone.scm.datanode.port
2024-07-06 11:53:46,173 [main] WARN  scm.ScmUtils (ScmUtils.java:logWarn(192)) - ConfigKey ozone.scm.block.client.address is deprecated, For configuring different ports for each SCM use PortConfigKey ozone.scm.block.client.port appended with serviceId and nodeId. If want to configure same port configure ozone.scm.block.client.port
2024-07-06 11:53:46,174 [main] WARN  scm.ScmUtils (ScmUtils.java:logWarn(192)) - ConfigKey ozone.scm.client.address is deprecated, For configuring different ports for each SCM use PortConfigKey ozone.scm.client.port appended with serviceId and nodeId. If want to configure same port configure ozone.scm.client.port
2024-07-06 11:53:46,174 [main] WARN  scm.ScmUtils (ScmUtils.java:logWarn(192)) - ConfigKey ozone.scm.datanode.address is deprecated, For configuring different ports for each SCM use PortConfigKey ozone.scm.datanode.port appended with serviceId and nodeId. If want to configure same port configure ozone.scm.datanode.port
2024-07-06 11:53:46,175 [main] INFO  ha.SCMHANodeDetails (SCMHANodeDetails.java:loadSCMHAConfig(305)) - Found matching SCM address with SCMServiceId: TestSecretKey, SCMNodeId: scmNode-2, RPC Address: localhost:15011 and Ratis port: 15011
2024-07-06 11:53:46,177 [main] INFO  ha.SCMHANodeDetails (ConfUtils.java:setNodeSpecificConfigs(97)) - Setting configuration key ozone.scm.datanode.address with value of key ozone.scm.datanode.address.TestSecretKey.scmNode-2: 127.0.0.1:15012
2024-07-06 11:53:46,178 [main] INFO  ha.SCMHANodeDetails (ConfUtils.java:setNodeSpecificConfigs(97)) - Setting configuration key ozone.scm.block.client.address with value of key ozone.scm.block.client.address.TestSecretKey.scmNode-2: 127.0.0.1:15015
2024-07-06 11:53:46,179 [main] INFO  ha.SCMHANodeDetails (ConfUtils.java:setNodeSpecificConfigs(97)) - Setting configuration key ozone.scm.client.address with value of key ozone.scm.client.address.TestSecretKey.scmNode-2: 127.0.0.1:15013
2024-07-06 11:53:46,180 [main] INFO  ha.SCMHANodeDetails (ConfUtils.java:setNodeSpecificConfigs(97)) - Setting configuration key ozone.scm.security.service.address with value of key ozone.scm.security.service.address.TestSecretKey.scmNode-2: 127.0.0.1:15010
2024-07-06 11:53:46,182 [main] INFO  ha.SCMHANodeDetails (ConfUtils.java:setNodeSpecificConfigs(97)) - Setting configuration key ozone.scm.ratis.port with value of key ozone.scm.ratis.port.TestSecretKey.scmNode-2: 15011
2024-07-06 11:53:46,182 [main] INFO  ha.SCMHANodeDetails (ConfUtils.java:setNodeSpecificConfigs(97)) - Setting configuration key ozone.scm.grpc.port with value of key ozone.scm.grpc.port.TestSecretKey.scmNode-2: 15014
2024-07-06 11:53:46,182 [main] INFO  ha.SCMHANodeDetails (ConfUtils.java:setNodeSpecificConfigs(97)) - Setting configuration key ozone.scm.http-address with value of key ozone.scm.http-address.TestSecretKey.scmNode-2: 127.0.0.1:15008
2024-07-06 11:53:46,182 [main] INFO  ha.SCMHANodeDetails (ConfUtils.java:setNodeSpecificConfigs(97)) - Setting configuration key ozone.scm.https-address with value of key ozone.scm.https-address.TestSecretKey.scmNode-2: 127.0.0.1:15009
2024-07-06 11:53:46,183 [main] INFO  ha.SCMHANodeDetails (ConfUtils.java:setNodeSpecificConfigs(97)) - Setting configuration key ozone.scm.address with value of key ozone.scm.address.TestSecretKey.scmNode-2: 127.0.0.1
2024-07-06 11:53:46,183 [main] WARN  scm.ScmUtils (ScmUtils.java:logWarn(192)) - ConfigKey ozone.scm.block.client.address is deprecated, For configuring different ports for each SCM use PortConfigKey ozone.scm.block.client.port appended with serviceId and nodeId. If want to configure same port configure ozone.scm.block.client.port
2024-07-06 11:53:46,183 [main] WARN  scm.ScmUtils (ScmUtils.java:logWarn(192)) - ConfigKey ozone.scm.client.address is deprecated, For configuring different ports for each SCM use PortConfigKey ozone.scm.client.port appended with serviceId and nodeId. If want to configure same port configure ozone.scm.client.port
2024-07-06 11:53:46,184 [main] WARN  scm.ScmUtils (ScmUtils.java:logWarn(192)) - ConfigKey ozone.scm.datanode.address is deprecated, For configuring different ports for each SCM use PortConfigKey ozone.scm.datanode.port appended with serviceId and nodeId. If want to configure same port configure ozone.scm.datanode.port
2024-07-06 11:53:46,184 [main] INFO  ha.SCMNodeInfo (SCMNodeInfo.java:getPort(197)) - ConfigKey ozone.scm.client.address is deprecated, For configuring different ports for each SCM use PortConfigKey ozone.scm.client.port appended with serviceId and nodeId
2024-07-06 11:53:46,184 [main] INFO  ha.SCMNodeInfo (SCMNodeInfo.java:getPort(197)) - ConfigKey ozone.scm.block.client.address is deprecated, For configuring different ports for each SCM use PortConfigKey ozone.scm.block.client.port appended with serviceId and nodeId
2024-07-06 11:53:46,184 [main] INFO  ha.SCMNodeInfo (SCMNodeInfo.java:getPort(197)) - ConfigKey ozone.scm.security.service.address is deprecated, For configuring different ports for each SCM use PortConfigKey ozone.scm.security.service.port appended with serviceId and nodeId
2024-07-06 11:53:46,185 [main] INFO  ha.SCMNodeInfo (SCMNodeInfo.java:getPort(197)) - ConfigKey ozone.scm.datanode.address is deprecated, For configuring different ports for each SCM use PortConfigKey ozone.scm.datanode.port appended with serviceId and nodeId
2024-07-06 11:53:46,185 [main] INFO  ha.SCMNodeInfo (SCMNodeInfo.java:getPort(197)) - ConfigKey ozone.scm.client.address is deprecated, For configuring different ports for each SCM use PortConfigKey ozone.scm.client.port appended with serviceId and nodeId
2024-07-06 11:53:46,185 [main] INFO  ha.SCMNodeInfo (SCMNodeInfo.java:getPort(197)) - ConfigKey ozone.scm.block.client.address is deprecated, For configuring different ports for each SCM use PortConfigKey ozone.scm.block.client.port appended with serviceId and nodeId
2024-07-06 11:53:46,185 [main] INFO  ha.SCMNodeInfo (SCMNodeInfo.java:getPort(197)) - ConfigKey ozone.scm.security.service.address is deprecated, For configuring different ports for each SCM use PortConfigKey ozone.scm.security.service.port appended with serviceId and nodeId
2024-07-06 11:53:46,186 [main] INFO  ha.SCMNodeInfo (SCMNodeInfo.java:getPort(197)) - ConfigKey ozone.scm.datanode.address is deprecated, For configuring different ports for each SCM use PortConfigKey ozone.scm.datanode.port appended with serviceId and nodeId
2024-07-06 11:53:46,186 [main] INFO  ha.SCMNodeInfo (SCMNodeInfo.java:getPort(197)) - ConfigKey ozone.scm.client.address is deprecated, For configuring different ports for each SCM use PortConfigKey ozone.scm.client.port appended with serviceId and nodeId
2024-07-06 11:53:46,186 [main] INFO  ha.SCMNodeInfo (SCMNodeInfo.java:getPort(197)) - ConfigKey ozone.scm.block.client.address is deprecated, For configuring different ports for each SCM use PortConfigKey ozone.scm.block.client.port appended with serviceId and nodeId
2024-07-06 11:53:46,186 [main] INFO  ha.SCMNodeInfo (SCMNodeInfo.java:getPort(197)) - ConfigKey ozone.scm.security.service.address is deprecated, For configuring different ports for each SCM use PortConfigKey ozone.scm.security.service.port appended with serviceId and nodeId
2024-07-06 11:53:46,187 [main] INFO  ha.SCMNodeInfo (SCMNodeInfo.java:getPort(197)) - ConfigKey ozone.scm.datanode.address is deprecated, For configuring different ports for each SCM use PortConfigKey ozone.scm.datanode.port appended with serviceId and nodeId
2024-07-06 11:53:46,190 [pool-1-thread-1] INFO  request.KdcRequest (KdcRequest.java:preauth(651)) - The preauth data is empty.
2024-07-06 11:53:46,190 [pool-1-thread-1] INFO  server.KdcHandler (KdcHandler.java:handleRecoverableException(177)) - KRB error occurred while processing request:Additional pre-authentication required
2024-07-06 11:53:46,203 [pool-1-thread-1] INFO  request.AsRequest (AsRequest.java:issueTicket(112)) - AS_REQ ISSUE: authtime 1720266826202,scm/fv-az1041-405.cgqmq5qunpnelbz5tk1v55v5te.bx.internal.cloudapp.net@EXAMPLE.COM for krbtgt/EXAMPLE.COM@EXAMPLE.COM
2024-07-06 11:53:46,205 [main] INFO  security.UserGroupInformation (UserGroupInformation.java:loginUserFromKeytab(1132)) - Login successful for user scm/fv-az1041-405.cgqmq5qunpnelbz5tk1v55v5te.bx.internal.cloudapp.net@EXAMPLE.COM using keytab file scm.keytab. Keytab auto renewal enabled : false
2024-07-06 11:53:46,205 [main] INFO  server.StorageContainerManager (StorageContainerManager.java:loginAsSCMUserIfSecurityEnabled(1069)) - SCM login successful.
2024-07-06 11:53:46,231 [main] INFO  ha.SCMNodeInfo (SCMNodeInfo.java:getPort(197)) - ConfigKey ozone.scm.client.address is deprecated, For configuring different ports for each SCM use PortConfigKey ozone.scm.client.port appended with serviceId and nodeId
2024-07-06 11:53:46,231 [main] INFO  ha.SCMNodeInfo (SCMNodeInfo.java:getPort(197)) - ConfigKey ozone.scm.block.client.address is deprecated, For configuring different ports for each SCM use PortConfigKey ozone.scm.block.client.port appended with serviceId and nodeId
2024-07-06 11:53:46,231 [main] INFO  ha.SCMNodeInfo (SCMNodeInfo.java:getPort(197)) - ConfigKey ozone.scm.security.service.address is deprecated, For configuring different ports for each SCM use PortConfigKey ozone.scm.security.service.port appended with serviceId and nodeId
2024-07-06 11:53:46,232 [main] INFO  ha.SCMNodeInfo (SCMNodeInfo.java:getPort(197)) - ConfigKey ozone.scm.datanode.address is deprecated, For configuring different ports for each SCM use PortConfigKey ozone.scm.datanode.port appended with serviceId and nodeId
2024-07-06 11:53:46,232 [main] INFO  ha.SCMNodeInfo (SCMNodeInfo.java:getPort(197)) - ConfigKey ozone.scm.client.address is deprecated, For configuring different ports for each SCM use PortConfigKey ozone.scm.client.port appended with serviceId and nodeId
2024-07-06 11:53:46,232 [main] INFO  ha.SCMNodeInfo (SCMNodeInfo.java:getPort(197)) - ConfigKey ozone.scm.block.client.address is deprecated, For configuring different ports for each SCM use PortConfigKey ozone.scm.block.client.port appended with serviceId and nodeId
2024-07-06 11:53:46,232 [main] INFO  ha.SCMNodeInfo (SCMNodeInfo.java:getPort(197)) - ConfigKey ozone.scm.security.service.address is deprecated, For configuring different ports for each SCM use PortConfigKey ozone.scm.security.service.port appended with serviceId and nodeId
2024-07-06 11:53:46,232 [main] INFO  ha.SCMNodeInfo (SCMNodeInfo.java:getPort(197)) - ConfigKey ozone.scm.datanode.address is deprecated, For configuring different ports for each SCM use PortConfigKey ozone.scm.datanode.port appended with serviceId and nodeId
2024-07-06 11:53:46,233 [main] INFO  proxy.SCMBlockLocationFailoverProxyProvider (SCMBlockLocationFailoverProxyProvider.java:<init>(115)) - Created block location fail-over proxy with 2 nodes: [nodeId=scmNode-3,nodeAddress=/127.0.0.1:15023, nodeId=scmNode-1,nodeAddress=/127.0.0.1:15007]
2024-07-06 11:53:46,298 [pool-1-thread-2] INFO  request.TgsRequest (TgsRequest.java:issueTicket(115)) - TGS_REQ ISSUE: authtime 1720266826297,scm/fv-az1041-405.cgqmq5qunpnelbz5tk1v55v5te.bx.internal.cloudapp.net for scm/fv-az1041-405.cgqmq5qunpnelbz5tk1v55v5te.bx.internal.cloudapp.net@EXAMPLE.COM
2024-07-06 11:53:46,299 [pool-1-thread-1] INFO  request.TgsRequest (TgsRequest.java:issueTicket(115)) - TGS_REQ ISSUE: authtime 1720266826297,scm/fv-az1041-405.cgqmq5qunpnelbz5tk1v55v5te.bx.internal.cloudapp.net for scm/fv-az1041-405.cgqmq5qunpnelbz5tk1v55v5te.bx.internal.cloudapp.net@EXAMPLE.COM
2024-07-06 11:53:46,317 [Socket Reader #1 for port 15007] INFO  ipc.Server (Server.java:saslProcess(2139)) - Auth successful for scm/fv-az1041-405.cgqmq5qunpnelbz5tk1v55v5te.bx.internal.cloudapp.net@EXAMPLE.COM (auth:KERBEROS) from fv-az1041-405.cgqmq5qunpnelbz5tk1v55v5te.bx.internal.cloudapp.net:41341 / 10.1.0.11:41341
2024-07-06 11:53:46,318 [Socket Reader #1 for port 15002] INFO  ipc.Server (Server.java:saslProcess(2139)) - Auth successful for scm/fv-az1041-405.cgqmq5qunpnelbz5tk1v55v5te.bx.internal.cloudapp.net@EXAMPLE.COM (auth:KERBEROS) from fv-az1041-405.cgqmq5qunpnelbz5tk1v55v5te.bx.internal.cloudapp.net:33071 / 10.1.0.11:33071
2024-07-06 11:53:46,327 [Socket Reader #1 for port 15002] INFO  authorize.ServiceAuthorizationManager (ServiceAuthorizationManager.java:authorize(137)) - Authorization successful for scm/fv-az1041-405.cgqmq5qunpnelbz5tk1v55v5te.bx.internal.cloudapp.net@EXAMPLE.COM (auth:KERBEROS) for protocol=interface org.apache.hadoop.hdds.protocol.SCMSecurityProtocol
2024-07-06 11:53:46,331 [Socket Reader #1 for port 15007] INFO  authorize.ServiceAuthorizationManager (ServiceAuthorizationManager.java:authorize(137)) - Authorization successful for scm/fv-az1041-405.cgqmq5qunpnelbz5tk1v55v5te.bx.internal.cloudapp.net@EXAMPLE.COM (auth:KERBEROS) for protocol=interface org.apache.hadoop.hdds.scm.protocol.ScmBlockLocationProtocol
2024-07-06 11:53:46,378 [IPC Server handler 0 on default port 15002] INFO  ipc.Server (Server.java:logException(3109)) - IPC Server handler 0 on default port 15002, call Call#0 Retry#0 org.apache.hadoop.hdds.protocol.SCMSecurityProtocol.submitRequest from fv-az1041-405.cgqmq5qunpnelbz5tk1v55v5te.bx.internal.cloudapp.net:33071 / 10.1.0.11:33071
org.apache.hadoop.hdds.ratis.ServerNotLeaderException: Server:eb66df86-6ffc-4e53-b873-cb2b44d5f35d is not the leader. Could not determine the leader node.
	at org.apache.hadoop.hdds.ratis.ServerNotLeaderException.convertToNotLeaderException(ServerNotLeaderException.java:105)
	at org.apache.hadoop.hdds.scm.ha.RatisUtil.checkRatisException(RatisUtil.java:246)
	at org.apache.hadoop.hdds.scm.protocol.SCMSecurityProtocolServerSideTranslatorPB.submitRequest(SCMSecurityProtocolServerSideTranslatorPB.java:83)
	at org.apache.hadoop.hdds.protocol.proto.SCMSecurityProtocolProtos$SCMSecurityProtocolService$2.callBlockingMethod(SCMSecurityProtocolProtos.java:18942)
	at org.apache.hadoop.ipc.ProtobufRpcEngine$Server.processCall(ProtobufRpcEngine.java:484)
	at org.apache.hadoop.ipc.ProtobufRpcEngine2$Server$ProtoBufRpcInvoker.call(ProtobufRpcEngine2.java:595)
	at org.apache.hadoop.ipc.ProtobufRpcEngine2$Server$ProtoBufRpcInvoker.call(ProtobufRpcEngine2.java:573)
	at org.apache.hadoop.ipc.RPC$Server.call(RPC.java:1227)
	at org.apache.hadoop.ipc.Server$RpcCall.run(Server.java:1094)
	at org.apache.hadoop.ipc.Server$RpcCall.run(Server.java:1017)
	at java.base/java.security.AccessController.doPrivileged(AccessController.java:712)
	at java.base/javax.security.auth.Subject.doAs(Subject.java:439)
	at org.apache.hadoop.security.UserGroupInformation.doAs(UserGroupInformation.java:1899)
	at org.apache.hadoop.ipc.Server$Handler.run(Server.java:3048)
2024-07-06 11:53:50,392 [main] INFO  retry.RetryInvocationHandler (RetryInvocationHandler.java:log(422)) - com.google.protobuf.ServiceException: org.apache.hadoop.ipc.RemoteException(org.apache.hadoop.hdds.ratis.ServerNotLeaderException): Server:eb66df86-6ffc-4e53-b873-cb2b44d5f35d is not the leader. Could not determine the leader node.
	at org.apache.hadoop.hdds.ratis.ServerNotLeaderException.convertToNotLeaderException(ServerNotLeaderException.java:105)
	at org.apache.hadoop.hdds.scm.ha.RatisUtil.checkRatisException(RatisUtil.java:246)
	at org.apache.hadoop.hdds.scm.protocol.ScmBlockLocationProtocolServerSideTranslatorPB.send(ScmBlockLocationProtocolServerSideTranslatorPB.java:111)
	at org.apache.hadoop.hdds.protocol.proto.ScmBlockLocationProtocolProtos$ScmBlockLocationProtocolService$2.callBlockingMethod(ScmBlockLocationProtocolProtos.java:15776)
	at org.apache.hadoop.ipc.ProtobufRpcEngine$Server.processCall(ProtobufRpcEngine.java:484)
	at org.apache.hadoop.ipc.ProtobufRpcEngine2$Server$ProtoBufRpcInvoker.call(ProtobufRpcEngine2.java:595)
	at org.apache.hadoop.ipc.ProtobufRpcEngine2$Server$ProtoBufRpcInvoker.call(ProtobufRpcEngine2.java:573)
	at org.apache.hadoop.ipc.RPC$Server.call(RPC.java:1227)
	at org.apache.hadoop.ipc.Server$RpcCall.run(Server.java:1094)
	at org.apache.hadoop.ipc.Server$RpcCall.run(Server.java:1017)
	at java.base/java.security.AccessController.doPrivileged(AccessController.java:712)
	at java.base/javax.security.auth.Subject.doAs(Subject.java:439)
	at org.apache.hadoop.security.UserGroupInformation.doAs(UserGroupInformation.java:1899)
	at org.apache.hadoop.ipc.Server$Handler.run(Server.java:3048)
, while invoking $Proxy57.send over nodeId=scmNode-1,nodeAddress=/127.0.0.1:15007 after 2 failover attempts. Trying to failover after sleeping for 2000ms. Current retry count: 2.
2024-07-06 11:53:50,847 [eb66df86-6ffc-4e53-b873-cb2b44d5f35d@group-1EB1B476413A-FollowerState] INFO  impl.FollowerState (FollowerState.java:run(144)) - eb66df86-6ffc-4e53-b873-cb2b44d5f35d@group-1EB1B476413A-FollowerState: change to CANDIDATE, lastRpcElapsedTime:5027014855ns, electionTimeout:5024ms
2024-07-06 11:53:50,847 [eb66df86-6ffc-4e53-b873-cb2b44d5f35d@group-1EB1B476413A-FollowerState] INFO  impl.RoleInfo (RoleInfo.java:shutdownFollowerState(119)) - eb66df86-6ffc-4e53-b873-cb2b44d5f35d: shutdown eb66df86-6ffc-4e53-b873-cb2b44d5f35d@group-1EB1B476413A-FollowerState
2024-07-06 11:53:50,847 [eb66df86-6ffc-4e53-b873-cb2b44d5f35d@group-1EB1B476413A-FollowerState] INFO  server.RaftServer$Division (RaftServerImpl.java:setRole(376)) - eb66df86-6ffc-4e53-b873-cb2b44d5f35d@group-1EB1B476413A: changes role from  FOLLOWER to CANDIDATE at term 1 for changeToCandidate
2024-07-06 11:53:50,847 [eb66df86-6ffc-4e53-b873-cb2b44d5f35d@group-1EB1B476413A-FollowerState] INFO  server.RaftServerConfigKeys (ConfUtils.java:logGet(46)) - raft.server.leaderelection.pre-vote = true (default)
2024-07-06 11:53:50,847 [eb66df86-6ffc-4e53-b873-cb2b44d5f35d@group-1EB1B476413A-FollowerState] INFO  impl.RoleInfo (RoleInfo.java:updateAndGet(148)) - eb66df86-6ffc-4e53-b873-cb2b44d5f35d: start eb66df86-6ffc-4e53-b873-cb2b44d5f35d@group-1EB1B476413A-LeaderElection2
2024-07-06 11:53:50,848 [eb66df86-6ffc-4e53-b873-cb2b44d5f35d@group-1EB1B476413A-LeaderElection2] INFO  impl.LeaderElection (LeaderElection.java:askForVotes(321)) - eb66df86-6ffc-4e53-b873-cb2b44d5f35d@group-1EB1B476413A-LeaderElection2 PRE_VOTE round 0: submit vote requests at term 1 for conf: {index: 0, cur=peers:[eb66df86-6ffc-4e53-b873-cb2b44d5f35d|localhost:15003]|listeners:[], old=null}
2024-07-06 11:53:50,848 [eb66df86-6ffc-4e53-b873-cb2b44d5f35d@group-1EB1B476413A-LeaderElection2] INFO  impl.LeaderElection (LeaderElection.java:askForVotes(323)) - eb66df86-6ffc-4e53-b873-cb2b44d5f35d@group-1EB1B476413A-LeaderElection2 PRE_VOTE round 0: result PASSED (term=1)
2024-07-06 11:53:50,849 [eb66df86-6ffc-4e53-b873-cb2b44d5f35d@group-1EB1B476413A-LeaderElection2] INFO  impl.LeaderElection (LeaderElection.java:askForVotes(321)) - eb66df86-6ffc-4e53-b873-cb2b44d5f35d@group-1EB1B476413A-LeaderElection2 ELECTION round 0: submit vote requests at term 2 for conf: {index: 0, cur=peers:[eb66df86-6ffc-4e53-b873-cb2b44d5f35d|localhost:15003]|listeners:[], old=null}
2024-07-06 11:53:50,849 [eb66df86-6ffc-4e53-b873-cb2b44d5f35d@group-1EB1B476413A-LeaderElection2] INFO  impl.LeaderElection (LeaderElection.java:askForVotes(323)) - eb66df86-6ffc-4e53-b873-cb2b44d5f35d@group-1EB1B476413A-LeaderElection2 ELECTION round 0: result PASSED (term=2)
2024-07-06 11:53:50,849 [eb66df86-6ffc-4e53-b873-cb2b44d5f35d@group-1EB1B476413A-LeaderElection2] INFO  impl.RoleInfo (RoleInfo.java:shutdownLeaderElection(139)) - eb66df86-6ffc-4e53-b873-cb2b44d5f35d: shutdown eb66df86-6ffc-4e53-b873-cb2b44d5f35d@group-1EB1B476413A-LeaderElection2
2024-07-06 11:53:50,849 [eb66df86-6ffc-4e53-b873-cb2b44d5f35d@group-1EB1B476413A-LeaderElection2] INFO  server.RaftServer$Division (RaftServerImpl.java:setRole(376)) - eb66df86-6ffc-4e53-b873-cb2b44d5f35d@group-1EB1B476413A: changes role from CANDIDATE to LEADER at term 2 for changeToLeader
2024-07-06 11:53:50,850 [eb66df86-6ffc-4e53-b873-cb2b44d5f35d@group-1EB1B476413A-LeaderElection2] INFO  server.RaftServerConfigKeys (ConfUtils.java:logGet(46)) - raft.server.staging.catchup.gap = 1000 (default)
2024-07-06 11:53:50,850 [eb66df86-6ffc-4e53-b873-cb2b44d5f35d@group-1EB1B476413A-LeaderElection2] INFO  server.RaftServerConfigKeys (ConfUtils.java:logGet(46)) - raft.server.write.element-limit = 4096 (default)
2024-07-06 11:53:50,850 [eb66df86-6ffc-4e53-b873-cb2b44d5f35d@group-1EB1B476413A-LeaderElection2] INFO  server.RaftServerConfigKeys (ConfUtils.java:logGet(46)) - raft.server.write.byte-limit = 64MB (=67108864) (default)
2024-07-06 11:53:50,850 [eb66df86-6ffc-4e53-b873-cb2b44d5f35d@group-1EB1B476413A-LeaderElection2] INFO  server.RaftServerConfigKeys (ConfUtils.java:logGet(46)) - raft.server.watch.timeout = 10s (default)
2024-07-06 11:53:50,850 [eb66df86-6ffc-4e53-b873-cb2b44d5f35d@group-1EB1B476413A-LeaderElection2] INFO  server.RaftServerConfigKeys (ConfUtils.java:logGet(46)) - raft.server.watch.timeout.denomination = 1s (default)
2024-07-06 11:53:50,851 [eb66df86-6ffc-4e53-b873-cb2b44d5f35d@group-1EB1B476413A-LeaderElection2] INFO  server.RaftServerConfigKeys (ConfUtils.java:logGet(46)) - raft.server.watch.element-limit = 65536 (default)
2024-07-06 11:53:50,851 [eb66df86-6ffc-4e53-b873-cb2b44d5f35d@group-1EB1B476413A-LeaderElection2] INFO  server.RaftServerConfigKeys (ConfUtils.java:logGet(46)) - raft.server.read.leader.lease.enabled = false (default)
2024-07-06 11:53:50,851 [eb66df86-6ffc-4e53-b873-cb2b44d5f35d@group-1EB1B476413A-LeaderElection2] INFO  server.RaftServerConfigKeys (ConfUtils.java:logGet(46)) - raft.server.read.leader.lease.timeout.ratio = 0.9 (default)
2024-07-06 11:53:50,851 [eb66df86-6ffc-4e53-b873-cb2b44d5f35d@group-1EB1B476413A-LeaderElection2] INFO  server.RaftServerConfigKeys (ConfUtils.java:logGet(46)) - raft.server.rpc.timeout.min = 5000ms (custom)
2024-07-06 11:53:50,852 [eb66df86-6ffc-4e53-b873-cb2b44d5f35d@group-1EB1B476413A-LeaderElection2] INFO  server.RaftServerConfigKeys (ConfUtils.java:logGet(46)) - raft.server.log.log-metadata.enabled = true (default)
2024-07-06 11:53:50,852 [eb66df86-6ffc-4e53-b873-cb2b44d5f35d@group-1EB1B476413A-LeaderElection2] INFO  server.RaftServerConfigKeys (ConfUtils.java:logGet(46)) - raft.server.write.element-limit = 4096 (default)
2024-07-06 11:53:50,852 [eb66df86-6ffc-4e53-b873-cb2b44d5f35d@group-1EB1B476413A-LeaderElection2] INFO  server.RaftServerConfigKeys (ConfUtils.java:logGet(46)) - raft.server.write.follower.gap.ratio.max = -1.0 (default)
2024-07-06 11:53:50,852 [eb66df86-6ffc-4e53-b873-cb2b44d5f35d@group-1EB1B476413A-LeaderElection2] INFO  impl.RoleInfo (RoleInfo.java:updateAndGet(148)) - eb66df86-6ffc-4e53-b873-cb2b44d5f35d: start eb66df86-6ffc-4e53-b873-cb2b44d5f35d@group-1EB1B476413A-LeaderStateImpl
2024-07-06 11:53:50,852 [eb66df86-6ffc-4e53-b873-cb2b44d5f35d@group-1EB1B476413A-LeaderElection2] INFO  server.RaftServer$Division (RaftServerImpl.java:setFirstElection(549)) - eb66df86-6ffc-4e53-b873-cb2b44d5f35d@group-1EB1B476413A: set firstElectionSinceStartup to false for becomeLeader
2024-07-06 11:53:50,852 [eb66df86-6ffc-4e53-b873-cb2b44d5f35d@group-1EB1B476413A-LeaderElection2] INFO  ha.SCMStateMachine (SCMStateMachine.java:notifyLeaderChanged(292)) - current SCM becomes leader of term 2.
2024-07-06 11:53:50,852 [eb66df86-6ffc-4e53-b873-cb2b44d5f35d@group-1EB1B476413A-LeaderElection2] INFO  ha.SCMContext (SCMContext.java:updateLeaderAndTerm(96)) - update <isLeader,term> from <false,0> to <true,2>
2024-07-06 11:53:50,855 [eb66df86-6ffc-4e53-b873-cb2b44d5f35d@group-1EB1B476413A-LeaderElection2] INFO  server.RaftServer$Division (ServerState.java:setLeader(272)) - eb66df86-6ffc-4e53-b873-cb2b44d5f35d@group-1EB1B476413A: change Leader from null to eb66df86-6ffc-4e53-b873-cb2b44d5f35d at term 2 for becomeLeader, leader elected after 5637ms
2024-07-06 11:53:50,855 [eb66df86-6ffc-4e53-b873-cb2b44d5f35d@group-1EB1B476413A-LeaderElection2] INFO  segmented.SegmentedRaftLogWorker (SegmentedRaftLogWorker.java:rollLogSegment(438)) - eb66df86-6ffc-4e53-b873-cb2b44d5f35d@group-1EB1B476413A-SegmentedRaftLogWorker: Rolling segment log-0_0 to index:0
2024-07-06 11:53:50,856 [eb66df86-6ffc-4e53-b873-cb2b44d5f35d@group-1EB1B476413A-SegmentedRaftLogWorker] INFO  segmented.SegmentedRaftLogWorker (SegmentedRaftLogWorker.java:execute(594)) - eb66df86-6ffc-4e53-b873-cb2b44d5f35d@group-1EB1B476413A-SegmentedRaftLogWorker: Rolled log segment from /home/runner/work/ozone/ozone/hadoop-ozone/integration-test/target/test-dir/MiniOzoneClusterImpl-23934d72-33be-4118-bcff-1eb1b476413a/scmNode-1/scm-ha/23934d72-33be-4118-bcff-1eb1b476413a/current/log_inprogress_0 to /home/runner/work/ozone/ozone/hadoop-ozone/integration-test/target/test-dir/MiniOzoneClusterImpl-23934d72-33be-4118-bcff-1eb1b476413a/scmNode-1/scm-ha/23934d72-33be-4118-bcff-1eb1b476413a/current/log_0-0
2024-07-06 11:53:50,858 [eb66df86-6ffc-4e53-b873-cb2b44d5f35d@group-1EB1B476413A-SegmentedRaftLogWorker] INFO  segmented.BufferedWriteChannel (BufferedWriteChannel.java:open(61)) - open log_inprogress_1 at position 0
2024-07-06 11:53:50,863 [eb66df86-6ffc-4e53-b873-cb2b44d5f35d@group-1EB1B476413A-LeaderElection2] INFO  server.RaftServer$Division (ServerState.java:setRaftConf(386)) - eb66df86-6ffc-4e53-b873-cb2b44d5f35d@group-1EB1B476413A: set configuration conf: {index: 1, cur=peers:[eb66df86-6ffc-4e53-b873-cb2b44d5f35d|localhost:15003]|listeners:[], old=null}
2024-07-06 11:53:50,867 [eb66df86-6ffc-4e53-b873-cb2b44d5f35d@group-1EB1B476413A-SegmentedRaftLogWorker] INFO  segmented.SegmentedRaftLogWorker (SegmentedRaftLogWorker.java:execute(637)) - eb66df86-6ffc-4e53-b873-cb2b44d5f35d@group-1EB1B476413A-SegmentedRaftLogWorker: created new log segment /home/runner/work/ozone/ozone/hadoop-ozone/integration-test/target/test-dir/MiniOzoneClusterImpl-23934d72-33be-4118-bcff-1eb1b476413a/scmNode-1/scm-ha/23934d72-33be-4118-bcff-1eb1b476413a/current/log_inprogress_1
2024-07-06 11:53:50,873 [eb66df86-6ffc-4e53-b873-cb2b44d5f35d@group-1EB1B476413A-StateMachineUpdater] INFO  server.RaftServer$Division (LeaderStateImpl.java:checkStartIndex(316)) - Leader eb66df86-6ffc-4e53-b873-cb2b44d5f35d@group-1EB1B476413A-LeaderStateImpl is ready since appliedIndex == startIndex == 1
2024-07-06 11:53:50,873 [eb66df86-6ffc-4e53-b873-cb2b44d5f35d@group-1EB1B476413A-StateMachineUpdater] INFO  ha.SCMContext (SCMContext.java:setLeaderReady(123)) - update <isLeaderReady> from <false> to <true>
2024-07-06 11:53:50,874 [eb66df86-6ffc-4e53-b873-cb2b44d5f35d@group-1EB1B476413A-StateMachineUpdater] INFO  pipeline.BackgroundPipelineCreator (BackgroundPipelineCreator.java:notifyStatusChanged(258)) - Service BackgroundPipelineCreator transitions to RUNNING.
2024-07-06 11:53:50,874 [scmNode-1-SecretKeyManagerService] INFO  symmetric.SecretKeyManager (SecretKeyManager.java:checkAndInitialize(80)) - Initializing SecretKeys.
2024-07-06 11:53:50,875 [eb66df86-6ffc-4e53-b873-cb2b44d5f35d@group-1EB1B476413A-StateMachineUpdater] INFO  safemode.HealthyPipelineSafeModeRule (HealthyPipelineSafeModeRule.java:initializeRule(172)) - Refreshed total pipeline count is 0, healthy pipeline threshold count is 1
2024-07-06 11:53:50,875 [scmNode-1-SecretKeyManagerService] INFO  symmetric.SecretKeyManager (SecretKeyManager.java:checkAndInitialize(94)) - No valid key has been loaded. A new key is generated: SecretKey(id = 9db4f479-f5d6-4b85-9dd7-54f3a4b9350c, creation at: 2024-07-06T11:53:50.874873079Z, expire at: 2024-07-06T11:53:53.874873079Z)
2024-07-06 11:53:50,875 [eb66df86-6ffc-4e53-b873-cb2b44d5f35d@group-1EB1B476413A-StateMachineUpdater] INFO  safemode.ContainerSafeModeRule (ContainerSafeModeRule.java:reInitializeRule(191)) - Refreshed one replica container threshold 0, currentThreshold 0
2024-07-06 11:53:50,875 [eb66df86-6ffc-4e53-b873-cb2b44d5f35d@group-1EB1B476413A-StateMachineUpdater] INFO  safemode.OneReplicaPipelineSafeModeRule (OneReplicaPipelineSafeModeRule.java:initializeRule(189)) - Refreshed Total pipeline count is 0, pipeline's with at least one datanode reported threshold count is 0
2024-07-06 11:53:50,875 [eb66df86-6ffc-4e53-b873-cb2b44d5f35d@group-1EB1B476413A-StateMachineUpdater] INFO  server.SCMDatanodeProtocolServer (SCMDatanodeProtocolServer.java:start(194)) - ScmDatanodeProtocol RPC server for DataNodes is listening at /0.0.0.0:15004
2024-07-06 11:53:50,876 [IPC Server Responder] INFO  ipc.Server (Server.java:run(1562)) - IPC Server Responder: starting
2024-07-06 11:53:50,876 [IPC Server listener on 15004] INFO  ipc.Server (Server.java:run(1402)) - IPC Server listener on 15004: starting
2024-07-06 11:53:50,979 [eb66df86-6ffc-4e53-b873-cb2b44d5f35d@group-1EB1B476413A-StateMachineUpdater] INFO  symmetric.SecretKeyStateImpl (SecretKeyStateImpl.java:updateKeysInternal(113)) - Updating keys with [SecretKey(id = 9db4f479-f5d6-4b85-9dd7-54f3a4b9350c, creation at: 2024-07-06T11:53:50.874Z, expire at: 2024-07-06T11:53:53.874Z)]
2024-07-06 11:53:50,979 [eb66df86-6ffc-4e53-b873-cb2b44d5f35d@group-1EB1B476413A-StateMachineUpdater] INFO  symmetric.SecretKeyStateImpl (SecretKeyStateImpl.java:updateKeysInternal(128)) - Current key updated SecretKey(id = 9db4f479-f5d6-4b85-9dd7-54f3a4b9350c, creation at: 2024-07-06T11:53:50.874Z, expire at: 2024-07-06T11:53:53.874Z)
2024-07-06 11:53:50,995 [eb66df86-6ffc-4e53-b873-cb2b44d5f35d@group-1EB1B476413A-StateMachineUpdater] INFO  symmetric.LocalSecretKeyStore (LocalSecretKeyStore.java:save(109)) - Saved [SecretKey(id = 9db4f479-f5d6-4b85-9dd7-54f3a4b9350c, creation at: 2024-07-06T11:53:50.874Z, expire at: 2024-07-06T11:53:53.874Z)] to file /home/runner/work/ozone/ozone/hadoop-ozone/integration-test/target/test-dir/MiniOzoneClusterImpl-23934d72-33be-4118-bcff-1eb1b476413a/scmNode-1/scm/keys/secret_keys.json
2024-07-06 11:53:50,996 [eb66df86-6ffc-4e53-b873-cb2b44d5f35d@group-1EB1B476413A-StateMachineUpdater] INFO  safemode.HealthyPipelineSafeModeRule (HealthyPipelineSafeModeRule.java:initializeRule(172)) - Refreshed total pipeline count is 0, healthy pipeline threshold count is 1
2024-07-06 11:53:50,996 [eb66df86-6ffc-4e53-b873-cb2b44d5f35d@group-1EB1B476413A-StateMachineUpdater] INFO  safemode.SCMSafeModeManager (SCMSafeModeManager.java:validateSafeModeExitRules(203)) - ContainerSafeModeRule rule is successfully validated
2024-07-06 11:53:50,997 [eb66df86-6ffc-4e53-b873-cb2b44d5f35d@group-1EB1B476413A-StateMachineUpdater] INFO  safemode.SCMSafeModeManager (SCMSafeModeManager.java:validateSafeModeExitRules(203)) - AtleastOneDatanodeReportedRule rule is successfully validated
2024-07-06 11:53:51,968 [scmNode-1-SecretKeyManagerService] INFO  symmetric.SecretKeyManager (SecretKeyManager.java:checkAndRotate(125)) - SecretKey rotation is happening, new key generated SecretKey(id = 2ded6769-d632-4243-9a5d-79bd68028486, creation at: 2024-07-06T11:53:51.968001713Z, expire at: 2024-07-06T11:53:54.968001713Z)
2024-07-06 11:53:51,970 [eb66df86-6ffc-4e53-b873-cb2b44d5f35d@group-1EB1B476413A-StateMachineUpdater] INFO  symmetric.SecretKeyStateImpl (SecretKeyStateImpl.java:updateKeysInternal(113)) - Updating keys with [SecretKey(id = 9db4f479-f5d6-4b85-9dd7-54f3a4b9350c, creation at: 2024-07-06T11:53:50.874Z, expire at: 2024-07-06T11:53:53.874Z), SecretKey(id = 2ded6769-d632-4243-9a5d-79bd68028486, creation at: 2024-07-06T11:53:51.968Z, expire at: 2024-07-06T11:53:54.968Z)]
2024-07-06 11:53:51,970 [eb66df86-6ffc-4e53-b873-cb2b44d5f35d@group-1EB1B476413A-StateMachineUpdater] INFO  symmetric.SecretKeyStateImpl (SecretKeyStateImpl.java:updateKeysInternal(128)) - Current key updated SecretKey(id = 2ded6769-d632-4243-9a5d-79bd68028486, creation at: 2024-07-06T11:53:51.968Z, expire at: 2024-07-06T11:53:54.968Z)
2024-07-06 11:53:51,972 [eb66df86-6ffc-4e53-b873-cb2b44d5f35d@group-1EB1B476413A-StateMachineUpdater] INFO  symmetric.LocalSecretKeyStore (LocalSecretKeyStore.java:save(109)) - Saved [SecretKey(id = 2ded6769-d632-4243-9a5d-79bd68028486, creation at: 2024-07-06T11:53:51.968Z, expire at: 2024-07-06T11:53:54.968Z), SecretKey(id = 9db4f479-f5d6-4b85-9dd7-54f3a4b9350c, creation at: 2024-07-06T11:53:50.874Z, expire at: 2024-07-06T11:53:53.874Z)] to file /home/runner/work/ozone/ozone/hadoop-ozone/integration-test/target/test-dir/MiniOzoneClusterImpl-23934d72-33be-4118-bcff-1eb1b476413a/scmNode-1/scm/keys/secret_keys.json
2024-07-06 11:53:51,973 [eb66df86-6ffc-4e53-b873-cb2b44d5f35d@group-1EB1B476413A-StateMachineUpdater] INFO  safemode.HealthyPipelineSafeModeRule (HealthyPipelineSafeModeRule.java:initializeRule(172)) - Refreshed total pipeline count is 0, healthy pipeline threshold count is 1
2024-07-06 11:53:52,393 [main] INFO  retry.RetryInvocationHandler (RetryInvocationHandler.java:log(422)) - com.google.protobuf.ServiceException: java.net.ConnectException: Call From fv-az1041-405/10.1.0.11 to localhost:15023 failed on connection exception: java.net.ConnectException: Connection refused; For more details see:  http://wiki.apache.org/hadoop/ConnectionRefused, while invoking $Proxy57.send over nodeId=scmNode-3,nodeAddress=/127.0.0.1:15023 after 3 failover attempts. Trying to failover after sleeping for 2000ms. Current retry count: 3.
2024-07-06 11:53:52,414 [IPC Server handler 1 on default port 15002] INFO  client.SCMCertificateClient (DefaultCertificateClient.java:getAllRootCaCerts(973)) - scm/sub-ca has 0 Root CA certificates
2024-07-06 11:53:52,414 [IPC Server handler 1 on default port 15002] INFO  client.SCMCertificateClient (DefaultCertificateClient.java:getAllCaCerts(981)) - scm/sub-ca has 1 CA certificates
2024-07-06 11:53:52,415 [eb66df86-6ffc-4e53-b873-cb2b44d5f35d-scm/sub-ca-refreshCACertificates] INFO  client.SCMCertificateClient (DefaultCertificateClient.java:getAllRootCaCerts(973)) - scm/sub-ca has 0 Root CA certificates
2024-07-06 11:53:52,416 [eb66df86-6ffc-4e53-b873-cb2b44d5f35d-scm/sub-ca-refreshCACertificates] INFO  client.SCMCertificateClient (DefaultCertificateClient.java:getAllCaCerts(981)) - scm/sub-ca has 1 CA certificates
2024-07-06 11:53:52,417 [eb66df86-6ffc-4e53-b873-cb2b44d5f35d-scm/sub-ca-refreshCACertificates] INFO  client.SCMCertificateClient (SCMCertificateClient.java:run(255)) - CA certificates are not changed.
2024-07-06 11:53:53,068 [scmNode-1-SecretKeyManagerService] INFO  symmetric.SecretKeyManager (SecretKeyManager.java:checkAndRotate(125)) - SecretKey rotation is happening, new key generated SecretKey(id = 26abe3c7-c350-4fab-bd3c-613834309851, creation at: 2024-07-06T11:53:53.068006159Z, expire at: 2024-07-06T11:53:56.068006159Z)
2024-07-06 11:53:53,070 [eb66df86-6ffc-4e53-b873-cb2b44d5f35d@group-1EB1B476413A-StateMachineUpdater] INFO  symmetric.SecretKeyStateImpl (SecretKeyStateImpl.java:updateKeysInternal(113)) - Updating keys with [SecretKey(id = 2ded6769-d632-4243-9a5d-79bd68028486, creation at: 2024-07-06T11:53:51.968Z, expire at: 2024-07-06T11:53:54.968Z), SecretKey(id = 9db4f479-f5d6-4b85-9dd7-54f3a4b9350c, creation at: 2024-07-06T11:53:50.874Z, expire at: 2024-07-06T11:53:53.874Z), SecretKey(id = 26abe3c7-c350-4fab-bd3c-613834309851, creation at: 2024-07-06T11:53:53.068Z, expire at: 2024-07-06T11:53:56.068Z)]
2024-07-06 11:53:53,070 [eb66df86-6ffc-4e53-b873-cb2b44d5f35d@group-1EB1B476413A-StateMachineUpdater] INFO  symmetric.SecretKeyStateImpl (SecretKeyStateImpl.java:updateKeysInternal(128)) - Current key updated SecretKey(id = 26abe3c7-c350-4fab-bd3c-613834309851, creation at: 2024-07-06T11:53:53.068Z, expire at: 2024-07-06T11:53:56.068Z)
2024-07-06 11:53:53,071 [eb66df86-6ffc-4e53-b873-cb2b44d5f35d@group-1EB1B476413A-StateMachineUpdater] INFO  symmetric.LocalSecretKeyStore (LocalSecretKeyStore.java:save(109)) - Saved [SecretKey(id = 26abe3c7-c350-4fab-bd3c-613834309851, creation at: 2024-07-06T11:53:53.068Z, expire at: 2024-07-06T11:53:56.068Z), SecretKey(id = 2ded6769-d632-4243-9a5d-79bd68028486, creation at: 2024-07-06T11:53:51.968Z, expire at: 2024-07-06T11:53:54.968Z), SecretKey(id = 9db4f479-f5d6-4b85-9dd7-54f3a4b9350c, creation at: 2024-07-06T11:53:50.874Z, expire at: 2024-07-06T11:53:53.874Z)] to file /home/runner/work/ozone/ozone/hadoop-ozone/integration-test/target/test-dir/MiniOzoneClusterImpl-23934d72-33be-4118-bcff-1eb1b476413a/scmNode-1/scm/keys/secret_keys.json
2024-07-06 11:53:53,071 [eb66df86-6ffc-4e53-b873-cb2b44d5f35d@group-1EB1B476413A-StateMachineUpdater] INFO  safemode.HealthyPipelineSafeModeRule (HealthyPipelineSafeModeRule.java:initializeRule(172)) - Refreshed total pipeline count is 0, healthy pipeline threshold count is 1
2024-07-06 11:53:54,168 [scmNode-1-SecretKeyManagerService] INFO  symmetric.SecretKeyManager (SecretKeyManager.java:checkAndRotate(125)) - SecretKey rotation is happening, new key generated SecretKey(id = f2e265a0-4327-4147-9433-b5705af6b148, creation at: 2024-07-06T11:53:54.168004344Z, expire at: 2024-07-06T11:53:57.168004344Z)
2024-07-06 11:53:54,170 [eb66df86-6ffc-4e53-b873-cb2b44d5f35d@group-1EB1B476413A-StateMachineUpdater] INFO  symmetric.SecretKeyStateImpl (SecretKeyStateImpl.java:updateKeysInternal(113)) - Updating keys with [SecretKey(id = 26abe3c7-c350-4fab-bd3c-613834309851, creation at: 2024-07-06T11:53:53.068Z, expire at: 2024-07-06T11:53:56.068Z), SecretKey(id = 2ded6769-d632-4243-9a5d-79bd68028486, creation at: 2024-07-06T11:53:51.968Z, expire at: 2024-07-06T11:53:54.968Z), SecretKey(id = f2e265a0-4327-4147-9433-b5705af6b148, creation at: 2024-07-06T11:53:54.168Z, expire at: 2024-07-06T11:53:57.168Z)]
2024-07-06 11:53:54,170 [eb66df86-6ffc-4e53-b873-cb2b44d5f35d@group-1EB1B476413A-StateMachineUpdater] INFO  symmetric.SecretKeyStateImpl (SecretKeyStateImpl.java:updateKeysInternal(128)) - Current key updated SecretKey(id = f2e265a0-4327-4147-9433-b5705af6b148, creation at: 2024-07-06T11:53:54.168Z, expire at: 2024-07-06T11:53:57.168Z)
2024-07-06 11:53:54,170 [eb66df86-6ffc-4e53-b873-cb2b44d5f35d@group-1EB1B476413A-StateMachineUpdater] INFO  symmetric.LocalSecretKeyStore (LocalSecretKeyStore.java:save(109)) - Saved [SecretKey(id = f2e265a0-4327-4147-9433-b5705af6b148, creation at: 2024-07-06T11:53:54.168Z, expire at: 2024-07-06T11:53:57.168Z), SecretKey(id = 26abe3c7-c350-4fab-bd3c-613834309851, creation at: 2024-07-06T11:53:53.068Z, expire at: 2024-07-06T11:53:56.068Z), SecretKey(id = 2ded6769-d632-4243-9a5d-79bd68028486, creation at: 2024-07-06T11:53:51.968Z, expire at: 2024-07-06T11:53:54.968Z)] to file /home/runner/work/ozone/ozone/hadoop-ozone/integration-test/target/test-dir/MiniOzoneClusterImpl-23934d72-33be-4118-bcff-1eb1b476413a/scmNode-1/scm/keys/secret_keys.json
2024-07-06 11:53:54,171 [eb66df86-6ffc-4e53-b873-cb2b44d5f35d@group-1EB1B476413A-StateMachineUpdater] INFO  safemode.HealthyPipelineSafeModeRule (HealthyPipelineSafeModeRule.java:initializeRule(172)) - Refreshed total pipeline count is 0, healthy pipeline threshold count is 1
2024-07-06 11:53:54,417 [main] INFO  ha.HASecurityUtils (HASecurityUtils.java:initializeSecurity(81)) - Initializing secure StorageContainerManager.
2024-07-06 11:53:54,417 [main] INFO  ha.SCMNodeInfo (SCMNodeInfo.java:getPort(197)) - ConfigKey ozone.scm.client.address is deprecated, For configuring different ports for each SCM use PortConfigKey ozone.scm.client.port appended with serviceId and nodeId
2024-07-06 11:53:54,418 [main] INFO  ha.SCMNodeInfo (SCMNodeInfo.java:getPort(197)) - ConfigKey ozone.scm.block.client.address is deprecated, For configuring different ports for each SCM use PortConfigKey ozone.scm.block.client.port appended with serviceId and nodeId
2024-07-06 11:53:54,418 [main] INFO  ha.SCMNodeInfo (SCMNodeInfo.java:getPort(197)) - ConfigKey ozone.scm.security.service.address is deprecated, For configuring different ports for each SCM use PortConfigKey ozone.scm.security.service.port appended with serviceId and nodeId
2024-07-06 11:53:54,418 [main] INFO  ha.SCMNodeInfo (SCMNodeInfo.java:getPort(197)) - ConfigKey ozone.scm.datanode.address is deprecated, For configuring different ports for each SCM use PortConfigKey ozone.scm.datanode.port appended with serviceId and nodeId
2024-07-06 11:53:54,418 [main] INFO  ha.SCMNodeInfo (SCMNodeInfo.java:getPort(197)) - ConfigKey ozone.scm.client.address is deprecated, For configuring different ports for each SCM use PortConfigKey ozone.scm.client.port appended with serviceId and nodeId
2024-07-06 11:53:54,418 [main] INFO  ha.SCMNodeInfo (SCMNodeInfo.java:getPort(197)) - ConfigKey ozone.scm.block.client.address is deprecated, For configuring different ports for each SCM use PortConfigKey ozone.scm.block.client.port appended with serviceId and nodeId
2024-07-06 11:53:54,418 [main] INFO  ha.SCMNodeInfo (SCMNodeInfo.java:getPort(197)) - ConfigKey ozone.scm.security.service.address is deprecated, For configuring different ports for each SCM use PortConfigKey ozone.scm.security.service.port appended with serviceId and nodeId
2024-07-06 11:53:54,418 [main] INFO  ha.SCMNodeInfo (SCMNodeInfo.java:getPort(197)) - ConfigKey ozone.scm.datanode.address is deprecated, For configuring different ports for each SCM use PortConfigKey ozone.scm.datanode.port appended with serviceId and nodeId
2024-07-06 11:53:54,419 [main] INFO  client.SCMCertificateClient (DefaultCertificateClient.java:updateCertSerialId(1313)) - Certificate serial ID set to null
2024-07-06 11:53:54,419 [main] ERROR client.SCMCertificateClient (DefaultCertificateClient.java:getCertPath(376)) - Default certificate serial id is not set. Can't locate the default certificate for this client.
2024-07-06 11:53:54,419 [main] INFO  client.SCMCertificateClient (DefaultCertificateClient.java:init(720)) - Certificate client init case: 0
2024-07-06 11:53:54,419 [main] INFO  client.SCMCertificateClient (DefaultCertificateClient.java:handleCase(738)) - Creating keypair for client as keypair and certificate not found.
2024-07-06 11:53:54,692 [main] INFO  client.SCMCertificateClient (SCMCertificateClient.java:recoverStateIfNeeded(284)) - Init response: GETCERT
2024-07-06 11:53:54,693 [main] INFO  client.SCMCertificateClient (SCMCertificateClient.java:getCSRBuilder(144)) - Creating csr for SCM->hostName:localhost,scmId:41075d7a-0d70-4fa2-ba46-cbc672699b06,clusterId:23934d72-33be-4118-bcff-1eb1b476413a,subject:scm-sub@localhost
2024-07-06 11:53:54,693 [main] INFO  ozone.OzoneSecurityUtil (OzoneSecurityUtil.java:getValidInetsForCurrentHost(120)) - ip:fe80:0:0:0:6245:bdff:fed7:3321%eth0 not returned.
2024-07-06 11:53:54,693 [main] INFO  ozone.OzoneSecurityUtil (OzoneSecurityUtil.java:getValidInetsForCurrentHost(117)) - Adding ip:10.1.0.11,host:fv-az1041-405.cgqmq5qunpnelbz5tk1v55v5te.bx.internal.cloudapp.net
2024-07-06 11:53:54,693 [main] INFO  ozone.OzoneSecurityUtil (OzoneSecurityUtil.java:getValidInetsForCurrentHost(120)) - ip:0:0:0:0:0:0:0:1%lo not returned.
2024-07-06 11:53:54,694 [main] INFO  ozone.OzoneSecurityUtil (OzoneSecurityUtil.java:getValidInetsForCurrentHost(120)) - ip:127.0.0.1 not returned.
2024-07-06 11:53:54,711 [Socket Reader #1 for port 15002] INFO  ipc.Server (Server.java:saslProcess(2139)) - Auth successful for scm/fv-az1041-405.cgqmq5qunpnelbz5tk1v55v5te.bx.internal.cloudapp.net@EXAMPLE.COM (auth:KERBEROS) from fv-az1041-405.cgqmq5qunpnelbz5tk1v55v5te.bx.internal.cloudapp.net:33359 / 10.1.0.11:33359
2024-07-06 11:53:54,712 [Socket Reader #1 for port 15002] INFO  authorize.ServiceAuthorizationManager (ServiceAuthorizationManager.java:authorize(137)) - Authorization successful for scm/fv-az1041-405.cgqmq5qunpnelbz5tk1v55v5te.bx.internal.cloudapp.net@EXAMPLE.COM (auth:KERBEROS) for protocol=interface org.apache.hadoop.hdds.protocol.SCMSecurityProtocol
2024-07-06 11:53:54,713 [IPC Server handler 0 on default port 15002] INFO  server.SCMSecurityProtocolServer (SCMSecurityProtocolServer.java:getSCMCertificate(326)) - Processing CSR for scm localhost, nodeId: 41075d7a-0d70-4fa2-ba46-cbc672699b06
2024-07-06 11:53:54,718 [eb66df86-6ffc-4e53-b873-cb2b44d5f35d@group-1EB1B476413A-StateMachineUpdater] WARN  ha.SequenceIdGenerator (SequenceIdGenerator.java:allocateBatch(257)) - Failed to allocate a batch for CertificateId, expected lastId is 0, actual lastId is 2.
2024-07-06 11:53:54,722 [eb66df86-6ffc-4e53-b873-cb2b44d5f35d@group-1EB1B476413A-StateMachineUpdater] INFO  safemode.HealthyPipelineSafeModeRule (HealthyPipelineSafeModeRule.java:initializeRule(172)) - Refreshed total pipeline count is 0, healthy pipeline threshold count is 1
2024-07-06 11:53:54,725 [eb66df86-6ffc-4e53-b873-cb2b44d5f35d@group-1EB1B476413A-StateMachineUpdater] INFO  safemode.HealthyPipelineSafeModeRule (HealthyPipelineSafeModeRule.java:initializeRule(172)) - Refreshed total pipeline count is 0, healthy pipeline threshold count is 1
2024-07-06 11:53:54,726 [IPC Server handler 0 on default port 15002] INFO  ha.SequenceIdGenerator (SequenceIdGenerator.java:getNextId(144)) - Allocate a batch for CertificateId, change lastId from 2 to 3.
2024-07-06 11:53:54,731 [IPC Server handler 0 on default port 15002] INFO  authority.DefaultApprover (DefaultApprover.java:sign(174)) - Extensions in CSR: 2.5.29.19, 2.5.29.15, 2.5.29.17
2024-07-06 11:53:54,732 [IPC Server handler 0 on default port 15002] INFO  authority.DefaultApprover (DefaultApprover.java:sign(178)) - Extensions to add to the certificate if they present in CSR: 2.5.29.15, 2.5.29.17, 2.5.29.35, 2.5.29.37, 2.5.29.19, 1.3.6.1.5.5.7.1.12
2024-07-06 11:53:54,948 [eb66df86-6ffc-4e53-b873-cb2b44d5f35d@group-1EB1B476413A-StateMachineUpdater] INFO  server.SCMCertStore (SCMCertStore.java:storeValidScmCertificate(101)) - Scm certificate 3 for CN=scm-sub@localhost,OU=41075d7a-0d70-4fa2-ba46-cbc672699b06,O=23934d72-33be-4118-bcff-1eb1b476413a,SERIALNUMBER=3 is stored
2024-07-06 11:53:54,949 [eb66df86-6ffc-4e53-b873-cb2b44d5f35d@group-1EB1B476413A-StateMachineUpdater] INFO  safemode.HealthyPipelineSafeModeRule (HealthyPipelineSafeModeRule.java:initializeRule(172)) - Refreshed total pipeline count is 0, healthy pipeline threshold count is 1
2024-07-06 11:53:54,966 [main] INFO  utils.CertificateCodec (CertificateCodec.java:writeCertificate(253)) - Save certificate to /home/runner/work/ozone/ozone/hadoop-ozone/integration-test/target/test-dir/MiniOzoneClusterImpl-23934d72-33be-4118-bcff-1eb1b476413a/scmNode-2/scm/sub-ca/certs/CA-1.crt
2024-07-06 11:53:54,966 [main] INFO  utils.CertificateCodec (CertificateCodec.java:writeCertificate(254)) - Certificate -----BEGIN CERTIFICATE-----
MIIEADCCAuigAwIBAgIBATANBgkqhkiG9w0BAQsFADCBhjEaMBgGA1UEAwwRc2Nt
QGZ2LWF6MTA0MS00MDUxLTArBgNVBAsMJGViNjZkZjg2LTZmZmMtNGU1My1iODcz
LWNiMmI0NGQ1ZjM1ZDEtMCsGA1UECgwkMjM5MzRkNzItMzNiZS00MTE4LWJjZmYt
MWViMWI0NzY0MTNhMQowCAYDVQQFEwExMB4XDTI0MDcwNjExNTMzN1oXDTI5MDgx
NDExNTMzN1owgYYxGjAYBgNVBAMMEXNjbUBmdi1hejEwNDEtNDA1MS0wKwYDVQQL
DCRlYjY2ZGY4Ni02ZmZjLTRlNTMtYjg3My1jYjJiNDRkNWYzNWQxLTArBgNVBAoM
JDIzOTM0ZDcyLTMzYmUtNDExOC1iY2ZmLTFlYjFiNDc2NDEzYTEKMAgGA1UEBRMB
MTCCASIwDQYJKoZIhvcNAQEBBQADggEPADCCAQoCggEBAISmOYOluZt/lCgZxU9H
gvcsRqfRemrHFDZGFVDnpT5vtK374ntRLw6MYBdectIJAU2BZMRW1tU/pcvvodWO
cd/nlOosnhiBrABr0QIY3B4bFba/t5RfUn+iQQt5KmDmh8vFaFyuBrHzNF7amGrx
6hflYrKbY+aMZW2nHXs3Mk45uAeD2zSSem9/oImjiVvWqFxiSsGemn5RSP15Urz9
pO9VzeKwKhrTjP5jG6I10Nol4P9q6zGnYqj0pHgsFKaYnTd7X1eaH6pJo9Acdaqe
XPVM9f7ZFENikdcMP0RynUYBUzHfbillRgGBagITAjg/AtCnhlmAjTS/DXTH69dS
l1sCAwEAAaN3MHUwDwYDVR0TAQH/BAUwAwEB/zAOBgNVHQ8BAf8EBAMCAQYwUgYD
VR0RBEswSYcECgEAC4JBZnYtYXoxMDQxLTQwNS5jZ3FtcTVxdW5wbmVsYno1dGsx
djU1djV0ZS5ieC5pbnRlcm5hbC5jbG91ZGFwcC5uZXQwDQYJKoZIhvcNAQELBQAD
ggEBAGlIIHbij1bSYen9Ao1XYwzuFXzchqSUxADvCYG1Rt5iAYYTuzsnRSJxfb+w
Dv0ZSjfEDDCi3nugf7zGyV3fVMZP6Jmnb7fi05mFm37hE4DVR1bPOt+Fi4cim9F7
NjkAxiCcW68EMqxaYnMyk0gA16J6rQPjU54QemBDUpFvqq+oejkWWku45hIzwW/L
NX3qEOOAtaVwaGL0Etxcfo4dXRKwaQGN2Q8HeFOejNq1koQR7sSUX0psuShZNZ/j
sK9X9JrCD/F0377/CpgbbRfwVUoiqx4euBCrgEnYbcLJZs0x4iLW9B+oN3MfcuJP
cMcTfU+42boeZaemislAMeJ6P5c=
-----END CERTIFICATE-----

2024-07-06 11:53:54,967 [main] INFO  utils.CertificateCodec (CertificateCodec.java:writeCertificate(253)) - Save certificate to /home/runner/work/ozone/ozone/hadoop-ozone/integration-test/target/test-dir/MiniOzoneClusterImpl-23934d72-33be-4118-bcff-1eb1b476413a/scmNode-2/scm/sub-ca/certs/3.crt
2024-07-06 11:53:54,967 [main] INFO  utils.CertificateCodec (CertificateCodec.java:writeCertificate(254)) - Certificate -----BEGIN CERTIFICATE-----
MIIEADCCAuigAwIBAgIBAzANBgkqhkiG9w0BAQsFADCBhjEaMBgGA1UEAwwRc2Nt
QGZ2LWF6MTA0MS00MDUxLTArBgNVBAsMJGViNjZkZjg2LTZmZmMtNGU1My1iODcz
LWNiMmI0NGQ1ZjM1ZDEtMCsGA1UECgwkMjM5MzRkNzItMzNiZS00MTE4LWJjZmYt
MWViMWI0NzY0MTNhMQowCAYDVQQFEwExMB4XDTI0MDcwNjExNTM1NFoXDTI5MDgx
NDExNTM1NFowgYYxGjAYBgNVBAMMEXNjbS1zdWJAbG9jYWxob3N0MS0wKwYDVQQL
DCQ0MTA3NWQ3YS0wZDcwLTRmYTItYmE0Ni1jYmM2NzI2OTliMDYxLTArBgNVBAoM
JDIzOTM0ZDcyLTMzYmUtNDExOC1iY2ZmLTFlYjFiNDc2NDEzYTEKMAgGA1UEBRMB
MzCCASIwDQYJKoZIhvcNAQEBBQADggEPADCCAQoCggEBANFyu6U9lxAdWcbCYT+2
1CLHIgJC4tWsUi/6hKSwwa2BkaaLGKysNIvtS9NlkOiRsrRNvxpv1JRQ3rt5lnIN
kpY58TQTIIaJaUH8zhkhYKZBgw0qWYWO31fm1g1g2DFlZc8F2KwRq9w5n+jSPrQg
JA//hwNLtxAIaajE0LjtOVrcPK4IXN5gW9tVHQZ+tsybK01yub3ieTql5uiVvDJw
2HccFE4BkwSIl7J1/JZuLz4lf3VdlQaxkwkI9ipRJX1oJPhASe0JdSCyTax9xzlw
+j8d5+5fNdk8HQ8NLVPOvjYwKRo5Z/FAPmQLO4GrziPu+9BTJEhm6g4xWaAv4zwk
XHMCAwEAAaN3MHUwDgYDVR0PAQH/BAQDAgG+MFIGA1UdEQRLMEmHBAoBAAuCQWZ2
LWF6MTA0MS00MDUuY2dxbXE1cXVucG5lbGJ6NXRrMXY1NXY1dGUuYnguaW50ZXJu
YWwuY2xvdWRhcHAubmV0MA8GA1UdEwEB/wQFMAMBAf8wDQYJKoZIhvcNAQELBQAD
ggEBAHYNWMS8ydTKR6kGvhUxUjLjc3enr1QI9pKqO1RLQvgF4v83H+0NmQtL6/Ky
CV1q3sXDUSrgO/ql1yJYw/Ng/E71RYNzU82TXSQcruzHZuTPM5pver6pxA8yyML+
kCzPqSprmGGItmVHGaF2p5y/8auxIjym6RtAOQiaOYbFbI8VWlArSjqPufc6/OYF
9++Z5Lb8gQhDcQPizixAw58Z+g3AM6moNgxX9dhzH6W/aL0nd//ECya0O/NtaUl1
pheQhZ+Qt8g0lMOBHPTkAo4pkjzBb1wfJJunThGGoH0sP+79lU9nnjTa73PRwzpB
WMHe7XE/3zYi3qbv1ZuYSaW7m3A=
-----END CERTIFICATE-----

-----BEGIN CERTIFICATE-----
MIIEADCCAuigAwIBAgIBATANBgkqhkiG9w0BAQsFADCBhjEaMBgGA1UEAwwRc2Nt
QGZ2LWF6MTA0MS00MDUxLTArBgNVBAsMJGViNjZkZjg2LTZmZmMtNGU1My1iODcz
LWNiMmI0NGQ1ZjM1ZDEtMCsGA1UECgwkMjM5MzRkNzItMzNiZS00MTE4LWJjZmYt
MWViMWI0NzY0MTNhMQowCAYDVQQFEwExMB4XDTI0MDcwNjExNTMzN1oXDTI5MDgx
NDExNTMzN1owgYYxGjAYBgNVBAMMEXNjbUBmdi1hejEwNDEtNDA1MS0wKwYDVQQL
DCRlYjY2ZGY4Ni02ZmZjLTRlNTMtYjg3My1jYjJiNDRkNWYzNWQxLTArBgNVBAoM
JDIzOTM0ZDcyLTMzYmUtNDExOC1iY2ZmLTFlYjFiNDc2NDEzYTEKMAgGA1UEBRMB
MTCCASIwDQYJKoZIhvcNAQEBBQADggEPADCCAQoCggEBAISmOYOluZt/lCgZxU9H
gvcsRqfRemrHFDZGFVDnpT5vtK374ntRLw6MYBdectIJAU2BZMRW1tU/pcvvodWO
cd/nlOosnhiBrABr0QIY3B4bFba/t5RfUn+iQQt5KmDmh8vFaFyuBrHzNF7amGrx
6hflYrKbY+aMZW2nHXs3Mk45uAeD2zSSem9/oImjiVvWqFxiSsGemn5RSP15Urz9
pO9VzeKwKhrTjP5jG6I10Nol4P9q6zGnYqj0pHgsFKaYnTd7X1eaH6pJo9Acdaqe
XPVM9f7ZFENikdcMP0RynUYBUzHfbillRgGBagITAjg/AtCnhlmAjTS/DXTH69dS
l1sCAwEAAaN3MHUwDwYDVR0TAQH/BAUwAwEB/zAOBgNVHQ8BAf8EBAMCAQYwUgYD
VR0RBEswSYcECgEAC4JBZnYtYXoxMDQxLTQwNS5jZ3FtcTVxdW5wbmVsYno1dGsx
djU1djV0ZS5ieC5pbnRlcm5hbC5jbG91ZGFwcC5uZXQwDQYJKoZIhvcNAQELBQAD
ggEBAGlIIHbij1bSYen9Ao1XYwzuFXzchqSUxADvCYG1Rt5iAYYTuzsnRSJxfb+w
Dv0ZSjfEDDCi3nugf7zGyV3fVMZP6Jmnb7fi05mFm37hE4DVR1bPOt+Fi4cim9F7
NjkAxiCcW68EMqxaYnMyk0gA16J6rQPjU54QemBDUpFvqq+oejkWWku45hIzwW/L
NX3qEOOAtaVwaGL0Etxcfo4dXRKwaQGN2Q8HeFOejNq1koQR7sSUX0psuShZNZ/j
sK9X9JrCD/F0377/CpgbbRfwVUoiqx4euBCrgEnYbcLJZs0x4iLW9B+oN3MfcuJP
cMcTfU+42boeZaemislAMeJ6P5c=
-----END CERTIFICATE-----

2024-07-06 11:53:54,968 [main] INFO  utils.CertificateCodec (CertificateCodec.java:writeCertificate(253)) - Save certificate to /home/runner/work/ozone/ozone/hadoop-ozone/integration-test/target/test-dir/MiniOzoneClusterImpl-23934d72-33be-4118-bcff-1eb1b476413a/scmNode-2/scm/sub-ca/certs/certificate.crt
2024-07-06 11:53:54,968 [main] INFO  utils.CertificateCodec (CertificateCodec.java:writeCertificate(254)) - Certificate -----BEGIN CERTIFICATE-----
MIIEADCCAuigAwIBAgIBAzANBgkqhkiG9w0BAQsFADCBhjEaMBgGA1UEAwwRc2Nt
QGZ2LWF6MTA0MS00MDUxLTArBgNVBAsMJGViNjZkZjg2LTZmZmMtNGU1My1iODcz
LWNiMmI0NGQ1ZjM1ZDEtMCsGA1UECgwkMjM5MzRkNzItMzNiZS00MTE4LWJjZmYt
MWViMWI0NzY0MTNhMQowCAYDVQQFEwExMB4XDTI0MDcwNjExNTM1NFoXDTI5MDgx
NDExNTM1NFowgYYxGjAYBgNVBAMMEXNjbS1zdWJAbG9jYWxob3N0MS0wKwYDVQQL
DCQ0MTA3NWQ3YS0wZDcwLTRmYTItYmE0Ni1jYmM2NzI2OTliMDYxLTArBgNVBAoM
JDIzOTM0ZDcyLTMzYmUtNDExOC1iY2ZmLTFlYjFiNDc2NDEzYTEKMAgGA1UEBRMB
MzCCASIwDQYJKoZIhvcNAQEBBQADggEPADCCAQoCggEBANFyu6U9lxAdWcbCYT+2
1CLHIgJC4tWsUi/6hKSwwa2BkaaLGKysNIvtS9NlkOiRsrRNvxpv1JRQ3rt5lnIN
kpY58TQTIIaJaUH8zhkhYKZBgw0qWYWO31fm1g1g2DFlZc8F2KwRq9w5n+jSPrQg
JA//hwNLtxAIaajE0LjtOVrcPK4IXN5gW9tVHQZ+tsybK01yub3ieTql5uiVvDJw
2HccFE4BkwSIl7J1/JZuLz4lf3VdlQaxkwkI9ipRJX1oJPhASe0JdSCyTax9xzlw
+j8d5+5fNdk8HQ8NLVPOvjYwKRo5Z/FAPmQLO4GrziPu+9BTJEhm6g4xWaAv4zwk
XHMCAwEAAaN3MHUwDgYDVR0PAQH/BAQDAgG+MFIGA1UdEQRLMEmHBAoBAAuCQWZ2
LWF6MTA0MS00MDUuY2dxbXE1cXVucG5lbGJ6NXRrMXY1NXY1dGUuYnguaW50ZXJu
YWwuY2xvdWRhcHAubmV0MA8GA1UdEwEB/wQFMAMBAf8wDQYJKoZIhvcNAQELBQAD
ggEBAHYNWMS8ydTKR6kGvhUxUjLjc3enr1QI9pKqO1RLQvgF4v83H+0NmQtL6/Ky
CV1q3sXDUSrgO/ql1yJYw/Ng/E71RYNzU82TXSQcruzHZuTPM5pver6pxA8yyML+
kCzPqSprmGGItmVHGaF2p5y/8auxIjym6RtAOQiaOYbFbI8VWlArSjqPufc6/OYF
9++Z5Lb8gQhDcQPizixAw58Z+g3AM6moNgxX9dhzH6W/aL0nd//ECya0O/NtaUl1
pheQhZ+Qt8g0lMOBHPTkAo4pkjzBb1wfJJunThGGoH0sP+79lU9nnjTa73PRwzpB
WMHe7XE/3zYi3qbv1ZuYSaW7m3A=
-----END CERTIFICATE-----

-----BEGIN CERTIFICATE-----
MIIEADCCAuigAwIBAgIBATANBgkqhkiG9w0BAQsFADCBhjEaMBgGA1UEAwwRc2Nt
QGZ2LWF6MTA0MS00MDUxLTArBgNVBAsMJGViNjZkZjg2LTZmZmMtNGU1My1iODcz
LWNiMmI0NGQ1ZjM1ZDEtMCsGA1UECgwkMjM5MzRkNzItMzNiZS00MTE4LWJjZmYt
MWViMWI0NzY0MTNhMQowCAYDVQQFEwExMB4XDTI0MDcwNjExNTMzN1oXDTI5MDgx
NDExNTMzN1owgYYxGjAYBgNVBAMMEXNjbUBmdi1hejEwNDEtNDA1MS0wKwYDVQQL
DCRlYjY2ZGY4Ni02ZmZjLTRlNTMtYjg3My1jYjJiNDRkNWYzNWQxLTArBgNVBAoM
JDIzOTM0ZDcyLTMzYmUtNDExOC1iY2ZmLTFlYjFiNDc2NDEzYTEKMAgGA1UEBRMB
MTCCASIwDQYJKoZIhvcNAQEBBQADggEPADCCAQoCggEBAISmOYOluZt/lCgZxU9H
gvcsRqfRemrHFDZGFVDnpT5vtK374ntRLw6MYBdectIJAU2BZMRW1tU/pcvvodWO
cd/nlOosnhiBrABr0QIY3B4bFba/t5RfUn+iQQt5KmDmh8vFaFyuBrHzNF7amGrx
6hflYrKbY+aMZW2nHXs3Mk45uAeD2zSSem9/oImjiVvWqFxiSsGemn5RSP15Urz9
pO9VzeKwKhrTjP5jG6I10Nol4P9q6zGnYqj0pHgsFKaYnTd7X1eaH6pJo9Acdaqe
XPVM9f7ZFENikdcMP0RynUYBUzHfbillRgGBagITAjg/AtCnhlmAjTS/DXTH69dS
l1sCAwEAAaN3MHUwDwYDVR0TAQH/BAUwAwEB/zAOBgNVHQ8BAf8EBAMCAQYwUgYD
VR0RBEswSYcECgEAC4JBZnYtYXoxMDQxLTQwNS5jZ3FtcTVxdW5wbmVsYno1dGsx
djU1djV0ZS5ieC5pbnRlcm5hbC5jbG91ZGFwcC5uZXQwDQYJKoZIhvcNAQELBQAD
ggEBAGlIIHbij1bSYen9Ao1XYwzuFXzchqSUxADvCYG1Rt5iAYYTuzsnRSJxfb+w
Dv0ZSjfEDDCi3nugf7zGyV3fVMZP6Jmnb7fi05mFm37hE4DVR1bPOt+Fi4cim9F7
NjkAxiCcW68EMqxaYnMyk0gA16J6rQPjU54QemBDUpFvqq+oejkWWku45hIzwW/L
NX3qEOOAtaVwaGL0Etxcfo4dXRKwaQGN2Q8HeFOejNq1koQR7sSUX0psuShZNZ/j
sK9X9JrCD/F0377/CpgbbRfwVUoiqx4euBCrgEnYbcLJZs0x4iLW9B+oN3MfcuJP
cMcTfU+42boeZaemislAMeJ6P5c=
-----END CERTIFICATE-----

2024-07-06 11:53:54,968 [main] INFO  client.SCMCertificateClient (SCMCertificateClient.java:recoverStateIfNeeded(295)) - Successfully stored SCM signed certificate.
2024-07-06 11:53:54,970 [main] INFO  server.StorageContainerManager (StorageContainerManager.java:scmBootstrap(1207)) - SCM BootStrap  is successful for ClusterID 23934d72-33be-4118-bcff-1eb1b476413a, SCMID 41075d7a-0d70-4fa2-ba46-cbc672699b06
2024-07-06 11:53:54,970 [main] INFO  server.StorageContainerManager (StorageContainerManager.java:scmBootstrap(1209)) - Primary SCM Node ID eb66df86-6ffc-4e53-b873-cb2b44d5f35d
2024-07-06 11:53:54,970 [main] WARN  server.ServerUtils (ServerUtils.java:getScmDbDir(143)) - ozone.scm.db.dirs is not configured. We recommend adding this setting. Falling back to ozone.metadata.dirs instead.
2024-07-06 11:53:54,971 [main] INFO  ha.SCMHANodeDetails (SCMHANodeDetails.java:loadSCMHAConfig(207)) - ServiceID for StorageContainerManager is TestSecretKey
2024-07-06 11:53:54,971 [main] INFO  ha.SCMHANodeDetails (SCMHANodeDetails.java:loadSCMHAConfig(218)) - ServiceID for StorageContainerManager is TestSecretKey
2024-07-06 11:53:54,971 [main] WARN  scm.ScmUtils (ScmUtils.java:logWarn(192)) - ConfigKey ozone.scm.block.client.address is deprecated, For configuring different ports for each SCM use PortConfigKey ozone.scm.block.client.port appended with serviceId and nodeId. If want to configure same port configure ozone.scm.block.client.port
2024-07-06 11:53:54,971 [main] WARN  scm.ScmUtils (ScmUtils.java:logWarn(192)) - ConfigKey ozone.scm.client.address is deprecated, For configuring different ports for each SCM use PortConfigKey ozone.scm.client.port appended with serviceId and nodeId. If want to configure same port configure ozone.scm.client.port
2024-07-06 11:53:54,971 [main] WARN  scm.ScmUtils (ScmUtils.java:logWarn(192)) - ConfigKey ozone.scm.datanode.address is deprecated, For configuring different ports for each SCM use PortConfigKey ozone.scm.datanode.port appended with serviceId and nodeId. If want to configure same port configure ozone.scm.datanode.port
2024-07-06 11:53:54,972 [main] WARN  scm.ScmUtils (ScmUtils.java:logWarn(192)) - ConfigKey ozone.scm.block.client.address is deprecated, For configuring different ports for each SCM use PortConfigKey ozone.scm.block.client.port appended with serviceId and nodeId. If want to configure same port configure ozone.scm.block.client.port
2024-07-06 11:53:54,972 [main] WARN  scm.ScmUtils (ScmUtils.java:logWarn(192)) - ConfigKey ozone.scm.client.address is deprecated, For configuring different ports for each SCM use PortConfigKey ozone.scm.client.port appended with serviceId and nodeId. If want to configure same port configure ozone.scm.client.port
2024-07-06 11:53:54,972 [main] WARN  scm.ScmUtils (ScmUtils.java:logWarn(192)) - ConfigKey ozone.scm.datanode.address is deprecated, For configuring different ports for each SCM use PortConfigKey ozone.scm.datanode.port appended with serviceId and nodeId. If want to configure same port configure ozone.scm.datanode.port
2024-07-06 11:53:54,972 [main] INFO  ha.SCMHANodeDetails (SCMHANodeDetails.java:loadSCMHAConfig(305)) - Found matching SCM address with SCMServiceId: TestSecretKey, SCMNodeId: scmNode-2, RPC Address: localhost:15011 and Ratis port: 15011
2024-07-06 11:53:54,972 [main] INFO  ha.SCMHANodeDetails (ConfUtils.java:setNodeSpecificConfigs(97)) - Setting configuration key ozone.scm.datanode.address with value of key ozone.scm.datanode.address.TestSecretKey.scmNode-2: 127.0.0.1:15012
2024-07-06 11:53:54,973 [main] INFO  ha.SCMHANodeDetails (ConfUtils.java:setNodeSpecificConfigs(97)) - Setting configuration key ozone.scm.block.client.address with value of key ozone.scm.block.client.address.TestSecretKey.scmNode-2: 127.0.0.1:15015
2024-07-06 11:53:54,973 [main] INFO  ha.SCMHANodeDetails (ConfUtils.java:setNodeSpecificConfigs(97)) - Setting configuration key ozone.scm.client.address with value of key ozone.scm.client.address.TestSecretKey.scmNode-2: 127.0.0.1:15013
2024-07-06 11:53:54,973 [main] INFO  ha.SCMHANodeDetails (ConfUtils.java:setNodeSpecificConfigs(97)) - Setting configuration key ozone.scm.security.service.address with value of key ozone.scm.security.service.address.TestSecretKey.scmNode-2: 127.0.0.1:15010
2024-07-06 11:53:54,973 [main] INFO  ha.SCMHANodeDetails (ConfUtils.java:setNodeSpecificConfigs(97)) - Setting configuration key ozone.scm.ratis.port with value of key ozone.scm.ratis.port.TestSecretKey.scmNode-2: 15011
2024-07-06 11:53:54,973 [main] INFO  ha.SCMHANodeDetails (ConfUtils.java:setNodeSpecificConfigs(97)) - Setting configuration key ozone.scm.grpc.port with value of key ozone.scm.grpc.port.TestSecretKey.scmNode-2: 15014
2024-07-06 11:53:54,973 [main] INFO  ha.SCMHANodeDetails (ConfUtils.java:setNodeSpecificConfigs(97)) - Setting configuration key ozone.scm.http-address with value of key ozone.scm.http-address.TestSecretKey.scmNode-2: 127.0.0.1:15008
2024-07-06 11:53:54,974 [main] INFO  ha.SCMHANodeDetails (ConfUtils.java:setNodeSpecificConfigs(97)) - Setting configuration key ozone.scm.https-address with value of key ozone.scm.https-address.TestSecretKey.scmNode-2: 127.0.0.1:15009
2024-07-06 11:53:54,974 [main] INFO  ha.SCMHANodeDetails (ConfUtils.java:setNodeSpecificConfigs(97)) - Setting configuration key ozone.scm.address with value of key ozone.scm.address.TestSecretKey.scmNode-2: 127.0.0.1
2024-07-06 11:53:54,974 [main] WARN  scm.ScmUtils (ScmUtils.java:logWarn(192)) - ConfigKey ozone.scm.block.client.address is deprecated, For configuring different ports for each SCM use PortConfigKey ozone.scm.block.client.port appended with serviceId and nodeId. If want to configure same port configure ozone.scm.block.client.port
2024-07-06 11:53:54,974 [main] WARN  scm.ScmUtils (ScmUtils.java:logWarn(192)) - ConfigKey ozone.scm.client.address is deprecated, For configuring different ports for each SCM use PortConfigKey ozone.scm.client.port appended with serviceId and nodeId. If want to configure same port configure ozone.scm.client.port
2024-07-06 11:53:54,974 [main] WARN  scm.ScmUtils (ScmUtils.java:logWarn(192)) - ConfigKey ozone.scm.datanode.address is deprecated, For configuring different ports for each SCM use PortConfigKey ozone.scm.datanode.port appended with serviceId and nodeId. If want to configure same port configure ozone.scm.datanode.port
2024-07-06 11:53:54,976 [main] INFO  ha.SCMNodeInfo (SCMNodeInfo.java:getPort(197)) - ConfigKey ozone.scm.client.address is deprecated, For configuring different ports for each SCM use PortConfigKey ozone.scm.client.port appended with serviceId and nodeId
2024-07-06 11:53:54,976 [main] INFO  ha.SCMNodeInfo (SCMNodeInfo.java:getPort(197)) - ConfigKey ozone.scm.block.client.address is deprecated, For configuring different ports for each SCM use PortConfigKey ozone.scm.block.client.port appended with serviceId and nodeId
2024-07-06 11:53:54,976 [main] INFO  ha.SCMNodeInfo (SCMNodeInfo.java:getPort(197)) - ConfigKey ozone.scm.security.service.address is deprecated, For configuring different ports for each SCM use PortConfigKey ozone.scm.security.service.port appended with serviceId and nodeId
2024-07-06 11:53:54,977 [main] INFO  ha.SCMNodeInfo (SCMNodeInfo.java:getPort(197)) - ConfigKey ozone.scm.datanode.address is deprecated, For configuring different ports for each SCM use PortConfigKey ozone.scm.datanode.port appended with serviceId and nodeId
2024-07-06 11:53:54,977 [main] INFO  ha.SCMNodeInfo (SCMNodeInfo.java:getPort(197)) - ConfigKey ozone.scm.client.address is deprecated, For configuring different ports for each SCM use PortConfigKey ozone.scm.client.port appended with serviceId and nodeId
2024-07-06 11:53:54,977 [main] INFO  ha.SCMNodeInfo (SCMNodeInfo.java:getPort(197)) - ConfigKey ozone.scm.block.client.address is deprecated, For configuring different ports for each SCM use PortConfigKey ozone.scm.block.client.port appended with serviceId and nodeId
2024-07-06 11:53:54,977 [main] INFO  ha.SCMNodeInfo (SCMNodeInfo.java:getPort(197)) - ConfigKey ozone.scm.security.service.address is deprecated, For configuring different ports for each SCM use PortConfigKey ozone.scm.security.service.port appended with serviceId and nodeId
2024-07-06 11:53:54,977 [main] INFO  ha.SCMNodeInfo (SCMNodeInfo.java:getPort(197)) - ConfigKey ozone.scm.datanode.address is deprecated, For configuring different ports for each SCM use PortConfigKey ozone.scm.datanode.port appended with serviceId and nodeId
2024-07-06 11:53:54,977 [main] INFO  ha.SCMNodeInfo (SCMNodeInfo.java:getPort(197)) - ConfigKey ozone.scm.client.address is deprecated, For configuring different ports for each SCM use PortConfigKey ozone.scm.client.port appended with serviceId and nodeId
2024-07-06 11:53:54,977 [main] INFO  ha.SCMNodeInfo (SCMNodeInfo.java:getPort(197)) - ConfigKey ozone.scm.block.client.address is deprecated, For configuring different ports for each SCM use PortConfigKey ozone.scm.block.client.port appended with serviceId and nodeId
2024-07-06 11:53:54,978 [main] INFO  ha.SCMNodeInfo (SCMNodeInfo.java:getPort(197)) - ConfigKey ozone.scm.security.service.address is deprecated, For configuring different ports for each SCM use PortConfigKey ozone.scm.security.service.port appended with serviceId and nodeId
2024-07-06 11:53:54,978 [main] INFO  ha.SCMNodeInfo (SCMNodeInfo.java:getPort(197)) - ConfigKey ozone.scm.datanode.address is deprecated, For configuring different ports for each SCM use PortConfigKey ozone.scm.datanode.port appended with serviceId and nodeId
2024-07-06 11:53:54,980 [pool-1-thread-2] INFO  request.KdcRequest (KdcRequest.java:preauth(651)) - The preauth data is empty.
2024-07-06 11:53:54,981 [pool-1-thread-2] INFO  server.KdcHandler (KdcHandler.java:handleRecoverableException(177)) - KRB error occurred while processing request:Additional pre-authentication required
2024-07-06 11:53:54,994 [pool-1-thread-2] INFO  request.AsRequest (AsRequest.java:issueTicket(112)) - AS_REQ ISSUE: authtime 1720266834994,scm/fv-az1041-405.cgqmq5qunpnelbz5tk1v55v5te.bx.internal.cloudapp.net@EXAMPLE.COM for krbtgt/EXAMPLE.COM@EXAMPLE.COM
2024-07-06 11:53:54,996 [main] INFO  security.UserGroupInformation (UserGroupInformation.java:loginUserFromKeytab(1132)) - Login successful for user scm/fv-az1041-405.cgqmq5qunpnelbz5tk1v55v5te.bx.internal.cloudapp.net@EXAMPLE.COM using keytab file scm.keytab. Keytab auto renewal enabled : false
2024-07-06 11:53:54,996 [main] INFO  server.StorageContainerManager (StorageContainerManager.java:loginAsSCMUserIfSecurityEnabled(1069)) - SCM login successful.
2024-07-06 11:53:54,998 [main] INFO  ha.SCMNodeInfo (SCMNodeInfo.java:getPort(197)) - ConfigKey ozone.scm.client.address is deprecated, For configuring different ports for each SCM use PortConfigKey ozone.scm.client.port appended with serviceId and nodeId
2024-07-06 11:53:54,998 [main] INFO  ha.SCMNodeInfo (SCMNodeInfo.java:getPort(197)) - ConfigKey ozone.scm.block.client.address is deprecated, For configuring different ports for each SCM use PortConfigKey ozone.scm.block.client.port appended with serviceId and nodeId
2024-07-06 11:53:54,999 [main] INFO  ha.SCMNodeInfo (SCMNodeInfo.java:getPort(197)) - ConfigKey ozone.scm.security.service.address is deprecated, For configuring different ports for each SCM use PortConfigKey ozone.scm.security.service.port appended with serviceId and nodeId
2024-07-06 11:53:54,999 [main] INFO  ha.SCMNodeInfo (SCMNodeInfo.java:getPort(197)) - ConfigKey ozone.scm.datanode.address is deprecated, For configuring different ports for each SCM use PortConfigKey ozone.scm.datanode.port appended with serviceId and nodeId
2024-07-06 11:53:54,999 [main] INFO  ha.SCMNodeInfo (SCMNodeInfo.java:getPort(197)) - ConfigKey ozone.scm.client.address is deprecated, For configuring different ports for each SCM use PortConfigKey ozone.scm.client.port appended with serviceId and nodeId
2024-07-06 11:53:54,999 [main] INFO  ha.SCMNodeInfo (SCMNodeInfo.java:getPort(197)) - ConfigKey ozone.scm.block.client.address is deprecated, For configuring different ports for each SCM use PortConfigKey ozone.scm.block.client.port appended with serviceId and nodeId
2024-07-06 11:53:54,999 [main] INFO  ha.SCMNodeInfo (SCMNodeInfo.java:getPort(197)) - ConfigKey ozone.scm.security.service.address is deprecated, For configuring different ports for each SCM use PortConfigKey ozone.scm.security.service.port appended with serviceId and nodeId
2024-07-06 11:53:54,999 [main] INFO  ha.SCMNodeInfo (SCMNodeInfo.java:getPort(197)) - ConfigKey ozone.scm.datanode.address is deprecated, For configuring different ports for each SCM use PortConfigKey ozone.scm.datanode.port appended with serviceId and nodeId
2024-07-06 11:53:54,999 [main] INFO  ha.SCMNodeInfo (SCMNodeInfo.java:getPort(197)) - ConfigKey ozone.scm.client.address is deprecated, For configuring different ports for each SCM use PortConfigKey ozone.scm.client.port appended with serviceId and nodeId
2024-07-06 11:53:54,999 [main] INFO  ha.SCMNodeInfo (SCMNodeInfo.java:getPort(197)) - ConfigKey ozone.scm.block.client.address is deprecated, For configuring different ports for each SCM use PortConfigKey ozone.scm.block.client.port appended with serviceId and nodeId
2024-07-06 11:53:54,999 [main] INFO  ha.SCMNodeInfo (SCMNodeInfo.java:getPort(197)) - ConfigKey ozone.scm.security.service.address is deprecated, For configuring different ports for each SCM use PortConfigKey ozone.scm.security.service.port appended with serviceId and nodeId
2024-07-06 11:53:54,999 [main] INFO  ha.SCMNodeInfo (SCMNodeInfo.java:getPort(197)) - ConfigKey ozone.scm.datanode.address is deprecated, For configuring different ports for each SCM use PortConfigKey ozone.scm.datanode.port appended with serviceId and nodeId
2024-07-06 11:53:55,000 [main] INFO  ha.SCMNodeInfo (SCMNodeInfo.java:getPort(197)) - ConfigKey ozone.scm.client.address is deprecated, For configuring different ports for each SCM use PortConfigKey ozone.scm.client.port appended with serviceId and nodeId
2024-07-06 11:53:55,000 [main] INFO  ha.SCMNodeInfo (SCMNodeInfo.java:getPort(197)) - ConfigKey ozone.scm.block.client.address is deprecated, For configuring different ports for each SCM use PortConfigKey ozone.scm.block.client.port appended with serviceId and nodeId
2024-07-06 11:53:55,000 [main] INFO  ha.SCMNodeInfo (SCMNodeInfo.java:getPort(197)) - ConfigKey ozone.scm.security.service.address is deprecated, For configuring different ports for each SCM use PortConfigKey ozone.scm.security.service.port appended with serviceId and nodeId
2024-07-06 11:53:55,000 [main] INFO  ha.SCMNodeInfo (SCMNodeInfo.java:getPort(197)) - ConfigKey ozone.scm.datanode.address is deprecated, For configuring different ports for each SCM use PortConfigKey ozone.scm.datanode.port appended with serviceId and nodeId
2024-07-06 11:53:55,000 [main] INFO  ha.SCMNodeInfo (SCMNodeInfo.java:getPort(197)) - ConfigKey ozone.scm.client.address is deprecated, For configuring different ports for each SCM use PortConfigKey ozone.scm.client.port appended with serviceId and nodeId
2024-07-06 11:53:55,000 [main] INFO  ha.SCMNodeInfo (SCMNodeInfo.java:getPort(197)) - ConfigKey ozone.scm.block.client.address is deprecated, For configuring different ports for each SCM use PortConfigKey ozone.scm.block.client.port appended with serviceId and nodeId
2024-07-06 11:53:55,000 [main] INFO  ha.SCMNodeInfo (SCMNodeInfo.java:getPort(197)) - ConfigKey ozone.scm.security.service.address is deprecated, For configuring different ports for each SCM use PortConfigKey ozone.scm.security.service.port appended with serviceId and nodeId
2024-07-06 11:53:55,001 [main] INFO  ha.SCMNodeInfo (SCMNodeInfo.java:getPort(197)) - ConfigKey ozone.scm.datanode.address is deprecated, For configuring different ports for each SCM use PortConfigKey ozone.scm.datanode.port appended with serviceId and nodeId
2024-07-06 11:53:55,001 [main] INFO  ha.SCMNodeInfo (SCMNodeInfo.java:getPort(197)) - ConfigKey ozone.scm.client.address is deprecated, For configuring different ports for each SCM use PortConfigKey ozone.scm.client.port appended with serviceId and nodeId
2024-07-06 11:53:55,001 [main] INFO  ha.SCMNodeInfo (SCMNodeInfo.java:getPort(197)) - ConfigKey ozone.scm.block.client.address is deprecated, For configuring different ports for each SCM use PortConfigKey ozone.scm.block.client.port appended with serviceId and nodeId
2024-07-06 11:53:55,001 [main] INFO  ha.SCMNodeInfo (SCMNodeInfo.java:getPort(197)) - ConfigKey ozone.scm.security.service.address is deprecated, For configuring different ports for each SCM use PortConfigKey ozone.scm.security.service.port appended with serviceId and nodeId
2024-07-06 11:53:55,001 [main] INFO  ha.SCMNodeInfo (SCMNodeInfo.java:getPort(197)) - ConfigKey ozone.scm.datanode.address is deprecated, For configuring different ports for each SCM use PortConfigKey ozone.scm.datanode.port appended with serviceId and nodeId
2024-07-06 11:53:55,001 [main] INFO  client.SCMCertificateClient (DefaultCertificateClient.java:updateCertSerialId(1313)) - Certificate serial ID set to 3
2024-07-06 11:53:55,003 [main] INFO  client.SCMCertificateClient (DefaultCertificateClient.java:readCertificateFile(248)) - Added certificate 3 from file: /home/runner/work/ozone/ozone/hadoop-ozone/integration-test/target/test-dir/MiniOzoneClusterImpl-23934d72-33be-4118-bcff-1eb1b476413a/scmNode-2/scm/sub-ca/certs/certificate.crt.
2024-07-06 11:53:55,004 [main] INFO  client.SCMCertificateClient (DefaultCertificateClient.java:readCertificateFile(248)) - Added certificate 3 from file: /home/runner/work/ozone/ozone/hadoop-ozone/integration-test/target/test-dir/MiniOzoneClusterImpl-23934d72-33be-4118-bcff-1eb1b476413a/scmNode-2/scm/sub-ca/certs/3.crt.
2024-07-06 11:53:55,005 [main] INFO  client.SCMCertificateClient (DefaultCertificateClient.java:readCertificateFile(248)) - Added certificate 1 from file: /home/runner/work/ozone/ozone/hadoop-ozone/integration-test/target/test-dir/MiniOzoneClusterImpl-23934d72-33be-4118-bcff-1eb1b476413a/scmNode-2/scm/sub-ca/certs/CA-1.crt.
2024-07-06 11:53:55,005 [main] INFO  client.SCMCertificateClient (DefaultCertificateClient.java:loadAllCertificates(197)) - CertificateRenewerService and root ca rotation polling is disabled for scm/sub-ca
2024-07-06 11:53:55,005 [main] WARN  utils.HAUtils (HAUtils.java:getMetaDir(339)) - ozone.scm.db.dirs is not configured. We recommend adding this setting. Falling back to ozone.metadata.dirs instead.
2024-07-06 11:53:55,006 [main] WARN  db.DBStoreBuilder (DBStoreBuilder.java:applyDBDefinition(171)) - ozone.scm.db.dirs is not configured. We recommend adding this setting. Falling back to ozone.metadata.dirs instead.
2024-07-06 11:53:55,069 [main] INFO  net.NodeSchemaLoader (NodeSchemaLoader.java:loadSchemaFromFile(129)) - Loading schema from [jar:file:/home/runner/work/ozone/ozone/hadoop-hdds/common/target/hdds-common-1.5.0-SNAPSHOT.jar!/network-topology-default.xml]
2024-07-06 11:53:55,069 [main] INFO  net.NodeSchemaLoader (NodeSchemaLoader.java:loadSchema(176)) - Loading network topology layer schema file
2024-07-06 11:53:55,077 [main] WARN  dropwizard3.Dm3MetricRegistriesImpl (Dm3MetricRegistriesImpl.java:addReporterRegistration(114)) - New reporters are added after registries were created. Some metrics will be missing from the reporter. Please add reporter before adding any new registry.
2024-07-06 11:53:55,077 [main] WARN  dropwizard3.Dm3MetricRegistriesImpl (Dm3MetricRegistriesImpl.java:addReporterRegistration(114)) - New reporters are added after registries were created. Some metrics will be missing from the reporter. Please add reporter before adding any new registry.
2024-07-06 11:53:55,099 [main] INFO  ha.SCMRatisServerImpl (SCMRatisServerImpl.java:<init>(99)) - starting Raft server for scm:41075d7a-0d70-4fa2-ba46-cbc672699b06
2024-07-06 11:53:55,101 [main] INFO  server.RaftServer (ConfUtils.java:logGet(46)) - raft.rpc.type = GRPC (default)
2024-07-06 11:53:55,101 [main] INFO  grpc.GrpcConfigKeys (ConfUtils.java:logFallback(53)) - raft.grpc.admin.host = null (fallback to raft.grpc.server.host)
2024-07-06 11:53:55,101 [main] INFO  grpc.GrpcConfigKeys (ConfUtils.java:logFallback(53)) - raft.grpc.admin.port = 15011 (fallback to raft.grpc.server.port)
2024-07-06 11:53:55,101 [main] INFO  grpc.GrpcConfigKeys (ConfUtils.java:logFallback(53)) - raft.grpc.client.host = null (fallback to raft.grpc.server.host)
2024-07-06 11:53:55,101 [main] INFO  grpc.GrpcConfigKeys (ConfUtils.java:logFallback(53)) - raft.grpc.client.port = 15011 (fallback to raft.grpc.server.port)
2024-07-06 11:53:55,102 [main] INFO  grpc.GrpcConfigKeys (ConfUtils.java:logGet(46)) - raft.grpc.server.host = null (default)
2024-07-06 11:53:55,102 [main] INFO  grpc.GrpcConfigKeys (ConfUtils.java:logGet(46)) - raft.grpc.server.port = 15011 (custom)
2024-07-06 11:53:55,102 [main] INFO  server.GrpcService (ConfUtils.java:logGet(46)) - raft.grpc.message.size.max = 32m (=33554432) (custom)
2024-07-06 11:53:55,102 [main] INFO  server.RaftServerConfigKeys (ConfUtils.java:logGet(46)) - raft.server.log.appender.buffer.byte-limit = 4194304 (custom)
2024-07-06 11:53:55,102 [main] INFO  server.GrpcService (ConfUtils.java:logGet(46)) - raft.grpc.flow.control.window = 1MB (=1048576) (default)
2024-07-06 11:53:55,102 [main] INFO  server.RaftServerConfigKeys (ConfUtils.java:logGet(46)) - raft.server.rpc.request.timeout = 30000ms (custom)
2024-07-06 11:53:55,102 [main] INFO  grpc.GrpcConfigKeys (ConfUtils.java:logGet(46)) - raft.grpc.server.heartbeat.channel = true (default)
2024-07-06 11:53:55,102 [main] INFO  grpc.GrpcConfigKeys (ConfUtils.java:logGet(46)) - raft.grpc.server.async.request.thread.pool.cached = true (default)
2024-07-06 11:53:55,103 [main] INFO  grpc.GrpcConfigKeys (ConfUtils.java:logGet(46)) - raft.grpc.server.async.request.thread.pool.size = 32 (default)
2024-07-06 11:53:55,103 [main] INFO  impl.DataStreamServerImpl (ConfUtils.java:logGet(46)) - raft.datastream.type = DISABLED (default)
2024-07-06 11:53:55,104 [main] INFO  server.RaftServerConfigKeys (ConfUtils.java:logGet(46)) - raft.server.sleep.deviation.threshold = 300ms (default)
2024-07-06 11:53:55,104 [main] INFO  server.RaftServerConfigKeys (ConfUtils.java:logGet(46)) - raft.server.close.threshold = 60s (default)
2024-07-06 11:53:55,104 [main] INFO  server.RaftServerConfigKeys (ConfUtils.java:logGet(46)) - raft.server.leaderelection.leader.step-down.wait-time = 10s (default)
2024-07-06 11:53:55,104 [main] INFO  server.RaftServerConfigKeys (ConfUtils.java:logGet(46)) - raft.server.storage.dir = [/home/runner/work/ozone/ozone/hadoop-ozone/integration-test/target/test-dir/MiniOzoneClusterImpl-23934d72-33be-4118-bcff-1eb1b476413a/scmNode-2/scm-ha] (custom)
2024-07-06 11:53:55,104 [main] INFO  server.RaftServerConfigKeys (ConfUtils.java:logGet(46)) - raft.server.threadpool.proxy.cached = true (default)
2024-07-06 11:53:55,104 [main] INFO  server.RaftServerConfigKeys (ConfUtils.java:logGet(46)) - raft.server.threadpool.proxy.size = 0 (default)
2024-07-06 11:53:55,105 [main] INFO  server.RaftServer (RaftServerProxy.java:addNew(101)) - 41075d7a-0d70-4fa2-ba46-cbc672699b06: addNew group-1EB1B476413A:[] returns group-1EB1B476413A:java.util.concurrent.CompletableFuture@17e03804[Not completed]
2024-07-06 11:53:55,106 [41075d7a-0d70-4fa2-ba46-cbc672699b06-groupManagement] INFO  server.RaftServer$Division (RaftServerImpl.java:<init>(253)) - 41075d7a-0d70-4fa2-ba46-cbc672699b06: new RaftServerImpl for group-1EB1B476413A:[] with SCMStateMachine:uninitialized
2024-07-06 11:53:55,106 [41075d7a-0d70-4fa2-ba46-cbc672699b06-groupManagement] INFO  server.RaftServerConfigKeys (ConfUtils.java:logGet(46)) - raft.server.rpc.timeout.min = 5000ms (custom)
2024-07-06 11:53:55,106 [41075d7a-0d70-4fa2-ba46-cbc672699b06-groupManagement] INFO  server.RaftServerConfigKeys (ConfUtils.java:logGet(46)) - raft.server.rpc.timeout.max = 5200ms (custom)
2024-07-06 11:53:55,106 [41075d7a-0d70-4fa2-ba46-cbc672699b06-groupManagement] INFO  server.RaftServerConfigKeys (ConfUtils.java:logGet(46)) - raft.server.rpc.sleep.time = 25ms (default)
2024-07-06 11:53:55,106 [41075d7a-0d70-4fa2-ba46-cbc672699b06-groupManagement] INFO  server.RaftServerConfigKeys (ConfUtils.java:logGet(46)) - raft.server.rpc.slowness.timeout = 120000ms (custom)
2024-07-06 11:53:55,106 [41075d7a-0d70-4fa2-ba46-cbc672699b06-groupManagement] INFO  server.RaftServerConfigKeys (ConfUtils.java:logGet(46)) - raft.server.leaderelection.leader.step-down.wait-time = 10s (default)
2024-07-06 11:53:55,106 [41075d7a-0d70-4fa2-ba46-cbc672699b06-groupManagement] INFO  server.RaftServerConfigKeys (ConfUtils.java:logGet(46)) - raft.server.leaderelection.member.majority-add = false (default)
2024-07-06 11:53:55,107 [41075d7a-0d70-4fa2-ba46-cbc672699b06-groupManagement] INFO  server.RaftServerConfigKeys (ConfUtils.java:logGet(46)) - raft.server.sleep.deviation.threshold = 300ms (default)
2024-07-06 11:53:55,107 [41075d7a-0d70-4fa2-ba46-cbc672699b06-groupManagement] INFO  server.RaftServer$Division (ServerState.java:<init>(114)) - 41075d7a-0d70-4fa2-ba46-cbc672699b06@group-1EB1B476413A: ConfigurationManager, init=conf: {index: -1, cur=peers:[]|listeners:[], old=null}, confs=<EMPTY_MAP>
2024-07-06 11:53:55,107 [41075d7a-0d70-4fa2-ba46-cbc672699b06-groupManagement] INFO  server.RaftServerConfigKeys (ConfUtils.java:logGet(46)) - raft.server.notification.no-leader.timeout = 60s (default)
2024-07-06 11:53:55,107 [41075d7a-0d70-4fa2-ba46-cbc672699b06-groupManagement] INFO  server.RaftServerConfigKeys (ConfUtils.java:logGet(46)) - raft.server.read.timeout = 10s (default)
2024-07-06 11:53:55,107 [41075d7a-0d70-4fa2-ba46-cbc672699b06-groupManagement] INFO  server.RaftServerConfigKeys (ConfUtils.java:logGet(46)) - raft.server.retrycache.expirytime = 60000ms (default)
2024-07-06 11:53:55,107 [41075d7a-0d70-4fa2-ba46-cbc672699b06-groupManagement] INFO  server.RaftServerConfigKeys (ConfUtils.java:logGet(46)) - raft.server.retrycache.statistics.expirytime = 100ms (default)
2024-07-06 11:53:55,107 [41075d7a-0d70-4fa2-ba46-cbc672699b06-groupManagement] INFO  server.RaftServerConfigKeys (ConfUtils.java:logGet(46)) - raft.server.read.option = DEFAULT (default)
2024-07-06 11:53:55,107 [41075d7a-0d70-4fa2-ba46-cbc672699b06-groupManagement] INFO  server.RaftServerConfigKeys (ConfUtils.java:logGet(46)) - raft.server.read.read-after-write-consistent.write-index-cache.expiry-time = 60s (default)
2024-07-06 11:53:55,113 [41075d7a-0d70-4fa2-ba46-cbc672699b06-groupManagement] INFO  server.RaftServerConfigKeys (ConfUtils.java:logGet(46)) - raft.server.rpc.request.timeout = 30000ms (custom)
2024-07-06 11:53:55,113 [41075d7a-0d70-4fa2-ba46-cbc672699b06-groupManagement] INFO  server.RaftServerConfigKeys (ConfUtils.java:logGet(46)) - raft.server.log.appender.install.snapshot.enabled = false (custom)
2024-07-06 11:53:55,113 [41075d7a-0d70-4fa2-ba46-cbc672699b06-groupManagement] INFO  server.RaftServerConfigKeys (ConfUtils.java:logGet(46)) - raft.server.threadpool.server.cached = true (default)
2024-07-06 11:53:55,113 [41075d7a-0d70-4fa2-ba46-cbc672699b06-groupManagement] INFO  server.RaftServerConfigKeys (ConfUtils.java:logGet(46)) - raft.server.threadpool.server.size = 0 (default)
2024-07-06 11:53:55,113 [41075d7a-0d70-4fa2-ba46-cbc672699b06-groupManagement] INFO  server.RaftServerConfigKeys (ConfUtils.java:logGet(46)) - raft.server.threadpool.client.cached = true (default)
2024-07-06 11:53:55,113 [41075d7a-0d70-4fa2-ba46-cbc672699b06-groupManagement] INFO  server.RaftServerConfigKeys (ConfUtils.java:logGet(46)) - raft.server.threadpool.client.size = 0 (default)
2024-07-06 11:53:55,114 [main] INFO  ha.SCMSnapshotProvider (SCMSnapshotProvider.java:<init>(66)) - Initializing SCM Snapshot Provider
2024-07-06 11:53:55,114 [main] WARN  server.ServerUtils (ServerUtils.java:getDefaultRatisDirectory(311)) - Storage directory for Ratis is not configured. It is a good idea to map this to an SSD disk. Falling back to ozone.metadata.dirs
2024-07-06 11:53:55,114 [main] WARN  ha.SCMHAUtils (SCMHAUtils.java:getSCMRatisSnapshotDirectory(158)) - SCM snapshot dir is not configured. Falling back to ozone.metadata.dirs config
2024-07-06 11:53:55,115 [main] INFO  upgrade.AbstractLayoutVersionManager (AbstractLayoutVersionManager.java:init(83)) - Initializing Layout version manager with metadata layout = HADOOP_PRC_PORTS_IN_DATANODEDETAILS (version = 7), software layout = HADOOP_PRC_PORTS_IN_DATANODEDETAILS (version = 7)
2024-07-06 11:53:55,117 [main] INFO  ha.SequenceIdGenerator (SequenceIdGenerator.java:upgradeToSequenceId(369)) - upgrade localId to 113750153625600000
2024-07-06 11:53:55,118 [main] INFO  ha.SequenceIdGenerator (SequenceIdGenerator.java:upgradeToSequenceId(379)) - upgrade delTxnId to 0
2024-07-06 11:53:55,119 [main] INFO  ha.SequenceIdGenerator (SequenceIdGenerator.java:upgradeToSequenceId(396)) - upgrade containerId to 0
2024-07-06 11:53:55,119 [main] INFO  ha.SequenceIdGenerator (SequenceIdGenerator.java:upgradeToCertificateSequenceId(433)) - upgrade CertificateId to 2
2024-07-06 11:53:55,120 [main] INFO  ha.SequenceIdGenerator (SequenceIdGenerator.java:<init>(240)) - Init the HA SequenceIdGenerator.
2024-07-06 11:53:55,120 [main] WARN  server.ServerUtils (ServerUtils.java:sanitizeUserArgs(79)) - ozone.scm.stale.node.interval value = 300000 is larger than max = 100000 based on the key value of ozone.scm.heartbeat.thread.interval, reset to the max value 100000.
2024-07-06 11:53:55,120 [main] WARN  server.ServerUtils (ServerUtils.java:sanitizeUserArgs(79)) - ozone.scm.stale.node.interval value = 300000 is larger than max = 100000 based on the key value of ozone.scm.heartbeat.thread.interval, reset to the max value 100000.
2024-07-06 11:53:55,121 [main] INFO  node.SCMNodeManager (SCMNodeManager.java:<init>(177)) - Entering startup safe mode.
2024-07-06 11:53:55,122 [main] INFO  algorithms.ContainerPlacementPolicyFactory (ContainerPlacementPolicyFactory.java:getPolicyInternal(86)) - Create container placement policy of type org.apache.hadoop.hdds.scm.container.placement.algorithms.SCMContainerPlacementRackAware
2024-07-06 11:53:55,122 [main] INFO  algorithms.ContainerPlacementPolicyFactory (ContainerPlacementPolicyFactory.java:getPolicyInternal(86)) - Create container placement policy of type org.apache.hadoop.hdds.scm.container.placement.algorithms.SCMContainerPlacementRackScatter
2024-07-06 11:53:55,122 [main] INFO  pipeline.PipelineStateManagerImpl (PipelineStateManagerImpl.java:initialize(78)) - No pipeline exists in current db
2024-07-06 11:53:55,122 [main] INFO  algorithms.LeaderChoosePolicyFactory (LeaderChoosePolicyFactory.java:getPolicy(57)) - Create leader choose policy of type org.apache.hadoop.hdds.scm.pipeline.leader.choose.algorithms.MinLeaderCountChoosePolicy
2024-07-06 11:53:55,123 [main] INFO  algorithms.ContainerPlacementPolicyFactory (ContainerPlacementPolicyFactory.java:getPolicyInternal(86)) - Create container placement policy of type org.apache.hadoop.hdds.scm.container.placement.algorithms.SCMContainerPlacementRackScatter
2024-07-06 11:53:55,123 [main] INFO  ha.SCMServiceManager (SCMServiceManager.java:register(42)) - Registering service BackgroundPipelineCreator.
2024-07-06 11:53:55,123 [main] INFO  pipeline.BackgroundPipelineCreator (BackgroundPipelineCreator.java:start(127)) - Starting scmNode-2-RatisPipelineUtilsThread.
2024-07-06 11:53:55,125 [main] INFO  BackgroundPipelineScrubber (BackgroundSCMService.java:start(65)) - Starting BackgroundPipelineScrubber Service.
2024-07-06 11:53:55,129 [main] INFO  ha.SCMServiceManager (SCMServiceManager.java:register(42)) - Registering service BackgroundPipelineScrubber.
2024-07-06 11:53:55,131 [main] INFO  ExpiredContainerReplicaOpScrubber (BackgroundSCMService.java:start(65)) - Starting ExpiredContainerReplicaOpScrubber Service.
2024-07-06 11:53:55,134 [main] INFO  ha.SCMServiceManager (SCMServiceManager.java:register(42)) - Registering service ExpiredContainerReplicaOpScrubber.
2024-07-06 11:53:55,135 [main] INFO  algorithms.PipelineChoosePolicyFactory (PipelineChoosePolicyFactory.java:createPipelineChoosePolicyFromClass(80)) - Create pipeline choose policy of type org.apache.hadoop.hdds.scm.pipeline.choose.algorithms.RandomPipelineChoosePolicy
2024-07-06 11:53:55,135 [main] INFO  algorithms.PipelineChoosePolicyFactory (PipelineChoosePolicyFactory.java:createPipelineChoosePolicyFromClass(80)) - Create pipeline choose policy of type org.apache.hadoop.hdds.scm.pipeline.choose.algorithms.RandomPipelineChoosePolicy
2024-07-06 11:53:55,136 [main] INFO  ha.SCMServiceManager (SCMServiceManager.java:register(42)) - Registering service SCMBlockDeletingService.
2024-07-06 11:53:55,137 [main] INFO  replication.ReplicationManager (ReplicationManager.java:start(296)) - Starting Replication Monitor Thread.
2024-07-06 11:53:55,138 [main] INFO  ha.SCMServiceManager (SCMServiceManager.java:register(42)) - Registering service ReplicationManager.
2024-07-06 11:53:55,139 [main] INFO  safemode.ContainerSafeModeRule (ContainerSafeModeRule.java:<init>(91)) - containers with one replica threshold count 0
2024-07-06 11:53:55,140 [main] INFO  safemode.HealthyPipelineSafeModeRule (HealthyPipelineSafeModeRule.java:initializeRule(176)) - Total pipeline count is 0, healthy pipeline threshold count is 1
2024-07-06 11:53:55,140 [main] INFO  safemode.OneReplicaPipelineSafeModeRule (OneReplicaPipelineSafeModeRule.java:initializeRule(193)) - Total pipeline count is 0, pipeline's with at least one datanode reported threshold count is 0
2024-07-06 11:53:55,141 [main] INFO  security.SecretKeyManagerService (SecretKeyManagerService.java:start(144)) - Scheduling rotation checker with interval PT0.1S
2024-07-06 11:53:55,145 [main] INFO  ha.SCMServiceManager (SCMServiceManager.java:register(42)) - Registering service SecretKeyManagerService.
2024-07-06 11:53:55,145 [main] INFO  authority.DefaultCAServer (DefaultCAServer.java:lambda$processVerificationStatus$0(397)) - CertificateServer validation is successful
2024-07-06 11:53:55,145 [main] INFO  ipc.CallQueueManager (CallQueueManager.java:<init>(90)) - Using callQueue: class java.util.concurrent.LinkedBlockingQueue, queueCapacity: 200, scheduler: class org.apache.hadoop.ipc.DefaultRpcScheduler, ipcBackoff: false.
2024-07-06 11:53:55,146 [main] INFO  ipc.Server (Server.java:<init>(1287)) - Listener at 0.0.0.0:15010
2024-07-06 11:53:55,147 [Socket Reader #1 for port 15010] INFO  ipc.Server (Server.java:run(1323)) - Starting Socket Reader #1 for port 15010
2024-07-06 11:53:55,153 [main] INFO  server.StorageContainerManager (StorageContainerManager.java:<init>(440)) - SCM start with adminUsers: [runner, scm]
2024-07-06 11:53:55,153 [main] INFO  ipc.CallQueueManager (CallQueueManager.java:<init>(90)) - Using callQueue: class java.util.concurrent.LinkedBlockingQueue, queueCapacity: 10000, scheduler: class org.apache.hadoop.ipc.DefaultRpcScheduler, ipcBackoff: false.
2024-07-06 11:53:55,154 [main] INFO  ipc.Server (Server.java:<init>(1287)) - Listener at 0.0.0.0:15012
2024-07-06 11:53:55,154 [Socket Reader #1 for port 15012] INFO  ipc.Server (Server.java:run(1323)) - Starting Socket Reader #1 for port 15012
2024-07-06 11:53:55,158 [main] INFO  ipc.CallQueueManager (CallQueueManager.java:<init>(90)) - Using callQueue: class java.util.concurrent.LinkedBlockingQueue, queueCapacity: 10000, scheduler: class org.apache.hadoop.ipc.DefaultRpcScheduler, ipcBackoff: false.
2024-07-06 11:53:55,158 [main] INFO  ipc.Server (Server.java:<init>(1287)) - Listener at 0.0.0.0:15015
2024-07-06 11:53:55,158 [Socket Reader #1 for port 15015] INFO  ipc.Server (Server.java:run(1323)) - Starting Socket Reader #1 for port 15015
2024-07-06 11:53:55,166 [main] INFO  ipc.CallQueueManager (CallQueueManager.java:<init>(90)) - Using callQueue: class java.util.concurrent.LinkedBlockingQueue, queueCapacity: 10000, scheduler: class org.apache.hadoop.ipc.DefaultRpcScheduler, ipcBackoff: false.
2024-07-06 11:53:55,167 [main] INFO  ipc.Server (Server.java:<init>(1287)) - Listener at 0.0.0.0:15013
2024-07-06 11:53:55,167 [Socket Reader #1 for port 15013] INFO  ipc.Server (Server.java:run(1323)) - Starting Socket Reader #1 for port 15013
2024-07-06 11:53:55,168 [scmNode-1-SecretKeyManagerService] INFO  symmetric.SecretKeyManager (SecretKeyManager.java:checkAndRotate(125)) - SecretKey rotation is happening, new key generated SecretKey(id = 2203af62-81d5-49cf-a522-7518eb26350e, creation at: 2024-07-06T11:53:55.168035845Z, expire at: 2024-07-06T11:53:58.168035845Z)
2024-07-06 11:53:55,170 [eb66df86-6ffc-4e53-b873-cb2b44d5f35d@group-1EB1B476413A-StateMachineUpdater] INFO  symmetric.SecretKeyStateImpl (SecretKeyStateImpl.java:updateKeysInternal(113)) - Updating keys with [SecretKey(id = f2e265a0-4327-4147-9433-b5705af6b148, creation at: 2024-07-06T11:53:54.168Z, expire at: 2024-07-06T11:53:57.168Z), SecretKey(id = 26abe3c7-c350-4fab-bd3c-613834309851, creation at: 2024-07-06T11:53:53.068Z, expire at: 2024-07-06T11:53:56.068Z), SecretKey(id = 2203af62-81d5-49cf-a522-7518eb26350e, creation at: 2024-07-06T11:53:55.168Z, expire at: 2024-07-06T11:53:58.168Z)]
2024-07-06 11:53:55,170 [eb66df86-6ffc-4e53-b873-cb2b44d5f35d@group-1EB1B476413A-StateMachineUpdater] INFO  symmetric.SecretKeyStateImpl (SecretKeyStateImpl.java:updateKeysInternal(128)) - Current key updated SecretKey(id = 2203af62-81d5-49cf-a522-7518eb26350e, creation at: 2024-07-06T11:53:55.168Z, expire at: 2024-07-06T11:53:58.168Z)
2024-07-06 11:53:55,171 [eb66df86-6ffc-4e53-b873-cb2b44d5f35d@group-1EB1B476413A-StateMachineUpdater] INFO  symmetric.LocalSecretKeyStore (LocalSecretKeyStore.java:save(109)) - Saved [SecretKey(id = 2203af62-81d5-49cf-a522-7518eb26350e, creation at: 2024-07-06T11:53:55.168Z, expire at: 2024-07-06T11:53:58.168Z), SecretKey(id = f2e265a0-4327-4147-9433-b5705af6b148, creation at: 2024-07-06T11:53:54.168Z, expire at: 2024-07-06T11:53:57.168Z), SecretKey(id = 26abe3c7-c350-4fab-bd3c-613834309851, creation at: 2024-07-06T11:53:53.068Z, expire at: 2024-07-06T11:53:56.068Z)] to file /home/runner/work/ozone/ozone/hadoop-ozone/integration-test/target/test-dir/MiniOzoneClusterImpl-23934d72-33be-4118-bcff-1eb1b476413a/scmNode-1/scm/keys/secret_keys.json
2024-07-06 11:53:55,171 [eb66df86-6ffc-4e53-b873-cb2b44d5f35d@group-1EB1B476413A-StateMachineUpdater] INFO  safemode.HealthyPipelineSafeModeRule (HealthyPipelineSafeModeRule.java:initializeRule(172)) - Refreshed total pipeline count is 0, healthy pipeline threshold count is 1
2024-07-06 11:53:55,187 [main] INFO  ha.SCMServiceManager (SCMServiceManager.java:register(42)) - Registering service ContainerBalancer.
2024-07-06 11:53:55,187 [main] INFO  ha.SCMContext (SCMContext.java:updateSafeModeStatus(225)) - Update SafeModeStatus from SafeModeStatus{safeModeStatus=true, preCheckPassed=false} to SafeModeStatus{safeModeStatus=true, preCheckPassed=false}.
2024-07-06 11:53:55,187 [main] INFO  server.StorageContainerManager (StorageContainerManager.java:start(1538)) - StorageContainerLocationProtocol RPC server is listening at /0.0.0.0:15013
2024-07-06 11:53:55,188 [main] INFO  ha.SCMRatisServerImpl (SCMRatisServerImpl.java:start(192)) - starting ratis server 0.0.0.0:15011
2024-07-06 11:53:55,188 [41075d7a-0d70-4fa2-ba46-cbc672699b06-impl-thread1] INFO  server.RaftServerConfigKeys (ConfUtils.java:logGet(46)) - raft.server.storage.free-space.min = 0MB (=0) (default)
2024-07-06 11:53:55,188 [41075d7a-0d70-4fa2-ba46-cbc672699b06-impl-thread1] INFO  server.RaftServerConfigKeys (ConfUtils.java:logGet(46)) - raft.server.log.corruption.policy = EXCEPTION (default)
2024-07-06 11:53:55,188 [41075d7a-0d70-4fa2-ba46-cbc672699b06-impl-thread1] INFO  server.RaftServerConfigKeys (ConfUtils.java:logGet(46)) - raft.server.storage.dir = [/home/runner/work/ozone/ozone/hadoop-ozone/integration-test/target/test-dir/MiniOzoneClusterImpl-23934d72-33be-4118-bcff-1eb1b476413a/scmNode-2/scm-ha] (custom)
2024-07-06 11:53:55,188 [41075d7a-0d70-4fa2-ba46-cbc672699b06-impl-thread1] INFO  storage.RaftStorageDirectory (RaftStorageDirectoryImpl.java:analyzeStorage(138)) - The storage directory /home/runner/work/ozone/ozone/hadoop-ozone/integration-test/target/test-dir/MiniOzoneClusterImpl-23934d72-33be-4118-bcff-1eb1b476413a/scmNode-2/scm-ha/23934d72-33be-4118-bcff-1eb1b476413a does not exist. Creating ...
2024-07-06 11:53:55,189 [41075d7a-0d70-4fa2-ba46-cbc672699b06-impl-thread1] INFO  storage.RaftStorageDirectory (RaftStorageDirectoryImpl.java:tryLock(229)) - Lock on /home/runner/work/ozone/ozone/hadoop-ozone/integration-test/target/test-dir/MiniOzoneClusterImpl-23934d72-33be-4118-bcff-1eb1b476413a/scmNode-2/scm-ha/23934d72-33be-4118-bcff-1eb1b476413a/in_use.lock acquired by nodename 98265@fv-az1041-405
2024-07-06 11:53:55,191 [41075d7a-0d70-4fa2-ba46-cbc672699b06-impl-thread1] INFO  storage.RaftStorage (RaftStorageImpl.java:format(98)) - Storage directory /home/runner/work/ozone/ozone/hadoop-ozone/integration-test/target/test-dir/MiniOzoneClusterImpl-23934d72-33be-4118-bcff-1eb1b476413a/scmNode-2/scm-ha/23934d72-33be-4118-bcff-1eb1b476413a has been successfully formatted.
2024-07-06 11:53:55,191 [41075d7a-0d70-4fa2-ba46-cbc672699b06-impl-thread1] INFO  server.RaftServerConfigKeys (ConfUtils.java:logGet(46)) - raft.server.log.use.memory = false (default)
2024-07-06 11:53:55,191 [41075d7a-0d70-4fa2-ba46-cbc672699b06-impl-thread1] INFO  server.RaftServerConfigKeys (ConfUtils.java:logGet(46)) - raft.server.log.purge.gap = 1000000 (custom)
2024-07-06 11:53:55,192 [41075d7a-0d70-4fa2-ba46-cbc672699b06-impl-thread1] INFO  server.RaftServerConfigKeys (ConfUtils.java:logGet(46)) - raft.server.log.appender.buffer.byte-limit = 4194304 (custom)
2024-07-06 11:53:55,192 [41075d7a-0d70-4fa2-ba46-cbc672699b06-impl-thread1] INFO  server.RaftServerConfigKeys (ConfUtils.java:logGet(46)) - raft.server.log.statemachine.data.read.timeout = 1000ms (default)
2024-07-06 11:53:55,192 [41075d7a-0d70-4fa2-ba46-cbc672699b06-impl-thread1] INFO  server.RaftServerConfigKeys (ConfUtils.java:logGet(46)) - raft.server.log.purge.preservation.log.num = 0 (default)
2024-07-06 11:53:55,194 [41075d7a-0d70-4fa2-ba46-cbc672699b06-impl-thread1] INFO  server.RaftServerConfigKeys (ConfUtils.java:logGet(46)) - raft.server.log.segment.size.max = 4194304 (custom)
2024-07-06 11:53:55,195 [41075d7a-0d70-4fa2-ba46-cbc672699b06-impl-thread1] INFO  server.RaftServerConfigKeys (ConfUtils.java:logGet(46)) - raft.server.log.segment.cache.num.max = 2 (custom)
2024-07-06 11:53:55,195 [41075d7a-0d70-4fa2-ba46-cbc672699b06-impl-thread1] INFO  server.RaftServerConfigKeys (ConfUtils.java:logGet(46)) - raft.server.log.segment.cache.size.max = 200MB (=209715200) (default)
2024-07-06 11:53:55,195 [41075d7a-0d70-4fa2-ba46-cbc672699b06-impl-thread1] INFO  server.RaftServerConfigKeys (ConfUtils.java:logGet(46)) - raft.server.log.appender.buffer.byte-limit = 4194304 (custom)
2024-07-06 11:53:55,201 [41075d7a-0d70-4fa2-ba46-cbc672699b06-impl-thread1] INFO  util.AwaitToRun (AwaitToRun.java:start(81)) - Thread[41075d7a-0d70-4fa2-ba46-cbc672699b06@group-1EB1B476413A-cacheEviction-AwaitToRun,5,main] started
2024-07-06 11:53:55,201 [41075d7a-0d70-4fa2-ba46-cbc672699b06-impl-thread1] INFO  segmented.SegmentedRaftLogWorker (SegmentedRaftLogWorker.java:<init>(184)) - new 41075d7a-0d70-4fa2-ba46-cbc672699b06@group-1EB1B476413A-SegmentedRaftLogWorker for RaftStorageImpl:Storage Directory /home/runner/work/ozone/ozone/hadoop-ozone/integration-test/target/test-dir/MiniOzoneClusterImpl-23934d72-33be-4118-bcff-1eb1b476413a/scmNode-2/scm-ha/23934d72-33be-4118-bcff-1eb1b476413a
2024-07-06 11:53:55,201 [41075d7a-0d70-4fa2-ba46-cbc672699b06-impl-thread1] INFO  server.RaftServerConfigKeys (ConfUtils.java:logGet(46)) - raft.server.log.queue.byte-limit = 64MB (=67108864) (default)
2024-07-06 11:53:55,201 [41075d7a-0d70-4fa2-ba46-cbc672699b06-impl-thread1] INFO  server.RaftServerConfigKeys (ConfUtils.java:logGet(46)) - raft.server.log.queue.element-limit = 4096 (default)
2024-07-06 11:53:55,201 [41075d7a-0d70-4fa2-ba46-cbc672699b06-impl-thread1] INFO  server.RaftServerConfigKeys (ConfUtils.java:logGet(46)) - raft.server.log.segment.size.max = 4194304 (custom)
2024-07-06 11:53:55,201 [41075d7a-0d70-4fa2-ba46-cbc672699b06-impl-thread1] INFO  server.RaftServerConfigKeys (ConfUtils.java:logGet(46)) - raft.server.log.preallocated.size = 4194304 (custom)
2024-07-06 11:53:55,201 [41075d7a-0d70-4fa2-ba46-cbc672699b06-impl-thread1] INFO  server.RaftServerConfigKeys (ConfUtils.java:logGet(46)) - raft.server.log.force.sync.num = 128 (default)
2024-07-06 11:53:55,201 [41075d7a-0d70-4fa2-ba46-cbc672699b06-impl-thread1] INFO  server.RaftServerConfigKeys (ConfUtils.java:logGet(46)) - raft.server.log.statemachine.data.sync = true (default)
2024-07-06 11:53:55,202 [41075d7a-0d70-4fa2-ba46-cbc672699b06-impl-thread1] INFO  server.RaftServerConfigKeys (ConfUtils.java:logGet(46)) - raft.server.log.statemachine.data.sync.timeout = 10s (default)
2024-07-06 11:53:55,202 [41075d7a-0d70-4fa2-ba46-cbc672699b06-impl-thread1] INFO  server.RaftServerConfigKeys (ConfUtils.java:logGet(46)) - raft.server.log.statemachine.data.sync.timeout.retry = -1 (default)
2024-07-06 11:53:55,202 [41075d7a-0d70-4fa2-ba46-cbc672699b06-impl-thread1] INFO  server.RaftServerConfigKeys (ConfUtils.java:logGet(46)) - raft.server.log.write.buffer.size = 4194312 (custom)
2024-07-06 11:53:55,203 [41075d7a-0d70-4fa2-ba46-cbc672699b06-impl-thread1] INFO  server.RaftServerConfigKeys (ConfUtils.java:logGet(46)) - raft.server.log.appender.buffer.byte-limit = 4194304 (custom)
2024-07-06 11:53:55,203 [41075d7a-0d70-4fa2-ba46-cbc672699b06-impl-thread1] INFO  server.RaftServerConfigKeys (ConfUtils.java:logGet(46)) - raft.server.log.unsafe-flush.enabled = false (default)
2024-07-06 11:53:55,203 [41075d7a-0d70-4fa2-ba46-cbc672699b06-impl-thread1] INFO  server.RaftServerConfigKeys (ConfUtils.java:logGet(46)) - raft.server.log.async-flush.enabled = false (default)
2024-07-06 11:53:55,203 [41075d7a-0d70-4fa2-ba46-cbc672699b06-impl-thread1] INFO  server.RaftServerConfigKeys (ConfUtils.java:logGet(46)) - raft.server.log.statemachine.data.caching.enabled = false (default)
2024-07-06 11:53:55,203 [41075d7a-0d70-4fa2-ba46-cbc672699b06-impl-thread1] INFO  segmented.SegmentedRaftLogWorker (SegmentedRaftLogWorker.java:lambda$new$0(135)) - 41075d7a-0d70-4fa2-ba46-cbc672699b06@group-1EB1B476413A-SegmentedRaftLogWorker: flushIndex: setUnconditionally 0 -> -1
2024-07-06 11:53:55,203 [41075d7a-0d70-4fa2-ba46-cbc672699b06-impl-thread1] INFO  segmented.SegmentedRaftLogWorker (SegmentedRaftLogWorker.java:lambda$new$0(135)) - 41075d7a-0d70-4fa2-ba46-cbc672699b06@group-1EB1B476413A-SegmentedRaftLogWorker: safeCacheEvictIndex: setUnconditionally 0 -> -1
2024-07-06 11:53:55,205 [41075d7a-0d70-4fa2-ba46-cbc672699b06-impl-thread1] INFO  server.RaftServer$Division (RaftServerImpl.java:start(395)) - 41075d7a-0d70-4fa2-ba46-cbc672699b06@group-1EB1B476413A: start with initializing state, conf=conf: {index: -1, cur=peers:[]|listeners:[], old=null}
2024-07-06 11:53:55,205 [41075d7a-0d70-4fa2-ba46-cbc672699b06-impl-thread1] INFO  server.RaftServer$Division (RaftServerImpl.java:setRole(376)) - 41075d7a-0d70-4fa2-ba46-cbc672699b06@group-1EB1B476413A: changes role from      null to FOLLOWER at term 0 for start
2024-07-06 11:53:55,205 [41075d7a-0d70-4fa2-ba46-cbc672699b06-impl-thread1] INFO  util.JmxRegister (JmxRegister.java:tryRegister(44)) - Successfully registered JMX Bean with object name Ratis:service=RaftServer,group=group-1EB1B476413A,id=41075d7a-0d70-4fa2-ba46-cbc672699b06
2024-07-06 11:53:55,205 [41075d7a-0d70-4fa2-ba46-cbc672699b06-impl-thread1] INFO  util.JmxRegister (JmxRegister.java:register(58)) - register mxBean class org.apache.ratis.server.impl.RaftServerJmxAdapter as Ratis:service=RaftServer,group=group-1EB1B476413A,id=41075d7a-0d70-4fa2-ba46-cbc672699b06
2024-07-06 11:53:55,205 [41075d7a-0d70-4fa2-ba46-cbc672699b06-impl-thread1] INFO  server.RaftServerConfigKeys (ConfUtils.java:logGet(46)) - raft.server.snapshot.trigger-when-stop.enabled = true (default)
2024-07-06 11:53:55,205 [41075d7a-0d70-4fa2-ba46-cbc672699b06-impl-thread1] INFO  server.RaftServerConfigKeys (ConfUtils.java:logGet(46)) - raft.server.snapshot.trigger-when-remove.enabled = true (default)
2024-07-06 11:53:55,205 [41075d7a-0d70-4fa2-ba46-cbc672699b06-impl-thread1] INFO  server.RaftServerConfigKeys (ConfUtils.java:logGet(46)) - raft.server.snapshot.auto.trigger.enabled = true (custom)
2024-07-06 11:53:55,206 [41075d7a-0d70-4fa2-ba46-cbc672699b06-impl-thread1] INFO  server.RaftServerConfigKeys (ConfUtils.java:logGet(46)) - raft.server.snapshot.auto.trigger.threshold = 1000 (custom)
2024-07-06 11:53:55,206 [41075d7a-0d70-4fa2-ba46-cbc672699b06-impl-thread1] INFO  server.RaftServerConfigKeys (ConfUtils.java:logGet(46)) - raft.server.snapshot.retention.file.num = -1 (default)
2024-07-06 11:53:55,206 [41075d7a-0d70-4fa2-ba46-cbc672699b06-impl-thread1] INFO  server.RaftServerConfigKeys (ConfUtils.java:logGet(46)) - raft.server.log.purge.upto.snapshot.index = false (default)
2024-07-06 11:53:55,209 [main] INFO  server.RaftServer (RaftServerProxy.java:startImpl(408)) - 41075d7a-0d70-4fa2-ba46-cbc672699b06: start RPC server
2024-07-06 11:53:55,209 [main] INFO  server.GrpcService (GrpcService.java:startImpl(302)) - 41075d7a-0d70-4fa2-ba46-cbc672699b06: GrpcService started, listening on 15011
2024-07-06 11:53:55,214 [main] INFO  ha.SCMNodeInfo (SCMNodeInfo.java:getPort(197)) - ConfigKey ozone.scm.client.address is deprecated, For configuring different ports for each SCM use PortConfigKey ozone.scm.client.port appended with serviceId and nodeId
2024-07-06 11:53:55,214 [main] INFO  ha.SCMNodeInfo (SCMNodeInfo.java:getPort(197)) - ConfigKey ozone.scm.block.client.address is deprecated, For configuring different ports for each SCM use PortConfigKey ozone.scm.block.client.port appended with serviceId and nodeId
2024-07-06 11:53:55,214 [main] INFO  ha.SCMNodeInfo (SCMNodeInfo.java:getPort(197)) - ConfigKey ozone.scm.security.service.address is deprecated, For configuring different ports for each SCM use PortConfigKey ozone.scm.security.service.port appended with serviceId and nodeId
2024-07-06 11:53:55,214 [main] INFO  ha.SCMNodeInfo (SCMNodeInfo.java:getPort(197)) - ConfigKey ozone.scm.datanode.address is deprecated, For configuring different ports for each SCM use PortConfigKey ozone.scm.datanode.port appended with serviceId and nodeId
2024-07-06 11:53:55,215 [main] INFO  ha.SCMNodeInfo (SCMNodeInfo.java:getPort(197)) - ConfigKey ozone.scm.client.address is deprecated, For configuring different ports for each SCM use PortConfigKey ozone.scm.client.port appended with serviceId and nodeId
2024-07-06 11:53:55,215 [main] INFO  ha.SCMNodeInfo (SCMNodeInfo.java:getPort(197)) - ConfigKey ozone.scm.block.client.address is deprecated, For configuring different ports for each SCM use PortConfigKey ozone.scm.block.client.port appended with serviceId and nodeId
2024-07-06 11:53:55,215 [main] INFO  ha.SCMNodeInfo (SCMNodeInfo.java:getPort(197)) - ConfigKey ozone.scm.security.service.address is deprecated, For configuring different ports for each SCM use PortConfigKey ozone.scm.security.service.port appended with serviceId and nodeId
2024-07-06 11:53:55,215 [main] INFO  ha.SCMNodeInfo (SCMNodeInfo.java:getPort(197)) - ConfigKey ozone.scm.datanode.address is deprecated, For configuring different ports for each SCM use PortConfigKey ozone.scm.datanode.port appended with serviceId and nodeId
2024-07-06 11:53:55,216 [main] INFO  proxy.SCMBlockLocationFailoverProxyProvider (SCMBlockLocationFailoverProxyProvider.java:<init>(115)) - Created block location fail-over proxy with 2 nodes: [nodeId=scmNode-3,nodeAddress=/127.0.0.1:15023, nodeId=scmNode-1,nodeAddress=/127.0.0.1:15007]
2024-07-06 11:53:55,220 [JvmPauseMonitor2] INFO  util.JvmPauseMonitor (JvmPauseMonitor.java:run(146)) - JvmPauseMonitor-41075d7a-0d70-4fa2-ba46-cbc672699b06: Started
2024-07-06 11:53:55,232 [pool-1-thread-2] INFO  request.TgsRequest (TgsRequest.java:issueTicket(115)) - TGS_REQ ISSUE: authtime 1720266835231,scm/fv-az1041-405.cgqmq5qunpnelbz5tk1v55v5te.bx.internal.cloudapp.net for scm/fv-az1041-405.cgqmq5qunpnelbz5tk1v55v5te.bx.internal.cloudapp.net@EXAMPLE.COM
2024-07-06 11:53:55,240 [Socket Reader #1 for port 15007] INFO  ipc.Server (Server.java:saslProcess(2139)) - Auth successful for scm/fv-az1041-405.cgqmq5qunpnelbz5tk1v55v5te.bx.internal.cloudapp.net@EXAMPLE.COM (auth:KERBEROS) from fv-az1041-405.cgqmq5qunpnelbz5tk1v55v5te.bx.internal.cloudapp.net:34049 / 10.1.0.11:34049
2024-07-06 11:53:55,245 [Socket Reader #1 for port 15007] INFO  authorize.ServiceAuthorizationManager (ServiceAuthorizationManager.java:authorize(137)) - Authorization successful for scm/fv-az1041-405.cgqmq5qunpnelbz5tk1v55v5te.bx.internal.cloudapp.net@EXAMPLE.COM (auth:KERBEROS) for protocol=interface org.apache.hadoop.hdds.scm.protocol.ScmBlockLocationProtocol
2024-07-06 11:53:55,246 [IPC Server handler 0 on default port 15007] INFO  ha.SCMRatisServerImpl (SCMRatisServerImpl.java:addSCM(317)) - eb66df86-6ffc-4e53-b873-cb2b44d5f35d: Submitting SetConfiguration request to Ratis server with new SCM peers list: [eb66df86-6ffc-4e53-b873-cb2b44d5f35d|localhost:15003, 41075d7a-0d70-4fa2-ba46-cbc672699b06|localhost:15011]
2024-07-06 11:53:55,248 [IPC Server handler 0 on default port 15007] INFO  server.RaftServer$Division (RaftServerImpl.java:setConfigurationAsync(1305)) - eb66df86-6ffc-4e53-b873-cb2b44d5f35d@group-1EB1B476413A: receive setConfiguration SetConfigurationRequest:client-DC632CDE1FE1->eb66df86-6ffc-4e53-b873-cb2b44d5f35d@group-1EB1B476413A, cid=7, seq=null, RW, null, SET_UNCONDITIONALLY, servers:[eb66df86-6ffc-4e53-b873-cb2b44d5f35d|localhost:15003, 41075d7a-0d70-4fa2-ba46-cbc672699b06|localhost:15011], listeners:[]
2024-07-06 11:53:55,249 [IPC Server handler 0 on default port 15007] INFO  server.RaftServer$Division (LeaderStateImpl.java:startSetConfiguration(488)) - eb66df86-6ffc-4e53-b873-cb2b44d5f35d@group-1EB1B476413A-LeaderStateImpl: startSetConfiguration SetConfigurationRequest:client-DC632CDE1FE1->eb66df86-6ffc-4e53-b873-cb2b44d5f35d@group-1EB1B476413A, cid=7, seq=null, RW, null, SET_UNCONDITIONALLY, servers:[eb66df86-6ffc-4e53-b873-cb2b44d5f35d|localhost:15003, 41075d7a-0d70-4fa2-ba46-cbc672699b06|localhost:15011], listeners:[]
2024-07-06 11:53:55,255 [IPC Server handler 0 on default port 15007] INFO  server.RaftServerConfigKeys (ConfUtils.java:logGet(46)) - raft.server.log.appender.snapshot.chunk.size.max = 16MB (=16777216) (default)
2024-07-06 11:53:55,255 [IPC Server handler 0 on default port 15007] INFO  server.RaftServerConfigKeys (ConfUtils.java:logGet(46)) - raft.server.log.appender.buffer.byte-limit = 4194304 (custom)
2024-07-06 11:53:55,256 [IPC Server handler 0 on default port 15007] INFO  server.RaftServerConfigKeys (ConfUtils.java:logGet(46)) - raft.server.log.appender.buffer.element-limit = 1024 (custom)
2024-07-06 11:53:55,257 [IPC Server handler 0 on default port 15007] INFO  server.RaftServerConfigKeys (ConfUtils.java:logGet(46)) - raft.server.log.appender.wait-time.min = 0ms (custom)
2024-07-06 11:53:55,258 [IPC Server handler 0 on default port 15007] INFO  grpc.GrpcConfigKeys (ConfUtils.java:logGet(46)) - raft.grpc.server.leader.outstanding.appends.max = 8 (default)
2024-07-06 11:53:55,258 [IPC Server handler 0 on default port 15007] INFO  server.RaftServerConfigKeys (ConfUtils.java:logGet(46)) - raft.server.rpc.request.timeout = 30000ms (custom)
2024-07-06 11:53:55,258 [IPC Server handler 0 on default port 15007] INFO  grpc.GrpcConfigKeys (ConfUtils.java:logGet(46)) - raft.grpc.server.install_snapshot.request.element-limit = 8 (default)
2024-07-06 11:53:55,258 [IPC Server handler 0 on default port 15007] INFO  grpc.GrpcConfigKeys (ConfUtils.java:logGet(46)) - raft.grpc.server.install_snapshot.request.timeout = 3000ms (default)
2024-07-06 11:53:55,259 [IPC Server handler 0 on default port 15007] INFO  grpc.GrpcConfigKeys (ConfUtils.java:logGet(46)) - raft.grpc.server.log-message.batch.duration = 5s (default)
2024-07-06 11:53:55,259 [IPC Server handler 0 on default port 15007] INFO  server.RaftServerConfigKeys (ConfUtils.java:logGet(46)) - raft.server.log.appender.install.snapshot.enabled = false (custom)
2024-07-06 11:53:55,260 [IPC Server handler 0 on default port 15007] INFO  grpc.GrpcConfigKeys (ConfUtils.java:logGet(46)) - raft.grpc.server.heartbeat.channel = true (default)
2024-07-06 11:53:55,264 [eb66df86-6ffc-4e53-b873-cb2b44d5f35d@group-1EB1B476413A->41075d7a-0d70-4fa2-ba46-cbc672699b06-GrpcLogAppender-LogAppenderDaemon] INFO  server.GrpcLogAppender (GrpcLogAppender.java:notifyInstallSnapshot(790)) - eb66df86-6ffc-4e53-b873-cb2b44d5f35d@group-1EB1B476413A->41075d7a-0d70-4fa2-ba46-cbc672699b06-GrpcLogAppender: notifyInstallSnapshot with firstAvailable=(t:1, i:0), followerNextIndex=0
2024-07-06 11:53:55,269 [eb66df86-6ffc-4e53-b873-cb2b44d5f35d@group-1EB1B476413A->41075d7a-0d70-4fa2-ba46-cbc672699b06-GrpcLogAppender-LogAppenderDaemon] INFO  server.GrpcLogAppender (GrpcLogAppender.java:notifyInstallSnapshot(798)) - eb66df86-6ffc-4e53-b873-cb2b44d5f35d@group-1EB1B476413A->41075d7a-0d70-4fa2-ba46-cbc672699b06-GrpcLogAppender: send eb66df86-6ffc-4e53-b873-cb2b44d5f35d->41075d7a-0d70-4fa2-ba46-cbc672699b06#0-t2,notify:(t:1, i:0)
2024-07-06 11:53:55,270 [eb66df86-6ffc-4e53-b873-cb2b44d5f35d@group-1EB1B476413A->41075d7a-0d70-4fa2-ba46-cbc672699b06-GrpcLogAppender-LogAppenderDaemon] INFO  server.GrpcServerProtocolClient (GrpcServerProtocolClient.java:<init>(65)) - Build channel for 41075d7a-0d70-4fa2-ba46-cbc672699b06|localhost:15011
2024-07-06 11:53:55,285 [grpc-default-executor-2] INFO  impl.SnapshotInstallationHandler (SnapshotInstallationHandler.java:installSnapshot(92)) - 41075d7a-0d70-4fa2-ba46-cbc672699b06@group-1EB1B476413A: receive installSnapshot: eb66df86-6ffc-4e53-b873-cb2b44d5f35d->41075d7a-0d70-4fa2-ba46-cbc672699b06#0-t2,notify:(t:1, i:0)
2024-07-06 11:53:55,287 [grpc-default-executor-2] INFO  server.RaftServer$Division (RaftServerImpl.java:setFirstElection(549)) - 41075d7a-0d70-4fa2-ba46-cbc672699b06@group-1EB1B476413A: set firstElectionSinceStartup to false for installSnapshot
2024-07-06 11:53:55,287 [grpc-default-executor-2] INFO  ha.SCMStateMachine (SCMStateMachine.java:notifyLeaderChanged(288)) - leader changed, yet current SCM is still follower.
2024-07-06 11:53:55,288 [grpc-default-executor-2] INFO  server.RaftServer$Division (ServerState.java:setLeader(272)) - 41075d7a-0d70-4fa2-ba46-cbc672699b06@group-1EB1B476413A: change Leader from null to eb66df86-6ffc-4e53-b873-cb2b44d5f35d at term 2 for installSnapshot, leader elected after 179ms
2024-07-06 11:53:55,289 [grpc-default-executor-2] INFO  impl.SnapshotInstallationHandler (SnapshotInstallationHandler.java:notifyStateMachineToInstallSnapshot(222)) - 41075d7a-0d70-4fa2-ba46-cbc672699b06@group-1EB1B476413A: Received notification to install snapshot at index 0
2024-07-06 11:53:55,291 [grpc-default-executor-2] INFO  impl.SnapshotInstallationHandler (SnapshotInstallationHandler.java:notifyStateMachineToInstallSnapshot(256)) - 41075d7a-0d70-4fa2-ba46-cbc672699b06@group-1EB1B476413A: notifyInstallSnapshot: nextIndex is 0 but the leader's first available index is 0.
2024-07-06 11:53:55,292 [grpc-default-executor-2] INFO  ha.SCMStateMachine (SCMStateMachine.java:notifyInstallSnapshotFromLeader(241)) - Received install snapshot notification from SCM leader: localhost:15003 with term index: (t:1, i:0)
2024-07-06 11:53:55,293 [scmNode-2-SCMInstallSnapshot-0] INFO  ha.SCMHAManagerImpl (SCMHAManagerImpl.java:getDBCheckpointFromLeader(267)) - Downloading checkpoint from leader SCM scmNode-1 and reloading state from the checkpoint.
2024-07-06 11:53:55,309 [grpc-default-executor-0] INFO  ha.SCMDBCheckpointProvider (SCMDBCheckpointProvider.java:writeDBCheckPointToSream(49)) - Received request to obtain SCM DB checkpoint snapshot
2024-07-06 11:53:55,324 [grpc-default-executor-0] INFO  db.RDBCheckpointManager (RDBCheckpointManager.java:createCheckpoint(89)) - Created checkpoint in rocksDB at /home/runner/work/ozone/ozone/hadoop-ozone/integration-test/target/test-dir/MiniOzoneClusterImpl-23934d72-33be-4118-bcff-1eb1b476413a/scmNode-1/db.checkpoints/scm.db_checkpoint_1720266835321 in 2 milliseconds
2024-07-06 11:53:55,354 [grpc-default-executor-0] INFO  ha.SCMGrpcOutputStream (SCMGrpcOutputStream.java:close(111)) - Sent 75776 bytes for cluster 23934d72-33be-4118-bcff-1eb1b476413a
2024-07-06 11:53:55,355 [grpc-default-executor-0] INFO  ha.SCMDBCheckpointProvider (SCMDBCheckpointProvider.java:writeDBCheckPointToSream(75)) - Time taken to write the checkpoint to response output stream: 29 milliseconds
2024-07-06 11:53:55,355 [grpc-default-executor-0] INFO  db.RocksDBCheckpoint (RocksDBCheckpoint.java:cleanupCheckpoint(78)) - Cleaning up RocksDB checkpoint at /home/runner/work/ozone/ozone/hadoop-ozone/integration-test/target/test-dir/MiniOzoneClusterImpl-23934d72-33be-4118-bcff-1eb1b476413a/scmNode-1/db.checkpoints/scm.db_checkpoint_1720266835321
2024-07-06 11:53:55,356 [grpc-default-executor-3] INFO  ha.InterSCMGrpcClient (InterSCMGrpcClient.java:onCompleted(175)) - Checkpoint is downloaded to /home/runner/work/ozone/ozone/hadoop-ozone/integration-test/target/test-dir/MiniOzoneClusterImpl-23934d72-33be-4118-bcff-1eb1b476413a/scmNode-2/snapshot/scm.db-scmNode-1-1720266835293.tar
2024-07-06 11:53:55,374 [grpc-default-executor-2] INFO  impl.SnapshotInstallationHandler (SnapshotInstallationHandler.java:installSnapshotImpl(138)) - 41075d7a-0d70-4fa2-ba46-cbc672699b06@group-1EB1B476413A: set new configuration index: 1
configurationEntry {
  peers {
    id: "eb66df86-6ffc-4e53-b873-cb2b44d5f35d"
    address: "localhost:15003"
    startupRole: FOLLOWER
  }
}
 from snapshot
2024-07-06 11:53:55,375 [grpc-default-executor-2] INFO  server.RaftServer$Division (ServerState.java:setRaftConf(386)) - 41075d7a-0d70-4fa2-ba46-cbc672699b06@group-1EB1B476413A: set configuration conf: {index: 1, cur=peers:[eb66df86-6ffc-4e53-b873-cb2b44d5f35d|localhost:15003]|listeners:[], old=null}
2024-07-06 11:53:55,376 [scmNode-2-SCMInstallSnapshot-0] INFO  ha.SCMSnapshotProvider (SCMSnapshotProvider.java:getSCMDBSnapshot(131)) - Successfully downloaded latest checkpoint from leader SCM: scmNode-1 path /home/runner/work/ozone/ozone/hadoop-ozone/integration-test/target/test-dir/MiniOzoneClusterImpl-23934d72-33be-4118-bcff-1eb1b476413a/scmNode-2/snapshot/scm.db-scmNode-1-1720266835293
2024-07-06 11:53:55,376 [grpc-default-executor-2] INFO  impl.SnapshotInstallationHandler (SnapshotInstallationHandler.java:installSnapshot(103)) - 41075d7a-0d70-4fa2-ba46-cbc672699b06@group-1EB1B476413A: reply installSnapshot: eb66df86-6ffc-4e53-b873-cb2b44d5f35d<-41075d7a-0d70-4fa2-ba46-cbc672699b06#0:FAIL-t0,IN_PROGRESS,snapshotIndex=0
2024-07-06 11:53:55,377 [scmNode-2-SCMInstallSnapshot-0] INFO  ha.SCMHAManagerImpl (SCMHAManagerImpl.java:downloadCheckpointFromLeader(203)) - Downloaded checkpoint from Leader scmNode-1 to the location /home/runner/work/ozone/ozone/hadoop-ozone/integration-test/target/test-dir/MiniOzoneClusterImpl-23934d72-33be-4118-bcff-1eb1b476413a/scmNode-2/snapshot/scm.db-scmNode-1-1720266835293
2024-07-06 11:53:55,377 [scmNode-2-SCMInstallSnapshot-0] INFO  ha.SCMHAManagerImpl (SCMHAManagerImpl.java:getSecretKeysFromLeader(216)) - Getting secret keys from leader scmNode-1.
2024-07-06 11:53:55,379 [scmNode-2-SCMInstallSnapshot-0] INFO  ha.SCMNodeInfo (SCMNodeInfo.java:getPort(197)) - ConfigKey ozone.scm.client.address is deprecated, For configuring different ports for each SCM use PortConfigKey ozone.scm.client.port appended with serviceId and nodeId
2024-07-06 11:53:55,379 [scmNode-2-SCMInstallSnapshot-0] INFO  ha.SCMNodeInfo (SCMNodeInfo.java:getPort(197)) - ConfigKey ozone.scm.block.client.address is deprecated, For configuring different ports for each SCM use PortConfigKey ozone.scm.block.client.port appended with serviceId and nodeId
2024-07-06 11:53:55,379 [scmNode-2-SCMInstallSnapshot-0] INFO  ha.SCMNodeInfo (SCMNodeInfo.java:getPort(197)) - ConfigKey ozone.scm.security.service.address is deprecated, For configuring different ports for each SCM use PortConfigKey ozone.scm.security.service.port appended with serviceId and nodeId
2024-07-06 11:53:55,379 [scmNode-2-SCMInstallSnapshot-0] INFO  ha.SCMNodeInfo (SCMNodeInfo.java:getPort(197)) - ConfigKey ozone.scm.datanode.address is deprecated, For configuring different ports for each SCM use PortConfigKey ozone.scm.datanode.port appended with serviceId and nodeId
2024-07-06 11:53:55,379 [scmNode-2-SCMInstallSnapshot-0] INFO  ha.SCMNodeInfo (SCMNodeInfo.java:getPort(197)) - ConfigKey ozone.scm.client.address is deprecated, For configuring different ports for each SCM use PortConfigKey ozone.scm.client.port appended with serviceId and nodeId
2024-07-06 11:53:55,379 [scmNode-2-SCMInstallSnapshot-0] INFO  ha.SCMNodeInfo (SCMNodeInfo.java:getPort(197)) - ConfigKey ozone.scm.block.client.address is deprecated, For configuring different ports for each SCM use PortConfigKey ozone.scm.block.client.port appended with serviceId and nodeId
2024-07-06 11:53:55,380 [scmNode-2-SCMInstallSnapshot-0] INFO  ha.SCMNodeInfo (SCMNodeInfo.java:getPort(197)) - ConfigKey ozone.scm.security.service.address is deprecated, For configuring different ports for each SCM use PortConfigKey ozone.scm.security.service.port appended with serviceId and nodeId
2024-07-06 11:53:55,380 [scmNode-2-SCMInstallSnapshot-0] INFO  ha.SCMNodeInfo (SCMNodeInfo.java:getPort(197)) - ConfigKey ozone.scm.datanode.address is deprecated, For configuring different ports for each SCM use PortConfigKey ozone.scm.datanode.port appended with serviceId and nodeId
2024-07-06 11:53:55,380 [scmNode-2-SCMInstallSnapshot-0] INFO  ha.SCMNodeInfo (SCMNodeInfo.java:getPort(197)) - ConfigKey ozone.scm.client.address is deprecated, For configuring different ports for each SCM use PortConfigKey ozone.scm.client.port appended with serviceId and nodeId
2024-07-06 11:53:55,380 [scmNode-2-SCMInstallSnapshot-0] INFO  ha.SCMNodeInfo (SCMNodeInfo.java:getPort(197)) - ConfigKey ozone.scm.block.client.address is deprecated, For configuring different ports for each SCM use PortConfigKey ozone.scm.block.client.port appended with serviceId and nodeId
2024-07-06 11:53:55,380 [scmNode-2-SCMInstallSnapshot-0] INFO  ha.SCMNodeInfo (SCMNodeInfo.java:getPort(197)) - ConfigKey ozone.scm.security.service.address is deprecated, For configuring different ports for each SCM use PortConfigKey ozone.scm.security.service.port appended with serviceId and nodeId
2024-07-06 11:53:55,380 [scmNode-2-SCMInstallSnapshot-0] INFO  ha.SCMNodeInfo (SCMNodeInfo.java:getPort(197)) - ConfigKey ozone.scm.datanode.address is deprecated, For configuring different ports for each SCM use PortConfigKey ozone.scm.datanode.port appended with serviceId and nodeId
2024-07-06 11:53:55,380 [grpc-default-executor-2] INFO  server.GrpcServerProtocolService (GrpcServerProtocolService.java:onCompleted(157)) - 41075d7a-0d70-4fa2-ba46-cbc672699b06: Completed INSTALL_SNAPSHOT, lastRequest: eb66df86-6ffc-4e53-b873-cb2b44d5f35d->41075d7a-0d70-4fa2-ba46-cbc672699b06#0-t2,notify:(t:1, i:0)
2024-07-06 11:53:55,380 [grpc-default-executor-2] INFO  server.GrpcServerProtocolService (GrpcServerProtocolService.java:lambda$onCompleted$5(159)) - 41075d7a-0d70-4fa2-ba46-cbc672699b06: Completed INSTALL_SNAPSHOT, lastReply: null
2024-07-06 11:53:55,385 [grpc-default-executor-2] INFO  server.GrpcLogAppender (GrpcLogAppender.java:onNext(649)) - eb66df86-6ffc-4e53-b873-cb2b44d5f35d@group-1EB1B476413A->41075d7a-0d70-4fa2-ba46-cbc672699b06-InstallSnapshotResponseHandler: received the first reply eb66df86-6ffc-4e53-b873-cb2b44d5f35d<-41075d7a-0d70-4fa2-ba46-cbc672699b06#0:FAIL-t0,IN_PROGRESS,snapshotIndex=0
2024-07-06 11:53:55,386 [grpc-default-executor-2] INFO  server.GrpcLogAppender (GrpcLogAppender.java:onNext(665)) - eb66df86-6ffc-4e53-b873-cb2b44d5f35d@group-1EB1B476413A->41075d7a-0d70-4fa2-ba46-cbc672699b06-InstallSnapshotResponseHandler: InstallSnapshot in progress.
2024-07-06 11:53:55,404 [41075d7a-0d70-4fa2-ba46-cbc672699b06-server-thread1] INFO  server.RaftServer$Division (RaftServerImpl.java:checkInconsistentAppendEntries(1629)) - 41075d7a-0d70-4fa2-ba46-cbc672699b06@group-1EB1B476413A: Failed appendEntries as snapshot (0) installation is in progress
2024-07-06 11:53:55,406 [41075d7a-0d70-4fa2-ba46-cbc672699b06-server-thread1] INFO  server.RaftServer$Division (RaftServerImpl.java:appendEntriesAsync(1584)) - 41075d7a-0d70-4fa2-ba46-cbc672699b06@group-1EB1B476413A: appendEntries* reply eb66df86-6ffc-4e53-b873-cb2b44d5f35d<-41075d7a-0d70-4fa2-ba46-cbc672699b06#0:FAIL-t2,INCONSISTENCY,nextIndex=0,followerCommit=-1,matchIndex=-1
2024-07-06 11:53:55,407 [grpc-default-executor-2] WARN  server.GrpcLogAppender (GrpcLogAppender.java:onNextImpl(519)) - eb66df86-6ffc-4e53-b873-cb2b44d5f35d@group-1EB1B476413A->41075d7a-0d70-4fa2-ba46-cbc672699b06-AppendLogResponseHandler: received INCONSISTENCY reply with nextIndex 0, errorCount=1, request=AppendEntriesRequest:cid=0,entriesCount=0
2024-07-06 11:53:55,411 [eb66df86-6ffc-4e53-b873-cb2b44d5f35d@group-1EB1B476413A->41075d7a-0d70-4fa2-ba46-cbc672699b06-GrpcLogAppender-LogAppenderDaemon] INFO  server.GrpcLogAppender (GrpcLogAppender.java:notifyInstallSnapshot(790)) - eb66df86-6ffc-4e53-b873-cb2b44d5f35d@group-1EB1B476413A->41075d7a-0d70-4fa2-ba46-cbc672699b06-GrpcLogAppender: notifyInstallSnapshot with firstAvailable=(t:1, i:0), followerNextIndex=0
2024-07-06 11:53:55,411 [eb66df86-6ffc-4e53-b873-cb2b44d5f35d@group-1EB1B476413A->41075d7a-0d70-4fa2-ba46-cbc672699b06-GrpcLogAppender-LogAppenderDaemon] INFO  server.GrpcLogAppender (GrpcLogAppender.java:notifyInstallSnapshot(798)) - eb66df86-6ffc-4e53-b873-cb2b44d5f35d@group-1EB1B476413A->41075d7a-0d70-4fa2-ba46-cbc672699b06-GrpcLogAppender: send eb66df86-6ffc-4e53-b873-cb2b44d5f35d->41075d7a-0d70-4fa2-ba46-cbc672699b06#0-t2,notify:(t:1, i:0)
2024-07-06 11:53:55,414 [grpc-default-executor-0] INFO  impl.SnapshotInstallationHandler (SnapshotInstallationHandler.java:installSnapshot(92)) - 41075d7a-0d70-4fa2-ba46-cbc672699b06@group-1EB1B476413A: receive installSnapshot: eb66df86-6ffc-4e53-b873-cb2b44d5f35d->41075d7a-0d70-4fa2-ba46-cbc672699b06#0-t2,notify:(t:1, i:0)
2024-07-06 11:53:55,415 [grpc-default-executor-0] INFO  impl.SnapshotInstallationHandler (SnapshotInstallationHandler.java:installSnapshotImpl(138)) - 41075d7a-0d70-4fa2-ba46-cbc672699b06@group-1EB1B476413A: set new configuration index: 1
configurationEntry {
  peers {
    id: "eb66df86-6ffc-4e53-b873-cb2b44d5f35d"
    address: "localhost:15003"
    startupRole: FOLLOWER
  }
}
 from snapshot
2024-07-06 11:53:55,415 [grpc-default-executor-0] INFO  server.RaftServer$Division (ServerState.java:setRaftConf(386)) - 41075d7a-0d70-4fa2-ba46-cbc672699b06@group-1EB1B476413A: set configuration conf: {index: 1, cur=peers:[eb66df86-6ffc-4e53-b873-cb2b44d5f35d|localhost:15003]|listeners:[], old=null}
2024-07-06 11:53:55,416 [Socket Reader #1 for port 15002] INFO  ipc.Server (Server.java:saslProcess(2139)) - Auth successful for scm/fv-az1041-405.cgqmq5qunpnelbz5tk1v55v5te.bx.internal.cloudapp.net@EXAMPLE.COM (auth:KERBEROS) from fv-az1041-405.cgqmq5qunpnelbz5tk1v55v5te.bx.internal.cloudapp.net:44755 / 10.1.0.11:44755
2024-07-06 11:53:55,416 [grpc-default-executor-0] INFO  impl.SnapshotInstallationHandler (SnapshotInstallationHandler.java:installSnapshot(103)) - 41075d7a-0d70-4fa2-ba46-cbc672699b06@group-1EB1B476413A: reply installSnapshot: eb66df86-6ffc-4e53-b873-cb2b44d5f35d<-41075d7a-0d70-4fa2-ba46-cbc672699b06#0:FAIL-t2,IN_PROGRESS,snapshotIndex=0
2024-07-06 11:53:55,417 [grpc-default-executor-0] INFO  server.GrpcLogAppender (GrpcLogAppender.java:onNext(649)) - eb66df86-6ffc-4e53-b873-cb2b44d5f35d@group-1EB1B476413A->41075d7a-0d70-4fa2-ba46-cbc672699b06-InstallSnapshotResponseHandler: received a reply eb66df86-6ffc-4e53-b873-cb2b44d5f35d<-41075d7a-0d70-4fa2-ba46-cbc672699b06#0:FAIL-t2,IN_PROGRESS,snapshotIndex=0
2024-07-06 11:53:55,417 [grpc-default-executor-0] INFO  server.GrpcLogAppender (GrpcLogAppender.java:onNext(665)) - eb66df86-6ffc-4e53-b873-cb2b44d5f35d@group-1EB1B476413A->41075d7a-0d70-4fa2-ba46-cbc672699b06-InstallSnapshotResponseHandler: InstallSnapshot in progress.
2024-07-06 11:53:55,418 [grpc-default-executor-0] WARN  server.GrpcLogAppender (LogUtils.java:warn(121)) - eb66df86-6ffc-4e53-b873-cb2b44d5f35d@group-1EB1B476413A->41075d7a-0d70-4fa2-ba46-cbc672699b06-InstallSnapshotResponseHandler: Failed InstallSnapshot: org.apache.ratis.thirdparty.io.grpc.StatusRuntimeException: CANCELLED: Failed to read message.
2024-07-06 11:53:55,420 [grpc-default-executor-3] WARN  server.GrpcServerProtocolService (LogUtils.java:warn(121)) - 41075d7a-0d70-4fa2-ba46-cbc672699b06: INSTALL_SNAPSHOT onError, lastRequest: eb66df86-6ffc-4e53-b873-cb2b44d5f35d->41075d7a-0d70-4fa2-ba46-cbc672699b06#0-t2,notify:(t:1, i:0): org.apache.ratis.thirdparty.io.grpc.StatusRuntimeException: CANCELLED: client cancelled
2024-07-06 11:53:55,423 [grpc-default-executor-0] WARN  server.GrpcLogAppender (GrpcLogAppender.java:lambda$resetClient$1(221)) - eb66df86-6ffc-4e53-b873-cb2b44d5f35d@group-1EB1B476413A->41075d7a-0d70-4fa2-ba46-cbc672699b06-GrpcLogAppender: Follower failed (request=null, errorCount=1); keep nextIndex (0) unchanged and retry.
2024-07-06 11:53:55,424 [Socket Reader #1 for port 15002] INFO  authorize.ServiceAuthorizationManager (ServiceAuthorizationManager.java:authorize(137)) - Authorization successful for scm/fv-az1041-405.cgqmq5qunpnelbz5tk1v55v5te.bx.internal.cloudapp.net@EXAMPLE.COM (auth:KERBEROS) for protocol=interface org.apache.hadoop.hdds.protocol.SecretKeyProtocolScm
2024-07-06 11:53:55,430 [41075d7a-0d70-4fa2-ba46-cbc672699b06-server-thread1] INFO  server.RaftServer$Division (RaftServerImpl.java:checkInconsistentAppendEntries(1629)) - 41075d7a-0d70-4fa2-ba46-cbc672699b06@group-1EB1B476413A: Failed appendEntries as snapshot (0) installation is in progress
2024-07-06 11:53:55,430 [41075d7a-0d70-4fa2-ba46-cbc672699b06-server-thread1] INFO  server.RaftServer$Division (RaftServerImpl.java:appendEntriesAsync(1584)) - 41075d7a-0d70-4fa2-ba46-cbc672699b06@group-1EB1B476413A: appendEntries* reply eb66df86-6ffc-4e53-b873-cb2b44d5f35d<-41075d7a-0d70-4fa2-ba46-cbc672699b06#1:FAIL-t2,INCONSISTENCY,nextIndex=0,followerCommit=-1,matchIndex=-1
2024-07-06 11:53:55,431 [grpc-default-executor-3] WARN  server.GrpcLogAppender (GrpcLogAppender.java:onNextImpl(519)) - eb66df86-6ffc-4e53-b873-cb2b44d5f35d@group-1EB1B476413A->41075d7a-0d70-4fa2-ba46-cbc672699b06-AppendLogResponseHandler: received INCONSISTENCY reply with nextIndex 0, errorCount=2, request=AppendEntriesRequest:cid=1,entriesCount=0
2024-07-06 11:53:55,434 [eb66df86-6ffc-4e53-b873-cb2b44d5f35d@group-1EB1B476413A->41075d7a-0d70-4fa2-ba46-cbc672699b06-GrpcLogAppender-LogAppenderDaemon] INFO  server.GrpcLogAppender (GrpcLogAppender.java:notifyInstallSnapshot(790)) - eb66df86-6ffc-4e53-b873-cb2b44d5f35d@group-1EB1B476413A->41075d7a-0d70-4fa2-ba46-cbc672699b06-GrpcLogAppender: notifyInstallSnapshot with firstAvailable=(t:1, i:0), followerNextIndex=0
2024-07-06 11:53:55,434 [eb66df86-6ffc-4e53-b873-cb2b44d5f35d@group-1EB1B476413A->41075d7a-0d70-4fa2-ba46-cbc672699b06-GrpcLogAppender-LogAppenderDaemon] INFO  server.GrpcLogAppender (GrpcLogAppender.java:notifyInstallSnapshot(798)) - eb66df86-6ffc-4e53-b873-cb2b44d5f35d@group-1EB1B476413A->41075d7a-0d70-4fa2-ba46-cbc672699b06-GrpcLogAppender: send eb66df86-6ffc-4e53-b873-cb2b44d5f35d->41075d7a-0d70-4fa2-ba46-cbc672699b06#0-t2,notify:(t:1, i:0)
2024-07-06 11:53:55,436 [grpc-default-executor-0] INFO  impl.SnapshotInstallationHandler (SnapshotInstallationHandler.java:installSnapshot(92)) - 41075d7a-0d70-4fa2-ba46-cbc672699b06@group-1EB1B476413A: receive installSnapshot: eb66df86-6ffc-4e53-b873-cb2b44d5f35d->41075d7a-0d70-4fa2-ba46-cbc672699b06#0-t2,notify:(t:1, i:0)
2024-07-06 11:53:55,436 [grpc-default-executor-0] INFO  impl.SnapshotInstallationHandler (SnapshotInstallationHandler.java:installSnapshotImpl(138)) - 41075d7a-0d70-4fa2-ba46-cbc672699b06@group-1EB1B476413A: set new configuration index: 1
configurationEntry {
  peers {
    id: "eb66df86-6ffc-4e53-b873-cb2b44d5f35d"
    address: "localhost:15003"
    startupRole: FOLLOWER
  }
}
 from snapshot
2024-07-06 11:53:55,436 [grpc-default-executor-0] INFO  server.RaftServer$Division (ServerState.java:setRaftConf(386)) - 41075d7a-0d70-4fa2-ba46-cbc672699b06@group-1EB1B476413A: set configuration conf: {index: 1, cur=peers:[eb66df86-6ffc-4e53-b873-cb2b44d5f35d|localhost:15003]|listeners:[], old=null}
2024-07-06 11:53:55,438 [grpc-default-executor-0] INFO  impl.SnapshotInstallationHandler (SnapshotInstallationHandler.java:installSnapshot(103)) - 41075d7a-0d70-4fa2-ba46-cbc672699b06@group-1EB1B476413A: reply installSnapshot: eb66df86-6ffc-4e53-b873-cb2b44d5f35d<-41075d7a-0d70-4fa2-ba46-cbc672699b06#0:FAIL-t2,IN_PROGRESS,snapshotIndex=0
2024-07-06 11:53:55,438 [grpc-default-executor-0] INFO  server.GrpcServerProtocolService (GrpcServerProtocolService.java:onCompleted(157)) - 41075d7a-0d70-4fa2-ba46-cbc672699b06: Completed INSTALL_SNAPSHOT, lastRequest: eb66df86-6ffc-4e53-b873-cb2b44d5f35d->41075d7a-0d70-4fa2-ba46-cbc672699b06#0-t2,notify:(t:1, i:0)
2024-07-06 11:53:55,439 [grpc-default-executor-0] INFO  server.GrpcServerProtocolService (GrpcServerProtocolService.java:lambda$onCompleted$5(159)) - 41075d7a-0d70-4fa2-ba46-cbc672699b06: Completed INSTALL_SNAPSHOT, lastReply: null
2024-07-06 11:53:55,440 [grpc-default-executor-3] INFO  server.GrpcLogAppender (GrpcLogAppender.java:onNext(649)) - eb66df86-6ffc-4e53-b873-cb2b44d5f35d@group-1EB1B476413A->41075d7a-0d70-4fa2-ba46-cbc672699b06-InstallSnapshotResponseHandler: received a reply eb66df86-6ffc-4e53-b873-cb2b44d5f35d<-41075d7a-0d70-4fa2-ba46-cbc672699b06#0:FAIL-t2,IN_PROGRESS,snapshotIndex=0
2024-07-06 11:53:55,440 [grpc-default-executor-3] INFO  server.GrpcLogAppender (GrpcLogAppender.java:onNext(665)) - eb66df86-6ffc-4e53-b873-cb2b44d5f35d@group-1EB1B476413A->41075d7a-0d70-4fa2-ba46-cbc672699b06-InstallSnapshotResponseHandler: InstallSnapshot in progress.
2024-07-06 11:53:55,441 [41075d7a-0d70-4fa2-ba46-cbc672699b06-server-thread1] INFO  server.RaftServer$Division (RaftServerImpl.java:checkInconsistentAppendEntries(1629)) - 41075d7a-0d70-4fa2-ba46-cbc672699b06@group-1EB1B476413A: Failed appendEntries as snapshot (0) installation is in progress
2024-07-06 11:53:55,441 [41075d7a-0d70-4fa2-ba46-cbc672699b06-server-thread1] INFO  server.RaftServer$Division (RaftServerImpl.java:appendEntriesAsync(1584)) - 41075d7a-0d70-4fa2-ba46-cbc672699b06@group-1EB1B476413A: appendEntries* reply eb66df86-6ffc-4e53-b873-cb2b44d5f35d<-41075d7a-0d70-4fa2-ba46-cbc672699b06#2:FAIL-t2,INCONSISTENCY,nextIndex=0,followerCommit=-1,matchIndex=-1
2024-07-06 11:53:55,441 [eb66df86-6ffc-4e53-b873-cb2b44d5f35d@group-1EB1B476413A->41075d7a-0d70-4fa2-ba46-cbc672699b06-GrpcLogAppender-LogAppenderDaemon] INFO  server.GrpcLogAppender (GrpcLogAppender.java:notifyInstallSnapshot(790)) - eb66df86-6ffc-4e53-b873-cb2b44d5f35d@group-1EB1B476413A->41075d7a-0d70-4fa2-ba46-cbc672699b06-GrpcLogAppender: notifyInstallSnapshot with firstAvailable=(t:1, i:0), followerNextIndex=0
2024-07-06 11:53:55,441 [eb66df86-6ffc-4e53-b873-cb2b44d5f35d@group-1EB1B476413A->41075d7a-0d70-4fa2-ba46-cbc672699b06-GrpcLogAppender-LogAppenderDaemon] INFO  server.GrpcLogAppender (GrpcLogAppender.java:notifyInstallSnapshot(798)) - eb66df86-6ffc-4e53-b873-cb2b44d5f35d@group-1EB1B476413A->41075d7a-0d70-4fa2-ba46-cbc672699b06-GrpcLogAppender: send eb66df86-6ffc-4e53-b873-cb2b44d5f35d->41075d7a-0d70-4fa2-ba46-cbc672699b06#0-t2,notify:(t:1, i:0)
2024-07-06 11:53:55,442 [grpc-default-executor-0] WARN  server.GrpcLogAppender (GrpcLogAppender.java:onNextImpl(519)) - eb66df86-6ffc-4e53-b873-cb2b44d5f35d@group-1EB1B476413A->41075d7a-0d70-4fa2-ba46-cbc672699b06-AppendLogResponseHandler: received INCONSISTENCY reply with nextIndex 0, errorCount=1, request=AppendEntriesRequest:cid=2,entriesCount=0
2024-07-06 11:53:55,443 [grpc-default-executor-0] INFO  impl.SnapshotInstallationHandler (SnapshotInstallationHandler.java:installSnapshot(92)) - 41075d7a-0d70-4fa2-ba46-cbc672699b06@group-1EB1B476413A: receive installSnapshot: eb66df86-6ffc-4e53-b873-cb2b44d5f35d->41075d7a-0d70-4fa2-ba46-cbc672699b06#0-t2,notify:(t:1, i:0)
2024-07-06 11:53:55,443 [grpc-default-executor-0] INFO  impl.SnapshotInstallationHandler (SnapshotInstallationHandler.java:installSnapshotImpl(138)) - 41075d7a-0d70-4fa2-ba46-cbc672699b06@group-1EB1B476413A: set new configuration index: 1
configurationEntry {
  peers {
    id: "eb66df86-6ffc-4e53-b873-cb2b44d5f35d"
    address: "localhost:15003"
    startupRole: FOLLOWER
  }
}
 from snapshot
2024-07-06 11:53:55,443 [grpc-default-executor-0] INFO  server.RaftServer$Division (ServerState.java:setRaftConf(386)) - 41075d7a-0d70-4fa2-ba46-cbc672699b06@group-1EB1B476413A: set configuration conf: {index: 1, cur=peers:[eb66df86-6ffc-4e53-b873-cb2b44d5f35d|localhost:15003]|listeners:[], old=null}
2024-07-06 11:53:55,445 [grpc-default-executor-0] INFO  impl.SnapshotInstallationHandler (SnapshotInstallationHandler.java:installSnapshot(103)) - 41075d7a-0d70-4fa2-ba46-cbc672699b06@group-1EB1B476413A: reply installSnapshot: eb66df86-6ffc-4e53-b873-cb2b44d5f35d<-41075d7a-0d70-4fa2-ba46-cbc672699b06#0:FAIL-t2,IN_PROGRESS,snapshotIndex=0
2024-07-06 11:53:55,445 [grpc-default-executor-0] INFO  server.GrpcServerProtocolService (GrpcServerProtocolService.java:onCompleted(157)) - 41075d7a-0d70-4fa2-ba46-cbc672699b06: Completed INSTALL_SNAPSHOT, lastRequest: eb66df86-6ffc-4e53-b873-cb2b44d5f35d->41075d7a-0d70-4fa2-ba46-cbc672699b06#0-t2,notify:(t:1, i:0)
2024-07-06 11:53:55,445 [grpc-default-executor-0] INFO  server.GrpcServerProtocolService (GrpcServerProtocolService.java:lambda$onCompleted$5(159)) - 41075d7a-0d70-4fa2-ba46-cbc672699b06: Completed INSTALL_SNAPSHOT, lastReply: null
2024-07-06 11:53:55,446 [grpc-default-executor-0] INFO  server.GrpcLogAppender (GrpcLogAppender.java:onNext(649)) - eb66df86-6ffc-4e53-b873-cb2b44d5f35d@group-1EB1B476413A->41075d7a-0d70-4fa2-ba46-cbc672699b06-InstallSnapshotResponseHandler: received a reply eb66df86-6ffc-4e53-b873-cb2b44d5f35d<-41075d7a-0d70-4fa2-ba46-cbc672699b06#0:FAIL-t2,IN_PROGRESS,snapshotIndex=0
2024-07-06 11:53:55,446 [grpc-default-executor-0] INFO  server.GrpcLogAppender (GrpcLogAppender.java:onNext(665)) - eb66df86-6ffc-4e53-b873-cb2b44d5f35d@group-1EB1B476413A->41075d7a-0d70-4fa2-ba46-cbc672699b06-InstallSnapshotResponseHandler: InstallSnapshot in progress.
2024-07-06 11:53:55,446 [eb66df86-6ffc-4e53-b873-cb2b44d5f35d@group-1EB1B476413A->41075d7a-0d70-4fa2-ba46-cbc672699b06-GrpcLogAppender-LogAppenderDaemon] INFO  server.GrpcLogAppender (GrpcLogAppender.java:notifyInstallSnapshot(790)) - eb66df86-6ffc-4e53-b873-cb2b44d5f35d@group-1EB1B476413A->41075d7a-0d70-4fa2-ba46-cbc672699b06-GrpcLogAppender: notifyInstallSnapshot with firstAvailable=(t:1, i:0), followerNextIndex=0
2024-07-06 11:53:55,447 [eb66df86-6ffc-4e53-b873-cb2b44d5f35d@group-1EB1B476413A->41075d7a-0d70-4fa2-ba46-cbc672699b06-GrpcLogAppender-LogAppenderDaemon] INFO  server.GrpcLogAppender (GrpcLogAppender.java:notifyInstallSnapshot(798)) - eb66df86-6ffc-4e53-b873-cb2b44d5f35d@group-1EB1B476413A->41075d7a-0d70-4fa2-ba46-cbc672699b06-GrpcLogAppender: send eb66df86-6ffc-4e53-b873-cb2b44d5f35d->41075d7a-0d70-4fa2-ba46-cbc672699b06#0-t2,notify:(t:1, i:0)
2024-07-06 11:53:55,447 [41075d7a-0d70-4fa2-ba46-cbc672699b06-server-thread1] INFO  server.RaftServer$Division (RaftServerImpl.java:checkInconsistentAppendEntries(1629)) - 41075d7a-0d70-4fa2-ba46-cbc672699b06@group-1EB1B476413A: Failed appendEntries as snapshot (0) installation is in progress
2024-07-06 11:53:55,447 [41075d7a-0d70-4fa2-ba46-cbc672699b06-server-thread1] INFO  server.RaftServer$Division (RaftServerImpl.java:appendEntriesAsync(1584)) - 41075d7a-0d70-4fa2-ba46-cbc672699b06@group-1EB1B476413A: appendEntries* reply eb66df86-6ffc-4e53-b873-cb2b44d5f35d<-41075d7a-0d70-4fa2-ba46-cbc672699b06#3:FAIL-t2,INCONSISTENCY,nextIndex=0,followerCommit=-1,matchIndex=-1
2024-07-06 11:53:55,448 [grpc-default-executor-3] WARN  server.GrpcLogAppender (GrpcLogAppender.java:onNextImpl(519)) - eb66df86-6ffc-4e53-b873-cb2b44d5f35d@group-1EB1B476413A->41075d7a-0d70-4fa2-ba46-cbc672699b06-AppendLogResponseHandler: received INCONSISTENCY reply with nextIndex 0, errorCount=1, request=AppendEntriesRequest:cid=3,entriesCount=0
2024-07-06 11:53:55,448 [grpc-default-executor-3] INFO  impl.SnapshotInstallationHandler (SnapshotInstallationHandler.java:installSnapshot(92)) - 41075d7a-0d70-4fa2-ba46-cbc672699b06@group-1EB1B476413A: receive installSnapshot: eb66df86-6ffc-4e53-b873-cb2b44d5f35d->41075d7a-0d70-4fa2-ba46-cbc672699b06#0-t2,notify:(t:1, i:0)
2024-07-06 11:53:55,449 [grpc-default-executor-3] INFO  impl.SnapshotInstallationHandler (SnapshotInstallationHandler.java:installSnapshotImpl(138)) - 41075d7a-0d70-4fa2-ba46-cbc672699b06@group-1EB1B476413A: set new configuration index: 1
configurationEntry {
  peers {
    id: "eb66df86-6ffc-4e53-b873-cb2b44d5f35d"
    address: "localhost:15003"
    startupRole: FOLLOWER
  }
}
 from snapshot
2024-07-06 11:53:55,449 [grpc-default-executor-3] INFO  server.RaftServer$Division (ServerState.java:setRaftConf(386)) - 41075d7a-0d70-4fa2-ba46-cbc672699b06@group-1EB1B476413A: set configuration conf: {index: 1, cur=peers:[eb66df86-6ffc-4e53-b873-cb2b44d5f35d|localhost:15003]|listeners:[], old=null}
2024-07-06 11:53:55,451 [grpc-default-executor-3] INFO  impl.SnapshotInstallationHandler (SnapshotInstallationHandler.java:installSnapshot(103)) - 41075d7a-0d70-4fa2-ba46-cbc672699b06@group-1EB1B476413A: reply installSnapshot: eb66df86-6ffc-4e53-b873-cb2b44d5f35d<-41075d7a-0d70-4fa2-ba46-cbc672699b06#0:FAIL-t2,IN_PROGRESS,snapshotIndex=0
2024-07-06 11:53:55,451 [grpc-default-executor-3] INFO  server.GrpcServerProtocolService (GrpcServerProtocolService.java:onCompleted(157)) - 41075d7a-0d70-4fa2-ba46-cbc672699b06: Completed INSTALL_SNAPSHOT, lastRequest: eb66df86-6ffc-4e53-b873-cb2b44d5f35d->41075d7a-0d70-4fa2-ba46-cbc672699b06#0-t2,notify:(t:1, i:0)
2024-07-06 11:53:55,451 [grpc-default-executor-3] INFO  server.GrpcServerProtocolService (GrpcServerProtocolService.java:lambda$onCompleted$5(159)) - 41075d7a-0d70-4fa2-ba46-cbc672699b06: Completed INSTALL_SNAPSHOT, lastReply: null
2024-07-06 11:53:55,452 [grpc-default-executor-3] INFO  server.GrpcLogAppender (GrpcLogAppender.java:onNext(649)) - eb66df86-6ffc-4e53-b873-cb2b44d5f35d@group-1EB1B476413A->41075d7a-0d70-4fa2-ba46-cbc672699b06-InstallSnapshotResponseHandler: received a reply eb66df86-6ffc-4e53-b873-cb2b44d5f35d<-41075d7a-0d70-4fa2-ba46-cbc672699b06#0:FAIL-t2,IN_PROGRESS,snapshotIndex=0
2024-07-06 11:53:55,452 [grpc-default-executor-3] INFO  server.GrpcLogAppender (GrpcLogAppender.java:onNext(665)) - eb66df86-6ffc-4e53-b873-cb2b44d5f35d@group-1EB1B476413A->41075d7a-0d70-4fa2-ba46-cbc672699b06-InstallSnapshotResponseHandler: InstallSnapshot in progress.
2024-07-06 11:53:55,452 [eb66df86-6ffc-4e53-b873-cb2b44d5f35d@group-1EB1B476413A->41075d7a-0d70-4fa2-ba46-cbc672699b06-GrpcLogAppender-LogAppenderDaemon] INFO  server.GrpcLogAppender (GrpcLogAppender.java:notifyInstallSnapshot(790)) - eb66df86-6ffc-4e53-b873-cb2b44d5f35d@group-1EB1B476413A->41075d7a-0d70-4fa2-ba46-cbc672699b06-GrpcLogAppender: notifyInstallSnapshot with firstAvailable=(t:1, i:0), followerNextIndex=0
2024-07-06 11:53:55,453 [eb66df86-6ffc-4e53-b873-cb2b44d5f35d@group-1EB1B476413A->41075d7a-0d70-4fa2-ba46-cbc672699b06-GrpcLogAppender-LogAppenderDaemon] INFO  server.GrpcLogAppender (GrpcLogAppender.java:notifyInstallSnapshot(798)) - eb66df86-6ffc-4e53-b873-cb2b44d5f35d@group-1EB1B476413A->41075d7a-0d70-4fa2-ba46-cbc672699b06-GrpcLogAppender: send eb66df86-6ffc-4e53-b873-cb2b44d5f35d->41075d7a-0d70-4fa2-ba46-cbc672699b06#0-t2,notify:(t:1, i:0)
2024-07-06 11:53:55,454 [grpc-default-executor-0] INFO  impl.SnapshotInstallationHandler (SnapshotInstallationHandler.java:installSnapshot(92)) - 41075d7a-0d70-4fa2-ba46-cbc672699b06@group-1EB1B476413A: receive installSnapshot: eb66df86-6ffc-4e53-b873-cb2b44d5f35d->41075d7a-0d70-4fa2-ba46-cbc672699b06#0-t2,notify:(t:1, i:0)
2024-07-06 11:53:55,454 [grpc-default-executor-0] INFO  impl.SnapshotInstallationHandler (SnapshotInstallationHandler.java:installSnapshotImpl(138)) - 41075d7a-0d70-4fa2-ba46-cbc672699b06@group-1EB1B476413A: set new configuration index: 1
configurationEntry {
  peers {
    id: "eb66df86-6ffc-4e53-b873-cb2b44d5f35d"
    address: "localhost:15003"
    startupRole: FOLLOWER
  }
}
 from snapshot
2024-07-06 11:53:55,454 [41075d7a-0d70-4fa2-ba46-cbc672699b06-server-thread1] INFO  server.RaftServer$Division (RaftServerImpl.java:checkInconsistentAppendEntries(1629)) - 41075d7a-0d70-4fa2-ba46-cbc672699b06@group-1EB1B476413A: Failed appendEntries as snapshot (0) installation is in progress
2024-07-06 11:53:55,455 [41075d7a-0d70-4fa2-ba46-cbc672699b06-server-thread1] INFO  server.RaftServer$Division (RaftServerImpl.java:appendEntriesAsync(1584)) - 41075d7a-0d70-4fa2-ba46-cbc672699b06@group-1EB1B476413A: appendEntries* reply eb66df86-6ffc-4e53-b873-cb2b44d5f35d<-41075d7a-0d70-4fa2-ba46-cbc672699b06#4:FAIL-t2,INCONSISTENCY,nextIndex=0,followerCommit=-1,matchIndex=-1
2024-07-06 11:53:55,455 [grpc-default-executor-0] INFO  server.RaftServer$Division (ServerState.java:setRaftConf(386)) - 41075d7a-0d70-4fa2-ba46-cbc672699b06@group-1EB1B476413A: set configuration conf: {index: 1, cur=peers:[eb66df86-6ffc-4e53-b873-cb2b44d5f35d|localhost:15003]|listeners:[], old=null}
2024-07-06 11:53:55,456 [grpc-default-executor-3] WARN  server.GrpcLogAppender (GrpcLogAppender.java:onNextImpl(519)) - eb66df86-6ffc-4e53-b873-cb2b44d5f35d@group-1EB1B476413A->41075d7a-0d70-4fa2-ba46-cbc672699b06-AppendLogResponseHandler: received INCONSISTENCY reply with nextIndex 0, errorCount=1, request=AppendEntriesRequest:cid=4,entriesCount=0
2024-07-06 11:53:55,456 [grpc-default-executor-0] INFO  impl.SnapshotInstallationHandler (SnapshotInstallationHandler.java:installSnapshot(103)) - 41075d7a-0d70-4fa2-ba46-cbc672699b06@group-1EB1B476413A: reply installSnapshot: eb66df86-6ffc-4e53-b873-cb2b44d5f35d<-41075d7a-0d70-4fa2-ba46-cbc672699b06#0:FAIL-t2,IN_PROGRESS,snapshotIndex=0
2024-07-06 11:53:55,456 [grpc-default-executor-0] INFO  server.GrpcServerProtocolService (GrpcServerProtocolService.java:onCompleted(157)) - 41075d7a-0d70-4fa2-ba46-cbc672699b06: Completed INSTALL_SNAPSHOT, lastRequest: eb66df86-6ffc-4e53-b873-cb2b44d5f35d->41075d7a-0d70-4fa2-ba46-cbc672699b06#0-t2,notify:(t:1, i:0)
2024-07-06 11:53:55,456 [grpc-default-executor-0] INFO  server.GrpcServerProtocolService (GrpcServerProtocolService.java:lambda$onCompleted$5(159)) - 41075d7a-0d70-4fa2-ba46-cbc672699b06: Completed INSTALL_SNAPSHOT, lastReply: null
2024-07-06 11:53:55,457 [grpc-default-executor-3] INFO  server.GrpcLogAppender (GrpcLogAppender.java:onNext(649)) - eb66df86-6ffc-4e53-b873-cb2b44d5f35d@group-1EB1B476413A->41075d7a-0d70-4fa2-ba46-cbc672699b06-InstallSnapshotResponseHandler: received a reply eb66df86-6ffc-4e53-b873-cb2b44d5f35d<-41075d7a-0d70-4fa2-ba46-cbc672699b06#0:FAIL-t2,IN_PROGRESS,snapshotIndex=0
2024-07-06 11:53:55,458 [grpc-default-executor-3] INFO  server.GrpcLogAppender (GrpcLogAppender.java:onNext(665)) - eb66df86-6ffc-4e53-b873-cb2b44d5f35d@group-1EB1B476413A->41075d7a-0d70-4fa2-ba46-cbc672699b06-InstallSnapshotResponseHandler: InstallSnapshot in progress.
2024-07-06 11:53:55,458 [eb66df86-6ffc-4e53-b873-cb2b44d5f35d@group-1EB1B476413A->41075d7a-0d70-4fa2-ba46-cbc672699b06-GrpcLogAppender-LogAppenderDaemon] INFO  server.GrpcLogAppender (GrpcLogAppender.java:notifyInstallSnapshot(790)) - eb66df86-6ffc-4e53-b873-cb2b44d5f35d@group-1EB1B476413A->41075d7a-0d70-4fa2-ba46-cbc672699b06-GrpcLogAppender: notifyInstallSnapshot with firstAvailable=(t:1, i:0), followerNextIndex=0
2024-07-06 11:53:55,458 [eb66df86-6ffc-4e53-b873-cb2b44d5f35d@group-1EB1B476413A->41075d7a-0d70-4fa2-ba46-cbc672699b06-GrpcLogAppender-LogAppenderDaemon] INFO  server.GrpcLogAppender (GrpcLogAppender.java:notifyInstallSnapshot(798)) - eb66df86-6ffc-4e53-b873-cb2b44d5f35d@group-1EB1B476413A->41075d7a-0d70-4fa2-ba46-cbc672699b06-GrpcLogAppender: send eb66df86-6ffc-4e53-b873-cb2b44d5f35d->41075d7a-0d70-4fa2-ba46-cbc672699b06#0-t2,notify:(t:1, i:0)
2024-07-06 11:53:55,460 [grpc-default-executor-2] INFO  impl.SnapshotInstallationHandler (SnapshotInstallationHandler.java:installSnapshot(92)) - 41075d7a-0d70-4fa2-ba46-cbc672699b06@group-1EB1B476413A: receive installSnapshot: eb66df86-6ffc-4e53-b873-cb2b44d5f35d->41075d7a-0d70-4fa2-ba46-cbc672699b06#0-t2,notify:(t:1, i:0)
2024-07-06 11:53:55,460 [grpc-default-executor-2] INFO  impl.SnapshotInstallationHandler (SnapshotInstallationHandler.java:installSnapshotImpl(138)) - 41075d7a-0d70-4fa2-ba46-cbc672699b06@group-1EB1B476413A: set new configuration index: 1
configurationEntry {
  peers {
    id: "eb66df86-6ffc-4e53-b873-cb2b44d5f35d"
    address: "localhost:15003"
    startupRole: FOLLOWER
  }
}
 from snapshot
2024-07-06 11:53:55,460 [grpc-default-executor-2] INFO  server.RaftServer$Division (ServerState.java:setRaftConf(386)) - 41075d7a-0d70-4fa2-ba46-cbc672699b06@group-1EB1B476413A: set configuration conf: {index: 1, cur=peers:[eb66df86-6ffc-4e53-b873-cb2b44d5f35d|localhost:15003]|listeners:[], old=null}
2024-07-06 11:53:55,461 [41075d7a-0d70-4fa2-ba46-cbc672699b06-server-thread1] INFO  server.RaftServer$Division (RaftServerImpl.java:checkInconsistentAppendEntries(1629)) - 41075d7a-0d70-4fa2-ba46-cbc672699b06@group-1EB1B476413A: Failed appendEntries as snapshot (0) installation is in progress
2024-07-06 11:53:55,462 [41075d7a-0d70-4fa2-ba46-cbc672699b06-server-thread1] INFO  server.RaftServer$Division (RaftServerImpl.java:appendEntriesAsync(1584)) - 41075d7a-0d70-4fa2-ba46-cbc672699b06@group-1EB1B476413A: appendEntries* reply eb66df86-6ffc-4e53-b873-cb2b44d5f35d<-41075d7a-0d70-4fa2-ba46-cbc672699b06#5:FAIL-t2,INCONSISTENCY,nextIndex=0,followerCommit=-1,matchIndex=-1
2024-07-06 11:53:55,462 [grpc-default-executor-2] INFO  impl.SnapshotInstallationHandler (SnapshotInstallationHandler.java:installSnapshot(103)) - 41075d7a-0d70-4fa2-ba46-cbc672699b06@group-1EB1B476413A: reply installSnapshot: eb66df86-6ffc-4e53-b873-cb2b44d5f35d<-41075d7a-0d70-4fa2-ba46-cbc672699b06#0:FAIL-t2,IN_PROGRESS,snapshotIndex=0
2024-07-06 11:53:55,462 [grpc-default-executor-2] INFO  server.GrpcServerProtocolService (GrpcServerProtocolService.java:onCompleted(157)) - 41075d7a-0d70-4fa2-ba46-cbc672699b06: Completed INSTALL_SNAPSHOT, lastRequest: eb66df86-6ffc-4e53-b873-cb2b44d5f35d->41075d7a-0d70-4fa2-ba46-cbc672699b06#0-t2,notify:(t:1, i:0)
2024-07-06 11:53:55,462 [grpc-default-executor-2] INFO  server.GrpcServerProtocolService (GrpcServerProtocolService.java:lambda$onCompleted$5(159)) - 41075d7a-0d70-4fa2-ba46-cbc672699b06: Completed INSTALL_SNAPSHOT, lastReply: null
2024-07-06 11:53:55,463 [scmNode-2-SCMInstallSnapshot-0] INFO  ha.SCMStateMachine (SCMStateMachine.java:lambda$notifyInstallSnapshotFromLeader$2(257)) - Got secret keys from leaders [SecretKey(id = 2203af62-81d5-49cf-a522-7518eb26350e, creation at: 2024-07-06T11:53:55.168Z, expire at: 2024-07-06T11:53:58.168Z), SecretKey(id = f2e265a0-4327-4147-9433-b5705af6b148, creation at: 2024-07-06T11:53:54.168Z, expire at: 2024-07-06T11:53:57.168Z), SecretKey(id = 26abe3c7-c350-4fab-bd3c-613834309851, creation at: 2024-07-06T11:53:53.068Z, expire at: 2024-07-06T11:53:56.068Z)]
2024-07-06 11:53:55,463 [grpc-default-executor-2] INFO  server.GrpcLogAppender (GrpcLogAppender.java:onNext(649)) - eb66df86-6ffc-4e53-b873-cb2b44d5f35d@group-1EB1B476413A->41075d7a-0d70-4fa2-ba46-cbc672699b06-InstallSnapshotResponseHandler: received a reply eb66df86-6ffc-4e53-b873-cb2b44d5f35d<-41075d7a-0d70-4fa2-ba46-cbc672699b06#0:FAIL-t2,IN_PROGRESS,snapshotIndex=0
2024-07-06 11:53:55,463 [grpc-default-executor-2] INFO  server.GrpcLogAppender (GrpcLogAppender.java:onNext(665)) - eb66df86-6ffc-4e53-b873-cb2b44d5f35d@group-1EB1B476413A->41075d7a-0d70-4fa2-ba46-cbc672699b06-InstallSnapshotResponseHandler: InstallSnapshot in progress.
2024-07-06 11:53:55,465 [grpc-default-executor-3] WARN  server.GrpcLogAppender (GrpcLogAppender.java:onNextImpl(519)) - eb66df86-6ffc-4e53-b873-cb2b44d5f35d@group-1EB1B476413A->41075d7a-0d70-4fa2-ba46-cbc672699b06-AppendLogResponseHandler: received INCONSISTENCY reply with nextIndex 0, errorCount=1, request=AppendEntriesRequest:cid=5,entriesCount=0
2024-07-06 11:53:55,465 [eb66df86-6ffc-4e53-b873-cb2b44d5f35d@group-1EB1B476413A->41075d7a-0d70-4fa2-ba46-cbc672699b06-GrpcLogAppender-LogAppenderDaemon] INFO  server.GrpcLogAppender (GrpcLogAppender.java:notifyInstallSnapshot(790)) - eb66df86-6ffc-4e53-b873-cb2b44d5f35d@group-1EB1B476413A->41075d7a-0d70-4fa2-ba46-cbc672699b06-GrpcLogAppender: notifyInstallSnapshot with firstAvailable=(t:1, i:0), followerNextIndex=0
2024-07-06 11:53:55,465 [eb66df86-6ffc-4e53-b873-cb2b44d5f35d@group-1EB1B476413A->41075d7a-0d70-4fa2-ba46-cbc672699b06-GrpcLogAppender-LogAppenderDaemon] INFO  server.GrpcLogAppender (GrpcLogAppender.java:notifyInstallSnapshot(798)) - eb66df86-6ffc-4e53-b873-cb2b44d5f35d@group-1EB1B476413A->41075d7a-0d70-4fa2-ba46-cbc672699b06-GrpcLogAppender: send eb66df86-6ffc-4e53-b873-cb2b44d5f35d->41075d7a-0d70-4fa2-ba46-cbc672699b06#0-t2,notify:(t:1, i:0)
2024-07-06 11:53:55,467 [grpc-default-executor-2] INFO  impl.SnapshotInstallationHandler (SnapshotInstallationHandler.java:installSnapshot(92)) - 41075d7a-0d70-4fa2-ba46-cbc672699b06@group-1EB1B476413A: receive installSnapshot: eb66df86-6ffc-4e53-b873-cb2b44d5f35d->41075d7a-0d70-4fa2-ba46-cbc672699b06#0-t2,notify:(t:1, i:0)
2024-07-06 11:53:55,469 [grpc-default-executor-2] INFO  impl.SnapshotInstallationHandler (SnapshotInstallationHandler.java:installSnapshotImpl(138)) - 41075d7a-0d70-4fa2-ba46-cbc672699b06@group-1EB1B476413A: set new configuration index: 1
configurationEntry {
  peers {
    id: "eb66df86-6ffc-4e53-b873-cb2b44d5f35d"
    address: "localhost:15003"
    startupRole: FOLLOWER
  }
}
 from snapshot
2024-07-06 11:53:55,469 [grpc-default-executor-2] INFO  server.RaftServer$Division (ServerState.java:setRaftConf(386)) - 41075d7a-0d70-4fa2-ba46-cbc672699b06@group-1EB1B476413A: set configuration conf: {index: 1, cur=peers:[eb66df86-6ffc-4e53-b873-cb2b44d5f35d|localhost:15003]|listeners:[], old=null}
2024-07-06 11:53:55,470 [41075d7a-0d70-4fa2-ba46-cbc672699b06-server-thread1] INFO  server.RaftServer$Division (RaftServerImpl.java:checkInconsistentAppendEntries(1629)) - 41075d7a-0d70-4fa2-ba46-cbc672699b06@group-1EB1B476413A: Failed appendEntries as snapshot (0) installation is in progress
2024-07-06 11:53:55,470 [41075d7a-0d70-4fa2-ba46-cbc672699b06-server-thread1] INFO  server.RaftServer$Division (RaftServerImpl.java:appendEntriesAsync(1584)) - 41075d7a-0d70-4fa2-ba46-cbc672699b06@group-1EB1B476413A: appendEntries* reply eb66df86-6ffc-4e53-b873-cb2b44d5f35d<-41075d7a-0d70-4fa2-ba46-cbc672699b06#6:FAIL-t2,INCONSISTENCY,nextIndex=0,followerCommit=-1,matchIndex=-1
2024-07-06 11:53:55,471 [grpc-default-executor-3] WARN  server.GrpcLogAppender (GrpcLogAppender.java:onNextImpl(519)) - eb66df86-6ffc-4e53-b873-cb2b44d5f35d@group-1EB1B476413A->41075d7a-0d70-4fa2-ba46-cbc672699b06-AppendLogResponseHandler: received INCONSISTENCY reply with nextIndex 0, errorCount=2, request=null
2024-07-06 11:53:55,472 [grpc-default-executor-2] INFO  impl.SnapshotInstallationHandler (SnapshotInstallationHandler.java:installSnapshot(103)) - 41075d7a-0d70-4fa2-ba46-cbc672699b06@group-1EB1B476413A: reply installSnapshot: eb66df86-6ffc-4e53-b873-cb2b44d5f35d<-41075d7a-0d70-4fa2-ba46-cbc672699b06#0:FAIL-t2,IN_PROGRESS,snapshotIndex=0
2024-07-06 11:53:55,472 [grpc-default-executor-2] INFO  server.GrpcServerProtocolService (GrpcServerProtocolService.java:onCompleted(157)) - 41075d7a-0d70-4fa2-ba46-cbc672699b06: Completed INSTALL_SNAPSHOT, lastRequest: eb66df86-6ffc-4e53-b873-cb2b44d5f35d->41075d7a-0d70-4fa2-ba46-cbc672699b06#0-t2,notify:(t:1, i:0)
2024-07-06 11:53:55,474 [grpc-default-executor-2] INFO  server.GrpcServerProtocolService (GrpcServerProtocolService.java:lambda$onCompleted$5(159)) - 41075d7a-0d70-4fa2-ba46-cbc672699b06: Completed INSTALL_SNAPSHOT, lastReply: null
2024-07-06 11:53:55,473 [grpc-default-executor-3] INFO  server.GrpcLogAppender (GrpcLogAppender.java:onNext(649)) - eb66df86-6ffc-4e53-b873-cb2b44d5f35d@group-1EB1B476413A->41075d7a-0d70-4fa2-ba46-cbc672699b06-InstallSnapshotResponseHandler: received a reply eb66df86-6ffc-4e53-b873-cb2b44d5f35d<-41075d7a-0d70-4fa2-ba46-cbc672699b06#0:FAIL-t2,IN_PROGRESS,snapshotIndex=0
2024-07-06 11:53:55,474 [grpc-default-executor-3] INFO  server.GrpcLogAppender (GrpcLogAppender.java:onNext(665)) - eb66df86-6ffc-4e53-b873-cb2b44d5f35d@group-1EB1B476413A->41075d7a-0d70-4fa2-ba46-cbc672699b06-InstallSnapshotResponseHandler: InstallSnapshot in progress.
2024-07-06 11:53:55,476 [41075d7a-0d70-4fa2-ba46-cbc672699b06-server-thread1] INFO  server.RaftServer$Division (RaftServerImpl.java:checkInconsistentAppendEntries(1629)) - 41075d7a-0d70-4fa2-ba46-cbc672699b06@group-1EB1B476413A: Failed appendEntries as snapshot (0) installation is in progress
2024-07-06 11:53:55,476 [41075d7a-0d70-4fa2-ba46-cbc672699b06-server-thread1] INFO  server.RaftServer$Division (RaftServerImpl.java:appendEntriesAsync(1584)) - 41075d7a-0d70-4fa2-ba46-cbc672699b06@group-1EB1B476413A: appendEntries* reply eb66df86-6ffc-4e53-b873-cb2b44d5f35d<-41075d7a-0d70-4fa2-ba46-cbc672699b06#7:FAIL-t2,INCONSISTENCY,nextIndex=0,followerCommit=-1,matchIndex=-1
2024-07-06 11:53:55,476 [eb66df86-6ffc-4e53-b873-cb2b44d5f35d@group-1EB1B476413A->41075d7a-0d70-4fa2-ba46-cbc672699b06-GrpcLogAppender-LogAppenderDaemon] INFO  server.GrpcLogAppender (GrpcLogAppender.java:notifyInstallSnapshot(790)) - eb66df86-6ffc-4e53-b873-cb2b44d5f35d@group-1EB1B476413A->41075d7a-0d70-4fa2-ba46-cbc672699b06-GrpcLogAppender: notifyInstallSnapshot with firstAvailable=(t:1, i:0), followerNextIndex=0
2024-07-06 11:53:55,476 [eb66df86-6ffc-4e53-b873-cb2b44d5f35d@group-1EB1B476413A->41075d7a-0d70-4fa2-ba46-cbc672699b06-GrpcLogAppender-LogAppenderDaemon] INFO  server.GrpcLogAppender (GrpcLogAppender.java:notifyInstallSnapshot(798)) - eb66df86-6ffc-4e53-b873-cb2b44d5f35d@group-1EB1B476413A->41075d7a-0d70-4fa2-ba46-cbc672699b06-GrpcLogAppender: send eb66df86-6ffc-4e53-b873-cb2b44d5f35d->41075d7a-0d70-4fa2-ba46-cbc672699b06#0-t2,notify:(t:1, i:0)
2024-07-06 11:53:55,478 [grpc-default-executor-2] WARN  server.GrpcLogAppender (GrpcLogAppender.java:onNextImpl(519)) - eb66df86-6ffc-4e53-b873-cb2b44d5f35d@group-1EB1B476413A->41075d7a-0d70-4fa2-ba46-cbc672699b06-AppendLogResponseHandler: received INCONSISTENCY reply with nextIndex 0, errorCount=1, request=AppendEntriesRequest:cid=7,entriesCount=0
2024-07-06 11:53:55,479 [grpc-default-executor-0] INFO  impl.SnapshotInstallationHandler (SnapshotInstallationHandler.java:installSnapshot(92)) - 41075d7a-0d70-4fa2-ba46-cbc672699b06@group-1EB1B476413A: receive installSnapshot: eb66df86-6ffc-4e53-b873-cb2b44d5f35d->41075d7a-0d70-4fa2-ba46-cbc672699b06#0-t2,notify:(t:1, i:0)
2024-07-06 11:53:55,480 [grpc-default-executor-0] INFO  impl.SnapshotInstallationHandler (SnapshotInstallationHandler.java:installSnapshotImpl(138)) - 41075d7a-0d70-4fa2-ba46-cbc672699b06@group-1EB1B476413A: set new configuration index: 1
configurationEntry {
  peers {
    id: "eb66df86-6ffc-4e53-b873-cb2b44d5f35d"
    address: "localhost:15003"
    startupRole: FOLLOWER
  }
}
 from snapshot
2024-07-06 11:53:55,480 [grpc-default-executor-0] INFO  server.RaftServer$Division (ServerState.java:setRaftConf(386)) - 41075d7a-0d70-4fa2-ba46-cbc672699b06@group-1EB1B476413A: set configuration conf: {index: 1, cur=peers:[eb66df86-6ffc-4e53-b873-cb2b44d5f35d|localhost:15003]|listeners:[], old=null}
2024-07-06 11:53:55,483 [grpc-default-executor-0] INFO  impl.SnapshotInstallationHandler (SnapshotInstallationHandler.java:installSnapshot(103)) - 41075d7a-0d70-4fa2-ba46-cbc672699b06@group-1EB1B476413A: reply installSnapshot: eb66df86-6ffc-4e53-b873-cb2b44d5f35d<-41075d7a-0d70-4fa2-ba46-cbc672699b06#0:FAIL-t2,IN_PROGRESS,snapshotIndex=0
2024-07-06 11:53:55,483 [grpc-default-executor-0] INFO  server.GrpcServerProtocolService (GrpcServerProtocolService.java:onCompleted(157)) - 41075d7a-0d70-4fa2-ba46-cbc672699b06: Completed INSTALL_SNAPSHOT, lastRequest: eb66df86-6ffc-4e53-b873-cb2b44d5f35d->41075d7a-0d70-4fa2-ba46-cbc672699b06#0-t2,notify:(t:1, i:0)
2024-07-06 11:53:55,483 [grpc-default-executor-0] INFO  server.GrpcServerProtocolService (GrpcServerProtocolService.java:lambda$onCompleted$5(159)) - 41075d7a-0d70-4fa2-ba46-cbc672699b06: Completed INSTALL_SNAPSHOT, lastReply: null
2024-07-06 11:53:55,484 [grpc-default-executor-2] INFO  server.GrpcLogAppender (GrpcLogAppender.java:onNext(649)) - eb66df86-6ffc-4e53-b873-cb2b44d5f35d@group-1EB1B476413A->41075d7a-0d70-4fa2-ba46-cbc672699b06-InstallSnapshotResponseHandler: received a reply eb66df86-6ffc-4e53-b873-cb2b44d5f35d<-41075d7a-0d70-4fa2-ba46-cbc672699b06#0:FAIL-t2,IN_PROGRESS,snapshotIndex=0
2024-07-06 11:53:55,484 [grpc-default-executor-2] INFO  server.GrpcLogAppender (GrpcLogAppender.java:onNext(665)) - eb66df86-6ffc-4e53-b873-cb2b44d5f35d@group-1EB1B476413A->41075d7a-0d70-4fa2-ba46-cbc672699b06-InstallSnapshotResponseHandler: InstallSnapshot in progress.
2024-07-06 11:53:55,486 [eb66df86-6ffc-4e53-b873-cb2b44d5f35d@group-1EB1B476413A->41075d7a-0d70-4fa2-ba46-cbc672699b06-GrpcLogAppender-LogAppenderDaemon] INFO  server.GrpcLogAppender (GrpcLogAppender.java:notifyInstallSnapshot(790)) - eb66df86-6ffc-4e53-b873-cb2b44d5f35d@group-1EB1B476413A->41075d7a-0d70-4fa2-ba46-cbc672699b06-GrpcLogAppender: notifyInstallSnapshot with firstAvailable=(t:1, i:0), followerNextIndex=0
2024-07-06 11:53:55,486 [eb66df86-6ffc-4e53-b873-cb2b44d5f35d@group-1EB1B476413A->41075d7a-0d70-4fa2-ba46-cbc672699b06-GrpcLogAppender-LogAppenderDaemon] INFO  server.GrpcLogAppender (GrpcLogAppender.java:notifyInstallSnapshot(798)) - eb66df86-6ffc-4e53-b873-cb2b44d5f35d@group-1EB1B476413A->41075d7a-0d70-4fa2-ba46-cbc672699b06-GrpcLogAppender: send eb66df86-6ffc-4e53-b873-cb2b44d5f35d->41075d7a-0d70-4fa2-ba46-cbc672699b06#0-t2,notify:(t:1, i:0)
2024-07-06 11:53:55,488 [41075d7a-0d70-4fa2-ba46-cbc672699b06-server-thread1] INFO  server.RaftServer$Division (RaftServerImpl.java:checkInconsistentAppendEntries(1629)) - 41075d7a-0d70-4fa2-ba46-cbc672699b06@group-1EB1B476413A: Failed appendEntries as snapshot (0) installation is in progress
2024-07-06 11:53:55,488 [41075d7a-0d70-4fa2-ba46-cbc672699b06-server-thread1] INFO  server.RaftServer$Division (RaftServerImpl.java:appendEntriesAsync(1584)) - 41075d7a-0d70-4fa2-ba46-cbc672699b06@group-1EB1B476413A: appendEntries* reply eb66df86-6ffc-4e53-b873-cb2b44d5f35d<-41075d7a-0d70-4fa2-ba46-cbc672699b06#8:FAIL-t2,INCONSISTENCY,nextIndex=0,followerCommit=-1,matchIndex=-1
2024-07-06 11:53:55,489 [grpc-default-executor-2] INFO  impl.SnapshotInstallationHandler (SnapshotInstallationHandler.java:installSnapshot(92)) - 41075d7a-0d70-4fa2-ba46-cbc672699b06@group-1EB1B476413A: receive installSnapshot: eb66df86-6ffc-4e53-b873-cb2b44d5f35d->41075d7a-0d70-4fa2-ba46-cbc672699b06#0-t2,notify:(t:1, i:0)
2024-07-06 11:53:55,489 [grpc-default-executor-2] INFO  impl.SnapshotInstallationHandler (SnapshotInstallationHandler.java:installSnapshotImpl(138)) - 41075d7a-0d70-4fa2-ba46-cbc672699b06@group-1EB1B476413A: set new configuration index: 1
configurationEntry {
  peers {
    id: "eb66df86-6ffc-4e53-b873-cb2b44d5f35d"
    address: "localhost:15003"
    startupRole: FOLLOWER
  }
}
 from snapshot
2024-07-06 11:53:55,489 [grpc-default-executor-2] INFO  server.RaftServer$Division (ServerState.java:setRaftConf(386)) - 41075d7a-0d70-4fa2-ba46-cbc672699b06@group-1EB1B476413A: set configuration conf: {index: 1, cur=peers:[eb66df86-6ffc-4e53-b873-cb2b44d5f35d|localhost:15003]|listeners:[], old=null}
2024-07-06 11:53:55,490 [grpc-default-executor-0] WARN  server.GrpcLogAppender (GrpcLogAppender.java:onNextImpl(519)) - eb66df86-6ffc-4e53-b873-cb2b44d5f35d@group-1EB1B476413A->41075d7a-0d70-4fa2-ba46-cbc672699b06-AppendLogResponseHandler: received INCONSISTENCY reply with nextIndex 0, errorCount=1, request=AppendEntriesRequest:cid=8,entriesCount=0
2024-07-06 11:53:55,491 [grpc-default-executor-2] INFO  impl.SnapshotInstallationHandler (SnapshotInstallationHandler.java:installSnapshot(103)) - 41075d7a-0d70-4fa2-ba46-cbc672699b06@group-1EB1B476413A: reply installSnapshot: eb66df86-6ffc-4e53-b873-cb2b44d5f35d<-41075d7a-0d70-4fa2-ba46-cbc672699b06#0:FAIL-t2,IN_PROGRESS,snapshotIndex=0
2024-07-06 11:53:55,491 [grpc-default-executor-2] INFO  server.GrpcServerProtocolService (GrpcServerProtocolService.java:onCompleted(157)) - 41075d7a-0d70-4fa2-ba46-cbc672699b06: Completed INSTALL_SNAPSHOT, lastRequest: eb66df86-6ffc-4e53-b873-cb2b44d5f35d->41075d7a-0d70-4fa2-ba46-cbc672699b06#0-t2,notify:(t:1, i:0)
2024-07-06 11:53:55,491 [grpc-default-executor-2] INFO  server.GrpcServerProtocolService (GrpcServerProtocolService.java:lambda$onCompleted$5(159)) - 41075d7a-0d70-4fa2-ba46-cbc672699b06: Completed INSTALL_SNAPSHOT, lastReply: null
2024-07-06 11:53:55,492 [grpc-default-executor-0] INFO  server.GrpcLogAppender (GrpcLogAppender.java:onNext(649)) - eb66df86-6ffc-4e53-b873-cb2b44d5f35d@group-1EB1B476413A->41075d7a-0d70-4fa2-ba46-cbc672699b06-InstallSnapshotResponseHandler: received a reply eb66df86-6ffc-4e53-b873-cb2b44d5f35d<-41075d7a-0d70-4fa2-ba46-cbc672699b06#0:FAIL-t2,IN_PROGRESS,snapshotIndex=0
2024-07-06 11:53:55,492 [grpc-default-executor-0] INFO  server.GrpcLogAppender (GrpcLogAppender.java:onNext(665)) - eb66df86-6ffc-4e53-b873-cb2b44d5f35d@group-1EB1B476413A->41075d7a-0d70-4fa2-ba46-cbc672699b06-InstallSnapshotResponseHandler: InstallSnapshot in progress.
2024-07-06 11:53:55,493 [41075d7a-0d70-4fa2-ba46-cbc672699b06-server-thread1] INFO  server.RaftServer$Division (RaftServerImpl.java:checkInconsistentAppendEntries(1629)) - 41075d7a-0d70-4fa2-ba46-cbc672699b06@group-1EB1B476413A: Failed appendEntries as snapshot (0) installation is in progress
2024-07-06 11:53:55,493 [41075d7a-0d70-4fa2-ba46-cbc672699b06-server-thread1] INFO  server.RaftServer$Division (RaftServerImpl.java:appendEntriesAsync(1584)) - 41075d7a-0d70-4fa2-ba46-cbc672699b06@group-1EB1B476413A: appendEntries* reply eb66df86-6ffc-4e53-b873-cb2b44d5f35d<-41075d7a-0d70-4fa2-ba46-cbc672699b06#9:FAIL-t2,INCONSISTENCY,nextIndex=0,followerCommit=-1,matchIndex=-1
2024-07-06 11:53:55,494 [eb66df86-6ffc-4e53-b873-cb2b44d5f35d@group-1EB1B476413A->41075d7a-0d70-4fa2-ba46-cbc672699b06-GrpcLogAppender-LogAppenderDaemon] INFO  server.GrpcLogAppender (GrpcLogAppender.java:notifyInstallSnapshot(790)) - eb66df86-6ffc-4e53-b873-cb2b44d5f35d@group-1EB1B476413A->41075d7a-0d70-4fa2-ba46-cbc672699b06-GrpcLogAppender: notifyInstallSnapshot with firstAvailable=(t:1, i:0), followerNextIndex=0
2024-07-06 11:53:55,494 [eb66df86-6ffc-4e53-b873-cb2b44d5f35d@group-1EB1B476413A->41075d7a-0d70-4fa2-ba46-cbc672699b06-GrpcLogAppender-LogAppenderDaemon] INFO  server.GrpcLogAppender (GrpcLogAppender.java:notifyInstallSnapshot(798)) - eb66df86-6ffc-4e53-b873-cb2b44d5f35d@group-1EB1B476413A->41075d7a-0d70-4fa2-ba46-cbc672699b06-GrpcLogAppender: send eb66df86-6ffc-4e53-b873-cb2b44d5f35d->41075d7a-0d70-4fa2-ba46-cbc672699b06#0-t2,notify:(t:1, i:0)
2024-07-06 11:53:55,496 [grpc-default-executor-2] WARN  server.GrpcLogAppender (GrpcLogAppender.java:onNextImpl(519)) - eb66df86-6ffc-4e53-b873-cb2b44d5f35d@group-1EB1B476413A->41075d7a-0d70-4fa2-ba46-cbc672699b06-AppendLogResponseHandler: received INCONSISTENCY reply with nextIndex 0, errorCount=1, request=AppendEntriesRequest:cid=9,entriesCount=0
2024-07-06 11:53:55,496 [grpc-default-executor-0] INFO  impl.SnapshotInstallationHandler (SnapshotInstallationHandler.java:installSnapshot(92)) - 41075d7a-0d70-4fa2-ba46-cbc672699b06@group-1EB1B476413A: receive installSnapshot: eb66df86-6ffc-4e53-b873-cb2b44d5f35d->41075d7a-0d70-4fa2-ba46-cbc672699b06#0-t2,notify:(t:1, i:0)
2024-07-06 11:53:55,497 [grpc-default-executor-0] INFO  impl.SnapshotInstallationHandler (SnapshotInstallationHandler.java:installSnapshotImpl(138)) - 41075d7a-0d70-4fa2-ba46-cbc672699b06@group-1EB1B476413A: set new configuration index: 1
configurationEntry {
  peers {
    id: "eb66df86-6ffc-4e53-b873-cb2b44d5f35d"
    address: "localhost:15003"
    startupRole: FOLLOWER
  }
}
 from snapshot
2024-07-06 11:53:55,497 [grpc-default-executor-0] INFO  server.RaftServer$Division (ServerState.java:setRaftConf(386)) - 41075d7a-0d70-4fa2-ba46-cbc672699b06@group-1EB1B476413A: set configuration conf: {index: 1, cur=peers:[eb66df86-6ffc-4e53-b873-cb2b44d5f35d|localhost:15003]|listeners:[], old=null}
2024-07-06 11:53:55,498 [grpc-default-executor-0] INFO  impl.SnapshotInstallationHandler (SnapshotInstallationHandler.java:installSnapshot(103)) - 41075d7a-0d70-4fa2-ba46-cbc672699b06@group-1EB1B476413A: reply installSnapshot: eb66df86-6ffc-4e53-b873-cb2b44d5f35d<-41075d7a-0d70-4fa2-ba46-cbc672699b06#0:FAIL-t2,IN_PROGRESS,snapshotIndex=0
2024-07-06 11:53:55,498 [grpc-default-executor-0] INFO  server.GrpcServerProtocolService (GrpcServerProtocolService.java:onCompleted(157)) - 41075d7a-0d70-4fa2-ba46-cbc672699b06: Completed INSTALL_SNAPSHOT, lastRequest: eb66df86-6ffc-4e53-b873-cb2b44d5f35d->41075d7a-0d70-4fa2-ba46-cbc672699b06#0-t2,notify:(t:1, i:0)
2024-07-06 11:53:55,498 [grpc-default-executor-0] INFO  server.GrpcServerProtocolService (GrpcServerProtocolService.java:lambda$onCompleted$5(159)) - 41075d7a-0d70-4fa2-ba46-cbc672699b06: Completed INSTALL_SNAPSHOT, lastReply: null
2024-07-06 11:53:55,499 [grpc-default-executor-2] INFO  server.GrpcLogAppender (GrpcLogAppender.java:onNext(649)) - eb66df86-6ffc-4e53-b873-cb2b44d5f35d@group-1EB1B476413A->41075d7a-0d70-4fa2-ba46-cbc672699b06-InstallSnapshotResponseHandler: received a reply eb66df86-6ffc-4e53-b873-cb2b44d5f35d<-41075d7a-0d70-4fa2-ba46-cbc672699b06#0:FAIL-t2,IN_PROGRESS,snapshotIndex=0
2024-07-06 11:53:55,499 [grpc-default-executor-2] INFO  server.GrpcLogAppender (GrpcLogAppender.java:onNext(665)) - eb66df86-6ffc-4e53-b873-cb2b44d5f35d@group-1EB1B476413A->41075d7a-0d70-4fa2-ba46-cbc672699b06-InstallSnapshotResponseHandler: InstallSnapshot in progress.
2024-07-06 11:53:55,500 [eb66df86-6ffc-4e53-b873-cb2b44d5f35d@group-1EB1B476413A->41075d7a-0d70-4fa2-ba46-cbc672699b06-GrpcLogAppender-LogAppenderDaemon] INFO  server.GrpcLogAppender (GrpcLogAppender.java:notifyInstallSnapshot(790)) - eb66df86-6ffc-4e53-b873-cb2b44d5f35d@group-1EB1B476413A->41075d7a-0d70-4fa2-ba46-cbc672699b06-GrpcLogAppender: notifyInstallSnapshot with firstAvailable=(t:1, i:0), followerNextIndex=0
2024-07-06 11:53:55,500 [eb66df86-6ffc-4e53-b873-cb2b44d5f35d@group-1EB1B476413A->41075d7a-0d70-4fa2-ba46-cbc672699b06-GrpcLogAppender-LogAppenderDaemon] INFO  server.GrpcLogAppender (GrpcLogAppender.java:notifyInstallSnapshot(798)) - eb66df86-6ffc-4e53-b873-cb2b44d5f35d@group-1EB1B476413A->41075d7a-0d70-4fa2-ba46-cbc672699b06-GrpcLogAppender: send eb66df86-6ffc-4e53-b873-cb2b44d5f35d->41075d7a-0d70-4fa2-ba46-cbc672699b06#0-t2,notify:(t:1, i:0)
2024-07-06 11:53:55,502 [41075d7a-0d70-4fa2-ba46-cbc672699b06-server-thread1] INFO  server.RaftServer$Division (RaftServerImpl.java:checkInconsistentAppendEntries(1629)) - 41075d7a-0d70-4fa2-ba46-cbc672699b06@group-1EB1B476413A: Failed appendEntries as snapshot (0) installation is in progress
2024-07-06 11:53:55,502 [41075d7a-0d70-4fa2-ba46-cbc672699b06-server-thread1] INFO  server.RaftServer$Division (RaftServerImpl.java:appendEntriesAsync(1584)) - 41075d7a-0d70-4fa2-ba46-cbc672699b06@group-1EB1B476413A: appendEntries* reply eb66df86-6ffc-4e53-b873-cb2b44d5f35d<-41075d7a-0d70-4fa2-ba46-cbc672699b06#10:FAIL-t2,INCONSISTENCY,nextIndex=0,followerCommit=-1,matchIndex=-1
2024-07-06 11:53:55,503 [grpc-default-executor-2] INFO  impl.SnapshotInstallationHandler (SnapshotInstallationHandler.java:installSnapshot(92)) - 41075d7a-0d70-4fa2-ba46-cbc672699b06@group-1EB1B476413A: receive installSnapshot: eb66df86-6ffc-4e53-b873-cb2b44d5f35d->41075d7a-0d70-4fa2-ba46-cbc672699b06#0-t2,notify:(t:1, i:0)
2024-07-06 11:53:55,504 [grpc-default-executor-2] INFO  impl.SnapshotInstallationHandler (SnapshotInstallationHandler.java:installSnapshotImpl(138)) - 41075d7a-0d70-4fa2-ba46-cbc672699b06@group-1EB1B476413A: set new configuration index: 1
configurationEntry {
  peers {
    id: "eb66df86-6ffc-4e53-b873-cb2b44d5f35d"
    address: "localhost:15003"
    startupRole: FOLLOWER
  }
}
 from snapshot
2024-07-06 11:53:55,504 [grpc-default-executor-2] INFO  server.RaftServer$Division (ServerState.java:setRaftConf(386)) - 41075d7a-0d70-4fa2-ba46-cbc672699b06@group-1EB1B476413A: set configuration conf: {index: 1, cur=peers:[eb66df86-6ffc-4e53-b873-cb2b44d5f35d|localhost:15003]|listeners:[], old=null}
2024-07-06 11:53:55,505 [grpc-default-executor-0] WARN  server.GrpcLogAppender (GrpcLogAppender.java:onNextImpl(519)) - eb66df86-6ffc-4e53-b873-cb2b44d5f35d@group-1EB1B476413A->41075d7a-0d70-4fa2-ba46-cbc672699b06-AppendLogResponseHandler: received INCONSISTENCY reply with nextIndex 0, errorCount=1, request=AppendEntriesRequest:cid=10,entriesCount=0
2024-07-06 11:53:55,506 [grpc-default-executor-2] INFO  impl.SnapshotInstallationHandler (SnapshotInstallationHandler.java:installSnapshot(103)) - 41075d7a-0d70-4fa2-ba46-cbc672699b06@group-1EB1B476413A: reply installSnapshot: eb66df86-6ffc-4e53-b873-cb2b44d5f35d<-41075d7a-0d70-4fa2-ba46-cbc672699b06#0:FAIL-t2,IN_PROGRESS,snapshotIndex=0
2024-07-06 11:53:55,506 [grpc-default-executor-2] INFO  server.GrpcServerProtocolService (GrpcServerProtocolService.java:onCompleted(157)) - 41075d7a-0d70-4fa2-ba46-cbc672699b06: Completed INSTALL_SNAPSHOT, lastRequest: eb66df86-6ffc-4e53-b873-cb2b44d5f35d->41075d7a-0d70-4fa2-ba46-cbc672699b06#0-t2,notify:(t:1, i:0)
2024-07-06 11:53:55,506 [grpc-default-executor-2] INFO  server.GrpcServerProtocolService (GrpcServerProtocolService.java:lambda$onCompleted$5(159)) - 41075d7a-0d70-4fa2-ba46-cbc672699b06: Completed INSTALL_SNAPSHOT, lastReply: null
2024-07-06 11:53:55,507 [grpc-default-executor-0] INFO  server.GrpcLogAppender (GrpcLogAppender.java:onNext(649)) - eb66df86-6ffc-4e53-b873-cb2b44d5f35d@group-1EB1B476413A->41075d7a-0d70-4fa2-ba46-cbc672699b06-InstallSnapshotResponseHandler: received a reply eb66df86-6ffc-4e53-b873-cb2b44d5f35d<-41075d7a-0d70-4fa2-ba46-cbc672699b06#0:FAIL-t2,IN_PROGRESS,snapshotIndex=0
2024-07-06 11:53:55,507 [grpc-default-executor-0] INFO  server.GrpcLogAppender (GrpcLogAppender.java:onNext(665)) - eb66df86-6ffc-4e53-b873-cb2b44d5f35d@group-1EB1B476413A->41075d7a-0d70-4fa2-ba46-cbc672699b06-InstallSnapshotResponseHandler: InstallSnapshot in progress.
2024-07-06 11:53:55,508 [eb66df86-6ffc-4e53-b873-cb2b44d5f35d@group-1EB1B476413A->41075d7a-0d70-4fa2-ba46-cbc672699b06-GrpcLogAppender-LogAppenderDaemon] INFO  server.GrpcLogAppender (GrpcLogAppender.java:notifyInstallSnapshot(790)) - eb66df86-6ffc-4e53-b873-cb2b44d5f35d@group-1EB1B476413A->41075d7a-0d70-4fa2-ba46-cbc672699b06-GrpcLogAppender: notifyInstallSnapshot with firstAvailable=(t:1, i:0), followerNextIndex=0
2024-07-06 11:53:55,508 [eb66df86-6ffc-4e53-b873-cb2b44d5f35d@group-1EB1B476413A->41075d7a-0d70-4fa2-ba46-cbc672699b06-GrpcLogAppender-LogAppenderDaemon] INFO  server.GrpcLogAppender (GrpcLogAppender.java:notifyInstallSnapshot(798)) - eb66df86-6ffc-4e53-b873-cb2b44d5f35d@group-1EB1B476413A->41075d7a-0d70-4fa2-ba46-cbc672699b06-GrpcLogAppender: send eb66df86-6ffc-4e53-b873-cb2b44d5f35d->41075d7a-0d70-4fa2-ba46-cbc672699b06#0-t2,notify:(t:1, i:0)
2024-07-06 11:53:55,509 [41075d7a-0d70-4fa2-ba46-cbc672699b06-server-thread1] INFO  server.RaftServer$Division (RaftServerImpl.java:checkInconsistentAppendEntries(1629)) - 41075d7a-0d70-4fa2-ba46-cbc672699b06@group-1EB1B476413A: Failed appendEntries as snapshot (0) installation is in progress
2024-07-06 11:53:55,509 [41075d7a-0d70-4fa2-ba46-cbc672699b06-server-thread1] INFO  server.RaftServer$Division (RaftServerImpl.java:appendEntriesAsync(1584)) - 41075d7a-0d70-4fa2-ba46-cbc672699b06@group-1EB1B476413A: appendEntries* reply eb66df86-6ffc-4e53-b873-cb2b44d5f35d<-41075d7a-0d70-4fa2-ba46-cbc672699b06#11:FAIL-t2,INCONSISTENCY,nextIndex=0,followerCommit=-1,matchIndex=-1
2024-07-06 11:53:55,514 [grpc-default-executor-0] WARN  server.GrpcLogAppender (GrpcLogAppender.java:onNextImpl(519)) - eb66df86-6ffc-4e53-b873-cb2b44d5f35d@group-1EB1B476413A->41075d7a-0d70-4fa2-ba46-cbc672699b06-AppendLogResponseHandler: received INCONSISTENCY reply with nextIndex 0, errorCount=1, request=AppendEntriesRequest:cid=11,entriesCount=0
2024-07-06 11:53:55,519 [grpc-default-executor-0] INFO  impl.SnapshotInstallationHandler (SnapshotInstallationHandler.java:installSnapshot(92)) - 41075d7a-0d70-4fa2-ba46-cbc672699b06@group-1EB1B476413A: receive installSnapshot: eb66df86-6ffc-4e53-b873-cb2b44d5f35d->41075d7a-0d70-4fa2-ba46-cbc672699b06#0-t2,notify:(t:1, i:0)
2024-07-06 11:53:55,519 [grpc-default-executor-0] INFO  impl.SnapshotInstallationHandler (SnapshotInstallationHandler.java:installSnapshotImpl(138)) - 41075d7a-0d70-4fa2-ba46-cbc672699b06@group-1EB1B476413A: set new configuration index: 1
configurationEntry {
  peers {
    id: "eb66df86-6ffc-4e53-b873-cb2b44d5f35d"
    address: "localhost:15003"
    startupRole: FOLLOWER
  }
}
 from snapshot
2024-07-06 11:53:55,519 [grpc-default-executor-0] INFO  server.RaftServer$Division (ServerState.java:setRaftConf(386)) - 41075d7a-0d70-4fa2-ba46-cbc672699b06@group-1EB1B476413A: set configuration conf: {index: 1, cur=peers:[eb66df86-6ffc-4e53-b873-cb2b44d5f35d|localhost:15003]|listeners:[], old=null}
2024-07-06 11:53:55,521 [grpc-default-executor-0] INFO  impl.SnapshotInstallationHandler (SnapshotInstallationHandler.java:installSnapshot(103)) - 41075d7a-0d70-4fa2-ba46-cbc672699b06@group-1EB1B476413A: reply installSnapshot: eb66df86-6ffc-4e53-b873-cb2b44d5f35d<-41075d7a-0d70-4fa2-ba46-cbc672699b06#0:FAIL-t2,IN_PROGRESS,snapshotIndex=0
2024-07-06 11:53:55,521 [grpc-default-executor-0] INFO  server.GrpcServerProtocolService (GrpcServerProtocolService.java:onCompleted(157)) - 41075d7a-0d70-4fa2-ba46-cbc672699b06: Completed INSTALL_SNAPSHOT, lastRequest: eb66df86-6ffc-4e53-b873-cb2b44d5f35d->41075d7a-0d70-4fa2-ba46-cbc672699b06#0-t2,notify:(t:1, i:0)
2024-07-06 11:53:55,521 [grpc-default-executor-0] INFO  server.GrpcServerProtocolService (GrpcServerProtocolService.java:lambda$onCompleted$5(159)) - 41075d7a-0d70-4fa2-ba46-cbc672699b06: Completed INSTALL_SNAPSHOT, lastReply: null
2024-07-06 11:53:55,523 [grpc-default-executor-2] INFO  server.GrpcLogAppender (GrpcLogAppender.java:onNext(649)) - eb66df86-6ffc-4e53-b873-cb2b44d5f35d@group-1EB1B476413A->41075d7a-0d70-4fa2-ba46-cbc672699b06-InstallSnapshotResponseHandler: received a reply eb66df86-6ffc-4e53-b873-cb2b44d5f35d<-41075d7a-0d70-4fa2-ba46-cbc672699b06#0:FAIL-t2,IN_PROGRESS,snapshotIndex=0
2024-07-06 11:53:55,523 [grpc-default-executor-2] INFO  server.GrpcLogAppender (GrpcLogAppender.java:onNext(665)) - eb66df86-6ffc-4e53-b873-cb2b44d5f35d@group-1EB1B476413A->41075d7a-0d70-4fa2-ba46-cbc672699b06-InstallSnapshotResponseHandler: InstallSnapshot in progress.
2024-07-06 11:53:55,524 [eb66df86-6ffc-4e53-b873-cb2b44d5f35d@group-1EB1B476413A->41075d7a-0d70-4fa2-ba46-cbc672699b06-GrpcLogAppender-LogAppenderDaemon] INFO  server.GrpcLogAppender (GrpcLogAppender.java:notifyInstallSnapshot(790)) - eb66df86-6ffc-4e53-b873-cb2b44d5f35d@group-1EB1B476413A->41075d7a-0d70-4fa2-ba46-cbc672699b06-GrpcLogAppender: notifyInstallSnapshot with firstAvailable=(t:1, i:0), followerNextIndex=0
2024-07-06 11:53:55,524 [eb66df86-6ffc-4e53-b873-cb2b44d5f35d@group-1EB1B476413A->41075d7a-0d70-4fa2-ba46-cbc672699b06-GrpcLogAppender-LogAppenderDaemon] INFO  server.GrpcLogAppender (GrpcLogAppender.java:notifyInstallSnapshot(798)) - eb66df86-6ffc-4e53-b873-cb2b44d5f35d@group-1EB1B476413A->41075d7a-0d70-4fa2-ba46-cbc672699b06-GrpcLogAppender: send eb66df86-6ffc-4e53-b873-cb2b44d5f35d->41075d7a-0d70-4fa2-ba46-cbc672699b06#0-t2,notify:(t:1, i:0)
2024-07-06 11:53:55,526 [41075d7a-0d70-4fa2-ba46-cbc672699b06-server-thread1] INFO  server.RaftServer$Division (RaftServerImpl.java:checkInconsistentAppendEntries(1629)) - 41075d7a-0d70-4fa2-ba46-cbc672699b06@group-1EB1B476413A: Failed appendEntries as snapshot (0) installation is in progress
2024-07-06 11:53:55,526 [41075d7a-0d70-4fa2-ba46-cbc672699b06-server-thread1] INFO  server.RaftServer$Division (RaftServerImpl.java:appendEntriesAsync(1584)) - 41075d7a-0d70-4fa2-ba46-cbc672699b06@group-1EB1B476413A: appendEntries* reply eb66df86-6ffc-4e53-b873-cb2b44d5f35d<-41075d7a-0d70-4fa2-ba46-cbc672699b06#12:FAIL-t2,INCONSISTENCY,nextIndex=0,followerCommit=-1,matchIndex=-1
2024-07-06 11:53:55,527 [grpc-default-executor-2] INFO  impl.SnapshotInstallationHandler (SnapshotInstallationHandler.java:installSnapshot(92)) - 41075d7a-0d70-4fa2-ba46-cbc672699b06@group-1EB1B476413A: receive installSnapshot: eb66df86-6ffc-4e53-b873-cb2b44d5f35d->41075d7a-0d70-4fa2-ba46-cbc672699b06#0-t2,notify:(t:1, i:0)
2024-07-06 11:53:55,527 [grpc-default-executor-2] INFO  impl.SnapshotInstallationHandler (SnapshotInstallationHandler.java:installSnapshotImpl(138)) - 41075d7a-0d70-4fa2-ba46-cbc672699b06@group-1EB1B476413A: set new configuration index: 1
configurationEntry {
  peers {
    id: "eb66df86-6ffc-4e53-b873-cb2b44d5f35d"
    address: "localhost:15003"
    startupRole: FOLLOWER
  }
}
 from snapshot
2024-07-06 11:53:55,527 [grpc-default-executor-2] INFO  server.RaftServer$Division (ServerState.java:setRaftConf(386)) - 41075d7a-0d70-4fa2-ba46-cbc672699b06@group-1EB1B476413A: set configuration conf: {index: 1, cur=peers:[eb66df86-6ffc-4e53-b873-cb2b44d5f35d|localhost:15003]|listeners:[], old=null}
2024-07-06 11:53:55,527 [grpc-default-executor-3] WARN  server.GrpcLogAppender (GrpcLogAppender.java:onNextImpl(519)) - eb66df86-6ffc-4e53-b873-cb2b44d5f35d@group-1EB1B476413A->41075d7a-0d70-4fa2-ba46-cbc672699b06-AppendLogResponseHandler: received INCONSISTENCY reply with nextIndex 0, errorCount=1, request=AppendEntriesRequest:cid=12,entriesCount=0
2024-07-06 11:53:55,529 [grpc-default-executor-2] INFO  impl.SnapshotInstallationHandler (SnapshotInstallationHandler.java:installSnapshot(103)) - 41075d7a-0d70-4fa2-ba46-cbc672699b06@group-1EB1B476413A: reply installSnapshot: eb66df86-6ffc-4e53-b873-cb2b44d5f35d<-41075d7a-0d70-4fa2-ba46-cbc672699b06#0:FAIL-t2,IN_PROGRESS,snapshotIndex=0
2024-07-06 11:53:55,529 [grpc-default-executor-2] INFO  server.GrpcServerProtocolService (GrpcServerProtocolService.java:onCompleted(157)) - 41075d7a-0d70-4fa2-ba46-cbc672699b06: Completed INSTALL_SNAPSHOT, lastRequest: eb66df86-6ffc-4e53-b873-cb2b44d5f35d->41075d7a-0d70-4fa2-ba46-cbc672699b06#0-t2,notify:(t:1, i:0)
2024-07-06 11:53:55,529 [grpc-default-executor-2] INFO  server.GrpcServerProtocolService (GrpcServerProtocolService.java:lambda$onCompleted$5(159)) - 41075d7a-0d70-4fa2-ba46-cbc672699b06: Completed INSTALL_SNAPSHOT, lastReply: null
2024-07-06 11:53:55,530 [grpc-default-executor-2] INFO  server.GrpcLogAppender (GrpcLogAppender.java:onNext(649)) - eb66df86-6ffc-4e53-b873-cb2b44d5f35d@group-1EB1B476413A->41075d7a-0d70-4fa2-ba46-cbc672699b06-InstallSnapshotResponseHandler: received a reply eb66df86-6ffc-4e53-b873-cb2b44d5f35d<-41075d7a-0d70-4fa2-ba46-cbc672699b06#0:FAIL-t2,IN_PROGRESS,snapshotIndex=0
2024-07-06 11:53:55,530 [grpc-default-executor-2] INFO  server.GrpcLogAppender (GrpcLogAppender.java:onNext(665)) - eb66df86-6ffc-4e53-b873-cb2b44d5f35d@group-1EB1B476413A->41075d7a-0d70-4fa2-ba46-cbc672699b06-InstallSnapshotResponseHandler: InstallSnapshot in progress.
2024-07-06 11:53:55,531 [eb66df86-6ffc-4e53-b873-cb2b44d5f35d@group-1EB1B476413A->41075d7a-0d70-4fa2-ba46-cbc672699b06-GrpcLogAppender-LogAppenderDaemon] INFO  server.GrpcLogAppender (GrpcLogAppender.java:notifyInstallSnapshot(790)) - eb66df86-6ffc-4e53-b873-cb2b44d5f35d@group-1EB1B476413A->41075d7a-0d70-4fa2-ba46-cbc672699b06-GrpcLogAppender: notifyInstallSnapshot with firstAvailable=(t:1, i:0), followerNextIndex=0
2024-07-06 11:53:55,531 [eb66df86-6ffc-4e53-b873-cb2b44d5f35d@group-1EB1B476413A->41075d7a-0d70-4fa2-ba46-cbc672699b06-GrpcLogAppender-LogAppenderDaemon] INFO  server.GrpcLogAppender (GrpcLogAppender.java:notifyInstallSnapshot(798)) - eb66df86-6ffc-4e53-b873-cb2b44d5f35d@group-1EB1B476413A->41075d7a-0d70-4fa2-ba46-cbc672699b06-GrpcLogAppender: send eb66df86-6ffc-4e53-b873-cb2b44d5f35d->41075d7a-0d70-4fa2-ba46-cbc672699b06#0-t2,notify:(t:1, i:0)
2024-07-06 11:53:55,532 [41075d7a-0d70-4fa2-ba46-cbc672699b06-server-thread1] INFO  server.RaftServer$Division (RaftServerImpl.java:checkInconsistentAppendEntries(1629)) - 41075d7a-0d70-4fa2-ba46-cbc672699b06@group-1EB1B476413A: Failed appendEntries as snapshot (0) installation is in progress
2024-07-06 11:53:55,533 [41075d7a-0d70-4fa2-ba46-cbc672699b06-server-thread1] INFO  server.RaftServer$Division (RaftServerImpl.java:appendEntriesAsync(1584)) - 41075d7a-0d70-4fa2-ba46-cbc672699b06@group-1EB1B476413A: appendEntries* reply eb66df86-6ffc-4e53-b873-cb2b44d5f35d<-41075d7a-0d70-4fa2-ba46-cbc672699b06#13:FAIL-t2,INCONSISTENCY,nextIndex=0,followerCommit=-1,matchIndex=-1
2024-07-06 11:53:55,534 [grpc-default-executor-0] INFO  impl.SnapshotInstallationHandler (SnapshotInstallationHandler.java:installSnapshot(92)) - 41075d7a-0d70-4fa2-ba46-cbc672699b06@group-1EB1B476413A: receive installSnapshot: eb66df86-6ffc-4e53-b873-cb2b44d5f35d->41075d7a-0d70-4fa2-ba46-cbc672699b06#0-t2,notify:(t:1, i:0)
2024-07-06 11:53:55,534 [grpc-default-executor-0] INFO  impl.SnapshotInstallationHandler (SnapshotInstallationHandler.java:installSnapshotImpl(138)) - 41075d7a-0d70-4fa2-ba46-cbc672699b06@group-1EB1B476413A: set new configuration index: 1
configurationEntry {
  peers {
    id: "eb66df86-6ffc-4e53-b873-cb2b44d5f35d"
    address: "localhost:15003"
    startupRole: FOLLOWER
  }
}
 from snapshot
2024-07-06 11:53:55,535 [grpc-default-executor-0] INFO  server.RaftServer$Division (ServerState.java:setRaftConf(386)) - 41075d7a-0d70-4fa2-ba46-cbc672699b06@group-1EB1B476413A: set configuration conf: {index: 1, cur=peers:[eb66df86-6ffc-4e53-b873-cb2b44d5f35d|localhost:15003]|listeners:[], old=null}
2024-07-06 11:53:55,535 [grpc-default-executor-2] WARN  server.GrpcLogAppender (GrpcLogAppender.java:onNextImpl(519)) - eb66df86-6ffc-4e53-b873-cb2b44d5f35d@group-1EB1B476413A->41075d7a-0d70-4fa2-ba46-cbc672699b06-AppendLogResponseHandler: received INCONSISTENCY reply with nextIndex 0, errorCount=1, request=AppendEntriesRequest:cid=13,entriesCount=0
2024-07-06 11:53:55,536 [grpc-default-executor-0] INFO  impl.SnapshotInstallationHandler (SnapshotInstallationHandler.java:installSnapshot(103)) - 41075d7a-0d70-4fa2-ba46-cbc672699b06@group-1EB1B476413A: reply installSnapshot: eb66df86-6ffc-4e53-b873-cb2b44d5f35d<-41075d7a-0d70-4fa2-ba46-cbc672699b06#0:FAIL-t2,IN_PROGRESS,snapshotIndex=0
2024-07-06 11:53:55,536 [grpc-default-executor-0] INFO  server.GrpcServerProtocolService (GrpcServerProtocolService.java:onCompleted(157)) - 41075d7a-0d70-4fa2-ba46-cbc672699b06: Completed INSTALL_SNAPSHOT, lastRequest: eb66df86-6ffc-4e53-b873-cb2b44d5f35d->41075d7a-0d70-4fa2-ba46-cbc672699b06#0-t2,notify:(t:1, i:0)
2024-07-06 11:53:55,536 [grpc-default-executor-0] INFO  server.GrpcServerProtocolService (GrpcServerProtocolService.java:lambda$onCompleted$5(159)) - 41075d7a-0d70-4fa2-ba46-cbc672699b06: Completed INSTALL_SNAPSHOT, lastReply: null
2024-07-06 11:53:55,537 [grpc-default-executor-2] INFO  server.GrpcLogAppender (GrpcLogAppender.java:onNext(649)) - eb66df86-6ffc-4e53-b873-cb2b44d5f35d@group-1EB1B476413A->41075d7a-0d70-4fa2-ba46-cbc672699b06-InstallSnapshotResponseHandler: received a reply eb66df86-6ffc-4e53-b873-cb2b44d5f35d<-41075d7a-0d70-4fa2-ba46-cbc672699b06#0:FAIL-t2,IN_PROGRESS,snapshotIndex=0
2024-07-06 11:53:55,537 [grpc-default-executor-2] INFO  server.GrpcLogAppender (GrpcLogAppender.java:onNext(665)) - eb66df86-6ffc-4e53-b873-cb2b44d5f35d@group-1EB1B476413A->41075d7a-0d70-4fa2-ba46-cbc672699b06-InstallSnapshotResponseHandler: InstallSnapshot in progress.
2024-07-06 11:53:55,538 [41075d7a-0d70-4fa2-ba46-cbc672699b06-server-thread1] INFO  server.RaftServer$Division (RaftServerImpl.java:checkInconsistentAppendEntries(1629)) - 41075d7a-0d70-4fa2-ba46-cbc672699b06@group-1EB1B476413A: Failed appendEntries as snapshot (0) installation is in progress
2024-07-06 11:53:55,538 [41075d7a-0d70-4fa2-ba46-cbc672699b06-server-thread1] INFO  server.RaftServer$Division (RaftServerImpl.java:appendEntriesAsync(1584)) - 41075d7a-0d70-4fa2-ba46-cbc672699b06@group-1EB1B476413A: appendEntries* reply eb66df86-6ffc-4e53-b873-cb2b44d5f35d<-41075d7a-0d70-4fa2-ba46-cbc672699b06#14:FAIL-t2,INCONSISTENCY,nextIndex=0,followerCommit=-1,matchIndex=-1
2024-07-06 11:53:55,539 [eb66df86-6ffc-4e53-b873-cb2b44d5f35d@group-1EB1B476413A->41075d7a-0d70-4fa2-ba46-cbc672699b06-GrpcLogAppender-LogAppenderDaemon] INFO  server.GrpcLogAppender (GrpcLogAppender.java:notifyInstallSnapshot(790)) - eb66df86-6ffc-4e53-b873-cb2b44d5f35d@group-1EB1B476413A->41075d7a-0d70-4fa2-ba46-cbc672699b06-GrpcLogAppender: notifyInstallSnapshot with firstAvailable=(t:1, i:0), followerNextIndex=0
2024-07-06 11:53:55,539 [eb66df86-6ffc-4e53-b873-cb2b44d5f35d@group-1EB1B476413A->41075d7a-0d70-4fa2-ba46-cbc672699b06-GrpcLogAppender-LogAppenderDaemon] INFO  server.GrpcLogAppender (GrpcLogAppender.java:notifyInstallSnapshot(798)) - eb66df86-6ffc-4e53-b873-cb2b44d5f35d@group-1EB1B476413A->41075d7a-0d70-4fa2-ba46-cbc672699b06-GrpcLogAppender: send eb66df86-6ffc-4e53-b873-cb2b44d5f35d->41075d7a-0d70-4fa2-ba46-cbc672699b06#0-t2,notify:(t:1, i:0)
2024-07-06 11:53:55,539 [grpc-default-executor-2] WARN  server.GrpcLogAppender (GrpcLogAppender.java:onNextImpl(519)) - eb66df86-6ffc-4e53-b873-cb2b44d5f35d@group-1EB1B476413A->41075d7a-0d70-4fa2-ba46-cbc672699b06-AppendLogResponseHandler: received INCONSISTENCY reply with nextIndex 0, errorCount=1, request=AppendEntriesRequest:cid=14,entriesCount=0
2024-07-06 11:53:55,541 [grpc-default-executor-2] INFO  impl.SnapshotInstallationHandler (SnapshotInstallationHandler.java:installSnapshot(92)) - 41075d7a-0d70-4fa2-ba46-cbc672699b06@group-1EB1B476413A: receive installSnapshot: eb66df86-6ffc-4e53-b873-cb2b44d5f35d->41075d7a-0d70-4fa2-ba46-cbc672699b06#0-t2,notify:(t:1, i:0)
2024-07-06 11:53:55,543 [grpc-default-executor-2] INFO  impl.SnapshotInstallationHandler (SnapshotInstallationHandler.java:installSnapshotImpl(138)) - 41075d7a-0d70-4fa2-ba46-cbc672699b06@group-1EB1B476413A: set new configuration index: 1
configurationEntry {
  peers {
    id: "eb66df86-6ffc-4e53-b873-cb2b44d5f35d"
    address: "localhost:15003"
    startupRole: FOLLOWER
  }
}
 from snapshot
2024-07-06 11:53:55,543 [grpc-default-executor-2] INFO  server.RaftServer$Division (ServerState.java:setRaftConf(386)) - 41075d7a-0d70-4fa2-ba46-cbc672699b06@group-1EB1B476413A: set configuration conf: {index: 1, cur=peers:[eb66df86-6ffc-4e53-b873-cb2b44d5f35d|localhost:15003]|listeners:[], old=null}
2024-07-06 11:53:55,544 [grpc-default-executor-2] INFO  impl.SnapshotInstallationHandler (SnapshotInstallationHandler.java:installSnapshot(103)) - 41075d7a-0d70-4fa2-ba46-cbc672699b06@group-1EB1B476413A: reply installSnapshot: eb66df86-6ffc-4e53-b873-cb2b44d5f35d<-41075d7a-0d70-4fa2-ba46-cbc672699b06#0:FAIL-t2,IN_PROGRESS,snapshotIndex=0
2024-07-06 11:53:55,545 [grpc-default-executor-2] INFO  server.GrpcServerProtocolService (GrpcServerProtocolService.java:onCompleted(157)) - 41075d7a-0d70-4fa2-ba46-cbc672699b06: Completed INSTALL_SNAPSHOT, lastRequest: eb66df86-6ffc-4e53-b873-cb2b44d5f35d->41075d7a-0d70-4fa2-ba46-cbc672699b06#0-t2,notify:(t:1, i:0)
2024-07-06 11:53:55,545 [grpc-default-executor-2] INFO  server.GrpcServerProtocolService (GrpcServerProtocolService.java:lambda$onCompleted$5(159)) - 41075d7a-0d70-4fa2-ba46-cbc672699b06: Completed INSTALL_SNAPSHOT, lastReply: null
2024-07-06 11:53:55,546 [grpc-default-executor-0] INFO  server.GrpcLogAppender (GrpcLogAppender.java:onNext(649)) - eb66df86-6ffc-4e53-b873-cb2b44d5f35d@group-1EB1B476413A->41075d7a-0d70-4fa2-ba46-cbc672699b06-InstallSnapshotResponseHandler: received a reply eb66df86-6ffc-4e53-b873-cb2b44d5f35d<-41075d7a-0d70-4fa2-ba46-cbc672699b06#0:FAIL-t2,IN_PROGRESS,snapshotIndex=0
2024-07-06 11:53:55,546 [grpc-default-executor-0] INFO  server.GrpcLogAppender (GrpcLogAppender.java:onNext(665)) - eb66df86-6ffc-4e53-b873-cb2b44d5f35d@group-1EB1B476413A->41075d7a-0d70-4fa2-ba46-cbc672699b06-InstallSnapshotResponseHandler: InstallSnapshot in progress.
2024-07-06 11:53:55,547 [eb66df86-6ffc-4e53-b873-cb2b44d5f35d@group-1EB1B476413A->41075d7a-0d70-4fa2-ba46-cbc672699b06-GrpcLogAppender-LogAppenderDaemon] INFO  server.GrpcLogAppender (GrpcLogAppender.java:notifyInstallSnapshot(790)) - eb66df86-6ffc-4e53-b873-cb2b44d5f35d@group-1EB1B476413A->41075d7a-0d70-4fa2-ba46-cbc672699b06-GrpcLogAppender: notifyInstallSnapshot with firstAvailable=(t:1, i:0), followerNextIndex=0
2024-07-06 11:53:55,547 [eb66df86-6ffc-4e53-b873-cb2b44d5f35d@group-1EB1B476413A->41075d7a-0d70-4fa2-ba46-cbc672699b06-GrpcLogAppender-LogAppenderDaemon] INFO  server.GrpcLogAppender (GrpcLogAppender.java:notifyInstallSnapshot(798)) - eb66df86-6ffc-4e53-b873-cb2b44d5f35d@group-1EB1B476413A->41075d7a-0d70-4fa2-ba46-cbc672699b06-GrpcLogAppender: send eb66df86-6ffc-4e53-b873-cb2b44d5f35d->41075d7a-0d70-4fa2-ba46-cbc672699b06#0-t2,notify:(t:1, i:0)
2024-07-06 11:53:55,549 [grpc-default-executor-3] INFO  impl.SnapshotInstallationHandler (SnapshotInstallationHandler.java:installSnapshot(92)) - 41075d7a-0d70-4fa2-ba46-cbc672699b06@group-1EB1B476413A: receive installSnapshot: eb66df86-6ffc-4e53-b873-cb2b44d5f35d->41075d7a-0d70-4fa2-ba46-cbc672699b06#0-t2,notify:(t:1, i:0)
2024-07-06 11:53:55,549 [grpc-default-executor-3] INFO  impl.SnapshotInstallationHandler (SnapshotInstallationHandler.java:installSnapshotImpl(138)) - 41075d7a-0d70-4fa2-ba46-cbc672699b06@group-1EB1B476413A: set new configuration index: 1
configurationEntry {
  peers {
    id: "eb66df86-6ffc-4e53-b873-cb2b44d5f35d"
    address: "localhost:15003"
    startupRole: FOLLOWER
  }
}
 from snapshot
2024-07-06 11:53:55,549 [grpc-default-executor-3] INFO  server.RaftServer$Division (ServerState.java:setRaftConf(386)) - 41075d7a-0d70-4fa2-ba46-cbc672699b06@group-1EB1B476413A: set configuration conf: {index: 1, cur=peers:[eb66df86-6ffc-4e53-b873-cb2b44d5f35d|localhost:15003]|listeners:[], old=null}
2024-07-06 11:53:55,550 [41075d7a-0d70-4fa2-ba46-cbc672699b06-server-thread1] INFO  server.RaftServer$Division (RaftServerImpl.java:checkInconsistentAppendEntries(1629)) - 41075d7a-0d70-4fa2-ba46-cbc672699b06@group-1EB1B476413A: Failed appendEntries as snapshot (0) installation is in progress
2024-07-06 11:53:55,550 [41075d7a-0d70-4fa2-ba46-cbc672699b06-server-thread1] INFO  server.RaftServer$Division (RaftServerImpl.java:appendEntriesAsync(1584)) - 41075d7a-0d70-4fa2-ba46-cbc672699b06@group-1EB1B476413A: appendEntries* reply eb66df86-6ffc-4e53-b873-cb2b44d5f35d<-41075d7a-0d70-4fa2-ba46-cbc672699b06#15:FAIL-t2,INCONSISTENCY,nextIndex=0,followerCommit=-1,matchIndex=-1
2024-07-06 11:53:55,551 [scmNode-2-SCMInstallSnapshot-0] INFO  ha.SCMHAManagerImpl (SCMHAManagerImpl.java:verifyCheckpointFromLeader(233)) - Installing checkpoint with SCMTransactionInfo 2#18
2024-07-06 11:53:55,551 [grpc-default-executor-3] INFO  impl.SnapshotInstallationHandler (SnapshotInstallationHandler.java:installSnapshot(103)) - 41075d7a-0d70-4fa2-ba46-cbc672699b06@group-1EB1B476413A: reply installSnapshot: eb66df86-6ffc-4e53-b873-cb2b44d5f35d<-41075d7a-0d70-4fa2-ba46-cbc672699b06#0:FAIL-t2,IN_PROGRESS,snapshotIndex=0
2024-07-06 11:53:55,551 [grpc-default-executor-0] WARN  server.GrpcLogAppender (GrpcLogAppender.java:onNextImpl(519)) - eb66df86-6ffc-4e53-b873-cb2b44d5f35d@group-1EB1B476413A->41075d7a-0d70-4fa2-ba46-cbc672699b06-AppendLogResponseHandler: received INCONSISTENCY reply with nextIndex 0, errorCount=1, request=AppendEntriesRequest:cid=15,entriesCount=0
2024-07-06 11:53:55,552 [grpc-default-executor-3] INFO  server.GrpcServerProtocolService (GrpcServerProtocolService.java:onCompleted(157)) - 41075d7a-0d70-4fa2-ba46-cbc672699b06: Completed INSTALL_SNAPSHOT, lastRequest: eb66df86-6ffc-4e53-b873-cb2b44d5f35d->41075d7a-0d70-4fa2-ba46-cbc672699b06#0-t2,notify:(t:1, i:0)
2024-07-06 11:53:55,552 [grpc-default-executor-3] INFO  server.GrpcServerProtocolService (GrpcServerProtocolService.java:lambda$onCompleted$5(159)) - 41075d7a-0d70-4fa2-ba46-cbc672699b06: Completed INSTALL_SNAPSHOT, lastReply: null
2024-07-06 11:53:55,553 [grpc-default-executor-3] INFO  server.GrpcLogAppender (GrpcLogAppender.java:onNext(649)) - eb66df86-6ffc-4e53-b873-cb2b44d5f35d@group-1EB1B476413A->41075d7a-0d70-4fa2-ba46-cbc672699b06-InstallSnapshotResponseHandler: received a reply eb66df86-6ffc-4e53-b873-cb2b44d5f35d<-41075d7a-0d70-4fa2-ba46-cbc672699b06#0:FAIL-t2,IN_PROGRESS,snapshotIndex=0
2024-07-06 11:53:55,553 [grpc-default-executor-3] INFO  server.GrpcLogAppender (GrpcLogAppender.java:onNext(665)) - eb66df86-6ffc-4e53-b873-cb2b44d5f35d@group-1EB1B476413A->41075d7a-0d70-4fa2-ba46-cbc672699b06-InstallSnapshotResponseHandler: InstallSnapshot in progress.
2024-07-06 11:53:55,554 [41075d7a-0d70-4fa2-ba46-cbc672699b06-server-thread1] INFO  server.RaftServer$Division (RaftServerImpl.java:checkInconsistentAppendEntries(1629)) - 41075d7a-0d70-4fa2-ba46-cbc672699b06@group-1EB1B476413A: Failed appendEntries as snapshot (0) installation is in progress
2024-07-06 11:53:55,554 [41075d7a-0d70-4fa2-ba46-cbc672699b06-server-thread1] INFO  server.RaftServer$Division (RaftServerImpl.java:appendEntriesAsync(1584)) - 41075d7a-0d70-4fa2-ba46-cbc672699b06@group-1EB1B476413A: appendEntries* reply eb66df86-6ffc-4e53-b873-cb2b44d5f35d<-41075d7a-0d70-4fa2-ba46-cbc672699b06#16:FAIL-t2,INCONSISTENCY,nextIndex=0,followerCommit=-1,matchIndex=-1
2024-07-06 11:53:55,554 [scmNode-2-SCMInstallSnapshot-0] INFO  impl.SnapshotInstallationHandler (SnapshotInstallationHandler.java:lambda$notifyStateMachineToInstallSnapshot$2(279)) - 41075d7a-0d70-4fa2-ba46-cbc672699b06@group-1EB1B476413A: StateMachine successfully installed snapshot index 18. Reloading the StateMachine.
2024-07-06 11:53:55,555 [eb66df86-6ffc-4e53-b873-cb2b44d5f35d@group-1EB1B476413A->41075d7a-0d70-4fa2-ba46-cbc672699b06-GrpcLogAppender-LogAppenderDaemon] INFO  server.GrpcLogAppender (GrpcLogAppender.java:notifyInstallSnapshot(790)) - eb66df86-6ffc-4e53-b873-cb2b44d5f35d@group-1EB1B476413A->41075d7a-0d70-4fa2-ba46-cbc672699b06-GrpcLogAppender: notifyInstallSnapshot with firstAvailable=(t:1, i:0), followerNextIndex=0
2024-07-06 11:53:55,555 [eb66df86-6ffc-4e53-b873-cb2b44d5f35d@group-1EB1B476413A->41075d7a-0d70-4fa2-ba46-cbc672699b06-GrpcLogAppender-LogAppenderDaemon] INFO  server.GrpcLogAppender (GrpcLogAppender.java:notifyInstallSnapshot(798)) - eb66df86-6ffc-4e53-b873-cb2b44d5f35d@group-1EB1B476413A->41075d7a-0d70-4fa2-ba46-cbc672699b06-GrpcLogAppender: send eb66df86-6ffc-4e53-b873-cb2b44d5f35d->41075d7a-0d70-4fa2-ba46-cbc672699b06#0-t2,notify:(t:1, i:0)
2024-07-06 11:53:55,556 [grpc-default-executor-3] WARN  server.GrpcLogAppender (GrpcLogAppender.java:onNextImpl(519)) - eb66df86-6ffc-4e53-b873-cb2b44d5f35d@group-1EB1B476413A->41075d7a-0d70-4fa2-ba46-cbc672699b06-AppendLogResponseHandler: received INCONSISTENCY reply with nextIndex 0, errorCount=1, request=AppendEntriesRequest:cid=16,entriesCount=0
2024-07-06 11:53:55,557 [grpc-default-executor-3] INFO  impl.SnapshotInstallationHandler (SnapshotInstallationHandler.java:installSnapshot(92)) - 41075d7a-0d70-4fa2-ba46-cbc672699b06@group-1EB1B476413A: receive installSnapshot: eb66df86-6ffc-4e53-b873-cb2b44d5f35d->41075d7a-0d70-4fa2-ba46-cbc672699b06#0-t2,notify:(t:1, i:0)
2024-07-06 11:53:55,558 [grpc-default-executor-3] INFO  raftlog.RaftLog (RaftLogBase.java:lambda$new$0(54)) - 41075d7a-0d70-4fa2-ba46-cbc672699b06@group-1EB1B476413A-SegmentedRaftLog: snapshotIndex: updateIncreasingly -1 -> 18
2024-07-06 11:53:55,558 [grpc-default-executor-3] INFO  segmented.SegmentedRaftLogWorker (SegmentedRaftLogWorker.java:lambda$new$0(135)) - 41075d7a-0d70-4fa2-ba46-cbc672699b06@group-1EB1B476413A-SegmentedRaftLogWorker: flushIndex: setUnconditionally -1 -> 18
2024-07-06 11:53:55,558 [grpc-default-executor-3] INFO  segmented.SegmentedRaftLogWorker (SegmentedRaftLogWorker.java:lambda$new$0(135)) - 41075d7a-0d70-4fa2-ba46-cbc672699b06@group-1EB1B476413A-SegmentedRaftLogWorker: safeCacheEvictIndex: setUnconditionally -1 -> 18
2024-07-06 11:53:55,558 [grpc-default-executor-3] INFO  raftlog.RaftLog (RaftLogBase.java:lambda$new$0(54)) - 41075d7a-0d70-4fa2-ba46-cbc672699b06@group-1EB1B476413A-SegmentedRaftLog: purgeIndex: updateToMax old=-1, new=18, updated? true
2024-07-06 11:53:55,558 [grpc-default-executor-3] INFO  impl.SnapshotInstallationHandler (SnapshotInstallationHandler.java:notifyStateMachineToInstallSnapshot(323)) - 41075d7a-0d70-4fa2-ba46-cbc672699b06@group-1EB1B476413A: InstallSnapshot notification result: SNAPSHOT_INSTALLED, at index: (t:2, i:18)
2024-07-06 11:53:55,559 [grpc-default-executor-3] INFO  impl.SnapshotInstallationHandler (SnapshotInstallationHandler.java:installSnapshotImpl(138)) - 41075d7a-0d70-4fa2-ba46-cbc672699b06@group-1EB1B476413A: set new configuration index: 1
configurationEntry {
  peers {
    id: "eb66df86-6ffc-4e53-b873-cb2b44d5f35d"
    address: "localhost:15003"
    startupRole: FOLLOWER
  }
}
 from snapshot
2024-07-06 11:53:55,559 [grpc-default-executor-3] INFO  server.RaftServer$Division (ServerState.java:setRaftConf(386)) - 41075d7a-0d70-4fa2-ba46-cbc672699b06@group-1EB1B476413A: set configuration conf: {index: 1, cur=peers:[eb66df86-6ffc-4e53-b873-cb2b44d5f35d|localhost:15003]|listeners:[], old=null}
2024-07-06 11:53:55,560 [grpc-default-executor-3] INFO  impl.SnapshotInstallationHandler (SnapshotInstallationHandler.java:installSnapshot(103)) - 41075d7a-0d70-4fa2-ba46-cbc672699b06@group-1EB1B476413A: reply installSnapshot: eb66df86-6ffc-4e53-b873-cb2b44d5f35d<-41075d7a-0d70-4fa2-ba46-cbc672699b06#0:OK-t2,SNAPSHOT_INSTALLED,snapshotIndex=18
2024-07-06 11:53:55,560 [grpc-default-executor-3] INFO  server.GrpcServerProtocolService (GrpcServerProtocolService.java:onCompleted(157)) - 41075d7a-0d70-4fa2-ba46-cbc672699b06: Completed INSTALL_SNAPSHOT, lastRequest: eb66df86-6ffc-4e53-b873-cb2b44d5f35d->41075d7a-0d70-4fa2-ba46-cbc672699b06#0-t2,notify:(t:1, i:0)
2024-07-06 11:53:55,560 [grpc-default-executor-3] INFO  server.GrpcServerProtocolService (GrpcServerProtocolService.java:lambda$onCompleted$5(159)) - 41075d7a-0d70-4fa2-ba46-cbc672699b06: Completed INSTALL_SNAPSHOT, lastReply: null
2024-07-06 11:53:55,561 [grpc-default-executor-3] INFO  server.GrpcLogAppender (GrpcLogAppender.java:onNext(649)) - eb66df86-6ffc-4e53-b873-cb2b44d5f35d@group-1EB1B476413A->41075d7a-0d70-4fa2-ba46-cbc672699b06-InstallSnapshotResponseHandler: received a reply eb66df86-6ffc-4e53-b873-cb2b44d5f35d<-41075d7a-0d70-4fa2-ba46-cbc672699b06#0:OK-t2,SNAPSHOT_INSTALLED,snapshotIndex=18
2024-07-06 11:53:55,562 [grpc-default-executor-3] INFO  server.GrpcLogAppender (GrpcLogAppender.java:onNext(687)) - eb66df86-6ffc-4e53-b873-cb2b44d5f35d@group-1EB1B476413A->41075d7a-0d70-4fa2-ba46-cbc672699b06-InstallSnapshotResponseHandler: Follower installed snapshot at index 18
2024-07-06 11:53:55,562 [grpc-default-executor-3] INFO  leader.FollowerInfo (FollowerInfoImpl.java:info(64)) - eb66df86-6ffc-4e53-b873-cb2b44d5f35d@group-1EB1B476413A->41075d7a-0d70-4fa2-ba46-cbc672699b06: snapshotIndex: setUnconditionally 0 -> 18
2024-07-06 11:53:55,562 [grpc-default-executor-3] INFO  leader.FollowerInfo (FollowerInfoImpl.java:info(64)) - eb66df86-6ffc-4e53-b873-cb2b44d5f35d@group-1EB1B476413A->41075d7a-0d70-4fa2-ba46-cbc672699b06: matchIndex: setUnconditionally -1 -> 18
2024-07-06 11:53:55,563 [grpc-default-executor-3] INFO  leader.FollowerInfo (FollowerInfoImpl.java:info(64)) - eb66df86-6ffc-4e53-b873-cb2b44d5f35d@group-1EB1B476413A->41075d7a-0d70-4fa2-ba46-cbc672699b06: nextIndex: setUnconditionally 0 -> 19
2024-07-06 11:53:55,563 [grpc-default-executor-3] INFO  leader.FollowerInfo (FollowerInfoImpl.java:setAttemptedToInstallSnapshot(154)) - Follower eb66df86-6ffc-4e53-b873-cb2b44d5f35d@group-1EB1B476413A->41075d7a-0d70-4fa2-ba46-cbc672699b06 acknowledged installing snapshot
2024-07-06 11:53:55,563 [grpc-default-executor-3] INFO  server.GrpcLogAppender (GrpcLogAppender.java:increaseNextIndex(457)) - eb66df86-6ffc-4e53-b873-cb2b44d5f35d@group-1EB1B476413A->41075d7a-0d70-4fa2-ba46-cbc672699b06-GrpcLogAppender: updateNextIndex 19 for SNAPSHOT_INSTALLED
2024-07-06 11:53:55,563 [grpc-default-executor-3] INFO  server.GrpcLogAppender (GrpcLogAppender.java:onFollowerCatchup(621)) - eb66df86-6ffc-4e53-b873-cb2b44d5f35d@group-1EB1B476413A->41075d7a-0d70-4fa2-ba46-cbc672699b06-InstallSnapshotResponseHandler: Follower can catch up leader after install the snapshot, as leader's start index is 19
2024-07-06 11:53:55,624 [41075d7a-0d70-4fa2-ba46-cbc672699b06@group-1EB1B476413A-StateMachineUpdater] INFO  ha.SCMHAManagerImpl (SCMHAManagerImpl.java:installCheckpoint(288)) - Installing checkpoint with SCMTransactionInfo 2#18
2024-07-06 11:53:55,630 [41075d7a-0d70-4fa2-ba46-cbc672699b06@group-1EB1B476413A-StateMachineUpdater] INFO  ha.SCMHAManagerImpl (SCMHAManagerImpl.java:installCheckpoint(327)) - Replaced DB with checkpoint, term: 2, index: 18
2024-07-06 11:53:55,630 [41075d7a-0d70-4fa2-ba46-cbc672699b06@group-1EB1B476413A-StateMachineUpdater] WARN  utils.HAUtils (HAUtils.java:getMetaDir(339)) - ozone.scm.db.dirs is not configured. We recommend adding this setting. Falling back to ozone.metadata.dirs instead.
2024-07-06 11:53:55,631 [41075d7a-0d70-4fa2-ba46-cbc672699b06@group-1EB1B476413A-StateMachineUpdater] WARN  db.DBStoreBuilder (DBStoreBuilder.java:applyDBDefinition(171)) - ozone.scm.db.dirs is not configured. We recommend adding this setting. Falling back to ozone.metadata.dirs instead.
2024-07-06 11:53:55,676 [41075d7a-0d70-4fa2-ba46-cbc672699b06@group-1EB1B476413A-StateMachineUpdater] INFO  ha.SequenceIdGenerator (SequenceIdGenerator.java:reinitialize(185)) - reinitialize SequenceIdGenerator.
2024-07-06 11:53:55,678 [41075d7a-0d70-4fa2-ba46-cbc672699b06@group-1EB1B476413A-StateMachineUpdater] INFO  pipeline.PipelineStateManagerImpl (PipelineStateManagerImpl.java:initialize(78)) - No pipeline exists in current db
2024-07-06 11:53:55,680 [41075d7a-0d70-4fa2-ba46-cbc672699b06@group-1EB1B476413A-StateMachineUpdater] INFO  ha.SCMHAManagerImpl (SCMHAManagerImpl.java:installCheckpoint(342)) - Reloaded SCM state with Term: 2 and Index: 18
2024-07-06 11:53:55,682 [41075d7a-0d70-4fa2-ba46-cbc672699b06@group-1EB1B476413A-StateMachineUpdater] INFO  symmetric.SecretKeyStateImpl (SecretKeyStateImpl.java:updateKeysInternal(113)) - Updating keys with [SecretKey(id = 2203af62-81d5-49cf-a522-7518eb26350e, creation at: 2024-07-06T11:53:55.168Z, expire at: 2024-07-06T11:53:58.168Z), SecretKey(id = f2e265a0-4327-4147-9433-b5705af6b148, creation at: 2024-07-06T11:53:54.168Z, expire at: 2024-07-06T11:53:57.168Z), SecretKey(id = 26abe3c7-c350-4fab-bd3c-613834309851, creation at: 2024-07-06T11:53:53.068Z, expire at: 2024-07-06T11:53:56.068Z)]
2024-07-06 11:53:55,682 [41075d7a-0d70-4fa2-ba46-cbc672699b06@group-1EB1B476413A-StateMachineUpdater] INFO  symmetric.SecretKeyStateImpl (SecretKeyStateImpl.java:updateKeysInternal(128)) - Current key updated SecretKey(id = 2203af62-81d5-49cf-a522-7518eb26350e, creation at: 2024-07-06T11:53:55.168Z, expire at: 2024-07-06T11:53:58.168Z)
2024-07-06 11:53:55,685 [41075d7a-0d70-4fa2-ba46-cbc672699b06@group-1EB1B476413A-StateMachineUpdater] INFO  symmetric.LocalSecretKeyStore (LocalSecretKeyStore.java:save(109)) - Saved [SecretKey(id = 2203af62-81d5-49cf-a522-7518eb26350e, creation at: 2024-07-06T11:53:55.168Z, expire at: 2024-07-06T11:53:58.168Z), SecretKey(id = f2e265a0-4327-4147-9433-b5705af6b148, creation at: 2024-07-06T11:53:54.168Z, expire at: 2024-07-06T11:53:57.168Z), SecretKey(id = 26abe3c7-c350-4fab-bd3c-613834309851, creation at: 2024-07-06T11:53:53.068Z, expire at: 2024-07-06T11:53:56.068Z)] to file /home/runner/work/ozone/ozone/hadoop-ozone/integration-test/target/test-dir/MiniOzoneClusterImpl-23934d72-33be-4118-bcff-1eb1b476413a/scmNode-2/scm/keys/secret_keys.json
2024-07-06 11:53:55,685 [41075d7a-0d70-4fa2-ba46-cbc672699b06@group-1EB1B476413A-StateMachineUpdater] INFO  impl.StateMachineUpdater (StateMachineUpdater.java:lambda$new$0(102)) - 41075d7a-0d70-4fa2-ba46-cbc672699b06@group-1EB1B476413A-StateMachineUpdater: snapshotIndex: setUnconditionally -1 -> 18
2024-07-06 11:53:55,685 [41075d7a-0d70-4fa2-ba46-cbc672699b06@group-1EB1B476413A-StateMachineUpdater] INFO  impl.StateMachineUpdater (StateMachineUpdater.java:lambda$new$0(102)) - 41075d7a-0d70-4fa2-ba46-cbc672699b06@group-1EB1B476413A-StateMachineUpdater: appliedIndex: setUnconditionally -1 -> 18
2024-07-06 11:53:56,268 [scmNode-1-SecretKeyManagerService] INFO  symmetric.SecretKeyManager (SecretKeyManager.java:checkAndRotate(125)) - SecretKey rotation is happening, new key generated SecretKey(id = 613bfbbe-190b-4706-8757-7b2f2b9a81d8, creation at: 2024-07-06T11:53:56.268000173Z, expire at: 2024-07-06T11:53:59.268000173Z)
2024-07-06 11:53:56,270 [eb66df86-6ffc-4e53-b873-cb2b44d5f35d@group-1EB1B476413A-StateMachineUpdater] INFO  symmetric.SecretKeyStateImpl (SecretKeyStateImpl.java:updateKeysInternal(113)) - Updating keys with [SecretKey(id = 2203af62-81d5-49cf-a522-7518eb26350e, creation at: 2024-07-06T11:53:55.168Z, expire at: 2024-07-06T11:53:58.168Z), SecretKey(id = f2e265a0-4327-4147-9433-b5705af6b148, creation at: 2024-07-06T11:53:54.168Z, expire at: 2024-07-06T11:53:57.168Z), SecretKey(id = 613bfbbe-190b-4706-8757-7b2f2b9a81d8, creation at: 2024-07-06T11:53:56.268Z, expire at: 2024-07-06T11:53:59.268Z)]
2024-07-06 11:53:56,270 [eb66df86-6ffc-4e53-b873-cb2b44d5f35d@group-1EB1B476413A-StateMachineUpdater] INFO  symmetric.SecretKeyStateImpl (SecretKeyStateImpl.java:updateKeysInternal(128)) - Current key updated SecretKey(id = 613bfbbe-190b-4706-8757-7b2f2b9a81d8, creation at: 2024-07-06T11:53:56.268Z, expire at: 2024-07-06T11:53:59.268Z)
2024-07-06 11:53:56,272 [eb66df86-6ffc-4e53-b873-cb2b44d5f35d@group-1EB1B476413A-StateMachineUpdater] INFO  symmetric.LocalSecretKeyStore (LocalSecretKeyStore.java:save(109)) - Saved [SecretKey(id = 613bfbbe-190b-4706-8757-7b2f2b9a81d8, creation at: 2024-07-06T11:53:56.268Z, expire at: 2024-07-06T11:53:59.268Z), SecretKey(id = 2203af62-81d5-49cf-a522-7518eb26350e, creation at: 2024-07-06T11:53:55.168Z, expire at: 2024-07-06T11:53:58.168Z), SecretKey(id = f2e265a0-4327-4147-9433-b5705af6b148, creation at: 2024-07-06T11:53:54.168Z, expire at: 2024-07-06T11:53:57.168Z)] to file /home/runner/work/ozone/ozone/hadoop-ozone/integration-test/target/test-dir/MiniOzoneClusterImpl-23934d72-33be-4118-bcff-1eb1b476413a/scmNode-1/scm/keys/secret_keys.json
2024-07-06 11:53:56,272 [eb66df86-6ffc-4e53-b873-cb2b44d5f35d@group-1EB1B476413A-StateMachineUpdater] INFO  safemode.HealthyPipelineSafeModeRule (HealthyPipelineSafeModeRule.java:initializeRule(172)) - Refreshed total pipeline count is 0, healthy pipeline threshold count is 1
2024-07-06 11:53:56,276 [41075d7a-0d70-4fa2-ba46-cbc672699b06-server-thread1] INFO  segmented.SegmentedRaftLogWorker (SegmentedRaftLogWorker.java:startLogSegment(433)) - 41075d7a-0d70-4fa2-ba46-cbc672699b06@group-1EB1B476413A-SegmentedRaftLogWorker: Starting segment from index:19
2024-07-06 11:53:56,277 [41075d7a-0d70-4fa2-ba46-cbc672699b06-server-thread1] INFO  server.RaftServer$Division (RaftServerImpl.java:appendEntriesAsync(1600)) -  FOLLOWER 41075d7a-0d70-4fa2-ba46-cbc672699b06@group-1EB1B476413A:t2, leader=eb66df86-6ffc-4e53-b873-cb2b44d5f35d, voted=null, raftlog=Memoized:41075d7a-0d70-4fa2-ba46-cbc672699b06@group-1EB1B476413A-SegmentedRaftLog:OPENED:c18:last(t:2, i:19), conf=conf: {index: 1, cur=peers:[eb66df86-6ffc-4e53-b873-cb2b44d5f35d|localhost:15003]|listeners:[], old=null} STARTING: Follower has completed install the snapshot 18.
2024-07-06 11:53:56,277 [41075d7a-0d70-4fa2-ba46-cbc672699b06@group-1EB1B476413A-SegmentedRaftLogWorker] INFO  segmented.BufferedWriteChannel (BufferedWriteChannel.java:open(61)) - open log_inprogress_19 at position 0
2024-07-06 11:53:56,285 [41075d7a-0d70-4fa2-ba46-cbc672699b06@group-1EB1B476413A-SegmentedRaftLogWorker] INFO  segmented.SegmentedRaftLogWorker (SegmentedRaftLogWorker.java:execute(637)) - 41075d7a-0d70-4fa2-ba46-cbc672699b06@group-1EB1B476413A-SegmentedRaftLogWorker: created new log segment /home/runner/work/ozone/ozone/hadoop-ozone/integration-test/target/test-dir/MiniOzoneClusterImpl-23934d72-33be-4118-bcff-1eb1b476413a/scmNode-2/scm-ha/23934d72-33be-4118-bcff-1eb1b476413a/current/log_inprogress_19
2024-07-06 11:53:56,286 [41075d7a-0d70-4fa2-ba46-cbc672699b06@group-1EB1B476413A-StateMachineUpdater] INFO  symmetric.SecretKeyStateImpl (SecretKeyStateImpl.java:updateKeysInternal(113)) - Updating keys with [SecretKey(id = 2203af62-81d5-49cf-a522-7518eb26350e, creation at: 2024-07-06T11:53:55.168Z, expire at: 2024-07-06T11:53:58.168Z), SecretKey(id = f2e265a0-4327-4147-9433-b5705af6b148, creation at: 2024-07-06T11:53:54.168Z, expire at: 2024-07-06T11:53:57.168Z), SecretKey(id = 613bfbbe-190b-4706-8757-7b2f2b9a81d8, creation at: 2024-07-06T11:53:56.268Z, expire at: 2024-07-06T11:53:59.268Z)]
2024-07-06 11:53:56,287 [41075d7a-0d70-4fa2-ba46-cbc672699b06@group-1EB1B476413A-StateMachineUpdater] INFO  symmetric.SecretKeyStateImpl (SecretKeyStateImpl.java:updateKeysInternal(128)) - Current key updated SecretKey(id = 613bfbbe-190b-4706-8757-7b2f2b9a81d8, creation at: 2024-07-06T11:53:56.268Z, expire at: 2024-07-06T11:53:59.268Z)
2024-07-06 11:53:56,287 [41075d7a-0d70-4fa2-ba46-cbc672699b06@group-1EB1B476413A-StateMachineUpdater] INFO  symmetric.LocalSecretKeyStore (LocalSecretKeyStore.java:save(109)) - Saved [SecretKey(id = 613bfbbe-190b-4706-8757-7b2f2b9a81d8, creation at: 2024-07-06T11:53:56.268Z, expire at: 2024-07-06T11:53:59.268Z), SecretKey(id = 2203af62-81d5-49cf-a522-7518eb26350e, creation at: 2024-07-06T11:53:55.168Z, expire at: 2024-07-06T11:53:58.168Z), SecretKey(id = f2e265a0-4327-4147-9433-b5705af6b148, creation at: 2024-07-06T11:53:54.168Z, expire at: 2024-07-06T11:53:57.168Z)] to file /home/runner/work/ozone/ozone/hadoop-ozone/integration-test/target/test-dir/MiniOzoneClusterImpl-23934d72-33be-4118-bcff-1eb1b476413a/scmNode-2/scm/keys/secret_keys.json
2024-07-06 11:53:56,291 [eb66df86-6ffc-4e53-b873-cb2b44d5f35d@group-1EB1B476413A-LeaderStateImpl] INFO  server.RaftServer$Division (ServerState.java:setRaftConf(386)) - eb66df86-6ffc-4e53-b873-cb2b44d5f35d@group-1EB1B476413A: set configuration conf: {index: 21, cur=peers:[41075d7a-0d70-4fa2-ba46-cbc672699b06|localhost:15011, eb66df86-6ffc-4e53-b873-cb2b44d5f35d|localhost:15003]|listeners:[], old=peers:[eb66df86-6ffc-4e53-b873-cb2b44d5f35d|localhost:15003]|listeners:[]}
2024-07-06 11:53:56,293 [41075d7a-0d70-4fa2-ba46-cbc672699b06-server-thread1] INFO  server.RaftServer$Division (ServerState.java:setRaftConf(386)) - 41075d7a-0d70-4fa2-ba46-cbc672699b06@group-1EB1B476413A: set configuration conf: {index: 21, cur=peers:[41075d7a-0d70-4fa2-ba46-cbc672699b06|localhost:15011, eb66df86-6ffc-4e53-b873-cb2b44d5f35d|localhost:15003]|listeners:[], old=peers:[eb66df86-6ffc-4e53-b873-cb2b44d5f35d|localhost:15003]|listeners:[]}
2024-07-06 11:53:56,293 [41075d7a-0d70-4fa2-ba46-cbc672699b06@group-1EB1B476413A-StateMachineUpdater] INFO  safemode.HealthyPipelineSafeModeRule (HealthyPipelineSafeModeRule.java:initializeRule(172)) - Refreshed total pipeline count is 0, healthy pipeline threshold count is 1
2024-07-06 11:53:56,294 [41075d7a-0d70-4fa2-ba46-cbc672699b06@group-1EB1B476413A-StateMachineUpdater] INFO  safemode.ContainerSafeModeRule (ContainerSafeModeRule.java:reInitializeRule(191)) - Refreshed one replica container threshold 0, currentThreshold 0
2024-07-06 11:53:56,294 [41075d7a-0d70-4fa2-ba46-cbc672699b06@group-1EB1B476413A-StateMachineUpdater] INFO  safemode.OneReplicaPipelineSafeModeRule (OneReplicaPipelineSafeModeRule.java:initializeRule(189)) - Refreshed Total pipeline count is 0, pipeline's with at least one datanode reported threshold count is 0
2024-07-06 11:53:56,294 [41075d7a-0d70-4fa2-ba46-cbc672699b06@group-1EB1B476413A-StateMachineUpdater] INFO  server.SCMDatanodeProtocolServer (SCMDatanodeProtocolServer.java:start(194)) - ScmDatanodeProtocol RPC server for DataNodes is listening at /0.0.0.0:15012
2024-07-06 11:53:56,295 [IPC Server Responder] INFO  ipc.Server (Server.java:run(1562)) - IPC Server Responder: starting
2024-07-06 11:53:56,296 [IPC Server listener on 15012] INFO  ipc.Server (Server.java:run(1402)) - IPC Server listener on 15012: starting
2024-07-06 11:53:56,297 [41075d7a-0d70-4fa2-ba46-cbc672699b06-server-thread1] INFO  impl.RoleInfo (RoleInfo.java:updateAndGet(148)) - 41075d7a-0d70-4fa2-ba46-cbc672699b06: start 41075d7a-0d70-4fa2-ba46-cbc672699b06@group-1EB1B476413A-FollowerState
2024-07-06 11:53:56,297 [eb66df86-6ffc-4e53-b873-cb2b44d5f35d@group-1EB1B476413A-LeaderStateImpl] INFO  server.RaftServer$Division (ServerState.java:setRaftConf(386)) - eb66df86-6ffc-4e53-b873-cb2b44d5f35d@group-1EB1B476413A: set configuration conf: {index: 23, cur=peers:[41075d7a-0d70-4fa2-ba46-cbc672699b06|localhost:15011, eb66df86-6ffc-4e53-b873-cb2b44d5f35d|localhost:15003]|listeners:[], old=null}
2024-07-06 11:53:56,302 [41075d7a-0d70-4fa2-ba46-cbc672699b06-server-thread2] INFO  server.RaftServer$Division (ServerState.java:setRaftConf(386)) - 41075d7a-0d70-4fa2-ba46-cbc672699b06@group-1EB1B476413A: set configuration conf: {index: 23, cur=peers:[41075d7a-0d70-4fa2-ba46-cbc672699b06|localhost:15011, eb66df86-6ffc-4e53-b873-cb2b44d5f35d|localhost:15003]|listeners:[], old=null}
2024-07-06 11:53:56,306 [IPC Server handler 0 on default port 15007] INFO  ha.SCMRatisServerImpl (SCMRatisServerImpl.java:addSCM(328)) - Successfully added new SCM: 41075d7a-0d70-4fa2-ba46-cbc672699b06.
2024-07-06 11:53:56,308 [main] INFO  ha.SCMHAManagerImpl (SCMHAManagerImpl.java:start(140)) - Successfully added SCM scmNode-2 to group group-1EB1B476413A:[41075d7a-0d70-4fa2-ba46-cbc672699b06|localhost:15011, eb66df86-6ffc-4e53-b873-cb2b44d5f35d|localhost:15003]
2024-07-06 11:53:56,308 [main] INFO  ha.InterSCMGrpcService (InterSCMGrpcProtocolService.java:start(101)) - Starting SCM Grpc Service at port 15014
2024-07-06 11:53:56,309 [main] INFO  SCMHATransactionMonitor (BackgroundSCMService.java:start(65)) - Starting SCMHATransactionMonitor Service.
2024-07-06 11:53:56,312 [main] INFO  ha.SCMServiceManager (SCMServiceManager.java:register(42)) - Registering service SCMHATransactionMonitor.
2024-07-06 11:53:56,312 [main] INFO  SCMHATransactionMonitor (BackgroundSCMService.java:start(62)) - SCMHATransactionMonitor Service is already running, skip start.
2024-07-06 11:53:56,312 [main] INFO  impl.MetricsSystemImpl (MetricsSystemImpl.java:init(158)) - StorageContainerManager metrics system started (again)
2024-07-06 11:53:56,325 [main] INFO  server.SCMClientProtocolServer (SCMClientProtocolServer.java:start(204)) - RPC server for Client  is listening at /0.0.0.0:15013
2024-07-06 11:53:56,326 [IPC Server Responder] INFO  ipc.Server (Server.java:run(1562)) - IPC Server Responder: starting
2024-07-06 11:53:56,327 [IPC Server listener on 15013] INFO  ipc.Server (Server.java:run(1402)) - IPC Server listener on 15013: starting
2024-07-06 11:53:56,336 [main] INFO  server.StorageContainerManager (StorageContainerManager.java:start(1551)) - ScmBlockLocationProtocol RPC server is listening at /0.0.0.0:15015
2024-07-06 11:53:56,337 [main] INFO  server.SCMBlockProtocolServer (SCMBlockProtocolServer.java:start(167)) - RPC server for Block Protocol is listening at /0.0.0.0:15015
2024-07-06 11:53:56,337 [IPC Server Responder] INFO  ipc.Server (Server.java:run(1562)) - IPC Server Responder: starting
2024-07-06 11:53:56,337 [IPC Server listener on 15015] INFO  ipc.Server (Server.java:run(1402)) - IPC Server listener on 15015: starting
2024-07-06 11:53:56,344 [main] INFO  server.SCMSecurityProtocolServer (SCMSecurityProtocolServer.java:start(504)) - Starting RPC server for SCMSecurityProtocolServer. is listening at /0.0.0.0:15010
2024-07-06 11:53:56,345 [IPC Server Responder] INFO  ipc.Server (Server.java:run(1562)) - IPC Server Responder: starting
2024-07-06 11:53:56,345 [IPC Server listener on 15010] INFO  ipc.Server (Server.java:run(1402)) - IPC Server listener on 15010: starting
2024-07-06 11:53:56,355 [Socket Reader #1 for port 15002] INFO  ipc.Server (Server.java:saslProcess(2139)) - Auth successful for scm/fv-az1041-405.cgqmq5qunpnelbz5tk1v55v5te.bx.internal.cloudapp.net@EXAMPLE.COM (auth:KERBEROS) from fv-az1041-405.cgqmq5qunpnelbz5tk1v55v5te.bx.internal.cloudapp.net:33755 / 10.1.0.11:33755
2024-07-06 11:53:56,356 [Socket Reader #1 for port 15002] INFO  authorize.ServiceAuthorizationManager (ServiceAuthorizationManager.java:authorize(137)) - Authorization successful for scm/fv-az1041-405.cgqmq5qunpnelbz5tk1v55v5te.bx.internal.cloudapp.net@EXAMPLE.COM (auth:KERBEROS) for protocol=interface org.apache.hadoop.hdds.protocol.SCMSecurityProtocol
2024-07-06 11:53:56,368 [main] INFO  http.BaseHttpServer (BaseHttpServer.java:newHttpServer2BuilderForOzone(223)) - Starting Web-server for scm at: http://0.0.0.0:15008
2024-07-06 11:53:56,368 [main] INFO  http.BaseHttpServer (BaseHttpServer.java:<init>(110)) - Hadoop Security Enabled: true Ozone Security Enabled: true Ozone HTTP Security Enabled: false 
2024-07-06 11:53:56,373 [main] WARN  server.AuthenticationFilter (AuthenticationFilter.java:constructSecretProvider(240)) - Unable to initialize FileSignerSecretProvider, falling back to use random secrets. Reason: Could not read signature secret file: /home/runner/hadoop-http-auth-signature-secret
2024-07-06 11:53:56,374 [main] INFO  http.HttpRequestLog (HttpRequestLog.java:getRequestLog(86)) - Http request log for http.requests.scm is not defined
2024-07-06 11:53:56,375 [main] INFO  http.HttpServer2 (HttpServer2.java:addGlobalFilter(1036)) - Added global filter 'safety' (class=org.apache.hadoop.hdds.server.http.HttpServer2$QuotingInputFilter)
2024-07-06 11:53:56,376 [main] INFO  http.HttpServer2 (HttpServer2.java:addFilter(1012)) - Added filter static_user_filter (class=org.apache.hadoop.http.lib.StaticUserWebFilter$StaticUserFilter) to context scm
2024-07-06 11:53:56,376 [main] INFO  http.HttpServer2 (HttpServer2.java:addFilter(1020)) - Added filter static_user_filter (class=org.apache.hadoop.http.lib.StaticUserWebFilter$StaticUserFilter) to context logs
2024-07-06 11:53:56,376 [main] INFO  http.HttpServer2 (HttpServer2.java:addFilter(1020)) - Added filter static_user_filter (class=org.apache.hadoop.http.lib.StaticUserWebFilter$StaticUserFilter) to context static
2024-07-06 11:53:56,377 [main] INFO  http.BaseHttpServer (BaseHttpServer.java:<init>(189)) - HTTP server of scm uses base directory /home/runner/work/ozone/ozone/hadoop-ozone/integration-test/target/test-dir/MiniOzoneClusterImpl-23934d72-33be-4118-bcff-1eb1b476413a/scmNode-2/webserver
2024-07-06 11:53:56,378 [main] INFO  http.HttpServer2 (HttpServer2.java:bindListener(1236)) - Jetty bound to port 15008
2024-07-06 11:53:56,378 [main] INFO  server.Server (Server.java:doStart(375)) - jetty-9.4.55.v20240627; built: 2024-06-27T15:05:37.765Z; git: 70015831e5195ba74da6383c4ab7c90c56bb08af; jvm 17.0.11+9
2024-07-06 11:53:56,379 [main] INFO  server.session (DefaultSessionIdManager.java:doStart(334)) - DefaultSessionIdManager workerName=node0
2024-07-06 11:53:56,379 [main] INFO  server.session (DefaultSessionIdManager.java:doStart(339)) - No SessionScavenger set, using defaults
2024-07-06 11:53:56,380 [main] INFO  server.session (HouseKeeper.java:startScavenging(132)) - node0 Scavenging every 660000ms
2024-07-06 11:53:56,380 [main] INFO  handler.ContextHandler (ContextHandler.java:doStart(921)) - Started o.e.j.s.ServletContextHandler@7e5a8000{logs,/logs,file:///home/runner/work/ozone/ozone/hadoop-ozone/integration-test/target/log,AVAILABLE}
2024-07-06 11:53:56,381 [main] INFO  handler.ContextHandler (ContextHandler.java:doStart(921)) - Started o.e.j.s.ServletContextHandler@a6f34f5{static,/static,file:///home/runner/work/ozone/ozone/hadoop-ozone/integration-test/target/test-classes/webapps/static,AVAILABLE}
2024-07-06 11:53:56,387 [main] INFO  handler.ContextHandler (ContextHandler.java:doStart(921)) - Started o.e.j.w.WebAppContext@5327c503{scm,/,file:///home/runner/work/ozone/ozone/hadoop-ozone/integration-test/target/test-classes/webapps/scm/,AVAILABLE}{file:/home/runner/work/ozone/ozone/hadoop-ozone/integration-test/target/test-classes/webapps/scm}
2024-07-06 11:53:56,388 [main] INFO  server.AbstractConnector (AbstractConnector.java:doStart(333)) - Started ServerConnector@4698ae6{HTTP/1.1, (http/1.1)}{0.0.0.0:15008}
2024-07-06 11:53:56,388 [main] INFO  server.Server (Server.java:doStart(415)) - Started @21592ms
2024-07-06 11:53:56,388 [main] WARN  impl.MetricsSystemImpl (MetricsSystemImpl.java:register(279)) - Sink prometheus already exists!
2024-07-06 11:53:56,388 [main] INFO  http.BaseHttpServer (BaseHttpServer.java:updateConnectorAddress(354)) - HTTP server of scm listening at http://0.0.0.0:15008
2024-07-06 11:53:56,389 [main] INFO  ozone.MiniOzoneHAClusterImpl (MiniOzoneHAClusterImpl.java:createSCMService(590)) - Started SCM RPC server at /0.0.0.0:15013
2024-07-06 11:53:56,390 [IPC Server handler 0 on default port 15002] INFO  client.SCMCertificateClient (DefaultCertificateClient.java:getAllRootCaCerts(973)) - scm/sub-ca has 0 Root CA certificates
2024-07-06 11:53:56,390 [IPC Server handler 0 on default port 15002] INFO  client.SCMCertificateClient (DefaultCertificateClient.java:getAllCaCerts(981)) - scm/sub-ca has 1 CA certificates
2024-07-06 11:53:56,391 [main] WARN  server.ServerUtils (ServerUtils.java:getScmDbDir(143)) - ozone.scm.db.dirs is not configured. We recommend adding this setting. Falling back to ozone.metadata.dirs instead.
2024-07-06 11:53:56,391 [41075d7a-0d70-4fa2-ba46-cbc672699b06-scm/sub-ca-refreshCACertificates] INFO  client.SCMCertificateClient (DefaultCertificateClient.java:getAllRootCaCerts(973)) - scm/sub-ca has 0 Root CA certificates
2024-07-06 11:53:56,391 [main] INFO  ha.SCMHANodeDetails (SCMHANodeDetails.java:loadSCMHAConfig(207)) - ServiceID for StorageContainerManager is TestSecretKey
2024-07-06 11:53:56,392 [main] INFO  ha.SCMHANodeDetails (SCMHANodeDetails.java:loadSCMHAConfig(218)) - ServiceID for StorageContainerManager is TestSecretKey
2024-07-06 11:53:56,392 [main] WARN  scm.ScmUtils (ScmUtils.java:logWarn(192)) - ConfigKey ozone.scm.block.client.address is deprecated, For configuring different ports for each SCM use PortConfigKey ozone.scm.block.client.port appended with serviceId and nodeId. If want to configure same port configure ozone.scm.block.client.port
2024-07-06 11:53:56,392 [main] WARN  scm.ScmUtils (ScmUtils.java:logWarn(192)) - ConfigKey ozone.scm.client.address is deprecated, For configuring different ports for each SCM use PortConfigKey ozone.scm.client.port appended with serviceId and nodeId. If want to configure same port configure ozone.scm.client.port
2024-07-06 11:53:56,392 [main] WARN  scm.ScmUtils (ScmUtils.java:logWarn(192)) - ConfigKey ozone.scm.datanode.address is deprecated, For configuring different ports for each SCM use PortConfigKey ozone.scm.datanode.port appended with serviceId and nodeId. If want to configure same port configure ozone.scm.datanode.port
2024-07-06 11:53:56,393 [main] WARN  scm.ScmUtils (ScmUtils.java:logWarn(192)) - ConfigKey ozone.scm.block.client.address is deprecated, For configuring different ports for each SCM use PortConfigKey ozone.scm.block.client.port appended with serviceId and nodeId. If want to configure same port configure ozone.scm.block.client.port
2024-07-06 11:53:56,393 [main] WARN  scm.ScmUtils (ScmUtils.java:logWarn(192)) - ConfigKey ozone.scm.client.address is deprecated, For configuring different ports for each SCM use PortConfigKey ozone.scm.client.port appended with serviceId and nodeId. If want to configure same port configure ozone.scm.client.port
2024-07-06 11:53:56,393 [main] WARN  scm.ScmUtils (ScmUtils.java:logWarn(192)) - ConfigKey ozone.scm.datanode.address is deprecated, For configuring different ports for each SCM use PortConfigKey ozone.scm.datanode.port appended with serviceId and nodeId. If want to configure same port configure ozone.scm.datanode.port
2024-07-06 11:53:56,393 [main] INFO  ha.SCMHANodeDetails (SCMHANodeDetails.java:loadSCMHAConfig(305)) - Found matching SCM address with SCMServiceId: TestSecretKey, SCMNodeId: scmNode-3, RPC Address: localhost:15019 and Ratis port: 15019
2024-07-06 11:53:56,393 [main] INFO  ha.SCMHANodeDetails (ConfUtils.java:setNodeSpecificConfigs(97)) - Setting configuration key ozone.scm.datanode.address with value of key ozone.scm.datanode.address.TestSecretKey.scmNode-3: 127.0.0.1:15020
2024-07-06 11:53:56,394 [main] INFO  ha.SCMHANodeDetails (ConfUtils.java:setNodeSpecificConfigs(97)) - Setting configuration key ozone.scm.block.client.address with value of key ozone.scm.block.client.address.TestSecretKey.scmNode-3: 127.0.0.1:15023
2024-07-06 11:53:56,394 [main] INFO  ha.SCMHANodeDetails (ConfUtils.java:setNodeSpecificConfigs(97)) - Setting configuration key ozone.scm.client.address with value of key ozone.scm.client.address.TestSecretKey.scmNode-3: 127.0.0.1:15021
2024-07-06 11:53:56,394 [main] INFO  ha.SCMHANodeDetails (ConfUtils.java:setNodeSpecificConfigs(97)) - Setting configuration key ozone.scm.security.service.address with value of key ozone.scm.security.service.address.TestSecretKey.scmNode-3: 127.0.0.1:15018
2024-07-06 11:53:56,394 [main] INFO  ha.SCMHANodeDetails (ConfUtils.java:setNodeSpecificConfigs(97)) - Setting configuration key ozone.scm.ratis.port with value of key ozone.scm.ratis.port.TestSecretKey.scmNode-3: 15019
2024-07-06 11:53:56,394 [main] INFO  ha.SCMHANodeDetails (ConfUtils.java:setNodeSpecificConfigs(97)) - Setting configuration key ozone.scm.grpc.port with value of key ozone.scm.grpc.port.TestSecretKey.scmNode-3: 15022
2024-07-06 11:53:56,394 [main] INFO  ha.SCMHANodeDetails (ConfUtils.java:setNodeSpecificConfigs(97)) - Setting configuration key ozone.scm.http-address with value of key ozone.scm.http-address.TestSecretKey.scmNode-3: 127.0.0.1:15016
2024-07-06 11:53:56,394 [main] INFO  ha.SCMHANodeDetails (ConfUtils.java:setNodeSpecificConfigs(97)) - Setting configuration key ozone.scm.https-address with value of key ozone.scm.https-address.TestSecretKey.scmNode-3: 127.0.0.1:15017
2024-07-06 11:53:56,395 [main] INFO  ha.SCMHANodeDetails (ConfUtils.java:setNodeSpecificConfigs(97)) - Setting configuration key ozone.scm.address with value of key ozone.scm.address.TestSecretKey.scmNode-3: 127.0.0.1
2024-07-06 11:53:56,395 [main] WARN  scm.ScmUtils (ScmUtils.java:logWarn(192)) - ConfigKey ozone.scm.block.client.address is deprecated, For configuring different ports for each SCM use PortConfigKey ozone.scm.block.client.port appended with serviceId and nodeId. If want to configure same port configure ozone.scm.block.client.port
2024-07-06 11:53:56,395 [main] WARN  scm.ScmUtils (ScmUtils.java:logWarn(192)) - ConfigKey ozone.scm.client.address is deprecated, For configuring different ports for each SCM use PortConfigKey ozone.scm.client.port appended with serviceId and nodeId. If want to configure same port configure ozone.scm.client.port
2024-07-06 11:53:56,395 [main] WARN  scm.ScmUtils (ScmUtils.java:logWarn(192)) - ConfigKey ozone.scm.datanode.address is deprecated, For configuring different ports for each SCM use PortConfigKey ozone.scm.datanode.port appended with serviceId and nodeId. If want to configure same port configure ozone.scm.datanode.port
2024-07-06 11:53:56,395 [main] INFO  ha.SCMNodeInfo (SCMNodeInfo.java:getPort(197)) - ConfigKey ozone.scm.client.address is deprecated, For configuring different ports for each SCM use PortConfigKey ozone.scm.client.port appended with serviceId and nodeId
2024-07-06 11:53:56,396 [main] INFO  ha.SCMNodeInfo (SCMNodeInfo.java:getPort(197)) - ConfigKey ozone.scm.block.client.address is deprecated, For configuring different ports for each SCM use PortConfigKey ozone.scm.block.client.port appended with serviceId and nodeId
2024-07-06 11:53:56,396 [main] INFO  ha.SCMNodeInfo (SCMNodeInfo.java:getPort(197)) - ConfigKey ozone.scm.security.service.address is deprecated, For configuring different ports for each SCM use PortConfigKey ozone.scm.security.service.port appended with serviceId and nodeId
2024-07-06 11:53:56,396 [main] INFO  ha.SCMNodeInfo (SCMNodeInfo.java:getPort(197)) - ConfigKey ozone.scm.datanode.address is deprecated, For configuring different ports for each SCM use PortConfigKey ozone.scm.datanode.port appended with serviceId and nodeId
2024-07-06 11:53:56,396 [main] INFO  ha.SCMNodeInfo (SCMNodeInfo.java:getPort(197)) - ConfigKey ozone.scm.client.address is deprecated, For configuring different ports for each SCM use PortConfigKey ozone.scm.client.port appended with serviceId and nodeId
2024-07-06 11:53:56,396 [main] INFO  ha.SCMNodeInfo (SCMNodeInfo.java:getPort(197)) - ConfigKey ozone.scm.block.client.address is deprecated, For configuring different ports for each SCM use PortConfigKey ozone.scm.block.client.port appended with serviceId and nodeId
2024-07-06 11:53:56,396 [main] INFO  ha.SCMNodeInfo (SCMNodeInfo.java:getPort(197)) - ConfigKey ozone.scm.security.service.address is deprecated, For configuring different ports for each SCM use PortConfigKey ozone.scm.security.service.port appended with serviceId and nodeId
2024-07-06 11:53:56,396 [main] INFO  ha.SCMNodeInfo (SCMNodeInfo.java:getPort(197)) - ConfigKey ozone.scm.datanode.address is deprecated, For configuring different ports for each SCM use PortConfigKey ozone.scm.datanode.port appended with serviceId and nodeId
2024-07-06 11:53:56,396 [main] INFO  ha.SCMNodeInfo (SCMNodeInfo.java:getPort(197)) - ConfigKey ozone.scm.client.address is deprecated, For configuring different ports for each SCM use PortConfigKey ozone.scm.client.port appended with serviceId and nodeId
2024-07-06 11:53:56,397 [main] INFO  ha.SCMNodeInfo (SCMNodeInfo.java:getPort(197)) - ConfigKey ozone.scm.block.client.address is deprecated, For configuring different ports for each SCM use PortConfigKey ozone.scm.block.client.port appended with serviceId and nodeId
2024-07-06 11:53:56,397 [main] INFO  ha.SCMNodeInfo (SCMNodeInfo.java:getPort(197)) - ConfigKey ozone.scm.security.service.address is deprecated, For configuring different ports for each SCM use PortConfigKey ozone.scm.security.service.port appended with serviceId and nodeId
2024-07-06 11:53:56,397 [main] INFO  ha.SCMNodeInfo (SCMNodeInfo.java:getPort(197)) - ConfigKey ozone.scm.datanode.address is deprecated, For configuring different ports for each SCM use PortConfigKey ozone.scm.datanode.port appended with serviceId and nodeId
2024-07-06 11:53:56,391 [41075d7a-0d70-4fa2-ba46-cbc672699b06-scm/sub-ca-refreshCACertificates] INFO  client.SCMCertificateClient (DefaultCertificateClient.java:getAllCaCerts(981)) - scm/sub-ca has 1 CA certificates
2024-07-06 11:53:56,398 [41075d7a-0d70-4fa2-ba46-cbc672699b06-scm/sub-ca-refreshCACertificates] INFO  client.SCMCertificateClient (SCMCertificateClient.java:run(255)) - CA certificates are not changed.
2024-07-06 11:53:56,408 [pool-1-thread-2] INFO  request.KdcRequest (KdcRequest.java:preauth(651)) - The preauth data is empty.
2024-07-06 11:53:56,408 [pool-1-thread-2] INFO  server.KdcHandler (KdcHandler.java:handleRecoverableException(177)) - KRB error occurred while processing request:Additional pre-authentication required
2024-07-06 11:53:56,421 [pool-1-thread-2] INFO  request.AsRequest (AsRequest.java:issueTicket(112)) - AS_REQ ISSUE: authtime 1720266836420,scm/fv-az1041-405.cgqmq5qunpnelbz5tk1v55v5te.bx.internal.cloudapp.net@EXAMPLE.COM for krbtgt/EXAMPLE.COM@EXAMPLE.COM
2024-07-06 11:53:56,422 [main] INFO  security.UserGroupInformation (UserGroupInformation.java:loginUserFromKeytab(1132)) - Login successful for user scm/fv-az1041-405.cgqmq5qunpnelbz5tk1v55v5te.bx.internal.cloudapp.net@EXAMPLE.COM using keytab file scm.keytab. Keytab auto renewal enabled : false
2024-07-06 11:53:56,422 [main] INFO  server.StorageContainerManager (StorageContainerManager.java:loginAsSCMUserIfSecurityEnabled(1069)) - SCM login successful.
2024-07-06 11:53:56,426 [main] INFO  ha.SCMNodeInfo (SCMNodeInfo.java:getPort(197)) - ConfigKey ozone.scm.client.address is deprecated, For configuring different ports for each SCM use PortConfigKey ozone.scm.client.port appended with serviceId and nodeId
2024-07-06 11:53:56,426 [main] INFO  ha.SCMNodeInfo (SCMNodeInfo.java:getPort(197)) - ConfigKey ozone.scm.block.client.address is deprecated, For configuring different ports for each SCM use PortConfigKey ozone.scm.block.client.port appended with serviceId and nodeId
2024-07-06 11:53:56,426 [main] INFO  ha.SCMNodeInfo (SCMNodeInfo.java:getPort(197)) - ConfigKey ozone.scm.security.service.address is deprecated, For configuring different ports for each SCM use PortConfigKey ozone.scm.security.service.port appended with serviceId and nodeId
2024-07-06 11:53:56,426 [main] INFO  ha.SCMNodeInfo (SCMNodeInfo.java:getPort(197)) - ConfigKey ozone.scm.datanode.address is deprecated, For configuring different ports for each SCM use PortConfigKey ozone.scm.datanode.port appended with serviceId and nodeId
2024-07-06 11:53:56,426 [main] INFO  ha.SCMNodeInfo (SCMNodeInfo.java:getPort(197)) - ConfigKey ozone.scm.client.address is deprecated, For configuring different ports for each SCM use PortConfigKey ozone.scm.client.port appended with serviceId and nodeId
2024-07-06 11:53:56,426 [main] INFO  ha.SCMNodeInfo (SCMNodeInfo.java:getPort(197)) - ConfigKey ozone.scm.block.client.address is deprecated, For configuring different ports for each SCM use PortConfigKey ozone.scm.block.client.port appended with serviceId and nodeId
2024-07-06 11:53:56,426 [main] INFO  ha.SCMNodeInfo (SCMNodeInfo.java:getPort(197)) - ConfigKey ozone.scm.security.service.address is deprecated, For configuring different ports for each SCM use PortConfigKey ozone.scm.security.service.port appended with serviceId and nodeId
2024-07-06 11:53:56,427 [main] INFO  ha.SCMNodeInfo (SCMNodeInfo.java:getPort(197)) - ConfigKey ozone.scm.datanode.address is deprecated, For configuring different ports for each SCM use PortConfigKey ozone.scm.datanode.port appended with serviceId and nodeId
2024-07-06 11:53:56,427 [main] INFO  proxy.SCMBlockLocationFailoverProxyProvider (SCMBlockLocationFailoverProxyProvider.java:<init>(115)) - Created block location fail-over proxy with 2 nodes: [nodeId=scmNode-2,nodeAddress=/127.0.0.1:15015, nodeId=scmNode-1,nodeAddress=/127.0.0.1:15007]
2024-07-06 11:53:56,438 [pool-1-thread-2] INFO  request.TgsRequest (TgsRequest.java:issueTicket(115)) - TGS_REQ ISSUE: authtime 1720266836438,scm/fv-az1041-405.cgqmq5qunpnelbz5tk1v55v5te.bx.internal.cloudapp.net for scm/fv-az1041-405.cgqmq5qunpnelbz5tk1v55v5te.bx.internal.cloudapp.net@EXAMPLE.COM
2024-07-06 11:53:56,449 [Socket Reader #1 for port 15007] INFO  ipc.Server (Server.java:saslProcess(2139)) - Auth successful for scm/fv-az1041-405.cgqmq5qunpnelbz5tk1v55v5te.bx.internal.cloudapp.net@EXAMPLE.COM (auth:KERBEROS) from fv-az1041-405.cgqmq5qunpnelbz5tk1v55v5te.bx.internal.cloudapp.net:44639 / 10.1.0.11:44639
2024-07-06 11:53:56,450 [Socket Reader #1 for port 15007] INFO  authorize.ServiceAuthorizationManager (ServiceAuthorizationManager.java:authorize(137)) - Authorization successful for scm/fv-az1041-405.cgqmq5qunpnelbz5tk1v55v5te.bx.internal.cloudapp.net@EXAMPLE.COM (auth:KERBEROS) for protocol=interface org.apache.hadoop.hdds.scm.protocol.ScmBlockLocationProtocol
2024-07-06 11:53:56,450 [main] INFO  ha.HASecurityUtils (HASecurityUtils.java:initializeSecurity(81)) - Initializing secure StorageContainerManager.
2024-07-06 11:53:56,451 [main] INFO  ha.SCMNodeInfo (SCMNodeInfo.java:getPort(197)) - ConfigKey ozone.scm.client.address is deprecated, For configuring different ports for each SCM use PortConfigKey ozone.scm.client.port appended with serviceId and nodeId
2024-07-06 11:53:56,451 [main] INFO  ha.SCMNodeInfo (SCMNodeInfo.java:getPort(197)) - ConfigKey ozone.scm.block.client.address is deprecated, For configuring different ports for each SCM use PortConfigKey ozone.scm.block.client.port appended with serviceId and nodeId
2024-07-06 11:53:56,451 [main] INFO  ha.SCMNodeInfo (SCMNodeInfo.java:getPort(197)) - ConfigKey ozone.scm.security.service.address is deprecated, For configuring different ports for each SCM use PortConfigKey ozone.scm.security.service.port appended with serviceId and nodeId
2024-07-06 11:53:56,451 [main] INFO  ha.SCMNodeInfo (SCMNodeInfo.java:getPort(197)) - ConfigKey ozone.scm.datanode.address is deprecated, For configuring different ports for each SCM use PortConfigKey ozone.scm.datanode.port appended with serviceId and nodeId
2024-07-06 11:53:56,451 [main] INFO  ha.SCMNodeInfo (SCMNodeInfo.java:getPort(197)) - ConfigKey ozone.scm.client.address is deprecated, For configuring different ports for each SCM use PortConfigKey ozone.scm.client.port appended with serviceId and nodeId
2024-07-06 11:53:56,452 [main] INFO  ha.SCMNodeInfo (SCMNodeInfo.java:getPort(197)) - ConfigKey ozone.scm.block.client.address is deprecated, For configuring different ports for each SCM use PortConfigKey ozone.scm.block.client.port appended with serviceId and nodeId
2024-07-06 11:53:56,452 [main] INFO  ha.SCMNodeInfo (SCMNodeInfo.java:getPort(197)) - ConfigKey ozone.scm.security.service.address is deprecated, For configuring different ports for each SCM use PortConfigKey ozone.scm.security.service.port appended with serviceId and nodeId
2024-07-06 11:53:56,452 [main] INFO  ha.SCMNodeInfo (SCMNodeInfo.java:getPort(197)) - ConfigKey ozone.scm.datanode.address is deprecated, For configuring different ports for each SCM use PortConfigKey ozone.scm.datanode.port appended with serviceId and nodeId
2024-07-06 11:53:56,452 [main] INFO  client.SCMCertificateClient (DefaultCertificateClient.java:updateCertSerialId(1313)) - Certificate serial ID set to null
2024-07-06 11:53:56,452 [main] ERROR client.SCMCertificateClient (DefaultCertificateClient.java:getCertPath(376)) - Default certificate serial id is not set. Can't locate the default certificate for this client.
2024-07-06 11:53:56,452 [main] INFO  client.SCMCertificateClient (DefaultCertificateClient.java:init(720)) - Certificate client init case: 0
2024-07-06 11:53:56,453 [main] INFO  client.SCMCertificateClient (DefaultCertificateClient.java:handleCase(738)) - Creating keypair for client as keypair and certificate not found.
2024-07-06 11:53:56,509 [main] INFO  client.SCMCertificateClient (SCMCertificateClient.java:recoverStateIfNeeded(284)) - Init response: GETCERT
2024-07-06 11:53:56,509 [main] INFO  client.SCMCertificateClient (SCMCertificateClient.java:getCSRBuilder(144)) - Creating csr for SCM->hostName:localhost,scmId:39a46239-dc5f-49f3-8624-e36d450519bc,clusterId:23934d72-33be-4118-bcff-1eb1b476413a,subject:scm-sub@localhost
2024-07-06 11:53:56,509 [main] INFO  ozone.OzoneSecurityUtil (OzoneSecurityUtil.java:getValidInetsForCurrentHost(120)) - ip:fe80:0:0:0:6245:bdff:fed7:3321%eth0 not returned.
2024-07-06 11:53:56,509 [main] INFO  ozone.OzoneSecurityUtil (OzoneSecurityUtil.java:getValidInetsForCurrentHost(117)) - Adding ip:10.1.0.11,host:fv-az1041-405.cgqmq5qunpnelbz5tk1v55v5te.bx.internal.cloudapp.net
2024-07-06 11:53:56,509 [main] INFO  ozone.OzoneSecurityUtil (OzoneSecurityUtil.java:getValidInetsForCurrentHost(120)) - ip:0:0:0:0:0:0:0:1%lo not returned.
2024-07-06 11:53:56,509 [main] INFO  ozone.OzoneSecurityUtil (OzoneSecurityUtil.java:getValidInetsForCurrentHost(120)) - ip:127.0.0.1 not returned.
2024-07-06 11:53:56,519 [Socket Reader #1 for port 15002] INFO  ipc.Server (Server.java:saslProcess(2139)) - Auth successful for scm/fv-az1041-405.cgqmq5qunpnelbz5tk1v55v5te.bx.internal.cloudapp.net@EXAMPLE.COM (auth:KERBEROS) from fv-az1041-405.cgqmq5qunpnelbz5tk1v55v5te.bx.internal.cloudapp.net:36411 / 10.1.0.11:36411
2024-07-06 11:53:56,521 [Socket Reader #1 for port 15002] INFO  authorize.ServiceAuthorizationManager (ServiceAuthorizationManager.java:authorize(137)) - Authorization successful for scm/fv-az1041-405.cgqmq5qunpnelbz5tk1v55v5te.bx.internal.cloudapp.net@EXAMPLE.COM (auth:KERBEROS) for protocol=interface org.apache.hadoop.hdds.protocol.SCMSecurityProtocol
2024-07-06 11:53:56,522 [IPC Server handler 1 on default port 15002] INFO  server.SCMSecurityProtocolServer (SCMSecurityProtocolServer.java:getSCMCertificate(326)) - Processing CSR for scm localhost, nodeId: 39a46239-dc5f-49f3-8624-e36d450519bc
2024-07-06 11:53:56,527 [eb66df86-6ffc-4e53-b873-cb2b44d5f35d@group-1EB1B476413A-StateMachineUpdater] INFO  safemode.HealthyPipelineSafeModeRule (HealthyPipelineSafeModeRule.java:initializeRule(172)) - Refreshed total pipeline count is 0, healthy pipeline threshold count is 1
2024-07-06 11:53:56,527 [IPC Server handler 1 on default port 15002] INFO  ha.SequenceIdGenerator (SequenceIdGenerator.java:getNextId(144)) - Allocate a batch for CertificateId, change lastId from 3 to 4.
2024-07-06 11:53:56,529 [41075d7a-0d70-4fa2-ba46-cbc672699b06@group-1EB1B476413A-StateMachineUpdater] INFO  safemode.HealthyPipelineSafeModeRule (HealthyPipelineSafeModeRule.java:initializeRule(172)) - Refreshed total pipeline count is 0, healthy pipeline threshold count is 1
2024-07-06 11:53:56,529 [41075d7a-0d70-4fa2-ba46-cbc672699b06@group-1EB1B476413A-StateMachineUpdater] INFO  safemode.SCMSafeModeManager (SCMSafeModeManager.java:validateSafeModeExitRules(203)) - ContainerSafeModeRule rule is successfully validated
2024-07-06 11:53:56,529 [41075d7a-0d70-4fa2-ba46-cbc672699b06@group-1EB1B476413A-StateMachineUpdater] INFO  safemode.SCMSafeModeManager (SCMSafeModeManager.java:validateSafeModeExitRules(203)) - AtleastOneDatanodeReportedRule rule is successfully validated
2024-07-06 11:53:56,530 [IPC Server handler 1 on default port 15002] INFO  authority.DefaultApprover (DefaultApprover.java:sign(174)) - Extensions in CSR: 2.5.29.19, 2.5.29.15, 2.5.29.17
2024-07-06 11:53:56,530 [IPC Server handler 1 on default port 15002] INFO  authority.DefaultApprover (DefaultApprover.java:sign(178)) - Extensions to add to the certificate if they present in CSR: 2.5.29.15, 2.5.29.17, 2.5.29.35, 2.5.29.37, 2.5.29.19, 1.3.6.1.5.5.7.1.12
2024-07-06 11:53:56,545 [eb66df86-6ffc-4e53-b873-cb2b44d5f35d@group-1EB1B476413A-StateMachineUpdater] INFO  server.SCMCertStore (SCMCertStore.java:storeValidScmCertificate(101)) - Scm certificate 4 for CN=scm-sub@localhost,OU=39a46239-dc5f-49f3-8624-e36d450519bc,O=23934d72-33be-4118-bcff-1eb1b476413a,SERIALNUMBER=4 is stored
2024-07-06 11:53:56,545 [eb66df86-6ffc-4e53-b873-cb2b44d5f35d@group-1EB1B476413A-StateMachineUpdater] INFO  safemode.HealthyPipelineSafeModeRule (HealthyPipelineSafeModeRule.java:initializeRule(172)) - Refreshed total pipeline count is 0, healthy pipeline threshold count is 1
2024-07-06 11:53:56,554 [41075d7a-0d70-4fa2-ba46-cbc672699b06@group-1EB1B476413A-StateMachineUpdater] INFO  server.SCMCertStore (SCMCertStore.java:storeValidScmCertificate(101)) - Scm certificate 4 for CN=scm-sub@localhost,OU=39a46239-dc5f-49f3-8624-e36d450519bc,O=23934d72-33be-4118-bcff-1eb1b476413a,SERIALNUMBER=4 is stored
2024-07-06 11:53:56,554 [41075d7a-0d70-4fa2-ba46-cbc672699b06@group-1EB1B476413A-StateMachineUpdater] INFO  safemode.HealthyPipelineSafeModeRule (HealthyPipelineSafeModeRule.java:initializeRule(172)) - Refreshed total pipeline count is 0, healthy pipeline threshold count is 1
2024-07-06 11:53:56,564 [main] INFO  utils.CertificateCodec (CertificateCodec.java:writeCertificate(253)) - Save certificate to /home/runner/work/ozone/ozone/hadoop-ozone/integration-test/target/test-dir/MiniOzoneClusterImpl-23934d72-33be-4118-bcff-1eb1b476413a/scmNode-3/scm/sub-ca/certs/CA-1.crt
2024-07-06 11:53:56,564 [main] INFO  utils.CertificateCodec (CertificateCodec.java:writeCertificate(254)) - Certificate -----BEGIN CERTIFICATE-----
MIIEADCCAuigAwIBAgIBATANBgkqhkiG9w0BAQsFADCBhjEaMBgGA1UEAwwRc2Nt
QGZ2LWF6MTA0MS00MDUxLTArBgNVBAsMJGViNjZkZjg2LTZmZmMtNGU1My1iODcz
LWNiMmI0NGQ1ZjM1ZDEtMCsGA1UECgwkMjM5MzRkNzItMzNiZS00MTE4LWJjZmYt
MWViMWI0NzY0MTNhMQowCAYDVQQFEwExMB4XDTI0MDcwNjExNTMzN1oXDTI5MDgx
NDExNTMzN1owgYYxGjAYBgNVBAMMEXNjbUBmdi1hejEwNDEtNDA1MS0wKwYDVQQL
DCRlYjY2ZGY4Ni02ZmZjLTRlNTMtYjg3My1jYjJiNDRkNWYzNWQxLTArBgNVBAoM
JDIzOTM0ZDcyLTMzYmUtNDExOC1iY2ZmLTFlYjFiNDc2NDEzYTEKMAgGA1UEBRMB
MTCCASIwDQYJKoZIhvcNAQEBBQADggEPADCCAQoCggEBAISmOYOluZt/lCgZxU9H
gvcsRqfRemrHFDZGFVDnpT5vtK374ntRLw6MYBdectIJAU2BZMRW1tU/pcvvodWO
cd/nlOosnhiBrABr0QIY3B4bFba/t5RfUn+iQQt5KmDmh8vFaFyuBrHzNF7amGrx
6hflYrKbY+aMZW2nHXs3Mk45uAeD2zSSem9/oImjiVvWqFxiSsGemn5RSP15Urz9
pO9VzeKwKhrTjP5jG6I10Nol4P9q6zGnYqj0pHgsFKaYnTd7X1eaH6pJo9Acdaqe
XPVM9f7ZFENikdcMP0RynUYBUzHfbillRgGBagITAjg/AtCnhlmAjTS/DXTH69dS
l1sCAwEAAaN3MHUwDwYDVR0TAQH/BAUwAwEB/zAOBgNVHQ8BAf8EBAMCAQYwUgYD
VR0RBEswSYcECgEAC4JBZnYtYXoxMDQxLTQwNS5jZ3FtcTVxdW5wbmVsYno1dGsx
djU1djV0ZS5ieC5pbnRlcm5hbC5jbG91ZGFwcC5uZXQwDQYJKoZIhvcNAQELBQAD
ggEBAGlIIHbij1bSYen9Ao1XYwzuFXzchqSUxADvCYG1Rt5iAYYTuzsnRSJxfb+w
Dv0ZSjfEDDCi3nugf7zGyV3fVMZP6Jmnb7fi05mFm37hE4DVR1bPOt+Fi4cim9F7
NjkAxiCcW68EMqxaYnMyk0gA16J6rQPjU54QemBDUpFvqq+oejkWWku45hIzwW/L
NX3qEOOAtaVwaGL0Etxcfo4dXRKwaQGN2Q8HeFOejNq1koQR7sSUX0psuShZNZ/j
sK9X9JrCD/F0377/CpgbbRfwVUoiqx4euBCrgEnYbcLJZs0x4iLW9B+oN3MfcuJP
cMcTfU+42boeZaemislAMeJ6P5c=
-----END CERTIFICATE-----

2024-07-06 11:53:56,565 [main] INFO  utils.CertificateCodec (CertificateCodec.java:writeCertificate(253)) - Save certificate to /home/runner/work/ozone/ozone/hadoop-ozone/integration-test/target/test-dir/MiniOzoneClusterImpl-23934d72-33be-4118-bcff-1eb1b476413a/scmNode-3/scm/sub-ca/certs/4.crt
2024-07-06 11:53:56,566 [main] INFO  utils.CertificateCodec (CertificateCodec.java:writeCertificate(254)) - Certificate -----BEGIN CERTIFICATE-----
MIIEADCCAuigAwIBAgIBBDANBgkqhkiG9w0BAQsFADCBhjEaMBgGA1UEAwwRc2Nt
QGZ2LWF6MTA0MS00MDUxLTArBgNVBAsMJGViNjZkZjg2LTZmZmMtNGU1My1iODcz
LWNiMmI0NGQ1ZjM1ZDEtMCsGA1UECgwkMjM5MzRkNzItMzNiZS00MTE4LWJjZmYt
MWViMWI0NzY0MTNhMQowCAYDVQQFEwExMB4XDTI0MDcwNjExNTM1NloXDTI5MDgx
NDExNTM1NlowgYYxGjAYBgNVBAMMEXNjbS1zdWJAbG9jYWxob3N0MS0wKwYDVQQL
DCQzOWE0NjIzOS1kYzVmLTQ5ZjMtODYyNC1lMzZkNDUwNTE5YmMxLTArBgNVBAoM
JDIzOTM0ZDcyLTMzYmUtNDExOC1iY2ZmLTFlYjFiNDc2NDEzYTEKMAgGA1UEBRMB
NDCCASIwDQYJKoZIhvcNAQEBBQADggEPADCCAQoCggEBALcAMvJBxGPWBJVn/NS4
DGlDx7WiqO1j/7fFwnoS+VPW+kzSuuu7wsXxaip0ZuEHdBcd3Bw/Do3G2ZxYiWSx
lvaU+Y4t2eOI6TOW2ubSPUMBzu5GTtmaa4q0RgNplcNLHRZUNtHZ/0vObiZ581XA
Y1ud2rMYI61LWcwNu2Swm2+DBZRHSamO8qPA0ZQ2qIqATsdMn4WfX5/jiV+67eSy
+1+nn0MFNwOymknTZqqM4kPMTJjuQ/M2BiK5684vElItqY+0nb7RiEpJdjhUSYZG
78sfImo5oOn4PmTiBHAePnfWSsStDLvCHt8Cy3DrFOUe/BmQCWdKLel1Wi7igdTm
dbUCAwEAAaN3MHUwDgYDVR0PAQH/BAQDAgG+MFIGA1UdEQRLMEmHBAoBAAuCQWZ2
LWF6MTA0MS00MDUuY2dxbXE1cXVucG5lbGJ6NXRrMXY1NXY1dGUuYnguaW50ZXJu
YWwuY2xvdWRhcHAubmV0MA8GA1UdEwEB/wQFMAMBAf8wDQYJKoZIhvcNAQELBQAD
ggEBACBWC+mccQRkIzHTb3MqPdywW4lk3TjttwpB7R3SwProxaziHOFUxpzVIg6k
9CfZOlmKKKqBq9hyU1fbN2adk9Au6IdmKk/l4KV3uRWhLd6zmoEVHVD874LXlCyU
RxImw++K7wSN7ihrSI+KDYj/ThhUxHol1J0Cszm0/KoCBPK912XpuOg7wVooYOdL
uNCRrZreXa328EXShq6QKyAY0wnUhl6JZxFw6Lq6eCHPo/lsPO0pszF/gvt38IS/
jir1O+PN8jk5b+fCQmbkqTEdbsjgs3YVfOa91TJ2P5AlUlCCbZoENrNzwrjiirKb
6Ez6+puEPG9D1u+aK7fuIfNoSuw=
-----END CERTIFICATE-----

-----BEGIN CERTIFICATE-----
MIIEADCCAuigAwIBAgIBATANBgkqhkiG9w0BAQsFADCBhjEaMBgGA1UEAwwRc2Nt
QGZ2LWF6MTA0MS00MDUxLTArBgNVBAsMJGViNjZkZjg2LTZmZmMtNGU1My1iODcz
LWNiMmI0NGQ1ZjM1ZDEtMCsGA1UECgwkMjM5MzRkNzItMzNiZS00MTE4LWJjZmYt
MWViMWI0NzY0MTNhMQowCAYDVQQFEwExMB4XDTI0MDcwNjExNTMzN1oXDTI5MDgx
NDExNTMzN1owgYYxGjAYBgNVBAMMEXNjbUBmdi1hejEwNDEtNDA1MS0wKwYDVQQL
DCRlYjY2ZGY4Ni02ZmZjLTRlNTMtYjg3My1jYjJiNDRkNWYzNWQxLTArBgNVBAoM
JDIzOTM0ZDcyLTMzYmUtNDExOC1iY2ZmLTFlYjFiNDc2NDEzYTEKMAgGA1UEBRMB
MTCCASIwDQYJKoZIhvcNAQEBBQADggEPADCCAQoCggEBAISmOYOluZt/lCgZxU9H
gvcsRqfRemrHFDZGFVDnpT5vtK374ntRLw6MYBdectIJAU2BZMRW1tU/pcvvodWO
cd/nlOosnhiBrABr0QIY3B4bFba/t5RfUn+iQQt5KmDmh8vFaFyuBrHzNF7amGrx
6hflYrKbY+aMZW2nHXs3Mk45uAeD2zSSem9/oImjiVvWqFxiSsGemn5RSP15Urz9
pO9VzeKwKhrTjP5jG6I10Nol4P9q6zGnYqj0pHgsFKaYnTd7X1eaH6pJo9Acdaqe
XPVM9f7ZFENikdcMP0RynUYBUzHfbillRgGBagITAjg/AtCnhlmAjTS/DXTH69dS
l1sCAwEAAaN3MHUwDwYDVR0TAQH/BAUwAwEB/zAOBgNVHQ8BAf8EBAMCAQYwUgYD
VR0RBEswSYcECgEAC4JBZnYtYXoxMDQxLTQwNS5jZ3FtcTVxdW5wbmVsYno1dGsx
djU1djV0ZS5ieC5pbnRlcm5hbC5jbG91ZGFwcC5uZXQwDQYJKoZIhvcNAQELBQAD
ggEBAGlIIHbij1bSYen9Ao1XYwzuFXzchqSUxADvCYG1Rt5iAYYTuzsnRSJxfb+w
Dv0ZSjfEDDCi3nugf7zGyV3fVMZP6Jmnb7fi05mFm37hE4DVR1bPOt+Fi4cim9F7
NjkAxiCcW68EMqxaYnMyk0gA16J6rQPjU54QemBDUpFvqq+oejkWWku45hIzwW/L
NX3qEOOAtaVwaGL0Etxcfo4dXRKwaQGN2Q8HeFOejNq1koQR7sSUX0psuShZNZ/j
sK9X9JrCD/F0377/CpgbbRfwVUoiqx4euBCrgEnYbcLJZs0x4iLW9B+oN3MfcuJP
cMcTfU+42boeZaemislAMeJ6P5c=
-----END CERTIFICATE-----

2024-07-06 11:53:56,566 [main] INFO  utils.CertificateCodec (CertificateCodec.java:writeCertificate(253)) - Save certificate to /home/runner/work/ozone/ozone/hadoop-ozone/integration-test/target/test-dir/MiniOzoneClusterImpl-23934d72-33be-4118-bcff-1eb1b476413a/scmNode-3/scm/sub-ca/certs/certificate.crt
2024-07-06 11:53:56,566 [main] INFO  utils.CertificateCodec (CertificateCodec.java:writeCertificate(254)) - Certificate -----BEGIN CERTIFICATE-----
MIIEADCCAuigAwIBAgIBBDANBgkqhkiG9w0BAQsFADCBhjEaMBgGA1UEAwwRc2Nt
QGZ2LWF6MTA0MS00MDUxLTArBgNVBAsMJGViNjZkZjg2LTZmZmMtNGU1My1iODcz
LWNiMmI0NGQ1ZjM1ZDEtMCsGA1UECgwkMjM5MzRkNzItMzNiZS00MTE4LWJjZmYt
MWViMWI0NzY0MTNhMQowCAYDVQQFEwExMB4XDTI0MDcwNjExNTM1NloXDTI5MDgx
NDExNTM1NlowgYYxGjAYBgNVBAMMEXNjbS1zdWJAbG9jYWxob3N0MS0wKwYDVQQL
DCQzOWE0NjIzOS1kYzVmLTQ5ZjMtODYyNC1lMzZkNDUwNTE5YmMxLTArBgNVBAoM
JDIzOTM0ZDcyLTMzYmUtNDExOC1iY2ZmLTFlYjFiNDc2NDEzYTEKMAgGA1UEBRMB
NDCCASIwDQYJKoZIhvcNAQEBBQADggEPADCCAQoCggEBALcAMvJBxGPWBJVn/NS4
DGlDx7WiqO1j/7fFwnoS+VPW+kzSuuu7wsXxaip0ZuEHdBcd3Bw/Do3G2ZxYiWSx
lvaU+Y4t2eOI6TOW2ubSPUMBzu5GTtmaa4q0RgNplcNLHRZUNtHZ/0vObiZ581XA
Y1ud2rMYI61LWcwNu2Swm2+DBZRHSamO8qPA0ZQ2qIqATsdMn4WfX5/jiV+67eSy
+1+nn0MFNwOymknTZqqM4kPMTJjuQ/M2BiK5684vElItqY+0nb7RiEpJdjhUSYZG
78sfImo5oOn4PmTiBHAePnfWSsStDLvCHt8Cy3DrFOUe/BmQCWdKLel1Wi7igdTm
dbUCAwEAAaN3MHUwDgYDVR0PAQH/BAQDAgG+MFIGA1UdEQRLMEmHBAoBAAuCQWZ2
LWF6MTA0MS00MDUuY2dxbXE1cXVucG5lbGJ6NXRrMXY1NXY1dGUuYnguaW50ZXJu
YWwuY2xvdWRhcHAubmV0MA8GA1UdEwEB/wQFMAMBAf8wDQYJKoZIhvcNAQELBQAD
ggEBACBWC+mccQRkIzHTb3MqPdywW4lk3TjttwpB7R3SwProxaziHOFUxpzVIg6k
9CfZOlmKKKqBq9hyU1fbN2adk9Au6IdmKk/l4KV3uRWhLd6zmoEVHVD874LXlCyU
RxImw++K7wSN7ihrSI+KDYj/ThhUxHol1J0Cszm0/KoCBPK912XpuOg7wVooYOdL
uNCRrZreXa328EXShq6QKyAY0wnUhl6JZxFw6Lq6eCHPo/lsPO0pszF/gvt38IS/
jir1O+PN8jk5b+fCQmbkqTEdbsjgs3YVfOa91TJ2P5AlUlCCbZoENrNzwrjiirKb
6Ez6+puEPG9D1u+aK7fuIfNoSuw=
-----END CERTIFICATE-----

-----BEGIN CERTIFICATE-----
MIIEADCCAuigAwIBAgIBATANBgkqhkiG9w0BAQsFADCBhjEaMBgGA1UEAwwRc2Nt
QGZ2LWF6MTA0MS00MDUxLTArBgNVBAsMJGViNjZkZjg2LTZmZmMtNGU1My1iODcz
LWNiMmI0NGQ1ZjM1ZDEtMCsGA1UECgwkMjM5MzRkNzItMzNiZS00MTE4LWJjZmYt
MWViMWI0NzY0MTNhMQowCAYDVQQFEwExMB4XDTI0MDcwNjExNTMzN1oXDTI5MDgx
NDExNTMzN1owgYYxGjAYBgNVBAMMEXNjbUBmdi1hejEwNDEtNDA1MS0wKwYDVQQL
DCRlYjY2ZGY4Ni02ZmZjLTRlNTMtYjg3My1jYjJiNDRkNWYzNWQxLTArBgNVBAoM
JDIzOTM0ZDcyLTMzYmUtNDExOC1iY2ZmLTFlYjFiNDc2NDEzYTEKMAgGA1UEBRMB
MTCCASIwDQYJKoZIhvcNAQEBBQADggEPADCCAQoCggEBAISmOYOluZt/lCgZxU9H
gvcsRqfRemrHFDZGFVDnpT5vtK374ntRLw6MYBdectIJAU2BZMRW1tU/pcvvodWO
cd/nlOosnhiBrABr0QIY3B4bFba/t5RfUn+iQQt5KmDmh8vFaFyuBrHzNF7amGrx
6hflYrKbY+aMZW2nHXs3Mk45uAeD2zSSem9/oImjiVvWqFxiSsGemn5RSP15Urz9
pO9VzeKwKhrTjP5jG6I10Nol4P9q6zGnYqj0pHgsFKaYnTd7X1eaH6pJo9Acdaqe
XPVM9f7ZFENikdcMP0RynUYBUzHfbillRgGBagITAjg/AtCnhlmAjTS/DXTH69dS
l1sCAwEAAaN3MHUwDwYDVR0TAQH/BAUwAwEB/zAOBgNVHQ8BAf8EBAMCAQYwUgYD
VR0RBEswSYcECgEAC4JBZnYtYXoxMDQxLTQwNS5jZ3FtcTVxdW5wbmVsYno1dGsx
djU1djV0ZS5ieC5pbnRlcm5hbC5jbG91ZGFwcC5uZXQwDQYJKoZIhvcNAQELBQAD
ggEBAGlIIHbij1bSYen9Ao1XYwzuFXzchqSUxADvCYG1Rt5iAYYTuzsnRSJxfb+w
Dv0ZSjfEDDCi3nugf7zGyV3fVMZP6Jmnb7fi05mFm37hE4DVR1bPOt+Fi4cim9F7
NjkAxiCcW68EMqxaYnMyk0gA16J6rQPjU54QemBDUpFvqq+oejkWWku45hIzwW/L
NX3qEOOAtaVwaGL0Etxcfo4dXRKwaQGN2Q8HeFOejNq1koQR7sSUX0psuShZNZ/j
sK9X9JrCD/F0377/CpgbbRfwVUoiqx4euBCrgEnYbcLJZs0x4iLW9B+oN3MfcuJP
cMcTfU+42boeZaemislAMeJ6P5c=
-----END CERTIFICATE-----

2024-07-06 11:53:56,566 [main] INFO  client.SCMCertificateClient (SCMCertificateClient.java:recoverStateIfNeeded(295)) - Successfully stored SCM signed certificate.
2024-07-06 11:53:56,568 [main] INFO  server.StorageContainerManager (StorageContainerManager.java:scmBootstrap(1207)) - SCM BootStrap  is successful for ClusterID 23934d72-33be-4118-bcff-1eb1b476413a, SCMID 39a46239-dc5f-49f3-8624-e36d450519bc
2024-07-06 11:53:56,568 [main] INFO  server.StorageContainerManager (StorageContainerManager.java:scmBootstrap(1209)) - Primary SCM Node ID eb66df86-6ffc-4e53-b873-cb2b44d5f35d
2024-07-06 11:53:56,568 [main] WARN  server.ServerUtils (ServerUtils.java:getScmDbDir(143)) - ozone.scm.db.dirs is not configured. We recommend adding this setting. Falling back to ozone.metadata.dirs instead.
2024-07-06 11:53:56,568 [main] INFO  ha.SCMHANodeDetails (SCMHANodeDetails.java:loadSCMHAConfig(207)) - ServiceID for StorageContainerManager is TestSecretKey
2024-07-06 11:53:56,569 [main] INFO  ha.SCMHANodeDetails (SCMHANodeDetails.java:loadSCMHAConfig(218)) - ServiceID for StorageContainerManager is TestSecretKey
2024-07-06 11:53:56,569 [main] WARN  scm.ScmUtils (ScmUtils.java:logWarn(192)) - ConfigKey ozone.scm.block.client.address is deprecated, For configuring different ports for each SCM use PortConfigKey ozone.scm.block.client.port appended with serviceId and nodeId. If want to configure same port configure ozone.scm.block.client.port
2024-07-06 11:53:56,569 [main] WARN  scm.ScmUtils (ScmUtils.java:logWarn(192)) - ConfigKey ozone.scm.client.address is deprecated, For configuring different ports for each SCM use PortConfigKey ozone.scm.client.port appended with serviceId and nodeId. If want to configure same port configure ozone.scm.client.port
2024-07-06 11:53:56,569 [main] WARN  scm.ScmUtils (ScmUtils.java:logWarn(192)) - ConfigKey ozone.scm.datanode.address is deprecated, For configuring different ports for each SCM use PortConfigKey ozone.scm.datanode.port appended with serviceId and nodeId. If want to configure same port configure ozone.scm.datanode.port
2024-07-06 11:53:56,569 [main] WARN  scm.ScmUtils (ScmUtils.java:logWarn(192)) - ConfigKey ozone.scm.block.client.address is deprecated, For configuring different ports for each SCM use PortConfigKey ozone.scm.block.client.port appended with serviceId and nodeId. If want to configure same port configure ozone.scm.block.client.port
2024-07-06 11:53:56,569 [main] WARN  scm.ScmUtils (ScmUtils.java:logWarn(192)) - ConfigKey ozone.scm.client.address is deprecated, For configuring different ports for each SCM use PortConfigKey ozone.scm.client.port appended with serviceId and nodeId. If want to configure same port configure ozone.scm.client.port
2024-07-06 11:53:56,570 [main] WARN  scm.ScmUtils (ScmUtils.java:logWarn(192)) - ConfigKey ozone.scm.datanode.address is deprecated, For configuring different ports for each SCM use PortConfigKey ozone.scm.datanode.port appended with serviceId and nodeId. If want to configure same port configure ozone.scm.datanode.port
2024-07-06 11:53:56,570 [main] INFO  ha.SCMHANodeDetails (SCMHANodeDetails.java:loadSCMHAConfig(305)) - Found matching SCM address with SCMServiceId: TestSecretKey, SCMNodeId: scmNode-3, RPC Address: localhost:15019 and Ratis port: 15019
2024-07-06 11:53:56,570 [main] INFO  ha.SCMHANodeDetails (ConfUtils.java:setNodeSpecificConfigs(97)) - Setting configuration key ozone.scm.datanode.address with value of key ozone.scm.datanode.address.TestSecretKey.scmNode-3: 127.0.0.1:15020
2024-07-06 11:53:56,570 [main] INFO  ha.SCMHANodeDetails (ConfUtils.java:setNodeSpecificConfigs(97)) - Setting configuration key ozone.scm.block.client.address with value of key ozone.scm.block.client.address.TestSecretKey.scmNode-3: 127.0.0.1:15023
2024-07-06 11:53:56,570 [main] INFO  ha.SCMHANodeDetails (ConfUtils.java:setNodeSpecificConfigs(97)) - Setting configuration key ozone.scm.client.address with value of key ozone.scm.client.address.TestSecretKey.scmNode-3: 127.0.0.1:15021
2024-07-06 11:53:56,570 [main] INFO  ha.SCMHANodeDetails (ConfUtils.java:setNodeSpecificConfigs(97)) - Setting configuration key ozone.scm.security.service.address with value of key ozone.scm.security.service.address.TestSecretKey.scmNode-3: 127.0.0.1:15018
2024-07-06 11:53:56,570 [main] INFO  ha.SCMHANodeDetails (ConfUtils.java:setNodeSpecificConfigs(97)) - Setting configuration key ozone.scm.ratis.port with value of key ozone.scm.ratis.port.TestSecretKey.scmNode-3: 15019
2024-07-06 11:53:56,570 [main] INFO  ha.SCMHANodeDetails (ConfUtils.java:setNodeSpecificConfigs(97)) - Setting configuration key ozone.scm.grpc.port with value of key ozone.scm.grpc.port.TestSecretKey.scmNode-3: 15022
2024-07-06 11:53:56,571 [main] INFO  ha.SCMHANodeDetails (ConfUtils.java:setNodeSpecificConfigs(97)) - Setting configuration key ozone.scm.http-address with value of key ozone.scm.http-address.TestSecretKey.scmNode-3: 127.0.0.1:15016
2024-07-06 11:53:56,571 [main] INFO  ha.SCMHANodeDetails (ConfUtils.java:setNodeSpecificConfigs(97)) - Setting configuration key ozone.scm.https-address with value of key ozone.scm.https-address.TestSecretKey.scmNode-3: 127.0.0.1:15017
2024-07-06 11:53:56,571 [main] INFO  ha.SCMHANodeDetails (ConfUtils.java:setNodeSpecificConfigs(97)) - Setting configuration key ozone.scm.address with value of key ozone.scm.address.TestSecretKey.scmNode-3: 127.0.0.1
2024-07-06 11:53:56,571 [main] WARN  scm.ScmUtils (ScmUtils.java:logWarn(192)) - ConfigKey ozone.scm.block.client.address is deprecated, For configuring different ports for each SCM use PortConfigKey ozone.scm.block.client.port appended with serviceId and nodeId. If want to configure same port configure ozone.scm.block.client.port
2024-07-06 11:53:56,571 [main] WARN  scm.ScmUtils (ScmUtils.java:logWarn(192)) - ConfigKey ozone.scm.client.address is deprecated, For configuring different ports for each SCM use PortConfigKey ozone.scm.client.port appended with serviceId and nodeId. If want to configure same port configure ozone.scm.client.port
2024-07-06 11:53:56,571 [main] WARN  scm.ScmUtils (ScmUtils.java:logWarn(192)) - ConfigKey ozone.scm.datanode.address is deprecated, For configuring different ports for each SCM use PortConfigKey ozone.scm.datanode.port appended with serviceId and nodeId. If want to configure same port configure ozone.scm.datanode.port
2024-07-06 11:53:56,572 [main] INFO  ha.SCMNodeInfo (SCMNodeInfo.java:getPort(197)) - ConfigKey ozone.scm.client.address is deprecated, For configuring different ports for each SCM use PortConfigKey ozone.scm.client.port appended with serviceId and nodeId
2024-07-06 11:53:56,572 [main] INFO  ha.SCMNodeInfo (SCMNodeInfo.java:getPort(197)) - ConfigKey ozone.scm.block.client.address is deprecated, For configuring different ports for each SCM use PortConfigKey ozone.scm.block.client.port appended with serviceId and nodeId
2024-07-06 11:53:56,572 [main] INFO  ha.SCMNodeInfo (SCMNodeInfo.java:getPort(197)) - ConfigKey ozone.scm.security.service.address is deprecated, For configuring different ports for each SCM use PortConfigKey ozone.scm.security.service.port appended with serviceId and nodeId
2024-07-06 11:53:56,572 [main] INFO  ha.SCMNodeInfo (SCMNodeInfo.java:getPort(197)) - ConfigKey ozone.scm.datanode.address is deprecated, For configuring different ports for each SCM use PortConfigKey ozone.scm.datanode.port appended with serviceId and nodeId
2024-07-06 11:53:56,572 [main] INFO  ha.SCMNodeInfo (SCMNodeInfo.java:getPort(197)) - ConfigKey ozone.scm.client.address is deprecated, For configuring different ports for each SCM use PortConfigKey ozone.scm.client.port appended with serviceId and nodeId
2024-07-06 11:53:56,573 [main] INFO  ha.SCMNodeInfo (SCMNodeInfo.java:getPort(197)) - ConfigKey ozone.scm.block.client.address is deprecated, For configuring different ports for each SCM use PortConfigKey ozone.scm.block.client.port appended with serviceId and nodeId
2024-07-06 11:53:56,573 [main] INFO  ha.SCMNodeInfo (SCMNodeInfo.java:getPort(197)) - ConfigKey ozone.scm.security.service.address is deprecated, For configuring different ports for each SCM use PortConfigKey ozone.scm.security.service.port appended with serviceId and nodeId
2024-07-06 11:53:56,573 [main] INFO  ha.SCMNodeInfo (SCMNodeInfo.java:getPort(197)) - ConfigKey ozone.scm.datanode.address is deprecated, For configuring different ports for each SCM use PortConfigKey ozone.scm.datanode.port appended with serviceId and nodeId
2024-07-06 11:53:56,573 [main] INFO  ha.SCMNodeInfo (SCMNodeInfo.java:getPort(197)) - ConfigKey ozone.scm.client.address is deprecated, For configuring different ports for each SCM use PortConfigKey ozone.scm.client.port appended with serviceId and nodeId
2024-07-06 11:53:56,573 [main] INFO  ha.SCMNodeInfo (SCMNodeInfo.java:getPort(197)) - ConfigKey ozone.scm.block.client.address is deprecated, For configuring different ports for each SCM use PortConfigKey ozone.scm.block.client.port appended with serviceId and nodeId
2024-07-06 11:53:56,573 [main] INFO  ha.SCMNodeInfo (SCMNodeInfo.java:getPort(197)) - ConfigKey ozone.scm.security.service.address is deprecated, For configuring different ports for each SCM use PortConfigKey ozone.scm.security.service.port appended with serviceId and nodeId
2024-07-06 11:53:56,573 [main] INFO  ha.SCMNodeInfo (SCMNodeInfo.java:getPort(197)) - ConfigKey ozone.scm.datanode.address is deprecated, For configuring different ports for each SCM use PortConfigKey ozone.scm.datanode.port appended with serviceId and nodeId
2024-07-06 11:53:56,575 [pool-1-thread-2] INFO  request.KdcRequest (KdcRequest.java:preauth(651)) - The preauth data is empty.
2024-07-06 11:53:56,575 [pool-1-thread-2] INFO  server.KdcHandler (KdcHandler.java:handleRecoverableException(177)) - KRB error occurred while processing request:Additional pre-authentication required
2024-07-06 11:53:56,579 [pool-1-thread-2] INFO  request.AsRequest (AsRequest.java:issueTicket(112)) - AS_REQ ISSUE: authtime 1720266836578,scm/fv-az1041-405.cgqmq5qunpnelbz5tk1v55v5te.bx.internal.cloudapp.net@EXAMPLE.COM for krbtgt/EXAMPLE.COM@EXAMPLE.COM
2024-07-06 11:53:56,580 [main] INFO  security.UserGroupInformation (UserGroupInformation.java:loginUserFromKeytab(1132)) - Login successful for user scm/fv-az1041-405.cgqmq5qunpnelbz5tk1v55v5te.bx.internal.cloudapp.net@EXAMPLE.COM using keytab file scm.keytab. Keytab auto renewal enabled : false
2024-07-06 11:53:56,580 [main] INFO  server.StorageContainerManager (StorageContainerManager.java:loginAsSCMUserIfSecurityEnabled(1069)) - SCM login successful.
2024-07-06 11:53:56,581 [main] INFO  ha.SCMNodeInfo (SCMNodeInfo.java:getPort(197)) - ConfigKey ozone.scm.client.address is deprecated, For configuring different ports for each SCM use PortConfigKey ozone.scm.client.port appended with serviceId and nodeId
2024-07-06 11:53:56,582 [main] INFO  ha.SCMNodeInfo (SCMNodeInfo.java:getPort(197)) - ConfigKey ozone.scm.block.client.address is deprecated, For configuring different ports for each SCM use PortConfigKey ozone.scm.block.client.port appended with serviceId and nodeId
2024-07-06 11:53:56,582 [main] INFO  ha.SCMNodeInfo (SCMNodeInfo.java:getPort(197)) - ConfigKey ozone.scm.security.service.address is deprecated, For configuring different ports for each SCM use PortConfigKey ozone.scm.security.service.port appended with serviceId and nodeId
2024-07-06 11:53:56,583 [main] INFO  ha.SCMNodeInfo (SCMNodeInfo.java:getPort(197)) - ConfigKey ozone.scm.datanode.address is deprecated, For configuring different ports for each SCM use PortConfigKey ozone.scm.datanode.port appended with serviceId and nodeId
2024-07-06 11:53:56,583 [main] INFO  ha.SCMNodeInfo (SCMNodeInfo.java:getPort(197)) - ConfigKey ozone.scm.client.address is deprecated, For configuring different ports for each SCM use PortConfigKey ozone.scm.client.port appended with serviceId and nodeId
2024-07-06 11:53:56,583 [main] INFO  ha.SCMNodeInfo (SCMNodeInfo.java:getPort(197)) - ConfigKey ozone.scm.block.client.address is deprecated, For configuring different ports for each SCM use PortConfigKey ozone.scm.block.client.port appended with serviceId and nodeId
2024-07-06 11:53:56,583 [main] INFO  ha.SCMNodeInfo (SCMNodeInfo.java:getPort(197)) - ConfigKey ozone.scm.security.service.address is deprecated, For configuring different ports for each SCM use PortConfigKey ozone.scm.security.service.port appended with serviceId and nodeId
2024-07-06 11:53:56,583 [main] INFO  ha.SCMNodeInfo (SCMNodeInfo.java:getPort(197)) - ConfigKey ozone.scm.datanode.address is deprecated, For configuring different ports for each SCM use PortConfigKey ozone.scm.datanode.port appended with serviceId and nodeId
2024-07-06 11:53:56,583 [main] INFO  ha.SCMNodeInfo (SCMNodeInfo.java:getPort(197)) - ConfigKey ozone.scm.client.address is deprecated, For configuring different ports for each SCM use PortConfigKey ozone.scm.client.port appended with serviceId and nodeId
2024-07-06 11:53:56,584 [main] INFO  ha.SCMNodeInfo (SCMNodeInfo.java:getPort(197)) - ConfigKey ozone.scm.block.client.address is deprecated, For configuring different ports for each SCM use PortConfigKey ozone.scm.block.client.port appended with serviceId and nodeId
2024-07-06 11:53:56,584 [main] INFO  ha.SCMNodeInfo (SCMNodeInfo.java:getPort(197)) - ConfigKey ozone.scm.security.service.address is deprecated, For configuring different ports for each SCM use PortConfigKey ozone.scm.security.service.port appended with serviceId and nodeId
2024-07-06 11:53:56,584 [main] INFO  ha.SCMNodeInfo (SCMNodeInfo.java:getPort(197)) - ConfigKey ozone.scm.datanode.address is deprecated, For configuring different ports for each SCM use PortConfigKey ozone.scm.datanode.port appended with serviceId and nodeId
2024-07-06 11:53:56,585 [main] INFO  ha.SCMNodeInfo (SCMNodeInfo.java:getPort(197)) - ConfigKey ozone.scm.client.address is deprecated, For configuring different ports for each SCM use PortConfigKey ozone.scm.client.port appended with serviceId and nodeId
2024-07-06 11:53:56,585 [main] INFO  ha.SCMNodeInfo (SCMNodeInfo.java:getPort(197)) - ConfigKey ozone.scm.block.client.address is deprecated, For configuring different ports for each SCM use PortConfigKey ozone.scm.block.client.port appended with serviceId and nodeId
2024-07-06 11:53:56,586 [main] INFO  ha.SCMNodeInfo (SCMNodeInfo.java:getPort(197)) - ConfigKey ozone.scm.security.service.address is deprecated, For configuring different ports for each SCM use PortConfigKey ozone.scm.security.service.port appended with serviceId and nodeId
2024-07-06 11:53:56,586 [main] INFO  ha.SCMNodeInfo (SCMNodeInfo.java:getPort(197)) - ConfigKey ozone.scm.datanode.address is deprecated, For configuring different ports for each SCM use PortConfigKey ozone.scm.datanode.port appended with serviceId and nodeId
2024-07-06 11:53:56,586 [main] INFO  ha.SCMNodeInfo (SCMNodeInfo.java:getPort(197)) - ConfigKey ozone.scm.client.address is deprecated, For configuring different ports for each SCM use PortConfigKey ozone.scm.client.port appended with serviceId and nodeId
2024-07-06 11:53:56,586 [main] INFO  ha.SCMNodeInfo (SCMNodeInfo.java:getPort(197)) - ConfigKey ozone.scm.block.client.address is deprecated, For configuring different ports for each SCM use PortConfigKey ozone.scm.block.client.port appended with serviceId and nodeId
2024-07-06 11:53:56,586 [main] INFO  ha.SCMNodeInfo (SCMNodeInfo.java:getPort(197)) - ConfigKey ozone.scm.security.service.address is deprecated, For configuring different ports for each SCM use PortConfigKey ozone.scm.security.service.port appended with serviceId and nodeId
2024-07-06 11:53:56,586 [main] INFO  ha.SCMNodeInfo (SCMNodeInfo.java:getPort(197)) - ConfigKey ozone.scm.datanode.address is deprecated, For configuring different ports for each SCM use PortConfigKey ozone.scm.datanode.port appended with serviceId and nodeId
2024-07-06 11:53:56,586 [main] INFO  ha.SCMNodeInfo (SCMNodeInfo.java:getPort(197)) - ConfigKey ozone.scm.client.address is deprecated, For configuring different ports for each SCM use PortConfigKey ozone.scm.client.port appended with serviceId and nodeId
2024-07-06 11:53:56,586 [main] INFO  ha.SCMNodeInfo (SCMNodeInfo.java:getPort(197)) - ConfigKey ozone.scm.block.client.address is deprecated, For configuring different ports for each SCM use PortConfigKey ozone.scm.block.client.port appended with serviceId and nodeId
2024-07-06 11:53:56,586 [main] INFO  ha.SCMNodeInfo (SCMNodeInfo.java:getPort(197)) - ConfigKey ozone.scm.security.service.address is deprecated, For configuring different ports for each SCM use PortConfigKey ozone.scm.security.service.port appended with serviceId and nodeId
2024-07-06 11:53:56,586 [main] INFO  ha.SCMNodeInfo (SCMNodeInfo.java:getPort(197)) - ConfigKey ozone.scm.datanode.address is deprecated, For configuring different ports for each SCM use PortConfigKey ozone.scm.datanode.port appended with serviceId and nodeId
2024-07-06 11:53:56,586 [main] INFO  client.SCMCertificateClient (DefaultCertificateClient.java:updateCertSerialId(1313)) - Certificate serial ID set to 4
2024-07-06 11:53:56,589 [main] INFO  client.SCMCertificateClient (DefaultCertificateClient.java:readCertificateFile(248)) - Added certificate 4 from file: /home/runner/work/ozone/ozone/hadoop-ozone/integration-test/target/test-dir/MiniOzoneClusterImpl-23934d72-33be-4118-bcff-1eb1b476413a/scmNode-3/scm/sub-ca/certs/certificate.crt.
2024-07-06 11:53:56,590 [main] INFO  client.SCMCertificateClient (DefaultCertificateClient.java:readCertificateFile(248)) - Added certificate 4 from file: /home/runner/work/ozone/ozone/hadoop-ozone/integration-test/target/test-dir/MiniOzoneClusterImpl-23934d72-33be-4118-bcff-1eb1b476413a/scmNode-3/scm/sub-ca/certs/4.crt.
2024-07-06 11:53:56,591 [main] INFO  client.SCMCertificateClient (DefaultCertificateClient.java:readCertificateFile(248)) - Added certificate 1 from file: /home/runner/work/ozone/ozone/hadoop-ozone/integration-test/target/test-dir/MiniOzoneClusterImpl-23934d72-33be-4118-bcff-1eb1b476413a/scmNode-3/scm/sub-ca/certs/CA-1.crt.
2024-07-06 11:53:56,592 [main] INFO  client.SCMCertificateClient (DefaultCertificateClient.java:loadAllCertificates(197)) - CertificateRenewerService and root ca rotation polling is disabled for scm/sub-ca
2024-07-06 11:53:56,592 [main] WARN  utils.HAUtils (HAUtils.java:getMetaDir(339)) - ozone.scm.db.dirs is not configured. We recommend adding this setting. Falling back to ozone.metadata.dirs instead.
2024-07-06 11:53:56,593 [main] WARN  db.DBStoreBuilder (DBStoreBuilder.java:applyDBDefinition(171)) - ozone.scm.db.dirs is not configured. We recommend adding this setting. Falling back to ozone.metadata.dirs instead.
2024-07-06 11:53:56,675 [main] INFO  net.NodeSchemaLoader (NodeSchemaLoader.java:loadSchemaFromFile(129)) - Loading schema from [jar:file:/home/runner/work/ozone/ozone/hadoop-hdds/common/target/hdds-common-1.5.0-SNAPSHOT.jar!/network-topology-default.xml]
2024-07-06 11:53:56,675 [main] INFO  net.NodeSchemaLoader (NodeSchemaLoader.java:loadSchema(176)) - Loading network topology layer schema file
2024-07-06 11:53:56,678 [main] WARN  dropwizard3.Dm3MetricRegistriesImpl (Dm3MetricRegistriesImpl.java:addReporterRegistration(114)) - New reporters are added after registries were created. Some metrics will be missing from the reporter. Please add reporter before adding any new registry.
2024-07-06 11:53:56,678 [main] WARN  dropwizard3.Dm3MetricRegistriesImpl (Dm3MetricRegistriesImpl.java:addReporterRegistration(114)) - New reporters are added after registries were created. Some metrics will be missing from the reporter. Please add reporter before adding any new registry.
2024-07-06 11:53:56,694 [main] INFO  ha.SCMRatisServerImpl (SCMRatisServerImpl.java:<init>(99)) - starting Raft server for scm:39a46239-dc5f-49f3-8624-e36d450519bc
2024-07-06 11:53:56,696 [main] INFO  server.RaftServer (ConfUtils.java:logGet(46)) - raft.rpc.type = GRPC (default)
2024-07-06 11:53:56,697 [main] INFO  grpc.GrpcConfigKeys (ConfUtils.java:logFallback(53)) - raft.grpc.admin.host = null (fallback to raft.grpc.server.host)
2024-07-06 11:53:56,697 [main] INFO  grpc.GrpcConfigKeys (ConfUtils.java:logFallback(53)) - raft.grpc.admin.port = 15019 (fallback to raft.grpc.server.port)
2024-07-06 11:53:56,697 [main] INFO  grpc.GrpcConfigKeys (ConfUtils.java:logFallback(53)) - raft.grpc.client.host = null (fallback to raft.grpc.server.host)
2024-07-06 11:53:56,697 [main] INFO  grpc.GrpcConfigKeys (ConfUtils.java:logFallback(53)) - raft.grpc.client.port = 15019 (fallback to raft.grpc.server.port)
2024-07-06 11:53:56,697 [main] INFO  grpc.GrpcConfigKeys (ConfUtils.java:logGet(46)) - raft.grpc.server.host = null (default)
2024-07-06 11:53:56,697 [main] INFO  grpc.GrpcConfigKeys (ConfUtils.java:logGet(46)) - raft.grpc.server.port = 15019 (custom)
2024-07-06 11:53:56,697 [main] INFO  server.GrpcService (ConfUtils.java:logGet(46)) - raft.grpc.message.size.max = 32m (=33554432) (custom)
2024-07-06 11:53:56,697 [main] INFO  server.RaftServerConfigKeys (ConfUtils.java:logGet(46)) - raft.server.log.appender.buffer.byte-limit = 4194304 (custom)
2024-07-06 11:53:56,698 [main] INFO  server.GrpcService (ConfUtils.java:logGet(46)) - raft.grpc.flow.control.window = 1MB (=1048576) (default)
2024-07-06 11:53:56,698 [main] INFO  server.RaftServerConfigKeys (ConfUtils.java:logGet(46)) - raft.server.rpc.request.timeout = 30000ms (custom)
2024-07-06 11:53:56,698 [main] INFO  grpc.GrpcConfigKeys (ConfUtils.java:logGet(46)) - raft.grpc.server.heartbeat.channel = true (default)
2024-07-06 11:53:56,698 [main] INFO  grpc.GrpcConfigKeys (ConfUtils.java:logGet(46)) - raft.grpc.server.async.request.thread.pool.cached = true (default)
2024-07-06 11:53:56,698 [main] INFO  grpc.GrpcConfigKeys (ConfUtils.java:logGet(46)) - raft.grpc.server.async.request.thread.pool.size = 32 (default)
2024-07-06 11:53:56,699 [main] INFO  impl.DataStreamServerImpl (ConfUtils.java:logGet(46)) - raft.datastream.type = DISABLED (default)
2024-07-06 11:53:56,699 [main] INFO  server.RaftServerConfigKeys (ConfUtils.java:logGet(46)) - raft.server.sleep.deviation.threshold = 300ms (default)
2024-07-06 11:53:56,699 [main] INFO  server.RaftServerConfigKeys (ConfUtils.java:logGet(46)) - raft.server.close.threshold = 60s (default)
2024-07-06 11:53:56,699 [main] INFO  server.RaftServerConfigKeys (ConfUtils.java:logGet(46)) - raft.server.leaderelection.leader.step-down.wait-time = 10s (default)
2024-07-06 11:53:56,700 [main] INFO  server.RaftServerConfigKeys (ConfUtils.java:logGet(46)) - raft.server.storage.dir = [/home/runner/work/ozone/ozone/hadoop-ozone/integration-test/target/test-dir/MiniOzoneClusterImpl-23934d72-33be-4118-bcff-1eb1b476413a/scmNode-3/scm-ha] (custom)
2024-07-06 11:53:56,700 [main] INFO  server.RaftServerConfigKeys (ConfUtils.java:logGet(46)) - raft.server.threadpool.proxy.cached = true (default)
2024-07-06 11:53:56,700 [main] INFO  server.RaftServerConfigKeys (ConfUtils.java:logGet(46)) - raft.server.threadpool.proxy.size = 0 (default)
2024-07-06 11:53:56,700 [main] INFO  server.RaftServer (RaftServerProxy.java:addNew(101)) - 39a46239-dc5f-49f3-8624-e36d450519bc: addNew group-1EB1B476413A:[] returns group-1EB1B476413A:java.util.concurrent.CompletableFuture@3a5922ec[Not completed]
2024-07-06 11:53:56,701 [39a46239-dc5f-49f3-8624-e36d450519bc-groupManagement] INFO  server.RaftServer$Division (RaftServerImpl.java:<init>(253)) - 39a46239-dc5f-49f3-8624-e36d450519bc: new RaftServerImpl for group-1EB1B476413A:[] with SCMStateMachine:uninitialized
2024-07-06 11:53:56,701 [39a46239-dc5f-49f3-8624-e36d450519bc-groupManagement] INFO  server.RaftServerConfigKeys (ConfUtils.java:logGet(46)) - raft.server.rpc.timeout.min = 5000ms (custom)
2024-07-06 11:53:56,701 [39a46239-dc5f-49f3-8624-e36d450519bc-groupManagement] INFO  server.RaftServerConfigKeys (ConfUtils.java:logGet(46)) - raft.server.rpc.timeout.max = 5200ms (custom)
2024-07-06 11:53:56,701 [39a46239-dc5f-49f3-8624-e36d450519bc-groupManagement] INFO  server.RaftServerConfigKeys (ConfUtils.java:logGet(46)) - raft.server.rpc.sleep.time = 25ms (default)
2024-07-06 11:53:56,701 [39a46239-dc5f-49f3-8624-e36d450519bc-groupManagement] INFO  server.RaftServerConfigKeys (ConfUtils.java:logGet(46)) - raft.server.rpc.slowness.timeout = 120000ms (custom)
2024-07-06 11:53:56,701 [39a46239-dc5f-49f3-8624-e36d450519bc-groupManagement] INFO  server.RaftServerConfigKeys (ConfUtils.java:logGet(46)) - raft.server.leaderelection.leader.step-down.wait-time = 10s (default)
2024-07-06 11:53:56,701 [39a46239-dc5f-49f3-8624-e36d450519bc-groupManagement] INFO  server.RaftServerConfigKeys (ConfUtils.java:logGet(46)) - raft.server.leaderelection.member.majority-add = false (default)
2024-07-06 11:53:56,702 [39a46239-dc5f-49f3-8624-e36d450519bc-groupManagement] INFO  server.RaftServerConfigKeys (ConfUtils.java:logGet(46)) - raft.server.sleep.deviation.threshold = 300ms (default)
2024-07-06 11:53:56,702 [39a46239-dc5f-49f3-8624-e36d450519bc-groupManagement] INFO  server.RaftServer$Division (ServerState.java:<init>(114)) - 39a46239-dc5f-49f3-8624-e36d450519bc@group-1EB1B476413A: ConfigurationManager, init=conf: {index: -1, cur=peers:[]|listeners:[], old=null}, confs=<EMPTY_MAP>
2024-07-06 11:53:56,702 [39a46239-dc5f-49f3-8624-e36d450519bc-groupManagement] INFO  server.RaftServerConfigKeys (ConfUtils.java:logGet(46)) - raft.server.notification.no-leader.timeout = 60s (default)
2024-07-06 11:53:56,702 [39a46239-dc5f-49f3-8624-e36d450519bc-groupManagement] INFO  server.RaftServerConfigKeys (ConfUtils.java:logGet(46)) - raft.server.read.timeout = 10s (default)
2024-07-06 11:53:56,702 [39a46239-dc5f-49f3-8624-e36d450519bc-groupManagement] INFO  server.RaftServerConfigKeys (ConfUtils.java:logGet(46)) - raft.server.retrycache.expirytime = 60000ms (default)
2024-07-06 11:53:56,702 [39a46239-dc5f-49f3-8624-e36d450519bc-groupManagement] INFO  server.RaftServerConfigKeys (ConfUtils.java:logGet(46)) - raft.server.retrycache.statistics.expirytime = 100ms (default)
2024-07-06 11:53:56,702 [39a46239-dc5f-49f3-8624-e36d450519bc-groupManagement] INFO  server.RaftServerConfigKeys (ConfUtils.java:logGet(46)) - raft.server.read.option = DEFAULT (default)
2024-07-06 11:53:56,702 [39a46239-dc5f-49f3-8624-e36d450519bc-groupManagement] INFO  server.RaftServerConfigKeys (ConfUtils.java:logGet(46)) - raft.server.read.read-after-write-consistent.write-index-cache.expiry-time = 60s (default)
2024-07-06 11:53:56,707 [39a46239-dc5f-49f3-8624-e36d450519bc-groupManagement] INFO  server.RaftServerConfigKeys (ConfUtils.java:logGet(46)) - raft.server.rpc.request.timeout = 30000ms (custom)
2024-07-06 11:53:56,707 [39a46239-dc5f-49f3-8624-e36d450519bc-groupManagement] INFO  server.RaftServerConfigKeys (ConfUtils.java:logGet(46)) - raft.server.log.appender.install.snapshot.enabled = false (custom)
2024-07-06 11:53:56,707 [39a46239-dc5f-49f3-8624-e36d450519bc-groupManagement] INFO  server.RaftServerConfigKeys (ConfUtils.java:logGet(46)) - raft.server.threadpool.server.cached = true (default)
2024-07-06 11:53:56,707 [39a46239-dc5f-49f3-8624-e36d450519bc-groupManagement] INFO  server.RaftServerConfigKeys (ConfUtils.java:logGet(46)) - raft.server.threadpool.server.size = 0 (default)
2024-07-06 11:53:56,707 [39a46239-dc5f-49f3-8624-e36d450519bc-groupManagement] INFO  server.RaftServerConfigKeys (ConfUtils.java:logGet(46)) - raft.server.threadpool.client.cached = true (default)
2024-07-06 11:53:56,707 [39a46239-dc5f-49f3-8624-e36d450519bc-groupManagement] INFO  server.RaftServerConfigKeys (ConfUtils.java:logGet(46)) - raft.server.threadpool.client.size = 0 (default)
2024-07-06 11:53:56,707 [main] INFO  ha.SCMSnapshotProvider (SCMSnapshotProvider.java:<init>(66)) - Initializing SCM Snapshot Provider
2024-07-06 11:53:56,707 [main] WARN  server.ServerUtils (ServerUtils.java:getDefaultRatisDirectory(311)) - Storage directory for Ratis is not configured. It is a good idea to map this to an SSD disk. Falling back to ozone.metadata.dirs
2024-07-06 11:53:56,708 [main] WARN  ha.SCMHAUtils (SCMHAUtils.java:getSCMRatisSnapshotDirectory(158)) - SCM snapshot dir is not configured. Falling back to ozone.metadata.dirs config
2024-07-06 11:53:56,709 [main] INFO  upgrade.AbstractLayoutVersionManager (AbstractLayoutVersionManager.java:init(83)) - Initializing Layout version manager with metadata layout = HADOOP_PRC_PORTS_IN_DATANODEDETAILS (version = 7), software layout = HADOOP_PRC_PORTS_IN_DATANODEDETAILS (version = 7)
2024-07-06 11:53:56,711 [main] INFO  ha.SequenceIdGenerator (SequenceIdGenerator.java:upgradeToSequenceId(369)) - upgrade localId to 113750153625600000
2024-07-06 11:53:56,712 [main] INFO  ha.SequenceIdGenerator (SequenceIdGenerator.java:upgradeToSequenceId(379)) - upgrade delTxnId to 0
2024-07-06 11:53:56,713 [main] INFO  ha.SequenceIdGenerator (SequenceIdGenerator.java:upgradeToSequenceId(396)) - upgrade containerId to 0
2024-07-06 11:53:56,714 [main] INFO  ha.SequenceIdGenerator (SequenceIdGenerator.java:upgradeToCertificateSequenceId(433)) - upgrade CertificateId to 2
2024-07-06 11:53:56,715 [main] INFO  ha.SequenceIdGenerator (SequenceIdGenerator.java:<init>(240)) - Init the HA SequenceIdGenerator.
2024-07-06 11:53:56,715 [main] WARN  server.ServerUtils (ServerUtils.java:sanitizeUserArgs(79)) - ozone.scm.stale.node.interval value = 300000 is larger than max = 100000 based on the key value of ozone.scm.heartbeat.thread.interval, reset to the max value 100000.
2024-07-06 11:53:56,715 [main] WARN  server.ServerUtils (ServerUtils.java:sanitizeUserArgs(79)) - ozone.scm.stale.node.interval value = 300000 is larger than max = 100000 based on the key value of ozone.scm.heartbeat.thread.interval, reset to the max value 100000.
2024-07-06 11:53:56,716 [main] INFO  node.SCMNodeManager (SCMNodeManager.java:<init>(177)) - Entering startup safe mode.
2024-07-06 11:53:56,717 [main] INFO  algorithms.ContainerPlacementPolicyFactory (ContainerPlacementPolicyFactory.java:getPolicyInternal(86)) - Create container placement policy of type org.apache.hadoop.hdds.scm.container.placement.algorithms.SCMContainerPlacementRackAware
2024-07-06 11:53:56,717 [main] INFO  algorithms.ContainerPlacementPolicyFactory (ContainerPlacementPolicyFactory.java:getPolicyInternal(86)) - Create container placement policy of type org.apache.hadoop.hdds.scm.container.placement.algorithms.SCMContainerPlacementRackScatter
2024-07-06 11:53:56,718 [main] INFO  pipeline.PipelineStateManagerImpl (PipelineStateManagerImpl.java:initialize(78)) - No pipeline exists in current db
2024-07-06 11:53:56,718 [main] INFO  algorithms.LeaderChoosePolicyFactory (LeaderChoosePolicyFactory.java:getPolicy(57)) - Create leader choose policy of type org.apache.hadoop.hdds.scm.pipeline.leader.choose.algorithms.MinLeaderCountChoosePolicy
2024-07-06 11:53:56,718 [main] INFO  algorithms.ContainerPlacementPolicyFactory (ContainerPlacementPolicyFactory.java:getPolicyInternal(86)) - Create container placement policy of type org.apache.hadoop.hdds.scm.container.placement.algorithms.SCMContainerPlacementRackScatter
2024-07-06 11:53:56,718 [main] INFO  ha.SCMServiceManager (SCMServiceManager.java:register(42)) - Registering service BackgroundPipelineCreator.
2024-07-06 11:53:56,718 [main] INFO  pipeline.BackgroundPipelineCreator (BackgroundPipelineCreator.java:start(127)) - Starting scmNode-3-RatisPipelineUtilsThread.
2024-07-06 11:53:56,719 [main] INFO  BackgroundPipelineScrubber (BackgroundSCMService.java:start(65)) - Starting BackgroundPipelineScrubber Service.
2024-07-06 11:53:56,721 [main] INFO  ha.SCMServiceManager (SCMServiceManager.java:register(42)) - Registering service BackgroundPipelineScrubber.
2024-07-06 11:53:56,721 [main] INFO  ExpiredContainerReplicaOpScrubber (BackgroundSCMService.java:start(65)) - Starting ExpiredContainerReplicaOpScrubber Service.
2024-07-06 11:53:56,721 [main] INFO  ha.SCMServiceManager (SCMServiceManager.java:register(42)) - Registering service ExpiredContainerReplicaOpScrubber.
2024-07-06 11:53:56,723 [main] INFO  algorithms.PipelineChoosePolicyFactory (PipelineChoosePolicyFactory.java:createPipelineChoosePolicyFromClass(80)) - Create pipeline choose policy of type org.apache.hadoop.hdds.scm.pipeline.choose.algorithms.RandomPipelineChoosePolicy
2024-07-06 11:53:56,723 [main] INFO  algorithms.PipelineChoosePolicyFactory (PipelineChoosePolicyFactory.java:createPipelineChoosePolicyFromClass(80)) - Create pipeline choose policy of type org.apache.hadoop.hdds.scm.pipeline.choose.algorithms.RandomPipelineChoosePolicy
2024-07-06 11:53:56,724 [main] INFO  ha.SCMServiceManager (SCMServiceManager.java:register(42)) - Registering service SCMBlockDeletingService.
2024-07-06 11:53:56,725 [main] INFO  replication.ReplicationManager (ReplicationManager.java:start(296)) - Starting Replication Monitor Thread.
2024-07-06 11:53:56,737 [main] INFO  ha.SCMServiceManager (SCMServiceManager.java:register(42)) - Registering service ReplicationManager.
2024-07-06 11:53:56,738 [main] INFO  safemode.ContainerSafeModeRule (ContainerSafeModeRule.java:<init>(91)) - containers with one replica threshold count 0
2024-07-06 11:53:56,739 [main] INFO  safemode.HealthyPipelineSafeModeRule (HealthyPipelineSafeModeRule.java:initializeRule(176)) - Total pipeline count is 0, healthy pipeline threshold count is 1
2024-07-06 11:53:56,740 [main] INFO  safemode.OneReplicaPipelineSafeModeRule (OneReplicaPipelineSafeModeRule.java:initializeRule(193)) - Total pipeline count is 0, pipeline's with at least one datanode reported threshold count is 0
2024-07-06 11:53:56,749 [main] INFO  security.SecretKeyManagerService (SecretKeyManagerService.java:start(144)) - Scheduling rotation checker with interval PT0.1S
2024-07-06 11:53:56,749 [main] INFO  ha.SCMServiceManager (SCMServiceManager.java:register(42)) - Registering service SecretKeyManagerService.
2024-07-06 11:53:56,750 [main] INFO  authority.DefaultCAServer (DefaultCAServer.java:lambda$processVerificationStatus$0(397)) - CertificateServer validation is successful
2024-07-06 11:53:56,750 [main] INFO  ipc.CallQueueManager (CallQueueManager.java:<init>(90)) - Using callQueue: class java.util.concurrent.LinkedBlockingQueue, queueCapacity: 200, scheduler: class org.apache.hadoop.ipc.DefaultRpcScheduler, ipcBackoff: false.
2024-07-06 11:53:56,751 [main] INFO  ipc.Server (Server.java:<init>(1287)) - Listener at 0.0.0.0:15018
2024-07-06 11:53:56,751 [Socket Reader #1 for port 15018] INFO  ipc.Server (Server.java:run(1323)) - Starting Socket Reader #1 for port 15018
2024-07-06 11:53:56,764 [main] INFO  server.StorageContainerManager (StorageContainerManager.java:<init>(440)) - SCM start with adminUsers: [runner, scm]
2024-07-06 11:53:56,764 [main] INFO  ipc.CallQueueManager (CallQueueManager.java:<init>(90)) - Using callQueue: class java.util.concurrent.LinkedBlockingQueue, queueCapacity: 10000, scheduler: class org.apache.hadoop.ipc.DefaultRpcScheduler, ipcBackoff: false.
2024-07-06 11:53:56,764 [main] INFO  ipc.Server (Server.java:<init>(1287)) - Listener at 0.0.0.0:15020
2024-07-06 11:53:56,765 [Socket Reader #1 for port 15020] INFO  ipc.Server (Server.java:run(1323)) - Starting Socket Reader #1 for port 15020
2024-07-06 11:53:56,772 [main] INFO  ipc.CallQueueManager (CallQueueManager.java:<init>(90)) - Using callQueue: class java.util.concurrent.LinkedBlockingQueue, queueCapacity: 10000, scheduler: class org.apache.hadoop.ipc.DefaultRpcScheduler, ipcBackoff: false.
2024-07-06 11:53:56,772 [main] INFO  ipc.Server (Server.java:<init>(1287)) - Listener at 0.0.0.0:15023
2024-07-06 11:53:56,772 [Socket Reader #1 for port 15023] INFO  ipc.Server (Server.java:run(1323)) - Starting Socket Reader #1 for port 15023
2024-07-06 11:53:56,776 [main] INFO  ipc.CallQueueManager (CallQueueManager.java:<init>(90)) - Using callQueue: class java.util.concurrent.LinkedBlockingQueue, queueCapacity: 10000, scheduler: class org.apache.hadoop.ipc.DefaultRpcScheduler, ipcBackoff: false.
2024-07-06 11:53:56,776 [main] INFO  ipc.Server (Server.java:<init>(1287)) - Listener at 0.0.0.0:15021
2024-07-06 11:53:56,777 [Socket Reader #1 for port 15021] INFO  ipc.Server (Server.java:run(1323)) - Starting Socket Reader #1 for port 15021
2024-07-06 11:53:56,802 [main] INFO  ha.SCMServiceManager (SCMServiceManager.java:register(42)) - Registering service ContainerBalancer.
2024-07-06 11:53:56,802 [main] INFO  ha.SCMContext (SCMContext.java:updateSafeModeStatus(225)) - Update SafeModeStatus from SafeModeStatus{safeModeStatus=true, preCheckPassed=false} to SafeModeStatus{safeModeStatus=true, preCheckPassed=false}.
2024-07-06 11:53:56,803 [main] INFO  server.StorageContainerManager (StorageContainerManager.java:start(1538)) - StorageContainerLocationProtocol RPC server is listening at /0.0.0.0:15021
2024-07-06 11:53:56,803 [main] INFO  ha.SCMRatisServerImpl (SCMRatisServerImpl.java:start(192)) - starting ratis server 0.0.0.0:15019
2024-07-06 11:53:56,803 [39a46239-dc5f-49f3-8624-e36d450519bc-impl-thread1] INFO  server.RaftServerConfigKeys (ConfUtils.java:logGet(46)) - raft.server.storage.free-space.min = 0MB (=0) (default)
2024-07-06 11:53:56,804 [39a46239-dc5f-49f3-8624-e36d450519bc-impl-thread1] INFO  server.RaftServerConfigKeys (ConfUtils.java:logGet(46)) - raft.server.log.corruption.policy = EXCEPTION (default)
2024-07-06 11:53:56,804 [39a46239-dc5f-49f3-8624-e36d450519bc-impl-thread1] INFO  server.RaftServerConfigKeys (ConfUtils.java:logGet(46)) - raft.server.storage.dir = [/home/runner/work/ozone/ozone/hadoop-ozone/integration-test/target/test-dir/MiniOzoneClusterImpl-23934d72-33be-4118-bcff-1eb1b476413a/scmNode-3/scm-ha] (custom)
2024-07-06 11:53:56,804 [39a46239-dc5f-49f3-8624-e36d450519bc-impl-thread1] INFO  storage.RaftStorageDirectory (RaftStorageDirectoryImpl.java:analyzeStorage(138)) - The storage directory /home/runner/work/ozone/ozone/hadoop-ozone/integration-test/target/test-dir/MiniOzoneClusterImpl-23934d72-33be-4118-bcff-1eb1b476413a/scmNode-3/scm-ha/23934d72-33be-4118-bcff-1eb1b476413a does not exist. Creating ...
2024-07-06 11:53:56,806 [39a46239-dc5f-49f3-8624-e36d450519bc-impl-thread1] INFO  storage.RaftStorageDirectory (RaftStorageDirectoryImpl.java:tryLock(229)) - Lock on /home/runner/work/ozone/ozone/hadoop-ozone/integration-test/target/test-dir/MiniOzoneClusterImpl-23934d72-33be-4118-bcff-1eb1b476413a/scmNode-3/scm-ha/23934d72-33be-4118-bcff-1eb1b476413a/in_use.lock acquired by nodename 98265@fv-az1041-405
2024-07-06 11:53:56,806 [39a46239-dc5f-49f3-8624-e36d450519bc-impl-thread1] INFO  storage.RaftStorage (RaftStorageImpl.java:format(98)) - Storage directory /home/runner/work/ozone/ozone/hadoop-ozone/integration-test/target/test-dir/MiniOzoneClusterImpl-23934d72-33be-4118-bcff-1eb1b476413a/scmNode-3/scm-ha/23934d72-33be-4118-bcff-1eb1b476413a has been successfully formatted.
2024-07-06 11:53:56,807 [39a46239-dc5f-49f3-8624-e36d450519bc-impl-thread1] INFO  server.RaftServerConfigKeys (ConfUtils.java:logGet(46)) - raft.server.log.use.memory = false (default)
2024-07-06 11:53:56,807 [39a46239-dc5f-49f3-8624-e36d450519bc-impl-thread1] INFO  server.RaftServerConfigKeys (ConfUtils.java:logGet(46)) - raft.server.log.purge.gap = 1000000 (custom)
2024-07-06 11:53:56,807 [39a46239-dc5f-49f3-8624-e36d450519bc-impl-thread1] INFO  server.RaftServerConfigKeys (ConfUtils.java:logGet(46)) - raft.server.log.appender.buffer.byte-limit = 4194304 (custom)
2024-07-06 11:53:56,807 [39a46239-dc5f-49f3-8624-e36d450519bc-impl-thread1] INFO  server.RaftServerConfigKeys (ConfUtils.java:logGet(46)) - raft.server.log.statemachine.data.read.timeout = 1000ms (default)
2024-07-06 11:53:56,807 [39a46239-dc5f-49f3-8624-e36d450519bc-impl-thread1] INFO  server.RaftServerConfigKeys (ConfUtils.java:logGet(46)) - raft.server.log.purge.preservation.log.num = 0 (default)
2024-07-06 11:53:56,808 [39a46239-dc5f-49f3-8624-e36d450519bc-impl-thread1] INFO  server.RaftServerConfigKeys (ConfUtils.java:logGet(46)) - raft.server.log.segment.size.max = 4194304 (custom)
2024-07-06 11:53:56,809 [39a46239-dc5f-49f3-8624-e36d450519bc-impl-thread1] INFO  server.RaftServerConfigKeys (ConfUtils.java:logGet(46)) - raft.server.log.segment.cache.num.max = 2 (custom)
2024-07-06 11:53:56,809 [39a46239-dc5f-49f3-8624-e36d450519bc-impl-thread1] INFO  server.RaftServerConfigKeys (ConfUtils.java:logGet(46)) - raft.server.log.segment.cache.size.max = 200MB (=209715200) (default)
2024-07-06 11:53:56,809 [39a46239-dc5f-49f3-8624-e36d450519bc-impl-thread1] INFO  server.RaftServerConfigKeys (ConfUtils.java:logGet(46)) - raft.server.log.appender.buffer.byte-limit = 4194304 (custom)
2024-07-06 11:53:56,809 [39a46239-dc5f-49f3-8624-e36d450519bc-impl-thread1] INFO  util.AwaitToRun (AwaitToRun.java:start(81)) - Thread[39a46239-dc5f-49f3-8624-e36d450519bc@group-1EB1B476413A-cacheEviction-AwaitToRun,5,main] started
2024-07-06 11:53:56,809 [39a46239-dc5f-49f3-8624-e36d450519bc-impl-thread1] INFO  segmented.SegmentedRaftLogWorker (SegmentedRaftLogWorker.java:<init>(184)) - new 39a46239-dc5f-49f3-8624-e36d450519bc@group-1EB1B476413A-SegmentedRaftLogWorker for RaftStorageImpl:Storage Directory /home/runner/work/ozone/ozone/hadoop-ozone/integration-test/target/test-dir/MiniOzoneClusterImpl-23934d72-33be-4118-bcff-1eb1b476413a/scmNode-3/scm-ha/23934d72-33be-4118-bcff-1eb1b476413a
2024-07-06 11:53:56,810 [39a46239-dc5f-49f3-8624-e36d450519bc-impl-thread1] INFO  server.RaftServerConfigKeys (ConfUtils.java:logGet(46)) - raft.server.log.queue.byte-limit = 64MB (=67108864) (default)
2024-07-06 11:53:56,810 [39a46239-dc5f-49f3-8624-e36d450519bc-impl-thread1] INFO  server.RaftServerConfigKeys (ConfUtils.java:logGet(46)) - raft.server.log.queue.element-limit = 4096 (default)
2024-07-06 11:53:56,810 [39a46239-dc5f-49f3-8624-e36d450519bc-impl-thread1] INFO  server.RaftServerConfigKeys (ConfUtils.java:logGet(46)) - raft.server.log.segment.size.max = 4194304 (custom)
2024-07-06 11:53:56,810 [39a46239-dc5f-49f3-8624-e36d450519bc-impl-thread1] INFO  server.RaftServerConfigKeys (ConfUtils.java:logGet(46)) - raft.server.log.preallocated.size = 4194304 (custom)
2024-07-06 11:53:56,810 [39a46239-dc5f-49f3-8624-e36d450519bc-impl-thread1] INFO  server.RaftServerConfigKeys (ConfUtils.java:logGet(46)) - raft.server.log.force.sync.num = 128 (default)
2024-07-06 11:53:56,810 [39a46239-dc5f-49f3-8624-e36d450519bc-impl-thread1] INFO  server.RaftServerConfigKeys (ConfUtils.java:logGet(46)) - raft.server.log.statemachine.data.sync = true (default)
2024-07-06 11:53:56,810 [39a46239-dc5f-49f3-8624-e36d450519bc-impl-thread1] INFO  server.RaftServerConfigKeys (ConfUtils.java:logGet(46)) - raft.server.log.statemachine.data.sync.timeout = 10s (default)
2024-07-06 11:53:56,810 [39a46239-dc5f-49f3-8624-e36d450519bc-impl-thread1] INFO  server.RaftServerConfigKeys (ConfUtils.java:logGet(46)) - raft.server.log.statemachine.data.sync.timeout.retry = -1 (default)
2024-07-06 11:53:56,811 [39a46239-dc5f-49f3-8624-e36d450519bc-impl-thread1] INFO  server.RaftServerConfigKeys (ConfUtils.java:logGet(46)) - raft.server.log.write.buffer.size = 4194312 (custom)
2024-07-06 11:53:56,811 [39a46239-dc5f-49f3-8624-e36d450519bc-impl-thread1] INFO  server.RaftServerConfigKeys (ConfUtils.java:logGet(46)) - raft.server.log.appender.buffer.byte-limit = 4194304 (custom)
2024-07-06 11:53:56,811 [39a46239-dc5f-49f3-8624-e36d450519bc-impl-thread1] INFO  server.RaftServerConfigKeys (ConfUtils.java:logGet(46)) - raft.server.log.unsafe-flush.enabled = false (default)
2024-07-06 11:53:56,812 [39a46239-dc5f-49f3-8624-e36d450519bc-impl-thread1] INFO  server.RaftServerConfigKeys (ConfUtils.java:logGet(46)) - raft.server.log.async-flush.enabled = false (default)
2024-07-06 11:53:56,812 [39a46239-dc5f-49f3-8624-e36d450519bc-impl-thread1] INFO  server.RaftServerConfigKeys (ConfUtils.java:logGet(46)) - raft.server.log.statemachine.data.caching.enabled = false (default)
2024-07-06 11:53:56,812 [39a46239-dc5f-49f3-8624-e36d450519bc-impl-thread1] INFO  segmented.SegmentedRaftLogWorker (SegmentedRaftLogWorker.java:lambda$new$0(135)) - 39a46239-dc5f-49f3-8624-e36d450519bc@group-1EB1B476413A-SegmentedRaftLogWorker: flushIndex: setUnconditionally 0 -> -1
2024-07-06 11:53:56,812 [39a46239-dc5f-49f3-8624-e36d450519bc-impl-thread1] INFO  segmented.SegmentedRaftLogWorker (SegmentedRaftLogWorker.java:lambda$new$0(135)) - 39a46239-dc5f-49f3-8624-e36d450519bc@group-1EB1B476413A-SegmentedRaftLogWorker: safeCacheEvictIndex: setUnconditionally 0 -> -1
2024-07-06 11:53:56,812 [39a46239-dc5f-49f3-8624-e36d450519bc-impl-thread1] INFO  server.RaftServer$Division (RaftServerImpl.java:start(395)) - 39a46239-dc5f-49f3-8624-e36d450519bc@group-1EB1B476413A: start with initializing state, conf=conf: {index: -1, cur=peers:[]|listeners:[], old=null}
2024-07-06 11:53:56,812 [39a46239-dc5f-49f3-8624-e36d450519bc-impl-thread1] INFO  server.RaftServer$Division (RaftServerImpl.java:setRole(376)) - 39a46239-dc5f-49f3-8624-e36d450519bc@group-1EB1B476413A: changes role from      null to FOLLOWER at term 0 for start
2024-07-06 11:53:56,813 [39a46239-dc5f-49f3-8624-e36d450519bc-impl-thread1] INFO  util.JmxRegister (JmxRegister.java:tryRegister(44)) - Successfully registered JMX Bean with object name Ratis:service=RaftServer,group=group-1EB1B476413A,id=39a46239-dc5f-49f3-8624-e36d450519bc
2024-07-06 11:53:56,813 [39a46239-dc5f-49f3-8624-e36d450519bc-impl-thread1] INFO  util.JmxRegister (JmxRegister.java:register(58)) - register mxBean class org.apache.ratis.server.impl.RaftServerJmxAdapter as Ratis:service=RaftServer,group=group-1EB1B476413A,id=39a46239-dc5f-49f3-8624-e36d450519bc
2024-07-06 11:53:56,813 [39a46239-dc5f-49f3-8624-e36d450519bc-impl-thread1] INFO  server.RaftServerConfigKeys (ConfUtils.java:logGet(46)) - raft.server.snapshot.trigger-when-stop.enabled = true (default)
2024-07-06 11:53:56,813 [39a46239-dc5f-49f3-8624-e36d450519bc-impl-thread1] INFO  server.RaftServerConfigKeys (ConfUtils.java:logGet(46)) - raft.server.snapshot.trigger-when-remove.enabled = true (default)
2024-07-06 11:53:56,813 [39a46239-dc5f-49f3-8624-e36d450519bc-impl-thread1] INFO  server.RaftServerConfigKeys (ConfUtils.java:logGet(46)) - raft.server.snapshot.auto.trigger.enabled = true (custom)
2024-07-06 11:53:56,813 [39a46239-dc5f-49f3-8624-e36d450519bc-impl-thread1] INFO  server.RaftServerConfigKeys (ConfUtils.java:logGet(46)) - raft.server.snapshot.auto.trigger.threshold = 1000 (custom)
2024-07-06 11:53:56,813 [39a46239-dc5f-49f3-8624-e36d450519bc-impl-thread1] INFO  server.RaftServerConfigKeys (ConfUtils.java:logGet(46)) - raft.server.snapshot.retention.file.num = -1 (default)
2024-07-06 11:53:56,813 [39a46239-dc5f-49f3-8624-e36d450519bc-impl-thread1] INFO  server.RaftServerConfigKeys (ConfUtils.java:logGet(46)) - raft.server.log.purge.upto.snapshot.index = false (default)
2024-07-06 11:53:56,816 [main] INFO  server.RaftServer (RaftServerProxy.java:startImpl(408)) - 39a46239-dc5f-49f3-8624-e36d450519bc: start RPC server
2024-07-06 11:53:56,817 [main] INFO  server.GrpcService (GrpcService.java:startImpl(302)) - 39a46239-dc5f-49f3-8624-e36d450519bc: GrpcService started, listening on 15019
2024-07-06 11:53:56,817 [JvmPauseMonitor3] INFO  util.JvmPauseMonitor (JvmPauseMonitor.java:run(146)) - JvmPauseMonitor-39a46239-dc5f-49f3-8624-e36d450519bc: Started
2024-07-06 11:53:56,818 [main] INFO  ha.SCMNodeInfo (SCMNodeInfo.java:getPort(197)) - ConfigKey ozone.scm.client.address is deprecated, For configuring different ports for each SCM use PortConfigKey ozone.scm.client.port appended with serviceId and nodeId
2024-07-06 11:53:56,818 [main] INFO  ha.SCMNodeInfo (SCMNodeInfo.java:getPort(197)) - ConfigKey ozone.scm.block.client.address is deprecated, For configuring different ports for each SCM use PortConfigKey ozone.scm.block.client.port appended with serviceId and nodeId
2024-07-06 11:53:56,818 [main] INFO  ha.SCMNodeInfo (SCMNodeInfo.java:getPort(197)) - ConfigKey ozone.scm.security.service.address is deprecated, For configuring different ports for each SCM use PortConfigKey ozone.scm.security.service.port appended with serviceId and nodeId
2024-07-06 11:53:56,818 [main] INFO  ha.SCMNodeInfo (SCMNodeInfo.java:getPort(197)) - ConfigKey ozone.scm.datanode.address is deprecated, For configuring different ports for each SCM use PortConfigKey ozone.scm.datanode.port appended with serviceId and nodeId
2024-07-06 11:53:56,818 [main] INFO  ha.SCMNodeInfo (SCMNodeInfo.java:getPort(197)) - ConfigKey ozone.scm.client.address is deprecated, For configuring different ports for each SCM use PortConfigKey ozone.scm.client.port appended with serviceId and nodeId
2024-07-06 11:53:56,818 [main] INFO  ha.SCMNodeInfo (SCMNodeInfo.java:getPort(197)) - ConfigKey ozone.scm.block.client.address is deprecated, For configuring different ports for each SCM use PortConfigKey ozone.scm.block.client.port appended with serviceId and nodeId
2024-07-06 11:53:56,819 [main] INFO  ha.SCMNodeInfo (SCMNodeInfo.java:getPort(197)) - ConfigKey ozone.scm.security.service.address is deprecated, For configuring different ports for each SCM use PortConfigKey ozone.scm.security.service.port appended with serviceId and nodeId
2024-07-06 11:53:56,819 [main] INFO  ha.SCMNodeInfo (SCMNodeInfo.java:getPort(197)) - ConfigKey ozone.scm.datanode.address is deprecated, For configuring different ports for each SCM use PortConfigKey ozone.scm.datanode.port appended with serviceId and nodeId
2024-07-06 11:53:56,819 [main] INFO  proxy.SCMBlockLocationFailoverProxyProvider (SCMBlockLocationFailoverProxyProvider.java:<init>(115)) - Created block location fail-over proxy with 2 nodes: [nodeId=scmNode-2,nodeAddress=/127.0.0.1:15015, nodeId=scmNode-1,nodeAddress=/127.0.0.1:15007]
2024-07-06 11:53:56,829 [pool-1-thread-2] INFO  request.TgsRequest (TgsRequest.java:issueTicket(115)) - TGS_REQ ISSUE: authtime 1720266836829,scm/fv-az1041-405.cgqmq5qunpnelbz5tk1v55v5te.bx.internal.cloudapp.net for scm/fv-az1041-405.cgqmq5qunpnelbz5tk1v55v5te.bx.internal.cloudapp.net@EXAMPLE.COM
2024-07-06 11:53:56,837 [Socket Reader #1 for port 15007] INFO  ipc.Server (Server.java:saslProcess(2139)) - Auth successful for scm/fv-az1041-405.cgqmq5qunpnelbz5tk1v55v5te.bx.internal.cloudapp.net@EXAMPLE.COM (auth:KERBEROS) from fv-az1041-405.cgqmq5qunpnelbz5tk1v55v5te.bx.internal.cloudapp.net:36883 / 10.1.0.11:36883
2024-07-06 11:53:56,838 [Socket Reader #1 for port 15007] INFO  authorize.ServiceAuthorizationManager (ServiceAuthorizationManager.java:authorize(137)) - Authorization successful for scm/fv-az1041-405.cgqmq5qunpnelbz5tk1v55v5te.bx.internal.cloudapp.net@EXAMPLE.COM (auth:KERBEROS) for protocol=interface org.apache.hadoop.hdds.scm.protocol.ScmBlockLocationProtocol
2024-07-06 11:53:56,838 [IPC Server handler 3 on default port 15007] INFO  ha.SCMRatisServerImpl (SCMRatisServerImpl.java:addSCM(317)) - eb66df86-6ffc-4e53-b873-cb2b44d5f35d: Submitting SetConfiguration request to Ratis server with new SCM peers list: [41075d7a-0d70-4fa2-ba46-cbc672699b06|localhost:15011, eb66df86-6ffc-4e53-b873-cb2b44d5f35d|localhost:15003, 39a46239-dc5f-49f3-8624-e36d450519bc|localhost:15019]
2024-07-06 11:53:56,838 [IPC Server handler 3 on default port 15007] INFO  server.RaftServer$Division (RaftServerImpl.java:setConfigurationAsync(1305)) - eb66df86-6ffc-4e53-b873-cb2b44d5f35d@group-1EB1B476413A: receive setConfiguration SetConfigurationRequest:client-DC632CDE1FE1->eb66df86-6ffc-4e53-b873-cb2b44d5f35d@group-1EB1B476413A, cid=10, seq=null, RW, null, SET_UNCONDITIONALLY, servers:[41075d7a-0d70-4fa2-ba46-cbc672699b06|localhost:15011, eb66df86-6ffc-4e53-b873-cb2b44d5f35d|localhost:15003, 39a46239-dc5f-49f3-8624-e36d450519bc|localhost:15019], listeners:[]
2024-07-06 11:53:56,839 [IPC Server handler 3 on default port 15007] INFO  server.RaftServer$Division (LeaderStateImpl.java:startSetConfiguration(488)) - eb66df86-6ffc-4e53-b873-cb2b44d5f35d@group-1EB1B476413A-LeaderStateImpl: startSetConfiguration SetConfigurationRequest:client-DC632CDE1FE1->eb66df86-6ffc-4e53-b873-cb2b44d5f35d@group-1EB1B476413A, cid=10, seq=null, RW, null, SET_UNCONDITIONALLY, servers:[41075d7a-0d70-4fa2-ba46-cbc672699b06|localhost:15011, eb66df86-6ffc-4e53-b873-cb2b44d5f35d|localhost:15003, 39a46239-dc5f-49f3-8624-e36d450519bc|localhost:15019], listeners:[]
2024-07-06 11:53:56,839 [IPC Server handler 3 on default port 15007] INFO  server.RaftServerConfigKeys (ConfUtils.java:logGet(46)) - raft.server.log.appender.snapshot.chunk.size.max = 16MB (=16777216) (default)
2024-07-06 11:53:56,839 [IPC Server handler 3 on default port 15007] INFO  server.RaftServerConfigKeys (ConfUtils.java:logGet(46)) - raft.server.log.appender.buffer.byte-limit = 4194304 (custom)
2024-07-06 11:53:56,839 [IPC Server handler 3 on default port 15007] INFO  server.RaftServerConfigKeys (ConfUtils.java:logGet(46)) - raft.server.log.appender.buffer.element-limit = 1024 (custom)
2024-07-06 11:53:56,840 [IPC Server handler 3 on default port 15007] INFO  server.RaftServerConfigKeys (ConfUtils.java:logGet(46)) - raft.server.log.appender.wait-time.min = 0ms (custom)
2024-07-06 11:53:56,840 [IPC Server handler 3 on default port 15007] INFO  grpc.GrpcConfigKeys (ConfUtils.java:logGet(46)) - raft.grpc.server.leader.outstanding.appends.max = 8 (default)
2024-07-06 11:53:56,840 [IPC Server handler 3 on default port 15007] INFO  server.RaftServerConfigKeys (ConfUtils.java:logGet(46)) - raft.server.rpc.request.timeout = 30000ms (custom)
2024-07-06 11:53:56,840 [IPC Server handler 3 on default port 15007] INFO  grpc.GrpcConfigKeys (ConfUtils.java:logGet(46)) - raft.grpc.server.install_snapshot.request.element-limit = 8 (default)
2024-07-06 11:53:56,840 [IPC Server handler 3 on default port 15007] INFO  grpc.GrpcConfigKeys (ConfUtils.java:logGet(46)) - raft.grpc.server.install_snapshot.request.timeout = 3000ms (default)
2024-07-06 11:53:56,840 [IPC Server handler 3 on default port 15007] INFO  grpc.GrpcConfigKeys (ConfUtils.java:logGet(46)) - raft.grpc.server.log-message.batch.duration = 5s (default)
2024-07-06 11:53:56,840 [IPC Server handler 3 on default port 15007] INFO  server.RaftServerConfigKeys (ConfUtils.java:logGet(46)) - raft.server.log.appender.install.snapshot.enabled = false (custom)
2024-07-06 11:53:56,840 [IPC Server handler 3 on default port 15007] INFO  grpc.GrpcConfigKeys (ConfUtils.java:logGet(46)) - raft.grpc.server.heartbeat.channel = true (default)
2024-07-06 11:53:56,841 [eb66df86-6ffc-4e53-b873-cb2b44d5f35d@group-1EB1B476413A->39a46239-dc5f-49f3-8624-e36d450519bc-GrpcLogAppender-LogAppenderDaemon] INFO  server.GrpcLogAppender (GrpcLogAppender.java:notifyInstallSnapshot(790)) - eb66df86-6ffc-4e53-b873-cb2b44d5f35d@group-1EB1B476413A->39a46239-dc5f-49f3-8624-e36d450519bc-GrpcLogAppender: notifyInstallSnapshot with firstAvailable=(t:1, i:0), followerNextIndex=0
2024-07-06 11:53:56,841 [eb66df86-6ffc-4e53-b873-cb2b44d5f35d@group-1EB1B476413A->39a46239-dc5f-49f3-8624-e36d450519bc-GrpcLogAppender-LogAppenderDaemon] INFO  server.GrpcLogAppender (GrpcLogAppender.java:notifyInstallSnapshot(798)) - eb66df86-6ffc-4e53-b873-cb2b44d5f35d@group-1EB1B476413A->39a46239-dc5f-49f3-8624-e36d450519bc-GrpcLogAppender: send eb66df86-6ffc-4e53-b873-cb2b44d5f35d->39a46239-dc5f-49f3-8624-e36d450519bc#0-t2,notify:(t:1, i:0)
2024-07-06 11:53:56,841 [eb66df86-6ffc-4e53-b873-cb2b44d5f35d@group-1EB1B476413A->39a46239-dc5f-49f3-8624-e36d450519bc-GrpcLogAppender-LogAppenderDaemon] INFO  server.GrpcServerProtocolClient (GrpcServerProtocolClient.java:<init>(65)) - Build channel for 39a46239-dc5f-49f3-8624-e36d450519bc|localhost:15019
2024-07-06 11:53:56,847 [grpc-default-executor-2] INFO  impl.SnapshotInstallationHandler (SnapshotInstallationHandler.java:installSnapshot(92)) - 39a46239-dc5f-49f3-8624-e36d450519bc@group-1EB1B476413A: receive installSnapshot: eb66df86-6ffc-4e53-b873-cb2b44d5f35d->39a46239-dc5f-49f3-8624-e36d450519bc#0-t2,notify:(t:1, i:0)
2024-07-06 11:53:56,848 [grpc-default-executor-2] INFO  server.RaftServer$Division (RaftServerImpl.java:setFirstElection(549)) - 39a46239-dc5f-49f3-8624-e36d450519bc@group-1EB1B476413A: set firstElectionSinceStartup to false for installSnapshot
2024-07-06 11:53:56,848 [grpc-default-executor-2] INFO  ha.SCMStateMachine (SCMStateMachine.java:notifyLeaderChanged(288)) - leader changed, yet current SCM is still follower.
2024-07-06 11:53:56,848 [grpc-default-executor-2] INFO  server.RaftServer$Division (ServerState.java:setLeader(272)) - 39a46239-dc5f-49f3-8624-e36d450519bc@group-1EB1B476413A: change Leader from null to eb66df86-6ffc-4e53-b873-cb2b44d5f35d at term 2 for installSnapshot, leader elected after 146ms
2024-07-06 11:53:56,848 [grpc-default-executor-2] INFO  impl.SnapshotInstallationHandler (SnapshotInstallationHandler.java:notifyStateMachineToInstallSnapshot(222)) - 39a46239-dc5f-49f3-8624-e36d450519bc@group-1EB1B476413A: Received notification to install snapshot at index 0
2024-07-06 11:53:56,848 [grpc-default-executor-2] INFO  impl.SnapshotInstallationHandler (SnapshotInstallationHandler.java:notifyStateMachineToInstallSnapshot(256)) - 39a46239-dc5f-49f3-8624-e36d450519bc@group-1EB1B476413A: notifyInstallSnapshot: nextIndex is 0 but the leader's first available index is 0.
2024-07-06 11:53:56,848 [grpc-default-executor-2] INFO  ha.SCMStateMachine (SCMStateMachine.java:notifyInstallSnapshotFromLeader(241)) - Received install snapshot notification from SCM leader: localhost:15003 with term index: (t:1, i:0)
2024-07-06 11:53:56,849 [scmNode-3-SCMInstallSnapshot-0] INFO  ha.SCMHAManagerImpl (SCMHAManagerImpl.java:getDBCheckpointFromLeader(267)) - Downloading checkpoint from leader SCM scmNode-1 and reloading state from the checkpoint.
2024-07-06 11:53:56,849 [grpc-default-executor-2] INFO  impl.SnapshotInstallationHandler (SnapshotInstallationHandler.java:installSnapshotImpl(138)) - 39a46239-dc5f-49f3-8624-e36d450519bc@group-1EB1B476413A: set new configuration index: 23
configurationEntry {
  peers {
    id: "41075d7a-0d70-4fa2-ba46-cbc672699b06"
    address: "localhost:15011"
    startupRole: FOLLOWER
  }
  peers {
    id: "eb66df86-6ffc-4e53-b873-cb2b44d5f35d"
    address: "localhost:15003"
    startupRole: FOLLOWER
  }
}
 from snapshot
2024-07-06 11:53:56,849 [grpc-default-executor-2] INFO  server.RaftServer$Division (ServerState.java:setRaftConf(386)) - 39a46239-dc5f-49f3-8624-e36d450519bc@group-1EB1B476413A: set configuration conf: {index: 23, cur=peers:[41075d7a-0d70-4fa2-ba46-cbc672699b06|localhost:15011, eb66df86-6ffc-4e53-b873-cb2b44d5f35d|localhost:15003]|listeners:[], old=null}
2024-07-06 11:53:56,850 [grpc-default-executor-2] INFO  impl.SnapshotInstallationHandler (SnapshotInstallationHandler.java:installSnapshot(103)) - 39a46239-dc5f-49f3-8624-e36d450519bc@group-1EB1B476413A: reply installSnapshot: eb66df86-6ffc-4e53-b873-cb2b44d5f35d<-39a46239-dc5f-49f3-8624-e36d450519bc#0:FAIL-t0,IN_PROGRESS,snapshotIndex=0
2024-07-06 11:53:56,851 [grpc-default-executor-2] INFO  server.GrpcServerProtocolService (GrpcServerProtocolService.java:onCompleted(157)) - 39a46239-dc5f-49f3-8624-e36d450519bc: Completed INSTALL_SNAPSHOT, lastRequest: eb66df86-6ffc-4e53-b873-cb2b44d5f35d->39a46239-dc5f-49f3-8624-e36d450519bc#0-t2,notify:(t:1, i:0)
2024-07-06 11:53:56,851 [grpc-default-executor-2] INFO  server.GrpcServerProtocolService (GrpcServerProtocolService.java:lambda$onCompleted$5(159)) - 39a46239-dc5f-49f3-8624-e36d450519bc: Completed INSTALL_SNAPSHOT, lastReply: null
2024-07-06 11:53:56,851 [grpc-default-executor-3] INFO  server.GrpcLogAppender (GrpcLogAppender.java:onNext(649)) - eb66df86-6ffc-4e53-b873-cb2b44d5f35d@group-1EB1B476413A->39a46239-dc5f-49f3-8624-e36d450519bc-InstallSnapshotResponseHandler: received the first reply eb66df86-6ffc-4e53-b873-cb2b44d5f35d<-39a46239-dc5f-49f3-8624-e36d450519bc#0:FAIL-t0,IN_PROGRESS,snapshotIndex=0
2024-07-06 11:53:56,851 [grpc-default-executor-3] INFO  server.GrpcLogAppender (GrpcLogAppender.java:onNext(665)) - eb66df86-6ffc-4e53-b873-cb2b44d5f35d@group-1EB1B476413A->39a46239-dc5f-49f3-8624-e36d450519bc-InstallSnapshotResponseHandler: InstallSnapshot in progress.
2024-07-06 11:53:56,856 [eb66df86-6ffc-4e53-b873-cb2b44d5f35d@group-1EB1B476413A->39a46239-dc5f-49f3-8624-e36d450519bc-GrpcLogAppender-LogAppenderDaemon] INFO  server.GrpcLogAppender (GrpcLogAppender.java:notifyInstallSnapshot(790)) - eb66df86-6ffc-4e53-b873-cb2b44d5f35d@group-1EB1B476413A->39a46239-dc5f-49f3-8624-e36d450519bc-GrpcLogAppender: notifyInstallSnapshot with firstAvailable=(t:1, i:0), followerNextIndex=0
2024-07-06 11:53:56,856 [eb66df86-6ffc-4e53-b873-cb2b44d5f35d@group-1EB1B476413A->39a46239-dc5f-49f3-8624-e36d450519bc-GrpcLogAppender-LogAppenderDaemon] INFO  server.GrpcLogAppender (GrpcLogAppender.java:notifyInstallSnapshot(798)) - eb66df86-6ffc-4e53-b873-cb2b44d5f35d@group-1EB1B476413A->39a46239-dc5f-49f3-8624-e36d450519bc-GrpcLogAppender: send eb66df86-6ffc-4e53-b873-cb2b44d5f35d->39a46239-dc5f-49f3-8624-e36d450519bc#0-t2,notify:(t:1, i:0)
2024-07-06 11:53:56,858 [grpc-default-executor-0] INFO  impl.SnapshotInstallationHandler (SnapshotInstallationHandler.java:installSnapshot(92)) - 39a46239-dc5f-49f3-8624-e36d450519bc@group-1EB1B476413A: receive installSnapshot: eb66df86-6ffc-4e53-b873-cb2b44d5f35d->39a46239-dc5f-49f3-8624-e36d450519bc#0-t2,notify:(t:1, i:0)
2024-07-06 11:53:56,858 [grpc-default-executor-0] INFO  impl.SnapshotInstallationHandler (SnapshotInstallationHandler.java:installSnapshotImpl(138)) - 39a46239-dc5f-49f3-8624-e36d450519bc@group-1EB1B476413A: set new configuration index: 23
configurationEntry {
  peers {
    id: "41075d7a-0d70-4fa2-ba46-cbc672699b06"
    address: "localhost:15011"
    startupRole: FOLLOWER
  }
  peers {
    id: "eb66df86-6ffc-4e53-b873-cb2b44d5f35d"
    address: "localhost:15003"
    startupRole: FOLLOWER
  }
}
 from snapshot
2024-07-06 11:53:56,859 [grpc-default-executor-0] INFO  server.RaftServer$Division (ServerState.java:setRaftConf(386)) - 39a46239-dc5f-49f3-8624-e36d450519bc@group-1EB1B476413A: set configuration conf: {index: 23, cur=peers:[41075d7a-0d70-4fa2-ba46-cbc672699b06|localhost:15011, eb66df86-6ffc-4e53-b873-cb2b44d5f35d|localhost:15003]|listeners:[], old=null}
2024-07-06 11:53:56,860 [grpc-default-executor-0] INFO  impl.SnapshotInstallationHandler (SnapshotInstallationHandler.java:installSnapshot(103)) - 39a46239-dc5f-49f3-8624-e36d450519bc@group-1EB1B476413A: reply installSnapshot: eb66df86-6ffc-4e53-b873-cb2b44d5f35d<-39a46239-dc5f-49f3-8624-e36d450519bc#0:FAIL-t2,IN_PROGRESS,snapshotIndex=0
2024-07-06 11:53:56,860 [grpc-default-executor-0] INFO  server.GrpcServerProtocolService (GrpcServerProtocolService.java:onCompleted(157)) - 39a46239-dc5f-49f3-8624-e36d450519bc: Completed INSTALL_SNAPSHOT, lastRequest: eb66df86-6ffc-4e53-b873-cb2b44d5f35d->39a46239-dc5f-49f3-8624-e36d450519bc#0-t2,notify:(t:1, i:0)
2024-07-06 11:53:56,860 [grpc-default-executor-0] INFO  server.GrpcServerProtocolService (GrpcServerProtocolService.java:lambda$onCompleted$5(159)) - 39a46239-dc5f-49f3-8624-e36d450519bc: Completed INSTALL_SNAPSHOT, lastReply: null
2024-07-06 11:53:56,862 [grpc-default-executor-2] INFO  server.GrpcLogAppender (GrpcLogAppender.java:onNext(649)) - eb66df86-6ffc-4e53-b873-cb2b44d5f35d@group-1EB1B476413A->39a46239-dc5f-49f3-8624-e36d450519bc-InstallSnapshotResponseHandler: received a reply eb66df86-6ffc-4e53-b873-cb2b44d5f35d<-39a46239-dc5f-49f3-8624-e36d450519bc#0:FAIL-t2,IN_PROGRESS,snapshotIndex=0
2024-07-06 11:53:56,862 [grpc-default-executor-2] INFO  server.GrpcLogAppender (GrpcLogAppender.java:onNext(665)) - eb66df86-6ffc-4e53-b873-cb2b44d5f35d@group-1EB1B476413A->39a46239-dc5f-49f3-8624-e36d450519bc-InstallSnapshotResponseHandler: InstallSnapshot in progress.
2024-07-06 11:53:56,863 [eb66df86-6ffc-4e53-b873-cb2b44d5f35d@group-1EB1B476413A->39a46239-dc5f-49f3-8624-e36d450519bc-GrpcLogAppender-LogAppenderDaemon] INFO  server.GrpcLogAppender (GrpcLogAppender.java:notifyInstallSnapshot(790)) - eb66df86-6ffc-4e53-b873-cb2b44d5f35d@group-1EB1B476413A->39a46239-dc5f-49f3-8624-e36d450519bc-GrpcLogAppender: notifyInstallSnapshot with firstAvailable=(t:1, i:0), followerNextIndex=0
2024-07-06 11:53:56,863 [eb66df86-6ffc-4e53-b873-cb2b44d5f35d@group-1EB1B476413A->39a46239-dc5f-49f3-8624-e36d450519bc-GrpcLogAppender-LogAppenderDaemon] INFO  server.GrpcLogAppender (GrpcLogAppender.java:notifyInstallSnapshot(798)) - eb66df86-6ffc-4e53-b873-cb2b44d5f35d@group-1EB1B476413A->39a46239-dc5f-49f3-8624-e36d450519bc-GrpcLogAppender: send eb66df86-6ffc-4e53-b873-cb2b44d5f35d->39a46239-dc5f-49f3-8624-e36d450519bc#0-t2,notify:(t:1, i:0)
2024-07-06 11:53:56,865 [39a46239-dc5f-49f3-8624-e36d450519bc-server-thread1] INFO  server.RaftServer$Division (RaftServerImpl.java:checkInconsistentAppendEntries(1629)) - 39a46239-dc5f-49f3-8624-e36d450519bc@group-1EB1B476413A: Failed appendEntries as snapshot (0) installation is in progress
2024-07-06 11:53:56,865 [39a46239-dc5f-49f3-8624-e36d450519bc-server-thread1] INFO  server.RaftServer$Division (RaftServerImpl.java:appendEntriesAsync(1584)) - 39a46239-dc5f-49f3-8624-e36d450519bc@group-1EB1B476413A: appendEntries* reply eb66df86-6ffc-4e53-b873-cb2b44d5f35d<-39a46239-dc5f-49f3-8624-e36d450519bc#0:FAIL-t2,INCONSISTENCY,nextIndex=0,followerCommit=-1,matchIndex=-1
2024-07-06 11:53:56,865 [grpc-default-executor-3] INFO  impl.SnapshotInstallationHandler (SnapshotInstallationHandler.java:installSnapshot(92)) - 39a46239-dc5f-49f3-8624-e36d450519bc@group-1EB1B476413A: receive installSnapshot: eb66df86-6ffc-4e53-b873-cb2b44d5f35d->39a46239-dc5f-49f3-8624-e36d450519bc#0-t2,notify:(t:1, i:0)
2024-07-06 11:53:56,866 [grpc-default-executor-3] INFO  impl.SnapshotInstallationHandler (SnapshotInstallationHandler.java:installSnapshotImpl(138)) - 39a46239-dc5f-49f3-8624-e36d450519bc@group-1EB1B476413A: set new configuration index: 23
configurationEntry {
  peers {
    id: "41075d7a-0d70-4fa2-ba46-cbc672699b06"
    address: "localhost:15011"
    startupRole: FOLLOWER
  }
  peers {
    id: "eb66df86-6ffc-4e53-b873-cb2b44d5f35d"
    address: "localhost:15003"
    startupRole: FOLLOWER
  }
}
 from snapshot
2024-07-06 11:53:56,866 [grpc-default-executor-3] INFO  server.RaftServer$Division (ServerState.java:setRaftConf(386)) - 39a46239-dc5f-49f3-8624-e36d450519bc@group-1EB1B476413A: set configuration conf: {index: 23, cur=peers:[41075d7a-0d70-4fa2-ba46-cbc672699b06|localhost:15011, eb66df86-6ffc-4e53-b873-cb2b44d5f35d|localhost:15003]|listeners:[], old=null}
2024-07-06 11:53:56,867 [39a46239-dc5f-49f3-8624-e36d450519bc-server-thread1] INFO  server.RaftServer$Division (RaftServerImpl.java:checkInconsistentAppendEntries(1629)) - 39a46239-dc5f-49f3-8624-e36d450519bc@group-1EB1B476413A: Failed appendEntries as snapshot (0) installation is in progress
2024-07-06 11:53:56,867 [39a46239-dc5f-49f3-8624-e36d450519bc-server-thread1] INFO  server.RaftServer$Division (RaftServerImpl.java:appendEntriesAsync(1584)) - 39a46239-dc5f-49f3-8624-e36d450519bc@group-1EB1B476413A: appendEntries* reply eb66df86-6ffc-4e53-b873-cb2b44d5f35d<-39a46239-dc5f-49f3-8624-e36d450519bc#1:FAIL-t2,INCONSISTENCY,nextIndex=0,followerCommit=-1,matchIndex=-1
2024-07-06 11:53:56,867 [grpc-default-executor-1] WARN  server.GrpcLogAppender (GrpcLogAppender.java:onNextImpl(519)) - eb66df86-6ffc-4e53-b873-cb2b44d5f35d@group-1EB1B476413A->39a46239-dc5f-49f3-8624-e36d450519bc-AppendLogResponseHandler: received INCONSISTENCY reply with nextIndex 0, errorCount=1, request=AppendEntriesRequest:cid=0,entriesCount=0
2024-07-06 11:53:56,868 [grpc-default-executor-3] INFO  impl.SnapshotInstallationHandler (SnapshotInstallationHandler.java:installSnapshot(103)) - 39a46239-dc5f-49f3-8624-e36d450519bc@group-1EB1B476413A: reply installSnapshot: eb66df86-6ffc-4e53-b873-cb2b44d5f35d<-39a46239-dc5f-49f3-8624-e36d450519bc#0:FAIL-t2,IN_PROGRESS,snapshotIndex=0
2024-07-06 11:53:56,868 [grpc-default-executor-1] WARN  server.GrpcLogAppender (GrpcLogAppender.java:onNextImpl(519)) - eb66df86-6ffc-4e53-b873-cb2b44d5f35d@group-1EB1B476413A->39a46239-dc5f-49f3-8624-e36d450519bc-AppendLogResponseHandler: received INCONSISTENCY reply with nextIndex 0, errorCount=2, request=null
2024-07-06 11:53:56,868 [grpc-default-executor-3] INFO  server.GrpcServerProtocolService (GrpcServerProtocolService.java:onCompleted(157)) - 39a46239-dc5f-49f3-8624-e36d450519bc: Completed INSTALL_SNAPSHOT, lastRequest: eb66df86-6ffc-4e53-b873-cb2b44d5f35d->39a46239-dc5f-49f3-8624-e36d450519bc#0-t2,notify:(t:1, i:0)
2024-07-06 11:53:56,868 [grpc-default-executor-3] INFO  server.GrpcServerProtocolService (GrpcServerProtocolService.java:lambda$onCompleted$5(159)) - 39a46239-dc5f-49f3-8624-e36d450519bc: Completed INSTALL_SNAPSHOT, lastReply: null
2024-07-06 11:53:56,869 [grpc-default-executor-2] INFO  ha.SCMDBCheckpointProvider (SCMDBCheckpointProvider.java:writeDBCheckPointToSream(49)) - Received request to obtain SCM DB checkpoint snapshot
2024-07-06 11:53:56,870 [grpc-default-executor-3] INFO  server.GrpcLogAppender (GrpcLogAppender.java:onNext(649)) - eb66df86-6ffc-4e53-b873-cb2b44d5f35d@group-1EB1B476413A->39a46239-dc5f-49f3-8624-e36d450519bc-InstallSnapshotResponseHandler: received a reply eb66df86-6ffc-4e53-b873-cb2b44d5f35d<-39a46239-dc5f-49f3-8624-e36d450519bc#0:FAIL-t2,IN_PROGRESS,snapshotIndex=0
2024-07-06 11:53:56,870 [grpc-default-executor-3] INFO  server.GrpcLogAppender (GrpcLogAppender.java:onNext(665)) - eb66df86-6ffc-4e53-b873-cb2b44d5f35d@group-1EB1B476413A->39a46239-dc5f-49f3-8624-e36d450519bc-InstallSnapshotResponseHandler: InstallSnapshot in progress.
2024-07-06 11:53:56,871 [39a46239-dc5f-49f3-8624-e36d450519bc-server-thread1] INFO  server.RaftServer$Division (RaftServerImpl.java:checkInconsistentAppendEntries(1629)) - 39a46239-dc5f-49f3-8624-e36d450519bc@group-1EB1B476413A: Failed appendEntries as snapshot (0) installation is in progress
2024-07-06 11:53:56,871 [39a46239-dc5f-49f3-8624-e36d450519bc-server-thread1] INFO  server.RaftServer$Division (RaftServerImpl.java:appendEntriesAsync(1584)) - 39a46239-dc5f-49f3-8624-e36d450519bc@group-1EB1B476413A: appendEntries* reply eb66df86-6ffc-4e53-b873-cb2b44d5f35d<-39a46239-dc5f-49f3-8624-e36d450519bc#2:FAIL-t2,INCONSISTENCY,nextIndex=0,followerCommit=-1,matchIndex=-1
2024-07-06 11:53:56,872 [grpc-default-executor-3] WARN  server.GrpcLogAppender (GrpcLogAppender.java:onNextImpl(519)) - eb66df86-6ffc-4e53-b873-cb2b44d5f35d@group-1EB1B476413A->39a46239-dc5f-49f3-8624-e36d450519bc-AppendLogResponseHandler: received INCONSISTENCY reply with nextIndex 0, errorCount=1, request=AppendEntriesRequest:cid=2,entriesCount=0
2024-07-06 11:53:56,872 [eb66df86-6ffc-4e53-b873-cb2b44d5f35d@group-1EB1B476413A->39a46239-dc5f-49f3-8624-e36d450519bc-GrpcLogAppender-LogAppenderDaemon] INFO  server.GrpcLogAppender (GrpcLogAppender.java:notifyInstallSnapshot(790)) - eb66df86-6ffc-4e53-b873-cb2b44d5f35d@group-1EB1B476413A->39a46239-dc5f-49f3-8624-e36d450519bc-GrpcLogAppender: notifyInstallSnapshot with firstAvailable=(t:1, i:0), followerNextIndex=0
2024-07-06 11:53:56,873 [eb66df86-6ffc-4e53-b873-cb2b44d5f35d@group-1EB1B476413A->39a46239-dc5f-49f3-8624-e36d450519bc-GrpcLogAppender-LogAppenderDaemon] INFO  server.GrpcLogAppender (GrpcLogAppender.java:notifyInstallSnapshot(798)) - eb66df86-6ffc-4e53-b873-cb2b44d5f35d@group-1EB1B476413A->39a46239-dc5f-49f3-8624-e36d450519bc-GrpcLogAppender: send eb66df86-6ffc-4e53-b873-cb2b44d5f35d->39a46239-dc5f-49f3-8624-e36d450519bc#0-t2,notify:(t:1, i:0)
2024-07-06 11:53:56,875 [grpc-default-executor-3] INFO  impl.SnapshotInstallationHandler (SnapshotInstallationHandler.java:installSnapshot(92)) - 39a46239-dc5f-49f3-8624-e36d450519bc@group-1EB1B476413A: receive installSnapshot: eb66df86-6ffc-4e53-b873-cb2b44d5f35d->39a46239-dc5f-49f3-8624-e36d450519bc#0-t2,notify:(t:1, i:0)
2024-07-06 11:53:56,876 [grpc-default-executor-3] INFO  impl.SnapshotInstallationHandler (SnapshotInstallationHandler.java:installSnapshotImpl(138)) - 39a46239-dc5f-49f3-8624-e36d450519bc@group-1EB1B476413A: set new configuration index: 23
configurationEntry {
  peers {
    id: "41075d7a-0d70-4fa2-ba46-cbc672699b06"
    address: "localhost:15011"
    startupRole: FOLLOWER
  }
  peers {
    id: "eb66df86-6ffc-4e53-b873-cb2b44d5f35d"
    address: "localhost:15003"
    startupRole: FOLLOWER
  }
}
 from snapshot
2024-07-06 11:53:56,876 [grpc-default-executor-3] INFO  server.RaftServer$Division (ServerState.java:setRaftConf(386)) - 39a46239-dc5f-49f3-8624-e36d450519bc@group-1EB1B476413A: set configuration conf: {index: 23, cur=peers:[41075d7a-0d70-4fa2-ba46-cbc672699b06|localhost:15011, eb66df86-6ffc-4e53-b873-cb2b44d5f35d|localhost:15003]|listeners:[], old=null}
2024-07-06 11:53:56,877 [grpc-default-executor-3] INFO  impl.SnapshotInstallationHandler (SnapshotInstallationHandler.java:installSnapshot(103)) - 39a46239-dc5f-49f3-8624-e36d450519bc@group-1EB1B476413A: reply installSnapshot: eb66df86-6ffc-4e53-b873-cb2b44d5f35d<-39a46239-dc5f-49f3-8624-e36d450519bc#0:FAIL-t2,IN_PROGRESS,snapshotIndex=0
2024-07-06 11:53:56,878 [grpc-default-executor-2] INFO  db.RDBCheckpointManager (RDBCheckpointManager.java:createCheckpoint(89)) - Created checkpoint in rocksDB at /home/runner/work/ozone/ozone/hadoop-ozone/integration-test/target/test-dir/MiniOzoneClusterImpl-23934d72-33be-4118-bcff-1eb1b476413a/scmNode-1/db.checkpoints/scm.db_checkpoint_1720266836875 in 2 milliseconds
2024-07-06 11:53:56,878 [grpc-default-executor-3] INFO  server.GrpcServerProtocolService (GrpcServerProtocolService.java:onCompleted(157)) - 39a46239-dc5f-49f3-8624-e36d450519bc: Completed INSTALL_SNAPSHOT, lastRequest: eb66df86-6ffc-4e53-b873-cb2b44d5f35d->39a46239-dc5f-49f3-8624-e36d450519bc#0-t2,notify:(t:1, i:0)
2024-07-06 11:53:56,878 [grpc-default-executor-3] INFO  server.GrpcServerProtocolService (GrpcServerProtocolService.java:lambda$onCompleted$5(159)) - 39a46239-dc5f-49f3-8624-e36d450519bc: Completed INSTALL_SNAPSHOT, lastReply: null
2024-07-06 11:53:56,879 [grpc-default-executor-3] INFO  server.GrpcLogAppender (GrpcLogAppender.java:onNext(649)) - eb66df86-6ffc-4e53-b873-cb2b44d5f35d@group-1EB1B476413A->39a46239-dc5f-49f3-8624-e36d450519bc-InstallSnapshotResponseHandler: received a reply eb66df86-6ffc-4e53-b873-cb2b44d5f35d<-39a46239-dc5f-49f3-8624-e36d450519bc#0:FAIL-t2,IN_PROGRESS,snapshotIndex=0
2024-07-06 11:53:56,879 [grpc-default-executor-3] INFO  server.GrpcLogAppender (GrpcLogAppender.java:onNext(665)) - eb66df86-6ffc-4e53-b873-cb2b44d5f35d@group-1EB1B476413A->39a46239-dc5f-49f3-8624-e36d450519bc-InstallSnapshotResponseHandler: InstallSnapshot in progress.
2024-07-06 11:53:56,880 [eb66df86-6ffc-4e53-b873-cb2b44d5f35d@group-1EB1B476413A->39a46239-dc5f-49f3-8624-e36d450519bc-GrpcLogAppender-LogAppenderDaemon] INFO  server.GrpcLogAppender (GrpcLogAppender.java:notifyInstallSnapshot(790)) - eb66df86-6ffc-4e53-b873-cb2b44d5f35d@group-1EB1B476413A->39a46239-dc5f-49f3-8624-e36d450519bc-GrpcLogAppender: notifyInstallSnapshot with firstAvailable=(t:1, i:0), followerNextIndex=0
2024-07-06 11:53:56,881 [39a46239-dc5f-49f3-8624-e36d450519bc-server-thread1] INFO  server.RaftServer$Division (RaftServerImpl.java:checkInconsistentAppendEntries(1629)) - 39a46239-dc5f-49f3-8624-e36d450519bc@group-1EB1B476413A: Failed appendEntries as snapshot (0) installation is in progress
2024-07-06 11:53:56,881 [39a46239-dc5f-49f3-8624-e36d450519bc-server-thread1] INFO  server.RaftServer$Division (RaftServerImpl.java:appendEntriesAsync(1584)) - 39a46239-dc5f-49f3-8624-e36d450519bc@group-1EB1B476413A: appendEntries* reply eb66df86-6ffc-4e53-b873-cb2b44d5f35d<-39a46239-dc5f-49f3-8624-e36d450519bc#3:FAIL-t2,INCONSISTENCY,nextIndex=0,followerCommit=-1,matchIndex=-1
2024-07-06 11:53:56,881 [eb66df86-6ffc-4e53-b873-cb2b44d5f35d@group-1EB1B476413A->39a46239-dc5f-49f3-8624-e36d450519bc-GrpcLogAppender-LogAppenderDaemon] INFO  server.GrpcLogAppender (GrpcLogAppender.java:notifyInstallSnapshot(798)) - eb66df86-6ffc-4e53-b873-cb2b44d5f35d@group-1EB1B476413A->39a46239-dc5f-49f3-8624-e36d450519bc-GrpcLogAppender: send eb66df86-6ffc-4e53-b873-cb2b44d5f35d->39a46239-dc5f-49f3-8624-e36d450519bc#0-t2,notify:(t:1, i:0)
2024-07-06 11:53:56,882 [grpc-default-executor-3] WARN  server.GrpcLogAppender (GrpcLogAppender.java:onNextImpl(519)) - eb66df86-6ffc-4e53-b873-cb2b44d5f35d@group-1EB1B476413A->39a46239-dc5f-49f3-8624-e36d450519bc-AppendLogResponseHandler: received INCONSISTENCY reply with nextIndex 0, errorCount=1, request=AppendEntriesRequest:cid=3,entriesCount=0
2024-07-06 11:53:56,883 [grpc-default-executor-3] INFO  impl.SnapshotInstallationHandler (SnapshotInstallationHandler.java:installSnapshot(92)) - 39a46239-dc5f-49f3-8624-e36d450519bc@group-1EB1B476413A: receive installSnapshot: eb66df86-6ffc-4e53-b873-cb2b44d5f35d->39a46239-dc5f-49f3-8624-e36d450519bc#0-t2,notify:(t:1, i:0)
2024-07-06 11:53:56,884 [grpc-default-executor-3] INFO  impl.SnapshotInstallationHandler (SnapshotInstallationHandler.java:installSnapshotImpl(138)) - 39a46239-dc5f-49f3-8624-e36d450519bc@group-1EB1B476413A: set new configuration index: 23
configurationEntry {
  peers {
    id: "41075d7a-0d70-4fa2-ba46-cbc672699b06"
    address: "localhost:15011"
    startupRole: FOLLOWER
  }
  peers {
    id: "eb66df86-6ffc-4e53-b873-cb2b44d5f35d"
    address: "localhost:15003"
    startupRole: FOLLOWER
  }
}
 from snapshot
2024-07-06 11:53:56,884 [grpc-default-executor-3] INFO  server.RaftServer$Division (ServerState.java:setRaftConf(386)) - 39a46239-dc5f-49f3-8624-e36d450519bc@group-1EB1B476413A: set configuration conf: {index: 23, cur=peers:[41075d7a-0d70-4fa2-ba46-cbc672699b06|localhost:15011, eb66df86-6ffc-4e53-b873-cb2b44d5f35d|localhost:15003]|listeners:[], old=null}
2024-07-06 11:53:56,885 [grpc-default-executor-2] INFO  ha.SCMGrpcOutputStream (SCMGrpcOutputStream.java:close(111)) - Sent 91648 bytes for cluster 23934d72-33be-4118-bcff-1eb1b476413a
2024-07-06 11:53:56,885 [grpc-default-executor-2] INFO  ha.SCMDBCheckpointProvider (SCMDBCheckpointProvider.java:writeDBCheckPointToSream(75)) - Time taken to write the checkpoint to response output stream: 7 milliseconds
2024-07-06 11:53:56,885 [grpc-default-executor-2] INFO  db.RocksDBCheckpoint (RocksDBCheckpoint.java:cleanupCheckpoint(78)) - Cleaning up RocksDB checkpoint at /home/runner/work/ozone/ozone/hadoop-ozone/integration-test/target/test-dir/MiniOzoneClusterImpl-23934d72-33be-4118-bcff-1eb1b476413a/scmNode-1/db.checkpoints/scm.db_checkpoint_1720266836875
2024-07-06 11:53:56,885 [grpc-default-executor-3] INFO  impl.SnapshotInstallationHandler (SnapshotInstallationHandler.java:installSnapshot(103)) - 39a46239-dc5f-49f3-8624-e36d450519bc@group-1EB1B476413A: reply installSnapshot: eb66df86-6ffc-4e53-b873-cb2b44d5f35d<-39a46239-dc5f-49f3-8624-e36d450519bc#0:FAIL-t2,IN_PROGRESS,snapshotIndex=0
2024-07-06 11:53:56,886 [grpc-default-executor-3] INFO  server.GrpcServerProtocolService (GrpcServerProtocolService.java:onCompleted(157)) - 39a46239-dc5f-49f3-8624-e36d450519bc: Completed INSTALL_SNAPSHOT, lastRequest: eb66df86-6ffc-4e53-b873-cb2b44d5f35d->39a46239-dc5f-49f3-8624-e36d450519bc#0-t2,notify:(t:1, i:0)
2024-07-06 11:53:56,886 [grpc-default-executor-3] INFO  server.GrpcServerProtocolService (GrpcServerProtocolService.java:lambda$onCompleted$5(159)) - 39a46239-dc5f-49f3-8624-e36d450519bc: Completed INSTALL_SNAPSHOT, lastReply: null
2024-07-06 11:53:56,889 [grpc-default-executor-1] INFO  ha.InterSCMGrpcClient (InterSCMGrpcClient.java:onCompleted(175)) - Checkpoint is downloaded to /home/runner/work/ozone/ozone/hadoop-ozone/integration-test/target/test-dir/MiniOzoneClusterImpl-23934d72-33be-4118-bcff-1eb1b476413a/scmNode-3/snapshot/scm.db-scmNode-1-1720266836849.tar
2024-07-06 11:53:56,890 [grpc-default-executor-1] INFO  server.GrpcLogAppender (GrpcLogAppender.java:onNext(649)) - eb66df86-6ffc-4e53-b873-cb2b44d5f35d@group-1EB1B476413A->39a46239-dc5f-49f3-8624-e36d450519bc-InstallSnapshotResponseHandler: received a reply eb66df86-6ffc-4e53-b873-cb2b44d5f35d<-39a46239-dc5f-49f3-8624-e36d450519bc#0:FAIL-t2,IN_PROGRESS,snapshotIndex=0
2024-07-06 11:53:56,890 [grpc-default-executor-1] INFO  server.GrpcLogAppender (GrpcLogAppender.java:onNext(665)) - eb66df86-6ffc-4e53-b873-cb2b44d5f35d@group-1EB1B476413A->39a46239-dc5f-49f3-8624-e36d450519bc-InstallSnapshotResponseHandler: InstallSnapshot in progress.
2024-07-06 11:53:56,891 [39a46239-dc5f-49f3-8624-e36d450519bc-server-thread1] INFO  server.RaftServer$Division (RaftServerImpl.java:checkInconsistentAppendEntries(1629)) - 39a46239-dc5f-49f3-8624-e36d450519bc@group-1EB1B476413A: Failed appendEntries as snapshot (0) installation is in progress
2024-07-06 11:53:56,891 [39a46239-dc5f-49f3-8624-e36d450519bc-server-thread1] INFO  server.RaftServer$Division (RaftServerImpl.java:appendEntriesAsync(1584)) - 39a46239-dc5f-49f3-8624-e36d450519bc@group-1EB1B476413A: appendEntries* reply eb66df86-6ffc-4e53-b873-cb2b44d5f35d<-39a46239-dc5f-49f3-8624-e36d450519bc#4:FAIL-t2,INCONSISTENCY,nextIndex=0,followerCommit=-1,matchIndex=-1
2024-07-06 11:53:56,892 [grpc-default-executor-2] WARN  server.GrpcLogAppender (GrpcLogAppender.java:onNextImpl(519)) - eb66df86-6ffc-4e53-b873-cb2b44d5f35d@group-1EB1B476413A->39a46239-dc5f-49f3-8624-e36d450519bc-AppendLogResponseHandler: received INCONSISTENCY reply with nextIndex 0, errorCount=1, request=AppendEntriesRequest:cid=4,entriesCount=0
2024-07-06 11:53:56,892 [eb66df86-6ffc-4e53-b873-cb2b44d5f35d@group-1EB1B476413A->39a46239-dc5f-49f3-8624-e36d450519bc-GrpcLogAppender-LogAppenderDaemon] INFO  server.GrpcLogAppender (GrpcLogAppender.java:notifyInstallSnapshot(790)) - eb66df86-6ffc-4e53-b873-cb2b44d5f35d@group-1EB1B476413A->39a46239-dc5f-49f3-8624-e36d450519bc-GrpcLogAppender: notifyInstallSnapshot with firstAvailable=(t:1, i:0), followerNextIndex=0
2024-07-06 11:53:56,893 [eb66df86-6ffc-4e53-b873-cb2b44d5f35d@group-1EB1B476413A->39a46239-dc5f-49f3-8624-e36d450519bc-GrpcLogAppender-LogAppenderDaemon] INFO  server.GrpcLogAppender (GrpcLogAppender.java:notifyInstallSnapshot(798)) - eb66df86-6ffc-4e53-b873-cb2b44d5f35d@group-1EB1B476413A->39a46239-dc5f-49f3-8624-e36d450519bc-GrpcLogAppender: send eb66df86-6ffc-4e53-b873-cb2b44d5f35d->39a46239-dc5f-49f3-8624-e36d450519bc#0-t2,notify:(t:1, i:0)
2024-07-06 11:53:56,894 [grpc-default-executor-2] INFO  impl.SnapshotInstallationHandler (SnapshotInstallationHandler.java:installSnapshot(92)) - 39a46239-dc5f-49f3-8624-e36d450519bc@group-1EB1B476413A: receive installSnapshot: eb66df86-6ffc-4e53-b873-cb2b44d5f35d->39a46239-dc5f-49f3-8624-e36d450519bc#0-t2,notify:(t:1, i:0)
2024-07-06 11:53:56,894 [grpc-default-executor-2] INFO  impl.SnapshotInstallationHandler (SnapshotInstallationHandler.java:installSnapshotImpl(138)) - 39a46239-dc5f-49f3-8624-e36d450519bc@group-1EB1B476413A: set new configuration index: 23
configurationEntry {
  peers {
    id: "41075d7a-0d70-4fa2-ba46-cbc672699b06"
    address: "localhost:15011"
    startupRole: FOLLOWER
  }
  peers {
    id: "eb66df86-6ffc-4e53-b873-cb2b44d5f35d"
    address: "localhost:15003"
    startupRole: FOLLOWER
  }
}
 from snapshot
2024-07-06 11:53:56,895 [grpc-default-executor-2] INFO  server.RaftServer$Division (ServerState.java:setRaftConf(386)) - 39a46239-dc5f-49f3-8624-e36d450519bc@group-1EB1B476413A: set configuration conf: {index: 23, cur=peers:[41075d7a-0d70-4fa2-ba46-cbc672699b06|localhost:15011, eb66df86-6ffc-4e53-b873-cb2b44d5f35d|localhost:15003]|listeners:[], old=null}
2024-07-06 11:53:56,896 [grpc-default-executor-2] INFO  impl.SnapshotInstallationHandler (SnapshotInstallationHandler.java:installSnapshot(103)) - 39a46239-dc5f-49f3-8624-e36d450519bc@group-1EB1B476413A: reply installSnapshot: eb66df86-6ffc-4e53-b873-cb2b44d5f35d<-39a46239-dc5f-49f3-8624-e36d450519bc#0:FAIL-t2,IN_PROGRESS,snapshotIndex=0
2024-07-06 11:53:56,896 [grpc-default-executor-2] INFO  server.GrpcServerProtocolService (GrpcServerProtocolService.java:onCompleted(157)) - 39a46239-dc5f-49f3-8624-e36d450519bc: Completed INSTALL_SNAPSHOT, lastRequest: eb66df86-6ffc-4e53-b873-cb2b44d5f35d->39a46239-dc5f-49f3-8624-e36d450519bc#0-t2,notify:(t:1, i:0)
2024-07-06 11:53:56,896 [grpc-default-executor-2] INFO  server.GrpcServerProtocolService (GrpcServerProtocolService.java:lambda$onCompleted$5(159)) - 39a46239-dc5f-49f3-8624-e36d450519bc: Completed INSTALL_SNAPSHOT, lastReply: null
2024-07-06 11:53:56,896 [grpc-default-executor-2] INFO  server.GrpcLogAppender (GrpcLogAppender.java:onNext(649)) - eb66df86-6ffc-4e53-b873-cb2b44d5f35d@group-1EB1B476413A->39a46239-dc5f-49f3-8624-e36d450519bc-InstallSnapshotResponseHandler: received a reply eb66df86-6ffc-4e53-b873-cb2b44d5f35d<-39a46239-dc5f-49f3-8624-e36d450519bc#0:FAIL-t2,IN_PROGRESS,snapshotIndex=0
2024-07-06 11:53:56,897 [grpc-default-executor-2] INFO  server.GrpcLogAppender (GrpcLogAppender.java:onNext(665)) - eb66df86-6ffc-4e53-b873-cb2b44d5f35d@group-1EB1B476413A->39a46239-dc5f-49f3-8624-e36d450519bc-InstallSnapshotResponseHandler: InstallSnapshot in progress.
2024-07-06 11:53:56,898 [eb66df86-6ffc-4e53-b873-cb2b44d5f35d@group-1EB1B476413A->39a46239-dc5f-49f3-8624-e36d450519bc-GrpcLogAppender-LogAppenderDaemon] INFO  server.GrpcLogAppender (GrpcLogAppender.java:notifyInstallSnapshot(790)) - eb66df86-6ffc-4e53-b873-cb2b44d5f35d@group-1EB1B476413A->39a46239-dc5f-49f3-8624-e36d450519bc-GrpcLogAppender: notifyInstallSnapshot with firstAvailable=(t:1, i:0), followerNextIndex=0
2024-07-06 11:53:56,898 [39a46239-dc5f-49f3-8624-e36d450519bc-server-thread1] INFO  server.RaftServer$Division (RaftServerImpl.java:checkInconsistentAppendEntries(1629)) - 39a46239-dc5f-49f3-8624-e36d450519bc@group-1EB1B476413A: Failed appendEntries as snapshot (0) installation is in progress
2024-07-06 11:53:56,898 [39a46239-dc5f-49f3-8624-e36d450519bc-server-thread1] INFO  server.RaftServer$Division (RaftServerImpl.java:appendEntriesAsync(1584)) - 39a46239-dc5f-49f3-8624-e36d450519bc@group-1EB1B476413A: appendEntries* reply eb66df86-6ffc-4e53-b873-cb2b44d5f35d<-39a46239-dc5f-49f3-8624-e36d450519bc#5:FAIL-t2,INCONSISTENCY,nextIndex=0,followerCommit=-1,matchIndex=-1
2024-07-06 11:53:56,898 [eb66df86-6ffc-4e53-b873-cb2b44d5f35d@group-1EB1B476413A->39a46239-dc5f-49f3-8624-e36d450519bc-GrpcLogAppender-LogAppenderDaemon] INFO  server.GrpcLogAppender (GrpcLogAppender.java:notifyInstallSnapshot(798)) - eb66df86-6ffc-4e53-b873-cb2b44d5f35d@group-1EB1B476413A->39a46239-dc5f-49f3-8624-e36d450519bc-GrpcLogAppender: send eb66df86-6ffc-4e53-b873-cb2b44d5f35d->39a46239-dc5f-49f3-8624-e36d450519bc#0-t2,notify:(t:1, i:0)
2024-07-06 11:53:56,898 [grpc-default-executor-2] WARN  server.GrpcLogAppender (GrpcLogAppender.java:onNextImpl(519)) - eb66df86-6ffc-4e53-b873-cb2b44d5f35d@group-1EB1B476413A->39a46239-dc5f-49f3-8624-e36d450519bc-AppendLogResponseHandler: received INCONSISTENCY reply with nextIndex 0, errorCount=1, request=AppendEntriesRequest:cid=5,entriesCount=0
2024-07-06 11:53:56,900 [grpc-default-executor-2] INFO  impl.SnapshotInstallationHandler (SnapshotInstallationHandler.java:installSnapshot(92)) - 39a46239-dc5f-49f3-8624-e36d450519bc@group-1EB1B476413A: receive installSnapshot: eb66df86-6ffc-4e53-b873-cb2b44d5f35d->39a46239-dc5f-49f3-8624-e36d450519bc#0-t2,notify:(t:1, i:0)
2024-07-06 11:53:56,900 [grpc-default-executor-2] INFO  impl.SnapshotInstallationHandler (SnapshotInstallationHandler.java:installSnapshotImpl(138)) - 39a46239-dc5f-49f3-8624-e36d450519bc@group-1EB1B476413A: set new configuration index: 23
configurationEntry {
  peers {
    id: "41075d7a-0d70-4fa2-ba46-cbc672699b06"
    address: "localhost:15011"
    startupRole: FOLLOWER
  }
  peers {
    id: "eb66df86-6ffc-4e53-b873-cb2b44d5f35d"
    address: "localhost:15003"
    startupRole: FOLLOWER
  }
}
 from snapshot
2024-07-06 11:53:56,900 [grpc-default-executor-2] INFO  server.RaftServer$Division (ServerState.java:setRaftConf(386)) - 39a46239-dc5f-49f3-8624-e36d450519bc@group-1EB1B476413A: set configuration conf: {index: 23, cur=peers:[41075d7a-0d70-4fa2-ba46-cbc672699b06|localhost:15011, eb66df86-6ffc-4e53-b873-cb2b44d5f35d|localhost:15003]|listeners:[], old=null}
2024-07-06 11:53:56,901 [grpc-default-executor-2] INFO  impl.SnapshotInstallationHandler (SnapshotInstallationHandler.java:installSnapshot(103)) - 39a46239-dc5f-49f3-8624-e36d450519bc@group-1EB1B476413A: reply installSnapshot: eb66df86-6ffc-4e53-b873-cb2b44d5f35d<-39a46239-dc5f-49f3-8624-e36d450519bc#0:FAIL-t2,IN_PROGRESS,snapshotIndex=0
2024-07-06 11:53:56,901 [grpc-default-executor-2] INFO  server.GrpcServerProtocolService (GrpcServerProtocolService.java:onCompleted(157)) - 39a46239-dc5f-49f3-8624-e36d450519bc: Completed INSTALL_SNAPSHOT, lastRequest: eb66df86-6ffc-4e53-b873-cb2b44d5f35d->39a46239-dc5f-49f3-8624-e36d450519bc#0-t2,notify:(t:1, i:0)
2024-07-06 11:53:56,901 [grpc-default-executor-2] INFO  server.GrpcServerProtocolService (GrpcServerProtocolService.java:lambda$onCompleted$5(159)) - 39a46239-dc5f-49f3-8624-e36d450519bc: Completed INSTALL_SNAPSHOT, lastReply: null
2024-07-06 11:53:56,902 [grpc-default-executor-2] INFO  server.GrpcLogAppender (GrpcLogAppender.java:onNext(649)) - eb66df86-6ffc-4e53-b873-cb2b44d5f35d@group-1EB1B476413A->39a46239-dc5f-49f3-8624-e36d450519bc-InstallSnapshotResponseHandler: received a reply eb66df86-6ffc-4e53-b873-cb2b44d5f35d<-39a46239-dc5f-49f3-8624-e36d450519bc#0:FAIL-t2,IN_PROGRESS,snapshotIndex=0
2024-07-06 11:53:56,902 [grpc-default-executor-2] INFO  server.GrpcLogAppender (GrpcLogAppender.java:onNext(665)) - eb66df86-6ffc-4e53-b873-cb2b44d5f35d@group-1EB1B476413A->39a46239-dc5f-49f3-8624-e36d450519bc-InstallSnapshotResponseHandler: InstallSnapshot in progress.
2024-07-06 11:53:56,902 [eb66df86-6ffc-4e53-b873-cb2b44d5f35d@group-1EB1B476413A->39a46239-dc5f-49f3-8624-e36d450519bc-GrpcLogAppender-LogAppenderDaemon] INFO  server.GrpcLogAppender (GrpcLogAppender.java:notifyInstallSnapshot(790)) - eb66df86-6ffc-4e53-b873-cb2b44d5f35d@group-1EB1B476413A->39a46239-dc5f-49f3-8624-e36d450519bc-GrpcLogAppender: notifyInstallSnapshot with firstAvailable=(t:1, i:0), followerNextIndex=0
2024-07-06 11:53:56,903 [eb66df86-6ffc-4e53-b873-cb2b44d5f35d@group-1EB1B476413A->39a46239-dc5f-49f3-8624-e36d450519bc-GrpcLogAppender-LogAppenderDaemon] INFO  server.GrpcLogAppender (GrpcLogAppender.java:notifyInstallSnapshot(798)) - eb66df86-6ffc-4e53-b873-cb2b44d5f35d@group-1EB1B476413A->39a46239-dc5f-49f3-8624-e36d450519bc-GrpcLogAppender: send eb66df86-6ffc-4e53-b873-cb2b44d5f35d->39a46239-dc5f-49f3-8624-e36d450519bc#0-t2,notify:(t:1, i:0)
2024-07-06 11:53:56,903 [39a46239-dc5f-49f3-8624-e36d450519bc-server-thread1] INFO  server.RaftServer$Division (RaftServerImpl.java:checkInconsistentAppendEntries(1629)) - 39a46239-dc5f-49f3-8624-e36d450519bc@group-1EB1B476413A: Failed appendEntries as snapshot (0) installation is in progress
2024-07-06 11:53:56,903 [39a46239-dc5f-49f3-8624-e36d450519bc-server-thread1] INFO  server.RaftServer$Division (RaftServerImpl.java:appendEntriesAsync(1584)) - 39a46239-dc5f-49f3-8624-e36d450519bc@group-1EB1B476413A: appendEntries* reply eb66df86-6ffc-4e53-b873-cb2b44d5f35d<-39a46239-dc5f-49f3-8624-e36d450519bc#6:FAIL-t2,INCONSISTENCY,nextIndex=0,followerCommit=-1,matchIndex=-1
2024-07-06 11:53:56,904 [grpc-default-executor-1] INFO  impl.SnapshotInstallationHandler (SnapshotInstallationHandler.java:installSnapshot(92)) - 39a46239-dc5f-49f3-8624-e36d450519bc@group-1EB1B476413A: receive installSnapshot: eb66df86-6ffc-4e53-b873-cb2b44d5f35d->39a46239-dc5f-49f3-8624-e36d450519bc#0-t2,notify:(t:1, i:0)
2024-07-06 11:53:56,904 [grpc-default-executor-1] INFO  impl.SnapshotInstallationHandler (SnapshotInstallationHandler.java:installSnapshotImpl(138)) - 39a46239-dc5f-49f3-8624-e36d450519bc@group-1EB1B476413A: set new configuration index: 23
configurationEntry {
  peers {
    id: "41075d7a-0d70-4fa2-ba46-cbc672699b06"
    address: "localhost:15011"
    startupRole: FOLLOWER
  }
  peers {
    id: "eb66df86-6ffc-4e53-b873-cb2b44d5f35d"
    address: "localhost:15003"
    startupRole: FOLLOWER
  }
}
 from snapshot
2024-07-06 11:53:56,904 [grpc-default-executor-1] INFO  server.RaftServer$Division (ServerState.java:setRaftConf(386)) - 39a46239-dc5f-49f3-8624-e36d450519bc@group-1EB1B476413A: set configuration conf: {index: 23, cur=peers:[41075d7a-0d70-4fa2-ba46-cbc672699b06|localhost:15011, eb66df86-6ffc-4e53-b873-cb2b44d5f35d|localhost:15003]|listeners:[], old=null}
2024-07-06 11:53:56,905 [grpc-default-executor-2] WARN  server.GrpcLogAppender (GrpcLogAppender.java:onNextImpl(519)) - eb66df86-6ffc-4e53-b873-cb2b44d5f35d@group-1EB1B476413A->39a46239-dc5f-49f3-8624-e36d450519bc-AppendLogResponseHandler: received INCONSISTENCY reply with nextIndex 0, errorCount=1, request=AppendEntriesRequest:cid=6,entriesCount=0
2024-07-06 11:53:56,906 [grpc-default-executor-1] INFO  impl.SnapshotInstallationHandler (SnapshotInstallationHandler.java:installSnapshot(103)) - 39a46239-dc5f-49f3-8624-e36d450519bc@group-1EB1B476413A: reply installSnapshot: eb66df86-6ffc-4e53-b873-cb2b44d5f35d<-39a46239-dc5f-49f3-8624-e36d450519bc#0:FAIL-t2,IN_PROGRESS,snapshotIndex=0
2024-07-06 11:53:56,906 [grpc-default-executor-1] INFO  server.GrpcServerProtocolService (GrpcServerProtocolService.java:onCompleted(157)) - 39a46239-dc5f-49f3-8624-e36d450519bc: Completed INSTALL_SNAPSHOT, lastRequest: eb66df86-6ffc-4e53-b873-cb2b44d5f35d->39a46239-dc5f-49f3-8624-e36d450519bc#0-t2,notify:(t:1, i:0)
2024-07-06 11:53:56,906 [grpc-default-executor-1] INFO  server.GrpcServerProtocolService (GrpcServerProtocolService.java:lambda$onCompleted$5(159)) - 39a46239-dc5f-49f3-8624-e36d450519bc: Completed INSTALL_SNAPSHOT, lastReply: null
2024-07-06 11:53:56,907 [grpc-default-executor-1] INFO  server.GrpcLogAppender (GrpcLogAppender.java:onNext(649)) - eb66df86-6ffc-4e53-b873-cb2b44d5f35d@group-1EB1B476413A->39a46239-dc5f-49f3-8624-e36d450519bc-InstallSnapshotResponseHandler: received a reply eb66df86-6ffc-4e53-b873-cb2b44d5f35d<-39a46239-dc5f-49f3-8624-e36d450519bc#0:FAIL-t2,IN_PROGRESS,snapshotIndex=0
2024-07-06 11:53:56,907 [grpc-default-executor-1] INFO  server.GrpcLogAppender (GrpcLogAppender.java:onNext(665)) - eb66df86-6ffc-4e53-b873-cb2b44d5f35d@group-1EB1B476413A->39a46239-dc5f-49f3-8624-e36d450519bc-InstallSnapshotResponseHandler: InstallSnapshot in progress.
2024-07-06 11:53:56,908 [39a46239-dc5f-49f3-8624-e36d450519bc-server-thread1] INFO  server.RaftServer$Division (RaftServerImpl.java:checkInconsistentAppendEntries(1629)) - 39a46239-dc5f-49f3-8624-e36d450519bc@group-1EB1B476413A: Failed appendEntries as snapshot (0) installation is in progress
2024-07-06 11:53:56,908 [39a46239-dc5f-49f3-8624-e36d450519bc-server-thread1] INFO  server.RaftServer$Division (RaftServerImpl.java:appendEntriesAsync(1584)) - 39a46239-dc5f-49f3-8624-e36d450519bc@group-1EB1B476413A: appendEntries* reply eb66df86-6ffc-4e53-b873-cb2b44d5f35d<-39a46239-dc5f-49f3-8624-e36d450519bc#7:FAIL-t2,INCONSISTENCY,nextIndex=0,followerCommit=-1,matchIndex=-1
2024-07-06 11:53:56,909 [eb66df86-6ffc-4e53-b873-cb2b44d5f35d@group-1EB1B476413A->39a46239-dc5f-49f3-8624-e36d450519bc-GrpcLogAppender-LogAppenderDaemon] INFO  server.GrpcLogAppender (GrpcLogAppender.java:notifyInstallSnapshot(790)) - eb66df86-6ffc-4e53-b873-cb2b44d5f35d@group-1EB1B476413A->39a46239-dc5f-49f3-8624-e36d450519bc-GrpcLogAppender: notifyInstallSnapshot with firstAvailable=(t:1, i:0), followerNextIndex=0
2024-07-06 11:53:56,909 [eb66df86-6ffc-4e53-b873-cb2b44d5f35d@group-1EB1B476413A->39a46239-dc5f-49f3-8624-e36d450519bc-GrpcLogAppender-LogAppenderDaemon] INFO  server.GrpcLogAppender (GrpcLogAppender.java:notifyInstallSnapshot(798)) - eb66df86-6ffc-4e53-b873-cb2b44d5f35d@group-1EB1B476413A->39a46239-dc5f-49f3-8624-e36d450519bc-GrpcLogAppender: send eb66df86-6ffc-4e53-b873-cb2b44d5f35d->39a46239-dc5f-49f3-8624-e36d450519bc#0-t2,notify:(t:1, i:0)
2024-07-06 11:53:56,909 [grpc-default-executor-1] WARN  server.GrpcLogAppender (GrpcLogAppender.java:onNextImpl(519)) - eb66df86-6ffc-4e53-b873-cb2b44d5f35d@group-1EB1B476413A->39a46239-dc5f-49f3-8624-e36d450519bc-AppendLogResponseHandler: received INCONSISTENCY reply with nextIndex 0, errorCount=1, request=AppendEntriesRequest:cid=7,entriesCount=0
2024-07-06 11:53:56,910 [scmNode-3-SCMInstallSnapshot-0] INFO  ha.SCMSnapshotProvider (SCMSnapshotProvider.java:getSCMDBSnapshot(131)) - Successfully downloaded latest checkpoint from leader SCM: scmNode-1 path /home/runner/work/ozone/ozone/hadoop-ozone/integration-test/target/test-dir/MiniOzoneClusterImpl-23934d72-33be-4118-bcff-1eb1b476413a/scmNode-3/snapshot/scm.db-scmNode-1-1720266836849
2024-07-06 11:53:56,910 [scmNode-3-SCMInstallSnapshot-0] INFO  ha.SCMHAManagerImpl (SCMHAManagerImpl.java:downloadCheckpointFromLeader(203)) - Downloaded checkpoint from Leader scmNode-1 to the location /home/runner/work/ozone/ozone/hadoop-ozone/integration-test/target/test-dir/MiniOzoneClusterImpl-23934d72-33be-4118-bcff-1eb1b476413a/scmNode-3/snapshot/scm.db-scmNode-1-1720266836849
2024-07-06 11:53:56,910 [scmNode-3-SCMInstallSnapshot-0] INFO  ha.SCMHAManagerImpl (SCMHAManagerImpl.java:getSecretKeysFromLeader(216)) - Getting secret keys from leader scmNode-1.
2024-07-06 11:53:56,910 [scmNode-3-SCMInstallSnapshot-0] INFO  ha.SCMNodeInfo (SCMNodeInfo.java:getPort(197)) - ConfigKey ozone.scm.client.address is deprecated, For configuring different ports for each SCM use PortConfigKey ozone.scm.client.port appended with serviceId and nodeId
2024-07-06 11:53:56,910 [scmNode-3-SCMInstallSnapshot-0] INFO  ha.SCMNodeInfo (SCMNodeInfo.java:getPort(197)) - ConfigKey ozone.scm.block.client.address is deprecated, For configuring different ports for each SCM use PortConfigKey ozone.scm.block.client.port appended with serviceId and nodeId
2024-07-06 11:53:56,911 [scmNode-3-SCMInstallSnapshot-0] INFO  ha.SCMNodeInfo (SCMNodeInfo.java:getPort(197)) - ConfigKey ozone.scm.security.service.address is deprecated, For configuring different ports for each SCM use PortConfigKey ozone.scm.security.service.port appended with serviceId and nodeId
2024-07-06 11:53:56,911 [scmNode-3-SCMInstallSnapshot-0] INFO  ha.SCMNodeInfo (SCMNodeInfo.java:getPort(197)) - ConfigKey ozone.scm.datanode.address is deprecated, For configuring different ports for each SCM use PortConfigKey ozone.scm.datanode.port appended with serviceId and nodeId
2024-07-06 11:53:56,911 [scmNode-3-SCMInstallSnapshot-0] INFO  ha.SCMNodeInfo (SCMNodeInfo.java:getPort(197)) - ConfigKey ozone.scm.client.address is deprecated, For configuring different ports for each SCM use PortConfigKey ozone.scm.client.port appended with serviceId and nodeId
2024-07-06 11:53:56,911 [scmNode-3-SCMInstallSnapshot-0] INFO  ha.SCMNodeInfo (SCMNodeInfo.java:getPort(197)) - ConfigKey ozone.scm.block.client.address is deprecated, For configuring different ports for each SCM use PortConfigKey ozone.scm.block.client.port appended with serviceId and nodeId
2024-07-06 11:53:56,911 [scmNode-3-SCMInstallSnapshot-0] INFO  ha.SCMNodeInfo (SCMNodeInfo.java:getPort(197)) - ConfigKey ozone.scm.security.service.address is deprecated, For configuring different ports for each SCM use PortConfigKey ozone.scm.security.service.port appended with serviceId and nodeId
2024-07-06 11:53:56,911 [scmNode-3-SCMInstallSnapshot-0] INFO  ha.SCMNodeInfo (SCMNodeInfo.java:getPort(197)) - ConfigKey ozone.scm.datanode.address is deprecated, For configuring different ports for each SCM use PortConfigKey ozone.scm.datanode.port appended with serviceId and nodeId
2024-07-06 11:53:56,911 [scmNode-3-SCMInstallSnapshot-0] INFO  ha.SCMNodeInfo (SCMNodeInfo.java:getPort(197)) - ConfigKey ozone.scm.client.address is deprecated, For configuring different ports for each SCM use PortConfigKey ozone.scm.client.port appended with serviceId and nodeId
2024-07-06 11:53:56,911 [scmNode-3-SCMInstallSnapshot-0] INFO  ha.SCMNodeInfo (SCMNodeInfo.java:getPort(197)) - ConfigKey ozone.scm.block.client.address is deprecated, For configuring different ports for each SCM use PortConfigKey ozone.scm.block.client.port appended with serviceId and nodeId
2024-07-06 11:53:56,911 [scmNode-3-SCMInstallSnapshot-0] INFO  ha.SCMNodeInfo (SCMNodeInfo.java:getPort(197)) - ConfigKey ozone.scm.security.service.address is deprecated, For configuring different ports for each SCM use PortConfigKey ozone.scm.security.service.port appended with serviceId and nodeId
2024-07-06 11:53:56,911 [scmNode-3-SCMInstallSnapshot-0] INFO  ha.SCMNodeInfo (SCMNodeInfo.java:getPort(197)) - ConfigKey ozone.scm.datanode.address is deprecated, For configuring different ports for each SCM use PortConfigKey ozone.scm.datanode.port appended with serviceId and nodeId
2024-07-06 11:53:56,913 [grpc-default-executor-1] INFO  impl.SnapshotInstallationHandler (SnapshotInstallationHandler.java:installSnapshot(92)) - 39a46239-dc5f-49f3-8624-e36d450519bc@group-1EB1B476413A: receive installSnapshot: eb66df86-6ffc-4e53-b873-cb2b44d5f35d->39a46239-dc5f-49f3-8624-e36d450519bc#0-t2,notify:(t:1, i:0)
2024-07-06 11:53:56,914 [grpc-default-executor-1] INFO  impl.SnapshotInstallationHandler (SnapshotInstallationHandler.java:installSnapshotImpl(138)) - 39a46239-dc5f-49f3-8624-e36d450519bc@group-1EB1B476413A: set new configuration index: 23
configurationEntry {
  peers {
    id: "41075d7a-0d70-4fa2-ba46-cbc672699b06"
    address: "localhost:15011"
    startupRole: FOLLOWER
  }
  peers {
    id: "eb66df86-6ffc-4e53-b873-cb2b44d5f35d"
    address: "localhost:15003"
    startupRole: FOLLOWER
  }
}
 from snapshot
2024-07-06 11:53:56,914 [grpc-default-executor-1] INFO  server.RaftServer$Division (ServerState.java:setRaftConf(386)) - 39a46239-dc5f-49f3-8624-e36d450519bc@group-1EB1B476413A: set configuration conf: {index: 23, cur=peers:[41075d7a-0d70-4fa2-ba46-cbc672699b06|localhost:15011, eb66df86-6ffc-4e53-b873-cb2b44d5f35d|localhost:15003]|listeners:[], old=null}
2024-07-06 11:53:56,915 [grpc-default-executor-1] INFO  impl.SnapshotInstallationHandler (SnapshotInstallationHandler.java:installSnapshot(103)) - 39a46239-dc5f-49f3-8624-e36d450519bc@group-1EB1B476413A: reply installSnapshot: eb66df86-6ffc-4e53-b873-cb2b44d5f35d<-39a46239-dc5f-49f3-8624-e36d450519bc#0:FAIL-t2,IN_PROGRESS,snapshotIndex=0
2024-07-06 11:53:56,915 [grpc-default-executor-1] INFO  server.GrpcServerProtocolService (GrpcServerProtocolService.java:onCompleted(157)) - 39a46239-dc5f-49f3-8624-e36d450519bc: Completed INSTALL_SNAPSHOT, lastRequest: eb66df86-6ffc-4e53-b873-cb2b44d5f35d->39a46239-dc5f-49f3-8624-e36d450519bc#0-t2,notify:(t:1, i:0)
2024-07-06 11:53:56,915 [grpc-default-executor-1] INFO  server.GrpcServerProtocolService (GrpcServerProtocolService.java:lambda$onCompleted$5(159)) - 39a46239-dc5f-49f3-8624-e36d450519bc: Completed INSTALL_SNAPSHOT, lastReply: null
2024-07-06 11:53:56,916 [grpc-default-executor-2] INFO  server.GrpcLogAppender (GrpcLogAppender.java:onNext(649)) - eb66df86-6ffc-4e53-b873-cb2b44d5f35d@group-1EB1B476413A->39a46239-dc5f-49f3-8624-e36d450519bc-InstallSnapshotResponseHandler: received a reply eb66df86-6ffc-4e53-b873-cb2b44d5f35d<-39a46239-dc5f-49f3-8624-e36d450519bc#0:FAIL-t2,IN_PROGRESS,snapshotIndex=0
2024-07-06 11:53:56,917 [grpc-default-executor-2] INFO  server.GrpcLogAppender (GrpcLogAppender.java:onNext(665)) - eb66df86-6ffc-4e53-b873-cb2b44d5f35d@group-1EB1B476413A->39a46239-dc5f-49f3-8624-e36d450519bc-InstallSnapshotResponseHandler: InstallSnapshot in progress.
2024-07-06 11:53:56,918 [eb66df86-6ffc-4e53-b873-cb2b44d5f35d@group-1EB1B476413A->39a46239-dc5f-49f3-8624-e36d450519bc-GrpcLogAppender-LogAppenderDaemon] INFO  server.GrpcLogAppender (GrpcLogAppender.java:notifyInstallSnapshot(790)) - eb66df86-6ffc-4e53-b873-cb2b44d5f35d@group-1EB1B476413A->39a46239-dc5f-49f3-8624-e36d450519bc-GrpcLogAppender: notifyInstallSnapshot with firstAvailable=(t:1, i:0), followerNextIndex=0
2024-07-06 11:53:56,918 [eb66df86-6ffc-4e53-b873-cb2b44d5f35d@group-1EB1B476413A->39a46239-dc5f-49f3-8624-e36d450519bc-GrpcLogAppender-LogAppenderDaemon] INFO  server.GrpcLogAppender (GrpcLogAppender.java:notifyInstallSnapshot(798)) - eb66df86-6ffc-4e53-b873-cb2b44d5f35d@group-1EB1B476413A->39a46239-dc5f-49f3-8624-e36d450519bc-GrpcLogAppender: send eb66df86-6ffc-4e53-b873-cb2b44d5f35d->39a46239-dc5f-49f3-8624-e36d450519bc#0-t2,notify:(t:1, i:0)
2024-07-06 11:53:56,919 [grpc-default-executor-2] INFO  impl.SnapshotInstallationHandler (SnapshotInstallationHandler.java:installSnapshot(92)) - 39a46239-dc5f-49f3-8624-e36d450519bc@group-1EB1B476413A: receive installSnapshot: eb66df86-6ffc-4e53-b873-cb2b44d5f35d->39a46239-dc5f-49f3-8624-e36d450519bc#0-t2,notify:(t:1, i:0)
2024-07-06 11:53:56,919 [grpc-default-executor-2] INFO  impl.SnapshotInstallationHandler (SnapshotInstallationHandler.java:installSnapshotImpl(138)) - 39a46239-dc5f-49f3-8624-e36d450519bc@group-1EB1B476413A: set new configuration index: 23
configurationEntry {
  peers {
    id: "41075d7a-0d70-4fa2-ba46-cbc672699b06"
    address: "localhost:15011"
    startupRole: FOLLOWER
  }
  peers {
    id: "eb66df86-6ffc-4e53-b873-cb2b44d5f35d"
    address: "localhost:15003"
    startupRole: FOLLOWER
  }
}
 from snapshot
2024-07-06 11:53:56,920 [grpc-default-executor-2] INFO  server.RaftServer$Division (ServerState.java:setRaftConf(386)) - 39a46239-dc5f-49f3-8624-e36d450519bc@group-1EB1B476413A: set configuration conf: {index: 23, cur=peers:[41075d7a-0d70-4fa2-ba46-cbc672699b06|localhost:15011, eb66df86-6ffc-4e53-b873-cb2b44d5f35d|localhost:15003]|listeners:[], old=null}
2024-07-06 11:53:56,920 [Socket Reader #1 for port 15002] INFO  ipc.Server (Server.java:saslProcess(2139)) - Auth successful for scm/fv-az1041-405.cgqmq5qunpnelbz5tk1v55v5te.bx.internal.cloudapp.net@EXAMPLE.COM (auth:KERBEROS) from fv-az1041-405.cgqmq5qunpnelbz5tk1v55v5te.bx.internal.cloudapp.net:43211 / 10.1.0.11:43211
2024-07-06 11:53:56,921 [grpc-default-executor-2] INFO  impl.SnapshotInstallationHandler (SnapshotInstallationHandler.java:installSnapshot(103)) - 39a46239-dc5f-49f3-8624-e36d450519bc@group-1EB1B476413A: reply installSnapshot: eb66df86-6ffc-4e53-b873-cb2b44d5f35d<-39a46239-dc5f-49f3-8624-e36d450519bc#0:FAIL-t2,IN_PROGRESS,snapshotIndex=0
2024-07-06 11:53:56,921 [39a46239-dc5f-49f3-8624-e36d450519bc-server-thread1] INFO  server.RaftServer$Division (RaftServerImpl.java:checkInconsistentAppendEntries(1629)) - 39a46239-dc5f-49f3-8624-e36d450519bc@group-1EB1B476413A: Failed appendEntries as snapshot (0) installation is in progress
2024-07-06 11:53:56,921 [39a46239-dc5f-49f3-8624-e36d450519bc-server-thread1] INFO  server.RaftServer$Division (RaftServerImpl.java:appendEntriesAsync(1584)) - 39a46239-dc5f-49f3-8624-e36d450519bc@group-1EB1B476413A: appendEntries* reply eb66df86-6ffc-4e53-b873-cb2b44d5f35d<-39a46239-dc5f-49f3-8624-e36d450519bc#8:FAIL-t2,INCONSISTENCY,nextIndex=0,followerCommit=-1,matchIndex=-1
2024-07-06 11:53:56,921 [grpc-default-executor-2] INFO  server.GrpcServerProtocolService (GrpcServerProtocolService.java:onCompleted(157)) - 39a46239-dc5f-49f3-8624-e36d450519bc: Completed INSTALL_SNAPSHOT, lastRequest: eb66df86-6ffc-4e53-b873-cb2b44d5f35d->39a46239-dc5f-49f3-8624-e36d450519bc#0-t2,notify:(t:1, i:0)
2024-07-06 11:53:56,921 [grpc-default-executor-2] INFO  server.GrpcServerProtocolService (GrpcServerProtocolService.java:lambda$onCompleted$5(159)) - 39a46239-dc5f-49f3-8624-e36d450519bc: Completed INSTALL_SNAPSHOT, lastReply: null
2024-07-06 11:53:56,922 [grpc-default-executor-2] INFO  server.GrpcLogAppender (GrpcLogAppender.java:onNext(649)) - eb66df86-6ffc-4e53-b873-cb2b44d5f35d@group-1EB1B476413A->39a46239-dc5f-49f3-8624-e36d450519bc-InstallSnapshotResponseHandler: received a reply eb66df86-6ffc-4e53-b873-cb2b44d5f35d<-39a46239-dc5f-49f3-8624-e36d450519bc#0:FAIL-t2,IN_PROGRESS,snapshotIndex=0
2024-07-06 11:53:56,922 [grpc-default-executor-2] INFO  server.GrpcLogAppender (GrpcLogAppender.java:onNext(665)) - eb66df86-6ffc-4e53-b873-cb2b44d5f35d@group-1EB1B476413A->39a46239-dc5f-49f3-8624-e36d450519bc-InstallSnapshotResponseHandler: InstallSnapshot in progress.
2024-07-06 11:53:56,922 [Socket Reader #1 for port 15002] INFO  authorize.ServiceAuthorizationManager (ServiceAuthorizationManager.java:authorize(137)) - Authorization successful for scm/fv-az1041-405.cgqmq5qunpnelbz5tk1v55v5te.bx.internal.cloudapp.net@EXAMPLE.COM (auth:KERBEROS) for protocol=interface org.apache.hadoop.hdds.protocol.SecretKeyProtocolScm
2024-07-06 11:53:56,922 [grpc-default-executor-2] WARN  server.GrpcLogAppender (GrpcLogAppender.java:onNextImpl(519)) - eb66df86-6ffc-4e53-b873-cb2b44d5f35d@group-1EB1B476413A->39a46239-dc5f-49f3-8624-e36d450519bc-AppendLogResponseHandler: received INCONSISTENCY reply with nextIndex 0, errorCount=1, request=AppendEntriesRequest:cid=8,entriesCount=0
2024-07-06 11:53:56,922 [eb66df86-6ffc-4e53-b873-cb2b44d5f35d@group-1EB1B476413A->39a46239-dc5f-49f3-8624-e36d450519bc-GrpcLogAppender-LogAppenderDaemon] INFO  server.GrpcLogAppender (GrpcLogAppender.java:notifyInstallSnapshot(790)) - eb66df86-6ffc-4e53-b873-cb2b44d5f35d@group-1EB1B476413A->39a46239-dc5f-49f3-8624-e36d450519bc-GrpcLogAppender: notifyInstallSnapshot with firstAvailable=(t:1, i:0), followerNextIndex=0
2024-07-06 11:53:56,923 [eb66df86-6ffc-4e53-b873-cb2b44d5f35d@group-1EB1B476413A->39a46239-dc5f-49f3-8624-e36d450519bc-GrpcLogAppender-LogAppenderDaemon] INFO  server.GrpcLogAppender (GrpcLogAppender.java:notifyInstallSnapshot(798)) - eb66df86-6ffc-4e53-b873-cb2b44d5f35d@group-1EB1B476413A->39a46239-dc5f-49f3-8624-e36d450519bc-GrpcLogAppender: send eb66df86-6ffc-4e53-b873-cb2b44d5f35d->39a46239-dc5f-49f3-8624-e36d450519bc#0-t2,notify:(t:1, i:0)
2024-07-06 11:53:56,923 [39a46239-dc5f-49f3-8624-e36d450519bc-server-thread1] INFO  server.RaftServer$Division (RaftServerImpl.java:checkInconsistentAppendEntries(1629)) - 39a46239-dc5f-49f3-8624-e36d450519bc@group-1EB1B476413A: Failed appendEntries as snapshot (0) installation is in progress
2024-07-06 11:53:56,923 [39a46239-dc5f-49f3-8624-e36d450519bc-server-thread1] INFO  server.RaftServer$Division (RaftServerImpl.java:appendEntriesAsync(1584)) - 39a46239-dc5f-49f3-8624-e36d450519bc@group-1EB1B476413A: appendEntries* reply eb66df86-6ffc-4e53-b873-cb2b44d5f35d<-39a46239-dc5f-49f3-8624-e36d450519bc#9:FAIL-t2,INCONSISTENCY,nextIndex=0,followerCommit=-1,matchIndex=-1
2024-07-06 11:53:56,923 [grpc-default-executor-2] WARN  server.GrpcLogAppender (GrpcLogAppender.java:onNextImpl(519)) - eb66df86-6ffc-4e53-b873-cb2b44d5f35d@group-1EB1B476413A->39a46239-dc5f-49f3-8624-e36d450519bc-AppendLogResponseHandler: received INCONSISTENCY reply with nextIndex 0, errorCount=2, request=null
2024-07-06 11:53:56,924 [scmNode-3-SCMInstallSnapshot-0] INFO  ha.SCMStateMachine (SCMStateMachine.java:lambda$notifyInstallSnapshotFromLeader$2(257)) - Got secret keys from leaders [SecretKey(id = 613bfbbe-190b-4706-8757-7b2f2b9a81d8, creation at: 2024-07-06T11:53:56.268Z, expire at: 2024-07-06T11:53:59.268Z), SecretKey(id = 2203af62-81d5-49cf-a522-7518eb26350e, creation at: 2024-07-06T11:53:55.168Z, expire at: 2024-07-06T11:53:58.168Z), SecretKey(id = f2e265a0-4327-4147-9433-b5705af6b148, creation at: 2024-07-06T11:53:54.168Z, expire at: 2024-07-06T11:53:57.168Z)]
2024-07-06 11:53:56,924 [grpc-default-executor-2] INFO  impl.SnapshotInstallationHandler (SnapshotInstallationHandler.java:installSnapshot(92)) - 39a46239-dc5f-49f3-8624-e36d450519bc@group-1EB1B476413A: receive installSnapshot: eb66df86-6ffc-4e53-b873-cb2b44d5f35d->39a46239-dc5f-49f3-8624-e36d450519bc#0-t2,notify:(t:1, i:0)
2024-07-06 11:53:56,925 [grpc-default-executor-2] INFO  impl.SnapshotInstallationHandler (SnapshotInstallationHandler.java:installSnapshotImpl(138)) - 39a46239-dc5f-49f3-8624-e36d450519bc@group-1EB1B476413A: set new configuration index: 23
configurationEntry {
  peers {
    id: "41075d7a-0d70-4fa2-ba46-cbc672699b06"
    address: "localhost:15011"
    startupRole: FOLLOWER
  }
  peers {
    id: "eb66df86-6ffc-4e53-b873-cb2b44d5f35d"
    address: "localhost:15003"
    startupRole: FOLLOWER
  }
}
 from snapshot
2024-07-06 11:53:56,925 [grpc-default-executor-2] INFO  server.RaftServer$Division (ServerState.java:setRaftConf(386)) - 39a46239-dc5f-49f3-8624-e36d450519bc@group-1EB1B476413A: set configuration conf: {index: 23, cur=peers:[41075d7a-0d70-4fa2-ba46-cbc672699b06|localhost:15011, eb66df86-6ffc-4e53-b873-cb2b44d5f35d|localhost:15003]|listeners:[], old=null}
2024-07-06 11:53:56,926 [grpc-default-executor-2] INFO  impl.SnapshotInstallationHandler (SnapshotInstallationHandler.java:installSnapshot(103)) - 39a46239-dc5f-49f3-8624-e36d450519bc@group-1EB1B476413A: reply installSnapshot: eb66df86-6ffc-4e53-b873-cb2b44d5f35d<-39a46239-dc5f-49f3-8624-e36d450519bc#0:FAIL-t2,IN_PROGRESS,snapshotIndex=0
2024-07-06 11:53:56,927 [grpc-default-executor-2] INFO  server.GrpcServerProtocolService (GrpcServerProtocolService.java:onCompleted(157)) - 39a46239-dc5f-49f3-8624-e36d450519bc: Completed INSTALL_SNAPSHOT, lastRequest: eb66df86-6ffc-4e53-b873-cb2b44d5f35d->39a46239-dc5f-49f3-8624-e36d450519bc#0-t2,notify:(t:1, i:0)
2024-07-06 11:53:56,927 [grpc-default-executor-2] INFO  server.GrpcServerProtocolService (GrpcServerProtocolService.java:lambda$onCompleted$5(159)) - 39a46239-dc5f-49f3-8624-e36d450519bc: Completed INSTALL_SNAPSHOT, lastReply: null
2024-07-06 11:53:56,927 [grpc-default-executor-2] INFO  server.GrpcLogAppender (GrpcLogAppender.java:onNext(649)) - eb66df86-6ffc-4e53-b873-cb2b44d5f35d@group-1EB1B476413A->39a46239-dc5f-49f3-8624-e36d450519bc-InstallSnapshotResponseHandler: received a reply eb66df86-6ffc-4e53-b873-cb2b44d5f35d<-39a46239-dc5f-49f3-8624-e36d450519bc#0:FAIL-t2,IN_PROGRESS,snapshotIndex=0
2024-07-06 11:53:56,928 [grpc-default-executor-2] INFO  server.GrpcLogAppender (GrpcLogAppender.java:onNext(665)) - eb66df86-6ffc-4e53-b873-cb2b44d5f35d@group-1EB1B476413A->39a46239-dc5f-49f3-8624-e36d450519bc-InstallSnapshotResponseHandler: InstallSnapshot in progress.
2024-07-06 11:53:56,930 [39a46239-dc5f-49f3-8624-e36d450519bc-server-thread1] INFO  server.RaftServer$Division (RaftServerImpl.java:checkInconsistentAppendEntries(1629)) - 39a46239-dc5f-49f3-8624-e36d450519bc@group-1EB1B476413A: Failed appendEntries as snapshot (0) installation is in progress
2024-07-06 11:53:56,931 [39a46239-dc5f-49f3-8624-e36d450519bc-server-thread1] INFO  server.RaftServer$Division (RaftServerImpl.java:appendEntriesAsync(1584)) - 39a46239-dc5f-49f3-8624-e36d450519bc@group-1EB1B476413A: appendEntries* reply eb66df86-6ffc-4e53-b873-cb2b44d5f35d<-39a46239-dc5f-49f3-8624-e36d450519bc#10:FAIL-t2,INCONSISTENCY,nextIndex=0,followerCommit=-1,matchIndex=-1
2024-07-06 11:53:56,931 [eb66df86-6ffc-4e53-b873-cb2b44d5f35d@group-1EB1B476413A->39a46239-dc5f-49f3-8624-e36d450519bc-GrpcLogAppender-LogAppenderDaemon] INFO  server.GrpcLogAppender (GrpcLogAppender.java:notifyInstallSnapshot(790)) - eb66df86-6ffc-4e53-b873-cb2b44d5f35d@group-1EB1B476413A->39a46239-dc5f-49f3-8624-e36d450519bc-GrpcLogAppender: notifyInstallSnapshot with firstAvailable=(t:1, i:0), followerNextIndex=0
2024-07-06 11:53:56,931 [grpc-default-executor-2] WARN  server.GrpcLogAppender (GrpcLogAppender.java:onNextImpl(519)) - eb66df86-6ffc-4e53-b873-cb2b44d5f35d@group-1EB1B476413A->39a46239-dc5f-49f3-8624-e36d450519bc-AppendLogResponseHandler: received INCONSISTENCY reply with nextIndex 0, errorCount=1, request=AppendEntriesRequest:cid=10,entriesCount=0
2024-07-06 11:53:56,931 [eb66df86-6ffc-4e53-b873-cb2b44d5f35d@group-1EB1B476413A->39a46239-dc5f-49f3-8624-e36d450519bc-GrpcLogAppender-LogAppenderDaemon] INFO  server.GrpcLogAppender (GrpcLogAppender.java:notifyInstallSnapshot(798)) - eb66df86-6ffc-4e53-b873-cb2b44d5f35d@group-1EB1B476413A->39a46239-dc5f-49f3-8624-e36d450519bc-GrpcLogAppender: send eb66df86-6ffc-4e53-b873-cb2b44d5f35d->39a46239-dc5f-49f3-8624-e36d450519bc#0-t2,notify:(t:1, i:0)
2024-07-06 11:53:56,932 [grpc-default-executor-2] INFO  impl.SnapshotInstallationHandler (SnapshotInstallationHandler.java:installSnapshot(92)) - 39a46239-dc5f-49f3-8624-e36d450519bc@group-1EB1B476413A: receive installSnapshot: eb66df86-6ffc-4e53-b873-cb2b44d5f35d->39a46239-dc5f-49f3-8624-e36d450519bc#0-t2,notify:(t:1, i:0)
2024-07-06 11:53:56,933 [grpc-default-executor-2] INFO  impl.SnapshotInstallationHandler (SnapshotInstallationHandler.java:installSnapshotImpl(138)) - 39a46239-dc5f-49f3-8624-e36d450519bc@group-1EB1B476413A: set new configuration index: 23
configurationEntry {
  peers {
    id: "41075d7a-0d70-4fa2-ba46-cbc672699b06"
    address: "localhost:15011"
    startupRole: FOLLOWER
  }
  peers {
    id: "eb66df86-6ffc-4e53-b873-cb2b44d5f35d"
    address: "localhost:15003"
    startupRole: FOLLOWER
  }
}
 from snapshot
2024-07-06 11:53:56,933 [grpc-default-executor-2] INFO  server.RaftServer$Division (ServerState.java:setRaftConf(386)) - 39a46239-dc5f-49f3-8624-e36d450519bc@group-1EB1B476413A: set configuration conf: {index: 23, cur=peers:[41075d7a-0d70-4fa2-ba46-cbc672699b06|localhost:15011, eb66df86-6ffc-4e53-b873-cb2b44d5f35d|localhost:15003]|listeners:[], old=null}
2024-07-06 11:53:56,934 [grpc-default-executor-2] INFO  impl.SnapshotInstallationHandler (SnapshotInstallationHandler.java:installSnapshot(103)) - 39a46239-dc5f-49f3-8624-e36d450519bc@group-1EB1B476413A: reply installSnapshot: eb66df86-6ffc-4e53-b873-cb2b44d5f35d<-39a46239-dc5f-49f3-8624-e36d450519bc#0:FAIL-t2,IN_PROGRESS,snapshotIndex=0
2024-07-06 11:53:56,934 [grpc-default-executor-2] INFO  server.GrpcServerProtocolService (GrpcServerProtocolService.java:onCompleted(157)) - 39a46239-dc5f-49f3-8624-e36d450519bc: Completed INSTALL_SNAPSHOT, lastRequest: eb66df86-6ffc-4e53-b873-cb2b44d5f35d->39a46239-dc5f-49f3-8624-e36d450519bc#0-t2,notify:(t:1, i:0)
2024-07-06 11:53:56,934 [grpc-default-executor-2] INFO  server.GrpcServerProtocolService (GrpcServerProtocolService.java:lambda$onCompleted$5(159)) - 39a46239-dc5f-49f3-8624-e36d450519bc: Completed INSTALL_SNAPSHOT, lastReply: null
2024-07-06 11:53:56,935 [grpc-default-executor-2] INFO  server.GrpcLogAppender (GrpcLogAppender.java:onNext(649)) - eb66df86-6ffc-4e53-b873-cb2b44d5f35d@group-1EB1B476413A->39a46239-dc5f-49f3-8624-e36d450519bc-InstallSnapshotResponseHandler: received a reply eb66df86-6ffc-4e53-b873-cb2b44d5f35d<-39a46239-dc5f-49f3-8624-e36d450519bc#0:FAIL-t2,IN_PROGRESS,snapshotIndex=0
2024-07-06 11:53:56,935 [grpc-default-executor-2] INFO  server.GrpcLogAppender (GrpcLogAppender.java:onNext(665)) - eb66df86-6ffc-4e53-b873-cb2b44d5f35d@group-1EB1B476413A->39a46239-dc5f-49f3-8624-e36d450519bc-InstallSnapshotResponseHandler: InstallSnapshot in progress.
2024-07-06 11:53:56,936 [39a46239-dc5f-49f3-8624-e36d450519bc-server-thread1] INFO  server.RaftServer$Division (RaftServerImpl.java:checkInconsistentAppendEntries(1629)) - 39a46239-dc5f-49f3-8624-e36d450519bc@group-1EB1B476413A: Failed appendEntries as snapshot (0) installation is in progress
2024-07-06 11:53:56,936 [39a46239-dc5f-49f3-8624-e36d450519bc-server-thread1] INFO  server.RaftServer$Division (RaftServerImpl.java:appendEntriesAsync(1584)) - 39a46239-dc5f-49f3-8624-e36d450519bc@group-1EB1B476413A: appendEntries* reply eb66df86-6ffc-4e53-b873-cb2b44d5f35d<-39a46239-dc5f-49f3-8624-e36d450519bc#11:FAIL-t2,INCONSISTENCY,nextIndex=0,followerCommit=-1,matchIndex=-1
2024-07-06 11:53:56,937 [eb66df86-6ffc-4e53-b873-cb2b44d5f35d@group-1EB1B476413A->39a46239-dc5f-49f3-8624-e36d450519bc-GrpcLogAppender-LogAppenderDaemon] INFO  server.GrpcLogAppender (GrpcLogAppender.java:notifyInstallSnapshot(790)) - eb66df86-6ffc-4e53-b873-cb2b44d5f35d@group-1EB1B476413A->39a46239-dc5f-49f3-8624-e36d450519bc-GrpcLogAppender: notifyInstallSnapshot with firstAvailable=(t:1, i:0), followerNextIndex=0
2024-07-06 11:53:56,937 [eb66df86-6ffc-4e53-b873-cb2b44d5f35d@group-1EB1B476413A->39a46239-dc5f-49f3-8624-e36d450519bc-GrpcLogAppender-LogAppenderDaemon] INFO  server.GrpcLogAppender (GrpcLogAppender.java:notifyInstallSnapshot(798)) - eb66df86-6ffc-4e53-b873-cb2b44d5f35d@group-1EB1B476413A->39a46239-dc5f-49f3-8624-e36d450519bc-GrpcLogAppender: send eb66df86-6ffc-4e53-b873-cb2b44d5f35d->39a46239-dc5f-49f3-8624-e36d450519bc#0-t2,notify:(t:1, i:0)
2024-07-06 11:53:56,938 [grpc-default-executor-2] WARN  server.GrpcLogAppender (GrpcLogAppender.java:onNextImpl(519)) - eb66df86-6ffc-4e53-b873-cb2b44d5f35d@group-1EB1B476413A->39a46239-dc5f-49f3-8624-e36d450519bc-AppendLogResponseHandler: received INCONSISTENCY reply with nextIndex 0, errorCount=1, request=AppendEntriesRequest:cid=11,entriesCount=0
2024-07-06 11:53:56,940 [grpc-default-executor-2] INFO  impl.SnapshotInstallationHandler (SnapshotInstallationHandler.java:installSnapshot(92)) - 39a46239-dc5f-49f3-8624-e36d450519bc@group-1EB1B476413A: receive installSnapshot: eb66df86-6ffc-4e53-b873-cb2b44d5f35d->39a46239-dc5f-49f3-8624-e36d450519bc#0-t2,notify:(t:1, i:0)
2024-07-06 11:53:56,940 [grpc-default-executor-2] INFO  impl.SnapshotInstallationHandler (SnapshotInstallationHandler.java:installSnapshotImpl(138)) - 39a46239-dc5f-49f3-8624-e36d450519bc@group-1EB1B476413A: set new configuration index: 23
configurationEntry {
  peers {
    id: "41075d7a-0d70-4fa2-ba46-cbc672699b06"
    address: "localhost:15011"
    startupRole: FOLLOWER
  }
  peers {
    id: "eb66df86-6ffc-4e53-b873-cb2b44d5f35d"
    address: "localhost:15003"
    startupRole: FOLLOWER
  }
}
 from snapshot
2024-07-06 11:53:56,940 [grpc-default-executor-2] INFO  server.RaftServer$Division (ServerState.java:setRaftConf(386)) - 39a46239-dc5f-49f3-8624-e36d450519bc@group-1EB1B476413A: set configuration conf: {index: 23, cur=peers:[41075d7a-0d70-4fa2-ba46-cbc672699b06|localhost:15011, eb66df86-6ffc-4e53-b873-cb2b44d5f35d|localhost:15003]|listeners:[], old=null}
2024-07-06 11:53:56,941 [grpc-default-executor-2] INFO  impl.SnapshotInstallationHandler (SnapshotInstallationHandler.java:installSnapshot(103)) - 39a46239-dc5f-49f3-8624-e36d450519bc@group-1EB1B476413A: reply installSnapshot: eb66df86-6ffc-4e53-b873-cb2b44d5f35d<-39a46239-dc5f-49f3-8624-e36d450519bc#0:FAIL-t2,IN_PROGRESS,snapshotIndex=0
2024-07-06 11:53:56,942 [grpc-default-executor-2] INFO  server.GrpcServerProtocolService (GrpcServerProtocolService.java:onCompleted(157)) - 39a46239-dc5f-49f3-8624-e36d450519bc: Completed INSTALL_SNAPSHOT, lastRequest: eb66df86-6ffc-4e53-b873-cb2b44d5f35d->39a46239-dc5f-49f3-8624-e36d450519bc#0-t2,notify:(t:1, i:0)
2024-07-06 11:53:56,942 [grpc-default-executor-2] INFO  server.GrpcServerProtocolService (GrpcServerProtocolService.java:lambda$onCompleted$5(159)) - 39a46239-dc5f-49f3-8624-e36d450519bc: Completed INSTALL_SNAPSHOT, lastReply: null
2024-07-06 11:53:56,943 [grpc-default-executor-2] INFO  server.GrpcLogAppender (GrpcLogAppender.java:onNext(649)) - eb66df86-6ffc-4e53-b873-cb2b44d5f35d@group-1EB1B476413A->39a46239-dc5f-49f3-8624-e36d450519bc-InstallSnapshotResponseHandler: received a reply eb66df86-6ffc-4e53-b873-cb2b44d5f35d<-39a46239-dc5f-49f3-8624-e36d450519bc#0:FAIL-t2,IN_PROGRESS,snapshotIndex=0
2024-07-06 11:53:56,943 [grpc-default-executor-2] INFO  server.GrpcLogAppender (GrpcLogAppender.java:onNext(665)) - eb66df86-6ffc-4e53-b873-cb2b44d5f35d@group-1EB1B476413A->39a46239-dc5f-49f3-8624-e36d450519bc-InstallSnapshotResponseHandler: InstallSnapshot in progress.
2024-07-06 11:53:56,944 [39a46239-dc5f-49f3-8624-e36d450519bc-server-thread1] INFO  server.RaftServer$Division (RaftServerImpl.java:checkInconsistentAppendEntries(1629)) - 39a46239-dc5f-49f3-8624-e36d450519bc@group-1EB1B476413A: Failed appendEntries as snapshot (0) installation is in progress
2024-07-06 11:53:56,944 [39a46239-dc5f-49f3-8624-e36d450519bc-server-thread1] INFO  server.RaftServer$Division (RaftServerImpl.java:appendEntriesAsync(1584)) - 39a46239-dc5f-49f3-8624-e36d450519bc@group-1EB1B476413A: appendEntries* reply eb66df86-6ffc-4e53-b873-cb2b44d5f35d<-39a46239-dc5f-49f3-8624-e36d450519bc#12:FAIL-t2,INCONSISTENCY,nextIndex=0,followerCommit=-1,matchIndex=-1
2024-07-06 11:53:56,944 [eb66df86-6ffc-4e53-b873-cb2b44d5f35d@group-1EB1B476413A->39a46239-dc5f-49f3-8624-e36d450519bc-GrpcLogAppender-LogAppenderDaemon] INFO  server.GrpcLogAppender (GrpcLogAppender.java:notifyInstallSnapshot(790)) - eb66df86-6ffc-4e53-b873-cb2b44d5f35d@group-1EB1B476413A->39a46239-dc5f-49f3-8624-e36d450519bc-GrpcLogAppender: notifyInstallSnapshot with firstAvailable=(t:1, i:0), followerNextIndex=0
2024-07-06 11:53:56,944 [eb66df86-6ffc-4e53-b873-cb2b44d5f35d@group-1EB1B476413A->39a46239-dc5f-49f3-8624-e36d450519bc-GrpcLogAppender-LogAppenderDaemon] INFO  server.GrpcLogAppender (GrpcLogAppender.java:notifyInstallSnapshot(798)) - eb66df86-6ffc-4e53-b873-cb2b44d5f35d@group-1EB1B476413A->39a46239-dc5f-49f3-8624-e36d450519bc-GrpcLogAppender: send eb66df86-6ffc-4e53-b873-cb2b44d5f35d->39a46239-dc5f-49f3-8624-e36d450519bc#0-t2,notify:(t:1, i:0)
2024-07-06 11:53:56,945 [grpc-default-executor-2] WARN  server.GrpcLogAppender (GrpcLogAppender.java:onNextImpl(519)) - eb66df86-6ffc-4e53-b873-cb2b44d5f35d@group-1EB1B476413A->39a46239-dc5f-49f3-8624-e36d450519bc-AppendLogResponseHandler: received INCONSISTENCY reply with nextIndex 0, errorCount=1, request=AppendEntriesRequest:cid=12,entriesCount=0
2024-07-06 11:53:56,946 [grpc-default-executor-2] INFO  impl.SnapshotInstallationHandler (SnapshotInstallationHandler.java:installSnapshot(92)) - 39a46239-dc5f-49f3-8624-e36d450519bc@group-1EB1B476413A: receive installSnapshot: eb66df86-6ffc-4e53-b873-cb2b44d5f35d->39a46239-dc5f-49f3-8624-e36d450519bc#0-t2,notify:(t:1, i:0)
2024-07-06 11:53:56,946 [grpc-default-executor-2] INFO  impl.SnapshotInstallationHandler (SnapshotInstallationHandler.java:installSnapshotImpl(138)) - 39a46239-dc5f-49f3-8624-e36d450519bc@group-1EB1B476413A: set new configuration index: 23
configurationEntry {
  peers {
    id: "41075d7a-0d70-4fa2-ba46-cbc672699b06"
    address: "localhost:15011"
    startupRole: FOLLOWER
  }
  peers {
    id: "eb66df86-6ffc-4e53-b873-cb2b44d5f35d"
    address: "localhost:15003"
    startupRole: FOLLOWER
  }
}
 from snapshot
2024-07-06 11:53:56,946 [grpc-default-executor-2] INFO  server.RaftServer$Division (ServerState.java:setRaftConf(386)) - 39a46239-dc5f-49f3-8624-e36d450519bc@group-1EB1B476413A: set configuration conf: {index: 23, cur=peers:[41075d7a-0d70-4fa2-ba46-cbc672699b06|localhost:15011, eb66df86-6ffc-4e53-b873-cb2b44d5f35d|localhost:15003]|listeners:[], old=null}
2024-07-06 11:53:56,948 [grpc-default-executor-2] INFO  impl.SnapshotInstallationHandler (SnapshotInstallationHandler.java:installSnapshot(103)) - 39a46239-dc5f-49f3-8624-e36d450519bc@group-1EB1B476413A: reply installSnapshot: eb66df86-6ffc-4e53-b873-cb2b44d5f35d<-39a46239-dc5f-49f3-8624-e36d450519bc#0:FAIL-t2,IN_PROGRESS,snapshotIndex=0
2024-07-06 11:53:56,948 [grpc-default-executor-2] INFO  server.GrpcServerProtocolService (GrpcServerProtocolService.java:onCompleted(157)) - 39a46239-dc5f-49f3-8624-e36d450519bc: Completed INSTALL_SNAPSHOT, lastRequest: eb66df86-6ffc-4e53-b873-cb2b44d5f35d->39a46239-dc5f-49f3-8624-e36d450519bc#0-t2,notify:(t:1, i:0)
2024-07-06 11:53:56,948 [grpc-default-executor-2] INFO  server.GrpcServerProtocolService (GrpcServerProtocolService.java:lambda$onCompleted$5(159)) - 39a46239-dc5f-49f3-8624-e36d450519bc: Completed INSTALL_SNAPSHOT, lastReply: null
2024-07-06 11:53:56,948 [grpc-default-executor-1] INFO  server.GrpcLogAppender (GrpcLogAppender.java:onNext(649)) - eb66df86-6ffc-4e53-b873-cb2b44d5f35d@group-1EB1B476413A->39a46239-dc5f-49f3-8624-e36d450519bc-InstallSnapshotResponseHandler: received a reply eb66df86-6ffc-4e53-b873-cb2b44d5f35d<-39a46239-dc5f-49f3-8624-e36d450519bc#0:FAIL-t2,IN_PROGRESS,snapshotIndex=0
2024-07-06 11:53:56,949 [grpc-default-executor-1] INFO  server.GrpcLogAppender (GrpcLogAppender.java:onNext(665)) - eb66df86-6ffc-4e53-b873-cb2b44d5f35d@group-1EB1B476413A->39a46239-dc5f-49f3-8624-e36d450519bc-InstallSnapshotResponseHandler: InstallSnapshot in progress.
2024-07-06 11:53:56,950 [39a46239-dc5f-49f3-8624-e36d450519bc-server-thread1] INFO  server.RaftServer$Division (RaftServerImpl.java:checkInconsistentAppendEntries(1629)) - 39a46239-dc5f-49f3-8624-e36d450519bc@group-1EB1B476413A: Failed appendEntries as snapshot (0) installation is in progress
2024-07-06 11:53:56,950 [39a46239-dc5f-49f3-8624-e36d450519bc-server-thread1] INFO  server.RaftServer$Division (RaftServerImpl.java:appendEntriesAsync(1584)) - 39a46239-dc5f-49f3-8624-e36d450519bc@group-1EB1B476413A: appendEntries* reply eb66df86-6ffc-4e53-b873-cb2b44d5f35d<-39a46239-dc5f-49f3-8624-e36d450519bc#13:FAIL-t2,INCONSISTENCY,nextIndex=0,followerCommit=-1,matchIndex=-1
2024-07-06 11:53:56,951 [eb66df86-6ffc-4e53-b873-cb2b44d5f35d@group-1EB1B476413A->39a46239-dc5f-49f3-8624-e36d450519bc-GrpcLogAppender-LogAppenderDaemon] INFO  server.GrpcLogAppender (GrpcLogAppender.java:notifyInstallSnapshot(790)) - eb66df86-6ffc-4e53-b873-cb2b44d5f35d@group-1EB1B476413A->39a46239-dc5f-49f3-8624-e36d450519bc-GrpcLogAppender: notifyInstallSnapshot with firstAvailable=(t:1, i:0), followerNextIndex=0
2024-07-06 11:53:56,951 [grpc-default-executor-1] WARN  server.GrpcLogAppender (GrpcLogAppender.java:onNextImpl(519)) - eb66df86-6ffc-4e53-b873-cb2b44d5f35d@group-1EB1B476413A->39a46239-dc5f-49f3-8624-e36d450519bc-AppendLogResponseHandler: received INCONSISTENCY reply with nextIndex 0, errorCount=1, request=AppendEntriesRequest:cid=13,entriesCount=0
2024-07-06 11:53:56,951 [eb66df86-6ffc-4e53-b873-cb2b44d5f35d@group-1EB1B476413A->39a46239-dc5f-49f3-8624-e36d450519bc-GrpcLogAppender-LogAppenderDaemon] INFO  server.GrpcLogAppender (GrpcLogAppender.java:notifyInstallSnapshot(798)) - eb66df86-6ffc-4e53-b873-cb2b44d5f35d@group-1EB1B476413A->39a46239-dc5f-49f3-8624-e36d450519bc-GrpcLogAppender: send eb66df86-6ffc-4e53-b873-cb2b44d5f35d->39a46239-dc5f-49f3-8624-e36d450519bc#0-t2,notify:(t:1, i:0)
2024-07-06 11:53:56,953 [grpc-default-executor-2] INFO  impl.SnapshotInstallationHandler (SnapshotInstallationHandler.java:installSnapshot(92)) - 39a46239-dc5f-49f3-8624-e36d450519bc@group-1EB1B476413A: receive installSnapshot: eb66df86-6ffc-4e53-b873-cb2b44d5f35d->39a46239-dc5f-49f3-8624-e36d450519bc#0-t2,notify:(t:1, i:0)
2024-07-06 11:53:56,954 [grpc-default-executor-2] INFO  impl.SnapshotInstallationHandler (SnapshotInstallationHandler.java:installSnapshotImpl(138)) - 39a46239-dc5f-49f3-8624-e36d450519bc@group-1EB1B476413A: set new configuration index: 23
configurationEntry {
  peers {
    id: "41075d7a-0d70-4fa2-ba46-cbc672699b06"
    address: "localhost:15011"
    startupRole: FOLLOWER
  }
  peers {
    id: "eb66df86-6ffc-4e53-b873-cb2b44d5f35d"
    address: "localhost:15003"
    startupRole: FOLLOWER
  }
}
 from snapshot
2024-07-06 11:53:56,954 [grpc-default-executor-2] INFO  server.RaftServer$Division (ServerState.java:setRaftConf(386)) - 39a46239-dc5f-49f3-8624-e36d450519bc@group-1EB1B476413A: set configuration conf: {index: 23, cur=peers:[41075d7a-0d70-4fa2-ba46-cbc672699b06|localhost:15011, eb66df86-6ffc-4e53-b873-cb2b44d5f35d|localhost:15003]|listeners:[], old=null}
2024-07-06 11:53:56,955 [grpc-default-executor-2] INFO  impl.SnapshotInstallationHandler (SnapshotInstallationHandler.java:installSnapshot(103)) - 39a46239-dc5f-49f3-8624-e36d450519bc@group-1EB1B476413A: reply installSnapshot: eb66df86-6ffc-4e53-b873-cb2b44d5f35d<-39a46239-dc5f-49f3-8624-e36d450519bc#0:FAIL-t2,IN_PROGRESS,snapshotIndex=0
2024-07-06 11:53:56,956 [grpc-default-executor-1] INFO  server.GrpcLogAppender (GrpcLogAppender.java:onNext(649)) - eb66df86-6ffc-4e53-b873-cb2b44d5f35d@group-1EB1B476413A->39a46239-dc5f-49f3-8624-e36d450519bc-InstallSnapshotResponseHandler: received a reply eb66df86-6ffc-4e53-b873-cb2b44d5f35d<-39a46239-dc5f-49f3-8624-e36d450519bc#0:FAIL-t2,IN_PROGRESS,snapshotIndex=0
2024-07-06 11:53:56,956 [grpc-default-executor-1] INFO  server.GrpcLogAppender (GrpcLogAppender.java:onNext(665)) - eb66df86-6ffc-4e53-b873-cb2b44d5f35d@group-1EB1B476413A->39a46239-dc5f-49f3-8624-e36d450519bc-InstallSnapshotResponseHandler: InstallSnapshot in progress.
2024-07-06 11:53:56,956 [grpc-default-executor-2] INFO  server.GrpcServerProtocolService (GrpcServerProtocolService.java:onCompleted(157)) - 39a46239-dc5f-49f3-8624-e36d450519bc: Completed INSTALL_SNAPSHOT, lastRequest: eb66df86-6ffc-4e53-b873-cb2b44d5f35d->39a46239-dc5f-49f3-8624-e36d450519bc#0-t2,notify:(t:1, i:0)
2024-07-06 11:53:56,956 [grpc-default-executor-2] INFO  server.GrpcServerProtocolService (GrpcServerProtocolService.java:lambda$onCompleted$5(159)) - 39a46239-dc5f-49f3-8624-e36d450519bc: Completed INSTALL_SNAPSHOT, lastReply: null
2024-07-06 11:53:56,957 [eb66df86-6ffc-4e53-b873-cb2b44d5f35d@group-1EB1B476413A->39a46239-dc5f-49f3-8624-e36d450519bc-GrpcLogAppender-LogAppenderDaemon] INFO  server.GrpcLogAppender (GrpcLogAppender.java:notifyInstallSnapshot(790)) - eb66df86-6ffc-4e53-b873-cb2b44d5f35d@group-1EB1B476413A->39a46239-dc5f-49f3-8624-e36d450519bc-GrpcLogAppender: notifyInstallSnapshot with firstAvailable=(t:1, i:0), followerNextIndex=0
2024-07-06 11:53:56,957 [eb66df86-6ffc-4e53-b873-cb2b44d5f35d@group-1EB1B476413A->39a46239-dc5f-49f3-8624-e36d450519bc-GrpcLogAppender-LogAppenderDaemon] INFO  server.GrpcLogAppender (GrpcLogAppender.java:notifyInstallSnapshot(798)) - eb66df86-6ffc-4e53-b873-cb2b44d5f35d@group-1EB1B476413A->39a46239-dc5f-49f3-8624-e36d450519bc-GrpcLogAppender: send eb66df86-6ffc-4e53-b873-cb2b44d5f35d->39a46239-dc5f-49f3-8624-e36d450519bc#0-t2,notify:(t:1, i:0)
2024-07-06 11:53:56,958 [grpc-default-executor-1] INFO  impl.SnapshotInstallationHandler (SnapshotInstallationHandler.java:installSnapshot(92)) - 39a46239-dc5f-49f3-8624-e36d450519bc@group-1EB1B476413A: receive installSnapshot: eb66df86-6ffc-4e53-b873-cb2b44d5f35d->39a46239-dc5f-49f3-8624-e36d450519bc#0-t2,notify:(t:1, i:0)
2024-07-06 11:53:56,959 [grpc-default-executor-1] INFO  impl.SnapshotInstallationHandler (SnapshotInstallationHandler.java:installSnapshotImpl(138)) - 39a46239-dc5f-49f3-8624-e36d450519bc@group-1EB1B476413A: set new configuration index: 23
configurationEntry {
  peers {
    id: "41075d7a-0d70-4fa2-ba46-cbc672699b06"
    address: "localhost:15011"
    startupRole: FOLLOWER
  }
  peers {
    id: "eb66df86-6ffc-4e53-b873-cb2b44d5f35d"
    address: "localhost:15003"
    startupRole: FOLLOWER
  }
}
 from snapshot
2024-07-06 11:53:56,959 [grpc-default-executor-1] INFO  server.RaftServer$Division (ServerState.java:setRaftConf(386)) - 39a46239-dc5f-49f3-8624-e36d450519bc@group-1EB1B476413A: set configuration conf: {index: 23, cur=peers:[41075d7a-0d70-4fa2-ba46-cbc672699b06|localhost:15011, eb66df86-6ffc-4e53-b873-cb2b44d5f35d|localhost:15003]|listeners:[], old=null}
2024-07-06 11:53:56,960 [39a46239-dc5f-49f3-8624-e36d450519bc-server-thread1] INFO  server.RaftServer$Division (RaftServerImpl.java:checkInconsistentAppendEntries(1629)) - 39a46239-dc5f-49f3-8624-e36d450519bc@group-1EB1B476413A: Failed appendEntries as snapshot (0) installation is in progress
2024-07-06 11:53:56,960 [39a46239-dc5f-49f3-8624-e36d450519bc-server-thread1] INFO  server.RaftServer$Division (RaftServerImpl.java:appendEntriesAsync(1584)) - 39a46239-dc5f-49f3-8624-e36d450519bc@group-1EB1B476413A: appendEntries* reply eb66df86-6ffc-4e53-b873-cb2b44d5f35d<-39a46239-dc5f-49f3-8624-e36d450519bc#14:FAIL-t2,INCONSISTENCY,nextIndex=0,followerCommit=-1,matchIndex=-1
2024-07-06 11:53:56,960 [grpc-default-executor-1] INFO  impl.SnapshotInstallationHandler (SnapshotInstallationHandler.java:installSnapshot(103)) - 39a46239-dc5f-49f3-8624-e36d450519bc@group-1EB1B476413A: reply installSnapshot: eb66df86-6ffc-4e53-b873-cb2b44d5f35d<-39a46239-dc5f-49f3-8624-e36d450519bc#0:FAIL-t2,IN_PROGRESS,snapshotIndex=0
2024-07-06 11:53:56,960 [grpc-default-executor-1] INFO  server.GrpcServerProtocolService (GrpcServerProtocolService.java:onCompleted(157)) - 39a46239-dc5f-49f3-8624-e36d450519bc: Completed INSTALL_SNAPSHOT, lastRequest: eb66df86-6ffc-4e53-b873-cb2b44d5f35d->39a46239-dc5f-49f3-8624-e36d450519bc#0-t2,notify:(t:1, i:0)
2024-07-06 11:53:56,960 [grpc-default-executor-1] INFO  server.GrpcServerProtocolService (GrpcServerProtocolService.java:lambda$onCompleted$5(159)) - 39a46239-dc5f-49f3-8624-e36d450519bc: Completed INSTALL_SNAPSHOT, lastReply: null
2024-07-06 11:53:56,961 [grpc-default-executor-1] INFO  server.GrpcLogAppender (GrpcLogAppender.java:onNext(649)) - eb66df86-6ffc-4e53-b873-cb2b44d5f35d@group-1EB1B476413A->39a46239-dc5f-49f3-8624-e36d450519bc-InstallSnapshotResponseHandler: received a reply eb66df86-6ffc-4e53-b873-cb2b44d5f35d<-39a46239-dc5f-49f3-8624-e36d450519bc#0:FAIL-t2,IN_PROGRESS,snapshotIndex=0
2024-07-06 11:53:56,961 [grpc-default-executor-1] INFO  server.GrpcLogAppender (GrpcLogAppender.java:onNext(665)) - eb66df86-6ffc-4e53-b873-cb2b44d5f35d@group-1EB1B476413A->39a46239-dc5f-49f3-8624-e36d450519bc-InstallSnapshotResponseHandler: InstallSnapshot in progress.
2024-07-06 11:53:56,962 [eb66df86-6ffc-4e53-b873-cb2b44d5f35d@group-1EB1B476413A->39a46239-dc5f-49f3-8624-e36d450519bc-GrpcLogAppender-LogAppenderDaemon] INFO  server.GrpcLogAppender (GrpcLogAppender.java:notifyInstallSnapshot(790)) - eb66df86-6ffc-4e53-b873-cb2b44d5f35d@group-1EB1B476413A->39a46239-dc5f-49f3-8624-e36d450519bc-GrpcLogAppender: notifyInstallSnapshot with firstAvailable=(t:1, i:0), followerNextIndex=0
2024-07-06 11:53:56,962 [eb66df86-6ffc-4e53-b873-cb2b44d5f35d@group-1EB1B476413A->39a46239-dc5f-49f3-8624-e36d450519bc-GrpcLogAppender-LogAppenderDaemon] INFO  server.GrpcLogAppender (GrpcLogAppender.java:notifyInstallSnapshot(798)) - eb66df86-6ffc-4e53-b873-cb2b44d5f35d@group-1EB1B476413A->39a46239-dc5f-49f3-8624-e36d450519bc-GrpcLogAppender: send eb66df86-6ffc-4e53-b873-cb2b44d5f35d->39a46239-dc5f-49f3-8624-e36d450519bc#0-t2,notify:(t:1, i:0)
2024-07-06 11:53:56,964 [grpc-default-executor-2] INFO  impl.SnapshotInstallationHandler (SnapshotInstallationHandler.java:installSnapshot(92)) - 39a46239-dc5f-49f3-8624-e36d450519bc@group-1EB1B476413A: receive installSnapshot: eb66df86-6ffc-4e53-b873-cb2b44d5f35d->39a46239-dc5f-49f3-8624-e36d450519bc#0-t2,notify:(t:1, i:0)
2024-07-06 11:53:56,965 [grpc-default-executor-2] INFO  impl.SnapshotInstallationHandler (SnapshotInstallationHandler.java:installSnapshotImpl(138)) - 39a46239-dc5f-49f3-8624-e36d450519bc@group-1EB1B476413A: set new configuration index: 23
configurationEntry {
  peers {
    id: "41075d7a-0d70-4fa2-ba46-cbc672699b06"
    address: "localhost:15011"
    startupRole: FOLLOWER
  }
  peers {
    id: "eb66df86-6ffc-4e53-b873-cb2b44d5f35d"
    address: "localhost:15003"
    startupRole: FOLLOWER
  }
}
 from snapshot
2024-07-06 11:53:56,965 [grpc-default-executor-2] INFO  server.RaftServer$Division (ServerState.java:setRaftConf(386)) - 39a46239-dc5f-49f3-8624-e36d450519bc@group-1EB1B476413A: set configuration conf: {index: 23, cur=peers:[41075d7a-0d70-4fa2-ba46-cbc672699b06|localhost:15011, eb66df86-6ffc-4e53-b873-cb2b44d5f35d|localhost:15003]|listeners:[], old=null}
2024-07-06 11:53:56,966 [grpc-default-executor-1] WARN  server.GrpcLogAppender (GrpcLogAppender.java:onNextImpl(519)) - eb66df86-6ffc-4e53-b873-cb2b44d5f35d@group-1EB1B476413A->39a46239-dc5f-49f3-8624-e36d450519bc-AppendLogResponseHandler: received INCONSISTENCY reply with nextIndex 0, errorCount=1, request=AppendEntriesRequest:cid=14,entriesCount=0
2024-07-06 11:53:56,966 [39a46239-dc5f-49f3-8624-e36d450519bc-server-thread1] INFO  server.RaftServer$Division (RaftServerImpl.java:checkInconsistentAppendEntries(1629)) - 39a46239-dc5f-49f3-8624-e36d450519bc@group-1EB1B476413A: Failed appendEntries as snapshot (0) installation is in progress
2024-07-06 11:53:56,966 [39a46239-dc5f-49f3-8624-e36d450519bc-server-thread1] INFO  server.RaftServer$Division (RaftServerImpl.java:appendEntriesAsync(1584)) - 39a46239-dc5f-49f3-8624-e36d450519bc@group-1EB1B476413A: appendEntries* reply eb66df86-6ffc-4e53-b873-cb2b44d5f35d<-39a46239-dc5f-49f3-8624-e36d450519bc#15:FAIL-t2,INCONSISTENCY,nextIndex=0,followerCommit=-1,matchIndex=-1
2024-07-06 11:53:56,968 [grpc-default-executor-2] INFO  impl.SnapshotInstallationHandler (SnapshotInstallationHandler.java:installSnapshot(103)) - 39a46239-dc5f-49f3-8624-e36d450519bc@group-1EB1B476413A: reply installSnapshot: eb66df86-6ffc-4e53-b873-cb2b44d5f35d<-39a46239-dc5f-49f3-8624-e36d450519bc#0:FAIL-t2,IN_PROGRESS,snapshotIndex=0
2024-07-06 11:53:56,968 [grpc-default-executor-2] INFO  server.GrpcServerProtocolService (GrpcServerProtocolService.java:onCompleted(157)) - 39a46239-dc5f-49f3-8624-e36d450519bc: Completed INSTALL_SNAPSHOT, lastRequest: eb66df86-6ffc-4e53-b873-cb2b44d5f35d->39a46239-dc5f-49f3-8624-e36d450519bc#0-t2,notify:(t:1, i:0)
2024-07-06 11:53:56,968 [grpc-default-executor-2] INFO  server.GrpcServerProtocolService (GrpcServerProtocolService.java:lambda$onCompleted$5(159)) - 39a46239-dc5f-49f3-8624-e36d450519bc: Completed INSTALL_SNAPSHOT, lastReply: null
2024-07-06 11:53:56,969 [grpc-default-executor-2] INFO  server.GrpcLogAppender (GrpcLogAppender.java:onNext(649)) - eb66df86-6ffc-4e53-b873-cb2b44d5f35d@group-1EB1B476413A->39a46239-dc5f-49f3-8624-e36d450519bc-InstallSnapshotResponseHandler: received a reply eb66df86-6ffc-4e53-b873-cb2b44d5f35d<-39a46239-dc5f-49f3-8624-e36d450519bc#0:FAIL-t2,IN_PROGRESS,snapshotIndex=0
2024-07-06 11:53:56,969 [grpc-default-executor-2] INFO  server.GrpcLogAppender (GrpcLogAppender.java:onNext(665)) - eb66df86-6ffc-4e53-b873-cb2b44d5f35d@group-1EB1B476413A->39a46239-dc5f-49f3-8624-e36d450519bc-InstallSnapshotResponseHandler: InstallSnapshot in progress.
2024-07-06 11:53:56,970 [eb66df86-6ffc-4e53-b873-cb2b44d5f35d@group-1EB1B476413A->39a46239-dc5f-49f3-8624-e36d450519bc-GrpcLogAppender-LogAppenderDaemon] INFO  server.GrpcLogAppender (GrpcLogAppender.java:notifyInstallSnapshot(790)) - eb66df86-6ffc-4e53-b873-cb2b44d5f35d@group-1EB1B476413A->39a46239-dc5f-49f3-8624-e36d450519bc-GrpcLogAppender: notifyInstallSnapshot with firstAvailable=(t:1, i:0), followerNextIndex=0
2024-07-06 11:53:56,970 [eb66df86-6ffc-4e53-b873-cb2b44d5f35d@group-1EB1B476413A->39a46239-dc5f-49f3-8624-e36d450519bc-GrpcLogAppender-LogAppenderDaemon] INFO  server.GrpcLogAppender (GrpcLogAppender.java:notifyInstallSnapshot(798)) - eb66df86-6ffc-4e53-b873-cb2b44d5f35d@group-1EB1B476413A->39a46239-dc5f-49f3-8624-e36d450519bc-GrpcLogAppender: send eb66df86-6ffc-4e53-b873-cb2b44d5f35d->39a46239-dc5f-49f3-8624-e36d450519bc#0-t2,notify:(t:1, i:0)
2024-07-06 11:53:56,971 [grpc-default-executor-2] WARN  server.GrpcLogAppender (GrpcLogAppender.java:onNextImpl(519)) - eb66df86-6ffc-4e53-b873-cb2b44d5f35d@group-1EB1B476413A->39a46239-dc5f-49f3-8624-e36d450519bc-AppendLogResponseHandler: received INCONSISTENCY reply with nextIndex 0, errorCount=1, request=null
2024-07-06 11:53:56,972 [grpc-default-executor-2] INFO  impl.SnapshotInstallationHandler (SnapshotInstallationHandler.java:installSnapshot(92)) - 39a46239-dc5f-49f3-8624-e36d450519bc@group-1EB1B476413A: receive installSnapshot: eb66df86-6ffc-4e53-b873-cb2b44d5f35d->39a46239-dc5f-49f3-8624-e36d450519bc#0-t2,notify:(t:1, i:0)
2024-07-06 11:53:56,972 [grpc-default-executor-2] INFO  impl.SnapshotInstallationHandler (SnapshotInstallationHandler.java:installSnapshotImpl(138)) - 39a46239-dc5f-49f3-8624-e36d450519bc@group-1EB1B476413A: set new configuration index: 23
configurationEntry {
  peers {
    id: "41075d7a-0d70-4fa2-ba46-cbc672699b06"
    address: "localhost:15011"
    startupRole: FOLLOWER
  }
  peers {
    id: "eb66df86-6ffc-4e53-b873-cb2b44d5f35d"
    address: "localhost:15003"
    startupRole: FOLLOWER
  }
}
 from snapshot
2024-07-06 11:53:56,973 [grpc-default-executor-2] INFO  server.RaftServer$Division (ServerState.java:setRaftConf(386)) - 39a46239-dc5f-49f3-8624-e36d450519bc@group-1EB1B476413A: set configuration conf: {index: 23, cur=peers:[41075d7a-0d70-4fa2-ba46-cbc672699b06|localhost:15011, eb66df86-6ffc-4e53-b873-cb2b44d5f35d|localhost:15003]|listeners:[], old=null}
2024-07-06 11:53:56,973 [39a46239-dc5f-49f3-8624-e36d450519bc-server-thread1] INFO  server.RaftServer$Division (RaftServerImpl.java:checkInconsistentAppendEntries(1629)) - 39a46239-dc5f-49f3-8624-e36d450519bc@group-1EB1B476413A: Failed appendEntries as snapshot (0) installation is in progress
2024-07-06 11:53:56,974 [39a46239-dc5f-49f3-8624-e36d450519bc-server-thread1] INFO  server.RaftServer$Division (RaftServerImpl.java:appendEntriesAsync(1584)) - 39a46239-dc5f-49f3-8624-e36d450519bc@group-1EB1B476413A: appendEntries* reply eb66df86-6ffc-4e53-b873-cb2b44d5f35d<-39a46239-dc5f-49f3-8624-e36d450519bc#16:FAIL-t2,INCONSISTENCY,nextIndex=0,followerCommit=-1,matchIndex=-1
2024-07-06 11:53:56,974 [grpc-default-executor-0] WARN  server.GrpcLogAppender (GrpcLogAppender.java:onNextImpl(519)) - eb66df86-6ffc-4e53-b873-cb2b44d5f35d@group-1EB1B476413A->39a46239-dc5f-49f3-8624-e36d450519bc-AppendLogResponseHandler: received INCONSISTENCY reply with nextIndex 0, errorCount=2, request=null
2024-07-06 11:53:56,975 [grpc-default-executor-2] INFO  impl.SnapshotInstallationHandler (SnapshotInstallationHandler.java:installSnapshot(103)) - 39a46239-dc5f-49f3-8624-e36d450519bc@group-1EB1B476413A: reply installSnapshot: eb66df86-6ffc-4e53-b873-cb2b44d5f35d<-39a46239-dc5f-49f3-8624-e36d450519bc#0:FAIL-t2,IN_PROGRESS,snapshotIndex=0
2024-07-06 11:53:56,975 [grpc-default-executor-2] INFO  server.GrpcServerProtocolService (GrpcServerProtocolService.java:onCompleted(157)) - 39a46239-dc5f-49f3-8624-e36d450519bc: Completed INSTALL_SNAPSHOT, lastRequest: eb66df86-6ffc-4e53-b873-cb2b44d5f35d->39a46239-dc5f-49f3-8624-e36d450519bc#0-t2,notify:(t:1, i:0)
2024-07-06 11:53:56,975 [grpc-default-executor-2] INFO  server.GrpcServerProtocolService (GrpcServerProtocolService.java:lambda$onCompleted$5(159)) - 39a46239-dc5f-49f3-8624-e36d450519bc: Completed INSTALL_SNAPSHOT, lastReply: null
2024-07-06 11:53:56,976 [grpc-default-executor-0] INFO  server.GrpcLogAppender (GrpcLogAppender.java:onNext(649)) - eb66df86-6ffc-4e53-b873-cb2b44d5f35d@group-1EB1B476413A->39a46239-dc5f-49f3-8624-e36d450519bc-InstallSnapshotResponseHandler: received a reply eb66df86-6ffc-4e53-b873-cb2b44d5f35d<-39a46239-dc5f-49f3-8624-e36d450519bc#0:FAIL-t2,IN_PROGRESS,snapshotIndex=0
2024-07-06 11:53:56,976 [grpc-default-executor-0] INFO  server.GrpcLogAppender (GrpcLogAppender.java:onNext(665)) - eb66df86-6ffc-4e53-b873-cb2b44d5f35d@group-1EB1B476413A->39a46239-dc5f-49f3-8624-e36d450519bc-InstallSnapshotResponseHandler: InstallSnapshot in progress.
2024-07-06 11:53:56,977 [39a46239-dc5f-49f3-8624-e36d450519bc-server-thread1] INFO  server.RaftServer$Division (RaftServerImpl.java:checkInconsistentAppendEntries(1629)) - 39a46239-dc5f-49f3-8624-e36d450519bc@group-1EB1B476413A: Failed appendEntries as snapshot (0) installation is in progress
2024-07-06 11:53:56,977 [39a46239-dc5f-49f3-8624-e36d450519bc-server-thread1] INFO  server.RaftServer$Division (RaftServerImpl.java:appendEntriesAsync(1584)) - 39a46239-dc5f-49f3-8624-e36d450519bc@group-1EB1B476413A: appendEntries* reply eb66df86-6ffc-4e53-b873-cb2b44d5f35d<-39a46239-dc5f-49f3-8624-e36d450519bc#17:FAIL-t2,INCONSISTENCY,nextIndex=0,followerCommit=-1,matchIndex=-1
2024-07-06 11:53:56,977 [eb66df86-6ffc-4e53-b873-cb2b44d5f35d@group-1EB1B476413A->39a46239-dc5f-49f3-8624-e36d450519bc-GrpcLogAppender-LogAppenderDaemon] INFO  server.GrpcLogAppender (GrpcLogAppender.java:notifyInstallSnapshot(790)) - eb66df86-6ffc-4e53-b873-cb2b44d5f35d@group-1EB1B476413A->39a46239-dc5f-49f3-8624-e36d450519bc-GrpcLogAppender: notifyInstallSnapshot with firstAvailable=(t:1, i:0), followerNextIndex=0
2024-07-06 11:53:56,977 [grpc-default-executor-0] WARN  server.GrpcLogAppender (GrpcLogAppender.java:onNextImpl(519)) - eb66df86-6ffc-4e53-b873-cb2b44d5f35d@group-1EB1B476413A->39a46239-dc5f-49f3-8624-e36d450519bc-AppendLogResponseHandler: received INCONSISTENCY reply with nextIndex 0, errorCount=1, request=AppendEntriesRequest:cid=17,entriesCount=0
2024-07-06 11:53:56,977 [eb66df86-6ffc-4e53-b873-cb2b44d5f35d@group-1EB1B476413A->39a46239-dc5f-49f3-8624-e36d450519bc-GrpcLogAppender-LogAppenderDaemon] INFO  server.GrpcLogAppender (GrpcLogAppender.java:notifyInstallSnapshot(798)) - eb66df86-6ffc-4e53-b873-cb2b44d5f35d@group-1EB1B476413A->39a46239-dc5f-49f3-8624-e36d450519bc-GrpcLogAppender: send eb66df86-6ffc-4e53-b873-cb2b44d5f35d->39a46239-dc5f-49f3-8624-e36d450519bc#0-t2,notify:(t:1, i:0)
2024-07-06 11:53:56,979 [grpc-default-executor-2] INFO  impl.SnapshotInstallationHandler (SnapshotInstallationHandler.java:installSnapshot(92)) - 39a46239-dc5f-49f3-8624-e36d450519bc@group-1EB1B476413A: receive installSnapshot: eb66df86-6ffc-4e53-b873-cb2b44d5f35d->39a46239-dc5f-49f3-8624-e36d450519bc#0-t2,notify:(t:1, i:0)
2024-07-06 11:53:56,979 [grpc-default-executor-2] INFO  impl.SnapshotInstallationHandler (SnapshotInstallationHandler.java:installSnapshotImpl(138)) - 39a46239-dc5f-49f3-8624-e36d450519bc@group-1EB1B476413A: set new configuration index: 23
configurationEntry {
  peers {
    id: "41075d7a-0d70-4fa2-ba46-cbc672699b06"
    address: "localhost:15011"
    startupRole: FOLLOWER
  }
  peers {
    id: "eb66df86-6ffc-4e53-b873-cb2b44d5f35d"
    address: "localhost:15003"
    startupRole: FOLLOWER
  }
}
 from snapshot
2024-07-06 11:53:56,979 [grpc-default-executor-2] INFO  server.RaftServer$Division (ServerState.java:setRaftConf(386)) - 39a46239-dc5f-49f3-8624-e36d450519bc@group-1EB1B476413A: set configuration conf: {index: 23, cur=peers:[41075d7a-0d70-4fa2-ba46-cbc672699b06|localhost:15011, eb66df86-6ffc-4e53-b873-cb2b44d5f35d|localhost:15003]|listeners:[], old=null}
2024-07-06 11:53:56,980 [grpc-default-executor-2] INFO  impl.SnapshotInstallationHandler (SnapshotInstallationHandler.java:installSnapshot(103)) - 39a46239-dc5f-49f3-8624-e36d450519bc@group-1EB1B476413A: reply installSnapshot: eb66df86-6ffc-4e53-b873-cb2b44d5f35d<-39a46239-dc5f-49f3-8624-e36d450519bc#0:FAIL-t2,IN_PROGRESS,snapshotIndex=0
2024-07-06 11:53:56,980 [grpc-default-executor-2] INFO  server.GrpcServerProtocolService (GrpcServerProtocolService.java:onCompleted(157)) - 39a46239-dc5f-49f3-8624-e36d450519bc: Completed INSTALL_SNAPSHOT, lastRequest: eb66df86-6ffc-4e53-b873-cb2b44d5f35d->39a46239-dc5f-49f3-8624-e36d450519bc#0-t2,notify:(t:1, i:0)
2024-07-06 11:53:56,981 [grpc-default-executor-2] INFO  server.GrpcServerProtocolService (GrpcServerProtocolService.java:lambda$onCompleted$5(159)) - 39a46239-dc5f-49f3-8624-e36d450519bc: Completed INSTALL_SNAPSHOT, lastReply: null
2024-07-06 11:53:56,982 [grpc-default-executor-2] INFO  server.GrpcLogAppender (GrpcLogAppender.java:onNext(649)) - eb66df86-6ffc-4e53-b873-cb2b44d5f35d@group-1EB1B476413A->39a46239-dc5f-49f3-8624-e36d450519bc-InstallSnapshotResponseHandler: received a reply eb66df86-6ffc-4e53-b873-cb2b44d5f35d<-39a46239-dc5f-49f3-8624-e36d450519bc#0:FAIL-t2,IN_PROGRESS,snapshotIndex=0
2024-07-06 11:53:56,982 [grpc-default-executor-2] INFO  server.GrpcLogAppender (GrpcLogAppender.java:onNext(665)) - eb66df86-6ffc-4e53-b873-cb2b44d5f35d@group-1EB1B476413A->39a46239-dc5f-49f3-8624-e36d450519bc-InstallSnapshotResponseHandler: InstallSnapshot in progress.
2024-07-06 11:53:56,982 [eb66df86-6ffc-4e53-b873-cb2b44d5f35d@group-1EB1B476413A->39a46239-dc5f-49f3-8624-e36d450519bc-GrpcLogAppender-LogAppenderDaemon] INFO  server.GrpcLogAppender (GrpcLogAppender.java:notifyInstallSnapshot(790)) - eb66df86-6ffc-4e53-b873-cb2b44d5f35d@group-1EB1B476413A->39a46239-dc5f-49f3-8624-e36d450519bc-GrpcLogAppender: notifyInstallSnapshot with firstAvailable=(t:1, i:0), followerNextIndex=0
2024-07-06 11:53:56,982 [eb66df86-6ffc-4e53-b873-cb2b44d5f35d@group-1EB1B476413A->39a46239-dc5f-49f3-8624-e36d450519bc-GrpcLogAppender-LogAppenderDaemon] INFO  server.GrpcLogAppender (GrpcLogAppender.java:notifyInstallSnapshot(798)) - eb66df86-6ffc-4e53-b873-cb2b44d5f35d@group-1EB1B476413A->39a46239-dc5f-49f3-8624-e36d450519bc-GrpcLogAppender: send eb66df86-6ffc-4e53-b873-cb2b44d5f35d->39a46239-dc5f-49f3-8624-e36d450519bc#0-t2,notify:(t:1, i:0)
2024-07-06 11:53:56,984 [grpc-default-executor-0] INFO  impl.SnapshotInstallationHandler (SnapshotInstallationHandler.java:installSnapshot(92)) - 39a46239-dc5f-49f3-8624-e36d450519bc@group-1EB1B476413A: receive installSnapshot: eb66df86-6ffc-4e53-b873-cb2b44d5f35d->39a46239-dc5f-49f3-8624-e36d450519bc#0-t2,notify:(t:1, i:0)
2024-07-06 11:53:56,984 [grpc-default-executor-0] INFO  impl.SnapshotInstallationHandler (SnapshotInstallationHandler.java:installSnapshotImpl(138)) - 39a46239-dc5f-49f3-8624-e36d450519bc@group-1EB1B476413A: set new configuration index: 23
configurationEntry {
  peers {
    id: "41075d7a-0d70-4fa2-ba46-cbc672699b06"
    address: "localhost:15011"
    startupRole: FOLLOWER
  }
  peers {
    id: "eb66df86-6ffc-4e53-b873-cb2b44d5f35d"
    address: "localhost:15003"
    startupRole: FOLLOWER
  }
}
 from snapshot
2024-07-06 11:53:56,984 [grpc-default-executor-0] INFO  server.RaftServer$Division (ServerState.java:setRaftConf(386)) - 39a46239-dc5f-49f3-8624-e36d450519bc@group-1EB1B476413A: set configuration conf: {index: 23, cur=peers:[41075d7a-0d70-4fa2-ba46-cbc672699b06|localhost:15011, eb66df86-6ffc-4e53-b873-cb2b44d5f35d|localhost:15003]|listeners:[], old=null}
2024-07-06 11:53:56,985 [39a46239-dc5f-49f3-8624-e36d450519bc-server-thread1] INFO  server.RaftServer$Division (RaftServerImpl.java:checkInconsistentAppendEntries(1629)) - 39a46239-dc5f-49f3-8624-e36d450519bc@group-1EB1B476413A: Failed appendEntries as snapshot (0) installation is in progress
2024-07-06 11:53:56,985 [39a46239-dc5f-49f3-8624-e36d450519bc-server-thread1] INFO  server.RaftServer$Division (RaftServerImpl.java:appendEntriesAsync(1584)) - 39a46239-dc5f-49f3-8624-e36d450519bc@group-1EB1B476413A: appendEntries* reply eb66df86-6ffc-4e53-b873-cb2b44d5f35d<-39a46239-dc5f-49f3-8624-e36d450519bc#18:FAIL-t2,INCONSISTENCY,nextIndex=0,followerCommit=-1,matchIndex=-1
2024-07-06 11:53:56,986 [grpc-default-executor-2] WARN  server.GrpcLogAppender (GrpcLogAppender.java:onNextImpl(519)) - eb66df86-6ffc-4e53-b873-cb2b44d5f35d@group-1EB1B476413A->39a46239-dc5f-49f3-8624-e36d450519bc-AppendLogResponseHandler: received INCONSISTENCY reply with nextIndex 0, errorCount=1, request=AppendEntriesRequest:cid=18,entriesCount=0
2024-07-06 11:53:56,986 [grpc-default-executor-0] INFO  impl.SnapshotInstallationHandler (SnapshotInstallationHandler.java:installSnapshot(103)) - 39a46239-dc5f-49f3-8624-e36d450519bc@group-1EB1B476413A: reply installSnapshot: eb66df86-6ffc-4e53-b873-cb2b44d5f35d<-39a46239-dc5f-49f3-8624-e36d450519bc#0:FAIL-t2,IN_PROGRESS,snapshotIndex=0
2024-07-06 11:53:56,986 [grpc-default-executor-0] INFO  server.GrpcServerProtocolService (GrpcServerProtocolService.java:onCompleted(157)) - 39a46239-dc5f-49f3-8624-e36d450519bc: Completed INSTALL_SNAPSHOT, lastRequest: eb66df86-6ffc-4e53-b873-cb2b44d5f35d->39a46239-dc5f-49f3-8624-e36d450519bc#0-t2,notify:(t:1, i:0)
2024-07-06 11:53:56,986 [grpc-default-executor-0] INFO  server.GrpcServerProtocolService (GrpcServerProtocolService.java:lambda$onCompleted$5(159)) - 39a46239-dc5f-49f3-8624-e36d450519bc: Completed INSTALL_SNAPSHOT, lastReply: null
2024-07-06 11:53:56,987 [grpc-default-executor-0] INFO  server.GrpcLogAppender (GrpcLogAppender.java:onNext(649)) - eb66df86-6ffc-4e53-b873-cb2b44d5f35d@group-1EB1B476413A->39a46239-dc5f-49f3-8624-e36d450519bc-InstallSnapshotResponseHandler: received a reply eb66df86-6ffc-4e53-b873-cb2b44d5f35d<-39a46239-dc5f-49f3-8624-e36d450519bc#0:FAIL-t2,IN_PROGRESS,snapshotIndex=0
2024-07-06 11:53:56,987 [grpc-default-executor-0] INFO  server.GrpcLogAppender (GrpcLogAppender.java:onNext(665)) - eb66df86-6ffc-4e53-b873-cb2b44d5f35d@group-1EB1B476413A->39a46239-dc5f-49f3-8624-e36d450519bc-InstallSnapshotResponseHandler: InstallSnapshot in progress.
2024-07-06 11:53:56,988 [39a46239-dc5f-49f3-8624-e36d450519bc-server-thread1] INFO  server.RaftServer$Division (RaftServerImpl.java:checkInconsistentAppendEntries(1629)) - 39a46239-dc5f-49f3-8624-e36d450519bc@group-1EB1B476413A: Failed appendEntries as snapshot (0) installation is in progress
2024-07-06 11:53:56,988 [39a46239-dc5f-49f3-8624-e36d450519bc-server-thread1] INFO  server.RaftServer$Division (RaftServerImpl.java:appendEntriesAsync(1584)) - 39a46239-dc5f-49f3-8624-e36d450519bc@group-1EB1B476413A: appendEntries* reply eb66df86-6ffc-4e53-b873-cb2b44d5f35d<-39a46239-dc5f-49f3-8624-e36d450519bc#19:FAIL-t2,INCONSISTENCY,nextIndex=0,followerCommit=-1,matchIndex=-1
2024-07-06 11:53:56,989 [eb66df86-6ffc-4e53-b873-cb2b44d5f35d@group-1EB1B476413A->39a46239-dc5f-49f3-8624-e36d450519bc-GrpcLogAppender-LogAppenderDaemon] INFO  server.GrpcLogAppender (GrpcLogAppender.java:notifyInstallSnapshot(790)) - eb66df86-6ffc-4e53-b873-cb2b44d5f35d@group-1EB1B476413A->39a46239-dc5f-49f3-8624-e36d450519bc-GrpcLogAppender: notifyInstallSnapshot with firstAvailable=(t:1, i:0), followerNextIndex=0
2024-07-06 11:53:56,989 [eb66df86-6ffc-4e53-b873-cb2b44d5f35d@group-1EB1B476413A->39a46239-dc5f-49f3-8624-e36d450519bc-GrpcLogAppender-LogAppenderDaemon] INFO  server.GrpcLogAppender (GrpcLogAppender.java:notifyInstallSnapshot(798)) - eb66df86-6ffc-4e53-b873-cb2b44d5f35d@group-1EB1B476413A->39a46239-dc5f-49f3-8624-e36d450519bc-GrpcLogAppender: send eb66df86-6ffc-4e53-b873-cb2b44d5f35d->39a46239-dc5f-49f3-8624-e36d450519bc#0-t2,notify:(t:1, i:0)
2024-07-06 11:53:56,989 [grpc-default-executor-0] WARN  server.GrpcLogAppender (GrpcLogAppender.java:onNextImpl(519)) - eb66df86-6ffc-4e53-b873-cb2b44d5f35d@group-1EB1B476413A->39a46239-dc5f-49f3-8624-e36d450519bc-AppendLogResponseHandler: received INCONSISTENCY reply with nextIndex 0, errorCount=1, request=AppendEntriesRequest:cid=19,entriesCount=0
2024-07-06 11:53:56,990 [grpc-default-executor-2] INFO  impl.SnapshotInstallationHandler (SnapshotInstallationHandler.java:installSnapshot(92)) - 39a46239-dc5f-49f3-8624-e36d450519bc@group-1EB1B476413A: receive installSnapshot: eb66df86-6ffc-4e53-b873-cb2b44d5f35d->39a46239-dc5f-49f3-8624-e36d450519bc#0-t2,notify:(t:1, i:0)
2024-07-06 11:53:56,990 [grpc-default-executor-2] INFO  impl.SnapshotInstallationHandler (SnapshotInstallationHandler.java:installSnapshotImpl(138)) - 39a46239-dc5f-49f3-8624-e36d450519bc@group-1EB1B476413A: set new configuration index: 23
configurationEntry {
  peers {
    id: "41075d7a-0d70-4fa2-ba46-cbc672699b06"
    address: "localhost:15011"
    startupRole: FOLLOWER
  }
  peers {
    id: "eb66df86-6ffc-4e53-b873-cb2b44d5f35d"
    address: "localhost:15003"
    startupRole: FOLLOWER
  }
}
 from snapshot
2024-07-06 11:53:56,991 [grpc-default-executor-2] INFO  server.RaftServer$Division (ServerState.java:setRaftConf(386)) - 39a46239-dc5f-49f3-8624-e36d450519bc@group-1EB1B476413A: set configuration conf: {index: 23, cur=peers:[41075d7a-0d70-4fa2-ba46-cbc672699b06|localhost:15011, eb66df86-6ffc-4e53-b873-cb2b44d5f35d|localhost:15003]|listeners:[], old=null}
2024-07-06 11:53:56,993 [grpc-default-executor-2] INFO  impl.SnapshotInstallationHandler (SnapshotInstallationHandler.java:installSnapshot(103)) - 39a46239-dc5f-49f3-8624-e36d450519bc@group-1EB1B476413A: reply installSnapshot: eb66df86-6ffc-4e53-b873-cb2b44d5f35d<-39a46239-dc5f-49f3-8624-e36d450519bc#0:FAIL-t2,IN_PROGRESS,snapshotIndex=0
2024-07-06 11:53:56,993 [grpc-default-executor-2] INFO  server.GrpcServerProtocolService (GrpcServerProtocolService.java:onCompleted(157)) - 39a46239-dc5f-49f3-8624-e36d450519bc: Completed INSTALL_SNAPSHOT, lastRequest: eb66df86-6ffc-4e53-b873-cb2b44d5f35d->39a46239-dc5f-49f3-8624-e36d450519bc#0-t2,notify:(t:1, i:0)
2024-07-06 11:53:56,993 [grpc-default-executor-2] INFO  server.GrpcServerProtocolService (GrpcServerProtocolService.java:lambda$onCompleted$5(159)) - 39a46239-dc5f-49f3-8624-e36d450519bc: Completed INSTALL_SNAPSHOT, lastReply: null
2024-07-06 11:53:56,994 [grpc-default-executor-2] INFO  server.GrpcLogAppender (GrpcLogAppender.java:onNext(649)) - eb66df86-6ffc-4e53-b873-cb2b44d5f35d@group-1EB1B476413A->39a46239-dc5f-49f3-8624-e36d450519bc-InstallSnapshotResponseHandler: received a reply eb66df86-6ffc-4e53-b873-cb2b44d5f35d<-39a46239-dc5f-49f3-8624-e36d450519bc#0:FAIL-t2,IN_PROGRESS,snapshotIndex=0
2024-07-06 11:53:56,994 [grpc-default-executor-2] INFO  server.GrpcLogAppender (GrpcLogAppender.java:onNext(665)) - eb66df86-6ffc-4e53-b873-cb2b44d5f35d@group-1EB1B476413A->39a46239-dc5f-49f3-8624-e36d450519bc-InstallSnapshotResponseHandler: InstallSnapshot in progress.
2024-07-06 11:53:56,994 [eb66df86-6ffc-4e53-b873-cb2b44d5f35d@group-1EB1B476413A->39a46239-dc5f-49f3-8624-e36d450519bc-GrpcLogAppender-LogAppenderDaemon] INFO  server.GrpcLogAppender (GrpcLogAppender.java:notifyInstallSnapshot(790)) - eb66df86-6ffc-4e53-b873-cb2b44d5f35d@group-1EB1B476413A->39a46239-dc5f-49f3-8624-e36d450519bc-GrpcLogAppender: notifyInstallSnapshot with firstAvailable=(t:1, i:0), followerNextIndex=0
2024-07-06 11:53:56,994 [eb66df86-6ffc-4e53-b873-cb2b44d5f35d@group-1EB1B476413A->39a46239-dc5f-49f3-8624-e36d450519bc-GrpcLogAppender-LogAppenderDaemon] INFO  server.GrpcLogAppender (GrpcLogAppender.java:notifyInstallSnapshot(798)) - eb66df86-6ffc-4e53-b873-cb2b44d5f35d@group-1EB1B476413A->39a46239-dc5f-49f3-8624-e36d450519bc-GrpcLogAppender: send eb66df86-6ffc-4e53-b873-cb2b44d5f35d->39a46239-dc5f-49f3-8624-e36d450519bc#0-t2,notify:(t:1, i:0)
2024-07-06 11:53:56,996 [grpc-default-executor-0] INFO  impl.SnapshotInstallationHandler (SnapshotInstallationHandler.java:installSnapshot(92)) - 39a46239-dc5f-49f3-8624-e36d450519bc@group-1EB1B476413A: receive installSnapshot: eb66df86-6ffc-4e53-b873-cb2b44d5f35d->39a46239-dc5f-49f3-8624-e36d450519bc#0-t2,notify:(t:1, i:0)
2024-07-06 11:53:56,996 [grpc-default-executor-0] INFO  impl.SnapshotInstallationHandler (SnapshotInstallationHandler.java:installSnapshotImpl(138)) - 39a46239-dc5f-49f3-8624-e36d450519bc@group-1EB1B476413A: set new configuration index: 23
configurationEntry {
  peers {
    id: "41075d7a-0d70-4fa2-ba46-cbc672699b06"
    address: "localhost:15011"
    startupRole: FOLLOWER
  }
  peers {
    id: "eb66df86-6ffc-4e53-b873-cb2b44d5f35d"
    address: "localhost:15003"
    startupRole: FOLLOWER
  }
}
 from snapshot
2024-07-06 11:53:56,996 [grpc-default-executor-0] INFO  server.RaftServer$Division (ServerState.java:setRaftConf(386)) - 39a46239-dc5f-49f3-8624-e36d450519bc@group-1EB1B476413A: set configuration conf: {index: 23, cur=peers:[41075d7a-0d70-4fa2-ba46-cbc672699b06|localhost:15011, eb66df86-6ffc-4e53-b873-cb2b44d5f35d|localhost:15003]|listeners:[], old=null}
2024-07-06 11:53:56,997 [39a46239-dc5f-49f3-8624-e36d450519bc-server-thread1] INFO  server.RaftServer$Division (RaftServerImpl.java:checkInconsistentAppendEntries(1629)) - 39a46239-dc5f-49f3-8624-e36d450519bc@group-1EB1B476413A: Failed appendEntries as snapshot (0) installation is in progress
2024-07-06 11:53:56,997 [39a46239-dc5f-49f3-8624-e36d450519bc-server-thread1] INFO  server.RaftServer$Division (RaftServerImpl.java:appendEntriesAsync(1584)) - 39a46239-dc5f-49f3-8624-e36d450519bc@group-1EB1B476413A: appendEntries* reply eb66df86-6ffc-4e53-b873-cb2b44d5f35d<-39a46239-dc5f-49f3-8624-e36d450519bc#20:FAIL-t2,INCONSISTENCY,nextIndex=0,followerCommit=-1,matchIndex=-1
2024-07-06 11:53:56,998 [grpc-default-executor-2] WARN  server.GrpcLogAppender (GrpcLogAppender.java:onNextImpl(519)) - eb66df86-6ffc-4e53-b873-cb2b44d5f35d@group-1EB1B476413A->39a46239-dc5f-49f3-8624-e36d450519bc-AppendLogResponseHandler: received INCONSISTENCY reply with nextIndex 0, errorCount=1, request=AppendEntriesRequest:cid=20,entriesCount=0
2024-07-06 11:53:56,998 [grpc-default-executor-0] INFO  impl.SnapshotInstallationHandler (SnapshotInstallationHandler.java:installSnapshot(103)) - 39a46239-dc5f-49f3-8624-e36d450519bc@group-1EB1B476413A: reply installSnapshot: eb66df86-6ffc-4e53-b873-cb2b44d5f35d<-39a46239-dc5f-49f3-8624-e36d450519bc#0:FAIL-t2,IN_PROGRESS,snapshotIndex=0
2024-07-06 11:53:56,998 [grpc-default-executor-0] INFO  server.GrpcServerProtocolService (GrpcServerProtocolService.java:onCompleted(157)) - 39a46239-dc5f-49f3-8624-e36d450519bc: Completed INSTALL_SNAPSHOT, lastRequest: eb66df86-6ffc-4e53-b873-cb2b44d5f35d->39a46239-dc5f-49f3-8624-e36d450519bc#0-t2,notify:(t:1, i:0)
2024-07-06 11:53:56,998 [grpc-default-executor-0] INFO  server.GrpcServerProtocolService (GrpcServerProtocolService.java:lambda$onCompleted$5(159)) - 39a46239-dc5f-49f3-8624-e36d450519bc: Completed INSTALL_SNAPSHOT, lastReply: null
2024-07-06 11:53:57,001 [grpc-default-executor-2] INFO  server.GrpcLogAppender (GrpcLogAppender.java:onNext(649)) - eb66df86-6ffc-4e53-b873-cb2b44d5f35d@group-1EB1B476413A->39a46239-dc5f-49f3-8624-e36d450519bc-InstallSnapshotResponseHandler: received a reply eb66df86-6ffc-4e53-b873-cb2b44d5f35d<-39a46239-dc5f-49f3-8624-e36d450519bc#0:FAIL-t2,IN_PROGRESS,snapshotIndex=0
2024-07-06 11:53:57,001 [grpc-default-executor-2] INFO  server.GrpcLogAppender (GrpcLogAppender.java:onNext(665)) - eb66df86-6ffc-4e53-b873-cb2b44d5f35d@group-1EB1B476413A->39a46239-dc5f-49f3-8624-e36d450519bc-InstallSnapshotResponseHandler: InstallSnapshot in progress.
2024-07-06 11:53:57,002 [eb66df86-6ffc-4e53-b873-cb2b44d5f35d@group-1EB1B476413A->39a46239-dc5f-49f3-8624-e36d450519bc-GrpcLogAppender-LogAppenderDaemon] INFO  server.GrpcLogAppender (GrpcLogAppender.java:notifyInstallSnapshot(790)) - eb66df86-6ffc-4e53-b873-cb2b44d5f35d@group-1EB1B476413A->39a46239-dc5f-49f3-8624-e36d450519bc-GrpcLogAppender: notifyInstallSnapshot with firstAvailable=(t:1, i:0), followerNextIndex=0
2024-07-06 11:53:57,002 [eb66df86-6ffc-4e53-b873-cb2b44d5f35d@group-1EB1B476413A->39a46239-dc5f-49f3-8624-e36d450519bc-GrpcLogAppender-LogAppenderDaemon] INFO  server.GrpcLogAppender (GrpcLogAppender.java:notifyInstallSnapshot(798)) - eb66df86-6ffc-4e53-b873-cb2b44d5f35d@group-1EB1B476413A->39a46239-dc5f-49f3-8624-e36d450519bc-GrpcLogAppender: send eb66df86-6ffc-4e53-b873-cb2b44d5f35d->39a46239-dc5f-49f3-8624-e36d450519bc#0-t2,notify:(t:1, i:0)
2024-07-06 11:53:57,003 [39a46239-dc5f-49f3-8624-e36d450519bc-server-thread1] INFO  server.RaftServer$Division (RaftServerImpl.java:checkInconsistentAppendEntries(1629)) - 39a46239-dc5f-49f3-8624-e36d450519bc@group-1EB1B476413A: Failed appendEntries as snapshot (0) installation is in progress
2024-07-06 11:53:57,003 [39a46239-dc5f-49f3-8624-e36d450519bc-server-thread1] INFO  server.RaftServer$Division (RaftServerImpl.java:appendEntriesAsync(1584)) - 39a46239-dc5f-49f3-8624-e36d450519bc@group-1EB1B476413A: appendEntries* reply eb66df86-6ffc-4e53-b873-cb2b44d5f35d<-39a46239-dc5f-49f3-8624-e36d450519bc#21:FAIL-t2,INCONSISTENCY,nextIndex=0,followerCommit=-1,matchIndex=-1
2024-07-06 11:53:57,003 [grpc-default-executor-1] INFO  impl.SnapshotInstallationHandler (SnapshotInstallationHandler.java:installSnapshot(92)) - 39a46239-dc5f-49f3-8624-e36d450519bc@group-1EB1B476413A: receive installSnapshot: eb66df86-6ffc-4e53-b873-cb2b44d5f35d->39a46239-dc5f-49f3-8624-e36d450519bc#0-t2,notify:(t:1, i:0)
2024-07-06 11:53:57,004 [grpc-default-executor-1] INFO  impl.SnapshotInstallationHandler (SnapshotInstallationHandler.java:installSnapshotImpl(138)) - 39a46239-dc5f-49f3-8624-e36d450519bc@group-1EB1B476413A: set new configuration index: 23
configurationEntry {
  peers {
    id: "41075d7a-0d70-4fa2-ba46-cbc672699b06"
    address: "localhost:15011"
    startupRole: FOLLOWER
  }
  peers {
    id: "eb66df86-6ffc-4e53-b873-cb2b44d5f35d"
    address: "localhost:15003"
    startupRole: FOLLOWER
  }
}
 from snapshot
2024-07-06 11:53:57,004 [grpc-default-executor-1] INFO  server.RaftServer$Division (ServerState.java:setRaftConf(386)) - 39a46239-dc5f-49f3-8624-e36d450519bc@group-1EB1B476413A: set configuration conf: {index: 23, cur=peers:[41075d7a-0d70-4fa2-ba46-cbc672699b06|localhost:15011, eb66df86-6ffc-4e53-b873-cb2b44d5f35d|localhost:15003]|listeners:[], old=null}
2024-07-06 11:53:57,005 [grpc-default-executor-1] INFO  impl.SnapshotInstallationHandler (SnapshotInstallationHandler.java:installSnapshot(103)) - 39a46239-dc5f-49f3-8624-e36d450519bc@group-1EB1B476413A: reply installSnapshot: eb66df86-6ffc-4e53-b873-cb2b44d5f35d<-39a46239-dc5f-49f3-8624-e36d450519bc#0:FAIL-t2,IN_PROGRESS,snapshotIndex=0
2024-07-06 11:53:57,006 [grpc-default-executor-1] INFO  server.GrpcServerProtocolService (GrpcServerProtocolService.java:onCompleted(157)) - 39a46239-dc5f-49f3-8624-e36d450519bc: Completed INSTALL_SNAPSHOT, lastRequest: eb66df86-6ffc-4e53-b873-cb2b44d5f35d->39a46239-dc5f-49f3-8624-e36d450519bc#0-t2,notify:(t:1, i:0)
2024-07-06 11:53:57,006 [grpc-default-executor-1] INFO  server.GrpcServerProtocolService (GrpcServerProtocolService.java:lambda$onCompleted$5(159)) - 39a46239-dc5f-49f3-8624-e36d450519bc: Completed INSTALL_SNAPSHOT, lastReply: null
2024-07-06 11:53:57,007 [grpc-default-executor-1] INFO  server.GrpcLogAppender (GrpcLogAppender.java:onNext(649)) - eb66df86-6ffc-4e53-b873-cb2b44d5f35d@group-1EB1B476413A->39a46239-dc5f-49f3-8624-e36d450519bc-InstallSnapshotResponseHandler: received a reply eb66df86-6ffc-4e53-b873-cb2b44d5f35d<-39a46239-dc5f-49f3-8624-e36d450519bc#0:FAIL-t2,IN_PROGRESS,snapshotIndex=0
2024-07-06 11:53:57,007 [grpc-default-executor-1] INFO  server.GrpcLogAppender (GrpcLogAppender.java:onNext(665)) - eb66df86-6ffc-4e53-b873-cb2b44d5f35d@group-1EB1B476413A->39a46239-dc5f-49f3-8624-e36d450519bc-InstallSnapshotResponseHandler: InstallSnapshot in progress.
2024-07-06 11:53:57,010 [39a46239-dc5f-49f3-8624-e36d450519bc-server-thread1] INFO  server.RaftServer$Division (RaftServerImpl.java:checkInconsistentAppendEntries(1629)) - 39a46239-dc5f-49f3-8624-e36d450519bc@group-1EB1B476413A: Failed appendEntries as snapshot (0) installation is in progress
2024-07-06 11:53:57,010 [39a46239-dc5f-49f3-8624-e36d450519bc-server-thread1] INFO  server.RaftServer$Division (RaftServerImpl.java:appendEntriesAsync(1584)) - 39a46239-dc5f-49f3-8624-e36d450519bc@group-1EB1B476413A: appendEntries* reply eb66df86-6ffc-4e53-b873-cb2b44d5f35d<-39a46239-dc5f-49f3-8624-e36d450519bc#22:FAIL-t2,INCONSISTENCY,nextIndex=0,followerCommit=-1,matchIndex=-1
2024-07-06 11:53:57,010 [scmNode-3-SCMInstallSnapshot-0] INFO  ha.SCMHAManagerImpl (SCMHAManagerImpl.java:verifyCheckpointFromLeader(233)) - Installing checkpoint with SCMTransactionInfo 2#28
2024-07-06 11:53:57,011 [scmNode-3-SCMInstallSnapshot-0] INFO  impl.SnapshotInstallationHandler (SnapshotInstallationHandler.java:lambda$notifyStateMachineToInstallSnapshot$2(279)) - 39a46239-dc5f-49f3-8624-e36d450519bc@group-1EB1B476413A: StateMachine successfully installed snapshot index 28. Reloading the StateMachine.
2024-07-06 11:53:57,010 [grpc-default-executor-2] WARN  server.GrpcLogAppender (GrpcLogAppender.java:onNextImpl(519)) - eb66df86-6ffc-4e53-b873-cb2b44d5f35d@group-1EB1B476413A->39a46239-dc5f-49f3-8624-e36d450519bc-AppendLogResponseHandler: received INCONSISTENCY reply with nextIndex 0, errorCount=1, request=AppendEntriesRequest:cid=21,entriesCount=0
2024-07-06 11:53:57,010 [eb66df86-6ffc-4e53-b873-cb2b44d5f35d@group-1EB1B476413A->39a46239-dc5f-49f3-8624-e36d450519bc-GrpcLogAppender-LogAppenderDaemon] INFO  server.GrpcLogAppender (GrpcLogAppender.java:notifyInstallSnapshot(790)) - eb66df86-6ffc-4e53-b873-cb2b44d5f35d@group-1EB1B476413A->39a46239-dc5f-49f3-8624-e36d450519bc-GrpcLogAppender: notifyInstallSnapshot with firstAvailable=(t:1, i:0), followerNextIndex=0
2024-07-06 11:53:57,011 [eb66df86-6ffc-4e53-b873-cb2b44d5f35d@group-1EB1B476413A->39a46239-dc5f-49f3-8624-e36d450519bc-GrpcLogAppender-LogAppenderDaemon] INFO  server.GrpcLogAppender (GrpcLogAppender.java:notifyInstallSnapshot(798)) - eb66df86-6ffc-4e53-b873-cb2b44d5f35d@group-1EB1B476413A->39a46239-dc5f-49f3-8624-e36d450519bc-GrpcLogAppender: send eb66df86-6ffc-4e53-b873-cb2b44d5f35d->39a46239-dc5f-49f3-8624-e36d450519bc#0-t2,notify:(t:1, i:0)
2024-07-06 11:53:57,012 [grpc-default-executor-0] INFO  impl.SnapshotInstallationHandler (SnapshotInstallationHandler.java:installSnapshot(92)) - 39a46239-dc5f-49f3-8624-e36d450519bc@group-1EB1B476413A: receive installSnapshot: eb66df86-6ffc-4e53-b873-cb2b44d5f35d->39a46239-dc5f-49f3-8624-e36d450519bc#0-t2,notify:(t:1, i:0)
2024-07-06 11:53:57,013 [grpc-default-executor-0] INFO  raftlog.RaftLog (RaftLogBase.java:lambda$new$0(54)) - 39a46239-dc5f-49f3-8624-e36d450519bc@group-1EB1B476413A-SegmentedRaftLog: snapshotIndex: updateIncreasingly -1 -> 28
2024-07-06 11:53:57,013 [grpc-default-executor-0] INFO  segmented.SegmentedRaftLogWorker (SegmentedRaftLogWorker.java:lambda$new$0(135)) - 39a46239-dc5f-49f3-8624-e36d450519bc@group-1EB1B476413A-SegmentedRaftLogWorker: flushIndex: setUnconditionally -1 -> 28
2024-07-06 11:53:57,013 [grpc-default-executor-0] INFO  segmented.SegmentedRaftLogWorker (SegmentedRaftLogWorker.java:lambda$new$0(135)) - 39a46239-dc5f-49f3-8624-e36d450519bc@group-1EB1B476413A-SegmentedRaftLogWorker: safeCacheEvictIndex: setUnconditionally -1 -> 28
2024-07-06 11:53:57,013 [grpc-default-executor-0] INFO  raftlog.RaftLog (RaftLogBase.java:lambda$new$0(54)) - 39a46239-dc5f-49f3-8624-e36d450519bc@group-1EB1B476413A-SegmentedRaftLog: purgeIndex: updateToMax old=-1, new=28, updated? true
2024-07-06 11:53:57,013 [grpc-default-executor-0] INFO  impl.SnapshotInstallationHandler (SnapshotInstallationHandler.java:notifyStateMachineToInstallSnapshot(323)) - 39a46239-dc5f-49f3-8624-e36d450519bc@group-1EB1B476413A: InstallSnapshot notification result: SNAPSHOT_INSTALLED, at index: (t:2, i:28)
2024-07-06 11:53:57,014 [grpc-default-executor-2] WARN  server.GrpcLogAppender (GrpcLogAppender.java:onNextImpl(519)) - eb66df86-6ffc-4e53-b873-cb2b44d5f35d@group-1EB1B476413A->39a46239-dc5f-49f3-8624-e36d450519bc-AppendLogResponseHandler: received INCONSISTENCY reply with nextIndex 0, errorCount=2, request=null
2024-07-06 11:53:57,014 [grpc-default-executor-0] INFO  impl.SnapshotInstallationHandler (SnapshotInstallationHandler.java:installSnapshotImpl(138)) - 39a46239-dc5f-49f3-8624-e36d450519bc@group-1EB1B476413A: set new configuration index: 23
configurationEntry {
  peers {
    id: "41075d7a-0d70-4fa2-ba46-cbc672699b06"
    address: "localhost:15011"
    startupRole: FOLLOWER
  }
  peers {
    id: "eb66df86-6ffc-4e53-b873-cb2b44d5f35d"
    address: "localhost:15003"
    startupRole: FOLLOWER
  }
}
 from snapshot
2024-07-06 11:53:57,017 [grpc-default-executor-0] INFO  server.RaftServer$Division (ServerState.java:setRaftConf(386)) - 39a46239-dc5f-49f3-8624-e36d450519bc@group-1EB1B476413A: set configuration conf: {index: 23, cur=peers:[41075d7a-0d70-4fa2-ba46-cbc672699b06|localhost:15011, eb66df86-6ffc-4e53-b873-cb2b44d5f35d|localhost:15003]|listeners:[], old=null}
2024-07-06 11:53:57,019 [grpc-default-executor-0] INFO  impl.SnapshotInstallationHandler (SnapshotInstallationHandler.java:installSnapshot(103)) - 39a46239-dc5f-49f3-8624-e36d450519bc@group-1EB1B476413A: reply installSnapshot: eb66df86-6ffc-4e53-b873-cb2b44d5f35d<-39a46239-dc5f-49f3-8624-e36d450519bc#0:OK-t2,SNAPSHOT_INSTALLED,snapshotIndex=28
2024-07-06 11:53:57,019 [grpc-default-executor-0] INFO  server.GrpcServerProtocolService (GrpcServerProtocolService.java:onCompleted(157)) - 39a46239-dc5f-49f3-8624-e36d450519bc: Completed INSTALL_SNAPSHOT, lastRequest: eb66df86-6ffc-4e53-b873-cb2b44d5f35d->39a46239-dc5f-49f3-8624-e36d450519bc#0-t2,notify:(t:1, i:0)
2024-07-06 11:53:57,019 [grpc-default-executor-0] INFO  server.GrpcServerProtocolService (GrpcServerProtocolService.java:lambda$onCompleted$5(159)) - 39a46239-dc5f-49f3-8624-e36d450519bc: Completed INSTALL_SNAPSHOT, lastReply: null
2024-07-06 11:53:57,020 [grpc-default-executor-0] INFO  server.GrpcLogAppender (GrpcLogAppender.java:onNext(649)) - eb66df86-6ffc-4e53-b873-cb2b44d5f35d@group-1EB1B476413A->39a46239-dc5f-49f3-8624-e36d450519bc-InstallSnapshotResponseHandler: received a reply eb66df86-6ffc-4e53-b873-cb2b44d5f35d<-39a46239-dc5f-49f3-8624-e36d450519bc#0:OK-t2,SNAPSHOT_INSTALLED,snapshotIndex=28
2024-07-06 11:53:57,020 [grpc-default-executor-0] INFO  server.GrpcLogAppender (GrpcLogAppender.java:onNext(687)) - eb66df86-6ffc-4e53-b873-cb2b44d5f35d@group-1EB1B476413A->39a46239-dc5f-49f3-8624-e36d450519bc-InstallSnapshotResponseHandler: Follower installed snapshot at index 28
2024-07-06 11:53:57,020 [grpc-default-executor-0] INFO  leader.FollowerInfo (FollowerInfoImpl.java:info(64)) - eb66df86-6ffc-4e53-b873-cb2b44d5f35d@group-1EB1B476413A->39a46239-dc5f-49f3-8624-e36d450519bc: snapshotIndex: setUnconditionally 0 -> 28
2024-07-06 11:53:57,020 [grpc-default-executor-0] INFO  leader.FollowerInfo (FollowerInfoImpl.java:info(64)) - eb66df86-6ffc-4e53-b873-cb2b44d5f35d@group-1EB1B476413A->39a46239-dc5f-49f3-8624-e36d450519bc: matchIndex: setUnconditionally -1 -> 28
2024-07-06 11:53:57,020 [grpc-default-executor-0] INFO  leader.FollowerInfo (FollowerInfoImpl.java:info(64)) - eb66df86-6ffc-4e53-b873-cb2b44d5f35d@group-1EB1B476413A->39a46239-dc5f-49f3-8624-e36d450519bc: nextIndex: setUnconditionally 0 -> 29
2024-07-06 11:53:57,020 [grpc-default-executor-0] INFO  leader.FollowerInfo (FollowerInfoImpl.java:setAttemptedToInstallSnapshot(154)) - Follower eb66df86-6ffc-4e53-b873-cb2b44d5f35d@group-1EB1B476413A->39a46239-dc5f-49f3-8624-e36d450519bc acknowledged installing snapshot
2024-07-06 11:53:57,021 [grpc-default-executor-0] INFO  server.GrpcLogAppender (GrpcLogAppender.java:increaseNextIndex(457)) - eb66df86-6ffc-4e53-b873-cb2b44d5f35d@group-1EB1B476413A->39a46239-dc5f-49f3-8624-e36d450519bc-GrpcLogAppender: updateNextIndex 29 for SNAPSHOT_INSTALLED
2024-07-06 11:53:57,021 [grpc-default-executor-0] INFO  server.GrpcLogAppender (GrpcLogAppender.java:onFollowerCatchup(621)) - eb66df86-6ffc-4e53-b873-cb2b44d5f35d@group-1EB1B476413A->39a46239-dc5f-49f3-8624-e36d450519bc-InstallSnapshotResponseHandler: Follower can catch up leader after install the snapshot, as leader's start index is 29
2024-07-06 11:53:57,045 [39a46239-dc5f-49f3-8624-e36d450519bc@group-1EB1B476413A-StateMachineUpdater] INFO  ha.SCMHAManagerImpl (SCMHAManagerImpl.java:installCheckpoint(288)) - Installing checkpoint with SCMTransactionInfo 2#28
2024-07-06 11:53:57,049 [39a46239-dc5f-49f3-8624-e36d450519bc@group-1EB1B476413A-StateMachineUpdater] INFO  ha.SCMHAManagerImpl (SCMHAManagerImpl.java:installCheckpoint(327)) - Replaced DB with checkpoint, term: 2, index: 28
2024-07-06 11:53:57,049 [39a46239-dc5f-49f3-8624-e36d450519bc@group-1EB1B476413A-StateMachineUpdater] WARN  utils.HAUtils (HAUtils.java:getMetaDir(339)) - ozone.scm.db.dirs is not configured. We recommend adding this setting. Falling back to ozone.metadata.dirs instead.
2024-07-06 11:53:57,049 [39a46239-dc5f-49f3-8624-e36d450519bc@group-1EB1B476413A-StateMachineUpdater] WARN  db.DBStoreBuilder (DBStoreBuilder.java:applyDBDefinition(171)) - ozone.scm.db.dirs is not configured. We recommend adding this setting. Falling back to ozone.metadata.dirs instead.
2024-07-06 11:53:57,065 [39a46239-dc5f-49f3-8624-e36d450519bc@group-1EB1B476413A-StateMachineUpdater] INFO  ha.SequenceIdGenerator (SequenceIdGenerator.java:reinitialize(185)) - reinitialize SequenceIdGenerator.
2024-07-06 11:53:57,066 [39a46239-dc5f-49f3-8624-e36d450519bc@group-1EB1B476413A-StateMachineUpdater] INFO  pipeline.PipelineStateManagerImpl (PipelineStateManagerImpl.java:initialize(78)) - No pipeline exists in current db
2024-07-06 11:53:57,066 [39a46239-dc5f-49f3-8624-e36d450519bc@group-1EB1B476413A-StateMachineUpdater] INFO  ha.SCMHAManagerImpl (SCMHAManagerImpl.java:installCheckpoint(342)) - Reloaded SCM state with Term: 2 and Index: 28
2024-07-06 11:53:57,067 [39a46239-dc5f-49f3-8624-e36d450519bc@group-1EB1B476413A-StateMachineUpdater] INFO  symmetric.SecretKeyStateImpl (SecretKeyStateImpl.java:updateKeysInternal(113)) - Updating keys with [SecretKey(id = 613bfbbe-190b-4706-8757-7b2f2b9a81d8, creation at: 2024-07-06T11:53:56.268Z, expire at: 2024-07-06T11:53:59.268Z), SecretKey(id = 2203af62-81d5-49cf-a522-7518eb26350e, creation at: 2024-07-06T11:53:55.168Z, expire at: 2024-07-06T11:53:58.168Z), SecretKey(id = f2e265a0-4327-4147-9433-b5705af6b148, creation at: 2024-07-06T11:53:54.168Z, expire at: 2024-07-06T11:53:57.168Z)]
2024-07-06 11:53:57,068 [39a46239-dc5f-49f3-8624-e36d450519bc@group-1EB1B476413A-StateMachineUpdater] INFO  symmetric.SecretKeyStateImpl (SecretKeyStateImpl.java:updateKeysInternal(128)) - Current key updated SecretKey(id = 613bfbbe-190b-4706-8757-7b2f2b9a81d8, creation at: 2024-07-06T11:53:56.268Z, expire at: 2024-07-06T11:53:59.268Z)
2024-07-06 11:53:57,070 [39a46239-dc5f-49f3-8624-e36d450519bc@group-1EB1B476413A-StateMachineUpdater] INFO  symmetric.LocalSecretKeyStore (LocalSecretKeyStore.java:save(109)) - Saved [SecretKey(id = 613bfbbe-190b-4706-8757-7b2f2b9a81d8, creation at: 2024-07-06T11:53:56.268Z, expire at: 2024-07-06T11:53:59.268Z), SecretKey(id = 2203af62-81d5-49cf-a522-7518eb26350e, creation at: 2024-07-06T11:53:55.168Z, expire at: 2024-07-06T11:53:58.168Z), SecretKey(id = f2e265a0-4327-4147-9433-b5705af6b148, creation at: 2024-07-06T11:53:54.168Z, expire at: 2024-07-06T11:53:57.168Z)] to file /home/runner/work/ozone/ozone/hadoop-ozone/integration-test/target/test-dir/MiniOzoneClusterImpl-23934d72-33be-4118-bcff-1eb1b476413a/scmNode-3/scm/keys/secret_keys.json
2024-07-06 11:53:57,070 [39a46239-dc5f-49f3-8624-e36d450519bc@group-1EB1B476413A-StateMachineUpdater] INFO  impl.StateMachineUpdater (StateMachineUpdater.java:lambda$new$0(102)) - 39a46239-dc5f-49f3-8624-e36d450519bc@group-1EB1B476413A-StateMachineUpdater: snapshotIndex: setUnconditionally -1 -> 28
2024-07-06 11:53:57,071 [39a46239-dc5f-49f3-8624-e36d450519bc@group-1EB1B476413A-StateMachineUpdater] INFO  impl.StateMachineUpdater (StateMachineUpdater.java:lambda$new$0(102)) - 39a46239-dc5f-49f3-8624-e36d450519bc@group-1EB1B476413A-StateMachineUpdater: appliedIndex: setUnconditionally -1 -> 28
2024-07-06 11:53:57,368 [scmNode-1-SecretKeyManagerService] INFO  symmetric.SecretKeyManager (SecretKeyManager.java:checkAndRotate(125)) - SecretKey rotation is happening, new key generated SecretKey(id = bab6fd70-9bf7-4047-ab09-8820ac01ee3e, creation at: 2024-07-06T11:53:57.368016399Z, expire at: 2024-07-06T11:54:00.368016399Z)
2024-07-06 11:53:57,371 [39a46239-dc5f-49f3-8624-e36d450519bc-server-thread2] INFO  segmented.SegmentedRaftLogWorker (SegmentedRaftLogWorker.java:startLogSegment(433)) - 39a46239-dc5f-49f3-8624-e36d450519bc@group-1EB1B476413A-SegmentedRaftLogWorker: Starting segment from index:29
2024-07-06 11:53:57,372 [39a46239-dc5f-49f3-8624-e36d450519bc-server-thread2] INFO  server.RaftServer$Division (RaftServerImpl.java:appendEntriesAsync(1600)) -  FOLLOWER 39a46239-dc5f-49f3-8624-e36d450519bc@group-1EB1B476413A:t2, leader=eb66df86-6ffc-4e53-b873-cb2b44d5f35d, voted=null, raftlog=Memoized:39a46239-dc5f-49f3-8624-e36d450519bc@group-1EB1B476413A-SegmentedRaftLog:OPENED:c28:last(t:2, i:29), conf=conf: {index: 23, cur=peers:[41075d7a-0d70-4fa2-ba46-cbc672699b06|localhost:15011, eb66df86-6ffc-4e53-b873-cb2b44d5f35d|localhost:15003]|listeners:[], old=null} STARTING: Follower has completed install the snapshot 28.
2024-07-06 11:53:57,372 [39a46239-dc5f-49f3-8624-e36d450519bc@group-1EB1B476413A-SegmentedRaftLogWorker] INFO  segmented.BufferedWriteChannel (BufferedWriteChannel.java:open(61)) - open log_inprogress_29 at position 0
2024-07-06 11:53:57,373 [eb66df86-6ffc-4e53-b873-cb2b44d5f35d@group-1EB1B476413A-StateMachineUpdater] INFO  symmetric.SecretKeyStateImpl (SecretKeyStateImpl.java:updateKeysInternal(113)) - Updating keys with [SecretKey(id = 613bfbbe-190b-4706-8757-7b2f2b9a81d8, creation at: 2024-07-06T11:53:56.268Z, expire at: 2024-07-06T11:53:59.268Z), SecretKey(id = 2203af62-81d5-49cf-a522-7518eb26350e, creation at: 2024-07-06T11:53:55.168Z, expire at: 2024-07-06T11:53:58.168Z), SecretKey(id = bab6fd70-9bf7-4047-ab09-8820ac01ee3e, creation at: 2024-07-06T11:53:57.368Z, expire at: 2024-07-06T11:54:00.368Z)]
2024-07-06 11:53:57,373 [eb66df86-6ffc-4e53-b873-cb2b44d5f35d@group-1EB1B476413A-StateMachineUpdater] INFO  symmetric.SecretKeyStateImpl (SecretKeyStateImpl.java:updateKeysInternal(128)) - Current key updated SecretKey(id = bab6fd70-9bf7-4047-ab09-8820ac01ee3e, creation at: 2024-07-06T11:53:57.368Z, expire at: 2024-07-06T11:54:00.368Z)
2024-07-06 11:53:57,373 [eb66df86-6ffc-4e53-b873-cb2b44d5f35d@group-1EB1B476413A-StateMachineUpdater] INFO  symmetric.LocalSecretKeyStore (LocalSecretKeyStore.java:save(109)) - Saved [SecretKey(id = bab6fd70-9bf7-4047-ab09-8820ac01ee3e, creation at: 2024-07-06T11:53:57.368Z, expire at: 2024-07-06T11:54:00.368Z), SecretKey(id = 613bfbbe-190b-4706-8757-7b2f2b9a81d8, creation at: 2024-07-06T11:53:56.268Z, expire at: 2024-07-06T11:53:59.268Z), SecretKey(id = 2203af62-81d5-49cf-a522-7518eb26350e, creation at: 2024-07-06T11:53:55.168Z, expire at: 2024-07-06T11:53:58.168Z)] to file /home/runner/work/ozone/ozone/hadoop-ozone/integration-test/target/test-dir/MiniOzoneClusterImpl-23934d72-33be-4118-bcff-1eb1b476413a/scmNode-1/scm/keys/secret_keys.json
2024-07-06 11:53:57,374 [eb66df86-6ffc-4e53-b873-cb2b44d5f35d@group-1EB1B476413A-StateMachineUpdater] INFO  safemode.HealthyPipelineSafeModeRule (HealthyPipelineSafeModeRule.java:initializeRule(172)) - Refreshed total pipeline count is 0, healthy pipeline threshold count is 1
2024-07-06 11:53:57,374 [41075d7a-0d70-4fa2-ba46-cbc672699b06@group-1EB1B476413A-StateMachineUpdater] INFO  symmetric.SecretKeyStateImpl (SecretKeyStateImpl.java:updateKeysInternal(113)) - Updating keys with [SecretKey(id = 613bfbbe-190b-4706-8757-7b2f2b9a81d8, creation at: 2024-07-06T11:53:56.268Z, expire at: 2024-07-06T11:53:59.268Z), SecretKey(id = 2203af62-81d5-49cf-a522-7518eb26350e, creation at: 2024-07-06T11:53:55.168Z, expire at: 2024-07-06T11:53:58.168Z), SecretKey(id = bab6fd70-9bf7-4047-ab09-8820ac01ee3e, creation at: 2024-07-06T11:53:57.368Z, expire at: 2024-07-06T11:54:00.368Z)]
2024-07-06 11:53:57,374 [41075d7a-0d70-4fa2-ba46-cbc672699b06@group-1EB1B476413A-StateMachineUpdater] INFO  symmetric.SecretKeyStateImpl (SecretKeyStateImpl.java:updateKeysInternal(128)) - Current key updated SecretKey(id = bab6fd70-9bf7-4047-ab09-8820ac01ee3e, creation at: 2024-07-06T11:53:57.368Z, expire at: 2024-07-06T11:54:00.368Z)
2024-07-06 11:53:57,375 [41075d7a-0d70-4fa2-ba46-cbc672699b06@group-1EB1B476413A-StateMachineUpdater] INFO  symmetric.LocalSecretKeyStore (LocalSecretKeyStore.java:save(109)) - Saved [SecretKey(id = bab6fd70-9bf7-4047-ab09-8820ac01ee3e, creation at: 2024-07-06T11:53:57.368Z, expire at: 2024-07-06T11:54:00.368Z), SecretKey(id = 613bfbbe-190b-4706-8757-7b2f2b9a81d8, creation at: 2024-07-06T11:53:56.268Z, expire at: 2024-07-06T11:53:59.268Z), SecretKey(id = 2203af62-81d5-49cf-a522-7518eb26350e, creation at: 2024-07-06T11:53:55.168Z, expire at: 2024-07-06T11:53:58.168Z)] to file /home/runner/work/ozone/ozone/hadoop-ozone/integration-test/target/test-dir/MiniOzoneClusterImpl-23934d72-33be-4118-bcff-1eb1b476413a/scmNode-2/scm/keys/secret_keys.json
2024-07-06 11:53:57,375 [41075d7a-0d70-4fa2-ba46-cbc672699b06@group-1EB1B476413A-StateMachineUpdater] INFO  safemode.HealthyPipelineSafeModeRule (HealthyPipelineSafeModeRule.java:initializeRule(172)) - Refreshed total pipeline count is 0, healthy pipeline threshold count is 1
2024-07-06 11:53:57,381 [39a46239-dc5f-49f3-8624-e36d450519bc@group-1EB1B476413A-SegmentedRaftLogWorker] INFO  segmented.SegmentedRaftLogWorker (SegmentedRaftLogWorker.java:execute(637)) - 39a46239-dc5f-49f3-8624-e36d450519bc@group-1EB1B476413A-SegmentedRaftLogWorker: created new log segment /home/runner/work/ozone/ozone/hadoop-ozone/integration-test/target/test-dir/MiniOzoneClusterImpl-23934d72-33be-4118-bcff-1eb1b476413a/scmNode-3/scm-ha/23934d72-33be-4118-bcff-1eb1b476413a/current/log_inprogress_29
2024-07-06 11:53:57,382 [39a46239-dc5f-49f3-8624-e36d450519bc@group-1EB1B476413A-StateMachineUpdater] INFO  symmetric.SecretKeyStateImpl (SecretKeyStateImpl.java:updateKeysInternal(113)) - Updating keys with [SecretKey(id = 613bfbbe-190b-4706-8757-7b2f2b9a81d8, creation at: 2024-07-06T11:53:56.268Z, expire at: 2024-07-06T11:53:59.268Z), SecretKey(id = 2203af62-81d5-49cf-a522-7518eb26350e, creation at: 2024-07-06T11:53:55.168Z, expire at: 2024-07-06T11:53:58.168Z), SecretKey(id = bab6fd70-9bf7-4047-ab09-8820ac01ee3e, creation at: 2024-07-06T11:53:57.368Z, expire at: 2024-07-06T11:54:00.368Z)]
2024-07-06 11:53:57,382 [39a46239-dc5f-49f3-8624-e36d450519bc@group-1EB1B476413A-StateMachineUpdater] INFO  symmetric.SecretKeyStateImpl (SecretKeyStateImpl.java:updateKeysInternal(128)) - Current key updated SecretKey(id = bab6fd70-9bf7-4047-ab09-8820ac01ee3e, creation at: 2024-07-06T11:53:57.368Z, expire at: 2024-07-06T11:54:00.368Z)
2024-07-06 11:53:57,383 [39a46239-dc5f-49f3-8624-e36d450519bc@group-1EB1B476413A-StateMachineUpdater] INFO  symmetric.LocalSecretKeyStore (LocalSecretKeyStore.java:save(109)) - Saved [SecretKey(id = bab6fd70-9bf7-4047-ab09-8820ac01ee3e, creation at: 2024-07-06T11:53:57.368Z, expire at: 2024-07-06T11:54:00.368Z), SecretKey(id = 613bfbbe-190b-4706-8757-7b2f2b9a81d8, creation at: 2024-07-06T11:53:56.268Z, expire at: 2024-07-06T11:53:59.268Z), SecretKey(id = 2203af62-81d5-49cf-a522-7518eb26350e, creation at: 2024-07-06T11:53:55.168Z, expire at: 2024-07-06T11:53:58.168Z)] to file /home/runner/work/ozone/ozone/hadoop-ozone/integration-test/target/test-dir/MiniOzoneClusterImpl-23934d72-33be-4118-bcff-1eb1b476413a/scmNode-3/scm/keys/secret_keys.json
2024-07-06 11:53:57,383 [39a46239-dc5f-49f3-8624-e36d450519bc@group-1EB1B476413A-StateMachineUpdater] INFO  safemode.HealthyPipelineSafeModeRule (HealthyPipelineSafeModeRule.java:initializeRule(172)) - Refreshed total pipeline count is 0, healthy pipeline threshold count is 1
2024-07-06 11:53:57,383 [39a46239-dc5f-49f3-8624-e36d450519bc@group-1EB1B476413A-StateMachineUpdater] INFO  safemode.ContainerSafeModeRule (ContainerSafeModeRule.java:reInitializeRule(191)) - Refreshed one replica container threshold 0, currentThreshold 0
2024-07-06 11:53:57,383 [39a46239-dc5f-49f3-8624-e36d450519bc@group-1EB1B476413A-StateMachineUpdater] INFO  safemode.OneReplicaPipelineSafeModeRule (OneReplicaPipelineSafeModeRule.java:initializeRule(189)) - Refreshed Total pipeline count is 0, pipeline's with at least one datanode reported threshold count is 0
2024-07-06 11:53:57,383 [39a46239-dc5f-49f3-8624-e36d450519bc@group-1EB1B476413A-StateMachineUpdater] INFO  server.SCMDatanodeProtocolServer (SCMDatanodeProtocolServer.java:start(194)) - ScmDatanodeProtocol RPC server for DataNodes is listening at /0.0.0.0:15020
2024-07-06 11:53:57,384 [IPC Server Responder] INFO  ipc.Server (Server.java:run(1562)) - IPC Server Responder: starting
2024-07-06 11:53:57,384 [IPC Server listener on 15020] INFO  ipc.Server (Server.java:run(1402)) - IPC Server listener on 15020: starting
2024-07-06 11:53:57,384 [eb66df86-6ffc-4e53-b873-cb2b44d5f35d@group-1EB1B476413A-LeaderStateImpl] INFO  server.RaftServer$Division (ServerState.java:setRaftConf(386)) - eb66df86-6ffc-4e53-b873-cb2b44d5f35d@group-1EB1B476413A: set configuration conf: {index: 31, cur=peers:[39a46239-dc5f-49f3-8624-e36d450519bc|localhost:15019, 41075d7a-0d70-4fa2-ba46-cbc672699b06|localhost:15011, eb66df86-6ffc-4e53-b873-cb2b44d5f35d|localhost:15003]|listeners:[], old=peers:[41075d7a-0d70-4fa2-ba46-cbc672699b06|localhost:15011, eb66df86-6ffc-4e53-b873-cb2b44d5f35d|localhost:15003]|listeners:[]}
2024-07-06 11:53:57,388 [41075d7a-0d70-4fa2-ba46-cbc672699b06-server-thread1] INFO  server.RaftServer$Division (ServerState.java:setRaftConf(386)) - 41075d7a-0d70-4fa2-ba46-cbc672699b06@group-1EB1B476413A: set configuration conf: {index: 31, cur=peers:[39a46239-dc5f-49f3-8624-e36d450519bc|localhost:15019, 41075d7a-0d70-4fa2-ba46-cbc672699b06|localhost:15011, eb66df86-6ffc-4e53-b873-cb2b44d5f35d|localhost:15003]|listeners:[], old=peers:[41075d7a-0d70-4fa2-ba46-cbc672699b06|localhost:15011, eb66df86-6ffc-4e53-b873-cb2b44d5f35d|localhost:15003]|listeners:[]}
2024-07-06 11:53:57,388 [39a46239-dc5f-49f3-8624-e36d450519bc-server-thread2] INFO  impl.RoleInfo (RoleInfo.java:updateAndGet(148)) - 39a46239-dc5f-49f3-8624-e36d450519bc: start 39a46239-dc5f-49f3-8624-e36d450519bc@group-1EB1B476413A-FollowerState
2024-07-06 11:53:57,390 [39a46239-dc5f-49f3-8624-e36d450519bc-server-thread2] INFO  server.RaftServer$Division (ServerState.java:setRaftConf(386)) - 39a46239-dc5f-49f3-8624-e36d450519bc@group-1EB1B476413A: set configuration conf: {index: 31, cur=peers:[39a46239-dc5f-49f3-8624-e36d450519bc|localhost:15019, 41075d7a-0d70-4fa2-ba46-cbc672699b06|localhost:15011, eb66df86-6ffc-4e53-b873-cb2b44d5f35d|localhost:15003]|listeners:[], old=peers:[41075d7a-0d70-4fa2-ba46-cbc672699b06|localhost:15011, eb66df86-6ffc-4e53-b873-cb2b44d5f35d|localhost:15003]|listeners:[]}
2024-07-06 11:53:57,393 [eb66df86-6ffc-4e53-b873-cb2b44d5f35d@group-1EB1B476413A-LeaderStateImpl] INFO  server.RaftServer$Division (ServerState.java:setRaftConf(386)) - eb66df86-6ffc-4e53-b873-cb2b44d5f35d@group-1EB1B476413A: set configuration conf: {index: 33, cur=peers:[39a46239-dc5f-49f3-8624-e36d450519bc|localhost:15019, 41075d7a-0d70-4fa2-ba46-cbc672699b06|localhost:15011, eb66df86-6ffc-4e53-b873-cb2b44d5f35d|localhost:15003]|listeners:[], old=null}
2024-07-06 11:53:57,394 [41075d7a-0d70-4fa2-ba46-cbc672699b06-server-thread1] INFO  server.RaftServer$Division (ServerState.java:setRaftConf(386)) - 41075d7a-0d70-4fa2-ba46-cbc672699b06@group-1EB1B476413A: set configuration conf: {index: 33, cur=peers:[39a46239-dc5f-49f3-8624-e36d450519bc|localhost:15019, 41075d7a-0d70-4fa2-ba46-cbc672699b06|localhost:15011, eb66df86-6ffc-4e53-b873-cb2b44d5f35d|localhost:15003]|listeners:[], old=null}
2024-07-06 11:53:57,397 [39a46239-dc5f-49f3-8624-e36d450519bc-server-thread1] INFO  server.RaftServer$Division (ServerState.java:setRaftConf(386)) - 39a46239-dc5f-49f3-8624-e36d450519bc@group-1EB1B476413A: set configuration conf: {index: 33, cur=peers:[39a46239-dc5f-49f3-8624-e36d450519bc|localhost:15019, 41075d7a-0d70-4fa2-ba46-cbc672699b06|localhost:15011, eb66df86-6ffc-4e53-b873-cb2b44d5f35d|localhost:15003]|listeners:[], old=null}
2024-07-06 11:53:57,398 [IPC Server handler 3 on default port 15007] INFO  ha.SCMRatisServerImpl (SCMRatisServerImpl.java:addSCM(328)) - Successfully added new SCM: 39a46239-dc5f-49f3-8624-e36d450519bc.
2024-07-06 11:53:57,399 [main] INFO  ha.SCMHAManagerImpl (SCMHAManagerImpl.java:start(140)) - Successfully added SCM scmNode-3 to group group-1EB1B476413A:[39a46239-dc5f-49f3-8624-e36d450519bc|localhost:15019, 41075d7a-0d70-4fa2-ba46-cbc672699b06|localhost:15011, eb66df86-6ffc-4e53-b873-cb2b44d5f35d|localhost:15003]
2024-07-06 11:53:57,399 [main] INFO  ha.InterSCMGrpcService (InterSCMGrpcProtocolService.java:start(101)) - Starting SCM Grpc Service at port 15022
2024-07-06 11:53:57,400 [main] INFO  SCMHATransactionMonitor (BackgroundSCMService.java:start(65)) - Starting SCMHATransactionMonitor Service.
2024-07-06 11:53:57,405 [main] INFO  ha.SCMServiceManager (SCMServiceManager.java:register(42)) - Registering service SCMHATransactionMonitor.
2024-07-06 11:53:57,405 [main] INFO  SCMHATransactionMonitor (BackgroundSCMService.java:start(62)) - SCMHATransactionMonitor Service is already running, skip start.
2024-07-06 11:53:57,405 [main] INFO  impl.MetricsSystemImpl (MetricsSystemImpl.java:init(158)) - StorageContainerManager metrics system started (again)
2024-07-06 11:53:57,416 [main] INFO  server.SCMClientProtocolServer (SCMClientProtocolServer.java:start(204)) - RPC server for Client  is listening at /0.0.0.0:15021
2024-07-06 11:53:57,417 [IPC Server Responder] INFO  ipc.Server (Server.java:run(1562)) - IPC Server Responder: starting
2024-07-06 11:53:57,417 [IPC Server listener on 15021] INFO  ipc.Server (Server.java:run(1402)) - IPC Server listener on 15021: starting
2024-07-06 11:53:57,432 [main] INFO  server.StorageContainerManager (StorageContainerManager.java:start(1551)) - ScmBlockLocationProtocol RPC server is listening at /0.0.0.0:15023
2024-07-06 11:53:57,433 [main] INFO  server.SCMBlockProtocolServer (SCMBlockProtocolServer.java:start(167)) - RPC server for Block Protocol is listening at /0.0.0.0:15023
2024-07-06 11:53:57,433 [IPC Server Responder] INFO  ipc.Server (Server.java:run(1562)) - IPC Server Responder: starting
2024-07-06 11:53:57,433 [IPC Server listener on 15023] INFO  ipc.Server (Server.java:run(1402)) - IPC Server listener on 15023: starting
2024-07-06 11:53:57,441 [main] INFO  server.SCMSecurityProtocolServer (SCMSecurityProtocolServer.java:start(504)) - Starting RPC server for SCMSecurityProtocolServer. is listening at /0.0.0.0:15018
2024-07-06 11:53:57,445 [IPC Server Responder] INFO  ipc.Server (Server.java:run(1562)) - IPC Server Responder: starting
2024-07-06 11:53:57,445 [IPC Server listener on 15018] INFO  ipc.Server (Server.java:run(1402)) - IPC Server listener on 15018: starting
2024-07-06 11:53:57,455 [Socket Reader #1 for port 15002] INFO  ipc.Server (Server.java:saslProcess(2139)) - Auth successful for scm/fv-az1041-405.cgqmq5qunpnelbz5tk1v55v5te.bx.internal.cloudapp.net@EXAMPLE.COM (auth:KERBEROS) from fv-az1041-405.cgqmq5qunpnelbz5tk1v55v5te.bx.internal.cloudapp.net:43391 / 10.1.0.11:43391
2024-07-06 11:53:57,456 [Socket Reader #1 for port 15002] INFO  authorize.ServiceAuthorizationManager (ServiceAuthorizationManager.java:authorize(137)) - Authorization successful for scm/fv-az1041-405.cgqmq5qunpnelbz5tk1v55v5te.bx.internal.cloudapp.net@EXAMPLE.COM (auth:KERBEROS) for protocol=interface org.apache.hadoop.hdds.protocol.SCMSecurityProtocol
2024-07-06 11:53:57,462 [main] INFO  http.BaseHttpServer (BaseHttpServer.java:newHttpServer2BuilderForOzone(223)) - Starting Web-server for scm at: http://0.0.0.0:15016
2024-07-06 11:53:57,462 [main] INFO  http.BaseHttpServer (BaseHttpServer.java:<init>(110)) - Hadoop Security Enabled: true Ozone Security Enabled: true Ozone HTTP Security Enabled: false 
2024-07-06 11:53:57,463 [main] WARN  server.AuthenticationFilter (AuthenticationFilter.java:constructSecretProvider(240)) - Unable to initialize FileSignerSecretProvider, falling back to use random secrets. Reason: Could not read signature secret file: /home/runner/hadoop-http-auth-signature-secret
2024-07-06 11:53:57,464 [main] INFO  http.HttpRequestLog (HttpRequestLog.java:getRequestLog(86)) - Http request log for http.requests.scm is not defined
2024-07-06 11:53:57,465 [main] INFO  http.HttpServer2 (HttpServer2.java:addGlobalFilter(1036)) - Added global filter 'safety' (class=org.apache.hadoop.hdds.server.http.HttpServer2$QuotingInputFilter)
2024-07-06 11:53:57,466 [main] INFO  http.HttpServer2 (HttpServer2.java:addFilter(1012)) - Added filter static_user_filter (class=org.apache.hadoop.http.lib.StaticUserWebFilter$StaticUserFilter) to context scm
2024-07-06 11:53:57,466 [main] INFO  http.HttpServer2 (HttpServer2.java:addFilter(1020)) - Added filter static_user_filter (class=org.apache.hadoop.http.lib.StaticUserWebFilter$StaticUserFilter) to context static
2024-07-06 11:53:57,466 [main] INFO  http.HttpServer2 (HttpServer2.java:addFilter(1020)) - Added filter static_user_filter (class=org.apache.hadoop.http.lib.StaticUserWebFilter$StaticUserFilter) to context logs
2024-07-06 11:53:57,467 [main] INFO  http.BaseHttpServer (BaseHttpServer.java:<init>(189)) - HTTP server of scm uses base directory /home/runner/work/ozone/ozone/hadoop-ozone/integration-test/target/test-dir/MiniOzoneClusterImpl-23934d72-33be-4118-bcff-1eb1b476413a/scmNode-3/webserver
2024-07-06 11:53:57,467 [main] INFO  http.HttpServer2 (HttpServer2.java:bindListener(1236)) - Jetty bound to port 15016
2024-07-06 11:53:57,467 [main] INFO  server.Server (Server.java:doStart(375)) - jetty-9.4.55.v20240627; built: 2024-06-27T15:05:37.765Z; git: 70015831e5195ba74da6383c4ab7c90c56bb08af; jvm 17.0.11+9
2024-07-06 11:53:57,470 [main] INFO  server.session (DefaultSessionIdManager.java:doStart(334)) - DefaultSessionIdManager workerName=node0
2024-07-06 11:53:57,470 [main] INFO  server.session (DefaultSessionIdManager.java:doStart(339)) - No SessionScavenger set, using defaults
2024-07-06 11:53:57,471 [main] INFO  server.session (HouseKeeper.java:startScavenging(132)) - node0 Scavenging every 600000ms
2024-07-06 11:53:57,471 [main] INFO  handler.ContextHandler (ContextHandler.java:doStart(921)) - Started o.e.j.s.ServletContextHandler@297c0311{logs,/logs,file:///home/runner/work/ozone/ozone/hadoop-ozone/integration-test/target/log,AVAILABLE}
2024-07-06 11:53:57,472 [main] INFO  handler.ContextHandler (ContextHandler.java:doStart(921)) - Started o.e.j.s.ServletContextHandler@3ad142f0{static,/static,file:///home/runner/work/ozone/ozone/hadoop-ozone/integration-test/target/test-classes/webapps/static,AVAILABLE}
2024-07-06 11:53:57,479 [main] INFO  handler.ContextHandler (ContextHandler.java:doStart(921)) - Started o.e.j.w.WebAppContext@61cf142f{scm,/,file:///home/runner/work/ozone/ozone/hadoop-ozone/integration-test/target/test-classes/webapps/scm/,AVAILABLE}{file:/home/runner/work/ozone/ozone/hadoop-ozone/integration-test/target/test-classes/webapps/scm}
2024-07-06 11:53:57,480 [main] INFO  server.AbstractConnector (AbstractConnector.java:doStart(333)) - Started ServerConnector@126320a8{HTTP/1.1, (http/1.1)}{0.0.0.0:15016}
2024-07-06 11:53:57,480 [main] INFO  server.Server (Server.java:doStart(415)) - Started @22684ms
2024-07-06 11:53:57,480 [main] WARN  impl.MetricsSystemImpl (MetricsSystemImpl.java:register(279)) - Sink prometheus already exists!
2024-07-06 11:53:57,480 [main] INFO  http.BaseHttpServer (BaseHttpServer.java:updateConnectorAddress(354)) - HTTP server of scm listening at http://0.0.0.0:15016
2024-07-06 11:53:57,481 [main] INFO  ozone.MiniOzoneHAClusterImpl (MiniOzoneHAClusterImpl.java:createSCMService(590)) - Started SCM RPC server at /0.0.0.0:15021
2024-07-06 11:53:57,482 [IPC Server handler 0 on default port 15002] INFO  client.SCMCertificateClient (DefaultCertificateClient.java:getAllRootCaCerts(973)) - scm/sub-ca has 0 Root CA certificates
2024-07-06 11:53:57,483 [IPC Server handler 0 on default port 15002] INFO  client.SCMCertificateClient (DefaultCertificateClient.java:getAllCaCerts(981)) - scm/sub-ca has 1 CA certificates
2024-07-06 11:53:57,483 [main] WARN  server.ServerUtils (ServerUtils.java:getDBPath(299)) - ozone.om.db.dirs is not configured. We recommend adding this setting. Falling back to ozone.metadata.dirs instead.
2024-07-06 11:53:57,484 [39a46239-dc5f-49f3-8624-e36d450519bc-scm/sub-ca-refreshCACertificates] INFO  client.SCMCertificateClient (DefaultCertificateClient.java:getAllRootCaCerts(973)) - scm/sub-ca has 0 Root CA certificates
2024-07-06 11:53:57,484 [39a46239-dc5f-49f3-8624-e36d450519bc-scm/sub-ca-refreshCACertificates] INFO  client.SCMCertificateClient (DefaultCertificateClient.java:getAllCaCerts(981)) - scm/sub-ca has 1 CA certificates
2024-07-06 11:53:57,485 [39a46239-dc5f-49f3-8624-e36d450519bc-scm/sub-ca-refreshCACertificates] INFO  client.SCMCertificateClient (SCMCertificateClient.java:run(255)) - CA certificates are not changed.
2024-07-06 11:53:57,486 [main] INFO  om.OzoneManager (OzoneManager.java:initializeSecurity(1421)) - Initializing secure OzoneManager.
2024-07-06 11:53:57,495 [main] INFO  om.OzoneManager (OzoneManager.java:getOmDetailsProto(4731)) - OzoneManager ports added:[name: "RPC"
value: 15036
]
2024-07-06 11:53:57,496 [main] INFO  ha.SCMNodeInfo (SCMNodeInfo.java:getPort(197)) - ConfigKey ozone.scm.client.address is deprecated, For configuring different ports for each SCM use PortConfigKey ozone.scm.client.port appended with serviceId and nodeId
2024-07-06 11:53:57,496 [main] INFO  ha.SCMNodeInfo (SCMNodeInfo.java:getPort(197)) - ConfigKey ozone.scm.block.client.address is deprecated, For configuring different ports for each SCM use PortConfigKey ozone.scm.block.client.port appended with serviceId and nodeId
2024-07-06 11:53:57,497 [main] INFO  ha.SCMNodeInfo (SCMNodeInfo.java:getPort(197)) - ConfigKey ozone.scm.security.service.address is deprecated, For configuring different ports for each SCM use PortConfigKey ozone.scm.security.service.port appended with serviceId and nodeId
2024-07-06 11:53:57,497 [main] INFO  ha.SCMNodeInfo (SCMNodeInfo.java:getPort(197)) - ConfigKey ozone.scm.datanode.address is deprecated, For configuring different ports for each SCM use PortConfigKey ozone.scm.datanode.port appended with serviceId and nodeId
2024-07-06 11:53:57,497 [main] INFO  ha.SCMNodeInfo (SCMNodeInfo.java:getPort(197)) - ConfigKey ozone.scm.client.address is deprecated, For configuring different ports for each SCM use PortConfigKey ozone.scm.client.port appended with serviceId and nodeId
2024-07-06 11:53:57,497 [main] INFO  ha.SCMNodeInfo (SCMNodeInfo.java:getPort(197)) - ConfigKey ozone.scm.block.client.address is deprecated, For configuring different ports for each SCM use PortConfigKey ozone.scm.block.client.port appended with serviceId and nodeId
2024-07-06 11:53:57,497 [main] INFO  ha.SCMNodeInfo (SCMNodeInfo.java:getPort(197)) - ConfigKey ozone.scm.security.service.address is deprecated, For configuring different ports for each SCM use PortConfigKey ozone.scm.security.service.port appended with serviceId and nodeId
2024-07-06 11:53:57,497 [main] INFO  ha.SCMNodeInfo (SCMNodeInfo.java:getPort(197)) - ConfigKey ozone.scm.datanode.address is deprecated, For configuring different ports for each SCM use PortConfigKey ozone.scm.datanode.port appended with serviceId and nodeId
2024-07-06 11:53:57,497 [main] INFO  ha.SCMNodeInfo (SCMNodeInfo.java:getPort(197)) - ConfigKey ozone.scm.client.address is deprecated, For configuring different ports for each SCM use PortConfigKey ozone.scm.client.port appended with serviceId and nodeId
2024-07-06 11:53:57,497 [main] INFO  ha.SCMNodeInfo (SCMNodeInfo.java:getPort(197)) - ConfigKey ozone.scm.block.client.address is deprecated, For configuring different ports for each SCM use PortConfigKey ozone.scm.block.client.port appended with serviceId and nodeId
2024-07-06 11:53:57,498 [main] INFO  ha.SCMNodeInfo (SCMNodeInfo.java:getPort(197)) - ConfigKey ozone.scm.security.service.address is deprecated, For configuring different ports for each SCM use PortConfigKey ozone.scm.security.service.port appended with serviceId and nodeId
2024-07-06 11:53:57,498 [main] INFO  ha.SCMNodeInfo (SCMNodeInfo.java:getPort(197)) - ConfigKey ozone.scm.datanode.address is deprecated, For configuring different ports for each SCM use PortConfigKey ozone.scm.datanode.port appended with serviceId and nodeId
2024-07-06 11:53:57,500 [main] INFO  security.OMCertificateClient (DefaultCertificateClient.java:updateCertSerialId(1313)) - Certificate serial ID set to null
2024-07-06 11:53:57,500 [main] ERROR security.OMCertificateClient (DefaultCertificateClient.java:getCertPath(376)) - Default certificate serial id is not set. Can't locate the default certificate for this client.
2024-07-06 11:53:57,500 [main] INFO  security.OMCertificateClient (DefaultCertificateClient.java:init(720)) - Certificate client init case: 0
2024-07-06 11:53:57,500 [main] INFO  security.OMCertificateClient (DefaultCertificateClient.java:handleCase(738)) - Creating keypair for client as keypair and certificate not found.
2024-07-06 11:53:57,692 [main] INFO  security.OMCertificateClient (DefaultCertificateClient.java:recoverStateIfNeeded(800)) - Init response: GETCERT
2024-07-06 11:53:57,692 [main] INFO  ozone.OzoneSecurityUtil (OzoneSecurityUtil.java:getValidInetsForCurrentHost(120)) - ip:fe80:0:0:0:6245:bdff:fed7:3321%eth0 not returned.
2024-07-06 11:53:57,692 [main] INFO  ozone.OzoneSecurityUtil (OzoneSecurityUtil.java:getValidInetsForCurrentHost(117)) - Adding ip:10.1.0.11,host:fv-az1041-405.cgqmq5qunpnelbz5tk1v55v5te.bx.internal.cloudapp.net
2024-07-06 11:53:57,693 [main] INFO  ozone.OzoneSecurityUtil (OzoneSecurityUtil.java:getValidInetsForCurrentHost(120)) - ip:0:0:0:0:0:0:0:1%lo not returned.
2024-07-06 11:53:57,693 [main] INFO  ozone.OzoneSecurityUtil (OzoneSecurityUtil.java:getValidInetsForCurrentHost(120)) - ip:127.0.0.1 not returned.
2024-07-06 11:53:57,693 [main] INFO  security.OMCertificateClient (OMCertificateClient.java:getCSRBuilder(114)) - Creating csr for OM->dns:localhost,ip:127.0.0.1,scmId:d96945da-6f75-4f9d-ab64-d7e02d80f572,clusterId:23934d72-33be-4118-bcff-1eb1b476413a,subject:scm@localhost
2024-07-06 11:53:57,706 [Socket Reader #1 for port 15002] INFO  ipc.Server (Server.java:saslProcess(2139)) - Auth successful for scm/fv-az1041-405.cgqmq5qunpnelbz5tk1v55v5te.bx.internal.cloudapp.net@EXAMPLE.COM (auth:KERBEROS) from fv-az1041-405.cgqmq5qunpnelbz5tk1v55v5te.bx.internal.cloudapp.net:40801 / 10.1.0.11:40801
2024-07-06 11:53:57,709 [Socket Reader #1 for port 15002] INFO  authorize.ServiceAuthorizationManager (ServiceAuthorizationManager.java:authorize(137)) - Authorization successful for scm/fv-az1041-405.cgqmq5qunpnelbz5tk1v55v5te.bx.internal.cloudapp.net@EXAMPLE.COM (auth:KERBEROS) for protocol=interface org.apache.hadoop.hdds.protocol.SCMSecurityProtocol
2024-07-06 11:53:57,710 [IPC Server handler 1 on default port 15002] INFO  server.SCMSecurityProtocolServer (SCMSecurityProtocolServer.java:getOMCertificate(278)) - Processing CSR for om localhost, UUID: 4158cf4b-31e0-4d57-9454-2b294f42d068
2024-07-06 11:53:57,717 [eb66df86-6ffc-4e53-b873-cb2b44d5f35d@group-1EB1B476413A-StateMachineUpdater] INFO  safemode.HealthyPipelineSafeModeRule (HealthyPipelineSafeModeRule.java:initializeRule(172)) - Refreshed total pipeline count is 0, healthy pipeline threshold count is 1
2024-07-06 11:53:57,717 [IPC Server handler 1 on default port 15002] INFO  ha.SequenceIdGenerator (SequenceIdGenerator.java:getNextId(144)) - Allocate a batch for CertificateId, change lastId from 4 to 5.
2024-07-06 11:53:57,720 [41075d7a-0d70-4fa2-ba46-cbc672699b06@group-1EB1B476413A-StateMachineUpdater] INFO  safemode.HealthyPipelineSafeModeRule (HealthyPipelineSafeModeRule.java:initializeRule(172)) - Refreshed total pipeline count is 0, healthy pipeline threshold count is 1
2024-07-06 11:53:57,721 [39a46239-dc5f-49f3-8624-e36d450519bc@group-1EB1B476413A-StateMachineUpdater] INFO  safemode.HealthyPipelineSafeModeRule (HealthyPipelineSafeModeRule.java:initializeRule(172)) - Refreshed total pipeline count is 0, healthy pipeline threshold count is 1
2024-07-06 11:53:57,721 [39a46239-dc5f-49f3-8624-e36d450519bc@group-1EB1B476413A-StateMachineUpdater] INFO  safemode.SCMSafeModeManager (SCMSafeModeManager.java:validateSafeModeExitRules(203)) - ContainerSafeModeRule rule is successfully validated
2024-07-06 11:53:57,721 [39a46239-dc5f-49f3-8624-e36d450519bc@group-1EB1B476413A-StateMachineUpdater] INFO  safemode.SCMSafeModeManager (SCMSafeModeManager.java:validateSafeModeExitRules(203)) - AtleastOneDatanodeReportedRule rule is successfully validated
2024-07-06 11:53:57,722 [IPC Server handler 1 on default port 15002] INFO  authority.DefaultApprover (DefaultApprover.java:sign(174)) - Extensions in CSR: 2.5.29.15, 2.5.29.17
2024-07-06 11:53:57,722 [IPC Server handler 1 on default port 15002] INFO  authority.DefaultApprover (DefaultApprover.java:sign(178)) - Extensions to add to the certificate if they present in CSR: 2.5.29.15, 2.5.29.17, 2.5.29.35, 2.5.29.37, 2.5.29.19, 1.3.6.1.5.5.7.1.12
2024-07-06 11:53:57,738 [eb66df86-6ffc-4e53-b873-cb2b44d5f35d@group-1EB1B476413A-StateMachineUpdater] INFO  safemode.HealthyPipelineSafeModeRule (HealthyPipelineSafeModeRule.java:initializeRule(172)) - Refreshed total pipeline count is 0, healthy pipeline threshold count is 1
2024-07-06 11:53:57,742 [41075d7a-0d70-4fa2-ba46-cbc672699b06@group-1EB1B476413A-StateMachineUpdater] INFO  safemode.HealthyPipelineSafeModeRule (HealthyPipelineSafeModeRule.java:initializeRule(172)) - Refreshed total pipeline count is 0, healthy pipeline threshold count is 1
2024-07-06 11:53:57,744 [39a46239-dc5f-49f3-8624-e36d450519bc@group-1EB1B476413A-StateMachineUpdater] INFO  safemode.HealthyPipelineSafeModeRule (HealthyPipelineSafeModeRule.java:initializeRule(172)) - Refreshed total pipeline count is 0, healthy pipeline threshold count is 1
2024-07-06 11:53:57,753 [main] INFO  utils.CertificateCodec (CertificateCodec.java:writeCertificate(253)) - Save certificate to /home/runner/work/ozone/ozone/hadoop-ozone/integration-test/target/test-dir/MiniOzoneClusterImpl-23934d72-33be-4118-bcff-1eb1b476413a/ozone-meta/om/certs/5.crt
2024-07-06 11:53:57,753 [main] INFO  utils.CertificateCodec (CertificateCodec.java:writeCertificate(254)) - Certificate -----BEGIN CERTIFICATE-----
MIID6zCCAtOgAwIBAgIBBTANBgkqhkiG9w0BAQsFADCBhjEaMBgGA1UEAwwRc2Nt
LXN1YkBsb2NhbGhvc3QxLTArBgNVBAsMJGViNjZkZjg2LTZmZmMtNGU1My1iODcz
LWNiMmI0NGQ1ZjM1ZDEtMCsGA1UECgwkMjM5MzRkNzItMzNiZS00MTE4LWJjZmYt
MWViMWI0NzY0MTNhMQowCAYDVQQFEwEyMB4XDTI0MDcwNjExNTM1N1oXDTI1MDcw
NjExNTM1N1owgYIxFjAUBgNVBAMMDXNjbUBsb2NhbGhvc3QxLTArBgNVBAsMJGQ5
Njk0NWRhLTZmNzUtNGY5ZC1hYjY0LWQ3ZTAyZDgwZjU3MjEtMCsGA1UECgwkMjM5
MzRkNzItMzNiZS00MTE4LWJjZmYtMWViMWI0NzY0MTNhMQowCAYDVQQFEwE1MIIB
IjANBgkqhkiG9w0BAQEFAAOCAQ8AMIIBCgKCAQEAhPOV4U0VCWd1rUcH0l5nfQg9
+70MPDKgQ/Qz7h4qzZcrU7i4zqzPvOHoP8PZXtZOS1h2Peya16rbCHo3eo6pyV8Q
vaaBZByoJI7k3ITzEbABU4auN272RWxZ0bLJ4Q4NnAdSt+ZVHyayOlB8q6o6t5W7
3qDiPDxrYffWDOFYMKzyxcfmwUVJxwke5TRD4CzFrPUwjVbGLPDyMwgZEX6YueEO
D3E4uOuijBNwSLB5B2QG/JfCQgspw9vtTZez5VZrwuddpZI5k7zFBzB3OY3lzWx4
YYAWVTIKkL42+vF+5SXI7PtIKJBJh7sTvufS6Djwx3ZHhr6hTE9nv3YhGSEASQID
AQABo2YwZDAOBgNVHQ8BAf8EBAMCA7gwUgYDVR0RBEswSYcECgEAC4JBZnYtYXox
MDQxLTQwNS5jZ3FtcTVxdW5wbmVsYno1dGsxdjU1djV0ZS5ieC5pbnRlcm5hbC5j
bG91ZGFwcC5uZXQwDQYJKoZIhvcNAQELBQADggEBAHcVbzwA55fFutrgiHxrBaID
GIl8/T8u1hvOsJBQJqQs6oq3327fK+VSkQdLyHcBvWohXo/5m7LdENVPDfvxorz7
GpljFtI9cS9LlBYCJ84csLpCzigBGotHBLwWToQ4alqW3yNpAfO1AHfamFEbTptf
RWpGNppxZ0tR4l1Nx7/Rybd1ibzTxgMcb4BaWXEyHbXDwZIdEpU5uuoe1u1W+iJe
1uWDsh0uZDNjjPgve198slr0gDqqj1+QajEyMZERtxw34Dl4+NI9LK36v9pvYPyq
y4Wwh5POeVjokhYjobRoffww5r0isTp3RIm8nkKgX6ZrNVpZZ2+djUmxmdurLew=
-----END CERTIFICATE-----

-----BEGIN CERTIFICATE-----
MIIEADCCAuigAwIBAgIBAjANBgkqhkiG9w0BAQsFADCBhjEaMBgGA1UEAwwRc2Nt
QGZ2LWF6MTA0MS00MDUxLTArBgNVBAsMJGViNjZkZjg2LTZmZmMtNGU1My1iODcz
LWNiMmI0NGQ1ZjM1ZDEtMCsGA1UECgwkMjM5MzRkNzItMzNiZS00MTE4LWJjZmYt
MWViMWI0NzY0MTNhMQowCAYDVQQFEwExMB4XDTI0MDcwNjExNTMzN1oXDTI5MDgx
NDExNTMzN1owgYYxGjAYBgNVBAMMEXNjbS1zdWJAbG9jYWxob3N0MS0wKwYDVQQL
DCRlYjY2ZGY4Ni02ZmZjLTRlNTMtYjg3My1jYjJiNDRkNWYzNWQxLTArBgNVBAoM
JDIzOTM0ZDcyLTMzYmUtNDExOC1iY2ZmLTFlYjFiNDc2NDEzYTEKMAgGA1UEBRMB
MjCCASIwDQYJKoZIhvcNAQEBBQADggEPADCCAQoCggEBAI9Ye6jhc8eewG6uvADS
jjH4n7H8xV5BeLfO+iOnnpmat2rPbporEWNfCre+xQYcSuUORf/LZ7KIjdHp+ipQ
ReTGtMIoToDJony/E9YZf6yROZaZUd7+PZHs1s8ZOPA93J6aFQvG6qRSjO9QuZeo
BiAdNqYuoyihEUY7BAzoJElOP6nojwgcgd/qtkVsIjR0hft2yS7rtfPxiosoqNwT
TjC5/4SSP/VcuL2CsyYVRALRO7FiDgsrBJPUwj4I9bgWnrY0jjIxnI6Z3D9rPcre
KvshbMPmJDeN4Ghd1EH14DAP+ZfA4TLhZMdCL6mh+qVrUEMm1fR6LFwad9D6U/9X
ONECAwEAAaN3MHUwDgYDVR0PAQH/BAQDAgG+MFIGA1UdEQRLMEmHBAoBAAuCQWZ2
LWF6MTA0MS00MDUuY2dxbXE1cXVucG5lbGJ6NXRrMXY1NXY1dGUuYnguaW50ZXJu
YWwuY2xvdWRhcHAubmV0MA8GA1UdEwEB/wQFMAMBAf8wDQYJKoZIhvcNAQELBQAD
ggEBAEn6t5IxwWoYkgosnNwulVIeHljhuMenV5jE8iJlNA81ytCU/Fmlxnazacr/
n8rjbSvu0oGBKefyzu6oN3zpNNnvjQuffmQlK5QgZnTd2PH0drqPWxb049IegWzX
O5U9B9F9AwA3eQ46EERZPireJVMA8AzZwG367v0bUMxupfxCwfnT6Yc7vJ/O+dj2
Od9xed8EEd0CbMLB36lRyyFOd4j+BXCurp59p5AgsXuWBkcTe9j8aqqxztEU3A7o
FMYKDKLv82h3kAKyL6MFnMVWGA5+6CwAXhcFbwCuqRv10FoMLMenzaXHhPL+Zw/E
ZM3EFkeVbLESdq/SMW6cnKU7cts=
-----END CERTIFICATE-----

-----BEGIN CERTIFICATE-----
MIIEADCCAuigAwIBAgIBATANBgkqhkiG9w0BAQsFADCBhjEaMBgGA1UEAwwRc2Nt
QGZ2LWF6MTA0MS00MDUxLTArBgNVBAsMJGViNjZkZjg2LTZmZmMtNGU1My1iODcz
LWNiMmI0NGQ1ZjM1ZDEtMCsGA1UECgwkMjM5MzRkNzItMzNiZS00MTE4LWJjZmYt
MWViMWI0NzY0MTNhMQowCAYDVQQFEwExMB4XDTI0MDcwNjExNTMzN1oXDTI5MDgx
NDExNTMzN1owgYYxGjAYBgNVBAMMEXNjbUBmdi1hejEwNDEtNDA1MS0wKwYDVQQL
DCRlYjY2ZGY4Ni02ZmZjLTRlNTMtYjg3My1jYjJiNDRkNWYzNWQxLTArBgNVBAoM
JDIzOTM0ZDcyLTMzYmUtNDExOC1iY2ZmLTFlYjFiNDc2NDEzYTEKMAgGA1UEBRMB
MTCCASIwDQYJKoZIhvcNAQEBBQADggEPADCCAQoCggEBAISmOYOluZt/lCgZxU9H
gvcsRqfRemrHFDZGFVDnpT5vtK374ntRLw6MYBdectIJAU2BZMRW1tU/pcvvodWO
cd/nlOosnhiBrABr0QIY3B4bFba/t5RfUn+iQQt5KmDmh8vFaFyuBrHzNF7amGrx
6hflYrKbY+aMZW2nHXs3Mk45uAeD2zSSem9/oImjiVvWqFxiSsGemn5RSP15Urz9
pO9VzeKwKhrTjP5jG6I10Nol4P9q6zGnYqj0pHgsFKaYnTd7X1eaH6pJo9Acdaqe
XPVM9f7ZFENikdcMP0RynUYBUzHfbillRgGBagITAjg/AtCnhlmAjTS/DXTH69dS
l1sCAwEAAaN3MHUwDwYDVR0TAQH/BAUwAwEB/zAOBgNVHQ8BAf8EBAMCAQYwUgYD
VR0RBEswSYcECgEAC4JBZnYtYXoxMDQxLTQwNS5jZ3FtcTVxdW5wbmVsYno1dGsx
djU1djV0ZS5ieC5pbnRlcm5hbC5jbG91ZGFwcC5uZXQwDQYJKoZIhvcNAQELBQAD
ggEBAGlIIHbij1bSYen9Ao1XYwzuFXzchqSUxADvCYG1Rt5iAYYTuzsnRSJxfb+w
Dv0ZSjfEDDCi3nugf7zGyV3fVMZP6Jmnb7fi05mFm37hE4DVR1bPOt+Fi4cim9F7
NjkAxiCcW68EMqxaYnMyk0gA16J6rQPjU54QemBDUpFvqq+oejkWWku45hIzwW/L
NX3qEOOAtaVwaGL0Etxcfo4dXRKwaQGN2Q8HeFOejNq1koQR7sSUX0psuShZNZ/j
sK9X9JrCD/F0377/CpgbbRfwVUoiqx4euBCrgEnYbcLJZs0x4iLW9B+oN3MfcuJP
cMcTfU+42boeZaemislAMeJ6P5c=
-----END CERTIFICATE-----

2024-07-06 11:53:57,754 [main] INFO  utils.CertificateCodec (CertificateCodec.java:writeCertificate(253)) - Save certificate to /home/runner/work/ozone/ozone/hadoop-ozone/integration-test/target/test-dir/MiniOzoneClusterImpl-23934d72-33be-4118-bcff-1eb1b476413a/ozone-meta/om/certs/CA-2.crt
2024-07-06 11:53:57,754 [main] INFO  utils.CertificateCodec (CertificateCodec.java:writeCertificate(254)) - Certificate -----BEGIN CERTIFICATE-----
MIIEADCCAuigAwIBAgIBAjANBgkqhkiG9w0BAQsFADCBhjEaMBgGA1UEAwwRc2Nt
QGZ2LWF6MTA0MS00MDUxLTArBgNVBAsMJGViNjZkZjg2LTZmZmMtNGU1My1iODcz
LWNiMmI0NGQ1ZjM1ZDEtMCsGA1UECgwkMjM5MzRkNzItMzNiZS00MTE4LWJjZmYt
MWViMWI0NzY0MTNhMQowCAYDVQQFEwExMB4XDTI0MDcwNjExNTMzN1oXDTI5MDgx
NDExNTMzN1owgYYxGjAYBgNVBAMMEXNjbS1zdWJAbG9jYWxob3N0MS0wKwYDVQQL
DCRlYjY2ZGY4Ni02ZmZjLTRlNTMtYjg3My1jYjJiNDRkNWYzNWQxLTArBgNVBAoM
JDIzOTM0ZDcyLTMzYmUtNDExOC1iY2ZmLTFlYjFiNDc2NDEzYTEKMAgGA1UEBRMB
MjCCASIwDQYJKoZIhvcNAQEBBQADggEPADCCAQoCggEBAI9Ye6jhc8eewG6uvADS
jjH4n7H8xV5BeLfO+iOnnpmat2rPbporEWNfCre+xQYcSuUORf/LZ7KIjdHp+ipQ
ReTGtMIoToDJony/E9YZf6yROZaZUd7+PZHs1s8ZOPA93J6aFQvG6qRSjO9QuZeo
BiAdNqYuoyihEUY7BAzoJElOP6nojwgcgd/qtkVsIjR0hft2yS7rtfPxiosoqNwT
TjC5/4SSP/VcuL2CsyYVRALRO7FiDgsrBJPUwj4I9bgWnrY0jjIxnI6Z3D9rPcre
KvshbMPmJDeN4Ghd1EH14DAP+ZfA4TLhZMdCL6mh+qVrUEMm1fR6LFwad9D6U/9X
ONECAwEAAaN3MHUwDgYDVR0PAQH/BAQDAgG+MFIGA1UdEQRLMEmHBAoBAAuCQWZ2
LWF6MTA0MS00MDUuY2dxbXE1cXVucG5lbGJ6NXRrMXY1NXY1dGUuYnguaW50ZXJu
YWwuY2xvdWRhcHAubmV0MA8GA1UdEwEB/wQFMAMBAf8wDQYJKoZIhvcNAQELBQAD
ggEBAEn6t5IxwWoYkgosnNwulVIeHljhuMenV5jE8iJlNA81ytCU/Fmlxnazacr/
n8rjbSvu0oGBKefyzu6oN3zpNNnvjQuffmQlK5QgZnTd2PH0drqPWxb049IegWzX
O5U9B9F9AwA3eQ46EERZPireJVMA8AzZwG367v0bUMxupfxCwfnT6Yc7vJ/O+dj2
Od9xed8EEd0CbMLB36lRyyFOd4j+BXCurp59p5AgsXuWBkcTe9j8aqqxztEU3A7o
FMYKDKLv82h3kAKyL6MFnMVWGA5+6CwAXhcFbwCuqRv10FoMLMenzaXHhPL+Zw/E
ZM3EFkeVbLESdq/SMW6cnKU7cts=
-----END CERTIFICATE-----

-----BEGIN CERTIFICATE-----
MIIEADCCAuigAwIBAgIBATANBgkqhkiG9w0BAQsFADCBhjEaMBgGA1UEAwwRc2Nt
QGZ2LWF6MTA0MS00MDUxLTArBgNVBAsMJGViNjZkZjg2LTZmZmMtNGU1My1iODcz
LWNiMmI0NGQ1ZjM1ZDEtMCsGA1UECgwkMjM5MzRkNzItMzNiZS00MTE4LWJjZmYt
MWViMWI0NzY0MTNhMQowCAYDVQQFEwExMB4XDTI0MDcwNjExNTMzN1oXDTI5MDgx
NDExNTMzN1owgYYxGjAYBgNVBAMMEXNjbUBmdi1hejEwNDEtNDA1MS0wKwYDVQQL
DCRlYjY2ZGY4Ni02ZmZjLTRlNTMtYjg3My1jYjJiNDRkNWYzNWQxLTArBgNVBAoM
JDIzOTM0ZDcyLTMzYmUtNDExOC1iY2ZmLTFlYjFiNDc2NDEzYTEKMAgGA1UEBRMB
MTCCASIwDQYJKoZIhvcNAQEBBQADggEPADCCAQoCggEBAISmOYOluZt/lCgZxU9H
gvcsRqfRemrHFDZGFVDnpT5vtK374ntRLw6MYBdectIJAU2BZMRW1tU/pcvvodWO
cd/nlOosnhiBrABr0QIY3B4bFba/t5RfUn+iQQt5KmDmh8vFaFyuBrHzNF7amGrx
6hflYrKbY+aMZW2nHXs3Mk45uAeD2zSSem9/oImjiVvWqFxiSsGemn5RSP15Urz9
pO9VzeKwKhrTjP5jG6I10Nol4P9q6zGnYqj0pHgsFKaYnTd7X1eaH6pJo9Acdaqe
XPVM9f7ZFENikdcMP0RynUYBUzHfbillRgGBagITAjg/AtCnhlmAjTS/DXTH69dS
l1sCAwEAAaN3MHUwDwYDVR0TAQH/BAUwAwEB/zAOBgNVHQ8BAf8EBAMCAQYwUgYD
VR0RBEswSYcECgEAC4JBZnYtYXoxMDQxLTQwNS5jZ3FtcTVxdW5wbmVsYno1dGsx
djU1djV0ZS5ieC5pbnRlcm5hbC5jbG91ZGFwcC5uZXQwDQYJKoZIhvcNAQELBQAD
ggEBAGlIIHbij1bSYen9Ao1XYwzuFXzchqSUxADvCYG1Rt5iAYYTuzsnRSJxfb+w
Dv0ZSjfEDDCi3nugf7zGyV3fVMZP6Jmnb7fi05mFm37hE4DVR1bPOt+Fi4cim9F7
NjkAxiCcW68EMqxaYnMyk0gA16J6rQPjU54QemBDUpFvqq+oejkWWku45hIzwW/L
NX3qEOOAtaVwaGL0Etxcfo4dXRKwaQGN2Q8HeFOejNq1koQR7sSUX0psuShZNZ/j
sK9X9JrCD/F0377/CpgbbRfwVUoiqx4euBCrgEnYbcLJZs0x4iLW9B+oN3MfcuJP
cMcTfU+42boeZaemislAMeJ6P5c=
-----END CERTIFICATE-----

2024-07-06 11:53:57,755 [IPC Server handler 0 on default port 15002] INFO  client.SCMCertificateClient (DefaultCertificateClient.java:getAllRootCaCerts(973)) - scm/sub-ca has 0 Root CA certificates
2024-07-06 11:53:57,755 [IPC Server handler 0 on default port 15002] INFO  client.SCMCertificateClient (DefaultCertificateClient.java:getAllCaCerts(981)) - scm/sub-ca has 1 CA certificates
2024-07-06 11:53:57,756 [main] INFO  utils.CertificateCodec (CertificateCodec.java:writeCertificate(253)) - Save certificate to /home/runner/work/ozone/ozone/hadoop-ozone/integration-test/target/test-dir/MiniOzoneClusterImpl-23934d72-33be-4118-bcff-1eb1b476413a/ozone-meta/om/certs/ROOTCA-1.crt
2024-07-06 11:53:57,756 [main] INFO  utils.CertificateCodec (CertificateCodec.java:writeCertificate(254)) - Certificate -----BEGIN CERTIFICATE-----
MIIEADCCAuigAwIBAgIBATANBgkqhkiG9w0BAQsFADCBhjEaMBgGA1UEAwwRc2Nt
QGZ2LWF6MTA0MS00MDUxLTArBgNVBAsMJGViNjZkZjg2LTZmZmMtNGU1My1iODcz
LWNiMmI0NGQ1ZjM1ZDEtMCsGA1UECgwkMjM5MzRkNzItMzNiZS00MTE4LWJjZmYt
MWViMWI0NzY0MTNhMQowCAYDVQQFEwExMB4XDTI0MDcwNjExNTMzN1oXDTI5MDgx
NDExNTMzN1owgYYxGjAYBgNVBAMMEXNjbUBmdi1hejEwNDEtNDA1MS0wKwYDVQQL
DCRlYjY2ZGY4Ni02ZmZjLTRlNTMtYjg3My1jYjJiNDRkNWYzNWQxLTArBgNVBAoM
JDIzOTM0ZDcyLTMzYmUtNDExOC1iY2ZmLTFlYjFiNDc2NDEzYTEKMAgGA1UEBRMB
MTCCASIwDQYJKoZIhvcNAQEBBQADggEPADCCAQoCggEBAISmOYOluZt/lCgZxU9H
gvcsRqfRemrHFDZGFVDnpT5vtK374ntRLw6MYBdectIJAU2BZMRW1tU/pcvvodWO
cd/nlOosnhiBrABr0QIY3B4bFba/t5RfUn+iQQt5KmDmh8vFaFyuBrHzNF7amGrx
6hflYrKbY+aMZW2nHXs3Mk45uAeD2zSSem9/oImjiVvWqFxiSsGemn5RSP15Urz9
pO9VzeKwKhrTjP5jG6I10Nol4P9q6zGnYqj0pHgsFKaYnTd7X1eaH6pJo9Acdaqe
XPVM9f7ZFENikdcMP0RynUYBUzHfbillRgGBagITAjg/AtCnhlmAjTS/DXTH69dS
l1sCAwEAAaN3MHUwDwYDVR0TAQH/BAUwAwEB/zAOBgNVHQ8BAf8EBAMCAQYwUgYD
VR0RBEswSYcECgEAC4JBZnYtYXoxMDQxLTQwNS5jZ3FtcTVxdW5wbmVsYno1dGsx
djU1djV0ZS5ieC5pbnRlcm5hbC5jbG91ZGFwcC5uZXQwDQYJKoZIhvcNAQELBQAD
ggEBAGlIIHbij1bSYen9Ao1XYwzuFXzchqSUxADvCYG1Rt5iAYYTuzsnRSJxfb+w
Dv0ZSjfEDDCi3nugf7zGyV3fVMZP6Jmnb7fi05mFm37hE4DVR1bPOt+Fi4cim9F7
NjkAxiCcW68EMqxaYnMyk0gA16J6rQPjU54QemBDUpFvqq+oejkWWku45hIzwW/L
NX3qEOOAtaVwaGL0Etxcfo4dXRKwaQGN2Q8HeFOejNq1koQR7sSUX0psuShZNZ/j
sK9X9JrCD/F0377/CpgbbRfwVUoiqx4euBCrgEnYbcLJZs0x4iLW9B+oN3MfcuJP
cMcTfU+42boeZaemislAMeJ6P5c=
-----END CERTIFICATE-----

2024-07-06 11:53:57,757 [main] INFO  security.OMCertificateClient (DefaultCertificateClient.java:updateCertSerialId(1313)) - Certificate serial ID set to 5
2024-07-06 11:53:57,757 [main] INFO  security.OMCertificateClient (DefaultCertificateClient.java:readCertificateFile(248)) - Added certificate 1 from file: /home/runner/work/ozone/ozone/hadoop-ozone/integration-test/target/test-dir/MiniOzoneClusterImpl-23934d72-33be-4118-bcff-1eb1b476413a/ozone-meta/om/certs/ROOTCA-1.crt.
2024-07-06 11:53:57,758 [main] INFO  security.OMCertificateClient (DefaultCertificateClient.java:readCertificateFile(248)) - Added certificate 2 from file: /home/runner/work/ozone/ozone/hadoop-ozone/integration-test/target/test-dir/MiniOzoneClusterImpl-23934d72-33be-4118-bcff-1eb1b476413a/ozone-meta/om/certs/CA-2.crt.
2024-07-06 11:53:57,760 [main] INFO  security.OMCertificateClient (DefaultCertificateClient.java:readCertificateFile(248)) - Added certificate 5 from file: /home/runner/work/ozone/ozone/hadoop-ozone/integration-test/target/test-dir/MiniOzoneClusterImpl-23934d72-33be-4118-bcff-1eb1b476413a/ozone-meta/om/certs/5.crt.
2024-07-06 11:53:57,761 [main] INFO  security.OMCertificateClient (DefaultCertificateClient.java:startCertificateRenewerService(1418)) - CertificateRenewerService for om is started with first delay 29116799239 ms and interval 86400000 ms.
2024-07-06 11:53:57,761 [main] INFO  security.OMCertificateClient (DefaultCertificateClient.java:updateCertSerialId(1313)) - Certificate serial ID set to 5
2024-07-06 11:53:57,762 [main] INFO  security.OMCertificateClient (DefaultCertificateClient.java:readCertificateFile(248)) - Added certificate 1 from file: /home/runner/work/ozone/ozone/hadoop-ozone/integration-test/target/test-dir/MiniOzoneClusterImpl-23934d72-33be-4118-bcff-1eb1b476413a/ozone-meta/om/certs/ROOTCA-1.crt.
2024-07-06 11:53:57,763 [main] INFO  security.OMCertificateClient (DefaultCertificateClient.java:readCertificateFile(248)) - Added certificate 2 from file: /home/runner/work/ozone/ozone/hadoop-ozone/integration-test/target/test-dir/MiniOzoneClusterImpl-23934d72-33be-4118-bcff-1eb1b476413a/ozone-meta/om/certs/CA-2.crt.
2024-07-06 11:53:57,764 [main] INFO  security.OMCertificateClient (DefaultCertificateClient.java:readCertificateFile(248)) - Added certificate 5 from file: /home/runner/work/ozone/ozone/hadoop-ozone/integration-test/target/test-dir/MiniOzoneClusterImpl-23934d72-33be-4118-bcff-1eb1b476413a/ozone-meta/om/certs/5.crt.
2024-07-06 11:53:57,764 [main] INFO  security.OMCertificateClient (DefaultCertificateClient.java:recoverStateIfNeeded(815)) - Successfully stored OM signed certificate, case:GETCERT.
2024-07-06 11:53:57,768 [main] INFO  ha.OMHANodeDetails (OMHANodeDetails.java:loadOMHAConfig(115)) - ozone.om.internal.service.id is not defined, falling back to ozone.om.service.ids to find serviceID for OzoneManager if it is HA enabled cluster
2024-07-06 11:53:57,769 [main] INFO  ha.OMHANodeDetails (OMHANodeDetails.java:loadOMHAConfig(226)) - Configuration does not have ozone.om.address set. Falling back to the default OM address /127.0.0.1:15036
2024-07-06 11:53:57,769 [main] INFO  ha.OMHANodeDetails (OMHANodeDetails.java:getOMNodeDetailsForNonHA(254)) - OM Service ID is not set. Setting it to the default ID: omServiceIdDefault
2024-07-06 11:53:57,769 [main] INFO  ha.OMHANodeDetails (OMHANodeDetails.java:getOMNodeDetailsForNonHA(261)) - OM Node ID is not set. Setting it to the default ID: om1
2024-07-06 11:53:57,770 [main] WARN  server.ServerUtils (ServerUtils.java:getDBPath(299)) - ozone.om.db.dirs is not configured. We recommend adding this setting. Falling back to ozone.metadata.dirs instead.
2024-07-06 11:53:57,773 [main] INFO  upgrade.AbstractLayoutVersionManager (AbstractLayoutVersionManager.java:init(83)) - Initializing Layout version manager with metadata layout = QUOTA (version = 6), software layout = QUOTA (version = 6)
2024-07-06 11:53:57,846 [main] INFO  reflections.Reflections (Reflections.java:scan(219)) - Reflections took 71 ms to scan 2 urls, producing 188 keys and 546 values
2024-07-06 11:53:57,850 [main] INFO  upgrade.OMLayoutVersionManager (OMLayoutVersionManager.java:lambda$0(113)) - Skipping Upgrade Action QuotaRepairUpgradeAction since it has been finalized.
2024-07-06 11:53:57,851 [main] INFO  upgrade.OMLayoutVersionManager (OMLayoutVersionManager.java:lambda$0(113)) - Skipping Upgrade Action MockOmUpgradeAction since it has been finalized.
2024-07-06 11:53:57,855 [pool-1-thread-2] INFO  request.KdcRequest (KdcRequest.java:preauth(651)) - The preauth data is empty.
2024-07-06 11:53:57,855 [pool-1-thread-2] INFO  server.KdcHandler (KdcHandler.java:handleRecoverableException(177)) - KRB error occurred while processing request:Additional pre-authentication required
2024-07-06 11:53:57,859 [pool-1-thread-2] INFO  request.AsRequest (AsRequest.java:issueTicket(112)) - AS_REQ ISSUE: authtime 1720266837858,scm/fv-az1041-405.cgqmq5qunpnelbz5tk1v55v5te.bx.internal.cloudapp.net@EXAMPLE.COM for krbtgt/EXAMPLE.COM@EXAMPLE.COM
2024-07-06 11:53:57,860 [main] INFO  security.UserGroupInformation (UserGroupInformation.java:loginUserFromKeytab(1132)) - Login successful for user scm/fv-az1041-405.cgqmq5qunpnelbz5tk1v55v5te.bx.internal.cloudapp.net@EXAMPLE.COM using keytab file scm.keytab. Keytab auto renewal enabled : false
2024-07-06 11:53:57,860 [main] INFO  om.OzoneManager (OzoneManager.java:loginOMUser(1196)) - Ozone Manager login successful.
2024-07-06 11:53:57,860 [main] WARN  server.ServerUtils (ServerUtils.java:getDBPath(299)) - ozone.om.db.dirs is not configured. We recommend adding this setting. Falling back to ozone.metadata.dirs instead.
2024-07-06 11:53:57,869 [main] INFO  ha.SCMNodeInfo (SCMNodeInfo.java:getPort(197)) - ConfigKey ozone.scm.client.address is deprecated, For configuring different ports for each SCM use PortConfigKey ozone.scm.client.port appended with serviceId and nodeId
2024-07-06 11:53:57,870 [main] INFO  ha.SCMNodeInfo (SCMNodeInfo.java:getPort(197)) - ConfigKey ozone.scm.block.client.address is deprecated, For configuring different ports for each SCM use PortConfigKey ozone.scm.block.client.port appended with serviceId and nodeId
2024-07-06 11:53:57,870 [main] INFO  ha.SCMNodeInfo (SCMNodeInfo.java:getPort(197)) - ConfigKey ozone.scm.security.service.address is deprecated, For configuring different ports for each SCM use PortConfigKey ozone.scm.security.service.port appended with serviceId and nodeId
2024-07-06 11:53:57,870 [main] INFO  ha.SCMNodeInfo (SCMNodeInfo.java:getPort(197)) - ConfigKey ozone.scm.datanode.address is deprecated, For configuring different ports for each SCM use PortConfigKey ozone.scm.datanode.port appended with serviceId and nodeId
2024-07-06 11:53:57,870 [main] INFO  ha.SCMNodeInfo (SCMNodeInfo.java:getPort(197)) - ConfigKey ozone.scm.client.address is deprecated, For configuring different ports for each SCM use PortConfigKey ozone.scm.client.port appended with serviceId and nodeId
2024-07-06 11:53:57,871 [main] INFO  ha.SCMNodeInfo (SCMNodeInfo.java:getPort(197)) - ConfigKey ozone.scm.block.client.address is deprecated, For configuring different ports for each SCM use PortConfigKey ozone.scm.block.client.port appended with serviceId and nodeId
2024-07-06 11:53:57,871 [main] INFO  ha.SCMNodeInfo (SCMNodeInfo.java:getPort(197)) - ConfigKey ozone.scm.security.service.address is deprecated, For configuring different ports for each SCM use PortConfigKey ozone.scm.security.service.port appended with serviceId and nodeId
2024-07-06 11:53:57,871 [main] INFO  ha.SCMNodeInfo (SCMNodeInfo.java:getPort(197)) - ConfigKey ozone.scm.datanode.address is deprecated, For configuring different ports for each SCM use PortConfigKey ozone.scm.datanode.port appended with serviceId and nodeId
2024-07-06 11:53:57,871 [main] INFO  ha.SCMNodeInfo (SCMNodeInfo.java:getPort(197)) - ConfigKey ozone.scm.client.address is deprecated, For configuring different ports for each SCM use PortConfigKey ozone.scm.client.port appended with serviceId and nodeId
2024-07-06 11:53:57,872 [main] INFO  ha.SCMNodeInfo (SCMNodeInfo.java:getPort(197)) - ConfigKey ozone.scm.block.client.address is deprecated, For configuring different ports for each SCM use PortConfigKey ozone.scm.block.client.port appended with serviceId and nodeId
2024-07-06 11:53:57,872 [main] INFO  ha.SCMNodeInfo (SCMNodeInfo.java:getPort(197)) - ConfigKey ozone.scm.security.service.address is deprecated, For configuring different ports for each SCM use PortConfigKey ozone.scm.security.service.port appended with serviceId and nodeId
2024-07-06 11:53:57,872 [main] INFO  ha.SCMNodeInfo (SCMNodeInfo.java:getPort(197)) - ConfigKey ozone.scm.datanode.address is deprecated, For configuring different ports for each SCM use PortConfigKey ozone.scm.datanode.port appended with serviceId and nodeId
2024-07-06 11:53:57,976 [main] INFO  ha.SCMNodeInfo (SCMNodeInfo.java:getPort(197)) - ConfigKey ozone.scm.client.address is deprecated, For configuring different ports for each SCM use PortConfigKey ozone.scm.client.port appended with serviceId and nodeId
2024-07-06 11:53:57,977 [main] INFO  ha.SCMNodeInfo (SCMNodeInfo.java:getPort(197)) - ConfigKey ozone.scm.block.client.address is deprecated, For configuring different ports for each SCM use PortConfigKey ozone.scm.block.client.port appended with serviceId and nodeId
2024-07-06 11:53:57,977 [main] INFO  ha.SCMNodeInfo (SCMNodeInfo.java:getPort(197)) - ConfigKey ozone.scm.security.service.address is deprecated, For configuring different ports for each SCM use PortConfigKey ozone.scm.security.service.port appended with serviceId and nodeId
2024-07-06 11:53:57,978 [main] INFO  ha.SCMNodeInfo (SCMNodeInfo.java:getPort(197)) - ConfigKey ozone.scm.datanode.address is deprecated, For configuring different ports for each SCM use PortConfigKey ozone.scm.datanode.port appended with serviceId and nodeId
2024-07-06 11:53:57,979 [main] INFO  ha.SCMNodeInfo (SCMNodeInfo.java:getPort(197)) - ConfigKey ozone.scm.client.address is deprecated, For configuring different ports for each SCM use PortConfigKey ozone.scm.client.port appended with serviceId and nodeId
2024-07-06 11:53:57,980 [main] INFO  ha.SCMNodeInfo (SCMNodeInfo.java:getPort(197)) - ConfigKey ozone.scm.block.client.address is deprecated, For configuring different ports for each SCM use PortConfigKey ozone.scm.block.client.port appended with serviceId and nodeId
2024-07-06 11:53:57,980 [main] INFO  ha.SCMNodeInfo (SCMNodeInfo.java:getPort(197)) - ConfigKey ozone.scm.security.service.address is deprecated, For configuring different ports for each SCM use PortConfigKey ozone.scm.security.service.port appended with serviceId and nodeId
2024-07-06 11:53:57,980 [main] INFO  ha.SCMNodeInfo (SCMNodeInfo.java:getPort(197)) - ConfigKey ozone.scm.datanode.address is deprecated, For configuring different ports for each SCM use PortConfigKey ozone.scm.datanode.port appended with serviceId and nodeId
2024-07-06 11:53:57,981 [main] INFO  ha.SCMNodeInfo (SCMNodeInfo.java:getPort(197)) - ConfigKey ozone.scm.client.address is deprecated, For configuring different ports for each SCM use PortConfigKey ozone.scm.client.port appended with serviceId and nodeId
2024-07-06 11:53:57,981 [main] INFO  ha.SCMNodeInfo (SCMNodeInfo.java:getPort(197)) - ConfigKey ozone.scm.block.client.address is deprecated, For configuring different ports for each SCM use PortConfigKey ozone.scm.block.client.port appended with serviceId and nodeId
2024-07-06 11:53:57,982 [main] INFO  ha.SCMNodeInfo (SCMNodeInfo.java:getPort(197)) - ConfigKey ozone.scm.security.service.address is deprecated, For configuring different ports for each SCM use PortConfigKey ozone.scm.security.service.port appended with serviceId and nodeId
2024-07-06 11:53:57,982 [main] INFO  ha.SCMNodeInfo (SCMNodeInfo.java:getPort(197)) - ConfigKey ozone.scm.datanode.address is deprecated, For configuring different ports for each SCM use PortConfigKey ozone.scm.datanode.port appended with serviceId and nodeId
2024-07-06 11:53:57,983 [main] INFO  proxy.SCMBlockLocationFailoverProxyProvider (SCMBlockLocationFailoverProxyProvider.java:<init>(115)) - Created block location fail-over proxy with 3 nodes: [nodeId=scmNode-2,nodeAddress=/127.0.0.1:15015, nodeId=scmNode-3,nodeAddress=/127.0.0.1:15023, nodeId=scmNode-1,nodeAddress=/127.0.0.1:15007]
2024-07-06 11:53:57,994 [main] INFO  om.OzoneManager (OzoneManager.java:getOmDetailsProto(4731)) - OzoneManager ports added:[name: "RPC"
value: 15036
]
2024-07-06 11:53:57,996 [main] INFO  ha.SCMNodeInfo (SCMNodeInfo.java:getPort(197)) - ConfigKey ozone.scm.client.address is deprecated, For configuring different ports for each SCM use PortConfigKey ozone.scm.client.port appended with serviceId and nodeId
2024-07-06 11:53:57,996 [main] INFO  ha.SCMNodeInfo (SCMNodeInfo.java:getPort(197)) - ConfigKey ozone.scm.block.client.address is deprecated, For configuring different ports for each SCM use PortConfigKey ozone.scm.block.client.port appended with serviceId and nodeId
2024-07-06 11:53:57,997 [main] INFO  ha.SCMNodeInfo (SCMNodeInfo.java:getPort(197)) - ConfigKey ozone.scm.security.service.address is deprecated, For configuring different ports for each SCM use PortConfigKey ozone.scm.security.service.port appended with serviceId and nodeId
2024-07-06 11:53:57,997 [main] INFO  ha.SCMNodeInfo (SCMNodeInfo.java:getPort(197)) - ConfigKey ozone.scm.datanode.address is deprecated, For configuring different ports for each SCM use PortConfigKey ozone.scm.datanode.port appended with serviceId and nodeId
2024-07-06 11:53:57,997 [main] INFO  ha.SCMNodeInfo (SCMNodeInfo.java:getPort(197)) - ConfigKey ozone.scm.client.address is deprecated, For configuring different ports for each SCM use PortConfigKey ozone.scm.client.port appended with serviceId and nodeId
2024-07-06 11:53:57,998 [main] INFO  ha.SCMNodeInfo (SCMNodeInfo.java:getPort(197)) - ConfigKey ozone.scm.block.client.address is deprecated, For configuring different ports for each SCM use PortConfigKey ozone.scm.block.client.port appended with serviceId and nodeId
2024-07-06 11:53:57,998 [main] INFO  ha.SCMNodeInfo (SCMNodeInfo.java:getPort(197)) - ConfigKey ozone.scm.security.service.address is deprecated, For configuring different ports for each SCM use PortConfigKey ozone.scm.security.service.port appended with serviceId and nodeId
2024-07-06 11:53:57,998 [main] INFO  ha.SCMNodeInfo (SCMNodeInfo.java:getPort(197)) - ConfigKey ozone.scm.datanode.address is deprecated, For configuring different ports for each SCM use PortConfigKey ozone.scm.datanode.port appended with serviceId and nodeId
2024-07-06 11:53:57,999 [main] INFO  ha.SCMNodeInfo (SCMNodeInfo.java:getPort(197)) - ConfigKey ozone.scm.client.address is deprecated, For configuring different ports for each SCM use PortConfigKey ozone.scm.client.port appended with serviceId and nodeId
2024-07-06 11:53:57,999 [main] INFO  ha.SCMNodeInfo (SCMNodeInfo.java:getPort(197)) - ConfigKey ozone.scm.block.client.address is deprecated, For configuring different ports for each SCM use PortConfigKey ozone.scm.block.client.port appended with serviceId and nodeId
2024-07-06 11:53:58,002 [main] INFO  ha.SCMNodeInfo (SCMNodeInfo.java:getPort(197)) - ConfigKey ozone.scm.security.service.address is deprecated, For configuring different ports for each SCM use PortConfigKey ozone.scm.security.service.port appended with serviceId and nodeId
2024-07-06 11:53:58,002 [main] INFO  ha.SCMNodeInfo (SCMNodeInfo.java:getPort(197)) - ConfigKey ozone.scm.datanode.address is deprecated, For configuring different ports for each SCM use PortConfigKey ozone.scm.datanode.port appended with serviceId and nodeId
2024-07-06 11:53:58,003 [main] INFO  security.OMCertificateClient (DefaultCertificateClient.java:updateCertSerialId(1313)) - Certificate serial ID set to 5
2024-07-06 11:53:58,005 [main] INFO  security.OMCertificateClient (DefaultCertificateClient.java:readCertificateFile(248)) - Added certificate 1 from file: /home/runner/work/ozone/ozone/hadoop-ozone/integration-test/target/test-dir/MiniOzoneClusterImpl-23934d72-33be-4118-bcff-1eb1b476413a/ozone-meta/om/certs/ROOTCA-1.crt.
2024-07-06 11:53:58,014 [main] INFO  security.OMCertificateClient (DefaultCertificateClient.java:readCertificateFile(248)) - Added certificate 2 from file: /home/runner/work/ozone/ozone/hadoop-ozone/integration-test/target/test-dir/MiniOzoneClusterImpl-23934d72-33be-4118-bcff-1eb1b476413a/ozone-meta/om/certs/CA-2.crt.
2024-07-06 11:53:58,017 [main] INFO  security.OMCertificateClient (DefaultCertificateClient.java:readCertificateFile(248)) - Added certificate 5 from file: /home/runner/work/ozone/ozone/hadoop-ozone/integration-test/target/test-dir/MiniOzoneClusterImpl-23934d72-33be-4118-bcff-1eb1b476413a/ozone-meta/om/certs/5.crt.
2024-07-06 11:53:58,019 [main] INFO  security.OMCertificateClient (DefaultCertificateClient.java:startCertificateRenewerService(1418)) - CertificateRenewerService for om is started with first delay 29116798980 ms and interval 86400000 ms.
2024-07-06 11:53:58,019 [main] INFO  ha.SCMNodeInfo (SCMNodeInfo.java:getPort(197)) - ConfigKey ozone.scm.client.address is deprecated, For configuring different ports for each SCM use PortConfigKey ozone.scm.client.port appended with serviceId and nodeId
2024-07-06 11:53:58,020 [main] INFO  ha.SCMNodeInfo (SCMNodeInfo.java:getPort(197)) - ConfigKey ozone.scm.block.client.address is deprecated, For configuring different ports for each SCM use PortConfigKey ozone.scm.block.client.port appended with serviceId and nodeId
2024-07-06 11:53:58,020 [main] INFO  ha.SCMNodeInfo (SCMNodeInfo.java:getPort(197)) - ConfigKey ozone.scm.security.service.address is deprecated, For configuring different ports for each SCM use PortConfigKey ozone.scm.security.service.port appended with serviceId and nodeId
2024-07-06 11:53:58,021 [main] INFO  ha.SCMNodeInfo (SCMNodeInfo.java:getPort(197)) - ConfigKey ozone.scm.datanode.address is deprecated, For configuring different ports for each SCM use PortConfigKey ozone.scm.datanode.port appended with serviceId and nodeId
2024-07-06 11:53:58,021 [main] INFO  ha.SCMNodeInfo (SCMNodeInfo.java:getPort(197)) - ConfigKey ozone.scm.client.address is deprecated, For configuring different ports for each SCM use PortConfigKey ozone.scm.client.port appended with serviceId and nodeId
2024-07-06 11:53:58,021 [main] INFO  ha.SCMNodeInfo (SCMNodeInfo.java:getPort(197)) - ConfigKey ozone.scm.block.client.address is deprecated, For configuring different ports for each SCM use PortConfigKey ozone.scm.block.client.port appended with serviceId and nodeId
2024-07-06 11:53:58,022 [main] INFO  ha.SCMNodeInfo (SCMNodeInfo.java:getPort(197)) - ConfigKey ozone.scm.security.service.address is deprecated, For configuring different ports for each SCM use PortConfigKey ozone.scm.security.service.port appended with serviceId and nodeId
2024-07-06 11:53:58,022 [main] INFO  ha.SCMNodeInfo (SCMNodeInfo.java:getPort(197)) - ConfigKey ozone.scm.datanode.address is deprecated, For configuring different ports for each SCM use PortConfigKey ozone.scm.datanode.port appended with serviceId and nodeId
2024-07-06 11:53:58,022 [main] INFO  ha.SCMNodeInfo (SCMNodeInfo.java:getPort(197)) - ConfigKey ozone.scm.client.address is deprecated, For configuring different ports for each SCM use PortConfigKey ozone.scm.client.port appended with serviceId and nodeId
2024-07-06 11:53:58,023 [main] INFO  ha.SCMNodeInfo (SCMNodeInfo.java:getPort(197)) - ConfigKey ozone.scm.block.client.address is deprecated, For configuring different ports for each SCM use PortConfigKey ozone.scm.block.client.port appended with serviceId and nodeId
2024-07-06 11:53:58,023 [main] INFO  ha.SCMNodeInfo (SCMNodeInfo.java:getPort(197)) - ConfigKey ozone.scm.security.service.address is deprecated, For configuring different ports for each SCM use PortConfigKey ozone.scm.security.service.port appended with serviceId and nodeId
2024-07-06 11:53:58,023 [main] INFO  ha.SCMNodeInfo (SCMNodeInfo.java:getPort(197)) - ConfigKey ozone.scm.datanode.address is deprecated, For configuring different ports for each SCM use PortConfigKey ozone.scm.datanode.port appended with serviceId and nodeId
2024-07-06 11:53:58,048 [main] INFO  om.OzoneManager (OzoneManager.java:<init>(678)) - OM start with adminUsers: [runner, scm]
2024-07-06 11:53:58,064 [main] WARN  server.ServerUtils (ServerUtils.java:getDBPath(299)) - ozone.om.db.dirs is not configured. We recommend adding this setting. Falling back to ozone.metadata.dirs instead.
2024-07-06 11:53:58,083 [main] INFO  helpers.OmKeyInfo (OmKeyInfo.java:getCodec(72)) - OmKeyInfo.getCodec ignorePipeline = true
2024-07-06 11:53:58,277 [main] INFO  om.OzoneManager (OzoneManager.java:instantiateServices(812)) - S3 Multi-Tenancy is disabled
2024-07-06 11:53:58,285 [main] INFO  security.OzoneSecretStore (OzoneSecretStore.java:loadState(69)) - Loaded 0 tokens
2024-07-06 11:53:58,285 [main] INFO  security.OzoneDelegationTokenSecretManager (OzoneDelegationTokenSecretManager.java:loadTokenSecretState(516)) - Loading token state into token manager.
2024-07-06 11:53:58,307 [main] INFO  om.OmSnapshotManager (OmSnapshotManager.java:<init>(179)) - Ozone filesystem snapshot feature is enabled.
2024-07-06 11:53:58,312 [main] WARN  server.ServerUtils (ServerUtils.java:getDBPath(299)) - ozone.om.snapshot.diff.db.dir is not configured. We recommend adding this setting. Falling back to ozone.metadata.dirs instead.
2024-07-06 11:53:58,340 [main] INFO  utils.NativeLibraryLoader (NativeLibraryLoader.java:loadLibrary(111)) - Loading Library: ozone_rocksdb_tools
2024-07-06 11:53:58,341 [main] ERROR snapshot.SnapshotDiffManager (SnapshotDiffManager.java:initNativeLibraryForEfficientDiff(287)) - Native Library for raw sst file reading loading failed.
org.apache.hadoop.hdds.utils.NativeLibraryNotLoadedException: Unable to load library ozone_rocksdb_tools from both java.library.path & resource file libozone_rocksdb_tools.so from jar.
	at org.apache.hadoop.hdds.utils.db.managed.ManagedRawSSTFileReader.loadLibrary(ManagedRawSSTFileReader.java:40)
	at org.apache.hadoop.ozone.om.snapshot.SnapshotDiffManager.initNativeLibraryForEfficientDiff(SnapshotDiffManager.java:285)
	at org.apache.hadoop.ozone.om.snapshot.SnapshotDiffManager.<init>(SnapshotDiffManager.java:259)
	at org.apache.hadoop.ozone.om.OmSnapshotManager.<init>(OmSnapshotManager.java:286)
	at org.apache.hadoop.ozone.om.OzoneManager.instantiateServices(OzoneManager.java:864)
	at org.apache.hadoop.ozone.om.OzoneManager.<init>(OzoneManager.java:688)
	at org.apache.hadoop.ozone.om.OzoneManager.createOm(OzoneManager.java:775)
	at org.apache.hadoop.ozone.MiniOzoneClusterImpl$Builder.createOM(MiniOzoneClusterImpl.java:689)
	at org.apache.hadoop.ozone.MiniOzoneClusterImpl$Builder.createAndStartSingleOM(MiniOzoneClusterImpl.java:673)
	at org.apache.hadoop.ozone.MiniOzoneHAClusterImpl$Builder.createOMService(MiniOzoneHAClusterImpl.java:483)
	at org.apache.hadoop.ozone.MiniOzoneHAClusterImpl$Builder.build(MiniOzoneHAClusterImpl.java:425)
	at org.apache.hadoop.hdds.scm.TestSecretKeysApi.startCluster(TestSecretKeysApi.java:334)
	at org.apache.hadoop.hdds.scm.TestSecretKeysApi.testSecretKeyApiSuccess(TestSecretKeysApi.java:195)
	at java.base/jdk.internal.reflect.NativeMethodAccessorImpl.invoke0(Native Method)
	at java.base/jdk.internal.reflect.NativeMethodAccessorImpl.invoke(NativeMethodAccessorImpl.java:77)
	at java.base/jdk.internal.reflect.DelegatingMethodAccessorImpl.invoke(DelegatingMethodAccessorImpl.java:43)
	at java.base/java.lang.reflect.Method.invoke(Method.java:568)
	at org.junit.platform.commons.util.ReflectionUtils.invokeMethod(ReflectionUtils.java:728)
	at org.junit.jupiter.engine.execution.MethodInvocation.proceed(MethodInvocation.java:60)
	at org.junit.jupiter.engine.execution.InvocationInterceptorChain$ValidatingInvocation.proceed(InvocationInterceptorChain.java:131)
	at org.junit.jupiter.engine.extension.SameThreadTimeoutInvocation.proceed(SameThreadTimeoutInvocation.java:45)
	at org.junit.jupiter.engine.extension.TimeoutExtension.intercept(TimeoutExtension.java:156)
	at org.junit.jupiter.engine.extension.TimeoutExtension.interceptTestableMethod(TimeoutExtension.java:147)
	at org.junit.jupiter.engine.extension.TimeoutExtension.interceptTestMethod(TimeoutExtension.java:86)
	at org.junit.jupiter.engine.execution.InterceptingExecutableInvoker$ReflectiveInterceptorCall.lambda$ofVoidMethod$0(InterceptingExecutableInvoker.java:103)
	at org.junit.jupiter.engine.execution.InterceptingExecutableInvoker.lambda$invoke$0(InterceptingExecutableInvoker.java:93)
	at org.junit.jupiter.engine.execution.InvocationInterceptorChain$InterceptedInvocation.proceed(InvocationInterceptorChain.java:106)
	at org.junit.jupiter.engine.execution.InvocationInterceptorChain.proceed(InvocationInterceptorChain.java:64)
	at org.junit.jupiter.engine.execution.InvocationInterceptorChain.chainAndInvoke(InvocationInterceptorChain.java:45)
	at org.junit.jupiter.engine.execution.InvocationInterceptorChain.invoke(InvocationInterceptorChain.java:37)
	at org.junit.jupiter.engine.execution.InterceptingExecutableInvoker.invoke(InterceptingExecutableInvoker.java:92)
	at org.junit.jupiter.engine.execution.InterceptingExecutableInvoker.invoke(InterceptingExecutableInvoker.java:86)
	at org.junit.jupiter.engine.descriptor.TestMethodTestDescriptor.lambda$invokeTestMethod$7(TestMethodTestDescriptor.java:218)
	at org.junit.platform.engine.support.hierarchical.ThrowableCollector.execute(ThrowableCollector.java:73)
	at org.junit.jupiter.engine.descriptor.TestMethodTestDescriptor.invokeTestMethod(TestMethodTestDescriptor.java:214)
	at org.junit.jupiter.engine.descriptor.TestMethodTestDescriptor.execute(TestMethodTestDescriptor.java:139)
	at org.junit.jupiter.engine.descriptor.TestMethodTestDescriptor.execute(TestMethodTestDescriptor.java:69)
	at org.junit.platform.engine.support.hierarchical.NodeTestTask.lambda$executeRecursively$6(NodeTestTask.java:151)
	at org.junit.platform.engine.support.hierarchical.ThrowableCollector.execute(ThrowableCollector.java:73)
	at org.junit.platform.engine.support.hierarchical.NodeTestTask.lambda$executeRecursively$8(NodeTestTask.java:141)
	at org.junit.platform.engine.support.hierarchical.Node.around(Node.java:137)
	at org.junit.platform.engine.support.hierarchical.NodeTestTask.lambda$executeRecursively$9(NodeTestTask.java:139)
	at org.junit.platform.engine.support.hierarchical.ThrowableCollector.execute(ThrowableCollector.java:73)
	at org.junit.platform.engine.support.hierarchical.NodeTestTask.executeRecursively(NodeTestTask.java:138)
	at org.junit.platform.engine.support.hierarchical.NodeTestTask.execute(NodeTestTask.java:95)
	at java.base/java.util.ArrayList.forEach(ArrayList.java:1511)
	at org.junit.platform.engine.support.hierarchical.SameThreadHierarchicalTestExecutorService.invokeAll(SameThreadHierarchicalTestExecutorService.java:41)
	at org.junit.platform.engine.support.hierarchical.NodeTestTask.lambda$executeRecursively$6(NodeTestTask.java:155)
	at org.junit.platform.engine.support.hierarchical.ThrowableCollector.execute(ThrowableCollector.java:73)
	at org.junit.platform.engine.support.hierarchical.NodeTestTask.lambda$executeRecursively$8(NodeTestTask.java:141)
	at org.junit.platform.engine.support.hierarchical.Node.around(Node.java:137)
	at org.junit.platform.engine.support.hierarchical.NodeTestTask.lambda$executeRecursively$9(NodeTestTask.java:139)
	at org.junit.platform.engine.support.hierarchical.ThrowableCollector.execute(ThrowableCollector.java:73)
	at org.junit.platform.engine.support.hierarchical.NodeTestTask.executeRecursively(NodeTestTask.java:138)
	at org.junit.platform.engine.support.hierarchical.NodeTestTask.execute(NodeTestTask.java:95)
	at java.base/java.util.ArrayList.forEach(ArrayList.java:1511)
	at org.junit.platform.engine.support.hierarchical.SameThreadHierarchicalTestExecutorService.invokeAll(SameThreadHierarchicalTestExecutorService.java:41)
	at org.junit.platform.engine.support.hierarchical.NodeTestTask.lambda$executeRecursively$6(NodeTestTask.java:155)
	at org.junit.platform.engine.support.hierarchical.ThrowableCollector.execute(ThrowableCollector.java:73)
	at org.junit.platform.engine.support.hierarchical.NodeTestTask.lambda$executeRecursively$8(NodeTestTask.java:141)
	at org.junit.platform.engine.support.hierarchical.Node.around(Node.java:137)
	at org.junit.platform.engine.support.hierarchical.NodeTestTask.lambda$executeRecursively$9(NodeTestTask.java:139)
	at org.junit.platform.engine.support.hierarchical.ThrowableCollector.execute(ThrowableCollector.java:73)
	at org.junit.platform.engine.support.hierarchical.NodeTestTask.executeRecursively(NodeTestTask.java:138)
	at org.junit.platform.engine.support.hierarchical.NodeTestTask.execute(NodeTestTask.java:95)
	at org.junit.platform.engine.support.hierarchical.SameThreadHierarchicalTestExecutorService.submit(SameThreadHierarchicalTestExecutorService.java:35)
	at org.junit.platform.engine.support.hierarchical.HierarchicalTestExecutor.execute(HierarchicalTestExecutor.java:57)
	at org.junit.platform.engine.support.hierarchical.HierarchicalTestEngine.execute(HierarchicalTestEngine.java:54)
	at org.junit.platform.launcher.core.EngineExecutionOrchestrator.execute(EngineExecutionOrchestrator.java:198)
	at org.junit.platform.launcher.core.EngineExecutionOrchestrator.execute(EngineExecutionOrchestrator.java:169)
	at org.junit.platform.launcher.core.EngineExecutionOrchestrator.execute(EngineExecutionOrchestrator.java:93)
	at org.junit.platform.launcher.core.EngineExecutionOrchestrator.lambda$execute$0(EngineExecutionOrchestrator.java:58)
	at org.junit.platform.launcher.core.EngineExecutionOrchestrator.withInterceptedStreams(EngineExecutionOrchestrator.java:141)
	at org.junit.platform.launcher.core.EngineExecutionOrchestrator.execute(EngineExecutionOrchestrator.java:57)
	at org.junit.platform.launcher.core.DefaultLauncher.execute(DefaultLauncher.java:103)
	at org.junit.platform.launcher.core.DefaultLauncher.execute(DefaultLauncher.java:85)
	at org.junit.platform.launcher.core.DelegatingLauncher.execute(DelegatingLauncher.java:47)
	at org.junit.platform.launcher.core.SessionPerRequestLauncher.execute(SessionPerRequestLauncher.java:63)
	at org.apache.maven.surefire.junitplatform.JUnitPlatformProvider.invokeAllTests(JUnitPlatformProvider.java:154)
	at org.apache.maven.surefire.junitplatform.JUnitPlatformProvider.invoke(JUnitPlatformProvider.java:123)
	at org.apache.maven.surefire.booter.ForkedBooter.runSuitesInProcess(ForkedBooter.java:377)
	at org.apache.maven.surefire.booter.ForkedBooter.execute(ForkedBooter.java:138)
	at org.apache.maven.surefire.booter.ForkedBooter.run(ForkedBooter.java:465)
	at org.apache.maven.surefire.booter.ForkedBooter.main(ForkedBooter.java:451)
2024-07-06 11:53:58,368 [scmNode-1-SecretKeyManagerService] INFO  symmetric.SecretKeyManager (SecretKeyManager.java:checkAndRotate(125)) - SecretKey rotation is happening, new key generated SecretKey(id = 48e0f1e2-67f9-4abb-af78-e1115f3c0e61, creation at: 2024-07-06T11:53:58.368015888Z, expire at: 2024-07-06T11:54:01.368015888Z)
2024-07-06 11:53:58,374 [eb66df86-6ffc-4e53-b873-cb2b44d5f35d@group-1EB1B476413A-StateMachineUpdater] INFO  symmetric.SecretKeyStateImpl (SecretKeyStateImpl.java:updateKeysInternal(113)) - Updating keys with [SecretKey(id = bab6fd70-9bf7-4047-ab09-8820ac01ee3e, creation at: 2024-07-06T11:53:57.368Z, expire at: 2024-07-06T11:54:00.368Z), SecretKey(id = 613bfbbe-190b-4706-8757-7b2f2b9a81d8, creation at: 2024-07-06T11:53:56.268Z, expire at: 2024-07-06T11:53:59.268Z), SecretKey(id = 48e0f1e2-67f9-4abb-af78-e1115f3c0e61, creation at: 2024-07-06T11:53:58.368Z, expire at: 2024-07-06T11:54:01.368Z)]
2024-07-06 11:53:58,374 [eb66df86-6ffc-4e53-b873-cb2b44d5f35d@group-1EB1B476413A-StateMachineUpdater] INFO  symmetric.SecretKeyStateImpl (SecretKeyStateImpl.java:updateKeysInternal(128)) - Current key updated SecretKey(id = 48e0f1e2-67f9-4abb-af78-e1115f3c0e61, creation at: 2024-07-06T11:53:58.368Z, expire at: 2024-07-06T11:54:01.368Z)
2024-07-06 11:53:58,375 [eb66df86-6ffc-4e53-b873-cb2b44d5f35d@group-1EB1B476413A-StateMachineUpdater] INFO  symmetric.LocalSecretKeyStore (LocalSecretKeyStore.java:save(109)) - Saved [SecretKey(id = 48e0f1e2-67f9-4abb-af78-e1115f3c0e61, creation at: 2024-07-06T11:53:58.368Z, expire at: 2024-07-06T11:54:01.368Z), SecretKey(id = bab6fd70-9bf7-4047-ab09-8820ac01ee3e, creation at: 2024-07-06T11:53:57.368Z, expire at: 2024-07-06T11:54:00.368Z), SecretKey(id = 613bfbbe-190b-4706-8757-7b2f2b9a81d8, creation at: 2024-07-06T11:53:56.268Z, expire at: 2024-07-06T11:53:59.268Z)] to file /home/runner/work/ozone/ozone/hadoop-ozone/integration-test/target/test-dir/MiniOzoneClusterImpl-23934d72-33be-4118-bcff-1eb1b476413a/scmNode-1/scm/keys/secret_keys.json
2024-07-06 11:53:58,375 [eb66df86-6ffc-4e53-b873-cb2b44d5f35d@group-1EB1B476413A-StateMachineUpdater] INFO  safemode.HealthyPipelineSafeModeRule (HealthyPipelineSafeModeRule.java:initializeRule(172)) - Refreshed total pipeline count is 0, healthy pipeline threshold count is 1
2024-07-06 11:53:58,377 [41075d7a-0d70-4fa2-ba46-cbc672699b06@group-1EB1B476413A-StateMachineUpdater] INFO  symmetric.SecretKeyStateImpl (SecretKeyStateImpl.java:updateKeysInternal(113)) - Updating keys with [SecretKey(id = bab6fd70-9bf7-4047-ab09-8820ac01ee3e, creation at: 2024-07-06T11:53:57.368Z, expire at: 2024-07-06T11:54:00.368Z), SecretKey(id = 613bfbbe-190b-4706-8757-7b2f2b9a81d8, creation at: 2024-07-06T11:53:56.268Z, expire at: 2024-07-06T11:53:59.268Z), SecretKey(id = 48e0f1e2-67f9-4abb-af78-e1115f3c0e61, creation at: 2024-07-06T11:53:58.368Z, expire at: 2024-07-06T11:54:01.368Z)]
2024-07-06 11:53:58,377 [41075d7a-0d70-4fa2-ba46-cbc672699b06@group-1EB1B476413A-StateMachineUpdater] INFO  symmetric.SecretKeyStateImpl (SecretKeyStateImpl.java:updateKeysInternal(128)) - Current key updated SecretKey(id = 48e0f1e2-67f9-4abb-af78-e1115f3c0e61, creation at: 2024-07-06T11:53:58.368Z, expire at: 2024-07-06T11:54:01.368Z)
2024-07-06 11:53:58,378 [41075d7a-0d70-4fa2-ba46-cbc672699b06@group-1EB1B476413A-StateMachineUpdater] INFO  symmetric.LocalSecretKeyStore (LocalSecretKeyStore.java:save(109)) - Saved [SecretKey(id = 48e0f1e2-67f9-4abb-af78-e1115f3c0e61, creation at: 2024-07-06T11:53:58.368Z, expire at: 2024-07-06T11:54:01.368Z), SecretKey(id = bab6fd70-9bf7-4047-ab09-8820ac01ee3e, creation at: 2024-07-06T11:53:57.368Z, expire at: 2024-07-06T11:54:00.368Z), SecretKey(id = 613bfbbe-190b-4706-8757-7b2f2b9a81d8, creation at: 2024-07-06T11:53:56.268Z, expire at: 2024-07-06T11:53:59.268Z)] to file /home/runner/work/ozone/ozone/hadoop-ozone/integration-test/target/test-dir/MiniOzoneClusterImpl-23934d72-33be-4118-bcff-1eb1b476413a/scmNode-2/scm/keys/secret_keys.json
2024-07-06 11:53:58,379 [main] INFO  om.OzoneManager (OzoneManager.java:addS3GVolumeToDB(4463)) - Created Volume s3v With Owner scm required for S3Gateway operations.
2024-07-06 11:53:58,379 [41075d7a-0d70-4fa2-ba46-cbc672699b06@group-1EB1B476413A-StateMachineUpdater] INFO  safemode.HealthyPipelineSafeModeRule (HealthyPipelineSafeModeRule.java:initializeRule(172)) - Refreshed total pipeline count is 0, healthy pipeline threshold count is 1
2024-07-06 11:53:58,381 [39a46239-dc5f-49f3-8624-e36d450519bc@group-1EB1B476413A-StateMachineUpdater] INFO  symmetric.SecretKeyStateImpl (SecretKeyStateImpl.java:updateKeysInternal(113)) - Updating keys with [SecretKey(id = bab6fd70-9bf7-4047-ab09-8820ac01ee3e, creation at: 2024-07-06T11:53:57.368Z, expire at: 2024-07-06T11:54:00.368Z), SecretKey(id = 613bfbbe-190b-4706-8757-7b2f2b9a81d8, creation at: 2024-07-06T11:53:56.268Z, expire at: 2024-07-06T11:53:59.268Z), SecretKey(id = 48e0f1e2-67f9-4abb-af78-e1115f3c0e61, creation at: 2024-07-06T11:53:58.368Z, expire at: 2024-07-06T11:54:01.368Z)]
2024-07-06 11:53:58,381 [39a46239-dc5f-49f3-8624-e36d450519bc@group-1EB1B476413A-StateMachineUpdater] INFO  symmetric.SecretKeyStateImpl (SecretKeyStateImpl.java:updateKeysInternal(128)) - Current key updated SecretKey(id = 48e0f1e2-67f9-4abb-af78-e1115f3c0e61, creation at: 2024-07-06T11:53:58.368Z, expire at: 2024-07-06T11:54:01.368Z)
2024-07-06 11:53:58,382 [39a46239-dc5f-49f3-8624-e36d450519bc@group-1EB1B476413A-StateMachineUpdater] INFO  symmetric.LocalSecretKeyStore (LocalSecretKeyStore.java:save(109)) - Saved [SecretKey(id = 48e0f1e2-67f9-4abb-af78-e1115f3c0e61, creation at: 2024-07-06T11:53:58.368Z, expire at: 2024-07-06T11:54:01.368Z), SecretKey(id = bab6fd70-9bf7-4047-ab09-8820ac01ee3e, creation at: 2024-07-06T11:53:57.368Z, expire at: 2024-07-06T11:54:00.368Z), SecretKey(id = 613bfbbe-190b-4706-8757-7b2f2b9a81d8, creation at: 2024-07-06T11:53:56.268Z, expire at: 2024-07-06T11:53:59.268Z)] to file /home/runner/work/ozone/ozone/hadoop-ozone/integration-test/target/test-dir/MiniOzoneClusterImpl-23934d72-33be-4118-bcff-1eb1b476413a/scmNode-3/scm/keys/secret_keys.json
2024-07-06 11:53:58,382 [39a46239-dc5f-49f3-8624-e36d450519bc@group-1EB1B476413A-StateMachineUpdater] INFO  safemode.HealthyPipelineSafeModeRule (HealthyPipelineSafeModeRule.java:initializeRule(172)) - Refreshed total pipeline count is 0, healthy pipeline threshold count is 1
2024-07-06 11:53:58,435 [main] WARN  server.ServerUtils (ServerUtils.java:getDefaultRatisDirectory(311)) - Storage directory for Ratis is not configured. It is a good idea to map this to an SSD disk. Falling back to ozone.metadata.dirs
2024-07-06 11:53:58,436 [main] WARN  utils.OzoneManagerRatisUtils (OzoneManagerRatisUtils.java:getOMRatisSnapshotDirectory(476)) - ozone.om.ratis.snapshot.dir is not configured. Falling back to ozone.metadata.dirs config
2024-07-06 11:53:58,440 [main] WARN  dropwizard3.Dm3MetricRegistriesImpl (Dm3MetricRegistriesImpl.java:addReporterRegistration(114)) - New reporters are added after registries were created. Some metrics will be missing from the reporter. Please add reporter before adding any new registry.
2024-07-06 11:53:58,440 [main] WARN  dropwizard3.Dm3MetricRegistriesImpl (Dm3MetricRegistriesImpl.java:addReporterRegistration(114)) - New reporters are added after registries were created. Some metrics will be missing from the reporter. Please add reporter before adding any new registry.
2024-07-06 11:53:58,441 [main] WARN  server.ServerUtils (ServerUtils.java:getDefaultRatisDirectory(311)) - Storage directory for Ratis is not configured. It is a good idea to map this to an SSD disk. Falling back to ozone.metadata.dirs
2024-07-06 11:53:58,443 [main] INFO  ratis.OzoneManagerRatisServer (OzoneManagerRatisServer.java:<init>(168)) - Instantiating OM Ratis server with groupID: omServiceIdDefault and peers: localhost:15039
2024-07-06 11:53:58,447 [main] INFO  ratis.OzoneManagerStateMachine (OzoneManagerStateMachine.java:loadSnapshotInfoFromDB(589)) - TransactionInfo not found in OM DB.
2024-07-06 11:53:58,481 [main] INFO  server.RaftServer (ConfUtils.java:logGet(46)) - raft.rpc.type = GRPC (default)
2024-07-06 11:53:58,481 [main] INFO  grpc.GrpcConfigKeys (ConfUtils.java:logFallback(53)) - raft.grpc.admin.host = null (fallback to raft.grpc.server.host)
2024-07-06 11:53:58,482 [main] INFO  grpc.GrpcConfigKeys (ConfUtils.java:logFallback(53)) - raft.grpc.admin.port = 15039 (fallback to raft.grpc.server.port)
2024-07-06 11:53:58,482 [main] INFO  grpc.GrpcConfigKeys (ConfUtils.java:logFallback(53)) - raft.grpc.client.host = null (fallback to raft.grpc.server.host)
2024-07-06 11:53:58,482 [main] INFO  grpc.GrpcConfigKeys (ConfUtils.java:logFallback(53)) - raft.grpc.client.port = 15039 (fallback to raft.grpc.server.port)
2024-07-06 11:53:58,482 [main] INFO  grpc.GrpcConfigKeys (ConfUtils.java:logGet(46)) - raft.grpc.server.host = null (default)
2024-07-06 11:53:58,482 [main] INFO  grpc.GrpcConfigKeys (ConfUtils.java:logGet(46)) - raft.grpc.server.port = 15039 (custom)
2024-07-06 11:53:58,482 [main] INFO  server.GrpcService (ConfUtils.java:logGet(46)) - raft.grpc.message.size.max = 4194304 (custom)
2024-07-06 11:53:58,482 [main] INFO  server.RaftServerConfigKeys (ConfUtils.java:logGet(46)) - raft.server.log.appender.buffer.byte-limit = 4194304 (custom)
2024-07-06 11:53:58,482 [main] INFO  server.GrpcService (ConfUtils.java:logGet(46)) - raft.grpc.flow.control.window = 1MB (=1048576) (default)
2024-07-06 11:53:58,483 [main] INFO  server.RaftServerConfigKeys (ConfUtils.java:logGet(46)) - raft.server.rpc.request.timeout = 3000ms (default)
2024-07-06 11:53:58,483 [main] INFO  grpc.GrpcConfigKeys (ConfUtils.java:logGet(46)) - raft.grpc.server.heartbeat.channel = true (default)
2024-07-06 11:53:58,483 [main] INFO  grpc.GrpcConfigKeys (ConfUtils.java:logGet(46)) - raft.grpc.server.async.request.thread.pool.cached = true (default)
2024-07-06 11:53:58,483 [main] INFO  grpc.GrpcConfigKeys (ConfUtils.java:logGet(46)) - raft.grpc.server.async.request.thread.pool.size = 32 (default)
2024-07-06 11:53:58,484 [main] INFO  impl.DataStreamServerImpl (ConfUtils.java:logGet(46)) - raft.datastream.type = DISABLED (default)
2024-07-06 11:53:58,484 [main] INFO  server.RaftServerConfigKeys (ConfUtils.java:logGet(46)) - raft.server.sleep.deviation.threshold = 300ms (default)
2024-07-06 11:53:58,484 [main] INFO  server.RaftServerConfigKeys (ConfUtils.java:logGet(46)) - raft.server.close.threshold = 60s (default)
2024-07-06 11:53:58,485 [main] INFO  server.RaftServerConfigKeys (ConfUtils.java:logGet(46)) - raft.server.leaderelection.leader.step-down.wait-time = 10s (default)
2024-07-06 11:53:58,485 [main] INFO  server.RaftServerConfigKeys (ConfUtils.java:logGet(46)) - raft.server.storage.dir = [/home/runner/work/ozone/ozone/hadoop-ozone/integration-test/target/test-dir/MiniOzoneClusterImpl-23934d72-33be-4118-bcff-1eb1b476413a/ozone-meta/ratis] (custom)
2024-07-06 11:53:58,485 [main] INFO  server.RaftServerConfigKeys (ConfUtils.java:logGet(46)) - raft.server.threadpool.proxy.cached = true (default)
2024-07-06 11:53:58,485 [main] INFO  server.RaftServerConfigKeys (ConfUtils.java:logGet(46)) - raft.server.threadpool.proxy.size = 0 (default)
2024-07-06 11:53:58,489 [main] INFO  server.RaftServer (RaftServerProxy.java:addNew(101)) - om1: addNew group-C5BA1605619E:[om1|localhost:15039] returns group-C5BA1605619E:java.util.concurrent.CompletableFuture@45339f9[Not completed]
2024-07-06 11:53:58,489 [main] INFO  om.OzoneManager (OzoneManager.java:initializeRatisServer(2168)) - OzoneManager Ratis server initialized at port 15039
2024-07-06 11:53:58,490 [om1-groupManagement] INFO  server.RaftServer$Division (RaftServerImpl.java:<init>(253)) - om1: new RaftServerImpl for group-C5BA1605619E:[om1|localhost:15039] with OzoneManagerStateMachine:uninitialized
2024-07-06 11:53:58,491 [om1-groupManagement] INFO  server.RaftServerConfigKeys (ConfUtils.java:logGet(46)) - raft.server.rpc.timeout.min = 1s (custom)
2024-07-06 11:53:58,491 [om1-groupManagement] INFO  server.RaftServerConfigKeys (ConfUtils.java:logGet(46)) - raft.server.rpc.timeout.max = 1200ms (custom)
2024-07-06 11:53:58,492 [om1-groupManagement] INFO  server.RaftServerConfigKeys (ConfUtils.java:logGet(46)) - raft.server.rpc.sleep.time = 25ms (default)
2024-07-06 11:53:58,492 [om1-groupManagement] INFO  server.RaftServerConfigKeys (ConfUtils.java:logGet(46)) - raft.server.rpc.slowness.timeout = 2s (custom)
2024-07-06 11:53:58,492 [main] INFO  om.OzoneManager (OzoneManager.java:getRpcServer(1228)) - Creating RPC Server
2024-07-06 11:53:58,492 [om1-groupManagement] INFO  server.RaftServerConfigKeys (ConfUtils.java:logGet(46)) - raft.server.leaderelection.leader.step-down.wait-time = 10s (default)
2024-07-06 11:53:58,493 [om1-groupManagement] INFO  server.RaftServerConfigKeys (ConfUtils.java:logGet(46)) - raft.server.leaderelection.member.majority-add = false (default)
2024-07-06 11:53:58,494 [om1-groupManagement] INFO  server.RaftServerConfigKeys (ConfUtils.java:logGet(46)) - raft.server.sleep.deviation.threshold = 300ms (default)
2024-07-06 11:53:58,494 [om1-groupManagement] INFO  server.RaftServer$Division (ServerState.java:<init>(114)) - om1@group-C5BA1605619E: ConfigurationManager, init=conf: {index: -1, cur=peers:[om1|localhost:15039]|listeners:[], old=null}, confs=<EMPTY_MAP>
2024-07-06 11:53:58,494 [om1-groupManagement] INFO  server.RaftServerConfigKeys (ConfUtils.java:logGet(46)) - raft.server.notification.no-leader.timeout = 2s (custom)
2024-07-06 11:53:58,495 [om1-groupManagement] INFO  server.RaftServerConfigKeys (ConfUtils.java:logGet(46)) - raft.server.read.timeout = 10s (default)
2024-07-06 11:53:58,495 [om1-groupManagement] INFO  server.RaftServerConfigKeys (ConfUtils.java:logGet(46)) - raft.server.retrycache.expirytime = 300s (custom)
2024-07-06 11:53:58,495 [om1-groupManagement] INFO  server.RaftServerConfigKeys (ConfUtils.java:logGet(46)) - raft.server.retrycache.statistics.expirytime = 100ms (default)
2024-07-06 11:53:58,496 [om1-groupManagement] INFO  server.RaftServerConfigKeys (ConfUtils.java:logGet(46)) - raft.server.read.option = DEFAULT (default)
2024-07-06 11:53:58,496 [om1-groupManagement] INFO  server.RaftServerConfigKeys (ConfUtils.java:logGet(46)) - raft.server.read.read-after-write-consistent.write-index-cache.expiry-time = 60s (default)
2024-07-06 11:53:58,502 [om1-groupManagement] INFO  server.RaftServerConfigKeys (ConfUtils.java:logGet(46)) - raft.server.rpc.request.timeout = 3000ms (default)
2024-07-06 11:53:58,502 [om1-groupManagement] INFO  server.RaftServerConfigKeys (ConfUtils.java:logGet(46)) - raft.server.log.appender.install.snapshot.enabled = false (custom)
2024-07-06 11:53:58,503 [om1-groupManagement] INFO  server.RaftServerConfigKeys (ConfUtils.java:logGet(46)) - raft.server.threadpool.server.cached = true (default)
2024-07-06 11:53:58,503 [om1-groupManagement] INFO  server.RaftServerConfigKeys (ConfUtils.java:logGet(46)) - raft.server.threadpool.server.size = 0 (default)
2024-07-06 11:53:58,503 [om1-groupManagement] INFO  server.RaftServerConfigKeys (ConfUtils.java:logGet(46)) - raft.server.threadpool.client.cached = true (default)
2024-07-06 11:53:58,504 [om1-groupManagement] INFO  server.RaftServerConfigKeys (ConfUtils.java:logGet(46)) - raft.server.threadpool.client.size = 0 (default)
2024-07-06 11:53:59,156 [main] INFO  reflections.Reflections (Reflections.java:scan(219)) - Reflections took 617 ms to scan 20 urls, producing 59 keys and 6593 values
2024-07-06 11:53:59,279 [main] INFO  ipc.CallQueueManager (CallQueueManager.java:<init>(90)) - Using callQueue: class java.util.concurrent.LinkedBlockingQueue, queueCapacity: 2000, scheduler: class org.apache.hadoop.ipc.DefaultRpcScheduler, ipcBackoff: false.
2024-07-06 11:53:59,279 [main] INFO  ipc.Server (Server.java:<init>(1287)) - Listener at 127.0.0.1:15036
2024-07-06 11:53:59,280 [Socket Reader #1 for port 15036] INFO  ipc.Server (Server.java:run(1323)) - Starting Socket Reader #1 for port 15036
2024-07-06 11:53:59,308 [main] INFO  impl.MetricsSystemImpl (MetricsSystemImpl.java:init(158)) - OzoneManager metrics system started (again)
2024-07-06 11:53:59,317 [main] INFO  om.OzoneManager (OzoneManager.java:start(1650)) - OzoneManager RPC server is listening at localhost/127.0.0.1:15036
2024-07-06 11:53:59,317 [main] INFO  ratis.OzoneManagerRatisServer (OzoneManagerRatisServer.java:start(594)) - Starting OzoneManagerRatisServer om1 at port 15039
2024-07-06 11:53:59,317 [om1-impl-thread1] INFO  server.RaftServerConfigKeys (ConfUtils.java:logGet(46)) - raft.server.storage.free-space.min = 0MB (=0) (default)
2024-07-06 11:53:59,318 [om1-impl-thread1] INFO  server.RaftServerConfigKeys (ConfUtils.java:logGet(46)) - raft.server.log.corruption.policy = EXCEPTION (default)
2024-07-06 11:53:59,318 [om1-impl-thread1] INFO  server.RaftServerConfigKeys (ConfUtils.java:logGet(46)) - raft.server.storage.dir = [/home/runner/work/ozone/ozone/hadoop-ozone/integration-test/target/test-dir/MiniOzoneClusterImpl-23934d72-33be-4118-bcff-1eb1b476413a/ozone-meta/ratis] (custom)
2024-07-06 11:53:59,318 [om1-impl-thread1] INFO  storage.RaftStorageDirectory (RaftStorageDirectoryImpl.java:analyzeStorage(138)) - The storage directory /home/runner/work/ozone/ozone/hadoop-ozone/integration-test/target/test-dir/MiniOzoneClusterImpl-23934d72-33be-4118-bcff-1eb1b476413a/ozone-meta/ratis/bf265839-605b-3f16-9796-c5ba1605619e does not exist. Creating ...
2024-07-06 11:53:59,320 [om1-impl-thread1] INFO  storage.RaftStorageDirectory (RaftStorageDirectoryImpl.java:tryLock(229)) - Lock on /home/runner/work/ozone/ozone/hadoop-ozone/integration-test/target/test-dir/MiniOzoneClusterImpl-23934d72-33be-4118-bcff-1eb1b476413a/ozone-meta/ratis/bf265839-605b-3f16-9796-c5ba1605619e/in_use.lock acquired by nodename 98265@fv-az1041-405
2024-07-06 11:53:59,321 [om1-impl-thread1] INFO  storage.RaftStorage (RaftStorageImpl.java:format(98)) - Storage directory /home/runner/work/ozone/ozone/hadoop-ozone/integration-test/target/test-dir/MiniOzoneClusterImpl-23934d72-33be-4118-bcff-1eb1b476413a/ozone-meta/ratis/bf265839-605b-3f16-9796-c5ba1605619e has been successfully formatted.
2024-07-06 11:53:59,322 [om1-impl-thread1] INFO  server.RaftServerConfigKeys (ConfUtils.java:logGet(46)) - raft.server.log.use.memory = false (default)
2024-07-06 11:53:59,322 [om1-impl-thread1] INFO  server.RaftServerConfigKeys (ConfUtils.java:logGet(46)) - raft.server.log.purge.gap = 1000000 (custom)
2024-07-06 11:53:59,322 [om1-impl-thread1] INFO  server.RaftServerConfigKeys (ConfUtils.java:logGet(46)) - raft.server.log.appender.buffer.byte-limit = 4194304 (custom)
2024-07-06 11:53:59,322 [om1-impl-thread1] INFO  server.RaftServerConfigKeys (ConfUtils.java:logGet(46)) - raft.server.log.statemachine.data.read.timeout = 1000ms (default)
2024-07-06 11:53:59,322 [om1-impl-thread1] INFO  server.RaftServerConfigKeys (ConfUtils.java:logGet(46)) - raft.server.log.purge.preservation.log.num = 0 (default)
2024-07-06 11:53:59,324 [om1-impl-thread1] INFO  server.RaftServerConfigKeys (ConfUtils.java:logGet(46)) - raft.server.log.segment.size.max = 4194304 (custom)
2024-07-06 11:53:59,325 [om1-impl-thread1] INFO  server.RaftServerConfigKeys (ConfUtils.java:logGet(46)) - raft.server.log.segment.cache.num.max = 2 (custom)
2024-07-06 11:53:59,325 [om1-impl-thread1] INFO  server.RaftServerConfigKeys (ConfUtils.java:logGet(46)) - raft.server.log.segment.cache.size.max = 200MB (=209715200) (default)
2024-07-06 11:53:59,325 [om1-impl-thread1] INFO  server.RaftServerConfigKeys (ConfUtils.java:logGet(46)) - raft.server.log.appender.buffer.byte-limit = 4194304 (custom)
2024-07-06 11:53:59,334 [om1-impl-thread1] INFO  util.AwaitToRun (AwaitToRun.java:start(81)) - Thread[om1@group-C5BA1605619E-cacheEviction-AwaitToRun,5,main] started
2024-07-06 11:53:59,335 [om1-impl-thread1] INFO  segmented.SegmentedRaftLogWorker (SegmentedRaftLogWorker.java:<init>(184)) - new om1@group-C5BA1605619E-SegmentedRaftLogWorker for RaftStorageImpl:Storage Directory /home/runner/work/ozone/ozone/hadoop-ozone/integration-test/target/test-dir/MiniOzoneClusterImpl-23934d72-33be-4118-bcff-1eb1b476413a/ozone-meta/ratis/bf265839-605b-3f16-9796-c5ba1605619e
2024-07-06 11:53:59,335 [om1-impl-thread1] INFO  server.RaftServerConfigKeys (ConfUtils.java:logGet(46)) - raft.server.log.queue.byte-limit = 64MB (=67108864) (default)
2024-07-06 11:53:59,335 [om1-impl-thread1] INFO  server.RaftServerConfigKeys (ConfUtils.java:logGet(46)) - raft.server.log.queue.element-limit = 4096 (default)
2024-07-06 11:53:59,335 [om1-impl-thread1] INFO  server.RaftServerConfigKeys (ConfUtils.java:logGet(46)) - raft.server.log.segment.size.max = 4194304 (custom)
2024-07-06 11:53:59,335 [om1-impl-thread1] INFO  server.RaftServerConfigKeys (ConfUtils.java:logGet(46)) - raft.server.log.preallocated.size = 4194304 (custom)
2024-07-06 11:53:59,335 [om1-impl-thread1] INFO  server.RaftServerConfigKeys (ConfUtils.java:logGet(46)) - raft.server.log.force.sync.num = 128 (default)
2024-07-06 11:53:59,335 [om1-impl-thread1] INFO  server.RaftServerConfigKeys (ConfUtils.java:logGet(46)) - raft.server.log.statemachine.data.sync = true (default)
2024-07-06 11:53:59,335 [om1-impl-thread1] INFO  server.RaftServerConfigKeys (ConfUtils.java:logGet(46)) - raft.server.log.statemachine.data.sync.timeout = 10s (default)
2024-07-06 11:53:59,335 [om1-impl-thread1] INFO  server.RaftServerConfigKeys (ConfUtils.java:logGet(46)) - raft.server.log.statemachine.data.sync.timeout.retry = -1 (default)
2024-07-06 11:53:59,336 [om1-impl-thread1] INFO  server.RaftServerConfigKeys (ConfUtils.java:logGet(46)) - raft.server.log.write.buffer.size = 4194312 (custom)
2024-07-06 11:53:59,337 [om1-impl-thread1] INFO  server.RaftServerConfigKeys (ConfUtils.java:logGet(46)) - raft.server.log.appender.buffer.byte-limit = 4194304 (custom)
2024-07-06 11:53:59,337 [om1-impl-thread1] INFO  server.RaftServerConfigKeys (ConfUtils.java:logGet(46)) - raft.server.log.unsafe-flush.enabled = false (default)
2024-07-06 11:53:59,337 [om1-impl-thread1] INFO  server.RaftServerConfigKeys (ConfUtils.java:logGet(46)) - raft.server.log.async-flush.enabled = false (default)
2024-07-06 11:53:59,337 [om1-impl-thread1] INFO  server.RaftServerConfigKeys (ConfUtils.java:logGet(46)) - raft.server.log.statemachine.data.caching.enabled = false (default)
2024-07-06 11:53:59,337 [om1-impl-thread1] INFO  segmented.SegmentedRaftLogWorker (SegmentedRaftLogWorker.java:lambda$new$0(135)) - om1@group-C5BA1605619E-SegmentedRaftLogWorker: flushIndex: setUnconditionally 0 -> -1
2024-07-06 11:53:59,337 [om1-impl-thread1] INFO  segmented.SegmentedRaftLogWorker (SegmentedRaftLogWorker.java:lambda$new$0(135)) - om1@group-C5BA1605619E-SegmentedRaftLogWorker: safeCacheEvictIndex: setUnconditionally 0 -> -1
2024-07-06 11:53:59,337 [om1-impl-thread1] INFO  server.RaftServer$Division (RaftServerImpl.java:start(389)) - om1@group-C5BA1605619E: start as a follower, conf=conf: {index: -1, cur=peers:[om1|localhost:15039]|listeners:[], old=null}
2024-07-06 11:53:59,337 [om1-impl-thread1] INFO  server.RaftServer$Division (RaftServerImpl.java:setRole(376)) - om1@group-C5BA1605619E: changes role from      null to FOLLOWER at term 0 for startAsFollower
2024-07-06 11:53:59,338 [om1-impl-thread1] INFO  impl.RoleInfo (RoleInfo.java:updateAndGet(148)) - om1: start om1@group-C5BA1605619E-FollowerState
2024-07-06 11:53:59,338 [om1@group-C5BA1605619E-FollowerState] INFO  server.RaftServerConfigKeys (ConfUtils.java:logFallback(53)) - raft.server.rpc.first-election.timeout.min = 1s (fallback to raft.server.rpc.timeout.min)
2024-07-06 11:53:59,338 [om1-impl-thread1] INFO  util.JmxRegister (JmxRegister.java:tryRegister(44)) - Successfully registered JMX Bean with object name Ratis:service=RaftServer,group=group-C5BA1605619E,id=om1
2024-07-06 11:53:59,338 [om1-impl-thread1] INFO  util.JmxRegister (JmxRegister.java:register(58)) - register mxBean class org.apache.ratis.server.impl.RaftServerJmxAdapter as Ratis:service=RaftServer,group=group-C5BA1605619E,id=om1
2024-07-06 11:53:59,338 [om1@group-C5BA1605619E-FollowerState] INFO  server.RaftServerConfigKeys (ConfUtils.java:logFallback(53)) - raft.server.rpc.first-election.timeout.max = 1200ms (fallback to raft.server.rpc.timeout.max)
2024-07-06 11:53:59,338 [om1-impl-thread1] INFO  server.RaftServerConfigKeys (ConfUtils.java:logGet(46)) - raft.server.snapshot.trigger-when-stop.enabled = true (default)
2024-07-06 11:53:59,338 [om1-impl-thread1] INFO  server.RaftServerConfigKeys (ConfUtils.java:logGet(46)) - raft.server.snapshot.trigger-when-remove.enabled = true (default)
2024-07-06 11:53:59,338 [om1-impl-thread1] INFO  server.RaftServerConfigKeys (ConfUtils.java:logGet(46)) - raft.server.snapshot.auto.trigger.enabled = true (custom)
2024-07-06 11:53:59,338 [om1-impl-thread1] INFO  server.RaftServerConfigKeys (ConfUtils.java:logGet(46)) - raft.server.snapshot.auto.trigger.threshold = 400000 (default)
2024-07-06 11:53:59,338 [om1-impl-thread1] INFO  server.RaftServerConfigKeys (ConfUtils.java:logGet(46)) - raft.server.snapshot.retention.file.num = -1 (default)
2024-07-06 11:53:59,339 [om1-impl-thread1] INFO  server.RaftServerConfigKeys (ConfUtils.java:logGet(46)) - raft.server.log.purge.upto.snapshot.index = true (custom)
2024-07-06 11:53:59,339 [main] INFO  server.RaftServer (RaftServerProxy.java:startImpl(408)) - om1: start RPC server
2024-07-06 11:53:59,340 [main] INFO  server.GrpcService (GrpcService.java:startImpl(302)) - om1: GrpcService started, listening on 15039
2024-07-06 11:53:59,348 [JvmPauseMonitor4] INFO  util.JvmPauseMonitor (JvmPauseMonitor.java:run(146)) - JvmPauseMonitor-om1: Started
2024-07-06 11:53:59,349 [main] INFO  om.OzoneManager (OzoneManager.java:startSecretManager(1113)) - Starting secret key client.
2024-07-06 11:53:59,357 [pool-1-thread-2] INFO  request.TgsRequest (TgsRequest.java:issueTicket(115)) - TGS_REQ ISSUE: authtime 1720266839357,scm/fv-az1041-405.cgqmq5qunpnelbz5tk1v55v5te.bx.internal.cloudapp.net for scm/fv-az1041-405.cgqmq5qunpnelbz5tk1v55v5te.bx.internal.cloudapp.net@EXAMPLE.COM
2024-07-06 11:53:59,363 [Socket Reader #1 for port 15002] INFO  ipc.Server (Server.java:saslProcess(2139)) - Auth successful for scm/fv-az1041-405.cgqmq5qunpnelbz5tk1v55v5te.bx.internal.cloudapp.net@EXAMPLE.COM (auth:KERBEROS) from fv-az1041-405.cgqmq5qunpnelbz5tk1v55v5te.bx.internal.cloudapp.net:35793 / 10.1.0.11:35793
2024-07-06 11:53:59,368 [scmNode-1-SecretKeyManagerService] INFO  symmetric.SecretKeyManager (SecretKeyManager.java:checkAndRotate(125)) - SecretKey rotation is happening, new key generated SecretKey(id = 07f30150-c6a4-43bf-bd88-676218c15e9e, creation at: 2024-07-06T11:53:59.368033332Z, expire at: 2024-07-06T11:54:02.368033332Z)
2024-07-06 11:53:59,373 [eb66df86-6ffc-4e53-b873-cb2b44d5f35d@group-1EB1B476413A-StateMachineUpdater] INFO  symmetric.SecretKeyStateImpl (SecretKeyStateImpl.java:updateKeysInternal(113)) - Updating keys with [SecretKey(id = 48e0f1e2-67f9-4abb-af78-e1115f3c0e61, creation at: 2024-07-06T11:53:58.368Z, expire at: 2024-07-06T11:54:01.368Z), SecretKey(id = bab6fd70-9bf7-4047-ab09-8820ac01ee3e, creation at: 2024-07-06T11:53:57.368Z, expire at: 2024-07-06T11:54:00.368Z), SecretKey(id = 07f30150-c6a4-43bf-bd88-676218c15e9e, creation at: 2024-07-06T11:53:59.368Z, expire at: 2024-07-06T11:54:02.368Z)]
2024-07-06 11:53:59,373 [eb66df86-6ffc-4e53-b873-cb2b44d5f35d@group-1EB1B476413A-StateMachineUpdater] INFO  symmetric.SecretKeyStateImpl (SecretKeyStateImpl.java:updateKeysInternal(128)) - Current key updated SecretKey(id = 07f30150-c6a4-43bf-bd88-676218c15e9e, creation at: 2024-07-06T11:53:59.368Z, expire at: 2024-07-06T11:54:02.368Z)
2024-07-06 11:53:59,374 [eb66df86-6ffc-4e53-b873-cb2b44d5f35d@group-1EB1B476413A-StateMachineUpdater] INFO  symmetric.LocalSecretKeyStore (LocalSecretKeyStore.java:save(109)) - Saved [SecretKey(id = 07f30150-c6a4-43bf-bd88-676218c15e9e, creation at: 2024-07-06T11:53:59.368Z, expire at: 2024-07-06T11:54:02.368Z), SecretKey(id = 48e0f1e2-67f9-4abb-af78-e1115f3c0e61, creation at: 2024-07-06T11:53:58.368Z, expire at: 2024-07-06T11:54:01.368Z), SecretKey(id = bab6fd70-9bf7-4047-ab09-8820ac01ee3e, creation at: 2024-07-06T11:53:57.368Z, expire at: 2024-07-06T11:54:00.368Z)] to file /home/runner/work/ozone/ozone/hadoop-ozone/integration-test/target/test-dir/MiniOzoneClusterImpl-23934d72-33be-4118-bcff-1eb1b476413a/scmNode-1/scm/keys/secret_keys.json
2024-07-06 11:53:59,374 [eb66df86-6ffc-4e53-b873-cb2b44d5f35d@group-1EB1B476413A-StateMachineUpdater] INFO  safemode.HealthyPipelineSafeModeRule (HealthyPipelineSafeModeRule.java:initializeRule(172)) - Refreshed total pipeline count is 0, healthy pipeline threshold count is 1
2024-07-06 11:53:59,376 [39a46239-dc5f-49f3-8624-e36d450519bc@group-1EB1B476413A-StateMachineUpdater] INFO  symmetric.SecretKeyStateImpl (SecretKeyStateImpl.java:updateKeysInternal(113)) - Updating keys with [SecretKey(id = 48e0f1e2-67f9-4abb-af78-e1115f3c0e61, creation at: 2024-07-06T11:53:58.368Z, expire at: 2024-07-06T11:54:01.368Z), SecretKey(id = bab6fd70-9bf7-4047-ab09-8820ac01ee3e, creation at: 2024-07-06T11:53:57.368Z, expire at: 2024-07-06T11:54:00.368Z), SecretKey(id = 07f30150-c6a4-43bf-bd88-676218c15e9e, creation at: 2024-07-06T11:53:59.368Z, expire at: 2024-07-06T11:54:02.368Z)]
2024-07-06 11:53:59,376 [39a46239-dc5f-49f3-8624-e36d450519bc@group-1EB1B476413A-StateMachineUpdater] INFO  symmetric.SecretKeyStateImpl (SecretKeyStateImpl.java:updateKeysInternal(128)) - Current key updated SecretKey(id = 07f30150-c6a4-43bf-bd88-676218c15e9e, creation at: 2024-07-06T11:53:59.368Z, expire at: 2024-07-06T11:54:02.368Z)
2024-07-06 11:53:59,377 [39a46239-dc5f-49f3-8624-e36d450519bc@group-1EB1B476413A-StateMachineUpdater] INFO  symmetric.LocalSecretKeyStore (LocalSecretKeyStore.java:save(109)) - Saved [SecretKey(id = 07f30150-c6a4-43bf-bd88-676218c15e9e, creation at: 2024-07-06T11:53:59.368Z, expire at: 2024-07-06T11:54:02.368Z), SecretKey(id = 48e0f1e2-67f9-4abb-af78-e1115f3c0e61, creation at: 2024-07-06T11:53:58.368Z, expire at: 2024-07-06T11:54:01.368Z), SecretKey(id = bab6fd70-9bf7-4047-ab09-8820ac01ee3e, creation at: 2024-07-06T11:53:57.368Z, expire at: 2024-07-06T11:54:00.368Z)] to file /home/runner/work/ozone/ozone/hadoop-ozone/integration-test/target/test-dir/MiniOzoneClusterImpl-23934d72-33be-4118-bcff-1eb1b476413a/scmNode-3/scm/keys/secret_keys.json
2024-07-06 11:53:59,377 [39a46239-dc5f-49f3-8624-e36d450519bc@group-1EB1B476413A-StateMachineUpdater] INFO  safemode.HealthyPipelineSafeModeRule (HealthyPipelineSafeModeRule.java:initializeRule(172)) - Refreshed total pipeline count is 0, healthy pipeline threshold count is 1
2024-07-06 11:53:59,377 [41075d7a-0d70-4fa2-ba46-cbc672699b06@group-1EB1B476413A-StateMachineUpdater] INFO  symmetric.SecretKeyStateImpl (SecretKeyStateImpl.java:updateKeysInternal(113)) - Updating keys with [SecretKey(id = 48e0f1e2-67f9-4abb-af78-e1115f3c0e61, creation at: 2024-07-06T11:53:58.368Z, expire at: 2024-07-06T11:54:01.368Z), SecretKey(id = bab6fd70-9bf7-4047-ab09-8820ac01ee3e, creation at: 2024-07-06T11:53:57.368Z, expire at: 2024-07-06T11:54:00.368Z), SecretKey(id = 07f30150-c6a4-43bf-bd88-676218c15e9e, creation at: 2024-07-06T11:53:59.368Z, expire at: 2024-07-06T11:54:02.368Z)]
2024-07-06 11:53:59,377 [41075d7a-0d70-4fa2-ba46-cbc672699b06@group-1EB1B476413A-StateMachineUpdater] INFO  symmetric.SecretKeyStateImpl (SecretKeyStateImpl.java:updateKeysInternal(128)) - Current key updated SecretKey(id = 07f30150-c6a4-43bf-bd88-676218c15e9e, creation at: 2024-07-06T11:53:59.368Z, expire at: 2024-07-06T11:54:02.368Z)
2024-07-06 11:53:59,378 [41075d7a-0d70-4fa2-ba46-cbc672699b06@group-1EB1B476413A-StateMachineUpdater] INFO  symmetric.LocalSecretKeyStore (LocalSecretKeyStore.java:save(109)) - Saved [SecretKey(id = 07f30150-c6a4-43bf-bd88-676218c15e9e, creation at: 2024-07-06T11:53:59.368Z, expire at: 2024-07-06T11:54:02.368Z), SecretKey(id = 48e0f1e2-67f9-4abb-af78-e1115f3c0e61, creation at: 2024-07-06T11:53:58.368Z, expire at: 2024-07-06T11:54:01.368Z), SecretKey(id = bab6fd70-9bf7-4047-ab09-8820ac01ee3e, creation at: 2024-07-06T11:53:57.368Z, expire at: 2024-07-06T11:54:00.368Z)] to file /home/runner/work/ozone/ozone/hadoop-ozone/integration-test/target/test-dir/MiniOzoneClusterImpl-23934d72-33be-4118-bcff-1eb1b476413a/scmNode-2/scm/keys/secret_keys.json
2024-07-06 11:53:59,378 [41075d7a-0d70-4fa2-ba46-cbc672699b06@group-1EB1B476413A-StateMachineUpdater] INFO  safemode.HealthyPipelineSafeModeRule (HealthyPipelineSafeModeRule.java:initializeRule(172)) - Refreshed total pipeline count is 0, healthy pipeline threshold count is 1
2024-07-06 11:53:59,381 [Socket Reader #1 for port 15002] INFO  authorize.ServiceAuthorizationManager (ServiceAuthorizationManager.java:authorize(137)) - Authorization successful for scm/fv-az1041-405.cgqmq5qunpnelbz5tk1v55v5te.bx.internal.cloudapp.net@EXAMPLE.COM (auth:KERBEROS) for protocol=interface org.apache.hadoop.hdds.protocol.SecretKeyProtocolOm
2024-07-06 11:53:59,384 [main] INFO  symmetric.DefaultSecretKeySignerClient (DefaultSecretKeySignerClient.java:start(84)) - Initial secret key fetched from SCM: SecretKey(id = 07f30150-c6a4-43bf-bd88-676218c15e9e, creation at: 2024-07-06T11:53:59.368Z, expire at: 2024-07-06T11:54:02.368Z).
2024-07-06 11:53:59,385 [main] INFO  symmetric.DefaultSecretKeySignerClient (DefaultSecretKeySignerClient.java:scheduleSecretKeyPoller(150)) - Scheduling SecretKeyPoller with initial delay of PT0.982751377S and interval of PT0.1S
2024-07-06 11:53:59,386 [main] INFO  om.OzoneManager (OzoneManager.java:startSecretManager(1124)) - Starting OM delegation token secret manager
2024-07-06 11:53:59,386 [main] INFO  security.OzoneDelegationTokenSecretManager (OzoneSecretManager.java:updateCurrentKey(175)) - Updating current master key for generating tokens. Cert id 5
2024-07-06 11:53:59,388 [om1-ExpiredTokenRemover] INFO  security.OzoneDelegationTokenSecretManager (OzoneDelegationTokenSecretManager.java:run(623)) - Starting expired delegation token remover thread, tokenRemoverScanInterval=60 min(s)
2024-07-06 11:53:59,389 [main] INFO  om.OzoneManager (OzoneManager.java:start(1666)) - Version File has different layout version (6) than OM DB (null). That is expected if this OM has never been finalized to a newer layout version.
2024-07-06 11:53:59,401 [Socket Reader #1 for port 15007] INFO  ipc.Server (Server.java:saslProcess(2139)) - Auth successful for scm/fv-az1041-405.cgqmq5qunpnelbz5tk1v55v5te.bx.internal.cloudapp.net@EXAMPLE.COM (auth:KERBEROS) from fv-az1041-405.cgqmq5qunpnelbz5tk1v55v5te.bx.internal.cloudapp.net:42745 / 10.1.0.11:42745
2024-07-06 11:53:59,405 [Socket Reader #1 for port 15007] INFO  authorize.ServiceAuthorizationManager (ServiceAuthorizationManager.java:authorize(137)) - Authorization successful for scm/fv-az1041-405.cgqmq5qunpnelbz5tk1v55v5te.bx.internal.cloudapp.net@EXAMPLE.COM (auth:KERBEROS) for protocol=interface org.apache.hadoop.hdds.scm.protocol.ScmBlockLocationProtocol
2024-07-06 11:53:59,415 [main] INFO  client.ScmTopologyClient (ScmTopologyClient.java:start(72)) - Initial network topology fetched from SCM: /.
2024-07-06 11:53:59,416 [main] INFO  net.NodeSchemaLoader (NodeSchemaLoader.java:loadSchemaFromFile(129)) - Loading schema from [jar:file:/home/runner/work/ozone/ozone/hadoop-hdds/common/target/hdds-common-1.5.0-SNAPSHOT.jar!/network-topology-default.xml]
2024-07-06 11:53:59,416 [main] INFO  net.NodeSchemaLoader (NodeSchemaLoader.java:loadSchema(176)) - Loading network topology layer schema file
2024-07-06 11:53:59,439 [main] INFO  http.BaseHttpServer (BaseHttpServer.java:newHttpServer2BuilderForOzone(223)) - Starting Web-server for ozoneManager at: http://0.0.0.0:15037
2024-07-06 11:53:59,439 [main] INFO  http.BaseHttpServer (BaseHttpServer.java:<init>(110)) - Hadoop Security Enabled: true Ozone Security Enabled: true Ozone HTTP Security Enabled: false 
2024-07-06 11:53:59,441 [main] WARN  server.AuthenticationFilter (AuthenticationFilter.java:constructSecretProvider(240)) - Unable to initialize FileSignerSecretProvider, falling back to use random secrets. Reason: Could not read signature secret file: /home/runner/hadoop-http-auth-signature-secret
2024-07-06 11:53:59,442 [main] INFO  http.HttpRequestLog (HttpRequestLog.java:getRequestLog(86)) - Http request log for http.requests.ozoneManager is not defined
2024-07-06 11:53:59,443 [main] INFO  http.HttpServer2 (HttpServer2.java:addGlobalFilter(1036)) - Added global filter 'safety' (class=org.apache.hadoop.hdds.server.http.HttpServer2$QuotingInputFilter)
2024-07-06 11:53:59,444 [main] INFO  http.HttpServer2 (HttpServer2.java:addFilter(1012)) - Added filter static_user_filter (class=org.apache.hadoop.http.lib.StaticUserWebFilter$StaticUserFilter) to context ozoneManager
2024-07-06 11:53:59,445 [main] INFO  http.HttpServer2 (HttpServer2.java:addFilter(1020)) - Added filter static_user_filter (class=org.apache.hadoop.http.lib.StaticUserWebFilter$StaticUserFilter) to context logs
2024-07-06 11:53:59,445 [main] INFO  http.HttpServer2 (HttpServer2.java:addFilter(1020)) - Added filter static_user_filter (class=org.apache.hadoop.http.lib.StaticUserWebFilter$StaticUserFilter) to context static
2024-07-06 11:53:59,445 [main] INFO  http.BaseHttpServer (BaseHttpServer.java:<init>(189)) - HTTP server of ozoneManager uses base directory /home/runner/work/ozone/ozone/hadoop-ozone/integration-test/target/test-dir/MiniOzoneClusterImpl-23934d72-33be-4118-bcff-1eb1b476413a/ozone-meta/webserver
2024-07-06 11:53:59,448 [main] INFO  http.HttpServer2 (HttpServer2.java:bindListener(1236)) - Jetty bound to port 15037
2024-07-06 11:53:59,449 [main] INFO  server.Server (Server.java:doStart(375)) - jetty-9.4.55.v20240627; built: 2024-06-27T15:05:37.765Z; git: 70015831e5195ba74da6383c4ab7c90c56bb08af; jvm 17.0.11+9
2024-07-06 11:53:59,453 [main] INFO  server.session (DefaultSessionIdManager.java:doStart(334)) - DefaultSessionIdManager workerName=node0
2024-07-06 11:53:59,453 [main] INFO  server.session (DefaultSessionIdManager.java:doStart(339)) - No SessionScavenger set, using defaults
2024-07-06 11:53:59,453 [main] INFO  server.session (HouseKeeper.java:startScavenging(132)) - node0 Scavenging every 600000ms
2024-07-06 11:53:59,457 [main] INFO  handler.ContextHandler (ContextHandler.java:doStart(921)) - Started o.e.j.s.ServletContextHandler@19c2c3a6{logs,/logs,file:///home/runner/work/ozone/ozone/hadoop-ozone/integration-test/target/log,AVAILABLE}
2024-07-06 11:53:59,458 [main] INFO  handler.ContextHandler (ContextHandler.java:doStart(921)) - Started o.e.j.s.ServletContextHandler@24d84d1e{static,/static,file:///home/runner/work/ozone/ozone/hadoop-ozone/integration-test/target/test-classes/webapps/static,AVAILABLE}
2024-07-06 11:53:59,465 [main] INFO  handler.ContextHandler (ContextHandler.java:doStart(921)) - Started o.e.j.w.WebAppContext@27636d72{ozoneManager,/,file:///home/runner/work/ozone/ozone/hadoop-ozone/integration-test/target/test-classes/webapps/ozoneManager/,AVAILABLE}{file:/home/runner/work/ozone/ozone/hadoop-ozone/integration-test/target/test-classes/webapps/ozoneManager}
2024-07-06 11:53:59,466 [main] INFO  server.AbstractConnector (AbstractConnector.java:doStart(333)) - Started ServerConnector@2733414d{HTTP/1.1, (http/1.1)}{0.0.0.0:15037}
2024-07-06 11:53:59,466 [main] INFO  server.Server (Server.java:doStart(415)) - Started @24671ms
2024-07-06 11:53:59,466 [main] WARN  impl.MetricsSystemImpl (MetricsSystemImpl.java:register(279)) - Sink prometheus already exists!
2024-07-06 11:53:59,467 [main] INFO  http.BaseHttpServer (BaseHttpServer.java:updateConnectorAddress(354)) - HTTP server of ozoneManager listening at http://0.0.0.0:15037
2024-07-06 11:53:59,467 [IPC Server Responder] INFO  ipc.Server (Server.java:run(1562)) - IPC Server Responder: starting
2024-07-06 11:53:59,467 [IPC Server listener on 15036] INFO  ipc.Server (Server.java:run(1402)) - IPC Server listener on 15036: starting
2024-07-06 11:53:59,485 [main] INFO  om.OzoneManager (OzoneManager.java:startTrashEmptier(2121)) - Trash Interval set to 0. Files deleted won't move to trash
2024-07-06 11:53:59,567 [main] WARN  dropwizard3.Dm3MetricRegistriesImpl (Dm3MetricRegistriesImpl.java:addReporterRegistration(114)) - New reporters are added after registries were created. Some metrics will be missing from the reporter. Please add reporter before adding any new registry.
2024-07-06 11:53:59,568 [main] WARN  dropwizard3.Dm3MetricRegistriesImpl (Dm3MetricRegistriesImpl.java:addReporterRegistration(114)) - New reporters are added after registries were created. Some metrics will be missing from the reporter. Please add reporter before adding any new registry.
2024-07-06 11:53:59,568 [main] INFO  impl.MetricsSystemImpl (MetricsSystemImpl.java:init(158)) - HddsDatanode metrics system started (again)
2024-07-06 11:53:59,586 [main] INFO  ozone.HddsDatanodeService (HddsDatanodeService.java:start(236)) - HddsDatanodeService host:fv-az1041-405.cgqmq5qunpnelbz5tk1v55v5te.bx.internal.cloudapp.net ip:10.1.0.11
2024-07-06 11:53:59,586 [main] INFO  ozone.HddsDatanodeService (HddsDatanodeService.java:start(244)) - Ozone security is enabled. Attempting login for Hdds Datanode user. Principal: scm/fv-az1041-405.cgqmq5qunpnelbz5tk1v55v5te.bx.internal.cloudapp.net@EXAMPLE.COM,keytab: /tmp/junit11704107737849160114/scm.keytab
2024-07-06 11:53:59,588 [pool-1-thread-2] INFO  request.KdcRequest (KdcRequest.java:preauth(651)) - The preauth data is empty.
2024-07-06 11:53:59,588 [pool-1-thread-2] INFO  server.KdcHandler (KdcHandler.java:handleRecoverableException(177)) - KRB error occurred while processing request:Additional pre-authentication required
2024-07-06 11:53:59,591 [pool-1-thread-2] INFO  request.AsRequest (AsRequest.java:issueTicket(112)) - AS_REQ ISSUE: authtime 1720266839590,scm/fv-az1041-405.cgqmq5qunpnelbz5tk1v55v5te.bx.internal.cloudapp.net@EXAMPLE.COM for krbtgt/EXAMPLE.COM@EXAMPLE.COM
2024-07-06 11:53:59,592 [main] INFO  security.UserGroupInformation (UserGroupInformation.java:loginUserFromKeytab(1132)) - Login successful for user scm/fv-az1041-405.cgqmq5qunpnelbz5tk1v55v5te.bx.internal.cloudapp.net@EXAMPLE.COM using keytab file scm.keytab. Keytab auto renewal enabled : false
2024-07-06 11:53:59,592 [main] INFO  ozone.HddsDatanodeService (HddsDatanodeService.java:start(262)) - Hdds Datanode login successful.
2024-07-06 11:53:59,595 [main] INFO  ozone.HddsDatanodeService (HddsDatanodeService.java:initializeCertificateClient(381)) - Initializing secure Datanode.
2024-07-06 11:53:59,596 [main] INFO  ha.SCMNodeInfo (SCMNodeInfo.java:getPort(197)) - ConfigKey ozone.scm.client.address is deprecated, For configuring different ports for each SCM use PortConfigKey ozone.scm.client.port appended with serviceId and nodeId
2024-07-06 11:53:59,597 [main] INFO  ha.SCMNodeInfo (SCMNodeInfo.java:getPort(197)) - ConfigKey ozone.scm.block.client.address is deprecated, For configuring different ports for each SCM use PortConfigKey ozone.scm.block.client.port appended with serviceId and nodeId
2024-07-06 11:53:59,597 [main] INFO  ha.SCMNodeInfo (SCMNodeInfo.java:getPort(197)) - ConfigKey ozone.scm.security.service.address is deprecated, For configuring different ports for each SCM use PortConfigKey ozone.scm.security.service.port appended with serviceId and nodeId
2024-07-06 11:53:59,597 [main] INFO  ha.SCMNodeInfo (SCMNodeInfo.java:getPort(197)) - ConfigKey ozone.scm.datanode.address is deprecated, For configuring different ports for each SCM use PortConfigKey ozone.scm.datanode.port appended with serviceId and nodeId
2024-07-06 11:53:59,597 [main] INFO  ha.SCMNodeInfo (SCMNodeInfo.java:getPort(197)) - ConfigKey ozone.scm.client.address is deprecated, For configuring different ports for each SCM use PortConfigKey ozone.scm.client.port appended with serviceId and nodeId
2024-07-06 11:53:59,597 [main] INFO  ha.SCMNodeInfo (SCMNodeInfo.java:getPort(197)) - ConfigKey ozone.scm.block.client.address is deprecated, For configuring different ports for each SCM use PortConfigKey ozone.scm.block.client.port appended with serviceId and nodeId
2024-07-06 11:53:59,597 [main] INFO  ha.SCMNodeInfo (SCMNodeInfo.java:getPort(197)) - ConfigKey ozone.scm.security.service.address is deprecated, For configuring different ports for each SCM use PortConfigKey ozone.scm.security.service.port appended with serviceId and nodeId
2024-07-06 11:53:59,597 [main] INFO  ha.SCMNodeInfo (SCMNodeInfo.java:getPort(197)) - ConfigKey ozone.scm.datanode.address is deprecated, For configuring different ports for each SCM use PortConfigKey ozone.scm.datanode.port appended with serviceId and nodeId
2024-07-06 11:53:59,597 [main] INFO  ha.SCMNodeInfo (SCMNodeInfo.java:getPort(197)) - ConfigKey ozone.scm.client.address is deprecated, For configuring different ports for each SCM use PortConfigKey ozone.scm.client.port appended with serviceId and nodeId
2024-07-06 11:53:59,597 [main] INFO  ha.SCMNodeInfo (SCMNodeInfo.java:getPort(197)) - ConfigKey ozone.scm.block.client.address is deprecated, For configuring different ports for each SCM use PortConfigKey ozone.scm.block.client.port appended with serviceId and nodeId
2024-07-06 11:53:59,597 [main] INFO  ha.SCMNodeInfo (SCMNodeInfo.java:getPort(197)) - ConfigKey ozone.scm.security.service.address is deprecated, For configuring different ports for each SCM use PortConfigKey ozone.scm.security.service.port appended with serviceId and nodeId
2024-07-06 11:53:59,597 [main] INFO  ha.SCMNodeInfo (SCMNodeInfo.java:getPort(197)) - ConfigKey ozone.scm.datanode.address is deprecated, For configuring different ports for each SCM use PortConfigKey ozone.scm.datanode.port appended with serviceId and nodeId
2024-07-06 11:53:59,598 [main] INFO  client.DNCertificateClient (DefaultCertificateClient.java:updateCertSerialId(1313)) - Certificate serial ID set to null
2024-07-06 11:53:59,598 [main] ERROR client.DNCertificateClient (DefaultCertificateClient.java:getCertPath(376)) - Default certificate serial id is not set. Can't locate the default certificate for this client.
2024-07-06 11:53:59,598 [main] INFO  client.DNCertificateClient (DefaultCertificateClient.java:init(720)) - Certificate client init case: 0
2024-07-06 11:53:59,598 [main] INFO  client.DNCertificateClient (DefaultCertificateClient.java:handleCase(738)) - Creating keypair for client as keypair and certificate not found.
2024-07-06 11:53:59,651 [main] INFO  client.DNCertificateClient (DefaultCertificateClient.java:recoverStateIfNeeded(800)) - Init response: GETCERT
2024-07-06 11:53:59,651 [main] INFO  ozone.OzoneSecurityUtil (OzoneSecurityUtil.java:getValidInetsForCurrentHost(120)) - ip:fe80:0:0:0:6245:bdff:fed7:3321%eth0 not returned.
2024-07-06 11:53:59,651 [main] INFO  ozone.OzoneSecurityUtil (OzoneSecurityUtil.java:getValidInetsForCurrentHost(117)) - Adding ip:10.1.0.11,host:fv-az1041-405.cgqmq5qunpnelbz5tk1v55v5te.bx.internal.cloudapp.net
2024-07-06 11:53:59,651 [main] INFO  ozone.OzoneSecurityUtil (OzoneSecurityUtil.java:getValidInetsForCurrentHost(120)) - ip:0:0:0:0:0:0:0:1%lo not returned.
2024-07-06 11:53:59,652 [main] INFO  ozone.OzoneSecurityUtil (OzoneSecurityUtil.java:getValidInetsForCurrentHost(120)) - ip:127.0.0.1 not returned.
2024-07-06 11:53:59,652 [main] INFO  client.DNCertificateClient (DNCertificateClient.java:getCSRBuilder(86)) - Created csr for DN-> subject:scm@fv-az1041-405.cgqmq5qunpnelbz5tk1v55v5te.bx.internal.cloudapp.net
2024-07-06 11:53:59,674 [pool-1-thread-2] INFO  request.TgsRequest (TgsRequest.java:issueTicket(115)) - TGS_REQ ISSUE: authtime 1720266839673,scm/fv-az1041-405.cgqmq5qunpnelbz5tk1v55v5te.bx.internal.cloudapp.net for scm/fv-az1041-405.cgqmq5qunpnelbz5tk1v55v5te.bx.internal.cloudapp.net@EXAMPLE.COM
2024-07-06 11:53:59,680 [Socket Reader #1 for port 15002] INFO  ipc.Server (Server.java:saslProcess(2139)) - Auth successful for scm/fv-az1041-405.cgqmq5qunpnelbz5tk1v55v5te.bx.internal.cloudapp.net@EXAMPLE.COM (auth:KERBEROS) from fv-az1041-405.cgqmq5qunpnelbz5tk1v55v5te.bx.internal.cloudapp.net:45119 / 10.1.0.11:45119
2024-07-06 11:53:59,681 [Socket Reader #1 for port 15002] INFO  authorize.ServiceAuthorizationManager (ServiceAuthorizationManager.java:authorize(137)) - Authorization successful for scm/fv-az1041-405.cgqmq5qunpnelbz5tk1v55v5te.bx.internal.cloudapp.net@EXAMPLE.COM (auth:KERBEROS) for protocol=interface org.apache.hadoop.hdds.protocol.SCMSecurityProtocol
2024-07-06 11:53:59,681 [IPC Server handler 0 on default port 15002] INFO  server.SCMSecurityProtocolServer (SCMSecurityProtocolServer.java:getDataNodeCertificate(183)) - Processing CSR for dn fv-az1041-405.cgqmq5qunpnelbz5tk1v55v5te.bx.internal.cloudapp.net, UUID: 8dbb38fd-cb5c-434d-a416-d5257da8c780
2024-07-06 11:53:59,686 [eb66df86-6ffc-4e53-b873-cb2b44d5f35d@group-1EB1B476413A-StateMachineUpdater] INFO  safemode.HealthyPipelineSafeModeRule (HealthyPipelineSafeModeRule.java:initializeRule(172)) - Refreshed total pipeline count is 0, healthy pipeline threshold count is 1
2024-07-06 11:53:59,686 [IPC Server handler 0 on default port 15002] INFO  ha.SequenceIdGenerator (SequenceIdGenerator.java:getNextId(144)) - Allocate a batch for CertificateId, change lastId from 5 to 6.
2024-07-06 11:53:59,687 [39a46239-dc5f-49f3-8624-e36d450519bc@group-1EB1B476413A-StateMachineUpdater] INFO  safemode.HealthyPipelineSafeModeRule (HealthyPipelineSafeModeRule.java:initializeRule(172)) - Refreshed total pipeline count is 0, healthy pipeline threshold count is 1
2024-07-06 11:53:59,688 [41075d7a-0d70-4fa2-ba46-cbc672699b06@group-1EB1B476413A-StateMachineUpdater] INFO  safemode.HealthyPipelineSafeModeRule (HealthyPipelineSafeModeRule.java:initializeRule(172)) - Refreshed total pipeline count is 0, healthy pipeline threshold count is 1
2024-07-06 11:53:59,689 [IPC Server handler 0 on default port 15002] INFO  authority.DefaultApprover (DefaultApprover.java:sign(174)) - Extensions in CSR: 2.5.29.15, 2.5.29.17
2024-07-06 11:53:59,690 [IPC Server handler 0 on default port 15002] INFO  authority.DefaultApprover (DefaultApprover.java:sign(178)) - Extensions to add to the certificate if they present in CSR: 2.5.29.15, 2.5.29.17, 2.5.29.35, 2.5.29.37, 2.5.29.19, 1.3.6.1.5.5.7.1.12
2024-07-06 11:53:59,703 [eb66df86-6ffc-4e53-b873-cb2b44d5f35d@group-1EB1B476413A-StateMachineUpdater] INFO  safemode.HealthyPipelineSafeModeRule (HealthyPipelineSafeModeRule.java:initializeRule(172)) - Refreshed total pipeline count is 0, healthy pipeline threshold count is 1
2024-07-06 11:53:59,705 [39a46239-dc5f-49f3-8624-e36d450519bc@group-1EB1B476413A-StateMachineUpdater] INFO  safemode.HealthyPipelineSafeModeRule (HealthyPipelineSafeModeRule.java:initializeRule(172)) - Refreshed total pipeline count is 0, healthy pipeline threshold count is 1
2024-07-06 11:53:59,706 [41075d7a-0d70-4fa2-ba46-cbc672699b06@group-1EB1B476413A-StateMachineUpdater] INFO  safemode.HealthyPipelineSafeModeRule (HealthyPipelineSafeModeRule.java:initializeRule(172)) - Refreshed total pipeline count is 0, healthy pipeline threshold count is 1
2024-07-06 11:53:59,714 [main] INFO  utils.CertificateCodec (CertificateCodec.java:writeCertificate(253)) - Save certificate to /home/runner/work/ozone/ozone/hadoop-ozone/integration-test/target/test-dir/MiniOzoneClusterImpl-23934d72-33be-4118-bcff-1eb1b476413a/ozone-meta/datanode-1/meta/dn/certs/6.crt
2024-07-06 11:53:59,714 [main] INFO  utils.CertificateCodec (CertificateCodec.java:writeCertificate(254)) - Certificate -----BEGIN CERTIFICATE-----
MIIEIzCCAwugAwIBAgIBBjANBgkqhkiG9w0BAQsFADCBhjEaMBgGA1UEAwwRc2Nt
LXN1YkBsb2NhbGhvc3QxLTArBgNVBAsMJGViNjZkZjg2LTZmZmMtNGU1My1iODcz
LWNiMmI0NGQ1ZjM1ZDEtMCsGA1UECgwkMjM5MzRkNzItMzNiZS00MTE4LWJjZmYt
MWViMWI0NzY0MTNhMQowCAYDVQQFEwEyMB4XDTI0MDcwNjExNTM1OVoXDTI1MDcw
NjExNTM1OVowgboxTjBMBgNVBAMMRXNjbUBmdi1hejEwNDEtNDA1LmNncW1xNXF1
bnBuZWxiejV0azF2NTV2NXRlLmJ4LmludGVybmFsLmNsb3VkYXBwLm5ldDEtMCsG
A1UECwwkZWI2NmRmODYtNmZmYy00ZTUzLWI4NzMtY2IyYjQ0ZDVmMzVkMS0wKwYD
VQQKDCQyMzkzNGQ3Mi0zM2JlLTQxMTgtYmNmZi0xZWIxYjQ3NjQxM2ExCjAIBgNV
BAUTATYwggEiMA0GCSqGSIb3DQEBAQUAA4IBDwAwggEKAoIBAQDdQQri7QUvJevD
rtdAFUlA/II9gH+DVARgvhkqMjdVSKCttWAkB5KxikGSyXXZHp4AJJmJltOaeO+p
exNI2VDop7Oj+YNg2I5kxxym2faZzFKElWN1OtNUQXIE1yZdSpUPmo/OpJIca6W/
4FCznNCyoX1GBnakUimIXq2BouQ2XNI8AEtR+RynjniMA1z2bq9MoqREalrxwItJ
98ILOUKgOqvXF/J1xWxLnR6Xco4qyJNpwo5TJaEerpVlNAfUlV/9AsQu6wIUOwYK
2XHbJL1w42HtvX16SxT2l1fK23f1f3kxIwOQCYeyoQWBOzMlmQuqI2scE3wbFC5s
VMLndwuNAgMBAAGjZjBkMA4GA1UdDwEB/wQEAwIDuDBSBgNVHREESzBJhwQKAQAL
gkFmdi1hejEwNDEtNDA1LmNncW1xNXF1bnBuZWxiejV0azF2NTV2NXRlLmJ4Lmlu
dGVybmFsLmNsb3VkYXBwLm5ldDANBgkqhkiG9w0BAQsFAAOCAQEANOSHr6Y6ayrg
Psz73u8Rrer7wjzt4aPO3cQqKBE3pu2K96SuCwxDXmtj1Oe3TG0DOHsauDmoLMCG
8ficXH7y17yWzyHdcGNFXSIzLdHqg6kNsOUOxo8515fjPZ1Z1sMgVWlBtlOZ1R1b
SaEGr7WcqlLPloDSVNIPAY8+wnf6IiTEGbCxe/Jznn7/brrMMrMxYSnFptn3ZAqp
LAlEg1vkMd9FtnLomxW119ppFl3AyOqAj+emyiuhxpFKs221pJvihu02R4TTgB+u
NCz1wXrvGdHHjRlkT7kP0LZ0CkZ/vPJFXuRbegupjSPlpHql7Sk3L0dP6CQCqAMu
uzXRi6pnpA==
-----END CERTIFICATE-----

-----BEGIN CERTIFICATE-----
MIIEADCCAuigAwIBAgIBAjANBgkqhkiG9w0BAQsFADCBhjEaMBgGA1UEAwwRc2Nt
QGZ2LWF6MTA0MS00MDUxLTArBgNVBAsMJGViNjZkZjg2LTZmZmMtNGU1My1iODcz
LWNiMmI0NGQ1ZjM1ZDEtMCsGA1UECgwkMjM5MzRkNzItMzNiZS00MTE4LWJjZmYt
MWViMWI0NzY0MTNhMQowCAYDVQQFEwExMB4XDTI0MDcwNjExNTMzN1oXDTI5MDgx
NDExNTMzN1owgYYxGjAYBgNVBAMMEXNjbS1zdWJAbG9jYWxob3N0MS0wKwYDVQQL
DCRlYjY2ZGY4Ni02ZmZjLTRlNTMtYjg3My1jYjJiNDRkNWYzNWQxLTArBgNVBAoM
JDIzOTM0ZDcyLTMzYmUtNDExOC1iY2ZmLTFlYjFiNDc2NDEzYTEKMAgGA1UEBRMB
MjCCASIwDQYJKoZIhvcNAQEBBQADggEPADCCAQoCggEBAI9Ye6jhc8eewG6uvADS
jjH4n7H8xV5BeLfO+iOnnpmat2rPbporEWNfCre+xQYcSuUORf/LZ7KIjdHp+ipQ
ReTGtMIoToDJony/E9YZf6yROZaZUd7+PZHs1s8ZOPA93J6aFQvG6qRSjO9QuZeo
BiAdNqYuoyihEUY7BAzoJElOP6nojwgcgd/qtkVsIjR0hft2yS7rtfPxiosoqNwT
TjC5/4SSP/VcuL2CsyYVRALRO7FiDgsrBJPUwj4I9bgWnrY0jjIxnI6Z3D9rPcre
KvshbMPmJDeN4Ghd1EH14DAP+ZfA4TLhZMdCL6mh+qVrUEMm1fR6LFwad9D6U/9X
ONECAwEAAaN3MHUwDgYDVR0PAQH/BAQDAgG+MFIGA1UdEQRLMEmHBAoBAAuCQWZ2
LWF6MTA0MS00MDUuY2dxbXE1cXVucG5lbGJ6NXRrMXY1NXY1dGUuYnguaW50ZXJu
YWwuY2xvdWRhcHAubmV0MA8GA1UdEwEB/wQFMAMBAf8wDQYJKoZIhvcNAQELBQAD
ggEBAEn6t5IxwWoYkgosnNwulVIeHljhuMenV5jE8iJlNA81ytCU/Fmlxnazacr/
n8rjbSvu0oGBKefyzu6oN3zpNNnvjQuffmQlK5QgZnTd2PH0drqPWxb049IegWzX
O5U9B9F9AwA3eQ46EERZPireJVMA8AzZwG367v0bUMxupfxCwfnT6Yc7vJ/O+dj2
Od9xed8EEd0CbMLB36lRyyFOd4j+BXCurp59p5AgsXuWBkcTe9j8aqqxztEU3A7o
FMYKDKLv82h3kAKyL6MFnMVWGA5+6CwAXhcFbwCuqRv10FoMLMenzaXHhPL+Zw/E
ZM3EFkeVbLESdq/SMW6cnKU7cts=
-----END CERTIFICATE-----

-----BEGIN CERTIFICATE-----
MIIEADCCAuigAwIBAgIBATANBgkqhkiG9w0BAQsFADCBhjEaMBgGA1UEAwwRc2Nt
QGZ2LWF6MTA0MS00MDUxLTArBgNVBAsMJGViNjZkZjg2LTZmZmMtNGU1My1iODcz
LWNiMmI0NGQ1ZjM1ZDEtMCsGA1UECgwkMjM5MzRkNzItMzNiZS00MTE4LWJjZmYt
MWViMWI0NzY0MTNhMQowCAYDVQQFEwExMB4XDTI0MDcwNjExNTMzN1oXDTI5MDgx
NDExNTMzN1owgYYxGjAYBgNVBAMMEXNjbUBmdi1hejEwNDEtNDA1MS0wKwYDVQQL
DCRlYjY2ZGY4Ni02ZmZjLTRlNTMtYjg3My1jYjJiNDRkNWYzNWQxLTArBgNVBAoM
JDIzOTM0ZDcyLTMzYmUtNDExOC1iY2ZmLTFlYjFiNDc2NDEzYTEKMAgGA1UEBRMB
MTCCASIwDQYJKoZIhvcNAQEBBQADggEPADCCAQoCggEBAISmOYOluZt/lCgZxU9H
gvcsRqfRemrHFDZGFVDnpT5vtK374ntRLw6MYBdectIJAU2BZMRW1tU/pcvvodWO
cd/nlOosnhiBrABr0QIY3B4bFba/t5RfUn+iQQt5KmDmh8vFaFyuBrHzNF7amGrx
6hflYrKbY+aMZW2nHXs3Mk45uAeD2zSSem9/oImjiVvWqFxiSsGemn5RSP15Urz9
pO9VzeKwKhrTjP5jG6I10Nol4P9q6zGnYqj0pHgsFKaYnTd7X1eaH6pJo9Acdaqe
XPVM9f7ZFENikdcMP0RynUYBUzHfbillRgGBagITAjg/AtCnhlmAjTS/DXTH69dS
l1sCAwEAAaN3MHUwDwYDVR0TAQH/BAUwAwEB/zAOBgNVHQ8BAf8EBAMCAQYwUgYD
VR0RBEswSYcECgEAC4JBZnYtYXoxMDQxLTQwNS5jZ3FtcTVxdW5wbmVsYno1dGsx
djU1djV0ZS5ieC5pbnRlcm5hbC5jbG91ZGFwcC5uZXQwDQYJKoZIhvcNAQELBQAD
ggEBAGlIIHbij1bSYen9Ao1XYwzuFXzchqSUxADvCYG1Rt5iAYYTuzsnRSJxfb+w
Dv0ZSjfEDDCi3nugf7zGyV3fVMZP6Jmnb7fi05mFm37hE4DVR1bPOt+Fi4cim9F7
NjkAxiCcW68EMqxaYnMyk0gA16J6rQPjU54QemBDUpFvqq+oejkWWku45hIzwW/L
NX3qEOOAtaVwaGL0Etxcfo4dXRKwaQGN2Q8HeFOejNq1koQR7sSUX0psuShZNZ/j
sK9X9JrCD/F0377/CpgbbRfwVUoiqx4euBCrgEnYbcLJZs0x4iLW9B+oN3MfcuJP
cMcTfU+42boeZaemislAMeJ6P5c=
-----END CERTIFICATE-----

2024-07-06 11:53:59,715 [main] INFO  utils.CertificateCodec (CertificateCodec.java:writeCertificate(253)) - Save certificate to /home/runner/work/ozone/ozone/hadoop-ozone/integration-test/target/test-dir/MiniOzoneClusterImpl-23934d72-33be-4118-bcff-1eb1b476413a/ozone-meta/datanode-1/meta/dn/certs/CA-2.crt
2024-07-06 11:53:59,715 [main] INFO  utils.CertificateCodec (CertificateCodec.java:writeCertificate(254)) - Certificate -----BEGIN CERTIFICATE-----
MIIEADCCAuigAwIBAgIBAjANBgkqhkiG9w0BAQsFADCBhjEaMBgGA1UEAwwRc2Nt
QGZ2LWF6MTA0MS00MDUxLTArBgNVBAsMJGViNjZkZjg2LTZmZmMtNGU1My1iODcz
LWNiMmI0NGQ1ZjM1ZDEtMCsGA1UECgwkMjM5MzRkNzItMzNiZS00MTE4LWJjZmYt
MWViMWI0NzY0MTNhMQowCAYDVQQFEwExMB4XDTI0MDcwNjExNTMzN1oXDTI5MDgx
NDExNTMzN1owgYYxGjAYBgNVBAMMEXNjbS1zdWJAbG9jYWxob3N0MS0wKwYDVQQL
DCRlYjY2ZGY4Ni02ZmZjLTRlNTMtYjg3My1jYjJiNDRkNWYzNWQxLTArBgNVBAoM
JDIzOTM0ZDcyLTMzYmUtNDExOC1iY2ZmLTFlYjFiNDc2NDEzYTEKMAgGA1UEBRMB
MjCCASIwDQYJKoZIhvcNAQEBBQADggEPADCCAQoCggEBAI9Ye6jhc8eewG6uvADS
jjH4n7H8xV5BeLfO+iOnnpmat2rPbporEWNfCre+xQYcSuUORf/LZ7KIjdHp+ipQ
ReTGtMIoToDJony/E9YZf6yROZaZUd7+PZHs1s8ZOPA93J6aFQvG6qRSjO9QuZeo
BiAdNqYuoyihEUY7BAzoJElOP6nojwgcgd/qtkVsIjR0hft2yS7rtfPxiosoqNwT
TjC5/4SSP/VcuL2CsyYVRALRO7FiDgsrBJPUwj4I9bgWnrY0jjIxnI6Z3D9rPcre
KvshbMPmJDeN4Ghd1EH14DAP+ZfA4TLhZMdCL6mh+qVrUEMm1fR6LFwad9D6U/9X
ONECAwEAAaN3MHUwDgYDVR0PAQH/BAQDAgG+MFIGA1UdEQRLMEmHBAoBAAuCQWZ2
LWF6MTA0MS00MDUuY2dxbXE1cXVucG5lbGJ6NXRrMXY1NXY1dGUuYnguaW50ZXJu
YWwuY2xvdWRhcHAubmV0MA8GA1UdEwEB/wQFMAMBAf8wDQYJKoZIhvcNAQELBQAD
ggEBAEn6t5IxwWoYkgosnNwulVIeHljhuMenV5jE8iJlNA81ytCU/Fmlxnazacr/
n8rjbSvu0oGBKefyzu6oN3zpNNnvjQuffmQlK5QgZnTd2PH0drqPWxb049IegWzX
O5U9B9F9AwA3eQ46EERZPireJVMA8AzZwG367v0bUMxupfxCwfnT6Yc7vJ/O+dj2
Od9xed8EEd0CbMLB36lRyyFOd4j+BXCurp59p5AgsXuWBkcTe9j8aqqxztEU3A7o
FMYKDKLv82h3kAKyL6MFnMVWGA5+6CwAXhcFbwCuqRv10FoMLMenzaXHhPL+Zw/E
ZM3EFkeVbLESdq/SMW6cnKU7cts=
-----END CERTIFICATE-----

-----BEGIN CERTIFICATE-----
MIIEADCCAuigAwIBAgIBATANBgkqhkiG9w0BAQsFADCBhjEaMBgGA1UEAwwRc2Nt
QGZ2LWF6MTA0MS00MDUxLTArBgNVBAsMJGViNjZkZjg2LTZmZmMtNGU1My1iODcz
LWNiMmI0NGQ1ZjM1ZDEtMCsGA1UECgwkMjM5MzRkNzItMzNiZS00MTE4LWJjZmYt
MWViMWI0NzY0MTNhMQowCAYDVQQFEwExMB4XDTI0MDcwNjExNTMzN1oXDTI5MDgx
NDExNTMzN1owgYYxGjAYBgNVBAMMEXNjbUBmdi1hejEwNDEtNDA1MS0wKwYDVQQL
DCRlYjY2ZGY4Ni02ZmZjLTRlNTMtYjg3My1jYjJiNDRkNWYzNWQxLTArBgNVBAoM
JDIzOTM0ZDcyLTMzYmUtNDExOC1iY2ZmLTFlYjFiNDc2NDEzYTEKMAgGA1UEBRMB
MTCCASIwDQYJKoZIhvcNAQEBBQADggEPADCCAQoCggEBAISmOYOluZt/lCgZxU9H
gvcsRqfRemrHFDZGFVDnpT5vtK374ntRLw6MYBdectIJAU2BZMRW1tU/pcvvodWO
cd/nlOosnhiBrABr0QIY3B4bFba/t5RfUn+iQQt5KmDmh8vFaFyuBrHzNF7amGrx
6hflYrKbY+aMZW2nHXs3Mk45uAeD2zSSem9/oImjiVvWqFxiSsGemn5RSP15Urz9
pO9VzeKwKhrTjP5jG6I10Nol4P9q6zGnYqj0pHgsFKaYnTd7X1eaH6pJo9Acdaqe
XPVM9f7ZFENikdcMP0RynUYBUzHfbillRgGBagITAjg/AtCnhlmAjTS/DXTH69dS
l1sCAwEAAaN3MHUwDwYDVR0TAQH/BAUwAwEB/zAOBgNVHQ8BAf8EBAMCAQYwUgYD
VR0RBEswSYcECgEAC4JBZnYtYXoxMDQxLTQwNS5jZ3FtcTVxdW5wbmVsYno1dGsx
djU1djV0ZS5ieC5pbnRlcm5hbC5jbG91ZGFwcC5uZXQwDQYJKoZIhvcNAQELBQAD
ggEBAGlIIHbij1bSYen9Ao1XYwzuFXzchqSUxADvCYG1Rt5iAYYTuzsnRSJxfb+w
Dv0ZSjfEDDCi3nugf7zGyV3fVMZP6Jmnb7fi05mFm37hE4DVR1bPOt+Fi4cim9F7
NjkAxiCcW68EMqxaYnMyk0gA16J6rQPjU54QemBDUpFvqq+oejkWWku45hIzwW/L
NX3qEOOAtaVwaGL0Etxcfo4dXRKwaQGN2Q8HeFOejNq1koQR7sSUX0psuShZNZ/j
sK9X9JrCD/F0377/CpgbbRfwVUoiqx4euBCrgEnYbcLJZs0x4iLW9B+oN3MfcuJP
cMcTfU+42boeZaemislAMeJ6P5c=
-----END CERTIFICATE-----

2024-07-06 11:53:59,715 [IPC Server handler 1 on default port 15002] INFO  client.SCMCertificateClient (DefaultCertificateClient.java:getAllRootCaCerts(973)) - scm/sub-ca has 0 Root CA certificates
2024-07-06 11:53:59,716 [IPC Server handler 1 on default port 15002] INFO  client.SCMCertificateClient (DefaultCertificateClient.java:getAllCaCerts(981)) - scm/sub-ca has 1 CA certificates
2024-07-06 11:53:59,716 [main] INFO  utils.CertificateCodec (CertificateCodec.java:writeCertificate(253)) - Save certificate to /home/runner/work/ozone/ozone/hadoop-ozone/integration-test/target/test-dir/MiniOzoneClusterImpl-23934d72-33be-4118-bcff-1eb1b476413a/ozone-meta/datanode-1/meta/dn/certs/ROOTCA-1.crt
2024-07-06 11:53:59,717 [main] INFO  utils.CertificateCodec (CertificateCodec.java:writeCertificate(254)) - Certificate -----BEGIN CERTIFICATE-----
MIIEADCCAuigAwIBAgIBATANBgkqhkiG9w0BAQsFADCBhjEaMBgGA1UEAwwRc2Nt
QGZ2LWF6MTA0MS00MDUxLTArBgNVBAsMJGViNjZkZjg2LTZmZmMtNGU1My1iODcz
LWNiMmI0NGQ1ZjM1ZDEtMCsGA1UECgwkMjM5MzRkNzItMzNiZS00MTE4LWJjZmYt
MWViMWI0NzY0MTNhMQowCAYDVQQFEwExMB4XDTI0MDcwNjExNTMzN1oXDTI5MDgx
NDExNTMzN1owgYYxGjAYBgNVBAMMEXNjbUBmdi1hejEwNDEtNDA1MS0wKwYDVQQL
DCRlYjY2ZGY4Ni02ZmZjLTRlNTMtYjg3My1jYjJiNDRkNWYzNWQxLTArBgNVBAoM
JDIzOTM0ZDcyLTMzYmUtNDExOC1iY2ZmLTFlYjFiNDc2NDEzYTEKMAgGA1UEBRMB
MTCCASIwDQYJKoZIhvcNAQEBBQADggEPADCCAQoCggEBAISmOYOluZt/lCgZxU9H
gvcsRqfRemrHFDZGFVDnpT5vtK374ntRLw6MYBdectIJAU2BZMRW1tU/pcvvodWO
cd/nlOosnhiBrABr0QIY3B4bFba/t5RfUn+iQQt5KmDmh8vFaFyuBrHzNF7amGrx
6hflYrKbY+aMZW2nHXs3Mk45uAeD2zSSem9/oImjiVvWqFxiSsGemn5RSP15Urz9
pO9VzeKwKhrTjP5jG6I10Nol4P9q6zGnYqj0pHgsFKaYnTd7X1eaH6pJo9Acdaqe
XPVM9f7ZFENikdcMP0RynUYBUzHfbillRgGBagITAjg/AtCnhlmAjTS/DXTH69dS
l1sCAwEAAaN3MHUwDwYDVR0TAQH/BAUwAwEB/zAOBgNVHQ8BAf8EBAMCAQYwUgYD
VR0RBEswSYcECgEAC4JBZnYtYXoxMDQxLTQwNS5jZ3FtcTVxdW5wbmVsYno1dGsx
djU1djV0ZS5ieC5pbnRlcm5hbC5jbG91ZGFwcC5uZXQwDQYJKoZIhvcNAQELBQAD
ggEBAGlIIHbij1bSYen9Ao1XYwzuFXzchqSUxADvCYG1Rt5iAYYTuzsnRSJxfb+w
Dv0ZSjfEDDCi3nugf7zGyV3fVMZP6Jmnb7fi05mFm37hE4DVR1bPOt+Fi4cim9F7
NjkAxiCcW68EMqxaYnMyk0gA16J6rQPjU54QemBDUpFvqq+oejkWWku45hIzwW/L
NX3qEOOAtaVwaGL0Etxcfo4dXRKwaQGN2Q8HeFOejNq1koQR7sSUX0psuShZNZ/j
sK9X9JrCD/F0377/CpgbbRfwVUoiqx4euBCrgEnYbcLJZs0x4iLW9B+oN3MfcuJP
cMcTfU+42boeZaemislAMeJ6P5c=
-----END CERTIFICATE-----

2024-07-06 11:53:59,717 [main] INFO  client.DNCertificateClient (DefaultCertificateClient.java:updateCertSerialId(1313)) - Certificate serial ID set to 6
2024-07-06 11:53:59,717 [main] INFO  client.DNCertificateClient (DefaultCertificateClient.java:readCertificateFile(248)) - Added certificate 1 from file: /home/runner/work/ozone/ozone/hadoop-ozone/integration-test/target/test-dir/MiniOzoneClusterImpl-23934d72-33be-4118-bcff-1eb1b476413a/ozone-meta/datanode-1/meta/dn/certs/ROOTCA-1.crt.
2024-07-06 11:53:59,718 [main] INFO  client.DNCertificateClient (DefaultCertificateClient.java:readCertificateFile(248)) - Added certificate 6 from file: /home/runner/work/ozone/ozone/hadoop-ozone/integration-test/target/test-dir/MiniOzoneClusterImpl-23934d72-33be-4118-bcff-1eb1b476413a/ozone-meta/datanode-1/meta/dn/certs/6.crt.
2024-07-06 11:53:59,719 [main] INFO  client.DNCertificateClient (DefaultCertificateClient.java:readCertificateFile(248)) - Added certificate 2 from file: /home/runner/work/ozone/ozone/hadoop-ozone/integration-test/target/test-dir/MiniOzoneClusterImpl-23934d72-33be-4118-bcff-1eb1b476413a/ozone-meta/datanode-1/meta/dn/certs/CA-2.crt.
2024-07-06 11:53:59,719 [main] INFO  client.DNCertificateClient (DefaultCertificateClient.java:startCertificateRenewerService(1418)) - CertificateRenewerService for dn is started with first delay 29116799280 ms and interval 86400000 ms.
2024-07-06 11:53:59,720 [main] INFO  client.DNCertificateClient (DefaultCertificateClient.java:updateCertSerialId(1313)) - Certificate serial ID set to 6
2024-07-06 11:53:59,721 [main] INFO  client.DNCertificateClient (DefaultCertificateClient.java:readCertificateFile(248)) - Added certificate 1 from file: /home/runner/work/ozone/ozone/hadoop-ozone/integration-test/target/test-dir/MiniOzoneClusterImpl-23934d72-33be-4118-bcff-1eb1b476413a/ozone-meta/datanode-1/meta/dn/certs/ROOTCA-1.crt.
2024-07-06 11:53:59,722 [main] INFO  client.DNCertificateClient (DefaultCertificateClient.java:readCertificateFile(248)) - Added certificate 6 from file: /home/runner/work/ozone/ozone/hadoop-ozone/integration-test/target/test-dir/MiniOzoneClusterImpl-23934d72-33be-4118-bcff-1eb1b476413a/ozone-meta/datanode-1/meta/dn/certs/6.crt.
2024-07-06 11:53:59,723 [main] INFO  client.DNCertificateClient (DefaultCertificateClient.java:readCertificateFile(248)) - Added certificate 2 from file: /home/runner/work/ozone/ozone/hadoop-ozone/integration-test/target/test-dir/MiniOzoneClusterImpl-23934d72-33be-4118-bcff-1eb1b476413a/ozone-meta/datanode-1/meta/dn/certs/CA-2.crt.
2024-07-06 11:53:59,758 [main] INFO  client.DNCertificateClient (DefaultCertificateClient.java:recoverStateIfNeeded(815)) - Successfully stored DN signed certificate, case:GETCERT.
2024-07-06 11:53:59,758 [main] INFO  ha.SCMNodeInfo (SCMNodeInfo.java:getPort(197)) - ConfigKey ozone.scm.client.address is deprecated, For configuring different ports for each SCM use PortConfigKey ozone.scm.client.port appended with serviceId and nodeId
2024-07-06 11:53:59,758 [main] INFO  ha.SCMNodeInfo (SCMNodeInfo.java:getPort(197)) - ConfigKey ozone.scm.block.client.address is deprecated, For configuring different ports for each SCM use PortConfigKey ozone.scm.block.client.port appended with serviceId and nodeId
2024-07-06 11:53:59,758 [main] INFO  ha.SCMNodeInfo (SCMNodeInfo.java:getPort(197)) - ConfigKey ozone.scm.security.service.address is deprecated, For configuring different ports for each SCM use PortConfigKey ozone.scm.security.service.port appended with serviceId and nodeId
2024-07-06 11:53:59,759 [main] INFO  ha.SCMNodeInfo (SCMNodeInfo.java:getPort(197)) - ConfigKey ozone.scm.datanode.address is deprecated, For configuring different ports for each SCM use PortConfigKey ozone.scm.datanode.port appended with serviceId and nodeId
2024-07-06 11:53:59,759 [main] INFO  ha.SCMNodeInfo (SCMNodeInfo.java:getPort(197)) - ConfigKey ozone.scm.client.address is deprecated, For configuring different ports for each SCM use PortConfigKey ozone.scm.client.port appended with serviceId and nodeId
2024-07-06 11:53:59,759 [main] INFO  ha.SCMNodeInfo (SCMNodeInfo.java:getPort(197)) - ConfigKey ozone.scm.block.client.address is deprecated, For configuring different ports for each SCM use PortConfigKey ozone.scm.block.client.port appended with serviceId and nodeId
2024-07-06 11:53:59,759 [main] INFO  ha.SCMNodeInfo (SCMNodeInfo.java:getPort(197)) - ConfigKey ozone.scm.security.service.address is deprecated, For configuring different ports for each SCM use PortConfigKey ozone.scm.security.service.port appended with serviceId and nodeId
2024-07-06 11:53:59,759 [main] INFO  ha.SCMNodeInfo (SCMNodeInfo.java:getPort(197)) - ConfigKey ozone.scm.datanode.address is deprecated, For configuring different ports for each SCM use PortConfigKey ozone.scm.datanode.port appended with serviceId and nodeId
2024-07-06 11:53:59,759 [main] INFO  ha.SCMNodeInfo (SCMNodeInfo.java:getPort(197)) - ConfigKey ozone.scm.client.address is deprecated, For configuring different ports for each SCM use PortConfigKey ozone.scm.client.port appended with serviceId and nodeId
2024-07-06 11:53:59,759 [main] INFO  ha.SCMNodeInfo (SCMNodeInfo.java:getPort(197)) - ConfigKey ozone.scm.block.client.address is deprecated, For configuring different ports for each SCM use PortConfigKey ozone.scm.block.client.port appended with serviceId and nodeId
2024-07-06 11:53:59,759 [main] INFO  ha.SCMNodeInfo (SCMNodeInfo.java:getPort(197)) - ConfigKey ozone.scm.security.service.address is deprecated, For configuring different ports for each SCM use PortConfigKey ozone.scm.security.service.port appended with serviceId and nodeId
2024-07-06 11:53:59,760 [main] INFO  ha.SCMNodeInfo (SCMNodeInfo.java:getPort(197)) - ConfigKey ozone.scm.datanode.address is deprecated, For configuring different ports for each SCM use PortConfigKey ozone.scm.datanode.port appended with serviceId and nodeId
2024-07-06 11:53:59,763 [main] INFO  symmetric.DefaultSecretKeyVerifierClient (DefaultSecretKeyVerifierClient.java:<init>(77)) - Initializing secret key cache with size 8, TTL PT3S
2024-07-06 11:53:59,769 [Socket Reader #1 for port 15002] INFO  ipc.Server (Server.java:saslProcess(2139)) - Auth successful for scm/fv-az1041-405.cgqmq5qunpnelbz5tk1v55v5te.bx.internal.cloudapp.net@EXAMPLE.COM (auth:KERBEROS) from fv-az1041-405.cgqmq5qunpnelbz5tk1v55v5te.bx.internal.cloudapp.net:36821 / 10.1.0.11:36821
2024-07-06 11:53:59,770 [Socket Reader #1 for port 15002] INFO  authorize.ServiceAuthorizationManager (ServiceAuthorizationManager.java:authorize(137)) - Authorization successful for scm/fv-az1041-405.cgqmq5qunpnelbz5tk1v55v5te.bx.internal.cloudapp.net@EXAMPLE.COM (auth:KERBEROS) for protocol=interface org.apache.hadoop.hdds.protocol.SecretKeyProtocolDatanode
2024-07-06 11:53:59,771 [main] INFO  symmetric.DefaultSecretKeySignerClient (DefaultSecretKeySignerClient.java:start(84)) - Initial secret key fetched from SCM: SecretKey(id = 07f30150-c6a4-43bf-bd88-676218c15e9e, creation at: 2024-07-06T11:53:59.368Z, expire at: 2024-07-06T11:54:02.368Z).
2024-07-06 11:53:59,771 [main] INFO  symmetric.DefaultSecretKeySignerClient (DefaultSecretKeySignerClient.java:scheduleSecretKeyPoller(150)) - Scheduling SecretKeyPoller with initial delay of PT0.596503167S and interval of PT0.1S
2024-07-06 11:53:59,773 [main] INFO  upgrade.AbstractLayoutVersionManager (AbstractLayoutVersionManager.java:init(83)) - Initializing Layout version manager with metadata layout = HADOOP_PRC_PORTS_IN_DATANODEDETAILS (version = 7), software layout = HADOOP_PRC_PORTS_IN_DATANODEDETAILS (version = 7)
2024-07-06 11:53:59,775 [main] INFO  ha.SCMNodeInfo (SCMNodeInfo.java:getPort(197)) - ConfigKey ozone.scm.client.address is deprecated, For configuring different ports for each SCM use PortConfigKey ozone.scm.client.port appended with serviceId and nodeId
2024-07-06 11:53:59,775 [main] INFO  ha.SCMNodeInfo (SCMNodeInfo.java:getPort(197)) - ConfigKey ozone.scm.block.client.address is deprecated, For configuring different ports for each SCM use PortConfigKey ozone.scm.block.client.port appended with serviceId and nodeId
2024-07-06 11:53:59,776 [main] INFO  ha.SCMNodeInfo (SCMNodeInfo.java:getPort(197)) - ConfigKey ozone.scm.security.service.address is deprecated, For configuring different ports for each SCM use PortConfigKey ozone.scm.security.service.port appended with serviceId and nodeId
2024-07-06 11:53:59,776 [main] INFO  ha.SCMNodeInfo (SCMNodeInfo.java:getPort(197)) - ConfigKey ozone.scm.datanode.address is deprecated, For configuring different ports for each SCM use PortConfigKey ozone.scm.datanode.port appended with serviceId and nodeId
2024-07-06 11:53:59,776 [main] INFO  ha.SCMNodeInfo (SCMNodeInfo.java:getPort(197)) - ConfigKey ozone.scm.client.address is deprecated, For configuring different ports for each SCM use PortConfigKey ozone.scm.client.port appended with serviceId and nodeId
2024-07-06 11:53:59,776 [main] INFO  ha.SCMNodeInfo (SCMNodeInfo.java:getPort(197)) - ConfigKey ozone.scm.block.client.address is deprecated, For configuring different ports for each SCM use PortConfigKey ozone.scm.block.client.port appended with serviceId and nodeId
2024-07-06 11:53:59,776 [main] INFO  ha.SCMNodeInfo (SCMNodeInfo.java:getPort(197)) - ConfigKey ozone.scm.security.service.address is deprecated, For configuring different ports for each SCM use PortConfigKey ozone.scm.security.service.port appended with serviceId and nodeId
2024-07-06 11:53:59,776 [main] INFO  ha.SCMNodeInfo (SCMNodeInfo.java:getPort(197)) - ConfigKey ozone.scm.datanode.address is deprecated, For configuring different ports for each SCM use PortConfigKey ozone.scm.datanode.port appended with serviceId and nodeId
2024-07-06 11:53:59,776 [main] INFO  ha.SCMNodeInfo (SCMNodeInfo.java:getPort(197)) - ConfigKey ozone.scm.client.address is deprecated, For configuring different ports for each SCM use PortConfigKey ozone.scm.client.port appended with serviceId and nodeId
2024-07-06 11:53:59,776 [main] INFO  ha.SCMNodeInfo (SCMNodeInfo.java:getPort(197)) - ConfigKey ozone.scm.block.client.address is deprecated, For configuring different ports for each SCM use PortConfigKey ozone.scm.block.client.port appended with serviceId and nodeId
2024-07-06 11:53:59,776 [main] INFO  ha.SCMNodeInfo (SCMNodeInfo.java:getPort(197)) - ConfigKey ozone.scm.security.service.address is deprecated, For configuring different ports for each SCM use PortConfigKey ozone.scm.security.service.port appended with serviceId and nodeId
2024-07-06 11:53:59,777 [main] INFO  ha.SCMNodeInfo (SCMNodeInfo.java:getPort(197)) - ConfigKey ozone.scm.datanode.address is deprecated, For configuring different ports for each SCM use PortConfigKey ozone.scm.datanode.port appended with serviceId and nodeId
2024-07-06 11:53:59,777 [main] INFO  statemachine.DatanodeStateMachine (DatanodeStateMachine.java:getEndPointTaskThreadPoolSize(293)) - Datanode State Machine Task Thread Pool size 4
2024-07-06 11:53:59,821 [main] INFO  volume.HddsVolume (HddsVolume.java:<init>(126)) - Creating HddsVolume: /home/runner/work/ozone/ozone/hadoop-ozone/integration-test/target/test-dir/MiniOzoneClusterImpl-23934d72-33be-4118-bcff-1eb1b476413a/ozone-meta/datanode-1/data-0/hdds of storage type : DISK capacity : 9222449699674390527
2024-07-06 11:53:59,822 [main] INFO  volume.MutableVolumeSet (MutableVolumeSet.java:initializeVolumeSet(173)) - Added Volume : /home/runner/work/ozone/ozone/hadoop-ozone/integration-test/target/test-dir/MiniOzoneClusterImpl-23934d72-33be-4118-bcff-1eb1b476413a/ozone-meta/datanode-1/data-0/hdds to VolumeSet
2024-07-06 11:53:59,824 [main] INFO  volume.MutableVolumeSet (MutableVolumeSet.java:initializeVolumeSet(173)) - Added Volume : /home/runner/work/ozone/ozone/hadoop-ozone/integration-test/target/test-dir/MiniOzoneClusterImpl-23934d72-33be-4118-bcff-1eb1b476413a/ozone-meta/datanode-1/ratis to VolumeSet
2024-07-06 11:53:59,827 [main] INFO  ozoneimpl.OzoneContainer (HddsVolumeUtil.java:loadAllHddsVolumeDbStore(103)) - Load 1 volumes DbStore cost: 1ms
2024-07-06 11:53:59,866 [main] INFO  audit.AuditLogger (AuditLogger.java:refreshDebugCmdSet(135)) - Refresh DebugCmdSet for DNAudit to [].
2024-07-06 11:53:59,887 [main] INFO  server.RaftServer (ConfUtils.java:logGet(46)) - raft.rpc.type = GRPC (default)
2024-07-06 11:53:59,887 [main] INFO  grpc.GrpcConfigKeys (ConfUtils.java:logFallback(53)) - raft.grpc.admin.host = null (fallback to raft.grpc.server.host)
2024-07-06 11:53:59,887 [main] INFO  grpc.GrpcConfigKeys (ConfUtils.java:logGet(46)) - raft.grpc.admin.port = 15045 (custom)
2024-07-06 11:53:59,887 [main] INFO  grpc.GrpcConfigKeys (ConfUtils.java:logFallback(53)) - raft.grpc.client.host = null (fallback to raft.grpc.server.host)
2024-07-06 11:53:59,887 [main] INFO  grpc.GrpcConfigKeys (ConfUtils.java:logGet(46)) - raft.grpc.client.port = 15044 (custom)
2024-07-06 11:53:59,887 [main] INFO  grpc.GrpcConfigKeys (ConfUtils.java:logGet(46)) - raft.grpc.server.host = null (default)
2024-07-06 11:53:59,887 [main] INFO  grpc.GrpcConfigKeys (ConfUtils.java:logGet(46)) - raft.grpc.server.port = 15046 (custom)
2024-07-06 11:53:59,887 [main] INFO  server.GrpcService (ConfUtils.java:logGet(46)) - raft.grpc.message.size.max = 32MB (=33554432) (custom)
2024-07-06 11:53:59,888 [main] INFO  server.RaftServerConfigKeys (ConfUtils.java:logGet(46)) - raft.server.log.appender.buffer.byte-limit = 8388608 (custom)
2024-07-06 11:53:59,888 [main] INFO  server.GrpcService (ConfUtils.java:logGet(46)) - raft.grpc.flow.control.window = 5MB (=5242880) (custom)
2024-07-06 11:53:59,888 [main] INFO  server.RaftServerConfigKeys (ConfUtils.java:logGet(46)) - raft.server.rpc.request.timeout = 60s (custom)
2024-07-06 11:53:59,888 [main] INFO  grpc.GrpcConfigKeys (ConfUtils.java:logGet(46)) - raft.grpc.server.heartbeat.channel = true (default)
2024-07-06 11:53:59,888 [main] INFO  grpc.GrpcConfigKeys (ConfUtils.java:logGet(46)) - raft.grpc.server.async.request.thread.pool.cached = true (default)
2024-07-06 11:53:59,888 [main] INFO  grpc.GrpcConfigKeys (ConfUtils.java:logGet(46)) - raft.grpc.server.async.request.thread.pool.size = 32 (default)
2024-07-06 11:53:59,889 [main] INFO  impl.DataStreamServerImpl (ConfUtils.java:logGet(46)) - raft.datastream.type = NETTY (custom)
2024-07-06 11:53:59,898 [main] INFO  server.RaftServerConfigKeys (ConfUtils.java:logGet(46)) - raft.server.data-stream.async.request.thread.pool.cached = false (default)
2024-07-06 11:53:59,898 [main] INFO  server.RaftServerConfigKeys (ConfUtils.java:logGet(46)) - raft.server.data-stream.async.request.thread.pool.size = 20 (custom)
2024-07-06 11:53:59,899 [main] INFO  server.RaftServerConfigKeys (ConfUtils.java:logGet(46)) - raft.server.data-stream.async.write.thread.pool.size = 16 (default)
2024-07-06 11:53:59,899 [main] INFO  netty.NettyConfigKeys$DataStream (ConfUtils.java:logGet(46)) - raft.netty.dataStream.server.channel.inactive.grace-period = 10min (default)
2024-07-06 11:53:59,900 [main] INFO  server.RaftServerConfigKeys (ConfUtils.java:logGet(46)) - raft.server.data-stream.client.pool.size = 10 (default)
2024-07-06 11:53:59,901 [main] INFO  netty.NettyConfigKeys$DataStream (ConfUtils.java:logGet(46)) - raft.netty.dataStream.server.use-epoll = true (default)
2024-07-06 11:53:59,901 [main] INFO  netty.NettyConfigKeys$DataStream (ConfUtils.java:logGet(46)) - raft.netty.dataStream.server.boss-group.size = 0 (default)
2024-07-06 11:53:59,901 [main] INFO  netty.NettyUtils (NettyUtils.java:newEventLoopGroup(74)) - Create EpollEventLoopGroup for 8dbb38fd-cb5c-434d-a416-d5257da8c780-NettyServerStreamRpc-bossGroup; Thread size is 0.
2024-07-06 11:53:59,902 [main] INFO  netty.NettyConfigKeys$DataStream (ConfUtils.java:logGet(46)) - raft.netty.dataStream.server.worker-group.size = 0 (default)
2024-07-06 11:53:59,902 [main] INFO  netty.NettyUtils (NettyUtils.java:newEventLoopGroup(74)) - Create EpollEventLoopGroup for 8dbb38fd-cb5c-434d-a416-d5257da8c780-NettyServerStreamRpc-workerGroup; Thread size is 0.
2024-07-06 11:53:59,902 [main] INFO  netty.NettyConfigKeys$DataStream (ConfUtils.java:logGet(46)) - raft.netty.dataStream.server.tls.conf = null (default)
2024-07-06 11:53:59,903 [main] INFO  netty.NettyConfigKeys$DataStream (ConfUtils.java:logGet(46)) - raft.netty.dataStream.host = null (default)
2024-07-06 11:53:59,903 [main] INFO  netty.NettyConfigKeys$DataStream (ConfUtils.java:logGet(46)) - raft.netty.dataStream.port = 15047 (custom)
2024-07-06 11:53:59,906 [main] INFO  server.RaftServerConfigKeys (ConfUtils.java:logGet(46)) - raft.server.sleep.deviation.threshold = 300ms (default)
2024-07-06 11:53:59,906 [main] INFO  server.RaftServerConfigKeys (ConfUtils.java:logGet(46)) - raft.server.close.threshold = 60s (default)
2024-07-06 11:53:59,907 [main] INFO  server.RaftServerConfigKeys (ConfUtils.java:logGet(46)) - raft.server.leaderelection.leader.step-down.wait-time = 10s (default)
2024-07-06 11:53:59,907 [main] INFO  server.RaftServerConfigKeys (ConfUtils.java:logGet(46)) - raft.server.storage.dir = [/home/runner/work/ozone/ozone/hadoop-ozone/integration-test/target/test-dir/MiniOzoneClusterImpl-23934d72-33be-4118-bcff-1eb1b476413a/ozone-meta/datanode-1/ratis] (custom)
2024-07-06 11:53:59,907 [main] INFO  server.RaftServerConfigKeys (ConfUtils.java:logGet(46)) - raft.server.threadpool.proxy.cached = true (default)
2024-07-06 11:53:59,907 [main] INFO  server.RaftServerConfigKeys (ConfUtils.java:logGet(46)) - raft.server.threadpool.proxy.size = 0 (default)
2024-07-06 11:53:59,907 [8dbb38fd-cb5c-434d-a416-d5257da8c780-impl-thread1] INFO  server.RaftServer (RaftServerProxy.java:initGroupDir(266)) - 8dbb38fd-cb5c-434d-a416-d5257da8c780: found a subdirectory /home/runner/work/ozone/ozone/hadoop-ozone/integration-test/target/test-dir/MiniOzoneClusterImpl-23934d72-33be-4118-bcff-1eb1b476413a/ozone-meta/datanode-1/ratis/tmp
2024-07-06 11:53:59,908 [8dbb38fd-cb5c-434d-a416-d5257da8c780-impl-thread1] INFO  server.RaftServer (RaftServerProxy.java:initGroupDir(271)) - 8dbb38fd-cb5c-434d-a416-d5257da8c780: The directory /home/runner/work/ozone/ozone/hadoop-ozone/integration-test/target/test-dir/MiniOzoneClusterImpl-23934d72-33be-4118-bcff-1eb1b476413a/ozone-meta/datanode-1/ratis/tmp is not a group directory; ignoring it. 
2024-07-06 11:53:59,909 [main] INFO  replication.ReplicationServer (ReplicationServer.java:<init>(86)) - Initializing replication server with thread count = 10 queue length = 4096
2024-07-06 11:53:59,916 [8dbb38fd-cb5c-434d-a416-d5257da8c780-NettyServerStreamRpc-bossGroup--thread1] INFO  logging.LoggingHandler (AbstractInternalLogger.java:log(148)) - [id: 0x6f065045] REGISTERED
2024-07-06 11:53:59,916 [8dbb38fd-cb5c-434d-a416-d5257da8c780-NettyServerStreamRpc-bossGroup--thread1] INFO  logging.LoggingHandler (AbstractInternalLogger.java:log(148)) - [id: 0x6f065045] BIND: 0.0.0.0/0.0.0.0:15047
2024-07-06 11:53:59,916 [8dbb38fd-cb5c-434d-a416-d5257da8c780-NettyServerStreamRpc-bossGroup--thread1] INFO  logging.LoggingHandler (AbstractInternalLogger.java:log(148)) - [id: 0x6f065045, L:/0.0.0.0:15047] ACTIVE
2024-07-06 11:53:59,924 [main] INFO  server.XceiverServerGrpc (XceiverServerGrpc.java:<init>(141)) - GrpcServer channel type EpollServerSocketChannel
2024-07-06 11:53:59,946 [main] INFO  replication.ReplicationSupervisor (ReplicationSupervisor.java:build(157)) - Initializing replication supervisor with thread count = 10
2024-07-06 11:53:59,947 [main] INFO  replication.ReplicationSupervisor (ReplicationSupervisor.java:nodeStateUpdated(312)) - Node state updated to IN_SERVICE, scaling executor pool size to 10
2024-07-06 11:53:59,999 [main] INFO  http.BaseHttpServer (BaseHttpServer.java:newHttpServer2BuilderForOzone(223)) - Starting Web-server for hddsDatanode at: http://0.0.0.0:15041
2024-07-06 11:53:59,999 [main] INFO  http.BaseHttpServer (BaseHttpServer.java:<init>(110)) - Hadoop Security Enabled: true Ozone Security Enabled: true Ozone HTTP Security Enabled: false 
2024-07-06 11:54:00,002 [main] WARN  server.AuthenticationFilter (AuthenticationFilter.java:constructSecretProvider(240)) - Unable to initialize FileSignerSecretProvider, falling back to use random secrets. Reason: Could not read signature secret file: /home/runner/hadoop-http-auth-signature-secret
2024-07-06 11:54:00,005 [main] INFO  http.HttpRequestLog (HttpRequestLog.java:getRequestLog(86)) - Http request log for http.requests.hddsDatanode is not defined
2024-07-06 11:54:00,006 [main] INFO  http.HttpServer2 (HttpServer2.java:addGlobalFilter(1036)) - Added global filter 'safety' (class=org.apache.hadoop.hdds.server.http.HttpServer2$QuotingInputFilter)
2024-07-06 11:54:00,007 [main] INFO  http.HttpServer2 (HttpServer2.java:addFilter(1012)) - Added filter static_user_filter (class=org.apache.hadoop.http.lib.StaticUserWebFilter$StaticUserFilter) to context hddsDatanode
2024-07-06 11:54:00,007 [main] INFO  http.HttpServer2 (HttpServer2.java:addFilter(1020)) - Added filter static_user_filter (class=org.apache.hadoop.http.lib.StaticUserWebFilter$StaticUserFilter) to context static
2024-07-06 11:54:00,007 [main] INFO  http.HttpServer2 (HttpServer2.java:addFilter(1020)) - Added filter static_user_filter (class=org.apache.hadoop.http.lib.StaticUserWebFilter$StaticUserFilter) to context logs
2024-07-06 11:54:00,008 [main] INFO  http.BaseHttpServer (BaseHttpServer.java:<init>(189)) - HTTP server of hddsDatanode uses base directory /home/runner/work/ozone/ozone/hadoop-ozone/integration-test/target/test-dir/MiniOzoneClusterImpl-23934d72-33be-4118-bcff-1eb1b476413a/ozone-meta/datanode-1/meta/webserver
2024-07-06 11:54:00,008 [main] INFO  http.HttpServer2 (HttpServer2.java:bindListener(1236)) - Jetty bound to port 15041
2024-07-06 11:54:00,009 [main] INFO  server.Server (Server.java:doStart(375)) - jetty-9.4.55.v20240627; built: 2024-06-27T15:05:37.765Z; git: 70015831e5195ba74da6383c4ab7c90c56bb08af; jvm 17.0.11+9
2024-07-06 11:54:00,013 [main] INFO  server.session (DefaultSessionIdManager.java:doStart(334)) - DefaultSessionIdManager workerName=node0
2024-07-06 11:54:00,013 [main] INFO  server.session (DefaultSessionIdManager.java:doStart(339)) - No SessionScavenger set, using defaults
2024-07-06 11:54:00,014 [main] INFO  server.session (HouseKeeper.java:startScavenging(132)) - node0 Scavenging every 660000ms
2024-07-06 11:54:00,014 [main] INFO  handler.ContextHandler (ContextHandler.java:doStart(921)) - Started o.e.j.s.ServletContextHandler@7423becb{logs,/logs,file:///home/runner/work/ozone/ozone/hadoop-ozone/integration-test/target/log,AVAILABLE}
2024-07-06 11:54:00,014 [main] INFO  handler.ContextHandler (ContextHandler.java:doStart(921)) - Started o.e.j.s.ServletContextHandler@87b341b{static,/static,jar:file:/home/runner/work/ozone/ozone/hadoop-hdds/container-service/target/hdds-container-service-1.5.0-SNAPSHOT.jar!/webapps/static,AVAILABLE}
2024-07-06 11:54:00,194 [main] INFO  handler.ContextHandler (ContextHandler.java:doStart(921)) - Started o.e.j.w.WebAppContext@74f29818{hddsDatanode,/,file:///home/runner/work/ozone/ozone/hadoop-ozone/integration-test/target/test-dir/MiniOzoneClusterImpl-23934d72-33be-4118-bcff-1eb1b476413a/ozone-meta/datanode-1/meta/webserver/jetty-0_0_0_0-15041-hdds-container-service-1_5_0-SNAPSHOT_jar-_-any-6787997317425656345/webapp/,AVAILABLE}{jar:file:/home/runner/work/ozone/ozone/hadoop-hdds/container-service/target/hdds-container-service-1.5.0-SNAPSHOT.jar!/webapps/hddsDatanode}
2024-07-06 11:54:00,194 [main] INFO  server.AbstractConnector (AbstractConnector.java:doStart(333)) - Started ServerConnector@609b91b4{HTTP/1.1, (http/1.1)}{0.0.0.0:15041}
2024-07-06 11:54:00,194 [main] INFO  server.Server (Server.java:doStart(415)) - Started @25399ms
2024-07-06 11:54:00,194 [main] WARN  impl.MetricsSystemImpl (MetricsSystemImpl.java:register(279)) - Sink prometheus already exists!
2024-07-06 11:54:00,195 [main] INFO  http.BaseHttpServer (BaseHttpServer.java:updateConnectorAddress(354)) - HTTP server of hddsDatanode listening at http://0.0.0.0:15041
2024-07-06 11:54:00,197 [main] INFO  ipc.CallQueueManager (CallQueueManager.java:<init>(90)) - Using callQueue: class java.util.concurrent.LinkedBlockingQueue, queueCapacity: 100, scheduler: class org.apache.hadoop.ipc.DefaultRpcScheduler, ipcBackoff: false.
2024-07-06 11:54:00,198 [main] INFO  ipc.Server (Server.java:<init>(1287)) - Listener at 0.0.0.0:15042
2024-07-06 11:54:00,198 [Socket Reader #1 for port 15042] INFO  ipc.Server (Server.java:run(1323)) - Starting Socket Reader #1 for port 15042
2024-07-06 11:54:00,202 [main] INFO  ozone.HddsDatanodeService (HddsDatanodeService.java:start(320)) - Datanode start with admins: [runner, scm]
2024-07-06 11:54:00,202 [main] INFO  ozone.HddsDatanodeClientProtocolServer (HddsDatanodeClientProtocolServer.java:start(77)) - RPC server for Client /0.0.0.0:15042
2024-07-06 11:54:00,202 [IPC Server Responder] INFO  ipc.Server (Server.java:run(1562)) - IPC Server Responder: starting
2024-07-06 11:54:00,202 [IPC Server listener on 15042] INFO  ipc.Server (Server.java:run(1402)) - IPC Server listener on 15042: starting
2024-07-06 11:54:00,203 [8dbb38fd-cb5c-434d-a416-d5257da8c780-DatanodeStateMachineDaemonThread] INFO  statemachine.DatanodeStateMachine (DatanodeStateMachine.java:lambda$startDaemon$1(545)) - Ozone container server started.
2024-07-06 11:54:00,203 [main] WARN  dropwizard3.Dm3MetricRegistriesImpl (Dm3MetricRegistriesImpl.java:addReporterRegistration(114)) - New reporters are added after registries were created. Some metrics will be missing from the reporter. Please add reporter before adding any new registry.
2024-07-06 11:54:00,203 [main] WARN  dropwizard3.Dm3MetricRegistriesImpl (Dm3MetricRegistriesImpl.java:addReporterRegistration(114)) - New reporters are added after registries were created. Some metrics will be missing from the reporter. Please add reporter before adding any new registry.
2024-07-06 11:54:00,203 [main] INFO  impl.MetricsSystemImpl (MetricsSystemImpl.java:init(158)) - HddsDatanode metrics system started (again)
2024-07-06 11:54:00,217 [main] INFO  ozone.HddsDatanodeService (HddsDatanodeService.java:start(236)) - HddsDatanodeService host:fv-az1041-405.cgqmq5qunpnelbz5tk1v55v5te.bx.internal.cloudapp.net ip:10.1.0.11
2024-07-06 11:54:00,217 [main] INFO  ozone.HddsDatanodeService (HddsDatanodeService.java:start(244)) - Ozone security is enabled. Attempting login for Hdds Datanode user. Principal: scm/fv-az1041-405.cgqmq5qunpnelbz5tk1v55v5te.bx.internal.cloudapp.net@EXAMPLE.COM,keytab: /tmp/junit11704107737849160114/scm.keytab
2024-07-06 11:54:00,220 [pool-1-thread-2] INFO  request.KdcRequest (KdcRequest.java:preauth(651)) - The preauth data is empty.
2024-07-06 11:54:00,221 [pool-1-thread-2] INFO  server.KdcHandler (KdcHandler.java:handleRecoverableException(177)) - KRB error occurred while processing request:Additional pre-authentication required
2024-07-06 11:54:00,222 [8dbb38fd-cb5c-434d-a416-d5257da8c780-DatanodeStateMachineTaskThread-0] INFO  ha.SCMNodeInfo (SCMNodeInfo.java:getPort(197)) - ConfigKey ozone.scm.client.address is deprecated, For configuring different ports for each SCM use PortConfigKey ozone.scm.client.port appended with serviceId and nodeId
2024-07-06 11:54:00,225 [8dbb38fd-cb5c-434d-a416-d5257da8c780-DatanodeStateMachineTaskThread-0] INFO  ha.SCMNodeInfo (SCMNodeInfo.java:getPort(197)) - ConfigKey ozone.scm.block.client.address is deprecated, For configuring different ports for each SCM use PortConfigKey ozone.scm.block.client.port appended with serviceId and nodeId
2024-07-06 11:54:00,225 [8dbb38fd-cb5c-434d-a416-d5257da8c780-DatanodeStateMachineTaskThread-0] INFO  ha.SCMNodeInfo (SCMNodeInfo.java:getPort(197)) - ConfigKey ozone.scm.security.service.address is deprecated, For configuring different ports for each SCM use PortConfigKey ozone.scm.security.service.port appended with serviceId and nodeId
2024-07-06 11:54:00,225 [8dbb38fd-cb5c-434d-a416-d5257da8c780-DatanodeStateMachineTaskThread-0] INFO  ha.SCMNodeInfo (SCMNodeInfo.java:getPort(197)) - ConfigKey ozone.scm.datanode.address is deprecated, For configuring different ports for each SCM use PortConfigKey ozone.scm.datanode.port appended with serviceId and nodeId
2024-07-06 11:54:00,225 [8dbb38fd-cb5c-434d-a416-d5257da8c780-DatanodeStateMachineTaskThread-0] INFO  ha.SCMNodeInfo (SCMNodeInfo.java:getPort(197)) - ConfigKey ozone.scm.client.address is deprecated, For configuring different ports for each SCM use PortConfigKey ozone.scm.client.port appended with serviceId and nodeId
2024-07-06 11:54:00,225 [8dbb38fd-cb5c-434d-a416-d5257da8c780-DatanodeStateMachineTaskThread-0] INFO  ha.SCMNodeInfo (SCMNodeInfo.java:getPort(197)) - ConfigKey ozone.scm.block.client.address is deprecated, For configuring different ports for each SCM use PortConfigKey ozone.scm.block.client.port appended with serviceId and nodeId
2024-07-06 11:54:00,225 [8dbb38fd-cb5c-434d-a416-d5257da8c780-DatanodeStateMachineTaskThread-0] INFO  ha.SCMNodeInfo (SCMNodeInfo.java:getPort(197)) - ConfigKey ozone.scm.security.service.address is deprecated, For configuring different ports for each SCM use PortConfigKey ozone.scm.security.service.port appended with serviceId and nodeId
2024-07-06 11:54:00,225 [8dbb38fd-cb5c-434d-a416-d5257da8c780-DatanodeStateMachineTaskThread-0] INFO  ha.SCMNodeInfo (SCMNodeInfo.java:getPort(197)) - ConfigKey ozone.scm.datanode.address is deprecated, For configuring different ports for each SCM use PortConfigKey ozone.scm.datanode.port appended with serviceId and nodeId
2024-07-06 11:54:00,225 [8dbb38fd-cb5c-434d-a416-d5257da8c780-DatanodeStateMachineTaskThread-0] INFO  ha.SCMNodeInfo (SCMNodeInfo.java:getPort(197)) - ConfigKey ozone.scm.client.address is deprecated, For configuring different ports for each SCM use PortConfigKey ozone.scm.client.port appended with serviceId and nodeId
2024-07-06 11:54:00,225 [8dbb38fd-cb5c-434d-a416-d5257da8c780-DatanodeStateMachineTaskThread-0] INFO  ha.SCMNodeInfo (SCMNodeInfo.java:getPort(197)) - ConfigKey ozone.scm.block.client.address is deprecated, For configuring different ports for each SCM use PortConfigKey ozone.scm.block.client.port appended with serviceId and nodeId
2024-07-06 11:54:00,225 [8dbb38fd-cb5c-434d-a416-d5257da8c780-DatanodeStateMachineTaskThread-0] INFO  ha.SCMNodeInfo (SCMNodeInfo.java:getPort(197)) - ConfigKey ozone.scm.security.service.address is deprecated, For configuring different ports for each SCM use PortConfigKey ozone.scm.security.service.port appended with serviceId and nodeId
2024-07-06 11:54:00,225 [8dbb38fd-cb5c-434d-a416-d5257da8c780-DatanodeStateMachineTaskThread-0] INFO  ha.SCMNodeInfo (SCMNodeInfo.java:getPort(197)) - ConfigKey ozone.scm.datanode.address is deprecated, For configuring different ports for each SCM use PortConfigKey ozone.scm.datanode.port appended with serviceId and nodeId
2024-07-06 11:54:00,223 [pool-1-thread-2] INFO  request.AsRequest (AsRequest.java:issueTicket(112)) - AS_REQ ISSUE: authtime 1720266840223,scm/fv-az1041-405.cgqmq5qunpnelbz5tk1v55v5te.bx.internal.cloudapp.net@EXAMPLE.COM for krbtgt/EXAMPLE.COM@EXAMPLE.COM
2024-07-06 11:54:00,228 [main] INFO  security.UserGroupInformation (UserGroupInformation.java:loginUserFromKeytab(1132)) - Login successful for user scm/fv-az1041-405.cgqmq5qunpnelbz5tk1v55v5te.bx.internal.cloudapp.net@EXAMPLE.COM using keytab file scm.keytab. Keytab auto renewal enabled : false
2024-07-06 11:54:00,228 [main] INFO  ozone.HddsDatanodeService (HddsDatanodeService.java:start(262)) - Hdds Datanode login successful.
2024-07-06 11:54:00,230 [main] INFO  ozone.HddsDatanodeService (HddsDatanodeService.java:initializeCertificateClient(381)) - Initializing secure Datanode.
2024-07-06 11:54:00,231 [main] INFO  ha.SCMNodeInfo (SCMNodeInfo.java:getPort(197)) - ConfigKey ozone.scm.client.address is deprecated, For configuring different ports for each SCM use PortConfigKey ozone.scm.client.port appended with serviceId and nodeId
2024-07-06 11:54:00,231 [main] INFO  ha.SCMNodeInfo (SCMNodeInfo.java:getPort(197)) - ConfigKey ozone.scm.block.client.address is deprecated, For configuring different ports for each SCM use PortConfigKey ozone.scm.block.client.port appended with serviceId and nodeId
2024-07-06 11:54:00,231 [main] INFO  ha.SCMNodeInfo (SCMNodeInfo.java:getPort(197)) - ConfigKey ozone.scm.security.service.address is deprecated, For configuring different ports for each SCM use PortConfigKey ozone.scm.security.service.port appended with serviceId and nodeId
2024-07-06 11:54:00,231 [main] INFO  ha.SCMNodeInfo (SCMNodeInfo.java:getPort(197)) - ConfigKey ozone.scm.datanode.address is deprecated, For configuring different ports for each SCM use PortConfigKey ozone.scm.datanode.port appended with serviceId and nodeId
2024-07-06 11:54:00,231 [main] INFO  ha.SCMNodeInfo (SCMNodeInfo.java:getPort(197)) - ConfigKey ozone.scm.client.address is deprecated, For configuring different ports for each SCM use PortConfigKey ozone.scm.client.port appended with serviceId and nodeId
2024-07-06 11:54:00,231 [main] INFO  ha.SCMNodeInfo (SCMNodeInfo.java:getPort(197)) - ConfigKey ozone.scm.block.client.address is deprecated, For configuring different ports for each SCM use PortConfigKey ozone.scm.block.client.port appended with serviceId and nodeId
2024-07-06 11:54:00,231 [main] INFO  ha.SCMNodeInfo (SCMNodeInfo.java:getPort(197)) - ConfigKey ozone.scm.security.service.address is deprecated, For configuring different ports for each SCM use PortConfigKey ozone.scm.security.service.port appended with serviceId and nodeId
2024-07-06 11:54:00,231 [main] INFO  ha.SCMNodeInfo (SCMNodeInfo.java:getPort(197)) - ConfigKey ozone.scm.datanode.address is deprecated, For configuring different ports for each SCM use PortConfigKey ozone.scm.datanode.port appended with serviceId and nodeId
2024-07-06 11:54:00,231 [main] INFO  ha.SCMNodeInfo (SCMNodeInfo.java:getPort(197)) - ConfigKey ozone.scm.client.address is deprecated, For configuring different ports for each SCM use PortConfigKey ozone.scm.client.port appended with serviceId and nodeId
2024-07-06 11:54:00,231 [main] INFO  ha.SCMNodeInfo (SCMNodeInfo.java:getPort(197)) - ConfigKey ozone.scm.block.client.address is deprecated, For configuring different ports for each SCM use PortConfigKey ozone.scm.block.client.port appended with serviceId and nodeId
2024-07-06 11:54:00,232 [main] INFO  ha.SCMNodeInfo (SCMNodeInfo.java:getPort(197)) - ConfigKey ozone.scm.security.service.address is deprecated, For configuring different ports for each SCM use PortConfigKey ozone.scm.security.service.port appended with serviceId and nodeId
2024-07-06 11:54:00,232 [main] INFO  ha.SCMNodeInfo (SCMNodeInfo.java:getPort(197)) - ConfigKey ozone.scm.datanode.address is deprecated, For configuring different ports for each SCM use PortConfigKey ozone.scm.datanode.port appended with serviceId and nodeId
2024-07-06 11:54:00,233 [main] INFO  client.DNCertificateClient (DefaultCertificateClient.java:updateCertSerialId(1313)) - Certificate serial ID set to null
2024-07-06 11:54:00,233 [main] ERROR client.DNCertificateClient (DefaultCertificateClient.java:getCertPath(376)) - Default certificate serial id is not set. Can't locate the default certificate for this client.
2024-07-06 11:54:00,234 [main] INFO  client.DNCertificateClient (DefaultCertificateClient.java:init(720)) - Certificate client init case: 0
2024-07-06 11:54:00,234 [main] INFO  client.DNCertificateClient (DefaultCertificateClient.java:handleCase(738)) - Creating keypair for client as keypair and certificate not found.
2024-07-06 11:54:00,255 [8dbb38fd-cb5c-434d-a416-d5257da8c780-DatanodeStateMachineTaskThread-0] INFO  datanode.InitDatanodeState (InitDatanodeState.java:persistContainerDatanodeDetails(139)) - DatanodeDetails is persisted to /home/runner/work/ozone/ozone/hadoop-ozone/integration-test/target/test-dir/MiniOzoneClusterImpl-23934d72-33be-4118-bcff-1eb1b476413a/ozone-meta/datanode-1/meta/datanode.id
2024-07-06 11:54:00,368 [scmNode-1-SecretKeyManagerService] INFO  symmetric.SecretKeyManager (SecretKeyManager.java:checkAndRotate(125)) - SecretKey rotation is happening, new key generated SecretKey(id = 864f37e4-a748-40e5-b9b8-f6789e273372, creation at: 2024-07-06T11:54:00.368029074Z, expire at: 2024-07-06T11:54:03.368029074Z)
2024-07-06 11:54:00,374 [eb66df86-6ffc-4e53-b873-cb2b44d5f35d@group-1EB1B476413A-StateMachineUpdater] INFO  symmetric.SecretKeyStateImpl (SecretKeyStateImpl.java:updateKeysInternal(113)) - Updating keys with [SecretKey(id = 07f30150-c6a4-43bf-bd88-676218c15e9e, creation at: 2024-07-06T11:53:59.368Z, expire at: 2024-07-06T11:54:02.368Z), SecretKey(id = 48e0f1e2-67f9-4abb-af78-e1115f3c0e61, creation at: 2024-07-06T11:53:58.368Z, expire at: 2024-07-06T11:54:01.368Z), SecretKey(id = 864f37e4-a748-40e5-b9b8-f6789e273372, creation at: 2024-07-06T11:54:00.368Z, expire at: 2024-07-06T11:54:03.368Z)]
2024-07-06 11:54:00,374 [eb66df86-6ffc-4e53-b873-cb2b44d5f35d@group-1EB1B476413A-StateMachineUpdater] INFO  symmetric.SecretKeyStateImpl (SecretKeyStateImpl.java:updateKeysInternal(128)) - Current key updated SecretKey(id = 864f37e4-a748-40e5-b9b8-f6789e273372, creation at: 2024-07-06T11:54:00.368Z, expire at: 2024-07-06T11:54:03.368Z)
2024-07-06 11:54:00,375 [eb66df86-6ffc-4e53-b873-cb2b44d5f35d@group-1EB1B476413A-StateMachineUpdater] INFO  symmetric.LocalSecretKeyStore (LocalSecretKeyStore.java:save(109)) - Saved [SecretKey(id = 864f37e4-a748-40e5-b9b8-f6789e273372, creation at: 2024-07-06T11:54:00.368Z, expire at: 2024-07-06T11:54:03.368Z), SecretKey(id = 07f30150-c6a4-43bf-bd88-676218c15e9e, creation at: 2024-07-06T11:53:59.368Z, expire at: 2024-07-06T11:54:02.368Z), SecretKey(id = 48e0f1e2-67f9-4abb-af78-e1115f3c0e61, creation at: 2024-07-06T11:53:58.368Z, expire at: 2024-07-06T11:54:01.368Z)] to file /home/runner/work/ozone/ozone/hadoop-ozone/integration-test/target/test-dir/MiniOzoneClusterImpl-23934d72-33be-4118-bcff-1eb1b476413a/scmNode-1/scm/keys/secret_keys.json
2024-07-06 11:54:00,375 [eb66df86-6ffc-4e53-b873-cb2b44d5f35d@group-1EB1B476413A-StateMachineUpdater] INFO  safemode.HealthyPipelineSafeModeRule (HealthyPipelineSafeModeRule.java:initializeRule(172)) - Refreshed total pipeline count is 0, healthy pipeline threshold count is 1
2024-07-06 11:54:00,378 [41075d7a-0d70-4fa2-ba46-cbc672699b06@group-1EB1B476413A-StateMachineUpdater] INFO  symmetric.SecretKeyStateImpl (SecretKeyStateImpl.java:updateKeysInternal(113)) - Updating keys with [SecretKey(id = 07f30150-c6a4-43bf-bd88-676218c15e9e, creation at: 2024-07-06T11:53:59.368Z, expire at: 2024-07-06T11:54:02.368Z), SecretKey(id = 48e0f1e2-67f9-4abb-af78-e1115f3c0e61, creation at: 2024-07-06T11:53:58.368Z, expire at: 2024-07-06T11:54:01.368Z), SecretKey(id = 864f37e4-a748-40e5-b9b8-f6789e273372, creation at: 2024-07-06T11:54:00.368Z, expire at: 2024-07-06T11:54:03.368Z)]
2024-07-06 11:54:00,378 [41075d7a-0d70-4fa2-ba46-cbc672699b06@group-1EB1B476413A-StateMachineUpdater] INFO  symmetric.SecretKeyStateImpl (SecretKeyStateImpl.java:updateKeysInternal(128)) - Current key updated SecretKey(id = 864f37e4-a748-40e5-b9b8-f6789e273372, creation at: 2024-07-06T11:54:00.368Z, expire at: 2024-07-06T11:54:03.368Z)
2024-07-06 11:54:00,378 [39a46239-dc5f-49f3-8624-e36d450519bc@group-1EB1B476413A-StateMachineUpdater] INFO  symmetric.SecretKeyStateImpl (SecretKeyStateImpl.java:updateKeysInternal(113)) - Updating keys with [SecretKey(id = 07f30150-c6a4-43bf-bd88-676218c15e9e, creation at: 2024-07-06T11:53:59.368Z, expire at: 2024-07-06T11:54:02.368Z), SecretKey(id = 48e0f1e2-67f9-4abb-af78-e1115f3c0e61, creation at: 2024-07-06T11:53:58.368Z, expire at: 2024-07-06T11:54:01.368Z), SecretKey(id = 864f37e4-a748-40e5-b9b8-f6789e273372, creation at: 2024-07-06T11:54:00.368Z, expire at: 2024-07-06T11:54:03.368Z)]
2024-07-06 11:54:00,379 [39a46239-dc5f-49f3-8624-e36d450519bc@group-1EB1B476413A-StateMachineUpdater] INFO  symmetric.SecretKeyStateImpl (SecretKeyStateImpl.java:updateKeysInternal(128)) - Current key updated SecretKey(id = 864f37e4-a748-40e5-b9b8-f6789e273372, creation at: 2024-07-06T11:54:00.368Z, expire at: 2024-07-06T11:54:03.368Z)
2024-07-06 11:54:00,379 [41075d7a-0d70-4fa2-ba46-cbc672699b06@group-1EB1B476413A-StateMachineUpdater] INFO  symmetric.LocalSecretKeyStore (LocalSecretKeyStore.java:save(109)) - Saved [SecretKey(id = 864f37e4-a748-40e5-b9b8-f6789e273372, creation at: 2024-07-06T11:54:00.368Z, expire at: 2024-07-06T11:54:03.368Z), SecretKey(id = 07f30150-c6a4-43bf-bd88-676218c15e9e, creation at: 2024-07-06T11:53:59.368Z, expire at: 2024-07-06T11:54:02.368Z), SecretKey(id = 48e0f1e2-67f9-4abb-af78-e1115f3c0e61, creation at: 2024-07-06T11:53:58.368Z, expire at: 2024-07-06T11:54:01.368Z)] to file /home/runner/work/ozone/ozone/hadoop-ozone/integration-test/target/test-dir/MiniOzoneClusterImpl-23934d72-33be-4118-bcff-1eb1b476413a/scmNode-2/scm/keys/secret_keys.json
2024-07-06 11:54:00,379 [41075d7a-0d70-4fa2-ba46-cbc672699b06@group-1EB1B476413A-StateMachineUpdater] INFO  safemode.HealthyPipelineSafeModeRule (HealthyPipelineSafeModeRule.java:initializeRule(172)) - Refreshed total pipeline count is 0, healthy pipeline threshold count is 1
2024-07-06 11:54:00,379 [39a46239-dc5f-49f3-8624-e36d450519bc@group-1EB1B476413A-StateMachineUpdater] INFO  symmetric.LocalSecretKeyStore (LocalSecretKeyStore.java:save(109)) - Saved [SecretKey(id = 864f37e4-a748-40e5-b9b8-f6789e273372, creation at: 2024-07-06T11:54:00.368Z, expire at: 2024-07-06T11:54:03.368Z), SecretKey(id = 07f30150-c6a4-43bf-bd88-676218c15e9e, creation at: 2024-07-06T11:53:59.368Z, expire at: 2024-07-06T11:54:02.368Z), SecretKey(id = 48e0f1e2-67f9-4abb-af78-e1115f3c0e61, creation at: 2024-07-06T11:53:58.368Z, expire at: 2024-07-06T11:54:01.368Z)] to file /home/runner/work/ozone/ozone/hadoop-ozone/integration-test/target/test-dir/MiniOzoneClusterImpl-23934d72-33be-4118-bcff-1eb1b476413a/scmNode-3/scm/keys/secret_keys.json
2024-07-06 11:54:00,379 [39a46239-dc5f-49f3-8624-e36d450519bc@group-1EB1B476413A-StateMachineUpdater] INFO  safemode.HealthyPipelineSafeModeRule (HealthyPipelineSafeModeRule.java:initializeRule(172)) - Refreshed total pipeline count is 0, healthy pipeline threshold count is 1
2024-07-06 11:54:00,469 [SecretKeyPoller] INFO  symmetric.DefaultSecretKeySignerClient (DefaultSecretKeySignerClient.java:checkAndRefresh(167)) - New secret key fetched from SCM: SecretKey(id = 864f37e4-a748-40e5-b9b8-f6789e273372, creation at: 2024-07-06T11:54:00.368Z, expire at: 2024-07-06T11:54:03.368Z).
2024-07-06 11:54:00,469 [om1-SecretKeyPoller] INFO  symmetric.DefaultSecretKeySignerClient (DefaultSecretKeySignerClient.java:checkAndRefresh(167)) - New secret key fetched from SCM: SecretKey(id = 864f37e4-a748-40e5-b9b8-f6789e273372, creation at: 2024-07-06T11:54:00.368Z, expire at: 2024-07-06T11:54:03.368Z).
2024-07-06 11:54:00,502 [om1@group-C5BA1605619E-FollowerState] INFO  impl.FollowerState (FollowerState.java:run(144)) - om1@group-C5BA1605619E-FollowerState: change to CANDIDATE, lastRpcElapsedTime:1164703904ns, electionTimeout:1164ms
2024-07-06 11:54:00,502 [om1@group-C5BA1605619E-FollowerState] INFO  impl.RoleInfo (RoleInfo.java:shutdownFollowerState(119)) - om1: shutdown om1@group-C5BA1605619E-FollowerState
2024-07-06 11:54:00,503 [om1@group-C5BA1605619E-FollowerState] INFO  server.RaftServer$Division (RaftServerImpl.java:setRole(376)) - om1@group-C5BA1605619E: changes role from  FOLLOWER to CANDIDATE at term 0 for changeToCandidate
2024-07-06 11:54:00,504 [om1@group-C5BA1605619E-FollowerState] INFO  server.RaftServerConfigKeys (ConfUtils.java:logGet(46)) - raft.server.leaderelection.pre-vote = true (default)
2024-07-06 11:54:00,504 [om1@group-C5BA1605619E-FollowerState] INFO  impl.RoleInfo (RoleInfo.java:updateAndGet(148)) - om1: start om1@group-C5BA1605619E-LeaderElection3
2024-07-06 11:54:00,507 [om1@group-C5BA1605619E-LeaderElection3] INFO  impl.LeaderElection (LeaderElection.java:askForVotes(321)) - om1@group-C5BA1605619E-LeaderElection3 PRE_VOTE round 0: submit vote requests at term 0 for conf: {index: -1, cur=peers:[om1|localhost:15039]|listeners:[], old=null}
2024-07-06 11:54:00,507 [om1@group-C5BA1605619E-LeaderElection3] INFO  impl.LeaderElection (LeaderElection.java:askForVotes(323)) - om1@group-C5BA1605619E-LeaderElection3 PRE_VOTE round 0: result PASSED (term=0)
2024-07-06 11:54:00,508 [om1@group-C5BA1605619E-LeaderElection3] INFO  impl.LeaderElection (LeaderElection.java:askForVotes(321)) - om1@group-C5BA1605619E-LeaderElection3 ELECTION round 0: submit vote requests at term 1 for conf: {index: -1, cur=peers:[om1|localhost:15039]|listeners:[], old=null}
2024-07-06 11:54:00,508 [om1@group-C5BA1605619E-LeaderElection3] INFO  impl.LeaderElection (LeaderElection.java:askForVotes(323)) - om1@group-C5BA1605619E-LeaderElection3 ELECTION round 0: result PASSED (term=1)
2024-07-06 11:54:00,508 [om1@group-C5BA1605619E-LeaderElection3] INFO  impl.RoleInfo (RoleInfo.java:shutdownLeaderElection(139)) - om1: shutdown om1@group-C5BA1605619E-LeaderElection3
2024-07-06 11:54:00,508 [om1@group-C5BA1605619E-LeaderElection3] INFO  server.RaftServer$Division (RaftServerImpl.java:setRole(376)) - om1@group-C5BA1605619E: changes role from CANDIDATE to LEADER at term 1 for changeToLeader
2024-07-06 11:54:00,508 [om1@group-C5BA1605619E-LeaderElection3] INFO  server.RaftServerConfigKeys (ConfUtils.java:logGet(46)) - raft.server.staging.catchup.gap = 1000 (default)
2024-07-06 11:54:00,509 [om1@group-C5BA1605619E-LeaderElection3] INFO  server.RaftServerConfigKeys (ConfUtils.java:logGet(46)) - raft.server.write.element-limit = 4096 (default)
2024-07-06 11:54:00,509 [om1@group-C5BA1605619E-LeaderElection3] INFO  server.RaftServerConfigKeys (ConfUtils.java:logGet(46)) - raft.server.write.byte-limit = 64MB (=67108864) (default)
2024-07-06 11:54:00,509 [om1@group-C5BA1605619E-LeaderElection3] INFO  server.RaftServerConfigKeys (ConfUtils.java:logGet(46)) - raft.server.watch.timeout = 10s (default)
2024-07-06 11:54:00,509 [om1@group-C5BA1605619E-LeaderElection3] INFO  server.RaftServerConfigKeys (ConfUtils.java:logGet(46)) - raft.server.watch.timeout.denomination = 1s (default)
2024-07-06 11:54:00,510 [om1@group-C5BA1605619E-LeaderElection3] INFO  server.RaftServerConfigKeys (ConfUtils.java:logGet(46)) - raft.server.watch.element-limit = 65536 (default)
2024-07-06 11:54:00,510 [om1@group-C5BA1605619E-LeaderElection3] INFO  server.RaftServerConfigKeys (ConfUtils.java:logGet(46)) - raft.server.read.leader.lease.enabled = false (default)
2024-07-06 11:54:00,510 [om1@group-C5BA1605619E-LeaderElection3] INFO  server.RaftServerConfigKeys (ConfUtils.java:logGet(46)) - raft.server.read.leader.lease.timeout.ratio = 0.9 (default)
2024-07-06 11:54:00,510 [om1@group-C5BA1605619E-LeaderElection3] INFO  server.RaftServerConfigKeys (ConfUtils.java:logGet(46)) - raft.server.rpc.timeout.min = 1s (custom)
2024-07-06 11:54:00,510 [om1@group-C5BA1605619E-LeaderElection3] INFO  server.RaftServerConfigKeys (ConfUtils.java:logGet(46)) - raft.server.log.log-metadata.enabled = true (default)
2024-07-06 11:54:00,510 [om1@group-C5BA1605619E-LeaderElection3] INFO  server.RaftServerConfigKeys (ConfUtils.java:logGet(46)) - raft.server.write.element-limit = 4096 (default)
2024-07-06 11:54:00,510 [om1@group-C5BA1605619E-LeaderElection3] INFO  server.RaftServerConfigKeys (ConfUtils.java:logGet(46)) - raft.server.write.follower.gap.ratio.max = -1.0 (default)
2024-07-06 11:54:00,510 [om1@group-C5BA1605619E-LeaderElection3] INFO  impl.RoleInfo (RoleInfo.java:updateAndGet(148)) - om1: start om1@group-C5BA1605619E-LeaderStateImpl
2024-07-06 11:54:00,510 [om1@group-C5BA1605619E-LeaderElection3] INFO  server.RaftServer$Division (RaftServerImpl.java:setFirstElection(549)) - om1@group-C5BA1605619E: set firstElectionSinceStartup to false for becomeLeader
2024-07-06 11:54:00,512 [om1@group-C5BA1605619E-LeaderElection3] INFO  server.RaftServer$Division (ServerState.java:setLeader(272)) - om1@group-C5BA1605619E: change Leader from null to om1 at term 1 for becomeLeader, leader elected after 2016ms
2024-07-06 11:54:00,512 [om1@group-C5BA1605619E-LeaderElection3] INFO  segmented.SegmentedRaftLogWorker (SegmentedRaftLogWorker.java:startLogSegment(433)) - om1@group-C5BA1605619E-SegmentedRaftLogWorker: Starting segment from index:0
2024-07-06 11:54:00,512 [om1@group-C5BA1605619E-LeaderElection3] INFO  server.RaftServer$Division (ServerState.java:setRaftConf(386)) - om1@group-C5BA1605619E: set configuration conf: {index: 0, cur=peers:[om1|localhost:15039]|listeners:[], old=null}
2024-07-06 11:54:00,513 [om1@group-C5BA1605619E-SegmentedRaftLogWorker] INFO  segmented.BufferedWriteChannel (BufferedWriteChannel.java:open(61)) - open log_inprogress_0 at position 0
2024-07-06 11:54:00,521 [om1@group-C5BA1605619E-SegmentedRaftLogWorker] INFO  segmented.SegmentedRaftLogWorker (SegmentedRaftLogWorker.java:execute(637)) - om1@group-C5BA1605619E-SegmentedRaftLogWorker: created new log segment /home/runner/work/ozone/ozone/hadoop-ozone/integration-test/target/test-dir/MiniOzoneClusterImpl-23934d72-33be-4118-bcff-1eb1b476413a/ozone-meta/ratis/bf265839-605b-3f16-9796-c5ba1605619e/current/log_inprogress_0
2024-07-06 11:54:00,522 [om1@group-C5BA1605619E-StateMachineUpdater] INFO  ratis.OzoneManagerStateMachine (OzoneManagerStateMachine.java:notifyConfigurationChanged(212)) - Received Configuration change notification from Ratis. New Peer list:
[id: "om1"
address: "localhost:15039"
startupRole: FOLLOWER
]
2024-07-06 11:54:00,522 [om1@group-C5BA1605619E-StateMachineUpdater] INFO  server.RaftServer$Division (LeaderStateImpl.java:checkStartIndex(316)) - Leader om1@group-C5BA1605619E-LeaderStateImpl is ready since appliedIndex == startIndex == 0
2024-07-06 11:54:00,532 [main] INFO  client.DNCertificateClient (DefaultCertificateClient.java:recoverStateIfNeeded(800)) - Init response: GETCERT
2024-07-06 11:54:00,532 [main] INFO  ozone.OzoneSecurityUtil (OzoneSecurityUtil.java:getValidInetsForCurrentHost(120)) - ip:fe80:0:0:0:6245:bdff:fed7:3321%eth0 not returned.
2024-07-06 11:54:00,532 [main] INFO  ozone.OzoneSecurityUtil (OzoneSecurityUtil.java:getValidInetsForCurrentHost(117)) - Adding ip:10.1.0.11,host:fv-az1041-405.cgqmq5qunpnelbz5tk1v55v5te.bx.internal.cloudapp.net
2024-07-06 11:54:00,532 [main] INFO  ozone.OzoneSecurityUtil (OzoneSecurityUtil.java:getValidInetsForCurrentHost(120)) - ip:0:0:0:0:0:0:0:1%lo not returned.
2024-07-06 11:54:00,532 [main] INFO  ozone.OzoneSecurityUtil (OzoneSecurityUtil.java:getValidInetsForCurrentHost(120)) - ip:127.0.0.1 not returned.
2024-07-06 11:54:00,533 [main] INFO  client.DNCertificateClient (DNCertificateClient.java:getCSRBuilder(86)) - Created csr for DN-> subject:scm@fv-az1041-405.cgqmq5qunpnelbz5tk1v55v5te.bx.internal.cloudapp.net
2024-07-06 11:54:00,542 [pool-1-thread-2] INFO  request.TgsRequest (TgsRequest.java:issueTicket(115)) - TGS_REQ ISSUE: authtime 1720266840541,scm/fv-az1041-405.cgqmq5qunpnelbz5tk1v55v5te.bx.internal.cloudapp.net for scm/fv-az1041-405.cgqmq5qunpnelbz5tk1v55v5te.bx.internal.cloudapp.net@EXAMPLE.COM
2024-07-06 11:54:00,547 [Socket Reader #1 for port 15002] INFO  ipc.Server (Server.java:saslProcess(2139)) - Auth successful for scm/fv-az1041-405.cgqmq5qunpnelbz5tk1v55v5te.bx.internal.cloudapp.net@EXAMPLE.COM (auth:KERBEROS) from fv-az1041-405.cgqmq5qunpnelbz5tk1v55v5te.bx.internal.cloudapp.net:35627 / 10.1.0.11:35627
2024-07-06 11:54:00,549 [Socket Reader #1 for port 15002] INFO  authorize.ServiceAuthorizationManager (ServiceAuthorizationManager.java:authorize(137)) - Authorization successful for scm/fv-az1041-405.cgqmq5qunpnelbz5tk1v55v5te.bx.internal.cloudapp.net@EXAMPLE.COM (auth:KERBEROS) for protocol=interface org.apache.hadoop.hdds.protocol.SCMSecurityProtocol
2024-07-06 11:54:00,549 [IPC Server handler 0 on default port 15002] INFO  server.SCMSecurityProtocolServer (SCMSecurityProtocolServer.java:getDataNodeCertificate(183)) - Processing CSR for dn fv-az1041-405.cgqmq5qunpnelbz5tk1v55v5te.bx.internal.cloudapp.net, UUID: 0cfa5fef-e387-4d03-8755-cac648de9f82
2024-07-06 11:54:00,555 [eb66df86-6ffc-4e53-b873-cb2b44d5f35d@group-1EB1B476413A-StateMachineUpdater] INFO  safemode.HealthyPipelineSafeModeRule (HealthyPipelineSafeModeRule.java:initializeRule(172)) - Refreshed total pipeline count is 0, healthy pipeline threshold count is 1
2024-07-06 11:54:00,556 [IPC Server handler 0 on default port 15002] INFO  ha.SequenceIdGenerator (SequenceIdGenerator.java:getNextId(144)) - Allocate a batch for CertificateId, change lastId from 6 to 7.
2024-07-06 11:54:00,559 [IPC Server handler 0 on default port 15002] INFO  authority.DefaultApprover (DefaultApprover.java:sign(174)) - Extensions in CSR: 2.5.29.15, 2.5.29.17
2024-07-06 11:54:00,559 [IPC Server handler 0 on default port 15002] INFO  authority.DefaultApprover (DefaultApprover.java:sign(178)) - Extensions to add to the certificate if they present in CSR: 2.5.29.15, 2.5.29.17, 2.5.29.35, 2.5.29.37, 2.5.29.19, 1.3.6.1.5.5.7.1.12
2024-07-06 11:54:00,559 [39a46239-dc5f-49f3-8624-e36d450519bc@group-1EB1B476413A-StateMachineUpdater] INFO  safemode.HealthyPipelineSafeModeRule (HealthyPipelineSafeModeRule.java:initializeRule(172)) - Refreshed total pipeline count is 0, healthy pipeline threshold count is 1
2024-07-06 11:54:00,560 [41075d7a-0d70-4fa2-ba46-cbc672699b06@group-1EB1B476413A-StateMachineUpdater] INFO  safemode.HealthyPipelineSafeModeRule (HealthyPipelineSafeModeRule.java:initializeRule(172)) - Refreshed total pipeline count is 0, healthy pipeline threshold count is 1
2024-07-06 11:54:00,570 [eb66df86-6ffc-4e53-b873-cb2b44d5f35d@group-1EB1B476413A-StateMachineUpdater] INFO  safemode.HealthyPipelineSafeModeRule (HealthyPipelineSafeModeRule.java:initializeRule(172)) - Refreshed total pipeline count is 0, healthy pipeline threshold count is 1
2024-07-06 11:54:00,572 [41075d7a-0d70-4fa2-ba46-cbc672699b06@group-1EB1B476413A-StateMachineUpdater] INFO  safemode.HealthyPipelineSafeModeRule (HealthyPipelineSafeModeRule.java:initializeRule(172)) - Refreshed total pipeline count is 0, healthy pipeline threshold count is 1
2024-07-06 11:54:00,573 [39a46239-dc5f-49f3-8624-e36d450519bc@group-1EB1B476413A-StateMachineUpdater] INFO  safemode.HealthyPipelineSafeModeRule (HealthyPipelineSafeModeRule.java:initializeRule(172)) - Refreshed total pipeline count is 0, healthy pipeline threshold count is 1
2024-07-06 11:54:00,591 [main] INFO  utils.CertificateCodec (CertificateCodec.java:writeCertificate(253)) - Save certificate to /home/runner/work/ozone/ozone/hadoop-ozone/integration-test/target/test-dir/MiniOzoneClusterImpl-23934d72-33be-4118-bcff-1eb1b476413a/ozone-meta/datanode-2/meta/dn/certs/7.crt
2024-07-06 11:54:00,591 [main] INFO  utils.CertificateCodec (CertificateCodec.java:writeCertificate(254)) - Certificate -----BEGIN CERTIFICATE-----
MIIEIzCCAwugAwIBAgIBBzANBgkqhkiG9w0BAQsFADCBhjEaMBgGA1UEAwwRc2Nt
LXN1YkBsb2NhbGhvc3QxLTArBgNVBAsMJGViNjZkZjg2LTZmZmMtNGU1My1iODcz
LWNiMmI0NGQ1ZjM1ZDEtMCsGA1UECgwkMjM5MzRkNzItMzNiZS00MTE4LWJjZmYt
MWViMWI0NzY0MTNhMQowCAYDVQQFEwEyMB4XDTI0MDcwNjExNTQwMFoXDTI1MDcw
NjExNTQwMFowgboxTjBMBgNVBAMMRXNjbUBmdi1hejEwNDEtNDA1LmNncW1xNXF1
bnBuZWxiejV0azF2NTV2NXRlLmJ4LmludGVybmFsLmNsb3VkYXBwLm5ldDEtMCsG
A1UECwwkZWI2NmRmODYtNmZmYy00ZTUzLWI4NzMtY2IyYjQ0ZDVmMzVkMS0wKwYD
VQQKDCQyMzkzNGQ3Mi0zM2JlLTQxMTgtYmNmZi0xZWIxYjQ3NjQxM2ExCjAIBgNV
BAUTATcwggEiMA0GCSqGSIb3DQEBAQUAA4IBDwAwggEKAoIBAQC0Tdp4wXskqz3W
LN//3ZPY2RbQbN8wMSVbFyV29VWLCu5fYaAd2L10A06E3Emnu4uBJ75w1c2b5fpE
zeh1w6CbxKovisiECmQAEGq5B0OwPRdGUskYWZOhePsJITHHviJl31/lNvC3bKaH
pxbJiPPe7YxP1N92RSSUiuF98k9I0NBi4OSHb56opaO+2DkVhAztsJNGKjdhvRh6
+HsKCfonT7taE/O9lH8+fAvPr6+cnIz2PFVYAe1f/+JxQK6wAE3cG9fz3/KLI7rx
htrKHxVXeP1p72YJI4r6e0fnKqPAWwWyn24l0kTYHq5gcCwWmVJkfXjBL0GKy1cs
zZz38kgFAgMBAAGjZjBkMA4GA1UdDwEB/wQEAwIDuDBSBgNVHREESzBJhwQKAQAL
gkFmdi1hejEwNDEtNDA1LmNncW1xNXF1bnBuZWxiejV0azF2NTV2NXRlLmJ4Lmlu
dGVybmFsLmNsb3VkYXBwLm5ldDANBgkqhkiG9w0BAQsFAAOCAQEAe88dn9Vso6L3
sq2lRodcraskM9HOQhzSyffNuNps9LmDwT/tHr2jY9suIqDwwZWR7Rq930JZpjfA
StLcrL5wBuGBL7Th+RLESKcuSqwxUVA/7mrQwWN9UX+uU+1ocXLrqa+3LwclXdMz
cjGVM5I90rUiXX2rm74ZaZvRIRe28/lQY3+7wPFQs9rk1w375PYISN/T6p09BCiu
Roj9pjDotU6H5/NFUjR9TDvZ0yc61EUvdRjltSyd+GH7+bwtAs4ULoNGyq2sKlQa
jD4jpDKVmO6rLaKTU9fYrW5pCXRTWnMjjrMzL/NlZsuQB5fBijo/ONvLJjCa4XnD
Xc8F6/Tu/Q==
-----END CERTIFICATE-----

-----BEGIN CERTIFICATE-----
MIIEADCCAuigAwIBAgIBAjANBgkqhkiG9w0BAQsFADCBhjEaMBgGA1UEAwwRc2Nt
QGZ2LWF6MTA0MS00MDUxLTArBgNVBAsMJGViNjZkZjg2LTZmZmMtNGU1My1iODcz
LWNiMmI0NGQ1ZjM1ZDEtMCsGA1UECgwkMjM5MzRkNzItMzNiZS00MTE4LWJjZmYt
MWViMWI0NzY0MTNhMQowCAYDVQQFEwExMB4XDTI0MDcwNjExNTMzN1oXDTI5MDgx
NDExNTMzN1owgYYxGjAYBgNVBAMMEXNjbS1zdWJAbG9jYWxob3N0MS0wKwYDVQQL
DCRlYjY2ZGY4Ni02ZmZjLTRlNTMtYjg3My1jYjJiNDRkNWYzNWQxLTArBgNVBAoM
JDIzOTM0ZDcyLTMzYmUtNDExOC1iY2ZmLTFlYjFiNDc2NDEzYTEKMAgGA1UEBRMB
MjCCASIwDQYJKoZIhvcNAQEBBQADggEPADCCAQoCggEBAI9Ye6jhc8eewG6uvADS
jjH4n7H8xV5BeLfO+iOnnpmat2rPbporEWNfCre+xQYcSuUORf/LZ7KIjdHp+ipQ
ReTGtMIoToDJony/E9YZf6yROZaZUd7+PZHs1s8ZOPA93J6aFQvG6qRSjO9QuZeo
BiAdNqYuoyihEUY7BAzoJElOP6nojwgcgd/qtkVsIjR0hft2yS7rtfPxiosoqNwT
TjC5/4SSP/VcuL2CsyYVRALRO7FiDgsrBJPUwj4I9bgWnrY0jjIxnI6Z3D9rPcre
KvshbMPmJDeN4Ghd1EH14DAP+ZfA4TLhZMdCL6mh+qVrUEMm1fR6LFwad9D6U/9X
ONECAwEAAaN3MHUwDgYDVR0PAQH/BAQDAgG+MFIGA1UdEQRLMEmHBAoBAAuCQWZ2
LWF6MTA0MS00MDUuY2dxbXE1cXVucG5lbGJ6NXRrMXY1NXY1dGUuYnguaW50ZXJu
YWwuY2xvdWRhcHAubmV0MA8GA1UdEwEB/wQFMAMBAf8wDQYJKoZIhvcNAQELBQAD
ggEBAEn6t5IxwWoYkgosnNwulVIeHljhuMenV5jE8iJlNA81ytCU/Fmlxnazacr/
n8rjbSvu0oGBKefyzu6oN3zpNNnvjQuffmQlK5QgZnTd2PH0drqPWxb049IegWzX
O5U9B9F9AwA3eQ46EERZPireJVMA8AzZwG367v0bUMxupfxCwfnT6Yc7vJ/O+dj2
Od9xed8EEd0CbMLB36lRyyFOd4j+BXCurp59p5AgsXuWBkcTe9j8aqqxztEU3A7o
FMYKDKLv82h3kAKyL6MFnMVWGA5+6CwAXhcFbwCuqRv10FoMLMenzaXHhPL+Zw/E
ZM3EFkeVbLESdq/SMW6cnKU7cts=
-----END CERTIFICATE-----

-----BEGIN CERTIFICATE-----
MIIEADCCAuigAwIBAgIBATANBgkqhkiG9w0BAQsFADCBhjEaMBgGA1UEAwwRc2Nt
QGZ2LWF6MTA0MS00MDUxLTArBgNVBAsMJGViNjZkZjg2LTZmZmMtNGU1My1iODcz
LWNiMmI0NGQ1ZjM1ZDEtMCsGA1UECgwkMjM5MzRkNzItMzNiZS00MTE4LWJjZmYt
MWViMWI0NzY0MTNhMQowCAYDVQQFEwExMB4XDTI0MDcwNjExNTMzN1oXDTI5MDgx
NDExNTMzN1owgYYxGjAYBgNVBAMMEXNjbUBmdi1hejEwNDEtNDA1MS0wKwYDVQQL
DCRlYjY2ZGY4Ni02ZmZjLTRlNTMtYjg3My1jYjJiNDRkNWYzNWQxLTArBgNVBAoM
JDIzOTM0ZDcyLTMzYmUtNDExOC1iY2ZmLTFlYjFiNDc2NDEzYTEKMAgGA1UEBRMB
MTCCASIwDQYJKoZIhvcNAQEBBQADggEPADCCAQoCggEBAISmOYOluZt/lCgZxU9H
gvcsRqfRemrHFDZGFVDnpT5vtK374ntRLw6MYBdectIJAU2BZMRW1tU/pcvvodWO
cd/nlOosnhiBrABr0QIY3B4bFba/t5RfUn+iQQt5KmDmh8vFaFyuBrHzNF7amGrx
6hflYrKbY+aMZW2nHXs3Mk45uAeD2zSSem9/oImjiVvWqFxiSsGemn5RSP15Urz9
pO9VzeKwKhrTjP5jG6I10Nol4P9q6zGnYqj0pHgsFKaYnTd7X1eaH6pJo9Acdaqe
XPVM9f7ZFENikdcMP0RynUYBUzHfbillRgGBagITAjg/AtCnhlmAjTS/DXTH69dS
l1sCAwEAAaN3MHUwDwYDVR0TAQH/BAUwAwEB/zAOBgNVHQ8BAf8EBAMCAQYwUgYD
VR0RBEswSYcECgEAC4JBZnYtYXoxMDQxLTQwNS5jZ3FtcTVxdW5wbmVsYno1dGsx
djU1djV0ZS5ieC5pbnRlcm5hbC5jbG91ZGFwcC5uZXQwDQYJKoZIhvcNAQELBQAD
ggEBAGlIIHbij1bSYen9Ao1XYwzuFXzchqSUxADvCYG1Rt5iAYYTuzsnRSJxfb+w
Dv0ZSjfEDDCi3nugf7zGyV3fVMZP6Jmnb7fi05mFm37hE4DVR1bPOt+Fi4cim9F7
NjkAxiCcW68EMqxaYnMyk0gA16J6rQPjU54QemBDUpFvqq+oejkWWku45hIzwW/L
NX3qEOOAtaVwaGL0Etxcfo4dXRKwaQGN2Q8HeFOejNq1koQR7sSUX0psuShZNZ/j
sK9X9JrCD/F0377/CpgbbRfwVUoiqx4euBCrgEnYbcLJZs0x4iLW9B+oN3MfcuJP
cMcTfU+42boeZaemislAMeJ6P5c=
-----END CERTIFICATE-----

2024-07-06 11:54:00,592 [main] INFO  utils.CertificateCodec (CertificateCodec.java:writeCertificate(253)) - Save certificate to /home/runner/work/ozone/ozone/hadoop-ozone/integration-test/target/test-dir/MiniOzoneClusterImpl-23934d72-33be-4118-bcff-1eb1b476413a/ozone-meta/datanode-2/meta/dn/certs/CA-2.crt
2024-07-06 11:54:00,592 [main] INFO  utils.CertificateCodec (CertificateCodec.java:writeCertificate(254)) - Certificate -----BEGIN CERTIFICATE-----
MIIEADCCAuigAwIBAgIBAjANBgkqhkiG9w0BAQsFADCBhjEaMBgGA1UEAwwRc2Nt
QGZ2LWF6MTA0MS00MDUxLTArBgNVBAsMJGViNjZkZjg2LTZmZmMtNGU1My1iODcz
LWNiMmI0NGQ1ZjM1ZDEtMCsGA1UECgwkMjM5MzRkNzItMzNiZS00MTE4LWJjZmYt
MWViMWI0NzY0MTNhMQowCAYDVQQFEwExMB4XDTI0MDcwNjExNTMzN1oXDTI5MDgx
NDExNTMzN1owgYYxGjAYBgNVBAMMEXNjbS1zdWJAbG9jYWxob3N0MS0wKwYDVQQL
DCRlYjY2ZGY4Ni02ZmZjLTRlNTMtYjg3My1jYjJiNDRkNWYzNWQxLTArBgNVBAoM
JDIzOTM0ZDcyLTMzYmUtNDExOC1iY2ZmLTFlYjFiNDc2NDEzYTEKMAgGA1UEBRMB
MjCCASIwDQYJKoZIhvcNAQEBBQADggEPADCCAQoCggEBAI9Ye6jhc8eewG6uvADS
jjH4n7H8xV5BeLfO+iOnnpmat2rPbporEWNfCre+xQYcSuUORf/LZ7KIjdHp+ipQ
ReTGtMIoToDJony/E9YZf6yROZaZUd7+PZHs1s8ZOPA93J6aFQvG6qRSjO9QuZeo
BiAdNqYuoyihEUY7BAzoJElOP6nojwgcgd/qtkVsIjR0hft2yS7rtfPxiosoqNwT
TjC5/4SSP/VcuL2CsyYVRALRO7FiDgsrBJPUwj4I9bgWnrY0jjIxnI6Z3D9rPcre
KvshbMPmJDeN4Ghd1EH14DAP+ZfA4TLhZMdCL6mh+qVrUEMm1fR6LFwad9D6U/9X
ONECAwEAAaN3MHUwDgYDVR0PAQH/BAQDAgG+MFIGA1UdEQRLMEmHBAoBAAuCQWZ2
LWF6MTA0MS00MDUuY2dxbXE1cXVucG5lbGJ6NXRrMXY1NXY1dGUuYnguaW50ZXJu
YWwuY2xvdWRhcHAubmV0MA8GA1UdEwEB/wQFMAMBAf8wDQYJKoZIhvcNAQELBQAD
ggEBAEn6t5IxwWoYkgosnNwulVIeHljhuMenV5jE8iJlNA81ytCU/Fmlxnazacr/
n8rjbSvu0oGBKefyzu6oN3zpNNnvjQuffmQlK5QgZnTd2PH0drqPWxb049IegWzX
O5U9B9F9AwA3eQ46EERZPireJVMA8AzZwG367v0bUMxupfxCwfnT6Yc7vJ/O+dj2
Od9xed8EEd0CbMLB36lRyyFOd4j+BXCurp59p5AgsXuWBkcTe9j8aqqxztEU3A7o
FMYKDKLv82h3kAKyL6MFnMVWGA5+6CwAXhcFbwCuqRv10FoMLMenzaXHhPL+Zw/E
ZM3EFkeVbLESdq/SMW6cnKU7cts=
-----END CERTIFICATE-----

-----BEGIN CERTIFICATE-----
MIIEADCCAuigAwIBAgIBATANBgkqhkiG9w0BAQsFADCBhjEaMBgGA1UEAwwRc2Nt
QGZ2LWF6MTA0MS00MDUxLTArBgNVBAsMJGViNjZkZjg2LTZmZmMtNGU1My1iODcz
LWNiMmI0NGQ1ZjM1ZDEtMCsGA1UECgwkMjM5MzRkNzItMzNiZS00MTE4LWJjZmYt
MWViMWI0NzY0MTNhMQowCAYDVQQFEwExMB4XDTI0MDcwNjExNTMzN1oXDTI5MDgx
NDExNTMzN1owgYYxGjAYBgNVBAMMEXNjbUBmdi1hejEwNDEtNDA1MS0wKwYDVQQL
DCRlYjY2ZGY4Ni02ZmZjLTRlNTMtYjg3My1jYjJiNDRkNWYzNWQxLTArBgNVBAoM
JDIzOTM0ZDcyLTMzYmUtNDExOC1iY2ZmLTFlYjFiNDc2NDEzYTEKMAgGA1UEBRMB
MTCCASIwDQYJKoZIhvcNAQEBBQADggEPADCCAQoCggEBAISmOYOluZt/lCgZxU9H
gvcsRqfRemrHFDZGFVDnpT5vtK374ntRLw6MYBdectIJAU2BZMRW1tU/pcvvodWO
cd/nlOosnhiBrABr0QIY3B4bFba/t5RfUn+iQQt5KmDmh8vFaFyuBrHzNF7amGrx
6hflYrKbY+aMZW2nHXs3Mk45uAeD2zSSem9/oImjiVvWqFxiSsGemn5RSP15Urz9
pO9VzeKwKhrTjP5jG6I10Nol4P9q6zGnYqj0pHgsFKaYnTd7X1eaH6pJo9Acdaqe
XPVM9f7ZFENikdcMP0RynUYBUzHfbillRgGBagITAjg/AtCnhlmAjTS/DXTH69dS
l1sCAwEAAaN3MHUwDwYDVR0TAQH/BAUwAwEB/zAOBgNVHQ8BAf8EBAMCAQYwUgYD
VR0RBEswSYcECgEAC4JBZnYtYXoxMDQxLTQwNS5jZ3FtcTVxdW5wbmVsYno1dGsx
djU1djV0ZS5ieC5pbnRlcm5hbC5jbG91ZGFwcC5uZXQwDQYJKoZIhvcNAQELBQAD
ggEBAGlIIHbij1bSYen9Ao1XYwzuFXzchqSUxADvCYG1Rt5iAYYTuzsnRSJxfb+w
Dv0ZSjfEDDCi3nugf7zGyV3fVMZP6Jmnb7fi05mFm37hE4DVR1bPOt+Fi4cim9F7
NjkAxiCcW68EMqxaYnMyk0gA16J6rQPjU54QemBDUpFvqq+oejkWWku45hIzwW/L
NX3qEOOAtaVwaGL0Etxcfo4dXRKwaQGN2Q8HeFOejNq1koQR7sSUX0psuShZNZ/j
sK9X9JrCD/F0377/CpgbbRfwVUoiqx4euBCrgEnYbcLJZs0x4iLW9B+oN3MfcuJP
cMcTfU+42boeZaemislAMeJ6P5c=
-----END CERTIFICATE-----

2024-07-06 11:54:00,593 [IPC Server handler 1 on default port 15002] INFO  client.SCMCertificateClient (DefaultCertificateClient.java:getAllRootCaCerts(973)) - scm/sub-ca has 0 Root CA certificates
2024-07-06 11:54:00,593 [IPC Server handler 1 on default port 15002] INFO  client.SCMCertificateClient (DefaultCertificateClient.java:getAllCaCerts(981)) - scm/sub-ca has 1 CA certificates
2024-07-06 11:54:00,594 [main] INFO  utils.CertificateCodec (CertificateCodec.java:writeCertificate(253)) - Save certificate to /home/runner/work/ozone/ozone/hadoop-ozone/integration-test/target/test-dir/MiniOzoneClusterImpl-23934d72-33be-4118-bcff-1eb1b476413a/ozone-meta/datanode-2/meta/dn/certs/ROOTCA-1.crt
2024-07-06 11:54:00,594 [main] INFO  utils.CertificateCodec (CertificateCodec.java:writeCertificate(254)) - Certificate -----BEGIN CERTIFICATE-----
MIIEADCCAuigAwIBAgIBATANBgkqhkiG9w0BAQsFADCBhjEaMBgGA1UEAwwRc2Nt
QGZ2LWF6MTA0MS00MDUxLTArBgNVBAsMJGViNjZkZjg2LTZmZmMtNGU1My1iODcz
LWNiMmI0NGQ1ZjM1ZDEtMCsGA1UECgwkMjM5MzRkNzItMzNiZS00MTE4LWJjZmYt
MWViMWI0NzY0MTNhMQowCAYDVQQFEwExMB4XDTI0MDcwNjExNTMzN1oXDTI5MDgx
NDExNTMzN1owgYYxGjAYBgNVBAMMEXNjbUBmdi1hejEwNDEtNDA1MS0wKwYDVQQL
DCRlYjY2ZGY4Ni02ZmZjLTRlNTMtYjg3My1jYjJiNDRkNWYzNWQxLTArBgNVBAoM
JDIzOTM0ZDcyLTMzYmUtNDExOC1iY2ZmLTFlYjFiNDc2NDEzYTEKMAgGA1UEBRMB
MTCCASIwDQYJKoZIhvcNAQEBBQADggEPADCCAQoCggEBAISmOYOluZt/lCgZxU9H
gvcsRqfRemrHFDZGFVDnpT5vtK374ntRLw6MYBdectIJAU2BZMRW1tU/pcvvodWO
cd/nlOosnhiBrABr0QIY3B4bFba/t5RfUn+iQQt5KmDmh8vFaFyuBrHzNF7amGrx
6hflYrKbY+aMZW2nHXs3Mk45uAeD2zSSem9/oImjiVvWqFxiSsGemn5RSP15Urz9
pO9VzeKwKhrTjP5jG6I10Nol4P9q6zGnYqj0pHgsFKaYnTd7X1eaH6pJo9Acdaqe
XPVM9f7ZFENikdcMP0RynUYBUzHfbillRgGBagITAjg/AtCnhlmAjTS/DXTH69dS
l1sCAwEAAaN3MHUwDwYDVR0TAQH/BAUwAwEB/zAOBgNVHQ8BAf8EBAMCAQYwUgYD
VR0RBEswSYcECgEAC4JBZnYtYXoxMDQxLTQwNS5jZ3FtcTVxdW5wbmVsYno1dGsx
djU1djV0ZS5ieC5pbnRlcm5hbC5jbG91ZGFwcC5uZXQwDQYJKoZIhvcNAQELBQAD
ggEBAGlIIHbij1bSYen9Ao1XYwzuFXzchqSUxADvCYG1Rt5iAYYTuzsnRSJxfb+w
Dv0ZSjfEDDCi3nugf7zGyV3fVMZP6Jmnb7fi05mFm37hE4DVR1bPOt+Fi4cim9F7
NjkAxiCcW68EMqxaYnMyk0gA16J6rQPjU54QemBDUpFvqq+oejkWWku45hIzwW/L
NX3qEOOAtaVwaGL0Etxcfo4dXRKwaQGN2Q8HeFOejNq1koQR7sSUX0psuShZNZ/j
sK9X9JrCD/F0377/CpgbbRfwVUoiqx4euBCrgEnYbcLJZs0x4iLW9B+oN3MfcuJP
cMcTfU+42boeZaemislAMeJ6P5c=
-----END CERTIFICATE-----

2024-07-06 11:54:00,595 [main] INFO  client.DNCertificateClient (DefaultCertificateClient.java:updateCertSerialId(1313)) - Certificate serial ID set to 7
2024-07-06 11:54:00,595 [main] INFO  client.DNCertificateClient (DefaultCertificateClient.java:readCertificateFile(248)) - Added certificate 1 from file: /home/runner/work/ozone/ozone/hadoop-ozone/integration-test/target/test-dir/MiniOzoneClusterImpl-23934d72-33be-4118-bcff-1eb1b476413a/ozone-meta/datanode-2/meta/dn/certs/ROOTCA-1.crt.
2024-07-06 11:54:00,596 [main] INFO  client.DNCertificateClient (DefaultCertificateClient.java:readCertificateFile(248)) - Added certificate 2 from file: /home/runner/work/ozone/ozone/hadoop-ozone/integration-test/target/test-dir/MiniOzoneClusterImpl-23934d72-33be-4118-bcff-1eb1b476413a/ozone-meta/datanode-2/meta/dn/certs/CA-2.crt.
2024-07-06 11:54:00,598 [main] INFO  client.DNCertificateClient (DefaultCertificateClient.java:readCertificateFile(248)) - Added certificate 7 from file: /home/runner/work/ozone/ozone/hadoop-ozone/integration-test/target/test-dir/MiniOzoneClusterImpl-23934d72-33be-4118-bcff-1eb1b476413a/ozone-meta/datanode-2/meta/dn/certs/7.crt.
2024-07-06 11:54:00,605 [main] INFO  client.DNCertificateClient (DefaultCertificateClient.java:startCertificateRenewerService(1418)) - CertificateRenewerService for dn is started with first delay 29116799398 ms and interval 86400000 ms.
2024-07-06 11:54:00,605 [main] INFO  client.DNCertificateClient (DefaultCertificateClient.java:updateCertSerialId(1313)) - Certificate serial ID set to 7
2024-07-06 11:54:00,606 [main] INFO  client.DNCertificateClient (DefaultCertificateClient.java:readCertificateFile(248)) - Added certificate 1 from file: /home/runner/work/ozone/ozone/hadoop-ozone/integration-test/target/test-dir/MiniOzoneClusterImpl-23934d72-33be-4118-bcff-1eb1b476413a/ozone-meta/datanode-2/meta/dn/certs/ROOTCA-1.crt.
2024-07-06 11:54:00,607 [main] INFO  client.DNCertificateClient (DefaultCertificateClient.java:readCertificateFile(248)) - Added certificate 2 from file: /home/runner/work/ozone/ozone/hadoop-ozone/integration-test/target/test-dir/MiniOzoneClusterImpl-23934d72-33be-4118-bcff-1eb1b476413a/ozone-meta/datanode-2/meta/dn/certs/CA-2.crt.
2024-07-06 11:54:00,609 [main] INFO  client.DNCertificateClient (DefaultCertificateClient.java:readCertificateFile(248)) - Added certificate 7 from file: /home/runner/work/ozone/ozone/hadoop-ozone/integration-test/target/test-dir/MiniOzoneClusterImpl-23934d72-33be-4118-bcff-1eb1b476413a/ozone-meta/datanode-2/meta/dn/certs/7.crt.
2024-07-06 11:54:00,611 [main] INFO  client.DNCertificateClient (DefaultCertificateClient.java:recoverStateIfNeeded(815)) - Successfully stored DN signed certificate, case:GETCERT.
2024-07-06 11:54:00,611 [main] INFO  ha.SCMNodeInfo (SCMNodeInfo.java:getPort(197)) - ConfigKey ozone.scm.client.address is deprecated, For configuring different ports for each SCM use PortConfigKey ozone.scm.client.port appended with serviceId and nodeId
2024-07-06 11:54:00,612 [main] INFO  ha.SCMNodeInfo (SCMNodeInfo.java:getPort(197)) - ConfigKey ozone.scm.block.client.address is deprecated, For configuring different ports for each SCM use PortConfigKey ozone.scm.block.client.port appended with serviceId and nodeId
2024-07-06 11:54:00,612 [main] INFO  ha.SCMNodeInfo (SCMNodeInfo.java:getPort(197)) - ConfigKey ozone.scm.security.service.address is deprecated, For configuring different ports for each SCM use PortConfigKey ozone.scm.security.service.port appended with serviceId and nodeId
2024-07-06 11:54:00,613 [main] INFO  ha.SCMNodeInfo (SCMNodeInfo.java:getPort(197)) - ConfigKey ozone.scm.datanode.address is deprecated, For configuring different ports for each SCM use PortConfigKey ozone.scm.datanode.port appended with serviceId and nodeId
2024-07-06 11:54:00,613 [main] INFO  ha.SCMNodeInfo (SCMNodeInfo.java:getPort(197)) - ConfigKey ozone.scm.client.address is deprecated, For configuring different ports for each SCM use PortConfigKey ozone.scm.client.port appended with serviceId and nodeId
2024-07-06 11:54:00,614 [main] INFO  ha.SCMNodeInfo (SCMNodeInfo.java:getPort(197)) - ConfigKey ozone.scm.block.client.address is deprecated, For configuring different ports for each SCM use PortConfigKey ozone.scm.block.client.port appended with serviceId and nodeId
2024-07-06 11:54:00,614 [main] INFO  ha.SCMNodeInfo (SCMNodeInfo.java:getPort(197)) - ConfigKey ozone.scm.security.service.address is deprecated, For configuring different ports for each SCM use PortConfigKey ozone.scm.security.service.port appended with serviceId and nodeId
2024-07-06 11:54:00,614 [main] INFO  ha.SCMNodeInfo (SCMNodeInfo.java:getPort(197)) - ConfigKey ozone.scm.datanode.address is deprecated, For configuring different ports for each SCM use PortConfigKey ozone.scm.datanode.port appended with serviceId and nodeId
2024-07-06 11:54:00,615 [main] INFO  ha.SCMNodeInfo (SCMNodeInfo.java:getPort(197)) - ConfigKey ozone.scm.client.address is deprecated, For configuring different ports for each SCM use PortConfigKey ozone.scm.client.port appended with serviceId and nodeId
2024-07-06 11:54:00,615 [main] INFO  ha.SCMNodeInfo (SCMNodeInfo.java:getPort(197)) - ConfigKey ozone.scm.block.client.address is deprecated, For configuring different ports for each SCM use PortConfigKey ozone.scm.block.client.port appended with serviceId and nodeId
2024-07-06 11:54:00,615 [main] INFO  ha.SCMNodeInfo (SCMNodeInfo.java:getPort(197)) - ConfigKey ozone.scm.security.service.address is deprecated, For configuring different ports for each SCM use PortConfigKey ozone.scm.security.service.port appended with serviceId and nodeId
2024-07-06 11:54:00,616 [main] INFO  ha.SCMNodeInfo (SCMNodeInfo.java:getPort(197)) - ConfigKey ozone.scm.datanode.address is deprecated, For configuring different ports for each SCM use PortConfigKey ozone.scm.datanode.port appended with serviceId and nodeId
2024-07-06 11:54:00,617 [main] INFO  symmetric.DefaultSecretKeyVerifierClient (DefaultSecretKeyVerifierClient.java:<init>(77)) - Initializing secret key cache with size 8, TTL PT3S
2024-07-06 11:54:00,624 [Socket Reader #1 for port 15002] INFO  ipc.Server (Server.java:saslProcess(2139)) - Auth successful for scm/fv-az1041-405.cgqmq5qunpnelbz5tk1v55v5te.bx.internal.cloudapp.net@EXAMPLE.COM (auth:KERBEROS) from fv-az1041-405.cgqmq5qunpnelbz5tk1v55v5te.bx.internal.cloudapp.net:39353 / 10.1.0.11:39353
2024-07-06 11:54:00,626 [Socket Reader #1 for port 15002] INFO  authorize.ServiceAuthorizationManager (ServiceAuthorizationManager.java:authorize(137)) - Authorization successful for scm/fv-az1041-405.cgqmq5qunpnelbz5tk1v55v5te.bx.internal.cloudapp.net@EXAMPLE.COM (auth:KERBEROS) for protocol=interface org.apache.hadoop.hdds.protocol.SecretKeyProtocolDatanode
2024-07-06 11:54:00,628 [main] INFO  symmetric.DefaultSecretKeySignerClient (DefaultSecretKeySignerClient.java:start(84)) - Initial secret key fetched from SCM: SecretKey(id = 864f37e4-a748-40e5-b9b8-f6789e273372, creation at: 2024-07-06T11:54:00.368Z, expire at: 2024-07-06T11:54:03.368Z).
2024-07-06 11:54:00,628 [main] INFO  symmetric.DefaultSecretKeySignerClient (DefaultSecretKeySignerClient.java:scheduleSecretKeyPoller(150)) - Scheduling SecretKeyPoller with initial delay of PT0.7396582S and interval of PT0.1S
2024-07-06 11:54:00,629 [main] INFO  upgrade.AbstractLayoutVersionManager (AbstractLayoutVersionManager.java:init(83)) - Initializing Layout version manager with metadata layout = HADOOP_PRC_PORTS_IN_DATANODEDETAILS (version = 7), software layout = HADOOP_PRC_PORTS_IN_DATANODEDETAILS (version = 7)
2024-07-06 11:54:00,630 [main] INFO  ha.SCMNodeInfo (SCMNodeInfo.java:getPort(197)) - ConfigKey ozone.scm.client.address is deprecated, For configuring different ports for each SCM use PortConfigKey ozone.scm.client.port appended with serviceId and nodeId
2024-07-06 11:54:00,630 [main] INFO  ha.SCMNodeInfo (SCMNodeInfo.java:getPort(197)) - ConfigKey ozone.scm.block.client.address is deprecated, For configuring different ports for each SCM use PortConfigKey ozone.scm.block.client.port appended with serviceId and nodeId
2024-07-06 11:54:00,630 [main] INFO  ha.SCMNodeInfo (SCMNodeInfo.java:getPort(197)) - ConfigKey ozone.scm.security.service.address is deprecated, For configuring different ports for each SCM use PortConfigKey ozone.scm.security.service.port appended with serviceId and nodeId
2024-07-06 11:54:00,630 [main] INFO  ha.SCMNodeInfo (SCMNodeInfo.java:getPort(197)) - ConfigKey ozone.scm.datanode.address is deprecated, For configuring different ports for each SCM use PortConfigKey ozone.scm.datanode.port appended with serviceId and nodeId
2024-07-06 11:54:00,630 [main] INFO  ha.SCMNodeInfo (SCMNodeInfo.java:getPort(197)) - ConfigKey ozone.scm.client.address is deprecated, For configuring different ports for each SCM use PortConfigKey ozone.scm.client.port appended with serviceId and nodeId
2024-07-06 11:54:00,630 [main] INFO  ha.SCMNodeInfo (SCMNodeInfo.java:getPort(197)) - ConfigKey ozone.scm.block.client.address is deprecated, For configuring different ports for each SCM use PortConfigKey ozone.scm.block.client.port appended with serviceId and nodeId
2024-07-06 11:54:00,630 [main] INFO  ha.SCMNodeInfo (SCMNodeInfo.java:getPort(197)) - ConfigKey ozone.scm.security.service.address is deprecated, For configuring different ports for each SCM use PortConfigKey ozone.scm.security.service.port appended with serviceId and nodeId
2024-07-06 11:54:00,630 [main] INFO  ha.SCMNodeInfo (SCMNodeInfo.java:getPort(197)) - ConfigKey ozone.scm.datanode.address is deprecated, For configuring different ports for each SCM use PortConfigKey ozone.scm.datanode.port appended with serviceId and nodeId
2024-07-06 11:54:00,630 [main] INFO  ha.SCMNodeInfo (SCMNodeInfo.java:getPort(197)) - ConfigKey ozone.scm.client.address is deprecated, For configuring different ports for each SCM use PortConfigKey ozone.scm.client.port appended with serviceId and nodeId
2024-07-06 11:54:00,630 [main] INFO  ha.SCMNodeInfo (SCMNodeInfo.java:getPort(197)) - ConfigKey ozone.scm.block.client.address is deprecated, For configuring different ports for each SCM use PortConfigKey ozone.scm.block.client.port appended with serviceId and nodeId
2024-07-06 11:54:00,630 [main] INFO  ha.SCMNodeInfo (SCMNodeInfo.java:getPort(197)) - ConfigKey ozone.scm.security.service.address is deprecated, For configuring different ports for each SCM use PortConfigKey ozone.scm.security.service.port appended with serviceId and nodeId
2024-07-06 11:54:00,630 [main] INFO  ha.SCMNodeInfo (SCMNodeInfo.java:getPort(197)) - ConfigKey ozone.scm.datanode.address is deprecated, For configuring different ports for each SCM use PortConfigKey ozone.scm.datanode.port appended with serviceId and nodeId
2024-07-06 11:54:00,631 [main] INFO  statemachine.DatanodeStateMachine (DatanodeStateMachine.java:getEndPointTaskThreadPoolSize(293)) - Datanode State Machine Task Thread Pool size 4
2024-07-06 11:54:00,633 [main] INFO  volume.HddsVolume (HddsVolume.java:<init>(126)) - Creating HddsVolume: /home/runner/work/ozone/ozone/hadoop-ozone/integration-test/target/test-dir/MiniOzoneClusterImpl-23934d72-33be-4118-bcff-1eb1b476413a/ozone-meta/datanode-2/data-0/hdds of storage type : DISK capacity : 9222449699674390527
2024-07-06 11:54:00,633 [main] INFO  volume.MutableVolumeSet (MutableVolumeSet.java:initializeVolumeSet(173)) - Added Volume : /home/runner/work/ozone/ozone/hadoop-ozone/integration-test/target/test-dir/MiniOzoneClusterImpl-23934d72-33be-4118-bcff-1eb1b476413a/ozone-meta/datanode-2/data-0/hdds to VolumeSet
2024-07-06 11:54:00,635 [main] INFO  volume.MutableVolumeSet (MutableVolumeSet.java:initializeVolumeSet(173)) - Added Volume : /home/runner/work/ozone/ozone/hadoop-ozone/integration-test/target/test-dir/MiniOzoneClusterImpl-23934d72-33be-4118-bcff-1eb1b476413a/ozone-meta/datanode-2/ratis to VolumeSet
2024-07-06 11:54:00,635 [main] INFO  ozoneimpl.OzoneContainer (HddsVolumeUtil.java:loadAllHddsVolumeDbStore(103)) - Load 1 volumes DbStore cost: 0ms
2024-07-06 11:54:00,639 [main] INFO  server.RaftServer (ConfUtils.java:logGet(46)) - raft.rpc.type = GRPC (default)
2024-07-06 11:54:00,639 [main] INFO  grpc.GrpcConfigKeys (ConfUtils.java:logFallback(53)) - raft.grpc.admin.host = null (fallback to raft.grpc.server.host)
2024-07-06 11:54:00,639 [main] INFO  grpc.GrpcConfigKeys (ConfUtils.java:logGet(46)) - raft.grpc.admin.port = 15054 (custom)
2024-07-06 11:54:00,639 [main] INFO  grpc.GrpcConfigKeys (ConfUtils.java:logFallback(53)) - raft.grpc.client.host = null (fallback to raft.grpc.server.host)
2024-07-06 11:54:00,639 [main] INFO  grpc.GrpcConfigKeys (ConfUtils.java:logGet(46)) - raft.grpc.client.port = 15053 (custom)
2024-07-06 11:54:00,639 [main] INFO  grpc.GrpcConfigKeys (ConfUtils.java:logGet(46)) - raft.grpc.server.host = null (default)
2024-07-06 11:54:00,639 [main] INFO  grpc.GrpcConfigKeys (ConfUtils.java:logGet(46)) - raft.grpc.server.port = 15055 (custom)
2024-07-06 11:54:00,639 [main] INFO  server.GrpcService (ConfUtils.java:logGet(46)) - raft.grpc.message.size.max = 32MB (=33554432) (custom)
2024-07-06 11:54:00,639 [main] INFO  server.RaftServerConfigKeys (ConfUtils.java:logGet(46)) - raft.server.log.appender.buffer.byte-limit = 8388608 (custom)
2024-07-06 11:54:00,640 [main] INFO  server.GrpcService (ConfUtils.java:logGet(46)) - raft.grpc.flow.control.window = 5MB (=5242880) (custom)
2024-07-06 11:54:00,640 [main] INFO  server.RaftServerConfigKeys (ConfUtils.java:logGet(46)) - raft.server.rpc.request.timeout = 60s (custom)
2024-07-06 11:54:00,640 [main] INFO  grpc.GrpcConfigKeys (ConfUtils.java:logGet(46)) - raft.grpc.server.heartbeat.channel = true (default)
2024-07-06 11:54:00,640 [main] INFO  grpc.GrpcConfigKeys (ConfUtils.java:logGet(46)) - raft.grpc.server.async.request.thread.pool.cached = true (default)
2024-07-06 11:54:00,640 [main] INFO  grpc.GrpcConfigKeys (ConfUtils.java:logGet(46)) - raft.grpc.server.async.request.thread.pool.size = 32 (default)
2024-07-06 11:54:00,641 [main] INFO  impl.DataStreamServerImpl (ConfUtils.java:logGet(46)) - raft.datastream.type = NETTY (custom)
2024-07-06 11:54:00,642 [main] INFO  server.RaftServerConfigKeys (ConfUtils.java:logGet(46)) - raft.server.data-stream.async.request.thread.pool.cached = false (default)
2024-07-06 11:54:00,642 [main] INFO  server.RaftServerConfigKeys (ConfUtils.java:logGet(46)) - raft.server.data-stream.async.request.thread.pool.size = 20 (custom)
2024-07-06 11:54:00,642 [main] INFO  server.RaftServerConfigKeys (ConfUtils.java:logGet(46)) - raft.server.data-stream.async.write.thread.pool.size = 16 (default)
2024-07-06 11:54:00,642 [main] INFO  netty.NettyConfigKeys$DataStream (ConfUtils.java:logGet(46)) - raft.netty.dataStream.server.channel.inactive.grace-period = 10min (default)
2024-07-06 11:54:00,642 [main] INFO  server.RaftServerConfigKeys (ConfUtils.java:logGet(46)) - raft.server.data-stream.client.pool.size = 10 (default)
2024-07-06 11:54:00,642 [main] INFO  netty.NettyConfigKeys$DataStream (ConfUtils.java:logGet(46)) - raft.netty.dataStream.server.use-epoll = true (default)
2024-07-06 11:54:00,642 [main] INFO  netty.NettyConfigKeys$DataStream (ConfUtils.java:logGet(46)) - raft.netty.dataStream.server.boss-group.size = 0 (default)
2024-07-06 11:54:00,642 [main] INFO  netty.NettyUtils (NettyUtils.java:newEventLoopGroup(74)) - Create EpollEventLoopGroup for 0cfa5fef-e387-4d03-8755-cac648de9f82-NettyServerStreamRpc-bossGroup; Thread size is 0.
2024-07-06 11:54:00,643 [main] INFO  netty.NettyConfigKeys$DataStream (ConfUtils.java:logGet(46)) - raft.netty.dataStream.server.worker-group.size = 0 (default)
2024-07-06 11:54:00,643 [main] INFO  netty.NettyUtils (NettyUtils.java:newEventLoopGroup(74)) - Create EpollEventLoopGroup for 0cfa5fef-e387-4d03-8755-cac648de9f82-NettyServerStreamRpc-workerGroup; Thread size is 0.
2024-07-06 11:54:00,643 [main] INFO  netty.NettyConfigKeys$DataStream (ConfUtils.java:logGet(46)) - raft.netty.dataStream.server.tls.conf = null (default)
2024-07-06 11:54:00,644 [main] INFO  netty.NettyConfigKeys$DataStream (ConfUtils.java:logGet(46)) - raft.netty.dataStream.host = null (default)
2024-07-06 11:54:00,644 [main] INFO  netty.NettyConfigKeys$DataStream (ConfUtils.java:logGet(46)) - raft.netty.dataStream.port = 15056 (custom)
2024-07-06 11:54:00,644 [main] INFO  server.RaftServerConfigKeys (ConfUtils.java:logGet(46)) - raft.server.sleep.deviation.threshold = 300ms (default)
2024-07-06 11:54:00,644 [main] INFO  server.RaftServerConfigKeys (ConfUtils.java:logGet(46)) - raft.server.close.threshold = 60s (default)
2024-07-06 11:54:00,644 [main] INFO  server.RaftServerConfigKeys (ConfUtils.java:logGet(46)) - raft.server.leaderelection.leader.step-down.wait-time = 10s (default)
2024-07-06 11:54:00,644 [main] INFO  server.RaftServerConfigKeys (ConfUtils.java:logGet(46)) - raft.server.storage.dir = [/home/runner/work/ozone/ozone/hadoop-ozone/integration-test/target/test-dir/MiniOzoneClusterImpl-23934d72-33be-4118-bcff-1eb1b476413a/ozone-meta/datanode-2/ratis] (custom)
2024-07-06 11:54:00,644 [main] INFO  server.RaftServerConfigKeys (ConfUtils.java:logGet(46)) - raft.server.threadpool.proxy.cached = true (default)
2024-07-06 11:54:00,645 [main] INFO  server.RaftServerConfigKeys (ConfUtils.java:logGet(46)) - raft.server.threadpool.proxy.size = 0 (default)
2024-07-06 11:54:00,645 [0cfa5fef-e387-4d03-8755-cac648de9f82-impl-thread1] INFO  server.RaftServer (RaftServerProxy.java:initGroupDir(266)) - 0cfa5fef-e387-4d03-8755-cac648de9f82: found a subdirectory /home/runner/work/ozone/ozone/hadoop-ozone/integration-test/target/test-dir/MiniOzoneClusterImpl-23934d72-33be-4118-bcff-1eb1b476413a/ozone-meta/datanode-2/ratis/tmp
2024-07-06 11:54:00,645 [0cfa5fef-e387-4d03-8755-cac648de9f82-NettyServerStreamRpc-bossGroup--thread1] INFO  logging.LoggingHandler (AbstractInternalLogger.java:log(148)) - [id: 0xd9e987c2] REGISTERED
2024-07-06 11:54:00,645 [0cfa5fef-e387-4d03-8755-cac648de9f82-impl-thread1] INFO  server.RaftServer (RaftServerProxy.java:initGroupDir(271)) - 0cfa5fef-e387-4d03-8755-cac648de9f82: The directory /home/runner/work/ozone/ozone/hadoop-ozone/integration-test/target/test-dir/MiniOzoneClusterImpl-23934d72-33be-4118-bcff-1eb1b476413a/ozone-meta/datanode-2/ratis/tmp is not a group directory; ignoring it. 
2024-07-06 11:54:00,645 [0cfa5fef-e387-4d03-8755-cac648de9f82-NettyServerStreamRpc-bossGroup--thread1] INFO  logging.LoggingHandler (AbstractInternalLogger.java:log(148)) - [id: 0xd9e987c2] BIND: 0.0.0.0/0.0.0.0:15056
2024-07-06 11:54:00,645 [0cfa5fef-e387-4d03-8755-cac648de9f82-NettyServerStreamRpc-bossGroup--thread1] INFO  logging.LoggingHandler (AbstractInternalLogger.java:log(148)) - [id: 0xd9e987c2, L:/0.0.0.0:15056] ACTIVE
2024-07-06 11:54:00,645 [main] INFO  replication.ReplicationServer (ReplicationServer.java:<init>(86)) - Initializing replication server with thread count = 10 queue length = 4096
2024-07-06 11:54:00,646 [main] INFO  server.XceiverServerGrpc (XceiverServerGrpc.java:<init>(141)) - GrpcServer channel type EpollServerSocketChannel
2024-07-06 11:54:00,648 [main] INFO  replication.ReplicationSupervisor (ReplicationSupervisor.java:build(157)) - Initializing replication supervisor with thread count = 10
2024-07-06 11:54:00,648 [main] INFO  replication.ReplicationSupervisor (ReplicationSupervisor.java:nodeStateUpdated(312)) - Node state updated to IN_SERVICE, scaling executor pool size to 10
2024-07-06 11:54:00,658 [main] INFO  http.BaseHttpServer (BaseHttpServer.java:newHttpServer2BuilderForOzone(223)) - Starting Web-server for hddsDatanode at: http://0.0.0.0:15050
2024-07-06 11:54:00,658 [main] INFO  http.BaseHttpServer (BaseHttpServer.java:<init>(110)) - Hadoop Security Enabled: true Ozone Security Enabled: true Ozone HTTP Security Enabled: false 
2024-07-06 11:54:00,660 [main] WARN  server.AuthenticationFilter (AuthenticationFilter.java:constructSecretProvider(240)) - Unable to initialize FileSignerSecretProvider, falling back to use random secrets. Reason: Could not read signature secret file: /home/runner/hadoop-http-auth-signature-secret
2024-07-06 11:54:00,660 [main] INFO  http.HttpRequestLog (HttpRequestLog.java:getRequestLog(86)) - Http request log for http.requests.hddsDatanode is not defined
2024-07-06 11:54:00,661 [main] INFO  http.HttpServer2 (HttpServer2.java:addGlobalFilter(1036)) - Added global filter 'safety' (class=org.apache.hadoop.hdds.server.http.HttpServer2$QuotingInputFilter)
2024-07-06 11:54:00,662 [main] INFO  http.HttpServer2 (HttpServer2.java:addFilter(1012)) - Added filter static_user_filter (class=org.apache.hadoop.http.lib.StaticUserWebFilter$StaticUserFilter) to context hddsDatanode
2024-07-06 11:54:00,662 [main] INFO  http.HttpServer2 (HttpServer2.java:addFilter(1020)) - Added filter static_user_filter (class=org.apache.hadoop.http.lib.StaticUserWebFilter$StaticUserFilter) to context logs
2024-07-06 11:54:00,662 [main] INFO  http.HttpServer2 (HttpServer2.java:addFilter(1020)) - Added filter static_user_filter (class=org.apache.hadoop.http.lib.StaticUserWebFilter$StaticUserFilter) to context static
2024-07-06 11:54:00,663 [main] INFO  http.BaseHttpServer (BaseHttpServer.java:<init>(189)) - HTTP server of hddsDatanode uses base directory /home/runner/work/ozone/ozone/hadoop-ozone/integration-test/target/test-dir/MiniOzoneClusterImpl-23934d72-33be-4118-bcff-1eb1b476413a/ozone-meta/datanode-2/meta/webserver
2024-07-06 11:54:00,663 [main] INFO  http.HttpServer2 (HttpServer2.java:bindListener(1236)) - Jetty bound to port 15050
2024-07-06 11:54:00,663 [main] INFO  server.Server (Server.java:doStart(375)) - jetty-9.4.55.v20240627; built: 2024-06-27T15:05:37.765Z; git: 70015831e5195ba74da6383c4ab7c90c56bb08af; jvm 17.0.11+9
2024-07-06 11:54:00,670 [main] INFO  server.session (DefaultSessionIdManager.java:doStart(334)) - DefaultSessionIdManager workerName=node0
2024-07-06 11:54:00,670 [main] INFO  server.session (DefaultSessionIdManager.java:doStart(339)) - No SessionScavenger set, using defaults
2024-07-06 11:54:00,670 [main] INFO  server.session (HouseKeeper.java:startScavenging(132)) - node0 Scavenging every 660000ms
2024-07-06 11:54:00,671 [main] INFO  handler.ContextHandler (ContextHandler.java:doStart(921)) - Started o.e.j.s.ServletContextHandler@596ecd6c{logs,/logs,file:///home/runner/work/ozone/ozone/hadoop-ozone/integration-test/target/log,AVAILABLE}
2024-07-06 11:54:00,671 [main] INFO  handler.ContextHandler (ContextHandler.java:doStart(921)) - Started o.e.j.s.ServletContextHandler@735666c4{static,/static,jar:file:/home/runner/work/ozone/ozone/hadoop-hdds/container-service/target/hdds-container-service-1.5.0-SNAPSHOT.jar!/webapps/static,AVAILABLE}
2024-07-06 11:54:00,822 [main] INFO  handler.ContextHandler (ContextHandler.java:doStart(921)) - Started o.e.j.w.WebAppContext@2202c350{hddsDatanode,/,file:///home/runner/work/ozone/ozone/hadoop-ozone/integration-test/target/test-dir/MiniOzoneClusterImpl-23934d72-33be-4118-bcff-1eb1b476413a/ozone-meta/datanode-2/meta/webserver/jetty-0_0_0_0-15050-hdds-container-service-1_5_0-SNAPSHOT_jar-_-any-17440929605482044537/webapp/,AVAILABLE}{jar:file:/home/runner/work/ozone/ozone/hadoop-hdds/container-service/target/hdds-container-service-1.5.0-SNAPSHOT.jar!/webapps/hddsDatanode}
2024-07-06 11:54:00,822 [main] INFO  server.AbstractConnector (AbstractConnector.java:doStart(333)) - Started ServerConnector@2546604e{HTTP/1.1, (http/1.1)}{0.0.0.0:15050}
2024-07-06 11:54:00,822 [main] INFO  server.Server (Server.java:doStart(415)) - Started @26027ms
2024-07-06 11:54:00,822 [main] WARN  impl.MetricsSystemImpl (MetricsSystemImpl.java:register(279)) - Sink prometheus already exists!
2024-07-06 11:54:00,823 [main] INFO  http.BaseHttpServer (BaseHttpServer.java:updateConnectorAddress(354)) - HTTP server of hddsDatanode listening at http://0.0.0.0:15050
2024-07-06 11:54:00,824 [main] INFO  ipc.CallQueueManager (CallQueueManager.java:<init>(90)) - Using callQueue: class java.util.concurrent.LinkedBlockingQueue, queueCapacity: 100, scheduler: class org.apache.hadoop.ipc.DefaultRpcScheduler, ipcBackoff: false.
2024-07-06 11:54:00,824 [main] INFO  ipc.Server (Server.java:<init>(1287)) - Listener at 0.0.0.0:15051
2024-07-06 11:54:00,824 [Socket Reader #1 for port 15051] INFO  ipc.Server (Server.java:run(1323)) - Starting Socket Reader #1 for port 15051
2024-07-06 11:54:00,827 [main] INFO  ozone.HddsDatanodeService (HddsDatanodeService.java:start(320)) - Datanode start with admins: [runner, scm]
2024-07-06 11:54:00,827 [main] INFO  ozone.HddsDatanodeClientProtocolServer (HddsDatanodeClientProtocolServer.java:start(77)) - RPC server for Client /0.0.0.0:15051
2024-07-06 11:54:00,832 [IPC Server Responder] INFO  ipc.Server (Server.java:run(1562)) - IPC Server Responder: starting
2024-07-06 11:54:00,832 [IPC Server listener on 15051] INFO  ipc.Server (Server.java:run(1402)) - IPC Server listener on 15051: starting
2024-07-06 11:54:00,841 [0cfa5fef-e387-4d03-8755-cac648de9f82-DatanodeStateMachineDaemonThread] INFO  statemachine.DatanodeStateMachine (DatanodeStateMachine.java:lambda$startDaemon$1(545)) - Ozone container server started.
2024-07-06 11:54:00,841 [main] WARN  dropwizard3.Dm3MetricRegistriesImpl (Dm3MetricRegistriesImpl.java:addReporterRegistration(114)) - New reporters are added after registries were created. Some metrics will be missing from the reporter. Please add reporter before adding any new registry.
2024-07-06 11:54:00,841 [main] WARN  dropwizard3.Dm3MetricRegistriesImpl (Dm3MetricRegistriesImpl.java:addReporterRegistration(114)) - New reporters are added after registries were created. Some metrics will be missing from the reporter. Please add reporter before adding any new registry.
2024-07-06 11:54:00,841 [main] INFO  impl.MetricsSystemImpl (MetricsSystemImpl.java:init(158)) - HddsDatanode metrics system started (again)
2024-07-06 11:54:00,854 [main] INFO  ozone.HddsDatanodeService (HddsDatanodeService.java:start(236)) - HddsDatanodeService host:fv-az1041-405.cgqmq5qunpnelbz5tk1v55v5te.bx.internal.cloudapp.net ip:10.1.0.11
2024-07-06 11:54:00,854 [main] INFO  ozone.HddsDatanodeService (HddsDatanodeService.java:start(244)) - Ozone security is enabled. Attempting login for Hdds Datanode user. Principal: scm/fv-az1041-405.cgqmq5qunpnelbz5tk1v55v5te.bx.internal.cloudapp.net@EXAMPLE.COM,keytab: /tmp/junit11704107737849160114/scm.keytab
2024-07-06 11:54:00,856 [pool-1-thread-2] INFO  request.KdcRequest (KdcRequest.java:preauth(651)) - The preauth data is empty.
2024-07-06 11:54:00,856 [pool-1-thread-2] INFO  server.KdcHandler (KdcHandler.java:handleRecoverableException(177)) - KRB error occurred while processing request:Additional pre-authentication required
2024-07-06 11:54:00,859 [pool-1-thread-2] INFO  request.AsRequest (AsRequest.java:issueTicket(112)) - AS_REQ ISSUE: authtime 1720266840859,scm/fv-az1041-405.cgqmq5qunpnelbz5tk1v55v5te.bx.internal.cloudapp.net@EXAMPLE.COM for krbtgt/EXAMPLE.COM@EXAMPLE.COM
2024-07-06 11:54:00,860 [main] INFO  security.UserGroupInformation (UserGroupInformation.java:loginUserFromKeytab(1132)) - Login successful for user scm/fv-az1041-405.cgqmq5qunpnelbz5tk1v55v5te.bx.internal.cloudapp.net@EXAMPLE.COM using keytab file scm.keytab. Keytab auto renewal enabled : false
2024-07-06 11:54:00,860 [main] INFO  ozone.HddsDatanodeService (HddsDatanodeService.java:start(262)) - Hdds Datanode login successful.
2024-07-06 11:54:00,862 [main] INFO  ozone.HddsDatanodeService (HddsDatanodeService.java:initializeCertificateClient(381)) - Initializing secure Datanode.
2024-07-06 11:54:00,863 [main] INFO  ha.SCMNodeInfo (SCMNodeInfo.java:getPort(197)) - ConfigKey ozone.scm.client.address is deprecated, For configuring different ports for each SCM use PortConfigKey ozone.scm.client.port appended with serviceId and nodeId
2024-07-06 11:54:00,863 [main] INFO  ha.SCMNodeInfo (SCMNodeInfo.java:getPort(197)) - ConfigKey ozone.scm.block.client.address is deprecated, For configuring different ports for each SCM use PortConfigKey ozone.scm.block.client.port appended with serviceId and nodeId
2024-07-06 11:54:00,863 [main] INFO  ha.SCMNodeInfo (SCMNodeInfo.java:getPort(197)) - ConfigKey ozone.scm.security.service.address is deprecated, For configuring different ports for each SCM use PortConfigKey ozone.scm.security.service.port appended with serviceId and nodeId
2024-07-06 11:54:00,863 [main] INFO  ha.SCMNodeInfo (SCMNodeInfo.java:getPort(197)) - ConfigKey ozone.scm.datanode.address is deprecated, For configuring different ports for each SCM use PortConfigKey ozone.scm.datanode.port appended with serviceId and nodeId
2024-07-06 11:54:00,864 [main] INFO  ha.SCMNodeInfo (SCMNodeInfo.java:getPort(197)) - ConfigKey ozone.scm.client.address is deprecated, For configuring different ports for each SCM use PortConfigKey ozone.scm.client.port appended with serviceId and nodeId
2024-07-06 11:54:00,864 [main] INFO  ha.SCMNodeInfo (SCMNodeInfo.java:getPort(197)) - ConfigKey ozone.scm.block.client.address is deprecated, For configuring different ports for each SCM use PortConfigKey ozone.scm.block.client.port appended with serviceId and nodeId
2024-07-06 11:54:00,864 [main] INFO  ha.SCMNodeInfo (SCMNodeInfo.java:getPort(197)) - ConfigKey ozone.scm.security.service.address is deprecated, For configuring different ports for each SCM use PortConfigKey ozone.scm.security.service.port appended with serviceId and nodeId
2024-07-06 11:54:00,864 [main] INFO  ha.SCMNodeInfo (SCMNodeInfo.java:getPort(197)) - ConfigKey ozone.scm.datanode.address is deprecated, For configuring different ports for each SCM use PortConfigKey ozone.scm.datanode.port appended with serviceId and nodeId
2024-07-06 11:54:00,864 [main] INFO  ha.SCMNodeInfo (SCMNodeInfo.java:getPort(197)) - ConfigKey ozone.scm.client.address is deprecated, For configuring different ports for each SCM use PortConfigKey ozone.scm.client.port appended with serviceId and nodeId
2024-07-06 11:54:00,864 [main] INFO  ha.SCMNodeInfo (SCMNodeInfo.java:getPort(197)) - ConfigKey ozone.scm.block.client.address is deprecated, For configuring different ports for each SCM use PortConfigKey ozone.scm.block.client.port appended with serviceId and nodeId
2024-07-06 11:54:00,864 [main] INFO  ha.SCMNodeInfo (SCMNodeInfo.java:getPort(197)) - ConfigKey ozone.scm.security.service.address is deprecated, For configuring different ports for each SCM use PortConfigKey ozone.scm.security.service.port appended with serviceId and nodeId
2024-07-06 11:54:00,864 [main] INFO  ha.SCMNodeInfo (SCMNodeInfo.java:getPort(197)) - ConfigKey ozone.scm.datanode.address is deprecated, For configuring different ports for each SCM use PortConfigKey ozone.scm.datanode.port appended with serviceId and nodeId
2024-07-06 11:54:00,864 [main] INFO  client.DNCertificateClient (DefaultCertificateClient.java:updateCertSerialId(1313)) - Certificate serial ID set to null
2024-07-06 11:54:00,864 [main] ERROR client.DNCertificateClient (DefaultCertificateClient.java:getCertPath(376)) - Default certificate serial id is not set. Can't locate the default certificate for this client.
2024-07-06 11:54:00,865 [main] INFO  client.DNCertificateClient (DefaultCertificateClient.java:init(720)) - Certificate client init case: 0
2024-07-06 11:54:00,865 [main] INFO  client.DNCertificateClient (DefaultCertificateClient.java:handleCase(738)) - Creating keypair for client as keypair and certificate not found.
2024-07-06 11:54:00,885 [0cfa5fef-e387-4d03-8755-cac648de9f82-DatanodeStateMachineTaskThread-0] INFO  ha.SCMNodeInfo (SCMNodeInfo.java:getPort(197)) - ConfigKey ozone.scm.client.address is deprecated, For configuring different ports for each SCM use PortConfigKey ozone.scm.client.port appended with serviceId and nodeId
2024-07-06 11:54:00,885 [0cfa5fef-e387-4d03-8755-cac648de9f82-DatanodeStateMachineTaskThread-0] INFO  ha.SCMNodeInfo (SCMNodeInfo.java:getPort(197)) - ConfigKey ozone.scm.block.client.address is deprecated, For configuring different ports for each SCM use PortConfigKey ozone.scm.block.client.port appended with serviceId and nodeId
2024-07-06 11:54:00,885 [0cfa5fef-e387-4d03-8755-cac648de9f82-DatanodeStateMachineTaskThread-0] INFO  ha.SCMNodeInfo (SCMNodeInfo.java:getPort(197)) - ConfigKey ozone.scm.security.service.address is deprecated, For configuring different ports for each SCM use PortConfigKey ozone.scm.security.service.port appended with serviceId and nodeId
2024-07-06 11:54:00,885 [0cfa5fef-e387-4d03-8755-cac648de9f82-DatanodeStateMachineTaskThread-0] INFO  ha.SCMNodeInfo (SCMNodeInfo.java:getPort(197)) - ConfigKey ozone.scm.datanode.address is deprecated, For configuring different ports for each SCM use PortConfigKey ozone.scm.datanode.port appended with serviceId and nodeId
2024-07-06 11:54:00,885 [0cfa5fef-e387-4d03-8755-cac648de9f82-DatanodeStateMachineTaskThread-0] INFO  ha.SCMNodeInfo (SCMNodeInfo.java:getPort(197)) - ConfigKey ozone.scm.client.address is deprecated, For configuring different ports for each SCM use PortConfigKey ozone.scm.client.port appended with serviceId and nodeId
2024-07-06 11:54:00,885 [0cfa5fef-e387-4d03-8755-cac648de9f82-DatanodeStateMachineTaskThread-0] INFO  ha.SCMNodeInfo (SCMNodeInfo.java:getPort(197)) - ConfigKey ozone.scm.block.client.address is deprecated, For configuring different ports for each SCM use PortConfigKey ozone.scm.block.client.port appended with serviceId and nodeId
2024-07-06 11:54:00,885 [0cfa5fef-e387-4d03-8755-cac648de9f82-DatanodeStateMachineTaskThread-0] INFO  ha.SCMNodeInfo (SCMNodeInfo.java:getPort(197)) - ConfigKey ozone.scm.security.service.address is deprecated, For configuring different ports for each SCM use PortConfigKey ozone.scm.security.service.port appended with serviceId and nodeId
2024-07-06 11:54:00,885 [0cfa5fef-e387-4d03-8755-cac648de9f82-DatanodeStateMachineTaskThread-0] INFO  ha.SCMNodeInfo (SCMNodeInfo.java:getPort(197)) - ConfigKey ozone.scm.datanode.address is deprecated, For configuring different ports for each SCM use PortConfigKey ozone.scm.datanode.port appended with serviceId and nodeId
2024-07-06 11:54:00,885 [0cfa5fef-e387-4d03-8755-cac648de9f82-DatanodeStateMachineTaskThread-0] INFO  ha.SCMNodeInfo (SCMNodeInfo.java:getPort(197)) - ConfigKey ozone.scm.client.address is deprecated, For configuring different ports for each SCM use PortConfigKey ozone.scm.client.port appended with serviceId and nodeId
2024-07-06 11:54:00,885 [0cfa5fef-e387-4d03-8755-cac648de9f82-DatanodeStateMachineTaskThread-0] INFO  ha.SCMNodeInfo (SCMNodeInfo.java:getPort(197)) - ConfigKey ozone.scm.block.client.address is deprecated, For configuring different ports for each SCM use PortConfigKey ozone.scm.block.client.port appended with serviceId and nodeId
2024-07-06 11:54:00,885 [0cfa5fef-e387-4d03-8755-cac648de9f82-DatanodeStateMachineTaskThread-0] INFO  ha.SCMNodeInfo (SCMNodeInfo.java:getPort(197)) - ConfigKey ozone.scm.security.service.address is deprecated, For configuring different ports for each SCM use PortConfigKey ozone.scm.security.service.port appended with serviceId and nodeId
2024-07-06 11:54:00,885 [0cfa5fef-e387-4d03-8755-cac648de9f82-DatanodeStateMachineTaskThread-0] INFO  ha.SCMNodeInfo (SCMNodeInfo.java:getPort(197)) - ConfigKey ozone.scm.datanode.address is deprecated, For configuring different ports for each SCM use PortConfigKey ozone.scm.datanode.port appended with serviceId and nodeId
2024-07-06 11:54:00,893 [0cfa5fef-e387-4d03-8755-cac648de9f82-DatanodeStateMachineTaskThread-0] INFO  datanode.InitDatanodeState (InitDatanodeState.java:persistContainerDatanodeDetails(139)) - DatanodeDetails is persisted to /home/runner/work/ozone/ozone/hadoop-ozone/integration-test/target/test-dir/MiniOzoneClusterImpl-23934d72-33be-4118-bcff-1eb1b476413a/ozone-meta/datanode-2/meta/datanode.id
2024-07-06 11:54:00,996 [main] INFO  client.DNCertificateClient (DefaultCertificateClient.java:recoverStateIfNeeded(800)) - Init response: GETCERT
2024-07-06 11:54:00,997 [main] INFO  ozone.OzoneSecurityUtil (OzoneSecurityUtil.java:getValidInetsForCurrentHost(120)) - ip:fe80:0:0:0:6245:bdff:fed7:3321%eth0 not returned.
2024-07-06 11:54:00,997 [main] INFO  ozone.OzoneSecurityUtil (OzoneSecurityUtil.java:getValidInetsForCurrentHost(117)) - Adding ip:10.1.0.11,host:fv-az1041-405.cgqmq5qunpnelbz5tk1v55v5te.bx.internal.cloudapp.net
2024-07-06 11:54:00,997 [main] INFO  ozone.OzoneSecurityUtil (OzoneSecurityUtil.java:getValidInetsForCurrentHost(120)) - ip:0:0:0:0:0:0:0:1%lo not returned.
2024-07-06 11:54:00,997 [main] INFO  ozone.OzoneSecurityUtil (OzoneSecurityUtil.java:getValidInetsForCurrentHost(120)) - ip:127.0.0.1 not returned.
2024-07-06 11:54:00,997 [main] INFO  client.DNCertificateClient (DNCertificateClient.java:getCSRBuilder(86)) - Created csr for DN-> subject:scm@fv-az1041-405.cgqmq5qunpnelbz5tk1v55v5te.bx.internal.cloudapp.net
2024-07-06 11:54:01,005 [pool-1-thread-2] INFO  request.TgsRequest (TgsRequest.java:issueTicket(115)) - TGS_REQ ISSUE: authtime 1720266841004,scm/fv-az1041-405.cgqmq5qunpnelbz5tk1v55v5te.bx.internal.cloudapp.net for scm/fv-az1041-405.cgqmq5qunpnelbz5tk1v55v5te.bx.internal.cloudapp.net@EXAMPLE.COM
2024-07-06 11:54:01,009 [Socket Reader #1 for port 15002] INFO  ipc.Server (Server.java:saslProcess(2139)) - Auth successful for scm/fv-az1041-405.cgqmq5qunpnelbz5tk1v55v5te.bx.internal.cloudapp.net@EXAMPLE.COM (auth:KERBEROS) from fv-az1041-405.cgqmq5qunpnelbz5tk1v55v5te.bx.internal.cloudapp.net:41729 / 10.1.0.11:41729
2024-07-06 11:54:01,025 [Socket Reader #1 for port 15002] INFO  authorize.ServiceAuthorizationManager (ServiceAuthorizationManager.java:authorize(137)) - Authorization successful for scm/fv-az1041-405.cgqmq5qunpnelbz5tk1v55v5te.bx.internal.cloudapp.net@EXAMPLE.COM (auth:KERBEROS) for protocol=interface org.apache.hadoop.hdds.protocol.SCMSecurityProtocol
2024-07-06 11:54:01,026 [IPC Server handler 0 on default port 15002] INFO  server.SCMSecurityProtocolServer (SCMSecurityProtocolServer.java:getDataNodeCertificate(183)) - Processing CSR for dn fv-az1041-405.cgqmq5qunpnelbz5tk1v55v5te.bx.internal.cloudapp.net, UUID: eb39f61f-e86a-4779-8e52-f95c095d9393
2024-07-06 11:54:01,030 [eb66df86-6ffc-4e53-b873-cb2b44d5f35d@group-1EB1B476413A-StateMachineUpdater] INFO  safemode.HealthyPipelineSafeModeRule (HealthyPipelineSafeModeRule.java:initializeRule(172)) - Refreshed total pipeline count is 0, healthy pipeline threshold count is 1
2024-07-06 11:54:01,031 [IPC Server handler 0 on default port 15002] INFO  ha.SequenceIdGenerator (SequenceIdGenerator.java:getNextId(144)) - Allocate a batch for CertificateId, change lastId from 7 to 8.
2024-07-06 11:54:01,032 [39a46239-dc5f-49f3-8624-e36d450519bc@group-1EB1B476413A-StateMachineUpdater] INFO  safemode.HealthyPipelineSafeModeRule (HealthyPipelineSafeModeRule.java:initializeRule(172)) - Refreshed total pipeline count is 0, healthy pipeline threshold count is 1
2024-07-06 11:54:01,036 [IPC Server handler 0 on default port 15002] INFO  authority.DefaultApprover (DefaultApprover.java:sign(174)) - Extensions in CSR: 2.5.29.15, 2.5.29.17
2024-07-06 11:54:01,038 [IPC Server handler 0 on default port 15002] INFO  authority.DefaultApprover (DefaultApprover.java:sign(178)) - Extensions to add to the certificate if they present in CSR: 2.5.29.15, 2.5.29.17, 2.5.29.35, 2.5.29.37, 2.5.29.19, 1.3.6.1.5.5.7.1.12
2024-07-06 11:54:01,037 [41075d7a-0d70-4fa2-ba46-cbc672699b06@group-1EB1B476413A-StateMachineUpdater] INFO  safemode.HealthyPipelineSafeModeRule (HealthyPipelineSafeModeRule.java:initializeRule(172)) - Refreshed total pipeline count is 0, healthy pipeline threshold count is 1
2024-07-06 11:54:01,053 [eb66df86-6ffc-4e53-b873-cb2b44d5f35d@group-1EB1B476413A-StateMachineUpdater] INFO  safemode.HealthyPipelineSafeModeRule (HealthyPipelineSafeModeRule.java:initializeRule(172)) - Refreshed total pipeline count is 0, healthy pipeline threshold count is 1
2024-07-06 11:54:01,058 [41075d7a-0d70-4fa2-ba46-cbc672699b06@group-1EB1B476413A-StateMachineUpdater] INFO  safemode.HealthyPipelineSafeModeRule (HealthyPipelineSafeModeRule.java:initializeRule(172)) - Refreshed total pipeline count is 0, healthy pipeline threshold count is 1
2024-07-06 11:54:01,059 [39a46239-dc5f-49f3-8624-e36d450519bc@group-1EB1B476413A-StateMachineUpdater] INFO  safemode.HealthyPipelineSafeModeRule (HealthyPipelineSafeModeRule.java:initializeRule(172)) - Refreshed total pipeline count is 0, healthy pipeline threshold count is 1
2024-07-06 11:54:01,065 [main] INFO  utils.CertificateCodec (CertificateCodec.java:writeCertificate(253)) - Save certificate to /home/runner/work/ozone/ozone/hadoop-ozone/integration-test/target/test-dir/MiniOzoneClusterImpl-23934d72-33be-4118-bcff-1eb1b476413a/ozone-meta/datanode-3/meta/dn/certs/8.crt
2024-07-06 11:54:01,066 [main] INFO  utils.CertificateCodec (CertificateCodec.java:writeCertificate(254)) - Certificate -----BEGIN CERTIFICATE-----
MIIEIzCCAwugAwIBAgIBCDANBgkqhkiG9w0BAQsFADCBhjEaMBgGA1UEAwwRc2Nt
LXN1YkBsb2NhbGhvc3QxLTArBgNVBAsMJGViNjZkZjg2LTZmZmMtNGU1My1iODcz
LWNiMmI0NGQ1ZjM1ZDEtMCsGA1UECgwkMjM5MzRkNzItMzNiZS00MTE4LWJjZmYt
MWViMWI0NzY0MTNhMQowCAYDVQQFEwEyMB4XDTI0MDcwNjExNTQwMVoXDTI1MDcw
NjExNTQwMVowgboxTjBMBgNVBAMMRXNjbUBmdi1hejEwNDEtNDA1LmNncW1xNXF1
bnBuZWxiejV0azF2NTV2NXRlLmJ4LmludGVybmFsLmNsb3VkYXBwLm5ldDEtMCsG
A1UECwwkZWI2NmRmODYtNmZmYy00ZTUzLWI4NzMtY2IyYjQ0ZDVmMzVkMS0wKwYD
VQQKDCQyMzkzNGQ3Mi0zM2JlLTQxMTgtYmNmZi0xZWIxYjQ3NjQxM2ExCjAIBgNV
BAUTATgwggEiMA0GCSqGSIb3DQEBAQUAA4IBDwAwggEKAoIBAQDCSijVJX4tXo4h
2XKzSBFcvXcoAVPMBMpJZMlpOW9UF/C5OrtN9SQBbJT0qVUEavCv0WDv0xNznBHe
Vef1tL1Eg8JSjRYXVPZS9OFLE3WoA86DsioxyW+m6u2+FyFIOl37ZyhACX+kRTNx
sD8Hu9VQVhrq2I69XinB+yWUoTnK7O376GjF8rp9aqAxfiDvj2wlpUeZzX17i3+e
sKrtgQ6G3ndUC9YzUb38LjcGMkuDHIwlHy1Io+WamJzNjQCDnBpasjejUXyFESYW
diZUER5SF6C6uGjZJwq1qvXmsCtZeLfsgnERQ6gdpTRqKMLMaoF6l+2s0X9unwn6
vw1B/L3ZAgMBAAGjZjBkMA4GA1UdDwEB/wQEAwIDuDBSBgNVHREESzBJhwQKAQAL
gkFmdi1hejEwNDEtNDA1LmNncW1xNXF1bnBuZWxiejV0azF2NTV2NXRlLmJ4Lmlu
dGVybmFsLmNsb3VkYXBwLm5ldDANBgkqhkiG9w0BAQsFAAOCAQEAAw1uY3/rTPn+
RZWLF8695l028PcqbYWRVSAQFd//I4eTDRPBmozaPYuNSKCsyiQ9IeM8TtjMTsVs
/qKYwz1g7DH1cxC2Kvd1UcDLEXQteCbJPF8lDUiCoL+/+qCHK3X9KJnyKVtO17nn
q2heweWjKwCwrffNns43N21cxrCF9C7ld6m5pmPZ88b5Gmbdwll7AcVHxuY4Mb4o
FJWnWcoYszgNQRUY1vVXtqomTy/BYXd6OvOJ/7rCw51dyQvBdjFa7NlWb/8Nha4b
QyIxo5bIUXwO4VsYC7a2z+rOJFs3+m1aeKXxJnUKkGwt0+42qIFYYvyh/Mac2nP5
xGOFYnr9Ig==
-----END CERTIFICATE-----

-----BEGIN CERTIFICATE-----
MIIEADCCAuigAwIBAgIBAjANBgkqhkiG9w0BAQsFADCBhjEaMBgGA1UEAwwRc2Nt
QGZ2LWF6MTA0MS00MDUxLTArBgNVBAsMJGViNjZkZjg2LTZmZmMtNGU1My1iODcz
LWNiMmI0NGQ1ZjM1ZDEtMCsGA1UECgwkMjM5MzRkNzItMzNiZS00MTE4LWJjZmYt
MWViMWI0NzY0MTNhMQowCAYDVQQFEwExMB4XDTI0MDcwNjExNTMzN1oXDTI5MDgx
NDExNTMzN1owgYYxGjAYBgNVBAMMEXNjbS1zdWJAbG9jYWxob3N0MS0wKwYDVQQL
DCRlYjY2ZGY4Ni02ZmZjLTRlNTMtYjg3My1jYjJiNDRkNWYzNWQxLTArBgNVBAoM
JDIzOTM0ZDcyLTMzYmUtNDExOC1iY2ZmLTFlYjFiNDc2NDEzYTEKMAgGA1UEBRMB
MjCCASIwDQYJKoZIhvcNAQEBBQADggEPADCCAQoCggEBAI9Ye6jhc8eewG6uvADS
jjH4n7H8xV5BeLfO+iOnnpmat2rPbporEWNfCre+xQYcSuUORf/LZ7KIjdHp+ipQ
ReTGtMIoToDJony/E9YZf6yROZaZUd7+PZHs1s8ZOPA93J6aFQvG6qRSjO9QuZeo
BiAdNqYuoyihEUY7BAzoJElOP6nojwgcgd/qtkVsIjR0hft2yS7rtfPxiosoqNwT
TjC5/4SSP/VcuL2CsyYVRALRO7FiDgsrBJPUwj4I9bgWnrY0jjIxnI6Z3D9rPcre
KvshbMPmJDeN4Ghd1EH14DAP+ZfA4TLhZMdCL6mh+qVrUEMm1fR6LFwad9D6U/9X
ONECAwEAAaN3MHUwDgYDVR0PAQH/BAQDAgG+MFIGA1UdEQRLMEmHBAoBAAuCQWZ2
LWF6MTA0MS00MDUuY2dxbXE1cXVucG5lbGJ6NXRrMXY1NXY1dGUuYnguaW50ZXJu
YWwuY2xvdWRhcHAubmV0MA8GA1UdEwEB/wQFMAMBAf8wDQYJKoZIhvcNAQELBQAD
ggEBAEn6t5IxwWoYkgosnNwulVIeHljhuMenV5jE8iJlNA81ytCU/Fmlxnazacr/
n8rjbSvu0oGBKefyzu6oN3zpNNnvjQuffmQlK5QgZnTd2PH0drqPWxb049IegWzX
O5U9B9F9AwA3eQ46EERZPireJVMA8AzZwG367v0bUMxupfxCwfnT6Yc7vJ/O+dj2
Od9xed8EEd0CbMLB36lRyyFOd4j+BXCurp59p5AgsXuWBkcTe9j8aqqxztEU3A7o
FMYKDKLv82h3kAKyL6MFnMVWGA5+6CwAXhcFbwCuqRv10FoMLMenzaXHhPL+Zw/E
ZM3EFkeVbLESdq/SMW6cnKU7cts=
-----END CERTIFICATE-----

-----BEGIN CERTIFICATE-----
MIIEADCCAuigAwIBAgIBATANBgkqhkiG9w0BAQsFADCBhjEaMBgGA1UEAwwRc2Nt
QGZ2LWF6MTA0MS00MDUxLTArBgNVBAsMJGViNjZkZjg2LTZmZmMtNGU1My1iODcz
LWNiMmI0NGQ1ZjM1ZDEtMCsGA1UECgwkMjM5MzRkNzItMzNiZS00MTE4LWJjZmYt
MWViMWI0NzY0MTNhMQowCAYDVQQFEwExMB4XDTI0MDcwNjExNTMzN1oXDTI5MDgx
NDExNTMzN1owgYYxGjAYBgNVBAMMEXNjbUBmdi1hejEwNDEtNDA1MS0wKwYDVQQL
DCRlYjY2ZGY4Ni02ZmZjLTRlNTMtYjg3My1jYjJiNDRkNWYzNWQxLTArBgNVBAoM
JDIzOTM0ZDcyLTMzYmUtNDExOC1iY2ZmLTFlYjFiNDc2NDEzYTEKMAgGA1UEBRMB
MTCCASIwDQYJKoZIhvcNAQEBBQADggEPADCCAQoCggEBAISmOYOluZt/lCgZxU9H
gvcsRqfRemrHFDZGFVDnpT5vtK374ntRLw6MYBdectIJAU2BZMRW1tU/pcvvodWO
cd/nlOosnhiBrABr0QIY3B4bFba/t5RfUn+iQQt5KmDmh8vFaFyuBrHzNF7amGrx
6hflYrKbY+aMZW2nHXs3Mk45uAeD2zSSem9/oImjiVvWqFxiSsGemn5RSP15Urz9
pO9VzeKwKhrTjP5jG6I10Nol4P9q6zGnYqj0pHgsFKaYnTd7X1eaH6pJo9Acdaqe
XPVM9f7ZFENikdcMP0RynUYBUzHfbillRgGBagITAjg/AtCnhlmAjTS/DXTH69dS
l1sCAwEAAaN3MHUwDwYDVR0TAQH/BAUwAwEB/zAOBgNVHQ8BAf8EBAMCAQYwUgYD
VR0RBEswSYcECgEAC4JBZnYtYXoxMDQxLTQwNS5jZ3FtcTVxdW5wbmVsYno1dGsx
djU1djV0ZS5ieC5pbnRlcm5hbC5jbG91ZGFwcC5uZXQwDQYJKoZIhvcNAQELBQAD
ggEBAGlIIHbij1bSYen9Ao1XYwzuFXzchqSUxADvCYG1Rt5iAYYTuzsnRSJxfb+w
Dv0ZSjfEDDCi3nugf7zGyV3fVMZP6Jmnb7fi05mFm37hE4DVR1bPOt+Fi4cim9F7
NjkAxiCcW68EMqxaYnMyk0gA16J6rQPjU54QemBDUpFvqq+oejkWWku45hIzwW/L
NX3qEOOAtaVwaGL0Etxcfo4dXRKwaQGN2Q8HeFOejNq1koQR7sSUX0psuShZNZ/j
sK9X9JrCD/F0377/CpgbbRfwVUoiqx4euBCrgEnYbcLJZs0x4iLW9B+oN3MfcuJP
cMcTfU+42boeZaemislAMeJ6P5c=
-----END CERTIFICATE-----

2024-07-06 11:54:01,066 [main] INFO  utils.CertificateCodec (CertificateCodec.java:writeCertificate(253)) - Save certificate to /home/runner/work/ozone/ozone/hadoop-ozone/integration-test/target/test-dir/MiniOzoneClusterImpl-23934d72-33be-4118-bcff-1eb1b476413a/ozone-meta/datanode-3/meta/dn/certs/CA-2.crt
2024-07-06 11:54:01,066 [main] INFO  utils.CertificateCodec (CertificateCodec.java:writeCertificate(254)) - Certificate -----BEGIN CERTIFICATE-----
MIIEADCCAuigAwIBAgIBAjANBgkqhkiG9w0BAQsFADCBhjEaMBgGA1UEAwwRc2Nt
QGZ2LWF6MTA0MS00MDUxLTArBgNVBAsMJGViNjZkZjg2LTZmZmMtNGU1My1iODcz
LWNiMmI0NGQ1ZjM1ZDEtMCsGA1UECgwkMjM5MzRkNzItMzNiZS00MTE4LWJjZmYt
MWViMWI0NzY0MTNhMQowCAYDVQQFEwExMB4XDTI0MDcwNjExNTMzN1oXDTI5MDgx
NDExNTMzN1owgYYxGjAYBgNVBAMMEXNjbS1zdWJAbG9jYWxob3N0MS0wKwYDVQQL
DCRlYjY2ZGY4Ni02ZmZjLTRlNTMtYjg3My1jYjJiNDRkNWYzNWQxLTArBgNVBAoM
JDIzOTM0ZDcyLTMzYmUtNDExOC1iY2ZmLTFlYjFiNDc2NDEzYTEKMAgGA1UEBRMB
MjCCASIwDQYJKoZIhvcNAQEBBQADggEPADCCAQoCggEBAI9Ye6jhc8eewG6uvADS
jjH4n7H8xV5BeLfO+iOnnpmat2rPbporEWNfCre+xQYcSuUORf/LZ7KIjdHp+ipQ
ReTGtMIoToDJony/E9YZf6yROZaZUd7+PZHs1s8ZOPA93J6aFQvG6qRSjO9QuZeo
BiAdNqYuoyihEUY7BAzoJElOP6nojwgcgd/qtkVsIjR0hft2yS7rtfPxiosoqNwT
TjC5/4SSP/VcuL2CsyYVRALRO7FiDgsrBJPUwj4I9bgWnrY0jjIxnI6Z3D9rPcre
KvshbMPmJDeN4Ghd1EH14DAP+ZfA4TLhZMdCL6mh+qVrUEMm1fR6LFwad9D6U/9X
ONECAwEAAaN3MHUwDgYDVR0PAQH/BAQDAgG+MFIGA1UdEQRLMEmHBAoBAAuCQWZ2
LWF6MTA0MS00MDUuY2dxbXE1cXVucG5lbGJ6NXRrMXY1NXY1dGUuYnguaW50ZXJu
YWwuY2xvdWRhcHAubmV0MA8GA1UdEwEB/wQFMAMBAf8wDQYJKoZIhvcNAQELBQAD
ggEBAEn6t5IxwWoYkgosnNwulVIeHljhuMenV5jE8iJlNA81ytCU/Fmlxnazacr/
n8rjbSvu0oGBKefyzu6oN3zpNNnvjQuffmQlK5QgZnTd2PH0drqPWxb049IegWzX
O5U9B9F9AwA3eQ46EERZPireJVMA8AzZwG367v0bUMxupfxCwfnT6Yc7vJ/O+dj2
Od9xed8EEd0CbMLB36lRyyFOd4j+BXCurp59p5AgsXuWBkcTe9j8aqqxztEU3A7o
FMYKDKLv82h3kAKyL6MFnMVWGA5+6CwAXhcFbwCuqRv10FoMLMenzaXHhPL+Zw/E
ZM3EFkeVbLESdq/SMW6cnKU7cts=
-----END CERTIFICATE-----

-----BEGIN CERTIFICATE-----
MIIEADCCAuigAwIBAgIBATANBgkqhkiG9w0BAQsFADCBhjEaMBgGA1UEAwwRc2Nt
QGZ2LWF6MTA0MS00MDUxLTArBgNVBAsMJGViNjZkZjg2LTZmZmMtNGU1My1iODcz
LWNiMmI0NGQ1ZjM1ZDEtMCsGA1UECgwkMjM5MzRkNzItMzNiZS00MTE4LWJjZmYt
MWViMWI0NzY0MTNhMQowCAYDVQQFEwExMB4XDTI0MDcwNjExNTMzN1oXDTI5MDgx
NDExNTMzN1owgYYxGjAYBgNVBAMMEXNjbUBmdi1hejEwNDEtNDA1MS0wKwYDVQQL
DCRlYjY2ZGY4Ni02ZmZjLTRlNTMtYjg3My1jYjJiNDRkNWYzNWQxLTArBgNVBAoM
JDIzOTM0ZDcyLTMzYmUtNDExOC1iY2ZmLTFlYjFiNDc2NDEzYTEKMAgGA1UEBRMB
MTCCASIwDQYJKoZIhvcNAQEBBQADggEPADCCAQoCggEBAISmOYOluZt/lCgZxU9H
gvcsRqfRemrHFDZGFVDnpT5vtK374ntRLw6MYBdectIJAU2BZMRW1tU/pcvvodWO
cd/nlOosnhiBrABr0QIY3B4bFba/t5RfUn+iQQt5KmDmh8vFaFyuBrHzNF7amGrx
6hflYrKbY+aMZW2nHXs3Mk45uAeD2zSSem9/oImjiVvWqFxiSsGemn5RSP15Urz9
pO9VzeKwKhrTjP5jG6I10Nol4P9q6zGnYqj0pHgsFKaYnTd7X1eaH6pJo9Acdaqe
XPVM9f7ZFENikdcMP0RynUYBUzHfbillRgGBagITAjg/AtCnhlmAjTS/DXTH69dS
l1sCAwEAAaN3MHUwDwYDVR0TAQH/BAUwAwEB/zAOBgNVHQ8BAf8EBAMCAQYwUgYD
VR0RBEswSYcECgEAC4JBZnYtYXoxMDQxLTQwNS5jZ3FtcTVxdW5wbmVsYno1dGsx
djU1djV0ZS5ieC5pbnRlcm5hbC5jbG91ZGFwcC5uZXQwDQYJKoZIhvcNAQELBQAD
ggEBAGlIIHbij1bSYen9Ao1XYwzuFXzchqSUxADvCYG1Rt5iAYYTuzsnRSJxfb+w
Dv0ZSjfEDDCi3nugf7zGyV3fVMZP6Jmnb7fi05mFm37hE4DVR1bPOt+Fi4cim9F7
NjkAxiCcW68EMqxaYnMyk0gA16J6rQPjU54QemBDUpFvqq+oejkWWku45hIzwW/L
NX3qEOOAtaVwaGL0Etxcfo4dXRKwaQGN2Q8HeFOejNq1koQR7sSUX0psuShZNZ/j
sK9X9JrCD/F0377/CpgbbRfwVUoiqx4euBCrgEnYbcLJZs0x4iLW9B+oN3MfcuJP
cMcTfU+42boeZaemislAMeJ6P5c=
-----END CERTIFICATE-----

2024-07-06 11:54:01,067 [IPC Server handler 1 on default port 15002] INFO  client.SCMCertificateClient (DefaultCertificateClient.java:getAllRootCaCerts(973)) - scm/sub-ca has 0 Root CA certificates
2024-07-06 11:54:01,067 [IPC Server handler 1 on default port 15002] INFO  client.SCMCertificateClient (DefaultCertificateClient.java:getAllCaCerts(981)) - scm/sub-ca has 1 CA certificates
2024-07-06 11:54:01,068 [main] INFO  utils.CertificateCodec (CertificateCodec.java:writeCertificate(253)) - Save certificate to /home/runner/work/ozone/ozone/hadoop-ozone/integration-test/target/test-dir/MiniOzoneClusterImpl-23934d72-33be-4118-bcff-1eb1b476413a/ozone-meta/datanode-3/meta/dn/certs/ROOTCA-1.crt
2024-07-06 11:54:01,068 [main] INFO  utils.CertificateCodec (CertificateCodec.java:writeCertificate(254)) - Certificate -----BEGIN CERTIFICATE-----
MIIEADCCAuigAwIBAgIBATANBgkqhkiG9w0BAQsFADCBhjEaMBgGA1UEAwwRc2Nt
QGZ2LWF6MTA0MS00MDUxLTArBgNVBAsMJGViNjZkZjg2LTZmZmMtNGU1My1iODcz
LWNiMmI0NGQ1ZjM1ZDEtMCsGA1UECgwkMjM5MzRkNzItMzNiZS00MTE4LWJjZmYt
MWViMWI0NzY0MTNhMQowCAYDVQQFEwExMB4XDTI0MDcwNjExNTMzN1oXDTI5MDgx
NDExNTMzN1owgYYxGjAYBgNVBAMMEXNjbUBmdi1hejEwNDEtNDA1MS0wKwYDVQQL
DCRlYjY2ZGY4Ni02ZmZjLTRlNTMtYjg3My1jYjJiNDRkNWYzNWQxLTArBgNVBAoM
JDIzOTM0ZDcyLTMzYmUtNDExOC1iY2ZmLTFlYjFiNDc2NDEzYTEKMAgGA1UEBRMB
MTCCASIwDQYJKoZIhvcNAQEBBQADggEPADCCAQoCggEBAISmOYOluZt/lCgZxU9H
gvcsRqfRemrHFDZGFVDnpT5vtK374ntRLw6MYBdectIJAU2BZMRW1tU/pcvvodWO
cd/nlOosnhiBrABr0QIY3B4bFba/t5RfUn+iQQt5KmDmh8vFaFyuBrHzNF7amGrx
6hflYrKbY+aMZW2nHXs3Mk45uAeD2zSSem9/oImjiVvWqFxiSsGemn5RSP15Urz9
pO9VzeKwKhrTjP5jG6I10Nol4P9q6zGnYqj0pHgsFKaYnTd7X1eaH6pJo9Acdaqe
XPVM9f7ZFENikdcMP0RynUYBUzHfbillRgGBagITAjg/AtCnhlmAjTS/DXTH69dS
l1sCAwEAAaN3MHUwDwYDVR0TAQH/BAUwAwEB/zAOBgNVHQ8BAf8EBAMCAQYwUgYD
VR0RBEswSYcECgEAC4JBZnYtYXoxMDQxLTQwNS5jZ3FtcTVxdW5wbmVsYno1dGsx
djU1djV0ZS5ieC5pbnRlcm5hbC5jbG91ZGFwcC5uZXQwDQYJKoZIhvcNAQELBQAD
ggEBAGlIIHbij1bSYen9Ao1XYwzuFXzchqSUxADvCYG1Rt5iAYYTuzsnRSJxfb+w
Dv0ZSjfEDDCi3nugf7zGyV3fVMZP6Jmnb7fi05mFm37hE4DVR1bPOt+Fi4cim9F7
NjkAxiCcW68EMqxaYnMyk0gA16J6rQPjU54QemBDUpFvqq+oejkWWku45hIzwW/L
NX3qEOOAtaVwaGL0Etxcfo4dXRKwaQGN2Q8HeFOejNq1koQR7sSUX0psuShZNZ/j
sK9X9JrCD/F0377/CpgbbRfwVUoiqx4euBCrgEnYbcLJZs0x4iLW9B+oN3MfcuJP
cMcTfU+42boeZaemislAMeJ6P5c=
-----END CERTIFICATE-----

2024-07-06 11:54:01,068 [main] INFO  client.DNCertificateClient (DefaultCertificateClient.java:updateCertSerialId(1313)) - Certificate serial ID set to 8
2024-07-06 11:54:01,069 [main] INFO  client.DNCertificateClient (DefaultCertificateClient.java:readCertificateFile(248)) - Added certificate 1 from file: /home/runner/work/ozone/ozone/hadoop-ozone/integration-test/target/test-dir/MiniOzoneClusterImpl-23934d72-33be-4118-bcff-1eb1b476413a/ozone-meta/datanode-3/meta/dn/certs/ROOTCA-1.crt.
2024-07-06 11:54:01,070 [main] INFO  client.DNCertificateClient (DefaultCertificateClient.java:readCertificateFile(248)) - Added certificate 2 from file: /home/runner/work/ozone/ozone/hadoop-ozone/integration-test/target/test-dir/MiniOzoneClusterImpl-23934d72-33be-4118-bcff-1eb1b476413a/ozone-meta/datanode-3/meta/dn/certs/CA-2.crt.
2024-07-06 11:54:01,070 [main] INFO  client.DNCertificateClient (DefaultCertificateClient.java:readCertificateFile(248)) - Added certificate 8 from file: /home/runner/work/ozone/ozone/hadoop-ozone/integration-test/target/test-dir/MiniOzoneClusterImpl-23934d72-33be-4118-bcff-1eb1b476413a/ozone-meta/datanode-3/meta/dn/certs/8.crt.
2024-07-06 11:54:01,071 [main] INFO  client.DNCertificateClient (DefaultCertificateClient.java:startCertificateRenewerService(1418)) - CertificateRenewerService for dn is started with first delay 29116799928 ms and interval 86400000 ms.
2024-07-06 11:54:01,071 [main] INFO  client.DNCertificateClient (DefaultCertificateClient.java:updateCertSerialId(1313)) - Certificate serial ID set to 8
2024-07-06 11:54:01,071 [main] INFO  client.DNCertificateClient (DefaultCertificateClient.java:readCertificateFile(248)) - Added certificate 1 from file: /home/runner/work/ozone/ozone/hadoop-ozone/integration-test/target/test-dir/MiniOzoneClusterImpl-23934d72-33be-4118-bcff-1eb1b476413a/ozone-meta/datanode-3/meta/dn/certs/ROOTCA-1.crt.
2024-07-06 11:54:01,073 [main] INFO  client.DNCertificateClient (DefaultCertificateClient.java:readCertificateFile(248)) - Added certificate 2 from file: /home/runner/work/ozone/ozone/hadoop-ozone/integration-test/target/test-dir/MiniOzoneClusterImpl-23934d72-33be-4118-bcff-1eb1b476413a/ozone-meta/datanode-3/meta/dn/certs/CA-2.crt.
2024-07-06 11:54:01,077 [main] INFO  client.DNCertificateClient (DefaultCertificateClient.java:readCertificateFile(248)) - Added certificate 8 from file: /home/runner/work/ozone/ozone/hadoop-ozone/integration-test/target/test-dir/MiniOzoneClusterImpl-23934d72-33be-4118-bcff-1eb1b476413a/ozone-meta/datanode-3/meta/dn/certs/8.crt.
2024-07-06 11:54:01,079 [main] INFO  client.DNCertificateClient (DefaultCertificateClient.java:recoverStateIfNeeded(815)) - Successfully stored DN signed certificate, case:GETCERT.
2024-07-06 11:54:01,079 [main] INFO  ha.SCMNodeInfo (SCMNodeInfo.java:getPort(197)) - ConfigKey ozone.scm.client.address is deprecated, For configuring different ports for each SCM use PortConfigKey ozone.scm.client.port appended with serviceId and nodeId
2024-07-06 11:54:01,080 [main] INFO  ha.SCMNodeInfo (SCMNodeInfo.java:getPort(197)) - ConfigKey ozone.scm.block.client.address is deprecated, For configuring different ports for each SCM use PortConfigKey ozone.scm.block.client.port appended with serviceId and nodeId
2024-07-06 11:54:01,080 [main] INFO  ha.SCMNodeInfo (SCMNodeInfo.java:getPort(197)) - ConfigKey ozone.scm.security.service.address is deprecated, For configuring different ports for each SCM use PortConfigKey ozone.scm.security.service.port appended with serviceId and nodeId
2024-07-06 11:54:01,080 [main] INFO  ha.SCMNodeInfo (SCMNodeInfo.java:getPort(197)) - ConfigKey ozone.scm.datanode.address is deprecated, For configuring different ports for each SCM use PortConfigKey ozone.scm.datanode.port appended with serviceId and nodeId
2024-07-06 11:54:01,081 [main] INFO  ha.SCMNodeInfo (SCMNodeInfo.java:getPort(197)) - ConfigKey ozone.scm.client.address is deprecated, For configuring different ports for each SCM use PortConfigKey ozone.scm.client.port appended with serviceId and nodeId
2024-07-06 11:54:01,081 [main] INFO  ha.SCMNodeInfo (SCMNodeInfo.java:getPort(197)) - ConfigKey ozone.scm.block.client.address is deprecated, For configuring different ports for each SCM use PortConfigKey ozone.scm.block.client.port appended with serviceId and nodeId
2024-07-06 11:54:01,081 [main] INFO  ha.SCMNodeInfo (SCMNodeInfo.java:getPort(197)) - ConfigKey ozone.scm.security.service.address is deprecated, For configuring different ports for each SCM use PortConfigKey ozone.scm.security.service.port appended with serviceId and nodeId
2024-07-06 11:54:01,081 [main] INFO  ha.SCMNodeInfo (SCMNodeInfo.java:getPort(197)) - ConfigKey ozone.scm.datanode.address is deprecated, For configuring different ports for each SCM use PortConfigKey ozone.scm.datanode.port appended with serviceId and nodeId
2024-07-06 11:54:01,081 [main] INFO  ha.SCMNodeInfo (SCMNodeInfo.java:getPort(197)) - ConfigKey ozone.scm.client.address is deprecated, For configuring different ports for each SCM use PortConfigKey ozone.scm.client.port appended with serviceId and nodeId
2024-07-06 11:54:01,081 [main] INFO  ha.SCMNodeInfo (SCMNodeInfo.java:getPort(197)) - ConfigKey ozone.scm.block.client.address is deprecated, For configuring different ports for each SCM use PortConfigKey ozone.scm.block.client.port appended with serviceId and nodeId
2024-07-06 11:54:01,081 [main] INFO  ha.SCMNodeInfo (SCMNodeInfo.java:getPort(197)) - ConfigKey ozone.scm.security.service.address is deprecated, For configuring different ports for each SCM use PortConfigKey ozone.scm.security.service.port appended with serviceId and nodeId
2024-07-06 11:54:01,082 [main] INFO  ha.SCMNodeInfo (SCMNodeInfo.java:getPort(197)) - ConfigKey ozone.scm.datanode.address is deprecated, For configuring different ports for each SCM use PortConfigKey ozone.scm.datanode.port appended with serviceId and nodeId
2024-07-06 11:54:01,083 [main] INFO  symmetric.DefaultSecretKeyVerifierClient (DefaultSecretKeyVerifierClient.java:<init>(77)) - Initializing secret key cache with size 8, TTL PT3S
2024-07-06 11:54:01,089 [Socket Reader #1 for port 15002] INFO  ipc.Server (Server.java:saslProcess(2139)) - Auth successful for scm/fv-az1041-405.cgqmq5qunpnelbz5tk1v55v5te.bx.internal.cloudapp.net@EXAMPLE.COM (auth:KERBEROS) from fv-az1041-405.cgqmq5qunpnelbz5tk1v55v5te.bx.internal.cloudapp.net:42373 / 10.1.0.11:42373
2024-07-06 11:54:01,092 [Socket Reader #1 for port 15002] INFO  authorize.ServiceAuthorizationManager (ServiceAuthorizationManager.java:authorize(137)) - Authorization successful for scm/fv-az1041-405.cgqmq5qunpnelbz5tk1v55v5te.bx.internal.cloudapp.net@EXAMPLE.COM (auth:KERBEROS) for protocol=interface org.apache.hadoop.hdds.protocol.SecretKeyProtocolDatanode
2024-07-06 11:54:01,093 [main] INFO  symmetric.DefaultSecretKeySignerClient (DefaultSecretKeySignerClient.java:start(84)) - Initial secret key fetched from SCM: SecretKey(id = 864f37e4-a748-40e5-b9b8-f6789e273372, creation at: 2024-07-06T11:54:00.368Z, expire at: 2024-07-06T11:54:03.368Z).
2024-07-06 11:54:01,093 [main] INFO  symmetric.DefaultSecretKeySignerClient (DefaultSecretKeySignerClient.java:scheduleSecretKeyPoller(150)) - Scheduling SecretKeyPoller with initial delay of PT0.274625452S and interval of PT0.1S
2024-07-06 11:54:01,099 [main] INFO  upgrade.AbstractLayoutVersionManager (AbstractLayoutVersionManager.java:init(83)) - Initializing Layout version manager with metadata layout = HADOOP_PRC_PORTS_IN_DATANODEDETAILS (version = 7), software layout = HADOOP_PRC_PORTS_IN_DATANODEDETAILS (version = 7)
2024-07-06 11:54:01,100 [main] INFO  ha.SCMNodeInfo (SCMNodeInfo.java:getPort(197)) - ConfigKey ozone.scm.client.address is deprecated, For configuring different ports for each SCM use PortConfigKey ozone.scm.client.port appended with serviceId and nodeId
2024-07-06 11:54:01,100 [main] INFO  ha.SCMNodeInfo (SCMNodeInfo.java:getPort(197)) - ConfigKey ozone.scm.block.client.address is deprecated, For configuring different ports for each SCM use PortConfigKey ozone.scm.block.client.port appended with serviceId and nodeId
2024-07-06 11:54:01,100 [main] INFO  ha.SCMNodeInfo (SCMNodeInfo.java:getPort(197)) - ConfigKey ozone.scm.security.service.address is deprecated, For configuring different ports for each SCM use PortConfigKey ozone.scm.security.service.port appended with serviceId and nodeId
2024-07-06 11:54:01,100 [main] INFO  ha.SCMNodeInfo (SCMNodeInfo.java:getPort(197)) - ConfigKey ozone.scm.datanode.address is deprecated, For configuring different ports for each SCM use PortConfigKey ozone.scm.datanode.port appended with serviceId and nodeId
2024-07-06 11:54:01,100 [main] INFO  ha.SCMNodeInfo (SCMNodeInfo.java:getPort(197)) - ConfigKey ozone.scm.client.address is deprecated, For configuring different ports for each SCM use PortConfigKey ozone.scm.client.port appended with serviceId and nodeId
2024-07-06 11:54:01,100 [main] INFO  ha.SCMNodeInfo (SCMNodeInfo.java:getPort(197)) - ConfigKey ozone.scm.block.client.address is deprecated, For configuring different ports for each SCM use PortConfigKey ozone.scm.block.client.port appended with serviceId and nodeId
2024-07-06 11:54:01,100 [main] INFO  ha.SCMNodeInfo (SCMNodeInfo.java:getPort(197)) - ConfigKey ozone.scm.security.service.address is deprecated, For configuring different ports for each SCM use PortConfigKey ozone.scm.security.service.port appended with serviceId and nodeId
2024-07-06 11:54:01,100 [main] INFO  ha.SCMNodeInfo (SCMNodeInfo.java:getPort(197)) - ConfigKey ozone.scm.datanode.address is deprecated, For configuring different ports for each SCM use PortConfigKey ozone.scm.datanode.port appended with serviceId and nodeId
2024-07-06 11:54:01,101 [main] INFO  ha.SCMNodeInfo (SCMNodeInfo.java:getPort(197)) - ConfigKey ozone.scm.client.address is deprecated, For configuring different ports for each SCM use PortConfigKey ozone.scm.client.port appended with serviceId and nodeId
2024-07-06 11:54:01,101 [main] INFO  ha.SCMNodeInfo (SCMNodeInfo.java:getPort(197)) - ConfigKey ozone.scm.block.client.address is deprecated, For configuring different ports for each SCM use PortConfigKey ozone.scm.block.client.port appended with serviceId and nodeId
2024-07-06 11:54:01,101 [main] INFO  ha.SCMNodeInfo (SCMNodeInfo.java:getPort(197)) - ConfigKey ozone.scm.security.service.address is deprecated, For configuring different ports for each SCM use PortConfigKey ozone.scm.security.service.port appended with serviceId and nodeId
2024-07-06 11:54:01,101 [main] INFO  ha.SCMNodeInfo (SCMNodeInfo.java:getPort(197)) - ConfigKey ozone.scm.datanode.address is deprecated, For configuring different ports for each SCM use PortConfigKey ozone.scm.datanode.port appended with serviceId and nodeId
2024-07-06 11:54:01,101 [main] INFO  statemachine.DatanodeStateMachine (DatanodeStateMachine.java:getEndPointTaskThreadPoolSize(293)) - Datanode State Machine Task Thread Pool size 4
2024-07-06 11:54:01,103 [main] INFO  volume.HddsVolume (HddsVolume.java:<init>(126)) - Creating HddsVolume: /home/runner/work/ozone/ozone/hadoop-ozone/integration-test/target/test-dir/MiniOzoneClusterImpl-23934d72-33be-4118-bcff-1eb1b476413a/ozone-meta/datanode-3/data-0/hdds of storage type : DISK capacity : 9222449699674390527
2024-07-06 11:54:01,103 [main] INFO  volume.MutableVolumeSet (MutableVolumeSet.java:initializeVolumeSet(173)) - Added Volume : /home/runner/work/ozone/ozone/hadoop-ozone/integration-test/target/test-dir/MiniOzoneClusterImpl-23934d72-33be-4118-bcff-1eb1b476413a/ozone-meta/datanode-3/data-0/hdds to VolumeSet
2024-07-06 11:54:01,104 [main] INFO  volume.MutableVolumeSet (MutableVolumeSet.java:initializeVolumeSet(173)) - Added Volume : /home/runner/work/ozone/ozone/hadoop-ozone/integration-test/target/test-dir/MiniOzoneClusterImpl-23934d72-33be-4118-bcff-1eb1b476413a/ozone-meta/datanode-3/ratis to VolumeSet
2024-07-06 11:54:01,105 [main] INFO  ozoneimpl.OzoneContainer (HddsVolumeUtil.java:loadAllHddsVolumeDbStore(103)) - Load 1 volumes DbStore cost: 0ms
2024-07-06 11:54:01,109 [main] INFO  server.RaftServer (ConfUtils.java:logGet(46)) - raft.rpc.type = GRPC (default)
2024-07-06 11:54:01,109 [main] INFO  grpc.GrpcConfigKeys (ConfUtils.java:logFallback(53)) - raft.grpc.admin.host = null (fallback to raft.grpc.server.host)
2024-07-06 11:54:01,110 [main] INFO  grpc.GrpcConfigKeys (ConfUtils.java:logGet(46)) - raft.grpc.admin.port = 15063 (custom)
2024-07-06 11:54:01,110 [main] INFO  grpc.GrpcConfigKeys (ConfUtils.java:logFallback(53)) - raft.grpc.client.host = null (fallback to raft.grpc.server.host)
2024-07-06 11:54:01,110 [main] INFO  grpc.GrpcConfigKeys (ConfUtils.java:logGet(46)) - raft.grpc.client.port = 15062 (custom)
2024-07-06 11:54:01,111 [main] INFO  grpc.GrpcConfigKeys (ConfUtils.java:logGet(46)) - raft.grpc.server.host = null (default)
2024-07-06 11:54:01,111 [main] INFO  grpc.GrpcConfigKeys (ConfUtils.java:logGet(46)) - raft.grpc.server.port = 15064 (custom)
2024-07-06 11:54:01,112 [main] INFO  server.GrpcService (ConfUtils.java:logGet(46)) - raft.grpc.message.size.max = 32MB (=33554432) (custom)
2024-07-06 11:54:01,112 [main] INFO  server.RaftServerConfigKeys (ConfUtils.java:logGet(46)) - raft.server.log.appender.buffer.byte-limit = 8388608 (custom)
2024-07-06 11:54:01,112 [main] INFO  server.GrpcService (ConfUtils.java:logGet(46)) - raft.grpc.flow.control.window = 5MB (=5242880) (custom)
2024-07-06 11:54:01,113 [main] INFO  server.RaftServerConfigKeys (ConfUtils.java:logGet(46)) - raft.server.rpc.request.timeout = 60s (custom)
2024-07-06 11:54:01,113 [main] INFO  grpc.GrpcConfigKeys (ConfUtils.java:logGet(46)) - raft.grpc.server.heartbeat.channel = true (default)
2024-07-06 11:54:01,113 [main] INFO  grpc.GrpcConfigKeys (ConfUtils.java:logGet(46)) - raft.grpc.server.async.request.thread.pool.cached = true (default)
2024-07-06 11:54:01,114 [main] INFO  grpc.GrpcConfigKeys (ConfUtils.java:logGet(46)) - raft.grpc.server.async.request.thread.pool.size = 32 (default)
2024-07-06 11:54:01,115 [main] INFO  impl.DataStreamServerImpl (ConfUtils.java:logGet(46)) - raft.datastream.type = NETTY (custom)
2024-07-06 11:54:01,116 [main] INFO  server.RaftServerConfigKeys (ConfUtils.java:logGet(46)) - raft.server.data-stream.async.request.thread.pool.cached = false (default)
2024-07-06 11:54:01,116 [main] INFO  server.RaftServerConfigKeys (ConfUtils.java:logGet(46)) - raft.server.data-stream.async.request.thread.pool.size = 20 (custom)
2024-07-06 11:54:01,116 [main] INFO  server.RaftServerConfigKeys (ConfUtils.java:logGet(46)) - raft.server.data-stream.async.write.thread.pool.size = 16 (default)
2024-07-06 11:54:01,116 [main] INFO  netty.NettyConfigKeys$DataStream (ConfUtils.java:logGet(46)) - raft.netty.dataStream.server.channel.inactive.grace-period = 10min (default)
2024-07-06 11:54:01,117 [main] INFO  server.RaftServerConfigKeys (ConfUtils.java:logGet(46)) - raft.server.data-stream.client.pool.size = 10 (default)
2024-07-06 11:54:01,117 [main] INFO  netty.NettyConfigKeys$DataStream (ConfUtils.java:logGet(46)) - raft.netty.dataStream.server.use-epoll = true (default)
2024-07-06 11:54:01,117 [main] INFO  netty.NettyConfigKeys$DataStream (ConfUtils.java:logGet(46)) - raft.netty.dataStream.server.boss-group.size = 0 (default)
2024-07-06 11:54:01,117 [main] INFO  netty.NettyUtils (NettyUtils.java:newEventLoopGroup(74)) - Create EpollEventLoopGroup for eb39f61f-e86a-4779-8e52-f95c095d9393-NettyServerStreamRpc-bossGroup; Thread size is 0.
2024-07-06 11:54:01,117 [main] INFO  netty.NettyConfigKeys$DataStream (ConfUtils.java:logGet(46)) - raft.netty.dataStream.server.worker-group.size = 0 (default)
2024-07-06 11:54:01,118 [main] INFO  netty.NettyUtils (NettyUtils.java:newEventLoopGroup(74)) - Create EpollEventLoopGroup for eb39f61f-e86a-4779-8e52-f95c095d9393-NettyServerStreamRpc-workerGroup; Thread size is 0.
2024-07-06 11:54:01,118 [main] INFO  netty.NettyConfigKeys$DataStream (ConfUtils.java:logGet(46)) - raft.netty.dataStream.server.tls.conf = null (default)
2024-07-06 11:54:01,118 [main] INFO  netty.NettyConfigKeys$DataStream (ConfUtils.java:logGet(46)) - raft.netty.dataStream.host = null (default)
2024-07-06 11:54:01,118 [main] INFO  netty.NettyConfigKeys$DataStream (ConfUtils.java:logGet(46)) - raft.netty.dataStream.port = 15065 (custom)
2024-07-06 11:54:01,119 [main] INFO  server.RaftServerConfigKeys (ConfUtils.java:logGet(46)) - raft.server.sleep.deviation.threshold = 300ms (default)
2024-07-06 11:54:01,119 [main] INFO  server.RaftServerConfigKeys (ConfUtils.java:logGet(46)) - raft.server.close.threshold = 60s (default)
2024-07-06 11:54:01,119 [main] INFO  server.RaftServerConfigKeys (ConfUtils.java:logGet(46)) - raft.server.leaderelection.leader.step-down.wait-time = 10s (default)
2024-07-06 11:54:01,119 [eb39f61f-e86a-4779-8e52-f95c095d9393-NettyServerStreamRpc-bossGroup--thread1] INFO  logging.LoggingHandler (AbstractInternalLogger.java:log(148)) - [id: 0x430445b5] REGISTERED
2024-07-06 11:54:01,119 [eb39f61f-e86a-4779-8e52-f95c095d9393-NettyServerStreamRpc-bossGroup--thread1] INFO  logging.LoggingHandler (AbstractInternalLogger.java:log(148)) - [id: 0x430445b5] BIND: 0.0.0.0/0.0.0.0:15065
2024-07-06 11:54:01,119 [eb39f61f-e86a-4779-8e52-f95c095d9393-NettyServerStreamRpc-bossGroup--thread1] INFO  logging.LoggingHandler (AbstractInternalLogger.java:log(148)) - [id: 0x430445b5, L:/0.0.0.0:15065] ACTIVE
2024-07-06 11:54:01,121 [main] INFO  server.RaftServerConfigKeys (ConfUtils.java:logGet(46)) - raft.server.storage.dir = [/home/runner/work/ozone/ozone/hadoop-ozone/integration-test/target/test-dir/MiniOzoneClusterImpl-23934d72-33be-4118-bcff-1eb1b476413a/ozone-meta/datanode-3/ratis] (custom)
2024-07-06 11:54:01,121 [main] INFO  server.RaftServerConfigKeys (ConfUtils.java:logGet(46)) - raft.server.threadpool.proxy.cached = true (default)
2024-07-06 11:54:01,121 [main] INFO  server.RaftServerConfigKeys (ConfUtils.java:logGet(46)) - raft.server.threadpool.proxy.size = 0 (default)
2024-07-06 11:54:01,121 [eb39f61f-e86a-4779-8e52-f95c095d9393-impl-thread1] INFO  server.RaftServer (RaftServerProxy.java:initGroupDir(266)) - eb39f61f-e86a-4779-8e52-f95c095d9393: found a subdirectory /home/runner/work/ozone/ozone/hadoop-ozone/integration-test/target/test-dir/MiniOzoneClusterImpl-23934d72-33be-4118-bcff-1eb1b476413a/ozone-meta/datanode-3/ratis/tmp
2024-07-06 11:54:01,121 [eb39f61f-e86a-4779-8e52-f95c095d9393-impl-thread1] INFO  server.RaftServer (RaftServerProxy.java:initGroupDir(271)) - eb39f61f-e86a-4779-8e52-f95c095d9393: The directory /home/runner/work/ozone/ozone/hadoop-ozone/integration-test/target/test-dir/MiniOzoneClusterImpl-23934d72-33be-4118-bcff-1eb1b476413a/ozone-meta/datanode-3/ratis/tmp is not a group directory; ignoring it. 
2024-07-06 11:54:01,122 [main] INFO  replication.ReplicationServer (ReplicationServer.java:<init>(86)) - Initializing replication server with thread count = 10 queue length = 4096
2024-07-06 11:54:01,123 [main] INFO  server.XceiverServerGrpc (XceiverServerGrpc.java:<init>(141)) - GrpcServer channel type EpollServerSocketChannel
2024-07-06 11:54:01,125 [main] INFO  replication.ReplicationSupervisor (ReplicationSupervisor.java:build(157)) - Initializing replication supervisor with thread count = 10
2024-07-06 11:54:01,125 [main] INFO  replication.ReplicationSupervisor (ReplicationSupervisor.java:nodeStateUpdated(312)) - Node state updated to IN_SERVICE, scaling executor pool size to 10
2024-07-06 11:54:01,135 [main] INFO  http.BaseHttpServer (BaseHttpServer.java:newHttpServer2BuilderForOzone(223)) - Starting Web-server for hddsDatanode at: http://0.0.0.0:15059
2024-07-06 11:54:01,135 [main] INFO  http.BaseHttpServer (BaseHttpServer.java:<init>(110)) - Hadoop Security Enabled: true Ozone Security Enabled: true Ozone HTTP Security Enabled: false 
2024-07-06 11:54:01,136 [main] WARN  server.AuthenticationFilter (AuthenticationFilter.java:constructSecretProvider(240)) - Unable to initialize FileSignerSecretProvider, falling back to use random secrets. Reason: Could not read signature secret file: /home/runner/hadoop-http-auth-signature-secret
2024-07-06 11:54:01,149 [main] INFO  http.HttpRequestLog (HttpRequestLog.java:getRequestLog(86)) - Http request log for http.requests.hddsDatanode is not defined
2024-07-06 11:54:01,150 [main] INFO  http.HttpServer2 (HttpServer2.java:addGlobalFilter(1036)) - Added global filter 'safety' (class=org.apache.hadoop.hdds.server.http.HttpServer2$QuotingInputFilter)
2024-07-06 11:54:01,151 [main] INFO  http.HttpServer2 (HttpServer2.java:addFilter(1012)) - Added filter static_user_filter (class=org.apache.hadoop.http.lib.StaticUserWebFilter$StaticUserFilter) to context hddsDatanode
2024-07-06 11:54:01,151 [main] INFO  http.HttpServer2 (HttpServer2.java:addFilter(1020)) - Added filter static_user_filter (class=org.apache.hadoop.http.lib.StaticUserWebFilter$StaticUserFilter) to context static
2024-07-06 11:54:01,152 [main] INFO  http.HttpServer2 (HttpServer2.java:addFilter(1020)) - Added filter static_user_filter (class=org.apache.hadoop.http.lib.StaticUserWebFilter$StaticUserFilter) to context logs
2024-07-06 11:54:01,153 [main] INFO  http.BaseHttpServer (BaseHttpServer.java:<init>(189)) - HTTP server of hddsDatanode uses base directory /home/runner/work/ozone/ozone/hadoop-ozone/integration-test/target/test-dir/MiniOzoneClusterImpl-23934d72-33be-4118-bcff-1eb1b476413a/ozone-meta/datanode-3/meta/webserver
2024-07-06 11:54:01,153 [main] INFO  http.HttpServer2 (HttpServer2.java:bindListener(1236)) - Jetty bound to port 15059
2024-07-06 11:54:01,153 [main] INFO  server.Server (Server.java:doStart(375)) - jetty-9.4.55.v20240627; built: 2024-06-27T15:05:37.765Z; git: 70015831e5195ba74da6383c4ab7c90c56bb08af; jvm 17.0.11+9
2024-07-06 11:54:01,164 [main] INFO  server.session (DefaultSessionIdManager.java:doStart(334)) - DefaultSessionIdManager workerName=node0
2024-07-06 11:54:01,164 [main] INFO  server.session (DefaultSessionIdManager.java:doStart(339)) - No SessionScavenger set, using defaults
2024-07-06 11:54:01,164 [main] INFO  server.session (HouseKeeper.java:startScavenging(132)) - node0 Scavenging every 660000ms
2024-07-06 11:54:01,165 [main] INFO  handler.ContextHandler (ContextHandler.java:doStart(921)) - Started o.e.j.s.ServletContextHandler@5773ad4a{logs,/logs,file:///home/runner/work/ozone/ozone/hadoop-ozone/integration-test/target/log,AVAILABLE}
2024-07-06 11:54:01,166 [main] INFO  handler.ContextHandler (ContextHandler.java:doStart(921)) - Started o.e.j.s.ServletContextHandler@532ad0fd{static,/static,jar:file:/home/runner/work/ozone/ozone/hadoop-hdds/container-service/target/hdds-container-service-1.5.0-SNAPSHOT.jar!/webapps/static,AVAILABLE}
2024-07-06 11:54:01,317 [main] INFO  handler.ContextHandler (ContextHandler.java:doStart(921)) - Started o.e.j.w.WebAppContext@108c6292{hddsDatanode,/,file:///home/runner/work/ozone/ozone/hadoop-ozone/integration-test/target/test-dir/MiniOzoneClusterImpl-23934d72-33be-4118-bcff-1eb1b476413a/ozone-meta/datanode-3/meta/webserver/jetty-0_0_0_0-15059-hdds-container-service-1_5_0-SNAPSHOT_jar-_-any-14337658125026855111/webapp/,AVAILABLE}{jar:file:/home/runner/work/ozone/ozone/hadoop-hdds/container-service/target/hdds-container-service-1.5.0-SNAPSHOT.jar!/webapps/hddsDatanode}
2024-07-06 11:54:01,318 [main] INFO  server.AbstractConnector (AbstractConnector.java:doStart(333)) - Started ServerConnector@4bbb4b4{HTTP/1.1, (http/1.1)}{0.0.0.0:15059}
2024-07-06 11:54:01,318 [main] INFO  server.Server (Server.java:doStart(415)) - Started @26523ms
2024-07-06 11:54:01,318 [main] WARN  impl.MetricsSystemImpl (MetricsSystemImpl.java:register(279)) - Sink prometheus already exists!
2024-07-06 11:54:01,319 [main] INFO  http.BaseHttpServer (BaseHttpServer.java:updateConnectorAddress(354)) - HTTP server of hddsDatanode listening at http://0.0.0.0:15059
2024-07-06 11:54:01,320 [main] INFO  ipc.CallQueueManager (CallQueueManager.java:<init>(90)) - Using callQueue: class java.util.concurrent.LinkedBlockingQueue, queueCapacity: 100, scheduler: class org.apache.hadoop.ipc.DefaultRpcScheduler, ipcBackoff: false.
2024-07-06 11:54:01,320 [main] INFO  ipc.Server (Server.java:<init>(1287)) - Listener at 0.0.0.0:15060
2024-07-06 11:54:01,329 [Socket Reader #1 for port 15060] INFO  ipc.Server (Server.java:run(1323)) - Starting Socket Reader #1 for port 15060
2024-07-06 11:54:01,333 [main] INFO  ozone.HddsDatanodeService (HddsDatanodeService.java:start(320)) - Datanode start with admins: [runner, scm]
2024-07-06 11:54:01,333 [main] INFO  ozone.HddsDatanodeClientProtocolServer (HddsDatanodeClientProtocolServer.java:start(77)) - RPC server for Client /0.0.0.0:15060
2024-07-06 11:54:01,333 [IPC Server Responder] INFO  ipc.Server (Server.java:run(1562)) - IPC Server Responder: starting
2024-07-06 11:54:01,342 [IPC Server listener on 15060] INFO  ipc.Server (Server.java:run(1402)) - IPC Server listener on 15060: starting
2024-07-06 11:54:01,343 [eb39f61f-e86a-4779-8e52-f95c095d9393-DatanodeStateMachineDaemonThread] INFO  statemachine.DatanodeStateMachine (DatanodeStateMachine.java:lambda$startDaemon$1(545)) - Ozone container server started.
2024-07-06 11:54:01,344 [main] INFO  ozone.MiniOzoneClusterImpl (MiniOzoneClusterImpl.java:lambda$waitForClusterToBeReady$0(194)) - Waiting for nodes to be ready. Got 0 of 3 DN Heartbeats.
2024-07-06 11:54:01,345 [main] INFO  ozone.MiniOzoneClusterImpl (MiniOzoneClusterImpl.java:lambda$waitForClusterToBeReady$0(197)) - Waiting for cluster to exit safe mode
2024-07-06 11:54:01,345 [main] INFO  ozone.MiniOzoneClusterImpl (MiniOzoneClusterImpl.java:lambda$waitForClusterToBeReady$0(199)) - SCM became leader
2024-07-06 11:54:01,346 [eb39f61f-e86a-4779-8e52-f95c095d9393-DatanodeStateMachineTaskThread-0] INFO  ha.SCMNodeInfo (SCMNodeInfo.java:getPort(197)) - ConfigKey ozone.scm.client.address is deprecated, For configuring different ports for each SCM use PortConfigKey ozone.scm.client.port appended with serviceId and nodeId
2024-07-06 11:54:01,346 [eb39f61f-e86a-4779-8e52-f95c095d9393-DatanodeStateMachineTaskThread-0] INFO  ha.SCMNodeInfo (SCMNodeInfo.java:getPort(197)) - ConfigKey ozone.scm.block.client.address is deprecated, For configuring different ports for each SCM use PortConfigKey ozone.scm.block.client.port appended with serviceId and nodeId
2024-07-06 11:54:01,346 [eb39f61f-e86a-4779-8e52-f95c095d9393-DatanodeStateMachineTaskThread-0] INFO  ha.SCMNodeInfo (SCMNodeInfo.java:getPort(197)) - ConfigKey ozone.scm.security.service.address is deprecated, For configuring different ports for each SCM use PortConfigKey ozone.scm.security.service.port appended with serviceId and nodeId
2024-07-06 11:54:01,346 [eb39f61f-e86a-4779-8e52-f95c095d9393-DatanodeStateMachineTaskThread-0] INFO  ha.SCMNodeInfo (SCMNodeInfo.java:getPort(197)) - ConfigKey ozone.scm.datanode.address is deprecated, For configuring different ports for each SCM use PortConfigKey ozone.scm.datanode.port appended with serviceId and nodeId
2024-07-06 11:54:01,346 [eb39f61f-e86a-4779-8e52-f95c095d9393-DatanodeStateMachineTaskThread-0] INFO  ha.SCMNodeInfo (SCMNodeInfo.java:getPort(197)) - ConfigKey ozone.scm.client.address is deprecated, For configuring different ports for each SCM use PortConfigKey ozone.scm.client.port appended with serviceId and nodeId
2024-07-06 11:54:01,346 [eb39f61f-e86a-4779-8e52-f95c095d9393-DatanodeStateMachineTaskThread-0] INFO  ha.SCMNodeInfo (SCMNodeInfo.java:getPort(197)) - ConfigKey ozone.scm.block.client.address is deprecated, For configuring different ports for each SCM use PortConfigKey ozone.scm.block.client.port appended with serviceId and nodeId
2024-07-06 11:54:01,346 [eb39f61f-e86a-4779-8e52-f95c095d9393-DatanodeStateMachineTaskThread-0] INFO  ha.SCMNodeInfo (SCMNodeInfo.java:getPort(197)) - ConfigKey ozone.scm.security.service.address is deprecated, For configuring different ports for each SCM use PortConfigKey ozone.scm.security.service.port appended with serviceId and nodeId
2024-07-06 11:54:01,346 [eb39f61f-e86a-4779-8e52-f95c095d9393-DatanodeStateMachineTaskThread-0] INFO  ha.SCMNodeInfo (SCMNodeInfo.java:getPort(197)) - ConfigKey ozone.scm.datanode.address is deprecated, For configuring different ports for each SCM use PortConfigKey ozone.scm.datanode.port appended with serviceId and nodeId
2024-07-06 11:54:01,346 [eb39f61f-e86a-4779-8e52-f95c095d9393-DatanodeStateMachineTaskThread-0] INFO  ha.SCMNodeInfo (SCMNodeInfo.java:getPort(197)) - ConfigKey ozone.scm.client.address is deprecated, For configuring different ports for each SCM use PortConfigKey ozone.scm.client.port appended with serviceId and nodeId
2024-07-06 11:54:01,346 [eb39f61f-e86a-4779-8e52-f95c095d9393-DatanodeStateMachineTaskThread-0] INFO  ha.SCMNodeInfo (SCMNodeInfo.java:getPort(197)) - ConfigKey ozone.scm.block.client.address is deprecated, For configuring different ports for each SCM use PortConfigKey ozone.scm.block.client.port appended with serviceId and nodeId
2024-07-06 11:54:01,346 [eb39f61f-e86a-4779-8e52-f95c095d9393-DatanodeStateMachineTaskThread-0] INFO  ha.SCMNodeInfo (SCMNodeInfo.java:getPort(197)) - ConfigKey ozone.scm.security.service.address is deprecated, For configuring different ports for each SCM use PortConfigKey ozone.scm.security.service.port appended with serviceId and nodeId
2024-07-06 11:54:01,347 [eb39f61f-e86a-4779-8e52-f95c095d9393-DatanodeStateMachineTaskThread-0] INFO  ha.SCMNodeInfo (SCMNodeInfo.java:getPort(197)) - ConfigKey ozone.scm.datanode.address is deprecated, For configuring different ports for each SCM use PortConfigKey ozone.scm.datanode.port appended with serviceId and nodeId
2024-07-06 11:54:01,349 [eb39f61f-e86a-4779-8e52-f95c095d9393-DatanodeStateMachineTaskThread-0] INFO  datanode.InitDatanodeState (InitDatanodeState.java:persistContainerDatanodeDetails(139)) - DatanodeDetails is persisted to /home/runner/work/ozone/ozone/hadoop-ozone/integration-test/target/test-dir/MiniOzoneClusterImpl-23934d72-33be-4118-bcff-1eb1b476413a/ozone-meta/datanode-3/meta/datanode.id
2024-07-06 11:54:01,368 [scmNode-1-SecretKeyManagerService] INFO  symmetric.SecretKeyManager (SecretKeyManager.java:checkAndRotate(125)) - SecretKey rotation is happening, new key generated SecretKey(id = d86258f3-8c8f-4911-96b4-31a29a955fc4, creation at: 2024-07-06T11:54:01.368011748Z, expire at: 2024-07-06T11:54:04.368011748Z)
2024-07-06 11:54:01,372 [eb66df86-6ffc-4e53-b873-cb2b44d5f35d@group-1EB1B476413A-StateMachineUpdater] INFO  symmetric.SecretKeyStateImpl (SecretKeyStateImpl.java:updateKeysInternal(113)) - Updating keys with [SecretKey(id = 864f37e4-a748-40e5-b9b8-f6789e273372, creation at: 2024-07-06T11:54:00.368Z, expire at: 2024-07-06T11:54:03.368Z), SecretKey(id = 07f30150-c6a4-43bf-bd88-676218c15e9e, creation at: 2024-07-06T11:53:59.368Z, expire at: 2024-07-06T11:54:02.368Z), SecretKey(id = d86258f3-8c8f-4911-96b4-31a29a955fc4, creation at: 2024-07-06T11:54:01.368Z, expire at: 2024-07-06T11:54:04.368Z)]
2024-07-06 11:54:01,373 [eb66df86-6ffc-4e53-b873-cb2b44d5f35d@group-1EB1B476413A-StateMachineUpdater] INFO  symmetric.SecretKeyStateImpl (SecretKeyStateImpl.java:updateKeysInternal(128)) - Current key updated SecretKey(id = d86258f3-8c8f-4911-96b4-31a29a955fc4, creation at: 2024-07-06T11:54:01.368Z, expire at: 2024-07-06T11:54:04.368Z)
2024-07-06 11:54:01,373 [eb66df86-6ffc-4e53-b873-cb2b44d5f35d@group-1EB1B476413A-StateMachineUpdater] INFO  symmetric.LocalSecretKeyStore (LocalSecretKeyStore.java:save(109)) - Saved [SecretKey(id = d86258f3-8c8f-4911-96b4-31a29a955fc4, creation at: 2024-07-06T11:54:01.368Z, expire at: 2024-07-06T11:54:04.368Z), SecretKey(id = 864f37e4-a748-40e5-b9b8-f6789e273372, creation at: 2024-07-06T11:54:00.368Z, expire at: 2024-07-06T11:54:03.368Z), SecretKey(id = 07f30150-c6a4-43bf-bd88-676218c15e9e, creation at: 2024-07-06T11:53:59.368Z, expire at: 2024-07-06T11:54:02.368Z)] to file /home/runner/work/ozone/ozone/hadoop-ozone/integration-test/target/test-dir/MiniOzoneClusterImpl-23934d72-33be-4118-bcff-1eb1b476413a/scmNode-1/scm/keys/secret_keys.json
2024-07-06 11:54:01,373 [eb66df86-6ffc-4e53-b873-cb2b44d5f35d@group-1EB1B476413A-StateMachineUpdater] INFO  safemode.HealthyPipelineSafeModeRule (HealthyPipelineSafeModeRule.java:initializeRule(172)) - Refreshed total pipeline count is 0, healthy pipeline threshold count is 1
2024-07-06 11:54:01,375 [39a46239-dc5f-49f3-8624-e36d450519bc@group-1EB1B476413A-StateMachineUpdater] INFO  symmetric.SecretKeyStateImpl (SecretKeyStateImpl.java:updateKeysInternal(113)) - Updating keys with [SecretKey(id = 864f37e4-a748-40e5-b9b8-f6789e273372, creation at: 2024-07-06T11:54:00.368Z, expire at: 2024-07-06T11:54:03.368Z), SecretKey(id = 07f30150-c6a4-43bf-bd88-676218c15e9e, creation at: 2024-07-06T11:53:59.368Z, expire at: 2024-07-06T11:54:02.368Z), SecretKey(id = d86258f3-8c8f-4911-96b4-31a29a955fc4, creation at: 2024-07-06T11:54:01.368Z, expire at: 2024-07-06T11:54:04.368Z)]
2024-07-06 11:54:01,375 [39a46239-dc5f-49f3-8624-e36d450519bc@group-1EB1B476413A-StateMachineUpdater] INFO  symmetric.SecretKeyStateImpl (SecretKeyStateImpl.java:updateKeysInternal(128)) - Current key updated SecretKey(id = d86258f3-8c8f-4911-96b4-31a29a955fc4, creation at: 2024-07-06T11:54:01.368Z, expire at: 2024-07-06T11:54:04.368Z)
2024-07-06 11:54:01,376 [39a46239-dc5f-49f3-8624-e36d450519bc@group-1EB1B476413A-StateMachineUpdater] INFO  symmetric.LocalSecretKeyStore (LocalSecretKeyStore.java:save(109)) - Saved [SecretKey(id = d86258f3-8c8f-4911-96b4-31a29a955fc4, creation at: 2024-07-06T11:54:01.368Z, expire at: 2024-07-06T11:54:04.368Z), SecretKey(id = 864f37e4-a748-40e5-b9b8-f6789e273372, creation at: 2024-07-06T11:54:00.368Z, expire at: 2024-07-06T11:54:03.368Z), SecretKey(id = 07f30150-c6a4-43bf-bd88-676218c15e9e, creation at: 2024-07-06T11:53:59.368Z, expire at: 2024-07-06T11:54:02.368Z)] to file /home/runner/work/ozone/ozone/hadoop-ozone/integration-test/target/test-dir/MiniOzoneClusterImpl-23934d72-33be-4118-bcff-1eb1b476413a/scmNode-3/scm/keys/secret_keys.json
2024-07-06 11:54:01,376 [39a46239-dc5f-49f3-8624-e36d450519bc@group-1EB1B476413A-StateMachineUpdater] INFO  safemode.HealthyPipelineSafeModeRule (HealthyPipelineSafeModeRule.java:initializeRule(172)) - Refreshed total pipeline count is 0, healthy pipeline threshold count is 1
2024-07-06 11:54:01,376 [41075d7a-0d70-4fa2-ba46-cbc672699b06@group-1EB1B476413A-StateMachineUpdater] INFO  symmetric.SecretKeyStateImpl (SecretKeyStateImpl.java:updateKeysInternal(113)) - Updating keys with [SecretKey(id = 864f37e4-a748-40e5-b9b8-f6789e273372, creation at: 2024-07-06T11:54:00.368Z, expire at: 2024-07-06T11:54:03.368Z), SecretKey(id = 07f30150-c6a4-43bf-bd88-676218c15e9e, creation at: 2024-07-06T11:53:59.368Z, expire at: 2024-07-06T11:54:02.368Z), SecretKey(id = d86258f3-8c8f-4911-96b4-31a29a955fc4, creation at: 2024-07-06T11:54:01.368Z, expire at: 2024-07-06T11:54:04.368Z)]
2024-07-06 11:54:01,376 [41075d7a-0d70-4fa2-ba46-cbc672699b06@group-1EB1B476413A-StateMachineUpdater] INFO  symmetric.SecretKeyStateImpl (SecretKeyStateImpl.java:updateKeysInternal(128)) - Current key updated SecretKey(id = d86258f3-8c8f-4911-96b4-31a29a955fc4, creation at: 2024-07-06T11:54:01.368Z, expire at: 2024-07-06T11:54:04.368Z)
2024-07-06 11:54:01,376 [41075d7a-0d70-4fa2-ba46-cbc672699b06@group-1EB1B476413A-StateMachineUpdater] INFO  symmetric.LocalSecretKeyStore (LocalSecretKeyStore.java:save(109)) - Saved [SecretKey(id = d86258f3-8c8f-4911-96b4-31a29a955fc4, creation at: 2024-07-06T11:54:01.368Z, expire at: 2024-07-06T11:54:04.368Z), SecretKey(id = 864f37e4-a748-40e5-b9b8-f6789e273372, creation at: 2024-07-06T11:54:00.368Z, expire at: 2024-07-06T11:54:03.368Z), SecretKey(id = 07f30150-c6a4-43bf-bd88-676218c15e9e, creation at: 2024-07-06T11:53:59.368Z, expire at: 2024-07-06T11:54:02.368Z)] to file /home/runner/work/ozone/ozone/hadoop-ozone/integration-test/target/test-dir/MiniOzoneClusterImpl-23934d72-33be-4118-bcff-1eb1b476413a/scmNode-2/scm/keys/secret_keys.json
2024-07-06 11:54:01,376 [41075d7a-0d70-4fa2-ba46-cbc672699b06@group-1EB1B476413A-StateMachineUpdater] INFO  safemode.HealthyPipelineSafeModeRule (HealthyPipelineSafeModeRule.java:initializeRule(172)) - Refreshed total pipeline count is 0, healthy pipeline threshold count is 1
2024-07-06 11:54:01,468 [SecretKeyPoller] INFO  symmetric.DefaultSecretKeySignerClient (DefaultSecretKeySignerClient.java:checkAndRefresh(167)) - New secret key fetched from SCM: SecretKey(id = d86258f3-8c8f-4911-96b4-31a29a955fc4, creation at: 2024-07-06T11:54:01.368Z, expire at: 2024-07-06T11:54:04.368Z).
2024-07-06 11:54:01,468 [SecretKeyPoller] INFO  symmetric.DefaultSecretKeySignerClient (DefaultSecretKeySignerClient.java:checkAndRefresh(167)) - New secret key fetched from SCM: SecretKey(id = d86258f3-8c8f-4911-96b4-31a29a955fc4, creation at: 2024-07-06T11:54:01.368Z, expire at: 2024-07-06T11:54:04.368Z).
2024-07-06 11:54:01,468 [SecretKeyPoller] INFO  symmetric.DefaultSecretKeySignerClient (DefaultSecretKeySignerClient.java:checkAndRefresh(167)) - New secret key fetched from SCM: SecretKey(id = d86258f3-8c8f-4911-96b4-31a29a955fc4, creation at: 2024-07-06T11:54:01.368Z, expire at: 2024-07-06T11:54:04.368Z).
2024-07-06 11:54:01,468 [om1-SecretKeyPoller] INFO  symmetric.DefaultSecretKeySignerClient (DefaultSecretKeySignerClient.java:checkAndRefresh(167)) - New secret key fetched from SCM: SecretKey(id = d86258f3-8c8f-4911-96b4-31a29a955fc4, creation at: 2024-07-06T11:54:01.368Z, expire at: 2024-07-06T11:54:04.368Z).
2024-07-06 11:54:02,234 [Socket Reader #1 for port 15012] INFO  ipc.Server (Server.java:saslProcess(2139)) - Auth successful for scm/fv-az1041-405.cgqmq5qunpnelbz5tk1v55v5te.bx.internal.cloudapp.net@EXAMPLE.COM (auth:KERBEROS) from fv-az1041-405.cgqmq5qunpnelbz5tk1v55v5te.bx.internal.cloudapp.net:35033 / 10.1.0.11:35033
2024-07-06 11:54:02,236 [Socket Reader #1 for port 15004] INFO  ipc.Server (Server.java:saslProcess(2139)) - Auth successful for scm/fv-az1041-405.cgqmq5qunpnelbz5tk1v55v5te.bx.internal.cloudapp.net@EXAMPLE.COM (auth:KERBEROS) from fv-az1041-405.cgqmq5qunpnelbz5tk1v55v5te.bx.internal.cloudapp.net:44405 / 10.1.0.11:44405
2024-07-06 11:54:02,238 [Socket Reader #1 for port 15020] INFO  ipc.Server (Server.java:saslProcess(2139)) - Auth successful for scm/fv-az1041-405.cgqmq5qunpnelbz5tk1v55v5te.bx.internal.cloudapp.net@EXAMPLE.COM (auth:KERBEROS) from fv-az1041-405.cgqmq5qunpnelbz5tk1v55v5te.bx.internal.cloudapp.net:35639 / 10.1.0.11:35639
2024-07-06 11:54:02,245 [Socket Reader #1 for port 15012] INFO  authorize.ServiceAuthorizationManager (ServiceAuthorizationManager.java:authorize(137)) - Authorization successful for scm/fv-az1041-405.cgqmq5qunpnelbz5tk1v55v5te.bx.internal.cloudapp.net@EXAMPLE.COM (auth:KERBEROS) for protocol=interface org.apache.hadoop.ozone.protocol.StorageContainerDatanodeProtocol
2024-07-06 11:54:02,249 [Socket Reader #1 for port 15004] INFO  authorize.ServiceAuthorizationManager (ServiceAuthorizationManager.java:authorize(137)) - Authorization successful for scm/fv-az1041-405.cgqmq5qunpnelbz5tk1v55v5te.bx.internal.cloudapp.net@EXAMPLE.COM (auth:KERBEROS) for protocol=interface org.apache.hadoop.ozone.protocol.StorageContainerDatanodeProtocol
2024-07-06 11:54:02,256 [Socket Reader #1 for port 15020] INFO  authorize.ServiceAuthorizationManager (ServiceAuthorizationManager.java:authorize(137)) - Authorization successful for scm/fv-az1041-405.cgqmq5qunpnelbz5tk1v55v5te.bx.internal.cloudapp.net@EXAMPLE.COM (auth:KERBEROS) for protocol=interface org.apache.hadoop.ozone.protocol.StorageContainerDatanodeProtocol
2024-07-06 11:54:02,295 [8dbb38fd-cb5c-434d-a416-d5257da8c780-EndpointStateMachineTaskThread-/127.0.0.1:15004-0 ] INFO  utils.DatanodeStoreCache (DatanodeStoreCache.java:addDB(72)) - Added db /home/runner/work/ozone/ozone/hadoop-ozone/integration-test/target/test-dir/MiniOzoneClusterImpl-23934d72-33be-4118-bcff-1eb1b476413a/ozone-meta/datanode-1/data-0/hdds/23934d72-33be-4118-bcff-1eb1b476413a/DS-3e710970-f94c-47dc-9bb3-de972a313791/container.db to cache
2024-07-06 11:54:02,295 [8dbb38fd-cb5c-434d-a416-d5257da8c780-EndpointStateMachineTaskThread-/127.0.0.1:15004-0 ] INFO  volume.HddsVolume (HddsVolume.java:createDbStore(437)) - SchemaV3 db is created and loaded at /home/runner/work/ozone/ozone/hadoop-ozone/integration-test/target/test-dir/MiniOzoneClusterImpl-23934d72-33be-4118-bcff-1eb1b476413a/ozone-meta/datanode-1/data-0/hdds/23934d72-33be-4118-bcff-1eb1b476413a/DS-3e710970-f94c-47dc-9bb3-de972a313791/container.db for volume DS-3e710970-f94c-47dc-9bb3-de972a313791
2024-07-06 11:54:02,303 [8dbb38fd-cb5c-434d-a416-d5257da8c780-ContainerReader-0] INFO  ozoneimpl.ContainerReader (ContainerReader.java:readVolume(148)) - Start to verify containers on volume /home/runner/work/ozone/ozone/hadoop-ozone/integration-test/target/test-dir/MiniOzoneClusterImpl-23934d72-33be-4118-bcff-1eb1b476413a/ozone-meta/datanode-1/data-0/hdds
2024-07-06 11:54:02,303 [8dbb38fd-cb5c-434d-a416-d5257da8c780-ContainerReader-0] INFO  ozoneimpl.ContainerReader (ContainerReader.java:readVolume(178)) - Finish verifying containers on volume /home/runner/work/ozone/ozone/hadoop-ozone/integration-test/target/test-dir/MiniOzoneClusterImpl-23934d72-33be-4118-bcff-1eb1b476413a/ozone-meta/datanode-1/data-0/hdds
2024-07-06 11:54:02,303 [8dbb38fd-cb5c-434d-a416-d5257da8c780-EndpointStateMachineTaskThread-/127.0.0.1:15004-0 ] INFO  ozoneimpl.OzoneContainer (OzoneContainer.java:buildContainerSet(328)) - Build ContainerSet costs 0s
2024-07-06 11:54:02,304 [8dbb38fd-cb5c-434d-a416-d5257da8c780-EndpointStateMachineTaskThread-/127.0.0.1:15004-0 ] INFO  volume.ThrottledAsyncChecker (ThrottledAsyncChecker.java:schedule(141)) - Scheduling a check for /home/runner/work/ozone/ozone/hadoop-ozone/integration-test/target/test-dir/MiniOzoneClusterImpl-23934d72-33be-4118-bcff-1eb1b476413a/ozone-meta/datanode-1/data-0/hdds
2024-07-06 11:54:02,308 [8dbb38fd-cb5c-434d-a416-d5257da8c780-EndpointStateMachineTaskThread-/127.0.0.1:15004-0 ] INFO  volume.StorageVolumeChecker (StorageVolumeChecker.java:checkAllVolumes(218)) - Scheduled health check for volume /home/runner/work/ozone/ozone/hadoop-ozone/integration-test/target/test-dir/MiniOzoneClusterImpl-23934d72-33be-4118-bcff-1eb1b476413a/ozone-meta/datanode-1/data-0/hdds
2024-07-06 11:54:02,310 [8dbb38fd-cb5c-434d-a416-d5257da8c780-EndpointStateMachineTaskThread-/127.0.0.1:15004-0 ] INFO  volume.ThrottledAsyncChecker (ThrottledAsyncChecker.java:schedule(141)) - Scheduling a check for /home/runner/work/ozone/ozone/hadoop-ozone/integration-test/target/test-dir/MiniOzoneClusterImpl-23934d72-33be-4118-bcff-1eb1b476413a/ozone-meta/datanode-1/ratis
2024-07-06 11:54:02,310 [8dbb38fd-cb5c-434d-a416-d5257da8c780-EndpointStateMachineTaskThread-/127.0.0.1:15004-0 ] INFO  volume.StorageVolumeChecker (StorageVolumeChecker.java:checkAllVolumes(218)) - Scheduled health check for volume /home/runner/work/ozone/ozone/hadoop-ozone/integration-test/target/test-dir/MiniOzoneClusterImpl-23934d72-33be-4118-bcff-1eb1b476413a/ozone-meta/datanode-1/ratis
2024-07-06 11:54:02,311 [8dbb38fd-cb5c-434d-a416-d5257da8c780-EndpointStateMachineTaskThread-/127.0.0.1:15004-0 ] INFO  ozoneimpl.OzoneContainer (OzoneContainer.java:start(459)) - Attempting to start container services.
2024-07-06 11:54:02,316 [ContainerMetadataScanner] INFO  ozoneimpl.AbstractBackgroundContainerScanner (AbstractBackgroundContainerScanner.java:runIteration(87)) - Completed an iteration in 0 minutes. Number of iterations (since the data-node restart) : 1, Number of containers scanned in this iteration : 0, Number of unhealthy containers found in this iteration : 0
2024-07-06 11:54:02,318 [ContainerDataScanner(/home/runner/work/ozone/ozone/hadoop-ozone/integration-test/target/test-dir/MiniOzoneClusterImpl-23934d72-33be-4118-bcff-1eb1b476413a/ozone-meta/datanode-1/data-0/hdds)] INFO  ozoneimpl.AbstractBackgroundContainerScanner (AbstractBackgroundContainerScanner.java:runIteration(87)) - Completed an iteration in 0 minutes. Number of iterations (since the data-node restart) : 1, Number of containers scanned in this iteration : 0, Number of unhealthy containers found in this iteration : 0
2024-07-06 11:54:02,318 [8dbb38fd-cb5c-434d-a416-d5257da8c780-EndpointStateMachineTaskThread-/127.0.0.1:15004-0 ] INFO  replication.ReplicationServer (ReplicationServer.java:start(142)) - ReplicationServer is started using port 15048
2024-07-06 11:54:02,319 [8dbb38fd-cb5c-434d-a416-d5257da8c780-EndpointStateMachineTaskThread-/127.0.0.1:15004-0 ] INFO  ratis.XceiverServerRatis (XceiverServerRatis.java:start(562)) - Starting XceiverServerRatis 8dbb38fd-cb5c-434d-a416-d5257da8c780
2024-07-06 11:54:02,319 [8dbb38fd-cb5c-434d-a416-d5257da8c780-EndpointStateMachineTaskThread-/127.0.0.1:15004-0 ] INFO  server.RaftServer (RaftServerProxy.java:startImpl(408)) - 8dbb38fd-cb5c-434d-a416-d5257da8c780: start RPC server
2024-07-06 11:54:02,319 [8dbb38fd-cb5c-434d-a416-d5257da8c780-EndpointStateMachineTaskThread-/127.0.0.1:15004-0 ] INFO  server.GrpcService (GrpcService.java:startImpl(302)) - 8dbb38fd-cb5c-434d-a416-d5257da8c780: GrpcService started, listening on 15044
2024-07-06 11:54:02,320 [8dbb38fd-cb5c-434d-a416-d5257da8c780-EndpointStateMachineTaskThread-/127.0.0.1:15004-0 ] INFO  server.GrpcService (GrpcService.java:startImpl(302)) - 8dbb38fd-cb5c-434d-a416-d5257da8c780: GrpcService started, listening on 15046
2024-07-06 11:54:02,320 [8dbb38fd-cb5c-434d-a416-d5257da8c780-EndpointStateMachineTaskThread-/127.0.0.1:15004-0 ] INFO  server.GrpcService (GrpcService.java:startImpl(302)) - 8dbb38fd-cb5c-434d-a416-d5257da8c780: GrpcService started, listening on 15045
2024-07-06 11:54:02,320 [8dbb38fd-cb5c-434d-a416-d5257da8c780-EndpointStateMachineTaskThread-/127.0.0.1:15004-0 ] INFO  ratis.XceiverServerRatis (XceiverServerRatis.java:getRealPort(588)) - XceiverServerRatis 8dbb38fd-cb5c-434d-a416-d5257da8c780 is started using port 15044 for RATIS
2024-07-06 11:54:02,320 [8dbb38fd-cb5c-434d-a416-d5257da8c780-EndpointStateMachineTaskThread-/127.0.0.1:15004-0 ] INFO  ratis.XceiverServerRatis (XceiverServerRatis.java:getRealPort(588)) - XceiverServerRatis 8dbb38fd-cb5c-434d-a416-d5257da8c780 is started using port 15045 for RATIS_ADMIN
2024-07-06 11:54:02,320 [8dbb38fd-cb5c-434d-a416-d5257da8c780-EndpointStateMachineTaskThread-/127.0.0.1:15004-0 ] INFO  ratis.XceiverServerRatis (XceiverServerRatis.java:getRealPort(588)) - XceiverServerRatis 8dbb38fd-cb5c-434d-a416-d5257da8c780 is started using port 15046 for RATIS_SERVER
2024-07-06 11:54:02,321 [8dbb38fd-cb5c-434d-a416-d5257da8c780-EndpointStateMachineTaskThread-/127.0.0.1:15004-0 ] INFO  ratis.XceiverServerRatis (XceiverServerRatis.java:getRealPort(588)) - XceiverServerRatis 8dbb38fd-cb5c-434d-a416-d5257da8c780 is started using port 15047 for RATIS_DATASTREAM
2024-07-06 11:54:02,320 [JvmPauseMonitor5] INFO  util.JvmPauseMonitor (JvmPauseMonitor.java:run(146)) - JvmPauseMonitor-8dbb38fd-cb5c-434d-a416-d5257da8c780: Started
2024-07-06 11:54:02,322 [8dbb38fd-cb5c-434d-a416-d5257da8c780-EndpointStateMachineTaskThread-/127.0.0.1:15020-0 ] INFO  ozoneimpl.OzoneContainer (OzoneContainer.java:start(441)) - Ignore. OzoneContainer already started.
2024-07-06 11:54:02,323 [8dbb38fd-cb5c-434d-a416-d5257da8c780-EndpointStateMachineTaskThread-/127.0.0.1:15012-0 ] INFO  ozoneimpl.OzoneContainer (OzoneContainer.java:start(441)) - Ignore. OzoneContainer already started.
2024-07-06 11:54:02,323 [8dbb38fd-cb5c-434d-a416-d5257da8c780-BlockDeletingService#0] INFO  interfaces.ContainerDeletionChoosingPolicyTemplate (ContainerDeletionChoosingPolicyTemplate.java:chooseContainerForBlockDeletion(85)) - Chosen 0/5000 blocks from 0 candidate containers.
2024-07-06 11:54:02,345 [main] INFO  ozone.MiniOzoneClusterImpl (MiniOzoneClusterImpl.java:lambda$waitForClusterToBeReady$0(194)) - Waiting for nodes to be ready. Got 0 of 3 DN Heartbeats.
2024-07-06 11:54:02,345 [main] INFO  ozone.MiniOzoneClusterImpl (MiniOzoneClusterImpl.java:lambda$waitForClusterToBeReady$0(197)) - Waiting for cluster to exit safe mode
2024-07-06 11:54:02,345 [main] INFO  ozone.MiniOzoneClusterImpl (MiniOzoneClusterImpl.java:lambda$waitForClusterToBeReady$0(199)) - SCM became leader
2024-07-06 11:54:02,468 [scmNode-1-SecretKeyManagerService] INFO  symmetric.SecretKeyManager (SecretKeyManager.java:checkAndRotate(125)) - SecretKey rotation is happening, new key generated SecretKey(id = c0464f75-c78b-4f67-b9ee-50d1c7df432d, creation at: 2024-07-06T11:54:02.468609924Z, expire at: 2024-07-06T11:54:05.468609924Z)
2024-07-06 11:54:02,472 [eb66df86-6ffc-4e53-b873-cb2b44d5f35d@group-1EB1B476413A-StateMachineUpdater] INFO  symmetric.SecretKeyStateImpl (SecretKeyStateImpl.java:updateKeysInternal(113)) - Updating keys with [SecretKey(id = d86258f3-8c8f-4911-96b4-31a29a955fc4, creation at: 2024-07-06T11:54:01.368Z, expire at: 2024-07-06T11:54:04.368Z), SecretKey(id = 864f37e4-a748-40e5-b9b8-f6789e273372, creation at: 2024-07-06T11:54:00.368Z, expire at: 2024-07-06T11:54:03.368Z), SecretKey(id = c0464f75-c78b-4f67-b9ee-50d1c7df432d, creation at: 2024-07-06T11:54:02.468Z, expire at: 2024-07-06T11:54:05.468Z)]
2024-07-06 11:54:02,472 [eb66df86-6ffc-4e53-b873-cb2b44d5f35d@group-1EB1B476413A-StateMachineUpdater] INFO  symmetric.SecretKeyStateImpl (SecretKeyStateImpl.java:updateKeysInternal(128)) - Current key updated SecretKey(id = c0464f75-c78b-4f67-b9ee-50d1c7df432d, creation at: 2024-07-06T11:54:02.468Z, expire at: 2024-07-06T11:54:05.468Z)
2024-07-06 11:54:02,473 [eb66df86-6ffc-4e53-b873-cb2b44d5f35d@group-1EB1B476413A-StateMachineUpdater] INFO  symmetric.LocalSecretKeyStore (LocalSecretKeyStore.java:save(109)) - Saved [SecretKey(id = c0464f75-c78b-4f67-b9ee-50d1c7df432d, creation at: 2024-07-06T11:54:02.468Z, expire at: 2024-07-06T11:54:05.468Z), SecretKey(id = d86258f3-8c8f-4911-96b4-31a29a955fc4, creation at: 2024-07-06T11:54:01.368Z, expire at: 2024-07-06T11:54:04.368Z), SecretKey(id = 864f37e4-a748-40e5-b9b8-f6789e273372, creation at: 2024-07-06T11:54:00.368Z, expire at: 2024-07-06T11:54:03.368Z)] to file /home/runner/work/ozone/ozone/hadoop-ozone/integration-test/target/test-dir/MiniOzoneClusterImpl-23934d72-33be-4118-bcff-1eb1b476413a/scmNode-1/scm/keys/secret_keys.json
2024-07-06 11:54:02,473 [eb66df86-6ffc-4e53-b873-cb2b44d5f35d@group-1EB1B476413A-StateMachineUpdater] INFO  safemode.HealthyPipelineSafeModeRule (HealthyPipelineSafeModeRule.java:initializeRule(172)) - Refreshed total pipeline count is 0, healthy pipeline threshold count is 1
2024-07-06 11:54:02,474 [39a46239-dc5f-49f3-8624-e36d450519bc@group-1EB1B476413A-StateMachineUpdater] INFO  symmetric.SecretKeyStateImpl (SecretKeyStateImpl.java:updateKeysInternal(113)) - Updating keys with [SecretKey(id = d86258f3-8c8f-4911-96b4-31a29a955fc4, creation at: 2024-07-06T11:54:01.368Z, expire at: 2024-07-06T11:54:04.368Z), SecretKey(id = 864f37e4-a748-40e5-b9b8-f6789e273372, creation at: 2024-07-06T11:54:00.368Z, expire at: 2024-07-06T11:54:03.368Z), SecretKey(id = c0464f75-c78b-4f67-b9ee-50d1c7df432d, creation at: 2024-07-06T11:54:02.468Z, expire at: 2024-07-06T11:54:05.468Z)]
2024-07-06 11:54:02,475 [39a46239-dc5f-49f3-8624-e36d450519bc@group-1EB1B476413A-StateMachineUpdater] INFO  symmetric.SecretKeyStateImpl (SecretKeyStateImpl.java:updateKeysInternal(128)) - Current key updated SecretKey(id = c0464f75-c78b-4f67-b9ee-50d1c7df432d, creation at: 2024-07-06T11:54:02.468Z, expire at: 2024-07-06T11:54:05.468Z)
2024-07-06 11:54:02,475 [41075d7a-0d70-4fa2-ba46-cbc672699b06@group-1EB1B476413A-StateMachineUpdater] INFO  symmetric.SecretKeyStateImpl (SecretKeyStateImpl.java:updateKeysInternal(113)) - Updating keys with [SecretKey(id = d86258f3-8c8f-4911-96b4-31a29a955fc4, creation at: 2024-07-06T11:54:01.368Z, expire at: 2024-07-06T11:54:04.368Z), SecretKey(id = 864f37e4-a748-40e5-b9b8-f6789e273372, creation at: 2024-07-06T11:54:00.368Z, expire at: 2024-07-06T11:54:03.368Z), SecretKey(id = c0464f75-c78b-4f67-b9ee-50d1c7df432d, creation at: 2024-07-06T11:54:02.468Z, expire at: 2024-07-06T11:54:05.468Z)]
2024-07-06 11:54:02,475 [39a46239-dc5f-49f3-8624-e36d450519bc@group-1EB1B476413A-StateMachineUpdater] INFO  symmetric.LocalSecretKeyStore (LocalSecretKeyStore.java:save(109)) - Saved [SecretKey(id = c0464f75-c78b-4f67-b9ee-50d1c7df432d, creation at: 2024-07-06T11:54:02.468Z, expire at: 2024-07-06T11:54:05.468Z), SecretKey(id = d86258f3-8c8f-4911-96b4-31a29a955fc4, creation at: 2024-07-06T11:54:01.368Z, expire at: 2024-07-06T11:54:04.368Z), SecretKey(id = 864f37e4-a748-40e5-b9b8-f6789e273372, creation at: 2024-07-06T11:54:00.368Z, expire at: 2024-07-06T11:54:03.368Z)] to file /home/runner/work/ozone/ozone/hadoop-ozone/integration-test/target/test-dir/MiniOzoneClusterImpl-23934d72-33be-4118-bcff-1eb1b476413a/scmNode-3/scm/keys/secret_keys.json
2024-07-06 11:54:02,475 [41075d7a-0d70-4fa2-ba46-cbc672699b06@group-1EB1B476413A-StateMachineUpdater] INFO  symmetric.SecretKeyStateImpl (SecretKeyStateImpl.java:updateKeysInternal(128)) - Current key updated SecretKey(id = c0464f75-c78b-4f67-b9ee-50d1c7df432d, creation at: 2024-07-06T11:54:02.468Z, expire at: 2024-07-06T11:54:05.468Z)
2024-07-06 11:54:02,475 [39a46239-dc5f-49f3-8624-e36d450519bc@group-1EB1B476413A-StateMachineUpdater] INFO  safemode.HealthyPipelineSafeModeRule (HealthyPipelineSafeModeRule.java:initializeRule(172)) - Refreshed total pipeline count is 0, healthy pipeline threshold count is 1
2024-07-06 11:54:02,476 [41075d7a-0d70-4fa2-ba46-cbc672699b06@group-1EB1B476413A-StateMachineUpdater] INFO  symmetric.LocalSecretKeyStore (LocalSecretKeyStore.java:save(109)) - Saved [SecretKey(id = c0464f75-c78b-4f67-b9ee-50d1c7df432d, creation at: 2024-07-06T11:54:02.468Z, expire at: 2024-07-06T11:54:05.468Z), SecretKey(id = d86258f3-8c8f-4911-96b4-31a29a955fc4, creation at: 2024-07-06T11:54:01.368Z, expire at: 2024-07-06T11:54:04.368Z), SecretKey(id = 864f37e4-a748-40e5-b9b8-f6789e273372, creation at: 2024-07-06T11:54:00.368Z, expire at: 2024-07-06T11:54:03.368Z)] to file /home/runner/work/ozone/ozone/hadoop-ozone/integration-test/target/test-dir/MiniOzoneClusterImpl-23934d72-33be-4118-bcff-1eb1b476413a/scmNode-2/scm/keys/secret_keys.json
2024-07-06 11:54:02,476 [41075d7a-0d70-4fa2-ba46-cbc672699b06@group-1EB1B476413A-StateMachineUpdater] INFO  safemode.HealthyPipelineSafeModeRule (HealthyPipelineSafeModeRule.java:initializeRule(172)) - Refreshed total pipeline count is 0, healthy pipeline threshold count is 1
2024-07-06 11:54:02,568 [SecretKeyPoller] INFO  symmetric.DefaultSecretKeySignerClient (DefaultSecretKeySignerClient.java:checkAndRefresh(167)) - New secret key fetched from SCM: SecretKey(id = c0464f75-c78b-4f67-b9ee-50d1c7df432d, creation at: 2024-07-06T11:54:02.468Z, expire at: 2024-07-06T11:54:05.468Z).
2024-07-06 11:54:02,568 [SecretKeyPoller] INFO  symmetric.DefaultSecretKeySignerClient (DefaultSecretKeySignerClient.java:checkAndRefresh(167)) - New secret key fetched from SCM: SecretKey(id = c0464f75-c78b-4f67-b9ee-50d1c7df432d, creation at: 2024-07-06T11:54:02.468Z, expire at: 2024-07-06T11:54:05.468Z).
2024-07-06 11:54:02,568 [om1-SecretKeyPoller] INFO  symmetric.DefaultSecretKeySignerClient (DefaultSecretKeySignerClient.java:checkAndRefresh(167)) - New secret key fetched from SCM: SecretKey(id = c0464f75-c78b-4f67-b9ee-50d1c7df432d, creation at: 2024-07-06T11:54:02.468Z, expire at: 2024-07-06T11:54:05.468Z).
2024-07-06 11:54:02,569 [SecretKeyPoller] INFO  symmetric.DefaultSecretKeySignerClient (DefaultSecretKeySignerClient.java:checkAndRefresh(167)) - New secret key fetched from SCM: SecretKey(id = c0464f75-c78b-4f67-b9ee-50d1c7df432d, creation at: 2024-07-06T11:54:02.468Z, expire at: 2024-07-06T11:54:05.468Z).
2024-07-06 11:54:02,896 [Socket Reader #1 for port 15012] INFO  ipc.Server (Server.java:saslProcess(2139)) - Auth successful for scm/fv-az1041-405.cgqmq5qunpnelbz5tk1v55v5te.bx.internal.cloudapp.net@EXAMPLE.COM (auth:KERBEROS) from fv-az1041-405.cgqmq5qunpnelbz5tk1v55v5te.bx.internal.cloudapp.net:41621 / 10.1.0.11:41621
2024-07-06 11:54:02,898 [Socket Reader #1 for port 15004] INFO  ipc.Server (Server.java:saslProcess(2139)) - Auth successful for scm/fv-az1041-405.cgqmq5qunpnelbz5tk1v55v5te.bx.internal.cloudapp.net@EXAMPLE.COM (auth:KERBEROS) from fv-az1041-405.cgqmq5qunpnelbz5tk1v55v5te.bx.internal.cloudapp.net:41803 / 10.1.0.11:41803
2024-07-06 11:54:02,898 [Socket Reader #1 for port 15012] INFO  authorize.ServiceAuthorizationManager (ServiceAuthorizationManager.java:authorize(137)) - Authorization successful for scm/fv-az1041-405.cgqmq5qunpnelbz5tk1v55v5te.bx.internal.cloudapp.net@EXAMPLE.COM (auth:KERBEROS) for protocol=interface org.apache.hadoop.ozone.protocol.StorageContainerDatanodeProtocol
2024-07-06 11:54:02,901 [Socket Reader #1 for port 15004] INFO  authorize.ServiceAuthorizationManager (ServiceAuthorizationManager.java:authorize(137)) - Authorization successful for scm/fv-az1041-405.cgqmq5qunpnelbz5tk1v55v5te.bx.internal.cloudapp.net@EXAMPLE.COM (auth:KERBEROS) for protocol=interface org.apache.hadoop.ozone.protocol.StorageContainerDatanodeProtocol
2024-07-06 11:54:02,904 [Socket Reader #1 for port 15020] INFO  ipc.Server (Server.java:saslProcess(2139)) - Auth successful for scm/fv-az1041-405.cgqmq5qunpnelbz5tk1v55v5te.bx.internal.cloudapp.net@EXAMPLE.COM (auth:KERBEROS) from fv-az1041-405.cgqmq5qunpnelbz5tk1v55v5te.bx.internal.cloudapp.net:37475 / 10.1.0.11:37475
2024-07-06 11:54:02,905 [Socket Reader #1 for port 15020] INFO  authorize.ServiceAuthorizationManager (ServiceAuthorizationManager.java:authorize(137)) - Authorization successful for scm/fv-az1041-405.cgqmq5qunpnelbz5tk1v55v5te.bx.internal.cloudapp.net@EXAMPLE.COM (auth:KERBEROS) for protocol=interface org.apache.hadoop.ozone.protocol.StorageContainerDatanodeProtocol
2024-07-06 11:54:02,918 [0cfa5fef-e387-4d03-8755-cac648de9f82-EndpointStateMachineTaskThread-/127.0.0.1:15012-0 ] INFO  utils.DatanodeStoreCache (DatanodeStoreCache.java:addDB(72)) - Added db /home/runner/work/ozone/ozone/hadoop-ozone/integration-test/target/test-dir/MiniOzoneClusterImpl-23934d72-33be-4118-bcff-1eb1b476413a/ozone-meta/datanode-2/data-0/hdds/23934d72-33be-4118-bcff-1eb1b476413a/DS-b7128250-9380-42c5-8899-b9ed674e60b2/container.db to cache
2024-07-06 11:54:02,919 [0cfa5fef-e387-4d03-8755-cac648de9f82-EndpointStateMachineTaskThread-/127.0.0.1:15012-0 ] INFO  volume.HddsVolume (HddsVolume.java:createDbStore(437)) - SchemaV3 db is created and loaded at /home/runner/work/ozone/ozone/hadoop-ozone/integration-test/target/test-dir/MiniOzoneClusterImpl-23934d72-33be-4118-bcff-1eb1b476413a/ozone-meta/datanode-2/data-0/hdds/23934d72-33be-4118-bcff-1eb1b476413a/DS-b7128250-9380-42c5-8899-b9ed674e60b2/container.db for volume DS-b7128250-9380-42c5-8899-b9ed674e60b2
2024-07-06 11:54:02,921 [0cfa5fef-e387-4d03-8755-cac648de9f82-ContainerReader-0] INFO  ozoneimpl.ContainerReader (ContainerReader.java:readVolume(148)) - Start to verify containers on volume /home/runner/work/ozone/ozone/hadoop-ozone/integration-test/target/test-dir/MiniOzoneClusterImpl-23934d72-33be-4118-bcff-1eb1b476413a/ozone-meta/datanode-2/data-0/hdds
2024-07-06 11:54:02,921 [0cfa5fef-e387-4d03-8755-cac648de9f82-ContainerReader-0] INFO  ozoneimpl.ContainerReader (ContainerReader.java:readVolume(178)) - Finish verifying containers on volume /home/runner/work/ozone/ozone/hadoop-ozone/integration-test/target/test-dir/MiniOzoneClusterImpl-23934d72-33be-4118-bcff-1eb1b476413a/ozone-meta/datanode-2/data-0/hdds
2024-07-06 11:54:02,921 [0cfa5fef-e387-4d03-8755-cac648de9f82-EndpointStateMachineTaskThread-/127.0.0.1:15004-0 ] INFO  ozoneimpl.OzoneContainer (OzoneContainer.java:buildContainerSet(328)) - Build ContainerSet costs 0s
2024-07-06 11:54:02,921 [0cfa5fef-e387-4d03-8755-cac648de9f82-EndpointStateMachineTaskThread-/127.0.0.1:15004-0 ] INFO  volume.ThrottledAsyncChecker (ThrottledAsyncChecker.java:schedule(141)) - Scheduling a check for /home/runner/work/ozone/ozone/hadoop-ozone/integration-test/target/test-dir/MiniOzoneClusterImpl-23934d72-33be-4118-bcff-1eb1b476413a/ozone-meta/datanode-2/data-0/hdds
2024-07-06 11:54:02,925 [0cfa5fef-e387-4d03-8755-cac648de9f82-EndpointStateMachineTaskThread-/127.0.0.1:15004-0 ] INFO  volume.StorageVolumeChecker (StorageVolumeChecker.java:checkAllVolumes(218)) - Scheduled health check for volume /home/runner/work/ozone/ozone/hadoop-ozone/integration-test/target/test-dir/MiniOzoneClusterImpl-23934d72-33be-4118-bcff-1eb1b476413a/ozone-meta/datanode-2/data-0/hdds
2024-07-06 11:54:02,925 [0cfa5fef-e387-4d03-8755-cac648de9f82-EndpointStateMachineTaskThread-/127.0.0.1:15004-0 ] INFO  volume.ThrottledAsyncChecker (ThrottledAsyncChecker.java:schedule(141)) - Scheduling a check for /home/runner/work/ozone/ozone/hadoop-ozone/integration-test/target/test-dir/MiniOzoneClusterImpl-23934d72-33be-4118-bcff-1eb1b476413a/ozone-meta/datanode-2/ratis
2024-07-06 11:54:02,925 [0cfa5fef-e387-4d03-8755-cac648de9f82-EndpointStateMachineTaskThread-/127.0.0.1:15004-0 ] INFO  volume.StorageVolumeChecker (StorageVolumeChecker.java:checkAllVolumes(218)) - Scheduled health check for volume /home/runner/work/ozone/ozone/hadoop-ozone/integration-test/target/test-dir/MiniOzoneClusterImpl-23934d72-33be-4118-bcff-1eb1b476413a/ozone-meta/datanode-2/ratis
2024-07-06 11:54:02,926 [0cfa5fef-e387-4d03-8755-cac648de9f82-EndpointStateMachineTaskThread-/127.0.0.1:15004-0 ] INFO  ozoneimpl.OzoneContainer (OzoneContainer.java:start(459)) - Attempting to start container services.
2024-07-06 11:54:02,926 [0cfa5fef-e387-4d03-8755-cac648de9f82-EndpointStateMachineTaskThread-/127.0.0.1:15004-0 ] WARN  ozoneimpl.OnDemandContainerDataScanner (OnDemandContainerDataScanner.java:init(75)) - Trying to initialize on demand scanner a second time on a datanode.
2024-07-06 11:54:02,926 [ContainerMetadataScanner] INFO  ozoneimpl.AbstractBackgroundContainerScanner (AbstractBackgroundContainerScanner.java:runIteration(87)) - Completed an iteration in 0 minutes. Number of iterations (since the data-node restart) : 1, Number of containers scanned in this iteration : 0, Number of unhealthy containers found in this iteration : 0
2024-07-06 11:54:02,927 [0cfa5fef-e387-4d03-8755-cac648de9f82-EndpointStateMachineTaskThread-/127.0.0.1:15004-0 ] INFO  replication.ReplicationServer (ReplicationServer.java:start(142)) - ReplicationServer is started using port 15057
2024-07-06 11:54:02,927 [0cfa5fef-e387-4d03-8755-cac648de9f82-EndpointStateMachineTaskThread-/127.0.0.1:15004-0 ] INFO  ratis.XceiverServerRatis (XceiverServerRatis.java:start(562)) - Starting XceiverServerRatis 0cfa5fef-e387-4d03-8755-cac648de9f82
2024-07-06 11:54:02,927 [ContainerDataScanner(/home/runner/work/ozone/ozone/hadoop-ozone/integration-test/target/test-dir/MiniOzoneClusterImpl-23934d72-33be-4118-bcff-1eb1b476413a/ozone-meta/datanode-2/data-0/hdds)] INFO  ozoneimpl.AbstractBackgroundContainerScanner (AbstractBackgroundContainerScanner.java:runIteration(87)) - Completed an iteration in 0 minutes. Number of iterations (since the data-node restart) : 1, Number of containers scanned in this iteration : 0, Number of unhealthy containers found in this iteration : 0
2024-07-06 11:54:02,928 [0cfa5fef-e387-4d03-8755-cac648de9f82-EndpointStateMachineTaskThread-/127.0.0.1:15004-0 ] INFO  server.RaftServer (RaftServerProxy.java:startImpl(408)) - 0cfa5fef-e387-4d03-8755-cac648de9f82: start RPC server
2024-07-06 11:54:02,928 [0cfa5fef-e387-4d03-8755-cac648de9f82-EndpointStateMachineTaskThread-/127.0.0.1:15004-0 ] INFO  server.GrpcService (GrpcService.java:startImpl(302)) - 0cfa5fef-e387-4d03-8755-cac648de9f82: GrpcService started, listening on 15053
2024-07-06 11:54:02,928 [0cfa5fef-e387-4d03-8755-cac648de9f82-EndpointStateMachineTaskThread-/127.0.0.1:15004-0 ] INFO  server.GrpcService (GrpcService.java:startImpl(302)) - 0cfa5fef-e387-4d03-8755-cac648de9f82: GrpcService started, listening on 15055
2024-07-06 11:54:02,929 [0cfa5fef-e387-4d03-8755-cac648de9f82-EndpointStateMachineTaskThread-/127.0.0.1:15004-0 ] INFO  server.GrpcService (GrpcService.java:startImpl(302)) - 0cfa5fef-e387-4d03-8755-cac648de9f82: GrpcService started, listening on 15054
2024-07-06 11:54:02,929 [0cfa5fef-e387-4d03-8755-cac648de9f82-EndpointStateMachineTaskThread-/127.0.0.1:15004-0 ] INFO  ratis.XceiverServerRatis (XceiverServerRatis.java:getRealPort(588)) - XceiverServerRatis 0cfa5fef-e387-4d03-8755-cac648de9f82 is started using port 15053 for RATIS
2024-07-06 11:54:02,929 [0cfa5fef-e387-4d03-8755-cac648de9f82-EndpointStateMachineTaskThread-/127.0.0.1:15004-0 ] INFO  ratis.XceiverServerRatis (XceiverServerRatis.java:getRealPort(588)) - XceiverServerRatis 0cfa5fef-e387-4d03-8755-cac648de9f82 is started using port 15054 for RATIS_ADMIN
2024-07-06 11:54:02,929 [0cfa5fef-e387-4d03-8755-cac648de9f82-EndpointStateMachineTaskThread-/127.0.0.1:15004-0 ] INFO  ratis.XceiverServerRatis (XceiverServerRatis.java:getRealPort(588)) - XceiverServerRatis 0cfa5fef-e387-4d03-8755-cac648de9f82 is started using port 15055 for RATIS_SERVER
2024-07-06 11:54:02,929 [0cfa5fef-e387-4d03-8755-cac648de9f82-EndpointStateMachineTaskThread-/127.0.0.1:15004-0 ] INFO  ratis.XceiverServerRatis (XceiverServerRatis.java:getRealPort(588)) - XceiverServerRatis 0cfa5fef-e387-4d03-8755-cac648de9f82 is started using port 15056 for RATIS_DATASTREAM
2024-07-06 11:54:02,930 [JvmPauseMonitor6] INFO  util.JvmPauseMonitor (JvmPauseMonitor.java:run(146)) - JvmPauseMonitor-0cfa5fef-e387-4d03-8755-cac648de9f82: Started
2024-07-06 11:54:02,930 [0cfa5fef-e387-4d03-8755-cac648de9f82-BlockDeletingService#0] INFO  interfaces.ContainerDeletionChoosingPolicyTemplate (ContainerDeletionChoosingPolicyTemplate.java:chooseContainerForBlockDeletion(85)) - Chosen 0/5000 blocks from 0 candidate containers.
2024-07-06 11:54:02,931 [0cfa5fef-e387-4d03-8755-cac648de9f82-EndpointStateMachineTaskThread-/127.0.0.1:15020-0 ] INFO  ozoneimpl.OzoneContainer (OzoneContainer.java:start(441)) - Ignore. OzoneContainer already started.
2024-07-06 11:54:02,931 [0cfa5fef-e387-4d03-8755-cac648de9f82-EndpointStateMachineTaskThread-/127.0.0.1:15012-0 ] INFO  ozoneimpl.OzoneContainer (OzoneContainer.java:start(441)) - Ignore. OzoneContainer already started.
2024-07-06 11:54:03,345 [main] INFO  ozone.MiniOzoneClusterImpl (MiniOzoneClusterImpl.java:lambda$waitForClusterToBeReady$0(194)) - Waiting for nodes to be ready. Got 0 of 3 DN Heartbeats.
2024-07-06 11:54:03,345 [main] INFO  ozone.MiniOzoneClusterImpl (MiniOzoneClusterImpl.java:lambda$waitForClusterToBeReady$0(197)) - Waiting for cluster to exit safe mode
2024-07-06 11:54:03,346 [main] INFO  ozone.MiniOzoneClusterImpl (MiniOzoneClusterImpl.java:lambda$waitForClusterToBeReady$0(199)) - SCM became leader
2024-07-06 11:54:03,364 [eb39f61f-e86a-4779-8e52-f95c095d9393-EndpointStateMachineTaskThread-/127.0.0.1:15012-0 ] INFO  utils.DatanodeStoreCache (DatanodeStoreCache.java:addDB(72)) - Added db /home/runner/work/ozone/ozone/hadoop-ozone/integration-test/target/test-dir/MiniOzoneClusterImpl-23934d72-33be-4118-bcff-1eb1b476413a/ozone-meta/datanode-3/data-0/hdds/23934d72-33be-4118-bcff-1eb1b476413a/DS-ce2d0964-7c34-46df-9d7d-bf44ecc5a57c/container.db to cache
2024-07-06 11:54:03,364 [eb39f61f-e86a-4779-8e52-f95c095d9393-EndpointStateMachineTaskThread-/127.0.0.1:15012-0 ] INFO  volume.HddsVolume (HddsVolume.java:createDbStore(437)) - SchemaV3 db is created and loaded at /home/runner/work/ozone/ozone/hadoop-ozone/integration-test/target/test-dir/MiniOzoneClusterImpl-23934d72-33be-4118-bcff-1eb1b476413a/ozone-meta/datanode-3/data-0/hdds/23934d72-33be-4118-bcff-1eb1b476413a/DS-ce2d0964-7c34-46df-9d7d-bf44ecc5a57c/container.db for volume DS-ce2d0964-7c34-46df-9d7d-bf44ecc5a57c
2024-07-06 11:54:03,366 [eb39f61f-e86a-4779-8e52-f95c095d9393-ContainerReader-0] INFO  ozoneimpl.ContainerReader (ContainerReader.java:readVolume(148)) - Start to verify containers on volume /home/runner/work/ozone/ozone/hadoop-ozone/integration-test/target/test-dir/MiniOzoneClusterImpl-23934d72-33be-4118-bcff-1eb1b476413a/ozone-meta/datanode-3/data-0/hdds
2024-07-06 11:54:03,366 [eb39f61f-e86a-4779-8e52-f95c095d9393-ContainerReader-0] INFO  ozoneimpl.ContainerReader (ContainerReader.java:readVolume(178)) - Finish verifying containers on volume /home/runner/work/ozone/ozone/hadoop-ozone/integration-test/target/test-dir/MiniOzoneClusterImpl-23934d72-33be-4118-bcff-1eb1b476413a/ozone-meta/datanode-3/data-0/hdds
2024-07-06 11:54:03,366 [eb39f61f-e86a-4779-8e52-f95c095d9393-EndpointStateMachineTaskThread-/127.0.0.1:15012-0 ] INFO  ozoneimpl.OzoneContainer (OzoneContainer.java:buildContainerSet(328)) - Build ContainerSet costs 0s
2024-07-06 11:54:03,367 [eb39f61f-e86a-4779-8e52-f95c095d9393-EndpointStateMachineTaskThread-/127.0.0.1:15012-0 ] INFO  volume.ThrottledAsyncChecker (ThrottledAsyncChecker.java:schedule(141)) - Scheduling a check for /home/runner/work/ozone/ozone/hadoop-ozone/integration-test/target/test-dir/MiniOzoneClusterImpl-23934d72-33be-4118-bcff-1eb1b476413a/ozone-meta/datanode-3/data-0/hdds
2024-07-06 11:54:03,367 [eb39f61f-e86a-4779-8e52-f95c095d9393-EndpointStateMachineTaskThread-/127.0.0.1:15012-0 ] INFO  volume.StorageVolumeChecker (StorageVolumeChecker.java:checkAllVolumes(218)) - Scheduled health check for volume /home/runner/work/ozone/ozone/hadoop-ozone/integration-test/target/test-dir/MiniOzoneClusterImpl-23934d72-33be-4118-bcff-1eb1b476413a/ozone-meta/datanode-3/data-0/hdds
2024-07-06 11:54:03,368 [eb39f61f-e86a-4779-8e52-f95c095d9393-EndpointStateMachineTaskThread-/127.0.0.1:15012-0 ] INFO  volume.ThrottledAsyncChecker (ThrottledAsyncChecker.java:schedule(141)) - Scheduling a check for /home/runner/work/ozone/ozone/hadoop-ozone/integration-test/target/test-dir/MiniOzoneClusterImpl-23934d72-33be-4118-bcff-1eb1b476413a/ozone-meta/datanode-3/ratis
2024-07-06 11:54:03,368 [eb39f61f-e86a-4779-8e52-f95c095d9393-EndpointStateMachineTaskThread-/127.0.0.1:15012-0 ] INFO  volume.StorageVolumeChecker (StorageVolumeChecker.java:checkAllVolumes(218)) - Scheduled health check for volume /home/runner/work/ozone/ozone/hadoop-ozone/integration-test/target/test-dir/MiniOzoneClusterImpl-23934d72-33be-4118-bcff-1eb1b476413a/ozone-meta/datanode-3/ratis
2024-07-06 11:54:03,369 [eb39f61f-e86a-4779-8e52-f95c095d9393-EndpointStateMachineTaskThread-/127.0.0.1:15012-0 ] INFO  ozoneimpl.OzoneContainer (OzoneContainer.java:start(459)) - Attempting to start container services.
2024-07-06 11:54:03,369 [eb39f61f-e86a-4779-8e52-f95c095d9393-EndpointStateMachineTaskThread-/127.0.0.1:15012-0 ] WARN  ozoneimpl.OnDemandContainerDataScanner (OnDemandContainerDataScanner.java:init(75)) - Trying to initialize on demand scanner a second time on a datanode.
2024-07-06 11:54:03,370 [ContainerMetadataScanner] INFO  ozoneimpl.AbstractBackgroundContainerScanner (AbstractBackgroundContainerScanner.java:runIteration(87)) - Completed an iteration in 0 minutes. Number of iterations (since the data-node restart) : 1, Number of containers scanned in this iteration : 0, Number of unhealthy containers found in this iteration : 0
2024-07-06 11:54:03,370 [ContainerDataScanner(/home/runner/work/ozone/ozone/hadoop-ozone/integration-test/target/test-dir/MiniOzoneClusterImpl-23934d72-33be-4118-bcff-1eb1b476413a/ozone-meta/datanode-3/data-0/hdds)] INFO  ozoneimpl.AbstractBackgroundContainerScanner (AbstractBackgroundContainerScanner.java:runIteration(87)) - Completed an iteration in 0 minutes. Number of iterations (since the data-node restart) : 1, Number of containers scanned in this iteration : 0, Number of unhealthy containers found in this iteration : 0
2024-07-06 11:54:03,370 [eb39f61f-e86a-4779-8e52-f95c095d9393-EndpointStateMachineTaskThread-/127.0.0.1:15012-0 ] INFO  replication.ReplicationServer (ReplicationServer.java:start(142)) - ReplicationServer is started using port 15066
2024-07-06 11:54:03,370 [eb39f61f-e86a-4779-8e52-f95c095d9393-EndpointStateMachineTaskThread-/127.0.0.1:15012-0 ] INFO  ratis.XceiverServerRatis (XceiverServerRatis.java:start(562)) - Starting XceiverServerRatis eb39f61f-e86a-4779-8e52-f95c095d9393
2024-07-06 11:54:03,371 [eb39f61f-e86a-4779-8e52-f95c095d9393-EndpointStateMachineTaskThread-/127.0.0.1:15012-0 ] INFO  server.RaftServer (RaftServerProxy.java:startImpl(408)) - eb39f61f-e86a-4779-8e52-f95c095d9393: start RPC server
2024-07-06 11:54:03,371 [eb39f61f-e86a-4779-8e52-f95c095d9393-EndpointStateMachineTaskThread-/127.0.0.1:15012-0 ] INFO  server.GrpcService (GrpcService.java:startImpl(302)) - eb39f61f-e86a-4779-8e52-f95c095d9393: GrpcService started, listening on 15062
2024-07-06 11:54:03,372 [eb39f61f-e86a-4779-8e52-f95c095d9393-EndpointStateMachineTaskThread-/127.0.0.1:15012-0 ] INFO  server.GrpcService (GrpcService.java:startImpl(302)) - eb39f61f-e86a-4779-8e52-f95c095d9393: GrpcService started, listening on 15064
2024-07-06 11:54:03,372 [eb39f61f-e86a-4779-8e52-f95c095d9393-EndpointStateMachineTaskThread-/127.0.0.1:15012-0 ] INFO  server.GrpcService (GrpcService.java:startImpl(302)) - eb39f61f-e86a-4779-8e52-f95c095d9393: GrpcService started, listening on 15063
2024-07-06 11:54:03,372 [eb39f61f-e86a-4779-8e52-f95c095d9393-EndpointStateMachineTaskThread-/127.0.0.1:15012-0 ] INFO  ratis.XceiverServerRatis (XceiverServerRatis.java:getRealPort(588)) - XceiverServerRatis eb39f61f-e86a-4779-8e52-f95c095d9393 is started using port 15062 for RATIS
2024-07-06 11:54:03,372 [eb39f61f-e86a-4779-8e52-f95c095d9393-EndpointStateMachineTaskThread-/127.0.0.1:15012-0 ] INFO  ratis.XceiverServerRatis (XceiverServerRatis.java:getRealPort(588)) - XceiverServerRatis eb39f61f-e86a-4779-8e52-f95c095d9393 is started using port 15063 for RATIS_ADMIN
2024-07-06 11:54:03,372 [eb39f61f-e86a-4779-8e52-f95c095d9393-EndpointStateMachineTaskThread-/127.0.0.1:15012-0 ] INFO  ratis.XceiverServerRatis (XceiverServerRatis.java:getRealPort(588)) - XceiverServerRatis eb39f61f-e86a-4779-8e52-f95c095d9393 is started using port 15064 for RATIS_SERVER
2024-07-06 11:54:03,372 [eb39f61f-e86a-4779-8e52-f95c095d9393-EndpointStateMachineTaskThread-/127.0.0.1:15012-0 ] INFO  ratis.XceiverServerRatis (XceiverServerRatis.java:getRealPort(588)) - XceiverServerRatis eb39f61f-e86a-4779-8e52-f95c095d9393 is started using port 15065 for RATIS_DATASTREAM
2024-07-06 11:54:03,372 [JvmPauseMonitor7] INFO  util.JvmPauseMonitor (JvmPauseMonitor.java:run(146)) - JvmPauseMonitor-eb39f61f-e86a-4779-8e52-f95c095d9393: Started
2024-07-06 11:54:03,374 [eb39f61f-e86a-4779-8e52-f95c095d9393-BlockDeletingService#0] INFO  interfaces.ContainerDeletionChoosingPolicyTemplate (ContainerDeletionChoosingPolicyTemplate.java:chooseContainerForBlockDeletion(85)) - Chosen 0/5000 blocks from 0 candidate containers.
2024-07-06 11:54:03,375 [eb39f61f-e86a-4779-8e52-f95c095d9393-EndpointStateMachineTaskThread-/127.0.0.1:15004-0 ] INFO  ozoneimpl.OzoneContainer (OzoneContainer.java:start(441)) - Ignore. OzoneContainer already started.
2024-07-06 11:54:03,375 [eb39f61f-e86a-4779-8e52-f95c095d9393-EndpointStateMachineTaskThread-/127.0.0.1:15020-0 ] INFO  ozoneimpl.OzoneContainer (OzoneContainer.java:start(441)) - Ignore. OzoneContainer already started.
2024-07-06 11:54:03,568 [scmNode-1-SecretKeyManagerService] INFO  symmetric.SecretKeyManager (SecretKeyManager.java:checkAndRotate(125)) - SecretKey rotation is happening, new key generated SecretKey(id = b818eca7-4bb0-49c1-aa05-976718e6012d, creation at: 2024-07-06T11:54:03.568237763Z, expire at: 2024-07-06T11:54:06.568237763Z)
2024-07-06 11:54:03,573 [eb66df86-6ffc-4e53-b873-cb2b44d5f35d@group-1EB1B476413A-StateMachineUpdater] INFO  symmetric.SecretKeyStateImpl (SecretKeyStateImpl.java:updateKeysInternal(113)) - Updating keys with [SecretKey(id = c0464f75-c78b-4f67-b9ee-50d1c7df432d, creation at: 2024-07-06T11:54:02.468Z, expire at: 2024-07-06T11:54:05.468Z), SecretKey(id = d86258f3-8c8f-4911-96b4-31a29a955fc4, creation at: 2024-07-06T11:54:01.368Z, expire at: 2024-07-06T11:54:04.368Z), SecretKey(id = b818eca7-4bb0-49c1-aa05-976718e6012d, creation at: 2024-07-06T11:54:03.568Z, expire at: 2024-07-06T11:54:06.568Z)]
2024-07-06 11:54:03,573 [eb66df86-6ffc-4e53-b873-cb2b44d5f35d@group-1EB1B476413A-StateMachineUpdater] INFO  symmetric.SecretKeyStateImpl (SecretKeyStateImpl.java:updateKeysInternal(128)) - Current key updated SecretKey(id = b818eca7-4bb0-49c1-aa05-976718e6012d, creation at: 2024-07-06T11:54:03.568Z, expire at: 2024-07-06T11:54:06.568Z)
2024-07-06 11:54:03,574 [eb66df86-6ffc-4e53-b873-cb2b44d5f35d@group-1EB1B476413A-StateMachineUpdater] INFO  symmetric.LocalSecretKeyStore (LocalSecretKeyStore.java:save(109)) - Saved [SecretKey(id = b818eca7-4bb0-49c1-aa05-976718e6012d, creation at: 2024-07-06T11:54:03.568Z, expire at: 2024-07-06T11:54:06.568Z), SecretKey(id = c0464f75-c78b-4f67-b9ee-50d1c7df432d, creation at: 2024-07-06T11:54:02.468Z, expire at: 2024-07-06T11:54:05.468Z), SecretKey(id = d86258f3-8c8f-4911-96b4-31a29a955fc4, creation at: 2024-07-06T11:54:01.368Z, expire at: 2024-07-06T11:54:04.368Z)] to file /home/runner/work/ozone/ozone/hadoop-ozone/integration-test/target/test-dir/MiniOzoneClusterImpl-23934d72-33be-4118-bcff-1eb1b476413a/scmNode-1/scm/keys/secret_keys.json
2024-07-06 11:54:03,574 [eb66df86-6ffc-4e53-b873-cb2b44d5f35d@group-1EB1B476413A-StateMachineUpdater] INFO  safemode.HealthyPipelineSafeModeRule (HealthyPipelineSafeModeRule.java:initializeRule(172)) - Refreshed total pipeline count is 0, healthy pipeline threshold count is 1
2024-07-06 11:54:03,575 [41075d7a-0d70-4fa2-ba46-cbc672699b06@group-1EB1B476413A-StateMachineUpdater] INFO  symmetric.SecretKeyStateImpl (SecretKeyStateImpl.java:updateKeysInternal(113)) - Updating keys with [SecretKey(id = c0464f75-c78b-4f67-b9ee-50d1c7df432d, creation at: 2024-07-06T11:54:02.468Z, expire at: 2024-07-06T11:54:05.468Z), SecretKey(id = d86258f3-8c8f-4911-96b4-31a29a955fc4, creation at: 2024-07-06T11:54:01.368Z, expire at: 2024-07-06T11:54:04.368Z), SecretKey(id = b818eca7-4bb0-49c1-aa05-976718e6012d, creation at: 2024-07-06T11:54:03.568Z, expire at: 2024-07-06T11:54:06.568Z)]
2024-07-06 11:54:03,575 [41075d7a-0d70-4fa2-ba46-cbc672699b06@group-1EB1B476413A-StateMachineUpdater] INFO  symmetric.SecretKeyStateImpl (SecretKeyStateImpl.java:updateKeysInternal(128)) - Current key updated SecretKey(id = b818eca7-4bb0-49c1-aa05-976718e6012d, creation at: 2024-07-06T11:54:03.568Z, expire at: 2024-07-06T11:54:06.568Z)
2024-07-06 11:54:03,576 [41075d7a-0d70-4fa2-ba46-cbc672699b06@group-1EB1B476413A-StateMachineUpdater] INFO  symmetric.LocalSecretKeyStore (LocalSecretKeyStore.java:save(109)) - Saved [SecretKey(id = b818eca7-4bb0-49c1-aa05-976718e6012d, creation at: 2024-07-06T11:54:03.568Z, expire at: 2024-07-06T11:54:06.568Z), SecretKey(id = c0464f75-c78b-4f67-b9ee-50d1c7df432d, creation at: 2024-07-06T11:54:02.468Z, expire at: 2024-07-06T11:54:05.468Z), SecretKey(id = d86258f3-8c8f-4911-96b4-31a29a955fc4, creation at: 2024-07-06T11:54:01.368Z, expire at: 2024-07-06T11:54:04.368Z)] to file /home/runner/work/ozone/ozone/hadoop-ozone/integration-test/target/test-dir/MiniOzoneClusterImpl-23934d72-33be-4118-bcff-1eb1b476413a/scmNode-2/scm/keys/secret_keys.json
2024-07-06 11:54:03,576 [41075d7a-0d70-4fa2-ba46-cbc672699b06@group-1EB1B476413A-StateMachineUpdater] INFO  safemode.HealthyPipelineSafeModeRule (HealthyPipelineSafeModeRule.java:initializeRule(172)) - Refreshed total pipeline count is 0, healthy pipeline threshold count is 1
2024-07-06 11:54:03,577 [39a46239-dc5f-49f3-8624-e36d450519bc@group-1EB1B476413A-StateMachineUpdater] INFO  symmetric.SecretKeyStateImpl (SecretKeyStateImpl.java:updateKeysInternal(113)) - Updating keys with [SecretKey(id = c0464f75-c78b-4f67-b9ee-50d1c7df432d, creation at: 2024-07-06T11:54:02.468Z, expire at: 2024-07-06T11:54:05.468Z), SecretKey(id = d86258f3-8c8f-4911-96b4-31a29a955fc4, creation at: 2024-07-06T11:54:01.368Z, expire at: 2024-07-06T11:54:04.368Z), SecretKey(id = b818eca7-4bb0-49c1-aa05-976718e6012d, creation at: 2024-07-06T11:54:03.568Z, expire at: 2024-07-06T11:54:06.568Z)]
2024-07-06 11:54:03,577 [39a46239-dc5f-49f3-8624-e36d450519bc@group-1EB1B476413A-StateMachineUpdater] INFO  symmetric.SecretKeyStateImpl (SecretKeyStateImpl.java:updateKeysInternal(128)) - Current key updated SecretKey(id = b818eca7-4bb0-49c1-aa05-976718e6012d, creation at: 2024-07-06T11:54:03.568Z, expire at: 2024-07-06T11:54:06.568Z)
2024-07-06 11:54:03,578 [39a46239-dc5f-49f3-8624-e36d450519bc@group-1EB1B476413A-StateMachineUpdater] INFO  symmetric.LocalSecretKeyStore (LocalSecretKeyStore.java:save(109)) - Saved [SecretKey(id = b818eca7-4bb0-49c1-aa05-976718e6012d, creation at: 2024-07-06T11:54:03.568Z, expire at: 2024-07-06T11:54:06.568Z), SecretKey(id = c0464f75-c78b-4f67-b9ee-50d1c7df432d, creation at: 2024-07-06T11:54:02.468Z, expire at: 2024-07-06T11:54:05.468Z), SecretKey(id = d86258f3-8c8f-4911-96b4-31a29a955fc4, creation at: 2024-07-06T11:54:01.368Z, expire at: 2024-07-06T11:54:04.368Z)] to file /home/runner/work/ozone/ozone/hadoop-ozone/integration-test/target/test-dir/MiniOzoneClusterImpl-23934d72-33be-4118-bcff-1eb1b476413a/scmNode-3/scm/keys/secret_keys.json
2024-07-06 11:54:03,578 [39a46239-dc5f-49f3-8624-e36d450519bc@group-1EB1B476413A-StateMachineUpdater] INFO  safemode.HealthyPipelineSafeModeRule (HealthyPipelineSafeModeRule.java:initializeRule(172)) - Refreshed total pipeline count is 0, healthy pipeline threshold count is 1
2024-07-06 11:54:03,668 [SecretKeyPoller] INFO  symmetric.DefaultSecretKeySignerClient (DefaultSecretKeySignerClient.java:checkAndRefresh(167)) - New secret key fetched from SCM: SecretKey(id = b818eca7-4bb0-49c1-aa05-976718e6012d, creation at: 2024-07-06T11:54:03.568Z, expire at: 2024-07-06T11:54:06.568Z).
2024-07-06 11:54:03,668 [om1-SecretKeyPoller] INFO  symmetric.DefaultSecretKeySignerClient (DefaultSecretKeySignerClient.java:checkAndRefresh(167)) - New secret key fetched from SCM: SecretKey(id = b818eca7-4bb0-49c1-aa05-976718e6012d, creation at: 2024-07-06T11:54:03.568Z, expire at: 2024-07-06T11:54:06.568Z).
2024-07-06 11:54:03,668 [SecretKeyPoller] INFO  symmetric.DefaultSecretKeySignerClient (DefaultSecretKeySignerClient.java:checkAndRefresh(167)) - New secret key fetched from SCM: SecretKey(id = b818eca7-4bb0-49c1-aa05-976718e6012d, creation at: 2024-07-06T11:54:03.568Z, expire at: 2024-07-06T11:54:06.568Z).
2024-07-06 11:54:03,668 [SecretKeyPoller] INFO  symmetric.DefaultSecretKeySignerClient (DefaultSecretKeySignerClient.java:checkAndRefresh(167)) - New secret key fetched from SCM: SecretKey(id = b818eca7-4bb0-49c1-aa05-976718e6012d, creation at: 2024-07-06T11:54:03.568Z, expire at: 2024-07-06T11:54:06.568Z).
2024-07-06 11:54:04,241 [IPC Server handler 1 on default port 15012] INFO  net.NetworkTopologyImpl (NetworkTopologyImpl.java:add(134)) - Added a new node: /default-rack/8dbb38fd-cb5c-434d-a416-d5257da8c780
2024-07-06 11:54:04,241 [IPC Server handler 0 on default port 15004] INFO  net.NetworkTopologyImpl (NetworkTopologyImpl.java:add(134)) - Added a new node: /default-rack/8dbb38fd-cb5c-434d-a416-d5257da8c780
2024-07-06 11:54:04,243 [IPC Server handler 1 on default port 15012] INFO  node.SCMNodeManager (SCMNodeManager.java:register(421)) - Registered datanode: 8dbb38fd-cb5c-434d-a416-d5257da8c780{ip: 10.1.0.11, host: fv-az1041-405.cgqmq5qunpnelbz5tk1v55v5te.bx.internal.cloudapp.net, ports: [HTTP=15041, CLIENT_RPC=15042, REPLICATION=15048, RATIS=15044, RATIS_ADMIN=15045, RATIS_SERVER=15046, RATIS_DATASTREAM=15047, STANDALONE=15043], networkLocation: /default-rack, certSerialId: 6, persistedOpState: null, persistedOpStateExpiryEpochSec: 0}
2024-07-06 11:54:04,243 [IPC Server handler 0 on default port 15004] INFO  node.SCMNodeManager (SCMNodeManager.java:register(421)) - Registered datanode: 8dbb38fd-cb5c-434d-a416-d5257da8c780{ip: 10.1.0.11, host: fv-az1041-405.cgqmq5qunpnelbz5tk1v55v5te.bx.internal.cloudapp.net, ports: [HTTP=15041, CLIENT_RPC=15042, REPLICATION=15048, RATIS=15044, RATIS_ADMIN=15045, RATIS_SERVER=15046, RATIS_DATASTREAM=15047, STANDALONE=15043], networkLocation: /default-rack, certSerialId: 6, persistedOpState: null, persistedOpStateExpiryEpochSec: 0}
2024-07-06 11:54:04,244 [IPC Server handler 1 on default port 15020] INFO  net.NetworkTopologyImpl (NetworkTopologyImpl.java:add(134)) - Added a new node: /default-rack/8dbb38fd-cb5c-434d-a416-d5257da8c780
2024-07-06 11:54:04,244 [IPC Server handler 1 on default port 15020] INFO  node.SCMNodeManager (SCMNodeManager.java:register(421)) - Registered datanode: 8dbb38fd-cb5c-434d-a416-d5257da8c780{ip: 10.1.0.11, host: fv-az1041-405.cgqmq5qunpnelbz5tk1v55v5te.bx.internal.cloudapp.net, ports: [HTTP=15041, CLIENT_RPC=15042, REPLICATION=15048, RATIS=15044, RATIS_ADMIN=15045, RATIS_SERVER=15046, RATIS_DATASTREAM=15047, STANDALONE=15043], networkLocation: /default-rack, certSerialId: 6, persistedOpState: null, persistedOpStateExpiryEpochSec: 0}
2024-07-06 11:54:04,246 [scmNode-2-EventQueue-NewNodeForNewNodeHandler] INFO  pipeline.BackgroundPipelineCreator (BackgroundPipelineCreator.java:notifyEventTriggered(273)) - ignore, not leader SCM.
2024-07-06 11:54:04,246 [scmNode-1-EventQueue-NewNodeForNewNodeHandler] INFO  pipeline.BackgroundPipelineCreator (BackgroundPipelineCreator.java:notifyEventTriggered(280)) - trigger a one-shot run on scmNode-1-RatisPipelineUtilsThread.
2024-07-06 11:54:04,246 [scmNode-3-EventQueue-NewNodeForNewNodeHandler] INFO  pipeline.BackgroundPipelineCreator (BackgroundPipelineCreator.java:notifyEventTriggered(273)) - ignore, not leader SCM.
2024-07-06 11:54:04,251 [scmNode-1-RatisPipelineUtilsThread-0] INFO  pipeline.RatisPipelineProvider (RatisPipelineProvider.java:lambda$create$0(205)) - Sending CreatePipelineCommand for pipeline:PipelineID=68737355-2d59-4e05-bc09-f47393a7b48c to datanode:8dbb38fd-cb5c-434d-a416-d5257da8c780
2024-07-06 11:54:04,257 [scmNode-3-EventQueue-NodeRegistrationContainerReportForDataNodeSafeModeRule] INFO  safemode.SCMSafeModeManager (DataNodeSafeModeRule.java:process(71)) - SCM in safe mode. 1 DataNodes registered, 3 required.
2024-07-06 11:54:04,265 [scmNode-2-EventQueue-NodeRegistrationContainerReportForDataNodeSafeModeRule] INFO  safemode.SCMSafeModeManager (DataNodeSafeModeRule.java:process(71)) - SCM in safe mode. 1 DataNodes registered, 3 required.
2024-07-06 11:54:04,276 [eb66df86-6ffc-4e53-b873-cb2b44d5f35d@group-1EB1B476413A-StateMachineUpdater] INFO  safemode.HealthyPipelineSafeModeRule (HealthyPipelineSafeModeRule.java:initializeRule(172)) - Refreshed total pipeline count is 0, healthy pipeline threshold count is 1
2024-07-06 11:54:04,278 [39a46239-dc5f-49f3-8624-e36d450519bc@group-1EB1B476413A-StateMachineUpdater] INFO  safemode.HealthyPipelineSafeModeRule (HealthyPipelineSafeModeRule.java:initializeRule(172)) - Refreshed total pipeline count is 0, healthy pipeline threshold count is 1
2024-07-06 11:54:04,279 [41075d7a-0d70-4fa2-ba46-cbc672699b06@group-1EB1B476413A-StateMachineUpdater] INFO  safemode.HealthyPipelineSafeModeRule (HealthyPipelineSafeModeRule.java:initializeRule(172)) - Refreshed total pipeline count is 0, healthy pipeline threshold count is 1
2024-07-06 11:54:04,281 [scmNode-1-EventQueue-NodeRegistrationContainerReportForDataNodeSafeModeRule] INFO  safemode.SCMSafeModeManager (DataNodeSafeModeRule.java:process(71)) - SCM in safe mode. 1 DataNodes registered, 3 required.
2024-07-06 11:54:04,282 [scmNode-1-RatisPipelineUtilsThread-0] INFO  pipeline.BackgroundPipelineCreator (BackgroundPipelineCreator.java:createPipelines(236)) - Created new pipeline Pipeline[ Id: 68737355-2d59-4e05-bc09-f47393a7b48c, Nodes: 8dbb38fd-cb5c-434d-a416-d5257da8c780(fv-az1041-405.cgqmq5qunpnelbz5tk1v55v5te.bx.internal.cloudapp.net/10.1.0.11) ReplicaIndex: 0, ReplicationConfig: RATIS/ONE, State:ALLOCATED, leaderId:, CreationTimestamp2024-07-06T11:54:04.251069023Z[Etc/UTC]]
2024-07-06 11:54:04,346 [main] INFO  ozone.MiniOzoneClusterImpl (MiniOzoneClusterImpl.java:lambda$waitForClusterToBeReady$0(194)) - Waiting for nodes to be ready. Got 1 of 3 DN Heartbeats.
2024-07-06 11:54:04,346 [main] INFO  ozone.MiniOzoneClusterImpl (MiniOzoneClusterImpl.java:lambda$waitForClusterToBeReady$0(197)) - Waiting for cluster to exit safe mode
2024-07-06 11:54:04,346 [main] INFO  ozone.MiniOzoneClusterImpl (MiniOzoneClusterImpl.java:lambda$waitForClusterToBeReady$0(199)) - SCM became leader
2024-07-06 11:54:04,668 [scmNode-1-SecretKeyManagerService] INFO  symmetric.SecretKeyManager (SecretKeyManager.java:checkAndRotate(125)) - SecretKey rotation is happening, new key generated SecretKey(id = 45e7385b-97de-484c-8d83-93381051e4f6, creation at: 2024-07-06T11:54:04.668275168Z, expire at: 2024-07-06T11:54:07.668275168Z)
2024-07-06 11:54:04,671 [eb66df86-6ffc-4e53-b873-cb2b44d5f35d@group-1EB1B476413A-StateMachineUpdater] INFO  symmetric.SecretKeyStateImpl (SecretKeyStateImpl.java:updateKeysInternal(113)) - Updating keys with [SecretKey(id = b818eca7-4bb0-49c1-aa05-976718e6012d, creation at: 2024-07-06T11:54:03.568Z, expire at: 2024-07-06T11:54:06.568Z), SecretKey(id = c0464f75-c78b-4f67-b9ee-50d1c7df432d, creation at: 2024-07-06T11:54:02.468Z, expire at: 2024-07-06T11:54:05.468Z), SecretKey(id = 45e7385b-97de-484c-8d83-93381051e4f6, creation at: 2024-07-06T11:54:04.668Z, expire at: 2024-07-06T11:54:07.668Z)]
2024-07-06 11:54:04,671 [eb66df86-6ffc-4e53-b873-cb2b44d5f35d@group-1EB1B476413A-StateMachineUpdater] INFO  symmetric.SecretKeyStateImpl (SecretKeyStateImpl.java:updateKeysInternal(128)) - Current key updated SecretKey(id = 45e7385b-97de-484c-8d83-93381051e4f6, creation at: 2024-07-06T11:54:04.668Z, expire at: 2024-07-06T11:54:07.668Z)
2024-07-06 11:54:04,672 [eb66df86-6ffc-4e53-b873-cb2b44d5f35d@group-1EB1B476413A-StateMachineUpdater] INFO  symmetric.LocalSecretKeyStore (LocalSecretKeyStore.java:save(109)) - Saved [SecretKey(id = 45e7385b-97de-484c-8d83-93381051e4f6, creation at: 2024-07-06T11:54:04.668Z, expire at: 2024-07-06T11:54:07.668Z), SecretKey(id = b818eca7-4bb0-49c1-aa05-976718e6012d, creation at: 2024-07-06T11:54:03.568Z, expire at: 2024-07-06T11:54:06.568Z), SecretKey(id = c0464f75-c78b-4f67-b9ee-50d1c7df432d, creation at: 2024-07-06T11:54:02.468Z, expire at: 2024-07-06T11:54:05.468Z)] to file /home/runner/work/ozone/ozone/hadoop-ozone/integration-test/target/test-dir/MiniOzoneClusterImpl-23934d72-33be-4118-bcff-1eb1b476413a/scmNode-1/scm/keys/secret_keys.json
2024-07-06 11:54:04,672 [eb66df86-6ffc-4e53-b873-cb2b44d5f35d@group-1EB1B476413A-StateMachineUpdater] INFO  safemode.HealthyPipelineSafeModeRule (HealthyPipelineSafeModeRule.java:initializeRule(172)) - Refreshed total pipeline count is 0, healthy pipeline threshold count is 1
2024-07-06 11:54:04,673 [39a46239-dc5f-49f3-8624-e36d450519bc@group-1EB1B476413A-StateMachineUpdater] INFO  symmetric.SecretKeyStateImpl (SecretKeyStateImpl.java:updateKeysInternal(113)) - Updating keys with [SecretKey(id = b818eca7-4bb0-49c1-aa05-976718e6012d, creation at: 2024-07-06T11:54:03.568Z, expire at: 2024-07-06T11:54:06.568Z), SecretKey(id = c0464f75-c78b-4f67-b9ee-50d1c7df432d, creation at: 2024-07-06T11:54:02.468Z, expire at: 2024-07-06T11:54:05.468Z), SecretKey(id = 45e7385b-97de-484c-8d83-93381051e4f6, creation at: 2024-07-06T11:54:04.668Z, expire at: 2024-07-06T11:54:07.668Z)]
2024-07-06 11:54:04,674 [39a46239-dc5f-49f3-8624-e36d450519bc@group-1EB1B476413A-StateMachineUpdater] INFO  symmetric.SecretKeyStateImpl (SecretKeyStateImpl.java:updateKeysInternal(128)) - Current key updated SecretKey(id = 45e7385b-97de-484c-8d83-93381051e4f6, creation at: 2024-07-06T11:54:04.668Z, expire at: 2024-07-06T11:54:07.668Z)
2024-07-06 11:54:04,674 [41075d7a-0d70-4fa2-ba46-cbc672699b06@group-1EB1B476413A-StateMachineUpdater] INFO  symmetric.SecretKeyStateImpl (SecretKeyStateImpl.java:updateKeysInternal(113)) - Updating keys with [SecretKey(id = b818eca7-4bb0-49c1-aa05-976718e6012d, creation at: 2024-07-06T11:54:03.568Z, expire at: 2024-07-06T11:54:06.568Z), SecretKey(id = c0464f75-c78b-4f67-b9ee-50d1c7df432d, creation at: 2024-07-06T11:54:02.468Z, expire at: 2024-07-06T11:54:05.468Z), SecretKey(id = 45e7385b-97de-484c-8d83-93381051e4f6, creation at: 2024-07-06T11:54:04.668Z, expire at: 2024-07-06T11:54:07.668Z)]
2024-07-06 11:54:04,674 [41075d7a-0d70-4fa2-ba46-cbc672699b06@group-1EB1B476413A-StateMachineUpdater] INFO  symmetric.SecretKeyStateImpl (SecretKeyStateImpl.java:updateKeysInternal(128)) - Current key updated SecretKey(id = 45e7385b-97de-484c-8d83-93381051e4f6, creation at: 2024-07-06T11:54:04.668Z, expire at: 2024-07-06T11:54:07.668Z)
2024-07-06 11:54:04,674 [39a46239-dc5f-49f3-8624-e36d450519bc@group-1EB1B476413A-StateMachineUpdater] INFO  symmetric.LocalSecretKeyStore (LocalSecretKeyStore.java:save(109)) - Saved [SecretKey(id = 45e7385b-97de-484c-8d83-93381051e4f6, creation at: 2024-07-06T11:54:04.668Z, expire at: 2024-07-06T11:54:07.668Z), SecretKey(id = b818eca7-4bb0-49c1-aa05-976718e6012d, creation at: 2024-07-06T11:54:03.568Z, expire at: 2024-07-06T11:54:06.568Z), SecretKey(id = c0464f75-c78b-4f67-b9ee-50d1c7df432d, creation at: 2024-07-06T11:54:02.468Z, expire at: 2024-07-06T11:54:05.468Z)] to file /home/runner/work/ozone/ozone/hadoop-ozone/integration-test/target/test-dir/MiniOzoneClusterImpl-23934d72-33be-4118-bcff-1eb1b476413a/scmNode-3/scm/keys/secret_keys.json
2024-07-06 11:54:04,674 [39a46239-dc5f-49f3-8624-e36d450519bc@group-1EB1B476413A-StateMachineUpdater] INFO  safemode.HealthyPipelineSafeModeRule (HealthyPipelineSafeModeRule.java:initializeRule(172)) - Refreshed total pipeline count is 0, healthy pipeline threshold count is 1
2024-07-06 11:54:04,674 [41075d7a-0d70-4fa2-ba46-cbc672699b06@group-1EB1B476413A-StateMachineUpdater] INFO  symmetric.LocalSecretKeyStore (LocalSecretKeyStore.java:save(109)) - Saved [SecretKey(id = 45e7385b-97de-484c-8d83-93381051e4f6, creation at: 2024-07-06T11:54:04.668Z, expire at: 2024-07-06T11:54:07.668Z), SecretKey(id = b818eca7-4bb0-49c1-aa05-976718e6012d, creation at: 2024-07-06T11:54:03.568Z, expire at: 2024-07-06T11:54:06.568Z), SecretKey(id = c0464f75-c78b-4f67-b9ee-50d1c7df432d, creation at: 2024-07-06T11:54:02.468Z, expire at: 2024-07-06T11:54:05.468Z)] to file /home/runner/work/ozone/ozone/hadoop-ozone/integration-test/target/test-dir/MiniOzoneClusterImpl-23934d72-33be-4118-bcff-1eb1b476413a/scmNode-2/scm/keys/secret_keys.json
2024-07-06 11:54:04,674 [41075d7a-0d70-4fa2-ba46-cbc672699b06@group-1EB1B476413A-StateMachineUpdater] INFO  safemode.HealthyPipelineSafeModeRule (HealthyPipelineSafeModeRule.java:initializeRule(172)) - Refreshed total pipeline count is 0, healthy pipeline threshold count is 1
2024-07-06 11:54:04,768 [SecretKeyPoller] INFO  symmetric.DefaultSecretKeySignerClient (DefaultSecretKeySignerClient.java:checkAndRefresh(167)) - New secret key fetched from SCM: SecretKey(id = 45e7385b-97de-484c-8d83-93381051e4f6, creation at: 2024-07-06T11:54:04.668Z, expire at: 2024-07-06T11:54:07.668Z).
2024-07-06 11:54:04,768 [SecretKeyPoller] INFO  symmetric.DefaultSecretKeySignerClient (DefaultSecretKeySignerClient.java:checkAndRefresh(167)) - New secret key fetched from SCM: SecretKey(id = 45e7385b-97de-484c-8d83-93381051e4f6, creation at: 2024-07-06T11:54:04.668Z, expire at: 2024-07-06T11:54:07.668Z).
2024-07-06 11:54:04,768 [SecretKeyPoller] INFO  symmetric.DefaultSecretKeySignerClient (DefaultSecretKeySignerClient.java:checkAndRefresh(167)) - New secret key fetched from SCM: SecretKey(id = 45e7385b-97de-484c-8d83-93381051e4f6, creation at: 2024-07-06T11:54:04.668Z, expire at: 2024-07-06T11:54:07.668Z).
2024-07-06 11:54:04,768 [om1-SecretKeyPoller] INFO  symmetric.DefaultSecretKeySignerClient (DefaultSecretKeySignerClient.java:checkAndRefresh(167)) - New secret key fetched from SCM: SecretKey(id = 45e7385b-97de-484c-8d83-93381051e4f6, creation at: 2024-07-06T11:54:04.668Z, expire at: 2024-07-06T11:54:07.668Z).
2024-07-06 11:54:04,886 [IPC Server handler 1 on default port 15012] INFO  net.NetworkTopologyImpl (NetworkTopologyImpl.java:add(134)) - Added a new node: /default-rack/0cfa5fef-e387-4d03-8755-cac648de9f82
2024-07-06 11:54:04,886 [IPC Server handler 0 on default port 15020] INFO  net.NetworkTopologyImpl (NetworkTopologyImpl.java:add(134)) - Added a new node: /default-rack/0cfa5fef-e387-4d03-8755-cac648de9f82
2024-07-06 11:54:04,886 [IPC Server handler 1 on default port 15012] INFO  node.SCMNodeManager (SCMNodeManager.java:register(421)) - Registered datanode: 0cfa5fef-e387-4d03-8755-cac648de9f82{ip: 10.1.0.11, host: fv-az1041-405.cgqmq5qunpnelbz5tk1v55v5te.bx.internal.cloudapp.net, ports: [HTTP=15050, CLIENT_RPC=15051, REPLICATION=15057, RATIS=15053, RATIS_ADMIN=15054, RATIS_SERVER=15055, RATIS_DATASTREAM=15056, STANDALONE=15052], networkLocation: /default-rack, certSerialId: 7, persistedOpState: null, persistedOpStateExpiryEpochSec: 0}
2024-07-06 11:54:04,886 [IPC Server handler 0 on default port 15020] INFO  node.SCMNodeManager (SCMNodeManager.java:register(421)) - Registered datanode: 0cfa5fef-e387-4d03-8755-cac648de9f82{ip: 10.1.0.11, host: fv-az1041-405.cgqmq5qunpnelbz5tk1v55v5te.bx.internal.cloudapp.net, ports: [HTTP=15050, CLIENT_RPC=15051, REPLICATION=15057, RATIS=15053, RATIS_ADMIN=15054, RATIS_SERVER=15055, RATIS_DATASTREAM=15056, STANDALONE=15052], networkLocation: /default-rack, certSerialId: 7, persistedOpState: null, persistedOpStateExpiryEpochSec: 0}
2024-07-06 11:54:04,886 [scmNode-2-EventQueue-NodeRegistrationContainerReportForDataNodeSafeModeRule] INFO  safemode.SCMSafeModeManager (DataNodeSafeModeRule.java:process(71)) - SCM in safe mode. 2 DataNodes registered, 3 required.
2024-07-06 11:54:04,887 [scmNode-3-EventQueue-NodeRegistrationContainerReportForDataNodeSafeModeRule] INFO  safemode.SCMSafeModeManager (DataNodeSafeModeRule.java:process(71)) - SCM in safe mode. 2 DataNodes registered, 3 required.
2024-07-06 11:54:04,887 [scmNode-2-EventQueue-NewNodeForNewNodeHandler] INFO  pipeline.BackgroundPipelineCreator (BackgroundPipelineCreator.java:notifyEventTriggered(273)) - ignore, not leader SCM.
2024-07-06 11:54:04,886 [IPC Server handler 3 on default port 15004] INFO  net.NetworkTopologyImpl (NetworkTopologyImpl.java:add(134)) - Added a new node: /default-rack/0cfa5fef-e387-4d03-8755-cac648de9f82
2024-07-06 11:54:04,887 [IPC Server handler 3 on default port 15004] INFO  node.SCMNodeManager (SCMNodeManager.java:register(421)) - Registered datanode: 0cfa5fef-e387-4d03-8755-cac648de9f82{ip: 10.1.0.11, host: fv-az1041-405.cgqmq5qunpnelbz5tk1v55v5te.bx.internal.cloudapp.net, ports: [HTTP=15050, CLIENT_RPC=15051, REPLICATION=15057, RATIS=15053, RATIS_ADMIN=15054, RATIS_SERVER=15055, RATIS_DATASTREAM=15056, STANDALONE=15052], networkLocation: /default-rack, certSerialId: 7, persistedOpState: null, persistedOpStateExpiryEpochSec: 0}
2024-07-06 11:54:04,887 [scmNode-1-EventQueue-NewNodeForNewNodeHandler] INFO  pipeline.BackgroundPipelineCreator (BackgroundPipelineCreator.java:notifyEventTriggered(280)) - trigger a one-shot run on scmNode-1-RatisPipelineUtilsThread.
2024-07-06 11:54:04,888 [scmNode-1-EventQueue-NodeRegistrationContainerReportForDataNodeSafeModeRule] INFO  safemode.SCMSafeModeManager (DataNodeSafeModeRule.java:process(71)) - SCM in safe mode. 2 DataNodes registered, 3 required.
2024-07-06 11:54:04,888 [scmNode-1-RatisPipelineUtilsThread-0] INFO  pipeline.RatisPipelineProvider (RatisPipelineProvider.java:lambda$create$0(205)) - Sending CreatePipelineCommand for pipeline:PipelineID=6c68d4aa-9a9f-45ee-8ca6-c7e38b047446 to datanode:0cfa5fef-e387-4d03-8755-cac648de9f82
2024-07-06 11:54:04,887 [scmNode-3-EventQueue-NewNodeForNewNodeHandler] INFO  pipeline.BackgroundPipelineCreator (BackgroundPipelineCreator.java:notifyEventTriggered(273)) - ignore, not leader SCM.
2024-07-06 11:54:04,892 [eb66df86-6ffc-4e53-b873-cb2b44d5f35d@group-1EB1B476413A-StateMachineUpdater] INFO  safemode.HealthyPipelineSafeModeRule (HealthyPipelineSafeModeRule.java:initializeRule(172)) - Refreshed total pipeline count is 0, healthy pipeline threshold count is 1
2024-07-06 11:54:04,892 [scmNode-1-RatisPipelineUtilsThread-0] INFO  pipeline.BackgroundPipelineCreator (BackgroundPipelineCreator.java:createPipelines(236)) - Created new pipeline Pipeline[ Id: 6c68d4aa-9a9f-45ee-8ca6-c7e38b047446, Nodes: 0cfa5fef-e387-4d03-8755-cac648de9f82(fv-az1041-405.cgqmq5qunpnelbz5tk1v55v5te.bx.internal.cloudapp.net/10.1.0.11) ReplicaIndex: 0, ReplicationConfig: RATIS/ONE, State:ALLOCATED, leaderId:, CreationTimestamp2024-07-06T11:54:04.888426397Z[Etc/UTC]]
2024-07-06 11:54:04,894 [41075d7a-0d70-4fa2-ba46-cbc672699b06@group-1EB1B476413A-StateMachineUpdater] INFO  safemode.HealthyPipelineSafeModeRule (HealthyPipelineSafeModeRule.java:initializeRule(172)) - Refreshed total pipeline count is 0, healthy pipeline threshold count is 1
2024-07-06 11:54:04,894 [39a46239-dc5f-49f3-8624-e36d450519bc@group-1EB1B476413A-StateMachineUpdater] INFO  safemode.HealthyPipelineSafeModeRule (HealthyPipelineSafeModeRule.java:initializeRule(172)) - Refreshed total pipeline count is 0, healthy pipeline threshold count is 1
2024-07-06 11:54:05,346 [main] INFO  ozone.MiniOzoneClusterImpl (MiniOzoneClusterImpl.java:lambda$waitForClusterToBeReady$0(194)) - Waiting for nodes to be ready. Got 2 of 3 DN Heartbeats.
2024-07-06 11:54:05,346 [main] INFO  ozone.MiniOzoneClusterImpl (MiniOzoneClusterImpl.java:lambda$waitForClusterToBeReady$0(197)) - Waiting for cluster to exit safe mode
2024-07-06 11:54:05,346 [main] INFO  ozone.MiniOzoneClusterImpl (MiniOzoneClusterImpl.java:lambda$waitForClusterToBeReady$0(199)) - SCM became leader
2024-07-06 11:54:05,347 [IPC Server handler 0 on default port 15012] INFO  net.NetworkTopologyImpl (NetworkTopologyImpl.java:add(134)) - Added a new node: /default-rack/eb39f61f-e86a-4779-8e52-f95c095d9393
2024-07-06 11:54:05,347 [IPC Server handler 2 on default port 15020] INFO  net.NetworkTopologyImpl (NetworkTopologyImpl.java:add(134)) - Added a new node: /default-rack/eb39f61f-e86a-4779-8e52-f95c095d9393
2024-07-06 11:54:05,347 [IPC Server handler 0 on default port 15012] INFO  node.SCMNodeManager (SCMNodeManager.java:register(421)) - Registered datanode: eb39f61f-e86a-4779-8e52-f95c095d9393{ip: 10.1.0.11, host: fv-az1041-405.cgqmq5qunpnelbz5tk1v55v5te.bx.internal.cloudapp.net, ports: [HTTP=15059, CLIENT_RPC=15060, REPLICATION=15066, RATIS=15062, RATIS_ADMIN=15063, RATIS_SERVER=15064, RATIS_DATASTREAM=15065, STANDALONE=15061], networkLocation: /default-rack, certSerialId: 8, persistedOpState: null, persistedOpStateExpiryEpochSec: 0}
2024-07-06 11:54:05,347 [IPC Server handler 2 on default port 15020] INFO  node.SCMNodeManager (SCMNodeManager.java:register(421)) - Registered datanode: eb39f61f-e86a-4779-8e52-f95c095d9393{ip: 10.1.0.11, host: fv-az1041-405.cgqmq5qunpnelbz5tk1v55v5te.bx.internal.cloudapp.net, ports: [HTTP=15059, CLIENT_RPC=15060, REPLICATION=15066, RATIS=15062, RATIS_ADMIN=15063, RATIS_SERVER=15064, RATIS_DATASTREAM=15065, STANDALONE=15061], networkLocation: /default-rack, certSerialId: 8, persistedOpState: null, persistedOpStateExpiryEpochSec: 0}
2024-07-06 11:54:05,347 [IPC Server handler 1 on default port 15004] INFO  net.NetworkTopologyImpl (NetworkTopologyImpl.java:add(134)) - Added a new node: /default-rack/eb39f61f-e86a-4779-8e52-f95c095d9393
2024-07-06 11:54:05,347 [scmNode-2-EventQueue-NewNodeForNewNodeHandler] INFO  pipeline.BackgroundPipelineCreator (BackgroundPipelineCreator.java:notifyEventTriggered(273)) - ignore, not leader SCM.
2024-07-06 11:54:05,347 [scmNode-3-EventQueue-NewNodeForNewNodeHandler] INFO  pipeline.BackgroundPipelineCreator (BackgroundPipelineCreator.java:notifyEventTriggered(273)) - ignore, not leader SCM.
2024-07-06 11:54:05,348 [scmNode-2-EventQueue-NodeRegistrationContainerReportForDataNodeSafeModeRule] INFO  safemode.SCMSafeModeManager (DataNodeSafeModeRule.java:process(71)) - SCM in safe mode. 3 DataNodes registered, 3 required.
2024-07-06 11:54:05,348 [scmNode-2-EventQueue-NodeRegistrationContainerReportForDataNodeSafeModeRule] INFO  safemode.SCMSafeModeManager (SCMSafeModeManager.java:validateSafeModeExitRules(203)) - DataNodeSafeModeRule rule is successfully validated
2024-07-06 11:54:05,348 [scmNode-2-EventQueue-NodeRegistrationContainerReportForDataNodeSafeModeRule] INFO  safemode.SCMSafeModeManager (SCMSafeModeManager.java:completePreCheck(232)) - All SCM safe mode pre check rules have passed
2024-07-06 11:54:05,348 [scmNode-2-EventQueue-NodeRegistrationContainerReportForDataNodeSafeModeRule] INFO  ha.SCMContext (SCMContext.java:updateSafeModeStatus(225)) - Update SafeModeStatus from SafeModeStatus{safeModeStatus=true, preCheckPassed=false} to SafeModeStatus{safeModeStatus=true, preCheckPassed=true}.
2024-07-06 11:54:05,348 [scmNode-2-EventQueue-NodeRegistrationContainerReportForDataNodeSafeModeRule] INFO  pipeline.BackgroundPipelineCreator (BackgroundPipelineCreator.java:notifyEventTriggered(273)) - ignore, not leader SCM.
2024-07-06 11:54:05,347 [scmNode-3-EventQueue-NodeRegistrationContainerReportForDataNodeSafeModeRule] INFO  safemode.SCMSafeModeManager (DataNodeSafeModeRule.java:process(71)) - SCM in safe mode. 3 DataNodes registered, 3 required.
2024-07-06 11:54:05,348 [scmNode-3-EventQueue-NodeRegistrationContainerReportForDataNodeSafeModeRule] INFO  safemode.SCMSafeModeManager (SCMSafeModeManager.java:validateSafeModeExitRules(203)) - DataNodeSafeModeRule rule is successfully validated
2024-07-06 11:54:05,348 [scmNode-3-EventQueue-NodeRegistrationContainerReportForDataNodeSafeModeRule] INFO  safemode.SCMSafeModeManager (SCMSafeModeManager.java:completePreCheck(232)) - All SCM safe mode pre check rules have passed
2024-07-06 11:54:05,348 [scmNode-3-EventQueue-NodeRegistrationContainerReportForDataNodeSafeModeRule] INFO  ha.SCMContext (SCMContext.java:updateSafeModeStatus(225)) - Update SafeModeStatus from SafeModeStatus{safeModeStatus=true, preCheckPassed=false} to SafeModeStatus{safeModeStatus=true, preCheckPassed=true}.
2024-07-06 11:54:05,348 [scmNode-3-EventQueue-NodeRegistrationContainerReportForDataNodeSafeModeRule] INFO  pipeline.BackgroundPipelineCreator (BackgroundPipelineCreator.java:notifyEventTriggered(273)) - ignore, not leader SCM.
2024-07-06 11:54:05,348 [IPC Server handler 1 on default port 15004] INFO  node.SCMNodeManager (SCMNodeManager.java:register(421)) - Registered datanode: eb39f61f-e86a-4779-8e52-f95c095d9393{ip: 10.1.0.11, host: fv-az1041-405.cgqmq5qunpnelbz5tk1v55v5te.bx.internal.cloudapp.net, ports: [HTTP=15059, CLIENT_RPC=15060, REPLICATION=15066, RATIS=15062, RATIS_ADMIN=15063, RATIS_SERVER=15064, RATIS_DATASTREAM=15065, STANDALONE=15061], networkLocation: /default-rack, certSerialId: 8, persistedOpState: null, persistedOpStateExpiryEpochSec: 0}
2024-07-06 11:54:05,348 [scmNode-1-EventQueue-NodeRegistrationContainerReportForDataNodeSafeModeRule] INFO  safemode.SCMSafeModeManager (DataNodeSafeModeRule.java:process(71)) - SCM in safe mode. 3 DataNodes registered, 3 required.
2024-07-06 11:54:05,349 [scmNode-1-EventQueue-NodeRegistrationContainerReportForDataNodeSafeModeRule] INFO  safemode.SCMSafeModeManager (SCMSafeModeManager.java:validateSafeModeExitRules(203)) - DataNodeSafeModeRule rule is successfully validated
2024-07-06 11:54:05,349 [scmNode-1-EventQueue-NodeRegistrationContainerReportForDataNodeSafeModeRule] INFO  safemode.SCMSafeModeManager (SCMSafeModeManager.java:completePreCheck(232)) - All SCM safe mode pre check rules have passed
2024-07-06 11:54:05,349 [scmNode-1-EventQueue-NodeRegistrationContainerReportForDataNodeSafeModeRule] INFO  ha.SCMContext (SCMContext.java:updateSafeModeStatus(225)) - Update SafeModeStatus from SafeModeStatus{safeModeStatus=true, preCheckPassed=false} to SafeModeStatus{safeModeStatus=true, preCheckPassed=true}.
2024-07-06 11:54:05,349 [scmNode-1-EventQueue-NewNodeForNewNodeHandler] INFO  pipeline.BackgroundPipelineCreator (BackgroundPipelineCreator.java:notifyEventTriggered(280)) - trigger a one-shot run on scmNode-1-RatisPipelineUtilsThread.
2024-07-06 11:54:05,349 [scmNode-1-EventQueue-NodeRegistrationContainerReportForDataNodeSafeModeRule] INFO  pipeline.BackgroundPipelineCreator (BackgroundPipelineCreator.java:notifyEventTriggered(280)) - trigger a one-shot run on scmNode-1-RatisPipelineUtilsThread.
2024-07-06 11:54:05,349 [scmNode-1-RatisPipelineUtilsThread-0] INFO  pipeline.RatisPipelineProvider (RatisPipelineProvider.java:lambda$create$0(205)) - Sending CreatePipelineCommand for pipeline:PipelineID=6705f5cd-a47f-4964-9f36-87eafb25b769 to datanode:eb39f61f-e86a-4779-8e52-f95c095d9393
2024-07-06 11:54:05,353 [eb66df86-6ffc-4e53-b873-cb2b44d5f35d@group-1EB1B476413A-StateMachineUpdater] INFO  safemode.HealthyPipelineSafeModeRule (HealthyPipelineSafeModeRule.java:initializeRule(172)) - Refreshed total pipeline count is 0, healthy pipeline threshold count is 1
2024-07-06 11:54:05,353 [scmNode-1-RatisPipelineUtilsThread-0] INFO  pipeline.BackgroundPipelineCreator (BackgroundPipelineCreator.java:createPipelines(236)) - Created new pipeline Pipeline[ Id: 6705f5cd-a47f-4964-9f36-87eafb25b769, Nodes: eb39f61f-e86a-4779-8e52-f95c095d9393(fv-az1041-405.cgqmq5qunpnelbz5tk1v55v5te.bx.internal.cloudapp.net/10.1.0.11) ReplicaIndex: 0, ReplicationConfig: RATIS/ONE, State:ALLOCATED, leaderId:, CreationTimestamp2024-07-06T11:54:05.349572779Z[Etc/UTC]]
2024-07-06 11:54:05,356 [41075d7a-0d70-4fa2-ba46-cbc672699b06@group-1EB1B476413A-StateMachineUpdater] INFO  safemode.HealthyPipelineSafeModeRule (HealthyPipelineSafeModeRule.java:initializeRule(172)) - Refreshed total pipeline count is 0, healthy pipeline threshold count is 1
2024-07-06 11:54:05,357 [scmNode-1-RatisPipelineUtilsThread-0] INFO  pipeline.RatisPipelineProvider (RatisPipelineProvider.java:lambda$create$0(205)) - Sending CreatePipelineCommand for pipeline:PipelineID=a4768336-efd2-46e9-8689-2a9a77740cd0 to datanode:eb39f61f-e86a-4779-8e52-f95c095d9393
2024-07-06 11:54:05,357 [scmNode-1-RatisPipelineUtilsThread-0] INFO  pipeline.RatisPipelineProvider (RatisPipelineProvider.java:lambda$create$0(205)) - Sending CreatePipelineCommand for pipeline:PipelineID=a4768336-efd2-46e9-8689-2a9a77740cd0 to datanode:8dbb38fd-cb5c-434d-a416-d5257da8c780
2024-07-06 11:54:05,357 [scmNode-1-RatisPipelineUtilsThread-0] INFO  pipeline.RatisPipelineProvider (RatisPipelineProvider.java:lambda$create$0(205)) - Sending CreatePipelineCommand for pipeline:PipelineID=a4768336-efd2-46e9-8689-2a9a77740cd0 to datanode:0cfa5fef-e387-4d03-8755-cac648de9f82
2024-07-06 11:54:05,358 [39a46239-dc5f-49f3-8624-e36d450519bc@group-1EB1B476413A-StateMachineUpdater] INFO  safemode.HealthyPipelineSafeModeRule (HealthyPipelineSafeModeRule.java:initializeRule(172)) - Refreshed total pipeline count is 0, healthy pipeline threshold count is 1
2024-07-06 11:54:05,361 [eb66df86-6ffc-4e53-b873-cb2b44d5f35d@group-1EB1B476413A-StateMachineUpdater] INFO  safemode.HealthyPipelineSafeModeRule (HealthyPipelineSafeModeRule.java:initializeRule(172)) - Refreshed total pipeline count is 0, healthy pipeline threshold count is 1
2024-07-06 11:54:05,362 [scmNode-1-RatisPipelineUtilsThread-0] INFO  pipeline.BackgroundPipelineCreator (BackgroundPipelineCreator.java:createPipelines(236)) - Created new pipeline Pipeline[ Id: a4768336-efd2-46e9-8689-2a9a77740cd0, Nodes: eb39f61f-e86a-4779-8e52-f95c095d9393(fv-az1041-405.cgqmq5qunpnelbz5tk1v55v5te.bx.internal.cloudapp.net/10.1.0.11) ReplicaIndex: 08dbb38fd-cb5c-434d-a416-d5257da8c780(fv-az1041-405.cgqmq5qunpnelbz5tk1v55v5te.bx.internal.cloudapp.net/10.1.0.11) ReplicaIndex: 00cfa5fef-e387-4d03-8755-cac648de9f82(fv-az1041-405.cgqmq5qunpnelbz5tk1v55v5te.bx.internal.cloudapp.net/10.1.0.11) ReplicaIndex: 0, ReplicationConfig: RATIS/THREE, State:ALLOCATED, leaderId:, CreationTimestamp2024-07-06T11:54:05.357599519Z[Etc/UTC]]
2024-07-06 11:54:05,364 [39a46239-dc5f-49f3-8624-e36d450519bc@group-1EB1B476413A-StateMachineUpdater] INFO  safemode.HealthyPipelineSafeModeRule (HealthyPipelineSafeModeRule.java:initializeRule(172)) - Refreshed total pipeline count is 0, healthy pipeline threshold count is 1
2024-07-06 11:54:05,364 [41075d7a-0d70-4fa2-ba46-cbc672699b06@group-1EB1B476413A-StateMachineUpdater] INFO  safemode.HealthyPipelineSafeModeRule (HealthyPipelineSafeModeRule.java:initializeRule(172)) - Refreshed total pipeline count is 0, healthy pipeline threshold count is 1
2024-07-06 11:54:05,365 [scmNode-1-RatisPipelineUtilsThread-0] INFO  pipeline.RatisPipelineProvider (RatisPipelineProvider.java:lambda$create$0(205)) - Sending CreatePipelineCommand for pipeline:PipelineID=fb964329-130e-47bc-8661-8990bc0fef12 to datanode:0cfa5fef-e387-4d03-8755-cac648de9f82
2024-07-06 11:54:05,365 [scmNode-1-RatisPipelineUtilsThread-0] INFO  pipeline.RatisPipelineProvider (RatisPipelineProvider.java:lambda$create$0(205)) - Sending CreatePipelineCommand for pipeline:PipelineID=fb964329-130e-47bc-8661-8990bc0fef12 to datanode:8dbb38fd-cb5c-434d-a416-d5257da8c780
2024-07-06 11:54:05,365 [scmNode-1-RatisPipelineUtilsThread-0] INFO  pipeline.RatisPipelineProvider (RatisPipelineProvider.java:lambda$create$0(205)) - Sending CreatePipelineCommand for pipeline:PipelineID=fb964329-130e-47bc-8661-8990bc0fef12 to datanode:eb39f61f-e86a-4779-8e52-f95c095d9393
2024-07-06 11:54:05,369 [eb66df86-6ffc-4e53-b873-cb2b44d5f35d@group-1EB1B476413A-StateMachineUpdater] INFO  safemode.HealthyPipelineSafeModeRule (HealthyPipelineSafeModeRule.java:initializeRule(172)) - Refreshed total pipeline count is 0, healthy pipeline threshold count is 1
2024-07-06 11:54:05,370 [scmNode-1-RatisPipelineUtilsThread-0] INFO  pipeline.PipelineManagerImpl (PipelineManagerImpl.java:recordMetricsForPipeline(916)) - Pipeline: PipelineID=fb964329-130e-47bc-8661-8990bc0fef12 contains same datanodes as previous pipelines: PipelineID=a4768336-efd2-46e9-8689-2a9a77740cd0 nodeIds: 0cfa5fef-e387-4d03-8755-cac648de9f82, 8dbb38fd-cb5c-434d-a416-d5257da8c780, eb39f61f-e86a-4779-8e52-f95c095d9393
2024-07-06 11:54:05,370 [scmNode-1-RatisPipelineUtilsThread-0] INFO  pipeline.BackgroundPipelineCreator (BackgroundPipelineCreator.java:createPipelines(236)) - Created new pipeline Pipeline[ Id: fb964329-130e-47bc-8661-8990bc0fef12, Nodes: 0cfa5fef-e387-4d03-8755-cac648de9f82(fv-az1041-405.cgqmq5qunpnelbz5tk1v55v5te.bx.internal.cloudapp.net/10.1.0.11) ReplicaIndex: 08dbb38fd-cb5c-434d-a416-d5257da8c780(fv-az1041-405.cgqmq5qunpnelbz5tk1v55v5te.bx.internal.cloudapp.net/10.1.0.11) ReplicaIndex: 0eb39f61f-e86a-4779-8e52-f95c095d9393(fv-az1041-405.cgqmq5qunpnelbz5tk1v55v5te.bx.internal.cloudapp.net/10.1.0.11) ReplicaIndex: 0, ReplicationConfig: RATIS/THREE, State:ALLOCATED, leaderId:, CreationTimestamp2024-07-06T11:54:05.365412581Z[Etc/UTC]]
2024-07-06 11:54:05,372 [39a46239-dc5f-49f3-8624-e36d450519bc@group-1EB1B476413A-StateMachineUpdater] INFO  safemode.HealthyPipelineSafeModeRule (HealthyPipelineSafeModeRule.java:initializeRule(172)) - Refreshed total pipeline count is 0, healthy pipeline threshold count is 1
2024-07-06 11:54:05,372 [41075d7a-0d70-4fa2-ba46-cbc672699b06@group-1EB1B476413A-StateMachineUpdater] INFO  safemode.HealthyPipelineSafeModeRule (HealthyPipelineSafeModeRule.java:initializeRule(172)) - Refreshed total pipeline count is 0, healthy pipeline threshold count is 1
2024-07-06 11:54:05,768 [scmNode-1-SecretKeyManagerService] INFO  symmetric.SecretKeyManager (SecretKeyManager.java:checkAndRotate(125)) - SecretKey rotation is happening, new key generated SecretKey(id = 823df1e5-7e64-4458-a04f-174cca2e91d7, creation at: 2024-07-06T11:54:05.768229257Z, expire at: 2024-07-06T11:54:08.768229257Z)
2024-07-06 11:54:05,771 [eb66df86-6ffc-4e53-b873-cb2b44d5f35d@group-1EB1B476413A-StateMachineUpdater] INFO  symmetric.SecretKeyStateImpl (SecretKeyStateImpl.java:updateKeysInternal(113)) - Updating keys with [SecretKey(id = 45e7385b-97de-484c-8d83-93381051e4f6, creation at: 2024-07-06T11:54:04.668Z, expire at: 2024-07-06T11:54:07.668Z), SecretKey(id = b818eca7-4bb0-49c1-aa05-976718e6012d, creation at: 2024-07-06T11:54:03.568Z, expire at: 2024-07-06T11:54:06.568Z), SecretKey(id = 823df1e5-7e64-4458-a04f-174cca2e91d7, creation at: 2024-07-06T11:54:05.768Z, expire at: 2024-07-06T11:54:08.768Z)]
2024-07-06 11:54:05,772 [eb66df86-6ffc-4e53-b873-cb2b44d5f35d@group-1EB1B476413A-StateMachineUpdater] INFO  symmetric.SecretKeyStateImpl (SecretKeyStateImpl.java:updateKeysInternal(128)) - Current key updated SecretKey(id = 823df1e5-7e64-4458-a04f-174cca2e91d7, creation at: 2024-07-06T11:54:05.768Z, expire at: 2024-07-06T11:54:08.768Z)
2024-07-06 11:54:05,772 [eb66df86-6ffc-4e53-b873-cb2b44d5f35d@group-1EB1B476413A-StateMachineUpdater] INFO  symmetric.LocalSecretKeyStore (LocalSecretKeyStore.java:save(109)) - Saved [SecretKey(id = 823df1e5-7e64-4458-a04f-174cca2e91d7, creation at: 2024-07-06T11:54:05.768Z, expire at: 2024-07-06T11:54:08.768Z), SecretKey(id = 45e7385b-97de-484c-8d83-93381051e4f6, creation at: 2024-07-06T11:54:04.668Z, expire at: 2024-07-06T11:54:07.668Z), SecretKey(id = b818eca7-4bb0-49c1-aa05-976718e6012d, creation at: 2024-07-06T11:54:03.568Z, expire at: 2024-07-06T11:54:06.568Z)] to file /home/runner/work/ozone/ozone/hadoop-ozone/integration-test/target/test-dir/MiniOzoneClusterImpl-23934d72-33be-4118-bcff-1eb1b476413a/scmNode-1/scm/keys/secret_keys.json
2024-07-06 11:54:05,772 [41075d7a-0d70-4fa2-ba46-cbc672699b06@group-1EB1B476413A-StateMachineUpdater] INFO  symmetric.SecretKeyStateImpl (SecretKeyStateImpl.java:updateKeysInternal(113)) - Updating keys with [SecretKey(id = 45e7385b-97de-484c-8d83-93381051e4f6, creation at: 2024-07-06T11:54:04.668Z, expire at: 2024-07-06T11:54:07.668Z), SecretKey(id = b818eca7-4bb0-49c1-aa05-976718e6012d, creation at: 2024-07-06T11:54:03.568Z, expire at: 2024-07-06T11:54:06.568Z), SecretKey(id = 823df1e5-7e64-4458-a04f-174cca2e91d7, creation at: 2024-07-06T11:54:05.768Z, expire at: 2024-07-06T11:54:08.768Z)]
2024-07-06 11:54:05,772 [41075d7a-0d70-4fa2-ba46-cbc672699b06@group-1EB1B476413A-StateMachineUpdater] INFO  symmetric.SecretKeyStateImpl (SecretKeyStateImpl.java:updateKeysInternal(128)) - Current key updated SecretKey(id = 823df1e5-7e64-4458-a04f-174cca2e91d7, creation at: 2024-07-06T11:54:05.768Z, expire at: 2024-07-06T11:54:08.768Z)
2024-07-06 11:54:05,773 [eb66df86-6ffc-4e53-b873-cb2b44d5f35d@group-1EB1B476413A-StateMachineUpdater] INFO  safemode.HealthyPipelineSafeModeRule (HealthyPipelineSafeModeRule.java:initializeRule(172)) - Refreshed total pipeline count is 0, healthy pipeline threshold count is 1
2024-07-06 11:54:05,773 [41075d7a-0d70-4fa2-ba46-cbc672699b06@group-1EB1B476413A-StateMachineUpdater] INFO  symmetric.LocalSecretKeyStore (LocalSecretKeyStore.java:save(109)) - Saved [SecretKey(id = 823df1e5-7e64-4458-a04f-174cca2e91d7, creation at: 2024-07-06T11:54:05.768Z, expire at: 2024-07-06T11:54:08.768Z), SecretKey(id = 45e7385b-97de-484c-8d83-93381051e4f6, creation at: 2024-07-06T11:54:04.668Z, expire at: 2024-07-06T11:54:07.668Z), SecretKey(id = b818eca7-4bb0-49c1-aa05-976718e6012d, creation at: 2024-07-06T11:54:03.568Z, expire at: 2024-07-06T11:54:06.568Z)] to file /home/runner/work/ozone/ozone/hadoop-ozone/integration-test/target/test-dir/MiniOzoneClusterImpl-23934d72-33be-4118-bcff-1eb1b476413a/scmNode-2/scm/keys/secret_keys.json
2024-07-06 11:54:05,773 [41075d7a-0d70-4fa2-ba46-cbc672699b06@group-1EB1B476413A-StateMachineUpdater] INFO  safemode.HealthyPipelineSafeModeRule (HealthyPipelineSafeModeRule.java:initializeRule(172)) - Refreshed total pipeline count is 0, healthy pipeline threshold count is 1
2024-07-06 11:54:05,773 [39a46239-dc5f-49f3-8624-e36d450519bc@group-1EB1B476413A-StateMachineUpdater] INFO  symmetric.SecretKeyStateImpl (SecretKeyStateImpl.java:updateKeysInternal(113)) - Updating keys with [SecretKey(id = 45e7385b-97de-484c-8d83-93381051e4f6, creation at: 2024-07-06T11:54:04.668Z, expire at: 2024-07-06T11:54:07.668Z), SecretKey(id = b818eca7-4bb0-49c1-aa05-976718e6012d, creation at: 2024-07-06T11:54:03.568Z, expire at: 2024-07-06T11:54:06.568Z), SecretKey(id = 823df1e5-7e64-4458-a04f-174cca2e91d7, creation at: 2024-07-06T11:54:05.768Z, expire at: 2024-07-06T11:54:08.768Z)]
2024-07-06 11:54:05,773 [39a46239-dc5f-49f3-8624-e36d450519bc@group-1EB1B476413A-StateMachineUpdater] INFO  symmetric.SecretKeyStateImpl (SecretKeyStateImpl.java:updateKeysInternal(128)) - Current key updated SecretKey(id = 823df1e5-7e64-4458-a04f-174cca2e91d7, creation at: 2024-07-06T11:54:05.768Z, expire at: 2024-07-06T11:54:08.768Z)
2024-07-06 11:54:05,774 [39a46239-dc5f-49f3-8624-e36d450519bc@group-1EB1B476413A-StateMachineUpdater] INFO  symmetric.LocalSecretKeyStore (LocalSecretKeyStore.java:save(109)) - Saved [SecretKey(id = 823df1e5-7e64-4458-a04f-174cca2e91d7, creation at: 2024-07-06T11:54:05.768Z, expire at: 2024-07-06T11:54:08.768Z), SecretKey(id = 45e7385b-97de-484c-8d83-93381051e4f6, creation at: 2024-07-06T11:54:04.668Z, expire at: 2024-07-06T11:54:07.668Z), SecretKey(id = b818eca7-4bb0-49c1-aa05-976718e6012d, creation at: 2024-07-06T11:54:03.568Z, expire at: 2024-07-06T11:54:06.568Z)] to file /home/runner/work/ozone/ozone/hadoop-ozone/integration-test/target/test-dir/MiniOzoneClusterImpl-23934d72-33be-4118-bcff-1eb1b476413a/scmNode-3/scm/keys/secret_keys.json
2024-07-06 11:54:05,774 [39a46239-dc5f-49f3-8624-e36d450519bc@group-1EB1B476413A-StateMachineUpdater] INFO  safemode.HealthyPipelineSafeModeRule (HealthyPipelineSafeModeRule.java:initializeRule(172)) - Refreshed total pipeline count is 0, healthy pipeline threshold count is 1
2024-07-06 11:54:05,868 [SecretKeyPoller] INFO  symmetric.DefaultSecretKeySignerClient (DefaultSecretKeySignerClient.java:checkAndRefresh(167)) - New secret key fetched from SCM: SecretKey(id = 823df1e5-7e64-4458-a04f-174cca2e91d7, creation at: 2024-07-06T11:54:05.768Z, expire at: 2024-07-06T11:54:08.768Z).
2024-07-06 11:54:05,868 [SecretKeyPoller] INFO  symmetric.DefaultSecretKeySignerClient (DefaultSecretKeySignerClient.java:checkAndRefresh(167)) - New secret key fetched from SCM: SecretKey(id = 823df1e5-7e64-4458-a04f-174cca2e91d7, creation at: 2024-07-06T11:54:05.768Z, expire at: 2024-07-06T11:54:08.768Z).
2024-07-06 11:54:05,868 [SecretKeyPoller] INFO  symmetric.DefaultSecretKeySignerClient (DefaultSecretKeySignerClient.java:checkAndRefresh(167)) - New secret key fetched from SCM: SecretKey(id = 823df1e5-7e64-4458-a04f-174cca2e91d7, creation at: 2024-07-06T11:54:05.768Z, expire at: 2024-07-06T11:54:08.768Z).
2024-07-06 11:54:05,869 [om1-SecretKeyPoller] INFO  symmetric.DefaultSecretKeySignerClient (DefaultSecretKeySignerClient.java:checkAndRefresh(167)) - New secret key fetched from SCM: SecretKey(id = 823df1e5-7e64-4458-a04f-174cca2e91d7, creation at: 2024-07-06T11:54:05.768Z, expire at: 2024-07-06T11:54:08.768Z).
2024-07-06 11:54:06,347 [main] INFO  ozone.MiniOzoneClusterImpl (MiniOzoneClusterImpl.java:lambda$waitForClusterToBeReady$0(194)) - Nodes are ready. Got 3 of 3 DN Heartbeats.
2024-07-06 11:54:06,347 [main] INFO  ozone.MiniOzoneClusterImpl (MiniOzoneClusterImpl.java:lambda$waitForClusterToBeReady$0(197)) - Waiting for cluster to exit safe mode
2024-07-06 11:54:06,347 [main] INFO  ozone.MiniOzoneClusterImpl (MiniOzoneClusterImpl.java:lambda$waitForClusterToBeReady$0(199)) - SCM became leader
2024-07-06 11:54:06,768 [scmNode-1-SecretKeyManagerService] INFO  symmetric.SecretKeyManager (SecretKeyManager.java:checkAndRotate(125)) - SecretKey rotation is happening, new key generated SecretKey(id = 4ac6b657-71ed-4053-9190-237c31bf962e, creation at: 2024-07-06T11:54:06.768477142Z, expire at: 2024-07-06T11:54:09.768477142Z)
2024-07-06 11:54:06,772 [eb66df86-6ffc-4e53-b873-cb2b44d5f35d@group-1EB1B476413A-StateMachineUpdater] INFO  symmetric.SecretKeyStateImpl (SecretKeyStateImpl.java:updateKeysInternal(113)) - Updating keys with [SecretKey(id = 823df1e5-7e64-4458-a04f-174cca2e91d7, creation at: 2024-07-06T11:54:05.768Z, expire at: 2024-07-06T11:54:08.768Z), SecretKey(id = 45e7385b-97de-484c-8d83-93381051e4f6, creation at: 2024-07-06T11:54:04.668Z, expire at: 2024-07-06T11:54:07.668Z), SecretKey(id = 4ac6b657-71ed-4053-9190-237c31bf962e, creation at: 2024-07-06T11:54:06.768Z, expire at: 2024-07-06T11:54:09.768Z)]
2024-07-06 11:54:06,772 [eb66df86-6ffc-4e53-b873-cb2b44d5f35d@group-1EB1B476413A-StateMachineUpdater] INFO  symmetric.SecretKeyStateImpl (SecretKeyStateImpl.java:updateKeysInternal(128)) - Current key updated SecretKey(id = 4ac6b657-71ed-4053-9190-237c31bf962e, creation at: 2024-07-06T11:54:06.768Z, expire at: 2024-07-06T11:54:09.768Z)
2024-07-06 11:54:06,772 [eb66df86-6ffc-4e53-b873-cb2b44d5f35d@group-1EB1B476413A-StateMachineUpdater] INFO  symmetric.LocalSecretKeyStore (LocalSecretKeyStore.java:save(109)) - Saved [SecretKey(id = 4ac6b657-71ed-4053-9190-237c31bf962e, creation at: 2024-07-06T11:54:06.768Z, expire at: 2024-07-06T11:54:09.768Z), SecretKey(id = 823df1e5-7e64-4458-a04f-174cca2e91d7, creation at: 2024-07-06T11:54:05.768Z, expire at: 2024-07-06T11:54:08.768Z), SecretKey(id = 45e7385b-97de-484c-8d83-93381051e4f6, creation at: 2024-07-06T11:54:04.668Z, expire at: 2024-07-06T11:54:07.668Z)] to file /home/runner/work/ozone/ozone/hadoop-ozone/integration-test/target/test-dir/MiniOzoneClusterImpl-23934d72-33be-4118-bcff-1eb1b476413a/scmNode-1/scm/keys/secret_keys.json
2024-07-06 11:54:06,773 [eb66df86-6ffc-4e53-b873-cb2b44d5f35d@group-1EB1B476413A-StateMachineUpdater] INFO  safemode.HealthyPipelineSafeModeRule (HealthyPipelineSafeModeRule.java:initializeRule(172)) - Refreshed total pipeline count is 0, healthy pipeline threshold count is 1
2024-07-06 11:54:06,774 [41075d7a-0d70-4fa2-ba46-cbc672699b06@group-1EB1B476413A-StateMachineUpdater] INFO  symmetric.SecretKeyStateImpl (SecretKeyStateImpl.java:updateKeysInternal(113)) - Updating keys with [SecretKey(id = 823df1e5-7e64-4458-a04f-174cca2e91d7, creation at: 2024-07-06T11:54:05.768Z, expire at: 2024-07-06T11:54:08.768Z), SecretKey(id = 45e7385b-97de-484c-8d83-93381051e4f6, creation at: 2024-07-06T11:54:04.668Z, expire at: 2024-07-06T11:54:07.668Z), SecretKey(id = 4ac6b657-71ed-4053-9190-237c31bf962e, creation at: 2024-07-06T11:54:06.768Z, expire at: 2024-07-06T11:54:09.768Z)]
2024-07-06 11:54:06,774 [41075d7a-0d70-4fa2-ba46-cbc672699b06@group-1EB1B476413A-StateMachineUpdater] INFO  symmetric.SecretKeyStateImpl (SecretKeyStateImpl.java:updateKeysInternal(128)) - Current key updated SecretKey(id = 4ac6b657-71ed-4053-9190-237c31bf962e, creation at: 2024-07-06T11:54:06.768Z, expire at: 2024-07-06T11:54:09.768Z)
2024-07-06 11:54:06,774 [39a46239-dc5f-49f3-8624-e36d450519bc@group-1EB1B476413A-StateMachineUpdater] INFO  symmetric.SecretKeyStateImpl (SecretKeyStateImpl.java:updateKeysInternal(113)) - Updating keys with [SecretKey(id = 823df1e5-7e64-4458-a04f-174cca2e91d7, creation at: 2024-07-06T11:54:05.768Z, expire at: 2024-07-06T11:54:08.768Z), SecretKey(id = 45e7385b-97de-484c-8d83-93381051e4f6, creation at: 2024-07-06T11:54:04.668Z, expire at: 2024-07-06T11:54:07.668Z), SecretKey(id = 4ac6b657-71ed-4053-9190-237c31bf962e, creation at: 2024-07-06T11:54:06.768Z, expire at: 2024-07-06T11:54:09.768Z)]
2024-07-06 11:54:06,774 [39a46239-dc5f-49f3-8624-e36d450519bc@group-1EB1B476413A-StateMachineUpdater] INFO  symmetric.SecretKeyStateImpl (SecretKeyStateImpl.java:updateKeysInternal(128)) - Current key updated SecretKey(id = 4ac6b657-71ed-4053-9190-237c31bf962e, creation at: 2024-07-06T11:54:06.768Z, expire at: 2024-07-06T11:54:09.768Z)
2024-07-06 11:54:06,774 [41075d7a-0d70-4fa2-ba46-cbc672699b06@group-1EB1B476413A-StateMachineUpdater] INFO  symmetric.LocalSecretKeyStore (LocalSecretKeyStore.java:save(109)) - Saved [SecretKey(id = 4ac6b657-71ed-4053-9190-237c31bf962e, creation at: 2024-07-06T11:54:06.768Z, expire at: 2024-07-06T11:54:09.768Z), SecretKey(id = 823df1e5-7e64-4458-a04f-174cca2e91d7, creation at: 2024-07-06T11:54:05.768Z, expire at: 2024-07-06T11:54:08.768Z), SecretKey(id = 45e7385b-97de-484c-8d83-93381051e4f6, creation at: 2024-07-06T11:54:04.668Z, expire at: 2024-07-06T11:54:07.668Z)] to file /home/runner/work/ozone/ozone/hadoop-ozone/integration-test/target/test-dir/MiniOzoneClusterImpl-23934d72-33be-4118-bcff-1eb1b476413a/scmNode-2/scm/keys/secret_keys.json
2024-07-06 11:54:06,774 [41075d7a-0d70-4fa2-ba46-cbc672699b06@group-1EB1B476413A-StateMachineUpdater] INFO  safemode.HealthyPipelineSafeModeRule (HealthyPipelineSafeModeRule.java:initializeRule(172)) - Refreshed total pipeline count is 0, healthy pipeline threshold count is 1
2024-07-06 11:54:06,774 [39a46239-dc5f-49f3-8624-e36d450519bc@group-1EB1B476413A-StateMachineUpdater] INFO  symmetric.LocalSecretKeyStore (LocalSecretKeyStore.java:save(109)) - Saved [SecretKey(id = 4ac6b657-71ed-4053-9190-237c31bf962e, creation at: 2024-07-06T11:54:06.768Z, expire at: 2024-07-06T11:54:09.768Z), SecretKey(id = 823df1e5-7e64-4458-a04f-174cca2e91d7, creation at: 2024-07-06T11:54:05.768Z, expire at: 2024-07-06T11:54:08.768Z), SecretKey(id = 45e7385b-97de-484c-8d83-93381051e4f6, creation at: 2024-07-06T11:54:04.668Z, expire at: 2024-07-06T11:54:07.668Z)] to file /home/runner/work/ozone/ozone/hadoop-ozone/integration-test/target/test-dir/MiniOzoneClusterImpl-23934d72-33be-4118-bcff-1eb1b476413a/scmNode-3/scm/keys/secret_keys.json
2024-07-06 11:54:06,775 [39a46239-dc5f-49f3-8624-e36d450519bc@group-1EB1B476413A-StateMachineUpdater] INFO  safemode.HealthyPipelineSafeModeRule (HealthyPipelineSafeModeRule.java:initializeRule(172)) - Refreshed total pipeline count is 0, healthy pipeline threshold count is 1
2024-07-06 11:54:06,868 [SecretKeyPoller] INFO  symmetric.DefaultSecretKeySignerClient (DefaultSecretKeySignerClient.java:checkAndRefresh(167)) - New secret key fetched from SCM: SecretKey(id = 4ac6b657-71ed-4053-9190-237c31bf962e, creation at: 2024-07-06T11:54:06.768Z, expire at: 2024-07-06T11:54:09.768Z).
2024-07-06 11:54:06,868 [SecretKeyPoller] INFO  symmetric.DefaultSecretKeySignerClient (DefaultSecretKeySignerClient.java:checkAndRefresh(167)) - New secret key fetched from SCM: SecretKey(id = 4ac6b657-71ed-4053-9190-237c31bf962e, creation at: 2024-07-06T11:54:06.768Z, expire at: 2024-07-06T11:54:09.768Z).
2024-07-06 11:54:06,868 [om1-SecretKeyPoller] INFO  symmetric.DefaultSecretKeySignerClient (DefaultSecretKeySignerClient.java:checkAndRefresh(167)) - New secret key fetched from SCM: SecretKey(id = 4ac6b657-71ed-4053-9190-237c31bf962e, creation at: 2024-07-06T11:54:06.768Z, expire at: 2024-07-06T11:54:09.768Z).
2024-07-06 11:54:06,868 [SecretKeyPoller] INFO  symmetric.DefaultSecretKeySignerClient (DefaultSecretKeySignerClient.java:checkAndRefresh(167)) - New secret key fetched from SCM: SecretKey(id = 4ac6b657-71ed-4053-9190-237c31bf962e, creation at: 2024-07-06T11:54:06.768Z, expire at: 2024-07-06T11:54:09.768Z).
2024-07-06 11:54:07,243 [8dbb38fd-cb5c-434d-a416-d5257da8c780-PipelineCommandHandlerThread-0] INFO  server.RaftServer (RaftServerProxy.java:addNew(101)) - 8dbb38fd-cb5c-434d-a416-d5257da8c780: addNew group-F47393A7B48C:[8dbb38fd-cb5c-434d-a416-d5257da8c780|10.1.0.11:15046] returns group-F47393A7B48C:java.util.concurrent.CompletableFuture@2a96a334[Not completed]
2024-07-06 11:54:07,246 [8dbb38fd-cb5c-434d-a416-d5257da8c780-groupManagement] INFO  lib.Interns (Interns.java:removeEldestEntry(50)) - Metrics intern cache overflow at 2011 for MetricsSystem={MetricsSystem=MetricsInfoImpl{name=MetricsSystem, description=MetricsSystem}, MetricsSystem record=MetricsInfoImpl{name=MetricsSystem, description=MetricsSystem record}}
2024-07-06 11:54:07,249 [8dbb38fd-cb5c-434d-a416-d5257da8c780-groupManagement] INFO  server.RaftServer$Division (RaftServerImpl.java:<init>(253)) - 8dbb38fd-cb5c-434d-a416-d5257da8c780: new RaftServerImpl for group-F47393A7B48C:[8dbb38fd-cb5c-434d-a416-d5257da8c780|10.1.0.11:15046] with ContainerStateMachine:uninitialized
2024-07-06 11:54:07,250 [8dbb38fd-cb5c-434d-a416-d5257da8c780-groupManagement] INFO  server.RaftServerConfigKeys (ConfUtils.java:logGet(46)) - raft.server.rpc.timeout.min = 5s (custom)
2024-07-06 11:54:07,250 [8dbb38fd-cb5c-434d-a416-d5257da8c780-groupManagement] INFO  server.RaftServerConfigKeys (ConfUtils.java:logGet(46)) - raft.server.rpc.timeout.max = 5200ms (custom)
2024-07-06 11:54:07,250 [8dbb38fd-cb5c-434d-a416-d5257da8c780-groupManagement] INFO  server.RaftServerConfigKeys (ConfUtils.java:logGet(46)) - raft.server.rpc.sleep.time = 25ms (default)
2024-07-06 11:54:07,250 [8dbb38fd-cb5c-434d-a416-d5257da8c780-groupManagement] INFO  server.RaftServerConfigKeys (ConfUtils.java:logGet(46)) - raft.server.rpc.slowness.timeout = 300s (custom)
2024-07-06 11:54:07,250 [8dbb38fd-cb5c-434d-a416-d5257da8c780-groupManagement] INFO  server.RaftServerConfigKeys (ConfUtils.java:logGet(46)) - raft.server.leaderelection.leader.step-down.wait-time = 10s (default)
2024-07-06 11:54:07,250 [8dbb38fd-cb5c-434d-a416-d5257da8c780-groupManagement] INFO  server.RaftServerConfigKeys (ConfUtils.java:logGet(46)) - raft.server.leaderelection.member.majority-add = false (default)
2024-07-06 11:54:07,250 [8dbb38fd-cb5c-434d-a416-d5257da8c780-groupManagement] INFO  server.RaftServerConfigKeys (ConfUtils.java:logGet(46)) - raft.server.sleep.deviation.threshold = 300ms (default)
2024-07-06 11:54:07,250 [8dbb38fd-cb5c-434d-a416-d5257da8c780-groupManagement] INFO  server.RaftServer$Division (ServerState.java:<init>(114)) - 8dbb38fd-cb5c-434d-a416-d5257da8c780@group-F47393A7B48C: ConfigurationManager, init=conf: {index: -1, cur=peers:[8dbb38fd-cb5c-434d-a416-d5257da8c780|10.1.0.11:15046]|listeners:[], old=null}, confs=<EMPTY_MAP>
2024-07-06 11:54:07,250 [8dbb38fd-cb5c-434d-a416-d5257da8c780-groupManagement] INFO  server.RaftServerConfigKeys (ConfUtils.java:logGet(46)) - raft.server.notification.no-leader.timeout = 300s (custom)
2024-07-06 11:54:07,251 [8dbb38fd-cb5c-434d-a416-d5257da8c780-groupManagement] INFO  server.RaftServerConfigKeys (ConfUtils.java:logGet(46)) - raft.server.read.timeout = 10s (default)
2024-07-06 11:54:07,251 [8dbb38fd-cb5c-434d-a416-d5257da8c780-groupManagement] INFO  server.RaftServerConfigKeys (ConfUtils.java:logGet(46)) - raft.server.retrycache.expirytime = 600000ms (custom)
2024-07-06 11:54:07,251 [8dbb38fd-cb5c-434d-a416-d5257da8c780-groupManagement] INFO  server.RaftServerConfigKeys (ConfUtils.java:logGet(46)) - raft.server.retrycache.statistics.expirytime = 100ms (default)
2024-07-06 11:54:07,251 [8dbb38fd-cb5c-434d-a416-d5257da8c780-groupManagement] INFO  server.RaftServerConfigKeys (ConfUtils.java:logGet(46)) - raft.server.read.option = DEFAULT (default)
2024-07-06 11:54:07,251 [8dbb38fd-cb5c-434d-a416-d5257da8c780-groupManagement] INFO  server.RaftServerConfigKeys (ConfUtils.java:logGet(46)) - raft.server.read.read-after-write-consistent.write-index-cache.expiry-time = 60s (default)
2024-07-06 11:54:07,257 [8dbb38fd-cb5c-434d-a416-d5257da8c780-groupManagement] INFO  server.RaftServerConfigKeys (ConfUtils.java:logGet(46)) - raft.server.rpc.request.timeout = 60s (custom)
2024-07-06 11:54:07,257 [8dbb38fd-cb5c-434d-a416-d5257da8c780-groupManagement] INFO  server.RaftServerConfigKeys (ConfUtils.java:logGet(46)) - raft.server.log.appender.install.snapshot.enabled = false (custom)
2024-07-06 11:54:07,257 [8dbb38fd-cb5c-434d-a416-d5257da8c780-groupManagement] INFO  server.RaftServerConfigKeys (ConfUtils.java:logGet(46)) - raft.server.threadpool.server.cached = true (default)
2024-07-06 11:54:07,257 [8dbb38fd-cb5c-434d-a416-d5257da8c780-groupManagement] INFO  server.RaftServerConfigKeys (ConfUtils.java:logGet(46)) - raft.server.threadpool.server.size = 0 (default)
2024-07-06 11:54:07,257 [8dbb38fd-cb5c-434d-a416-d5257da8c780-groupManagement] INFO  server.RaftServerConfigKeys (ConfUtils.java:logGet(46)) - raft.server.threadpool.client.cached = true (default)
2024-07-06 11:54:07,257 [8dbb38fd-cb5c-434d-a416-d5257da8c780-groupManagement] INFO  server.RaftServerConfigKeys (ConfUtils.java:logGet(46)) - raft.server.threadpool.client.size = 0 (default)
2024-07-06 11:54:07,257 [8dbb38fd-cb5c-434d-a416-d5257da8c780-groupManagement] INFO  server.RaftServerConfigKeys (ConfUtils.java:logGet(46)) - raft.server.storage.free-space.min = 0MB (=0) (default)
2024-07-06 11:54:07,257 [8dbb38fd-cb5c-434d-a416-d5257da8c780-groupManagement] INFO  server.RaftServerConfigKeys (ConfUtils.java:logGet(46)) - raft.server.log.corruption.policy = EXCEPTION (default)
2024-07-06 11:54:07,258 [8dbb38fd-cb5c-434d-a416-d5257da8c780-groupManagement] INFO  server.RaftServerConfigKeys (ConfUtils.java:logGet(46)) - raft.server.storage.dir = [/home/runner/work/ozone/ozone/hadoop-ozone/integration-test/target/test-dir/MiniOzoneClusterImpl-23934d72-33be-4118-bcff-1eb1b476413a/ozone-meta/datanode-1/ratis] (custom)
2024-07-06 11:54:07,258 [8dbb38fd-cb5c-434d-a416-d5257da8c780-groupManagement] INFO  storage.RaftStorageDirectory (RaftStorageDirectoryImpl.java:analyzeStorage(138)) - The storage directory /home/runner/work/ozone/ozone/hadoop-ozone/integration-test/target/test-dir/MiniOzoneClusterImpl-23934d72-33be-4118-bcff-1eb1b476413a/ozone-meta/datanode-1/ratis/68737355-2d59-4e05-bc09-f47393a7b48c does not exist. Creating ...
2024-07-06 11:54:07,259 [8dbb38fd-cb5c-434d-a416-d5257da8c780-groupManagement] INFO  storage.RaftStorageDirectory (RaftStorageDirectoryImpl.java:tryLock(229)) - Lock on /home/runner/work/ozone/ozone/hadoop-ozone/integration-test/target/test-dir/MiniOzoneClusterImpl-23934d72-33be-4118-bcff-1eb1b476413a/ozone-meta/datanode-1/ratis/68737355-2d59-4e05-bc09-f47393a7b48c/in_use.lock acquired by nodename 98265@fv-az1041-405
2024-07-06 11:54:07,261 [8dbb38fd-cb5c-434d-a416-d5257da8c780-groupManagement] INFO  storage.RaftStorage (RaftStorageImpl.java:format(98)) - Storage directory /home/runner/work/ozone/ozone/hadoop-ozone/integration-test/target/test-dir/MiniOzoneClusterImpl-23934d72-33be-4118-bcff-1eb1b476413a/ozone-meta/datanode-1/ratis/68737355-2d59-4e05-bc09-f47393a7b48c has been successfully formatted.
2024-07-06 11:54:07,265 [8dbb38fd-cb5c-434d-a416-d5257da8c780-groupManagement] INFO  ratis.ContainerStateMachine (ContainerStateMachine.java:loadSnapshot(287)) - group-F47393A7B48C: The snapshot info is null. Setting the last applied index to:(t:0, i:~)
2024-07-06 11:54:07,265 [8dbb38fd-cb5c-434d-a416-d5257da8c780-groupManagement] INFO  server.RaftServerConfigKeys (ConfUtils.java:logGet(46)) - raft.server.log.use.memory = false (default)
2024-07-06 11:54:07,265 [8dbb38fd-cb5c-434d-a416-d5257da8c780-groupManagement] INFO  server.RaftServerConfigKeys (ConfUtils.java:logGet(46)) - raft.server.log.purge.gap = 1000000 (custom)
2024-07-06 11:54:07,265 [8dbb38fd-cb5c-434d-a416-d5257da8c780-groupManagement] INFO  server.RaftServerConfigKeys (ConfUtils.java:logGet(46)) - raft.server.log.appender.buffer.byte-limit = 8388608 (custom)
2024-07-06 11:54:07,265 [8dbb38fd-cb5c-434d-a416-d5257da8c780-groupManagement] INFO  server.RaftServerConfigKeys (ConfUtils.java:logGet(46)) - raft.server.log.statemachine.data.read.timeout = 1000ms (default)
2024-07-06 11:54:07,265 [8dbb38fd-cb5c-434d-a416-d5257da8c780-groupManagement] INFO  server.RaftServerConfigKeys (ConfUtils.java:logGet(46)) - raft.server.log.purge.preservation.log.num = 0 (default)
2024-07-06 11:54:07,272 [8dbb38fd-cb5c-434d-a416-d5257da8c780-groupManagement] INFO  server.RaftServerConfigKeys (ConfUtils.java:logGet(46)) - raft.server.log.segment.size.max = 67108864 (custom)
2024-07-06 11:54:07,272 [8dbb38fd-cb5c-434d-a416-d5257da8c780-groupManagement] INFO  server.RaftServerConfigKeys (ConfUtils.java:logGet(46)) - raft.server.log.segment.cache.num.max = 2 (custom)
2024-07-06 11:54:07,272 [8dbb38fd-cb5c-434d-a416-d5257da8c780-groupManagement] INFO  server.RaftServerConfigKeys (ConfUtils.java:logGet(46)) - raft.server.log.segment.cache.size.max = 200MB (=209715200) (default)
2024-07-06 11:54:07,272 [8dbb38fd-cb5c-434d-a416-d5257da8c780-groupManagement] INFO  server.RaftServerConfigKeys (ConfUtils.java:logGet(46)) - raft.server.log.appender.buffer.byte-limit = 8388608 (custom)
2024-07-06 11:54:07,286 [eb66df86-6ffc-4e53-b873-cb2b44d5f35d@group-1EB1B476413A-StateMachineUpdater] INFO  safemode.HealthyPipelineSafeModeRule (HealthyPipelineSafeModeRule.java:initializeRule(172)) - Refreshed total pipeline count is 0, healthy pipeline threshold count is 1
2024-07-06 11:54:07,286 [scmNode-1-EventQueue-PipelineReportForPipelineReportHandler] INFO  pipeline.PipelineReportHandler (PipelineReportHandler.java:processPipelineReport(136)) - Opened pipeline PipelineID=68737355-2d59-4e05-bc09-f47393a7b48c
2024-07-06 11:54:07,289 [39a46239-dc5f-49f3-8624-e36d450519bc@group-1EB1B476413A-StateMachineUpdater] INFO  safemode.HealthyPipelineSafeModeRule (HealthyPipelineSafeModeRule.java:initializeRule(172)) - Refreshed total pipeline count is 0, healthy pipeline threshold count is 1
2024-07-06 11:54:07,290 [41075d7a-0d70-4fa2-ba46-cbc672699b06@group-1EB1B476413A-StateMachineUpdater] INFO  safemode.HealthyPipelineSafeModeRule (HealthyPipelineSafeModeRule.java:initializeRule(172)) - Refreshed total pipeline count is 0, healthy pipeline threshold count is 1
2024-07-06 11:54:07,297 [8dbb38fd-cb5c-434d-a416-d5257da8c780-groupManagement] INFO  util.AwaitToRun (AwaitToRun.java:start(81)) - Thread[8dbb38fd-cb5c-434d-a416-d5257da8c780@group-F47393A7B48C-cacheEviction-AwaitToRun,5,main] started
2024-07-06 11:54:07,297 [8dbb38fd-cb5c-434d-a416-d5257da8c780-groupManagement] INFO  segmented.SegmentedRaftLogWorker (SegmentedRaftLogWorker.java:<init>(184)) - new 8dbb38fd-cb5c-434d-a416-d5257da8c780@group-F47393A7B48C-SegmentedRaftLogWorker for RaftStorageImpl:Storage Directory /home/runner/work/ozone/ozone/hadoop-ozone/integration-test/target/test-dir/MiniOzoneClusterImpl-23934d72-33be-4118-bcff-1eb1b476413a/ozone-meta/datanode-1/ratis/68737355-2d59-4e05-bc09-f47393a7b48c
2024-07-06 11:54:07,297 [8dbb38fd-cb5c-434d-a416-d5257da8c780-groupManagement] INFO  server.RaftServerConfigKeys (ConfUtils.java:logGet(46)) - raft.server.log.queue.byte-limit = 4294967296 (custom)
2024-07-06 11:54:07,297 [8dbb38fd-cb5c-434d-a416-d5257da8c780-groupManagement] INFO  server.RaftServerConfigKeys (ConfUtils.java:logGet(46)) - raft.server.log.queue.element-limit = 1024 (custom)
2024-07-06 11:54:07,297 [8dbb38fd-cb5c-434d-a416-d5257da8c780-groupManagement] INFO  server.RaftServerConfigKeys (ConfUtils.java:logGet(46)) - raft.server.log.segment.size.max = 67108864 (custom)
2024-07-06 11:54:07,297 [8dbb38fd-cb5c-434d-a416-d5257da8c780-groupManagement] INFO  server.RaftServerConfigKeys (ConfUtils.java:logGet(46)) - raft.server.log.preallocated.size = 4194304 (custom)
2024-07-06 11:54:07,298 [8dbb38fd-cb5c-434d-a416-d5257da8c780-groupManagement] INFO  server.RaftServerConfigKeys (ConfUtils.java:logGet(46)) - raft.server.log.force.sync.num = 128 (default)
2024-07-06 11:54:07,298 [8dbb38fd-cb5c-434d-a416-d5257da8c780-groupManagement] INFO  server.RaftServerConfigKeys (ConfUtils.java:logGet(46)) - raft.server.log.statemachine.data.sync = true (default)
2024-07-06 11:54:07,298 [8dbb38fd-cb5c-434d-a416-d5257da8c780-groupManagement] INFO  server.RaftServerConfigKeys (ConfUtils.java:logGet(46)) - raft.server.log.statemachine.data.sync.timeout = 10s (default)
2024-07-06 11:54:07,298 [8dbb38fd-cb5c-434d-a416-d5257da8c780-groupManagement] INFO  server.RaftServerConfigKeys (ConfUtils.java:logGet(46)) - raft.server.log.statemachine.data.sync.timeout.retry = 30 (custom)
2024-07-06 11:54:07,298 [8dbb38fd-cb5c-434d-a416-d5257da8c780-groupManagement] INFO  server.RaftServerConfigKeys (ConfUtils.java:logGet(46)) - raft.server.log.write.buffer.size = 8388616 (custom)
2024-07-06 11:54:07,300 [8dbb38fd-cb5c-434d-a416-d5257da8c780-groupManagement] INFO  server.RaftServerConfigKeys (ConfUtils.java:logGet(46)) - raft.server.log.appender.buffer.byte-limit = 8388608 (custom)
2024-07-06 11:54:07,300 [8dbb38fd-cb5c-434d-a416-d5257da8c780-groupManagement] INFO  server.RaftServerConfigKeys (ConfUtils.java:logGet(46)) - raft.server.log.unsafe-flush.enabled = false (default)
2024-07-06 11:54:07,301 [8dbb38fd-cb5c-434d-a416-d5257da8c780-groupManagement] INFO  server.RaftServerConfigKeys (ConfUtils.java:logGet(46)) - raft.server.log.async-flush.enabled = false (default)
2024-07-06 11:54:07,301 [8dbb38fd-cb5c-434d-a416-d5257da8c780-groupManagement] INFO  server.RaftServerConfigKeys (ConfUtils.java:logGet(46)) - raft.server.log.statemachine.data.caching.enabled = true (custom)
2024-07-06 11:54:07,301 [8dbb38fd-cb5c-434d-a416-d5257da8c780-groupManagement] INFO  segmented.SegmentedRaftLogWorker (SegmentedRaftLogWorker.java:lambda$new$0(135)) - 8dbb38fd-cb5c-434d-a416-d5257da8c780@group-F47393A7B48C-SegmentedRaftLogWorker: flushIndex: setUnconditionally 0 -> -1
2024-07-06 11:54:07,301 [8dbb38fd-cb5c-434d-a416-d5257da8c780-groupManagement] INFO  segmented.SegmentedRaftLogWorker (SegmentedRaftLogWorker.java:lambda$new$0(135)) - 8dbb38fd-cb5c-434d-a416-d5257da8c780@group-F47393A7B48C-SegmentedRaftLogWorker: safeCacheEvictIndex: setUnconditionally 0 -> -1
2024-07-06 11:54:07,308 [scmNode-2-EventQueue-PipelineReportForPipelineReportHandler] ERROR pipeline.PipelineReportHandler (PipelineReportHandler.java:onMessage(100)) - Could not process pipeline report=pipelineID {
  id: "68737355-2d59-4e05-bc09-f47393a7b48c"
  uuid128 {
    mostSigBits: 7526486211936472581
    leastSigBits: -4897114342553045876
  }
}
isLeader: false
bytesWritten: 0
 from dn=8dbb38fd-cb5c-434d-a416-d5257da8c780(fv-az1041-405.cgqmq5qunpnelbz5tk1v55v5te.bx.internal.cloudapp.net/10.1.0.11).
org.apache.hadoop.hdds.scm.exceptions.SCMException: org.apache.ratis.protocol.exceptions.NotLeaderException: Server 41075d7a-0d70-4fa2-ba46-cbc672699b06@group-1EB1B476413A is not the leader eb66df86-6ffc-4e53-b873-cb2b44d5f35d|localhost:15003
	at org.apache.hadoop.hdds.scm.ha.SCMHAInvocationHandler.translateException(SCMHAInvocationHandler.java:165)
	at org.apache.hadoop.hdds.scm.ha.SCMHAInvocationHandler.invokeRatis(SCMHAInvocationHandler.java:115)
	at org.apache.hadoop.hdds.scm.ha.SCMHAInvocationHandler.invoke(SCMHAInvocationHandler.java:74)
	at jdk.proxy2/jdk.proxy2.$Proxy48.updatePipelineState(Unknown Source)
	at org.apache.hadoop.hdds.scm.pipeline.PipelineManagerImpl.openPipeline(PipelineManagerImpl.java:430)
	at org.apache.hadoop.hdds.scm.pipeline.PipelineReportHandler.processPipelineReport(PipelineReportHandler.java:135)
	at org.apache.hadoop.hdds.scm.pipeline.PipelineReportHandler.onMessage(PipelineReportHandler.java:93)
	at org.apache.hadoop.hdds.scm.pipeline.PipelineReportHandler.onMessage(PipelineReportHandler.java:52)
	at org.apache.hadoop.hdds.server.events.SingleThreadExecutor.lambda$onMessage$1(SingleThreadExecutor.java:86)
	at java.base/java.util.concurrent.ThreadPoolExecutor.runWorker(ThreadPoolExecutor.java:1136)
	at java.base/java.util.concurrent.ThreadPoolExecutor$Worker.run(ThreadPoolExecutor.java:635)
	at java.base/java.lang.Thread.run(Thread.java:840)
Caused by: org.apache.ratis.protocol.exceptions.NotLeaderException: Server 41075d7a-0d70-4fa2-ba46-cbc672699b06@group-1EB1B476413A is not the leader eb66df86-6ffc-4e53-b873-cb2b44d5f35d|localhost:15003
	at org.apache.ratis.server.impl.RaftServerImpl.generateNotLeaderException(RaftServerImpl.java:766)
	at org.apache.ratis.server.impl.RaftServerImpl.checkLeaderState(RaftServerImpl.java:731)
	at org.apache.ratis.server.impl.RaftServerImpl.checkLeaderState(RaftServerImpl.java:717)
	at org.apache.ratis.server.impl.RaftServerImpl.writeAsyncImpl(RaftServerImpl.java:958)
	at org.apache.ratis.server.impl.RaftServerImpl.writeAsync(RaftServerImpl.java:945)
	at org.apache.ratis.server.impl.RaftServerImpl.replyFuture(RaftServerImpl.java:937)
	at org.apache.ratis.server.impl.RaftServerImpl.submitClientRequestAsync(RaftServerImpl.java:912)
	at org.apache.ratis.server.impl.RaftServerImpl.lambda$executeSubmitClientRequestAsync$11(RaftServerImpl.java:893)
	at java.base/java.util.concurrent.CompletableFuture$AsyncSupply.run(CompletableFuture.java:1768)
	... 3 more
2024-07-06 11:54:07,309 [scmNode-3-EventQueue-PipelineReportForPipelineReportHandler] ERROR pipeline.PipelineReportHandler (PipelineReportHandler.java:onMessage(100)) - Could not process pipeline report=pipelineID {
  id: "68737355-2d59-4e05-bc09-f47393a7b48c"
  uuid128 {
    mostSigBits: 7526486211936472581
    leastSigBits: -4897114342553045876
  }
}
isLeader: false
bytesWritten: 0
 from dn=8dbb38fd-cb5c-434d-a416-d5257da8c780(fv-az1041-405.cgqmq5qunpnelbz5tk1v55v5te.bx.internal.cloudapp.net/10.1.0.11).
org.apache.hadoop.hdds.scm.exceptions.SCMException: org.apache.ratis.protocol.exceptions.NotLeaderException: Server 39a46239-dc5f-49f3-8624-e36d450519bc@group-1EB1B476413A is not the leader eb66df86-6ffc-4e53-b873-cb2b44d5f35d|localhost:15003
	at org.apache.hadoop.hdds.scm.ha.SCMHAInvocationHandler.translateException(SCMHAInvocationHandler.java:165)
	at org.apache.hadoop.hdds.scm.ha.SCMHAInvocationHandler.invokeRatis(SCMHAInvocationHandler.java:115)
	at org.apache.hadoop.hdds.scm.ha.SCMHAInvocationHandler.invoke(SCMHAInvocationHandler.java:74)
	at jdk.proxy2/jdk.proxy2.$Proxy48.updatePipelineState(Unknown Source)
	at org.apache.hadoop.hdds.scm.pipeline.PipelineManagerImpl.openPipeline(PipelineManagerImpl.java:430)
	at org.apache.hadoop.hdds.scm.pipeline.PipelineReportHandler.processPipelineReport(PipelineReportHandler.java:135)
	at org.apache.hadoop.hdds.scm.pipeline.PipelineReportHandler.onMessage(PipelineReportHandler.java:93)
	at org.apache.hadoop.hdds.scm.pipeline.PipelineReportHandler.onMessage(PipelineReportHandler.java:52)
	at org.apache.hadoop.hdds.server.events.SingleThreadExecutor.lambda$onMessage$1(SingleThreadExecutor.java:86)
	at java.base/java.util.concurrent.ThreadPoolExecutor.runWorker(ThreadPoolExecutor.java:1136)
	at java.base/java.util.concurrent.ThreadPoolExecutor$Worker.run(ThreadPoolExecutor.java:635)
	at java.base/java.lang.Thread.run(Thread.java:840)
Caused by: org.apache.ratis.protocol.exceptions.NotLeaderException: Server 39a46239-dc5f-49f3-8624-e36d450519bc@group-1EB1B476413A is not the leader eb66df86-6ffc-4e53-b873-cb2b44d5f35d|localhost:15003
	at org.apache.ratis.server.impl.RaftServerImpl.generateNotLeaderException(RaftServerImpl.java:766)
	at org.apache.ratis.server.impl.RaftServerImpl.checkLeaderState(RaftServerImpl.java:731)
	at org.apache.ratis.server.impl.RaftServerImpl.checkLeaderState(RaftServerImpl.java:717)
	at org.apache.ratis.server.impl.RaftServerImpl.writeAsyncImpl(RaftServerImpl.java:958)
	at org.apache.ratis.server.impl.RaftServerImpl.writeAsync(RaftServerImpl.java:945)
	at org.apache.ratis.server.impl.RaftServerImpl.replyFuture(RaftServerImpl.java:937)
	at org.apache.ratis.server.impl.RaftServerImpl.submitClientRequestAsync(RaftServerImpl.java:912)
	at org.apache.ratis.server.impl.RaftServerImpl.lambda$executeSubmitClientRequestAsync$11(RaftServerImpl.java:893)
	at java.base/java.util.concurrent.CompletableFuture$AsyncSupply.run(CompletableFuture.java:1768)
	... 3 more
2024-07-06 11:54:07,310 [scmNode-1-EventQueue-OpenPipelineForHealthyPipelineSafeModeRule] INFO  safemode.SCMSafeModeManager (HealthyPipelineSafeModeRule.java:process(140)) - SCM in safe mode. Healthy pipelines reported count is 0, required healthy pipeline reported count is 1
2024-07-06 11:54:07,310 [8dbb38fd-cb5c-434d-a416-d5257da8c780-groupManagement] INFO  server.RaftServer$Division (RaftServerImpl.java:start(389)) - 8dbb38fd-cb5c-434d-a416-d5257da8c780@group-F47393A7B48C: start as a follower, conf=conf: {index: -1, cur=peers:[8dbb38fd-cb5c-434d-a416-d5257da8c780|10.1.0.11:15046]|listeners:[], old=null}
2024-07-06 11:54:07,311 [8dbb38fd-cb5c-434d-a416-d5257da8c780-groupManagement] INFO  server.RaftServer$Division (RaftServerImpl.java:setRole(376)) - 8dbb38fd-cb5c-434d-a416-d5257da8c780@group-F47393A7B48C: changes role from      null to FOLLOWER at term 0 for startAsFollower
2024-07-06 11:54:07,311 [8dbb38fd-cb5c-434d-a416-d5257da8c780-groupManagement] INFO  impl.RoleInfo (RoleInfo.java:updateAndGet(148)) - 8dbb38fd-cb5c-434d-a416-d5257da8c780: start 8dbb38fd-cb5c-434d-a416-d5257da8c780@group-F47393A7B48C-FollowerState
2024-07-06 11:54:07,311 [8dbb38fd-cb5c-434d-a416-d5257da8c780@group-F47393A7B48C-FollowerState] INFO  server.RaftServerConfigKeys (ConfUtils.java:logFallback(53)) - raft.server.rpc.first-election.timeout.min = 5s (fallback to raft.server.rpc.timeout.min)
2024-07-06 11:54:07,311 [8dbb38fd-cb5c-434d-a416-d5257da8c780-groupManagement] INFO  util.JmxRegister (JmxRegister.java:tryRegister(44)) - Successfully registered JMX Bean with object name Ratis:service=RaftServer,group=group-F47393A7B48C,id=8dbb38fd-cb5c-434d-a416-d5257da8c780
2024-07-06 11:54:07,311 [8dbb38fd-cb5c-434d-a416-d5257da8c780-groupManagement] INFO  util.JmxRegister (JmxRegister.java:register(58)) - register mxBean class org.apache.ratis.server.impl.RaftServerJmxAdapter as Ratis:service=RaftServer,group=group-F47393A7B48C,id=8dbb38fd-cb5c-434d-a416-d5257da8c780
2024-07-06 11:54:07,311 [8dbb38fd-cb5c-434d-a416-d5257da8c780-groupManagement] INFO  server.RaftServerConfigKeys (ConfUtils.java:logGet(46)) - raft.server.snapshot.trigger-when-stop.enabled = true (default)
2024-07-06 11:54:07,311 [8dbb38fd-cb5c-434d-a416-d5257da8c780-groupManagement] INFO  server.RaftServerConfigKeys (ConfUtils.java:logGet(46)) - raft.server.snapshot.trigger-when-remove.enabled = true (default)
2024-07-06 11:54:07,311 [8dbb38fd-cb5c-434d-a416-d5257da8c780-groupManagement] INFO  server.RaftServerConfigKeys (ConfUtils.java:logGet(46)) - raft.server.snapshot.auto.trigger.enabled = true (custom)
2024-07-06 11:54:07,312 [8dbb38fd-cb5c-434d-a416-d5257da8c780-groupManagement] INFO  server.RaftServerConfigKeys (ConfUtils.java:logGet(46)) - raft.server.snapshot.auto.trigger.threshold = 10000 (custom)
2024-07-06 11:54:07,312 [8dbb38fd-cb5c-434d-a416-d5257da8c780-groupManagement] INFO  server.RaftServerConfigKeys (ConfUtils.java:logGet(46)) - raft.server.snapshot.retention.file.num = 5 (custom)
2024-07-06 11:54:07,312 [8dbb38fd-cb5c-434d-a416-d5257da8c780-groupManagement] INFO  server.RaftServerConfigKeys (ConfUtils.java:logGet(46)) - raft.server.log.purge.upto.snapshot.index = false (default)
2024-07-06 11:54:07,316 [8dbb38fd-cb5c-434d-a416-d5257da8c780-PipelineCommandHandlerThread-0] INFO  ratis.XceiverServerRatis (XceiverServerRatis.java:addGroup(849)) - Created group PipelineID=68737355-2d59-4e05-bc09-f47393a7b48c
2024-07-06 11:54:07,316 [8dbb38fd-cb5c-434d-a416-d5257da8c780-PipelineCommandHandlerThread-0] INFO  commandhandler.CreatePipelineCommandHandler (CreatePipelineCommandHandler.java:lambda$handle$2(124)) - Created Pipeline RATIS ONE PipelineID=68737355-2d59-4e05-bc09-f47393a7b48c.
2024-07-06 11:54:07,317 [8dbb38fd-cb5c-434d-a416-d5257da8c780-PipelineCommandHandlerThread-0] INFO  server.RaftServer (RaftServerProxy.java:addNew(101)) - 8dbb38fd-cb5c-434d-a416-d5257da8c780: addNew group-2A9A77740CD0:[eb39f61f-e86a-4779-8e52-f95c095d9393|10.1.0.11:15064, 8dbb38fd-cb5c-434d-a416-d5257da8c780|10.1.0.11:15046, 0cfa5fef-e387-4d03-8755-cac648de9f82|10.1.0.11:15055] returns group-2A9A77740CD0:java.util.concurrent.CompletableFuture@7e9b5168[Not completed]
2024-07-06 11:54:07,318 [8dbb38fd-cb5c-434d-a416-d5257da8c780-groupManagement] INFO  server.RaftServer$Division (RaftServerImpl.java:<init>(253)) - 8dbb38fd-cb5c-434d-a416-d5257da8c780: new RaftServerImpl for group-2A9A77740CD0:[eb39f61f-e86a-4779-8e52-f95c095d9393|10.1.0.11:15064, 8dbb38fd-cb5c-434d-a416-d5257da8c780|10.1.0.11:15046, 0cfa5fef-e387-4d03-8755-cac648de9f82|10.1.0.11:15055] with ContainerStateMachine:uninitialized
2024-07-06 11:54:07,318 [8dbb38fd-cb5c-434d-a416-d5257da8c780-groupManagement] INFO  server.RaftServerConfigKeys (ConfUtils.java:logGet(46)) - raft.server.rpc.timeout.min = 5s (custom)
2024-07-06 11:54:07,318 [8dbb38fd-cb5c-434d-a416-d5257da8c780-groupManagement] INFO  server.RaftServerConfigKeys (ConfUtils.java:logGet(46)) - raft.server.rpc.timeout.max = 5200ms (custom)
2024-07-06 11:54:07,318 [8dbb38fd-cb5c-434d-a416-d5257da8c780-groupManagement] INFO  server.RaftServerConfigKeys (ConfUtils.java:logGet(46)) - raft.server.rpc.sleep.time = 25ms (default)
2024-07-06 11:54:07,319 [8dbb38fd-cb5c-434d-a416-d5257da8c780-groupManagement] INFO  server.RaftServerConfigKeys (ConfUtils.java:logGet(46)) - raft.server.rpc.slowness.timeout = 300s (custom)
2024-07-06 11:54:07,319 [8dbb38fd-cb5c-434d-a416-d5257da8c780-groupManagement] INFO  server.RaftServerConfigKeys (ConfUtils.java:logGet(46)) - raft.server.leaderelection.leader.step-down.wait-time = 10s (default)
2024-07-06 11:54:07,319 [8dbb38fd-cb5c-434d-a416-d5257da8c780-groupManagement] INFO  server.RaftServerConfigKeys (ConfUtils.java:logGet(46)) - raft.server.leaderelection.member.majority-add = false (default)
2024-07-06 11:54:07,311 [8dbb38fd-cb5c-434d-a416-d5257da8c780@group-F47393A7B48C-FollowerState] INFO  server.RaftServerConfigKeys (ConfUtils.java:logFallback(53)) - raft.server.rpc.first-election.timeout.max = 5200ms (fallback to raft.server.rpc.timeout.max)
2024-07-06 11:54:07,319 [8dbb38fd-cb5c-434d-a416-d5257da8c780-groupManagement] INFO  server.RaftServerConfigKeys (ConfUtils.java:logGet(46)) - raft.server.sleep.deviation.threshold = 300ms (default)
2024-07-06 11:54:07,319 [8dbb38fd-cb5c-434d-a416-d5257da8c780-groupManagement] INFO  server.RaftServer$Division (ServerState.java:<init>(114)) - 8dbb38fd-cb5c-434d-a416-d5257da8c780@group-2A9A77740CD0: ConfigurationManager, init=conf: {index: -1, cur=peers:[eb39f61f-e86a-4779-8e52-f95c095d9393|10.1.0.11:15064, 8dbb38fd-cb5c-434d-a416-d5257da8c780|10.1.0.11:15046, 0cfa5fef-e387-4d03-8755-cac648de9f82|10.1.0.11:15055]|listeners:[], old=null}, confs=<EMPTY_MAP>
2024-07-06 11:54:07,319 [8dbb38fd-cb5c-434d-a416-d5257da8c780-groupManagement] INFO  server.RaftServerConfigKeys (ConfUtils.java:logGet(46)) - raft.server.notification.no-leader.timeout = 300s (custom)
2024-07-06 11:54:07,319 [8dbb38fd-cb5c-434d-a416-d5257da8c780-groupManagement] INFO  server.RaftServerConfigKeys (ConfUtils.java:logGet(46)) - raft.server.read.timeout = 10s (default)
2024-07-06 11:54:07,319 [8dbb38fd-cb5c-434d-a416-d5257da8c780-groupManagement] INFO  server.RaftServerConfigKeys (ConfUtils.java:logGet(46)) - raft.server.retrycache.expirytime = 600000ms (custom)
2024-07-06 11:54:07,319 [8dbb38fd-cb5c-434d-a416-d5257da8c780-groupManagement] INFO  server.RaftServerConfigKeys (ConfUtils.java:logGet(46)) - raft.server.retrycache.statistics.expirytime = 100ms (default)
2024-07-06 11:54:07,319 [8dbb38fd-cb5c-434d-a416-d5257da8c780-groupManagement] INFO  server.RaftServerConfigKeys (ConfUtils.java:logGet(46)) - raft.server.read.option = DEFAULT (default)
2024-07-06 11:54:07,319 [8dbb38fd-cb5c-434d-a416-d5257da8c780-groupManagement] INFO  server.RaftServerConfigKeys (ConfUtils.java:logGet(46)) - raft.server.read.read-after-write-consistent.write-index-cache.expiry-time = 60s (default)
2024-07-06 11:54:07,327 [8dbb38fd-cb5c-434d-a416-d5257da8c780-groupManagement] INFO  server.RaftServerConfigKeys (ConfUtils.java:logGet(46)) - raft.server.rpc.request.timeout = 60s (custom)
2024-07-06 11:54:07,328 [8dbb38fd-cb5c-434d-a416-d5257da8c780-groupManagement] INFO  server.RaftServerConfigKeys (ConfUtils.java:logGet(46)) - raft.server.log.appender.install.snapshot.enabled = false (custom)
2024-07-06 11:54:07,328 [8dbb38fd-cb5c-434d-a416-d5257da8c780-groupManagement] INFO  server.RaftServerConfigKeys (ConfUtils.java:logGet(46)) - raft.server.threadpool.server.cached = true (default)
2024-07-06 11:54:07,328 [8dbb38fd-cb5c-434d-a416-d5257da8c780-groupManagement] INFO  server.RaftServerConfigKeys (ConfUtils.java:logGet(46)) - raft.server.threadpool.server.size = 0 (default)
2024-07-06 11:54:07,328 [8dbb38fd-cb5c-434d-a416-d5257da8c780-groupManagement] INFO  server.RaftServerConfigKeys (ConfUtils.java:logGet(46)) - raft.server.threadpool.client.cached = true (default)
2024-07-06 11:54:07,328 [8dbb38fd-cb5c-434d-a416-d5257da8c780-groupManagement] INFO  server.RaftServerConfigKeys (ConfUtils.java:logGet(46)) - raft.server.threadpool.client.size = 0 (default)
2024-07-06 11:54:07,328 [8dbb38fd-cb5c-434d-a416-d5257da8c780-groupManagement] INFO  server.RaftServerConfigKeys (ConfUtils.java:logGet(46)) - raft.server.storage.free-space.min = 0MB (=0) (default)
2024-07-06 11:54:07,328 [8dbb38fd-cb5c-434d-a416-d5257da8c780-groupManagement] INFO  server.RaftServerConfigKeys (ConfUtils.java:logGet(46)) - raft.server.log.corruption.policy = EXCEPTION (default)
2024-07-06 11:54:07,328 [8dbb38fd-cb5c-434d-a416-d5257da8c780-groupManagement] INFO  server.RaftServerConfigKeys (ConfUtils.java:logGet(46)) - raft.server.storage.dir = [/home/runner/work/ozone/ozone/hadoop-ozone/integration-test/target/test-dir/MiniOzoneClusterImpl-23934d72-33be-4118-bcff-1eb1b476413a/ozone-meta/datanode-1/ratis] (custom)
2024-07-06 11:54:07,328 [8dbb38fd-cb5c-434d-a416-d5257da8c780-groupManagement] INFO  storage.RaftStorageDirectory (RaftStorageDirectoryImpl.java:analyzeStorage(138)) - The storage directory /home/runner/work/ozone/ozone/hadoop-ozone/integration-test/target/test-dir/MiniOzoneClusterImpl-23934d72-33be-4118-bcff-1eb1b476413a/ozone-meta/datanode-1/ratis/a4768336-efd2-46e9-8689-2a9a77740cd0 does not exist. Creating ...
2024-07-06 11:54:07,329 [8dbb38fd-cb5c-434d-a416-d5257da8c780-groupManagement] INFO  storage.RaftStorageDirectory (RaftStorageDirectoryImpl.java:tryLock(229)) - Lock on /home/runner/work/ozone/ozone/hadoop-ozone/integration-test/target/test-dir/MiniOzoneClusterImpl-23934d72-33be-4118-bcff-1eb1b476413a/ozone-meta/datanode-1/ratis/a4768336-efd2-46e9-8689-2a9a77740cd0/in_use.lock acquired by nodename 98265@fv-az1041-405
2024-07-06 11:54:07,330 [8dbb38fd-cb5c-434d-a416-d5257da8c780-groupManagement] INFO  storage.RaftStorage (RaftStorageImpl.java:format(98)) - Storage directory /home/runner/work/ozone/ozone/hadoop-ozone/integration-test/target/test-dir/MiniOzoneClusterImpl-23934d72-33be-4118-bcff-1eb1b476413a/ozone-meta/datanode-1/ratis/a4768336-efd2-46e9-8689-2a9a77740cd0 has been successfully formatted.
2024-07-06 11:54:07,331 [8dbb38fd-cb5c-434d-a416-d5257da8c780-groupManagement] INFO  ratis.ContainerStateMachine (ContainerStateMachine.java:loadSnapshot(287)) - group-2A9A77740CD0: The snapshot info is null. Setting the last applied index to:(t:0, i:~)
2024-07-06 11:54:07,331 [8dbb38fd-cb5c-434d-a416-d5257da8c780-groupManagement] INFO  server.RaftServerConfigKeys (ConfUtils.java:logGet(46)) - raft.server.log.use.memory = false (default)
2024-07-06 11:54:07,331 [8dbb38fd-cb5c-434d-a416-d5257da8c780-groupManagement] INFO  server.RaftServerConfigKeys (ConfUtils.java:logGet(46)) - raft.server.log.purge.gap = 1000000 (custom)
2024-07-06 11:54:07,331 [8dbb38fd-cb5c-434d-a416-d5257da8c780-groupManagement] INFO  server.RaftServerConfigKeys (ConfUtils.java:logGet(46)) - raft.server.log.appender.buffer.byte-limit = 8388608 (custom)
2024-07-06 11:54:07,332 [8dbb38fd-cb5c-434d-a416-d5257da8c780-groupManagement] INFO  server.RaftServerConfigKeys (ConfUtils.java:logGet(46)) - raft.server.log.statemachine.data.read.timeout = 1000ms (default)
2024-07-06 11:54:07,332 [8dbb38fd-cb5c-434d-a416-d5257da8c780-groupManagement] INFO  server.RaftServerConfigKeys (ConfUtils.java:logGet(46)) - raft.server.log.purge.preservation.log.num = 0 (default)
2024-07-06 11:54:07,333 [scmNode-1-EventQueue-OpenPipelineForHealthyPipelineSafeModeRule] INFO  safemode.SCMSafeModeManager (HealthyPipelineSafeModeRule.java:process(140)) - SCM in safe mode. Healthy pipelines reported count is 0, required healthy pipeline reported count is 1
2024-07-06 11:54:07,334 [scmNode-2-EventQueue-OpenPipelineForHealthyPipelineSafeModeRule] INFO  safemode.SCMSafeModeManager (HealthyPipelineSafeModeRule.java:process(140)) - SCM in safe mode. Healthy pipelines reported count is 0, required healthy pipeline reported count is 1
2024-07-06 11:54:07,335 [8dbb38fd-cb5c-434d-a416-d5257da8c780-groupManagement] INFO  server.RaftServerConfigKeys (ConfUtils.java:logGet(46)) - raft.server.log.segment.size.max = 67108864 (custom)
2024-07-06 11:54:07,335 [8dbb38fd-cb5c-434d-a416-d5257da8c780-groupManagement] INFO  server.RaftServerConfigKeys (ConfUtils.java:logGet(46)) - raft.server.log.segment.cache.num.max = 2 (custom)
2024-07-06 11:54:07,336 [8dbb38fd-cb5c-434d-a416-d5257da8c780-groupManagement] INFO  server.RaftServerConfigKeys (ConfUtils.java:logGet(46)) - raft.server.log.segment.cache.size.max = 200MB (=209715200) (default)
2024-07-06 11:54:07,336 [8dbb38fd-cb5c-434d-a416-d5257da8c780-groupManagement] INFO  server.RaftServerConfigKeys (ConfUtils.java:logGet(46)) - raft.server.log.appender.buffer.byte-limit = 8388608 (custom)
2024-07-06 11:54:07,336 [8dbb38fd-cb5c-434d-a416-d5257da8c780-groupManagement] INFO  util.AwaitToRun (AwaitToRun.java:start(81)) - Thread[8dbb38fd-cb5c-434d-a416-d5257da8c780@group-2A9A77740CD0-cacheEviction-AwaitToRun,5,main] started
2024-07-06 11:54:07,336 [8dbb38fd-cb5c-434d-a416-d5257da8c780-groupManagement] INFO  segmented.SegmentedRaftLogWorker (SegmentedRaftLogWorker.java:<init>(184)) - new 8dbb38fd-cb5c-434d-a416-d5257da8c780@group-2A9A77740CD0-SegmentedRaftLogWorker for RaftStorageImpl:Storage Directory /home/runner/work/ozone/ozone/hadoop-ozone/integration-test/target/test-dir/MiniOzoneClusterImpl-23934d72-33be-4118-bcff-1eb1b476413a/ozone-meta/datanode-1/ratis/a4768336-efd2-46e9-8689-2a9a77740cd0
2024-07-06 11:54:07,336 [8dbb38fd-cb5c-434d-a416-d5257da8c780-groupManagement] INFO  server.RaftServerConfigKeys (ConfUtils.java:logGet(46)) - raft.server.log.queue.byte-limit = 4294967296 (custom)
2024-07-06 11:54:07,336 [8dbb38fd-cb5c-434d-a416-d5257da8c780-groupManagement] INFO  server.RaftServerConfigKeys (ConfUtils.java:logGet(46)) - raft.server.log.queue.element-limit = 1024 (custom)
2024-07-06 11:54:07,336 [scmNode-3-EventQueue-OpenPipelineForHealthyPipelineSafeModeRule] INFO  safemode.SCMSafeModeManager (HealthyPipelineSafeModeRule.java:process(140)) - SCM in safe mode. Healthy pipelines reported count is 0, required healthy pipeline reported count is 1
2024-07-06 11:54:07,336 [8dbb38fd-cb5c-434d-a416-d5257da8c780-groupManagement] INFO  server.RaftServerConfigKeys (ConfUtils.java:logGet(46)) - raft.server.log.segment.size.max = 67108864 (custom)
2024-07-06 11:54:07,336 [8dbb38fd-cb5c-434d-a416-d5257da8c780-groupManagement] INFO  server.RaftServerConfigKeys (ConfUtils.java:logGet(46)) - raft.server.log.preallocated.size = 4194304 (custom)
2024-07-06 11:54:07,336 [8dbb38fd-cb5c-434d-a416-d5257da8c780-groupManagement] INFO  server.RaftServerConfigKeys (ConfUtils.java:logGet(46)) - raft.server.log.force.sync.num = 128 (default)
2024-07-06 11:54:07,337 [8dbb38fd-cb5c-434d-a416-d5257da8c780-groupManagement] INFO  server.RaftServerConfigKeys (ConfUtils.java:logGet(46)) - raft.server.log.statemachine.data.sync = true (default)
2024-07-06 11:54:07,337 [8dbb38fd-cb5c-434d-a416-d5257da8c780-groupManagement] INFO  server.RaftServerConfigKeys (ConfUtils.java:logGet(46)) - raft.server.log.statemachine.data.sync.timeout = 10s (default)
2024-07-06 11:54:07,337 [8dbb38fd-cb5c-434d-a416-d5257da8c780-groupManagement] INFO  server.RaftServerConfigKeys (ConfUtils.java:logGet(46)) - raft.server.log.statemachine.data.sync.timeout.retry = 30 (custom)
2024-07-06 11:54:07,337 [8dbb38fd-cb5c-434d-a416-d5257da8c780-groupManagement] INFO  server.RaftServerConfigKeys (ConfUtils.java:logGet(46)) - raft.server.log.write.buffer.size = 8388616 (custom)
2024-07-06 11:54:07,339 [8dbb38fd-cb5c-434d-a416-d5257da8c780-groupManagement] INFO  server.RaftServerConfigKeys (ConfUtils.java:logGet(46)) - raft.server.log.appender.buffer.byte-limit = 8388608 (custom)
2024-07-06 11:54:07,339 [8dbb38fd-cb5c-434d-a416-d5257da8c780-groupManagement] INFO  server.RaftServerConfigKeys (ConfUtils.java:logGet(46)) - raft.server.log.unsafe-flush.enabled = false (default)
2024-07-06 11:54:07,339 [8dbb38fd-cb5c-434d-a416-d5257da8c780-groupManagement] INFO  server.RaftServerConfigKeys (ConfUtils.java:logGet(46)) - raft.server.log.async-flush.enabled = false (default)
2024-07-06 11:54:07,339 [8dbb38fd-cb5c-434d-a416-d5257da8c780-groupManagement] INFO  server.RaftServerConfigKeys (ConfUtils.java:logGet(46)) - raft.server.log.statemachine.data.caching.enabled = true (custom)
2024-07-06 11:54:07,339 [8dbb38fd-cb5c-434d-a416-d5257da8c780-groupManagement] INFO  segmented.SegmentedRaftLogWorker (SegmentedRaftLogWorker.java:lambda$new$0(135)) - 8dbb38fd-cb5c-434d-a416-d5257da8c780@group-2A9A77740CD0-SegmentedRaftLogWorker: flushIndex: setUnconditionally 0 -> -1
2024-07-06 11:54:07,339 [8dbb38fd-cb5c-434d-a416-d5257da8c780-groupManagement] INFO  segmented.SegmentedRaftLogWorker (SegmentedRaftLogWorker.java:lambda$new$0(135)) - 8dbb38fd-cb5c-434d-a416-d5257da8c780@group-2A9A77740CD0-SegmentedRaftLogWorker: safeCacheEvictIndex: setUnconditionally 0 -> -1
2024-07-06 11:54:07,340 [8dbb38fd-cb5c-434d-a416-d5257da8c780-groupManagement] INFO  server.RaftServer$Division (RaftServerImpl.java:start(389)) - 8dbb38fd-cb5c-434d-a416-d5257da8c780@group-2A9A77740CD0: start as a follower, conf=conf: {index: -1, cur=peers:[eb39f61f-e86a-4779-8e52-f95c095d9393|10.1.0.11:15064, 8dbb38fd-cb5c-434d-a416-d5257da8c780|10.1.0.11:15046, 0cfa5fef-e387-4d03-8755-cac648de9f82|10.1.0.11:15055]|listeners:[], old=null}
2024-07-06 11:54:07,340 [8dbb38fd-cb5c-434d-a416-d5257da8c780-groupManagement] INFO  server.RaftServer$Division (RaftServerImpl.java:setRole(376)) - 8dbb38fd-cb5c-434d-a416-d5257da8c780@group-2A9A77740CD0: changes role from      null to FOLLOWER at term 0 for startAsFollower
2024-07-06 11:54:07,340 [8dbb38fd-cb5c-434d-a416-d5257da8c780-groupManagement] INFO  impl.RoleInfo (RoleInfo.java:updateAndGet(148)) - 8dbb38fd-cb5c-434d-a416-d5257da8c780: start 8dbb38fd-cb5c-434d-a416-d5257da8c780@group-2A9A77740CD0-FollowerState
2024-07-06 11:54:07,341 [8dbb38fd-cb5c-434d-a416-d5257da8c780@group-2A9A77740CD0-FollowerState] INFO  server.RaftServerConfigKeys (ConfUtils.java:logFallback(53)) - raft.server.rpc.first-election.timeout.min = 5s (fallback to raft.server.rpc.timeout.min)
2024-07-06 11:54:07,341 [8dbb38fd-cb5c-434d-a416-d5257da8c780-groupManagement] INFO  util.JmxRegister (JmxRegister.java:tryRegister(44)) - Successfully registered JMX Bean with object name Ratis:service=RaftServer,group=group-2A9A77740CD0,id=8dbb38fd-cb5c-434d-a416-d5257da8c780
2024-07-06 11:54:07,342 [8dbb38fd-cb5c-434d-a416-d5257da8c780-groupManagement] INFO  util.JmxRegister (JmxRegister.java:register(58)) - register mxBean class org.apache.ratis.server.impl.RaftServerJmxAdapter as Ratis:service=RaftServer,group=group-2A9A77740CD0,id=8dbb38fd-cb5c-434d-a416-d5257da8c780
2024-07-06 11:54:07,342 [8dbb38fd-cb5c-434d-a416-d5257da8c780-groupManagement] INFO  server.RaftServerConfigKeys (ConfUtils.java:logGet(46)) - raft.server.snapshot.trigger-when-stop.enabled = true (default)
2024-07-06 11:54:07,343 [8dbb38fd-cb5c-434d-a416-d5257da8c780-groupManagement] INFO  server.RaftServerConfigKeys (ConfUtils.java:logGet(46)) - raft.server.snapshot.trigger-when-remove.enabled = true (default)
2024-07-06 11:54:07,343 [8dbb38fd-cb5c-434d-a416-d5257da8c780-groupManagement] INFO  server.RaftServerConfigKeys (ConfUtils.java:logGet(46)) - raft.server.snapshot.auto.trigger.enabled = true (custom)
2024-07-06 11:54:07,343 [8dbb38fd-cb5c-434d-a416-d5257da8c780-groupManagement] INFO  server.RaftServerConfigKeys (ConfUtils.java:logGet(46)) - raft.server.snapshot.auto.trigger.threshold = 10000 (custom)
2024-07-06 11:54:07,343 [8dbb38fd-cb5c-434d-a416-d5257da8c780-groupManagement] INFO  server.RaftServerConfigKeys (ConfUtils.java:logGet(46)) - raft.server.snapshot.retention.file.num = 5 (custom)
2024-07-06 11:54:07,343 [8dbb38fd-cb5c-434d-a416-d5257da8c780-groupManagement] INFO  server.RaftServerConfigKeys (ConfUtils.java:logGet(46)) - raft.server.log.purge.upto.snapshot.index = false (default)
2024-07-06 11:54:07,342 [8dbb38fd-cb5c-434d-a416-d5257da8c780@group-2A9A77740CD0-FollowerState] INFO  server.RaftServerConfigKeys (ConfUtils.java:logFallback(53)) - raft.server.rpc.first-election.timeout.max = 5200ms (fallback to raft.server.rpc.timeout.max)
2024-07-06 11:54:07,344 [8dbb38fd-cb5c-434d-a416-d5257da8c780-PipelineCommandHandlerThread-0] INFO  ratis.XceiverServerRatis (XceiverServerRatis.java:addGroup(849)) - Created group PipelineID=a4768336-efd2-46e9-8689-2a9a77740cd0
2024-07-06 11:54:07,347 [main] INFO  ozone.MiniOzoneClusterImpl (MiniOzoneClusterImpl.java:lambda$waitForClusterToBeReady$0(194)) - Nodes are ready. Got 3 of 3 DN Heartbeats.
2024-07-06 11:54:07,347 [main] INFO  ozone.MiniOzoneClusterImpl (MiniOzoneClusterImpl.java:lambda$waitForClusterToBeReady$0(197)) - Waiting for cluster to exit safe mode
2024-07-06 11:54:07,347 [main] INFO  ozone.MiniOzoneClusterImpl (MiniOzoneClusterImpl.java:lambda$waitForClusterToBeReady$0(199)) - SCM became leader
2024-07-06 11:54:07,377 [grpc-default-executor-2] INFO  server.RaftServer (RaftServerProxy.java:addNew(101)) - eb39f61f-e86a-4779-8e52-f95c095d9393: addNew group-2A9A77740CD0:[eb39f61f-e86a-4779-8e52-f95c095d9393|10.1.0.11:15064, 8dbb38fd-cb5c-434d-a416-d5257da8c780|10.1.0.11:15046, 0cfa5fef-e387-4d03-8755-cac648de9f82|10.1.0.11:15055] returns group-2A9A77740CD0:java.util.concurrent.CompletableFuture@44b7938b[Not completed]
2024-07-06 11:54:07,379 [eb39f61f-e86a-4779-8e52-f95c095d9393-groupManagement] INFO  server.RaftServer$Division (RaftServerImpl.java:<init>(253)) - eb39f61f-e86a-4779-8e52-f95c095d9393: new RaftServerImpl for group-2A9A77740CD0:[eb39f61f-e86a-4779-8e52-f95c095d9393|10.1.0.11:15064, 8dbb38fd-cb5c-434d-a416-d5257da8c780|10.1.0.11:15046, 0cfa5fef-e387-4d03-8755-cac648de9f82|10.1.0.11:15055] with ContainerStateMachine:uninitialized
2024-07-06 11:54:07,379 [eb39f61f-e86a-4779-8e52-f95c095d9393-groupManagement] INFO  server.RaftServerConfigKeys (ConfUtils.java:logGet(46)) - raft.server.rpc.timeout.min = 5s (custom)
2024-07-06 11:54:07,379 [eb39f61f-e86a-4779-8e52-f95c095d9393-groupManagement] INFO  server.RaftServerConfigKeys (ConfUtils.java:logGet(46)) - raft.server.rpc.timeout.max = 5200ms (custom)
2024-07-06 11:54:07,379 [eb39f61f-e86a-4779-8e52-f95c095d9393-groupManagement] INFO  server.RaftServerConfigKeys (ConfUtils.java:logGet(46)) - raft.server.rpc.sleep.time = 25ms (default)
2024-07-06 11:54:07,380 [eb39f61f-e86a-4779-8e52-f95c095d9393-groupManagement] INFO  server.RaftServerConfigKeys (ConfUtils.java:logGet(46)) - raft.server.rpc.slowness.timeout = 300s (custom)
2024-07-06 11:54:07,380 [eb39f61f-e86a-4779-8e52-f95c095d9393-groupManagement] INFO  server.RaftServerConfigKeys (ConfUtils.java:logGet(46)) - raft.server.leaderelection.leader.step-down.wait-time = 10s (default)
2024-07-06 11:54:07,380 [eb39f61f-e86a-4779-8e52-f95c095d9393-groupManagement] INFO  server.RaftServerConfigKeys (ConfUtils.java:logGet(46)) - raft.server.leaderelection.member.majority-add = false (default)
2024-07-06 11:54:07,380 [eb39f61f-e86a-4779-8e52-f95c095d9393-groupManagement] INFO  server.RaftServerConfigKeys (ConfUtils.java:logGet(46)) - raft.server.sleep.deviation.threshold = 300ms (default)
2024-07-06 11:54:07,381 [eb39f61f-e86a-4779-8e52-f95c095d9393-groupManagement] INFO  server.RaftServer$Division (ServerState.java:<init>(114)) - eb39f61f-e86a-4779-8e52-f95c095d9393@group-2A9A77740CD0: ConfigurationManager, init=conf: {index: -1, cur=peers:[eb39f61f-e86a-4779-8e52-f95c095d9393|10.1.0.11:15064, 8dbb38fd-cb5c-434d-a416-d5257da8c780|10.1.0.11:15046, 0cfa5fef-e387-4d03-8755-cac648de9f82|10.1.0.11:15055]|listeners:[], old=null}, confs=<EMPTY_MAP>
2024-07-06 11:54:07,381 [eb39f61f-e86a-4779-8e52-f95c095d9393-groupManagement] INFO  server.RaftServerConfigKeys (ConfUtils.java:logGet(46)) - raft.server.notification.no-leader.timeout = 300s (custom)
2024-07-06 11:54:07,381 [eb39f61f-e86a-4779-8e52-f95c095d9393-groupManagement] INFO  server.RaftServerConfigKeys (ConfUtils.java:logGet(46)) - raft.server.read.timeout = 10s (default)
2024-07-06 11:54:07,381 [eb39f61f-e86a-4779-8e52-f95c095d9393-groupManagement] INFO  server.RaftServerConfigKeys (ConfUtils.java:logGet(46)) - raft.server.retrycache.expirytime = 600000ms (custom)
2024-07-06 11:54:07,382 [eb39f61f-e86a-4779-8e52-f95c095d9393-groupManagement] INFO  server.RaftServerConfigKeys (ConfUtils.java:logGet(46)) - raft.server.retrycache.statistics.expirytime = 100ms (default)
2024-07-06 11:54:07,382 [eb39f61f-e86a-4779-8e52-f95c095d9393-groupManagement] INFO  server.RaftServerConfigKeys (ConfUtils.java:logGet(46)) - raft.server.read.option = DEFAULT (default)
2024-07-06 11:54:07,382 [eb39f61f-e86a-4779-8e52-f95c095d9393-groupManagement] INFO  server.RaftServerConfigKeys (ConfUtils.java:logGet(46)) - raft.server.read.read-after-write-consistent.write-index-cache.expiry-time = 60s (default)
2024-07-06 11:54:07,387 [eb39f61f-e86a-4779-8e52-f95c095d9393-groupManagement] INFO  server.RaftServerConfigKeys (ConfUtils.java:logGet(46)) - raft.server.rpc.request.timeout = 60s (custom)
2024-07-06 11:54:07,387 [eb39f61f-e86a-4779-8e52-f95c095d9393-groupManagement] INFO  server.RaftServerConfigKeys (ConfUtils.java:logGet(46)) - raft.server.log.appender.install.snapshot.enabled = false (custom)
2024-07-06 11:54:07,387 [eb39f61f-e86a-4779-8e52-f95c095d9393-groupManagement] INFO  server.RaftServerConfigKeys (ConfUtils.java:logGet(46)) - raft.server.threadpool.server.cached = true (default)
2024-07-06 11:54:07,387 [eb39f61f-e86a-4779-8e52-f95c095d9393-groupManagement] INFO  server.RaftServerConfigKeys (ConfUtils.java:logGet(46)) - raft.server.threadpool.server.size = 0 (default)
2024-07-06 11:54:07,387 [eb39f61f-e86a-4779-8e52-f95c095d9393-groupManagement] INFO  server.RaftServerConfigKeys (ConfUtils.java:logGet(46)) - raft.server.threadpool.client.cached = true (default)
2024-07-06 11:54:07,388 [eb39f61f-e86a-4779-8e52-f95c095d9393-groupManagement] INFO  server.RaftServerConfigKeys (ConfUtils.java:logGet(46)) - raft.server.threadpool.client.size = 0 (default)
2024-07-06 11:54:07,388 [eb39f61f-e86a-4779-8e52-f95c095d9393-groupManagement] INFO  server.RaftServerConfigKeys (ConfUtils.java:logGet(46)) - raft.server.storage.free-space.min = 0MB (=0) (default)
2024-07-06 11:54:07,388 [eb39f61f-e86a-4779-8e52-f95c095d9393-groupManagement] INFO  server.RaftServerConfigKeys (ConfUtils.java:logGet(46)) - raft.server.log.corruption.policy = EXCEPTION (default)
2024-07-06 11:54:07,388 [eb39f61f-e86a-4779-8e52-f95c095d9393-groupManagement] INFO  server.RaftServerConfigKeys (ConfUtils.java:logGet(46)) - raft.server.storage.dir = [/home/runner/work/ozone/ozone/hadoop-ozone/integration-test/target/test-dir/MiniOzoneClusterImpl-23934d72-33be-4118-bcff-1eb1b476413a/ozone-meta/datanode-3/ratis] (custom)
2024-07-06 11:54:07,389 [eb39f61f-e86a-4779-8e52-f95c095d9393-groupManagement] INFO  storage.RaftStorageDirectory (RaftStorageDirectoryImpl.java:analyzeStorage(138)) - The storage directory /home/runner/work/ozone/ozone/hadoop-ozone/integration-test/target/test-dir/MiniOzoneClusterImpl-23934d72-33be-4118-bcff-1eb1b476413a/ozone-meta/datanode-3/ratis/a4768336-efd2-46e9-8689-2a9a77740cd0 does not exist. Creating ...
2024-07-06 11:54:07,390 [eb39f61f-e86a-4779-8e52-f95c095d9393-groupManagement] INFO  storage.RaftStorageDirectory (RaftStorageDirectoryImpl.java:tryLock(229)) - Lock on /home/runner/work/ozone/ozone/hadoop-ozone/integration-test/target/test-dir/MiniOzoneClusterImpl-23934d72-33be-4118-bcff-1eb1b476413a/ozone-meta/datanode-3/ratis/a4768336-efd2-46e9-8689-2a9a77740cd0/in_use.lock acquired by nodename 98265@fv-az1041-405
2024-07-06 11:54:07,391 [eb39f61f-e86a-4779-8e52-f95c095d9393-groupManagement] INFO  storage.RaftStorage (RaftStorageImpl.java:format(98)) - Storage directory /home/runner/work/ozone/ozone/hadoop-ozone/integration-test/target/test-dir/MiniOzoneClusterImpl-23934d72-33be-4118-bcff-1eb1b476413a/ozone-meta/datanode-3/ratis/a4768336-efd2-46e9-8689-2a9a77740cd0 has been successfully formatted.
2024-07-06 11:54:07,392 [eb39f61f-e86a-4779-8e52-f95c095d9393-groupManagement] INFO  ratis.ContainerStateMachine (ContainerStateMachine.java:loadSnapshot(287)) - group-2A9A77740CD0: The snapshot info is null. Setting the last applied index to:(t:0, i:~)
2024-07-06 11:54:07,392 [eb39f61f-e86a-4779-8e52-f95c095d9393-groupManagement] INFO  server.RaftServerConfigKeys (ConfUtils.java:logGet(46)) - raft.server.log.use.memory = false (default)
2024-07-06 11:54:07,393 [eb39f61f-e86a-4779-8e52-f95c095d9393-groupManagement] INFO  server.RaftServerConfigKeys (ConfUtils.java:logGet(46)) - raft.server.log.purge.gap = 1000000 (custom)
2024-07-06 11:54:07,393 [eb39f61f-e86a-4779-8e52-f95c095d9393-groupManagement] INFO  server.RaftServerConfigKeys (ConfUtils.java:logGet(46)) - raft.server.log.appender.buffer.byte-limit = 8388608 (custom)
2024-07-06 11:54:07,394 [eb39f61f-e86a-4779-8e52-f95c095d9393-groupManagement] INFO  server.RaftServerConfigKeys (ConfUtils.java:logGet(46)) - raft.server.log.statemachine.data.read.timeout = 1000ms (default)
2024-07-06 11:54:07,394 [eb39f61f-e86a-4779-8e52-f95c095d9393-groupManagement] INFO  server.RaftServerConfigKeys (ConfUtils.java:logGet(46)) - raft.server.log.purge.preservation.log.num = 0 (default)
2024-07-06 11:54:07,397 [eb39f61f-e86a-4779-8e52-f95c095d9393-groupManagement] INFO  server.RaftServerConfigKeys (ConfUtils.java:logGet(46)) - raft.server.log.segment.size.max = 67108864 (custom)
2024-07-06 11:54:07,397 [eb39f61f-e86a-4779-8e52-f95c095d9393-groupManagement] INFO  server.RaftServerConfigKeys (ConfUtils.java:logGet(46)) - raft.server.log.segment.cache.num.max = 2 (custom)
2024-07-06 11:54:07,397 [eb39f61f-e86a-4779-8e52-f95c095d9393-groupManagement] INFO  server.RaftServerConfigKeys (ConfUtils.java:logGet(46)) - raft.server.log.segment.cache.size.max = 200MB (=209715200) (default)
2024-07-06 11:54:07,398 [eb39f61f-e86a-4779-8e52-f95c095d9393-groupManagement] INFO  server.RaftServerConfigKeys (ConfUtils.java:logGet(46)) - raft.server.log.appender.buffer.byte-limit = 8388608 (custom)
2024-07-06 11:54:07,405 [eb39f61f-e86a-4779-8e52-f95c095d9393-groupManagement] INFO  util.AwaitToRun (AwaitToRun.java:start(81)) - Thread[eb39f61f-e86a-4779-8e52-f95c095d9393@group-2A9A77740CD0-cacheEviction-AwaitToRun,5,main] started
2024-07-06 11:54:07,405 [eb39f61f-e86a-4779-8e52-f95c095d9393-groupManagement] INFO  segmented.SegmentedRaftLogWorker (SegmentedRaftLogWorker.java:<init>(184)) - new eb39f61f-e86a-4779-8e52-f95c095d9393@group-2A9A77740CD0-SegmentedRaftLogWorker for RaftStorageImpl:Storage Directory /home/runner/work/ozone/ozone/hadoop-ozone/integration-test/target/test-dir/MiniOzoneClusterImpl-23934d72-33be-4118-bcff-1eb1b476413a/ozone-meta/datanode-3/ratis/a4768336-efd2-46e9-8689-2a9a77740cd0
2024-07-06 11:54:07,405 [eb39f61f-e86a-4779-8e52-f95c095d9393-groupManagement] INFO  server.RaftServerConfigKeys (ConfUtils.java:logGet(46)) - raft.server.log.queue.byte-limit = 4294967296 (custom)
2024-07-06 11:54:07,406 [eb39f61f-e86a-4779-8e52-f95c095d9393-groupManagement] INFO  server.RaftServerConfigKeys (ConfUtils.java:logGet(46)) - raft.server.log.queue.element-limit = 1024 (custom)
2024-07-06 11:54:07,406 [eb39f61f-e86a-4779-8e52-f95c095d9393-groupManagement] INFO  server.RaftServerConfigKeys (ConfUtils.java:logGet(46)) - raft.server.log.segment.size.max = 67108864 (custom)
2024-07-06 11:54:07,406 [eb39f61f-e86a-4779-8e52-f95c095d9393-groupManagement] INFO  server.RaftServerConfigKeys (ConfUtils.java:logGet(46)) - raft.server.log.preallocated.size = 4194304 (custom)
2024-07-06 11:54:07,407 [eb39f61f-e86a-4779-8e52-f95c095d9393-groupManagement] INFO  server.RaftServerConfigKeys (ConfUtils.java:logGet(46)) - raft.server.log.force.sync.num = 128 (default)
2024-07-06 11:54:07,407 [eb39f61f-e86a-4779-8e52-f95c095d9393-groupManagement] INFO  server.RaftServerConfigKeys (ConfUtils.java:logGet(46)) - raft.server.log.statemachine.data.sync = true (default)
2024-07-06 11:54:07,407 [eb39f61f-e86a-4779-8e52-f95c095d9393-groupManagement] INFO  server.RaftServerConfigKeys (ConfUtils.java:logGet(46)) - raft.server.log.statemachine.data.sync.timeout = 10s (default)
2024-07-06 11:54:07,407 [eb39f61f-e86a-4779-8e52-f95c095d9393-groupManagement] INFO  server.RaftServerConfigKeys (ConfUtils.java:logGet(46)) - raft.server.log.statemachine.data.sync.timeout.retry = 30 (custom)
2024-07-06 11:54:07,408 [eb39f61f-e86a-4779-8e52-f95c095d9393-groupManagement] INFO  server.RaftServerConfigKeys (ConfUtils.java:logGet(46)) - raft.server.log.write.buffer.size = 8388616 (custom)
2024-07-06 11:54:07,411 [eb39f61f-e86a-4779-8e52-f95c095d9393-groupManagement] INFO  server.RaftServerConfigKeys (ConfUtils.java:logGet(46)) - raft.server.log.appender.buffer.byte-limit = 8388608 (custom)
2024-07-06 11:54:07,411 [eb39f61f-e86a-4779-8e52-f95c095d9393-groupManagement] INFO  server.RaftServerConfigKeys (ConfUtils.java:logGet(46)) - raft.server.log.unsafe-flush.enabled = false (default)
2024-07-06 11:54:07,411 [eb39f61f-e86a-4779-8e52-f95c095d9393-groupManagement] INFO  server.RaftServerConfigKeys (ConfUtils.java:logGet(46)) - raft.server.log.async-flush.enabled = false (default)
2024-07-06 11:54:07,412 [eb39f61f-e86a-4779-8e52-f95c095d9393-groupManagement] INFO  server.RaftServerConfigKeys (ConfUtils.java:logGet(46)) - raft.server.log.statemachine.data.caching.enabled = true (custom)
2024-07-06 11:54:07,413 [eb39f61f-e86a-4779-8e52-f95c095d9393-groupManagement] INFO  segmented.SegmentedRaftLogWorker (SegmentedRaftLogWorker.java:lambda$new$0(135)) - eb39f61f-e86a-4779-8e52-f95c095d9393@group-2A9A77740CD0-SegmentedRaftLogWorker: flushIndex: setUnconditionally 0 -> -1
2024-07-06 11:54:07,413 [eb39f61f-e86a-4779-8e52-f95c095d9393-groupManagement] INFO  segmented.SegmentedRaftLogWorker (SegmentedRaftLogWorker.java:lambda$new$0(135)) - eb39f61f-e86a-4779-8e52-f95c095d9393@group-2A9A77740CD0-SegmentedRaftLogWorker: safeCacheEvictIndex: setUnconditionally 0 -> -1
2024-07-06 11:54:07,413 [eb39f61f-e86a-4779-8e52-f95c095d9393-groupManagement] INFO  server.RaftServer$Division (RaftServerImpl.java:start(389)) - eb39f61f-e86a-4779-8e52-f95c095d9393@group-2A9A77740CD0: start as a follower, conf=conf: {index: -1, cur=peers:[eb39f61f-e86a-4779-8e52-f95c095d9393|10.1.0.11:15064, 8dbb38fd-cb5c-434d-a416-d5257da8c780|10.1.0.11:15046, 0cfa5fef-e387-4d03-8755-cac648de9f82|10.1.0.11:15055]|listeners:[], old=null}
2024-07-06 11:54:07,413 [eb39f61f-e86a-4779-8e52-f95c095d9393-groupManagement] INFO  server.RaftServer$Division (RaftServerImpl.java:setRole(376)) - eb39f61f-e86a-4779-8e52-f95c095d9393@group-2A9A77740CD0: changes role from      null to FOLLOWER at term 0 for startAsFollower
2024-07-06 11:54:07,414 [eb39f61f-e86a-4779-8e52-f95c095d9393-groupManagement] INFO  impl.RoleInfo (RoleInfo.java:updateAndGet(148)) - eb39f61f-e86a-4779-8e52-f95c095d9393: start eb39f61f-e86a-4779-8e52-f95c095d9393@group-2A9A77740CD0-FollowerState
2024-07-06 11:54:07,414 [eb39f61f-e86a-4779-8e52-f95c095d9393@group-2A9A77740CD0-FollowerState] INFO  server.RaftServerConfigKeys (ConfUtils.java:logFallback(53)) - raft.server.rpc.first-election.timeout.min = 5s (fallback to raft.server.rpc.timeout.min)
2024-07-06 11:54:07,414 [eb39f61f-e86a-4779-8e52-f95c095d9393-groupManagement] INFO  util.JmxRegister (JmxRegister.java:tryRegister(44)) - Successfully registered JMX Bean with object name Ratis:service=RaftServer,group=group-2A9A77740CD0,id=eb39f61f-e86a-4779-8e52-f95c095d9393
2024-07-06 11:54:07,414 [eb39f61f-e86a-4779-8e52-f95c095d9393-groupManagement] INFO  util.JmxRegister (JmxRegister.java:register(58)) - register mxBean class org.apache.ratis.server.impl.RaftServerJmxAdapter as Ratis:service=RaftServer,group=group-2A9A77740CD0,id=eb39f61f-e86a-4779-8e52-f95c095d9393
2024-07-06 11:54:07,414 [eb39f61f-e86a-4779-8e52-f95c095d9393@group-2A9A77740CD0-FollowerState] INFO  server.RaftServerConfigKeys (ConfUtils.java:logFallback(53)) - raft.server.rpc.first-election.timeout.max = 5200ms (fallback to raft.server.rpc.timeout.max)
2024-07-06 11:54:07,414 [eb39f61f-e86a-4779-8e52-f95c095d9393-groupManagement] INFO  server.RaftServerConfigKeys (ConfUtils.java:logGet(46)) - raft.server.snapshot.trigger-when-stop.enabled = true (default)
2024-07-06 11:54:07,414 [eb39f61f-e86a-4779-8e52-f95c095d9393-groupManagement] INFO  server.RaftServerConfigKeys (ConfUtils.java:logGet(46)) - raft.server.snapshot.trigger-when-remove.enabled = true (default)
2024-07-06 11:54:07,414 [eb39f61f-e86a-4779-8e52-f95c095d9393-groupManagement] INFO  server.RaftServerConfigKeys (ConfUtils.java:logGet(46)) - raft.server.snapshot.auto.trigger.enabled = true (custom)
2024-07-06 11:54:07,414 [eb39f61f-e86a-4779-8e52-f95c095d9393-groupManagement] INFO  server.RaftServerConfigKeys (ConfUtils.java:logGet(46)) - raft.server.snapshot.auto.trigger.threshold = 10000 (custom)
2024-07-06 11:54:07,414 [eb39f61f-e86a-4779-8e52-f95c095d9393-groupManagement] INFO  server.RaftServerConfigKeys (ConfUtils.java:logGet(46)) - raft.server.snapshot.retention.file.num = 5 (custom)
2024-07-06 11:54:07,414 [eb39f61f-e86a-4779-8e52-f95c095d9393-groupManagement] INFO  server.RaftServerConfigKeys (ConfUtils.java:logGet(46)) - raft.server.log.purge.upto.snapshot.index = false (default)
2024-07-06 11:54:07,426 [grpc-default-executor-2] INFO  server.RaftServer (RaftServerProxy.java:addNew(101)) - 0cfa5fef-e387-4d03-8755-cac648de9f82: addNew group-2A9A77740CD0:[eb39f61f-e86a-4779-8e52-f95c095d9393|10.1.0.11:15064, 8dbb38fd-cb5c-434d-a416-d5257da8c780|10.1.0.11:15046, 0cfa5fef-e387-4d03-8755-cac648de9f82|10.1.0.11:15055] returns group-2A9A77740CD0:java.util.concurrent.CompletableFuture@575be3d9[Not completed]
2024-07-06 11:54:07,428 [0cfa5fef-e387-4d03-8755-cac648de9f82-groupManagement] INFO  server.RaftServer$Division (RaftServerImpl.java:<init>(253)) - 0cfa5fef-e387-4d03-8755-cac648de9f82: new RaftServerImpl for group-2A9A77740CD0:[eb39f61f-e86a-4779-8e52-f95c095d9393|10.1.0.11:15064, 8dbb38fd-cb5c-434d-a416-d5257da8c780|10.1.0.11:15046, 0cfa5fef-e387-4d03-8755-cac648de9f82|10.1.0.11:15055] with ContainerStateMachine:uninitialized
2024-07-06 11:54:07,428 [0cfa5fef-e387-4d03-8755-cac648de9f82-groupManagement] INFO  server.RaftServerConfigKeys (ConfUtils.java:logGet(46)) - raft.server.rpc.timeout.min = 5s (custom)
2024-07-06 11:54:07,429 [0cfa5fef-e387-4d03-8755-cac648de9f82-groupManagement] INFO  server.RaftServerConfigKeys (ConfUtils.java:logGet(46)) - raft.server.rpc.timeout.max = 5200ms (custom)
2024-07-06 11:54:07,429 [0cfa5fef-e387-4d03-8755-cac648de9f82-groupManagement] INFO  server.RaftServerConfigKeys (ConfUtils.java:logGet(46)) - raft.server.rpc.sleep.time = 25ms (default)
2024-07-06 11:54:07,429 [0cfa5fef-e387-4d03-8755-cac648de9f82-groupManagement] INFO  server.RaftServerConfigKeys (ConfUtils.java:logGet(46)) - raft.server.rpc.slowness.timeout = 300s (custom)
2024-07-06 11:54:07,429 [0cfa5fef-e387-4d03-8755-cac648de9f82-groupManagement] INFO  server.RaftServerConfigKeys (ConfUtils.java:logGet(46)) - raft.server.leaderelection.leader.step-down.wait-time = 10s (default)
2024-07-06 11:54:07,429 [0cfa5fef-e387-4d03-8755-cac648de9f82-groupManagement] INFO  server.RaftServerConfigKeys (ConfUtils.java:logGet(46)) - raft.server.leaderelection.member.majority-add = false (default)
2024-07-06 11:54:07,430 [0cfa5fef-e387-4d03-8755-cac648de9f82-groupManagement] INFO  server.RaftServerConfigKeys (ConfUtils.java:logGet(46)) - raft.server.sleep.deviation.threshold = 300ms (default)
2024-07-06 11:54:07,430 [0cfa5fef-e387-4d03-8755-cac648de9f82-groupManagement] INFO  server.RaftServer$Division (ServerState.java:<init>(114)) - 0cfa5fef-e387-4d03-8755-cac648de9f82@group-2A9A77740CD0: ConfigurationManager, init=conf: {index: -1, cur=peers:[eb39f61f-e86a-4779-8e52-f95c095d9393|10.1.0.11:15064, 8dbb38fd-cb5c-434d-a416-d5257da8c780|10.1.0.11:15046, 0cfa5fef-e387-4d03-8755-cac648de9f82|10.1.0.11:15055]|listeners:[], old=null}, confs=<EMPTY_MAP>
2024-07-06 11:54:07,431 [0cfa5fef-e387-4d03-8755-cac648de9f82-groupManagement] INFO  server.RaftServerConfigKeys (ConfUtils.java:logGet(46)) - raft.server.notification.no-leader.timeout = 300s (custom)
2024-07-06 11:54:07,431 [0cfa5fef-e387-4d03-8755-cac648de9f82-groupManagement] INFO  server.RaftServerConfigKeys (ConfUtils.java:logGet(46)) - raft.server.read.timeout = 10s (default)
2024-07-06 11:54:07,431 [0cfa5fef-e387-4d03-8755-cac648de9f82-groupManagement] INFO  server.RaftServerConfigKeys (ConfUtils.java:logGet(46)) - raft.server.retrycache.expirytime = 600000ms (custom)
2024-07-06 11:54:07,431 [0cfa5fef-e387-4d03-8755-cac648de9f82-groupManagement] INFO  server.RaftServerConfigKeys (ConfUtils.java:logGet(46)) - raft.server.retrycache.statistics.expirytime = 100ms (default)
2024-07-06 11:54:07,432 [0cfa5fef-e387-4d03-8755-cac648de9f82-groupManagement] INFO  server.RaftServerConfigKeys (ConfUtils.java:logGet(46)) - raft.server.read.option = DEFAULT (default)
2024-07-06 11:54:07,432 [0cfa5fef-e387-4d03-8755-cac648de9f82-groupManagement] INFO  server.RaftServerConfigKeys (ConfUtils.java:logGet(46)) - raft.server.read.read-after-write-consistent.write-index-cache.expiry-time = 60s (default)
2024-07-06 11:54:07,439 [0cfa5fef-e387-4d03-8755-cac648de9f82-groupManagement] INFO  server.RaftServerConfigKeys (ConfUtils.java:logGet(46)) - raft.server.rpc.request.timeout = 60s (custom)
2024-07-06 11:54:07,439 [0cfa5fef-e387-4d03-8755-cac648de9f82-groupManagement] INFO  server.RaftServerConfigKeys (ConfUtils.java:logGet(46)) - raft.server.log.appender.install.snapshot.enabled = false (custom)
2024-07-06 11:54:07,439 [0cfa5fef-e387-4d03-8755-cac648de9f82-groupManagement] INFO  server.RaftServerConfigKeys (ConfUtils.java:logGet(46)) - raft.server.threadpool.server.cached = true (default)
2024-07-06 11:54:07,440 [0cfa5fef-e387-4d03-8755-cac648de9f82-groupManagement] INFO  server.RaftServerConfigKeys (ConfUtils.java:logGet(46)) - raft.server.threadpool.server.size = 0 (default)
2024-07-06 11:54:07,440 [0cfa5fef-e387-4d03-8755-cac648de9f82-groupManagement] INFO  server.RaftServerConfigKeys (ConfUtils.java:logGet(46)) - raft.server.threadpool.client.cached = true (default)
2024-07-06 11:54:07,440 [0cfa5fef-e387-4d03-8755-cac648de9f82-groupManagement] INFO  server.RaftServerConfigKeys (ConfUtils.java:logGet(46)) - raft.server.threadpool.client.size = 0 (default)
2024-07-06 11:54:07,441 [0cfa5fef-e387-4d03-8755-cac648de9f82-groupManagement] INFO  server.RaftServerConfigKeys (ConfUtils.java:logGet(46)) - raft.server.storage.free-space.min = 0MB (=0) (default)
2024-07-06 11:54:07,441 [0cfa5fef-e387-4d03-8755-cac648de9f82-groupManagement] INFO  server.RaftServerConfigKeys (ConfUtils.java:logGet(46)) - raft.server.log.corruption.policy = EXCEPTION (default)
2024-07-06 11:54:07,441 [0cfa5fef-e387-4d03-8755-cac648de9f82-groupManagement] INFO  server.RaftServerConfigKeys (ConfUtils.java:logGet(46)) - raft.server.storage.dir = [/home/runner/work/ozone/ozone/hadoop-ozone/integration-test/target/test-dir/MiniOzoneClusterImpl-23934d72-33be-4118-bcff-1eb1b476413a/ozone-meta/datanode-2/ratis] (custom)
2024-07-06 11:54:07,441 [0cfa5fef-e387-4d03-8755-cac648de9f82-groupManagement] INFO  storage.RaftStorageDirectory (RaftStorageDirectoryImpl.java:analyzeStorage(138)) - The storage directory /home/runner/work/ozone/ozone/hadoop-ozone/integration-test/target/test-dir/MiniOzoneClusterImpl-23934d72-33be-4118-bcff-1eb1b476413a/ozone-meta/datanode-2/ratis/a4768336-efd2-46e9-8689-2a9a77740cd0 does not exist. Creating ...
2024-07-06 11:54:07,442 [0cfa5fef-e387-4d03-8755-cac648de9f82-groupManagement] INFO  storage.RaftStorageDirectory (RaftStorageDirectoryImpl.java:tryLock(229)) - Lock on /home/runner/work/ozone/ozone/hadoop-ozone/integration-test/target/test-dir/MiniOzoneClusterImpl-23934d72-33be-4118-bcff-1eb1b476413a/ozone-meta/datanode-2/ratis/a4768336-efd2-46e9-8689-2a9a77740cd0/in_use.lock acquired by nodename 98265@fv-az1041-405
2024-07-06 11:54:07,443 [0cfa5fef-e387-4d03-8755-cac648de9f82-groupManagement] INFO  storage.RaftStorage (RaftStorageImpl.java:format(98)) - Storage directory /home/runner/work/ozone/ozone/hadoop-ozone/integration-test/target/test-dir/MiniOzoneClusterImpl-23934d72-33be-4118-bcff-1eb1b476413a/ozone-meta/datanode-2/ratis/a4768336-efd2-46e9-8689-2a9a77740cd0 has been successfully formatted.
2024-07-06 11:54:07,443 [0cfa5fef-e387-4d03-8755-cac648de9f82-groupManagement] INFO  ratis.ContainerStateMachine (ContainerStateMachine.java:loadSnapshot(287)) - group-2A9A77740CD0: The snapshot info is null. Setting the last applied index to:(t:0, i:~)
2024-07-06 11:54:07,443 [0cfa5fef-e387-4d03-8755-cac648de9f82-groupManagement] INFO  server.RaftServerConfigKeys (ConfUtils.java:logGet(46)) - raft.server.log.use.memory = false (default)
2024-07-06 11:54:07,443 [0cfa5fef-e387-4d03-8755-cac648de9f82-groupManagement] INFO  server.RaftServerConfigKeys (ConfUtils.java:logGet(46)) - raft.server.log.purge.gap = 1000000 (custom)
2024-07-06 11:54:07,443 [0cfa5fef-e387-4d03-8755-cac648de9f82-groupManagement] INFO  server.RaftServerConfigKeys (ConfUtils.java:logGet(46)) - raft.server.log.appender.buffer.byte-limit = 8388608 (custom)
2024-07-06 11:54:07,444 [0cfa5fef-e387-4d03-8755-cac648de9f82-groupManagement] INFO  server.RaftServerConfigKeys (ConfUtils.java:logGet(46)) - raft.server.log.statemachine.data.read.timeout = 1000ms (default)
2024-07-06 11:54:07,444 [0cfa5fef-e387-4d03-8755-cac648de9f82-groupManagement] INFO  server.RaftServerConfigKeys (ConfUtils.java:logGet(46)) - raft.server.log.purge.preservation.log.num = 0 (default)
2024-07-06 11:54:07,446 [0cfa5fef-e387-4d03-8755-cac648de9f82-groupManagement] INFO  server.RaftServerConfigKeys (ConfUtils.java:logGet(46)) - raft.server.log.segment.size.max = 67108864 (custom)
2024-07-06 11:54:07,447 [0cfa5fef-e387-4d03-8755-cac648de9f82-groupManagement] INFO  server.RaftServerConfigKeys (ConfUtils.java:logGet(46)) - raft.server.log.segment.cache.num.max = 2 (custom)
2024-07-06 11:54:07,447 [0cfa5fef-e387-4d03-8755-cac648de9f82-groupManagement] INFO  server.RaftServerConfigKeys (ConfUtils.java:logGet(46)) - raft.server.log.segment.cache.size.max = 200MB (=209715200) (default)
2024-07-06 11:54:07,447 [0cfa5fef-e387-4d03-8755-cac648de9f82-groupManagement] INFO  server.RaftServerConfigKeys (ConfUtils.java:logGet(46)) - raft.server.log.appender.buffer.byte-limit = 8388608 (custom)
2024-07-06 11:54:07,447 [0cfa5fef-e387-4d03-8755-cac648de9f82-groupManagement] INFO  util.AwaitToRun (AwaitToRun.java:start(81)) - Thread[0cfa5fef-e387-4d03-8755-cac648de9f82@group-2A9A77740CD0-cacheEviction-AwaitToRun,5,main] started
2024-07-06 11:54:07,447 [0cfa5fef-e387-4d03-8755-cac648de9f82-groupManagement] INFO  segmented.SegmentedRaftLogWorker (SegmentedRaftLogWorker.java:<init>(184)) - new 0cfa5fef-e387-4d03-8755-cac648de9f82@group-2A9A77740CD0-SegmentedRaftLogWorker for RaftStorageImpl:Storage Directory /home/runner/work/ozone/ozone/hadoop-ozone/integration-test/target/test-dir/MiniOzoneClusterImpl-23934d72-33be-4118-bcff-1eb1b476413a/ozone-meta/datanode-2/ratis/a4768336-efd2-46e9-8689-2a9a77740cd0
2024-07-06 11:54:07,447 [0cfa5fef-e387-4d03-8755-cac648de9f82-groupManagement] INFO  server.RaftServerConfigKeys (ConfUtils.java:logGet(46)) - raft.server.log.queue.byte-limit = 4294967296 (custom)
2024-07-06 11:54:07,447 [0cfa5fef-e387-4d03-8755-cac648de9f82-groupManagement] INFO  server.RaftServerConfigKeys (ConfUtils.java:logGet(46)) - raft.server.log.queue.element-limit = 1024 (custom)
2024-07-06 11:54:07,447 [0cfa5fef-e387-4d03-8755-cac648de9f82-groupManagement] INFO  server.RaftServerConfigKeys (ConfUtils.java:logGet(46)) - raft.server.log.segment.size.max = 67108864 (custom)
2024-07-06 11:54:07,447 [0cfa5fef-e387-4d03-8755-cac648de9f82-groupManagement] INFO  server.RaftServerConfigKeys (ConfUtils.java:logGet(46)) - raft.server.log.preallocated.size = 4194304 (custom)
2024-07-06 11:54:07,447 [0cfa5fef-e387-4d03-8755-cac648de9f82-groupManagement] INFO  server.RaftServerConfigKeys (ConfUtils.java:logGet(46)) - raft.server.log.force.sync.num = 128 (default)
2024-07-06 11:54:07,448 [0cfa5fef-e387-4d03-8755-cac648de9f82-groupManagement] INFO  server.RaftServerConfigKeys (ConfUtils.java:logGet(46)) - raft.server.log.statemachine.data.sync = true (default)
2024-07-06 11:54:07,448 [0cfa5fef-e387-4d03-8755-cac648de9f82-groupManagement] INFO  server.RaftServerConfigKeys (ConfUtils.java:logGet(46)) - raft.server.log.statemachine.data.sync.timeout = 10s (default)
2024-07-06 11:54:07,448 [0cfa5fef-e387-4d03-8755-cac648de9f82-groupManagement] INFO  server.RaftServerConfigKeys (ConfUtils.java:logGet(46)) - raft.server.log.statemachine.data.sync.timeout.retry = 30 (custom)
2024-07-06 11:54:07,448 [0cfa5fef-e387-4d03-8755-cac648de9f82-groupManagement] INFO  server.RaftServerConfigKeys (ConfUtils.java:logGet(46)) - raft.server.log.write.buffer.size = 8388616 (custom)
2024-07-06 11:54:07,450 [0cfa5fef-e387-4d03-8755-cac648de9f82-groupManagement] INFO  server.RaftServerConfigKeys (ConfUtils.java:logGet(46)) - raft.server.log.appender.buffer.byte-limit = 8388608 (custom)
2024-07-06 11:54:07,450 [0cfa5fef-e387-4d03-8755-cac648de9f82-groupManagement] INFO  server.RaftServerConfigKeys (ConfUtils.java:logGet(46)) - raft.server.log.unsafe-flush.enabled = false (default)
2024-07-06 11:54:07,450 [0cfa5fef-e387-4d03-8755-cac648de9f82-groupManagement] INFO  server.RaftServerConfigKeys (ConfUtils.java:logGet(46)) - raft.server.log.async-flush.enabled = false (default)
2024-07-06 11:54:07,450 [0cfa5fef-e387-4d03-8755-cac648de9f82-groupManagement] INFO  server.RaftServerConfigKeys (ConfUtils.java:logGet(46)) - raft.server.log.statemachine.data.caching.enabled = true (custom)
2024-07-06 11:54:07,450 [0cfa5fef-e387-4d03-8755-cac648de9f82-groupManagement] INFO  segmented.SegmentedRaftLogWorker (SegmentedRaftLogWorker.java:lambda$new$0(135)) - 0cfa5fef-e387-4d03-8755-cac648de9f82@group-2A9A77740CD0-SegmentedRaftLogWorker: flushIndex: setUnconditionally 0 -> -1
2024-07-06 11:54:07,450 [0cfa5fef-e387-4d03-8755-cac648de9f82-groupManagement] INFO  segmented.SegmentedRaftLogWorker (SegmentedRaftLogWorker.java:lambda$new$0(135)) - 0cfa5fef-e387-4d03-8755-cac648de9f82@group-2A9A77740CD0-SegmentedRaftLogWorker: safeCacheEvictIndex: setUnconditionally 0 -> -1
2024-07-06 11:54:07,450 [0cfa5fef-e387-4d03-8755-cac648de9f82-groupManagement] INFO  server.RaftServer$Division (RaftServerImpl.java:start(389)) - 0cfa5fef-e387-4d03-8755-cac648de9f82@group-2A9A77740CD0: start as a follower, conf=conf: {index: -1, cur=peers:[eb39f61f-e86a-4779-8e52-f95c095d9393|10.1.0.11:15064, 8dbb38fd-cb5c-434d-a416-d5257da8c780|10.1.0.11:15046, 0cfa5fef-e387-4d03-8755-cac648de9f82|10.1.0.11:15055]|listeners:[], old=null}
2024-07-06 11:54:07,450 [0cfa5fef-e387-4d03-8755-cac648de9f82-groupManagement] INFO  server.RaftServer$Division (RaftServerImpl.java:setRole(376)) - 0cfa5fef-e387-4d03-8755-cac648de9f82@group-2A9A77740CD0: changes role from      null to FOLLOWER at term 0 for startAsFollower
2024-07-06 11:54:07,450 [0cfa5fef-e387-4d03-8755-cac648de9f82-groupManagement] INFO  impl.RoleInfo (RoleInfo.java:updateAndGet(148)) - 0cfa5fef-e387-4d03-8755-cac648de9f82: start 0cfa5fef-e387-4d03-8755-cac648de9f82@group-2A9A77740CD0-FollowerState
2024-07-06 11:54:07,451 [0cfa5fef-e387-4d03-8755-cac648de9f82-groupManagement] INFO  util.JmxRegister (JmxRegister.java:tryRegister(44)) - Successfully registered JMX Bean with object name Ratis:service=RaftServer,group=group-2A9A77740CD0,id=0cfa5fef-e387-4d03-8755-cac648de9f82
2024-07-06 11:54:07,451 [0cfa5fef-e387-4d03-8755-cac648de9f82-groupManagement] INFO  util.JmxRegister (JmxRegister.java:register(58)) - register mxBean class org.apache.ratis.server.impl.RaftServerJmxAdapter as Ratis:service=RaftServer,group=group-2A9A77740CD0,id=0cfa5fef-e387-4d03-8755-cac648de9f82
2024-07-06 11:54:07,451 [0cfa5fef-e387-4d03-8755-cac648de9f82-groupManagement] INFO  server.RaftServerConfigKeys (ConfUtils.java:logGet(46)) - raft.server.snapshot.trigger-when-stop.enabled = true (default)
2024-07-06 11:54:07,451 [0cfa5fef-e387-4d03-8755-cac648de9f82-groupManagement] INFO  server.RaftServerConfigKeys (ConfUtils.java:logGet(46)) - raft.server.snapshot.trigger-when-remove.enabled = true (default)
2024-07-06 11:54:07,451 [0cfa5fef-e387-4d03-8755-cac648de9f82-groupManagement] INFO  server.RaftServerConfigKeys (ConfUtils.java:logGet(46)) - raft.server.snapshot.auto.trigger.enabled = true (custom)
2024-07-06 11:54:07,451 [0cfa5fef-e387-4d03-8755-cac648de9f82-groupManagement] INFO  server.RaftServerConfigKeys (ConfUtils.java:logGet(46)) - raft.server.snapshot.auto.trigger.threshold = 10000 (custom)
2024-07-06 11:54:07,451 [0cfa5fef-e387-4d03-8755-cac648de9f82-groupManagement] INFO  server.RaftServerConfigKeys (ConfUtils.java:logGet(46)) - raft.server.snapshot.retention.file.num = 5 (custom)
2024-07-06 11:54:07,451 [0cfa5fef-e387-4d03-8755-cac648de9f82-groupManagement] INFO  server.RaftServerConfigKeys (ConfUtils.java:logGet(46)) - raft.server.log.purge.upto.snapshot.index = false (default)
2024-07-06 11:54:07,452 [0cfa5fef-e387-4d03-8755-cac648de9f82@group-2A9A77740CD0-FollowerState] INFO  server.RaftServerConfigKeys (ConfUtils.java:logFallback(53)) - raft.server.rpc.first-election.timeout.min = 5s (fallback to raft.server.rpc.timeout.min)
2024-07-06 11:54:07,452 [0cfa5fef-e387-4d03-8755-cac648de9f82@group-2A9A77740CD0-FollowerState] INFO  server.RaftServerConfigKeys (ConfUtils.java:logFallback(53)) - raft.server.rpc.first-election.timeout.max = 5200ms (fallback to raft.server.rpc.timeout.max)
2024-07-06 11:54:07,455 [8dbb38fd-cb5c-434d-a416-d5257da8c780-PipelineCommandHandlerThread-0] INFO  commandhandler.CreatePipelineCommandHandler (CreatePipelineCommandHandler.java:lambda$handle$2(124)) - Created Pipeline RATIS THREE PipelineID=a4768336-efd2-46e9-8689-2a9a77740cd0.
2024-07-06 11:54:07,456 [8dbb38fd-cb5c-434d-a416-d5257da8c780-groupManagement] INFO  server.RaftServer$Division (RaftServerImpl.java:<init>(253)) - 8dbb38fd-cb5c-434d-a416-d5257da8c780: new RaftServerImpl for group-8990BC0FEF12:[eb39f61f-e86a-4779-8e52-f95c095d9393|10.1.0.11:15064, 8dbb38fd-cb5c-434d-a416-d5257da8c780|10.1.0.11:15046, 0cfa5fef-e387-4d03-8755-cac648de9f82|10.1.0.11:15055] with ContainerStateMachine:uninitialized
2024-07-06 11:54:07,457 [8dbb38fd-cb5c-434d-a416-d5257da8c780-groupManagement] INFO  server.RaftServerConfigKeys (ConfUtils.java:logGet(46)) - raft.server.rpc.timeout.min = 5s (custom)
2024-07-06 11:54:07,457 [8dbb38fd-cb5c-434d-a416-d5257da8c780-groupManagement] INFO  server.RaftServerConfigKeys (ConfUtils.java:logGet(46)) - raft.server.rpc.timeout.max = 5200ms (custom)
2024-07-06 11:54:07,457 [8dbb38fd-cb5c-434d-a416-d5257da8c780-groupManagement] INFO  server.RaftServerConfigKeys (ConfUtils.java:logGet(46)) - raft.server.rpc.sleep.time = 25ms (default)
2024-07-06 11:54:07,457 [8dbb38fd-cb5c-434d-a416-d5257da8c780-groupManagement] INFO  server.RaftServerConfigKeys (ConfUtils.java:logGet(46)) - raft.server.rpc.slowness.timeout = 300s (custom)
2024-07-06 11:54:07,457 [8dbb38fd-cb5c-434d-a416-d5257da8c780-groupManagement] INFO  server.RaftServerConfigKeys (ConfUtils.java:logGet(46)) - raft.server.leaderelection.leader.step-down.wait-time = 10s (default)
2024-07-06 11:54:07,457 [8dbb38fd-cb5c-434d-a416-d5257da8c780-groupManagement] INFO  server.RaftServerConfigKeys (ConfUtils.java:logGet(46)) - raft.server.leaderelection.member.majority-add = false (default)
2024-07-06 11:54:07,457 [8dbb38fd-cb5c-434d-a416-d5257da8c780-groupManagement] INFO  server.RaftServerConfigKeys (ConfUtils.java:logGet(46)) - raft.server.sleep.deviation.threshold = 300ms (default)
2024-07-06 11:54:07,457 [8dbb38fd-cb5c-434d-a416-d5257da8c780-groupManagement] INFO  server.RaftServer$Division (ServerState.java:<init>(114)) - 8dbb38fd-cb5c-434d-a416-d5257da8c780@group-8990BC0FEF12: ConfigurationManager, init=conf: {index: -1, cur=peers:[eb39f61f-e86a-4779-8e52-f95c095d9393|10.1.0.11:15064, 8dbb38fd-cb5c-434d-a416-d5257da8c780|10.1.0.11:15046, 0cfa5fef-e387-4d03-8755-cac648de9f82|10.1.0.11:15055]|listeners:[], old=null}, confs=<EMPTY_MAP>
2024-07-06 11:54:07,457 [8dbb38fd-cb5c-434d-a416-d5257da8c780-groupManagement] INFO  server.RaftServerConfigKeys (ConfUtils.java:logGet(46)) - raft.server.notification.no-leader.timeout = 300s (custom)
2024-07-06 11:54:07,457 [8dbb38fd-cb5c-434d-a416-d5257da8c780-groupManagement] INFO  server.RaftServerConfigKeys (ConfUtils.java:logGet(46)) - raft.server.read.timeout = 10s (default)
2024-07-06 11:54:07,457 [8dbb38fd-cb5c-434d-a416-d5257da8c780-groupManagement] INFO  server.RaftServerConfigKeys (ConfUtils.java:logGet(46)) - raft.server.retrycache.expirytime = 600000ms (custom)
2024-07-06 11:54:07,457 [8dbb38fd-cb5c-434d-a416-d5257da8c780-groupManagement] INFO  server.RaftServerConfigKeys (ConfUtils.java:logGet(46)) - raft.server.retrycache.statistics.expirytime = 100ms (default)
2024-07-06 11:54:07,457 [8dbb38fd-cb5c-434d-a416-d5257da8c780-groupManagement] INFO  server.RaftServerConfigKeys (ConfUtils.java:logGet(46)) - raft.server.read.option = DEFAULT (default)
2024-07-06 11:54:07,457 [8dbb38fd-cb5c-434d-a416-d5257da8c780-groupManagement] INFO  server.RaftServerConfigKeys (ConfUtils.java:logGet(46)) - raft.server.read.read-after-write-consistent.write-index-cache.expiry-time = 60s (default)
2024-07-06 11:54:07,460 [8dbb38fd-cb5c-434d-a416-d5257da8c780-groupManagement] INFO  server.RaftServerConfigKeys (ConfUtils.java:logGet(46)) - raft.server.rpc.request.timeout = 60s (custom)
2024-07-06 11:54:07,460 [8dbb38fd-cb5c-434d-a416-d5257da8c780-groupManagement] INFO  server.RaftServerConfigKeys (ConfUtils.java:logGet(46)) - raft.server.log.appender.install.snapshot.enabled = false (custom)
2024-07-06 11:54:07,460 [8dbb38fd-cb5c-434d-a416-d5257da8c780-groupManagement] INFO  server.RaftServerConfigKeys (ConfUtils.java:logGet(46)) - raft.server.threadpool.server.cached = true (default)
2024-07-06 11:54:07,460 [8dbb38fd-cb5c-434d-a416-d5257da8c780-groupManagement] INFO  server.RaftServerConfigKeys (ConfUtils.java:logGet(46)) - raft.server.threadpool.server.size = 0 (default)
2024-07-06 11:54:07,460 [8dbb38fd-cb5c-434d-a416-d5257da8c780-groupManagement] INFO  server.RaftServerConfigKeys (ConfUtils.java:logGet(46)) - raft.server.threadpool.client.cached = true (default)
2024-07-06 11:54:07,461 [8dbb38fd-cb5c-434d-a416-d5257da8c780-groupManagement] INFO  server.RaftServerConfigKeys (ConfUtils.java:logGet(46)) - raft.server.threadpool.client.size = 0 (default)
2024-07-06 11:54:07,461 [8dbb38fd-cb5c-434d-a416-d5257da8c780-PipelineCommandHandlerThread-0] INFO  server.RaftServer (RaftServerProxy.java:addNew(101)) - 8dbb38fd-cb5c-434d-a416-d5257da8c780: addNew group-8990BC0FEF12:[eb39f61f-e86a-4779-8e52-f95c095d9393|10.1.0.11:15064, 8dbb38fd-cb5c-434d-a416-d5257da8c780|10.1.0.11:15046, 0cfa5fef-e387-4d03-8755-cac648de9f82|10.1.0.11:15055] returns      null 8dbb38fd-cb5c-434d-a416-d5257da8c780@group-8990BC0FEF12:t0, leader=null, voted=null, raftlog=UNINITIALIZED, conf=conf: {index: -1, cur=peers:[eb39f61f-e86a-4779-8e52-f95c095d9393|10.1.0.11:15064, 8dbb38fd-cb5c-434d-a416-d5257da8c780|10.1.0.11:15046, 0cfa5fef-e387-4d03-8755-cac648de9f82|10.1.0.11:15055]|listeners:[], old=null} NEW
2024-07-06 11:54:07,461 [8dbb38fd-cb5c-434d-a416-d5257da8c780-groupManagement] INFO  server.RaftServerConfigKeys (ConfUtils.java:logGet(46)) - raft.server.storage.free-space.min = 0MB (=0) (default)
2024-07-06 11:54:07,461 [8dbb38fd-cb5c-434d-a416-d5257da8c780-groupManagement] INFO  server.RaftServerConfigKeys (ConfUtils.java:logGet(46)) - raft.server.log.corruption.policy = EXCEPTION (default)
2024-07-06 11:54:07,461 [8dbb38fd-cb5c-434d-a416-d5257da8c780-groupManagement] INFO  server.RaftServerConfigKeys (ConfUtils.java:logGet(46)) - raft.server.storage.dir = [/home/runner/work/ozone/ozone/hadoop-ozone/integration-test/target/test-dir/MiniOzoneClusterImpl-23934d72-33be-4118-bcff-1eb1b476413a/ozone-meta/datanode-1/ratis] (custom)
2024-07-06 11:54:07,461 [8dbb38fd-cb5c-434d-a416-d5257da8c780-groupManagement] INFO  storage.RaftStorageDirectory (RaftStorageDirectoryImpl.java:analyzeStorage(138)) - The storage directory /home/runner/work/ozone/ozone/hadoop-ozone/integration-test/target/test-dir/MiniOzoneClusterImpl-23934d72-33be-4118-bcff-1eb1b476413a/ozone-meta/datanode-1/ratis/fb964329-130e-47bc-8661-8990bc0fef12 does not exist. Creating ...
2024-07-06 11:54:07,462 [8dbb38fd-cb5c-434d-a416-d5257da8c780-groupManagement] INFO  storage.RaftStorageDirectory (RaftStorageDirectoryImpl.java:tryLock(229)) - Lock on /home/runner/work/ozone/ozone/hadoop-ozone/integration-test/target/test-dir/MiniOzoneClusterImpl-23934d72-33be-4118-bcff-1eb1b476413a/ozone-meta/datanode-1/ratis/fb964329-130e-47bc-8661-8990bc0fef12/in_use.lock acquired by nodename 98265@fv-az1041-405
2024-07-06 11:54:07,463 [8dbb38fd-cb5c-434d-a416-d5257da8c780-groupManagement] INFO  storage.RaftStorage (RaftStorageImpl.java:format(98)) - Storage directory /home/runner/work/ozone/ozone/hadoop-ozone/integration-test/target/test-dir/MiniOzoneClusterImpl-23934d72-33be-4118-bcff-1eb1b476413a/ozone-meta/datanode-1/ratis/fb964329-130e-47bc-8661-8990bc0fef12 has been successfully formatted.
2024-07-06 11:54:07,464 [8dbb38fd-cb5c-434d-a416-d5257da8c780-groupManagement] INFO  ratis.ContainerStateMachine (ContainerStateMachine.java:loadSnapshot(287)) - group-8990BC0FEF12: The snapshot info is null. Setting the last applied index to:(t:0, i:~)
2024-07-06 11:54:07,464 [8dbb38fd-cb5c-434d-a416-d5257da8c780-groupManagement] INFO  server.RaftServerConfigKeys (ConfUtils.java:logGet(46)) - raft.server.log.use.memory = false (default)
2024-07-06 11:54:07,464 [8dbb38fd-cb5c-434d-a416-d5257da8c780-groupManagement] INFO  server.RaftServerConfigKeys (ConfUtils.java:logGet(46)) - raft.server.log.purge.gap = 1000000 (custom)
2024-07-06 11:54:07,464 [8dbb38fd-cb5c-434d-a416-d5257da8c780-groupManagement] INFO  server.RaftServerConfigKeys (ConfUtils.java:logGet(46)) - raft.server.log.appender.buffer.byte-limit = 8388608 (custom)
2024-07-06 11:54:07,466 [scmNode-3-EventQueue-OpenPipelineForHealthyPipelineSafeModeRule] INFO  safemode.SCMSafeModeManager (HealthyPipelineSafeModeRule.java:process(140)) - SCM in safe mode. Healthy pipelines reported count is 0, required healthy pipeline reported count is 1
2024-07-06 11:54:07,466 [scmNode-1-EventQueue-OpenPipelineForHealthyPipelineSafeModeRule] INFO  safemode.SCMSafeModeManager (HealthyPipelineSafeModeRule.java:process(140)) - SCM in safe mode. Healthy pipelines reported count is 0, required healthy pipeline reported count is 1
2024-07-06 11:54:07,465 [scmNode-2-EventQueue-OpenPipelineForHealthyPipelineSafeModeRule] INFO  safemode.SCMSafeModeManager (HealthyPipelineSafeModeRule.java:process(140)) - SCM in safe mode. Healthy pipelines reported count is 0, required healthy pipeline reported count is 1
2024-07-06 11:54:07,466 [8dbb38fd-cb5c-434d-a416-d5257da8c780-groupManagement] INFO  server.RaftServerConfigKeys (ConfUtils.java:logGet(46)) - raft.server.log.statemachine.data.read.timeout = 1000ms (default)
2024-07-06 11:54:07,466 [8dbb38fd-cb5c-434d-a416-d5257da8c780-groupManagement] INFO  server.RaftServerConfigKeys (ConfUtils.java:logGet(46)) - raft.server.log.purge.preservation.log.num = 0 (default)
2024-07-06 11:54:07,469 [8dbb38fd-cb5c-434d-a416-d5257da8c780-groupManagement] INFO  server.RaftServerConfigKeys (ConfUtils.java:logGet(46)) - raft.server.log.segment.size.max = 67108864 (custom)
2024-07-06 11:54:07,469 [8dbb38fd-cb5c-434d-a416-d5257da8c780-groupManagement] INFO  server.RaftServerConfigKeys (ConfUtils.java:logGet(46)) - raft.server.log.segment.cache.num.max = 2 (custom)
2024-07-06 11:54:07,469 [8dbb38fd-cb5c-434d-a416-d5257da8c780-groupManagement] INFO  server.RaftServerConfigKeys (ConfUtils.java:logGet(46)) - raft.server.log.segment.cache.size.max = 200MB (=209715200) (default)
2024-07-06 11:54:07,469 [8dbb38fd-cb5c-434d-a416-d5257da8c780-groupManagement] INFO  server.RaftServerConfigKeys (ConfUtils.java:logGet(46)) - raft.server.log.appender.buffer.byte-limit = 8388608 (custom)
2024-07-06 11:54:07,469 [8dbb38fd-cb5c-434d-a416-d5257da8c780-groupManagement] INFO  util.AwaitToRun (AwaitToRun.java:start(81)) - Thread[8dbb38fd-cb5c-434d-a416-d5257da8c780@group-8990BC0FEF12-cacheEviction-AwaitToRun,5,main] started
2024-07-06 11:54:07,469 [8dbb38fd-cb5c-434d-a416-d5257da8c780-groupManagement] INFO  segmented.SegmentedRaftLogWorker (SegmentedRaftLogWorker.java:<init>(184)) - new 8dbb38fd-cb5c-434d-a416-d5257da8c780@group-8990BC0FEF12-SegmentedRaftLogWorker for RaftStorageImpl:Storage Directory /home/runner/work/ozone/ozone/hadoop-ozone/integration-test/target/test-dir/MiniOzoneClusterImpl-23934d72-33be-4118-bcff-1eb1b476413a/ozone-meta/datanode-1/ratis/fb964329-130e-47bc-8661-8990bc0fef12
2024-07-06 11:54:07,469 [8dbb38fd-cb5c-434d-a416-d5257da8c780-groupManagement] INFO  server.RaftServerConfigKeys (ConfUtils.java:logGet(46)) - raft.server.log.queue.byte-limit = 4294967296 (custom)
2024-07-06 11:54:07,470 [8dbb38fd-cb5c-434d-a416-d5257da8c780-groupManagement] INFO  server.RaftServerConfigKeys (ConfUtils.java:logGet(46)) - raft.server.log.queue.element-limit = 1024 (custom)
2024-07-06 11:54:07,470 [8dbb38fd-cb5c-434d-a416-d5257da8c780-groupManagement] INFO  server.RaftServerConfigKeys (ConfUtils.java:logGet(46)) - raft.server.log.segment.size.max = 67108864 (custom)
2024-07-06 11:54:07,470 [8dbb38fd-cb5c-434d-a416-d5257da8c780-groupManagement] INFO  server.RaftServerConfigKeys (ConfUtils.java:logGet(46)) - raft.server.log.preallocated.size = 4194304 (custom)
2024-07-06 11:54:07,470 [8dbb38fd-cb5c-434d-a416-d5257da8c780-groupManagement] INFO  server.RaftServerConfigKeys (ConfUtils.java:logGet(46)) - raft.server.log.force.sync.num = 128 (default)
2024-07-06 11:54:07,470 [8dbb38fd-cb5c-434d-a416-d5257da8c780-groupManagement] INFO  server.RaftServerConfigKeys (ConfUtils.java:logGet(46)) - raft.server.log.statemachine.data.sync = true (default)
2024-07-06 11:54:07,470 [8dbb38fd-cb5c-434d-a416-d5257da8c780-groupManagement] INFO  server.RaftServerConfigKeys (ConfUtils.java:logGet(46)) - raft.server.log.statemachine.data.sync.timeout = 10s (default)
2024-07-06 11:54:07,470 [8dbb38fd-cb5c-434d-a416-d5257da8c780-groupManagement] INFO  server.RaftServerConfigKeys (ConfUtils.java:logGet(46)) - raft.server.log.statemachine.data.sync.timeout.retry = 30 (custom)
2024-07-06 11:54:07,470 [8dbb38fd-cb5c-434d-a416-d5257da8c780-groupManagement] INFO  server.RaftServerConfigKeys (ConfUtils.java:logGet(46)) - raft.server.log.write.buffer.size = 8388616 (custom)
2024-07-06 11:54:07,471 [8dbb38fd-cb5c-434d-a416-d5257da8c780-groupManagement] INFO  server.RaftServerConfigKeys (ConfUtils.java:logGet(46)) - raft.server.log.appender.buffer.byte-limit = 8388608 (custom)
2024-07-06 11:54:07,471 [8dbb38fd-cb5c-434d-a416-d5257da8c780-groupManagement] INFO  server.RaftServerConfigKeys (ConfUtils.java:logGet(46)) - raft.server.log.unsafe-flush.enabled = false (default)
2024-07-06 11:54:07,471 [8dbb38fd-cb5c-434d-a416-d5257da8c780-groupManagement] INFO  server.RaftServerConfigKeys (ConfUtils.java:logGet(46)) - raft.server.log.async-flush.enabled = false (default)
2024-07-06 11:54:07,471 [8dbb38fd-cb5c-434d-a416-d5257da8c780-groupManagement] INFO  server.RaftServerConfigKeys (ConfUtils.java:logGet(46)) - raft.server.log.statemachine.data.caching.enabled = true (custom)
2024-07-06 11:54:07,472 [8dbb38fd-cb5c-434d-a416-d5257da8c780-groupManagement] INFO  segmented.SegmentedRaftLogWorker (SegmentedRaftLogWorker.java:lambda$new$0(135)) - 8dbb38fd-cb5c-434d-a416-d5257da8c780@group-8990BC0FEF12-SegmentedRaftLogWorker: flushIndex: setUnconditionally 0 -> -1
2024-07-06 11:54:07,472 [8dbb38fd-cb5c-434d-a416-d5257da8c780-groupManagement] INFO  segmented.SegmentedRaftLogWorker (SegmentedRaftLogWorker.java:lambda$new$0(135)) - 8dbb38fd-cb5c-434d-a416-d5257da8c780@group-8990BC0FEF12-SegmentedRaftLogWorker: safeCacheEvictIndex: setUnconditionally 0 -> -1
2024-07-06 11:54:07,476 [8dbb38fd-cb5c-434d-a416-d5257da8c780-groupManagement] INFO  server.RaftServer$Division (RaftServerImpl.java:start(389)) - 8dbb38fd-cb5c-434d-a416-d5257da8c780@group-8990BC0FEF12: start as a follower, conf=conf: {index: -1, cur=peers:[eb39f61f-e86a-4779-8e52-f95c095d9393|10.1.0.11:15064, 8dbb38fd-cb5c-434d-a416-d5257da8c780|10.1.0.11:15046, 0cfa5fef-e387-4d03-8755-cac648de9f82|10.1.0.11:15055]|listeners:[], old=null}
2024-07-06 11:54:07,476 [8dbb38fd-cb5c-434d-a416-d5257da8c780-groupManagement] INFO  server.RaftServer$Division (RaftServerImpl.java:setRole(376)) - 8dbb38fd-cb5c-434d-a416-d5257da8c780@group-8990BC0FEF12: changes role from      null to FOLLOWER at term 0 for startAsFollower
2024-07-06 11:54:07,476 [8dbb38fd-cb5c-434d-a416-d5257da8c780-groupManagement] INFO  impl.RoleInfo (RoleInfo.java:updateAndGet(148)) - 8dbb38fd-cb5c-434d-a416-d5257da8c780: start 8dbb38fd-cb5c-434d-a416-d5257da8c780@group-8990BC0FEF12-FollowerState
2024-07-06 11:54:07,476 [8dbb38fd-cb5c-434d-a416-d5257da8c780@group-8990BC0FEF12-FollowerState] INFO  server.RaftServerConfigKeys (ConfUtils.java:logFallback(53)) - raft.server.rpc.first-election.timeout.min = 5s (fallback to raft.server.rpc.timeout.min)
2024-07-06 11:54:07,476 [8dbb38fd-cb5c-434d-a416-d5257da8c780-groupManagement] INFO  util.JmxRegister (JmxRegister.java:tryRegister(44)) - Successfully registered JMX Bean with object name Ratis:service=RaftServer,group=group-8990BC0FEF12,id=8dbb38fd-cb5c-434d-a416-d5257da8c780
2024-07-06 11:54:07,476 [8dbb38fd-cb5c-434d-a416-d5257da8c780-groupManagement] INFO  util.JmxRegister (JmxRegister.java:register(58)) - register mxBean class org.apache.ratis.server.impl.RaftServerJmxAdapter as Ratis:service=RaftServer,group=group-8990BC0FEF12,id=8dbb38fd-cb5c-434d-a416-d5257da8c780
2024-07-06 11:54:07,477 [8dbb38fd-cb5c-434d-a416-d5257da8c780-groupManagement] INFO  server.RaftServerConfigKeys (ConfUtils.java:logGet(46)) - raft.server.snapshot.trigger-when-stop.enabled = true (default)
2024-07-06 11:54:07,477 [8dbb38fd-cb5c-434d-a416-d5257da8c780-groupManagement] INFO  server.RaftServerConfigKeys (ConfUtils.java:logGet(46)) - raft.server.snapshot.trigger-when-remove.enabled = true (default)
2024-07-06 11:54:07,477 [8dbb38fd-cb5c-434d-a416-d5257da8c780-groupManagement] INFO  server.RaftServerConfigKeys (ConfUtils.java:logGet(46)) - raft.server.snapshot.auto.trigger.enabled = true (custom)
2024-07-06 11:54:07,477 [8dbb38fd-cb5c-434d-a416-d5257da8c780-groupManagement] INFO  server.RaftServerConfigKeys (ConfUtils.java:logGet(46)) - raft.server.snapshot.auto.trigger.threshold = 10000 (custom)
2024-07-06 11:54:07,477 [8dbb38fd-cb5c-434d-a416-d5257da8c780-groupManagement] INFO  server.RaftServerConfigKeys (ConfUtils.java:logGet(46)) - raft.server.snapshot.retention.file.num = 5 (custom)
2024-07-06 11:54:07,477 [8dbb38fd-cb5c-434d-a416-d5257da8c780-groupManagement] INFO  server.RaftServerConfigKeys (ConfUtils.java:logGet(46)) - raft.server.log.purge.upto.snapshot.index = false (default)
2024-07-06 11:54:07,477 [8dbb38fd-cb5c-434d-a416-d5257da8c780@group-8990BC0FEF12-FollowerState] INFO  server.RaftServerConfigKeys (ConfUtils.java:logFallback(53)) - raft.server.rpc.first-election.timeout.max = 5200ms (fallback to raft.server.rpc.timeout.max)
2024-07-06 11:54:07,478 [8dbb38fd-cb5c-434d-a416-d5257da8c780-PipelineCommandHandlerThread-0] INFO  ratis.XceiverServerRatis (XceiverServerRatis.java:addGroup(849)) - Created group PipelineID=fb964329-130e-47bc-8661-8990bc0fef12
2024-07-06 11:54:07,484 [grpc-default-executor-2] INFO  server.RaftServer (RaftServerProxy.java:addNew(101)) - 0cfa5fef-e387-4d03-8755-cac648de9f82: addNew group-8990BC0FEF12:[eb39f61f-e86a-4779-8e52-f95c095d9393|10.1.0.11:15064, 8dbb38fd-cb5c-434d-a416-d5257da8c780|10.1.0.11:15046, 0cfa5fef-e387-4d03-8755-cac648de9f82|10.1.0.11:15055] returns group-8990BC0FEF12:java.util.concurrent.CompletableFuture@7573277c[Not completed]
2024-07-06 11:54:07,485 [0cfa5fef-e387-4d03-8755-cac648de9f82-groupManagement] INFO  server.RaftServer$Division (RaftServerImpl.java:<init>(253)) - 0cfa5fef-e387-4d03-8755-cac648de9f82: new RaftServerImpl for group-8990BC0FEF12:[eb39f61f-e86a-4779-8e52-f95c095d9393|10.1.0.11:15064, 8dbb38fd-cb5c-434d-a416-d5257da8c780|10.1.0.11:15046, 0cfa5fef-e387-4d03-8755-cac648de9f82|10.1.0.11:15055] with ContainerStateMachine:uninitialized
2024-07-06 11:54:07,485 [0cfa5fef-e387-4d03-8755-cac648de9f82-groupManagement] INFO  server.RaftServerConfigKeys (ConfUtils.java:logGet(46)) - raft.server.rpc.timeout.min = 5s (custom)
2024-07-06 11:54:07,485 [0cfa5fef-e387-4d03-8755-cac648de9f82-groupManagement] INFO  server.RaftServerConfigKeys (ConfUtils.java:logGet(46)) - raft.server.rpc.timeout.max = 5200ms (custom)
2024-07-06 11:54:07,485 [0cfa5fef-e387-4d03-8755-cac648de9f82-groupManagement] INFO  server.RaftServerConfigKeys (ConfUtils.java:logGet(46)) - raft.server.rpc.sleep.time = 25ms (default)
2024-07-06 11:54:07,485 [0cfa5fef-e387-4d03-8755-cac648de9f82-groupManagement] INFO  server.RaftServerConfigKeys (ConfUtils.java:logGet(46)) - raft.server.rpc.slowness.timeout = 300s (custom)
2024-07-06 11:54:07,485 [0cfa5fef-e387-4d03-8755-cac648de9f82-groupManagement] INFO  server.RaftServerConfigKeys (ConfUtils.java:logGet(46)) - raft.server.leaderelection.leader.step-down.wait-time = 10s (default)
2024-07-06 11:54:07,485 [0cfa5fef-e387-4d03-8755-cac648de9f82-groupManagement] INFO  server.RaftServerConfigKeys (ConfUtils.java:logGet(46)) - raft.server.leaderelection.member.majority-add = false (default)
2024-07-06 11:54:07,485 [0cfa5fef-e387-4d03-8755-cac648de9f82-groupManagement] INFO  server.RaftServerConfigKeys (ConfUtils.java:logGet(46)) - raft.server.sleep.deviation.threshold = 300ms (default)
2024-07-06 11:54:07,486 [0cfa5fef-e387-4d03-8755-cac648de9f82-groupManagement] INFO  server.RaftServer$Division (ServerState.java:<init>(114)) - 0cfa5fef-e387-4d03-8755-cac648de9f82@group-8990BC0FEF12: ConfigurationManager, init=conf: {index: -1, cur=peers:[eb39f61f-e86a-4779-8e52-f95c095d9393|10.1.0.11:15064, 8dbb38fd-cb5c-434d-a416-d5257da8c780|10.1.0.11:15046, 0cfa5fef-e387-4d03-8755-cac648de9f82|10.1.0.11:15055]|listeners:[], old=null}, confs=<EMPTY_MAP>
2024-07-06 11:54:07,486 [0cfa5fef-e387-4d03-8755-cac648de9f82-groupManagement] INFO  server.RaftServerConfigKeys (ConfUtils.java:logGet(46)) - raft.server.notification.no-leader.timeout = 300s (custom)
2024-07-06 11:54:07,486 [0cfa5fef-e387-4d03-8755-cac648de9f82-groupManagement] INFO  server.RaftServerConfigKeys (ConfUtils.java:logGet(46)) - raft.server.read.timeout = 10s (default)
2024-07-06 11:54:07,486 [0cfa5fef-e387-4d03-8755-cac648de9f82-groupManagement] INFO  server.RaftServerConfigKeys (ConfUtils.java:logGet(46)) - raft.server.retrycache.expirytime = 600000ms (custom)
2024-07-06 11:54:07,486 [0cfa5fef-e387-4d03-8755-cac648de9f82-groupManagement] INFO  server.RaftServerConfigKeys (ConfUtils.java:logGet(46)) - raft.server.retrycache.statistics.expirytime = 100ms (default)
2024-07-06 11:54:07,486 [0cfa5fef-e387-4d03-8755-cac648de9f82-groupManagement] INFO  server.RaftServerConfigKeys (ConfUtils.java:logGet(46)) - raft.server.read.option = DEFAULT (default)
2024-07-06 11:54:07,486 [0cfa5fef-e387-4d03-8755-cac648de9f82-groupManagement] INFO  server.RaftServerConfigKeys (ConfUtils.java:logGet(46)) - raft.server.read.read-after-write-consistent.write-index-cache.expiry-time = 60s (default)
2024-07-06 11:54:07,491 [0cfa5fef-e387-4d03-8755-cac648de9f82-groupManagement] INFO  server.RaftServerConfigKeys (ConfUtils.java:logGet(46)) - raft.server.rpc.request.timeout = 60s (custom)
2024-07-06 11:54:07,491 [0cfa5fef-e387-4d03-8755-cac648de9f82-groupManagement] INFO  server.RaftServerConfigKeys (ConfUtils.java:logGet(46)) - raft.server.log.appender.install.snapshot.enabled = false (custom)
2024-07-06 11:54:07,491 [0cfa5fef-e387-4d03-8755-cac648de9f82-groupManagement] INFO  server.RaftServerConfigKeys (ConfUtils.java:logGet(46)) - raft.server.threadpool.server.cached = true (default)
2024-07-06 11:54:07,492 [0cfa5fef-e387-4d03-8755-cac648de9f82-groupManagement] INFO  server.RaftServerConfigKeys (ConfUtils.java:logGet(46)) - raft.server.threadpool.server.size = 0 (default)
2024-07-06 11:54:07,492 [0cfa5fef-e387-4d03-8755-cac648de9f82-groupManagement] INFO  server.RaftServerConfigKeys (ConfUtils.java:logGet(46)) - raft.server.threadpool.client.cached = true (default)
2024-07-06 11:54:07,492 [0cfa5fef-e387-4d03-8755-cac648de9f82-groupManagement] INFO  server.RaftServerConfigKeys (ConfUtils.java:logGet(46)) - raft.server.threadpool.client.size = 0 (default)
2024-07-06 11:54:07,492 [0cfa5fef-e387-4d03-8755-cac648de9f82-groupManagement] INFO  server.RaftServerConfigKeys (ConfUtils.java:logGet(46)) - raft.server.storage.free-space.min = 0MB (=0) (default)
2024-07-06 11:54:07,492 [0cfa5fef-e387-4d03-8755-cac648de9f82-groupManagement] INFO  server.RaftServerConfigKeys (ConfUtils.java:logGet(46)) - raft.server.log.corruption.policy = EXCEPTION (default)
2024-07-06 11:54:07,492 [0cfa5fef-e387-4d03-8755-cac648de9f82-groupManagement] INFO  server.RaftServerConfigKeys (ConfUtils.java:logGet(46)) - raft.server.storage.dir = [/home/runner/work/ozone/ozone/hadoop-ozone/integration-test/target/test-dir/MiniOzoneClusterImpl-23934d72-33be-4118-bcff-1eb1b476413a/ozone-meta/datanode-2/ratis] (custom)
2024-07-06 11:54:07,492 [0cfa5fef-e387-4d03-8755-cac648de9f82-groupManagement] INFO  storage.RaftStorageDirectory (RaftStorageDirectoryImpl.java:analyzeStorage(138)) - The storage directory /home/runner/work/ozone/ozone/hadoop-ozone/integration-test/target/test-dir/MiniOzoneClusterImpl-23934d72-33be-4118-bcff-1eb1b476413a/ozone-meta/datanode-2/ratis/fb964329-130e-47bc-8661-8990bc0fef12 does not exist. Creating ...
2024-07-06 11:54:07,493 [0cfa5fef-e387-4d03-8755-cac648de9f82-groupManagement] INFO  storage.RaftStorageDirectory (RaftStorageDirectoryImpl.java:tryLock(229)) - Lock on /home/runner/work/ozone/ozone/hadoop-ozone/integration-test/target/test-dir/MiniOzoneClusterImpl-23934d72-33be-4118-bcff-1eb1b476413a/ozone-meta/datanode-2/ratis/fb964329-130e-47bc-8661-8990bc0fef12/in_use.lock acquired by nodename 98265@fv-az1041-405
2024-07-06 11:54:07,494 [0cfa5fef-e387-4d03-8755-cac648de9f82-groupManagement] INFO  storage.RaftStorage (RaftStorageImpl.java:format(98)) - Storage directory /home/runner/work/ozone/ozone/hadoop-ozone/integration-test/target/test-dir/MiniOzoneClusterImpl-23934d72-33be-4118-bcff-1eb1b476413a/ozone-meta/datanode-2/ratis/fb964329-130e-47bc-8661-8990bc0fef12 has been successfully formatted.
2024-07-06 11:54:07,495 [0cfa5fef-e387-4d03-8755-cac648de9f82-groupManagement] INFO  ratis.ContainerStateMachine (ContainerStateMachine.java:loadSnapshot(287)) - group-8990BC0FEF12: The snapshot info is null. Setting the last applied index to:(t:0, i:~)
2024-07-06 11:54:07,495 [0cfa5fef-e387-4d03-8755-cac648de9f82-groupManagement] INFO  server.RaftServerConfigKeys (ConfUtils.java:logGet(46)) - raft.server.log.use.memory = false (default)
2024-07-06 11:54:07,495 [0cfa5fef-e387-4d03-8755-cac648de9f82-groupManagement] INFO  server.RaftServerConfigKeys (ConfUtils.java:logGet(46)) - raft.server.log.purge.gap = 1000000 (custom)
2024-07-06 11:54:07,495 [0cfa5fef-e387-4d03-8755-cac648de9f82-groupManagement] INFO  server.RaftServerConfigKeys (ConfUtils.java:logGet(46)) - raft.server.log.appender.buffer.byte-limit = 8388608 (custom)
2024-07-06 11:54:07,495 [0cfa5fef-e387-4d03-8755-cac648de9f82-groupManagement] INFO  server.RaftServerConfigKeys (ConfUtils.java:logGet(46)) - raft.server.log.statemachine.data.read.timeout = 1000ms (default)
2024-07-06 11:54:07,495 [0cfa5fef-e387-4d03-8755-cac648de9f82-groupManagement] INFO  server.RaftServerConfigKeys (ConfUtils.java:logGet(46)) - raft.server.log.purge.preservation.log.num = 0 (default)
2024-07-06 11:54:07,498 [0cfa5fef-e387-4d03-8755-cac648de9f82-groupManagement] INFO  server.RaftServerConfigKeys (ConfUtils.java:logGet(46)) - raft.server.log.segment.size.max = 67108864 (custom)
2024-07-06 11:54:07,498 [0cfa5fef-e387-4d03-8755-cac648de9f82-groupManagement] INFO  server.RaftServerConfigKeys (ConfUtils.java:logGet(46)) - raft.server.log.segment.cache.num.max = 2 (custom)
2024-07-06 11:54:07,498 [0cfa5fef-e387-4d03-8755-cac648de9f82-groupManagement] INFO  server.RaftServerConfigKeys (ConfUtils.java:logGet(46)) - raft.server.log.segment.cache.size.max = 200MB (=209715200) (default)
2024-07-06 11:54:07,498 [0cfa5fef-e387-4d03-8755-cac648de9f82-groupManagement] INFO  server.RaftServerConfigKeys (ConfUtils.java:logGet(46)) - raft.server.log.appender.buffer.byte-limit = 8388608 (custom)
2024-07-06 11:54:07,501 [0cfa5fef-e387-4d03-8755-cac648de9f82-groupManagement] INFO  util.AwaitToRun (AwaitToRun.java:start(81)) - Thread[0cfa5fef-e387-4d03-8755-cac648de9f82@group-8990BC0FEF12-cacheEviction-AwaitToRun,5,main] started
2024-07-06 11:54:07,501 [0cfa5fef-e387-4d03-8755-cac648de9f82-groupManagement] INFO  segmented.SegmentedRaftLogWorker (SegmentedRaftLogWorker.java:<init>(184)) - new 0cfa5fef-e387-4d03-8755-cac648de9f82@group-8990BC0FEF12-SegmentedRaftLogWorker for RaftStorageImpl:Storage Directory /home/runner/work/ozone/ozone/hadoop-ozone/integration-test/target/test-dir/MiniOzoneClusterImpl-23934d72-33be-4118-bcff-1eb1b476413a/ozone-meta/datanode-2/ratis/fb964329-130e-47bc-8661-8990bc0fef12
2024-07-06 11:54:07,501 [0cfa5fef-e387-4d03-8755-cac648de9f82-groupManagement] INFO  server.RaftServerConfigKeys (ConfUtils.java:logGet(46)) - raft.server.log.queue.byte-limit = 4294967296 (custom)
2024-07-06 11:54:07,501 [0cfa5fef-e387-4d03-8755-cac648de9f82-groupManagement] INFO  server.RaftServerConfigKeys (ConfUtils.java:logGet(46)) - raft.server.log.queue.element-limit = 1024 (custom)
2024-07-06 11:54:07,501 [0cfa5fef-e387-4d03-8755-cac648de9f82-groupManagement] INFO  server.RaftServerConfigKeys (ConfUtils.java:logGet(46)) - raft.server.log.segment.size.max = 67108864 (custom)
2024-07-06 11:54:07,502 [0cfa5fef-e387-4d03-8755-cac648de9f82-groupManagement] INFO  server.RaftServerConfigKeys (ConfUtils.java:logGet(46)) - raft.server.log.preallocated.size = 4194304 (custom)
2024-07-06 11:54:07,502 [0cfa5fef-e387-4d03-8755-cac648de9f82-groupManagement] INFO  server.RaftServerConfigKeys (ConfUtils.java:logGet(46)) - raft.server.log.force.sync.num = 128 (default)
2024-07-06 11:54:07,502 [0cfa5fef-e387-4d03-8755-cac648de9f82-groupManagement] INFO  server.RaftServerConfigKeys (ConfUtils.java:logGet(46)) - raft.server.log.statemachine.data.sync = true (default)
2024-07-06 11:54:07,502 [0cfa5fef-e387-4d03-8755-cac648de9f82-groupManagement] INFO  server.RaftServerConfigKeys (ConfUtils.java:logGet(46)) - raft.server.log.statemachine.data.sync.timeout = 10s (default)
2024-07-06 11:54:07,502 [0cfa5fef-e387-4d03-8755-cac648de9f82-groupManagement] INFO  server.RaftServerConfigKeys (ConfUtils.java:logGet(46)) - raft.server.log.statemachine.data.sync.timeout.retry = 30 (custom)
2024-07-06 11:54:07,503 [0cfa5fef-e387-4d03-8755-cac648de9f82-groupManagement] INFO  server.RaftServerConfigKeys (ConfUtils.java:logGet(46)) - raft.server.log.write.buffer.size = 8388616 (custom)
2024-07-06 11:54:07,505 [0cfa5fef-e387-4d03-8755-cac648de9f82-groupManagement] INFO  server.RaftServerConfigKeys (ConfUtils.java:logGet(46)) - raft.server.log.appender.buffer.byte-limit = 8388608 (custom)
2024-07-06 11:54:07,505 [0cfa5fef-e387-4d03-8755-cac648de9f82-groupManagement] INFO  server.RaftServerConfigKeys (ConfUtils.java:logGet(46)) - raft.server.log.unsafe-flush.enabled = false (default)
2024-07-06 11:54:07,505 [0cfa5fef-e387-4d03-8755-cac648de9f82-groupManagement] INFO  server.RaftServerConfigKeys (ConfUtils.java:logGet(46)) - raft.server.log.async-flush.enabled = false (default)
2024-07-06 11:54:07,505 [0cfa5fef-e387-4d03-8755-cac648de9f82-groupManagement] INFO  server.RaftServerConfigKeys (ConfUtils.java:logGet(46)) - raft.server.log.statemachine.data.caching.enabled = true (custom)
2024-07-06 11:54:07,505 [0cfa5fef-e387-4d03-8755-cac648de9f82-groupManagement] INFO  segmented.SegmentedRaftLogWorker (SegmentedRaftLogWorker.java:lambda$new$0(135)) - 0cfa5fef-e387-4d03-8755-cac648de9f82@group-8990BC0FEF12-SegmentedRaftLogWorker: flushIndex: setUnconditionally 0 -> -1
2024-07-06 11:54:07,506 [0cfa5fef-e387-4d03-8755-cac648de9f82-groupManagement] INFO  segmented.SegmentedRaftLogWorker (SegmentedRaftLogWorker.java:lambda$new$0(135)) - 0cfa5fef-e387-4d03-8755-cac648de9f82@group-8990BC0FEF12-SegmentedRaftLogWorker: safeCacheEvictIndex: setUnconditionally 0 -> -1
2024-07-06 11:54:07,506 [0cfa5fef-e387-4d03-8755-cac648de9f82-groupManagement] INFO  server.RaftServer$Division (RaftServerImpl.java:start(389)) - 0cfa5fef-e387-4d03-8755-cac648de9f82@group-8990BC0FEF12: start as a follower, conf=conf: {index: -1, cur=peers:[eb39f61f-e86a-4779-8e52-f95c095d9393|10.1.0.11:15064, 8dbb38fd-cb5c-434d-a416-d5257da8c780|10.1.0.11:15046, 0cfa5fef-e387-4d03-8755-cac648de9f82|10.1.0.11:15055]|listeners:[], old=null}
2024-07-06 11:54:07,506 [0cfa5fef-e387-4d03-8755-cac648de9f82-groupManagement] INFO  server.RaftServer$Division (RaftServerImpl.java:setRole(376)) - 0cfa5fef-e387-4d03-8755-cac648de9f82@group-8990BC0FEF12: changes role from      null to FOLLOWER at term 0 for startAsFollower
2024-07-06 11:54:07,507 [0cfa5fef-e387-4d03-8755-cac648de9f82-groupManagement] INFO  impl.RoleInfo (RoleInfo.java:updateAndGet(148)) - 0cfa5fef-e387-4d03-8755-cac648de9f82: start 0cfa5fef-e387-4d03-8755-cac648de9f82@group-8990BC0FEF12-FollowerState
2024-07-06 11:54:07,508 [0cfa5fef-e387-4d03-8755-cac648de9f82@group-8990BC0FEF12-FollowerState] INFO  server.RaftServerConfigKeys (ConfUtils.java:logFallback(53)) - raft.server.rpc.first-election.timeout.min = 5s (fallback to raft.server.rpc.timeout.min)
2024-07-06 11:54:07,508 [0cfa5fef-e387-4d03-8755-cac648de9f82@group-8990BC0FEF12-FollowerState] INFO  server.RaftServerConfigKeys (ConfUtils.java:logFallback(53)) - raft.server.rpc.first-election.timeout.max = 5200ms (fallback to raft.server.rpc.timeout.max)
2024-07-06 11:54:07,508 [0cfa5fef-e387-4d03-8755-cac648de9f82-groupManagement] INFO  util.JmxRegister (JmxRegister.java:tryRegister(44)) - Successfully registered JMX Bean with object name Ratis:service=RaftServer,group=group-8990BC0FEF12,id=0cfa5fef-e387-4d03-8755-cac648de9f82
2024-07-06 11:54:07,508 [0cfa5fef-e387-4d03-8755-cac648de9f82-groupManagement] INFO  util.JmxRegister (JmxRegister.java:register(58)) - register mxBean class org.apache.ratis.server.impl.RaftServerJmxAdapter as Ratis:service=RaftServer,group=group-8990BC0FEF12,id=0cfa5fef-e387-4d03-8755-cac648de9f82
2024-07-06 11:54:07,508 [0cfa5fef-e387-4d03-8755-cac648de9f82-groupManagement] INFO  server.RaftServerConfigKeys (ConfUtils.java:logGet(46)) - raft.server.snapshot.trigger-when-stop.enabled = true (default)
2024-07-06 11:54:07,508 [0cfa5fef-e387-4d03-8755-cac648de9f82-groupManagement] INFO  server.RaftServerConfigKeys (ConfUtils.java:logGet(46)) - raft.server.snapshot.trigger-when-remove.enabled = true (default)
2024-07-06 11:54:07,509 [0cfa5fef-e387-4d03-8755-cac648de9f82-groupManagement] INFO  server.RaftServerConfigKeys (ConfUtils.java:logGet(46)) - raft.server.snapshot.auto.trigger.enabled = true (custom)
2024-07-06 11:54:07,509 [0cfa5fef-e387-4d03-8755-cac648de9f82-groupManagement] INFO  server.RaftServerConfigKeys (ConfUtils.java:logGet(46)) - raft.server.snapshot.auto.trigger.threshold = 10000 (custom)
2024-07-06 11:54:07,509 [0cfa5fef-e387-4d03-8755-cac648de9f82-groupManagement] INFO  server.RaftServerConfigKeys (ConfUtils.java:logGet(46)) - raft.server.snapshot.retention.file.num = 5 (custom)
2024-07-06 11:54:07,509 [0cfa5fef-e387-4d03-8755-cac648de9f82-groupManagement] INFO  server.RaftServerConfigKeys (ConfUtils.java:logGet(46)) - raft.server.log.purge.upto.snapshot.index = false (default)
2024-07-06 11:54:07,521 [grpc-default-executor-2] INFO  server.RaftServer (RaftServerProxy.java:addNew(101)) - eb39f61f-e86a-4779-8e52-f95c095d9393: addNew group-8990BC0FEF12:[eb39f61f-e86a-4779-8e52-f95c095d9393|10.1.0.11:15064, 8dbb38fd-cb5c-434d-a416-d5257da8c780|10.1.0.11:15046, 0cfa5fef-e387-4d03-8755-cac648de9f82|10.1.0.11:15055] returns group-8990BC0FEF12:java.util.concurrent.CompletableFuture@4272eea0[Not completed]
2024-07-06 11:54:07,522 [eb39f61f-e86a-4779-8e52-f95c095d9393-groupManagement] INFO  server.RaftServer$Division (RaftServerImpl.java:<init>(253)) - eb39f61f-e86a-4779-8e52-f95c095d9393: new RaftServerImpl for group-8990BC0FEF12:[eb39f61f-e86a-4779-8e52-f95c095d9393|10.1.0.11:15064, 8dbb38fd-cb5c-434d-a416-d5257da8c780|10.1.0.11:15046, 0cfa5fef-e387-4d03-8755-cac648de9f82|10.1.0.11:15055] with ContainerStateMachine:uninitialized
2024-07-06 11:54:07,522 [eb39f61f-e86a-4779-8e52-f95c095d9393-groupManagement] INFO  server.RaftServerConfigKeys (ConfUtils.java:logGet(46)) - raft.server.rpc.timeout.min = 5s (custom)
2024-07-06 11:54:07,522 [eb39f61f-e86a-4779-8e52-f95c095d9393-groupManagement] INFO  server.RaftServerConfigKeys (ConfUtils.java:logGet(46)) - raft.server.rpc.timeout.max = 5200ms (custom)
2024-07-06 11:54:07,522 [eb39f61f-e86a-4779-8e52-f95c095d9393-groupManagement] INFO  server.RaftServerConfigKeys (ConfUtils.java:logGet(46)) - raft.server.rpc.sleep.time = 25ms (default)
2024-07-06 11:54:07,522 [eb39f61f-e86a-4779-8e52-f95c095d9393-groupManagement] INFO  server.RaftServerConfigKeys (ConfUtils.java:logGet(46)) - raft.server.rpc.slowness.timeout = 300s (custom)
2024-07-06 11:54:07,522 [eb39f61f-e86a-4779-8e52-f95c095d9393-groupManagement] INFO  server.RaftServerConfigKeys (ConfUtils.java:logGet(46)) - raft.server.leaderelection.leader.step-down.wait-time = 10s (default)
2024-07-06 11:54:07,523 [eb39f61f-e86a-4779-8e52-f95c095d9393-groupManagement] INFO  server.RaftServerConfigKeys (ConfUtils.java:logGet(46)) - raft.server.leaderelection.member.majority-add = false (default)
2024-07-06 11:54:07,523 [eb39f61f-e86a-4779-8e52-f95c095d9393-groupManagement] INFO  server.RaftServerConfigKeys (ConfUtils.java:logGet(46)) - raft.server.sleep.deviation.threshold = 300ms (default)
2024-07-06 11:54:07,523 [eb39f61f-e86a-4779-8e52-f95c095d9393-groupManagement] INFO  server.RaftServer$Division (ServerState.java:<init>(114)) - eb39f61f-e86a-4779-8e52-f95c095d9393@group-8990BC0FEF12: ConfigurationManager, init=conf: {index: -1, cur=peers:[eb39f61f-e86a-4779-8e52-f95c095d9393|10.1.0.11:15064, 8dbb38fd-cb5c-434d-a416-d5257da8c780|10.1.0.11:15046, 0cfa5fef-e387-4d03-8755-cac648de9f82|10.1.0.11:15055]|listeners:[], old=null}, confs=<EMPTY_MAP>
2024-07-06 11:54:07,523 [eb39f61f-e86a-4779-8e52-f95c095d9393-groupManagement] INFO  server.RaftServerConfigKeys (ConfUtils.java:logGet(46)) - raft.server.notification.no-leader.timeout = 300s (custom)
2024-07-06 11:54:07,523 [eb39f61f-e86a-4779-8e52-f95c095d9393-groupManagement] INFO  server.RaftServerConfigKeys (ConfUtils.java:logGet(46)) - raft.server.read.timeout = 10s (default)
2024-07-06 11:54:07,523 [eb39f61f-e86a-4779-8e52-f95c095d9393-groupManagement] INFO  server.RaftServerConfigKeys (ConfUtils.java:logGet(46)) - raft.server.retrycache.expirytime = 600000ms (custom)
2024-07-06 11:54:07,523 [eb39f61f-e86a-4779-8e52-f95c095d9393-groupManagement] INFO  server.RaftServerConfigKeys (ConfUtils.java:logGet(46)) - raft.server.retrycache.statistics.expirytime = 100ms (default)
2024-07-06 11:54:07,523 [eb39f61f-e86a-4779-8e52-f95c095d9393-groupManagement] INFO  server.RaftServerConfigKeys (ConfUtils.java:logGet(46)) - raft.server.read.option = DEFAULT (default)
2024-07-06 11:54:07,523 [eb39f61f-e86a-4779-8e52-f95c095d9393-groupManagement] INFO  server.RaftServerConfigKeys (ConfUtils.java:logGet(46)) - raft.server.read.read-after-write-consistent.write-index-cache.expiry-time = 60s (default)
2024-07-06 11:54:07,527 [eb39f61f-e86a-4779-8e52-f95c095d9393-groupManagement] INFO  server.RaftServerConfigKeys (ConfUtils.java:logGet(46)) - raft.server.rpc.request.timeout = 60s (custom)
2024-07-06 11:54:07,527 [eb39f61f-e86a-4779-8e52-f95c095d9393-groupManagement] INFO  server.RaftServerConfigKeys (ConfUtils.java:logGet(46)) - raft.server.log.appender.install.snapshot.enabled = false (custom)
2024-07-06 11:54:07,527 [eb39f61f-e86a-4779-8e52-f95c095d9393-groupManagement] INFO  server.RaftServerConfigKeys (ConfUtils.java:logGet(46)) - raft.server.threadpool.server.cached = true (default)
2024-07-06 11:54:07,527 [eb39f61f-e86a-4779-8e52-f95c095d9393-groupManagement] INFO  server.RaftServerConfigKeys (ConfUtils.java:logGet(46)) - raft.server.threadpool.server.size = 0 (default)
2024-07-06 11:54:07,527 [eb39f61f-e86a-4779-8e52-f95c095d9393-groupManagement] INFO  server.RaftServerConfigKeys (ConfUtils.java:logGet(46)) - raft.server.threadpool.client.cached = true (default)
2024-07-06 11:54:07,527 [eb39f61f-e86a-4779-8e52-f95c095d9393-groupManagement] INFO  server.RaftServerConfigKeys (ConfUtils.java:logGet(46)) - raft.server.threadpool.client.size = 0 (default)
2024-07-06 11:54:07,527 [eb39f61f-e86a-4779-8e52-f95c095d9393-groupManagement] INFO  server.RaftServerConfigKeys (ConfUtils.java:logGet(46)) - raft.server.storage.free-space.min = 0MB (=0) (default)
2024-07-06 11:54:07,528 [eb39f61f-e86a-4779-8e52-f95c095d9393-groupManagement] INFO  server.RaftServerConfigKeys (ConfUtils.java:logGet(46)) - raft.server.log.corruption.policy = EXCEPTION (default)
2024-07-06 11:54:07,528 [eb39f61f-e86a-4779-8e52-f95c095d9393-groupManagement] INFO  server.RaftServerConfigKeys (ConfUtils.java:logGet(46)) - raft.server.storage.dir = [/home/runner/work/ozone/ozone/hadoop-ozone/integration-test/target/test-dir/MiniOzoneClusterImpl-23934d72-33be-4118-bcff-1eb1b476413a/ozone-meta/datanode-3/ratis] (custom)
2024-07-06 11:54:07,528 [eb39f61f-e86a-4779-8e52-f95c095d9393-groupManagement] INFO  storage.RaftStorageDirectory (RaftStorageDirectoryImpl.java:analyzeStorage(138)) - The storage directory /home/runner/work/ozone/ozone/hadoop-ozone/integration-test/target/test-dir/MiniOzoneClusterImpl-23934d72-33be-4118-bcff-1eb1b476413a/ozone-meta/datanode-3/ratis/fb964329-130e-47bc-8661-8990bc0fef12 does not exist. Creating ...
2024-07-06 11:54:07,530 [eb39f61f-e86a-4779-8e52-f95c095d9393-groupManagement] INFO  storage.RaftStorageDirectory (RaftStorageDirectoryImpl.java:tryLock(229)) - Lock on /home/runner/work/ozone/ozone/hadoop-ozone/integration-test/target/test-dir/MiniOzoneClusterImpl-23934d72-33be-4118-bcff-1eb1b476413a/ozone-meta/datanode-3/ratis/fb964329-130e-47bc-8661-8990bc0fef12/in_use.lock acquired by nodename 98265@fv-az1041-405
2024-07-06 11:54:07,531 [eb39f61f-e86a-4779-8e52-f95c095d9393-groupManagement] INFO  storage.RaftStorage (RaftStorageImpl.java:format(98)) - Storage directory /home/runner/work/ozone/ozone/hadoop-ozone/integration-test/target/test-dir/MiniOzoneClusterImpl-23934d72-33be-4118-bcff-1eb1b476413a/ozone-meta/datanode-3/ratis/fb964329-130e-47bc-8661-8990bc0fef12 has been successfully formatted.
2024-07-06 11:54:07,532 [eb39f61f-e86a-4779-8e52-f95c095d9393-groupManagement] INFO  ratis.ContainerStateMachine (ContainerStateMachine.java:loadSnapshot(287)) - group-8990BC0FEF12: The snapshot info is null. Setting the last applied index to:(t:0, i:~)
2024-07-06 11:54:07,532 [eb39f61f-e86a-4779-8e52-f95c095d9393-groupManagement] INFO  server.RaftServerConfigKeys (ConfUtils.java:logGet(46)) - raft.server.log.use.memory = false (default)
2024-07-06 11:54:07,533 [eb39f61f-e86a-4779-8e52-f95c095d9393-groupManagement] INFO  server.RaftServerConfigKeys (ConfUtils.java:logGet(46)) - raft.server.log.purge.gap = 1000000 (custom)
2024-07-06 11:54:07,533 [eb39f61f-e86a-4779-8e52-f95c095d9393-groupManagement] INFO  server.RaftServerConfigKeys (ConfUtils.java:logGet(46)) - raft.server.log.appender.buffer.byte-limit = 8388608 (custom)
2024-07-06 11:54:07,533 [eb39f61f-e86a-4779-8e52-f95c095d9393-groupManagement] INFO  server.RaftServerConfigKeys (ConfUtils.java:logGet(46)) - raft.server.log.statemachine.data.read.timeout = 1000ms (default)
2024-07-06 11:54:07,533 [eb39f61f-e86a-4779-8e52-f95c095d9393-groupManagement] INFO  server.RaftServerConfigKeys (ConfUtils.java:logGet(46)) - raft.server.log.purge.preservation.log.num = 0 (default)
2024-07-06 11:54:07,537 [eb39f61f-e86a-4779-8e52-f95c095d9393-groupManagement] INFO  server.RaftServerConfigKeys (ConfUtils.java:logGet(46)) - raft.server.log.segment.size.max = 67108864 (custom)
2024-07-06 11:54:07,538 [eb39f61f-e86a-4779-8e52-f95c095d9393-groupManagement] INFO  server.RaftServerConfigKeys (ConfUtils.java:logGet(46)) - raft.server.log.segment.cache.num.max = 2 (custom)
2024-07-06 11:54:07,539 [eb39f61f-e86a-4779-8e52-f95c095d9393-groupManagement] INFO  server.RaftServerConfigKeys (ConfUtils.java:logGet(46)) - raft.server.log.segment.cache.size.max = 200MB (=209715200) (default)
2024-07-06 11:54:07,539 [eb39f61f-e86a-4779-8e52-f95c095d9393-groupManagement] INFO  server.RaftServerConfigKeys (ConfUtils.java:logGet(46)) - raft.server.log.appender.buffer.byte-limit = 8388608 (custom)
2024-07-06 11:54:07,541 [eb39f61f-e86a-4779-8e52-f95c095d9393-groupManagement] INFO  util.AwaitToRun (AwaitToRun.java:start(81)) - Thread[eb39f61f-e86a-4779-8e52-f95c095d9393@group-8990BC0FEF12-cacheEviction-AwaitToRun,5,main] started
2024-07-06 11:54:07,541 [eb39f61f-e86a-4779-8e52-f95c095d9393-groupManagement] INFO  segmented.SegmentedRaftLogWorker (SegmentedRaftLogWorker.java:<init>(184)) - new eb39f61f-e86a-4779-8e52-f95c095d9393@group-8990BC0FEF12-SegmentedRaftLogWorker for RaftStorageImpl:Storage Directory /home/runner/work/ozone/ozone/hadoop-ozone/integration-test/target/test-dir/MiniOzoneClusterImpl-23934d72-33be-4118-bcff-1eb1b476413a/ozone-meta/datanode-3/ratis/fb964329-130e-47bc-8661-8990bc0fef12
2024-07-06 11:54:07,541 [eb39f61f-e86a-4779-8e52-f95c095d9393-groupManagement] INFO  server.RaftServerConfigKeys (ConfUtils.java:logGet(46)) - raft.server.log.queue.byte-limit = 4294967296 (custom)
2024-07-06 11:54:07,541 [eb39f61f-e86a-4779-8e52-f95c095d9393-groupManagement] INFO  server.RaftServerConfigKeys (ConfUtils.java:logGet(46)) - raft.server.log.queue.element-limit = 1024 (custom)
2024-07-06 11:54:07,541 [eb39f61f-e86a-4779-8e52-f95c095d9393-groupManagement] INFO  server.RaftServerConfigKeys (ConfUtils.java:logGet(46)) - raft.server.log.segment.size.max = 67108864 (custom)
2024-07-06 11:54:07,541 [eb39f61f-e86a-4779-8e52-f95c095d9393-groupManagement] INFO  server.RaftServerConfigKeys (ConfUtils.java:logGet(46)) - raft.server.log.preallocated.size = 4194304 (custom)
2024-07-06 11:54:07,541 [eb39f61f-e86a-4779-8e52-f95c095d9393-groupManagement] INFO  server.RaftServerConfigKeys (ConfUtils.java:logGet(46)) - raft.server.log.force.sync.num = 128 (default)
2024-07-06 11:54:07,541 [eb39f61f-e86a-4779-8e52-f95c095d9393-groupManagement] INFO  server.RaftServerConfigKeys (ConfUtils.java:logGet(46)) - raft.server.log.statemachine.data.sync = true (default)
2024-07-06 11:54:07,541 [eb39f61f-e86a-4779-8e52-f95c095d9393-groupManagement] INFO  server.RaftServerConfigKeys (ConfUtils.java:logGet(46)) - raft.server.log.statemachine.data.sync.timeout = 10s (default)
2024-07-06 11:54:07,542 [eb39f61f-e86a-4779-8e52-f95c095d9393-groupManagement] INFO  server.RaftServerConfigKeys (ConfUtils.java:logGet(46)) - raft.server.log.statemachine.data.sync.timeout.retry = 30 (custom)
2024-07-06 11:54:07,542 [eb39f61f-e86a-4779-8e52-f95c095d9393-groupManagement] INFO  server.RaftServerConfigKeys (ConfUtils.java:logGet(46)) - raft.server.log.write.buffer.size = 8388616 (custom)
2024-07-06 11:54:07,544 [eb39f61f-e86a-4779-8e52-f95c095d9393-groupManagement] INFO  server.RaftServerConfigKeys (ConfUtils.java:logGet(46)) - raft.server.log.appender.buffer.byte-limit = 8388608 (custom)
2024-07-06 11:54:07,544 [eb39f61f-e86a-4779-8e52-f95c095d9393-groupManagement] INFO  server.RaftServerConfigKeys (ConfUtils.java:logGet(46)) - raft.server.log.unsafe-flush.enabled = false (default)
2024-07-06 11:54:07,544 [eb39f61f-e86a-4779-8e52-f95c095d9393-groupManagement] INFO  server.RaftServerConfigKeys (ConfUtils.java:logGet(46)) - raft.server.log.async-flush.enabled = false (default)
2024-07-06 11:54:07,544 [eb39f61f-e86a-4779-8e52-f95c095d9393-groupManagement] INFO  server.RaftServerConfigKeys (ConfUtils.java:logGet(46)) - raft.server.log.statemachine.data.caching.enabled = true (custom)
2024-07-06 11:54:07,544 [eb39f61f-e86a-4779-8e52-f95c095d9393-groupManagement] INFO  segmented.SegmentedRaftLogWorker (SegmentedRaftLogWorker.java:lambda$new$0(135)) - eb39f61f-e86a-4779-8e52-f95c095d9393@group-8990BC0FEF12-SegmentedRaftLogWorker: flushIndex: setUnconditionally 0 -> -1
2024-07-06 11:54:07,544 [eb39f61f-e86a-4779-8e52-f95c095d9393-groupManagement] INFO  segmented.SegmentedRaftLogWorker (SegmentedRaftLogWorker.java:lambda$new$0(135)) - eb39f61f-e86a-4779-8e52-f95c095d9393@group-8990BC0FEF12-SegmentedRaftLogWorker: safeCacheEvictIndex: setUnconditionally 0 -> -1
2024-07-06 11:54:07,545 [eb39f61f-e86a-4779-8e52-f95c095d9393-groupManagement] INFO  server.RaftServer$Division (RaftServerImpl.java:start(389)) - eb39f61f-e86a-4779-8e52-f95c095d9393@group-8990BC0FEF12: start as a follower, conf=conf: {index: -1, cur=peers:[eb39f61f-e86a-4779-8e52-f95c095d9393|10.1.0.11:15064, 8dbb38fd-cb5c-434d-a416-d5257da8c780|10.1.0.11:15046, 0cfa5fef-e387-4d03-8755-cac648de9f82|10.1.0.11:15055]|listeners:[], old=null}
2024-07-06 11:54:07,545 [eb39f61f-e86a-4779-8e52-f95c095d9393-groupManagement] INFO  server.RaftServer$Division (RaftServerImpl.java:setRole(376)) - eb39f61f-e86a-4779-8e52-f95c095d9393@group-8990BC0FEF12: changes role from      null to FOLLOWER at term 0 for startAsFollower
2024-07-06 11:54:07,545 [eb39f61f-e86a-4779-8e52-f95c095d9393-groupManagement] INFO  impl.RoleInfo (RoleInfo.java:updateAndGet(148)) - eb39f61f-e86a-4779-8e52-f95c095d9393: start eb39f61f-e86a-4779-8e52-f95c095d9393@group-8990BC0FEF12-FollowerState
2024-07-06 11:54:07,545 [eb39f61f-e86a-4779-8e52-f95c095d9393-groupManagement] INFO  util.JmxRegister (JmxRegister.java:tryRegister(44)) - Successfully registered JMX Bean with object name Ratis:service=RaftServer,group=group-8990BC0FEF12,id=eb39f61f-e86a-4779-8e52-f95c095d9393
2024-07-06 11:54:07,546 [eb39f61f-e86a-4779-8e52-f95c095d9393@group-8990BC0FEF12-FollowerState] INFO  server.RaftServerConfigKeys (ConfUtils.java:logFallback(53)) - raft.server.rpc.first-election.timeout.min = 5s (fallback to raft.server.rpc.timeout.min)
2024-07-06 11:54:07,546 [eb39f61f-e86a-4779-8e52-f95c095d9393@group-8990BC0FEF12-FollowerState] INFO  server.RaftServerConfigKeys (ConfUtils.java:logFallback(53)) - raft.server.rpc.first-election.timeout.max = 5200ms (fallback to raft.server.rpc.timeout.max)
2024-07-06 11:54:07,546 [eb39f61f-e86a-4779-8e52-f95c095d9393-groupManagement] INFO  util.JmxRegister (JmxRegister.java:register(58)) - register mxBean class org.apache.ratis.server.impl.RaftServerJmxAdapter as Ratis:service=RaftServer,group=group-8990BC0FEF12,id=eb39f61f-e86a-4779-8e52-f95c095d9393
2024-07-06 11:54:07,546 [eb39f61f-e86a-4779-8e52-f95c095d9393-groupManagement] INFO  server.RaftServerConfigKeys (ConfUtils.java:logGet(46)) - raft.server.snapshot.trigger-when-stop.enabled = true (default)
2024-07-06 11:54:07,546 [eb39f61f-e86a-4779-8e52-f95c095d9393-groupManagement] INFO  server.RaftServerConfigKeys (ConfUtils.java:logGet(46)) - raft.server.snapshot.trigger-when-remove.enabled = true (default)
2024-07-06 11:54:07,546 [eb39f61f-e86a-4779-8e52-f95c095d9393-groupManagement] INFO  server.RaftServerConfigKeys (ConfUtils.java:logGet(46)) - raft.server.snapshot.auto.trigger.enabled = true (custom)
2024-07-06 11:54:07,546 [eb39f61f-e86a-4779-8e52-f95c095d9393-groupManagement] INFO  server.RaftServerConfigKeys (ConfUtils.java:logGet(46)) - raft.server.snapshot.auto.trigger.threshold = 10000 (custom)
2024-07-06 11:54:07,546 [eb39f61f-e86a-4779-8e52-f95c095d9393-groupManagement] INFO  server.RaftServerConfigKeys (ConfUtils.java:logGet(46)) - raft.server.snapshot.retention.file.num = 5 (custom)
2024-07-06 11:54:07,546 [eb39f61f-e86a-4779-8e52-f95c095d9393-groupManagement] INFO  server.RaftServerConfigKeys (ConfUtils.java:logGet(46)) - raft.server.log.purge.upto.snapshot.index = false (default)
2024-07-06 11:54:07,555 [8dbb38fd-cb5c-434d-a416-d5257da8c780-PipelineCommandHandlerThread-0] INFO  commandhandler.CreatePipelineCommandHandler (CreatePipelineCommandHandler.java:lambda$handle$2(124)) - Created Pipeline RATIS THREE PipelineID=fb964329-130e-47bc-8661-8990bc0fef12.
2024-07-06 11:54:07,868 [scmNode-1-SecretKeyManagerService] INFO  symmetric.SecretKeyManager (SecretKeyManager.java:checkAndRotate(125)) - SecretKey rotation is happening, new key generated SecretKey(id = c25eb895-c511-4219-935b-2fa06d5b8035, creation at: 2024-07-06T11:54:07.868308836Z, expire at: 2024-07-06T11:54:10.868308836Z)
2024-07-06 11:54:07,872 [eb66df86-6ffc-4e53-b873-cb2b44d5f35d@group-1EB1B476413A-StateMachineUpdater] INFO  symmetric.SecretKeyStateImpl (SecretKeyStateImpl.java:updateKeysInternal(113)) - Updating keys with [SecretKey(id = 4ac6b657-71ed-4053-9190-237c31bf962e, creation at: 2024-07-06T11:54:06.768Z, expire at: 2024-07-06T11:54:09.768Z), SecretKey(id = 823df1e5-7e64-4458-a04f-174cca2e91d7, creation at: 2024-07-06T11:54:05.768Z, expire at: 2024-07-06T11:54:08.768Z), SecretKey(id = c25eb895-c511-4219-935b-2fa06d5b8035, creation at: 2024-07-06T11:54:07.868Z, expire at: 2024-07-06T11:54:10.868Z)]
2024-07-06 11:54:07,872 [eb66df86-6ffc-4e53-b873-cb2b44d5f35d@group-1EB1B476413A-StateMachineUpdater] INFO  symmetric.SecretKeyStateImpl (SecretKeyStateImpl.java:updateKeysInternal(128)) - Current key updated SecretKey(id = c25eb895-c511-4219-935b-2fa06d5b8035, creation at: 2024-07-06T11:54:07.868Z, expire at: 2024-07-06T11:54:10.868Z)
2024-07-06 11:54:07,873 [eb66df86-6ffc-4e53-b873-cb2b44d5f35d@group-1EB1B476413A-StateMachineUpdater] INFO  symmetric.LocalSecretKeyStore (LocalSecretKeyStore.java:save(109)) - Saved [SecretKey(id = c25eb895-c511-4219-935b-2fa06d5b8035, creation at: 2024-07-06T11:54:07.868Z, expire at: 2024-07-06T11:54:10.868Z), SecretKey(id = 4ac6b657-71ed-4053-9190-237c31bf962e, creation at: 2024-07-06T11:54:06.768Z, expire at: 2024-07-06T11:54:09.768Z), SecretKey(id = 823df1e5-7e64-4458-a04f-174cca2e91d7, creation at: 2024-07-06T11:54:05.768Z, expire at: 2024-07-06T11:54:08.768Z)] to file /home/runner/work/ozone/ozone/hadoop-ozone/integration-test/target/test-dir/MiniOzoneClusterImpl-23934d72-33be-4118-bcff-1eb1b476413a/scmNode-1/scm/keys/secret_keys.json
2024-07-06 11:54:07,873 [eb66df86-6ffc-4e53-b873-cb2b44d5f35d@group-1EB1B476413A-StateMachineUpdater] INFO  safemode.HealthyPipelineSafeModeRule (HealthyPipelineSafeModeRule.java:initializeRule(172)) - Refreshed total pipeline count is 0, healthy pipeline threshold count is 1
2024-07-06 11:54:07,874 [39a46239-dc5f-49f3-8624-e36d450519bc@group-1EB1B476413A-StateMachineUpdater] INFO  symmetric.SecretKeyStateImpl (SecretKeyStateImpl.java:updateKeysInternal(113)) - Updating keys with [SecretKey(id = 4ac6b657-71ed-4053-9190-237c31bf962e, creation at: 2024-07-06T11:54:06.768Z, expire at: 2024-07-06T11:54:09.768Z), SecretKey(id = 823df1e5-7e64-4458-a04f-174cca2e91d7, creation at: 2024-07-06T11:54:05.768Z, expire at: 2024-07-06T11:54:08.768Z), SecretKey(id = c25eb895-c511-4219-935b-2fa06d5b8035, creation at: 2024-07-06T11:54:07.868Z, expire at: 2024-07-06T11:54:10.868Z)]
2024-07-06 11:54:07,874 [39a46239-dc5f-49f3-8624-e36d450519bc@group-1EB1B476413A-StateMachineUpdater] INFO  symmetric.SecretKeyStateImpl (SecretKeyStateImpl.java:updateKeysInternal(128)) - Current key updated SecretKey(id = c25eb895-c511-4219-935b-2fa06d5b8035, creation at: 2024-07-06T11:54:07.868Z, expire at: 2024-07-06T11:54:10.868Z)
2024-07-06 11:54:07,874 [41075d7a-0d70-4fa2-ba46-cbc672699b06@group-1EB1B476413A-StateMachineUpdater] INFO  symmetric.SecretKeyStateImpl (SecretKeyStateImpl.java:updateKeysInternal(113)) - Updating keys with [SecretKey(id = 4ac6b657-71ed-4053-9190-237c31bf962e, creation at: 2024-07-06T11:54:06.768Z, expire at: 2024-07-06T11:54:09.768Z), SecretKey(id = 823df1e5-7e64-4458-a04f-174cca2e91d7, creation at: 2024-07-06T11:54:05.768Z, expire at: 2024-07-06T11:54:08.768Z), SecretKey(id = c25eb895-c511-4219-935b-2fa06d5b8035, creation at: 2024-07-06T11:54:07.868Z, expire at: 2024-07-06T11:54:10.868Z)]
2024-07-06 11:54:07,874 [41075d7a-0d70-4fa2-ba46-cbc672699b06@group-1EB1B476413A-StateMachineUpdater] INFO  symmetric.SecretKeyStateImpl (SecretKeyStateImpl.java:updateKeysInternal(128)) - Current key updated SecretKey(id = c25eb895-c511-4219-935b-2fa06d5b8035, creation at: 2024-07-06T11:54:07.868Z, expire at: 2024-07-06T11:54:10.868Z)
2024-07-06 11:54:07,874 [39a46239-dc5f-49f3-8624-e36d450519bc@group-1EB1B476413A-StateMachineUpdater] INFO  symmetric.LocalSecretKeyStore (LocalSecretKeyStore.java:save(109)) - Saved [SecretKey(id = c25eb895-c511-4219-935b-2fa06d5b8035, creation at: 2024-07-06T11:54:07.868Z, expire at: 2024-07-06T11:54:10.868Z), SecretKey(id = 4ac6b657-71ed-4053-9190-237c31bf962e, creation at: 2024-07-06T11:54:06.768Z, expire at: 2024-07-06T11:54:09.768Z), SecretKey(id = 823df1e5-7e64-4458-a04f-174cca2e91d7, creation at: 2024-07-06T11:54:05.768Z, expire at: 2024-07-06T11:54:08.768Z)] to file /home/runner/work/ozone/ozone/hadoop-ozone/integration-test/target/test-dir/MiniOzoneClusterImpl-23934d72-33be-4118-bcff-1eb1b476413a/scmNode-3/scm/keys/secret_keys.json
2024-07-06 11:54:07,874 [39a46239-dc5f-49f3-8624-e36d450519bc@group-1EB1B476413A-StateMachineUpdater] INFO  safemode.HealthyPipelineSafeModeRule (HealthyPipelineSafeModeRule.java:initializeRule(172)) - Refreshed total pipeline count is 0, healthy pipeline threshold count is 1
2024-07-06 11:54:07,875 [41075d7a-0d70-4fa2-ba46-cbc672699b06@group-1EB1B476413A-StateMachineUpdater] INFO  symmetric.LocalSecretKeyStore (LocalSecretKeyStore.java:save(109)) - Saved [SecretKey(id = c25eb895-c511-4219-935b-2fa06d5b8035, creation at: 2024-07-06T11:54:07.868Z, expire at: 2024-07-06T11:54:10.868Z), SecretKey(id = 4ac6b657-71ed-4053-9190-237c31bf962e, creation at: 2024-07-06T11:54:06.768Z, expire at: 2024-07-06T11:54:09.768Z), SecretKey(id = 823df1e5-7e64-4458-a04f-174cca2e91d7, creation at: 2024-07-06T11:54:05.768Z, expire at: 2024-07-06T11:54:08.768Z)] to file /home/runner/work/ozone/ozone/hadoop-ozone/integration-test/target/test-dir/MiniOzoneClusterImpl-23934d72-33be-4118-bcff-1eb1b476413a/scmNode-2/scm/keys/secret_keys.json
2024-07-06 11:54:07,875 [41075d7a-0d70-4fa2-ba46-cbc672699b06@group-1EB1B476413A-StateMachineUpdater] INFO  safemode.HealthyPipelineSafeModeRule (HealthyPipelineSafeModeRule.java:initializeRule(172)) - Refreshed total pipeline count is 0, healthy pipeline threshold count is 1
2024-07-06 11:54:07,884 [0cfa5fef-e387-4d03-8755-cac648de9f82-PipelineCommandHandlerThread-0] INFO  server.RaftServer (RaftServerProxy.java:addNew(101)) - 0cfa5fef-e387-4d03-8755-cac648de9f82: addNew group-C7E38B047446:[0cfa5fef-e387-4d03-8755-cac648de9f82|10.1.0.11:15055] returns group-C7E38B047446:java.util.concurrent.CompletableFuture@7fe33168[Not completed]
2024-07-06 11:54:07,885 [0cfa5fef-e387-4d03-8755-cac648de9f82-groupManagement] INFO  server.RaftServer$Division (RaftServerImpl.java:<init>(253)) - 0cfa5fef-e387-4d03-8755-cac648de9f82: new RaftServerImpl for group-C7E38B047446:[0cfa5fef-e387-4d03-8755-cac648de9f82|10.1.0.11:15055] with ContainerStateMachine:uninitialized
2024-07-06 11:54:07,886 [0cfa5fef-e387-4d03-8755-cac648de9f82-groupManagement] INFO  server.RaftServerConfigKeys (ConfUtils.java:logGet(46)) - raft.server.rpc.timeout.min = 5s (custom)
2024-07-06 11:54:07,886 [0cfa5fef-e387-4d03-8755-cac648de9f82-groupManagement] INFO  server.RaftServerConfigKeys (ConfUtils.java:logGet(46)) - raft.server.rpc.timeout.max = 5200ms (custom)
2024-07-06 11:54:07,886 [0cfa5fef-e387-4d03-8755-cac648de9f82-groupManagement] INFO  server.RaftServerConfigKeys (ConfUtils.java:logGet(46)) - raft.server.rpc.sleep.time = 25ms (default)
2024-07-06 11:54:07,886 [0cfa5fef-e387-4d03-8755-cac648de9f82-groupManagement] INFO  server.RaftServerConfigKeys (ConfUtils.java:logGet(46)) - raft.server.rpc.slowness.timeout = 300s (custom)
2024-07-06 11:54:07,886 [0cfa5fef-e387-4d03-8755-cac648de9f82-groupManagement] INFO  server.RaftServerConfigKeys (ConfUtils.java:logGet(46)) - raft.server.leaderelection.leader.step-down.wait-time = 10s (default)
2024-07-06 11:54:07,886 [0cfa5fef-e387-4d03-8755-cac648de9f82-groupManagement] INFO  server.RaftServerConfigKeys (ConfUtils.java:logGet(46)) - raft.server.leaderelection.member.majority-add = false (default)
2024-07-06 11:54:07,886 [0cfa5fef-e387-4d03-8755-cac648de9f82-groupManagement] INFO  server.RaftServerConfigKeys (ConfUtils.java:logGet(46)) - raft.server.sleep.deviation.threshold = 300ms (default)
2024-07-06 11:54:07,886 [0cfa5fef-e387-4d03-8755-cac648de9f82-groupManagement] INFO  server.RaftServer$Division (ServerState.java:<init>(114)) - 0cfa5fef-e387-4d03-8755-cac648de9f82@group-C7E38B047446: ConfigurationManager, init=conf: {index: -1, cur=peers:[0cfa5fef-e387-4d03-8755-cac648de9f82|10.1.0.11:15055]|listeners:[], old=null}, confs=<EMPTY_MAP>
2024-07-06 11:54:07,886 [0cfa5fef-e387-4d03-8755-cac648de9f82-groupManagement] INFO  server.RaftServerConfigKeys (ConfUtils.java:logGet(46)) - raft.server.notification.no-leader.timeout = 300s (custom)
2024-07-06 11:54:07,886 [0cfa5fef-e387-4d03-8755-cac648de9f82-groupManagement] INFO  server.RaftServerConfigKeys (ConfUtils.java:logGet(46)) - raft.server.read.timeout = 10s (default)
2024-07-06 11:54:07,886 [0cfa5fef-e387-4d03-8755-cac648de9f82-groupManagement] INFO  server.RaftServerConfigKeys (ConfUtils.java:logGet(46)) - raft.server.retrycache.expirytime = 600000ms (custom)
2024-07-06 11:54:07,886 [0cfa5fef-e387-4d03-8755-cac648de9f82-groupManagement] INFO  server.RaftServerConfigKeys (ConfUtils.java:logGet(46)) - raft.server.retrycache.statistics.expirytime = 100ms (default)
2024-07-06 11:54:07,886 [0cfa5fef-e387-4d03-8755-cac648de9f82-groupManagement] INFO  server.RaftServerConfigKeys (ConfUtils.java:logGet(46)) - raft.server.read.option = DEFAULT (default)
2024-07-06 11:54:07,887 [0cfa5fef-e387-4d03-8755-cac648de9f82-groupManagement] INFO  server.RaftServerConfigKeys (ConfUtils.java:logGet(46)) - raft.server.read.read-after-write-consistent.write-index-cache.expiry-time = 60s (default)
2024-07-06 11:54:07,891 [0cfa5fef-e387-4d03-8755-cac648de9f82-groupManagement] INFO  server.RaftServerConfigKeys (ConfUtils.java:logGet(46)) - raft.server.rpc.request.timeout = 60s (custom)
2024-07-06 11:54:07,891 [0cfa5fef-e387-4d03-8755-cac648de9f82-groupManagement] INFO  server.RaftServerConfigKeys (ConfUtils.java:logGet(46)) - raft.server.log.appender.install.snapshot.enabled = false (custom)
2024-07-06 11:54:07,891 [0cfa5fef-e387-4d03-8755-cac648de9f82-groupManagement] INFO  server.RaftServerConfigKeys (ConfUtils.java:logGet(46)) - raft.server.threadpool.server.cached = true (default)
2024-07-06 11:54:07,891 [0cfa5fef-e387-4d03-8755-cac648de9f82-groupManagement] INFO  server.RaftServerConfigKeys (ConfUtils.java:logGet(46)) - raft.server.threadpool.server.size = 0 (default)
2024-07-06 11:54:07,891 [0cfa5fef-e387-4d03-8755-cac648de9f82-groupManagement] INFO  server.RaftServerConfigKeys (ConfUtils.java:logGet(46)) - raft.server.threadpool.client.cached = true (default)
2024-07-06 11:54:07,891 [0cfa5fef-e387-4d03-8755-cac648de9f82-groupManagement] INFO  server.RaftServerConfigKeys (ConfUtils.java:logGet(46)) - raft.server.threadpool.client.size = 0 (default)
2024-07-06 11:54:07,891 [0cfa5fef-e387-4d03-8755-cac648de9f82-groupManagement] INFO  server.RaftServerConfigKeys (ConfUtils.java:logGet(46)) - raft.server.storage.free-space.min = 0MB (=0) (default)
2024-07-06 11:54:07,891 [0cfa5fef-e387-4d03-8755-cac648de9f82-groupManagement] INFO  server.RaftServerConfigKeys (ConfUtils.java:logGet(46)) - raft.server.log.corruption.policy = EXCEPTION (default)
2024-07-06 11:54:07,891 [0cfa5fef-e387-4d03-8755-cac648de9f82-groupManagement] INFO  server.RaftServerConfigKeys (ConfUtils.java:logGet(46)) - raft.server.storage.dir = [/home/runner/work/ozone/ozone/hadoop-ozone/integration-test/target/test-dir/MiniOzoneClusterImpl-23934d72-33be-4118-bcff-1eb1b476413a/ozone-meta/datanode-2/ratis] (custom)
2024-07-06 11:54:07,892 [0cfa5fef-e387-4d03-8755-cac648de9f82-groupManagement] INFO  storage.RaftStorageDirectory (RaftStorageDirectoryImpl.java:analyzeStorage(138)) - The storage directory /home/runner/work/ozone/ozone/hadoop-ozone/integration-test/target/test-dir/MiniOzoneClusterImpl-23934d72-33be-4118-bcff-1eb1b476413a/ozone-meta/datanode-2/ratis/6c68d4aa-9a9f-45ee-8ca6-c7e38b047446 does not exist. Creating ...
2024-07-06 11:54:07,892 [0cfa5fef-e387-4d03-8755-cac648de9f82-groupManagement] INFO  storage.RaftStorageDirectory (RaftStorageDirectoryImpl.java:tryLock(229)) - Lock on /home/runner/work/ozone/ozone/hadoop-ozone/integration-test/target/test-dir/MiniOzoneClusterImpl-23934d72-33be-4118-bcff-1eb1b476413a/ozone-meta/datanode-2/ratis/6c68d4aa-9a9f-45ee-8ca6-c7e38b047446/in_use.lock acquired by nodename 98265@fv-az1041-405
2024-07-06 11:54:07,893 [0cfa5fef-e387-4d03-8755-cac648de9f82-groupManagement] INFO  storage.RaftStorage (RaftStorageImpl.java:format(98)) - Storage directory /home/runner/work/ozone/ozone/hadoop-ozone/integration-test/target/test-dir/MiniOzoneClusterImpl-23934d72-33be-4118-bcff-1eb1b476413a/ozone-meta/datanode-2/ratis/6c68d4aa-9a9f-45ee-8ca6-c7e38b047446 has been successfully formatted.
2024-07-06 11:54:07,897 [scmNode-3-EventQueue-PipelineReportForPipelineReportHandler] ERROR pipeline.PipelineReportHandler (PipelineReportHandler.java:onMessage(100)) - Could not process pipeline report=pipelineID {
  id: "6c68d4aa-9a9f-45ee-8ca6-c7e38b047446"
  uuid128 {
    mostSigBits: 7811727382877783534
    leastSigBits: -8311736282161843130
  }
}
isLeader: false
bytesWritten: 0
 from dn=0cfa5fef-e387-4d03-8755-cac648de9f82(fv-az1041-405.cgqmq5qunpnelbz5tk1v55v5te.bx.internal.cloudapp.net/10.1.0.11).
org.apache.hadoop.hdds.scm.exceptions.SCMException: org.apache.ratis.protocol.exceptions.NotLeaderException: Server 39a46239-dc5f-49f3-8624-e36d450519bc@group-1EB1B476413A is not the leader eb66df86-6ffc-4e53-b873-cb2b44d5f35d|localhost:15003
	at org.apache.hadoop.hdds.scm.ha.SCMHAInvocationHandler.translateException(SCMHAInvocationHandler.java:165)
	at org.apache.hadoop.hdds.scm.ha.SCMHAInvocationHandler.invokeRatis(SCMHAInvocationHandler.java:115)
	at org.apache.hadoop.hdds.scm.ha.SCMHAInvocationHandler.invoke(SCMHAInvocationHandler.java:74)
	at jdk.proxy2/jdk.proxy2.$Proxy48.updatePipelineState(Unknown Source)
	at org.apache.hadoop.hdds.scm.pipeline.PipelineManagerImpl.openPipeline(PipelineManagerImpl.java:430)
	at org.apache.hadoop.hdds.scm.pipeline.PipelineReportHandler.processPipelineReport(PipelineReportHandler.java:135)
	at org.apache.hadoop.hdds.scm.pipeline.PipelineReportHandler.onMessage(PipelineReportHandler.java:93)
	at org.apache.hadoop.hdds.scm.pipeline.PipelineReportHandler.onMessage(PipelineReportHandler.java:52)
	at org.apache.hadoop.hdds.server.events.SingleThreadExecutor.lambda$onMessage$1(SingleThreadExecutor.java:86)
	at java.base/java.util.concurrent.ThreadPoolExecutor.runWorker(ThreadPoolExecutor.java:1136)
	at java.base/java.util.concurrent.ThreadPoolExecutor$Worker.run(ThreadPoolExecutor.java:635)
	at java.base/java.lang.Thread.run(Thread.java:840)
Caused by: org.apache.ratis.protocol.exceptions.NotLeaderException: Server 39a46239-dc5f-49f3-8624-e36d450519bc@group-1EB1B476413A is not the leader eb66df86-6ffc-4e53-b873-cb2b44d5f35d|localhost:15003
	at org.apache.ratis.server.impl.RaftServerImpl.generateNotLeaderException(RaftServerImpl.java:766)
	at org.apache.ratis.server.impl.RaftServerImpl.checkLeaderState(RaftServerImpl.java:731)
	at org.apache.ratis.server.impl.RaftServerImpl.checkLeaderState(RaftServerImpl.java:717)
	at org.apache.ratis.server.impl.RaftServerImpl.writeAsyncImpl(RaftServerImpl.java:958)
	at org.apache.ratis.server.impl.RaftServerImpl.writeAsync(RaftServerImpl.java:945)
	at org.apache.ratis.server.impl.RaftServerImpl.replyFuture(RaftServerImpl.java:937)
	at org.apache.ratis.server.impl.RaftServerImpl.submitClientRequestAsync(RaftServerImpl.java:912)
	at org.apache.ratis.server.impl.RaftServerImpl.lambda$executeSubmitClientRequestAsync$11(RaftServerImpl.java:893)
	at java.base/java.util.concurrent.CompletableFuture$AsyncSupply.run(CompletableFuture.java:1768)
	... 3 more
2024-07-06 11:54:07,897 [0cfa5fef-e387-4d03-8755-cac648de9f82-groupManagement] INFO  ratis.ContainerStateMachine (ContainerStateMachine.java:loadSnapshot(287)) - group-C7E38B047446: The snapshot info is null. Setting the last applied index to:(t:0, i:~)
2024-07-06 11:54:07,897 [0cfa5fef-e387-4d03-8755-cac648de9f82-groupManagement] INFO  server.RaftServerConfigKeys (ConfUtils.java:logGet(46)) - raft.server.log.use.memory = false (default)
2024-07-06 11:54:07,897 [0cfa5fef-e387-4d03-8755-cac648de9f82-groupManagement] INFO  server.RaftServerConfigKeys (ConfUtils.java:logGet(46)) - raft.server.log.purge.gap = 1000000 (custom)
2024-07-06 11:54:07,897 [0cfa5fef-e387-4d03-8755-cac648de9f82-groupManagement] INFO  server.RaftServerConfigKeys (ConfUtils.java:logGet(46)) - raft.server.log.appender.buffer.byte-limit = 8388608 (custom)
2024-07-06 11:54:07,897 [0cfa5fef-e387-4d03-8755-cac648de9f82-groupManagement] INFO  server.RaftServerConfigKeys (ConfUtils.java:logGet(46)) - raft.server.log.statemachine.data.read.timeout = 1000ms (default)
2024-07-06 11:54:07,897 [0cfa5fef-e387-4d03-8755-cac648de9f82-groupManagement] INFO  server.RaftServerConfigKeys (ConfUtils.java:logGet(46)) - raft.server.log.purge.preservation.log.num = 0 (default)
2024-07-06 11:54:07,898 [scmNode-2-EventQueue-PipelineReportForPipelineReportHandler] ERROR pipeline.PipelineReportHandler (PipelineReportHandler.java:onMessage(100)) - Could not process pipeline report=pipelineID {
  id: "6c68d4aa-9a9f-45ee-8ca6-c7e38b047446"
  uuid128 {
    mostSigBits: 7811727382877783534
    leastSigBits: -8311736282161843130
  }
}
isLeader: false
bytesWritten: 0
 from dn=0cfa5fef-e387-4d03-8755-cac648de9f82(fv-az1041-405.cgqmq5qunpnelbz5tk1v55v5te.bx.internal.cloudapp.net/10.1.0.11).
org.apache.hadoop.hdds.scm.exceptions.SCMException: org.apache.ratis.protocol.exceptions.NotLeaderException: Server 41075d7a-0d70-4fa2-ba46-cbc672699b06@group-1EB1B476413A is not the leader eb66df86-6ffc-4e53-b873-cb2b44d5f35d|localhost:15003
	at org.apache.hadoop.hdds.scm.ha.SCMHAInvocationHandler.translateException(SCMHAInvocationHandler.java:165)
	at org.apache.hadoop.hdds.scm.ha.SCMHAInvocationHandler.invokeRatis(SCMHAInvocationHandler.java:115)
	at org.apache.hadoop.hdds.scm.ha.SCMHAInvocationHandler.invoke(SCMHAInvocationHandler.java:74)
	at jdk.proxy2/jdk.proxy2.$Proxy48.updatePipelineState(Unknown Source)
	at org.apache.hadoop.hdds.scm.pipeline.PipelineManagerImpl.openPipeline(PipelineManagerImpl.java:430)
	at org.apache.hadoop.hdds.scm.pipeline.PipelineReportHandler.processPipelineReport(PipelineReportHandler.java:135)
	at org.apache.hadoop.hdds.scm.pipeline.PipelineReportHandler.onMessage(PipelineReportHandler.java:93)
	at org.apache.hadoop.hdds.scm.pipeline.PipelineReportHandler.onMessage(PipelineReportHandler.java:52)
	at org.apache.hadoop.hdds.server.events.SingleThreadExecutor.lambda$onMessage$1(SingleThreadExecutor.java:86)
	at java.base/java.util.concurrent.ThreadPoolExecutor.runWorker(ThreadPoolExecutor.java:1136)
	at java.base/java.util.concurrent.ThreadPoolExecutor$Worker.run(ThreadPoolExecutor.java:635)
	at java.base/java.lang.Thread.run(Thread.java:840)
Caused by: org.apache.ratis.protocol.exceptions.NotLeaderException: Server 41075d7a-0d70-4fa2-ba46-cbc672699b06@group-1EB1B476413A is not the leader eb66df86-6ffc-4e53-b873-cb2b44d5f35d|localhost:15003
	at org.apache.ratis.server.impl.RaftServerImpl.generateNotLeaderException(RaftServerImpl.java:766)
	at org.apache.ratis.server.impl.RaftServerImpl.checkLeaderState(RaftServerImpl.java:731)
	at org.apache.ratis.server.impl.RaftServerImpl.checkLeaderState(RaftServerImpl.java:717)
	at org.apache.ratis.server.impl.RaftServerImpl.writeAsyncImpl(RaftServerImpl.java:958)
	at org.apache.ratis.server.impl.RaftServerImpl.writeAsync(RaftServerImpl.java:945)
	at org.apache.ratis.server.impl.RaftServerImpl.replyFuture(RaftServerImpl.java:937)
	at org.apache.ratis.server.impl.RaftServerImpl.submitClientRequestAsync(RaftServerImpl.java:912)
	at org.apache.ratis.server.impl.RaftServerImpl.lambda$executeSubmitClientRequestAsync$11(RaftServerImpl.java:893)
	at java.base/java.util.concurrent.CompletableFuture$AsyncSupply.run(CompletableFuture.java:1768)
	... 3 more
2024-07-06 11:54:07,899 [eb66df86-6ffc-4e53-b873-cb2b44d5f35d@group-1EB1B476413A-StateMachineUpdater] INFO  safemode.HealthyPipelineSafeModeRule (HealthyPipelineSafeModeRule.java:initializeRule(172)) - Refreshed total pipeline count is 0, healthy pipeline threshold count is 1
2024-07-06 11:54:07,899 [scmNode-1-EventQueue-PipelineReportForPipelineReportHandler] INFO  pipeline.PipelineReportHandler (PipelineReportHandler.java:processPipelineReport(136)) - Opened pipeline PipelineID=6c68d4aa-9a9f-45ee-8ca6-c7e38b047446
2024-07-06 11:54:07,899 [scmNode-1-EventQueue-OpenPipelineForHealthyPipelineSafeModeRule] INFO  safemode.SCMSafeModeManager (HealthyPipelineSafeModeRule.java:process(140)) - SCM in safe mode. Healthy pipelines reported count is 0, required healthy pipeline reported count is 1
2024-07-06 11:54:07,901 [41075d7a-0d70-4fa2-ba46-cbc672699b06@group-1EB1B476413A-StateMachineUpdater] INFO  safemode.HealthyPipelineSafeModeRule (HealthyPipelineSafeModeRule.java:initializeRule(172)) - Refreshed total pipeline count is 0, healthy pipeline threshold count is 1
2024-07-06 11:54:07,901 [39a46239-dc5f-49f3-8624-e36d450519bc@group-1EB1B476413A-StateMachineUpdater] INFO  safemode.HealthyPipelineSafeModeRule (HealthyPipelineSafeModeRule.java:initializeRule(172)) - Refreshed total pipeline count is 0, healthy pipeline threshold count is 1
2024-07-06 11:54:07,902 [0cfa5fef-e387-4d03-8755-cac648de9f82-groupManagement] INFO  server.RaftServerConfigKeys (ConfUtils.java:logGet(46)) - raft.server.log.segment.size.max = 67108864 (custom)
2024-07-06 11:54:07,903 [0cfa5fef-e387-4d03-8755-cac648de9f82-groupManagement] INFO  server.RaftServerConfigKeys (ConfUtils.java:logGet(46)) - raft.server.log.segment.cache.num.max = 2 (custom)
2024-07-06 11:54:07,903 [0cfa5fef-e387-4d03-8755-cac648de9f82-groupManagement] INFO  server.RaftServerConfigKeys (ConfUtils.java:logGet(46)) - raft.server.log.segment.cache.size.max = 200MB (=209715200) (default)
2024-07-06 11:54:07,904 [0cfa5fef-e387-4d03-8755-cac648de9f82-groupManagement] INFO  server.RaftServerConfigKeys (ConfUtils.java:logGet(46)) - raft.server.log.appender.buffer.byte-limit = 8388608 (custom)
2024-07-06 11:54:07,904 [0cfa5fef-e387-4d03-8755-cac648de9f82-groupManagement] INFO  util.AwaitToRun (AwaitToRun.java:start(81)) - Thread[0cfa5fef-e387-4d03-8755-cac648de9f82@group-C7E38B047446-cacheEviction-AwaitToRun,5,main] started
2024-07-06 11:54:07,904 [0cfa5fef-e387-4d03-8755-cac648de9f82-groupManagement] INFO  segmented.SegmentedRaftLogWorker (SegmentedRaftLogWorker.java:<init>(184)) - new 0cfa5fef-e387-4d03-8755-cac648de9f82@group-C7E38B047446-SegmentedRaftLogWorker for RaftStorageImpl:Storage Directory /home/runner/work/ozone/ozone/hadoop-ozone/integration-test/target/test-dir/MiniOzoneClusterImpl-23934d72-33be-4118-bcff-1eb1b476413a/ozone-meta/datanode-2/ratis/6c68d4aa-9a9f-45ee-8ca6-c7e38b047446
2024-07-06 11:54:07,904 [0cfa5fef-e387-4d03-8755-cac648de9f82-groupManagement] INFO  server.RaftServerConfigKeys (ConfUtils.java:logGet(46)) - raft.server.log.queue.byte-limit = 4294967296 (custom)
2024-07-06 11:54:07,904 [0cfa5fef-e387-4d03-8755-cac648de9f82-groupManagement] INFO  server.RaftServerConfigKeys (ConfUtils.java:logGet(46)) - raft.server.log.queue.element-limit = 1024 (custom)
2024-07-06 11:54:07,904 [0cfa5fef-e387-4d03-8755-cac648de9f82-groupManagement] INFO  server.RaftServerConfigKeys (ConfUtils.java:logGet(46)) - raft.server.log.segment.size.max = 67108864 (custom)
2024-07-06 11:54:07,904 [0cfa5fef-e387-4d03-8755-cac648de9f82-groupManagement] INFO  server.RaftServerConfigKeys (ConfUtils.java:logGet(46)) - raft.server.log.preallocated.size = 4194304 (custom)
2024-07-06 11:54:07,904 [0cfa5fef-e387-4d03-8755-cac648de9f82-groupManagement] INFO  server.RaftServerConfigKeys (ConfUtils.java:logGet(46)) - raft.server.log.force.sync.num = 128 (default)
2024-07-06 11:54:07,904 [0cfa5fef-e387-4d03-8755-cac648de9f82-groupManagement] INFO  server.RaftServerConfigKeys (ConfUtils.java:logGet(46)) - raft.server.log.statemachine.data.sync = true (default)
2024-07-06 11:54:07,904 [0cfa5fef-e387-4d03-8755-cac648de9f82-groupManagement] INFO  server.RaftServerConfigKeys (ConfUtils.java:logGet(46)) - raft.server.log.statemachine.data.sync.timeout = 10s (default)
2024-07-06 11:54:07,904 [0cfa5fef-e387-4d03-8755-cac648de9f82-groupManagement] INFO  server.RaftServerConfigKeys (ConfUtils.java:logGet(46)) - raft.server.log.statemachine.data.sync.timeout.retry = 30 (custom)
2024-07-06 11:54:07,905 [0cfa5fef-e387-4d03-8755-cac648de9f82-groupManagement] INFO  server.RaftServerConfigKeys (ConfUtils.java:logGet(46)) - raft.server.log.write.buffer.size = 8388616 (custom)
2024-07-06 11:54:07,907 [0cfa5fef-e387-4d03-8755-cac648de9f82-groupManagement] INFO  server.RaftServerConfigKeys (ConfUtils.java:logGet(46)) - raft.server.log.appender.buffer.byte-limit = 8388608 (custom)
2024-07-06 11:54:07,907 [0cfa5fef-e387-4d03-8755-cac648de9f82-groupManagement] INFO  server.RaftServerConfigKeys (ConfUtils.java:logGet(46)) - raft.server.log.unsafe-flush.enabled = false (default)
2024-07-06 11:54:07,907 [0cfa5fef-e387-4d03-8755-cac648de9f82-groupManagement] INFO  server.RaftServerConfigKeys (ConfUtils.java:logGet(46)) - raft.server.log.async-flush.enabled = false (default)
2024-07-06 11:54:07,907 [0cfa5fef-e387-4d03-8755-cac648de9f82-groupManagement] INFO  server.RaftServerConfigKeys (ConfUtils.java:logGet(46)) - raft.server.log.statemachine.data.caching.enabled = true (custom)
2024-07-06 11:54:07,907 [0cfa5fef-e387-4d03-8755-cac648de9f82-groupManagement] INFO  segmented.SegmentedRaftLogWorker (SegmentedRaftLogWorker.java:lambda$new$0(135)) - 0cfa5fef-e387-4d03-8755-cac648de9f82@group-C7E38B047446-SegmentedRaftLogWorker: flushIndex: setUnconditionally 0 -> -1
2024-07-06 11:54:07,907 [0cfa5fef-e387-4d03-8755-cac648de9f82-groupManagement] INFO  segmented.SegmentedRaftLogWorker (SegmentedRaftLogWorker.java:lambda$new$0(135)) - 0cfa5fef-e387-4d03-8755-cac648de9f82@group-C7E38B047446-SegmentedRaftLogWorker: safeCacheEvictIndex: setUnconditionally 0 -> -1
2024-07-06 11:54:07,907 [0cfa5fef-e387-4d03-8755-cac648de9f82-groupManagement] INFO  server.RaftServer$Division (RaftServerImpl.java:start(389)) - 0cfa5fef-e387-4d03-8755-cac648de9f82@group-C7E38B047446: start as a follower, conf=conf: {index: -1, cur=peers:[0cfa5fef-e387-4d03-8755-cac648de9f82|10.1.0.11:15055]|listeners:[], old=null}
2024-07-06 11:54:07,907 [0cfa5fef-e387-4d03-8755-cac648de9f82-groupManagement] INFO  server.RaftServer$Division (RaftServerImpl.java:setRole(376)) - 0cfa5fef-e387-4d03-8755-cac648de9f82@group-C7E38B047446: changes role from      null to FOLLOWER at term 0 for startAsFollower
2024-07-06 11:54:07,907 [0cfa5fef-e387-4d03-8755-cac648de9f82-groupManagement] INFO  impl.RoleInfo (RoleInfo.java:updateAndGet(148)) - 0cfa5fef-e387-4d03-8755-cac648de9f82: start 0cfa5fef-e387-4d03-8755-cac648de9f82@group-C7E38B047446-FollowerState
2024-07-06 11:54:07,909 [0cfa5fef-e387-4d03-8755-cac648de9f82@group-C7E38B047446-FollowerState] INFO  server.RaftServerConfigKeys (ConfUtils.java:logFallback(53)) - raft.server.rpc.first-election.timeout.min = 5s (fallback to raft.server.rpc.timeout.min)
2024-07-06 11:54:07,909 [0cfa5fef-e387-4d03-8755-cac648de9f82-groupManagement] INFO  util.JmxRegister (JmxRegister.java:tryRegister(44)) - Successfully registered JMX Bean with object name Ratis:service=RaftServer,group=group-C7E38B047446,id=0cfa5fef-e387-4d03-8755-cac648de9f82
2024-07-06 11:54:07,909 [0cfa5fef-e387-4d03-8755-cac648de9f82-groupManagement] INFO  util.JmxRegister (JmxRegister.java:register(58)) - register mxBean class org.apache.ratis.server.impl.RaftServerJmxAdapter as Ratis:service=RaftServer,group=group-C7E38B047446,id=0cfa5fef-e387-4d03-8755-cac648de9f82
2024-07-06 11:54:07,909 [0cfa5fef-e387-4d03-8755-cac648de9f82-groupManagement] INFO  server.RaftServerConfigKeys (ConfUtils.java:logGet(46)) - raft.server.snapshot.trigger-when-stop.enabled = true (default)
2024-07-06 11:54:07,909 [0cfa5fef-e387-4d03-8755-cac648de9f82-groupManagement] INFO  server.RaftServerConfigKeys (ConfUtils.java:logGet(46)) - raft.server.snapshot.trigger-when-remove.enabled = true (default)
2024-07-06 11:54:07,909 [0cfa5fef-e387-4d03-8755-cac648de9f82-groupManagement] INFO  server.RaftServerConfigKeys (ConfUtils.java:logGet(46)) - raft.server.snapshot.auto.trigger.enabled = true (custom)
2024-07-06 11:54:07,909 [0cfa5fef-e387-4d03-8755-cac648de9f82-groupManagement] INFO  server.RaftServerConfigKeys (ConfUtils.java:logGet(46)) - raft.server.snapshot.auto.trigger.threshold = 10000 (custom)
2024-07-06 11:54:07,909 [0cfa5fef-e387-4d03-8755-cac648de9f82-groupManagement] INFO  server.RaftServerConfigKeys (ConfUtils.java:logGet(46)) - raft.server.snapshot.retention.file.num = 5 (custom)
2024-07-06 11:54:07,909 [0cfa5fef-e387-4d03-8755-cac648de9f82-groupManagement] INFO  server.RaftServerConfigKeys (ConfUtils.java:logGet(46)) - raft.server.log.purge.upto.snapshot.index = false (default)
2024-07-06 11:54:07,910 [0cfa5fef-e387-4d03-8755-cac648de9f82@group-C7E38B047446-FollowerState] INFO  server.RaftServerConfigKeys (ConfUtils.java:logFallback(53)) - raft.server.rpc.first-election.timeout.max = 5200ms (fallback to raft.server.rpc.timeout.max)
2024-07-06 11:54:07,910 [0cfa5fef-e387-4d03-8755-cac648de9f82-PipelineCommandHandlerThread-0] INFO  ratis.XceiverServerRatis (XceiverServerRatis.java:addGroup(849)) - Created group PipelineID=6c68d4aa-9a9f-45ee-8ca6-c7e38b047446
2024-07-06 11:54:07,910 [0cfa5fef-e387-4d03-8755-cac648de9f82-PipelineCommandHandlerThread-0] INFO  commandhandler.CreatePipelineCommandHandler (CreatePipelineCommandHandler.java:lambda$handle$2(124)) - Created Pipeline RATIS ONE PipelineID=6c68d4aa-9a9f-45ee-8ca6-c7e38b047446.
2024-07-06 11:54:07,968 [SecretKeyPoller] INFO  symmetric.DefaultSecretKeySignerClient (DefaultSecretKeySignerClient.java:checkAndRefresh(167)) - New secret key fetched from SCM: SecretKey(id = c25eb895-c511-4219-935b-2fa06d5b8035, creation at: 2024-07-06T11:54:07.868Z, expire at: 2024-07-06T11:54:10.868Z).
2024-07-06 11:54:07,968 [SecretKeyPoller] INFO  symmetric.DefaultSecretKeySignerClient (DefaultSecretKeySignerClient.java:checkAndRefresh(167)) - New secret key fetched from SCM: SecretKey(id = c25eb895-c511-4219-935b-2fa06d5b8035, creation at: 2024-07-06T11:54:07.868Z, expire at: 2024-07-06T11:54:10.868Z).
2024-07-06 11:54:07,968 [SecretKeyPoller] INFO  symmetric.DefaultSecretKeySignerClient (DefaultSecretKeySignerClient.java:checkAndRefresh(167)) - New secret key fetched from SCM: SecretKey(id = c25eb895-c511-4219-935b-2fa06d5b8035, creation at: 2024-07-06T11:54:07.868Z, expire at: 2024-07-06T11:54:10.868Z).
2024-07-06 11:54:07,968 [om1-SecretKeyPoller] INFO  symmetric.DefaultSecretKeySignerClient (DefaultSecretKeySignerClient.java:checkAndRefresh(167)) - New secret key fetched from SCM: SecretKey(id = c25eb895-c511-4219-935b-2fa06d5b8035, creation at: 2024-07-06T11:54:07.868Z, expire at: 2024-07-06T11:54:10.868Z).
2024-07-06 11:54:08,346 [eb39f61f-e86a-4779-8e52-f95c095d9393-PipelineCommandHandlerThread-0] INFO  server.RaftServer (RaftServerProxy.java:addNew(101)) - eb39f61f-e86a-4779-8e52-f95c095d9393: addNew group-87EAFB25B769:[eb39f61f-e86a-4779-8e52-f95c095d9393|10.1.0.11:15064] returns group-87EAFB25B769:java.util.concurrent.CompletableFuture@40c0811e[Not completed]
2024-07-06 11:54:08,347 [eb39f61f-e86a-4779-8e52-f95c095d9393-groupManagement] INFO  server.RaftServer$Division (RaftServerImpl.java:<init>(253)) - eb39f61f-e86a-4779-8e52-f95c095d9393: new RaftServerImpl for group-87EAFB25B769:[eb39f61f-e86a-4779-8e52-f95c095d9393|10.1.0.11:15064] with ContainerStateMachine:uninitialized
2024-07-06 11:54:08,347 [eb39f61f-e86a-4779-8e52-f95c095d9393-groupManagement] INFO  server.RaftServerConfigKeys (ConfUtils.java:logGet(46)) - raft.server.rpc.timeout.min = 5s (custom)
2024-07-06 11:54:08,347 [eb39f61f-e86a-4779-8e52-f95c095d9393-groupManagement] INFO  server.RaftServerConfigKeys (ConfUtils.java:logGet(46)) - raft.server.rpc.timeout.max = 5200ms (custom)
2024-07-06 11:54:08,347 [eb39f61f-e86a-4779-8e52-f95c095d9393-groupManagement] INFO  server.RaftServerConfigKeys (ConfUtils.java:logGet(46)) - raft.server.rpc.sleep.time = 25ms (default)
2024-07-06 11:54:08,347 [eb39f61f-e86a-4779-8e52-f95c095d9393-groupManagement] INFO  server.RaftServerConfigKeys (ConfUtils.java:logGet(46)) - raft.server.rpc.slowness.timeout = 300s (custom)
2024-07-06 11:54:08,347 [eb39f61f-e86a-4779-8e52-f95c095d9393-groupManagement] INFO  server.RaftServerConfigKeys (ConfUtils.java:logGet(46)) - raft.server.leaderelection.leader.step-down.wait-time = 10s (default)
2024-07-06 11:54:08,347 [eb39f61f-e86a-4779-8e52-f95c095d9393-groupManagement] INFO  server.RaftServerConfigKeys (ConfUtils.java:logGet(46)) - raft.server.leaderelection.member.majority-add = false (default)
2024-07-06 11:54:08,347 [eb39f61f-e86a-4779-8e52-f95c095d9393-groupManagement] INFO  server.RaftServerConfigKeys (ConfUtils.java:logGet(46)) - raft.server.sleep.deviation.threshold = 300ms (default)
2024-07-06 11:54:08,347 [eb39f61f-e86a-4779-8e52-f95c095d9393-groupManagement] INFO  server.RaftServer$Division (ServerState.java:<init>(114)) - eb39f61f-e86a-4779-8e52-f95c095d9393@group-87EAFB25B769: ConfigurationManager, init=conf: {index: -1, cur=peers:[eb39f61f-e86a-4779-8e52-f95c095d9393|10.1.0.11:15064]|listeners:[], old=null}, confs=<EMPTY_MAP>
2024-07-06 11:54:08,347 [eb39f61f-e86a-4779-8e52-f95c095d9393-groupManagement] INFO  server.RaftServerConfigKeys (ConfUtils.java:logGet(46)) - raft.server.notification.no-leader.timeout = 300s (custom)
2024-07-06 11:54:08,347 [eb39f61f-e86a-4779-8e52-f95c095d9393-groupManagement] INFO  server.RaftServerConfigKeys (ConfUtils.java:logGet(46)) - raft.server.read.timeout = 10s (default)
2024-07-06 11:54:08,347 [eb39f61f-e86a-4779-8e52-f95c095d9393-groupManagement] INFO  server.RaftServerConfigKeys (ConfUtils.java:logGet(46)) - raft.server.retrycache.expirytime = 600000ms (custom)
2024-07-06 11:54:08,347 [eb39f61f-e86a-4779-8e52-f95c095d9393-groupManagement] INFO  server.RaftServerConfigKeys (ConfUtils.java:logGet(46)) - raft.server.retrycache.statistics.expirytime = 100ms (default)
2024-07-06 11:54:08,347 [eb39f61f-e86a-4779-8e52-f95c095d9393-groupManagement] INFO  server.RaftServerConfigKeys (ConfUtils.java:logGet(46)) - raft.server.read.option = DEFAULT (default)
2024-07-06 11:54:08,347 [eb39f61f-e86a-4779-8e52-f95c095d9393-groupManagement] INFO  server.RaftServerConfigKeys (ConfUtils.java:logGet(46)) - raft.server.read.read-after-write-consistent.write-index-cache.expiry-time = 60s (default)
2024-07-06 11:54:08,348 [main] INFO  ozone.MiniOzoneClusterImpl (MiniOzoneClusterImpl.java:lambda$waitForClusterToBeReady$0(194)) - Nodes are ready. Got 3 of 3 DN Heartbeats.
2024-07-06 11:54:08,348 [main] INFO  ozone.MiniOzoneClusterImpl (MiniOzoneClusterImpl.java:lambda$waitForClusterToBeReady$0(197)) - Waiting for cluster to exit safe mode
2024-07-06 11:54:08,348 [main] INFO  ozone.MiniOzoneClusterImpl (MiniOzoneClusterImpl.java:lambda$waitForClusterToBeReady$0(199)) - SCM became leader
2024-07-06 11:54:08,351 [eb39f61f-e86a-4779-8e52-f95c095d9393-groupManagement] INFO  server.RaftServerConfigKeys (ConfUtils.java:logGet(46)) - raft.server.rpc.request.timeout = 60s (custom)
2024-07-06 11:54:08,351 [eb39f61f-e86a-4779-8e52-f95c095d9393-groupManagement] INFO  server.RaftServerConfigKeys (ConfUtils.java:logGet(46)) - raft.server.log.appender.install.snapshot.enabled = false (custom)
2024-07-06 11:54:08,351 [eb39f61f-e86a-4779-8e52-f95c095d9393-groupManagement] INFO  server.RaftServerConfigKeys (ConfUtils.java:logGet(46)) - raft.server.threadpool.server.cached = true (default)
2024-07-06 11:54:08,351 [eb39f61f-e86a-4779-8e52-f95c095d9393-groupManagement] INFO  server.RaftServerConfigKeys (ConfUtils.java:logGet(46)) - raft.server.threadpool.server.size = 0 (default)
2024-07-06 11:54:08,351 [eb39f61f-e86a-4779-8e52-f95c095d9393-groupManagement] INFO  server.RaftServerConfigKeys (ConfUtils.java:logGet(46)) - raft.server.threadpool.client.cached = true (default)
2024-07-06 11:54:08,351 [eb39f61f-e86a-4779-8e52-f95c095d9393-groupManagement] INFO  server.RaftServerConfigKeys (ConfUtils.java:logGet(46)) - raft.server.threadpool.client.size = 0 (default)
2024-07-06 11:54:08,351 [eb39f61f-e86a-4779-8e52-f95c095d9393-groupManagement] INFO  server.RaftServerConfigKeys (ConfUtils.java:logGet(46)) - raft.server.storage.free-space.min = 0MB (=0) (default)
2024-07-06 11:54:08,351 [eb39f61f-e86a-4779-8e52-f95c095d9393-groupManagement] INFO  server.RaftServerConfigKeys (ConfUtils.java:logGet(46)) - raft.server.log.corruption.policy = EXCEPTION (default)
2024-07-06 11:54:08,352 [eb39f61f-e86a-4779-8e52-f95c095d9393-groupManagement] INFO  server.RaftServerConfigKeys (ConfUtils.java:logGet(46)) - raft.server.storage.dir = [/home/runner/work/ozone/ozone/hadoop-ozone/integration-test/target/test-dir/MiniOzoneClusterImpl-23934d72-33be-4118-bcff-1eb1b476413a/ozone-meta/datanode-3/ratis] (custom)
2024-07-06 11:54:08,352 [eb39f61f-e86a-4779-8e52-f95c095d9393-groupManagement] INFO  storage.RaftStorageDirectory (RaftStorageDirectoryImpl.java:analyzeStorage(138)) - The storage directory /home/runner/work/ozone/ozone/hadoop-ozone/integration-test/target/test-dir/MiniOzoneClusterImpl-23934d72-33be-4118-bcff-1eb1b476413a/ozone-meta/datanode-3/ratis/6705f5cd-a47f-4964-9f36-87eafb25b769 does not exist. Creating ...
2024-07-06 11:54:08,353 [eb39f61f-e86a-4779-8e52-f95c095d9393-groupManagement] INFO  storage.RaftStorageDirectory (RaftStorageDirectoryImpl.java:tryLock(229)) - Lock on /home/runner/work/ozone/ozone/hadoop-ozone/integration-test/target/test-dir/MiniOzoneClusterImpl-23934d72-33be-4118-bcff-1eb1b476413a/ozone-meta/datanode-3/ratis/6705f5cd-a47f-4964-9f36-87eafb25b769/in_use.lock acquired by nodename 98265@fv-az1041-405
2024-07-06 11:54:08,353 [eb39f61f-e86a-4779-8e52-f95c095d9393-groupManagement] INFO  storage.RaftStorage (RaftStorageImpl.java:format(98)) - Storage directory /home/runner/work/ozone/ozone/hadoop-ozone/integration-test/target/test-dir/MiniOzoneClusterImpl-23934d72-33be-4118-bcff-1eb1b476413a/ozone-meta/datanode-3/ratis/6705f5cd-a47f-4964-9f36-87eafb25b769 has been successfully formatted.
2024-07-06 11:54:08,354 [eb39f61f-e86a-4779-8e52-f95c095d9393-groupManagement] INFO  ratis.ContainerStateMachine (ContainerStateMachine.java:loadSnapshot(287)) - group-87EAFB25B769: The snapshot info is null. Setting the last applied index to:(t:0, i:~)
2024-07-06 11:54:08,354 [eb39f61f-e86a-4779-8e52-f95c095d9393-groupManagement] INFO  server.RaftServerConfigKeys (ConfUtils.java:logGet(46)) - raft.server.log.use.memory = false (default)
2024-07-06 11:54:08,354 [eb39f61f-e86a-4779-8e52-f95c095d9393-groupManagement] INFO  server.RaftServerConfigKeys (ConfUtils.java:logGet(46)) - raft.server.log.purge.gap = 1000000 (custom)
2024-07-06 11:54:08,354 [eb39f61f-e86a-4779-8e52-f95c095d9393-groupManagement] INFO  server.RaftServerConfigKeys (ConfUtils.java:logGet(46)) - raft.server.log.appender.buffer.byte-limit = 8388608 (custom)
2024-07-06 11:54:08,354 [eb39f61f-e86a-4779-8e52-f95c095d9393-groupManagement] INFO  server.RaftServerConfigKeys (ConfUtils.java:logGet(46)) - raft.server.log.statemachine.data.read.timeout = 1000ms (default)
2024-07-06 11:54:08,354 [eb39f61f-e86a-4779-8e52-f95c095d9393-groupManagement] INFO  server.RaftServerConfigKeys (ConfUtils.java:logGet(46)) - raft.server.log.purge.preservation.log.num = 0 (default)
2024-07-06 11:54:08,357 [scmNode-3-EventQueue-PipelineReportForPipelineReportHandler] ERROR pipeline.PipelineReportHandler (PipelineReportHandler.java:onMessage(100)) - Could not process pipeline report=pipelineID {
  id: "6705f5cd-a47f-4964-9f36-87eafb25b769"
  uuid128 {
    mostSigBits: 7423609824367036772
    leastSigBits: -6974237529630984343
  }
}
isLeader: false
bytesWritten: 0
 from dn=eb39f61f-e86a-4779-8e52-f95c095d9393(fv-az1041-405.cgqmq5qunpnelbz5tk1v55v5te.bx.internal.cloudapp.net/10.1.0.11).
org.apache.hadoop.hdds.scm.exceptions.SCMException: org.apache.ratis.protocol.exceptions.NotLeaderException: Server 39a46239-dc5f-49f3-8624-e36d450519bc@group-1EB1B476413A is not the leader eb66df86-6ffc-4e53-b873-cb2b44d5f35d|localhost:15003
	at org.apache.hadoop.hdds.scm.ha.SCMHAInvocationHandler.translateException(SCMHAInvocationHandler.java:165)
	at org.apache.hadoop.hdds.scm.ha.SCMHAInvocationHandler.invokeRatis(SCMHAInvocationHandler.java:115)
	at org.apache.hadoop.hdds.scm.ha.SCMHAInvocationHandler.invoke(SCMHAInvocationHandler.java:74)
	at jdk.proxy2/jdk.proxy2.$Proxy48.updatePipelineState(Unknown Source)
	at org.apache.hadoop.hdds.scm.pipeline.PipelineManagerImpl.openPipeline(PipelineManagerImpl.java:430)
	at org.apache.hadoop.hdds.scm.pipeline.PipelineReportHandler.processPipelineReport(PipelineReportHandler.java:135)
	at org.apache.hadoop.hdds.scm.pipeline.PipelineReportHandler.onMessage(PipelineReportHandler.java:93)
	at org.apache.hadoop.hdds.scm.pipeline.PipelineReportHandler.onMessage(PipelineReportHandler.java:52)
	at org.apache.hadoop.hdds.server.events.SingleThreadExecutor.lambda$onMessage$1(SingleThreadExecutor.java:86)
	at java.base/java.util.concurrent.ThreadPoolExecutor.runWorker(ThreadPoolExecutor.java:1136)
	at java.base/java.util.concurrent.ThreadPoolExecutor$Worker.run(ThreadPoolExecutor.java:635)
	at java.base/java.lang.Thread.run(Thread.java:840)
Caused by: org.apache.ratis.protocol.exceptions.NotLeaderException: Server 39a46239-dc5f-49f3-8624-e36d450519bc@group-1EB1B476413A is not the leader eb66df86-6ffc-4e53-b873-cb2b44d5f35d|localhost:15003
	at org.apache.ratis.server.impl.RaftServerImpl.generateNotLeaderException(RaftServerImpl.java:766)
	at org.apache.ratis.server.impl.RaftServerImpl.checkLeaderState(RaftServerImpl.java:731)
	at org.apache.ratis.server.impl.RaftServerImpl.checkLeaderState(RaftServerImpl.java:717)
	at org.apache.ratis.server.impl.RaftServerImpl.writeAsyncImpl(RaftServerImpl.java:958)
	at org.apache.ratis.server.impl.RaftServerImpl.writeAsync(RaftServerImpl.java:945)
	at org.apache.ratis.server.impl.RaftServerImpl.replyFuture(RaftServerImpl.java:937)
	at org.apache.ratis.server.impl.RaftServerImpl.submitClientRequestAsync(RaftServerImpl.java:912)
	at org.apache.ratis.server.impl.RaftServerImpl.lambda$executeSubmitClientRequestAsync$11(RaftServerImpl.java:893)
	at java.base/java.util.concurrent.CompletableFuture$AsyncSupply.run(CompletableFuture.java:1768)
	... 3 more
2024-07-06 11:54:08,357 [scmNode-2-EventQueue-PipelineReportForPipelineReportHandler] ERROR pipeline.PipelineReportHandler (PipelineReportHandler.java:onMessage(100)) - Could not process pipeline report=pipelineID {
  id: "6705f5cd-a47f-4964-9f36-87eafb25b769"
  uuid128 {
    mostSigBits: 7423609824367036772
    leastSigBits: -6974237529630984343
  }
}
isLeader: false
bytesWritten: 0
 from dn=eb39f61f-e86a-4779-8e52-f95c095d9393(fv-az1041-405.cgqmq5qunpnelbz5tk1v55v5te.bx.internal.cloudapp.net/10.1.0.11).
org.apache.hadoop.hdds.scm.exceptions.SCMException: org.apache.ratis.protocol.exceptions.NotLeaderException: Server 41075d7a-0d70-4fa2-ba46-cbc672699b06@group-1EB1B476413A is not the leader eb66df86-6ffc-4e53-b873-cb2b44d5f35d|localhost:15003
	at org.apache.hadoop.hdds.scm.ha.SCMHAInvocationHandler.translateException(SCMHAInvocationHandler.java:165)
	at org.apache.hadoop.hdds.scm.ha.SCMHAInvocationHandler.invokeRatis(SCMHAInvocationHandler.java:115)
	at org.apache.hadoop.hdds.scm.ha.SCMHAInvocationHandler.invoke(SCMHAInvocationHandler.java:74)
	at jdk.proxy2/jdk.proxy2.$Proxy48.updatePipelineState(Unknown Source)
	at org.apache.hadoop.hdds.scm.pipeline.PipelineManagerImpl.openPipeline(PipelineManagerImpl.java:430)
	at org.apache.hadoop.hdds.scm.pipeline.PipelineReportHandler.processPipelineReport(PipelineReportHandler.java:135)
	at org.apache.hadoop.hdds.scm.pipeline.PipelineReportHandler.onMessage(PipelineReportHandler.java:93)
	at org.apache.hadoop.hdds.scm.pipeline.PipelineReportHandler.onMessage(PipelineReportHandler.java:52)
	at org.apache.hadoop.hdds.server.events.SingleThreadExecutor.lambda$onMessage$1(SingleThreadExecutor.java:86)
	at java.base/java.util.concurrent.ThreadPoolExecutor.runWorker(ThreadPoolExecutor.java:1136)
	at java.base/java.util.concurrent.ThreadPoolExecutor$Worker.run(ThreadPoolExecutor.java:635)
	at java.base/java.lang.Thread.run(Thread.java:840)
Caused by: org.apache.ratis.protocol.exceptions.NotLeaderException: Server 41075d7a-0d70-4fa2-ba46-cbc672699b06@group-1EB1B476413A is not the leader eb66df86-6ffc-4e53-b873-cb2b44d5f35d|localhost:15003
	at org.apache.ratis.server.impl.RaftServerImpl.generateNotLeaderException(RaftServerImpl.java:766)
	at org.apache.ratis.server.impl.RaftServerImpl.checkLeaderState(RaftServerImpl.java:731)
	at org.apache.ratis.server.impl.RaftServerImpl.checkLeaderState(RaftServerImpl.java:717)
	at org.apache.ratis.server.impl.RaftServerImpl.writeAsyncImpl(RaftServerImpl.java:958)
	at org.apache.ratis.server.impl.RaftServerImpl.writeAsync(RaftServerImpl.java:945)
	at org.apache.ratis.server.impl.RaftServerImpl.replyFuture(RaftServerImpl.java:937)
	at org.apache.ratis.server.impl.RaftServerImpl.submitClientRequestAsync(RaftServerImpl.java:912)
	at org.apache.ratis.server.impl.RaftServerImpl.lambda$executeSubmitClientRequestAsync$11(RaftServerImpl.java:893)
	at java.base/java.util.concurrent.CompletableFuture$AsyncSupply.run(CompletableFuture.java:1768)
	... 3 more
2024-07-06 11:54:08,360 [eb39f61f-e86a-4779-8e52-f95c095d9393-groupManagement] INFO  server.RaftServerConfigKeys (ConfUtils.java:logGet(46)) - raft.server.log.segment.size.max = 67108864 (custom)
2024-07-06 11:54:08,360 [eb66df86-6ffc-4e53-b873-cb2b44d5f35d@group-1EB1B476413A-StateMachineUpdater] INFO  safemode.HealthyPipelineSafeModeRule (HealthyPipelineSafeModeRule.java:initializeRule(172)) - Refreshed total pipeline count is 0, healthy pipeline threshold count is 1
2024-07-06 11:54:08,360 [scmNode-1-EventQueue-PipelineReportForPipelineReportHandler] INFO  pipeline.PipelineReportHandler (PipelineReportHandler.java:processPipelineReport(136)) - Opened pipeline PipelineID=6705f5cd-a47f-4964-9f36-87eafb25b769
2024-07-06 11:54:08,360 [scmNode-1-EventQueue-OpenPipelineForHealthyPipelineSafeModeRule] INFO  safemode.SCMSafeModeManager (HealthyPipelineSafeModeRule.java:process(140)) - SCM in safe mode. Healthy pipelines reported count is 0, required healthy pipeline reported count is 1
2024-07-06 11:54:08,361 [eb39f61f-e86a-4779-8e52-f95c095d9393-groupManagement] INFO  server.RaftServerConfigKeys (ConfUtils.java:logGet(46)) - raft.server.log.segment.cache.num.max = 2 (custom)
2024-07-06 11:54:08,361 [eb39f61f-e86a-4779-8e52-f95c095d9393-groupManagement] INFO  server.RaftServerConfigKeys (ConfUtils.java:logGet(46)) - raft.server.log.segment.cache.size.max = 200MB (=209715200) (default)
2024-07-06 11:54:08,361 [eb39f61f-e86a-4779-8e52-f95c095d9393-groupManagement] INFO  server.RaftServerConfigKeys (ConfUtils.java:logGet(46)) - raft.server.log.appender.buffer.byte-limit = 8388608 (custom)
2024-07-06 11:54:08,362 [39a46239-dc5f-49f3-8624-e36d450519bc@group-1EB1B476413A-StateMachineUpdater] INFO  safemode.HealthyPipelineSafeModeRule (HealthyPipelineSafeModeRule.java:initializeRule(172)) - Refreshed total pipeline count is 0, healthy pipeline threshold count is 1
2024-07-06 11:54:08,362 [41075d7a-0d70-4fa2-ba46-cbc672699b06@group-1EB1B476413A-StateMachineUpdater] INFO  safemode.HealthyPipelineSafeModeRule (HealthyPipelineSafeModeRule.java:initializeRule(172)) - Refreshed total pipeline count is 0, healthy pipeline threshold count is 1
2024-07-06 11:54:08,363 [eb39f61f-e86a-4779-8e52-f95c095d9393-groupManagement] INFO  util.AwaitToRun (AwaitToRun.java:start(81)) - Thread[eb39f61f-e86a-4779-8e52-f95c095d9393@group-87EAFB25B769-cacheEviction-AwaitToRun,5,main] started
2024-07-06 11:54:08,363 [eb39f61f-e86a-4779-8e52-f95c095d9393-groupManagement] INFO  segmented.SegmentedRaftLogWorker (SegmentedRaftLogWorker.java:<init>(184)) - new eb39f61f-e86a-4779-8e52-f95c095d9393@group-87EAFB25B769-SegmentedRaftLogWorker for RaftStorageImpl:Storage Directory /home/runner/work/ozone/ozone/hadoop-ozone/integration-test/target/test-dir/MiniOzoneClusterImpl-23934d72-33be-4118-bcff-1eb1b476413a/ozone-meta/datanode-3/ratis/6705f5cd-a47f-4964-9f36-87eafb25b769
2024-07-06 11:54:08,363 [eb39f61f-e86a-4779-8e52-f95c095d9393-groupManagement] INFO  server.RaftServerConfigKeys (ConfUtils.java:logGet(46)) - raft.server.log.queue.byte-limit = 4294967296 (custom)
2024-07-06 11:54:08,363 [eb39f61f-e86a-4779-8e52-f95c095d9393-groupManagement] INFO  server.RaftServerConfigKeys (ConfUtils.java:logGet(46)) - raft.server.log.queue.element-limit = 1024 (custom)
2024-07-06 11:54:08,363 [eb39f61f-e86a-4779-8e52-f95c095d9393-groupManagement] INFO  server.RaftServerConfigKeys (ConfUtils.java:logGet(46)) - raft.server.log.segment.size.max = 67108864 (custom)
2024-07-06 11:54:08,364 [eb39f61f-e86a-4779-8e52-f95c095d9393-groupManagement] INFO  server.RaftServerConfigKeys (ConfUtils.java:logGet(46)) - raft.server.log.preallocated.size = 4194304 (custom)
2024-07-06 11:54:08,364 [eb39f61f-e86a-4779-8e52-f95c095d9393-groupManagement] INFO  server.RaftServerConfigKeys (ConfUtils.java:logGet(46)) - raft.server.log.force.sync.num = 128 (default)
2024-07-06 11:54:08,364 [eb39f61f-e86a-4779-8e52-f95c095d9393-groupManagement] INFO  server.RaftServerConfigKeys (ConfUtils.java:logGet(46)) - raft.server.log.statemachine.data.sync = true (default)
2024-07-06 11:54:08,364 [eb39f61f-e86a-4779-8e52-f95c095d9393-groupManagement] INFO  server.RaftServerConfigKeys (ConfUtils.java:logGet(46)) - raft.server.log.statemachine.data.sync.timeout = 10s (default)
2024-07-06 11:54:08,364 [eb39f61f-e86a-4779-8e52-f95c095d9393-groupManagement] INFO  server.RaftServerConfigKeys (ConfUtils.java:logGet(46)) - raft.server.log.statemachine.data.sync.timeout.retry = 30 (custom)
2024-07-06 11:54:08,364 [eb39f61f-e86a-4779-8e52-f95c095d9393-groupManagement] INFO  server.RaftServerConfigKeys (ConfUtils.java:logGet(46)) - raft.server.log.write.buffer.size = 8388616 (custom)
2024-07-06 11:54:08,367 [eb39f61f-e86a-4779-8e52-f95c095d9393-groupManagement] INFO  server.RaftServerConfigKeys (ConfUtils.java:logGet(46)) - raft.server.log.appender.buffer.byte-limit = 8388608 (custom)
2024-07-06 11:54:08,367 [eb39f61f-e86a-4779-8e52-f95c095d9393-groupManagement] INFO  server.RaftServerConfigKeys (ConfUtils.java:logGet(46)) - raft.server.log.unsafe-flush.enabled = false (default)
2024-07-06 11:54:08,367 [eb39f61f-e86a-4779-8e52-f95c095d9393-groupManagement] INFO  server.RaftServerConfigKeys (ConfUtils.java:logGet(46)) - raft.server.log.async-flush.enabled = false (default)
2024-07-06 11:54:08,367 [eb39f61f-e86a-4779-8e52-f95c095d9393-groupManagement] INFO  server.RaftServerConfigKeys (ConfUtils.java:logGet(46)) - raft.server.log.statemachine.data.caching.enabled = true (custom)
2024-07-06 11:54:08,367 [eb39f61f-e86a-4779-8e52-f95c095d9393-groupManagement] INFO  segmented.SegmentedRaftLogWorker (SegmentedRaftLogWorker.java:lambda$new$0(135)) - eb39f61f-e86a-4779-8e52-f95c095d9393@group-87EAFB25B769-SegmentedRaftLogWorker: flushIndex: setUnconditionally 0 -> -1
2024-07-06 11:54:08,367 [eb39f61f-e86a-4779-8e52-f95c095d9393-groupManagement] INFO  segmented.SegmentedRaftLogWorker (SegmentedRaftLogWorker.java:lambda$new$0(135)) - eb39f61f-e86a-4779-8e52-f95c095d9393@group-87EAFB25B769-SegmentedRaftLogWorker: safeCacheEvictIndex: setUnconditionally 0 -> -1
2024-07-06 11:54:08,368 [eb39f61f-e86a-4779-8e52-f95c095d9393-groupManagement] INFO  server.RaftServer$Division (RaftServerImpl.java:start(389)) - eb39f61f-e86a-4779-8e52-f95c095d9393@group-87EAFB25B769: start as a follower, conf=conf: {index: -1, cur=peers:[eb39f61f-e86a-4779-8e52-f95c095d9393|10.1.0.11:15064]|listeners:[], old=null}
2024-07-06 11:54:08,368 [eb39f61f-e86a-4779-8e52-f95c095d9393-groupManagement] INFO  server.RaftServer$Division (RaftServerImpl.java:setRole(376)) - eb39f61f-e86a-4779-8e52-f95c095d9393@group-87EAFB25B769: changes role from      null to FOLLOWER at term 0 for startAsFollower
2024-07-06 11:54:08,368 [eb39f61f-e86a-4779-8e52-f95c095d9393-groupManagement] INFO  impl.RoleInfo (RoleInfo.java:updateAndGet(148)) - eb39f61f-e86a-4779-8e52-f95c095d9393: start eb39f61f-e86a-4779-8e52-f95c095d9393@group-87EAFB25B769-FollowerState
2024-07-06 11:54:08,369 [eb39f61f-e86a-4779-8e52-f95c095d9393@group-87EAFB25B769-FollowerState] INFO  server.RaftServerConfigKeys (ConfUtils.java:logFallback(53)) - raft.server.rpc.first-election.timeout.min = 5s (fallback to raft.server.rpc.timeout.min)
2024-07-06 11:54:08,369 [eb39f61f-e86a-4779-8e52-f95c095d9393@group-87EAFB25B769-FollowerState] INFO  server.RaftServerConfigKeys (ConfUtils.java:logFallback(53)) - raft.server.rpc.first-election.timeout.max = 5200ms (fallback to raft.server.rpc.timeout.max)
2024-07-06 11:54:08,369 [eb39f61f-e86a-4779-8e52-f95c095d9393-groupManagement] INFO  util.JmxRegister (JmxRegister.java:tryRegister(44)) - Successfully registered JMX Bean with object name Ratis:service=RaftServer,group=group-87EAFB25B769,id=eb39f61f-e86a-4779-8e52-f95c095d9393
2024-07-06 11:54:08,369 [eb39f61f-e86a-4779-8e52-f95c095d9393-groupManagement] INFO  util.JmxRegister (JmxRegister.java:register(58)) - register mxBean class org.apache.ratis.server.impl.RaftServerJmxAdapter as Ratis:service=RaftServer,group=group-87EAFB25B769,id=eb39f61f-e86a-4779-8e52-f95c095d9393
2024-07-06 11:54:08,370 [eb39f61f-e86a-4779-8e52-f95c095d9393-groupManagement] INFO  server.RaftServerConfigKeys (ConfUtils.java:logGet(46)) - raft.server.snapshot.trigger-when-stop.enabled = true (default)
2024-07-06 11:54:08,370 [eb39f61f-e86a-4779-8e52-f95c095d9393-groupManagement] INFO  server.RaftServerConfigKeys (ConfUtils.java:logGet(46)) - raft.server.snapshot.trigger-when-remove.enabled = true (default)
2024-07-06 11:54:08,370 [eb39f61f-e86a-4779-8e52-f95c095d9393-groupManagement] INFO  server.RaftServerConfigKeys (ConfUtils.java:logGet(46)) - raft.server.snapshot.auto.trigger.enabled = true (custom)
2024-07-06 11:54:08,370 [eb39f61f-e86a-4779-8e52-f95c095d9393-groupManagement] INFO  server.RaftServerConfigKeys (ConfUtils.java:logGet(46)) - raft.server.snapshot.auto.trigger.threshold = 10000 (custom)
2024-07-06 11:54:08,370 [eb39f61f-e86a-4779-8e52-f95c095d9393-groupManagement] INFO  server.RaftServerConfigKeys (ConfUtils.java:logGet(46)) - raft.server.snapshot.retention.file.num = 5 (custom)
2024-07-06 11:54:08,370 [eb39f61f-e86a-4779-8e52-f95c095d9393-groupManagement] INFO  server.RaftServerConfigKeys (ConfUtils.java:logGet(46)) - raft.server.log.purge.upto.snapshot.index = false (default)
2024-07-06 11:54:08,371 [eb39f61f-e86a-4779-8e52-f95c095d9393-PipelineCommandHandlerThread-0] INFO  ratis.XceiverServerRatis (XceiverServerRatis.java:addGroup(849)) - Created group PipelineID=6705f5cd-a47f-4964-9f36-87eafb25b769
2024-07-06 11:54:08,371 [eb39f61f-e86a-4779-8e52-f95c095d9393-PipelineCommandHandlerThread-0] INFO  commandhandler.CreatePipelineCommandHandler (CreatePipelineCommandHandler.java:lambda$handle$2(124)) - Created Pipeline RATIS ONE PipelineID=6705f5cd-a47f-4964-9f36-87eafb25b769.
2024-07-06 11:54:08,968 [scmNode-1-SecretKeyManagerService] INFO  symmetric.SecretKeyManager (SecretKeyManager.java:checkAndRotate(125)) - SecretKey rotation is happening, new key generated SecretKey(id = b27f5e34-8f5e-4f15-9add-fbcebd699723, creation at: 2024-07-06T11:54:08.968208706Z, expire at: 2024-07-06T11:54:11.968208706Z)
2024-07-06 11:54:08,971 [eb66df86-6ffc-4e53-b873-cb2b44d5f35d@group-1EB1B476413A-StateMachineUpdater] INFO  symmetric.SecretKeyStateImpl (SecretKeyStateImpl.java:updateKeysInternal(113)) - Updating keys with [SecretKey(id = c25eb895-c511-4219-935b-2fa06d5b8035, creation at: 2024-07-06T11:54:07.868Z, expire at: 2024-07-06T11:54:10.868Z), SecretKey(id = 4ac6b657-71ed-4053-9190-237c31bf962e, creation at: 2024-07-06T11:54:06.768Z, expire at: 2024-07-06T11:54:09.768Z), SecretKey(id = b27f5e34-8f5e-4f15-9add-fbcebd699723, creation at: 2024-07-06T11:54:08.968Z, expire at: 2024-07-06T11:54:11.968Z)]
2024-07-06 11:54:08,971 [eb66df86-6ffc-4e53-b873-cb2b44d5f35d@group-1EB1B476413A-StateMachineUpdater] INFO  symmetric.SecretKeyStateImpl (SecretKeyStateImpl.java:updateKeysInternal(128)) - Current key updated SecretKey(id = b27f5e34-8f5e-4f15-9add-fbcebd699723, creation at: 2024-07-06T11:54:08.968Z, expire at: 2024-07-06T11:54:11.968Z)
2024-07-06 11:54:08,972 [eb66df86-6ffc-4e53-b873-cb2b44d5f35d@group-1EB1B476413A-StateMachineUpdater] INFO  symmetric.LocalSecretKeyStore (LocalSecretKeyStore.java:save(109)) - Saved [SecretKey(id = b27f5e34-8f5e-4f15-9add-fbcebd699723, creation at: 2024-07-06T11:54:08.968Z, expire at: 2024-07-06T11:54:11.968Z), SecretKey(id = c25eb895-c511-4219-935b-2fa06d5b8035, creation at: 2024-07-06T11:54:07.868Z, expire at: 2024-07-06T11:54:10.868Z), SecretKey(id = 4ac6b657-71ed-4053-9190-237c31bf962e, creation at: 2024-07-06T11:54:06.768Z, expire at: 2024-07-06T11:54:09.768Z)] to file /home/runner/work/ozone/ozone/hadoop-ozone/integration-test/target/test-dir/MiniOzoneClusterImpl-23934d72-33be-4118-bcff-1eb1b476413a/scmNode-1/scm/keys/secret_keys.json
2024-07-06 11:54:08,972 [eb66df86-6ffc-4e53-b873-cb2b44d5f35d@group-1EB1B476413A-StateMachineUpdater] INFO  safemode.HealthyPipelineSafeModeRule (HealthyPipelineSafeModeRule.java:initializeRule(172)) - Refreshed total pipeline count is 0, healthy pipeline threshold count is 1
2024-07-06 11:54:08,974 [41075d7a-0d70-4fa2-ba46-cbc672699b06@group-1EB1B476413A-StateMachineUpdater] INFO  symmetric.SecretKeyStateImpl (SecretKeyStateImpl.java:updateKeysInternal(113)) - Updating keys with [SecretKey(id = c25eb895-c511-4219-935b-2fa06d5b8035, creation at: 2024-07-06T11:54:07.868Z, expire at: 2024-07-06T11:54:10.868Z), SecretKey(id = 4ac6b657-71ed-4053-9190-237c31bf962e, creation at: 2024-07-06T11:54:06.768Z, expire at: 2024-07-06T11:54:09.768Z), SecretKey(id = b27f5e34-8f5e-4f15-9add-fbcebd699723, creation at: 2024-07-06T11:54:08.968Z, expire at: 2024-07-06T11:54:11.968Z)]
2024-07-06 11:54:08,974 [41075d7a-0d70-4fa2-ba46-cbc672699b06@group-1EB1B476413A-StateMachineUpdater] INFO  symmetric.SecretKeyStateImpl (SecretKeyStateImpl.java:updateKeysInternal(128)) - Current key updated SecretKey(id = b27f5e34-8f5e-4f15-9add-fbcebd699723, creation at: 2024-07-06T11:54:08.968Z, expire at: 2024-07-06T11:54:11.968Z)
2024-07-06 11:54:08,975 [41075d7a-0d70-4fa2-ba46-cbc672699b06@group-1EB1B476413A-StateMachineUpdater] INFO  symmetric.LocalSecretKeyStore (LocalSecretKeyStore.java:save(109)) - Saved [SecretKey(id = b27f5e34-8f5e-4f15-9add-fbcebd699723, creation at: 2024-07-06T11:54:08.968Z, expire at: 2024-07-06T11:54:11.968Z), SecretKey(id = c25eb895-c511-4219-935b-2fa06d5b8035, creation at: 2024-07-06T11:54:07.868Z, expire at: 2024-07-06T11:54:10.868Z), SecretKey(id = 4ac6b657-71ed-4053-9190-237c31bf962e, creation at: 2024-07-06T11:54:06.768Z, expire at: 2024-07-06T11:54:09.768Z)] to file /home/runner/work/ozone/ozone/hadoop-ozone/integration-test/target/test-dir/MiniOzoneClusterImpl-23934d72-33be-4118-bcff-1eb1b476413a/scmNode-2/scm/keys/secret_keys.json
2024-07-06 11:54:08,975 [41075d7a-0d70-4fa2-ba46-cbc672699b06@group-1EB1B476413A-StateMachineUpdater] INFO  safemode.HealthyPipelineSafeModeRule (HealthyPipelineSafeModeRule.java:initializeRule(172)) - Refreshed total pipeline count is 0, healthy pipeline threshold count is 1
2024-07-06 11:54:08,975 [39a46239-dc5f-49f3-8624-e36d450519bc@group-1EB1B476413A-StateMachineUpdater] INFO  symmetric.SecretKeyStateImpl (SecretKeyStateImpl.java:updateKeysInternal(113)) - Updating keys with [SecretKey(id = c25eb895-c511-4219-935b-2fa06d5b8035, creation at: 2024-07-06T11:54:07.868Z, expire at: 2024-07-06T11:54:10.868Z), SecretKey(id = 4ac6b657-71ed-4053-9190-237c31bf962e, creation at: 2024-07-06T11:54:06.768Z, expire at: 2024-07-06T11:54:09.768Z), SecretKey(id = b27f5e34-8f5e-4f15-9add-fbcebd699723, creation at: 2024-07-06T11:54:08.968Z, expire at: 2024-07-06T11:54:11.968Z)]
2024-07-06 11:54:08,975 [39a46239-dc5f-49f3-8624-e36d450519bc@group-1EB1B476413A-StateMachineUpdater] INFO  symmetric.SecretKeyStateImpl (SecretKeyStateImpl.java:updateKeysInternal(128)) - Current key updated SecretKey(id = b27f5e34-8f5e-4f15-9add-fbcebd699723, creation at: 2024-07-06T11:54:08.968Z, expire at: 2024-07-06T11:54:11.968Z)
2024-07-06 11:54:08,976 [39a46239-dc5f-49f3-8624-e36d450519bc@group-1EB1B476413A-StateMachineUpdater] INFO  symmetric.LocalSecretKeyStore (LocalSecretKeyStore.java:save(109)) - Saved [SecretKey(id = b27f5e34-8f5e-4f15-9add-fbcebd699723, creation at: 2024-07-06T11:54:08.968Z, expire at: 2024-07-06T11:54:11.968Z), SecretKey(id = c25eb895-c511-4219-935b-2fa06d5b8035, creation at: 2024-07-06T11:54:07.868Z, expire at: 2024-07-06T11:54:10.868Z), SecretKey(id = 4ac6b657-71ed-4053-9190-237c31bf962e, creation at: 2024-07-06T11:54:06.768Z, expire at: 2024-07-06T11:54:09.768Z)] to file /home/runner/work/ozone/ozone/hadoop-ozone/integration-test/target/test-dir/MiniOzoneClusterImpl-23934d72-33be-4118-bcff-1eb1b476413a/scmNode-3/scm/keys/secret_keys.json
2024-07-06 11:54:08,976 [39a46239-dc5f-49f3-8624-e36d450519bc@group-1EB1B476413A-StateMachineUpdater] INFO  safemode.HealthyPipelineSafeModeRule (HealthyPipelineSafeModeRule.java:initializeRule(172)) - Refreshed total pipeline count is 0, healthy pipeline threshold count is 1
2024-07-06 11:54:09,068 [SecretKeyPoller] INFO  symmetric.DefaultSecretKeySignerClient (DefaultSecretKeySignerClient.java:checkAndRefresh(167)) - New secret key fetched from SCM: SecretKey(id = b27f5e34-8f5e-4f15-9add-fbcebd699723, creation at: 2024-07-06T11:54:08.968Z, expire at: 2024-07-06T11:54:11.968Z).
2024-07-06 11:54:09,068 [SecretKeyPoller] INFO  symmetric.DefaultSecretKeySignerClient (DefaultSecretKeySignerClient.java:checkAndRefresh(167)) - New secret key fetched from SCM: SecretKey(id = b27f5e34-8f5e-4f15-9add-fbcebd699723, creation at: 2024-07-06T11:54:08.968Z, expire at: 2024-07-06T11:54:11.968Z).
2024-07-06 11:54:09,068 [om1-SecretKeyPoller] INFO  symmetric.DefaultSecretKeySignerClient (DefaultSecretKeySignerClient.java:checkAndRefresh(167)) - New secret key fetched from SCM: SecretKey(id = b27f5e34-8f5e-4f15-9add-fbcebd699723, creation at: 2024-07-06T11:54:08.968Z, expire at: 2024-07-06T11:54:11.968Z).
2024-07-06 11:54:09,068 [SecretKeyPoller] INFO  symmetric.DefaultSecretKeySignerClient (DefaultSecretKeySignerClient.java:checkAndRefresh(167)) - New secret key fetched from SCM: SecretKey(id = b27f5e34-8f5e-4f15-9add-fbcebd699723, creation at: 2024-07-06T11:54:08.968Z, expire at: 2024-07-06T11:54:11.968Z).
2024-07-06 11:54:09,348 [main] INFO  ozone.MiniOzoneClusterImpl (MiniOzoneClusterImpl.java:lambda$waitForClusterToBeReady$0(194)) - Nodes are ready. Got 3 of 3 DN Heartbeats.
2024-07-06 11:54:09,348 [main] INFO  ozone.MiniOzoneClusterImpl (MiniOzoneClusterImpl.java:lambda$waitForClusterToBeReady$0(197)) - Waiting for cluster to exit safe mode
2024-07-06 11:54:09,348 [main] INFO  ozone.MiniOzoneClusterImpl (MiniOzoneClusterImpl.java:lambda$waitForClusterToBeReady$0(199)) - SCM became leader
2024-07-06 11:54:10,068 [scmNode-1-SecretKeyManagerService] INFO  symmetric.SecretKeyManager (SecretKeyManager.java:checkAndRotate(125)) - SecretKey rotation is happening, new key generated SecretKey(id = bdd798e0-acd2-429d-9249-2a38be4cc7af, creation at: 2024-07-06T11:54:10.068086472Z, expire at: 2024-07-06T11:54:13.068086472Z)
2024-07-06 11:54:10,071 [eb66df86-6ffc-4e53-b873-cb2b44d5f35d@group-1EB1B476413A-StateMachineUpdater] INFO  symmetric.SecretKeyStateImpl (SecretKeyStateImpl.java:updateKeysInternal(113)) - Updating keys with [SecretKey(id = b27f5e34-8f5e-4f15-9add-fbcebd699723, creation at: 2024-07-06T11:54:08.968Z, expire at: 2024-07-06T11:54:11.968Z), SecretKey(id = c25eb895-c511-4219-935b-2fa06d5b8035, creation at: 2024-07-06T11:54:07.868Z, expire at: 2024-07-06T11:54:10.868Z), SecretKey(id = bdd798e0-acd2-429d-9249-2a38be4cc7af, creation at: 2024-07-06T11:54:10.068Z, expire at: 2024-07-06T11:54:13.068Z)]
2024-07-06 11:54:10,071 [eb66df86-6ffc-4e53-b873-cb2b44d5f35d@group-1EB1B476413A-StateMachineUpdater] INFO  symmetric.SecretKeyStateImpl (SecretKeyStateImpl.java:updateKeysInternal(128)) - Current key updated SecretKey(id = bdd798e0-acd2-429d-9249-2a38be4cc7af, creation at: 2024-07-06T11:54:10.068Z, expire at: 2024-07-06T11:54:13.068Z)
2024-07-06 11:54:10,072 [eb66df86-6ffc-4e53-b873-cb2b44d5f35d@group-1EB1B476413A-StateMachineUpdater] INFO  symmetric.LocalSecretKeyStore (LocalSecretKeyStore.java:save(109)) - Saved [SecretKey(id = bdd798e0-acd2-429d-9249-2a38be4cc7af, creation at: 2024-07-06T11:54:10.068Z, expire at: 2024-07-06T11:54:13.068Z), SecretKey(id = b27f5e34-8f5e-4f15-9add-fbcebd699723, creation at: 2024-07-06T11:54:08.968Z, expire at: 2024-07-06T11:54:11.968Z), SecretKey(id = c25eb895-c511-4219-935b-2fa06d5b8035, creation at: 2024-07-06T11:54:07.868Z, expire at: 2024-07-06T11:54:10.868Z)] to file /home/runner/work/ozone/ozone/hadoop-ozone/integration-test/target/test-dir/MiniOzoneClusterImpl-23934d72-33be-4118-bcff-1eb1b476413a/scmNode-1/scm/keys/secret_keys.json
2024-07-06 11:54:10,073 [eb66df86-6ffc-4e53-b873-cb2b44d5f35d@group-1EB1B476413A-StateMachineUpdater] INFO  safemode.HealthyPipelineSafeModeRule (HealthyPipelineSafeModeRule.java:initializeRule(172)) - Refreshed total pipeline count is 0, healthy pipeline threshold count is 1
2024-07-06 11:54:10,072 [39a46239-dc5f-49f3-8624-e36d450519bc@group-1EB1B476413A-StateMachineUpdater] INFO  symmetric.SecretKeyStateImpl (SecretKeyStateImpl.java:updateKeysInternal(113)) - Updating keys with [SecretKey(id = b27f5e34-8f5e-4f15-9add-fbcebd699723, creation at: 2024-07-06T11:54:08.968Z, expire at: 2024-07-06T11:54:11.968Z), SecretKey(id = c25eb895-c511-4219-935b-2fa06d5b8035, creation at: 2024-07-06T11:54:07.868Z, expire at: 2024-07-06T11:54:10.868Z), SecretKey(id = bdd798e0-acd2-429d-9249-2a38be4cc7af, creation at: 2024-07-06T11:54:10.068Z, expire at: 2024-07-06T11:54:13.068Z)]
2024-07-06 11:54:10,073 [39a46239-dc5f-49f3-8624-e36d450519bc@group-1EB1B476413A-StateMachineUpdater] INFO  symmetric.SecretKeyStateImpl (SecretKeyStateImpl.java:updateKeysInternal(128)) - Current key updated SecretKey(id = bdd798e0-acd2-429d-9249-2a38be4cc7af, creation at: 2024-07-06T11:54:10.068Z, expire at: 2024-07-06T11:54:13.068Z)
2024-07-06 11:54:10,073 [39a46239-dc5f-49f3-8624-e36d450519bc@group-1EB1B476413A-StateMachineUpdater] INFO  symmetric.LocalSecretKeyStore (LocalSecretKeyStore.java:save(109)) - Saved [SecretKey(id = bdd798e0-acd2-429d-9249-2a38be4cc7af, creation at: 2024-07-06T11:54:10.068Z, expire at: 2024-07-06T11:54:13.068Z), SecretKey(id = b27f5e34-8f5e-4f15-9add-fbcebd699723, creation at: 2024-07-06T11:54:08.968Z, expire at: 2024-07-06T11:54:11.968Z), SecretKey(id = c25eb895-c511-4219-935b-2fa06d5b8035, creation at: 2024-07-06T11:54:07.868Z, expire at: 2024-07-06T11:54:10.868Z)] to file /home/runner/work/ozone/ozone/hadoop-ozone/integration-test/target/test-dir/MiniOzoneClusterImpl-23934d72-33be-4118-bcff-1eb1b476413a/scmNode-3/scm/keys/secret_keys.json
2024-07-06 11:54:10,074 [39a46239-dc5f-49f3-8624-e36d450519bc@group-1EB1B476413A-StateMachineUpdater] INFO  safemode.HealthyPipelineSafeModeRule (HealthyPipelineSafeModeRule.java:initializeRule(172)) - Refreshed total pipeline count is 0, healthy pipeline threshold count is 1
2024-07-06 11:54:10,075 [41075d7a-0d70-4fa2-ba46-cbc672699b06@group-1EB1B476413A-StateMachineUpdater] INFO  symmetric.SecretKeyStateImpl (SecretKeyStateImpl.java:updateKeysInternal(113)) - Updating keys with [SecretKey(id = b27f5e34-8f5e-4f15-9add-fbcebd699723, creation at: 2024-07-06T11:54:08.968Z, expire at: 2024-07-06T11:54:11.968Z), SecretKey(id = c25eb895-c511-4219-935b-2fa06d5b8035, creation at: 2024-07-06T11:54:07.868Z, expire at: 2024-07-06T11:54:10.868Z), SecretKey(id = bdd798e0-acd2-429d-9249-2a38be4cc7af, creation at: 2024-07-06T11:54:10.068Z, expire at: 2024-07-06T11:54:13.068Z)]
2024-07-06 11:54:10,075 [41075d7a-0d70-4fa2-ba46-cbc672699b06@group-1EB1B476413A-StateMachineUpdater] INFO  symmetric.SecretKeyStateImpl (SecretKeyStateImpl.java:updateKeysInternal(128)) - Current key updated SecretKey(id = bdd798e0-acd2-429d-9249-2a38be4cc7af, creation at: 2024-07-06T11:54:10.068Z, expire at: 2024-07-06T11:54:13.068Z)
2024-07-06 11:54:10,075 [41075d7a-0d70-4fa2-ba46-cbc672699b06@group-1EB1B476413A-StateMachineUpdater] INFO  symmetric.LocalSecretKeyStore (LocalSecretKeyStore.java:save(109)) - Saved [SecretKey(id = bdd798e0-acd2-429d-9249-2a38be4cc7af, creation at: 2024-07-06T11:54:10.068Z, expire at: 2024-07-06T11:54:13.068Z), SecretKey(id = b27f5e34-8f5e-4f15-9add-fbcebd699723, creation at: 2024-07-06T11:54:08.968Z, expire at: 2024-07-06T11:54:11.968Z), SecretKey(id = c25eb895-c511-4219-935b-2fa06d5b8035, creation at: 2024-07-06T11:54:07.868Z, expire at: 2024-07-06T11:54:10.868Z)] to file /home/runner/work/ozone/ozone/hadoop-ozone/integration-test/target/test-dir/MiniOzoneClusterImpl-23934d72-33be-4118-bcff-1eb1b476413a/scmNode-2/scm/keys/secret_keys.json
2024-07-06 11:54:10,075 [41075d7a-0d70-4fa2-ba46-cbc672699b06@group-1EB1B476413A-StateMachineUpdater] INFO  safemode.HealthyPipelineSafeModeRule (HealthyPipelineSafeModeRule.java:initializeRule(172)) - Refreshed total pipeline count is 0, healthy pipeline threshold count is 1
2024-07-06 11:54:10,168 [SecretKeyPoller] INFO  symmetric.DefaultSecretKeySignerClient (DefaultSecretKeySignerClient.java:checkAndRefresh(167)) - New secret key fetched from SCM: SecretKey(id = bdd798e0-acd2-429d-9249-2a38be4cc7af, creation at: 2024-07-06T11:54:10.068Z, expire at: 2024-07-06T11:54:13.068Z).
2024-07-06 11:54:10,168 [SecretKeyPoller] INFO  symmetric.DefaultSecretKeySignerClient (DefaultSecretKeySignerClient.java:checkAndRefresh(167)) - New secret key fetched from SCM: SecretKey(id = bdd798e0-acd2-429d-9249-2a38be4cc7af, creation at: 2024-07-06T11:54:10.068Z, expire at: 2024-07-06T11:54:13.068Z).
2024-07-06 11:54:10,168 [om1-SecretKeyPoller] INFO  symmetric.DefaultSecretKeySignerClient (DefaultSecretKeySignerClient.java:checkAndRefresh(167)) - New secret key fetched from SCM: SecretKey(id = bdd798e0-acd2-429d-9249-2a38be4cc7af, creation at: 2024-07-06T11:54:10.068Z, expire at: 2024-07-06T11:54:13.068Z).
2024-07-06 11:54:10,168 [SecretKeyPoller] INFO  symmetric.DefaultSecretKeySignerClient (DefaultSecretKeySignerClient.java:checkAndRefresh(167)) - New secret key fetched from SCM: SecretKey(id = bdd798e0-acd2-429d-9249-2a38be4cc7af, creation at: 2024-07-06T11:54:10.068Z, expire at: 2024-07-06T11:54:13.068Z).
2024-07-06 11:54:10,348 [main] INFO  ozone.MiniOzoneClusterImpl (MiniOzoneClusterImpl.java:lambda$waitForClusterToBeReady$0(194)) - Nodes are ready. Got 3 of 3 DN Heartbeats.
2024-07-06 11:54:10,349 [main] INFO  ozone.MiniOzoneClusterImpl (MiniOzoneClusterImpl.java:lambda$waitForClusterToBeReady$0(197)) - Waiting for cluster to exit safe mode
2024-07-06 11:54:10,349 [main] INFO  ozone.MiniOzoneClusterImpl (MiniOzoneClusterImpl.java:lambda$waitForClusterToBeReady$0(199)) - SCM became leader
2024-07-06 11:54:11,168 [scmNode-1-SecretKeyManagerService] INFO  symmetric.SecretKeyManager (SecretKeyManager.java:checkAndRotate(125)) - SecretKey rotation is happening, new key generated SecretKey(id = b18376e9-e689-4a5a-8e41-6387aa00e4a5, creation at: 2024-07-06T11:54:11.168090040Z, expire at: 2024-07-06T11:54:14.168090040Z)
2024-07-06 11:54:11,172 [eb66df86-6ffc-4e53-b873-cb2b44d5f35d@group-1EB1B476413A-StateMachineUpdater] INFO  symmetric.SecretKeyStateImpl (SecretKeyStateImpl.java:updateKeysInternal(113)) - Updating keys with [SecretKey(id = bdd798e0-acd2-429d-9249-2a38be4cc7af, creation at: 2024-07-06T11:54:10.068Z, expire at: 2024-07-06T11:54:13.068Z), SecretKey(id = b27f5e34-8f5e-4f15-9add-fbcebd699723, creation at: 2024-07-06T11:54:08.968Z, expire at: 2024-07-06T11:54:11.968Z), SecretKey(id = b18376e9-e689-4a5a-8e41-6387aa00e4a5, creation at: 2024-07-06T11:54:11.168Z, expire at: 2024-07-06T11:54:14.168Z)]
2024-07-06 11:54:11,172 [eb66df86-6ffc-4e53-b873-cb2b44d5f35d@group-1EB1B476413A-StateMachineUpdater] INFO  symmetric.SecretKeyStateImpl (SecretKeyStateImpl.java:updateKeysInternal(128)) - Current key updated SecretKey(id = b18376e9-e689-4a5a-8e41-6387aa00e4a5, creation at: 2024-07-06T11:54:11.168Z, expire at: 2024-07-06T11:54:14.168Z)
2024-07-06 11:54:11,172 [eb66df86-6ffc-4e53-b873-cb2b44d5f35d@group-1EB1B476413A-StateMachineUpdater] INFO  symmetric.LocalSecretKeyStore (LocalSecretKeyStore.java:save(109)) - Saved [SecretKey(id = b18376e9-e689-4a5a-8e41-6387aa00e4a5, creation at: 2024-07-06T11:54:11.168Z, expire at: 2024-07-06T11:54:14.168Z), SecretKey(id = bdd798e0-acd2-429d-9249-2a38be4cc7af, creation at: 2024-07-06T11:54:10.068Z, expire at: 2024-07-06T11:54:13.068Z), SecretKey(id = b27f5e34-8f5e-4f15-9add-fbcebd699723, creation at: 2024-07-06T11:54:08.968Z, expire at: 2024-07-06T11:54:11.968Z)] to file /home/runner/work/ozone/ozone/hadoop-ozone/integration-test/target/test-dir/MiniOzoneClusterImpl-23934d72-33be-4118-bcff-1eb1b476413a/scmNode-1/scm/keys/secret_keys.json
2024-07-06 11:54:11,173 [eb66df86-6ffc-4e53-b873-cb2b44d5f35d@group-1EB1B476413A-StateMachineUpdater] INFO  safemode.HealthyPipelineSafeModeRule (HealthyPipelineSafeModeRule.java:initializeRule(172)) - Refreshed total pipeline count is 0, healthy pipeline threshold count is 1
2024-07-06 11:54:11,173 [41075d7a-0d70-4fa2-ba46-cbc672699b06@group-1EB1B476413A-StateMachineUpdater] INFO  symmetric.SecretKeyStateImpl (SecretKeyStateImpl.java:updateKeysInternal(113)) - Updating keys with [SecretKey(id = bdd798e0-acd2-429d-9249-2a38be4cc7af, creation at: 2024-07-06T11:54:10.068Z, expire at: 2024-07-06T11:54:13.068Z), SecretKey(id = b27f5e34-8f5e-4f15-9add-fbcebd699723, creation at: 2024-07-06T11:54:08.968Z, expire at: 2024-07-06T11:54:11.968Z), SecretKey(id = b18376e9-e689-4a5a-8e41-6387aa00e4a5, creation at: 2024-07-06T11:54:11.168Z, expire at: 2024-07-06T11:54:14.168Z)]
2024-07-06 11:54:11,173 [41075d7a-0d70-4fa2-ba46-cbc672699b06@group-1EB1B476413A-StateMachineUpdater] INFO  symmetric.SecretKeyStateImpl (SecretKeyStateImpl.java:updateKeysInternal(128)) - Current key updated SecretKey(id = b18376e9-e689-4a5a-8e41-6387aa00e4a5, creation at: 2024-07-06T11:54:11.168Z, expire at: 2024-07-06T11:54:14.168Z)
2024-07-06 11:54:11,173 [39a46239-dc5f-49f3-8624-e36d450519bc@group-1EB1B476413A-StateMachineUpdater] INFO  symmetric.SecretKeyStateImpl (SecretKeyStateImpl.java:updateKeysInternal(113)) - Updating keys with [SecretKey(id = bdd798e0-acd2-429d-9249-2a38be4cc7af, creation at: 2024-07-06T11:54:10.068Z, expire at: 2024-07-06T11:54:13.068Z), SecretKey(id = b27f5e34-8f5e-4f15-9add-fbcebd699723, creation at: 2024-07-06T11:54:08.968Z, expire at: 2024-07-06T11:54:11.968Z), SecretKey(id = b18376e9-e689-4a5a-8e41-6387aa00e4a5, creation at: 2024-07-06T11:54:11.168Z, expire at: 2024-07-06T11:54:14.168Z)]
2024-07-06 11:54:11,173 [39a46239-dc5f-49f3-8624-e36d450519bc@group-1EB1B476413A-StateMachineUpdater] INFO  symmetric.SecretKeyStateImpl (SecretKeyStateImpl.java:updateKeysInternal(128)) - Current key updated SecretKey(id = b18376e9-e689-4a5a-8e41-6387aa00e4a5, creation at: 2024-07-06T11:54:11.168Z, expire at: 2024-07-06T11:54:14.168Z)
2024-07-06 11:54:11,174 [41075d7a-0d70-4fa2-ba46-cbc672699b06@group-1EB1B476413A-StateMachineUpdater] INFO  symmetric.LocalSecretKeyStore (LocalSecretKeyStore.java:save(109)) - Saved [SecretKey(id = b18376e9-e689-4a5a-8e41-6387aa00e4a5, creation at: 2024-07-06T11:54:11.168Z, expire at: 2024-07-06T11:54:14.168Z), SecretKey(id = bdd798e0-acd2-429d-9249-2a38be4cc7af, creation at: 2024-07-06T11:54:10.068Z, expire at: 2024-07-06T11:54:13.068Z), SecretKey(id = b27f5e34-8f5e-4f15-9add-fbcebd699723, creation at: 2024-07-06T11:54:08.968Z, expire at: 2024-07-06T11:54:11.968Z)] to file /home/runner/work/ozone/ozone/hadoop-ozone/integration-test/target/test-dir/MiniOzoneClusterImpl-23934d72-33be-4118-bcff-1eb1b476413a/scmNode-2/scm/keys/secret_keys.json
2024-07-06 11:54:11,174 [39a46239-dc5f-49f3-8624-e36d450519bc@group-1EB1B476413A-StateMachineUpdater] INFO  symmetric.LocalSecretKeyStore (LocalSecretKeyStore.java:save(109)) - Saved [SecretKey(id = b18376e9-e689-4a5a-8e41-6387aa00e4a5, creation at: 2024-07-06T11:54:11.168Z, expire at: 2024-07-06T11:54:14.168Z), SecretKey(id = bdd798e0-acd2-429d-9249-2a38be4cc7af, creation at: 2024-07-06T11:54:10.068Z, expire at: 2024-07-06T11:54:13.068Z), SecretKey(id = b27f5e34-8f5e-4f15-9add-fbcebd699723, creation at: 2024-07-06T11:54:08.968Z, expire at: 2024-07-06T11:54:11.968Z)] to file /home/runner/work/ozone/ozone/hadoop-ozone/integration-test/target/test-dir/MiniOzoneClusterImpl-23934d72-33be-4118-bcff-1eb1b476413a/scmNode-3/scm/keys/secret_keys.json
2024-07-06 11:54:11,174 [41075d7a-0d70-4fa2-ba46-cbc672699b06@group-1EB1B476413A-StateMachineUpdater] INFO  safemode.HealthyPipelineSafeModeRule (HealthyPipelineSafeModeRule.java:initializeRule(172)) - Refreshed total pipeline count is 0, healthy pipeline threshold count is 1
2024-07-06 11:54:11,174 [39a46239-dc5f-49f3-8624-e36d450519bc@group-1EB1B476413A-StateMachineUpdater] INFO  safemode.HealthyPipelineSafeModeRule (HealthyPipelineSafeModeRule.java:initializeRule(172)) - Refreshed total pipeline count is 0, healthy pipeline threshold count is 1
2024-07-06 11:54:11,268 [SecretKeyPoller] INFO  symmetric.DefaultSecretKeySignerClient (DefaultSecretKeySignerClient.java:checkAndRefresh(167)) - New secret key fetched from SCM: SecretKey(id = b18376e9-e689-4a5a-8e41-6387aa00e4a5, creation at: 2024-07-06T11:54:11.168Z, expire at: 2024-07-06T11:54:14.168Z).
2024-07-06 11:54:11,268 [SecretKeyPoller] INFO  symmetric.DefaultSecretKeySignerClient (DefaultSecretKeySignerClient.java:checkAndRefresh(167)) - New secret key fetched from SCM: SecretKey(id = b18376e9-e689-4a5a-8e41-6387aa00e4a5, creation at: 2024-07-06T11:54:11.168Z, expire at: 2024-07-06T11:54:14.168Z).
2024-07-06 11:54:11,268 [om1-SecretKeyPoller] INFO  symmetric.DefaultSecretKeySignerClient (DefaultSecretKeySignerClient.java:checkAndRefresh(167)) - New secret key fetched from SCM: SecretKey(id = b18376e9-e689-4a5a-8e41-6387aa00e4a5, creation at: 2024-07-06T11:54:11.168Z, expire at: 2024-07-06T11:54:14.168Z).
2024-07-06 11:54:11,268 [SecretKeyPoller] INFO  symmetric.DefaultSecretKeySignerClient (DefaultSecretKeySignerClient.java:checkAndRefresh(167)) - New secret key fetched from SCM: SecretKey(id = b18376e9-e689-4a5a-8e41-6387aa00e4a5, creation at: 2024-07-06T11:54:11.168Z, expire at: 2024-07-06T11:54:14.168Z).
2024-07-06 11:54:11,349 [main] INFO  ozone.MiniOzoneClusterImpl (MiniOzoneClusterImpl.java:lambda$waitForClusterToBeReady$0(194)) - Nodes are ready. Got 3 of 3 DN Heartbeats.
2024-07-06 11:54:11,349 [main] INFO  ozone.MiniOzoneClusterImpl (MiniOzoneClusterImpl.java:lambda$waitForClusterToBeReady$0(197)) - Waiting for cluster to exit safe mode
2024-07-06 11:54:11,349 [main] INFO  ozone.MiniOzoneClusterImpl (MiniOzoneClusterImpl.java:lambda$waitForClusterToBeReady$0(199)) - SCM became leader
2024-07-06 11:54:12,268 [scmNode-1-SecretKeyManagerService] INFO  symmetric.SecretKeyManager (SecretKeyManager.java:checkAndRotate(125)) - SecretKey rotation is happening, new key generated SecretKey(id = bab241fe-9c3a-4f0c-9a67-3b8c7de0fca8, creation at: 2024-07-06T11:54:12.268684487Z, expire at: 2024-07-06T11:54:15.268684487Z)
2024-07-06 11:54:12,272 [eb66df86-6ffc-4e53-b873-cb2b44d5f35d@group-1EB1B476413A-StateMachineUpdater] INFO  symmetric.SecretKeyStateImpl (SecretKeyStateImpl.java:updateKeysInternal(113)) - Updating keys with [SecretKey(id = b18376e9-e689-4a5a-8e41-6387aa00e4a5, creation at: 2024-07-06T11:54:11.168Z, expire at: 2024-07-06T11:54:14.168Z), SecretKey(id = bdd798e0-acd2-429d-9249-2a38be4cc7af, creation at: 2024-07-06T11:54:10.068Z, expire at: 2024-07-06T11:54:13.068Z), SecretKey(id = bab241fe-9c3a-4f0c-9a67-3b8c7de0fca8, creation at: 2024-07-06T11:54:12.268Z, expire at: 2024-07-06T11:54:15.268Z)]
2024-07-06 11:54:12,272 [eb66df86-6ffc-4e53-b873-cb2b44d5f35d@group-1EB1B476413A-StateMachineUpdater] INFO  symmetric.SecretKeyStateImpl (SecretKeyStateImpl.java:updateKeysInternal(128)) - Current key updated SecretKey(id = bab241fe-9c3a-4f0c-9a67-3b8c7de0fca8, creation at: 2024-07-06T11:54:12.268Z, expire at: 2024-07-06T11:54:15.268Z)
2024-07-06 11:54:12,273 [eb66df86-6ffc-4e53-b873-cb2b44d5f35d@group-1EB1B476413A-StateMachineUpdater] INFO  symmetric.LocalSecretKeyStore (LocalSecretKeyStore.java:save(109)) - Saved [SecretKey(id = bab241fe-9c3a-4f0c-9a67-3b8c7de0fca8, creation at: 2024-07-06T11:54:12.268Z, expire at: 2024-07-06T11:54:15.268Z), SecretKey(id = b18376e9-e689-4a5a-8e41-6387aa00e4a5, creation at: 2024-07-06T11:54:11.168Z, expire at: 2024-07-06T11:54:14.168Z), SecretKey(id = bdd798e0-acd2-429d-9249-2a38be4cc7af, creation at: 2024-07-06T11:54:10.068Z, expire at: 2024-07-06T11:54:13.068Z)] to file /home/runner/work/ozone/ozone/hadoop-ozone/integration-test/target/test-dir/MiniOzoneClusterImpl-23934d72-33be-4118-bcff-1eb1b476413a/scmNode-1/scm/keys/secret_keys.json
2024-07-06 11:54:12,273 [eb66df86-6ffc-4e53-b873-cb2b44d5f35d@group-1EB1B476413A-StateMachineUpdater] INFO  safemode.HealthyPipelineSafeModeRule (HealthyPipelineSafeModeRule.java:initializeRule(172)) - Refreshed total pipeline count is 0, healthy pipeline threshold count is 1
2024-07-06 11:54:12,273 [39a46239-dc5f-49f3-8624-e36d450519bc@group-1EB1B476413A-StateMachineUpdater] INFO  symmetric.SecretKeyStateImpl (SecretKeyStateImpl.java:updateKeysInternal(113)) - Updating keys with [SecretKey(id = b18376e9-e689-4a5a-8e41-6387aa00e4a5, creation at: 2024-07-06T11:54:11.168Z, expire at: 2024-07-06T11:54:14.168Z), SecretKey(id = bdd798e0-acd2-429d-9249-2a38be4cc7af, creation at: 2024-07-06T11:54:10.068Z, expire at: 2024-07-06T11:54:13.068Z), SecretKey(id = bab241fe-9c3a-4f0c-9a67-3b8c7de0fca8, creation at: 2024-07-06T11:54:12.268Z, expire at: 2024-07-06T11:54:15.268Z)]
2024-07-06 11:54:12,274 [39a46239-dc5f-49f3-8624-e36d450519bc@group-1EB1B476413A-StateMachineUpdater] INFO  symmetric.SecretKeyStateImpl (SecretKeyStateImpl.java:updateKeysInternal(128)) - Current key updated SecretKey(id = bab241fe-9c3a-4f0c-9a67-3b8c7de0fca8, creation at: 2024-07-06T11:54:12.268Z, expire at: 2024-07-06T11:54:15.268Z)
2024-07-06 11:54:12,274 [39a46239-dc5f-49f3-8624-e36d450519bc@group-1EB1B476413A-StateMachineUpdater] INFO  symmetric.LocalSecretKeyStore (LocalSecretKeyStore.java:save(109)) - Saved [SecretKey(id = bab241fe-9c3a-4f0c-9a67-3b8c7de0fca8, creation at: 2024-07-06T11:54:12.268Z, expire at: 2024-07-06T11:54:15.268Z), SecretKey(id = b18376e9-e689-4a5a-8e41-6387aa00e4a5, creation at: 2024-07-06T11:54:11.168Z, expire at: 2024-07-06T11:54:14.168Z), SecretKey(id = bdd798e0-acd2-429d-9249-2a38be4cc7af, creation at: 2024-07-06T11:54:10.068Z, expire at: 2024-07-06T11:54:13.068Z)] to file /home/runner/work/ozone/ozone/hadoop-ozone/integration-test/target/test-dir/MiniOzoneClusterImpl-23934d72-33be-4118-bcff-1eb1b476413a/scmNode-3/scm/keys/secret_keys.json
2024-07-06 11:54:12,274 [39a46239-dc5f-49f3-8624-e36d450519bc@group-1EB1B476413A-StateMachineUpdater] INFO  safemode.HealthyPipelineSafeModeRule (HealthyPipelineSafeModeRule.java:initializeRule(172)) - Refreshed total pipeline count is 0, healthy pipeline threshold count is 1
2024-07-06 11:54:12,274 [41075d7a-0d70-4fa2-ba46-cbc672699b06@group-1EB1B476413A-StateMachineUpdater] INFO  symmetric.SecretKeyStateImpl (SecretKeyStateImpl.java:updateKeysInternal(113)) - Updating keys with [SecretKey(id = b18376e9-e689-4a5a-8e41-6387aa00e4a5, creation at: 2024-07-06T11:54:11.168Z, expire at: 2024-07-06T11:54:14.168Z), SecretKey(id = bdd798e0-acd2-429d-9249-2a38be4cc7af, creation at: 2024-07-06T11:54:10.068Z, expire at: 2024-07-06T11:54:13.068Z), SecretKey(id = bab241fe-9c3a-4f0c-9a67-3b8c7de0fca8, creation at: 2024-07-06T11:54:12.268Z, expire at: 2024-07-06T11:54:15.268Z)]
2024-07-06 11:54:12,275 [41075d7a-0d70-4fa2-ba46-cbc672699b06@group-1EB1B476413A-StateMachineUpdater] INFO  symmetric.SecretKeyStateImpl (SecretKeyStateImpl.java:updateKeysInternal(128)) - Current key updated SecretKey(id = bab241fe-9c3a-4f0c-9a67-3b8c7de0fca8, creation at: 2024-07-06T11:54:12.268Z, expire at: 2024-07-06T11:54:15.268Z)
2024-07-06 11:54:12,275 [41075d7a-0d70-4fa2-ba46-cbc672699b06@group-1EB1B476413A-StateMachineUpdater] INFO  symmetric.LocalSecretKeyStore (LocalSecretKeyStore.java:save(109)) - Saved [SecretKey(id = bab241fe-9c3a-4f0c-9a67-3b8c7de0fca8, creation at: 2024-07-06T11:54:12.268Z, expire at: 2024-07-06T11:54:15.268Z), SecretKey(id = b18376e9-e689-4a5a-8e41-6387aa00e4a5, creation at: 2024-07-06T11:54:11.168Z, expire at: 2024-07-06T11:54:14.168Z), SecretKey(id = bdd798e0-acd2-429d-9249-2a38be4cc7af, creation at: 2024-07-06T11:54:10.068Z, expire at: 2024-07-06T11:54:13.068Z)] to file /home/runner/work/ozone/ozone/hadoop-ozone/integration-test/target/test-dir/MiniOzoneClusterImpl-23934d72-33be-4118-bcff-1eb1b476413a/scmNode-2/scm/keys/secret_keys.json
2024-07-06 11:54:12,275 [41075d7a-0d70-4fa2-ba46-cbc672699b06@group-1EB1B476413A-StateMachineUpdater] INFO  safemode.HealthyPipelineSafeModeRule (HealthyPipelineSafeModeRule.java:initializeRule(172)) - Refreshed total pipeline count is 0, healthy pipeline threshold count is 1
2024-07-06 11:54:12,349 [main] INFO  ozone.MiniOzoneClusterImpl (MiniOzoneClusterImpl.java:lambda$waitForClusterToBeReady$0(194)) - Nodes are ready. Got 3 of 3 DN Heartbeats.
2024-07-06 11:54:12,349 [main] INFO  ozone.MiniOzoneClusterImpl (MiniOzoneClusterImpl.java:lambda$waitForClusterToBeReady$0(197)) - Waiting for cluster to exit safe mode
2024-07-06 11:54:12,350 [main] INFO  ozone.MiniOzoneClusterImpl (MiniOzoneClusterImpl.java:lambda$waitForClusterToBeReady$0(199)) - SCM became leader
2024-07-06 11:54:12,368 [SecretKeyPoller] INFO  symmetric.DefaultSecretKeySignerClient (DefaultSecretKeySignerClient.java:checkAndRefresh(167)) - New secret key fetched from SCM: SecretKey(id = bab241fe-9c3a-4f0c-9a67-3b8c7de0fca8, creation at: 2024-07-06T11:54:12.268Z, expire at: 2024-07-06T11:54:15.268Z).
2024-07-06 11:54:12,368 [SecretKeyPoller] INFO  symmetric.DefaultSecretKeySignerClient (DefaultSecretKeySignerClient.java:checkAndRefresh(167)) - New secret key fetched from SCM: SecretKey(id = bab241fe-9c3a-4f0c-9a67-3b8c7de0fca8, creation at: 2024-07-06T11:54:12.268Z, expire at: 2024-07-06T11:54:15.268Z).
2024-07-06 11:54:12,368 [SecretKeyPoller] INFO  symmetric.DefaultSecretKeySignerClient (DefaultSecretKeySignerClient.java:checkAndRefresh(167)) - New secret key fetched from SCM: SecretKey(id = bab241fe-9c3a-4f0c-9a67-3b8c7de0fca8, creation at: 2024-07-06T11:54:12.268Z, expire at: 2024-07-06T11:54:15.268Z).
2024-07-06 11:54:12,368 [om1-SecretKeyPoller] INFO  symmetric.DefaultSecretKeySignerClient (DefaultSecretKeySignerClient.java:checkAndRefresh(167)) - New secret key fetched from SCM: SecretKey(id = bab241fe-9c3a-4f0c-9a67-3b8c7de0fca8, creation at: 2024-07-06T11:54:12.268Z, expire at: 2024-07-06T11:54:15.268Z).
2024-07-06 11:54:12,409 [8dbb38fd-cb5c-434d-a416-d5257da8c780@group-2A9A77740CD0-FollowerState] INFO  impl.FollowerState (FollowerState.java:run(144)) - 8dbb38fd-cb5c-434d-a416-d5257da8c780@group-2A9A77740CD0-FollowerState: change to CANDIDATE, lastRpcElapsedTime:5069338149ns, electionTimeout:5066ms
2024-07-06 11:54:12,409 [8dbb38fd-cb5c-434d-a416-d5257da8c780@group-2A9A77740CD0-FollowerState] INFO  impl.RoleInfo (RoleInfo.java:shutdownFollowerState(119)) - 8dbb38fd-cb5c-434d-a416-d5257da8c780: shutdown 8dbb38fd-cb5c-434d-a416-d5257da8c780@group-2A9A77740CD0-FollowerState
2024-07-06 11:54:12,409 [8dbb38fd-cb5c-434d-a416-d5257da8c780@group-2A9A77740CD0-FollowerState] INFO  server.RaftServer$Division (RaftServerImpl.java:setRole(376)) - 8dbb38fd-cb5c-434d-a416-d5257da8c780@group-2A9A77740CD0: changes role from  FOLLOWER to CANDIDATE at term 0 for changeToCandidate
2024-07-06 11:54:12,409 [8dbb38fd-cb5c-434d-a416-d5257da8c780@group-2A9A77740CD0-FollowerState] INFO  server.RaftServerConfigKeys (ConfUtils.java:logGet(46)) - raft.server.leaderelection.pre-vote = true (default)
2024-07-06 11:54:12,410 [8dbb38fd-cb5c-434d-a416-d5257da8c780@group-2A9A77740CD0-FollowerState] INFO  impl.RoleInfo (RoleInfo.java:updateAndGet(148)) - 8dbb38fd-cb5c-434d-a416-d5257da8c780: start 8dbb38fd-cb5c-434d-a416-d5257da8c780@group-2A9A77740CD0-LeaderElection4
2024-07-06 11:54:12,410 [8dbb38fd-cb5c-434d-a416-d5257da8c780@group-2A9A77740CD0-LeaderElection4] INFO  impl.LeaderElection (LeaderElection.java:askForVotes(321)) - 8dbb38fd-cb5c-434d-a416-d5257da8c780@group-2A9A77740CD0-LeaderElection4 PRE_VOTE round 0: submit vote requests at term 0 for conf: {index: -1, cur=peers:[eb39f61f-e86a-4779-8e52-f95c095d9393|10.1.0.11:15064, 8dbb38fd-cb5c-434d-a416-d5257da8c780|10.1.0.11:15046, 0cfa5fef-e387-4d03-8755-cac648de9f82|10.1.0.11:15055]|listeners:[], old=null}
2024-07-06 11:54:12,413 [8dbb38fd-cb5c-434d-a416-d5257da8c780@group-2A9A77740CD0-LeaderElection4-1] INFO  server.GrpcServerProtocolClient (GrpcServerProtocolClient.java:<init>(65)) - Build channel for eb39f61f-e86a-4779-8e52-f95c095d9393|10.1.0.11:15064
2024-07-06 11:54:12,413 [8dbb38fd-cb5c-434d-a416-d5257da8c780@group-2A9A77740CD0-LeaderElection4-2] INFO  server.GrpcServerProtocolClient (GrpcServerProtocolClient.java:<init>(65)) - Build channel for 0cfa5fef-e387-4d03-8755-cac648de9f82|10.1.0.11:15055
2024-07-06 11:54:12,413 [8dbb38fd-cb5c-434d-a416-d5257da8c780@group-2A9A77740CD0-LeaderElection4] INFO  server.RaftServerConfigKeys (ConfUtils.java:logFallback(53)) - raft.server.rpc.first-election.timeout.min = 5s (fallback to raft.server.rpc.timeout.min)
2024-07-06 11:54:12,413 [8dbb38fd-cb5c-434d-a416-d5257da8c780@group-2A9A77740CD0-LeaderElection4] INFO  server.RaftServerConfigKeys (ConfUtils.java:logFallback(53)) - raft.server.rpc.first-election.timeout.max = 5200ms (fallback to raft.server.rpc.timeout.max)
2024-07-06 11:54:12,418 [grpc-default-executor-3] INFO  server.RaftServer$Division (RaftServerImpl.java:requestVote(1416)) - eb39f61f-e86a-4779-8e52-f95c095d9393@group-2A9A77740CD0: receive requestVote(PRE_VOTE, 8dbb38fd-cb5c-434d-a416-d5257da8c780, group-2A9A77740CD0, 0, (t:0, i:0))
2024-07-06 11:54:12,419 [grpc-default-executor-3] INFO  impl.VoteContext (VoteContext.java:log(49)) - eb39f61f-e86a-4779-8e52-f95c095d9393@group-2A9A77740CD0-FOLLOWER: reject PRE_VOTE from 8dbb38fd-cb5c-434d-a416-d5257da8c780: our priority 1 > candidate's priority 0
2024-07-06 11:54:12,420 [grpc-default-executor-3] INFO  server.RaftServer$Division (RaftServerImpl.java:requestVote(1449)) - eb39f61f-e86a-4779-8e52-f95c095d9393@group-2A9A77740CD0 replies to PRE_VOTE vote request: 8dbb38fd-cb5c-434d-a416-d5257da8c780<-eb39f61f-e86a-4779-8e52-f95c095d9393#0:FAIL-t0. Peer's state: eb39f61f-e86a-4779-8e52-f95c095d9393@group-2A9A77740CD0:t0, leader=null, voted=, raftlog=Memoized:eb39f61f-e86a-4779-8e52-f95c095d9393@group-2A9A77740CD0-SegmentedRaftLog:OPENED:c-1:lastnull, conf=conf: {index: -1, cur=peers:[eb39f61f-e86a-4779-8e52-f95c095d9393|10.1.0.11:15064, 8dbb38fd-cb5c-434d-a416-d5257da8c780|10.1.0.11:15046, 0cfa5fef-e387-4d03-8755-cac648de9f82|10.1.0.11:15055]|listeners:[], old=null}
2024-07-06 11:54:12,421 [8dbb38fd-cb5c-434d-a416-d5257da8c780@group-2A9A77740CD0-LeaderElection4] INFO  impl.LeaderElection (LeaderElection.java:logAndReturn(89)) - 8dbb38fd-cb5c-434d-a416-d5257da8c780@group-2A9A77740CD0-LeaderElection4: PRE_VOTE REJECTED received 1 response(s) and 0 exception(s):
2024-07-06 11:54:12,421 [8dbb38fd-cb5c-434d-a416-d5257da8c780@group-2A9A77740CD0-LeaderElection4] INFO  impl.LeaderElection (LeaderElection.java:logAndReturn(93)) -   Response 0: 8dbb38fd-cb5c-434d-a416-d5257da8c780<-eb39f61f-e86a-4779-8e52-f95c095d9393#0:FAIL-t0
2024-07-06 11:54:12,422 [8dbb38fd-cb5c-434d-a416-d5257da8c780@group-2A9A77740CD0-LeaderElection4] INFO  impl.LeaderElection (LeaderElection.java:askForVotes(323)) - 8dbb38fd-cb5c-434d-a416-d5257da8c780@group-2A9A77740CD0-LeaderElection4 PRE_VOTE round 0: result REJECTED
2024-07-06 11:54:12,423 [8dbb38fd-cb5c-434d-a416-d5257da8c780@group-2A9A77740CD0-LeaderElection4] INFO  server.RaftServer$Division (RaftServerImpl.java:setRole(376)) - 8dbb38fd-cb5c-434d-a416-d5257da8c780@group-2A9A77740CD0: changes role from CANDIDATE to FOLLOWER at term 0 for REJECTED
2024-07-06 11:54:12,423 [8dbb38fd-cb5c-434d-a416-d5257da8c780@group-2A9A77740CD0-LeaderElection4] INFO  impl.RoleInfo (RoleInfo.java:shutdownLeaderElection(139)) - 8dbb38fd-cb5c-434d-a416-d5257da8c780: shutdown 8dbb38fd-cb5c-434d-a416-d5257da8c780@group-2A9A77740CD0-LeaderElection4
2024-07-06 11:54:12,423 [8dbb38fd-cb5c-434d-a416-d5257da8c780@group-2A9A77740CD0-LeaderElection4] INFO  impl.RoleInfo (RoleInfo.java:updateAndGet(148)) - 8dbb38fd-cb5c-434d-a416-d5257da8c780: start 8dbb38fd-cb5c-434d-a416-d5257da8c780@group-2A9A77740CD0-FollowerState
2024-07-06 11:54:12,423 [8dbb38fd-cb5c-434d-a416-d5257da8c780@group-2A9A77740CD0-LeaderElection4] INFO  server.RaftServer$Division (RaftServerImpl.java:setFirstElection(549)) - 8dbb38fd-cb5c-434d-a416-d5257da8c780@group-2A9A77740CD0: set firstElectionSinceStartup to false for REJECTED
2024-07-06 11:54:12,429 [8dbb38fd-cb5c-434d-a416-d5257da8c780@group-F47393A7B48C-FollowerState] INFO  impl.FollowerState (FollowerState.java:run(144)) - 8dbb38fd-cb5c-434d-a416-d5257da8c780@group-F47393A7B48C-FollowerState: change to CANDIDATE, lastRpcElapsedTime:5118285757ns, electionTimeout:5110ms
2024-07-06 11:54:12,429 [8dbb38fd-cb5c-434d-a416-d5257da8c780@group-F47393A7B48C-FollowerState] INFO  impl.RoleInfo (RoleInfo.java:shutdownFollowerState(119)) - 8dbb38fd-cb5c-434d-a416-d5257da8c780: shutdown 8dbb38fd-cb5c-434d-a416-d5257da8c780@group-F47393A7B48C-FollowerState
2024-07-06 11:54:12,429 [8dbb38fd-cb5c-434d-a416-d5257da8c780@group-F47393A7B48C-FollowerState] INFO  server.RaftServer$Division (RaftServerImpl.java:setRole(376)) - 8dbb38fd-cb5c-434d-a416-d5257da8c780@group-F47393A7B48C: changes role from  FOLLOWER to CANDIDATE at term 0 for changeToCandidate
2024-07-06 11:54:12,429 [8dbb38fd-cb5c-434d-a416-d5257da8c780@group-F47393A7B48C-FollowerState] INFO  server.RaftServerConfigKeys (ConfUtils.java:logGet(46)) - raft.server.leaderelection.pre-vote = true (default)
2024-07-06 11:54:12,429 [8dbb38fd-cb5c-434d-a416-d5257da8c780@group-F47393A7B48C-FollowerState] INFO  impl.RoleInfo (RoleInfo.java:updateAndGet(148)) - 8dbb38fd-cb5c-434d-a416-d5257da8c780: start 8dbb38fd-cb5c-434d-a416-d5257da8c780@group-F47393A7B48C-LeaderElection5
2024-07-06 11:54:12,429 [8dbb38fd-cb5c-434d-a416-d5257da8c780@group-F47393A7B48C-LeaderElection5] INFO  impl.LeaderElection (LeaderElection.java:askForVotes(321)) - 8dbb38fd-cb5c-434d-a416-d5257da8c780@group-F47393A7B48C-LeaderElection5 PRE_VOTE round 0: submit vote requests at term 0 for conf: {index: -1, cur=peers:[8dbb38fd-cb5c-434d-a416-d5257da8c780|10.1.0.11:15046]|listeners:[], old=null}
2024-07-06 11:54:12,430 [8dbb38fd-cb5c-434d-a416-d5257da8c780@group-F47393A7B48C-LeaderElection5] INFO  impl.LeaderElection (LeaderElection.java:askForVotes(323)) - 8dbb38fd-cb5c-434d-a416-d5257da8c780@group-F47393A7B48C-LeaderElection5 PRE_VOTE round 0: result PASSED (term=0)
2024-07-06 11:54:12,431 [8dbb38fd-cb5c-434d-a416-d5257da8c780@group-F47393A7B48C-LeaderElection5] INFO  impl.LeaderElection (LeaderElection.java:askForVotes(321)) - 8dbb38fd-cb5c-434d-a416-d5257da8c780@group-F47393A7B48C-LeaderElection5 ELECTION round 0: submit vote requests at term 1 for conf: {index: -1, cur=peers:[8dbb38fd-cb5c-434d-a416-d5257da8c780|10.1.0.11:15046]|listeners:[], old=null}
2024-07-06 11:54:12,431 [8dbb38fd-cb5c-434d-a416-d5257da8c780@group-F47393A7B48C-LeaderElection5] INFO  impl.LeaderElection (LeaderElection.java:askForVotes(323)) - 8dbb38fd-cb5c-434d-a416-d5257da8c780@group-F47393A7B48C-LeaderElection5 ELECTION round 0: result PASSED (term=1)
2024-07-06 11:54:12,431 [8dbb38fd-cb5c-434d-a416-d5257da8c780@group-F47393A7B48C-LeaderElection5] INFO  impl.RoleInfo (RoleInfo.java:shutdownLeaderElection(139)) - 8dbb38fd-cb5c-434d-a416-d5257da8c780: shutdown 8dbb38fd-cb5c-434d-a416-d5257da8c780@group-F47393A7B48C-LeaderElection5
2024-07-06 11:54:12,431 [8dbb38fd-cb5c-434d-a416-d5257da8c780@group-F47393A7B48C-LeaderElection5] INFO  server.RaftServer$Division (RaftServerImpl.java:setRole(376)) - 8dbb38fd-cb5c-434d-a416-d5257da8c780@group-F47393A7B48C: changes role from CANDIDATE to LEADER at term 1 for changeToLeader
2024-07-06 11:54:12,431 [8dbb38fd-cb5c-434d-a416-d5257da8c780@group-F47393A7B48C-LeaderElection5] INFO  server.RaftServerConfigKeys (ConfUtils.java:logGet(46)) - raft.server.staging.catchup.gap = 1000 (default)
2024-07-06 11:54:12,432 [8dbb38fd-cb5c-434d-a416-d5257da8c780@group-F47393A7B48C-LeaderElection5] INFO  server.RaftServerConfigKeys (ConfUtils.java:logGet(46)) - raft.server.write.element-limit = 1024 (custom)
2024-07-06 11:54:12,432 [8dbb38fd-cb5c-434d-a416-d5257da8c780@group-F47393A7B48C-LeaderElection5] INFO  server.RaftServerConfigKeys (ConfUtils.java:logGet(46)) - raft.server.write.byte-limit = 1024 M (=1073741824) (custom)
2024-07-06 11:54:12,432 [8dbb38fd-cb5c-434d-a416-d5257da8c780@group-F47393A7B48C-LeaderElection5] INFO  server.RaftServerConfigKeys (ConfUtils.java:logGet(46)) - raft.server.watch.timeout = 30s (custom)
2024-07-06 11:54:12,432 [8dbb38fd-cb5c-434d-a416-d5257da8c780@group-F47393A7B48C-LeaderElection5] INFO  server.RaftServerConfigKeys (ConfUtils.java:logGet(46)) - raft.server.watch.timeout.denomination = 1s (default)
2024-07-06 11:54:12,432 [8dbb38fd-cb5c-434d-a416-d5257da8c780@group-F47393A7B48C-LeaderElection5] INFO  server.RaftServerConfigKeys (ConfUtils.java:logGet(46)) - raft.server.watch.element-limit = 65536 (default)
2024-07-06 11:54:12,433 [8dbb38fd-cb5c-434d-a416-d5257da8c780@group-F47393A7B48C-LeaderElection5] INFO  server.RaftServerConfigKeys (ConfUtils.java:logGet(46)) - raft.server.read.leader.lease.enabled = false (default)
2024-07-06 11:54:12,433 [8dbb38fd-cb5c-434d-a416-d5257da8c780@group-F47393A7B48C-LeaderElection5] INFO  server.RaftServerConfigKeys (ConfUtils.java:logGet(46)) - raft.server.read.leader.lease.timeout.ratio = 0.9 (default)
2024-07-06 11:54:12,433 [8dbb38fd-cb5c-434d-a416-d5257da8c780@group-F47393A7B48C-LeaderElection5] INFO  server.RaftServerConfigKeys (ConfUtils.java:logGet(46)) - raft.server.rpc.timeout.min = 5s (custom)
2024-07-06 11:54:12,433 [8dbb38fd-cb5c-434d-a416-d5257da8c780@group-F47393A7B48C-LeaderElection5] INFO  server.RaftServerConfigKeys (ConfUtils.java:logGet(46)) - raft.server.log.log-metadata.enabled = true (default)
2024-07-06 11:54:12,434 [8dbb38fd-cb5c-434d-a416-d5257da8c780@group-F47393A7B48C-LeaderElection5] INFO  server.RaftServerConfigKeys (ConfUtils.java:logGet(46)) - raft.server.write.element-limit = 1024 (custom)
2024-07-06 11:54:12,434 [8dbb38fd-cb5c-434d-a416-d5257da8c780@group-F47393A7B48C-LeaderElection5] INFO  server.RaftServerConfigKeys (ConfUtils.java:logGet(46)) - raft.server.write.follower.gap.ratio.max = -1.0 (default)
2024-07-06 11:54:12,434 [8dbb38fd-cb5c-434d-a416-d5257da8c780@group-F47393A7B48C-LeaderElection5] INFO  impl.RoleInfo (RoleInfo.java:updateAndGet(148)) - 8dbb38fd-cb5c-434d-a416-d5257da8c780: start 8dbb38fd-cb5c-434d-a416-d5257da8c780@group-F47393A7B48C-LeaderStateImpl
2024-07-06 11:54:12,434 [8dbb38fd-cb5c-434d-a416-d5257da8c780@group-F47393A7B48C-LeaderElection5] INFO  server.RaftServer$Division (RaftServerImpl.java:setFirstElection(549)) - 8dbb38fd-cb5c-434d-a416-d5257da8c780@group-F47393A7B48C: set firstElectionSinceStartup to false for becomeLeader
2024-07-06 11:54:12,434 [8dbb38fd-cb5c-434d-a416-d5257da8c780@group-F47393A7B48C-LeaderElection5] INFO  ratis.XceiverServerRatis (XceiverServerRatis.java:handleLeaderChangedNotification(950)) - Leader change notification received for group: group-F47393A7B48C with new leaderId: 8dbb38fd-cb5c-434d-a416-d5257da8c780
2024-07-06 11:54:12,435 [8dbb38fd-cb5c-434d-a416-d5257da8c780@group-F47393A7B48C-LeaderElection5] INFO  server.RaftServer$Division (ServerState.java:setLeader(272)) - 8dbb38fd-cb5c-434d-a416-d5257da8c780@group-F47393A7B48C: change Leader from null to 8dbb38fd-cb5c-434d-a416-d5257da8c780 at term 1 for becomeLeader, leader elected after 5183ms
2024-07-06 11:54:12,435 [8dbb38fd-cb5c-434d-a416-d5257da8c780@group-F47393A7B48C-LeaderElection5] INFO  segmented.SegmentedRaftLogWorker (SegmentedRaftLogWorker.java:startLogSegment(433)) - 8dbb38fd-cb5c-434d-a416-d5257da8c780@group-F47393A7B48C-SegmentedRaftLogWorker: Starting segment from index:0
2024-07-06 11:54:12,435 [8dbb38fd-cb5c-434d-a416-d5257da8c780@group-F47393A7B48C-LeaderElection5] INFO  server.RaftServer$Division (ServerState.java:setRaftConf(386)) - 8dbb38fd-cb5c-434d-a416-d5257da8c780@group-F47393A7B48C: set configuration conf: {index: 0, cur=peers:[8dbb38fd-cb5c-434d-a416-d5257da8c780|10.1.0.11:15046]|listeners:[], old=null}
2024-07-06 11:54:12,436 [8dbb38fd-cb5c-434d-a416-d5257da8c780@group-F47393A7B48C-SegmentedRaftLogWorker] INFO  segmented.BufferedWriteChannel (BufferedWriteChannel.java:open(61)) - open log_inprogress_0 at position 0
2024-07-06 11:54:12,436 [scmNode-3-EventQueue-OpenPipelineForHealthyPipelineSafeModeRule] INFO  safemode.SCMSafeModeManager (HealthyPipelineSafeModeRule.java:process(140)) - SCM in safe mode. Healthy pipelines reported count is 0, required healthy pipeline reported count is 1
2024-07-06 11:54:12,440 [scmNode-2-EventQueue-OpenPipelineForHealthyPipelineSafeModeRule] INFO  safemode.SCMSafeModeManager (HealthyPipelineSafeModeRule.java:process(140)) - SCM in safe mode. Healthy pipelines reported count is 0, required healthy pipeline reported count is 1
2024-07-06 11:54:12,440 [scmNode-1-EventQueue-OpenPipelineForHealthyPipelineSafeModeRule] INFO  safemode.SCMSafeModeManager (HealthyPipelineSafeModeRule.java:process(140)) - SCM in safe mode. Healthy pipelines reported count is 0, required healthy pipeline reported count is 1
2024-07-06 11:54:12,443 [8dbb38fd-cb5c-434d-a416-d5257da8c780@group-F47393A7B48C-SegmentedRaftLogWorker] INFO  segmented.SegmentedRaftLogWorker (SegmentedRaftLogWorker.java:execute(637)) - 8dbb38fd-cb5c-434d-a416-d5257da8c780@group-F47393A7B48C-SegmentedRaftLogWorker: created new log segment /home/runner/work/ozone/ozone/hadoop-ozone/integration-test/target/test-dir/MiniOzoneClusterImpl-23934d72-33be-4118-bcff-1eb1b476413a/ozone-meta/datanode-1/ratis/68737355-2d59-4e05-bc09-f47393a7b48c/current/log_inprogress_0
2024-07-06 11:54:12,445 [8dbb38fd-cb5c-434d-a416-d5257da8c780@group-F47393A7B48C-StateMachineUpdater] INFO  server.RaftServer$Division (LeaderStateImpl.java:checkStartIndex(316)) - Leader 8dbb38fd-cb5c-434d-a416-d5257da8c780@group-F47393A7B48C-LeaderStateImpl is ready since appliedIndex == startIndex == 0
2024-07-06 11:54:12,488 [8dbb38fd-cb5c-434d-a416-d5257da8c780@group-8990BC0FEF12-FollowerState] INFO  impl.FollowerState (FollowerState.java:run(144)) - 8dbb38fd-cb5c-434d-a416-d5257da8c780@group-8990BC0FEF12-FollowerState: change to CANDIDATE, lastRpcElapsedTime:5012333212ns, electionTimeout:5011ms
2024-07-06 11:54:12,488 [8dbb38fd-cb5c-434d-a416-d5257da8c780@group-8990BC0FEF12-FollowerState] INFO  impl.RoleInfo (RoleInfo.java:shutdownFollowerState(119)) - 8dbb38fd-cb5c-434d-a416-d5257da8c780: shutdown 8dbb38fd-cb5c-434d-a416-d5257da8c780@group-8990BC0FEF12-FollowerState
2024-07-06 11:54:12,489 [8dbb38fd-cb5c-434d-a416-d5257da8c780@group-8990BC0FEF12-FollowerState] INFO  server.RaftServer$Division (RaftServerImpl.java:setRole(376)) - 8dbb38fd-cb5c-434d-a416-d5257da8c780@group-8990BC0FEF12: changes role from  FOLLOWER to CANDIDATE at term 0 for changeToCandidate
2024-07-06 11:54:12,489 [8dbb38fd-cb5c-434d-a416-d5257da8c780@group-8990BC0FEF12-FollowerState] INFO  server.RaftServerConfigKeys (ConfUtils.java:logGet(46)) - raft.server.leaderelection.pre-vote = true (default)
2024-07-06 11:54:12,489 [8dbb38fd-cb5c-434d-a416-d5257da8c780@group-8990BC0FEF12-FollowerState] INFO  impl.RoleInfo (RoleInfo.java:updateAndGet(148)) - 8dbb38fd-cb5c-434d-a416-d5257da8c780: start 8dbb38fd-cb5c-434d-a416-d5257da8c780@group-8990BC0FEF12-LeaderElection6
2024-07-06 11:54:12,489 [8dbb38fd-cb5c-434d-a416-d5257da8c780@group-8990BC0FEF12-LeaderElection6] INFO  impl.LeaderElection (LeaderElection.java:askForVotes(321)) - 8dbb38fd-cb5c-434d-a416-d5257da8c780@group-8990BC0FEF12-LeaderElection6 PRE_VOTE round 0: submit vote requests at term 0 for conf: {index: -1, cur=peers:[eb39f61f-e86a-4779-8e52-f95c095d9393|10.1.0.11:15064, 8dbb38fd-cb5c-434d-a416-d5257da8c780|10.1.0.11:15046, 0cfa5fef-e387-4d03-8755-cac648de9f82|10.1.0.11:15055]|listeners:[], old=null}
2024-07-06 11:54:12,489 [8dbb38fd-cb5c-434d-a416-d5257da8c780@group-8990BC0FEF12-LeaderElection6] INFO  server.RaftServerConfigKeys (ConfUtils.java:logFallback(53)) - raft.server.rpc.first-election.timeout.min = 5s (fallback to raft.server.rpc.timeout.min)
2024-07-06 11:54:12,489 [8dbb38fd-cb5c-434d-a416-d5257da8c780@group-8990BC0FEF12-LeaderElection6] INFO  server.RaftServerConfigKeys (ConfUtils.java:logFallback(53)) - raft.server.rpc.first-election.timeout.max = 5200ms (fallback to raft.server.rpc.timeout.max)
2024-07-06 11:54:12,491 [grpc-default-executor-0] INFO  server.RaftServer$Division (RaftServerImpl.java:requestVote(1416)) - eb39f61f-e86a-4779-8e52-f95c095d9393@group-8990BC0FEF12: receive requestVote(PRE_VOTE, 8dbb38fd-cb5c-434d-a416-d5257da8c780, group-8990BC0FEF12, 0, (t:0, i:0))
2024-07-06 11:54:12,491 [grpc-default-executor-0] INFO  impl.VoteContext (VoteContext.java:log(49)) - eb39f61f-e86a-4779-8e52-f95c095d9393@group-8990BC0FEF12-FOLLOWER: accept PRE_VOTE from 8dbb38fd-cb5c-434d-a416-d5257da8c780: our priority 0 <= candidate's priority 1
2024-07-06 11:54:12,492 [grpc-default-executor-0] INFO  server.RaftServer$Division (RaftServerImpl.java:requestVote(1449)) - eb39f61f-e86a-4779-8e52-f95c095d9393@group-8990BC0FEF12 replies to PRE_VOTE vote request: 8dbb38fd-cb5c-434d-a416-d5257da8c780<-eb39f61f-e86a-4779-8e52-f95c095d9393#0:OK-t0. Peer's state: eb39f61f-e86a-4779-8e52-f95c095d9393@group-8990BC0FEF12:t0, leader=null, voted=, raftlog=Memoized:eb39f61f-e86a-4779-8e52-f95c095d9393@group-8990BC0FEF12-SegmentedRaftLog:OPENED:c-1:lastnull, conf=conf: {index: -1, cur=peers:[eb39f61f-e86a-4779-8e52-f95c095d9393|10.1.0.11:15064, 8dbb38fd-cb5c-434d-a416-d5257da8c780|10.1.0.11:15046, 0cfa5fef-e387-4d03-8755-cac648de9f82|10.1.0.11:15055]|listeners:[], old=null}
2024-07-06 11:54:12,491 [grpc-default-executor-3] INFO  server.RaftServer$Division (RaftServerImpl.java:requestVote(1416)) - 0cfa5fef-e387-4d03-8755-cac648de9f82@group-8990BC0FEF12: receive requestVote(PRE_VOTE, 8dbb38fd-cb5c-434d-a416-d5257da8c780, group-8990BC0FEF12, 0, (t:0, i:0))
2024-07-06 11:54:12,492 [grpc-default-executor-3] INFO  impl.VoteContext (VoteContext.java:log(49)) - 0cfa5fef-e387-4d03-8755-cac648de9f82@group-8990BC0FEF12-FOLLOWER: accept PRE_VOTE from 8dbb38fd-cb5c-434d-a416-d5257da8c780: our priority 0 <= candidate's priority 1
2024-07-06 11:54:12,492 [grpc-default-executor-3] INFO  server.RaftServer$Division (RaftServerImpl.java:requestVote(1449)) - 0cfa5fef-e387-4d03-8755-cac648de9f82@group-8990BC0FEF12 replies to PRE_VOTE vote request: 8dbb38fd-cb5c-434d-a416-d5257da8c780<-0cfa5fef-e387-4d03-8755-cac648de9f82#0:OK-t0. Peer's state: 0cfa5fef-e387-4d03-8755-cac648de9f82@group-8990BC0FEF12:t0, leader=null, voted=, raftlog=Memoized:0cfa5fef-e387-4d03-8755-cac648de9f82@group-8990BC0FEF12-SegmentedRaftLog:OPENED:c-1:lastnull, conf=conf: {index: -1, cur=peers:[eb39f61f-e86a-4779-8e52-f95c095d9393|10.1.0.11:15064, 8dbb38fd-cb5c-434d-a416-d5257da8c780|10.1.0.11:15046, 0cfa5fef-e387-4d03-8755-cac648de9f82|10.1.0.11:15055]|listeners:[], old=null}
2024-07-06 11:54:12,493 [8dbb38fd-cb5c-434d-a416-d5257da8c780@group-8990BC0FEF12-LeaderElection6] INFO  impl.LeaderElection (LeaderElection.java:logAndReturn(89)) - 8dbb38fd-cb5c-434d-a416-d5257da8c780@group-8990BC0FEF12-LeaderElection6: PRE_VOTE PASSED received 1 response(s) and 0 exception(s):
2024-07-06 11:54:12,493 [8dbb38fd-cb5c-434d-a416-d5257da8c780@group-8990BC0FEF12-LeaderElection6] INFO  impl.LeaderElection (LeaderElection.java:logAndReturn(93)) -   Response 0: 8dbb38fd-cb5c-434d-a416-d5257da8c780<-0cfa5fef-e387-4d03-8755-cac648de9f82#0:OK-t0
2024-07-06 11:54:12,493 [8dbb38fd-cb5c-434d-a416-d5257da8c780@group-8990BC0FEF12-LeaderElection6] INFO  impl.LeaderElection (LeaderElection.java:askForVotes(323)) - 8dbb38fd-cb5c-434d-a416-d5257da8c780@group-8990BC0FEF12-LeaderElection6 PRE_VOTE round 0: result PASSED
2024-07-06 11:54:12,494 [8dbb38fd-cb5c-434d-a416-d5257da8c780@group-8990BC0FEF12-LeaderElection6] INFO  impl.LeaderElection (LeaderElection.java:askForVotes(321)) - 8dbb38fd-cb5c-434d-a416-d5257da8c780@group-8990BC0FEF12-LeaderElection6 ELECTION round 0: submit vote requests at term 1 for conf: {index: -1, cur=peers:[eb39f61f-e86a-4779-8e52-f95c095d9393|10.1.0.11:15064, 8dbb38fd-cb5c-434d-a416-d5257da8c780|10.1.0.11:15046, 0cfa5fef-e387-4d03-8755-cac648de9f82|10.1.0.11:15055]|listeners:[], old=null}
2024-07-06 11:54:12,495 [grpc-default-executor-3] INFO  server.RaftServer$Division (RaftServerImpl.java:requestVote(1416)) - eb39f61f-e86a-4779-8e52-f95c095d9393@group-8990BC0FEF12: receive requestVote(ELECTION, 8dbb38fd-cb5c-434d-a416-d5257da8c780, group-8990BC0FEF12, 1, (t:0, i:0))
2024-07-06 11:54:12,495 [grpc-default-executor-3] INFO  impl.VoteContext (VoteContext.java:log(49)) - eb39f61f-e86a-4779-8e52-f95c095d9393@group-8990BC0FEF12-FOLLOWER: accept ELECTION from 8dbb38fd-cb5c-434d-a416-d5257da8c780: our priority 0 <= candidate's priority 1
2024-07-06 11:54:12,495 [grpc-default-executor-3] INFO  server.RaftServer$Division (RaftServerImpl.java:setRole(376)) - eb39f61f-e86a-4779-8e52-f95c095d9393@group-8990BC0FEF12: changes role from  FOLLOWER to FOLLOWER at term 1 for candidate:8dbb38fd-cb5c-434d-a416-d5257da8c780
2024-07-06 11:54:12,496 [grpc-default-executor-3] INFO  impl.RoleInfo (RoleInfo.java:shutdownFollowerState(119)) - eb39f61f-e86a-4779-8e52-f95c095d9393: shutdown eb39f61f-e86a-4779-8e52-f95c095d9393@group-8990BC0FEF12-FollowerState
2024-07-06 11:54:12,496 [grpc-default-executor-3] INFO  impl.RoleInfo (RoleInfo.java:updateAndGet(148)) - eb39f61f-e86a-4779-8e52-f95c095d9393: start eb39f61f-e86a-4779-8e52-f95c095d9393@group-8990BC0FEF12-FollowerState
2024-07-06 11:54:12,496 [eb39f61f-e86a-4779-8e52-f95c095d9393@group-8990BC0FEF12-FollowerState] INFO  impl.FollowerState (FollowerState.java:run(153)) - eb39f61f-e86a-4779-8e52-f95c095d9393@group-8990BC0FEF12-FollowerState was interrupted
2024-07-06 11:54:12,502 [8dbb38fd-cb5c-434d-a416-d5257da8c780@group-8990BC0FEF12-LeaderElection6] INFO  server.RaftServerConfigKeys (ConfUtils.java:logFallback(53)) - raft.server.rpc.first-election.timeout.min = 5s (fallback to raft.server.rpc.timeout.min)
2024-07-06 11:54:12,502 [8dbb38fd-cb5c-434d-a416-d5257da8c780@group-8990BC0FEF12-LeaderElection6] INFO  server.RaftServerConfigKeys (ConfUtils.java:logFallback(53)) - raft.server.rpc.first-election.timeout.max = 5200ms (fallback to raft.server.rpc.timeout.max)
2024-07-06 11:54:12,502 [grpc-default-executor-3] INFO  server.RaftServer$Division (RaftServerImpl.java:setFirstElection(549)) - eb39f61f-e86a-4779-8e52-f95c095d9393@group-8990BC0FEF12: set firstElectionSinceStartup to false for candidate:8dbb38fd-cb5c-434d-a416-d5257da8c780
2024-07-06 11:54:12,503 [grpc-default-executor-0] INFO  server.RaftServer$Division (RaftServerImpl.java:requestVote(1416)) - 0cfa5fef-e387-4d03-8755-cac648de9f82@group-8990BC0FEF12: receive requestVote(ELECTION, 8dbb38fd-cb5c-434d-a416-d5257da8c780, group-8990BC0FEF12, 1, (t:0, i:0))
2024-07-06 11:54:12,503 [grpc-default-executor-0] INFO  impl.VoteContext (VoteContext.java:log(49)) - 0cfa5fef-e387-4d03-8755-cac648de9f82@group-8990BC0FEF12-FOLLOWER: accept ELECTION from 8dbb38fd-cb5c-434d-a416-d5257da8c780: our priority 0 <= candidate's priority 1
2024-07-06 11:54:12,503 [grpc-default-executor-0] INFO  server.RaftServer$Division (RaftServerImpl.java:setRole(376)) - 0cfa5fef-e387-4d03-8755-cac648de9f82@group-8990BC0FEF12: changes role from  FOLLOWER to FOLLOWER at term 1 for candidate:8dbb38fd-cb5c-434d-a416-d5257da8c780
2024-07-06 11:54:12,503 [grpc-default-executor-0] INFO  impl.RoleInfo (RoleInfo.java:shutdownFollowerState(119)) - 0cfa5fef-e387-4d03-8755-cac648de9f82: shutdown 0cfa5fef-e387-4d03-8755-cac648de9f82@group-8990BC0FEF12-FollowerState
2024-07-06 11:54:12,503 [grpc-default-executor-0] INFO  impl.RoleInfo (RoleInfo.java:updateAndGet(148)) - 0cfa5fef-e387-4d03-8755-cac648de9f82: start 0cfa5fef-e387-4d03-8755-cac648de9f82@group-8990BC0FEF12-FollowerState
2024-07-06 11:54:12,503 [0cfa5fef-e387-4d03-8755-cac648de9f82@group-8990BC0FEF12-FollowerState] INFO  impl.FollowerState (FollowerState.java:run(153)) - 0cfa5fef-e387-4d03-8755-cac648de9f82@group-8990BC0FEF12-FollowerState was interrupted
2024-07-06 11:54:12,503 [grpc-default-executor-3] INFO  server.RaftServer$Division (RaftServerImpl.java:requestVote(1449)) - eb39f61f-e86a-4779-8e52-f95c095d9393@group-8990BC0FEF12 replies to ELECTION vote request: 8dbb38fd-cb5c-434d-a416-d5257da8c780<-eb39f61f-e86a-4779-8e52-f95c095d9393#0:OK-t1. Peer's state: eb39f61f-e86a-4779-8e52-f95c095d9393@group-8990BC0FEF12:t1, leader=null, voted=8dbb38fd-cb5c-434d-a416-d5257da8c780, raftlog=Memoized:eb39f61f-e86a-4779-8e52-f95c095d9393@group-8990BC0FEF12-SegmentedRaftLog:OPENED:c-1:lastnull, conf=conf: {index: -1, cur=peers:[eb39f61f-e86a-4779-8e52-f95c095d9393|10.1.0.11:15064, 8dbb38fd-cb5c-434d-a416-d5257da8c780|10.1.0.11:15046, 0cfa5fef-e387-4d03-8755-cac648de9f82|10.1.0.11:15055]|listeners:[], old=null}
2024-07-06 11:54:12,504 [grpc-default-executor-0] INFO  server.RaftServer$Division (RaftServerImpl.java:setFirstElection(549)) - 0cfa5fef-e387-4d03-8755-cac648de9f82@group-8990BC0FEF12: set firstElectionSinceStartup to false for candidate:8dbb38fd-cb5c-434d-a416-d5257da8c780
2024-07-06 11:54:12,504 [8dbb38fd-cb5c-434d-a416-d5257da8c780@group-8990BC0FEF12-LeaderElection6] INFO  impl.LeaderElection (LeaderElection.java:logAndReturn(89)) - 8dbb38fd-cb5c-434d-a416-d5257da8c780@group-8990BC0FEF12-LeaderElection6: ELECTION PASSED received 1 response(s) and 0 exception(s):
2024-07-06 11:54:12,504 [8dbb38fd-cb5c-434d-a416-d5257da8c780@group-8990BC0FEF12-LeaderElection6] INFO  impl.LeaderElection (LeaderElection.java:logAndReturn(93)) -   Response 0: 8dbb38fd-cb5c-434d-a416-d5257da8c780<-eb39f61f-e86a-4779-8e52-f95c095d9393#0:OK-t1
2024-07-06 11:54:12,504 [8dbb38fd-cb5c-434d-a416-d5257da8c780@group-8990BC0FEF12-LeaderElection6] INFO  impl.LeaderElection (LeaderElection.java:askForVotes(323)) - 8dbb38fd-cb5c-434d-a416-d5257da8c780@group-8990BC0FEF12-LeaderElection6 ELECTION round 0: result PASSED
2024-07-06 11:54:12,504 [8dbb38fd-cb5c-434d-a416-d5257da8c780@group-8990BC0FEF12-LeaderElection6] INFO  impl.RoleInfo (RoleInfo.java:shutdownLeaderElection(139)) - 8dbb38fd-cb5c-434d-a416-d5257da8c780: shutdown 8dbb38fd-cb5c-434d-a416-d5257da8c780@group-8990BC0FEF12-LeaderElection6
2024-07-06 11:54:12,504 [8dbb38fd-cb5c-434d-a416-d5257da8c780@group-8990BC0FEF12-LeaderElection6] INFO  server.RaftServer$Division (RaftServerImpl.java:setRole(376)) - 8dbb38fd-cb5c-434d-a416-d5257da8c780@group-8990BC0FEF12: changes role from CANDIDATE to LEADER at term 1 for changeToLeader
2024-07-06 11:54:12,504 [8dbb38fd-cb5c-434d-a416-d5257da8c780@group-8990BC0FEF12-LeaderElection6] INFO  server.RaftServerConfigKeys (ConfUtils.java:logGet(46)) - raft.server.staging.catchup.gap = 1000 (default)
2024-07-06 11:54:12,505 [8dbb38fd-cb5c-434d-a416-d5257da8c780@group-8990BC0FEF12-LeaderElection6] INFO  server.RaftServerConfigKeys (ConfUtils.java:logGet(46)) - raft.server.write.element-limit = 1024 (custom)
2024-07-06 11:54:12,505 [8dbb38fd-cb5c-434d-a416-d5257da8c780@group-8990BC0FEF12-LeaderElection6] INFO  server.RaftServerConfigKeys (ConfUtils.java:logGet(46)) - raft.server.write.byte-limit = 1024 M (=1073741824) (custom)
2024-07-06 11:54:12,505 [8dbb38fd-cb5c-434d-a416-d5257da8c780@group-8990BC0FEF12-LeaderElection6] INFO  server.RaftServerConfigKeys (ConfUtils.java:logGet(46)) - raft.server.watch.timeout = 30s (custom)
2024-07-06 11:54:12,505 [8dbb38fd-cb5c-434d-a416-d5257da8c780@group-8990BC0FEF12-LeaderElection6] INFO  server.RaftServerConfigKeys (ConfUtils.java:logGet(46)) - raft.server.watch.timeout.denomination = 1s (default)
2024-07-06 11:54:12,505 [8dbb38fd-cb5c-434d-a416-d5257da8c780@group-8990BC0FEF12-LeaderElection6] INFO  server.RaftServerConfigKeys (ConfUtils.java:logGet(46)) - raft.server.watch.element-limit = 65536 (default)
2024-07-06 11:54:12,505 [grpc-default-executor-0] INFO  server.RaftServer$Division (RaftServerImpl.java:requestVote(1449)) - 0cfa5fef-e387-4d03-8755-cac648de9f82@group-8990BC0FEF12 replies to ELECTION vote request: 8dbb38fd-cb5c-434d-a416-d5257da8c780<-0cfa5fef-e387-4d03-8755-cac648de9f82#0:OK-t1. Peer's state: 0cfa5fef-e387-4d03-8755-cac648de9f82@group-8990BC0FEF12:t1, leader=null, voted=8dbb38fd-cb5c-434d-a416-d5257da8c780, raftlog=Memoized:0cfa5fef-e387-4d03-8755-cac648de9f82@group-8990BC0FEF12-SegmentedRaftLog:OPENED:c-1:lastnull, conf=conf: {index: -1, cur=peers:[eb39f61f-e86a-4779-8e52-f95c095d9393|10.1.0.11:15064, 8dbb38fd-cb5c-434d-a416-d5257da8c780|10.1.0.11:15046, 0cfa5fef-e387-4d03-8755-cac648de9f82|10.1.0.11:15055]|listeners:[], old=null}
2024-07-06 11:54:12,506 [8dbb38fd-cb5c-434d-a416-d5257da8c780@group-8990BC0FEF12-LeaderElection6] INFO  server.RaftServerConfigKeys (ConfUtils.java:logGet(46)) - raft.server.read.leader.lease.enabled = false (default)
2024-07-06 11:54:12,506 [8dbb38fd-cb5c-434d-a416-d5257da8c780@group-8990BC0FEF12-LeaderElection6] INFO  server.RaftServerConfigKeys (ConfUtils.java:logGet(46)) - raft.server.read.leader.lease.timeout.ratio = 0.9 (default)
2024-07-06 11:54:12,506 [8dbb38fd-cb5c-434d-a416-d5257da8c780@group-8990BC0FEF12-LeaderElection6] INFO  server.RaftServerConfigKeys (ConfUtils.java:logGet(46)) - raft.server.rpc.timeout.min = 5s (custom)
2024-07-06 11:54:12,506 [8dbb38fd-cb5c-434d-a416-d5257da8c780@group-8990BC0FEF12-LeaderElection6] INFO  server.RaftServerConfigKeys (ConfUtils.java:logGet(46)) - raft.server.log.log-metadata.enabled = true (default)
2024-07-06 11:54:12,506 [8dbb38fd-cb5c-434d-a416-d5257da8c780@group-8990BC0FEF12-LeaderElection6] INFO  server.RaftServerConfigKeys (ConfUtils.java:logGet(46)) - raft.server.write.element-limit = 1024 (custom)
2024-07-06 11:54:12,506 [8dbb38fd-cb5c-434d-a416-d5257da8c780@group-8990BC0FEF12-LeaderElection6] INFO  server.RaftServerConfigKeys (ConfUtils.java:logGet(46)) - raft.server.write.follower.gap.ratio.max = -1.0 (default)
2024-07-06 11:54:12,506 [8dbb38fd-cb5c-434d-a416-d5257da8c780@group-8990BC0FEF12-LeaderElection6] INFO  server.RaftServerConfigKeys (ConfUtils.java:logGet(46)) - raft.server.log.appender.snapshot.chunk.size.max = 16MB (=16777216) (default)
2024-07-06 11:54:12,506 [8dbb38fd-cb5c-434d-a416-d5257da8c780@group-8990BC0FEF12-LeaderElection6] INFO  server.RaftServerConfigKeys (ConfUtils.java:logGet(46)) - raft.server.log.appender.buffer.byte-limit = 8388608 (custom)
2024-07-06 11:54:12,506 [8dbb38fd-cb5c-434d-a416-d5257da8c780@group-8990BC0FEF12-LeaderElection6] INFO  server.RaftServerConfigKeys (ConfUtils.java:logGet(46)) - raft.server.log.appender.buffer.element-limit = 1024 (custom)
2024-07-06 11:54:12,507 [8dbb38fd-cb5c-434d-a416-d5257da8c780@group-8990BC0FEF12-LeaderElection6] INFO  server.RaftServerConfigKeys (ConfUtils.java:logGet(46)) - raft.server.log.appender.wait-time.min = 0μs (custom)
2024-07-06 11:54:12,507 [8dbb38fd-cb5c-434d-a416-d5257da8c780@group-8990BC0FEF12-LeaderElection6] INFO  grpc.GrpcConfigKeys (ConfUtils.java:logGet(46)) - raft.grpc.server.leader.outstanding.appends.max = 8 (default)
2024-07-06 11:54:12,507 [8dbb38fd-cb5c-434d-a416-d5257da8c780@group-8990BC0FEF12-LeaderElection6] INFO  server.RaftServerConfigKeys (ConfUtils.java:logGet(46)) - raft.server.rpc.request.timeout = 60s (custom)
2024-07-06 11:54:12,508 [8dbb38fd-cb5c-434d-a416-d5257da8c780@group-8990BC0FEF12-LeaderElection6] INFO  grpc.GrpcConfigKeys (ConfUtils.java:logGet(46)) - raft.grpc.server.install_snapshot.request.element-limit = 8 (default)
2024-07-06 11:54:12,508 [8dbb38fd-cb5c-434d-a416-d5257da8c780@group-8990BC0FEF12-LeaderElection6] INFO  grpc.GrpcConfigKeys (ConfUtils.java:logGet(46)) - raft.grpc.server.install_snapshot.request.timeout = 3000ms (default)
2024-07-06 11:54:12,508 [8dbb38fd-cb5c-434d-a416-d5257da8c780@group-8990BC0FEF12-LeaderElection6] INFO  grpc.GrpcConfigKeys (ConfUtils.java:logGet(46)) - raft.grpc.server.log-message.batch.duration = 5s (default)
2024-07-06 11:54:12,508 [8dbb38fd-cb5c-434d-a416-d5257da8c780@group-8990BC0FEF12-LeaderElection6] INFO  server.RaftServerConfigKeys (ConfUtils.java:logGet(46)) - raft.server.log.appender.install.snapshot.enabled = false (custom)
2024-07-06 11:54:12,508 [8dbb38fd-cb5c-434d-a416-d5257da8c780@group-8990BC0FEF12-LeaderElection6] INFO  grpc.GrpcConfigKeys (ConfUtils.java:logGet(46)) - raft.grpc.server.heartbeat.channel = true (default)
2024-07-06 11:54:12,509 [8dbb38fd-cb5c-434d-a416-d5257da8c780@group-8990BC0FEF12-LeaderElection6] INFO  server.RaftServerConfigKeys (ConfUtils.java:logGet(46)) - raft.server.log.appender.snapshot.chunk.size.max = 16MB (=16777216) (default)
2024-07-06 11:54:12,509 [8dbb38fd-cb5c-434d-a416-d5257da8c780@group-8990BC0FEF12-LeaderElection6] INFO  server.RaftServerConfigKeys (ConfUtils.java:logGet(46)) - raft.server.log.appender.buffer.byte-limit = 8388608 (custom)
2024-07-06 11:54:12,509 [8dbb38fd-cb5c-434d-a416-d5257da8c780@group-8990BC0FEF12-LeaderElection6] INFO  server.RaftServerConfigKeys (ConfUtils.java:logGet(46)) - raft.server.log.appender.buffer.element-limit = 1024 (custom)
2024-07-06 11:54:12,510 [8dbb38fd-cb5c-434d-a416-d5257da8c780@group-8990BC0FEF12-LeaderElection6] INFO  server.RaftServerConfigKeys (ConfUtils.java:logGet(46)) - raft.server.log.appender.wait-time.min = 0μs (custom)
2024-07-06 11:54:12,510 [8dbb38fd-cb5c-434d-a416-d5257da8c780@group-8990BC0FEF12-LeaderElection6] INFO  grpc.GrpcConfigKeys (ConfUtils.java:logGet(46)) - raft.grpc.server.leader.outstanding.appends.max = 8 (default)
2024-07-06 11:54:12,510 [8dbb38fd-cb5c-434d-a416-d5257da8c780@group-8990BC0FEF12-LeaderElection6] INFO  server.RaftServerConfigKeys (ConfUtils.java:logGet(46)) - raft.server.rpc.request.timeout = 60s (custom)
2024-07-06 11:54:12,510 [8dbb38fd-cb5c-434d-a416-d5257da8c780@group-8990BC0FEF12-LeaderElection6] INFO  grpc.GrpcConfigKeys (ConfUtils.java:logGet(46)) - raft.grpc.server.install_snapshot.request.element-limit = 8 (default)
2024-07-06 11:54:12,510 [8dbb38fd-cb5c-434d-a416-d5257da8c780@group-8990BC0FEF12-LeaderElection6] INFO  grpc.GrpcConfigKeys (ConfUtils.java:logGet(46)) - raft.grpc.server.install_snapshot.request.timeout = 3000ms (default)
2024-07-06 11:54:12,510 [8dbb38fd-cb5c-434d-a416-d5257da8c780@group-8990BC0FEF12-LeaderElection6] INFO  grpc.GrpcConfigKeys (ConfUtils.java:logGet(46)) - raft.grpc.server.log-message.batch.duration = 5s (default)
2024-07-06 11:54:12,510 [8dbb38fd-cb5c-434d-a416-d5257da8c780@group-8990BC0FEF12-LeaderElection6] INFO  server.RaftServerConfigKeys (ConfUtils.java:logGet(46)) - raft.server.log.appender.install.snapshot.enabled = false (custom)
2024-07-06 11:54:12,511 [8dbb38fd-cb5c-434d-a416-d5257da8c780@group-8990BC0FEF12-LeaderElection6] INFO  grpc.GrpcConfigKeys (ConfUtils.java:logGet(46)) - raft.grpc.server.heartbeat.channel = true (default)
2024-07-06 11:54:12,511 [8dbb38fd-cb5c-434d-a416-d5257da8c780@group-8990BC0FEF12-LeaderElection6] INFO  impl.RoleInfo (RoleInfo.java:updateAndGet(148)) - 8dbb38fd-cb5c-434d-a416-d5257da8c780: start 8dbb38fd-cb5c-434d-a416-d5257da8c780@group-8990BC0FEF12-LeaderStateImpl
2024-07-06 11:54:12,511 [8dbb38fd-cb5c-434d-a416-d5257da8c780@group-8990BC0FEF12-LeaderElection6] INFO  server.RaftServer$Division (RaftServerImpl.java:setFirstElection(549)) - 8dbb38fd-cb5c-434d-a416-d5257da8c780@group-8990BC0FEF12: set firstElectionSinceStartup to false for becomeLeader
2024-07-06 11:54:12,511 [8dbb38fd-cb5c-434d-a416-d5257da8c780@group-8990BC0FEF12-LeaderElection6] INFO  ratis.XceiverServerRatis (XceiverServerRatis.java:handleLeaderChangedNotification(950)) - Leader change notification received for group: group-8990BC0FEF12 with new leaderId: 8dbb38fd-cb5c-434d-a416-d5257da8c780
2024-07-06 11:54:12,511 [8dbb38fd-cb5c-434d-a416-d5257da8c780@group-8990BC0FEF12-LeaderElection6] INFO  server.RaftServer$Division (ServerState.java:setLeader(272)) - 8dbb38fd-cb5c-434d-a416-d5257da8c780@group-8990BC0FEF12: change Leader from null to 8dbb38fd-cb5c-434d-a416-d5257da8c780 at term 1 for becomeLeader, leader elected after 5054ms
2024-07-06 11:54:12,512 [8dbb38fd-cb5c-434d-a416-d5257da8c780@group-8990BC0FEF12-LeaderElection6] INFO  segmented.SegmentedRaftLogWorker (SegmentedRaftLogWorker.java:startLogSegment(433)) - 8dbb38fd-cb5c-434d-a416-d5257da8c780@group-8990BC0FEF12-SegmentedRaftLogWorker: Starting segment from index:0
2024-07-06 11:54:12,513 [8dbb38fd-cb5c-434d-a416-d5257da8c780@group-8990BC0FEF12-SegmentedRaftLogWorker] INFO  segmented.BufferedWriteChannel (BufferedWriteChannel.java:open(61)) - open log_inprogress_0 at position 0
2024-07-06 11:54:12,514 [scmNode-2-EventQueue-PipelineReportForPipelineReportHandler] ERROR pipeline.PipelineReportHandler (PipelineReportHandler.java:onMessage(100)) - Could not process pipeline report=pipelineID {
  id: "fb964329-130e-47bc-8661-8990bc0fef12"
  uuid128 {
    mostSigBits: -317992879990618180
    leastSigBits: -8763572145162817774
  }
}
isLeader: true
bytesWritten: 0
 from dn=8dbb38fd-cb5c-434d-a416-d5257da8c780(fv-az1041-405.cgqmq5qunpnelbz5tk1v55v5te.bx.internal.cloudapp.net/10.1.0.11).
org.apache.hadoop.hdds.scm.exceptions.SCMException: org.apache.ratis.protocol.exceptions.NotLeaderException: Server 41075d7a-0d70-4fa2-ba46-cbc672699b06@group-1EB1B476413A is not the leader eb66df86-6ffc-4e53-b873-cb2b44d5f35d|localhost:15003
	at org.apache.hadoop.hdds.scm.ha.SCMHAInvocationHandler.translateException(SCMHAInvocationHandler.java:165)
	at org.apache.hadoop.hdds.scm.ha.SCMHAInvocationHandler.invokeRatis(SCMHAInvocationHandler.java:115)
	at org.apache.hadoop.hdds.scm.ha.SCMHAInvocationHandler.invoke(SCMHAInvocationHandler.java:74)
	at jdk.proxy2/jdk.proxy2.$Proxy48.updatePipelineState(Unknown Source)
	at org.apache.hadoop.hdds.scm.pipeline.PipelineManagerImpl.openPipeline(PipelineManagerImpl.java:430)
	at org.apache.hadoop.hdds.scm.pipeline.PipelineReportHandler.processPipelineReport(PipelineReportHandler.java:135)
	at org.apache.hadoop.hdds.scm.pipeline.PipelineReportHandler.onMessage(PipelineReportHandler.java:93)
	at org.apache.hadoop.hdds.scm.pipeline.PipelineReportHandler.onMessage(PipelineReportHandler.java:52)
	at org.apache.hadoop.hdds.server.events.SingleThreadExecutor.lambda$onMessage$1(SingleThreadExecutor.java:86)
	at java.base/java.util.concurrent.ThreadPoolExecutor.runWorker(ThreadPoolExecutor.java:1136)
	at java.base/java.util.concurrent.ThreadPoolExecutor$Worker.run(ThreadPoolExecutor.java:635)
	at java.base/java.lang.Thread.run(Thread.java:840)
Caused by: org.apache.ratis.protocol.exceptions.NotLeaderException: Server 41075d7a-0d70-4fa2-ba46-cbc672699b06@group-1EB1B476413A is not the leader eb66df86-6ffc-4e53-b873-cb2b44d5f35d|localhost:15003
	at org.apache.ratis.server.impl.RaftServerImpl.generateNotLeaderException(RaftServerImpl.java:766)
	at org.apache.ratis.server.impl.RaftServerImpl.checkLeaderState(RaftServerImpl.java:731)
	at org.apache.ratis.server.impl.RaftServerImpl.checkLeaderState(RaftServerImpl.java:717)
	at org.apache.ratis.server.impl.RaftServerImpl.writeAsyncImpl(RaftServerImpl.java:958)
	at org.apache.ratis.server.impl.RaftServerImpl.writeAsync(RaftServerImpl.java:945)
	at org.apache.ratis.server.impl.RaftServerImpl.replyFuture(RaftServerImpl.java:937)
	at org.apache.ratis.server.impl.RaftServerImpl.submitClientRequestAsync(RaftServerImpl.java:912)
	at org.apache.ratis.server.impl.RaftServerImpl.lambda$executeSubmitClientRequestAsync$11(RaftServerImpl.java:893)
	at java.base/java.util.concurrent.CompletableFuture$AsyncSupply.run(CompletableFuture.java:1768)
	... 3 more
2024-07-06 11:54:12,516 [scmNode-2-EventQueue-OpenPipelineForHealthyPipelineSafeModeRule] INFO  safemode.SCMSafeModeManager (HealthyPipelineSafeModeRule.java:process(140)) - SCM in safe mode. Healthy pipelines reported count is 0, required healthy pipeline reported count is 1
2024-07-06 11:54:12,518 [scmNode-3-EventQueue-PipelineReportForPipelineReportHandler] ERROR pipeline.PipelineReportHandler (PipelineReportHandler.java:onMessage(100)) - Could not process pipeline report=pipelineID {
  id: "fb964329-130e-47bc-8661-8990bc0fef12"
  uuid128 {
    mostSigBits: -317992879990618180
    leastSigBits: -8763572145162817774
  }
}
isLeader: true
bytesWritten: 0
 from dn=8dbb38fd-cb5c-434d-a416-d5257da8c780(fv-az1041-405.cgqmq5qunpnelbz5tk1v55v5te.bx.internal.cloudapp.net/10.1.0.11).
org.apache.hadoop.hdds.scm.exceptions.SCMException: org.apache.ratis.protocol.exceptions.NotLeaderException: Server 39a46239-dc5f-49f3-8624-e36d450519bc@group-1EB1B476413A is not the leader eb66df86-6ffc-4e53-b873-cb2b44d5f35d|localhost:15003
	at org.apache.hadoop.hdds.scm.ha.SCMHAInvocationHandler.translateException(SCMHAInvocationHandler.java:165)
	at org.apache.hadoop.hdds.scm.ha.SCMHAInvocationHandler.invokeRatis(SCMHAInvocationHandler.java:115)
	at org.apache.hadoop.hdds.scm.ha.SCMHAInvocationHandler.invoke(SCMHAInvocationHandler.java:74)
	at jdk.proxy2/jdk.proxy2.$Proxy48.updatePipelineState(Unknown Source)
	at org.apache.hadoop.hdds.scm.pipeline.PipelineManagerImpl.openPipeline(PipelineManagerImpl.java:430)
	at org.apache.hadoop.hdds.scm.pipeline.PipelineReportHandler.processPipelineReport(PipelineReportHandler.java:135)
	at org.apache.hadoop.hdds.scm.pipeline.PipelineReportHandler.onMessage(PipelineReportHandler.java:93)
	at org.apache.hadoop.hdds.scm.pipeline.PipelineReportHandler.onMessage(PipelineReportHandler.java:52)
	at org.apache.hadoop.hdds.server.events.SingleThreadExecutor.lambda$onMessage$1(SingleThreadExecutor.java:86)
	at java.base/java.util.concurrent.ThreadPoolExecutor.runWorker(ThreadPoolExecutor.java:1136)
	at java.base/java.util.concurrent.ThreadPoolExecutor$Worker.run(ThreadPoolExecutor.java:635)
	at java.base/java.lang.Thread.run(Thread.java:840)
Caused by: org.apache.ratis.protocol.exceptions.NotLeaderException: Server 39a46239-dc5f-49f3-8624-e36d450519bc@group-1EB1B476413A is not the leader eb66df86-6ffc-4e53-b873-cb2b44d5f35d|localhost:15003
	at org.apache.ratis.server.impl.RaftServerImpl.generateNotLeaderException(RaftServerImpl.java:766)
	at org.apache.ratis.server.impl.RaftServerImpl.checkLeaderState(RaftServerImpl.java:731)
	at org.apache.ratis.server.impl.RaftServerImpl.checkLeaderState(RaftServerImpl.java:717)
	at org.apache.ratis.server.impl.RaftServerImpl.writeAsyncImpl(RaftServerImpl.java:958)
	at org.apache.ratis.server.impl.RaftServerImpl.writeAsync(RaftServerImpl.java:945)
	at org.apache.ratis.server.impl.RaftServerImpl.replyFuture(RaftServerImpl.java:937)
	at org.apache.ratis.server.impl.RaftServerImpl.submitClientRequestAsync(RaftServerImpl.java:912)
	at org.apache.ratis.server.impl.RaftServerImpl.lambda$executeSubmitClientRequestAsync$11(RaftServerImpl.java:893)
	at java.base/java.util.concurrent.CompletableFuture$AsyncSupply.run(CompletableFuture.java:1768)
	... 3 more
2024-07-06 11:54:12,518 [scmNode-3-EventQueue-OpenPipelineForHealthyPipelineSafeModeRule] INFO  safemode.SCMSafeModeManager (HealthyPipelineSafeModeRule.java:process(140)) - SCM in safe mode. Healthy pipelines reported count is 0, required healthy pipeline reported count is 1
2024-07-06 11:54:12,518 [8dbb38fd-cb5c-434d-a416-d5257da8c780@group-8990BC0FEF12-LeaderElection6] INFO  server.RaftServer$Division (ServerState.java:setRaftConf(386)) - 8dbb38fd-cb5c-434d-a416-d5257da8c780@group-8990BC0FEF12: set configuration conf: {index: 0, cur=peers:[eb39f61f-e86a-4779-8e52-f95c095d9393|10.1.0.11:15064, 8dbb38fd-cb5c-434d-a416-d5257da8c780|10.1.0.11:15046, 0cfa5fef-e387-4d03-8755-cac648de9f82|10.1.0.11:15055]|listeners:[], old=null}
2024-07-06 11:54:12,520 [eb66df86-6ffc-4e53-b873-cb2b44d5f35d@group-1EB1B476413A-StateMachineUpdater] INFO  safemode.HealthyPipelineSafeModeRule (HealthyPipelineSafeModeRule.java:initializeRule(172)) - Refreshed total pipeline count is 1, healthy pipeline threshold count is 1
2024-07-06 11:54:12,521 [scmNode-1-EventQueue-PipelineReportForPipelineReportHandler] INFO  pipeline.PipelineReportHandler (PipelineReportHandler.java:processPipelineReport(136)) - Opened pipeline PipelineID=fb964329-130e-47bc-8661-8990bc0fef12
2024-07-06 11:54:12,521 [scmNode-1-EventQueue-OpenPipelineForHealthyPipelineSafeModeRule] INFO  safemode.SCMSafeModeManager (HealthyPipelineSafeModeRule.java:process(140)) - SCM in safe mode. Healthy pipelines reported count is 1, required healthy pipeline reported count is 1
2024-07-06 11:54:12,521 [scmNode-1-EventQueue-OpenPipelineForHealthyPipelineSafeModeRule] INFO  safemode.SCMSafeModeManager (SCMSafeModeManager.java:validateSafeModeExitRules(203)) - HealthyPipelineSafeModeRule rule is successfully validated
2024-07-06 11:54:12,521 [scmNode-1-EventQueue-OpenPipelineForHealthyPipelineSafeModeRule] INFO  safemode.SCMSafeModeManager (SCMSafeModeManager.java:validateSafeModeExitRules(218)) - ScmSafeModeManager, all rules are successfully validated
2024-07-06 11:54:12,521 [scmNode-1-EventQueue-OpenPipelineForHealthyPipelineSafeModeRule] INFO  safemode.SCMSafeModeManager (SCMSafeModeManager.java:exitSafeMode(248)) - SCM exiting safe mode.
2024-07-06 11:54:12,521 [scmNode-1-EventQueue-OpenPipelineForHealthyPipelineSafeModeRule] INFO  ha.SCMContext (SCMContext.java:updateSafeModeStatus(225)) - Update SafeModeStatus from SafeModeStatus{safeModeStatus=true, preCheckPassed=true} to SafeModeStatus{safeModeStatus=false, preCheckPassed=true}.
2024-07-06 11:54:12,521 [scmNode-1-EventQueue-OpenPipelineForHealthyPipelineSafeModeRule] INFO  BackgroundPipelineScrubber (BackgroundSCMService.java:notifyStatusChanged(79)) - Service BackgroundPipelineScrubber transitions to RUNNING.
2024-07-06 11:54:12,521 [scmNode-1-EventQueue-OpenPipelineForHealthyPipelineSafeModeRule] INFO  ExpiredContainerReplicaOpScrubber (BackgroundSCMService.java:notifyStatusChanged(79)) - Service ExpiredContainerReplicaOpScrubber transitions to RUNNING.
2024-07-06 11:54:12,522 [scmNode-1-EventQueue-OpenPipelineForHealthyPipelineSafeModeRule] INFO  block.SCMBlockDeletingService (SCMBlockDeletingService.java:notifyStatusChanged(247)) - notifyStatusChanged:RUNNING
2024-07-06 11:54:12,522 [scmNode-1-EventQueue-OpenPipelineForHealthyPipelineSafeModeRule] INFO  replication.ReplicationManager (ReplicationManager.java:notifyStatusChanged(1406)) - Service ReplicationManager transitions to RUNNING.
2024-07-06 11:54:12,522 [8dbb38fd-cb5c-434d-a416-d5257da8c780@group-8990BC0FEF12-SegmentedRaftLogWorker] INFO  segmented.SegmentedRaftLogWorker (SegmentedRaftLogWorker.java:execute(637)) - 8dbb38fd-cb5c-434d-a416-d5257da8c780@group-8990BC0FEF12-SegmentedRaftLogWorker: created new log segment /home/runner/work/ozone/ozone/hadoop-ozone/integration-test/target/test-dir/MiniOzoneClusterImpl-23934d72-33be-4118-bcff-1eb1b476413a/ozone-meta/datanode-1/ratis/fb964329-130e-47bc-8661-8990bc0fef12/current/log_inprogress_0
2024-07-06 11:54:12,524 [scmNode-1-EventQueue-OpenPipelineForHealthyPipelineSafeModeRule] WARN  balancer.ContainerBalancer (ContainerBalancer.java:shouldRun(134)) - Could not find persisted configuration for ContainerBalancer when checking if ContainerBalancer should run. ContainerBalancer should not run now.
2024-07-06 11:54:12,524 [scmNode-1-EventQueue-OpenPipelineForHealthyPipelineSafeModeRule] INFO  SCMHATransactionMonitor (BackgroundSCMService.java:notifyStatusChanged(79)) - Service SCMHATransactionMonitor transitions to RUNNING.
2024-07-06 11:54:12,525 [41075d7a-0d70-4fa2-ba46-cbc672699b06@group-1EB1B476413A-StateMachineUpdater] INFO  safemode.HealthyPipelineSafeModeRule (HealthyPipelineSafeModeRule.java:initializeRule(172)) - Refreshed total pipeline count is 1, healthy pipeline threshold count is 1
2024-07-06 11:54:12,526 [39a46239-dc5f-49f3-8624-e36d450519bc@group-1EB1B476413A-StateMachineUpdater] INFO  safemode.HealthyPipelineSafeModeRule (HealthyPipelineSafeModeRule.java:initializeRule(172)) - Refreshed total pipeline count is 1, healthy pipeline threshold count is 1
2024-07-06 11:54:12,529 [eb39f61f-e86a-4779-8e52-f95c095d9393-server-thread1] INFO  ratis.XceiverServerRatis (XceiverServerRatis.java:handleLeaderChangedNotification(950)) - Leader change notification received for group: group-8990BC0FEF12 with new leaderId: 8dbb38fd-cb5c-434d-a416-d5257da8c780
2024-07-06 11:54:12,531 [eb39f61f-e86a-4779-8e52-f95c095d9393-server-thread1] INFO  server.RaftServer$Division (ServerState.java:setLeader(272)) - eb39f61f-e86a-4779-8e52-f95c095d9393@group-8990BC0FEF12: change Leader from null to 8dbb38fd-cb5c-434d-a416-d5257da8c780 at term 1 for appendEntries, leader elected after 5006ms
2024-07-06 11:54:12,541 [eb39f61f-e86a-4779-8e52-f95c095d9393-server-thread2] INFO  server.RaftServer$Division (ServerState.java:setRaftConf(386)) - eb39f61f-e86a-4779-8e52-f95c095d9393@group-8990BC0FEF12: set configuration conf: {index: 0, cur=peers:[eb39f61f-e86a-4779-8e52-f95c095d9393|10.1.0.11:15064, 8dbb38fd-cb5c-434d-a416-d5257da8c780|10.1.0.11:15046, 0cfa5fef-e387-4d03-8755-cac648de9f82|10.1.0.11:15055]|listeners:[], old=null}
2024-07-06 11:54:12,542 [eb39f61f-e86a-4779-8e52-f95c095d9393-server-thread2] INFO  segmented.SegmentedRaftLogWorker (SegmentedRaftLogWorker.java:startLogSegment(433)) - eb39f61f-e86a-4779-8e52-f95c095d9393@group-8990BC0FEF12-SegmentedRaftLogWorker: Starting segment from index:0
2024-07-06 11:54:12,543 [eb39f61f-e86a-4779-8e52-f95c095d9393@group-8990BC0FEF12-SegmentedRaftLogWorker] INFO  segmented.BufferedWriteChannel (BufferedWriteChannel.java:open(61)) - open log_inprogress_0 at position 0
2024-07-06 11:54:12,549 [0cfa5fef-e387-4d03-8755-cac648de9f82-server-thread1] INFO  ratis.XceiverServerRatis (XceiverServerRatis.java:handleLeaderChangedNotification(950)) - Leader change notification received for group: group-8990BC0FEF12 with new leaderId: 8dbb38fd-cb5c-434d-a416-d5257da8c780
2024-07-06 11:54:12,549 [0cfa5fef-e387-4d03-8755-cac648de9f82-server-thread1] INFO  server.RaftServer$Division (ServerState.java:setLeader(272)) - 0cfa5fef-e387-4d03-8755-cac648de9f82@group-8990BC0FEF12: change Leader from null to 8dbb38fd-cb5c-434d-a416-d5257da8c780 at term 1 for appendEntries, leader elected after 5063ms
2024-07-06 11:54:12,551 [eb39f61f-e86a-4779-8e52-f95c095d9393@group-8990BC0FEF12-SegmentedRaftLogWorker] INFO  segmented.SegmentedRaftLogWorker (SegmentedRaftLogWorker.java:execute(637)) - eb39f61f-e86a-4779-8e52-f95c095d9393@group-8990BC0FEF12-SegmentedRaftLogWorker: created new log segment /home/runner/work/ozone/ozone/hadoop-ozone/integration-test/target/test-dir/MiniOzoneClusterImpl-23934d72-33be-4118-bcff-1eb1b476413a/ozone-meta/datanode-3/ratis/fb964329-130e-47bc-8661-8990bc0fef12/current/log_inprogress_0
2024-07-06 11:54:12,554 [8dbb38fd-cb5c-434d-a416-d5257da8c780@group-8990BC0FEF12-StateMachineUpdater] INFO  server.RaftServer$Division (LeaderStateImpl.java:checkStartIndex(316)) - Leader 8dbb38fd-cb5c-434d-a416-d5257da8c780@group-8990BC0FEF12-LeaderStateImpl is ready since appliedIndex == startIndex == 0
2024-07-06 11:54:12,557 [0cfa5fef-e387-4d03-8755-cac648de9f82-server-thread2] INFO  server.RaftServer$Division (ServerState.java:setRaftConf(386)) - 0cfa5fef-e387-4d03-8755-cac648de9f82@group-8990BC0FEF12: set configuration conf: {index: 0, cur=peers:[eb39f61f-e86a-4779-8e52-f95c095d9393|10.1.0.11:15064, 8dbb38fd-cb5c-434d-a416-d5257da8c780|10.1.0.11:15046, 0cfa5fef-e387-4d03-8755-cac648de9f82|10.1.0.11:15055]|listeners:[], old=null}
2024-07-06 11:54:12,557 [0cfa5fef-e387-4d03-8755-cac648de9f82-server-thread2] INFO  segmented.SegmentedRaftLogWorker (SegmentedRaftLogWorker.java:startLogSegment(433)) - 0cfa5fef-e387-4d03-8755-cac648de9f82@group-8990BC0FEF12-SegmentedRaftLogWorker: Starting segment from index:0
2024-07-06 11:54:12,558 [0cfa5fef-e387-4d03-8755-cac648de9f82@group-8990BC0FEF12-SegmentedRaftLogWorker] INFO  segmented.BufferedWriteChannel (BufferedWriteChannel.java:open(61)) - open log_inprogress_0 at position 0
2024-07-06 11:54:12,567 [0cfa5fef-e387-4d03-8755-cac648de9f82@group-8990BC0FEF12-SegmentedRaftLogWorker] INFO  segmented.SegmentedRaftLogWorker (SegmentedRaftLogWorker.java:execute(637)) - 0cfa5fef-e387-4d03-8755-cac648de9f82@group-8990BC0FEF12-SegmentedRaftLogWorker: created new log segment /home/runner/work/ozone/ozone/hadoop-ozone/integration-test/target/test-dir/MiniOzoneClusterImpl-23934d72-33be-4118-bcff-1eb1b476413a/ozone-meta/datanode-2/ratis/fb964329-130e-47bc-8661-8990bc0fef12/current/log_inprogress_0
2024-07-06 11:54:12,577 [0cfa5fef-e387-4d03-8755-cac648de9f82@group-2A9A77740CD0-FollowerState] INFO  impl.FollowerState (FollowerState.java:run(144)) - 0cfa5fef-e387-4d03-8755-cac648de9f82@group-2A9A77740CD0-FollowerState: change to CANDIDATE, lastRpcElapsedTime:5126766188ns, electionTimeout:5125ms
2024-07-06 11:54:12,577 [0cfa5fef-e387-4d03-8755-cac648de9f82@group-2A9A77740CD0-FollowerState] INFO  impl.RoleInfo (RoleInfo.java:shutdownFollowerState(119)) - 0cfa5fef-e387-4d03-8755-cac648de9f82: shutdown 0cfa5fef-e387-4d03-8755-cac648de9f82@group-2A9A77740CD0-FollowerState
2024-07-06 11:54:12,577 [0cfa5fef-e387-4d03-8755-cac648de9f82@group-2A9A77740CD0-FollowerState] INFO  server.RaftServer$Division (RaftServerImpl.java:setRole(376)) - 0cfa5fef-e387-4d03-8755-cac648de9f82@group-2A9A77740CD0: changes role from  FOLLOWER to CANDIDATE at term 0 for changeToCandidate
2024-07-06 11:54:12,577 [0cfa5fef-e387-4d03-8755-cac648de9f82@group-2A9A77740CD0-FollowerState] INFO  server.RaftServerConfigKeys (ConfUtils.java:logGet(46)) - raft.server.leaderelection.pre-vote = true (default)
2024-07-06 11:54:12,578 [0cfa5fef-e387-4d03-8755-cac648de9f82@group-2A9A77740CD0-FollowerState] INFO  impl.RoleInfo (RoleInfo.java:updateAndGet(148)) - 0cfa5fef-e387-4d03-8755-cac648de9f82: start 0cfa5fef-e387-4d03-8755-cac648de9f82@group-2A9A77740CD0-LeaderElection7
2024-07-06 11:54:12,579 [0cfa5fef-e387-4d03-8755-cac648de9f82@group-2A9A77740CD0-LeaderElection7] INFO  impl.LeaderElection (LeaderElection.java:askForVotes(321)) - 0cfa5fef-e387-4d03-8755-cac648de9f82@group-2A9A77740CD0-LeaderElection7 PRE_VOTE round 0: submit vote requests at term 0 for conf: {index: -1, cur=peers:[eb39f61f-e86a-4779-8e52-f95c095d9393|10.1.0.11:15064, 8dbb38fd-cb5c-434d-a416-d5257da8c780|10.1.0.11:15046, 0cfa5fef-e387-4d03-8755-cac648de9f82|10.1.0.11:15055]|listeners:[], old=null}
2024-07-06 11:54:12,585 [0cfa5fef-e387-4d03-8755-cac648de9f82@group-2A9A77740CD0-LeaderElection7-1] INFO  server.GrpcServerProtocolClient (GrpcServerProtocolClient.java:<init>(65)) - Build channel for eb39f61f-e86a-4779-8e52-f95c095d9393|10.1.0.11:15064
2024-07-06 11:54:12,590 [grpc-default-executor-1] INFO  server.RaftServer$Division (RaftServerImpl.java:requestVote(1416)) - eb39f61f-e86a-4779-8e52-f95c095d9393@group-2A9A77740CD0: receive requestVote(PRE_VOTE, 0cfa5fef-e387-4d03-8755-cac648de9f82, group-2A9A77740CD0, 0, (t:0, i:0))
2024-07-06 11:54:12,590 [grpc-default-executor-1] INFO  impl.VoteContext (VoteContext.java:log(49)) - eb39f61f-e86a-4779-8e52-f95c095d9393@group-2A9A77740CD0-FOLLOWER: reject PRE_VOTE from 0cfa5fef-e387-4d03-8755-cac648de9f82: our priority 1 > candidate's priority 0
2024-07-06 11:54:12,590 [grpc-default-executor-1] INFO  server.RaftServer$Division (RaftServerImpl.java:requestVote(1449)) - eb39f61f-e86a-4779-8e52-f95c095d9393@group-2A9A77740CD0 replies to PRE_VOTE vote request: 0cfa5fef-e387-4d03-8755-cac648de9f82<-eb39f61f-e86a-4779-8e52-f95c095d9393#0:FAIL-t0. Peer's state: eb39f61f-e86a-4779-8e52-f95c095d9393@group-2A9A77740CD0:t0, leader=null, voted=, raftlog=Memoized:eb39f61f-e86a-4779-8e52-f95c095d9393@group-2A9A77740CD0-SegmentedRaftLog:OPENED:c-1:lastnull, conf=conf: {index: -1, cur=peers:[eb39f61f-e86a-4779-8e52-f95c095d9393|10.1.0.11:15064, 8dbb38fd-cb5c-434d-a416-d5257da8c780|10.1.0.11:15046, 0cfa5fef-e387-4d03-8755-cac648de9f82|10.1.0.11:15055]|listeners:[], old=null}
2024-07-06 11:54:12,593 [0cfa5fef-e387-4d03-8755-cac648de9f82@group-2A9A77740CD0-LeaderElection7] INFO  server.RaftServerConfigKeys (ConfUtils.java:logFallback(53)) - raft.server.rpc.first-election.timeout.min = 5s (fallback to raft.server.rpc.timeout.min)
2024-07-06 11:54:12,593 [0cfa5fef-e387-4d03-8755-cac648de9f82@group-2A9A77740CD0-LeaderElection7] INFO  server.RaftServerConfigKeys (ConfUtils.java:logFallback(53)) - raft.server.rpc.first-election.timeout.max = 5200ms (fallback to raft.server.rpc.timeout.max)
2024-07-06 11:54:12,593 [0cfa5fef-e387-4d03-8755-cac648de9f82@group-2A9A77740CD0-LeaderElection7] INFO  impl.LeaderElection (LeaderElection.java:logAndReturn(89)) - 0cfa5fef-e387-4d03-8755-cac648de9f82@group-2A9A77740CD0-LeaderElection7: PRE_VOTE REJECTED received 1 response(s) and 0 exception(s):
2024-07-06 11:54:12,593 [0cfa5fef-e387-4d03-8755-cac648de9f82@group-2A9A77740CD0-LeaderElection7] INFO  impl.LeaderElection (LeaderElection.java:logAndReturn(93)) -   Response 0: 0cfa5fef-e387-4d03-8755-cac648de9f82<-eb39f61f-e86a-4779-8e52-f95c095d9393#0:FAIL-t0
2024-07-06 11:54:12,593 [0cfa5fef-e387-4d03-8755-cac648de9f82@group-2A9A77740CD0-LeaderElection7] INFO  impl.LeaderElection (LeaderElection.java:askForVotes(323)) - 0cfa5fef-e387-4d03-8755-cac648de9f82@group-2A9A77740CD0-LeaderElection7 PRE_VOTE round 0: result REJECTED
2024-07-06 11:54:12,593 [0cfa5fef-e387-4d03-8755-cac648de9f82@group-2A9A77740CD0-LeaderElection7] INFO  server.RaftServer$Division (RaftServerImpl.java:setRole(376)) - 0cfa5fef-e387-4d03-8755-cac648de9f82@group-2A9A77740CD0: changes role from CANDIDATE to FOLLOWER at term 0 for REJECTED
2024-07-06 11:54:12,593 [0cfa5fef-e387-4d03-8755-cac648de9f82@group-2A9A77740CD0-LeaderElection7] INFO  impl.RoleInfo (RoleInfo.java:shutdownLeaderElection(139)) - 0cfa5fef-e387-4d03-8755-cac648de9f82: shutdown 0cfa5fef-e387-4d03-8755-cac648de9f82@group-2A9A77740CD0-LeaderElection7
2024-07-06 11:54:12,593 [0cfa5fef-e387-4d03-8755-cac648de9f82@group-2A9A77740CD0-LeaderElection7] INFO  impl.RoleInfo (RoleInfo.java:updateAndGet(148)) - 0cfa5fef-e387-4d03-8755-cac648de9f82: start 0cfa5fef-e387-4d03-8755-cac648de9f82@group-2A9A77740CD0-FollowerState
2024-07-06 11:54:12,593 [0cfa5fef-e387-4d03-8755-cac648de9f82@group-2A9A77740CD0-LeaderElection7-2] INFO  server.GrpcServerProtocolClient (GrpcServerProtocolClient.java:<init>(65)) - Build channel for 8dbb38fd-cb5c-434d-a416-d5257da8c780|10.1.0.11:15046
2024-07-06 11:54:12,599 [0cfa5fef-e387-4d03-8755-cac648de9f82@group-2A9A77740CD0-LeaderElection7] INFO  server.RaftServer$Division (RaftServerImpl.java:setFirstElection(549)) - 0cfa5fef-e387-4d03-8755-cac648de9f82@group-2A9A77740CD0: set firstElectionSinceStartup to false for REJECTED
2024-07-06 11:54:12,614 [eb39f61f-e86a-4779-8e52-f95c095d9393@group-2A9A77740CD0-FollowerState] INFO  impl.FollowerState (FollowerState.java:run(144)) - eb39f61f-e86a-4779-8e52-f95c095d9393@group-2A9A77740CD0-FollowerState: change to CANDIDATE, lastRpcElapsedTime:5200527076ns, electionTimeout:5200ms
2024-07-06 11:54:12,614 [eb39f61f-e86a-4779-8e52-f95c095d9393@group-2A9A77740CD0-FollowerState] INFO  impl.RoleInfo (RoleInfo.java:shutdownFollowerState(119)) - eb39f61f-e86a-4779-8e52-f95c095d9393: shutdown eb39f61f-e86a-4779-8e52-f95c095d9393@group-2A9A77740CD0-FollowerState
2024-07-06 11:54:12,614 [eb39f61f-e86a-4779-8e52-f95c095d9393@group-2A9A77740CD0-FollowerState] INFO  server.RaftServer$Division (RaftServerImpl.java:setRole(376)) - eb39f61f-e86a-4779-8e52-f95c095d9393@group-2A9A77740CD0: changes role from  FOLLOWER to CANDIDATE at term 0 for changeToCandidate
2024-07-06 11:54:12,614 [eb39f61f-e86a-4779-8e52-f95c095d9393@group-2A9A77740CD0-FollowerState] INFO  server.RaftServerConfigKeys (ConfUtils.java:logGet(46)) - raft.server.leaderelection.pre-vote = true (default)
2024-07-06 11:54:12,614 [eb39f61f-e86a-4779-8e52-f95c095d9393@group-2A9A77740CD0-FollowerState] INFO  impl.RoleInfo (RoleInfo.java:updateAndGet(148)) - eb39f61f-e86a-4779-8e52-f95c095d9393: start eb39f61f-e86a-4779-8e52-f95c095d9393@group-2A9A77740CD0-LeaderElection8
2024-07-06 11:54:12,615 [eb39f61f-e86a-4779-8e52-f95c095d9393@group-2A9A77740CD0-LeaderElection8] INFO  impl.LeaderElection (LeaderElection.java:askForVotes(321)) - eb39f61f-e86a-4779-8e52-f95c095d9393@group-2A9A77740CD0-LeaderElection8 PRE_VOTE round 0: submit vote requests at term 0 for conf: {index: -1, cur=peers:[eb39f61f-e86a-4779-8e52-f95c095d9393|10.1.0.11:15064, 8dbb38fd-cb5c-434d-a416-d5257da8c780|10.1.0.11:15046, 0cfa5fef-e387-4d03-8755-cac648de9f82|10.1.0.11:15055]|listeners:[], old=null}
2024-07-06 11:54:12,616 [eb39f61f-e86a-4779-8e52-f95c095d9393@group-2A9A77740CD0-LeaderElection8] INFO  server.RaftServerConfigKeys (ConfUtils.java:logFallback(53)) - raft.server.rpc.first-election.timeout.min = 5s (fallback to raft.server.rpc.timeout.min)
2024-07-06 11:54:12,616 [eb39f61f-e86a-4779-8e52-f95c095d9393@group-2A9A77740CD0-LeaderElection8] INFO  server.RaftServerConfigKeys (ConfUtils.java:logFallback(53)) - raft.server.rpc.first-election.timeout.max = 5200ms (fallback to raft.server.rpc.timeout.max)
2024-07-06 11:54:12,616 [eb39f61f-e86a-4779-8e52-f95c095d9393@group-2A9A77740CD0-LeaderElection8-1] INFO  server.GrpcServerProtocolClient (GrpcServerProtocolClient.java:<init>(65)) - Build channel for 8dbb38fd-cb5c-434d-a416-d5257da8c780|10.1.0.11:15046
2024-07-06 11:54:12,617 [eb39f61f-e86a-4779-8e52-f95c095d9393@group-2A9A77740CD0-LeaderElection8-2] INFO  server.GrpcServerProtocolClient (GrpcServerProtocolClient.java:<init>(65)) - Build channel for 0cfa5fef-e387-4d03-8755-cac648de9f82|10.1.0.11:15055
2024-07-06 11:54:12,621 [grpc-default-executor-4] INFO  server.RaftServer$Division (RaftServerImpl.java:requestVote(1416)) - 0cfa5fef-e387-4d03-8755-cac648de9f82@group-2A9A77740CD0: receive requestVote(PRE_VOTE, eb39f61f-e86a-4779-8e52-f95c095d9393, group-2A9A77740CD0, 0, (t:0, i:0))
2024-07-06 11:54:12,621 [grpc-default-executor-4] INFO  impl.VoteContext (VoteContext.java:log(49)) - 0cfa5fef-e387-4d03-8755-cac648de9f82@group-2A9A77740CD0-FOLLOWER: accept PRE_VOTE from eb39f61f-e86a-4779-8e52-f95c095d9393: our priority 0 <= candidate's priority 1
2024-07-06 11:54:12,621 [grpc-default-executor-4] INFO  server.RaftServer$Division (RaftServerImpl.java:requestVote(1449)) - 0cfa5fef-e387-4d03-8755-cac648de9f82@group-2A9A77740CD0 replies to PRE_VOTE vote request: eb39f61f-e86a-4779-8e52-f95c095d9393<-0cfa5fef-e387-4d03-8755-cac648de9f82#0:OK-t0. Peer's state: 0cfa5fef-e387-4d03-8755-cac648de9f82@group-2A9A77740CD0:t0, leader=null, voted=, raftlog=Memoized:0cfa5fef-e387-4d03-8755-cac648de9f82@group-2A9A77740CD0-SegmentedRaftLog:OPENED:c-1:lastnull, conf=conf: {index: -1, cur=peers:[eb39f61f-e86a-4779-8e52-f95c095d9393|10.1.0.11:15064, 8dbb38fd-cb5c-434d-a416-d5257da8c780|10.1.0.11:15046, 0cfa5fef-e387-4d03-8755-cac648de9f82|10.1.0.11:15055]|listeners:[], old=null}
2024-07-06 11:54:12,622 [eb39f61f-e86a-4779-8e52-f95c095d9393@group-2A9A77740CD0-LeaderElection8] INFO  impl.LeaderElection (LeaderElection.java:logAndReturn(89)) - eb39f61f-e86a-4779-8e52-f95c095d9393@group-2A9A77740CD0-LeaderElection8: PRE_VOTE PASSED received 1 response(s) and 0 exception(s):
2024-07-06 11:54:12,622 [eb39f61f-e86a-4779-8e52-f95c095d9393@group-2A9A77740CD0-LeaderElection8] INFO  impl.LeaderElection (LeaderElection.java:logAndReturn(93)) -   Response 0: eb39f61f-e86a-4779-8e52-f95c095d9393<-0cfa5fef-e387-4d03-8755-cac648de9f82#0:OK-t0
2024-07-06 11:54:12,622 [eb39f61f-e86a-4779-8e52-f95c095d9393@group-2A9A77740CD0-LeaderElection8] INFO  impl.LeaderElection (LeaderElection.java:askForVotes(323)) - eb39f61f-e86a-4779-8e52-f95c095d9393@group-2A9A77740CD0-LeaderElection8 PRE_VOTE round 0: result PASSED
2024-07-06 11:54:12,623 [grpc-default-executor-4] INFO  server.RaftServer$Division (RaftServerImpl.java:requestVote(1416)) - 8dbb38fd-cb5c-434d-a416-d5257da8c780@group-2A9A77740CD0: receive requestVote(PRE_VOTE, eb39f61f-e86a-4779-8e52-f95c095d9393, group-2A9A77740CD0, 0, (t:0, i:0))
2024-07-06 11:54:12,623 [grpc-default-executor-4] INFO  impl.VoteContext (VoteContext.java:log(49)) - 8dbb38fd-cb5c-434d-a416-d5257da8c780@group-2A9A77740CD0-FOLLOWER: accept PRE_VOTE from eb39f61f-e86a-4779-8e52-f95c095d9393: our priority 0 <= candidate's priority 1
2024-07-06 11:54:12,623 [grpc-default-executor-4] INFO  server.RaftServer$Division (RaftServerImpl.java:requestVote(1449)) - 8dbb38fd-cb5c-434d-a416-d5257da8c780@group-2A9A77740CD0 replies to PRE_VOTE vote request: eb39f61f-e86a-4779-8e52-f95c095d9393<-8dbb38fd-cb5c-434d-a416-d5257da8c780#0:OK-t0. Peer's state: 8dbb38fd-cb5c-434d-a416-d5257da8c780@group-2A9A77740CD0:t0, leader=null, voted=, raftlog=Memoized:8dbb38fd-cb5c-434d-a416-d5257da8c780@group-2A9A77740CD0-SegmentedRaftLog:OPENED:c-1:lastnull, conf=conf: {index: -1, cur=peers:[eb39f61f-e86a-4779-8e52-f95c095d9393|10.1.0.11:15064, 8dbb38fd-cb5c-434d-a416-d5257da8c780|10.1.0.11:15046, 0cfa5fef-e387-4d03-8755-cac648de9f82|10.1.0.11:15055]|listeners:[], old=null}
2024-07-06 11:54:12,624 [eb39f61f-e86a-4779-8e52-f95c095d9393@group-2A9A77740CD0-LeaderElection8] INFO  impl.LeaderElection (LeaderElection.java:askForVotes(321)) - eb39f61f-e86a-4779-8e52-f95c095d9393@group-2A9A77740CD0-LeaderElection8 ELECTION round 0: submit vote requests at term 1 for conf: {index: -1, cur=peers:[eb39f61f-e86a-4779-8e52-f95c095d9393|10.1.0.11:15064, 8dbb38fd-cb5c-434d-a416-d5257da8c780|10.1.0.11:15046, 0cfa5fef-e387-4d03-8755-cac648de9f82|10.1.0.11:15055]|listeners:[], old=null}
2024-07-06 11:54:12,626 [grpc-default-executor-4] INFO  server.RaftServer$Division (RaftServerImpl.java:requestVote(1416)) - 8dbb38fd-cb5c-434d-a416-d5257da8c780@group-2A9A77740CD0: receive requestVote(ELECTION, eb39f61f-e86a-4779-8e52-f95c095d9393, group-2A9A77740CD0, 1, (t:0, i:0))
2024-07-06 11:54:12,626 [grpc-default-executor-4] INFO  impl.VoteContext (VoteContext.java:log(49)) - 8dbb38fd-cb5c-434d-a416-d5257da8c780@group-2A9A77740CD0-FOLLOWER: accept ELECTION from eb39f61f-e86a-4779-8e52-f95c095d9393: our priority 0 <= candidate's priority 1
2024-07-06 11:54:12,626 [grpc-default-executor-4] INFO  server.RaftServer$Division (RaftServerImpl.java:setRole(376)) - 8dbb38fd-cb5c-434d-a416-d5257da8c780@group-2A9A77740CD0: changes role from  FOLLOWER to FOLLOWER at term 1 for candidate:eb39f61f-e86a-4779-8e52-f95c095d9393
2024-07-06 11:54:12,626 [grpc-default-executor-4] INFO  impl.RoleInfo (RoleInfo.java:shutdownFollowerState(119)) - 8dbb38fd-cb5c-434d-a416-d5257da8c780: shutdown 8dbb38fd-cb5c-434d-a416-d5257da8c780@group-2A9A77740CD0-FollowerState
2024-07-06 11:54:12,626 [grpc-default-executor-4] INFO  impl.RoleInfo (RoleInfo.java:updateAndGet(148)) - 8dbb38fd-cb5c-434d-a416-d5257da8c780: start 8dbb38fd-cb5c-434d-a416-d5257da8c780@group-2A9A77740CD0-FollowerState
2024-07-06 11:54:12,626 [8dbb38fd-cb5c-434d-a416-d5257da8c780@group-2A9A77740CD0-FollowerState] INFO  impl.FollowerState (FollowerState.java:run(153)) - 8dbb38fd-cb5c-434d-a416-d5257da8c780@group-2A9A77740CD0-FollowerState was interrupted
2024-07-06 11:54:12,629 [eb39f61f-e86a-4779-8e52-f95c095d9393@group-2A9A77740CD0-LeaderElection8] INFO  server.RaftServerConfigKeys (ConfUtils.java:logFallback(53)) - raft.server.rpc.first-election.timeout.min = 5s (fallback to raft.server.rpc.timeout.min)
2024-07-06 11:54:12,629 [eb39f61f-e86a-4779-8e52-f95c095d9393@group-2A9A77740CD0-LeaderElection8] INFO  server.RaftServerConfigKeys (ConfUtils.java:logFallback(53)) - raft.server.rpc.first-election.timeout.max = 5200ms (fallback to raft.server.rpc.timeout.max)
2024-07-06 11:54:12,630 [grpc-default-executor-1] INFO  server.RaftServer$Division (RaftServerImpl.java:requestVote(1416)) - 0cfa5fef-e387-4d03-8755-cac648de9f82@group-2A9A77740CD0: receive requestVote(ELECTION, eb39f61f-e86a-4779-8e52-f95c095d9393, group-2A9A77740CD0, 1, (t:0, i:0))
2024-07-06 11:54:12,630 [grpc-default-executor-1] INFO  impl.VoteContext (VoteContext.java:log(49)) - 0cfa5fef-e387-4d03-8755-cac648de9f82@group-2A9A77740CD0-FOLLOWER: accept ELECTION from eb39f61f-e86a-4779-8e52-f95c095d9393: our priority 0 <= candidate's priority 1
2024-07-06 11:54:12,630 [grpc-default-executor-1] INFO  server.RaftServer$Division (RaftServerImpl.java:setRole(376)) - 0cfa5fef-e387-4d03-8755-cac648de9f82@group-2A9A77740CD0: changes role from  FOLLOWER to FOLLOWER at term 1 for candidate:eb39f61f-e86a-4779-8e52-f95c095d9393
2024-07-06 11:54:12,630 [grpc-default-executor-1] INFO  impl.RoleInfo (RoleInfo.java:shutdownFollowerState(119)) - 0cfa5fef-e387-4d03-8755-cac648de9f82: shutdown 0cfa5fef-e387-4d03-8755-cac648de9f82@group-2A9A77740CD0-FollowerState
2024-07-06 11:54:12,630 [0cfa5fef-e387-4d03-8755-cac648de9f82@group-2A9A77740CD0-FollowerState] INFO  impl.FollowerState (FollowerState.java:run(153)) - 0cfa5fef-e387-4d03-8755-cac648de9f82@group-2A9A77740CD0-FollowerState was interrupted
2024-07-06 11:54:12,630 [grpc-default-executor-1] INFO  impl.RoleInfo (RoleInfo.java:updateAndGet(148)) - 0cfa5fef-e387-4d03-8755-cac648de9f82: start 0cfa5fef-e387-4d03-8755-cac648de9f82@group-2A9A77740CD0-FollowerState
2024-07-06 11:54:12,634 [grpc-default-executor-1] INFO  server.RaftServer$Division (RaftServerImpl.java:requestVote(1449)) - 0cfa5fef-e387-4d03-8755-cac648de9f82@group-2A9A77740CD0 replies to ELECTION vote request: eb39f61f-e86a-4779-8e52-f95c095d9393<-0cfa5fef-e387-4d03-8755-cac648de9f82#0:OK-t1. Peer's state: 0cfa5fef-e387-4d03-8755-cac648de9f82@group-2A9A77740CD0:t1, leader=null, voted=eb39f61f-e86a-4779-8e52-f95c095d9393, raftlog=Memoized:0cfa5fef-e387-4d03-8755-cac648de9f82@group-2A9A77740CD0-SegmentedRaftLog:OPENED:c-1:lastnull, conf=conf: {index: -1, cur=peers:[eb39f61f-e86a-4779-8e52-f95c095d9393|10.1.0.11:15064, 8dbb38fd-cb5c-434d-a416-d5257da8c780|10.1.0.11:15046, 0cfa5fef-e387-4d03-8755-cac648de9f82|10.1.0.11:15055]|listeners:[], old=null}
2024-07-06 11:54:12,634 [grpc-default-executor-4] INFO  server.RaftServer$Division (RaftServerImpl.java:requestVote(1449)) - 8dbb38fd-cb5c-434d-a416-d5257da8c780@group-2A9A77740CD0 replies to ELECTION vote request: eb39f61f-e86a-4779-8e52-f95c095d9393<-8dbb38fd-cb5c-434d-a416-d5257da8c780#0:OK-t1. Peer's state: 8dbb38fd-cb5c-434d-a416-d5257da8c780@group-2A9A77740CD0:t1, leader=null, voted=eb39f61f-e86a-4779-8e52-f95c095d9393, raftlog=Memoized:8dbb38fd-cb5c-434d-a416-d5257da8c780@group-2A9A77740CD0-SegmentedRaftLog:OPENED:c-1:lastnull, conf=conf: {index: -1, cur=peers:[eb39f61f-e86a-4779-8e52-f95c095d9393|10.1.0.11:15064, 8dbb38fd-cb5c-434d-a416-d5257da8c780|10.1.0.11:15046, 0cfa5fef-e387-4d03-8755-cac648de9f82|10.1.0.11:15055]|listeners:[], old=null}
2024-07-06 11:54:12,635 [eb39f61f-e86a-4779-8e52-f95c095d9393@group-2A9A77740CD0-LeaderElection8] INFO  impl.LeaderElection (LeaderElection.java:logAndReturn(89)) - eb39f61f-e86a-4779-8e52-f95c095d9393@group-2A9A77740CD0-LeaderElection8: ELECTION PASSED received 1 response(s) and 0 exception(s):
2024-07-06 11:54:12,635 [eb39f61f-e86a-4779-8e52-f95c095d9393@group-2A9A77740CD0-LeaderElection8] INFO  impl.LeaderElection (LeaderElection.java:logAndReturn(93)) -   Response 0: eb39f61f-e86a-4779-8e52-f95c095d9393<-0cfa5fef-e387-4d03-8755-cac648de9f82#0:OK-t1
2024-07-06 11:54:12,635 [eb39f61f-e86a-4779-8e52-f95c095d9393@group-2A9A77740CD0-LeaderElection8] INFO  impl.LeaderElection (LeaderElection.java:askForVotes(323)) - eb39f61f-e86a-4779-8e52-f95c095d9393@group-2A9A77740CD0-LeaderElection8 ELECTION round 0: result PASSED
2024-07-06 11:54:12,635 [eb39f61f-e86a-4779-8e52-f95c095d9393@group-2A9A77740CD0-LeaderElection8] INFO  impl.RoleInfo (RoleInfo.java:shutdownLeaderElection(139)) - eb39f61f-e86a-4779-8e52-f95c095d9393: shutdown eb39f61f-e86a-4779-8e52-f95c095d9393@group-2A9A77740CD0-LeaderElection8
2024-07-06 11:54:12,635 [eb39f61f-e86a-4779-8e52-f95c095d9393@group-2A9A77740CD0-LeaderElection8] INFO  server.RaftServer$Division (RaftServerImpl.java:setRole(376)) - eb39f61f-e86a-4779-8e52-f95c095d9393@group-2A9A77740CD0: changes role from CANDIDATE to LEADER at term 1 for changeToLeader
2024-07-06 11:54:12,635 [eb39f61f-e86a-4779-8e52-f95c095d9393@group-2A9A77740CD0-LeaderElection8] INFO  server.RaftServerConfigKeys (ConfUtils.java:logGet(46)) - raft.server.staging.catchup.gap = 1000 (default)
2024-07-06 11:54:12,636 [eb39f61f-e86a-4779-8e52-f95c095d9393@group-2A9A77740CD0-LeaderElection8] INFO  server.RaftServerConfigKeys (ConfUtils.java:logGet(46)) - raft.server.write.element-limit = 1024 (custom)
2024-07-06 11:54:12,636 [eb39f61f-e86a-4779-8e52-f95c095d9393@group-2A9A77740CD0-LeaderElection8] INFO  server.RaftServerConfigKeys (ConfUtils.java:logGet(46)) - raft.server.write.byte-limit = 1024 M (=1073741824) (custom)
2024-07-06 11:54:12,636 [eb39f61f-e86a-4779-8e52-f95c095d9393@group-2A9A77740CD0-LeaderElection8] INFO  server.RaftServerConfigKeys (ConfUtils.java:logGet(46)) - raft.server.watch.timeout = 30s (custom)
2024-07-06 11:54:12,636 [eb39f61f-e86a-4779-8e52-f95c095d9393@group-2A9A77740CD0-LeaderElection8] INFO  server.RaftServerConfigKeys (ConfUtils.java:logGet(46)) - raft.server.watch.timeout.denomination = 1s (default)
2024-07-06 11:54:12,636 [eb39f61f-e86a-4779-8e52-f95c095d9393@group-2A9A77740CD0-LeaderElection8] INFO  server.RaftServerConfigKeys (ConfUtils.java:logGet(46)) - raft.server.watch.element-limit = 65536 (default)
2024-07-06 11:54:12,637 [eb39f61f-e86a-4779-8e52-f95c095d9393@group-2A9A77740CD0-LeaderElection8] INFO  server.RaftServerConfigKeys (ConfUtils.java:logGet(46)) - raft.server.read.leader.lease.enabled = false (default)
2024-07-06 11:54:12,637 [eb39f61f-e86a-4779-8e52-f95c095d9393@group-2A9A77740CD0-LeaderElection8] INFO  server.RaftServerConfigKeys (ConfUtils.java:logGet(46)) - raft.server.read.leader.lease.timeout.ratio = 0.9 (default)
2024-07-06 11:54:12,637 [eb39f61f-e86a-4779-8e52-f95c095d9393@group-2A9A77740CD0-LeaderElection8] INFO  server.RaftServerConfigKeys (ConfUtils.java:logGet(46)) - raft.server.rpc.timeout.min = 5s (custom)
2024-07-06 11:54:12,637 [eb39f61f-e86a-4779-8e52-f95c095d9393@group-2A9A77740CD0-LeaderElection8] INFO  server.RaftServerConfigKeys (ConfUtils.java:logGet(46)) - raft.server.log.log-metadata.enabled = true (default)
2024-07-06 11:54:12,637 [eb39f61f-e86a-4779-8e52-f95c095d9393@group-2A9A77740CD0-LeaderElection8] INFO  server.RaftServerConfigKeys (ConfUtils.java:logGet(46)) - raft.server.write.element-limit = 1024 (custom)
2024-07-06 11:54:12,637 [eb39f61f-e86a-4779-8e52-f95c095d9393@group-2A9A77740CD0-LeaderElection8] INFO  server.RaftServerConfigKeys (ConfUtils.java:logGet(46)) - raft.server.write.follower.gap.ratio.max = -1.0 (default)
2024-07-06 11:54:12,638 [eb39f61f-e86a-4779-8e52-f95c095d9393@group-2A9A77740CD0-LeaderElection8] INFO  server.RaftServerConfigKeys (ConfUtils.java:logGet(46)) - raft.server.log.appender.snapshot.chunk.size.max = 16MB (=16777216) (default)
2024-07-06 11:54:12,638 [eb39f61f-e86a-4779-8e52-f95c095d9393@group-2A9A77740CD0-LeaderElection8] INFO  server.RaftServerConfigKeys (ConfUtils.java:logGet(46)) - raft.server.log.appender.buffer.byte-limit = 8388608 (custom)
2024-07-06 11:54:12,638 [eb39f61f-e86a-4779-8e52-f95c095d9393@group-2A9A77740CD0-LeaderElection8] INFO  server.RaftServerConfigKeys (ConfUtils.java:logGet(46)) - raft.server.log.appender.buffer.element-limit = 1024 (custom)
2024-07-06 11:54:12,638 [eb39f61f-e86a-4779-8e52-f95c095d9393@group-2A9A77740CD0-LeaderElection8] INFO  server.RaftServerConfigKeys (ConfUtils.java:logGet(46)) - raft.server.log.appender.wait-time.min = 0μs (custom)
2024-07-06 11:54:12,638 [eb39f61f-e86a-4779-8e52-f95c095d9393@group-2A9A77740CD0-LeaderElection8] INFO  grpc.GrpcConfigKeys (ConfUtils.java:logGet(46)) - raft.grpc.server.leader.outstanding.appends.max = 8 (default)
2024-07-06 11:54:12,638 [eb39f61f-e86a-4779-8e52-f95c095d9393@group-2A9A77740CD0-LeaderElection8] INFO  server.RaftServerConfigKeys (ConfUtils.java:logGet(46)) - raft.server.rpc.request.timeout = 60s (custom)
2024-07-06 11:54:12,638 [eb39f61f-e86a-4779-8e52-f95c095d9393@group-2A9A77740CD0-LeaderElection8] INFO  grpc.GrpcConfigKeys (ConfUtils.java:logGet(46)) - raft.grpc.server.install_snapshot.request.element-limit = 8 (default)
2024-07-06 11:54:12,638 [eb39f61f-e86a-4779-8e52-f95c095d9393@group-2A9A77740CD0-LeaderElection8] INFO  grpc.GrpcConfigKeys (ConfUtils.java:logGet(46)) - raft.grpc.server.install_snapshot.request.timeout = 3000ms (default)
2024-07-06 11:54:12,638 [eb39f61f-e86a-4779-8e52-f95c095d9393@group-2A9A77740CD0-LeaderElection8] INFO  grpc.GrpcConfigKeys (ConfUtils.java:logGet(46)) - raft.grpc.server.log-message.batch.duration = 5s (default)
2024-07-06 11:54:12,638 [eb39f61f-e86a-4779-8e52-f95c095d9393@group-2A9A77740CD0-LeaderElection8] INFO  server.RaftServerConfigKeys (ConfUtils.java:logGet(46)) - raft.server.log.appender.install.snapshot.enabled = false (custom)
2024-07-06 11:54:12,639 [eb39f61f-e86a-4779-8e52-f95c095d9393@group-2A9A77740CD0-LeaderElection8] INFO  grpc.GrpcConfigKeys (ConfUtils.java:logGet(46)) - raft.grpc.server.heartbeat.channel = true (default)
2024-07-06 11:54:12,640 [eb39f61f-e86a-4779-8e52-f95c095d9393@group-2A9A77740CD0-LeaderElection8] INFO  server.RaftServerConfigKeys (ConfUtils.java:logGet(46)) - raft.server.log.appender.snapshot.chunk.size.max = 16MB (=16777216) (default)
2024-07-06 11:54:12,640 [eb39f61f-e86a-4779-8e52-f95c095d9393@group-2A9A77740CD0-LeaderElection8] INFO  server.RaftServerConfigKeys (ConfUtils.java:logGet(46)) - raft.server.log.appender.buffer.byte-limit = 8388608 (custom)
2024-07-06 11:54:12,640 [eb39f61f-e86a-4779-8e52-f95c095d9393@group-2A9A77740CD0-LeaderElection8] INFO  server.RaftServerConfigKeys (ConfUtils.java:logGet(46)) - raft.server.log.appender.buffer.element-limit = 1024 (custom)
2024-07-06 11:54:12,641 [eb39f61f-e86a-4779-8e52-f95c095d9393@group-2A9A77740CD0-LeaderElection8] INFO  server.RaftServerConfigKeys (ConfUtils.java:logGet(46)) - raft.server.log.appender.wait-time.min = 0μs (custom)
2024-07-06 11:54:12,641 [eb39f61f-e86a-4779-8e52-f95c095d9393@group-2A9A77740CD0-LeaderElection8] INFO  grpc.GrpcConfigKeys (ConfUtils.java:logGet(46)) - raft.grpc.server.leader.outstanding.appends.max = 8 (default)
2024-07-06 11:54:12,641 [eb39f61f-e86a-4779-8e52-f95c095d9393@group-2A9A77740CD0-LeaderElection8] INFO  server.RaftServerConfigKeys (ConfUtils.java:logGet(46)) - raft.server.rpc.request.timeout = 60s (custom)
2024-07-06 11:54:12,641 [eb39f61f-e86a-4779-8e52-f95c095d9393@group-2A9A77740CD0-LeaderElection8] INFO  grpc.GrpcConfigKeys (ConfUtils.java:logGet(46)) - raft.grpc.server.install_snapshot.request.element-limit = 8 (default)
2024-07-06 11:54:12,641 [eb39f61f-e86a-4779-8e52-f95c095d9393@group-2A9A77740CD0-LeaderElection8] INFO  grpc.GrpcConfigKeys (ConfUtils.java:logGet(46)) - raft.grpc.server.install_snapshot.request.timeout = 3000ms (default)
2024-07-06 11:54:12,641 [eb39f61f-e86a-4779-8e52-f95c095d9393@group-2A9A77740CD0-LeaderElection8] INFO  grpc.GrpcConfigKeys (ConfUtils.java:logGet(46)) - raft.grpc.server.log-message.batch.duration = 5s (default)
2024-07-06 11:54:12,641 [eb39f61f-e86a-4779-8e52-f95c095d9393@group-2A9A77740CD0-LeaderElection8] INFO  server.RaftServerConfigKeys (ConfUtils.java:logGet(46)) - raft.server.log.appender.install.snapshot.enabled = false (custom)
2024-07-06 11:54:12,641 [eb39f61f-e86a-4779-8e52-f95c095d9393@group-2A9A77740CD0-LeaderElection8] INFO  grpc.GrpcConfigKeys (ConfUtils.java:logGet(46)) - raft.grpc.server.heartbeat.channel = true (default)
2024-07-06 11:54:12,641 [eb39f61f-e86a-4779-8e52-f95c095d9393@group-2A9A77740CD0-LeaderElection8] INFO  impl.RoleInfo (RoleInfo.java:updateAndGet(148)) - eb39f61f-e86a-4779-8e52-f95c095d9393: start eb39f61f-e86a-4779-8e52-f95c095d9393@group-2A9A77740CD0-LeaderStateImpl
2024-07-06 11:54:12,642 [eb39f61f-e86a-4779-8e52-f95c095d9393@group-2A9A77740CD0-LeaderElection8] INFO  server.RaftServer$Division (RaftServerImpl.java:setFirstElection(549)) - eb39f61f-e86a-4779-8e52-f95c095d9393@group-2A9A77740CD0: set firstElectionSinceStartup to false for becomeLeader
2024-07-06 11:54:12,642 [eb39f61f-e86a-4779-8e52-f95c095d9393@group-2A9A77740CD0-LeaderElection8] INFO  ratis.XceiverServerRatis (XceiverServerRatis.java:handleLeaderChangedNotification(950)) - Leader change notification received for group: group-2A9A77740CD0 with new leaderId: eb39f61f-e86a-4779-8e52-f95c095d9393
2024-07-06 11:54:12,642 [eb39f61f-e86a-4779-8e52-f95c095d9393@group-2A9A77740CD0-LeaderElection8] INFO  server.RaftServer$Division (ServerState.java:setLeader(272)) - eb39f61f-e86a-4779-8e52-f95c095d9393@group-2A9A77740CD0: change Leader from null to eb39f61f-e86a-4779-8e52-f95c095d9393 at term 1 for becomeLeader, leader elected after 5260ms
2024-07-06 11:54:12,642 [eb39f61f-e86a-4779-8e52-f95c095d9393@group-2A9A77740CD0-LeaderElection8] INFO  segmented.SegmentedRaftLogWorker (SegmentedRaftLogWorker.java:startLogSegment(433)) - eb39f61f-e86a-4779-8e52-f95c095d9393@group-2A9A77740CD0-SegmentedRaftLogWorker: Starting segment from index:0
2024-07-06 11:54:12,642 [eb39f61f-e86a-4779-8e52-f95c095d9393@group-2A9A77740CD0-SegmentedRaftLogWorker] INFO  segmented.BufferedWriteChannel (BufferedWriteChannel.java:open(61)) - open log_inprogress_0 at position 0
2024-07-06 11:54:12,643 [eb39f61f-e86a-4779-8e52-f95c095d9393@group-2A9A77740CD0-LeaderElection8] INFO  server.RaftServer$Division (ServerState.java:setRaftConf(386)) - eb39f61f-e86a-4779-8e52-f95c095d9393@group-2A9A77740CD0: set configuration conf: {index: 0, cur=peers:[eb39f61f-e86a-4779-8e52-f95c095d9393|10.1.0.11:15064, 8dbb38fd-cb5c-434d-a416-d5257da8c780|10.1.0.11:15046, 0cfa5fef-e387-4d03-8755-cac648de9f82|10.1.0.11:15055]|listeners:[], old=null}
2024-07-06 11:54:12,647 [scmNode-2-EventQueue-OpenPipelineForHealthyPipelineSafeModeRule] INFO  safemode.SCMSafeModeManager (HealthyPipelineSafeModeRule.java:process(140)) - SCM in safe mode. Healthy pipelines reported count is 1, required healthy pipeline reported count is 1
2024-07-06 11:54:12,647 [scmNode-2-EventQueue-OpenPipelineForHealthyPipelineSafeModeRule] INFO  safemode.SCMSafeModeManager (SCMSafeModeManager.java:validateSafeModeExitRules(203)) - HealthyPipelineSafeModeRule rule is successfully validated
2024-07-06 11:54:12,647 [scmNode-2-EventQueue-OpenPipelineForHealthyPipelineSafeModeRule] INFO  safemode.SCMSafeModeManager (SCMSafeModeManager.java:validateSafeModeExitRules(218)) - ScmSafeModeManager, all rules are successfully validated
2024-07-06 11:54:12,647 [scmNode-2-EventQueue-OpenPipelineForHealthyPipelineSafeModeRule] INFO  safemode.SCMSafeModeManager (SCMSafeModeManager.java:exitSafeMode(248)) - SCM exiting safe mode.
2024-07-06 11:54:12,647 [scmNode-2-EventQueue-OpenPipelineForHealthyPipelineSafeModeRule] INFO  ha.SCMContext (SCMContext.java:updateSafeModeStatus(225)) - Update SafeModeStatus from SafeModeStatus{safeModeStatus=true, preCheckPassed=true} to SafeModeStatus{safeModeStatus=false, preCheckPassed=true}.
2024-07-06 11:54:12,649 [scmNode-3-EventQueue-OpenPipelineForHealthyPipelineSafeModeRule] INFO  safemode.SCMSafeModeManager (HealthyPipelineSafeModeRule.java:process(140)) - SCM in safe mode. Healthy pipelines reported count is 1, required healthy pipeline reported count is 1
2024-07-06 11:54:12,649 [scmNode-3-EventQueue-OpenPipelineForHealthyPipelineSafeModeRule] INFO  safemode.SCMSafeModeManager (SCMSafeModeManager.java:validateSafeModeExitRules(203)) - HealthyPipelineSafeModeRule rule is successfully validated
2024-07-06 11:54:12,649 [scmNode-3-EventQueue-OpenPipelineForHealthyPipelineSafeModeRule] INFO  safemode.SCMSafeModeManager (SCMSafeModeManager.java:validateSafeModeExitRules(218)) - ScmSafeModeManager, all rules are successfully validated
2024-07-06 11:54:12,649 [scmNode-3-EventQueue-OpenPipelineForHealthyPipelineSafeModeRule] INFO  safemode.SCMSafeModeManager (SCMSafeModeManager.java:exitSafeMode(248)) - SCM exiting safe mode.
2024-07-06 11:54:12,649 [scmNode-3-EventQueue-OpenPipelineForHealthyPipelineSafeModeRule] INFO  ha.SCMContext (SCMContext.java:updateSafeModeStatus(225)) - Update SafeModeStatus from SafeModeStatus{safeModeStatus=true, preCheckPassed=true} to SafeModeStatus{safeModeStatus=false, preCheckPassed=true}.
2024-07-06 11:54:12,650 [scmNode-2-EventQueue-PipelineReportForPipelineReportHandler] ERROR pipeline.PipelineReportHandler (PipelineReportHandler.java:onMessage(100)) - Could not process pipeline report=pipelineID {
  id: "a4768336-efd2-46e9-8689-2a9a77740cd0"
  uuid128 {
    mostSigBits: -6595940332262504727
    leastSigBits: -8752417557900423984
  }
}
isLeader: true
bytesWritten: 0
 from dn=eb39f61f-e86a-4779-8e52-f95c095d9393(fv-az1041-405.cgqmq5qunpnelbz5tk1v55v5te.bx.internal.cloudapp.net/10.1.0.11).
org.apache.hadoop.hdds.scm.exceptions.SCMException: org.apache.ratis.protocol.exceptions.NotLeaderException: Server 41075d7a-0d70-4fa2-ba46-cbc672699b06@group-1EB1B476413A is not the leader eb66df86-6ffc-4e53-b873-cb2b44d5f35d|localhost:15003
	at org.apache.hadoop.hdds.scm.ha.SCMHAInvocationHandler.translateException(SCMHAInvocationHandler.java:165)
	at org.apache.hadoop.hdds.scm.ha.SCMHAInvocationHandler.invokeRatis(SCMHAInvocationHandler.java:115)
	at org.apache.hadoop.hdds.scm.ha.SCMHAInvocationHandler.invoke(SCMHAInvocationHandler.java:74)
	at jdk.proxy2/jdk.proxy2.$Proxy48.updatePipelineState(Unknown Source)
	at org.apache.hadoop.hdds.scm.pipeline.PipelineManagerImpl.openPipeline(PipelineManagerImpl.java:430)
	at org.apache.hadoop.hdds.scm.pipeline.PipelineReportHandler.processPipelineReport(PipelineReportHandler.java:135)
	at org.apache.hadoop.hdds.scm.pipeline.PipelineReportHandler.onMessage(PipelineReportHandler.java:93)
	at org.apache.hadoop.hdds.scm.pipeline.PipelineReportHandler.onMessage(PipelineReportHandler.java:52)
	at org.apache.hadoop.hdds.server.events.SingleThreadExecutor.lambda$onMessage$1(SingleThreadExecutor.java:86)
	at java.base/java.util.concurrent.ThreadPoolExecutor.runWorker(ThreadPoolExecutor.java:1136)
	at java.base/java.util.concurrent.ThreadPoolExecutor$Worker.run(ThreadPoolExecutor.java:635)
	at java.base/java.lang.Thread.run(Thread.java:840)
Caused by: org.apache.ratis.protocol.exceptions.NotLeaderException: Server 41075d7a-0d70-4fa2-ba46-cbc672699b06@group-1EB1B476413A is not the leader eb66df86-6ffc-4e53-b873-cb2b44d5f35d|localhost:15003
	at org.apache.ratis.server.impl.RaftServerImpl.generateNotLeaderException(RaftServerImpl.java:766)
	at org.apache.ratis.server.impl.RaftServerImpl.checkLeaderState(RaftServerImpl.java:731)
	at org.apache.ratis.server.impl.RaftServerImpl.checkLeaderState(RaftServerImpl.java:717)
	at org.apache.ratis.server.impl.RaftServerImpl.writeAsyncImpl(RaftServerImpl.java:958)
	at org.apache.ratis.server.impl.RaftServerImpl.writeAsync(RaftServerImpl.java:945)
	at org.apache.ratis.server.impl.RaftServerImpl.replyFuture(RaftServerImpl.java:937)
	at org.apache.ratis.server.impl.RaftServerImpl.submitClientRequestAsync(RaftServerImpl.java:912)
	at org.apache.ratis.server.impl.RaftServerImpl.lambda$executeSubmitClientRequestAsync$11(RaftServerImpl.java:893)
	at java.base/java.util.concurrent.CompletableFuture$AsyncSupply.run(CompletableFuture.java:1768)
	... 3 more
2024-07-06 11:54:12,651 [scmNode-3-EventQueue-PipelineReportForPipelineReportHandler] ERROR pipeline.PipelineReportHandler (PipelineReportHandler.java:onMessage(100)) - Could not process pipeline report=pipelineID {
  id: "a4768336-efd2-46e9-8689-2a9a77740cd0"
  uuid128 {
    mostSigBits: -6595940332262504727
    leastSigBits: -8752417557900423984
  }
}
isLeader: true
bytesWritten: 0
 from dn=eb39f61f-e86a-4779-8e52-f95c095d9393(fv-az1041-405.cgqmq5qunpnelbz5tk1v55v5te.bx.internal.cloudapp.net/10.1.0.11).
org.apache.hadoop.hdds.scm.exceptions.SCMException: org.apache.ratis.protocol.exceptions.NotLeaderException: Server 39a46239-dc5f-49f3-8624-e36d450519bc@group-1EB1B476413A is not the leader eb66df86-6ffc-4e53-b873-cb2b44d5f35d|localhost:15003
	at org.apache.hadoop.hdds.scm.ha.SCMHAInvocationHandler.translateException(SCMHAInvocationHandler.java:165)
	at org.apache.hadoop.hdds.scm.ha.SCMHAInvocationHandler.invokeRatis(SCMHAInvocationHandler.java:115)
	at org.apache.hadoop.hdds.scm.ha.SCMHAInvocationHandler.invoke(SCMHAInvocationHandler.java:74)
	at jdk.proxy2/jdk.proxy2.$Proxy48.updatePipelineState(Unknown Source)
	at org.apache.hadoop.hdds.scm.pipeline.PipelineManagerImpl.openPipeline(PipelineManagerImpl.java:430)
	at org.apache.hadoop.hdds.scm.pipeline.PipelineReportHandler.processPipelineReport(PipelineReportHandler.java:135)
	at org.apache.hadoop.hdds.scm.pipeline.PipelineReportHandler.onMessage(PipelineReportHandler.java:93)
	at org.apache.hadoop.hdds.scm.pipeline.PipelineReportHandler.onMessage(PipelineReportHandler.java:52)
	at org.apache.hadoop.hdds.server.events.SingleThreadExecutor.lambda$onMessage$1(SingleThreadExecutor.java:86)
	at java.base/java.util.concurrent.ThreadPoolExecutor.runWorker(ThreadPoolExecutor.java:1136)
	at java.base/java.util.concurrent.ThreadPoolExecutor$Worker.run(ThreadPoolExecutor.java:635)
	at java.base/java.lang.Thread.run(Thread.java:840)
Caused by: org.apache.ratis.protocol.exceptions.NotLeaderException: Server 39a46239-dc5f-49f3-8624-e36d450519bc@group-1EB1B476413A is not the leader eb66df86-6ffc-4e53-b873-cb2b44d5f35d|localhost:15003
	at org.apache.ratis.server.impl.RaftServerImpl.generateNotLeaderException(RaftServerImpl.java:766)
	at org.apache.ratis.server.impl.RaftServerImpl.checkLeaderState(RaftServerImpl.java:731)
	at org.apache.ratis.server.impl.RaftServerImpl.checkLeaderState(RaftServerImpl.java:717)
	at org.apache.ratis.server.impl.RaftServerImpl.writeAsyncImpl(RaftServerImpl.java:958)
	at org.apache.ratis.server.impl.RaftServerImpl.writeAsync(RaftServerImpl.java:945)
	at org.apache.ratis.server.impl.RaftServerImpl.replyFuture(RaftServerImpl.java:937)
	at org.apache.ratis.server.impl.RaftServerImpl.submitClientRequestAsync(RaftServerImpl.java:912)
	at org.apache.ratis.server.impl.RaftServerImpl.lambda$executeSubmitClientRequestAsync$11(RaftServerImpl.java:893)
	at java.base/java.util.concurrent.CompletableFuture$AsyncSupply.run(CompletableFuture.java:1768)
	... 3 more
2024-07-06 11:54:12,651 [eb39f61f-e86a-4779-8e52-f95c095d9393@group-2A9A77740CD0-SegmentedRaftLogWorker] INFO  segmented.SegmentedRaftLogWorker (SegmentedRaftLogWorker.java:execute(637)) - eb39f61f-e86a-4779-8e52-f95c095d9393@group-2A9A77740CD0-SegmentedRaftLogWorker: created new log segment /home/runner/work/ozone/ozone/hadoop-ozone/integration-test/target/test-dir/MiniOzoneClusterImpl-23934d72-33be-4118-bcff-1eb1b476413a/ozone-meta/datanode-3/ratis/a4768336-efd2-46e9-8689-2a9a77740cd0/current/log_inprogress_0
2024-07-06 11:54:12,653 [scmNode-1-EventQueue-PipelineReportForPipelineReportHandler] INFO  pipeline.PipelineReportHandler (PipelineReportHandler.java:processPipelineReport(136)) - Opened pipeline PipelineID=a4768336-efd2-46e9-8689-2a9a77740cd0
2024-07-06 11:54:12,661 [0cfa5fef-e387-4d03-8755-cac648de9f82-server-thread1] INFO  ratis.XceiverServerRatis (XceiverServerRatis.java:handleLeaderChangedNotification(950)) - Leader change notification received for group: group-2A9A77740CD0 with new leaderId: eb39f61f-e86a-4779-8e52-f95c095d9393
2024-07-06 11:54:12,661 [0cfa5fef-e387-4d03-8755-cac648de9f82-server-thread1] INFO  server.RaftServer$Division (ServerState.java:setLeader(272)) - 0cfa5fef-e387-4d03-8755-cac648de9f82@group-2A9A77740CD0: change Leader from null to eb39f61f-e86a-4779-8e52-f95c095d9393 at term 1 for appendEntries, leader elected after 5230ms
2024-07-06 11:54:12,669 [8dbb38fd-cb5c-434d-a416-d5257da8c780-server-thread1] INFO  ratis.XceiverServerRatis (XceiverServerRatis.java:handleLeaderChangedNotification(950)) - Leader change notification received for group: group-2A9A77740CD0 with new leaderId: eb39f61f-e86a-4779-8e52-f95c095d9393
2024-07-06 11:54:12,669 [8dbb38fd-cb5c-434d-a416-d5257da8c780-server-thread1] INFO  server.RaftServer$Division (ServerState.java:setLeader(272)) - 8dbb38fd-cb5c-434d-a416-d5257da8c780@group-2A9A77740CD0: change Leader from null to eb39f61f-e86a-4779-8e52-f95c095d9393 at term 1 for appendEntries, leader elected after 5350ms
2024-07-06 11:54:12,670 [0cfa5fef-e387-4d03-8755-cac648de9f82-server-thread3] INFO  server.RaftServer$Division (ServerState.java:setRaftConf(386)) - 0cfa5fef-e387-4d03-8755-cac648de9f82@group-2A9A77740CD0: set configuration conf: {index: 0, cur=peers:[eb39f61f-e86a-4779-8e52-f95c095d9393|10.1.0.11:15064, 8dbb38fd-cb5c-434d-a416-d5257da8c780|10.1.0.11:15046, 0cfa5fef-e387-4d03-8755-cac648de9f82|10.1.0.11:15055]|listeners:[], old=null}
2024-07-06 11:54:12,670 [0cfa5fef-e387-4d03-8755-cac648de9f82-server-thread3] INFO  segmented.SegmentedRaftLogWorker (SegmentedRaftLogWorker.java:startLogSegment(433)) - 0cfa5fef-e387-4d03-8755-cac648de9f82@group-2A9A77740CD0-SegmentedRaftLogWorker: Starting segment from index:0
2024-07-06 11:54:12,671 [0cfa5fef-e387-4d03-8755-cac648de9f82@group-2A9A77740CD0-SegmentedRaftLogWorker] INFO  segmented.BufferedWriteChannel (BufferedWriteChannel.java:open(61)) - open log_inprogress_0 at position 0
2024-07-06 11:54:12,677 [8dbb38fd-cb5c-434d-a416-d5257da8c780-server-thread2] INFO  server.RaftServer$Division (ServerState.java:setRaftConf(386)) - 8dbb38fd-cb5c-434d-a416-d5257da8c780@group-2A9A77740CD0: set configuration conf: {index: 0, cur=peers:[eb39f61f-e86a-4779-8e52-f95c095d9393|10.1.0.11:15064, 8dbb38fd-cb5c-434d-a416-d5257da8c780|10.1.0.11:15046, 0cfa5fef-e387-4d03-8755-cac648de9f82|10.1.0.11:15055]|listeners:[], old=null}
2024-07-06 11:54:12,678 [0cfa5fef-e387-4d03-8755-cac648de9f82@group-2A9A77740CD0-SegmentedRaftLogWorker] INFO  segmented.SegmentedRaftLogWorker (SegmentedRaftLogWorker.java:execute(637)) - 0cfa5fef-e387-4d03-8755-cac648de9f82@group-2A9A77740CD0-SegmentedRaftLogWorker: created new log segment /home/runner/work/ozone/ozone/hadoop-ozone/integration-test/target/test-dir/MiniOzoneClusterImpl-23934d72-33be-4118-bcff-1eb1b476413a/ozone-meta/datanode-2/ratis/a4768336-efd2-46e9-8689-2a9a77740cd0/current/log_inprogress_0
2024-07-06 11:54:12,678 [8dbb38fd-cb5c-434d-a416-d5257da8c780-server-thread2] INFO  segmented.SegmentedRaftLogWorker (SegmentedRaftLogWorker.java:startLogSegment(433)) - 8dbb38fd-cb5c-434d-a416-d5257da8c780@group-2A9A77740CD0-SegmentedRaftLogWorker: Starting segment from index:0
2024-07-06 11:54:12,679 [8dbb38fd-cb5c-434d-a416-d5257da8c780@group-2A9A77740CD0-SegmentedRaftLogWorker] INFO  segmented.BufferedWriteChannel (BufferedWriteChannel.java:open(61)) - open log_inprogress_0 at position 0
2024-07-06 11:54:12,688 [eb39f61f-e86a-4779-8e52-f95c095d9393@group-2A9A77740CD0-StateMachineUpdater] INFO  server.RaftServer$Division (LeaderStateImpl.java:checkStartIndex(316)) - Leader eb39f61f-e86a-4779-8e52-f95c095d9393@group-2A9A77740CD0-LeaderStateImpl is ready since appliedIndex == startIndex == 0
2024-07-06 11:54:12,688 [8dbb38fd-cb5c-434d-a416-d5257da8c780@group-2A9A77740CD0-SegmentedRaftLogWorker] INFO  segmented.SegmentedRaftLogWorker (SegmentedRaftLogWorker.java:execute(637)) - 8dbb38fd-cb5c-434d-a416-d5257da8c780@group-2A9A77740CD0-SegmentedRaftLogWorker: created new log segment /home/runner/work/ozone/ozone/hadoop-ozone/integration-test/target/test-dir/MiniOzoneClusterImpl-23934d72-33be-4118-bcff-1eb1b476413a/ozone-meta/datanode-1/ratis/a4768336-efd2-46e9-8689-2a9a77740cd0/current/log_inprogress_0
2024-07-06 11:54:13,031 [0cfa5fef-e387-4d03-8755-cac648de9f82@group-C7E38B047446-FollowerState] INFO  impl.FollowerState (FollowerState.java:run(144)) - 0cfa5fef-e387-4d03-8755-cac648de9f82@group-C7E38B047446-FollowerState: change to CANDIDATE, lastRpcElapsedTime:5123905199ns, electionTimeout:5121ms
2024-07-06 11:54:13,031 [0cfa5fef-e387-4d03-8755-cac648de9f82@group-C7E38B047446-FollowerState] INFO  impl.RoleInfo (RoleInfo.java:shutdownFollowerState(119)) - 0cfa5fef-e387-4d03-8755-cac648de9f82: shutdown 0cfa5fef-e387-4d03-8755-cac648de9f82@group-C7E38B047446-FollowerState
2024-07-06 11:54:13,032 [0cfa5fef-e387-4d03-8755-cac648de9f82@group-C7E38B047446-FollowerState] INFO  server.RaftServer$Division (RaftServerImpl.java:setRole(376)) - 0cfa5fef-e387-4d03-8755-cac648de9f82@group-C7E38B047446: changes role from  FOLLOWER to CANDIDATE at term 0 for changeToCandidate
2024-07-06 11:54:13,032 [0cfa5fef-e387-4d03-8755-cac648de9f82@group-C7E38B047446-FollowerState] INFO  server.RaftServerConfigKeys (ConfUtils.java:logGet(46)) - raft.server.leaderelection.pre-vote = true (default)
2024-07-06 11:54:13,032 [0cfa5fef-e387-4d03-8755-cac648de9f82@group-C7E38B047446-FollowerState] INFO  impl.RoleInfo (RoleInfo.java:updateAndGet(148)) - 0cfa5fef-e387-4d03-8755-cac648de9f82: start 0cfa5fef-e387-4d03-8755-cac648de9f82@group-C7E38B047446-LeaderElection9
2024-07-06 11:54:13,032 [0cfa5fef-e387-4d03-8755-cac648de9f82@group-C7E38B047446-LeaderElection9] INFO  impl.LeaderElection (LeaderElection.java:askForVotes(321)) - 0cfa5fef-e387-4d03-8755-cac648de9f82@group-C7E38B047446-LeaderElection9 PRE_VOTE round 0: submit vote requests at term 0 for conf: {index: -1, cur=peers:[0cfa5fef-e387-4d03-8755-cac648de9f82|10.1.0.11:15055]|listeners:[], old=null}
2024-07-06 11:54:13,032 [0cfa5fef-e387-4d03-8755-cac648de9f82@group-C7E38B047446-LeaderElection9] INFO  impl.LeaderElection (LeaderElection.java:askForVotes(323)) - 0cfa5fef-e387-4d03-8755-cac648de9f82@group-C7E38B047446-LeaderElection9 PRE_VOTE round 0: result PASSED (term=0)
2024-07-06 11:54:13,033 [0cfa5fef-e387-4d03-8755-cac648de9f82@group-C7E38B047446-LeaderElection9] INFO  impl.LeaderElection (LeaderElection.java:askForVotes(321)) - 0cfa5fef-e387-4d03-8755-cac648de9f82@group-C7E38B047446-LeaderElection9 ELECTION round 0: submit vote requests at term 1 for conf: {index: -1, cur=peers:[0cfa5fef-e387-4d03-8755-cac648de9f82|10.1.0.11:15055]|listeners:[], old=null}
2024-07-06 11:54:13,033 [0cfa5fef-e387-4d03-8755-cac648de9f82@group-C7E38B047446-LeaderElection9] INFO  impl.LeaderElection (LeaderElection.java:askForVotes(323)) - 0cfa5fef-e387-4d03-8755-cac648de9f82@group-C7E38B047446-LeaderElection9 ELECTION round 0: result PASSED (term=1)
2024-07-06 11:54:13,033 [0cfa5fef-e387-4d03-8755-cac648de9f82@group-C7E38B047446-LeaderElection9] INFO  impl.RoleInfo (RoleInfo.java:shutdownLeaderElection(139)) - 0cfa5fef-e387-4d03-8755-cac648de9f82: shutdown 0cfa5fef-e387-4d03-8755-cac648de9f82@group-C7E38B047446-LeaderElection9
2024-07-06 11:54:13,034 [0cfa5fef-e387-4d03-8755-cac648de9f82@group-C7E38B047446-LeaderElection9] INFO  server.RaftServer$Division (RaftServerImpl.java:setRole(376)) - 0cfa5fef-e387-4d03-8755-cac648de9f82@group-C7E38B047446: changes role from CANDIDATE to LEADER at term 1 for changeToLeader
2024-07-06 11:54:13,034 [0cfa5fef-e387-4d03-8755-cac648de9f82@group-C7E38B047446-LeaderElection9] INFO  server.RaftServerConfigKeys (ConfUtils.java:logGet(46)) - raft.server.staging.catchup.gap = 1000 (default)
2024-07-06 11:54:13,034 [0cfa5fef-e387-4d03-8755-cac648de9f82@group-C7E38B047446-LeaderElection9] INFO  server.RaftServerConfigKeys (ConfUtils.java:logGet(46)) - raft.server.write.element-limit = 1024 (custom)
2024-07-06 11:54:13,034 [0cfa5fef-e387-4d03-8755-cac648de9f82@group-C7E38B047446-LeaderElection9] INFO  server.RaftServerConfigKeys (ConfUtils.java:logGet(46)) - raft.server.write.byte-limit = 1024 M (=1073741824) (custom)
2024-07-06 11:54:13,034 [0cfa5fef-e387-4d03-8755-cac648de9f82@group-C7E38B047446-LeaderElection9] INFO  server.RaftServerConfigKeys (ConfUtils.java:logGet(46)) - raft.server.watch.timeout = 30s (custom)
2024-07-06 11:54:13,034 [0cfa5fef-e387-4d03-8755-cac648de9f82@group-C7E38B047446-LeaderElection9] INFO  server.RaftServerConfigKeys (ConfUtils.java:logGet(46)) - raft.server.watch.timeout.denomination = 1s (default)
2024-07-06 11:54:13,035 [0cfa5fef-e387-4d03-8755-cac648de9f82@group-C7E38B047446-LeaderElection9] INFO  server.RaftServerConfigKeys (ConfUtils.java:logGet(46)) - raft.server.watch.element-limit = 65536 (default)
2024-07-06 11:54:13,035 [0cfa5fef-e387-4d03-8755-cac648de9f82@group-C7E38B047446-LeaderElection9] INFO  server.RaftServerConfigKeys (ConfUtils.java:logGet(46)) - raft.server.read.leader.lease.enabled = false (default)
2024-07-06 11:54:13,035 [0cfa5fef-e387-4d03-8755-cac648de9f82@group-C7E38B047446-LeaderElection9] INFO  server.RaftServerConfigKeys (ConfUtils.java:logGet(46)) - raft.server.read.leader.lease.timeout.ratio = 0.9 (default)
2024-07-06 11:54:13,035 [0cfa5fef-e387-4d03-8755-cac648de9f82@group-C7E38B047446-LeaderElection9] INFO  server.RaftServerConfigKeys (ConfUtils.java:logGet(46)) - raft.server.rpc.timeout.min = 5s (custom)
2024-07-06 11:54:13,035 [0cfa5fef-e387-4d03-8755-cac648de9f82@group-C7E38B047446-LeaderElection9] INFO  server.RaftServerConfigKeys (ConfUtils.java:logGet(46)) - raft.server.log.log-metadata.enabled = true (default)
2024-07-06 11:54:13,035 [0cfa5fef-e387-4d03-8755-cac648de9f82@group-C7E38B047446-LeaderElection9] INFO  server.RaftServerConfigKeys (ConfUtils.java:logGet(46)) - raft.server.write.element-limit = 1024 (custom)
2024-07-06 11:54:13,035 [0cfa5fef-e387-4d03-8755-cac648de9f82@group-C7E38B047446-LeaderElection9] INFO  server.RaftServerConfigKeys (ConfUtils.java:logGet(46)) - raft.server.write.follower.gap.ratio.max = -1.0 (default)
2024-07-06 11:54:13,035 [0cfa5fef-e387-4d03-8755-cac648de9f82@group-C7E38B047446-LeaderElection9] INFO  impl.RoleInfo (RoleInfo.java:updateAndGet(148)) - 0cfa5fef-e387-4d03-8755-cac648de9f82: start 0cfa5fef-e387-4d03-8755-cac648de9f82@group-C7E38B047446-LeaderStateImpl
2024-07-06 11:54:13,035 [0cfa5fef-e387-4d03-8755-cac648de9f82@group-C7E38B047446-LeaderElection9] INFO  server.RaftServer$Division (RaftServerImpl.java:setFirstElection(549)) - 0cfa5fef-e387-4d03-8755-cac648de9f82@group-C7E38B047446: set firstElectionSinceStartup to false for becomeLeader
2024-07-06 11:54:13,036 [0cfa5fef-e387-4d03-8755-cac648de9f82@group-C7E38B047446-LeaderElection9] INFO  ratis.XceiverServerRatis (XceiverServerRatis.java:handleLeaderChangedNotification(950)) - Leader change notification received for group: group-C7E38B047446 with new leaderId: 0cfa5fef-e387-4d03-8755-cac648de9f82
2024-07-06 11:54:13,036 [0cfa5fef-e387-4d03-8755-cac648de9f82@group-C7E38B047446-LeaderElection9] INFO  server.RaftServer$Division (ServerState.java:setLeader(272)) - 0cfa5fef-e387-4d03-8755-cac648de9f82@group-C7E38B047446: change Leader from null to 0cfa5fef-e387-4d03-8755-cac648de9f82 at term 1 for becomeLeader, leader elected after 5149ms
2024-07-06 11:54:13,036 [0cfa5fef-e387-4d03-8755-cac648de9f82@group-C7E38B047446-LeaderElection9] INFO  segmented.SegmentedRaftLogWorker (SegmentedRaftLogWorker.java:startLogSegment(433)) - 0cfa5fef-e387-4d03-8755-cac648de9f82@group-C7E38B047446-SegmentedRaftLogWorker: Starting segment from index:0
2024-07-06 11:54:13,036 [0cfa5fef-e387-4d03-8755-cac648de9f82@group-C7E38B047446-LeaderElection9] INFO  server.RaftServer$Division (ServerState.java:setRaftConf(386)) - 0cfa5fef-e387-4d03-8755-cac648de9f82@group-C7E38B047446: set configuration conf: {index: 0, cur=peers:[0cfa5fef-e387-4d03-8755-cac648de9f82|10.1.0.11:15055]|listeners:[], old=null}
2024-07-06 11:54:13,037 [0cfa5fef-e387-4d03-8755-cac648de9f82@group-C7E38B047446-SegmentedRaftLogWorker] INFO  segmented.BufferedWriteChannel (BufferedWriteChannel.java:open(61)) - open log_inprogress_0 at position 0
2024-07-06 11:54:13,044 [0cfa5fef-e387-4d03-8755-cac648de9f82@group-C7E38B047446-SegmentedRaftLogWorker] INFO  segmented.SegmentedRaftLogWorker (SegmentedRaftLogWorker.java:execute(637)) - 0cfa5fef-e387-4d03-8755-cac648de9f82@group-C7E38B047446-SegmentedRaftLogWorker: created new log segment /home/runner/work/ozone/ozone/hadoop-ozone/integration-test/target/test-dir/MiniOzoneClusterImpl-23934d72-33be-4118-bcff-1eb1b476413a/ozone-meta/datanode-2/ratis/6c68d4aa-9a9f-45ee-8ca6-c7e38b047446/current/log_inprogress_0
2024-07-06 11:54:13,045 [0cfa5fef-e387-4d03-8755-cac648de9f82@group-C7E38B047446-StateMachineUpdater] INFO  server.RaftServer$Division (LeaderStateImpl.java:checkStartIndex(316)) - Leader 0cfa5fef-e387-4d03-8755-cac648de9f82@group-C7E38B047446-LeaderStateImpl is ready since appliedIndex == startIndex == 0
2024-07-06 11:54:13,350 [main] INFO  ozone.MiniOzoneClusterImpl (MiniOzoneClusterImpl.java:lambda$waitForClusterToBeReady$0(194)) - Nodes are ready. Got 3 of 3 DN Heartbeats.
2024-07-06 11:54:13,350 [main] INFO  ozone.MiniOzoneClusterImpl (MiniOzoneClusterImpl.java:lambda$waitForClusterToBeReady$0(197)) - Cluster exits safe mode
2024-07-06 11:54:13,350 [main] INFO  ozone.MiniOzoneClusterImpl (MiniOzoneClusterImpl.java:lambda$waitForClusterToBeReady$0(199)) - SCM became leader
2024-07-06 11:54:13,352 [pool-1-thread-2] INFO  request.KdcRequest (KdcRequest.java:preauth(651)) - The preauth data is empty.
2024-07-06 11:54:13,352 [pool-1-thread-2] INFO  server.KdcHandler (KdcHandler.java:handleRecoverableException(177)) - KRB error occurred while processing request:Additional pre-authentication required
2024-07-06 11:54:13,355 [pool-1-thread-2] INFO  request.AsRequest (AsRequest.java:issueTicket(112)) - AS_REQ ISSUE: authtime 1720266853355,scm/fv-az1041-405.cgqmq5qunpnelbz5tk1v55v5te.bx.internal.cloudapp.net@EXAMPLE.COM for krbtgt/EXAMPLE.COM@EXAMPLE.COM
2024-07-06 11:54:13,356 [main] INFO  ha.SCMNodeInfo (SCMNodeInfo.java:getPort(197)) - ConfigKey ozone.scm.client.address is deprecated, For configuring different ports for each SCM use PortConfigKey ozone.scm.client.port appended with serviceId and nodeId
2024-07-06 11:54:13,356 [main] INFO  ha.SCMNodeInfo (SCMNodeInfo.java:getPort(197)) - ConfigKey ozone.scm.block.client.address is deprecated, For configuring different ports for each SCM use PortConfigKey ozone.scm.block.client.port appended with serviceId and nodeId
2024-07-06 11:54:13,356 [main] INFO  ha.SCMNodeInfo (SCMNodeInfo.java:getPort(197)) - ConfigKey ozone.scm.security.service.address is deprecated, For configuring different ports for each SCM use PortConfigKey ozone.scm.security.service.port appended with serviceId and nodeId
2024-07-06 11:54:13,356 [main] INFO  ha.SCMNodeInfo (SCMNodeInfo.java:getPort(197)) - ConfigKey ozone.scm.datanode.address is deprecated, For configuring different ports for each SCM use PortConfigKey ozone.scm.datanode.port appended with serviceId and nodeId
2024-07-06 11:54:13,357 [main] INFO  ha.SCMNodeInfo (SCMNodeInfo.java:getPort(197)) - ConfigKey ozone.scm.client.address is deprecated, For configuring different ports for each SCM use PortConfigKey ozone.scm.client.port appended with serviceId and nodeId
2024-07-06 11:54:13,357 [main] INFO  ha.SCMNodeInfo (SCMNodeInfo.java:getPort(197)) - ConfigKey ozone.scm.block.client.address is deprecated, For configuring different ports for each SCM use PortConfigKey ozone.scm.block.client.port appended with serviceId and nodeId
2024-07-06 11:54:13,357 [main] INFO  ha.SCMNodeInfo (SCMNodeInfo.java:getPort(197)) - ConfigKey ozone.scm.security.service.address is deprecated, For configuring different ports for each SCM use PortConfigKey ozone.scm.security.service.port appended with serviceId and nodeId
2024-07-06 11:54:13,357 [main] INFO  ha.SCMNodeInfo (SCMNodeInfo.java:getPort(197)) - ConfigKey ozone.scm.datanode.address is deprecated, For configuring different ports for each SCM use PortConfigKey ozone.scm.datanode.port appended with serviceId and nodeId
2024-07-06 11:54:13,357 [main] INFO  ha.SCMNodeInfo (SCMNodeInfo.java:getPort(197)) - ConfigKey ozone.scm.client.address is deprecated, For configuring different ports for each SCM use PortConfigKey ozone.scm.client.port appended with serviceId and nodeId
2024-07-06 11:54:13,357 [main] INFO  ha.SCMNodeInfo (SCMNodeInfo.java:getPort(197)) - ConfigKey ozone.scm.block.client.address is deprecated, For configuring different ports for each SCM use PortConfigKey ozone.scm.block.client.port appended with serviceId and nodeId
2024-07-06 11:54:13,357 [main] INFO  ha.SCMNodeInfo (SCMNodeInfo.java:getPort(197)) - ConfigKey ozone.scm.security.service.address is deprecated, For configuring different ports for each SCM use PortConfigKey ozone.scm.security.service.port appended with serviceId and nodeId
2024-07-06 11:54:13,357 [main] INFO  ha.SCMNodeInfo (SCMNodeInfo.java:getPort(197)) - ConfigKey ozone.scm.datanode.address is deprecated, For configuring different ports for each SCM use PortConfigKey ozone.scm.datanode.port appended with serviceId and nodeId
2024-07-06 11:54:13,362 [pool-1-thread-2] INFO  request.TgsRequest (TgsRequest.java:issueTicket(115)) - TGS_REQ ISSUE: authtime 1720266853362,scm/fv-az1041-405.cgqmq5qunpnelbz5tk1v55v5te.bx.internal.cloudapp.net for scm/fv-az1041-405.cgqmq5qunpnelbz5tk1v55v5te.bx.internal.cloudapp.net@EXAMPLE.COM
2024-07-06 11:54:13,366 [Socket Reader #1 for port 15002] INFO  ipc.Server (Server.java:saslProcess(2139)) - Auth successful for scm/fv-az1041-405.cgqmq5qunpnelbz5tk1v55v5te.bx.internal.cloudapp.net@EXAMPLE.COM (auth:KERBEROS) from fv-az1041-405.cgqmq5qunpnelbz5tk1v55v5te.bx.internal.cloudapp.net:34151 / 10.1.0.11:34151
2024-07-06 11:54:13,366 [Socket Reader #1 for port 15002] INFO  authorize.ServiceAuthorizationManager (ServiceAuthorizationManager.java:authorize(137)) - Authorization successful for scm/fv-az1041-405.cgqmq5qunpnelbz5tk1v55v5te.bx.internal.cloudapp.net@EXAMPLE.COM (auth:KERBEROS) for protocol=interface org.apache.hadoop.hdds.protocol.SecretKeyProtocolDatanode
2024-07-06 11:54:13,368 [scmNode-1-SecretKeyManagerService] INFO  symmetric.SecretKeyManager (SecretKeyManager.java:checkAndRotate(125)) - SecretKey rotation is happening, new key generated SecretKey(id = f61d425c-74f1-427a-8f98-7e90d8f14aff, creation at: 2024-07-06T11:54:13.368368484Z, expire at: 2024-07-06T11:54:16.368368484Z)
2024-07-06 11:54:13,372 [eb66df86-6ffc-4e53-b873-cb2b44d5f35d@group-1EB1B476413A-StateMachineUpdater] INFO  symmetric.SecretKeyStateImpl (SecretKeyStateImpl.java:updateKeysInternal(113)) - Updating keys with [SecretKey(id = bab241fe-9c3a-4f0c-9a67-3b8c7de0fca8, creation at: 2024-07-06T11:54:12.268Z, expire at: 2024-07-06T11:54:15.268Z), SecretKey(id = b18376e9-e689-4a5a-8e41-6387aa00e4a5, creation at: 2024-07-06T11:54:11.168Z, expire at: 2024-07-06T11:54:14.168Z), SecretKey(id = f61d425c-74f1-427a-8f98-7e90d8f14aff, creation at: 2024-07-06T11:54:13.368Z, expire at: 2024-07-06T11:54:16.368Z)]
2024-07-06 11:54:13,372 [eb66df86-6ffc-4e53-b873-cb2b44d5f35d@group-1EB1B476413A-StateMachineUpdater] INFO  symmetric.SecretKeyStateImpl (SecretKeyStateImpl.java:updateKeysInternal(128)) - Current key updated SecretKey(id = f61d425c-74f1-427a-8f98-7e90d8f14aff, creation at: 2024-07-06T11:54:13.368Z, expire at: 2024-07-06T11:54:16.368Z)
2024-07-06 11:54:13,372 [eb66df86-6ffc-4e53-b873-cb2b44d5f35d@group-1EB1B476413A-StateMachineUpdater] INFO  symmetric.LocalSecretKeyStore (LocalSecretKeyStore.java:save(109)) - Saved [SecretKey(id = f61d425c-74f1-427a-8f98-7e90d8f14aff, creation at: 2024-07-06T11:54:13.368Z, expire at: 2024-07-06T11:54:16.368Z), SecretKey(id = bab241fe-9c3a-4f0c-9a67-3b8c7de0fca8, creation at: 2024-07-06T11:54:12.268Z, expire at: 2024-07-06T11:54:15.268Z), SecretKey(id = b18376e9-e689-4a5a-8e41-6387aa00e4a5, creation at: 2024-07-06T11:54:11.168Z, expire at: 2024-07-06T11:54:14.168Z)] to file /home/runner/work/ozone/ozone/hadoop-ozone/integration-test/target/test-dir/MiniOzoneClusterImpl-23934d72-33be-4118-bcff-1eb1b476413a/scmNode-1/scm/keys/secret_keys.json
2024-07-06 11:54:13,373 [41075d7a-0d70-4fa2-ba46-cbc672699b06@group-1EB1B476413A-StateMachineUpdater] INFO  symmetric.SecretKeyStateImpl (SecretKeyStateImpl.java:updateKeysInternal(113)) - Updating keys with [SecretKey(id = bab241fe-9c3a-4f0c-9a67-3b8c7de0fca8, creation at: 2024-07-06T11:54:12.268Z, expire at: 2024-07-06T11:54:15.268Z), SecretKey(id = b18376e9-e689-4a5a-8e41-6387aa00e4a5, creation at: 2024-07-06T11:54:11.168Z, expire at: 2024-07-06T11:54:14.168Z), SecretKey(id = f61d425c-74f1-427a-8f98-7e90d8f14aff, creation at: 2024-07-06T11:54:13.368Z, expire at: 2024-07-06T11:54:16.368Z)]
2024-07-06 11:54:13,373 [41075d7a-0d70-4fa2-ba46-cbc672699b06@group-1EB1B476413A-StateMachineUpdater] INFO  symmetric.SecretKeyStateImpl (SecretKeyStateImpl.java:updateKeysInternal(128)) - Current key updated SecretKey(id = f61d425c-74f1-427a-8f98-7e90d8f14aff, creation at: 2024-07-06T11:54:13.368Z, expire at: 2024-07-06T11:54:16.368Z)
2024-07-06 11:54:13,374 [41075d7a-0d70-4fa2-ba46-cbc672699b06@group-1EB1B476413A-StateMachineUpdater] INFO  symmetric.LocalSecretKeyStore (LocalSecretKeyStore.java:save(109)) - Saved [SecretKey(id = f61d425c-74f1-427a-8f98-7e90d8f14aff, creation at: 2024-07-06T11:54:13.368Z, expire at: 2024-07-06T11:54:16.368Z), SecretKey(id = bab241fe-9c3a-4f0c-9a67-3b8c7de0fca8, creation at: 2024-07-06T11:54:12.268Z, expire at: 2024-07-06T11:54:15.268Z), SecretKey(id = b18376e9-e689-4a5a-8e41-6387aa00e4a5, creation at: 2024-07-06T11:54:11.168Z, expire at: 2024-07-06T11:54:14.168Z)] to file /home/runner/work/ozone/ozone/hadoop-ozone/integration-test/target/test-dir/MiniOzoneClusterImpl-23934d72-33be-4118-bcff-1eb1b476413a/scmNode-2/scm/keys/secret_keys.json
2024-07-06 11:54:13,374 [39a46239-dc5f-49f3-8624-e36d450519bc@group-1EB1B476413A-StateMachineUpdater] INFO  symmetric.SecretKeyStateImpl (SecretKeyStateImpl.java:updateKeysInternal(113)) - Updating keys with [SecretKey(id = bab241fe-9c3a-4f0c-9a67-3b8c7de0fca8, creation at: 2024-07-06T11:54:12.268Z, expire at: 2024-07-06T11:54:15.268Z), SecretKey(id = b18376e9-e689-4a5a-8e41-6387aa00e4a5, creation at: 2024-07-06T11:54:11.168Z, expire at: 2024-07-06T11:54:14.168Z), SecretKey(id = f61d425c-74f1-427a-8f98-7e90d8f14aff, creation at: 2024-07-06T11:54:13.368Z, expire at: 2024-07-06T11:54:16.368Z)]
2024-07-06 11:54:13,374 [39a46239-dc5f-49f3-8624-e36d450519bc@group-1EB1B476413A-StateMachineUpdater] INFO  symmetric.SecretKeyStateImpl (SecretKeyStateImpl.java:updateKeysInternal(128)) - Current key updated SecretKey(id = f61d425c-74f1-427a-8f98-7e90d8f14aff, creation at: 2024-07-06T11:54:13.368Z, expire at: 2024-07-06T11:54:16.368Z)
2024-07-06 11:54:13,375 [39a46239-dc5f-49f3-8624-e36d450519bc@group-1EB1B476413A-StateMachineUpdater] INFO  symmetric.LocalSecretKeyStore (LocalSecretKeyStore.java:save(109)) - Saved [SecretKey(id = f61d425c-74f1-427a-8f98-7e90d8f14aff, creation at: 2024-07-06T11:54:13.368Z, expire at: 2024-07-06T11:54:16.368Z), SecretKey(id = bab241fe-9c3a-4f0c-9a67-3b8c7de0fca8, creation at: 2024-07-06T11:54:12.268Z, expire at: 2024-07-06T11:54:15.268Z), SecretKey(id = b18376e9-e689-4a5a-8e41-6387aa00e4a5, creation at: 2024-07-06T11:54:11.168Z, expire at: 2024-07-06T11:54:14.168Z)] to file /home/runner/work/ozone/ozone/hadoop-ozone/integration-test/target/test-dir/MiniOzoneClusterImpl-23934d72-33be-4118-bcff-1eb1b476413a/scmNode-3/scm/keys/secret_keys.json
2024-07-06 11:54:13,379 [main] INFO  impl.DefaultInternalKdcServerImpl (DefaultInternalKdcServerImpl.java:doStop(102)) - Default Internal kdc server stopped.
2024-07-06 11:54:13,468 [SecretKeyPoller] INFO  symmetric.DefaultSecretKeySignerClient (DefaultSecretKeySignerClient.java:checkAndRefresh(167)) - New secret key fetched from SCM: SecretKey(id = f61d425c-74f1-427a-8f98-7e90d8f14aff, creation at: 2024-07-06T11:54:13.368Z, expire at: 2024-07-06T11:54:16.368Z).
2024-07-06 11:54:13,468 [SecretKeyPoller] INFO  symmetric.DefaultSecretKeySignerClient (DefaultSecretKeySignerClient.java:checkAndRefresh(167)) - New secret key fetched from SCM: SecretKey(id = f61d425c-74f1-427a-8f98-7e90d8f14aff, creation at: 2024-07-06T11:54:13.368Z, expire at: 2024-07-06T11:54:16.368Z).
2024-07-06 11:54:13,468 [om1-SecretKeyPoller] INFO  symmetric.DefaultSecretKeySignerClient (DefaultSecretKeySignerClient.java:checkAndRefresh(167)) - New secret key fetched from SCM: SecretKey(id = f61d425c-74f1-427a-8f98-7e90d8f14aff, creation at: 2024-07-06T11:54:13.368Z, expire at: 2024-07-06T11:54:16.368Z).
2024-07-06 11:54:13,472 [SecretKeyPoller] INFO  symmetric.DefaultSecretKeySignerClient (DefaultSecretKeySignerClient.java:checkAndRefresh(167)) - New secret key fetched from SCM: SecretKey(id = f61d425c-74f1-427a-8f98-7e90d8f14aff, creation at: 2024-07-06T11:54:13.368Z, expire at: 2024-07-06T11:54:16.368Z).
2024-07-06 11:54:13,523 [eb39f61f-e86a-4779-8e52-f95c095d9393@group-87EAFB25B769-FollowerState] INFO  impl.FollowerState (FollowerState.java:run(144)) - eb39f61f-e86a-4779-8e52-f95c095d9393@group-87EAFB25B769-FollowerState: change to CANDIDATE, lastRpcElapsedTime:5155529624ns, electionTimeout:5154ms
2024-07-06 11:54:13,523 [eb39f61f-e86a-4779-8e52-f95c095d9393@group-87EAFB25B769-FollowerState] INFO  impl.RoleInfo (RoleInfo.java:shutdownFollowerState(119)) - eb39f61f-e86a-4779-8e52-f95c095d9393: shutdown eb39f61f-e86a-4779-8e52-f95c095d9393@group-87EAFB25B769-FollowerState
2024-07-06 11:54:13,523 [eb39f61f-e86a-4779-8e52-f95c095d9393@group-87EAFB25B769-FollowerState] INFO  server.RaftServer$Division (RaftServerImpl.java:setRole(376)) - eb39f61f-e86a-4779-8e52-f95c095d9393@group-87EAFB25B769: changes role from  FOLLOWER to CANDIDATE at term 0 for changeToCandidate
2024-07-06 11:54:13,524 [eb39f61f-e86a-4779-8e52-f95c095d9393@group-87EAFB25B769-FollowerState] INFO  server.RaftServerConfigKeys (ConfUtils.java:logGet(46)) - raft.server.leaderelection.pre-vote = true (default)
2024-07-06 11:54:13,524 [eb39f61f-e86a-4779-8e52-f95c095d9393@group-87EAFB25B769-FollowerState] INFO  impl.RoleInfo (RoleInfo.java:updateAndGet(148)) - eb39f61f-e86a-4779-8e52-f95c095d9393: start eb39f61f-e86a-4779-8e52-f95c095d9393@group-87EAFB25B769-LeaderElection10
2024-07-06 11:54:13,524 [eb39f61f-e86a-4779-8e52-f95c095d9393@group-87EAFB25B769-LeaderElection10] INFO  impl.LeaderElection (LeaderElection.java:askForVotes(321)) - eb39f61f-e86a-4779-8e52-f95c095d9393@group-87EAFB25B769-LeaderElection10 PRE_VOTE round 0: submit vote requests at term 0 for conf: {index: -1, cur=peers:[eb39f61f-e86a-4779-8e52-f95c095d9393|10.1.0.11:15064]|listeners:[], old=null}
2024-07-06 11:54:13,524 [eb39f61f-e86a-4779-8e52-f95c095d9393@group-87EAFB25B769-LeaderElection10] INFO  impl.LeaderElection (LeaderElection.java:askForVotes(323)) - eb39f61f-e86a-4779-8e52-f95c095d9393@group-87EAFB25B769-LeaderElection10 PRE_VOTE round 0: result PASSED (term=0)
2024-07-06 11:54:13,526 [eb39f61f-e86a-4779-8e52-f95c095d9393@group-87EAFB25B769-LeaderElection10] INFO  impl.LeaderElection (LeaderElection.java:askForVotes(321)) - eb39f61f-e86a-4779-8e52-f95c095d9393@group-87EAFB25B769-LeaderElection10 ELECTION round 0: submit vote requests at term 1 for conf: {index: -1, cur=peers:[eb39f61f-e86a-4779-8e52-f95c095d9393|10.1.0.11:15064]|listeners:[], old=null}
2024-07-06 11:54:13,526 [eb39f61f-e86a-4779-8e52-f95c095d9393@group-87EAFB25B769-LeaderElection10] INFO  impl.LeaderElection (LeaderElection.java:askForVotes(323)) - eb39f61f-e86a-4779-8e52-f95c095d9393@group-87EAFB25B769-LeaderElection10 ELECTION round 0: result PASSED (term=1)
2024-07-06 11:54:13,526 [eb39f61f-e86a-4779-8e52-f95c095d9393@group-87EAFB25B769-LeaderElection10] INFO  impl.RoleInfo (RoleInfo.java:shutdownLeaderElection(139)) - eb39f61f-e86a-4779-8e52-f95c095d9393: shutdown eb39f61f-e86a-4779-8e52-f95c095d9393@group-87EAFB25B769-LeaderElection10
2024-07-06 11:54:13,526 [eb39f61f-e86a-4779-8e52-f95c095d9393@group-87EAFB25B769-LeaderElection10] INFO  server.RaftServer$Division (RaftServerImpl.java:setRole(376)) - eb39f61f-e86a-4779-8e52-f95c095d9393@group-87EAFB25B769: changes role from CANDIDATE to LEADER at term 1 for changeToLeader
2024-07-06 11:54:13,526 [eb39f61f-e86a-4779-8e52-f95c095d9393@group-87EAFB25B769-LeaderElection10] INFO  server.RaftServerConfigKeys (ConfUtils.java:logGet(46)) - raft.server.staging.catchup.gap = 1000 (default)
2024-07-06 11:54:13,526 [eb39f61f-e86a-4779-8e52-f95c095d9393@group-87EAFB25B769-LeaderElection10] INFO  server.RaftServerConfigKeys (ConfUtils.java:logGet(46)) - raft.server.write.element-limit = 1024 (custom)
2024-07-06 11:54:13,526 [eb39f61f-e86a-4779-8e52-f95c095d9393@group-87EAFB25B769-LeaderElection10] INFO  server.RaftServerConfigKeys (ConfUtils.java:logGet(46)) - raft.server.write.byte-limit = 1024 M (=1073741824) (custom)
2024-07-06 11:54:13,527 [eb39f61f-e86a-4779-8e52-f95c095d9393@group-87EAFB25B769-LeaderElection10] INFO  server.RaftServerConfigKeys (ConfUtils.java:logGet(46)) - raft.server.watch.timeout = 30s (custom)
2024-07-06 11:54:13,527 [eb39f61f-e86a-4779-8e52-f95c095d9393@group-87EAFB25B769-LeaderElection10] INFO  server.RaftServerConfigKeys (ConfUtils.java:logGet(46)) - raft.server.watch.timeout.denomination = 1s (default)
2024-07-06 11:54:13,527 [eb39f61f-e86a-4779-8e52-f95c095d9393@group-87EAFB25B769-LeaderElection10] INFO  server.RaftServerConfigKeys (ConfUtils.java:logGet(46)) - raft.server.watch.element-limit = 65536 (default)
2024-07-06 11:54:13,527 [eb39f61f-e86a-4779-8e52-f95c095d9393@group-87EAFB25B769-LeaderElection10] INFO  server.RaftServerConfigKeys (ConfUtils.java:logGet(46)) - raft.server.read.leader.lease.enabled = false (default)
2024-07-06 11:54:13,527 [eb39f61f-e86a-4779-8e52-f95c095d9393@group-87EAFB25B769-LeaderElection10] INFO  server.RaftServerConfigKeys (ConfUtils.java:logGet(46)) - raft.server.read.leader.lease.timeout.ratio = 0.9 (default)
2024-07-06 11:54:13,527 [eb39f61f-e86a-4779-8e52-f95c095d9393@group-87EAFB25B769-LeaderElection10] INFO  server.RaftServerConfigKeys (ConfUtils.java:logGet(46)) - raft.server.rpc.timeout.min = 5s (custom)
2024-07-06 11:54:13,527 [eb39f61f-e86a-4779-8e52-f95c095d9393@group-87EAFB25B769-LeaderElection10] INFO  server.RaftServerConfigKeys (ConfUtils.java:logGet(46)) - raft.server.log.log-metadata.enabled = true (default)
2024-07-06 11:54:13,527 [eb39f61f-e86a-4779-8e52-f95c095d9393@group-87EAFB25B769-LeaderElection10] INFO  server.RaftServerConfigKeys (ConfUtils.java:logGet(46)) - raft.server.write.element-limit = 1024 (custom)
2024-07-06 11:54:13,527 [eb39f61f-e86a-4779-8e52-f95c095d9393@group-87EAFB25B769-LeaderElection10] INFO  server.RaftServerConfigKeys (ConfUtils.java:logGet(46)) - raft.server.write.follower.gap.ratio.max = -1.0 (default)
2024-07-06 11:54:13,527 [eb39f61f-e86a-4779-8e52-f95c095d9393@group-87EAFB25B769-LeaderElection10] INFO  impl.RoleInfo (RoleInfo.java:updateAndGet(148)) - eb39f61f-e86a-4779-8e52-f95c095d9393: start eb39f61f-e86a-4779-8e52-f95c095d9393@group-87EAFB25B769-LeaderStateImpl
2024-07-06 11:54:13,528 [eb39f61f-e86a-4779-8e52-f95c095d9393@group-87EAFB25B769-LeaderElection10] INFO  server.RaftServer$Division (RaftServerImpl.java:setFirstElection(549)) - eb39f61f-e86a-4779-8e52-f95c095d9393@group-87EAFB25B769: set firstElectionSinceStartup to false for becomeLeader
2024-07-06 11:54:13,528 [eb39f61f-e86a-4779-8e52-f95c095d9393@group-87EAFB25B769-LeaderElection10] INFO  ratis.XceiverServerRatis (XceiverServerRatis.java:handleLeaderChangedNotification(950)) - Leader change notification received for group: group-87EAFB25B769 with new leaderId: eb39f61f-e86a-4779-8e52-f95c095d9393
2024-07-06 11:54:13,528 [eb39f61f-e86a-4779-8e52-f95c095d9393@group-87EAFB25B769-LeaderElection10] INFO  server.RaftServer$Division (ServerState.java:setLeader(272)) - eb39f61f-e86a-4779-8e52-f95c095d9393@group-87EAFB25B769: change Leader from null to eb39f61f-e86a-4779-8e52-f95c095d9393 at term 1 for becomeLeader, leader elected after 5180ms
2024-07-06 11:54:13,528 [eb39f61f-e86a-4779-8e52-f95c095d9393@group-87EAFB25B769-LeaderElection10] INFO  segmented.SegmentedRaftLogWorker (SegmentedRaftLogWorker.java:startLogSegment(433)) - eb39f61f-e86a-4779-8e52-f95c095d9393@group-87EAFB25B769-SegmentedRaftLogWorker: Starting segment from index:0
2024-07-06 11:54:13,529 [eb39f61f-e86a-4779-8e52-f95c095d9393@group-87EAFB25B769-LeaderElection10] INFO  server.RaftServer$Division (ServerState.java:setRaftConf(386)) - eb39f61f-e86a-4779-8e52-f95c095d9393@group-87EAFB25B769: set configuration conf: {index: 0, cur=peers:[eb39f61f-e86a-4779-8e52-f95c095d9393|10.1.0.11:15064]|listeners:[], old=null}
2024-07-06 11:54:13,529 [eb39f61f-e86a-4779-8e52-f95c095d9393@group-87EAFB25B769-SegmentedRaftLogWorker] INFO  segmented.BufferedWriteChannel (BufferedWriteChannel.java:open(61)) - open log_inprogress_0 at position 0
2024-07-06 11:54:13,536 [eb39f61f-e86a-4779-8e52-f95c095d9393@group-87EAFB25B769-SegmentedRaftLogWorker] INFO  segmented.SegmentedRaftLogWorker (SegmentedRaftLogWorker.java:execute(637)) - eb39f61f-e86a-4779-8e52-f95c095d9393@group-87EAFB25B769-SegmentedRaftLogWorker: created new log segment /home/runner/work/ozone/ozone/hadoop-ozone/integration-test/target/test-dir/MiniOzoneClusterImpl-23934d72-33be-4118-bcff-1eb1b476413a/ozone-meta/datanode-3/ratis/6705f5cd-a47f-4964-9f36-87eafb25b769/current/log_inprogress_0
2024-07-06 11:54:13,537 [eb39f61f-e86a-4779-8e52-f95c095d9393@group-87EAFB25B769-StateMachineUpdater] INFO  server.RaftServer$Division (LeaderStateImpl.java:checkStartIndex(316)) - Leader eb39f61f-e86a-4779-8e52-f95c095d9393@group-87EAFB25B769-LeaderStateImpl is ready since appliedIndex == startIndex == 0
2024-07-06 11:54:14,380 [main] INFO  minikdc.MiniKdc (MiniKdc.java:stop(359)) - MiniKdc stopped.
2024-07-06 11:54:14,380 [main] INFO  ozone.MiniOzoneHAClusterImpl (MiniOzoneHAClusterImpl.java:stop(288)) - Stopping the OzoneManager om1
2024-07-06 11:54:14,380 [main] INFO  om.OzoneManager (OzoneManager.java:stop(2232)) - om1[localhost:15036]: Stopping Ozone Manager
2024-07-06 11:54:14,380 [main] INFO  ipc.Server (Server.java:stop(3523)) - Stopping server on 15036
2024-07-06 11:54:14,383 [IPC Server listener on 15036] INFO  ipc.Server (Server.java:run(1434)) - Stopping IPC Server listener on 15036
2024-07-06 11:54:14,383 [IPC Server Responder] INFO  ipc.Server (Server.java:run(1567)) - Stopping IPC Server Responder
2024-07-06 11:54:14,383 [main] INFO  ratis.OzoneManagerRatisServer (OzoneManagerRatisServer.java:stop(600)) - Stopping org.apache.hadoop.ozone.om.ratis.OzoneManagerRatisServer@3c521d01 at port 15039
2024-07-06 11:54:14,383 [main] INFO  server.RaftServer (RaftServerProxy.java:lambda$close$9(418)) - om1: close
2024-07-06 11:54:14,384 [main] INFO  server.GrpcService (GrpcService.java:closeImpl(311)) - om1: shutdown server GrpcServerProtocolService now
2024-07-06 11:54:14,384 [om1-impl-thread1] INFO  server.RaftServer$Division (RaftServerImpl.java:lambda$close$1(501)) - om1@group-C5BA1605619E: shutdown
2024-07-06 11:54:14,384 [om1-impl-thread1] INFO  util.JmxRegister (JmxRegister.java:unregister(74)) - Successfully un-registered JMX Bean with object name Ratis:service=RaftServer,group=group-C5BA1605619E,id=om1
2024-07-06 11:54:14,384 [om1-impl-thread1] INFO  impl.RoleInfo (RoleInfo.java:shutdownLeaderState(103)) - om1: shutdown om1@group-C5BA1605619E-LeaderStateImpl
2024-07-06 11:54:14,384 [om1-impl-thread1] INFO  impl.PendingRequests (PendingRequests.java:sendNotLeaderResponses(287)) - om1@group-C5BA1605619E-PendingRequests: sendNotLeaderResponses
2024-07-06 11:54:14,385 [om1-impl-thread1] INFO  impl.StateMachineUpdater (StateMachineUpdater.java:stopAndJoin(164)) - om1@group-C5BA1605619E-StateMachineUpdater: set stopIndex = 0
2024-07-06 11:54:14,385 [om1@group-C5BA1605619E-StateMachineUpdater] INFO  ratis.OzoneManagerStateMachine (OzoneManagerStateMachine.java:takeSnapshotImpl(481)) -  applied = (t:1, i:0)
2024-07-06 11:54:14,385 [om1@group-C5BA1605619E-StateMachineUpdater] INFO  ratis.OzoneManagerStateMachine (OzoneManagerStateMachine.java:takeSnapshotImpl(482)) -  skipped = -1
2024-07-06 11:54:14,385 [om1@group-C5BA1605619E-StateMachineUpdater] INFO  ratis.OzoneManagerStateMachine (OzoneManagerStateMachine.java:takeSnapshotImpl(483)) - notified = (t:1, i:0)
2024-07-06 11:54:14,385 [om1@group-C5BA1605619E-StateMachineUpdater] INFO  ratis.OzoneManagerStateMachine (OzoneManagerStateMachine.java:takeSnapshotImpl(484)) - snapshot = (t:1, i:0)
2024-07-06 11:54:14,388 [main] INFO  server.GrpcService (GrpcService.java:closeImpl(320)) - om1: shutdown server GrpcServerProtocolService successfully
2024-07-06 11:54:14,399 [om1@group-C5BA1605619E-StateMachineUpdater] INFO  impl.StateMachineUpdater (StateMachineUpdater.java:takeSnapshot(303)) - om1@group-C5BA1605619E-StateMachineUpdater: Took a snapshot at index 0
2024-07-06 11:54:14,399 [om1@group-C5BA1605619E-StateMachineUpdater] INFO  impl.StateMachineUpdater (StateMachineUpdater.java:lambda$new$0(102)) - om1@group-C5BA1605619E-StateMachineUpdater: snapshotIndex: updateIncreasingly -1 -> 0
2024-07-06 11:54:14,399 [om1@group-C5BA1605619E-StateMachineUpdater] INFO  impl.StateMachineUpdater (StateMachineUpdater.java:stop(141)) - om1@group-C5BA1605619E-StateMachineUpdater: closing OzoneManagerStateMachine, lastApplied=(t:1, i:0)
2024-07-06 11:54:14,400 [om1@group-C5BA1605619E-StateMachineUpdater] INFO  ratis.OzoneManagerStateMachine (OzoneManagerStateMachine.java:close(527)) - Stopping OzoneManagerStateMachine:om1:group-C5BA1605619E.
2024-07-06 11:54:14,400 [om1@group-C5BA1605619E-StateMachineUpdater] INFO  ratis.OzoneManagerDoubleBuffer (OzoneManagerDoubleBuffer.java:stopDaemon(517)) - Stopping OMDoubleBuffer flush thread
2024-07-06 11:54:14,400 [om1-OMDoubleBufferFlushThread] INFO  ratis.OzoneManagerDoubleBuffer (OzoneManagerDoubleBuffer.java:canFlush(581)) - OMDoubleBuffer flush thread om1-OMDoubleBufferFlushThread is interrupted and will exit.
2024-07-06 11:54:14,400 [om1@group-C5BA1605619E-cacheEviction-AwaitToRun] INFO  util.AwaitToRun (AwaitToRun.java:run(49)) - om1@group-C5BA1605619E-cacheEviction-AwaitToRun-AwaitForSignal is interrupted
2024-07-06 11:54:14,468 [scmNode-1-SecretKeyManagerService] INFO  symmetric.SecretKeyManager (SecretKeyManager.java:checkAndRotate(125)) - SecretKey rotation is happening, new key generated SecretKey(id = 3a7dc834-f923-4f44-b179-f993a688d125, creation at: 2024-07-06T11:54:14.468459969Z, expire at: 2024-07-06T11:54:17.468459969Z)
2024-07-06 11:54:14,471 [eb66df86-6ffc-4e53-b873-cb2b44d5f35d@group-1EB1B476413A-StateMachineUpdater] INFO  symmetric.SecretKeyStateImpl (SecretKeyStateImpl.java:updateKeysInternal(113)) - Updating keys with [SecretKey(id = f61d425c-74f1-427a-8f98-7e90d8f14aff, creation at: 2024-07-06T11:54:13.368Z, expire at: 2024-07-06T11:54:16.368Z), SecretKey(id = bab241fe-9c3a-4f0c-9a67-3b8c7de0fca8, creation at: 2024-07-06T11:54:12.268Z, expire at: 2024-07-06T11:54:15.268Z), SecretKey(id = 3a7dc834-f923-4f44-b179-f993a688d125, creation at: 2024-07-06T11:54:14.468Z, expire at: 2024-07-06T11:54:17.468Z)]
2024-07-06 11:54:14,471 [eb66df86-6ffc-4e53-b873-cb2b44d5f35d@group-1EB1B476413A-StateMachineUpdater] INFO  symmetric.SecretKeyStateImpl (SecretKeyStateImpl.java:updateKeysInternal(128)) - Current key updated SecretKey(id = 3a7dc834-f923-4f44-b179-f993a688d125, creation at: 2024-07-06T11:54:14.468Z, expire at: 2024-07-06T11:54:17.468Z)
2024-07-06 11:54:14,472 [eb66df86-6ffc-4e53-b873-cb2b44d5f35d@group-1EB1B476413A-StateMachineUpdater] INFO  symmetric.LocalSecretKeyStore (LocalSecretKeyStore.java:save(109)) - Saved [SecretKey(id = 3a7dc834-f923-4f44-b179-f993a688d125, creation at: 2024-07-06T11:54:14.468Z, expire at: 2024-07-06T11:54:17.468Z), SecretKey(id = f61d425c-74f1-427a-8f98-7e90d8f14aff, creation at: 2024-07-06T11:54:13.368Z, expire at: 2024-07-06T11:54:16.368Z), SecretKey(id = bab241fe-9c3a-4f0c-9a67-3b8c7de0fca8, creation at: 2024-07-06T11:54:12.268Z, expire at: 2024-07-06T11:54:15.268Z)] to file /home/runner/work/ozone/ozone/hadoop-ozone/integration-test/target/test-dir/MiniOzoneClusterImpl-23934d72-33be-4118-bcff-1eb1b476413a/scmNode-1/scm/keys/secret_keys.json
2024-07-06 11:54:14,473 [39a46239-dc5f-49f3-8624-e36d450519bc@group-1EB1B476413A-StateMachineUpdater] INFO  symmetric.SecretKeyStateImpl (SecretKeyStateImpl.java:updateKeysInternal(113)) - Updating keys with [SecretKey(id = f61d425c-74f1-427a-8f98-7e90d8f14aff, creation at: 2024-07-06T11:54:13.368Z, expire at: 2024-07-06T11:54:16.368Z), SecretKey(id = bab241fe-9c3a-4f0c-9a67-3b8c7de0fca8, creation at: 2024-07-06T11:54:12.268Z, expire at: 2024-07-06T11:54:15.268Z), SecretKey(id = 3a7dc834-f923-4f44-b179-f993a688d125, creation at: 2024-07-06T11:54:14.468Z, expire at: 2024-07-06T11:54:17.468Z)]
2024-07-06 11:54:14,473 [39a46239-dc5f-49f3-8624-e36d450519bc@group-1EB1B476413A-StateMachineUpdater] INFO  symmetric.SecretKeyStateImpl (SecretKeyStateImpl.java:updateKeysInternal(128)) - Current key updated SecretKey(id = 3a7dc834-f923-4f44-b179-f993a688d125, creation at: 2024-07-06T11:54:14.468Z, expire at: 2024-07-06T11:54:17.468Z)
2024-07-06 11:54:14,473 [39a46239-dc5f-49f3-8624-e36d450519bc@group-1EB1B476413A-StateMachineUpdater] INFO  symmetric.LocalSecretKeyStore (LocalSecretKeyStore.java:save(109)) - Saved [SecretKey(id = 3a7dc834-f923-4f44-b179-f993a688d125, creation at: 2024-07-06T11:54:14.468Z, expire at: 2024-07-06T11:54:17.468Z), SecretKey(id = f61d425c-74f1-427a-8f98-7e90d8f14aff, creation at: 2024-07-06T11:54:13.368Z, expire at: 2024-07-06T11:54:16.368Z), SecretKey(id = bab241fe-9c3a-4f0c-9a67-3b8c7de0fca8, creation at: 2024-07-06T11:54:12.268Z, expire at: 2024-07-06T11:54:15.268Z)] to file /home/runner/work/ozone/ozone/hadoop-ozone/integration-test/target/test-dir/MiniOzoneClusterImpl-23934d72-33be-4118-bcff-1eb1b476413a/scmNode-3/scm/keys/secret_keys.json
2024-07-06 11:54:14,474 [41075d7a-0d70-4fa2-ba46-cbc672699b06@group-1EB1B476413A-StateMachineUpdater] INFO  symmetric.SecretKeyStateImpl (SecretKeyStateImpl.java:updateKeysInternal(113)) - Updating keys with [SecretKey(id = f61d425c-74f1-427a-8f98-7e90d8f14aff, creation at: 2024-07-06T11:54:13.368Z, expire at: 2024-07-06T11:54:16.368Z), SecretKey(id = bab241fe-9c3a-4f0c-9a67-3b8c7de0fca8, creation at: 2024-07-06T11:54:12.268Z, expire at: 2024-07-06T11:54:15.268Z), SecretKey(id = 3a7dc834-f923-4f44-b179-f993a688d125, creation at: 2024-07-06T11:54:14.468Z, expire at: 2024-07-06T11:54:17.468Z)]
2024-07-06 11:54:14,474 [41075d7a-0d70-4fa2-ba46-cbc672699b06@group-1EB1B476413A-StateMachineUpdater] INFO  symmetric.SecretKeyStateImpl (SecretKeyStateImpl.java:updateKeysInternal(128)) - Current key updated SecretKey(id = 3a7dc834-f923-4f44-b179-f993a688d125, creation at: 2024-07-06T11:54:14.468Z, expire at: 2024-07-06T11:54:17.468Z)
2024-07-06 11:54:14,474 [41075d7a-0d70-4fa2-ba46-cbc672699b06@group-1EB1B476413A-StateMachineUpdater] INFO  symmetric.LocalSecretKeyStore (LocalSecretKeyStore.java:save(109)) - Saved [SecretKey(id = 3a7dc834-f923-4f44-b179-f993a688d125, creation at: 2024-07-06T11:54:14.468Z, expire at: 2024-07-06T11:54:17.468Z), SecretKey(id = f61d425c-74f1-427a-8f98-7e90d8f14aff, creation at: 2024-07-06T11:54:13.368Z, expire at: 2024-07-06T11:54:16.368Z), SecretKey(id = bab241fe-9c3a-4f0c-9a67-3b8c7de0fca8, creation at: 2024-07-06T11:54:12.268Z, expire at: 2024-07-06T11:54:15.268Z)] to file /home/runner/work/ozone/ozone/hadoop-ozone/integration-test/target/test-dir/MiniOzoneClusterImpl-23934d72-33be-4118-bcff-1eb1b476413a/scmNode-2/scm/keys/secret_keys.json
2024-07-06 11:54:14,526 [om1-impl-thread1] INFO  segmented.SegmentedRaftLogWorker (SegmentedRaftLogWorker.java:close(248)) - om1@group-C5BA1605619E-SegmentedRaftLogWorker close()
2024-07-06 11:54:14,526 [JvmPauseMonitor4] INFO  util.JvmPauseMonitor (JvmPauseMonitor.java:run(152)) - JvmPauseMonitor-om1: Stopped
2024-07-06 11:54:14,526 [main] INFO  utils.BackgroundService (BackgroundService.java:shutdown(163)) - Shutting down service KeyDeletingService
2024-07-06 11:54:14,527 [main] INFO  utils.BackgroundService (BackgroundService.java:shutdown(163)) - Shutting down service DirectoryDeletingService
2024-07-06 11:54:14,527 [main] INFO  utils.BackgroundService (BackgroundService.java:shutdown(163)) - Shutting down service OpenKeyCleanupService
2024-07-06 11:54:14,527 [main] INFO  utils.BackgroundService (BackgroundService.java:shutdown(163)) - Shutting down service SstFilteringService
2024-07-06 11:54:14,527 [main] INFO  utils.BackgroundService (BackgroundService.java:shutdown(163)) - Shutting down service SnapshotDeletingService
2024-07-06 11:54:14,528 [main] INFO  utils.BackgroundService (BackgroundService.java:shutdown(163)) - Shutting down service MultipartUploadCleanupService
2024-07-06 11:54:14,528 [main] INFO  utils.BackgroundService (BackgroundService.java:shutdown(163)) - Shutting down service SnapshotDirectoryCleaningService
2024-07-06 11:54:14,528 [main] INFO  om.OzoneManager (OzoneManager.java:stopSecretManager(1084)) - Stopping secret key client.
2024-07-06 11:54:14,528 [main] INFO  om.OzoneManager (OzoneManager.java:stopSecretManager(1089)) - Stopping OM delegation token secret manager.
2024-07-06 11:54:14,528 [om1-ExpiredTokenRemover] INFO  security.OzoneDelegationTokenSecretManager (OzoneDelegationTokenSecretManager.java:run(640)) - ExpiredTokenRemover was interrupted.
java.lang.InterruptedException: sleep interrupted
	at java.base/java.lang.Thread.sleep(Native Method)
	at org.apache.hadoop.ozone.security.OzoneDelegationTokenSecretManager$ExpiredTokenRemover.run(OzoneDelegationTokenSecretManager.java:636)
	at java.base/java.lang.Thread.run(Thread.java:840)
2024-07-06 11:54:14,531 [main] INFO  handler.ContextHandler (ContextHandler.java:doStop(1159)) - Stopped o.e.j.w.WebAppContext@27636d72{ozoneManager,/,null,STOPPED}{file:/home/runner/work/ozone/ozone/hadoop-ozone/integration-test/target/test-classes/webapps/ozoneManager}
2024-07-06 11:54:14,534 [main] INFO  server.AbstractConnector (AbstractConnector.java:doStop(383)) - Stopped ServerConnector@2733414d{HTTP/1.1, (http/1.1)}{0.0.0.0:15037}
2024-07-06 11:54:14,535 [main] INFO  server.session (HouseKeeper.java:stopScavenging(149)) - node0 Stopped scavenging
2024-07-06 11:54:14,535 [main] INFO  handler.ContextHandler (ContextHandler.java:doStop(1159)) - Stopped o.e.j.s.ServletContextHandler@24d84d1e{static,/static,file:///home/runner/work/ozone/ozone/hadoop-ozone/integration-test/target/test-classes/webapps/static,STOPPED}
2024-07-06 11:54:14,536 [main] INFO  handler.ContextHandler (ContextHandler.java:doStop(1159)) - Stopped o.e.j.s.ServletContextHandler@19c2c3a6{logs,/logs,file:///home/runner/work/ozone/ozone/hadoop-ozone/integration-test/target/log,STOPPED}
2024-07-06 11:54:14,537 [main] INFO  rocksdiff.RocksDBCheckpointDiffer (RocksDBCheckpointDiffer.java:close(306)) - Shutting down CompactionDagPruningService.
2024-07-06 11:54:14,539 [main] INFO  snapshot.SnapshotDiffManager (SnapshotDiffManager.java:closeExecutorService(1657)) - Shutting down executorService: 'SnapDiffExecutor'
2024-07-06 11:54:14,540 [main] INFO  utils.BackgroundService (BackgroundService.java:shutdown(163)) - Shutting down service SnapshotDiffCleanupService
2024-07-06 11:54:14,541 [main] INFO  ozone.MiniOzoneHAClusterImpl (MiniOzoneHAClusterImpl.java:stop(295)) - Stopping the StorageContainerManager 41075d7a-0d70-4fa2-ba46-cbc672699b06
2024-07-06 11:54:14,541 [main] INFO  server.StorageContainerManager (StorageContainerManager.java:stop(1645)) - Container Balancer is not running.
2024-07-06 11:54:14,541 [main] INFO  server.StorageContainerManager (StorageContainerManager.java:stopReplicationManager(1782)) - Stopping Replication Manager Service.
2024-07-06 11:54:14,541 [main] INFO  replication.ReplicationManager (ReplicationManager.java:stop(329)) - Stopping Replication Monitor Thread.
2024-07-06 11:54:14,541 [scmNode-2-OverReplicatedProcessor] WARN  replication.UnhealthyReplicationProcessor (UnhealthyReplicationProcessor.java:run(180)) - scmNode-2-OverReplicatedProcessor interrupted. Exiting...
2024-07-06 11:54:14,541 [scmNode-2-UnderReplicatedProcessor] WARN  replication.UnhealthyReplicationProcessor (UnhealthyReplicationProcessor.java:run(180)) - scmNode-2-UnderReplicatedProcessor interrupted. Exiting...
2024-07-06 11:54:14,542 [main] INFO  server.StorageContainerManager (StorageContainerManager.java:stop(1654)) - Stopping the Datanode Admin Monitor.
2024-07-06 11:54:14,542 [scmNode-2-ReplicationMonitor] INFO  replication.ReplicationManager (ReplicationManager.java:run(938)) - Replication Monitor Thread is stopped
2024-07-06 11:54:14,542 [main] INFO  server.StorageContainerManager (StorageContainerManager.java:stop(1661)) - Stopping datanode service RPC server
2024-07-06 11:54:14,542 [main] INFO  server.SCMDatanodeProtocolServer (SCMDatanodeProtocolServer.java:stop(425)) - Stopping the RPC server for DataNodes
2024-07-06 11:54:14,542 [main] INFO  ipc.Server (Server.java:stop(3523)) - Stopping server on 15012
2024-07-06 11:54:14,545 [IPC Server listener on 15012] INFO  ipc.Server (Server.java:run(1434)) - Stopping IPC Server listener on 15012
2024-07-06 11:54:14,545 [IPC Server Responder] INFO  ipc.Server (Server.java:run(1567)) - Stopping IPC Server Responder
2024-07-06 11:54:14,568 [SecretKeyPoller] INFO  symmetric.DefaultSecretKeySignerClient (DefaultSecretKeySignerClient.java:checkAndRefresh(167)) - New secret key fetched from SCM: SecretKey(id = 3a7dc834-f923-4f44-b179-f993a688d125, creation at: 2024-07-06T11:54:14.468Z, expire at: 2024-07-06T11:54:17.468Z).
2024-07-06 11:54:14,568 [SecretKeyPoller] INFO  symmetric.DefaultSecretKeySignerClient (DefaultSecretKeySignerClient.java:checkAndRefresh(167)) - New secret key fetched from SCM: SecretKey(id = 3a7dc834-f923-4f44-b179-f993a688d125, creation at: 2024-07-06T11:54:14.468Z, expire at: 2024-07-06T11:54:17.468Z).
2024-07-06 11:54:14,568 [SecretKeyPoller] INFO  symmetric.DefaultSecretKeySignerClient (DefaultSecretKeySignerClient.java:checkAndRefresh(167)) - New secret key fetched from SCM: SecretKey(id = 3a7dc834-f923-4f44-b179-f993a688d125, creation at: 2024-07-06T11:54:14.468Z, expire at: 2024-07-06T11:54:17.468Z).
2024-07-06 11:54:14,645 [scmNode-2-SCMHeartbeatProcessor-0] WARN  node.NodeStateManager (NodeStateManager.java:scheduleNextHealthCheck(883)) - Current Thread is interrupted, shutting down HB processing thread for Node Manager.
2024-07-06 11:54:14,645 [main] INFO  server.StorageContainerManager (StorageContainerManager.java:stop(1669)) - Stopping block service RPC server
2024-07-06 11:54:14,646 [main] INFO  server.SCMBlockProtocolServer (SCMBlockProtocolServer.java:stop(176)) - Stopping the RPC server for Block Protocol
2024-07-06 11:54:14,646 [main] INFO  ipc.Server (Server.java:stop(3523)) - Stopping server on 15015
2024-07-06 11:54:14,651 [IPC Server Responder] INFO  ipc.Server (Server.java:run(1567)) - Stopping IPC Server Responder
2024-07-06 11:54:14,651 [IPC Server listener on 15015] INFO  ipc.Server (Server.java:run(1434)) - Stopping IPC Server listener on 15015
2024-07-06 11:54:14,654 [main] INFO  server.StorageContainerManager (StorageContainerManager.java:stop(1676)) - Stopping the StorageContainerLocationProtocol RPC server
2024-07-06 11:54:14,654 [main] INFO  server.SCMClientProtocolServer (SCMClientProtocolServer.java:stop(213)) - Stopping the RPC server for Client Protocol
2024-07-06 11:54:14,655 [main] INFO  ipc.Server (Server.java:stop(3523)) - Stopping server on 15013
2024-07-06 11:54:14,658 [IPC Server listener on 15013] INFO  ipc.Server (Server.java:run(1434)) - Stopping IPC Server listener on 15013
2024-07-06 11:54:14,658 [IPC Server Responder] INFO  ipc.Server (Server.java:run(1567)) - Stopping IPC Server Responder
2024-07-06 11:54:14,659 [main] INFO  server.StorageContainerManager (StorageContainerManager.java:stop(1683)) - Stopping Storage Container Manager HTTP server.
2024-07-06 11:54:14,659 [main] INFO  handler.ContextHandler (ContextHandler.java:doStop(1159)) - Stopped o.e.j.w.WebAppContext@5327c503{scm,/,null,STOPPED}{file:/home/runner/work/ozone/ozone/hadoop-ozone/integration-test/target/test-classes/webapps/scm}
2024-07-06 11:54:14,660 [main] INFO  server.AbstractConnector (AbstractConnector.java:doStop(383)) - Stopped ServerConnector@4698ae6{HTTP/1.1, (http/1.1)}{0.0.0.0:15008}
2024-07-06 11:54:14,661 [main] INFO  server.session (HouseKeeper.java:stopScavenging(149)) - node0 Stopped scavenging
2024-07-06 11:54:14,661 [main] INFO  handler.ContextHandler (ContextHandler.java:doStop(1159)) - Stopped o.e.j.s.ServletContextHandler@a6f34f5{static,/static,file:///home/runner/work/ozone/ozone/hadoop-ozone/integration-test/target/test-classes/webapps/static,STOPPED}
2024-07-06 11:54:14,661 [main] INFO  handler.ContextHandler (ContextHandler.java:doStop(1159)) - Stopped o.e.j.s.ServletContextHandler@7e5a8000{logs,/logs,file:///home/runner/work/ozone/ozone/hadoop-ozone/integration-test/target/log,STOPPED}
2024-07-06 11:54:14,663 [main] INFO  server.StorageContainerManager (StorageContainerManager.java:stop(1691)) - Stopping SCM LayoutVersionManager Service.
2024-07-06 11:54:14,663 [main] INFO  server.SCMSecurityProtocolServer (SCMSecurityProtocolServer.java:stop(511)) - Stopping the SCMSecurityProtocolServer.
2024-07-06 11:54:14,663 [main] INFO  ipc.Server (Server.java:stop(3523)) - Stopping server on 15010
2024-07-06 11:54:14,664 [IPC Server listener on 15010] INFO  ipc.Server (Server.java:run(1434)) - Stopping IPC Server listener on 15010
2024-07-06 11:54:14,666 [IPC Server Responder] INFO  ipc.Server (Server.java:run(1567)) - Stopping IPC Server Responder
2024-07-06 11:54:14,668 [main] INFO  server.StorageContainerManager (StorageContainerManager.java:stop(1703)) - Stopping Block Manager Service.
2024-07-06 11:54:14,668 [main] INFO  utils.BackgroundService (BackgroundService.java:shutdown(163)) - Shutting down service SCMBlockDeletingService
2024-07-06 11:54:14,668 [main] INFO  utils.BackgroundService (BackgroundService.java:shutdown(163)) - Shutting down service SCMBlockDeletingService
2024-07-06 11:54:14,669 [main] INFO  server.StorageContainerManager (StorageContainerManager.java:stop(1727)) - Stopping SCM Event Queue.
2024-07-06 11:54:14,670 [main] INFO  server.StorageContainerManager (StorageContainerManager.java:stop(1738)) - Stopping SCM HA services.
2024-07-06 11:54:14,670 [main] INFO  ha.SCMRatisServerImpl (SCMRatisServerImpl.java:stop(255)) - stopping ratis server 0.0.0.0:15011
2024-07-06 11:54:14,671 [main] INFO  server.RaftServer (RaftServerProxy.java:lambda$close$9(418)) - 41075d7a-0d70-4fa2-ba46-cbc672699b06: close
2024-07-06 11:54:14,671 [41075d7a-0d70-4fa2-ba46-cbc672699b06-impl-thread1] INFO  server.RaftServer$Division (RaftServerImpl.java:lambda$close$1(501)) - 41075d7a-0d70-4fa2-ba46-cbc672699b06@group-1EB1B476413A: shutdown
2024-07-06 11:54:14,671 [41075d7a-0d70-4fa2-ba46-cbc672699b06-impl-thread1] INFO  util.JmxRegister (JmxRegister.java:unregister(74)) - Successfully un-registered JMX Bean with object name Ratis:service=RaftServer,group=group-1EB1B476413A,id=41075d7a-0d70-4fa2-ba46-cbc672699b06
2024-07-06 11:54:14,671 [41075d7a-0d70-4fa2-ba46-cbc672699b06-impl-thread1] INFO  impl.RoleInfo (RoleInfo.java:shutdownFollowerState(119)) - 41075d7a-0d70-4fa2-ba46-cbc672699b06: shutdown 41075d7a-0d70-4fa2-ba46-cbc672699b06@group-1EB1B476413A-FollowerState
2024-07-06 11:54:14,671 [41075d7a-0d70-4fa2-ba46-cbc672699b06-impl-thread1] INFO  impl.StateMachineUpdater (StateMachineUpdater.java:stopAndJoin(164)) - 41075d7a-0d70-4fa2-ba46-cbc672699b06@group-1EB1B476413A-StateMachineUpdater: set stopIndex = 101
2024-07-06 11:54:14,671 [41075d7a-0d70-4fa2-ba46-cbc672699b06@group-1EB1B476413A-FollowerState] INFO  impl.FollowerState (FollowerState.java:run(153)) - 41075d7a-0d70-4fa2-ba46-cbc672699b06@group-1EB1B476413A-FollowerState was interrupted
2024-07-06 11:54:14,672 [41075d7a-0d70-4fa2-ba46-cbc672699b06@group-1EB1B476413A-StateMachineUpdater] INFO  ha.SCMStateMachine (SCMStateMachine.java:takeSnapshot(331)) - Current Snapshot Index 101, takeSnapshot took 0 ms
2024-07-06 11:54:14,671 [main] INFO  server.GrpcService (GrpcService.java:closeImpl(311)) - 41075d7a-0d70-4fa2-ba46-cbc672699b06: shutdown server GrpcServerProtocolService now
2024-07-06 11:54:14,672 [41075d7a-0d70-4fa2-ba46-cbc672699b06@group-1EB1B476413A-StateMachineUpdater] INFO  impl.StateMachineUpdater (StateMachineUpdater.java:takeSnapshot(303)) - 41075d7a-0d70-4fa2-ba46-cbc672699b06@group-1EB1B476413A-StateMachineUpdater: Took a snapshot at index 101
2024-07-06 11:54:14,672 [41075d7a-0d70-4fa2-ba46-cbc672699b06@group-1EB1B476413A-StateMachineUpdater] INFO  impl.StateMachineUpdater (StateMachineUpdater.java:lambda$new$0(102)) - 41075d7a-0d70-4fa2-ba46-cbc672699b06@group-1EB1B476413A-StateMachineUpdater: snapshotIndex: updateIncreasingly 18 -> 101
2024-07-06 11:54:14,672 [41075d7a-0d70-4fa2-ba46-cbc672699b06@group-1EB1B476413A-StateMachineUpdater] INFO  impl.StateMachineUpdater (StateMachineUpdater.java:stop(141)) - 41075d7a-0d70-4fa2-ba46-cbc672699b06@group-1EB1B476413A-StateMachineUpdater: closing SCMStateMachine, lastApplied=(t:2, i:100)
2024-07-06 11:54:14,673 [41075d7a-0d70-4fa2-ba46-cbc672699b06@group-1EB1B476413A-cacheEviction-AwaitToRun] INFO  util.AwaitToRun (AwaitToRun.java:run(49)) - 41075d7a-0d70-4fa2-ba46-cbc672699b06@group-1EB1B476413A-cacheEviction-AwaitToRun-AwaitForSignal is interrupted
2024-07-06 11:54:14,674 [grpc-default-executor-0] WARN  server.GrpcServerProtocolService (LogUtils.java:warn(121)) - 41075d7a-0d70-4fa2-ba46-cbc672699b06: APPEND_ENTRIES onError, lastRequest: null: org.apache.ratis.thirdparty.io.grpc.StatusRuntimeException: CANCELLED: client cancelled
2024-07-06 11:54:14,674 [grpc-default-executor-1] WARN  server.GrpcServerProtocolService (LogUtils.java:warn(121)) - 41075d7a-0d70-4fa2-ba46-cbc672699b06: APPEND_ENTRIES onError, lastRequest: null: org.apache.ratis.thirdparty.io.grpc.StatusRuntimeException: CANCELLED: client cancelled
2024-07-06 11:54:14,675 [grpc-default-executor-3] WARN  server.GrpcServerProtocolService (LogUtils.java:warn(121)) - 41075d7a-0d70-4fa2-ba46-cbc672699b06: APPEND_ENTRIES onError, lastRequest: null: org.apache.ratis.thirdparty.io.grpc.StatusRuntimeException: CANCELLED: client cancelled
2024-07-06 11:54:14,675 [grpc-default-executor-4] WARN  server.GrpcServerProtocolService (LogUtils.java:warn(121)) - 41075d7a-0d70-4fa2-ba46-cbc672699b06: APPEND_ENTRIES onError, lastRequest: eb66df86-6ffc-4e53-b873-cb2b44d5f35d->41075d7a-0d70-4fa2-ba46-cbc672699b06#192-t2,previous=(t:2, i:101),leaderCommit=101,initializing? false,entries: size=1, first=(t:2, i:102), METADATAENTRY(c:101): org.apache.ratis.thirdparty.io.grpc.StatusRuntimeException: CANCELLED: client cancelled
2024-07-06 11:54:14,675 [main] INFO  server.GrpcService (GrpcService.java:closeImpl(320)) - 41075d7a-0d70-4fa2-ba46-cbc672699b06: shutdown server GrpcServerProtocolService successfully
2024-07-06 11:54:14,675 [grpc-default-executor-3] WARN  server.GrpcLogAppender (LogUtils.java:warn(121)) - eb66df86-6ffc-4e53-b873-cb2b44d5f35d@group-1EB1B476413A->41075d7a-0d70-4fa2-ba46-cbc672699b06-AppendLogResponseHandler: Failed appendEntries: org.apache.ratis.thirdparty.io.grpc.StatusRuntimeException: CANCELLED: RST_STREAM closed stream. HTTP/2 error code: CANCEL
2024-07-06 11:54:14,676 [grpc-default-executor-4] WARN  server.GrpcLogAppender (GrpcLogAppender.java:lambda$resetClient$1(221)) - eb66df86-6ffc-4e53-b873-cb2b44d5f35d@group-1EB1B476413A->41075d7a-0d70-4fa2-ba46-cbc672699b06-GrpcLogAppender: Follower failed (request=null, errorCount=1); keep nextIndex (103) unchanged and retry.
2024-07-06 11:54:15,038 [0cfa5fef-e387-4d03-8755-cac648de9f82-EndpointStateMachineTaskThread-/127.0.0.1:15012-0 ] WARN  statemachine.EndpointStateMachine (EndpointStateMachine.java:logIfNeeded(242)) - Unable to communicate to SCM server at localhost:15012 for past 0 seconds.
java.io.EOFException: End of File Exception between local host is: "fv-az1041-405/10.1.0.11"; destination host is: "localhost":15012; : java.io.EOFException; For more details see:  http://wiki.apache.org/hadoop/EOFException
	at java.base/jdk.internal.reflect.NativeConstructorAccessorImpl.newInstance0(Native Method)
	at java.base/jdk.internal.reflect.NativeConstructorAccessorImpl.newInstance(NativeConstructorAccessorImpl.java:77)
	at java.base/jdk.internal.reflect.DelegatingConstructorAccessorImpl.newInstance(DelegatingConstructorAccessorImpl.java:45)
	at java.base/java.lang.reflect.Constructor.newInstanceWithCaller(Constructor.java:499)
	at java.base/java.lang.reflect.Constructor.newInstance(Constructor.java:480)
	at org.apache.hadoop.net.NetUtils.wrapWithMessage(NetUtils.java:930)
	at org.apache.hadoop.net.NetUtils.wrapException(NetUtils.java:879)
	at org.apache.hadoop.ipc.Client.getRpcResponse(Client.java:1571)
	at org.apache.hadoop.ipc.Client.call(Client.java:1513)
	at org.apache.hadoop.ipc.Client.call(Client.java:1410)
	at org.apache.hadoop.ipc.ProtobufRpcEngine$Invoker.invoke(ProtobufRpcEngine.java:250)
	at org.apache.hadoop.ipc.ProtobufRpcEngine$Invoker.invoke(ProtobufRpcEngine.java:132)
	at jdk.proxy2/jdk.proxy2.$Proxy69.submitRequest(Unknown Source)
	at org.apache.hadoop.ozone.protocolPB.StorageContainerDatanodeProtocolClientSideTranslatorPB.submitRequest(StorageContainerDatanodeProtocolClientSideTranslatorPB.java:117)
	at org.apache.hadoop.ozone.protocolPB.StorageContainerDatanodeProtocolClientSideTranslatorPB.sendHeartbeat(StorageContainerDatanodeProtocolClientSideTranslatorPB.java:149)
	at org.apache.hadoop.ozone.container.common.states.endpoint.HeartbeatEndpointTask.call(HeartbeatEndpointTask.java:183)
	at org.apache.hadoop.ozone.container.common.states.endpoint.HeartbeatEndpointTask.call(HeartbeatEndpointTask.java:87)
	at java.base/java.util.concurrent.FutureTask.run(FutureTask.java:264)
	at java.base/java.util.concurrent.ThreadPoolExecutor.runWorker(ThreadPoolExecutor.java:1136)
	at java.base/java.util.concurrent.ThreadPoolExecutor$Worker.run(ThreadPoolExecutor.java:635)
	at java.base/java.lang.Thread.run(Thread.java:840)
Caused by: java.io.EOFException
	at java.base/java.io.DataInputStream.readInt(DataInputStream.java:386)
	at org.apache.hadoop.ipc.Client$IpcStreams.readResponse(Client.java:1906)
	at org.apache.hadoop.ipc.Client$Connection.receiveRpcResponse(Client.java:1187)
	at org.apache.hadoop.ipc.Client$Connection.run(Client.java:1078)
2024-07-06 11:54:15,473 [41075d7a-0d70-4fa2-ba46-cbc672699b06-impl-thread1] INFO  segmented.SegmentedRaftLogWorker (SegmentedRaftLogWorker.java:close(248)) - 41075d7a-0d70-4fa2-ba46-cbc672699b06@group-1EB1B476413A-SegmentedRaftLogWorker close()
2024-07-06 11:54:15,474 [JvmPauseMonitor2] INFO  util.JvmPauseMonitor (JvmPauseMonitor.java:run(152)) - JvmPauseMonitor-41075d7a-0d70-4fa2-ba46-cbc672699b06: Stopped
2024-07-06 11:54:15,474 [main] INFO  SCMHATransactionMonitor (BackgroundSCMService.java:stop(128)) - Stopping SCMHATransactionMonitor Service.
2024-07-06 11:54:15,474 [scmNode-2-SCMHATransactionMonitor] WARN  SCMHATransactionMonitor (BackgroundSCMService.java:run(112)) - SCMHATransactionMonitor is interrupted, exit
2024-07-06 11:54:15,475 [main] INFO  pipeline.BackgroundPipelineCreator (BackgroundPipelineCreator.java:stop(152)) - Stopping scmNode-2-RatisPipelineUtilsThread.
2024-07-06 11:54:15,475 [scmNode-2-RatisPipelineUtilsThread-0] WARN  pipeline.BackgroundPipelineCreator (BackgroundPipelineCreator.java:run(183)) - scmNode-2-RatisPipelineUtilsThread is interrupted.
2024-07-06 11:54:15,475 [main] INFO  BackgroundPipelineScrubber (BackgroundSCMService.java:stop(128)) - Stopping BackgroundPipelineScrubber Service.
2024-07-06 11:54:15,475 [scmNode-2-BackgroundPipelineScrubber] WARN  BackgroundPipelineScrubber (BackgroundSCMService.java:run(112)) - BackgroundPipelineScrubber is interrupted, exit
2024-07-06 11:54:15,476 [main] INFO  impl.MetricsSystemImpl (MetricsSystemImpl.java:stop(210)) - Stopping HddsDatanode metrics system...
2024-07-06 11:54:15,478 [prometheus] INFO  impl.MetricsSinkAdapter (MetricsSinkAdapter.java:publishMetricsFromQueue(141)) - prometheus thread interrupted.
2024-07-06 11:54:15,478 [main] INFO  impl.MetricsSystemImpl (MetricsSystemImpl.java:stop(216)) - HddsDatanode metrics system stopped.
2024-07-06 11:54:15,478 [main] WARN  pipeline.BackgroundPipelineCreator (BackgroundPipelineCreator.java:stop(148)) - scmNode-2-RatisPipelineUtilsThread is not running, just ignore.
2024-07-06 11:54:15,479 [main] INFO  BackgroundPipelineScrubber (BackgroundSCMService.java:stop(123)) - BackgroundPipelineScrubber Service is not running, skip stop.
2024-07-06 11:54:15,479 [scmNode-2-ExpiredContainerReplicaOpScrubber] WARN  ExpiredContainerReplicaOpScrubber (BackgroundSCMService.java:run(112)) - ExpiredContainerReplicaOpScrubber is interrupted, exit
2024-07-06 11:54:15,479 [main] INFO  ExpiredContainerReplicaOpScrubber (BackgroundSCMService.java:stop(128)) - Stopping ExpiredContainerReplicaOpScrubber Service.
2024-07-06 11:54:15,479 [main] INFO  utils.BackgroundService (BackgroundService.java:shutdown(163)) - Shutting down service SCMBlockDeletingService
2024-07-06 11:54:15,479 [main] INFO  replication.ReplicationManager (ReplicationManager.java:stop(339)) - Replication Monitor Thread is not running.
2024-07-06 11:54:15,479 [main] WARN  balancer.ContainerBalancer (ContainerBalancer.java:stop(327)) - Cannot stop Container Balancer because it's not running or stopping
2024-07-06 11:54:15,479 [main] INFO  SCMHATransactionMonitor (BackgroundSCMService.java:stop(123)) - SCMHATransactionMonitor Service is not running, skip stop.
2024-07-06 11:54:15,480 [main] INFO  server.StorageContainerManager (StorageContainerManager.java:stop(1773)) - Stopping SCM MetadataStore.
2024-07-06 11:54:15,480 [scmNode-2-LeaseManager#LeaseMonitor] WARN  lease.LeaseManager (LeaseManager.java:run(286)) - Lease manager is interrupted. Shutting down...
java.lang.InterruptedException
	at java.base/java.util.concurrent.locks.AbstractQueuedSynchronizer.tryAcquireSharedNanos(AbstractQueuedSynchronizer.java:1081)
	at java.base/java.util.concurrent.Semaphore.tryAcquire(Semaphore.java:415)
	at org.apache.hadoop.ozone.lease.LeaseManager$LeaseMonitor.run(LeaseManager.java:284)
	at java.base/java.lang.Thread.run(Thread.java:840)
2024-07-06 11:54:15,481 [main] INFO  server.SCMSecurityProtocolServer (SCMSecurityProtocolServer.java:join(520)) - Join RPC server for SCMSecurityProtocolServer.
2024-07-06 11:54:15,481 [main] INFO  server.SCMSecurityProtocolServer (SCMSecurityProtocolServer.java:join(522)) - Join gRPC server for SCMSecurityProtocolServer.
2024-07-06 11:54:15,481 [main] INFO  ozone.MiniOzoneHAClusterImpl (MiniOzoneHAClusterImpl.java:stop(295)) - Stopping the StorageContainerManager 39a46239-dc5f-49f3-8624-e36d450519bc
2024-07-06 11:54:15,481 [main] INFO  server.StorageContainerManager (StorageContainerManager.java:stop(1645)) - Container Balancer is not running.
2024-07-06 11:54:15,481 [main] INFO  server.StorageContainerManager (StorageContainerManager.java:stopReplicationManager(1782)) - Stopping Replication Manager Service.
2024-07-06 11:54:15,481 [main] INFO  replication.ReplicationManager (ReplicationManager.java:stop(329)) - Stopping Replication Monitor Thread.
2024-07-06 11:54:15,481 [main] INFO  server.StorageContainerManager (StorageContainerManager.java:stop(1654)) - Stopping the Datanode Admin Monitor.
2024-07-06 11:54:15,481 [scmNode-3-ReplicationMonitor] INFO  replication.ReplicationManager (ReplicationManager.java:run(938)) - Replication Monitor Thread is stopped
2024-07-06 11:54:15,481 [scmNode-3-OverReplicatedProcessor] WARN  replication.UnhealthyReplicationProcessor (UnhealthyReplicationProcessor.java:run(180)) - scmNode-3-OverReplicatedProcessor interrupted. Exiting...
2024-07-06 11:54:15,481 [scmNode-3-UnderReplicatedProcessor] WARN  replication.UnhealthyReplicationProcessor (UnhealthyReplicationProcessor.java:run(180)) - scmNode-3-UnderReplicatedProcessor interrupted. Exiting...
2024-07-06 11:54:15,481 [main] INFO  server.StorageContainerManager (StorageContainerManager.java:stop(1661)) - Stopping datanode service RPC server
2024-07-06 11:54:15,482 [main] INFO  server.SCMDatanodeProtocolServer (SCMDatanodeProtocolServer.java:stop(425)) - Stopping the RPC server for DataNodes
2024-07-06 11:54:15,482 [main] INFO  ipc.Server (Server.java:stop(3523)) - Stopping server on 15020
2024-07-06 11:54:15,485 [IPC Server listener on 15020] INFO  ipc.Server (Server.java:run(1434)) - Stopping IPC Server listener on 15020
2024-07-06 11:54:15,485 [IPC Server Responder] INFO  ipc.Server (Server.java:run(1567)) - Stopping IPC Server Responder
2024-07-06 11:54:15,512 [8dbb38fd-cb5c-434d-a416-d5257da8c780-EndpointStateMachineTaskThread-/127.0.0.1:15020-0 ] WARN  statemachine.EndpointStateMachine (EndpointStateMachine.java:logIfNeeded(242)) - Unable to communicate to SCM server at localhost:15020 for past 0 seconds.
java.io.EOFException: End of File Exception between local host is: "fv-az1041-405/10.1.0.11"; destination host is: "localhost":15020; : java.io.EOFException; For more details see:  http://wiki.apache.org/hadoop/EOFException
	at java.base/jdk.internal.reflect.NativeConstructorAccessorImpl.newInstance0(Native Method)
	at java.base/jdk.internal.reflect.NativeConstructorAccessorImpl.newInstance(NativeConstructorAccessorImpl.java:77)
	at java.base/jdk.internal.reflect.DelegatingConstructorAccessorImpl.newInstance(DelegatingConstructorAccessorImpl.java:45)
	at java.base/java.lang.reflect.Constructor.newInstanceWithCaller(Constructor.java:499)
	at java.base/java.lang.reflect.Constructor.newInstance(Constructor.java:480)
	at org.apache.hadoop.net.NetUtils.wrapWithMessage(NetUtils.java:930)
	at org.apache.hadoop.net.NetUtils.wrapException(NetUtils.java:879)
	at org.apache.hadoop.ipc.Client.getRpcResponse(Client.java:1571)
	at org.apache.hadoop.ipc.Client.call(Client.java:1513)
	at org.apache.hadoop.ipc.Client.call(Client.java:1410)
	at org.apache.hadoop.ipc.ProtobufRpcEngine$Invoker.invoke(ProtobufRpcEngine.java:250)
	at org.apache.hadoop.ipc.ProtobufRpcEngine$Invoker.invoke(ProtobufRpcEngine.java:132)
	at jdk.proxy2/jdk.proxy2.$Proxy69.submitRequest(Unknown Source)
	at org.apache.hadoop.ozone.protocolPB.StorageContainerDatanodeProtocolClientSideTranslatorPB.submitRequest(StorageContainerDatanodeProtocolClientSideTranslatorPB.java:117)
	at org.apache.hadoop.ozone.protocolPB.StorageContainerDatanodeProtocolClientSideTranslatorPB.sendHeartbeat(StorageContainerDatanodeProtocolClientSideTranslatorPB.java:149)
	at org.apache.hadoop.ozone.container.common.states.endpoint.HeartbeatEndpointTask.call(HeartbeatEndpointTask.java:183)
	at org.apache.hadoop.ozone.container.common.states.endpoint.HeartbeatEndpointTask.call(HeartbeatEndpointTask.java:87)
	at java.base/java.util.concurrent.FutureTask.run(FutureTask.java:264)
	at java.base/java.util.concurrent.ThreadPoolExecutor.runWorker(ThreadPoolExecutor.java:1136)
	at java.base/java.util.concurrent.ThreadPoolExecutor$Worker.run(ThreadPoolExecutor.java:635)
	at java.base/java.lang.Thread.run(Thread.java:840)
Caused by: java.io.EOFException
	at java.base/java.io.DataInputStream.readInt(DataInputStream.java:386)
	at org.apache.hadoop.ipc.Client$IpcStreams.readResponse(Client.java:1906)
	at org.apache.hadoop.ipc.Client$Connection.receiveRpcResponse(Client.java:1187)
	at org.apache.hadoop.ipc.Client$Connection.run(Client.java:1078)
2024-07-06 11:54:15,512 [8dbb38fd-cb5c-434d-a416-d5257da8c780-EndpointStateMachineTaskThread-/127.0.0.1:15012-0 ] WARN  statemachine.EndpointStateMachine (EndpointStateMachine.java:logIfNeeded(242)) - Unable to communicate to SCM server at localhost:15012 for past 0 seconds.
java.io.EOFException: End of File Exception between local host is: "fv-az1041-405/10.1.0.11"; destination host is: "localhost":15012; : java.io.EOFException; For more details see:  http://wiki.apache.org/hadoop/EOFException
	at java.base/jdk.internal.reflect.NativeConstructorAccessorImpl.newInstance0(Native Method)
	at java.base/jdk.internal.reflect.NativeConstructorAccessorImpl.newInstance(NativeConstructorAccessorImpl.java:77)
	at java.base/jdk.internal.reflect.DelegatingConstructorAccessorImpl.newInstance(DelegatingConstructorAccessorImpl.java:45)
	at java.base/java.lang.reflect.Constructor.newInstanceWithCaller(Constructor.java:499)
	at java.base/java.lang.reflect.Constructor.newInstance(Constructor.java:480)
	at org.apache.hadoop.net.NetUtils.wrapWithMessage(NetUtils.java:930)
	at org.apache.hadoop.net.NetUtils.wrapException(NetUtils.java:879)
	at org.apache.hadoop.ipc.Client.getRpcResponse(Client.java:1571)
	at org.apache.hadoop.ipc.Client.call(Client.java:1513)
	at org.apache.hadoop.ipc.Client.call(Client.java:1410)
	at org.apache.hadoop.ipc.ProtobufRpcEngine$Invoker.invoke(ProtobufRpcEngine.java:250)
	at org.apache.hadoop.ipc.ProtobufRpcEngine$Invoker.invoke(ProtobufRpcEngine.java:132)
	at jdk.proxy2/jdk.proxy2.$Proxy69.submitRequest(Unknown Source)
	at org.apache.hadoop.ozone.protocolPB.StorageContainerDatanodeProtocolClientSideTranslatorPB.submitRequest(StorageContainerDatanodeProtocolClientSideTranslatorPB.java:117)
	at org.apache.hadoop.ozone.protocolPB.StorageContainerDatanodeProtocolClientSideTranslatorPB.sendHeartbeat(StorageContainerDatanodeProtocolClientSideTranslatorPB.java:149)
	at org.apache.hadoop.ozone.container.common.states.endpoint.HeartbeatEndpointTask.call(HeartbeatEndpointTask.java:183)
	at org.apache.hadoop.ozone.container.common.states.endpoint.HeartbeatEndpointTask.call(HeartbeatEndpointTask.java:87)
	at java.base/java.util.concurrent.FutureTask.run(FutureTask.java:264)
	at java.base/java.util.concurrent.ThreadPoolExecutor.runWorker(ThreadPoolExecutor.java:1136)
	at java.base/java.util.concurrent.ThreadPoolExecutor$Worker.run(ThreadPoolExecutor.java:635)
	at java.base/java.lang.Thread.run(Thread.java:840)
Caused by: java.io.EOFException
	at java.base/java.io.DataInputStream.readInt(DataInputStream.java:386)
	at org.apache.hadoop.ipc.Client$IpcStreams.readResponse(Client.java:1906)
	at org.apache.hadoop.ipc.Client$Connection.receiveRpcResponse(Client.java:1187)
	at org.apache.hadoop.ipc.Client$Connection.run(Client.java:1078)
2024-07-06 11:54:15,529 [eb39f61f-e86a-4779-8e52-f95c095d9393-EndpointStateMachineTaskThread-/127.0.0.1:15020-0 ] WARN  statemachine.EndpointStateMachine (EndpointStateMachine.java:logIfNeeded(242)) - Unable to communicate to SCM server at localhost:15020 for past 0 seconds.
java.io.EOFException: End of File Exception between local host is: "fv-az1041-405/10.1.0.11"; destination host is: "localhost":15020; : java.io.EOFException; For more details see:  http://wiki.apache.org/hadoop/EOFException
	at java.base/jdk.internal.reflect.NativeConstructorAccessorImpl.newInstance0(Native Method)
	at java.base/jdk.internal.reflect.NativeConstructorAccessorImpl.newInstance(NativeConstructorAccessorImpl.java:77)
	at java.base/jdk.internal.reflect.DelegatingConstructorAccessorImpl.newInstance(DelegatingConstructorAccessorImpl.java:45)
	at java.base/java.lang.reflect.Constructor.newInstanceWithCaller(Constructor.java:499)
	at java.base/java.lang.reflect.Constructor.newInstance(Constructor.java:480)
	at org.apache.hadoop.net.NetUtils.wrapWithMessage(NetUtils.java:930)
	at org.apache.hadoop.net.NetUtils.wrapException(NetUtils.java:879)
	at org.apache.hadoop.ipc.Client.getRpcResponse(Client.java:1571)
	at org.apache.hadoop.ipc.Client.call(Client.java:1513)
	at org.apache.hadoop.ipc.Client.call(Client.java:1410)
	at org.apache.hadoop.ipc.ProtobufRpcEngine$Invoker.invoke(ProtobufRpcEngine.java:250)
	at org.apache.hadoop.ipc.ProtobufRpcEngine$Invoker.invoke(ProtobufRpcEngine.java:132)
	at jdk.proxy2/jdk.proxy2.$Proxy69.submitRequest(Unknown Source)
	at org.apache.hadoop.ozone.protocolPB.StorageContainerDatanodeProtocolClientSideTranslatorPB.submitRequest(StorageContainerDatanodeProtocolClientSideTranslatorPB.java:117)
	at org.apache.hadoop.ozone.protocolPB.StorageContainerDatanodeProtocolClientSideTranslatorPB.sendHeartbeat(StorageContainerDatanodeProtocolClientSideTranslatorPB.java:149)
	at org.apache.hadoop.ozone.container.common.states.endpoint.HeartbeatEndpointTask.call(HeartbeatEndpointTask.java:183)
	at org.apache.hadoop.ozone.container.common.states.endpoint.HeartbeatEndpointTask.call(HeartbeatEndpointTask.java:87)
	at java.base/java.util.concurrent.FutureTask.run(FutureTask.java:264)
	at java.base/java.util.concurrent.ThreadPoolExecutor.runWorker(ThreadPoolExecutor.java:1136)
	at java.base/java.util.concurrent.ThreadPoolExecutor$Worker.run(ThreadPoolExecutor.java:635)
	at java.base/java.lang.Thread.run(Thread.java:840)
Caused by: java.io.EOFException
	at java.base/java.io.DataInputStream.readInt(DataInputStream.java:386)
	at org.apache.hadoop.ipc.Client$IpcStreams.readResponse(Client.java:1906)
	at org.apache.hadoop.ipc.Client$Connection.receiveRpcResponse(Client.java:1187)
	at org.apache.hadoop.ipc.Client$Connection.run(Client.java:1078)
2024-07-06 11:54:15,548 [scmNode-3-SCMHeartbeatProcessor-0] WARN  node.NodeStateManager (NodeStateManager.java:scheduleNextHealthCheck(883)) - Current Thread is interrupted, shutting down HB processing thread for Node Manager.
2024-07-06 11:54:15,548 [main] INFO  server.StorageContainerManager (StorageContainerManager.java:stop(1669)) - Stopping block service RPC server
2024-07-06 11:54:15,548 [main] INFO  server.SCMBlockProtocolServer (SCMBlockProtocolServer.java:stop(176)) - Stopping the RPC server for Block Protocol
2024-07-06 11:54:15,548 [main] INFO  ipc.Server (Server.java:stop(3523)) - Stopping server on 15023
2024-07-06 11:54:15,552 [IPC Server Responder] INFO  ipc.Server (Server.java:run(1567)) - Stopping IPC Server Responder
2024-07-06 11:54:15,552 [IPC Server listener on 15023] INFO  ipc.Server (Server.java:run(1434)) - Stopping IPC Server listener on 15023
2024-07-06 11:54:15,553 [main] INFO  server.StorageContainerManager (StorageContainerManager.java:stop(1676)) - Stopping the StorageContainerLocationProtocol RPC server
2024-07-06 11:54:15,554 [main] INFO  server.SCMClientProtocolServer (SCMClientProtocolServer.java:stop(213)) - Stopping the RPC server for Client Protocol
2024-07-06 11:54:15,554 [main] INFO  ipc.Server (Server.java:stop(3523)) - Stopping server on 15021
2024-07-06 11:54:15,556 [IPC Server listener on 15021] INFO  ipc.Server (Server.java:run(1434)) - Stopping IPC Server listener on 15021
2024-07-06 11:54:15,557 [IPC Server Responder] INFO  ipc.Server (Server.java:run(1567)) - Stopping IPC Server Responder
2024-07-06 11:54:15,558 [main] INFO  server.StorageContainerManager (StorageContainerManager.java:stop(1683)) - Stopping Storage Container Manager HTTP server.
2024-07-06 11:54:15,559 [main] INFO  handler.ContextHandler (ContextHandler.java:doStop(1159)) - Stopped o.e.j.w.WebAppContext@61cf142f{scm,/,null,STOPPED}{file:/home/runner/work/ozone/ozone/hadoop-ozone/integration-test/target/test-classes/webapps/scm}
2024-07-06 11:54:15,560 [main] INFO  server.AbstractConnector (AbstractConnector.java:doStop(383)) - Stopped ServerConnector@126320a8{HTTP/1.1, (http/1.1)}{0.0.0.0:15016}
2024-07-06 11:54:15,561 [main] INFO  server.session (HouseKeeper.java:stopScavenging(149)) - node0 Stopped scavenging
2024-07-06 11:54:15,561 [main] INFO  handler.ContextHandler (ContextHandler.java:doStop(1159)) - Stopped o.e.j.s.ServletContextHandler@3ad142f0{static,/static,file:///home/runner/work/ozone/ozone/hadoop-ozone/integration-test/target/test-classes/webapps/static,STOPPED}
2024-07-06 11:54:15,561 [main] INFO  handler.ContextHandler (ContextHandler.java:doStop(1159)) - Stopped o.e.j.s.ServletContextHandler@297c0311{logs,/logs,file:///home/runner/work/ozone/ozone/hadoop-ozone/integration-test/target/log,STOPPED}
2024-07-06 11:54:15,562 [main] INFO  server.StorageContainerManager (StorageContainerManager.java:stop(1691)) - Stopping SCM LayoutVersionManager Service.
2024-07-06 11:54:15,563 [main] INFO  server.SCMSecurityProtocolServer (SCMSecurityProtocolServer.java:stop(511)) - Stopping the SCMSecurityProtocolServer.
2024-07-06 11:54:15,563 [main] INFO  ipc.Server (Server.java:stop(3523)) - Stopping server on 15018
2024-07-06 11:54:15,563 [IPC Server listener on 15018] INFO  ipc.Server (Server.java:run(1434)) - Stopping IPC Server listener on 15018
2024-07-06 11:54:15,564 [IPC Server Responder] INFO  ipc.Server (Server.java:run(1567)) - Stopping IPC Server Responder
2024-07-06 11:54:15,564 [main] INFO  server.StorageContainerManager (StorageContainerManager.java:stop(1703)) - Stopping Block Manager Service.
2024-07-06 11:54:15,564 [main] INFO  utils.BackgroundService (BackgroundService.java:shutdown(163)) - Shutting down service SCMBlockDeletingService
2024-07-06 11:54:15,565 [main] INFO  utils.BackgroundService (BackgroundService.java:shutdown(163)) - Shutting down service SCMBlockDeletingService
2024-07-06 11:54:15,565 [main] INFO  server.StorageContainerManager (StorageContainerManager.java:stop(1727)) - Stopping SCM Event Queue.
2024-07-06 11:54:15,566 [main] INFO  server.StorageContainerManager (StorageContainerManager.java:stop(1738)) - Stopping SCM HA services.
2024-07-06 11:54:15,567 [main] INFO  ha.SCMRatisServerImpl (SCMRatisServerImpl.java:stop(255)) - stopping ratis server 0.0.0.0:15019
2024-07-06 11:54:15,567 [main] INFO  server.RaftServer (RaftServerProxy.java:lambda$close$9(418)) - 39a46239-dc5f-49f3-8624-e36d450519bc: close
2024-07-06 11:54:15,567 [39a46239-dc5f-49f3-8624-e36d450519bc-impl-thread1] INFO  server.RaftServer$Division (RaftServerImpl.java:lambda$close$1(501)) - 39a46239-dc5f-49f3-8624-e36d450519bc@group-1EB1B476413A: shutdown
2024-07-06 11:54:15,568 [39a46239-dc5f-49f3-8624-e36d450519bc-impl-thread1] INFO  util.JmxRegister (JmxRegister.java:unregister(74)) - Successfully un-registered JMX Bean with object name Ratis:service=RaftServer,group=group-1EB1B476413A,id=39a46239-dc5f-49f3-8624-e36d450519bc
2024-07-06 11:54:15,568 [39a46239-dc5f-49f3-8624-e36d450519bc-impl-thread1] INFO  impl.RoleInfo (RoleInfo.java:shutdownFollowerState(119)) - 39a46239-dc5f-49f3-8624-e36d450519bc: shutdown 39a46239-dc5f-49f3-8624-e36d450519bc@group-1EB1B476413A-FollowerState
2024-07-06 11:54:15,568 [39a46239-dc5f-49f3-8624-e36d450519bc-impl-thread1] INFO  impl.StateMachineUpdater (StateMachineUpdater.java:stopAndJoin(164)) - 39a46239-dc5f-49f3-8624-e36d450519bc@group-1EB1B476413A-StateMachineUpdater: set stopIndex = 101
2024-07-06 11:54:15,568 [39a46239-dc5f-49f3-8624-e36d450519bc@group-1EB1B476413A-FollowerState] INFO  impl.FollowerState (FollowerState.java:run(153)) - 39a46239-dc5f-49f3-8624-e36d450519bc@group-1EB1B476413A-FollowerState was interrupted
2024-07-06 11:54:15,568 [scmNode-1-SecretKeyManagerService] INFO  symmetric.SecretKeyManager (SecretKeyManager.java:checkAndRotate(125)) - SecretKey rotation is happening, new key generated SecretKey(id = 3eed33db-42ec-4155-98b2-8281cf500fff, creation at: 2024-07-06T11:54:15.568044293Z, expire at: 2024-07-06T11:54:18.568044293Z)
2024-07-06 11:54:15,569 [39a46239-dc5f-49f3-8624-e36d450519bc@group-1EB1B476413A-StateMachineUpdater] INFO  ha.SCMStateMachine (SCMStateMachine.java:takeSnapshot(331)) - Current Snapshot Index 101, takeSnapshot took 1 ms
2024-07-06 11:54:15,569 [39a46239-dc5f-49f3-8624-e36d450519bc@group-1EB1B476413A-StateMachineUpdater] INFO  impl.StateMachineUpdater (StateMachineUpdater.java:takeSnapshot(303)) - 39a46239-dc5f-49f3-8624-e36d450519bc@group-1EB1B476413A-StateMachineUpdater: Took a snapshot at index 101
2024-07-06 11:54:15,569 [39a46239-dc5f-49f3-8624-e36d450519bc@group-1EB1B476413A-StateMachineUpdater] INFO  impl.StateMachineUpdater (StateMachineUpdater.java:lambda$new$0(102)) - 39a46239-dc5f-49f3-8624-e36d450519bc@group-1EB1B476413A-StateMachineUpdater: snapshotIndex: updateIncreasingly 28 -> 101
2024-07-06 11:54:15,569 [39a46239-dc5f-49f3-8624-e36d450519bc@group-1EB1B476413A-StateMachineUpdater] INFO  impl.StateMachineUpdater (StateMachineUpdater.java:stop(141)) - 39a46239-dc5f-49f3-8624-e36d450519bc@group-1EB1B476413A-StateMachineUpdater: closing SCMStateMachine, lastApplied=(t:2, i:100)
2024-07-06 11:54:15,569 [39a46239-dc5f-49f3-8624-e36d450519bc@group-1EB1B476413A-cacheEviction-AwaitToRun] INFO  util.AwaitToRun (AwaitToRun.java:run(49)) - 39a46239-dc5f-49f3-8624-e36d450519bc@group-1EB1B476413A-cacheEviction-AwaitToRun-AwaitForSignal is interrupted
2024-07-06 11:54:15,570 [main] INFO  server.GrpcService (GrpcService.java:closeImpl(311)) - 39a46239-dc5f-49f3-8624-e36d450519bc: shutdown server GrpcServerProtocolService now
2024-07-06 11:54:15,573 [grpc-default-executor-3] WARN  server.GrpcServerProtocolService (LogUtils.java:warn(121)) - 39a46239-dc5f-49f3-8624-e36d450519bc: APPEND_ENTRIES onError, lastRequest: null: org.apache.ratis.thirdparty.io.grpc.StatusRuntimeException: CANCELLED: client cancelled
2024-07-06 11:54:15,576 [grpc-default-executor-1] WARN  server.GrpcServerProtocolService (LogUtils.java:warn(121)) - 39a46239-dc5f-49f3-8624-e36d450519bc: APPEND_ENTRIES onError, lastRequest: eb66df86-6ffc-4e53-b873-cb2b44d5f35d->39a46239-dc5f-49f3-8624-e36d450519bc#184-t2,previous=(t:2, i:101),leaderCommit=101,initializing? false,entries: size=1, first=(t:2, i:102), METADATAENTRY(c:101): org.apache.ratis.thirdparty.io.grpc.StatusRuntimeException: CANCELLED: client cancelled
2024-07-06 11:54:15,576 [grpc-default-executor-4] WARN  server.GrpcLogAppender (GrpcLogAppender.java:lambda$resetClient$1(221)) - eb66df86-6ffc-4e53-b873-cb2b44d5f35d@group-1EB1B476413A->41075d7a-0d70-4fa2-ba46-cbc672699b06-GrpcLogAppender: Follower failed (request=null, errorCount=5); keep nextIndex (104) unchanged and retry.
2024-07-06 11:54:15,576 [grpc-default-executor-2] WARN  server.GrpcLogAppender (LogUtils.java:warn(121)) - eb66df86-6ffc-4e53-b873-cb2b44d5f35d@group-1EB1B476413A->39a46239-dc5f-49f3-8624-e36d450519bc-AppendLogResponseHandler: Failed appendEntries: org.apache.ratis.thirdparty.io.grpc.StatusRuntimeException: CANCELLED: RST_STREAM closed stream. HTTP/2 error code: CANCEL
2024-07-06 11:54:15,577 [grpc-default-executor-2] WARN  server.GrpcLogAppender (GrpcLogAppender.java:lambda$resetClient$1(221)) - eb66df86-6ffc-4e53-b873-cb2b44d5f35d@group-1EB1B476413A->39a46239-dc5f-49f3-8624-e36d450519bc-GrpcLogAppender: Follower failed (request=null, errorCount=1); keep nextIndex (104) unchanged and retry.
2024-07-06 11:54:15,578 [main] INFO  server.GrpcService (GrpcService.java:closeImpl(320)) - 39a46239-dc5f-49f3-8624-e36d450519bc: shutdown server GrpcServerProtocolService successfully
2024-07-06 11:54:16,473 [39a46239-dc5f-49f3-8624-e36d450519bc-impl-thread1] INFO  segmented.SegmentedRaftLogWorker (SegmentedRaftLogWorker.java:close(248)) - 39a46239-dc5f-49f3-8624-e36d450519bc@group-1EB1B476413A-SegmentedRaftLogWorker close()
2024-07-06 11:54:16,474 [JvmPauseMonitor3] INFO  util.JvmPauseMonitor (JvmPauseMonitor.java:run(152)) - JvmPauseMonitor-39a46239-dc5f-49f3-8624-e36d450519bc: Stopped
2024-07-06 11:54:16,474 [main] INFO  SCMHATransactionMonitor (BackgroundSCMService.java:stop(128)) - Stopping SCMHATransactionMonitor Service.
2024-07-06 11:54:16,474 [scmNode-3-SCMHATransactionMonitor] WARN  SCMHATransactionMonitor (BackgroundSCMService.java:run(112)) - SCMHATransactionMonitor is interrupted, exit
2024-07-06 11:54:16,475 [main] INFO  pipeline.BackgroundPipelineCreator (BackgroundPipelineCreator.java:stop(152)) - Stopping scmNode-3-RatisPipelineUtilsThread.
2024-07-06 11:54:16,475 [scmNode-3-RatisPipelineUtilsThread-0] WARN  pipeline.BackgroundPipelineCreator (BackgroundPipelineCreator.java:run(183)) - scmNode-3-RatisPipelineUtilsThread is interrupted.
2024-07-06 11:54:16,475 [main] INFO  BackgroundPipelineScrubber (BackgroundSCMService.java:stop(128)) - Stopping BackgroundPipelineScrubber Service.
2024-07-06 11:54:16,475 [scmNode-3-BackgroundPipelineScrubber] WARN  BackgroundPipelineScrubber (BackgroundSCMService.java:run(112)) - BackgroundPipelineScrubber is interrupted, exit
2024-07-06 11:54:16,475 [main] INFO  impl.MetricsSystemImpl (MetricsSystemImpl.java:stop(205)) - HddsDatanode metrics system stopped (again)
2024-07-06 11:54:16,475 [main] WARN  pipeline.BackgroundPipelineCreator (BackgroundPipelineCreator.java:stop(148)) - scmNode-3-RatisPipelineUtilsThread is not running, just ignore.
2024-07-06 11:54:16,476 [main] INFO  BackgroundPipelineScrubber (BackgroundSCMService.java:stop(123)) - BackgroundPipelineScrubber Service is not running, skip stop.
2024-07-06 11:54:16,476 [main] INFO  ExpiredContainerReplicaOpScrubber (BackgroundSCMService.java:stop(128)) - Stopping ExpiredContainerReplicaOpScrubber Service.
2024-07-06 11:54:16,476 [scmNode-3-ExpiredContainerReplicaOpScrubber] WARN  ExpiredContainerReplicaOpScrubber (BackgroundSCMService.java:run(112)) - ExpiredContainerReplicaOpScrubber is interrupted, exit
2024-07-06 11:54:16,476 [main] INFO  utils.BackgroundService (BackgroundService.java:shutdown(163)) - Shutting down service SCMBlockDeletingService
2024-07-06 11:54:16,476 [main] INFO  replication.ReplicationManager (ReplicationManager.java:stop(339)) - Replication Monitor Thread is not running.
2024-07-06 11:54:16,476 [main] WARN  balancer.ContainerBalancer (ContainerBalancer.java:stop(327)) - Cannot stop Container Balancer because it's not running or stopping
2024-07-06 11:54:16,476 [main] INFO  SCMHATransactionMonitor (BackgroundSCMService.java:stop(123)) - SCMHATransactionMonitor Service is not running, skip stop.
2024-07-06 11:54:16,476 [scmNode-3-LeaseManager#LeaseMonitor] WARN  lease.LeaseManager (LeaseManager.java:run(286)) - Lease manager is interrupted. Shutting down...
java.lang.InterruptedException
	at java.base/java.util.concurrent.locks.AbstractQueuedSynchronizer.tryAcquireSharedNanos(AbstractQueuedSynchronizer.java:1081)
	at java.base/java.util.concurrent.Semaphore.tryAcquire(Semaphore.java:415)
	at org.apache.hadoop.ozone.lease.LeaseManager$LeaseMonitor.run(LeaseManager.java:284)
	at java.base/java.lang.Thread.run(Thread.java:840)
2024-07-06 11:54:16,476 [main] INFO  server.StorageContainerManager (StorageContainerManager.java:stop(1773)) - Stopping SCM MetadataStore.
2024-07-06 11:54:16,478 [main] INFO  server.SCMSecurityProtocolServer (SCMSecurityProtocolServer.java:join(520)) - Join RPC server for SCMSecurityProtocolServer.
2024-07-06 11:54:16,478 [main] INFO  server.SCMSecurityProtocolServer (SCMSecurityProtocolServer.java:join(522)) - Join gRPC server for SCMSecurityProtocolServer.
2024-07-06 11:54:16,478 [main] INFO  ozone.MiniOzoneHAClusterImpl (MiniOzoneHAClusterImpl.java:stop(295)) - Stopping the StorageContainerManager eb66df86-6ffc-4e53-b873-cb2b44d5f35d
2024-07-06 11:54:16,478 [main] INFO  server.StorageContainerManager (StorageContainerManager.java:stop(1645)) - Container Balancer is not running.
2024-07-06 11:54:16,478 [main] INFO  server.StorageContainerManager (StorageContainerManager.java:stopReplicationManager(1782)) - Stopping Replication Manager Service.
2024-07-06 11:54:16,478 [main] INFO  replication.ReplicationManager (ReplicationManager.java:stop(329)) - Stopping Replication Monitor Thread.
2024-07-06 11:54:16,478 [scmNode-1-UnderReplicatedProcessor] WARN  replication.UnhealthyReplicationProcessor (UnhealthyReplicationProcessor.java:run(180)) - scmNode-1-UnderReplicatedProcessor interrupted. Exiting...
2024-07-06 11:54:16,479 [scmNode-1-OverReplicatedProcessor] WARN  replication.UnhealthyReplicationProcessor (UnhealthyReplicationProcessor.java:run(180)) - scmNode-1-OverReplicatedProcessor interrupted. Exiting...
2024-07-06 11:54:16,479 [scmNode-1-ReplicationMonitor] INFO  replication.ReplicationManager (ReplicationManager.java:run(938)) - Replication Monitor Thread is stopped
2024-07-06 11:54:16,479 [main] INFO  server.StorageContainerManager (StorageContainerManager.java:stop(1654)) - Stopping the Datanode Admin Monitor.
2024-07-06 11:54:16,479 [main] INFO  server.StorageContainerManager (StorageContainerManager.java:stop(1661)) - Stopping datanode service RPC server
2024-07-06 11:54:16,479 [main] INFO  server.SCMDatanodeProtocolServer (SCMDatanodeProtocolServer.java:stop(425)) - Stopping the RPC server for DataNodes
2024-07-06 11:54:16,479 [main] INFO  ipc.Server (Server.java:stop(3523)) - Stopping server on 15004
2024-07-06 11:54:16,483 [IPC Server listener on 15004] INFO  ipc.Server (Server.java:run(1434)) - Stopping IPC Server listener on 15004
2024-07-06 11:54:16,484 [IPC Server Responder] INFO  ipc.Server (Server.java:run(1567)) - Stopping IPC Server Responder
2024-07-06 11:54:16,512 [8dbb38fd-cb5c-434d-a416-d5257da8c780-EndpointStateMachineTaskThread-/127.0.0.1:15004-0 ] WARN  statemachine.EndpointStateMachine (EndpointStateMachine.java:logIfNeeded(242)) - Unable to communicate to SCM server at localhost:15004 for past 0 seconds.
java.io.EOFException: End of File Exception between local host is: "fv-az1041-405/10.1.0.11"; destination host is: "localhost":15004; : java.io.EOFException; For more details see:  http://wiki.apache.org/hadoop/EOFException
	at java.base/jdk.internal.reflect.NativeConstructorAccessorImpl.newInstance0(Native Method)
	at java.base/jdk.internal.reflect.NativeConstructorAccessorImpl.newInstance(NativeConstructorAccessorImpl.java:77)
	at java.base/jdk.internal.reflect.DelegatingConstructorAccessorImpl.newInstance(DelegatingConstructorAccessorImpl.java:45)
	at java.base/java.lang.reflect.Constructor.newInstanceWithCaller(Constructor.java:499)
	at java.base/java.lang.reflect.Constructor.newInstance(Constructor.java:480)
	at org.apache.hadoop.net.NetUtils.wrapWithMessage(NetUtils.java:930)
	at org.apache.hadoop.net.NetUtils.wrapException(NetUtils.java:879)
	at org.apache.hadoop.ipc.Client.getRpcResponse(Client.java:1571)
	at org.apache.hadoop.ipc.Client.call(Client.java:1513)
	at org.apache.hadoop.ipc.Client.call(Client.java:1410)
	at org.apache.hadoop.ipc.ProtobufRpcEngine$Invoker.invoke(ProtobufRpcEngine.java:250)
	at org.apache.hadoop.ipc.ProtobufRpcEngine$Invoker.invoke(ProtobufRpcEngine.java:132)
	at jdk.proxy2/jdk.proxy2.$Proxy69.submitRequest(Unknown Source)
	at org.apache.hadoop.ozone.protocolPB.StorageContainerDatanodeProtocolClientSideTranslatorPB.submitRequest(StorageContainerDatanodeProtocolClientSideTranslatorPB.java:117)
	at org.apache.hadoop.ozone.protocolPB.StorageContainerDatanodeProtocolClientSideTranslatorPB.sendHeartbeat(StorageContainerDatanodeProtocolClientSideTranslatorPB.java:149)
	at org.apache.hadoop.ozone.container.common.states.endpoint.HeartbeatEndpointTask.call(HeartbeatEndpointTask.java:183)
	at org.apache.hadoop.ozone.container.common.states.endpoint.HeartbeatEndpointTask.call(HeartbeatEndpointTask.java:87)
	at java.base/java.util.concurrent.FutureTask.run(FutureTask.java:264)
	at java.base/java.util.concurrent.ThreadPoolExecutor.runWorker(ThreadPoolExecutor.java:1136)
	at java.base/java.util.concurrent.ThreadPoolExecutor$Worker.run(ThreadPoolExecutor.java:635)
	at java.base/java.lang.Thread.run(Thread.java:840)
Caused by: java.io.EOFException
	at java.base/java.io.DataInputStream.readInt(DataInputStream.java:386)
	at org.apache.hadoop.ipc.Client$IpcStreams.readResponse(Client.java:1906)
	at org.apache.hadoop.ipc.Client$Connection.receiveRpcResponse(Client.java:1187)
	at org.apache.hadoop.ipc.Client$Connection.run(Client.java:1078)
2024-07-06 11:54:16,528 [eb39f61f-e86a-4779-8e52-f95c095d9393-DatanodeStateMachineDaemonThread] ERROR datanode.RunningDatanodeState (RunningDatanodeState.java:computeNextContainerState(207)) - Error in executing end point task.
java.util.concurrent.ExecutionException: java.util.concurrent.TimeoutException
	at java.base/java.util.concurrent.FutureTask.report(FutureTask.java:122)
	at java.base/java.util.concurrent.FutureTask.get(FutureTask.java:191)
	at org.apache.hadoop.ozone.container.common.states.datanode.RunningDatanodeState.computeNextContainerState(RunningDatanodeState.java:199)
	at org.apache.hadoop.ozone.container.common.states.datanode.RunningDatanodeState.await(RunningDatanodeState.java:239)
	at org.apache.hadoop.ozone.container.common.states.datanode.RunningDatanodeState.await(RunningDatanodeState.java:50)
	at org.apache.hadoop.ozone.container.common.statemachine.StateContext.execute(StateContext.java:674)
	at org.apache.hadoop.ozone.container.common.statemachine.DatanodeStateMachine.startStateMachineThread(DatanodeStateMachine.java:344)
	at org.apache.hadoop.ozone.container.common.statemachine.DatanodeStateMachine.lambda$startDaemon$1(DatanodeStateMachine.java:546)
	at java.base/java.lang.Thread.run(Thread.java:840)
Caused by: java.util.concurrent.TimeoutException
	at java.base/java.util.concurrent.FutureTask.get(FutureTask.java:204)
	at org.apache.hadoop.ozone.container.common.states.datanode.RunningDatanodeState.lambda$execute$0(RunningDatanodeState.java:157)
	at java.base/java.util.concurrent.FutureTask.run(FutureTask.java:264)
	at java.base/java.util.concurrent.Executors$RunnableAdapter.call(Executors.java:539)
	at java.base/java.util.concurrent.FutureTask.run(FutureTask.java:264)
	at java.base/java.util.concurrent.ThreadPoolExecutor.runWorker(ThreadPoolExecutor.java:1136)
	at java.base/java.util.concurrent.ThreadPoolExecutor$Worker.run(ThreadPoolExecutor.java:635)
	... 1 more
2024-07-06 11:54:16,529 [eb39f61f-e86a-4779-8e52-f95c095d9393-EndpointStateMachineTaskThread-/127.0.0.1:15012-0 ] INFO  ipc.Client (Client.java:handleConnectionFailure(950)) - Retrying connect to server: localhost/127.0.0.1:15012. Already tried 0 time(s); retry policy is RetryUpToMaximumCountWithFixedSleep(maxRetries=15, sleepTime=1000 MILLISECONDS)
2024-07-06 11:54:16,530 [eb39f61f-e86a-4779-8e52-f95c095d9393-EndpointStateMachineTaskThread-/127.0.0.1:15004-0 ] WARN  statemachine.EndpointStateMachine (EndpointStateMachine.java:logIfNeeded(242)) - Unable to communicate to SCM server at localhost:15004 for past 0 seconds.
java.io.EOFException: End of File Exception between local host is: "fv-az1041-405/10.1.0.11"; destination host is: "localhost":15004; : java.io.EOFException; For more details see:  http://wiki.apache.org/hadoop/EOFException
	at java.base/jdk.internal.reflect.NativeConstructorAccessorImpl.newInstance0(Native Method)
	at java.base/jdk.internal.reflect.NativeConstructorAccessorImpl.newInstance(NativeConstructorAccessorImpl.java:77)
	at java.base/jdk.internal.reflect.DelegatingConstructorAccessorImpl.newInstance(DelegatingConstructorAccessorImpl.java:45)
	at java.base/java.lang.reflect.Constructor.newInstanceWithCaller(Constructor.java:499)
	at java.base/java.lang.reflect.Constructor.newInstance(Constructor.java:480)
	at org.apache.hadoop.net.NetUtils.wrapWithMessage(NetUtils.java:930)
	at org.apache.hadoop.net.NetUtils.wrapException(NetUtils.java:879)
	at org.apache.hadoop.ipc.Client.getRpcResponse(Client.java:1571)
	at org.apache.hadoop.ipc.Client.call(Client.java:1513)
	at org.apache.hadoop.ipc.Client.call(Client.java:1410)
	at org.apache.hadoop.ipc.ProtobufRpcEngine$Invoker.invoke(ProtobufRpcEngine.java:250)
	at org.apache.hadoop.ipc.ProtobufRpcEngine$Invoker.invoke(ProtobufRpcEngine.java:132)
	at jdk.proxy2/jdk.proxy2.$Proxy69.submitRequest(Unknown Source)
	at org.apache.hadoop.ozone.protocolPB.StorageContainerDatanodeProtocolClientSideTranslatorPB.submitRequest(StorageContainerDatanodeProtocolClientSideTranslatorPB.java:117)
	at org.apache.hadoop.ozone.protocolPB.StorageContainerDatanodeProtocolClientSideTranslatorPB.sendHeartbeat(StorageContainerDatanodeProtocolClientSideTranslatorPB.java:149)
	at org.apache.hadoop.ozone.container.common.states.endpoint.HeartbeatEndpointTask.call(HeartbeatEndpointTask.java:183)
	at org.apache.hadoop.ozone.container.common.states.endpoint.HeartbeatEndpointTask.call(HeartbeatEndpointTask.java:87)
	at java.base/java.util.concurrent.FutureTask.run(FutureTask.java:264)
	at java.base/java.util.concurrent.ThreadPoolExecutor.runWorker(ThreadPoolExecutor.java:1136)
	at java.base/java.util.concurrent.ThreadPoolExecutor$Worker.run(ThreadPoolExecutor.java:635)
	at java.base/java.lang.Thread.run(Thread.java:840)
Caused by: java.io.EOFException
	at java.base/java.io.DataInputStream.readInt(DataInputStream.java:386)
	at org.apache.hadoop.ipc.Client$IpcStreams.readResponse(Client.java:1906)
	at org.apache.hadoop.ipc.Client$Connection.receiveRpcResponse(Client.java:1187)
	at org.apache.hadoop.ipc.Client$Connection.run(Client.java:1078)
2024-07-06 11:54:16,582 [scmNode-1-SCMHeartbeatProcessor-0] WARN  node.NodeStateManager (NodeStateManager.java:scheduleNextHealthCheck(883)) - Current Thread is interrupted, shutting down HB processing thread for Node Manager.
2024-07-06 11:54:16,582 [main] INFO  server.StorageContainerManager (StorageContainerManager.java:stop(1669)) - Stopping block service RPC server
2024-07-06 11:54:16,582 [main] INFO  server.SCMBlockProtocolServer (SCMBlockProtocolServer.java:stop(176)) - Stopping the RPC server for Block Protocol
2024-07-06 11:54:16,583 [main] INFO  ipc.Server (Server.java:stop(3523)) - Stopping server on 15007
2024-07-06 11:54:16,587 [IPC Server listener on 15007] INFO  ipc.Server (Server.java:run(1434)) - Stopping IPC Server listener on 15007
2024-07-06 11:54:16,587 [main] INFO  server.StorageContainerManager (StorageContainerManager.java:stop(1676)) - Stopping the StorageContainerLocationProtocol RPC server
2024-07-06 11:54:16,587 [IPC Server Responder] INFO  ipc.Server (Server.java:run(1567)) - Stopping IPC Server Responder
2024-07-06 11:54:16,587 [main] INFO  server.SCMClientProtocolServer (SCMClientProtocolServer.java:stop(213)) - Stopping the RPC server for Client Protocol
2024-07-06 11:54:16,588 [main] INFO  ipc.Server (Server.java:stop(3523)) - Stopping server on 15005
2024-07-06 11:54:16,594 [main] INFO  server.StorageContainerManager (StorageContainerManager.java:stop(1683)) - Stopping Storage Container Manager HTTP server.
2024-07-06 11:54:16,594 [IPC Server listener on 15005] INFO  ipc.Server (Server.java:run(1434)) - Stopping IPC Server listener on 15005
2024-07-06 11:54:16,594 [IPC Server Responder] INFO  ipc.Server (Server.java:run(1567)) - Stopping IPC Server Responder
2024-07-06 11:54:16,595 [main] INFO  handler.ContextHandler (ContextHandler.java:doStop(1159)) - Stopped o.e.j.w.WebAppContext@808f65{scm,/,null,STOPPED}{file:/home/runner/work/ozone/ozone/hadoop-ozone/integration-test/target/test-classes/webapps/scm}
2024-07-06 11:54:16,596 [main] INFO  server.AbstractConnector (AbstractConnector.java:doStop(383)) - Stopped ServerConnector@6945fdb8{HTTP/1.1, (http/1.1)}{0.0.0.0:15000}
2024-07-06 11:54:16,596 [main] INFO  server.session (HouseKeeper.java:stopScavenging(149)) - node0 Stopped scavenging
2024-07-06 11:54:16,596 [main] INFO  handler.ContextHandler (ContextHandler.java:doStop(1159)) - Stopped o.e.j.s.ServletContextHandler@731a5a39{static,/static,file:///home/runner/work/ozone/ozone/hadoop-ozone/integration-test/target/test-classes/webapps/static,STOPPED}
2024-07-06 11:54:16,597 [main] INFO  handler.ContextHandler (ContextHandler.java:doStop(1159)) - Stopped o.e.j.s.ServletContextHandler@47166740{logs,/logs,file:///home/runner/work/ozone/ozone/hadoop-ozone/integration-test/target/log,STOPPED}
2024-07-06 11:54:16,598 [main] INFO  server.StorageContainerManager (StorageContainerManager.java:stop(1691)) - Stopping SCM LayoutVersionManager Service.
2024-07-06 11:54:16,598 [main] INFO  server.SCMSecurityProtocolServer (SCMSecurityProtocolServer.java:stop(511)) - Stopping the SCMSecurityProtocolServer.
2024-07-06 11:54:16,598 [main] INFO  ipc.Server (Server.java:stop(3523)) - Stopping server on 15002
2024-07-06 11:54:16,598 [IPC Server listener on 15002] INFO  ipc.Server (Server.java:run(1434)) - Stopping IPC Server listener on 15002
2024-07-06 11:54:16,598 [IPC Server Responder] INFO  ipc.Server (Server.java:run(1567)) - Stopping IPC Server Responder
2024-07-06 11:54:16,599 [main] INFO  server.StorageContainerManager (StorageContainerManager.java:stop(1703)) - Stopping Block Manager Service.
2024-07-06 11:54:16,599 [main] INFO  utils.BackgroundService (BackgroundService.java:shutdown(163)) - Shutting down service SCMBlockDeletingService
2024-07-06 11:54:16,599 [main] INFO  utils.BackgroundService (BackgroundService.java:shutdown(163)) - Shutting down service SCMBlockDeletingService
2024-07-06 11:54:16,599 [main] INFO  server.StorageContainerManager (StorageContainerManager.java:stop(1727)) - Stopping SCM Event Queue.
2024-07-06 11:54:16,600 [main] INFO  server.StorageContainerManager (StorageContainerManager.java:stop(1738)) - Stopping SCM HA services.
2024-07-06 11:54:16,601 [main] INFO  ha.SCMRatisServerImpl (SCMRatisServerImpl.java:stop(255)) - stopping ratis server 0.0.0.0:15003
2024-07-06 11:54:16,601 [main] INFO  server.RaftServer (RaftServerProxy.java:lambda$close$9(418)) - eb66df86-6ffc-4e53-b873-cb2b44d5f35d: close
2024-07-06 11:54:16,601 [main] INFO  server.GrpcService (GrpcService.java:closeImpl(311)) - eb66df86-6ffc-4e53-b873-cb2b44d5f35d: shutdown server GrpcServerProtocolService now
2024-07-06 11:54:16,601 [eb66df86-6ffc-4e53-b873-cb2b44d5f35d-impl-thread1] INFO  server.RaftServer$Division (RaftServerImpl.java:lambda$close$1(501)) - eb66df86-6ffc-4e53-b873-cb2b44d5f35d@group-1EB1B476413A: shutdown
2024-07-06 11:54:16,601 [eb66df86-6ffc-4e53-b873-cb2b44d5f35d-impl-thread1] INFO  util.JmxRegister (JmxRegister.java:unregister(74)) - Successfully un-registered JMX Bean with object name Ratis:service=RaftServer,group=group-1EB1B476413A,id=eb66df86-6ffc-4e53-b873-cb2b44d5f35d
2024-07-06 11:54:16,601 [eb66df86-6ffc-4e53-b873-cb2b44d5f35d-impl-thread1] INFO  impl.RoleInfo (RoleInfo.java:shutdownLeaderState(103)) - eb66df86-6ffc-4e53-b873-cb2b44d5f35d: shutdown eb66df86-6ffc-4e53-b873-cb2b44d5f35d@group-1EB1B476413A-LeaderStateImpl
2024-07-06 11:54:16,601 [eb66df86-6ffc-4e53-b873-cb2b44d5f35d@group-1EB1B476413A->39a46239-dc5f-49f3-8624-e36d450519bc-GrpcLogAppender-LogAppenderDaemon] WARN  server.GrpcLogAppender (GrpcLogAppender.java:mayWait(293)) - eb66df86-6ffc-4e53-b873-cb2b44d5f35d@group-1EB1B476413A->39a46239-dc5f-49f3-8624-e36d450519bc-GrpcLogAppender: Wait interrupted by java.lang.InterruptedException
2024-07-06 11:54:16,601 [eb66df86-6ffc-4e53-b873-cb2b44d5f35d-impl-thread1] INFO  impl.PendingRequests (PendingRequests.java:sendNotLeaderResponses(287)) - eb66df86-6ffc-4e53-b873-cb2b44d5f35d@group-1EB1B476413A-PendingRequests: sendNotLeaderResponses
2024-07-06 11:54:16,601 [eb66df86-6ffc-4e53-b873-cb2b44d5f35d@group-1EB1B476413A->41075d7a-0d70-4fa2-ba46-cbc672699b06-GrpcLogAppender-LogAppenderDaemon] WARN  server.GrpcLogAppender (GrpcLogAppender.java:mayWait(293)) - eb66df86-6ffc-4e53-b873-cb2b44d5f35d@group-1EB1B476413A->41075d7a-0d70-4fa2-ba46-cbc672699b06-GrpcLogAppender: Wait interrupted by java.lang.InterruptedException
2024-07-06 11:54:16,602 [eb66df86-6ffc-4e53-b873-cb2b44d5f35d-impl-thread1] INFO  ha.SCMStateMachine (SCMStateMachine.java:notifyNotLeader(212)) - current leader SCM steps down.
2024-07-06 11:54:16,602 [eb66df86-6ffc-4e53-b873-cb2b44d5f35d-impl-thread1] INFO  ha.SCMContext (SCMContext.java:updateLeaderAndTerm(96)) - update <isLeader,term> from <true,2> to <false,0>
2024-07-06 11:54:16,602 [eb66df86-6ffc-4e53-b873-cb2b44d5f35d-impl-thread1] INFO  ha.SCMContext (SCMContext.java:updateLeaderAndTerm(102)) - update <isLeaderReady> from <true> to <false>
2024-07-06 11:54:16,602 [eb66df86-6ffc-4e53-b873-cb2b44d5f35d-impl-thread1] INFO  BackgroundPipelineScrubber (BackgroundSCMService.java:notifyStatusChanged(85)) - Service BackgroundPipelineScrubber transitions to PAUSING.
2024-07-06 11:54:16,602 [eb66df86-6ffc-4e53-b873-cb2b44d5f35d-impl-thread1] INFO  ExpiredContainerReplicaOpScrubber (BackgroundSCMService.java:notifyStatusChanged(85)) - Service ExpiredContainerReplicaOpScrubber transitions to PAUSING.
2024-07-06 11:54:16,602 [eb66df86-6ffc-4e53-b873-cb2b44d5f35d-impl-thread1] INFO  SCMHATransactionMonitor (BackgroundSCMService.java:notifyStatusChanged(85)) - Service SCMHATransactionMonitor transitions to PAUSING.
2024-07-06 11:54:16,602 [scmNode-1-SecretKeyManagerService] ERROR security.SecretKeyManagerService (SecretKeyManagerService.java:run(133)) - Error occurred when updating SecretKeys.
org.apache.hadoop.hdds.scm.exceptions.SCMException: org.apache.ratis.protocol.exceptions.NotLeaderException: Server eb66df86-6ffc-4e53-b873-cb2b44d5f35d@group-1EB1B476413A is not the leader
	at org.apache.hadoop.hdds.scm.ha.SCMHAInvocationHandler.translateException(SCMHAInvocationHandler.java:165)
	at org.apache.hadoop.hdds.scm.ha.SCMHAInvocationHandler.invokeRatis(SCMHAInvocationHandler.java:115)
	at org.apache.hadoop.hdds.scm.ha.SCMHAInvocationHandler.invoke(SCMHAInvocationHandler.java:74)
	at jdk.proxy2/jdk.proxy2.$Proxy54.updateKeys(Unknown Source)
	at org.apache.hadoop.hdds.security.symmetric.SecretKeyManager.checkAndRotate(SecretKeyManager.java:128)
	at org.apache.hadoop.hdds.scm.security.SecretKeyManagerService.run(SecretKeyManagerService.java:131)
	at java.base/java.util.concurrent.Executors$RunnableAdapter.call(Executors.java:539)
	at java.base/java.util.concurrent.FutureTask.runAndReset(FutureTask.java:305)
	at java.base/java.util.concurrent.ScheduledThreadPoolExecutor$ScheduledFutureTask.run(ScheduledThreadPoolExecutor.java:305)
	at java.base/java.util.concurrent.ThreadPoolExecutor.runWorker(ThreadPoolExecutor.java:1136)
	at java.base/java.util.concurrent.ThreadPoolExecutor$Worker.run(ThreadPoolExecutor.java:635)
	at java.base/java.lang.Thread.run(Thread.java:840)
Caused by: org.apache.ratis.protocol.exceptions.NotLeaderException: Server eb66df86-6ffc-4e53-b873-cb2b44d5f35d@group-1EB1B476413A is not the leader
	at org.apache.ratis.server.impl.RaftServerImpl.generateNotLeaderException(RaftServerImpl.java:756)
	at org.apache.ratis.server.impl.LeaderStateImpl.stop(LeaderStateImpl.java:440)
	at org.apache.ratis.server.impl.RoleInfo.shutdownLeaderState(RoleInfo.java:104)
	at org.apache.ratis.server.impl.RaftServerImpl.lambda$close$1(RaftServerImpl.java:518)
	at org.apache.ratis.util.LifeCycle.lambda$checkStateAndClose$7(LifeCycle.java:306)
	at org.apache.ratis.util.LifeCycle.checkStateAndClose(LifeCycle.java:326)
	at org.apache.ratis.util.LifeCycle.checkStateAndClose(LifeCycle.java:304)
	at org.apache.ratis.server.impl.RaftServerImpl.close(RaftServerImpl.java:500)
	at org.apache.ratis.server.impl.RaftServerProxy$ImplMap.close(RaftServerProxy.java:137)
	at org.apache.ratis.server.impl.RaftServerProxy$ImplMap.lambda$close$0(RaftServerProxy.java:124)
	at org.apache.ratis.util.ConcurrentUtils.accept(ConcurrentUtils.java:203)
	at org.apache.ratis.util.ConcurrentUtils.lambda$null$4(ConcurrentUtils.java:182)
	... 3 more
2024-07-06 11:54:16,602 [eb66df86-6ffc-4e53-b873-cb2b44d5f35d-impl-thread1] INFO  impl.StateMachineUpdater (StateMachineUpdater.java:stopAndJoin(164)) - eb66df86-6ffc-4e53-b873-cb2b44d5f35d@group-1EB1B476413A-StateMachineUpdater: set stopIndex = 102
2024-07-06 11:54:16,603 [eb66df86-6ffc-4e53-b873-cb2b44d5f35d@group-1EB1B476413A-StateMachineUpdater] INFO  ha.SCMStateMachine (SCMStateMachine.java:takeSnapshot(331)) - Current Snapshot Index 102, takeSnapshot took 1 ms
2024-07-06 11:54:16,603 [eb66df86-6ffc-4e53-b873-cb2b44d5f35d@group-1EB1B476413A-StateMachineUpdater] INFO  impl.StateMachineUpdater (StateMachineUpdater.java:takeSnapshot(303)) - eb66df86-6ffc-4e53-b873-cb2b44d5f35d@group-1EB1B476413A-StateMachineUpdater: Took a snapshot at index 102
2024-07-06 11:54:16,603 [eb66df86-6ffc-4e53-b873-cb2b44d5f35d@group-1EB1B476413A-StateMachineUpdater] INFO  impl.StateMachineUpdater (StateMachineUpdater.java:lambda$new$0(102)) - eb66df86-6ffc-4e53-b873-cb2b44d5f35d@group-1EB1B476413A-StateMachineUpdater: snapshotIndex: updateIncreasingly -1 -> 102
2024-07-06 11:54:16,603 [eb66df86-6ffc-4e53-b873-cb2b44d5f35d@group-1EB1B476413A-StateMachineUpdater] INFO  impl.StateMachineUpdater (StateMachineUpdater.java:stop(141)) - eb66df86-6ffc-4e53-b873-cb2b44d5f35d@group-1EB1B476413A-StateMachineUpdater: closing SCMStateMachine, lastApplied=(t:2, i:102)
2024-07-06 11:54:16,603 [eb66df86-6ffc-4e53-b873-cb2b44d5f35d@group-1EB1B476413A-cacheEviction-AwaitToRun] INFO  util.AwaitToRun (AwaitToRun.java:run(49)) - eb66df86-6ffc-4e53-b873-cb2b44d5f35d@group-1EB1B476413A-cacheEviction-AwaitToRun-AwaitForSignal is interrupted
2024-07-06 11:54:16,604 [Thread-1387] INFO  server.GrpcServerProtocolClient (GrpcServerProtocolClient.java:close(103)) - 39a46239-dc5f-49f3-8624-e36d450519bc Close channels
2024-07-06 11:54:16,604 [Thread-1388] INFO  server.GrpcServerProtocolClient (GrpcServerProtocolClient.java:close(103)) - 41075d7a-0d70-4fa2-ba46-cbc672699b06 Close channels
2024-07-06 11:54:16,605 [main] INFO  server.GrpcService (GrpcService.java:closeImpl(320)) - eb66df86-6ffc-4e53-b873-cb2b44d5f35d: shutdown server GrpcServerProtocolService successfully
2024-07-06 11:54:16,668 [SecretKeyPoller] INFO  retry.RetryInvocationHandler (RetryInvocationHandler.java:log(422)) - com.google.protobuf.ServiceException: java.io.EOFException: End of File Exception between local host is: "fv-az1041-405/10.1.0.11"; destination host is: "localhost":15002; : java.io.EOFException; For more details see:  http://wiki.apache.org/hadoop/EOFException, while invoking $Proxy68.submitRequest over nodeId=scmNode-1,nodeAddress=/127.0.0.1:15002. Trying to failover after sleeping for 2000ms. Current retry count: 0.
2024-07-06 11:54:16,668 [SecretKeyPoller] INFO  retry.RetryInvocationHandler (RetryInvocationHandler.java:log(422)) - com.google.protobuf.ServiceException: java.io.EOFException: End of File Exception between local host is: "fv-az1041-405/10.1.0.11"; destination host is: "localhost":15002; : java.io.EOFException; For more details see:  http://wiki.apache.org/hadoop/EOFException, while invoking $Proxy68.submitRequest over nodeId=scmNode-1,nodeAddress=/127.0.0.1:15002. Trying to failover after sleeping for 2000ms. Current retry count: 0.
2024-07-06 11:54:16,668 [SecretKeyPoller] INFO  retry.RetryInvocationHandler (RetryInvocationHandler.java:log(422)) - com.google.protobuf.ServiceException: java.io.EOFException: End of File Exception between local host is: "fv-az1041-405/10.1.0.11"; destination host is: "localhost":15002; : java.io.EOFException; For more details see:  http://wiki.apache.org/hadoop/EOFException, while invoking $Proxy68.submitRequest over nodeId=scmNode-1,nodeAddress=/127.0.0.1:15002. Trying to failover after sleeping for 2000ms. Current retry count: 0.
2024-07-06 11:54:17,036 [0cfa5fef-e387-4d03-8755-cac648de9f82-DatanodeStateMachineDaemonThread] ERROR datanode.RunningDatanodeState (RunningDatanodeState.java:computeNextContainerState(207)) - Error in executing end point task.
java.util.concurrent.ExecutionException: java.util.concurrent.TimeoutException
	at java.base/java.util.concurrent.FutureTask.report(FutureTask.java:122)
	at java.base/java.util.concurrent.FutureTask.get(FutureTask.java:191)
	at org.apache.hadoop.ozone.container.common.states.datanode.RunningDatanodeState.computeNextContainerState(RunningDatanodeState.java:199)
	at org.apache.hadoop.ozone.container.common.states.datanode.RunningDatanodeState.await(RunningDatanodeState.java:239)
	at org.apache.hadoop.ozone.container.common.states.datanode.RunningDatanodeState.await(RunningDatanodeState.java:50)
	at org.apache.hadoop.ozone.container.common.statemachine.StateContext.execute(StateContext.java:674)
	at org.apache.hadoop.ozone.container.common.statemachine.DatanodeStateMachine.startStateMachineThread(DatanodeStateMachine.java:344)
	at org.apache.hadoop.ozone.container.common.statemachine.DatanodeStateMachine.lambda$startDaemon$1(DatanodeStateMachine.java:546)
	at java.base/java.lang.Thread.run(Thread.java:840)
Caused by: java.util.concurrent.TimeoutException
	at java.base/java.util.concurrent.FutureTask.get(FutureTask.java:204)
	at org.apache.hadoop.ozone.container.common.states.datanode.RunningDatanodeState.lambda$execute$0(RunningDatanodeState.java:157)
	at java.base/java.util.concurrent.FutureTask.run(FutureTask.java:264)
	at java.base/java.util.concurrent.Executors$RunnableAdapter.call(Executors.java:539)
	at java.base/java.util.concurrent.FutureTask.run(FutureTask.java:264)
	at java.base/java.util.concurrent.ThreadPoolExecutor.runWorker(ThreadPoolExecutor.java:1136)
	at java.base/java.util.concurrent.ThreadPoolExecutor$Worker.run(ThreadPoolExecutor.java:635)
	... 1 more
2024-07-06 11:54:17,037 [0cfa5fef-e387-4d03-8755-cac648de9f82-EndpointStateMachineTaskThread-/127.0.0.1:15020-0 ] INFO  ipc.Client (Client.java:handleConnectionFailure(950)) - Retrying connect to server: localhost/127.0.0.1:15020. Already tried 0 time(s); retry policy is RetryUpToMaximumCountWithFixedSleep(maxRetries=15, sleepTime=1000 MILLISECONDS)
2024-07-06 11:54:17,512 [8dbb38fd-cb5c-434d-a416-d5257da8c780-EndpointStateMachineTaskThread-/127.0.0.1:15020-0 ] INFO  ipc.Client (Client.java:handleConnectionFailure(950)) - Retrying connect to server: localhost/127.0.0.1:15020. Already tried 0 time(s); retry policy is RetryUpToMaximumCountWithFixedSleep(maxRetries=15, sleepTime=1000 MILLISECONDS)
2024-07-06 11:54:17,512 [8dbb38fd-cb5c-434d-a416-d5257da8c780-EndpointStateMachineTaskThread-/127.0.0.1:15012-0 ] INFO  ipc.Client (Client.java:handleConnectionFailure(950)) - Retrying connect to server: localhost/127.0.0.1:15012. Already tried 0 time(s); retry policy is RetryUpToMaximumCountWithFixedSleep(maxRetries=15, sleepTime=1000 MILLISECONDS)
2024-07-06 11:54:17,529 [eb39f61f-e86a-4779-8e52-f95c095d9393-EndpointStateMachineTaskThread-/127.0.0.1:15012-0 ] INFO  ipc.Client (Client.java:handleConnectionFailure(950)) - Retrying connect to server: localhost/127.0.0.1:15012. Already tried 1 time(s); retry policy is RetryUpToMaximumCountWithFixedSleep(maxRetries=15, sleepTime=1000 MILLISECONDS)
2024-07-06 11:54:17,570 [eb66df86-6ffc-4e53-b873-cb2b44d5f35d-impl-thread1] INFO  segmented.SegmentedRaftLogWorker (SegmentedRaftLogWorker.java:close(248)) - eb66df86-6ffc-4e53-b873-cb2b44d5f35d@group-1EB1B476413A-SegmentedRaftLogWorker close()
2024-07-06 11:54:17,571 [JvmPauseMonitor1] INFO  util.JvmPauseMonitor (JvmPauseMonitor.java:run(152)) - JvmPauseMonitor-eb66df86-6ffc-4e53-b873-cb2b44d5f35d: Stopped
2024-07-06 11:54:17,571 [main] INFO  SCMHATransactionMonitor (BackgroundSCMService.java:stop(128)) - Stopping SCMHATransactionMonitor Service.
2024-07-06 11:54:17,571 [scmNode-1-SCMHATransactionMonitor] WARN  SCMHATransactionMonitor (BackgroundSCMService.java:run(112)) - SCMHATransactionMonitor is interrupted, exit
2024-07-06 11:54:17,571 [main] INFO  pipeline.BackgroundPipelineCreator (BackgroundPipelineCreator.java:stop(152)) - Stopping scmNode-1-RatisPipelineUtilsThread.
2024-07-06 11:54:17,572 [scmNode-1-RatisPipelineUtilsThread-0] WARN  pipeline.BackgroundPipelineCreator (BackgroundPipelineCreator.java:run(183)) - scmNode-1-RatisPipelineUtilsThread is interrupted.
2024-07-06 11:54:17,572 [main] INFO  BackgroundPipelineScrubber (BackgroundSCMService.java:stop(128)) - Stopping BackgroundPipelineScrubber Service.
2024-07-06 11:54:17,572 [main] INFO  impl.MetricsSystemImpl (MetricsSystemImpl.java:stop(205)) - HddsDatanode metrics system stopped (again)
2024-07-06 11:54:17,572 [main] WARN  pipeline.BackgroundPipelineCreator (BackgroundPipelineCreator.java:stop(148)) - scmNode-1-RatisPipelineUtilsThread is not running, just ignore.
2024-07-06 11:54:17,572 [main] INFO  BackgroundPipelineScrubber (BackgroundSCMService.java:stop(123)) - BackgroundPipelineScrubber Service is not running, skip stop.
2024-07-06 11:54:17,572 [main] INFO  ExpiredContainerReplicaOpScrubber (BackgroundSCMService.java:stop(128)) - Stopping ExpiredContainerReplicaOpScrubber Service.
2024-07-06 11:54:17,572 [main] INFO  utils.BackgroundService (BackgroundService.java:shutdown(163)) - Shutting down service SCMBlockDeletingService
2024-07-06 11:54:17,572 [main] INFO  replication.ReplicationManager (ReplicationManager.java:stop(339)) - Replication Monitor Thread is not running.
2024-07-06 11:54:17,572 [scmNode-1-BackgroundPipelineScrubber] WARN  BackgroundPipelineScrubber (BackgroundSCMService.java:run(112)) - BackgroundPipelineScrubber is interrupted, exit
2024-07-06 11:54:17,572 [scmNode-1-ExpiredContainerReplicaOpScrubber] WARN  ExpiredContainerReplicaOpScrubber (BackgroundSCMService.java:run(112)) - ExpiredContainerReplicaOpScrubber is interrupted, exit
2024-07-06 11:54:17,573 [main] WARN  balancer.ContainerBalancer (ContainerBalancer.java:stop(327)) - Cannot stop Container Balancer because it's not running or stopping
2024-07-06 11:54:17,573 [main] INFO  SCMHATransactionMonitor (BackgroundSCMService.java:stop(123)) - SCMHATransactionMonitor Service is not running, skip stop.
2024-07-06 11:54:17,573 [scmNode-1-LeaseManager#LeaseMonitor] WARN  lease.LeaseManager (LeaseManager.java:run(286)) - Lease manager is interrupted. Shutting down...
java.lang.InterruptedException
	at java.base/java.util.concurrent.locks.AbstractQueuedSynchronizer.tryAcquireSharedNanos(AbstractQueuedSynchronizer.java:1081)
	at java.base/java.util.concurrent.Semaphore.tryAcquire(Semaphore.java:415)
	at org.apache.hadoop.ozone.lease.LeaseManager$LeaseMonitor.run(LeaseManager.java:284)
	at java.base/java.lang.Thread.run(Thread.java:840)
2024-07-06 11:54:17,573 [main] INFO  server.StorageContainerManager (StorageContainerManager.java:stop(1773)) - Stopping SCM MetadataStore.
2024-07-06 11:54:17,574 [main] INFO  server.SCMSecurityProtocolServer (SCMSecurityProtocolServer.java:join(520)) - Join RPC server for SCMSecurityProtocolServer.
2024-07-06 11:54:17,574 [main] INFO  server.SCMSecurityProtocolServer (SCMSecurityProtocolServer.java:join(522)) - Join gRPC server for SCMSecurityProtocolServer.
2024-07-06 11:54:17,574 [main] INFO  ozone.MiniOzoneClusterImpl (MiniOzoneClusterImpl.java:stop(412)) - Stopping the Mini Ozone Cluster
2024-07-06 11:54:17,574 [main] INFO  ozone.MiniOzoneClusterImpl (MiniOzoneClusterImpl.java:stopDatanodes(471)) - Stopping the HddsDatanodes
2024-07-06 11:54:18,037 [0cfa5fef-e387-4d03-8755-cac648de9f82-EndpointStateMachineTaskThread-/127.0.0.1:15004-0 ] INFO  ipc.Client (Client.java:handleConnectionFailure(950)) - Retrying connect to server: localhost/127.0.0.1:15004. Already tried 0 time(s); retry policy is RetryUpToMaximumCountWithFixedSleep(maxRetries=15, sleepTime=1000 MILLISECONDS)
2024-07-06 11:54:18,037 [main] INFO  ozoneimpl.OzoneContainer (OzoneContainer.java:stop(481)) - Attempting to stop container services.
2024-07-06 11:54:18,038 [0cfa5fef-e387-4d03-8755-cac648de9f82-EndpointStateMachineTaskThread-/127.0.0.1:15020-0 ] INFO  ipc.Client (Client.java:handleConnectionFailure(950)) - Retrying connect to server: localhost/127.0.0.1:15020. Already tried 1 time(s); retry policy is RetryUpToMaximumCountWithFixedSleep(maxRetries=15, sleepTime=1000 MILLISECONDS)
2024-07-06 11:54:18,038 [ContainerMetadataScanner] WARN  ozoneimpl.AbstractBackgroundContainerScanner (AbstractBackgroundContainerScanner.java:handleRemainingSleep(134)) - Background container scan was interrupted.
2024-07-06 11:54:18,038 [ContainerMetadataScanner] INFO  ozoneimpl.AbstractBackgroundContainerScanner (AbstractBackgroundContainerScanner.java:run(61)) - Thread[ContainerMetadataScanner,5,main] exiting.
2024-07-06 11:54:18,038 [main] INFO  ozoneimpl.BackgroundContainerDataScanner (BackgroundContainerDataScanner.java:shutdown(141)) - ContainerDataScanner(/home/runner/work/ozone/ozone/hadoop-ozone/integration-test/target/test-dir/MiniOzoneClusterImpl-23934d72-33be-4118-bcff-1eb1b476413a/ozone-meta/datanode-2/data-0/hdds) is shutting down. 
2024-07-06 11:54:18,038 [ContainerDataScanner(/home/runner/work/ozone/ozone/hadoop-ozone/integration-test/target/test-dir/MiniOzoneClusterImpl-23934d72-33be-4118-bcff-1eb1b476413a/ozone-meta/datanode-2/data-0/hdds)] WARN  ozoneimpl.AbstractBackgroundContainerScanner (AbstractBackgroundContainerScanner.java:handleRemainingSleep(134)) - Background container scan was interrupted.
2024-07-06 11:54:18,038 [ContainerDataScanner(/home/runner/work/ozone/ozone/hadoop-ozone/integration-test/target/test-dir/MiniOzoneClusterImpl-23934d72-33be-4118-bcff-1eb1b476413a/ozone-meta/datanode-2/data-0/hdds)] INFO  ozoneimpl.AbstractBackgroundContainerScanner (AbstractBackgroundContainerScanner.java:run(61)) - ContainerDataScanner(/home/runner/work/ozone/ozone/hadoop-ozone/integration-test/target/test-dir/MiniOzoneClusterImpl-23934d72-33be-4118-bcff-1eb1b476413a/ozone-meta/datanode-2/data-0/hdds, DS-b7128250-9380-42c5-8899-b9ed674e60b2) exiting.
2024-07-06 11:54:18,038 [main] INFO  ozoneimpl.OnDemandContainerDataScanner (OnDemandContainerDataScanner.java:shutdownScanner(206)) - On-demand container scanner is shutting down.
2024-07-06 11:54:18,039 [main] INFO  server.RaftServer (RaftServerProxy.java:lambda$close$9(418)) - 0cfa5fef-e387-4d03-8755-cac648de9f82: close
2024-07-06 11:54:18,039 [0cfa5fef-e387-4d03-8755-cac648de9f82-impl-thread1] INFO  server.RaftServer$Division (RaftServerImpl.java:lambda$close$1(501)) - 0cfa5fef-e387-4d03-8755-cac648de9f82@group-8990BC0FEF12: shutdown
2024-07-06 11:54:18,039 [0cfa5fef-e387-4d03-8755-cac648de9f82-impl-thread1] INFO  util.JmxRegister (JmxRegister.java:unregister(74)) - Successfully un-registered JMX Bean with object name Ratis:service=RaftServer,group=group-8990BC0FEF12,id=0cfa5fef-e387-4d03-8755-cac648de9f82
2024-07-06 11:54:18,039 [0cfa5fef-e387-4d03-8755-cac648de9f82-impl-thread1] INFO  impl.RoleInfo (RoleInfo.java:shutdownFollowerState(119)) - 0cfa5fef-e387-4d03-8755-cac648de9f82: shutdown 0cfa5fef-e387-4d03-8755-cac648de9f82@group-8990BC0FEF12-FollowerState
2024-07-06 11:54:18,039 [0cfa5fef-e387-4d03-8755-cac648de9f82-impl-thread2] INFO  server.RaftServer$Division (RaftServerImpl.java:lambda$close$1(501)) - 0cfa5fef-e387-4d03-8755-cac648de9f82@group-C7E38B047446: shutdown
2024-07-06 11:54:18,039 [0cfa5fef-e387-4d03-8755-cac648de9f82-impl-thread2] INFO  util.JmxRegister (JmxRegister.java:unregister(74)) - Successfully un-registered JMX Bean with object name Ratis:service=RaftServer,group=group-C7E38B047446,id=0cfa5fef-e387-4d03-8755-cac648de9f82
2024-07-06 11:54:18,039 [0cfa5fef-e387-4d03-8755-cac648de9f82-impl-thread2] INFO  impl.RoleInfo (RoleInfo.java:shutdownLeaderState(103)) - 0cfa5fef-e387-4d03-8755-cac648de9f82: shutdown 0cfa5fef-e387-4d03-8755-cac648de9f82@group-C7E38B047446-LeaderStateImpl
2024-07-06 11:54:18,039 [0cfa5fef-e387-4d03-8755-cac648de9f82-impl-thread2] INFO  impl.PendingRequests (PendingRequests.java:sendNotLeaderResponses(287)) - 0cfa5fef-e387-4d03-8755-cac648de9f82@group-C7E38B047446-PendingRequests: sendNotLeaderResponses
2024-07-06 11:54:18,039 [0cfa5fef-e387-4d03-8755-cac648de9f82@group-8990BC0FEF12-FollowerState] INFO  impl.FollowerState (FollowerState.java:run(153)) - 0cfa5fef-e387-4d03-8755-cac648de9f82@group-8990BC0FEF12-FollowerState was interrupted
2024-07-06 11:54:18,039 [0cfa5fef-e387-4d03-8755-cac648de9f82-impl-thread1] INFO  impl.StateMachineUpdater (StateMachineUpdater.java:stopAndJoin(164)) - 0cfa5fef-e387-4d03-8755-cac648de9f82@group-8990BC0FEF12-StateMachineUpdater: set stopIndex = 0
2024-07-06 11:54:18,039 [0cfa5fef-e387-4d03-8755-cac648de9f82@group-8990BC0FEF12-StateMachineUpdater] INFO  ratis.ContainerStateMachine (ContainerStateMachine.java:takeSnapshot(355)) - group-8990BC0FEF12: Taking a snapshot at:(t:1, i:0) file /home/runner/work/ozone/ozone/hadoop-ozone/integration-test/target/test-dir/MiniOzoneClusterImpl-23934d72-33be-4118-bcff-1eb1b476413a/ozone-meta/datanode-2/ratis/fb964329-130e-47bc-8661-8990bc0fef12/sm/snapshot.1_0
2024-07-06 11:54:18,040 [0cfa5fef-e387-4d03-8755-cac648de9f82-impl-thread2] INFO  impl.StateMachineUpdater (StateMachineUpdater.java:stopAndJoin(164)) - 0cfa5fef-e387-4d03-8755-cac648de9f82@group-C7E38B047446-StateMachineUpdater: set stopIndex = 0
2024-07-06 11:54:18,040 [0cfa5fef-e387-4d03-8755-cac648de9f82@group-C7E38B047446-StateMachineUpdater] INFO  ratis.ContainerStateMachine (ContainerStateMachine.java:takeSnapshot(355)) - group-C7E38B047446: Taking a snapshot at:(t:1, i:0) file /home/runner/work/ozone/ozone/hadoop-ozone/integration-test/target/test-dir/MiniOzoneClusterImpl-23934d72-33be-4118-bcff-1eb1b476413a/ozone-meta/datanode-2/ratis/6c68d4aa-9a9f-45ee-8ca6-c7e38b047446/sm/snapshot.1_0
2024-07-06 11:54:18,040 [main] INFO  server.GrpcService (GrpcService.java:closeImpl(311)) - 0cfa5fef-e387-4d03-8755-cac648de9f82: shutdown server org.apache.ratis.grpc.server.GrpcClientProtocolService now
2024-07-06 11:54:18,041 [0cfa5fef-e387-4d03-8755-cac648de9f82-impl-thread3] INFO  server.RaftServer$Division (RaftServerImpl.java:lambda$close$1(501)) - 0cfa5fef-e387-4d03-8755-cac648de9f82@group-2A9A77740CD0: shutdown
2024-07-06 11:54:18,041 [0cfa5fef-e387-4d03-8755-cac648de9f82-impl-thread3] INFO  util.JmxRegister (JmxRegister.java:unregister(74)) - Successfully un-registered JMX Bean with object name Ratis:service=RaftServer,group=group-2A9A77740CD0,id=0cfa5fef-e387-4d03-8755-cac648de9f82
2024-07-06 11:54:18,041 [0cfa5fef-e387-4d03-8755-cac648de9f82-impl-thread3] INFO  impl.RoleInfo (RoleInfo.java:shutdownFollowerState(119)) - 0cfa5fef-e387-4d03-8755-cac648de9f82: shutdown 0cfa5fef-e387-4d03-8755-cac648de9f82@group-2A9A77740CD0-FollowerState
2024-07-06 11:54:18,041 [0cfa5fef-e387-4d03-8755-cac648de9f82@group-2A9A77740CD0-StateMachineUpdater] INFO  ratis.ContainerStateMachine (ContainerStateMachine.java:takeSnapshot(355)) - group-2A9A77740CD0: Taking a snapshot at:(t:1, i:0) file /home/runner/work/ozone/ozone/hadoop-ozone/integration-test/target/test-dir/MiniOzoneClusterImpl-23934d72-33be-4118-bcff-1eb1b476413a/ozone-meta/datanode-2/ratis/a4768336-efd2-46e9-8689-2a9a77740cd0/sm/snapshot.1_0
2024-07-06 11:54:18,041 [0cfa5fef-e387-4d03-8755-cac648de9f82@group-2A9A77740CD0-FollowerState] INFO  impl.FollowerState (FollowerState.java:run(153)) - 0cfa5fef-e387-4d03-8755-cac648de9f82@group-2A9A77740CD0-FollowerState was interrupted
2024-07-06 11:54:18,041 [0cfa5fef-e387-4d03-8755-cac648de9f82-impl-thread3] INFO  impl.StateMachineUpdater (StateMachineUpdater.java:stopAndJoin(164)) - 0cfa5fef-e387-4d03-8755-cac648de9f82@group-2A9A77740CD0-StateMachineUpdater: set stopIndex = 0
2024-07-06 11:54:18,043 [Thread-1394] INFO  server.GrpcServerProtocolClient (GrpcServerProtocolClient.java:close(103)) - eb39f61f-e86a-4779-8e52-f95c095d9393 Close channels
2024-07-06 11:54:18,044 [Thread-1395] INFO  server.GrpcServerProtocolClient (GrpcServerProtocolClient.java:close(103)) - 8dbb38fd-cb5c-434d-a416-d5257da8c780 Close channels
2024-07-06 11:54:18,044 [main] INFO  server.GrpcService (GrpcService.java:closeImpl(320)) - 0cfa5fef-e387-4d03-8755-cac648de9f82: shutdown server org.apache.ratis.grpc.server.GrpcClientProtocolService successfully
2024-07-06 11:54:18,045 [main] INFO  server.GrpcService (GrpcService.java:closeImpl(311)) - 0cfa5fef-e387-4d03-8755-cac648de9f82: shutdown server GrpcServerProtocolService now
2024-07-06 11:54:18,046 [grpc-default-executor-4] WARN  server.GrpcServerProtocolService (LogUtils.java:warn(121)) - 0cfa5fef-e387-4d03-8755-cac648de9f82: APPEND_ENTRIES onError, lastRequest: null: org.apache.ratis.thirdparty.io.grpc.StatusRuntimeException: CANCELLED: client cancelled
2024-07-06 11:54:18,046 [grpc-default-executor-1] WARN  server.GrpcLogAppender (LogUtils.java:warn(121)) - eb39f61f-e86a-4779-8e52-f95c095d9393@group-2A9A77740CD0->0cfa5fef-e387-4d03-8755-cac648de9f82-AppendLogResponseHandler: Failed appendEntries: org.apache.ratis.thirdparty.io.grpc.StatusRuntimeException: CANCELLED: RST_STREAM closed stream. HTTP/2 error code: CANCEL
2024-07-06 11:54:18,046 [grpc-default-executor-1] WARN  server.GrpcLogAppender (GrpcLogAppender.java:lambda$resetClient$1(221)) - eb39f61f-e86a-4779-8e52-f95c095d9393@group-2A9A77740CD0->0cfa5fef-e387-4d03-8755-cac648de9f82-GrpcLogAppender: Follower failed (request=null, errorCount=1); keep nextIndex (1) unchanged and retry.
2024-07-06 11:54:18,047 [grpc-default-executor-2] WARN  server.GrpcServerProtocolService (LogUtils.java:warn(121)) - 0cfa5fef-e387-4d03-8755-cac648de9f82: APPEND_ENTRIES onError, lastRequest: 8dbb38fd-cb5c-434d-a416-d5257da8c780->0cfa5fef-e387-4d03-8755-cac648de9f82#1-t1,previous=(t:0, i:0),leaderCommit=-1,initializing? false,entries: size=1, first=(t:1, i:0), CONFIGURATIONENTRY(current:id:"eb39f61f-e86a-4779-8e52-f95c095d9393"address:"10.1.0.11:15064"dataStreamAddress:"10.1.0.11:15065"clientAddress:"10.1.0.11:15062"adminAddress:"10.1.0.11:15063"startupRole:FOLLOWER, id:"8dbb38fd-cb5c-434d-a416-d5257da8c780"address:"10.1.0.11:15046"priority:1dataStreamAddress:"10.1.0.11:15047"clientAddress:"10.1.0.11:15044"adminAddress:"10.1.0.11:15045"startupRole:FOLLOWER, id:"0cfa5fef-e387-4d03-8755-cac648de9f82"address:"10.1.0.11:15055"dataStreamAddress:"10.1.0.11:15056"clientAddress:"10.1.0.11:15053"adminAddress:"10.1.0.11:15054"startupRole:FOLLOWER, old:): org.apache.ratis.thirdparty.io.grpc.StatusRuntimeException: CANCELLED: client cancelled
2024-07-06 11:54:18,048 [grpc-default-executor-1] WARN  server.GrpcServerProtocolService (LogUtils.java:warn(121)) - 0cfa5fef-e387-4d03-8755-cac648de9f82: APPEND_ENTRIES onError, lastRequest: null: org.apache.ratis.thirdparty.io.grpc.StatusRuntimeException: CANCELLED: client cancelled
2024-07-06 11:54:18,048 [main] INFO  server.GrpcService (GrpcService.java:closeImpl(320)) - 0cfa5fef-e387-4d03-8755-cac648de9f82: shutdown server GrpcServerProtocolService successfully
2024-07-06 11:54:18,048 [main] INFO  server.GrpcService (GrpcService.java:closeImpl(311)) - 0cfa5fef-e387-4d03-8755-cac648de9f82: shutdown server org.apache.ratis.grpc.server.GrpcAdminProtocolService now
2024-07-06 11:54:18,048 [grpc-default-executor-2] WARN  server.GrpcLogAppender (LogUtils.java:warn(121)) - 8dbb38fd-cb5c-434d-a416-d5257da8c780@group-8990BC0FEF12->0cfa5fef-e387-4d03-8755-cac648de9f82-AppendLogResponseHandler: Failed appendEntries: org.apache.ratis.thirdparty.io.grpc.StatusRuntimeException: CANCELLED: RST_STREAM closed stream. HTTP/2 error code: CANCEL
2024-07-06 11:54:18,049 [main] INFO  server.GrpcService (GrpcService.java:closeImpl(320)) - 0cfa5fef-e387-4d03-8755-cac648de9f82: shutdown server org.apache.ratis.grpc.server.GrpcAdminProtocolService successfully
2024-07-06 11:54:18,047 [grpc-default-executor-0] WARN  server.GrpcServerProtocolService (LogUtils.java:warn(121)) - 0cfa5fef-e387-4d03-8755-cac648de9f82: APPEND_ENTRIES onError, lastRequest: eb39f61f-e86a-4779-8e52-f95c095d9393->0cfa5fef-e387-4d03-8755-cac648de9f82#1-t1,previous=(t:0, i:0),leaderCommit=-1,initializing? false,entries: size=1, first=(t:1, i:0), CONFIGURATIONENTRY(current:id:"eb39f61f-e86a-4779-8e52-f95c095d9393"address:"10.1.0.11:15064"priority:1dataStreamAddress:"10.1.0.11:15065"clientAddress:"10.1.0.11:15062"adminAddress:"10.1.0.11:15063"startupRole:FOLLOWER, id:"8dbb38fd-cb5c-434d-a416-d5257da8c780"address:"10.1.0.11:15046"dataStreamAddress:"10.1.0.11:15047"clientAddress:"10.1.0.11:15044"adminAddress:"10.1.0.11:15045"startupRole:FOLLOWER, id:"0cfa5fef-e387-4d03-8755-cac648de9f82"address:"10.1.0.11:15055"dataStreamAddress:"10.1.0.11:15056"clientAddress:"10.1.0.11:15053"adminAddress:"10.1.0.11:15054"startupRole:FOLLOWER, old:): org.apache.ratis.thirdparty.io.grpc.StatusRuntimeException: CANCELLED: client cancelled
2024-07-06 11:54:18,053 [0cfa5fef-e387-4d03-8755-cac648de9f82-NettyServerStreamRpc-bossGroup--thread1] INFO  logging.LoggingHandler (AbstractInternalLogger.java:log(148)) - [id: 0xd9e987c2, L:/0.0.0.0:15056] CLOSE
2024-07-06 11:54:18,053 [0cfa5fef-e387-4d03-8755-cac648de9f82-NettyServerStreamRpc-bossGroup--thread1] INFO  logging.LoggingHandler (AbstractInternalLogger.java:log(148)) - [id: 0xd9e987c2, L:/0.0.0.0:15056] INACTIVE
2024-07-06 11:54:18,053 [0cfa5fef-e387-4d03-8755-cac648de9f82-NettyServerStreamRpc-bossGroup--thread1] INFO  logging.LoggingHandler (AbstractInternalLogger.java:log(148)) - [id: 0xd9e987c2, L:/0.0.0.0:15056] UNREGISTERED
2024-07-06 11:54:18,068 [0cfa5fef-e387-4d03-8755-cac648de9f82@group-C7E38B047446-StateMachineUpdater] INFO  ratis.ContainerStateMachine (ContainerStateMachine.java:takeSnapshot(366)) - group-C7E38B047446: Finished taking a snapshot at:(t:1, i:0) file:/home/runner/work/ozone/ozone/hadoop-ozone/integration-test/target/test-dir/MiniOzoneClusterImpl-23934d72-33be-4118-bcff-1eb1b476413a/ozone-meta/datanode-2/ratis/6c68d4aa-9a9f-45ee-8ca6-c7e38b047446/sm/snapshot.1_0 took: 28 ms
2024-07-06 11:54:18,068 [0cfa5fef-e387-4d03-8755-cac648de9f82@group-2A9A77740CD0-StateMachineUpdater] INFO  ratis.ContainerStateMachine (ContainerStateMachine.java:takeSnapshot(366)) - group-2A9A77740CD0: Finished taking a snapshot at:(t:1, i:0) file:/home/runner/work/ozone/ozone/hadoop-ozone/integration-test/target/test-dir/MiniOzoneClusterImpl-23934d72-33be-4118-bcff-1eb1b476413a/ozone-meta/datanode-2/ratis/a4768336-efd2-46e9-8689-2a9a77740cd0/sm/snapshot.1_0 took: 27 ms
2024-07-06 11:54:18,068 [0cfa5fef-e387-4d03-8755-cac648de9f82@group-8990BC0FEF12-StateMachineUpdater] INFO  ratis.ContainerStateMachine (ContainerStateMachine.java:takeSnapshot(366)) - group-8990BC0FEF12: Finished taking a snapshot at:(t:1, i:0) file:/home/runner/work/ozone/ozone/hadoop-ozone/integration-test/target/test-dir/MiniOzoneClusterImpl-23934d72-33be-4118-bcff-1eb1b476413a/ozone-meta/datanode-2/ratis/fb964329-130e-47bc-8661-8990bc0fef12/sm/snapshot.1_0 took: 29 ms
2024-07-06 11:54:18,069 [0cfa5fef-e387-4d03-8755-cac648de9f82@group-2A9A77740CD0-StateMachineUpdater] INFO  impl.StateMachineUpdater (StateMachineUpdater.java:takeSnapshot(303)) - 0cfa5fef-e387-4d03-8755-cac648de9f82@group-2A9A77740CD0-StateMachineUpdater: Took a snapshot at index 0
2024-07-06 11:54:18,069 [0cfa5fef-e387-4d03-8755-cac648de9f82@group-2A9A77740CD0-StateMachineUpdater] INFO  impl.StateMachineUpdater (StateMachineUpdater.java:lambda$new$0(102)) - 0cfa5fef-e387-4d03-8755-cac648de9f82@group-2A9A77740CD0-StateMachineUpdater: snapshotIndex: updateIncreasingly -1 -> 0
2024-07-06 11:54:18,069 [0cfa5fef-e387-4d03-8755-cac648de9f82@group-C7E38B047446-StateMachineUpdater] INFO  impl.StateMachineUpdater (StateMachineUpdater.java:takeSnapshot(303)) - 0cfa5fef-e387-4d03-8755-cac648de9f82@group-C7E38B047446-StateMachineUpdater: Took a snapshot at index 0
2024-07-06 11:54:18,070 [0cfa5fef-e387-4d03-8755-cac648de9f82@group-C7E38B047446-StateMachineUpdater] INFO  impl.StateMachineUpdater (StateMachineUpdater.java:lambda$new$0(102)) - 0cfa5fef-e387-4d03-8755-cac648de9f82@group-C7E38B047446-StateMachineUpdater: snapshotIndex: updateIncreasingly -1 -> 0
2024-07-06 11:54:18,070 [0cfa5fef-e387-4d03-8755-cac648de9f82@group-2A9A77740CD0-StateMachineUpdater] INFO  impl.StateMachineUpdater (StateMachineUpdater.java:stop(141)) - 0cfa5fef-e387-4d03-8755-cac648de9f82@group-2A9A77740CD0-StateMachineUpdater: closing ContainerStateMachine, lastApplied=(t:1, i:0)
2024-07-06 11:54:18,069 [0cfa5fef-e387-4d03-8755-cac648de9f82@group-8990BC0FEF12-StateMachineUpdater] INFO  impl.StateMachineUpdater (StateMachineUpdater.java:takeSnapshot(303)) - 0cfa5fef-e387-4d03-8755-cac648de9f82@group-8990BC0FEF12-StateMachineUpdater: Took a snapshot at index 0
2024-07-06 11:54:18,070 [0cfa5fef-e387-4d03-8755-cac648de9f82@group-8990BC0FEF12-StateMachineUpdater] INFO  impl.StateMachineUpdater (StateMachineUpdater.java:lambda$new$0(102)) - 0cfa5fef-e387-4d03-8755-cac648de9f82@group-8990BC0FEF12-StateMachineUpdater: snapshotIndex: updateIncreasingly -1 -> 0
2024-07-06 11:54:18,070 [0cfa5fef-e387-4d03-8755-cac648de9f82@group-2A9A77740CD0-cacheEviction-AwaitToRun] INFO  util.AwaitToRun (AwaitToRun.java:run(49)) - 0cfa5fef-e387-4d03-8755-cac648de9f82@group-2A9A77740CD0-cacheEviction-AwaitToRun-AwaitForSignal is interrupted
2024-07-06 11:54:18,070 [0cfa5fef-e387-4d03-8755-cac648de9f82@group-8990BC0FEF12-StateMachineUpdater] INFO  impl.StateMachineUpdater (StateMachineUpdater.java:stop(141)) - 0cfa5fef-e387-4d03-8755-cac648de9f82@group-8990BC0FEF12-StateMachineUpdater: closing ContainerStateMachine, lastApplied=(t:1, i:0)
2024-07-06 11:54:18,070 [0cfa5fef-e387-4d03-8755-cac648de9f82@group-8990BC0FEF12-cacheEviction-AwaitToRun] INFO  util.AwaitToRun (AwaitToRun.java:run(49)) - 0cfa5fef-e387-4d03-8755-cac648de9f82@group-8990BC0FEF12-cacheEviction-AwaitToRun-AwaitForSignal is interrupted
2024-07-06 11:54:18,070 [0cfa5fef-e387-4d03-8755-cac648de9f82@group-C7E38B047446-StateMachineUpdater] INFO  impl.StateMachineUpdater (StateMachineUpdater.java:stop(141)) - 0cfa5fef-e387-4d03-8755-cac648de9f82@group-C7E38B047446-StateMachineUpdater: closing ContainerStateMachine, lastApplied=(t:1, i:0)
2024-07-06 11:54:18,071 [0cfa5fef-e387-4d03-8755-cac648de9f82@group-C7E38B047446-cacheEviction-AwaitToRun] INFO  util.AwaitToRun (AwaitToRun.java:run(49)) - 0cfa5fef-e387-4d03-8755-cac648de9f82@group-C7E38B047446-cacheEviction-AwaitToRun-AwaitForSignal is interrupted
2024-07-06 11:54:18,512 [ForkJoinPool.commonPool-worker-3] INFO  ozoneimpl.OzoneContainer (OzoneContainer.java:stop(481)) - Attempting to stop container services.
2024-07-06 11:54:18,513 [ContainerMetadataScanner] WARN  ozoneimpl.AbstractBackgroundContainerScanner (AbstractBackgroundContainerScanner.java:handleRemainingSleep(134)) - Background container scan was interrupted.
2024-07-06 11:54:18,513 [ContainerMetadataScanner] INFO  ozoneimpl.AbstractBackgroundContainerScanner (AbstractBackgroundContainerScanner.java:run(61)) - Thread[ContainerMetadataScanner,5,main] exiting.
2024-07-06 11:54:18,513 [8dbb38fd-cb5c-434d-a416-d5257da8c780-EndpointStateMachineTaskThread-/127.0.0.1:15004-0 ] INFO  ipc.Client (Client.java:handleConnectionFailure(950)) - Retrying connect to server: localhost/127.0.0.1:15004. Already tried 0 time(s); retry policy is RetryUpToMaximumCountWithFixedSleep(maxRetries=15, sleepTime=1000 MILLISECONDS)
2024-07-06 11:54:18,513 [ForkJoinPool.commonPool-worker-3] INFO  ozoneimpl.BackgroundContainerDataScanner (BackgroundContainerDataScanner.java:shutdown(141)) - ContainerDataScanner(/home/runner/work/ozone/ozone/hadoop-ozone/integration-test/target/test-dir/MiniOzoneClusterImpl-23934d72-33be-4118-bcff-1eb1b476413a/ozone-meta/datanode-1/data-0/hdds) is shutting down. 
2024-07-06 11:54:18,513 [8dbb38fd-cb5c-434d-a416-d5257da8c780-EndpointStateMachineTaskThread-/127.0.0.1:15020-0 ] INFO  ipc.Client (Client.java:handleConnectionFailure(950)) - Retrying connect to server: localhost/127.0.0.1:15020. Already tried 1 time(s); retry policy is RetryUpToMaximumCountWithFixedSleep(maxRetries=15, sleepTime=1000 MILLISECONDS)
2024-07-06 11:54:18,513 [ContainerDataScanner(/home/runner/work/ozone/ozone/hadoop-ozone/integration-test/target/test-dir/MiniOzoneClusterImpl-23934d72-33be-4118-bcff-1eb1b476413a/ozone-meta/datanode-1/data-0/hdds)] WARN  ozoneimpl.AbstractBackgroundContainerScanner (AbstractBackgroundContainerScanner.java:handleRemainingSleep(134)) - Background container scan was interrupted.
2024-07-06 11:54:18,513 [ContainerDataScanner(/home/runner/work/ozone/ozone/hadoop-ozone/integration-test/target/test-dir/MiniOzoneClusterImpl-23934d72-33be-4118-bcff-1eb1b476413a/ozone-meta/datanode-1/data-0/hdds)] INFO  ozoneimpl.AbstractBackgroundContainerScanner (AbstractBackgroundContainerScanner.java:run(61)) - ContainerDataScanner(/home/runner/work/ozone/ozone/hadoop-ozone/integration-test/target/test-dir/MiniOzoneClusterImpl-23934d72-33be-4118-bcff-1eb1b476413a/ozone-meta/datanode-1/data-0/hdds, DS-3e710970-f94c-47dc-9bb3-de972a313791) exiting.
2024-07-06 11:54:18,513 [8dbb38fd-cb5c-434d-a416-d5257da8c780-EndpointStateMachineTaskThread-/127.0.0.1:15012-0 ] INFO  ipc.Client (Client.java:handleConnectionFailure(950)) - Retrying connect to server: localhost/127.0.0.1:15012. Already tried 1 time(s); retry policy is RetryUpToMaximumCountWithFixedSleep(maxRetries=15, sleepTime=1000 MILLISECONDS)
2024-07-06 11:54:18,514 [ForkJoinPool.commonPool-worker-3] INFO  server.RaftServer (RaftServerProxy.java:lambda$close$9(418)) - 8dbb38fd-cb5c-434d-a416-d5257da8c780: close
2024-07-06 11:54:18,514 [8dbb38fd-cb5c-434d-a416-d5257da8c780-impl-thread1] INFO  server.RaftServer$Division (RaftServerImpl.java:lambda$close$1(501)) - 8dbb38fd-cb5c-434d-a416-d5257da8c780@group-8990BC0FEF12: shutdown
2024-07-06 11:54:18,514 [8dbb38fd-cb5c-434d-a416-d5257da8c780-impl-thread1] INFO  util.JmxRegister (JmxRegister.java:unregister(74)) - Successfully un-registered JMX Bean with object name Ratis:service=RaftServer,group=group-8990BC0FEF12,id=8dbb38fd-cb5c-434d-a416-d5257da8c780
2024-07-06 11:54:18,514 [8dbb38fd-cb5c-434d-a416-d5257da8c780-impl-thread1] INFO  impl.RoleInfo (RoleInfo.java:shutdownLeaderState(103)) - 8dbb38fd-cb5c-434d-a416-d5257da8c780: shutdown 8dbb38fd-cb5c-434d-a416-d5257da8c780@group-8990BC0FEF12-LeaderStateImpl
2024-07-06 11:54:18,514 [ForkJoinPool.commonPool-worker-3] INFO  server.GrpcService (GrpcService.java:closeImpl(311)) - 8dbb38fd-cb5c-434d-a416-d5257da8c780: shutdown server org.apache.ratis.grpc.server.GrpcClientProtocolService now
2024-07-06 11:54:18,514 [8dbb38fd-cb5c-434d-a416-d5257da8c780@group-8990BC0FEF12->0cfa5fef-e387-4d03-8755-cac648de9f82-GrpcLogAppender-LogAppenderDaemon] WARN  server.GrpcLogAppender (GrpcLogAppender.java:mayWait(293)) - 8dbb38fd-cb5c-434d-a416-d5257da8c780@group-8990BC0FEF12->0cfa5fef-e387-4d03-8755-cac648de9f82-GrpcLogAppender: Wait interrupted by java.lang.InterruptedException
2024-07-06 11:54:18,514 [8dbb38fd-cb5c-434d-a416-d5257da8c780-impl-thread2] INFO  server.RaftServer$Division (RaftServerImpl.java:lambda$close$1(501)) - 8dbb38fd-cb5c-434d-a416-d5257da8c780@group-F47393A7B48C: shutdown
2024-07-06 11:54:18,514 [8dbb38fd-cb5c-434d-a416-d5257da8c780-impl-thread2] INFO  util.JmxRegister (JmxRegister.java:unregister(74)) - Successfully un-registered JMX Bean with object name Ratis:service=RaftServer,group=group-F47393A7B48C,id=8dbb38fd-cb5c-434d-a416-d5257da8c780
2024-07-06 11:54:18,514 [8dbb38fd-cb5c-434d-a416-d5257da8c780-impl-thread2] INFO  impl.RoleInfo (RoleInfo.java:shutdownLeaderState(103)) - 8dbb38fd-cb5c-434d-a416-d5257da8c780: shutdown 8dbb38fd-cb5c-434d-a416-d5257da8c780@group-F47393A7B48C-LeaderStateImpl
2024-07-06 11:54:18,514 [8dbb38fd-cb5c-434d-a416-d5257da8c780-impl-thread2] INFO  impl.PendingRequests (PendingRequests.java:sendNotLeaderResponses(287)) - 8dbb38fd-cb5c-434d-a416-d5257da8c780@group-F47393A7B48C-PendingRequests: sendNotLeaderResponses
2024-07-06 11:54:18,514 [8dbb38fd-cb5c-434d-a416-d5257da8c780@group-8990BC0FEF12->eb39f61f-e86a-4779-8e52-f95c095d9393-GrpcLogAppender-LogAppenderDaemon] WARN  server.GrpcLogAppender (GrpcLogAppender.java:mayWait(293)) - 8dbb38fd-cb5c-434d-a416-d5257da8c780@group-8990BC0FEF12->eb39f61f-e86a-4779-8e52-f95c095d9393-GrpcLogAppender: Wait interrupted by java.lang.InterruptedException
2024-07-06 11:54:18,514 [8dbb38fd-cb5c-434d-a416-d5257da8c780-impl-thread1] INFO  impl.PendingRequests (PendingRequests.java:sendNotLeaderResponses(287)) - 8dbb38fd-cb5c-434d-a416-d5257da8c780@group-8990BC0FEF12-PendingRequests: sendNotLeaderResponses
2024-07-06 11:54:18,514 [Thread-1434] INFO  server.GrpcServerProtocolClient (GrpcServerProtocolClient.java:close(103)) - eb39f61f-e86a-4779-8e52-f95c095d9393 Close channels
2024-07-06 11:54:18,515 [Thread-1436] INFO  server.GrpcServerProtocolClient (GrpcServerProtocolClient.java:close(103)) - 0cfa5fef-e387-4d03-8755-cac648de9f82 Close channels
2024-07-06 11:54:18,515 [8dbb38fd-cb5c-434d-a416-d5257da8c780-impl-thread1] INFO  impl.StateMachineUpdater (StateMachineUpdater.java:stopAndJoin(164)) - 8dbb38fd-cb5c-434d-a416-d5257da8c780@group-8990BC0FEF12-StateMachineUpdater: set stopIndex = 0
2024-07-06 11:54:18,515 [8dbb38fd-cb5c-434d-a416-d5257da8c780@group-8990BC0FEF12-StateMachineUpdater] INFO  ratis.ContainerStateMachine (ContainerStateMachine.java:takeSnapshot(355)) - group-8990BC0FEF12: Taking a snapshot at:(t:1, i:0) file /home/runner/work/ozone/ozone/hadoop-ozone/integration-test/target/test-dir/MiniOzoneClusterImpl-23934d72-33be-4118-bcff-1eb1b476413a/ozone-meta/datanode-1/ratis/fb964329-130e-47bc-8661-8990bc0fef12/sm/snapshot.1_0
2024-07-06 11:54:18,516 [8dbb38fd-cb5c-434d-a416-d5257da8c780-impl-thread2] INFO  impl.StateMachineUpdater (StateMachineUpdater.java:stopAndJoin(164)) - 8dbb38fd-cb5c-434d-a416-d5257da8c780@group-F47393A7B48C-StateMachineUpdater: set stopIndex = 0
2024-07-06 11:54:18,516 [8dbb38fd-cb5c-434d-a416-d5257da8c780@group-F47393A7B48C-StateMachineUpdater] INFO  ratis.ContainerStateMachine (ContainerStateMachine.java:takeSnapshot(355)) - group-F47393A7B48C: Taking a snapshot at:(t:1, i:0) file /home/runner/work/ozone/ozone/hadoop-ozone/integration-test/target/test-dir/MiniOzoneClusterImpl-23934d72-33be-4118-bcff-1eb1b476413a/ozone-meta/datanode-1/ratis/68737355-2d59-4e05-bc09-f47393a7b48c/sm/snapshot.1_0
2024-07-06 11:54:18,516 [8dbb38fd-cb5c-434d-a416-d5257da8c780@group-8990BC0FEF12-StateMachineUpdater] INFO  ratis.ContainerStateMachine (ContainerStateMachine.java:takeSnapshot(366)) - group-8990BC0FEF12: Finished taking a snapshot at:(t:1, i:0) file:/home/runner/work/ozone/ozone/hadoop-ozone/integration-test/target/test-dir/MiniOzoneClusterImpl-23934d72-33be-4118-bcff-1eb1b476413a/ozone-meta/datanode-1/ratis/fb964329-130e-47bc-8661-8990bc0fef12/sm/snapshot.1_0 took: 1 ms
2024-07-06 11:54:18,516 [8dbb38fd-cb5c-434d-a416-d5257da8c780@group-8990BC0FEF12-StateMachineUpdater] INFO  impl.StateMachineUpdater (StateMachineUpdater.java:takeSnapshot(303)) - 8dbb38fd-cb5c-434d-a416-d5257da8c780@group-8990BC0FEF12-StateMachineUpdater: Took a snapshot at index 0
2024-07-06 11:54:18,516 [8dbb38fd-cb5c-434d-a416-d5257da8c780@group-8990BC0FEF12-StateMachineUpdater] INFO  impl.StateMachineUpdater (StateMachineUpdater.java:lambda$new$0(102)) - 8dbb38fd-cb5c-434d-a416-d5257da8c780@group-8990BC0FEF12-StateMachineUpdater: snapshotIndex: updateIncreasingly -1 -> 0
2024-07-06 11:54:18,516 [grpc-default-executor-1] INFO  server.GrpcServerProtocolService (GrpcServerProtocolService.java:onCompleted(157)) - eb39f61f-e86a-4779-8e52-f95c095d9393: Completed APPEND_ENTRIES, lastRequest: null
2024-07-06 11:54:18,516 [8dbb38fd-cb5c-434d-a416-d5257da8c780@group-8990BC0FEF12-StateMachineUpdater] INFO  impl.StateMachineUpdater (StateMachineUpdater.java:stop(141)) - 8dbb38fd-cb5c-434d-a416-d5257da8c780@group-8990BC0FEF12-StateMachineUpdater: closing ContainerStateMachine, lastApplied=(t:1, i:0)
2024-07-06 11:54:18,517 [8dbb38fd-cb5c-434d-a416-d5257da8c780@group-F47393A7B48C-StateMachineUpdater] INFO  ratis.ContainerStateMachine (ContainerStateMachine.java:takeSnapshot(366)) - group-F47393A7B48C: Finished taking a snapshot at:(t:1, i:0) file:/home/runner/work/ozone/ozone/hadoop-ozone/integration-test/target/test-dir/MiniOzoneClusterImpl-23934d72-33be-4118-bcff-1eb1b476413a/ozone-meta/datanode-1/ratis/68737355-2d59-4e05-bc09-f47393a7b48c/sm/snapshot.1_0 took: 0 ms
2024-07-06 11:54:18,517 [8dbb38fd-cb5c-434d-a416-d5257da8c780@group-F47393A7B48C-StateMachineUpdater] INFO  impl.StateMachineUpdater (StateMachineUpdater.java:takeSnapshot(303)) - 8dbb38fd-cb5c-434d-a416-d5257da8c780@group-F47393A7B48C-StateMachineUpdater: Took a snapshot at index 0
2024-07-06 11:54:18,517 [8dbb38fd-cb5c-434d-a416-d5257da8c780@group-F47393A7B48C-StateMachineUpdater] INFO  impl.StateMachineUpdater (StateMachineUpdater.java:lambda$new$0(102)) - 8dbb38fd-cb5c-434d-a416-d5257da8c780@group-F47393A7B48C-StateMachineUpdater: snapshotIndex: updateIncreasingly -1 -> 0
2024-07-06 11:54:18,517 [8dbb38fd-cb5c-434d-a416-d5257da8c780@group-F47393A7B48C-StateMachineUpdater] INFO  impl.StateMachineUpdater (StateMachineUpdater.java:stop(141)) - 8dbb38fd-cb5c-434d-a416-d5257da8c780@group-F47393A7B48C-StateMachineUpdater: closing ContainerStateMachine, lastApplied=(t:1, i:0)
2024-07-06 11:54:18,517 [grpc-default-executor-0] INFO  server.GrpcServerProtocolService (GrpcServerProtocolService.java:onCompleted(157)) - eb39f61f-e86a-4779-8e52-f95c095d9393: Completed APPEND_ENTRIES, lastRequest: 8dbb38fd-cb5c-434d-a416-d5257da8c780->eb39f61f-e86a-4779-8e52-f95c095d9393#1-t1,previous=(t:0, i:0),leaderCommit=-1,initializing? false,entries: size=1, first=(t:1, i:0), CONFIGURATIONENTRY(current:id:"eb39f61f-e86a-4779-8e52-f95c095d9393"address:"10.1.0.11:15064"dataStreamAddress:"10.1.0.11:15065"clientAddress:"10.1.0.11:15062"adminAddress:"10.1.0.11:15063"startupRole:FOLLOWER, id:"8dbb38fd-cb5c-434d-a416-d5257da8c780"address:"10.1.0.11:15046"priority:1dataStreamAddress:"10.1.0.11:15047"clientAddress:"10.1.0.11:15044"adminAddress:"10.1.0.11:15045"startupRole:FOLLOWER, id:"0cfa5fef-e387-4d03-8755-cac648de9f82"address:"10.1.0.11:15055"dataStreamAddress:"10.1.0.11:15056"clientAddress:"10.1.0.11:15053"adminAddress:"10.1.0.11:15054"startupRole:FOLLOWER, old:)
2024-07-06 11:54:18,517 [grpc-default-executor-0] INFO  server.GrpcServerProtocolService (GrpcServerProtocolService.java:lambda$onCompleted$5(159)) - eb39f61f-e86a-4779-8e52-f95c095d9393: Completed APPEND_ENTRIES, lastReply: null
2024-07-06 11:54:18,518 [grpc-default-executor-1] INFO  server.GrpcServerProtocolService (GrpcServerProtocolService.java:lambda$onCompleted$5(159)) - eb39f61f-e86a-4779-8e52-f95c095d9393: Completed APPEND_ENTRIES, lastReply: serverReply {
  requestorId: "8dbb38fd-cb5c-434d-a416-d5257da8c780"
  replyId: "eb39f61f-e86a-4779-8e52-f95c095d9393"
  raftGroupId {
    id: "\373\226C)\023\016G\274\206a\211\220\274\017\357\022"
  }
  callId: 4
  success: true
}
term: 1
nextIndex: 1
matchIndex: 18446744073709551615
isHearbeat: true

2024-07-06 11:54:18,518 [8dbb38fd-cb5c-434d-a416-d5257da8c780@group-F47393A7B48C-cacheEviction-AwaitToRun] INFO  util.AwaitToRun (AwaitToRun.java:run(49)) - 8dbb38fd-cb5c-434d-a416-d5257da8c780@group-F47393A7B48C-cacheEviction-AwaitToRun-AwaitForSignal is interrupted
2024-07-06 11:54:18,518 [grpc-default-executor-1] INFO  server.GrpcLogAppender (GrpcLogAppender.java:onCompleted(550)) - 8dbb38fd-cb5c-434d-a416-d5257da8c780@group-8990BC0FEF12->eb39f61f-e86a-4779-8e52-f95c095d9393-AppendLogResponseHandler: follower responses appendEntries COMPLETED
2024-07-06 11:54:18,518 [8dbb38fd-cb5c-434d-a416-d5257da8c780@group-8990BC0FEF12-cacheEviction-AwaitToRun] INFO  util.AwaitToRun (AwaitToRun.java:run(49)) - 8dbb38fd-cb5c-434d-a416-d5257da8c780@group-8990BC0FEF12-cacheEviction-AwaitToRun-AwaitForSignal is interrupted
2024-07-06 11:54:18,519 [grpc-default-executor-4] INFO  server.GrpcLogAppender (GrpcLogAppender.java:onCompleted(550)) - 8dbb38fd-cb5c-434d-a416-d5257da8c780@group-8990BC0FEF12->eb39f61f-e86a-4779-8e52-f95c095d9393-AppendLogResponseHandler: follower responses appendEntries COMPLETED
2024-07-06 11:54:18,519 [grpc-default-executor-4] WARN  server.GrpcLogAppender (GrpcLogAppender.java:resetClient(230)) - 8dbb38fd-cb5c-434d-a416-d5257da8c780@group-8990BC0FEF12->eb39f61f-e86a-4779-8e52-f95c095d9393-GrpcLogAppender: Failed to getClient for eb39f61f-e86a-4779-8e52-f95c095d9393
org.apache.ratis.protocol.exceptions.AlreadyClosedException: 8dbb38fd-cb5c-434d-a416-d5257da8c780 is already CLOSED
	at org.apache.ratis.util.PeerProxyMap$PeerAndProxy.getProxy(PeerProxyMap.java:67)
	at org.apache.ratis.util.PeerProxyMap.getProxy(PeerProxyMap.java:124)
	at org.apache.ratis.grpc.server.GrpcLogAppender.getClient(GrpcLogAppender.java:200)
	at org.apache.ratis.grpc.server.GrpcLogAppender.resetClient(GrpcLogAppender.java:205)
	at org.apache.ratis.grpc.server.GrpcLogAppender.access$800(GrpcLogAppender.java:64)
	at org.apache.ratis.grpc.server.GrpcLogAppender$AppendLogResponseHandler.onCompleted(GrpcLogAppender.java:551)
	at org.apache.ratis.thirdparty.io.grpc.stub.ClientCalls$StreamObserverToCallListenerAdapter.onClose(ClientCalls.java:479)
	at org.apache.ratis.thirdparty.io.grpc.internal.DelayedClientCall$DelayedListener$3.run(DelayedClientCall.java:489)
	at org.apache.ratis.thirdparty.io.grpc.internal.DelayedClientCall$DelayedListener.delayOrExecute(DelayedClientCall.java:453)
	at org.apache.ratis.thirdparty.io.grpc.internal.DelayedClientCall$DelayedListener.onClose(DelayedClientCall.java:486)
	at org.apache.ratis.thirdparty.io.grpc.internal.ClientCallImpl.closeObserver(ClientCallImpl.java:567)
	at org.apache.ratis.thirdparty.io.grpc.internal.ClientCallImpl.access$300(ClientCallImpl.java:71)
	at org.apache.ratis.thirdparty.io.grpc.internal.ClientCallImpl$ClientStreamListenerImpl$1StreamClosed.runInternal(ClientCallImpl.java:735)
	at org.apache.ratis.thirdparty.io.grpc.internal.ClientCallImpl$ClientStreamListenerImpl$1StreamClosed.runInContext(ClientCallImpl.java:716)
	at org.apache.ratis.thirdparty.io.grpc.internal.ContextRunnable.run(ContextRunnable.java:37)
	at org.apache.ratis.thirdparty.io.grpc.internal.SerializingExecutor.run(SerializingExecutor.java:133)
	at java.base/java.util.concurrent.ThreadPoolExecutor.runWorker(ThreadPoolExecutor.java:1136)
	at java.base/java.util.concurrent.ThreadPoolExecutor$Worker.run(ThreadPoolExecutor.java:635)
	at java.base/java.lang.Thread.run(Thread.java:840)
2024-07-06 11:54:18,518 [grpc-default-executor-1] WARN  server.GrpcLogAppender (GrpcLogAppender.java:resetClient(230)) - 8dbb38fd-cb5c-434d-a416-d5257da8c780@group-8990BC0FEF12->eb39f61f-e86a-4779-8e52-f95c095d9393-GrpcLogAppender: Failed to getClient for eb39f61f-e86a-4779-8e52-f95c095d9393
org.apache.ratis.protocol.exceptions.AlreadyClosedException: 8dbb38fd-cb5c-434d-a416-d5257da8c780 is already CLOSED
	at org.apache.ratis.util.PeerProxyMap$PeerAndProxy.getProxy(PeerProxyMap.java:67)
	at org.apache.ratis.util.PeerProxyMap.getProxy(PeerProxyMap.java:124)
	at org.apache.ratis.grpc.server.GrpcLogAppender.getClient(GrpcLogAppender.java:200)
	at org.apache.ratis.grpc.server.GrpcLogAppender.resetClient(GrpcLogAppender.java:205)
	at org.apache.ratis.grpc.server.GrpcLogAppender.access$800(GrpcLogAppender.java:64)
	at org.apache.ratis.grpc.server.GrpcLogAppender$AppendLogResponseHandler.onCompleted(GrpcLogAppender.java:551)
	at org.apache.ratis.thirdparty.io.grpc.stub.ClientCalls$StreamObserverToCallListenerAdapter.onClose(ClientCalls.java:479)
	at org.apache.ratis.thirdparty.io.grpc.internal.ClientCallImpl.closeObserver(ClientCallImpl.java:567)
	at org.apache.ratis.thirdparty.io.grpc.internal.ClientCallImpl.access$300(ClientCallImpl.java:71)
	at org.apache.ratis.thirdparty.io.grpc.internal.ClientCallImpl$ClientStreamListenerImpl$1StreamClosed.runInternal(ClientCallImpl.java:735)
	at org.apache.ratis.thirdparty.io.grpc.internal.ClientCallImpl$ClientStreamListenerImpl$1StreamClosed.runInContext(ClientCallImpl.java:716)
	at org.apache.ratis.thirdparty.io.grpc.internal.ContextRunnable.run(ContextRunnable.java:37)
	at org.apache.ratis.thirdparty.io.grpc.internal.SerializingExecutor.run(SerializingExecutor.java:133)
	at java.base/java.util.concurrent.ThreadPoolExecutor.runWorker(ThreadPoolExecutor.java:1136)
	at java.base/java.util.concurrent.ThreadPoolExecutor$Worker.run(ThreadPoolExecutor.java:635)
	at java.base/java.lang.Thread.run(Thread.java:840)
2024-07-06 11:54:18,520 [ForkJoinPool.commonPool-worker-3] INFO  server.GrpcService (GrpcService.java:closeImpl(320)) - 8dbb38fd-cb5c-434d-a416-d5257da8c780: shutdown server org.apache.ratis.grpc.server.GrpcClientProtocolService successfully
2024-07-06 11:54:18,520 [ForkJoinPool.commonPool-worker-3] INFO  server.GrpcService (GrpcService.java:closeImpl(311)) - 8dbb38fd-cb5c-434d-a416-d5257da8c780: shutdown server GrpcServerProtocolService now
2024-07-06 11:54:18,520 [8dbb38fd-cb5c-434d-a416-d5257da8c780-impl-thread3] INFO  server.RaftServer$Division (RaftServerImpl.java:lambda$close$1(501)) - 8dbb38fd-cb5c-434d-a416-d5257da8c780@group-2A9A77740CD0: shutdown
2024-07-06 11:54:18,520 [8dbb38fd-cb5c-434d-a416-d5257da8c780-impl-thread3] INFO  util.JmxRegister (JmxRegister.java:unregister(74)) - Successfully un-registered JMX Bean with object name Ratis:service=RaftServer,group=group-2A9A77740CD0,id=8dbb38fd-cb5c-434d-a416-d5257da8c780
2024-07-06 11:54:18,520 [8dbb38fd-cb5c-434d-a416-d5257da8c780-impl-thread3] INFO  impl.RoleInfo (RoleInfo.java:shutdownFollowerState(119)) - 8dbb38fd-cb5c-434d-a416-d5257da8c780: shutdown 8dbb38fd-cb5c-434d-a416-d5257da8c780@group-2A9A77740CD0-FollowerState
2024-07-06 11:54:18,520 [8dbb38fd-cb5c-434d-a416-d5257da8c780@group-2A9A77740CD0-FollowerState] INFO  impl.FollowerState (FollowerState.java:run(153)) - 8dbb38fd-cb5c-434d-a416-d5257da8c780@group-2A9A77740CD0-FollowerState was interrupted
2024-07-06 11:54:18,520 [grpc-default-executor-4] WARN  server.GrpcServerProtocolService (LogUtils.java:warn(121)) - 8dbb38fd-cb5c-434d-a416-d5257da8c780: APPEND_ENTRIES onError, lastRequest: eb39f61f-e86a-4779-8e52-f95c095d9393->8dbb38fd-cb5c-434d-a416-d5257da8c780#1-t1,previous=(t:0, i:0),leaderCommit=-1,initializing? false,entries: size=1, first=(t:1, i:0), CONFIGURATIONENTRY(current:id:"eb39f61f-e86a-4779-8e52-f95c095d9393"address:"10.1.0.11:15064"priority:1dataStreamAddress:"10.1.0.11:15065"clientAddress:"10.1.0.11:15062"adminAddress:"10.1.0.11:15063"startupRole:FOLLOWER, id:"8dbb38fd-cb5c-434d-a416-d5257da8c780"address:"10.1.0.11:15046"dataStreamAddress:"10.1.0.11:15047"clientAddress:"10.1.0.11:15044"adminAddress:"10.1.0.11:15045"startupRole:FOLLOWER, id:"0cfa5fef-e387-4d03-8755-cac648de9f82"address:"10.1.0.11:15055"dataStreamAddress:"10.1.0.11:15056"clientAddress:"10.1.0.11:15053"adminAddress:"10.1.0.11:15054"startupRole:FOLLOWER, old:): org.apache.ratis.thirdparty.io.grpc.StatusRuntimeException: CANCELLED: client cancelled
2024-07-06 11:54:18,520 [ForkJoinPool.commonPool-worker-3] INFO  server.GrpcService (GrpcService.java:closeImpl(320)) - 8dbb38fd-cb5c-434d-a416-d5257da8c780: shutdown server GrpcServerProtocolService successfully
2024-07-06 11:54:18,521 [ForkJoinPool.commonPool-worker-3] INFO  server.GrpcService (GrpcService.java:closeImpl(311)) - 8dbb38fd-cb5c-434d-a416-d5257da8c780: shutdown server org.apache.ratis.grpc.server.GrpcAdminProtocolService now
2024-07-06 11:54:18,520 [grpc-default-executor-1] WARN  server.GrpcLogAppender (LogUtils.java:warn(121)) - eb39f61f-e86a-4779-8e52-f95c095d9393@group-2A9A77740CD0->8dbb38fd-cb5c-434d-a416-d5257da8c780-AppendLogResponseHandler: Failed appendEntries: org.apache.ratis.thirdparty.io.grpc.StatusRuntimeException: CANCELLED: RST_STREAM closed stream. HTTP/2 error code: CANCEL
2024-07-06 11:54:18,521 [grpc-default-executor-1] WARN  server.GrpcLogAppender (GrpcLogAppender.java:lambda$resetClient$1(221)) - eb39f61f-e86a-4779-8e52-f95c095d9393@group-2A9A77740CD0->8dbb38fd-cb5c-434d-a416-d5257da8c780-GrpcLogAppender: Follower failed (request=null, errorCount=1); keep nextIndex (1) unchanged and retry.
2024-07-06 11:54:18,521 [grpc-default-executor-2] WARN  server.GrpcServerProtocolService (LogUtils.java:warn(121)) - 8dbb38fd-cb5c-434d-a416-d5257da8c780: APPEND_ENTRIES onError, lastRequest: null: org.apache.ratis.thirdparty.io.grpc.StatusRuntimeException: CANCELLED: client cancelled
2024-07-06 11:54:18,521 [ForkJoinPool.commonPool-worker-3] INFO  server.GrpcService (GrpcService.java:closeImpl(320)) - 8dbb38fd-cb5c-434d-a416-d5257da8c780: shutdown server org.apache.ratis.grpc.server.GrpcAdminProtocolService successfully
2024-07-06 11:54:18,521 [8dbb38fd-cb5c-434d-a416-d5257da8c780-impl-thread3] INFO  impl.StateMachineUpdater (StateMachineUpdater.java:stopAndJoin(164)) - 8dbb38fd-cb5c-434d-a416-d5257da8c780@group-2A9A77740CD0-StateMachineUpdater: set stopIndex = 0
2024-07-06 11:54:18,521 [8dbb38fd-cb5c-434d-a416-d5257da8c780@group-2A9A77740CD0-StateMachineUpdater] INFO  ratis.ContainerStateMachine (ContainerStateMachine.java:takeSnapshot(355)) - group-2A9A77740CD0: Taking a snapshot at:(t:1, i:0) file /home/runner/work/ozone/ozone/hadoop-ozone/integration-test/target/test-dir/MiniOzoneClusterImpl-23934d72-33be-4118-bcff-1eb1b476413a/ozone-meta/datanode-1/ratis/a4768336-efd2-46e9-8689-2a9a77740cd0/sm/snapshot.1_0
2024-07-06 11:54:18,522 [8dbb38fd-cb5c-434d-a416-d5257da8c780@group-2A9A77740CD0-StateMachineUpdater] INFO  ratis.ContainerStateMachine (ContainerStateMachine.java:takeSnapshot(366)) - group-2A9A77740CD0: Finished taking a snapshot at:(t:1, i:0) file:/home/runner/work/ozone/ozone/hadoop-ozone/integration-test/target/test-dir/MiniOzoneClusterImpl-23934d72-33be-4118-bcff-1eb1b476413a/ozone-meta/datanode-1/ratis/a4768336-efd2-46e9-8689-2a9a77740cd0/sm/snapshot.1_0 took: 1 ms
2024-07-06 11:54:18,522 [8dbb38fd-cb5c-434d-a416-d5257da8c780@group-2A9A77740CD0-StateMachineUpdater] INFO  impl.StateMachineUpdater (StateMachineUpdater.java:takeSnapshot(303)) - 8dbb38fd-cb5c-434d-a416-d5257da8c780@group-2A9A77740CD0-StateMachineUpdater: Took a snapshot at index 0
2024-07-06 11:54:18,522 [8dbb38fd-cb5c-434d-a416-d5257da8c780@group-2A9A77740CD0-StateMachineUpdater] INFO  impl.StateMachineUpdater (StateMachineUpdater.java:lambda$new$0(102)) - 8dbb38fd-cb5c-434d-a416-d5257da8c780@group-2A9A77740CD0-StateMachineUpdater: snapshotIndex: updateIncreasingly -1 -> 0
2024-07-06 11:54:18,522 [8dbb38fd-cb5c-434d-a416-d5257da8c780@group-2A9A77740CD0-StateMachineUpdater] INFO  impl.StateMachineUpdater (StateMachineUpdater.java:stop(141)) - 8dbb38fd-cb5c-434d-a416-d5257da8c780@group-2A9A77740CD0-StateMachineUpdater: closing ContainerStateMachine, lastApplied=(t:1, i:0)
2024-07-06 11:54:18,523 [8dbb38fd-cb5c-434d-a416-d5257da8c780@group-2A9A77740CD0-cacheEviction-AwaitToRun] INFO  util.AwaitToRun (AwaitToRun.java:run(49)) - 8dbb38fd-cb5c-434d-a416-d5257da8c780@group-2A9A77740CD0-cacheEviction-AwaitToRun-AwaitForSignal is interrupted
2024-07-06 11:54:18,524 [8dbb38fd-cb5c-434d-a416-d5257da8c780-impl-thread1] INFO  segmented.SegmentedRaftLogWorker (SegmentedRaftLogWorker.java:close(248)) - 8dbb38fd-cb5c-434d-a416-d5257da8c780@group-8990BC0FEF12-SegmentedRaftLogWorker close()
2024-07-06 11:54:18,526 [8dbb38fd-cb5c-434d-a416-d5257da8c780-NettyServerStreamRpc-bossGroup--thread1] INFO  logging.LoggingHandler (AbstractInternalLogger.java:log(148)) - [id: 0x6f065045, L:/0.0.0.0:15047] CLOSE
2024-07-06 11:54:18,526 [8dbb38fd-cb5c-434d-a416-d5257da8c780-NettyServerStreamRpc-bossGroup--thread1] INFO  logging.LoggingHandler (AbstractInternalLogger.java:log(148)) - [id: 0x6f065045, L:/0.0.0.0:15047] INACTIVE
2024-07-06 11:54:18,526 [8dbb38fd-cb5c-434d-a416-d5257da8c780-NettyServerStreamRpc-bossGroup--thread1] INFO  logging.LoggingHandler (AbstractInternalLogger.java:log(148)) - [id: 0x6f065045, L:/0.0.0.0:15047] UNREGISTERED
2024-07-06 11:54:18,529 [ForkJoinPool.commonPool-worker-2] INFO  ozoneimpl.OzoneContainer (OzoneContainer.java:stop(481)) - Attempting to stop container services.
2024-07-06 11:54:18,529 [ContainerMetadataScanner] WARN  ozoneimpl.AbstractBackgroundContainerScanner (AbstractBackgroundContainerScanner.java:handleRemainingSleep(134)) - Background container scan was interrupted.
2024-07-06 11:54:18,530 [ContainerMetadataScanner] INFO  ozoneimpl.AbstractBackgroundContainerScanner (AbstractBackgroundContainerScanner.java:run(61)) - Thread[ContainerMetadataScanner,5,main] exiting.
2024-07-06 11:54:18,530 [ForkJoinPool.commonPool-worker-2] INFO  ozoneimpl.BackgroundContainerDataScanner (BackgroundContainerDataScanner.java:shutdown(141)) - ContainerDataScanner(/home/runner/work/ozone/ozone/hadoop-ozone/integration-test/target/test-dir/MiniOzoneClusterImpl-23934d72-33be-4118-bcff-1eb1b476413a/ozone-meta/datanode-3/data-0/hdds) is shutting down. 
2024-07-06 11:54:18,530 [ContainerDataScanner(/home/runner/work/ozone/ozone/hadoop-ozone/integration-test/target/test-dir/MiniOzoneClusterImpl-23934d72-33be-4118-bcff-1eb1b476413a/ozone-meta/datanode-3/data-0/hdds)] WARN  ozoneimpl.AbstractBackgroundContainerScanner (AbstractBackgroundContainerScanner.java:handleRemainingSleep(134)) - Background container scan was interrupted.
2024-07-06 11:54:18,530 [eb39f61f-e86a-4779-8e52-f95c095d9393-EndpointStateMachineTaskThread-/127.0.0.1:15012-0 ] INFO  ipc.Client (Client.java:handleConnectionFailure(950)) - Retrying connect to server: localhost/127.0.0.1:15012. Already tried 2 time(s); retry policy is RetryUpToMaximumCountWithFixedSleep(maxRetries=15, sleepTime=1000 MILLISECONDS)
2024-07-06 11:54:18,530 [ContainerDataScanner(/home/runner/work/ozone/ozone/hadoop-ozone/integration-test/target/test-dir/MiniOzoneClusterImpl-23934d72-33be-4118-bcff-1eb1b476413a/ozone-meta/datanode-3/data-0/hdds)] INFO  ozoneimpl.AbstractBackgroundContainerScanner (AbstractBackgroundContainerScanner.java:run(61)) - ContainerDataScanner(/home/runner/work/ozone/ozone/hadoop-ozone/integration-test/target/test-dir/MiniOzoneClusterImpl-23934d72-33be-4118-bcff-1eb1b476413a/ozone-meta/datanode-3/data-0/hdds, DS-ce2d0964-7c34-46df-9d7d-bf44ecc5a57c) exiting.
2024-07-06 11:54:18,530 [ForkJoinPool.commonPool-worker-2] INFO  server.RaftServer (RaftServerProxy.java:lambda$close$9(418)) - eb39f61f-e86a-4779-8e52-f95c095d9393: close
2024-07-06 11:54:18,530 [eb39f61f-e86a-4779-8e52-f95c095d9393-impl-thread1] INFO  server.RaftServer$Division (RaftServerImpl.java:lambda$close$1(501)) - eb39f61f-e86a-4779-8e52-f95c095d9393@group-8990BC0FEF12: shutdown
2024-07-06 11:54:18,530 [eb39f61f-e86a-4779-8e52-f95c095d9393-impl-thread1] INFO  util.JmxRegister (JmxRegister.java:unregister(74)) - Successfully un-registered JMX Bean with object name Ratis:service=RaftServer,group=group-8990BC0FEF12,id=eb39f61f-e86a-4779-8e52-f95c095d9393
2024-07-06 11:54:18,530 [eb39f61f-e86a-4779-8e52-f95c095d9393-impl-thread1] INFO  impl.RoleInfo (RoleInfo.java:shutdownFollowerState(119)) - eb39f61f-e86a-4779-8e52-f95c095d9393: shutdown eb39f61f-e86a-4779-8e52-f95c095d9393@group-8990BC0FEF12-FollowerState
2024-07-06 11:54:18,531 [eb39f61f-e86a-4779-8e52-f95c095d9393-impl-thread1] INFO  impl.StateMachineUpdater (StateMachineUpdater.java:stopAndJoin(164)) - eb39f61f-e86a-4779-8e52-f95c095d9393@group-8990BC0FEF12-StateMachineUpdater: set stopIndex = 0
2024-07-06 11:54:18,531 [eb39f61f-e86a-4779-8e52-f95c095d9393@group-8990BC0FEF12-StateMachineUpdater] INFO  ratis.ContainerStateMachine (ContainerStateMachine.java:takeSnapshot(355)) - group-8990BC0FEF12: Taking a snapshot at:(t:1, i:0) file /home/runner/work/ozone/ozone/hadoop-ozone/integration-test/target/test-dir/MiniOzoneClusterImpl-23934d72-33be-4118-bcff-1eb1b476413a/ozone-meta/datanode-3/ratis/fb964329-130e-47bc-8661-8990bc0fef12/sm/snapshot.1_0
2024-07-06 11:54:18,531 [ForkJoinPool.commonPool-worker-2] INFO  server.GrpcService (GrpcService.java:closeImpl(311)) - eb39f61f-e86a-4779-8e52-f95c095d9393: shutdown server org.apache.ratis.grpc.server.GrpcClientProtocolService now
2024-07-06 11:54:18,531 [eb39f61f-e86a-4779-8e52-f95c095d9393-impl-thread3] INFO  server.RaftServer$Division (RaftServerImpl.java:lambda$close$1(501)) - eb39f61f-e86a-4779-8e52-f95c095d9393@group-2A9A77740CD0: shutdown
2024-07-06 11:54:18,531 [eb39f61f-e86a-4779-8e52-f95c095d9393-impl-thread3] INFO  util.JmxRegister (JmxRegister.java:unregister(74)) - Successfully un-registered JMX Bean with object name Ratis:service=RaftServer,group=group-2A9A77740CD0,id=eb39f61f-e86a-4779-8e52-f95c095d9393
2024-07-06 11:54:18,531 [eb39f61f-e86a-4779-8e52-f95c095d9393-impl-thread3] INFO  impl.RoleInfo (RoleInfo.java:shutdownLeaderState(103)) - eb39f61f-e86a-4779-8e52-f95c095d9393: shutdown eb39f61f-e86a-4779-8e52-f95c095d9393@group-2A9A77740CD0-LeaderStateImpl
2024-07-06 11:54:18,531 [eb39f61f-e86a-4779-8e52-f95c095d9393-impl-thread2] INFO  server.RaftServer$Division (RaftServerImpl.java:lambda$close$1(501)) - eb39f61f-e86a-4779-8e52-f95c095d9393@group-87EAFB25B769: shutdown
2024-07-06 11:54:18,531 [eb39f61f-e86a-4779-8e52-f95c095d9393-impl-thread3] INFO  impl.PendingRequests (PendingRequests.java:sendNotLeaderResponses(287)) - eb39f61f-e86a-4779-8e52-f95c095d9393@group-2A9A77740CD0-PendingRequests: sendNotLeaderResponses
2024-07-06 11:54:18,531 [eb39f61f-e86a-4779-8e52-f95c095d9393@group-8990BC0FEF12-StateMachineUpdater] INFO  ratis.ContainerStateMachine (ContainerStateMachine.java:takeSnapshot(366)) - group-8990BC0FEF12: Finished taking a snapshot at:(t:1, i:0) file:/home/runner/work/ozone/ozone/hadoop-ozone/integration-test/target/test-dir/MiniOzoneClusterImpl-23934d72-33be-4118-bcff-1eb1b476413a/ozone-meta/datanode-3/ratis/fb964329-130e-47bc-8661-8990bc0fef12/sm/snapshot.1_0 took: 1 ms
2024-07-06 11:54:18,532 [eb39f61f-e86a-4779-8e52-f95c095d9393@group-8990BC0FEF12-StateMachineUpdater] INFO  impl.StateMachineUpdater (StateMachineUpdater.java:takeSnapshot(303)) - eb39f61f-e86a-4779-8e52-f95c095d9393@group-8990BC0FEF12-StateMachineUpdater: Took a snapshot at index 0
2024-07-06 11:54:18,532 [eb39f61f-e86a-4779-8e52-f95c095d9393@group-8990BC0FEF12-StateMachineUpdater] INFO  impl.StateMachineUpdater (StateMachineUpdater.java:lambda$new$0(102)) - eb39f61f-e86a-4779-8e52-f95c095d9393@group-8990BC0FEF12-StateMachineUpdater: snapshotIndex: updateIncreasingly -1 -> 0
2024-07-06 11:54:18,532 [eb39f61f-e86a-4779-8e52-f95c095d9393@group-8990BC0FEF12-StateMachineUpdater] INFO  impl.StateMachineUpdater (StateMachineUpdater.java:stop(141)) - eb39f61f-e86a-4779-8e52-f95c095d9393@group-8990BC0FEF12-StateMachineUpdater: closing ContainerStateMachine, lastApplied=(t:1, i:0)
2024-07-06 11:54:18,531 [eb39f61f-e86a-4779-8e52-f95c095d9393@group-2A9A77740CD0->0cfa5fef-e387-4d03-8755-cac648de9f82-GrpcLogAppender-LogAppenderDaemon] WARN  server.GrpcLogAppender (GrpcLogAppender.java:mayWait(293)) - eb39f61f-e86a-4779-8e52-f95c095d9393@group-2A9A77740CD0->0cfa5fef-e387-4d03-8755-cac648de9f82-GrpcLogAppender: Wait interrupted by java.lang.InterruptedException
2024-07-06 11:54:18,532 [eb39f61f-e86a-4779-8e52-f95c095d9393@group-8990BC0FEF12-cacheEviction-AwaitToRun] INFO  util.AwaitToRun (AwaitToRun.java:run(49)) - eb39f61f-e86a-4779-8e52-f95c095d9393@group-8990BC0FEF12-cacheEviction-AwaitToRun-AwaitForSignal is interrupted
2024-07-06 11:54:18,532 [Thread-1475] INFO  server.GrpcServerProtocolClient (GrpcServerProtocolClient.java:close(103)) - 8dbb38fd-cb5c-434d-a416-d5257da8c780 Close channels
2024-07-06 11:54:18,531 [eb39f61f-e86a-4779-8e52-f95c095d9393@group-2A9A77740CD0->8dbb38fd-cb5c-434d-a416-d5257da8c780-GrpcLogAppender-LogAppenderDaemon] WARN  server.GrpcLogAppender (GrpcLogAppender.java:mayWait(293)) - eb39f61f-e86a-4779-8e52-f95c095d9393@group-2A9A77740CD0->8dbb38fd-cb5c-434d-a416-d5257da8c780-GrpcLogAppender: Wait interrupted by java.lang.InterruptedException
2024-07-06 11:54:18,531 [eb39f61f-e86a-4779-8e52-f95c095d9393-impl-thread2] INFO  util.JmxRegister (JmxRegister.java:unregister(74)) - Successfully un-registered JMX Bean with object name Ratis:service=RaftServer,group=group-87EAFB25B769,id=eb39f61f-e86a-4779-8e52-f95c095d9393
2024-07-06 11:54:18,533 [eb39f61f-e86a-4779-8e52-f95c095d9393-impl-thread2] INFO  impl.RoleInfo (RoleInfo.java:shutdownLeaderState(103)) - eb39f61f-e86a-4779-8e52-f95c095d9393: shutdown eb39f61f-e86a-4779-8e52-f95c095d9393@group-87EAFB25B769-LeaderStateImpl
2024-07-06 11:54:18,533 [eb39f61f-e86a-4779-8e52-f95c095d9393-impl-thread2] INFO  impl.PendingRequests (PendingRequests.java:sendNotLeaderResponses(287)) - eb39f61f-e86a-4779-8e52-f95c095d9393@group-87EAFB25B769-PendingRequests: sendNotLeaderResponses
2024-07-06 11:54:18,533 [eb39f61f-e86a-4779-8e52-f95c095d9393-impl-thread2] INFO  impl.StateMachineUpdater (StateMachineUpdater.java:stopAndJoin(164)) - eb39f61f-e86a-4779-8e52-f95c095d9393@group-87EAFB25B769-StateMachineUpdater: set stopIndex = 0
2024-07-06 11:54:18,533 [eb39f61f-e86a-4779-8e52-f95c095d9393@group-87EAFB25B769-StateMachineUpdater] INFO  ratis.ContainerStateMachine (ContainerStateMachine.java:takeSnapshot(355)) - group-87EAFB25B769: Taking a snapshot at:(t:1, i:0) file /home/runner/work/ozone/ozone/hadoop-ozone/integration-test/target/test-dir/MiniOzoneClusterImpl-23934d72-33be-4118-bcff-1eb1b476413a/ozone-meta/datanode-3/ratis/6705f5cd-a47f-4964-9f36-87eafb25b769/sm/snapshot.1_0
2024-07-06 11:54:18,534 [Thread-1476] INFO  server.GrpcServerProtocolClient (GrpcServerProtocolClient.java:close(103)) - 0cfa5fef-e387-4d03-8755-cac648de9f82 Close channels
2024-07-06 11:54:18,534 [ForkJoinPool.commonPool-worker-2] INFO  server.GrpcService (GrpcService.java:closeImpl(320)) - eb39f61f-e86a-4779-8e52-f95c095d9393: shutdown server org.apache.ratis.grpc.server.GrpcClientProtocolService successfully
2024-07-06 11:54:18,534 [eb39f61f-e86a-4779-8e52-f95c095d9393@group-8990BC0FEF12-FollowerState] INFO  impl.FollowerState (FollowerState.java:run(153)) - eb39f61f-e86a-4779-8e52-f95c095d9393@group-8990BC0FEF12-FollowerState was interrupted
2024-07-06 11:54:18,534 [ForkJoinPool.commonPool-worker-2] INFO  server.GrpcService (GrpcService.java:closeImpl(311)) - eb39f61f-e86a-4779-8e52-f95c095d9393: shutdown server GrpcServerProtocolService now
2024-07-06 11:54:18,534 [eb39f61f-e86a-4779-8e52-f95c095d9393@group-2A9A77740CD0-StateMachineUpdater] INFO  ratis.ContainerStateMachine (ContainerStateMachine.java:takeSnapshot(355)) - group-2A9A77740CD0: Taking a snapshot at:(t:1, i:0) file /home/runner/work/ozone/ozone/hadoop-ozone/integration-test/target/test-dir/MiniOzoneClusterImpl-23934d72-33be-4118-bcff-1eb1b476413a/ozone-meta/datanode-3/ratis/a4768336-efd2-46e9-8689-2a9a77740cd0/sm/snapshot.1_0
2024-07-06 11:54:18,534 [eb39f61f-e86a-4779-8e52-f95c095d9393@group-87EAFB25B769-StateMachineUpdater] INFO  ratis.ContainerStateMachine (ContainerStateMachine.java:takeSnapshot(366)) - group-87EAFB25B769: Finished taking a snapshot at:(t:1, i:0) file:/home/runner/work/ozone/ozone/hadoop-ozone/integration-test/target/test-dir/MiniOzoneClusterImpl-23934d72-33be-4118-bcff-1eb1b476413a/ozone-meta/datanode-3/ratis/6705f5cd-a47f-4964-9f36-87eafb25b769/sm/snapshot.1_0 took: 1 ms
2024-07-06 11:54:18,534 [ForkJoinPool.commonPool-worker-2] INFO  server.GrpcService (GrpcService.java:closeImpl(320)) - eb39f61f-e86a-4779-8e52-f95c095d9393: shutdown server GrpcServerProtocolService successfully
2024-07-06 11:54:18,535 [ForkJoinPool.commonPool-worker-2] INFO  server.GrpcService (GrpcService.java:closeImpl(311)) - eb39f61f-e86a-4779-8e52-f95c095d9393: shutdown server org.apache.ratis.grpc.server.GrpcAdminProtocolService now
2024-07-06 11:54:18,535 [ForkJoinPool.commonPool-worker-2] INFO  server.GrpcService (GrpcService.java:closeImpl(320)) - eb39f61f-e86a-4779-8e52-f95c095d9393: shutdown server org.apache.ratis.grpc.server.GrpcAdminProtocolService successfully
2024-07-06 11:54:18,534 [eb39f61f-e86a-4779-8e52-f95c095d9393-impl-thread3] INFO  impl.StateMachineUpdater (StateMachineUpdater.java:stopAndJoin(164)) - eb39f61f-e86a-4779-8e52-f95c095d9393@group-2A9A77740CD0-StateMachineUpdater: set stopIndex = 0
2024-07-06 11:54:18,535 [eb39f61f-e86a-4779-8e52-f95c095d9393@group-2A9A77740CD0-StateMachineUpdater] INFO  ratis.ContainerStateMachine (ContainerStateMachine.java:takeSnapshot(366)) - group-2A9A77740CD0: Finished taking a snapshot at:(t:1, i:0) file:/home/runner/work/ozone/ozone/hadoop-ozone/integration-test/target/test-dir/MiniOzoneClusterImpl-23934d72-33be-4118-bcff-1eb1b476413a/ozone-meta/datanode-3/ratis/a4768336-efd2-46e9-8689-2a9a77740cd0/sm/snapshot.1_0 took: 0 ms
2024-07-06 11:54:18,535 [eb39f61f-e86a-4779-8e52-f95c095d9393@group-2A9A77740CD0-StateMachineUpdater] INFO  impl.StateMachineUpdater (StateMachineUpdater.java:takeSnapshot(303)) - eb39f61f-e86a-4779-8e52-f95c095d9393@group-2A9A77740CD0-StateMachineUpdater: Took a snapshot at index 0
2024-07-06 11:54:18,535 [eb39f61f-e86a-4779-8e52-f95c095d9393@group-2A9A77740CD0-StateMachineUpdater] INFO  impl.StateMachineUpdater (StateMachineUpdater.java:lambda$new$0(102)) - eb39f61f-e86a-4779-8e52-f95c095d9393@group-2A9A77740CD0-StateMachineUpdater: snapshotIndex: updateIncreasingly -1 -> 0
2024-07-06 11:54:18,535 [eb39f61f-e86a-4779-8e52-f95c095d9393@group-2A9A77740CD0-StateMachineUpdater] INFO  impl.StateMachineUpdater (StateMachineUpdater.java:stop(141)) - eb39f61f-e86a-4779-8e52-f95c095d9393@group-2A9A77740CD0-StateMachineUpdater: closing ContainerStateMachine, lastApplied=(t:1, i:0)
2024-07-06 11:54:18,535 [eb39f61f-e86a-4779-8e52-f95c095d9393@group-87EAFB25B769-StateMachineUpdater] INFO  impl.StateMachineUpdater (StateMachineUpdater.java:takeSnapshot(303)) - eb39f61f-e86a-4779-8e52-f95c095d9393@group-87EAFB25B769-StateMachineUpdater: Took a snapshot at index 0
2024-07-06 11:54:18,536 [eb39f61f-e86a-4779-8e52-f95c095d9393@group-87EAFB25B769-StateMachineUpdater] INFO  impl.StateMachineUpdater (StateMachineUpdater.java:lambda$new$0(102)) - eb39f61f-e86a-4779-8e52-f95c095d9393@group-87EAFB25B769-StateMachineUpdater: snapshotIndex: updateIncreasingly -1 -> 0
2024-07-06 11:54:18,536 [eb39f61f-e86a-4779-8e52-f95c095d9393@group-87EAFB25B769-StateMachineUpdater] INFO  impl.StateMachineUpdater (StateMachineUpdater.java:stop(141)) - eb39f61f-e86a-4779-8e52-f95c095d9393@group-87EAFB25B769-StateMachineUpdater: closing ContainerStateMachine, lastApplied=(t:1, i:0)
2024-07-06 11:54:18,536 [eb39f61f-e86a-4779-8e52-f95c095d9393@group-2A9A77740CD0-cacheEviction-AwaitToRun] INFO  util.AwaitToRun (AwaitToRun.java:run(49)) - eb39f61f-e86a-4779-8e52-f95c095d9393@group-2A9A77740CD0-cacheEviction-AwaitToRun-AwaitForSignal is interrupted
2024-07-06 11:54:18,536 [eb39f61f-e86a-4779-8e52-f95c095d9393@group-87EAFB25B769-cacheEviction-AwaitToRun] INFO  util.AwaitToRun (AwaitToRun.java:run(49)) - eb39f61f-e86a-4779-8e52-f95c095d9393@group-87EAFB25B769-cacheEviction-AwaitToRun-AwaitForSignal is interrupted
2024-07-06 11:54:18,538 [eb39f61f-e86a-4779-8e52-f95c095d9393-impl-thread2] INFO  segmented.SegmentedRaftLogWorker (SegmentedRaftLogWorker.java:close(248)) - eb39f61f-e86a-4779-8e52-f95c095d9393@group-87EAFB25B769-SegmentedRaftLogWorker close()
2024-07-06 11:54:18,541 [eb39f61f-e86a-4779-8e52-f95c095d9393-NettyServerStreamRpc-bossGroup--thread1] INFO  logging.LoggingHandler (AbstractInternalLogger.java:log(148)) - [id: 0x430445b5, L:/0.0.0.0:15065] CLOSE
2024-07-06 11:54:18,541 [eb39f61f-e86a-4779-8e52-f95c095d9393-NettyServerStreamRpc-bossGroup--thread1] INFO  logging.LoggingHandler (AbstractInternalLogger.java:log(148)) - [id: 0x430445b5, L:/0.0.0.0:15065] INACTIVE
2024-07-06 11:54:18,541 [eb39f61f-e86a-4779-8e52-f95c095d9393-NettyServerStreamRpc-bossGroup--thread1] INFO  logging.LoggingHandler (AbstractInternalLogger.java:log(148)) - [id: 0x430445b5, L:/0.0.0.0:15065] UNREGISTERED
2024-07-06 11:54:18,553 [eb39f61f-e86a-4779-8e52-f95c095d9393-impl-thread1] INFO  segmented.SegmentedRaftLogWorker (SegmentedRaftLogWorker.java:close(248)) - eb39f61f-e86a-4779-8e52-f95c095d9393@group-8990BC0FEF12-SegmentedRaftLogWorker close()
2024-07-06 11:54:18,569 [0cfa5fef-e387-4d03-8755-cac648de9f82-impl-thread1] INFO  segmented.SegmentedRaftLogWorker (SegmentedRaftLogWorker.java:close(248)) - 0cfa5fef-e387-4d03-8755-cac648de9f82@group-8990BC0FEF12-SegmentedRaftLogWorker close()
2024-07-06 11:54:18,653 [eb39f61f-e86a-4779-8e52-f95c095d9393-impl-thread3] INFO  segmented.SegmentedRaftLogWorker (SegmentedRaftLogWorker.java:close(248)) - eb39f61f-e86a-4779-8e52-f95c095d9393@group-2A9A77740CD0-SegmentedRaftLogWorker close()
2024-07-06 11:54:18,653 [JvmPauseMonitor7] INFO  util.JvmPauseMonitor (JvmPauseMonitor.java:run(152)) - JvmPauseMonitor-eb39f61f-e86a-4779-8e52-f95c095d9393: Stopped
2024-07-06 11:54:18,669 [SecretKeyPoller] INFO  retry.RetryInvocationHandler (RetryInvocationHandler.java:log(422)) - com.google.protobuf.ServiceException: java.net.ConnectException: Call From fv-az1041-405/10.1.0.11 to localhost:15010 failed on connection exception: java.net.ConnectException: Connection refused; For more details see:  http://wiki.apache.org/hadoop/ConnectionRefused, while invoking $Proxy68.submitRequest over nodeId=scmNode-2,nodeAddress=/127.0.0.1:15010 after 1 failover attempts. Trying to failover after sleeping for 2000ms. Current retry count: 1.
2024-07-06 11:54:18,669 [SecretKeyPoller] INFO  retry.RetryInvocationHandler (RetryInvocationHandler.java:log(422)) - com.google.protobuf.ServiceException: java.net.ConnectException: Call From fv-az1041-405/10.1.0.11 to localhost:15010 failed on connection exception: java.net.ConnectException: Connection refused; For more details see:  http://wiki.apache.org/hadoop/ConnectionRefused, while invoking $Proxy68.submitRequest over nodeId=scmNode-2,nodeAddress=/127.0.0.1:15010 after 1 failover attempts. Trying to failover after sleeping for 2000ms. Current retry count: 1.
2024-07-06 11:54:18,669 [SecretKeyPoller] INFO  retry.RetryInvocationHandler (RetryInvocationHandler.java:log(422)) - com.google.protobuf.ServiceException: java.net.ConnectException: Call From fv-az1041-405/10.1.0.11 to localhost:15010 failed on connection exception: java.net.ConnectException: Connection refused; For more details see:  http://wiki.apache.org/hadoop/ConnectionRefused, while invoking $Proxy68.submitRequest over nodeId=scmNode-2,nodeAddress=/127.0.0.1:15010 after 1 failover attempts. Trying to failover after sleeping for 2000ms. Current retry count: 1.
2024-07-06 11:54:18,680 [0cfa5fef-e387-4d03-8755-cac648de9f82-impl-thread3] INFO  segmented.SegmentedRaftLogWorker (SegmentedRaftLogWorker.java:close(248)) - 0cfa5fef-e387-4d03-8755-cac648de9f82@group-2A9A77740CD0-SegmentedRaftLogWorker close()
2024-07-06 11:54:18,690 [8dbb38fd-cb5c-434d-a416-d5257da8c780-impl-thread3] INFO  segmented.SegmentedRaftLogWorker (SegmentedRaftLogWorker.java:close(248)) - 8dbb38fd-cb5c-434d-a416-d5257da8c780@group-2A9A77740CD0-SegmentedRaftLogWorker close()
2024-07-06 11:54:19,038 [0cfa5fef-e387-4d03-8755-cac648de9f82-EndpointStateMachineTaskThread-/127.0.0.1:15004-0 ] INFO  ipc.Client (Client.java:handleConnectionFailure(950)) - Retrying connect to server: localhost/127.0.0.1:15004. Already tried 1 time(s); retry policy is RetryUpToMaximumCountWithFixedSleep(maxRetries=15, sleepTime=1000 MILLISECONDS)
2024-07-06 11:54:19,038 [0cfa5fef-e387-4d03-8755-cac648de9f82-EndpointStateMachineTaskThread-/127.0.0.1:15020-0 ] INFO  ipc.Client (Client.java:handleConnectionFailure(950)) - Retrying connect to server: localhost/127.0.0.1:15020. Already tried 2 time(s); retry policy is RetryUpToMaximumCountWithFixedSleep(maxRetries=15, sleepTime=1000 MILLISECONDS)
2024-07-06 11:54:19,045 [0cfa5fef-e387-4d03-8755-cac648de9f82-impl-thread2] INFO  segmented.SegmentedRaftLogWorker (SegmentedRaftLogWorker.java:close(248)) - 0cfa5fef-e387-4d03-8755-cac648de9f82@group-C7E38B047446-SegmentedRaftLogWorker close()
2024-07-06 11:54:19,046 [JvmPauseMonitor6] INFO  util.JvmPauseMonitor (JvmPauseMonitor.java:run(152)) - JvmPauseMonitor-0cfa5fef-e387-4d03-8755-cac648de9f82: Stopped
2024-07-06 11:54:19,445 [8dbb38fd-cb5c-434d-a416-d5257da8c780-impl-thread2] INFO  segmented.SegmentedRaftLogWorker (SegmentedRaftLogWorker.java:close(248)) - 8dbb38fd-cb5c-434d-a416-d5257da8c780@group-F47393A7B48C-SegmentedRaftLogWorker close()
2024-07-06 11:54:19,445 [JvmPauseMonitor5] INFO  util.JvmPauseMonitor (JvmPauseMonitor.java:run(152)) - JvmPauseMonitor-8dbb38fd-cb5c-434d-a416-d5257da8c780: Stopped
2024-07-06 11:54:19,513 [8dbb38fd-cb5c-434d-a416-d5257da8c780-EndpointStateMachineTaskThread-/127.0.0.1:15004-0 ] INFO  ipc.Client (Client.java:handleConnectionFailure(950)) - Retrying connect to server: localhost/127.0.0.1:15004. Already tried 1 time(s); retry policy is RetryUpToMaximumCountWithFixedSleep(maxRetries=15, sleepTime=1000 MILLISECONDS)
2024-07-06 11:54:19,514 [8dbb38fd-cb5c-434d-a416-d5257da8c780-EndpointStateMachineTaskThread-/127.0.0.1:15020-0 ] INFO  ipc.Client (Client.java:handleConnectionFailure(950)) - Retrying connect to server: localhost/127.0.0.1:15020. Already tried 2 time(s); retry policy is RetryUpToMaximumCountWithFixedSleep(maxRetries=15, sleepTime=1000 MILLISECONDS)
2024-07-06 11:54:19,514 [8dbb38fd-cb5c-434d-a416-d5257da8c780-EndpointStateMachineTaskThread-/127.0.0.1:15012-0 ] INFO  ipc.Client (Client.java:handleConnectionFailure(950)) - Retrying connect to server: localhost/127.0.0.1:15012. Already tried 2 time(s); retry policy is RetryUpToMaximumCountWithFixedSleep(maxRetries=15, sleepTime=1000 MILLISECONDS)
2024-07-06 11:54:19,530 [eb39f61f-e86a-4779-8e52-f95c095d9393-EndpointStateMachineTaskThread-/127.0.0.1:15012-0 ] INFO  ipc.Client (Client.java:handleConnectionFailure(950)) - Retrying connect to server: localhost/127.0.0.1:15012. Already tried 3 time(s); retry policy is RetryUpToMaximumCountWithFixedSleep(maxRetries=15, sleepTime=1000 MILLISECONDS)
2024-07-06 11:54:19,676 [timer5] WARN  server.GrpcLogAppender (GrpcLogAppender.java:lambda$resetClient$1(221)) - eb66df86-6ffc-4e53-b873-cb2b44d5f35d@group-1EB1B476413A->41075d7a-0d70-4fa2-ba46-cbc672699b06-GrpcLogAppender: Follower failed (request=null, errorCount=4); keep nextIndex (103) unchanged and retry. (Repeated 4 times in the last 5.000s)
2024-07-06 11:54:19,676 [timer4] WARN  server.GrpcLogAppender (LogUtils.java:warn(121)) - eb66df86-6ffc-4e53-b873-cb2b44d5f35d@group-1EB1B476413A->41075d7a-0d70-4fa2-ba46-cbc672699b06-AppendLogResponseHandler: Failed appendEntries (Repeated 6 times in the last 5.000s): org.apache.ratis.thirdparty.io.grpc.StatusRuntimeException: UNAVAILABLE: io exception
2024-07-06 11:54:20,039 [0cfa5fef-e387-4d03-8755-cac648de9f82-EndpointStateMachineTaskThread-/127.0.0.1:15004-0 ] INFO  ipc.Client (Client.java:handleConnectionFailure(950)) - Retrying connect to server: localhost/127.0.0.1:15004. Already tried 2 time(s); retry policy is RetryUpToMaximumCountWithFixedSleep(maxRetries=15, sleepTime=1000 MILLISECONDS)
2024-07-06 11:54:20,039 [0cfa5fef-e387-4d03-8755-cac648de9f82-EndpointStateMachineTaskThread-/127.0.0.1:15020-0 ] INFO  ipc.Client (Client.java:handleConnectionFailure(950)) - Retrying connect to server: localhost/127.0.0.1:15020. Already tried 3 time(s); retry policy is RetryUpToMaximumCountWithFixedSleep(maxRetries=15, sleepTime=1000 MILLISECONDS)
2024-07-06 11:54:20,514 [8dbb38fd-cb5c-434d-a416-d5257da8c780-EndpointStateMachineTaskThread-/127.0.0.1:15020-0 ] INFO  ipc.Client (Client.java:handleConnectionFailure(950)) - Retrying connect to server: localhost/127.0.0.1:15020. Already tried 3 time(s); retry policy is RetryUpToMaximumCountWithFixedSleep(maxRetries=15, sleepTime=1000 MILLISECONDS)
2024-07-06 11:54:20,514 [8dbb38fd-cb5c-434d-a416-d5257da8c780-EndpointStateMachineTaskThread-/127.0.0.1:15004-0 ] INFO  ipc.Client (Client.java:handleConnectionFailure(950)) - Retrying connect to server: localhost/127.0.0.1:15004. Already tried 2 time(s); retry policy is RetryUpToMaximumCountWithFixedSleep(maxRetries=15, sleepTime=1000 MILLISECONDS)
2024-07-06 11:54:20,515 [8dbb38fd-cb5c-434d-a416-d5257da8c780-EndpointStateMachineTaskThread-/127.0.0.1:15012-0 ] INFO  ipc.Client (Client.java:handleConnectionFailure(950)) - Retrying connect to server: localhost/127.0.0.1:15012. Already tried 3 time(s); retry policy is RetryUpToMaximumCountWithFixedSleep(maxRetries=15, sleepTime=1000 MILLISECONDS)
2024-07-06 11:54:20,531 [eb39f61f-e86a-4779-8e52-f95c095d9393-EndpointStateMachineTaskThread-/127.0.0.1:15012-0 ] INFO  ipc.Client (Client.java:handleConnectionFailure(950)) - Retrying connect to server: localhost/127.0.0.1:15012. Already tried 4 time(s); retry policy is RetryUpToMaximumCountWithFixedSleep(maxRetries=15, sleepTime=1000 MILLISECONDS)
2024-07-06 11:54:20,577 [timer3] WARN  server.GrpcLogAppender (GrpcLogAppender.java:lambda$resetClient$1(221)) - eb66df86-6ffc-4e53-b873-cb2b44d5f35d@group-1EB1B476413A->41075d7a-0d70-4fa2-ba46-cbc672699b06-GrpcLogAppender: Follower failed (request=null, errorCount=6); keep nextIndex (104) unchanged and retry. (Repeated 2 times in the last 5.000s)
2024-07-06 11:54:20,577 [timer4] WARN  server.GrpcLogAppender (LogUtils.java:warn(121)) - eb66df86-6ffc-4e53-b873-cb2b44d5f35d@group-1EB1B476413A->39a46239-dc5f-49f3-8624-e36d450519bc-AppendLogResponseHandler: Failed appendEntries (Repeated 2 times in the last 5.000s): org.apache.ratis.thirdparty.io.grpc.StatusRuntimeException: CANCELLED: RST_STREAM closed stream. HTTP/2 error code: CANCEL
2024-07-06 11:54:20,577 [timer5] WARN  server.GrpcLogAppender (GrpcLogAppender.java:lambda$resetClient$1(221)) - eb66df86-6ffc-4e53-b873-cb2b44d5f35d@group-1EB1B476413A->39a46239-dc5f-49f3-8624-e36d450519bc-GrpcLogAppender: Follower failed (request=null, errorCount=2); keep nextIndex (104) unchanged and retry. (Repeated 2 times in the last 5.000s)
2024-07-06 11:54:20,663 [ForkJoinPool.commonPool-worker-2] INFO  utils.DatanodeStoreCache (DatanodeStoreCache.java:shutdownCache(116)) - Skip clearing cache in mini cluster mode. Entries left: [/home/runner/work/ozone/ozone/hadoop-ozone/integration-test/target/test-dir/MiniOzoneClusterImpl-23934d72-33be-4118-bcff-1eb1b476413a/ozone-meta/datanode-1/data-0/hdds/23934d72-33be-4118-bcff-1eb1b476413a/DS-3e710970-f94c-47dc-9bb3-de972a313791/container.db, /home/runner/work/ozone/ozone/hadoop-ozone/integration-test/target/test-dir/MiniOzoneClusterImpl-23934d72-33be-4118-bcff-1eb1b476413a/ozone-meta/datanode-2/data-0/hdds/23934d72-33be-4118-bcff-1eb1b476413a/DS-b7128250-9380-42c5-8899-b9ed674e60b2/container.db, /home/runner/work/ozone/ozone/hadoop-ozone/integration-test/target/test-dir/MiniOzoneClusterImpl-23934d72-33be-4118-bcff-1eb1b476413a/ozone-meta/datanode-3/data-0/hdds/23934d72-33be-4118-bcff-1eb1b476413a/DS-ce2d0964-7c34-46df-9d7d-bf44ecc5a57c/container.db]
2024-07-06 11:54:20,664 [ForkJoinPool.commonPool-worker-2] INFO  utils.DatanodeStoreCache (DatanodeStoreCache.java:removeDB(110)) - Removed db /home/runner/work/ozone/ozone/hadoop-ozone/integration-test/target/test-dir/MiniOzoneClusterImpl-23934d72-33be-4118-bcff-1eb1b476413a/ozone-meta/datanode-3/data-0/hdds/23934d72-33be-4118-bcff-1eb1b476413a/DS-ce2d0964-7c34-46df-9d7d-bf44ecc5a57c/container.db from cache
2024-07-06 11:54:20,664 [ForkJoinPool.commonPool-worker-2] INFO  volume.HddsVolume (HddsVolume.java:closeDbStore(470)) - SchemaV3 db is stopped at /home/runner/work/ozone/ozone/hadoop-ozone/integration-test/target/test-dir/MiniOzoneClusterImpl-23934d72-33be-4118-bcff-1eb1b476413a/ozone-meta/datanode-3/data-0/hdds/23934d72-33be-4118-bcff-1eb1b476413a/DS-ce2d0964-7c34-46df-9d7d-bf44ecc5a57c/container.db for volume DS-ce2d0964-7c34-46df-9d7d-bf44ecc5a57c
2024-07-06 11:54:20,664 [ForkJoinPool.commonPool-worker-2] INFO  utils.BackgroundService (BackgroundService.java:shutdown(163)) - Shutting down service BlockDeletingService
2024-07-06 11:54:20,664 [ForkJoinPool.commonPool-worker-2] INFO  utils.BackgroundService (BackgroundService.java:shutdown(163)) - Shutting down service StaleRecoveringContainerScrubbingService
2024-07-06 11:54:20,665 [ForkJoinPool.commonPool-worker-2] INFO  statemachine.DatanodeStateMachine (DatanodeStateMachine.java:stopDaemon(628)) - Ozone container server stopped.
2024-07-06 11:54:20,670 [SecretKeyPoller] INFO  retry.RetryInvocationHandler (RetryInvocationHandler.java:log(422)) - com.google.protobuf.ServiceException: java.net.ConnectException: Call From fv-az1041-405/10.1.0.11 to localhost:15018 failed on connection exception: java.net.ConnectException: Connection refused; For more details see:  http://wiki.apache.org/hadoop/ConnectionRefused, while invoking $Proxy68.submitRequest over nodeId=scmNode-3,nodeAddress=/127.0.0.1:15018 after 2 failover attempts. Trying to failover after sleeping for 2000ms. Current retry count: 2.
2024-07-06 11:54:20,670 [SecretKeyPoller] INFO  retry.RetryInvocationHandler (RetryInvocationHandler.java:log(422)) - com.google.protobuf.ServiceException: java.net.ConnectException: Call From fv-az1041-405/10.1.0.11 to localhost:15018 failed on connection exception: java.net.ConnectException: Connection refused; For more details see:  http://wiki.apache.org/hadoop/ConnectionRefused, while invoking $Proxy68.submitRequest over nodeId=scmNode-3,nodeAddress=/127.0.0.1:15018 after 2 failover attempts. Trying to failover after sleeping for 2000ms. Current retry count: 2.
2024-07-06 11:54:20,670 [SecretKeyPoller] INFO  retry.RetryInvocationHandler (RetryInvocationHandler.java:log(422)) - com.google.protobuf.ServiceException: java.net.ConnectException: Call From fv-az1041-405/10.1.0.11 to localhost:15018 failed on connection exception: java.net.ConnectException: Connection refused; For more details see:  http://wiki.apache.org/hadoop/ConnectionRefused, while invoking $Proxy68.submitRequest over nodeId=scmNode-3,nodeAddress=/127.0.0.1:15018 after 2 failover attempts. Trying to failover after sleeping for 2000ms. Current retry count: 2.
2024-07-06 11:54:20,672 [ForkJoinPool.commonPool-worker-2] INFO  handler.ContextHandler (ContextHandler.java:doStop(1159)) - Stopped o.e.j.w.WebAppContext@108c6292{hddsDatanode,/,null,STOPPED}{jar:file:/home/runner/work/ozone/ozone/hadoop-hdds/container-service/target/hdds-container-service-1.5.0-SNAPSHOT.jar!/webapps/hddsDatanode}
2024-07-06 11:54:20,673 [ForkJoinPool.commonPool-worker-2] INFO  server.AbstractConnector (AbstractConnector.java:doStop(383)) - Stopped ServerConnector@4bbb4b4{HTTP/1.1, (http/1.1)}{0.0.0.0:15059}
2024-07-06 11:54:20,673 [ForkJoinPool.commonPool-worker-2] INFO  server.session (HouseKeeper.java:stopScavenging(149)) - node0 Stopped scavenging
2024-07-06 11:54:20,673 [ForkJoinPool.commonPool-worker-2] INFO  handler.ContextHandler (ContextHandler.java:doStop(1159)) - Stopped o.e.j.s.ServletContextHandler@532ad0fd{static,/static,jar:file:/home/runner/work/ozone/ozone/hadoop-hdds/container-service/target/hdds-container-service-1.5.0-SNAPSHOT.jar!/webapps/static,STOPPED}
2024-07-06 11:54:20,673 [ForkJoinPool.commonPool-worker-2] INFO  handler.ContextHandler (ContextHandler.java:doStop(1159)) - Stopped o.e.j.s.ServletContextHandler@5773ad4a{logs,/logs,file:///home/runner/work/ozone/ozone/hadoop-ozone/integration-test/target/log,STOPPED}
2024-07-06 11:54:20,673 [ForkJoinPool.commonPool-worker-2] INFO  ozone.HddsDatanodeClientProtocolServer (HddsDatanodeClientProtocolServer.java:stop(83)) - Stopping the RPC server for Client Protocol
2024-07-06 11:54:20,673 [ForkJoinPool.commonPool-worker-2] INFO  ipc.Server (Server.java:stop(3523)) - Stopping server on 15060
2024-07-06 11:54:20,674 [IPC Server listener on 15060] INFO  ipc.Server (Server.java:run(1434)) - Stopping IPC Server listener on 15060
2024-07-06 11:54:20,674 [IPC Server Responder] INFO  ipc.Server (Server.java:run(1567)) - Stopping IPC Server Responder
2024-07-06 11:54:21,039 [0cfa5fef-e387-4d03-8755-cac648de9f82-EndpointStateMachineTaskThread-/127.0.0.1:15004-0 ] INFO  ipc.Client (Client.java:handleConnectionFailure(950)) - Retrying connect to server: localhost/127.0.0.1:15004. Already tried 3 time(s); retry policy is RetryUpToMaximumCountWithFixedSleep(maxRetries=15, sleepTime=1000 MILLISECONDS)
2024-07-06 11:54:21,039 [0cfa5fef-e387-4d03-8755-cac648de9f82-EndpointStateMachineTaskThread-/127.0.0.1:15020-0 ] INFO  ipc.Client (Client.java:handleConnectionFailure(950)) - Retrying connect to server: localhost/127.0.0.1:15020. Already tried 4 time(s); retry policy is RetryUpToMaximumCountWithFixedSleep(maxRetries=15, sleepTime=1000 MILLISECONDS)
2024-07-06 11:54:21,048 [main] INFO  utils.DatanodeStoreCache (DatanodeStoreCache.java:shutdownCache(116)) - Skip clearing cache in mini cluster mode. Entries left: [/home/runner/work/ozone/ozone/hadoop-ozone/integration-test/target/test-dir/MiniOzoneClusterImpl-23934d72-33be-4118-bcff-1eb1b476413a/ozone-meta/datanode-1/data-0/hdds/23934d72-33be-4118-bcff-1eb1b476413a/DS-3e710970-f94c-47dc-9bb3-de972a313791/container.db, /home/runner/work/ozone/ozone/hadoop-ozone/integration-test/target/test-dir/MiniOzoneClusterImpl-23934d72-33be-4118-bcff-1eb1b476413a/ozone-meta/datanode-2/data-0/hdds/23934d72-33be-4118-bcff-1eb1b476413a/DS-b7128250-9380-42c5-8899-b9ed674e60b2/container.db]
2024-07-06 11:54:21,049 [main] INFO  utils.DatanodeStoreCache (DatanodeStoreCache.java:removeDB(110)) - Removed db /home/runner/work/ozone/ozone/hadoop-ozone/integration-test/target/test-dir/MiniOzoneClusterImpl-23934d72-33be-4118-bcff-1eb1b476413a/ozone-meta/datanode-2/data-0/hdds/23934d72-33be-4118-bcff-1eb1b476413a/DS-b7128250-9380-42c5-8899-b9ed674e60b2/container.db from cache
2024-07-06 11:54:21,049 [main] INFO  volume.HddsVolume (HddsVolume.java:closeDbStore(470)) - SchemaV3 db is stopped at /home/runner/work/ozone/ozone/hadoop-ozone/integration-test/target/test-dir/MiniOzoneClusterImpl-23934d72-33be-4118-bcff-1eb1b476413a/ozone-meta/datanode-2/data-0/hdds/23934d72-33be-4118-bcff-1eb1b476413a/DS-b7128250-9380-42c5-8899-b9ed674e60b2/container.db for volume DS-b7128250-9380-42c5-8899-b9ed674e60b2
2024-07-06 11:54:21,049 [main] INFO  utils.BackgroundService (BackgroundService.java:shutdown(163)) - Shutting down service BlockDeletingService
2024-07-06 11:54:21,050 [main] INFO  utils.BackgroundService (BackgroundService.java:shutdown(163)) - Shutting down service StaleRecoveringContainerScrubbingService
2024-07-06 11:54:21,050 [main] INFO  statemachine.DatanodeStateMachine (DatanodeStateMachine.java:stopDaemon(628)) - Ozone container server stopped.
2024-07-06 11:54:21,057 [main] INFO  handler.ContextHandler (ContextHandler.java:doStop(1159)) - Stopped o.e.j.w.WebAppContext@2202c350{hddsDatanode,/,null,STOPPED}{jar:file:/home/runner/work/ozone/ozone/hadoop-hdds/container-service/target/hdds-container-service-1.5.0-SNAPSHOT.jar!/webapps/hddsDatanode}
2024-07-06 11:54:21,057 [main] INFO  server.AbstractConnector (AbstractConnector.java:doStop(383)) - Stopped ServerConnector@2546604e{HTTP/1.1, (http/1.1)}{0.0.0.0:15050}
2024-07-06 11:54:21,057 [main] INFO  server.session (HouseKeeper.java:stopScavenging(149)) - node0 Stopped scavenging
2024-07-06 11:54:21,058 [main] INFO  handler.ContextHandler (ContextHandler.java:doStop(1159)) - Stopped o.e.j.s.ServletContextHandler@735666c4{static,/static,jar:file:/home/runner/work/ozone/ozone/hadoop-hdds/container-service/target/hdds-container-service-1.5.0-SNAPSHOT.jar!/webapps/static,STOPPED}
2024-07-06 11:54:21,058 [main] INFO  handler.ContextHandler (ContextHandler.java:doStop(1159)) - Stopped o.e.j.s.ServletContextHandler@596ecd6c{logs,/logs,file:///home/runner/work/ozone/ozone/hadoop-ozone/integration-test/target/log,STOPPED}
2024-07-06 11:54:21,059 [main] INFO  ozone.HddsDatanodeClientProtocolServer (HddsDatanodeClientProtocolServer.java:stop(83)) - Stopping the RPC server for Client Protocol
2024-07-06 11:54:21,059 [main] INFO  ipc.Server (Server.java:stop(3523)) - Stopping server on 15051
2024-07-06 11:54:21,059 [IPC Server listener on 15051] INFO  ipc.Server (Server.java:run(1434)) - Stopping IPC Server listener on 15051
2024-07-06 11:54:21,059 [IPC Server Responder] INFO  ipc.Server (Server.java:run(1567)) - Stopping IPC Server Responder
2024-07-06 11:54:21,448 [ForkJoinPool.commonPool-worker-3] INFO  utils.DatanodeStoreCache (DatanodeStoreCache.java:shutdownCache(116)) - Skip clearing cache in mini cluster mode. Entries left: [/home/runner/work/ozone/ozone/hadoop-ozone/integration-test/target/test-dir/MiniOzoneClusterImpl-23934d72-33be-4118-bcff-1eb1b476413a/ozone-meta/datanode-1/data-0/hdds/23934d72-33be-4118-bcff-1eb1b476413a/DS-3e710970-f94c-47dc-9bb3-de972a313791/container.db]
2024-07-06 11:54:21,449 [ForkJoinPool.commonPool-worker-3] INFO  utils.DatanodeStoreCache (DatanodeStoreCache.java:removeDB(110)) - Removed db /home/runner/work/ozone/ozone/hadoop-ozone/integration-test/target/test-dir/MiniOzoneClusterImpl-23934d72-33be-4118-bcff-1eb1b476413a/ozone-meta/datanode-1/data-0/hdds/23934d72-33be-4118-bcff-1eb1b476413a/DS-3e710970-f94c-47dc-9bb3-de972a313791/container.db from cache
2024-07-06 11:54:21,449 [ForkJoinPool.commonPool-worker-3] INFO  volume.HddsVolume (HddsVolume.java:closeDbStore(470)) - SchemaV3 db is stopped at /home/runner/work/ozone/ozone/hadoop-ozone/integration-test/target/test-dir/MiniOzoneClusterImpl-23934d72-33be-4118-bcff-1eb1b476413a/ozone-meta/datanode-1/data-0/hdds/23934d72-33be-4118-bcff-1eb1b476413a/DS-3e710970-f94c-47dc-9bb3-de972a313791/container.db for volume DS-3e710970-f94c-47dc-9bb3-de972a313791
2024-07-06 11:54:21,449 [ForkJoinPool.commonPool-worker-3] INFO  utils.BackgroundService (BackgroundService.java:shutdown(163)) - Shutting down service BlockDeletingService
2024-07-06 11:54:21,450 [ForkJoinPool.commonPool-worker-3] INFO  utils.BackgroundService (BackgroundService.java:shutdown(163)) - Shutting down service StaleRecoveringContainerScrubbingService
2024-07-06 11:54:21,450 [ForkJoinPool.commonPool-worker-3] INFO  statemachine.DatanodeStateMachine (DatanodeStateMachine.java:stopDaemon(628)) - Ozone container server stopped.
2024-07-06 11:54:21,456 [ForkJoinPool.commonPool-worker-3] INFO  handler.ContextHandler (ContextHandler.java:doStop(1159)) - Stopped o.e.j.w.WebAppContext@74f29818{hddsDatanode,/,null,STOPPED}{jar:file:/home/runner/work/ozone/ozone/hadoop-hdds/container-service/target/hdds-container-service-1.5.0-SNAPSHOT.jar!/webapps/hddsDatanode}
2024-07-06 11:54:21,457 [ForkJoinPool.commonPool-worker-3] INFO  server.AbstractConnector (AbstractConnector.java:doStop(383)) - Stopped ServerConnector@609b91b4{HTTP/1.1, (http/1.1)}{0.0.0.0:15041}
2024-07-06 11:54:21,457 [ForkJoinPool.commonPool-worker-3] INFO  server.session (HouseKeeper.java:stopScavenging(149)) - node0 Stopped scavenging
2024-07-06 11:54:21,457 [ForkJoinPool.commonPool-worker-3] INFO  handler.ContextHandler (ContextHandler.java:doStop(1159)) - Stopped o.e.j.s.ServletContextHandler@87b341b{static,/static,jar:file:/home/runner/work/ozone/ozone/hadoop-hdds/container-service/target/hdds-container-service-1.5.0-SNAPSHOT.jar!/webapps/static,STOPPED}
2024-07-06 11:54:21,457 [ForkJoinPool.commonPool-worker-3] INFO  handler.ContextHandler (ContextHandler.java:doStop(1159)) - Stopped o.e.j.s.ServletContextHandler@7423becb{logs,/logs,file:///home/runner/work/ozone/ozone/hadoop-ozone/integration-test/target/log,STOPPED}
2024-07-06 11:54:21,458 [ForkJoinPool.commonPool-worker-3] INFO  ozone.HddsDatanodeClientProtocolServer (HddsDatanodeClientProtocolServer.java:stop(83)) - Stopping the RPC server for Client Protocol
2024-07-06 11:54:21,458 [ForkJoinPool.commonPool-worker-3] INFO  ipc.Server (Server.java:stop(3523)) - Stopping server on 15042
2024-07-06 11:54:21,458 [IPC Server listener on 15042] INFO  ipc.Server (Server.java:run(1434)) - Stopping IPC Server listener on 15042
2024-07-06 11:54:21,458 [IPC Server Responder] INFO  ipc.Server (Server.java:run(1567)) - Stopping IPC Server Responder
2024-07-06 11:54:21,515 [8dbb38fd-cb5c-434d-a416-d5257da8c780-EndpointStateMachineTaskThread-/127.0.0.1:15020-0 ] INFO  ipc.Client (Client.java:handleConnectionFailure(950)) - Retrying connect to server: localhost/127.0.0.1:15020. Already tried 4 time(s); retry policy is RetryUpToMaximumCountWithFixedSleep(maxRetries=15, sleepTime=1000 MILLISECONDS)
2024-07-06 11:54:21,515 [8dbb38fd-cb5c-434d-a416-d5257da8c780-EndpointStateMachineTaskThread-/127.0.0.1:15004-0 ] INFO  ipc.Client (Client.java:handleConnectionFailure(950)) - Retrying connect to server: localhost/127.0.0.1:15004. Already tried 3 time(s); retry policy is RetryUpToMaximumCountWithFixedSleep(maxRetries=15, sleepTime=1000 MILLISECONDS)
2024-07-06 11:54:21,515 [8dbb38fd-cb5c-434d-a416-d5257da8c780-EndpointStateMachineTaskThread-/127.0.0.1:15012-0 ] INFO  ipc.Client (Client.java:handleConnectionFailure(950)) - Retrying connect to server: localhost/127.0.0.1:15012. Already tried 4 time(s); retry policy is RetryUpToMaximumCountWithFixedSleep(maxRetries=15, sleepTime=1000 MILLISECONDS)
2024-07-06 11:54:21,531 [eb39f61f-e86a-4779-8e52-f95c095d9393-EndpointStateMachineTaskThread-/127.0.0.1:15012-0 ] INFO  ipc.Client (Client.java:handleConnectionFailure(950)) - Retrying connect to server: localhost/127.0.0.1:15012. Already tried 5 time(s); retry policy is RetryUpToMaximumCountWithFixedSleep(maxRetries=15, sleepTime=1000 MILLISECONDS)
2024-07-06 11:54:22,040 [0cfa5fef-e387-4d03-8755-cac648de9f82-EndpointStateMachineTaskThread-/127.0.0.1:15020-0 ] INFO  ipc.Client (Client.java:handleConnectionFailure(950)) - Retrying connect to server: localhost/127.0.0.1:15020. Already tried 5 time(s); retry policy is RetryUpToMaximumCountWithFixedSleep(maxRetries=15, sleepTime=1000 MILLISECONDS)
2024-07-06 11:54:22,040 [0cfa5fef-e387-4d03-8755-cac648de9f82-EndpointStateMachineTaskThread-/127.0.0.1:15004-0 ] INFO  ipc.Client (Client.java:handleConnectionFailure(950)) - Retrying connect to server: localhost/127.0.0.1:15004. Already tried 4 time(s); retry policy is RetryUpToMaximumCountWithFixedSleep(maxRetries=15, sleepTime=1000 MILLISECONDS)
2024-07-06 11:54:22,515 [8dbb38fd-cb5c-434d-a416-d5257da8c780-EndpointStateMachineTaskThread-/127.0.0.1:15020-0 ] INFO  ipc.Client (Client.java:handleConnectionFailure(950)) - Retrying connect to server: localhost/127.0.0.1:15020. Already tried 5 time(s); retry policy is RetryUpToMaximumCountWithFixedSleep(maxRetries=15, sleepTime=1000 MILLISECONDS)
2024-07-06 11:54:22,515 [8dbb38fd-cb5c-434d-a416-d5257da8c780-EndpointStateMachineTaskThread-/127.0.0.1:15004-0 ] INFO  ipc.Client (Client.java:handleConnectionFailure(950)) - Retrying connect to server: localhost/127.0.0.1:15004. Already tried 4 time(s); retry policy is RetryUpToMaximumCountWithFixedSleep(maxRetries=15, sleepTime=1000 MILLISECONDS)
2024-07-06 11:54:22,516 [8dbb38fd-cb5c-434d-a416-d5257da8c780-EndpointStateMachineTaskThread-/127.0.0.1:15012-0 ] INFO  ipc.Client (Client.java:handleConnectionFailure(950)) - Retrying connect to server: localhost/127.0.0.1:15012. Already tried 5 time(s); retry policy is RetryUpToMaximumCountWithFixedSleep(maxRetries=15, sleepTime=1000 MILLISECONDS)
2024-07-06 11:54:22,532 [eb39f61f-e86a-4779-8e52-f95c095d9393-EndpointStateMachineTaskThread-/127.0.0.1:15012-0 ] INFO  ipc.Client (Client.java:handleConnectionFailure(950)) - Retrying connect to server: localhost/127.0.0.1:15012. Already tried 6 time(s); retry policy is RetryUpToMaximumCountWithFixedSleep(maxRetries=15, sleepTime=1000 MILLISECONDS)
2024-07-06 11:54:22,670 [SecretKeyPoller] INFO  retry.RetryInvocationHandler (RetryInvocationHandler.java:log(422)) - com.google.protobuf.ServiceException: java.net.ConnectException: Call From fv-az1041-405/10.1.0.11 to localhost:15002 failed on connection exception: java.net.ConnectException: Connection refused; For more details see:  http://wiki.apache.org/hadoop/ConnectionRefused, while invoking $Proxy68.submitRequest over nodeId=scmNode-1,nodeAddress=/127.0.0.1:15002 after 3 failover attempts. Trying to failover after sleeping for 2000ms. Current retry count: 3.
2024-07-06 11:54:22,670 [SecretKeyPoller] INFO  retry.RetryInvocationHandler (RetryInvocationHandler.java:log(422)) - com.google.protobuf.ServiceException: java.net.ConnectException: Call From fv-az1041-405/10.1.0.11 to localhost:15002 failed on connection exception: java.net.ConnectException: Connection refused; For more details see:  http://wiki.apache.org/hadoop/ConnectionRefused, while invoking $Proxy68.submitRequest over nodeId=scmNode-1,nodeAddress=/127.0.0.1:15002 after 3 failover attempts. Trying to failover after sleeping for 2000ms. Current retry count: 3.
2024-07-06 11:54:22,670 [SecretKeyPoller] INFO  retry.RetryInvocationHandler (RetryInvocationHandler.java:log(422)) - com.google.protobuf.ServiceException: java.net.ConnectException: Call From fv-az1041-405/10.1.0.11 to localhost:15002 failed on connection exception: java.net.ConnectException: Connection refused; For more details see:  http://wiki.apache.org/hadoop/ConnectionRefused, while invoking $Proxy68.submitRequest over nodeId=scmNode-1,nodeAddress=/127.0.0.1:15002 after 3 failover attempts. Trying to failover after sleeping for 2000ms. Current retry count: 3.
2024-07-06 11:54:23,040 [0cfa5fef-e387-4d03-8755-cac648de9f82-EndpointStateMachineTaskThread-/127.0.0.1:15020-0 ] INFO  ipc.Client (Client.java:handleConnectionFailure(950)) - Retrying connect to server: localhost/127.0.0.1:15020. Already tried 6 time(s); retry policy is RetryUpToMaximumCountWithFixedSleep(maxRetries=15, sleepTime=1000 MILLISECONDS)
2024-07-06 11:54:23,040 [0cfa5fef-e387-4d03-8755-cac648de9f82-EndpointStateMachineTaskThread-/127.0.0.1:15004-0 ] INFO  ipc.Client (Client.java:handleConnectionFailure(950)) - Retrying connect to server: localhost/127.0.0.1:15004. Already tried 5 time(s); retry policy is RetryUpToMaximumCountWithFixedSleep(maxRetries=15, sleepTime=1000 MILLISECONDS)
2024-07-06 11:54:23,046 [timer3] WARN  server.GrpcLogAppender (LogUtils.java:warn(121)) - eb39f61f-e86a-4779-8e52-f95c095d9393@group-2A9A77740CD0->0cfa5fef-e387-4d03-8755-cac648de9f82-AppendLogResponseHandler: Failed appendEntries (Repeated 2 times in the last 5.000s): org.apache.ratis.thirdparty.io.grpc.StatusRuntimeException: CANCELLED: RST_STREAM closed stream. HTTP/2 error code: CANCEL
2024-07-06 11:54:23,046 [timer4] WARN  server.GrpcLogAppender (GrpcLogAppender.java:lambda$resetClient$1(221)) - eb39f61f-e86a-4779-8e52-f95c095d9393@group-2A9A77740CD0->0cfa5fef-e387-4d03-8755-cac648de9f82-GrpcLogAppender: Follower failed (request=null, errorCount=2); keep nextIndex (1) unchanged and retry. (Repeated 4 times in the last 5.000s)
2024-07-06 11:54:23,048 [timer5] WARN  server.GrpcLogAppender (LogUtils.java:warn(121)) - 8dbb38fd-cb5c-434d-a416-d5257da8c780@group-8990BC0FEF12->0cfa5fef-e387-4d03-8755-cac648de9f82-AppendLogResponseHandler: Failed appendEntries (Repeated 2 times in the last 5.000s): org.apache.ratis.thirdparty.io.grpc.StatusRuntimeException: CANCELLED: RST_STREAM closed stream. HTTP/2 error code: CANCEL
2024-07-06 11:54:23,516 [8dbb38fd-cb5c-434d-a416-d5257da8c780-EndpointStateMachineTaskThread-/127.0.0.1:15020-0 ] INFO  ipc.Client (Client.java:handleConnectionFailure(950)) - Retrying connect to server: localhost/127.0.0.1:15020. Already tried 6 time(s); retry policy is RetryUpToMaximumCountWithFixedSleep(maxRetries=15, sleepTime=1000 MILLISECONDS)
2024-07-06 11:54:23,516 [8dbb38fd-cb5c-434d-a416-d5257da8c780-EndpointStateMachineTaskThread-/127.0.0.1:15004-0 ] INFO  ipc.Client (Client.java:handleConnectionFailure(950)) - Retrying connect to server: localhost/127.0.0.1:15004. Already tried 5 time(s); retry policy is RetryUpToMaximumCountWithFixedSleep(maxRetries=15, sleepTime=1000 MILLISECONDS)
2024-07-06 11:54:23,516 [8dbb38fd-cb5c-434d-a416-d5257da8c780-EndpointStateMachineTaskThread-/127.0.0.1:15012-0 ] INFO  ipc.Client (Client.java:handleConnectionFailure(950)) - Retrying connect to server: localhost/127.0.0.1:15012. Already tried 6 time(s); retry policy is RetryUpToMaximumCountWithFixedSleep(maxRetries=15, sleepTime=1000 MILLISECONDS)
2024-07-06 11:54:23,521 [timer6] WARN  server.GrpcLogAppender (LogUtils.java:warn(121)) - eb39f61f-e86a-4779-8e52-f95c095d9393@group-2A9A77740CD0->8dbb38fd-cb5c-434d-a416-d5257da8c780-AppendLogResponseHandler: Failed appendEntries (Repeated 2 times in the last 5.000s): org.apache.ratis.thirdparty.io.grpc.StatusRuntimeException: CANCELLED: RST_STREAM closed stream. HTTP/2 error code: CANCEL
2024-07-06 11:54:23,521 [timer7] WARN  server.GrpcLogAppender (GrpcLogAppender.java:lambda$resetClient$1(221)) - eb39f61f-e86a-4779-8e52-f95c095d9393@group-2A9A77740CD0->8dbb38fd-cb5c-434d-a416-d5257da8c780-GrpcLogAppender: Follower failed (request=null, errorCount=2); keep nextIndex (1) unchanged and retry. (Repeated 2 times in the last 5.000s)
2024-07-06 11:54:23,532 [eb39f61f-e86a-4779-8e52-f95c095d9393-EndpointStateMachineTaskThread-/127.0.0.1:15012-0 ] INFO  ipc.Client (Client.java:handleConnectionFailure(950)) - Retrying connect to server: localhost/127.0.0.1:15012. Already tried 7 time(s); retry policy is RetryUpToMaximumCountWithFixedSleep(maxRetries=15, sleepTime=1000 MILLISECONDS)
2024-07-06 11:54:24,041 [0cfa5fef-e387-4d03-8755-cac648de9f82-EndpointStateMachineTaskThread-/127.0.0.1:15020-0 ] INFO  ipc.Client (Client.java:handleConnectionFailure(950)) - Retrying connect to server: localhost/127.0.0.1:15020. Already tried 7 time(s); retry policy is RetryUpToMaximumCountWithFixedSleep(maxRetries=15, sleepTime=1000 MILLISECONDS)
2024-07-06 11:54:24,041 [0cfa5fef-e387-4d03-8755-cac648de9f82-EndpointStateMachineTaskThread-/127.0.0.1:15004-0 ] INFO  ipc.Client (Client.java:handleConnectionFailure(950)) - Retrying connect to server: localhost/127.0.0.1:15004. Already tried 6 time(s); retry policy is RetryUpToMaximumCountWithFixedSleep(maxRetries=15, sleepTime=1000 MILLISECONDS)
2024-07-06 11:54:24,517 [8dbb38fd-cb5c-434d-a416-d5257da8c780-EndpointStateMachineTaskThread-/127.0.0.1:15020-0 ] INFO  ipc.Client (Client.java:handleConnectionFailure(950)) - Retrying connect to server: localhost/127.0.0.1:15020. Already tried 7 time(s); retry policy is RetryUpToMaximumCountWithFixedSleep(maxRetries=15, sleepTime=1000 MILLISECONDS)
2024-07-06 11:54:24,517 [8dbb38fd-cb5c-434d-a416-d5257da8c780-EndpointStateMachineTaskThread-/127.0.0.1:15012-0 ] INFO  ipc.Client (Client.java:handleConnectionFailure(950)) - Retrying connect to server: localhost/127.0.0.1:15012. Already tried 7 time(s); retry policy is RetryUpToMaximumCountWithFixedSleep(maxRetries=15, sleepTime=1000 MILLISECONDS)
2024-07-06 11:54:24,517 [8dbb38fd-cb5c-434d-a416-d5257da8c780-EndpointStateMachineTaskThread-/127.0.0.1:15004-0 ] INFO  ipc.Client (Client.java:handleConnectionFailure(950)) - Retrying connect to server: localhost/127.0.0.1:15004. Already tried 6 time(s); retry policy is RetryUpToMaximumCountWithFixedSleep(maxRetries=15, sleepTime=1000 MILLISECONDS)
2024-07-06 11:54:24,533 [eb39f61f-e86a-4779-8e52-f95c095d9393-EndpointStateMachineTaskThread-/127.0.0.1:15012-0 ] INFO  ipc.Client (Client.java:handleConnectionFailure(950)) - Retrying connect to server: localhost/127.0.0.1:15012. Already tried 8 time(s); retry policy is RetryUpToMaximumCountWithFixedSleep(maxRetries=15, sleepTime=1000 MILLISECONDS)
2024-07-06 11:54:24,671 [SecretKeyPoller] INFO  retry.RetryInvocationHandler (RetryInvocationHandler.java:log(422)) - com.google.protobuf.ServiceException: java.net.ConnectException: Call From fv-az1041-405/10.1.0.11 to localhost:15010 failed on connection exception: java.net.ConnectException: Connection refused; For more details see:  http://wiki.apache.org/hadoop/ConnectionRefused, while invoking $Proxy68.submitRequest over nodeId=scmNode-2,nodeAddress=/127.0.0.1:15010 after 4 failover attempts. Trying to failover after sleeping for 2000ms. Current retry count: 4.
2024-07-06 11:54:24,671 [SecretKeyPoller] INFO  retry.RetryInvocationHandler (RetryInvocationHandler.java:log(422)) - com.google.protobuf.ServiceException: java.net.ConnectException: Call From fv-az1041-405/10.1.0.11 to localhost:15010 failed on connection exception: java.net.ConnectException: Connection refused; For more details see:  http://wiki.apache.org/hadoop/ConnectionRefused, while invoking $Proxy68.submitRequest over nodeId=scmNode-2,nodeAddress=/127.0.0.1:15010 after 4 failover attempts. Trying to failover after sleeping for 2000ms. Current retry count: 4.
2024-07-06 11:54:24,671 [SecretKeyPoller] INFO  retry.RetryInvocationHandler (RetryInvocationHandler.java:log(422)) - com.google.protobuf.ServiceException: java.net.ConnectException: Call From fv-az1041-405/10.1.0.11 to localhost:15010 failed on connection exception: java.net.ConnectException: Connection refused; For more details see:  http://wiki.apache.org/hadoop/ConnectionRefused, while invoking $Proxy68.submitRequest over nodeId=scmNode-2,nodeAddress=/127.0.0.1:15010 after 4 failover attempts. Trying to failover after sleeping for 2000ms. Current retry count: 4.
2024-07-06 11:54:25,041 [0cfa5fef-e387-4d03-8755-cac648de9f82-EndpointStateMachineTaskThread-/127.0.0.1:15020-0 ] INFO  ipc.Client (Client.java:handleConnectionFailure(950)) - Retrying connect to server: localhost/127.0.0.1:15020. Already tried 8 time(s); retry policy is RetryUpToMaximumCountWithFixedSleep(maxRetries=15, sleepTime=1000 MILLISECONDS)
2024-07-06 11:54:25,041 [0cfa5fef-e387-4d03-8755-cac648de9f82-EndpointStateMachineTaskThread-/127.0.0.1:15004-0 ] INFO  ipc.Client (Client.java:handleConnectionFailure(950)) - Retrying connect to server: localhost/127.0.0.1:15004. Already tried 7 time(s); retry policy is RetryUpToMaximumCountWithFixedSleep(maxRetries=15, sleepTime=1000 MILLISECONDS)
2024-07-06 11:54:25,517 [8dbb38fd-cb5c-434d-a416-d5257da8c780-EndpointStateMachineTaskThread-/127.0.0.1:15020-0 ] INFO  ipc.Client (Client.java:handleConnectionFailure(950)) - Retrying connect to server: localhost/127.0.0.1:15020. Already tried 8 time(s); retry policy is RetryUpToMaximumCountWithFixedSleep(maxRetries=15, sleepTime=1000 MILLISECONDS)
2024-07-06 11:54:25,517 [8dbb38fd-cb5c-434d-a416-d5257da8c780-EndpointStateMachineTaskThread-/127.0.0.1:15012-0 ] INFO  ipc.Client (Client.java:handleConnectionFailure(950)) - Retrying connect to server: localhost/127.0.0.1:15012. Already tried 8 time(s); retry policy is RetryUpToMaximumCountWithFixedSleep(maxRetries=15, sleepTime=1000 MILLISECONDS)
2024-07-06 11:54:25,517 [8dbb38fd-cb5c-434d-a416-d5257da8c780-EndpointStateMachineTaskThread-/127.0.0.1:15004-0 ] INFO  ipc.Client (Client.java:handleConnectionFailure(950)) - Retrying connect to server: localhost/127.0.0.1:15004. Already tried 7 time(s); retry policy is RetryUpToMaximumCountWithFixedSleep(maxRetries=15, sleepTime=1000 MILLISECONDS)
2024-07-06 11:54:25,533 [eb39f61f-e86a-4779-8e52-f95c095d9393-EndpointStateMachineTaskThread-/127.0.0.1:15012-0 ] INFO  ipc.Client (Client.java:handleConnectionFailure(950)) - Retrying connect to server: localhost/127.0.0.1:15012. Already tried 9 time(s); retry policy is RetryUpToMaximumCountWithFixedSleep(maxRetries=15, sleepTime=1000 MILLISECONDS)
2024-07-06 11:54:26,042 [0cfa5fef-e387-4d03-8755-cac648de9f82-EndpointStateMachineTaskThread-/127.0.0.1:15020-0 ] INFO  ipc.Client (Client.java:handleConnectionFailure(950)) - Retrying connect to server: localhost/127.0.0.1:15020. Already tried 9 time(s); retry policy is RetryUpToMaximumCountWithFixedSleep(maxRetries=15, sleepTime=1000 MILLISECONDS)
2024-07-06 11:54:26,042 [0cfa5fef-e387-4d03-8755-cac648de9f82-EndpointStateMachineTaskThread-/127.0.0.1:15004-0 ] INFO  ipc.Client (Client.java:handleConnectionFailure(950)) - Retrying connect to server: localhost/127.0.0.1:15004. Already tried 8 time(s); retry policy is RetryUpToMaximumCountWithFixedSleep(maxRetries=15, sleepTime=1000 MILLISECONDS)
2024-07-06 11:54:26,518 [8dbb38fd-cb5c-434d-a416-d5257da8c780-EndpointStateMachineTaskThread-/127.0.0.1:15020-0 ] INFO  ipc.Client (Client.java:handleConnectionFailure(950)) - Retrying connect to server: localhost/127.0.0.1:15020. Already tried 9 time(s); retry policy is RetryUpToMaximumCountWithFixedSleep(maxRetries=15, sleepTime=1000 MILLISECONDS)
2024-07-06 11:54:26,518 [8dbb38fd-cb5c-434d-a416-d5257da8c780-EndpointStateMachineTaskThread-/127.0.0.1:15004-0 ] INFO  ipc.Client (Client.java:handleConnectionFailure(950)) - Retrying connect to server: localhost/127.0.0.1:15004. Already tried 8 time(s); retry policy is RetryUpToMaximumCountWithFixedSleep(maxRetries=15, sleepTime=1000 MILLISECONDS)
2024-07-06 11:54:26,518 [8dbb38fd-cb5c-434d-a416-d5257da8c780-EndpointStateMachineTaskThread-/127.0.0.1:15012-0 ] INFO  ipc.Client (Client.java:handleConnectionFailure(950)) - Retrying connect to server: localhost/127.0.0.1:15012. Already tried 9 time(s); retry policy is RetryUpToMaximumCountWithFixedSleep(maxRetries=15, sleepTime=1000 MILLISECONDS)
2024-07-06 11:54:26,534 [eb39f61f-e86a-4779-8e52-f95c095d9393-EndpointStateMachineTaskThread-/127.0.0.1:15012-0 ] INFO  ipc.Client (Client.java:handleConnectionFailure(950)) - Retrying connect to server: localhost/127.0.0.1:15012. Already tried 10 time(s); retry policy is RetryUpToMaximumCountWithFixedSleep(maxRetries=15, sleepTime=1000 MILLISECONDS)
2024-07-06 11:54:26,672 [SecretKeyPoller] INFO  retry.RetryInvocationHandler (RetryInvocationHandler.java:log(422)) - com.google.protobuf.ServiceException: java.net.ConnectException: Call From fv-az1041-405/10.1.0.11 to localhost:15018 failed on connection exception: java.net.ConnectException: Connection refused; For more details see:  http://wiki.apache.org/hadoop/ConnectionRefused, while invoking $Proxy68.submitRequest over nodeId=scmNode-3,nodeAddress=/127.0.0.1:15018 after 5 failover attempts. Trying to failover after sleeping for 2000ms. Current retry count: 5.
2024-07-06 11:54:26,672 [SecretKeyPoller] INFO  retry.RetryInvocationHandler (RetryInvocationHandler.java:log(422)) - com.google.protobuf.ServiceException: java.net.ConnectException: Call From fv-az1041-405/10.1.0.11 to localhost:15018 failed on connection exception: java.net.ConnectException: Connection refused; For more details see:  http://wiki.apache.org/hadoop/ConnectionRefused, while invoking $Proxy68.submitRequest over nodeId=scmNode-3,nodeAddress=/127.0.0.1:15018 after 5 failover attempts. Trying to failover after sleeping for 2000ms. Current retry count: 5.
2024-07-06 11:54:26,672 [SecretKeyPoller] INFO  retry.RetryInvocationHandler (RetryInvocationHandler.java:log(422)) - com.google.protobuf.ServiceException: java.net.ConnectException: Call From fv-az1041-405/10.1.0.11 to localhost:15018 failed on connection exception: java.net.ConnectException: Connection refused; For more details see:  http://wiki.apache.org/hadoop/ConnectionRefused, while invoking $Proxy68.submitRequest over nodeId=scmNode-3,nodeAddress=/127.0.0.1:15018 after 5 failover attempts. Trying to failover after sleeping for 2000ms. Current retry count: 5.
2024-07-06 11:54:27,042 [0cfa5fef-e387-4d03-8755-cac648de9f82-EndpointStateMachineTaskThread-/127.0.0.1:15020-0 ] INFO  ipc.Client (Client.java:handleConnectionFailure(950)) - Retrying connect to server: localhost/127.0.0.1:15020. Already tried 10 time(s); retry policy is RetryUpToMaximumCountWithFixedSleep(maxRetries=15, sleepTime=1000 MILLISECONDS)
2024-07-06 11:54:27,042 [0cfa5fef-e387-4d03-8755-cac648de9f82-EndpointStateMachineTaskThread-/127.0.0.1:15004-0 ] INFO  ipc.Client (Client.java:handleConnectionFailure(950)) - Retrying connect to server: localhost/127.0.0.1:15004. Already tried 9 time(s); retry policy is RetryUpToMaximumCountWithFixedSleep(maxRetries=15, sleepTime=1000 MILLISECONDS)
2024-07-06 11:54:27,518 [8dbb38fd-cb5c-434d-a416-d5257da8c780-EndpointStateMachineTaskThread-/127.0.0.1:15020-0 ] INFO  ipc.Client (Client.java:handleConnectionFailure(950)) - Retrying connect to server: localhost/127.0.0.1:15020. Already tried 10 time(s); retry policy is RetryUpToMaximumCountWithFixedSleep(maxRetries=15, sleepTime=1000 MILLISECONDS)
2024-07-06 11:54:27,518 [8dbb38fd-cb5c-434d-a416-d5257da8c780-EndpointStateMachineTaskThread-/127.0.0.1:15004-0 ] INFO  ipc.Client (Client.java:handleConnectionFailure(950)) - Retrying connect to server: localhost/127.0.0.1:15004. Already tried 9 time(s); retry policy is RetryUpToMaximumCountWithFixedSleep(maxRetries=15, sleepTime=1000 MILLISECONDS)
2024-07-06 11:54:27,519 [8dbb38fd-cb5c-434d-a416-d5257da8c780-EndpointStateMachineTaskThread-/127.0.0.1:15012-0 ] INFO  ipc.Client (Client.java:handleConnectionFailure(950)) - Retrying connect to server: localhost/127.0.0.1:15012. Already tried 10 time(s); retry policy is RetryUpToMaximumCountWithFixedSleep(maxRetries=15, sleepTime=1000 MILLISECONDS)
2024-07-06 11:54:27,534 [eb39f61f-e86a-4779-8e52-f95c095d9393-EndpointStateMachineTaskThread-/127.0.0.1:15012-0 ] INFO  ipc.Client (Client.java:handleConnectionFailure(950)) - Retrying connect to server: localhost/127.0.0.1:15012. Already tried 11 time(s); retry policy is RetryUpToMaximumCountWithFixedSleep(maxRetries=15, sleepTime=1000 MILLISECONDS)
2024-07-06 11:54:28,043 [0cfa5fef-e387-4d03-8755-cac648de9f82-EndpointStateMachineTaskThread-/127.0.0.1:15004-0 ] INFO  ipc.Client (Client.java:handleConnectionFailure(950)) - Retrying connect to server: localhost/127.0.0.1:15004. Already tried 10 time(s); retry policy is RetryUpToMaximumCountWithFixedSleep(maxRetries=15, sleepTime=1000 MILLISECONDS)
2024-07-06 11:54:28,043 [0cfa5fef-e387-4d03-8755-cac648de9f82-EndpointStateMachineTaskThread-/127.0.0.1:15020-0 ] INFO  ipc.Client (Client.java:handleConnectionFailure(950)) - Retrying connect to server: localhost/127.0.0.1:15020. Already tried 11 time(s); retry policy is RetryUpToMaximumCountWithFixedSleep(maxRetries=15, sleepTime=1000 MILLISECONDS)
2024-07-06 11:54:28,519 [8dbb38fd-cb5c-434d-a416-d5257da8c780-EndpointStateMachineTaskThread-/127.0.0.1:15020-0 ] INFO  ipc.Client (Client.java:handleConnectionFailure(950)) - Retrying connect to server: localhost/127.0.0.1:15020. Already tried 11 time(s); retry policy is RetryUpToMaximumCountWithFixedSleep(maxRetries=15, sleepTime=1000 MILLISECONDS)
2024-07-06 11:54:28,519 [8dbb38fd-cb5c-434d-a416-d5257da8c780-EndpointStateMachineTaskThread-/127.0.0.1:15004-0 ] INFO  ipc.Client (Client.java:handleConnectionFailure(950)) - Retrying connect to server: localhost/127.0.0.1:15004. Already tried 10 time(s); retry policy is RetryUpToMaximumCountWithFixedSleep(maxRetries=15, sleepTime=1000 MILLISECONDS)
2024-07-06 11:54:28,519 [8dbb38fd-cb5c-434d-a416-d5257da8c780-EndpointStateMachineTaskThread-/127.0.0.1:15012-0 ] INFO  ipc.Client (Client.java:handleConnectionFailure(950)) - Retrying connect to server: localhost/127.0.0.1:15012. Already tried 11 time(s); retry policy is RetryUpToMaximumCountWithFixedSleep(maxRetries=15, sleepTime=1000 MILLISECONDS)
2024-07-06 11:54:28,534 [eb39f61f-e86a-4779-8e52-f95c095d9393-EndpointStateMachineTaskThread-/127.0.0.1:15012-0 ] INFO  ipc.Client (Client.java:handleConnectionFailure(950)) - Retrying connect to server: localhost/127.0.0.1:15012. Already tried 12 time(s); retry policy is RetryUpToMaximumCountWithFixedSleep(maxRetries=15, sleepTime=1000 MILLISECONDS)
2024-07-06 11:54:28,673 [SecretKeyPoller] INFO  retry.RetryInvocationHandler (RetryInvocationHandler.java:log(422)) - com.google.protobuf.ServiceException: java.net.ConnectException: Call From fv-az1041-405/10.1.0.11 to localhost:15002 failed on connection exception: java.net.ConnectException: Connection refused; For more details see:  http://wiki.apache.org/hadoop/ConnectionRefused, while invoking $Proxy68.submitRequest over nodeId=scmNode-1,nodeAddress=/127.0.0.1:15002 after 6 failover attempts. Trying to failover after sleeping for 2000ms. Current retry count: 6.
2024-07-06 11:54:28,673 [SecretKeyPoller] INFO  retry.RetryInvocationHandler (RetryInvocationHandler.java:log(422)) - com.google.protobuf.ServiceException: java.net.ConnectException: Call From fv-az1041-405/10.1.0.11 to localhost:15002 failed on connection exception: java.net.ConnectException: Connection refused; For more details see:  http://wiki.apache.org/hadoop/ConnectionRefused, while invoking $Proxy68.submitRequest over nodeId=scmNode-1,nodeAddress=/127.0.0.1:15002 after 6 failover attempts. Trying to failover after sleeping for 2000ms. Current retry count: 6.
2024-07-06 11:54:28,673 [SecretKeyPoller] INFO  retry.RetryInvocationHandler (RetryInvocationHandler.java:log(422)) - com.google.protobuf.ServiceException: java.net.ConnectException: Call From fv-az1041-405/10.1.0.11 to localhost:15002 failed on connection exception: java.net.ConnectException: Connection refused; For more details see:  http://wiki.apache.org/hadoop/ConnectionRefused, while invoking $Proxy68.submitRequest over nodeId=scmNode-1,nodeAddress=/127.0.0.1:15002 after 6 failover attempts. Trying to failover after sleeping for 2000ms. Current retry count: 6.
2024-07-06 11:54:29,043 [0cfa5fef-e387-4d03-8755-cac648de9f82-EndpointStateMachineTaskThread-/127.0.0.1:15004-0 ] INFO  ipc.Client (Client.java:handleConnectionFailure(950)) - Retrying connect to server: localhost/127.0.0.1:15004. Already tried 11 time(s); retry policy is RetryUpToMaximumCountWithFixedSleep(maxRetries=15, sleepTime=1000 MILLISECONDS)
2024-07-06 11:54:29,043 [0cfa5fef-e387-4d03-8755-cac648de9f82-EndpointStateMachineTaskThread-/127.0.0.1:15020-0 ] INFO  ipc.Client (Client.java:handleConnectionFailure(950)) - Retrying connect to server: localhost/127.0.0.1:15020. Already tried 12 time(s); retry policy is RetryUpToMaximumCountWithFixedSleep(maxRetries=15, sleepTime=1000 MILLISECONDS)
2024-07-06 11:54:29,520 [8dbb38fd-cb5c-434d-a416-d5257da8c780-EndpointStateMachineTaskThread-/127.0.0.1:15004-0 ] INFO  ipc.Client (Client.java:handleConnectionFailure(950)) - Retrying connect to server: localhost/127.0.0.1:15004. Already tried 11 time(s); retry policy is RetryUpToMaximumCountWithFixedSleep(maxRetries=15, sleepTime=1000 MILLISECONDS)
2024-07-06 11:54:29,520 [8dbb38fd-cb5c-434d-a416-d5257da8c780-EndpointStateMachineTaskThread-/127.0.0.1:15012-0 ] INFO  ipc.Client (Client.java:handleConnectionFailure(950)) - Retrying connect to server: localhost/127.0.0.1:15012. Already tried 12 time(s); retry policy is RetryUpToMaximumCountWithFixedSleep(maxRetries=15, sleepTime=1000 MILLISECONDS)
2024-07-06 11:54:29,520 [8dbb38fd-cb5c-434d-a416-d5257da8c780-EndpointStateMachineTaskThread-/127.0.0.1:15020-0 ] INFO  ipc.Client (Client.java:handleConnectionFailure(950)) - Retrying connect to server: localhost/127.0.0.1:15020. Already tried 12 time(s); retry policy is RetryUpToMaximumCountWithFixedSleep(maxRetries=15, sleepTime=1000 MILLISECONDS)
2024-07-06 11:54:29,535 [eb39f61f-e86a-4779-8e52-f95c095d9393-EndpointStateMachineTaskThread-/127.0.0.1:15012-0 ] INFO  ipc.Client (Client.java:handleConnectionFailure(950)) - Retrying connect to server: localhost/127.0.0.1:15012. Already tried 13 time(s); retry policy is RetryUpToMaximumCountWithFixedSleep(maxRetries=15, sleepTime=1000 MILLISECONDS)
2024-07-06 11:54:30,044 [0cfa5fef-e387-4d03-8755-cac648de9f82-EndpointStateMachineTaskThread-/127.0.0.1:15004-0 ] INFO  ipc.Client (Client.java:handleConnectionFailure(950)) - Retrying connect to server: localhost/127.0.0.1:15004. Already tried 12 time(s); retry policy is RetryUpToMaximumCountWithFixedSleep(maxRetries=15, sleepTime=1000 MILLISECONDS)
2024-07-06 11:54:30,044 [0cfa5fef-e387-4d03-8755-cac648de9f82-EndpointStateMachineTaskThread-/127.0.0.1:15020-0 ] INFO  ipc.Client (Client.java:handleConnectionFailure(950)) - Retrying connect to server: localhost/127.0.0.1:15020. Already tried 13 time(s); retry policy is RetryUpToMaximumCountWithFixedSleep(maxRetries=15, sleepTime=1000 MILLISECONDS)
2024-07-06 11:54:30,520 [8dbb38fd-cb5c-434d-a416-d5257da8c780-EndpointStateMachineTaskThread-/127.0.0.1:15004-0 ] INFO  ipc.Client (Client.java:handleConnectionFailure(950)) - Retrying connect to server: localhost/127.0.0.1:15004. Already tried 12 time(s); retry policy is RetryUpToMaximumCountWithFixedSleep(maxRetries=15, sleepTime=1000 MILLISECONDS)
2024-07-06 11:54:30,520 [8dbb38fd-cb5c-434d-a416-d5257da8c780-EndpointStateMachineTaskThread-/127.0.0.1:15012-0 ] INFO  ipc.Client (Client.java:handleConnectionFailure(950)) - Retrying connect to server: localhost/127.0.0.1:15012. Already tried 13 time(s); retry policy is RetryUpToMaximumCountWithFixedSleep(maxRetries=15, sleepTime=1000 MILLISECONDS)
2024-07-06 11:54:30,521 [8dbb38fd-cb5c-434d-a416-d5257da8c780-EndpointStateMachineTaskThread-/127.0.0.1:15020-0 ] INFO  ipc.Client (Client.java:handleConnectionFailure(950)) - Retrying connect to server: localhost/127.0.0.1:15020. Already tried 13 time(s); retry policy is RetryUpToMaximumCountWithFixedSleep(maxRetries=15, sleepTime=1000 MILLISECONDS)
2024-07-06 11:54:30,535 [eb39f61f-e86a-4779-8e52-f95c095d9393-EndpointStateMachineTaskThread-/127.0.0.1:15012-0 ] INFO  ipc.Client (Client.java:handleConnectionFailure(950)) - Retrying connect to server: localhost/127.0.0.1:15012. Already tried 14 time(s); retry policy is RetryUpToMaximumCountWithFixedSleep(maxRetries=15, sleepTime=1000 MILLISECONDS)
2024-07-06 11:54:30,536 [eb39f61f-e86a-4779-8e52-f95c095d9393-EndpointStateMachineTaskThread-/127.0.0.1:15012-0 ] WARN  statemachine.EndpointStateMachine (EndpointStateMachine.java:logIfNeeded(242)) - Unable to communicate to SCM server at localhost:15012 for past 0 seconds.
java.net.ConnectException: Call From fv-az1041-405/10.1.0.11 to localhost:15012 failed on connection exception: java.net.ConnectException: Connection refused; For more details see:  http://wiki.apache.org/hadoop/ConnectionRefused
	at java.base/jdk.internal.reflect.GeneratedConstructorAccessor58.newInstance(Unknown Source)
	at java.base/jdk.internal.reflect.DelegatingConstructorAccessorImpl.newInstance(DelegatingConstructorAccessorImpl.java:45)
	at java.base/java.lang.reflect.Constructor.newInstanceWithCaller(Constructor.java:499)
	at java.base/java.lang.reflect.Constructor.newInstance(Constructor.java:480)
	at org.apache.hadoop.net.NetUtils.wrapWithMessage(NetUtils.java:930)
	at org.apache.hadoop.net.NetUtils.wrapException(NetUtils.java:845)
	at org.apache.hadoop.ipc.Client.getRpcResponse(Client.java:1571)
	at org.apache.hadoop.ipc.Client.call(Client.java:1513)
	at org.apache.hadoop.ipc.Client.call(Client.java:1410)
	at org.apache.hadoop.ipc.ProtobufRpcEngine$Invoker.invoke(ProtobufRpcEngine.java:250)
	at org.apache.hadoop.ipc.ProtobufRpcEngine$Invoker.invoke(ProtobufRpcEngine.java:132)
	at jdk.proxy2/jdk.proxy2.$Proxy69.submitRequest(Unknown Source)
	at org.apache.hadoop.ozone.protocolPB.StorageContainerDatanodeProtocolClientSideTranslatorPB.submitRequest(StorageContainerDatanodeProtocolClientSideTranslatorPB.java:117)
	at org.apache.hadoop.ozone.protocolPB.StorageContainerDatanodeProtocolClientSideTranslatorPB.sendHeartbeat(StorageContainerDatanodeProtocolClientSideTranslatorPB.java:149)
	at org.apache.hadoop.ozone.container.common.states.endpoint.HeartbeatEndpointTask.call(HeartbeatEndpointTask.java:183)
	at org.apache.hadoop.ozone.container.common.states.endpoint.HeartbeatEndpointTask.call(HeartbeatEndpointTask.java:87)
	at java.base/java.util.concurrent.FutureTask.run(FutureTask.java:264)
	at java.base/java.util.concurrent.ThreadPoolExecutor.runWorker(ThreadPoolExecutor.java:1136)
	at java.base/java.util.concurrent.ThreadPoolExecutor$Worker.run(ThreadPoolExecutor.java:635)
	at java.base/java.lang.Thread.run(Thread.java:840)
Caused by: java.net.ConnectException: Connection refused
	at java.base/sun.nio.ch.Net.pollConnect(Native Method)
	at java.base/sun.nio.ch.Net.pollConnectNow(Net.java:672)
	at java.base/sun.nio.ch.SocketChannelImpl.finishConnect(SocketChannelImpl.java:946)
	at org.apache.hadoop.net.SocketIOWithTimeout.connect(SocketIOWithTimeout.java:205)
	at org.apache.hadoop.net.NetUtils.connect(NetUtils.java:600)
	at org.apache.hadoop.ipc.Client$Connection.setupConnection(Client.java:652)
	at org.apache.hadoop.ipc.Client$Connection.setupIOstreams(Client.java:773)
	at org.apache.hadoop.ipc.Client$Connection.access$3800(Client.java:347)
	at org.apache.hadoop.ipc.Client.getConnection(Client.java:1632)
	at org.apache.hadoop.ipc.Client.call(Client.java:1457)
	... 12 more
2024-07-06 11:54:30,673 [SecretKeyPoller] INFO  retry.RetryInvocationHandler (RetryInvocationHandler.java:log(422)) - com.google.protobuf.ServiceException: java.net.ConnectException: Call From fv-az1041-405/10.1.0.11 to localhost:15010 failed on connection exception: java.net.ConnectException: Connection refused; For more details see:  http://wiki.apache.org/hadoop/ConnectionRefused, while invoking $Proxy68.submitRequest over nodeId=scmNode-2,nodeAddress=/127.0.0.1:15010 after 7 failover attempts. Trying to failover after sleeping for 2000ms. Current retry count: 7.
2024-07-06 11:54:30,673 [SecretKeyPoller] INFO  retry.RetryInvocationHandler (RetryInvocationHandler.java:log(422)) - com.google.protobuf.ServiceException: java.net.ConnectException: Call From fv-az1041-405/10.1.0.11 to localhost:15010 failed on connection exception: java.net.ConnectException: Connection refused; For more details see:  http://wiki.apache.org/hadoop/ConnectionRefused, while invoking $Proxy68.submitRequest over nodeId=scmNode-2,nodeAddress=/127.0.0.1:15010 after 7 failover attempts. Trying to failover after sleeping for 2000ms. Current retry count: 7.
2024-07-06 11:54:30,673 [SecretKeyPoller] INFO  retry.RetryInvocationHandler (RetryInvocationHandler.java:log(422)) - com.google.protobuf.ServiceException: java.net.ConnectException: Call From fv-az1041-405/10.1.0.11 to localhost:15010 failed on connection exception: java.net.ConnectException: Connection refused; For more details see:  http://wiki.apache.org/hadoop/ConnectionRefused, while invoking $Proxy68.submitRequest over nodeId=scmNode-2,nodeAddress=/127.0.0.1:15010 after 7 failover attempts. Trying to failover after sleeping for 2000ms. Current retry count: 7.
2024-07-06 11:54:31,044 [0cfa5fef-e387-4d03-8755-cac648de9f82-EndpointStateMachineTaskThread-/127.0.0.1:15004-0 ] INFO  ipc.Client (Client.java:handleConnectionFailure(950)) - Retrying connect to server: localhost/127.0.0.1:15004. Already tried 13 time(s); retry policy is RetryUpToMaximumCountWithFixedSleep(maxRetries=15, sleepTime=1000 MILLISECONDS)
2024-07-06 11:54:31,044 [0cfa5fef-e387-4d03-8755-cac648de9f82-EndpointStateMachineTaskThread-/127.0.0.1:15020-0 ] INFO  ipc.Client (Client.java:handleConnectionFailure(950)) - Retrying connect to server: localhost/127.0.0.1:15020. Already tried 14 time(s); retry policy is RetryUpToMaximumCountWithFixedSleep(maxRetries=15, sleepTime=1000 MILLISECONDS)
2024-07-06 11:54:31,045 [0cfa5fef-e387-4d03-8755-cac648de9f82-EndpointStateMachineTaskThread-/127.0.0.1:15020-0 ] WARN  statemachine.EndpointStateMachine (EndpointStateMachine.java:logIfNeeded(242)) - Unable to communicate to SCM server at localhost:15020 for past 0 seconds.
java.net.ConnectException: Call From fv-az1041-405/10.1.0.11 to localhost:15020 failed on connection exception: java.net.ConnectException: Connection refused; For more details see:  http://wiki.apache.org/hadoop/ConnectionRefused
	at java.base/jdk.internal.reflect.GeneratedConstructorAccessor58.newInstance(Unknown Source)
	at java.base/jdk.internal.reflect.DelegatingConstructorAccessorImpl.newInstance(DelegatingConstructorAccessorImpl.java:45)
	at java.base/java.lang.reflect.Constructor.newInstanceWithCaller(Constructor.java:499)
	at java.base/java.lang.reflect.Constructor.newInstance(Constructor.java:480)
	at org.apache.hadoop.net.NetUtils.wrapWithMessage(NetUtils.java:930)
	at org.apache.hadoop.net.NetUtils.wrapException(NetUtils.java:845)
	at org.apache.hadoop.ipc.Client.getRpcResponse(Client.java:1571)
	at org.apache.hadoop.ipc.Client.call(Client.java:1513)
	at org.apache.hadoop.ipc.Client.call(Client.java:1410)
	at org.apache.hadoop.ipc.ProtobufRpcEngine$Invoker.invoke(ProtobufRpcEngine.java:250)
	at org.apache.hadoop.ipc.ProtobufRpcEngine$Invoker.invoke(ProtobufRpcEngine.java:132)
	at jdk.proxy2/jdk.proxy2.$Proxy69.submitRequest(Unknown Source)
	at org.apache.hadoop.ozone.protocolPB.StorageContainerDatanodeProtocolClientSideTranslatorPB.submitRequest(StorageContainerDatanodeProtocolClientSideTranslatorPB.java:117)
	at org.apache.hadoop.ozone.protocolPB.StorageContainerDatanodeProtocolClientSideTranslatorPB.sendHeartbeat(StorageContainerDatanodeProtocolClientSideTranslatorPB.java:149)
	at org.apache.hadoop.ozone.container.common.states.endpoint.HeartbeatEndpointTask.call(HeartbeatEndpointTask.java:183)
	at org.apache.hadoop.ozone.container.common.states.endpoint.HeartbeatEndpointTask.call(HeartbeatEndpointTask.java:87)
	at java.base/java.util.concurrent.FutureTask.run(FutureTask.java:264)
	at java.base/java.util.concurrent.ThreadPoolExecutor.runWorker(ThreadPoolExecutor.java:1136)
	at java.base/java.util.concurrent.ThreadPoolExecutor$Worker.run(ThreadPoolExecutor.java:635)
	at java.base/java.lang.Thread.run(Thread.java:840)
Caused by: java.net.ConnectException: Connection refused
	at java.base/sun.nio.ch.Net.pollConnect(Native Method)
	at java.base/sun.nio.ch.Net.pollConnectNow(Net.java:672)
	at java.base/sun.nio.ch.SocketChannelImpl.finishConnect(SocketChannelImpl.java:946)
	at org.apache.hadoop.net.SocketIOWithTimeout.connect(SocketIOWithTimeout.java:205)
	at org.apache.hadoop.net.NetUtils.connect(NetUtils.java:600)
	at org.apache.hadoop.ipc.Client$Connection.setupConnection(Client.java:652)
	at org.apache.hadoop.ipc.Client$Connection.setupIOstreams(Client.java:773)
	at org.apache.hadoop.ipc.Client$Connection.access$3800(Client.java:347)
	at org.apache.hadoop.ipc.Client.getConnection(Client.java:1632)
	at org.apache.hadoop.ipc.Client.call(Client.java:1457)
	... 12 more
2024-07-06 11:54:31,521 [8dbb38fd-cb5c-434d-a416-d5257da8c780-EndpointStateMachineTaskThread-/127.0.0.1:15004-0 ] INFO  ipc.Client (Client.java:handleConnectionFailure(950)) - Retrying connect to server: localhost/127.0.0.1:15004. Already tried 13 time(s); retry policy is RetryUpToMaximumCountWithFixedSleep(maxRetries=15, sleepTime=1000 MILLISECONDS)
2024-07-06 11:54:31,521 [8dbb38fd-cb5c-434d-a416-d5257da8c780-EndpointStateMachineTaskThread-/127.0.0.1:15012-0 ] INFO  ipc.Client (Client.java:handleConnectionFailure(950)) - Retrying connect to server: localhost/127.0.0.1:15012. Already tried 14 time(s); retry policy is RetryUpToMaximumCountWithFixedSleep(maxRetries=15, sleepTime=1000 MILLISECONDS)
2024-07-06 11:54:31,521 [8dbb38fd-cb5c-434d-a416-d5257da8c780-EndpointStateMachineTaskThread-/127.0.0.1:15020-0 ] INFO  ipc.Client (Client.java:handleConnectionFailure(950)) - Retrying connect to server: localhost/127.0.0.1:15020. Already tried 14 time(s); retry policy is RetryUpToMaximumCountWithFixedSleep(maxRetries=15, sleepTime=1000 MILLISECONDS)
2024-07-06 11:54:31,536 [0cfa5fef-e387-4d03-8755-cac648de9f82-EndpointStateMachineTaskThread-/127.0.0.1:15012-0 ] INFO  ipc.Client (Client.java:handleConnectionFailure(950)) - Retrying connect to server: localhost/127.0.0.1:15012. Already tried 0 time(s); retry policy is RetryUpToMaximumCountWithFixedSleep(maxRetries=15, sleepTime=1000 MILLISECONDS)
2024-07-06 11:54:32,045 [0cfa5fef-e387-4d03-8755-cac648de9f82-EndpointStateMachineTaskThread-/127.0.0.1:15004-0 ] INFO  ipc.Client (Client.java:handleConnectionFailure(950)) - Retrying connect to server: localhost/127.0.0.1:15004. Already tried 14 time(s); retry policy is RetryUpToMaximumCountWithFixedSleep(maxRetries=15, sleepTime=1000 MILLISECONDS)
2024-07-06 11:54:32,045 [eb39f61f-e86a-4779-8e52-f95c095d9393-EndpointStateMachineTaskThread-/127.0.0.1:15020-0 ] INFO  ipc.Client (Client.java:handleConnectionFailure(950)) - Retrying connect to server: localhost/127.0.0.1:15020. Already tried 0 time(s); retry policy is RetryUpToMaximumCountWithFixedSleep(maxRetries=15, sleepTime=1000 MILLISECONDS)
2024-07-06 11:54:32,045 [0cfa5fef-e387-4d03-8755-cac648de9f82-EndpointStateMachineTaskThread-/127.0.0.1:15004-0 ] WARN  statemachine.EndpointStateMachine (EndpointStateMachine.java:logIfNeeded(242)) - Unable to communicate to SCM server at localhost:15004 for past 0 seconds.
java.net.ConnectException: Call From fv-az1041-405/10.1.0.11 to localhost:15004 failed on connection exception: java.net.ConnectException: Connection refused; For more details see:  http://wiki.apache.org/hadoop/ConnectionRefused
	at java.base/jdk.internal.reflect.GeneratedConstructorAccessor58.newInstance(Unknown Source)
	at java.base/jdk.internal.reflect.DelegatingConstructorAccessorImpl.newInstance(DelegatingConstructorAccessorImpl.java:45)
	at java.base/java.lang.reflect.Constructor.newInstanceWithCaller(Constructor.java:499)
	at java.base/java.lang.reflect.Constructor.newInstance(Constructor.java:480)
	at org.apache.hadoop.net.NetUtils.wrapWithMessage(NetUtils.java:930)
	at org.apache.hadoop.net.NetUtils.wrapException(NetUtils.java:845)
	at org.apache.hadoop.ipc.Client.getRpcResponse(Client.java:1571)
	at org.apache.hadoop.ipc.Client.call(Client.java:1513)
	at org.apache.hadoop.ipc.Client.call(Client.java:1410)
	at org.apache.hadoop.ipc.ProtobufRpcEngine$Invoker.invoke(ProtobufRpcEngine.java:250)
	at org.apache.hadoop.ipc.ProtobufRpcEngine$Invoker.invoke(ProtobufRpcEngine.java:132)
	at jdk.proxy2/jdk.proxy2.$Proxy69.submitRequest(Unknown Source)
	at org.apache.hadoop.ozone.protocolPB.StorageContainerDatanodeProtocolClientSideTranslatorPB.submitRequest(StorageContainerDatanodeProtocolClientSideTranslatorPB.java:117)
	at org.apache.hadoop.ozone.protocolPB.StorageContainerDatanodeProtocolClientSideTranslatorPB.sendHeartbeat(StorageContainerDatanodeProtocolClientSideTranslatorPB.java:149)
	at org.apache.hadoop.ozone.container.common.states.endpoint.HeartbeatEndpointTask.call(HeartbeatEndpointTask.java:183)
	at org.apache.hadoop.ozone.container.common.states.endpoint.HeartbeatEndpointTask.call(HeartbeatEndpointTask.java:87)
	at java.base/java.util.concurrent.FutureTask.run(FutureTask.java:264)
	at java.base/java.util.concurrent.ThreadPoolExecutor.runWorker(ThreadPoolExecutor.java:1136)
	at java.base/java.util.concurrent.ThreadPoolExecutor$Worker.run(ThreadPoolExecutor.java:635)
	at java.base/java.lang.Thread.run(Thread.java:840)
Caused by: java.net.ConnectException: Connection refused
	at java.base/sun.nio.ch.Net.pollConnect(Native Method)
	at java.base/sun.nio.ch.Net.pollConnectNow(Net.java:672)
	at java.base/sun.nio.ch.SocketChannelImpl.finishConnect(SocketChannelImpl.java:946)
	at org.apache.hadoop.net.SocketIOWithTimeout.connect(SocketIOWithTimeout.java:205)
	at org.apache.hadoop.net.NetUtils.connect(NetUtils.java:600)
	at org.apache.hadoop.ipc.Client$Connection.setupConnection(Client.java:652)
	at org.apache.hadoop.ipc.Client$Connection.setupIOstreams(Client.java:773)
	at org.apache.hadoop.ipc.Client$Connection.access$3800(Client.java:347)
	at org.apache.hadoop.ipc.Client.getConnection(Client.java:1632)
	at org.apache.hadoop.ipc.Client.call(Client.java:1457)
	... 12 more
2024-07-06 11:54:32,521 [8dbb38fd-cb5c-434d-a416-d5257da8c780-EndpointStateMachineTaskThread-/127.0.0.1:15004-0 ] INFO  ipc.Client (Client.java:handleConnectionFailure(950)) - Retrying connect to server: localhost/127.0.0.1:15004. Already tried 14 time(s); retry policy is RetryUpToMaximumCountWithFixedSleep(maxRetries=15, sleepTime=1000 MILLISECONDS)
2024-07-06 11:54:32,522 [8dbb38fd-cb5c-434d-a416-d5257da8c780-EndpointStateMachineTaskThread-/127.0.0.1:15012-0 ] INFO  ipc.Client (Client.java:handleConnectionFailure(950)) - Retrying connect to server: localhost/127.0.0.1:15012. Already tried 0 time(s); retry policy is RetryUpToMaximumCountWithFixedSleep(maxRetries=15, sleepTime=1000 MILLISECONDS)
2024-07-06 11:54:32,522 [8dbb38fd-cb5c-434d-a416-d5257da8c780-EndpointStateMachineTaskThread-/127.0.0.1:15020-0 ] INFO  ipc.Client (Client.java:handleConnectionFailure(950)) - Retrying connect to server: localhost/127.0.0.1:15020. Already tried 0 time(s); retry policy is RetryUpToMaximumCountWithFixedSleep(maxRetries=15, sleepTime=1000 MILLISECONDS)
2024-07-06 11:54:32,536 [0cfa5fef-e387-4d03-8755-cac648de9f82-EndpointStateMachineTaskThread-/127.0.0.1:15012-0 ] INFO  ipc.Client (Client.java:handleConnectionFailure(950)) - Retrying connect to server: localhost/127.0.0.1:15012. Already tried 1 time(s); retry policy is RetryUpToMaximumCountWithFixedSleep(maxRetries=15, sleepTime=1000 MILLISECONDS)
2024-07-06 11:54:32,674 [SecretKeyPoller] INFO  retry.RetryInvocationHandler (RetryInvocationHandler.java:log(422)) - com.google.protobuf.ServiceException: java.net.ConnectException: Call From fv-az1041-405/10.1.0.11 to localhost:15018 failed on connection exception: java.net.ConnectException: Connection refused; For more details see:  http://wiki.apache.org/hadoop/ConnectionRefused, while invoking $Proxy68.submitRequest over nodeId=scmNode-3,nodeAddress=/127.0.0.1:15018 after 8 failover attempts. Trying to failover after sleeping for 2000ms. Current retry count: 8.
2024-07-06 11:54:32,674 [SecretKeyPoller] INFO  retry.RetryInvocationHandler (RetryInvocationHandler.java:log(422)) - com.google.protobuf.ServiceException: java.net.ConnectException: Call From fv-az1041-405/10.1.0.11 to localhost:15018 failed on connection exception: java.net.ConnectException: Connection refused; For more details see:  http://wiki.apache.org/hadoop/ConnectionRefused, while invoking $Proxy68.submitRequest over nodeId=scmNode-3,nodeAddress=/127.0.0.1:15018 after 8 failover attempts. Trying to failover after sleeping for 2000ms. Current retry count: 8.
2024-07-06 11:54:32,675 [SecretKeyPoller] INFO  retry.RetryInvocationHandler (RetryInvocationHandler.java:log(422)) - com.google.protobuf.ServiceException: java.net.ConnectException: Call From fv-az1041-405/10.1.0.11 to localhost:15018 failed on connection exception: java.net.ConnectException: Connection refused; For more details see:  http://wiki.apache.org/hadoop/ConnectionRefused, while invoking $Proxy68.submitRequest over nodeId=scmNode-3,nodeAddress=/127.0.0.1:15018 after 8 failover attempts. Trying to failover after sleeping for 2000ms. Current retry count: 8.
2024-07-06 11:54:33,046 [eb39f61f-e86a-4779-8e52-f95c095d9393-EndpointStateMachineTaskThread-/127.0.0.1:15020-0 ] INFO  ipc.Client (Client.java:handleConnectionFailure(950)) - Retrying connect to server: localhost/127.0.0.1:15020. Already tried 1 time(s); retry policy is RetryUpToMaximumCountWithFixedSleep(maxRetries=15, sleepTime=1000 MILLISECONDS)
2024-07-06 11:54:33,046 [eb39f61f-e86a-4779-8e52-f95c095d9393-EndpointStateMachineTaskThread-/127.0.0.1:15004-0 ] INFO  ipc.Client (Client.java:handleConnectionFailure(950)) - Retrying connect to server: localhost/127.0.0.1:15004. Already tried 0 time(s); retry policy is RetryUpToMaximumCountWithFixedSleep(maxRetries=15, sleepTime=1000 MILLISECONDS)
2024-07-06 11:54:33,523 [8dbb38fd-cb5c-434d-a416-d5257da8c780-EndpointStateMachineTaskThread-/127.0.0.1:15012-0 ] INFO  ipc.Client (Client.java:handleConnectionFailure(950)) - Retrying connect to server: localhost/127.0.0.1:15012. Already tried 1 time(s); retry policy is RetryUpToMaximumCountWithFixedSleep(maxRetries=15, sleepTime=1000 MILLISECONDS)
2024-07-06 11:54:33,523 [8dbb38fd-cb5c-434d-a416-d5257da8c780-EndpointStateMachineTaskThread-/127.0.0.1:15020-0 ] INFO  ipc.Client (Client.java:handleConnectionFailure(950)) - Retrying connect to server: localhost/127.0.0.1:15020. Already tried 1 time(s); retry policy is RetryUpToMaximumCountWithFixedSleep(maxRetries=15, sleepTime=1000 MILLISECONDS)
2024-07-06 11:54:33,537 [0cfa5fef-e387-4d03-8755-cac648de9f82-EndpointStateMachineTaskThread-/127.0.0.1:15012-0 ] INFO  ipc.Client (Client.java:handleConnectionFailure(950)) - Retrying connect to server: localhost/127.0.0.1:15012. Already tried 2 time(s); retry policy is RetryUpToMaximumCountWithFixedSleep(maxRetries=15, sleepTime=1000 MILLISECONDS)
2024-07-06 11:54:34,046 [eb39f61f-e86a-4779-8e52-f95c095d9393-EndpointStateMachineTaskThread-/127.0.0.1:15020-0 ] INFO  ipc.Client (Client.java:handleConnectionFailure(950)) - Retrying connect to server: localhost/127.0.0.1:15020. Already tried 2 time(s); retry policy is RetryUpToMaximumCountWithFixedSleep(maxRetries=15, sleepTime=1000 MILLISECONDS)
2024-07-06 11:54:34,046 [eb39f61f-e86a-4779-8e52-f95c095d9393-EndpointStateMachineTaskThread-/127.0.0.1:15004-0 ] INFO  ipc.Client (Client.java:handleConnectionFailure(950)) - Retrying connect to server: localhost/127.0.0.1:15004. Already tried 1 time(s); retry policy is RetryUpToMaximumCountWithFixedSleep(maxRetries=15, sleepTime=1000 MILLISECONDS)
2024-07-06 11:54:34,523 [8dbb38fd-cb5c-434d-a416-d5257da8c780-EndpointStateMachineTaskThread-/127.0.0.1:15012-0 ] INFO  ipc.Client (Client.java:handleConnectionFailure(950)) - Retrying connect to server: localhost/127.0.0.1:15012. Already tried 2 time(s); retry policy is RetryUpToMaximumCountWithFixedSleep(maxRetries=15, sleepTime=1000 MILLISECONDS)
2024-07-06 11:54:34,523 [8dbb38fd-cb5c-434d-a416-d5257da8c780-EndpointStateMachineTaskThread-/127.0.0.1:15020-0 ] INFO  ipc.Client (Client.java:handleConnectionFailure(950)) - Retrying connect to server: localhost/127.0.0.1:15020. Already tried 2 time(s); retry policy is RetryUpToMaximumCountWithFixedSleep(maxRetries=15, sleepTime=1000 MILLISECONDS)
2024-07-06 11:54:34,537 [0cfa5fef-e387-4d03-8755-cac648de9f82-EndpointStateMachineTaskThread-/127.0.0.1:15012-0 ] INFO  ipc.Client (Client.java:handleConnectionFailure(950)) - Retrying connect to server: localhost/127.0.0.1:15012. Already tried 3 time(s); retry policy is RetryUpToMaximumCountWithFixedSleep(maxRetries=15, sleepTime=1000 MILLISECONDS)
2024-07-06 11:54:34,675 [SecretKeyPoller] INFO  retry.RetryInvocationHandler (RetryInvocationHandler.java:log(422)) - com.google.protobuf.ServiceException: java.net.ConnectException: Call From fv-az1041-405/10.1.0.11 to localhost:15002 failed on connection exception: java.net.ConnectException: Connection refused; For more details see:  http://wiki.apache.org/hadoop/ConnectionRefused, while invoking $Proxy68.submitRequest over nodeId=scmNode-1,nodeAddress=/127.0.0.1:15002 after 9 failover attempts. Trying to failover after sleeping for 2000ms. Current retry count: 9.
2024-07-06 11:54:34,675 [SecretKeyPoller] INFO  retry.RetryInvocationHandler (RetryInvocationHandler.java:log(422)) - com.google.protobuf.ServiceException: java.net.ConnectException: Call From fv-az1041-405/10.1.0.11 to localhost:15002 failed on connection exception: java.net.ConnectException: Connection refused; For more details see:  http://wiki.apache.org/hadoop/ConnectionRefused, while invoking $Proxy68.submitRequest over nodeId=scmNode-1,nodeAddress=/127.0.0.1:15002 after 9 failover attempts. Trying to failover after sleeping for 2000ms. Current retry count: 9.
2024-07-06 11:54:34,675 [SecretKeyPoller] INFO  retry.RetryInvocationHandler (RetryInvocationHandler.java:log(422)) - com.google.protobuf.ServiceException: java.net.ConnectException: Call From fv-az1041-405/10.1.0.11 to localhost:15002 failed on connection exception: java.net.ConnectException: Connection refused; For more details see:  http://wiki.apache.org/hadoop/ConnectionRefused, while invoking $Proxy68.submitRequest over nodeId=scmNode-1,nodeAddress=/127.0.0.1:15002 after 9 failover attempts. Trying to failover after sleeping for 2000ms. Current retry count: 9.
2024-07-06 11:54:35,047 [eb39f61f-e86a-4779-8e52-f95c095d9393-EndpointStateMachineTaskThread-/127.0.0.1:15020-0 ] INFO  ipc.Client (Client.java:handleConnectionFailure(950)) - Retrying connect to server: localhost/127.0.0.1:15020. Already tried 3 time(s); retry policy is RetryUpToMaximumCountWithFixedSleep(maxRetries=15, sleepTime=1000 MILLISECONDS)
2024-07-06 11:54:35,047 [eb39f61f-e86a-4779-8e52-f95c095d9393-EndpointStateMachineTaskThread-/127.0.0.1:15004-0 ] INFO  ipc.Client (Client.java:handleConnectionFailure(950)) - Retrying connect to server: localhost/127.0.0.1:15004. Already tried 2 time(s); retry policy is RetryUpToMaximumCountWithFixedSleep(maxRetries=15, sleepTime=1000 MILLISECONDS)
2024-07-06 11:54:35,524 [8dbb38fd-cb5c-434d-a416-d5257da8c780-EndpointStateMachineTaskThread-/127.0.0.1:15020-0 ] INFO  ipc.Client (Client.java:handleConnectionFailure(950)) - Retrying connect to server: localhost/127.0.0.1:15020. Already tried 3 time(s); retry policy is RetryUpToMaximumCountWithFixedSleep(maxRetries=15, sleepTime=1000 MILLISECONDS)
2024-07-06 11:54:35,524 [8dbb38fd-cb5c-434d-a416-d5257da8c780-EndpointStateMachineTaskThread-/127.0.0.1:15012-0 ] INFO  ipc.Client (Client.java:handleConnectionFailure(950)) - Retrying connect to server: localhost/127.0.0.1:15012. Already tried 3 time(s); retry policy is RetryUpToMaximumCountWithFixedSleep(maxRetries=15, sleepTime=1000 MILLISECONDS)
2024-07-06 11:54:35,538 [0cfa5fef-e387-4d03-8755-cac648de9f82-EndpointStateMachineTaskThread-/127.0.0.1:15012-0 ] INFO  ipc.Client (Client.java:handleConnectionFailure(950)) - Retrying connect to server: localhost/127.0.0.1:15012. Already tried 4 time(s); retry policy is RetryUpToMaximumCountWithFixedSleep(maxRetries=15, sleepTime=1000 MILLISECONDS)
2024-07-06 11:54:36,047 [eb39f61f-e86a-4779-8e52-f95c095d9393-EndpointStateMachineTaskThread-/127.0.0.1:15020-0 ] INFO  ipc.Client (Client.java:handleConnectionFailure(950)) - Retrying connect to server: localhost/127.0.0.1:15020. Already tried 4 time(s); retry policy is RetryUpToMaximumCountWithFixedSleep(maxRetries=15, sleepTime=1000 MILLISECONDS)
2024-07-06 11:54:36,047 [eb39f61f-e86a-4779-8e52-f95c095d9393-EndpointStateMachineTaskThread-/127.0.0.1:15004-0 ] INFO  ipc.Client (Client.java:handleConnectionFailure(950)) - Retrying connect to server: localhost/127.0.0.1:15004. Already tried 3 time(s); retry policy is RetryUpToMaximumCountWithFixedSleep(maxRetries=15, sleepTime=1000 MILLISECONDS)
2024-07-06 11:54:36,524 [8dbb38fd-cb5c-434d-a416-d5257da8c780-EndpointStateMachineTaskThread-/127.0.0.1:15020-0 ] INFO  ipc.Client (Client.java:handleConnectionFailure(950)) - Retrying connect to server: localhost/127.0.0.1:15020. Already tried 4 time(s); retry policy is RetryUpToMaximumCountWithFixedSleep(maxRetries=15, sleepTime=1000 MILLISECONDS)
2024-07-06 11:54:36,524 [8dbb38fd-cb5c-434d-a416-d5257da8c780-EndpointStateMachineTaskThread-/127.0.0.1:15012-0 ] INFO  ipc.Client (Client.java:handleConnectionFailure(950)) - Retrying connect to server: localhost/127.0.0.1:15012. Already tried 4 time(s); retry policy is RetryUpToMaximumCountWithFixedSleep(maxRetries=15, sleepTime=1000 MILLISECONDS)
2024-07-06 11:54:36,538 [0cfa5fef-e387-4d03-8755-cac648de9f82-EndpointStateMachineTaskThread-/127.0.0.1:15012-0 ] INFO  ipc.Client (Client.java:handleConnectionFailure(950)) - Retrying connect to server: localhost/127.0.0.1:15012. Already tried 5 time(s); retry policy is RetryUpToMaximumCountWithFixedSleep(maxRetries=15, sleepTime=1000 MILLISECONDS)
2024-07-06 11:54:36,676 [SecretKeyPoller] INFO  retry.RetryInvocationHandler (RetryInvocationHandler.java:log(422)) - com.google.protobuf.ServiceException: java.net.ConnectException: Call From fv-az1041-405/10.1.0.11 to localhost:15010 failed on connection exception: java.net.ConnectException: Connection refused; For more details see:  http://wiki.apache.org/hadoop/ConnectionRefused, while invoking $Proxy68.submitRequest over nodeId=scmNode-2,nodeAddress=/127.0.0.1:15010 after 10 failover attempts. Trying to failover after sleeping for 2000ms. Current retry count: 10.
2024-07-06 11:54:36,677 [SecretKeyPoller] INFO  retry.RetryInvocationHandler (RetryInvocationHandler.java:log(422)) - com.google.protobuf.ServiceException: java.net.ConnectException: Call From fv-az1041-405/10.1.0.11 to localhost:15010 failed on connection exception: java.net.ConnectException: Connection refused; For more details see:  http://wiki.apache.org/hadoop/ConnectionRefused, while invoking $Proxy68.submitRequest over nodeId=scmNode-2,nodeAddress=/127.0.0.1:15010 after 10 failover attempts. Trying to failover after sleeping for 2000ms. Current retry count: 10.
2024-07-06 11:54:36,677 [SecretKeyPoller] INFO  retry.RetryInvocationHandler (RetryInvocationHandler.java:log(422)) - com.google.protobuf.ServiceException: java.net.ConnectException: Call From fv-az1041-405/10.1.0.11 to localhost:15010 failed on connection exception: java.net.ConnectException: Connection refused; For more details see:  http://wiki.apache.org/hadoop/ConnectionRefused, while invoking $Proxy68.submitRequest over nodeId=scmNode-2,nodeAddress=/127.0.0.1:15010 after 10 failover attempts. Trying to failover after sleeping for 2000ms. Current retry count: 10.
2024-07-06 11:54:37,048 [eb39f61f-e86a-4779-8e52-f95c095d9393-EndpointStateMachineTaskThread-/127.0.0.1:15020-0 ] INFO  ipc.Client (Client.java:handleConnectionFailure(950)) - Retrying connect to server: localhost/127.0.0.1:15020. Already tried 5 time(s); retry policy is RetryUpToMaximumCountWithFixedSleep(maxRetries=15, sleepTime=1000 MILLISECONDS)
2024-07-06 11:54:37,048 [eb39f61f-e86a-4779-8e52-f95c095d9393-EndpointStateMachineTaskThread-/127.0.0.1:15004-0 ] INFO  ipc.Client (Client.java:handleConnectionFailure(950)) - Retrying connect to server: localhost/127.0.0.1:15004. Already tried 4 time(s); retry policy is RetryUpToMaximumCountWithFixedSleep(maxRetries=15, sleepTime=1000 MILLISECONDS)
2024-07-06 11:54:37,525 [8dbb38fd-cb5c-434d-a416-d5257da8c780-EndpointStateMachineTaskThread-/127.0.0.1:15020-0 ] INFO  ipc.Client (Client.java:handleConnectionFailure(950)) - Retrying connect to server: localhost/127.0.0.1:15020. Already tried 5 time(s); retry policy is RetryUpToMaximumCountWithFixedSleep(maxRetries=15, sleepTime=1000 MILLISECONDS)
2024-07-06 11:54:37,525 [8dbb38fd-cb5c-434d-a416-d5257da8c780-EndpointStateMachineTaskThread-/127.0.0.1:15012-0 ] INFO  ipc.Client (Client.java:handleConnectionFailure(950)) - Retrying connect to server: localhost/127.0.0.1:15012. Already tried 5 time(s); retry policy is RetryUpToMaximumCountWithFixedSleep(maxRetries=15, sleepTime=1000 MILLISECONDS)
2024-07-06 11:54:37,538 [0cfa5fef-e387-4d03-8755-cac648de9f82-EndpointStateMachineTaskThread-/127.0.0.1:15012-0 ] INFO  ipc.Client (Client.java:handleConnectionFailure(950)) - Retrying connect to server: localhost/127.0.0.1:15012. Already tried 6 time(s); retry policy is RetryUpToMaximumCountWithFixedSleep(maxRetries=15, sleepTime=1000 MILLISECONDS)
2024-07-06 11:54:38,048 [eb39f61f-e86a-4779-8e52-f95c095d9393-EndpointStateMachineTaskThread-/127.0.0.1:15020-0 ] INFO  ipc.Client (Client.java:handleConnectionFailure(950)) - Retrying connect to server: localhost/127.0.0.1:15020. Already tried 6 time(s); retry policy is RetryUpToMaximumCountWithFixedSleep(maxRetries=15, sleepTime=1000 MILLISECONDS)
2024-07-06 11:54:38,048 [eb39f61f-e86a-4779-8e52-f95c095d9393-EndpointStateMachineTaskThread-/127.0.0.1:15004-0 ] INFO  ipc.Client (Client.java:handleConnectionFailure(950)) - Retrying connect to server: localhost/127.0.0.1:15004. Already tried 5 time(s); retry policy is RetryUpToMaximumCountWithFixedSleep(maxRetries=15, sleepTime=1000 MILLISECONDS)
2024-07-06 11:54:38,525 [8dbb38fd-cb5c-434d-a416-d5257da8c780-EndpointStateMachineTaskThread-/127.0.0.1:15020-0 ] INFO  ipc.Client (Client.java:handleConnectionFailure(950)) - Retrying connect to server: localhost/127.0.0.1:15020. Already tried 6 time(s); retry policy is RetryUpToMaximumCountWithFixedSleep(maxRetries=15, sleepTime=1000 MILLISECONDS)
2024-07-06 11:54:38,525 [8dbb38fd-cb5c-434d-a416-d5257da8c780-EndpointStateMachineTaskThread-/127.0.0.1:15012-0 ] INFO  ipc.Client (Client.java:handleConnectionFailure(950)) - Retrying connect to server: localhost/127.0.0.1:15012. Already tried 6 time(s); retry policy is RetryUpToMaximumCountWithFixedSleep(maxRetries=15, sleepTime=1000 MILLISECONDS)
2024-07-06 11:54:38,539 [0cfa5fef-e387-4d03-8755-cac648de9f82-EndpointStateMachineTaskThread-/127.0.0.1:15012-0 ] INFO  ipc.Client (Client.java:handleConnectionFailure(950)) - Retrying connect to server: localhost/127.0.0.1:15012. Already tried 7 time(s); retry policy is RetryUpToMaximumCountWithFixedSleep(maxRetries=15, sleepTime=1000 MILLISECONDS)
2024-07-06 11:54:38,677 [SecretKeyPoller] INFO  retry.RetryInvocationHandler (RetryInvocationHandler.java:log(422)) - com.google.protobuf.ServiceException: java.net.ConnectException: Call From fv-az1041-405/10.1.0.11 to localhost:15018 failed on connection exception: java.net.ConnectException: Connection refused; For more details see:  http://wiki.apache.org/hadoop/ConnectionRefused, while invoking $Proxy68.submitRequest over nodeId=scmNode-3,nodeAddress=/127.0.0.1:15018 after 11 failover attempts. Trying to failover after sleeping for 2000ms. Current retry count: 11.
2024-07-06 11:54:38,677 [SecretKeyPoller] INFO  retry.RetryInvocationHandler (RetryInvocationHandler.java:log(422)) - com.google.protobuf.ServiceException: java.net.ConnectException: Call From fv-az1041-405/10.1.0.11 to localhost:15018 failed on connection exception: java.net.ConnectException: Connection refused; For more details see:  http://wiki.apache.org/hadoop/ConnectionRefused, while invoking $Proxy68.submitRequest over nodeId=scmNode-3,nodeAddress=/127.0.0.1:15018 after 11 failover attempts. Trying to failover after sleeping for 2000ms. Current retry count: 11.
2024-07-06 11:54:38,677 [SecretKeyPoller] INFO  retry.RetryInvocationHandler (RetryInvocationHandler.java:log(422)) - com.google.protobuf.ServiceException: java.net.ConnectException: Call From fv-az1041-405/10.1.0.11 to localhost:15018 failed on connection exception: java.net.ConnectException: Connection refused; For more details see:  http://wiki.apache.org/hadoop/ConnectionRefused, while invoking $Proxy68.submitRequest over nodeId=scmNode-3,nodeAddress=/127.0.0.1:15018 after 11 failover attempts. Trying to failover after sleeping for 2000ms. Current retry count: 11.
2024-07-06 11:54:39,049 [eb39f61f-e86a-4779-8e52-f95c095d9393-EndpointStateMachineTaskThread-/127.0.0.1:15020-0 ] INFO  ipc.Client (Client.java:handleConnectionFailure(950)) - Retrying connect to server: localhost/127.0.0.1:15020. Already tried 7 time(s); retry policy is RetryUpToMaximumCountWithFixedSleep(maxRetries=15, sleepTime=1000 MILLISECONDS)
2024-07-06 11:54:39,049 [eb39f61f-e86a-4779-8e52-f95c095d9393-EndpointStateMachineTaskThread-/127.0.0.1:15004-0 ] INFO  ipc.Client (Client.java:handleConnectionFailure(950)) - Retrying connect to server: localhost/127.0.0.1:15004. Already tried 6 time(s); retry policy is RetryUpToMaximumCountWithFixedSleep(maxRetries=15, sleepTime=1000 MILLISECONDS)
2024-07-06 11:54:39,526 [8dbb38fd-cb5c-434d-a416-d5257da8c780-EndpointStateMachineTaskThread-/127.0.0.1:15012-0 ] INFO  ipc.Client (Client.java:handleConnectionFailure(950)) - Retrying connect to server: localhost/127.0.0.1:15012. Already tried 7 time(s); retry policy is RetryUpToMaximumCountWithFixedSleep(maxRetries=15, sleepTime=1000 MILLISECONDS)
2024-07-06 11:54:39,526 [8dbb38fd-cb5c-434d-a416-d5257da8c780-EndpointStateMachineTaskThread-/127.0.0.1:15020-0 ] INFO  ipc.Client (Client.java:handleConnectionFailure(950)) - Retrying connect to server: localhost/127.0.0.1:15020. Already tried 7 time(s); retry policy is RetryUpToMaximumCountWithFixedSleep(maxRetries=15, sleepTime=1000 MILLISECONDS)
2024-07-06 11:54:39,539 [0cfa5fef-e387-4d03-8755-cac648de9f82-EndpointStateMachineTaskThread-/127.0.0.1:15012-0 ] INFO  ipc.Client (Client.java:handleConnectionFailure(950)) - Retrying connect to server: localhost/127.0.0.1:15012. Already tried 8 time(s); retry policy is RetryUpToMaximumCountWithFixedSleep(maxRetries=15, sleepTime=1000 MILLISECONDS)
2024-07-06 11:54:40,049 [eb39f61f-e86a-4779-8e52-f95c095d9393-EndpointStateMachineTaskThread-/127.0.0.1:15020-0 ] INFO  ipc.Client (Client.java:handleConnectionFailure(950)) - Retrying connect to server: localhost/127.0.0.1:15020. Already tried 8 time(s); retry policy is RetryUpToMaximumCountWithFixedSleep(maxRetries=15, sleepTime=1000 MILLISECONDS)
2024-07-06 11:54:40,050 [eb39f61f-e86a-4779-8e52-f95c095d9393-EndpointStateMachineTaskThread-/127.0.0.1:15004-0 ] INFO  ipc.Client (Client.java:handleConnectionFailure(950)) - Retrying connect to server: localhost/127.0.0.1:15004. Already tried 7 time(s); retry policy is RetryUpToMaximumCountWithFixedSleep(maxRetries=15, sleepTime=1000 MILLISECONDS)
2024-07-06 11:54:40,526 [8dbb38fd-cb5c-434d-a416-d5257da8c780-EndpointStateMachineTaskThread-/127.0.0.1:15012-0 ] INFO  ipc.Client (Client.java:handleConnectionFailure(950)) - Retrying connect to server: localhost/127.0.0.1:15012. Already tried 8 time(s); retry policy is RetryUpToMaximumCountWithFixedSleep(maxRetries=15, sleepTime=1000 MILLISECONDS)
2024-07-06 11:54:40,526 [8dbb38fd-cb5c-434d-a416-d5257da8c780-EndpointStateMachineTaskThread-/127.0.0.1:15020-0 ] INFO  ipc.Client (Client.java:handleConnectionFailure(950)) - Retrying connect to server: localhost/127.0.0.1:15020. Already tried 8 time(s); retry policy is RetryUpToMaximumCountWithFixedSleep(maxRetries=15, sleepTime=1000 MILLISECONDS)
2024-07-06 11:54:40,540 [0cfa5fef-e387-4d03-8755-cac648de9f82-EndpointStateMachineTaskThread-/127.0.0.1:15012-0 ] INFO  ipc.Client (Client.java:handleConnectionFailure(950)) - Retrying connect to server: localhost/127.0.0.1:15012. Already tried 9 time(s); retry policy is RetryUpToMaximumCountWithFixedSleep(maxRetries=15, sleepTime=1000 MILLISECONDS)
2024-07-06 11:54:40,678 [SecretKeyPoller] INFO  retry.RetryInvocationHandler (RetryInvocationHandler.java:log(422)) - com.google.protobuf.ServiceException: java.net.ConnectException: Call From fv-az1041-405/10.1.0.11 to localhost:15002 failed on connection exception: java.net.ConnectException: Connection refused; For more details see:  http://wiki.apache.org/hadoop/ConnectionRefused, while invoking $Proxy68.submitRequest over nodeId=scmNode-1,nodeAddress=/127.0.0.1:15002 after 12 failover attempts. Trying to failover after sleeping for 2000ms. Current retry count: 12.
2024-07-06 11:54:40,678 [SecretKeyPoller] INFO  retry.RetryInvocationHandler (RetryInvocationHandler.java:log(422)) - com.google.protobuf.ServiceException: java.net.ConnectException: Call From fv-az1041-405/10.1.0.11 to localhost:15002 failed on connection exception: java.net.ConnectException: Connection refused; For more details see:  http://wiki.apache.org/hadoop/ConnectionRefused, while invoking $Proxy68.submitRequest over nodeId=scmNode-1,nodeAddress=/127.0.0.1:15002 after 12 failover attempts. Trying to failover after sleeping for 2000ms. Current retry count: 12.
2024-07-06 11:54:40,678 [SecretKeyPoller] INFO  retry.RetryInvocationHandler (RetryInvocationHandler.java:log(422)) - com.google.protobuf.ServiceException: java.net.ConnectException: Call From fv-az1041-405/10.1.0.11 to localhost:15002 failed on connection exception: java.net.ConnectException: Connection refused; For more details see:  http://wiki.apache.org/hadoop/ConnectionRefused, while invoking $Proxy68.submitRequest over nodeId=scmNode-1,nodeAddress=/127.0.0.1:15002 after 12 failover attempts. Trying to failover after sleeping for 2000ms. Current retry count: 12.
2024-07-06 11:54:41,050 [eb39f61f-e86a-4779-8e52-f95c095d9393-EndpointStateMachineTaskThread-/127.0.0.1:15020-0 ] INFO  ipc.Client (Client.java:handleConnectionFailure(950)) - Retrying connect to server: localhost/127.0.0.1:15020. Already tried 9 time(s); retry policy is RetryUpToMaximumCountWithFixedSleep(maxRetries=15, sleepTime=1000 MILLISECONDS)
2024-07-06 11:54:41,050 [eb39f61f-e86a-4779-8e52-f95c095d9393-EndpointStateMachineTaskThread-/127.0.0.1:15004-0 ] INFO  ipc.Client (Client.java:handleConnectionFailure(950)) - Retrying connect to server: localhost/127.0.0.1:15004. Already tried 8 time(s); retry policy is RetryUpToMaximumCountWithFixedSleep(maxRetries=15, sleepTime=1000 MILLISECONDS)
2024-07-06 11:54:41,527 [8dbb38fd-cb5c-434d-a416-d5257da8c780-EndpointStateMachineTaskThread-/127.0.0.1:15020-0 ] INFO  ipc.Client (Client.java:handleConnectionFailure(950)) - Retrying connect to server: localhost/127.0.0.1:15020. Already tried 9 time(s); retry policy is RetryUpToMaximumCountWithFixedSleep(maxRetries=15, sleepTime=1000 MILLISECONDS)
2024-07-06 11:54:41,527 [8dbb38fd-cb5c-434d-a416-d5257da8c780-EndpointStateMachineTaskThread-/127.0.0.1:15012-0 ] INFO  ipc.Client (Client.java:handleConnectionFailure(950)) - Retrying connect to server: localhost/127.0.0.1:15012. Already tried 9 time(s); retry policy is RetryUpToMaximumCountWithFixedSleep(maxRetries=15, sleepTime=1000 MILLISECONDS)
2024-07-06 11:54:41,540 [0cfa5fef-e387-4d03-8755-cac648de9f82-EndpointStateMachineTaskThread-/127.0.0.1:15012-0 ] INFO  ipc.Client (Client.java:handleConnectionFailure(950)) - Retrying connect to server: localhost/127.0.0.1:15012. Already tried 10 time(s); retry policy is RetryUpToMaximumCountWithFixedSleep(maxRetries=15, sleepTime=1000 MILLISECONDS)
2024-07-06 11:54:42,050 [eb39f61f-e86a-4779-8e52-f95c095d9393-EndpointStateMachineTaskThread-/127.0.0.1:15020-0 ] INFO  ipc.Client (Client.java:handleConnectionFailure(950)) - Retrying connect to server: localhost/127.0.0.1:15020. Already tried 10 time(s); retry policy is RetryUpToMaximumCountWithFixedSleep(maxRetries=15, sleepTime=1000 MILLISECONDS)
2024-07-06 11:54:42,050 [eb39f61f-e86a-4779-8e52-f95c095d9393-EndpointStateMachineTaskThread-/127.0.0.1:15004-0 ] INFO  ipc.Client (Client.java:handleConnectionFailure(950)) - Retrying connect to server: localhost/127.0.0.1:15004. Already tried 9 time(s); retry policy is RetryUpToMaximumCountWithFixedSleep(maxRetries=15, sleepTime=1000 MILLISECONDS)
2024-07-06 11:54:42,527 [8dbb38fd-cb5c-434d-a416-d5257da8c780-EndpointStateMachineTaskThread-/127.0.0.1:15020-0 ] INFO  ipc.Client (Client.java:handleConnectionFailure(950)) - Retrying connect to server: localhost/127.0.0.1:15020. Already tried 10 time(s); retry policy is RetryUpToMaximumCountWithFixedSleep(maxRetries=15, sleepTime=1000 MILLISECONDS)
2024-07-06 11:54:42,527 [8dbb38fd-cb5c-434d-a416-d5257da8c780-EndpointStateMachineTaskThread-/127.0.0.1:15012-0 ] INFO  ipc.Client (Client.java:handleConnectionFailure(950)) - Retrying connect to server: localhost/127.0.0.1:15012. Already tried 10 time(s); retry policy is RetryUpToMaximumCountWithFixedSleep(maxRetries=15, sleepTime=1000 MILLISECONDS)
2024-07-06 11:54:42,540 [0cfa5fef-e387-4d03-8755-cac648de9f82-EndpointStateMachineTaskThread-/127.0.0.1:15012-0 ] INFO  ipc.Client (Client.java:handleConnectionFailure(950)) - Retrying connect to server: localhost/127.0.0.1:15012. Already tried 11 time(s); retry policy is RetryUpToMaximumCountWithFixedSleep(maxRetries=15, sleepTime=1000 MILLISECONDS)
2024-07-06 11:54:42,679 [SecretKeyPoller] INFO  retry.RetryInvocationHandler (RetryInvocationHandler.java:log(422)) - com.google.protobuf.ServiceException: java.net.ConnectException: Call From fv-az1041-405/10.1.0.11 to localhost:15010 failed on connection exception: java.net.ConnectException: Connection refused; For more details see:  http://wiki.apache.org/hadoop/ConnectionRefused, while invoking $Proxy68.submitRequest over nodeId=scmNode-2,nodeAddress=/127.0.0.1:15010 after 13 failover attempts. Trying to failover after sleeping for 2000ms. Current retry count: 13.
2024-07-06 11:54:42,679 [SecretKeyPoller] INFO  retry.RetryInvocationHandler (RetryInvocationHandler.java:log(422)) - com.google.protobuf.ServiceException: java.net.ConnectException: Call From fv-az1041-405/10.1.0.11 to localhost:15010 failed on connection exception: java.net.ConnectException: Connection refused; For more details see:  http://wiki.apache.org/hadoop/ConnectionRefused, while invoking $Proxy68.submitRequest over nodeId=scmNode-2,nodeAddress=/127.0.0.1:15010 after 13 failover attempts. Trying to failover after sleeping for 2000ms. Current retry count: 13.
2024-07-06 11:54:42,679 [SecretKeyPoller] INFO  retry.RetryInvocationHandler (RetryInvocationHandler.java:log(422)) - com.google.protobuf.ServiceException: java.net.ConnectException: Call From fv-az1041-405/10.1.0.11 to localhost:15010 failed on connection exception: java.net.ConnectException: Connection refused; For more details see:  http://wiki.apache.org/hadoop/ConnectionRefused, while invoking $Proxy68.submitRequest over nodeId=scmNode-2,nodeAddress=/127.0.0.1:15010 after 13 failover attempts. Trying to failover after sleeping for 2000ms. Current retry count: 13.
2024-07-06 11:54:43,051 [eb39f61f-e86a-4779-8e52-f95c095d9393-EndpointStateMachineTaskThread-/127.0.0.1:15020-0 ] INFO  ipc.Client (Client.java:handleConnectionFailure(950)) - Retrying connect to server: localhost/127.0.0.1:15020. Already tried 11 time(s); retry policy is RetryUpToMaximumCountWithFixedSleep(maxRetries=15, sleepTime=1000 MILLISECONDS)
2024-07-06 11:54:43,051 [eb39f61f-e86a-4779-8e52-f95c095d9393-EndpointStateMachineTaskThread-/127.0.0.1:15004-0 ] INFO  ipc.Client (Client.java:handleConnectionFailure(950)) - Retrying connect to server: localhost/127.0.0.1:15004. Already tried 10 time(s); retry policy is RetryUpToMaximumCountWithFixedSleep(maxRetries=15, sleepTime=1000 MILLISECONDS)
2024-07-06 11:54:43,528 [8dbb38fd-cb5c-434d-a416-d5257da8c780-EndpointStateMachineTaskThread-/127.0.0.1:15020-0 ] INFO  ipc.Client (Client.java:handleConnectionFailure(950)) - Retrying connect to server: localhost/127.0.0.1:15020. Already tried 11 time(s); retry policy is RetryUpToMaximumCountWithFixedSleep(maxRetries=15, sleepTime=1000 MILLISECONDS)
2024-07-06 11:54:43,528 [8dbb38fd-cb5c-434d-a416-d5257da8c780-EndpointStateMachineTaskThread-/127.0.0.1:15012-0 ] INFO  ipc.Client (Client.java:handleConnectionFailure(950)) - Retrying connect to server: localhost/127.0.0.1:15012. Already tried 11 time(s); retry policy is RetryUpToMaximumCountWithFixedSleep(maxRetries=15, sleepTime=1000 MILLISECONDS)
2024-07-06 11:54:43,541 [0cfa5fef-e387-4d03-8755-cac648de9f82-EndpointStateMachineTaskThread-/127.0.0.1:15012-0 ] INFO  ipc.Client (Client.java:handleConnectionFailure(950)) - Retrying connect to server: localhost/127.0.0.1:15012. Already tried 12 time(s); retry policy is RetryUpToMaximumCountWithFixedSleep(maxRetries=15, sleepTime=1000 MILLISECONDS)
2024-07-06 11:54:44,051 [eb39f61f-e86a-4779-8e52-f95c095d9393-EndpointStateMachineTaskThread-/127.0.0.1:15020-0 ] INFO  ipc.Client (Client.java:handleConnectionFailure(950)) - Retrying connect to server: localhost/127.0.0.1:15020. Already tried 12 time(s); retry policy is RetryUpToMaximumCountWithFixedSleep(maxRetries=15, sleepTime=1000 MILLISECONDS)
2024-07-06 11:54:44,052 [eb39f61f-e86a-4779-8e52-f95c095d9393-EndpointStateMachineTaskThread-/127.0.0.1:15004-0 ] INFO  ipc.Client (Client.java:handleConnectionFailure(950)) - Retrying connect to server: localhost/127.0.0.1:15004. Already tried 11 time(s); retry policy is RetryUpToMaximumCountWithFixedSleep(maxRetries=15, sleepTime=1000 MILLISECONDS)
2024-07-06 11:54:44,529 [8dbb38fd-cb5c-434d-a416-d5257da8c780-EndpointStateMachineTaskThread-/127.0.0.1:15020-0 ] INFO  ipc.Client (Client.java:handleConnectionFailure(950)) - Retrying connect to server: localhost/127.0.0.1:15020. Already tried 12 time(s); retry policy is RetryUpToMaximumCountWithFixedSleep(maxRetries=15, sleepTime=1000 MILLISECONDS)
2024-07-06 11:54:44,529 [8dbb38fd-cb5c-434d-a416-d5257da8c780-EndpointStateMachineTaskThread-/127.0.0.1:15012-0 ] INFO  ipc.Client (Client.java:handleConnectionFailure(950)) - Retrying connect to server: localhost/127.0.0.1:15012. Already tried 12 time(s); retry policy is RetryUpToMaximumCountWithFixedSleep(maxRetries=15, sleepTime=1000 MILLISECONDS)
2024-07-06 11:54:44,541 [0cfa5fef-e387-4d03-8755-cac648de9f82-EndpointStateMachineTaskThread-/127.0.0.1:15012-0 ] INFO  ipc.Client (Client.java:handleConnectionFailure(950)) - Retrying connect to server: localhost/127.0.0.1:15012. Already tried 13 time(s); retry policy is RetryUpToMaximumCountWithFixedSleep(maxRetries=15, sleepTime=1000 MILLISECONDS)
2024-07-06 11:54:44,679 [SecretKeyPoller] INFO  retry.RetryInvocationHandler (RetryInvocationHandler.java:log(422)) - com.google.protobuf.ServiceException: java.net.ConnectException: Call From fv-az1041-405/10.1.0.11 to localhost:15018 failed on connection exception: java.net.ConnectException: Connection refused; For more details see:  http://wiki.apache.org/hadoop/ConnectionRefused, while invoking $Proxy68.submitRequest over nodeId=scmNode-3,nodeAddress=/127.0.0.1:15018 after 14 failover attempts. Trying to failover after sleeping for 2000ms. Current retry count: 14.
2024-07-06 11:54:44,679 [SecretKeyPoller] INFO  retry.RetryInvocationHandler (RetryInvocationHandler.java:log(422)) - com.google.protobuf.ServiceException: java.net.ConnectException: Call From fv-az1041-405/10.1.0.11 to localhost:15018 failed on connection exception: java.net.ConnectException: Connection refused; For more details see:  http://wiki.apache.org/hadoop/ConnectionRefused, while invoking $Proxy68.submitRequest over nodeId=scmNode-3,nodeAddress=/127.0.0.1:15018 after 14 failover attempts. Trying to failover after sleeping for 2000ms. Current retry count: 14.
2024-07-06 11:54:44,679 [SecretKeyPoller] INFO  retry.RetryInvocationHandler (RetryInvocationHandler.java:log(422)) - com.google.protobuf.ServiceException: java.net.ConnectException: Call From fv-az1041-405/10.1.0.11 to localhost:15018 failed on connection exception: java.net.ConnectException: Connection refused; For more details see:  http://wiki.apache.org/hadoop/ConnectionRefused, while invoking $Proxy68.submitRequest over nodeId=scmNode-3,nodeAddress=/127.0.0.1:15018 after 14 failover attempts. Trying to failover after sleeping for 2000ms. Current retry count: 14.
2024-07-06 11:54:45,052 [eb39f61f-e86a-4779-8e52-f95c095d9393-EndpointStateMachineTaskThread-/127.0.0.1:15020-0 ] INFO  ipc.Client (Client.java:handleConnectionFailure(950)) - Retrying connect to server: localhost/127.0.0.1:15020. Already tried 13 time(s); retry policy is RetryUpToMaximumCountWithFixedSleep(maxRetries=15, sleepTime=1000 MILLISECONDS)
2024-07-06 11:54:45,052 [eb39f61f-e86a-4779-8e52-f95c095d9393-EndpointStateMachineTaskThread-/127.0.0.1:15004-0 ] INFO  ipc.Client (Client.java:handleConnectionFailure(950)) - Retrying connect to server: localhost/127.0.0.1:15004. Already tried 12 time(s); retry policy is RetryUpToMaximumCountWithFixedSleep(maxRetries=15, sleepTime=1000 MILLISECONDS)
2024-07-06 11:54:45,529 [8dbb38fd-cb5c-434d-a416-d5257da8c780-EndpointStateMachineTaskThread-/127.0.0.1:15020-0 ] INFO  ipc.Client (Client.java:handleConnectionFailure(950)) - Retrying connect to server: localhost/127.0.0.1:15020. Already tried 13 time(s); retry policy is RetryUpToMaximumCountWithFixedSleep(maxRetries=15, sleepTime=1000 MILLISECONDS)
2024-07-06 11:54:45,529 [8dbb38fd-cb5c-434d-a416-d5257da8c780-EndpointStateMachineTaskThread-/127.0.0.1:15012-0 ] INFO  ipc.Client (Client.java:handleConnectionFailure(950)) - Retrying connect to server: localhost/127.0.0.1:15012. Already tried 13 time(s); retry policy is RetryUpToMaximumCountWithFixedSleep(maxRetries=15, sleepTime=1000 MILLISECONDS)
2024-07-06 11:54:45,541 [0cfa5fef-e387-4d03-8755-cac648de9f82-EndpointStateMachineTaskThread-/127.0.0.1:15012-0 ] INFO  ipc.Client (Client.java:handleConnectionFailure(950)) - Retrying connect to server: localhost/127.0.0.1:15012. Already tried 14 time(s); retry policy is RetryUpToMaximumCountWithFixedSleep(maxRetries=15, sleepTime=1000 MILLISECONDS)
2024-07-06 11:54:46,053 [eb39f61f-e86a-4779-8e52-f95c095d9393-EndpointStateMachineTaskThread-/127.0.0.1:15020-0 ] INFO  ipc.Client (Client.java:handleConnectionFailure(950)) - Retrying connect to server: localhost/127.0.0.1:15020. Already tried 14 time(s); retry policy is RetryUpToMaximumCountWithFixedSleep(maxRetries=15, sleepTime=1000 MILLISECONDS)
2024-07-06 11:54:46,053 [eb39f61f-e86a-4779-8e52-f95c095d9393-EndpointStateMachineTaskThread-/127.0.0.1:15004-0 ] INFO  ipc.Client (Client.java:handleConnectionFailure(950)) - Retrying connect to server: localhost/127.0.0.1:15004. Already tried 13 time(s); retry policy is RetryUpToMaximumCountWithFixedSleep(maxRetries=15, sleepTime=1000 MILLISECONDS)
2024-07-06 11:54:46,530 [8dbb38fd-cb5c-434d-a416-d5257da8c780-EndpointStateMachineTaskThread-/127.0.0.1:15020-0 ] INFO  ipc.Client (Client.java:handleConnectionFailure(950)) - Retrying connect to server: localhost/127.0.0.1:15020. Already tried 14 time(s); retry policy is RetryUpToMaximumCountWithFixedSleep(maxRetries=15, sleepTime=1000 MILLISECONDS)
2024-07-06 11:54:46,530 [8dbb38fd-cb5c-434d-a416-d5257da8c780-EndpointStateMachineTaskThread-/127.0.0.1:15012-0 ] INFO  ipc.Client (Client.java:handleConnectionFailure(950)) - Retrying connect to server: localhost/127.0.0.1:15012. Already tried 14 time(s); retry policy is RetryUpToMaximumCountWithFixedSleep(maxRetries=15, sleepTime=1000 MILLISECONDS)
2024-07-06 11:54:46,542 [eb39f61f-e86a-4779-8e52-f95c095d9393-EndpointStateMachineTaskThread-/127.0.0.1:15012-0 ] INFO  ipc.Client (Client.java:handleConnectionFailure(950)) - Retrying connect to server: localhost/127.0.0.1:15012. Already tried 0 time(s); retry policy is RetryUpToMaximumCountWithFixedSleep(maxRetries=15, sleepTime=1000 MILLISECONDS)
]]></system-out>
  </testcase>
  <testcase name="testSecretKeyApiNotEnabled" classname="org.apache.hadoop.hdds.scm.TestSecretKeysApi" time="32.352"/>
  <testcase name="testSecretKeyWithoutAuthorization" classname="org.apache.hadoop.hdds.scm.TestSecretKeysApi" time="31.018"/>
  <testcase name="testSecretKeyAfterSCMFailover" classname="org.apache.hadoop.hdds.scm.TestSecretKeysApi" time="54.494"/>
</testsuite>